<?xml version="1.0" encoding="UTF-8"?>
<testsuites name="AGE GATE" time="1930" tests="22" failures="14" errors="0">
   <testsuite name="AGE GATE" tests="22" failures="14" errors="0" time="1930" timestamp="2019-05-18 15:37:13" hostname="sumankompelly - 10.0.9.102" id="Test Suites/OCS- MOBILE/AGE GATE">
      <properties>
         <property name="deviceName" value=""/>
         <property name="devicePlatform" value=""/>
         <property name="logFolder" value="/Users/sumankompelly/git/Ontario-cannbis-store/Reports/OCS- MOBILE/AGE GATE/20190518_153710"/>
         <property name="logFiles" value="/Users/sumankompelly/git/Ontario-cannbis-store/Reports/OCS- MOBILE/AGE GATE/20190518_153710/execution0.log"/>
         <property name="attachments" value="/Users/sumankompelly/git/Ontario-cannbis-store/Reports/OCS- MOBILE/AGE GATE/20190518_153710/1558208256220.png, /Users/sumankompelly/git/Ontario-cannbis-store/Reports/OCS- MOBILE/AGE GATE/20190518_153710/1558208294134.png, /Users/sumankompelly/git/Ontario-cannbis-store/Reports/OCS- MOBILE/AGE GATE/20190518_153710/1558208391859.png, /Users/sumankompelly/git/Ontario-cannbis-store/Reports/OCS- MOBILE/AGE GATE/20190518_153710/1558208394398.png, /Users/sumankompelly/git/Ontario-cannbis-store/Reports/OCS- MOBILE/AGE GATE/20190518_153710/1558208484861.png, /Users/sumankompelly/git/Ontario-cannbis-store/Reports/OCS- MOBILE/AGE GATE/20190518_153710/1558208485309.png, /Users/sumankompelly/git/Ontario-cannbis-store/Reports/OCS- MOBILE/AGE GATE/20190518_153710/1558208494188.png, /Users/sumankompelly/git/Ontario-cannbis-store/Reports/OCS- MOBILE/AGE GATE/20190518_153710/1558208532380.png, /Users/sumankompelly/git/Ontario-cannbis-store/Reports/OCS- MOBILE/AGE GATE/20190518_153710/1558208572987.png, /Users/sumankompelly/git/Ontario-cannbis-store/Reports/OCS- MOBILE/AGE GATE/20190518_153710/1558208587986.png, /Users/sumankompelly/git/Ontario-cannbis-store/Reports/OCS- MOBILE/AGE GATE/20190518_153710/1558208645240.png, /Users/sumankompelly/git/Ontario-cannbis-store/Reports/OCS- MOBILE/AGE GATE/20190518_153710/1558208705869.png, /Users/sumankompelly/git/Ontario-cannbis-store/Reports/OCS- MOBILE/AGE GATE/20190518_153710/1558208743045.png, /Users/sumankompelly/git/Ontario-cannbis-store/Reports/OCS- MOBILE/AGE GATE/20190518_153710/1558209267703.png, /Users/sumankompelly/git/Ontario-cannbis-store/Reports/OCS- MOBILE/AGE GATE/20190518_153710/1558209382770.png, /Users/sumankompelly/git/Ontario-cannbis-store/Reports/OCS- MOBILE/AGE GATE/20190518_153710/1558209441430.png, /Users/sumankompelly/git/Ontario-cannbis-store/Reports/OCS- MOBILE/AGE GATE/20190518_153710/1558209505329.png, /Users/sumankompelly/git/Ontario-cannbis-store/Reports/OCS- MOBILE/AGE GATE/20190518_153710/1558209911363.png, /Users/sumankompelly/git/Ontario-cannbis-store/Reports/OCS- MOBILE/AGE GATE/20190518_153710/1558209941885.png, /Users/sumankompelly/git/Ontario-cannbis-store/Reports/OCS- MOBILE/AGE GATE/20190518_153710/1558209944592.png, /Users/sumankompelly/git/Ontario-cannbis-store/Reports/OCS- MOBILE/AGE GATE/20190518_153710/1558210152704.png"/>
         <property name="hostName" value="sumankompelly - 10.0.9.102"/>
         <property name="os" value="Mac OS X 64bit"/>
         <property name="katalonVersion" value="5.10.1.1"/>
         <property name="browser" value="Chrome 74.0.3729.157"/>
         <property name="hostAddress" value="10.0.9.102"/>
         <property name="sessionId" value="360138236083809ccfc3fd5c3247d749"/>
         <property name="seleniumVersion" value="3.7.1"/>
         <property name="proxyInformation" value="ProxyInformation{proxyOption=NO_PROXY, proxyServerType=HTTP, password=, proxyServerAddress=, proxyServerPort=0}"/>
         <property name="platform" value="Mac OS X"/>
      </properties>
      <testcase name="Test Cases/OCS - MOBILE/OCS-AGE GATE/AG- Under Age" classname="Test Cases/OCS - MOBILE/OCS-AGE GATE/AG- Under Age" status="FAILED">
         <failure type="FAILED" message="Test Cases/OCS - MOBILE/OCS-AGE GATE/AG- Under Age FAILED.
Reason:
com.kms.katalon.core.exception.StepFailedException: Unable to click on object (Root cause: java.lang.IllegalArgumentException: Object is null)
	at com.kms.katalon.core.keyword.internal.KeywordMain.stepFailed(KeywordMain.groovy:36)
	at com.kms.katalon.core.webui.keyword.internal.WebUIKeywordMain.stepFailed(WebUIKeywordMain.groovy:65)
	at com.kms.katalon.core.webui.keyword.internal.WebUIKeywordMain.runKeyword(WebUIKeywordMain.groovy:27)
	at com.kms.katalon.core.webui.keyword.builtin.ClickKeyword.click(ClickKeyword.groovy:86)
	at com.kms.katalon.core.webui.keyword.builtin.ClickKeyword.execute(ClickKeyword.groovy:67)
	at com.kms.katalon.core.keyword.internal.KeywordExecutor.executeKeywordForPlatform(KeywordExecutor.groovy:53)
	at com.kms.katalon.core.webui.keyword.WebUiBuiltInKeywords.click(WebUiBuiltInKeywords.groovy:616)
	at com.kms.katalon.core.webui.keyword.WebUiBuiltInKeywords$click$3.call(Unknown Source)
	at AG- Under Age.run(AG- Under Age:50)
	at com.kms.katalon.core.main.ScriptEngine.run(ScriptEngine.java:194)
	at com.kms.katalon.core.main.ScriptEngine.runScriptAsRawText(ScriptEngine.java:119)
	at com.kms.katalon.core.main.TestCaseExecutor.runScript(TestCaseExecutor.java:328)
	at com.kms.katalon.core.main.TestCaseExecutor.doExecute(TestCaseExecutor.java:319)
	at com.kms.katalon.core.main.TestCaseExecutor.processExecutionPhase(TestCaseExecutor.java:298)
	at com.kms.katalon.core.main.TestCaseExecutor.accessMainPhase(TestCaseExecutor.java:290)
	at com.kms.katalon.core.main.TestCaseExecutor.execute(TestCaseExecutor.java:224)
	at com.kms.katalon.core.main.TestSuiteExecutor.accessTestCaseMainPhase(TestSuiteExecutor.java:129)
	at com.kms.katalon.core.main.TestSuiteExecutor.accessTestSuiteMainPhase(TestSuiteExecutor.java:112)
	at com.kms.katalon.core.main.TestSuiteExecutor.execute(TestSuiteExecutor.java:81)
	at com.kms.katalon.core.main.TestCaseMain.startTestSuite(TestCaseMain.java:149)
	at com.kms.katalon.core.main.TestCaseMain$startTestSuite$0.call(Unknown Source)
	at TempTestSuite1558208231009.run(TempTestSuite1558208231009.groovy:36)
"/>
         <system-out><![CDATA[2019-05-18 15:37:13 - [TEST_CASE][FAILED] - Test Cases/OCS - MOBILE/OCS-AGE GATE/AG- Under Age: Test Cases/OCS - MOBILE/OCS-AGE GATE/AG- Under Age FAILED.
Reason:
com.kms.katalon.core.exception.StepFailedException: Unable to click on object (Root cause: java.lang.IllegalArgumentException: Object is null)
	at com.kms.katalon.core.keyword.internal.KeywordMain.stepFailed(KeywordMain.groovy:36)
	at com.kms.katalon.core.webui.keyword.internal.WebUIKeywordMain.stepFailed(WebUIKeywordMain.groovy:65)
	at com.kms.katalon.core.webui.keyword.internal.WebUIKeywordMain.runKeyword(WebUIKeywordMain.groovy:27)
	at com.kms.katalon.core.webui.keyword.builtin.ClickKeyword.click(ClickKeyword.groovy:86)
	at com.kms.katalon.core.webui.keyword.builtin.ClickKeyword.execute(ClickKeyword.groovy:67)
	at com.kms.katalon.core.keyword.internal.KeywordExecutor.executeKeywordForPlatform(KeywordExecutor.groovy:53)
	at com.kms.katalon.core.webui.keyword.WebUiBuiltInKeywords.click(WebUiBuiltInKeywords.groovy:616)
	at com.kms.katalon.core.webui.keyword.WebUiBuiltInKeywords$click$3.call(Unknown Source)
	at AG- Under Age.run(AG- Under Age:50)
	at com.kms.katalon.core.main.ScriptEngine.run(ScriptEngine.java:194)
	at com.kms.katalon.core.main.ScriptEngine.runScriptAsRawText(ScriptEngine.java:119)
	at com.kms.katalon.core.main.TestCaseExecutor.runScript(TestCaseExecutor.java:328)
	at com.kms.katalon.core.main.TestCaseExecutor.doExecute(TestCaseExecutor.java:319)
	at com.kms.katalon.core.main.TestCaseExecutor.processExecutionPhase(TestCaseExecutor.java:298)
	at com.kms.katalon.core.main.TestCaseExecutor.accessMainPhase(TestCaseExecutor.java:290)
	at com.kms.katalon.core.main.TestCaseExecutor.execute(TestCaseExecutor.java:224)
	at com.kms.katalon.core.main.TestSuiteExecutor.accessTestCaseMainPhase(TestSuiteExecutor.java:129)
	at com.kms.katalon.core.main.TestSuiteExecutor.accessTestSuiteMainPhase(TestSuiteExecutor.java:112)
	at com.kms.katalon.core.main.TestSuiteExecutor.execute(TestSuiteExecutor.java:81)
	at com.kms.katalon.core.main.TestCaseMain.startTestSuite(TestCaseMain.java:149)
	at com.kms.katalon.core.main.TestCaseMain$startTestSuite$0.call(Unknown Source)
	at TempTestSuite1558208231009.run(TempTestSuite1558208231009.groovy:36)


2019-05-18 15:37:14 - [TEST_STEP][PASSED] - openBrowser(""): Browser is opened with url: ''

2019-05-18 15:37:14 - [MESSAGE][INFO] - Starting 'Chrome' driver

2019-05-18 15:37:14 - [MESSAGE][INFO] - Action delay is set to 0 seconds

2019-05-18 15:37:16 - [MESSAGE][PASSED] - Browser is opened with url: ''

2019-05-18 15:37:16 - [TEST_STEP][PASSED] - navigateToUrl("https://ocs.ca/?fts=0&preview_theme_id=53373863756"): Navigate to 'https://ocs.ca/?fts=0&preview_theme_id=53373863756' successfully

2019-05-18 15:37:20 - [MESSAGE][PASSED] - Navigate to 'https://ocs.ca/?fts=0&preview_theme_id=53373863756' successfully

2019-05-18 15:37:20 - [TEST_STEP][PASSED] - setViewPortSize(360, 800): Viewport is set to new size with width = 360 and height = 800

2019-05-18 15:37:20 - [MESSAGE][PASSED] - Viewport is set to new size with width = 360 and height = 800

2019-05-18 15:37:20 - [TEST_STEP][PASSED] - delay(4): Delayed 4 second(s)

2019-05-18 15:37:24 - [MESSAGE][PASSED] - Delayed 4 second(s)

2019-05-18 15:37:24 - [TEST_STEP][PASSED] - selectOptionByValue(findTestObject("OCS-MOBILE /Age gate and burger menu/Date"), "12", true): All options with value '12' are selected in object 'Object Repository/OCS-MOBILE /Age gate and burger menu/Date'  using regular expression

2019-05-18 15:37:24 - [MESSAGE][PASSED] - All options with value '12' are selected in object 'Object Repository/OCS-MOBILE /Age gate and burger menu/Date'  using regular expression

2019-05-18 15:37:24 - [TEST_STEP][PASSED] - selectOptionByValue(findTestObject("OCS-MOBILE /Age gate and burger menu/month"), "6", true): All options with value '6' are selected in object 'Object Repository/OCS-MOBILE /Age gate and burger menu/month'  using regular expression

2019-05-18 15:37:25 - [MESSAGE][PASSED] - All options with value '6' are selected in object 'Object Repository/OCS-MOBILE /Age gate and burger menu/month'  using regular expression

2019-05-18 15:37:25 - [TEST_STEP][PASSED] - delay(2): Delayed 2 second(s)

2019-05-18 15:37:27 - [MESSAGE][PASSED] - Delayed 2 second(s)

2019-05-18 15:37:27 - [TEST_STEP][PASSED] - selectOptionByValue(findTestObject("OCS-MOBILE /Age gate and burger menu/Year Dropdown"), "2017", true): All options with value '2017' are selected in object 'Object Repository/OCS-MOBILE /Age gate and burger menu/Year Dropdown'  using regular expression

2019-05-18 15:37:28 - [MESSAGE][PASSED] - All options with value '2017' are selected in object 'Object Repository/OCS-MOBILE /Age gate and burger menu/Year Dropdown'  using regular expression

2019-05-18 15:37:28 - [TEST_STEP][PASSED] - click(findTestObject("OCS-MOBILE /Age gate and burger menu/button_Verify")): Object: 'Object Repository/OCS-MOBILE /Age gate and burger menu/button_Verify' is clicked on

2019-05-18 15:37:28 - [MESSAGE][PASSED] - Object: 'Object Repository/OCS-MOBILE /Age gate and burger menu/button_Verify' is clicked on

2019-05-18 15:37:28 - [TEST_STEP][PASSED] - delay(3): Delayed 3 second(s)

2019-05-18 15:37:31 - [MESSAGE][PASSED] - Delayed 3 second(s)

2019-05-18 15:37:31 - [TEST_STEP][PASSED] - click(findTestObject("OCS-MOBILE /Age gate and burger menu/Checkbox_CONFIRM AND ACKNOWLEDGE")): Object: 'Object Repository/OCS-MOBILE /Age gate and burger menu/Checkbox_CONFIRM AND ACKNOWLEDGE' is clicked on

2019-05-18 15:37:31 - [MESSAGE][PASSED] - Object: 'Object Repository/OCS-MOBILE /Age gate and burger menu/Checkbox_CONFIRM AND ACKNOWLEDGE' is clicked on

2019-05-18 15:37:31 - [TEST_STEP][PASSED] - click(findTestObject("OCS-MOBILE /Age gate and burger menu/button_CONFIRM")): Object: 'Object Repository/OCS-MOBILE /Age gate and burger menu/button_CONFIRM' is clicked on

2019-05-18 15:37:31 - [MESSAGE][PASSED] - Object: 'Object Repository/OCS-MOBILE /Age gate and burger menu/button_CONFIRM' is clicked on

2019-05-18 15:37:31 - [TEST_STEP][PASSED] - delay(3): Delayed 3 second(s)

2019-05-18 15:37:34 - [MESSAGE][PASSED] - Delayed 3 second(s)

2019-05-18 15:37:34 - [TEST_STEP][PASSED] - click(findTestObject("OCS-MOBILE /Age gate and burger menu/Oops Im actually 19 or older - Link")): Object: 'Object Repository/OCS-MOBILE /Age gate and burger menu/Oops Im actually 19 or older - Link' is clicked on

2019-05-18 15:37:34 - [MESSAGE][PASSED] - Object: 'Object Repository/OCS-MOBILE /Age gate and burger menu/Oops Im actually 19 or older - Link' is clicked on

2019-05-18 15:37:34 - [TEST_STEP][PASSED] - selectOptionByValue(findTestObject("OCS-MOBILE /Age gate and burger menu/Date"), "5", true): All options with value '5' are selected in object 'Object Repository/OCS-MOBILE /Age gate and burger menu/Date'  using regular expression

2019-05-18 15:37:34 - [MESSAGE][PASSED] - All options with value '5' are selected in object 'Object Repository/OCS-MOBILE /Age gate and burger menu/Date'  using regular expression

2019-05-18 15:37:34 - [TEST_STEP][PASSED] - selectOptionByValue(findTestObject("OCS-MOBILE /Age gate and burger menu/month"), "6", true): All options with value '6' are selected in object 'Object Repository/OCS-MOBILE /Age gate and burger menu/month'  using regular expression

2019-05-18 15:37:34 - [MESSAGE][PASSED] - All options with value '6' are selected in object 'Object Repository/OCS-MOBILE /Age gate and burger menu/month'  using regular expression

2019-05-18 15:37:34 - [TEST_STEP][PASSED] - selectOptionByValue(findTestObject("OCS-MOBILE /Age gate and burger menu/Year Dropdown"), "1970", true): All options with value '1970' are selected in object 'Object Repository/OCS-MOBILE /Age gate and burger menu/Year Dropdown'  using regular expression

2019-05-18 15:37:36 - [MESSAGE][PASSED] - All options with value '1970' are selected in object 'Object Repository/OCS-MOBILE /Age gate and burger menu/Year Dropdown'  using regular expression

2019-05-18 15:37:36 - [TEST_STEP][FAILED] - click(findTestObject("OCS-MOBILE/Age gate and burger menu/button_Verify")): click(findTestObject("OCS-MOBILE/Age gate and burger menu/button_Verify")) FAILED.
Reason:
com.kms.katalon.core.exception.StepFailedException: Unable to click on object (Root cause: java.lang.IllegalArgumentException: Object is null)
	at com.kms.katalon.core.keyword.internal.KeywordMain.stepFailed(KeywordMain.groovy:36)
	at com.kms.katalon.core.webui.keyword.internal.WebUIKeywordMain.stepFailed(WebUIKeywordMain.groovy:65)
	at com.kms.katalon.core.webui.keyword.internal.WebUIKeywordMain.runKeyword(WebUIKeywordMain.groovy:27)
	at com.kms.katalon.core.webui.keyword.builtin.ClickKeyword.click(ClickKeyword.groovy:86)
	at com.kms.katalon.core.webui.keyword.builtin.ClickKeyword.execute(ClickKeyword.groovy:67)
	at com.kms.katalon.core.keyword.internal.KeywordExecutor.executeKeywordForPlatform(KeywordExecutor.groovy:53)
	at com.kms.katalon.core.webui.keyword.WebUiBuiltInKeywords.click(WebUiBuiltInKeywords.groovy:616)
	at com.kms.katalon.core.webui.keyword.WebUiBuiltInKeywords$click$3.call(Unknown Source)
	at AG- Under Age.run(AG- Under Age:50)
	at com.kms.katalon.core.main.ScriptEngine.run(ScriptEngine.java:194)
	at com.kms.katalon.core.main.ScriptEngine.runScriptAsRawText(ScriptEngine.java:119)
	at com.kms.katalon.core.main.TestCaseExecutor.runScript(TestCaseExecutor.java:328)
	at com.kms.katalon.core.main.TestCaseExecutor.doExecute(TestCaseExecutor.java:319)
	at com.kms.katalon.core.main.TestCaseExecutor.processExecutionPhase(TestCaseExecutor.java:298)
	at com.kms.katalon.core.main.TestCaseExecutor.accessMainPhase(TestCaseExecutor.java:290)
	at com.kms.katalon.core.main.TestCaseExecutor.execute(TestCaseExecutor.java:224)
	at com.kms.katalon.core.main.TestSuiteExecutor.accessTestCaseMainPhase(TestSuiteExecutor.java:129)
	at com.kms.katalon.core.main.TestSuiteExecutor.accessTestSuiteMainPhase(TestSuiteExecutor.java:112)
	at com.kms.katalon.core.main.TestSuiteExecutor.execute(TestSuiteExecutor.java:81)
	at com.kms.katalon.core.main.TestCaseMain.startTestSuite(TestCaseMain.java:149)
	at com.kms.katalon.core.main.TestCaseMain$startTestSuite$0.call(Unknown Source)
	at TempTestSuite1558208231009.run(TempTestSuite1558208231009.groovy:36)


2019-05-18 15:37:36 - [MESSAGE][WARNING] - Test object with id 'Object Repository/OCS-MOBILE/Age gate and burger menu/button_Verify' does not exist

2019-05-18 15:37:36 - [MESSAGE][WARNING] - Test object with id 'Object Repository/' does not exist

2019-05-18 15:37:36 - [MESSAGE][FAILED] - Unable to click on object (Root cause: java.lang.IllegalArgumentException: Object is null)
[[ATTACHMENT|/Users/sumankompelly/git/Ontario-cannbis-store/Reports/OCS- MOBILE/AGE GATE/20190518_153710/1558208256220.png]]

2019-05-18 15:37:36 - [MESSAGE][FAILED] - click(findTestObject("OCS-MOBILE/Age gate and burger menu/button_Verify")) FAILED.
Reason:
com.kms.katalon.core.exception.StepFailedException: Unable to click on object (Root cause: java.lang.IllegalArgumentException: Object is null)
	at com.kms.katalon.core.keyword.internal.KeywordMain.stepFailed(KeywordMain.groovy:36)
	at com.kms.katalon.core.webui.keyword.internal.WebUIKeywordMain.stepFailed(WebUIKeywordMain.groovy:65)
	at com.kms.katalon.core.webui.keyword.internal.WebUIKeywordMain.runKeyword(WebUIKeywordMain.groovy:27)
	at com.kms.katalon.core.webui.keyword.builtin.ClickKeyword.click(ClickKeyword.groovy:86)
	at com.kms.katalon.core.webui.keyword.builtin.ClickKeyword.execute(ClickKeyword.groovy:67)
	at com.kms.katalon.core.keyword.internal.KeywordExecutor.executeKeywordForPlatform(KeywordExecutor.groovy:53)
	at com.kms.katalon.core.webui.keyword.WebUiBuiltInKeywords.click(WebUiBuiltInKeywords.groovy:616)
	at com.kms.katalon.core.webui.keyword.WebUiBuiltInKeywords$click$3.call(Unknown Source)
	at AG- Under Age.run(AG- Under Age:50)
	at com.kms.katalon.core.main.ScriptEngine.run(ScriptEngine.java:194)
	at com.kms.katalon.core.main.ScriptEngine.runScriptAsRawText(ScriptEngine.java:119)
	at com.kms.katalon.core.main.TestCaseExecutor.runScript(TestCaseExecutor.java:328)
	at com.kms.katalon.core.main.TestCaseExecutor.doExecute(TestCaseExecutor.java:319)
	at com.kms.katalon.core.main.TestCaseExecutor.processExecutionPhase(TestCaseExecutor.java:298)
	at com.kms.katalon.core.main.TestCaseExecutor.accessMainPhase(TestCaseExecutor.java:290)
	at com.kms.katalon.core.main.TestCaseExecutor.execute(TestCaseExecutor.java:224)
	at com.kms.katalon.core.main.TestSuiteExecutor.accessTestCaseMainPhase(TestSuiteExecutor.java:129)
	at com.kms.katalon.core.main.TestSuiteExecutor.accessTestSuiteMainPhase(TestSuiteExecutor.java:112)
	at com.kms.katalon.core.main.TestSuiteExecutor.execute(TestSuiteExecutor.java:81)
	at com.kms.katalon.core.main.TestCaseMain.startTestSuite(TestCaseMain.java:149)
	at com.kms.katalon.core.main.TestCaseMain$startTestSuite$0.call(Unknown Source)
	at TempTestSuite1558208231009.run(TempTestSuite1558208231009.groovy:36)]]></system-out>
         <system-err><![CDATA[2019-05-18 15:37:13 - [TEST_CASE][FAILED] - Test Cases/OCS - MOBILE/OCS-AGE GATE/AG- Under Age: Test Cases/OCS - MOBILE/OCS-AGE GATE/AG- Under Age FAILED.
Reason:
com.kms.katalon.core.exception.StepFailedException: Unable to click on object (Root cause: java.lang.IllegalArgumentException: Object is null)
	at com.kms.katalon.core.keyword.internal.KeywordMain.stepFailed(KeywordMain.groovy:36)
	at com.kms.katalon.core.webui.keyword.internal.WebUIKeywordMain.stepFailed(WebUIKeywordMain.groovy:65)
	at com.kms.katalon.core.webui.keyword.internal.WebUIKeywordMain.runKeyword(WebUIKeywordMain.groovy:27)
	at com.kms.katalon.core.webui.keyword.builtin.ClickKeyword.click(ClickKeyword.groovy:86)
	at com.kms.katalon.core.webui.keyword.builtin.ClickKeyword.execute(ClickKeyword.groovy:67)
	at com.kms.katalon.core.keyword.internal.KeywordExecutor.executeKeywordForPlatform(KeywordExecutor.groovy:53)
	at com.kms.katalon.core.webui.keyword.WebUiBuiltInKeywords.click(WebUiBuiltInKeywords.groovy:616)
	at com.kms.katalon.core.webui.keyword.WebUiBuiltInKeywords$click$3.call(Unknown Source)
	at AG- Under Age.run(AG- Under Age:50)
	at com.kms.katalon.core.main.ScriptEngine.run(ScriptEngine.java:194)
	at com.kms.katalon.core.main.ScriptEngine.runScriptAsRawText(ScriptEngine.java:119)
	at com.kms.katalon.core.main.TestCaseExecutor.runScript(TestCaseExecutor.java:328)
	at com.kms.katalon.core.main.TestCaseExecutor.doExecute(TestCaseExecutor.java:319)
	at com.kms.katalon.core.main.TestCaseExecutor.processExecutionPhase(TestCaseExecutor.java:298)
	at com.kms.katalon.core.main.TestCaseExecutor.accessMainPhase(TestCaseExecutor.java:290)
	at com.kms.katalon.core.main.TestCaseExecutor.execute(TestCaseExecutor.java:224)
	at com.kms.katalon.core.main.TestSuiteExecutor.accessTestCaseMainPhase(TestSuiteExecutor.java:129)
	at com.kms.katalon.core.main.TestSuiteExecutor.accessTestSuiteMainPhase(TestSuiteExecutor.java:112)
	at com.kms.katalon.core.main.TestSuiteExecutor.execute(TestSuiteExecutor.java:81)
	at com.kms.katalon.core.main.TestCaseMain.startTestSuite(TestCaseMain.java:149)
	at com.kms.katalon.core.main.TestCaseMain$startTestSuite$0.call(Unknown Source)
	at TempTestSuite1558208231009.run(TempTestSuite1558208231009.groovy:36)]]></system-err>
      </testcase>
      <testcase name="Test Cases/OCS - MOBILE/OCS-AGE GATE/AG - Date correction" classname="Test Cases/OCS - MOBILE/OCS-AGE GATE/AG - Date correction" status="PASSED">
         <system-out><![CDATA[2019-05-18 15:37:36 - [TEST_CASE][PASSED] - Test Cases/OCS - MOBILE/OCS-AGE GATE/AG - Date correction: Test Cases/OCS - MOBILE/OCS-AGE GATE/AG - Date correction

2019-05-18 15:37:36 - [TEST_STEP][PASSED] - openBrowser(""): Browser is opened with url: ''

2019-05-18 15:37:36 - [MESSAGE][WARNING] - A browser is already opened. Closing browser and opening a new one

2019-05-18 15:37:36 - [MESSAGE][INFO] - Starting 'Chrome' driver

2019-05-18 15:37:37 - [MESSAGE][PASSED] - Browser is opened with url: ''

2019-05-18 15:37:37 - [TEST_STEP][PASSED] - navigateToUrl("https://ocs.ca/?fts=0&preview_theme_id=53373863756"): Navigate to 'https://ocs.ca/?fts=0&preview_theme_id=53373863756' successfully

2019-05-18 15:37:41 - [MESSAGE][PASSED] - Navigate to 'https://ocs.ca/?fts=0&preview_theme_id=53373863756' successfully

2019-05-18 15:37:41 - [TEST_STEP][PASSED] - setViewPortSize(360, 800): Viewport is set to new size with width = 360 and height = 800

2019-05-18 15:37:41 - [MESSAGE][PASSED] - Viewport is set to new size with width = 360 and height = 800

2019-05-18 15:37:41 - [TEST_STEP][PASSED] - delay(4): Delayed 4 second(s)

2019-05-18 15:37:45 - [MESSAGE][PASSED] - Delayed 4 second(s)

2019-05-18 15:37:45 - [TEST_STEP][PASSED] - selectOptionByValue(findTestObject("OCS-MOBILE /Age gate and burger menu/Date"), "12", true): All options with value '12' are selected in object 'Object Repository/OCS-MOBILE /Age gate and burger menu/Date'  using regular expression

2019-05-18 15:37:45 - [MESSAGE][PASSED] - All options with value '12' are selected in object 'Object Repository/OCS-MOBILE /Age gate and burger menu/Date'  using regular expression

2019-05-18 15:37:45 - [TEST_STEP][PASSED] - selectOptionByValue(findTestObject("OCS-MOBILE /Age gate and burger menu/month"), "6", true): All options with value '6' are selected in object 'Object Repository/OCS-MOBILE /Age gate and burger menu/month'  using regular expression

2019-05-18 15:37:46 - [MESSAGE][PASSED] - All options with value '6' are selected in object 'Object Repository/OCS-MOBILE /Age gate and burger menu/month'  using regular expression

2019-05-18 15:37:46 - [TEST_STEP][PASSED] - delay(2): Delayed 2 second(s)

2019-05-18 15:37:48 - [MESSAGE][PASSED] - Delayed 2 second(s)

2019-05-18 15:37:48 - [TEST_STEP][PASSED] - selectOptionByValue(findTestObject("OCS-MOBILE /Age gate and burger menu/Year Dropdown"), "2000", true): All options with value '2000' are selected in object 'Object Repository/OCS-MOBILE /Age gate and burger menu/Year Dropdown'  using regular expression

2019-05-18 15:37:49 - [MESSAGE][PASSED] - All options with value '2000' are selected in object 'Object Repository/OCS-MOBILE /Age gate and burger menu/Year Dropdown'  using regular expression

2019-05-18 15:37:49 - [TEST_STEP][PASSED] - click(findTestObject("OCS-MOBILE /Age gate and burger menu/button_Verify")): Object: 'Object Repository/OCS-MOBILE /Age gate and burger menu/button_Verify' is clicked on

2019-05-18 15:37:49 - [MESSAGE][PASSED] - Object: 'Object Repository/OCS-MOBILE /Age gate and burger menu/button_Verify' is clicked on

2019-05-18 15:37:49 - [TEST_STEP][PASSED] - delay(3): Delayed 3 second(s)

2019-05-18 15:37:52 - [MESSAGE][PASSED] - Delayed 3 second(s)

2019-05-18 15:37:52 - [TEST_STEP][PASSED] - click(findTestObject("OCS_OR/Page_Ontario Cannabis Store  Ontari/a_Correct Your Date of Birth")): Object: 'Object Repository/OCS_OR/Page_Ontario Cannabis Store  Ontari/a_Correct Your Date of Birth' is clicked on

2019-05-18 15:37:52 - [MESSAGE][PASSED] - Object: 'Object Repository/OCS_OR/Page_Ontario Cannabis Store  Ontari/a_Correct Your Date of Birth' is clicked on

2019-05-18 15:37:52 - [TEST_STEP][PASSED] - selectOptionByValue(findTestObject("OCS-MOBILE /Age gate and burger menu/Date"), "1", true): All options with value '1' are selected in object 'Object Repository/OCS-MOBILE /Age gate and burger menu/Date'  using regular expression

2019-05-18 15:37:52 - [MESSAGE][PASSED] - All options with value '1' are selected in object 'Object Repository/OCS-MOBILE /Age gate and burger menu/Date'  using regular expression

2019-05-18 15:37:52 - [TEST_STEP][PASSED] - selectOptionByValue(findTestObject("OCS-MOBILE /Age gate and burger menu/month"), "5", true): All options with value '5' are selected in object 'Object Repository/OCS-MOBILE /Age gate and burger menu/month'  using regular expression

2019-05-18 15:37:52 - [MESSAGE][PASSED] - All options with value '5' are selected in object 'Object Repository/OCS-MOBILE /Age gate and burger menu/month'  using regular expression

2019-05-18 15:37:52 - [TEST_STEP][PASSED] - selectOptionByValue(findTestObject("OCS-MOBILE /Age gate and burger menu/Year Dropdown"), "1980", true): All options with value '1980' are selected in object 'Object Repository/OCS-MOBILE /Age gate and burger menu/Year Dropdown'  using regular expression

2019-05-18 15:37:53 - [MESSAGE][PASSED] - All options with value '1980' are selected in object 'Object Repository/OCS-MOBILE /Age gate and burger menu/Year Dropdown'  using regular expression

2019-05-18 15:37:53 - [TEST_STEP][PASSED] - click(findTestObject("OCS-MOBILE /Age gate and burger menu/button_Verify")): Object: 'Object Repository/OCS-MOBILE /Age gate and burger menu/button_Verify' is clicked on

2019-05-18 15:37:54 - [MESSAGE][PASSED] - Object: 'Object Repository/OCS-MOBILE /Age gate and burger menu/button_Verify' is clicked on

2019-05-18 15:37:54 - [TEST_STEP][PASSED] - closeBrowser(): Browser is closed

2019-05-18 15:37:54 - [MESSAGE][PASSED] - Browser is closed]]></system-out>
         <system-err><![CDATA[]]></system-err>
      </testcase>
      <testcase name="Test Cases/OCS - MOBILE/OCS-AGE GATE/AG- Under Age" classname="Test Cases/OCS - MOBILE/OCS-AGE GATE/AG- Under Age" status="FAILED">
         <failure type="FAILED" message="Test Cases/OCS - MOBILE/OCS-AGE GATE/AG- Under Age FAILED.
Reason:
com.kms.katalon.core.exception.StepFailedException: Unable to click on object (Root cause: java.lang.IllegalArgumentException: Object is null)
	at com.kms.katalon.core.keyword.internal.KeywordMain.stepFailed(KeywordMain.groovy:36)
	at com.kms.katalon.core.webui.keyword.internal.WebUIKeywordMain.stepFailed(WebUIKeywordMain.groovy:65)
	at com.kms.katalon.core.webui.keyword.internal.WebUIKeywordMain.runKeyword(WebUIKeywordMain.groovy:27)
	at com.kms.katalon.core.webui.keyword.builtin.ClickKeyword.click(ClickKeyword.groovy:86)
	at com.kms.katalon.core.webui.keyword.builtin.ClickKeyword.execute(ClickKeyword.groovy:67)
	at com.kms.katalon.core.keyword.internal.KeywordExecutor.executeKeywordForPlatform(KeywordExecutor.groovy:53)
	at com.kms.katalon.core.webui.keyword.WebUiBuiltInKeywords.click(WebUiBuiltInKeywords.groovy:616)
	at com.kms.katalon.core.webui.keyword.WebUiBuiltInKeywords$click$3.call(Unknown Source)
	at AG- Under Age.run(AG- Under Age:50)
	at com.kms.katalon.core.main.ScriptEngine.run(ScriptEngine.java:194)
	at com.kms.katalon.core.main.ScriptEngine.runScriptAsRawText(ScriptEngine.java:119)
	at com.kms.katalon.core.main.TestCaseExecutor.runScript(TestCaseExecutor.java:328)
	at com.kms.katalon.core.main.TestCaseExecutor.doExecute(TestCaseExecutor.java:319)
	at com.kms.katalon.core.main.TestCaseExecutor.processExecutionPhase(TestCaseExecutor.java:298)
	at com.kms.katalon.core.main.TestCaseExecutor.accessMainPhase(TestCaseExecutor.java:290)
	at com.kms.katalon.core.main.TestCaseExecutor.execute(TestCaseExecutor.java:224)
	at com.kms.katalon.core.main.TestSuiteExecutor.accessTestCaseMainPhase(TestSuiteExecutor.java:129)
	at com.kms.katalon.core.main.TestSuiteExecutor.accessTestSuiteMainPhase(TestSuiteExecutor.java:112)
	at com.kms.katalon.core.main.TestSuiteExecutor.execute(TestSuiteExecutor.java:81)
	at com.kms.katalon.core.main.TestCaseMain.startTestSuite(TestCaseMain.java:149)
	at com.kms.katalon.core.main.TestCaseMain$startTestSuite$0.call(Unknown Source)
	at TempTestSuite1558208231009.run(TempTestSuite1558208231009.groovy:36)
"/>
         <system-out><![CDATA[2019-05-18 15:37:54 - [TEST_CASE][FAILED] - Test Cases/OCS - MOBILE/OCS-AGE GATE/AG- Under Age: Test Cases/OCS - MOBILE/OCS-AGE GATE/AG- Under Age FAILED.
Reason:
com.kms.katalon.core.exception.StepFailedException: Unable to click on object (Root cause: java.lang.IllegalArgumentException: Object is null)
	at com.kms.katalon.core.keyword.internal.KeywordMain.stepFailed(KeywordMain.groovy:36)
	at com.kms.katalon.core.webui.keyword.internal.WebUIKeywordMain.stepFailed(WebUIKeywordMain.groovy:65)
	at com.kms.katalon.core.webui.keyword.internal.WebUIKeywordMain.runKeyword(WebUIKeywordMain.groovy:27)
	at com.kms.katalon.core.webui.keyword.builtin.ClickKeyword.click(ClickKeyword.groovy:86)
	at com.kms.katalon.core.webui.keyword.builtin.ClickKeyword.execute(ClickKeyword.groovy:67)
	at com.kms.katalon.core.keyword.internal.KeywordExecutor.executeKeywordForPlatform(KeywordExecutor.groovy:53)
	at com.kms.katalon.core.webui.keyword.WebUiBuiltInKeywords.click(WebUiBuiltInKeywords.groovy:616)
	at com.kms.katalon.core.webui.keyword.WebUiBuiltInKeywords$click$3.call(Unknown Source)
	at AG- Under Age.run(AG- Under Age:50)
	at com.kms.katalon.core.main.ScriptEngine.run(ScriptEngine.java:194)
	at com.kms.katalon.core.main.ScriptEngine.runScriptAsRawText(ScriptEngine.java:119)
	at com.kms.katalon.core.main.TestCaseExecutor.runScript(TestCaseExecutor.java:328)
	at com.kms.katalon.core.main.TestCaseExecutor.doExecute(TestCaseExecutor.java:319)
	at com.kms.katalon.core.main.TestCaseExecutor.processExecutionPhase(TestCaseExecutor.java:298)
	at com.kms.katalon.core.main.TestCaseExecutor.accessMainPhase(TestCaseExecutor.java:290)
	at com.kms.katalon.core.main.TestCaseExecutor.execute(TestCaseExecutor.java:224)
	at com.kms.katalon.core.main.TestSuiteExecutor.accessTestCaseMainPhase(TestSuiteExecutor.java:129)
	at com.kms.katalon.core.main.TestSuiteExecutor.accessTestSuiteMainPhase(TestSuiteExecutor.java:112)
	at com.kms.katalon.core.main.TestSuiteExecutor.execute(TestSuiteExecutor.java:81)
	at com.kms.katalon.core.main.TestCaseMain.startTestSuite(TestCaseMain.java:149)
	at com.kms.katalon.core.main.TestCaseMain$startTestSuite$0.call(Unknown Source)
	at TempTestSuite1558208231009.run(TempTestSuite1558208231009.groovy:36)


2019-05-18 15:37:54 - [TEST_STEP][PASSED] - openBrowser(""): Browser is opened with url: ''

2019-05-18 15:37:54 - [MESSAGE][INFO] - Starting 'Chrome' driver

2019-05-18 15:37:55 - [MESSAGE][PASSED] - Browser is opened with url: ''

2019-05-18 15:37:55 - [TEST_STEP][PASSED] - navigateToUrl("https://ocs.ca/?fts=0&preview_theme_id=53373863756"): Navigate to 'https://ocs.ca/?fts=0&preview_theme_id=53373863756' successfully

2019-05-18 15:37:58 - [MESSAGE][PASSED] - Navigate to 'https://ocs.ca/?fts=0&preview_theme_id=53373863756' successfully

2019-05-18 15:37:58 - [TEST_STEP][PASSED] - setViewPortSize(360, 800): Viewport is set to new size with width = 360 and height = 800

2019-05-18 15:37:58 - [MESSAGE][PASSED] - Viewport is set to new size with width = 360 and height = 800

2019-05-18 15:37:58 - [TEST_STEP][PASSED] - delay(4): Delayed 4 second(s)

2019-05-18 15:38:02 - [MESSAGE][PASSED] - Delayed 4 second(s)

2019-05-18 15:38:02 - [TEST_STEP][PASSED] - selectOptionByValue(findTestObject("OCS-MOBILE /Age gate and burger menu/Date"), "12", true): All options with value '12' are selected in object 'Object Repository/OCS-MOBILE /Age gate and burger menu/Date'  using regular expression

2019-05-18 15:38:02 - [MESSAGE][PASSED] - All options with value '12' are selected in object 'Object Repository/OCS-MOBILE /Age gate and burger menu/Date'  using regular expression

2019-05-18 15:38:02 - [TEST_STEP][PASSED] - selectOptionByValue(findTestObject("OCS-MOBILE /Age gate and burger menu/month"), "6", true): All options with value '6' are selected in object 'Object Repository/OCS-MOBILE /Age gate and burger menu/month'  using regular expression

2019-05-18 15:38:03 - [MESSAGE][PASSED] - All options with value '6' are selected in object 'Object Repository/OCS-MOBILE /Age gate and burger menu/month'  using regular expression

2019-05-18 15:38:03 - [TEST_STEP][PASSED] - delay(2): Delayed 2 second(s)

2019-05-18 15:38:05 - [MESSAGE][PASSED] - Delayed 2 second(s)

2019-05-18 15:38:05 - [TEST_STEP][PASSED] - selectOptionByValue(findTestObject("OCS-MOBILE /Age gate and burger menu/Year Dropdown"), "2017", true): All options with value '2017' are selected in object 'Object Repository/OCS-MOBILE /Age gate and burger menu/Year Dropdown'  using regular expression

2019-05-18 15:38:06 - [MESSAGE][PASSED] - All options with value '2017' are selected in object 'Object Repository/OCS-MOBILE /Age gate and burger menu/Year Dropdown'  using regular expression

2019-05-18 15:38:06 - [TEST_STEP][PASSED] - click(findTestObject("OCS-MOBILE /Age gate and burger menu/button_Verify")): Object: 'Object Repository/OCS-MOBILE /Age gate and burger menu/button_Verify' is clicked on

2019-05-18 15:38:06 - [MESSAGE][PASSED] - Object: 'Object Repository/OCS-MOBILE /Age gate and burger menu/button_Verify' is clicked on

2019-05-18 15:38:06 - [TEST_STEP][PASSED] - delay(3): Delayed 3 second(s)

2019-05-18 15:38:09 - [MESSAGE][PASSED] - Delayed 3 second(s)

2019-05-18 15:38:09 - [TEST_STEP][PASSED] - click(findTestObject("OCS-MOBILE /Age gate and burger menu/Checkbox_CONFIRM AND ACKNOWLEDGE")): Object: 'Object Repository/OCS-MOBILE /Age gate and burger menu/Checkbox_CONFIRM AND ACKNOWLEDGE' is clicked on

2019-05-18 15:38:09 - [MESSAGE][PASSED] - Object: 'Object Repository/OCS-MOBILE /Age gate and burger menu/Checkbox_CONFIRM AND ACKNOWLEDGE' is clicked on

2019-05-18 15:38:09 - [TEST_STEP][PASSED] - click(findTestObject("OCS-MOBILE /Age gate and burger menu/button_CONFIRM")): Object: 'Object Repository/OCS-MOBILE /Age gate and burger menu/button_CONFIRM' is clicked on

2019-05-18 15:38:09 - [MESSAGE][PASSED] - Object: 'Object Repository/OCS-MOBILE /Age gate and burger menu/button_CONFIRM' is clicked on

2019-05-18 15:38:09 - [TEST_STEP][PASSED] - delay(3): Delayed 3 second(s)

2019-05-18 15:38:12 - [MESSAGE][PASSED] - Delayed 3 second(s)

2019-05-18 15:38:12 - [TEST_STEP][PASSED] - click(findTestObject("OCS-MOBILE /Age gate and burger menu/Oops Im actually 19 or older - Link")): Object: 'Object Repository/OCS-MOBILE /Age gate and burger menu/Oops Im actually 19 or older - Link' is clicked on

2019-05-18 15:38:12 - [MESSAGE][PASSED] - Object: 'Object Repository/OCS-MOBILE /Age gate and burger menu/Oops Im actually 19 or older - Link' is clicked on

2019-05-18 15:38:12 - [TEST_STEP][PASSED] - selectOptionByValue(findTestObject("OCS-MOBILE /Age gate and burger menu/Date"), "5", true): All options with value '5' are selected in object 'Object Repository/OCS-MOBILE /Age gate and burger menu/Date'  using regular expression

2019-05-18 15:38:12 - [MESSAGE][PASSED] - All options with value '5' are selected in object 'Object Repository/OCS-MOBILE /Age gate and burger menu/Date'  using regular expression

2019-05-18 15:38:12 - [TEST_STEP][PASSED] - selectOptionByValue(findTestObject("OCS-MOBILE /Age gate and burger menu/month"), "6", true): All options with value '6' are selected in object 'Object Repository/OCS-MOBILE /Age gate and burger menu/month'  using regular expression

2019-05-18 15:38:12 - [MESSAGE][PASSED] - All options with value '6' are selected in object 'Object Repository/OCS-MOBILE /Age gate and burger menu/month'  using regular expression

2019-05-18 15:38:12 - [TEST_STEP][PASSED] - selectOptionByValue(findTestObject("OCS-MOBILE /Age gate and burger menu/Year Dropdown"), "1970", true): All options with value '1970' are selected in object 'Object Repository/OCS-MOBILE /Age gate and burger menu/Year Dropdown'  using regular expression

2019-05-18 15:38:14 - [MESSAGE][PASSED] - All options with value '1970' are selected in object 'Object Repository/OCS-MOBILE /Age gate and burger menu/Year Dropdown'  using regular expression

2019-05-18 15:38:14 - [TEST_STEP][FAILED] - click(findTestObject("OCS-MOBILE/Age gate and burger menu/button_Verify")): click(findTestObject("OCS-MOBILE/Age gate and burger menu/button_Verify")) FAILED.
Reason:
com.kms.katalon.core.exception.StepFailedException: Unable to click on object (Root cause: java.lang.IllegalArgumentException: Object is null)
	at com.kms.katalon.core.keyword.internal.KeywordMain.stepFailed(KeywordMain.groovy:36)
	at com.kms.katalon.core.webui.keyword.internal.WebUIKeywordMain.stepFailed(WebUIKeywordMain.groovy:65)
	at com.kms.katalon.core.webui.keyword.internal.WebUIKeywordMain.runKeyword(WebUIKeywordMain.groovy:27)
	at com.kms.katalon.core.webui.keyword.builtin.ClickKeyword.click(ClickKeyword.groovy:86)
	at com.kms.katalon.core.webui.keyword.builtin.ClickKeyword.execute(ClickKeyword.groovy:67)
	at com.kms.katalon.core.keyword.internal.KeywordExecutor.executeKeywordForPlatform(KeywordExecutor.groovy:53)
	at com.kms.katalon.core.webui.keyword.WebUiBuiltInKeywords.click(WebUiBuiltInKeywords.groovy:616)
	at com.kms.katalon.core.webui.keyword.WebUiBuiltInKeywords$click$3.call(Unknown Source)
	at AG- Under Age.run(AG- Under Age:50)
	at com.kms.katalon.core.main.ScriptEngine.run(ScriptEngine.java:194)
	at com.kms.katalon.core.main.ScriptEngine.runScriptAsRawText(ScriptEngine.java:119)
	at com.kms.katalon.core.main.TestCaseExecutor.runScript(TestCaseExecutor.java:328)
	at com.kms.katalon.core.main.TestCaseExecutor.doExecute(TestCaseExecutor.java:319)
	at com.kms.katalon.core.main.TestCaseExecutor.processExecutionPhase(TestCaseExecutor.java:298)
	at com.kms.katalon.core.main.TestCaseExecutor.accessMainPhase(TestCaseExecutor.java:290)
	at com.kms.katalon.core.main.TestCaseExecutor.execute(TestCaseExecutor.java:224)
	at com.kms.katalon.core.main.TestSuiteExecutor.accessTestCaseMainPhase(TestSuiteExecutor.java:129)
	at com.kms.katalon.core.main.TestSuiteExecutor.accessTestSuiteMainPhase(TestSuiteExecutor.java:112)
	at com.kms.katalon.core.main.TestSuiteExecutor.execute(TestSuiteExecutor.java:81)
	at com.kms.katalon.core.main.TestCaseMain.startTestSuite(TestCaseMain.java:149)
	at com.kms.katalon.core.main.TestCaseMain$startTestSuite$0.call(Unknown Source)
	at TempTestSuite1558208231009.run(TempTestSuite1558208231009.groovy:36)


2019-05-18 15:38:14 - [MESSAGE][WARNING] - Test object with id 'Object Repository/OCS-MOBILE/Age gate and burger menu/button_Verify' does not exist

2019-05-18 15:38:14 - [MESSAGE][WARNING] - Test object with id 'Object Repository/' does not exist

2019-05-18 15:38:14 - [MESSAGE][FAILED] - Unable to click on object (Root cause: java.lang.IllegalArgumentException: Object is null)
[[ATTACHMENT|/Users/sumankompelly/git/Ontario-cannbis-store/Reports/OCS- MOBILE/AGE GATE/20190518_153710/1558208294134.png]]

2019-05-18 15:38:14 - [MESSAGE][FAILED] - click(findTestObject("OCS-MOBILE/Age gate and burger menu/button_Verify")) FAILED.
Reason:
com.kms.katalon.core.exception.StepFailedException: Unable to click on object (Root cause: java.lang.IllegalArgumentException: Object is null)
	at com.kms.katalon.core.keyword.internal.KeywordMain.stepFailed(KeywordMain.groovy:36)
	at com.kms.katalon.core.webui.keyword.internal.WebUIKeywordMain.stepFailed(WebUIKeywordMain.groovy:65)
	at com.kms.katalon.core.webui.keyword.internal.WebUIKeywordMain.runKeyword(WebUIKeywordMain.groovy:27)
	at com.kms.katalon.core.webui.keyword.builtin.ClickKeyword.click(ClickKeyword.groovy:86)
	at com.kms.katalon.core.webui.keyword.builtin.ClickKeyword.execute(ClickKeyword.groovy:67)
	at com.kms.katalon.core.keyword.internal.KeywordExecutor.executeKeywordForPlatform(KeywordExecutor.groovy:53)
	at com.kms.katalon.core.webui.keyword.WebUiBuiltInKeywords.click(WebUiBuiltInKeywords.groovy:616)
	at com.kms.katalon.core.webui.keyword.WebUiBuiltInKeywords$click$3.call(Unknown Source)
	at AG- Under Age.run(AG- Under Age:50)
	at com.kms.katalon.core.main.ScriptEngine.run(ScriptEngine.java:194)
	at com.kms.katalon.core.main.ScriptEngine.runScriptAsRawText(ScriptEngine.java:119)
	at com.kms.katalon.core.main.TestCaseExecutor.runScript(TestCaseExecutor.java:328)
	at com.kms.katalon.core.main.TestCaseExecutor.doExecute(TestCaseExecutor.java:319)
	at com.kms.katalon.core.main.TestCaseExecutor.processExecutionPhase(TestCaseExecutor.java:298)
	at com.kms.katalon.core.main.TestCaseExecutor.accessMainPhase(TestCaseExecutor.java:290)
	at com.kms.katalon.core.main.TestCaseExecutor.execute(TestCaseExecutor.java:224)
	at com.kms.katalon.core.main.TestSuiteExecutor.accessTestCaseMainPhase(TestSuiteExecutor.java:129)
	at com.kms.katalon.core.main.TestSuiteExecutor.accessTestSuiteMainPhase(TestSuiteExecutor.java:112)
	at com.kms.katalon.core.main.TestSuiteExecutor.execute(TestSuiteExecutor.java:81)
	at com.kms.katalon.core.main.TestCaseMain.startTestSuite(TestCaseMain.java:149)
	at com.kms.katalon.core.main.TestCaseMain$startTestSuite$0.call(Unknown Source)
	at TempTestSuite1558208231009.run(TempTestSuite1558208231009.groovy:36)]]></system-out>
         <system-err><![CDATA[2019-05-18 15:37:54 - [TEST_CASE][FAILED] - Test Cases/OCS - MOBILE/OCS-AGE GATE/AG- Under Age: Test Cases/OCS - MOBILE/OCS-AGE GATE/AG- Under Age FAILED.
Reason:
com.kms.katalon.core.exception.StepFailedException: Unable to click on object (Root cause: java.lang.IllegalArgumentException: Object is null)
	at com.kms.katalon.core.keyword.internal.KeywordMain.stepFailed(KeywordMain.groovy:36)
	at com.kms.katalon.core.webui.keyword.internal.WebUIKeywordMain.stepFailed(WebUIKeywordMain.groovy:65)
	at com.kms.katalon.core.webui.keyword.internal.WebUIKeywordMain.runKeyword(WebUIKeywordMain.groovy:27)
	at com.kms.katalon.core.webui.keyword.builtin.ClickKeyword.click(ClickKeyword.groovy:86)
	at com.kms.katalon.core.webui.keyword.builtin.ClickKeyword.execute(ClickKeyword.groovy:67)
	at com.kms.katalon.core.keyword.internal.KeywordExecutor.executeKeywordForPlatform(KeywordExecutor.groovy:53)
	at com.kms.katalon.core.webui.keyword.WebUiBuiltInKeywords.click(WebUiBuiltInKeywords.groovy:616)
	at com.kms.katalon.core.webui.keyword.WebUiBuiltInKeywords$click$3.call(Unknown Source)
	at AG- Under Age.run(AG- Under Age:50)
	at com.kms.katalon.core.main.ScriptEngine.run(ScriptEngine.java:194)
	at com.kms.katalon.core.main.ScriptEngine.runScriptAsRawText(ScriptEngine.java:119)
	at com.kms.katalon.core.main.TestCaseExecutor.runScript(TestCaseExecutor.java:328)
	at com.kms.katalon.core.main.TestCaseExecutor.doExecute(TestCaseExecutor.java:319)
	at com.kms.katalon.core.main.TestCaseExecutor.processExecutionPhase(TestCaseExecutor.java:298)
	at com.kms.katalon.core.main.TestCaseExecutor.accessMainPhase(TestCaseExecutor.java:290)
	at com.kms.katalon.core.main.TestCaseExecutor.execute(TestCaseExecutor.java:224)
	at com.kms.katalon.core.main.TestSuiteExecutor.accessTestCaseMainPhase(TestSuiteExecutor.java:129)
	at com.kms.katalon.core.main.TestSuiteExecutor.accessTestSuiteMainPhase(TestSuiteExecutor.java:112)
	at com.kms.katalon.core.main.TestSuiteExecutor.execute(TestSuiteExecutor.java:81)
	at com.kms.katalon.core.main.TestCaseMain.startTestSuite(TestCaseMain.java:149)
	at com.kms.katalon.core.main.TestCaseMain$startTestSuite$0.call(Unknown Source)
	at TempTestSuite1558208231009.run(TempTestSuite1558208231009.groovy:36)]]></system-err>
      </testcase>
      <testcase name="Test Cases/OCS - MOBILE/OCS-AGE GATE/AG - Date correction" classname="Test Cases/OCS - MOBILE/OCS-AGE GATE/AG - Date correction" status="PASSED">
         <system-out><![CDATA[2019-05-18 15:38:14 - [TEST_CASE][PASSED] - Test Cases/OCS - MOBILE/OCS-AGE GATE/AG - Date correction: Test Cases/OCS - MOBILE/OCS-AGE GATE/AG - Date correction

2019-05-18 15:38:14 - [TEST_STEP][PASSED] - openBrowser(""): Browser is opened with url: ''

2019-05-18 15:38:14 - [MESSAGE][WARNING] - A browser is already opened. Closing browser and opening a new one

2019-05-18 15:38:14 - [MESSAGE][INFO] - Starting 'Chrome' driver

2019-05-18 15:38:15 - [MESSAGE][PASSED] - Browser is opened with url: ''

2019-05-18 15:38:15 - [TEST_STEP][PASSED] - navigateToUrl("https://ocs.ca/?fts=0&preview_theme_id=53373863756"): Navigate to 'https://ocs.ca/?fts=0&preview_theme_id=53373863756' successfully

2019-05-18 15:38:18 - [MESSAGE][PASSED] - Navigate to 'https://ocs.ca/?fts=0&preview_theme_id=53373863756' successfully

2019-05-18 15:38:18 - [TEST_STEP][PASSED] - setViewPortSize(360, 800): Viewport is set to new size with width = 360 and height = 800

2019-05-18 15:38:18 - [MESSAGE][PASSED] - Viewport is set to new size with width = 360 and height = 800

2019-05-18 15:38:18 - [TEST_STEP][PASSED] - delay(4): Delayed 4 second(s)

2019-05-18 15:38:22 - [MESSAGE][PASSED] - Delayed 4 second(s)

2019-05-18 15:38:22 - [TEST_STEP][PASSED] - selectOptionByValue(findTestObject("OCS-MOBILE /Age gate and burger menu/Date"), "12", true): All options with value '12' are selected in object 'Object Repository/OCS-MOBILE /Age gate and burger menu/Date'  using regular expression

2019-05-18 15:38:23 - [MESSAGE][PASSED] - All options with value '12' are selected in object 'Object Repository/OCS-MOBILE /Age gate and burger menu/Date'  using regular expression

2019-05-18 15:38:23 - [TEST_STEP][PASSED] - selectOptionByValue(findTestObject("OCS-MOBILE /Age gate and burger menu/month"), "6", true): All options with value '6' are selected in object 'Object Repository/OCS-MOBILE /Age gate and burger menu/month'  using regular expression

2019-05-18 15:38:23 - [MESSAGE][PASSED] - All options with value '6' are selected in object 'Object Repository/OCS-MOBILE /Age gate and burger menu/month'  using regular expression

2019-05-18 15:38:23 - [TEST_STEP][PASSED] - delay(2): Delayed 2 second(s)

2019-05-18 15:38:25 - [MESSAGE][PASSED] - Delayed 2 second(s)

2019-05-18 15:38:25 - [TEST_STEP][PASSED] - selectOptionByValue(findTestObject("OCS-MOBILE /Age gate and burger menu/Year Dropdown"), "2000", true): All options with value '2000' are selected in object 'Object Repository/OCS-MOBILE /Age gate and burger menu/Year Dropdown'  using regular expression

2019-05-18 15:38:26 - [MESSAGE][PASSED] - All options with value '2000' are selected in object 'Object Repository/OCS-MOBILE /Age gate and burger menu/Year Dropdown'  using regular expression

2019-05-18 15:38:26 - [TEST_STEP][PASSED] - click(findTestObject("OCS-MOBILE /Age gate and burger menu/button_Verify")): Object: 'Object Repository/OCS-MOBILE /Age gate and burger menu/button_Verify' is clicked on

2019-05-18 15:38:26 - [MESSAGE][PASSED] - Object: 'Object Repository/OCS-MOBILE /Age gate and burger menu/button_Verify' is clicked on

2019-05-18 15:38:26 - [TEST_STEP][PASSED] - delay(3): Delayed 3 second(s)

2019-05-18 15:38:29 - [MESSAGE][PASSED] - Delayed 3 second(s)

2019-05-18 15:38:29 - [TEST_STEP][PASSED] - click(findTestObject("OCS_OR/Page_Ontario Cannabis Store  Ontari/a_Correct Your Date of Birth")): Object: 'Object Repository/OCS_OR/Page_Ontario Cannabis Store  Ontari/a_Correct Your Date of Birth' is clicked on

2019-05-18 15:38:29 - [MESSAGE][PASSED] - Object: 'Object Repository/OCS_OR/Page_Ontario Cannabis Store  Ontari/a_Correct Your Date of Birth' is clicked on

2019-05-18 15:38:29 - [TEST_STEP][PASSED] - selectOptionByValue(findTestObject("OCS-MOBILE /Age gate and burger menu/Date"), "1", true): All options with value '1' are selected in object 'Object Repository/OCS-MOBILE /Age gate and burger menu/Date'  using regular expression

2019-05-18 15:38:29 - [MESSAGE][PASSED] - All options with value '1' are selected in object 'Object Repository/OCS-MOBILE /Age gate and burger menu/Date'  using regular expression

2019-05-18 15:38:29 - [TEST_STEP][PASSED] - selectOptionByValue(findTestObject("OCS-MOBILE /Age gate and burger menu/month"), "5", true): All options with value '5' are selected in object 'Object Repository/OCS-MOBILE /Age gate and burger menu/month'  using regular expression

2019-05-18 15:38:30 - [MESSAGE][PASSED] - All options with value '5' are selected in object 'Object Repository/OCS-MOBILE /Age gate and burger menu/month'  using regular expression

2019-05-18 15:38:30 - [TEST_STEP][PASSED] - selectOptionByValue(findTestObject("OCS-MOBILE /Age gate and burger menu/Year Dropdown"), "1980", true): All options with value '1980' are selected in object 'Object Repository/OCS-MOBILE /Age gate and burger menu/Year Dropdown'  using regular expression

2019-05-18 15:38:31 - [MESSAGE][PASSED] - All options with value '1980' are selected in object 'Object Repository/OCS-MOBILE /Age gate and burger menu/Year Dropdown'  using regular expression

2019-05-18 15:38:31 - [TEST_STEP][PASSED] - click(findTestObject("OCS-MOBILE /Age gate and burger menu/button_Verify")): Object: 'Object Repository/OCS-MOBILE /Age gate and burger menu/button_Verify' is clicked on

2019-05-18 15:38:31 - [MESSAGE][PASSED] - Object: 'Object Repository/OCS-MOBILE /Age gate and burger menu/button_Verify' is clicked on

2019-05-18 15:38:31 - [TEST_STEP][PASSED] - closeBrowser(): Browser is closed

2019-05-18 15:38:31 - [MESSAGE][PASSED] - Browser is closed]]></system-out>
         <system-err><![CDATA[]]></system-err>
      </testcase>
      <testcase name="Test Cases/OCS- HOME PAGE/Toggling language" classname="Test Cases/OCS- HOME PAGE/Toggling language" status="FAILED">
         <failure type="FAILED" message="Test Cases/OCS- HOME PAGE/Toggling language FAILED.
Reason:
com.kms.katalon.core.exception.StepFailedException: Text 'Découvrez nos variétés de cannabis les plus vendues' is not present on page 
	at com.kms.katalon.core.keyword.internal.KeywordMain.stepFailed(KeywordMain.groovy:32)
	at com.kms.katalon.core.webui.keyword.internal.WebUIKeywordMain.stepFailed(WebUIKeywordMain.groovy:65)
	at com.kms.katalon.core.webui.keyword.builtin.VerifyTextPresentKeyword$_verifyTextPresent_closure1.doCall(VerifyTextPresentKeyword.groovy:79)
	at com.kms.katalon.core.webui.keyword.builtin.VerifyTextPresentKeyword$_verifyTextPresent_closure1.call(VerifyTextPresentKeyword.groovy)
	at com.kms.katalon.core.webui.keyword.internal.WebUIKeywordMain.runKeyword(WebUIKeywordMain.groovy:21)
	at com.kms.katalon.core.webui.keyword.builtin.VerifyTextPresentKeyword.verifyTextPresent(VerifyTextPresentKeyword.groovy:83)
	at com.kms.katalon.core.webui.keyword.builtin.VerifyTextPresentKeyword.execute(VerifyTextPresentKeyword.groovy:68)
	at com.kms.katalon.core.keyword.internal.KeywordExecutor.executeKeywordForPlatform(KeywordExecutor.groovy:53)
	at com.kms.katalon.core.webui.keyword.WebUiBuiltInKeywords.verifyTextPresent(WebUiBuiltInKeywords.groovy:1677)
	at com.kms.katalon.core.webui.keyword.WebUiBuiltInKeywords$verifyTextPresent$6.call(Unknown Source)
	at Toggling language.run(Toggling language:51)
	at com.kms.katalon.core.main.ScriptEngine.run(ScriptEngine.java:194)
	at com.kms.katalon.core.main.ScriptEngine.runScriptAsRawText(ScriptEngine.java:119)
	at com.kms.katalon.core.main.TestCaseExecutor.runScript(TestCaseExecutor.java:328)
	at com.kms.katalon.core.main.TestCaseExecutor.doExecute(TestCaseExecutor.java:319)
	at com.kms.katalon.core.main.TestCaseExecutor.processExecutionPhase(TestCaseExecutor.java:298)
	at com.kms.katalon.core.main.TestCaseExecutor.accessMainPhase(TestCaseExecutor.java:290)
	at com.kms.katalon.core.main.TestCaseExecutor.execute(TestCaseExecutor.java:224)
	at com.kms.katalon.core.main.TestSuiteExecutor.accessTestCaseMainPhase(TestSuiteExecutor.java:129)
	at com.kms.katalon.core.main.TestSuiteExecutor.accessTestSuiteMainPhase(TestSuiteExecutor.java:112)
	at com.kms.katalon.core.main.TestSuiteExecutor.execute(TestSuiteExecutor.java:81)
	at com.kms.katalon.core.main.TestCaseMain.startTestSuite(TestCaseMain.java:149)
	at com.kms.katalon.core.main.TestCaseMain$startTestSuite$0.call(Unknown Source)
	at TempTestSuite1558208231009.run(TempTestSuite1558208231009.groovy:36)
"/>
         <system-out><![CDATA[2019-05-18 15:38:31 - [TEST_CASE][FAILED] - Test Cases/OCS- HOME PAGE/Toggling language: Test Cases/OCS- HOME PAGE/Toggling language FAILED.
Reason:
com.kms.katalon.core.exception.StepFailedException: Text 'Découvrez nos variétés de cannabis les plus vendues' is not present on page 
	at com.kms.katalon.core.keyword.internal.KeywordMain.stepFailed(KeywordMain.groovy:32)
	at com.kms.katalon.core.webui.keyword.internal.WebUIKeywordMain.stepFailed(WebUIKeywordMain.groovy:65)
	at com.kms.katalon.core.webui.keyword.builtin.VerifyTextPresentKeyword$_verifyTextPresent_closure1.doCall(VerifyTextPresentKeyword.groovy:79)
	at com.kms.katalon.core.webui.keyword.builtin.VerifyTextPresentKeyword$_verifyTextPresent_closure1.call(VerifyTextPresentKeyword.groovy)
	at com.kms.katalon.core.webui.keyword.internal.WebUIKeywordMain.runKeyword(WebUIKeywordMain.groovy:21)
	at com.kms.katalon.core.webui.keyword.builtin.VerifyTextPresentKeyword.verifyTextPresent(VerifyTextPresentKeyword.groovy:83)
	at com.kms.katalon.core.webui.keyword.builtin.VerifyTextPresentKeyword.execute(VerifyTextPresentKeyword.groovy:68)
	at com.kms.katalon.core.keyword.internal.KeywordExecutor.executeKeywordForPlatform(KeywordExecutor.groovy:53)
	at com.kms.katalon.core.webui.keyword.WebUiBuiltInKeywords.verifyTextPresent(WebUiBuiltInKeywords.groovy:1677)
	at com.kms.katalon.core.webui.keyword.WebUiBuiltInKeywords$verifyTextPresent$6.call(Unknown Source)
	at Toggling language.run(Toggling language:51)
	at com.kms.katalon.core.main.ScriptEngine.run(ScriptEngine.java:194)
	at com.kms.katalon.core.main.ScriptEngine.runScriptAsRawText(ScriptEngine.java:119)
	at com.kms.katalon.core.main.TestCaseExecutor.runScript(TestCaseExecutor.java:328)
	at com.kms.katalon.core.main.TestCaseExecutor.doExecute(TestCaseExecutor.java:319)
	at com.kms.katalon.core.main.TestCaseExecutor.processExecutionPhase(TestCaseExecutor.java:298)
	at com.kms.katalon.core.main.TestCaseExecutor.accessMainPhase(TestCaseExecutor.java:290)
	at com.kms.katalon.core.main.TestCaseExecutor.execute(TestCaseExecutor.java:224)
	at com.kms.katalon.core.main.TestSuiteExecutor.accessTestCaseMainPhase(TestSuiteExecutor.java:129)
	at com.kms.katalon.core.main.TestSuiteExecutor.accessTestSuiteMainPhase(TestSuiteExecutor.java:112)
	at com.kms.katalon.core.main.TestSuiteExecutor.execute(TestSuiteExecutor.java:81)
	at com.kms.katalon.core.main.TestCaseMain.startTestSuite(TestCaseMain.java:149)
	at com.kms.katalon.core.main.TestCaseMain$startTestSuite$0.call(Unknown Source)
	at TempTestSuite1558208231009.run(TempTestSuite1558208231009.groovy:36)


2019-05-18 15:38:31 - [TEST_STEP][PASSED] - openBrowser(""): Browser is opened with url: ''

2019-05-18 15:38:31 - [MESSAGE][INFO] - Starting 'Chrome' driver

2019-05-18 15:38:32 - [MESSAGE][PASSED] - Browser is opened with url: ''

2019-05-18 15:38:32 - [TEST_STEP][PASSED] - navigateToUrl("https://ocs.ca/?fts=0&preview_theme_id=53373863756"): Navigate to 'https://ocs.ca/?fts=0&preview_theme_id=53373863756' successfully

2019-05-18 15:38:35 - [MESSAGE][PASSED] - Navigate to 'https://ocs.ca/?fts=0&preview_theme_id=53373863756' successfully

2019-05-18 15:38:35 - [TEST_STEP][PASSED] - click(findTestObject("Theme_oR/Page_Ontario Cannabis Store  Ontari/button_Hide bar")): Object: 'Object Repository/Theme_oR/Page_Ontario Cannabis Store  Ontari/button_Hide bar' is clicked on

2019-05-18 15:38:35 - [MESSAGE][PASSED] - Object: 'Object Repository/Theme_oR/Page_Ontario Cannabis Store  Ontari/button_Hide bar' is clicked on

2019-05-18 15:38:35 - [TEST_STEP][PASSED] - maximizeWindow(): Current window maximized

2019-05-18 15:38:35 - [MESSAGE][PASSED] - Current window maximized

2019-05-18 15:38:35 - [TEST_STEP][PASSED] - selectOptionByValue(findTestObject("language_OR/Page_Ontario Cannabis Store  Ontari/select_Select01020304050607080"), "1", true): All options with value '1' are selected in object 'Object Repository/language_OR/Page_Ontario Cannabis Store  Ontari/select_Select01020304050607080'  using regular expression

2019-05-18 15:38:36 - [MESSAGE][PASSED] - All options with value '1' are selected in object 'Object Repository/language_OR/Page_Ontario Cannabis Store  Ontari/select_Select01020304050607080'  using regular expression

2019-05-18 15:38:36 - [TEST_STEP][PASSED] - selectOptionByValue(findTestObject("Object Repository/language_OR/Page_Ontario Cannabis Store  Ontari/select_SelectJanuary - 01Febru"), "0", true): All options with value '0' are selected in object 'Object Repository/language_OR/Page_Ontario Cannabis Store  Ontari/select_SelectJanuary - 01Febru'  using regular expression

2019-05-18 15:38:36 - [MESSAGE][PASSED] - All options with value '0' are selected in object 'Object Repository/language_OR/Page_Ontario Cannabis Store  Ontari/select_SelectJanuary - 01Febru'  using regular expression

2019-05-18 15:38:36 - [TEST_STEP][PASSED] - selectOptionByValue(findTestObject("Object Repository/language_OR/Page_Ontario Cannabis Store  Ontari/select_Select20182017201620152"), "1968", true): All options with value '1968' are selected in object 'Object Repository/language_OR/Page_Ontario Cannabis Store  Ontari/select_Select20182017201620152'  using regular expression

2019-05-18 15:38:37 - [MESSAGE][PASSED] - All options with value '1968' are selected in object 'Object Repository/language_OR/Page_Ontario Cannabis Store  Ontari/select_Select20182017201620152'  using regular expression

2019-05-18 15:38:37 - [TEST_STEP][PASSED] - click(findTestObject("Object Repository/language_OR/Page_Ontario Cannabis Store  Ontari/button_Verify")): Object: 'Object Repository/language_OR/Page_Ontario Cannabis Store  Ontari/button_Verify' is clicked on

2019-05-18 15:38:37 - [MESSAGE][PASSED] - Object: 'Object Repository/language_OR/Page_Ontario Cannabis Store  Ontari/button_Verify' is clicked on

2019-05-18 15:38:37 - [TEST_STEP][PASSED] - click(findTestObject("Object Repository/language_OR/Page_Ontario Cannabis Store  Ontari/span_CONFIRM AND ACKNOWLEDGE_c")): Object: 'Object Repository/language_OR/Page_Ontario Cannabis Store  Ontari/span_CONFIRM AND ACKNOWLEDGE_c' is clicked on

2019-05-18 15:38:37 - [MESSAGE][PASSED] - Object: 'Object Repository/language_OR/Page_Ontario Cannabis Store  Ontari/span_CONFIRM AND ACKNOWLEDGE_c' is clicked on

2019-05-18 15:38:37 - [TEST_STEP][PASSED] - click(findTestObject("Object Repository/language_OR/Page_Ontario Cannabis Store  Ontari/button_CONFIRM")): Object: 'Object Repository/language_OR/Page_Ontario Cannabis Store  Ontari/button_CONFIRM' is clicked on

2019-05-18 15:38:37 - [MESSAGE][PASSED] - Object: 'Object Repository/language_OR/Page_Ontario Cannabis Store  Ontari/button_CONFIRM' is clicked on

2019-05-18 15:38:37 - [TEST_STEP][PASSED] - click(findTestObject("Object Repository/language_OR/Page_Ontario Cannabis Store  Ontari/button_Start Browsing")): Object: 'Object Repository/language_OR/Page_Ontario Cannabis Store  Ontari/button_Start Browsing' is clicked on

2019-05-18 15:38:37 - [MESSAGE][PASSED] - Object: 'Object Repository/language_OR/Page_Ontario Cannabis Store  Ontari/button_Start Browsing' is clicked on

2019-05-18 15:38:37 - [TEST_STEP][PASSED] - delay(2): Delayed 2 second(s)

2019-05-18 15:38:39 - [MESSAGE][PASSED] - Delayed 2 second(s)

2019-05-18 15:38:39 - [TEST_STEP][PASSED] - click(findTestObject("Object Repository/language_OR/Page_Ontario Cannabis Store  Ontari/p_English")): Object: 'Object Repository/language_OR/Page_Ontario Cannabis Store  Ontari/p_English' is clicked on

2019-05-18 15:38:40 - [MESSAGE][PASSED] - Object: 'Object Repository/language_OR/Page_Ontario Cannabis Store  Ontari/p_English' is clicked on

2019-05-18 15:38:40 - [TEST_STEP][PASSED] - delay(2): Delayed 2 second(s)

2019-05-18 15:38:42 - [MESSAGE][PASSED] - Delayed 2 second(s)

2019-05-18 15:38:42 - [TEST_STEP][PASSED] - click(findTestObject("language_OR/Page_Ontario Cannabis Store  Ontari/a_Franais")): Object: 'Object Repository/language_OR/Page_Ontario Cannabis Store  Ontari/a_Franais' is clicked on

2019-05-18 15:38:42 - [MESSAGE][PASSED] - Object: 'Object Repository/language_OR/Page_Ontario Cannabis Store  Ontari/a_Franais' is clicked on

2019-05-18 15:38:42 - [TEST_STEP][PASSED] - delay(2): Delayed 2 second(s)

2019-05-18 15:38:44 - [MESSAGE][PASSED] - Delayed 2 second(s)

2019-05-18 15:38:44 - [TEST_STEP][FAILED] - flag = verifyTextPresent("Découvrez nos variétés de cannabis les plus vendues", false, CONTINUE_ON_FAILURE): Text 'Découvrez nos variétés de cannabis les plus vendues' is not present on page 

2019-05-18 15:38:46 - [MESSAGE][FAILED] - Text 'Découvrez nos variétés de cannabis les plus vendues' is not present on page 

2019-05-18 15:38:46 - [TEST_STEP][PASSED] - comment("flag = " + flag): flag = false

2019-05-18 15:38:46 - [MESSAGE][INFO] - flag = false

2019-05-18 15:38:46 - [TEST_STEP][PASSED] - if (flag == true): null

2019-05-18 15:38:46 - [TEST_STEP][PASSED] - else:  French text not  found 

2019-05-18 15:38:46 - [TEST_STEP][PASSED] - comment(" French text not  found "):  French text not  found 

2019-05-18 15:38:46 - [MESSAGE][INFO] -  French text not  found 

2019-05-18 15:38:46 - [TEST_STEP][PASSED] - click(findTestObject("language_OR/Page_Magasin de Cannabis de lOntari/p_Franais")): Object: 'Object Repository/language_OR/Page_Magasin de Cannabis de lOntari/p_Franais' is clicked on

2019-05-18 15:38:46 - [MESSAGE][PASSED] - Object: 'Object Repository/language_OR/Page_Magasin de Cannabis de lOntari/p_Franais' is clicked on

2019-05-18 15:38:46 - [TEST_STEP][PASSED] - delay(2): Delayed 2 second(s)

2019-05-18 15:38:48 - [MESSAGE][PASSED] - Delayed 2 second(s)

2019-05-18 15:38:48 - [TEST_STEP][PASSED] - click(findTestObject("Object Repository/language_OR/Page_Magasin de Cannabis de lOntari/a_English")): Object: 'Object Repository/language_OR/Page_Magasin de Cannabis de lOntari/a_English' is clicked on

2019-05-18 15:38:48 - [MESSAGE][PASSED] - Object: 'Object Repository/language_OR/Page_Magasin de Cannabis de lOntari/a_English' is clicked on

2019-05-18 15:38:48 - [TEST_STEP][PASSED] - delay(2): Delayed 2 second(s)

2019-05-18 15:38:50 - [MESSAGE][PASSED] - Delayed 2 second(s)

2019-05-18 15:38:50 - [TEST_STEP][FAILED] - verifyTextPresent("Shop Our Best-Selling Cannabis Strains", false, CONTINUE_ON_FAILURE): Text 'Shop Our Best-Selling Cannabis Strains' is not present on page 

2019-05-18 15:38:51 - [MESSAGE][FAILED] - Text 'Shop Our Best-Selling Cannabis Strains' is not present on page 

2019-05-18 15:38:51 - [TEST_STEP][FAILED] - if (true): if (true) FAILED.
Reason:
com.kms.katalon.core.exception.StepFailedException: Text 'Découvrez nos variétés de cannabis les plus vendues' is not present on page 
	at com.kms.katalon.core.keyword.internal.KeywordMain.stepFailed(KeywordMain.groovy:32)
	at com.kms.katalon.core.webui.keyword.internal.WebUIKeywordMain.stepFailed(WebUIKeywordMain.groovy:65)
	at com.kms.katalon.core.webui.keyword.builtin.VerifyTextPresentKeyword$_verifyTextPresent_closure1.doCall(VerifyTextPresentKeyword.groovy:79)
	at com.kms.katalon.core.webui.keyword.builtin.VerifyTextPresentKeyword$_verifyTextPresent_closure1.call(VerifyTextPresentKeyword.groovy)
	at com.kms.katalon.core.webui.keyword.internal.WebUIKeywordMain.runKeyword(WebUIKeywordMain.groovy:21)
	at com.kms.katalon.core.webui.keyword.builtin.VerifyTextPresentKeyword.verifyTextPresent(VerifyTextPresentKeyword.groovy:83)
	at com.kms.katalon.core.webui.keyword.builtin.VerifyTextPresentKeyword.execute(VerifyTextPresentKeyword.groovy:68)
	at com.kms.katalon.core.keyword.internal.KeywordExecutor.executeKeywordForPlatform(KeywordExecutor.groovy:53)
	at com.kms.katalon.core.webui.keyword.WebUiBuiltInKeywords.verifyTextPresent(WebUiBuiltInKeywords.groovy:1677)
	at com.kms.katalon.core.webui.keyword.WebUiBuiltInKeywords$verifyTextPresent$6.call(Unknown Source)
	at Toggling language.run(Toggling language:51)
	at com.kms.katalon.core.main.ScriptEngine.run(ScriptEngine.java:194)
	at com.kms.katalon.core.main.ScriptEngine.runScriptAsRawText(ScriptEngine.java:119)
	at com.kms.katalon.core.main.TestCaseExecutor.runScript(TestCaseExecutor.java:328)
	at com.kms.katalon.core.main.TestCaseExecutor.doExecute(TestCaseExecutor.java:319)
	at com.kms.katalon.core.main.TestCaseExecutor.processExecutionPhase(TestCaseExecutor.java:298)
	at com.kms.katalon.core.main.TestCaseExecutor.accessMainPhase(TestCaseExecutor.java:290)
	at com.kms.katalon.core.main.TestCaseExecutor.execute(TestCaseExecutor.java:224)
	at com.kms.katalon.core.main.TestSuiteExecutor.accessTestCaseMainPhase(TestSuiteExecutor.java:129)
	at com.kms.katalon.core.main.TestSuiteExecutor.accessTestSuiteMainPhase(TestSuiteExecutor.java:112)
	at com.kms.katalon.core.main.TestSuiteExecutor.execute(TestSuiteExecutor.java:81)
	at com.kms.katalon.core.main.TestCaseMain.startTestSuite(TestCaseMain.java:149)
	at com.kms.katalon.core.main.TestCaseMain$startTestSuite$0.call(Unknown Source)
	at TempTestSuite1558208231009.run(TempTestSuite1558208231009.groovy:36)


2019-05-18 15:38:51 - [TEST_STEP][FAILED] - comment(" Language changing is successful"): if (true) FAILED.
Reason:
com.kms.katalon.core.exception.StepFailedException: Text 'Découvrez nos variétés de cannabis les plus vendues' is not present on page 
	at com.kms.katalon.core.keyword.internal.KeywordMain.stepFailed(KeywordMain.groovy:32)
	at com.kms.katalon.core.webui.keyword.internal.WebUIKeywordMain.stepFailed(WebUIKeywordMain.groovy:65)
	at com.kms.katalon.core.webui.keyword.builtin.VerifyTextPresentKeyword$_verifyTextPresent_closure1.doCall(VerifyTextPresentKeyword.groovy:79)
	at com.kms.katalon.core.webui.keyword.builtin.VerifyTextPresentKeyword$_verifyTextPresent_closure1.call(VerifyTextPresentKeyword.groovy)
	at com.kms.katalon.core.webui.keyword.internal.WebUIKeywordMain.runKeyword(WebUIKeywordMain.groovy:21)
	at com.kms.katalon.core.webui.keyword.builtin.VerifyTextPresentKeyword.verifyTextPresent(VerifyTextPresentKeyword.groovy:83)
	at com.kms.katalon.core.webui.keyword.builtin.VerifyTextPresentKeyword.execute(VerifyTextPresentKeyword.groovy:68)
	at com.kms.katalon.core.keyword.internal.KeywordExecutor.executeKeywordForPlatform(KeywordExecutor.groovy:53)
	at com.kms.katalon.core.webui.keyword.WebUiBuiltInKeywords.verifyTextPresent(WebUiBuiltInKeywords.groovy:1677)
	at com.kms.katalon.core.webui.keyword.WebUiBuiltInKeywords$verifyTextPresent$6.call(Unknown Source)
	at Toggling language.run(Toggling language:51)
	at com.kms.katalon.core.main.ScriptEngine.run(ScriptEngine.java:194)
	at com.kms.katalon.core.main.ScriptEngine.runScriptAsRawText(ScriptEngine.java:119)
	at com.kms.katalon.core.main.TestCaseExecutor.runScript(TestCaseExecutor.java:328)
	at com.kms.katalon.core.main.TestCaseExecutor.doExecute(TestCaseExecutor.java:319)
	at com.kms.katalon.core.main.TestCaseExecutor.processExecutionPhase(TestCaseExecutor.java:298)
	at com.kms.katalon.core.main.TestCaseExecutor.accessMainPhase(TestCaseExecutor.java:290)
	at com.kms.katalon.core.main.TestCaseExecutor.execute(TestCaseExecutor.java:224)
	at com.kms.katalon.core.main.TestSuiteExecutor.accessTestCaseMainPhase(TestSuiteExecutor.java:129)
	at com.kms.katalon.core.main.TestSuiteExecutor.accessTestSuiteMainPhase(TestSuiteExecutor.java:112)
	at com.kms.katalon.core.main.TestSuiteExecutor.execute(TestSuiteExecutor.java:81)
	at com.kms.katalon.core.main.TestCaseMain.startTestSuite(TestCaseMain.java:149)
	at com.kms.katalon.core.main.TestCaseMain$startTestSuite$0.call(Unknown Source)
	at TempTestSuite1558208231009.run(TempTestSuite1558208231009.groovy:36)


2019-05-18 15:38:51 - [MESSAGE][INFO] -  Language changing is successful

2019-05-18 15:38:51 - [MESSAGE][FAILED] - if (true) FAILED.
Reason:
com.kms.katalon.core.exception.StepFailedException: Text 'Découvrez nos variétés de cannabis les plus vendues' is not present on page 
	at com.kms.katalon.core.keyword.internal.KeywordMain.stepFailed(KeywordMain.groovy:32)
	at com.kms.katalon.core.webui.keyword.internal.WebUIKeywordMain.stepFailed(WebUIKeywordMain.groovy:65)
	at com.kms.katalon.core.webui.keyword.builtin.VerifyTextPresentKeyword$_verifyTextPresent_closure1.doCall(VerifyTextPresentKeyword.groovy:79)
	at com.kms.katalon.core.webui.keyword.builtin.VerifyTextPresentKeyword$_verifyTextPresent_closure1.call(VerifyTextPresentKeyword.groovy)
	at com.kms.katalon.core.webui.keyword.internal.WebUIKeywordMain.runKeyword(WebUIKeywordMain.groovy:21)
	at com.kms.katalon.core.webui.keyword.builtin.VerifyTextPresentKeyword.verifyTextPresent(VerifyTextPresentKeyword.groovy:83)
	at com.kms.katalon.core.webui.keyword.builtin.VerifyTextPresentKeyword.execute(VerifyTextPresentKeyword.groovy:68)
	at com.kms.katalon.core.keyword.internal.KeywordExecutor.executeKeywordForPlatform(KeywordExecutor.groovy:53)
	at com.kms.katalon.core.webui.keyword.WebUiBuiltInKeywords.verifyTextPresent(WebUiBuiltInKeywords.groovy:1677)
	at com.kms.katalon.core.webui.keyword.WebUiBuiltInKeywords$verifyTextPresent$6.call(Unknown Source)
	at Toggling language.run(Toggling language:51)
	at com.kms.katalon.core.main.ScriptEngine.run(ScriptEngine.java:194)
	at com.kms.katalon.core.main.ScriptEngine.runScriptAsRawText(ScriptEngine.java:119)
	at com.kms.katalon.core.main.TestCaseExecutor.runScript(TestCaseExecutor.java:328)
	at com.kms.katalon.core.main.TestCaseExecutor.doExecute(TestCaseExecutor.java:319)
	at com.kms.katalon.core.main.TestCaseExecutor.processExecutionPhase(TestCaseExecutor.java:298)
	at com.kms.katalon.core.main.TestCaseExecutor.accessMainPhase(TestCaseExecutor.java:290)
	at com.kms.katalon.core.main.TestCaseExecutor.execute(TestCaseExecutor.java:224)
	at com.kms.katalon.core.main.TestSuiteExecutor.accessTestCaseMainPhase(TestSuiteExecutor.java:129)
	at com.kms.katalon.core.main.TestSuiteExecutor.accessTestSuiteMainPhase(TestSuiteExecutor.java:112)
	at com.kms.katalon.core.main.TestSuiteExecutor.execute(TestSuiteExecutor.java:81)
	at com.kms.katalon.core.main.TestCaseMain.startTestSuite(TestCaseMain.java:149)
	at com.kms.katalon.core.main.TestCaseMain$startTestSuite$0.call(Unknown Source)
	at TempTestSuite1558208231009.run(TempTestSuite1558208231009.groovy:36)]]></system-out>
         <system-err><![CDATA[2019-05-18 15:38:31 - [TEST_CASE][FAILED] - Test Cases/OCS- HOME PAGE/Toggling language: Test Cases/OCS- HOME PAGE/Toggling language FAILED.
Reason:
com.kms.katalon.core.exception.StepFailedException: Text 'Découvrez nos variétés de cannabis les plus vendues' is not present on page 
	at com.kms.katalon.core.keyword.internal.KeywordMain.stepFailed(KeywordMain.groovy:32)
	at com.kms.katalon.core.webui.keyword.internal.WebUIKeywordMain.stepFailed(WebUIKeywordMain.groovy:65)
	at com.kms.katalon.core.webui.keyword.builtin.VerifyTextPresentKeyword$_verifyTextPresent_closure1.doCall(VerifyTextPresentKeyword.groovy:79)
	at com.kms.katalon.core.webui.keyword.builtin.VerifyTextPresentKeyword$_verifyTextPresent_closure1.call(VerifyTextPresentKeyword.groovy)
	at com.kms.katalon.core.webui.keyword.internal.WebUIKeywordMain.runKeyword(WebUIKeywordMain.groovy:21)
	at com.kms.katalon.core.webui.keyword.builtin.VerifyTextPresentKeyword.verifyTextPresent(VerifyTextPresentKeyword.groovy:83)
	at com.kms.katalon.core.webui.keyword.builtin.VerifyTextPresentKeyword.execute(VerifyTextPresentKeyword.groovy:68)
	at com.kms.katalon.core.keyword.internal.KeywordExecutor.executeKeywordForPlatform(KeywordExecutor.groovy:53)
	at com.kms.katalon.core.webui.keyword.WebUiBuiltInKeywords.verifyTextPresent(WebUiBuiltInKeywords.groovy:1677)
	at com.kms.katalon.core.webui.keyword.WebUiBuiltInKeywords$verifyTextPresent$6.call(Unknown Source)
	at Toggling language.run(Toggling language:51)
	at com.kms.katalon.core.main.ScriptEngine.run(ScriptEngine.java:194)
	at com.kms.katalon.core.main.ScriptEngine.runScriptAsRawText(ScriptEngine.java:119)
	at com.kms.katalon.core.main.TestCaseExecutor.runScript(TestCaseExecutor.java:328)
	at com.kms.katalon.core.main.TestCaseExecutor.doExecute(TestCaseExecutor.java:319)
	at com.kms.katalon.core.main.TestCaseExecutor.processExecutionPhase(TestCaseExecutor.java:298)
	at com.kms.katalon.core.main.TestCaseExecutor.accessMainPhase(TestCaseExecutor.java:290)
	at com.kms.katalon.core.main.TestCaseExecutor.execute(TestCaseExecutor.java:224)
	at com.kms.katalon.core.main.TestSuiteExecutor.accessTestCaseMainPhase(TestSuiteExecutor.java:129)
	at com.kms.katalon.core.main.TestSuiteExecutor.accessTestSuiteMainPhase(TestSuiteExecutor.java:112)
	at com.kms.katalon.core.main.TestSuiteExecutor.execute(TestSuiteExecutor.java:81)
	at com.kms.katalon.core.main.TestCaseMain.startTestSuite(TestCaseMain.java:149)
	at com.kms.katalon.core.main.TestCaseMain$startTestSuite$0.call(Unknown Source)
	at TempTestSuite1558208231009.run(TempTestSuite1558208231009.groovy:36)]]></system-err>
      </testcase>
      <testcase name="Test Cases/OCS- HOME PAGE/HP-Mega menu - Hover-cannabis" classname="Test Cases/OCS- HOME PAGE/HP-Mega menu - Hover-cannabis" status="FAILED">
         <failure type="FAILED" message="Test Cases/OCS- HOME PAGE/HP-Mega menu - Hover-cannabis FAILED.
Reason:
com.kms.katalon.core.exception.StepFailedException: Unable to click on object 'Object Repository/mega-menu - cannabis/Page_Sativa Dominant Dried Flower/span_Hybrid' (Root cause: com.kms.katalon.core.webui.exception.WebElementNotFoundException: Web element with id: 'Object Repository/mega-menu - cannabis/Page_Sativa Dominant Dried Flower/span_Hybrid' located by 'By.xpath: id(&quot;shopify-section-en-header&quot;)/header[@class=&quot;header&quot;]/div[@class=&quot;menu-bar&quot;]/div[@class=&quot;menu-bar__content&quot;]/div[@class=&quot;menu-bar__left-wrapper&quot;]/div[@class=&quot;mega-menu js-mega-menu&quot;]/nav[@class=&quot;menu js-menu&quot;]/ul[@class=&quot;menu__list unstyled&quot;]/li[@class=&quot;menu__tier-one js-menu__tier-one has-tier-two-open&quot;]/div[@class=&quot;menu__tier-two&quot;]/div[@class=&quot;menu__tier-two__content-container clearfix&quot;]/ul[@class=&quot;unstyled no-margin menu__tier-two__menu-primary&quot;]/li[@class=&quot;menu__tier-three menu--type-one js-menu__tier-three&quot;]/div[@class=&quot;accordion-item__nested-container accordionize__content accordionize__content--mega-menu&quot;]/div[1]/ul[@class=&quot;unstyled&quot;]/li[@class=&quot;menu__tier-four&quot;]/a[@class=&quot;menu__tier-four__link&quot;]/span[1][count(. | //span[(text() = 'Hybrid' or . = 'Hybrid')]) = count(//span[(text() = 'Hybrid' or . = 'Hybrid')])]' not found)
	at com.kms.katalon.core.keyword.internal.KeywordMain.stepFailed(KeywordMain.groovy:32)
	at com.kms.katalon.core.webui.keyword.internal.WebUIKeywordMain.stepFailed(WebUIKeywordMain.groovy:65)
	at com.kms.katalon.core.webui.keyword.internal.WebUIKeywordMain.runKeyword(WebUIKeywordMain.groovy:27)
	at com.kms.katalon.core.webui.keyword.builtin.ClickKeyword.click(ClickKeyword.groovy:86)
	at com.kms.katalon.core.webui.keyword.builtin.ClickKeyword.execute(ClickKeyword.groovy:67)
	at com.kms.katalon.core.keyword.internal.KeywordExecutor.executeKeywordForPlatform(KeywordExecutor.groovy:53)
	at com.kms.katalon.core.webui.keyword.WebUiBuiltInKeywords.click(WebUiBuiltInKeywords.groovy:604)
	at com.kms.katalon.core.webui.keyword.WebUiBuiltInKeywords$click$8.call(Unknown Source)
	at HP-Mega menu - Hover-cannabis.run(HP-Mega menu - Hover-cannabis:75)
	at com.kms.katalon.core.main.ScriptEngine.run(ScriptEngine.java:194)
	at com.kms.katalon.core.main.ScriptEngine.runScriptAsRawText(ScriptEngine.java:119)
	at com.kms.katalon.core.main.TestCaseExecutor.runScript(TestCaseExecutor.java:328)
	at com.kms.katalon.core.main.TestCaseExecutor.doExecute(TestCaseExecutor.java:319)
	at com.kms.katalon.core.main.TestCaseExecutor.processExecutionPhase(TestCaseExecutor.java:298)
	at com.kms.katalon.core.main.TestCaseExecutor.accessMainPhase(TestCaseExecutor.java:290)
	at com.kms.katalon.core.main.TestCaseExecutor.execute(TestCaseExecutor.java:224)
	at com.kms.katalon.core.main.TestSuiteExecutor.accessTestCaseMainPhase(TestSuiteExecutor.java:129)
	at com.kms.katalon.core.main.TestSuiteExecutor.accessTestSuiteMainPhase(TestSuiteExecutor.java:112)
	at com.kms.katalon.core.main.TestSuiteExecutor.execute(TestSuiteExecutor.java:81)
	at com.kms.katalon.core.main.TestCaseMain.startTestSuite(TestCaseMain.java:149)
	at com.kms.katalon.core.main.TestCaseMain$startTestSuite$0.call(Unknown Source)
	at TempTestSuite1558208231009.run(TempTestSuite1558208231009.groovy:36)
"/>
         <system-out><![CDATA[2019-05-18 15:38:51 - [TEST_CASE][FAILED] - Test Cases/OCS- HOME PAGE/HP-Mega menu - Hover-cannabis: Test Cases/OCS- HOME PAGE/HP-Mega menu - Hover-cannabis FAILED.
Reason:
com.kms.katalon.core.exception.StepFailedException: Unable to click on object 'Object Repository/mega-menu - cannabis/Page_Sativa Dominant Dried Flower/span_Hybrid' (Root cause: com.kms.katalon.core.webui.exception.WebElementNotFoundException: Web element with id: 'Object Repository/mega-menu - cannabis/Page_Sativa Dominant Dried Flower/span_Hybrid' located by 'By.xpath: id("shopify-section-en-header")/header[@class="header"]/div[@class="menu-bar"]/div[@class="menu-bar__content"]/div[@class="menu-bar__left-wrapper"]/div[@class="mega-menu js-mega-menu"]/nav[@class="menu js-menu"]/ul[@class="menu__list unstyled"]/li[@class="menu__tier-one js-menu__tier-one has-tier-two-open"]/div[@class="menu__tier-two"]/div[@class="menu__tier-two__content-container clearfix"]/ul[@class="unstyled no-margin menu__tier-two__menu-primary"]/li[@class="menu__tier-three menu--type-one js-menu__tier-three"]/div[@class="accordion-item__nested-container accordionize__content accordionize__content--mega-menu"]/div[1]/ul[@class="unstyled"]/li[@class="menu__tier-four"]/a[@class="menu__tier-four__link"]/span[1][count(. | //span[(text() = 'Hybrid' or . = 'Hybrid')]) = count(//span[(text() = 'Hybrid' or . = 'Hybrid')])]' not found)
	at com.kms.katalon.core.keyword.internal.KeywordMain.stepFailed(KeywordMain.groovy:32)
	at com.kms.katalon.core.webui.keyword.internal.WebUIKeywordMain.stepFailed(WebUIKeywordMain.groovy:65)
	at com.kms.katalon.core.webui.keyword.internal.WebUIKeywordMain.runKeyword(WebUIKeywordMain.groovy:27)
	at com.kms.katalon.core.webui.keyword.builtin.ClickKeyword.click(ClickKeyword.groovy:86)
	at com.kms.katalon.core.webui.keyword.builtin.ClickKeyword.execute(ClickKeyword.groovy:67)
	at com.kms.katalon.core.keyword.internal.KeywordExecutor.executeKeywordForPlatform(KeywordExecutor.groovy:53)
	at com.kms.katalon.core.webui.keyword.WebUiBuiltInKeywords.click(WebUiBuiltInKeywords.groovy:604)
	at com.kms.katalon.core.webui.keyword.WebUiBuiltInKeywords$click$8.call(Unknown Source)
	at HP-Mega menu - Hover-cannabis.run(HP-Mega menu - Hover-cannabis:75)
	at com.kms.katalon.core.main.ScriptEngine.run(ScriptEngine.java:194)
	at com.kms.katalon.core.main.ScriptEngine.runScriptAsRawText(ScriptEngine.java:119)
	at com.kms.katalon.core.main.TestCaseExecutor.runScript(TestCaseExecutor.java:328)
	at com.kms.katalon.core.main.TestCaseExecutor.doExecute(TestCaseExecutor.java:319)
	at com.kms.katalon.core.main.TestCaseExecutor.processExecutionPhase(TestCaseExecutor.java:298)
	at com.kms.katalon.core.main.TestCaseExecutor.accessMainPhase(TestCaseExecutor.java:290)
	at com.kms.katalon.core.main.TestCaseExecutor.execute(TestCaseExecutor.java:224)
	at com.kms.katalon.core.main.TestSuiteExecutor.accessTestCaseMainPhase(TestSuiteExecutor.java:129)
	at com.kms.katalon.core.main.TestSuiteExecutor.accessTestSuiteMainPhase(TestSuiteExecutor.java:112)
	at com.kms.katalon.core.main.TestSuiteExecutor.execute(TestSuiteExecutor.java:81)
	at com.kms.katalon.core.main.TestCaseMain.startTestSuite(TestCaseMain.java:149)
	at com.kms.katalon.core.main.TestCaseMain$startTestSuite$0.call(Unknown Source)
	at TempTestSuite1558208231009.run(TempTestSuite1558208231009.groovy:36)


2019-05-18 15:38:51 - [TEST_STEP][PASSED] - openBrowser(""): Browser is opened with url: ''

2019-05-18 15:38:51 - [MESSAGE][WARNING] - A browser is already opened. Closing browser and opening a new one

2019-05-18 15:38:52 - [MESSAGE][INFO] - Starting 'Chrome' driver

2019-05-18 15:38:53 - [MESSAGE][PASSED] - Browser is opened with url: ''

2019-05-18 15:38:53 - [TEST_STEP][PASSED] - navigateToUrl("https://ocs.ca/?fts=0&preview_theme_id=53373863756"): Navigate to 'https://ocs.ca/?fts=0&preview_theme_id=53373863756' successfully

2019-05-18 15:38:56 - [MESSAGE][PASSED] - Navigate to 'https://ocs.ca/?fts=0&preview_theme_id=53373863756' successfully

2019-05-18 15:38:56 - [TEST_STEP][PASSED] - click(findTestObject("Theme_oR/Page_Ontario Cannabis Store  Ontari/button_Hide bar")): Object: 'Object Repository/Theme_oR/Page_Ontario Cannabis Store  Ontari/button_Hide bar' is clicked on

2019-05-18 15:38:56 - [MESSAGE][PASSED] - Object: 'Object Repository/Theme_oR/Page_Ontario Cannabis Store  Ontari/button_Hide bar' is clicked on

2019-05-18 15:38:56 - [TEST_STEP][PASSED] - maximizeWindow(): Current window maximized

2019-05-18 15:38:56 - [MESSAGE][PASSED] - Current window maximized

2019-05-18 15:38:56 - [TEST_STEP][PASSED] - selectOptionByValue(findTestObject("Object Repository/mega-menu - cannabis/Page_Ontario Cannabis Store  Ontari/select_Select01020304050607080"), "1", true): All options with value '1' are selected in object 'Object Repository/mega-menu - cannabis/Page_Ontario Cannabis Store  Ontari/select_Select01020304050607080'  using regular expression

2019-05-18 15:38:57 - [MESSAGE][PASSED] - All options with value '1' are selected in object 'Object Repository/mega-menu - cannabis/Page_Ontario Cannabis Store  Ontari/select_Select01020304050607080'  using regular expression

2019-05-18 15:38:57 - [TEST_STEP][PASSED] - selectOptionByValue(findTestObject("Object Repository/mega-menu - cannabis/Page_Ontario Cannabis Store  Ontari/select_SelectJanuary - 01Febru"), "0", true): All options with value '0' are selected in object 'Object Repository/mega-menu - cannabis/Page_Ontario Cannabis Store  Ontari/select_SelectJanuary - 01Febru'  using regular expression

2019-05-18 15:38:57 - [MESSAGE][PASSED] - All options with value '0' are selected in object 'Object Repository/mega-menu - cannabis/Page_Ontario Cannabis Store  Ontari/select_SelectJanuary - 01Febru'  using regular expression

2019-05-18 15:38:57 - [TEST_STEP][PASSED] - selectOptionByValue(findTestObject("Object Repository/mega-menu - cannabis/Page_Ontario Cannabis Store  Ontari/select_Select20182017201620152"), "1968", true): All options with value '1968' are selected in object 'Object Repository/mega-menu - cannabis/Page_Ontario Cannabis Store  Ontari/select_Select20182017201620152'  using regular expression

2019-05-18 15:38:58 - [MESSAGE][PASSED] - All options with value '1968' are selected in object 'Object Repository/mega-menu - cannabis/Page_Ontario Cannabis Store  Ontari/select_Select20182017201620152'  using regular expression

2019-05-18 15:38:58 - [TEST_STEP][PASSED] - click(findTestObject("Object Repository/mega-menu - cannabis/Page_Ontario Cannabis Store  Ontari/button_Verify")): Object: 'Object Repository/mega-menu - cannabis/Page_Ontario Cannabis Store  Ontari/button_Verify' is clicked on

2019-05-18 15:38:58 - [MESSAGE][PASSED] - Object: 'Object Repository/mega-menu - cannabis/Page_Ontario Cannabis Store  Ontari/button_Verify' is clicked on

2019-05-18 15:38:58 - [TEST_STEP][PASSED] - click(findTestObject("Object Repository/mega-menu - cannabis/Page_Ontario Cannabis Store  Ontari/span_CONFIRM AND ACKNOWLEDGE_c")): Object: 'Object Repository/mega-menu - cannabis/Page_Ontario Cannabis Store  Ontari/span_CONFIRM AND ACKNOWLEDGE_c' is clicked on

2019-05-18 15:38:58 - [MESSAGE][PASSED] - Object: 'Object Repository/mega-menu - cannabis/Page_Ontario Cannabis Store  Ontari/span_CONFIRM AND ACKNOWLEDGE_c' is clicked on

2019-05-18 15:38:58 - [TEST_STEP][PASSED] - click(findTestObject("Object Repository/mega-menu - cannabis/Page_Ontario Cannabis Store  Ontari/button_CONFIRM")): Object: 'Object Repository/mega-menu - cannabis/Page_Ontario Cannabis Store  Ontari/button_CONFIRM' is clicked on

2019-05-18 15:38:58 - [MESSAGE][PASSED] - Object: 'Object Repository/mega-menu - cannabis/Page_Ontario Cannabis Store  Ontari/button_CONFIRM' is clicked on

2019-05-18 15:38:58 - [TEST_STEP][PASSED] - click(findTestObject("Object Repository/mega-menu - cannabis/Page_Ontario Cannabis Store  Ontari/button_Start Browsing")): Object: 'Object Repository/mega-menu - cannabis/Page_Ontario Cannabis Store  Ontari/button_Start Browsing' is clicked on

2019-05-18 15:38:58 - [MESSAGE][PASSED] - Object: 'Object Repository/mega-menu - cannabis/Page_Ontario Cannabis Store  Ontari/button_Start Browsing' is clicked on

2019-05-18 15:38:58 - [TEST_STEP][PASSED] - delay(2): Delayed 2 second(s)

2019-05-18 15:39:00 - [MESSAGE][PASSED] - Delayed 2 second(s)

2019-05-18 15:39:00 - [TEST_STEP][NOT_RUN] - click(findTestObject("mega-menu - cannabis/Page_Ontario Cannabis Store  Ontari/h3_Cannabis")): NOT_RUN: click(findTestObject("mega-menu - cannabis/Page_Ontario Cannabis Store  Ontari/h3_Cannabis"))

2019-05-18 15:39:00 - [MESSAGE][NOT_RUN] - NOT_RUN: click(findTestObject("mega-menu - cannabis/Page_Ontario Cannabis Store  Ontari/h3_Cannabis"))

2019-05-18 15:39:00 - [TEST_STEP][PASSED] - mouseOver(findTestObject("OCS_CRITICAL PATH/cart flyout- price/Page_Ontario Cannabis Store  Ontari/h3_Cannabis")): Object: 'Object Repository/OCS_CRITICAL PATH/cart flyout- price/Page_Ontario Cannabis Store  Ontari/h3_Cannabis' is hovered

2019-05-18 15:39:01 - [MESSAGE][PASSED] - Object: 'Object Repository/OCS_CRITICAL PATH/cart flyout- price/Page_Ontario Cannabis Store  Ontari/h3_Cannabis' is hovered

2019-05-18 15:39:01 - [TEST_STEP][PASSED] - delay(2): Delayed 2 second(s)

2019-05-18 15:39:03 - [MESSAGE][PASSED] - Delayed 2 second(s)

2019-05-18 15:39:03 - [TEST_STEP][PASSED] - click(findTestObject("mega-menu - cannabis/Page_Dried Flower  Ontario Cannabis/span_Indica Dominant")): Object: 'Object Repository/mega-menu - cannabis/Page_Dried Flower  Ontario Cannabis/span_Indica Dominant' is clicked on

2019-05-18 15:39:05 - [MESSAGE][PASSED] - Object: 'Object Repository/mega-menu - cannabis/Page_Dried Flower  Ontario Cannabis/span_Indica Dominant' is clicked on

2019-05-18 15:39:05 - [TEST_STEP][PASSED] - mouseOver(findTestObject("mega-menu - cannabis/Page_Ontario Cannabis Store  Ontari/h3_Cannabis")): Object: 'Object Repository/mega-menu - cannabis/Page_Ontario Cannabis Store  Ontari/h3_Cannabis' is hovered

2019-05-18 15:39:05 - [MESSAGE][PASSED] - Object: 'Object Repository/mega-menu - cannabis/Page_Ontario Cannabis Store  Ontari/h3_Cannabis' is hovered

2019-05-18 15:39:05 - [TEST_STEP][PASSED] - delay(3): Delayed 3 second(s)

2019-05-18 15:39:08 - [MESSAGE][PASSED] - Delayed 3 second(s)

2019-05-18 15:39:08 - [TEST_STEP][PASSED] - mouseOver(findTestObject("mega-menu - cannabis/Page_Ontario Cannabis Store  Ontari/span_Dried Flower")): Object: 'Object Repository/mega-menu - cannabis/Page_Ontario Cannabis Store  Ontari/span_Dried Flower' is hovered

2019-05-18 15:39:08 - [MESSAGE][PASSED] - Object: 'Object Repository/mega-menu - cannabis/Page_Ontario Cannabis Store  Ontari/span_Dried Flower' is hovered

2019-05-18 15:39:08 - [TEST_STEP][PASSED] - delay(2): Delayed 2 second(s)

2019-05-18 15:39:10 - [MESSAGE][PASSED] - Delayed 2 second(s)

2019-05-18 15:39:10 - [TEST_STEP][PASSED] - click(findTestObject("mega-menu - cannabis/Page_Ontario Cannabis Store  Ontari/span_Dried Flower")): Object: 'Object Repository/mega-menu - cannabis/Page_Ontario Cannabis Store  Ontari/span_Dried Flower' is clicked on

2019-05-18 15:39:12 - [MESSAGE][PASSED] - Object: 'Object Repository/mega-menu - cannabis/Page_Ontario Cannabis Store  Ontari/span_Dried Flower' is clicked on

2019-05-18 15:39:12 - [TEST_STEP][PASSED] - mouseOver(findTestObject("mega-menu - cannabis/Page_Ontario Cannabis Store  Ontari/h3_Cannabis")): Object: 'Object Repository/mega-menu - cannabis/Page_Ontario Cannabis Store  Ontari/h3_Cannabis' is hovered

2019-05-18 15:39:13 - [MESSAGE][PASSED] - Object: 'Object Repository/mega-menu - cannabis/Page_Ontario Cannabis Store  Ontari/h3_Cannabis' is hovered

2019-05-18 15:39:13 - [TEST_STEP][PASSED] - delay(2): Delayed 2 second(s)

2019-05-18 15:39:15 - [MESSAGE][PASSED] - Delayed 2 second(s)

2019-05-18 15:39:15 - [TEST_STEP][PASSED] - mouseOver(findTestObject("mega-menu - cannabis/Page_Ontario Cannabis Store  Ontari/h3_Cannabis")): Object: 'Object Repository/mega-menu - cannabis/Page_Ontario Cannabis Store  Ontari/h3_Cannabis' is hovered

2019-05-18 15:39:15 - [MESSAGE][PASSED] - Object: 'Object Repository/mega-menu - cannabis/Page_Ontario Cannabis Store  Ontari/h3_Cannabis' is hovered

2019-05-18 15:39:15 - [TEST_STEP][PASSED] - delay(2): Delayed 2 second(s)

2019-05-18 15:39:17 - [MESSAGE][PASSED] - Delayed 2 second(s)

2019-05-18 15:39:17 - [TEST_STEP][PASSED] - click(findTestObject("mega-menu - cannabis/Page_Indica Dominant Dried Flower/span_Sativa Dominant")): Object: 'Object Repository/mega-menu - cannabis/Page_Indica Dominant Dried Flower/span_Sativa Dominant' is clicked on

2019-05-18 15:39:19 - [MESSAGE][PASSED] - Object: 'Object Repository/mega-menu - cannabis/Page_Indica Dominant Dried Flower/span_Sativa Dominant' is clicked on

2019-05-18 15:39:19 - [TEST_STEP][PASSED] - mouseOver(findTestObject("mega-menu - cannabis/Page_Ontario Cannabis Store  Ontari/h3_Cannabis")): Object: 'Object Repository/mega-menu - cannabis/Page_Ontario Cannabis Store  Ontari/h3_Cannabis' is hovered

2019-05-18 15:39:19 - [MESSAGE][PASSED] - Object: 'Object Repository/mega-menu - cannabis/Page_Ontario Cannabis Store  Ontari/h3_Cannabis' is hovered

2019-05-18 15:39:19 - [TEST_STEP][PASSED] - delay(2): Delayed 2 second(s)

2019-05-18 15:39:21 - [MESSAGE][PASSED] - Delayed 2 second(s)

2019-05-18 15:39:21 - [TEST_STEP][FAILED] - click(findTestObject("mega-menu - cannabis/Page_Sativa Dominant Dried Flower/span_Hybrid"), CONTINUE_ON_FAILURE): Unable to click on object 'Object Repository/mega-menu - cannabis/Page_Sativa Dominant Dried Flower/span_Hybrid' (Root cause: com.kms.katalon.core.webui.exception.WebElementNotFoundException: Web element with id: 'Object Repository/mega-menu - cannabis/Page_Sativa Dominant Dried Flower/span_Hybrid' located by 'By.xpath: id("shopify-section-en-header")/header[@class="header"]/div[@class="menu-bar"]/div[@class="menu-bar__content"]/div[@class="menu-bar__left-wrapper"]/div[@class="mega-menu js-mega-menu"]/nav[@class="menu js-menu"]/ul[@class="menu__list unstyled"]/li[@class="menu__tier-one js-menu__tier-one has-tier-two-open"]/div[@class="menu__tier-two"]/div[@class="menu__tier-two__content-container clearfix"]/ul[@class="unstyled no-margin menu__tier-two__menu-primary"]/li[@class="menu__tier-three menu--type-one js-menu__tier-three"]/div[@class="accordion-item__nested-container accordionize__content accordionize__content--mega-menu"]/div[1]/ul[@class="unstyled"]/li[@class="menu__tier-four"]/a[@class="menu__tier-four__link"]/span[1][count(. | //span[(text() = 'Hybrid' or . = 'Hybrid')]) = count(//span[(text() = 'Hybrid' or . = 'Hybrid')])]' not found)

2019-05-18 15:39:51 - [MESSAGE][INFO] - Unable to find the element located by 'By.xpath: id("shopify-section-en-header")/header[@class="header"]/div[@class="menu-bar"]/div[@class="menu-bar__content"]/div[@class="menu-bar__left-wrapper"]/div[@class="mega-menu js-mega-menu"]/nav[@class="menu js-menu"]/ul[@class="menu__list unstyled"]/li[@class="menu__tier-one js-menu__tier-one has-tier-two-open"]/div[@class="menu__tier-two"]/div[@class="menu__tier-two__content-container clearfix"]/ul[@class="unstyled no-margin menu__tier-two__menu-primary"]/li[@class="menu__tier-three menu--type-one js-menu__tier-three"]/div[@class="accordion-item__nested-container accordionize__content accordionize__content--mega-menu"]/div[1]/ul[@class="unstyled"]/li[@class="menu__tier-four"]/a[@class="menu__tier-four__link"]/span[1][count(. | //span[(text() = 'Hybrid' or . = 'Hybrid')]) = count(//span[(text() = 'Hybrid' or . = 'Hybrid')])]'. Please recheck the objects properties to make sure the desired element is located. 

2019-05-18 15:39:52 - [MESSAGE][FAILED] - Unable to click on object 'Object Repository/mega-menu - cannabis/Page_Sativa Dominant Dried Flower/span_Hybrid' (Root cause: com.kms.katalon.core.webui.exception.WebElementNotFoundException: Web element with id: 'Object Repository/mega-menu - cannabis/Page_Sativa Dominant Dried Flower/span_Hybrid' located by 'By.xpath: id("shopify-section-en-header")/header[@class="header"]/div[@class="menu-bar"]/div[@class="menu-bar__content"]/div[@class="menu-bar__left-wrapper"]/div[@class="mega-menu js-mega-menu"]/nav[@class="menu js-menu"]/ul[@class="menu__list unstyled"]/li[@class="menu__tier-one js-menu__tier-one has-tier-two-open"]/div[@class="menu__tier-two"]/div[@class="menu__tier-two__content-container clearfix"]/ul[@class="unstyled no-margin menu__tier-two__menu-primary"]/li[@class="menu__tier-three menu--type-one js-menu__tier-three"]/div[@class="accordion-item__nested-container accordionize__content accordionize__content--mega-menu"]/div[1]/ul[@class="unstyled"]/li[@class="menu__tier-four"]/a[@class="menu__tier-four__link"]/span[1][count(. | //span[(text() = 'Hybrid' or . = 'Hybrid')]) = count(//span[(text() = 'Hybrid' or . = 'Hybrid')])]' not found)
[[ATTACHMENT|/Users/sumankompelly/git/Ontario-cannbis-store/Reports/OCS- MOBILE/AGE GATE/20190518_153710/1558208391859.png]]

2019-05-18 15:39:52 - [TEST_STEP][PASSED] - mouseOver(findTestObject("mega-menu - cannabis/Page_Ontario Cannabis Store  Ontari/h3_Cannabis")): Object: 'Object Repository/mega-menu - cannabis/Page_Ontario Cannabis Store  Ontari/h3_Cannabis' is hovered

2019-05-18 15:39:52 - [MESSAGE][PASSED] - Object: 'Object Repository/mega-menu - cannabis/Page_Ontario Cannabis Store  Ontari/h3_Cannabis' is hovered

2019-05-18 15:39:52 - [TEST_STEP][PASSED] - delay(2): Delayed 2 second(s)

2019-05-18 15:39:54 - [MESSAGE][PASSED] - Delayed 2 second(s)

2019-05-18 15:39:54 - [TEST_STEP][FAILED] - click(findTestObject("mega-menu - cannabis/Page_Hybrid Dried Flower  Ontario C/a_Shop AllDried Flower")): click(findTestObject("mega-menu - cannabis/Page_Hybrid Dried Flower  Ontario C/a_Shop AllDried Flower")) FAILED.
Reason:
com.kms.katalon.core.exception.StepFailedException: Unable to click on object 'Object Repository/mega-menu - cannabis/Page_Sativa Dominant Dried Flower/span_Hybrid' (Root cause: com.kms.katalon.core.webui.exception.WebElementNotFoundException: Web element with id: 'Object Repository/mega-menu - cannabis/Page_Sativa Dominant Dried Flower/span_Hybrid' located by 'By.xpath: id("shopify-section-en-header")/header[@class="header"]/div[@class="menu-bar"]/div[@class="menu-bar__content"]/div[@class="menu-bar__left-wrapper"]/div[@class="mega-menu js-mega-menu"]/nav[@class="menu js-menu"]/ul[@class="menu__list unstyled"]/li[@class="menu__tier-one js-menu__tier-one has-tier-two-open"]/div[@class="menu__tier-two"]/div[@class="menu__tier-two__content-container clearfix"]/ul[@class="unstyled no-margin menu__tier-two__menu-primary"]/li[@class="menu__tier-three menu--type-one js-menu__tier-three"]/div[@class="accordion-item__nested-container accordionize__content accordionize__content--mega-menu"]/div[1]/ul[@class="unstyled"]/li[@class="menu__tier-four"]/a[@class="menu__tier-four__link"]/span[1][count(. | //span[(text() = 'Hybrid' or . = 'Hybrid')]) = count(//span[(text() = 'Hybrid' or . = 'Hybrid')])]' not found)
	at com.kms.katalon.core.keyword.internal.KeywordMain.stepFailed(KeywordMain.groovy:32)
	at com.kms.katalon.core.webui.keyword.internal.WebUIKeywordMain.stepFailed(WebUIKeywordMain.groovy:65)
	at com.kms.katalon.core.webui.keyword.internal.WebUIKeywordMain.runKeyword(WebUIKeywordMain.groovy:27)
	at com.kms.katalon.core.webui.keyword.builtin.ClickKeyword.click(ClickKeyword.groovy:86)
	at com.kms.katalon.core.webui.keyword.builtin.ClickKeyword.execute(ClickKeyword.groovy:67)
	at com.kms.katalon.core.keyword.internal.KeywordExecutor.executeKeywordForPlatform(KeywordExecutor.groovy:53)
	at com.kms.katalon.core.webui.keyword.WebUiBuiltInKeywords.click(WebUiBuiltInKeywords.groovy:604)
	at com.kms.katalon.core.webui.keyword.WebUiBuiltInKeywords$click$8.call(Unknown Source)
	at HP-Mega menu - Hover-cannabis.run(HP-Mega menu - Hover-cannabis:75)
	at com.kms.katalon.core.main.ScriptEngine.run(ScriptEngine.java:194)
	at com.kms.katalon.core.main.ScriptEngine.runScriptAsRawText(ScriptEngine.java:119)
	at com.kms.katalon.core.main.TestCaseExecutor.runScript(TestCaseExecutor.java:328)
	at com.kms.katalon.core.main.TestCaseExecutor.doExecute(TestCaseExecutor.java:319)
	at com.kms.katalon.core.main.TestCaseExecutor.processExecutionPhase(TestCaseExecutor.java:298)
	at com.kms.katalon.core.main.TestCaseExecutor.accessMainPhase(TestCaseExecutor.java:290)
	at com.kms.katalon.core.main.TestCaseExecutor.execute(TestCaseExecutor.java:224)
	at com.kms.katalon.core.main.TestSuiteExecutor.accessTestCaseMainPhase(TestSuiteExecutor.java:129)
	at com.kms.katalon.core.main.TestSuiteExecutor.accessTestSuiteMainPhase(TestSuiteExecutor.java:112)
	at com.kms.katalon.core.main.TestSuiteExecutor.execute(TestSuiteExecutor.java:81)
	at com.kms.katalon.core.main.TestCaseMain.startTestSuite(TestCaseMain.java:149)
	at com.kms.katalon.core.main.TestCaseMain$startTestSuite$0.call(Unknown Source)
	at TempTestSuite1558208231009.run(TempTestSuite1558208231009.groovy:36)


2019-05-18 15:39:54 - [MESSAGE][FAILED] - Unable to click on object 'Object Repository/mega-menu - cannabis/Page_Hybrid Dried Flower  Ontario C/a_Shop AllDried Flower' (Root cause: org.openqa.selenium.ElementNotVisibleException: element not interactable
  (Session info: chrome=74.0.3729.157)
  (Driver info: chromedriver=2.43.600229 (3fae4d0cda5334b4f533bede5a4787f7b832d052),platform=Mac OS X 10.13.6 x86_64) (WARNING: The server did not provide any stacktrace information)
Command duration or timeout: 0 milliseconds
Build info: version: '3.7.1', revision: '8a0099a', time: '2017-11-06T21:07:36.161Z'
System info: host: 'sumans-MacBook-Pro.local', ip: 'fe80:0:0:0:c95:20e5:430d:4315%en0', os.name: 'Mac OS X', os.arch: 'x86_64', os.version: '10.13.6', java.version: '1.8.0_181'
Driver info: com.kms.katalon.selenium.driver.CChromeDriver
Capabilities {acceptInsecureCerts: false, acceptSslCerts: false, applicationCacheEnabled: false, browserConnectionEnabled: false, browserName: chrome, chrome: {chromedriverVersion: 2.43.600229 (3fae4d0cda5334..., userDataDir: /var/folders/1t/c55l8xzs6gq...}, cssSelectorsEnabled: true, databaseEnabled: false, goog:chromeOptions: {debuggerAddress: localhost:50062}, handlesAlerts: true, hasTouchScreen: false, javascriptEnabled: true, locationContextEnabled: true, mobileEmulationEnabled: false, nativeEvents: true, networkConnectionEnabled: false, pageLoadStrategy: normal, platform: MAC, platformName: MAC, rotatable: false, setWindowRect: true, takesHeapSnapshot: true, takesScreenshot: true, unexpectedAlertBehaviour: , unhandledPromptBehavior: , version: 74.0.3729.157, webStorageEnabled: true}
Session ID: aa0539babad6506667a1876ed27de6b8)
[[ATTACHMENT|/Users/sumankompelly/git/Ontario-cannbis-store/Reports/OCS- MOBILE/AGE GATE/20190518_153710/1558208394398.png]]

2019-05-18 15:39:54 - [MESSAGE][FAILED] - click(findTestObject("mega-menu - cannabis/Page_Hybrid Dried Flower  Ontario C/a_Shop AllDried Flower")) FAILED.
Reason:
com.kms.katalon.core.exception.StepFailedException: Unable to click on object 'Object Repository/mega-menu - cannabis/Page_Sativa Dominant Dried Flower/span_Hybrid' (Root cause: com.kms.katalon.core.webui.exception.WebElementNotFoundException: Web element with id: 'Object Repository/mega-menu - cannabis/Page_Sativa Dominant Dried Flower/span_Hybrid' located by 'By.xpath: id("shopify-section-en-header")/header[@class="header"]/div[@class="menu-bar"]/div[@class="menu-bar__content"]/div[@class="menu-bar__left-wrapper"]/div[@class="mega-menu js-mega-menu"]/nav[@class="menu js-menu"]/ul[@class="menu__list unstyled"]/li[@class="menu__tier-one js-menu__tier-one has-tier-two-open"]/div[@class="menu__tier-two"]/div[@class="menu__tier-two__content-container clearfix"]/ul[@class="unstyled no-margin menu__tier-two__menu-primary"]/li[@class="menu__tier-three menu--type-one js-menu__tier-three"]/div[@class="accordion-item__nested-container accordionize__content accordionize__content--mega-menu"]/div[1]/ul[@class="unstyled"]/li[@class="menu__tier-four"]/a[@class="menu__tier-four__link"]/span[1][count(. | //span[(text() = 'Hybrid' or . = 'Hybrid')]) = count(//span[(text() = 'Hybrid' or . = 'Hybrid')])]' not found)
	at com.kms.katalon.core.keyword.internal.KeywordMain.stepFailed(KeywordMain.groovy:32)
	at com.kms.katalon.core.webui.keyword.internal.WebUIKeywordMain.stepFailed(WebUIKeywordMain.groovy:65)
	at com.kms.katalon.core.webui.keyword.internal.WebUIKeywordMain.runKeyword(WebUIKeywordMain.groovy:27)
	at com.kms.katalon.core.webui.keyword.builtin.ClickKeyword.click(ClickKeyword.groovy:86)
	at com.kms.katalon.core.webui.keyword.builtin.ClickKeyword.execute(ClickKeyword.groovy:67)
	at com.kms.katalon.core.keyword.internal.KeywordExecutor.executeKeywordForPlatform(KeywordExecutor.groovy:53)
	at com.kms.katalon.core.webui.keyword.WebUiBuiltInKeywords.click(WebUiBuiltInKeywords.groovy:604)
	at com.kms.katalon.core.webui.keyword.WebUiBuiltInKeywords$click$8.call(Unknown Source)
	at HP-Mega menu - Hover-cannabis.run(HP-Mega menu - Hover-cannabis:75)
	at com.kms.katalon.core.main.ScriptEngine.run(ScriptEngine.java:194)
	at com.kms.katalon.core.main.ScriptEngine.runScriptAsRawText(ScriptEngine.java:119)
	at com.kms.katalon.core.main.TestCaseExecutor.runScript(TestCaseExecutor.java:328)
	at com.kms.katalon.core.main.TestCaseExecutor.doExecute(TestCaseExecutor.java:319)
	at com.kms.katalon.core.main.TestCaseExecutor.processExecutionPhase(TestCaseExecutor.java:298)
	at com.kms.katalon.core.main.TestCaseExecutor.accessMainPhase(TestCaseExecutor.java:290)
	at com.kms.katalon.core.main.TestCaseExecutor.execute(TestCaseExecutor.java:224)
	at com.kms.katalon.core.main.TestSuiteExecutor.accessTestCaseMainPhase(TestSuiteExecutor.java:129)
	at com.kms.katalon.core.main.TestSuiteExecutor.accessTestSuiteMainPhase(TestSuiteExecutor.java:112)
	at com.kms.katalon.core.main.TestSuiteExecutor.execute(TestSuiteExecutor.java:81)
	at com.kms.katalon.core.main.TestCaseMain.startTestSuite(TestCaseMain.java:149)
	at com.kms.katalon.core.main.TestCaseMain$startTestSuite$0.call(Unknown Source)
	at TempTestSuite1558208231009.run(TempTestSuite1558208231009.groovy:36)]]></system-out>
         <system-err><![CDATA[2019-05-18 15:38:51 - [TEST_CASE][FAILED] - Test Cases/OCS- HOME PAGE/HP-Mega menu - Hover-cannabis: Test Cases/OCS- HOME PAGE/HP-Mega menu - Hover-cannabis FAILED.
Reason:
com.kms.katalon.core.exception.StepFailedException: Unable to click on object 'Object Repository/mega-menu - cannabis/Page_Sativa Dominant Dried Flower/span_Hybrid' (Root cause: com.kms.katalon.core.webui.exception.WebElementNotFoundException: Web element with id: 'Object Repository/mega-menu - cannabis/Page_Sativa Dominant Dried Flower/span_Hybrid' located by 'By.xpath: id("shopify-section-en-header")/header[@class="header"]/div[@class="menu-bar"]/div[@class="menu-bar__content"]/div[@class="menu-bar__left-wrapper"]/div[@class="mega-menu js-mega-menu"]/nav[@class="menu js-menu"]/ul[@class="menu__list unstyled"]/li[@class="menu__tier-one js-menu__tier-one has-tier-two-open"]/div[@class="menu__tier-two"]/div[@class="menu__tier-two__content-container clearfix"]/ul[@class="unstyled no-margin menu__tier-two__menu-primary"]/li[@class="menu__tier-three menu--type-one js-menu__tier-three"]/div[@class="accordion-item__nested-container accordionize__content accordionize__content--mega-menu"]/div[1]/ul[@class="unstyled"]/li[@class="menu__tier-four"]/a[@class="menu__tier-four__link"]/span[1][count(. | //span[(text() = 'Hybrid' or . = 'Hybrid')]) = count(//span[(text() = 'Hybrid' or . = 'Hybrid')])]' not found)
	at com.kms.katalon.core.keyword.internal.KeywordMain.stepFailed(KeywordMain.groovy:32)
	at com.kms.katalon.core.webui.keyword.internal.WebUIKeywordMain.stepFailed(WebUIKeywordMain.groovy:65)
	at com.kms.katalon.core.webui.keyword.internal.WebUIKeywordMain.runKeyword(WebUIKeywordMain.groovy:27)
	at com.kms.katalon.core.webui.keyword.builtin.ClickKeyword.click(ClickKeyword.groovy:86)
	at com.kms.katalon.core.webui.keyword.builtin.ClickKeyword.execute(ClickKeyword.groovy:67)
	at com.kms.katalon.core.keyword.internal.KeywordExecutor.executeKeywordForPlatform(KeywordExecutor.groovy:53)
	at com.kms.katalon.core.webui.keyword.WebUiBuiltInKeywords.click(WebUiBuiltInKeywords.groovy:604)
	at com.kms.katalon.core.webui.keyword.WebUiBuiltInKeywords$click$8.call(Unknown Source)
	at HP-Mega menu - Hover-cannabis.run(HP-Mega menu - Hover-cannabis:75)
	at com.kms.katalon.core.main.ScriptEngine.run(ScriptEngine.java:194)
	at com.kms.katalon.core.main.ScriptEngine.runScriptAsRawText(ScriptEngine.java:119)
	at com.kms.katalon.core.main.TestCaseExecutor.runScript(TestCaseExecutor.java:328)
	at com.kms.katalon.core.main.TestCaseExecutor.doExecute(TestCaseExecutor.java:319)
	at com.kms.katalon.core.main.TestCaseExecutor.processExecutionPhase(TestCaseExecutor.java:298)
	at com.kms.katalon.core.main.TestCaseExecutor.accessMainPhase(TestCaseExecutor.java:290)
	at com.kms.katalon.core.main.TestCaseExecutor.execute(TestCaseExecutor.java:224)
	at com.kms.katalon.core.main.TestSuiteExecutor.accessTestCaseMainPhase(TestSuiteExecutor.java:129)
	at com.kms.katalon.core.main.TestSuiteExecutor.accessTestSuiteMainPhase(TestSuiteExecutor.java:112)
	at com.kms.katalon.core.main.TestSuiteExecutor.execute(TestSuiteExecutor.java:81)
	at com.kms.katalon.core.main.TestCaseMain.startTestSuite(TestCaseMain.java:149)
	at com.kms.katalon.core.main.TestCaseMain$startTestSuite$0.call(Unknown Source)
	at TempTestSuite1558208231009.run(TempTestSuite1558208231009.groovy:36)]]></system-err>
      </testcase>
      <testcase name="Test Cases/OCS- HOME PAGE/Announcement" classname="Test Cases/OCS- HOME PAGE/Announcement" status="PASSED">
         <system-out><![CDATA[2019-05-18 15:39:54 - [TEST_CASE][PASSED] - Test Cases/OCS- HOME PAGE/Announcement: Test Cases/OCS- HOME PAGE/Announcement

2019-05-18 15:39:54 - [TEST_STEP][PASSED] - openBrowser(""): Browser is opened with url: ''

2019-05-18 15:39:54 - [MESSAGE][WARNING] - A browser is already opened. Closing browser and opening a new one

2019-05-18 15:39:55 - [MESSAGE][INFO] - Starting 'Chrome' driver

2019-05-18 15:39:56 - [MESSAGE][PASSED] - Browser is opened with url: ''

2019-05-18 15:39:56 - [TEST_STEP][PASSED] - navigateToUrl("https://ocs.ca/?fts=0&preview_theme_id=53373863756"): Navigate to 'https://ocs.ca/?fts=0&preview_theme_id=53373863756' successfully

2019-05-18 15:39:58 - [MESSAGE][PASSED] - Navigate to 'https://ocs.ca/?fts=0&preview_theme_id=53373863756' successfully

2019-05-18 15:39:58 - [TEST_STEP][PASSED] - click(findTestObject("Theme_oR/Page_Ontario Cannabis Store  Ontari/button_Hide bar")): Object: 'Object Repository/Theme_oR/Page_Ontario Cannabis Store  Ontari/button_Hide bar' is clicked on

2019-05-18 15:39:58 - [MESSAGE][PASSED] - Object: 'Object Repository/Theme_oR/Page_Ontario Cannabis Store  Ontari/button_Hide bar' is clicked on

2019-05-18 15:39:58 - [TEST_STEP][PASSED] - maximizeWindow(): Current window maximized

2019-05-18 15:39:58 - [MESSAGE][PASSED] - Current window maximized

2019-05-18 15:39:58 - [TEST_STEP][PASSED] - selectOptionByValue(findTestObject("Object Repository/Announcement_OR/Page_Ontario Cannabis Store  Ontari/select_Select01020304050607080"), "1", true): All options with value '1' are selected in object 'Object Repository/Announcement_OR/Page_Ontario Cannabis Store  Ontari/select_Select01020304050607080'  using regular expression

2019-05-18 15:39:58 - [MESSAGE][PASSED] - All options with value '1' are selected in object 'Object Repository/Announcement_OR/Page_Ontario Cannabis Store  Ontari/select_Select01020304050607080'  using regular expression

2019-05-18 15:39:58 - [TEST_STEP][PASSED] - selectOptionByValue(findTestObject("Object Repository/Announcement_OR/Page_Ontario Cannabis Store  Ontari/select_SelectJanuary - 01Febru"), "0", true): All options with value '0' are selected in object 'Object Repository/Announcement_OR/Page_Ontario Cannabis Store  Ontari/select_SelectJanuary - 01Febru'  using regular expression

2019-05-18 15:39:59 - [MESSAGE][PASSED] - All options with value '0' are selected in object 'Object Repository/Announcement_OR/Page_Ontario Cannabis Store  Ontari/select_SelectJanuary - 01Febru'  using regular expression

2019-05-18 15:39:59 - [TEST_STEP][PASSED] - selectOptionByValue(findTestObject("Object Repository/Announcement_OR/Page_Ontario Cannabis Store  Ontari/select_Select20182017201620152"), "1968", true): All options with value '1968' are selected in object 'Object Repository/Announcement_OR/Page_Ontario Cannabis Store  Ontari/select_Select20182017201620152'  using regular expression

2019-05-18 15:40:00 - [MESSAGE][PASSED] - All options with value '1968' are selected in object 'Object Repository/Announcement_OR/Page_Ontario Cannabis Store  Ontari/select_Select20182017201620152'  using regular expression

2019-05-18 15:40:00 - [TEST_STEP][PASSED] - delay(2): Delayed 2 second(s)

2019-05-18 15:40:02 - [MESSAGE][PASSED] - Delayed 2 second(s)

2019-05-18 15:40:02 - [TEST_STEP][PASSED] - click(findTestObject("Announcement_OR/Page_Ontario Cannabis Store  Ontari/button_Verify")): Object: 'Object Repository/Announcement_OR/Page_Ontario Cannabis Store  Ontari/button_Verify' is clicked on

2019-05-18 15:40:02 - [MESSAGE][PASSED] - Object: 'Object Repository/Announcement_OR/Page_Ontario Cannabis Store  Ontari/button_Verify' is clicked on

2019-05-18 15:40:02 - [TEST_STEP][PASSED] - click(findTestObject("Object Repository/Announcement_OR/Page_Ontario Cannabis Store  Ontari/span_CONFIRM AND ACKNOWLEDGE_c")): Object: 'Object Repository/Announcement_OR/Page_Ontario Cannabis Store  Ontari/span_CONFIRM AND ACKNOWLEDGE_c' is clicked on

2019-05-18 15:40:02 - [MESSAGE][PASSED] - Object: 'Object Repository/Announcement_OR/Page_Ontario Cannabis Store  Ontari/span_CONFIRM AND ACKNOWLEDGE_c' is clicked on

2019-05-18 15:40:02 - [TEST_STEP][PASSED] - click(findTestObject("Object Repository/Announcement_OR/Page_Ontario Cannabis Store  Ontari/button_CONFIRM")): Object: 'Object Repository/Announcement_OR/Page_Ontario Cannabis Store  Ontari/button_CONFIRM' is clicked on

2019-05-18 15:40:02 - [MESSAGE][PASSED] - Object: 'Object Repository/Announcement_OR/Page_Ontario Cannabis Store  Ontari/button_CONFIRM' is clicked on

2019-05-18 15:40:02 - [TEST_STEP][PASSED] - click(findTestObject("Object Repository/Announcement_OR/Page_Ontario Cannabis Store  Ontari/button_Start Browsing")): Object: 'Object Repository/Announcement_OR/Page_Ontario Cannabis Store  Ontari/button_Start Browsing' is clicked on

2019-05-18 15:40:02 - [MESSAGE][PASSED] - Object: 'Object Repository/Announcement_OR/Page_Ontario Cannabis Store  Ontari/button_Start Browsing' is clicked on

2019-05-18 15:40:02 - [TEST_STEP][PASSED] - flag = verifyTextNotPresent("Due to holiday closures within the Canada Post network through Good Friday and Easter Monday, please expect some order delivery delays.", false): Text 'Due to holiday closures within the Canada Post network through Good Friday and Easter Monday, please expect some order delivery delays.' is not present on page

2019-05-18 15:40:02 - [MESSAGE][PASSED] - Text 'Due to holiday closures within the Canada Post network through Good Friday and Easter Monday, please expect some order delivery delays.' is not present on page

2019-05-18 15:40:02 - [TEST_STEP][PASSED] - comment("flag =" + flag): flag =true

2019-05-18 15:40:02 - [MESSAGE][INFO] - flag =true

2019-05-18 15:40:02 - [TEST_STEP][PASSED] - if (flag == false): null

2019-05-18 15:40:02 - [TEST_STEP][PASSED] - else:  there are announcemnts 

2019-05-18 15:40:02 - [TEST_STEP][PASSED] - comment(" there are announcemnts "):  there are announcemnts 

2019-05-18 15:40:02 - [MESSAGE][INFO] -  there are announcemnts 

2019-05-18 15:40:02 - [TEST_STEP][PASSED] - closeBrowser(): Browser is closed

2019-05-18 15:40:02 - [MESSAGE][PASSED] - Browser is closed]]></system-out>
         <system-err><![CDATA[]]></system-err>
      </testcase>
      <testcase name="Test Cases/OCS- HOME PAGE/cart flyout" classname="Test Cases/OCS- HOME PAGE/cart flyout" status="PASSED">
         <system-out><![CDATA[2019-05-18 15:40:02 - [TEST_CASE][PASSED] - Test Cases/OCS- HOME PAGE/cart flyout: Test Cases/OCS- HOME PAGE/cart flyout

2019-05-18 15:40:03 - [TEST_STEP][PASSED] - openBrowser(""): Browser is opened with url: ''

2019-05-18 15:40:03 - [MESSAGE][INFO] - Starting 'Chrome' driver

2019-05-18 15:40:04 - [MESSAGE][PASSED] - Browser is opened with url: ''

2019-05-18 15:40:04 - [TEST_STEP][PASSED] - delay(4): Delayed 4 second(s)

2019-05-18 15:40:08 - [MESSAGE][PASSED] - Delayed 4 second(s)

2019-05-18 15:40:08 - [TEST_STEP][PASSED] - navigateToUrl("https://ocs.ca/?fts=0&preview_theme_id=53373863756"): Navigate to 'https://ocs.ca/?fts=0&preview_theme_id=53373863756' successfully

2019-05-18 15:40:10 - [MESSAGE][PASSED] - Navigate to 'https://ocs.ca/?fts=0&preview_theme_id=53373863756' successfully

2019-05-18 15:40:10 - [TEST_STEP][PASSED] - click(findTestObject("Theme_oR/Page_Ontario Cannabis Store  Ontari/button_Hide bar")): Object: 'Object Repository/Theme_oR/Page_Ontario Cannabis Store  Ontari/button_Hide bar' is clicked on

2019-05-18 15:40:10 - [MESSAGE][PASSED] - Object: 'Object Repository/Theme_oR/Page_Ontario Cannabis Store  Ontari/button_Hide bar' is clicked on

2019-05-18 15:40:10 - [TEST_STEP][PASSED] - maximizeWindow(): Current window maximized

2019-05-18 15:40:10 - [MESSAGE][PASSED] - Current window maximized

2019-05-18 15:40:10 - [TEST_STEP][PASSED] - selectOptionByValue(findTestObject("Object Repository/cart flyout_OR/Page_Ontario Cannabis Store  Ontari/select_Select01020304050607080"), "1", true): All options with value '1' are selected in object 'Object Repository/cart flyout_OR/Page_Ontario Cannabis Store  Ontari/select_Select01020304050607080'  using regular expression

2019-05-18 15:40:11 - [MESSAGE][PASSED] - All options with value '1' are selected in object 'Object Repository/cart flyout_OR/Page_Ontario Cannabis Store  Ontari/select_Select01020304050607080'  using regular expression

2019-05-18 15:40:11 - [TEST_STEP][PASSED] - selectOptionByValue(findTestObject("Object Repository/cart flyout_OR/Page_Ontario Cannabis Store  Ontari/select_SelectJanuary - 01Febru"), "0", true): All options with value '0' are selected in object 'Object Repository/cart flyout_OR/Page_Ontario Cannabis Store  Ontari/select_SelectJanuary - 01Febru'  using regular expression

2019-05-18 15:40:11 - [MESSAGE][PASSED] - All options with value '0' are selected in object 'Object Repository/cart flyout_OR/Page_Ontario Cannabis Store  Ontari/select_SelectJanuary - 01Febru'  using regular expression

2019-05-18 15:40:11 - [TEST_STEP][PASSED] - selectOptionByValue(findTestObject("Object Repository/cart flyout_OR/Page_Ontario Cannabis Store  Ontari/select_Select20182017201620152"), "1968", true): All options with value '1968' are selected in object 'Object Repository/cart flyout_OR/Page_Ontario Cannabis Store  Ontari/select_Select20182017201620152'  using regular expression

2019-05-18 15:40:12 - [MESSAGE][PASSED] - All options with value '1968' are selected in object 'Object Repository/cart flyout_OR/Page_Ontario Cannabis Store  Ontari/select_Select20182017201620152'  using regular expression

2019-05-18 15:40:12 - [TEST_STEP][PASSED] - click(findTestObject("Object Repository/cart flyout_OR/Page_Ontario Cannabis Store  Ontari/button_Verify")): Object: 'Object Repository/cart flyout_OR/Page_Ontario Cannabis Store  Ontari/button_Verify' is clicked on

2019-05-18 15:40:12 - [MESSAGE][PASSED] - Object: 'Object Repository/cart flyout_OR/Page_Ontario Cannabis Store  Ontari/button_Verify' is clicked on

2019-05-18 15:40:12 - [TEST_STEP][PASSED] - click(findTestObject("Object Repository/cart flyout_OR/Page_Ontario Cannabis Store  Ontari/span_CONFIRM AND ACKNOWLEDGE_c")): Object: 'Object Repository/cart flyout_OR/Page_Ontario Cannabis Store  Ontari/span_CONFIRM AND ACKNOWLEDGE_c' is clicked on

2019-05-18 15:40:12 - [MESSAGE][PASSED] - Object: 'Object Repository/cart flyout_OR/Page_Ontario Cannabis Store  Ontari/span_CONFIRM AND ACKNOWLEDGE_c' is clicked on

2019-05-18 15:40:12 - [TEST_STEP][PASSED] - click(findTestObject("Object Repository/cart flyout_OR/Page_Ontario Cannabis Store  Ontari/button_CONFIRM")): Object: 'Object Repository/cart flyout_OR/Page_Ontario Cannabis Store  Ontari/button_CONFIRM' is clicked on

2019-05-18 15:40:12 - [MESSAGE][PASSED] - Object: 'Object Repository/cart flyout_OR/Page_Ontario Cannabis Store  Ontari/button_CONFIRM' is clicked on

2019-05-18 15:40:12 - [TEST_STEP][PASSED] - click(findTestObject("Object Repository/cart flyout_OR/Page_Ontario Cannabis Store  Ontari/button_Start Browsing")): Object: 'Object Repository/cart flyout_OR/Page_Ontario Cannabis Store  Ontari/button_Start Browsing' is clicked on

2019-05-18 15:40:12 - [MESSAGE][PASSED] - Object: 'Object Repository/cart flyout_OR/Page_Ontario Cannabis Store  Ontari/button_Start Browsing' is clicked on

2019-05-18 15:40:12 - [TEST_STEP][PASSED] - delay(3): Delayed 3 second(s)

2019-05-18 15:40:15 - [MESSAGE][PASSED] - Delayed 3 second(s)

2019-05-18 15:40:15 - [TEST_STEP][NOT_RUN] - click(findTestObject("cart flyout_OR/Page_Ontario Cannabis Store  Ontari/div_00.00")): NOT_RUN: click(findTestObject("cart flyout_OR/Page_Ontario Cannabis Store  Ontari/div_00.00"))

2019-05-18 15:40:15 - [MESSAGE][NOT_RUN] - NOT_RUN: click(findTestObject("cart flyout_OR/Page_Ontario Cannabis Store  Ontari/div_00.00"))

2019-05-18 15:40:15 - [TEST_STEP][PASSED] - click(findTestObject("cart flyout_OR/Page_Ontario Cannabis Store  Ontari/div_00.00")): Object: 'Object Repository/cart flyout_OR/Page_Ontario Cannabis Store  Ontari/div_00.00' is clicked on

2019-05-18 15:40:15 - [MESSAGE][PASSED] - Object: 'Object Repository/cart flyout_OR/Page_Ontario Cannabis Store  Ontari/div_00.00' is clicked on

2019-05-18 15:40:15 - [TEST_STEP][PASSED] - delay(3): Delayed 3 second(s)

2019-05-18 15:40:18 - [MESSAGE][PASSED] - Delayed 3 second(s)

2019-05-18 15:40:18 - [TEST_STEP][PASSED] - verifyTextPresent("Bag", false): Text 'Bag' is present on page 

2019-05-18 15:40:19 - [MESSAGE][PASSED] - Text 'Bag' is present on page 

2019-05-18 15:40:19 - [TEST_STEP][PASSED] - if (true):  cart flyout opened 

2019-05-18 15:40:19 - [TEST_STEP][PASSED] - comment(" cart flyout opened "):  cart flyout opened 

2019-05-18 15:40:19 - [MESSAGE][INFO] -  cart flyout opened 

2019-05-18 15:40:19 - [TEST_STEP][PASSED] - delay(5): Delayed 5 second(s)

2019-05-18 15:40:24 - [MESSAGE][PASSED] - Delayed 5 second(s)

2019-05-18 15:40:24 - [TEST_STEP][PASSED] - click(findTestObject("cart flyout_OR/Page_Ontario Cannabis Store  Ontari/i_0.00_icon icon--back js-clos")): Object: 'Object Repository/cart flyout_OR/Page_Ontario Cannabis Store  Ontari/i_0.00_icon icon--back js-clos' is clicked on

2019-05-18 15:40:24 - [MESSAGE][PASSED] - Object: 'Object Repository/cart flyout_OR/Page_Ontario Cannabis Store  Ontari/i_0.00_icon icon--back js-clos' is clicked on

2019-05-18 15:40:24 - [TEST_STEP][PASSED] - verifyTextNotPresent("Bag", false): Text 'Bag' is not present on page

2019-05-18 15:40:24 - [MESSAGE][PASSED] - Text 'Bag' is not present on page

2019-05-18 15:40:24 - [TEST_STEP][PASSED] - if (true):  cart flyout closed 

2019-05-18 15:40:24 - [TEST_STEP][PASSED] - comment(" cart flyout closed "):  cart flyout closed 

2019-05-18 15:40:24 - [MESSAGE][INFO] -  cart flyout closed 

2019-05-18 15:40:24 - [TEST_STEP][PASSED] - closeBrowser(): Browser is closed

2019-05-18 15:40:24 - [MESSAGE][PASSED] - Browser is closed]]></system-out>
         <system-err><![CDATA[]]></system-err>
      </testcase>
      <testcase name="Test Cases/OCS- HOME PAGE/Retail stores link" classname="Test Cases/OCS- HOME PAGE/Retail stores link" status="FAILED">
         <failure type="FAILED" message="Test Cases/OCS- HOME PAGE/Retail stores link FAILED.
Reason:
com.kms.katalon.core.exception.StepFailedException: Unable to switch to window with url: 'https://www.agco.ca/sites/default/files/map/ONT_CN_ST_E.html' (Root cause: com.kms.katalon.core.exception.StepFailedException: Cannot find window with url: 'https://www.agco.ca/sites/default/files/map/ONT_CN_ST_E.html')
	at com.kms.katalon.core.keyword.internal.KeywordMain.stepFailed(KeywordMain.groovy:36)
	at com.kms.katalon.core.webui.keyword.internal.WebUIKeywordMain.stepFailed(WebUIKeywordMain.groovy:65)
	at com.kms.katalon.core.webui.keyword.internal.WebUIKeywordMain.runKeyword(WebUIKeywordMain.groovy:27)
	at com.kms.katalon.core.webui.keyword.builtin.SwitchToWindowUrlKeyword.switchToWindowUrl(SwitchToWindowUrlKeyword.groovy:84)
	at com.kms.katalon.core.webui.keyword.builtin.SwitchToWindowUrlKeyword.execute(SwitchToWindowUrlKeyword.groovy:67)
	at com.kms.katalon.core.keyword.internal.KeywordExecutor.executeKeywordForPlatform(KeywordExecutor.groovy:53)
	at com.kms.katalon.core.webui.keyword.WebUiBuiltInKeywords.switchToWindowUrl(WebUiBuiltInKeywords.groovy:1794)
	at com.kms.katalon.core.webui.keyword.WebUiBuiltInKeywords$switchToWindowUrl$11.call(Unknown Source)
	at Retail stores link.run(Retail stores link:49)
	at com.kms.katalon.core.main.ScriptEngine.run(ScriptEngine.java:194)
	at com.kms.katalon.core.main.ScriptEngine.runScriptAsRawText(ScriptEngine.java:119)
	at com.kms.katalon.core.main.TestCaseExecutor.runScript(TestCaseExecutor.java:328)
	at com.kms.katalon.core.main.TestCaseExecutor.doExecute(TestCaseExecutor.java:319)
	at com.kms.katalon.core.main.TestCaseExecutor.processExecutionPhase(TestCaseExecutor.java:298)
	at com.kms.katalon.core.main.TestCaseExecutor.accessMainPhase(TestCaseExecutor.java:290)
	at com.kms.katalon.core.main.TestCaseExecutor.execute(TestCaseExecutor.java:224)
	at com.kms.katalon.core.main.TestSuiteExecutor.accessTestCaseMainPhase(TestSuiteExecutor.java:129)
	at com.kms.katalon.core.main.TestSuiteExecutor.accessTestSuiteMainPhase(TestSuiteExecutor.java:112)
	at com.kms.katalon.core.main.TestSuiteExecutor.execute(TestSuiteExecutor.java:81)
	at com.kms.katalon.core.main.TestCaseMain.startTestSuite(TestCaseMain.java:149)
	at com.kms.katalon.core.main.TestCaseMain$startTestSuite$0.call(Unknown Source)
	at TempTestSuite1558208231009.run(TempTestSuite1558208231009.groovy:36)
"/>
         <system-out><![CDATA[2019-05-18 15:40:24 - [TEST_CASE][FAILED] - Test Cases/OCS- HOME PAGE/Retail stores link: Test Cases/OCS- HOME PAGE/Retail stores link FAILED.
Reason:
com.kms.katalon.core.exception.StepFailedException: Unable to switch to window with url: 'https://www.agco.ca/sites/default/files/map/ONT_CN_ST_E.html' (Root cause: com.kms.katalon.core.exception.StepFailedException: Cannot find window with url: 'https://www.agco.ca/sites/default/files/map/ONT_CN_ST_E.html')
	at com.kms.katalon.core.keyword.internal.KeywordMain.stepFailed(KeywordMain.groovy:36)
	at com.kms.katalon.core.webui.keyword.internal.WebUIKeywordMain.stepFailed(WebUIKeywordMain.groovy:65)
	at com.kms.katalon.core.webui.keyword.internal.WebUIKeywordMain.runKeyword(WebUIKeywordMain.groovy:27)
	at com.kms.katalon.core.webui.keyword.builtin.SwitchToWindowUrlKeyword.switchToWindowUrl(SwitchToWindowUrlKeyword.groovy:84)
	at com.kms.katalon.core.webui.keyword.builtin.SwitchToWindowUrlKeyword.execute(SwitchToWindowUrlKeyword.groovy:67)
	at com.kms.katalon.core.keyword.internal.KeywordExecutor.executeKeywordForPlatform(KeywordExecutor.groovy:53)
	at com.kms.katalon.core.webui.keyword.WebUiBuiltInKeywords.switchToWindowUrl(WebUiBuiltInKeywords.groovy:1794)
	at com.kms.katalon.core.webui.keyword.WebUiBuiltInKeywords$switchToWindowUrl$11.call(Unknown Source)
	at Retail stores link.run(Retail stores link:49)
	at com.kms.katalon.core.main.ScriptEngine.run(ScriptEngine.java:194)
	at com.kms.katalon.core.main.ScriptEngine.runScriptAsRawText(ScriptEngine.java:119)
	at com.kms.katalon.core.main.TestCaseExecutor.runScript(TestCaseExecutor.java:328)
	at com.kms.katalon.core.main.TestCaseExecutor.doExecute(TestCaseExecutor.java:319)
	at com.kms.katalon.core.main.TestCaseExecutor.processExecutionPhase(TestCaseExecutor.java:298)
	at com.kms.katalon.core.main.TestCaseExecutor.accessMainPhase(TestCaseExecutor.java:290)
	at com.kms.katalon.core.main.TestCaseExecutor.execute(TestCaseExecutor.java:224)
	at com.kms.katalon.core.main.TestSuiteExecutor.accessTestCaseMainPhase(TestSuiteExecutor.java:129)
	at com.kms.katalon.core.main.TestSuiteExecutor.accessTestSuiteMainPhase(TestSuiteExecutor.java:112)
	at com.kms.katalon.core.main.TestSuiteExecutor.execute(TestSuiteExecutor.java:81)
	at com.kms.katalon.core.main.TestCaseMain.startTestSuite(TestCaseMain.java:149)
	at com.kms.katalon.core.main.TestCaseMain$startTestSuite$0.call(Unknown Source)
	at TempTestSuite1558208231009.run(TempTestSuite1558208231009.groovy:36)


2019-05-18 15:40:24 - [TEST_STEP][PASSED] - openBrowser(""): Browser is opened with url: ''

2019-05-18 15:40:24 - [MESSAGE][INFO] - Starting 'Chrome' driver

2019-05-18 15:40:25 - [MESSAGE][PASSED] - Browser is opened with url: ''

2019-05-18 15:40:25 - [TEST_STEP][PASSED] - delay(10): Delayed 10 second(s)

2019-05-18 15:40:35 - [MESSAGE][PASSED] - Delayed 10 second(s)

2019-05-18 15:40:35 - [TEST_STEP][PASSED] - navigateToUrl("https://ocs.ca/?fts=0&preview_theme_id=53373863756"): Navigate to 'https://ocs.ca/?fts=0&preview_theme_id=53373863756' successfully

2019-05-18 15:40:40 - [MESSAGE][PASSED] - Navigate to 'https://ocs.ca/?fts=0&preview_theme_id=53373863756' successfully

2019-05-18 15:40:40 - [TEST_STEP][PASSED] - click(findTestObject("Theme_oR/Page_Ontario Cannabis Store  Ontari/button_Hide bar")): Object: 'Object Repository/Theme_oR/Page_Ontario Cannabis Store  Ontari/button_Hide bar' is clicked on

2019-05-18 15:40:40 - [MESSAGE][PASSED] - Object: 'Object Repository/Theme_oR/Page_Ontario Cannabis Store  Ontari/button_Hide bar' is clicked on

2019-05-18 15:40:40 - [TEST_STEP][PASSED] - maximizeWindow(): Current window maximized

2019-05-18 15:40:40 - [MESSAGE][PASSED] - Current window maximized

2019-05-18 15:40:40 - [TEST_STEP][PASSED] - selectOptionByValue(findTestObject("Object Repository/Retail store_OR/Page_Ontario Cannabis Store  Ontari/select_Select01020304050607080"), "1", true): All options with value '1' are selected in object 'Object Repository/Retail store_OR/Page_Ontario Cannabis Store  Ontari/select_Select01020304050607080'  using regular expression

2019-05-18 15:40:41 - [MESSAGE][PASSED] - All options with value '1' are selected in object 'Object Repository/Retail store_OR/Page_Ontario Cannabis Store  Ontari/select_Select01020304050607080'  using regular expression

2019-05-18 15:40:41 - [TEST_STEP][PASSED] - selectOptionByValue(findTestObject("Object Repository/Retail store_OR/Page_Ontario Cannabis Store  Ontari/select_SelectJanuary - 01Febru"), "0", true): All options with value '0' are selected in object 'Object Repository/Retail store_OR/Page_Ontario Cannabis Store  Ontari/select_SelectJanuary - 01Febru'  using regular expression

2019-05-18 15:40:41 - [MESSAGE][PASSED] - All options with value '0' are selected in object 'Object Repository/Retail store_OR/Page_Ontario Cannabis Store  Ontari/select_SelectJanuary - 01Febru'  using regular expression

2019-05-18 15:40:41 - [TEST_STEP][PASSED] - selectOptionByValue(findTestObject("Object Repository/Retail store_OR/Page_Ontario Cannabis Store  Ontari/select_Select20182017201620152"), "1968", true): All options with value '1968' are selected in object 'Object Repository/Retail store_OR/Page_Ontario Cannabis Store  Ontari/select_Select20182017201620152'  using regular expression

2019-05-18 15:40:42 - [MESSAGE][PASSED] - All options with value '1968' are selected in object 'Object Repository/Retail store_OR/Page_Ontario Cannabis Store  Ontari/select_Select20182017201620152'  using regular expression

2019-05-18 15:40:42 - [TEST_STEP][PASSED] - click(findTestObject("Object Repository/Retail store_OR/Page_Ontario Cannabis Store  Ontari/button_Verify")): Object: 'Object Repository/Retail store_OR/Page_Ontario Cannabis Store  Ontari/button_Verify' is clicked on

2019-05-18 15:40:42 - [MESSAGE][PASSED] - Object: 'Object Repository/Retail store_OR/Page_Ontario Cannabis Store  Ontari/button_Verify' is clicked on

2019-05-18 15:40:42 - [TEST_STEP][PASSED] - click(findTestObject("Object Repository/Retail store_OR/Page_Ontario Cannabis Store  Ontari/span_CONFIRM AND ACKNOWLEDGE_c")): Object: 'Object Repository/Retail store_OR/Page_Ontario Cannabis Store  Ontari/span_CONFIRM AND ACKNOWLEDGE_c' is clicked on

2019-05-18 15:40:42 - [MESSAGE][PASSED] - Object: 'Object Repository/Retail store_OR/Page_Ontario Cannabis Store  Ontari/span_CONFIRM AND ACKNOWLEDGE_c' is clicked on

2019-05-18 15:40:42 - [TEST_STEP][PASSED] - click(findTestObject("Object Repository/Retail store_OR/Page_Ontario Cannabis Store  Ontari/button_CONFIRM")): Object: 'Object Repository/Retail store_OR/Page_Ontario Cannabis Store  Ontari/button_CONFIRM' is clicked on

2019-05-18 15:40:42 - [MESSAGE][PASSED] - Object: 'Object Repository/Retail store_OR/Page_Ontario Cannabis Store  Ontari/button_CONFIRM' is clicked on

2019-05-18 15:40:42 - [TEST_STEP][PASSED] - click(findTestObject("Object Repository/Retail store_OR/Page_Ontario Cannabis Store  Ontari/button_Start Browsing")): Object: 'Object Repository/Retail store_OR/Page_Ontario Cannabis Store  Ontari/button_Start Browsing' is clicked on

2019-05-18 15:40:42 - [MESSAGE][PASSED] - Object: 'Object Repository/Retail store_OR/Page_Ontario Cannabis Store  Ontari/button_Start Browsing' is clicked on

2019-05-18 15:40:42 - [TEST_STEP][PASSED] - click(findTestObject("Retail store_OR/Page_Ontario Cannabis Store  Ontari/a_AGCO authorized cannabis ret")): Object: 'Object Repository/Retail store_OR/Page_Ontario Cannabis Store  Ontari/a_AGCO authorized cannabis ret' is clicked on

2019-05-18 15:40:45 - [MESSAGE][PASSED] - Object: 'Object Repository/Retail store_OR/Page_Ontario Cannabis Store  Ontari/a_AGCO authorized cannabis ret' is clicked on

2019-05-18 15:40:45 - [TEST_STEP][PASSED] - delay(5): Delayed 5 second(s)

2019-05-18 15:40:50 - [MESSAGE][PASSED] - Delayed 5 second(s)

2019-05-18 15:40:50 - [TEST_STEP][NOT_RUN] - a = getUrl(): NOT_RUN: a = getUrl()

2019-05-18 15:40:50 - [MESSAGE][NOT_RUN] - NOT_RUN: a = getUrl()

2019-05-18 15:40:50 - [TEST_STEP][FAILED] - switchToWindowUrl("https://www.agco.ca/sites/default/files/map/ONT_CN_ST_E.html", STOP_ON_FAILURE): switchToWindowUrl("https://www.agco.ca/sites/default/files/map/ONT_CN_ST_E.html", STOP_ON_FAILURE) FAILED.
Reason:
com.kms.katalon.core.exception.StepFailedException: Unable to switch to window with url: 'https://www.agco.ca/sites/default/files/map/ONT_CN_ST_E.html' (Root cause: com.kms.katalon.core.exception.StepFailedException: Cannot find window with url: 'https://www.agco.ca/sites/default/files/map/ONT_CN_ST_E.html')
	at com.kms.katalon.core.keyword.internal.KeywordMain.stepFailed(KeywordMain.groovy:36)
	at com.kms.katalon.core.webui.keyword.internal.WebUIKeywordMain.stepFailed(WebUIKeywordMain.groovy:65)
	at com.kms.katalon.core.webui.keyword.internal.WebUIKeywordMain.runKeyword(WebUIKeywordMain.groovy:27)
	at com.kms.katalon.core.webui.keyword.builtin.SwitchToWindowUrlKeyword.switchToWindowUrl(SwitchToWindowUrlKeyword.groovy:84)
	at com.kms.katalon.core.webui.keyword.builtin.SwitchToWindowUrlKeyword.execute(SwitchToWindowUrlKeyword.groovy:67)
	at com.kms.katalon.core.keyword.internal.KeywordExecutor.executeKeywordForPlatform(KeywordExecutor.groovy:53)
	at com.kms.katalon.core.webui.keyword.WebUiBuiltInKeywords.switchToWindowUrl(WebUiBuiltInKeywords.groovy:1794)
	at com.kms.katalon.core.webui.keyword.WebUiBuiltInKeywords$switchToWindowUrl$11.call(Unknown Source)
	at Retail stores link.run(Retail stores link:49)
	at com.kms.katalon.core.main.ScriptEngine.run(ScriptEngine.java:194)
	at com.kms.katalon.core.main.ScriptEngine.runScriptAsRawText(ScriptEngine.java:119)
	at com.kms.katalon.core.main.TestCaseExecutor.runScript(TestCaseExecutor.java:328)
	at com.kms.katalon.core.main.TestCaseExecutor.doExecute(TestCaseExecutor.java:319)
	at com.kms.katalon.core.main.TestCaseExecutor.processExecutionPhase(TestCaseExecutor.java:298)
	at com.kms.katalon.core.main.TestCaseExecutor.accessMainPhase(TestCaseExecutor.java:290)
	at com.kms.katalon.core.main.TestCaseExecutor.execute(TestCaseExecutor.java:224)
	at com.kms.katalon.core.main.TestSuiteExecutor.accessTestCaseMainPhase(TestSuiteExecutor.java:129)
	at com.kms.katalon.core.main.TestSuiteExecutor.accessTestSuiteMainPhase(TestSuiteExecutor.java:112)
	at com.kms.katalon.core.main.TestSuiteExecutor.execute(TestSuiteExecutor.java:81)
	at com.kms.katalon.core.main.TestCaseMain.startTestSuite(TestCaseMain.java:149)
	at com.kms.katalon.core.main.TestCaseMain$startTestSuite$0.call(Unknown Source)
	at TempTestSuite1558208231009.run(TempTestSuite1558208231009.groovy:36)


2019-05-18 15:41:25 - [MESSAGE][FAILED] - Cannot find window with url: 'https://www.agco.ca/sites/default/files/map/ONT_CN_ST_E.html'
[[ATTACHMENT|/Users/sumankompelly/git/Ontario-cannbis-store/Reports/OCS- MOBILE/AGE GATE/20190518_153710/1558208484861.png]]

2019-05-18 15:41:25 - [MESSAGE][FAILED] - Unable to switch to window with url: 'https://www.agco.ca/sites/default/files/map/ONT_CN_ST_E.html' (Root cause: com.kms.katalon.core.exception.StepFailedException: Cannot find window with url: 'https://www.agco.ca/sites/default/files/map/ONT_CN_ST_E.html')
[[ATTACHMENT|/Users/sumankompelly/git/Ontario-cannbis-store/Reports/OCS- MOBILE/AGE GATE/20190518_153710/1558208485309.png]]

2019-05-18 15:41:25 - [MESSAGE][FAILED] - switchToWindowUrl("https://www.agco.ca/sites/default/files/map/ONT_CN_ST_E.html", STOP_ON_FAILURE) FAILED.
Reason:
com.kms.katalon.core.exception.StepFailedException: Unable to switch to window with url: 'https://www.agco.ca/sites/default/files/map/ONT_CN_ST_E.html' (Root cause: com.kms.katalon.core.exception.StepFailedException: Cannot find window with url: 'https://www.agco.ca/sites/default/files/map/ONT_CN_ST_E.html')
	at com.kms.katalon.core.keyword.internal.KeywordMain.stepFailed(KeywordMain.groovy:36)
	at com.kms.katalon.core.webui.keyword.internal.WebUIKeywordMain.stepFailed(WebUIKeywordMain.groovy:65)
	at com.kms.katalon.core.webui.keyword.internal.WebUIKeywordMain.runKeyword(WebUIKeywordMain.groovy:27)
	at com.kms.katalon.core.webui.keyword.builtin.SwitchToWindowUrlKeyword.switchToWindowUrl(SwitchToWindowUrlKeyword.groovy:84)
	at com.kms.katalon.core.webui.keyword.builtin.SwitchToWindowUrlKeyword.execute(SwitchToWindowUrlKeyword.groovy:67)
	at com.kms.katalon.core.keyword.internal.KeywordExecutor.executeKeywordForPlatform(KeywordExecutor.groovy:53)
	at com.kms.katalon.core.webui.keyword.WebUiBuiltInKeywords.switchToWindowUrl(WebUiBuiltInKeywords.groovy:1794)
	at com.kms.katalon.core.webui.keyword.WebUiBuiltInKeywords$switchToWindowUrl$11.call(Unknown Source)
	at Retail stores link.run(Retail stores link:49)
	at com.kms.katalon.core.main.ScriptEngine.run(ScriptEngine.java:194)
	at com.kms.katalon.core.main.ScriptEngine.runScriptAsRawText(ScriptEngine.java:119)
	at com.kms.katalon.core.main.TestCaseExecutor.runScript(TestCaseExecutor.java:328)
	at com.kms.katalon.core.main.TestCaseExecutor.doExecute(TestCaseExecutor.java:319)
	at com.kms.katalon.core.main.TestCaseExecutor.processExecutionPhase(TestCaseExecutor.java:298)
	at com.kms.katalon.core.main.TestCaseExecutor.accessMainPhase(TestCaseExecutor.java:290)
	at com.kms.katalon.core.main.TestCaseExecutor.execute(TestCaseExecutor.java:224)
	at com.kms.katalon.core.main.TestSuiteExecutor.accessTestCaseMainPhase(TestSuiteExecutor.java:129)
	at com.kms.katalon.core.main.TestSuiteExecutor.accessTestSuiteMainPhase(TestSuiteExecutor.java:112)
	at com.kms.katalon.core.main.TestSuiteExecutor.execute(TestSuiteExecutor.java:81)
	at com.kms.katalon.core.main.TestCaseMain.startTestSuite(TestCaseMain.java:149)
	at com.kms.katalon.core.main.TestCaseMain$startTestSuite$0.call(Unknown Source)
	at TempTestSuite1558208231009.run(TempTestSuite1558208231009.groovy:36)]]></system-out>
         <system-err><![CDATA[2019-05-18 15:40:24 - [TEST_CASE][FAILED] - Test Cases/OCS- HOME PAGE/Retail stores link: Test Cases/OCS- HOME PAGE/Retail stores link FAILED.
Reason:
com.kms.katalon.core.exception.StepFailedException: Unable to switch to window with url: 'https://www.agco.ca/sites/default/files/map/ONT_CN_ST_E.html' (Root cause: com.kms.katalon.core.exception.StepFailedException: Cannot find window with url: 'https://www.agco.ca/sites/default/files/map/ONT_CN_ST_E.html')
	at com.kms.katalon.core.keyword.internal.KeywordMain.stepFailed(KeywordMain.groovy:36)
	at com.kms.katalon.core.webui.keyword.internal.WebUIKeywordMain.stepFailed(WebUIKeywordMain.groovy:65)
	at com.kms.katalon.core.webui.keyword.internal.WebUIKeywordMain.runKeyword(WebUIKeywordMain.groovy:27)
	at com.kms.katalon.core.webui.keyword.builtin.SwitchToWindowUrlKeyword.switchToWindowUrl(SwitchToWindowUrlKeyword.groovy:84)
	at com.kms.katalon.core.webui.keyword.builtin.SwitchToWindowUrlKeyword.execute(SwitchToWindowUrlKeyword.groovy:67)
	at com.kms.katalon.core.keyword.internal.KeywordExecutor.executeKeywordForPlatform(KeywordExecutor.groovy:53)
	at com.kms.katalon.core.webui.keyword.WebUiBuiltInKeywords.switchToWindowUrl(WebUiBuiltInKeywords.groovy:1794)
	at com.kms.katalon.core.webui.keyword.WebUiBuiltInKeywords$switchToWindowUrl$11.call(Unknown Source)
	at Retail stores link.run(Retail stores link:49)
	at com.kms.katalon.core.main.ScriptEngine.run(ScriptEngine.java:194)
	at com.kms.katalon.core.main.ScriptEngine.runScriptAsRawText(ScriptEngine.java:119)
	at com.kms.katalon.core.main.TestCaseExecutor.runScript(TestCaseExecutor.java:328)
	at com.kms.katalon.core.main.TestCaseExecutor.doExecute(TestCaseExecutor.java:319)
	at com.kms.katalon.core.main.TestCaseExecutor.processExecutionPhase(TestCaseExecutor.java:298)
	at com.kms.katalon.core.main.TestCaseExecutor.accessMainPhase(TestCaseExecutor.java:290)
	at com.kms.katalon.core.main.TestCaseExecutor.execute(TestCaseExecutor.java:224)
	at com.kms.katalon.core.main.TestSuiteExecutor.accessTestCaseMainPhase(TestSuiteExecutor.java:129)
	at com.kms.katalon.core.main.TestSuiteExecutor.accessTestSuiteMainPhase(TestSuiteExecutor.java:112)
	at com.kms.katalon.core.main.TestSuiteExecutor.execute(TestSuiteExecutor.java:81)
	at com.kms.katalon.core.main.TestCaseMain.startTestSuite(TestCaseMain.java:149)
	at com.kms.katalon.core.main.TestCaseMain$startTestSuite$0.call(Unknown Source)
	at TempTestSuite1558208231009.run(TempTestSuite1558208231009.groovy:36)]]></system-err>
      </testcase>
      <testcase name="Test Cases/OCS- HOME PAGE/footer" classname="Test Cases/OCS- HOME PAGE/footer" status="FAILED">
         <failure type="FAILED" message="Test Cases/OCS- HOME PAGE/footer FAILED.
Reason:
com.kms.katalon.core.exception.StepFailedException: Unable to click on object 'Object Repository/Footer_OR/Page_Glossary of Terms  Ontario Can/a_Product Recall' (Root cause: org.openqa.selenium.WebDriverException: unknown error: Element &lt;a href=&quot;/pages/glossary-of-terms&quot;>...&lt;/a> is not clickable at point (183, 678). Other element would receive the click: &lt;iframe title=&quot;Preview Bar&quot; id=&quot;preview-bar-iframe&quot; src=&quot;https://ocs.ca/preview_bar&quot; sandbox=&quot;allow-same-origin allow-scripts&quot; style=&quot;position: fixed; bottom: 0px; left: 0px; z-index: 2147483647; width: 100%; border: none; box-shadow: rgba(0, 0, 0, 0.2) 0px -1px 3px; overflow: hidden; transform: translateY(0px); transition: transform 300ms ease 0s; height: 60px;&quot;>&lt;/iframe>
  (Session info: chrome=74.0.3729.157)
  (Driver info: chromedriver=2.43.600229 (3fae4d0cda5334b4f533bede5a4787f7b832d052),platform=Mac OS X 10.13.6 x86_64) (WARNING: The server did not provide any stacktrace information)
Command duration or timeout: 0 milliseconds
Build info: version: '3.7.1', revision: '8a0099a', time: '2017-11-06T21:07:36.161Z'
System info: host: 'sumans-MacBook-Pro.local', ip: 'fe80:0:0:0:c95:20e5:430d:4315%en0', os.name: 'Mac OS X', os.arch: 'x86_64', os.version: '10.13.6', java.version: '1.8.0_181'
Driver info: com.kms.katalon.selenium.driver.CChromeDriver
Capabilities {acceptInsecureCerts: false, acceptSslCerts: false, applicationCacheEnabled: false, browserConnectionEnabled: false, browserName: chrome, chrome: {chromedriverVersion: 2.43.600229 (3fae4d0cda5334..., userDataDir: /var/folders/1t/c55l8xzs6gq...}, cssSelectorsEnabled: true, databaseEnabled: false, goog:chromeOptions: {debuggerAddress: localhost:50216}, handlesAlerts: true, hasTouchScreen: false, javascriptEnabled: true, locationContextEnabled: true, mobileEmulationEnabled: false, nativeEvents: true, networkConnectionEnabled: false, pageLoadStrategy: normal, platform: MAC, platformName: MAC, rotatable: false, setWindowRect: true, takesHeapSnapshot: true, takesScreenshot: true, unexpectedAlertBehaviour: , unhandledPromptBehavior: , version: 74.0.3729.157, webStorageEnabled: true}
Session ID: 8ca5a79061b0930eb1d00664656352b5)
	at com.kms.katalon.core.keyword.internal.KeywordMain.stepFailed(KeywordMain.groovy:36)
	at com.kms.katalon.core.webui.keyword.internal.WebUIKeywordMain.stepFailed(WebUIKeywordMain.groovy:65)
	at com.kms.katalon.core.webui.keyword.internal.WebUIKeywordMain.runKeyword(WebUIKeywordMain.groovy:27)
	at com.kms.katalon.core.webui.keyword.builtin.ClickKeyword.click(ClickKeyword.groovy:86)
	at com.kms.katalon.core.webui.keyword.builtin.ClickKeyword.execute(ClickKeyword.groovy:67)
	at com.kms.katalon.core.keyword.internal.KeywordExecutor.executeKeywordForPlatform(KeywordExecutor.groovy:53)
	at com.kms.katalon.core.webui.keyword.WebUiBuiltInKeywords.click(WebUiBuiltInKeywords.groovy:616)
	at com.kms.katalon.core.webui.keyword.WebUiBuiltInKeywords$click$3.call(Unknown Source)
	at footer.run(footer:45)
	at com.kms.katalon.core.main.ScriptEngine.run(ScriptEngine.java:194)
	at com.kms.katalon.core.main.ScriptEngine.runScriptAsRawText(ScriptEngine.java:119)
	at com.kms.katalon.core.main.TestCaseExecutor.runScript(TestCaseExecutor.java:328)
	at com.kms.katalon.core.main.TestCaseExecutor.doExecute(TestCaseExecutor.java:319)
	at com.kms.katalon.core.main.TestCaseExecutor.processExecutionPhase(TestCaseExecutor.java:298)
	at com.kms.katalon.core.main.TestCaseExecutor.accessMainPhase(TestCaseExecutor.java:290)
	at com.kms.katalon.core.main.TestCaseExecutor.execute(TestCaseExecutor.java:224)
	at com.kms.katalon.core.main.TestSuiteExecutor.accessTestCaseMainPhase(TestSuiteExecutor.java:129)
	at com.kms.katalon.core.main.TestSuiteExecutor.accessTestSuiteMainPhase(TestSuiteExecutor.java:112)
	at com.kms.katalon.core.main.TestSuiteExecutor.execute(TestSuiteExecutor.java:81)
	at com.kms.katalon.core.main.TestCaseMain.startTestSuite(TestCaseMain.java:149)
	at com.kms.katalon.core.main.TestCaseMain$startTestSuite$0.call(Unknown Source)
	at TempTestSuite1558208231009.run(TempTestSuite1558208231009.groovy:36)
"/>
         <system-out><![CDATA[2019-05-18 15:41:25 - [TEST_CASE][FAILED] - Test Cases/OCS- HOME PAGE/footer: Test Cases/OCS- HOME PAGE/footer FAILED.
Reason:
com.kms.katalon.core.exception.StepFailedException: Unable to click on object 'Object Repository/Footer_OR/Page_Glossary of Terms  Ontario Can/a_Product Recall' (Root cause: org.openqa.selenium.WebDriverException: unknown error: Element <a href="/pages/glossary-of-terms">...</a> is not clickable at point (183, 678). Other element would receive the click: <iframe title="Preview Bar" id="preview-bar-iframe" src="https://ocs.ca/preview_bar" sandbox="allow-same-origin allow-scripts" style="position: fixed; bottom: 0px; left: 0px; z-index: 2147483647; width: 100%; border: none; box-shadow: rgba(0, 0, 0, 0.2) 0px -1px 3px; overflow: hidden; transform: translateY(0px); transition: transform 300ms ease 0s; height: 60px;"></iframe>
  (Session info: chrome=74.0.3729.157)
  (Driver info: chromedriver=2.43.600229 (3fae4d0cda5334b4f533bede5a4787f7b832d052),platform=Mac OS X 10.13.6 x86_64) (WARNING: The server did not provide any stacktrace information)
Command duration or timeout: 0 milliseconds
Build info: version: '3.7.1', revision: '8a0099a', time: '2017-11-06T21:07:36.161Z'
System info: host: 'sumans-MacBook-Pro.local', ip: 'fe80:0:0:0:c95:20e5:430d:4315%en0', os.name: 'Mac OS X', os.arch: 'x86_64', os.version: '10.13.6', java.version: '1.8.0_181'
Driver info: com.kms.katalon.selenium.driver.CChromeDriver
Capabilities {acceptInsecureCerts: false, acceptSslCerts: false, applicationCacheEnabled: false, browserConnectionEnabled: false, browserName: chrome, chrome: {chromedriverVersion: 2.43.600229 (3fae4d0cda5334..., userDataDir: /var/folders/1t/c55l8xzs6gq...}, cssSelectorsEnabled: true, databaseEnabled: false, goog:chromeOptions: {debuggerAddress: localhost:50216}, handlesAlerts: true, hasTouchScreen: false, javascriptEnabled: true, locationContextEnabled: true, mobileEmulationEnabled: false, nativeEvents: true, networkConnectionEnabled: false, pageLoadStrategy: normal, platform: MAC, platformName: MAC, rotatable: false, setWindowRect: true, takesHeapSnapshot: true, takesScreenshot: true, unexpectedAlertBehaviour: , unhandledPromptBehavior: , version: 74.0.3729.157, webStorageEnabled: true}
Session ID: 8ca5a79061b0930eb1d00664656352b5)
	at com.kms.katalon.core.keyword.internal.KeywordMain.stepFailed(KeywordMain.groovy:36)
	at com.kms.katalon.core.webui.keyword.internal.WebUIKeywordMain.stepFailed(WebUIKeywordMain.groovy:65)
	at com.kms.katalon.core.webui.keyword.internal.WebUIKeywordMain.runKeyword(WebUIKeywordMain.groovy:27)
	at com.kms.katalon.core.webui.keyword.builtin.ClickKeyword.click(ClickKeyword.groovy:86)
	at com.kms.katalon.core.webui.keyword.builtin.ClickKeyword.execute(ClickKeyword.groovy:67)
	at com.kms.katalon.core.keyword.internal.KeywordExecutor.executeKeywordForPlatform(KeywordExecutor.groovy:53)
	at com.kms.katalon.core.webui.keyword.WebUiBuiltInKeywords.click(WebUiBuiltInKeywords.groovy:616)
	at com.kms.katalon.core.webui.keyword.WebUiBuiltInKeywords$click$3.call(Unknown Source)
	at footer.run(footer:45)
	at com.kms.katalon.core.main.ScriptEngine.run(ScriptEngine.java:194)
	at com.kms.katalon.core.main.ScriptEngine.runScriptAsRawText(ScriptEngine.java:119)
	at com.kms.katalon.core.main.TestCaseExecutor.runScript(TestCaseExecutor.java:328)
	at com.kms.katalon.core.main.TestCaseExecutor.doExecute(TestCaseExecutor.java:319)
	at com.kms.katalon.core.main.TestCaseExecutor.processExecutionPhase(TestCaseExecutor.java:298)
	at com.kms.katalon.core.main.TestCaseExecutor.accessMainPhase(TestCaseExecutor.java:290)
	at com.kms.katalon.core.main.TestCaseExecutor.execute(TestCaseExecutor.java:224)
	at com.kms.katalon.core.main.TestSuiteExecutor.accessTestCaseMainPhase(TestSuiteExecutor.java:129)
	at com.kms.katalon.core.main.TestSuiteExecutor.accessTestSuiteMainPhase(TestSuiteExecutor.java:112)
	at com.kms.katalon.core.main.TestSuiteExecutor.execute(TestSuiteExecutor.java:81)
	at com.kms.katalon.core.main.TestCaseMain.startTestSuite(TestCaseMain.java:149)
	at com.kms.katalon.core.main.TestCaseMain$startTestSuite$0.call(Unknown Source)
	at TempTestSuite1558208231009.run(TempTestSuite1558208231009.groovy:36)


2019-05-18 15:41:25 - [TEST_STEP][PASSED] - openBrowser(""): Browser is opened with url: ''

2019-05-18 15:41:25 - [MESSAGE][WARNING] - A browser is already opened. Closing browser and opening a new one

2019-05-18 15:41:25 - [MESSAGE][INFO] - Starting 'Chrome' driver

2019-05-18 15:41:26 - [MESSAGE][PASSED] - Browser is opened with url: ''

2019-05-18 15:41:26 - [TEST_STEP][PASSED] - navigateToUrl("https://ocs.ca/?fts=0&preview_theme_id=53373863756"): Navigate to 'https://ocs.ca/?fts=0&preview_theme_id=53373863756' successfully

2019-05-18 15:41:30 - [MESSAGE][PASSED] - Navigate to 'https://ocs.ca/?fts=0&preview_theme_id=53373863756' successfully

2019-05-18 15:41:30 - [TEST_STEP][PASSED] - click(findTestObject("Theme_oR/Page_Ontario Cannabis Store  Ontari/button_Hide bar")): Object: 'Object Repository/Theme_oR/Page_Ontario Cannabis Store  Ontari/button_Hide bar' is clicked on

2019-05-18 15:41:30 - [MESSAGE][PASSED] - Object: 'Object Repository/Theme_oR/Page_Ontario Cannabis Store  Ontari/button_Hide bar' is clicked on

2019-05-18 15:41:30 - [TEST_STEP][PASSED] - maximizeWindow(): Current window maximized

2019-05-18 15:41:30 - [MESSAGE][PASSED] - Current window maximized

2019-05-18 15:41:30 - [TEST_STEP][PASSED] - selectOptionByValue(findTestObject("Object Repository/Footer_OR/Page_Ontario Cannabis Store  Ontari/select_Select01020304050607080"), "1", true): All options with value '1' are selected in object 'Object Repository/Footer_OR/Page_Ontario Cannabis Store  Ontari/select_Select01020304050607080'  using regular expression

2019-05-18 15:41:31 - [MESSAGE][PASSED] - All options with value '1' are selected in object 'Object Repository/Footer_OR/Page_Ontario Cannabis Store  Ontari/select_Select01020304050607080'  using regular expression

2019-05-18 15:41:31 - [TEST_STEP][PASSED] - selectOptionByValue(findTestObject("Object Repository/Footer_OR/Page_Ontario Cannabis Store  Ontari/select_SelectJanuary - 01Febru"), "0", true): All options with value '0' are selected in object 'Object Repository/Footer_OR/Page_Ontario Cannabis Store  Ontari/select_SelectJanuary - 01Febru'  using regular expression

2019-05-18 15:41:31 - [MESSAGE][PASSED] - All options with value '0' are selected in object 'Object Repository/Footer_OR/Page_Ontario Cannabis Store  Ontari/select_SelectJanuary - 01Febru'  using regular expression

2019-05-18 15:41:31 - [TEST_STEP][PASSED] - selectOptionByValue(findTestObject("Object Repository/Footer_OR/Page_Ontario Cannabis Store  Ontari/select_Select20182017201620152"), "1968", true): All options with value '1968' are selected in object 'Object Repository/Footer_OR/Page_Ontario Cannabis Store  Ontari/select_Select20182017201620152'  using regular expression

2019-05-18 15:41:32 - [MESSAGE][PASSED] - All options with value '1968' are selected in object 'Object Repository/Footer_OR/Page_Ontario Cannabis Store  Ontari/select_Select20182017201620152'  using regular expression

2019-05-18 15:41:32 - [TEST_STEP][PASSED] - click(findTestObject("Object Repository/Footer_OR/Page_Ontario Cannabis Store  Ontari/button_Verify")): Object: 'Object Repository/Footer_OR/Page_Ontario Cannabis Store  Ontari/button_Verify' is clicked on

2019-05-18 15:41:32 - [MESSAGE][PASSED] - Object: 'Object Repository/Footer_OR/Page_Ontario Cannabis Store  Ontari/button_Verify' is clicked on

2019-05-18 15:41:32 - [TEST_STEP][PASSED] - click(findTestObject("Object Repository/Footer_OR/Page_Ontario Cannabis Store  Ontari/span_CONFIRM AND ACKNOWLEDGE_c")): Object: 'Object Repository/Footer_OR/Page_Ontario Cannabis Store  Ontari/span_CONFIRM AND ACKNOWLEDGE_c' is clicked on

2019-05-18 15:41:32 - [MESSAGE][PASSED] - Object: 'Object Repository/Footer_OR/Page_Ontario Cannabis Store  Ontari/span_CONFIRM AND ACKNOWLEDGE_c' is clicked on

2019-05-18 15:41:32 - [TEST_STEP][PASSED] - click(findTestObject("Object Repository/Footer_OR/Page_Ontario Cannabis Store  Ontari/button_CONFIRM")): Object: 'Object Repository/Footer_OR/Page_Ontario Cannabis Store  Ontari/button_CONFIRM' is clicked on

2019-05-18 15:41:32 - [MESSAGE][PASSED] - Object: 'Object Repository/Footer_OR/Page_Ontario Cannabis Store  Ontari/button_CONFIRM' is clicked on

2019-05-18 15:41:32 - [TEST_STEP][PASSED] - click(findTestObject("Object Repository/Footer_OR/Page_Ontario Cannabis Store  Ontari/button_Start Browsing")): Object: 'Object Repository/Footer_OR/Page_Ontario Cannabis Store  Ontari/button_Start Browsing' is clicked on

2019-05-18 15:41:32 - [MESSAGE][PASSED] - Object: 'Object Repository/Footer_OR/Page_Ontario Cannabis Store  Ontari/button_Start Browsing' is clicked on

2019-05-18 15:41:32 - [TEST_STEP][PASSED] - click(findTestObject("Object Repository/Footer_OR/Page_Ontario Cannabis Store  Ontari/a_Return Policy")): Object: 'Object Repository/Footer_OR/Page_Ontario Cannabis Store  Ontari/a_Return Policy' is clicked on

2019-05-18 15:41:32 - [MESSAGE][PASSED] - Object: 'Object Repository/Footer_OR/Page_Ontario Cannabis Store  Ontari/a_Return Policy' is clicked on

2019-05-18 15:41:32 - [TEST_STEP][PASSED] - click(findTestObject("Object Repository/Footer_OR/Page_Return Policy  Ontario Cannabi/a_Glossary of Terms")): Object: 'Object Repository/Footer_OR/Page_Return Policy  Ontario Cannabi/a_Glossary of Terms' is clicked on

2019-05-18 15:41:34 - [MESSAGE][PASSED] - Object: 'Object Repository/Footer_OR/Page_Return Policy  Ontario Cannabi/a_Glossary of Terms' is clicked on

2019-05-18 15:41:34 - [TEST_STEP][FAILED] - click(findTestObject("Object Repository/Footer_OR/Page_Glossary of Terms  Ontario Can/a_Product Recall")): click(findTestObject("Object Repository/Footer_OR/Page_Glossary of Terms  Ontario Can/a_Product Recall")) FAILED.
Reason:
com.kms.katalon.core.exception.StepFailedException: Unable to click on object 'Object Repository/Footer_OR/Page_Glossary of Terms  Ontario Can/a_Product Recall' (Root cause: org.openqa.selenium.WebDriverException: unknown error: Element <a href="/pages/glossary-of-terms">...</a> is not clickable at point (183, 678). Other element would receive the click: <iframe title="Preview Bar" id="preview-bar-iframe" src="https://ocs.ca/preview_bar" sandbox="allow-same-origin allow-scripts" style="position: fixed; bottom: 0px; left: 0px; z-index: 2147483647; width: 100%; border: none; box-shadow: rgba(0, 0, 0, 0.2) 0px -1px 3px; overflow: hidden; transform: translateY(0px); transition: transform 300ms ease 0s; height: 60px;"></iframe>
  (Session info: chrome=74.0.3729.157)
  (Driver info: chromedriver=2.43.600229 (3fae4d0cda5334b4f533bede5a4787f7b832d052),platform=Mac OS X 10.13.6 x86_64) (WARNING: The server did not provide any stacktrace information)
Command duration or timeout: 0 milliseconds
Build info: version: '3.7.1', revision: '8a0099a', time: '2017-11-06T21:07:36.161Z'
System info: host: 'sumans-MacBook-Pro.local', ip: 'fe80:0:0:0:c95:20e5:430d:4315%en0', os.name: 'Mac OS X', os.arch: 'x86_64', os.version: '10.13.6', java.version: '1.8.0_181'
Driver info: com.kms.katalon.selenium.driver.CChromeDriver
Capabilities {acceptInsecureCerts: false, acceptSslCerts: false, applicationCacheEnabled: false, browserConnectionEnabled: false, browserName: chrome, chrome: {chromedriverVersion: 2.43.600229 (3fae4d0cda5334..., userDataDir: /var/folders/1t/c55l8xzs6gq...}, cssSelectorsEnabled: true, databaseEnabled: false, goog:chromeOptions: {debuggerAddress: localhost:50216}, handlesAlerts: true, hasTouchScreen: false, javascriptEnabled: true, locationContextEnabled: true, mobileEmulationEnabled: false, nativeEvents: true, networkConnectionEnabled: false, pageLoadStrategy: normal, platform: MAC, platformName: MAC, rotatable: false, setWindowRect: true, takesHeapSnapshot: true, takesScreenshot: true, unexpectedAlertBehaviour: , unhandledPromptBehavior: , version: 74.0.3729.157, webStorageEnabled: true}
Session ID: 8ca5a79061b0930eb1d00664656352b5)
	at com.kms.katalon.core.keyword.internal.KeywordMain.stepFailed(KeywordMain.groovy:36)
	at com.kms.katalon.core.webui.keyword.internal.WebUIKeywordMain.stepFailed(WebUIKeywordMain.groovy:65)
	at com.kms.katalon.core.webui.keyword.internal.WebUIKeywordMain.runKeyword(WebUIKeywordMain.groovy:27)
	at com.kms.katalon.core.webui.keyword.builtin.ClickKeyword.click(ClickKeyword.groovy:86)
	at com.kms.katalon.core.webui.keyword.builtin.ClickKeyword.execute(ClickKeyword.groovy:67)
	at com.kms.katalon.core.keyword.internal.KeywordExecutor.executeKeywordForPlatform(KeywordExecutor.groovy:53)
	at com.kms.katalon.core.webui.keyword.WebUiBuiltInKeywords.click(WebUiBuiltInKeywords.groovy:616)
	at com.kms.katalon.core.webui.keyword.WebUiBuiltInKeywords$click$3.call(Unknown Source)
	at footer.run(footer:45)
	at com.kms.katalon.core.main.ScriptEngine.run(ScriptEngine.java:194)
	at com.kms.katalon.core.main.ScriptEngine.runScriptAsRawText(ScriptEngine.java:119)
	at com.kms.katalon.core.main.TestCaseExecutor.runScript(TestCaseExecutor.java:328)
	at com.kms.katalon.core.main.TestCaseExecutor.doExecute(TestCaseExecutor.java:319)
	at com.kms.katalon.core.main.TestCaseExecutor.processExecutionPhase(TestCaseExecutor.java:298)
	at com.kms.katalon.core.main.TestCaseExecutor.accessMainPhase(TestCaseExecutor.java:290)
	at com.kms.katalon.core.main.TestCaseExecutor.execute(TestCaseExecutor.java:224)
	at com.kms.katalon.core.main.TestSuiteExecutor.accessTestCaseMainPhase(TestSuiteExecutor.java:129)
	at com.kms.katalon.core.main.TestSuiteExecutor.accessTestSuiteMainPhase(TestSuiteExecutor.java:112)
	at com.kms.katalon.core.main.TestSuiteExecutor.execute(TestSuiteExecutor.java:81)
	at com.kms.katalon.core.main.TestCaseMain.startTestSuite(TestCaseMain.java:149)
	at com.kms.katalon.core.main.TestCaseMain$startTestSuite$0.call(Unknown Source)
	at TempTestSuite1558208231009.run(TempTestSuite1558208231009.groovy:36)


2019-05-18 15:41:34 - [MESSAGE][FAILED] - Unable to click on object 'Object Repository/Footer_OR/Page_Glossary of Terms  Ontario Can/a_Product Recall' (Root cause: org.openqa.selenium.WebDriverException: unknown error: Element <a href="/pages/glossary-of-terms">...</a> is not clickable at point (183, 678). Other element would receive the click: <iframe title="Preview Bar" id="preview-bar-iframe" src="https://ocs.ca/preview_bar" sandbox="allow-same-origin allow-scripts" style="position: fixed; bottom: 0px; left: 0px; z-index: 2147483647; width: 100%; border: none; box-shadow: rgba(0, 0, 0, 0.2) 0px -1px 3px; overflow: hidden; transform: translateY(0px); transition: transform 300ms ease 0s; height: 60px;"></iframe>
  (Session info: chrome=74.0.3729.157)
  (Driver info: chromedriver=2.43.600229 (3fae4d0cda5334b4f533bede5a4787f7b832d052),platform=Mac OS X 10.13.6 x86_64) (WARNING: The server did not provide any stacktrace information)
Command duration or timeout: 0 milliseconds
Build info: version: '3.7.1', revision: '8a0099a', time: '2017-11-06T21:07:36.161Z'
System info: host: 'sumans-MacBook-Pro.local', ip: 'fe80:0:0:0:c95:20e5:430d:4315%en0', os.name: 'Mac OS X', os.arch: 'x86_64', os.version: '10.13.6', java.version: '1.8.0_181'
Driver info: com.kms.katalon.selenium.driver.CChromeDriver
Capabilities {acceptInsecureCerts: false, acceptSslCerts: false, applicationCacheEnabled: false, browserConnectionEnabled: false, browserName: chrome, chrome: {chromedriverVersion: 2.43.600229 (3fae4d0cda5334..., userDataDir: /var/folders/1t/c55l8xzs6gq...}, cssSelectorsEnabled: true, databaseEnabled: false, goog:chromeOptions: {debuggerAddress: localhost:50216}, handlesAlerts: true, hasTouchScreen: false, javascriptEnabled: true, locationContextEnabled: true, mobileEmulationEnabled: false, nativeEvents: true, networkConnectionEnabled: false, pageLoadStrategy: normal, platform: MAC, platformName: MAC, rotatable: false, setWindowRect: true, takesHeapSnapshot: true, takesScreenshot: true, unexpectedAlertBehaviour: , unhandledPromptBehavior: , version: 74.0.3729.157, webStorageEnabled: true}
Session ID: 8ca5a79061b0930eb1d00664656352b5)
[[ATTACHMENT|/Users/sumankompelly/git/Ontario-cannbis-store/Reports/OCS- MOBILE/AGE GATE/20190518_153710/1558208494188.png]]

2019-05-18 15:41:34 - [MESSAGE][FAILED] - click(findTestObject("Object Repository/Footer_OR/Page_Glossary of Terms  Ontario Can/a_Product Recall")) FAILED.
Reason:
com.kms.katalon.core.exception.StepFailedException: Unable to click on object 'Object Repository/Footer_OR/Page_Glossary of Terms  Ontario Can/a_Product Recall' (Root cause: org.openqa.selenium.WebDriverException: unknown error: Element <a href="/pages/glossary-of-terms">...</a> is not clickable at point (183, 678). Other element would receive the click: <iframe title="Preview Bar" id="preview-bar-iframe" src="https://ocs.ca/preview_bar" sandbox="allow-same-origin allow-scripts" style="position: fixed; bottom: 0px; left: 0px; z-index: 2147483647; width: 100%; border: none; box-shadow: rgba(0, 0, 0, 0.2) 0px -1px 3px; overflow: hidden; transform: translateY(0px); transition: transform 300ms ease 0s; height: 60px;"></iframe>
  (Session info: chrome=74.0.3729.157)
  (Driver info: chromedriver=2.43.600229 (3fae4d0cda5334b4f533bede5a4787f7b832d052),platform=Mac OS X 10.13.6 x86_64) (WARNING: The server did not provide any stacktrace information)
Command duration or timeout: 0 milliseconds
Build info: version: '3.7.1', revision: '8a0099a', time: '2017-11-06T21:07:36.161Z'
System info: host: 'sumans-MacBook-Pro.local', ip: 'fe80:0:0:0:c95:20e5:430d:4315%en0', os.name: 'Mac OS X', os.arch: 'x86_64', os.version: '10.13.6', java.version: '1.8.0_181'
Driver info: com.kms.katalon.selenium.driver.CChromeDriver
Capabilities {acceptInsecureCerts: false, acceptSslCerts: false, applicationCacheEnabled: false, browserConnectionEnabled: false, browserName: chrome, chrome: {chromedriverVersion: 2.43.600229 (3fae4d0cda5334..., userDataDir: /var/folders/1t/c55l8xzs6gq...}, cssSelectorsEnabled: true, databaseEnabled: false, goog:chromeOptions: {debuggerAddress: localhost:50216}, handlesAlerts: true, hasTouchScreen: false, javascriptEnabled: true, locationContextEnabled: true, mobileEmulationEnabled: false, nativeEvents: true, networkConnectionEnabled: false, pageLoadStrategy: normal, platform: MAC, platformName: MAC, rotatable: false, setWindowRect: true, takesHeapSnapshot: true, takesScreenshot: true, unexpectedAlertBehaviour: , unhandledPromptBehavior: , version: 74.0.3729.157, webStorageEnabled: true}
Session ID: 8ca5a79061b0930eb1d00664656352b5)
	at com.kms.katalon.core.keyword.internal.KeywordMain.stepFailed(KeywordMain.groovy:36)
	at com.kms.katalon.core.webui.keyword.internal.WebUIKeywordMain.stepFailed(WebUIKeywordMain.groovy:65)
	at com.kms.katalon.core.webui.keyword.internal.WebUIKeywordMain.runKeyword(WebUIKeywordMain.groovy:27)
	at com.kms.katalon.core.webui.keyword.builtin.ClickKeyword.click(ClickKeyword.groovy:86)
	at com.kms.katalon.core.webui.keyword.builtin.ClickKeyword.execute(ClickKeyword.groovy:67)
	at com.kms.katalon.core.keyword.internal.KeywordExecutor.executeKeywordForPlatform(KeywordExecutor.groovy:53)
	at com.kms.katalon.core.webui.keyword.WebUiBuiltInKeywords.click(WebUiBuiltInKeywords.groovy:616)
	at com.kms.katalon.core.webui.keyword.WebUiBuiltInKeywords$click$3.call(Unknown Source)
	at footer.run(footer:45)
	at com.kms.katalon.core.main.ScriptEngine.run(ScriptEngine.java:194)
	at com.kms.katalon.core.main.ScriptEngine.runScriptAsRawText(ScriptEngine.java:119)
	at com.kms.katalon.core.main.TestCaseExecutor.runScript(TestCaseExecutor.java:328)
	at com.kms.katalon.core.main.TestCaseExecutor.doExecute(TestCaseExecutor.java:319)
	at com.kms.katalon.core.main.TestCaseExecutor.processExecutionPhase(TestCaseExecutor.java:298)
	at com.kms.katalon.core.main.TestCaseExecutor.accessMainPhase(TestCaseExecutor.java:290)
	at com.kms.katalon.core.main.TestCaseExecutor.execute(TestCaseExecutor.java:224)
	at com.kms.katalon.core.main.TestSuiteExecutor.accessTestCaseMainPhase(TestSuiteExecutor.java:129)
	at com.kms.katalon.core.main.TestSuiteExecutor.accessTestSuiteMainPhase(TestSuiteExecutor.java:112)
	at com.kms.katalon.core.main.TestSuiteExecutor.execute(TestSuiteExecutor.java:81)
	at com.kms.katalon.core.main.TestCaseMain.startTestSuite(TestCaseMain.java:149)
	at com.kms.katalon.core.main.TestCaseMain$startTestSuite$0.call(Unknown Source)
	at TempTestSuite1558208231009.run(TempTestSuite1558208231009.groovy:36)]]></system-out>
         <system-err><![CDATA[2019-05-18 15:41:25 - [TEST_CASE][FAILED] - Test Cases/OCS- HOME PAGE/footer: Test Cases/OCS- HOME PAGE/footer FAILED.
Reason:
com.kms.katalon.core.exception.StepFailedException: Unable to click on object 'Object Repository/Footer_OR/Page_Glossary of Terms  Ontario Can/a_Product Recall' (Root cause: org.openqa.selenium.WebDriverException: unknown error: Element <a href="/pages/glossary-of-terms">...</a> is not clickable at point (183, 678). Other element would receive the click: <iframe title="Preview Bar" id="preview-bar-iframe" src="https://ocs.ca/preview_bar" sandbox="allow-same-origin allow-scripts" style="position: fixed; bottom: 0px; left: 0px; z-index: 2147483647; width: 100%; border: none; box-shadow: rgba(0, 0, 0, 0.2) 0px -1px 3px; overflow: hidden; transform: translateY(0px); transition: transform 300ms ease 0s; height: 60px;"></iframe>
  (Session info: chrome=74.0.3729.157)
  (Driver info: chromedriver=2.43.600229 (3fae4d0cda5334b4f533bede5a4787f7b832d052),platform=Mac OS X 10.13.6 x86_64) (WARNING: The server did not provide any stacktrace information)
Command duration or timeout: 0 milliseconds
Build info: version: '3.7.1', revision: '8a0099a', time: '2017-11-06T21:07:36.161Z'
System info: host: 'sumans-MacBook-Pro.local', ip: 'fe80:0:0:0:c95:20e5:430d:4315%en0', os.name: 'Mac OS X', os.arch: 'x86_64', os.version: '10.13.6', java.version: '1.8.0_181'
Driver info: com.kms.katalon.selenium.driver.CChromeDriver
Capabilities {acceptInsecureCerts: false, acceptSslCerts: false, applicationCacheEnabled: false, browserConnectionEnabled: false, browserName: chrome, chrome: {chromedriverVersion: 2.43.600229 (3fae4d0cda5334..., userDataDir: /var/folders/1t/c55l8xzs6gq...}, cssSelectorsEnabled: true, databaseEnabled: false, goog:chromeOptions: {debuggerAddress: localhost:50216}, handlesAlerts: true, hasTouchScreen: false, javascriptEnabled: true, locationContextEnabled: true, mobileEmulationEnabled: false, nativeEvents: true, networkConnectionEnabled: false, pageLoadStrategy: normal, platform: MAC, platformName: MAC, rotatable: false, setWindowRect: true, takesHeapSnapshot: true, takesScreenshot: true, unexpectedAlertBehaviour: , unhandledPromptBehavior: , version: 74.0.3729.157, webStorageEnabled: true}
Session ID: 8ca5a79061b0930eb1d00664656352b5)
	at com.kms.katalon.core.keyword.internal.KeywordMain.stepFailed(KeywordMain.groovy:36)
	at com.kms.katalon.core.webui.keyword.internal.WebUIKeywordMain.stepFailed(WebUIKeywordMain.groovy:65)
	at com.kms.katalon.core.webui.keyword.internal.WebUIKeywordMain.runKeyword(WebUIKeywordMain.groovy:27)
	at com.kms.katalon.core.webui.keyword.builtin.ClickKeyword.click(ClickKeyword.groovy:86)
	at com.kms.katalon.core.webui.keyword.builtin.ClickKeyword.execute(ClickKeyword.groovy:67)
	at com.kms.katalon.core.keyword.internal.KeywordExecutor.executeKeywordForPlatform(KeywordExecutor.groovy:53)
	at com.kms.katalon.core.webui.keyword.WebUiBuiltInKeywords.click(WebUiBuiltInKeywords.groovy:616)
	at com.kms.katalon.core.webui.keyword.WebUiBuiltInKeywords$click$3.call(Unknown Source)
	at footer.run(footer:45)
	at com.kms.katalon.core.main.ScriptEngine.run(ScriptEngine.java:194)
	at com.kms.katalon.core.main.ScriptEngine.runScriptAsRawText(ScriptEngine.java:119)
	at com.kms.katalon.core.main.TestCaseExecutor.runScript(TestCaseExecutor.java:328)
	at com.kms.katalon.core.main.TestCaseExecutor.doExecute(TestCaseExecutor.java:319)
	at com.kms.katalon.core.main.TestCaseExecutor.processExecutionPhase(TestCaseExecutor.java:298)
	at com.kms.katalon.core.main.TestCaseExecutor.accessMainPhase(TestCaseExecutor.java:290)
	at com.kms.katalon.core.main.TestCaseExecutor.execute(TestCaseExecutor.java:224)
	at com.kms.katalon.core.main.TestSuiteExecutor.accessTestCaseMainPhase(TestSuiteExecutor.java:129)
	at com.kms.katalon.core.main.TestSuiteExecutor.accessTestSuiteMainPhase(TestSuiteExecutor.java:112)
	at com.kms.katalon.core.main.TestSuiteExecutor.execute(TestSuiteExecutor.java:81)
	at com.kms.katalon.core.main.TestCaseMain.startTestSuite(TestCaseMain.java:149)
	at com.kms.katalon.core.main.TestCaseMain$startTestSuite$0.call(Unknown Source)
	at TempTestSuite1558208231009.run(TempTestSuite1558208231009.groovy:36)]]></system-err>
      </testcase>
      <testcase name="Test Cases/OCS- HOME PAGE/why trust OCS" classname="Test Cases/OCS- HOME PAGE/why trust OCS" status="FAILED">
         <failure type="FAILED" message="Test Cases/OCS- HOME PAGE/why trust OCS FAILED.
Reason:
com.kms.katalon.core.exception.StepFailedException: Unable to click on object 'Object Repository/Why trust OCS_OR/Page_Ontario Cannabis Store  Ontari/img' (Root cause: com.kms.katalon.core.webui.exception.WebElementNotFoundException: Web element with id: 'Object Repository/Why trust OCS_OR/Page_Ontario Cannabis Store  Ontari/img' located by 'By.xpath: //img[@alt = 'Find out more about OCS' and @src = '//cdn.shopify.com/s/files/1/2636/1928/files/OCS_CREST_REG_BLK_300x300.png?v=1538936678']' not found)
	at com.kms.katalon.core.keyword.internal.KeywordMain.stepFailed(KeywordMain.groovy:36)
	at com.kms.katalon.core.webui.keyword.internal.WebUIKeywordMain.stepFailed(WebUIKeywordMain.groovy:65)
	at com.kms.katalon.core.webui.keyword.internal.WebUIKeywordMain.runKeyword(WebUIKeywordMain.groovy:27)
	at com.kms.katalon.core.webui.keyword.builtin.ClickKeyword.click(ClickKeyword.groovy:86)
	at com.kms.katalon.core.webui.keyword.builtin.ClickKeyword.execute(ClickKeyword.groovy:67)
	at com.kms.katalon.core.keyword.internal.KeywordExecutor.executeKeywordForPlatform(KeywordExecutor.groovy:53)
	at com.kms.katalon.core.webui.keyword.WebUiBuiltInKeywords.click(WebUiBuiltInKeywords.groovy:616)
	at com.kms.katalon.core.webui.keyword.WebUiBuiltInKeywords$click$3.call(Unknown Source)
	at why trust OCS.run(why trust OCS:41)
	at com.kms.katalon.core.main.ScriptEngine.run(ScriptEngine.java:194)
	at com.kms.katalon.core.main.ScriptEngine.runScriptAsRawText(ScriptEngine.java:119)
	at com.kms.katalon.core.main.TestCaseExecutor.runScript(TestCaseExecutor.java:328)
	at com.kms.katalon.core.main.TestCaseExecutor.doExecute(TestCaseExecutor.java:319)
	at com.kms.katalon.core.main.TestCaseExecutor.processExecutionPhase(TestCaseExecutor.java:298)
	at com.kms.katalon.core.main.TestCaseExecutor.accessMainPhase(TestCaseExecutor.java:290)
	at com.kms.katalon.core.main.TestCaseExecutor.execute(TestCaseExecutor.java:224)
	at com.kms.katalon.core.main.TestSuiteExecutor.accessTestCaseMainPhase(TestSuiteExecutor.java:129)
	at com.kms.katalon.core.main.TestSuiteExecutor.accessTestSuiteMainPhase(TestSuiteExecutor.java:112)
	at com.kms.katalon.core.main.TestSuiteExecutor.execute(TestSuiteExecutor.java:81)
	at com.kms.katalon.core.main.TestCaseMain.startTestSuite(TestCaseMain.java:149)
	at com.kms.katalon.core.main.TestCaseMain$startTestSuite$0.call(Unknown Source)
	at TempTestSuite1558208231009.run(TempTestSuite1558208231009.groovy:36)
"/>
         <system-out><![CDATA[2019-05-18 15:41:34 - [TEST_CASE][FAILED] - Test Cases/OCS- HOME PAGE/why trust OCS: Test Cases/OCS- HOME PAGE/why trust OCS FAILED.
Reason:
com.kms.katalon.core.exception.StepFailedException: Unable to click on object 'Object Repository/Why trust OCS_OR/Page_Ontario Cannabis Store  Ontari/img' (Root cause: com.kms.katalon.core.webui.exception.WebElementNotFoundException: Web element with id: 'Object Repository/Why trust OCS_OR/Page_Ontario Cannabis Store  Ontari/img' located by 'By.xpath: //img[@alt = 'Find out more about OCS' and @src = '//cdn.shopify.com/s/files/1/2636/1928/files/OCS_CREST_REG_BLK_300x300.png?v=1538936678']' not found)
	at com.kms.katalon.core.keyword.internal.KeywordMain.stepFailed(KeywordMain.groovy:36)
	at com.kms.katalon.core.webui.keyword.internal.WebUIKeywordMain.stepFailed(WebUIKeywordMain.groovy:65)
	at com.kms.katalon.core.webui.keyword.internal.WebUIKeywordMain.runKeyword(WebUIKeywordMain.groovy:27)
	at com.kms.katalon.core.webui.keyword.builtin.ClickKeyword.click(ClickKeyword.groovy:86)
	at com.kms.katalon.core.webui.keyword.builtin.ClickKeyword.execute(ClickKeyword.groovy:67)
	at com.kms.katalon.core.keyword.internal.KeywordExecutor.executeKeywordForPlatform(KeywordExecutor.groovy:53)
	at com.kms.katalon.core.webui.keyword.WebUiBuiltInKeywords.click(WebUiBuiltInKeywords.groovy:616)
	at com.kms.katalon.core.webui.keyword.WebUiBuiltInKeywords$click$3.call(Unknown Source)
	at why trust OCS.run(why trust OCS:41)
	at com.kms.katalon.core.main.ScriptEngine.run(ScriptEngine.java:194)
	at com.kms.katalon.core.main.ScriptEngine.runScriptAsRawText(ScriptEngine.java:119)
	at com.kms.katalon.core.main.TestCaseExecutor.runScript(TestCaseExecutor.java:328)
	at com.kms.katalon.core.main.TestCaseExecutor.doExecute(TestCaseExecutor.java:319)
	at com.kms.katalon.core.main.TestCaseExecutor.processExecutionPhase(TestCaseExecutor.java:298)
	at com.kms.katalon.core.main.TestCaseExecutor.accessMainPhase(TestCaseExecutor.java:290)
	at com.kms.katalon.core.main.TestCaseExecutor.execute(TestCaseExecutor.java:224)
	at com.kms.katalon.core.main.TestSuiteExecutor.accessTestCaseMainPhase(TestSuiteExecutor.java:129)
	at com.kms.katalon.core.main.TestSuiteExecutor.accessTestSuiteMainPhase(TestSuiteExecutor.java:112)
	at com.kms.katalon.core.main.TestSuiteExecutor.execute(TestSuiteExecutor.java:81)
	at com.kms.katalon.core.main.TestCaseMain.startTestSuite(TestCaseMain.java:149)
	at com.kms.katalon.core.main.TestCaseMain$startTestSuite$0.call(Unknown Source)
	at TempTestSuite1558208231009.run(TempTestSuite1558208231009.groovy:36)


2019-05-18 15:41:34 - [TEST_STEP][PASSED] - openBrowser(""): Browser is opened with url: ''

2019-05-18 15:41:34 - [MESSAGE][WARNING] - A browser is already opened. Closing browser and opening a new one

2019-05-18 15:41:35 - [MESSAGE][INFO] - Starting 'Chrome' driver

2019-05-18 15:41:36 - [MESSAGE][PASSED] - Browser is opened with url: ''

2019-05-18 15:41:36 - [TEST_STEP][PASSED] - navigateToUrl("https://ocs.ca/?fts=0&preview_theme_id=53373863756"): Navigate to 'https://ocs.ca/?fts=0&preview_theme_id=53373863756' successfully

2019-05-18 15:41:39 - [MESSAGE][PASSED] - Navigate to 'https://ocs.ca/?fts=0&preview_theme_id=53373863756' successfully

2019-05-18 15:41:39 - [TEST_STEP][PASSED] - click(findTestObject("Theme_oR/Page_Ontario Cannabis Store  Ontari/button_Hide bar")): Object: 'Object Repository/Theme_oR/Page_Ontario Cannabis Store  Ontari/button_Hide bar' is clicked on

2019-05-18 15:41:39 - [MESSAGE][PASSED] - Object: 'Object Repository/Theme_oR/Page_Ontario Cannabis Store  Ontari/button_Hide bar' is clicked on

2019-05-18 15:41:39 - [TEST_STEP][PASSED] - maximizeWindow(): Current window maximized

2019-05-18 15:41:39 - [MESSAGE][PASSED] - Current window maximized

2019-05-18 15:41:39 - [TEST_STEP][PASSED] - selectOptionByValue(findTestObject("Object Repository/Why trust OCS_OR/Page_Ontario Cannabis Store  Ontari/select_Select01020304050607080"), "15", true): All options with value '15' are selected in object 'Object Repository/Why trust OCS_OR/Page_Ontario Cannabis Store  Ontari/select_Select01020304050607080'  using regular expression

2019-05-18 15:41:39 - [MESSAGE][PASSED] - All options with value '15' are selected in object 'Object Repository/Why trust OCS_OR/Page_Ontario Cannabis Store  Ontari/select_Select01020304050607080'  using regular expression

2019-05-18 15:41:39 - [TEST_STEP][PASSED] - selectOptionByValue(findTestObject("Object Repository/Why trust OCS_OR/Page_Ontario Cannabis Store  Ontari/select_SelectJanuary - 01Febru"), "7", true): All options with value '7' are selected in object 'Object Repository/Why trust OCS_OR/Page_Ontario Cannabis Store  Ontari/select_SelectJanuary - 01Febru'  using regular expression

2019-05-18 15:41:40 - [MESSAGE][PASSED] - All options with value '7' are selected in object 'Object Repository/Why trust OCS_OR/Page_Ontario Cannabis Store  Ontari/select_SelectJanuary - 01Febru'  using regular expression

2019-05-18 15:41:40 - [TEST_STEP][PASSED] - selectOptionByValue(findTestObject("Object Repository/Why trust OCS_OR/Page_Ontario Cannabis Store  Ontari/select_Select20182017201620152"), "1956", true): All options with value '1956' are selected in object 'Object Repository/Why trust OCS_OR/Page_Ontario Cannabis Store  Ontari/select_Select20182017201620152'  using regular expression

2019-05-18 15:41:41 - [MESSAGE][PASSED] - All options with value '1956' are selected in object 'Object Repository/Why trust OCS_OR/Page_Ontario Cannabis Store  Ontari/select_Select20182017201620152'  using regular expression

2019-05-18 15:41:41 - [TEST_STEP][PASSED] - click(findTestObject("Object Repository/Why trust OCS_OR/Page_Ontario Cannabis Store  Ontari/button_Verify")): Object: 'Object Repository/Why trust OCS_OR/Page_Ontario Cannabis Store  Ontari/button_Verify' is clicked on

2019-05-18 15:41:41 - [MESSAGE][PASSED] - Object: 'Object Repository/Why trust OCS_OR/Page_Ontario Cannabis Store  Ontari/button_Verify' is clicked on

2019-05-18 15:41:41 - [TEST_STEP][PASSED] - click(findTestObject("Object Repository/Why trust OCS_OR/Page_Ontario Cannabis Store  Ontari/span_CONFIRM AND ACKNOWLEDGE_c")): Object: 'Object Repository/Why trust OCS_OR/Page_Ontario Cannabis Store  Ontari/span_CONFIRM AND ACKNOWLEDGE_c' is clicked on

2019-05-18 15:41:41 - [MESSAGE][PASSED] - Object: 'Object Repository/Why trust OCS_OR/Page_Ontario Cannabis Store  Ontari/span_CONFIRM AND ACKNOWLEDGE_c' is clicked on

2019-05-18 15:41:41 - [TEST_STEP][PASSED] - click(findTestObject("Object Repository/Why trust OCS_OR/Page_Ontario Cannabis Store  Ontari/button_CONFIRM")): Object: 'Object Repository/Why trust OCS_OR/Page_Ontario Cannabis Store  Ontari/button_CONFIRM' is clicked on

2019-05-18 15:41:41 - [MESSAGE][PASSED] - Object: 'Object Repository/Why trust OCS_OR/Page_Ontario Cannabis Store  Ontari/button_CONFIRM' is clicked on

2019-05-18 15:41:41 - [TEST_STEP][PASSED] - click(findTestObject("Object Repository/Why trust OCS_OR/Page_Ontario Cannabis Store  Ontari/button_Start Browsing")): Object: 'Object Repository/Why trust OCS_OR/Page_Ontario Cannabis Store  Ontari/button_Start Browsing' is clicked on

2019-05-18 15:41:41 - [MESSAGE][PASSED] - Object: 'Object Repository/Why trust OCS_OR/Page_Ontario Cannabis Store  Ontari/button_Start Browsing' is clicked on

2019-05-18 15:41:41 - [TEST_STEP][FAILED] - click(findTestObject("Object Repository/Why trust OCS_OR/Page_Ontario Cannabis Store  Ontari/img")): click(findTestObject("Object Repository/Why trust OCS_OR/Page_Ontario Cannabis Store  Ontari/img")) FAILED.
Reason:
com.kms.katalon.core.exception.StepFailedException: Unable to click on object 'Object Repository/Why trust OCS_OR/Page_Ontario Cannabis Store  Ontari/img' (Root cause: com.kms.katalon.core.webui.exception.WebElementNotFoundException: Web element with id: 'Object Repository/Why trust OCS_OR/Page_Ontario Cannabis Store  Ontari/img' located by 'By.xpath: //img[@alt = 'Find out more about OCS' and @src = '//cdn.shopify.com/s/files/1/2636/1928/files/OCS_CREST_REG_BLK_300x300.png?v=1538936678']' not found)
	at com.kms.katalon.core.keyword.internal.KeywordMain.stepFailed(KeywordMain.groovy:36)
	at com.kms.katalon.core.webui.keyword.internal.WebUIKeywordMain.stepFailed(WebUIKeywordMain.groovy:65)
	at com.kms.katalon.core.webui.keyword.internal.WebUIKeywordMain.runKeyword(WebUIKeywordMain.groovy:27)
	at com.kms.katalon.core.webui.keyword.builtin.ClickKeyword.click(ClickKeyword.groovy:86)
	at com.kms.katalon.core.webui.keyword.builtin.ClickKeyword.execute(ClickKeyword.groovy:67)
	at com.kms.katalon.core.keyword.internal.KeywordExecutor.executeKeywordForPlatform(KeywordExecutor.groovy:53)
	at com.kms.katalon.core.webui.keyword.WebUiBuiltInKeywords.click(WebUiBuiltInKeywords.groovy:616)
	at com.kms.katalon.core.webui.keyword.WebUiBuiltInKeywords$click$3.call(Unknown Source)
	at why trust OCS.run(why trust OCS:41)
	at com.kms.katalon.core.main.ScriptEngine.run(ScriptEngine.java:194)
	at com.kms.katalon.core.main.ScriptEngine.runScriptAsRawText(ScriptEngine.java:119)
	at com.kms.katalon.core.main.TestCaseExecutor.runScript(TestCaseExecutor.java:328)
	at com.kms.katalon.core.main.TestCaseExecutor.doExecute(TestCaseExecutor.java:319)
	at com.kms.katalon.core.main.TestCaseExecutor.processExecutionPhase(TestCaseExecutor.java:298)
	at com.kms.katalon.core.main.TestCaseExecutor.accessMainPhase(TestCaseExecutor.java:290)
	at com.kms.katalon.core.main.TestCaseExecutor.execute(TestCaseExecutor.java:224)
	at com.kms.katalon.core.main.TestSuiteExecutor.accessTestCaseMainPhase(TestSuiteExecutor.java:129)
	at com.kms.katalon.core.main.TestSuiteExecutor.accessTestSuiteMainPhase(TestSuiteExecutor.java:112)
	at com.kms.katalon.core.main.TestSuiteExecutor.execute(TestSuiteExecutor.java:81)
	at com.kms.katalon.core.main.TestCaseMain.startTestSuite(TestCaseMain.java:149)
	at com.kms.katalon.core.main.TestCaseMain$startTestSuite$0.call(Unknown Source)
	at TempTestSuite1558208231009.run(TempTestSuite1558208231009.groovy:36)


2019-05-18 15:42:12 - [MESSAGE][INFO] - Unable to find the element located by 'By.xpath: //img[@alt = 'Find out more about OCS' and @src = '//cdn.shopify.com/s/files/1/2636/1928/files/OCS_CREST_REG_BLK_300x300.png?v=1538936678']'. Please recheck the objects properties to make sure the desired element is located. 

2019-05-18 15:42:13 - [MESSAGE][FAILED] - Unable to click on object 'Object Repository/Why trust OCS_OR/Page_Ontario Cannabis Store  Ontari/img' (Root cause: com.kms.katalon.core.webui.exception.WebElementNotFoundException: Web element with id: 'Object Repository/Why trust OCS_OR/Page_Ontario Cannabis Store  Ontari/img' located by 'By.xpath: //img[@alt = 'Find out more about OCS' and @src = '//cdn.shopify.com/s/files/1/2636/1928/files/OCS_CREST_REG_BLK_300x300.png?v=1538936678']' not found)
[[ATTACHMENT|/Users/sumankompelly/git/Ontario-cannbis-store/Reports/OCS- MOBILE/AGE GATE/20190518_153710/1558208532380.png]]

2019-05-18 15:42:13 - [MESSAGE][FAILED] - click(findTestObject("Object Repository/Why trust OCS_OR/Page_Ontario Cannabis Store  Ontari/img")) FAILED.
Reason:
com.kms.katalon.core.exception.StepFailedException: Unable to click on object 'Object Repository/Why trust OCS_OR/Page_Ontario Cannabis Store  Ontari/img' (Root cause: com.kms.katalon.core.webui.exception.WebElementNotFoundException: Web element with id: 'Object Repository/Why trust OCS_OR/Page_Ontario Cannabis Store  Ontari/img' located by 'By.xpath: //img[@alt = 'Find out more about OCS' and @src = '//cdn.shopify.com/s/files/1/2636/1928/files/OCS_CREST_REG_BLK_300x300.png?v=1538936678']' not found)
	at com.kms.katalon.core.keyword.internal.KeywordMain.stepFailed(KeywordMain.groovy:36)
	at com.kms.katalon.core.webui.keyword.internal.WebUIKeywordMain.stepFailed(WebUIKeywordMain.groovy:65)
	at com.kms.katalon.core.webui.keyword.internal.WebUIKeywordMain.runKeyword(WebUIKeywordMain.groovy:27)
	at com.kms.katalon.core.webui.keyword.builtin.ClickKeyword.click(ClickKeyword.groovy:86)
	at com.kms.katalon.core.webui.keyword.builtin.ClickKeyword.execute(ClickKeyword.groovy:67)
	at com.kms.katalon.core.keyword.internal.KeywordExecutor.executeKeywordForPlatform(KeywordExecutor.groovy:53)
	at com.kms.katalon.core.webui.keyword.WebUiBuiltInKeywords.click(WebUiBuiltInKeywords.groovy:616)
	at com.kms.katalon.core.webui.keyword.WebUiBuiltInKeywords$click$3.call(Unknown Source)
	at why trust OCS.run(why trust OCS:41)
	at com.kms.katalon.core.main.ScriptEngine.run(ScriptEngine.java:194)
	at com.kms.katalon.core.main.ScriptEngine.runScriptAsRawText(ScriptEngine.java:119)
	at com.kms.katalon.core.main.TestCaseExecutor.runScript(TestCaseExecutor.java:328)
	at com.kms.katalon.core.main.TestCaseExecutor.doExecute(TestCaseExecutor.java:319)
	at com.kms.katalon.core.main.TestCaseExecutor.processExecutionPhase(TestCaseExecutor.java:298)
	at com.kms.katalon.core.main.TestCaseExecutor.accessMainPhase(TestCaseExecutor.java:290)
	at com.kms.katalon.core.main.TestCaseExecutor.execute(TestCaseExecutor.java:224)
	at com.kms.katalon.core.main.TestSuiteExecutor.accessTestCaseMainPhase(TestSuiteExecutor.java:129)
	at com.kms.katalon.core.main.TestSuiteExecutor.accessTestSuiteMainPhase(TestSuiteExecutor.java:112)
	at com.kms.katalon.core.main.TestSuiteExecutor.execute(TestSuiteExecutor.java:81)
	at com.kms.katalon.core.main.TestCaseMain.startTestSuite(TestCaseMain.java:149)
	at com.kms.katalon.core.main.TestCaseMain$startTestSuite$0.call(Unknown Source)
	at TempTestSuite1558208231009.run(TempTestSuite1558208231009.groovy:36)]]></system-out>
         <system-err><![CDATA[2019-05-18 15:41:34 - [TEST_CASE][FAILED] - Test Cases/OCS- HOME PAGE/why trust OCS: Test Cases/OCS- HOME PAGE/why trust OCS FAILED.
Reason:
com.kms.katalon.core.exception.StepFailedException: Unable to click on object 'Object Repository/Why trust OCS_OR/Page_Ontario Cannabis Store  Ontari/img' (Root cause: com.kms.katalon.core.webui.exception.WebElementNotFoundException: Web element with id: 'Object Repository/Why trust OCS_OR/Page_Ontario Cannabis Store  Ontari/img' located by 'By.xpath: //img[@alt = 'Find out more about OCS' and @src = '//cdn.shopify.com/s/files/1/2636/1928/files/OCS_CREST_REG_BLK_300x300.png?v=1538936678']' not found)
	at com.kms.katalon.core.keyword.internal.KeywordMain.stepFailed(KeywordMain.groovy:36)
	at com.kms.katalon.core.webui.keyword.internal.WebUIKeywordMain.stepFailed(WebUIKeywordMain.groovy:65)
	at com.kms.katalon.core.webui.keyword.internal.WebUIKeywordMain.runKeyword(WebUIKeywordMain.groovy:27)
	at com.kms.katalon.core.webui.keyword.builtin.ClickKeyword.click(ClickKeyword.groovy:86)
	at com.kms.katalon.core.webui.keyword.builtin.ClickKeyword.execute(ClickKeyword.groovy:67)
	at com.kms.katalon.core.keyword.internal.KeywordExecutor.executeKeywordForPlatform(KeywordExecutor.groovy:53)
	at com.kms.katalon.core.webui.keyword.WebUiBuiltInKeywords.click(WebUiBuiltInKeywords.groovy:616)
	at com.kms.katalon.core.webui.keyword.WebUiBuiltInKeywords$click$3.call(Unknown Source)
	at why trust OCS.run(why trust OCS:41)
	at com.kms.katalon.core.main.ScriptEngine.run(ScriptEngine.java:194)
	at com.kms.katalon.core.main.ScriptEngine.runScriptAsRawText(ScriptEngine.java:119)
	at com.kms.katalon.core.main.TestCaseExecutor.runScript(TestCaseExecutor.java:328)
	at com.kms.katalon.core.main.TestCaseExecutor.doExecute(TestCaseExecutor.java:319)
	at com.kms.katalon.core.main.TestCaseExecutor.processExecutionPhase(TestCaseExecutor.java:298)
	at com.kms.katalon.core.main.TestCaseExecutor.accessMainPhase(TestCaseExecutor.java:290)
	at com.kms.katalon.core.main.TestCaseExecutor.execute(TestCaseExecutor.java:224)
	at com.kms.katalon.core.main.TestSuiteExecutor.accessTestCaseMainPhase(TestSuiteExecutor.java:129)
	at com.kms.katalon.core.main.TestSuiteExecutor.accessTestSuiteMainPhase(TestSuiteExecutor.java:112)
	at com.kms.katalon.core.main.TestSuiteExecutor.execute(TestSuiteExecutor.java:81)
	at com.kms.katalon.core.main.TestCaseMain.startTestSuite(TestCaseMain.java:149)
	at com.kms.katalon.core.main.TestCaseMain$startTestSuite$0.call(Unknown Source)
	at TempTestSuite1558208231009.run(TempTestSuite1558208231009.groovy:36)]]></system-err>
      </testcase>
      <testcase name="Test Cases/OCS- HOME PAGE/Mega-menu -" classname="Test Cases/OCS- HOME PAGE/Mega-menu -" status="FAILED">
         <failure type="FAILED" message="Test Cases/OCS- HOME PAGE/Mega-menu - FAILED.
Reason:
com.kms.katalon.core.exception.StepFailedException: Unable to click on object 'Object Repository/mega-menu - cannabis/Page_Dried Flower  Ontario Cannabis/h3_Cannabis' (Root cause: com.kms.katalon.core.webui.exception.WebElementNotFoundException: Web element with id: 'Object Repository/mega-menu - cannabis/Page_Dried Flower  Ontario Cannabis/h3_Cannabis' located by 'By.xpath: //div[@id='shopify-section-en-header']/header/div[2]/div/div/div/nav/ul/li/a/div/h3' not found)
	at com.kms.katalon.core.keyword.internal.KeywordMain.stepFailed(KeywordMain.groovy:36)
	at com.kms.katalon.core.webui.keyword.internal.WebUIKeywordMain.stepFailed(WebUIKeywordMain.groovy:65)
	at com.kms.katalon.core.webui.keyword.internal.WebUIKeywordMain.runKeyword(WebUIKeywordMain.groovy:27)
	at com.kms.katalon.core.webui.keyword.builtin.ClickKeyword.click(ClickKeyword.groovy:86)
	at com.kms.katalon.core.webui.keyword.builtin.ClickKeyword.execute(ClickKeyword.groovy:67)
	at com.kms.katalon.core.keyword.internal.KeywordExecutor.executeKeywordForPlatform(KeywordExecutor.groovy:53)
	at com.kms.katalon.core.webui.keyword.WebUiBuiltInKeywords.click(WebUiBuiltInKeywords.groovy:616)
	at com.kms.katalon.core.webui.keyword.WebUiBuiltInKeywords$click$3.call(Unknown Source)
	at Mega-menu -.run(Mega-menu -:49)
	at com.kms.katalon.core.main.ScriptEngine.run(ScriptEngine.java:194)
	at com.kms.katalon.core.main.ScriptEngine.runScriptAsRawText(ScriptEngine.java:119)
	at com.kms.katalon.core.main.TestCaseExecutor.runScript(TestCaseExecutor.java:328)
	at com.kms.katalon.core.main.TestCaseExecutor.doExecute(TestCaseExecutor.java:319)
	at com.kms.katalon.core.main.TestCaseExecutor.processExecutionPhase(TestCaseExecutor.java:298)
	at com.kms.katalon.core.main.TestCaseExecutor.accessMainPhase(TestCaseExecutor.java:290)
	at com.kms.katalon.core.main.TestCaseExecutor.execute(TestCaseExecutor.java:224)
	at com.kms.katalon.core.main.TestSuiteExecutor.accessTestCaseMainPhase(TestSuiteExecutor.java:129)
	at com.kms.katalon.core.main.TestSuiteExecutor.accessTestSuiteMainPhase(TestSuiteExecutor.java:112)
	at com.kms.katalon.core.main.TestSuiteExecutor.execute(TestSuiteExecutor.java:81)
	at com.kms.katalon.core.main.TestCaseMain.startTestSuite(TestCaseMain.java:149)
	at com.kms.katalon.core.main.TestCaseMain$startTestSuite$0.call(Unknown Source)
	at TempTestSuite1558208231009.run(TempTestSuite1558208231009.groovy:36)
"/>
         <system-out><![CDATA[2019-05-18 15:42:13 - [TEST_CASE][FAILED] - Test Cases/OCS- HOME PAGE/Mega-menu -: Test Cases/OCS- HOME PAGE/Mega-menu - FAILED.
Reason:
com.kms.katalon.core.exception.StepFailedException: Unable to click on object 'Object Repository/mega-menu - cannabis/Page_Dried Flower  Ontario Cannabis/h3_Cannabis' (Root cause: com.kms.katalon.core.webui.exception.WebElementNotFoundException: Web element with id: 'Object Repository/mega-menu - cannabis/Page_Dried Flower  Ontario Cannabis/h3_Cannabis' located by 'By.xpath: //div[@id='shopify-section-en-header']/header/div[2]/div/div/div/nav/ul/li/a/div/h3' not found)
	at com.kms.katalon.core.keyword.internal.KeywordMain.stepFailed(KeywordMain.groovy:36)
	at com.kms.katalon.core.webui.keyword.internal.WebUIKeywordMain.stepFailed(WebUIKeywordMain.groovy:65)
	at com.kms.katalon.core.webui.keyword.internal.WebUIKeywordMain.runKeyword(WebUIKeywordMain.groovy:27)
	at com.kms.katalon.core.webui.keyword.builtin.ClickKeyword.click(ClickKeyword.groovy:86)
	at com.kms.katalon.core.webui.keyword.builtin.ClickKeyword.execute(ClickKeyword.groovy:67)
	at com.kms.katalon.core.keyword.internal.KeywordExecutor.executeKeywordForPlatform(KeywordExecutor.groovy:53)
	at com.kms.katalon.core.webui.keyword.WebUiBuiltInKeywords.click(WebUiBuiltInKeywords.groovy:616)
	at com.kms.katalon.core.webui.keyword.WebUiBuiltInKeywords$click$3.call(Unknown Source)
	at Mega-menu -.run(Mega-menu -:49)
	at com.kms.katalon.core.main.ScriptEngine.run(ScriptEngine.java:194)
	at com.kms.katalon.core.main.ScriptEngine.runScriptAsRawText(ScriptEngine.java:119)
	at com.kms.katalon.core.main.TestCaseExecutor.runScript(TestCaseExecutor.java:328)
	at com.kms.katalon.core.main.TestCaseExecutor.doExecute(TestCaseExecutor.java:319)
	at com.kms.katalon.core.main.TestCaseExecutor.processExecutionPhase(TestCaseExecutor.java:298)
	at com.kms.katalon.core.main.TestCaseExecutor.accessMainPhase(TestCaseExecutor.java:290)
	at com.kms.katalon.core.main.TestCaseExecutor.execute(TestCaseExecutor.java:224)
	at com.kms.katalon.core.main.TestSuiteExecutor.accessTestCaseMainPhase(TestSuiteExecutor.java:129)
	at com.kms.katalon.core.main.TestSuiteExecutor.accessTestSuiteMainPhase(TestSuiteExecutor.java:112)
	at com.kms.katalon.core.main.TestSuiteExecutor.execute(TestSuiteExecutor.java:81)
	at com.kms.katalon.core.main.TestCaseMain.startTestSuite(TestCaseMain.java:149)
	at com.kms.katalon.core.main.TestCaseMain$startTestSuite$0.call(Unknown Source)
	at TempTestSuite1558208231009.run(TempTestSuite1558208231009.groovy:36)


2019-05-18 15:42:13 - [TEST_STEP][PASSED] - openBrowser(""): Browser is opened with url: ''

2019-05-18 15:42:13 - [MESSAGE][WARNING] - A browser is already opened. Closing browser and opening a new one

2019-05-18 15:42:13 - [MESSAGE][INFO] - Starting 'Chrome' driver

2019-05-18 15:42:14 - [MESSAGE][PASSED] - Browser is opened with url: ''

2019-05-18 15:42:14 - [TEST_STEP][PASSED] - navigateToUrl("http://ocs.ca/#/verify-age"): Navigate to 'http://ocs.ca/#/verify-age' successfully

2019-05-18 15:42:16 - [MESSAGE][PASSED] - Navigate to 'http://ocs.ca/#/verify-age' successfully

2019-05-18 15:42:16 - [TEST_STEP][PASSED] - maximizeWindow(): Current window maximized

2019-05-18 15:42:16 - [MESSAGE][PASSED] - Current window maximized

2019-05-18 15:42:16 - [TEST_STEP][PASSED] - selectOptionByValue(findTestObject("Object Repository/mega-menu - cannabis/Page_Ontario Cannabis Store  Ontari/select_Select01020304050607080"), "1", true): All options with value '1' are selected in object 'Object Repository/mega-menu - cannabis/Page_Ontario Cannabis Store  Ontari/select_Select01020304050607080'  using regular expression

2019-05-18 15:42:17 - [MESSAGE][PASSED] - All options with value '1' are selected in object 'Object Repository/mega-menu - cannabis/Page_Ontario Cannabis Store  Ontari/select_Select01020304050607080'  using regular expression

2019-05-18 15:42:17 - [TEST_STEP][PASSED] - selectOptionByValue(findTestObject("Object Repository/mega-menu - cannabis/Page_Ontario Cannabis Store  Ontari/select_SelectJanuary - 01Febru"), "0", true): All options with value '0' are selected in object 'Object Repository/mega-menu - cannabis/Page_Ontario Cannabis Store  Ontari/select_SelectJanuary - 01Febru'  using regular expression

2019-05-18 15:42:17 - [MESSAGE][PASSED] - All options with value '0' are selected in object 'Object Repository/mega-menu - cannabis/Page_Ontario Cannabis Store  Ontari/select_SelectJanuary - 01Febru'  using regular expression

2019-05-18 15:42:17 - [TEST_STEP][PASSED] - selectOptionByValue(findTestObject("Object Repository/mega-menu - cannabis/Page_Ontario Cannabis Store  Ontari/select_Select20182017201620152"), "1968", true): All options with value '1968' are selected in object 'Object Repository/mega-menu - cannabis/Page_Ontario Cannabis Store  Ontari/select_Select20182017201620152'  using regular expression

2019-05-18 15:42:18 - [MESSAGE][PASSED] - All options with value '1968' are selected in object 'Object Repository/mega-menu - cannabis/Page_Ontario Cannabis Store  Ontari/select_Select20182017201620152'  using regular expression

2019-05-18 15:42:18 - [TEST_STEP][PASSED] - click(findTestObject("Object Repository/mega-menu - cannabis/Page_Ontario Cannabis Store  Ontari/button_Verify")): Object: 'Object Repository/mega-menu - cannabis/Page_Ontario Cannabis Store  Ontari/button_Verify' is clicked on

2019-05-18 15:42:19 - [MESSAGE][PASSED] - Object: 'Object Repository/mega-menu - cannabis/Page_Ontario Cannabis Store  Ontari/button_Verify' is clicked on

2019-05-18 15:42:19 - [TEST_STEP][PASSED] - click(findTestObject("Object Repository/mega-menu - cannabis/Page_Ontario Cannabis Store  Ontari/span_CONFIRM AND ACKNOWLEDGE_c")): Object: 'Object Repository/mega-menu - cannabis/Page_Ontario Cannabis Store  Ontari/span_CONFIRM AND ACKNOWLEDGE_c' is clicked on

2019-05-18 15:42:19 - [MESSAGE][PASSED] - Object: 'Object Repository/mega-menu - cannabis/Page_Ontario Cannabis Store  Ontari/span_CONFIRM AND ACKNOWLEDGE_c' is clicked on

2019-05-18 15:42:19 - [TEST_STEP][PASSED] - click(findTestObject("Object Repository/mega-menu - cannabis/Page_Ontario Cannabis Store  Ontari/button_CONFIRM")): Object: 'Object Repository/mega-menu - cannabis/Page_Ontario Cannabis Store  Ontari/button_CONFIRM' is clicked on

2019-05-18 15:42:19 - [MESSAGE][PASSED] - Object: 'Object Repository/mega-menu - cannabis/Page_Ontario Cannabis Store  Ontari/button_CONFIRM' is clicked on

2019-05-18 15:42:19 - [TEST_STEP][PASSED] - click(findTestObject("Object Repository/mega-menu - cannabis/Page_Ontario Cannabis Store  Ontari/button_Start Browsing")): Object: 'Object Repository/mega-menu - cannabis/Page_Ontario Cannabis Store  Ontari/button_Start Browsing' is clicked on

2019-05-18 15:42:19 - [MESSAGE][PASSED] - Object: 'Object Repository/mega-menu - cannabis/Page_Ontario Cannabis Store  Ontari/button_Start Browsing' is clicked on

2019-05-18 15:42:19 - [TEST_STEP][PASSED] - delay(2): Delayed 2 second(s)

2019-05-18 15:42:21 - [MESSAGE][PASSED] - Delayed 2 second(s)

2019-05-18 15:42:21 - [TEST_STEP][PASSED] - click(findTestObject("mega-menu - cannabis/Page_Ontario Cannabis Store  Ontari/h3_Cannabis")): Object: 'Object Repository/mega-menu - cannabis/Page_Ontario Cannabis Store  Ontari/h3_Cannabis' is clicked on

2019-05-18 15:42:21 - [MESSAGE][PASSED] - Object: 'Object Repository/mega-menu - cannabis/Page_Ontario Cannabis Store  Ontari/h3_Cannabis' is clicked on

2019-05-18 15:42:21 - [TEST_STEP][PASSED] - click(findTestObject("mega-menu - cannabis/Page_Ontario Cannabis Store  Ontari/h3_Cannabis")): Object: 'Object Repository/mega-menu - cannabis/Page_Ontario Cannabis Store  Ontari/h3_Cannabis' is clicked on

2019-05-18 15:42:21 - [MESSAGE][PASSED] - Object: 'Object Repository/mega-menu - cannabis/Page_Ontario Cannabis Store  Ontari/h3_Cannabis' is clicked on

2019-05-18 15:42:21 - [TEST_STEP][PASSED] - click(findTestObject("Object Repository/mega-menu - cannabis/Page_Ontario Cannabis Store  Ontari/span_Dried Flower")): Object: 'Object Repository/mega-menu - cannabis/Page_Ontario Cannabis Store  Ontari/span_Dried Flower' is clicked on

2019-05-18 15:42:22 - [MESSAGE][PASSED] - Object: 'Object Repository/mega-menu - cannabis/Page_Ontario Cannabis Store  Ontari/span_Dried Flower' is clicked on

2019-05-18 15:42:22 - [TEST_STEP][PASSED] - click(findTestObject("mega-menu - cannabis/Page_Ontario Cannabis Store  Ontari/h3_Cannabis")): Object: 'Object Repository/mega-menu - cannabis/Page_Ontario Cannabis Store  Ontari/h3_Cannabis' is clicked on

2019-05-18 15:42:22 - [MESSAGE][PASSED] - Object: 'Object Repository/mega-menu - cannabis/Page_Ontario Cannabis Store  Ontari/h3_Cannabis' is clicked on

2019-05-18 15:42:22 - [TEST_STEP][FAILED] - click(findTestObject("Object Repository/mega-menu - cannabis/Page_Dried Flower  Ontario Cannabis/h3_Cannabis")): click(findTestObject("Object Repository/mega-menu - cannabis/Page_Dried Flower  Ontario Cannabis/h3_Cannabis")) FAILED.
Reason:
com.kms.katalon.core.exception.StepFailedException: Unable to click on object 'Object Repository/mega-menu - cannabis/Page_Dried Flower  Ontario Cannabis/h3_Cannabis' (Root cause: com.kms.katalon.core.webui.exception.WebElementNotFoundException: Web element with id: 'Object Repository/mega-menu - cannabis/Page_Dried Flower  Ontario Cannabis/h3_Cannabis' located by 'By.xpath: //div[@id='shopify-section-en-header']/header/div[2]/div/div/div/nav/ul/li/a/div/h3' not found)
	at com.kms.katalon.core.keyword.internal.KeywordMain.stepFailed(KeywordMain.groovy:36)
	at com.kms.katalon.core.webui.keyword.internal.WebUIKeywordMain.stepFailed(WebUIKeywordMain.groovy:65)
	at com.kms.katalon.core.webui.keyword.internal.WebUIKeywordMain.runKeyword(WebUIKeywordMain.groovy:27)
	at com.kms.katalon.core.webui.keyword.builtin.ClickKeyword.click(ClickKeyword.groovy:86)
	at com.kms.katalon.core.webui.keyword.builtin.ClickKeyword.execute(ClickKeyword.groovy:67)
	at com.kms.katalon.core.keyword.internal.KeywordExecutor.executeKeywordForPlatform(KeywordExecutor.groovy:53)
	at com.kms.katalon.core.webui.keyword.WebUiBuiltInKeywords.click(WebUiBuiltInKeywords.groovy:616)
	at com.kms.katalon.core.webui.keyword.WebUiBuiltInKeywords$click$3.call(Unknown Source)
	at Mega-menu -.run(Mega-menu -:49)
	at com.kms.katalon.core.main.ScriptEngine.run(ScriptEngine.java:194)
	at com.kms.katalon.core.main.ScriptEngine.runScriptAsRawText(ScriptEngine.java:119)
	at com.kms.katalon.core.main.TestCaseExecutor.runScript(TestCaseExecutor.java:328)
	at com.kms.katalon.core.main.TestCaseExecutor.doExecute(TestCaseExecutor.java:319)
	at com.kms.katalon.core.main.TestCaseExecutor.processExecutionPhase(TestCaseExecutor.java:298)
	at com.kms.katalon.core.main.TestCaseExecutor.accessMainPhase(TestCaseExecutor.java:290)
	at com.kms.katalon.core.main.TestCaseExecutor.execute(TestCaseExecutor.java:224)
	at com.kms.katalon.core.main.TestSuiteExecutor.accessTestCaseMainPhase(TestSuiteExecutor.java:129)
	at com.kms.katalon.core.main.TestSuiteExecutor.accessTestSuiteMainPhase(TestSuiteExecutor.java:112)
	at com.kms.katalon.core.main.TestSuiteExecutor.execute(TestSuiteExecutor.java:81)
	at com.kms.katalon.core.main.TestCaseMain.startTestSuite(TestCaseMain.java:149)
	at com.kms.katalon.core.main.TestCaseMain$startTestSuite$0.call(Unknown Source)
	at TempTestSuite1558208231009.run(TempTestSuite1558208231009.groovy:36)


2019-05-18 15:42:52 - [MESSAGE][INFO] - Unable to find the element located by 'By.xpath: //div[@id='shopify-section-en-header']/header/div[2]/div/div/div/nav/ul/li/a/div/h3'. Please recheck the objects properties to make sure the desired element is located. 

2019-05-18 15:42:53 - [MESSAGE][FAILED] - Unable to click on object 'Object Repository/mega-menu - cannabis/Page_Dried Flower  Ontario Cannabis/h3_Cannabis' (Root cause: com.kms.katalon.core.webui.exception.WebElementNotFoundException: Web element with id: 'Object Repository/mega-menu - cannabis/Page_Dried Flower  Ontario Cannabis/h3_Cannabis' located by 'By.xpath: //div[@id='shopify-section-en-header']/header/div[2]/div/div/div/nav/ul/li/a/div/h3' not found)
[[ATTACHMENT|/Users/sumankompelly/git/Ontario-cannbis-store/Reports/OCS- MOBILE/AGE GATE/20190518_153710/1558208572987.png]]

2019-05-18 15:42:53 - [MESSAGE][FAILED] - click(findTestObject("Object Repository/mega-menu - cannabis/Page_Dried Flower  Ontario Cannabis/h3_Cannabis")) FAILED.
Reason:
com.kms.katalon.core.exception.StepFailedException: Unable to click on object 'Object Repository/mega-menu - cannabis/Page_Dried Flower  Ontario Cannabis/h3_Cannabis' (Root cause: com.kms.katalon.core.webui.exception.WebElementNotFoundException: Web element with id: 'Object Repository/mega-menu - cannabis/Page_Dried Flower  Ontario Cannabis/h3_Cannabis' located by 'By.xpath: //div[@id='shopify-section-en-header']/header/div[2]/div/div/div/nav/ul/li/a/div/h3' not found)
	at com.kms.katalon.core.keyword.internal.KeywordMain.stepFailed(KeywordMain.groovy:36)
	at com.kms.katalon.core.webui.keyword.internal.WebUIKeywordMain.stepFailed(WebUIKeywordMain.groovy:65)
	at com.kms.katalon.core.webui.keyword.internal.WebUIKeywordMain.runKeyword(WebUIKeywordMain.groovy:27)
	at com.kms.katalon.core.webui.keyword.builtin.ClickKeyword.click(ClickKeyword.groovy:86)
	at com.kms.katalon.core.webui.keyword.builtin.ClickKeyword.execute(ClickKeyword.groovy:67)
	at com.kms.katalon.core.keyword.internal.KeywordExecutor.executeKeywordForPlatform(KeywordExecutor.groovy:53)
	at com.kms.katalon.core.webui.keyword.WebUiBuiltInKeywords.click(WebUiBuiltInKeywords.groovy:616)
	at com.kms.katalon.core.webui.keyword.WebUiBuiltInKeywords$click$3.call(Unknown Source)
	at Mega-menu -.run(Mega-menu -:49)
	at com.kms.katalon.core.main.ScriptEngine.run(ScriptEngine.java:194)
	at com.kms.katalon.core.main.ScriptEngine.runScriptAsRawText(ScriptEngine.java:119)
	at com.kms.katalon.core.main.TestCaseExecutor.runScript(TestCaseExecutor.java:328)
	at com.kms.katalon.core.main.TestCaseExecutor.doExecute(TestCaseExecutor.java:319)
	at com.kms.katalon.core.main.TestCaseExecutor.processExecutionPhase(TestCaseExecutor.java:298)
	at com.kms.katalon.core.main.TestCaseExecutor.accessMainPhase(TestCaseExecutor.java:290)
	at com.kms.katalon.core.main.TestCaseExecutor.execute(TestCaseExecutor.java:224)
	at com.kms.katalon.core.main.TestSuiteExecutor.accessTestCaseMainPhase(TestSuiteExecutor.java:129)
	at com.kms.katalon.core.main.TestSuiteExecutor.accessTestSuiteMainPhase(TestSuiteExecutor.java:112)
	at com.kms.katalon.core.main.TestSuiteExecutor.execute(TestSuiteExecutor.java:81)
	at com.kms.katalon.core.main.TestCaseMain.startTestSuite(TestCaseMain.java:149)
	at com.kms.katalon.core.main.TestCaseMain$startTestSuite$0.call(Unknown Source)
	at TempTestSuite1558208231009.run(TempTestSuite1558208231009.groovy:36)]]></system-out>
         <system-err><![CDATA[2019-05-18 15:42:13 - [TEST_CASE][FAILED] - Test Cases/OCS- HOME PAGE/Mega-menu -: Test Cases/OCS- HOME PAGE/Mega-menu - FAILED.
Reason:
com.kms.katalon.core.exception.StepFailedException: Unable to click on object 'Object Repository/mega-menu - cannabis/Page_Dried Flower  Ontario Cannabis/h3_Cannabis' (Root cause: com.kms.katalon.core.webui.exception.WebElementNotFoundException: Web element with id: 'Object Repository/mega-menu - cannabis/Page_Dried Flower  Ontario Cannabis/h3_Cannabis' located by 'By.xpath: //div[@id='shopify-section-en-header']/header/div[2]/div/div/div/nav/ul/li/a/div/h3' not found)
	at com.kms.katalon.core.keyword.internal.KeywordMain.stepFailed(KeywordMain.groovy:36)
	at com.kms.katalon.core.webui.keyword.internal.WebUIKeywordMain.stepFailed(WebUIKeywordMain.groovy:65)
	at com.kms.katalon.core.webui.keyword.internal.WebUIKeywordMain.runKeyword(WebUIKeywordMain.groovy:27)
	at com.kms.katalon.core.webui.keyword.builtin.ClickKeyword.click(ClickKeyword.groovy:86)
	at com.kms.katalon.core.webui.keyword.builtin.ClickKeyword.execute(ClickKeyword.groovy:67)
	at com.kms.katalon.core.keyword.internal.KeywordExecutor.executeKeywordForPlatform(KeywordExecutor.groovy:53)
	at com.kms.katalon.core.webui.keyword.WebUiBuiltInKeywords.click(WebUiBuiltInKeywords.groovy:616)
	at com.kms.katalon.core.webui.keyword.WebUiBuiltInKeywords$click$3.call(Unknown Source)
	at Mega-menu -.run(Mega-menu -:49)
	at com.kms.katalon.core.main.ScriptEngine.run(ScriptEngine.java:194)
	at com.kms.katalon.core.main.ScriptEngine.runScriptAsRawText(ScriptEngine.java:119)
	at com.kms.katalon.core.main.TestCaseExecutor.runScript(TestCaseExecutor.java:328)
	at com.kms.katalon.core.main.TestCaseExecutor.doExecute(TestCaseExecutor.java:319)
	at com.kms.katalon.core.main.TestCaseExecutor.processExecutionPhase(TestCaseExecutor.java:298)
	at com.kms.katalon.core.main.TestCaseExecutor.accessMainPhase(TestCaseExecutor.java:290)
	at com.kms.katalon.core.main.TestCaseExecutor.execute(TestCaseExecutor.java:224)
	at com.kms.katalon.core.main.TestSuiteExecutor.accessTestCaseMainPhase(TestSuiteExecutor.java:129)
	at com.kms.katalon.core.main.TestSuiteExecutor.accessTestSuiteMainPhase(TestSuiteExecutor.java:112)
	at com.kms.katalon.core.main.TestSuiteExecutor.execute(TestSuiteExecutor.java:81)
	at com.kms.katalon.core.main.TestCaseMain.startTestSuite(TestCaseMain.java:149)
	at com.kms.katalon.core.main.TestCaseMain$startTestSuite$0.call(Unknown Source)
	at TempTestSuite1558208231009.run(TempTestSuite1558208231009.groovy:36)]]></system-err>
      </testcase>
      <testcase name="Test Cases/OCS- HOME PAGE/HP- Mega menu-Hover- Learn" classname="Test Cases/OCS- HOME PAGE/HP- Mega menu-Hover- Learn" status="FAILED">
         <failure type="FAILED" message="Test Cases/OCS- HOME PAGE/HP- Mega menu-Hover- Learn FAILED.
Reason:
com.kms.katalon.core.exception.StepFailedException: Unable to verify text 'The Endocannabinoid System' is present  using regular expression (Root cause: com.kms.katalon.core.exception.StepFailedException: Text 'The Endocannabinoid System' is not present on page  using regular expression)
	at com.kms.katalon.core.keyword.internal.KeywordMain.stepFailed(KeywordMain.groovy:36)
	at com.kms.katalon.core.webui.keyword.internal.WebUIKeywordMain.stepFailed(WebUIKeywordMain.groovy:65)
	at com.kms.katalon.core.webui.keyword.internal.WebUIKeywordMain.runKeyword(WebUIKeywordMain.groovy:27)
	at com.kms.katalon.core.webui.keyword.builtin.VerifyTextPresentKeyword.verifyTextPresent(VerifyTextPresentKeyword.groovy:83)
	at com.kms.katalon.core.webui.keyword.builtin.VerifyTextPresentKeyword.execute(VerifyTextPresentKeyword.groovy:68)
	at com.kms.katalon.core.keyword.internal.KeywordExecutor.executeKeywordForPlatform(KeywordExecutor.groovy:53)
	at com.kms.katalon.core.webui.keyword.WebUiBuiltInKeywords.verifyTextPresent(WebUiBuiltInKeywords.groovy:1693)
	at com.kms.katalon.core.webui.keyword.WebUiBuiltInKeywords$verifyTextPresent$10.call(Unknown Source)
	at HP- Mega menu-Hover- Learn.run(HP- Mega menu-Hover- Learn:53)
	at com.kms.katalon.core.main.ScriptEngine.run(ScriptEngine.java:194)
	at com.kms.katalon.core.main.ScriptEngine.runScriptAsRawText(ScriptEngine.java:119)
	at com.kms.katalon.core.main.TestCaseExecutor.runScript(TestCaseExecutor.java:328)
	at com.kms.katalon.core.main.TestCaseExecutor.doExecute(TestCaseExecutor.java:319)
	at com.kms.katalon.core.main.TestCaseExecutor.processExecutionPhase(TestCaseExecutor.java:298)
	at com.kms.katalon.core.main.TestCaseExecutor.accessMainPhase(TestCaseExecutor.java:290)
	at com.kms.katalon.core.main.TestCaseExecutor.execute(TestCaseExecutor.java:224)
	at com.kms.katalon.core.main.TestSuiteExecutor.accessTestCaseMainPhase(TestSuiteExecutor.java:129)
	at com.kms.katalon.core.main.TestSuiteExecutor.accessTestSuiteMainPhase(TestSuiteExecutor.java:112)
	at com.kms.katalon.core.main.TestSuiteExecutor.execute(TestSuiteExecutor.java:81)
	at com.kms.katalon.core.main.TestCaseMain.startTestSuite(TestCaseMain.java:149)
	at com.kms.katalon.core.main.TestCaseMain$startTestSuite$0.call(Unknown Source)
	at TempTestSuite1558208231009.run(TempTestSuite1558208231009.groovy:36)
"/>
         <system-out><![CDATA[2019-05-18 15:42:53 - [TEST_CASE][FAILED] - Test Cases/OCS- HOME PAGE/HP- Mega menu-Hover- Learn: Test Cases/OCS- HOME PAGE/HP- Mega menu-Hover- Learn FAILED.
Reason:
com.kms.katalon.core.exception.StepFailedException: Unable to verify text 'The Endocannabinoid System' is present  using regular expression (Root cause: com.kms.katalon.core.exception.StepFailedException: Text 'The Endocannabinoid System' is not present on page  using regular expression)
	at com.kms.katalon.core.keyword.internal.KeywordMain.stepFailed(KeywordMain.groovy:36)
	at com.kms.katalon.core.webui.keyword.internal.WebUIKeywordMain.stepFailed(WebUIKeywordMain.groovy:65)
	at com.kms.katalon.core.webui.keyword.internal.WebUIKeywordMain.runKeyword(WebUIKeywordMain.groovy:27)
	at com.kms.katalon.core.webui.keyword.builtin.VerifyTextPresentKeyword.verifyTextPresent(VerifyTextPresentKeyword.groovy:83)
	at com.kms.katalon.core.webui.keyword.builtin.VerifyTextPresentKeyword.execute(VerifyTextPresentKeyword.groovy:68)
	at com.kms.katalon.core.keyword.internal.KeywordExecutor.executeKeywordForPlatform(KeywordExecutor.groovy:53)
	at com.kms.katalon.core.webui.keyword.WebUiBuiltInKeywords.verifyTextPresent(WebUiBuiltInKeywords.groovy:1693)
	at com.kms.katalon.core.webui.keyword.WebUiBuiltInKeywords$verifyTextPresent$10.call(Unknown Source)
	at HP- Mega menu-Hover- Learn.run(HP- Mega menu-Hover- Learn:53)
	at com.kms.katalon.core.main.ScriptEngine.run(ScriptEngine.java:194)
	at com.kms.katalon.core.main.ScriptEngine.runScriptAsRawText(ScriptEngine.java:119)
	at com.kms.katalon.core.main.TestCaseExecutor.runScript(TestCaseExecutor.java:328)
	at com.kms.katalon.core.main.TestCaseExecutor.doExecute(TestCaseExecutor.java:319)
	at com.kms.katalon.core.main.TestCaseExecutor.processExecutionPhase(TestCaseExecutor.java:298)
	at com.kms.katalon.core.main.TestCaseExecutor.accessMainPhase(TestCaseExecutor.java:290)
	at com.kms.katalon.core.main.TestCaseExecutor.execute(TestCaseExecutor.java:224)
	at com.kms.katalon.core.main.TestSuiteExecutor.accessTestCaseMainPhase(TestSuiteExecutor.java:129)
	at com.kms.katalon.core.main.TestSuiteExecutor.accessTestSuiteMainPhase(TestSuiteExecutor.java:112)
	at com.kms.katalon.core.main.TestSuiteExecutor.execute(TestSuiteExecutor.java:81)
	at com.kms.katalon.core.main.TestCaseMain.startTestSuite(TestCaseMain.java:149)
	at com.kms.katalon.core.main.TestCaseMain$startTestSuite$0.call(Unknown Source)
	at TempTestSuite1558208231009.run(TempTestSuite1558208231009.groovy:36)


2019-05-18 15:42:53 - [TEST_STEP][PASSED] - openBrowser(""): Browser is opened with url: ''

2019-05-18 15:42:53 - [MESSAGE][WARNING] - A browser is already opened. Closing browser and opening a new one

2019-05-18 15:42:53 - [MESSAGE][INFO] - Starting 'Chrome' driver

2019-05-18 15:42:54 - [MESSAGE][PASSED] - Browser is opened with url: ''

2019-05-18 15:42:54 - [TEST_STEP][PASSED] - navigateToUrl("https://ocs.ca/?fts=0&preview_theme_id=53373863756"): Navigate to 'https://ocs.ca/?fts=0&preview_theme_id=53373863756' successfully

2019-05-18 15:42:58 - [MESSAGE][PASSED] - Navigate to 'https://ocs.ca/?fts=0&preview_theme_id=53373863756' successfully

2019-05-18 15:42:58 - [TEST_STEP][PASSED] - click(findTestObject("Theme_oR/Page_Ontario Cannabis Store  Ontari/button_Hide bar")): Object: 'Object Repository/Theme_oR/Page_Ontario Cannabis Store  Ontari/button_Hide bar' is clicked on

2019-05-18 15:42:58 - [MESSAGE][PASSED] - Object: 'Object Repository/Theme_oR/Page_Ontario Cannabis Store  Ontari/button_Hide bar' is clicked on

2019-05-18 15:42:58 - [TEST_STEP][PASSED] - maximizeWindow(): Current window maximized

2019-05-18 15:42:58 - [MESSAGE][PASSED] - Current window maximized

2019-05-18 15:42:58 - [TEST_STEP][PASSED] - selectOptionByValue(findTestObject("Object Repository/Learn_OR/Page_Ontario Cannabis Store  Ontari/select_Select01020304050607080"), "1", true): All options with value '1' are selected in object 'Object Repository/Learn_OR/Page_Ontario Cannabis Store  Ontari/select_Select01020304050607080'  using regular expression

2019-05-18 15:42:58 - [MESSAGE][PASSED] - All options with value '1' are selected in object 'Object Repository/Learn_OR/Page_Ontario Cannabis Store  Ontari/select_Select01020304050607080'  using regular expression

2019-05-18 15:42:58 - [TEST_STEP][PASSED] - selectOptionByValue(findTestObject("Object Repository/Learn_OR/Page_Ontario Cannabis Store  Ontari/select_SelectJanuary - 01Febru"), "0", true): All options with value '0' are selected in object 'Object Repository/Learn_OR/Page_Ontario Cannabis Store  Ontari/select_SelectJanuary - 01Febru'  using regular expression

2019-05-18 15:42:59 - [MESSAGE][PASSED] - All options with value '0' are selected in object 'Object Repository/Learn_OR/Page_Ontario Cannabis Store  Ontari/select_SelectJanuary - 01Febru'  using regular expression

2019-05-18 15:42:59 - [TEST_STEP][PASSED] - selectOptionByValue(findTestObject("Object Repository/Learn_OR/Page_Ontario Cannabis Store  Ontari/select_Select20182017201620152"), "1968", true): All options with value '1968' are selected in object 'Object Repository/Learn_OR/Page_Ontario Cannabis Store  Ontari/select_Select20182017201620152'  using regular expression

2019-05-18 15:43:00 - [MESSAGE][PASSED] - All options with value '1968' are selected in object 'Object Repository/Learn_OR/Page_Ontario Cannabis Store  Ontari/select_Select20182017201620152'  using regular expression

2019-05-18 15:43:00 - [TEST_STEP][PASSED] - click(findTestObject("Object Repository/Learn_OR/Page_Ontario Cannabis Store  Ontari/button_Verify")): Object: 'Object Repository/Learn_OR/Page_Ontario Cannabis Store  Ontari/button_Verify' is clicked on

2019-05-18 15:43:00 - [MESSAGE][PASSED] - Object: 'Object Repository/Learn_OR/Page_Ontario Cannabis Store  Ontari/button_Verify' is clicked on

2019-05-18 15:43:00 - [TEST_STEP][PASSED] - click(findTestObject("Object Repository/Learn_OR/Page_Ontario Cannabis Store  Ontari/span_CONFIRM AND ACKNOWLEDGE_c")): Object: 'Object Repository/Learn_OR/Page_Ontario Cannabis Store  Ontari/span_CONFIRM AND ACKNOWLEDGE_c' is clicked on

2019-05-18 15:43:00 - [MESSAGE][PASSED] - Object: 'Object Repository/Learn_OR/Page_Ontario Cannabis Store  Ontari/span_CONFIRM AND ACKNOWLEDGE_c' is clicked on

2019-05-18 15:43:00 - [TEST_STEP][PASSED] - click(findTestObject("Object Repository/Learn_OR/Page_Ontario Cannabis Store  Ontari/button_CONFIRM")): Object: 'Object Repository/Learn_OR/Page_Ontario Cannabis Store  Ontari/button_CONFIRM' is clicked on

2019-05-18 15:43:00 - [MESSAGE][PASSED] - Object: 'Object Repository/Learn_OR/Page_Ontario Cannabis Store  Ontari/button_CONFIRM' is clicked on

2019-05-18 15:43:00 - [TEST_STEP][PASSED] - click(findTestObject("Object Repository/Learn_OR/Page_Ontario Cannabis Store  Ontari/button_Start Browsing")): Object: 'Object Repository/Learn_OR/Page_Ontario Cannabis Store  Ontari/button_Start Browsing' is clicked on

2019-05-18 15:43:00 - [MESSAGE][PASSED] - Object: 'Object Repository/Learn_OR/Page_Ontario Cannabis Store  Ontari/button_Start Browsing' is clicked on

2019-05-18 15:43:00 - [TEST_STEP][PASSED] - mouseOver(findTestObject("Learn_spy/Page_Ontario Cannabis Store  Ontari/h3_Learn")): Object: 'Object Repository/Learn_spy/Page_Ontario Cannabis Store  Ontari/h3_Learn' is hovered

2019-05-18 15:43:00 - [MESSAGE][PASSED] - Object: 'Object Repository/Learn_spy/Page_Ontario Cannabis Store  Ontari/h3_Learn' is hovered

2019-05-18 15:43:00 - [TEST_STEP][PASSED] - delay(2): Delayed 2 second(s)

2019-05-18 15:43:02 - [MESSAGE][PASSED] - Delayed 2 second(s)

2019-05-18 15:43:02 - [TEST_STEP][PASSED] - click(findTestObject("Object Repository/Learn_OR/Page_Ontario Cannabis Store  Ontari/span_How Cannabis Works")): Object: 'Object Repository/Learn_OR/Page_Ontario Cannabis Store  Ontari/span_How Cannabis Works' is clicked on

2019-05-18 15:43:05 - [MESSAGE][PASSED] - Object: 'Object Repository/Learn_OR/Page_Ontario Cannabis Store  Ontari/span_How Cannabis Works' is clicked on

2019-05-18 15:43:05 - [TEST_STEP][PASSED] - verifyTextPresent("The human reaction to cannabis.", false): Text 'The human reaction to cannabis.' is present on page 

2019-05-18 15:43:05 - [MESSAGE][PASSED] - Text 'The human reaction to cannabis.' is present on page 

2019-05-18 15:43:05 - [TEST_STEP][PASSED] - click(findTestObject("Learn_spy/Page_Ontario Cannabis Store  Ontari/h3_Learn")): Object: 'Object Repository/Learn_spy/Page_Ontario Cannabis Store  Ontari/h3_Learn' is clicked on

2019-05-18 15:43:05 - [MESSAGE][PASSED] - Object: 'Object Repository/Learn_spy/Page_Ontario Cannabis Store  Ontari/h3_Learn' is clicked on

2019-05-18 15:43:05 - [TEST_STEP][PASSED] - click(findTestObject("Object Repository/Learn_OR/Page_How Cannabis Works  Ontario Ca/span_Endocannabinoids")): Object: 'Object Repository/Learn_OR/Page_How Cannabis Works  Ontario Ca/span_Endocannabinoids' is clicked on

2019-05-18 15:43:07 - [MESSAGE][PASSED] - Object: 'Object Repository/Learn_OR/Page_How Cannabis Works  Ontario Ca/span_Endocannabinoids' is clicked on

2019-05-18 15:43:07 - [TEST_STEP][FAILED] - verifyTextPresent("The Endocannabinoid System", true): verifyTextPresent("The Endocannabinoid System", true) FAILED.
Reason:
com.kms.katalon.core.exception.StepFailedException: Unable to verify text 'The Endocannabinoid System' is present  using regular expression (Root cause: com.kms.katalon.core.exception.StepFailedException: Text 'The Endocannabinoid System' is not present on page  using regular expression)
	at com.kms.katalon.core.keyword.internal.KeywordMain.stepFailed(KeywordMain.groovy:36)
	at com.kms.katalon.core.webui.keyword.internal.WebUIKeywordMain.stepFailed(WebUIKeywordMain.groovy:65)
	at com.kms.katalon.core.webui.keyword.internal.WebUIKeywordMain.runKeyword(WebUIKeywordMain.groovy:27)
	at com.kms.katalon.core.webui.keyword.builtin.VerifyTextPresentKeyword.verifyTextPresent(VerifyTextPresentKeyword.groovy:83)
	at com.kms.katalon.core.webui.keyword.builtin.VerifyTextPresentKeyword.execute(VerifyTextPresentKeyword.groovy:68)
	at com.kms.katalon.core.keyword.internal.KeywordExecutor.executeKeywordForPlatform(KeywordExecutor.groovy:53)
	at com.kms.katalon.core.webui.keyword.WebUiBuiltInKeywords.verifyTextPresent(WebUiBuiltInKeywords.groovy:1693)
	at com.kms.katalon.core.webui.keyword.WebUiBuiltInKeywords$verifyTextPresent$10.call(Unknown Source)
	at HP- Mega menu-Hover- Learn.run(HP- Mega menu-Hover- Learn:53)
	at com.kms.katalon.core.main.ScriptEngine.run(ScriptEngine.java:194)
	at com.kms.katalon.core.main.ScriptEngine.runScriptAsRawText(ScriptEngine.java:119)
	at com.kms.katalon.core.main.TestCaseExecutor.runScript(TestCaseExecutor.java:328)
	at com.kms.katalon.core.main.TestCaseExecutor.doExecute(TestCaseExecutor.java:319)
	at com.kms.katalon.core.main.TestCaseExecutor.processExecutionPhase(TestCaseExecutor.java:298)
	at com.kms.katalon.core.main.TestCaseExecutor.accessMainPhase(TestCaseExecutor.java:290)
	at com.kms.katalon.core.main.TestCaseExecutor.execute(TestCaseExecutor.java:224)
	at com.kms.katalon.core.main.TestSuiteExecutor.accessTestCaseMainPhase(TestSuiteExecutor.java:129)
	at com.kms.katalon.core.main.TestSuiteExecutor.accessTestSuiteMainPhase(TestSuiteExecutor.java:112)
	at com.kms.katalon.core.main.TestSuiteExecutor.execute(TestSuiteExecutor.java:81)
	at com.kms.katalon.core.main.TestCaseMain.startTestSuite(TestCaseMain.java:149)
	at com.kms.katalon.core.main.TestCaseMain$startTestSuite$0.call(Unknown Source)
	at TempTestSuite1558208231009.run(TempTestSuite1558208231009.groovy:36)


2019-05-18 15:43:07 - [MESSAGE][FAILED] - Text 'The Endocannabinoid System' is not present on page  using regular expression

2019-05-18 15:43:08 - [MESSAGE][FAILED] - Unable to verify text 'The Endocannabinoid System' is present  using regular expression (Root cause: com.kms.katalon.core.exception.StepFailedException: Text 'The Endocannabinoid System' is not present on page  using regular expression)
[[ATTACHMENT|/Users/sumankompelly/git/Ontario-cannbis-store/Reports/OCS- MOBILE/AGE GATE/20190518_153710/1558208587986.png]]

2019-05-18 15:43:08 - [MESSAGE][FAILED] - verifyTextPresent("The Endocannabinoid System", true) FAILED.
Reason:
com.kms.katalon.core.exception.StepFailedException: Unable to verify text 'The Endocannabinoid System' is present  using regular expression (Root cause: com.kms.katalon.core.exception.StepFailedException: Text 'The Endocannabinoid System' is not present on page  using regular expression)
	at com.kms.katalon.core.keyword.internal.KeywordMain.stepFailed(KeywordMain.groovy:36)
	at com.kms.katalon.core.webui.keyword.internal.WebUIKeywordMain.stepFailed(WebUIKeywordMain.groovy:65)
	at com.kms.katalon.core.webui.keyword.internal.WebUIKeywordMain.runKeyword(WebUIKeywordMain.groovy:27)
	at com.kms.katalon.core.webui.keyword.builtin.VerifyTextPresentKeyword.verifyTextPresent(VerifyTextPresentKeyword.groovy:83)
	at com.kms.katalon.core.webui.keyword.builtin.VerifyTextPresentKeyword.execute(VerifyTextPresentKeyword.groovy:68)
	at com.kms.katalon.core.keyword.internal.KeywordExecutor.executeKeywordForPlatform(KeywordExecutor.groovy:53)
	at com.kms.katalon.core.webui.keyword.WebUiBuiltInKeywords.verifyTextPresent(WebUiBuiltInKeywords.groovy:1693)
	at com.kms.katalon.core.webui.keyword.WebUiBuiltInKeywords$verifyTextPresent$10.call(Unknown Source)
	at HP- Mega menu-Hover- Learn.run(HP- Mega menu-Hover- Learn:53)
	at com.kms.katalon.core.main.ScriptEngine.run(ScriptEngine.java:194)
	at com.kms.katalon.core.main.ScriptEngine.runScriptAsRawText(ScriptEngine.java:119)
	at com.kms.katalon.core.main.TestCaseExecutor.runScript(TestCaseExecutor.java:328)
	at com.kms.katalon.core.main.TestCaseExecutor.doExecute(TestCaseExecutor.java:319)
	at com.kms.katalon.core.main.TestCaseExecutor.processExecutionPhase(TestCaseExecutor.java:298)
	at com.kms.katalon.core.main.TestCaseExecutor.accessMainPhase(TestCaseExecutor.java:290)
	at com.kms.katalon.core.main.TestCaseExecutor.execute(TestCaseExecutor.java:224)
	at com.kms.katalon.core.main.TestSuiteExecutor.accessTestCaseMainPhase(TestSuiteExecutor.java:129)
	at com.kms.katalon.core.main.TestSuiteExecutor.accessTestSuiteMainPhase(TestSuiteExecutor.java:112)
	at com.kms.katalon.core.main.TestSuiteExecutor.execute(TestSuiteExecutor.java:81)
	at com.kms.katalon.core.main.TestCaseMain.startTestSuite(TestCaseMain.java:149)
	at com.kms.katalon.core.main.TestCaseMain$startTestSuite$0.call(Unknown Source)
	at TempTestSuite1558208231009.run(TempTestSuite1558208231009.groovy:36)]]></system-out>
         <system-err><![CDATA[2019-05-18 15:42:53 - [TEST_CASE][FAILED] - Test Cases/OCS- HOME PAGE/HP- Mega menu-Hover- Learn: Test Cases/OCS- HOME PAGE/HP- Mega menu-Hover- Learn FAILED.
Reason:
com.kms.katalon.core.exception.StepFailedException: Unable to verify text 'The Endocannabinoid System' is present  using regular expression (Root cause: com.kms.katalon.core.exception.StepFailedException: Text 'The Endocannabinoid System' is not present on page  using regular expression)
	at com.kms.katalon.core.keyword.internal.KeywordMain.stepFailed(KeywordMain.groovy:36)
	at com.kms.katalon.core.webui.keyword.internal.WebUIKeywordMain.stepFailed(WebUIKeywordMain.groovy:65)
	at com.kms.katalon.core.webui.keyword.internal.WebUIKeywordMain.runKeyword(WebUIKeywordMain.groovy:27)
	at com.kms.katalon.core.webui.keyword.builtin.VerifyTextPresentKeyword.verifyTextPresent(VerifyTextPresentKeyword.groovy:83)
	at com.kms.katalon.core.webui.keyword.builtin.VerifyTextPresentKeyword.execute(VerifyTextPresentKeyword.groovy:68)
	at com.kms.katalon.core.keyword.internal.KeywordExecutor.executeKeywordForPlatform(KeywordExecutor.groovy:53)
	at com.kms.katalon.core.webui.keyword.WebUiBuiltInKeywords.verifyTextPresent(WebUiBuiltInKeywords.groovy:1693)
	at com.kms.katalon.core.webui.keyword.WebUiBuiltInKeywords$verifyTextPresent$10.call(Unknown Source)
	at HP- Mega menu-Hover- Learn.run(HP- Mega menu-Hover- Learn:53)
	at com.kms.katalon.core.main.ScriptEngine.run(ScriptEngine.java:194)
	at com.kms.katalon.core.main.ScriptEngine.runScriptAsRawText(ScriptEngine.java:119)
	at com.kms.katalon.core.main.TestCaseExecutor.runScript(TestCaseExecutor.java:328)
	at com.kms.katalon.core.main.TestCaseExecutor.doExecute(TestCaseExecutor.java:319)
	at com.kms.katalon.core.main.TestCaseExecutor.processExecutionPhase(TestCaseExecutor.java:298)
	at com.kms.katalon.core.main.TestCaseExecutor.accessMainPhase(TestCaseExecutor.java:290)
	at com.kms.katalon.core.main.TestCaseExecutor.execute(TestCaseExecutor.java:224)
	at com.kms.katalon.core.main.TestSuiteExecutor.accessTestCaseMainPhase(TestSuiteExecutor.java:129)
	at com.kms.katalon.core.main.TestSuiteExecutor.accessTestSuiteMainPhase(TestSuiteExecutor.java:112)
	at com.kms.katalon.core.main.TestSuiteExecutor.execute(TestSuiteExecutor.java:81)
	at com.kms.katalon.core.main.TestCaseMain.startTestSuite(TestCaseMain.java:149)
	at com.kms.katalon.core.main.TestCaseMain$startTestSuite$0.call(Unknown Source)
	at TempTestSuite1558208231009.run(TempTestSuite1558208231009.groovy:36)]]></system-err>
      </testcase>
      <testcase name="Test Cases/OCS- HOME PAGE/How to choose cannabis-learn more" classname="Test Cases/OCS- HOME PAGE/How to choose cannabis-learn more" status="PASSED">
         <system-out><![CDATA[2019-05-18 15:43:08 - [TEST_CASE][PASSED] - Test Cases/OCS- HOME PAGE/How to choose cannabis-learn more: Test Cases/OCS- HOME PAGE/How to choose cannabis-learn more

2019-05-18 15:43:08 - [TEST_STEP][PASSED] - openBrowser(""): Browser is opened with url: ''

2019-05-18 15:43:08 - [MESSAGE][WARNING] - A browser is already opened. Closing browser and opening a new one

2019-05-18 15:43:08 - [MESSAGE][INFO] - Starting 'Chrome' driver

2019-05-18 15:43:09 - [MESSAGE][PASSED] - Browser is opened with url: ''

2019-05-18 15:43:09 - [TEST_STEP][PASSED] - navigateToUrl("https://ocs.ca/?fts=0&preview_theme_id=53373863756"): Navigate to 'https://ocs.ca/?fts=0&preview_theme_id=53373863756' successfully

2019-05-18 15:43:13 - [MESSAGE][PASSED] - Navigate to 'https://ocs.ca/?fts=0&preview_theme_id=53373863756' successfully

2019-05-18 15:43:13 - [TEST_STEP][PASSED] - click(findTestObject("Theme_oR/Page_Ontario Cannabis Store  Ontari/button_Hide bar")): Object: 'Object Repository/Theme_oR/Page_Ontario Cannabis Store  Ontari/button_Hide bar' is clicked on

2019-05-18 15:43:13 - [MESSAGE][PASSED] - Object: 'Object Repository/Theme_oR/Page_Ontario Cannabis Store  Ontari/button_Hide bar' is clicked on

2019-05-18 15:43:13 - [TEST_STEP][PASSED] - selectOptionByValue(findTestObject("Object Repository/Tips and how _OR/Page_Ontario Cannabis Store  Ontari/select_Select01020304050607080"), "16", true): All options with value '16' are selected in object 'Object Repository/Tips and how _OR/Page_Ontario Cannabis Store  Ontari/select_Select01020304050607080'  using regular expression

2019-05-18 15:43:13 - [MESSAGE][PASSED] - All options with value '16' are selected in object 'Object Repository/Tips and how _OR/Page_Ontario Cannabis Store  Ontari/select_Select01020304050607080'  using regular expression

2019-05-18 15:43:13 - [TEST_STEP][PASSED] - selectOptionByValue(findTestObject("Object Repository/Tips and how _OR/Page_Ontario Cannabis Store  Ontari/select_SelectJanuary - 01Febru"), "9", true): All options with value '9' are selected in object 'Object Repository/Tips and how _OR/Page_Ontario Cannabis Store  Ontari/select_SelectJanuary - 01Febru'  using regular expression

2019-05-18 15:43:13 - [MESSAGE][PASSED] - All options with value '9' are selected in object 'Object Repository/Tips and how _OR/Page_Ontario Cannabis Store  Ontari/select_SelectJanuary - 01Febru'  using regular expression

2019-05-18 15:43:13 - [TEST_STEP][PASSED] - selectOptionByValue(findTestObject("Object Repository/Tips and how _OR/Page_Ontario Cannabis Store  Ontari/select_Select20182017201620152"), "1948", true): All options with value '1948' are selected in object 'Object Repository/Tips and how _OR/Page_Ontario Cannabis Store  Ontari/select_Select20182017201620152'  using regular expression

2019-05-18 15:43:15 - [MESSAGE][PASSED] - All options with value '1948' are selected in object 'Object Repository/Tips and how _OR/Page_Ontario Cannabis Store  Ontari/select_Select20182017201620152'  using regular expression

2019-05-18 15:43:15 - [TEST_STEP][PASSED] - click(findTestObject("Object Repository/Tips and how _OR/Page_Ontario Cannabis Store  Ontari/button_Verify")): Object: 'Object Repository/Tips and how _OR/Page_Ontario Cannabis Store  Ontari/button_Verify' is clicked on

2019-05-18 15:43:15 - [MESSAGE][PASSED] - Object: 'Object Repository/Tips and how _OR/Page_Ontario Cannabis Store  Ontari/button_Verify' is clicked on

2019-05-18 15:43:15 - [TEST_STEP][PASSED] - click(findTestObject("Object Repository/Tips and how _OR/Page_Ontario Cannabis Store  Ontari/span_CONFIRM AND ACKNOWLEDGE_c")): Object: 'Object Repository/Tips and how _OR/Page_Ontario Cannabis Store  Ontari/span_CONFIRM AND ACKNOWLEDGE_c' is clicked on

2019-05-18 15:43:15 - [MESSAGE][PASSED] - Object: 'Object Repository/Tips and how _OR/Page_Ontario Cannabis Store  Ontari/span_CONFIRM AND ACKNOWLEDGE_c' is clicked on

2019-05-18 15:43:15 - [TEST_STEP][PASSED] - click(findTestObject("Object Repository/Tips and how _OR/Page_Ontario Cannabis Store  Ontari/button_CONFIRM")): Object: 'Object Repository/Tips and how _OR/Page_Ontario Cannabis Store  Ontari/button_CONFIRM' is clicked on

2019-05-18 15:43:15 - [MESSAGE][PASSED] - Object: 'Object Repository/Tips and how _OR/Page_Ontario Cannabis Store  Ontari/button_CONFIRM' is clicked on

2019-05-18 15:43:15 - [TEST_STEP][PASSED] - click(findTestObject("Object Repository/Tips and how _OR/Page_Ontario Cannabis Store  Ontari/button_Start Browsing")): Object: 'Object Repository/Tips and how _OR/Page_Ontario Cannabis Store  Ontari/button_Start Browsing' is clicked on

2019-05-18 15:43:15 - [MESSAGE][PASSED] - Object: 'Object Repository/Tips and how _OR/Page_Ontario Cannabis Store  Ontari/button_Start Browsing' is clicked on

2019-05-18 15:43:15 - [TEST_STEP][PASSED] - click(findTestObject("Object Repository/Tips and how _OR/Page_Ontario Cannabis Store  Ontari/a_Learn more")): Object: 'Object Repository/Tips and how _OR/Page_Ontario Cannabis Store  Ontari/a_Learn more' is clicked on

2019-05-18 15:43:16 - [MESSAGE][PASSED] - Object: 'Object Repository/Tips and how _OR/Page_Ontario Cannabis Store  Ontari/a_Learn more' is clicked on

2019-05-18 15:43:16 - [TEST_STEP][PASSED] - a = getWindowTitle(): Current window's title is: 'A Brief History of Cannabis - Part 1 | Ontario Cannabis Store'

2019-05-18 15:43:16 - [MESSAGE][PASSED] - Current window's title is: 'A Brief History of Cannabis - Part 1 | Ontario Cannabis Store'

2019-05-18 15:43:16 - [TEST_STEP][PASSED] - assert a == getWindowTitle(): Current window's title is: 'A Brief History of Cannabis - Part 1 | Ontario Cannabis Store'

2019-05-18 15:43:16 - [MESSAGE][PASSED] - Current window's title is: 'A Brief History of Cannabis - Part 1 | Ontario Cannabis Store'

2019-05-18 15:43:16 - [TEST_STEP][PASSED] - back(): Navigate back successfully

2019-05-18 15:43:18 - [MESSAGE][PASSED] - Navigate back successfully

2019-05-18 15:43:18 - [TEST_STEP][PASSED] - click(findTestObject("Object Repository/Tips and how _OR/Page_Ontario Cannabis Store  Ontari/a_Learn more_1")): Object: 'Object Repository/Tips and how _OR/Page_Ontario Cannabis Store  Ontari/a_Learn more_1' is clicked on

2019-05-18 15:43:19 - [MESSAGE][PASSED] - Object: 'Object Repository/Tips and how _OR/Page_Ontario Cannabis Store  Ontari/a_Learn more_1' is clicked on

2019-05-18 15:43:19 - [TEST_STEP][PASSED] - b = getWindowTitle(): Current window's title is: 'Storing Cannabis | Ontario Cannabis Store'

2019-05-18 15:43:19 - [MESSAGE][PASSED] - Current window's title is: 'Storing Cannabis | Ontario Cannabis Store'

2019-05-18 15:43:19 - [TEST_STEP][PASSED] - assert b == getWindowTitle(): Current window's title is: 'Storing Cannabis | Ontario Cannabis Store'

2019-05-18 15:43:19 - [MESSAGE][PASSED] - Current window's title is: 'Storing Cannabis | Ontario Cannabis Store'

2019-05-18 15:43:19 - [TEST_STEP][PASSED] - back(): Navigate back successfully

2019-05-18 15:43:20 - [MESSAGE][PASSED] - Navigate back successfully]]></system-out>
         <system-err><![CDATA[]]></system-err>
      </testcase>
      <testcase name="Test Cases/OCS- HOME PAGE/HP -Mega menu-Hover-FAQ" classname="Test Cases/OCS- HOME PAGE/HP -Mega menu-Hover-FAQ" status="FAILED">
         <failure type="FAILED" message="Test Cases/OCS- HOME PAGE/HP -Mega menu-Hover-FAQ FAILED.
Reason:
com.kms.katalon.core.exception.StepFailedException: Unable to click on object 'Object Repository/Accessories_OR/Page_Ontario Cannabis Store  Ontari/h3_FAQ (1)' (Root cause: com.kms.katalon.core.webui.exception.WebElementNotFoundException: Web element with id: 'Object Repository/Accessories_OR/Page_Ontario Cannabis Store  Ontari/h3_FAQ (1)' located by 'By.xpath: id(&quot;shopify-section-en-header&quot;)/div[@class=&quot;header&quot;]/div[@class=&quot;menu-bar&quot;]/div[@class=&quot;menu-bar__content&quot;]/div[@class=&quot;menu-bar__left-wrapper&quot;]/div[@class=&quot;mega-menu js-mega-menu&quot;]/nav[@class=&quot;menu js-menu&quot;]/ul[@class=&quot;menu__list unstyled&quot;]/li[@class=&quot;menu__tier-one js-menu__tier-one no-desktop-hover&quot;]/a[@class=&quot;menu__item--link only-desktop--block js-menu__faq-link&quot;]/h3[@class=&quot;menu__item--title&quot;][count(. | //h3[@class = 'menu__item--title' and (text() = 'FAQ' or . = 'FAQ')]) = count(//h3[@class = 'menu__item--title' and (text() = 'FAQ' or . = 'FAQ')])]' not found)
	at com.kms.katalon.core.keyword.internal.KeywordMain.stepFailed(KeywordMain.groovy:36)
	at com.kms.katalon.core.webui.keyword.internal.WebUIKeywordMain.stepFailed(WebUIKeywordMain.groovy:65)
	at com.kms.katalon.core.webui.keyword.internal.WebUIKeywordMain.runKeyword(WebUIKeywordMain.groovy:27)
	at com.kms.katalon.core.webui.keyword.builtin.ClickKeyword.click(ClickKeyword.groovy:86)
	at com.kms.katalon.core.webui.keyword.builtin.ClickKeyword.execute(ClickKeyword.groovy:67)
	at com.kms.katalon.core.keyword.internal.KeywordExecutor.executeKeywordForPlatform(KeywordExecutor.groovy:53)
	at com.kms.katalon.core.webui.keyword.WebUiBuiltInKeywords.click(WebUiBuiltInKeywords.groovy:616)
	at com.kms.katalon.core.webui.keyword.WebUiBuiltInKeywords$click$3.call(Unknown Source)
	at HP -Mega menu-Hover-FAQ.run(HP -Mega menu-Hover-FAQ:43)
	at com.kms.katalon.core.main.ScriptEngine.run(ScriptEngine.java:194)
	at com.kms.katalon.core.main.ScriptEngine.runScriptAsRawText(ScriptEngine.java:119)
	at com.kms.katalon.core.main.TestCaseExecutor.runScript(TestCaseExecutor.java:328)
	at com.kms.katalon.core.main.TestCaseExecutor.doExecute(TestCaseExecutor.java:319)
	at com.kms.katalon.core.main.TestCaseExecutor.processExecutionPhase(TestCaseExecutor.java:298)
	at com.kms.katalon.core.main.TestCaseExecutor.accessMainPhase(TestCaseExecutor.java:290)
	at com.kms.katalon.core.main.TestCaseExecutor.execute(TestCaseExecutor.java:224)
	at com.kms.katalon.core.main.TestSuiteExecutor.accessTestCaseMainPhase(TestSuiteExecutor.java:129)
	at com.kms.katalon.core.main.TestSuiteExecutor.accessTestSuiteMainPhase(TestSuiteExecutor.java:112)
	at com.kms.katalon.core.main.TestSuiteExecutor.execute(TestSuiteExecutor.java:81)
	at com.kms.katalon.core.main.TestCaseMain.startTestSuite(TestCaseMain.java:149)
	at com.kms.katalon.core.main.TestCaseMain$startTestSuite$0.call(Unknown Source)
	at TempTestSuite1558208231009.run(TempTestSuite1558208231009.groovy:36)
"/>
         <system-out><![CDATA[2019-05-18 15:43:20 - [TEST_CASE][FAILED] - Test Cases/OCS- HOME PAGE/HP -Mega menu-Hover-FAQ: Test Cases/OCS- HOME PAGE/HP -Mega menu-Hover-FAQ FAILED.
Reason:
com.kms.katalon.core.exception.StepFailedException: Unable to click on object 'Object Repository/Accessories_OR/Page_Ontario Cannabis Store  Ontari/h3_FAQ (1)' (Root cause: com.kms.katalon.core.webui.exception.WebElementNotFoundException: Web element with id: 'Object Repository/Accessories_OR/Page_Ontario Cannabis Store  Ontari/h3_FAQ (1)' located by 'By.xpath: id("shopify-section-en-header")/div[@class="header"]/div[@class="menu-bar"]/div[@class="menu-bar__content"]/div[@class="menu-bar__left-wrapper"]/div[@class="mega-menu js-mega-menu"]/nav[@class="menu js-menu"]/ul[@class="menu__list unstyled"]/li[@class="menu__tier-one js-menu__tier-one no-desktop-hover"]/a[@class="menu__item--link only-desktop--block js-menu__faq-link"]/h3[@class="menu__item--title"][count(. | //h3[@class = 'menu__item--title' and (text() = 'FAQ' or . = 'FAQ')]) = count(//h3[@class = 'menu__item--title' and (text() = 'FAQ' or . = 'FAQ')])]' not found)
	at com.kms.katalon.core.keyword.internal.KeywordMain.stepFailed(KeywordMain.groovy:36)
	at com.kms.katalon.core.webui.keyword.internal.WebUIKeywordMain.stepFailed(WebUIKeywordMain.groovy:65)
	at com.kms.katalon.core.webui.keyword.internal.WebUIKeywordMain.runKeyword(WebUIKeywordMain.groovy:27)
	at com.kms.katalon.core.webui.keyword.builtin.ClickKeyword.click(ClickKeyword.groovy:86)
	at com.kms.katalon.core.webui.keyword.builtin.ClickKeyword.execute(ClickKeyword.groovy:67)
	at com.kms.katalon.core.keyword.internal.KeywordExecutor.executeKeywordForPlatform(KeywordExecutor.groovy:53)
	at com.kms.katalon.core.webui.keyword.WebUiBuiltInKeywords.click(WebUiBuiltInKeywords.groovy:616)
	at com.kms.katalon.core.webui.keyword.WebUiBuiltInKeywords$click$3.call(Unknown Source)
	at HP -Mega menu-Hover-FAQ.run(HP -Mega menu-Hover-FAQ:43)
	at com.kms.katalon.core.main.ScriptEngine.run(ScriptEngine.java:194)
	at com.kms.katalon.core.main.ScriptEngine.runScriptAsRawText(ScriptEngine.java:119)
	at com.kms.katalon.core.main.TestCaseExecutor.runScript(TestCaseExecutor.java:328)
	at com.kms.katalon.core.main.TestCaseExecutor.doExecute(TestCaseExecutor.java:319)
	at com.kms.katalon.core.main.TestCaseExecutor.processExecutionPhase(TestCaseExecutor.java:298)
	at com.kms.katalon.core.main.TestCaseExecutor.accessMainPhase(TestCaseExecutor.java:290)
	at com.kms.katalon.core.main.TestCaseExecutor.execute(TestCaseExecutor.java:224)
	at com.kms.katalon.core.main.TestSuiteExecutor.accessTestCaseMainPhase(TestSuiteExecutor.java:129)
	at com.kms.katalon.core.main.TestSuiteExecutor.accessTestSuiteMainPhase(TestSuiteExecutor.java:112)
	at com.kms.katalon.core.main.TestSuiteExecutor.execute(TestSuiteExecutor.java:81)
	at com.kms.katalon.core.main.TestCaseMain.startTestSuite(TestCaseMain.java:149)
	at com.kms.katalon.core.main.TestCaseMain$startTestSuite$0.call(Unknown Source)
	at TempTestSuite1558208231009.run(TempTestSuite1558208231009.groovy:36)


2019-05-18 15:43:20 - [TEST_STEP][PASSED] - openBrowser(""): Browser is opened with url: ''

2019-05-18 15:43:20 - [MESSAGE][WARNING] - A browser is already opened. Closing browser and opening a new one

2019-05-18 15:43:21 - [MESSAGE][INFO] - Starting 'Chrome' driver

2019-05-18 15:43:21 - [MESSAGE][PASSED] - Browser is opened with url: ''

2019-05-18 15:43:21 - [TEST_STEP][PASSED] - navigateToUrl("https://ocs.ca/?fts=0&preview_theme_id=53373863756"): Navigate to 'https://ocs.ca/?fts=0&preview_theme_id=53373863756' successfully

2019-05-18 15:43:28 - [MESSAGE][PASSED] - Navigate to 'https://ocs.ca/?fts=0&preview_theme_id=53373863756' successfully

2019-05-18 15:43:28 - [TEST_STEP][PASSED] - click(findTestObject("Theme_oR/Page_Ontario Cannabis Store  Ontari/button_Hide bar")): Object: 'Object Repository/Theme_oR/Page_Ontario Cannabis Store  Ontari/button_Hide bar' is clicked on

2019-05-18 15:43:28 - [MESSAGE][PASSED] - Object: 'Object Repository/Theme_oR/Page_Ontario Cannabis Store  Ontari/button_Hide bar' is clicked on

2019-05-18 15:43:28 - [TEST_STEP][PASSED] - maximizeWindow(): Current window maximized

2019-05-18 15:43:28 - [MESSAGE][PASSED] - Current window maximized

2019-05-18 15:43:28 - [TEST_STEP][PASSED] - selectOptionByValue(findTestObject("Object Repository/Accessories_OR/Page_Ontario Cannabis Store  Ontari/select_Select01020304050607080 (1)"), "1", true): All options with value '1' are selected in object 'Object Repository/Accessories_OR/Page_Ontario Cannabis Store  Ontari/select_Select01020304050607080 (1)'  using regular expression

2019-05-18 15:43:28 - [MESSAGE][PASSED] - All options with value '1' are selected in object 'Object Repository/Accessories_OR/Page_Ontario Cannabis Store  Ontari/select_Select01020304050607080 (1)'  using regular expression

2019-05-18 15:43:28 - [TEST_STEP][PASSED] - selectOptionByValue(findTestObject("Object Repository/Accessories_OR/Page_Ontario Cannabis Store  Ontari/select_SelectJanuary - 01Febru (1)"), "0", true): All options with value '0' are selected in object 'Object Repository/Accessories_OR/Page_Ontario Cannabis Store  Ontari/select_SelectJanuary - 01Febru (1)'  using regular expression

2019-05-18 15:43:29 - [MESSAGE][PASSED] - All options with value '0' are selected in object 'Object Repository/Accessories_OR/Page_Ontario Cannabis Store  Ontari/select_SelectJanuary - 01Febru (1)'  using regular expression

2019-05-18 15:43:29 - [TEST_STEP][PASSED] - selectOptionByValue(findTestObject("Object Repository/Accessories_OR/Page_Ontario Cannabis Store  Ontari/select_Select20182017201620152 (1)"), "1968", true): All options with value '1968' are selected in object 'Object Repository/Accessories_OR/Page_Ontario Cannabis Store  Ontari/select_Select20182017201620152 (1)'  using regular expression

2019-05-18 15:43:30 - [MESSAGE][PASSED] - All options with value '1968' are selected in object 'Object Repository/Accessories_OR/Page_Ontario Cannabis Store  Ontari/select_Select20182017201620152 (1)'  using regular expression

2019-05-18 15:43:30 - [TEST_STEP][PASSED] - click(findTestObject("Object Repository/Accessories_OR/Page_Ontario Cannabis Store  Ontari/button_Verify (1)")): Object: 'Object Repository/Accessories_OR/Page_Ontario Cannabis Store  Ontari/button_Verify (1)' is clicked on

2019-05-18 15:43:30 - [MESSAGE][PASSED] - Object: 'Object Repository/Accessories_OR/Page_Ontario Cannabis Store  Ontari/button_Verify (1)' is clicked on

2019-05-18 15:43:30 - [TEST_STEP][PASSED] - click(findTestObject("Object Repository/Accessories_OR/Page_Ontario Cannabis Store  Ontari/span_CONFIRM AND ACKNOWLEDGE_c (1)")): Object: 'Object Repository/Accessories_OR/Page_Ontario Cannabis Store  Ontari/span_CONFIRM AND ACKNOWLEDGE_c (1)' is clicked on

2019-05-18 15:43:30 - [MESSAGE][PASSED] - Object: 'Object Repository/Accessories_OR/Page_Ontario Cannabis Store  Ontari/span_CONFIRM AND ACKNOWLEDGE_c (1)' is clicked on

2019-05-18 15:43:30 - [TEST_STEP][PASSED] - click(findTestObject("Object Repository/Accessories_OR/Page_Ontario Cannabis Store  Ontari/button_CONFIRM (1)")): Object: 'Object Repository/Accessories_OR/Page_Ontario Cannabis Store  Ontari/button_CONFIRM (1)' is clicked on

2019-05-18 15:43:30 - [MESSAGE][PASSED] - Object: 'Object Repository/Accessories_OR/Page_Ontario Cannabis Store  Ontari/button_CONFIRM (1)' is clicked on

2019-05-18 15:43:30 - [TEST_STEP][PASSED] - click(findTestObject("Object Repository/Accessories_OR/Page_Ontario Cannabis Store  Ontari/button_Start Browsing (1)")): Object: 'Object Repository/Accessories_OR/Page_Ontario Cannabis Store  Ontari/button_Start Browsing (1)' is clicked on

2019-05-18 15:43:30 - [MESSAGE][PASSED] - Object: 'Object Repository/Accessories_OR/Page_Ontario Cannabis Store  Ontari/button_Start Browsing (1)' is clicked on

2019-05-18 15:43:30 - [TEST_STEP][PASSED] - delay(4): Delayed 4 second(s)

2019-05-18 15:43:34 - [MESSAGE][PASSED] - Delayed 4 second(s)

2019-05-18 15:43:34 - [TEST_STEP][FAILED] - click(findTestObject("Accessories_OR/Page_Ontario Cannabis Store  Ontari/h3_FAQ (1)")): click(findTestObject("Accessories_OR/Page_Ontario Cannabis Store  Ontari/h3_FAQ (1)")) FAILED.
Reason:
com.kms.katalon.core.exception.StepFailedException: Unable to click on object 'Object Repository/Accessories_OR/Page_Ontario Cannabis Store  Ontari/h3_FAQ (1)' (Root cause: com.kms.katalon.core.webui.exception.WebElementNotFoundException: Web element with id: 'Object Repository/Accessories_OR/Page_Ontario Cannabis Store  Ontari/h3_FAQ (1)' located by 'By.xpath: id("shopify-section-en-header")/div[@class="header"]/div[@class="menu-bar"]/div[@class="menu-bar__content"]/div[@class="menu-bar__left-wrapper"]/div[@class="mega-menu js-mega-menu"]/nav[@class="menu js-menu"]/ul[@class="menu__list unstyled"]/li[@class="menu__tier-one js-menu__tier-one no-desktop-hover"]/a[@class="menu__item--link only-desktop--block js-menu__faq-link"]/h3[@class="menu__item--title"][count(. | //h3[@class = 'menu__item--title' and (text() = 'FAQ' or . = 'FAQ')]) = count(//h3[@class = 'menu__item--title' and (text() = 'FAQ' or . = 'FAQ')])]' not found)
	at com.kms.katalon.core.keyword.internal.KeywordMain.stepFailed(KeywordMain.groovy:36)
	at com.kms.katalon.core.webui.keyword.internal.WebUIKeywordMain.stepFailed(WebUIKeywordMain.groovy:65)
	at com.kms.katalon.core.webui.keyword.internal.WebUIKeywordMain.runKeyword(WebUIKeywordMain.groovy:27)
	at com.kms.katalon.core.webui.keyword.builtin.ClickKeyword.click(ClickKeyword.groovy:86)
	at com.kms.katalon.core.webui.keyword.builtin.ClickKeyword.execute(ClickKeyword.groovy:67)
	at com.kms.katalon.core.keyword.internal.KeywordExecutor.executeKeywordForPlatform(KeywordExecutor.groovy:53)
	at com.kms.katalon.core.webui.keyword.WebUiBuiltInKeywords.click(WebUiBuiltInKeywords.groovy:616)
	at com.kms.katalon.core.webui.keyword.WebUiBuiltInKeywords$click$3.call(Unknown Source)
	at HP -Mega menu-Hover-FAQ.run(HP -Mega menu-Hover-FAQ:43)
	at com.kms.katalon.core.main.ScriptEngine.run(ScriptEngine.java:194)
	at com.kms.katalon.core.main.ScriptEngine.runScriptAsRawText(ScriptEngine.java:119)
	at com.kms.katalon.core.main.TestCaseExecutor.runScript(TestCaseExecutor.java:328)
	at com.kms.katalon.core.main.TestCaseExecutor.doExecute(TestCaseExecutor.java:319)
	at com.kms.katalon.core.main.TestCaseExecutor.processExecutionPhase(TestCaseExecutor.java:298)
	at com.kms.katalon.core.main.TestCaseExecutor.accessMainPhase(TestCaseExecutor.java:290)
	at com.kms.katalon.core.main.TestCaseExecutor.execute(TestCaseExecutor.java:224)
	at com.kms.katalon.core.main.TestSuiteExecutor.accessTestCaseMainPhase(TestSuiteExecutor.java:129)
	at com.kms.katalon.core.main.TestSuiteExecutor.accessTestSuiteMainPhase(TestSuiteExecutor.java:112)
	at com.kms.katalon.core.main.TestSuiteExecutor.execute(TestSuiteExecutor.java:81)
	at com.kms.katalon.core.main.TestCaseMain.startTestSuite(TestCaseMain.java:149)
	at com.kms.katalon.core.main.TestCaseMain$startTestSuite$0.call(Unknown Source)
	at TempTestSuite1558208231009.run(TempTestSuite1558208231009.groovy:36)


2019-05-18 15:44:05 - [MESSAGE][INFO] - Unable to find the element located by 'By.xpath: id("shopify-section-en-header")/div[@class="header"]/div[@class="menu-bar"]/div[@class="menu-bar__content"]/div[@class="menu-bar__left-wrapper"]/div[@class="mega-menu js-mega-menu"]/nav[@class="menu js-menu"]/ul[@class="menu__list unstyled"]/li[@class="menu__tier-one js-menu__tier-one no-desktop-hover"]/a[@class="menu__item--link only-desktop--block js-menu__faq-link"]/h3[@class="menu__item--title"][count(. | //h3[@class = 'menu__item--title' and (text() = 'FAQ' or . = 'FAQ')]) = count(//h3[@class = 'menu__item--title' and (text() = 'FAQ' or . = 'FAQ')])]'. Please recheck the objects properties to make sure the desired element is located. 

2019-05-18 15:44:06 - [MESSAGE][FAILED] - Unable to click on object 'Object Repository/Accessories_OR/Page_Ontario Cannabis Store  Ontari/h3_FAQ (1)' (Root cause: com.kms.katalon.core.webui.exception.WebElementNotFoundException: Web element with id: 'Object Repository/Accessories_OR/Page_Ontario Cannabis Store  Ontari/h3_FAQ (1)' located by 'By.xpath: id("shopify-section-en-header")/div[@class="header"]/div[@class="menu-bar"]/div[@class="menu-bar__content"]/div[@class="menu-bar__left-wrapper"]/div[@class="mega-menu js-mega-menu"]/nav[@class="menu js-menu"]/ul[@class="menu__list unstyled"]/li[@class="menu__tier-one js-menu__tier-one no-desktop-hover"]/a[@class="menu__item--link only-desktop--block js-menu__faq-link"]/h3[@class="menu__item--title"][count(. | //h3[@class = 'menu__item--title' and (text() = 'FAQ' or . = 'FAQ')]) = count(//h3[@class = 'menu__item--title' and (text() = 'FAQ' or . = 'FAQ')])]' not found)
[[ATTACHMENT|/Users/sumankompelly/git/Ontario-cannbis-store/Reports/OCS- MOBILE/AGE GATE/20190518_153710/1558208645240.png]]

2019-05-18 15:44:06 - [MESSAGE][FAILED] - click(findTestObject("Accessories_OR/Page_Ontario Cannabis Store  Ontari/h3_FAQ (1)")) FAILED.
Reason:
com.kms.katalon.core.exception.StepFailedException: Unable to click on object 'Object Repository/Accessories_OR/Page_Ontario Cannabis Store  Ontari/h3_FAQ (1)' (Root cause: com.kms.katalon.core.webui.exception.WebElementNotFoundException: Web element with id: 'Object Repository/Accessories_OR/Page_Ontario Cannabis Store  Ontari/h3_FAQ (1)' located by 'By.xpath: id("shopify-section-en-header")/div[@class="header"]/div[@class="menu-bar"]/div[@class="menu-bar__content"]/div[@class="menu-bar__left-wrapper"]/div[@class="mega-menu js-mega-menu"]/nav[@class="menu js-menu"]/ul[@class="menu__list unstyled"]/li[@class="menu__tier-one js-menu__tier-one no-desktop-hover"]/a[@class="menu__item--link only-desktop--block js-menu__faq-link"]/h3[@class="menu__item--title"][count(. | //h3[@class = 'menu__item--title' and (text() = 'FAQ' or . = 'FAQ')]) = count(//h3[@class = 'menu__item--title' and (text() = 'FAQ' or . = 'FAQ')])]' not found)
	at com.kms.katalon.core.keyword.internal.KeywordMain.stepFailed(KeywordMain.groovy:36)
	at com.kms.katalon.core.webui.keyword.internal.WebUIKeywordMain.stepFailed(WebUIKeywordMain.groovy:65)
	at com.kms.katalon.core.webui.keyword.internal.WebUIKeywordMain.runKeyword(WebUIKeywordMain.groovy:27)
	at com.kms.katalon.core.webui.keyword.builtin.ClickKeyword.click(ClickKeyword.groovy:86)
	at com.kms.katalon.core.webui.keyword.builtin.ClickKeyword.execute(ClickKeyword.groovy:67)
	at com.kms.katalon.core.keyword.internal.KeywordExecutor.executeKeywordForPlatform(KeywordExecutor.groovy:53)
	at com.kms.katalon.core.webui.keyword.WebUiBuiltInKeywords.click(WebUiBuiltInKeywords.groovy:616)
	at com.kms.katalon.core.webui.keyword.WebUiBuiltInKeywords$click$3.call(Unknown Source)
	at HP -Mega menu-Hover-FAQ.run(HP -Mega menu-Hover-FAQ:43)
	at com.kms.katalon.core.main.ScriptEngine.run(ScriptEngine.java:194)
	at com.kms.katalon.core.main.ScriptEngine.runScriptAsRawText(ScriptEngine.java:119)
	at com.kms.katalon.core.main.TestCaseExecutor.runScript(TestCaseExecutor.java:328)
	at com.kms.katalon.core.main.TestCaseExecutor.doExecute(TestCaseExecutor.java:319)
	at com.kms.katalon.core.main.TestCaseExecutor.processExecutionPhase(TestCaseExecutor.java:298)
	at com.kms.katalon.core.main.TestCaseExecutor.accessMainPhase(TestCaseExecutor.java:290)
	at com.kms.katalon.core.main.TestCaseExecutor.execute(TestCaseExecutor.java:224)
	at com.kms.katalon.core.main.TestSuiteExecutor.accessTestCaseMainPhase(TestSuiteExecutor.java:129)
	at com.kms.katalon.core.main.TestSuiteExecutor.accessTestSuiteMainPhase(TestSuiteExecutor.java:112)
	at com.kms.katalon.core.main.TestSuiteExecutor.execute(TestSuiteExecutor.java:81)
	at com.kms.katalon.core.main.TestCaseMain.startTestSuite(TestCaseMain.java:149)
	at com.kms.katalon.core.main.TestCaseMain$startTestSuite$0.call(Unknown Source)
	at TempTestSuite1558208231009.run(TempTestSuite1558208231009.groovy:36)]]></system-out>
         <system-err><![CDATA[2019-05-18 15:43:20 - [TEST_CASE][FAILED] - Test Cases/OCS- HOME PAGE/HP -Mega menu-Hover-FAQ: Test Cases/OCS- HOME PAGE/HP -Mega menu-Hover-FAQ FAILED.
Reason:
com.kms.katalon.core.exception.StepFailedException: Unable to click on object 'Object Repository/Accessories_OR/Page_Ontario Cannabis Store  Ontari/h3_FAQ (1)' (Root cause: com.kms.katalon.core.webui.exception.WebElementNotFoundException: Web element with id: 'Object Repository/Accessories_OR/Page_Ontario Cannabis Store  Ontari/h3_FAQ (1)' located by 'By.xpath: id("shopify-section-en-header")/div[@class="header"]/div[@class="menu-bar"]/div[@class="menu-bar__content"]/div[@class="menu-bar__left-wrapper"]/div[@class="mega-menu js-mega-menu"]/nav[@class="menu js-menu"]/ul[@class="menu__list unstyled"]/li[@class="menu__tier-one js-menu__tier-one no-desktop-hover"]/a[@class="menu__item--link only-desktop--block js-menu__faq-link"]/h3[@class="menu__item--title"][count(. | //h3[@class = 'menu__item--title' and (text() = 'FAQ' or . = 'FAQ')]) = count(//h3[@class = 'menu__item--title' and (text() = 'FAQ' or . = 'FAQ')])]' not found)
	at com.kms.katalon.core.keyword.internal.KeywordMain.stepFailed(KeywordMain.groovy:36)
	at com.kms.katalon.core.webui.keyword.internal.WebUIKeywordMain.stepFailed(WebUIKeywordMain.groovy:65)
	at com.kms.katalon.core.webui.keyword.internal.WebUIKeywordMain.runKeyword(WebUIKeywordMain.groovy:27)
	at com.kms.katalon.core.webui.keyword.builtin.ClickKeyword.click(ClickKeyword.groovy:86)
	at com.kms.katalon.core.webui.keyword.builtin.ClickKeyword.execute(ClickKeyword.groovy:67)
	at com.kms.katalon.core.keyword.internal.KeywordExecutor.executeKeywordForPlatform(KeywordExecutor.groovy:53)
	at com.kms.katalon.core.webui.keyword.WebUiBuiltInKeywords.click(WebUiBuiltInKeywords.groovy:616)
	at com.kms.katalon.core.webui.keyword.WebUiBuiltInKeywords$click$3.call(Unknown Source)
	at HP -Mega menu-Hover-FAQ.run(HP -Mega menu-Hover-FAQ:43)
	at com.kms.katalon.core.main.ScriptEngine.run(ScriptEngine.java:194)
	at com.kms.katalon.core.main.ScriptEngine.runScriptAsRawText(ScriptEngine.java:119)
	at com.kms.katalon.core.main.TestCaseExecutor.runScript(TestCaseExecutor.java:328)
	at com.kms.katalon.core.main.TestCaseExecutor.doExecute(TestCaseExecutor.java:319)
	at com.kms.katalon.core.main.TestCaseExecutor.processExecutionPhase(TestCaseExecutor.java:298)
	at com.kms.katalon.core.main.TestCaseExecutor.accessMainPhase(TestCaseExecutor.java:290)
	at com.kms.katalon.core.main.TestCaseExecutor.execute(TestCaseExecutor.java:224)
	at com.kms.katalon.core.main.TestSuiteExecutor.accessTestCaseMainPhase(TestSuiteExecutor.java:129)
	at com.kms.katalon.core.main.TestSuiteExecutor.accessTestSuiteMainPhase(TestSuiteExecutor.java:112)
	at com.kms.katalon.core.main.TestSuiteExecutor.execute(TestSuiteExecutor.java:81)
	at com.kms.katalon.core.main.TestCaseMain.startTestSuite(TestCaseMain.java:149)
	at com.kms.katalon.core.main.TestCaseMain$startTestSuite$0.call(Unknown Source)
	at TempTestSuite1558208231009.run(TempTestSuite1558208231009.groovy:36)]]></system-err>
      </testcase>
      <testcase name="Test Cases/OCS- HOME PAGE/HP-Mega menu- Hover-Accessories" classname="Test Cases/OCS- HOME PAGE/HP-Mega menu- Hover-Accessories" status="PASSED">
         <system-out><![CDATA[2019-05-18 15:44:06 - [TEST_CASE][PASSED] - Test Cases/OCS- HOME PAGE/HP-Mega menu- Hover-Accessories: Test Cases/OCS- HOME PAGE/HP-Mega menu- Hover-Accessories

2019-05-18 15:44:06 - [TEST_STEP][PASSED] - openBrowser(""): Browser is opened with url: ''

2019-05-18 15:44:06 - [MESSAGE][WARNING] - A browser is already opened. Closing browser and opening a new one

2019-05-18 15:44:06 - [MESSAGE][INFO] - Starting 'Chrome' driver

2019-05-18 15:44:07 - [MESSAGE][PASSED] - Browser is opened with url: ''

2019-05-18 15:44:07 - [TEST_STEP][PASSED] - navigateToUrl("https://ocs.ca/?fts=0&preview_theme_id=53373863756"): Navigate to 'https://ocs.ca/?fts=0&preview_theme_id=53373863756' successfully

2019-05-18 15:44:10 - [MESSAGE][PASSED] - Navigate to 'https://ocs.ca/?fts=0&preview_theme_id=53373863756' successfully

2019-05-18 15:44:10 - [TEST_STEP][PASSED] - click(findTestObject("Theme_oR/Page_Ontario Cannabis Store  Ontari/button_Hide bar")): Object: 'Object Repository/Theme_oR/Page_Ontario Cannabis Store  Ontari/button_Hide bar' is clicked on

2019-05-18 15:44:11 - [MESSAGE][PASSED] - Object: 'Object Repository/Theme_oR/Page_Ontario Cannabis Store  Ontari/button_Hide bar' is clicked on

2019-05-18 15:44:11 - [TEST_STEP][PASSED] - maximizeWindow(): Current window maximized

2019-05-18 15:44:11 - [MESSAGE][PASSED] - Current window maximized

2019-05-18 15:44:11 - [TEST_STEP][PASSED] - selectOptionByValue(findTestObject("Object Repository/Accessories_OR/Page_Ontario Cannabis Store  Ontari/select_Select01020304050607080"), "1", true): All options with value '1' are selected in object 'Object Repository/Accessories_OR/Page_Ontario Cannabis Store  Ontari/select_Select01020304050607080'  using regular expression

2019-05-18 15:44:11 - [MESSAGE][PASSED] - All options with value '1' are selected in object 'Object Repository/Accessories_OR/Page_Ontario Cannabis Store  Ontari/select_Select01020304050607080'  using regular expression

2019-05-18 15:44:11 - [TEST_STEP][PASSED] - selectOptionByValue(findTestObject("Object Repository/Accessories_OR/Page_Ontario Cannabis Store  Ontari/select_SelectJanuary - 01Febru"), "0", true): All options with value '0' are selected in object 'Object Repository/Accessories_OR/Page_Ontario Cannabis Store  Ontari/select_SelectJanuary - 01Febru'  using regular expression

2019-05-18 15:44:11 - [MESSAGE][PASSED] - All options with value '0' are selected in object 'Object Repository/Accessories_OR/Page_Ontario Cannabis Store  Ontari/select_SelectJanuary - 01Febru'  using regular expression

2019-05-18 15:44:11 - [TEST_STEP][PASSED] - selectOptionByValue(findTestObject("Object Repository/Accessories_OR/Page_Ontario Cannabis Store  Ontari/select_Select20182017201620152"), "1968", true): All options with value '1968' are selected in object 'Object Repository/Accessories_OR/Page_Ontario Cannabis Store  Ontari/select_Select20182017201620152'  using regular expression

2019-05-18 15:44:12 - [MESSAGE][PASSED] - All options with value '1968' are selected in object 'Object Repository/Accessories_OR/Page_Ontario Cannabis Store  Ontari/select_Select20182017201620152'  using regular expression

2019-05-18 15:44:12 - [TEST_STEP][PASSED] - click(findTestObject("Object Repository/Accessories_OR/Page_Ontario Cannabis Store  Ontari/button_Verify")): Object: 'Object Repository/Accessories_OR/Page_Ontario Cannabis Store  Ontari/button_Verify' is clicked on

2019-05-18 15:44:13 - [MESSAGE][PASSED] - Object: 'Object Repository/Accessories_OR/Page_Ontario Cannabis Store  Ontari/button_Verify' is clicked on

2019-05-18 15:44:13 - [TEST_STEP][PASSED] - click(findTestObject("Object Repository/Accessories_OR/Page_Ontario Cannabis Store  Ontari/span_CONFIRM AND ACKNOWLEDGE_c")): Object: 'Object Repository/Accessories_OR/Page_Ontario Cannabis Store  Ontari/span_CONFIRM AND ACKNOWLEDGE_c' is clicked on

2019-05-18 15:44:13 - [MESSAGE][PASSED] - Object: 'Object Repository/Accessories_OR/Page_Ontario Cannabis Store  Ontari/span_CONFIRM AND ACKNOWLEDGE_c' is clicked on

2019-05-18 15:44:13 - [TEST_STEP][PASSED] - click(findTestObject("Object Repository/Accessories_OR/Page_Ontario Cannabis Store  Ontari/button_CONFIRM")): Object: 'Object Repository/Accessories_OR/Page_Ontario Cannabis Store  Ontari/button_CONFIRM' is clicked on

2019-05-18 15:44:13 - [MESSAGE][PASSED] - Object: 'Object Repository/Accessories_OR/Page_Ontario Cannabis Store  Ontari/button_CONFIRM' is clicked on

2019-05-18 15:44:13 - [TEST_STEP][PASSED] - click(findTestObject("Object Repository/Accessories_OR/Page_Ontario Cannabis Store  Ontari/button_Start Browsing")): Object: 'Object Repository/Accessories_OR/Page_Ontario Cannabis Store  Ontari/button_Start Browsing' is clicked on

2019-05-18 15:44:13 - [MESSAGE][PASSED] - Object: 'Object Repository/Accessories_OR/Page_Ontario Cannabis Store  Ontari/button_Start Browsing' is clicked on

2019-05-18 15:44:13 - [TEST_STEP][PASSED] - mouseOver(findTestObject("Object Repository/Accessories_OR/Page_Ontario Cannabis Store  Ontari/h3_Accessories")): Object: 'Object Repository/Accessories_OR/Page_Ontario Cannabis Store  Ontari/h3_Accessories' is hovered

2019-05-18 15:44:13 - [MESSAGE][PASSED] - Object: 'Object Repository/Accessories_OR/Page_Ontario Cannabis Store  Ontari/h3_Accessories' is hovered

2019-05-18 15:44:13 - [TEST_STEP][PASSED] - click(findTestObject("Object Repository/Accessories_OR/Page_Ontario Cannabis Store  Ontari/span_Vaporizers")): Object: 'Object Repository/Accessories_OR/Page_Ontario Cannabis Store  Ontari/span_Vaporizers' is clicked on

2019-05-18 15:44:15 - [MESSAGE][PASSED] - Object: 'Object Repository/Accessories_OR/Page_Ontario Cannabis Store  Ontari/span_Vaporizers' is clicked on

2019-05-18 15:44:15 - [TEST_STEP][PASSED] - click(findTestObject("Object Repository/Accessories_OR/Page_Vaporizers  Ontario Cannabis S/h3_Accessories")): Object: 'Object Repository/Accessories_OR/Page_Vaporizers  Ontario Cannabis S/h3_Accessories' is clicked on

2019-05-18 15:44:15 - [MESSAGE][PASSED] - Object: 'Object Repository/Accessories_OR/Page_Vaporizers  Ontario Cannabis S/h3_Accessories' is clicked on

2019-05-18 15:44:15 - [TEST_STEP][PASSED] - click(findTestObject("Object Repository/Accessories_OR/Page_Vaporizers  Ontario Cannabis S/span_Bongs  Water Pipes")): Object: 'Object Repository/Accessories_OR/Page_Vaporizers  Ontario Cannabis S/span_Bongs  Water Pipes' is clicked on

2019-05-18 15:44:17 - [MESSAGE][PASSED] - Object: 'Object Repository/Accessories_OR/Page_Vaporizers  Ontario Cannabis S/span_Bongs  Water Pipes' is clicked on

2019-05-18 15:44:17 - [TEST_STEP][PASSED] - click(findTestObject("Object Repository/Accessories_OR/Page_Bongs  Water Pipes  Ontario Ca/h3_Accessories")): Object: 'Object Repository/Accessories_OR/Page_Bongs  Water Pipes  Ontario Ca/h3_Accessories' is clicked on

2019-05-18 15:44:17 - [MESSAGE][PASSED] - Object: 'Object Repository/Accessories_OR/Page_Bongs  Water Pipes  Ontario Ca/h3_Accessories' is clicked on

2019-05-18 15:44:17 - [TEST_STEP][PASSED] - click(findTestObject("Object Repository/Accessories_OR/Page_Bongs  Water Pipes  Ontario Ca/span_Handheld Pipes")): Object: 'Object Repository/Accessories_OR/Page_Bongs  Water Pipes  Ontario Ca/span_Handheld Pipes' is clicked on

2019-05-18 15:44:19 - [MESSAGE][PASSED] - Object: 'Object Repository/Accessories_OR/Page_Bongs  Water Pipes  Ontario Ca/span_Handheld Pipes' is clicked on

2019-05-18 15:44:19 - [TEST_STEP][PASSED] - click(findTestObject("Object Repository/Accessories_OR/Page_Handheld Pipes  Ontario Cannab/h3_Accessories")): Object: 'Object Repository/Accessories_OR/Page_Handheld Pipes  Ontario Cannab/h3_Accessories' is clicked on

2019-05-18 15:44:19 - [MESSAGE][PASSED] - Object: 'Object Repository/Accessories_OR/Page_Handheld Pipes  Ontario Cannab/h3_Accessories' is clicked on

2019-05-18 15:44:19 - [TEST_STEP][PASSED] - click(findTestObject("Object Repository/Accessories_OR/Page_Handheld Pipes  Ontario Cannab/span_Papers  Filters")): Object: 'Object Repository/Accessories_OR/Page_Handheld Pipes  Ontario Cannab/span_Papers  Filters' is clicked on

2019-05-18 15:44:23 - [MESSAGE][PASSED] - Object: 'Object Repository/Accessories_OR/Page_Handheld Pipes  Ontario Cannab/span_Papers  Filters' is clicked on

2019-05-18 15:44:23 - [TEST_STEP][PASSED] - click(findTestObject("Object Repository/Accessories_OR/Page_Papers  Filters  Ontario Canna/h3_Accessories")): Object: 'Object Repository/Accessories_OR/Page_Papers  Filters  Ontario Canna/h3_Accessories' is clicked on

2019-05-18 15:44:23 - [MESSAGE][PASSED] - Object: 'Object Repository/Accessories_OR/Page_Papers  Filters  Ontario Canna/h3_Accessories' is clicked on

2019-05-18 15:44:23 - [TEST_STEP][PASSED] - click(findTestObject("Object Repository/Accessories_OR/Page_Papers  Filters  Ontario Canna/span_Grinders")): Object: 'Object Repository/Accessories_OR/Page_Papers  Filters  Ontario Canna/span_Grinders' is clicked on

2019-05-18 15:44:25 - [MESSAGE][PASSED] - Object: 'Object Repository/Accessories_OR/Page_Papers  Filters  Ontario Canna/span_Grinders' is clicked on

2019-05-18 15:44:25 - [TEST_STEP][PASSED] - click(findTestObject("Object Repository/Accessories_OR/Page_Grinders  Ontario Cannabis Sto/h3_Accessories")): Object: 'Object Repository/Accessories_OR/Page_Grinders  Ontario Cannabis Sto/h3_Accessories' is clicked on

2019-05-18 15:44:25 - [MESSAGE][PASSED] - Object: 'Object Repository/Accessories_OR/Page_Grinders  Ontario Cannabis Sto/h3_Accessories' is clicked on

2019-05-18 15:44:25 - [TEST_STEP][PASSED] - click(findTestObject("Object Repository/Accessories_OR/Page_Grinders  Ontario Cannabis Sto/span_Tools  Kits")): Object: 'Object Repository/Accessories_OR/Page_Grinders  Ontario Cannabis Sto/span_Tools  Kits' is clicked on

2019-05-18 15:44:27 - [MESSAGE][PASSED] - Object: 'Object Repository/Accessories_OR/Page_Grinders  Ontario Cannabis Sto/span_Tools  Kits' is clicked on

2019-05-18 15:44:27 - [TEST_STEP][PASSED] - click(findTestObject("Object Repository/Accessories_OR/Page_Multi-Tools  Kits  Ontario Can/h3_Accessories")): Object: 'Object Repository/Accessories_OR/Page_Multi-Tools  Kits  Ontario Can/h3_Accessories' is clicked on

2019-05-18 15:44:27 - [MESSAGE][PASSED] - Object: 'Object Repository/Accessories_OR/Page_Multi-Tools  Kits  Ontario Can/h3_Accessories' is clicked on

2019-05-18 15:44:27 - [TEST_STEP][PASSED] - click(findTestObject("Object Repository/Accessories_OR/Page_Multi-Tools  Kits  Ontario Can/span_Cleaning Supplies")): Object: 'Object Repository/Accessories_OR/Page_Multi-Tools  Kits  Ontario Can/span_Cleaning Supplies' is clicked on

2019-05-18 15:44:30 - [MESSAGE][PASSED] - Object: 'Object Repository/Accessories_OR/Page_Multi-Tools  Kits  Ontario Can/span_Cleaning Supplies' is clicked on

2019-05-18 15:44:30 - [TEST_STEP][PASSED] - click(findTestObject("Object Repository/Accessories_OR/Page_Cleaning Supplies  Ontario Can/h3_Accessories")): Object: 'Object Repository/Accessories_OR/Page_Cleaning Supplies  Ontario Can/h3_Accessories' is clicked on

2019-05-18 15:44:30 - [MESSAGE][PASSED] - Object: 'Object Repository/Accessories_OR/Page_Cleaning Supplies  Ontario Can/h3_Accessories' is clicked on

2019-05-18 15:44:30 - [TEST_STEP][PASSED] - click(findTestObject("Object Repository/Accessories_OR/Page_Cleaning Supplies  Ontario Can/span_Storage")): Object: 'Object Repository/Accessories_OR/Page_Cleaning Supplies  Ontario Can/span_Storage' is clicked on

2019-05-18 15:44:32 - [MESSAGE][PASSED] - Object: 'Object Repository/Accessories_OR/Page_Cleaning Supplies  Ontario Can/span_Storage' is clicked on

2019-05-18 15:44:32 - [TEST_STEP][PASSED] - click(findTestObject("Object Repository/Accessories_OR/Page_Storage  Ontario Cannabis Stor/h3_Accessories")): Object: 'Object Repository/Accessories_OR/Page_Storage  Ontario Cannabis Stor/h3_Accessories' is clicked on

2019-05-18 15:44:32 - [MESSAGE][PASSED] - Object: 'Object Repository/Accessories_OR/Page_Storage  Ontario Cannabis Stor/h3_Accessories' is clicked on

2019-05-18 15:44:32 - [TEST_STEP][PASSED] - click(findTestObject("Object Repository/Accessories_OR/Page_Storage  Ontario Cannabis Stor/span_Trays")): Object: 'Object Repository/Accessories_OR/Page_Storage  Ontario Cannabis Stor/span_Trays' is clicked on

2019-05-18 15:44:34 - [MESSAGE][PASSED] - Object: 'Object Repository/Accessories_OR/Page_Storage  Ontario Cannabis Stor/span_Trays' is clicked on

2019-05-18 15:44:34 - [TEST_STEP][PASSED] - click(findTestObject("Object Repository/Accessories_OR/Page_Trays  Ontario Cannabis Store/h3_Accessories")): Object: 'Object Repository/Accessories_OR/Page_Trays  Ontario Cannabis Store/h3_Accessories' is clicked on

2019-05-18 15:44:34 - [MESSAGE][PASSED] - Object: 'Object Repository/Accessories_OR/Page_Trays  Ontario Cannabis Store/h3_Accessories' is clicked on

2019-05-18 15:44:34 - [TEST_STEP][PASSED] - click(findTestObject("Object Repository/Accessories_OR/Page_Trays  Ontario Cannabis Store/span_Infusers")): Object: 'Object Repository/Accessories_OR/Page_Trays  Ontario Cannabis Store/span_Infusers' is clicked on

2019-05-18 15:44:35 - [MESSAGE][PASSED] - Object: 'Object Repository/Accessories_OR/Page_Trays  Ontario Cannabis Store/span_Infusers' is clicked on

2019-05-18 15:44:35 - [TEST_STEP][PASSED] - click(findTestObject("Object Repository/Accessories_OR/Page_Infusers  Ontario Cannabis Sto/h3_Accessories")): Object: 'Object Repository/Accessories_OR/Page_Infusers  Ontario Cannabis Sto/h3_Accessories' is clicked on

2019-05-18 15:44:35 - [MESSAGE][PASSED] - Object: 'Object Repository/Accessories_OR/Page_Infusers  Ontario Cannabis Sto/h3_Accessories' is clicked on

2019-05-18 15:44:35 - [TEST_STEP][PASSED] - click(findTestObject("Object Repository/Accessories_OR/Page_Infusers  Ontario Cannabis Sto/p_Bongs  Water Pipes")): Object: 'Object Repository/Accessories_OR/Page_Infusers  Ontario Cannabis Sto/p_Bongs  Water Pipes' is clicked on

2019-05-18 15:44:39 - [MESSAGE][PASSED] - Object: 'Object Repository/Accessories_OR/Page_Infusers  Ontario Cannabis Sto/p_Bongs  Water Pipes' is clicked on

2019-05-18 15:44:39 - [TEST_STEP][PASSED] - click(findTestObject("Object Repository/Accessories_OR/Page_Bongs  Water Pipes  Ontario Ca/h3_Accessories")): Object: 'Object Repository/Accessories_OR/Page_Bongs  Water Pipes  Ontario Ca/h3_Accessories' is clicked on

2019-05-18 15:44:39 - [MESSAGE][PASSED] - Object: 'Object Repository/Accessories_OR/Page_Bongs  Water Pipes  Ontario Ca/h3_Accessories' is clicked on

2019-05-18 15:44:39 - [TEST_STEP][PASSED] - click(findTestObject("Object Repository/Accessories_OR/Page_Bongs  Water Pipes  Ontario Ca/p_Papers  Filters")): Object: 'Object Repository/Accessories_OR/Page_Bongs  Water Pipes  Ontario Ca/p_Papers  Filters' is clicked on

2019-05-18 15:44:41 - [MESSAGE][PASSED] - Object: 'Object Repository/Accessories_OR/Page_Bongs  Water Pipes  Ontario Ca/p_Papers  Filters' is clicked on

2019-05-18 15:44:41 - [TEST_STEP][PASSED] - click(findTestObject("Object Repository/Accessories_OR/Page_Papers  Filters  Ontario Canna/h3_Accessories")): Object: 'Object Repository/Accessories_OR/Page_Papers  Filters  Ontario Canna/h3_Accessories' is clicked on

2019-05-18 15:44:41 - [MESSAGE][PASSED] - Object: 'Object Repository/Accessories_OR/Page_Papers  Filters  Ontario Canna/h3_Accessories' is clicked on

2019-05-18 15:44:41 - [TEST_STEP][PASSED] - click(findTestObject("Object Repository/Accessories_OR/Page_Papers  Filters  Ontario Canna/a_SHOP ALL ACCESSORIES")): Object: 'Object Repository/Accessories_OR/Page_Papers  Filters  Ontario Canna/a_SHOP ALL ACCESSORIES' is clicked on

2019-05-18 15:44:43 - [MESSAGE][PASSED] - Object: 'Object Repository/Accessories_OR/Page_Papers  Filters  Ontario Canna/a_SHOP ALL ACCESSORIES' is clicked on

2019-05-18 15:44:43 - [TEST_STEP][PASSED] - click(findTestObject("Object Repository/Accessories_OR/Page_All Accessories  Ontario Canna/h3_Accessories")): Object: 'Object Repository/Accessories_OR/Page_All Accessories  Ontario Canna/h3_Accessories' is clicked on

2019-05-18 15:44:43 - [MESSAGE][PASSED] - Object: 'Object Repository/Accessories_OR/Page_All Accessories  Ontario Canna/h3_Accessories' is clicked on

2019-05-18 15:44:43 - [TEST_STEP][PASSED] - closeBrowser(): Browser is closed

2019-05-18 15:44:43 - [MESSAGE][PASSED] - Browser is closed]]></system-out>
         <system-err><![CDATA[]]></system-err>
      </testcase>
      <testcase name="Test Cases/OCS - MOBILE/OCS-AGE GATE/AG- Under Age" classname="Test Cases/OCS - MOBILE/OCS-AGE GATE/AG- Under Age" status="FAILED">
         <failure type="FAILED" message="Test Cases/OCS - MOBILE/OCS-AGE GATE/AG- Under Age FAILED.
Reason:
com.kms.katalon.core.exception.StepFailedException: Unable to click on object (Root cause: java.lang.IllegalArgumentException: Object is null)
	at com.kms.katalon.core.keyword.internal.KeywordMain.stepFailed(KeywordMain.groovy:36)
	at com.kms.katalon.core.webui.keyword.internal.WebUIKeywordMain.stepFailed(WebUIKeywordMain.groovy:65)
	at com.kms.katalon.core.webui.keyword.internal.WebUIKeywordMain.runKeyword(WebUIKeywordMain.groovy:27)
	at com.kms.katalon.core.webui.keyword.builtin.ClickKeyword.click(ClickKeyword.groovy:86)
	at com.kms.katalon.core.webui.keyword.builtin.ClickKeyword.execute(ClickKeyword.groovy:67)
	at com.kms.katalon.core.keyword.internal.KeywordExecutor.executeKeywordForPlatform(KeywordExecutor.groovy:53)
	at com.kms.katalon.core.webui.keyword.WebUiBuiltInKeywords.click(WebUiBuiltInKeywords.groovy:616)
	at com.kms.katalon.core.webui.keyword.WebUiBuiltInKeywords$click$3.call(Unknown Source)
	at AG- Under Age.run(AG- Under Age:50)
	at com.kms.katalon.core.main.ScriptEngine.run(ScriptEngine.java:194)
	at com.kms.katalon.core.main.ScriptEngine.runScriptAsRawText(ScriptEngine.java:119)
	at com.kms.katalon.core.main.TestCaseExecutor.runScript(TestCaseExecutor.java:328)
	at com.kms.katalon.core.main.TestCaseExecutor.doExecute(TestCaseExecutor.java:319)
	at com.kms.katalon.core.main.TestCaseExecutor.processExecutionPhase(TestCaseExecutor.java:298)
	at com.kms.katalon.core.main.TestCaseExecutor.accessMainPhase(TestCaseExecutor.java:290)
	at com.kms.katalon.core.main.TestCaseExecutor.execute(TestCaseExecutor.java:224)
	at com.kms.katalon.core.main.TestSuiteExecutor.accessTestCaseMainPhase(TestSuiteExecutor.java:129)
	at com.kms.katalon.core.main.TestSuiteExecutor.accessTestSuiteMainPhase(TestSuiteExecutor.java:112)
	at com.kms.katalon.core.main.TestSuiteExecutor.execute(TestSuiteExecutor.java:81)
	at com.kms.katalon.core.main.TestCaseMain.startTestSuite(TestCaseMain.java:149)
	at com.kms.katalon.core.main.TestCaseMain$startTestSuite$0.call(Unknown Source)
	at TempTestSuite1558208231009.run(TempTestSuite1558208231009.groovy:36)
"/>
         <system-out><![CDATA[2019-05-18 15:44:44 - [TEST_CASE][FAILED] - Test Cases/OCS - MOBILE/OCS-AGE GATE/AG- Under Age: Test Cases/OCS - MOBILE/OCS-AGE GATE/AG- Under Age FAILED.
Reason:
com.kms.katalon.core.exception.StepFailedException: Unable to click on object (Root cause: java.lang.IllegalArgumentException: Object is null)
	at com.kms.katalon.core.keyword.internal.KeywordMain.stepFailed(KeywordMain.groovy:36)
	at com.kms.katalon.core.webui.keyword.internal.WebUIKeywordMain.stepFailed(WebUIKeywordMain.groovy:65)
	at com.kms.katalon.core.webui.keyword.internal.WebUIKeywordMain.runKeyword(WebUIKeywordMain.groovy:27)
	at com.kms.katalon.core.webui.keyword.builtin.ClickKeyword.click(ClickKeyword.groovy:86)
	at com.kms.katalon.core.webui.keyword.builtin.ClickKeyword.execute(ClickKeyword.groovy:67)
	at com.kms.katalon.core.keyword.internal.KeywordExecutor.executeKeywordForPlatform(KeywordExecutor.groovy:53)
	at com.kms.katalon.core.webui.keyword.WebUiBuiltInKeywords.click(WebUiBuiltInKeywords.groovy:616)
	at com.kms.katalon.core.webui.keyword.WebUiBuiltInKeywords$click$3.call(Unknown Source)
	at AG- Under Age.run(AG- Under Age:50)
	at com.kms.katalon.core.main.ScriptEngine.run(ScriptEngine.java:194)
	at com.kms.katalon.core.main.ScriptEngine.runScriptAsRawText(ScriptEngine.java:119)
	at com.kms.katalon.core.main.TestCaseExecutor.runScript(TestCaseExecutor.java:328)
	at com.kms.katalon.core.main.TestCaseExecutor.doExecute(TestCaseExecutor.java:319)
	at com.kms.katalon.core.main.TestCaseExecutor.processExecutionPhase(TestCaseExecutor.java:298)
	at com.kms.katalon.core.main.TestCaseExecutor.accessMainPhase(TestCaseExecutor.java:290)
	at com.kms.katalon.core.main.TestCaseExecutor.execute(TestCaseExecutor.java:224)
	at com.kms.katalon.core.main.TestSuiteExecutor.accessTestCaseMainPhase(TestSuiteExecutor.java:129)
	at com.kms.katalon.core.main.TestSuiteExecutor.accessTestSuiteMainPhase(TestSuiteExecutor.java:112)
	at com.kms.katalon.core.main.TestSuiteExecutor.execute(TestSuiteExecutor.java:81)
	at com.kms.katalon.core.main.TestCaseMain.startTestSuite(TestCaseMain.java:149)
	at com.kms.katalon.core.main.TestCaseMain$startTestSuite$0.call(Unknown Source)
	at TempTestSuite1558208231009.run(TempTestSuite1558208231009.groovy:36)


2019-05-18 15:44:44 - [TEST_STEP][PASSED] - openBrowser(""): Browser is opened with url: ''

2019-05-18 15:44:44 - [MESSAGE][INFO] - Starting 'Chrome' driver

2019-05-18 15:44:44 - [MESSAGE][PASSED] - Browser is opened with url: ''

2019-05-18 15:44:44 - [TEST_STEP][PASSED] - navigateToUrl("https://ocs.ca/?fts=0&preview_theme_id=53373863756"): Navigate to 'https://ocs.ca/?fts=0&preview_theme_id=53373863756' successfully

2019-05-18 15:44:50 - [MESSAGE][PASSED] - Navigate to 'https://ocs.ca/?fts=0&preview_theme_id=53373863756' successfully

2019-05-18 15:44:50 - [TEST_STEP][PASSED] - setViewPortSize(360, 800): Viewport is set to new size with width = 360 and height = 800

2019-05-18 15:44:50 - [MESSAGE][PASSED] - Viewport is set to new size with width = 360 and height = 800

2019-05-18 15:44:50 - [TEST_STEP][PASSED] - delay(4): Delayed 4 second(s)

2019-05-18 15:44:54 - [MESSAGE][PASSED] - Delayed 4 second(s)

2019-05-18 15:44:54 - [TEST_STEP][PASSED] - selectOptionByValue(findTestObject("OCS-MOBILE /Age gate and burger menu/Date"), "12", true): All options with value '12' are selected in object 'Object Repository/OCS-MOBILE /Age gate and burger menu/Date'  using regular expression

2019-05-18 15:44:54 - [MESSAGE][PASSED] - All options with value '12' are selected in object 'Object Repository/OCS-MOBILE /Age gate and burger menu/Date'  using regular expression

2019-05-18 15:44:54 - [TEST_STEP][PASSED] - selectOptionByValue(findTestObject("OCS-MOBILE /Age gate and burger menu/month"), "6", true): All options with value '6' are selected in object 'Object Repository/OCS-MOBILE /Age gate and burger menu/month'  using regular expression

2019-05-18 15:44:55 - [MESSAGE][PASSED] - All options with value '6' are selected in object 'Object Repository/OCS-MOBILE /Age gate and burger menu/month'  using regular expression

2019-05-18 15:44:55 - [TEST_STEP][PASSED] - delay(2): Delayed 2 second(s)

2019-05-18 15:44:57 - [MESSAGE][PASSED] - Delayed 2 second(s)

2019-05-18 15:44:57 - [TEST_STEP][PASSED] - selectOptionByValue(findTestObject("OCS-MOBILE /Age gate and burger menu/Year Dropdown"), "2017", true): All options with value '2017' are selected in object 'Object Repository/OCS-MOBILE /Age gate and burger menu/Year Dropdown'  using regular expression

2019-05-18 15:44:57 - [MESSAGE][PASSED] - All options with value '2017' are selected in object 'Object Repository/OCS-MOBILE /Age gate and burger menu/Year Dropdown'  using regular expression

2019-05-18 15:44:57 - [TEST_STEP][PASSED] - click(findTestObject("OCS-MOBILE /Age gate and burger menu/button_Verify")): Object: 'Object Repository/OCS-MOBILE /Age gate and burger menu/button_Verify' is clicked on

2019-05-18 15:44:57 - [MESSAGE][PASSED] - Object: 'Object Repository/OCS-MOBILE /Age gate and burger menu/button_Verify' is clicked on

2019-05-18 15:44:57 - [TEST_STEP][PASSED] - delay(3): Delayed 3 second(s)

2019-05-18 15:45:01 - [MESSAGE][PASSED] - Delayed 3 second(s)

2019-05-18 15:45:01 - [TEST_STEP][PASSED] - click(findTestObject("OCS-MOBILE /Age gate and burger menu/Checkbox_CONFIRM AND ACKNOWLEDGE")): Object: 'Object Repository/OCS-MOBILE /Age gate and burger menu/Checkbox_CONFIRM AND ACKNOWLEDGE' is clicked on

2019-05-18 15:45:01 - [MESSAGE][PASSED] - Object: 'Object Repository/OCS-MOBILE /Age gate and burger menu/Checkbox_CONFIRM AND ACKNOWLEDGE' is clicked on

2019-05-18 15:45:01 - [TEST_STEP][PASSED] - click(findTestObject("OCS-MOBILE /Age gate and burger menu/button_CONFIRM")): Object: 'Object Repository/OCS-MOBILE /Age gate and burger menu/button_CONFIRM' is clicked on

2019-05-18 15:45:01 - [MESSAGE][PASSED] - Object: 'Object Repository/OCS-MOBILE /Age gate and burger menu/button_CONFIRM' is clicked on

2019-05-18 15:45:01 - [TEST_STEP][PASSED] - delay(3): Delayed 3 second(s)

2019-05-18 15:45:04 - [MESSAGE][PASSED] - Delayed 3 second(s)

2019-05-18 15:45:04 - [TEST_STEP][PASSED] - click(findTestObject("OCS-MOBILE /Age gate and burger menu/Oops Im actually 19 or older - Link")): Object: 'Object Repository/OCS-MOBILE /Age gate and burger menu/Oops Im actually 19 or older - Link' is clicked on

2019-05-18 15:45:04 - [MESSAGE][PASSED] - Object: 'Object Repository/OCS-MOBILE /Age gate and burger menu/Oops Im actually 19 or older - Link' is clicked on

2019-05-18 15:45:04 - [TEST_STEP][PASSED] - selectOptionByValue(findTestObject("OCS-MOBILE /Age gate and burger menu/Date"), "5", true): All options with value '5' are selected in object 'Object Repository/OCS-MOBILE /Age gate and burger menu/Date'  using regular expression

2019-05-18 15:45:04 - [MESSAGE][PASSED] - All options with value '5' are selected in object 'Object Repository/OCS-MOBILE /Age gate and burger menu/Date'  using regular expression

2019-05-18 15:45:04 - [TEST_STEP][PASSED] - selectOptionByValue(findTestObject("OCS-MOBILE /Age gate and burger menu/month"), "6", true): All options with value '6' are selected in object 'Object Repository/OCS-MOBILE /Age gate and burger menu/month'  using regular expression

2019-05-18 15:45:04 - [MESSAGE][PASSED] - All options with value '6' are selected in object 'Object Repository/OCS-MOBILE /Age gate and burger menu/month'  using regular expression

2019-05-18 15:45:04 - [TEST_STEP][PASSED] - selectOptionByValue(findTestObject("OCS-MOBILE /Age gate and burger menu/Year Dropdown"), "1970", true): All options with value '1970' are selected in object 'Object Repository/OCS-MOBILE /Age gate and burger menu/Year Dropdown'  using regular expression

2019-05-18 15:45:05 - [MESSAGE][PASSED] - All options with value '1970' are selected in object 'Object Repository/OCS-MOBILE /Age gate and burger menu/Year Dropdown'  using regular expression

2019-05-18 15:45:05 - [TEST_STEP][FAILED] - click(findTestObject("OCS-MOBILE/Age gate and burger menu/button_Verify")): click(findTestObject("OCS-MOBILE/Age gate and burger menu/button_Verify")) FAILED.
Reason:
com.kms.katalon.core.exception.StepFailedException: Unable to click on object (Root cause: java.lang.IllegalArgumentException: Object is null)
	at com.kms.katalon.core.keyword.internal.KeywordMain.stepFailed(KeywordMain.groovy:36)
	at com.kms.katalon.core.webui.keyword.internal.WebUIKeywordMain.stepFailed(WebUIKeywordMain.groovy:65)
	at com.kms.katalon.core.webui.keyword.internal.WebUIKeywordMain.runKeyword(WebUIKeywordMain.groovy:27)
	at com.kms.katalon.core.webui.keyword.builtin.ClickKeyword.click(ClickKeyword.groovy:86)
	at com.kms.katalon.core.webui.keyword.builtin.ClickKeyword.execute(ClickKeyword.groovy:67)
	at com.kms.katalon.core.keyword.internal.KeywordExecutor.executeKeywordForPlatform(KeywordExecutor.groovy:53)
	at com.kms.katalon.core.webui.keyword.WebUiBuiltInKeywords.click(WebUiBuiltInKeywords.groovy:616)
	at com.kms.katalon.core.webui.keyword.WebUiBuiltInKeywords$click$3.call(Unknown Source)
	at AG- Under Age.run(AG- Under Age:50)
	at com.kms.katalon.core.main.ScriptEngine.run(ScriptEngine.java:194)
	at com.kms.katalon.core.main.ScriptEngine.runScriptAsRawText(ScriptEngine.java:119)
	at com.kms.katalon.core.main.TestCaseExecutor.runScript(TestCaseExecutor.java:328)
	at com.kms.katalon.core.main.TestCaseExecutor.doExecute(TestCaseExecutor.java:319)
	at com.kms.katalon.core.main.TestCaseExecutor.processExecutionPhase(TestCaseExecutor.java:298)
	at com.kms.katalon.core.main.TestCaseExecutor.accessMainPhase(TestCaseExecutor.java:290)
	at com.kms.katalon.core.main.TestCaseExecutor.execute(TestCaseExecutor.java:224)
	at com.kms.katalon.core.main.TestSuiteExecutor.accessTestCaseMainPhase(TestSuiteExecutor.java:129)
	at com.kms.katalon.core.main.TestSuiteExecutor.accessTestSuiteMainPhase(TestSuiteExecutor.java:112)
	at com.kms.katalon.core.main.TestSuiteExecutor.execute(TestSuiteExecutor.java:81)
	at com.kms.katalon.core.main.TestCaseMain.startTestSuite(TestCaseMain.java:149)
	at com.kms.katalon.core.main.TestCaseMain$startTestSuite$0.call(Unknown Source)
	at TempTestSuite1558208231009.run(TempTestSuite1558208231009.groovy:36)


2019-05-18 15:45:05 - [MESSAGE][WARNING] - Test object with id 'Object Repository/OCS-MOBILE/Age gate and burger menu/button_Verify' does not exist

2019-05-18 15:45:05 - [MESSAGE][WARNING] - Test object with id 'Object Repository/' does not exist

2019-05-18 15:45:06 - [MESSAGE][FAILED] - Unable to click on object (Root cause: java.lang.IllegalArgumentException: Object is null)
[[ATTACHMENT|/Users/sumankompelly/git/Ontario-cannbis-store/Reports/OCS- MOBILE/AGE GATE/20190518_153710/1558208705869.png]]

2019-05-18 15:45:06 - [MESSAGE][FAILED] - click(findTestObject("OCS-MOBILE/Age gate and burger menu/button_Verify")) FAILED.
Reason:
com.kms.katalon.core.exception.StepFailedException: Unable to click on object (Root cause: java.lang.IllegalArgumentException: Object is null)
	at com.kms.katalon.core.keyword.internal.KeywordMain.stepFailed(KeywordMain.groovy:36)
	at com.kms.katalon.core.webui.keyword.internal.WebUIKeywordMain.stepFailed(WebUIKeywordMain.groovy:65)
	at com.kms.katalon.core.webui.keyword.internal.WebUIKeywordMain.runKeyword(WebUIKeywordMain.groovy:27)
	at com.kms.katalon.core.webui.keyword.builtin.ClickKeyword.click(ClickKeyword.groovy:86)
	at com.kms.katalon.core.webui.keyword.builtin.ClickKeyword.execute(ClickKeyword.groovy:67)
	at com.kms.katalon.core.keyword.internal.KeywordExecutor.executeKeywordForPlatform(KeywordExecutor.groovy:53)
	at com.kms.katalon.core.webui.keyword.WebUiBuiltInKeywords.click(WebUiBuiltInKeywords.groovy:616)
	at com.kms.katalon.core.webui.keyword.WebUiBuiltInKeywords$click$3.call(Unknown Source)
	at AG- Under Age.run(AG- Under Age:50)
	at com.kms.katalon.core.main.ScriptEngine.run(ScriptEngine.java:194)
	at com.kms.katalon.core.main.ScriptEngine.runScriptAsRawText(ScriptEngine.java:119)
	at com.kms.katalon.core.main.TestCaseExecutor.runScript(TestCaseExecutor.java:328)
	at com.kms.katalon.core.main.TestCaseExecutor.doExecute(TestCaseExecutor.java:319)
	at com.kms.katalon.core.main.TestCaseExecutor.processExecutionPhase(TestCaseExecutor.java:298)
	at com.kms.katalon.core.main.TestCaseExecutor.accessMainPhase(TestCaseExecutor.java:290)
	at com.kms.katalon.core.main.TestCaseExecutor.execute(TestCaseExecutor.java:224)
	at com.kms.katalon.core.main.TestSuiteExecutor.accessTestCaseMainPhase(TestSuiteExecutor.java:129)
	at com.kms.katalon.core.main.TestSuiteExecutor.accessTestSuiteMainPhase(TestSuiteExecutor.java:112)
	at com.kms.katalon.core.main.TestSuiteExecutor.execute(TestSuiteExecutor.java:81)
	at com.kms.katalon.core.main.TestCaseMain.startTestSuite(TestCaseMain.java:149)
	at com.kms.katalon.core.main.TestCaseMain$startTestSuite$0.call(Unknown Source)
	at TempTestSuite1558208231009.run(TempTestSuite1558208231009.groovy:36)]]></system-out>
         <system-err><![CDATA[2019-05-18 15:44:44 - [TEST_CASE][FAILED] - Test Cases/OCS - MOBILE/OCS-AGE GATE/AG- Under Age: Test Cases/OCS - MOBILE/OCS-AGE GATE/AG- Under Age FAILED.
Reason:
com.kms.katalon.core.exception.StepFailedException: Unable to click on object (Root cause: java.lang.IllegalArgumentException: Object is null)
	at com.kms.katalon.core.keyword.internal.KeywordMain.stepFailed(KeywordMain.groovy:36)
	at com.kms.katalon.core.webui.keyword.internal.WebUIKeywordMain.stepFailed(WebUIKeywordMain.groovy:65)
	at com.kms.katalon.core.webui.keyword.internal.WebUIKeywordMain.runKeyword(WebUIKeywordMain.groovy:27)
	at com.kms.katalon.core.webui.keyword.builtin.ClickKeyword.click(ClickKeyword.groovy:86)
	at com.kms.katalon.core.webui.keyword.builtin.ClickKeyword.execute(ClickKeyword.groovy:67)
	at com.kms.katalon.core.keyword.internal.KeywordExecutor.executeKeywordForPlatform(KeywordExecutor.groovy:53)
	at com.kms.katalon.core.webui.keyword.WebUiBuiltInKeywords.click(WebUiBuiltInKeywords.groovy:616)
	at com.kms.katalon.core.webui.keyword.WebUiBuiltInKeywords$click$3.call(Unknown Source)
	at AG- Under Age.run(AG- Under Age:50)
	at com.kms.katalon.core.main.ScriptEngine.run(ScriptEngine.java:194)
	at com.kms.katalon.core.main.ScriptEngine.runScriptAsRawText(ScriptEngine.java:119)
	at com.kms.katalon.core.main.TestCaseExecutor.runScript(TestCaseExecutor.java:328)
	at com.kms.katalon.core.main.TestCaseExecutor.doExecute(TestCaseExecutor.java:319)
	at com.kms.katalon.core.main.TestCaseExecutor.processExecutionPhase(TestCaseExecutor.java:298)
	at com.kms.katalon.core.main.TestCaseExecutor.accessMainPhase(TestCaseExecutor.java:290)
	at com.kms.katalon.core.main.TestCaseExecutor.execute(TestCaseExecutor.java:224)
	at com.kms.katalon.core.main.TestSuiteExecutor.accessTestCaseMainPhase(TestSuiteExecutor.java:129)
	at com.kms.katalon.core.main.TestSuiteExecutor.accessTestSuiteMainPhase(TestSuiteExecutor.java:112)
	at com.kms.katalon.core.main.TestSuiteExecutor.execute(TestSuiteExecutor.java:81)
	at com.kms.katalon.core.main.TestCaseMain.startTestSuite(TestCaseMain.java:149)
	at com.kms.katalon.core.main.TestCaseMain$startTestSuite$0.call(Unknown Source)
	at TempTestSuite1558208231009.run(TempTestSuite1558208231009.groovy:36)]]></system-err>
      </testcase>
      <testcase name="Test Cases/OCS - MOBILE/OCS-AGE GATE/AG - Date correction" classname="Test Cases/OCS - MOBILE/OCS-AGE GATE/AG - Date correction" status="PASSED">
         <system-out><![CDATA[2019-05-18 15:45:06 - [TEST_CASE][PASSED] - Test Cases/OCS - MOBILE/OCS-AGE GATE/AG - Date correction: Test Cases/OCS - MOBILE/OCS-AGE GATE/AG - Date correction

2019-05-18 15:45:06 - [TEST_STEP][PASSED] - openBrowser(""): Browser is opened with url: ''

2019-05-18 15:45:06 - [MESSAGE][WARNING] - A browser is already opened. Closing browser and opening a new one

2019-05-18 15:45:06 - [MESSAGE][INFO] - Starting 'Chrome' driver

2019-05-18 15:45:07 - [MESSAGE][PASSED] - Browser is opened with url: ''

2019-05-18 15:45:07 - [TEST_STEP][PASSED] - navigateToUrl("https://ocs.ca/?fts=0&preview_theme_id=53373863756"): Navigate to 'https://ocs.ca/?fts=0&preview_theme_id=53373863756' successfully

2019-05-18 15:45:10 - [MESSAGE][PASSED] - Navigate to 'https://ocs.ca/?fts=0&preview_theme_id=53373863756' successfully

2019-05-18 15:45:10 - [TEST_STEP][PASSED] - setViewPortSize(360, 800): Viewport is set to new size with width = 360 and height = 800

2019-05-18 15:45:10 - [MESSAGE][PASSED] - Viewport is set to new size with width = 360 and height = 800

2019-05-18 15:45:10 - [TEST_STEP][PASSED] - delay(4): Delayed 4 second(s)

2019-05-18 15:45:14 - [MESSAGE][PASSED] - Delayed 4 second(s)

2019-05-18 15:45:14 - [TEST_STEP][PASSED] - selectOptionByValue(findTestObject("OCS-MOBILE /Age gate and burger menu/Date"), "12", true): All options with value '12' are selected in object 'Object Repository/OCS-MOBILE /Age gate and burger menu/Date'  using regular expression

2019-05-18 15:45:15 - [MESSAGE][PASSED] - All options with value '12' are selected in object 'Object Repository/OCS-MOBILE /Age gate and burger menu/Date'  using regular expression

2019-05-18 15:45:15 - [TEST_STEP][PASSED] - selectOptionByValue(findTestObject("OCS-MOBILE /Age gate and burger menu/month"), "6", true): All options with value '6' are selected in object 'Object Repository/OCS-MOBILE /Age gate and burger menu/month'  using regular expression

2019-05-18 15:45:15 - [MESSAGE][PASSED] - All options with value '6' are selected in object 'Object Repository/OCS-MOBILE /Age gate and burger menu/month'  using regular expression

2019-05-18 15:45:15 - [TEST_STEP][PASSED] - delay(2): Delayed 2 second(s)

2019-05-18 15:45:17 - [MESSAGE][PASSED] - Delayed 2 second(s)

2019-05-18 15:45:17 - [TEST_STEP][PASSED] - selectOptionByValue(findTestObject("OCS-MOBILE /Age gate and burger menu/Year Dropdown"), "2000", true): All options with value '2000' are selected in object 'Object Repository/OCS-MOBILE /Age gate and burger menu/Year Dropdown'  using regular expression

2019-05-18 15:45:18 - [MESSAGE][PASSED] - All options with value '2000' are selected in object 'Object Repository/OCS-MOBILE /Age gate and burger menu/Year Dropdown'  using regular expression

2019-05-18 15:45:18 - [TEST_STEP][PASSED] - click(findTestObject("OCS-MOBILE /Age gate and burger menu/button_Verify")): Object: 'Object Repository/OCS-MOBILE /Age gate and burger menu/button_Verify' is clicked on

2019-05-18 15:45:18 - [MESSAGE][PASSED] - Object: 'Object Repository/OCS-MOBILE /Age gate and burger menu/button_Verify' is clicked on

2019-05-18 15:45:18 - [TEST_STEP][PASSED] - delay(3): Delayed 3 second(s)

2019-05-18 15:45:21 - [MESSAGE][PASSED] - Delayed 3 second(s)

2019-05-18 15:45:21 - [TEST_STEP][PASSED] - click(findTestObject("OCS_OR/Page_Ontario Cannabis Store  Ontari/a_Correct Your Date of Birth")): Object: 'Object Repository/OCS_OR/Page_Ontario Cannabis Store  Ontari/a_Correct Your Date of Birth' is clicked on

2019-05-18 15:45:21 - [MESSAGE][PASSED] - Object: 'Object Repository/OCS_OR/Page_Ontario Cannabis Store  Ontari/a_Correct Your Date of Birth' is clicked on

2019-05-18 15:45:21 - [TEST_STEP][PASSED] - selectOptionByValue(findTestObject("OCS-MOBILE /Age gate and burger menu/Date"), "1", true): All options with value '1' are selected in object 'Object Repository/OCS-MOBILE /Age gate and burger menu/Date'  using regular expression

2019-05-18 15:45:21 - [MESSAGE][PASSED] - All options with value '1' are selected in object 'Object Repository/OCS-MOBILE /Age gate and burger menu/Date'  using regular expression

2019-05-18 15:45:21 - [TEST_STEP][PASSED] - selectOptionByValue(findTestObject("OCS-MOBILE /Age gate and burger menu/month"), "5", true): All options with value '5' are selected in object 'Object Repository/OCS-MOBILE /Age gate and burger menu/month'  using regular expression

2019-05-18 15:45:22 - [MESSAGE][PASSED] - All options with value '5' are selected in object 'Object Repository/OCS-MOBILE /Age gate and burger menu/month'  using regular expression

2019-05-18 15:45:22 - [TEST_STEP][PASSED] - selectOptionByValue(findTestObject("OCS-MOBILE /Age gate and burger menu/Year Dropdown"), "1980", true): All options with value '1980' are selected in object 'Object Repository/OCS-MOBILE /Age gate and burger menu/Year Dropdown'  using regular expression

2019-05-18 15:45:23 - [MESSAGE][PASSED] - All options with value '1980' are selected in object 'Object Repository/OCS-MOBILE /Age gate and burger menu/Year Dropdown'  using regular expression

2019-05-18 15:45:23 - [TEST_STEP][PASSED] - click(findTestObject("OCS-MOBILE /Age gate and burger menu/button_Verify")): Object: 'Object Repository/OCS-MOBILE /Age gate and burger menu/button_Verify' is clicked on

2019-05-18 15:45:23 - [MESSAGE][PASSED] - Object: 'Object Repository/OCS-MOBILE /Age gate and burger menu/button_Verify' is clicked on

2019-05-18 15:45:23 - [TEST_STEP][PASSED] - closeBrowser(): Browser is closed

2019-05-18 15:45:23 - [MESSAGE][PASSED] - Browser is closed]]></system-out>
         <system-err><![CDATA[]]></system-err>
      </testcase>
      <testcase name="Test Cases/OCS - MOBILE/OCS-AGE GATE/AG- Under Age" classname="Test Cases/OCS - MOBILE/OCS-AGE GATE/AG- Under Age" status="FAILED">
         <failure type="FAILED" message="Test Cases/OCS - MOBILE/OCS-AGE GATE/AG- Under Age FAILED.
Reason:
com.kms.katalon.core.exception.StepFailedException: Unable to click on object (Root cause: java.lang.IllegalArgumentException: Object is null)
	at com.kms.katalon.core.keyword.internal.KeywordMain.stepFailed(KeywordMain.groovy:36)
	at com.kms.katalon.core.webui.keyword.internal.WebUIKeywordMain.stepFailed(WebUIKeywordMain.groovy:65)
	at com.kms.katalon.core.webui.keyword.internal.WebUIKeywordMain.runKeyword(WebUIKeywordMain.groovy:27)
	at com.kms.katalon.core.webui.keyword.builtin.ClickKeyword.click(ClickKeyword.groovy:86)
	at com.kms.katalon.core.webui.keyword.builtin.ClickKeyword.execute(ClickKeyword.groovy:67)
	at com.kms.katalon.core.keyword.internal.KeywordExecutor.executeKeywordForPlatform(KeywordExecutor.groovy:53)
	at com.kms.katalon.core.webui.keyword.WebUiBuiltInKeywords.click(WebUiBuiltInKeywords.groovy:616)
	at com.kms.katalon.core.webui.keyword.WebUiBuiltInKeywords$click$3.call(Unknown Source)
	at AG- Under Age.run(AG- Under Age:50)
	at com.kms.katalon.core.main.ScriptEngine.run(ScriptEngine.java:194)
	at com.kms.katalon.core.main.ScriptEngine.runScriptAsRawText(ScriptEngine.java:119)
	at com.kms.katalon.core.main.TestCaseExecutor.runScript(TestCaseExecutor.java:328)
	at com.kms.katalon.core.main.TestCaseExecutor.doExecute(TestCaseExecutor.java:319)
	at com.kms.katalon.core.main.TestCaseExecutor.processExecutionPhase(TestCaseExecutor.java:298)
	at com.kms.katalon.core.main.TestCaseExecutor.accessMainPhase(TestCaseExecutor.java:290)
	at com.kms.katalon.core.main.TestCaseExecutor.execute(TestCaseExecutor.java:224)
	at com.kms.katalon.core.main.TestSuiteExecutor.accessTestCaseMainPhase(TestSuiteExecutor.java:129)
	at com.kms.katalon.core.main.TestSuiteExecutor.accessTestSuiteMainPhase(TestSuiteExecutor.java:112)
	at com.kms.katalon.core.main.TestSuiteExecutor.execute(TestSuiteExecutor.java:81)
	at com.kms.katalon.core.main.TestCaseMain.startTestSuite(TestCaseMain.java:149)
	at com.kms.katalon.core.main.TestCaseMain$startTestSuite$0.call(Unknown Source)
	at TempTestSuite1558208231009.run(TempTestSuite1558208231009.groovy:36)
"/>
         <system-out><![CDATA[2019-05-18 15:45:23 - [TEST_CASE][FAILED] - Test Cases/OCS - MOBILE/OCS-AGE GATE/AG- Under Age: Test Cases/OCS - MOBILE/OCS-AGE GATE/AG- Under Age FAILED.
Reason:
com.kms.katalon.core.exception.StepFailedException: Unable to click on object (Root cause: java.lang.IllegalArgumentException: Object is null)
	at com.kms.katalon.core.keyword.internal.KeywordMain.stepFailed(KeywordMain.groovy:36)
	at com.kms.katalon.core.webui.keyword.internal.WebUIKeywordMain.stepFailed(WebUIKeywordMain.groovy:65)
	at com.kms.katalon.core.webui.keyword.internal.WebUIKeywordMain.runKeyword(WebUIKeywordMain.groovy:27)
	at com.kms.katalon.core.webui.keyword.builtin.ClickKeyword.click(ClickKeyword.groovy:86)
	at com.kms.katalon.core.webui.keyword.builtin.ClickKeyword.execute(ClickKeyword.groovy:67)
	at com.kms.katalon.core.keyword.internal.KeywordExecutor.executeKeywordForPlatform(KeywordExecutor.groovy:53)
	at com.kms.katalon.core.webui.keyword.WebUiBuiltInKeywords.click(WebUiBuiltInKeywords.groovy:616)
	at com.kms.katalon.core.webui.keyword.WebUiBuiltInKeywords$click$3.call(Unknown Source)
	at AG- Under Age.run(AG- Under Age:50)
	at com.kms.katalon.core.main.ScriptEngine.run(ScriptEngine.java:194)
	at com.kms.katalon.core.main.ScriptEngine.runScriptAsRawText(ScriptEngine.java:119)
	at com.kms.katalon.core.main.TestCaseExecutor.runScript(TestCaseExecutor.java:328)
	at com.kms.katalon.core.main.TestCaseExecutor.doExecute(TestCaseExecutor.java:319)
	at com.kms.katalon.core.main.TestCaseExecutor.processExecutionPhase(TestCaseExecutor.java:298)
	at com.kms.katalon.core.main.TestCaseExecutor.accessMainPhase(TestCaseExecutor.java:290)
	at com.kms.katalon.core.main.TestCaseExecutor.execute(TestCaseExecutor.java:224)
	at com.kms.katalon.core.main.TestSuiteExecutor.accessTestCaseMainPhase(TestSuiteExecutor.java:129)
	at com.kms.katalon.core.main.TestSuiteExecutor.accessTestSuiteMainPhase(TestSuiteExecutor.java:112)
	at com.kms.katalon.core.main.TestSuiteExecutor.execute(TestSuiteExecutor.java:81)
	at com.kms.katalon.core.main.TestCaseMain.startTestSuite(TestCaseMain.java:149)
	at com.kms.katalon.core.main.TestCaseMain$startTestSuite$0.call(Unknown Source)
	at TempTestSuite1558208231009.run(TempTestSuite1558208231009.groovy:36)


2019-05-18 15:45:23 - [TEST_STEP][PASSED] - openBrowser(""): Browser is opened with url: ''

2019-05-18 15:45:23 - [MESSAGE][INFO] - Starting 'Chrome' driver

2019-05-18 15:45:24 - [MESSAGE][PASSED] - Browser is opened with url: ''

2019-05-18 15:45:24 - [TEST_STEP][PASSED] - navigateToUrl("https://ocs.ca/?fts=0&preview_theme_id=53373863756"): Navigate to 'https://ocs.ca/?fts=0&preview_theme_id=53373863756' successfully

2019-05-18 15:45:27 - [MESSAGE][PASSED] - Navigate to 'https://ocs.ca/?fts=0&preview_theme_id=53373863756' successfully

2019-05-18 15:45:27 - [TEST_STEP][PASSED] - setViewPortSize(360, 800): Viewport is set to new size with width = 360 and height = 800

2019-05-18 15:45:27 - [MESSAGE][PASSED] - Viewport is set to new size with width = 360 and height = 800

2019-05-18 15:45:27 - [TEST_STEP][PASSED] - delay(4): Delayed 4 second(s)

2019-05-18 15:45:31 - [MESSAGE][PASSED] - Delayed 4 second(s)

2019-05-18 15:45:31 - [TEST_STEP][PASSED] - selectOptionByValue(findTestObject("OCS-MOBILE /Age gate and burger menu/Date"), "12", true): All options with value '12' are selected in object 'Object Repository/OCS-MOBILE /Age gate and burger menu/Date'  using regular expression

2019-05-18 15:45:31 - [MESSAGE][PASSED] - All options with value '12' are selected in object 'Object Repository/OCS-MOBILE /Age gate and burger menu/Date'  using regular expression

2019-05-18 15:45:31 - [TEST_STEP][PASSED] - selectOptionByValue(findTestObject("OCS-MOBILE /Age gate and burger menu/month"), "6", true): All options with value '6' are selected in object 'Object Repository/OCS-MOBILE /Age gate and burger menu/month'  using regular expression

2019-05-18 15:45:32 - [MESSAGE][PASSED] - All options with value '6' are selected in object 'Object Repository/OCS-MOBILE /Age gate and burger menu/month'  using regular expression

2019-05-18 15:45:32 - [TEST_STEP][PASSED] - delay(2): Delayed 2 second(s)

2019-05-18 15:45:34 - [MESSAGE][PASSED] - Delayed 2 second(s)

2019-05-18 15:45:34 - [TEST_STEP][PASSED] - selectOptionByValue(findTestObject("OCS-MOBILE /Age gate and burger menu/Year Dropdown"), "2017", true): All options with value '2017' are selected in object 'Object Repository/OCS-MOBILE /Age gate and burger menu/Year Dropdown'  using regular expression

2019-05-18 15:45:35 - [MESSAGE][PASSED] - All options with value '2017' are selected in object 'Object Repository/OCS-MOBILE /Age gate and burger menu/Year Dropdown'  using regular expression

2019-05-18 15:45:35 - [TEST_STEP][PASSED] - click(findTestObject("OCS-MOBILE /Age gate and burger menu/button_Verify")): Object: 'Object Repository/OCS-MOBILE /Age gate and burger menu/button_Verify' is clicked on

2019-05-18 15:45:35 - [MESSAGE][PASSED] - Object: 'Object Repository/OCS-MOBILE /Age gate and burger menu/button_Verify' is clicked on

2019-05-18 15:45:35 - [TEST_STEP][PASSED] - delay(3): Delayed 3 second(s)

2019-05-18 15:45:38 - [MESSAGE][PASSED] - Delayed 3 second(s)

2019-05-18 15:45:38 - [TEST_STEP][PASSED] - click(findTestObject("OCS-MOBILE /Age gate and burger menu/Checkbox_CONFIRM AND ACKNOWLEDGE")): Object: 'Object Repository/OCS-MOBILE /Age gate and burger menu/Checkbox_CONFIRM AND ACKNOWLEDGE' is clicked on

2019-05-18 15:45:38 - [MESSAGE][PASSED] - Object: 'Object Repository/OCS-MOBILE /Age gate and burger menu/Checkbox_CONFIRM AND ACKNOWLEDGE' is clicked on

2019-05-18 15:45:38 - [TEST_STEP][PASSED] - click(findTestObject("OCS-MOBILE /Age gate and burger menu/button_CONFIRM")): Object: 'Object Repository/OCS-MOBILE /Age gate and burger menu/button_CONFIRM' is clicked on

2019-05-18 15:45:38 - [MESSAGE][PASSED] - Object: 'Object Repository/OCS-MOBILE /Age gate and burger menu/button_CONFIRM' is clicked on

2019-05-18 15:45:38 - [TEST_STEP][PASSED] - delay(3): Delayed 3 second(s)

2019-05-18 15:45:41 - [MESSAGE][PASSED] - Delayed 3 second(s)

2019-05-18 15:45:41 - [TEST_STEP][PASSED] - click(findTestObject("OCS-MOBILE /Age gate and burger menu/Oops Im actually 19 or older - Link")): Object: 'Object Repository/OCS-MOBILE /Age gate and burger menu/Oops Im actually 19 or older - Link' is clicked on

2019-05-18 15:45:41 - [MESSAGE][PASSED] - Object: 'Object Repository/OCS-MOBILE /Age gate and burger menu/Oops Im actually 19 or older - Link' is clicked on

2019-05-18 15:45:41 - [TEST_STEP][PASSED] - selectOptionByValue(findTestObject("OCS-MOBILE /Age gate and burger menu/Date"), "5", true): All options with value '5' are selected in object 'Object Repository/OCS-MOBILE /Age gate and burger menu/Date'  using regular expression

2019-05-18 15:45:41 - [MESSAGE][PASSED] - All options with value '5' are selected in object 'Object Repository/OCS-MOBILE /Age gate and burger menu/Date'  using regular expression

2019-05-18 15:45:41 - [TEST_STEP][PASSED] - selectOptionByValue(findTestObject("OCS-MOBILE /Age gate and burger menu/month"), "6", true): All options with value '6' are selected in object 'Object Repository/OCS-MOBILE /Age gate and burger menu/month'  using regular expression

2019-05-18 15:45:41 - [MESSAGE][PASSED] - All options with value '6' are selected in object 'Object Repository/OCS-MOBILE /Age gate and burger menu/month'  using regular expression

2019-05-18 15:45:41 - [TEST_STEP][PASSED] - selectOptionByValue(findTestObject("OCS-MOBILE /Age gate and burger menu/Year Dropdown"), "1970", true): All options with value '1970' are selected in object 'Object Repository/OCS-MOBILE /Age gate and burger menu/Year Dropdown'  using regular expression

2019-05-18 15:45:43 - [MESSAGE][PASSED] - All options with value '1970' are selected in object 'Object Repository/OCS-MOBILE /Age gate and burger menu/Year Dropdown'  using regular expression

2019-05-18 15:45:43 - [TEST_STEP][FAILED] - click(findTestObject("OCS-MOBILE/Age gate and burger menu/button_Verify")): click(findTestObject("OCS-MOBILE/Age gate and burger menu/button_Verify")) FAILED.
Reason:
com.kms.katalon.core.exception.StepFailedException: Unable to click on object (Root cause: java.lang.IllegalArgumentException: Object is null)
	at com.kms.katalon.core.keyword.internal.KeywordMain.stepFailed(KeywordMain.groovy:36)
	at com.kms.katalon.core.webui.keyword.internal.WebUIKeywordMain.stepFailed(WebUIKeywordMain.groovy:65)
	at com.kms.katalon.core.webui.keyword.internal.WebUIKeywordMain.runKeyword(WebUIKeywordMain.groovy:27)
	at com.kms.katalon.core.webui.keyword.builtin.ClickKeyword.click(ClickKeyword.groovy:86)
	at com.kms.katalon.core.webui.keyword.builtin.ClickKeyword.execute(ClickKeyword.groovy:67)
	at com.kms.katalon.core.keyword.internal.KeywordExecutor.executeKeywordForPlatform(KeywordExecutor.groovy:53)
	at com.kms.katalon.core.webui.keyword.WebUiBuiltInKeywords.click(WebUiBuiltInKeywords.groovy:616)
	at com.kms.katalon.core.webui.keyword.WebUiBuiltInKeywords$click$3.call(Unknown Source)
	at AG- Under Age.run(AG- Under Age:50)
	at com.kms.katalon.core.main.ScriptEngine.run(ScriptEngine.java:194)
	at com.kms.katalon.core.main.ScriptEngine.runScriptAsRawText(ScriptEngine.java:119)
	at com.kms.katalon.core.main.TestCaseExecutor.runScript(TestCaseExecutor.java:328)
	at com.kms.katalon.core.main.TestCaseExecutor.doExecute(TestCaseExecutor.java:319)
	at com.kms.katalon.core.main.TestCaseExecutor.processExecutionPhase(TestCaseExecutor.java:298)
	at com.kms.katalon.core.main.TestCaseExecutor.accessMainPhase(TestCaseExecutor.java:290)
	at com.kms.katalon.core.main.TestCaseExecutor.execute(TestCaseExecutor.java:224)
	at com.kms.katalon.core.main.TestSuiteExecutor.accessTestCaseMainPhase(TestSuiteExecutor.java:129)
	at com.kms.katalon.core.main.TestSuiteExecutor.accessTestSuiteMainPhase(TestSuiteExecutor.java:112)
	at com.kms.katalon.core.main.TestSuiteExecutor.execute(TestSuiteExecutor.java:81)
	at com.kms.katalon.core.main.TestCaseMain.startTestSuite(TestCaseMain.java:149)
	at com.kms.katalon.core.main.TestCaseMain$startTestSuite$0.call(Unknown Source)
	at TempTestSuite1558208231009.run(TempTestSuite1558208231009.groovy:36)


2019-05-18 15:45:43 - [MESSAGE][WARNING] - Test object with id 'Object Repository/OCS-MOBILE/Age gate and burger menu/button_Verify' does not exist

2019-05-18 15:45:43 - [MESSAGE][WARNING] - Test object with id 'Object Repository/' does not exist

2019-05-18 15:45:43 - [MESSAGE][FAILED] - Unable to click on object (Root cause: java.lang.IllegalArgumentException: Object is null)
[[ATTACHMENT|/Users/sumankompelly/git/Ontario-cannbis-store/Reports/OCS- MOBILE/AGE GATE/20190518_153710/1558208743045.png]]

2019-05-18 15:45:43 - [MESSAGE][FAILED] - click(findTestObject("OCS-MOBILE/Age gate and burger menu/button_Verify")) FAILED.
Reason:
com.kms.katalon.core.exception.StepFailedException: Unable to click on object (Root cause: java.lang.IllegalArgumentException: Object is null)
	at com.kms.katalon.core.keyword.internal.KeywordMain.stepFailed(KeywordMain.groovy:36)
	at com.kms.katalon.core.webui.keyword.internal.WebUIKeywordMain.stepFailed(WebUIKeywordMain.groovy:65)
	at com.kms.katalon.core.webui.keyword.internal.WebUIKeywordMain.runKeyword(WebUIKeywordMain.groovy:27)
	at com.kms.katalon.core.webui.keyword.builtin.ClickKeyword.click(ClickKeyword.groovy:86)
	at com.kms.katalon.core.webui.keyword.builtin.ClickKeyword.execute(ClickKeyword.groovy:67)
	at com.kms.katalon.core.keyword.internal.KeywordExecutor.executeKeywordForPlatform(KeywordExecutor.groovy:53)
	at com.kms.katalon.core.webui.keyword.WebUiBuiltInKeywords.click(WebUiBuiltInKeywords.groovy:616)
	at com.kms.katalon.core.webui.keyword.WebUiBuiltInKeywords$click$3.call(Unknown Source)
	at AG- Under Age.run(AG- Under Age:50)
	at com.kms.katalon.core.main.ScriptEngine.run(ScriptEngine.java:194)
	at com.kms.katalon.core.main.ScriptEngine.runScriptAsRawText(ScriptEngine.java:119)
	at com.kms.katalon.core.main.TestCaseExecutor.runScript(TestCaseExecutor.java:328)
	at com.kms.katalon.core.main.TestCaseExecutor.doExecute(TestCaseExecutor.java:319)
	at com.kms.katalon.core.main.TestCaseExecutor.processExecutionPhase(TestCaseExecutor.java:298)
	at com.kms.katalon.core.main.TestCaseExecutor.accessMainPhase(TestCaseExecutor.java:290)
	at com.kms.katalon.core.main.TestCaseExecutor.execute(TestCaseExecutor.java:224)
	at com.kms.katalon.core.main.TestSuiteExecutor.accessTestCaseMainPhase(TestSuiteExecutor.java:129)
	at com.kms.katalon.core.main.TestSuiteExecutor.accessTestSuiteMainPhase(TestSuiteExecutor.java:112)
	at com.kms.katalon.core.main.TestSuiteExecutor.execute(TestSuiteExecutor.java:81)
	at com.kms.katalon.core.main.TestCaseMain.startTestSuite(TestCaseMain.java:149)
	at com.kms.katalon.core.main.TestCaseMain$startTestSuite$0.call(Unknown Source)
	at TempTestSuite1558208231009.run(TempTestSuite1558208231009.groovy:36)]]></system-out>
         <system-err><![CDATA[2019-05-18 15:45:23 - [TEST_CASE][FAILED] - Test Cases/OCS - MOBILE/OCS-AGE GATE/AG- Under Age: Test Cases/OCS - MOBILE/OCS-AGE GATE/AG- Under Age FAILED.
Reason:
com.kms.katalon.core.exception.StepFailedException: Unable to click on object (Root cause: java.lang.IllegalArgumentException: Object is null)
	at com.kms.katalon.core.keyword.internal.KeywordMain.stepFailed(KeywordMain.groovy:36)
	at com.kms.katalon.core.webui.keyword.internal.WebUIKeywordMain.stepFailed(WebUIKeywordMain.groovy:65)
	at com.kms.katalon.core.webui.keyword.internal.WebUIKeywordMain.runKeyword(WebUIKeywordMain.groovy:27)
	at com.kms.katalon.core.webui.keyword.builtin.ClickKeyword.click(ClickKeyword.groovy:86)
	at com.kms.katalon.core.webui.keyword.builtin.ClickKeyword.execute(ClickKeyword.groovy:67)
	at com.kms.katalon.core.keyword.internal.KeywordExecutor.executeKeywordForPlatform(KeywordExecutor.groovy:53)
	at com.kms.katalon.core.webui.keyword.WebUiBuiltInKeywords.click(WebUiBuiltInKeywords.groovy:616)
	at com.kms.katalon.core.webui.keyword.WebUiBuiltInKeywords$click$3.call(Unknown Source)
	at AG- Under Age.run(AG- Under Age:50)
	at com.kms.katalon.core.main.ScriptEngine.run(ScriptEngine.java:194)
	at com.kms.katalon.core.main.ScriptEngine.runScriptAsRawText(ScriptEngine.java:119)
	at com.kms.katalon.core.main.TestCaseExecutor.runScript(TestCaseExecutor.java:328)
	at com.kms.katalon.core.main.TestCaseExecutor.doExecute(TestCaseExecutor.java:319)
	at com.kms.katalon.core.main.TestCaseExecutor.processExecutionPhase(TestCaseExecutor.java:298)
	at com.kms.katalon.core.main.TestCaseExecutor.accessMainPhase(TestCaseExecutor.java:290)
	at com.kms.katalon.core.main.TestCaseExecutor.execute(TestCaseExecutor.java:224)
	at com.kms.katalon.core.main.TestSuiteExecutor.accessTestCaseMainPhase(TestSuiteExecutor.java:129)
	at com.kms.katalon.core.main.TestSuiteExecutor.accessTestSuiteMainPhase(TestSuiteExecutor.java:112)
	at com.kms.katalon.core.main.TestSuiteExecutor.execute(TestSuiteExecutor.java:81)
	at com.kms.katalon.core.main.TestCaseMain.startTestSuite(TestCaseMain.java:149)
	at com.kms.katalon.core.main.TestCaseMain$startTestSuite$0.call(Unknown Source)
	at TempTestSuite1558208231009.run(TempTestSuite1558208231009.groovy:36)]]></system-err>
      </testcase>
      <testcase name="Test Cases/OCS - MOBILE/OCS-AGE GATE/AG - Date correction" classname="Test Cases/OCS - MOBILE/OCS-AGE GATE/AG - Date correction" status="PASSED">
         <system-out><![CDATA[2019-05-18 15:45:43 - [TEST_CASE][PASSED] - Test Cases/OCS - MOBILE/OCS-AGE GATE/AG - Date correction: Test Cases/OCS - MOBILE/OCS-AGE GATE/AG - Date correction

2019-05-18 15:45:43 - [TEST_STEP][PASSED] - openBrowser(""): Browser is opened with url: ''

2019-05-18 15:45:43 - [MESSAGE][WARNING] - A browser is already opened. Closing browser and opening a new one

2019-05-18 15:45:43 - [MESSAGE][INFO] - Starting 'Chrome' driver

2019-05-18 15:45:44 - [MESSAGE][PASSED] - Browser is opened with url: ''

2019-05-18 15:45:44 - [TEST_STEP][PASSED] - navigateToUrl("https://ocs.ca/?fts=0&preview_theme_id=53373863756"): Navigate to 'https://ocs.ca/?fts=0&preview_theme_id=53373863756' successfully

2019-05-18 15:45:47 - [MESSAGE][PASSED] - Navigate to 'https://ocs.ca/?fts=0&preview_theme_id=53373863756' successfully

2019-05-18 15:45:47 - [TEST_STEP][PASSED] - setViewPortSize(360, 800): Viewport is set to new size with width = 360 and height = 800

2019-05-18 15:45:47 - [MESSAGE][PASSED] - Viewport is set to new size with width = 360 and height = 800

2019-05-18 15:45:47 - [TEST_STEP][PASSED] - delay(4): Delayed 4 second(s)

2019-05-18 15:45:51 - [MESSAGE][PASSED] - Delayed 4 second(s)

2019-05-18 15:45:51 - [TEST_STEP][PASSED] - selectOptionByValue(findTestObject("OCS-MOBILE /Age gate and burger menu/Date"), "12", true): All options with value '12' are selected in object 'Object Repository/OCS-MOBILE /Age gate and burger menu/Date'  using regular expression

2019-05-18 15:45:52 - [MESSAGE][PASSED] - All options with value '12' are selected in object 'Object Repository/OCS-MOBILE /Age gate and burger menu/Date'  using regular expression

2019-05-18 15:45:52 - [TEST_STEP][PASSED] - selectOptionByValue(findTestObject("OCS-MOBILE /Age gate and burger menu/month"), "6", true): All options with value '6' are selected in object 'Object Repository/OCS-MOBILE /Age gate and burger menu/month'  using regular expression

2019-05-18 15:45:52 - [MESSAGE][PASSED] - All options with value '6' are selected in object 'Object Repository/OCS-MOBILE /Age gate and burger menu/month'  using regular expression

2019-05-18 15:45:52 - [TEST_STEP][PASSED] - delay(2): Delayed 2 second(s)

2019-05-18 15:45:54 - [MESSAGE][PASSED] - Delayed 2 second(s)

2019-05-18 15:45:54 - [TEST_STEP][PASSED] - selectOptionByValue(findTestObject("OCS-MOBILE /Age gate and burger menu/Year Dropdown"), "2000", true): All options with value '2000' are selected in object 'Object Repository/OCS-MOBILE /Age gate and burger menu/Year Dropdown'  using regular expression

2019-05-18 15:45:55 - [MESSAGE][PASSED] - All options with value '2000' are selected in object 'Object Repository/OCS-MOBILE /Age gate and burger menu/Year Dropdown'  using regular expression

2019-05-18 15:45:55 - [TEST_STEP][PASSED] - click(findTestObject("OCS-MOBILE /Age gate and burger menu/button_Verify")): Object: 'Object Repository/OCS-MOBILE /Age gate and burger menu/button_Verify' is clicked on

2019-05-18 15:45:55 - [MESSAGE][PASSED] - Object: 'Object Repository/OCS-MOBILE /Age gate and burger menu/button_Verify' is clicked on

2019-05-18 15:45:55 - [TEST_STEP][PASSED] - delay(3): Delayed 3 second(s)

2019-05-18 15:45:58 - [MESSAGE][PASSED] - Delayed 3 second(s)

2019-05-18 15:45:58 - [TEST_STEP][PASSED] - click(findTestObject("OCS_OR/Page_Ontario Cannabis Store  Ontari/a_Correct Your Date of Birth")): Object: 'Object Repository/OCS_OR/Page_Ontario Cannabis Store  Ontari/a_Correct Your Date of Birth' is clicked on

2019-05-18 15:45:58 - [MESSAGE][PASSED] - Object: 'Object Repository/OCS_OR/Page_Ontario Cannabis Store  Ontari/a_Correct Your Date of Birth' is clicked on

2019-05-18 15:45:58 - [TEST_STEP][PASSED] - selectOptionByValue(findTestObject("OCS-MOBILE /Age gate and burger menu/Date"), "1", true): All options with value '1' are selected in object 'Object Repository/OCS-MOBILE /Age gate and burger menu/Date'  using regular expression

2019-05-18 15:45:58 - [MESSAGE][PASSED] - All options with value '1' are selected in object 'Object Repository/OCS-MOBILE /Age gate and burger menu/Date'  using regular expression

2019-05-18 15:45:58 - [TEST_STEP][PASSED] - selectOptionByValue(findTestObject("OCS-MOBILE /Age gate and burger menu/month"), "5", true): All options with value '5' are selected in object 'Object Repository/OCS-MOBILE /Age gate and burger menu/month'  using regular expression

2019-05-18 15:45:59 - [MESSAGE][PASSED] - All options with value '5' are selected in object 'Object Repository/OCS-MOBILE /Age gate and burger menu/month'  using regular expression

2019-05-18 15:45:59 - [TEST_STEP][PASSED] - selectOptionByValue(findTestObject("OCS-MOBILE /Age gate and burger menu/Year Dropdown"), "1980", true): All options with value '1980' are selected in object 'Object Repository/OCS-MOBILE /Age gate and burger menu/Year Dropdown'  using regular expression

2019-05-18 15:46:00 - [MESSAGE][PASSED] - All options with value '1980' are selected in object 'Object Repository/OCS-MOBILE /Age gate and burger menu/Year Dropdown'  using regular expression

2019-05-18 15:46:00 - [TEST_STEP][PASSED] - click(findTestObject("OCS-MOBILE /Age gate and burger menu/button_Verify")): Object: 'Object Repository/OCS-MOBILE /Age gate and burger menu/button_Verify' is clicked on

2019-05-18 15:46:00 - [MESSAGE][PASSED] - Object: 'Object Repository/OCS-MOBILE /Age gate and burger menu/button_Verify' is clicked on

2019-05-18 15:46:00 - [TEST_STEP][PASSED] - closeBrowser(): Browser is closed

2019-05-18 15:46:00 - [MESSAGE][PASSED] - Browser is closed]]></system-out>
         <system-err><![CDATA[]]></system-err>
      </testcase>
      <testcase name="Test Cases/OCS - MOBILE/OCS- HOME PAGE/Toggling language" classname="Test Cases/OCS - MOBILE/OCS- HOME PAGE/Toggling language" status="PASSED">
         <system-out><![CDATA[2019-05-18 15:46:00 - [TEST_CASE][PASSED] - Test Cases/OCS - MOBILE/OCS- HOME PAGE/Toggling language: Test Cases/OCS - MOBILE/OCS- HOME PAGE/Toggling language

2019-05-18 15:46:00 - [TEST_STEP][PASSED] - openBrowser(""): Browser is opened with url: ''

2019-05-18 15:46:00 - [MESSAGE][INFO] - Starting 'Chrome' driver

2019-05-18 15:46:01 - [MESSAGE][PASSED] - Browser is opened with url: ''

2019-05-18 15:46:01 - [TEST_STEP][PASSED] - navigateToUrl("https://ocs.ca/?fts=0&preview_theme_id=53373863756"): Navigate to 'https://ocs.ca/?fts=0&preview_theme_id=53373863756' successfully

2019-05-18 15:46:05 - [MESSAGE][PASSED] - Navigate to 'https://ocs.ca/?fts=0&preview_theme_id=53373863756' successfully

2019-05-18 15:46:05 - [TEST_STEP][PASSED] - setViewPortSize(360, 800): Viewport is set to new size with width = 360 and height = 800

2019-05-18 15:46:05 - [MESSAGE][PASSED] - Viewport is set to new size with width = 360 and height = 800

2019-05-18 15:46:05 - [TEST_STEP][PASSED] - delay(4): Delayed 4 second(s)

2019-05-18 15:46:09 - [MESSAGE][PASSED] - Delayed 4 second(s)

2019-05-18 15:46:09 - [TEST_STEP][PASSED] - selectOptionByValue(findTestObject("OCS-MOBILE /Age gate and burger menu/Date"), "12", true): All options with value '12' are selected in object 'Object Repository/OCS-MOBILE /Age gate and burger menu/Date'  using regular expression

2019-05-18 15:46:09 - [MESSAGE][PASSED] - All options with value '12' are selected in object 'Object Repository/OCS-MOBILE /Age gate and burger menu/Date'  using regular expression

2019-05-18 15:46:09 - [TEST_STEP][PASSED] - selectOptionByValue(findTestObject("OCS-MOBILE /Age gate and burger menu/month"), "6", true): All options with value '6' are selected in object 'Object Repository/OCS-MOBILE /Age gate and burger menu/month'  using regular expression

2019-05-18 15:46:10 - [MESSAGE][PASSED] - All options with value '6' are selected in object 'Object Repository/OCS-MOBILE /Age gate and burger menu/month'  using regular expression

2019-05-18 15:46:10 - [TEST_STEP][PASSED] - delay(2): Delayed 2 second(s)

2019-05-18 15:46:12 - [MESSAGE][PASSED] - Delayed 2 second(s)

2019-05-18 15:46:12 - [TEST_STEP][PASSED] - selectOptionByValue(findTestObject("OCS-MOBILE /Age gate and burger menu/Year Dropdown"), "1990", true): All options with value '1990' are selected in object 'Object Repository/OCS-MOBILE /Age gate and burger menu/Year Dropdown'  using regular expression

2019-05-18 15:46:13 - [MESSAGE][PASSED] - All options with value '1990' are selected in object 'Object Repository/OCS-MOBILE /Age gate and burger menu/Year Dropdown'  using regular expression

2019-05-18 15:46:13 - [TEST_STEP][PASSED] - click(findTestObject("OCS-MOBILE /Age gate and burger menu/button_Verify")): Object: 'Object Repository/OCS-MOBILE /Age gate and burger menu/button_Verify' is clicked on

2019-05-18 15:46:13 - [MESSAGE][PASSED] - Object: 'Object Repository/OCS-MOBILE /Age gate and burger menu/button_Verify' is clicked on

2019-05-18 15:46:13 - [TEST_STEP][PASSED] - click(findTestObject("OCS-MOBILE /Age gate and burger menu/Checkbox_CONFIRM AND ACKNOWLEDGE")): Object: 'Object Repository/OCS-MOBILE /Age gate and burger menu/Checkbox_CONFIRM AND ACKNOWLEDGE' is clicked on

2019-05-18 15:46:13 - [MESSAGE][PASSED] - Object: 'Object Repository/OCS-MOBILE /Age gate and burger menu/Checkbox_CONFIRM AND ACKNOWLEDGE' is clicked on

2019-05-18 15:46:13 - [TEST_STEP][PASSED] - click(findTestObject("OCS-MOBILE /Age gate and burger menu/button_CONFIRM")): Object: 'Object Repository/OCS-MOBILE /Age gate and burger menu/button_CONFIRM' is clicked on

2019-05-18 15:46:13 - [MESSAGE][PASSED] - Object: 'Object Repository/OCS-MOBILE /Age gate and burger menu/button_CONFIRM' is clicked on

2019-05-18 15:46:13 - [TEST_STEP][PASSED] - click(findTestObject("OCS-MOBILE /Age gate and burger menu/button_Start Browsing")): Object: 'Object Repository/OCS-MOBILE /Age gate and burger menu/button_Start Browsing' is clicked on

2019-05-18 15:46:13 - [MESSAGE][PASSED] - Object: 'Object Repository/OCS-MOBILE /Age gate and burger menu/button_Start Browsing' is clicked on

2019-05-18 15:46:13 - [TEST_STEP][PASSED] - delay(2): Delayed 2 second(s)

2019-05-18 15:46:15 - [MESSAGE][PASSED] - Delayed 2 second(s)

2019-05-18 15:46:15 - [TEST_STEP][PASSED] - click(findTestObject("OCS-MOBILE /Age gate and burger menu/Burger menu - English")): Object: 'Object Repository/OCS-MOBILE /Age gate and burger menu/Burger menu - English' is clicked on

2019-05-18 15:46:15 - [MESSAGE][PASSED] - Object: 'Object Repository/OCS-MOBILE /Age gate and burger menu/Burger menu - English' is clicked on

2019-05-18 15:46:15 - [TEST_STEP][PASSED] - delay(2): Delayed 2 second(s)

2019-05-18 15:46:17 - [MESSAGE][PASSED] - Delayed 2 second(s)

2019-05-18 15:46:17 - [TEST_STEP][PASSED] - setViewPortSize(1000, 800, OPTIONAL): Viewport is set to new size with width = 1000 and height = 800

2019-05-18 15:46:17 - [MESSAGE][PASSED] - Viewport is set to new size with width = 1000 and height = 800

2019-05-18 15:46:17 - [TEST_STEP][PASSED] - delay(2, OPTIONAL): Delayed 2 second(s)

2019-05-18 15:46:19 - [MESSAGE][PASSED] - Delayed 2 second(s)

2019-05-18 15:46:19 - [TEST_STEP][PASSED] - click(findTestObject("Theme_oR/Page_Ontario Cannabis Store  Ontari/button_Hide bar"), OPTIONAL): Object: 'Object Repository/Theme_oR/Page_Ontario Cannabis Store  Ontari/button_Hide bar' is clicked on

2019-05-18 15:46:19 - [MESSAGE][PASSED] - Object: 'Object Repository/Theme_oR/Page_Ontario Cannabis Store  Ontari/button_Hide bar' is clicked on

2019-05-18 15:46:19 - [TEST_STEP][PASSED] - delay(2, OPTIONAL): Delayed 2 second(s)

2019-05-18 15:46:21 - [MESSAGE][PASSED] - Delayed 2 second(s)

2019-05-18 15:46:21 - [TEST_STEP][PASSED] - setViewPortSize(360, 800, OPTIONAL): Viewport is set to new size with width = 360 and height = 800

2019-05-18 15:46:21 - [MESSAGE][PASSED] - Viewport is set to new size with width = 360 and height = 800

2019-05-18 15:46:21 - [TEST_STEP][PASSED] - delay(1, OPTIONAL): Delayed 1 second(s)

2019-05-18 15:46:22 - [MESSAGE][PASSED] - Delayed 1 second(s)

2019-05-18 15:46:22 - [TEST_STEP][PASSED] - click(findTestObject("OCS-MOBILE /Cart flyout/English dropdown")): Object: 'Object Repository/OCS-MOBILE /Cart flyout/English dropdown' is clicked on

2019-05-18 15:46:22 - [MESSAGE][PASSED] - Object: 'Object Repository/OCS-MOBILE /Cart flyout/English dropdown' is clicked on

2019-05-18 15:46:22 - [TEST_STEP][PASSED] - delay(2): Delayed 2 second(s)

2019-05-18 15:46:24 - [MESSAGE][PASSED] - Delayed 2 second(s)

2019-05-18 15:46:24 - [TEST_STEP][PASSED] - click(findTestObject("OCS-MOBILE /Cart flyout/Select French")): Object: 'Object Repository/OCS-MOBILE /Cart flyout/Select French' is clicked on

2019-05-18 15:46:25 - [MESSAGE][PASSED] - Object: 'Object Repository/OCS-MOBILE /Cart flyout/Select French' is clicked on

2019-05-18 15:46:25 - [TEST_STEP][PASSED] - delay(2): Delayed 2 second(s)

2019-05-18 15:46:27 - [MESSAGE][PASSED] - Delayed 2 second(s)

2019-05-18 15:46:27 - [TEST_STEP][PASSED] - flag = verifyTextPresent("Des fleurs pour maman", false, CONTINUE_ON_FAILURE): Text 'Des fleurs pour maman' is present on page 

2019-05-18 15:46:28 - [MESSAGE][PASSED] - Text 'Des fleurs pour maman' is present on page 

2019-05-18 15:46:28 - [TEST_STEP][PASSED] - comment("flag = " + flag): flag = true

2019-05-18 15:46:28 - [MESSAGE][INFO] - flag = true

2019-05-18 15:46:28 - [TEST_STEP][PASSED] - if (flag == true):  French text is found

2019-05-18 15:46:28 - [TEST_STEP][PASSED] - comment(" French text is found"):  French text is found

2019-05-18 15:46:28 - [MESSAGE][INFO] -  French text is found

2019-05-18 15:46:28 - [TEST_STEP][PASSED] - delay(2): Delayed 2 second(s)

2019-05-18 15:46:30 - [MESSAGE][PASSED] - Delayed 2 second(s)

2019-05-18 15:46:30 - [TEST_STEP][PASSED] - click(findTestObject("OCS-MOBILE /Age gate and burger menu/Burger menu - French")): Object: 'Object Repository/OCS-MOBILE /Age gate and burger menu/Burger menu - French' is clicked on

2019-05-18 15:46:30 - [MESSAGE][PASSED] - Object: 'Object Repository/OCS-MOBILE /Age gate and burger menu/Burger menu - French' is clicked on

2019-05-18 15:46:30 - [TEST_STEP][PASSED] - delay(2): Delayed 2 second(s)

2019-05-18 15:46:32 - [MESSAGE][PASSED] - Delayed 2 second(s)

2019-05-18 15:46:32 - [TEST_STEP][PASSED] - setViewPortSize(1000, 800, OPTIONAL): Viewport is set to new size with width = 1000 and height = 800

2019-05-18 15:46:32 - [MESSAGE][PASSED] - Viewport is set to new size with width = 1000 and height = 800

2019-05-18 15:46:32 - [TEST_STEP][PASSED] - delay(2, OPTIONAL): Delayed 2 second(s)

2019-05-18 15:46:34 - [MESSAGE][PASSED] - Delayed 2 second(s)

2019-05-18 15:46:34 - [TEST_STEP][PASSED] - click(findTestObject("Theme_oR/Page_Ontario Cannabis Store  Ontari/button_Hide bar"), OPTIONAL): Object: 'Object Repository/Theme_oR/Page_Ontario Cannabis Store  Ontari/button_Hide bar' is clicked on

2019-05-18 15:46:34 - [MESSAGE][PASSED] - Object: 'Object Repository/Theme_oR/Page_Ontario Cannabis Store  Ontari/button_Hide bar' is clicked on

2019-05-18 15:46:34 - [TEST_STEP][PASSED] - delay(2, OPTIONAL): Delayed 2 second(s)

2019-05-18 15:46:36 - [MESSAGE][PASSED] - Delayed 2 second(s)

2019-05-18 15:46:36 - [TEST_STEP][PASSED] - setViewPortSize(360, 800, OPTIONAL): Viewport is set to new size with width = 360 and height = 800

2019-05-18 15:46:36 - [MESSAGE][PASSED] - Viewport is set to new size with width = 360 and height = 800

2019-05-18 15:46:36 - [TEST_STEP][PASSED] - delay(1, OPTIONAL): Delayed 1 second(s)

2019-05-18 15:46:37 - [MESSAGE][PASSED] - Delayed 1 second(s)

2019-05-18 15:46:37 - [TEST_STEP][PASSED] - click(findTestObject("OCS-MOBILE /Cart flyout/French dropdown")): Object: 'Object Repository/OCS-MOBILE /Cart flyout/French dropdown' is clicked on

2019-05-18 15:46:37 - [MESSAGE][PASSED] - Object: 'Object Repository/OCS-MOBILE /Cart flyout/French dropdown' is clicked on

2019-05-18 15:46:37 - [TEST_STEP][PASSED] - delay(2): Delayed 2 second(s)

2019-05-18 15:46:39 - [MESSAGE][PASSED] - Delayed 2 second(s)

2019-05-18 15:46:39 - [TEST_STEP][PASSED] - click(findTestObject("OCS-MOBILE /Cart flyout/Select English")): Object: 'Object Repository/OCS-MOBILE /Cart flyout/Select English' is clicked on

2019-05-18 15:46:40 - [MESSAGE][PASSED] - Object: 'Object Repository/OCS-MOBILE /Cart flyout/Select English' is clicked on

2019-05-18 15:46:40 - [TEST_STEP][PASSED] - delay(2): Delayed 2 second(s)

2019-05-18 15:46:42 - [MESSAGE][PASSED] - Delayed 2 second(s)

2019-05-18 15:46:42 - [TEST_STEP][PASSED] - verifyTextPresent("Flowers For Mom", false, CONTINUE_ON_FAILURE): Text 'Flowers For Mom' is present on page 

2019-05-18 15:46:43 - [MESSAGE][PASSED] - Text 'Flowers For Mom' is present on page 

2019-05-18 15:46:43 - [TEST_STEP][PASSED] - if (true):  Language changing is successful

2019-05-18 15:46:43 - [TEST_STEP][PASSED] - comment(" Language changing is successful"):  Language changing is successful

2019-05-18 15:46:43 - [MESSAGE][INFO] -  Language changing is successful]]></system-out>
         <system-err><![CDATA[]]></system-err>
      </testcase>
      <testcase name="Test Cases/OCS - MOBILE/OCS- HOME PAGE/HP-Burger menu-Accessories" classname="Test Cases/OCS - MOBILE/OCS- HOME PAGE/HP-Burger menu-Accessories" status="PASSED">
         <system-out><![CDATA[2019-05-18 15:46:43 - [TEST_CASE][PASSED] - Test Cases/OCS - MOBILE/OCS- HOME PAGE/HP-Burger menu-Accessories: Test Cases/OCS - MOBILE/OCS- HOME PAGE/HP-Burger menu-Accessories

2019-05-18 15:46:43 - [TEST_STEP][PASSED] - openBrowser("", CONTINUE_ON_FAILURE): Browser is opened with url: ''

2019-05-18 15:46:43 - [MESSAGE][WARNING] - A browser is already opened. Closing browser and opening a new one

2019-05-18 15:46:43 - [MESSAGE][INFO] - Starting 'Chrome' driver

2019-05-18 15:46:44 - [MESSAGE][PASSED] - Browser is opened with url: ''

2019-05-18 15:46:44 - [TEST_STEP][PASSED] - navigateToUrl("https://ocs.ca/?fts=0&preview_theme_id=53373863756", CONTINUE_ON_FAILURE): Navigate to 'https://ocs.ca/?fts=0&preview_theme_id=53373863756' successfully

2019-05-18 15:46:48 - [MESSAGE][PASSED] - Navigate to 'https://ocs.ca/?fts=0&preview_theme_id=53373863756' successfully

2019-05-18 15:46:48 - [TEST_STEP][PASSED] - setViewPortSize(360, 800, CONTINUE_ON_FAILURE): Viewport is set to new size with width = 360 and height = 800

2019-05-18 15:46:48 - [MESSAGE][PASSED] - Viewport is set to new size with width = 360 and height = 800

2019-05-18 15:46:48 - [TEST_STEP][PASSED] - delay(4, CONTINUE_ON_FAILURE): Delayed 4 second(s)

2019-05-18 15:46:52 - [MESSAGE][PASSED] - Delayed 4 second(s)

2019-05-18 15:46:52 - [TEST_STEP][PASSED] - selectOptionByValue(findTestObject("OCS-MOBILE /Age gate and burger menu/Date"), "12", true, CONTINUE_ON_FAILURE): All options with value '12' are selected in object 'Object Repository/OCS-MOBILE /Age gate and burger menu/Date'  using regular expression

2019-05-18 15:46:52 - [MESSAGE][PASSED] - All options with value '12' are selected in object 'Object Repository/OCS-MOBILE /Age gate and burger menu/Date'  using regular expression

2019-05-18 15:46:52 - [TEST_STEP][PASSED] - selectOptionByValue(findTestObject("OCS-MOBILE /Age gate and burger menu/month"), "6", true, CONTINUE_ON_FAILURE): All options with value '6' are selected in object 'Object Repository/OCS-MOBILE /Age gate and burger menu/month'  using regular expression

2019-05-18 15:46:52 - [MESSAGE][PASSED] - All options with value '6' are selected in object 'Object Repository/OCS-MOBILE /Age gate and burger menu/month'  using regular expression

2019-05-18 15:46:52 - [TEST_STEP][PASSED] - delay(2, CONTINUE_ON_FAILURE): Delayed 2 second(s)

2019-05-18 15:46:54 - [MESSAGE][PASSED] - Delayed 2 second(s)

2019-05-18 15:46:54 - [TEST_STEP][PASSED] - selectOptionByValue(findTestObject("OCS-MOBILE /Age gate and burger menu/Year Dropdown"), "1990", true, CONTINUE_ON_FAILURE): All options with value '1990' are selected in object 'Object Repository/OCS-MOBILE /Age gate and burger menu/Year Dropdown'  using regular expression

2019-05-18 15:46:55 - [MESSAGE][PASSED] - All options with value '1990' are selected in object 'Object Repository/OCS-MOBILE /Age gate and burger menu/Year Dropdown'  using regular expression

2019-05-18 15:46:55 - [TEST_STEP][PASSED] - click(findTestObject("OCS-MOBILE /Age gate and burger menu/button_Verify"), CONTINUE_ON_FAILURE): Object: 'Object Repository/OCS-MOBILE /Age gate and burger menu/button_Verify' is clicked on

2019-05-18 15:46:55 - [MESSAGE][PASSED] - Object: 'Object Repository/OCS-MOBILE /Age gate and burger menu/button_Verify' is clicked on

2019-05-18 15:46:55 - [TEST_STEP][PASSED] - click(findTestObject("OCS-MOBILE /Age gate and burger menu/Checkbox_CONFIRM AND ACKNOWLEDGE"), CONTINUE_ON_FAILURE): Object: 'Object Repository/OCS-MOBILE /Age gate and burger menu/Checkbox_CONFIRM AND ACKNOWLEDGE' is clicked on

2019-05-18 15:46:55 - [MESSAGE][PASSED] - Object: 'Object Repository/OCS-MOBILE /Age gate and burger menu/Checkbox_CONFIRM AND ACKNOWLEDGE' is clicked on

2019-05-18 15:46:55 - [TEST_STEP][PASSED] - click(findTestObject("OCS-MOBILE /Age gate and burger menu/button_CONFIRM"), CONTINUE_ON_FAILURE): Object: 'Object Repository/OCS-MOBILE /Age gate and burger menu/button_CONFIRM' is clicked on

2019-05-18 15:46:55 - [MESSAGE][PASSED] - Object: 'Object Repository/OCS-MOBILE /Age gate and burger menu/button_CONFIRM' is clicked on

2019-05-18 15:46:55 - [TEST_STEP][PASSED] - click(findTestObject("OCS-MOBILE /Age gate and burger menu/button_Start Browsing"), CONTINUE_ON_FAILURE): Object: 'Object Repository/OCS-MOBILE /Age gate and burger menu/button_Start Browsing' is clicked on

2019-05-18 15:46:56 - [MESSAGE][PASSED] - Object: 'Object Repository/OCS-MOBILE /Age gate and burger menu/button_Start Browsing' is clicked on

2019-05-18 15:46:56 - [TEST_STEP][PASSED] - delay(2, CONTINUE_ON_FAILURE): Delayed 2 second(s)

2019-05-18 15:46:58 - [MESSAGE][PASSED] - Delayed 2 second(s)

2019-05-18 15:46:58 - [TEST_STEP][PASSED] - click(findTestObject("OCS-MOBILE /Age gate and burger menu/Burger menu - English"), CONTINUE_ON_FAILURE): Object: 'Object Repository/OCS-MOBILE /Age gate and burger menu/Burger menu - English' is clicked on

2019-05-18 15:46:58 - [MESSAGE][PASSED] - Object: 'Object Repository/OCS-MOBILE /Age gate and burger menu/Burger menu - English' is clicked on

2019-05-18 15:46:58 - [TEST_STEP][PASSED] - delay(2, CONTINUE_ON_FAILURE): Delayed 2 second(s)

2019-05-18 15:47:00 - [MESSAGE][PASSED] - Delayed 2 second(s)

2019-05-18 15:47:00 - [TEST_STEP][PASSED] - click(findTestObject("OCS-MOBILE /Accessories page/accessories chevron"), CONTINUE_ON_FAILURE): Object: 'Object Repository/OCS-MOBILE /Accessories page/accessories chevron' is clicked on

2019-05-18 15:47:00 - [MESSAGE][PASSED] - Object: 'Object Repository/OCS-MOBILE /Accessories page/accessories chevron' is clicked on

2019-05-18 15:47:00 - [TEST_STEP][PASSED] - delay(1, CONTINUE_ON_FAILURE): Delayed 1 second(s)

2019-05-18 15:47:01 - [MESSAGE][PASSED] - Delayed 1 second(s)

2019-05-18 15:47:01 - [TEST_STEP][PASSED] - click(findTestObject("OCS-MOBILE /Accessories page/Vaporizers"), CONTINUE_ON_FAILURE): Object: 'Object Repository/OCS-MOBILE /Accessories page/Vaporizers' is clicked on

2019-05-18 15:47:03 - [MESSAGE][PASSED] - Object: 'Object Repository/OCS-MOBILE /Accessories page/Vaporizers' is clicked on

2019-05-18 15:47:03 - [TEST_STEP][PASSED] - delay(1, CONTINUE_ON_FAILURE): Delayed 1 second(s)

2019-05-18 15:47:04 - [MESSAGE][PASSED] - Delayed 1 second(s)

2019-05-18 15:47:04 - [TEST_STEP][PASSED] - a = getWindowTitle(CONTINUE_ON_FAILURE): Current window's title is: 'Vaporizers | Ontario Cannabis Store'

2019-05-18 15:47:04 - [MESSAGE][PASSED] - Current window's title is: 'Vaporizers | Ontario Cannabis Store'

2019-05-18 15:47:04 - [TEST_STEP][PASSED] - comment(a): Vaporizers | Ontario Cannabis Store

2019-05-18 15:47:04 - [MESSAGE][INFO] - Vaporizers | Ontario Cannabis Store

2019-05-18 15:47:04 - [TEST_STEP][PASSED] - b = "Vaporizers | Ontario Cannabis Store": null

2019-05-18 15:47:04 - [TEST_STEP][PASSED] - comment(b): Vaporizers | Ontario Cannabis Store

2019-05-18 15:47:04 - [MESSAGE][INFO] - Vaporizers | Ontario Cannabis Store

2019-05-18 15:47:04 - [TEST_STEP][PASSED] - if (a == b): correct window page 

2019-05-18 15:47:04 - [TEST_STEP][PASSED] - comment("correct window page "): correct window page 

2019-05-18 15:47:04 - [MESSAGE][INFO] - correct window page 

2019-05-18 15:47:04 - [TEST_STEP][PASSED] - delay(1, CONTINUE_ON_FAILURE): Delayed 1 second(s)

2019-05-18 15:47:05 - [MESSAGE][PASSED] - Delayed 1 second(s)

2019-05-18 15:47:05 - [TEST_STEP][PASSED] - click(findTestObject("OCS-MOBILE /Age gate and burger menu/Burger menu - English"), CONTINUE_ON_FAILURE): Object: 'Object Repository/OCS-MOBILE /Age gate and burger menu/Burger menu - English' is clicked on

2019-05-18 15:47:05 - [MESSAGE][PASSED] - Object: 'Object Repository/OCS-MOBILE /Age gate and burger menu/Burger menu - English' is clicked on

2019-05-18 15:47:05 - [TEST_STEP][PASSED] - delay(2, CONTINUE_ON_FAILURE): Delayed 2 second(s)

2019-05-18 15:47:07 - [MESSAGE][PASSED] - Delayed 2 second(s)

2019-05-18 15:47:07 - [TEST_STEP][PASSED] - click(findTestObject("OCS-MOBILE /Accessories page/accessories chevron"), CONTINUE_ON_FAILURE): Object: 'Object Repository/OCS-MOBILE /Accessories page/accessories chevron' is clicked on

2019-05-18 15:47:07 - [MESSAGE][PASSED] - Object: 'Object Repository/OCS-MOBILE /Accessories page/accessories chevron' is clicked on

2019-05-18 15:47:07 - [TEST_STEP][PASSED] - delay(1, CONTINUE_ON_FAILURE): Delayed 1 second(s)

2019-05-18 15:47:08 - [MESSAGE][PASSED] - Delayed 1 second(s)

2019-05-18 15:47:08 - [TEST_STEP][PASSED] - click(findTestObject("OCS-MOBILE /Accessories page/Bongs - water pipes"), CONTINUE_ON_FAILURE): Object: 'Object Repository/OCS-MOBILE /Accessories page/Bongs - water pipes' is clicked on

2019-05-18 15:47:10 - [MESSAGE][PASSED] - Object: 'Object Repository/OCS-MOBILE /Accessories page/Bongs - water pipes' is clicked on

2019-05-18 15:47:10 - [TEST_STEP][PASSED] - delay(1, CONTINUE_ON_FAILURE): Delayed 1 second(s)

2019-05-18 15:47:11 - [MESSAGE][PASSED] - Delayed 1 second(s)

2019-05-18 15:47:11 - [TEST_STEP][PASSED] - a1 = getWindowTitle(CONTINUE_ON_FAILURE): Current window's title is: 'Bongs & Water Pipes | Ontario Cannabis Store'

2019-05-18 15:47:11 - [MESSAGE][PASSED] - Current window's title is: 'Bongs & Water Pipes | Ontario Cannabis Store'

2019-05-18 15:47:11 - [TEST_STEP][PASSED] - comment(a1): Bongs & Water Pipes | Ontario Cannabis Store

2019-05-18 15:47:11 - [MESSAGE][INFO] - Bongs & Water Pipes | Ontario Cannabis Store

2019-05-18 15:47:11 - [TEST_STEP][PASSED] - b1 = "Bongs & Water Pipes | Ontario Cannabis Store": null

2019-05-18 15:47:11 - [TEST_STEP][PASSED] - comment(b1): Bongs & Water Pipes | Ontario Cannabis Store

2019-05-18 15:47:11 - [MESSAGE][INFO] - Bongs & Water Pipes | Ontario Cannabis Store

2019-05-18 15:47:11 - [TEST_STEP][PASSED] - if (a1 == b1): correct window page 

2019-05-18 15:47:11 - [TEST_STEP][PASSED] - comment("correct window page "): correct window page 

2019-05-18 15:47:11 - [MESSAGE][INFO] - correct window page 

2019-05-18 15:47:11 - [TEST_STEP][PASSED] - delay(1, CONTINUE_ON_FAILURE): Delayed 1 second(s)

2019-05-18 15:47:12 - [MESSAGE][PASSED] - Delayed 1 second(s)

2019-05-18 15:47:12 - [TEST_STEP][PASSED] - click(findTestObject("OCS-MOBILE /Age gate and burger menu/Burger menu - English"), CONTINUE_ON_FAILURE): Object: 'Object Repository/OCS-MOBILE /Age gate and burger menu/Burger menu - English' is clicked on

2019-05-18 15:47:12 - [MESSAGE][PASSED] - Object: 'Object Repository/OCS-MOBILE /Age gate and burger menu/Burger menu - English' is clicked on

2019-05-18 15:47:12 - [TEST_STEP][PASSED] - delay(2, CONTINUE_ON_FAILURE): Delayed 2 second(s)

2019-05-18 15:47:14 - [MESSAGE][PASSED] - Delayed 2 second(s)

2019-05-18 15:47:14 - [TEST_STEP][PASSED] - click(findTestObject("OCS-MOBILE /Accessories page/accessories chevron"), CONTINUE_ON_FAILURE): Object: 'Object Repository/OCS-MOBILE /Accessories page/accessories chevron' is clicked on

2019-05-18 15:47:14 - [MESSAGE][PASSED] - Object: 'Object Repository/OCS-MOBILE /Accessories page/accessories chevron' is clicked on

2019-05-18 15:47:14 - [TEST_STEP][PASSED] - delay(1, CONTINUE_ON_FAILURE): Delayed 1 second(s)

2019-05-18 15:47:15 - [MESSAGE][PASSED] - Delayed 1 second(s)

2019-05-18 15:47:15 - [TEST_STEP][PASSED] - click(findTestObject("OCS-MOBILE /Accessories page/Handheld pipes"), CONTINUE_ON_FAILURE): Object: 'Object Repository/OCS-MOBILE /Accessories page/Handheld pipes' is clicked on

2019-05-18 15:47:17 - [MESSAGE][PASSED] - Object: 'Object Repository/OCS-MOBILE /Accessories page/Handheld pipes' is clicked on

2019-05-18 15:47:17 - [TEST_STEP][PASSED] - delay(1, CONTINUE_ON_FAILURE): Delayed 1 second(s)

2019-05-18 15:47:18 - [MESSAGE][PASSED] - Delayed 1 second(s)

2019-05-18 15:47:18 - [TEST_STEP][PASSED] - a11 = getWindowTitle(CONTINUE_ON_FAILURE): Current window's title is: 'Handheld Pipes | Ontario Cannabis Store'

2019-05-18 15:47:18 - [MESSAGE][PASSED] - Current window's title is: 'Handheld Pipes | Ontario Cannabis Store'

2019-05-18 15:47:18 - [TEST_STEP][PASSED] - comment(a11): Handheld Pipes | Ontario Cannabis Store

2019-05-18 15:47:18 - [MESSAGE][INFO] - Handheld Pipes | Ontario Cannabis Store

2019-05-18 15:47:18 - [TEST_STEP][PASSED] - b11 = "Handheld Pipes | Ontario Cannabis Store": null

2019-05-18 15:47:18 - [TEST_STEP][PASSED] - comment(b11): Handheld Pipes | Ontario Cannabis Store

2019-05-18 15:47:18 - [MESSAGE][INFO] - Handheld Pipes | Ontario Cannabis Store

2019-05-18 15:47:18 - [TEST_STEP][PASSED] - if (a11 == b11): correct window page 

2019-05-18 15:47:18 - [TEST_STEP][PASSED] - comment("correct window page "): correct window page 

2019-05-18 15:47:18 - [MESSAGE][INFO] - correct window page 

2019-05-18 15:47:18 - [TEST_STEP][PASSED] - delay(1, CONTINUE_ON_FAILURE): Delayed 1 second(s)

2019-05-18 15:47:19 - [MESSAGE][PASSED] - Delayed 1 second(s)

2019-05-18 15:47:19 - [TEST_STEP][PASSED] - click(findTestObject("OCS-MOBILE /Age gate and burger menu/Burger menu - English"), CONTINUE_ON_FAILURE): Object: 'Object Repository/OCS-MOBILE /Age gate and burger menu/Burger menu - English' is clicked on

2019-05-18 15:47:20 - [MESSAGE][PASSED] - Object: 'Object Repository/OCS-MOBILE /Age gate and burger menu/Burger menu - English' is clicked on

2019-05-18 15:47:20 - [TEST_STEP][PASSED] - delay(2, CONTINUE_ON_FAILURE): Delayed 2 second(s)

2019-05-18 15:47:22 - [MESSAGE][PASSED] - Delayed 2 second(s)

2019-05-18 15:47:22 - [TEST_STEP][PASSED] - click(findTestObject("OCS-MOBILE /Accessories page/accessories chevron"), CONTINUE_ON_FAILURE): Object: 'Object Repository/OCS-MOBILE /Accessories page/accessories chevron' is clicked on

2019-05-18 15:47:22 - [MESSAGE][PASSED] - Object: 'Object Repository/OCS-MOBILE /Accessories page/accessories chevron' is clicked on

2019-05-18 15:47:22 - [TEST_STEP][PASSED] - delay(1, CONTINUE_ON_FAILURE): Delayed 1 second(s)

2019-05-18 15:47:23 - [MESSAGE][PASSED] - Delayed 1 second(s)

2019-05-18 15:47:23 - [TEST_STEP][PASSED] - click(findTestObject("OCS-MOBILE /Accessories page/Papers -filters"), CONTINUE_ON_FAILURE): Object: 'Object Repository/OCS-MOBILE /Accessories page/Papers -filters' is clicked on

2019-05-18 15:47:25 - [MESSAGE][PASSED] - Object: 'Object Repository/OCS-MOBILE /Accessories page/Papers -filters' is clicked on

2019-05-18 15:47:25 - [TEST_STEP][PASSED] - delay(1, CONTINUE_ON_FAILURE): Delayed 1 second(s)

2019-05-18 15:47:26 - [MESSAGE][PASSED] - Delayed 1 second(s)

2019-05-18 15:47:26 - [TEST_STEP][PASSED] - a111 = getWindowTitle(CONTINUE_ON_FAILURE): Current window's title is: 'Papers & Filters | Ontario Cannabis Store'

2019-05-18 15:47:26 - [MESSAGE][PASSED] - Current window's title is: 'Papers & Filters | Ontario Cannabis Store'

2019-05-18 15:47:26 - [TEST_STEP][PASSED] - comment(a111): Papers & Filters | Ontario Cannabis Store

2019-05-18 15:47:26 - [MESSAGE][INFO] - Papers & Filters | Ontario Cannabis Store

2019-05-18 15:47:26 - [TEST_STEP][PASSED] - b111 = "Papers & Filters | Ontario Cannabis Store": null

2019-05-18 15:47:26 - [TEST_STEP][PASSED] - comment(b111): Papers & Filters | Ontario Cannabis Store

2019-05-18 15:47:26 - [MESSAGE][INFO] - Papers & Filters | Ontario Cannabis Store

2019-05-18 15:47:26 - [TEST_STEP][PASSED] - if (a111 == b111): correct window page 

2019-05-18 15:47:26 - [TEST_STEP][PASSED] - comment("correct window page "): correct window page 

2019-05-18 15:47:26 - [MESSAGE][INFO] - correct window page 

2019-05-18 15:47:26 - [TEST_STEP][PASSED] - delay(1, CONTINUE_ON_FAILURE): Delayed 1 second(s)

2019-05-18 15:47:27 - [MESSAGE][PASSED] - Delayed 1 second(s)

2019-05-18 15:47:27 - [TEST_STEP][PASSED] - click(findTestObject("OCS-MOBILE /Age gate and burger menu/Burger menu - English"), CONTINUE_ON_FAILURE): Object: 'Object Repository/OCS-MOBILE /Age gate and burger menu/Burger menu - English' is clicked on

2019-05-18 15:47:27 - [MESSAGE][PASSED] - Object: 'Object Repository/OCS-MOBILE /Age gate and burger menu/Burger menu - English' is clicked on

2019-05-18 15:47:27 - [TEST_STEP][PASSED] - delay(2, CONTINUE_ON_FAILURE): Delayed 2 second(s)

2019-05-18 15:47:29 - [MESSAGE][PASSED] - Delayed 2 second(s)

2019-05-18 15:47:29 - [TEST_STEP][PASSED] - click(findTestObject("OCS-MOBILE /Accessories page/accessories chevron"), CONTINUE_ON_FAILURE): Object: 'Object Repository/OCS-MOBILE /Accessories page/accessories chevron' is clicked on

2019-05-18 15:47:29 - [MESSAGE][PASSED] - Object: 'Object Repository/OCS-MOBILE /Accessories page/accessories chevron' is clicked on

2019-05-18 15:47:29 - [TEST_STEP][PASSED] - delay(1, CONTINUE_ON_FAILURE): Delayed 1 second(s)

2019-05-18 15:47:30 - [MESSAGE][PASSED] - Delayed 1 second(s)

2019-05-18 15:47:30 - [TEST_STEP][PASSED] - click(findTestObject("OCS-MOBILE /Accessories page/Grinders"), CONTINUE_ON_FAILURE): Object: 'Object Repository/OCS-MOBILE /Accessories page/Grinders' is clicked on

2019-05-18 15:47:32 - [MESSAGE][PASSED] - Object: 'Object Repository/OCS-MOBILE /Accessories page/Grinders' is clicked on

2019-05-18 15:47:32 - [TEST_STEP][PASSED] - delay(1, CONTINUE_ON_FAILURE): Delayed 1 second(s)

2019-05-18 15:47:33 - [MESSAGE][PASSED] - Delayed 1 second(s)

2019-05-18 15:47:33 - [TEST_STEP][PASSED] - a1111 = getWindowTitle(CONTINUE_ON_FAILURE): Current window's title is: 'Grinders | Ontario Cannabis Store'

2019-05-18 15:47:33 - [MESSAGE][PASSED] - Current window's title is: 'Grinders | Ontario Cannabis Store'

2019-05-18 15:47:33 - [TEST_STEP][PASSED] - comment(a1111): Grinders | Ontario Cannabis Store

2019-05-18 15:47:33 - [MESSAGE][INFO] - Grinders | Ontario Cannabis Store

2019-05-18 15:47:33 - [TEST_STEP][PASSED] - b1111 = "Grinders | Ontario Cannabis Store": null

2019-05-18 15:47:33 - [TEST_STEP][PASSED] - comment(b1111): Grinders | Ontario Cannabis Store

2019-05-18 15:47:33 - [MESSAGE][INFO] - Grinders | Ontario Cannabis Store

2019-05-18 15:47:33 - [TEST_STEP][PASSED] - if (a1111 == b1111): correct window page 

2019-05-18 15:47:33 - [TEST_STEP][PASSED] - comment("correct window page "): correct window page 

2019-05-18 15:47:33 - [MESSAGE][INFO] - correct window page 

2019-05-18 15:47:33 - [TEST_STEP][PASSED] - delay(1, CONTINUE_ON_FAILURE): Delayed 1 second(s)

2019-05-18 15:47:34 - [MESSAGE][PASSED] - Delayed 1 second(s)

2019-05-18 15:47:34 - [TEST_STEP][PASSED] - click(findTestObject("OCS-MOBILE /Age gate and burger menu/Burger menu - English"), CONTINUE_ON_FAILURE): Object: 'Object Repository/OCS-MOBILE /Age gate and burger menu/Burger menu - English' is clicked on

2019-05-18 15:47:34 - [MESSAGE][PASSED] - Object: 'Object Repository/OCS-MOBILE /Age gate and burger menu/Burger menu - English' is clicked on

2019-05-18 15:47:34 - [TEST_STEP][PASSED] - delay(2, CONTINUE_ON_FAILURE): Delayed 2 second(s)

2019-05-18 15:47:36 - [MESSAGE][PASSED] - Delayed 2 second(s)

2019-05-18 15:47:36 - [TEST_STEP][PASSED] - click(findTestObject("OCS-MOBILE /Accessories page/accessories chevron"), CONTINUE_ON_FAILURE): Object: 'Object Repository/OCS-MOBILE /Accessories page/accessories chevron' is clicked on

2019-05-18 15:47:36 - [MESSAGE][PASSED] - Object: 'Object Repository/OCS-MOBILE /Accessories page/accessories chevron' is clicked on

2019-05-18 15:47:36 - [TEST_STEP][PASSED] - delay(1, CONTINUE_ON_FAILURE): Delayed 1 second(s)

2019-05-18 15:47:37 - [MESSAGE][PASSED] - Delayed 1 second(s)

2019-05-18 15:47:37 - [TEST_STEP][PASSED] - click(findTestObject("OCS-MOBILE /Accessories page/Tools -kits"), CONTINUE_ON_FAILURE): Object: 'Object Repository/OCS-MOBILE /Accessories page/Tools -kits' is clicked on

2019-05-18 15:47:39 - [MESSAGE][PASSED] - Object: 'Object Repository/OCS-MOBILE /Accessories page/Tools -kits' is clicked on

2019-05-18 15:47:39 - [TEST_STEP][PASSED] - delay(1, CONTINUE_ON_FAILURE): Delayed 1 second(s)

2019-05-18 15:47:40 - [MESSAGE][PASSED] - Delayed 1 second(s)

2019-05-18 15:47:40 - [TEST_STEP][PASSED] - a11111 = getWindowTitle(CONTINUE_ON_FAILURE): Current window's title is: 'Multi-Tools & Kits | Ontario Cannabis Store'

2019-05-18 15:47:40 - [MESSAGE][PASSED] - Current window's title is: 'Multi-Tools & Kits | Ontario Cannabis Store'

2019-05-18 15:47:40 - [TEST_STEP][PASSED] - comment(a11111): Multi-Tools & Kits | Ontario Cannabis Store

2019-05-18 15:47:40 - [MESSAGE][INFO] - Multi-Tools & Kits | Ontario Cannabis Store

2019-05-18 15:47:40 - [TEST_STEP][PASSED] - b11111 = "Multi-Tools & Kits | Ontario Cannabis Store": null

2019-05-18 15:47:40 - [TEST_STEP][PASSED] - comment(b11111): Multi-Tools & Kits | Ontario Cannabis Store

2019-05-18 15:47:40 - [MESSAGE][INFO] - Multi-Tools & Kits | Ontario Cannabis Store

2019-05-18 15:47:40 - [TEST_STEP][PASSED] - if (a11111 == b11111): correct window page 

2019-05-18 15:47:40 - [TEST_STEP][PASSED] - comment("correct window page "): correct window page 

2019-05-18 15:47:40 - [MESSAGE][INFO] - correct window page 

2019-05-18 15:47:40 - [TEST_STEP][PASSED] - delay(1, CONTINUE_ON_FAILURE): Delayed 1 second(s)

2019-05-18 15:47:41 - [MESSAGE][PASSED] - Delayed 1 second(s)

2019-05-18 15:47:41 - [TEST_STEP][PASSED] - click(findTestObject("OCS-MOBILE /Age gate and burger menu/Burger menu - English"), CONTINUE_ON_FAILURE): Object: 'Object Repository/OCS-MOBILE /Age gate and burger menu/Burger menu - English' is clicked on

2019-05-18 15:47:41 - [MESSAGE][PASSED] - Object: 'Object Repository/OCS-MOBILE /Age gate and burger menu/Burger menu - English' is clicked on

2019-05-18 15:47:41 - [TEST_STEP][PASSED] - delay(2, CONTINUE_ON_FAILURE): Delayed 2 second(s)

2019-05-18 15:47:43 - [MESSAGE][PASSED] - Delayed 2 second(s)

2019-05-18 15:47:43 - [TEST_STEP][PASSED] - click(findTestObject("OCS-MOBILE /Accessories page/accessories chevron"), CONTINUE_ON_FAILURE): Object: 'Object Repository/OCS-MOBILE /Accessories page/accessories chevron' is clicked on

2019-05-18 15:47:43 - [MESSAGE][PASSED] - Object: 'Object Repository/OCS-MOBILE /Accessories page/accessories chevron' is clicked on

2019-05-18 15:47:43 - [TEST_STEP][PASSED] - delay(1, CONTINUE_ON_FAILURE): Delayed 1 second(s)

2019-05-18 15:47:44 - [MESSAGE][PASSED] - Delayed 1 second(s)

2019-05-18 15:47:44 - [TEST_STEP][PASSED] - click(findTestObject("OCS-MOBILE /Accessories page/Cleaning supplies"), CONTINUE_ON_FAILURE): Object: 'Object Repository/OCS-MOBILE /Accessories page/Cleaning supplies' is clicked on

2019-05-18 15:47:46 - [MESSAGE][PASSED] - Object: 'Object Repository/OCS-MOBILE /Accessories page/Cleaning supplies' is clicked on

2019-05-18 15:47:46 - [TEST_STEP][PASSED] - delay(1, CONTINUE_ON_FAILURE): Delayed 1 second(s)

2019-05-18 15:47:47 - [MESSAGE][PASSED] - Delayed 1 second(s)

2019-05-18 15:47:47 - [TEST_STEP][PASSED] - a12 = getWindowTitle(CONTINUE_ON_FAILURE): Current window's title is: 'Cleaning Supplies | Ontario Cannabis Store'

2019-05-18 15:47:47 - [MESSAGE][PASSED] - Current window's title is: 'Cleaning Supplies | Ontario Cannabis Store'

2019-05-18 15:47:47 - [TEST_STEP][PASSED] - comment(a12): Cleaning Supplies | Ontario Cannabis Store

2019-05-18 15:47:47 - [MESSAGE][INFO] - Cleaning Supplies | Ontario Cannabis Store

2019-05-18 15:47:47 - [TEST_STEP][PASSED] - b12 = "Cleaning Supplies | Ontario Cannabis Store": null

2019-05-18 15:47:47 - [TEST_STEP][PASSED] - comment(b12): Cleaning Supplies | Ontario Cannabis Store

2019-05-18 15:47:47 - [MESSAGE][INFO] - Cleaning Supplies | Ontario Cannabis Store

2019-05-18 15:47:47 - [TEST_STEP][PASSED] - if (a12 == b12): correct window page 

2019-05-18 15:47:47 - [TEST_STEP][PASSED] - comment("correct window page "): correct window page 

2019-05-18 15:47:47 - [MESSAGE][INFO] - correct window page 

2019-05-18 15:47:47 - [TEST_STEP][PASSED] - delay(1, CONTINUE_ON_FAILURE): Delayed 1 second(s)

2019-05-18 15:47:48 - [MESSAGE][PASSED] - Delayed 1 second(s)

2019-05-18 15:47:48 - [TEST_STEP][PASSED] - click(findTestObject("OCS-MOBILE /Age gate and burger menu/Burger menu - English"), CONTINUE_ON_FAILURE): Object: 'Object Repository/OCS-MOBILE /Age gate and burger menu/Burger menu - English' is clicked on

2019-05-18 15:47:48 - [MESSAGE][PASSED] - Object: 'Object Repository/OCS-MOBILE /Age gate and burger menu/Burger menu - English' is clicked on

2019-05-18 15:47:48 - [TEST_STEP][PASSED] - delay(2, CONTINUE_ON_FAILURE): Delayed 2 second(s)

2019-05-18 15:47:50 - [MESSAGE][PASSED] - Delayed 2 second(s)

2019-05-18 15:47:50 - [TEST_STEP][PASSED] - click(findTestObject("OCS-MOBILE /Accessories page/accessories chevron"), CONTINUE_ON_FAILURE): Object: 'Object Repository/OCS-MOBILE /Accessories page/accessories chevron' is clicked on

2019-05-18 15:47:50 - [MESSAGE][PASSED] - Object: 'Object Repository/OCS-MOBILE /Accessories page/accessories chevron' is clicked on

2019-05-18 15:47:50 - [TEST_STEP][PASSED] - delay(1, CONTINUE_ON_FAILURE): Delayed 1 second(s)

2019-05-18 15:47:51 - [MESSAGE][PASSED] - Delayed 1 second(s)

2019-05-18 15:47:51 - [TEST_STEP][PASSED] - click(findTestObject("OCS-MOBILE /Accessories page/Storage"), CONTINUE_ON_FAILURE): Object: 'Object Repository/OCS-MOBILE /Accessories page/Storage' is clicked on

2019-05-18 15:47:53 - [MESSAGE][PASSED] - Object: 'Object Repository/OCS-MOBILE /Accessories page/Storage' is clicked on

2019-05-18 15:47:53 - [TEST_STEP][PASSED] - delay(1, CONTINUE_ON_FAILURE): Delayed 1 second(s)

2019-05-18 15:47:54 - [MESSAGE][PASSED] - Delayed 1 second(s)

2019-05-18 15:47:54 - [TEST_STEP][PASSED] - a13 = getWindowTitle(CONTINUE_ON_FAILURE): Current window's title is: 'Storage | Ontario Cannabis Store'

2019-05-18 15:47:54 - [MESSAGE][PASSED] - Current window's title is: 'Storage | Ontario Cannabis Store'

2019-05-18 15:47:54 - [TEST_STEP][PASSED] - comment(a13): Storage | Ontario Cannabis Store

2019-05-18 15:47:54 - [MESSAGE][INFO] - Storage | Ontario Cannabis Store

2019-05-18 15:47:54 - [TEST_STEP][PASSED] - b13 = "Storage | Ontario Cannabis Store": null

2019-05-18 15:47:54 - [TEST_STEP][PASSED] - comment(b): Vaporizers | Ontario Cannabis Store

2019-05-18 15:47:54 - [MESSAGE][INFO] - Vaporizers | Ontario Cannabis Store

2019-05-18 15:47:54 - [TEST_STEP][PASSED] - if (a13 == b13): correct window page 

2019-05-18 15:47:54 - [TEST_STEP][PASSED] - comment("correct window page "): correct window page 

2019-05-18 15:47:54 - [MESSAGE][INFO] - correct window page 

2019-05-18 15:47:54 - [TEST_STEP][PASSED] - delay(1, CONTINUE_ON_FAILURE): Delayed 1 second(s)

2019-05-18 15:47:55 - [MESSAGE][PASSED] - Delayed 1 second(s)

2019-05-18 15:47:55 - [TEST_STEP][PASSED] - click(findTestObject("OCS-MOBILE /Age gate and burger menu/Burger menu - English"), CONTINUE_ON_FAILURE): Object: 'Object Repository/OCS-MOBILE /Age gate and burger menu/Burger menu - English' is clicked on

2019-05-18 15:47:55 - [MESSAGE][PASSED] - Object: 'Object Repository/OCS-MOBILE /Age gate and burger menu/Burger menu - English' is clicked on

2019-05-18 15:47:55 - [TEST_STEP][PASSED] - delay(2, CONTINUE_ON_FAILURE): Delayed 2 second(s)

2019-05-18 15:47:57 - [MESSAGE][PASSED] - Delayed 2 second(s)

2019-05-18 15:47:57 - [TEST_STEP][PASSED] - click(findTestObject("OCS-MOBILE /Accessories page/accessories chevron"), CONTINUE_ON_FAILURE): Object: 'Object Repository/OCS-MOBILE /Accessories page/accessories chevron' is clicked on

2019-05-18 15:47:57 - [MESSAGE][PASSED] - Object: 'Object Repository/OCS-MOBILE /Accessories page/accessories chevron' is clicked on

2019-05-18 15:47:57 - [TEST_STEP][PASSED] - delay(1, CONTINUE_ON_FAILURE): Delayed 1 second(s)

2019-05-18 15:47:58 - [MESSAGE][PASSED] - Delayed 1 second(s)

2019-05-18 15:47:58 - [TEST_STEP][PASSED] - click(findTestObject("OCS-MOBILE /Accessories page/Trays"), CONTINUE_ON_FAILURE): Object: 'Object Repository/OCS-MOBILE /Accessories page/Trays' is clicked on

2019-05-18 15:48:00 - [MESSAGE][PASSED] - Object: 'Object Repository/OCS-MOBILE /Accessories page/Trays' is clicked on

2019-05-18 15:48:00 - [TEST_STEP][PASSED] - delay(1, CONTINUE_ON_FAILURE): Delayed 1 second(s)

2019-05-18 15:48:01 - [MESSAGE][PASSED] - Delayed 1 second(s)

2019-05-18 15:48:01 - [TEST_STEP][PASSED] - a14 = getWindowTitle(CONTINUE_ON_FAILURE): Current window's title is: 'Trays | Ontario Cannabis Store'

2019-05-18 15:48:01 - [MESSAGE][PASSED] - Current window's title is: 'Trays | Ontario Cannabis Store'

2019-05-18 15:48:01 - [TEST_STEP][PASSED] - comment(a14): Trays | Ontario Cannabis Store

2019-05-18 15:48:01 - [MESSAGE][INFO] - Trays | Ontario Cannabis Store

2019-05-18 15:48:01 - [TEST_STEP][PASSED] - b14 = "Trays | Ontario Cannabis Store": null

2019-05-18 15:48:01 - [TEST_STEP][PASSED] - comment(b14): Trays | Ontario Cannabis Store

2019-05-18 15:48:01 - [MESSAGE][INFO] - Trays | Ontario Cannabis Store

2019-05-18 15:48:01 - [TEST_STEP][PASSED] - if (a14 == b14): correct window page 

2019-05-18 15:48:01 - [TEST_STEP][PASSED] - comment("correct window page "): correct window page 

2019-05-18 15:48:01 - [MESSAGE][INFO] - correct window page 

2019-05-18 15:48:01 - [TEST_STEP][PASSED] - delay(1, CONTINUE_ON_FAILURE): Delayed 1 second(s)

2019-05-18 15:48:02 - [MESSAGE][PASSED] - Delayed 1 second(s)

2019-05-18 15:48:02 - [TEST_STEP][PASSED] - click(findTestObject("OCS-MOBILE /Age gate and burger menu/Burger menu - English"), CONTINUE_ON_FAILURE): Object: 'Object Repository/OCS-MOBILE /Age gate and burger menu/Burger menu - English' is clicked on

2019-05-18 15:48:02 - [MESSAGE][PASSED] - Object: 'Object Repository/OCS-MOBILE /Age gate and burger menu/Burger menu - English' is clicked on

2019-05-18 15:48:02 - [TEST_STEP][PASSED] - delay(2, CONTINUE_ON_FAILURE): Delayed 2 second(s)

2019-05-18 15:48:04 - [MESSAGE][PASSED] - Delayed 2 second(s)

2019-05-18 15:48:04 - [TEST_STEP][PASSED] - click(findTestObject("OCS-MOBILE /Accessories page/accessories chevron"), CONTINUE_ON_FAILURE): Object: 'Object Repository/OCS-MOBILE /Accessories page/accessories chevron' is clicked on

2019-05-18 15:48:04 - [MESSAGE][PASSED] - Object: 'Object Repository/OCS-MOBILE /Accessories page/accessories chevron' is clicked on

2019-05-18 15:48:04 - [TEST_STEP][PASSED] - delay(1, CONTINUE_ON_FAILURE): Delayed 1 second(s)

2019-05-18 15:48:05 - [MESSAGE][PASSED] - Delayed 1 second(s)

2019-05-18 15:48:05 - [TEST_STEP][PASSED] - click(findTestObject("OCS-MOBILE /Accessories page/Infusers"), CONTINUE_ON_FAILURE): Object: 'Object Repository/OCS-MOBILE /Accessories page/Infusers' is clicked on

2019-05-18 15:48:07 - [MESSAGE][PASSED] - Object: 'Object Repository/OCS-MOBILE /Accessories page/Infusers' is clicked on

2019-05-18 15:48:07 - [TEST_STEP][PASSED] - delay(1, CONTINUE_ON_FAILURE): Delayed 1 second(s)

2019-05-18 15:48:08 - [MESSAGE][PASSED] - Delayed 1 second(s)

2019-05-18 15:48:08 - [TEST_STEP][PASSED] - a15 = getWindowTitle(CONTINUE_ON_FAILURE): Current window's title is: 'Infusers | Ontario Cannabis Store'

2019-05-18 15:48:08 - [MESSAGE][PASSED] - Current window's title is: 'Infusers | Ontario Cannabis Store'

2019-05-18 15:48:08 - [TEST_STEP][PASSED] - comment(a15): Infusers | Ontario Cannabis Store

2019-05-18 15:48:08 - [MESSAGE][INFO] - Infusers | Ontario Cannabis Store

2019-05-18 15:48:08 - [TEST_STEP][PASSED] - b15 = "Infusers | Ontario Cannabis Store": null

2019-05-18 15:48:08 - [TEST_STEP][PASSED] - comment(b15): Infusers | Ontario Cannabis Store

2019-05-18 15:48:08 - [MESSAGE][INFO] - Infusers | Ontario Cannabis Store

2019-05-18 15:48:08 - [TEST_STEP][PASSED] - if (a15 == b15): correct window page 

2019-05-18 15:48:08 - [TEST_STEP][PASSED] - comment("correct window page "): correct window page 

2019-05-18 15:48:08 - [MESSAGE][INFO] - correct window page 

2019-05-18 15:48:08 - [TEST_STEP][PASSED] - delay(1, CONTINUE_ON_FAILURE): Delayed 1 second(s)

2019-05-18 15:48:09 - [MESSAGE][PASSED] - Delayed 1 second(s)

2019-05-18 15:48:09 - [TEST_STEP][PASSED] - click(findTestObject("OCS-MOBILE /Age gate and burger menu/Burger menu - English"), CONTINUE_ON_FAILURE): Object: 'Object Repository/OCS-MOBILE /Age gate and burger menu/Burger menu - English' is clicked on

2019-05-18 15:48:09 - [MESSAGE][PASSED] - Object: 'Object Repository/OCS-MOBILE /Age gate and burger menu/Burger menu - English' is clicked on

2019-05-18 15:48:09 - [TEST_STEP][PASSED] - delay(2, CONTINUE_ON_FAILURE): Delayed 2 second(s)

2019-05-18 15:48:11 - [MESSAGE][PASSED] - Delayed 2 second(s)

2019-05-18 15:48:11 - [TEST_STEP][PASSED] - click(findTestObject("OCS-MOBILE /Accessories page/accessories chevron"), CONTINUE_ON_FAILURE): Object: 'Object Repository/OCS-MOBILE /Accessories page/accessories chevron' is clicked on

2019-05-18 15:48:11 - [MESSAGE][PASSED] - Object: 'Object Repository/OCS-MOBILE /Accessories page/accessories chevron' is clicked on

2019-05-18 15:48:11 - [TEST_STEP][PASSED] - delay(1, CONTINUE_ON_FAILURE): Delayed 1 second(s)

2019-05-18 15:48:12 - [MESSAGE][PASSED] - Delayed 1 second(s)

2019-05-18 15:48:12 - [TEST_STEP][PASSED] - click(findTestObject("OCS-MOBILE /Accessories page/Shop all acessories")): Object: 'Object Repository/OCS-MOBILE /Accessories page/Shop all acessories' is clicked on

2019-05-18 15:48:14 - [MESSAGE][PASSED] - Object: 'Object Repository/OCS-MOBILE /Accessories page/Shop all acessories' is clicked on

2019-05-18 15:48:14 - [TEST_STEP][PASSED] - delay(1, CONTINUE_ON_FAILURE): Delayed 1 second(s)

2019-05-18 15:48:15 - [MESSAGE][PASSED] - Delayed 1 second(s)

2019-05-18 15:48:15 - [TEST_STEP][PASSED] - click(findTestObject("OCS-MOBILE /Age gate and burger menu/Burger menu - English"), CONTINUE_ON_FAILURE): Object: 'Object Repository/OCS-MOBILE /Age gate and burger menu/Burger menu - English' is clicked on

2019-05-18 15:48:15 - [MESSAGE][PASSED] - Object: 'Object Repository/OCS-MOBILE /Age gate and burger menu/Burger menu - English' is clicked on

2019-05-18 15:48:15 - [TEST_STEP][PASSED] - delay(2, CONTINUE_ON_FAILURE): Delayed 2 second(s)

2019-05-18 15:48:17 - [MESSAGE][PASSED] - Delayed 2 second(s)

2019-05-18 15:48:17 - [TEST_STEP][PASSED] - click(findTestObject("OCS-MOBILE /Accessories page/accessories chevron"), CONTINUE_ON_FAILURE): Object: 'Object Repository/OCS-MOBILE /Accessories page/accessories chevron' is clicked on

2019-05-18 15:48:17 - [MESSAGE][PASSED] - Object: 'Object Repository/OCS-MOBILE /Accessories page/accessories chevron' is clicked on

2019-05-18 15:48:17 - [TEST_STEP][PASSED] - delay(2): Delayed 2 second(s)

2019-05-18 15:48:19 - [MESSAGE][PASSED] - Delayed 2 second(s)

2019-05-18 15:48:19 - [TEST_STEP][PASSED] - setViewPortSize(1000, 800, OPTIONAL): Viewport is set to new size with width = 1000 and height = 800

2019-05-18 15:48:19 - [MESSAGE][PASSED] - Viewport is set to new size with width = 1000 and height = 800

2019-05-18 15:48:19 - [TEST_STEP][PASSED] - delay(2, OPTIONAL): Delayed 2 second(s)

2019-05-18 15:48:21 - [MESSAGE][PASSED] - Delayed 2 second(s)

2019-05-18 15:48:21 - [TEST_STEP][PASSED] - click(findTestObject("Theme_oR/Page_Ontario Cannabis Store  Ontari/button_Hide bar"), OPTIONAL): Object: 'Object Repository/Theme_oR/Page_Ontario Cannabis Store  Ontari/button_Hide bar' is clicked on

2019-05-18 15:48:21 - [MESSAGE][PASSED] - Object: 'Object Repository/Theme_oR/Page_Ontario Cannabis Store  Ontari/button_Hide bar' is clicked on

2019-05-18 15:48:21 - [TEST_STEP][PASSED] - delay(2, OPTIONAL): Delayed 2 second(s)

2019-05-18 15:48:23 - [MESSAGE][PASSED] - Delayed 2 second(s)

2019-05-18 15:48:23 - [TEST_STEP][PASSED] - setViewPortSize(360, 800, OPTIONAL): Viewport is set to new size with width = 360 and height = 800

2019-05-18 15:48:23 - [MESSAGE][PASSED] - Viewport is set to new size with width = 360 and height = 800

2019-05-18 15:48:23 - [TEST_STEP][PASSED] - delay(1, OPTIONAL): Delayed 1 second(s)

2019-05-18 15:48:24 - [MESSAGE][PASSED] - Delayed 1 second(s)

2019-05-18 15:48:24 - [TEST_STEP][PASSED] - click(findTestObject("OCS-MOBILE /Accessories page/New accessories")): Object: 'Object Repository/OCS-MOBILE /Accessories page/New accessories' is clicked on

2019-05-18 15:48:27 - [MESSAGE][PASSED] - Object: 'Object Repository/OCS-MOBILE /Accessories page/New accessories' is clicked on

2019-05-18 15:48:27 - [TEST_STEP][PASSED] - delay(1, CONTINUE_ON_FAILURE): Delayed 1 second(s)

2019-05-18 15:48:28 - [MESSAGE][PASSED] - Delayed 1 second(s)

2019-05-18 15:48:28 - [TEST_STEP][PASSED] - click(findTestObject("OCS-MOBILE /Age gate and burger menu/Burger menu - English"), CONTINUE_ON_FAILURE): Object: 'Object Repository/OCS-MOBILE /Age gate and burger menu/Burger menu - English' is clicked on

2019-05-18 15:48:28 - [MESSAGE][PASSED] - Object: 'Object Repository/OCS-MOBILE /Age gate and burger menu/Burger menu - English' is clicked on

2019-05-18 15:48:28 - [TEST_STEP][PASSED] - delay(2, CONTINUE_ON_FAILURE): Delayed 2 second(s)

2019-05-18 15:48:30 - [MESSAGE][PASSED] - Delayed 2 second(s)

2019-05-18 15:48:30 - [TEST_STEP][PASSED] - click(findTestObject("OCS-MOBILE /Accessories page/accessories chevron"), CONTINUE_ON_FAILURE): Object: 'Object Repository/OCS-MOBILE /Accessories page/accessories chevron' is clicked on

2019-05-18 15:48:30 - [MESSAGE][PASSED] - Object: 'Object Repository/OCS-MOBILE /Accessories page/accessories chevron' is clicked on

2019-05-18 15:48:30 - [TEST_STEP][PASSED] - delay(2): Delayed 2 second(s)

2019-05-18 15:48:32 - [MESSAGE][PASSED] - Delayed 2 second(s)

2019-05-18 15:48:32 - [TEST_STEP][PASSED] - setViewPortSize(1000, 800, OPTIONAL): Viewport is set to new size with width = 1000 and height = 800

2019-05-18 15:48:32 - [MESSAGE][PASSED] - Viewport is set to new size with width = 1000 and height = 800

2019-05-18 15:48:32 - [TEST_STEP][PASSED] - delay(2, OPTIONAL): Delayed 2 second(s)

2019-05-18 15:48:34 - [MESSAGE][PASSED] - Delayed 2 second(s)

2019-05-18 15:48:34 - [TEST_STEP][PASSED] - click(findTestObject("Theme_oR/Page_Ontario Cannabis Store  Ontari/button_Hide bar"), OPTIONAL): Object: 'Object Repository/Theme_oR/Page_Ontario Cannabis Store  Ontari/button_Hide bar' is clicked on

2019-05-18 15:48:34 - [MESSAGE][PASSED] - Object: 'Object Repository/Theme_oR/Page_Ontario Cannabis Store  Ontari/button_Hide bar' is clicked on

2019-05-18 15:48:34 - [TEST_STEP][PASSED] - delay(2, OPTIONAL): Delayed 2 second(s)

2019-05-18 15:48:36 - [MESSAGE][PASSED] - Delayed 2 second(s)

2019-05-18 15:48:36 - [TEST_STEP][PASSED] - setViewPortSize(360, 800, OPTIONAL): Viewport is set to new size with width = 360 and height = 800

2019-05-18 15:48:37 - [MESSAGE][PASSED] - Viewport is set to new size with width = 360 and height = 800

2019-05-18 15:48:37 - [TEST_STEP][PASSED] - delay(1, OPTIONAL): Delayed 1 second(s)

2019-05-18 15:48:38 - [MESSAGE][PASSED] - Delayed 1 second(s)

2019-05-18 15:48:38 - [TEST_STEP][PASSED] - click(findTestObject("OCS-MOBILE /Accessories page/Storage _img")): Object: 'Object Repository/OCS-MOBILE /Accessories page/Storage _img' is clicked on

2019-05-18 15:48:40 - [MESSAGE][PASSED] - Object: 'Object Repository/OCS-MOBILE /Accessories page/Storage _img' is clicked on

2019-05-18 15:48:40 - [TEST_STEP][PASSED] - delay(1, CONTINUE_ON_FAILURE): Delayed 1 second(s)

2019-05-18 15:48:41 - [MESSAGE][PASSED] - Delayed 1 second(s)]]></system-out>
         <system-err><![CDATA[]]></system-err>
      </testcase>
      <testcase name="Test Cases/OCS - MOBILE/OCS- HOME PAGE/Announcement" classname="Test Cases/OCS - MOBILE/OCS- HOME PAGE/Announcement" status="PASSED">
         <system-out><![CDATA[2019-05-18 15:48:41 - [TEST_CASE][PASSED] - Test Cases/OCS - MOBILE/OCS- HOME PAGE/Announcement: Test Cases/OCS - MOBILE/OCS- HOME PAGE/Announcement

2019-05-18 15:48:41 - [TEST_STEP][PASSED] - openBrowser(""): Browser is opened with url: ''

2019-05-18 15:48:41 - [MESSAGE][WARNING] - A browser is already opened. Closing browser and opening a new one

2019-05-18 15:48:41 - [MESSAGE][INFO] - Starting 'Chrome' driver

2019-05-18 15:48:42 - [MESSAGE][PASSED] - Browser is opened with url: ''

2019-05-18 15:48:42 - [TEST_STEP][PASSED] - navigateToUrl("https://ocs.ca/?fts=0&preview_theme_id=53373863756"): Navigate to 'https://ocs.ca/?fts=0&preview_theme_id=53373863756' successfully

2019-05-18 15:48:45 - [MESSAGE][PASSED] - Navigate to 'https://ocs.ca/?fts=0&preview_theme_id=53373863756' successfully

2019-05-18 15:48:45 - [TEST_STEP][PASSED] - setViewPortSize(360, 800): Viewport is set to new size with width = 360 and height = 800

2019-05-18 15:48:46 - [MESSAGE][PASSED] - Viewport is set to new size with width = 360 and height = 800

2019-05-18 15:48:46 - [TEST_STEP][PASSED] - delay(4): Delayed 4 second(s)

2019-05-18 15:48:50 - [MESSAGE][PASSED] - Delayed 4 second(s)

2019-05-18 15:48:50 - [TEST_STEP][PASSED] - selectOptionByValue(findTestObject("OCS-MOBILE /Age gate and burger menu/Date"), "12", true): All options with value '12' are selected in object 'Object Repository/OCS-MOBILE /Age gate and burger menu/Date'  using regular expression

2019-05-18 15:48:50 - [MESSAGE][PASSED] - All options with value '12' are selected in object 'Object Repository/OCS-MOBILE /Age gate and burger menu/Date'  using regular expression

2019-05-18 15:48:50 - [TEST_STEP][PASSED] - selectOptionByValue(findTestObject("OCS-MOBILE /Age gate and burger menu/month"), "6", true): All options with value '6' are selected in object 'Object Repository/OCS-MOBILE /Age gate and burger menu/month'  using regular expression

2019-05-18 15:48:50 - [MESSAGE][PASSED] - All options with value '6' are selected in object 'Object Repository/OCS-MOBILE /Age gate and burger menu/month'  using regular expression

2019-05-18 15:48:50 - [TEST_STEP][PASSED] - delay(2): Delayed 2 second(s)

2019-05-18 15:48:52 - [MESSAGE][PASSED] - Delayed 2 second(s)

2019-05-18 15:48:52 - [TEST_STEP][PASSED] - selectOptionByValue(findTestObject("OCS-MOBILE /Age gate and burger menu/Year Dropdown"), "1990", true): All options with value '1990' are selected in object 'Object Repository/OCS-MOBILE /Age gate and burger menu/Year Dropdown'  using regular expression

2019-05-18 15:48:53 - [MESSAGE][PASSED] - All options with value '1990' are selected in object 'Object Repository/OCS-MOBILE /Age gate and burger menu/Year Dropdown'  using regular expression

2019-05-18 15:48:53 - [TEST_STEP][PASSED] - click(findTestObject("OCS-MOBILE /Age gate and burger menu/button_Verify")): Object: 'Object Repository/OCS-MOBILE /Age gate and burger menu/button_Verify' is clicked on

2019-05-18 15:48:53 - [MESSAGE][PASSED] - Object: 'Object Repository/OCS-MOBILE /Age gate and burger menu/button_Verify' is clicked on

2019-05-18 15:48:53 - [TEST_STEP][PASSED] - click(findTestObject("OCS-MOBILE /Age gate and burger menu/Checkbox_CONFIRM AND ACKNOWLEDGE")): Object: 'Object Repository/OCS-MOBILE /Age gate and burger menu/Checkbox_CONFIRM AND ACKNOWLEDGE' is clicked on

2019-05-18 15:48:53 - [MESSAGE][PASSED] - Object: 'Object Repository/OCS-MOBILE /Age gate and burger menu/Checkbox_CONFIRM AND ACKNOWLEDGE' is clicked on

2019-05-18 15:48:53 - [TEST_STEP][PASSED] - click(findTestObject("OCS-MOBILE /Age gate and burger menu/button_CONFIRM")): Object: 'Object Repository/OCS-MOBILE /Age gate and burger menu/button_CONFIRM' is clicked on

2019-05-18 15:48:53 - [MESSAGE][PASSED] - Object: 'Object Repository/OCS-MOBILE /Age gate and burger menu/button_CONFIRM' is clicked on

2019-05-18 15:48:53 - [TEST_STEP][PASSED] - click(findTestObject("OCS-MOBILE /Age gate and burger menu/button_Start Browsing")): Object: 'Object Repository/OCS-MOBILE /Age gate and burger menu/button_Start Browsing' is clicked on

2019-05-18 15:48:53 - [MESSAGE][PASSED] - Object: 'Object Repository/OCS-MOBILE /Age gate and burger menu/button_Start Browsing' is clicked on

2019-05-18 15:48:53 - [TEST_STEP][PASSED] - delay(2): Delayed 2 second(s)

2019-05-18 15:48:55 - [MESSAGE][PASSED] - Delayed 2 second(s)

2019-05-18 15:48:55 - [TEST_STEP][PASSED] - flag = verifyTextPresent("Due to holiday closures within the Canada Post network through Good Friday and Easter Monday, please expect some order delivery delays.", false, OPTIONAL): Text 'Due to holiday closures within the Canada Post network through Good Friday and Easter Monday, please expect some order delivery delays.' is not present on page 

2019-05-18 15:48:56 - [MESSAGE][WARNING] - Text 'Due to holiday closures within the Canada Post network through Good Friday and Easter Monday, please expect some order delivery delays.' is not present on page 

2019-05-18 15:48:56 - [TEST_STEP][PASSED] - comment("flag =" + flag): flag =false

2019-05-18 15:48:56 - [MESSAGE][INFO] - flag =false

2019-05-18 15:48:56 - [TEST_STEP][PASSED] - if (flag == false):  there is no  announcment 

2019-05-18 15:48:56 - [TEST_STEP][PASSED] - comment(" there is no  announcment "):  there is no  announcment 

2019-05-18 15:48:56 - [MESSAGE][INFO] -  there is no  announcment 

2019-05-18 15:48:56 - [TEST_STEP][NOT_RUN] - closeBrowser(): NOT_RUN: closeBrowser()

2019-05-18 15:48:56 - [MESSAGE][NOT_RUN] - NOT_RUN: closeBrowser()]]></system-out>
         <system-err><![CDATA[]]></system-err>
      </testcase>
      <testcase name="Test Cases/OCS - MOBILE/OCS- HOME PAGE/cart flyout" classname="Test Cases/OCS - MOBILE/OCS- HOME PAGE/cart flyout" status="PASSED">
         <system-out><![CDATA[2019-05-18 15:48:56 - [TEST_CASE][PASSED] - Test Cases/OCS - MOBILE/OCS- HOME PAGE/cart flyout: Test Cases/OCS - MOBILE/OCS- HOME PAGE/cart flyout

2019-05-18 15:48:56 - [TEST_STEP][PASSED] - openBrowser(""): Browser is opened with url: ''

2019-05-18 15:48:56 - [MESSAGE][WARNING] - A browser is already opened. Closing browser and opening a new one

2019-05-18 15:48:56 - [MESSAGE][INFO] - Starting 'Chrome' driver

2019-05-18 15:48:57 - [MESSAGE][PASSED] - Browser is opened with url: ''

2019-05-18 15:48:57 - [TEST_STEP][PASSED] - navigateToUrl("https://ocs.ca/?fts=0&preview_theme_id=53373863756"): Navigate to 'https://ocs.ca/?fts=0&preview_theme_id=53373863756' successfully

2019-05-18 15:49:05 - [MESSAGE][PASSED] - Navigate to 'https://ocs.ca/?fts=0&preview_theme_id=53373863756' successfully

2019-05-18 15:49:05 - [TEST_STEP][PASSED] - setViewPortSize(360, 800): Viewport is set to new size with width = 360 and height = 800

2019-05-18 15:49:06 - [MESSAGE][PASSED] - Viewport is set to new size with width = 360 and height = 800

2019-05-18 15:49:06 - [TEST_STEP][PASSED] - delay(4): Delayed 4 second(s)

2019-05-18 15:49:10 - [MESSAGE][PASSED] - Delayed 4 second(s)

2019-05-18 15:49:10 - [TEST_STEP][PASSED] - selectOptionByValue(findTestObject("OCS-MOBILE /Age gate and burger menu/Date"), "12", true): All options with value '12' are selected in object 'Object Repository/OCS-MOBILE /Age gate and burger menu/Date'  using regular expression

2019-05-18 15:49:10 - [MESSAGE][PASSED] - All options with value '12' are selected in object 'Object Repository/OCS-MOBILE /Age gate and burger menu/Date'  using regular expression

2019-05-18 15:49:10 - [TEST_STEP][PASSED] - selectOptionByValue(findTestObject("OCS-MOBILE /Age gate and burger menu/month"), "6", true): All options with value '6' are selected in object 'Object Repository/OCS-MOBILE /Age gate and burger menu/month'  using regular expression

2019-05-18 15:49:10 - [MESSAGE][PASSED] - All options with value '6' are selected in object 'Object Repository/OCS-MOBILE /Age gate and burger menu/month'  using regular expression

2019-05-18 15:49:10 - [TEST_STEP][PASSED] - delay(2): Delayed 2 second(s)

2019-05-18 15:49:12 - [MESSAGE][PASSED] - Delayed 2 second(s)

2019-05-18 15:49:12 - [TEST_STEP][PASSED] - selectOptionByValue(findTestObject("OCS-MOBILE /Age gate and burger menu/Year Dropdown"), "1990", true): All options with value '1990' are selected in object 'Object Repository/OCS-MOBILE /Age gate and burger menu/Year Dropdown'  using regular expression

2019-05-18 15:49:13 - [MESSAGE][PASSED] - All options with value '1990' are selected in object 'Object Repository/OCS-MOBILE /Age gate and burger menu/Year Dropdown'  using regular expression

2019-05-18 15:49:13 - [TEST_STEP][PASSED] - click(findTestObject("OCS-MOBILE /Age gate and burger menu/button_Verify")): Object: 'Object Repository/OCS-MOBILE /Age gate and burger menu/button_Verify' is clicked on

2019-05-18 15:49:13 - [MESSAGE][PASSED] - Object: 'Object Repository/OCS-MOBILE /Age gate and burger menu/button_Verify' is clicked on

2019-05-18 15:49:13 - [TEST_STEP][PASSED] - click(findTestObject("OCS-MOBILE /Age gate and burger menu/Checkbox_CONFIRM AND ACKNOWLEDGE")): Object: 'Object Repository/OCS-MOBILE /Age gate and burger menu/Checkbox_CONFIRM AND ACKNOWLEDGE' is clicked on

2019-05-18 15:49:13 - [MESSAGE][PASSED] - Object: 'Object Repository/OCS-MOBILE /Age gate and burger menu/Checkbox_CONFIRM AND ACKNOWLEDGE' is clicked on

2019-05-18 15:49:13 - [TEST_STEP][PASSED] - click(findTestObject("OCS-MOBILE /Age gate and burger menu/button_CONFIRM")): Object: 'Object Repository/OCS-MOBILE /Age gate and burger menu/button_CONFIRM' is clicked on

2019-05-18 15:49:13 - [MESSAGE][PASSED] - Object: 'Object Repository/OCS-MOBILE /Age gate and burger menu/button_CONFIRM' is clicked on

2019-05-18 15:49:13 - [TEST_STEP][PASSED] - click(findTestObject("OCS-MOBILE /Age gate and burger menu/button_Start Browsing")): Object: 'Object Repository/OCS-MOBILE /Age gate and burger menu/button_Start Browsing' is clicked on

2019-05-18 15:49:13 - [MESSAGE][PASSED] - Object: 'Object Repository/OCS-MOBILE /Age gate and burger menu/button_Start Browsing' is clicked on

2019-05-18 15:49:13 - [TEST_STEP][PASSED] - delay(2): Delayed 2 second(s)

2019-05-18 15:49:15 - [MESSAGE][PASSED] - Delayed 2 second(s)

2019-05-18 15:49:15 - [TEST_STEP][PASSED] - click(findTestObject("OCS-MOBILE /Home - page/Cart icon -bag")): Object: 'Object Repository/OCS-MOBILE /Home - page/Cart icon -bag' is clicked on

2019-05-18 15:49:16 - [MESSAGE][PASSED] - Object: 'Object Repository/OCS-MOBILE /Home - page/Cart icon -bag' is clicked on

2019-05-18 15:49:16 - [TEST_STEP][PASSED] - delay(3): Delayed 3 second(s)

2019-05-18 15:49:19 - [MESSAGE][PASSED] - Delayed 3 second(s)

2019-05-18 15:49:19 - [TEST_STEP][PASSED] - verifyTextPresent("Bag", false, OPTIONAL): Text 'Bag' is present on page 

2019-05-18 15:49:19 - [MESSAGE][PASSED] - Text 'Bag' is present on page 

2019-05-18 15:49:19 - [TEST_STEP][PASSED] - if (true):  cart flyout opened 

2019-05-18 15:49:19 - [TEST_STEP][PASSED] - comment(" cart flyout opened "):  cart flyout opened 

2019-05-18 15:49:19 - [MESSAGE][INFO] -  cart flyout opened 

2019-05-18 15:49:19 - [TEST_STEP][PASSED] - delay(5): Delayed 5 second(s)

2019-05-18 15:49:24 - [MESSAGE][PASSED] - Delayed 5 second(s)

2019-05-18 15:49:24 - [TEST_STEP][PASSED] - click(findTestObject("OCS-MOBILE /Home - page/Collapse cart flyout")): Object: 'Object Repository/OCS-MOBILE /Home - page/Collapse cart flyout' is clicked on

2019-05-18 15:49:24 - [MESSAGE][PASSED] - Object: 'Object Repository/OCS-MOBILE /Home - page/Collapse cart flyout' is clicked on

2019-05-18 15:49:24 - [TEST_STEP][PASSED] - verifyTextPresent("Bag", false, OPTIONAL): Text 'Bag' is present on page 

2019-05-18 15:49:24 - [MESSAGE][PASSED] - Text 'Bag' is present on page 

2019-05-18 15:49:24 - [TEST_STEP][PASSED] - if (true):  cart flyout closed 

2019-05-18 15:49:24 - [TEST_STEP][PASSED] - comment(" cart flyout closed "):  cart flyout closed 

2019-05-18 15:49:24 - [MESSAGE][INFO] -  cart flyout closed]]></system-out>
         <system-err><![CDATA[]]></system-err>
      </testcase>
      <testcase name="Test Cases/OCS - MOBILE/OCS- HOME PAGE/Retail stores link" classname="Test Cases/OCS - MOBILE/OCS- HOME PAGE/Retail stores link" status="PASSED">
         <system-out><![CDATA[2019-05-18 15:49:24 - [TEST_CASE][PASSED] - Test Cases/OCS - MOBILE/OCS- HOME PAGE/Retail stores link: Test Cases/OCS - MOBILE/OCS- HOME PAGE/Retail stores link

2019-05-18 15:49:24 - [TEST_STEP][PASSED] - openBrowser(""): Browser is opened with url: ''

2019-05-18 15:49:24 - [MESSAGE][WARNING] - A browser is already opened. Closing browser and opening a new one

2019-05-18 15:49:24 - [MESSAGE][INFO] - Starting 'Chrome' driver

2019-05-18 15:49:25 - [MESSAGE][PASSED] - Browser is opened with url: ''

2019-05-18 15:49:25 - [TEST_STEP][PASSED] - navigateToUrl("https://ocs.ca/?fts=0&preview_theme_id=53373863756"): Navigate to 'https://ocs.ca/?fts=0&preview_theme_id=53373863756' successfully

2019-05-18 15:49:35 - [MESSAGE][PASSED] - Navigate to 'https://ocs.ca/?fts=0&preview_theme_id=53373863756' successfully

2019-05-18 15:49:35 - [TEST_STEP][PASSED] - setViewPortSize(360, 800): Viewport is set to new size with width = 360 and height = 800

2019-05-18 15:49:35 - [MESSAGE][PASSED] - Viewport is set to new size with width = 360 and height = 800

2019-05-18 15:49:35 - [TEST_STEP][PASSED] - delay(4): Delayed 4 second(s)

2019-05-18 15:49:39 - [MESSAGE][PASSED] - Delayed 4 second(s)

2019-05-18 15:49:39 - [TEST_STEP][PASSED] - selectOptionByValue(findTestObject("OCS-MOBILE /Age gate and burger menu/Date"), "12", true): All options with value '12' are selected in object 'Object Repository/OCS-MOBILE /Age gate and burger menu/Date'  using regular expression

2019-05-18 15:49:40 - [MESSAGE][PASSED] - All options with value '12' are selected in object 'Object Repository/OCS-MOBILE /Age gate and burger menu/Date'  using regular expression

2019-05-18 15:49:40 - [TEST_STEP][PASSED] - selectOptionByValue(findTestObject("OCS-MOBILE /Age gate and burger menu/month"), "6", true): All options with value '6' are selected in object 'Object Repository/OCS-MOBILE /Age gate and burger menu/month'  using regular expression

2019-05-18 15:49:40 - [MESSAGE][PASSED] - All options with value '6' are selected in object 'Object Repository/OCS-MOBILE /Age gate and burger menu/month'  using regular expression

2019-05-18 15:49:40 - [TEST_STEP][PASSED] - delay(2): Delayed 2 second(s)

2019-05-18 15:49:42 - [MESSAGE][PASSED] - Delayed 2 second(s)

2019-05-18 15:49:42 - [TEST_STEP][PASSED] - selectOptionByValue(findTestObject("OCS-MOBILE /Age gate and burger menu/Year Dropdown"), "1990", true): All options with value '1990' are selected in object 'Object Repository/OCS-MOBILE /Age gate and burger menu/Year Dropdown'  using regular expression

2019-05-18 15:49:43 - [MESSAGE][PASSED] - All options with value '1990' are selected in object 'Object Repository/OCS-MOBILE /Age gate and burger menu/Year Dropdown'  using regular expression

2019-05-18 15:49:43 - [TEST_STEP][PASSED] - click(findTestObject("OCS-MOBILE /Age gate and burger menu/button_Verify")): Object: 'Object Repository/OCS-MOBILE /Age gate and burger menu/button_Verify' is clicked on

2019-05-18 15:49:43 - [MESSAGE][PASSED] - Object: 'Object Repository/OCS-MOBILE /Age gate and burger menu/button_Verify' is clicked on

2019-05-18 15:49:43 - [TEST_STEP][PASSED] - click(findTestObject("OCS-MOBILE /Age gate and burger menu/Checkbox_CONFIRM AND ACKNOWLEDGE")): Object: 'Object Repository/OCS-MOBILE /Age gate and burger menu/Checkbox_CONFIRM AND ACKNOWLEDGE' is clicked on

2019-05-18 15:49:43 - [MESSAGE][PASSED] - Object: 'Object Repository/OCS-MOBILE /Age gate and burger menu/Checkbox_CONFIRM AND ACKNOWLEDGE' is clicked on

2019-05-18 15:49:43 - [TEST_STEP][PASSED] - click(findTestObject("OCS-MOBILE /Age gate and burger menu/button_CONFIRM")): Object: 'Object Repository/OCS-MOBILE /Age gate and burger menu/button_CONFIRM' is clicked on

2019-05-18 15:49:43 - [MESSAGE][PASSED] - Object: 'Object Repository/OCS-MOBILE /Age gate and burger menu/button_CONFIRM' is clicked on

2019-05-18 15:49:43 - [TEST_STEP][PASSED] - click(findTestObject("OCS-MOBILE /Age gate and burger menu/button_Start Browsing")): Object: 'Object Repository/OCS-MOBILE /Age gate and burger menu/button_Start Browsing' is clicked on

2019-05-18 15:49:43 - [MESSAGE][PASSED] - Object: 'Object Repository/OCS-MOBILE /Age gate and burger menu/button_Start Browsing' is clicked on

2019-05-18 15:49:43 - [TEST_STEP][PASSED] - delay(2): Delayed 2 second(s)

2019-05-18 15:49:45 - [MESSAGE][PASSED] - Delayed 2 second(s)

2019-05-18 15:49:45 - [TEST_STEP][PASSED] - click(findTestObject("OCS-MOBILE /Home - page/Retail stores link")): Object: 'Object Repository/OCS-MOBILE /Home - page/Retail stores link' is clicked on

2019-05-18 15:49:45 - [MESSAGE][PASSED] - Object: 'Object Repository/OCS-MOBILE /Home - page/Retail stores link' is clicked on]]></system-out>
         <system-err><![CDATA[]]></system-err>
      </testcase>
      <testcase name="Test Cases/OCS - MOBILE/OCS- HOME PAGE/Screen reader link" classname="Test Cases/OCS - MOBILE/OCS- HOME PAGE/Screen reader link" status="PASSED">
         <system-out><![CDATA[2019-05-18 15:49:45 - [TEST_CASE][PASSED] - Test Cases/OCS - MOBILE/OCS- HOME PAGE/Screen reader link: Test Cases/OCS - MOBILE/OCS- HOME PAGE/Screen reader link

2019-05-18 15:49:45 - [TEST_STEP][PASSED] - openBrowser(""): Browser is opened with url: ''

2019-05-18 15:49:45 - [MESSAGE][WARNING] - A browser is already opened. Closing browser and opening a new one

2019-05-18 15:49:45 - [MESSAGE][INFO] - Starting 'Chrome' driver

2019-05-18 15:49:46 - [MESSAGE][PASSED] - Browser is opened with url: ''

2019-05-18 15:49:46 - [TEST_STEP][PASSED] - navigateToUrl("https://ocs.ca/?fts=0&preview_theme_id=53373863756"): Navigate to 'https://ocs.ca/?fts=0&preview_theme_id=53373863756' successfully

2019-05-18 15:49:50 - [MESSAGE][PASSED] - Navigate to 'https://ocs.ca/?fts=0&preview_theme_id=53373863756' successfully

2019-05-18 15:49:50 - [TEST_STEP][PASSED] - setViewPortSize(360, 800): Viewport is set to new size with width = 360 and height = 800

2019-05-18 15:49:50 - [MESSAGE][PASSED] - Viewport is set to new size with width = 360 and height = 800

2019-05-18 15:49:50 - [TEST_STEP][PASSED] - delay(4): Delayed 4 second(s)

2019-05-18 15:49:54 - [MESSAGE][PASSED] - Delayed 4 second(s)

2019-05-18 15:49:54 - [TEST_STEP][PASSED] - selectOptionByValue(findTestObject("OCS-MOBILE /Age gate and burger menu/Date"), "12", true): All options with value '12' are selected in object 'Object Repository/OCS-MOBILE /Age gate and burger menu/Date'  using regular expression

2019-05-18 15:49:55 - [MESSAGE][PASSED] - All options with value '12' are selected in object 'Object Repository/OCS-MOBILE /Age gate and burger menu/Date'  using regular expression

2019-05-18 15:49:55 - [TEST_STEP][PASSED] - selectOptionByValue(findTestObject("OCS-MOBILE /Age gate and burger menu/month"), "6", true): All options with value '6' are selected in object 'Object Repository/OCS-MOBILE /Age gate and burger menu/month'  using regular expression

2019-05-18 15:49:55 - [MESSAGE][PASSED] - All options with value '6' are selected in object 'Object Repository/OCS-MOBILE /Age gate and burger menu/month'  using regular expression

2019-05-18 15:49:55 - [TEST_STEP][PASSED] - delay(2): Delayed 2 second(s)

2019-05-18 15:49:57 - [MESSAGE][PASSED] - Delayed 2 second(s)

2019-05-18 15:49:57 - [TEST_STEP][PASSED] - selectOptionByValue(findTestObject("OCS-MOBILE /Age gate and burger menu/Year Dropdown"), "1990", true): All options with value '1990' are selected in object 'Object Repository/OCS-MOBILE /Age gate and burger menu/Year Dropdown'  using regular expression

2019-05-18 15:49:58 - [MESSAGE][PASSED] - All options with value '1990' are selected in object 'Object Repository/OCS-MOBILE /Age gate and burger menu/Year Dropdown'  using regular expression

2019-05-18 15:49:58 - [TEST_STEP][PASSED] - click(findTestObject("OCS-MOBILE /Age gate and burger menu/button_Verify")): Object: 'Object Repository/OCS-MOBILE /Age gate and burger menu/button_Verify' is clicked on

2019-05-18 15:49:58 - [MESSAGE][PASSED] - Object: 'Object Repository/OCS-MOBILE /Age gate and burger menu/button_Verify' is clicked on

2019-05-18 15:49:58 - [TEST_STEP][PASSED] - click(findTestObject("OCS-MOBILE /Age gate and burger menu/Checkbox_CONFIRM AND ACKNOWLEDGE")): Object: 'Object Repository/OCS-MOBILE /Age gate and burger menu/Checkbox_CONFIRM AND ACKNOWLEDGE' is clicked on

2019-05-18 15:49:58 - [MESSAGE][PASSED] - Object: 'Object Repository/OCS-MOBILE /Age gate and burger menu/Checkbox_CONFIRM AND ACKNOWLEDGE' is clicked on

2019-05-18 15:49:58 - [TEST_STEP][PASSED] - click(findTestObject("OCS-MOBILE /Age gate and burger menu/button_CONFIRM")): Object: 'Object Repository/OCS-MOBILE /Age gate and burger menu/button_CONFIRM' is clicked on

2019-05-18 15:49:58 - [MESSAGE][PASSED] - Object: 'Object Repository/OCS-MOBILE /Age gate and burger menu/button_CONFIRM' is clicked on

2019-05-18 15:49:58 - [TEST_STEP][PASSED] - click(findTestObject("OCS-MOBILE /Age gate and burger menu/button_Start Browsing")): Object: 'Object Repository/OCS-MOBILE /Age gate and burger menu/button_Start Browsing' is clicked on

2019-05-18 15:49:58 - [MESSAGE][PASSED] - Object: 'Object Repository/OCS-MOBILE /Age gate and burger menu/button_Start Browsing' is clicked on

2019-05-18 15:49:58 - [TEST_STEP][PASSED] - delay(2): Delayed 2 second(s)

2019-05-18 15:50:00 - [MESSAGE][PASSED] - Delayed 2 second(s)

2019-05-18 15:50:00 - [TEST_STEP][PASSED] - click(findTestObject("OCS-MOBILE /Home - page/Screen readers link")): Object: 'Object Repository/OCS-MOBILE /Home - page/Screen readers link' is clicked on

2019-05-18 15:50:02 - [MESSAGE][PASSED] - Object: 'Object Repository/OCS-MOBILE /Home - page/Screen readers link' is clicked on

2019-05-18 15:50:02 - [TEST_STEP][PASSED] - flag = verifyTextPresent("Accessibility at the Ontario Cannabis Store (OCS)", false): Text 'Accessibility at the Ontario Cannabis Store (OCS)' is present on page 

2019-05-18 15:50:02 - [MESSAGE][PASSED] - Text 'Accessibility at the Ontario Cannabis Store (OCS)' is present on page 

2019-05-18 15:50:02 - [TEST_STEP][PASSED] - comment("flag =" + flag): flag =true

2019-05-18 15:50:02 - [MESSAGE][INFO] - flag =true

2019-05-18 15:50:02 - [TEST_STEP][PASSED] - if (flag == false): null

2019-05-18 15:50:02 - [TEST_STEP][PASSED] - else:  naviagtion is  on right page

2019-05-18 15:50:02 - [TEST_STEP][PASSED] - comment(" naviagtion is  on right page"):  naviagtion is  on right page

2019-05-18 15:50:02 - [MESSAGE][INFO] -  naviagtion is  on right page]]></system-out>
         <system-err><![CDATA[]]></system-err>
      </testcase>
      <testcase name="Test Cases/OCS - MOBILE/OCS- HOME PAGE/HP-Burger menu -cannabis" classname="Test Cases/OCS - MOBILE/OCS- HOME PAGE/HP-Burger menu -cannabis" status="PASSED">
         <system-out><![CDATA[2019-05-18 15:50:02 - [TEST_CASE][PASSED] - Test Cases/OCS - MOBILE/OCS- HOME PAGE/HP-Burger menu -cannabis: Test Cases/OCS - MOBILE/OCS- HOME PAGE/HP-Burger menu -cannabis

2019-05-18 15:50:03 - [TEST_STEP][PASSED] - openBrowser(""): Browser is opened with url: ''

2019-05-18 15:50:03 - [MESSAGE][WARNING] - A browser is already opened. Closing browser and opening a new one

2019-05-18 15:50:03 - [MESSAGE][INFO] - Starting 'Chrome' driver

2019-05-18 15:50:04 - [MESSAGE][PASSED] - Browser is opened with url: ''

2019-05-18 15:50:04 - [TEST_STEP][PASSED] - navigateToUrl("https://ocs.ca/?fts=0&preview_theme_id=53373863756"): Navigate to 'https://ocs.ca/?fts=0&preview_theme_id=53373863756' successfully

2019-05-18 15:50:07 - [MESSAGE][PASSED] - Navigate to 'https://ocs.ca/?fts=0&preview_theme_id=53373863756' successfully

2019-05-18 15:50:07 - [TEST_STEP][PASSED] - setViewPortSize(360, 800): Viewport is set to new size with width = 360 and height = 800

2019-05-18 15:50:07 - [MESSAGE][PASSED] - Viewport is set to new size with width = 360 and height = 800

2019-05-18 15:50:07 - [TEST_STEP][PASSED] - delay(4): Delayed 4 second(s)

2019-05-18 15:50:11 - [MESSAGE][PASSED] - Delayed 4 second(s)

2019-05-18 15:50:11 - [TEST_STEP][PASSED] - selectOptionByValue(findTestObject("OCS-MOBILE /Age gate and burger menu/Date"), "12", true): All options with value '12' are selected in object 'Object Repository/OCS-MOBILE /Age gate and burger menu/Date'  using regular expression

2019-05-18 15:50:12 - [MESSAGE][PASSED] - All options with value '12' are selected in object 'Object Repository/OCS-MOBILE /Age gate and burger menu/Date'  using regular expression

2019-05-18 15:50:12 - [TEST_STEP][PASSED] - selectOptionByValue(findTestObject("OCS-MOBILE /Age gate and burger menu/month"), "6", true): All options with value '6' are selected in object 'Object Repository/OCS-MOBILE /Age gate and burger menu/month'  using regular expression

2019-05-18 15:50:12 - [MESSAGE][PASSED] - All options with value '6' are selected in object 'Object Repository/OCS-MOBILE /Age gate and burger menu/month'  using regular expression

2019-05-18 15:50:12 - [TEST_STEP][PASSED] - delay(2): Delayed 2 second(s)

2019-05-18 15:50:14 - [MESSAGE][PASSED] - Delayed 2 second(s)

2019-05-18 15:50:14 - [TEST_STEP][PASSED] - selectOptionByValue(findTestObject("OCS-MOBILE /Age gate and burger menu/Year Dropdown"), "1990", true): All options with value '1990' are selected in object 'Object Repository/OCS-MOBILE /Age gate and burger menu/Year Dropdown'  using regular expression

2019-05-18 15:50:15 - [MESSAGE][PASSED] - All options with value '1990' are selected in object 'Object Repository/OCS-MOBILE /Age gate and burger menu/Year Dropdown'  using regular expression

2019-05-18 15:50:15 - [TEST_STEP][PASSED] - click(findTestObject("OCS-MOBILE /Age gate and burger menu/button_Verify")): Object: 'Object Repository/OCS-MOBILE /Age gate and burger menu/button_Verify' is clicked on

2019-05-18 15:50:15 - [MESSAGE][PASSED] - Object: 'Object Repository/OCS-MOBILE /Age gate and burger menu/button_Verify' is clicked on

2019-05-18 15:50:15 - [TEST_STEP][PASSED] - click(findTestObject("OCS-MOBILE /Age gate and burger menu/Checkbox_CONFIRM AND ACKNOWLEDGE")): Object: 'Object Repository/OCS-MOBILE /Age gate and burger menu/Checkbox_CONFIRM AND ACKNOWLEDGE' is clicked on

2019-05-18 15:50:15 - [MESSAGE][PASSED] - Object: 'Object Repository/OCS-MOBILE /Age gate and burger menu/Checkbox_CONFIRM AND ACKNOWLEDGE' is clicked on

2019-05-18 15:50:15 - [TEST_STEP][PASSED] - click(findTestObject("OCS-MOBILE /Age gate and burger menu/button_CONFIRM")): Object: 'Object Repository/OCS-MOBILE /Age gate and burger menu/button_CONFIRM' is clicked on

2019-05-18 15:50:15 - [MESSAGE][PASSED] - Object: 'Object Repository/OCS-MOBILE /Age gate and burger menu/button_CONFIRM' is clicked on

2019-05-18 15:50:15 - [TEST_STEP][PASSED] - click(findTestObject("OCS-MOBILE /Age gate and burger menu/button_Start Browsing")): Object: 'Object Repository/OCS-MOBILE /Age gate and burger menu/button_Start Browsing' is clicked on

2019-05-18 15:50:15 - [MESSAGE][PASSED] - Object: 'Object Repository/OCS-MOBILE /Age gate and burger menu/button_Start Browsing' is clicked on

2019-05-18 15:50:15 - [TEST_STEP][PASSED] - delay(2): Delayed 2 second(s)

2019-05-18 15:50:17 - [MESSAGE][PASSED] - Delayed 2 second(s)

2019-05-18 15:50:17 - [TEST_STEP][PASSED] - click(findTestObject("OCS-MOBILE /Age gate and burger menu/Burger menu - English"), CONTINUE_ON_FAILURE): Object: 'Object Repository/OCS-MOBILE /Age gate and burger menu/Burger menu - English' is clicked on

2019-05-18 15:50:17 - [MESSAGE][PASSED] - Object: 'Object Repository/OCS-MOBILE /Age gate and burger menu/Burger menu - English' is clicked on

2019-05-18 15:50:17 - [TEST_STEP][PASSED] - delay(2, CONTINUE_ON_FAILURE): Delayed 2 second(s)

2019-05-18 15:50:19 - [MESSAGE][PASSED] - Delayed 2 second(s)

2019-05-18 15:50:19 - [TEST_STEP][PASSED] - click(findTestObject("OCS-MOBILE /Cannabis page/Cannabis chevron")): Object: 'Object Repository/OCS-MOBILE /Cannabis page/Cannabis chevron' is clicked on

2019-05-18 15:50:19 - [MESSAGE][PASSED] - Object: 'Object Repository/OCS-MOBILE /Cannabis page/Cannabis chevron' is clicked on

2019-05-18 15:50:19 - [TEST_STEP][PASSED] - delay(1, CONTINUE_ON_FAILURE): Delayed 1 second(s)

2019-05-18 15:50:20 - [MESSAGE][PASSED] - Delayed 1 second(s)

2019-05-18 15:50:20 - [TEST_STEP][PASSED] - click(findTestObject("OCS-MOBILE /Cannabis page/Dried flower - plus accordian")): Object: 'Object Repository/OCS-MOBILE /Cannabis page/Dried flower - plus accordian' is clicked on

2019-05-18 15:50:21 - [MESSAGE][PASSED] - Object: 'Object Repository/OCS-MOBILE /Cannabis page/Dried flower - plus accordian' is clicked on

2019-05-18 15:50:21 - [TEST_STEP][PASSED] - delay(1, CONTINUE_ON_FAILURE): Delayed 1 second(s)

2019-05-18 15:50:22 - [MESSAGE][PASSED] - Delayed 1 second(s)

2019-05-18 15:50:22 - [TEST_STEP][PASSED] - click(findTestObject("OCS-MOBILE /Cannabis page/Dried flower -subtract accordian")): Object: 'Object Repository/OCS-MOBILE /Cannabis page/Dried flower -subtract accordian' is clicked on

2019-05-18 15:50:22 - [MESSAGE][PASSED] - Object: 'Object Repository/OCS-MOBILE /Cannabis page/Dried flower -subtract accordian' is clicked on

2019-05-18 15:50:22 - [TEST_STEP][PASSED] - delay(1, CONTINUE_ON_FAILURE): Delayed 1 second(s)

2019-05-18 15:50:23 - [MESSAGE][PASSED] - Delayed 1 second(s)

2019-05-18 15:50:23 - [TEST_STEP][PASSED] - click(findTestObject("OCS-MOBILE /Cannabis page/Dried flower - plus accordian")): Object: 'Object Repository/OCS-MOBILE /Cannabis page/Dried flower - plus accordian' is clicked on

2019-05-18 15:50:23 - [MESSAGE][PASSED] - Object: 'Object Repository/OCS-MOBILE /Cannabis page/Dried flower - plus accordian' is clicked on

2019-05-18 15:50:23 - [TEST_STEP][PASSED] - delay(1, CONTINUE_ON_FAILURE): Delayed 1 second(s)

2019-05-18 15:50:24 - [MESSAGE][PASSED] - Delayed 1 second(s)

2019-05-18 15:50:24 - [TEST_STEP][PASSED] - click(findTestObject("OCS-MOBILE /Cannabis page/Dried flower - Indica dominant")): Object: 'Object Repository/OCS-MOBILE /Cannabis page/Dried flower - Indica dominant' is clicked on

2019-05-18 15:50:26 - [MESSAGE][PASSED] - Object: 'Object Repository/OCS-MOBILE /Cannabis page/Dried flower - Indica dominant' is clicked on

2019-05-18 15:50:26 - [TEST_STEP][PASSED] - delay(1, CONTINUE_ON_FAILURE): Delayed 1 second(s)

2019-05-18 15:50:27 - [MESSAGE][PASSED] - Delayed 1 second(s)

2019-05-18 15:50:27 - [TEST_STEP][PASSED] - click(findTestObject("OCS-MOBILE /Age gate and burger menu/Burger menu - English"), CONTINUE_ON_FAILURE): Object: 'Object Repository/OCS-MOBILE /Age gate and burger menu/Burger menu - English' is clicked on

2019-05-18 15:50:27 - [MESSAGE][PASSED] - Object: 'Object Repository/OCS-MOBILE /Age gate and burger menu/Burger menu - English' is clicked on

2019-05-18 15:50:27 - [TEST_STEP][PASSED] - delay(2, CONTINUE_ON_FAILURE): Delayed 2 second(s)

2019-05-18 15:50:29 - [MESSAGE][PASSED] - Delayed 2 second(s)

2019-05-18 15:50:29 - [TEST_STEP][PASSED] - click(findTestObject("OCS-MOBILE /Cannabis page/Cannabis chevron")): Object: 'Object Repository/OCS-MOBILE /Cannabis page/Cannabis chevron' is clicked on

2019-05-18 15:50:29 - [MESSAGE][PASSED] - Object: 'Object Repository/OCS-MOBILE /Cannabis page/Cannabis chevron' is clicked on

2019-05-18 15:50:29 - [TEST_STEP][PASSED] - delay(1, CONTINUE_ON_FAILURE): Delayed 1 second(s)

2019-05-18 15:50:30 - [MESSAGE][PASSED] - Delayed 1 second(s)

2019-05-18 15:50:30 - [TEST_STEP][PASSED] - click(findTestObject("OCS-MOBILE /Cannabis page/Dried flower - plus accordian")): Object: 'Object Repository/OCS-MOBILE /Cannabis page/Dried flower - plus accordian' is clicked on

2019-05-18 15:50:30 - [MESSAGE][PASSED] - Object: 'Object Repository/OCS-MOBILE /Cannabis page/Dried flower - plus accordian' is clicked on

2019-05-18 15:50:30 - [TEST_STEP][PASSED] - delay(1, CONTINUE_ON_FAILURE): Delayed 1 second(s)

2019-05-18 15:50:31 - [MESSAGE][PASSED] - Delayed 1 second(s)

2019-05-18 15:50:31 - [TEST_STEP][PASSED] - click(findTestObject("OCS-MOBILE /Cannabis page/Dried flower - sativa dominant")): Object: 'Object Repository/OCS-MOBILE /Cannabis page/Dried flower - sativa dominant' is clicked on

2019-05-18 15:50:33 - [MESSAGE][PASSED] - Object: 'Object Repository/OCS-MOBILE /Cannabis page/Dried flower - sativa dominant' is clicked on

2019-05-18 15:50:33 - [TEST_STEP][PASSED] - delay(1, CONTINUE_ON_FAILURE): Delayed 1 second(s)

2019-05-18 15:50:34 - [MESSAGE][PASSED] - Delayed 1 second(s)

2019-05-18 15:50:34 - [TEST_STEP][PASSED] - delay(1, CONTINUE_ON_FAILURE): Delayed 1 second(s)

2019-05-18 15:50:35 - [MESSAGE][PASSED] - Delayed 1 second(s)

2019-05-18 15:50:35 - [TEST_STEP][PASSED] - click(findTestObject("OCS-MOBILE /Age gate and burger menu/Burger menu - English"), CONTINUE_ON_FAILURE): Object: 'Object Repository/OCS-MOBILE /Age gate and burger menu/Burger menu - English' is clicked on

2019-05-18 15:50:36 - [MESSAGE][PASSED] - Object: 'Object Repository/OCS-MOBILE /Age gate and burger menu/Burger menu - English' is clicked on

2019-05-18 15:50:36 - [TEST_STEP][PASSED] - delay(2, CONTINUE_ON_FAILURE): Delayed 2 second(s)

2019-05-18 15:50:38 - [MESSAGE][PASSED] - Delayed 2 second(s)

2019-05-18 15:50:38 - [TEST_STEP][PASSED] - click(findTestObject("OCS-MOBILE /Cannabis page/Cannabis chevron")): Object: 'Object Repository/OCS-MOBILE /Cannabis page/Cannabis chevron' is clicked on

2019-05-18 15:50:38 - [MESSAGE][PASSED] - Object: 'Object Repository/OCS-MOBILE /Cannabis page/Cannabis chevron' is clicked on

2019-05-18 15:50:38 - [TEST_STEP][PASSED] - delay(1, CONTINUE_ON_FAILURE): Delayed 1 second(s)

2019-05-18 15:50:39 - [MESSAGE][PASSED] - Delayed 1 second(s)

2019-05-18 15:50:39 - [TEST_STEP][PASSED] - click(findTestObject("OCS-MOBILE /Cannabis page/Dried flower - plus accordian")): Object: 'Object Repository/OCS-MOBILE /Cannabis page/Dried flower - plus accordian' is clicked on

2019-05-18 15:50:39 - [MESSAGE][PASSED] - Object: 'Object Repository/OCS-MOBILE /Cannabis page/Dried flower - plus accordian' is clicked on

2019-05-18 15:50:39 - [TEST_STEP][PASSED] - delay(1, CONTINUE_ON_FAILURE): Delayed 1 second(s)

2019-05-18 15:50:40 - [MESSAGE][PASSED] - Delayed 1 second(s)

2019-05-18 15:50:40 - [TEST_STEP][PASSED] - click(findTestObject("OCS-MOBILE /Cannabis page/Dried flower - Hybrid")): Object: 'Object Repository/OCS-MOBILE /Cannabis page/Dried flower - Hybrid' is clicked on

2019-05-18 15:50:42 - [MESSAGE][PASSED] - Object: 'Object Repository/OCS-MOBILE /Cannabis page/Dried flower - Hybrid' is clicked on

2019-05-18 15:50:42 - [TEST_STEP][PASSED] - delay(1, CONTINUE_ON_FAILURE): Delayed 1 second(s)

2019-05-18 15:50:43 - [MESSAGE][PASSED] - Delayed 1 second(s)

2019-05-18 15:50:43 - [TEST_STEP][PASSED] - click(findTestObject("OCS-MOBILE /Age gate and burger menu/Burger menu - English"), CONTINUE_ON_FAILURE): Object: 'Object Repository/OCS-MOBILE /Age gate and burger menu/Burger menu - English' is clicked on

2019-05-18 15:50:43 - [MESSAGE][PASSED] - Object: 'Object Repository/OCS-MOBILE /Age gate and burger menu/Burger menu - English' is clicked on

2019-05-18 15:50:43 - [TEST_STEP][PASSED] - delay(2, CONTINUE_ON_FAILURE): Delayed 2 second(s)

2019-05-18 15:50:45 - [MESSAGE][PASSED] - Delayed 2 second(s)

2019-05-18 15:50:45 - [TEST_STEP][PASSED] - click(findTestObject("OCS-MOBILE /Cannabis page/Cannabis chevron")): Object: 'Object Repository/OCS-MOBILE /Cannabis page/Cannabis chevron' is clicked on

2019-05-18 15:50:45 - [MESSAGE][PASSED] - Object: 'Object Repository/OCS-MOBILE /Cannabis page/Cannabis chevron' is clicked on

2019-05-18 15:50:45 - [TEST_STEP][PASSED] - delay(1, CONTINUE_ON_FAILURE): Delayed 1 second(s)

2019-05-18 15:50:46 - [MESSAGE][PASSED] - Delayed 1 second(s)

2019-05-18 15:50:46 - [TEST_STEP][PASSED] - click(findTestObject("OCS-MOBILE /Cannabis page/Dried flower - plus accordian")): Object: 'Object Repository/OCS-MOBILE /Cannabis page/Dried flower - plus accordian' is clicked on

2019-05-18 15:50:47 - [MESSAGE][PASSED] - Object: 'Object Repository/OCS-MOBILE /Cannabis page/Dried flower - plus accordian' is clicked on

2019-05-18 15:50:47 - [TEST_STEP][PASSED] - delay(1, CONTINUE_ON_FAILURE): Delayed 1 second(s)

2019-05-18 15:50:48 - [MESSAGE][PASSED] - Delayed 1 second(s)

2019-05-18 15:50:48 - [TEST_STEP][PASSED] - click(findTestObject("OCS-MOBILE /Cannabis page/Shop all dried flower")): Object: 'Object Repository/OCS-MOBILE /Cannabis page/Shop all dried flower' is clicked on

2019-05-18 15:50:49 - [MESSAGE][PASSED] - Object: 'Object Repository/OCS-MOBILE /Cannabis page/Shop all dried flower' is clicked on

2019-05-18 15:50:49 - [TEST_STEP][PASSED] - delay(1, CONTINUE_ON_FAILURE): Delayed 1 second(s)

2019-05-18 15:50:50 - [MESSAGE][PASSED] - Delayed 1 second(s)

2019-05-18 15:50:51 - [TEST_STEP][PASSED] - click(findTestObject("OCS-MOBILE /Age gate and burger menu/Burger menu - English"), CONTINUE_ON_FAILURE): Object: 'Object Repository/OCS-MOBILE /Age gate and burger menu/Burger menu - English' is clicked on

2019-05-18 15:50:51 - [MESSAGE][PASSED] - Object: 'Object Repository/OCS-MOBILE /Age gate and burger menu/Burger menu - English' is clicked on

2019-05-18 15:50:51 - [TEST_STEP][PASSED] - delay(2, CONTINUE_ON_FAILURE): Delayed 2 second(s)

2019-05-18 15:50:53 - [MESSAGE][PASSED] - Delayed 2 second(s)

2019-05-18 15:50:53 - [TEST_STEP][PASSED] - click(findTestObject("OCS-MOBILE /Cannabis page/Cannabis chevron")): Object: 'Object Repository/OCS-MOBILE /Cannabis page/Cannabis chevron' is clicked on

2019-05-18 15:50:53 - [MESSAGE][PASSED] - Object: 'Object Repository/OCS-MOBILE /Cannabis page/Cannabis chevron' is clicked on

2019-05-18 15:50:53 - [TEST_STEP][PASSED] - delay(1, CONTINUE_ON_FAILURE): Delayed 1 second(s)

2019-05-18 15:50:54 - [MESSAGE][PASSED] - Delayed 1 second(s)

2019-05-18 15:50:54 - [TEST_STEP][PASSED] - click(findTestObject("OCS-MOBILE /Cannabis page/Prerolled - Plus accordian")): Object: 'Object Repository/OCS-MOBILE /Cannabis page/Prerolled - Plus accordian' is clicked on

2019-05-18 15:50:54 - [MESSAGE][PASSED] - Object: 'Object Repository/OCS-MOBILE /Cannabis page/Prerolled - Plus accordian' is clicked on

2019-05-18 15:50:54 - [TEST_STEP][PASSED] - delay(1, CONTINUE_ON_FAILURE): Delayed 1 second(s)

2019-05-18 15:50:55 - [MESSAGE][PASSED] - Delayed 1 second(s)

2019-05-18 15:50:55 - [TEST_STEP][PASSED] - click(findTestObject("OCS-MOBILE /Cannabis page/Prerolled - subtract accordian")): Object: 'Object Repository/OCS-MOBILE /Cannabis page/Prerolled - subtract accordian' is clicked on

2019-05-18 15:50:55 - [MESSAGE][PASSED] - Object: 'Object Repository/OCS-MOBILE /Cannabis page/Prerolled - subtract accordian' is clicked on

2019-05-18 15:50:55 - [TEST_STEP][PASSED] - delay(1, CONTINUE_ON_FAILURE): Delayed 1 second(s)

2019-05-18 15:50:56 - [MESSAGE][PASSED] - Delayed 1 second(s)

2019-05-18 15:50:56 - [TEST_STEP][PASSED] - click(findTestObject("OCS-MOBILE /Cannabis page/Prerolled - Plus accordian")): Object: 'Object Repository/OCS-MOBILE /Cannabis page/Prerolled - Plus accordian' is clicked on

2019-05-18 15:50:56 - [MESSAGE][PASSED] - Object: 'Object Repository/OCS-MOBILE /Cannabis page/Prerolled - Plus accordian' is clicked on

2019-05-18 15:50:56 - [TEST_STEP][PASSED] - delay(1, CONTINUE_ON_FAILURE): Delayed 1 second(s)

2019-05-18 15:50:57 - [MESSAGE][PASSED] - Delayed 1 second(s)

2019-05-18 15:50:57 - [TEST_STEP][PASSED] - click(findTestObject("OCS-MOBILE /Cannabis page/Prerolled - Indica dominant")): Object: 'Object Repository/OCS-MOBILE /Cannabis page/Prerolled - Indica dominant' is clicked on

2019-05-18 15:51:00 - [MESSAGE][PASSED] - Object: 'Object Repository/OCS-MOBILE /Cannabis page/Prerolled - Indica dominant' is clicked on

2019-05-18 15:51:00 - [TEST_STEP][PASSED] - delay(1, CONTINUE_ON_FAILURE): Delayed 1 second(s)

2019-05-18 15:51:01 - [MESSAGE][PASSED] - Delayed 1 second(s)

2019-05-18 15:51:01 - [TEST_STEP][PASSED] - click(findTestObject("OCS-MOBILE /Age gate and burger menu/Burger menu - English"), CONTINUE_ON_FAILURE): Object: 'Object Repository/OCS-MOBILE /Age gate and burger menu/Burger menu - English' is clicked on

2019-05-18 15:51:01 - [MESSAGE][PASSED] - Object: 'Object Repository/OCS-MOBILE /Age gate and burger menu/Burger menu - English' is clicked on

2019-05-18 15:51:01 - [TEST_STEP][PASSED] - delay(2, CONTINUE_ON_FAILURE): Delayed 2 second(s)

2019-05-18 15:51:03 - [MESSAGE][PASSED] - Delayed 2 second(s)

2019-05-18 15:51:03 - [TEST_STEP][PASSED] - click(findTestObject("OCS-MOBILE /Cannabis page/Cannabis chevron")): Object: 'Object Repository/OCS-MOBILE /Cannabis page/Cannabis chevron' is clicked on

2019-05-18 15:51:03 - [MESSAGE][PASSED] - Object: 'Object Repository/OCS-MOBILE /Cannabis page/Cannabis chevron' is clicked on

2019-05-18 15:51:03 - [TEST_STEP][PASSED] - delay(1, CONTINUE_ON_FAILURE): Delayed 1 second(s)

2019-05-18 15:51:04 - [MESSAGE][PASSED] - Delayed 1 second(s)

2019-05-18 15:51:04 - [TEST_STEP][PASSED] - click(findTestObject("OCS-MOBILE /Cannabis page/Prerolled - Plus accordian")): Object: 'Object Repository/OCS-MOBILE /Cannabis page/Prerolled - Plus accordian' is clicked on

2019-05-18 15:51:04 - [MESSAGE][PASSED] - Object: 'Object Repository/OCS-MOBILE /Cannabis page/Prerolled - Plus accordian' is clicked on

2019-05-18 15:51:04 - [TEST_STEP][PASSED] - delay(1, CONTINUE_ON_FAILURE): Delayed 1 second(s)

2019-05-18 15:51:05 - [MESSAGE][PASSED] - Delayed 1 second(s)

2019-05-18 15:51:05 - [TEST_STEP][PASSED] - click(findTestObject("OCS-MOBILE /Cannabis page/Prerolled - sativa dominant")): Object: 'Object Repository/OCS-MOBILE /Cannabis page/Prerolled - sativa dominant' is clicked on

2019-05-18 15:51:06 - [MESSAGE][PASSED] - Object: 'Object Repository/OCS-MOBILE /Cannabis page/Prerolled - sativa dominant' is clicked on

2019-05-18 15:51:06 - [TEST_STEP][PASSED] - delay(1, CONTINUE_ON_FAILURE): Delayed 1 second(s)

2019-05-18 15:51:07 - [MESSAGE][PASSED] - Delayed 1 second(s)

2019-05-18 15:51:07 - [TEST_STEP][PASSED] - click(findTestObject("OCS-MOBILE /Age gate and burger menu/Burger menu - English"), CONTINUE_ON_FAILURE): Object: 'Object Repository/OCS-MOBILE /Age gate and burger menu/Burger menu - English' is clicked on

2019-05-18 15:51:08 - [MESSAGE][PASSED] - Object: 'Object Repository/OCS-MOBILE /Age gate and burger menu/Burger menu - English' is clicked on

2019-05-18 15:51:08 - [TEST_STEP][PASSED] - delay(2, CONTINUE_ON_FAILURE): Delayed 2 second(s)

2019-05-18 15:51:10 - [MESSAGE][PASSED] - Delayed 2 second(s)

2019-05-18 15:51:10 - [TEST_STEP][PASSED] - click(findTestObject("OCS-MOBILE /Cannabis page/Cannabis chevron")): Object: 'Object Repository/OCS-MOBILE /Cannabis page/Cannabis chevron' is clicked on

2019-05-18 15:51:10 - [MESSAGE][PASSED] - Object: 'Object Repository/OCS-MOBILE /Cannabis page/Cannabis chevron' is clicked on

2019-05-18 15:51:10 - [TEST_STEP][PASSED] - delay(1, CONTINUE_ON_FAILURE): Delayed 1 second(s)

2019-05-18 15:51:11 - [MESSAGE][PASSED] - Delayed 1 second(s)

2019-05-18 15:51:11 - [TEST_STEP][PASSED] - click(findTestObject("OCS-MOBILE /Cannabis page/Prerolled - Plus accordian")): Object: 'Object Repository/OCS-MOBILE /Cannabis page/Prerolled - Plus accordian' is clicked on

2019-05-18 15:51:11 - [MESSAGE][PASSED] - Object: 'Object Repository/OCS-MOBILE /Cannabis page/Prerolled - Plus accordian' is clicked on

2019-05-18 15:51:11 - [TEST_STEP][PASSED] - delay(1, CONTINUE_ON_FAILURE): Delayed 1 second(s)

2019-05-18 15:51:12 - [MESSAGE][PASSED] - Delayed 1 second(s)

2019-05-18 15:51:12 - [TEST_STEP][PASSED] - click(findTestObject("OCS-MOBILE /Cannabis page/Prerolled - Hybrid")): Object: 'Object Repository/OCS-MOBILE /Cannabis page/Prerolled - Hybrid' is clicked on

2019-05-18 15:51:13 - [MESSAGE][PASSED] - Object: 'Object Repository/OCS-MOBILE /Cannabis page/Prerolled - Hybrid' is clicked on

2019-05-18 15:51:13 - [TEST_STEP][PASSED] - delay(1, CONTINUE_ON_FAILURE): Delayed 1 second(s)

2019-05-18 15:51:14 - [MESSAGE][PASSED] - Delayed 1 second(s)

2019-05-18 15:51:14 - [TEST_STEP][PASSED] - click(findTestObject("OCS-MOBILE /Age gate and burger menu/Burger menu - English"), CONTINUE_ON_FAILURE): Object: 'Object Repository/OCS-MOBILE /Age gate and burger menu/Burger menu - English' is clicked on

2019-05-18 15:51:14 - [MESSAGE][PASSED] - Object: 'Object Repository/OCS-MOBILE /Age gate and burger menu/Burger menu - English' is clicked on

2019-05-18 15:51:14 - [TEST_STEP][PASSED] - delay(2, CONTINUE_ON_FAILURE): Delayed 2 second(s)

2019-05-18 15:51:16 - [MESSAGE][PASSED] - Delayed 2 second(s)

2019-05-18 15:51:16 - [TEST_STEP][PASSED] - click(findTestObject("OCS-MOBILE /Cannabis page/Cannabis chevron")): Object: 'Object Repository/OCS-MOBILE /Cannabis page/Cannabis chevron' is clicked on

2019-05-18 15:51:17 - [MESSAGE][PASSED] - Object: 'Object Repository/OCS-MOBILE /Cannabis page/Cannabis chevron' is clicked on

2019-05-18 15:51:17 - [TEST_STEP][PASSED] - delay(1, CONTINUE_ON_FAILURE): Delayed 1 second(s)

2019-05-18 15:51:18 - [MESSAGE][PASSED] - Delayed 1 second(s)

2019-05-18 15:51:18 - [TEST_STEP][PASSED] - click(findTestObject("OCS-MOBILE /Cannabis page/Prerolled - Plus accordian")): Object: 'Object Repository/OCS-MOBILE /Cannabis page/Prerolled - Plus accordian' is clicked on

2019-05-18 15:51:18 - [MESSAGE][PASSED] - Object: 'Object Repository/OCS-MOBILE /Cannabis page/Prerolled - Plus accordian' is clicked on

2019-05-18 15:51:18 - [TEST_STEP][PASSED] - delay(1, CONTINUE_ON_FAILURE): Delayed 1 second(s)

2019-05-18 15:51:19 - [MESSAGE][PASSED] - Delayed 1 second(s)

2019-05-18 15:51:19 - [TEST_STEP][PASSED] - click(findTestObject("OCS-MOBILE /Cannabis page/Shop all prerolled")): Object: 'Object Repository/OCS-MOBILE /Cannabis page/Shop all prerolled' is clicked on

2019-05-18 15:51:21 - [MESSAGE][PASSED] - Object: 'Object Repository/OCS-MOBILE /Cannabis page/Shop all prerolled' is clicked on

2019-05-18 15:51:21 - [TEST_STEP][PASSED] - delay(1, CONTINUE_ON_FAILURE): Delayed 1 second(s)

2019-05-18 15:51:22 - [MESSAGE][PASSED] - Delayed 1 second(s)

2019-05-18 15:51:22 - [TEST_STEP][PASSED] - click(findTestObject("OCS-MOBILE /Age gate and burger menu/Burger menu - English"), CONTINUE_ON_FAILURE): Object: 'Object Repository/OCS-MOBILE /Age gate and burger menu/Burger menu - English' is clicked on

2019-05-18 15:51:22 - [MESSAGE][PASSED] - Object: 'Object Repository/OCS-MOBILE /Age gate and burger menu/Burger menu - English' is clicked on

2019-05-18 15:51:22 - [TEST_STEP][PASSED] - delay(2, CONTINUE_ON_FAILURE): Delayed 2 second(s)

2019-05-18 15:51:24 - [MESSAGE][PASSED] - Delayed 2 second(s)

2019-05-18 15:51:24 - [TEST_STEP][PASSED] - click(findTestObject("OCS-MOBILE /Cannabis page/Cannabis chevron")): Object: 'Object Repository/OCS-MOBILE /Cannabis page/Cannabis chevron' is clicked on

2019-05-18 15:51:24 - [MESSAGE][PASSED] - Object: 'Object Repository/OCS-MOBILE /Cannabis page/Cannabis chevron' is clicked on

2019-05-18 15:51:24 - [TEST_STEP][PASSED] - delay(1, CONTINUE_ON_FAILURE): Delayed 1 second(s)

2019-05-18 15:51:25 - [MESSAGE][PASSED] - Delayed 1 second(s)

2019-05-18 15:51:25 - [TEST_STEP][NOT_RUN] - click(findTestObject("OCS-MOBILE /Cannabis page/Prerolled - Plus accordian")): NOT_RUN: click(findTestObject("OCS-MOBILE /Cannabis page/Prerolled - Plus accordian"))

2019-05-18 15:51:25 - [MESSAGE][NOT_RUN] - NOT_RUN: click(findTestObject("OCS-MOBILE /Cannabis page/Prerolled - Plus accordian"))

2019-05-18 15:51:25 - [TEST_STEP][PASSED] - delay(1, CONTINUE_ON_FAILURE): Delayed 1 second(s)

2019-05-18 15:51:26 - [MESSAGE][PASSED] - Delayed 1 second(s)

2019-05-18 15:51:26 - [TEST_STEP][PASSED] - click(findTestObject("OCS-MOBILE /Cannabis page/Oils - plus accordian")): Object: 'Object Repository/OCS-MOBILE /Cannabis page/Oils - plus accordian' is clicked on

2019-05-18 15:51:26 - [MESSAGE][PASSED] - Object: 'Object Repository/OCS-MOBILE /Cannabis page/Oils - plus accordian' is clicked on

2019-05-18 15:51:26 - [TEST_STEP][PASSED] - delay(1, CONTINUE_ON_FAILURE): Delayed 1 second(s)

2019-05-18 15:51:27 - [MESSAGE][PASSED] - Delayed 1 second(s)

2019-05-18 15:51:27 - [TEST_STEP][PASSED] - click(findTestObject("OCS-MOBILE /Cannabis page/Oils - subtract accordian")): Object: 'Object Repository/OCS-MOBILE /Cannabis page/Oils - subtract accordian' is clicked on

2019-05-18 15:51:27 - [MESSAGE][PASSED] - Object: 'Object Repository/OCS-MOBILE /Cannabis page/Oils - subtract accordian' is clicked on

2019-05-18 15:51:27 - [TEST_STEP][PASSED] - delay(1, CONTINUE_ON_FAILURE): Delayed 1 second(s)

2019-05-18 15:51:28 - [MESSAGE][PASSED] - Delayed 1 second(s)

2019-05-18 15:51:28 - [TEST_STEP][PASSED] - click(findTestObject("OCS-MOBILE /Cannabis page/Oils - plus accordian")): Object: 'Object Repository/OCS-MOBILE /Cannabis page/Oils - plus accordian' is clicked on

2019-05-18 15:51:28 - [MESSAGE][PASSED] - Object: 'Object Repository/OCS-MOBILE /Cannabis page/Oils - plus accordian' is clicked on

2019-05-18 15:51:28 - [TEST_STEP][PASSED] - delay(1, CONTINUE_ON_FAILURE): Delayed 1 second(s)

2019-05-18 15:51:29 - [MESSAGE][PASSED] - Delayed 1 second(s)

2019-05-18 15:51:29 - [TEST_STEP][PASSED] - click(findTestObject("OCS-MOBILE /Cannabis page/Oils - Bottled oils")): Object: 'Object Repository/OCS-MOBILE /Cannabis page/Oils - Bottled oils' is clicked on

2019-05-18 15:51:31 - [MESSAGE][PASSED] - Object: 'Object Repository/OCS-MOBILE /Cannabis page/Oils - Bottled oils' is clicked on

2019-05-18 15:51:31 - [TEST_STEP][PASSED] - delay(1, CONTINUE_ON_FAILURE): Delayed 1 second(s)

2019-05-18 15:51:32 - [MESSAGE][PASSED] - Delayed 1 second(s)

2019-05-18 15:51:32 - [TEST_STEP][PASSED] - click(findTestObject("OCS-MOBILE /Age gate and burger menu/Burger menu - English"), CONTINUE_ON_FAILURE): Object: 'Object Repository/OCS-MOBILE /Age gate and burger menu/Burger menu - English' is clicked on

2019-05-18 15:51:32 - [MESSAGE][PASSED] - Object: 'Object Repository/OCS-MOBILE /Age gate and burger menu/Burger menu - English' is clicked on

2019-05-18 15:51:32 - [TEST_STEP][PASSED] - delay(2, CONTINUE_ON_FAILURE): Delayed 2 second(s)

2019-05-18 15:51:34 - [MESSAGE][PASSED] - Delayed 2 second(s)

2019-05-18 15:51:34 - [TEST_STEP][PASSED] - click(findTestObject("OCS-MOBILE /Cannabis page/Cannabis chevron")): Object: 'Object Repository/OCS-MOBILE /Cannabis page/Cannabis chevron' is clicked on

2019-05-18 15:51:34 - [MESSAGE][PASSED] - Object: 'Object Repository/OCS-MOBILE /Cannabis page/Cannabis chevron' is clicked on

2019-05-18 15:51:34 - [TEST_STEP][PASSED] - delay(1, CONTINUE_ON_FAILURE): Delayed 1 second(s)

2019-05-18 15:51:35 - [MESSAGE][PASSED] - Delayed 1 second(s)

2019-05-18 15:51:35 - [TEST_STEP][PASSED] - click(findTestObject("OCS-MOBILE /Cannabis page/Oils - plus accordian")): Object: 'Object Repository/OCS-MOBILE /Cannabis page/Oils - plus accordian' is clicked on

2019-05-18 15:51:35 - [MESSAGE][PASSED] - Object: 'Object Repository/OCS-MOBILE /Cannabis page/Oils - plus accordian' is clicked on

2019-05-18 15:51:35 - [TEST_STEP][PASSED] - delay(1, CONTINUE_ON_FAILURE): Delayed 1 second(s)

2019-05-18 15:51:36 - [MESSAGE][PASSED] - Delayed 1 second(s)

2019-05-18 15:51:36 - [TEST_STEP][PASSED] - click(findTestObject("OCS-MOBILE /Cannabis page/Oils - oral sprays")): Object: 'Object Repository/OCS-MOBILE /Cannabis page/Oils - oral sprays' is clicked on

2019-05-18 15:51:38 - [MESSAGE][PASSED] - Object: 'Object Repository/OCS-MOBILE /Cannabis page/Oils - oral sprays' is clicked on

2019-05-18 15:51:38 - [TEST_STEP][PASSED] - delay(1, CONTINUE_ON_FAILURE): Delayed 1 second(s)

2019-05-18 15:51:39 - [MESSAGE][PASSED] - Delayed 1 second(s)

2019-05-18 15:51:39 - [TEST_STEP][PASSED] - click(findTestObject("OCS-MOBILE /Age gate and burger menu/Burger menu - English"), CONTINUE_ON_FAILURE): Object: 'Object Repository/OCS-MOBILE /Age gate and burger menu/Burger menu - English' is clicked on

2019-05-18 15:51:39 - [MESSAGE][PASSED] - Object: 'Object Repository/OCS-MOBILE /Age gate and burger menu/Burger menu - English' is clicked on

2019-05-18 15:51:39 - [TEST_STEP][PASSED] - delay(2, CONTINUE_ON_FAILURE): Delayed 2 second(s)

2019-05-18 15:51:41 - [MESSAGE][PASSED] - Delayed 2 second(s)

2019-05-18 15:51:41 - [TEST_STEP][PASSED] - click(findTestObject("OCS-MOBILE /Cannabis page/Cannabis chevron")): Object: 'Object Repository/OCS-MOBILE /Cannabis page/Cannabis chevron' is clicked on

2019-05-18 15:51:41 - [MESSAGE][PASSED] - Object: 'Object Repository/OCS-MOBILE /Cannabis page/Cannabis chevron' is clicked on

2019-05-18 15:51:41 - [TEST_STEP][PASSED] - delay(1, CONTINUE_ON_FAILURE): Delayed 1 second(s)

2019-05-18 15:51:42 - [MESSAGE][PASSED] - Delayed 1 second(s)

2019-05-18 15:51:42 - [TEST_STEP][PASSED] - click(findTestObject("OCS-MOBILE /Cannabis page/Oils - plus accordian")): Object: 'Object Repository/OCS-MOBILE /Cannabis page/Oils - plus accordian' is clicked on

2019-05-18 15:51:42 - [MESSAGE][PASSED] - Object: 'Object Repository/OCS-MOBILE /Cannabis page/Oils - plus accordian' is clicked on

2019-05-18 15:51:42 - [TEST_STEP][PASSED] - delay(1, CONTINUE_ON_FAILURE): Delayed 1 second(s)

2019-05-18 15:51:43 - [MESSAGE][PASSED] - Delayed 1 second(s)

2019-05-18 15:51:43 - [TEST_STEP][PASSED] - click(findTestObject("OCS-MOBILE /Cannabis page/shop all oils")): Object: 'Object Repository/OCS-MOBILE /Cannabis page/shop all oils' is clicked on

2019-05-18 15:51:45 - [MESSAGE][PASSED] - Object: 'Object Repository/OCS-MOBILE /Cannabis page/shop all oils' is clicked on

2019-05-18 15:51:45 - [TEST_STEP][PASSED] - delay(1, CONTINUE_ON_FAILURE): Delayed 1 second(s)

2019-05-18 15:51:46 - [MESSAGE][PASSED] - Delayed 1 second(s)

2019-05-18 15:51:46 - [TEST_STEP][PASSED] - click(findTestObject("OCS-MOBILE /Age gate and burger menu/Burger menu - English"), CONTINUE_ON_FAILURE): Object: 'Object Repository/OCS-MOBILE /Age gate and burger menu/Burger menu - English' is clicked on

2019-05-18 15:51:46 - [MESSAGE][PASSED] - Object: 'Object Repository/OCS-MOBILE /Age gate and burger menu/Burger menu - English' is clicked on

2019-05-18 15:51:46 - [TEST_STEP][PASSED] - delay(2, CONTINUE_ON_FAILURE): Delayed 2 second(s)

2019-05-18 15:51:48 - [MESSAGE][PASSED] - Delayed 2 second(s)

2019-05-18 15:51:48 - [TEST_STEP][PASSED] - click(findTestObject("OCS-MOBILE /Cannabis page/Cannabis chevron")): Object: 'Object Repository/OCS-MOBILE /Cannabis page/Cannabis chevron' is clicked on

2019-05-18 15:51:48 - [MESSAGE][PASSED] - Object: 'Object Repository/OCS-MOBILE /Cannabis page/Cannabis chevron' is clicked on

2019-05-18 15:51:48 - [TEST_STEP][PASSED] - delay(1, CONTINUE_ON_FAILURE): Delayed 1 second(s)

2019-05-18 15:51:49 - [MESSAGE][PASSED] - Delayed 1 second(s)

2019-05-18 15:51:49 - [TEST_STEP][PASSED] - click(findTestObject("OCS-MOBILE /Cannabis page/Capsules chevron")): Object: 'Object Repository/OCS-MOBILE /Cannabis page/Capsules chevron' is clicked on

2019-05-18 15:51:51 - [MESSAGE][PASSED] - Object: 'Object Repository/OCS-MOBILE /Cannabis page/Capsules chevron' is clicked on

2019-05-18 15:51:51 - [TEST_STEP][PASSED] - delay(1, CONTINUE_ON_FAILURE): Delayed 1 second(s)

2019-05-18 15:51:52 - [MESSAGE][PASSED] - Delayed 1 second(s)

2019-05-18 15:51:52 - [TEST_STEP][PASSED] - click(findTestObject("OCS-MOBILE /Age gate and burger menu/Burger menu - English"), CONTINUE_ON_FAILURE): Object: 'Object Repository/OCS-MOBILE /Age gate and burger menu/Burger menu - English' is clicked on

2019-05-18 15:51:52 - [MESSAGE][PASSED] - Object: 'Object Repository/OCS-MOBILE /Age gate and burger menu/Burger menu - English' is clicked on

2019-05-18 15:51:52 - [TEST_STEP][PASSED] - delay(2, CONTINUE_ON_FAILURE): Delayed 2 second(s)

2019-05-18 15:51:54 - [MESSAGE][PASSED] - Delayed 2 second(s)

2019-05-18 15:51:54 - [TEST_STEP][PASSED] - click(findTestObject("OCS-MOBILE /Cannabis page/Cannabis chevron")): Object: 'Object Repository/OCS-MOBILE /Cannabis page/Cannabis chevron' is clicked on

2019-05-18 15:51:54 - [MESSAGE][PASSED] - Object: 'Object Repository/OCS-MOBILE /Cannabis page/Cannabis chevron' is clicked on

2019-05-18 15:51:54 - [TEST_STEP][PASSED] - delay(1, CONTINUE_ON_FAILURE): Delayed 1 second(s)

2019-05-18 15:51:56 - [MESSAGE][PASSED] - Delayed 1 second(s)

2019-05-18 15:51:56 - [TEST_STEP][PASSED] - click(findTestObject("OCS-MOBILE /Cannabis page/Shop by plant type - plus accordian")): Object: 'Object Repository/OCS-MOBILE /Cannabis page/Shop by plant type - plus accordian' is clicked on

2019-05-18 15:51:56 - [MESSAGE][PASSED] - Object: 'Object Repository/OCS-MOBILE /Cannabis page/Shop by plant type - plus accordian' is clicked on

2019-05-18 15:51:56 - [TEST_STEP][PASSED] - delay(1, CONTINUE_ON_FAILURE): Delayed 1 second(s)

2019-05-18 15:51:57 - [MESSAGE][PASSED] - Delayed 1 second(s)

2019-05-18 15:51:57 - [TEST_STEP][PASSED] - click(findTestObject("OCS-MOBILE /Cannabis page/Shop by plant type - subtract accordian")): Object: 'Object Repository/OCS-MOBILE /Cannabis page/Shop by plant type - subtract accordian' is clicked on

2019-05-18 15:51:57 - [MESSAGE][PASSED] - Object: 'Object Repository/OCS-MOBILE /Cannabis page/Shop by plant type - subtract accordian' is clicked on

2019-05-18 15:51:57 - [TEST_STEP][PASSED] - delay(1, CONTINUE_ON_FAILURE): Delayed 1 second(s)

2019-05-18 15:51:58 - [MESSAGE][PASSED] - Delayed 1 second(s)

2019-05-18 15:51:58 - [TEST_STEP][PASSED] - click(findTestObject("OCS-MOBILE /Cannabis page/Shop by plant type - plus accordian")): Object: 'Object Repository/OCS-MOBILE /Cannabis page/Shop by plant type - plus accordian' is clicked on

2019-05-18 15:51:58 - [MESSAGE][PASSED] - Object: 'Object Repository/OCS-MOBILE /Cannabis page/Shop by plant type - plus accordian' is clicked on

2019-05-18 15:51:58 - [TEST_STEP][PASSED] - delay(1, CONTINUE_ON_FAILURE): Delayed 1 second(s)

2019-05-18 15:51:59 - [MESSAGE][PASSED] - Delayed 1 second(s)

2019-05-18 15:51:59 - [TEST_STEP][PASSED] - click(findTestObject("OCS-MOBILE /Cannabis page/Shop by plant type - Indica dominant")): Object: 'Object Repository/OCS-MOBILE /Cannabis page/Shop by plant type - Indica dominant' is clicked on

2019-05-18 15:52:01 - [MESSAGE][PASSED] - Object: 'Object Repository/OCS-MOBILE /Cannabis page/Shop by plant type - Indica dominant' is clicked on

2019-05-18 15:52:01 - [TEST_STEP][PASSED] - delay(1, CONTINUE_ON_FAILURE): Delayed 1 second(s)

2019-05-18 15:52:02 - [MESSAGE][PASSED] - Delayed 1 second(s)

2019-05-18 15:52:02 - [TEST_STEP][PASSED] - click(findTestObject("OCS-MOBILE /Age gate and burger menu/Burger menu - English"), CONTINUE_ON_FAILURE): Object: 'Object Repository/OCS-MOBILE /Age gate and burger menu/Burger menu - English' is clicked on

2019-05-18 15:52:02 - [MESSAGE][PASSED] - Object: 'Object Repository/OCS-MOBILE /Age gate and burger menu/Burger menu - English' is clicked on

2019-05-18 15:52:02 - [TEST_STEP][PASSED] - delay(2, CONTINUE_ON_FAILURE): Delayed 2 second(s)

2019-05-18 15:52:04 - [MESSAGE][PASSED] - Delayed 2 second(s)

2019-05-18 15:52:04 - [TEST_STEP][PASSED] - click(findTestObject("OCS-MOBILE /Cannabis page/Cannabis chevron")): Object: 'Object Repository/OCS-MOBILE /Cannabis page/Cannabis chevron' is clicked on

2019-05-18 15:52:04 - [MESSAGE][PASSED] - Object: 'Object Repository/OCS-MOBILE /Cannabis page/Cannabis chevron' is clicked on

2019-05-18 15:52:04 - [TEST_STEP][PASSED] - delay(1, CONTINUE_ON_FAILURE): Delayed 1 second(s)

2019-05-18 15:52:05 - [MESSAGE][PASSED] - Delayed 1 second(s)

2019-05-18 15:52:05 - [TEST_STEP][PASSED] - click(findTestObject("OCS-MOBILE /Cannabis page/Shop by plant type - plus accordian")): Object: 'Object Repository/OCS-MOBILE /Cannabis page/Shop by plant type - plus accordian' is clicked on

2019-05-18 15:52:05 - [MESSAGE][PASSED] - Object: 'Object Repository/OCS-MOBILE /Cannabis page/Shop by plant type - plus accordian' is clicked on

2019-05-18 15:52:05 - [TEST_STEP][NOT_RUN] - click(findTestObject("OCS-MOBILE /Cannabis page/Shop by plant type - plus accordian")): NOT_RUN: click(findTestObject("OCS-MOBILE /Cannabis page/Shop by plant type - plus accordian"))

2019-05-18 15:52:05 - [MESSAGE][NOT_RUN] - NOT_RUN: click(findTestObject("OCS-MOBILE /Cannabis page/Shop by plant type - plus accordian"))

2019-05-18 15:52:05 - [TEST_STEP][PASSED] - delay(1, CONTINUE_ON_FAILURE): Delayed 1 second(s)

2019-05-18 15:52:06 - [MESSAGE][PASSED] - Delayed 1 second(s)

2019-05-18 15:52:07 - [TEST_STEP][PASSED] - click(findTestObject("OCS-MOBILE /Cannabis page/Shop by plant type - sativa dominant")): Object: 'Object Repository/OCS-MOBILE /Cannabis page/Shop by plant type - sativa dominant' is clicked on

2019-05-18 15:52:08 - [MESSAGE][PASSED] - Object: 'Object Repository/OCS-MOBILE /Cannabis page/Shop by plant type - sativa dominant' is clicked on

2019-05-18 15:52:08 - [TEST_STEP][PASSED] - delay(1, CONTINUE_ON_FAILURE): Delayed 1 second(s)

2019-05-18 15:52:09 - [MESSAGE][PASSED] - Delayed 1 second(s)

2019-05-18 15:52:09 - [TEST_STEP][PASSED] - click(findTestObject("OCS-MOBILE /Age gate and burger menu/Burger menu - English"), CONTINUE_ON_FAILURE): Object: 'Object Repository/OCS-MOBILE /Age gate and burger menu/Burger menu - English' is clicked on

2019-05-18 15:52:10 - [MESSAGE][PASSED] - Object: 'Object Repository/OCS-MOBILE /Age gate and burger menu/Burger menu - English' is clicked on

2019-05-18 15:52:10 - [TEST_STEP][PASSED] - delay(2, CONTINUE_ON_FAILURE): Delayed 2 second(s)

2019-05-18 15:52:12 - [MESSAGE][PASSED] - Delayed 2 second(s)

2019-05-18 15:52:12 - [TEST_STEP][PASSED] - click(findTestObject("OCS-MOBILE /Cannabis page/Cannabis chevron")): Object: 'Object Repository/OCS-MOBILE /Cannabis page/Cannabis chevron' is clicked on

2019-05-18 15:52:12 - [MESSAGE][PASSED] - Object: 'Object Repository/OCS-MOBILE /Cannabis page/Cannabis chevron' is clicked on

2019-05-18 15:52:12 - [TEST_STEP][PASSED] - delay(1, CONTINUE_ON_FAILURE): Delayed 1 second(s)

2019-05-18 15:52:13 - [MESSAGE][PASSED] - Delayed 1 second(s)

2019-05-18 15:52:13 - [TEST_STEP][PASSED] - click(findTestObject("OCS-MOBILE /Cannabis page/Shop by plant type - plus accordian")): Object: 'Object Repository/OCS-MOBILE /Cannabis page/Shop by plant type - plus accordian' is clicked on

2019-05-18 15:52:13 - [MESSAGE][PASSED] - Object: 'Object Repository/OCS-MOBILE /Cannabis page/Shop by plant type - plus accordian' is clicked on

2019-05-18 15:52:13 - [TEST_STEP][PASSED] - delay(1, CONTINUE_ON_FAILURE): Delayed 1 second(s)

2019-05-18 15:52:14 - [MESSAGE][PASSED] - Delayed 1 second(s)

2019-05-18 15:52:14 - [TEST_STEP][PASSED] - click(findTestObject("OCS-MOBILE /Cannabis page/Shop by plant type - Hybrid")): Object: 'Object Repository/OCS-MOBILE /Cannabis page/Shop by plant type - Hybrid' is clicked on

2019-05-18 15:52:16 - [MESSAGE][PASSED] - Object: 'Object Repository/OCS-MOBILE /Cannabis page/Shop by plant type - Hybrid' is clicked on

2019-05-18 15:52:16 - [TEST_STEP][PASSED] - delay(1, CONTINUE_ON_FAILURE): Delayed 1 second(s)

2019-05-18 15:52:17 - [MESSAGE][PASSED] - Delayed 1 second(s)

2019-05-18 15:52:17 - [TEST_STEP][PASSED] - click(findTestObject("OCS-MOBILE /Age gate and burger menu/Burger menu - English"), CONTINUE_ON_FAILURE): Object: 'Object Repository/OCS-MOBILE /Age gate and burger menu/Burger menu - English' is clicked on

2019-05-18 15:52:17 - [MESSAGE][PASSED] - Object: 'Object Repository/OCS-MOBILE /Age gate and burger menu/Burger menu - English' is clicked on

2019-05-18 15:52:17 - [TEST_STEP][PASSED] - delay(2, CONTINUE_ON_FAILURE): Delayed 2 second(s)

2019-05-18 15:52:19 - [MESSAGE][PASSED] - Delayed 2 second(s)

2019-05-18 15:52:19 - [TEST_STEP][PASSED] - click(findTestObject("OCS-MOBILE /Cannabis page/Cannabis chevron")): Object: 'Object Repository/OCS-MOBILE /Cannabis page/Cannabis chevron' is clicked on

2019-05-18 15:52:19 - [MESSAGE][PASSED] - Object: 'Object Repository/OCS-MOBILE /Cannabis page/Cannabis chevron' is clicked on

2019-05-18 15:52:19 - [TEST_STEP][PASSED] - delay(1, CONTINUE_ON_FAILURE): Delayed 1 second(s)

2019-05-18 15:52:20 - [MESSAGE][PASSED] - Delayed 1 second(s)

2019-05-18 15:52:20 - [TEST_STEP][PASSED] - click(findTestObject("OCS-MOBILE /Cannabis page/Collections - plus accordian")): Object: 'Object Repository/OCS-MOBILE /Cannabis page/Collections - plus accordian' is clicked on

2019-05-18 15:52:20 - [MESSAGE][PASSED] - Object: 'Object Repository/OCS-MOBILE /Cannabis page/Collections - plus accordian' is clicked on

2019-05-18 15:52:20 - [TEST_STEP][PASSED] - delay(1, CONTINUE_ON_FAILURE): Delayed 1 second(s)

2019-05-18 15:52:21 - [MESSAGE][PASSED] - Delayed 1 second(s)

2019-05-18 15:52:21 - [TEST_STEP][PASSED] - click(findTestObject("OCS-MOBILE /Cannabis page/Collections- subtract accordian")): Object: 'Object Repository/OCS-MOBILE /Cannabis page/Collections- subtract accordian' is clicked on

2019-05-18 15:52:22 - [MESSAGE][PASSED] - Object: 'Object Repository/OCS-MOBILE /Cannabis page/Collections- subtract accordian' is clicked on

2019-05-18 15:52:22 - [TEST_STEP][PASSED] - delay(1, CONTINUE_ON_FAILURE): Delayed 1 second(s)

2019-05-18 15:52:23 - [MESSAGE][PASSED] - Delayed 1 second(s)

2019-05-18 15:52:23 - [TEST_STEP][PASSED] - click(findTestObject("OCS-MOBILE /Cannabis page/Collections - plus accordian")): Object: 'Object Repository/OCS-MOBILE /Cannabis page/Collections - plus accordian' is clicked on

2019-05-18 15:52:23 - [MESSAGE][PASSED] - Object: 'Object Repository/OCS-MOBILE /Cannabis page/Collections - plus accordian' is clicked on

2019-05-18 15:52:23 - [TEST_STEP][PASSED] - delay(1, CONTINUE_ON_FAILURE): Delayed 1 second(s)

2019-05-18 15:52:24 - [MESSAGE][PASSED] - Delayed 1 second(s)

2019-05-18 15:52:24 - [TEST_STEP][PASSED] - click(findTestObject("OCS-MOBILE /Cannabis page/Collections- New products")): Object: 'Object Repository/OCS-MOBILE /Cannabis page/Collections- New products' is clicked on

2019-05-18 15:52:26 - [MESSAGE][PASSED] - Object: 'Object Repository/OCS-MOBILE /Cannabis page/Collections- New products' is clicked on

2019-05-18 15:52:26 - [TEST_STEP][PASSED] - delay(1, CONTINUE_ON_FAILURE): Delayed 1 second(s)

2019-05-18 15:52:27 - [MESSAGE][PASSED] - Delayed 1 second(s)

2019-05-18 15:52:27 - [TEST_STEP][PASSED] - click(findTestObject("OCS-MOBILE /Age gate and burger menu/Burger menu - English"), CONTINUE_ON_FAILURE): Object: 'Object Repository/OCS-MOBILE /Age gate and burger menu/Burger menu - English' is clicked on

2019-05-18 15:52:27 - [MESSAGE][PASSED] - Object: 'Object Repository/OCS-MOBILE /Age gate and burger menu/Burger menu - English' is clicked on

2019-05-18 15:52:27 - [TEST_STEP][PASSED] - delay(2, CONTINUE_ON_FAILURE): Delayed 2 second(s)

2019-05-18 15:52:29 - [MESSAGE][PASSED] - Delayed 2 second(s)

2019-05-18 15:52:29 - [TEST_STEP][PASSED] - click(findTestObject("OCS-MOBILE /Cannabis page/Cannabis chevron")): Object: 'Object Repository/OCS-MOBILE /Cannabis page/Cannabis chevron' is clicked on

2019-05-18 15:52:29 - [MESSAGE][PASSED] - Object: 'Object Repository/OCS-MOBILE /Cannabis page/Cannabis chevron' is clicked on

2019-05-18 15:52:29 - [TEST_STEP][PASSED] - delay(1, CONTINUE_ON_FAILURE): Delayed 1 second(s)

2019-05-18 15:52:30 - [MESSAGE][PASSED] - Delayed 1 second(s)

2019-05-18 15:52:30 - [TEST_STEP][PASSED] - click(findTestObject("OCS-MOBILE /Cannabis page/Collections - plus accordian")): Object: 'Object Repository/OCS-MOBILE /Cannabis page/Collections - plus accordian' is clicked on

2019-05-18 15:52:30 - [MESSAGE][PASSED] - Object: 'Object Repository/OCS-MOBILE /Cannabis page/Collections - plus accordian' is clicked on

2019-05-18 15:52:30 - [TEST_STEP][PASSED] - delay(1, CONTINUE_ON_FAILURE): Delayed 1 second(s)

2019-05-18 15:52:31 - [MESSAGE][PASSED] - Delayed 1 second(s)

2019-05-18 15:52:31 - [TEST_STEP][PASSED] - click(findTestObject("OCS-MOBILE /Cannabis page/Collections- Shop by brand")): Object: 'Object Repository/OCS-MOBILE /Cannabis page/Collections- Shop by brand' is clicked on

2019-05-18 15:52:35 - [MESSAGE][PASSED] - Object: 'Object Repository/OCS-MOBILE /Cannabis page/Collections- Shop by brand' is clicked on

2019-05-18 15:52:35 - [TEST_STEP][PASSED] - delay(1, CONTINUE_ON_FAILURE): Delayed 1 second(s)

2019-05-18 15:52:36 - [MESSAGE][PASSED] - Delayed 1 second(s)

2019-05-18 15:52:36 - [TEST_STEP][PASSED] - click(findTestObject("OCS-MOBILE /Age gate and burger menu/Burger menu - English"), CONTINUE_ON_FAILURE): Object: 'Object Repository/OCS-MOBILE /Age gate and burger menu/Burger menu - English' is clicked on

2019-05-18 15:52:36 - [MESSAGE][PASSED] - Object: 'Object Repository/OCS-MOBILE /Age gate and burger menu/Burger menu - English' is clicked on

2019-05-18 15:52:36 - [TEST_STEP][PASSED] - delay(2, CONTINUE_ON_FAILURE): Delayed 2 second(s)

2019-05-18 15:52:38 - [MESSAGE][PASSED] - Delayed 2 second(s)

2019-05-18 15:52:38 - [TEST_STEP][PASSED] - click(findTestObject("OCS-MOBILE /Cannabis page/Cannabis chevron")): Object: 'Object Repository/OCS-MOBILE /Cannabis page/Cannabis chevron' is clicked on

2019-05-18 15:52:38 - [MESSAGE][PASSED] - Object: 'Object Repository/OCS-MOBILE /Cannabis page/Cannabis chevron' is clicked on

2019-05-18 15:52:38 - [TEST_STEP][PASSED] - delay(1, CONTINUE_ON_FAILURE): Delayed 1 second(s)

2019-05-18 15:52:39 - [MESSAGE][PASSED] - Delayed 1 second(s)

2019-05-18 15:52:39 - [TEST_STEP][PASSED] - click(findTestObject("OCS-MOBILE /Cannabis page/Collections - plus accordian")): Object: 'Object Repository/OCS-MOBILE /Cannabis page/Collections - plus accordian' is clicked on

2019-05-18 15:52:39 - [MESSAGE][PASSED] - Object: 'Object Repository/OCS-MOBILE /Cannabis page/Collections - plus accordian' is clicked on

2019-05-18 15:52:39 - [TEST_STEP][PASSED] - delay(1, CONTINUE_ON_FAILURE): Delayed 1 second(s)

2019-05-18 15:52:40 - [MESSAGE][PASSED] - Delayed 1 second(s)

2019-05-18 15:52:40 - [TEST_STEP][PASSED] - click(findTestObject("OCS-MOBILE /Cannabis page/Collections - CBD Dominant")): Object: 'Object Repository/OCS-MOBILE /Cannabis page/Collections - CBD Dominant' is clicked on

2019-05-18 15:52:43 - [MESSAGE][PASSED] - Object: 'Object Repository/OCS-MOBILE /Cannabis page/Collections - CBD Dominant' is clicked on

2019-05-18 15:52:43 - [TEST_STEP][PASSED] - delay(1, CONTINUE_ON_FAILURE): Delayed 1 second(s)

2019-05-18 15:52:44 - [MESSAGE][PASSED] - Delayed 1 second(s)

2019-05-18 15:52:44 - [TEST_STEP][PASSED] - click(findTestObject("OCS-MOBILE /Age gate and burger menu/Burger menu - English"), CONTINUE_ON_FAILURE): Object: 'Object Repository/OCS-MOBILE /Age gate and burger menu/Burger menu - English' is clicked on

2019-05-18 15:52:44 - [MESSAGE][PASSED] - Object: 'Object Repository/OCS-MOBILE /Age gate and burger menu/Burger menu - English' is clicked on

2019-05-18 15:52:44 - [TEST_STEP][PASSED] - delay(2, CONTINUE_ON_FAILURE): Delayed 2 second(s)

2019-05-18 15:52:46 - [MESSAGE][PASSED] - Delayed 2 second(s)

2019-05-18 15:52:46 - [TEST_STEP][PASSED] - click(findTestObject("OCS-MOBILE /Cannabis page/Cannabis chevron")): Object: 'Object Repository/OCS-MOBILE /Cannabis page/Cannabis chevron' is clicked on

2019-05-18 15:52:46 - [MESSAGE][PASSED] - Object: 'Object Repository/OCS-MOBILE /Cannabis page/Cannabis chevron' is clicked on

2019-05-18 15:52:46 - [TEST_STEP][PASSED] - delay(1, CONTINUE_ON_FAILURE): Delayed 1 second(s)

2019-05-18 15:52:47 - [MESSAGE][PASSED] - Delayed 1 second(s)

2019-05-18 15:52:47 - [TEST_STEP][PASSED] - click(findTestObject("OCS-MOBILE /Cannabis page/Collections - plus accordian")): Object: 'Object Repository/OCS-MOBILE /Cannabis page/Collections - plus accordian' is clicked on

2019-05-18 15:52:47 - [MESSAGE][PASSED] - Object: 'Object Repository/OCS-MOBILE /Cannabis page/Collections - plus accordian' is clicked on

2019-05-18 15:52:47 - [TEST_STEP][PASSED] - delay(1, CONTINUE_ON_FAILURE): Delayed 1 second(s)

2019-05-18 15:52:48 - [MESSAGE][PASSED] - Delayed 1 second(s)

2019-05-18 15:52:48 - [TEST_STEP][PASSED] - click(findTestObject("OCS-MOBILE /Cannabis page/Collections - seeds")): Object: 'Object Repository/OCS-MOBILE /Cannabis page/Collections - seeds' is clicked on

2019-05-18 15:52:49 - [MESSAGE][PASSED] - Object: 'Object Repository/OCS-MOBILE /Cannabis page/Collections - seeds' is clicked on

2019-05-18 15:52:49 - [TEST_STEP][PASSED] - delay(1, CONTINUE_ON_FAILURE): Delayed 1 second(s)

2019-05-18 15:52:50 - [MESSAGE][PASSED] - Delayed 1 second(s)

2019-05-18 15:52:50 - [TEST_STEP][PASSED] - click(findTestObject("OCS-MOBILE /Age gate and burger menu/Burger menu - English"), CONTINUE_ON_FAILURE): Object: 'Object Repository/OCS-MOBILE /Age gate and burger menu/Burger menu - English' is clicked on

2019-05-18 15:52:50 - [MESSAGE][PASSED] - Object: 'Object Repository/OCS-MOBILE /Age gate and burger menu/Burger menu - English' is clicked on

2019-05-18 15:52:50 - [TEST_STEP][PASSED] - delay(2, CONTINUE_ON_FAILURE): Delayed 2 second(s)

2019-05-18 15:52:52 - [MESSAGE][PASSED] - Delayed 2 second(s)

2019-05-18 15:52:52 - [TEST_STEP][PASSED] - click(findTestObject("OCS-MOBILE /Cannabis page/Cannabis chevron")): Object: 'Object Repository/OCS-MOBILE /Cannabis page/Cannabis chevron' is clicked on

2019-05-18 15:52:52 - [MESSAGE][PASSED] - Object: 'Object Repository/OCS-MOBILE /Cannabis page/Cannabis chevron' is clicked on

2019-05-18 15:52:52 - [TEST_STEP][PASSED] - delay(1, CONTINUE_ON_FAILURE): Delayed 1 second(s)

2019-05-18 15:52:53 - [MESSAGE][PASSED] - Delayed 1 second(s)

2019-05-18 15:52:53 - [TEST_STEP][PASSED] - click(findTestObject("OCS-MOBILE /Cannabis page/Shop all cannabis")): Object: 'Object Repository/OCS-MOBILE /Cannabis page/Shop all cannabis' is clicked on

2019-05-18 15:52:56 - [MESSAGE][PASSED] - Object: 'Object Repository/OCS-MOBILE /Cannabis page/Shop all cannabis' is clicked on

2019-05-18 15:52:56 - [TEST_STEP][PASSED] - delay(1, CONTINUE_ON_FAILURE): Delayed 1 second(s)

2019-05-18 15:52:57 - [MESSAGE][PASSED] - Delayed 1 second(s)

2019-05-18 15:52:57 - [TEST_STEP][PASSED] - click(findTestObject("OCS-MOBILE /Age gate and burger menu/Burger menu - English"), CONTINUE_ON_FAILURE): Object: 'Object Repository/OCS-MOBILE /Age gate and burger menu/Burger menu - English' is clicked on

2019-05-18 15:52:57 - [MESSAGE][PASSED] - Object: 'Object Repository/OCS-MOBILE /Age gate and burger menu/Burger menu - English' is clicked on

2019-05-18 15:52:57 - [TEST_STEP][PASSED] - delay(2, CONTINUE_ON_FAILURE): Delayed 2 second(s)

2019-05-18 15:52:59 - [MESSAGE][PASSED] - Delayed 2 second(s)

2019-05-18 15:52:59 - [TEST_STEP][PASSED] - click(findTestObject("OCS-MOBILE /Cannabis page/Cannabis chevron")): Object: 'Object Repository/OCS-MOBILE /Cannabis page/Cannabis chevron' is clicked on

2019-05-18 15:52:59 - [MESSAGE][PASSED] - Object: 'Object Repository/OCS-MOBILE /Cannabis page/Cannabis chevron' is clicked on

2019-05-18 15:52:59 - [TEST_STEP][PASSED] - delay(1, CONTINUE_ON_FAILURE): Delayed 1 second(s)

2019-05-18 15:53:00 - [MESSAGE][PASSED] - Delayed 1 second(s)

2019-05-18 15:53:00 - [TEST_STEP][PASSED] - click(findTestObject("OCS-MOBILE /Cannabis page/Shop all brands")): Object: 'Object Repository/OCS-MOBILE /Cannabis page/Shop all brands' is clicked on

2019-05-18 15:53:03 - [MESSAGE][PASSED] - Object: 'Object Repository/OCS-MOBILE /Cannabis page/Shop all brands' is clicked on

2019-05-18 15:53:03 - [TEST_STEP][PASSED] - delay(1, CONTINUE_ON_FAILURE): Delayed 1 second(s)

2019-05-18 15:53:04 - [MESSAGE][PASSED] - Delayed 1 second(s)

2019-05-18 15:53:04 - [TEST_STEP][PASSED] - click(findTestObject("OCS-MOBILE /Age gate and burger menu/Burger menu - English"), CONTINUE_ON_FAILURE): Object: 'Object Repository/OCS-MOBILE /Age gate and burger menu/Burger menu - English' is clicked on

2019-05-18 15:53:04 - [MESSAGE][PASSED] - Object: 'Object Repository/OCS-MOBILE /Age gate and burger menu/Burger menu - English' is clicked on

2019-05-18 15:53:04 - [TEST_STEP][PASSED] - delay(2, CONTINUE_ON_FAILURE): Delayed 2 second(s)

2019-05-18 15:53:06 - [MESSAGE][PASSED] - Delayed 2 second(s)

2019-05-18 15:53:06 - [TEST_STEP][PASSED] - click(findTestObject("OCS-MOBILE /Cannabis page/Cannabis chevron")): Object: 'Object Repository/OCS-MOBILE /Cannabis page/Cannabis chevron' is clicked on

2019-05-18 15:53:06 - [MESSAGE][PASSED] - Object: 'Object Repository/OCS-MOBILE /Cannabis page/Cannabis chevron' is clicked on

2019-05-18 15:53:06 - [TEST_STEP][PASSED] - delay(1, CONTINUE_ON_FAILURE): Delayed 1 second(s)

2019-05-18 15:53:07 - [MESSAGE][PASSED] - Delayed 1 second(s)

2019-05-18 15:53:07 - [TEST_STEP][PASSED] - click(findTestObject("OCS-MOBILE /Cannabis page/CBD - Dominant products")): Object: 'Object Repository/OCS-MOBILE /Cannabis page/CBD - Dominant products' is clicked on

2019-05-18 15:53:09 - [MESSAGE][PASSED] - Object: 'Object Repository/OCS-MOBILE /Cannabis page/CBD - Dominant products' is clicked on

2019-05-18 15:53:09 - [TEST_STEP][PASSED] - delay(1, CONTINUE_ON_FAILURE): Delayed 1 second(s)

2019-05-18 15:53:10 - [MESSAGE][PASSED] - Delayed 1 second(s)

2019-05-18 15:53:10 - [TEST_STEP][PASSED] - click(findTestObject("OCS-MOBILE /Age gate and burger menu/Burger menu - English"), CONTINUE_ON_FAILURE): Object: 'Object Repository/OCS-MOBILE /Age gate and burger menu/Burger menu - English' is clicked on

2019-05-18 15:53:10 - [MESSAGE][PASSED] - Object: 'Object Repository/OCS-MOBILE /Age gate and burger menu/Burger menu - English' is clicked on

2019-05-18 15:53:10 - [TEST_STEP][PASSED] - delay(2, CONTINUE_ON_FAILURE): Delayed 2 second(s)

2019-05-18 15:53:12 - [MESSAGE][PASSED] - Delayed 2 second(s)

2019-05-18 15:53:12 - [TEST_STEP][PASSED] - click(findTestObject("OCS-MOBILE /Cannabis page/Cannabis chevron")): Object: 'Object Repository/OCS-MOBILE /Cannabis page/Cannabis chevron' is clicked on

2019-05-18 15:53:12 - [MESSAGE][PASSED] - Object: 'Object Repository/OCS-MOBILE /Cannabis page/Cannabis chevron' is clicked on

2019-05-18 15:53:12 - [TEST_STEP][PASSED] - delay(1, CONTINUE_ON_FAILURE): Delayed 1 second(s)

2019-05-18 15:53:13 - [MESSAGE][PASSED] - Delayed 1 second(s)

2019-05-18 15:53:13 - [TEST_STEP][PASSED] - setViewPortSize(1000, 800, OPTIONAL): Viewport is set to new size with width = 1000 and height = 800

2019-05-18 15:53:13 - [MESSAGE][PASSED] - Viewport is set to new size with width = 1000 and height = 800

2019-05-18 15:53:13 - [TEST_STEP][PASSED] - delay(2, OPTIONAL): Delayed 2 second(s)

2019-05-18 15:53:15 - [MESSAGE][PASSED] - Delayed 2 second(s)

2019-05-18 15:53:15 - [TEST_STEP][PASSED] - click(findTestObject("Theme_oR/Page_Ontario Cannabis Store  Ontari/button_Hide bar"), OPTIONAL): Object: 'Object Repository/Theme_oR/Page_Ontario Cannabis Store  Ontari/button_Hide bar' is clicked on

2019-05-18 15:53:15 - [MESSAGE][PASSED] - Object: 'Object Repository/Theme_oR/Page_Ontario Cannabis Store  Ontari/button_Hide bar' is clicked on

2019-05-18 15:53:15 - [TEST_STEP][PASSED] - delay(2, OPTIONAL): Delayed 2 second(s)

2019-05-18 15:53:17 - [MESSAGE][PASSED] - Delayed 2 second(s)

2019-05-18 15:53:17 - [TEST_STEP][PASSED] - setViewPortSize(360, 800, OPTIONAL): Viewport is set to new size with width = 360 and height = 800

2019-05-18 15:53:18 - [MESSAGE][PASSED] - Viewport is set to new size with width = 360 and height = 800

2019-05-18 15:53:18 - [TEST_STEP][PASSED] - delay(1, OPTIONAL): Delayed 1 second(s)

2019-05-18 15:53:19 - [MESSAGE][PASSED] - Delayed 1 second(s)

2019-05-18 15:53:19 - [TEST_STEP][PASSED] - click(findTestObject("OCS-MOBILE /Cannabis page/Shop all cannabis Button")): Object: 'Object Repository/OCS-MOBILE /Cannabis page/Shop all cannabis Button' is clicked on

2019-05-18 15:53:21 - [MESSAGE][PASSED] - Object: 'Object Repository/OCS-MOBILE /Cannabis page/Shop all cannabis Button' is clicked on

2019-05-18 15:53:21 - [TEST_STEP][PASSED] - delay(1, CONTINUE_ON_FAILURE): Delayed 1 second(s)

2019-05-18 15:53:22 - [MESSAGE][PASSED] - Delayed 1 second(s)

2019-05-18 15:53:22 - [TEST_STEP][PASSED] - click(findTestObject("OCS-MOBILE /Age gate and burger menu/Burger menu - English"), CONTINUE_ON_FAILURE): Object: 'Object Repository/OCS-MOBILE /Age gate and burger menu/Burger menu - English' is clicked on

2019-05-18 15:53:22 - [MESSAGE][PASSED] - Object: 'Object Repository/OCS-MOBILE /Age gate and burger menu/Burger menu - English' is clicked on

2019-05-18 15:53:22 - [TEST_STEP][PASSED] - delay(2, CONTINUE_ON_FAILURE): Delayed 2 second(s)

2019-05-18 15:53:24 - [MESSAGE][PASSED] - Delayed 2 second(s)

2019-05-18 15:53:24 - [TEST_STEP][PASSED] - click(findTestObject("OCS-MOBILE /Cannabis page/Cannabis chevron")): Object: 'Object Repository/OCS-MOBILE /Cannabis page/Cannabis chevron' is clicked on

2019-05-18 15:53:24 - [MESSAGE][PASSED] - Object: 'Object Repository/OCS-MOBILE /Cannabis page/Cannabis chevron' is clicked on

2019-05-18 15:53:24 - [TEST_STEP][PASSED] - delay(1, CONTINUE_ON_FAILURE): Delayed 1 second(s)

2019-05-18 15:53:25 - [MESSAGE][PASSED] - Delayed 1 second(s)

2019-05-18 15:53:25 - [TEST_STEP][PASSED] - delay(2): Delayed 2 second(s)

2019-05-18 15:53:27 - [MESSAGE][PASSED] - Delayed 2 second(s)

2019-05-18 15:53:27 - [TEST_STEP][PASSED] - setViewPortSize(1000, 800, OPTIONAL): Viewport is set to new size with width = 1000 and height = 800

2019-05-18 15:53:27 - [MESSAGE][PASSED] - Viewport is set to new size with width = 1000 and height = 800

2019-05-18 15:53:27 - [TEST_STEP][PASSED] - delay(2, OPTIONAL): Delayed 2 second(s)

2019-05-18 15:53:29 - [MESSAGE][PASSED] - Delayed 2 second(s)

2019-05-18 15:53:29 - [TEST_STEP][PASSED] - click(findTestObject("Theme_oR/Page_Ontario Cannabis Store  Ontari/button_Hide bar"), OPTIONAL): Object: 'Object Repository/Theme_oR/Page_Ontario Cannabis Store  Ontari/button_Hide bar' is clicked on

2019-05-18 15:53:29 - [MESSAGE][PASSED] - Object: 'Object Repository/Theme_oR/Page_Ontario Cannabis Store  Ontari/button_Hide bar' is clicked on

2019-05-18 15:53:29 - [TEST_STEP][PASSED] - delay(2, OPTIONAL): Delayed 2 second(s)

2019-05-18 15:53:31 - [MESSAGE][PASSED] - Delayed 2 second(s)

2019-05-18 15:53:31 - [TEST_STEP][PASSED] - setViewPortSize(360, 800, OPTIONAL): Viewport is set to new size with width = 360 and height = 800

2019-05-18 15:53:31 - [MESSAGE][PASSED] - Viewport is set to new size with width = 360 and height = 800

2019-05-18 15:53:31 - [TEST_STEP][PASSED] - delay(1, OPTIONAL): Delayed 1 second(s)

2019-05-18 15:53:32 - [MESSAGE][PASSED] - Delayed 1 second(s)

2019-05-18 15:53:32 - [TEST_STEP][PASSED] - click(findTestObject("OCS-MOBILE /Cannabis page/Shop all brands button")): Object: 'Object Repository/OCS-MOBILE /Cannabis page/Shop all brands button' is clicked on

2019-05-18 15:53:36 - [MESSAGE][PASSED] - Object: 'Object Repository/OCS-MOBILE /Cannabis page/Shop all brands button' is clicked on]]></system-out>
         <system-err><![CDATA[]]></system-err>
      </testcase>
      <testcase name="Test Cases/OCS - MOBILE/OCS- HOME PAGE/footer" classname="Test Cases/OCS - MOBILE/OCS- HOME PAGE/footer" status="FAILED">
         <failure type="FAILED" message="Test Cases/OCS - MOBILE/OCS- HOME PAGE/footer FAILED.
Reason:
com.kms.katalon.core.exception.StepFailedException: Unable to click on object 'Object Repository/OCS-MOBILE /Home - page/Return Policy' (Root cause: com.kms.katalon.core.webui.exception.WebElementNotFoundException: Web element with id: 'Object Repository/OCS-MOBILE /Home - page/Return Policy' located by 'By.xpath: //*[@id=&quot;shopify-section-en-footer&quot;]/footer/div/div/section[1]/nav/ul/li[1]/a[count(. | //*[@href = '/pages/return-policy']) = count(//*[@href = '/pages/return-policy'])]' not found)
	at com.kms.katalon.core.keyword.internal.KeywordMain.stepFailed(KeywordMain.groovy:36)
	at com.kms.katalon.core.webui.keyword.internal.WebUIKeywordMain.stepFailed(WebUIKeywordMain.groovy:65)
	at com.kms.katalon.core.webui.keyword.internal.WebUIKeywordMain.runKeyword(WebUIKeywordMain.groovy:27)
	at com.kms.katalon.core.webui.keyword.builtin.ClickKeyword.click(ClickKeyword.groovy:86)
	at com.kms.katalon.core.webui.keyword.builtin.ClickKeyword.execute(ClickKeyword.groovy:67)
	at com.kms.katalon.core.keyword.internal.KeywordExecutor.executeKeywordForPlatform(KeywordExecutor.groovy:53)
	at com.kms.katalon.core.webui.keyword.WebUiBuiltInKeywords.click(WebUiBuiltInKeywords.groovy:616)
	at com.kms.katalon.core.webui.keyword.WebUiBuiltInKeywords$click$3.call(Unknown Source)
	at footer.run(footer:54)
	at com.kms.katalon.core.main.ScriptEngine.run(ScriptEngine.java:194)
	at com.kms.katalon.core.main.ScriptEngine.runScriptAsRawText(ScriptEngine.java:119)
	at com.kms.katalon.core.main.TestCaseExecutor.runScript(TestCaseExecutor.java:328)
	at com.kms.katalon.core.main.TestCaseExecutor.doExecute(TestCaseExecutor.java:319)
	at com.kms.katalon.core.main.TestCaseExecutor.processExecutionPhase(TestCaseExecutor.java:298)
	at com.kms.katalon.core.main.TestCaseExecutor.accessMainPhase(TestCaseExecutor.java:290)
	at com.kms.katalon.core.main.TestCaseExecutor.execute(TestCaseExecutor.java:224)
	at com.kms.katalon.core.main.TestSuiteExecutor.accessTestCaseMainPhase(TestSuiteExecutor.java:129)
	at com.kms.katalon.core.main.TestSuiteExecutor.accessTestSuiteMainPhase(TestSuiteExecutor.java:112)
	at com.kms.katalon.core.main.TestSuiteExecutor.execute(TestSuiteExecutor.java:81)
	at com.kms.katalon.core.main.TestCaseMain.startTestSuite(TestCaseMain.java:149)
	at com.kms.katalon.core.main.TestCaseMain$startTestSuite$0.call(Unknown Source)
	at TempTestSuite1558208231009.run(TempTestSuite1558208231009.groovy:36)
"/>
         <system-out><![CDATA[2019-05-18 15:53:36 - [TEST_CASE][FAILED] - Test Cases/OCS - MOBILE/OCS- HOME PAGE/footer: Test Cases/OCS - MOBILE/OCS- HOME PAGE/footer FAILED.
Reason:
com.kms.katalon.core.exception.StepFailedException: Unable to click on object 'Object Repository/OCS-MOBILE /Home - page/Return Policy' (Root cause: com.kms.katalon.core.webui.exception.WebElementNotFoundException: Web element with id: 'Object Repository/OCS-MOBILE /Home - page/Return Policy' located by 'By.xpath: //*[@id="shopify-section-en-footer"]/footer/div/div/section[1]/nav/ul/li[1]/a[count(. | //*[@href = '/pages/return-policy']) = count(//*[@href = '/pages/return-policy'])]' not found)
	at com.kms.katalon.core.keyword.internal.KeywordMain.stepFailed(KeywordMain.groovy:36)
	at com.kms.katalon.core.webui.keyword.internal.WebUIKeywordMain.stepFailed(WebUIKeywordMain.groovy:65)
	at com.kms.katalon.core.webui.keyword.internal.WebUIKeywordMain.runKeyword(WebUIKeywordMain.groovy:27)
	at com.kms.katalon.core.webui.keyword.builtin.ClickKeyword.click(ClickKeyword.groovy:86)
	at com.kms.katalon.core.webui.keyword.builtin.ClickKeyword.execute(ClickKeyword.groovy:67)
	at com.kms.katalon.core.keyword.internal.KeywordExecutor.executeKeywordForPlatform(KeywordExecutor.groovy:53)
	at com.kms.katalon.core.webui.keyword.WebUiBuiltInKeywords.click(WebUiBuiltInKeywords.groovy:616)
	at com.kms.katalon.core.webui.keyword.WebUiBuiltInKeywords$click$3.call(Unknown Source)
	at footer.run(footer:54)
	at com.kms.katalon.core.main.ScriptEngine.run(ScriptEngine.java:194)
	at com.kms.katalon.core.main.ScriptEngine.runScriptAsRawText(ScriptEngine.java:119)
	at com.kms.katalon.core.main.TestCaseExecutor.runScript(TestCaseExecutor.java:328)
	at com.kms.katalon.core.main.TestCaseExecutor.doExecute(TestCaseExecutor.java:319)
	at com.kms.katalon.core.main.TestCaseExecutor.processExecutionPhase(TestCaseExecutor.java:298)
	at com.kms.katalon.core.main.TestCaseExecutor.accessMainPhase(TestCaseExecutor.java:290)
	at com.kms.katalon.core.main.TestCaseExecutor.execute(TestCaseExecutor.java:224)
	at com.kms.katalon.core.main.TestSuiteExecutor.accessTestCaseMainPhase(TestSuiteExecutor.java:129)
	at com.kms.katalon.core.main.TestSuiteExecutor.accessTestSuiteMainPhase(TestSuiteExecutor.java:112)
	at com.kms.katalon.core.main.TestSuiteExecutor.execute(TestSuiteExecutor.java:81)
	at com.kms.katalon.core.main.TestCaseMain.startTestSuite(TestCaseMain.java:149)
	at com.kms.katalon.core.main.TestCaseMain$startTestSuite$0.call(Unknown Source)
	at TempTestSuite1558208231009.run(TempTestSuite1558208231009.groovy:36)


2019-05-18 15:53:36 - [TEST_STEP][PASSED] - openBrowser(""): Browser is opened with url: ''

2019-05-18 15:53:36 - [MESSAGE][WARNING] - A browser is already opened. Closing browser and opening a new one

2019-05-18 15:53:36 - [MESSAGE][INFO] - Starting 'Chrome' driver

2019-05-18 15:53:37 - [MESSAGE][PASSED] - Browser is opened with url: ''

2019-05-18 15:53:37 - [TEST_STEP][PASSED] - navigateToUrl("https://ocs.ca/?fts=0&preview_theme_id=53373863756"): Navigate to 'https://ocs.ca/?fts=0&preview_theme_id=53373863756' successfully

2019-05-18 15:53:41 - [MESSAGE][PASSED] - Navigate to 'https://ocs.ca/?fts=0&preview_theme_id=53373863756' successfully

2019-05-18 15:53:41 - [TEST_STEP][PASSED] - setViewPortSize(360, 800): Viewport is set to new size with width = 360 and height = 800

2019-05-18 15:53:41 - [MESSAGE][PASSED] - Viewport is set to new size with width = 360 and height = 800

2019-05-18 15:53:41 - [TEST_STEP][PASSED] - delay(4): Delayed 4 second(s)

2019-05-18 15:53:45 - [MESSAGE][PASSED] - Delayed 4 second(s)

2019-05-18 15:53:45 - [TEST_STEP][PASSED] - selectOptionByValue(findTestObject("OCS-MOBILE /Age gate and burger menu/Date"), "12", true): All options with value '12' are selected in object 'Object Repository/OCS-MOBILE /Age gate and burger menu/Date'  using regular expression

2019-05-18 15:53:45 - [MESSAGE][PASSED] - All options with value '12' are selected in object 'Object Repository/OCS-MOBILE /Age gate and burger menu/Date'  using regular expression

2019-05-18 15:53:45 - [TEST_STEP][PASSED] - selectOptionByValue(findTestObject("OCS-MOBILE /Age gate and burger menu/month"), "6", true): All options with value '6' are selected in object 'Object Repository/OCS-MOBILE /Age gate and burger menu/month'  using regular expression

2019-05-18 15:53:46 - [MESSAGE][PASSED] - All options with value '6' are selected in object 'Object Repository/OCS-MOBILE /Age gate and burger menu/month'  using regular expression

2019-05-18 15:53:46 - [TEST_STEP][PASSED] - delay(2): Delayed 2 second(s)

2019-05-18 15:53:48 - [MESSAGE][PASSED] - Delayed 2 second(s)

2019-05-18 15:53:48 - [TEST_STEP][PASSED] - selectOptionByValue(findTestObject("OCS-MOBILE /Age gate and burger menu/Year Dropdown"), "1990", true): All options with value '1990' are selected in object 'Object Repository/OCS-MOBILE /Age gate and burger menu/Year Dropdown'  using regular expression

2019-05-18 15:53:49 - [MESSAGE][PASSED] - All options with value '1990' are selected in object 'Object Repository/OCS-MOBILE /Age gate and burger menu/Year Dropdown'  using regular expression

2019-05-18 15:53:49 - [TEST_STEP][PASSED] - click(findTestObject("OCS-MOBILE /Age gate and burger menu/button_Verify")): Object: 'Object Repository/OCS-MOBILE /Age gate and burger menu/button_Verify' is clicked on

2019-05-18 15:53:49 - [MESSAGE][PASSED] - Object: 'Object Repository/OCS-MOBILE /Age gate and burger menu/button_Verify' is clicked on

2019-05-18 15:53:49 - [TEST_STEP][PASSED] - click(findTestObject("OCS-MOBILE /Age gate and burger menu/Checkbox_CONFIRM AND ACKNOWLEDGE")): Object: 'Object Repository/OCS-MOBILE /Age gate and burger menu/Checkbox_CONFIRM AND ACKNOWLEDGE' is clicked on

2019-05-18 15:53:49 - [MESSAGE][PASSED] - Object: 'Object Repository/OCS-MOBILE /Age gate and burger menu/Checkbox_CONFIRM AND ACKNOWLEDGE' is clicked on

2019-05-18 15:53:49 - [TEST_STEP][PASSED] - click(findTestObject("OCS-MOBILE /Age gate and burger menu/button_CONFIRM")): Object: 'Object Repository/OCS-MOBILE /Age gate and burger menu/button_CONFIRM' is clicked on

2019-05-18 15:53:49 - [MESSAGE][PASSED] - Object: 'Object Repository/OCS-MOBILE /Age gate and burger menu/button_CONFIRM' is clicked on

2019-05-18 15:53:49 - [TEST_STEP][PASSED] - click(findTestObject("OCS-MOBILE /Age gate and burger menu/button_Start Browsing")): Object: 'Object Repository/OCS-MOBILE /Age gate and burger menu/button_Start Browsing' is clicked on

2019-05-18 15:53:49 - [MESSAGE][PASSED] - Object: 'Object Repository/OCS-MOBILE /Age gate and burger menu/button_Start Browsing' is clicked on

2019-05-18 15:53:49 - [TEST_STEP][PASSED] - delay(2): Delayed 2 second(s)

2019-05-18 15:53:51 - [MESSAGE][PASSED] - Delayed 2 second(s)

2019-05-18 15:53:51 - [TEST_STEP][PASSED] - setViewPortSize(1000, 800, OPTIONAL): Viewport is set to new size with width = 1000 and height = 800

2019-05-18 15:53:51 - [MESSAGE][PASSED] - Viewport is set to new size with width = 1000 and height = 800

2019-05-18 15:53:51 - [TEST_STEP][PASSED] - delay(2, OPTIONAL): Delayed 2 second(s)

2019-05-18 15:53:53 - [MESSAGE][PASSED] - Delayed 2 second(s)

2019-05-18 15:53:53 - [TEST_STEP][PASSED] - click(findTestObject("Theme_oR/Page_Ontario Cannabis Store  Ontari/button_Hide bar"), OPTIONAL): Object: 'Object Repository/Theme_oR/Page_Ontario Cannabis Store  Ontari/button_Hide bar' is clicked on

2019-05-18 15:53:53 - [MESSAGE][PASSED] - Object: 'Object Repository/Theme_oR/Page_Ontario Cannabis Store  Ontari/button_Hide bar' is clicked on

2019-05-18 15:53:53 - [TEST_STEP][PASSED] - delay(2, OPTIONAL): Delayed 2 second(s)

2019-05-18 15:53:55 - [MESSAGE][PASSED] - Delayed 2 second(s)

2019-05-18 15:53:55 - [TEST_STEP][PASSED] - setViewPortSize(360, 800, OPTIONAL): Viewport is set to new size with width = 360 and height = 800

2019-05-18 15:53:55 - [MESSAGE][PASSED] - Viewport is set to new size with width = 360 and height = 800

2019-05-18 15:53:55 - [TEST_STEP][PASSED] - delay(1, OPTIONAL): Delayed 1 second(s)

2019-05-18 15:53:56 - [MESSAGE][PASSED] - Delayed 1 second(s)

2019-05-18 15:53:56 - [TEST_STEP][FAILED] - click(findTestObject("OCS-MOBILE /Home - page/Return Policy")): click(findTestObject("OCS-MOBILE /Home - page/Return Policy")) FAILED.
Reason:
com.kms.katalon.core.exception.StepFailedException: Unable to click on object 'Object Repository/OCS-MOBILE /Home - page/Return Policy' (Root cause: com.kms.katalon.core.webui.exception.WebElementNotFoundException: Web element with id: 'Object Repository/OCS-MOBILE /Home - page/Return Policy' located by 'By.xpath: //*[@id="shopify-section-en-footer"]/footer/div/div/section[1]/nav/ul/li[1]/a[count(. | //*[@href = '/pages/return-policy']) = count(//*[@href = '/pages/return-policy'])]' not found)
	at com.kms.katalon.core.keyword.internal.KeywordMain.stepFailed(KeywordMain.groovy:36)
	at com.kms.katalon.core.webui.keyword.internal.WebUIKeywordMain.stepFailed(WebUIKeywordMain.groovy:65)
	at com.kms.katalon.core.webui.keyword.internal.WebUIKeywordMain.runKeyword(WebUIKeywordMain.groovy:27)
	at com.kms.katalon.core.webui.keyword.builtin.ClickKeyword.click(ClickKeyword.groovy:86)
	at com.kms.katalon.core.webui.keyword.builtin.ClickKeyword.execute(ClickKeyword.groovy:67)
	at com.kms.katalon.core.keyword.internal.KeywordExecutor.executeKeywordForPlatform(KeywordExecutor.groovy:53)
	at com.kms.katalon.core.webui.keyword.WebUiBuiltInKeywords.click(WebUiBuiltInKeywords.groovy:616)
	at com.kms.katalon.core.webui.keyword.WebUiBuiltInKeywords$click$3.call(Unknown Source)
	at footer.run(footer:54)
	at com.kms.katalon.core.main.ScriptEngine.run(ScriptEngine.java:194)
	at com.kms.katalon.core.main.ScriptEngine.runScriptAsRawText(ScriptEngine.java:119)
	at com.kms.katalon.core.main.TestCaseExecutor.runScript(TestCaseExecutor.java:328)
	at com.kms.katalon.core.main.TestCaseExecutor.doExecute(TestCaseExecutor.java:319)
	at com.kms.katalon.core.main.TestCaseExecutor.processExecutionPhase(TestCaseExecutor.java:298)
	at com.kms.katalon.core.main.TestCaseExecutor.accessMainPhase(TestCaseExecutor.java:290)
	at com.kms.katalon.core.main.TestCaseExecutor.execute(TestCaseExecutor.java:224)
	at com.kms.katalon.core.main.TestSuiteExecutor.accessTestCaseMainPhase(TestSuiteExecutor.java:129)
	at com.kms.katalon.core.main.TestSuiteExecutor.accessTestSuiteMainPhase(TestSuiteExecutor.java:112)
	at com.kms.katalon.core.main.TestSuiteExecutor.execute(TestSuiteExecutor.java:81)
	at com.kms.katalon.core.main.TestCaseMain.startTestSuite(TestCaseMain.java:149)
	at com.kms.katalon.core.main.TestCaseMain$startTestSuite$0.call(Unknown Source)
	at TempTestSuite1558208231009.run(TempTestSuite1558208231009.groovy:36)


2019-05-18 15:54:27 - [MESSAGE][INFO] - Unable to find the element located by 'By.xpath: //*[@id="shopify-section-en-footer"]/footer/div/div/section[1]/nav/ul/li[1]/a[count(. | //*[@href = '/pages/return-policy']) = count(//*[@href = '/pages/return-policy'])]'. Please recheck the objects properties to make sure the desired element is located. 

2019-05-18 15:54:28 - [MESSAGE][FAILED] - Unable to click on object 'Object Repository/OCS-MOBILE /Home - page/Return Policy' (Root cause: com.kms.katalon.core.webui.exception.WebElementNotFoundException: Web element with id: 'Object Repository/OCS-MOBILE /Home - page/Return Policy' located by 'By.xpath: //*[@id="shopify-section-en-footer"]/footer/div/div/section[1]/nav/ul/li[1]/a[count(. | //*[@href = '/pages/return-policy']) = count(//*[@href = '/pages/return-policy'])]' not found)
[[ATTACHMENT|/Users/sumankompelly/git/Ontario-cannbis-store/Reports/OCS- MOBILE/AGE GATE/20190518_153710/1558209267703.png]]

2019-05-18 15:54:28 - [MESSAGE][FAILED] - click(findTestObject("OCS-MOBILE /Home - page/Return Policy")) FAILED.
Reason:
com.kms.katalon.core.exception.StepFailedException: Unable to click on object 'Object Repository/OCS-MOBILE /Home - page/Return Policy' (Root cause: com.kms.katalon.core.webui.exception.WebElementNotFoundException: Web element with id: 'Object Repository/OCS-MOBILE /Home - page/Return Policy' located by 'By.xpath: //*[@id="shopify-section-en-footer"]/footer/div/div/section[1]/nav/ul/li[1]/a[count(. | //*[@href = '/pages/return-policy']) = count(//*[@href = '/pages/return-policy'])]' not found)
	at com.kms.katalon.core.keyword.internal.KeywordMain.stepFailed(KeywordMain.groovy:36)
	at com.kms.katalon.core.webui.keyword.internal.WebUIKeywordMain.stepFailed(WebUIKeywordMain.groovy:65)
	at com.kms.katalon.core.webui.keyword.internal.WebUIKeywordMain.runKeyword(WebUIKeywordMain.groovy:27)
	at com.kms.katalon.core.webui.keyword.builtin.ClickKeyword.click(ClickKeyword.groovy:86)
	at com.kms.katalon.core.webui.keyword.builtin.ClickKeyword.execute(ClickKeyword.groovy:67)
	at com.kms.katalon.core.keyword.internal.KeywordExecutor.executeKeywordForPlatform(KeywordExecutor.groovy:53)
	at com.kms.katalon.core.webui.keyword.WebUiBuiltInKeywords.click(WebUiBuiltInKeywords.groovy:616)
	at com.kms.katalon.core.webui.keyword.WebUiBuiltInKeywords$click$3.call(Unknown Source)
	at footer.run(footer:54)
	at com.kms.katalon.core.main.ScriptEngine.run(ScriptEngine.java:194)
	at com.kms.katalon.core.main.ScriptEngine.runScriptAsRawText(ScriptEngine.java:119)
	at com.kms.katalon.core.main.TestCaseExecutor.runScript(TestCaseExecutor.java:328)
	at com.kms.katalon.core.main.TestCaseExecutor.doExecute(TestCaseExecutor.java:319)
	at com.kms.katalon.core.main.TestCaseExecutor.processExecutionPhase(TestCaseExecutor.java:298)
	at com.kms.katalon.core.main.TestCaseExecutor.accessMainPhase(TestCaseExecutor.java:290)
	at com.kms.katalon.core.main.TestCaseExecutor.execute(TestCaseExecutor.java:224)
	at com.kms.katalon.core.main.TestSuiteExecutor.accessTestCaseMainPhase(TestSuiteExecutor.java:129)
	at com.kms.katalon.core.main.TestSuiteExecutor.accessTestSuiteMainPhase(TestSuiteExecutor.java:112)
	at com.kms.katalon.core.main.TestSuiteExecutor.execute(TestSuiteExecutor.java:81)
	at com.kms.katalon.core.main.TestCaseMain.startTestSuite(TestCaseMain.java:149)
	at com.kms.katalon.core.main.TestCaseMain$startTestSuite$0.call(Unknown Source)
	at TempTestSuite1558208231009.run(TempTestSuite1558208231009.groovy:36)]]></system-out>
         <system-err><![CDATA[2019-05-18 15:53:36 - [TEST_CASE][FAILED] - Test Cases/OCS - MOBILE/OCS- HOME PAGE/footer: Test Cases/OCS - MOBILE/OCS- HOME PAGE/footer FAILED.
Reason:
com.kms.katalon.core.exception.StepFailedException: Unable to click on object 'Object Repository/OCS-MOBILE /Home - page/Return Policy' (Root cause: com.kms.katalon.core.webui.exception.WebElementNotFoundException: Web element with id: 'Object Repository/OCS-MOBILE /Home - page/Return Policy' located by 'By.xpath: //*[@id="shopify-section-en-footer"]/footer/div/div/section[1]/nav/ul/li[1]/a[count(. | //*[@href = '/pages/return-policy']) = count(//*[@href = '/pages/return-policy'])]' not found)
	at com.kms.katalon.core.keyword.internal.KeywordMain.stepFailed(KeywordMain.groovy:36)
	at com.kms.katalon.core.webui.keyword.internal.WebUIKeywordMain.stepFailed(WebUIKeywordMain.groovy:65)
	at com.kms.katalon.core.webui.keyword.internal.WebUIKeywordMain.runKeyword(WebUIKeywordMain.groovy:27)
	at com.kms.katalon.core.webui.keyword.builtin.ClickKeyword.click(ClickKeyword.groovy:86)
	at com.kms.katalon.core.webui.keyword.builtin.ClickKeyword.execute(ClickKeyword.groovy:67)
	at com.kms.katalon.core.keyword.internal.KeywordExecutor.executeKeywordForPlatform(KeywordExecutor.groovy:53)
	at com.kms.katalon.core.webui.keyword.WebUiBuiltInKeywords.click(WebUiBuiltInKeywords.groovy:616)
	at com.kms.katalon.core.webui.keyword.WebUiBuiltInKeywords$click$3.call(Unknown Source)
	at footer.run(footer:54)
	at com.kms.katalon.core.main.ScriptEngine.run(ScriptEngine.java:194)
	at com.kms.katalon.core.main.ScriptEngine.runScriptAsRawText(ScriptEngine.java:119)
	at com.kms.katalon.core.main.TestCaseExecutor.runScript(TestCaseExecutor.java:328)
	at com.kms.katalon.core.main.TestCaseExecutor.doExecute(TestCaseExecutor.java:319)
	at com.kms.katalon.core.main.TestCaseExecutor.processExecutionPhase(TestCaseExecutor.java:298)
	at com.kms.katalon.core.main.TestCaseExecutor.accessMainPhase(TestCaseExecutor.java:290)
	at com.kms.katalon.core.main.TestCaseExecutor.execute(TestCaseExecutor.java:224)
	at com.kms.katalon.core.main.TestSuiteExecutor.accessTestCaseMainPhase(TestSuiteExecutor.java:129)
	at com.kms.katalon.core.main.TestSuiteExecutor.accessTestSuiteMainPhase(TestSuiteExecutor.java:112)
	at com.kms.katalon.core.main.TestSuiteExecutor.execute(TestSuiteExecutor.java:81)
	at com.kms.katalon.core.main.TestCaseMain.startTestSuite(TestCaseMain.java:149)
	at com.kms.katalon.core.main.TestCaseMain$startTestSuite$0.call(Unknown Source)
	at TempTestSuite1558208231009.run(TempTestSuite1558208231009.groovy:36)]]></system-err>
      </testcase>
      <testcase name="Test Cases/OCS - MOBILE/OCS- HOME PAGE/why trust OCS" classname="Test Cases/OCS - MOBILE/OCS- HOME PAGE/why trust OCS" status="PASSED">
         <system-out><![CDATA[2019-05-18 15:54:28 - [TEST_CASE][PASSED] - Test Cases/OCS - MOBILE/OCS- HOME PAGE/why trust OCS: Test Cases/OCS - MOBILE/OCS- HOME PAGE/why trust OCS

2019-05-18 15:54:28 - [TEST_STEP][PASSED] - openBrowser(""): Browser is opened with url: ''

2019-05-18 15:54:28 - [MESSAGE][WARNING] - A browser is already opened. Closing browser and opening a new one

2019-05-18 15:54:28 - [MESSAGE][INFO] - Starting 'Chrome' driver

2019-05-18 15:54:29 - [MESSAGE][PASSED] - Browser is opened with url: ''

2019-05-18 15:54:29 - [TEST_STEP][PASSED] - navigateToUrl("https://ocs.ca/?fts=0&preview_theme_id=53373863756"): Navigate to 'https://ocs.ca/?fts=0&preview_theme_id=53373863756' successfully

2019-05-18 15:54:33 - [MESSAGE][PASSED] - Navigate to 'https://ocs.ca/?fts=0&preview_theme_id=53373863756' successfully

2019-05-18 15:54:33 - [TEST_STEP][PASSED] - setViewPortSize(360, 800): Viewport is set to new size with width = 360 and height = 800

2019-05-18 15:54:33 - [MESSAGE][PASSED] - Viewport is set to new size with width = 360 and height = 800

2019-05-18 15:54:33 - [TEST_STEP][PASSED] - delay(4): Delayed 4 second(s)

2019-05-18 15:54:37 - [MESSAGE][PASSED] - Delayed 4 second(s)

2019-05-18 15:54:37 - [TEST_STEP][PASSED] - selectOptionByValue(findTestObject("OCS-MOBILE /Age gate and burger menu/Date"), "12", true): All options with value '12' are selected in object 'Object Repository/OCS-MOBILE /Age gate and burger menu/Date'  using regular expression

2019-05-18 15:54:37 - [MESSAGE][PASSED] - All options with value '12' are selected in object 'Object Repository/OCS-MOBILE /Age gate and burger menu/Date'  using regular expression

2019-05-18 15:54:37 - [TEST_STEP][PASSED] - selectOptionByValue(findTestObject("OCS-MOBILE /Age gate and burger menu/month"), "6", true): All options with value '6' are selected in object 'Object Repository/OCS-MOBILE /Age gate and burger menu/month'  using regular expression

2019-05-18 15:54:37 - [MESSAGE][PASSED] - All options with value '6' are selected in object 'Object Repository/OCS-MOBILE /Age gate and burger menu/month'  using regular expression

2019-05-18 15:54:37 - [TEST_STEP][PASSED] - delay(2): Delayed 2 second(s)

2019-05-18 15:54:39 - [MESSAGE][PASSED] - Delayed 2 second(s)

2019-05-18 15:54:39 - [TEST_STEP][PASSED] - selectOptionByValue(findTestObject("OCS-MOBILE /Age gate and burger menu/Year Dropdown"), "1990", true): All options with value '1990' are selected in object 'Object Repository/OCS-MOBILE /Age gate and burger menu/Year Dropdown'  using regular expression

2019-05-18 15:54:40 - [MESSAGE][PASSED] - All options with value '1990' are selected in object 'Object Repository/OCS-MOBILE /Age gate and burger menu/Year Dropdown'  using regular expression

2019-05-18 15:54:40 - [TEST_STEP][PASSED] - click(findTestObject("OCS-MOBILE /Age gate and burger menu/button_Verify")): Object: 'Object Repository/OCS-MOBILE /Age gate and burger menu/button_Verify' is clicked on

2019-05-18 15:54:40 - [MESSAGE][PASSED] - Object: 'Object Repository/OCS-MOBILE /Age gate and burger menu/button_Verify' is clicked on

2019-05-18 15:54:40 - [TEST_STEP][PASSED] - click(findTestObject("OCS-MOBILE /Age gate and burger menu/Checkbox_CONFIRM AND ACKNOWLEDGE")): Object: 'Object Repository/OCS-MOBILE /Age gate and burger menu/Checkbox_CONFIRM AND ACKNOWLEDGE' is clicked on

2019-05-18 15:54:40 - [MESSAGE][PASSED] - Object: 'Object Repository/OCS-MOBILE /Age gate and burger menu/Checkbox_CONFIRM AND ACKNOWLEDGE' is clicked on

2019-05-18 15:54:40 - [TEST_STEP][PASSED] - click(findTestObject("OCS-MOBILE /Age gate and burger menu/button_CONFIRM")): Object: 'Object Repository/OCS-MOBILE /Age gate and burger menu/button_CONFIRM' is clicked on

2019-05-18 15:54:41 - [MESSAGE][PASSED] - Object: 'Object Repository/OCS-MOBILE /Age gate and burger menu/button_CONFIRM' is clicked on

2019-05-18 15:54:41 - [TEST_STEP][PASSED] - click(findTestObject("OCS-MOBILE /Age gate and burger menu/button_Start Browsing")): Object: 'Object Repository/OCS-MOBILE /Age gate and burger menu/button_Start Browsing' is clicked on

2019-05-18 15:54:41 - [MESSAGE][PASSED] - Object: 'Object Repository/OCS-MOBILE /Age gate and burger menu/button_Start Browsing' is clicked on

2019-05-18 15:54:41 - [TEST_STEP][PASSED] - delay(2): Delayed 2 second(s)

2019-05-18 15:54:43 - [MESSAGE][PASSED] - Delayed 2 second(s)

2019-05-18 15:54:43 - [TEST_STEP][PASSED] - setViewPortSize(1000, 800, OPTIONAL): Viewport is set to new size with width = 1000 and height = 800

2019-05-18 15:54:43 - [MESSAGE][PASSED] - Viewport is set to new size with width = 1000 and height = 800

2019-05-18 15:54:43 - [TEST_STEP][PASSED] - delay(2, OPTIONAL): Delayed 2 second(s)

2019-05-18 15:54:45 - [MESSAGE][PASSED] - Delayed 2 second(s)

2019-05-18 15:54:45 - [TEST_STEP][PASSED] - click(findTestObject("Theme_oR/Page_Ontario Cannabis Store  Ontari/button_Hide bar"), OPTIONAL): Object: 'Object Repository/Theme_oR/Page_Ontario Cannabis Store  Ontari/button_Hide bar' is clicked on

2019-05-18 15:54:45 - [MESSAGE][PASSED] - Object: 'Object Repository/Theme_oR/Page_Ontario Cannabis Store  Ontari/button_Hide bar' is clicked on

2019-05-18 15:54:45 - [TEST_STEP][PASSED] - delay(2, OPTIONAL): Delayed 2 second(s)

2019-05-18 15:54:47 - [MESSAGE][PASSED] - Delayed 2 second(s)

2019-05-18 15:54:47 - [TEST_STEP][PASSED] - setViewPortSize(360, 800, OPTIONAL): Viewport is set to new size with width = 360 and height = 800

2019-05-18 15:54:47 - [MESSAGE][PASSED] - Viewport is set to new size with width = 360 and height = 800

2019-05-18 15:54:47 - [TEST_STEP][PASSED] - delay(1, OPTIONAL): Delayed 1 second(s)

2019-05-18 15:54:48 - [MESSAGE][PASSED] - Delayed 1 second(s)

2019-05-18 15:54:48 - [TEST_STEP][PASSED] - click(findTestObject("OCS-MOBILE /Home - page/Why trust OCS -img")): Object: 'Object Repository/OCS-MOBILE /Home - page/Why trust OCS -img' is clicked on

2019-05-18 15:54:51 - [MESSAGE][PASSED] - Object: 'Object Repository/OCS-MOBILE /Home - page/Why trust OCS -img' is clicked on]]></system-out>
         <system-err><![CDATA[]]></system-err>
      </testcase>
      <testcase name="Test Cases/OCS - MOBILE/OCS- HOME PAGE/How to choose cannabis-learn more" classname="Test Cases/OCS - MOBILE/OCS- HOME PAGE/How to choose cannabis-learn more" status="PASSED">
         <system-out><![CDATA[2019-05-18 15:54:51 - [TEST_CASE][PASSED] - Test Cases/OCS - MOBILE/OCS- HOME PAGE/How to choose cannabis-learn more: Test Cases/OCS - MOBILE/OCS- HOME PAGE/How to choose cannabis-learn more

2019-05-18 15:54:51 - [TEST_STEP][PASSED] - openBrowser(""): Browser is opened with url: ''

2019-05-18 15:54:51 - [MESSAGE][WARNING] - A browser is already opened. Closing browser and opening a new one

2019-05-18 15:54:51 - [MESSAGE][INFO] - Starting 'Chrome' driver

2019-05-18 15:54:52 - [MESSAGE][PASSED] - Browser is opened with url: ''

2019-05-18 15:54:52 - [TEST_STEP][PASSED] - navigateToUrl("https://ocs.ca/?fts=0&preview_theme_id=53373863756"): Navigate to 'https://ocs.ca/?fts=0&preview_theme_id=53373863756' successfully

2019-05-18 15:54:55 - [MESSAGE][PASSED] - Navigate to 'https://ocs.ca/?fts=0&preview_theme_id=53373863756' successfully

2019-05-18 15:54:55 - [TEST_STEP][PASSED] - setViewPortSize(360, 800): Viewport is set to new size with width = 360 and height = 800

2019-05-18 15:54:55 - [MESSAGE][PASSED] - Viewport is set to new size with width = 360 and height = 800

2019-05-18 15:54:55 - [TEST_STEP][PASSED] - delay(4): Delayed 4 second(s)

2019-05-18 15:54:59 - [MESSAGE][PASSED] - Delayed 4 second(s)

2019-05-18 15:54:59 - [TEST_STEP][PASSED] - selectOptionByValue(findTestObject("OCS-MOBILE /Age gate and burger menu/Date"), "12", true): All options with value '12' are selected in object 'Object Repository/OCS-MOBILE /Age gate and burger menu/Date'  using regular expression

2019-05-18 15:55:00 - [MESSAGE][PASSED] - All options with value '12' are selected in object 'Object Repository/OCS-MOBILE /Age gate and burger menu/Date'  using regular expression

2019-05-18 15:55:00 - [TEST_STEP][PASSED] - selectOptionByValue(findTestObject("OCS-MOBILE /Age gate and burger menu/month"), "6", true): All options with value '6' are selected in object 'Object Repository/OCS-MOBILE /Age gate and burger menu/month'  using regular expression

2019-05-18 15:55:00 - [MESSAGE][PASSED] - All options with value '6' are selected in object 'Object Repository/OCS-MOBILE /Age gate and burger menu/month'  using regular expression

2019-05-18 15:55:00 - [TEST_STEP][PASSED] - delay(2): Delayed 2 second(s)

2019-05-18 15:55:02 - [MESSAGE][PASSED] - Delayed 2 second(s)

2019-05-18 15:55:02 - [TEST_STEP][PASSED] - selectOptionByValue(findTestObject("OCS-MOBILE /Age gate and burger menu/Year Dropdown"), "1990", true): All options with value '1990' are selected in object 'Object Repository/OCS-MOBILE /Age gate and burger menu/Year Dropdown'  using regular expression

2019-05-18 15:55:03 - [MESSAGE][PASSED] - All options with value '1990' are selected in object 'Object Repository/OCS-MOBILE /Age gate and burger menu/Year Dropdown'  using regular expression

2019-05-18 15:55:03 - [TEST_STEP][PASSED] - click(findTestObject("OCS-MOBILE /Age gate and burger menu/button_Verify")): Object: 'Object Repository/OCS-MOBILE /Age gate and burger menu/button_Verify' is clicked on

2019-05-18 15:55:03 - [MESSAGE][PASSED] - Object: 'Object Repository/OCS-MOBILE /Age gate and burger menu/button_Verify' is clicked on

2019-05-18 15:55:03 - [TEST_STEP][PASSED] - click(findTestObject("OCS-MOBILE /Age gate and burger menu/Checkbox_CONFIRM AND ACKNOWLEDGE")): Object: 'Object Repository/OCS-MOBILE /Age gate and burger menu/Checkbox_CONFIRM AND ACKNOWLEDGE' is clicked on

2019-05-18 15:55:03 - [MESSAGE][PASSED] - Object: 'Object Repository/OCS-MOBILE /Age gate and burger menu/Checkbox_CONFIRM AND ACKNOWLEDGE' is clicked on

2019-05-18 15:55:03 - [TEST_STEP][PASSED] - click(findTestObject("OCS-MOBILE /Age gate and burger menu/button_CONFIRM")): Object: 'Object Repository/OCS-MOBILE /Age gate and burger menu/button_CONFIRM' is clicked on

2019-05-18 15:55:03 - [MESSAGE][PASSED] - Object: 'Object Repository/OCS-MOBILE /Age gate and burger menu/button_CONFIRM' is clicked on

2019-05-18 15:55:03 - [TEST_STEP][PASSED] - click(findTestObject("OCS-MOBILE /Age gate and burger menu/button_Start Browsing")): Object: 'Object Repository/OCS-MOBILE /Age gate and burger menu/button_Start Browsing' is clicked on

2019-05-18 15:55:03 - [MESSAGE][PASSED] - Object: 'Object Repository/OCS-MOBILE /Age gate and burger menu/button_Start Browsing' is clicked on

2019-05-18 15:55:03 - [TEST_STEP][PASSED] - delay(2): Delayed 2 second(s)

2019-05-18 15:55:05 - [MESSAGE][PASSED] - Delayed 2 second(s)

2019-05-18 15:55:05 - [TEST_STEP][PASSED] - delay(2): Delayed 2 second(s)

2019-05-18 15:55:07 - [MESSAGE][PASSED] - Delayed 2 second(s)

2019-05-18 15:55:07 - [TEST_STEP][PASSED] - setViewPortSize(1000, 800, OPTIONAL): Viewport is set to new size with width = 1000 and height = 800

2019-05-18 15:55:07 - [MESSAGE][PASSED] - Viewport is set to new size with width = 1000 and height = 800

2019-05-18 15:55:07 - [TEST_STEP][PASSED] - delay(2, OPTIONAL): Delayed 2 second(s)

2019-05-18 15:55:09 - [MESSAGE][PASSED] - Delayed 2 second(s)

2019-05-18 15:55:09 - [TEST_STEP][PASSED] - click(findTestObject("Theme_oR/Page_Ontario Cannabis Store  Ontari/button_Hide bar"), OPTIONAL): Object: 'Object Repository/Theme_oR/Page_Ontario Cannabis Store  Ontari/button_Hide bar' is clicked on

2019-05-18 15:55:10 - [MESSAGE][PASSED] - Object: 'Object Repository/Theme_oR/Page_Ontario Cannabis Store  Ontari/button_Hide bar' is clicked on

2019-05-18 15:55:10 - [TEST_STEP][PASSED] - delay(2, OPTIONAL): Delayed 2 second(s)

2019-05-18 15:55:12 - [MESSAGE][PASSED] - Delayed 2 second(s)

2019-05-18 15:55:12 - [TEST_STEP][PASSED] - setViewPortSize(360, 800, OPTIONAL): Viewport is set to new size with width = 360 and height = 800

2019-05-18 15:55:12 - [MESSAGE][PASSED] - Viewport is set to new size with width = 360 and height = 800

2019-05-18 15:55:12 - [TEST_STEP][PASSED] - delay(1, OPTIONAL): Delayed 1 second(s)

2019-05-18 15:55:13 - [MESSAGE][PASSED] - Delayed 1 second(s)

2019-05-18 15:55:13 - [TEST_STEP][PASSED] - click(findTestObject("OCS-MOBILE /Home - page/a_Learn more- A brief history of cannabis")): Object: 'Object Repository/OCS-MOBILE /Home - page/a_Learn more- A brief history of cannabis' is clicked on

2019-05-18 15:55:16 - [MESSAGE][PASSED] - Object: 'Object Repository/OCS-MOBILE /Home - page/a_Learn more- A brief history of cannabis' is clicked on

2019-05-18 15:55:16 - [TEST_STEP][PASSED] - back(): Navigate back successfully

2019-05-18 15:55:17 - [MESSAGE][PASSED] - Navigate back successfully

2019-05-18 15:55:17 - [TEST_STEP][PASSED] - delay(2): Delayed 2 second(s)

2019-05-18 15:55:19 - [MESSAGE][PASSED] - Delayed 2 second(s)

2019-05-18 15:55:19 - [TEST_STEP][PASSED] - setViewPortSize(1000, 800, OPTIONAL): Viewport is set to new size with width = 1000 and height = 800

2019-05-18 15:55:19 - [MESSAGE][PASSED] - Viewport is set to new size with width = 1000 and height = 800

2019-05-18 15:55:19 - [TEST_STEP][PASSED] - delay(2, OPTIONAL): Delayed 2 second(s)

2019-05-18 15:55:21 - [MESSAGE][PASSED] - Delayed 2 second(s)

2019-05-18 15:55:21 - [TEST_STEP][PASSED] - click(findTestObject("Theme_oR/Page_Ontario Cannabis Store  Ontari/button_Hide bar"), OPTIONAL): Object: 'Object Repository/Theme_oR/Page_Ontario Cannabis Store  Ontari/button_Hide bar' is clicked on

2019-05-18 15:55:21 - [MESSAGE][PASSED] - Object: 'Object Repository/Theme_oR/Page_Ontario Cannabis Store  Ontari/button_Hide bar' is clicked on

2019-05-18 15:55:21 - [TEST_STEP][PASSED] - delay(2, OPTIONAL): Delayed 2 second(s)

2019-05-18 15:55:23 - [MESSAGE][PASSED] - Delayed 2 second(s)

2019-05-18 15:55:23 - [TEST_STEP][PASSED] - setViewPortSize(360, 800, OPTIONAL): Viewport is set to new size with width = 360 and height = 800

2019-05-18 15:55:23 - [MESSAGE][PASSED] - Viewport is set to new size with width = 360 and height = 800

2019-05-18 15:55:23 - [TEST_STEP][PASSED] - delay(3, OPTIONAL): Delayed 3 second(s)

2019-05-18 15:55:26 - [MESSAGE][PASSED] - Delayed 3 second(s)

2019-05-18 15:55:26 - [TEST_STEP][PASSED] - click(findTestObject("OCS-MOBILE /Home - page/a_Learn more- Tips for responsible use")): Object: 'Object Repository/OCS-MOBILE /Home - page/a_Learn more- Tips for responsible use' is clicked on

2019-05-18 15:55:29 - [MESSAGE][PASSED] - Object: 'Object Repository/OCS-MOBILE /Home - page/a_Learn more- Tips for responsible use' is clicked on]]></system-out>
         <system-err><![CDATA[]]></system-err>
      </testcase>
      <testcase name="Test Cases/OCS - MOBILE/OCS- HOME PAGE/HP -Burger menu-FAQ" classname="Test Cases/OCS - MOBILE/OCS- HOME PAGE/HP -Burger menu-FAQ" status="PASSED">
         <system-out><![CDATA[2019-05-18 15:55:29 - [TEST_CASE][PASSED] - Test Cases/OCS - MOBILE/OCS- HOME PAGE/HP -Burger menu-FAQ: Test Cases/OCS - MOBILE/OCS- HOME PAGE/HP -Burger menu-FAQ

2019-05-18 15:55:29 - [TEST_STEP][PASSED] - openBrowser(""): Browser is opened with url: ''

2019-05-18 15:55:29 - [MESSAGE][WARNING] - A browser is already opened. Closing browser and opening a new one

2019-05-18 15:55:29 - [MESSAGE][INFO] - Starting 'Chrome' driver

2019-05-18 15:55:30 - [MESSAGE][PASSED] - Browser is opened with url: ''

2019-05-18 15:55:30 - [TEST_STEP][PASSED] - navigateToUrl("https://ocs.ca/?fts=0&preview_theme_id=53373863756"): Navigate to 'https://ocs.ca/?fts=0&preview_theme_id=53373863756' successfully

2019-05-18 15:55:33 - [MESSAGE][PASSED] - Navigate to 'https://ocs.ca/?fts=0&preview_theme_id=53373863756' successfully

2019-05-18 15:55:33 - [TEST_STEP][PASSED] - setViewPortSize(360, 800): Viewport is set to new size with width = 360 and height = 800

2019-05-18 15:55:33 - [MESSAGE][PASSED] - Viewport is set to new size with width = 360 and height = 800

2019-05-18 15:55:33 - [TEST_STEP][PASSED] - delay(4): Delayed 4 second(s)

2019-05-18 15:55:37 - [MESSAGE][PASSED] - Delayed 4 second(s)

2019-05-18 15:55:37 - [TEST_STEP][PASSED] - selectOptionByValue(findTestObject("OCS-MOBILE /Age gate and burger menu/Date"), "12", true): All options with value '12' are selected in object 'Object Repository/OCS-MOBILE /Age gate and burger menu/Date'  using regular expression

2019-05-18 15:55:38 - [MESSAGE][PASSED] - All options with value '12' are selected in object 'Object Repository/OCS-MOBILE /Age gate and burger menu/Date'  using regular expression

2019-05-18 15:55:38 - [TEST_STEP][PASSED] - selectOptionByValue(findTestObject("OCS-MOBILE /Age gate and burger menu/month"), "6", true): All options with value '6' are selected in object 'Object Repository/OCS-MOBILE /Age gate and burger menu/month'  using regular expression

2019-05-18 15:55:38 - [MESSAGE][PASSED] - All options with value '6' are selected in object 'Object Repository/OCS-MOBILE /Age gate and burger menu/month'  using regular expression

2019-05-18 15:55:38 - [TEST_STEP][PASSED] - delay(2): Delayed 2 second(s)

2019-05-18 15:55:40 - [MESSAGE][PASSED] - Delayed 2 second(s)

2019-05-18 15:55:40 - [TEST_STEP][PASSED] - selectOptionByValue(findTestObject("OCS-MOBILE /Age gate and burger menu/Year Dropdown"), "1990", true): All options with value '1990' are selected in object 'Object Repository/OCS-MOBILE /Age gate and burger menu/Year Dropdown'  using regular expression

2019-05-18 15:55:41 - [MESSAGE][PASSED] - All options with value '1990' are selected in object 'Object Repository/OCS-MOBILE /Age gate and burger menu/Year Dropdown'  using regular expression

2019-05-18 15:55:41 - [TEST_STEP][PASSED] - click(findTestObject("OCS-MOBILE /Age gate and burger menu/button_Verify")): Object: 'Object Repository/OCS-MOBILE /Age gate and burger menu/button_Verify' is clicked on

2019-05-18 15:55:41 - [MESSAGE][PASSED] - Object: 'Object Repository/OCS-MOBILE /Age gate and burger menu/button_Verify' is clicked on

2019-05-18 15:55:41 - [TEST_STEP][PASSED] - click(findTestObject("OCS-MOBILE /Age gate and burger menu/Checkbox_CONFIRM AND ACKNOWLEDGE")): Object: 'Object Repository/OCS-MOBILE /Age gate and burger menu/Checkbox_CONFIRM AND ACKNOWLEDGE' is clicked on

2019-05-18 15:55:41 - [MESSAGE][PASSED] - Object: 'Object Repository/OCS-MOBILE /Age gate and burger menu/Checkbox_CONFIRM AND ACKNOWLEDGE' is clicked on

2019-05-18 15:55:41 - [TEST_STEP][PASSED] - click(findTestObject("OCS-MOBILE /Age gate and burger menu/button_CONFIRM")): Object: 'Object Repository/OCS-MOBILE /Age gate and burger menu/button_CONFIRM' is clicked on

2019-05-18 15:55:41 - [MESSAGE][PASSED] - Object: 'Object Repository/OCS-MOBILE /Age gate and burger menu/button_CONFIRM' is clicked on

2019-05-18 15:55:41 - [TEST_STEP][PASSED] - click(findTestObject("OCS-MOBILE /Age gate and burger menu/button_Start Browsing")): Object: 'Object Repository/OCS-MOBILE /Age gate and burger menu/button_Start Browsing' is clicked on

2019-05-18 15:55:41 - [MESSAGE][PASSED] - Object: 'Object Repository/OCS-MOBILE /Age gate and burger menu/button_Start Browsing' is clicked on

2019-05-18 15:55:41 - [TEST_STEP][PASSED] - delay(2): Delayed 2 second(s)

2019-05-18 15:55:43 - [MESSAGE][PASSED] - Delayed 2 second(s)

2019-05-18 15:55:43 - [TEST_STEP][PASSED] - click(findTestObject("OCS-MOBILE /Age gate and burger menu/Burger menu - English")): Object: 'Object Repository/OCS-MOBILE /Age gate and burger menu/Burger menu - English' is clicked on

2019-05-18 15:55:43 - [MESSAGE][PASSED] - Object: 'Object Repository/OCS-MOBILE /Age gate and burger menu/Burger menu - English' is clicked on

2019-05-18 15:55:43 - [TEST_STEP][PASSED] - delay(2): Delayed 2 second(s)

2019-05-18 15:55:45 - [MESSAGE][PASSED] - Delayed 2 second(s)

2019-05-18 15:55:45 - [TEST_STEP][PASSED] - click(findTestObject("OCS-MOBILE /FAQ page/FAQ")): Object: 'Object Repository/OCS-MOBILE /FAQ page/FAQ' is clicked on

2019-05-18 15:55:45 - [MESSAGE][PASSED] - Object: 'Object Repository/OCS-MOBILE /FAQ page/FAQ' is clicked on

2019-05-18 15:55:45 - [TEST_STEP][PASSED] - delay(1): Delayed 1 second(s)

2019-05-18 15:55:47 - [MESSAGE][PASSED] - Delayed 1 second(s)

2019-05-18 15:55:47 - [TEST_STEP][PASSED] - click(findTestObject("OCS-MOBILE /FAQ page/First chevron link")): Object: 'Object Repository/OCS-MOBILE /FAQ page/First chevron link' is clicked on

2019-05-18 15:55:49 - [MESSAGE][PASSED] - Object: 'Object Repository/OCS-MOBILE /FAQ page/First chevron link' is clicked on

2019-05-18 15:55:49 - [TEST_STEP][PASSED] - delay(1): Delayed 1 second(s)

2019-05-18 15:55:50 - [MESSAGE][PASSED] - Delayed 1 second(s)

2019-05-18 15:55:50 - [TEST_STEP][PASSED] - scrollToElement(findTestObject("OCS-MOBILE /FAQ page/scroll view element"), 0): Scroll to object 'Object Repository/OCS-MOBILE /FAQ page/scroll view element' successfully

2019-05-18 15:55:50 - [MESSAGE][WARNING] - Timeout '0' is invalid. Using default page load timeout: '30'

2019-05-18 15:55:50 - [MESSAGE][PASSED] - Scroll to object 'Object Repository/OCS-MOBILE /FAQ page/scroll view element' successfully

2019-05-18 15:55:50 - [TEST_STEP][PASSED] - delay(1): Delayed 1 second(s)

2019-05-18 15:55:51 - [MESSAGE][PASSED] - Delayed 1 second(s)

2019-05-18 15:55:51 - [TEST_STEP][PASSED] - click(findTestObject("OCS-MOBILE /FAQ page/Dropdown button -First chevron -open- FAQ")): Object: 'Object Repository/OCS-MOBILE /FAQ page/Dropdown button -First chevron -open- FAQ' is clicked on

2019-05-18 15:55:52 - [MESSAGE][PASSED] - Object: 'Object Repository/OCS-MOBILE /FAQ page/Dropdown button -First chevron -open- FAQ' is clicked on

2019-05-18 15:55:52 - [TEST_STEP][PASSED] - delay(1): Delayed 1 second(s)

2019-05-18 15:55:53 - [MESSAGE][PASSED] - Delayed 1 second(s)

2019-05-18 15:55:53 - [TEST_STEP][PASSED] - click(findTestObject("OCS-MOBILE /FAQ page/Dropdown button -First chevron - close -FAQ")): Object: 'Object Repository/OCS-MOBILE /FAQ page/Dropdown button -First chevron - close -FAQ' is clicked on

2019-05-18 15:55:53 - [MESSAGE][PASSED] - Object: 'Object Repository/OCS-MOBILE /FAQ page/Dropdown button -First chevron - close -FAQ' is clicked on

2019-05-18 15:55:53 - [TEST_STEP][PASSED] - delay(1, OPTIONAL): Delayed 1 second(s)

2019-05-18 15:55:54 - [MESSAGE][PASSED] - Delayed 1 second(s)

2019-05-18 15:55:54 - [TEST_STEP][PASSED] - setViewPortSize(1000, 800, OPTIONAL): Viewport is set to new size with width = 1000 and height = 800

2019-05-18 15:55:54 - [MESSAGE][PASSED] - Viewport is set to new size with width = 1000 and height = 800

2019-05-18 15:55:54 - [TEST_STEP][PASSED] - delay(2, OPTIONAL): Delayed 2 second(s)

2019-05-18 15:55:56 - [MESSAGE][PASSED] - Delayed 2 second(s)

2019-05-18 15:55:56 - [TEST_STEP][PASSED] - click(findTestObject("Theme_oR/Page_Ontario Cannabis Store  Ontari/button_Hide bar"), OPTIONAL): Object: 'Object Repository/Theme_oR/Page_Ontario Cannabis Store  Ontari/button_Hide bar' is clicked on

2019-05-18 15:55:56 - [MESSAGE][PASSED] - Object: 'Object Repository/Theme_oR/Page_Ontario Cannabis Store  Ontari/button_Hide bar' is clicked on

2019-05-18 15:55:56 - [TEST_STEP][PASSED] - delay(2, OPTIONAL): Delayed 2 second(s)

2019-05-18 15:55:58 - [MESSAGE][PASSED] - Delayed 2 second(s)

2019-05-18 15:55:58 - [TEST_STEP][PASSED] - setViewPortSize(360, 800, OPTIONAL): Viewport is set to new size with width = 360 and height = 800

2019-05-18 15:55:58 - [MESSAGE][PASSED] - Viewport is set to new size with width = 360 and height = 800

2019-05-18 15:55:58 - [TEST_STEP][PASSED] - delay(1, OPTIONAL): Delayed 1 second(s)

2019-05-18 15:55:59 - [MESSAGE][PASSED] - Delayed 1 second(s)

2019-05-18 15:55:59 - [TEST_STEP][PASSED] - click(findTestObject("OCS-MOBILE /FAQ page/First accordian - add")): Object: 'Object Repository/OCS-MOBILE /FAQ page/First accordian - add' is clicked on

2019-05-18 15:55:59 - [MESSAGE][PASSED] - Object: 'Object Repository/OCS-MOBILE /FAQ page/First accordian - add' is clicked on

2019-05-18 15:55:59 - [TEST_STEP][PASSED] - delay(1): Delayed 1 second(s)

2019-05-18 15:56:00 - [MESSAGE][PASSED] - Delayed 1 second(s)

2019-05-18 15:56:00 - [TEST_STEP][PASSED] - click(findTestObject("OCS-MOBILE /FAQ page/First accordian - Subtract")): Object: 'Object Repository/OCS-MOBILE /FAQ page/First accordian - Subtract' is clicked on

2019-05-18 15:56:00 - [MESSAGE][PASSED] - Object: 'Object Repository/OCS-MOBILE /FAQ page/First accordian - Subtract' is clicked on

2019-05-18 15:56:00 - [TEST_STEP][PASSED] - delay(1): Delayed 1 second(s)

2019-05-18 15:56:01 - [MESSAGE][PASSED] - Delayed 1 second(s)

2019-05-18 15:56:01 - [TEST_STEP][PASSED] - click(findTestObject("OCS-MOBILE /FAQ page/Second accordian- add")): Object: 'Object Repository/OCS-MOBILE /FAQ page/Second accordian- add' is clicked on

2019-05-18 15:56:01 - [MESSAGE][PASSED] - Object: 'Object Repository/OCS-MOBILE /FAQ page/Second accordian- add' is clicked on

2019-05-18 15:56:01 - [TEST_STEP][PASSED] - delay(1): Delayed 1 second(s)

2019-05-18 15:56:02 - [MESSAGE][PASSED] - Delayed 1 second(s)

2019-05-18 15:56:02 - [TEST_STEP][PASSED] - click(findTestObject("OCS-MOBILE /FAQ page/Second accordian - subtract")): Object: 'Object Repository/OCS-MOBILE /FAQ page/Second accordian - subtract' is clicked on

2019-05-18 15:56:02 - [MESSAGE][PASSED] - Object: 'Object Repository/OCS-MOBILE /FAQ page/Second accordian - subtract' is clicked on

2019-05-18 15:56:02 - [TEST_STEP][PASSED] - delay(1): Delayed 1 second(s)

2019-05-18 15:56:03 - [MESSAGE][PASSED] - Delayed 1 second(s)

2019-05-18 15:56:03 - [TEST_STEP][PASSED] - click(findTestObject("OCS-MOBILE /FAQ page/Load more1")): Object: 'Object Repository/OCS-MOBILE /FAQ page/Load more1' is clicked on

2019-05-18 15:56:03 - [MESSAGE][PASSED] - Object: 'Object Repository/OCS-MOBILE /FAQ page/Load more1' is clicked on

2019-05-18 15:56:03 - [TEST_STEP][PASSED] - delay(1): Delayed 1 second(s)

2019-05-18 15:56:04 - [MESSAGE][PASSED] - Delayed 1 second(s)

2019-05-18 15:56:04 - [TEST_STEP][PASSED] - click(findTestObject("OCS-MOBILE /FAQ page/Loadmore2")): Object: 'Object Repository/OCS-MOBILE /FAQ page/Loadmore2' is clicked on

2019-05-18 15:56:04 - [MESSAGE][PASSED] - Object: 'Object Repository/OCS-MOBILE /FAQ page/Loadmore2' is clicked on

2019-05-18 15:56:04 - [TEST_STEP][PASSED] - delay(1): Delayed 1 second(s)

2019-05-18 15:56:05 - [MESSAGE][PASSED] - Delayed 1 second(s)

2019-05-18 15:56:05 - [TEST_STEP][PASSED] - click(findTestObject("OCS-MOBILE /FAQ page/Loadmore3")): Object: 'Object Repository/OCS-MOBILE /FAQ page/Loadmore3' is clicked on

2019-05-18 15:56:05 - [MESSAGE][PASSED] - Object: 'Object Repository/OCS-MOBILE /FAQ page/Loadmore3' is clicked on

2019-05-18 15:56:05 - [TEST_STEP][PASSED] - delay(1): Delayed 1 second(s)

2019-05-18 15:56:06 - [MESSAGE][PASSED] - Delayed 1 second(s)

2019-05-18 15:56:06 - [TEST_STEP][PASSED] - click(findTestObject("OCS-MOBILE /FAQ page/Learn about cannabis")): Object: 'Object Repository/OCS-MOBILE /FAQ page/Learn about cannabis' is clicked on

2019-05-18 15:56:09 - [MESSAGE][PASSED] - Object: 'Object Repository/OCS-MOBILE /FAQ page/Learn about cannabis' is clicked on

2019-05-18 15:56:09 - [TEST_STEP][PASSED] - delay(1): Delayed 1 second(s)

2019-05-18 15:56:10 - [MESSAGE][PASSED] - Delayed 1 second(s)

2019-05-18 15:56:10 - [TEST_STEP][PASSED] - back(): Navigate back successfully

2019-05-18 15:56:12 - [MESSAGE][PASSED] - Navigate back successfully

2019-05-18 15:56:12 - [TEST_STEP][PASSED] - delay(1): Delayed 1 second(s)

2019-05-18 15:56:13 - [MESSAGE][PASSED] - Delayed 1 second(s)

2019-05-18 15:56:13 - [TEST_STEP][PASSED] - setViewPortSize(1000, 800, OPTIONAL): Viewport is set to new size with width = 1000 and height = 800

2019-05-18 15:56:13 - [MESSAGE][PASSED] - Viewport is set to new size with width = 1000 and height = 800

2019-05-18 15:56:13 - [TEST_STEP][PASSED] - delay(2, OPTIONAL): Delayed 2 second(s)

2019-05-18 15:56:15 - [MESSAGE][PASSED] - Delayed 2 second(s)

2019-05-18 15:56:15 - [TEST_STEP][PASSED] - click(findTestObject("Theme_oR/Page_Ontario Cannabis Store  Ontari/button_Hide bar"), OPTIONAL): Object: 'Object Repository/Theme_oR/Page_Ontario Cannabis Store  Ontari/button_Hide bar' is clicked on

2019-05-18 15:56:15 - [MESSAGE][PASSED] - Object: 'Object Repository/Theme_oR/Page_Ontario Cannabis Store  Ontari/button_Hide bar' is clicked on

2019-05-18 15:56:15 - [TEST_STEP][PASSED] - delay(2, OPTIONAL): Delayed 2 second(s)

2019-05-18 15:56:17 - [MESSAGE][PASSED] - Delayed 2 second(s)

2019-05-18 15:56:17 - [TEST_STEP][PASSED] - setViewPortSize(360, 800, OPTIONAL): Viewport is set to new size with width = 360 and height = 800

2019-05-18 15:56:17 - [MESSAGE][PASSED] - Viewport is set to new size with width = 360 and height = 800

2019-05-18 15:56:17 - [TEST_STEP][PASSED] - delay(1, OPTIONAL): Delayed 1 second(s)

2019-05-18 15:56:18 - [MESSAGE][PASSED] - Delayed 1 second(s)

2019-05-18 15:56:18 - [TEST_STEP][PASSED] - click(findTestObject("OCS-MOBILE /FAQ page/Loadmore4")): Object: 'Object Repository/OCS-MOBILE /FAQ page/Loadmore4' is clicked on

2019-05-18 15:56:18 - [MESSAGE][PASSED] - Object: 'Object Repository/OCS-MOBILE /FAQ page/Loadmore4' is clicked on

2019-05-18 15:56:18 - [TEST_STEP][PASSED] - delay(2, OPTIONAL): Delayed 2 second(s)

2019-05-18 15:56:20 - [MESSAGE][PASSED] - Delayed 2 second(s)

2019-05-18 15:56:20 - [TEST_STEP][PASSED] - setViewPortSize(1000, 800, OPTIONAL): Viewport is set to new size with width = 1000 and height = 800

2019-05-18 15:56:20 - [MESSAGE][PASSED] - Viewport is set to new size with width = 1000 and height = 800

2019-05-18 15:56:20 - [TEST_STEP][PASSED] - delay(2, OPTIONAL): Delayed 2 second(s)

2019-05-18 15:56:22 - [MESSAGE][PASSED] - Delayed 2 second(s)

2019-05-18 15:56:22 - [TEST_STEP][PASSED] - click(findTestObject("Theme_oR/Page_Ontario Cannabis Store  Ontari/button_Hide bar"), OPTIONAL): Unable to click on object 'Object Repository/Theme_oR/Page_Ontario Cannabis Store  Ontari/button_Hide bar' (Root cause: org.openqa.selenium.ElementNotVisibleException: element not interactable
  (Session info: chrome=74.0.3729.157)
  (Driver info: chromedriver=2.43.600229 (3fae4d0cda5334b4f533bede5a4787f7b832d052),platform=Mac OS X 10.13.6 x86_64) (WARNING: The server did not provide any stacktrace information)
Command duration or timeout: 0 milliseconds
Build info: version: '3.7.1', revision: '8a0099a', time: '2017-11-06T21:07:36.161Z'
System info: host: 'sumans-MacBook-Pro.local', ip: 'fe80:0:0:0:c95:20e5:430d:4315%en0', os.name: 'Mac OS X', os.arch: 'x86_64', os.version: '10.13.6', java.version: '1.8.0_181'
Driver info: com.kms.katalon.selenium.driver.CChromeDriver
Capabilities {acceptInsecureCerts: false, acceptSslCerts: false, applicationCacheEnabled: false, browserConnectionEnabled: false, browserName: chrome, chrome: {chromedriverVersion: 2.43.600229 (3fae4d0cda5334..., userDataDir: /var/folders/1t/c55l8xzs6gq...}, cssSelectorsEnabled: true, databaseEnabled: false, goog:chromeOptions: {debuggerAddress: localhost:51069}, handlesAlerts: true, hasTouchScreen: false, javascriptEnabled: true, locationContextEnabled: true, mobileEmulationEnabled: false, nativeEvents: true, networkConnectionEnabled: false, pageLoadStrategy: normal, platform: MAC, platformName: MAC, rotatable: false, setWindowRect: true, takesHeapSnapshot: true, takesScreenshot: true, unexpectedAlertBehaviour: , unhandledPromptBehavior: , version: 74.0.3729.157, webStorageEnabled: true}
Session ID: be27396dc8cbef80f5909554cc9d83d5)

2019-05-18 15:56:23 - [MESSAGE][WARNING] - Unable to click on object 'Object Repository/Theme_oR/Page_Ontario Cannabis Store  Ontari/button_Hide bar' (Root cause: org.openqa.selenium.ElementNotVisibleException: element not interactable
  (Session info: chrome=74.0.3729.157)
  (Driver info: chromedriver=2.43.600229 (3fae4d0cda5334b4f533bede5a4787f7b832d052),platform=Mac OS X 10.13.6 x86_64) (WARNING: The server did not provide any stacktrace information)
Command duration or timeout: 0 milliseconds
Build info: version: '3.7.1', revision: '8a0099a', time: '2017-11-06T21:07:36.161Z'
System info: host: 'sumans-MacBook-Pro.local', ip: 'fe80:0:0:0:c95:20e5:430d:4315%en0', os.name: 'Mac OS X', os.arch: 'x86_64', os.version: '10.13.6', java.version: '1.8.0_181'
Driver info: com.kms.katalon.selenium.driver.CChromeDriver
Capabilities {acceptInsecureCerts: false, acceptSslCerts: false, applicationCacheEnabled: false, browserConnectionEnabled: false, browserName: chrome, chrome: {chromedriverVersion: 2.43.600229 (3fae4d0cda5334..., userDataDir: /var/folders/1t/c55l8xzs6gq...}, cssSelectorsEnabled: true, databaseEnabled: false, goog:chromeOptions: {debuggerAddress: localhost:51069}, handlesAlerts: true, hasTouchScreen: false, javascriptEnabled: true, locationContextEnabled: true, mobileEmulationEnabled: false, nativeEvents: true, networkConnectionEnabled: false, pageLoadStrategy: normal, platform: MAC, platformName: MAC, rotatable: false, setWindowRect: true, takesHeapSnapshot: true, takesScreenshot: true, unexpectedAlertBehaviour: , unhandledPromptBehavior: , version: 74.0.3729.157, webStorageEnabled: true}
Session ID: be27396dc8cbef80f5909554cc9d83d5)
[[ATTACHMENT|/Users/sumankompelly/git/Ontario-cannbis-store/Reports/OCS- MOBILE/AGE GATE/20190518_153710/1558209382770.png]]

2019-05-18 15:56:23 - [TEST_STEP][PASSED] - delay(2, OPTIONAL): Delayed 2 second(s)

2019-05-18 15:56:25 - [MESSAGE][PASSED] - Delayed 2 second(s)

2019-05-18 15:56:25 - [TEST_STEP][PASSED] - setViewPortSize(360, 800, OPTIONAL): Viewport is set to new size with width = 360 and height = 800

2019-05-18 15:56:25 - [MESSAGE][PASSED] - Viewport is set to new size with width = 360 and height = 800

2019-05-18 15:56:25 - [TEST_STEP][PASSED] - delay(1, OPTIONAL): Delayed 1 second(s)

2019-05-18 15:56:26 - [MESSAGE][PASSED] - Delayed 1 second(s)

2019-05-18 15:56:26 - [TEST_STEP][PASSED] - click(findTestObject("OCS-MOBILE /FAQ page/Learn about OCS")): Object: 'Object Repository/OCS-MOBILE /FAQ page/Learn about OCS' is clicked on

2019-05-18 15:56:28 - [MESSAGE][PASSED] - Object: 'Object Repository/OCS-MOBILE /FAQ page/Learn about OCS' is clicked on

2019-05-18 15:56:28 - [TEST_STEP][PASSED] - back(): Navigate back successfully

2019-05-18 15:56:30 - [MESSAGE][PASSED] - Navigate back successfully

2019-05-18 15:56:30 - [TEST_STEP][PASSED] - delay(2, OPTIONAL): Delayed 2 second(s)

2019-05-18 15:56:32 - [MESSAGE][PASSED] - Delayed 2 second(s)

2019-05-18 15:56:32 - [TEST_STEP][PASSED] - setViewPortSize(1000, 800, OPTIONAL): Viewport is set to new size with width = 1000 and height = 800

2019-05-18 15:56:32 - [MESSAGE][PASSED] - Viewport is set to new size with width = 1000 and height = 800

2019-05-18 15:56:32 - [TEST_STEP][PASSED] - delay(2, OPTIONAL): Delayed 2 second(s)

2019-05-18 15:56:34 - [MESSAGE][PASSED] - Delayed 2 second(s)

2019-05-18 15:56:34 - [TEST_STEP][PASSED] - click(findTestObject("Theme_oR/Page_Ontario Cannabis Store  Ontari/button_Hide bar"), OPTIONAL): Object: 'Object Repository/Theme_oR/Page_Ontario Cannabis Store  Ontari/button_Hide bar' is clicked on

2019-05-18 15:56:35 - [MESSAGE][PASSED] - Object: 'Object Repository/Theme_oR/Page_Ontario Cannabis Store  Ontari/button_Hide bar' is clicked on

2019-05-18 15:56:35 - [TEST_STEP][PASSED] - delay(2, OPTIONAL): Delayed 2 second(s)

2019-05-18 15:56:37 - [MESSAGE][PASSED] - Delayed 2 second(s)

2019-05-18 15:56:37 - [TEST_STEP][PASSED] - setViewPortSize(360, 800, OPTIONAL): Viewport is set to new size with width = 360 and height = 800

2019-05-18 15:56:37 - [MESSAGE][PASSED] - Viewport is set to new size with width = 360 and height = 800

2019-05-18 15:56:37 - [TEST_STEP][PASSED] - delay(1, OPTIONAL): Delayed 1 second(s)

2019-05-18 15:56:38 - [MESSAGE][PASSED] - Delayed 1 second(s)

2019-05-18 15:56:38 - [TEST_STEP][PASSED] - click(findTestObject("OCS-MOBILE /FAQ page/Choose cannabis products")): Object: 'Object Repository/OCS-MOBILE /FAQ page/Choose cannabis products' is clicked on

2019-05-18 15:56:40 - [MESSAGE][PASSED] - Object: 'Object Repository/OCS-MOBILE /FAQ page/Choose cannabis products' is clicked on

2019-05-18 15:56:40 - [TEST_STEP][PASSED] - back(): Navigate back successfully

2019-05-18 15:56:42 - [MESSAGE][PASSED] - Navigate back successfully

2019-05-18 15:56:42 - [TEST_STEP][PASSED] - click(findTestObject("OCS-MOBILE /Age gate and burger menu/Burger menu - English")): Object: 'Object Repository/OCS-MOBILE /Age gate and burger menu/Burger menu - English' is clicked on

2019-05-18 15:56:42 - [MESSAGE][PASSED] - Object: 'Object Repository/OCS-MOBILE /Age gate and burger menu/Burger menu - English' is clicked on

2019-05-18 15:56:42 - [TEST_STEP][PASSED] - delay(1, OPTIONAL): Delayed 1 second(s)

2019-05-18 15:56:43 - [MESSAGE][PASSED] - Delayed 1 second(s)

2019-05-18 15:56:43 - [TEST_STEP][PASSED] - click(findTestObject("OCS-MOBILE /FAQ page/FAQ")): Object: 'Object Repository/OCS-MOBILE /FAQ page/FAQ' is clicked on

2019-05-18 15:56:43 - [MESSAGE][PASSED] - Object: 'Object Repository/OCS-MOBILE /FAQ page/FAQ' is clicked on

2019-05-18 15:56:43 - [TEST_STEP][PASSED] - delay(1, OPTIONAL): Delayed 1 second(s)

2019-05-18 15:56:44 - [MESSAGE][PASSED] - Delayed 1 second(s)

2019-05-18 15:56:44 - [TEST_STEP][PASSED] - click(findTestObject("OCS-MOBILE /FAQ page/Second chveron link")): Object: 'Object Repository/OCS-MOBILE /FAQ page/Second chveron link' is clicked on

2019-05-18 15:56:47 - [MESSAGE][PASSED] - Object: 'Object Repository/OCS-MOBILE /FAQ page/Second chveron link' is clicked on

2019-05-18 15:56:47 - [TEST_STEP][PASSED] - delay(1, OPTIONAL): Delayed 1 second(s)

2019-05-18 15:56:48 - [MESSAGE][PASSED] - Delayed 1 second(s)

2019-05-18 15:56:48 - [TEST_STEP][PASSED] - scrollToElement(findTestObject("OCS-MOBILE /FAQ page/scroll view element"), 0): Scroll to object 'Object Repository/OCS-MOBILE /FAQ page/scroll view element' successfully

2019-05-18 15:56:48 - [MESSAGE][WARNING] - Timeout '0' is invalid. Using default page load timeout: '30'

2019-05-18 15:56:48 - [MESSAGE][PASSED] - Scroll to object 'Object Repository/OCS-MOBILE /FAQ page/scroll view element' successfully

2019-05-18 15:56:48 - [TEST_STEP][PASSED] - delay(1, OPTIONAL): Delayed 1 second(s)

2019-05-18 15:56:49 - [MESSAGE][PASSED] - Delayed 1 second(s)

2019-05-18 15:56:49 - [TEST_STEP][PASSED] - click(findTestObject("OCS-MOBILE /FAQ page/Dropdown button -second chevron -open- FAQ")): Object: 'Object Repository/OCS-MOBILE /FAQ page/Dropdown button -second chevron -open- FAQ' is clicked on

2019-05-18 15:56:49 - [MESSAGE][PASSED] - Object: 'Object Repository/OCS-MOBILE /FAQ page/Dropdown button -second chevron -open- FAQ' is clicked on

2019-05-18 15:56:49 - [TEST_STEP][PASSED] - delay(1, OPTIONAL): Delayed 1 second(s)

2019-05-18 15:56:50 - [MESSAGE][PASSED] - Delayed 1 second(s)

2019-05-18 15:56:50 - [TEST_STEP][PASSED] - click(findTestObject("OCS-MOBILE /FAQ page/Dropdown button -second chevron -close - FAQ")): Object: 'Object Repository/OCS-MOBILE /FAQ page/Dropdown button -second chevron -close - FAQ' is clicked on

2019-05-18 15:56:50 - [MESSAGE][PASSED] - Object: 'Object Repository/OCS-MOBILE /FAQ page/Dropdown button -second chevron -close - FAQ' is clicked on

2019-05-18 15:56:50 - [TEST_STEP][PASSED] - delay(2, OPTIONAL): Delayed 2 second(s)

2019-05-18 15:56:52 - [MESSAGE][PASSED] - Delayed 2 second(s)

2019-05-18 15:56:52 - [TEST_STEP][PASSED] - setViewPortSize(1000, 800, OPTIONAL): Viewport is set to new size with width = 1000 and height = 800

2019-05-18 15:56:52 - [MESSAGE][PASSED] - Viewport is set to new size with width = 1000 and height = 800

2019-05-18 15:56:52 - [TEST_STEP][PASSED] - delay(2, OPTIONAL): Delayed 2 second(s)

2019-05-18 15:56:54 - [MESSAGE][PASSED] - Delayed 2 second(s)

2019-05-18 15:56:54 - [TEST_STEP][PASSED] - click(findTestObject("Theme_oR/Page_Ontario Cannabis Store  Ontari/button_Hide bar"), OPTIONAL): Object: 'Object Repository/Theme_oR/Page_Ontario Cannabis Store  Ontari/button_Hide bar' is clicked on

2019-05-18 15:56:54 - [MESSAGE][PASSED] - Object: 'Object Repository/Theme_oR/Page_Ontario Cannabis Store  Ontari/button_Hide bar' is clicked on

2019-05-18 15:56:54 - [TEST_STEP][PASSED] - delay(2, OPTIONAL): Delayed 2 second(s)

2019-05-18 15:56:56 - [MESSAGE][PASSED] - Delayed 2 second(s)

2019-05-18 15:56:56 - [TEST_STEP][PASSED] - setViewPortSize(360, 800, OPTIONAL): Viewport is set to new size with width = 360 and height = 800

2019-05-18 15:56:56 - [MESSAGE][PASSED] - Viewport is set to new size with width = 360 and height = 800

2019-05-18 15:56:56 - [TEST_STEP][PASSED] - delay(1, OPTIONAL): Delayed 1 second(s)

2019-05-18 15:56:57 - [MESSAGE][PASSED] - Delayed 1 second(s)

2019-05-18 15:56:57 - [TEST_STEP][PASSED] - click(findTestObject("OCS-MOBILE /FAQ page/First accordian - add")): Object: 'Object Repository/OCS-MOBILE /FAQ page/First accordian - add' is clicked on

2019-05-18 15:56:57 - [MESSAGE][PASSED] - Object: 'Object Repository/OCS-MOBILE /FAQ page/First accordian - add' is clicked on

2019-05-18 15:56:57 - [TEST_STEP][PASSED] - delay(1): Delayed 1 second(s)

2019-05-18 15:56:58 - [MESSAGE][PASSED] - Delayed 1 second(s)

2019-05-18 15:56:58 - [TEST_STEP][PASSED] - click(findTestObject("OCS-MOBILE /FAQ page/First accordian - Subtract")): Object: 'Object Repository/OCS-MOBILE /FAQ page/First accordian - Subtract' is clicked on

2019-05-18 15:56:59 - [MESSAGE][PASSED] - Object: 'Object Repository/OCS-MOBILE /FAQ page/First accordian - Subtract' is clicked on

2019-05-18 15:56:59 - [TEST_STEP][PASSED] - delay(1): Delayed 1 second(s)

2019-05-18 15:57:00 - [MESSAGE][PASSED] - Delayed 1 second(s)

2019-05-18 15:57:00 - [TEST_STEP][PASSED] - click(findTestObject("OCS-MOBILE /FAQ page/Second accordian- add")): Object: 'Object Repository/OCS-MOBILE /FAQ page/Second accordian- add' is clicked on

2019-05-18 15:57:00 - [MESSAGE][PASSED] - Object: 'Object Repository/OCS-MOBILE /FAQ page/Second accordian- add' is clicked on

2019-05-18 15:57:00 - [TEST_STEP][PASSED] - delay(1): Delayed 1 second(s)

2019-05-18 15:57:01 - [MESSAGE][PASSED] - Delayed 1 second(s)

2019-05-18 15:57:01 - [TEST_STEP][PASSED] - click(findTestObject("OCS-MOBILE /FAQ page/Second accordian - subtract")): Object: 'Object Repository/OCS-MOBILE /FAQ page/Second accordian - subtract' is clicked on

2019-05-18 15:57:01 - [MESSAGE][PASSED] - Object: 'Object Repository/OCS-MOBILE /FAQ page/Second accordian - subtract' is clicked on

2019-05-18 15:57:01 - [TEST_STEP][PASSED] - delay(1): Delayed 1 second(s)

2019-05-18 15:57:02 - [MESSAGE][PASSED] - Delayed 1 second(s)

2019-05-18 15:57:02 - [TEST_STEP][PASSED] - click(findTestObject("OCS-MOBILE /FAQ page/Load more1")): Object: 'Object Repository/OCS-MOBILE /FAQ page/Load more1' is clicked on

2019-05-18 15:57:02 - [MESSAGE][PASSED] - Object: 'Object Repository/OCS-MOBILE /FAQ page/Load more1' is clicked on

2019-05-18 15:57:02 - [TEST_STEP][PASSED] - delay(1): Delayed 1 second(s)

2019-05-18 15:57:03 - [MESSAGE][PASSED] - Delayed 1 second(s)

2019-05-18 15:57:03 - [TEST_STEP][PASSED] - click(findTestObject("OCS-MOBILE /FAQ page/Loadmore2")): Object: 'Object Repository/OCS-MOBILE /FAQ page/Loadmore2' is clicked on

2019-05-18 15:57:03 - [MESSAGE][PASSED] - Object: 'Object Repository/OCS-MOBILE /FAQ page/Loadmore2' is clicked on

2019-05-18 15:57:03 - [TEST_STEP][PASSED] - delay(1): Delayed 1 second(s)

2019-05-18 15:57:04 - [MESSAGE][PASSED] - Delayed 1 second(s)

2019-05-18 15:57:04 - [TEST_STEP][PASSED] - click(findTestObject("OCS-MOBILE /FAQ page/Loadmore3")): Object: 'Object Repository/OCS-MOBILE /FAQ page/Loadmore3' is clicked on

2019-05-18 15:57:04 - [MESSAGE][PASSED] - Object: 'Object Repository/OCS-MOBILE /FAQ page/Loadmore3' is clicked on

2019-05-18 15:57:04 - [TEST_STEP][PASSED] - delay(1): Delayed 1 second(s)

2019-05-18 15:57:05 - [MESSAGE][PASSED] - Delayed 1 second(s)

2019-05-18 15:57:05 - [TEST_STEP][PASSED] - click(findTestObject("OCS-MOBILE /FAQ page/Learn about cannabis")): Object: 'Object Repository/OCS-MOBILE /FAQ page/Learn about cannabis' is clicked on

2019-05-18 15:57:07 - [MESSAGE][PASSED] - Object: 'Object Repository/OCS-MOBILE /FAQ page/Learn about cannabis' is clicked on

2019-05-18 15:57:07 - [TEST_STEP][PASSED] - delay(1): Delayed 1 second(s)

2019-05-18 15:57:08 - [MESSAGE][PASSED] - Delayed 1 second(s)

2019-05-18 15:57:08 - [TEST_STEP][PASSED] - back(): Navigate back successfully

2019-05-18 15:57:10 - [MESSAGE][PASSED] - Navigate back successfully

2019-05-18 15:57:10 - [TEST_STEP][PASSED] - delay(1): Delayed 1 second(s)

2019-05-18 15:57:11 - [MESSAGE][PASSED] - Delayed 1 second(s)

2019-05-18 15:57:11 - [TEST_STEP][PASSED] - setViewPortSize(1000, 800, OPTIONAL): Viewport is set to new size with width = 1000 and height = 800

2019-05-18 15:57:11 - [MESSAGE][PASSED] - Viewport is set to new size with width = 1000 and height = 800

2019-05-18 15:57:11 - [TEST_STEP][PASSED] - delay(2, OPTIONAL): Delayed 2 second(s)

2019-05-18 15:57:13 - [MESSAGE][PASSED] - Delayed 2 second(s)

2019-05-18 15:57:13 - [TEST_STEP][PASSED] - click(findTestObject("Theme_oR/Page_Ontario Cannabis Store  Ontari/button_Hide bar"), OPTIONAL): Object: 'Object Repository/Theme_oR/Page_Ontario Cannabis Store  Ontari/button_Hide bar' is clicked on

2019-05-18 15:57:14 - [MESSAGE][PASSED] - Object: 'Object Repository/Theme_oR/Page_Ontario Cannabis Store  Ontari/button_Hide bar' is clicked on

2019-05-18 15:57:14 - [TEST_STEP][PASSED] - delay(2, OPTIONAL): Delayed 2 second(s)

2019-05-18 15:57:16 - [MESSAGE][PASSED] - Delayed 2 second(s)

2019-05-18 15:57:16 - [TEST_STEP][PASSED] - setViewPortSize(360, 800, OPTIONAL): Viewport is set to new size with width = 360 and height = 800

2019-05-18 15:57:16 - [MESSAGE][PASSED] - Viewport is set to new size with width = 360 and height = 800

2019-05-18 15:57:16 - [TEST_STEP][PASSED] - delay(1, OPTIONAL): Delayed 1 second(s)

2019-05-18 15:57:17 - [MESSAGE][PASSED] - Delayed 1 second(s)

2019-05-18 15:57:17 - [TEST_STEP][PASSED] - click(findTestObject("OCS-MOBILE /FAQ page/Loadmore4")): Object: 'Object Repository/OCS-MOBILE /FAQ page/Loadmore4' is clicked on

2019-05-18 15:57:17 - [MESSAGE][PASSED] - Object: 'Object Repository/OCS-MOBILE /FAQ page/Loadmore4' is clicked on

2019-05-18 15:57:17 - [TEST_STEP][PASSED] - delay(2, OPTIONAL): Delayed 2 second(s)

2019-05-18 15:57:19 - [MESSAGE][PASSED] - Delayed 2 second(s)

2019-05-18 15:57:19 - [TEST_STEP][PASSED] - setViewPortSize(1000, 800, OPTIONAL): Viewport is set to new size with width = 1000 and height = 800

2019-05-18 15:57:19 - [MESSAGE][PASSED] - Viewport is set to new size with width = 1000 and height = 800

2019-05-18 15:57:19 - [TEST_STEP][PASSED] - delay(2, OPTIONAL): Delayed 2 second(s)

2019-05-18 15:57:21 - [MESSAGE][PASSED] - Delayed 2 second(s)

2019-05-18 15:57:21 - [TEST_STEP][PASSED] - click(findTestObject("Theme_oR/Page_Ontario Cannabis Store  Ontari/button_Hide bar"), OPTIONAL): Unable to click on object 'Object Repository/Theme_oR/Page_Ontario Cannabis Store  Ontari/button_Hide bar' (Root cause: org.openqa.selenium.ElementNotVisibleException: element not interactable
  (Session info: chrome=74.0.3729.157)
  (Driver info: chromedriver=2.43.600229 (3fae4d0cda5334b4f533bede5a4787f7b832d052),platform=Mac OS X 10.13.6 x86_64) (WARNING: The server did not provide any stacktrace information)
Command duration or timeout: 0 milliseconds
Build info: version: '3.7.1', revision: '8a0099a', time: '2017-11-06T21:07:36.161Z'
System info: host: 'sumans-MacBook-Pro.local', ip: 'fe80:0:0:0:c95:20e5:430d:4315%en0', os.name: 'Mac OS X', os.arch: 'x86_64', os.version: '10.13.6', java.version: '1.8.0_181'
Driver info: com.kms.katalon.selenium.driver.CChromeDriver
Capabilities {acceptInsecureCerts: false, acceptSslCerts: false, applicationCacheEnabled: false, browserConnectionEnabled: false, browserName: chrome, chrome: {chromedriverVersion: 2.43.600229 (3fae4d0cda5334..., userDataDir: /var/folders/1t/c55l8xzs6gq...}, cssSelectorsEnabled: true, databaseEnabled: false, goog:chromeOptions: {debuggerAddress: localhost:51069}, handlesAlerts: true, hasTouchScreen: false, javascriptEnabled: true, locationContextEnabled: true, mobileEmulationEnabled: false, nativeEvents: true, networkConnectionEnabled: false, pageLoadStrategy: normal, platform: MAC, platformName: MAC, rotatable: false, setWindowRect: true, takesHeapSnapshot: true, takesScreenshot: true, unexpectedAlertBehaviour: , unhandledPromptBehavior: , version: 74.0.3729.157, webStorageEnabled: true}
Session ID: be27396dc8cbef80f5909554cc9d83d5)

2019-05-18 15:57:21 - [MESSAGE][WARNING] - Unable to click on object 'Object Repository/Theme_oR/Page_Ontario Cannabis Store  Ontari/button_Hide bar' (Root cause: org.openqa.selenium.ElementNotVisibleException: element not interactable
  (Session info: chrome=74.0.3729.157)
  (Driver info: chromedriver=2.43.600229 (3fae4d0cda5334b4f533bede5a4787f7b832d052),platform=Mac OS X 10.13.6 x86_64) (WARNING: The server did not provide any stacktrace information)
Command duration or timeout: 0 milliseconds
Build info: version: '3.7.1', revision: '8a0099a', time: '2017-11-06T21:07:36.161Z'
System info: host: 'sumans-MacBook-Pro.local', ip: 'fe80:0:0:0:c95:20e5:430d:4315%en0', os.name: 'Mac OS X', os.arch: 'x86_64', os.version: '10.13.6', java.version: '1.8.0_181'
Driver info: com.kms.katalon.selenium.driver.CChromeDriver
Capabilities {acceptInsecureCerts: false, acceptSslCerts: false, applicationCacheEnabled: false, browserConnectionEnabled: false, browserName: chrome, chrome: {chromedriverVersion: 2.43.600229 (3fae4d0cda5334..., userDataDir: /var/folders/1t/c55l8xzs6gq...}, cssSelectorsEnabled: true, databaseEnabled: false, goog:chromeOptions: {debuggerAddress: localhost:51069}, handlesAlerts: true, hasTouchScreen: false, javascriptEnabled: true, locationContextEnabled: true, mobileEmulationEnabled: false, nativeEvents: true, networkConnectionEnabled: false, pageLoadStrategy: normal, platform: MAC, platformName: MAC, rotatable: false, setWindowRect: true, takesHeapSnapshot: true, takesScreenshot: true, unexpectedAlertBehaviour: , unhandledPromptBehavior: , version: 74.0.3729.157, webStorageEnabled: true}
Session ID: be27396dc8cbef80f5909554cc9d83d5)
[[ATTACHMENT|/Users/sumankompelly/git/Ontario-cannbis-store/Reports/OCS- MOBILE/AGE GATE/20190518_153710/1558209441430.png]]

2019-05-18 15:57:21 - [TEST_STEP][PASSED] - delay(2, OPTIONAL): Delayed 2 second(s)

2019-05-18 15:57:23 - [MESSAGE][PASSED] - Delayed 2 second(s)

2019-05-18 15:57:23 - [TEST_STEP][PASSED] - setViewPortSize(360, 800, OPTIONAL): Viewport is set to new size with width = 360 and height = 800

2019-05-18 15:57:23 - [MESSAGE][PASSED] - Viewport is set to new size with width = 360 and height = 800

2019-05-18 15:57:23 - [TEST_STEP][PASSED] - delay(1, OPTIONAL): Delayed 1 second(s)

2019-05-18 15:57:24 - [MESSAGE][PASSED] - Delayed 1 second(s)

2019-05-18 15:57:24 - [TEST_STEP][PASSED] - click(findTestObject("OCS-MOBILE /FAQ page/Learn about OCS")): Object: 'Object Repository/OCS-MOBILE /FAQ page/Learn about OCS' is clicked on

2019-05-18 15:57:27 - [MESSAGE][PASSED] - Object: 'Object Repository/OCS-MOBILE /FAQ page/Learn about OCS' is clicked on

2019-05-18 15:57:27 - [TEST_STEP][PASSED] - back(): Navigate back successfully

2019-05-18 15:57:28 - [MESSAGE][PASSED] - Navigate back successfully

2019-05-18 15:57:28 - [TEST_STEP][PASSED] - delay(2, OPTIONAL): Delayed 2 second(s)

2019-05-18 15:57:30 - [MESSAGE][PASSED] - Delayed 2 second(s)

2019-05-18 15:57:30 - [TEST_STEP][PASSED] - setViewPortSize(1000, 800, OPTIONAL): Viewport is set to new size with width = 1000 and height = 800

2019-05-18 15:57:31 - [MESSAGE][PASSED] - Viewport is set to new size with width = 1000 and height = 800

2019-05-18 15:57:31 - [TEST_STEP][PASSED] - delay(2, OPTIONAL): Delayed 2 second(s)

2019-05-18 15:57:33 - [MESSAGE][PASSED] - Delayed 2 second(s)

2019-05-18 15:57:33 - [TEST_STEP][PASSED] - click(findTestObject("Theme_oR/Page_Ontario Cannabis Store  Ontari/button_Hide bar"), OPTIONAL): Object: 'Object Repository/Theme_oR/Page_Ontario Cannabis Store  Ontari/button_Hide bar' is clicked on

2019-05-18 15:57:33 - [MESSAGE][PASSED] - Object: 'Object Repository/Theme_oR/Page_Ontario Cannabis Store  Ontari/button_Hide bar' is clicked on

2019-05-18 15:57:33 - [TEST_STEP][PASSED] - delay(2, OPTIONAL): Delayed 2 second(s)

2019-05-18 15:57:35 - [MESSAGE][PASSED] - Delayed 2 second(s)

2019-05-18 15:57:35 - [TEST_STEP][PASSED] - setViewPortSize(360, 800, OPTIONAL): Viewport is set to new size with width = 360 and height = 800

2019-05-18 15:57:35 - [MESSAGE][PASSED] - Viewport is set to new size with width = 360 and height = 800

2019-05-18 15:57:35 - [TEST_STEP][PASSED] - delay(1, OPTIONAL): Delayed 1 second(s)

2019-05-18 15:57:36 - [MESSAGE][PASSED] - Delayed 1 second(s)

2019-05-18 15:57:36 - [TEST_STEP][PASSED] - click(findTestObject("OCS-MOBILE /FAQ page/Choose cannabis products")): Object: 'Object Repository/OCS-MOBILE /FAQ page/Choose cannabis products' is clicked on

2019-05-18 15:57:39 - [MESSAGE][PASSED] - Object: 'Object Repository/OCS-MOBILE /FAQ page/Choose cannabis products' is clicked on

2019-05-18 15:57:39 - [TEST_STEP][PASSED] - back(): Navigate back successfully

2019-05-18 15:57:41 - [MESSAGE][PASSED] - Navigate back successfully

2019-05-18 15:57:41 - [TEST_STEP][PASSED] - click(findTestObject("OCS-MOBILE /Age gate and burger menu/Burger menu - English")): Object: 'Object Repository/OCS-MOBILE /Age gate and burger menu/Burger menu - English' is clicked on

2019-05-18 15:57:41 - [MESSAGE][PASSED] - Object: 'Object Repository/OCS-MOBILE /Age gate and burger menu/Burger menu - English' is clicked on

2019-05-18 15:57:41 - [TEST_STEP][PASSED] - delay(1, OPTIONAL): Delayed 1 second(s)

2019-05-18 15:57:42 - [MESSAGE][PASSED] - Delayed 1 second(s)

2019-05-18 15:57:42 - [TEST_STEP][PASSED] - click(findTestObject("OCS-MOBILE /FAQ page/FAQ")): Object: 'Object Repository/OCS-MOBILE /FAQ page/FAQ' is clicked on

2019-05-18 15:57:43 - [MESSAGE][PASSED] - Object: 'Object Repository/OCS-MOBILE /FAQ page/FAQ' is clicked on

2019-05-18 15:57:43 - [TEST_STEP][PASSED] - delay(1, OPTIONAL): Delayed 1 second(s)

2019-05-18 15:57:44 - [MESSAGE][PASSED] - Delayed 1 second(s)

2019-05-18 15:57:44 - [TEST_STEP][PASSED] - click(findTestObject("OCS-MOBILE /FAQ page/third chevron link")): Object: 'Object Repository/OCS-MOBILE /FAQ page/third chevron link' is clicked on

2019-05-18 15:57:52 - [MESSAGE][PASSED] - Object: 'Object Repository/OCS-MOBILE /FAQ page/third chevron link' is clicked on

2019-05-18 15:57:52 - [TEST_STEP][PASSED] - delay(1, OPTIONAL): Delayed 1 second(s)

2019-05-18 15:57:53 - [MESSAGE][PASSED] - Delayed 1 second(s)

2019-05-18 15:57:53 - [TEST_STEP][PASSED] - scrollToElement(findTestObject("OCS-MOBILE /FAQ page/scroll view element"), 0): Scroll to object 'Object Repository/OCS-MOBILE /FAQ page/scroll view element' successfully

2019-05-18 15:57:53 - [MESSAGE][WARNING] - Timeout '0' is invalid. Using default page load timeout: '30'

2019-05-18 15:57:53 - [MESSAGE][PASSED] - Scroll to object 'Object Repository/OCS-MOBILE /FAQ page/scroll view element' successfully

2019-05-18 15:57:53 - [TEST_STEP][PASSED] - delay(1, OPTIONAL): Delayed 1 second(s)

2019-05-18 15:57:54 - [MESSAGE][PASSED] - Delayed 1 second(s)

2019-05-18 15:57:54 - [TEST_STEP][PASSED] - click(findTestObject("OCS-MOBILE /FAQ page/Dropdown button -First chevron -open- FAQ")): Object: 'Object Repository/OCS-MOBILE /FAQ page/Dropdown button -First chevron -open- FAQ' is clicked on

2019-05-18 15:57:54 - [MESSAGE][PASSED] - Object: 'Object Repository/OCS-MOBILE /FAQ page/Dropdown button -First chevron -open- FAQ' is clicked on

2019-05-18 15:57:54 - [TEST_STEP][PASSED] - delay(1, OPTIONAL): Delayed 1 second(s)

2019-05-18 15:57:55 - [MESSAGE][PASSED] - Delayed 1 second(s)

2019-05-18 15:57:55 - [TEST_STEP][PASSED] - click(findTestObject("OCS-MOBILE /FAQ page/Dropdown button -First chevron - close -FAQ")): Object: 'Object Repository/OCS-MOBILE /FAQ page/Dropdown button -First chevron - close -FAQ' is clicked on

2019-05-18 15:57:55 - [MESSAGE][PASSED] - Object: 'Object Repository/OCS-MOBILE /FAQ page/Dropdown button -First chevron - close -FAQ' is clicked on

2019-05-18 15:57:55 - [TEST_STEP][PASSED] - delay(1, OPTIONAL): Delayed 1 second(s)

2019-05-18 15:57:56 - [MESSAGE][PASSED] - Delayed 1 second(s)

2019-05-18 15:57:56 - [TEST_STEP][PASSED] - setViewPortSize(1000, 800, OPTIONAL): Viewport is set to new size with width = 1000 and height = 800

2019-05-18 15:57:56 - [MESSAGE][PASSED] - Viewport is set to new size with width = 1000 and height = 800

2019-05-18 15:57:56 - [TEST_STEP][PASSED] - delay(2, OPTIONAL): Delayed 2 second(s)

2019-05-18 15:57:58 - [MESSAGE][PASSED] - Delayed 2 second(s)

2019-05-18 15:57:58 - [TEST_STEP][PASSED] - click(findTestObject("Theme_oR/Page_Ontario Cannabis Store  Ontari/button_Hide bar"), OPTIONAL): Object: 'Object Repository/Theme_oR/Page_Ontario Cannabis Store  Ontari/button_Hide bar' is clicked on

2019-05-18 15:57:58 - [MESSAGE][PASSED] - Object: 'Object Repository/Theme_oR/Page_Ontario Cannabis Store  Ontari/button_Hide bar' is clicked on

2019-05-18 15:57:58 - [TEST_STEP][PASSED] - delay(2, OPTIONAL): Delayed 2 second(s)

2019-05-18 15:58:00 - [MESSAGE][PASSED] - Delayed 2 second(s)

2019-05-18 15:58:00 - [TEST_STEP][PASSED] - setViewPortSize(360, 800, OPTIONAL): Viewport is set to new size with width = 360 and height = 800

2019-05-18 15:58:00 - [MESSAGE][PASSED] - Viewport is set to new size with width = 360 and height = 800

2019-05-18 15:58:00 - [TEST_STEP][PASSED] - delay(1, OPTIONAL): Delayed 1 second(s)

2019-05-18 15:58:01 - [MESSAGE][PASSED] - Delayed 1 second(s)

2019-05-18 15:58:01 - [TEST_STEP][PASSED] - click(findTestObject("OCS-MOBILE /FAQ page/First accordian - add")): Object: 'Object Repository/OCS-MOBILE /FAQ page/First accordian - add' is clicked on

2019-05-18 15:58:01 - [MESSAGE][PASSED] - Object: 'Object Repository/OCS-MOBILE /FAQ page/First accordian - add' is clicked on

2019-05-18 15:58:01 - [TEST_STEP][PASSED] - delay(1): Delayed 1 second(s)

2019-05-18 15:58:02 - [MESSAGE][PASSED] - Delayed 1 second(s)

2019-05-18 15:58:02 - [TEST_STEP][PASSED] - click(findTestObject("OCS-MOBILE /FAQ page/First accordian - Subtract")): Object: 'Object Repository/OCS-MOBILE /FAQ page/First accordian - Subtract' is clicked on

2019-05-18 15:58:03 - [MESSAGE][PASSED] - Object: 'Object Repository/OCS-MOBILE /FAQ page/First accordian - Subtract' is clicked on

2019-05-18 15:58:03 - [TEST_STEP][PASSED] - delay(1): Delayed 1 second(s)

2019-05-18 15:58:04 - [MESSAGE][PASSED] - Delayed 1 second(s)

2019-05-18 15:58:04 - [TEST_STEP][PASSED] - click(findTestObject("OCS-MOBILE /FAQ page/Second accordian- add")): Object: 'Object Repository/OCS-MOBILE /FAQ page/Second accordian- add' is clicked on

2019-05-18 15:58:04 - [MESSAGE][PASSED] - Object: 'Object Repository/OCS-MOBILE /FAQ page/Second accordian- add' is clicked on

2019-05-18 15:58:04 - [TEST_STEP][PASSED] - delay(1): Delayed 1 second(s)

2019-05-18 15:58:05 - [MESSAGE][PASSED] - Delayed 1 second(s)

2019-05-18 15:58:05 - [TEST_STEP][PASSED] - click(findTestObject("OCS-MOBILE /FAQ page/Second accordian - subtract")): Object: 'Object Repository/OCS-MOBILE /FAQ page/Second accordian - subtract' is clicked on

2019-05-18 15:58:05 - [MESSAGE][PASSED] - Object: 'Object Repository/OCS-MOBILE /FAQ page/Second accordian - subtract' is clicked on

2019-05-18 15:58:05 - [TEST_STEP][PASSED] - delay(1): Delayed 1 second(s)

2019-05-18 15:58:06 - [MESSAGE][PASSED] - Delayed 1 second(s)

2019-05-18 15:58:06 - [TEST_STEP][PASSED] - click(findTestObject("OCS-MOBILE /FAQ page/Load more1")): Object: 'Object Repository/OCS-MOBILE /FAQ page/Load more1' is clicked on

2019-05-18 15:58:06 - [MESSAGE][PASSED] - Object: 'Object Repository/OCS-MOBILE /FAQ page/Load more1' is clicked on

2019-05-18 15:58:06 - [TEST_STEP][PASSED] - delay(1): Delayed 1 second(s)

2019-05-18 15:58:07 - [MESSAGE][PASSED] - Delayed 1 second(s)

2019-05-18 15:58:07 - [TEST_STEP][PASSED] - click(findTestObject("OCS-MOBILE /FAQ page/Loadmore2")): Object: 'Object Repository/OCS-MOBILE /FAQ page/Loadmore2' is clicked on

2019-05-18 15:58:07 - [MESSAGE][PASSED] - Object: 'Object Repository/OCS-MOBILE /FAQ page/Loadmore2' is clicked on

2019-05-18 15:58:07 - [TEST_STEP][PASSED] - delay(1): Delayed 1 second(s)

2019-05-18 15:58:08 - [MESSAGE][PASSED] - Delayed 1 second(s)

2019-05-18 15:58:08 - [TEST_STEP][PASSED] - click(findTestObject("OCS-MOBILE /FAQ page/Loadmore3")): Object: 'Object Repository/OCS-MOBILE /FAQ page/Loadmore3' is clicked on

2019-05-18 15:58:08 - [MESSAGE][PASSED] - Object: 'Object Repository/OCS-MOBILE /FAQ page/Loadmore3' is clicked on

2019-05-18 15:58:08 - [TEST_STEP][PASSED] - delay(1): Delayed 1 second(s)

2019-05-18 15:58:09 - [MESSAGE][PASSED] - Delayed 1 second(s)

2019-05-18 15:58:09 - [TEST_STEP][PASSED] - click(findTestObject("OCS-MOBILE /FAQ page/Learn about cannabis")): Object: 'Object Repository/OCS-MOBILE /FAQ page/Learn about cannabis' is clicked on

2019-05-18 15:58:12 - [MESSAGE][PASSED] - Object: 'Object Repository/OCS-MOBILE /FAQ page/Learn about cannabis' is clicked on

2019-05-18 15:58:12 - [TEST_STEP][PASSED] - delay(1): Delayed 1 second(s)

2019-05-18 15:58:13 - [MESSAGE][PASSED] - Delayed 1 second(s)

2019-05-18 15:58:13 - [TEST_STEP][PASSED] - back(): Navigate back successfully

2019-05-18 15:58:14 - [MESSAGE][PASSED] - Navigate back successfully

2019-05-18 15:58:14 - [TEST_STEP][PASSED] - delay(1): Delayed 1 second(s)

2019-05-18 15:58:15 - [MESSAGE][PASSED] - Delayed 1 second(s)

2019-05-18 15:58:15 - [TEST_STEP][PASSED] - setViewPortSize(1000, 800, OPTIONAL): Viewport is set to new size with width = 1000 and height = 800

2019-05-18 15:58:15 - [MESSAGE][PASSED] - Viewport is set to new size with width = 1000 and height = 800

2019-05-18 15:58:15 - [TEST_STEP][PASSED] - delay(2, OPTIONAL): Delayed 2 second(s)

2019-05-18 15:58:17 - [MESSAGE][PASSED] - Delayed 2 second(s)

2019-05-18 15:58:17 - [TEST_STEP][PASSED] - click(findTestObject("Theme_oR/Page_Ontario Cannabis Store  Ontari/button_Hide bar"), OPTIONAL): Object: 'Object Repository/Theme_oR/Page_Ontario Cannabis Store  Ontari/button_Hide bar' is clicked on

2019-05-18 15:58:17 - [MESSAGE][PASSED] - Object: 'Object Repository/Theme_oR/Page_Ontario Cannabis Store  Ontari/button_Hide bar' is clicked on

2019-05-18 15:58:17 - [TEST_STEP][PASSED] - delay(2, OPTIONAL): Delayed 2 second(s)

2019-05-18 15:58:19 - [MESSAGE][PASSED] - Delayed 2 second(s)

2019-05-18 15:58:19 - [TEST_STEP][PASSED] - setViewPortSize(360, 800, OPTIONAL): Viewport is set to new size with width = 360 and height = 800

2019-05-18 15:58:20 - [MESSAGE][PASSED] - Viewport is set to new size with width = 360 and height = 800

2019-05-18 15:58:20 - [TEST_STEP][PASSED] - delay(1, OPTIONAL): Delayed 1 second(s)

2019-05-18 15:58:21 - [MESSAGE][PASSED] - Delayed 1 second(s)

2019-05-18 15:58:21 - [TEST_STEP][PASSED] - click(findTestObject("OCS-MOBILE /FAQ page/Loadmore4")): Object: 'Object Repository/OCS-MOBILE /FAQ page/Loadmore4' is clicked on

2019-05-18 15:58:21 - [MESSAGE][PASSED] - Object: 'Object Repository/OCS-MOBILE /FAQ page/Loadmore4' is clicked on

2019-05-18 15:58:21 - [TEST_STEP][PASSED] - delay(2, OPTIONAL): Delayed 2 second(s)

2019-05-18 15:58:23 - [MESSAGE][PASSED] - Delayed 2 second(s)

2019-05-18 15:58:23 - [TEST_STEP][PASSED] - setViewPortSize(1000, 800, OPTIONAL): Viewport is set to new size with width = 1000 and height = 800

2019-05-18 15:58:23 - [MESSAGE][PASSED] - Viewport is set to new size with width = 1000 and height = 800

2019-05-18 15:58:23 - [TEST_STEP][PASSED] - delay(2, OPTIONAL): Delayed 2 second(s)

2019-05-18 15:58:25 - [MESSAGE][PASSED] - Delayed 2 second(s)

2019-05-18 15:58:25 - [TEST_STEP][PASSED] - click(findTestObject("Theme_oR/Page_Ontario Cannabis Store  Ontari/button_Hide bar"), OPTIONAL): Unable to click on object 'Object Repository/Theme_oR/Page_Ontario Cannabis Store  Ontari/button_Hide bar' (Root cause: org.openqa.selenium.ElementNotVisibleException: element not interactable
  (Session info: chrome=74.0.3729.157)
  (Driver info: chromedriver=2.43.600229 (3fae4d0cda5334b4f533bede5a4787f7b832d052),platform=Mac OS X 10.13.6 x86_64) (WARNING: The server did not provide any stacktrace information)
Command duration or timeout: 0 milliseconds
Build info: version: '3.7.1', revision: '8a0099a', time: '2017-11-06T21:07:36.161Z'
System info: host: 'sumans-MacBook-Pro.local', ip: 'fe80:0:0:0:c95:20e5:430d:4315%en0', os.name: 'Mac OS X', os.arch: 'x86_64', os.version: '10.13.6', java.version: '1.8.0_181'
Driver info: com.kms.katalon.selenium.driver.CChromeDriver
Capabilities {acceptInsecureCerts: false, acceptSslCerts: false, applicationCacheEnabled: false, browserConnectionEnabled: false, browserName: chrome, chrome: {chromedriverVersion: 2.43.600229 (3fae4d0cda5334..., userDataDir: /var/folders/1t/c55l8xzs6gq...}, cssSelectorsEnabled: true, databaseEnabled: false, goog:chromeOptions: {debuggerAddress: localhost:51069}, handlesAlerts: true, hasTouchScreen: false, javascriptEnabled: true, locationContextEnabled: true, mobileEmulationEnabled: false, nativeEvents: true, networkConnectionEnabled: false, pageLoadStrategy: normal, platform: MAC, platformName: MAC, rotatable: false, setWindowRect: true, takesHeapSnapshot: true, takesScreenshot: true, unexpectedAlertBehaviour: , unhandledPromptBehavior: , version: 74.0.3729.157, webStorageEnabled: true}
Session ID: be27396dc8cbef80f5909554cc9d83d5)

2019-05-18 15:58:25 - [MESSAGE][WARNING] - Unable to click on object 'Object Repository/Theme_oR/Page_Ontario Cannabis Store  Ontari/button_Hide bar' (Root cause: org.openqa.selenium.ElementNotVisibleException: element not interactable
  (Session info: chrome=74.0.3729.157)
  (Driver info: chromedriver=2.43.600229 (3fae4d0cda5334b4f533bede5a4787f7b832d052),platform=Mac OS X 10.13.6 x86_64) (WARNING: The server did not provide any stacktrace information)
Command duration or timeout: 0 milliseconds
Build info: version: '3.7.1', revision: '8a0099a', time: '2017-11-06T21:07:36.161Z'
System info: host: 'sumans-MacBook-Pro.local', ip: 'fe80:0:0:0:c95:20e5:430d:4315%en0', os.name: 'Mac OS X', os.arch: 'x86_64', os.version: '10.13.6', java.version: '1.8.0_181'
Driver info: com.kms.katalon.selenium.driver.CChromeDriver
Capabilities {acceptInsecureCerts: false, acceptSslCerts: false, applicationCacheEnabled: false, browserConnectionEnabled: false, browserName: chrome, chrome: {chromedriverVersion: 2.43.600229 (3fae4d0cda5334..., userDataDir: /var/folders/1t/c55l8xzs6gq...}, cssSelectorsEnabled: true, databaseEnabled: false, goog:chromeOptions: {debuggerAddress: localhost:51069}, handlesAlerts: true, hasTouchScreen: false, javascriptEnabled: true, locationContextEnabled: true, mobileEmulationEnabled: false, nativeEvents: true, networkConnectionEnabled: false, pageLoadStrategy: normal, platform: MAC, platformName: MAC, rotatable: false, setWindowRect: true, takesHeapSnapshot: true, takesScreenshot: true, unexpectedAlertBehaviour: , unhandledPromptBehavior: , version: 74.0.3729.157, webStorageEnabled: true}
Session ID: be27396dc8cbef80f5909554cc9d83d5)
[[ATTACHMENT|/Users/sumankompelly/git/Ontario-cannbis-store/Reports/OCS- MOBILE/AGE GATE/20190518_153710/1558209505329.png]]

2019-05-18 15:58:25 - [TEST_STEP][PASSED] - delay(2, OPTIONAL): Delayed 2 second(s)

2019-05-18 15:58:27 - [MESSAGE][PASSED] - Delayed 2 second(s)

2019-05-18 15:58:27 - [TEST_STEP][PASSED] - setViewPortSize(360, 800, OPTIONAL): Viewport is set to new size with width = 360 and height = 800

2019-05-18 15:58:27 - [MESSAGE][PASSED] - Viewport is set to new size with width = 360 and height = 800

2019-05-18 15:58:27 - [TEST_STEP][PASSED] - delay(1, OPTIONAL): Delayed 1 second(s)

2019-05-18 15:58:28 - [MESSAGE][PASSED] - Delayed 1 second(s)

2019-05-18 15:58:28 - [TEST_STEP][PASSED] - click(findTestObject("OCS-MOBILE /FAQ page/Learn about OCS")): Object: 'Object Repository/OCS-MOBILE /FAQ page/Learn about OCS' is clicked on

2019-05-18 15:58:31 - [MESSAGE][PASSED] - Object: 'Object Repository/OCS-MOBILE /FAQ page/Learn about OCS' is clicked on

2019-05-18 15:58:31 - [TEST_STEP][PASSED] - back(): Navigate back successfully

2019-05-18 15:58:32 - [MESSAGE][PASSED] - Navigate back successfully

2019-05-18 15:58:32 - [TEST_STEP][PASSED] - delay(2, OPTIONAL): Delayed 2 second(s)

2019-05-18 15:58:34 - [MESSAGE][PASSED] - Delayed 2 second(s)

2019-05-18 15:58:34 - [TEST_STEP][PASSED] - setViewPortSize(1000, 800, OPTIONAL): Viewport is set to new size with width = 1000 and height = 800

2019-05-18 15:58:34 - [MESSAGE][PASSED] - Viewport is set to new size with width = 1000 and height = 800

2019-05-18 15:58:34 - [TEST_STEP][PASSED] - delay(2, OPTIONAL): Delayed 2 second(s)

2019-05-18 15:58:36 - [MESSAGE][PASSED] - Delayed 2 second(s)

2019-05-18 15:58:36 - [TEST_STEP][PASSED] - click(findTestObject("Theme_oR/Page_Ontario Cannabis Store  Ontari/button_Hide bar"), OPTIONAL): Object: 'Object Repository/Theme_oR/Page_Ontario Cannabis Store  Ontari/button_Hide bar' is clicked on

2019-05-18 15:58:36 - [MESSAGE][PASSED] - Object: 'Object Repository/Theme_oR/Page_Ontario Cannabis Store  Ontari/button_Hide bar' is clicked on

2019-05-18 15:58:36 - [TEST_STEP][PASSED] - delay(2, OPTIONAL): Delayed 2 second(s)

2019-05-18 15:58:38 - [MESSAGE][PASSED] - Delayed 2 second(s)

2019-05-18 15:58:38 - [TEST_STEP][PASSED] - setViewPortSize(360, 800, OPTIONAL): Viewport is set to new size with width = 360 and height = 800

2019-05-18 15:58:38 - [MESSAGE][PASSED] - Viewport is set to new size with width = 360 and height = 800

2019-05-18 15:58:38 - [TEST_STEP][PASSED] - delay(1, OPTIONAL): Delayed 1 second(s)

2019-05-18 15:58:39 - [MESSAGE][PASSED] - Delayed 1 second(s)

2019-05-18 15:58:39 - [TEST_STEP][PASSED] - click(findTestObject("OCS-MOBILE /FAQ page/Choose cannabis products")): Object: 'Object Repository/OCS-MOBILE /FAQ page/Choose cannabis products' is clicked on

2019-05-18 15:58:42 - [MESSAGE][PASSED] - Object: 'Object Repository/OCS-MOBILE /FAQ page/Choose cannabis products' is clicked on

2019-05-18 15:58:42 - [TEST_STEP][PASSED] - back(): Navigate back successfully

2019-05-18 15:58:44 - [MESSAGE][PASSED] - Navigate back successfully

2019-05-18 15:58:44 - [TEST_STEP][PASSED] - click(findTestObject("OCS-MOBILE /Age gate and burger menu/Burger menu - English")): Object: 'Object Repository/OCS-MOBILE /Age gate and burger menu/Burger menu - English' is clicked on

2019-05-18 15:58:44 - [MESSAGE][PASSED] - Object: 'Object Repository/OCS-MOBILE /Age gate and burger menu/Burger menu - English' is clicked on

2019-05-18 15:58:44 - [TEST_STEP][PASSED] - delay(1, OPTIONAL): Delayed 1 second(s)

2019-05-18 15:58:45 - [MESSAGE][PASSED] - Delayed 1 second(s)

2019-05-18 15:58:45 - [TEST_STEP][PASSED] - click(findTestObject("OCS-MOBILE /FAQ page/FAQ")): Object: 'Object Repository/OCS-MOBILE /FAQ page/FAQ' is clicked on

2019-05-18 15:58:45 - [MESSAGE][PASSED] - Object: 'Object Repository/OCS-MOBILE /FAQ page/FAQ' is clicked on

2019-05-18 15:58:45 - [TEST_STEP][PASSED] - delay(1, OPTIONAL): Delayed 1 second(s)

2019-05-18 15:58:46 - [MESSAGE][PASSED] - Delayed 1 second(s)

2019-05-18 15:58:46 - [TEST_STEP][PASSED] - click(findTestObject("OCS-MOBILE /FAQ page/See all FAQs")): Object: 'Object Repository/OCS-MOBILE /FAQ page/See all FAQs' is clicked on

2019-05-18 15:58:54 - [MESSAGE][PASSED] - Object: 'Object Repository/OCS-MOBILE /FAQ page/See all FAQs' is clicked on]]></system-out>
         <system-err><![CDATA[]]></system-err>
      </testcase>
      <testcase name="Test Cases/OCS - MOBILE/OCS- HOME PAGE/HP- Burger menu- Learn" classname="Test Cases/OCS - MOBILE/OCS- HOME PAGE/HP- Burger menu- Learn" status="FAILED">
         <failure type="FAILED" message="Test Cases/OCS - MOBILE/OCS- HOME PAGE/HP- Burger menu- Learn FAILED.
Reason:
com.kms.katalon.core.exception.StepFailedException: Text 'Cannabis Anatomy' is not present on page 
	at com.kms.katalon.core.keyword.internal.KeywordMain.stepFailed(KeywordMain.groovy:32)
	at com.kms.katalon.core.webui.keyword.internal.WebUIKeywordMain.stepFailed(WebUIKeywordMain.groovy:65)
	at com.kms.katalon.core.webui.keyword.builtin.VerifyTextPresentKeyword$_verifyTextPresent_closure1.doCall(VerifyTextPresentKeyword.groovy:79)
	at com.kms.katalon.core.webui.keyword.builtin.VerifyTextPresentKeyword$_verifyTextPresent_closure1.call(VerifyTextPresentKeyword.groovy)
	at com.kms.katalon.core.webui.keyword.internal.WebUIKeywordMain.runKeyword(WebUIKeywordMain.groovy:21)
	at com.kms.katalon.core.webui.keyword.builtin.VerifyTextPresentKeyword.verifyTextPresent(VerifyTextPresentKeyword.groovy:83)
	at com.kms.katalon.core.webui.keyword.builtin.VerifyTextPresentKeyword.execute(VerifyTextPresentKeyword.groovy:68)
	at com.kms.katalon.core.keyword.internal.KeywordExecutor.executeKeywordForPlatform(KeywordExecutor.groovy:53)
	at com.kms.katalon.core.webui.keyword.WebUiBuiltInKeywords.verifyTextPresent(WebUiBuiltInKeywords.groovy:1677)
	at com.kms.katalon.core.webui.keyword.WebUiBuiltInKeywords$verifyTextPresent$6.call(Unknown Source)
	at HP- Burger menu- Learn.run(HP- Burger menu- Learn:116)
	at com.kms.katalon.core.main.ScriptEngine.run(ScriptEngine.java:194)
	at com.kms.katalon.core.main.ScriptEngine.runScriptAsRawText(ScriptEngine.java:119)
	at com.kms.katalon.core.main.TestCaseExecutor.runScript(TestCaseExecutor.java:328)
	at com.kms.katalon.core.main.TestCaseExecutor.doExecute(TestCaseExecutor.java:319)
	at com.kms.katalon.core.main.TestCaseExecutor.processExecutionPhase(TestCaseExecutor.java:298)
	at com.kms.katalon.core.main.TestCaseExecutor.accessMainPhase(TestCaseExecutor.java:290)
	at com.kms.katalon.core.main.TestCaseExecutor.execute(TestCaseExecutor.java:224)
	at com.kms.katalon.core.main.TestSuiteExecutor.accessTestCaseMainPhase(TestSuiteExecutor.java:129)
	at com.kms.katalon.core.main.TestSuiteExecutor.accessTestSuiteMainPhase(TestSuiteExecutor.java:112)
	at com.kms.katalon.core.main.TestSuiteExecutor.execute(TestSuiteExecutor.java:81)
	at com.kms.katalon.core.main.TestCaseMain.startTestSuite(TestCaseMain.java:149)
	at com.kms.katalon.core.main.TestCaseMain$startTestSuite$0.call(Unknown Source)
	at TempTestSuite1558208231009.run(TempTestSuite1558208231009.groovy:36)
"/>
         <system-out><![CDATA[2019-05-18 15:58:54 - [TEST_CASE][FAILED] - Test Cases/OCS - MOBILE/OCS- HOME PAGE/HP- Burger menu- Learn: Test Cases/OCS - MOBILE/OCS- HOME PAGE/HP- Burger menu- Learn FAILED.
Reason:
com.kms.katalon.core.exception.StepFailedException: Text 'Cannabis Anatomy' is not present on page 
	at com.kms.katalon.core.keyword.internal.KeywordMain.stepFailed(KeywordMain.groovy:32)
	at com.kms.katalon.core.webui.keyword.internal.WebUIKeywordMain.stepFailed(WebUIKeywordMain.groovy:65)
	at com.kms.katalon.core.webui.keyword.builtin.VerifyTextPresentKeyword$_verifyTextPresent_closure1.doCall(VerifyTextPresentKeyword.groovy:79)
	at com.kms.katalon.core.webui.keyword.builtin.VerifyTextPresentKeyword$_verifyTextPresent_closure1.call(VerifyTextPresentKeyword.groovy)
	at com.kms.katalon.core.webui.keyword.internal.WebUIKeywordMain.runKeyword(WebUIKeywordMain.groovy:21)
	at com.kms.katalon.core.webui.keyword.builtin.VerifyTextPresentKeyword.verifyTextPresent(VerifyTextPresentKeyword.groovy:83)
	at com.kms.katalon.core.webui.keyword.builtin.VerifyTextPresentKeyword.execute(VerifyTextPresentKeyword.groovy:68)
	at com.kms.katalon.core.keyword.internal.KeywordExecutor.executeKeywordForPlatform(KeywordExecutor.groovy:53)
	at com.kms.katalon.core.webui.keyword.WebUiBuiltInKeywords.verifyTextPresent(WebUiBuiltInKeywords.groovy:1677)
	at com.kms.katalon.core.webui.keyword.WebUiBuiltInKeywords$verifyTextPresent$6.call(Unknown Source)
	at HP- Burger menu- Learn.run(HP- Burger menu- Learn:116)
	at com.kms.katalon.core.main.ScriptEngine.run(ScriptEngine.java:194)
	at com.kms.katalon.core.main.ScriptEngine.runScriptAsRawText(ScriptEngine.java:119)
	at com.kms.katalon.core.main.TestCaseExecutor.runScript(TestCaseExecutor.java:328)
	at com.kms.katalon.core.main.TestCaseExecutor.doExecute(TestCaseExecutor.java:319)
	at com.kms.katalon.core.main.TestCaseExecutor.processExecutionPhase(TestCaseExecutor.java:298)
	at com.kms.katalon.core.main.TestCaseExecutor.accessMainPhase(TestCaseExecutor.java:290)
	at com.kms.katalon.core.main.TestCaseExecutor.execute(TestCaseExecutor.java:224)
	at com.kms.katalon.core.main.TestSuiteExecutor.accessTestCaseMainPhase(TestSuiteExecutor.java:129)
	at com.kms.katalon.core.main.TestSuiteExecutor.accessTestSuiteMainPhase(TestSuiteExecutor.java:112)
	at com.kms.katalon.core.main.TestSuiteExecutor.execute(TestSuiteExecutor.java:81)
	at com.kms.katalon.core.main.TestCaseMain.startTestSuite(TestCaseMain.java:149)
	at com.kms.katalon.core.main.TestCaseMain$startTestSuite$0.call(Unknown Source)
	at TempTestSuite1558208231009.run(TempTestSuite1558208231009.groovy:36)


2019-05-18 15:58:55 - [TEST_STEP][PASSED] - openBrowser(""): Browser is opened with url: ''

2019-05-18 15:58:55 - [MESSAGE][WARNING] - A browser is already opened. Closing browser and opening a new one

2019-05-18 15:58:55 - [MESSAGE][INFO] - Starting 'Chrome' driver

2019-05-18 15:58:56 - [MESSAGE][PASSED] - Browser is opened with url: ''

2019-05-18 15:58:56 - [TEST_STEP][PASSED] - navigateToUrl("https://ocs.ca/?fts=0&preview_theme_id=53373863756"): Navigate to 'https://ocs.ca/?fts=0&preview_theme_id=53373863756' successfully

2019-05-18 15:58:59 - [MESSAGE][PASSED] - Navigate to 'https://ocs.ca/?fts=0&preview_theme_id=53373863756' successfully

2019-05-18 15:58:59 - [TEST_STEP][PASSED] - setViewPortSize(360, 800): Viewport is set to new size with width = 360 and height = 800

2019-05-18 15:58:59 - [MESSAGE][PASSED] - Viewport is set to new size with width = 360 and height = 800

2019-05-18 15:58:59 - [TEST_STEP][PASSED] - delay(4): Delayed 4 second(s)

2019-05-18 15:59:03 - [MESSAGE][PASSED] - Delayed 4 second(s)

2019-05-18 15:59:03 - [TEST_STEP][PASSED] - selectOptionByValue(findTestObject("OCS-MOBILE /Age gate and burger menu/Date"), "12", true): All options with value '12' are selected in object 'Object Repository/OCS-MOBILE /Age gate and burger menu/Date'  using regular expression

2019-05-18 15:59:03 - [MESSAGE][PASSED] - All options with value '12' are selected in object 'Object Repository/OCS-MOBILE /Age gate and burger menu/Date'  using regular expression

2019-05-18 15:59:03 - [TEST_STEP][PASSED] - selectOptionByValue(findTestObject("OCS-MOBILE /Age gate and burger menu/month"), "6", true): All options with value '6' are selected in object 'Object Repository/OCS-MOBILE /Age gate and burger menu/month'  using regular expression

2019-05-18 15:59:04 - [MESSAGE][PASSED] - All options with value '6' are selected in object 'Object Repository/OCS-MOBILE /Age gate and burger menu/month'  using regular expression

2019-05-18 15:59:04 - [TEST_STEP][PASSED] - delay(2): Delayed 2 second(s)

2019-05-18 15:59:06 - [MESSAGE][PASSED] - Delayed 2 second(s)

2019-05-18 15:59:06 - [TEST_STEP][PASSED] - selectOptionByValue(findTestObject("OCS-MOBILE /Age gate and burger menu/Year Dropdown"), "1990", true): All options with value '1990' are selected in object 'Object Repository/OCS-MOBILE /Age gate and burger menu/Year Dropdown'  using regular expression

2019-05-18 15:59:07 - [MESSAGE][PASSED] - All options with value '1990' are selected in object 'Object Repository/OCS-MOBILE /Age gate and burger menu/Year Dropdown'  using regular expression

2019-05-18 15:59:07 - [TEST_STEP][PASSED] - click(findTestObject("OCS-MOBILE /Age gate and burger menu/button_Verify")): Object: 'Object Repository/OCS-MOBILE /Age gate and burger menu/button_Verify' is clicked on

2019-05-18 15:59:07 - [MESSAGE][PASSED] - Object: 'Object Repository/OCS-MOBILE /Age gate and burger menu/button_Verify' is clicked on

2019-05-18 15:59:07 - [TEST_STEP][PASSED] - click(findTestObject("OCS-MOBILE /Age gate and burger menu/Checkbox_CONFIRM AND ACKNOWLEDGE")): Object: 'Object Repository/OCS-MOBILE /Age gate and burger menu/Checkbox_CONFIRM AND ACKNOWLEDGE' is clicked on

2019-05-18 15:59:07 - [MESSAGE][PASSED] - Object: 'Object Repository/OCS-MOBILE /Age gate and burger menu/Checkbox_CONFIRM AND ACKNOWLEDGE' is clicked on

2019-05-18 15:59:07 - [TEST_STEP][PASSED] - click(findTestObject("OCS-MOBILE /Age gate and burger menu/button_CONFIRM")): Object: 'Object Repository/OCS-MOBILE /Age gate and burger menu/button_CONFIRM' is clicked on

2019-05-18 15:59:07 - [MESSAGE][PASSED] - Object: 'Object Repository/OCS-MOBILE /Age gate and burger menu/button_CONFIRM' is clicked on

2019-05-18 15:59:07 - [TEST_STEP][PASSED] - click(findTestObject("OCS-MOBILE /Age gate and burger menu/button_Start Browsing")): Object: 'Object Repository/OCS-MOBILE /Age gate and burger menu/button_Start Browsing' is clicked on

2019-05-18 15:59:07 - [MESSAGE][PASSED] - Object: 'Object Repository/OCS-MOBILE /Age gate and burger menu/button_Start Browsing' is clicked on

2019-05-18 15:59:07 - [TEST_STEP][PASSED] - delay(2): Delayed 2 second(s)

2019-05-18 15:59:09 - [MESSAGE][PASSED] - Delayed 2 second(s)

2019-05-18 15:59:09 - [TEST_STEP][PASSED] - click(findTestObject("OCS-MOBILE /Age gate and burger menu/Burger menu - English"), CONTINUE_ON_FAILURE): Object: 'Object Repository/OCS-MOBILE /Age gate and burger menu/Burger menu - English' is clicked on

2019-05-18 15:59:09 - [MESSAGE][PASSED] - Object: 'Object Repository/OCS-MOBILE /Age gate and burger menu/Burger menu - English' is clicked on

2019-05-18 15:59:09 - [TEST_STEP][PASSED] - delay(2, CONTINUE_ON_FAILURE): Delayed 2 second(s)

2019-05-18 15:59:11 - [MESSAGE][PASSED] - Delayed 2 second(s)

2019-05-18 15:59:11 - [TEST_STEP][PASSED] - click(findTestObject("OCS-MOBILE /LEARN page/Learn chevron")): Object: 'Object Repository/OCS-MOBILE /LEARN page/Learn chevron' is clicked on

2019-05-18 15:59:11 - [MESSAGE][PASSED] - Object: 'Object Repository/OCS-MOBILE /LEARN page/Learn chevron' is clicked on

2019-05-18 15:59:11 - [TEST_STEP][PASSED] - delay(2): Delayed 2 second(s)

2019-05-18 15:59:13 - [MESSAGE][PASSED] - Delayed 2 second(s)

2019-05-18 15:59:13 - [TEST_STEP][PASSED] - click(findTestObject("OCS-MOBILE /LEARN page/How Cannabis Works plus accordian")): Object: 'Object Repository/OCS-MOBILE /LEARN page/How Cannabis Works plus accordian' is clicked on

2019-05-18 15:59:13 - [MESSAGE][PASSED] - Object: 'Object Repository/OCS-MOBILE /LEARN page/How Cannabis Works plus accordian' is clicked on

2019-05-18 15:59:13 - [TEST_STEP][PASSED] - click(findTestObject("OCS-MOBILE /LEARN page/How Cannabis Works Subtract accordian")): Object: 'Object Repository/OCS-MOBILE /LEARN page/How Cannabis Works Subtract accordian' is clicked on

2019-05-18 15:59:13 - [MESSAGE][PASSED] - Object: 'Object Repository/OCS-MOBILE /LEARN page/How Cannabis Works Subtract accordian' is clicked on

2019-05-18 15:59:13 - [TEST_STEP][PASSED] - click(findTestObject("OCS-MOBILE /LEARN page/How Cannabis Works plus accordian")): Object: 'Object Repository/OCS-MOBILE /LEARN page/How Cannabis Works plus accordian' is clicked on

2019-05-18 15:59:13 - [MESSAGE][PASSED] - Object: 'Object Repository/OCS-MOBILE /LEARN page/How Cannabis Works plus accordian' is clicked on

2019-05-18 15:59:13 - [TEST_STEP][PASSED] - click(findTestObject("OCS-MOBILE /LEARN page/The Effects of Cannabis Chevron")): Object: 'Object Repository/OCS-MOBILE /LEARN page/The Effects of Cannabis Chevron' is clicked on

2019-05-18 15:59:16 - [MESSAGE][PASSED] - Object: 'Object Repository/OCS-MOBILE /LEARN page/The Effects of Cannabis Chevron' is clicked on

2019-05-18 15:59:16 - [TEST_STEP][PASSED] - verifyTextPresent("The Effects of Cannabis", true): Text 'The Effects of Cannabis' is present on page  using regular expression

2019-05-18 15:59:16 - [MESSAGE][PASSED] - Text 'The Effects of Cannabis' is present on page  using regular expression

2019-05-18 15:59:16 - [TEST_STEP][PASSED] - delay(2): Delayed 2 second(s)

2019-05-18 15:59:18 - [MESSAGE][PASSED] - Delayed 2 second(s)

2019-05-18 15:59:18 - [TEST_STEP][PASSED] - click(findTestObject("OCS-MOBILE /Age gate and burger menu/Burger menu - English"), CONTINUE_ON_FAILURE): Object: 'Object Repository/OCS-MOBILE /Age gate and burger menu/Burger menu - English' is clicked on

2019-05-18 15:59:18 - [MESSAGE][PASSED] - Object: 'Object Repository/OCS-MOBILE /Age gate and burger menu/Burger menu - English' is clicked on

2019-05-18 15:59:18 - [TEST_STEP][PASSED] - delay(2, CONTINUE_ON_FAILURE): Delayed 2 second(s)

2019-05-18 15:59:20 - [MESSAGE][PASSED] - Delayed 2 second(s)

2019-05-18 15:59:20 - [TEST_STEP][PASSED] - click(findTestObject("OCS-MOBILE /LEARN page/Learn chevron")): Object: 'Object Repository/OCS-MOBILE /LEARN page/Learn chevron' is clicked on

2019-05-18 15:59:20 - [MESSAGE][PASSED] - Object: 'Object Repository/OCS-MOBILE /LEARN page/Learn chevron' is clicked on

2019-05-18 15:59:20 - [TEST_STEP][PASSED] - delay(2): Delayed 2 second(s)

2019-05-18 15:59:22 - [MESSAGE][PASSED] - Delayed 2 second(s)

2019-05-18 15:59:22 - [TEST_STEP][PASSED] - click(findTestObject("OCS-MOBILE /LEARN page/How Cannabis Works plus accordian")): Object: 'Object Repository/OCS-MOBILE /LEARN page/How Cannabis Works plus accordian' is clicked on

2019-05-18 15:59:22 - [MESSAGE][PASSED] - Object: 'Object Repository/OCS-MOBILE /LEARN page/How Cannabis Works plus accordian' is clicked on

2019-05-18 15:59:22 - [TEST_STEP][PASSED] - delay(1): Delayed 1 second(s)

2019-05-18 15:59:23 - [MESSAGE][PASSED] - Delayed 1 second(s)

2019-05-18 15:59:23 - [TEST_STEP][PASSED] - click(findTestObject("OCS-MOBILE /LEARN page/Endocannabinoids chevron")): Object: 'Object Repository/OCS-MOBILE /LEARN page/Endocannabinoids chevron' is clicked on

2019-05-18 15:59:26 - [MESSAGE][PASSED] - Object: 'Object Repository/OCS-MOBILE /LEARN page/Endocannabinoids chevron' is clicked on

2019-05-18 15:59:26 - [TEST_STEP][PASSED] - verifyTextPresent("The Endocannabinoid System", true): Text 'The Endocannabinoid System' is present on page  using regular expression

2019-05-18 15:59:26 - [MESSAGE][PASSED] - Text 'The Endocannabinoid System' is present on page  using regular expression

2019-05-18 15:59:26 - [TEST_STEP][PASSED] - delay(2): Delayed 2 second(s)

2019-05-18 15:59:28 - [MESSAGE][PASSED] - Delayed 2 second(s)

2019-05-18 15:59:28 - [TEST_STEP][PASSED] - click(findTestObject("OCS-MOBILE /Age gate and burger menu/Burger menu - English"), CONTINUE_ON_FAILURE): Object: 'Object Repository/OCS-MOBILE /Age gate and burger menu/Burger menu - English' is clicked on

2019-05-18 15:59:28 - [MESSAGE][PASSED] - Object: 'Object Repository/OCS-MOBILE /Age gate and burger menu/Burger menu - English' is clicked on

2019-05-18 15:59:28 - [TEST_STEP][PASSED] - delay(2, CONTINUE_ON_FAILURE): Delayed 2 second(s)

2019-05-18 15:59:30 - [MESSAGE][PASSED] - Delayed 2 second(s)

2019-05-18 15:59:30 - [TEST_STEP][PASSED] - click(findTestObject("OCS-MOBILE /LEARN page/Learn chevron")): Object: 'Object Repository/OCS-MOBILE /LEARN page/Learn chevron' is clicked on

2019-05-18 15:59:30 - [MESSAGE][PASSED] - Object: 'Object Repository/OCS-MOBILE /LEARN page/Learn chevron' is clicked on

2019-05-18 15:59:30 - [TEST_STEP][PASSED] - delay(2): Delayed 2 second(s)

2019-05-18 15:59:32 - [MESSAGE][PASSED] - Delayed 2 second(s)

2019-05-18 15:59:32 - [TEST_STEP][PASSED] - click(findTestObject("OCS-MOBILE /LEARN page/How Cannabis Works plus accordian")): Object: 'Object Repository/OCS-MOBILE /LEARN page/How Cannabis Works plus accordian' is clicked on

2019-05-18 15:59:32 - [MESSAGE][PASSED] - Object: 'Object Repository/OCS-MOBILE /LEARN page/How Cannabis Works plus accordian' is clicked on

2019-05-18 15:59:32 - [TEST_STEP][PASSED] - delay(1): Delayed 1 second(s)

2019-05-18 15:59:33 - [MESSAGE][PASSED] - Delayed 1 second(s)

2019-05-18 15:59:33 - [TEST_STEP][PASSED] - click(findTestObject("OCS-MOBILE /LEARN page/Read More -1")): Object: 'Object Repository/OCS-MOBILE /LEARN page/Read More -1' is clicked on

2019-05-18 15:59:36 - [MESSAGE][PASSED] - Object: 'Object Repository/OCS-MOBILE /LEARN page/Read More -1' is clicked on

2019-05-18 15:59:36 - [TEST_STEP][PASSED] - verifyTextPresent("The human reaction to cannabis.", false): Text 'The human reaction to cannabis.' is present on page 

2019-05-18 15:59:36 - [MESSAGE][PASSED] - Text 'The human reaction to cannabis.' is present on page 

2019-05-18 15:59:36 - [TEST_STEP][PASSED] - delay(2): Delayed 2 second(s)

2019-05-18 15:59:38 - [MESSAGE][PASSED] - Delayed 2 second(s)

2019-05-18 15:59:38 - [TEST_STEP][PASSED] - click(findTestObject("OCS-MOBILE /Age gate and burger menu/Burger menu - English"), CONTINUE_ON_FAILURE): Object: 'Object Repository/OCS-MOBILE /Age gate and burger menu/Burger menu - English' is clicked on

2019-05-18 15:59:38 - [MESSAGE][PASSED] - Object: 'Object Repository/OCS-MOBILE /Age gate and burger menu/Burger menu - English' is clicked on

2019-05-18 15:59:38 - [TEST_STEP][PASSED] - delay(2, CONTINUE_ON_FAILURE): Delayed 2 second(s)

2019-05-18 15:59:40 - [MESSAGE][PASSED] - Delayed 2 second(s)

2019-05-18 15:59:40 - [TEST_STEP][PASSED] - click(findTestObject("OCS-MOBILE /LEARN page/Learn chevron")): Object: 'Object Repository/OCS-MOBILE /LEARN page/Learn chevron' is clicked on

2019-05-18 15:59:40 - [MESSAGE][PASSED] - Object: 'Object Repository/OCS-MOBILE /LEARN page/Learn chevron' is clicked on

2019-05-18 15:59:40 - [TEST_STEP][PASSED] - delay(2): Delayed 2 second(s)

2019-05-18 15:59:42 - [MESSAGE][PASSED] - Delayed 2 second(s)

2019-05-18 15:59:42 - [TEST_STEP][PASSED] - click(findTestObject("OCS-MOBILE /LEARN page/Cannabis Anatomy plus accordian")): Object: 'Object Repository/OCS-MOBILE /LEARN page/Cannabis Anatomy plus accordian' is clicked on

2019-05-18 15:59:42 - [MESSAGE][PASSED] - Object: 'Object Repository/OCS-MOBILE /LEARN page/Cannabis Anatomy plus accordian' is clicked on

2019-05-18 15:59:42 - [TEST_STEP][PASSED] - click(findTestObject("OCS-MOBILE /LEARN page/Cannabis Anatomy subtract accordian")): Object: 'Object Repository/OCS-MOBILE /LEARN page/Cannabis Anatomy subtract accordian' is clicked on

2019-05-18 15:59:42 - [MESSAGE][PASSED] - Object: 'Object Repository/OCS-MOBILE /LEARN page/Cannabis Anatomy subtract accordian' is clicked on

2019-05-18 15:59:42 - [TEST_STEP][PASSED] - click(findTestObject("OCS-MOBILE /LEARN page/Cannabis Anatomy plus accordian")): Object: 'Object Repository/OCS-MOBILE /LEARN page/Cannabis Anatomy plus accordian' is clicked on

2019-05-18 15:59:42 - [MESSAGE][PASSED] - Object: 'Object Repository/OCS-MOBILE /LEARN page/Cannabis Anatomy plus accordian' is clicked on

2019-05-18 15:59:42 - [TEST_STEP][PASSED] - click(findTestObject("OCS-MOBILE /LEARN page/CBD Chevron")): Object: 'Object Repository/OCS-MOBILE /LEARN page/CBD Chevron' is clicked on

2019-05-18 15:59:44 - [MESSAGE][PASSED] - Object: 'Object Repository/OCS-MOBILE /LEARN page/CBD Chevron' is clicked on

2019-05-18 15:59:44 - [TEST_STEP][PASSED] - delay(2): Delayed 2 second(s)

2019-05-18 15:59:46 - [MESSAGE][PASSED] - Delayed 2 second(s)

2019-05-18 15:59:46 - [TEST_STEP][FAILED] - verifyTextPresent("Cannabis Anatomy", false, CONTINUE_ON_FAILURE): Text 'Cannabis Anatomy' is not present on page 

2019-05-18 15:59:47 - [MESSAGE][FAILED] - Text 'Cannabis Anatomy' is not present on page 

2019-05-18 15:59:47 - [TEST_STEP][PASSED] - delay(2): Delayed 2 second(s)

2019-05-18 15:59:49 - [MESSAGE][PASSED] - Delayed 2 second(s)

2019-05-18 15:59:49 - [TEST_STEP][PASSED] - click(findTestObject("OCS-MOBILE /Age gate and burger menu/Burger menu - English"), CONTINUE_ON_FAILURE): Object: 'Object Repository/OCS-MOBILE /Age gate and burger menu/Burger menu - English' is clicked on

2019-05-18 15:59:49 - [MESSAGE][PASSED] - Object: 'Object Repository/OCS-MOBILE /Age gate and burger menu/Burger menu - English' is clicked on

2019-05-18 15:59:49 - [TEST_STEP][PASSED] - delay(2, CONTINUE_ON_FAILURE): Delayed 2 second(s)

2019-05-18 15:59:51 - [MESSAGE][PASSED] - Delayed 2 second(s)

2019-05-18 15:59:51 - [TEST_STEP][PASSED] - click(findTestObject("OCS-MOBILE /LEARN page/Learn chevron")): Object: 'Object Repository/OCS-MOBILE /LEARN page/Learn chevron' is clicked on

2019-05-18 15:59:51 - [MESSAGE][PASSED] - Object: 'Object Repository/OCS-MOBILE /LEARN page/Learn chevron' is clicked on

2019-05-18 15:59:51 - [TEST_STEP][PASSED] - delay(2): Delayed 2 second(s)

2019-05-18 15:59:53 - [MESSAGE][PASSED] - Delayed 2 second(s)

2019-05-18 15:59:53 - [TEST_STEP][PASSED] - click(findTestObject("OCS-MOBILE /LEARN page/Cannabis Anatomy plus accordian")): Object: 'Object Repository/OCS-MOBILE /LEARN page/Cannabis Anatomy plus accordian' is clicked on

2019-05-18 15:59:53 - [MESSAGE][PASSED] - Object: 'Object Repository/OCS-MOBILE /LEARN page/Cannabis Anatomy plus accordian' is clicked on

2019-05-18 15:59:53 - [TEST_STEP][PASSED] - delay(1): Delayed 1 second(s)

2019-05-18 15:59:54 - [MESSAGE][PASSED] - Delayed 1 second(s)

2019-05-18 15:59:54 - [TEST_STEP][PASSED] - click(findTestObject("OCS-MOBILE /LEARN page/Terpenes chevron")): Object: 'Object Repository/OCS-MOBILE /LEARN page/Terpenes chevron' is clicked on

2019-05-18 15:59:56 - [MESSAGE][PASSED] - Object: 'Object Repository/OCS-MOBILE /LEARN page/Terpenes chevron' is clicked on

2019-05-18 15:59:56 - [TEST_STEP][NOT_RUN] - click(findTestObject("Learn_spy/Page_Ontario Cannabis Store  Ontari/h3_Learn")): NOT_RUN: click(findTestObject("Learn_spy/Page_Ontario Cannabis Store  Ontari/h3_Learn"))

2019-05-18 15:59:56 - [MESSAGE][NOT_RUN] - NOT_RUN: click(findTestObject("Learn_spy/Page_Ontario Cannabis Store  Ontari/h3_Learn"))

2019-05-18 15:59:56 - [TEST_STEP][NOT_RUN] - click(findTestObject("Object Repository/Learn_OR/Page_The Effects of Cannabis  Ontar/a_Read More")): NOT_RUN: click(findTestObject("Object Repository/Learn_OR/Page_The Effects of Cannabis  Ontar/a_Read More"))

2019-05-18 15:59:56 - [MESSAGE][NOT_RUN] - NOT_RUN: click(findTestObject("Object Repository/Learn_OR/Page_The Effects of Cannabis  Ontar/a_Read More"))

2019-05-18 15:59:56 - [TEST_STEP][PASSED] - verifyTextPresent("Terpenes give cannabis strains their unique aromas.", true): Text 'Terpenes give cannabis strains their unique aromas.' is present on page  using regular expression

2019-05-18 15:59:56 - [MESSAGE][PASSED] - Text 'Terpenes give cannabis strains their unique aromas.' is present on page  using regular expression

2019-05-18 15:59:56 - [TEST_STEP][NOT_RUN] - click(findTestObject("Learn_spy/Page_Ontario Cannabis Store  Ontari/h3_Learn")): NOT_RUN: click(findTestObject("Learn_spy/Page_Ontario Cannabis Store  Ontari/h3_Learn"))

2019-05-18 15:59:56 - [MESSAGE][NOT_RUN] - NOT_RUN: click(findTestObject("Learn_spy/Page_Ontario Cannabis Store  Ontari/h3_Learn"))

2019-05-18 15:59:56 - [TEST_STEP][NOT_RUN] - click(findTestObject("Object Repository/Learn_OR/Page_How Cannabis Works  Ontario Ca/span_Cannabis Anatomy")): NOT_RUN: click(findTestObject("Object Repository/Learn_OR/Page_How Cannabis Works  Ontario Ca/span_Cannabis Anatomy"))

2019-05-18 15:59:56 - [MESSAGE][NOT_RUN] - NOT_RUN: click(findTestObject("Object Repository/Learn_OR/Page_How Cannabis Works  Ontario Ca/span_Cannabis Anatomy"))

2019-05-18 15:59:56 - [TEST_STEP][NOT_RUN] - click(findTestObject("Learn_spy/Page_Ontario Cannabis Store  Ontari/h3_Learn")): NOT_RUN: click(findTestObject("Learn_spy/Page_Ontario Cannabis Store  Ontari/h3_Learn"))

2019-05-18 15:59:56 - [MESSAGE][NOT_RUN] - NOT_RUN: click(findTestObject("Learn_spy/Page_Ontario Cannabis Store  Ontari/h3_Learn"))

2019-05-18 15:59:56 - [TEST_STEP][NOT_RUN] - verifyTextPresent("Terpenes give cannabis strains their unique aromas.", true): NOT_RUN: verifyTextPresent("Terpenes give cannabis strains their unique aromas.", true)

2019-05-18 15:59:56 - [MESSAGE][NOT_RUN] - NOT_RUN: verifyTextPresent("Terpenes give cannabis strains their unique aromas.", true)

2019-05-18 15:59:56 - [TEST_STEP][PASSED] - delay(2): Delayed 2 second(s)

2019-05-18 15:59:58 - [MESSAGE][PASSED] - Delayed 2 second(s)

2019-05-18 15:59:58 - [TEST_STEP][PASSED] - click(findTestObject("OCS-MOBILE /Age gate and burger menu/Burger menu - English"), CONTINUE_ON_FAILURE): Object: 'Object Repository/OCS-MOBILE /Age gate and burger menu/Burger menu - English' is clicked on

2019-05-18 15:59:59 - [MESSAGE][PASSED] - Object: 'Object Repository/OCS-MOBILE /Age gate and burger menu/Burger menu - English' is clicked on

2019-05-18 15:59:59 - [TEST_STEP][PASSED] - delay(2, CONTINUE_ON_FAILURE): Delayed 2 second(s)

2019-05-18 16:00:01 - [MESSAGE][PASSED] - Delayed 2 second(s)

2019-05-18 16:00:01 - [TEST_STEP][PASSED] - click(findTestObject("OCS-MOBILE /LEARN page/Learn chevron")): Object: 'Object Repository/OCS-MOBILE /LEARN page/Learn chevron' is clicked on

2019-05-18 16:00:01 - [MESSAGE][PASSED] - Object: 'Object Repository/OCS-MOBILE /LEARN page/Learn chevron' is clicked on

2019-05-18 16:00:01 - [TEST_STEP][PASSED] - delay(2): Delayed 2 second(s)

2019-05-18 16:00:03 - [MESSAGE][PASSED] - Delayed 2 second(s)

2019-05-18 16:00:03 - [TEST_STEP][PASSED] - click(findTestObject("OCS-MOBILE /LEARN page/Cannabis Anatomy plus accordian")): Object: 'Object Repository/OCS-MOBILE /LEARN page/Cannabis Anatomy plus accordian' is clicked on

2019-05-18 16:00:03 - [MESSAGE][PASSED] - Object: 'Object Repository/OCS-MOBILE /LEARN page/Cannabis Anatomy plus accordian' is clicked on

2019-05-18 16:00:03 - [TEST_STEP][PASSED] - delay(1): Delayed 1 second(s)

2019-05-18 16:00:04 - [MESSAGE][PASSED] - Delayed 1 second(s)

2019-05-18 16:00:04 - [TEST_STEP][PASSED] - click(findTestObject("OCS-MOBILE /LEARN page/THC chevron")): Object: 'Object Repository/OCS-MOBILE /LEARN page/THC chevron' is clicked on

2019-05-18 16:00:06 - [MESSAGE][PASSED] - Object: 'Object Repository/OCS-MOBILE /LEARN page/THC chevron' is clicked on

2019-05-18 16:00:06 - [TEST_STEP][PASSED] - verifyTextPresent("THC is the component in cannabis that is primarily responsible for its intoxicating, psychoactive effects.", true): Text 'THC is the component in cannabis that is primarily responsible for its intoxicating, psychoactive effects.' is present on page  using regular expression

2019-05-18 16:00:07 - [MESSAGE][PASSED] - Text 'THC is the component in cannabis that is primarily responsible for its intoxicating, psychoactive effects.' is present on page  using regular expression

2019-05-18 16:00:07 - [TEST_STEP][PASSED] - delay(2): Delayed 2 second(s)

2019-05-18 16:00:09 - [MESSAGE][PASSED] - Delayed 2 second(s)

2019-05-18 16:00:09 - [TEST_STEP][PASSED] - click(findTestObject("OCS-MOBILE /Age gate and burger menu/Burger menu - English"), CONTINUE_ON_FAILURE): Object: 'Object Repository/OCS-MOBILE /Age gate and burger menu/Burger menu - English' is clicked on

2019-05-18 16:00:09 - [MESSAGE][PASSED] - Object: 'Object Repository/OCS-MOBILE /Age gate and burger menu/Burger menu - English' is clicked on

2019-05-18 16:00:09 - [TEST_STEP][PASSED] - delay(2, CONTINUE_ON_FAILURE): Delayed 2 second(s)

2019-05-18 16:00:11 - [MESSAGE][PASSED] - Delayed 2 second(s)

2019-05-18 16:00:11 - [TEST_STEP][PASSED] - click(findTestObject("OCS-MOBILE /LEARN page/Learn chevron")): Object: 'Object Repository/OCS-MOBILE /LEARN page/Learn chevron' is clicked on

2019-05-18 16:00:11 - [MESSAGE][PASSED] - Object: 'Object Repository/OCS-MOBILE /LEARN page/Learn chevron' is clicked on

2019-05-18 16:00:11 - [TEST_STEP][PASSED] - delay(2): Delayed 2 second(s)

2019-05-18 16:00:13 - [MESSAGE][PASSED] - Delayed 2 second(s)

2019-05-18 16:00:13 - [TEST_STEP][PASSED] - click(findTestObject("OCS-MOBILE /LEARN page/Cannabis Anatomy plus accordian")): Object: 'Object Repository/OCS-MOBILE /LEARN page/Cannabis Anatomy plus accordian' is clicked on

2019-05-18 16:00:13 - [MESSAGE][PASSED] - Object: 'Object Repository/OCS-MOBILE /LEARN page/Cannabis Anatomy plus accordian' is clicked on

2019-05-18 16:00:13 - [TEST_STEP][PASSED] - delay(1): Delayed 1 second(s)

2019-05-18 16:00:14 - [MESSAGE][PASSED] - Delayed 1 second(s)

2019-05-18 16:00:14 - [TEST_STEP][PASSED] - click(findTestObject("OCS-MOBILE /LEARN page/Read More -2")): Object: 'Object Repository/OCS-MOBILE /LEARN page/Read More -2' is clicked on

2019-05-18 16:00:16 - [MESSAGE][PASSED] - Object: 'Object Repository/OCS-MOBILE /LEARN page/Read More -2' is clicked on

2019-05-18 16:00:16 - [TEST_STEP][PASSED] - verifyTextPresent("The components of a complex plant.", true): Text 'The components of a complex plant.' is present on page  using regular expression

2019-05-18 16:00:16 - [MESSAGE][PASSED] - Text 'The components of a complex plant.' is present on page  using regular expression

2019-05-18 16:00:16 - [TEST_STEP][PASSED] - delay(2): Delayed 2 second(s)

2019-05-18 16:00:18 - [MESSAGE][PASSED] - Delayed 2 second(s)

2019-05-18 16:00:18 - [TEST_STEP][PASSED] - click(findTestObject("OCS-MOBILE /Age gate and burger menu/Burger menu - English"), CONTINUE_ON_FAILURE): Object: 'Object Repository/OCS-MOBILE /Age gate and burger menu/Burger menu - English' is clicked on

2019-05-18 16:00:18 - [MESSAGE][PASSED] - Object: 'Object Repository/OCS-MOBILE /Age gate and burger menu/Burger menu - English' is clicked on

2019-05-18 16:00:18 - [TEST_STEP][PASSED] - delay(2, CONTINUE_ON_FAILURE): Delayed 2 second(s)

2019-05-18 16:00:20 - [MESSAGE][PASSED] - Delayed 2 second(s)

2019-05-18 16:00:20 - [TEST_STEP][PASSED] - click(findTestObject("OCS-MOBILE /LEARN page/Learn chevron")): Object: 'Object Repository/OCS-MOBILE /LEARN page/Learn chevron' is clicked on

2019-05-18 16:00:20 - [MESSAGE][PASSED] - Object: 'Object Repository/OCS-MOBILE /LEARN page/Learn chevron' is clicked on

2019-05-18 16:00:20 - [TEST_STEP][PASSED] - delay(2): Delayed 2 second(s)

2019-05-18 16:00:22 - [MESSAGE][PASSED] - Delayed 2 second(s)

2019-05-18 16:00:22 - [TEST_STEP][PASSED] - click(findTestObject("OCS-MOBILE /LEARN page/Cannabis Consumption plus accordian")): Object: 'Object Repository/OCS-MOBILE /LEARN page/Cannabis Consumption plus accordian' is clicked on

2019-05-18 16:00:22 - [MESSAGE][PASSED] - Object: 'Object Repository/OCS-MOBILE /LEARN page/Cannabis Consumption plus accordian' is clicked on

2019-05-18 16:00:22 - [TEST_STEP][PASSED] - delay(1): Delayed 1 second(s)

2019-05-18 16:00:23 - [MESSAGE][PASSED] - Delayed 1 second(s)

2019-05-18 16:00:23 - [TEST_STEP][PASSED] - click(findTestObject("OCS-MOBILE /LEARN page/Cannabis Consumption subtract accordian")): Object: 'Object Repository/OCS-MOBILE /LEARN page/Cannabis Consumption subtract accordian' is clicked on

2019-05-18 16:00:23 - [MESSAGE][PASSED] - Object: 'Object Repository/OCS-MOBILE /LEARN page/Cannabis Consumption subtract accordian' is clicked on

2019-05-18 16:00:23 - [TEST_STEP][PASSED] - click(findTestObject("OCS-MOBILE /LEARN page/Cannabis Consumption plus accordian")): Object: 'Object Repository/OCS-MOBILE /LEARN page/Cannabis Consumption plus accordian' is clicked on

2019-05-18 16:00:23 - [MESSAGE][PASSED] - Object: 'Object Repository/OCS-MOBILE /LEARN page/Cannabis Consumption plus accordian' is clicked on

2019-05-18 16:00:23 - [TEST_STEP][PASSED] - delay(1): Delayed 1 second(s)

2019-05-18 16:00:24 - [MESSAGE][PASSED] - Delayed 1 second(s)

2019-05-18 16:00:24 - [TEST_STEP][PASSED] - click(findTestObject("OCS-MOBILE /LEARN page/Cooking with cannabis - chevron")): Object: 'Object Repository/OCS-MOBILE /LEARN page/Cooking with cannabis - chevron' is clicked on

2019-05-18 16:00:27 - [MESSAGE][PASSED] - Object: 'Object Repository/OCS-MOBILE /LEARN page/Cooking with cannabis - chevron' is clicked on

2019-05-18 16:00:27 - [TEST_STEP][PASSED] - verifyTextPresent("Cannabis-infused foods are becoming more common, and careful preparation is required to avoid overconsumption.", true): Text 'Cannabis-infused foods are becoming more common, and careful preparation is required to avoid overconsumption.' is present on page  using regular expression

2019-05-18 16:00:27 - [MESSAGE][PASSED] - Text 'Cannabis-infused foods are becoming more common, and careful preparation is required to avoid overconsumption.' is present on page  using regular expression

2019-05-18 16:00:27 - [TEST_STEP][PASSED] - delay(2): Delayed 2 second(s)

2019-05-18 16:00:29 - [MESSAGE][PASSED] - Delayed 2 second(s)

2019-05-18 16:00:29 - [TEST_STEP][PASSED] - click(findTestObject("OCS-MOBILE /Age gate and burger menu/Burger menu - English"), CONTINUE_ON_FAILURE): Object: 'Object Repository/OCS-MOBILE /Age gate and burger menu/Burger menu - English' is clicked on

2019-05-18 16:00:29 - [MESSAGE][PASSED] - Object: 'Object Repository/OCS-MOBILE /Age gate and burger menu/Burger menu - English' is clicked on

2019-05-18 16:00:29 - [TEST_STEP][PASSED] - delay(2, CONTINUE_ON_FAILURE): Delayed 2 second(s)

2019-05-18 16:00:31 - [MESSAGE][PASSED] - Delayed 2 second(s)

2019-05-18 16:00:31 - [TEST_STEP][PASSED] - click(findTestObject("OCS-MOBILE /LEARN page/Learn chevron")): Object: 'Object Repository/OCS-MOBILE /LEARN page/Learn chevron' is clicked on

2019-05-18 16:00:31 - [MESSAGE][PASSED] - Object: 'Object Repository/OCS-MOBILE /LEARN page/Learn chevron' is clicked on

2019-05-18 16:00:31 - [TEST_STEP][PASSED] - delay(2): Delayed 2 second(s)

2019-05-18 16:00:33 - [MESSAGE][PASSED] - Delayed 2 second(s)

2019-05-18 16:00:33 - [TEST_STEP][PASSED] - click(findTestObject("OCS-MOBILE /LEARN page/Cannabis Consumption plus accordian")): Object: 'Object Repository/OCS-MOBILE /LEARN page/Cannabis Consumption plus accordian' is clicked on

2019-05-18 16:00:33 - [MESSAGE][PASSED] - Object: 'Object Repository/OCS-MOBILE /LEARN page/Cannabis Consumption plus accordian' is clicked on

2019-05-18 16:00:33 - [TEST_STEP][PASSED] - delay(1): Delayed 1 second(s)

2019-05-18 16:00:34 - [MESSAGE][PASSED] - Delayed 1 second(s)

2019-05-18 16:00:34 - [TEST_STEP][PASSED] - click(findTestObject("OCS-MOBILE /LEARN page/storing cannabis - chevron")): Object: 'Object Repository/OCS-MOBILE /LEARN page/storing cannabis - chevron' is clicked on

2019-05-18 16:00:37 - [MESSAGE][PASSED] - Object: 'Object Repository/OCS-MOBILE /LEARN page/storing cannabis - chevron' is clicked on

2019-05-18 16:00:37 - [TEST_STEP][PASSED] - verifyTextPresent("How to keep your family safe and your cannabis from spoiling.", true): Text 'How to keep your family safe and your cannabis from spoiling.' is present on page  using regular expression

2019-05-18 16:00:37 - [MESSAGE][PASSED] - Text 'How to keep your family safe and your cannabis from spoiling.' is present on page  using regular expression

2019-05-18 16:00:37 - [TEST_STEP][PASSED] - delay(2): Delayed 2 second(s)

2019-05-18 16:00:39 - [MESSAGE][PASSED] - Delayed 2 second(s)

2019-05-18 16:00:39 - [TEST_STEP][PASSED] - click(findTestObject("OCS-MOBILE /Age gate and burger menu/Burger menu - English"), CONTINUE_ON_FAILURE): Object: 'Object Repository/OCS-MOBILE /Age gate and burger menu/Burger menu - English' is clicked on

2019-05-18 16:00:39 - [MESSAGE][PASSED] - Object: 'Object Repository/OCS-MOBILE /Age gate and burger menu/Burger menu - English' is clicked on

2019-05-18 16:00:39 - [TEST_STEP][PASSED] - delay(2, CONTINUE_ON_FAILURE): Delayed 2 second(s)

2019-05-18 16:00:41 - [MESSAGE][PASSED] - Delayed 2 second(s)

2019-05-18 16:00:41 - [TEST_STEP][PASSED] - click(findTestObject("OCS-MOBILE /LEARN page/Learn chevron")): Object: 'Object Repository/OCS-MOBILE /LEARN page/Learn chevron' is clicked on

2019-05-18 16:00:41 - [MESSAGE][PASSED] - Object: 'Object Repository/OCS-MOBILE /LEARN page/Learn chevron' is clicked on

2019-05-18 16:00:41 - [TEST_STEP][PASSED] - delay(2): Delayed 2 second(s)

2019-05-18 16:00:43 - [MESSAGE][PASSED] - Delayed 2 second(s)

2019-05-18 16:00:43 - [TEST_STEP][PASSED] - click(findTestObject("OCS-MOBILE /LEARN page/Cannabis Consumption plus accordian")): Object: 'Object Repository/OCS-MOBILE /LEARN page/Cannabis Consumption plus accordian' is clicked on

2019-05-18 16:00:43 - [MESSAGE][PASSED] - Object: 'Object Repository/OCS-MOBILE /LEARN page/Cannabis Consumption plus accordian' is clicked on

2019-05-18 16:00:43 - [TEST_STEP][PASSED] - delay(1): Delayed 1 second(s)

2019-05-18 16:00:44 - [MESSAGE][PASSED] - Delayed 1 second(s)

2019-05-18 16:00:44 - [TEST_STEP][PASSED] - click(findTestObject("OCS-MOBILE /LEARN page/Growing cannabis - chevron")): Object: 'Object Repository/OCS-MOBILE /LEARN page/Growing cannabis - chevron' is clicked on

2019-05-18 16:00:47 - [MESSAGE][PASSED] - Object: 'Object Repository/OCS-MOBILE /LEARN page/Growing cannabis - chevron' is clicked on

2019-05-18 16:00:47 - [TEST_STEP][PASSED] - verifyTextPresent("It is legal in Ontario to own and grow up to 4 cannabis plants in your own residential dwelling. Get beginner growing tips here.", true): Text 'It is legal in Ontario to own and grow up to 4 cannabis plants in your own residential dwelling. Get beginner growing tips here.' is present on page  using regular expression

2019-05-18 16:00:47 - [MESSAGE][PASSED] - Text 'It is legal in Ontario to own and grow up to 4 cannabis plants in your own residential dwelling. Get beginner growing tips here.' is present on page  using regular expression

2019-05-18 16:00:47 - [TEST_STEP][PASSED] - delay(2): Delayed 2 second(s)

2019-05-18 16:00:49 - [MESSAGE][PASSED] - Delayed 2 second(s)

2019-05-18 16:00:49 - [TEST_STEP][PASSED] - click(findTestObject("OCS-MOBILE /Age gate and burger menu/Burger menu - English"), CONTINUE_ON_FAILURE): Object: 'Object Repository/OCS-MOBILE /Age gate and burger menu/Burger menu - English' is clicked on

2019-05-18 16:00:49 - [MESSAGE][PASSED] - Object: 'Object Repository/OCS-MOBILE /Age gate and burger menu/Burger menu - English' is clicked on

2019-05-18 16:00:49 - [TEST_STEP][PASSED] - delay(2, CONTINUE_ON_FAILURE): Delayed 2 second(s)

2019-05-18 16:00:51 - [MESSAGE][PASSED] - Delayed 2 second(s)

2019-05-18 16:00:51 - [TEST_STEP][PASSED] - click(findTestObject("OCS-MOBILE /LEARN page/Learn chevron")): Object: 'Object Repository/OCS-MOBILE /LEARN page/Learn chevron' is clicked on

2019-05-18 16:00:51 - [MESSAGE][PASSED] - Object: 'Object Repository/OCS-MOBILE /LEARN page/Learn chevron' is clicked on

2019-05-18 16:00:51 - [TEST_STEP][PASSED] - delay(2): Delayed 2 second(s)

2019-05-18 16:00:53 - [MESSAGE][PASSED] - Delayed 2 second(s)

2019-05-18 16:00:53 - [TEST_STEP][PASSED] - click(findTestObject("OCS-MOBILE /LEARN page/Cannabis Consumption plus accordian")): Object: 'Object Repository/OCS-MOBILE /LEARN page/Cannabis Consumption plus accordian' is clicked on

2019-05-18 16:00:53 - [MESSAGE][PASSED] - Object: 'Object Repository/OCS-MOBILE /LEARN page/Cannabis Consumption plus accordian' is clicked on

2019-05-18 16:00:53 - [TEST_STEP][PASSED] - delay(1): Delayed 1 second(s)

2019-05-18 16:00:54 - [MESSAGE][PASSED] - Delayed 1 second(s)

2019-05-18 16:00:54 - [TEST_STEP][PASSED] - click(findTestObject("OCS-MOBILE /LEARN page/Read More -3")): Object: 'Object Repository/OCS-MOBILE /LEARN page/Read More -3' is clicked on

2019-05-18 16:00:57 - [MESSAGE][PASSED] - Object: 'Object Repository/OCS-MOBILE /LEARN page/Read More -3' is clicked on

2019-05-18 16:00:57 - [TEST_STEP][PASSED] - delay(2): Delayed 2 second(s)

2019-05-18 16:00:59 - [MESSAGE][PASSED] - Delayed 2 second(s)

2019-05-18 16:00:59 - [TEST_STEP][PASSED] - click(findTestObject("OCS-MOBILE /Age gate and burger menu/Burger menu - English"), CONTINUE_ON_FAILURE): Object: 'Object Repository/OCS-MOBILE /Age gate and burger menu/Burger menu - English' is clicked on

2019-05-18 16:00:59 - [MESSAGE][PASSED] - Object: 'Object Repository/OCS-MOBILE /Age gate and burger menu/Burger menu - English' is clicked on

2019-05-18 16:00:59 - [TEST_STEP][PASSED] - delay(2, CONTINUE_ON_FAILURE): Delayed 2 second(s)

2019-05-18 16:01:01 - [MESSAGE][PASSED] - Delayed 2 second(s)

2019-05-18 16:01:01 - [TEST_STEP][PASSED] - click(findTestObject("OCS-MOBILE /LEARN page/Learn chevron")): Object: 'Object Repository/OCS-MOBILE /LEARN page/Learn chevron' is clicked on

2019-05-18 16:01:01 - [MESSAGE][PASSED] - Object: 'Object Repository/OCS-MOBILE /LEARN page/Learn chevron' is clicked on

2019-05-18 16:01:01 - [TEST_STEP][PASSED] - delay(2): Delayed 2 second(s)

2019-05-18 16:01:03 - [MESSAGE][PASSED] - Delayed 2 second(s)

2019-05-18 16:01:03 - [TEST_STEP][NOT_RUN] - click(findTestObject("OCS-MOBILE /LEARN page/Cannabis Consumption plus accordian")): NOT_RUN: click(findTestObject("OCS-MOBILE /LEARN page/Cannabis Consumption plus accordian"))

2019-05-18 16:01:03 - [MESSAGE][NOT_RUN] - NOT_RUN: click(findTestObject("OCS-MOBILE /LEARN page/Cannabis Consumption plus accordian"))

2019-05-18 16:01:03 - [TEST_STEP][NOT_RUN] - click(findTestObject("Object Repository/Learn_OR/Page_Methods of Consumption  Ontari/li_LearnLearnHow Cannabis Work")): NOT_RUN: click(findTestObject("Object Repository/Learn_OR/Page_Methods of Consumption  Ontari/li_LearnLearnHow Cannabis Work"))

2019-05-18 16:01:03 - [MESSAGE][NOT_RUN] - NOT_RUN: click(findTestObject("Object Repository/Learn_OR/Page_Methods of Consumption  Ontari/li_LearnLearnHow Cannabis Work"))

2019-05-18 16:01:03 - [TEST_STEP][NOT_RUN] - verifyTextPresent("The Endocannabinoid System", true): NOT_RUN: verifyTextPresent("The Endocannabinoid System", true)

2019-05-18 16:01:03 - [MESSAGE][NOT_RUN] - NOT_RUN: verifyTextPresent("The Endocannabinoid System", true)

2019-05-18 16:01:03 - [TEST_STEP][PASSED] - click(findTestObject("OCS-MOBILE /LEARN page/How to Choose Cannabis Products plus accordian")): Object: 'Object Repository/OCS-MOBILE /LEARN page/How to Choose Cannabis Products plus accordian' is clicked on

2019-05-18 16:01:03 - [MESSAGE][PASSED] - Object: 'Object Repository/OCS-MOBILE /LEARN page/How to Choose Cannabis Products plus accordian' is clicked on

2019-05-18 16:01:03 - [TEST_STEP][PASSED] - click(findTestObject("OCS-MOBILE /LEARN page/How to Choose Cannabis Products subtract accordian")): Object: 'Object Repository/OCS-MOBILE /LEARN page/How to Choose Cannabis Products subtract accordian' is clicked on

2019-05-18 16:01:03 - [MESSAGE][PASSED] - Object: 'Object Repository/OCS-MOBILE /LEARN page/How to Choose Cannabis Products subtract accordian' is clicked on

2019-05-18 16:01:03 - [TEST_STEP][PASSED] - click(findTestObject("OCS-MOBILE /LEARN page/How to Choose Cannabis Products plus accordian")): Object: 'Object Repository/OCS-MOBILE /LEARN page/How to Choose Cannabis Products plus accordian' is clicked on

2019-05-18 16:01:03 - [MESSAGE][PASSED] - Object: 'Object Repository/OCS-MOBILE /LEARN page/How to Choose Cannabis Products plus accordian' is clicked on

2019-05-18 16:01:03 - [TEST_STEP][PASSED] - delay(1): Delayed 1 second(s)

2019-05-18 16:01:04 - [MESSAGE][PASSED] - Delayed 1 second(s)

2019-05-18 16:01:04 - [TEST_STEP][PASSED] - click(findTestObject("OCS-MOBILE /LEARN page/Reading a product label - chevron")): Object: 'Object Repository/OCS-MOBILE /LEARN page/Reading a product label - chevron' is clicked on

2019-05-18 16:01:07 - [MESSAGE][PASSED] - Object: 'Object Repository/OCS-MOBILE /LEARN page/Reading a product label - chevron' is clicked on

2019-05-18 16:01:07 - [TEST_STEP][PASSED] - delay(2): Delayed 2 second(s)

2019-05-18 16:01:09 - [MESSAGE][PASSED] - Delayed 2 second(s)

2019-05-18 16:01:09 - [TEST_STEP][PASSED] - click(findTestObject("OCS-MOBILE /Age gate and burger menu/Burger menu - English"), CONTINUE_ON_FAILURE): Object: 'Object Repository/OCS-MOBILE /Age gate and burger menu/Burger menu - English' is clicked on

2019-05-18 16:01:09 - [MESSAGE][PASSED] - Object: 'Object Repository/OCS-MOBILE /Age gate and burger menu/Burger menu - English' is clicked on

2019-05-18 16:01:09 - [TEST_STEP][PASSED] - delay(2, CONTINUE_ON_FAILURE): Delayed 2 second(s)

2019-05-18 16:01:11 - [MESSAGE][PASSED] - Delayed 2 second(s)

2019-05-18 16:01:11 - [TEST_STEP][PASSED] - click(findTestObject("OCS-MOBILE /LEARN page/Learn chevron")): Object: 'Object Repository/OCS-MOBILE /LEARN page/Learn chevron' is clicked on

2019-05-18 16:01:11 - [MESSAGE][PASSED] - Object: 'Object Repository/OCS-MOBILE /LEARN page/Learn chevron' is clicked on

2019-05-18 16:01:11 - [TEST_STEP][PASSED] - delay(2): Delayed 2 second(s)

2019-05-18 16:01:13 - [MESSAGE][PASSED] - Delayed 2 second(s)

2019-05-18 16:01:13 - [TEST_STEP][PASSED] - click(findTestObject("OCS-MOBILE /LEARN page/How to Choose Cannabis Products plus accordian")): Object: 'Object Repository/OCS-MOBILE /LEARN page/How to Choose Cannabis Products plus accordian' is clicked on

2019-05-18 16:01:13 - [MESSAGE][PASSED] - Object: 'Object Repository/OCS-MOBILE /LEARN page/How to Choose Cannabis Products plus accordian' is clicked on

2019-05-18 16:01:13 - [TEST_STEP][PASSED] - delay(1): Delayed 1 second(s)

2019-05-18 16:01:14 - [MESSAGE][PASSED] - Delayed 1 second(s)

2019-05-18 16:01:14 - [TEST_STEP][PASSED] - click(findTestObject("OCS-MOBILE /LEARN page/cannabinoid content - chveron")): Object: 'Object Repository/OCS-MOBILE /LEARN page/cannabinoid content - chveron' is clicked on

2019-05-18 16:01:17 - [MESSAGE][PASSED] - Object: 'Object Repository/OCS-MOBILE /LEARN page/cannabinoid content - chveron' is clicked on

2019-05-18 16:01:17 - [TEST_STEP][PASSED] - verifyTextPresent("Understanding Cannabinoid Content on Product Labels", true): Text 'Understanding Cannabinoid Content on Product Labels' is present on page  using regular expression

2019-05-18 16:01:17 - [MESSAGE][PASSED] - Text 'Understanding Cannabinoid Content on Product Labels' is present on page  using regular expression

2019-05-18 16:01:17 - [TEST_STEP][PASSED] - delay(2): Delayed 2 second(s)

2019-05-18 16:01:19 - [MESSAGE][PASSED] - Delayed 2 second(s)

2019-05-18 16:01:19 - [TEST_STEP][PASSED] - click(findTestObject("OCS-MOBILE /Age gate and burger menu/Burger menu - English"), CONTINUE_ON_FAILURE): Object: 'Object Repository/OCS-MOBILE /Age gate and burger menu/Burger menu - English' is clicked on

2019-05-18 16:01:19 - [MESSAGE][PASSED] - Object: 'Object Repository/OCS-MOBILE /Age gate and burger menu/Burger menu - English' is clicked on

2019-05-18 16:01:19 - [TEST_STEP][PASSED] - delay(2, CONTINUE_ON_FAILURE): Delayed 2 second(s)

2019-05-18 16:01:21 - [MESSAGE][PASSED] - Delayed 2 second(s)

2019-05-18 16:01:21 - [TEST_STEP][PASSED] - click(findTestObject("OCS-MOBILE /LEARN page/Learn chevron")): Object: 'Object Repository/OCS-MOBILE /LEARN page/Learn chevron' is clicked on

2019-05-18 16:01:21 - [MESSAGE][PASSED] - Object: 'Object Repository/OCS-MOBILE /LEARN page/Learn chevron' is clicked on

2019-05-18 16:01:21 - [TEST_STEP][PASSED] - delay(2): Delayed 2 second(s)

2019-05-18 16:01:23 - [MESSAGE][PASSED] - Delayed 2 second(s)

2019-05-18 16:01:23 - [TEST_STEP][PASSED] - click(findTestObject("OCS-MOBILE /LEARN page/How to Choose Cannabis Products plus accordian")): Object: 'Object Repository/OCS-MOBILE /LEARN page/How to Choose Cannabis Products plus accordian' is clicked on

2019-05-18 16:01:23 - [MESSAGE][PASSED] - Object: 'Object Repository/OCS-MOBILE /LEARN page/How to Choose Cannabis Products plus accordian' is clicked on

2019-05-18 16:01:23 - [TEST_STEP][PASSED] - delay(1): Delayed 1 second(s)

2019-05-18 16:01:24 - [MESSAGE][PASSED] - Delayed 1 second(s)

2019-05-18 16:01:24 - [TEST_STEP][PASSED] - click(findTestObject("OCS-MOBILE /LEARN page/Factors in Choosing Canna - chevron")): Object: 'Object Repository/OCS-MOBILE /LEARN page/Factors in Choosing Canna - chevron' is clicked on

2019-05-18 16:01:27 - [MESSAGE][PASSED] - Object: 'Object Repository/OCS-MOBILE /LEARN page/Factors in Choosing Canna - chevron' is clicked on

2019-05-18 16:01:27 - [TEST_STEP][PASSED] - verifyTextPresent("Six things to know before deciding to consume cannabis.", true): Text 'Six things to know before deciding to consume cannabis.' is present on page  using regular expression

2019-05-18 16:01:27 - [MESSAGE][PASSED] - Text 'Six things to know before deciding to consume cannabis.' is present on page  using regular expression

2019-05-18 16:01:27 - [TEST_STEP][PASSED] - delay(2): Delayed 2 second(s)

2019-05-18 16:01:29 - [MESSAGE][PASSED] - Delayed 2 second(s)

2019-05-18 16:01:29 - [TEST_STEP][PASSED] - click(findTestObject("OCS-MOBILE /Age gate and burger menu/Burger menu - English"), CONTINUE_ON_FAILURE): Object: 'Object Repository/OCS-MOBILE /Age gate and burger menu/Burger menu - English' is clicked on

2019-05-18 16:01:29 - [MESSAGE][PASSED] - Object: 'Object Repository/OCS-MOBILE /Age gate and burger menu/Burger menu - English' is clicked on

2019-05-18 16:01:29 - [TEST_STEP][PASSED] - delay(2, CONTINUE_ON_FAILURE): Delayed 2 second(s)

2019-05-18 16:01:31 - [MESSAGE][PASSED] - Delayed 2 second(s)

2019-05-18 16:01:31 - [TEST_STEP][PASSED] - click(findTestObject("OCS-MOBILE /LEARN page/Learn chevron")): Object: 'Object Repository/OCS-MOBILE /LEARN page/Learn chevron' is clicked on

2019-05-18 16:01:31 - [MESSAGE][PASSED] - Object: 'Object Repository/OCS-MOBILE /LEARN page/Learn chevron' is clicked on

2019-05-18 16:01:31 - [TEST_STEP][PASSED] - delay(2): Delayed 2 second(s)

2019-05-18 16:01:33 - [MESSAGE][PASSED] - Delayed 2 second(s)

2019-05-18 16:01:33 - [TEST_STEP][PASSED] - click(findTestObject("OCS-MOBILE /LEARN page/How to Choose Cannabis Products plus accordian")): Object: 'Object Repository/OCS-MOBILE /LEARN page/How to Choose Cannabis Products plus accordian' is clicked on

2019-05-18 16:01:33 - [MESSAGE][PASSED] - Object: 'Object Repository/OCS-MOBILE /LEARN page/How to Choose Cannabis Products plus accordian' is clicked on

2019-05-18 16:01:33 - [TEST_STEP][PASSED] - delay(1): Delayed 1 second(s)

2019-05-18 16:01:34 - [MESSAGE][PASSED] - Delayed 1 second(s)

2019-05-18 16:01:34 - [TEST_STEP][PASSED] - click(findTestObject("OCS-MOBILE /LEARN page/Read More -5")): Object: 'Object Repository/OCS-MOBILE /LEARN page/Read More -5' is clicked on

2019-05-18 16:01:37 - [MESSAGE][PASSED] - Object: 'Object Repository/OCS-MOBILE /LEARN page/Read More -5' is clicked on

2019-05-18 16:01:37 - [TEST_STEP][PASSED] - delay(2): Delayed 2 second(s)

2019-05-18 16:01:39 - [MESSAGE][PASSED] - Delayed 2 second(s)

2019-05-18 16:01:39 - [TEST_STEP][PASSED] - click(findTestObject("OCS-MOBILE /Age gate and burger menu/Burger menu - English"), CONTINUE_ON_FAILURE): Object: 'Object Repository/OCS-MOBILE /Age gate and burger menu/Burger menu - English' is clicked on

2019-05-18 16:01:39 - [MESSAGE][PASSED] - Object: 'Object Repository/OCS-MOBILE /Age gate and burger menu/Burger menu - English' is clicked on

2019-05-18 16:01:39 - [TEST_STEP][PASSED] - delay(2, CONTINUE_ON_FAILURE): Delayed 2 second(s)

2019-05-18 16:01:41 - [MESSAGE][PASSED] - Delayed 2 second(s)

2019-05-18 16:01:41 - [TEST_STEP][PASSED] - click(findTestObject("OCS-MOBILE /LEARN page/Learn chevron")): Object: 'Object Repository/OCS-MOBILE /LEARN page/Learn chevron' is clicked on

2019-05-18 16:01:41 - [MESSAGE][PASSED] - Object: 'Object Repository/OCS-MOBILE /LEARN page/Learn chevron' is clicked on

2019-05-18 16:01:41 - [TEST_STEP][PASSED] - delay(2): Delayed 2 second(s)

2019-05-18 16:01:43 - [MESSAGE][PASSED] - Delayed 2 second(s)

2019-05-18 16:01:43 - [TEST_STEP][PASSED] - click(findTestObject("OCS-MOBILE /LEARN page/Buying Cannabis at OCS plus accordian")): Object: 'Object Repository/OCS-MOBILE /LEARN page/Buying Cannabis at OCS plus accordian' is clicked on

2019-05-18 16:01:43 - [MESSAGE][PASSED] - Object: 'Object Repository/OCS-MOBILE /LEARN page/Buying Cannabis at OCS plus accordian' is clicked on

2019-05-18 16:01:43 - [TEST_STEP][PASSED] - click(findTestObject("OCS-MOBILE /LEARN page/Buying Cannabis at OCS subtract accordian")): Object: 'Object Repository/OCS-MOBILE /LEARN page/Buying Cannabis at OCS subtract accordian' is clicked on

2019-05-18 16:01:43 - [MESSAGE][PASSED] - Object: 'Object Repository/OCS-MOBILE /LEARN page/Buying Cannabis at OCS subtract accordian' is clicked on

2019-05-18 16:01:43 - [TEST_STEP][PASSED] - click(findTestObject("OCS-MOBILE /LEARN page/Buying Cannabis at OCS plus accordian")): Object: 'Object Repository/OCS-MOBILE /LEARN page/Buying Cannabis at OCS plus accordian' is clicked on

2019-05-18 16:01:43 - [MESSAGE][PASSED] - Object: 'Object Repository/OCS-MOBILE /LEARN page/Buying Cannabis at OCS plus accordian' is clicked on

2019-05-18 16:01:43 - [TEST_STEP][PASSED] - delay(1): Delayed 1 second(s)

2019-05-18 16:01:44 - [MESSAGE][PASSED] - Delayed 1 second(s)

2019-05-18 16:01:44 - [TEST_STEP][PASSED] - click(findTestObject("OCS-MOBILE /LEARN page/Why Legal Cannabis Costs more - chevron")): Object: 'Object Repository/OCS-MOBILE /LEARN page/Why Legal Cannabis Costs more - chevron' is clicked on

2019-05-18 16:01:47 - [MESSAGE][PASSED] - Object: 'Object Repository/OCS-MOBILE /LEARN page/Why Legal Cannabis Costs more - chevron' is clicked on

2019-05-18 16:01:47 - [TEST_STEP][PASSED] - verifyTextPresent("Four Reasons Why Legal Cannabis Costs More", true): Text 'Four Reasons Why Legal Cannabis Costs More' is present on page  using regular expression

2019-05-18 16:01:47 - [MESSAGE][PASSED] - Text 'Four Reasons Why Legal Cannabis Costs More' is present on page  using regular expression

2019-05-18 16:01:47 - [TEST_STEP][PASSED] - delay(2): Delayed 2 second(s)

2019-05-18 16:01:49 - [MESSAGE][PASSED] - Delayed 2 second(s)

2019-05-18 16:01:49 - [TEST_STEP][PASSED] - click(findTestObject("OCS-MOBILE /Age gate and burger menu/Burger menu - English"), CONTINUE_ON_FAILURE): Object: 'Object Repository/OCS-MOBILE /Age gate and burger menu/Burger menu - English' is clicked on

2019-05-18 16:01:49 - [MESSAGE][PASSED] - Object: 'Object Repository/OCS-MOBILE /Age gate and burger menu/Burger menu - English' is clicked on

2019-05-18 16:01:49 - [TEST_STEP][PASSED] - delay(2, CONTINUE_ON_FAILURE): Delayed 2 second(s)

2019-05-18 16:01:51 - [MESSAGE][PASSED] - Delayed 2 second(s)

2019-05-18 16:01:51 - [TEST_STEP][PASSED] - click(findTestObject("OCS-MOBILE /LEARN page/Learn chevron")): Object: 'Object Repository/OCS-MOBILE /LEARN page/Learn chevron' is clicked on

2019-05-18 16:01:51 - [MESSAGE][PASSED] - Object: 'Object Repository/OCS-MOBILE /LEARN page/Learn chevron' is clicked on

2019-05-18 16:01:51 - [TEST_STEP][PASSED] - delay(2): Delayed 2 second(s)

2019-05-18 16:01:53 - [MESSAGE][PASSED] - Delayed 2 second(s)

2019-05-18 16:01:53 - [TEST_STEP][PASSED] - click(findTestObject("OCS-MOBILE /LEARN page/Buying Cannabis at OCS plus accordian")): Object: 'Object Repository/OCS-MOBILE /LEARN page/Buying Cannabis at OCS plus accordian' is clicked on

2019-05-18 16:01:53 - [MESSAGE][PASSED] - Object: 'Object Repository/OCS-MOBILE /LEARN page/Buying Cannabis at OCS plus accordian' is clicked on

2019-05-18 16:01:53 - [TEST_STEP][PASSED] - delay(1): Delayed 1 second(s)

2019-05-18 16:01:54 - [MESSAGE][PASSED] - Delayed 1 second(s)

2019-05-18 16:01:54 - [TEST_STEP][PASSED] - click(findTestObject("OCS-MOBILE /LEARN page/why trust us - chevron")): Object: 'Object Repository/OCS-MOBILE /LEARN page/why trust us - chevron' is clicked on

2019-05-18 16:01:57 - [MESSAGE][PASSED] - Object: 'Object Repository/OCS-MOBILE /LEARN page/why trust us - chevron' is clicked on

2019-05-18 16:01:57 - [TEST_STEP][PASSED] - verifyTextPresent("Legal products and reliable information.", true): Text 'Legal products and reliable information.' is present on page  using regular expression

2019-05-18 16:01:57 - [MESSAGE][PASSED] - Text 'Legal products and reliable information.' is present on page  using regular expression

2019-05-18 16:01:57 - [TEST_STEP][PASSED] - delay(2): Delayed 2 second(s)

2019-05-18 16:01:59 - [MESSAGE][PASSED] - Delayed 2 second(s)

2019-05-18 16:01:59 - [TEST_STEP][PASSED] - click(findTestObject("OCS-MOBILE /Age gate and burger menu/Burger menu - English"), CONTINUE_ON_FAILURE): Object: 'Object Repository/OCS-MOBILE /Age gate and burger menu/Burger menu - English' is clicked on

2019-05-18 16:01:59 - [MESSAGE][PASSED] - Object: 'Object Repository/OCS-MOBILE /Age gate and burger menu/Burger menu - English' is clicked on

2019-05-18 16:01:59 - [TEST_STEP][PASSED] - delay(2, CONTINUE_ON_FAILURE): Delayed 2 second(s)

2019-05-18 16:02:01 - [MESSAGE][PASSED] - Delayed 2 second(s)

2019-05-18 16:02:01 - [TEST_STEP][PASSED] - click(findTestObject("OCS-MOBILE /LEARN page/Learn chevron")): Object: 'Object Repository/OCS-MOBILE /LEARN page/Learn chevron' is clicked on

2019-05-18 16:02:01 - [MESSAGE][PASSED] - Object: 'Object Repository/OCS-MOBILE /LEARN page/Learn chevron' is clicked on

2019-05-18 16:02:01 - [TEST_STEP][PASSED] - delay(2): Delayed 2 second(s)

2019-05-18 16:02:03 - [MESSAGE][PASSED] - Delayed 2 second(s)

2019-05-18 16:02:03 - [TEST_STEP][PASSED] - click(findTestObject("OCS-MOBILE /LEARN page/Buying Cannabis at OCS plus accordian")): Object: 'Object Repository/OCS-MOBILE /LEARN page/Buying Cannabis at OCS plus accordian' is clicked on

2019-05-18 16:02:03 - [MESSAGE][PASSED] - Object: 'Object Repository/OCS-MOBILE /LEARN page/Buying Cannabis at OCS plus accordian' is clicked on

2019-05-18 16:02:03 - [TEST_STEP][PASSED] - delay(1): Delayed 1 second(s)

2019-05-18 16:02:04 - [MESSAGE][PASSED] - Delayed 1 second(s)

2019-05-18 16:02:04 - [TEST_STEP][PASSED] - click(findTestObject("OCS-MOBILE /LEARN page/about buying cannabis - chveron")): Object: 'Object Repository/OCS-MOBILE /LEARN page/about buying cannabis - chveron' is clicked on

2019-05-18 16:02:07 - [MESSAGE][PASSED] - Object: 'Object Repository/OCS-MOBILE /LEARN page/about buying cannabis - chveron' is clicked on

2019-05-18 16:02:07 - [TEST_STEP][PASSED] - verifyTextPresent("These facts are good to know before making a cannabis purchase.", true): Text 'These facts are good to know before making a cannabis purchase.' is present on page  using regular expression

2019-05-18 16:02:07 - [MESSAGE][PASSED] - Text 'These facts are good to know before making a cannabis purchase.' is present on page  using regular expression

2019-05-18 16:02:07 - [TEST_STEP][PASSED] - delay(2): Delayed 2 second(s)

2019-05-18 16:02:09 - [MESSAGE][PASSED] - Delayed 2 second(s)

2019-05-18 16:02:09 - [TEST_STEP][PASSED] - click(findTestObject("OCS-MOBILE /Age gate and burger menu/Burger menu - English"), CONTINUE_ON_FAILURE): Object: 'Object Repository/OCS-MOBILE /Age gate and burger menu/Burger menu - English' is clicked on

2019-05-18 16:02:10 - [MESSAGE][PASSED] - Object: 'Object Repository/OCS-MOBILE /Age gate and burger menu/Burger menu - English' is clicked on

2019-05-18 16:02:10 - [TEST_STEP][PASSED] - delay(2, CONTINUE_ON_FAILURE): Delayed 2 second(s)

2019-05-18 16:02:12 - [MESSAGE][PASSED] - Delayed 2 second(s)

2019-05-18 16:02:12 - [TEST_STEP][PASSED] - click(findTestObject("OCS-MOBILE /LEARN page/Learn chevron")): Object: 'Object Repository/OCS-MOBILE /LEARN page/Learn chevron' is clicked on

2019-05-18 16:02:12 - [MESSAGE][PASSED] - Object: 'Object Repository/OCS-MOBILE /LEARN page/Learn chevron' is clicked on

2019-05-18 16:02:12 - [TEST_STEP][PASSED] - delay(2): Delayed 2 second(s)

2019-05-18 16:02:14 - [MESSAGE][PASSED] - Delayed 2 second(s)

2019-05-18 16:02:14 - [TEST_STEP][PASSED] - click(findTestObject("OCS-MOBILE /LEARN page/Buying Cannabis at OCS plus accordian")): Object: 'Object Repository/OCS-MOBILE /LEARN page/Buying Cannabis at OCS plus accordian' is clicked on

2019-05-18 16:02:14 - [MESSAGE][PASSED] - Object: 'Object Repository/OCS-MOBILE /LEARN page/Buying Cannabis at OCS plus accordian' is clicked on

2019-05-18 16:02:14 - [TEST_STEP][PASSED] - delay(1): Delayed 1 second(s)

2019-05-18 16:02:15 - [MESSAGE][PASSED] - Delayed 1 second(s)

2019-05-18 16:02:15 - [TEST_STEP][PASSED] - click(findTestObject("OCS-MOBILE /LEARN page/Read More -6")): Object: 'Object Repository/OCS-MOBILE /LEARN page/Read More -6' is clicked on

2019-05-18 16:02:18 - [MESSAGE][PASSED] - Object: 'Object Repository/OCS-MOBILE /LEARN page/Read More -6' is clicked on

2019-05-18 16:02:18 - [TEST_STEP][PASSED] - verifyTextPresent("How and why to shop with us.", true): Text 'How and why to shop with us.' is present on page  using regular expression

2019-05-18 16:02:18 - [MESSAGE][PASSED] - Text 'How and why to shop with us.' is present on page  using regular expression

2019-05-18 16:02:18 - [TEST_STEP][PASSED] - delay(2): Delayed 2 second(s)

2019-05-18 16:02:20 - [MESSAGE][PASSED] - Delayed 2 second(s)

2019-05-18 16:02:20 - [TEST_STEP][PASSED] - click(findTestObject("OCS-MOBILE /Age gate and burger menu/Burger menu - English"), CONTINUE_ON_FAILURE): Object: 'Object Repository/OCS-MOBILE /Age gate and burger menu/Burger menu - English' is clicked on

2019-05-18 16:02:20 - [MESSAGE][PASSED] - Object: 'Object Repository/OCS-MOBILE /Age gate and burger menu/Burger menu - English' is clicked on

2019-05-18 16:02:20 - [TEST_STEP][PASSED] - delay(2, CONTINUE_ON_FAILURE): Delayed 2 second(s)

2019-05-18 16:02:22 - [MESSAGE][PASSED] - Delayed 2 second(s)

2019-05-18 16:02:22 - [TEST_STEP][PASSED] - click(findTestObject("OCS-MOBILE /LEARN page/Learn chevron")): Object: 'Object Repository/OCS-MOBILE /LEARN page/Learn chevron' is clicked on

2019-05-18 16:02:22 - [MESSAGE][PASSED] - Object: 'Object Repository/OCS-MOBILE /LEARN page/Learn chevron' is clicked on

2019-05-18 16:02:22 - [TEST_STEP][PASSED] - delay(2): Delayed 2 second(s)

2019-05-18 16:02:24 - [MESSAGE][PASSED] - Delayed 2 second(s)

2019-05-18 16:02:24 - [TEST_STEP][PASSED] - click(findTestObject("OCS-MOBILE /LEARN page/Whats Legal plus accordian")): Object: 'Object Repository/OCS-MOBILE /LEARN page/Whats Legal plus accordian' is clicked on

2019-05-18 16:02:24 - [MESSAGE][PASSED] - Object: 'Object Repository/OCS-MOBILE /LEARN page/Whats Legal plus accordian' is clicked on

2019-05-18 16:02:24 - [TEST_STEP][PASSED] - click(findTestObject("OCS-MOBILE /LEARN page/Whats Legal subtract accordian")): Object: 'Object Repository/OCS-MOBILE /LEARN page/Whats Legal subtract accordian' is clicked on

2019-05-18 16:02:24 - [MESSAGE][PASSED] - Object: 'Object Repository/OCS-MOBILE /LEARN page/Whats Legal subtract accordian' is clicked on

2019-05-18 16:02:24 - [TEST_STEP][PASSED] - click(findTestObject("OCS-MOBILE /LEARN page/Whats Legal plus accordian")): Object: 'Object Repository/OCS-MOBILE /LEARN page/Whats Legal plus accordian' is clicked on

2019-05-18 16:02:24 - [MESSAGE][PASSED] - Object: 'Object Repository/OCS-MOBILE /LEARN page/Whats Legal plus accordian' is clicked on

2019-05-18 16:02:24 - [TEST_STEP][PASSED] - delay(1): Delayed 1 second(s)

2019-05-18 16:02:25 - [MESSAGE][PASSED] - Delayed 1 second(s)

2019-05-18 16:02:25 - [TEST_STEP][PASSED] - click(findTestObject("OCS-MOBILE /LEARN page/History -part 1 - chveron")): Object: 'Object Repository/OCS-MOBILE /LEARN page/History -part 1 - chveron' is clicked on

2019-05-18 16:02:28 - [MESSAGE][PASSED] - Object: 'Object Repository/OCS-MOBILE /LEARN page/History -part 1 - chveron' is clicked on

2019-05-18 16:02:28 - [TEST_STEP][PASSED] - verifyTextPresent("A Brief History of Cannabis - Part 1", true): Text 'A Brief History of Cannabis - Part 1' is present on page  using regular expression

2019-05-18 16:02:28 - [MESSAGE][PASSED] - Text 'A Brief History of Cannabis - Part 1' is present on page  using regular expression

2019-05-18 16:02:28 - [TEST_STEP][PASSED] - delay(2): Delayed 2 second(s)

2019-05-18 16:02:30 - [MESSAGE][PASSED] - Delayed 2 second(s)

2019-05-18 16:02:30 - [TEST_STEP][PASSED] - click(findTestObject("OCS-MOBILE /Age gate and burger menu/Burger menu - English"), CONTINUE_ON_FAILURE): Object: 'Object Repository/OCS-MOBILE /Age gate and burger menu/Burger menu - English' is clicked on

2019-05-18 16:02:30 - [MESSAGE][PASSED] - Object: 'Object Repository/OCS-MOBILE /Age gate and burger menu/Burger menu - English' is clicked on

2019-05-18 16:02:30 - [TEST_STEP][PASSED] - delay(2, CONTINUE_ON_FAILURE): Delayed 2 second(s)

2019-05-18 16:02:32 - [MESSAGE][PASSED] - Delayed 2 second(s)

2019-05-18 16:02:32 - [TEST_STEP][PASSED] - click(findTestObject("OCS-MOBILE /LEARN page/Learn chevron")): Object: 'Object Repository/OCS-MOBILE /LEARN page/Learn chevron' is clicked on

2019-05-18 16:02:33 - [MESSAGE][PASSED] - Object: 'Object Repository/OCS-MOBILE /LEARN page/Learn chevron' is clicked on

2019-05-18 16:02:33 - [TEST_STEP][PASSED] - delay(2): Delayed 2 second(s)

2019-05-18 16:02:35 - [MESSAGE][PASSED] - Delayed 2 second(s)

2019-05-18 16:02:35 - [TEST_STEP][PASSED] - click(findTestObject("OCS-MOBILE /LEARN page/Whats Legal plus accordian")): Object: 'Object Repository/OCS-MOBILE /LEARN page/Whats Legal plus accordian' is clicked on

2019-05-18 16:02:35 - [MESSAGE][PASSED] - Object: 'Object Repository/OCS-MOBILE /LEARN page/Whats Legal plus accordian' is clicked on

2019-05-18 16:02:35 - [TEST_STEP][PASSED] - delay(1): Delayed 1 second(s)

2019-05-18 16:02:36 - [MESSAGE][PASSED] - Delayed 1 second(s)

2019-05-18 16:02:36 - [TEST_STEP][PASSED] - click(findTestObject("OCS-MOBILE /LEARN page/History -part 2 - chveron")): Object: 'Object Repository/OCS-MOBILE /LEARN page/History -part 2 - chveron' is clicked on

2019-05-18 16:02:38 - [MESSAGE][PASSED] - Object: 'Object Repository/OCS-MOBILE /LEARN page/History -part 2 - chveron' is clicked on

2019-05-18 16:02:38 - [TEST_STEP][PASSED] - verifyTextPresent("A Brief History of Cannabis - Part 2", true): Text 'A Brief History of Cannabis - Part 2' is present on page  using regular expression

2019-05-18 16:02:38 - [MESSAGE][PASSED] - Text 'A Brief History of Cannabis - Part 2' is present on page  using regular expression

2019-05-18 16:02:38 - [TEST_STEP][PASSED] - delay(2): Delayed 2 second(s)

2019-05-18 16:02:40 - [MESSAGE][PASSED] - Delayed 2 second(s)

2019-05-18 16:02:40 - [TEST_STEP][PASSED] - click(findTestObject("OCS-MOBILE /Age gate and burger menu/Burger menu - English"), CONTINUE_ON_FAILURE): Object: 'Object Repository/OCS-MOBILE /Age gate and burger menu/Burger menu - English' is clicked on

2019-05-18 16:02:40 - [MESSAGE][PASSED] - Object: 'Object Repository/OCS-MOBILE /Age gate and burger menu/Burger menu - English' is clicked on

2019-05-18 16:02:40 - [TEST_STEP][PASSED] - delay(2, CONTINUE_ON_FAILURE): Delayed 2 second(s)

2019-05-18 16:02:42 - [MESSAGE][PASSED] - Delayed 2 second(s)

2019-05-18 16:02:42 - [TEST_STEP][PASSED] - click(findTestObject("OCS-MOBILE /LEARN page/Learn chevron")): Object: 'Object Repository/OCS-MOBILE /LEARN page/Learn chevron' is clicked on

2019-05-18 16:02:42 - [MESSAGE][PASSED] - Object: 'Object Repository/OCS-MOBILE /LEARN page/Learn chevron' is clicked on

2019-05-18 16:02:42 - [TEST_STEP][PASSED] - delay(1): Delayed 1 second(s)

2019-05-18 16:02:43 - [MESSAGE][PASSED] - Delayed 1 second(s)

2019-05-18 16:02:43 - [TEST_STEP][PASSED] - click(findTestObject("OCS-MOBILE /LEARN page/Whats Legal plus accordian")): Object: 'Object Repository/OCS-MOBILE /LEARN page/Whats Legal plus accordian' is clicked on

2019-05-18 16:02:43 - [MESSAGE][PASSED] - Object: 'Object Repository/OCS-MOBILE /LEARN page/Whats Legal plus accordian' is clicked on

2019-05-18 16:02:43 - [TEST_STEP][PASSED] - delay(1): Delayed 1 second(s)

2019-05-18 16:02:44 - [MESSAGE][PASSED] - Delayed 1 second(s)

2019-05-18 16:02:44 - [TEST_STEP][PASSED] - click(findTestObject("OCS-MOBILE /LEARN page/Legal Use of Cannabis in ontario - chevron")): Object: 'Object Repository/OCS-MOBILE /LEARN page/Legal Use of Cannabis in ontario - chevron' is clicked on

2019-05-18 16:02:48 - [MESSAGE][PASSED] - Object: 'Object Repository/OCS-MOBILE /LEARN page/Legal Use of Cannabis in ontario - chevron' is clicked on

2019-05-18 16:02:48 - [TEST_STEP][PASSED] - verifyTextPresent("What you need to know before your start shopping.", true): Text 'What you need to know before your start shopping.' is present on page  using regular expression

2019-05-18 16:02:48 - [MESSAGE][PASSED] - Text 'What you need to know before your start shopping.' is present on page  using regular expression

2019-05-18 16:02:48 - [TEST_STEP][PASSED] - delay(2): Delayed 2 second(s)

2019-05-18 16:02:50 - [MESSAGE][PASSED] - Delayed 2 second(s)

2019-05-18 16:02:50 - [TEST_STEP][PASSED] - click(findTestObject("OCS-MOBILE /Age gate and burger menu/Burger menu - English"), CONTINUE_ON_FAILURE): Object: 'Object Repository/OCS-MOBILE /Age gate and burger menu/Burger menu - English' is clicked on

2019-05-18 16:02:50 - [MESSAGE][PASSED] - Object: 'Object Repository/OCS-MOBILE /Age gate and burger menu/Burger menu - English' is clicked on

2019-05-18 16:02:50 - [TEST_STEP][PASSED] - delay(2, CONTINUE_ON_FAILURE): Delayed 2 second(s)

2019-05-18 16:02:52 - [MESSAGE][PASSED] - Delayed 2 second(s)

2019-05-18 16:02:52 - [TEST_STEP][PASSED] - click(findTestObject("OCS-MOBILE /LEARN page/Learn chevron")): Object: 'Object Repository/OCS-MOBILE /LEARN page/Learn chevron' is clicked on

2019-05-18 16:02:52 - [MESSAGE][PASSED] - Object: 'Object Repository/OCS-MOBILE /LEARN page/Learn chevron' is clicked on

2019-05-18 16:02:52 - [TEST_STEP][PASSED] - delay(1): Delayed 1 second(s)

2019-05-18 16:02:53 - [MESSAGE][PASSED] - Delayed 1 second(s)

2019-05-18 16:02:53 - [TEST_STEP][PASSED] - click(findTestObject("OCS-MOBILE /LEARN page/Whats Legal plus accordian")): Object: 'Object Repository/OCS-MOBILE /LEARN page/Whats Legal plus accordian' is clicked on

2019-05-18 16:02:53 - [MESSAGE][PASSED] - Object: 'Object Repository/OCS-MOBILE /LEARN page/Whats Legal plus accordian' is clicked on

2019-05-18 16:02:53 - [TEST_STEP][PASSED] - delay(2): Delayed 2 second(s)

2019-05-18 16:02:55 - [MESSAGE][PASSED] - Delayed 2 second(s)

2019-05-18 16:02:55 - [TEST_STEP][PASSED] - click(findTestObject("OCS-MOBILE /LEARN page/Read More -4")): Object: 'Object Repository/OCS-MOBILE /LEARN page/Read More -4' is clicked on

2019-05-18 16:03:03 - [MESSAGE][PASSED] - Object: 'Object Repository/OCS-MOBILE /LEARN page/Read More -4' is clicked on

2019-05-18 16:03:03 - [TEST_STEP][PASSED] - verifyTextPresent("Learn about cannabis laws.", true): Text 'Learn about cannabis laws.' is present on page  using regular expression

2019-05-18 16:03:03 - [MESSAGE][PASSED] - Text 'Learn about cannabis laws.' is present on page  using regular expression

2019-05-18 16:03:03 - [TEST_STEP][PASSED] - delay(2): Delayed 2 second(s)

2019-05-18 16:03:05 - [MESSAGE][PASSED] - Delayed 2 second(s)

2019-05-18 16:03:05 - [TEST_STEP][PASSED] - click(findTestObject("OCS-MOBILE /Age gate and burger menu/Burger menu - English"), CONTINUE_ON_FAILURE): Object: 'Object Repository/OCS-MOBILE /Age gate and burger menu/Burger menu - English' is clicked on

2019-05-18 16:03:05 - [MESSAGE][PASSED] - Object: 'Object Repository/OCS-MOBILE /Age gate and burger menu/Burger menu - English' is clicked on

2019-05-18 16:03:05 - [TEST_STEP][PASSED] - delay(2, CONTINUE_ON_FAILURE): Delayed 2 second(s)

2019-05-18 16:03:07 - [MESSAGE][PASSED] - Delayed 2 second(s)

2019-05-18 16:03:07 - [TEST_STEP][PASSED] - click(findTestObject("OCS-MOBILE /LEARN page/Learn chevron")): Object: 'Object Repository/OCS-MOBILE /LEARN page/Learn chevron' is clicked on

2019-05-18 16:03:07 - [MESSAGE][PASSED] - Object: 'Object Repository/OCS-MOBILE /LEARN page/Learn chevron' is clicked on

2019-05-18 16:03:07 - [TEST_STEP][PASSED] - delay(1): Delayed 1 second(s)

2019-05-18 16:03:08 - [MESSAGE][PASSED] - Delayed 1 second(s)

2019-05-18 16:03:08 - [TEST_STEP][PASSED] - click(findTestObject("OCS-MOBILE /LEARN page/see the learn section button")): Object: 'Object Repository/OCS-MOBILE /LEARN page/see the learn section button' is clicked on

2019-05-18 16:03:11 - [MESSAGE][PASSED] - Object: 'Object Repository/OCS-MOBILE /LEARN page/see the learn section button' is clicked on

2019-05-18 16:03:11 - [TEST_STEP][PASSED] - verifyTextPresent("Learn about cannabis laws.", true): Text 'Learn about cannabis laws.' is present on page  using regular expression

2019-05-18 16:03:11 - [MESSAGE][PASSED] - Text 'Learn about cannabis laws.' is present on page  using regular expression

2019-05-18 16:03:11 - [TEST_STEP][PASSED] - delay(2): Delayed 2 second(s)

2019-05-18 16:03:13 - [MESSAGE][PASSED] - Delayed 2 second(s)

2019-05-18 16:03:13 - [TEST_STEP][PASSED] - click(findTestObject("OCS-MOBILE /Age gate and burger menu/Burger menu - English"), CONTINUE_ON_FAILURE): Object: 'Object Repository/OCS-MOBILE /Age gate and burger menu/Burger menu - English' is clicked on

2019-05-18 16:03:13 - [MESSAGE][PASSED] - Object: 'Object Repository/OCS-MOBILE /Age gate and burger menu/Burger menu - English' is clicked on

2019-05-18 16:03:13 - [TEST_STEP][PASSED] - delay(2, CONTINUE_ON_FAILURE): Delayed 2 second(s)

2019-05-18 16:03:15 - [MESSAGE][PASSED] - Delayed 2 second(s)

2019-05-18 16:03:15 - [TEST_STEP][PASSED] - click(findTestObject("OCS-MOBILE /LEARN page/Learn chevron")): Object: 'Object Repository/OCS-MOBILE /LEARN page/Learn chevron' is clicked on

2019-05-18 16:03:15 - [MESSAGE][PASSED] - Object: 'Object Repository/OCS-MOBILE /LEARN page/Learn chevron' is clicked on

2019-05-18 16:03:15 - [TEST_STEP][PASSED] - delay(1): Delayed 1 second(s)

2019-05-18 16:03:16 - [MESSAGE][PASSED] - Delayed 1 second(s)

2019-05-18 16:03:16 - [TEST_STEP][PASSED] - click(findTestObject("OCS-MOBILE /LEARN page/a brief history of cannabis")): Object: 'Object Repository/OCS-MOBILE /LEARN page/a brief history of cannabis' is clicked on

2019-05-18 16:03:18 - [MESSAGE][PASSED] - Object: 'Object Repository/OCS-MOBILE /LEARN page/a brief history of cannabis' is clicked on

2019-05-18 16:03:18 - [TEST_STEP][PASSED] - verifyTextPresent("A Brief History of Cannabis - Part 1", true): Text 'A Brief History of Cannabis - Part 1' is present on page  using regular expression

2019-05-18 16:03:18 - [MESSAGE][PASSED] - Text 'A Brief History of Cannabis - Part 1' is present on page  using regular expression

2019-05-18 16:03:18 - [TEST_STEP][PASSED] - delay(2): Delayed 2 second(s)

2019-05-18 16:03:20 - [MESSAGE][PASSED] - Delayed 2 second(s)

2019-05-18 16:03:20 - [TEST_STEP][PASSED] - click(findTestObject("OCS-MOBILE /Age gate and burger menu/Burger menu - English"), CONTINUE_ON_FAILURE): Object: 'Object Repository/OCS-MOBILE /Age gate and burger menu/Burger menu - English' is clicked on

2019-05-18 16:03:20 - [MESSAGE][PASSED] - Object: 'Object Repository/OCS-MOBILE /Age gate and burger menu/Burger menu - English' is clicked on

2019-05-18 16:03:20 - [TEST_STEP][PASSED] - delay(2, CONTINUE_ON_FAILURE): Delayed 2 second(s)

2019-05-18 16:03:22 - [MESSAGE][PASSED] - Delayed 2 second(s)

2019-05-18 16:03:22 - [TEST_STEP][PASSED] - click(findTestObject("OCS-MOBILE /LEARN page/Learn chevron")): Object: 'Object Repository/OCS-MOBILE /LEARN page/Learn chevron' is clicked on

2019-05-18 16:03:22 - [MESSAGE][PASSED] - Object: 'Object Repository/OCS-MOBILE /LEARN page/Learn chevron' is clicked on

2019-05-18 16:03:22 - [TEST_STEP][PASSED] - delay(2): Delayed 2 second(s)

2019-05-18 16:03:24 - [MESSAGE][PASSED] - Delayed 2 second(s)

2019-05-18 16:03:24 - [TEST_STEP][PASSED] - setViewPortSize(1000, 800, OPTIONAL): Viewport is set to new size with width = 1000 and height = 800

2019-05-18 16:03:24 - [MESSAGE][PASSED] - Viewport is set to new size with width = 1000 and height = 800

2019-05-18 16:03:24 - [TEST_STEP][PASSED] - delay(2, OPTIONAL): Delayed 2 second(s)

2019-05-18 16:03:26 - [MESSAGE][PASSED] - Delayed 2 second(s)

2019-05-18 16:03:26 - [TEST_STEP][PASSED] - click(findTestObject("Theme_oR/Page_Ontario Cannabis Store  Ontari/button_Hide bar"), OPTIONAL): Object: 'Object Repository/Theme_oR/Page_Ontario Cannabis Store  Ontari/button_Hide bar' is clicked on

2019-05-18 16:03:27 - [MESSAGE][PASSED] - Object: 'Object Repository/Theme_oR/Page_Ontario Cannabis Store  Ontari/button_Hide bar' is clicked on

2019-05-18 16:03:27 - [TEST_STEP][PASSED] - delay(2, OPTIONAL): Delayed 2 second(s)

2019-05-18 16:03:29 - [MESSAGE][PASSED] - Delayed 2 second(s)

2019-05-18 16:03:29 - [TEST_STEP][PASSED] - setViewPortSize(360, 800, OPTIONAL): Viewport is set to new size with width = 360 and height = 800

2019-05-18 16:03:29 - [MESSAGE][PASSED] - Viewport is set to new size with width = 360 and height = 800

2019-05-18 16:03:29 - [TEST_STEP][PASSED] - delay(1, OPTIONAL): Delayed 1 second(s)

2019-05-18 16:03:30 - [MESSAGE][PASSED] - Delayed 1 second(s)

2019-05-18 16:03:30 - [TEST_STEP][PASSED] - click(findTestObject("OCS-MOBILE /LEARN page/see our FAQ")): Object: 'Object Repository/OCS-MOBILE /LEARN page/see our FAQ' is clicked on

2019-05-18 16:03:32 - [MESSAGE][PASSED] - Object: 'Object Repository/OCS-MOBILE /LEARN page/see our FAQ' is clicked on

2019-05-18 16:03:32 - [TEST_STEP][PASSED] - verifyTextPresent("Legal Use of Cannabis in Ontario", true, OPTIONAL): Text 'Legal Use of Cannabis in Ontario' is not present on page  using regular expression

2019-05-18 16:03:32 - [MESSAGE][WARNING] - Text 'Legal Use of Cannabis in Ontario' is not present on page  using regular expression

2019-05-18 16:03:32 - [TEST_STEP][PASSED] - delay(2): Delayed 2 second(s)

2019-05-18 16:03:34 - [MESSAGE][PASSED] - Delayed 2 second(s)

2019-05-18 16:03:34 - [TEST_STEP][PASSED] - click(findTestObject("OCS-MOBILE /Age gate and burger menu/Burger menu - English"), CONTINUE_ON_FAILURE): Object: 'Object Repository/OCS-MOBILE /Age gate and burger menu/Burger menu - English' is clicked on

2019-05-18 16:03:34 - [MESSAGE][PASSED] - Object: 'Object Repository/OCS-MOBILE /Age gate and burger menu/Burger menu - English' is clicked on

2019-05-18 16:03:34 - [TEST_STEP][PASSED] - delay(2, CONTINUE_ON_FAILURE): Delayed 2 second(s)

2019-05-18 16:03:36 - [MESSAGE][PASSED] - Delayed 2 second(s)

2019-05-18 16:03:36 - [TEST_STEP][PASSED] - click(findTestObject("OCS-MOBILE /LEARN page/Learn chevron")): Object: 'Object Repository/OCS-MOBILE /LEARN page/Learn chevron' is clicked on

2019-05-18 16:03:37 - [MESSAGE][PASSED] - Object: 'Object Repository/OCS-MOBILE /LEARN page/Learn chevron' is clicked on

2019-05-18 16:03:37 - [TEST_STEP][PASSED] - delay(2): Delayed 2 second(s)

2019-05-18 16:03:39 - [MESSAGE][PASSED] - Delayed 2 second(s)

2019-05-18 16:03:39 - [TEST_STEP][PASSED] - setViewPortSize(1000, 800, OPTIONAL): Viewport is set to new size with width = 1000 and height = 800

2019-05-18 16:03:39 - [MESSAGE][PASSED] - Viewport is set to new size with width = 1000 and height = 800

2019-05-18 16:03:39 - [TEST_STEP][PASSED] - delay(2, OPTIONAL): Delayed 2 second(s)

2019-05-18 16:03:41 - [MESSAGE][PASSED] - Delayed 2 second(s)

2019-05-18 16:03:41 - [TEST_STEP][PASSED] - click(findTestObject("Theme_oR/Page_Ontario Cannabis Store  Ontari/button_Hide bar"), OPTIONAL): Object: 'Object Repository/Theme_oR/Page_Ontario Cannabis Store  Ontari/button_Hide bar' is clicked on

2019-05-18 16:03:41 - [MESSAGE][PASSED] - Object: 'Object Repository/Theme_oR/Page_Ontario Cannabis Store  Ontari/button_Hide bar' is clicked on

2019-05-18 16:03:41 - [TEST_STEP][PASSED] - delay(2, OPTIONAL): Delayed 2 second(s)

2019-05-18 16:03:43 - [MESSAGE][PASSED] - Delayed 2 second(s)

2019-05-18 16:03:43 - [TEST_STEP][PASSED] - setViewPortSize(360, 800, OPTIONAL): Viewport is set to new size with width = 360 and height = 800

2019-05-18 16:03:43 - [MESSAGE][PASSED] - Viewport is set to new size with width = 360 and height = 800

2019-05-18 16:03:43 - [TEST_STEP][PASSED] - delay(1, OPTIONAL): Delayed 1 second(s)

2019-05-18 16:03:44 - [MESSAGE][PASSED] - Delayed 1 second(s)

2019-05-18 16:03:44 - [TEST_STEP][FAILED] - click(findTestObject("OCS-MOBILE /LEARN page/SEE OUR GLOSSARY")): click(findTestObject("OCS-MOBILE /LEARN page/SEE OUR GLOSSARY")) FAILED.
Reason:
com.kms.katalon.core.exception.StepFailedException: Text 'Cannabis Anatomy' is not present on page 
	at com.kms.katalon.core.keyword.internal.KeywordMain.stepFailed(KeywordMain.groovy:32)
	at com.kms.katalon.core.webui.keyword.internal.WebUIKeywordMain.stepFailed(WebUIKeywordMain.groovy:65)
	at com.kms.katalon.core.webui.keyword.builtin.VerifyTextPresentKeyword$_verifyTextPresent_closure1.doCall(VerifyTextPresentKeyword.groovy:79)
	at com.kms.katalon.core.webui.keyword.builtin.VerifyTextPresentKeyword$_verifyTextPresent_closure1.call(VerifyTextPresentKeyword.groovy)
	at com.kms.katalon.core.webui.keyword.internal.WebUIKeywordMain.runKeyword(WebUIKeywordMain.groovy:21)
	at com.kms.katalon.core.webui.keyword.builtin.VerifyTextPresentKeyword.verifyTextPresent(VerifyTextPresentKeyword.groovy:83)
	at com.kms.katalon.core.webui.keyword.builtin.VerifyTextPresentKeyword.execute(VerifyTextPresentKeyword.groovy:68)
	at com.kms.katalon.core.keyword.internal.KeywordExecutor.executeKeywordForPlatform(KeywordExecutor.groovy:53)
	at com.kms.katalon.core.webui.keyword.WebUiBuiltInKeywords.verifyTextPresent(WebUiBuiltInKeywords.groovy:1677)
	at com.kms.katalon.core.webui.keyword.WebUiBuiltInKeywords$verifyTextPresent$6.call(Unknown Source)
	at HP- Burger menu- Learn.run(HP- Burger menu- Learn:116)
	at com.kms.katalon.core.main.ScriptEngine.run(ScriptEngine.java:194)
	at com.kms.katalon.core.main.ScriptEngine.runScriptAsRawText(ScriptEngine.java:119)
	at com.kms.katalon.core.main.TestCaseExecutor.runScript(TestCaseExecutor.java:328)
	at com.kms.katalon.core.main.TestCaseExecutor.doExecute(TestCaseExecutor.java:319)
	at com.kms.katalon.core.main.TestCaseExecutor.processExecutionPhase(TestCaseExecutor.java:298)
	at com.kms.katalon.core.main.TestCaseExecutor.accessMainPhase(TestCaseExecutor.java:290)
	at com.kms.katalon.core.main.TestCaseExecutor.execute(TestCaseExecutor.java:224)
	at com.kms.katalon.core.main.TestSuiteExecutor.accessTestCaseMainPhase(TestSuiteExecutor.java:129)
	at com.kms.katalon.core.main.TestSuiteExecutor.accessTestSuiteMainPhase(TestSuiteExecutor.java:112)
	at com.kms.katalon.core.main.TestSuiteExecutor.execute(TestSuiteExecutor.java:81)
	at com.kms.katalon.core.main.TestCaseMain.startTestSuite(TestCaseMain.java:149)
	at com.kms.katalon.core.main.TestCaseMain$startTestSuite$0.call(Unknown Source)
	at TempTestSuite1558208231009.run(TempTestSuite1558208231009.groovy:36)


2019-05-18 16:03:46 - [MESSAGE][PASSED] - Object: 'Object Repository/OCS-MOBILE /LEARN page/SEE OUR GLOSSARY' is clicked on

2019-05-18 16:03:46 - [MESSAGE][FAILED] - click(findTestObject("OCS-MOBILE /LEARN page/SEE OUR GLOSSARY")) FAILED.
Reason:
com.kms.katalon.core.exception.StepFailedException: Text 'Cannabis Anatomy' is not present on page 
	at com.kms.katalon.core.keyword.internal.KeywordMain.stepFailed(KeywordMain.groovy:32)
	at com.kms.katalon.core.webui.keyword.internal.WebUIKeywordMain.stepFailed(WebUIKeywordMain.groovy:65)
	at com.kms.katalon.core.webui.keyword.builtin.VerifyTextPresentKeyword$_verifyTextPresent_closure1.doCall(VerifyTextPresentKeyword.groovy:79)
	at com.kms.katalon.core.webui.keyword.builtin.VerifyTextPresentKeyword$_verifyTextPresent_closure1.call(VerifyTextPresentKeyword.groovy)
	at com.kms.katalon.core.webui.keyword.internal.WebUIKeywordMain.runKeyword(WebUIKeywordMain.groovy:21)
	at com.kms.katalon.core.webui.keyword.builtin.VerifyTextPresentKeyword.verifyTextPresent(VerifyTextPresentKeyword.groovy:83)
	at com.kms.katalon.core.webui.keyword.builtin.VerifyTextPresentKeyword.execute(VerifyTextPresentKeyword.groovy:68)
	at com.kms.katalon.core.keyword.internal.KeywordExecutor.executeKeywordForPlatform(KeywordExecutor.groovy:53)
	at com.kms.katalon.core.webui.keyword.WebUiBuiltInKeywords.verifyTextPresent(WebUiBuiltInKeywords.groovy:1677)
	at com.kms.katalon.core.webui.keyword.WebUiBuiltInKeywords$verifyTextPresent$6.call(Unknown Source)
	at HP- Burger menu- Learn.run(HP- Burger menu- Learn:116)
	at com.kms.katalon.core.main.ScriptEngine.run(ScriptEngine.java:194)
	at com.kms.katalon.core.main.ScriptEngine.runScriptAsRawText(ScriptEngine.java:119)
	at com.kms.katalon.core.main.TestCaseExecutor.runScript(TestCaseExecutor.java:328)
	at com.kms.katalon.core.main.TestCaseExecutor.doExecute(TestCaseExecutor.java:319)
	at com.kms.katalon.core.main.TestCaseExecutor.processExecutionPhase(TestCaseExecutor.java:298)
	at com.kms.katalon.core.main.TestCaseExecutor.accessMainPhase(TestCaseExecutor.java:290)
	at com.kms.katalon.core.main.TestCaseExecutor.execute(TestCaseExecutor.java:224)
	at com.kms.katalon.core.main.TestSuiteExecutor.accessTestCaseMainPhase(TestSuiteExecutor.java:129)
	at com.kms.katalon.core.main.TestSuiteExecutor.accessTestSuiteMainPhase(TestSuiteExecutor.java:112)
	at com.kms.katalon.core.main.TestSuiteExecutor.execute(TestSuiteExecutor.java:81)
	at com.kms.katalon.core.main.TestCaseMain.startTestSuite(TestCaseMain.java:149)
	at com.kms.katalon.core.main.TestCaseMain$startTestSuite$0.call(Unknown Source)
	at TempTestSuite1558208231009.run(TempTestSuite1558208231009.groovy:36)]]></system-out>
         <system-err><![CDATA[2019-05-18 15:58:54 - [TEST_CASE][FAILED] - Test Cases/OCS - MOBILE/OCS- HOME PAGE/HP- Burger menu- Learn: Test Cases/OCS - MOBILE/OCS- HOME PAGE/HP- Burger menu- Learn FAILED.
Reason:
com.kms.katalon.core.exception.StepFailedException: Text 'Cannabis Anatomy' is not present on page 
	at com.kms.katalon.core.keyword.internal.KeywordMain.stepFailed(KeywordMain.groovy:32)
	at com.kms.katalon.core.webui.keyword.internal.WebUIKeywordMain.stepFailed(WebUIKeywordMain.groovy:65)
	at com.kms.katalon.core.webui.keyword.builtin.VerifyTextPresentKeyword$_verifyTextPresent_closure1.doCall(VerifyTextPresentKeyword.groovy:79)
	at com.kms.katalon.core.webui.keyword.builtin.VerifyTextPresentKeyword$_verifyTextPresent_closure1.call(VerifyTextPresentKeyword.groovy)
	at com.kms.katalon.core.webui.keyword.internal.WebUIKeywordMain.runKeyword(WebUIKeywordMain.groovy:21)
	at com.kms.katalon.core.webui.keyword.builtin.VerifyTextPresentKeyword.verifyTextPresent(VerifyTextPresentKeyword.groovy:83)
	at com.kms.katalon.core.webui.keyword.builtin.VerifyTextPresentKeyword.execute(VerifyTextPresentKeyword.groovy:68)
	at com.kms.katalon.core.keyword.internal.KeywordExecutor.executeKeywordForPlatform(KeywordExecutor.groovy:53)
	at com.kms.katalon.core.webui.keyword.WebUiBuiltInKeywords.verifyTextPresent(WebUiBuiltInKeywords.groovy:1677)
	at com.kms.katalon.core.webui.keyword.WebUiBuiltInKeywords$verifyTextPresent$6.call(Unknown Source)
	at HP- Burger menu- Learn.run(HP- Burger menu- Learn:116)
	at com.kms.katalon.core.main.ScriptEngine.run(ScriptEngine.java:194)
	at com.kms.katalon.core.main.ScriptEngine.runScriptAsRawText(ScriptEngine.java:119)
	at com.kms.katalon.core.main.TestCaseExecutor.runScript(TestCaseExecutor.java:328)
	at com.kms.katalon.core.main.TestCaseExecutor.doExecute(TestCaseExecutor.java:319)
	at com.kms.katalon.core.main.TestCaseExecutor.processExecutionPhase(TestCaseExecutor.java:298)
	at com.kms.katalon.core.main.TestCaseExecutor.accessMainPhase(TestCaseExecutor.java:290)
	at com.kms.katalon.core.main.TestCaseExecutor.execute(TestCaseExecutor.java:224)
	at com.kms.katalon.core.main.TestSuiteExecutor.accessTestCaseMainPhase(TestSuiteExecutor.java:129)
	at com.kms.katalon.core.main.TestSuiteExecutor.accessTestSuiteMainPhase(TestSuiteExecutor.java:112)
	at com.kms.katalon.core.main.TestSuiteExecutor.execute(TestSuiteExecutor.java:81)
	at com.kms.katalon.core.main.TestCaseMain.startTestSuite(TestCaseMain.java:149)
	at com.kms.katalon.core.main.TestCaseMain$startTestSuite$0.call(Unknown Source)
	at TempTestSuite1558208231009.run(TempTestSuite1558208231009.groovy:36)]]></system-err>
      </testcase>
      <testcase name="Test Cases/OCS - MOBILE/OCS-COLLECTION PAGE/Chevron dropdown" classname="Test Cases/OCS - MOBILE/OCS-COLLECTION PAGE/Chevron dropdown" status="PASSED">
         <system-out><![CDATA[2019-05-18 16:03:46 - [TEST_CASE][PASSED] - Test Cases/OCS - MOBILE/OCS-COLLECTION PAGE/Chevron dropdown: Test Cases/OCS - MOBILE/OCS-COLLECTION PAGE/Chevron dropdown

2019-05-18 16:03:47 - [TEST_STEP][PASSED] - openBrowser(""): Browser is opened with url: ''

2019-05-18 16:03:47 - [MESSAGE][WARNING] - A browser is already opened. Closing browser and opening a new one

2019-05-18 16:03:47 - [MESSAGE][INFO] - Starting 'Chrome' driver

2019-05-18 16:03:48 - [MESSAGE][PASSED] - Browser is opened with url: ''

2019-05-18 16:03:48 - [TEST_STEP][PASSED] - navigateToUrl("https://ocs.ca/?fts=0&preview_theme_id=53373863756"): Navigate to 'https://ocs.ca/?fts=0&preview_theme_id=53373863756' successfully

2019-05-18 16:03:51 - [MESSAGE][PASSED] - Navigate to 'https://ocs.ca/?fts=0&preview_theme_id=53373863756' successfully

2019-05-18 16:03:51 - [TEST_STEP][PASSED] - setViewPortSize(360, 800): Viewport is set to new size with width = 360 and height = 800

2019-05-18 16:03:51 - [MESSAGE][PASSED] - Viewport is set to new size with width = 360 and height = 800

2019-05-18 16:03:51 - [TEST_STEP][PASSED] - delay(4): Delayed 4 second(s)

2019-05-18 16:03:55 - [MESSAGE][PASSED] - Delayed 4 second(s)

2019-05-18 16:03:55 - [TEST_STEP][PASSED] - selectOptionByValue(findTestObject("OCS-MOBILE /Age gate and burger menu/Date"), "12", true): All options with value '12' are selected in object 'Object Repository/OCS-MOBILE /Age gate and burger menu/Date'  using regular expression

2019-05-18 16:03:55 - [MESSAGE][PASSED] - All options with value '12' are selected in object 'Object Repository/OCS-MOBILE /Age gate and burger menu/Date'  using regular expression

2019-05-18 16:03:55 - [TEST_STEP][PASSED] - selectOptionByValue(findTestObject("OCS-MOBILE /Age gate and burger menu/month"), "6", true): All options with value '6' are selected in object 'Object Repository/OCS-MOBILE /Age gate and burger menu/month'  using regular expression

2019-05-18 16:03:56 - [MESSAGE][PASSED] - All options with value '6' are selected in object 'Object Repository/OCS-MOBILE /Age gate and burger menu/month'  using regular expression

2019-05-18 16:03:56 - [TEST_STEP][PASSED] - delay(2): Delayed 2 second(s)

2019-05-18 16:03:58 - [MESSAGE][PASSED] - Delayed 2 second(s)

2019-05-18 16:03:58 - [TEST_STEP][PASSED] - selectOptionByValue(findTestObject("OCS-MOBILE /Age gate and burger menu/Year Dropdown"), "1990", true): All options with value '1990' are selected in object 'Object Repository/OCS-MOBILE /Age gate and burger menu/Year Dropdown'  using regular expression

2019-05-18 16:03:59 - [MESSAGE][PASSED] - All options with value '1990' are selected in object 'Object Repository/OCS-MOBILE /Age gate and burger menu/Year Dropdown'  using regular expression

2019-05-18 16:03:59 - [TEST_STEP][PASSED] - click(findTestObject("OCS-MOBILE /Age gate and burger menu/button_Verify")): Object: 'Object Repository/OCS-MOBILE /Age gate and burger menu/button_Verify' is clicked on

2019-05-18 16:03:59 - [MESSAGE][PASSED] - Object: 'Object Repository/OCS-MOBILE /Age gate and burger menu/button_Verify' is clicked on

2019-05-18 16:03:59 - [TEST_STEP][PASSED] - click(findTestObject("OCS-MOBILE /Age gate and burger menu/Checkbox_CONFIRM AND ACKNOWLEDGE")): Object: 'Object Repository/OCS-MOBILE /Age gate and burger menu/Checkbox_CONFIRM AND ACKNOWLEDGE' is clicked on

2019-05-18 16:03:59 - [MESSAGE][PASSED] - Object: 'Object Repository/OCS-MOBILE /Age gate and burger menu/Checkbox_CONFIRM AND ACKNOWLEDGE' is clicked on

2019-05-18 16:03:59 - [TEST_STEP][PASSED] - click(findTestObject("OCS-MOBILE /Age gate and burger menu/button_CONFIRM")): Object: 'Object Repository/OCS-MOBILE /Age gate and burger menu/button_CONFIRM' is clicked on

2019-05-18 16:03:59 - [MESSAGE][PASSED] - Object: 'Object Repository/OCS-MOBILE /Age gate and burger menu/button_CONFIRM' is clicked on

2019-05-18 16:03:59 - [TEST_STEP][PASSED] - click(findTestObject("OCS-MOBILE /Age gate and burger menu/button_Start Browsing")): Object: 'Object Repository/OCS-MOBILE /Age gate and burger menu/button_Start Browsing' is clicked on

2019-05-18 16:03:59 - [MESSAGE][PASSED] - Object: 'Object Repository/OCS-MOBILE /Age gate and burger menu/button_Start Browsing' is clicked on

2019-05-18 16:03:59 - [TEST_STEP][PASSED] - delay(2): Delayed 2 second(s)

2019-05-18 16:04:01 - [MESSAGE][PASSED] - Delayed 2 second(s)

2019-05-18 16:04:01 - [TEST_STEP][PASSED] - click(findTestObject("OCS-MOBILE /Age gate and burger menu/Burger menu - English")): Object: 'Object Repository/OCS-MOBILE /Age gate and burger menu/Burger menu - English' is clicked on

2019-05-18 16:04:01 - [MESSAGE][PASSED] - Object: 'Object Repository/OCS-MOBILE /Age gate and burger menu/Burger menu - English' is clicked on

2019-05-18 16:04:01 - [TEST_STEP][PASSED] - delay(2): Delayed 2 second(s)

2019-05-18 16:04:03 - [MESSAGE][PASSED] - Delayed 2 second(s)

2019-05-18 16:04:03 - [TEST_STEP][PASSED] - click(findTestObject("OCS-MOBILE /Cannabis page/Cannabis chevron")): Object: 'Object Repository/OCS-MOBILE /Cannabis page/Cannabis chevron' is clicked on

2019-05-18 16:04:03 - [MESSAGE][PASSED] - Object: 'Object Repository/OCS-MOBILE /Cannabis page/Cannabis chevron' is clicked on

2019-05-18 16:04:03 - [TEST_STEP][PASSED] - delay(2): Delayed 2 second(s)

2019-05-18 16:04:05 - [MESSAGE][PASSED] - Delayed 2 second(s)

2019-05-18 16:04:05 - [TEST_STEP][PASSED] - click(findTestObject("OCS-MOBILE /Cannabis page/Dried flower - plus accordian")): Object: 'Object Repository/OCS-MOBILE /Cannabis page/Dried flower - plus accordian' is clicked on

2019-05-18 16:04:05 - [MESSAGE][PASSED] - Object: 'Object Repository/OCS-MOBILE /Cannabis page/Dried flower - plus accordian' is clicked on

2019-05-18 16:04:05 - [TEST_STEP][PASSED] - delay(2): Delayed 2 second(s)

2019-05-18 16:04:07 - [MESSAGE][PASSED] - Delayed 2 second(s)

2019-05-18 16:04:07 - [TEST_STEP][PASSED] - click(findTestObject("OCS-MOBILE /Cannabis page/Dried flower - Indica dominant")): Object: 'Object Repository/OCS-MOBILE /Cannabis page/Dried flower - Indica dominant' is clicked on

2019-05-18 16:04:09 - [MESSAGE][PASSED] - Object: 'Object Repository/OCS-MOBILE /Cannabis page/Dried flower - Indica dominant' is clicked on

2019-05-18 16:04:09 - [TEST_STEP][PASSED] - delay(2): Delayed 2 second(s)

2019-05-18 16:04:11 - [MESSAGE][PASSED] - Delayed 2 second(s)

2019-05-18 16:04:11 - [TEST_STEP][PASSED] - click(findTestObject("OCS-MOBILE /Collection page/dropdown")): Object: 'Object Repository/OCS-MOBILE /Collection page/dropdown' is clicked on

2019-05-18 16:04:12 - [MESSAGE][PASSED] - Object: 'Object Repository/OCS-MOBILE /Collection page/dropdown' is clicked on

2019-05-18 16:04:12 - [TEST_STEP][PASSED] - verifyElementPresent(findTestObject("OCS-MOBILE /Collection page/element inside"), 0): Object 'Object Repository/OCS-MOBILE /Collection page/element inside' is present

2019-05-18 16:04:12 - [MESSAGE][WARNING] - Timeout '0' is invalid. Using default page load timeout: '30'

2019-05-18 16:04:12 - [MESSAGE][PASSED] - Object 'Object Repository/OCS-MOBILE /Collection page/element inside' is present

2019-05-18 16:04:12 - [TEST_STEP][PASSED] - click(findTestObject("OCS-MOBILE /Collection page/dropdown")): Object: 'Object Repository/OCS-MOBILE /Collection page/dropdown' is clicked on

2019-05-18 16:04:12 - [MESSAGE][PASSED] - Object: 'Object Repository/OCS-MOBILE /Collection page/dropdown' is clicked on]]></system-out>
         <system-err><![CDATA[]]></system-err>
      </testcase>
      <testcase name="Test Cases/OCS - MOBILE/OCS-COLLECTION PAGE/Filter" classname="Test Cases/OCS - MOBILE/OCS-COLLECTION PAGE/Filter" status="PASSED">
         <system-out><![CDATA[2019-05-18 16:04:12 - [TEST_CASE][PASSED] - Test Cases/OCS - MOBILE/OCS-COLLECTION PAGE/Filter: Test Cases/OCS - MOBILE/OCS-COLLECTION PAGE/Filter

2019-05-18 16:04:12 - [TEST_STEP][PASSED] - delay(2): Delayed 2 second(s)

2019-05-18 16:04:14 - [MESSAGE][PASSED] - Delayed 2 second(s)

2019-05-18 16:04:14 - [TEST_STEP][PASSED] - callTestCase(findTestCase("OCS - MOBILE/HP"), [:], STOP_ON_FAILURE): Call Test Case 'Test Cases/OCS - MOBILE/HP' successfully

2019-05-18 16:04:14 - [TEST_CASE][PASSED] - Test Cases/OCS - MOBILE/HP: Test Cases/OCS - MOBILE/HP

2019-05-18 16:04:14 - [TEST_STEP][PASSED] - openBrowser(""): Browser is opened with url: ''

2019-05-18 16:04:14 - [MESSAGE][WARNING] - A browser is already opened. Closing browser and opening a new one

2019-05-18 16:04:14 - [MESSAGE][INFO] - Starting 'Chrome' driver

2019-05-18 16:04:15 - [MESSAGE][PASSED] - Browser is opened with url: ''

2019-05-18 16:04:15 - [TEST_STEP][PASSED] - navigateToUrl("https://ocs.ca/?fts=0&preview_theme_id=53373863756"): Navigate to 'https://ocs.ca/?fts=0&preview_theme_id=53373863756' successfully

2019-05-18 16:04:18 - [MESSAGE][PASSED] - Navigate to 'https://ocs.ca/?fts=0&preview_theme_id=53373863756' successfully

2019-05-18 16:04:18 - [TEST_STEP][PASSED] - setViewPortSize(360, 800): Viewport is set to new size with width = 360 and height = 800

2019-05-18 16:04:18 - [MESSAGE][PASSED] - Viewport is set to new size with width = 360 and height = 800

2019-05-18 16:04:18 - [TEST_STEP][PASSED] - delay(4): Delayed 4 second(s)

2019-05-18 16:04:22 - [MESSAGE][PASSED] - Delayed 4 second(s)

2019-05-18 16:04:22 - [TEST_STEP][PASSED] - selectOptionByValue(findTestObject("OCS-MOBILE /Age gate and burger menu/Date"), "12", true): All options with value '12' are selected in object 'Object Repository/OCS-MOBILE /Age gate and burger menu/Date'  using regular expression

2019-05-18 16:04:23 - [MESSAGE][PASSED] - All options with value '12' are selected in object 'Object Repository/OCS-MOBILE /Age gate and burger menu/Date'  using regular expression

2019-05-18 16:04:23 - [TEST_STEP][PASSED] - selectOptionByValue(findTestObject("OCS-MOBILE /Age gate and burger menu/month"), "6", true): All options with value '6' are selected in object 'Object Repository/OCS-MOBILE /Age gate and burger menu/month'  using regular expression

2019-05-18 16:04:23 - [MESSAGE][PASSED] - All options with value '6' are selected in object 'Object Repository/OCS-MOBILE /Age gate and burger menu/month'  using regular expression

2019-05-18 16:04:23 - [TEST_STEP][PASSED] - delay(2): Delayed 2 second(s)

2019-05-18 16:04:25 - [MESSAGE][PASSED] - Delayed 2 second(s)

2019-05-18 16:04:25 - [TEST_STEP][PASSED] - selectOptionByValue(findTestObject("OCS-MOBILE /Age gate and burger menu/Year Dropdown"), "1990", true): All options with value '1990' are selected in object 'Object Repository/OCS-MOBILE /Age gate and burger menu/Year Dropdown'  using regular expression

2019-05-18 16:04:26 - [MESSAGE][PASSED] - All options with value '1990' are selected in object 'Object Repository/OCS-MOBILE /Age gate and burger menu/Year Dropdown'  using regular expression

2019-05-18 16:04:26 - [TEST_STEP][PASSED] - click(findTestObject("OCS-MOBILE /Age gate and burger menu/button_Verify")): Object: 'Object Repository/OCS-MOBILE /Age gate and burger menu/button_Verify' is clicked on

2019-05-18 16:04:26 - [MESSAGE][PASSED] - Object: 'Object Repository/OCS-MOBILE /Age gate and burger menu/button_Verify' is clicked on

2019-05-18 16:04:26 - [TEST_STEP][PASSED] - click(findTestObject("OCS-MOBILE /Age gate and burger menu/Checkbox_CONFIRM AND ACKNOWLEDGE")): Object: 'Object Repository/OCS-MOBILE /Age gate and burger menu/Checkbox_CONFIRM AND ACKNOWLEDGE' is clicked on

2019-05-18 16:04:26 - [MESSAGE][PASSED] - Object: 'Object Repository/OCS-MOBILE /Age gate and burger menu/Checkbox_CONFIRM AND ACKNOWLEDGE' is clicked on

2019-05-18 16:04:26 - [TEST_STEP][PASSED] - click(findTestObject("OCS-MOBILE /Age gate and burger menu/button_CONFIRM")): Object: 'Object Repository/OCS-MOBILE /Age gate and burger menu/button_CONFIRM' is clicked on

2019-05-18 16:04:26 - [MESSAGE][PASSED] - Object: 'Object Repository/OCS-MOBILE /Age gate and burger menu/button_CONFIRM' is clicked on

2019-05-18 16:04:26 - [TEST_STEP][PASSED] - click(findTestObject("OCS-MOBILE /Age gate and burger menu/button_Start Browsing")): Object: 'Object Repository/OCS-MOBILE /Age gate and burger menu/button_Start Browsing' is clicked on

2019-05-18 16:04:26 - [MESSAGE][PASSED] - Object: 'Object Repository/OCS-MOBILE /Age gate and burger menu/button_Start Browsing' is clicked on

2019-05-18 16:04:26 - [TEST_STEP][PASSED] - delay(2): Delayed 2 second(s)

2019-05-18 16:04:28 - [MESSAGE][PASSED] - Delayed 2 second(s)

2019-05-18 16:04:28 - [MESSAGE][PASSED] - Call Test Case 'Test Cases/OCS - MOBILE/HP' successfully

2019-05-18 16:04:28 - [TEST_STEP][PASSED] - click(findTestObject("OCS-MOBILE /Age gate and burger menu/Burger menu - English")): Object: 'Object Repository/OCS-MOBILE /Age gate and burger menu/Burger menu - English' is clicked on

2019-05-18 16:04:28 - [MESSAGE][PASSED] - Object: 'Object Repository/OCS-MOBILE /Age gate and burger menu/Burger menu - English' is clicked on

2019-05-18 16:04:28 - [TEST_STEP][PASSED] - delay(2): Delayed 2 second(s)

2019-05-18 16:04:30 - [MESSAGE][PASSED] - Delayed 2 second(s)

2019-05-18 16:04:30 - [TEST_STEP][PASSED] - click(findTestObject("OCS-MOBILE /Cannabis page/Cannabis chevron")): Object: 'Object Repository/OCS-MOBILE /Cannabis page/Cannabis chevron' is clicked on

2019-05-18 16:04:30 - [MESSAGE][PASSED] - Object: 'Object Repository/OCS-MOBILE /Cannabis page/Cannabis chevron' is clicked on

2019-05-18 16:04:30 - [TEST_STEP][PASSED] - delay(1): Delayed 1 second(s)

2019-05-18 16:04:31 - [MESSAGE][PASSED] - Delayed 1 second(s)

2019-05-18 16:04:31 - [TEST_STEP][PASSED] - click(findTestObject("OCS-MOBILE /Cannabis page/Dried flower - plus accordian")): Object: 'Object Repository/OCS-MOBILE /Cannabis page/Dried flower - plus accordian' is clicked on

2019-05-18 16:04:31 - [MESSAGE][PASSED] - Object: 'Object Repository/OCS-MOBILE /Cannabis page/Dried flower - plus accordian' is clicked on

2019-05-18 16:04:31 - [TEST_STEP][PASSED] - delay(1): Delayed 1 second(s)

2019-05-18 16:04:32 - [MESSAGE][PASSED] - Delayed 1 second(s)

2019-05-18 16:04:32 - [TEST_STEP][PASSED] - click(findTestObject("OCS-MOBILE /Cannabis page/Dried flower - Indica dominant")): Object: 'Object Repository/OCS-MOBILE /Cannabis page/Dried flower - Indica dominant' is clicked on

2019-05-18 16:04:35 - [MESSAGE][PASSED] - Object: 'Object Repository/OCS-MOBILE /Cannabis page/Dried flower - Indica dominant' is clicked on

2019-05-18 16:04:35 - [TEST_STEP][PASSED] - delay(1): Delayed 1 second(s)

2019-05-18 16:04:36 - [MESSAGE][PASSED] - Delayed 1 second(s)

2019-05-18 16:04:36 - [TEST_STEP][PASSED] - click(findTestObject("OCS-MOBILE /Filter flyout/Filter option")): Object: 'Object Repository/OCS-MOBILE /Filter flyout/Filter option' is clicked on

2019-05-18 16:04:36 - [MESSAGE][PASSED] - Object: 'Object Repository/OCS-MOBILE /Filter flyout/Filter option' is clicked on

2019-05-18 16:04:36 - [TEST_STEP][PASSED] - delay(2): Delayed 2 second(s)

2019-05-18 16:04:38 - [MESSAGE][PASSED] - Delayed 2 second(s)

2019-05-18 16:04:38 - [TEST_STEP][PASSED] - click(findTestObject("OCS-MOBILE /Filter flyout/THC - CBD Tool tip")): Object: 'Object Repository/OCS-MOBILE /Filter flyout/THC - CBD Tool tip' is clicked on

2019-05-18 16:04:38 - [MESSAGE][PASSED] - Object: 'Object Repository/OCS-MOBILE /Filter flyout/THC - CBD Tool tip' is clicked on

2019-05-18 16:04:38 - [TEST_STEP][PASSED] - delay(2): Delayed 2 second(s)

2019-05-18 16:04:40 - [MESSAGE][PASSED] - Delayed 2 second(s)

2019-05-18 16:04:40 - [TEST_STEP][PASSED] - click(findTestObject("OCS-MOBILE /Filter flyout/THC CBD plus accordian")): Object: 'Object Repository/OCS-MOBILE /Filter flyout/THC CBD plus accordian' is clicked on

2019-05-18 16:04:40 - [MESSAGE][PASSED] - Object: 'Object Repository/OCS-MOBILE /Filter flyout/THC CBD plus accordian' is clicked on

2019-05-18 16:04:40 - [TEST_STEP][PASSED] - delay(2): Delayed 2 second(s)

2019-05-18 16:04:42 - [MESSAGE][PASSED] - Delayed 2 second(s)

2019-05-18 16:04:42 - [TEST_STEP][PASSED] - click(findTestObject("OCS-MOBILE /Filter flyout/THC - CBD Subtract accordian")): Object: 'Object Repository/OCS-MOBILE /Filter flyout/THC - CBD Subtract accordian' is clicked on

2019-05-18 16:04:42 - [MESSAGE][PASSED] - Object: 'Object Repository/OCS-MOBILE /Filter flyout/THC - CBD Subtract accordian' is clicked on

2019-05-18 16:04:42 - [TEST_STEP][PASSED] - delay(2): Delayed 2 second(s)

2019-05-18 16:04:44 - [MESSAGE][PASSED] - Delayed 2 second(s)

2019-05-18 16:04:44 - [TEST_STEP][PASSED] - click(findTestObject("OCS-MOBILE /Filter flyout/THC CBD plus accordian")): Object: 'Object Repository/OCS-MOBILE /Filter flyout/THC CBD plus accordian' is clicked on

2019-05-18 16:04:44 - [MESSAGE][PASSED] - Object: 'Object Repository/OCS-MOBILE /Filter flyout/THC CBD plus accordian' is clicked on

2019-05-18 16:04:44 - [TEST_STEP][PASSED] - click(findTestObject("Object Repository/COLLECTION PAGE _OR/Filter_OR/Page_Pre-Rolled  Ontario Cannabis S/div_18.00")): Object: 'Object Repository/COLLECTION PAGE _OR/Filter_OR/Page_Pre-Rolled  Ontario Cannabis S/div_18.00' is clicked on

2019-05-18 16:04:44 - [MESSAGE][PASSED] - Object: 'Object Repository/COLLECTION PAGE _OR/Filter_OR/Page_Pre-Rolled  Ontario Cannabis S/div_18.00' is clicked on

2019-05-18 16:04:44 - [TEST_STEP][PASSED] - delay(2): Delayed 2 second(s)

2019-05-18 16:04:46 - [MESSAGE][PASSED] - Delayed 2 second(s)

2019-05-18 16:04:46 - [TEST_STEP][PASSED] - click(findTestObject("Object Repository/COLLECTION PAGE _OR/Filter_OR/Page_Pre-Rolled  Ontario Cannabis S/div_25.00")): Object: 'Object Repository/COLLECTION PAGE _OR/Filter_OR/Page_Pre-Rolled  Ontario Cannabis S/div_25.00' is clicked on

2019-05-18 16:04:46 - [MESSAGE][PASSED] - Object: 'Object Repository/COLLECTION PAGE _OR/Filter_OR/Page_Pre-Rolled  Ontario Cannabis S/div_25.00' is clicked on

2019-05-18 16:04:46 - [TEST_STEP][PASSED] - delay(2): Delayed 2 second(s)

2019-05-18 16:04:48 - [MESSAGE][PASSED] - Delayed 2 second(s)

2019-05-18 16:04:48 - [TEST_STEP][PASSED] - click(findTestObject("Object Repository/COLLECTION PAGE _OR/Filter_OR/Page_Pre-Rolled  Ontario Cannabis S/div_14.00")): Object: 'Object Repository/COLLECTION PAGE _OR/Filter_OR/Page_Pre-Rolled  Ontario Cannabis S/div_14.00' is clicked on

2019-05-18 16:04:48 - [MESSAGE][PASSED] - Object: 'Object Repository/COLLECTION PAGE _OR/Filter_OR/Page_Pre-Rolled  Ontario Cannabis S/div_14.00' is clicked on

2019-05-18 16:04:48 - [TEST_STEP][PASSED] - delay(2): Delayed 2 second(s)

2019-05-18 16:04:50 - [MESSAGE][PASSED] - Delayed 2 second(s)

2019-05-18 16:04:50 - [TEST_STEP][PASSED] - click(findTestObject("Object Repository/COLLECTION PAGE _OR/Filter_OR/Page_Pre-Rolled  Ontario Cannabis S/div_19.00")): Object: 'Object Repository/COLLECTION PAGE _OR/Filter_OR/Page_Pre-Rolled  Ontario Cannabis S/div_19.00' is clicked on

2019-05-18 16:04:50 - [MESSAGE][PASSED] - Object: 'Object Repository/COLLECTION PAGE _OR/Filter_OR/Page_Pre-Rolled  Ontario Cannabis S/div_19.00' is clicked on

2019-05-18 16:04:50 - [TEST_STEP][PASSED] - delay(2): Delayed 2 second(s)

2019-05-18 16:04:52 - [MESSAGE][PASSED] - Delayed 2 second(s)

2019-05-18 16:04:52 - [TEST_STEP][NOT_RUN] - click(findTestObject("OCS-MOBILE /Filter flyout/Learn More About THC CBD")): NOT_RUN: click(findTestObject("OCS-MOBILE /Filter flyout/Learn More About THC CBD"))

2019-05-18 16:04:52 - [MESSAGE][NOT_RUN] - NOT_RUN: click(findTestObject("OCS-MOBILE /Filter flyout/Learn More About THC CBD"))

2019-05-18 16:04:52 - [TEST_STEP][PASSED] - delay(4): Delayed 4 second(s)

2019-05-18 16:04:56 - [MESSAGE][PASSED] - Delayed 4 second(s)

2019-05-18 16:04:56 - [TEST_STEP][NOT_RUN] - callTestCase(findTestCase("OCS - MOBILE/OCS-COLLECTION PAGE/calling test case"), [:], STOP_ON_FAILURE): NOT_RUN: callTestCase(findTestCase("OCS - MOBILE/OCS-COLLECTION PAGE/calling test case"), [:], STOP_ON_FAILURE)

2019-05-18 16:04:56 - [MESSAGE][NOT_RUN] - NOT_RUN: callTestCase(findTestCase("OCS - MOBILE/OCS-COLLECTION PAGE/calling test case"), [:], STOP_ON_FAILURE)

2019-05-18 16:04:56 - [TEST_STEP][NOT_RUN] - click(findTestObject("OCS-MOBILE /Filter flyout/Filter option")): NOT_RUN: click(findTestObject("OCS-MOBILE /Filter flyout/Filter option"))

2019-05-18 16:04:56 - [MESSAGE][NOT_RUN] - NOT_RUN: click(findTestObject("OCS-MOBILE /Filter flyout/Filter option"))

2019-05-18 16:04:56 - [TEST_STEP][PASSED] - click(findTestObject("OCS-MOBILE /Filter flyout/Plant type tooltip")): Object: 'Object Repository/OCS-MOBILE /Filter flyout/Plant type tooltip' is clicked on

2019-05-18 16:04:56 - [MESSAGE][PASSED] - Object: 'Object Repository/OCS-MOBILE /Filter flyout/Plant type tooltip' is clicked on

2019-05-18 16:04:56 - [TEST_STEP][PASSED] - delay(2): Delayed 2 second(s)

2019-05-18 16:04:58 - [MESSAGE][PASSED] - Delayed 2 second(s)

2019-05-18 16:04:58 - [TEST_STEP][PASSED] - click(findTestObject("OCS-MOBILE /Filter flyout/Plant type plus accordian")): Object: 'Object Repository/OCS-MOBILE /Filter flyout/Plant type plus accordian' is clicked on

2019-05-18 16:04:58 - [MESSAGE][PASSED] - Object: 'Object Repository/OCS-MOBILE /Filter flyout/Plant type plus accordian' is clicked on

2019-05-18 16:04:58 - [TEST_STEP][PASSED] - delay(1): Delayed 1 second(s)

2019-05-18 16:04:59 - [MESSAGE][PASSED] - Delayed 1 second(s)

2019-05-18 16:04:59 - [TEST_STEP][PASSED] - click(findTestObject("OCS-MOBILE /Filter flyout/Plant type subtract accordian")): Object: 'Object Repository/OCS-MOBILE /Filter flyout/Plant type subtract accordian' is clicked on

2019-05-18 16:04:59 - [MESSAGE][PASSED] - Object: 'Object Repository/OCS-MOBILE /Filter flyout/Plant type subtract accordian' is clicked on

2019-05-18 16:04:59 - [TEST_STEP][PASSED] - delay(1): Delayed 1 second(s)

2019-05-18 16:05:00 - [MESSAGE][PASSED] - Delayed 1 second(s)

2019-05-18 16:05:00 - [TEST_STEP][PASSED] - click(findTestObject("OCS-MOBILE /Filter flyout/Plant type plus accordian")): Object: 'Object Repository/OCS-MOBILE /Filter flyout/Plant type plus accordian' is clicked on

2019-05-18 16:05:00 - [MESSAGE][PASSED] - Object: 'Object Repository/OCS-MOBILE /Filter flyout/Plant type plus accordian' is clicked on

2019-05-18 16:05:00 - [TEST_STEP][PASSED] - delay(2): Delayed 2 second(s)

2019-05-18 16:05:02 - [MESSAGE][PASSED] - Delayed 2 second(s)

2019-05-18 16:05:02 - [TEST_STEP][PASSED] - click(findTestObject("OCS-MOBILE /Filter flyout/Indica Dominant")): Object: 'Object Repository/OCS-MOBILE /Filter flyout/Indica Dominant' is clicked on

2019-05-18 16:05:03 - [MESSAGE][PASSED] - Object: 'Object Repository/OCS-MOBILE /Filter flyout/Indica Dominant' is clicked on

2019-05-18 16:05:03 - [TEST_STEP][PASSED] - delay(2): Delayed 2 second(s)

2019-05-18 16:05:05 - [MESSAGE][PASSED] - Delayed 2 second(s)

2019-05-18 16:05:05 - [TEST_STEP][PASSED] - click(findTestObject("OCS-MOBILE /Filter flyout/Sativa Dominant")): Object: 'Object Repository/OCS-MOBILE /Filter flyout/Sativa Dominant' is clicked on

2019-05-18 16:05:05 - [MESSAGE][PASSED] - Object: 'Object Repository/OCS-MOBILE /Filter flyout/Sativa Dominant' is clicked on

2019-05-18 16:05:05 - [TEST_STEP][PASSED] - delay(2): Delayed 2 second(s)

2019-05-18 16:05:07 - [MESSAGE][PASSED] - Delayed 2 second(s)

2019-05-18 16:05:07 - [TEST_STEP][PASSED] - click(findTestObject("OCS-MOBILE /Filter flyout/Hybrid")): Object: 'Object Repository/OCS-MOBILE /Filter flyout/Hybrid' is clicked on

2019-05-18 16:05:07 - [MESSAGE][PASSED] - Object: 'Object Repository/OCS-MOBILE /Filter flyout/Hybrid' is clicked on

2019-05-18 16:05:07 - [TEST_STEP][PASSED] - delay(2): Delayed 2 second(s)

2019-05-18 16:05:09 - [MESSAGE][PASSED] - Delayed 2 second(s)

2019-05-18 16:05:09 - [TEST_STEP][PASSED] - click(findTestObject("OCS-MOBILE /Filter flyout/Blend")): Object: 'Object Repository/OCS-MOBILE /Filter flyout/Blend' is clicked on

2019-05-18 16:05:09 - [MESSAGE][PASSED] - Object: 'Object Repository/OCS-MOBILE /Filter flyout/Blend' is clicked on

2019-05-18 16:05:09 - [TEST_STEP][PASSED] - delay(2): Delayed 2 second(s)

2019-05-18 16:05:11 - [MESSAGE][PASSED] - Delayed 2 second(s)

2019-05-18 16:05:11 - [TEST_STEP][NOT_RUN] - click(findTestObject("Object Repository/COLLECTION PAGE _OR/Filter_OR/Page_Pre-Rolled  Ontario Cannabis S/label_Sativa Dominant")): NOT_RUN: click(findTestObject("Object Repository/COLLECTION PAGE _OR/Filter_OR/Page_Pre-Rolled  Ontario Cannabis S/label_Sativa Dominant"))

2019-05-18 16:05:11 - [MESSAGE][NOT_RUN] - NOT_RUN: click(findTestObject("Object Repository/COLLECTION PAGE _OR/Filter_OR/Page_Pre-Rolled  Ontario Cannabis S/label_Sativa Dominant"))

2019-05-18 16:05:11 - [TEST_STEP][NOT_RUN] - delay(2): NOT_RUN: delay(2)

2019-05-18 16:05:11 - [MESSAGE][NOT_RUN] - NOT_RUN: delay(2)

2019-05-18 16:05:11 - [TEST_STEP][NOT_RUN] - click(findTestObject("Object Repository/COLLECTION PAGE _OR/Filter_OR/Page_Pre-Rolled  Ontario Cannabis S/label_Hybrid")): NOT_RUN: click(findTestObject("Object Repository/COLLECTION PAGE _OR/Filter_OR/Page_Pre-Rolled  Ontario Cannabis S/label_Hybrid"))

2019-05-18 16:05:11 - [MESSAGE][NOT_RUN] - NOT_RUN: click(findTestObject("Object Repository/COLLECTION PAGE _OR/Filter_OR/Page_Pre-Rolled  Ontario Cannabis S/label_Hybrid"))

2019-05-18 16:05:11 - [TEST_STEP][NOT_RUN] - delay(2): NOT_RUN: delay(2)

2019-05-18 16:05:11 - [MESSAGE][NOT_RUN] - NOT_RUN: delay(2)

2019-05-18 16:05:11 - [TEST_STEP][NOT_RUN] - click(findTestObject("Object Repository/COLLECTION PAGE _OR/Filter_OR/Page_Pre-Rolled  Ontario Cannabis S/label_Blend")): NOT_RUN: click(findTestObject("Object Repository/COLLECTION PAGE _OR/Filter_OR/Page_Pre-Rolled  Ontario Cannabis S/label_Blend"))

2019-05-18 16:05:11 - [MESSAGE][NOT_RUN] - NOT_RUN: click(findTestObject("Object Repository/COLLECTION PAGE _OR/Filter_OR/Page_Pre-Rolled  Ontario Cannabis S/label_Blend"))

2019-05-18 16:05:11 - [TEST_STEP][NOT_RUN] - delay(2): NOT_RUN: delay(2)

2019-05-18 16:05:11 - [MESSAGE][NOT_RUN] - NOT_RUN: delay(2)

2019-05-18 16:05:11 - [TEST_STEP][NOT_RUN] - click(findTestObject("OCS-MOBILE /Filter flyout/Learn More About Plant Type")): NOT_RUN: click(findTestObject("OCS-MOBILE /Filter flyout/Learn More About Plant Type"))

2019-05-18 16:05:11 - [MESSAGE][NOT_RUN] - NOT_RUN: click(findTestObject("OCS-MOBILE /Filter flyout/Learn More About Plant Type"))

2019-05-18 16:05:11 - [TEST_STEP][NOT_RUN] - delay(2): NOT_RUN: delay(2)

2019-05-18 16:05:11 - [MESSAGE][NOT_RUN] - NOT_RUN: delay(2)

2019-05-18 16:05:11 - [TEST_STEP][NOT_RUN] - callTestCase(findTestCase("OCS - MOBILE/OCS-COLLECTION PAGE/calling test case"), [:], STOP_ON_FAILURE): NOT_RUN: callTestCase(findTestCase("OCS - MOBILE/OCS-COLLECTION PAGE/calling test case"), [:], STOP_ON_FAILURE)

2019-05-18 16:05:11 - [MESSAGE][NOT_RUN] - NOT_RUN: callTestCase(findTestCase("OCS - MOBILE/OCS-COLLECTION PAGE/calling test case"), [:], STOP_ON_FAILURE)

2019-05-18 16:05:11 - [TEST_STEP][PASSED] - click(findTestObject("OCS-MOBILE /Filter flyout/Plant type subtract accordian")): Object: 'Object Repository/OCS-MOBILE /Filter flyout/Plant type subtract accordian' is clicked on

2019-05-18 16:05:11 - [MESSAGE][PASSED] - Object: 'Object Repository/OCS-MOBILE /Filter flyout/Plant type subtract accordian' is clicked on

2019-05-18 16:05:11 - [TEST_STEP][PASSED] - click(findTestObject("OCS-MOBILE /Filter flyout/Filter option"), OPTIONAL): Unable to click on object 'Object Repository/OCS-MOBILE /Filter flyout/Filter option' (Root cause: org.openqa.selenium.WebDriverException: unknown error: Element <i class="icon--filter"></i> is not clickable at point (24, 365). Other element would receive the click: <fieldset class="filter__options">...</fieldset>
  (Session info: chrome=74.0.3729.157)
  (Driver info: chromedriver=2.43.600229 (3fae4d0cda5334b4f533bede5a4787f7b832d052),platform=Mac OS X 10.13.6 x86_64) (WARNING: The server did not provide any stacktrace information)
Command duration or timeout: 0 milliseconds
Build info: version: '3.7.1', revision: '8a0099a', time: '2017-11-06T21:07:36.161Z'
System info: host: 'sumans-MacBook-Pro.local', ip: 'fe80:0:0:0:c95:20e5:430d:4315%en0', os.name: 'Mac OS X', os.arch: 'x86_64', os.version: '10.13.6', java.version: '1.8.0_181'
Driver info: com.kms.katalon.selenium.driver.CChromeDriver
Capabilities {acceptInsecureCerts: false, acceptSslCerts: false, applicationCacheEnabled: false, browserConnectionEnabled: false, browserName: chrome, chrome: {chromedriverVersion: 2.43.600229 (3fae4d0cda5334..., userDataDir: /var/folders/1t/c55l8xzs6gq...}, cssSelectorsEnabled: true, databaseEnabled: false, goog:chromeOptions: {debuggerAddress: localhost:51234}, handlesAlerts: true, hasTouchScreen: false, javascriptEnabled: true, locationContextEnabled: true, mobileEmulationEnabled: false, nativeEvents: true, networkConnectionEnabled: false, pageLoadStrategy: normal, platform: MAC, platformName: MAC, rotatable: false, setWindowRect: true, takesHeapSnapshot: true, takesScreenshot: true, unexpectedAlertBehaviour: , unhandledPromptBehavior: , version: 74.0.3729.157, webStorageEnabled: true}
Session ID: 67d8cfe428f42d493e3681e87ff6ebe7)

2019-05-18 16:05:11 - [MESSAGE][WARNING] - Unable to click on object 'Object Repository/OCS-MOBILE /Filter flyout/Filter option' (Root cause: org.openqa.selenium.WebDriverException: unknown error: Element <i class="icon--filter"></i> is not clickable at point (24, 365). Other element would receive the click: <fieldset class="filter__options">...</fieldset>
  (Session info: chrome=74.0.3729.157)
  (Driver info: chromedriver=2.43.600229 (3fae4d0cda5334b4f533bede5a4787f7b832d052),platform=Mac OS X 10.13.6 x86_64) (WARNING: The server did not provide any stacktrace information)
Command duration or timeout: 0 milliseconds
Build info: version: '3.7.1', revision: '8a0099a', time: '2017-11-06T21:07:36.161Z'
System info: host: 'sumans-MacBook-Pro.local', ip: 'fe80:0:0:0:c95:20e5:430d:4315%en0', os.name: 'Mac OS X', os.arch: 'x86_64', os.version: '10.13.6', java.version: '1.8.0_181'
Driver info: com.kms.katalon.selenium.driver.CChromeDriver
Capabilities {acceptInsecureCerts: false, acceptSslCerts: false, applicationCacheEnabled: false, browserConnectionEnabled: false, browserName: chrome, chrome: {chromedriverVersion: 2.43.600229 (3fae4d0cda5334..., userDataDir: /var/folders/1t/c55l8xzs6gq...}, cssSelectorsEnabled: true, databaseEnabled: false, goog:chromeOptions: {debuggerAddress: localhost:51234}, handlesAlerts: true, hasTouchScreen: false, javascriptEnabled: true, locationContextEnabled: true, mobileEmulationEnabled: false, nativeEvents: true, networkConnectionEnabled: false, pageLoadStrategy: normal, platform: MAC, platformName: MAC, rotatable: false, setWindowRect: true, takesHeapSnapshot: true, takesScreenshot: true, unexpectedAlertBehaviour: , unhandledPromptBehavior: , version: 74.0.3729.157, webStorageEnabled: true}
Session ID: 67d8cfe428f42d493e3681e87ff6ebe7)
[[ATTACHMENT|/Users/sumankompelly/git/Ontario-cannbis-store/Reports/OCS- MOBILE/AGE GATE/20190518_153710/1558209911363.png]]

2019-05-18 16:05:11 - [TEST_STEP][PASSED] - click(findTestObject("OCS-MOBILE /Filter flyout/Brand tool tip")): Object: 'Object Repository/OCS-MOBILE /Filter flyout/Brand tool tip' is clicked on

2019-05-18 16:05:11 - [MESSAGE][PASSED] - Object: 'Object Repository/OCS-MOBILE /Filter flyout/Brand tool tip' is clicked on

2019-05-18 16:05:11 - [TEST_STEP][PASSED] - delay(1): Delayed 1 second(s)

2019-05-18 16:05:12 - [MESSAGE][PASSED] - Delayed 1 second(s)

2019-05-18 16:05:12 - [TEST_STEP][PASSED] - click(findTestObject("OCS-MOBILE /Filter flyout/Brand plus accordian")): Object: 'Object Repository/OCS-MOBILE /Filter flyout/Brand plus accordian' is clicked on

2019-05-18 16:05:12 - [MESSAGE][PASSED] - Object: 'Object Repository/OCS-MOBILE /Filter flyout/Brand plus accordian' is clicked on

2019-05-18 16:05:12 - [TEST_STEP][PASSED] - delay(2): Delayed 2 second(s)

2019-05-18 16:05:14 - [MESSAGE][PASSED] - Delayed 2 second(s)

2019-05-18 16:05:14 - [TEST_STEP][PASSED] - click(findTestObject("OCS-MOBILE /Filter flyout/Brand subtract accordian")): Object: 'Object Repository/OCS-MOBILE /Filter flyout/Brand subtract accordian' is clicked on

2019-05-18 16:05:14 - [MESSAGE][PASSED] - Object: 'Object Repository/OCS-MOBILE /Filter flyout/Brand subtract accordian' is clicked on

2019-05-18 16:05:14 - [TEST_STEP][PASSED] - delay(1): Delayed 1 second(s)

2019-05-18 16:05:15 - [MESSAGE][PASSED] - Delayed 1 second(s)

2019-05-18 16:05:15 - [TEST_STEP][PASSED] - click(findTestObject("OCS-MOBILE /Filter flyout/Brand plus accordian")): Object: 'Object Repository/OCS-MOBILE /Filter flyout/Brand plus accordian' is clicked on

2019-05-18 16:05:15 - [MESSAGE][PASSED] - Object: 'Object Repository/OCS-MOBILE /Filter flyout/Brand plus accordian' is clicked on

2019-05-18 16:05:15 - [TEST_STEP][PASSED] - delay(2): Delayed 2 second(s)

2019-05-18 16:05:17 - [MESSAGE][PASSED] - Delayed 2 second(s)

2019-05-18 16:05:17 - [TEST_STEP][PASSED] - click(findTestObject("OCS-MOBILE /Filter flyout/Edison"), OPTIONAL): Object: 'Object Repository/OCS-MOBILE /Filter flyout/Edison' is clicked on

2019-05-18 16:05:17 - [MESSAGE][PASSED] - Object: 'Object Repository/OCS-MOBILE /Filter flyout/Edison' is clicked on

2019-05-18 16:05:17 - [TEST_STEP][PASSED] - delay(2, OPTIONAL): Delayed 2 second(s)

2019-05-18 16:05:19 - [MESSAGE][PASSED] - Delayed 2 second(s)

2019-05-18 16:05:19 - [TEST_STEP][PASSED] - delay(2, OPTIONAL): Delayed 2 second(s)

2019-05-18 16:05:21 - [MESSAGE][PASSED] - Delayed 2 second(s)

2019-05-18 16:05:21 - [TEST_STEP][PASSED] - click(findTestObject("OCS-MOBILE /Filter flyout/Haven St"), OPTIONAL): Object: 'Object Repository/OCS-MOBILE /Filter flyout/Haven St' is clicked on

2019-05-18 16:05:22 - [MESSAGE][PASSED] - Object: 'Object Repository/OCS-MOBILE /Filter flyout/Haven St' is clicked on

2019-05-18 16:05:22 - [TEST_STEP][PASSED] - delay(2, OPTIONAL): Delayed 2 second(s)

2019-05-18 16:05:24 - [MESSAGE][PASSED] - Delayed 2 second(s)

2019-05-18 16:05:24 - [TEST_STEP][PASSED] - click(findTestObject("OCS-MOBILE /Filter flyout/Emerald"), OPTIONAL): Object: 'Object Repository/OCS-MOBILE /Filter flyout/Emerald' is clicked on

2019-05-18 16:05:24 - [MESSAGE][PASSED] - Object: 'Object Repository/OCS-MOBILE /Filter flyout/Emerald' is clicked on

2019-05-18 16:05:24 - [TEST_STEP][PASSED] - delay(2, OPTIONAL): Delayed 2 second(s)

2019-05-18 16:05:26 - [MESSAGE][PASSED] - Delayed 2 second(s)

2019-05-18 16:05:26 - [TEST_STEP][NOT_RUN] - click(findTestObject("OCS-MOBILE /Filter flyout/Gage Cannabis Co"), OPTIONAL): NOT_RUN: click(findTestObject("OCS-MOBILE /Filter flyout/Gage Cannabis Co"), OPTIONAL)

2019-05-18 16:05:26 - [MESSAGE][NOT_RUN] - NOT_RUN: click(findTestObject("OCS-MOBILE /Filter flyout/Gage Cannabis Co"), OPTIONAL)

2019-05-18 16:05:26 - [TEST_STEP][PASSED] - delay(2, OPTIONAL): Delayed 2 second(s)

2019-05-18 16:05:28 - [MESSAGE][PASSED] - Delayed 2 second(s)

2019-05-18 16:05:28 - [TEST_STEP][NOT_RUN] - click(findTestObject("OCS-MOBILE /Filter flyout/INDIVA"), OPTIONAL): NOT_RUN: click(findTestObject("OCS-MOBILE /Filter flyout/INDIVA"), OPTIONAL)

2019-05-18 16:05:28 - [MESSAGE][NOT_RUN] - NOT_RUN: click(findTestObject("OCS-MOBILE /Filter flyout/INDIVA"), OPTIONAL)

2019-05-18 16:05:28 - [TEST_STEP][PASSED] - delay(2, OPTIONAL): Delayed 2 second(s)

2019-05-18 16:05:30 - [MESSAGE][PASSED] - Delayed 2 second(s)

2019-05-18 16:05:30 - [TEST_STEP][PASSED] - click(findTestObject("OCS-MOBILE /Filter flyout/RIFF"), OPTIONAL): Object: 'Object Repository/OCS-MOBILE /Filter flyout/RIFF' is clicked on

2019-05-18 16:05:30 - [MESSAGE][PASSED] - Object: 'Object Repository/OCS-MOBILE /Filter flyout/RIFF' is clicked on

2019-05-18 16:05:30 - [TEST_STEP][PASSED] - delay(2, OPTIONAL): Delayed 2 second(s)

2019-05-18 16:05:32 - [MESSAGE][PASSED] - Delayed 2 second(s)

2019-05-18 16:05:32 - [TEST_STEP][PASSED] - click(findTestObject("OCS-MOBILE /Filter flyout/Seven Oaks"), OPTIONAL): Object: 'Object Repository/OCS-MOBILE /Filter flyout/Seven Oaks' is clicked on

2019-05-18 16:05:32 - [MESSAGE][PASSED] - Object: 'Object Repository/OCS-MOBILE /Filter flyout/Seven Oaks' is clicked on

2019-05-18 16:05:32 - [TEST_STEP][PASSED] - delay(2, OPTIONAL): Delayed 2 second(s)

2019-05-18 16:05:34 - [MESSAGE][PASSED] - Delayed 2 second(s)

2019-05-18 16:05:34 - [TEST_STEP][PASSED] - click(findTestObject("Object Repository/COLLECTION PAGE _OR/Filter_OR/Page_Pre-Rolled  Ontario Cannabis S/label_Synr.g"), OPTIONAL): Object: 'Object Repository/COLLECTION PAGE _OR/Filter_OR/Page_Pre-Rolled  Ontario Cannabis S/label_Synr.g' is clicked on

2019-05-18 16:05:34 - [MESSAGE][PASSED] - Object: 'Object Repository/COLLECTION PAGE _OR/Filter_OR/Page_Pre-Rolled  Ontario Cannabis S/label_Synr.g' is clicked on

2019-05-18 16:05:34 - [TEST_STEP][PASSED] - delay(2, OPTIONAL): Delayed 2 second(s)

2019-05-18 16:05:36 - [MESSAGE][PASSED] - Delayed 2 second(s)

2019-05-18 16:05:36 - [TEST_STEP][PASSED] - click(findTestObject("OCS-MOBILE /Filter flyout/Trailblazer"), OPTIONAL): Object: 'Object Repository/OCS-MOBILE /Filter flyout/Trailblazer' is clicked on

2019-05-18 16:05:36 - [MESSAGE][PASSED] - Object: 'Object Repository/OCS-MOBILE /Filter flyout/Trailblazer' is clicked on

2019-05-18 16:05:36 - [TEST_STEP][PASSED] - delay(2, OPTIONAL): Delayed 2 second(s)

2019-05-18 16:05:38 - [MESSAGE][PASSED] - Delayed 2 second(s)

2019-05-18 16:05:38 - [TEST_STEP][PASSED] - click(findTestObject("OCS-MOBILE /Filter flyout/_Xscape"), OPTIONAL): Object: 'Object Repository/OCS-MOBILE /Filter flyout/_Xscape' is clicked on

2019-05-18 16:05:38 - [MESSAGE][PASSED] - Object: 'Object Repository/OCS-MOBILE /Filter flyout/_Xscape' is clicked on

2019-05-18 16:05:38 - [TEST_STEP][PASSED] - delay(2, OPTIONAL): Delayed 2 second(s)

2019-05-18 16:05:40 - [MESSAGE][PASSED] - Delayed 2 second(s)

2019-05-18 16:05:40 - [TEST_STEP][PASSED] - click(findTestObject("OCS-MOBILE /Filter flyout/Aurora"), OPTIONAL): Object: 'Object Repository/OCS-MOBILE /Filter flyout/Aurora' is clicked on

2019-05-18 16:05:40 - [MESSAGE][PASSED] - Object: 'Object Repository/OCS-MOBILE /Filter flyout/Aurora' is clicked on

2019-05-18 16:05:40 - [TEST_STEP][PASSED] - click(findTestObject("OCS-MOBILE /Filter flyout/Canna Farms"), OPTIONAL): Object: 'Object Repository/OCS-MOBILE /Filter flyout/Canna Farms' is clicked on

2019-05-18 16:05:40 - [MESSAGE][PASSED] - Object: 'Object Repository/OCS-MOBILE /Filter flyout/Canna Farms' is clicked on

2019-05-18 16:05:40 - [TEST_STEP][PASSED] - click(findTestObject("OCS-MOBILE /Filter flyout/Edison"), OPTIONAL): Object: 'Object Repository/OCS-MOBILE /Filter flyout/Edison' is clicked on

2019-05-18 16:05:40 - [MESSAGE][PASSED] - Object: 'Object Repository/OCS-MOBILE /Filter flyout/Edison' is clicked on

2019-05-18 16:05:40 - [TEST_STEP][PASSED] - click(findTestObject("OCS-MOBILE /Filter flyout/Flowr"), OPTIONAL): Object: 'Object Repository/OCS-MOBILE /Filter flyout/Flowr' is clicked on

2019-05-18 16:05:40 - [MESSAGE][PASSED] - Object: 'Object Repository/OCS-MOBILE /Filter flyout/Flowr' is clicked on

2019-05-18 16:05:40 - [TEST_STEP][PASSED] - click(findTestObject("OCS-MOBILE /Filter flyout/Haven St"), OPTIONAL): Object: 'Object Repository/OCS-MOBILE /Filter flyout/Haven St' is clicked on

2019-05-18 16:05:40 - [MESSAGE][PASSED] - Object: 'Object Repository/OCS-MOBILE /Filter flyout/Haven St' is clicked on

2019-05-18 16:05:40 - [TEST_STEP][PASSED] - click(findTestObject("OCS-MOBILE /Filter flyout/liiv"), OPTIONAL): Object: 'Object Repository/OCS-MOBILE /Filter flyout/liiv' is clicked on

2019-05-18 16:05:40 - [MESSAGE][PASSED] - Object: 'Object Repository/OCS-MOBILE /Filter flyout/liiv' is clicked on

2019-05-18 16:05:40 - [TEST_STEP][PASSED] - click(findTestObject("OCS-MOBILE /Filter flyout/Saturday"), OPTIONAL): Object: 'Object Repository/OCS-MOBILE /Filter flyout/Saturday' is clicked on

2019-05-18 16:05:41 - [MESSAGE][PASSED] - Object: 'Object Repository/OCS-MOBILE /Filter flyout/Saturday' is clicked on

2019-05-18 16:05:41 - [TEST_STEP][PASSED] - click(findTestObject("OCS-MOBILE /Filter flyout/Spinach"), OPTIONAL): Object: 'Object Repository/OCS-MOBILE /Filter flyout/Spinach' is clicked on

2019-05-18 16:05:41 - [MESSAGE][PASSED] - Object: 'Object Repository/OCS-MOBILE /Filter flyout/Spinach' is clicked on

2019-05-18 16:05:41 - [TEST_STEP][PASSED] - click(findTestObject("Object Repository/COLLECTION PAGE _OR/Filter_OR/Page_Pre-Rolled  Ontario Cannabis S/label_Spinach"), OPTIONAL): Object: 'Object Repository/COLLECTION PAGE _OR/Filter_OR/Page_Pre-Rolled  Ontario Cannabis S/label_Spinach' is clicked on

2019-05-18 16:05:41 - [MESSAGE][PASSED] - Object: 'Object Repository/COLLECTION PAGE _OR/Filter_OR/Page_Pre-Rolled  Ontario Cannabis S/label_Spinach' is clicked on

2019-05-18 16:05:41 - [TEST_STEP][PASSED] - click(findTestObject("OCS-MOBILE /Filter flyout/THC BioMed"), OPTIONAL): Object: 'Object Repository/OCS-MOBILE /Filter flyout/THC BioMed' is clicked on

2019-05-18 16:05:41 - [MESSAGE][PASSED] - Object: 'Object Repository/OCS-MOBILE /Filter flyout/THC BioMed' is clicked on

2019-05-18 16:05:41 - [TEST_STEP][PASSED] - click(findTestObject("OCS-MOBILE /Filter flyout/Whistler Cannabis Co"), OPTIONAL): Object: 'Object Repository/OCS-MOBILE /Filter flyout/Whistler Cannabis Co' is clicked on

2019-05-18 16:05:41 - [MESSAGE][PASSED] - Object: 'Object Repository/OCS-MOBILE /Filter flyout/Whistler Cannabis Co' is clicked on

2019-05-18 16:05:41 - [TEST_STEP][PASSED] - click(findTestObject("OCS-MOBILE /Filter flyout/Spinach"), OPTIONAL): Object: 'Object Repository/OCS-MOBILE /Filter flyout/Spinach' is clicked on

2019-05-18 16:05:41 - [MESSAGE][PASSED] - Object: 'Object Repository/OCS-MOBILE /Filter flyout/Spinach' is clicked on

2019-05-18 16:05:41 - [TEST_STEP][PASSED] - click(findTestObject("OCS-MOBILE /Filter flyout/Spinach1"), OPTIONAL): Object: 'Object Repository/OCS-MOBILE /Filter flyout/Spinach1' is clicked on

2019-05-18 16:05:41 - [MESSAGE][PASSED] - Object: 'Object Repository/OCS-MOBILE /Filter flyout/Spinach1' is clicked on

2019-05-18 16:05:41 - [TEST_STEP][NOT_RUN] - click(findTestObject("OCS-MOBILE /Filter flyout/Learn More About brand"), OPTIONAL): NOT_RUN: click(findTestObject("OCS-MOBILE /Filter flyout/Learn More About brand"), OPTIONAL)

2019-05-18 16:05:41 - [MESSAGE][NOT_RUN] - NOT_RUN: click(findTestObject("OCS-MOBILE /Filter flyout/Learn More About brand"), OPTIONAL)

2019-05-18 16:05:41 - [TEST_STEP][NOT_RUN] - setText(findTestObject("OCS-MOBILE /Filter flyout/Input to search - brand"), "boveda", OPTIONAL): NOT_RUN: setText(findTestObject("OCS-MOBILE /Filter flyout/Input to search - brand"), "boveda", OPTIONAL)

2019-05-18 16:05:41 - [MESSAGE][NOT_RUN] - NOT_RUN: setText(findTestObject("OCS-MOBILE /Filter flyout/Input to search - brand"), "boveda", OPTIONAL)

2019-05-18 16:05:41 - [TEST_STEP][NOT_RUN] - verifyTextPresent("", Keys.chord(ENTER), OPTIONAL): NOT_RUN: verifyTextPresent("", Keys.chord(ENTER), OPTIONAL)

2019-05-18 16:05:41 - [MESSAGE][NOT_RUN] - NOT_RUN: verifyTextPresent("", Keys.chord(ENTER), OPTIONAL)

2019-05-18 16:05:41 - [TEST_STEP][NOT_RUN] - verifyTextPresent("Boveda", false, OPTIONAL): NOT_RUN: verifyTextPresent("Boveda", false, OPTIONAL)

2019-05-18 16:05:41 - [MESSAGE][NOT_RUN] - NOT_RUN: verifyTextPresent("Boveda", false, OPTIONAL)

2019-05-18 16:05:41 - [TEST_STEP][NOT_RUN] - setText(findTestObject("OCS-MOBILE /Filter flyout/Input to search - brand"), "ace valley", OPTIONAL): NOT_RUN: setText(findTestObject("OCS-MOBILE /Filter flyout/Input to search - brand"), "ace valley", OPTIONAL)

2019-05-18 16:05:41 - [MESSAGE][NOT_RUN] - NOT_RUN: setText(findTestObject("OCS-MOBILE /Filter flyout/Input to search - brand"), "ace valley", OPTIONAL)

2019-05-18 16:05:41 - [TEST_STEP][NOT_RUN] - sendKeys(findTestObject("Object Repository/COLLECTION PAGE _OR/Filter_OR/Page_Shop by Brands  Ontario Cannab/input_Shop by Brands_q"), Keys.chord(ENTER), OPTIONAL): NOT_RUN: sendKeys(findTestObject("Object Repository/COLLECTION PAGE _OR/Filter_OR/Page_Shop by Brands  Ontario Cannab/input_Shop by Brands_q"), Keys.chord(ENTER), OPTIONAL)

2019-05-18 16:05:41 - [MESSAGE][NOT_RUN] - NOT_RUN: sendKeys(findTestObject("Object Repository/COLLECTION PAGE _OR/Filter_OR/Page_Shop by Brands  Ontario Cannab/input_Shop by Brands_q"), Keys.chord(ENTER), OPTIONAL)

2019-05-18 16:05:41 - [TEST_STEP][NOT_RUN] - verifyTextPresent("Ace Valley", false, OPTIONAL): NOT_RUN: verifyTextPresent("Ace Valley", false, OPTIONAL)

2019-05-18 16:05:41 - [MESSAGE][NOT_RUN] - NOT_RUN: verifyTextPresent("Ace Valley", false, OPTIONAL)

2019-05-18 16:05:41 - [TEST_STEP][NOT_RUN] - back(OPTIONAL): NOT_RUN: back(OPTIONAL)

2019-05-18 16:05:41 - [MESSAGE][NOT_RUN] - NOT_RUN: back(OPTIONAL)

2019-05-18 16:05:41 - [TEST_STEP][NOT_RUN] - back(OPTIONAL): NOT_RUN: back(OPTIONAL)

2019-05-18 16:05:41 - [MESSAGE][NOT_RUN] - NOT_RUN: back(OPTIONAL)

2019-05-18 16:05:41 - [TEST_STEP][NOT_RUN] - click(findTestObject("OCS-MOBILE /Filter flyout/Filter option"), OPTIONAL): NOT_RUN: click(findTestObject("OCS-MOBILE /Filter flyout/Filter option"), OPTIONAL)

2019-05-18 16:05:41 - [MESSAGE][NOT_RUN] - NOT_RUN: click(findTestObject("OCS-MOBILE /Filter flyout/Filter option"), OPTIONAL)

2019-05-18 16:05:41 - [TEST_STEP][PASSED] - click(findTestObject("OCS-MOBILE /Filter flyout/Terpenes tooltip"), OPTIONAL): Object: 'Object Repository/OCS-MOBILE /Filter flyout/Terpenes tooltip' is clicked on

2019-05-18 16:05:41 - [MESSAGE][PASSED] - Object: 'Object Repository/OCS-MOBILE /Filter flyout/Terpenes tooltip' is clicked on

2019-05-18 16:05:41 - [TEST_STEP][PASSED] - click(findTestObject("OCS-MOBILE /Filter flyout/Terpenes plus accordian"), OPTIONAL): Object: 'Object Repository/OCS-MOBILE /Filter flyout/Terpenes plus accordian' is clicked on

2019-05-18 16:05:41 - [MESSAGE][PASSED] - Object: 'Object Repository/OCS-MOBILE /Filter flyout/Terpenes plus accordian' is clicked on

2019-05-18 16:05:41 - [TEST_STEP][PASSED] - click(findTestObject("OCS-MOBILE /Filter flyout/Terpenes subtract accordian"), OPTIONAL): Object: 'Object Repository/OCS-MOBILE /Filter flyout/Terpenes subtract accordian' is clicked on

2019-05-18 16:05:41 - [MESSAGE][PASSED] - Object: 'Object Repository/OCS-MOBILE /Filter flyout/Terpenes subtract accordian' is clicked on

2019-05-18 16:05:41 - [TEST_STEP][PASSED] - click(findTestObject("OCS-MOBILE /Filter flyout/Terpenes plus accordian"), OPTIONAL): Object: 'Object Repository/OCS-MOBILE /Filter flyout/Terpenes plus accordian' is clicked on

2019-05-18 16:05:41 - [MESSAGE][PASSED] - Object: 'Object Repository/OCS-MOBILE /Filter flyout/Terpenes plus accordian' is clicked on

2019-05-18 16:05:41 - [TEST_STEP][PASSED] - click(findTestObject("OCS-MOBILE /Filter flyout/Alpha-bisabolol"), OPTIONAL): Object: 'Object Repository/OCS-MOBILE /Filter flyout/Alpha-bisabolol' is clicked on

2019-05-18 16:05:41 - [MESSAGE][PASSED] - Object: 'Object Repository/OCS-MOBILE /Filter flyout/Alpha-bisabolol' is clicked on

2019-05-18 16:05:41 - [TEST_STEP][PASSED] - click(findTestObject("OCS-MOBILE /Filter flyout/Alpha-pinene"), OPTIONAL): Object: 'Object Repository/OCS-MOBILE /Filter flyout/Alpha-pinene' is clicked on

2019-05-18 16:05:41 - [MESSAGE][PASSED] - Object: 'Object Repository/OCS-MOBILE /Filter flyout/Alpha-pinene' is clicked on

2019-05-18 16:05:41 - [TEST_STEP][PASSED] - click(findTestObject("Object Repository/COLLECTION PAGE _OR/Filter_OR/Page_Pre-Rolled  Ontario Cannabis S/label_Alpha-pinene"), OPTIONAL): Unable to click on object 'Object Repository/COLLECTION PAGE _OR/Filter_OR/Page_Pre-Rolled  Ontario Cannabis S/label_Alpha-pinene' (Root cause: org.openqa.selenium.WebDriverException: unknown error: Element <span>...</span> is not clickable at point (301, 216). Other element would receive the click: <span>...</span>
  (Session info: chrome=74.0.3729.157)
  (Driver info: chromedriver=2.43.600229 (3fae4d0cda5334b4f533bede5a4787f7b832d052),platform=Mac OS X 10.13.6 x86_64) (WARNING: The server did not provide any stacktrace information)
Command duration or timeout: 0 milliseconds
Build info: version: '3.7.1', revision: '8a0099a', time: '2017-11-06T21:07:36.161Z'
System info: host: 'sumans-MacBook-Pro.local', ip: 'fe80:0:0:0:c95:20e5:430d:4315%en0', os.name: 'Mac OS X', os.arch: 'x86_64', os.version: '10.13.6', java.version: '1.8.0_181'
Driver info: com.kms.katalon.selenium.driver.CChromeDriver
Capabilities {acceptInsecureCerts: false, acceptSslCerts: false, applicationCacheEnabled: false, browserConnectionEnabled: false, browserName: chrome, chrome: {chromedriverVersion: 2.43.600229 (3fae4d0cda5334..., userDataDir: /var/folders/1t/c55l8xzs6gq...}, cssSelectorsEnabled: true, databaseEnabled: false, goog:chromeOptions: {debuggerAddress: localhost:51234}, handlesAlerts: true, hasTouchScreen: false, javascriptEnabled: true, locationContextEnabled: true, mobileEmulationEnabled: false, nativeEvents: true, networkConnectionEnabled: false, pageLoadStrategy: normal, platform: MAC, platformName: MAC, rotatable: false, setWindowRect: true, takesHeapSnapshot: true, takesScreenshot: true, unexpectedAlertBehaviour: , unhandledPromptBehavior: , version: 74.0.3729.157, webStorageEnabled: true}
Session ID: 67d8cfe428f42d493e3681e87ff6ebe7)

2019-05-18 16:05:42 - [MESSAGE][WARNING] - Unable to click on object 'Object Repository/COLLECTION PAGE _OR/Filter_OR/Page_Pre-Rolled  Ontario Cannabis S/label_Alpha-pinene' (Root cause: org.openqa.selenium.WebDriverException: unknown error: Element <span>...</span> is not clickable at point (301, 216). Other element would receive the click: <span>...</span>
  (Session info: chrome=74.0.3729.157)
  (Driver info: chromedriver=2.43.600229 (3fae4d0cda5334b4f533bede5a4787f7b832d052),platform=Mac OS X 10.13.6 x86_64) (WARNING: The server did not provide any stacktrace information)
Command duration or timeout: 0 milliseconds
Build info: version: '3.7.1', revision: '8a0099a', time: '2017-11-06T21:07:36.161Z'
System info: host: 'sumans-MacBook-Pro.local', ip: 'fe80:0:0:0:c95:20e5:430d:4315%en0', os.name: 'Mac OS X', os.arch: 'x86_64', os.version: '10.13.6', java.version: '1.8.0_181'
Driver info: com.kms.katalon.selenium.driver.CChromeDriver
Capabilities {acceptInsecureCerts: false, acceptSslCerts: false, applicationCacheEnabled: false, browserConnectionEnabled: false, browserName: chrome, chrome: {chromedriverVersion: 2.43.600229 (3fae4d0cda5334..., userDataDir: /var/folders/1t/c55l8xzs6gq...}, cssSelectorsEnabled: true, databaseEnabled: false, goog:chromeOptions: {debuggerAddress: localhost:51234}, handlesAlerts: true, hasTouchScreen: false, javascriptEnabled: true, locationContextEnabled: true, mobileEmulationEnabled: false, nativeEvents: true, networkConnectionEnabled: false, pageLoadStrategy: normal, platform: MAC, platformName: MAC, rotatable: false, setWindowRect: true, takesHeapSnapshot: true, takesScreenshot: true, unexpectedAlertBehaviour: , unhandledPromptBehavior: , version: 74.0.3729.157, webStorageEnabled: true}
Session ID: 67d8cfe428f42d493e3681e87ff6ebe7)
[[ATTACHMENT|/Users/sumankompelly/git/Ontario-cannbis-store/Reports/OCS- MOBILE/AGE GATE/20190518_153710/1558209941885.png]]

2019-05-18 16:05:42 - [TEST_STEP][PASSED] - click(findTestObject("OCS-MOBILE /Filter flyout/Beta-pinene"), OPTIONAL): Object: 'Object Repository/OCS-MOBILE /Filter flyout/Beta-pinene' is clicked on

2019-05-18 16:05:42 - [MESSAGE][PASSED] - Object: 'Object Repository/OCS-MOBILE /Filter flyout/Beta-pinene' is clicked on

2019-05-18 16:05:42 - [TEST_STEP][PASSED] - click(findTestObject("OCS-MOBILE /Filter flyout/Guaiol"), OPTIONAL): Object: 'Object Repository/OCS-MOBILE /Filter flyout/Guaiol' is clicked on

2019-05-18 16:05:42 - [MESSAGE][PASSED] - Object: 'Object Repository/OCS-MOBILE /Filter flyout/Guaiol' is clicked on

2019-05-18 16:05:42 - [TEST_STEP][PASSED] - click(findTestObject("OCS-MOBILE /Filter flyout/Limonene"), OPTIONAL): Object: 'Object Repository/OCS-MOBILE /Filter flyout/Limonene' is clicked on

2019-05-18 16:05:42 - [MESSAGE][PASSED] - Object: 'Object Repository/OCS-MOBILE /Filter flyout/Limonene' is clicked on

2019-05-18 16:05:42 - [TEST_STEP][PASSED] - delay(1, OPTIONAL): Delayed 1 second(s)

2019-05-18 16:05:43 - [MESSAGE][PASSED] - Delayed 1 second(s)

2019-05-18 16:05:43 - [TEST_STEP][PASSED] - click(findTestObject("OCS-MOBILE /Filter flyout/Myrcene"), OPTIONAL): Object: 'Object Repository/OCS-MOBILE /Filter flyout/Myrcene' is clicked on

2019-05-18 16:05:43 - [MESSAGE][PASSED] - Object: 'Object Repository/OCS-MOBILE /Filter flyout/Myrcene' is clicked on

2019-05-18 16:05:43 - [TEST_STEP][PASSED] - delay(1, OPTIONAL): Delayed 1 second(s)

2019-05-18 16:05:44 - [MESSAGE][PASSED] - Delayed 1 second(s)

2019-05-18 16:05:44 - [TEST_STEP][PASSED] - click(findTestObject("OCS-MOBILE /Filter flyout/Ocimene"), OPTIONAL): Object: 'Object Repository/OCS-MOBILE /Filter flyout/Ocimene' is clicked on

2019-05-18 16:05:44 - [MESSAGE][PASSED] - Object: 'Object Repository/OCS-MOBILE /Filter flyout/Ocimene' is clicked on

2019-05-18 16:05:44 - [TEST_STEP][PASSED] - click(findTestObject("OCS-MOBILE /Filter flyout/Terpinene"), OPTIONAL): Unable to click on object 'Object Repository/OCS-MOBILE /Filter flyout/Terpinene' (Root cause: org.openqa.selenium.WebDriverException: unknown error: Element <span>...</span> is not clickable at point (292, 418). Other element would receive the click: <div class="filter__applied-filters" style="display: block;">...</div>
  (Session info: chrome=74.0.3729.157)
  (Driver info: chromedriver=2.43.600229 (3fae4d0cda5334b4f533bede5a4787f7b832d052),platform=Mac OS X 10.13.6 x86_64) (WARNING: The server did not provide any stacktrace information)
Command duration or timeout: 0 milliseconds
Build info: version: '3.7.1', revision: '8a0099a', time: '2017-11-06T21:07:36.161Z'
System info: host: 'sumans-MacBook-Pro.local', ip: 'fe80:0:0:0:c95:20e5:430d:4315%en0', os.name: 'Mac OS X', os.arch: 'x86_64', os.version: '10.13.6', java.version: '1.8.0_181'
Driver info: com.kms.katalon.selenium.driver.CChromeDriver
Capabilities {acceptInsecureCerts: false, acceptSslCerts: false, applicationCacheEnabled: false, browserConnectionEnabled: false, browserName: chrome, chrome: {chromedriverVersion: 2.43.600229 (3fae4d0cda5334..., userDataDir: /var/folders/1t/c55l8xzs6gq...}, cssSelectorsEnabled: true, databaseEnabled: false, goog:chromeOptions: {debuggerAddress: localhost:51234}, handlesAlerts: true, hasTouchScreen: false, javascriptEnabled: true, locationContextEnabled: true, mobileEmulationEnabled: false, nativeEvents: true, networkConnectionEnabled: false, pageLoadStrategy: normal, platform: MAC, platformName: MAC, rotatable: false, setWindowRect: true, takesHeapSnapshot: true, takesScreenshot: true, unexpectedAlertBehaviour: , unhandledPromptBehavior: , version: 74.0.3729.157, webStorageEnabled: true}
Session ID: 67d8cfe428f42d493e3681e87ff6ebe7)

2019-05-18 16:05:44 - [MESSAGE][WARNING] - Unable to click on object 'Object Repository/OCS-MOBILE /Filter flyout/Terpinene' (Root cause: org.openqa.selenium.WebDriverException: unknown error: Element <span>...</span> is not clickable at point (292, 418). Other element would receive the click: <div class="filter__applied-filters" style="display: block;">...</div>
  (Session info: chrome=74.0.3729.157)
  (Driver info: chromedriver=2.43.600229 (3fae4d0cda5334b4f533bede5a4787f7b832d052),platform=Mac OS X 10.13.6 x86_64) (WARNING: The server did not provide any stacktrace information)
Command duration or timeout: 0 milliseconds
Build info: version: '3.7.1', revision: '8a0099a', time: '2017-11-06T21:07:36.161Z'
System info: host: 'sumans-MacBook-Pro.local', ip: 'fe80:0:0:0:c95:20e5:430d:4315%en0', os.name: 'Mac OS X', os.arch: 'x86_64', os.version: '10.13.6', java.version: '1.8.0_181'
Driver info: com.kms.katalon.selenium.driver.CChromeDriver
Capabilities {acceptInsecureCerts: false, acceptSslCerts: false, applicationCacheEnabled: false, browserConnectionEnabled: false, browserName: chrome, chrome: {chromedriverVersion: 2.43.600229 (3fae4d0cda5334..., userDataDir: /var/folders/1t/c55l8xzs6gq...}, cssSelectorsEnabled: true, databaseEnabled: false, goog:chromeOptions: {debuggerAddress: localhost:51234}, handlesAlerts: true, hasTouchScreen: false, javascriptEnabled: true, locationContextEnabled: true, mobileEmulationEnabled: false, nativeEvents: true, networkConnectionEnabled: false, pageLoadStrategy: normal, platform: MAC, platformName: MAC, rotatable: false, setWindowRect: true, takesHeapSnapshot: true, takesScreenshot: true, unexpectedAlertBehaviour: , unhandledPromptBehavior: , version: 74.0.3729.157, webStorageEnabled: true}
Session ID: 67d8cfe428f42d493e3681e87ff6ebe7)
[[ATTACHMENT|/Users/sumankompelly/git/Ontario-cannbis-store/Reports/OCS- MOBILE/AGE GATE/20190518_153710/1558209944592.png]]

2019-05-18 16:05:44 - [TEST_STEP][PASSED] - click(findTestObject("OCS-MOBILE /Filter flyout/Terpinolene"), OPTIONAL): Object: 'Object Repository/OCS-MOBILE /Filter flyout/Terpinolene' is clicked on

2019-05-18 16:05:44 - [MESSAGE][PASSED] - Object: 'Object Repository/OCS-MOBILE /Filter flyout/Terpinolene' is clicked on

2019-05-18 16:05:44 - [TEST_STEP][PASSED] - delay(1, OPTIONAL): Delayed 1 second(s)

2019-05-18 16:05:45 - [MESSAGE][PASSED] - Delayed 1 second(s)

2019-05-18 16:05:45 - [TEST_STEP][NOT_RUN] - click(findTestObject("Object Repository/COLLECTION PAGE _OR/Filter_OR/Page_Pre-Rolled  Ontario Cannabis S/span_Trans-caryophyllene"), OPTIONAL): NOT_RUN: click(findTestObject("Object Repository/COLLECTION PAGE _OR/Filter_OR/Page_Pre-Rolled  Ontario Cannabis S/span_Trans-caryophyllene"), OPTIONAL)

2019-05-18 16:05:45 - [MESSAGE][NOT_RUN] - NOT_RUN: click(findTestObject("Object Repository/COLLECTION PAGE _OR/Filter_OR/Page_Pre-Rolled  Ontario Cannabis S/span_Trans-caryophyllene"), OPTIONAL)

2019-05-18 16:05:45 - [TEST_STEP][PASSED] - click(findTestObject("OCS-MOBILE /Filter flyout/Terpineol"), OPTIONAL): Object: 'Object Repository/OCS-MOBILE /Filter flyout/Terpineol' is clicked on

2019-05-18 16:05:46 - [MESSAGE][PASSED] - Object: 'Object Repository/OCS-MOBILE /Filter flyout/Terpineol' is clicked on

2019-05-18 16:05:46 - [TEST_STEP][PASSED] - click(findTestObject("OCS-MOBILE /Filter flyout/Para-cymenene"), OPTIONAL): Object: 'Object Repository/OCS-MOBILE /Filter flyout/Para-cymenene' is clicked on

2019-05-18 16:05:46 - [MESSAGE][PASSED] - Object: 'Object Repository/OCS-MOBILE /Filter flyout/Para-cymenene' is clicked on

2019-05-18 16:05:46 - [TEST_STEP][PASSED] - click(findTestObject("OCS-MOBILE /Filter flyout/Nerolidol"), OPTIONAL): Object: 'Object Repository/OCS-MOBILE /Filter flyout/Nerolidol' is clicked on

2019-05-18 16:05:46 - [MESSAGE][PASSED] - Object: 'Object Repository/OCS-MOBILE /Filter flyout/Nerolidol' is clicked on

2019-05-18 16:05:46 - [TEST_STEP][PASSED] - click(findTestObject("OCS-MOBILE /Filter flyout/Linalool"), OPTIONAL): Object: 'Object Repository/OCS-MOBILE /Filter flyout/Linalool' is clicked on

2019-05-18 16:05:46 - [MESSAGE][PASSED] - Object: 'Object Repository/OCS-MOBILE /Filter flyout/Linalool' is clicked on

2019-05-18 16:05:46 - [TEST_STEP][PASSED] - click(findTestObject("OCS-MOBILE /Filter flyout/Humulene"), OPTIONAL): Object: 'Object Repository/OCS-MOBILE /Filter flyout/Humulene' is clicked on

2019-05-18 16:05:46 - [MESSAGE][PASSED] - Object: 'Object Repository/OCS-MOBILE /Filter flyout/Humulene' is clicked on

2019-05-18 16:05:46 - [TEST_STEP][PASSED] - click(findTestObject("OCS-MOBILE /Filter flyout/Bisabolol"), OPTIONAL): Object: 'Object Repository/OCS-MOBILE /Filter flyout/Bisabolol' is clicked on

2019-05-18 16:05:46 - [MESSAGE][PASSED] - Object: 'Object Repository/OCS-MOBILE /Filter flyout/Bisabolol' is clicked on

2019-05-18 16:05:46 - [TEST_STEP][PASSED] - click(findTestObject("OCS-MOBILE /Filter flyout/Beta-caryophyllene"), OPTIONAL): Object: 'Object Repository/OCS-MOBILE /Filter flyout/Beta-caryophyllene' is clicked on

2019-05-18 16:05:46 - [MESSAGE][PASSED] - Object: 'Object Repository/OCS-MOBILE /Filter flyout/Beta-caryophyllene' is clicked on

2019-05-18 16:05:46 - [TEST_STEP][PASSED] - click(findTestObject("OCS-MOBILE /Filter flyout/Alpha-caryophyllene"), OPTIONAL): Object: 'Object Repository/OCS-MOBILE /Filter flyout/Alpha-caryophyllene' is clicked on

2019-05-18 16:05:46 - [MESSAGE][PASSED] - Object: 'Object Repository/OCS-MOBILE /Filter flyout/Alpha-caryophyllene' is clicked on

2019-05-18 16:05:46 - [TEST_STEP][PASSED] - click(findTestObject("OCS-MOBILE /Filter flyout/Trans-caryophyllene"), OPTIONAL): Object: 'Object Repository/OCS-MOBILE /Filter flyout/Trans-caryophyllene' is clicked on

2019-05-18 16:05:46 - [MESSAGE][PASSED] - Object: 'Object Repository/OCS-MOBILE /Filter flyout/Trans-caryophyllene' is clicked on

2019-05-18 16:05:46 - [TEST_STEP][PASSED] - delay(2): Delayed 2 second(s)

2019-05-18 16:05:48 - [MESSAGE][PASSED] - Delayed 2 second(s)

2019-05-18 16:05:48 - [TEST_STEP][PASSED] - setViewPortSize(1000, 800, OPTIONAL): Viewport is set to new size with width = 1000 and height = 800

2019-05-18 16:05:48 - [MESSAGE][PASSED] - Viewport is set to new size with width = 1000 and height = 800

2019-05-18 16:05:48 - [TEST_STEP][PASSED] - delay(2, OPTIONAL): Delayed 2 second(s)

2019-05-18 16:05:50 - [MESSAGE][PASSED] - Delayed 2 second(s)

2019-05-18 16:05:50 - [TEST_STEP][PASSED] - click(findTestObject("Theme_oR/Page_Ontario Cannabis Store  Ontari/button_Hide bar"), OPTIONAL): Object: 'Object Repository/Theme_oR/Page_Ontario Cannabis Store  Ontari/button_Hide bar' is clicked on

2019-05-18 16:05:50 - [MESSAGE][PASSED] - Object: 'Object Repository/Theme_oR/Page_Ontario Cannabis Store  Ontari/button_Hide bar' is clicked on

2019-05-18 16:05:50 - [TEST_STEP][PASSED] - delay(2, OPTIONAL): Delayed 2 second(s)

2019-05-18 16:05:52 - [MESSAGE][PASSED] - Delayed 2 second(s)

2019-05-18 16:05:52 - [TEST_STEP][PASSED] - setViewPortSize(360, 800, OPTIONAL): Viewport is set to new size with width = 360 and height = 800

2019-05-18 16:05:52 - [MESSAGE][PASSED] - Viewport is set to new size with width = 360 and height = 800

2019-05-18 16:05:52 - [TEST_STEP][PASSED] - delay(1, OPTIONAL): Delayed 1 second(s)

2019-05-18 16:05:53 - [MESSAGE][PASSED] - Delayed 1 second(s)

2019-05-18 16:05:53 - [TEST_STEP][PASSED] - click(findTestObject("Object Repository/COLLECTION PAGE _OR/Filter_OR/Page_Pre-Rolled  Ontario Cannabis S/a_Done (43)")): Object: 'Object Repository/COLLECTION PAGE _OR/Filter_OR/Page_Pre-Rolled  Ontario Cannabis S/a_Done (43)' is clicked on

2019-05-18 16:05:54 - [MESSAGE][PASSED] - Object: 'Object Repository/COLLECTION PAGE _OR/Filter_OR/Page_Pre-Rolled  Ontario Cannabis S/a_Done (43)' is clicked on

2019-05-18 16:05:54 - [TEST_STEP][PASSED] - a = getText(findTestObject("COLLECTION PAGE _OR/Filter_OR/Page_Pre-Rolled  Ontario Cannabis S/li_Pre-Rolled")): Text of object 'Object Repository/COLLECTION PAGE _OR/Filter_OR/Page_Pre-Rolled  Ontario Cannabis S/li_Pre-Rolled' is: '13 Products'

2019-05-18 16:05:54 - [MESSAGE][PASSED] - Text of object 'Object Repository/COLLECTION PAGE _OR/Filter_OR/Page_Pre-Rolled  Ontario Cannabis S/li_Pre-Rolled' is: '13 Products'

2019-05-18 16:05:54 - [TEST_STEP][PASSED] - comment(a): 13 Products

2019-05-18 16:05:54 - [MESSAGE][INFO] - 13 Products

2019-05-18 16:05:54 - [TEST_STEP][PASSED] - if (a == "40 Products"): null

2019-05-18 16:05:54 - [TEST_STEP][PASSED] - else: products filtered

2019-05-18 16:05:54 - [TEST_STEP][PASSED] - comment("products filtered"): products filtered

2019-05-18 16:05:54 - [MESSAGE][INFO] - products filtered

2019-05-18 16:05:54 - [TEST_STEP][NOT_RUN] - callTestCase(findTestCase("OCS - MOBILE/OCS-COLLECTION PAGE/calling test case"), [:], STOP_ON_FAILURE): NOT_RUN: callTestCase(findTestCase("OCS - MOBILE/OCS-COLLECTION PAGE/calling test case"), [:], STOP_ON_FAILURE)

2019-05-18 16:05:54 - [MESSAGE][NOT_RUN] - NOT_RUN: callTestCase(findTestCase("OCS - MOBILE/OCS-COLLECTION PAGE/calling test case"), [:], STOP_ON_FAILURE)

2019-05-18 16:05:54 - [TEST_STEP][NOT_RUN] - click(findTestObject("OCS-MOBILE /Filter flyout/Filter option")): NOT_RUN: click(findTestObject("OCS-MOBILE /Filter flyout/Filter option"))

2019-05-18 16:05:54 - [MESSAGE][NOT_RUN] - NOT_RUN: click(findTestObject("OCS-MOBILE /Filter flyout/Filter option"))

2019-05-18 16:05:54 - [TEST_STEP][NOT_RUN] - delay(2): NOT_RUN: delay(2)

2019-05-18 16:05:54 - [MESSAGE][NOT_RUN] - NOT_RUN: delay(2)

2019-05-18 16:05:54 - [TEST_STEP][NOT_RUN] - setViewPortSize(1000, 800, OPTIONAL): NOT_RUN: setViewPortSize(1000, 800, OPTIONAL)

2019-05-18 16:05:54 - [MESSAGE][NOT_RUN] - NOT_RUN: setViewPortSize(1000, 800, OPTIONAL)

2019-05-18 16:05:54 - [TEST_STEP][NOT_RUN] - delay(2, OPTIONAL): NOT_RUN: delay(2, OPTIONAL)

2019-05-18 16:05:54 - [MESSAGE][NOT_RUN] - NOT_RUN: delay(2, OPTIONAL)

2019-05-18 16:05:54 - [TEST_STEP][NOT_RUN] - click(findTestObject("Theme_oR/Page_Ontario Cannabis Store  Ontari/button_Hide bar"), OPTIONAL): NOT_RUN: click(findTestObject("Theme_oR/Page_Ontario Cannabis Store  Ontari/button_Hide bar"), OPTIONAL)

2019-05-18 16:05:54 - [MESSAGE][NOT_RUN] - NOT_RUN: click(findTestObject("Theme_oR/Page_Ontario Cannabis Store  Ontari/button_Hide bar"), OPTIONAL)

2019-05-18 16:05:54 - [TEST_STEP][NOT_RUN] - delay(2, OPTIONAL): NOT_RUN: delay(2, OPTIONAL)

2019-05-18 16:05:54 - [MESSAGE][NOT_RUN] - NOT_RUN: delay(2, OPTIONAL)

2019-05-18 16:05:54 - [TEST_STEP][NOT_RUN] - setViewPortSize(360, 800, OPTIONAL): NOT_RUN: setViewPortSize(360, 800, OPTIONAL)

2019-05-18 16:05:54 - [MESSAGE][NOT_RUN] - NOT_RUN: setViewPortSize(360, 800, OPTIONAL)

2019-05-18 16:05:54 - [TEST_STEP][NOT_RUN] - delay(1, OPTIONAL): NOT_RUN: delay(1, OPTIONAL)

2019-05-18 16:05:54 - [MESSAGE][NOT_RUN] - NOT_RUN: delay(1, OPTIONAL)

2019-05-18 16:05:54 - [TEST_STEP][NOT_RUN] - click(findTestObject("OCS-MOBILE /Filter flyout/Learn More About Terpenes")): NOT_RUN: click(findTestObject("OCS-MOBILE /Filter flyout/Learn More About Terpenes"))

2019-05-18 16:05:54 - [MESSAGE][NOT_RUN] - NOT_RUN: click(findTestObject("OCS-MOBILE /Filter flyout/Learn More About Terpenes"))]]></system-out>
         <system-err><![CDATA[]]></system-err>
      </testcase>
      <testcase name="Test Cases/OCS - MOBILE/OCS-COLLECTION PAGE/Sort" classname="Test Cases/OCS - MOBILE/OCS-COLLECTION PAGE/Sort" status="PASSED">
         <system-out><![CDATA[2019-05-18 16:05:54 - [TEST_CASE][PASSED] - Test Cases/OCS - MOBILE/OCS-COLLECTION PAGE/Sort: Test Cases/OCS - MOBILE/OCS-COLLECTION PAGE/Sort

2019-05-18 16:05:54 - [TEST_STEP][PASSED] - openBrowser(""): Browser is opened with url: ''

2019-05-18 16:05:54 - [MESSAGE][WARNING] - A browser is already opened. Closing browser and opening a new one

2019-05-18 16:05:54 - [MESSAGE][INFO] - Starting 'Chrome' driver

2019-05-18 16:05:55 - [MESSAGE][PASSED] - Browser is opened with url: ''

2019-05-18 16:05:55 - [TEST_STEP][PASSED] - navigateToUrl("https://ocs.ca/?fts=0&preview_theme_id=53373863756"): Navigate to 'https://ocs.ca/?fts=0&preview_theme_id=53373863756' successfully

2019-05-18 16:05:59 - [MESSAGE][PASSED] - Navigate to 'https://ocs.ca/?fts=0&preview_theme_id=53373863756' successfully

2019-05-18 16:05:59 - [TEST_STEP][PASSED] - setViewPortSize(360, 800): Viewport is set to new size with width = 360 and height = 800

2019-05-18 16:05:59 - [MESSAGE][PASSED] - Viewport is set to new size with width = 360 and height = 800

2019-05-18 16:05:59 - [TEST_STEP][PASSED] - delay(4): Delayed 4 second(s)

2019-05-18 16:06:03 - [MESSAGE][PASSED] - Delayed 4 second(s)

2019-05-18 16:06:03 - [TEST_STEP][PASSED] - selectOptionByValue(findTestObject("OCS-MOBILE /Age gate and burger menu/Date"), "12", true): All options with value '12' are selected in object 'Object Repository/OCS-MOBILE /Age gate and burger menu/Date'  using regular expression

2019-05-18 16:06:04 - [MESSAGE][PASSED] - All options with value '12' are selected in object 'Object Repository/OCS-MOBILE /Age gate and burger menu/Date'  using regular expression

2019-05-18 16:06:04 - [TEST_STEP][PASSED] - selectOptionByValue(findTestObject("OCS-MOBILE /Age gate and burger menu/month"), "6", true): All options with value '6' are selected in object 'Object Repository/OCS-MOBILE /Age gate and burger menu/month'  using regular expression

2019-05-18 16:06:04 - [MESSAGE][PASSED] - All options with value '6' are selected in object 'Object Repository/OCS-MOBILE /Age gate and burger menu/month'  using regular expression

2019-05-18 16:06:04 - [TEST_STEP][PASSED] - delay(2): Delayed 2 second(s)

2019-05-18 16:06:06 - [MESSAGE][PASSED] - Delayed 2 second(s)

2019-05-18 16:06:06 - [TEST_STEP][PASSED] - selectOptionByValue(findTestObject("OCS-MOBILE /Age gate and burger menu/Year Dropdown"), "1990", true): All options with value '1990' are selected in object 'Object Repository/OCS-MOBILE /Age gate and burger menu/Year Dropdown'  using regular expression

2019-05-18 16:06:07 - [MESSAGE][PASSED] - All options with value '1990' are selected in object 'Object Repository/OCS-MOBILE /Age gate and burger menu/Year Dropdown'  using regular expression

2019-05-18 16:06:07 - [TEST_STEP][PASSED] - click(findTestObject("OCS-MOBILE /Age gate and burger menu/button_Verify")): Object: 'Object Repository/OCS-MOBILE /Age gate and burger menu/button_Verify' is clicked on

2019-05-18 16:06:07 - [MESSAGE][PASSED] - Object: 'Object Repository/OCS-MOBILE /Age gate and burger menu/button_Verify' is clicked on

2019-05-18 16:06:07 - [TEST_STEP][PASSED] - click(findTestObject("OCS-MOBILE /Age gate and burger menu/Checkbox_CONFIRM AND ACKNOWLEDGE")): Object: 'Object Repository/OCS-MOBILE /Age gate and burger menu/Checkbox_CONFIRM AND ACKNOWLEDGE' is clicked on

2019-05-18 16:06:07 - [MESSAGE][PASSED] - Object: 'Object Repository/OCS-MOBILE /Age gate and burger menu/Checkbox_CONFIRM AND ACKNOWLEDGE' is clicked on

2019-05-18 16:06:07 - [TEST_STEP][PASSED] - click(findTestObject("OCS-MOBILE /Age gate and burger menu/button_CONFIRM")): Object: 'Object Repository/OCS-MOBILE /Age gate and burger menu/button_CONFIRM' is clicked on

2019-05-18 16:06:07 - [MESSAGE][PASSED] - Object: 'Object Repository/OCS-MOBILE /Age gate and burger menu/button_CONFIRM' is clicked on

2019-05-18 16:06:07 - [TEST_STEP][PASSED] - click(findTestObject("OCS-MOBILE /Age gate and burger menu/button_Start Browsing")): Object: 'Object Repository/OCS-MOBILE /Age gate and burger menu/button_Start Browsing' is clicked on

2019-05-18 16:06:07 - [MESSAGE][PASSED] - Object: 'Object Repository/OCS-MOBILE /Age gate and burger menu/button_Start Browsing' is clicked on

2019-05-18 16:06:07 - [TEST_STEP][PASSED] - delay(2): Delayed 2 second(s)

2019-05-18 16:06:09 - [MESSAGE][PASSED] - Delayed 2 second(s)

2019-05-18 16:06:09 - [TEST_STEP][PASSED] - click(findTestObject("OCS-MOBILE /Age gate and burger menu/Burger menu - English")): Object: 'Object Repository/OCS-MOBILE /Age gate and burger menu/Burger menu - English' is clicked on

2019-05-18 16:06:09 - [MESSAGE][PASSED] - Object: 'Object Repository/OCS-MOBILE /Age gate and burger menu/Burger menu - English' is clicked on

2019-05-18 16:06:09 - [TEST_STEP][PASSED] - delay(2): Delayed 2 second(s)

2019-05-18 16:06:11 - [MESSAGE][PASSED] - Delayed 2 second(s)

2019-05-18 16:06:11 - [TEST_STEP][PASSED] - click(findTestObject("OCS-MOBILE /Cannabis page/Cannabis chevron")): Object: 'Object Repository/OCS-MOBILE /Cannabis page/Cannabis chevron' is clicked on

2019-05-18 16:06:11 - [MESSAGE][PASSED] - Object: 'Object Repository/OCS-MOBILE /Cannabis page/Cannabis chevron' is clicked on

2019-05-18 16:06:11 - [TEST_STEP][PASSED] - delay(2): Delayed 2 second(s)

2019-05-18 16:06:13 - [MESSAGE][PASSED] - Delayed 2 second(s)

2019-05-18 16:06:13 - [TEST_STEP][PASSED] - click(findTestObject("OCS-MOBILE /Cannabis page/Dried flower - plus accordian")): Object: 'Object Repository/OCS-MOBILE /Cannabis page/Dried flower - plus accordian' is clicked on

2019-05-18 16:06:13 - [MESSAGE][PASSED] - Object: 'Object Repository/OCS-MOBILE /Cannabis page/Dried flower - plus accordian' is clicked on

2019-05-18 16:06:13 - [TEST_STEP][PASSED] - delay(2): Delayed 2 second(s)

2019-05-18 16:06:15 - [MESSAGE][PASSED] - Delayed 2 second(s)

2019-05-18 16:06:15 - [TEST_STEP][PASSED] - click(findTestObject("OCS-MOBILE /Cannabis page/Dried flower - Indica dominant")): Object: 'Object Repository/OCS-MOBILE /Cannabis page/Dried flower - Indica dominant' is clicked on

2019-05-18 16:06:18 - [MESSAGE][PASSED] - Object: 'Object Repository/OCS-MOBILE /Cannabis page/Dried flower - Indica dominant' is clicked on

2019-05-18 16:06:18 - [TEST_STEP][PASSED] - delay(2): Delayed 2 second(s)

2019-05-18 16:06:20 - [MESSAGE][PASSED] - Delayed 2 second(s)

2019-05-18 16:06:20 - [TEST_STEP][PASSED] - click(findTestObject("OCS-MOBILE /Collection page/sort option")): Object: 'Object Repository/OCS-MOBILE /Collection page/sort option' is clicked on

2019-05-18 16:06:20 - [MESSAGE][PASSED] - Object: 'Object Repository/OCS-MOBILE /Collection page/sort option' is clicked on

2019-05-18 16:06:20 - [TEST_STEP][PASSED] - delay(1): Delayed 1 second(s)

2019-05-18 16:06:21 - [MESSAGE][PASSED] - Delayed 1 second(s)

2019-05-18 16:06:21 - [TEST_STEP][PASSED] - click(findTestObject("OCS-MOBILE /Collection page/Price Low to High")): Object: 'Object Repository/OCS-MOBILE /Collection page/Price Low to High' is clicked on

2019-05-18 16:06:21 - [MESSAGE][PASSED] - Object: 'Object Repository/OCS-MOBILE /Collection page/Price Low to High' is clicked on

2019-05-18 16:06:21 - [TEST_STEP][PASSED] - delay(1): Delayed 1 second(s)

2019-05-18 16:06:22 - [MESSAGE][PASSED] - Delayed 1 second(s)

2019-05-18 16:06:22 - [TEST_STEP][PASSED] - refresh(): Refresh successfully

2019-05-18 16:06:24 - [MESSAGE][PASSED] - Refresh successfully

2019-05-18 16:06:24 - [TEST_STEP][PASSED] - delay(1): Delayed 1 second(s)

2019-05-18 16:06:25 - [MESSAGE][PASSED] - Delayed 1 second(s)

2019-05-18 16:06:25 - [TEST_STEP][PASSED] - callTestCase(findTestCase("OCS - MOBILE/OCS-COLLECTION PAGE/calling test case"), [:], STOP_ON_FAILURE): Call Test Case 'Test Cases/OCS - MOBILE/OCS-COLLECTION PAGE/calling test case' successfully

2019-05-18 16:06:25 - [TEST_CASE][PASSED] - Test Cases/OCS - MOBILE/OCS-COLLECTION PAGE/calling test case: Test Cases/OCS - MOBILE/OCS-COLLECTION PAGE/calling test case

2019-05-18 16:06:25 - [TEST_STEP][PASSED] - delay(2): Delayed 2 second(s)

2019-05-18 16:06:27 - [MESSAGE][PASSED] - Delayed 2 second(s)

2019-05-18 16:06:27 - [TEST_STEP][PASSED] - click(findTestObject("OCS-MOBILE /Age gate and burger menu/Burger menu - English")): Object: 'Object Repository/OCS-MOBILE /Age gate and burger menu/Burger menu - English' is clicked on

2019-05-18 16:06:27 - [MESSAGE][PASSED] - Object: 'Object Repository/OCS-MOBILE /Age gate and burger menu/Burger menu - English' is clicked on

2019-05-18 16:06:27 - [TEST_STEP][PASSED] - delay(2): Delayed 2 second(s)

2019-05-18 16:06:29 - [MESSAGE][PASSED] - Delayed 2 second(s)

2019-05-18 16:06:29 - [TEST_STEP][PASSED] - click(findTestObject("OCS-MOBILE /Cannabis page/Cannabis chevron")): Object: 'Object Repository/OCS-MOBILE /Cannabis page/Cannabis chevron' is clicked on

2019-05-18 16:06:29 - [MESSAGE][PASSED] - Object: 'Object Repository/OCS-MOBILE /Cannabis page/Cannabis chevron' is clicked on

2019-05-18 16:06:29 - [TEST_STEP][PASSED] - delay(2): Delayed 2 second(s)

2019-05-18 16:06:31 - [MESSAGE][PASSED] - Delayed 2 second(s)

2019-05-18 16:06:31 - [TEST_STEP][PASSED] - click(findTestObject("OCS-MOBILE /Cannabis page/Dried flower - plus accordian")): Object: 'Object Repository/OCS-MOBILE /Cannabis page/Dried flower - plus accordian' is clicked on

2019-05-18 16:06:31 - [MESSAGE][PASSED] - Object: 'Object Repository/OCS-MOBILE /Cannabis page/Dried flower - plus accordian' is clicked on

2019-05-18 16:06:31 - [TEST_STEP][PASSED] - delay(2): Delayed 2 second(s)

2019-05-18 16:06:33 - [MESSAGE][PASSED] - Delayed 2 second(s)

2019-05-18 16:06:33 - [TEST_STEP][PASSED] - click(findTestObject("OCS-MOBILE /Cannabis page/Dried flower - Indica dominant")): Object: 'Object Repository/OCS-MOBILE /Cannabis page/Dried flower - Indica dominant' is clicked on

2019-05-18 16:06:36 - [MESSAGE][PASSED] - Object: 'Object Repository/OCS-MOBILE /Cannabis page/Dried flower - Indica dominant' is clicked on

2019-05-18 16:06:36 - [TEST_STEP][PASSED] - delay(2): Delayed 2 second(s)

2019-05-18 16:06:38 - [MESSAGE][PASSED] - Delayed 2 second(s)

2019-05-18 16:06:38 - [MESSAGE][PASSED] - Call Test Case 'Test Cases/OCS - MOBILE/OCS-COLLECTION PAGE/calling test case' successfully

2019-05-18 16:06:38 - [TEST_STEP][NOT_RUN] - scrollToElement(findTestObject("OCS-MOBILE /Collection page/scroll element"), 0): NOT_RUN: scrollToElement(findTestObject("OCS-MOBILE /Collection page/scroll element"), 0)

2019-05-18 16:06:38 - [MESSAGE][NOT_RUN] - NOT_RUN: scrollToElement(findTestObject("OCS-MOBILE /Collection page/scroll element"), 0)

2019-05-18 16:06:38 - [TEST_STEP][PASSED] - delay(1): Delayed 1 second(s)

2019-05-18 16:06:39 - [MESSAGE][PASSED] - Delayed 1 second(s)

2019-05-18 16:06:39 - [TEST_STEP][PASSED] - click(findTestObject("OCS-MOBILE /Collection page/sort option")): Object: 'Object Repository/OCS-MOBILE /Collection page/sort option' is clicked on

2019-05-18 16:06:39 - [MESSAGE][PASSED] - Object: 'Object Repository/OCS-MOBILE /Collection page/sort option' is clicked on

2019-05-18 16:06:39 - [TEST_STEP][PASSED] - delay(1): Delayed 1 second(s)

2019-05-18 16:06:40 - [MESSAGE][PASSED] - Delayed 1 second(s)

2019-05-18 16:06:40 - [TEST_STEP][PASSED] - click(findTestObject("OCS-MOBILE /Collection page/Price High to Low")): Object: 'Object Repository/OCS-MOBILE /Collection page/Price High to Low' is clicked on

2019-05-18 16:06:40 - [MESSAGE][PASSED] - Object: 'Object Repository/OCS-MOBILE /Collection page/Price High to Low' is clicked on

2019-05-18 16:06:40 - [TEST_STEP][PASSED] - delay(1): Delayed 1 second(s)

2019-05-18 16:06:41 - [MESSAGE][PASSED] - Delayed 1 second(s)

2019-05-18 16:06:41 - [TEST_STEP][PASSED] - refresh(): Refresh successfully

2019-05-18 16:06:41 - [MESSAGE][PASSED] - Refresh successfully

2019-05-18 16:06:41 - [TEST_STEP][PASSED] - callTestCase(findTestCase("OCS - MOBILE/OCS-COLLECTION PAGE/calling test case"), [:], STOP_ON_FAILURE): Call Test Case 'Test Cases/OCS - MOBILE/OCS-COLLECTION PAGE/calling test case' successfully

2019-05-18 16:06:41 - [TEST_CASE][PASSED] - Test Cases/OCS - MOBILE/OCS-COLLECTION PAGE/calling test case: Test Cases/OCS - MOBILE/OCS-COLLECTION PAGE/calling test case

2019-05-18 16:06:41 - [TEST_STEP][PASSED] - delay(2): Delayed 2 second(s)

2019-05-18 16:06:43 - [MESSAGE][PASSED] - Delayed 2 second(s)

2019-05-18 16:06:43 - [TEST_STEP][PASSED] - click(findTestObject("OCS-MOBILE /Age gate and burger menu/Burger menu - English")): Object: 'Object Repository/OCS-MOBILE /Age gate and burger menu/Burger menu - English' is clicked on

2019-05-18 16:06:43 - [MESSAGE][PASSED] - Object: 'Object Repository/OCS-MOBILE /Age gate and burger menu/Burger menu - English' is clicked on

2019-05-18 16:06:43 - [TEST_STEP][PASSED] - delay(2): Delayed 2 second(s)

2019-05-18 16:06:45 - [MESSAGE][PASSED] - Delayed 2 second(s)

2019-05-18 16:06:45 - [TEST_STEP][PASSED] - click(findTestObject("OCS-MOBILE /Cannabis page/Cannabis chevron")): Object: 'Object Repository/OCS-MOBILE /Cannabis page/Cannabis chevron' is clicked on

2019-05-18 16:06:45 - [MESSAGE][PASSED] - Object: 'Object Repository/OCS-MOBILE /Cannabis page/Cannabis chevron' is clicked on

2019-05-18 16:06:45 - [TEST_STEP][PASSED] - delay(2): Delayed 2 second(s)

2019-05-18 16:06:47 - [MESSAGE][PASSED] - Delayed 2 second(s)

2019-05-18 16:06:47 - [TEST_STEP][PASSED] - click(findTestObject("OCS-MOBILE /Cannabis page/Dried flower - plus accordian")): Object: 'Object Repository/OCS-MOBILE /Cannabis page/Dried flower - plus accordian' is clicked on

2019-05-18 16:06:47 - [MESSAGE][PASSED] - Object: 'Object Repository/OCS-MOBILE /Cannabis page/Dried flower - plus accordian' is clicked on

2019-05-18 16:06:47 - [TEST_STEP][PASSED] - delay(2): Delayed 2 second(s)

2019-05-18 16:06:49 - [MESSAGE][PASSED] - Delayed 2 second(s)

2019-05-18 16:06:49 - [TEST_STEP][PASSED] - click(findTestObject("OCS-MOBILE /Cannabis page/Dried flower - Indica dominant")): Object: 'Object Repository/OCS-MOBILE /Cannabis page/Dried flower - Indica dominant' is clicked on

2019-05-18 16:06:51 - [MESSAGE][PASSED] - Object: 'Object Repository/OCS-MOBILE /Cannabis page/Dried flower - Indica dominant' is clicked on

2019-05-18 16:06:51 - [TEST_STEP][PASSED] - delay(2): Delayed 2 second(s)

2019-05-18 16:06:53 - [MESSAGE][PASSED] - Delayed 2 second(s)

2019-05-18 16:06:53 - [MESSAGE][PASSED] - Call Test Case 'Test Cases/OCS - MOBILE/OCS-COLLECTION PAGE/calling test case' successfully

2019-05-18 16:06:53 - [TEST_STEP][PASSED] - click(findTestObject("OCS-MOBILE /Collection page/sort option")): Object: 'Object Repository/OCS-MOBILE /Collection page/sort option' is clicked on

2019-05-18 16:06:53 - [MESSAGE][PASSED] - Object: 'Object Repository/OCS-MOBILE /Collection page/sort option' is clicked on

2019-05-18 16:06:53 - [TEST_STEP][PASSED] - delay(1): Delayed 1 second(s)

2019-05-18 16:06:54 - [MESSAGE][PASSED] - Delayed 1 second(s)

2019-05-18 16:06:54 - [TEST_STEP][PASSED] - click(findTestObject("OCS-MOBILE /Collection page/Alphabetically A - Z")): Object: 'Object Repository/OCS-MOBILE /Collection page/Alphabetically A - Z' is clicked on

2019-05-18 16:06:54 - [MESSAGE][PASSED] - Object: 'Object Repository/OCS-MOBILE /Collection page/Alphabetically A - Z' is clicked on

2019-05-18 16:06:54 - [TEST_STEP][PASSED] - delay(1): Delayed 1 second(s)

2019-05-18 16:06:55 - [MESSAGE][PASSED] - Delayed 1 second(s)

2019-05-18 16:06:55 - [TEST_STEP][PASSED] - refresh(): Refresh successfully

2019-05-18 16:06:55 - [MESSAGE][PASSED] - Refresh successfully

2019-05-18 16:06:55 - [TEST_STEP][PASSED] - callTestCase(findTestCase("OCS - MOBILE/OCS-COLLECTION PAGE/calling test case"), [:], STOP_ON_FAILURE): Call Test Case 'Test Cases/OCS - MOBILE/OCS-COLLECTION PAGE/calling test case' successfully

2019-05-18 16:06:55 - [TEST_CASE][PASSED] - Test Cases/OCS - MOBILE/OCS-COLLECTION PAGE/calling test case: Test Cases/OCS - MOBILE/OCS-COLLECTION PAGE/calling test case

2019-05-18 16:06:55 - [TEST_STEP][PASSED] - delay(2): Delayed 2 second(s)

2019-05-18 16:06:57 - [MESSAGE][PASSED] - Delayed 2 second(s)

2019-05-18 16:06:57 - [TEST_STEP][PASSED] - click(findTestObject("OCS-MOBILE /Age gate and burger menu/Burger menu - English")): Object: 'Object Repository/OCS-MOBILE /Age gate and burger menu/Burger menu - English' is clicked on

2019-05-18 16:06:57 - [MESSAGE][PASSED] - Object: 'Object Repository/OCS-MOBILE /Age gate and burger menu/Burger menu - English' is clicked on

2019-05-18 16:06:57 - [TEST_STEP][PASSED] - delay(2): Delayed 2 second(s)

2019-05-18 16:06:59 - [MESSAGE][PASSED] - Delayed 2 second(s)

2019-05-18 16:06:59 - [TEST_STEP][PASSED] - click(findTestObject("OCS-MOBILE /Cannabis page/Cannabis chevron")): Object: 'Object Repository/OCS-MOBILE /Cannabis page/Cannabis chevron' is clicked on

2019-05-18 16:06:59 - [MESSAGE][PASSED] - Object: 'Object Repository/OCS-MOBILE /Cannabis page/Cannabis chevron' is clicked on

2019-05-18 16:06:59 - [TEST_STEP][PASSED] - delay(2): Delayed 2 second(s)

2019-05-18 16:07:01 - [MESSAGE][PASSED] - Delayed 2 second(s)

2019-05-18 16:07:01 - [TEST_STEP][PASSED] - click(findTestObject("OCS-MOBILE /Cannabis page/Dried flower - plus accordian")): Object: 'Object Repository/OCS-MOBILE /Cannabis page/Dried flower - plus accordian' is clicked on

2019-05-18 16:07:01 - [MESSAGE][PASSED] - Object: 'Object Repository/OCS-MOBILE /Cannabis page/Dried flower - plus accordian' is clicked on

2019-05-18 16:07:01 - [TEST_STEP][PASSED] - delay(2): Delayed 2 second(s)

2019-05-18 16:07:04 - [MESSAGE][PASSED] - Delayed 2 second(s)

2019-05-18 16:07:04 - [TEST_STEP][PASSED] - click(findTestObject("OCS-MOBILE /Cannabis page/Dried flower - Indica dominant")): Object: 'Object Repository/OCS-MOBILE /Cannabis page/Dried flower - Indica dominant' is clicked on

2019-05-18 16:07:06 - [MESSAGE][PASSED] - Object: 'Object Repository/OCS-MOBILE /Cannabis page/Dried flower - Indica dominant' is clicked on

2019-05-18 16:07:06 - [TEST_STEP][PASSED] - delay(2): Delayed 2 second(s)

2019-05-18 16:07:08 - [MESSAGE][PASSED] - Delayed 2 second(s)

2019-05-18 16:07:08 - [MESSAGE][PASSED] - Call Test Case 'Test Cases/OCS - MOBILE/OCS-COLLECTION PAGE/calling test case' successfully

2019-05-18 16:07:08 - [TEST_STEP][PASSED] - click(findTestObject("OCS-MOBILE /Collection page/sort option")): Object: 'Object Repository/OCS-MOBILE /Collection page/sort option' is clicked on

2019-05-18 16:07:08 - [MESSAGE][PASSED] - Object: 'Object Repository/OCS-MOBILE /Collection page/sort option' is clicked on

2019-05-18 16:07:08 - [TEST_STEP][PASSED] - delay(1): Delayed 1 second(s)

2019-05-18 16:07:09 - [MESSAGE][PASSED] - Delayed 1 second(s)

2019-05-18 16:07:09 - [TEST_STEP][PASSED] - click(findTestObject("OCS-MOBILE /Collection page/Alphabetically Z - A")): Object: 'Object Repository/OCS-MOBILE /Collection page/Alphabetically Z - A' is clicked on

2019-05-18 16:07:09 - [MESSAGE][PASSED] - Object: 'Object Repository/OCS-MOBILE /Collection page/Alphabetically Z - A' is clicked on

2019-05-18 16:07:09 - [TEST_STEP][PASSED] - delay(1): Delayed 1 second(s)

2019-05-18 16:07:10 - [MESSAGE][PASSED] - Delayed 1 second(s)

2019-05-18 16:07:10 - [TEST_STEP][PASSED] - refresh(): Refresh successfully

2019-05-18 16:07:10 - [MESSAGE][PASSED] - Refresh successfully

2019-05-18 16:07:10 - [TEST_STEP][PASSED] - callTestCase(findTestCase("OCS - MOBILE/OCS-COLLECTION PAGE/calling test case"), [:], STOP_ON_FAILURE): Call Test Case 'Test Cases/OCS - MOBILE/OCS-COLLECTION PAGE/calling test case' successfully

2019-05-18 16:07:10 - [TEST_CASE][PASSED] - Test Cases/OCS - MOBILE/OCS-COLLECTION PAGE/calling test case: Test Cases/OCS - MOBILE/OCS-COLLECTION PAGE/calling test case

2019-05-18 16:07:10 - [TEST_STEP][PASSED] - delay(2): Delayed 2 second(s)

2019-05-18 16:07:12 - [MESSAGE][PASSED] - Delayed 2 second(s)

2019-05-18 16:07:12 - [TEST_STEP][PASSED] - click(findTestObject("OCS-MOBILE /Age gate and burger menu/Burger menu - English")): Object: 'Object Repository/OCS-MOBILE /Age gate and burger menu/Burger menu - English' is clicked on

2019-05-18 16:07:12 - [MESSAGE][PASSED] - Object: 'Object Repository/OCS-MOBILE /Age gate and burger menu/Burger menu - English' is clicked on

2019-05-18 16:07:12 - [TEST_STEP][PASSED] - delay(2): Delayed 2 second(s)

2019-05-18 16:07:14 - [MESSAGE][PASSED] - Delayed 2 second(s)

2019-05-18 16:07:14 - [TEST_STEP][PASSED] - click(findTestObject("OCS-MOBILE /Cannabis page/Cannabis chevron")): Object: 'Object Repository/OCS-MOBILE /Cannabis page/Cannabis chevron' is clicked on

2019-05-18 16:07:14 - [MESSAGE][PASSED] - Object: 'Object Repository/OCS-MOBILE /Cannabis page/Cannabis chevron' is clicked on

2019-05-18 16:07:14 - [TEST_STEP][PASSED] - delay(2): Delayed 2 second(s)

2019-05-18 16:07:16 - [MESSAGE][PASSED] - Delayed 2 second(s)

2019-05-18 16:07:16 - [TEST_STEP][PASSED] - click(findTestObject("OCS-MOBILE /Cannabis page/Dried flower - plus accordian")): Object: 'Object Repository/OCS-MOBILE /Cannabis page/Dried flower - plus accordian' is clicked on

2019-05-18 16:07:16 - [MESSAGE][PASSED] - Object: 'Object Repository/OCS-MOBILE /Cannabis page/Dried flower - plus accordian' is clicked on

2019-05-18 16:07:16 - [TEST_STEP][PASSED] - delay(2): Delayed 2 second(s)

2019-05-18 16:07:18 - [MESSAGE][PASSED] - Delayed 2 second(s)

2019-05-18 16:07:18 - [TEST_STEP][PASSED] - click(findTestObject("OCS-MOBILE /Cannabis page/Dried flower - Indica dominant")): Object: 'Object Repository/OCS-MOBILE /Cannabis page/Dried flower - Indica dominant' is clicked on

2019-05-18 16:07:20 - [MESSAGE][PASSED] - Object: 'Object Repository/OCS-MOBILE /Cannabis page/Dried flower - Indica dominant' is clicked on

2019-05-18 16:07:20 - [TEST_STEP][PASSED] - delay(2): Delayed 2 second(s)

2019-05-18 16:07:22 - [MESSAGE][PASSED] - Delayed 2 second(s)

2019-05-18 16:07:22 - [MESSAGE][PASSED] - Call Test Case 'Test Cases/OCS - MOBILE/OCS-COLLECTION PAGE/calling test case' successfully

2019-05-18 16:07:22 - [TEST_STEP][PASSED] - click(findTestObject("OCS-MOBILE /Collection page/sort option")): Object: 'Object Repository/OCS-MOBILE /Collection page/sort option' is clicked on

2019-05-18 16:07:22 - [MESSAGE][PASSED] - Object: 'Object Repository/OCS-MOBILE /Collection page/sort option' is clicked on

2019-05-18 16:07:22 - [TEST_STEP][PASSED] - delay(1): Delayed 1 second(s)

2019-05-18 16:07:23 - [MESSAGE][PASSED] - Delayed 1 second(s)

2019-05-18 16:07:23 - [TEST_STEP][PASSED] - setViewPortSize(1000, 800, OPTIONAL): Viewport is set to new size with width = 1000 and height = 800

2019-05-18 16:07:23 - [MESSAGE][PASSED] - Viewport is set to new size with width = 1000 and height = 800

2019-05-18 16:07:23 - [TEST_STEP][PASSED] - delay(2, OPTIONAL): Delayed 2 second(s)

2019-05-18 16:07:25 - [MESSAGE][PASSED] - Delayed 2 second(s)

2019-05-18 16:07:25 - [TEST_STEP][PASSED] - click(findTestObject("Theme_oR/Page_Ontario Cannabis Store  Ontari/button_Hide bar"), OPTIONAL): Object: 'Object Repository/Theme_oR/Page_Ontario Cannabis Store  Ontari/button_Hide bar' is clicked on

2019-05-18 16:07:25 - [MESSAGE][PASSED] - Object: 'Object Repository/Theme_oR/Page_Ontario Cannabis Store  Ontari/button_Hide bar' is clicked on

2019-05-18 16:07:25 - [TEST_STEP][PASSED] - delay(2, OPTIONAL): Delayed 2 second(s)

2019-05-18 16:07:27 - [MESSAGE][PASSED] - Delayed 2 second(s)

2019-05-18 16:07:27 - [TEST_STEP][PASSED] - setViewPortSize(360, 800, OPTIONAL): Viewport is set to new size with width = 360 and height = 800

2019-05-18 16:07:27 - [MESSAGE][PASSED] - Viewport is set to new size with width = 360 and height = 800

2019-05-18 16:07:27 - [TEST_STEP][PASSED] - delay(1, OPTIONAL): Delayed 1 second(s)

2019-05-18 16:07:28 - [MESSAGE][PASSED] - Delayed 1 second(s)

2019-05-18 16:07:28 - [TEST_STEP][PASSED] - click(findTestObject("OCS-MOBILE /Collection page/CBD Low to High")): Object: 'Object Repository/OCS-MOBILE /Collection page/CBD Low to High' is clicked on

2019-05-18 16:07:29 - [MESSAGE][PASSED] - Object: 'Object Repository/OCS-MOBILE /Collection page/CBD Low to High' is clicked on

2019-05-18 16:07:29 - [TEST_STEP][PASSED] - delay(1): Delayed 1 second(s)

2019-05-18 16:07:30 - [MESSAGE][PASSED] - Delayed 1 second(s)

2019-05-18 16:07:30 - [TEST_STEP][PASSED] - refresh(): Refresh successfully

2019-05-18 16:07:30 - [MESSAGE][PASSED] - Refresh successfully

2019-05-18 16:07:30 - [TEST_STEP][PASSED] - callTestCase(findTestCase("OCS - MOBILE/OCS-COLLECTION PAGE/calling test case"), [:], STOP_ON_FAILURE): Call Test Case 'Test Cases/OCS - MOBILE/OCS-COLLECTION PAGE/calling test case' successfully

2019-05-18 16:07:30 - [TEST_CASE][PASSED] - Test Cases/OCS - MOBILE/OCS-COLLECTION PAGE/calling test case: Test Cases/OCS - MOBILE/OCS-COLLECTION PAGE/calling test case

2019-05-18 16:07:30 - [TEST_STEP][PASSED] - delay(2): Delayed 2 second(s)

2019-05-18 16:07:32 - [MESSAGE][PASSED] - Delayed 2 second(s)

2019-05-18 16:07:32 - [TEST_STEP][PASSED] - click(findTestObject("OCS-MOBILE /Age gate and burger menu/Burger menu - English")): Object: 'Object Repository/OCS-MOBILE /Age gate and burger menu/Burger menu - English' is clicked on

2019-05-18 16:07:32 - [MESSAGE][PASSED] - Object: 'Object Repository/OCS-MOBILE /Age gate and burger menu/Burger menu - English' is clicked on

2019-05-18 16:07:32 - [TEST_STEP][PASSED] - delay(2): Delayed 2 second(s)

2019-05-18 16:07:34 - [MESSAGE][PASSED] - Delayed 2 second(s)

2019-05-18 16:07:34 - [TEST_STEP][PASSED] - click(findTestObject("OCS-MOBILE /Cannabis page/Cannabis chevron")): Object: 'Object Repository/OCS-MOBILE /Cannabis page/Cannabis chevron' is clicked on

2019-05-18 16:07:34 - [MESSAGE][PASSED] - Object: 'Object Repository/OCS-MOBILE /Cannabis page/Cannabis chevron' is clicked on

2019-05-18 16:07:34 - [TEST_STEP][PASSED] - delay(2): Delayed 2 second(s)

2019-05-18 16:07:36 - [MESSAGE][PASSED] - Delayed 2 second(s)

2019-05-18 16:07:36 - [TEST_STEP][PASSED] - click(findTestObject("OCS-MOBILE /Cannabis page/Dried flower - plus accordian")): Object: 'Object Repository/OCS-MOBILE /Cannabis page/Dried flower - plus accordian' is clicked on

2019-05-18 16:07:36 - [MESSAGE][PASSED] - Object: 'Object Repository/OCS-MOBILE /Cannabis page/Dried flower - plus accordian' is clicked on

2019-05-18 16:07:36 - [TEST_STEP][PASSED] - delay(2): Delayed 2 second(s)

2019-05-18 16:07:38 - [MESSAGE][PASSED] - Delayed 2 second(s)

2019-05-18 16:07:38 - [TEST_STEP][PASSED] - click(findTestObject("OCS-MOBILE /Cannabis page/Dried flower - Indica dominant")): Object: 'Object Repository/OCS-MOBILE /Cannabis page/Dried flower - Indica dominant' is clicked on

2019-05-18 16:07:40 - [MESSAGE][PASSED] - Object: 'Object Repository/OCS-MOBILE /Cannabis page/Dried flower - Indica dominant' is clicked on

2019-05-18 16:07:40 - [TEST_STEP][PASSED] - delay(2): Delayed 2 second(s)

2019-05-18 16:07:42 - [MESSAGE][PASSED] - Delayed 2 second(s)

2019-05-18 16:07:42 - [MESSAGE][PASSED] - Call Test Case 'Test Cases/OCS - MOBILE/OCS-COLLECTION PAGE/calling test case' successfully

2019-05-18 16:07:42 - [TEST_STEP][PASSED] - click(findTestObject("OCS-MOBILE /Collection page/sort option")): Object: 'Object Repository/OCS-MOBILE /Collection page/sort option' is clicked on

2019-05-18 16:07:42 - [MESSAGE][PASSED] - Object: 'Object Repository/OCS-MOBILE /Collection page/sort option' is clicked on

2019-05-18 16:07:42 - [TEST_STEP][PASSED] - delay(1): Delayed 1 second(s)

2019-05-18 16:07:43 - [MESSAGE][PASSED] - Delayed 1 second(s)

2019-05-18 16:07:43 - [TEST_STEP][PASSED] - setViewPortSize(1000, 800, OPTIONAL): Viewport is set to new size with width = 1000 and height = 800

2019-05-18 16:07:43 - [MESSAGE][PASSED] - Viewport is set to new size with width = 1000 and height = 800

2019-05-18 16:07:43 - [TEST_STEP][PASSED] - delay(2, OPTIONAL): Delayed 2 second(s)

2019-05-18 16:07:45 - [MESSAGE][PASSED] - Delayed 2 second(s)

2019-05-18 16:07:45 - [TEST_STEP][PASSED] - click(findTestObject("Theme_oR/Page_Ontario Cannabis Store  Ontari/button_Hide bar"), OPTIONAL): Object: 'Object Repository/Theme_oR/Page_Ontario Cannabis Store  Ontari/button_Hide bar' is clicked on

2019-05-18 16:07:45 - [MESSAGE][PASSED] - Object: 'Object Repository/Theme_oR/Page_Ontario Cannabis Store  Ontari/button_Hide bar' is clicked on

2019-05-18 16:07:45 - [TEST_STEP][PASSED] - delay(2, OPTIONAL): Delayed 2 second(s)

2019-05-18 16:07:47 - [MESSAGE][PASSED] - Delayed 2 second(s)

2019-05-18 16:07:47 - [TEST_STEP][PASSED] - setViewPortSize(360, 800, OPTIONAL): Viewport is set to new size with width = 360 and height = 800

2019-05-18 16:07:47 - [MESSAGE][PASSED] - Viewport is set to new size with width = 360 and height = 800

2019-05-18 16:07:47 - [TEST_STEP][PASSED] - delay(1, OPTIONAL): Delayed 1 second(s)

2019-05-18 16:07:48 - [MESSAGE][PASSED] - Delayed 1 second(s)

2019-05-18 16:07:48 - [TEST_STEP][PASSED] - click(findTestObject("OCS-MOBILE /Collection page/CBD High to Low")): Object: 'Object Repository/OCS-MOBILE /Collection page/CBD High to Low' is clicked on

2019-05-18 16:07:48 - [MESSAGE][PASSED] - Object: 'Object Repository/OCS-MOBILE /Collection page/CBD High to Low' is clicked on

2019-05-18 16:07:48 - [TEST_STEP][PASSED] - delay(1): Delayed 1 second(s)

2019-05-18 16:07:49 - [MESSAGE][PASSED] - Delayed 1 second(s)

2019-05-18 16:07:49 - [TEST_STEP][PASSED] - refresh(): Refresh successfully

2019-05-18 16:07:49 - [MESSAGE][PASSED] - Refresh successfully

2019-05-18 16:07:49 - [TEST_STEP][PASSED] - callTestCase(findTestCase("OCS - MOBILE/OCS-COLLECTION PAGE/calling test case"), [:], STOP_ON_FAILURE): Call Test Case 'Test Cases/OCS - MOBILE/OCS-COLLECTION PAGE/calling test case' successfully

2019-05-18 16:07:50 - [TEST_CASE][PASSED] - Test Cases/OCS - MOBILE/OCS-COLLECTION PAGE/calling test case: Test Cases/OCS - MOBILE/OCS-COLLECTION PAGE/calling test case

2019-05-18 16:07:50 - [TEST_STEP][PASSED] - delay(2): Delayed 2 second(s)

2019-05-18 16:07:52 - [MESSAGE][PASSED] - Delayed 2 second(s)

2019-05-18 16:07:52 - [TEST_STEP][PASSED] - click(findTestObject("OCS-MOBILE /Age gate and burger menu/Burger menu - English")): Object: 'Object Repository/OCS-MOBILE /Age gate and burger menu/Burger menu - English' is clicked on

2019-05-18 16:07:52 - [MESSAGE][PASSED] - Object: 'Object Repository/OCS-MOBILE /Age gate and burger menu/Burger menu - English' is clicked on

2019-05-18 16:07:52 - [TEST_STEP][PASSED] - delay(2): Delayed 2 second(s)

2019-05-18 16:07:54 - [MESSAGE][PASSED] - Delayed 2 second(s)

2019-05-18 16:07:54 - [TEST_STEP][PASSED] - click(findTestObject("OCS-MOBILE /Cannabis page/Cannabis chevron")): Object: 'Object Repository/OCS-MOBILE /Cannabis page/Cannabis chevron' is clicked on

2019-05-18 16:07:54 - [MESSAGE][PASSED] - Object: 'Object Repository/OCS-MOBILE /Cannabis page/Cannabis chevron' is clicked on

2019-05-18 16:07:54 - [TEST_STEP][PASSED] - delay(2): Delayed 2 second(s)

2019-05-18 16:07:56 - [MESSAGE][PASSED] - Delayed 2 second(s)

2019-05-18 16:07:56 - [TEST_STEP][PASSED] - click(findTestObject("OCS-MOBILE /Cannabis page/Dried flower - plus accordian")): Object: 'Object Repository/OCS-MOBILE /Cannabis page/Dried flower - plus accordian' is clicked on

2019-05-18 16:07:56 - [MESSAGE][PASSED] - Object: 'Object Repository/OCS-MOBILE /Cannabis page/Dried flower - plus accordian' is clicked on

2019-05-18 16:07:56 - [TEST_STEP][PASSED] - delay(2): Delayed 2 second(s)

2019-05-18 16:07:58 - [MESSAGE][PASSED] - Delayed 2 second(s)

2019-05-18 16:07:58 - [TEST_STEP][PASSED] - click(findTestObject("OCS-MOBILE /Cannabis page/Dried flower - Indica dominant")): Object: 'Object Repository/OCS-MOBILE /Cannabis page/Dried flower - Indica dominant' is clicked on

2019-05-18 16:08:00 - [MESSAGE][PASSED] - Object: 'Object Repository/OCS-MOBILE /Cannabis page/Dried flower - Indica dominant' is clicked on

2019-05-18 16:08:00 - [TEST_STEP][PASSED] - delay(2): Delayed 2 second(s)

2019-05-18 16:08:02 - [MESSAGE][PASSED] - Delayed 2 second(s)

2019-05-18 16:08:02 - [MESSAGE][PASSED] - Call Test Case 'Test Cases/OCS - MOBILE/OCS-COLLECTION PAGE/calling test case' successfully

2019-05-18 16:08:02 - [TEST_STEP][PASSED] - click(findTestObject("OCS-MOBILE /Collection page/sort option")): Object: 'Object Repository/OCS-MOBILE /Collection page/sort option' is clicked on

2019-05-18 16:08:02 - [MESSAGE][PASSED] - Object: 'Object Repository/OCS-MOBILE /Collection page/sort option' is clicked on

2019-05-18 16:08:02 - [TEST_STEP][PASSED] - delay(1): Delayed 1 second(s)

2019-05-18 16:08:03 - [MESSAGE][PASSED] - Delayed 1 second(s)

2019-05-18 16:08:03 - [TEST_STEP][PASSED] - setViewPortSize(1000, 800, OPTIONAL): Viewport is set to new size with width = 1000 and height = 800

2019-05-18 16:08:03 - [MESSAGE][PASSED] - Viewport is set to new size with width = 1000 and height = 800

2019-05-18 16:08:03 - [TEST_STEP][PASSED] - delay(2, OPTIONAL): Delayed 2 second(s)

2019-05-18 16:08:05 - [MESSAGE][PASSED] - Delayed 2 second(s)

2019-05-18 16:08:05 - [TEST_STEP][PASSED] - click(findTestObject("Theme_oR/Page_Ontario Cannabis Store  Ontari/button_Hide bar"), OPTIONAL): Object: 'Object Repository/Theme_oR/Page_Ontario Cannabis Store  Ontari/button_Hide bar' is clicked on

2019-05-18 16:08:05 - [MESSAGE][PASSED] - Object: 'Object Repository/Theme_oR/Page_Ontario Cannabis Store  Ontari/button_Hide bar' is clicked on

2019-05-18 16:08:05 - [TEST_STEP][PASSED] - delay(2, OPTIONAL): Delayed 2 second(s)

2019-05-18 16:08:07 - [MESSAGE][PASSED] - Delayed 2 second(s)

2019-05-18 16:08:07 - [TEST_STEP][PASSED] - setViewPortSize(360, 800, OPTIONAL): Viewport is set to new size with width = 360 and height = 800

2019-05-18 16:08:07 - [MESSAGE][PASSED] - Viewport is set to new size with width = 360 and height = 800

2019-05-18 16:08:07 - [TEST_STEP][PASSED] - delay(1, OPTIONAL): Delayed 1 second(s)

2019-05-18 16:08:08 - [MESSAGE][PASSED] - Delayed 1 second(s)

2019-05-18 16:08:08 - [TEST_STEP][PASSED] - click(findTestObject("OCS-MOBILE /Collection page/label_THC  High to Low")): Object: 'Object Repository/OCS-MOBILE /Collection page/label_THC  High to Low' is clicked on

2019-05-18 16:08:08 - [MESSAGE][PASSED] - Object: 'Object Repository/OCS-MOBILE /Collection page/label_THC  High to Low' is clicked on

2019-05-18 16:08:08 - [TEST_STEP][PASSED] - delay(1): Delayed 1 second(s)

2019-05-18 16:08:09 - [MESSAGE][PASSED] - Delayed 1 second(s)

2019-05-18 16:08:09 - [TEST_STEP][PASSED] - refresh(): Refresh successfully

2019-05-18 16:08:11 - [MESSAGE][PASSED] - Refresh successfully

2019-05-18 16:08:11 - [TEST_STEP][PASSED] - callTestCase(findTestCase("OCS - MOBILE/OCS-COLLECTION PAGE/calling test case"), [:], STOP_ON_FAILURE): Call Test Case 'Test Cases/OCS - MOBILE/OCS-COLLECTION PAGE/calling test case' successfully

2019-05-18 16:08:11 - [TEST_CASE][PASSED] - Test Cases/OCS - MOBILE/OCS-COLLECTION PAGE/calling test case: Test Cases/OCS - MOBILE/OCS-COLLECTION PAGE/calling test case

2019-05-18 16:08:11 - [TEST_STEP][PASSED] - delay(2): Delayed 2 second(s)

2019-05-18 16:08:13 - [MESSAGE][PASSED] - Delayed 2 second(s)

2019-05-18 16:08:13 - [TEST_STEP][PASSED] - click(findTestObject("OCS-MOBILE /Age gate and burger menu/Burger menu - English")): Object: 'Object Repository/OCS-MOBILE /Age gate and burger menu/Burger menu - English' is clicked on

2019-05-18 16:08:13 - [MESSAGE][PASSED] - Object: 'Object Repository/OCS-MOBILE /Age gate and burger menu/Burger menu - English' is clicked on

2019-05-18 16:08:13 - [TEST_STEP][PASSED] - delay(2): Delayed 2 second(s)

2019-05-18 16:08:15 - [MESSAGE][PASSED] - Delayed 2 second(s)

2019-05-18 16:08:15 - [TEST_STEP][PASSED] - click(findTestObject("OCS-MOBILE /Cannabis page/Cannabis chevron")): Object: 'Object Repository/OCS-MOBILE /Cannabis page/Cannabis chevron' is clicked on

2019-05-18 16:08:15 - [MESSAGE][PASSED] - Object: 'Object Repository/OCS-MOBILE /Cannabis page/Cannabis chevron' is clicked on

2019-05-18 16:08:15 - [TEST_STEP][PASSED] - delay(2): Delayed 2 second(s)

2019-05-18 16:08:17 - [MESSAGE][PASSED] - Delayed 2 second(s)

2019-05-18 16:08:17 - [TEST_STEP][PASSED] - click(findTestObject("OCS-MOBILE /Cannabis page/Dried flower - plus accordian")): Object: 'Object Repository/OCS-MOBILE /Cannabis page/Dried flower - plus accordian' is clicked on

2019-05-18 16:08:17 - [MESSAGE][PASSED] - Object: 'Object Repository/OCS-MOBILE /Cannabis page/Dried flower - plus accordian' is clicked on

2019-05-18 16:08:17 - [TEST_STEP][PASSED] - delay(2): Delayed 2 second(s)

2019-05-18 16:08:19 - [MESSAGE][PASSED] - Delayed 2 second(s)

2019-05-18 16:08:19 - [TEST_STEP][PASSED] - click(findTestObject("OCS-MOBILE /Cannabis page/Dried flower - Indica dominant")): Object: 'Object Repository/OCS-MOBILE /Cannabis page/Dried flower - Indica dominant' is clicked on

2019-05-18 16:08:21 - [MESSAGE][PASSED] - Object: 'Object Repository/OCS-MOBILE /Cannabis page/Dried flower - Indica dominant' is clicked on

2019-05-18 16:08:21 - [TEST_STEP][PASSED] - delay(2): Delayed 2 second(s)

2019-05-18 16:08:23 - [MESSAGE][PASSED] - Delayed 2 second(s)

2019-05-18 16:08:23 - [MESSAGE][PASSED] - Call Test Case 'Test Cases/OCS - MOBILE/OCS-COLLECTION PAGE/calling test case' successfully

2019-05-18 16:08:23 - [TEST_STEP][PASSED] - click(findTestObject("OCS-MOBILE /Collection page/sort option")): Object: 'Object Repository/OCS-MOBILE /Collection page/sort option' is clicked on

2019-05-18 16:08:23 - [MESSAGE][PASSED] - Object: 'Object Repository/OCS-MOBILE /Collection page/sort option' is clicked on

2019-05-18 16:08:23 - [TEST_STEP][PASSED] - delay(2): Delayed 2 second(s)

2019-05-18 16:08:25 - [MESSAGE][PASSED] - Delayed 2 second(s)

2019-05-18 16:08:25 - [TEST_STEP][PASSED] - setViewPortSize(1000, 800, OPTIONAL): Viewport is set to new size with width = 1000 and height = 800

2019-05-18 16:08:26 - [MESSAGE][PASSED] - Viewport is set to new size with width = 1000 and height = 800

2019-05-18 16:08:26 - [TEST_STEP][PASSED] - delay(2, OPTIONAL): Delayed 2 second(s)

2019-05-18 16:08:28 - [MESSAGE][PASSED] - Delayed 2 second(s)

2019-05-18 16:08:28 - [TEST_STEP][PASSED] - click(findTestObject("Theme_oR/Page_Ontario Cannabis Store  Ontari/button_Hide bar"), OPTIONAL): Object: 'Object Repository/Theme_oR/Page_Ontario Cannabis Store  Ontari/button_Hide bar' is clicked on

2019-05-18 16:08:28 - [MESSAGE][PASSED] - Object: 'Object Repository/Theme_oR/Page_Ontario Cannabis Store  Ontari/button_Hide bar' is clicked on

2019-05-18 16:08:28 - [TEST_STEP][PASSED] - delay(2, OPTIONAL): Delayed 2 second(s)

2019-05-18 16:08:30 - [MESSAGE][PASSED] - Delayed 2 second(s)

2019-05-18 16:08:30 - [TEST_STEP][PASSED] - setViewPortSize(360, 800, OPTIONAL): Viewport is set to new size with width = 360 and height = 800

2019-05-18 16:08:30 - [MESSAGE][PASSED] - Viewport is set to new size with width = 360 and height = 800

2019-05-18 16:08:30 - [TEST_STEP][PASSED] - delay(1, OPTIONAL): Delayed 1 second(s)

2019-05-18 16:08:31 - [MESSAGE][PASSED] - Delayed 1 second(s)

2019-05-18 16:08:31 - [TEST_STEP][PASSED] - delay(1): Delayed 1 second(s)

2019-05-18 16:08:32 - [MESSAGE][PASSED] - Delayed 1 second(s)

2019-05-18 16:08:32 - [TEST_STEP][PASSED] - click(findTestObject("OCS-MOBILE /Collection page/label_THC  Low to High")): Object: 'Object Repository/OCS-MOBILE /Collection page/label_THC  Low to High' is clicked on

2019-05-18 16:08:32 - [MESSAGE][PASSED] - Object: 'Object Repository/OCS-MOBILE /Collection page/label_THC  Low to High' is clicked on]]></system-out>
         <system-err><![CDATA[]]></system-err>
      </testcase>
      <testcase name="Test Cases/OCS - MOBILE/OCS-COLLECTION PAGE/What to consider" classname="Test Cases/OCS - MOBILE/OCS-COLLECTION PAGE/What to consider" status="PASSED">
         <system-out><![CDATA[2019-05-18 16:08:32 - [TEST_CASE][PASSED] - Test Cases/OCS - MOBILE/OCS-COLLECTION PAGE/What to consider: Test Cases/OCS - MOBILE/OCS-COLLECTION PAGE/What to consider

2019-05-18 16:08:32 - [TEST_STEP][PASSED] - openBrowser(""): Browser is opened with url: ''

2019-05-18 16:08:32 - [MESSAGE][WARNING] - A browser is already opened. Closing browser and opening a new one

2019-05-18 16:08:32 - [MESSAGE][INFO] - Starting 'Chrome' driver

2019-05-18 16:08:33 - [MESSAGE][PASSED] - Browser is opened with url: ''

2019-05-18 16:08:33 - [TEST_STEP][PASSED] - navigateToUrl("https://ocs.ca/?fts=0&preview_theme_id=53373863756"): Navigate to 'https://ocs.ca/?fts=0&preview_theme_id=53373863756' successfully

2019-05-18 16:08:43 - [MESSAGE][PASSED] - Navigate to 'https://ocs.ca/?fts=0&preview_theme_id=53373863756' successfully

2019-05-18 16:08:43 - [TEST_STEP][PASSED] - setViewPortSize(360, 800): Viewport is set to new size with width = 360 and height = 800

2019-05-18 16:08:43 - [MESSAGE][PASSED] - Viewport is set to new size with width = 360 and height = 800

2019-05-18 16:08:43 - [TEST_STEP][PASSED] - delay(4): Delayed 4 second(s)

2019-05-18 16:08:47 - [MESSAGE][PASSED] - Delayed 4 second(s)

2019-05-18 16:08:47 - [TEST_STEP][PASSED] - selectOptionByValue(findTestObject("OCS-MOBILE /Age gate and burger menu/Date"), "12", true): All options with value '12' are selected in object 'Object Repository/OCS-MOBILE /Age gate and burger menu/Date'  using regular expression

2019-05-18 16:08:47 - [MESSAGE][PASSED] - All options with value '12' are selected in object 'Object Repository/OCS-MOBILE /Age gate and burger menu/Date'  using regular expression

2019-05-18 16:08:47 - [TEST_STEP][PASSED] - selectOptionByValue(findTestObject("OCS-MOBILE /Age gate and burger menu/month"), "6", true): All options with value '6' are selected in object 'Object Repository/OCS-MOBILE /Age gate and burger menu/month'  using regular expression

2019-05-18 16:08:48 - [MESSAGE][PASSED] - All options with value '6' are selected in object 'Object Repository/OCS-MOBILE /Age gate and burger menu/month'  using regular expression

2019-05-18 16:08:48 - [TEST_STEP][PASSED] - delay(2): Delayed 2 second(s)

2019-05-18 16:08:50 - [MESSAGE][PASSED] - Delayed 2 second(s)

2019-05-18 16:08:50 - [TEST_STEP][PASSED] - selectOptionByValue(findTestObject("OCS-MOBILE /Age gate and burger menu/Year Dropdown"), "1990", true): All options with value '1990' are selected in object 'Object Repository/OCS-MOBILE /Age gate and burger menu/Year Dropdown'  using regular expression

2019-05-18 16:08:51 - [MESSAGE][PASSED] - All options with value '1990' are selected in object 'Object Repository/OCS-MOBILE /Age gate and burger menu/Year Dropdown'  using regular expression

2019-05-18 16:08:51 - [TEST_STEP][PASSED] - click(findTestObject("OCS-MOBILE /Age gate and burger menu/button_Verify")): Object: 'Object Repository/OCS-MOBILE /Age gate and burger menu/button_Verify' is clicked on

2019-05-18 16:08:51 - [MESSAGE][PASSED] - Object: 'Object Repository/OCS-MOBILE /Age gate and burger menu/button_Verify' is clicked on

2019-05-18 16:08:51 - [TEST_STEP][PASSED] - click(findTestObject("OCS-MOBILE /Age gate and burger menu/Checkbox_CONFIRM AND ACKNOWLEDGE")): Object: 'Object Repository/OCS-MOBILE /Age gate and burger menu/Checkbox_CONFIRM AND ACKNOWLEDGE' is clicked on

2019-05-18 16:08:51 - [MESSAGE][PASSED] - Object: 'Object Repository/OCS-MOBILE /Age gate and burger menu/Checkbox_CONFIRM AND ACKNOWLEDGE' is clicked on

2019-05-18 16:08:51 - [TEST_STEP][PASSED] - click(findTestObject("OCS-MOBILE /Age gate and burger menu/button_CONFIRM")): Object: 'Object Repository/OCS-MOBILE /Age gate and burger menu/button_CONFIRM' is clicked on

2019-05-18 16:08:51 - [MESSAGE][PASSED] - Object: 'Object Repository/OCS-MOBILE /Age gate and burger menu/button_CONFIRM' is clicked on

2019-05-18 16:08:51 - [TEST_STEP][PASSED] - click(findTestObject("OCS-MOBILE /Age gate and burger menu/button_Start Browsing")): Object: 'Object Repository/OCS-MOBILE /Age gate and burger menu/button_Start Browsing' is clicked on

2019-05-18 16:08:51 - [MESSAGE][PASSED] - Object: 'Object Repository/OCS-MOBILE /Age gate and burger menu/button_Start Browsing' is clicked on

2019-05-18 16:08:51 - [TEST_STEP][PASSED] - delay(2): Delayed 2 second(s)

2019-05-18 16:08:53 - [MESSAGE][PASSED] - Delayed 2 second(s)

2019-05-18 16:08:53 - [TEST_STEP][PASSED] - click(findTestObject("OCS-MOBILE /Age gate and burger menu/Burger menu - English")): Object: 'Object Repository/OCS-MOBILE /Age gate and burger menu/Burger menu - English' is clicked on

2019-05-18 16:08:53 - [MESSAGE][PASSED] - Object: 'Object Repository/OCS-MOBILE /Age gate and burger menu/Burger menu - English' is clicked on

2019-05-18 16:08:53 - [TEST_STEP][PASSED] - delay(2): Delayed 2 second(s)

2019-05-18 16:08:55 - [MESSAGE][PASSED] - Delayed 2 second(s)

2019-05-18 16:08:55 - [TEST_STEP][PASSED] - click(findTestObject("OCS-MOBILE /Cannabis page/Cannabis chevron")): Object: 'Object Repository/OCS-MOBILE /Cannabis page/Cannabis chevron' is clicked on

2019-05-18 16:08:55 - [MESSAGE][PASSED] - Object: 'Object Repository/OCS-MOBILE /Cannabis page/Cannabis chevron' is clicked on

2019-05-18 16:08:55 - [TEST_STEP][PASSED] - delay(2): Delayed 2 second(s)

2019-05-18 16:08:57 - [MESSAGE][PASSED] - Delayed 2 second(s)

2019-05-18 16:08:57 - [TEST_STEP][PASSED] - click(findTestObject("OCS-MOBILE /Cannabis page/Dried flower - plus accordian")): Object: 'Object Repository/OCS-MOBILE /Cannabis page/Dried flower - plus accordian' is clicked on

2019-05-18 16:08:57 - [MESSAGE][PASSED] - Object: 'Object Repository/OCS-MOBILE /Cannabis page/Dried flower - plus accordian' is clicked on

2019-05-18 16:08:57 - [TEST_STEP][PASSED] - delay(2): Delayed 2 second(s)

2019-05-18 16:08:59 - [MESSAGE][PASSED] - Delayed 2 second(s)

2019-05-18 16:08:59 - [TEST_STEP][PASSED] - click(findTestObject("OCS-MOBILE /Cannabis page/Dried flower - Indica dominant")): Object: 'Object Repository/OCS-MOBILE /Cannabis page/Dried flower - Indica dominant' is clicked on

2019-05-18 16:09:02 - [MESSAGE][PASSED] - Object: 'Object Repository/OCS-MOBILE /Cannabis page/Dried flower - Indica dominant' is clicked on

2019-05-18 16:09:02 - [TEST_STEP][PASSED] - delay(2): Delayed 2 second(s)

2019-05-18 16:09:04 - [MESSAGE][PASSED] - Delayed 2 second(s)

2019-05-18 16:09:04 - [TEST_STEP][PASSED] - setViewPortSize(1000, 800, OPTIONAL): Viewport is set to new size with width = 1000 and height = 800

2019-05-18 16:09:04 - [MESSAGE][PASSED] - Viewport is set to new size with width = 1000 and height = 800

2019-05-18 16:09:04 - [TEST_STEP][PASSED] - delay(2, OPTIONAL): Delayed 2 second(s)

2019-05-18 16:09:06 - [MESSAGE][PASSED] - Delayed 2 second(s)

2019-05-18 16:09:06 - [TEST_STEP][PASSED] - click(findTestObject("Theme_oR/Page_Ontario Cannabis Store  Ontari/button_Hide bar"), OPTIONAL): Object: 'Object Repository/Theme_oR/Page_Ontario Cannabis Store  Ontari/button_Hide bar' is clicked on

2019-05-18 16:09:06 - [MESSAGE][PASSED] - Object: 'Object Repository/Theme_oR/Page_Ontario Cannabis Store  Ontari/button_Hide bar' is clicked on

2019-05-18 16:09:06 - [TEST_STEP][PASSED] - delay(2, OPTIONAL): Delayed 2 second(s)

2019-05-18 16:09:08 - [MESSAGE][PASSED] - Delayed 2 second(s)

2019-05-18 16:09:08 - [TEST_STEP][PASSED] - setViewPortSize(360, 800, OPTIONAL): Viewport is set to new size with width = 360 and height = 800

2019-05-18 16:09:08 - [MESSAGE][PASSED] - Viewport is set to new size with width = 360 and height = 800

2019-05-18 16:09:08 - [TEST_STEP][PASSED] - click(findTestObject("OCS-MOBILE /Collection page/loadmore")): Object: 'Object Repository/OCS-MOBILE /Collection page/loadmore' is clicked on

2019-05-18 16:09:08 - [MESSAGE][PASSED] - Object: 'Object Repository/OCS-MOBILE /Collection page/loadmore' is clicked on

2019-05-18 16:09:08 - [TEST_STEP][PASSED] - delay(2): Delayed 2 second(s)

2019-05-18 16:09:10 - [MESSAGE][PASSED] - Delayed 2 second(s)

2019-05-18 16:09:10 - [TEST_STEP][PASSED] - setViewPortSize(1000, 800, OPTIONAL): Viewport is set to new size with width = 1000 and height = 800

2019-05-18 16:09:10 - [MESSAGE][PASSED] - Viewport is set to new size with width = 1000 and height = 800

2019-05-18 16:09:10 - [TEST_STEP][PASSED] - delay(2, OPTIONAL): Delayed 2 second(s)

2019-05-18 16:09:12 - [MESSAGE][PASSED] - Delayed 2 second(s)

2019-05-18 16:09:12 - [TEST_STEP][PASSED] - click(findTestObject("Theme_oR/Page_Ontario Cannabis Store  Ontari/button_Hide bar"), OPTIONAL): Unable to click on object 'Object Repository/Theme_oR/Page_Ontario Cannabis Store  Ontari/button_Hide bar' (Root cause: org.openqa.selenium.ElementNotVisibleException: element not interactable
  (Session info: chrome=74.0.3729.157)
  (Driver info: chromedriver=2.43.600229 (3fae4d0cda5334b4f533bede5a4787f7b832d052),platform=Mac OS X 10.13.6 x86_64) (WARNING: The server did not provide any stacktrace information)
Command duration or timeout: 0 milliseconds
Build info: version: '3.7.1', revision: '8a0099a', time: '2017-11-06T21:07:36.161Z'
System info: host: 'sumans-MacBook-Pro.local', ip: 'fe80:0:0:0:c95:20e5:430d:4315%en0', os.name: 'Mac OS X', os.arch: 'x86_64', os.version: '10.13.6', java.version: '1.8.0_181'
Driver info: com.kms.katalon.selenium.driver.CChromeDriver
Capabilities {acceptInsecureCerts: false, acceptSslCerts: false, applicationCacheEnabled: false, browserConnectionEnabled: false, browserName: chrome, chrome: {chromedriverVersion: 2.43.600229 (3fae4d0cda5334..., userDataDir: /var/folders/1t/c55l8xzs6gq...}, cssSelectorsEnabled: true, databaseEnabled: false, goog:chromeOptions: {debuggerAddress: localhost:51316}, handlesAlerts: true, hasTouchScreen: false, javascriptEnabled: true, locationContextEnabled: true, mobileEmulationEnabled: false, nativeEvents: true, networkConnectionEnabled: false, pageLoadStrategy: normal, platform: MAC, platformName: MAC, rotatable: false, setWindowRect: true, takesHeapSnapshot: true, takesScreenshot: true, unexpectedAlertBehaviour: , unhandledPromptBehavior: , version: 74.0.3729.157, webStorageEnabled: true}
Session ID: 360138236083809ccfc3fd5c3247d749)

2019-05-18 16:09:13 - [MESSAGE][WARNING] - Unable to click on object 'Object Repository/Theme_oR/Page_Ontario Cannabis Store  Ontari/button_Hide bar' (Root cause: org.openqa.selenium.ElementNotVisibleException: element not interactable
  (Session info: chrome=74.0.3729.157)
  (Driver info: chromedriver=2.43.600229 (3fae4d0cda5334b4f533bede5a4787f7b832d052),platform=Mac OS X 10.13.6 x86_64) (WARNING: The server did not provide any stacktrace information)
Command duration or timeout: 0 milliseconds
Build info: version: '3.7.1', revision: '8a0099a', time: '2017-11-06T21:07:36.161Z'
System info: host: 'sumans-MacBook-Pro.local', ip: 'fe80:0:0:0:c95:20e5:430d:4315%en0', os.name: 'Mac OS X', os.arch: 'x86_64', os.version: '10.13.6', java.version: '1.8.0_181'
Driver info: com.kms.katalon.selenium.driver.CChromeDriver
Capabilities {acceptInsecureCerts: false, acceptSslCerts: false, applicationCacheEnabled: false, browserConnectionEnabled: false, browserName: chrome, chrome: {chromedriverVersion: 2.43.600229 (3fae4d0cda5334..., userDataDir: /var/folders/1t/c55l8xzs6gq...}, cssSelectorsEnabled: true, databaseEnabled: false, goog:chromeOptions: {debuggerAddress: localhost:51316}, handlesAlerts: true, hasTouchScreen: false, javascriptEnabled: true, locationContextEnabled: true, mobileEmulationEnabled: false, nativeEvents: true, networkConnectionEnabled: false, pageLoadStrategy: normal, platform: MAC, platformName: MAC, rotatable: false, setWindowRect: true, takesHeapSnapshot: true, takesScreenshot: true, unexpectedAlertBehaviour: , unhandledPromptBehavior: , version: 74.0.3729.157, webStorageEnabled: true}
Session ID: 360138236083809ccfc3fd5c3247d749)
[[ATTACHMENT|/Users/sumankompelly/git/Ontario-cannbis-store/Reports/OCS- MOBILE/AGE GATE/20190518_153710/1558210152704.png]]

2019-05-18 16:09:13 - [TEST_STEP][PASSED] - delay(2, OPTIONAL): Delayed 2 second(s)

2019-05-18 16:09:15 - [MESSAGE][PASSED] - Delayed 2 second(s)

2019-05-18 16:09:15 - [TEST_STEP][PASSED] - setViewPortSize(360, 800, OPTIONAL): Viewport is set to new size with width = 360 and height = 800

2019-05-18 16:09:15 - [MESSAGE][PASSED] - Viewport is set to new size with width = 360 and height = 800

2019-05-18 16:09:15 - [TEST_STEP][PASSED] - click(findTestObject("OCS-MOBILE /Collection page/What to consider")): Object: 'Object Repository/OCS-MOBILE /Collection page/What to consider' is clicked on

2019-05-18 16:09:23 - [MESSAGE][PASSED] - Object: 'Object Repository/OCS-MOBILE /Collection page/What to consider' is clicked on

2019-05-18 16:09:23 - [TEST_STEP][PASSED] - verifyTextPresent("Six things to know before deciding to consume cannabis.", false): Text 'Six things to know before deciding to consume cannabis.' is present on page 

2019-05-18 16:09:23 - [MESSAGE][PASSED] - Text 'Six things to know before deciding to consume cannabis.' is present on page]]></system-out>
         <system-err><![CDATA[]]></system-err>
      </testcase>
      <system-out><![CDATA[2019-05-18 15:37:13 - [TEST_SUITE][FAILED] - AGE GATE: Test Cases/OCS - MOBILE/OCS-AGE GATE/AG- Under Age FAILED.
Reason:
com.kms.katalon.core.exception.StepFailedException: Unable to click on object (Root cause: java.lang.IllegalArgumentException: Object is null)
	at com.kms.katalon.core.keyword.internal.KeywordMain.stepFailed(KeywordMain.groovy:36)
	at com.kms.katalon.core.webui.keyword.internal.WebUIKeywordMain.stepFailed(WebUIKeywordMain.groovy:65)
	at com.kms.katalon.core.webui.keyword.internal.WebUIKeywordMain.runKeyword(WebUIKeywordMain.groovy:27)
	at com.kms.katalon.core.webui.keyword.builtin.ClickKeyword.click(ClickKeyword.groovy:86)
	at com.kms.katalon.core.webui.keyword.builtin.ClickKeyword.execute(ClickKeyword.groovy:67)
	at com.kms.katalon.core.keyword.internal.KeywordExecutor.executeKeywordForPlatform(KeywordExecutor.groovy:53)
	at com.kms.katalon.core.webui.keyword.WebUiBuiltInKeywords.click(WebUiBuiltInKeywords.groovy:616)
	at com.kms.katalon.core.webui.keyword.WebUiBuiltInKeywords$click$3.call(Unknown Source)
	at AG- Under Age.run(AG- Under Age:50)
	at com.kms.katalon.core.main.ScriptEngine.run(ScriptEngine.java:194)
	at com.kms.katalon.core.main.ScriptEngine.runScriptAsRawText(ScriptEngine.java:119)
	at com.kms.katalon.core.main.TestCaseExecutor.runScript(TestCaseExecutor.java:328)
	at com.kms.katalon.core.main.TestCaseExecutor.doExecute(TestCaseExecutor.java:319)
	at com.kms.katalon.core.main.TestCaseExecutor.processExecutionPhase(TestCaseExecutor.java:298)
	at com.kms.katalon.core.main.TestCaseExecutor.accessMainPhase(TestCaseExecutor.java:290)
	at com.kms.katalon.core.main.TestCaseExecutor.execute(TestCaseExecutor.java:224)
	at com.kms.katalon.core.main.TestSuiteExecutor.accessTestCaseMainPhase(TestSuiteExecutor.java:129)
	at com.kms.katalon.core.main.TestSuiteExecutor.accessTestSuiteMainPhase(TestSuiteExecutor.java:112)
	at com.kms.katalon.core.main.TestSuiteExecutor.execute(TestSuiteExecutor.java:81)
	at com.kms.katalon.core.main.TestCaseMain.startTestSuite(TestCaseMain.java:149)
	at com.kms.katalon.core.main.TestCaseMain$startTestSuite$0.call(Unknown Source)
	at TempTestSuite1558208231009.run(TempTestSuite1558208231009.groovy:36)]]></system-out>
      <system-err><![CDATA[2019-05-18 15:37:13 - [TEST_SUITE][FAILED] - AGE GATE: Test Cases/OCS - MOBILE/OCS-AGE GATE/AG- Under Age FAILED.
Reason:
com.kms.katalon.core.exception.StepFailedException: Unable to click on object (Root cause: java.lang.IllegalArgumentException: Object is null)
	at com.kms.katalon.core.keyword.internal.KeywordMain.stepFailed(KeywordMain.groovy:36)
	at com.kms.katalon.core.webui.keyword.internal.WebUIKeywordMain.stepFailed(WebUIKeywordMain.groovy:65)
	at com.kms.katalon.core.webui.keyword.internal.WebUIKeywordMain.runKeyword(WebUIKeywordMain.groovy:27)
	at com.kms.katalon.core.webui.keyword.builtin.ClickKeyword.click(ClickKeyword.groovy:86)
	at com.kms.katalon.core.webui.keyword.builtin.ClickKeyword.execute(ClickKeyword.groovy:67)
	at com.kms.katalon.core.keyword.internal.KeywordExecutor.executeKeywordForPlatform(KeywordExecutor.groovy:53)
	at com.kms.katalon.core.webui.keyword.WebUiBuiltInKeywords.click(WebUiBuiltInKeywords.groovy:616)
	at com.kms.katalon.core.webui.keyword.WebUiBuiltInKeywords$click$3.call(Unknown Source)
	at AG- Under Age.run(AG- Under Age:50)
	at com.kms.katalon.core.main.ScriptEngine.run(ScriptEngine.java:194)
	at com.kms.katalon.core.main.ScriptEngine.runScriptAsRawText(ScriptEngine.java:119)
	at com.kms.katalon.core.main.TestCaseExecutor.runScript(TestCaseExecutor.java:328)
	at com.kms.katalon.core.main.TestCaseExecutor.doExecute(TestCaseExecutor.java:319)
	at com.kms.katalon.core.main.TestCaseExecutor.processExecutionPhase(TestCaseExecutor.java:298)
	at com.kms.katalon.core.main.TestCaseExecutor.accessMainPhase(TestCaseExecutor.java:290)
	at com.kms.katalon.core.main.TestCaseExecutor.execute(TestCaseExecutor.java:224)
	at com.kms.katalon.core.main.TestSuiteExecutor.accessTestCaseMainPhase(TestSuiteExecutor.java:129)
	at com.kms.katalon.core.main.TestSuiteExecutor.accessTestSuiteMainPhase(TestSuiteExecutor.java:112)
	at com.kms.katalon.core.main.TestSuiteExecutor.execute(TestSuiteExecutor.java:81)
	at com.kms.katalon.core.main.TestCaseMain.startTestSuite(TestCaseMain.java:149)
	at com.kms.katalon.core.main.TestCaseMain$startTestSuite$0.call(Unknown Source)
	at TempTestSuite1558208231009.run(TempTestSuite1558208231009.groovy:36)]]></system-err>
   </testsuite>
</testsuites>
