<?xml version="1.0" encoding="UTF-8"?>
<testsuites name="OCS - 1.11.0" time="2324" tests="13" failures="15" errors="0">
   <testsuite name="OCS - 1.11.0" tests="13" failures="15" errors="0" time="2324" timestamp="2019-06-21 16:50:50" hostname="sumankompelly - 10.0.0.240" id="Test Suites/OCS - 1.11.0">
      <properties>
         <property name="deviceName" value=""/>
         <property name="devicePlatform" value=""/>
         <property name="logFolder" value="/Users/sumankompelly/Relative xpath-Mobile/Reports/OCS - 1.11.0/20190621_165048"/>
         <property name="logFiles" value="/Users/sumankompelly/Relative xpath-Mobile/Reports/OCS - 1.11.0/20190621_165048/execution0.log"/>
         <property name="attachments" value="/Users/sumankompelly/Relative xpath-Mobile/Reports/OCS - 1.11.0/20190621_165048/1561150389780.png, /Users/sumankompelly/Relative xpath-Mobile/Reports/OCS - 1.11.0/20190621_165048/1561150535327.png, /Users/sumankompelly/Relative xpath-Mobile/Reports/OCS - 1.11.0/20190621_165048/1561150634289.png, /Users/sumankompelly/Relative xpath-Mobile/Reports/OCS - 1.11.0/20190621_165048/1561150637257.png, /Users/sumankompelly/Relative xpath-Mobile/Reports/OCS - 1.11.0/20190621_165048/1561150688375.png, /Users/sumankompelly/Relative xpath-Mobile/Reports/OCS - 1.11.0/20190621_165048/1561150701783.png, /Users/sumankompelly/Relative xpath-Mobile/Reports/OCS - 1.11.0/20190621_165048/1561150716457.png, /Users/sumankompelly/Relative xpath-Mobile/Reports/OCS - 1.11.0/20190621_165048/1561150729030.png, /Users/sumankompelly/Relative xpath-Mobile/Reports/OCS - 1.11.0/20190621_165048/1561150743693.png, /Users/sumankompelly/Relative xpath-Mobile/Reports/OCS - 1.11.0/20190621_165048/1561150757178.png, /Users/sumankompelly/Relative xpath-Mobile/Reports/OCS - 1.11.0/20190621_165048/1561150771394.png, /Users/sumankompelly/Relative xpath-Mobile/Reports/OCS - 1.11.0/20190621_165048/1561150786533.png, /Users/sumankompelly/Relative xpath-Mobile/Reports/OCS - 1.11.0/20190621_165048/1561150798660.png, /Users/sumankompelly/Relative xpath-Mobile/Reports/OCS - 1.11.0/20190621_165048/1561150807553.png, /Users/sumankompelly/Relative xpath-Mobile/Reports/OCS - 1.11.0/20190621_165048/1561150819744.png, /Users/sumankompelly/Relative xpath-Mobile/Reports/OCS - 1.11.0/20190621_165048/1561150831145.png, /Users/sumankompelly/Relative xpath-Mobile/Reports/OCS - 1.11.0/20190621_165048/1561150842765.png, /Users/sumankompelly/Relative xpath-Mobile/Reports/OCS - 1.11.0/20190621_165048/1561150854715.png, /Users/sumankompelly/Relative xpath-Mobile/Reports/OCS - 1.11.0/20190621_165048/1561150863517.png, /Users/sumankompelly/Relative xpath-Mobile/Reports/OCS - 1.11.0/20190621_165048/1561150887962.png, /Users/sumankompelly/Relative xpath-Mobile/Reports/OCS - 1.11.0/20190621_165048/1561150917865.png, /Users/sumankompelly/Relative xpath-Mobile/Reports/OCS - 1.11.0/20190621_165048/1561150932608.png, /Users/sumankompelly/Relative xpath-Mobile/Reports/OCS - 1.11.0/20190621_165048/1561151005261.png, /Users/sumankompelly/Relative xpath-Mobile/Reports/OCS - 1.11.0/20190621_165048/1561151050712.png, /Users/sumankompelly/Relative xpath-Mobile/Reports/OCS - 1.11.0/20190621_165048/1561151058546.png, /Users/sumankompelly/Relative xpath-Mobile/Reports/OCS - 1.11.0/20190621_165048/1561151071366.png, /Users/sumankompelly/Relative xpath-Mobile/Reports/OCS - 1.11.0/20190621_165048/1561151093167.png, /Users/sumankompelly/Relative xpath-Mobile/Reports/OCS - 1.11.0/20190621_165048/1561151112637.png, /Users/sumankompelly/Relative xpath-Mobile/Reports/OCS - 1.11.0/20190621_165048/1561151120386.png, /Users/sumankompelly/Relative xpath-Mobile/Reports/OCS - 1.11.0/20190621_165048/1561151132174.png, /Users/sumankompelly/Relative xpath-Mobile/Reports/OCS - 1.11.0/20190621_165048/1561151155618.png, /Users/sumankompelly/Relative xpath-Mobile/Reports/OCS - 1.11.0/20190621_165048/1561151174755.png, /Users/sumankompelly/Relative xpath-Mobile/Reports/OCS - 1.11.0/20190621_165048/1561151182445.png, /Users/sumankompelly/Relative xpath-Mobile/Reports/OCS - 1.11.0/20190621_165048/1561151194451.png, /Users/sumankompelly/Relative xpath-Mobile/Reports/OCS - 1.11.0/20190621_165048/1561151555213.png, /Users/sumankompelly/Relative xpath-Mobile/Reports/OCS - 1.11.0/20190621_165048/1561151608065.png, /Users/sumankompelly/Relative xpath-Mobile/Reports/OCS - 1.11.0/20190621_165048/1561151659992.png, /Users/sumankompelly/Relative xpath-Mobile/Reports/OCS - 1.11.0/20190621_165048/1561151713263.png, /Users/sumankompelly/Relative xpath-Mobile/Reports/OCS - 1.11.0/20190621_165048/1561151766357.png, /Users/sumankompelly/Relative xpath-Mobile/Reports/OCS - 1.11.0/20190621_165048/1561151818517.png, /Users/sumankompelly/Relative xpath-Mobile/Reports/OCS - 1.11.0/20190621_165048/1561151873530.png, /Users/sumankompelly/Relative xpath-Mobile/Reports/OCS - 1.11.0/20190621_165048/1561151930984.png, /Users/sumankompelly/Relative xpath-Mobile/Reports/OCS - 1.11.0/20190621_165048/1561151985556.png, /Users/sumankompelly/Relative xpath-Mobile/Reports/OCS - 1.11.0/20190621_165048/1561152040524.png, /Users/sumankompelly/Relative xpath-Mobile/Reports/OCS - 1.11.0/20190621_165048/1561152054933.png, /Users/sumankompelly/Relative xpath-Mobile/Reports/OCS - 1.11.0/20190621_165048/1561152172298.png, /Users/sumankompelly/Relative xpath-Mobile/Reports/OCS - 1.11.0/20190621_165048/1561152192411.png, /Users/sumankompelly/Relative xpath-Mobile/Reports/OCS - 1.11.0/20190621_165048/1561152317887.png, /Users/sumankompelly/Relative xpath-Mobile/Reports/OCS - 1.11.0/20190621_165048/1561152340934.png, /Users/sumankompelly/Relative xpath-Mobile/Reports/OCS - 1.11.0/20190621_165048/1561152374076.png, /Users/sumankompelly/Relative xpath-Mobile/Reports/OCS - 1.11.0/20190621_165048/1561152407231.png, /Users/sumankompelly/Relative xpath-Mobile/Reports/OCS - 1.11.0/20190621_165048/1561152440717.png, /Users/sumankompelly/Relative xpath-Mobile/Reports/OCS - 1.11.0/20190621_165048/1561152471977.png, /Users/sumankompelly/Relative xpath-Mobile/Reports/OCS - 1.11.0/20190621_165048/1561152472242.png, /Users/sumankompelly/Relative xpath-Mobile/Reports/OCS - 1.11.0/20190621_165048/1561152503512.png, /Users/sumankompelly/Relative xpath-Mobile/Reports/OCS - 1.11.0/20190621_165048/1561152534819.png, /Users/sumankompelly/Relative xpath-Mobile/Reports/OCS - 1.11.0/20190621_165048/1561152565951.png, /Users/sumankompelly/Relative xpath-Mobile/Reports/OCS - 1.11.0/20190621_165048/1561152566376.png"/>
         <property name="hostName" value="sumankompelly - 10.0.0.240"/>
         <property name="os" value="Mac OS X 64bit"/>
         <property name="katalonVersion" value="5.10.1.1"/>
         <property name="browser" value="Chrome 75.0.3770.100"/>
         <property name="hostAddress" value="10.0.0.240"/>
         <property name="sessionId" value="9a595aca25961d1587ed925f66cc4910"/>
         <property name="seleniumVersion" value="3.7.1"/>
         <property name="proxyInformation" value="ProxyInformation{proxyOption=NO_PROXY, proxyServerType=HTTP, password=, proxyServerAddress=, proxyServerPort=0}"/>
         <property name="platform" value="Mac OS X"/>
      </properties>
      <testcase name="Test Cases/OCS - MOBILE/OCS- HOME PAGE/Toggling language" classname="Test Cases/OCS - MOBILE/OCS- HOME PAGE/Toggling language" status="PASSED">
         <system-out><![CDATA[2019-06-21 16:50:50 - [TEST_CASE][PASSED] - Test Cases/OCS - MOBILE/OCS- HOME PAGE/Toggling language: Test Cases/OCS - MOBILE/OCS- HOME PAGE/Toggling language

2019-06-21 16:50:51 - [TEST_STEP][PASSED] - callTestCase(findTestCase("OCS - MOBILE/CALL - AGE GATE"), [:], STOP_ON_FAILURE): Call Test Case 'Test Cases/OCS - MOBILE/CALL - AGE GATE' successfully

2019-06-21 16:50:51 - [TEST_CASE][PASSED] - Test Cases/OCS - MOBILE/CALL - AGE GATE: Test Cases/OCS - MOBILE/CALL - AGE GATE

2019-06-21 16:50:51 - [TEST_STEP][PASSED] - openBrowser(""): Browser is opened with url: ''

2019-06-21 16:50:52 - [MESSAGE][INFO] - Starting 'Chrome' driver

2019-06-21 16:50:52 - [MESSAGE][INFO] - Action delay is set to 0 seconds

2019-06-21 16:50:54 - [MESSAGE][PASSED] - Browser is opened with url: ''

2019-06-21 16:50:54 - [TEST_STEP][PASSED] - navigateToUrl("https://ocs.ca/?fts=0&preview_theme_id=74057975628"): Navigate to 'https://ocs.ca/?fts=0&preview_theme_id=74057975628' successfully

2019-06-21 16:50:57 - [MESSAGE][PASSED] - Navigate to 'https://ocs.ca/?fts=0&preview_theme_id=74057975628' successfully

2019-06-21 16:50:57 - [TEST_STEP][PASSED] - executeJavaScript("var previewBar = document.getElementById("preview-bar-iframe"); previewBar.style.display = "none";", []): Execute JavaScript 'var previewBar = document.getElementById("preview-bar-iframe"); previewBar.style.display = "none";' successfully

2019-06-21 16:50:57 - [MESSAGE][PASSED] - Execute JavaScript 'var previewBar = document.getElementById("preview-bar-iframe"); previewBar.style.display = "none";' successfully

2019-06-21 16:50:57 - [TEST_STEP][PASSED] - setViewPortSize(360, 800): Viewport is set to new size with width = 360 and height = 800

2019-06-21 16:50:57 - [MESSAGE][PASSED] - Viewport is set to new size with width = 360 and height = 800

2019-06-21 16:50:57 - [TEST_STEP][PASSED] - delay(4): Delayed 4 second(s)

2019-06-21 16:51:01 - [MESSAGE][PASSED] - Delayed 4 second(s)

2019-06-21 16:51:01 - [TEST_STEP][PASSED] - selectOptionByValue(findTestObject("OCS-MOBILE /Age gate and burger menu/Date"), "12", true): All options with value '12' are selected in object 'Object Repository/OCS-MOBILE /Age gate and burger menu/Date'  using regular expression

2019-06-21 16:51:01 - [MESSAGE][PASSED] - All options with value '12' are selected in object 'Object Repository/OCS-MOBILE /Age gate and burger menu/Date'  using regular expression

2019-06-21 16:51:01 - [TEST_STEP][PASSED] - selectOptionByValue(findTestObject("OCS-MOBILE /Age gate and burger menu/month"), "6", true): All options with value '6' are selected in object 'Object Repository/OCS-MOBILE /Age gate and burger menu/month'  using regular expression

2019-06-21 16:51:02 - [MESSAGE][PASSED] - All options with value '6' are selected in object 'Object Repository/OCS-MOBILE /Age gate and burger menu/month'  using regular expression

2019-06-21 16:51:02 - [TEST_STEP][PASSED] - delay(2): Delayed 2 second(s)

2019-06-21 16:51:04 - [MESSAGE][PASSED] - Delayed 2 second(s)

2019-06-21 16:51:04 - [TEST_STEP][PASSED] - selectOptionByValue(findTestObject("OCS-MOBILE /Age gate and burger menu/Year Dropdown"), "1990", true): All options with value '1990' are selected in object 'Object Repository/OCS-MOBILE /Age gate and burger menu/Year Dropdown'  using regular expression

2019-06-21 16:51:05 - [MESSAGE][PASSED] - All options with value '1990' are selected in object 'Object Repository/OCS-MOBILE /Age gate and burger menu/Year Dropdown'  using regular expression

2019-06-21 16:51:05 - [TEST_STEP][PASSED] - click(findTestObject("OCS-MOBILE /Age gate and Mega menu/button_Verify")): Object: 'Object Repository/OCS-MOBILE /Age gate and Mega menu/button_Verify' is clicked on

2019-06-21 16:51:05 - [MESSAGE][PASSED] - Object: 'Object Repository/OCS-MOBILE /Age gate and Mega menu/button_Verify' is clicked on

2019-06-21 16:51:05 - [TEST_STEP][PASSED] - click(findTestObject("OCS-MOBILE /Age gate and Mega menu/Checkbox_CONFIRM AND ACKNOWLEDGE")): Object: 'Object Repository/OCS-MOBILE /Age gate and Mega menu/Checkbox_CONFIRM AND ACKNOWLEDGE' is clicked on

2019-06-21 16:51:05 - [MESSAGE][PASSED] - Object: 'Object Repository/OCS-MOBILE /Age gate and Mega menu/Checkbox_CONFIRM AND ACKNOWLEDGE' is clicked on

2019-06-21 16:51:05 - [TEST_STEP][PASSED] - click(findTestObject("OCS-MOBILE /Age gate and Mega menu/button_CONFIRM")): Object: 'Object Repository/OCS-MOBILE /Age gate and Mega menu/button_CONFIRM' is clicked on

2019-06-21 16:51:05 - [MESSAGE][PASSED] - Object: 'Object Repository/OCS-MOBILE /Age gate and Mega menu/button_CONFIRM' is clicked on

2019-06-21 16:51:05 - [TEST_STEP][PASSED] - click(findTestObject("OCS-MOBILE /Age gate and Mega menu/button_Start Browsing")): Object: 'Object Repository/OCS-MOBILE /Age gate and Mega menu/button_Start Browsing' is clicked on

2019-06-21 16:51:05 - [MESSAGE][PASSED] - Object: 'Object Repository/OCS-MOBILE /Age gate and Mega menu/button_Start Browsing' is clicked on

2019-06-21 16:51:05 - [TEST_STEP][PASSED] - refresh(): Refresh successfully

2019-06-21 16:51:05 - [MESSAGE][PASSED] - Refresh successfully

2019-06-21 16:51:05 - [TEST_STEP][PASSED] - executeJavaScript("var previewBar = document.getElementById("preview-bar-iframe"); previewBar.style.display = "none";", []): Execute JavaScript 'var previewBar = document.getElementById("preview-bar-iframe"); previewBar.style.display = "none";' successfully

2019-06-21 16:51:08 - [MESSAGE][PASSED] - Execute JavaScript 'var previewBar = document.getElementById("preview-bar-iframe"); previewBar.style.display = "none";' successfully

2019-06-21 16:51:08 - [MESSAGE][PASSED] - Call Test Case 'Test Cases/OCS - MOBILE/CALL - AGE GATE' successfully

2019-06-21 16:51:08 - [TEST_STEP][PASSED] - executeJavaScript("var previewBar = document.getElementById("preview-bar-iframe"); previewBar.style.display = "none";", []): Execute JavaScript 'var previewBar = document.getElementById("preview-bar-iframe"); previewBar.style.display = "none";' successfully

2019-06-21 16:51:08 - [MESSAGE][PASSED] - Execute JavaScript 'var previewBar = document.getElementById("preview-bar-iframe"); previewBar.style.display = "none";' successfully

2019-06-21 16:51:09 - [TEST_STEP][PASSED] - delay(2): Delayed 2 second(s)

2019-06-21 16:51:11 - [MESSAGE][PASSED] - Delayed 2 second(s)

2019-06-21 16:51:11 - [TEST_STEP][NOT_RUN] - refresh(): NOT_RUN: refresh()

2019-06-21 16:51:11 - [MESSAGE][NOT_RUN] - NOT_RUN: refresh()

2019-06-21 16:51:11 - [TEST_STEP][PASSED] - click(findTestObject("OCS-MOBILE /Age gate and burger menu/Burger menu - English")): Object: 'Object Repository/OCS-MOBILE /Age gate and burger menu/Burger menu - English' is clicked on

2019-06-21 16:51:11 - [MESSAGE][PASSED] - Object: 'Object Repository/OCS-MOBILE /Age gate and burger menu/Burger menu - English' is clicked on

2019-06-21 16:51:11 - [TEST_STEP][PASSED] - delay(2): Delayed 2 second(s)

2019-06-21 16:51:13 - [MESSAGE][PASSED] - Delayed 2 second(s)

2019-06-21 16:51:13 - [TEST_STEP][PASSED] - click(findTestObject("OCS-MOBILE /Cart flyout/English dropdown")): Object: 'Object Repository/OCS-MOBILE /Cart flyout/English dropdown' is clicked on

2019-06-21 16:51:13 - [MESSAGE][PASSED] - Object: 'Object Repository/OCS-MOBILE /Cart flyout/English dropdown' is clicked on

2019-06-21 16:51:13 - [TEST_STEP][PASSED] - delay(2): Delayed 2 second(s)

2019-06-21 16:51:15 - [MESSAGE][PASSED] - Delayed 2 second(s)

2019-06-21 16:51:15 - [TEST_STEP][PASSED] - executeJavaScript("var previewBar = document.getElementById("preview-bar-iframe"); previewBar.style.display = "none";", []): Execute JavaScript 'var previewBar = document.getElementById("preview-bar-iframe"); previewBar.style.display = "none";' successfully

2019-06-21 16:51:15 - [MESSAGE][PASSED] - Execute JavaScript 'var previewBar = document.getElementById("preview-bar-iframe"); previewBar.style.display = "none";' successfully

2019-06-21 16:51:15 - [TEST_STEP][PASSED] - click(findTestObject("OCS-MOBILE /Cart flyout/Select French")): Object: 'Object Repository/OCS-MOBILE /Cart flyout/Select French' is clicked on

2019-06-21 16:51:15 - [MESSAGE][PASSED] - Object: 'Object Repository/OCS-MOBILE /Cart flyout/Select French' is clicked on

2019-06-21 16:51:15 - [TEST_STEP][PASSED] - delay(5): Delayed 5 second(s)

2019-06-21 16:51:20 - [MESSAGE][PASSED] - Delayed 5 second(s)

2019-06-21 16:51:20 - [TEST_STEP][PASSED] - a = getWindowTitle(): Current window's title is: 'Magasin de Cannabis de l'Ontario | Ontario Cannabis Store'

2019-06-21 16:51:20 - [MESSAGE][PASSED] - Current window's title is: 'Magasin de Cannabis de l'Ontario | Ontario Cannabis Store'

2019-06-21 16:51:20 - [TEST_STEP][PASSED] - comment("a = " + a): a = Magasin de Cannabis de l'Ontario | Ontario Cannabis Store

2019-06-21 16:51:20 - [MESSAGE][INFO] - a = Magasin de Cannabis de l'Ontario | Ontario Cannabis Store

2019-06-21 16:51:20 - [TEST_STEP][PASSED] - b = "Magasin de Cannabis de l'Ontario | Ontario Cannabis Store": null

2019-06-21 16:51:20 - [TEST_STEP][PASSED] - delay(2): Delayed 2 second(s)

2019-06-21 16:51:22 - [MESSAGE][PASSED] - Delayed 2 second(s)

2019-06-21 16:51:22 - [TEST_STEP][PASSED] - flag1 = verifyMatch(a, b, false): Actual text 'Magasin de Cannabis de l'Ontario | Ontario Cannabis Store' and expected text 'Magasin de Cannabis de l'Ontario | Ontario Cannabis Store' are matched 

2019-06-21 16:51:22 - [MESSAGE][PASSED] - Actual text 'Magasin de Cannabis de l'Ontario | Ontario Cannabis Store' and expected text 'Magasin de Cannabis de l'Ontario | Ontario Cannabis Store' are matched 

2019-06-21 16:51:22 - [TEST_STEP][PASSED] - comment("flag = " + flag1): flag = true

2019-06-21 16:51:22 - [MESSAGE][INFO] - flag = true

2019-06-21 16:51:22 - [TEST_STEP][PASSED] - if (flag1 == true): translated  to french

2019-06-21 16:51:22 - [TEST_STEP][PASSED] - comment("translated  to french"): translated  to french

2019-06-21 16:51:22 - [MESSAGE][INFO] - translated  to french

2019-06-21 16:51:22 - [TEST_STEP][PASSED] - delay(2): Delayed 2 second(s)

2019-06-21 16:51:24 - [MESSAGE][PASSED] - Delayed 2 second(s)

2019-06-21 16:51:24 - [TEST_STEP][PASSED] - click(findTestObject("OCS-MOBILE /Age gate and burger menu/Burger menu - French")): Object: 'Object Repository/OCS-MOBILE /Age gate and burger menu/Burger menu - French' is clicked on

2019-06-21 16:51:24 - [MESSAGE][PASSED] - Object: 'Object Repository/OCS-MOBILE /Age gate and burger menu/Burger menu - French' is clicked on

2019-06-21 16:51:24 - [TEST_STEP][PASSED] - delay(2): Delayed 2 second(s)

2019-06-21 16:51:26 - [MESSAGE][PASSED] - Delayed 2 second(s)

2019-06-21 16:51:26 - [TEST_STEP][PASSED] - executeJavaScript("var previewBar = document.getElementById("preview-bar-iframe"); previewBar.style.display = "none";", []): Execute JavaScript 'var previewBar = document.getElementById("preview-bar-iframe"); previewBar.style.display = "none";' successfully

2019-06-21 16:51:26 - [MESSAGE][PASSED] - Execute JavaScript 'var previewBar = document.getElementById("preview-bar-iframe"); previewBar.style.display = "none";' successfully

2019-06-21 16:51:26 - [TEST_STEP][PASSED] - delay(1, OPTIONAL): Delayed 1 second(s)

2019-06-21 16:51:27 - [MESSAGE][PASSED] - Delayed 1 second(s)

2019-06-21 16:51:27 - [TEST_STEP][PASSED] - click(findTestObject("OCS-MOBILE /Cart flyout/French dropdown")): Object: 'Object Repository/OCS-MOBILE /Cart flyout/French dropdown' is clicked on

2019-06-21 16:51:27 - [MESSAGE][PASSED] - Object: 'Object Repository/OCS-MOBILE /Cart flyout/French dropdown' is clicked on

2019-06-21 16:51:27 - [TEST_STEP][PASSED] - delay(2): Delayed 2 second(s)

2019-06-21 16:51:29 - [MESSAGE][PASSED] - Delayed 2 second(s)

2019-06-21 16:51:29 - [TEST_STEP][PASSED] - click(findTestObject("OCS-MOBILE /Cart flyout/Select English")): Object: 'Object Repository/OCS-MOBILE /Cart flyout/Select English' is clicked on

2019-06-21 16:51:29 - [MESSAGE][PASSED] - Object: 'Object Repository/OCS-MOBILE /Cart flyout/Select English' is clicked on

2019-06-21 16:51:29 - [TEST_STEP][PASSED] - delay(5): Delayed 5 second(s)

2019-06-21 16:51:34 - [MESSAGE][PASSED] - Delayed 5 second(s)

2019-06-21 16:51:34 - [TEST_STEP][PASSED] - c = getWindowTitle(): Current window's title is: 'Ontario Cannabis Store | Ontario Cannabis Store'

2019-06-21 16:51:34 - [MESSAGE][PASSED] - Current window's title is: 'Ontario Cannabis Store | Ontario Cannabis Store'

2019-06-21 16:51:34 - [TEST_STEP][PASSED] - comment("c =" + c): c =Ontario Cannabis Store | Ontario Cannabis Store

2019-06-21 16:51:34 - [MESSAGE][INFO] - c =Ontario Cannabis Store | Ontario Cannabis Store

2019-06-21 16:51:34 - [TEST_STEP][PASSED] - d = "Ontario Cannabis Store | Ontario Cannabis Store": null

2019-06-21 16:51:34 - [TEST_STEP][PASSED] - comment("d =" + d): d =Ontario Cannabis Store | Ontario Cannabis Store

2019-06-21 16:51:34 - [MESSAGE][INFO] - d =Ontario Cannabis Store | Ontario Cannabis Store

2019-06-21 16:51:34 - [TEST_STEP][PASSED] - flag = verifyMatch(c, d, false): Actual text 'Ontario Cannabis Store | Ontario Cannabis Store' and expected text 'Ontario Cannabis Store | Ontario Cannabis Store' are matched 

2019-06-21 16:51:34 - [MESSAGE][PASSED] - Actual text 'Ontario Cannabis Store | Ontario Cannabis Store' and expected text 'Ontario Cannabis Store | Ontario Cannabis Store' are matched 

2019-06-21 16:51:34 - [TEST_STEP][PASSED] - comment(" flag = " + flag):  flag = true

2019-06-21 16:51:34 - [MESSAGE][INFO] -  flag = true

2019-06-21 16:51:34 - [TEST_STEP][PASSED] - if (flag == true):  Language changing is successful

2019-06-21 16:51:34 - [TEST_STEP][PASSED] - comment(" Language changing is successful"):  Language changing is successful

2019-06-21 16:51:34 - [MESSAGE][INFO] -  Language changing is successful]]></system-out>
         <system-err><![CDATA[]]></system-err>
      </testcase>
      <testcase name="Test Cases/OCS - MOBILE/OCS- HOME PAGE/HP-Burger menu-Accessories" classname="Test Cases/OCS - MOBILE/OCS- HOME PAGE/HP-Burger menu-Accessories" status="FAILED">
         <failure type="FAILED" message="Test Cases/OCS - MOBILE/OCS- HOME PAGE/HP-Burger menu-Accessories FAILED.
Reason:
com.kms.katalon.core.exception.StepFailedException: Unable to click on object 'Object Repository/OCS-MOBILE /Accessories page/new accessories' (Root cause: org.openqa.selenium.WebDriverException: unknown error: Element &lt;img class=&quot;menu__featured-item__image&quot; src=&quot;//cdn.shopify.com/s/files/1/2636/1928/files/wks10-12-MEGANAV-new-accessories_400x.jpg?v=1559916201&quot; data-src=&quot;//cdn.shopify.com/s/files/1/2636/1928/files/wks10-12-MEGANAV-new-accessories_400x.jpg?v=1559916201&quot; alt=&quot;New Accessories&quot;> is not clickable at point (17, 661). Other element would receive the click: &lt;iframe title=&quot;Preview Bar&quot; id=&quot;preview-bar-iframe&quot; src=&quot;https://ocs.ca/preview_bar&quot; sandbox=&quot;allow-same-origin allow-scripts&quot; style=&quot;position: fixed; bottom: 0px; left: 0px; z-index: 2147483647; width: 100%; border: none; box-shadow: rgba(0, 0, 0, 0.2) 0px -1px 3px; overflow: hidden; transform: translateY(0px); transition: transform 300ms ease 0s; height: 92px;&quot;>&lt;/iframe>
  (Session info: chrome=75.0.3770.100)
  (Driver info: chromedriver=2.43.600229 (3fae4d0cda5334b4f533bede5a4787f7b832d052),platform=Mac OS X 10.13.6 x86_64) (WARNING: The server did not provide any stacktrace information)
Command duration or timeout: 0 milliseconds
Build info: version: '3.7.1', revision: '8a0099a', time: '2017-11-06T21:07:36.161Z'
System info: host: 'sumans-MacBook-Pro.local', ip: '2601:87:0:879f:0:0:0:1e84%en0', os.name: 'Mac OS X', os.arch: 'x86_64', os.version: '10.13.6', java.version: '1.8.0_181'
Driver info: com.kms.katalon.selenium.driver.CChromeDriver
Capabilities {acceptInsecureCerts: false, acceptSslCerts: false, applicationCacheEnabled: false, browserConnectionEnabled: false, browserName: chrome, chrome: {chromedriverVersion: 2.43.600229 (3fae4d0cda5334..., userDataDir: /var/folders/1t/c55l8xzs6gq...}, cssSelectorsEnabled: true, databaseEnabled: false, goog:chromeOptions: {debuggerAddress: localhost:64693}, handlesAlerts: true, hasTouchScreen: false, javascriptEnabled: true, locationContextEnabled: true, mobileEmulationEnabled: false, nativeEvents: true, networkConnectionEnabled: false, pageLoadStrategy: normal, platform: MAC, platformName: MAC, rotatable: false, setWindowRect: true, takesHeapSnapshot: true, takesScreenshot: true, unexpectedAlertBehaviour: , unhandledPromptBehavior: , version: 75.0.3770.100, webStorageEnabled: true}
Session ID: 7bffdcf53e2090649e7caf1ea72c9957)
	at com.kms.katalon.core.keyword.internal.KeywordMain.stepFailed(KeywordMain.groovy:36)
	at com.kms.katalon.core.webui.keyword.internal.WebUIKeywordMain.stepFailed(WebUIKeywordMain.groovy:65)
	at com.kms.katalon.core.webui.keyword.internal.WebUIKeywordMain.runKeyword(WebUIKeywordMain.groovy:27)
	at com.kms.katalon.core.webui.keyword.builtin.ClickKeyword.click(ClickKeyword.groovy:86)
	at com.kms.katalon.core.webui.keyword.builtin.ClickKeyword.execute(ClickKeyword.groovy:67)
	at com.kms.katalon.core.keyword.internal.KeywordExecutor.executeKeywordForPlatform(KeywordExecutor.groovy:53)
	at com.kms.katalon.core.webui.keyword.WebUiBuiltInKeywords.click(WebUiBuiltInKeywords.groovy:616)
	at com.kms.katalon.core.webui.keyword.WebUiBuiltInKeywords$click$4.call(Unknown Source)
	at HP-Burger menu-Accessories.run(HP-Burger menu-Accessories:314)
	at com.kms.katalon.core.main.ScriptEngine.run(ScriptEngine.java:194)
	at com.kms.katalon.core.main.ScriptEngine.runScriptAsRawText(ScriptEngine.java:119)
	at com.kms.katalon.core.main.TestCaseExecutor.runScript(TestCaseExecutor.java:328)
	at com.kms.katalon.core.main.TestCaseExecutor.doExecute(TestCaseExecutor.java:319)
	at com.kms.katalon.core.main.TestCaseExecutor.processExecutionPhase(TestCaseExecutor.java:298)
	at com.kms.katalon.core.main.TestCaseExecutor.accessMainPhase(TestCaseExecutor.java:290)
	at com.kms.katalon.core.main.TestCaseExecutor.execute(TestCaseExecutor.java:224)
	at com.kms.katalon.core.main.TestSuiteExecutor.accessTestCaseMainPhase(TestSuiteExecutor.java:129)
	at com.kms.katalon.core.main.TestSuiteExecutor.accessTestSuiteMainPhase(TestSuiteExecutor.java:112)
	at com.kms.katalon.core.main.TestSuiteExecutor.execute(TestSuiteExecutor.java:81)
	at com.kms.katalon.core.main.TestCaseMain.startTestSuite(TestCaseMain.java:149)
	at com.kms.katalon.core.main.TestCaseMain$startTestSuite$0.call(Unknown Source)
	at TempTestSuite1561150248290.run(TempTestSuite1561150248290.groovy:36)
"/>
         <system-out><![CDATA[2019-06-21 16:51:34 - [TEST_CASE][FAILED] - Test Cases/OCS - MOBILE/OCS- HOME PAGE/HP-Burger menu-Accessories: Test Cases/OCS - MOBILE/OCS- HOME PAGE/HP-Burger menu-Accessories FAILED.
Reason:
com.kms.katalon.core.exception.StepFailedException: Unable to click on object 'Object Repository/OCS-MOBILE /Accessories page/new accessories' (Root cause: org.openqa.selenium.WebDriverException: unknown error: Element <img class="menu__featured-item__image" src="//cdn.shopify.com/s/files/1/2636/1928/files/wks10-12-MEGANAV-new-accessories_400x.jpg?v=1559916201" data-src="//cdn.shopify.com/s/files/1/2636/1928/files/wks10-12-MEGANAV-new-accessories_400x.jpg?v=1559916201" alt="New Accessories"> is not clickable at point (17, 661). Other element would receive the click: <iframe title="Preview Bar" id="preview-bar-iframe" src="https://ocs.ca/preview_bar" sandbox="allow-same-origin allow-scripts" style="position: fixed; bottom: 0px; left: 0px; z-index: 2147483647; width: 100%; border: none; box-shadow: rgba(0, 0, 0, 0.2) 0px -1px 3px; overflow: hidden; transform: translateY(0px); transition: transform 300ms ease 0s; height: 92px;"></iframe>
  (Session info: chrome=75.0.3770.100)
  (Driver info: chromedriver=2.43.600229 (3fae4d0cda5334b4f533bede5a4787f7b832d052),platform=Mac OS X 10.13.6 x86_64) (WARNING: The server did not provide any stacktrace information)
Command duration or timeout: 0 milliseconds
Build info: version: '3.7.1', revision: '8a0099a', time: '2017-11-06T21:07:36.161Z'
System info: host: 'sumans-MacBook-Pro.local', ip: '2601:87:0:879f:0:0:0:1e84%en0', os.name: 'Mac OS X', os.arch: 'x86_64', os.version: '10.13.6', java.version: '1.8.0_181'
Driver info: com.kms.katalon.selenium.driver.CChromeDriver
Capabilities {acceptInsecureCerts: false, acceptSslCerts: false, applicationCacheEnabled: false, browserConnectionEnabled: false, browserName: chrome, chrome: {chromedriverVersion: 2.43.600229 (3fae4d0cda5334..., userDataDir: /var/folders/1t/c55l8xzs6gq...}, cssSelectorsEnabled: true, databaseEnabled: false, goog:chromeOptions: {debuggerAddress: localhost:64693}, handlesAlerts: true, hasTouchScreen: false, javascriptEnabled: true, locationContextEnabled: true, mobileEmulationEnabled: false, nativeEvents: true, networkConnectionEnabled: false, pageLoadStrategy: normal, platform: MAC, platformName: MAC, rotatable: false, setWindowRect: true, takesHeapSnapshot: true, takesScreenshot: true, unexpectedAlertBehaviour: , unhandledPromptBehavior: , version: 75.0.3770.100, webStorageEnabled: true}
Session ID: 7bffdcf53e2090649e7caf1ea72c9957)
	at com.kms.katalon.core.keyword.internal.KeywordMain.stepFailed(KeywordMain.groovy:36)
	at com.kms.katalon.core.webui.keyword.internal.WebUIKeywordMain.stepFailed(WebUIKeywordMain.groovy:65)
	at com.kms.katalon.core.webui.keyword.internal.WebUIKeywordMain.runKeyword(WebUIKeywordMain.groovy:27)
	at com.kms.katalon.core.webui.keyword.builtin.ClickKeyword.click(ClickKeyword.groovy:86)
	at com.kms.katalon.core.webui.keyword.builtin.ClickKeyword.execute(ClickKeyword.groovy:67)
	at com.kms.katalon.core.keyword.internal.KeywordExecutor.executeKeywordForPlatform(KeywordExecutor.groovy:53)
	at com.kms.katalon.core.webui.keyword.WebUiBuiltInKeywords.click(WebUiBuiltInKeywords.groovy:616)
	at com.kms.katalon.core.webui.keyword.WebUiBuiltInKeywords$click$4.call(Unknown Source)
	at HP-Burger menu-Accessories.run(HP-Burger menu-Accessories:314)
	at com.kms.katalon.core.main.ScriptEngine.run(ScriptEngine.java:194)
	at com.kms.katalon.core.main.ScriptEngine.runScriptAsRawText(ScriptEngine.java:119)
	at com.kms.katalon.core.main.TestCaseExecutor.runScript(TestCaseExecutor.java:328)
	at com.kms.katalon.core.main.TestCaseExecutor.doExecute(TestCaseExecutor.java:319)
	at com.kms.katalon.core.main.TestCaseExecutor.processExecutionPhase(TestCaseExecutor.java:298)
	at com.kms.katalon.core.main.TestCaseExecutor.accessMainPhase(TestCaseExecutor.java:290)
	at com.kms.katalon.core.main.TestCaseExecutor.execute(TestCaseExecutor.java:224)
	at com.kms.katalon.core.main.TestSuiteExecutor.accessTestCaseMainPhase(TestSuiteExecutor.java:129)
	at com.kms.katalon.core.main.TestSuiteExecutor.accessTestSuiteMainPhase(TestSuiteExecutor.java:112)
	at com.kms.katalon.core.main.TestSuiteExecutor.execute(TestSuiteExecutor.java:81)
	at com.kms.katalon.core.main.TestCaseMain.startTestSuite(TestCaseMain.java:149)
	at com.kms.katalon.core.main.TestCaseMain$startTestSuite$0.call(Unknown Source)
	at TempTestSuite1561150248290.run(TempTestSuite1561150248290.groovy:36)


2019-06-21 16:51:35 - [TEST_STEP][PASSED] - callTestCase(findTestCase("OCS - MOBILE/CALL - AGE GATE"), [:], STOP_ON_FAILURE): Call Test Case 'Test Cases/OCS - MOBILE/CALL - AGE GATE' successfully

2019-06-21 16:51:35 - [TEST_CASE][PASSED] - Test Cases/OCS - MOBILE/CALL - AGE GATE: Test Cases/OCS - MOBILE/CALL - AGE GATE

2019-06-21 16:51:35 - [TEST_STEP][PASSED] - openBrowser(""): Browser is opened with url: ''

2019-06-21 16:51:35 - [MESSAGE][WARNING] - A browser is already opened. Closing browser and opening a new one

2019-06-21 16:51:35 - [MESSAGE][INFO] - Starting 'Chrome' driver

2019-06-21 16:51:36 - [MESSAGE][PASSED] - Browser is opened with url: ''

2019-06-21 16:51:36 - [TEST_STEP][PASSED] - navigateToUrl("https://ocs.ca/?fts=0&preview_theme_id=74057975628"): Navigate to 'https://ocs.ca/?fts=0&preview_theme_id=74057975628' successfully

2019-06-21 16:51:41 - [MESSAGE][PASSED] - Navigate to 'https://ocs.ca/?fts=0&preview_theme_id=74057975628' successfully

2019-06-21 16:51:41 - [TEST_STEP][PASSED] - executeJavaScript("var previewBar = document.getElementById("preview-bar-iframe"); previewBar.style.display = "none";", []): Execute JavaScript 'var previewBar = document.getElementById("preview-bar-iframe"); previewBar.style.display = "none";' successfully

2019-06-21 16:51:41 - [MESSAGE][PASSED] - Execute JavaScript 'var previewBar = document.getElementById("preview-bar-iframe"); previewBar.style.display = "none";' successfully

2019-06-21 16:51:41 - [TEST_STEP][PASSED] - setViewPortSize(360, 800): Viewport is set to new size with width = 360 and height = 800

2019-06-21 16:51:41 - [MESSAGE][PASSED] - Viewport is set to new size with width = 360 and height = 800

2019-06-21 16:51:41 - [TEST_STEP][PASSED] - delay(4): Delayed 4 second(s)

2019-06-21 16:51:45 - [MESSAGE][PASSED] - Delayed 4 second(s)

2019-06-21 16:51:45 - [TEST_STEP][PASSED] - selectOptionByValue(findTestObject("OCS-MOBILE /Age gate and burger menu/Date"), "12", true): All options with value '12' are selected in object 'Object Repository/OCS-MOBILE /Age gate and burger menu/Date'  using regular expression

2019-06-21 16:51:45 - [MESSAGE][PASSED] - All options with value '12' are selected in object 'Object Repository/OCS-MOBILE /Age gate and burger menu/Date'  using regular expression

2019-06-21 16:51:45 - [TEST_STEP][PASSED] - selectOptionByValue(findTestObject("OCS-MOBILE /Age gate and burger menu/month"), "6", true): All options with value '6' are selected in object 'Object Repository/OCS-MOBILE /Age gate and burger menu/month'  using regular expression

2019-06-21 16:51:46 - [MESSAGE][PASSED] - All options with value '6' are selected in object 'Object Repository/OCS-MOBILE /Age gate and burger menu/month'  using regular expression

2019-06-21 16:51:46 - [TEST_STEP][PASSED] - delay(2): Delayed 2 second(s)

2019-06-21 16:51:48 - [MESSAGE][PASSED] - Delayed 2 second(s)

2019-06-21 16:51:48 - [TEST_STEP][PASSED] - selectOptionByValue(findTestObject("OCS-MOBILE /Age gate and burger menu/Year Dropdown"), "1990", true): All options with value '1990' are selected in object 'Object Repository/OCS-MOBILE /Age gate and burger menu/Year Dropdown'  using regular expression

2019-06-21 16:51:49 - [MESSAGE][PASSED] - All options with value '1990' are selected in object 'Object Repository/OCS-MOBILE /Age gate and burger menu/Year Dropdown'  using regular expression

2019-06-21 16:51:49 - [TEST_STEP][PASSED] - click(findTestObject("OCS-MOBILE /Age gate and Mega menu/button_Verify")): Object: 'Object Repository/OCS-MOBILE /Age gate and Mega menu/button_Verify' is clicked on

2019-06-21 16:51:49 - [MESSAGE][PASSED] - Object: 'Object Repository/OCS-MOBILE /Age gate and Mega menu/button_Verify' is clicked on

2019-06-21 16:51:49 - [TEST_STEP][PASSED] - click(findTestObject("OCS-MOBILE /Age gate and Mega menu/Checkbox_CONFIRM AND ACKNOWLEDGE")): Object: 'Object Repository/OCS-MOBILE /Age gate and Mega menu/Checkbox_CONFIRM AND ACKNOWLEDGE' is clicked on

2019-06-21 16:51:49 - [MESSAGE][PASSED] - Object: 'Object Repository/OCS-MOBILE /Age gate and Mega menu/Checkbox_CONFIRM AND ACKNOWLEDGE' is clicked on

2019-06-21 16:51:49 - [TEST_STEP][PASSED] - click(findTestObject("OCS-MOBILE /Age gate and Mega menu/button_CONFIRM")): Object: 'Object Repository/OCS-MOBILE /Age gate and Mega menu/button_CONFIRM' is clicked on

2019-06-21 16:51:49 - [MESSAGE][PASSED] - Object: 'Object Repository/OCS-MOBILE /Age gate and Mega menu/button_CONFIRM' is clicked on

2019-06-21 16:51:49 - [TEST_STEP][PASSED] - click(findTestObject("OCS-MOBILE /Age gate and Mega menu/button_Start Browsing")): Object: 'Object Repository/OCS-MOBILE /Age gate and Mega menu/button_Start Browsing' is clicked on

2019-06-21 16:51:49 - [MESSAGE][PASSED] - Object: 'Object Repository/OCS-MOBILE /Age gate and Mega menu/button_Start Browsing' is clicked on

2019-06-21 16:51:49 - [TEST_STEP][PASSED] - refresh(): Refresh successfully

2019-06-21 16:51:49 - [MESSAGE][PASSED] - Refresh successfully

2019-06-21 16:51:49 - [TEST_STEP][PASSED] - executeJavaScript("var previewBar = document.getElementById("preview-bar-iframe"); previewBar.style.display = "none";", []): Execute JavaScript 'var previewBar = document.getElementById("preview-bar-iframe"); previewBar.style.display = "none";' successfully

2019-06-21 16:51:52 - [MESSAGE][PASSED] - Execute JavaScript 'var previewBar = document.getElementById("preview-bar-iframe"); previewBar.style.display = "none";' successfully

2019-06-21 16:51:52 - [MESSAGE][PASSED] - Call Test Case 'Test Cases/OCS - MOBILE/CALL - AGE GATE' successfully

2019-06-21 16:51:52 - [TEST_STEP][PASSED] - delay(2, CONTINUE_ON_FAILURE): Delayed 2 second(s)

2019-06-21 16:51:54 - [MESSAGE][PASSED] - Delayed 2 second(s)

2019-06-21 16:51:54 - [TEST_STEP][PASSED] - click(findTestObject("OCS-MOBILE /Age gate and burger menu/Burger menu - English"), CONTINUE_ON_FAILURE): Object: 'Object Repository/OCS-MOBILE /Age gate and burger menu/Burger menu - English' is clicked on

2019-06-21 16:51:54 - [MESSAGE][PASSED] - Object: 'Object Repository/OCS-MOBILE /Age gate and burger menu/Burger menu - English' is clicked on

2019-06-21 16:51:54 - [TEST_STEP][PASSED] - delay(2, CONTINUE_ON_FAILURE): Delayed 2 second(s)

2019-06-21 16:51:56 - [MESSAGE][PASSED] - Delayed 2 second(s)

2019-06-21 16:51:56 - [TEST_STEP][PASSED] - click(findTestObject("OCS-MOBILE /Accessories page/accessories Chevron"), STOP_ON_FAILURE): Object: 'Object Repository/OCS-MOBILE /Accessories page/accessories Chevron' is clicked on

2019-06-21 16:51:56 - [MESSAGE][PASSED] - Object: 'Object Repository/OCS-MOBILE /Accessories page/accessories Chevron' is clicked on

2019-06-21 16:51:56 - [TEST_STEP][PASSED] - delay(1, CONTINUE_ON_FAILURE): Delayed 1 second(s)

2019-06-21 16:51:58 - [MESSAGE][PASSED] - Delayed 1 second(s)

2019-06-21 16:51:58 - [TEST_STEP][PASSED] - click(findTestObject("OCS-MOBILE /Accessories page/Vaporizers"), CONTINUE_ON_FAILURE): Object: 'Object Repository/OCS-MOBILE /Accessories page/Vaporizers' is clicked on

2019-06-21 16:52:00 - [MESSAGE][PASSED] - Object: 'Object Repository/OCS-MOBILE /Accessories page/Vaporizers' is clicked on

2019-06-21 16:52:00 - [TEST_STEP][PASSED] - delay(1, CONTINUE_ON_FAILURE): Delayed 1 second(s)

2019-06-21 16:52:01 - [MESSAGE][PASSED] - Delayed 1 second(s)

2019-06-21 16:52:01 - [TEST_STEP][PASSED] - a = getWindowTitle(CONTINUE_ON_FAILURE): Current window's title is: 'Vaporizers | Ontario Cannabis Store'

2019-06-21 16:52:01 - [MESSAGE][PASSED] - Current window's title is: 'Vaporizers | Ontario Cannabis Store'

2019-06-21 16:52:01 - [TEST_STEP][PASSED] - comment(a): Vaporizers | Ontario Cannabis Store

2019-06-21 16:52:01 - [MESSAGE][INFO] - Vaporizers | Ontario Cannabis Store

2019-06-21 16:52:01 - [TEST_STEP][PASSED] - b = "Vaporizers | Ontario Cannabis Store": null

2019-06-21 16:52:01 - [TEST_STEP][PASSED] - comment(b): Vaporizers | Ontario Cannabis Store

2019-06-21 16:52:01 - [MESSAGE][INFO] - Vaporizers | Ontario Cannabis Store

2019-06-21 16:52:01 - [TEST_STEP][PASSED] - if (a == b): correct window page 

2019-06-21 16:52:01 - [TEST_STEP][PASSED] - comment("correct window page "): correct window page 

2019-06-21 16:52:01 - [MESSAGE][INFO] - correct window page 

2019-06-21 16:52:01 - [TEST_STEP][PASSED] - delay(1, CONTINUE_ON_FAILURE): Delayed 1 second(s)

2019-06-21 16:52:02 - [MESSAGE][PASSED] - Delayed 1 second(s)

2019-06-21 16:52:02 - [TEST_STEP][PASSED] - click(findTestObject("OCS-MOBILE /Age gate and burger menu/Burger menu - English"), CONTINUE_ON_FAILURE): Object: 'Object Repository/OCS-MOBILE /Age gate and burger menu/Burger menu - English' is clicked on

2019-06-21 16:52:02 - [MESSAGE][PASSED] - Object: 'Object Repository/OCS-MOBILE /Age gate and burger menu/Burger menu - English' is clicked on

2019-06-21 16:52:02 - [TEST_STEP][PASSED] - delay(2, CONTINUE_ON_FAILURE): Delayed 2 second(s)

2019-06-21 16:52:04 - [MESSAGE][PASSED] - Delayed 2 second(s)

2019-06-21 16:52:04 - [TEST_STEP][PASSED] - click(findTestObject("OCS-MOBILE /Accessories page/accessories Chevron"), CONTINUE_ON_FAILURE): Object: 'Object Repository/OCS-MOBILE /Accessories page/accessories Chevron' is clicked on

2019-06-21 16:52:04 - [MESSAGE][PASSED] - Object: 'Object Repository/OCS-MOBILE /Accessories page/accessories Chevron' is clicked on

2019-06-21 16:52:04 - [TEST_STEP][PASSED] - delay(1, CONTINUE_ON_FAILURE): Delayed 1 second(s)

2019-06-21 16:52:05 - [MESSAGE][PASSED] - Delayed 1 second(s)

2019-06-21 16:52:05 - [TEST_STEP][PASSED] - click(findTestObject("OCS-MOBILE /Accessories page/Bongs - water pipes"), CONTINUE_ON_FAILURE): Object: 'Object Repository/OCS-MOBILE /Accessories page/Bongs - water pipes' is clicked on

2019-06-21 16:52:07 - [MESSAGE][PASSED] - Object: 'Object Repository/OCS-MOBILE /Accessories page/Bongs - water pipes' is clicked on

2019-06-21 16:52:07 - [TEST_STEP][PASSED] - delay(1, CONTINUE_ON_FAILURE): Delayed 1 second(s)

2019-06-21 16:52:08 - [MESSAGE][PASSED] - Delayed 1 second(s)

2019-06-21 16:52:08 - [TEST_STEP][PASSED] - a1 = getWindowTitle(CONTINUE_ON_FAILURE): Current window's title is: 'Bongs & Water Pipes | Ontario Cannabis Store'

2019-06-21 16:52:08 - [MESSAGE][PASSED] - Current window's title is: 'Bongs & Water Pipes | Ontario Cannabis Store'

2019-06-21 16:52:08 - [TEST_STEP][PASSED] - comment(a1): Bongs & Water Pipes | Ontario Cannabis Store

2019-06-21 16:52:08 - [MESSAGE][INFO] - Bongs & Water Pipes | Ontario Cannabis Store

2019-06-21 16:52:08 - [TEST_STEP][PASSED] - b1 = "Bongs & Water Pipes | Ontario Cannabis Store": null

2019-06-21 16:52:08 - [TEST_STEP][PASSED] - comment(b1): Bongs & Water Pipes | Ontario Cannabis Store

2019-06-21 16:52:08 - [MESSAGE][INFO] - Bongs & Water Pipes | Ontario Cannabis Store

2019-06-21 16:52:08 - [TEST_STEP][PASSED] - if (a1 == b1): correct window page 

2019-06-21 16:52:08 - [TEST_STEP][PASSED] - comment("correct window page "): correct window page 

2019-06-21 16:52:08 - [MESSAGE][INFO] - correct window page 

2019-06-21 16:52:08 - [TEST_STEP][PASSED] - delay(1, CONTINUE_ON_FAILURE): Delayed 1 second(s)

2019-06-21 16:52:09 - [MESSAGE][PASSED] - Delayed 1 second(s)

2019-06-21 16:52:09 - [TEST_STEP][PASSED] - click(findTestObject("OCS-MOBILE /Age gate and burger menu/Burger menu - English"), CONTINUE_ON_FAILURE): Object: 'Object Repository/OCS-MOBILE /Age gate and burger menu/Burger menu - English' is clicked on

2019-06-21 16:52:09 - [MESSAGE][PASSED] - Object: 'Object Repository/OCS-MOBILE /Age gate and burger menu/Burger menu - English' is clicked on

2019-06-21 16:52:09 - [TEST_STEP][PASSED] - delay(2, CONTINUE_ON_FAILURE): Delayed 2 second(s)

2019-06-21 16:52:11 - [MESSAGE][PASSED] - Delayed 2 second(s)

2019-06-21 16:52:11 - [TEST_STEP][PASSED] - click(findTestObject("OCS-MOBILE /Accessories page/accessories Chevron"), CONTINUE_ON_FAILURE): Object: 'Object Repository/OCS-MOBILE /Accessories page/accessories Chevron' is clicked on

2019-06-21 16:52:11 - [MESSAGE][PASSED] - Object: 'Object Repository/OCS-MOBILE /Accessories page/accessories Chevron' is clicked on

2019-06-21 16:52:11 - [TEST_STEP][PASSED] - delay(1, CONTINUE_ON_FAILURE): Delayed 1 second(s)

2019-06-21 16:52:12 - [MESSAGE][PASSED] - Delayed 1 second(s)

2019-06-21 16:52:12 - [TEST_STEP][PASSED] - click(findTestObject("OCS-MOBILE /Accessories page/Handheld pipes"), CONTINUE_ON_FAILURE): Object: 'Object Repository/OCS-MOBILE /Accessories page/Handheld pipes' is clicked on

2019-06-21 16:52:14 - [MESSAGE][PASSED] - Object: 'Object Repository/OCS-MOBILE /Accessories page/Handheld pipes' is clicked on

2019-06-21 16:52:14 - [TEST_STEP][PASSED] - delay(1, CONTINUE_ON_FAILURE): Delayed 1 second(s)

2019-06-21 16:52:15 - [MESSAGE][PASSED] - Delayed 1 second(s)

2019-06-21 16:52:15 - [TEST_STEP][PASSED] - a11 = getWindowTitle(CONTINUE_ON_FAILURE): Current window's title is: 'Handheld Pipes | Ontario Cannabis Store'

2019-06-21 16:52:15 - [MESSAGE][PASSED] - Current window's title is: 'Handheld Pipes | Ontario Cannabis Store'

2019-06-21 16:52:15 - [TEST_STEP][PASSED] - comment(a11): Handheld Pipes | Ontario Cannabis Store

2019-06-21 16:52:15 - [MESSAGE][INFO] - Handheld Pipes | Ontario Cannabis Store

2019-06-21 16:52:15 - [TEST_STEP][PASSED] - b11 = "Handheld Pipes | Ontario Cannabis Store": null

2019-06-21 16:52:15 - [TEST_STEP][PASSED] - comment(b11): Handheld Pipes | Ontario Cannabis Store

2019-06-21 16:52:15 - [MESSAGE][INFO] - Handheld Pipes | Ontario Cannabis Store

2019-06-21 16:52:15 - [TEST_STEP][PASSED] - if (a11 == b11): correct window page 

2019-06-21 16:52:15 - [TEST_STEP][PASSED] - comment("correct window page "): correct window page 

2019-06-21 16:52:15 - [MESSAGE][INFO] - correct window page 

2019-06-21 16:52:15 - [TEST_STEP][PASSED] - delay(1, CONTINUE_ON_FAILURE): Delayed 1 second(s)

2019-06-21 16:52:16 - [MESSAGE][PASSED] - Delayed 1 second(s)

2019-06-21 16:52:16 - [TEST_STEP][PASSED] - click(findTestObject("OCS-MOBILE /Age gate and burger menu/Burger menu - English"), CONTINUE_ON_FAILURE): Object: 'Object Repository/OCS-MOBILE /Age gate and burger menu/Burger menu - English' is clicked on

2019-06-21 16:52:16 - [MESSAGE][PASSED] - Object: 'Object Repository/OCS-MOBILE /Age gate and burger menu/Burger menu - English' is clicked on

2019-06-21 16:52:16 - [TEST_STEP][PASSED] - delay(2, CONTINUE_ON_FAILURE): Delayed 2 second(s)

2019-06-21 16:52:18 - [MESSAGE][PASSED] - Delayed 2 second(s)

2019-06-21 16:52:18 - [TEST_STEP][PASSED] - click(findTestObject("OCS-MOBILE /Accessories page/accessories chevron"), CONTINUE_ON_FAILURE): Object: 'Object Repository/OCS-MOBILE /Accessories page/accessories chevron' is clicked on

2019-06-21 16:52:18 - [MESSAGE][PASSED] - Object: 'Object Repository/OCS-MOBILE /Accessories page/accessories chevron' is clicked on

2019-06-21 16:52:18 - [TEST_STEP][PASSED] - delay(1, CONTINUE_ON_FAILURE): Delayed 1 second(s)

2019-06-21 16:52:19 - [MESSAGE][PASSED] - Delayed 1 second(s)

2019-06-21 16:52:19 - [TEST_STEP][PASSED] - click(findTestObject("OCS-MOBILE /Accessories page/Papers -filters"), CONTINUE_ON_FAILURE): Object: 'Object Repository/OCS-MOBILE /Accessories page/Papers -filters' is clicked on

2019-06-21 16:52:21 - [MESSAGE][PASSED] - Object: 'Object Repository/OCS-MOBILE /Accessories page/Papers -filters' is clicked on

2019-06-21 16:52:21 - [TEST_STEP][PASSED] - delay(1, CONTINUE_ON_FAILURE): Delayed 1 second(s)

2019-06-21 16:52:22 - [MESSAGE][PASSED] - Delayed 1 second(s)

2019-06-21 16:52:22 - [TEST_STEP][PASSED] - a111 = getWindowTitle(CONTINUE_ON_FAILURE): Current window's title is: 'Papers & Filters | Ontario Cannabis Store'

2019-06-21 16:52:22 - [MESSAGE][PASSED] - Current window's title is: 'Papers & Filters | Ontario Cannabis Store'

2019-06-21 16:52:22 - [TEST_STEP][PASSED] - comment(a111): Papers & Filters | Ontario Cannabis Store

2019-06-21 16:52:22 - [MESSAGE][INFO] - Papers & Filters | Ontario Cannabis Store

2019-06-21 16:52:22 - [TEST_STEP][PASSED] - b111 = "Papers & Filters | Ontario Cannabis Store": null

2019-06-21 16:52:22 - [TEST_STEP][PASSED] - comment(b111): Papers & Filters | Ontario Cannabis Store

2019-06-21 16:52:22 - [MESSAGE][INFO] - Papers & Filters | Ontario Cannabis Store

2019-06-21 16:52:22 - [TEST_STEP][PASSED] - if (a111 == b111): correct window page 

2019-06-21 16:52:22 - [TEST_STEP][PASSED] - comment("correct window page "): correct window page 

2019-06-21 16:52:22 - [MESSAGE][INFO] - correct window page 

2019-06-21 16:52:22 - [TEST_STEP][PASSED] - delay(1, CONTINUE_ON_FAILURE): Delayed 1 second(s)

2019-06-21 16:52:23 - [MESSAGE][PASSED] - Delayed 1 second(s)

2019-06-21 16:52:23 - [TEST_STEP][PASSED] - click(findTestObject("OCS-MOBILE /Age gate and burger menu/Burger menu - English"), CONTINUE_ON_FAILURE): Object: 'Object Repository/OCS-MOBILE /Age gate and burger menu/Burger menu - English' is clicked on

2019-06-21 16:52:23 - [MESSAGE][PASSED] - Object: 'Object Repository/OCS-MOBILE /Age gate and burger menu/Burger menu - English' is clicked on

2019-06-21 16:52:23 - [TEST_STEP][PASSED] - delay(2, CONTINUE_ON_FAILURE): Delayed 2 second(s)

2019-06-21 16:52:25 - [MESSAGE][PASSED] - Delayed 2 second(s)

2019-06-21 16:52:25 - [TEST_STEP][PASSED] - click(findTestObject("OCS-MOBILE /Accessories page/accessories Chevron"), CONTINUE_ON_FAILURE): Object: 'Object Repository/OCS-MOBILE /Accessories page/accessories Chevron' is clicked on

2019-06-21 16:52:25 - [MESSAGE][PASSED] - Object: 'Object Repository/OCS-MOBILE /Accessories page/accessories Chevron' is clicked on

2019-06-21 16:52:25 - [TEST_STEP][PASSED] - delay(1, CONTINUE_ON_FAILURE): Delayed 1 second(s)

2019-06-21 16:52:26 - [MESSAGE][PASSED] - Delayed 1 second(s)

2019-06-21 16:52:26 - [TEST_STEP][PASSED] - click(findTestObject("OCS-MOBILE /Accessories page/Grinders"), CONTINUE_ON_FAILURE): Object: 'Object Repository/OCS-MOBILE /Accessories page/Grinders' is clicked on

2019-06-21 16:52:28 - [MESSAGE][PASSED] - Object: 'Object Repository/OCS-MOBILE /Accessories page/Grinders' is clicked on

2019-06-21 16:52:28 - [TEST_STEP][PASSED] - delay(1, CONTINUE_ON_FAILURE): Delayed 1 second(s)

2019-06-21 16:52:29 - [MESSAGE][PASSED] - Delayed 1 second(s)

2019-06-21 16:52:29 - [TEST_STEP][PASSED] - a1111 = getWindowTitle(CONTINUE_ON_FAILURE): Current window's title is: 'Grinders | Ontario Cannabis Store'

2019-06-21 16:52:29 - [MESSAGE][PASSED] - Current window's title is: 'Grinders | Ontario Cannabis Store'

2019-06-21 16:52:29 - [TEST_STEP][PASSED] - comment(a1111): Grinders | Ontario Cannabis Store

2019-06-21 16:52:29 - [MESSAGE][INFO] - Grinders | Ontario Cannabis Store

2019-06-21 16:52:29 - [TEST_STEP][PASSED] - b1111 = "Grinders | Ontario Cannabis Store": null

2019-06-21 16:52:29 - [TEST_STEP][PASSED] - comment(b1111): Grinders | Ontario Cannabis Store

2019-06-21 16:52:29 - [MESSAGE][INFO] - Grinders | Ontario Cannabis Store

2019-06-21 16:52:29 - [TEST_STEP][PASSED] - if (a1111 == b1111): correct window page 

2019-06-21 16:52:29 - [TEST_STEP][PASSED] - comment("correct window page "): correct window page 

2019-06-21 16:52:29 - [MESSAGE][INFO] - correct window page 

2019-06-21 16:52:29 - [TEST_STEP][PASSED] - delay(1, CONTINUE_ON_FAILURE): Delayed 1 second(s)

2019-06-21 16:52:30 - [MESSAGE][PASSED] - Delayed 1 second(s)

2019-06-21 16:52:30 - [TEST_STEP][PASSED] - click(findTestObject("OCS-MOBILE /Age gate and burger menu/Burger menu - English"), CONTINUE_ON_FAILURE): Object: 'Object Repository/OCS-MOBILE /Age gate and burger menu/Burger menu - English' is clicked on

2019-06-21 16:52:30 - [MESSAGE][PASSED] - Object: 'Object Repository/OCS-MOBILE /Age gate and burger menu/Burger menu - English' is clicked on

2019-06-21 16:52:30 - [TEST_STEP][PASSED] - delay(2, CONTINUE_ON_FAILURE): Delayed 2 second(s)

2019-06-21 16:52:32 - [MESSAGE][PASSED] - Delayed 2 second(s)

2019-06-21 16:52:32 - [TEST_STEP][PASSED] - click(findTestObject("OCS-MOBILE /Accessories page/accessories chevron"), CONTINUE_ON_FAILURE): Object: 'Object Repository/OCS-MOBILE /Accessories page/accessories chevron' is clicked on

2019-06-21 16:52:32 - [MESSAGE][PASSED] - Object: 'Object Repository/OCS-MOBILE /Accessories page/accessories chevron' is clicked on

2019-06-21 16:52:32 - [TEST_STEP][PASSED] - delay(1, CONTINUE_ON_FAILURE): Delayed 1 second(s)

2019-06-21 16:52:33 - [MESSAGE][PASSED] - Delayed 1 second(s)

2019-06-21 16:52:33 - [TEST_STEP][PASSED] - click(findTestObject("OCS-MOBILE /Accessories page/Tools -kits"), CONTINUE_ON_FAILURE): Object: 'Object Repository/OCS-MOBILE /Accessories page/Tools -kits' is clicked on

2019-06-21 16:52:35 - [MESSAGE][PASSED] - Object: 'Object Repository/OCS-MOBILE /Accessories page/Tools -kits' is clicked on

2019-06-21 16:52:35 - [TEST_STEP][PASSED] - delay(1, CONTINUE_ON_FAILURE): Delayed 1 second(s)

2019-06-21 16:52:36 - [MESSAGE][PASSED] - Delayed 1 second(s)

2019-06-21 16:52:36 - [TEST_STEP][PASSED] - a11111 = getWindowTitle(CONTINUE_ON_FAILURE): Current window's title is: 'Multi-Tools & Kits | Ontario Cannabis Store'

2019-06-21 16:52:36 - [MESSAGE][PASSED] - Current window's title is: 'Multi-Tools & Kits | Ontario Cannabis Store'

2019-06-21 16:52:36 - [TEST_STEP][PASSED] - comment(a11111): Multi-Tools & Kits | Ontario Cannabis Store

2019-06-21 16:52:36 - [MESSAGE][INFO] - Multi-Tools & Kits | Ontario Cannabis Store

2019-06-21 16:52:36 - [TEST_STEP][PASSED] - b11111 = "Multi-Tools & Kits | Ontario Cannabis Store": null

2019-06-21 16:52:36 - [TEST_STEP][PASSED] - comment(b11111): Multi-Tools & Kits | Ontario Cannabis Store

2019-06-21 16:52:36 - [MESSAGE][INFO] - Multi-Tools & Kits | Ontario Cannabis Store

2019-06-21 16:52:36 - [TEST_STEP][PASSED] - if (a11111 == b11111): correct window page 

2019-06-21 16:52:36 - [TEST_STEP][PASSED] - comment("correct window page "): correct window page 

2019-06-21 16:52:36 - [MESSAGE][INFO] - correct window page 

2019-06-21 16:52:36 - [TEST_STEP][PASSED] - delay(1, CONTINUE_ON_FAILURE): Delayed 1 second(s)

2019-06-21 16:52:37 - [MESSAGE][PASSED] - Delayed 1 second(s)

2019-06-21 16:52:37 - [TEST_STEP][PASSED] - click(findTestObject("OCS-MOBILE /Age gate and burger menu/Burger menu - English"), CONTINUE_ON_FAILURE): Object: 'Object Repository/OCS-MOBILE /Age gate and burger menu/Burger menu - English' is clicked on

2019-06-21 16:52:37 - [MESSAGE][PASSED] - Object: 'Object Repository/OCS-MOBILE /Age gate and burger menu/Burger menu - English' is clicked on

2019-06-21 16:52:37 - [TEST_STEP][PASSED] - delay(2, CONTINUE_ON_FAILURE): Delayed 2 second(s)

2019-06-21 16:52:39 - [MESSAGE][PASSED] - Delayed 2 second(s)

2019-06-21 16:52:39 - [TEST_STEP][PASSED] - click(findTestObject("OCS-MOBILE /Accessories page/accessories chevron"), CONTINUE_ON_FAILURE): Object: 'Object Repository/OCS-MOBILE /Accessories page/accessories chevron' is clicked on

2019-06-21 16:52:39 - [MESSAGE][PASSED] - Object: 'Object Repository/OCS-MOBILE /Accessories page/accessories chevron' is clicked on

2019-06-21 16:52:39 - [TEST_STEP][PASSED] - delay(1, CONTINUE_ON_FAILURE): Delayed 1 second(s)

2019-06-21 16:52:40 - [MESSAGE][PASSED] - Delayed 1 second(s)

2019-06-21 16:52:40 - [TEST_STEP][PASSED] - click(findTestObject("OCS-MOBILE /Accessories page/Cleaning supplies"), CONTINUE_ON_FAILURE): Object: 'Object Repository/OCS-MOBILE /Accessories page/Cleaning supplies' is clicked on

2019-06-21 16:52:42 - [MESSAGE][PASSED] - Object: 'Object Repository/OCS-MOBILE /Accessories page/Cleaning supplies' is clicked on

2019-06-21 16:52:42 - [TEST_STEP][PASSED] - delay(1, CONTINUE_ON_FAILURE): Delayed 1 second(s)

2019-06-21 16:52:43 - [MESSAGE][PASSED] - Delayed 1 second(s)

2019-06-21 16:52:43 - [TEST_STEP][PASSED] - a12 = getWindowTitle(CONTINUE_ON_FAILURE): Current window's title is: 'Cleaning Supplies | Ontario Cannabis Store'

2019-06-21 16:52:43 - [MESSAGE][PASSED] - Current window's title is: 'Cleaning Supplies | Ontario Cannabis Store'

2019-06-21 16:52:43 - [TEST_STEP][PASSED] - comment(a12): Cleaning Supplies | Ontario Cannabis Store

2019-06-21 16:52:43 - [MESSAGE][INFO] - Cleaning Supplies | Ontario Cannabis Store

2019-06-21 16:52:43 - [TEST_STEP][PASSED] - b12 = "Cleaning Supplies | Ontario Cannabis Store": null

2019-06-21 16:52:43 - [TEST_STEP][PASSED] - comment(b12): Cleaning Supplies | Ontario Cannabis Store

2019-06-21 16:52:43 - [MESSAGE][INFO] - Cleaning Supplies | Ontario Cannabis Store

2019-06-21 16:52:43 - [TEST_STEP][PASSED] - if (a12 == b12): correct window page 

2019-06-21 16:52:43 - [TEST_STEP][PASSED] - comment("correct window page "): correct window page 

2019-06-21 16:52:43 - [MESSAGE][INFO] - correct window page 

2019-06-21 16:52:43 - [TEST_STEP][PASSED] - delay(1, CONTINUE_ON_FAILURE): Delayed 1 second(s)

2019-06-21 16:52:44 - [MESSAGE][PASSED] - Delayed 1 second(s)

2019-06-21 16:52:44 - [TEST_STEP][PASSED] - click(findTestObject("OCS-MOBILE /Age gate and burger menu/Burger menu - English"), CONTINUE_ON_FAILURE): Object: 'Object Repository/OCS-MOBILE /Age gate and burger menu/Burger menu - English' is clicked on

2019-06-21 16:52:44 - [MESSAGE][PASSED] - Object: 'Object Repository/OCS-MOBILE /Age gate and burger menu/Burger menu - English' is clicked on

2019-06-21 16:52:44 - [TEST_STEP][PASSED] - delay(2, CONTINUE_ON_FAILURE): Delayed 2 second(s)

2019-06-21 16:52:46 - [MESSAGE][PASSED] - Delayed 2 second(s)

2019-06-21 16:52:46 - [TEST_STEP][PASSED] - click(findTestObject("OCS-MOBILE /Accessories page/accessories chevron"), CONTINUE_ON_FAILURE): Object: 'Object Repository/OCS-MOBILE /Accessories page/accessories chevron' is clicked on

2019-06-21 16:52:46 - [MESSAGE][PASSED] - Object: 'Object Repository/OCS-MOBILE /Accessories page/accessories chevron' is clicked on

2019-06-21 16:52:46 - [TEST_STEP][PASSED] - delay(1, CONTINUE_ON_FAILURE): Delayed 1 second(s)

2019-06-21 16:52:47 - [MESSAGE][PASSED] - Delayed 1 second(s)

2019-06-21 16:52:47 - [TEST_STEP][PASSED] - click(findTestObject("OCS-MOBILE /Accessories page/Storage"), CONTINUE_ON_FAILURE): Object: 'Object Repository/OCS-MOBILE /Accessories page/Storage' is clicked on

2019-06-21 16:52:49 - [MESSAGE][PASSED] - Object: 'Object Repository/OCS-MOBILE /Accessories page/Storage' is clicked on

2019-06-21 16:52:49 - [TEST_STEP][PASSED] - delay(1, CONTINUE_ON_FAILURE): Delayed 1 second(s)

2019-06-21 16:52:50 - [MESSAGE][PASSED] - Delayed 1 second(s)

2019-06-21 16:52:50 - [TEST_STEP][PASSED] - a13 = getWindowTitle(CONTINUE_ON_FAILURE): Current window's title is: 'Storage | Ontario Cannabis Store'

2019-06-21 16:52:50 - [MESSAGE][PASSED] - Current window's title is: 'Storage | Ontario Cannabis Store'

2019-06-21 16:52:50 - [TEST_STEP][PASSED] - comment(a13): Storage | Ontario Cannabis Store

2019-06-21 16:52:50 - [MESSAGE][INFO] - Storage | Ontario Cannabis Store

2019-06-21 16:52:50 - [TEST_STEP][PASSED] - b13 = "Storage | Ontario Cannabis Store": null

2019-06-21 16:52:50 - [TEST_STEP][PASSED] - comment(b): Vaporizers | Ontario Cannabis Store

2019-06-21 16:52:50 - [MESSAGE][INFO] - Vaporizers | Ontario Cannabis Store

2019-06-21 16:52:50 - [TEST_STEP][PASSED] - if (a13 == b13): correct window page 

2019-06-21 16:52:50 - [TEST_STEP][PASSED] - comment("correct window page "): correct window page 

2019-06-21 16:52:50 - [MESSAGE][INFO] - correct window page 

2019-06-21 16:52:50 - [TEST_STEP][PASSED] - delay(1, CONTINUE_ON_FAILURE): Delayed 1 second(s)

2019-06-21 16:52:51 - [MESSAGE][PASSED] - Delayed 1 second(s)

2019-06-21 16:52:51 - [TEST_STEP][PASSED] - click(findTestObject("OCS-MOBILE /Age gate and burger menu/Burger menu - English"), CONTINUE_ON_FAILURE): Object: 'Object Repository/OCS-MOBILE /Age gate and burger menu/Burger menu - English' is clicked on

2019-06-21 16:52:51 - [MESSAGE][PASSED] - Object: 'Object Repository/OCS-MOBILE /Age gate and burger menu/Burger menu - English' is clicked on

2019-06-21 16:52:51 - [TEST_STEP][PASSED] - delay(2, CONTINUE_ON_FAILURE): Delayed 2 second(s)

2019-06-21 16:52:53 - [MESSAGE][PASSED] - Delayed 2 second(s)

2019-06-21 16:52:53 - [TEST_STEP][PASSED] - click(findTestObject("OCS-MOBILE /Accessories page/accessories chevron"), CONTINUE_ON_FAILURE): Object: 'Object Repository/OCS-MOBILE /Accessories page/accessories chevron' is clicked on

2019-06-21 16:52:53 - [MESSAGE][PASSED] - Object: 'Object Repository/OCS-MOBILE /Accessories page/accessories chevron' is clicked on

2019-06-21 16:52:53 - [TEST_STEP][PASSED] - delay(1, CONTINUE_ON_FAILURE): Delayed 1 second(s)

2019-06-21 16:52:54 - [MESSAGE][PASSED] - Delayed 1 second(s)

2019-06-21 16:52:54 - [TEST_STEP][PASSED] - click(findTestObject("OCS-MOBILE /Accessories page/Trays"), CONTINUE_ON_FAILURE): Object: 'Object Repository/OCS-MOBILE /Accessories page/Trays' is clicked on

2019-06-21 16:52:56 - [MESSAGE][PASSED] - Object: 'Object Repository/OCS-MOBILE /Accessories page/Trays' is clicked on

2019-06-21 16:52:56 - [TEST_STEP][PASSED] - delay(1, CONTINUE_ON_FAILURE): Delayed 1 second(s)

2019-06-21 16:52:57 - [MESSAGE][PASSED] - Delayed 1 second(s)

2019-06-21 16:52:57 - [TEST_STEP][PASSED] - a14 = getWindowTitle(CONTINUE_ON_FAILURE): Current window's title is: 'Trays | Ontario Cannabis Store'

2019-06-21 16:52:57 - [MESSAGE][PASSED] - Current window's title is: 'Trays | Ontario Cannabis Store'

2019-06-21 16:52:57 - [TEST_STEP][PASSED] - comment(a14): Trays | Ontario Cannabis Store

2019-06-21 16:52:57 - [MESSAGE][INFO] - Trays | Ontario Cannabis Store

2019-06-21 16:52:57 - [TEST_STEP][PASSED] - b14 = "Trays | Ontario Cannabis Store": null

2019-06-21 16:52:57 - [TEST_STEP][PASSED] - comment(b14): Trays | Ontario Cannabis Store

2019-06-21 16:52:57 - [MESSAGE][INFO] - Trays | Ontario Cannabis Store

2019-06-21 16:52:57 - [TEST_STEP][PASSED] - if (a14 == b14): correct window page 

2019-06-21 16:52:57 - [TEST_STEP][PASSED] - comment("correct window page "): correct window page 

2019-06-21 16:52:57 - [MESSAGE][INFO] - correct window page 

2019-06-21 16:52:57 - [TEST_STEP][PASSED] - delay(1, CONTINUE_ON_FAILURE): Delayed 1 second(s)

2019-06-21 16:52:58 - [MESSAGE][PASSED] - Delayed 1 second(s)

2019-06-21 16:52:58 - [TEST_STEP][PASSED] - click(findTestObject("OCS-MOBILE /Age gate and burger menu/Burger menu - English"), CONTINUE_ON_FAILURE): Object: 'Object Repository/OCS-MOBILE /Age gate and burger menu/Burger menu - English' is clicked on

2019-06-21 16:52:58 - [MESSAGE][PASSED] - Object: 'Object Repository/OCS-MOBILE /Age gate and burger menu/Burger menu - English' is clicked on

2019-06-21 16:52:58 - [TEST_STEP][PASSED] - delay(2, CONTINUE_ON_FAILURE): Delayed 2 second(s)

2019-06-21 16:53:00 - [MESSAGE][PASSED] - Delayed 2 second(s)

2019-06-21 16:53:00 - [TEST_STEP][PASSED] - click(findTestObject("OCS-MOBILE /Accessories page/accessories chevron"), CONTINUE_ON_FAILURE): Object: 'Object Repository/OCS-MOBILE /Accessories page/accessories chevron' is clicked on

2019-06-21 16:53:00 - [MESSAGE][PASSED] - Object: 'Object Repository/OCS-MOBILE /Accessories page/accessories chevron' is clicked on

2019-06-21 16:53:00 - [TEST_STEP][PASSED] - delay(1, CONTINUE_ON_FAILURE): Delayed 1 second(s)

2019-06-21 16:53:01 - [MESSAGE][PASSED] - Delayed 1 second(s)

2019-06-21 16:53:01 - [TEST_STEP][PASSED] - click(findTestObject("OCS-MOBILE /Accessories page/Infusers"), CONTINUE_ON_FAILURE): Object: 'Object Repository/OCS-MOBILE /Accessories page/Infusers' is clicked on

2019-06-21 16:53:03 - [MESSAGE][PASSED] - Object: 'Object Repository/OCS-MOBILE /Accessories page/Infusers' is clicked on

2019-06-21 16:53:03 - [TEST_STEP][PASSED] - delay(1, CONTINUE_ON_FAILURE): Delayed 1 second(s)

2019-06-21 16:53:04 - [MESSAGE][PASSED] - Delayed 1 second(s)

2019-06-21 16:53:04 - [TEST_STEP][PASSED] - a15 = getWindowTitle(CONTINUE_ON_FAILURE): Current window's title is: 'Infusers | Ontario Cannabis Store'

2019-06-21 16:53:04 - [MESSAGE][PASSED] - Current window's title is: 'Infusers | Ontario Cannabis Store'

2019-06-21 16:53:04 - [TEST_STEP][PASSED] - comment(a15): Infusers | Ontario Cannabis Store

2019-06-21 16:53:04 - [MESSAGE][INFO] - Infusers | Ontario Cannabis Store

2019-06-21 16:53:04 - [TEST_STEP][PASSED] - b15 = "Infusers | Ontario Cannabis Store": null

2019-06-21 16:53:04 - [TEST_STEP][PASSED] - comment(b15): Infusers | Ontario Cannabis Store

2019-06-21 16:53:04 - [MESSAGE][INFO] - Infusers | Ontario Cannabis Store

2019-06-21 16:53:04 - [TEST_STEP][PASSED] - if (a15 == b15): correct window page 

2019-06-21 16:53:04 - [TEST_STEP][PASSED] - comment("correct window page "): correct window page 

2019-06-21 16:53:04 - [MESSAGE][INFO] - correct window page 

2019-06-21 16:53:04 - [TEST_STEP][PASSED] - delay(1, CONTINUE_ON_FAILURE): Delayed 1 second(s)

2019-06-21 16:53:05 - [MESSAGE][PASSED] - Delayed 1 second(s)

2019-06-21 16:53:05 - [TEST_STEP][PASSED] - click(findTestObject("OCS-MOBILE /Age gate and burger menu/Burger menu - English"), CONTINUE_ON_FAILURE): Object: 'Object Repository/OCS-MOBILE /Age gate and burger menu/Burger menu - English' is clicked on

2019-06-21 16:53:05 - [MESSAGE][PASSED] - Object: 'Object Repository/OCS-MOBILE /Age gate and burger menu/Burger menu - English' is clicked on

2019-06-21 16:53:05 - [TEST_STEP][PASSED] - delay(2, CONTINUE_ON_FAILURE): Delayed 2 second(s)

2019-06-21 16:53:07 - [MESSAGE][PASSED] - Delayed 2 second(s)

2019-06-21 16:53:07 - [TEST_STEP][PASSED] - click(findTestObject("OCS-MOBILE /Accessories page/accessories chevron"), CONTINUE_ON_FAILURE): Object: 'Object Repository/OCS-MOBILE /Accessories page/accessories chevron' is clicked on

2019-06-21 16:53:07 - [MESSAGE][PASSED] - Object: 'Object Repository/OCS-MOBILE /Accessories page/accessories chevron' is clicked on

2019-06-21 16:53:07 - [TEST_STEP][PASSED] - delay(1, CONTINUE_ON_FAILURE): Delayed 1 second(s)

2019-06-21 16:53:08 - [MESSAGE][PASSED] - Delayed 1 second(s)

2019-06-21 16:53:08 - [TEST_STEP][NOT_RUN] - executeJavaScript("var previewBar = document.getElementById("preview-bar-iframe"); previewBar.style.display = "none";", []): NOT_RUN: executeJavaScript("var previewBar = document.getElementById("preview-bar-iframe"); previewBar.style.display = "none";", [])

2019-06-21 16:53:08 - [MESSAGE][NOT_RUN] - NOT_RUN: executeJavaScript("var previewBar = document.getElementById("preview-bar-iframe"); previewBar.style.display = "none";", [])

2019-06-21 16:53:08 - [TEST_STEP][PASSED] - delay(1, CONTINUE_ON_FAILURE): Delayed 1 second(s)

2019-06-21 16:53:09 - [MESSAGE][PASSED] - Delayed 1 second(s)

2019-06-21 16:53:09 - [TEST_STEP][FAILED] - click(findTestObject("OCS-MOBILE /Accessories page/new accessories")): click(findTestObject("OCS-MOBILE /Accessories page/new accessories")) FAILED.
Reason:
com.kms.katalon.core.exception.StepFailedException: Unable to click on object 'Object Repository/OCS-MOBILE /Accessories page/new accessories' (Root cause: org.openqa.selenium.WebDriverException: unknown error: Element <img class="menu__featured-item__image" src="//cdn.shopify.com/s/files/1/2636/1928/files/wks10-12-MEGANAV-new-accessories_400x.jpg?v=1559916201" data-src="//cdn.shopify.com/s/files/1/2636/1928/files/wks10-12-MEGANAV-new-accessories_400x.jpg?v=1559916201" alt="New Accessories"> is not clickable at point (17, 661). Other element would receive the click: <iframe title="Preview Bar" id="preview-bar-iframe" src="https://ocs.ca/preview_bar" sandbox="allow-same-origin allow-scripts" style="position: fixed; bottom: 0px; left: 0px; z-index: 2147483647; width: 100%; border: none; box-shadow: rgba(0, 0, 0, 0.2) 0px -1px 3px; overflow: hidden; transform: translateY(0px); transition: transform 300ms ease 0s; height: 92px;"></iframe>
  (Session info: chrome=75.0.3770.100)
  (Driver info: chromedriver=2.43.600229 (3fae4d0cda5334b4f533bede5a4787f7b832d052),platform=Mac OS X 10.13.6 x86_64) (WARNING: The server did not provide any stacktrace information)
Command duration or timeout: 0 milliseconds
Build info: version: '3.7.1', revision: '8a0099a', time: '2017-11-06T21:07:36.161Z'
System info: host: 'sumans-MacBook-Pro.local', ip: '2601:87:0:879f:0:0:0:1e84%en0', os.name: 'Mac OS X', os.arch: 'x86_64', os.version: '10.13.6', java.version: '1.8.0_181'
Driver info: com.kms.katalon.selenium.driver.CChromeDriver
Capabilities {acceptInsecureCerts: false, acceptSslCerts: false, applicationCacheEnabled: false, browserConnectionEnabled: false, browserName: chrome, chrome: {chromedriverVersion: 2.43.600229 (3fae4d0cda5334..., userDataDir: /var/folders/1t/c55l8xzs6gq...}, cssSelectorsEnabled: true, databaseEnabled: false, goog:chromeOptions: {debuggerAddress: localhost:64693}, handlesAlerts: true, hasTouchScreen: false, javascriptEnabled: true, locationContextEnabled: true, mobileEmulationEnabled: false, nativeEvents: true, networkConnectionEnabled: false, pageLoadStrategy: normal, platform: MAC, platformName: MAC, rotatable: false, setWindowRect: true, takesHeapSnapshot: true, takesScreenshot: true, unexpectedAlertBehaviour: , unhandledPromptBehavior: , version: 75.0.3770.100, webStorageEnabled: true}
Session ID: 7bffdcf53e2090649e7caf1ea72c9957)
	at com.kms.katalon.core.keyword.internal.KeywordMain.stepFailed(KeywordMain.groovy:36)
	at com.kms.katalon.core.webui.keyword.internal.WebUIKeywordMain.stepFailed(WebUIKeywordMain.groovy:65)
	at com.kms.katalon.core.webui.keyword.internal.WebUIKeywordMain.runKeyword(WebUIKeywordMain.groovy:27)
	at com.kms.katalon.core.webui.keyword.builtin.ClickKeyword.click(ClickKeyword.groovy:86)
	at com.kms.katalon.core.webui.keyword.builtin.ClickKeyword.execute(ClickKeyword.groovy:67)
	at com.kms.katalon.core.keyword.internal.KeywordExecutor.executeKeywordForPlatform(KeywordExecutor.groovy:53)
	at com.kms.katalon.core.webui.keyword.WebUiBuiltInKeywords.click(WebUiBuiltInKeywords.groovy:616)
	at com.kms.katalon.core.webui.keyword.WebUiBuiltInKeywords$click$4.call(Unknown Source)
	at HP-Burger menu-Accessories.run(HP-Burger menu-Accessories:314)
	at com.kms.katalon.core.main.ScriptEngine.run(ScriptEngine.java:194)
	at com.kms.katalon.core.main.ScriptEngine.runScriptAsRawText(ScriptEngine.java:119)
	at com.kms.katalon.core.main.TestCaseExecutor.runScript(TestCaseExecutor.java:328)
	at com.kms.katalon.core.main.TestCaseExecutor.doExecute(TestCaseExecutor.java:319)
	at com.kms.katalon.core.main.TestCaseExecutor.processExecutionPhase(TestCaseExecutor.java:298)
	at com.kms.katalon.core.main.TestCaseExecutor.accessMainPhase(TestCaseExecutor.java:290)
	at com.kms.katalon.core.main.TestCaseExecutor.execute(TestCaseExecutor.java:224)
	at com.kms.katalon.core.main.TestSuiteExecutor.accessTestCaseMainPhase(TestSuiteExecutor.java:129)
	at com.kms.katalon.core.main.TestSuiteExecutor.accessTestSuiteMainPhase(TestSuiteExecutor.java:112)
	at com.kms.katalon.core.main.TestSuiteExecutor.execute(TestSuiteExecutor.java:81)
	at com.kms.katalon.core.main.TestCaseMain.startTestSuite(TestCaseMain.java:149)
	at com.kms.katalon.core.main.TestCaseMain$startTestSuite$0.call(Unknown Source)
	at TempTestSuite1561150248290.run(TempTestSuite1561150248290.groovy:36)


2019-06-21 16:53:10 - [MESSAGE][FAILED] - Unable to click on object 'Object Repository/OCS-MOBILE /Accessories page/new accessories' (Root cause: org.openqa.selenium.WebDriverException: unknown error: Element <img class="menu__featured-item__image" src="//cdn.shopify.com/s/files/1/2636/1928/files/wks10-12-MEGANAV-new-accessories_400x.jpg?v=1559916201" data-src="//cdn.shopify.com/s/files/1/2636/1928/files/wks10-12-MEGANAV-new-accessories_400x.jpg?v=1559916201" alt="New Accessories"> is not clickable at point (17, 661). Other element would receive the click: <iframe title="Preview Bar" id="preview-bar-iframe" src="https://ocs.ca/preview_bar" sandbox="allow-same-origin allow-scripts" style="position: fixed; bottom: 0px; left: 0px; z-index: 2147483647; width: 100%; border: none; box-shadow: rgba(0, 0, 0, 0.2) 0px -1px 3px; overflow: hidden; transform: translateY(0px); transition: transform 300ms ease 0s; height: 92px;"></iframe>
  (Session info: chrome=75.0.3770.100)
  (Driver info: chromedriver=2.43.600229 (3fae4d0cda5334b4f533bede5a4787f7b832d052),platform=Mac OS X 10.13.6 x86_64) (WARNING: The server did not provide any stacktrace information)
Command duration or timeout: 0 milliseconds
Build info: version: '3.7.1', revision: '8a0099a', time: '2017-11-06T21:07:36.161Z'
System info: host: 'sumans-MacBook-Pro.local', ip: '2601:87:0:879f:0:0:0:1e84%en0', os.name: 'Mac OS X', os.arch: 'x86_64', os.version: '10.13.6', java.version: '1.8.0_181'
Driver info: com.kms.katalon.selenium.driver.CChromeDriver
Capabilities {acceptInsecureCerts: false, acceptSslCerts: false, applicationCacheEnabled: false, browserConnectionEnabled: false, browserName: chrome, chrome: {chromedriverVersion: 2.43.600229 (3fae4d0cda5334..., userDataDir: /var/folders/1t/c55l8xzs6gq...}, cssSelectorsEnabled: true, databaseEnabled: false, goog:chromeOptions: {debuggerAddress: localhost:64693}, handlesAlerts: true, hasTouchScreen: false, javascriptEnabled: true, locationContextEnabled: true, mobileEmulationEnabled: false, nativeEvents: true, networkConnectionEnabled: false, pageLoadStrategy: normal, platform: MAC, platformName: MAC, rotatable: false, setWindowRect: true, takesHeapSnapshot: true, takesScreenshot: true, unexpectedAlertBehaviour: , unhandledPromptBehavior: , version: 75.0.3770.100, webStorageEnabled: true}
Session ID: 7bffdcf53e2090649e7caf1ea72c9957)
[[ATTACHMENT|/Users/sumankompelly/Relative xpath-Mobile/Reports/OCS - 1.11.0/20190621_165048/1561150389780.png]]

2019-06-21 16:53:10 - [MESSAGE][FAILED] - click(findTestObject("OCS-MOBILE /Accessories page/new accessories")) FAILED.
Reason:
com.kms.katalon.core.exception.StepFailedException: Unable to click on object 'Object Repository/OCS-MOBILE /Accessories page/new accessories' (Root cause: org.openqa.selenium.WebDriverException: unknown error: Element <img class="menu__featured-item__image" src="//cdn.shopify.com/s/files/1/2636/1928/files/wks10-12-MEGANAV-new-accessories_400x.jpg?v=1559916201" data-src="//cdn.shopify.com/s/files/1/2636/1928/files/wks10-12-MEGANAV-new-accessories_400x.jpg?v=1559916201" alt="New Accessories"> is not clickable at point (17, 661). Other element would receive the click: <iframe title="Preview Bar" id="preview-bar-iframe" src="https://ocs.ca/preview_bar" sandbox="allow-same-origin allow-scripts" style="position: fixed; bottom: 0px; left: 0px; z-index: 2147483647; width: 100%; border: none; box-shadow: rgba(0, 0, 0, 0.2) 0px -1px 3px; overflow: hidden; transform: translateY(0px); transition: transform 300ms ease 0s; height: 92px;"></iframe>
  (Session info: chrome=75.0.3770.100)
  (Driver info: chromedriver=2.43.600229 (3fae4d0cda5334b4f533bede5a4787f7b832d052),platform=Mac OS X 10.13.6 x86_64) (WARNING: The server did not provide any stacktrace information)
Command duration or timeout: 0 milliseconds
Build info: version: '3.7.1', revision: '8a0099a', time: '2017-11-06T21:07:36.161Z'
System info: host: 'sumans-MacBook-Pro.local', ip: '2601:87:0:879f:0:0:0:1e84%en0', os.name: 'Mac OS X', os.arch: 'x86_64', os.version: '10.13.6', java.version: '1.8.0_181'
Driver info: com.kms.katalon.selenium.driver.CChromeDriver
Capabilities {acceptInsecureCerts: false, acceptSslCerts: false, applicationCacheEnabled: false, browserConnectionEnabled: false, browserName: chrome, chrome: {chromedriverVersion: 2.43.600229 (3fae4d0cda5334..., userDataDir: /var/folders/1t/c55l8xzs6gq...}, cssSelectorsEnabled: true, databaseEnabled: false, goog:chromeOptions: {debuggerAddress: localhost:64693}, handlesAlerts: true, hasTouchScreen: false, javascriptEnabled: true, locationContextEnabled: true, mobileEmulationEnabled: false, nativeEvents: true, networkConnectionEnabled: false, pageLoadStrategy: normal, platform: MAC, platformName: MAC, rotatable: false, setWindowRect: true, takesHeapSnapshot: true, takesScreenshot: true, unexpectedAlertBehaviour: , unhandledPromptBehavior: , version: 75.0.3770.100, webStorageEnabled: true}
Session ID: 7bffdcf53e2090649e7caf1ea72c9957)
	at com.kms.katalon.core.keyword.internal.KeywordMain.stepFailed(KeywordMain.groovy:36)
	at com.kms.katalon.core.webui.keyword.internal.WebUIKeywordMain.stepFailed(WebUIKeywordMain.groovy:65)
	at com.kms.katalon.core.webui.keyword.internal.WebUIKeywordMain.runKeyword(WebUIKeywordMain.groovy:27)
	at com.kms.katalon.core.webui.keyword.builtin.ClickKeyword.click(ClickKeyword.groovy:86)
	at com.kms.katalon.core.webui.keyword.builtin.ClickKeyword.execute(ClickKeyword.groovy:67)
	at com.kms.katalon.core.keyword.internal.KeywordExecutor.executeKeywordForPlatform(KeywordExecutor.groovy:53)
	at com.kms.katalon.core.webui.keyword.WebUiBuiltInKeywords.click(WebUiBuiltInKeywords.groovy:616)
	at com.kms.katalon.core.webui.keyword.WebUiBuiltInKeywords$click$4.call(Unknown Source)
	at HP-Burger menu-Accessories.run(HP-Burger menu-Accessories:314)
	at com.kms.katalon.core.main.ScriptEngine.run(ScriptEngine.java:194)
	at com.kms.katalon.core.main.ScriptEngine.runScriptAsRawText(ScriptEngine.java:119)
	at com.kms.katalon.core.main.TestCaseExecutor.runScript(TestCaseExecutor.java:328)
	at com.kms.katalon.core.main.TestCaseExecutor.doExecute(TestCaseExecutor.java:319)
	at com.kms.katalon.core.main.TestCaseExecutor.processExecutionPhase(TestCaseExecutor.java:298)
	at com.kms.katalon.core.main.TestCaseExecutor.accessMainPhase(TestCaseExecutor.java:290)
	at com.kms.katalon.core.main.TestCaseExecutor.execute(TestCaseExecutor.java:224)
	at com.kms.katalon.core.main.TestSuiteExecutor.accessTestCaseMainPhase(TestSuiteExecutor.java:129)
	at com.kms.katalon.core.main.TestSuiteExecutor.accessTestSuiteMainPhase(TestSuiteExecutor.java:112)
	at com.kms.katalon.core.main.TestSuiteExecutor.execute(TestSuiteExecutor.java:81)
	at com.kms.katalon.core.main.TestCaseMain.startTestSuite(TestCaseMain.java:149)
	at com.kms.katalon.core.main.TestCaseMain$startTestSuite$0.call(Unknown Source)
	at TempTestSuite1561150248290.run(TempTestSuite1561150248290.groovy:36)]]></system-out>
         <system-err><![CDATA[2019-06-21 16:51:34 - [TEST_CASE][FAILED] - Test Cases/OCS - MOBILE/OCS- HOME PAGE/HP-Burger menu-Accessories: Test Cases/OCS - MOBILE/OCS- HOME PAGE/HP-Burger menu-Accessories FAILED.
Reason:
com.kms.katalon.core.exception.StepFailedException: Unable to click on object 'Object Repository/OCS-MOBILE /Accessories page/new accessories' (Root cause: org.openqa.selenium.WebDriverException: unknown error: Element <img class="menu__featured-item__image" src="//cdn.shopify.com/s/files/1/2636/1928/files/wks10-12-MEGANAV-new-accessories_400x.jpg?v=1559916201" data-src="//cdn.shopify.com/s/files/1/2636/1928/files/wks10-12-MEGANAV-new-accessories_400x.jpg?v=1559916201" alt="New Accessories"> is not clickable at point (17, 661). Other element would receive the click: <iframe title="Preview Bar" id="preview-bar-iframe" src="https://ocs.ca/preview_bar" sandbox="allow-same-origin allow-scripts" style="position: fixed; bottom: 0px; left: 0px; z-index: 2147483647; width: 100%; border: none; box-shadow: rgba(0, 0, 0, 0.2) 0px -1px 3px; overflow: hidden; transform: translateY(0px); transition: transform 300ms ease 0s; height: 92px;"></iframe>
  (Session info: chrome=75.0.3770.100)
  (Driver info: chromedriver=2.43.600229 (3fae4d0cda5334b4f533bede5a4787f7b832d052),platform=Mac OS X 10.13.6 x86_64) (WARNING: The server did not provide any stacktrace information)
Command duration or timeout: 0 milliseconds
Build info: version: '3.7.1', revision: '8a0099a', time: '2017-11-06T21:07:36.161Z'
System info: host: 'sumans-MacBook-Pro.local', ip: '2601:87:0:879f:0:0:0:1e84%en0', os.name: 'Mac OS X', os.arch: 'x86_64', os.version: '10.13.6', java.version: '1.8.0_181'
Driver info: com.kms.katalon.selenium.driver.CChromeDriver
Capabilities {acceptInsecureCerts: false, acceptSslCerts: false, applicationCacheEnabled: false, browserConnectionEnabled: false, browserName: chrome, chrome: {chromedriverVersion: 2.43.600229 (3fae4d0cda5334..., userDataDir: /var/folders/1t/c55l8xzs6gq...}, cssSelectorsEnabled: true, databaseEnabled: false, goog:chromeOptions: {debuggerAddress: localhost:64693}, handlesAlerts: true, hasTouchScreen: false, javascriptEnabled: true, locationContextEnabled: true, mobileEmulationEnabled: false, nativeEvents: true, networkConnectionEnabled: false, pageLoadStrategy: normal, platform: MAC, platformName: MAC, rotatable: false, setWindowRect: true, takesHeapSnapshot: true, takesScreenshot: true, unexpectedAlertBehaviour: , unhandledPromptBehavior: , version: 75.0.3770.100, webStorageEnabled: true}
Session ID: 7bffdcf53e2090649e7caf1ea72c9957)
	at com.kms.katalon.core.keyword.internal.KeywordMain.stepFailed(KeywordMain.groovy:36)
	at com.kms.katalon.core.webui.keyword.internal.WebUIKeywordMain.stepFailed(WebUIKeywordMain.groovy:65)
	at com.kms.katalon.core.webui.keyword.internal.WebUIKeywordMain.runKeyword(WebUIKeywordMain.groovy:27)
	at com.kms.katalon.core.webui.keyword.builtin.ClickKeyword.click(ClickKeyword.groovy:86)
	at com.kms.katalon.core.webui.keyword.builtin.ClickKeyword.execute(ClickKeyword.groovy:67)
	at com.kms.katalon.core.keyword.internal.KeywordExecutor.executeKeywordForPlatform(KeywordExecutor.groovy:53)
	at com.kms.katalon.core.webui.keyword.WebUiBuiltInKeywords.click(WebUiBuiltInKeywords.groovy:616)
	at com.kms.katalon.core.webui.keyword.WebUiBuiltInKeywords$click$4.call(Unknown Source)
	at HP-Burger menu-Accessories.run(HP-Burger menu-Accessories:314)
	at com.kms.katalon.core.main.ScriptEngine.run(ScriptEngine.java:194)
	at com.kms.katalon.core.main.ScriptEngine.runScriptAsRawText(ScriptEngine.java:119)
	at com.kms.katalon.core.main.TestCaseExecutor.runScript(TestCaseExecutor.java:328)
	at com.kms.katalon.core.main.TestCaseExecutor.doExecute(TestCaseExecutor.java:319)
	at com.kms.katalon.core.main.TestCaseExecutor.processExecutionPhase(TestCaseExecutor.java:298)
	at com.kms.katalon.core.main.TestCaseExecutor.accessMainPhase(TestCaseExecutor.java:290)
	at com.kms.katalon.core.main.TestCaseExecutor.execute(TestCaseExecutor.java:224)
	at com.kms.katalon.core.main.TestSuiteExecutor.accessTestCaseMainPhase(TestSuiteExecutor.java:129)
	at com.kms.katalon.core.main.TestSuiteExecutor.accessTestSuiteMainPhase(TestSuiteExecutor.java:112)
	at com.kms.katalon.core.main.TestSuiteExecutor.execute(TestSuiteExecutor.java:81)
	at com.kms.katalon.core.main.TestCaseMain.startTestSuite(TestCaseMain.java:149)
	at com.kms.katalon.core.main.TestCaseMain$startTestSuite$0.call(Unknown Source)
	at TempTestSuite1561150248290.run(TempTestSuite1561150248290.groovy:36)]]></system-err>
      </testcase>
      <testcase name="Test Cases/OCS - MOBILE/OCS- HOME PAGE/Announcement" classname="Test Cases/OCS - MOBILE/OCS- HOME PAGE/Announcement" status="FAILED">
         <failure type="FAILED" message="Test Cases/OCS - MOBILE/OCS- HOME PAGE/Announcement FAILED.
Reason:
com.kms.katalon.core.exception.StepFailedException: Text 'Due to holiday closures within the Canada Post network for Victoria Day, please expect some order delivery delays.' is not present on page 
	at com.kms.katalon.core.keyword.internal.KeywordMain.stepFailed(KeywordMain.groovy:32)
	at com.kms.katalon.core.webui.keyword.internal.WebUIKeywordMain.stepFailed(WebUIKeywordMain.groovy:65)
	at com.kms.katalon.core.webui.keyword.builtin.VerifyTextPresentKeyword$_verifyTextPresent_closure1.doCall(VerifyTextPresentKeyword.groovy:79)
	at com.kms.katalon.core.webui.keyword.builtin.VerifyTextPresentKeyword$_verifyTextPresent_closure1.call(VerifyTextPresentKeyword.groovy)
	at com.kms.katalon.core.webui.keyword.internal.WebUIKeywordMain.runKeyword(WebUIKeywordMain.groovy:21)
	at com.kms.katalon.core.webui.keyword.builtin.VerifyTextPresentKeyword.verifyTextPresent(VerifyTextPresentKeyword.groovy:83)
	at com.kms.katalon.core.webui.keyword.builtin.VerifyTextPresentKeyword.execute(VerifyTextPresentKeyword.groovy:68)
	at com.kms.katalon.core.keyword.internal.KeywordExecutor.executeKeywordForPlatform(KeywordExecutor.groovy:53)
	at com.kms.katalon.core.webui.keyword.WebUiBuiltInKeywords.verifyTextPresent(WebUiBuiltInKeywords.groovy:1677)
	at com.kms.katalon.core.webui.keyword.WebUiBuiltInKeywords$verifyTextPresent$9.call(Unknown Source)
	at Announcement.run(Announcement:18)
	at com.kms.katalon.core.main.ScriptEngine.run(ScriptEngine.java:194)
	at com.kms.katalon.core.main.ScriptEngine.runScriptAsRawText(ScriptEngine.java:119)
	at com.kms.katalon.core.main.TestCaseExecutor.runScript(TestCaseExecutor.java:328)
	at com.kms.katalon.core.main.TestCaseExecutor.doExecute(TestCaseExecutor.java:319)
	at com.kms.katalon.core.main.TestCaseExecutor.processExecutionPhase(TestCaseExecutor.java:298)
	at com.kms.katalon.core.main.TestCaseExecutor.accessMainPhase(TestCaseExecutor.java:290)
	at com.kms.katalon.core.main.TestCaseExecutor.execute(TestCaseExecutor.java:224)
	at com.kms.katalon.core.main.TestSuiteExecutor.accessTestCaseMainPhase(TestSuiteExecutor.java:129)
	at com.kms.katalon.core.main.TestSuiteExecutor.accessTestSuiteMainPhase(TestSuiteExecutor.java:112)
	at com.kms.katalon.core.main.TestSuiteExecutor.execute(TestSuiteExecutor.java:81)
	at com.kms.katalon.core.main.TestCaseMain.startTestSuite(TestCaseMain.java:149)
	at com.kms.katalon.core.main.TestCaseMain$startTestSuite$0.call(Unknown Source)
	at TempTestSuite1561150248290.run(TempTestSuite1561150248290.groovy:36)
"/>
         <system-out><![CDATA[2019-06-21 16:53:10 - [TEST_CASE][FAILED] - Test Cases/OCS - MOBILE/OCS- HOME PAGE/Announcement: Test Cases/OCS - MOBILE/OCS- HOME PAGE/Announcement FAILED.
Reason:
com.kms.katalon.core.exception.StepFailedException: Text 'Due to holiday closures within the Canada Post network for Victoria Day, please expect some order delivery delays.' is not present on page 
	at com.kms.katalon.core.keyword.internal.KeywordMain.stepFailed(KeywordMain.groovy:32)
	at com.kms.katalon.core.webui.keyword.internal.WebUIKeywordMain.stepFailed(WebUIKeywordMain.groovy:65)
	at com.kms.katalon.core.webui.keyword.builtin.VerifyTextPresentKeyword$_verifyTextPresent_closure1.doCall(VerifyTextPresentKeyword.groovy:79)
	at com.kms.katalon.core.webui.keyword.builtin.VerifyTextPresentKeyword$_verifyTextPresent_closure1.call(VerifyTextPresentKeyword.groovy)
	at com.kms.katalon.core.webui.keyword.internal.WebUIKeywordMain.runKeyword(WebUIKeywordMain.groovy:21)
	at com.kms.katalon.core.webui.keyword.builtin.VerifyTextPresentKeyword.verifyTextPresent(VerifyTextPresentKeyword.groovy:83)
	at com.kms.katalon.core.webui.keyword.builtin.VerifyTextPresentKeyword.execute(VerifyTextPresentKeyword.groovy:68)
	at com.kms.katalon.core.keyword.internal.KeywordExecutor.executeKeywordForPlatform(KeywordExecutor.groovy:53)
	at com.kms.katalon.core.webui.keyword.WebUiBuiltInKeywords.verifyTextPresent(WebUiBuiltInKeywords.groovy:1677)
	at com.kms.katalon.core.webui.keyword.WebUiBuiltInKeywords$verifyTextPresent$9.call(Unknown Source)
	at Announcement.run(Announcement:18)
	at com.kms.katalon.core.main.ScriptEngine.run(ScriptEngine.java:194)
	at com.kms.katalon.core.main.ScriptEngine.runScriptAsRawText(ScriptEngine.java:119)
	at com.kms.katalon.core.main.TestCaseExecutor.runScript(TestCaseExecutor.java:328)
	at com.kms.katalon.core.main.TestCaseExecutor.doExecute(TestCaseExecutor.java:319)
	at com.kms.katalon.core.main.TestCaseExecutor.processExecutionPhase(TestCaseExecutor.java:298)
	at com.kms.katalon.core.main.TestCaseExecutor.accessMainPhase(TestCaseExecutor.java:290)
	at com.kms.katalon.core.main.TestCaseExecutor.execute(TestCaseExecutor.java:224)
	at com.kms.katalon.core.main.TestSuiteExecutor.accessTestCaseMainPhase(TestSuiteExecutor.java:129)
	at com.kms.katalon.core.main.TestSuiteExecutor.accessTestSuiteMainPhase(TestSuiteExecutor.java:112)
	at com.kms.katalon.core.main.TestSuiteExecutor.execute(TestSuiteExecutor.java:81)
	at com.kms.katalon.core.main.TestCaseMain.startTestSuite(TestCaseMain.java:149)
	at com.kms.katalon.core.main.TestCaseMain$startTestSuite$0.call(Unknown Source)
	at TempTestSuite1561150248290.run(TempTestSuite1561150248290.groovy:36)


2019-06-21 16:53:10 - [TEST_STEP][PASSED] - callTestCase(findTestCase("OCS - MOBILE/CALL - AGE GATE"), [:], STOP_ON_FAILURE): Call Test Case 'Test Cases/OCS - MOBILE/CALL - AGE GATE' successfully

2019-06-21 16:53:10 - [TEST_CASE][PASSED] - Test Cases/OCS - MOBILE/CALL - AGE GATE: Test Cases/OCS - MOBILE/CALL - AGE GATE

2019-06-21 16:53:10 - [TEST_STEP][PASSED] - openBrowser(""): Browser is opened with url: ''

2019-06-21 16:53:10 - [MESSAGE][WARNING] - A browser is already opened. Closing browser and opening a new one

2019-06-21 16:53:10 - [MESSAGE][INFO] - Starting 'Chrome' driver

2019-06-21 16:53:11 - [MESSAGE][PASSED] - Browser is opened with url: ''

2019-06-21 16:53:11 - [TEST_STEP][PASSED] - navigateToUrl("https://ocs.ca/?fts=0&preview_theme_id=74057975628"): Navigate to 'https://ocs.ca/?fts=0&preview_theme_id=74057975628' successfully

2019-06-21 16:53:16 - [MESSAGE][PASSED] - Navigate to 'https://ocs.ca/?fts=0&preview_theme_id=74057975628' successfully

2019-06-21 16:53:16 - [TEST_STEP][PASSED] - executeJavaScript("var previewBar = document.getElementById("preview-bar-iframe"); previewBar.style.display = "none";", []): Execute JavaScript 'var previewBar = document.getElementById("preview-bar-iframe"); previewBar.style.display = "none";' successfully

2019-06-21 16:53:16 - [MESSAGE][PASSED] - Execute JavaScript 'var previewBar = document.getElementById("preview-bar-iframe"); previewBar.style.display = "none";' successfully

2019-06-21 16:53:16 - [TEST_STEP][PASSED] - setViewPortSize(360, 800): Viewport is set to new size with width = 360 and height = 800

2019-06-21 16:53:16 - [MESSAGE][PASSED] - Viewport is set to new size with width = 360 and height = 800

2019-06-21 16:53:16 - [TEST_STEP][PASSED] - delay(4): Delayed 4 second(s)

2019-06-21 16:53:20 - [MESSAGE][PASSED] - Delayed 4 second(s)

2019-06-21 16:53:20 - [TEST_STEP][PASSED] - selectOptionByValue(findTestObject("OCS-MOBILE /Age gate and burger menu/Date"), "12", true): All options with value '12' are selected in object 'Object Repository/OCS-MOBILE /Age gate and burger menu/Date'  using regular expression

2019-06-21 16:53:20 - [MESSAGE][PASSED] - All options with value '12' are selected in object 'Object Repository/OCS-MOBILE /Age gate and burger menu/Date'  using regular expression

2019-06-21 16:53:20 - [TEST_STEP][PASSED] - selectOptionByValue(findTestObject("OCS-MOBILE /Age gate and burger menu/month"), "6", true): All options with value '6' are selected in object 'Object Repository/OCS-MOBILE /Age gate and burger menu/month'  using regular expression

2019-06-21 16:53:20 - [MESSAGE][PASSED] - All options with value '6' are selected in object 'Object Repository/OCS-MOBILE /Age gate and burger menu/month'  using regular expression

2019-06-21 16:53:20 - [TEST_STEP][PASSED] - delay(2): Delayed 2 second(s)

2019-06-21 16:53:22 - [MESSAGE][PASSED] - Delayed 2 second(s)

2019-06-21 16:53:22 - [TEST_STEP][PASSED] - selectOptionByValue(findTestObject("OCS-MOBILE /Age gate and burger menu/Year Dropdown"), "1990", true): All options with value '1990' are selected in object 'Object Repository/OCS-MOBILE /Age gate and burger menu/Year Dropdown'  using regular expression

2019-06-21 16:53:23 - [MESSAGE][PASSED] - All options with value '1990' are selected in object 'Object Repository/OCS-MOBILE /Age gate and burger menu/Year Dropdown'  using regular expression

2019-06-21 16:53:23 - [TEST_STEP][PASSED] - click(findTestObject("OCS-MOBILE /Age gate and Mega menu/button_Verify")): Object: 'Object Repository/OCS-MOBILE /Age gate and Mega menu/button_Verify' is clicked on

2019-06-21 16:53:23 - [MESSAGE][PASSED] - Object: 'Object Repository/OCS-MOBILE /Age gate and Mega menu/button_Verify' is clicked on

2019-06-21 16:53:23 - [TEST_STEP][PASSED] - click(findTestObject("OCS-MOBILE /Age gate and Mega menu/Checkbox_CONFIRM AND ACKNOWLEDGE")): Object: 'Object Repository/OCS-MOBILE /Age gate and Mega menu/Checkbox_CONFIRM AND ACKNOWLEDGE' is clicked on

2019-06-21 16:53:24 - [MESSAGE][PASSED] - Object: 'Object Repository/OCS-MOBILE /Age gate and Mega menu/Checkbox_CONFIRM AND ACKNOWLEDGE' is clicked on

2019-06-21 16:53:24 - [TEST_STEP][PASSED] - click(findTestObject("OCS-MOBILE /Age gate and Mega menu/button_CONFIRM")): Object: 'Object Repository/OCS-MOBILE /Age gate and Mega menu/button_CONFIRM' is clicked on

2019-06-21 16:53:24 - [MESSAGE][PASSED] - Object: 'Object Repository/OCS-MOBILE /Age gate and Mega menu/button_CONFIRM' is clicked on

2019-06-21 16:53:24 - [TEST_STEP][PASSED] - click(findTestObject("OCS-MOBILE /Age gate and Mega menu/button_Start Browsing")): Object: 'Object Repository/OCS-MOBILE /Age gate and Mega menu/button_Start Browsing' is clicked on

2019-06-21 16:53:24 - [MESSAGE][PASSED] - Object: 'Object Repository/OCS-MOBILE /Age gate and Mega menu/button_Start Browsing' is clicked on

2019-06-21 16:53:24 - [TEST_STEP][PASSED] - refresh(): Refresh successfully

2019-06-21 16:53:24 - [MESSAGE][PASSED] - Refresh successfully

2019-06-21 16:53:24 - [TEST_STEP][PASSED] - executeJavaScript("var previewBar = document.getElementById("preview-bar-iframe"); previewBar.style.display = "none";", []): Execute JavaScript 'var previewBar = document.getElementById("preview-bar-iframe"); previewBar.style.display = "none";' successfully

2019-06-21 16:53:27 - [MESSAGE][PASSED] - Execute JavaScript 'var previewBar = document.getElementById("preview-bar-iframe"); previewBar.style.display = "none";' successfully

2019-06-21 16:53:27 - [MESSAGE][PASSED] - Call Test Case 'Test Cases/OCS - MOBILE/CALL - AGE GATE' successfully

2019-06-21 16:53:27 - [TEST_STEP][FAILED] - flag = verifyTextPresent("Due to holiday closures within the Canada Post network for Victoria Day, please expect some order delivery delays.", false, CONTINUE_ON_FAILURE): Text 'Due to holiday closures within the Canada Post network for Victoria Day, please expect some order delivery delays.' is not present on page 

2019-06-21 16:53:28 - [MESSAGE][FAILED] - Text 'Due to holiday closures within the Canada Post network for Victoria Day, please expect some order delivery delays.' is not present on page 

2019-06-21 16:53:28 - [TEST_STEP][PASSED] - delay(2): Delayed 2 second(s)

2019-06-21 16:53:30 - [MESSAGE][PASSED] - Delayed 2 second(s)

2019-06-21 16:53:30 - [TEST_STEP][PASSED] - comment("flag =" + flag): flag =false

2019-06-21 16:53:30 - [MESSAGE][INFO] - flag =false

2019-06-21 16:53:30 - [TEST_STEP][FAILED] - if (flag == false): if (flag == false) FAILED.
Reason:
com.kms.katalon.core.exception.StepFailedException: Text 'Due to holiday closures within the Canada Post network for Victoria Day, please expect some order delivery delays.' is not present on page 
	at com.kms.katalon.core.keyword.internal.KeywordMain.stepFailed(KeywordMain.groovy:32)
	at com.kms.katalon.core.webui.keyword.internal.WebUIKeywordMain.stepFailed(WebUIKeywordMain.groovy:65)
	at com.kms.katalon.core.webui.keyword.builtin.VerifyTextPresentKeyword$_verifyTextPresent_closure1.doCall(VerifyTextPresentKeyword.groovy:79)
	at com.kms.katalon.core.webui.keyword.builtin.VerifyTextPresentKeyword$_verifyTextPresent_closure1.call(VerifyTextPresentKeyword.groovy)
	at com.kms.katalon.core.webui.keyword.internal.WebUIKeywordMain.runKeyword(WebUIKeywordMain.groovy:21)
	at com.kms.katalon.core.webui.keyword.builtin.VerifyTextPresentKeyword.verifyTextPresent(VerifyTextPresentKeyword.groovy:83)
	at com.kms.katalon.core.webui.keyword.builtin.VerifyTextPresentKeyword.execute(VerifyTextPresentKeyword.groovy:68)
	at com.kms.katalon.core.keyword.internal.KeywordExecutor.executeKeywordForPlatform(KeywordExecutor.groovy:53)
	at com.kms.katalon.core.webui.keyword.WebUiBuiltInKeywords.verifyTextPresent(WebUiBuiltInKeywords.groovy:1677)
	at com.kms.katalon.core.webui.keyword.WebUiBuiltInKeywords$verifyTextPresent$9.call(Unknown Source)
	at Announcement.run(Announcement:18)
	at com.kms.katalon.core.main.ScriptEngine.run(ScriptEngine.java:194)
	at com.kms.katalon.core.main.ScriptEngine.runScriptAsRawText(ScriptEngine.java:119)
	at com.kms.katalon.core.main.TestCaseExecutor.runScript(TestCaseExecutor.java:328)
	at com.kms.katalon.core.main.TestCaseExecutor.doExecute(TestCaseExecutor.java:319)
	at com.kms.katalon.core.main.TestCaseExecutor.processExecutionPhase(TestCaseExecutor.java:298)
	at com.kms.katalon.core.main.TestCaseExecutor.accessMainPhase(TestCaseExecutor.java:290)
	at com.kms.katalon.core.main.TestCaseExecutor.execute(TestCaseExecutor.java:224)
	at com.kms.katalon.core.main.TestSuiteExecutor.accessTestCaseMainPhase(TestSuiteExecutor.java:129)
	at com.kms.katalon.core.main.TestSuiteExecutor.accessTestSuiteMainPhase(TestSuiteExecutor.java:112)
	at com.kms.katalon.core.main.TestSuiteExecutor.execute(TestSuiteExecutor.java:81)
	at com.kms.katalon.core.main.TestCaseMain.startTestSuite(TestCaseMain.java:149)
	at com.kms.katalon.core.main.TestCaseMain$startTestSuite$0.call(Unknown Source)
	at TempTestSuite1561150248290.run(TempTestSuite1561150248290.groovy:36)


2019-06-21 16:53:30 - [TEST_STEP][FAILED] - comment(" there is no  announcment "): if (flag == false) FAILED.
Reason:
com.kms.katalon.core.exception.StepFailedException: Text 'Due to holiday closures within the Canada Post network for Victoria Day, please expect some order delivery delays.' is not present on page 
	at com.kms.katalon.core.keyword.internal.KeywordMain.stepFailed(KeywordMain.groovy:32)
	at com.kms.katalon.core.webui.keyword.internal.WebUIKeywordMain.stepFailed(WebUIKeywordMain.groovy:65)
	at com.kms.katalon.core.webui.keyword.builtin.VerifyTextPresentKeyword$_verifyTextPresent_closure1.doCall(VerifyTextPresentKeyword.groovy:79)
	at com.kms.katalon.core.webui.keyword.builtin.VerifyTextPresentKeyword$_verifyTextPresent_closure1.call(VerifyTextPresentKeyword.groovy)
	at com.kms.katalon.core.webui.keyword.internal.WebUIKeywordMain.runKeyword(WebUIKeywordMain.groovy:21)
	at com.kms.katalon.core.webui.keyword.builtin.VerifyTextPresentKeyword.verifyTextPresent(VerifyTextPresentKeyword.groovy:83)
	at com.kms.katalon.core.webui.keyword.builtin.VerifyTextPresentKeyword.execute(VerifyTextPresentKeyword.groovy:68)
	at com.kms.katalon.core.keyword.internal.KeywordExecutor.executeKeywordForPlatform(KeywordExecutor.groovy:53)
	at com.kms.katalon.core.webui.keyword.WebUiBuiltInKeywords.verifyTextPresent(WebUiBuiltInKeywords.groovy:1677)
	at com.kms.katalon.core.webui.keyword.WebUiBuiltInKeywords$verifyTextPresent$9.call(Unknown Source)
	at Announcement.run(Announcement:18)
	at com.kms.katalon.core.main.ScriptEngine.run(ScriptEngine.java:194)
	at com.kms.katalon.core.main.ScriptEngine.runScriptAsRawText(ScriptEngine.java:119)
	at com.kms.katalon.core.main.TestCaseExecutor.runScript(TestCaseExecutor.java:328)
	at com.kms.katalon.core.main.TestCaseExecutor.doExecute(TestCaseExecutor.java:319)
	at com.kms.katalon.core.main.TestCaseExecutor.processExecutionPhase(TestCaseExecutor.java:298)
	at com.kms.katalon.core.main.TestCaseExecutor.accessMainPhase(TestCaseExecutor.java:290)
	at com.kms.katalon.core.main.TestCaseExecutor.execute(TestCaseExecutor.java:224)
	at com.kms.katalon.core.main.TestSuiteExecutor.accessTestCaseMainPhase(TestSuiteExecutor.java:129)
	at com.kms.katalon.core.main.TestSuiteExecutor.accessTestSuiteMainPhase(TestSuiteExecutor.java:112)
	at com.kms.katalon.core.main.TestSuiteExecutor.execute(TestSuiteExecutor.java:81)
	at com.kms.katalon.core.main.TestCaseMain.startTestSuite(TestCaseMain.java:149)
	at com.kms.katalon.core.main.TestCaseMain$startTestSuite$0.call(Unknown Source)
	at TempTestSuite1561150248290.run(TempTestSuite1561150248290.groovy:36)


2019-06-21 16:53:30 - [MESSAGE][INFO] -  there is no  announcment 

2019-06-21 16:53:30 - [MESSAGE][FAILED] - if (flag == false) FAILED.
Reason:
com.kms.katalon.core.exception.StepFailedException: Text 'Due to holiday closures within the Canada Post network for Victoria Day, please expect some order delivery delays.' is not present on page 
	at com.kms.katalon.core.keyword.internal.KeywordMain.stepFailed(KeywordMain.groovy:32)
	at com.kms.katalon.core.webui.keyword.internal.WebUIKeywordMain.stepFailed(WebUIKeywordMain.groovy:65)
	at com.kms.katalon.core.webui.keyword.builtin.VerifyTextPresentKeyword$_verifyTextPresent_closure1.doCall(VerifyTextPresentKeyword.groovy:79)
	at com.kms.katalon.core.webui.keyword.builtin.VerifyTextPresentKeyword$_verifyTextPresent_closure1.call(VerifyTextPresentKeyword.groovy)
	at com.kms.katalon.core.webui.keyword.internal.WebUIKeywordMain.runKeyword(WebUIKeywordMain.groovy:21)
	at com.kms.katalon.core.webui.keyword.builtin.VerifyTextPresentKeyword.verifyTextPresent(VerifyTextPresentKeyword.groovy:83)
	at com.kms.katalon.core.webui.keyword.builtin.VerifyTextPresentKeyword.execute(VerifyTextPresentKeyword.groovy:68)
	at com.kms.katalon.core.keyword.internal.KeywordExecutor.executeKeywordForPlatform(KeywordExecutor.groovy:53)
	at com.kms.katalon.core.webui.keyword.WebUiBuiltInKeywords.verifyTextPresent(WebUiBuiltInKeywords.groovy:1677)
	at com.kms.katalon.core.webui.keyword.WebUiBuiltInKeywords$verifyTextPresent$9.call(Unknown Source)
	at Announcement.run(Announcement:18)
	at com.kms.katalon.core.main.ScriptEngine.run(ScriptEngine.java:194)
	at com.kms.katalon.core.main.ScriptEngine.runScriptAsRawText(ScriptEngine.java:119)
	at com.kms.katalon.core.main.TestCaseExecutor.runScript(TestCaseExecutor.java:328)
	at com.kms.katalon.core.main.TestCaseExecutor.doExecute(TestCaseExecutor.java:319)
	at com.kms.katalon.core.main.TestCaseExecutor.processExecutionPhase(TestCaseExecutor.java:298)
	at com.kms.katalon.core.main.TestCaseExecutor.accessMainPhase(TestCaseExecutor.java:290)
	at com.kms.katalon.core.main.TestCaseExecutor.execute(TestCaseExecutor.java:224)
	at com.kms.katalon.core.main.TestSuiteExecutor.accessTestCaseMainPhase(TestSuiteExecutor.java:129)
	at com.kms.katalon.core.main.TestSuiteExecutor.accessTestSuiteMainPhase(TestSuiteExecutor.java:112)
	at com.kms.katalon.core.main.TestSuiteExecutor.execute(TestSuiteExecutor.java:81)
	at com.kms.katalon.core.main.TestCaseMain.startTestSuite(TestCaseMain.java:149)
	at com.kms.katalon.core.main.TestCaseMain$startTestSuite$0.call(Unknown Source)
	at TempTestSuite1561150248290.run(TempTestSuite1561150248290.groovy:36)]]></system-out>
         <system-err><![CDATA[2019-06-21 16:53:10 - [TEST_CASE][FAILED] - Test Cases/OCS - MOBILE/OCS- HOME PAGE/Announcement: Test Cases/OCS - MOBILE/OCS- HOME PAGE/Announcement FAILED.
Reason:
com.kms.katalon.core.exception.StepFailedException: Text 'Due to holiday closures within the Canada Post network for Victoria Day, please expect some order delivery delays.' is not present on page 
	at com.kms.katalon.core.keyword.internal.KeywordMain.stepFailed(KeywordMain.groovy:32)
	at com.kms.katalon.core.webui.keyword.internal.WebUIKeywordMain.stepFailed(WebUIKeywordMain.groovy:65)
	at com.kms.katalon.core.webui.keyword.builtin.VerifyTextPresentKeyword$_verifyTextPresent_closure1.doCall(VerifyTextPresentKeyword.groovy:79)
	at com.kms.katalon.core.webui.keyword.builtin.VerifyTextPresentKeyword$_verifyTextPresent_closure1.call(VerifyTextPresentKeyword.groovy)
	at com.kms.katalon.core.webui.keyword.internal.WebUIKeywordMain.runKeyword(WebUIKeywordMain.groovy:21)
	at com.kms.katalon.core.webui.keyword.builtin.VerifyTextPresentKeyword.verifyTextPresent(VerifyTextPresentKeyword.groovy:83)
	at com.kms.katalon.core.webui.keyword.builtin.VerifyTextPresentKeyword.execute(VerifyTextPresentKeyword.groovy:68)
	at com.kms.katalon.core.keyword.internal.KeywordExecutor.executeKeywordForPlatform(KeywordExecutor.groovy:53)
	at com.kms.katalon.core.webui.keyword.WebUiBuiltInKeywords.verifyTextPresent(WebUiBuiltInKeywords.groovy:1677)
	at com.kms.katalon.core.webui.keyword.WebUiBuiltInKeywords$verifyTextPresent$9.call(Unknown Source)
	at Announcement.run(Announcement:18)
	at com.kms.katalon.core.main.ScriptEngine.run(ScriptEngine.java:194)
	at com.kms.katalon.core.main.ScriptEngine.runScriptAsRawText(ScriptEngine.java:119)
	at com.kms.katalon.core.main.TestCaseExecutor.runScript(TestCaseExecutor.java:328)
	at com.kms.katalon.core.main.TestCaseExecutor.doExecute(TestCaseExecutor.java:319)
	at com.kms.katalon.core.main.TestCaseExecutor.processExecutionPhase(TestCaseExecutor.java:298)
	at com.kms.katalon.core.main.TestCaseExecutor.accessMainPhase(TestCaseExecutor.java:290)
	at com.kms.katalon.core.main.TestCaseExecutor.execute(TestCaseExecutor.java:224)
	at com.kms.katalon.core.main.TestSuiteExecutor.accessTestCaseMainPhase(TestSuiteExecutor.java:129)
	at com.kms.katalon.core.main.TestSuiteExecutor.accessTestSuiteMainPhase(TestSuiteExecutor.java:112)
	at com.kms.katalon.core.main.TestSuiteExecutor.execute(TestSuiteExecutor.java:81)
	at com.kms.katalon.core.main.TestCaseMain.startTestSuite(TestCaseMain.java:149)
	at com.kms.katalon.core.main.TestCaseMain$startTestSuite$0.call(Unknown Source)
	at TempTestSuite1561150248290.run(TempTestSuite1561150248290.groovy:36)]]></system-err>
      </testcase>
      <testcase name="Test Cases/OCS - MOBILE/OCS- HOME PAGE/cart flyout" classname="Test Cases/OCS - MOBILE/OCS- HOME PAGE/cart flyout" status="PASSED">
         <system-out><![CDATA[2019-06-21 16:53:30 - [TEST_CASE][PASSED] - Test Cases/OCS - MOBILE/OCS- HOME PAGE/cart flyout: Test Cases/OCS - MOBILE/OCS- HOME PAGE/cart flyout

2019-06-21 16:53:30 - [TEST_STEP][PASSED] - callTestCase(findTestCase("OCS - MOBILE/CALL - AGE GATE"), [:], STOP_ON_FAILURE): Call Test Case 'Test Cases/OCS - MOBILE/CALL - AGE GATE' successfully

2019-06-21 16:53:30 - [TEST_CASE][PASSED] - Test Cases/OCS - MOBILE/CALL - AGE GATE: Test Cases/OCS - MOBILE/CALL - AGE GATE

2019-06-21 16:53:30 - [TEST_STEP][PASSED] - openBrowser(""): Browser is opened with url: ''

2019-06-21 16:53:30 - [MESSAGE][WARNING] - A browser is already opened. Closing browser and opening a new one

2019-06-21 16:53:30 - [MESSAGE][INFO] - Starting 'Chrome' driver

2019-06-21 16:53:31 - [MESSAGE][PASSED] - Browser is opened with url: ''

2019-06-21 16:53:31 - [TEST_STEP][PASSED] - navigateToUrl("https://ocs.ca/?fts=0&preview_theme_id=74057975628"): Navigate to 'https://ocs.ca/?fts=0&preview_theme_id=74057975628' successfully

2019-06-21 16:53:34 - [MESSAGE][PASSED] - Navigate to 'https://ocs.ca/?fts=0&preview_theme_id=74057975628' successfully

2019-06-21 16:53:34 - [TEST_STEP][PASSED] - executeJavaScript("var previewBar = document.getElementById("preview-bar-iframe"); previewBar.style.display = "none";", []): Execute JavaScript 'var previewBar = document.getElementById("preview-bar-iframe"); previewBar.style.display = "none";' successfully

2019-06-21 16:53:34 - [MESSAGE][PASSED] - Execute JavaScript 'var previewBar = document.getElementById("preview-bar-iframe"); previewBar.style.display = "none";' successfully

2019-06-21 16:53:34 - [TEST_STEP][PASSED] - setViewPortSize(360, 800): Viewport is set to new size with width = 360 and height = 800

2019-06-21 16:53:34 - [MESSAGE][PASSED] - Viewport is set to new size with width = 360 and height = 800

2019-06-21 16:53:34 - [TEST_STEP][PASSED] - delay(4): Delayed 4 second(s)

2019-06-21 16:53:38 - [MESSAGE][PASSED] - Delayed 4 second(s)

2019-06-21 16:53:38 - [TEST_STEP][PASSED] - selectOptionByValue(findTestObject("OCS-MOBILE /Age gate and burger menu/Date"), "12", true): All options with value '12' are selected in object 'Object Repository/OCS-MOBILE /Age gate and burger menu/Date'  using regular expression

2019-06-21 16:53:38 - [MESSAGE][PASSED] - All options with value '12' are selected in object 'Object Repository/OCS-MOBILE /Age gate and burger menu/Date'  using regular expression

2019-06-21 16:53:38 - [TEST_STEP][PASSED] - selectOptionByValue(findTestObject("OCS-MOBILE /Age gate and burger menu/month"), "6", true): All options with value '6' are selected in object 'Object Repository/OCS-MOBILE /Age gate and burger menu/month'  using regular expression

2019-06-21 16:53:39 - [MESSAGE][PASSED] - All options with value '6' are selected in object 'Object Repository/OCS-MOBILE /Age gate and burger menu/month'  using regular expression

2019-06-21 16:53:39 - [TEST_STEP][PASSED] - delay(2): Delayed 2 second(s)

2019-06-21 16:53:41 - [MESSAGE][PASSED] - Delayed 2 second(s)

2019-06-21 16:53:41 - [TEST_STEP][PASSED] - selectOptionByValue(findTestObject("OCS-MOBILE /Age gate and burger menu/Year Dropdown"), "1990", true): All options with value '1990' are selected in object 'Object Repository/OCS-MOBILE /Age gate and burger menu/Year Dropdown'  using regular expression

2019-06-21 16:53:42 - [MESSAGE][PASSED] - All options with value '1990' are selected in object 'Object Repository/OCS-MOBILE /Age gate and burger menu/Year Dropdown'  using regular expression

2019-06-21 16:53:42 - [TEST_STEP][PASSED] - click(findTestObject("OCS-MOBILE /Age gate and Mega menu/button_Verify")): Object: 'Object Repository/OCS-MOBILE /Age gate and Mega menu/button_Verify' is clicked on

2019-06-21 16:53:47 - [MESSAGE][PASSED] - Object: 'Object Repository/OCS-MOBILE /Age gate and Mega menu/button_Verify' is clicked on

2019-06-21 16:53:47 - [TEST_STEP][PASSED] - click(findTestObject("OCS-MOBILE /Age gate and Mega menu/Checkbox_CONFIRM AND ACKNOWLEDGE")): Object: 'Object Repository/OCS-MOBILE /Age gate and Mega menu/Checkbox_CONFIRM AND ACKNOWLEDGE' is clicked on

2019-06-21 16:53:53 - [MESSAGE][PASSED] - Object: 'Object Repository/OCS-MOBILE /Age gate and Mega menu/Checkbox_CONFIRM AND ACKNOWLEDGE' is clicked on

2019-06-21 16:53:53 - [TEST_STEP][PASSED] - click(findTestObject("OCS-MOBILE /Age gate and Mega menu/button_CONFIRM")): Object: 'Object Repository/OCS-MOBILE /Age gate and Mega menu/button_CONFIRM' is clicked on

2019-06-21 16:53:58 - [MESSAGE][PASSED] - Object: 'Object Repository/OCS-MOBILE /Age gate and Mega menu/button_CONFIRM' is clicked on

2019-06-21 16:53:58 - [TEST_STEP][PASSED] - click(findTestObject("OCS-MOBILE /Age gate and Mega menu/button_Start Browsing")): Object: 'Object Repository/OCS-MOBILE /Age gate and Mega menu/button_Start Browsing' is clicked on

2019-06-21 16:54:04 - [MESSAGE][PASSED] - Object: 'Object Repository/OCS-MOBILE /Age gate and Mega menu/button_Start Browsing' is clicked on

2019-06-21 16:54:04 - [TEST_STEP][PASSED] - refresh(): Refresh successfully

2019-06-21 16:54:04 - [MESSAGE][PASSED] - Refresh successfully

2019-06-21 16:54:04 - [TEST_STEP][PASSED] - executeJavaScript("var previewBar = document.getElementById("preview-bar-iframe"); previewBar.style.display = "none";", []): Execute JavaScript 'var previewBar = document.getElementById("preview-bar-iframe"); previewBar.style.display = "none";' successfully

2019-06-21 16:54:06 - [MESSAGE][PASSED] - Execute JavaScript 'var previewBar = document.getElementById("preview-bar-iframe"); previewBar.style.display = "none";' successfully

2019-06-21 16:54:06 - [MESSAGE][PASSED] - Call Test Case 'Test Cases/OCS - MOBILE/CALL - AGE GATE' successfully

2019-06-21 16:54:06 - [TEST_STEP][PASSED] - delay(2): Delayed 2 second(s)

2019-06-21 16:54:08 - [MESSAGE][PASSED] - Delayed 2 second(s)

2019-06-21 16:54:08 - [TEST_STEP][PASSED] - click(findTestObject("OCS-MOBILE /Home - page/Cart icon -bag")): Object: 'Object Repository/OCS-MOBILE /Home - page/Cart icon -bag' is clicked on

2019-06-21 16:54:13 - [MESSAGE][PASSED] - Object: 'Object Repository/OCS-MOBILE /Home - page/Cart icon -bag' is clicked on

2019-06-21 16:54:13 - [TEST_STEP][PASSED] - delay(3): Delayed 3 second(s)

2019-06-21 16:54:16 - [MESSAGE][PASSED] - Delayed 3 second(s)

2019-06-21 16:54:16 - [TEST_STEP][PASSED] - verifyTextPresent("Bag", false, OPTIONAL): Text 'Bag' is present on page 

2019-06-21 16:54:16 - [MESSAGE][PASSED] - Text 'Bag' is present on page 

2019-06-21 16:54:16 - [TEST_STEP][PASSED] - if (true):  cart flyout opened 

2019-06-21 16:54:16 - [TEST_STEP][PASSED] - comment(" cart flyout opened "):  cart flyout opened 

2019-06-21 16:54:16 - [MESSAGE][INFO] -  cart flyout opened 

2019-06-21 16:54:16 - [TEST_STEP][PASSED] - delay(5): Delayed 5 second(s)

2019-06-21 16:54:21 - [MESSAGE][PASSED] - Delayed 5 second(s)

2019-06-21 16:54:21 - [TEST_STEP][PASSED] - click(findTestObject("OCS-MOBILE /Home - page/Collapse cart flyout")): Object: 'Object Repository/OCS-MOBILE /Home - page/Collapse cart flyout' is clicked on

2019-06-21 16:54:26 - [MESSAGE][PASSED] - Object: 'Object Repository/OCS-MOBILE /Home - page/Collapse cart flyout' is clicked on

2019-06-21 16:54:26 - [TEST_STEP][PASSED] - verifyTextPresent("Bag", false, OPTIONAL): Text 'Bag' is present on page 

2019-06-21 16:54:27 - [MESSAGE][PASSED] - Text 'Bag' is present on page 

2019-06-21 16:54:27 - [TEST_STEP][PASSED] - if (true):  cart flyout closed 

2019-06-21 16:54:27 - [TEST_STEP][PASSED] - comment(" cart flyout closed "):  cart flyout closed 

2019-06-21 16:54:27 - [MESSAGE][INFO] -  cart flyout closed]]></system-out>
         <system-err><![CDATA[]]></system-err>
      </testcase>
      <testcase name="Test Cases/OCS - MOBILE/OCS- HOME PAGE/Retail stores link" classname="Test Cases/OCS - MOBILE/OCS- HOME PAGE/Retail stores link" status="PASSED">
         <system-out><![CDATA[2019-06-21 16:54:27 - [TEST_CASE][PASSED] - Test Cases/OCS - MOBILE/OCS- HOME PAGE/Retail stores link: Test Cases/OCS - MOBILE/OCS- HOME PAGE/Retail stores link

2019-06-21 16:54:27 - [TEST_STEP][PASSED] - callTestCase(findTestCase("OCS - MOBILE/CALL - AGE GATE"), [:], STOP_ON_FAILURE): Call Test Case 'Test Cases/OCS - MOBILE/CALL - AGE GATE' successfully

2019-06-21 16:54:27 - [TEST_CASE][PASSED] - Test Cases/OCS - MOBILE/CALL - AGE GATE: Test Cases/OCS - MOBILE/CALL - AGE GATE

2019-06-21 16:54:27 - [TEST_STEP][PASSED] - openBrowser(""): Browser is opened with url: ''

2019-06-21 16:54:27 - [MESSAGE][WARNING] - A browser is already opened. Closing browser and opening a new one

2019-06-21 16:54:27 - [MESSAGE][INFO] - Starting 'Chrome' driver

2019-06-21 16:54:28 - [MESSAGE][PASSED] - Browser is opened with url: ''

2019-06-21 16:54:28 - [TEST_STEP][PASSED] - navigateToUrl("https://ocs.ca/?fts=0&preview_theme_id=74057975628"): Navigate to 'https://ocs.ca/?fts=0&preview_theme_id=74057975628' successfully

2019-06-21 16:54:33 - [MESSAGE][PASSED] - Navigate to 'https://ocs.ca/?fts=0&preview_theme_id=74057975628' successfully

2019-06-21 16:54:33 - [TEST_STEP][PASSED] - executeJavaScript("var previewBar = document.getElementById("preview-bar-iframe"); previewBar.style.display = "none";", []): Execute JavaScript 'var previewBar = document.getElementById("preview-bar-iframe"); previewBar.style.display = "none";' successfully

2019-06-21 16:54:33 - [MESSAGE][PASSED] - Execute JavaScript 'var previewBar = document.getElementById("preview-bar-iframe"); previewBar.style.display = "none";' successfully

2019-06-21 16:54:33 - [TEST_STEP][PASSED] - setViewPortSize(360, 800): Viewport is set to new size with width = 360 and height = 800

2019-06-21 16:54:33 - [MESSAGE][PASSED] - Viewport is set to new size with width = 360 and height = 800

2019-06-21 16:54:33 - [TEST_STEP][PASSED] - delay(4): Delayed 4 second(s)

2019-06-21 16:54:37 - [MESSAGE][PASSED] - Delayed 4 second(s)

2019-06-21 16:54:37 - [TEST_STEP][PASSED] - selectOptionByValue(findTestObject("OCS-MOBILE /Age gate and burger menu/Date"), "12", true): All options with value '12' are selected in object 'Object Repository/OCS-MOBILE /Age gate and burger menu/Date'  using regular expression

2019-06-21 16:54:38 - [MESSAGE][PASSED] - All options with value '12' are selected in object 'Object Repository/OCS-MOBILE /Age gate and burger menu/Date'  using regular expression

2019-06-21 16:54:38 - [TEST_STEP][PASSED] - selectOptionByValue(findTestObject("OCS-MOBILE /Age gate and burger menu/month"), "6", true): All options with value '6' are selected in object 'Object Repository/OCS-MOBILE /Age gate and burger menu/month'  using regular expression

2019-06-21 16:54:38 - [MESSAGE][PASSED] - All options with value '6' are selected in object 'Object Repository/OCS-MOBILE /Age gate and burger menu/month'  using regular expression

2019-06-21 16:54:38 - [TEST_STEP][PASSED] - delay(2): Delayed 2 second(s)

2019-06-21 16:54:40 - [MESSAGE][PASSED] - Delayed 2 second(s)

2019-06-21 16:54:40 - [TEST_STEP][PASSED] - selectOptionByValue(findTestObject("OCS-MOBILE /Age gate and burger menu/Year Dropdown"), "1990", true): All options with value '1990' are selected in object 'Object Repository/OCS-MOBILE /Age gate and burger menu/Year Dropdown'  using regular expression

2019-06-21 16:54:41 - [MESSAGE][PASSED] - All options with value '1990' are selected in object 'Object Repository/OCS-MOBILE /Age gate and burger menu/Year Dropdown'  using regular expression

2019-06-21 16:54:41 - [TEST_STEP][PASSED] - click(findTestObject("OCS-MOBILE /Age gate and Mega menu/button_Verify")): Object: 'Object Repository/OCS-MOBILE /Age gate and Mega menu/button_Verify' is clicked on

2019-06-21 16:54:41 - [MESSAGE][PASSED] - Object: 'Object Repository/OCS-MOBILE /Age gate and Mega menu/button_Verify' is clicked on

2019-06-21 16:54:41 - [TEST_STEP][PASSED] - click(findTestObject("OCS-MOBILE /Age gate and Mega menu/Checkbox_CONFIRM AND ACKNOWLEDGE")): Object: 'Object Repository/OCS-MOBILE /Age gate and Mega menu/Checkbox_CONFIRM AND ACKNOWLEDGE' is clicked on

2019-06-21 16:54:41 - [MESSAGE][PASSED] - Object: 'Object Repository/OCS-MOBILE /Age gate and Mega menu/Checkbox_CONFIRM AND ACKNOWLEDGE' is clicked on

2019-06-21 16:54:41 - [TEST_STEP][PASSED] - click(findTestObject("OCS-MOBILE /Age gate and Mega menu/button_CONFIRM")): Object: 'Object Repository/OCS-MOBILE /Age gate and Mega menu/button_CONFIRM' is clicked on

2019-06-21 16:54:41 - [MESSAGE][PASSED] - Object: 'Object Repository/OCS-MOBILE /Age gate and Mega menu/button_CONFIRM' is clicked on

2019-06-21 16:54:41 - [TEST_STEP][PASSED] - click(findTestObject("OCS-MOBILE /Age gate and Mega menu/button_Start Browsing")): Object: 'Object Repository/OCS-MOBILE /Age gate and Mega menu/button_Start Browsing' is clicked on

2019-06-21 16:54:41 - [MESSAGE][PASSED] - Object: 'Object Repository/OCS-MOBILE /Age gate and Mega menu/button_Start Browsing' is clicked on

2019-06-21 16:54:41 - [TEST_STEP][PASSED] - refresh(): Refresh successfully

2019-06-21 16:54:44 - [MESSAGE][PASSED] - Refresh successfully

2019-06-21 16:54:44 - [TEST_STEP][PASSED] - executeJavaScript("var previewBar = document.getElementById("preview-bar-iframe"); previewBar.style.display = "none";", []): Execute JavaScript 'var previewBar = document.getElementById("preview-bar-iframe"); previewBar.style.display = "none";' successfully

2019-06-21 16:54:44 - [MESSAGE][PASSED] - Execute JavaScript 'var previewBar = document.getElementById("preview-bar-iframe"); previewBar.style.display = "none";' successfully

2019-06-21 16:54:44 - [MESSAGE][PASSED] - Call Test Case 'Test Cases/OCS - MOBILE/CALL - AGE GATE' successfully

2019-06-21 16:54:44 - [TEST_STEP][PASSED] - delay(2): Delayed 2 second(s)

2019-06-21 16:54:46 - [MESSAGE][PASSED] - Delayed 2 second(s)

2019-06-21 16:54:46 - [TEST_STEP][PASSED] - flag = verifyElementPresent(findTestObject("OCS-MOBILE /Home - page/Retail stores link"), 0, CONTINUE_ON_FAILURE): Object 'Object Repository/OCS-MOBILE /Home - page/Retail stores link' is present

2019-06-21 16:54:46 - [MESSAGE][WARNING] - Timeout '0' is invalid. Using default page load timeout: '30'

2019-06-21 16:54:46 - [MESSAGE][PASSED] - Object 'Object Repository/OCS-MOBILE /Home - page/Retail stores link' is present

2019-06-21 16:54:46 - [TEST_STEP][PASSED] - comment("flag=" + flag): flag=true

2019-06-21 16:54:46 - [MESSAGE][INFO] - flag=true

2019-06-21 16:54:46 - [TEST_STEP][PASSED] - if (flag == true): Object: 'Object Repository/OCS-MOBILE /Home - page/Retail stores link' is clicked on

2019-06-21 16:54:46 - [TEST_STEP][PASSED] - delay(2): Delayed 2 second(s)

2019-06-21 16:54:48 - [MESSAGE][PASSED] - Delayed 2 second(s)

2019-06-21 16:54:48 - [TEST_STEP][PASSED] - click(findTestObject("OCS-MOBILE /Home - page/Retail stores link")): Object: 'Object Repository/OCS-MOBILE /Home - page/Retail stores link' is clicked on

2019-06-21 16:54:48 - [MESSAGE][PASSED] - Object: 'Object Repository/OCS-MOBILE /Home - page/Retail stores link' is clicked on]]></system-out>
         <system-err><![CDATA[]]></system-err>
      </testcase>
      <testcase name="Test Cases/OCS - MOBILE/OCS- HOME PAGE/Screen reader link" classname="Test Cases/OCS - MOBILE/OCS- HOME PAGE/Screen reader link" status="FAILED">
         <failure type="FAILED" message="Test Cases/OCS - MOBILE/OCS- HOME PAGE/Screen reader link FAILED.
Reason:
com.kms.katalon.core.exception.StepFailedException: Unable to verify text 'Accessibility at the Ontario Cannabis Store (OCS)' is present  (Root cause: com.kms.katalon.core.exception.StepFailedException: Text 'Accessibility at the Ontario Cannabis Store (OCS)' is not present on page )
	at com.kms.katalon.core.keyword.internal.KeywordMain.stepFailed(KeywordMain.groovy:36)
	at com.kms.katalon.core.webui.keyword.internal.WebUIKeywordMain.stepFailed(WebUIKeywordMain.groovy:65)
	at com.kms.katalon.core.webui.keyword.internal.WebUIKeywordMain.runKeyword(WebUIKeywordMain.groovy:27)
	at com.kms.katalon.core.webui.keyword.builtin.VerifyTextPresentKeyword.verifyTextPresent(VerifyTextPresentKeyword.groovy:83)
	at com.kms.katalon.core.webui.keyword.builtin.VerifyTextPresentKeyword.execute(VerifyTextPresentKeyword.groovy:68)
	at com.kms.katalon.core.keyword.internal.KeywordExecutor.executeKeywordForPlatform(KeywordExecutor.groovy:53)
	at com.kms.katalon.core.webui.keyword.WebUiBuiltInKeywords.verifyTextPresent(WebUiBuiltInKeywords.groovy:1693)
	at com.kms.katalon.core.webui.keyword.WebUiBuiltInKeywords$verifyTextPresent$11.call(Unknown Source)
	at Screen reader link.run(Screen reader link:22)
	at com.kms.katalon.core.main.ScriptEngine.run(ScriptEngine.java:194)
	at com.kms.katalon.core.main.ScriptEngine.runScriptAsRawText(ScriptEngine.java:119)
	at com.kms.katalon.core.main.TestCaseExecutor.runScript(TestCaseExecutor.java:328)
	at com.kms.katalon.core.main.TestCaseExecutor.doExecute(TestCaseExecutor.java:319)
	at com.kms.katalon.core.main.TestCaseExecutor.processExecutionPhase(TestCaseExecutor.java:298)
	at com.kms.katalon.core.main.TestCaseExecutor.accessMainPhase(TestCaseExecutor.java:290)
	at com.kms.katalon.core.main.TestCaseExecutor.execute(TestCaseExecutor.java:224)
	at com.kms.katalon.core.main.TestSuiteExecutor.accessTestCaseMainPhase(TestSuiteExecutor.java:129)
	at com.kms.katalon.core.main.TestSuiteExecutor.accessTestSuiteMainPhase(TestSuiteExecutor.java:112)
	at com.kms.katalon.core.main.TestSuiteExecutor.execute(TestSuiteExecutor.java:81)
	at com.kms.katalon.core.main.TestCaseMain.startTestSuite(TestCaseMain.java:149)
	at com.kms.katalon.core.main.TestCaseMain$startTestSuite$0.call(Unknown Source)
	at TempTestSuite1561150248290.run(TempTestSuite1561150248290.groovy:36)
"/>
         <system-out><![CDATA[2019-06-21 16:54:48 - [TEST_CASE][FAILED] - Test Cases/OCS - MOBILE/OCS- HOME PAGE/Screen reader link: Test Cases/OCS - MOBILE/OCS- HOME PAGE/Screen reader link FAILED.
Reason:
com.kms.katalon.core.exception.StepFailedException: Unable to verify text 'Accessibility at the Ontario Cannabis Store (OCS)' is present  (Root cause: com.kms.katalon.core.exception.StepFailedException: Text 'Accessibility at the Ontario Cannabis Store (OCS)' is not present on page )
	at com.kms.katalon.core.keyword.internal.KeywordMain.stepFailed(KeywordMain.groovy:36)
	at com.kms.katalon.core.webui.keyword.internal.WebUIKeywordMain.stepFailed(WebUIKeywordMain.groovy:65)
	at com.kms.katalon.core.webui.keyword.internal.WebUIKeywordMain.runKeyword(WebUIKeywordMain.groovy:27)
	at com.kms.katalon.core.webui.keyword.builtin.VerifyTextPresentKeyword.verifyTextPresent(VerifyTextPresentKeyword.groovy:83)
	at com.kms.katalon.core.webui.keyword.builtin.VerifyTextPresentKeyword.execute(VerifyTextPresentKeyword.groovy:68)
	at com.kms.katalon.core.keyword.internal.KeywordExecutor.executeKeywordForPlatform(KeywordExecutor.groovy:53)
	at com.kms.katalon.core.webui.keyword.WebUiBuiltInKeywords.verifyTextPresent(WebUiBuiltInKeywords.groovy:1693)
	at com.kms.katalon.core.webui.keyword.WebUiBuiltInKeywords$verifyTextPresent$11.call(Unknown Source)
	at Screen reader link.run(Screen reader link:22)
	at com.kms.katalon.core.main.ScriptEngine.run(ScriptEngine.java:194)
	at com.kms.katalon.core.main.ScriptEngine.runScriptAsRawText(ScriptEngine.java:119)
	at com.kms.katalon.core.main.TestCaseExecutor.runScript(TestCaseExecutor.java:328)
	at com.kms.katalon.core.main.TestCaseExecutor.doExecute(TestCaseExecutor.java:319)
	at com.kms.katalon.core.main.TestCaseExecutor.processExecutionPhase(TestCaseExecutor.java:298)
	at com.kms.katalon.core.main.TestCaseExecutor.accessMainPhase(TestCaseExecutor.java:290)
	at com.kms.katalon.core.main.TestCaseExecutor.execute(TestCaseExecutor.java:224)
	at com.kms.katalon.core.main.TestSuiteExecutor.accessTestCaseMainPhase(TestSuiteExecutor.java:129)
	at com.kms.katalon.core.main.TestSuiteExecutor.accessTestSuiteMainPhase(TestSuiteExecutor.java:112)
	at com.kms.katalon.core.main.TestSuiteExecutor.execute(TestSuiteExecutor.java:81)
	at com.kms.katalon.core.main.TestCaseMain.startTestSuite(TestCaseMain.java:149)
	at com.kms.katalon.core.main.TestCaseMain$startTestSuite$0.call(Unknown Source)
	at TempTestSuite1561150248290.run(TempTestSuite1561150248290.groovy:36)


2019-06-21 16:54:48 - [TEST_STEP][PASSED] - callTestCase(findTestCase("OCS - MOBILE/CALL - AGE GATE"), [:], STOP_ON_FAILURE): Call Test Case 'Test Cases/OCS - MOBILE/CALL - AGE GATE' successfully

2019-06-21 16:54:48 - [TEST_CASE][PASSED] - Test Cases/OCS - MOBILE/CALL - AGE GATE: Test Cases/OCS - MOBILE/CALL - AGE GATE

2019-06-21 16:54:48 - [TEST_STEP][PASSED] - openBrowser(""): Browser is opened with url: ''

2019-06-21 16:54:48 - [MESSAGE][WARNING] - A browser is already opened. Closing browser and opening a new one

2019-06-21 16:54:49 - [MESSAGE][INFO] - Starting 'Chrome' driver

2019-06-21 16:54:50 - [MESSAGE][PASSED] - Browser is opened with url: ''

2019-06-21 16:54:50 - [TEST_STEP][PASSED] - navigateToUrl("https://ocs.ca/?fts=0&preview_theme_id=74057975628"): Navigate to 'https://ocs.ca/?fts=0&preview_theme_id=74057975628' successfully

2019-06-21 16:54:55 - [MESSAGE][PASSED] - Navigate to 'https://ocs.ca/?fts=0&preview_theme_id=74057975628' successfully

2019-06-21 16:54:55 - [TEST_STEP][PASSED] - executeJavaScript("var previewBar = document.getElementById("preview-bar-iframe"); previewBar.style.display = "none";", []): Execute JavaScript 'var previewBar = document.getElementById("preview-bar-iframe"); previewBar.style.display = "none";' successfully

2019-06-21 16:54:55 - [MESSAGE][PASSED] - Execute JavaScript 'var previewBar = document.getElementById("preview-bar-iframe"); previewBar.style.display = "none";' successfully

2019-06-21 16:54:55 - [TEST_STEP][PASSED] - setViewPortSize(360, 800): Viewport is set to new size with width = 360 and height = 800

2019-06-21 16:54:55 - [MESSAGE][PASSED] - Viewport is set to new size with width = 360 and height = 800

2019-06-21 16:54:55 - [TEST_STEP][PASSED] - delay(4): Delayed 4 second(s)

2019-06-21 16:54:59 - [MESSAGE][PASSED] - Delayed 4 second(s)

2019-06-21 16:54:59 - [TEST_STEP][PASSED] - selectOptionByValue(findTestObject("OCS-MOBILE /Age gate and burger menu/Date"), "12", true): All options with value '12' are selected in object 'Object Repository/OCS-MOBILE /Age gate and burger menu/Date'  using regular expression

2019-06-21 16:54:59 - [MESSAGE][PASSED] - All options with value '12' are selected in object 'Object Repository/OCS-MOBILE /Age gate and burger menu/Date'  using regular expression

2019-06-21 16:54:59 - [TEST_STEP][PASSED] - selectOptionByValue(findTestObject("OCS-MOBILE /Age gate and burger menu/month"), "6", true): All options with value '6' are selected in object 'Object Repository/OCS-MOBILE /Age gate and burger menu/month'  using regular expression

2019-06-21 16:55:00 - [MESSAGE][PASSED] - All options with value '6' are selected in object 'Object Repository/OCS-MOBILE /Age gate and burger menu/month'  using regular expression

2019-06-21 16:55:00 - [TEST_STEP][PASSED] - delay(2): Delayed 2 second(s)

2019-06-21 16:55:02 - [MESSAGE][PASSED] - Delayed 2 second(s)

2019-06-21 16:55:02 - [TEST_STEP][PASSED] - selectOptionByValue(findTestObject("OCS-MOBILE /Age gate and burger menu/Year Dropdown"), "1990", true): All options with value '1990' are selected in object 'Object Repository/OCS-MOBILE /Age gate and burger menu/Year Dropdown'  using regular expression

2019-06-21 16:55:03 - [MESSAGE][PASSED] - All options with value '1990' are selected in object 'Object Repository/OCS-MOBILE /Age gate and burger menu/Year Dropdown'  using regular expression

2019-06-21 16:55:03 - [TEST_STEP][PASSED] - click(findTestObject("OCS-MOBILE /Age gate and Mega menu/button_Verify")): Object: 'Object Repository/OCS-MOBILE /Age gate and Mega menu/button_Verify' is clicked on

2019-06-21 16:55:08 - [MESSAGE][PASSED] - Object: 'Object Repository/OCS-MOBILE /Age gate and Mega menu/button_Verify' is clicked on

2019-06-21 16:55:08 - [TEST_STEP][PASSED] - click(findTestObject("OCS-MOBILE /Age gate and Mega menu/Checkbox_CONFIRM AND ACKNOWLEDGE")): Object: 'Object Repository/OCS-MOBILE /Age gate and Mega menu/Checkbox_CONFIRM AND ACKNOWLEDGE' is clicked on

2019-06-21 16:55:13 - [MESSAGE][PASSED] - Object: 'Object Repository/OCS-MOBILE /Age gate and Mega menu/Checkbox_CONFIRM AND ACKNOWLEDGE' is clicked on

2019-06-21 16:55:13 - [TEST_STEP][PASSED] - click(findTestObject("OCS-MOBILE /Age gate and Mega menu/button_CONFIRM")): Object: 'Object Repository/OCS-MOBILE /Age gate and Mega menu/button_CONFIRM' is clicked on

2019-06-21 16:55:19 - [MESSAGE][PASSED] - Object: 'Object Repository/OCS-MOBILE /Age gate and Mega menu/button_CONFIRM' is clicked on

2019-06-21 16:55:19 - [TEST_STEP][PASSED] - click(findTestObject("OCS-MOBILE /Age gate and Mega menu/button_Start Browsing")): Object: 'Object Repository/OCS-MOBILE /Age gate and Mega menu/button_Start Browsing' is clicked on

2019-06-21 16:55:24 - [MESSAGE][PASSED] - Object: 'Object Repository/OCS-MOBILE /Age gate and Mega menu/button_Start Browsing' is clicked on

2019-06-21 16:55:24 - [TEST_STEP][PASSED] - refresh(): Refresh successfully

2019-06-21 16:55:24 - [MESSAGE][PASSED] - Refresh successfully

2019-06-21 16:55:24 - [TEST_STEP][PASSED] - executeJavaScript("var previewBar = document.getElementById("preview-bar-iframe"); previewBar.style.display = "none";", []): Execute JavaScript 'var previewBar = document.getElementById("preview-bar-iframe"); previewBar.style.display = "none";' successfully

2019-06-21 16:55:27 - [MESSAGE][PASSED] - Execute JavaScript 'var previewBar = document.getElementById("preview-bar-iframe"); previewBar.style.display = "none";' successfully

2019-06-21 16:55:27 - [MESSAGE][PASSED] - Call Test Case 'Test Cases/OCS - MOBILE/CALL - AGE GATE' successfully

2019-06-21 16:55:27 - [TEST_STEP][PASSED] - delay(2): Delayed 2 second(s)

2019-06-21 16:55:29 - [MESSAGE][PASSED] - Delayed 2 second(s)

2019-06-21 16:55:29 - [TEST_STEP][PASSED] - click(findTestObject("OCS-MOBILE /Home - page/Screen readers link")): Object: 'Object Repository/OCS-MOBILE /Home - page/Screen readers link' is clicked on

2019-06-21 16:55:35 - [MESSAGE][PASSED] - Object: 'Object Repository/OCS-MOBILE /Home - page/Screen readers link' is clicked on

2019-06-21 16:55:35 - [TEST_STEP][FAILED] - flag = verifyTextPresent("Accessibility at the Ontario Cannabis Store (OCS)", false): flag = verifyTextPresent("Accessibility at the Ontario Cannabis Store (OCS)", false) FAILED.
Reason:
com.kms.katalon.core.exception.StepFailedException: Unable to verify text 'Accessibility at the Ontario Cannabis Store (OCS)' is present  (Root cause: com.kms.katalon.core.exception.StepFailedException: Text 'Accessibility at the Ontario Cannabis Store (OCS)' is not present on page )
	at com.kms.katalon.core.keyword.internal.KeywordMain.stepFailed(KeywordMain.groovy:36)
	at com.kms.katalon.core.webui.keyword.internal.WebUIKeywordMain.stepFailed(WebUIKeywordMain.groovy:65)
	at com.kms.katalon.core.webui.keyword.internal.WebUIKeywordMain.runKeyword(WebUIKeywordMain.groovy:27)
	at com.kms.katalon.core.webui.keyword.builtin.VerifyTextPresentKeyword.verifyTextPresent(VerifyTextPresentKeyword.groovy:83)
	at com.kms.katalon.core.webui.keyword.builtin.VerifyTextPresentKeyword.execute(VerifyTextPresentKeyword.groovy:68)
	at com.kms.katalon.core.keyword.internal.KeywordExecutor.executeKeywordForPlatform(KeywordExecutor.groovy:53)
	at com.kms.katalon.core.webui.keyword.WebUiBuiltInKeywords.verifyTextPresent(WebUiBuiltInKeywords.groovy:1693)
	at com.kms.katalon.core.webui.keyword.WebUiBuiltInKeywords$verifyTextPresent$11.call(Unknown Source)
	at Screen reader link.run(Screen reader link:22)
	at com.kms.katalon.core.main.ScriptEngine.run(ScriptEngine.java:194)
	at com.kms.katalon.core.main.ScriptEngine.runScriptAsRawText(ScriptEngine.java:119)
	at com.kms.katalon.core.main.TestCaseExecutor.runScript(TestCaseExecutor.java:328)
	at com.kms.katalon.core.main.TestCaseExecutor.doExecute(TestCaseExecutor.java:319)
	at com.kms.katalon.core.main.TestCaseExecutor.processExecutionPhase(TestCaseExecutor.java:298)
	at com.kms.katalon.core.main.TestCaseExecutor.accessMainPhase(TestCaseExecutor.java:290)
	at com.kms.katalon.core.main.TestCaseExecutor.execute(TestCaseExecutor.java:224)
	at com.kms.katalon.core.main.TestSuiteExecutor.accessTestCaseMainPhase(TestSuiteExecutor.java:129)
	at com.kms.katalon.core.main.TestSuiteExecutor.accessTestSuiteMainPhase(TestSuiteExecutor.java:112)
	at com.kms.katalon.core.main.TestSuiteExecutor.execute(TestSuiteExecutor.java:81)
	at com.kms.katalon.core.main.TestCaseMain.startTestSuite(TestCaseMain.java:149)
	at com.kms.katalon.core.main.TestCaseMain$startTestSuite$0.call(Unknown Source)
	at TempTestSuite1561150248290.run(TempTestSuite1561150248290.groovy:36)


2019-06-21 16:55:35 - [MESSAGE][FAILED] - Text 'Accessibility at the Ontario Cannabis Store (OCS)' is not present on page 

2019-06-21 16:55:36 - [MESSAGE][FAILED] - Unable to verify text 'Accessibility at the Ontario Cannabis Store (OCS)' is present  (Root cause: com.kms.katalon.core.exception.StepFailedException: Text 'Accessibility at the Ontario Cannabis Store (OCS)' is not present on page )
[[ATTACHMENT|/Users/sumankompelly/Relative xpath-Mobile/Reports/OCS - 1.11.0/20190621_165048/1561150535327.png]]

2019-06-21 16:55:36 - [MESSAGE][FAILED] - flag = verifyTextPresent("Accessibility at the Ontario Cannabis Store (OCS)", false) FAILED.
Reason:
com.kms.katalon.core.exception.StepFailedException: Unable to verify text 'Accessibility at the Ontario Cannabis Store (OCS)' is present  (Root cause: com.kms.katalon.core.exception.StepFailedException: Text 'Accessibility at the Ontario Cannabis Store (OCS)' is not present on page )
	at com.kms.katalon.core.keyword.internal.KeywordMain.stepFailed(KeywordMain.groovy:36)
	at com.kms.katalon.core.webui.keyword.internal.WebUIKeywordMain.stepFailed(WebUIKeywordMain.groovy:65)
	at com.kms.katalon.core.webui.keyword.internal.WebUIKeywordMain.runKeyword(WebUIKeywordMain.groovy:27)
	at com.kms.katalon.core.webui.keyword.builtin.VerifyTextPresentKeyword.verifyTextPresent(VerifyTextPresentKeyword.groovy:83)
	at com.kms.katalon.core.webui.keyword.builtin.VerifyTextPresentKeyword.execute(VerifyTextPresentKeyword.groovy:68)
	at com.kms.katalon.core.keyword.internal.KeywordExecutor.executeKeywordForPlatform(KeywordExecutor.groovy:53)
	at com.kms.katalon.core.webui.keyword.WebUiBuiltInKeywords.verifyTextPresent(WebUiBuiltInKeywords.groovy:1693)
	at com.kms.katalon.core.webui.keyword.WebUiBuiltInKeywords$verifyTextPresent$11.call(Unknown Source)
	at Screen reader link.run(Screen reader link:22)
	at com.kms.katalon.core.main.ScriptEngine.run(ScriptEngine.java:194)
	at com.kms.katalon.core.main.ScriptEngine.runScriptAsRawText(ScriptEngine.java:119)
	at com.kms.katalon.core.main.TestCaseExecutor.runScript(TestCaseExecutor.java:328)
	at com.kms.katalon.core.main.TestCaseExecutor.doExecute(TestCaseExecutor.java:319)
	at com.kms.katalon.core.main.TestCaseExecutor.processExecutionPhase(TestCaseExecutor.java:298)
	at com.kms.katalon.core.main.TestCaseExecutor.accessMainPhase(TestCaseExecutor.java:290)
	at com.kms.katalon.core.main.TestCaseExecutor.execute(TestCaseExecutor.java:224)
	at com.kms.katalon.core.main.TestSuiteExecutor.accessTestCaseMainPhase(TestSuiteExecutor.java:129)
	at com.kms.katalon.core.main.TestSuiteExecutor.accessTestSuiteMainPhase(TestSuiteExecutor.java:112)
	at com.kms.katalon.core.main.TestSuiteExecutor.execute(TestSuiteExecutor.java:81)
	at com.kms.katalon.core.main.TestCaseMain.startTestSuite(TestCaseMain.java:149)
	at com.kms.katalon.core.main.TestCaseMain$startTestSuite$0.call(Unknown Source)
	at TempTestSuite1561150248290.run(TempTestSuite1561150248290.groovy:36)]]></system-out>
         <system-err><![CDATA[2019-06-21 16:54:48 - [TEST_CASE][FAILED] - Test Cases/OCS - MOBILE/OCS- HOME PAGE/Screen reader link: Test Cases/OCS - MOBILE/OCS- HOME PAGE/Screen reader link FAILED.
Reason:
com.kms.katalon.core.exception.StepFailedException: Unable to verify text 'Accessibility at the Ontario Cannabis Store (OCS)' is present  (Root cause: com.kms.katalon.core.exception.StepFailedException: Text 'Accessibility at the Ontario Cannabis Store (OCS)' is not present on page )
	at com.kms.katalon.core.keyword.internal.KeywordMain.stepFailed(KeywordMain.groovy:36)
	at com.kms.katalon.core.webui.keyword.internal.WebUIKeywordMain.stepFailed(WebUIKeywordMain.groovy:65)
	at com.kms.katalon.core.webui.keyword.internal.WebUIKeywordMain.runKeyword(WebUIKeywordMain.groovy:27)
	at com.kms.katalon.core.webui.keyword.builtin.VerifyTextPresentKeyword.verifyTextPresent(VerifyTextPresentKeyword.groovy:83)
	at com.kms.katalon.core.webui.keyword.builtin.VerifyTextPresentKeyword.execute(VerifyTextPresentKeyword.groovy:68)
	at com.kms.katalon.core.keyword.internal.KeywordExecutor.executeKeywordForPlatform(KeywordExecutor.groovy:53)
	at com.kms.katalon.core.webui.keyword.WebUiBuiltInKeywords.verifyTextPresent(WebUiBuiltInKeywords.groovy:1693)
	at com.kms.katalon.core.webui.keyword.WebUiBuiltInKeywords$verifyTextPresent$11.call(Unknown Source)
	at Screen reader link.run(Screen reader link:22)
	at com.kms.katalon.core.main.ScriptEngine.run(ScriptEngine.java:194)
	at com.kms.katalon.core.main.ScriptEngine.runScriptAsRawText(ScriptEngine.java:119)
	at com.kms.katalon.core.main.TestCaseExecutor.runScript(TestCaseExecutor.java:328)
	at com.kms.katalon.core.main.TestCaseExecutor.doExecute(TestCaseExecutor.java:319)
	at com.kms.katalon.core.main.TestCaseExecutor.processExecutionPhase(TestCaseExecutor.java:298)
	at com.kms.katalon.core.main.TestCaseExecutor.accessMainPhase(TestCaseExecutor.java:290)
	at com.kms.katalon.core.main.TestCaseExecutor.execute(TestCaseExecutor.java:224)
	at com.kms.katalon.core.main.TestSuiteExecutor.accessTestCaseMainPhase(TestSuiteExecutor.java:129)
	at com.kms.katalon.core.main.TestSuiteExecutor.accessTestSuiteMainPhase(TestSuiteExecutor.java:112)
	at com.kms.katalon.core.main.TestSuiteExecutor.execute(TestSuiteExecutor.java:81)
	at com.kms.katalon.core.main.TestCaseMain.startTestSuite(TestCaseMain.java:149)
	at com.kms.katalon.core.main.TestCaseMain$startTestSuite$0.call(Unknown Source)
	at TempTestSuite1561150248290.run(TempTestSuite1561150248290.groovy:36)]]></system-err>
      </testcase>
      <testcase name="Test Cases/OCS - MOBILE/OCS- HOME PAGE/HP-Burger menu -cannabis" classname="Test Cases/OCS - MOBILE/OCS- HOME PAGE/HP-Burger menu -cannabis" status="FAILED">
         <failure type="FAILED" message="Test Cases/OCS - MOBILE/OCS- HOME PAGE/HP-Burger menu -cannabis FAILED.
Reason:
com.kms.katalon.core.exception.StepFailedException: Unable to click on object 'Object Repository/OCS-MOBILE /Age gate and burger menu/Burger menu - English' (Root cause: org.openqa.selenium.ElementNotVisibleException: element not interactable
  (Session info: chrome=75.0.3770.100)
  (Driver info: chromedriver=2.43.600229 (3fae4d0cda5334b4f533bede5a4787f7b832d052),platform=Mac OS X 10.13.6 x86_64) (WARNING: The server did not provide any stacktrace information)
Command duration or timeout: 0 milliseconds
Build info: version: '3.7.1', revision: '8a0099a', time: '2017-11-06T21:07:36.161Z'
System info: host: 'sumans-MacBook-Pro.local', ip: '2601:87:0:879f:0:0:0:1e84%en0', os.name: 'Mac OS X', os.arch: 'x86_64', os.version: '10.13.6', java.version: '1.8.0_181'
Driver info: com.kms.katalon.selenium.driver.CChromeDriver
Capabilities {acceptInsecureCerts: false, acceptSslCerts: false, applicationCacheEnabled: false, browserConnectionEnabled: false, browserName: chrome, chrome: {chromedriverVersion: 2.43.600229 (3fae4d0cda5334..., userDataDir: /var/folders/1t/c55l8xzs6gq...}, cssSelectorsEnabled: true, databaseEnabled: false, goog:chromeOptions: {debuggerAddress: localhost:49505}, handlesAlerts: true, hasTouchScreen: false, javascriptEnabled: true, locationContextEnabled: true, mobileEmulationEnabled: false, nativeEvents: true, networkConnectionEnabled: false, pageLoadStrategy: normal, platform: MAC, platformName: MAC, rotatable: false, setWindowRect: true, takesHeapSnapshot: true, takesScreenshot: true, unexpectedAlertBehaviour: , unhandledPromptBehavior: , version: 75.0.3770.100, webStorageEnabled: true}
Session ID: 73fbb9d0c58d174b4612242734484c68)
	at com.kms.katalon.core.keyword.internal.KeywordMain.stepFailed(KeywordMain.groovy:32)
	at com.kms.katalon.core.webui.keyword.internal.WebUIKeywordMain.stepFailed(WebUIKeywordMain.groovy:65)
	at com.kms.katalon.core.webui.keyword.internal.WebUIKeywordMain.runKeyword(WebUIKeywordMain.groovy:27)
	at com.kms.katalon.core.webui.keyword.builtin.ClickKeyword.click(ClickKeyword.groovy:86)
	at com.kms.katalon.core.webui.keyword.builtin.ClickKeyword.execute(ClickKeyword.groovy:67)
	at com.kms.katalon.core.keyword.internal.KeywordExecutor.executeKeywordForPlatform(KeywordExecutor.groovy:53)
	at com.kms.katalon.core.webui.keyword.WebUiBuiltInKeywords.click(WebUiBuiltInKeywords.groovy:604)
	at com.kms.katalon.core.webui.keyword.WebUiBuiltInKeywords$click$7.call(Unknown Source)
	at HP-Burger menu -cannabis.run(HP-Burger menu -cannabis:194)
	at com.kms.katalon.core.main.ScriptEngine.run(ScriptEngine.java:194)
	at com.kms.katalon.core.main.ScriptEngine.runScriptAsRawText(ScriptEngine.java:119)
	at com.kms.katalon.core.main.TestCaseExecutor.runScript(TestCaseExecutor.java:328)
	at com.kms.katalon.core.main.TestCaseExecutor.doExecute(TestCaseExecutor.java:319)
	at com.kms.katalon.core.main.TestCaseExecutor.processExecutionPhase(TestCaseExecutor.java:298)
	at com.kms.katalon.core.main.TestCaseExecutor.accessMainPhase(TestCaseExecutor.java:290)
	at com.kms.katalon.core.main.TestCaseExecutor.execute(TestCaseExecutor.java:224)
	at com.kms.katalon.core.main.TestSuiteExecutor.accessTestCaseMainPhase(TestSuiteExecutor.java:129)
	at com.kms.katalon.core.main.TestSuiteExecutor.accessTestSuiteMainPhase(TestSuiteExecutor.java:112)
	at com.kms.katalon.core.main.TestSuiteExecutor.execute(TestSuiteExecutor.java:81)
	at com.kms.katalon.core.main.TestCaseMain.startTestSuite(TestCaseMain.java:149)
	at com.kms.katalon.core.main.TestCaseMain$startTestSuite$0.call(Unknown Source)
	at TempTestSuite1561150248290.run(TempTestSuite1561150248290.groovy:36)
"/>
         <system-out><![CDATA[2019-06-21 16:55:36 - [TEST_CASE][FAILED] - Test Cases/OCS - MOBILE/OCS- HOME PAGE/HP-Burger menu -cannabis: Test Cases/OCS - MOBILE/OCS- HOME PAGE/HP-Burger menu -cannabis FAILED.
Reason:
com.kms.katalon.core.exception.StepFailedException: Unable to click on object 'Object Repository/OCS-MOBILE /Age gate and burger menu/Burger menu - English' (Root cause: org.openqa.selenium.ElementNotVisibleException: element not interactable
  (Session info: chrome=75.0.3770.100)
  (Driver info: chromedriver=2.43.600229 (3fae4d0cda5334b4f533bede5a4787f7b832d052),platform=Mac OS X 10.13.6 x86_64) (WARNING: The server did not provide any stacktrace information)
Command duration or timeout: 0 milliseconds
Build info: version: '3.7.1', revision: '8a0099a', time: '2017-11-06T21:07:36.161Z'
System info: host: 'sumans-MacBook-Pro.local', ip: '2601:87:0:879f:0:0:0:1e84%en0', os.name: 'Mac OS X', os.arch: 'x86_64', os.version: '10.13.6', java.version: '1.8.0_181'
Driver info: com.kms.katalon.selenium.driver.CChromeDriver
Capabilities {acceptInsecureCerts: false, acceptSslCerts: false, applicationCacheEnabled: false, browserConnectionEnabled: false, browserName: chrome, chrome: {chromedriverVersion: 2.43.600229 (3fae4d0cda5334..., userDataDir: /var/folders/1t/c55l8xzs6gq...}, cssSelectorsEnabled: true, databaseEnabled: false, goog:chromeOptions: {debuggerAddress: localhost:49505}, handlesAlerts: true, hasTouchScreen: false, javascriptEnabled: true, locationContextEnabled: true, mobileEmulationEnabled: false, nativeEvents: true, networkConnectionEnabled: false, pageLoadStrategy: normal, platform: MAC, platformName: MAC, rotatable: false, setWindowRect: true, takesHeapSnapshot: true, takesScreenshot: true, unexpectedAlertBehaviour: , unhandledPromptBehavior: , version: 75.0.3770.100, webStorageEnabled: true}
Session ID: 73fbb9d0c58d174b4612242734484c68)
	at com.kms.katalon.core.keyword.internal.KeywordMain.stepFailed(KeywordMain.groovy:32)
	at com.kms.katalon.core.webui.keyword.internal.WebUIKeywordMain.stepFailed(WebUIKeywordMain.groovy:65)
	at com.kms.katalon.core.webui.keyword.internal.WebUIKeywordMain.runKeyword(WebUIKeywordMain.groovy:27)
	at com.kms.katalon.core.webui.keyword.builtin.ClickKeyword.click(ClickKeyword.groovy:86)
	at com.kms.katalon.core.webui.keyword.builtin.ClickKeyword.execute(ClickKeyword.groovy:67)
	at com.kms.katalon.core.keyword.internal.KeywordExecutor.executeKeywordForPlatform(KeywordExecutor.groovy:53)
	at com.kms.katalon.core.webui.keyword.WebUiBuiltInKeywords.click(WebUiBuiltInKeywords.groovy:604)
	at com.kms.katalon.core.webui.keyword.WebUiBuiltInKeywords$click$7.call(Unknown Source)
	at HP-Burger menu -cannabis.run(HP-Burger menu -cannabis:194)
	at com.kms.katalon.core.main.ScriptEngine.run(ScriptEngine.java:194)
	at com.kms.katalon.core.main.ScriptEngine.runScriptAsRawText(ScriptEngine.java:119)
	at com.kms.katalon.core.main.TestCaseExecutor.runScript(TestCaseExecutor.java:328)
	at com.kms.katalon.core.main.TestCaseExecutor.doExecute(TestCaseExecutor.java:319)
	at com.kms.katalon.core.main.TestCaseExecutor.processExecutionPhase(TestCaseExecutor.java:298)
	at com.kms.katalon.core.main.TestCaseExecutor.accessMainPhase(TestCaseExecutor.java:290)
	at com.kms.katalon.core.main.TestCaseExecutor.execute(TestCaseExecutor.java:224)
	at com.kms.katalon.core.main.TestSuiteExecutor.accessTestCaseMainPhase(TestSuiteExecutor.java:129)
	at com.kms.katalon.core.main.TestSuiteExecutor.accessTestSuiteMainPhase(TestSuiteExecutor.java:112)
	at com.kms.katalon.core.main.TestSuiteExecutor.execute(TestSuiteExecutor.java:81)
	at com.kms.katalon.core.main.TestCaseMain.startTestSuite(TestCaseMain.java:149)
	at com.kms.katalon.core.main.TestCaseMain$startTestSuite$0.call(Unknown Source)
	at TempTestSuite1561150248290.run(TempTestSuite1561150248290.groovy:36)


2019-06-21 16:55:36 - [TEST_STEP][PASSED] - callTestCase(findTestCase("OCS - MOBILE/CALL - AGE GATE"), [:], STOP_ON_FAILURE): Call Test Case 'Test Cases/OCS - MOBILE/CALL - AGE GATE' successfully

2019-06-21 16:55:36 - [TEST_CASE][PASSED] - Test Cases/OCS - MOBILE/CALL - AGE GATE: Test Cases/OCS - MOBILE/CALL - AGE GATE

2019-06-21 16:55:36 - [TEST_STEP][PASSED] - openBrowser(""): Browser is opened with url: ''

2019-06-21 16:55:36 - [MESSAGE][WARNING] - A browser is already opened. Closing browser and opening a new one

2019-06-21 16:55:36 - [MESSAGE][INFO] - Starting 'Chrome' driver

2019-06-21 16:55:37 - [MESSAGE][PASSED] - Browser is opened with url: ''

2019-06-21 16:55:37 - [TEST_STEP][PASSED] - navigateToUrl("https://ocs.ca/?fts=0&preview_theme_id=74057975628"): Navigate to 'https://ocs.ca/?fts=0&preview_theme_id=74057975628' successfully

2019-06-21 16:55:42 - [MESSAGE][PASSED] - Navigate to 'https://ocs.ca/?fts=0&preview_theme_id=74057975628' successfully

2019-06-21 16:55:42 - [TEST_STEP][PASSED] - executeJavaScript("var previewBar = document.getElementById("preview-bar-iframe"); previewBar.style.display = "none";", []): Execute JavaScript 'var previewBar = document.getElementById("preview-bar-iframe"); previewBar.style.display = "none";' successfully

2019-06-21 16:55:42 - [MESSAGE][PASSED] - Execute JavaScript 'var previewBar = document.getElementById("preview-bar-iframe"); previewBar.style.display = "none";' successfully

2019-06-21 16:55:42 - [TEST_STEP][PASSED] - setViewPortSize(360, 800): Viewport is set to new size with width = 360 and height = 800

2019-06-21 16:55:42 - [MESSAGE][PASSED] - Viewport is set to new size with width = 360 and height = 800

2019-06-21 16:55:42 - [TEST_STEP][PASSED] - delay(4): Delayed 4 second(s)

2019-06-21 16:55:46 - [MESSAGE][PASSED] - Delayed 4 second(s)

2019-06-21 16:55:46 - [TEST_STEP][PASSED] - selectOptionByValue(findTestObject("OCS-MOBILE /Age gate and burger menu/Date"), "12", true): All options with value '12' are selected in object 'Object Repository/OCS-MOBILE /Age gate and burger menu/Date'  using regular expression

2019-06-21 16:55:47 - [MESSAGE][PASSED] - All options with value '12' are selected in object 'Object Repository/OCS-MOBILE /Age gate and burger menu/Date'  using regular expression

2019-06-21 16:55:47 - [TEST_STEP][PASSED] - selectOptionByValue(findTestObject("OCS-MOBILE /Age gate and burger menu/month"), "6", true): All options with value '6' are selected in object 'Object Repository/OCS-MOBILE /Age gate and burger menu/month'  using regular expression

2019-06-21 16:55:47 - [MESSAGE][PASSED] - All options with value '6' are selected in object 'Object Repository/OCS-MOBILE /Age gate and burger menu/month'  using regular expression

2019-06-21 16:55:47 - [TEST_STEP][PASSED] - delay(2): Delayed 2 second(s)

2019-06-21 16:55:49 - [MESSAGE][PASSED] - Delayed 2 second(s)

2019-06-21 16:55:49 - [TEST_STEP][PASSED] - selectOptionByValue(findTestObject("OCS-MOBILE /Age gate and burger menu/Year Dropdown"), "1990", true): All options with value '1990' are selected in object 'Object Repository/OCS-MOBILE /Age gate and burger menu/Year Dropdown'  using regular expression

2019-06-21 16:55:50 - [MESSAGE][PASSED] - All options with value '1990' are selected in object 'Object Repository/OCS-MOBILE /Age gate and burger menu/Year Dropdown'  using regular expression

2019-06-21 16:55:50 - [TEST_STEP][PASSED] - click(findTestObject("OCS-MOBILE /Age gate and Mega menu/button_Verify")): Object: 'Object Repository/OCS-MOBILE /Age gate and Mega menu/button_Verify' is clicked on

2019-06-21 16:55:50 - [MESSAGE][PASSED] - Object: 'Object Repository/OCS-MOBILE /Age gate and Mega menu/button_Verify' is clicked on

2019-06-21 16:55:50 - [TEST_STEP][PASSED] - click(findTestObject("OCS-MOBILE /Age gate and Mega menu/Checkbox_CONFIRM AND ACKNOWLEDGE")): Object: 'Object Repository/OCS-MOBILE /Age gate and Mega menu/Checkbox_CONFIRM AND ACKNOWLEDGE' is clicked on

2019-06-21 16:55:50 - [MESSAGE][PASSED] - Object: 'Object Repository/OCS-MOBILE /Age gate and Mega menu/Checkbox_CONFIRM AND ACKNOWLEDGE' is clicked on

2019-06-21 16:55:50 - [TEST_STEP][PASSED] - click(findTestObject("OCS-MOBILE /Age gate and Mega menu/button_CONFIRM")): Object: 'Object Repository/OCS-MOBILE /Age gate and Mega menu/button_CONFIRM' is clicked on

2019-06-21 16:55:50 - [MESSAGE][PASSED] - Object: 'Object Repository/OCS-MOBILE /Age gate and Mega menu/button_CONFIRM' is clicked on

2019-06-21 16:55:50 - [TEST_STEP][PASSED] - click(findTestObject("OCS-MOBILE /Age gate and Mega menu/button_Start Browsing")): Object: 'Object Repository/OCS-MOBILE /Age gate and Mega menu/button_Start Browsing' is clicked on

2019-06-21 16:55:50 - [MESSAGE][PASSED] - Object: 'Object Repository/OCS-MOBILE /Age gate and Mega menu/button_Start Browsing' is clicked on

2019-06-21 16:55:50 - [TEST_STEP][PASSED] - refresh(): Refresh successfully

2019-06-21 16:55:50 - [MESSAGE][PASSED] - Refresh successfully

2019-06-21 16:55:50 - [TEST_STEP][PASSED] - executeJavaScript("var previewBar = document.getElementById("preview-bar-iframe"); previewBar.style.display = "none";", []): Execute JavaScript 'var previewBar = document.getElementById("preview-bar-iframe"); previewBar.style.display = "none";' successfully

2019-06-21 16:55:54 - [MESSAGE][PASSED] - Execute JavaScript 'var previewBar = document.getElementById("preview-bar-iframe"); previewBar.style.display = "none";' successfully

2019-06-21 16:55:54 - [MESSAGE][PASSED] - Call Test Case 'Test Cases/OCS - MOBILE/CALL - AGE GATE' successfully

2019-06-21 16:55:54 - [TEST_STEP][PASSED] - delay(2): Delayed 2 second(s)

2019-06-21 16:55:56 - [MESSAGE][PASSED] - Delayed 2 second(s)

2019-06-21 16:55:56 - [TEST_STEP][PASSED] - click(findTestObject("OCS-MOBILE /Age gate and burger menu/Burger menu - English"), CONTINUE_ON_FAILURE): Object: 'Object Repository/OCS-MOBILE /Age gate and burger menu/Burger menu - English' is clicked on

2019-06-21 16:55:56 - [MESSAGE][PASSED] - Object: 'Object Repository/OCS-MOBILE /Age gate and burger menu/Burger menu - English' is clicked on

2019-06-21 16:55:56 - [TEST_STEP][PASSED] - delay(2, CONTINUE_ON_FAILURE): Delayed 2 second(s)

2019-06-21 16:55:58 - [MESSAGE][PASSED] - Delayed 2 second(s)

2019-06-21 16:55:58 - [TEST_STEP][PASSED] - click(findTestObject("OCS-MOBILE /Age gate and burger menu/Chevron_Cannabis")): Object: 'Object Repository/OCS-MOBILE /Age gate and burger menu/Chevron_Cannabis' is clicked on

2019-06-21 16:55:58 - [MESSAGE][PASSED] - Object: 'Object Repository/OCS-MOBILE /Age gate and burger menu/Chevron_Cannabis' is clicked on

2019-06-21 16:55:58 - [TEST_STEP][PASSED] - delay(1, CONTINUE_ON_FAILURE): Delayed 1 second(s)

2019-06-21 16:55:59 - [MESSAGE][PASSED] - Delayed 1 second(s)

2019-06-21 16:55:59 - [TEST_STEP][PASSED] - click(findTestObject("OCS-MOBILE /Cannabis page/Dried flower")): Object: 'Object Repository/OCS-MOBILE /Cannabis page/Dried flower' is clicked on

2019-06-21 16:55:59 - [MESSAGE][PASSED] - Object: 'Object Repository/OCS-MOBILE /Cannabis page/Dried flower' is clicked on

2019-06-21 16:55:59 - [TEST_STEP][PASSED] - delay(1, CONTINUE_ON_FAILURE): Delayed 1 second(s)

2019-06-21 16:56:00 - [MESSAGE][PASSED] - Delayed 1 second(s)

2019-06-21 16:56:00 - [TEST_STEP][PASSED] - click(findTestObject("OCS-MOBILE /Cannabis page/Dried flower")): Object: 'Object Repository/OCS-MOBILE /Cannabis page/Dried flower' is clicked on

2019-06-21 16:56:00 - [MESSAGE][PASSED] - Object: 'Object Repository/OCS-MOBILE /Cannabis page/Dried flower' is clicked on

2019-06-21 16:56:00 - [TEST_STEP][PASSED] - delay(1, CONTINUE_ON_FAILURE): Delayed 1 second(s)

2019-06-21 16:56:01 - [MESSAGE][PASSED] - Delayed 1 second(s)

2019-06-21 16:56:01 - [TEST_STEP][PASSED] - click(findTestObject("OCS-MOBILE /Cannabis page/Dried flower")): Object: 'Object Repository/OCS-MOBILE /Cannabis page/Dried flower' is clicked on

2019-06-21 16:56:01 - [MESSAGE][PASSED] - Object: 'Object Repository/OCS-MOBILE /Cannabis page/Dried flower' is clicked on

2019-06-21 16:56:01 - [TEST_STEP][PASSED] - delay(1, CONTINUE_ON_FAILURE): Delayed 1 second(s)

2019-06-21 16:56:02 - [MESSAGE][PASSED] - Delayed 1 second(s)

2019-06-21 16:56:02 - [TEST_STEP][PASSED] - click(findTestObject("OCS-MOBILE /Cannabis page/Dried flower - Indica dominant")): Object: 'Object Repository/OCS-MOBILE /Cannabis page/Dried flower - Indica dominant' is clicked on

2019-06-21 16:56:04 - [MESSAGE][PASSED] - Object: 'Object Repository/OCS-MOBILE /Cannabis page/Dried flower - Indica dominant' is clicked on

2019-06-21 16:56:04 - [TEST_STEP][PASSED] - delay(1, CONTINUE_ON_FAILURE): Delayed 1 second(s)

2019-06-21 16:56:05 - [MESSAGE][PASSED] - Delayed 1 second(s)

2019-06-21 16:56:05 - [TEST_STEP][PASSED] - click(findTestObject("OCS-MOBILE /Age gate and burger menu/Burger menu - English"), CONTINUE_ON_FAILURE): Object: 'Object Repository/OCS-MOBILE /Age gate and burger menu/Burger menu - English' is clicked on

2019-06-21 16:56:05 - [MESSAGE][PASSED] - Object: 'Object Repository/OCS-MOBILE /Age gate and burger menu/Burger menu - English' is clicked on

2019-06-21 16:56:05 - [TEST_STEP][PASSED] - delay(2, CONTINUE_ON_FAILURE): Delayed 2 second(s)

2019-06-21 16:56:07 - [MESSAGE][PASSED] - Delayed 2 second(s)

2019-06-21 16:56:07 - [TEST_STEP][PASSED] - click(findTestObject("OCS-MOBILE /Age gate and burger menu/Chevron_Cannabis")): Object: 'Object Repository/OCS-MOBILE /Age gate and burger menu/Chevron_Cannabis' is clicked on

2019-06-21 16:56:07 - [MESSAGE][PASSED] - Object: 'Object Repository/OCS-MOBILE /Age gate and burger menu/Chevron_Cannabis' is clicked on

2019-06-21 16:56:07 - [TEST_STEP][PASSED] - delay(1, CONTINUE_ON_FAILURE): Delayed 1 second(s)

2019-06-21 16:56:08 - [MESSAGE][PASSED] - Delayed 1 second(s)

2019-06-21 16:56:08 - [TEST_STEP][PASSED] - click(findTestObject("OCS-MOBILE /Cannabis page/Dried flower")): Object: 'Object Repository/OCS-MOBILE /Cannabis page/Dried flower' is clicked on

2019-06-21 16:56:08 - [MESSAGE][PASSED] - Object: 'Object Repository/OCS-MOBILE /Cannabis page/Dried flower' is clicked on

2019-06-21 16:56:08 - [TEST_STEP][PASSED] - delay(1, CONTINUE_ON_FAILURE): Delayed 1 second(s)

2019-06-21 16:56:09 - [MESSAGE][PASSED] - Delayed 1 second(s)

2019-06-21 16:56:09 - [TEST_STEP][PASSED] - click(findTestObject("OCS-MOBILE /Cannabis page/Dried flower - sativa dominant")): Object: 'Object Repository/OCS-MOBILE /Cannabis page/Dried flower - sativa dominant' is clicked on

2019-06-21 16:56:11 - [MESSAGE][PASSED] - Object: 'Object Repository/OCS-MOBILE /Cannabis page/Dried flower - sativa dominant' is clicked on

2019-06-21 16:56:11 - [TEST_STEP][PASSED] - delay(1, CONTINUE_ON_FAILURE): Delayed 1 second(s)

2019-06-21 16:56:12 - [MESSAGE][PASSED] - Delayed 1 second(s)

2019-06-21 16:56:12 - [TEST_STEP][PASSED] - delay(1, CONTINUE_ON_FAILURE): Delayed 1 second(s)

2019-06-21 16:56:13 - [MESSAGE][PASSED] - Delayed 1 second(s)

2019-06-21 16:56:13 - [TEST_STEP][PASSED] - click(findTestObject("OCS-MOBILE /Age gate and burger menu/Burger menu - English"), CONTINUE_ON_FAILURE): Object: 'Object Repository/OCS-MOBILE /Age gate and burger menu/Burger menu - English' is clicked on

2019-06-21 16:56:13 - [MESSAGE][PASSED] - Object: 'Object Repository/OCS-MOBILE /Age gate and burger menu/Burger menu - English' is clicked on

2019-06-21 16:56:13 - [TEST_STEP][PASSED] - delay(2, CONTINUE_ON_FAILURE): Delayed 2 second(s)

2019-06-21 16:56:15 - [MESSAGE][PASSED] - Delayed 2 second(s)

2019-06-21 16:56:15 - [TEST_STEP][PASSED] - click(findTestObject("OCS-MOBILE /Age gate and burger menu/Chevron_Cannabis")): Object: 'Object Repository/OCS-MOBILE /Age gate and burger menu/Chevron_Cannabis' is clicked on

2019-06-21 16:56:15 - [MESSAGE][PASSED] - Object: 'Object Repository/OCS-MOBILE /Age gate and burger menu/Chevron_Cannabis' is clicked on

2019-06-21 16:56:15 - [TEST_STEP][PASSED] - delay(1, CONTINUE_ON_FAILURE): Delayed 1 second(s)

2019-06-21 16:56:16 - [MESSAGE][PASSED] - Delayed 1 second(s)

2019-06-21 16:56:16 - [TEST_STEP][PASSED] - click(findTestObject("OCS-MOBILE /Cannabis page/Dried flower")): Object: 'Object Repository/OCS-MOBILE /Cannabis page/Dried flower' is clicked on

2019-06-21 16:56:17 - [MESSAGE][PASSED] - Object: 'Object Repository/OCS-MOBILE /Cannabis page/Dried flower' is clicked on

2019-06-21 16:56:17 - [TEST_STEP][PASSED] - delay(1, CONTINUE_ON_FAILURE): Delayed 1 second(s)

2019-06-21 16:56:18 - [MESSAGE][PASSED] - Delayed 1 second(s)

2019-06-21 16:56:18 - [TEST_STEP][PASSED] - click(findTestObject("OCS-MOBILE /Cannabis page/Dried flower - Hybrid")): Object: 'Object Repository/OCS-MOBILE /Cannabis page/Dried flower - Hybrid' is clicked on

2019-06-21 16:56:20 - [MESSAGE][PASSED] - Object: 'Object Repository/OCS-MOBILE /Cannabis page/Dried flower - Hybrid' is clicked on

2019-06-21 16:56:20 - [TEST_STEP][PASSED] - delay(1, CONTINUE_ON_FAILURE): Delayed 1 second(s)

2019-06-21 16:56:21 - [MESSAGE][PASSED] - Delayed 1 second(s)

2019-06-21 16:56:21 - [TEST_STEP][PASSED] - click(findTestObject("OCS-MOBILE /Age gate and burger menu/Burger menu - English"), CONTINUE_ON_FAILURE): Object: 'Object Repository/OCS-MOBILE /Age gate and burger menu/Burger menu - English' is clicked on

2019-06-21 16:56:21 - [MESSAGE][PASSED] - Object: 'Object Repository/OCS-MOBILE /Age gate and burger menu/Burger menu - English' is clicked on

2019-06-21 16:56:21 - [TEST_STEP][PASSED] - delay(2, CONTINUE_ON_FAILURE): Delayed 2 second(s)

2019-06-21 16:56:23 - [MESSAGE][PASSED] - Delayed 2 second(s)

2019-06-21 16:56:23 - [TEST_STEP][PASSED] - click(findTestObject("OCS-MOBILE /Age gate and burger menu/Chevron_Cannabis")): Object: 'Object Repository/OCS-MOBILE /Age gate and burger menu/Chevron_Cannabis' is clicked on

2019-06-21 16:56:23 - [MESSAGE][PASSED] - Object: 'Object Repository/OCS-MOBILE /Age gate and burger menu/Chevron_Cannabis' is clicked on

2019-06-21 16:56:23 - [TEST_STEP][PASSED] - delay(1, CONTINUE_ON_FAILURE): Delayed 1 second(s)

2019-06-21 16:56:24 - [MESSAGE][PASSED] - Delayed 1 second(s)

2019-06-21 16:56:24 - [TEST_STEP][PASSED] - click(findTestObject("OCS-MOBILE /Cannabis page/Dried flower")): Object: 'Object Repository/OCS-MOBILE /Cannabis page/Dried flower' is clicked on

2019-06-21 16:56:24 - [MESSAGE][PASSED] - Object: 'Object Repository/OCS-MOBILE /Cannabis page/Dried flower' is clicked on

2019-06-21 16:56:24 - [TEST_STEP][PASSED] - delay(1, CONTINUE_ON_FAILURE): Delayed 1 second(s)

2019-06-21 16:56:25 - [MESSAGE][PASSED] - Delayed 1 second(s)

2019-06-21 16:56:25 - [TEST_STEP][PASSED] - click(findTestObject("OCS-MOBILE /Cannabis page/Shop all dried flower")): Object: 'Object Repository/OCS-MOBILE /Cannabis page/Shop all dried flower' is clicked on

2019-06-21 16:56:27 - [MESSAGE][PASSED] - Object: 'Object Repository/OCS-MOBILE /Cannabis page/Shop all dried flower' is clicked on

2019-06-21 16:56:27 - [TEST_STEP][PASSED] - delay(1, CONTINUE_ON_FAILURE): Delayed 1 second(s)

2019-06-21 16:56:28 - [MESSAGE][PASSED] - Delayed 1 second(s)

2019-06-21 16:56:28 - [TEST_STEP][PASSED] - click(findTestObject("OCS-MOBILE /Age gate and burger menu/Burger menu - English"), CONTINUE_ON_FAILURE): Object: 'Object Repository/OCS-MOBILE /Age gate and burger menu/Burger menu - English' is clicked on

2019-06-21 16:56:28 - [MESSAGE][PASSED] - Object: 'Object Repository/OCS-MOBILE /Age gate and burger menu/Burger menu - English' is clicked on

2019-06-21 16:56:28 - [TEST_STEP][PASSED] - delay(2, CONTINUE_ON_FAILURE): Delayed 2 second(s)

2019-06-21 16:56:30 - [MESSAGE][PASSED] - Delayed 2 second(s)

2019-06-21 16:56:30 - [TEST_STEP][PASSED] - click(findTestObject("OCS-MOBILE /Age gate and burger menu/Chevron_Cannabis")): Object: 'Object Repository/OCS-MOBILE /Age gate and burger menu/Chevron_Cannabis' is clicked on

2019-06-21 16:56:31 - [MESSAGE][PASSED] - Object: 'Object Repository/OCS-MOBILE /Age gate and burger menu/Chevron_Cannabis' is clicked on

2019-06-21 16:56:31 - [TEST_STEP][PASSED] - delay(1, CONTINUE_ON_FAILURE): Delayed 1 second(s)

2019-06-21 16:56:32 - [MESSAGE][PASSED] - Delayed 1 second(s)

2019-06-21 16:56:32 - [TEST_STEP][PASSED] - click(findTestObject("OCS-MOBILE /Cannabis page/Prerolled - Plus accordian")): Object: 'Object Repository/OCS-MOBILE /Cannabis page/Prerolled - Plus accordian' is clicked on

2019-06-21 16:56:32 - [MESSAGE][PASSED] - Object: 'Object Repository/OCS-MOBILE /Cannabis page/Prerolled - Plus accordian' is clicked on

2019-06-21 16:56:32 - [TEST_STEP][PASSED] - delay(1, CONTINUE_ON_FAILURE): Delayed 1 second(s)

2019-06-21 16:56:33 - [MESSAGE][PASSED] - Delayed 1 second(s)

2019-06-21 16:56:33 - [TEST_STEP][PASSED] - click(findTestObject("OCS-MOBILE /Cannabis page/Prerolled - Plus accordian")): Object: 'Object Repository/OCS-MOBILE /Cannabis page/Prerolled - Plus accordian' is clicked on

2019-06-21 16:56:33 - [MESSAGE][PASSED] - Object: 'Object Repository/OCS-MOBILE /Cannabis page/Prerolled - Plus accordian' is clicked on

2019-06-21 16:56:33 - [TEST_STEP][PASSED] - delay(1, CONTINUE_ON_FAILURE): Delayed 1 second(s)

2019-06-21 16:56:34 - [MESSAGE][PASSED] - Delayed 1 second(s)

2019-06-21 16:56:34 - [TEST_STEP][PASSED] - click(findTestObject("OCS-MOBILE /Cannabis page/Prerolled - Plus accordian")): Object: 'Object Repository/OCS-MOBILE /Cannabis page/Prerolled - Plus accordian' is clicked on

2019-06-21 16:56:34 - [MESSAGE][PASSED] - Object: 'Object Repository/OCS-MOBILE /Cannabis page/Prerolled - Plus accordian' is clicked on

2019-06-21 16:56:34 - [TEST_STEP][PASSED] - delay(1, CONTINUE_ON_FAILURE): Delayed 1 second(s)

2019-06-21 16:56:35 - [MESSAGE][PASSED] - Delayed 1 second(s)

2019-06-21 16:56:35 - [TEST_STEP][PASSED] - click(findTestObject("OCS-MOBILE /Cannabis page/Prerolled - Indica dominant")): Object: 'Object Repository/OCS-MOBILE /Cannabis page/Prerolled - Indica dominant' is clicked on

2019-06-21 16:56:37 - [MESSAGE][PASSED] - Object: 'Object Repository/OCS-MOBILE /Cannabis page/Prerolled - Indica dominant' is clicked on

2019-06-21 16:56:37 - [TEST_STEP][PASSED] - delay(1, CONTINUE_ON_FAILURE): Delayed 1 second(s)

2019-06-21 16:56:38 - [MESSAGE][PASSED] - Delayed 1 second(s)

2019-06-21 16:56:38 - [TEST_STEP][PASSED] - click(findTestObject("OCS-MOBILE /Age gate and burger menu/Burger menu - English"), CONTINUE_ON_FAILURE): Object: 'Object Repository/OCS-MOBILE /Age gate and burger menu/Burger menu - English' is clicked on

2019-06-21 16:56:38 - [MESSAGE][PASSED] - Object: 'Object Repository/OCS-MOBILE /Age gate and burger menu/Burger menu - English' is clicked on

2019-06-21 16:56:38 - [TEST_STEP][PASSED] - delay(2, CONTINUE_ON_FAILURE): Delayed 2 second(s)

2019-06-21 16:56:40 - [MESSAGE][PASSED] - Delayed 2 second(s)

2019-06-21 16:56:40 - [TEST_STEP][PASSED] - click(findTestObject("OCS-MOBILE /Age gate and burger menu/Chevron_Cannabis")): Object: 'Object Repository/OCS-MOBILE /Age gate and burger menu/Chevron_Cannabis' is clicked on

2019-06-21 16:56:40 - [MESSAGE][PASSED] - Object: 'Object Repository/OCS-MOBILE /Age gate and burger menu/Chevron_Cannabis' is clicked on

2019-06-21 16:56:40 - [TEST_STEP][PASSED] - delay(1, CONTINUE_ON_FAILURE): Delayed 1 second(s)

2019-06-21 16:56:41 - [MESSAGE][PASSED] - Delayed 1 second(s)

2019-06-21 16:56:41 - [TEST_STEP][PASSED] - click(findTestObject("OCS-MOBILE /Cannabis page/Prerolled - Plus accordian")): Object: 'Object Repository/OCS-MOBILE /Cannabis page/Prerolled - Plus accordian' is clicked on

2019-06-21 16:56:41 - [MESSAGE][PASSED] - Object: 'Object Repository/OCS-MOBILE /Cannabis page/Prerolled - Plus accordian' is clicked on

2019-06-21 16:56:41 - [TEST_STEP][PASSED] - delay(1, CONTINUE_ON_FAILURE): Delayed 1 second(s)

2019-06-21 16:56:42 - [MESSAGE][PASSED] - Delayed 1 second(s)

2019-06-21 16:56:42 - [TEST_STEP][PASSED] - click(findTestObject("OCS-MOBILE /Cannabis page/Prerolled - sativa dominant")): Object: 'Object Repository/OCS-MOBILE /Cannabis page/Prerolled - sativa dominant' is clicked on

2019-06-21 16:56:44 - [MESSAGE][PASSED] - Object: 'Object Repository/OCS-MOBILE /Cannabis page/Prerolled - sativa dominant' is clicked on

2019-06-21 16:56:44 - [TEST_STEP][PASSED] - delay(1, CONTINUE_ON_FAILURE): Delayed 1 second(s)

2019-06-21 16:56:45 - [MESSAGE][PASSED] - Delayed 1 second(s)

2019-06-21 16:56:45 - [TEST_STEP][PASSED] - click(findTestObject("OCS-MOBILE /Age gate and burger menu/Burger menu - English"), CONTINUE_ON_FAILURE): Object: 'Object Repository/OCS-MOBILE /Age gate and burger menu/Burger menu - English' is clicked on

2019-06-21 16:56:45 - [MESSAGE][PASSED] - Object: 'Object Repository/OCS-MOBILE /Age gate and burger menu/Burger menu - English' is clicked on

2019-06-21 16:56:45 - [TEST_STEP][PASSED] - delay(2, CONTINUE_ON_FAILURE): Delayed 2 second(s)

2019-06-21 16:56:47 - [MESSAGE][PASSED] - Delayed 2 second(s)

2019-06-21 16:56:47 - [TEST_STEP][PASSED] - click(findTestObject("OCS-MOBILE /Age gate and burger menu/Chevron_Cannabis")): Object: 'Object Repository/OCS-MOBILE /Age gate and burger menu/Chevron_Cannabis' is clicked on

2019-06-21 16:56:47 - [MESSAGE][PASSED] - Object: 'Object Repository/OCS-MOBILE /Age gate and burger menu/Chevron_Cannabis' is clicked on

2019-06-21 16:56:47 - [TEST_STEP][PASSED] - delay(1, CONTINUE_ON_FAILURE): Delayed 1 second(s)

2019-06-21 16:56:48 - [MESSAGE][PASSED] - Delayed 1 second(s)

2019-06-21 16:56:48 - [TEST_STEP][PASSED] - click(findTestObject("OCS-MOBILE /Cannabis page/Prerolled - Plus accordian")): Object: 'Object Repository/OCS-MOBILE /Cannabis page/Prerolled - Plus accordian' is clicked on

2019-06-21 16:56:52 - [MESSAGE][PASSED] - Object: 'Object Repository/OCS-MOBILE /Cannabis page/Prerolled - Plus accordian' is clicked on

2019-06-21 16:56:52 - [TEST_STEP][PASSED] - delay(1, CONTINUE_ON_FAILURE): Delayed 1 second(s)

2019-06-21 16:56:53 - [MESSAGE][PASSED] - Delayed 1 second(s)

2019-06-21 16:56:53 - [TEST_STEP][PASSED] - click(findTestObject("OCS-MOBILE /Cannabis page/Prerolled - Hybrid")): Object: 'Object Repository/OCS-MOBILE /Cannabis page/Prerolled - Hybrid' is clicked on

2019-06-21 16:56:55 - [MESSAGE][PASSED] - Object: 'Object Repository/OCS-MOBILE /Cannabis page/Prerolled - Hybrid' is clicked on

2019-06-21 16:56:55 - [TEST_STEP][PASSED] - delay(1, CONTINUE_ON_FAILURE): Delayed 1 second(s)

2019-06-21 16:56:56 - [MESSAGE][PASSED] - Delayed 1 second(s)

2019-06-21 16:56:56 - [TEST_STEP][PASSED] - click(findTestObject("OCS-MOBILE /Age gate and burger menu/Burger menu - English"), CONTINUE_ON_FAILURE): Object: 'Object Repository/OCS-MOBILE /Age gate and burger menu/Burger menu - English' is clicked on

2019-06-21 16:56:56 - [MESSAGE][PASSED] - Object: 'Object Repository/OCS-MOBILE /Age gate and burger menu/Burger menu - English' is clicked on

2019-06-21 16:56:56 - [TEST_STEP][PASSED] - delay(2, CONTINUE_ON_FAILURE): Delayed 2 second(s)

2019-06-21 16:56:58 - [MESSAGE][PASSED] - Delayed 2 second(s)

2019-06-21 16:56:58 - [TEST_STEP][PASSED] - click(findTestObject("OCS-MOBILE /Age gate and burger menu/Chevron_Cannabis")): Object: 'Object Repository/OCS-MOBILE /Age gate and burger menu/Chevron_Cannabis' is clicked on

2019-06-21 16:56:58 - [MESSAGE][PASSED] - Object: 'Object Repository/OCS-MOBILE /Age gate and burger menu/Chevron_Cannabis' is clicked on

2019-06-21 16:56:58 - [TEST_STEP][PASSED] - delay(1, CONTINUE_ON_FAILURE): Delayed 1 second(s)

2019-06-21 16:56:59 - [MESSAGE][PASSED] - Delayed 1 second(s)

2019-06-21 16:56:59 - [TEST_STEP][PASSED] - click(findTestObject("OCS-MOBILE /Cannabis page/Prerolled - Plus accordian")): Object: 'Object Repository/OCS-MOBILE /Cannabis page/Prerolled - Plus accordian' is clicked on

2019-06-21 16:56:59 - [MESSAGE][PASSED] - Object: 'Object Repository/OCS-MOBILE /Cannabis page/Prerolled - Plus accordian' is clicked on

2019-06-21 16:56:59 - [TEST_STEP][PASSED] - delay(1, CONTINUE_ON_FAILURE): Delayed 1 second(s)

2019-06-21 16:57:00 - [MESSAGE][PASSED] - Delayed 1 second(s)

2019-06-21 16:57:00 - [TEST_STEP][PASSED] - click(findTestObject("OCS-MOBILE /Cannabis page/Shop all prerolled")): Object: 'Object Repository/OCS-MOBILE /Cannabis page/Shop all prerolled' is clicked on

2019-06-21 16:57:02 - [MESSAGE][PASSED] - Object: 'Object Repository/OCS-MOBILE /Cannabis page/Shop all prerolled' is clicked on

2019-06-21 16:57:02 - [TEST_STEP][PASSED] - delay(1, CONTINUE_ON_FAILURE): Delayed 1 second(s)

2019-06-21 16:57:03 - [MESSAGE][PASSED] - Delayed 1 second(s)

2019-06-21 16:57:03 - [TEST_STEP][PASSED] - click(findTestObject("OCS-MOBILE /Age gate and burger menu/Burger menu - English"), CONTINUE_ON_FAILURE): Object: 'Object Repository/OCS-MOBILE /Age gate and burger menu/Burger menu - English' is clicked on

2019-06-21 16:57:04 - [MESSAGE][PASSED] - Object: 'Object Repository/OCS-MOBILE /Age gate and burger menu/Burger menu - English' is clicked on

2019-06-21 16:57:04 - [TEST_STEP][PASSED] - delay(2, CONTINUE_ON_FAILURE): Delayed 2 second(s)

2019-06-21 16:57:06 - [MESSAGE][PASSED] - Delayed 2 second(s)

2019-06-21 16:57:06 - [TEST_STEP][PASSED] - click(findTestObject("OCS-MOBILE /Age gate and burger menu/Chevron_Cannabis")): Object: 'Object Repository/OCS-MOBILE /Age gate and burger menu/Chevron_Cannabis' is clicked on

2019-06-21 16:57:06 - [MESSAGE][PASSED] - Object: 'Object Repository/OCS-MOBILE /Age gate and burger menu/Chevron_Cannabis' is clicked on

2019-06-21 16:57:06 - [TEST_STEP][PASSED] - delay(1, CONTINUE_ON_FAILURE): Delayed 1 second(s)

2019-06-21 16:57:07 - [MESSAGE][PASSED] - Delayed 1 second(s)

2019-06-21 16:57:07 - [TEST_STEP][NOT_RUN] - click(findTestObject("OCS-MOBILE /Cannabis page/Prerolled - Plus accordian")): NOT_RUN: click(findTestObject("OCS-MOBILE /Cannabis page/Prerolled - Plus accordian"))

2019-06-21 16:57:07 - [MESSAGE][NOT_RUN] - NOT_RUN: click(findTestObject("OCS-MOBILE /Cannabis page/Prerolled - Plus accordian"))

2019-06-21 16:57:07 - [TEST_STEP][PASSED] - delay(1, CONTINUE_ON_FAILURE): Delayed 1 second(s)

2019-06-21 16:57:08 - [MESSAGE][PASSED] - Delayed 1 second(s)

2019-06-21 16:57:08 - [TEST_STEP][PASSED] - click(findTestObject("OCS-MOBILE /Cannabis page/Oils - plus accordian")): Object: 'Object Repository/OCS-MOBILE /Cannabis page/Oils - plus accordian' is clicked on

2019-06-21 16:57:08 - [MESSAGE][PASSED] - Object: 'Object Repository/OCS-MOBILE /Cannabis page/Oils - plus accordian' is clicked on

2019-06-21 16:57:08 - [TEST_STEP][PASSED] - delay(1, CONTINUE_ON_FAILURE): Delayed 1 second(s)

2019-06-21 16:57:09 - [MESSAGE][PASSED] - Delayed 1 second(s)

2019-06-21 16:57:09 - [TEST_STEP][PASSED] - click(findTestObject("OCS-MOBILE /Cannabis page/Oils - plus accordian")): Object: 'Object Repository/OCS-MOBILE /Cannabis page/Oils - plus accordian' is clicked on

2019-06-21 16:57:09 - [MESSAGE][PASSED] - Object: 'Object Repository/OCS-MOBILE /Cannabis page/Oils - plus accordian' is clicked on

2019-06-21 16:57:09 - [TEST_STEP][PASSED] - delay(1, CONTINUE_ON_FAILURE): Delayed 1 second(s)

2019-06-21 16:57:10 - [MESSAGE][PASSED] - Delayed 1 second(s)

2019-06-21 16:57:10 - [TEST_STEP][PASSED] - click(findTestObject("OCS-MOBILE /Cannabis page/Oils - plus accordian")): Object: 'Object Repository/OCS-MOBILE /Cannabis page/Oils - plus accordian' is clicked on

2019-06-21 16:57:10 - [MESSAGE][PASSED] - Object: 'Object Repository/OCS-MOBILE /Cannabis page/Oils - plus accordian' is clicked on

2019-06-21 16:57:10 - [TEST_STEP][PASSED] - delay(1, CONTINUE_ON_FAILURE): Delayed 1 second(s)

2019-06-21 16:57:11 - [MESSAGE][PASSED] - Delayed 1 second(s)

2019-06-21 16:57:11 - [TEST_STEP][PASSED] - click(findTestObject("OCS-MOBILE /Cannabis page/Oils - Bottled oils")): Object: 'Object Repository/OCS-MOBILE /Cannabis page/Oils - Bottled oils' is clicked on

2019-06-21 16:57:13 - [MESSAGE][PASSED] - Object: 'Object Repository/OCS-MOBILE /Cannabis page/Oils - Bottled oils' is clicked on

2019-06-21 16:57:13 - [TEST_STEP][PASSED] - delay(1, CONTINUE_ON_FAILURE): Delayed 1 second(s)

2019-06-21 16:57:14 - [MESSAGE][PASSED] - Delayed 1 second(s)

2019-06-21 16:57:14 - [TEST_STEP][FAILED] - click(findTestObject("OCS-MOBILE /Age gate and burger menu/Burger menu - English"), CONTINUE_ON_FAILURE): Unable to click on object 'Object Repository/OCS-MOBILE /Age gate and burger menu/Burger menu - English' (Root cause: org.openqa.selenium.ElementNotVisibleException: element not interactable
  (Session info: chrome=75.0.3770.100)
  (Driver info: chromedriver=2.43.600229 (3fae4d0cda5334b4f533bede5a4787f7b832d052),platform=Mac OS X 10.13.6 x86_64) (WARNING: The server did not provide any stacktrace information)
Command duration or timeout: 0 milliseconds
Build info: version: '3.7.1', revision: '8a0099a', time: '2017-11-06T21:07:36.161Z'
System info: host: 'sumans-MacBook-Pro.local', ip: '2601:87:0:879f:0:0:0:1e84%en0', os.name: 'Mac OS X', os.arch: 'x86_64', os.version: '10.13.6', java.version: '1.8.0_181'
Driver info: com.kms.katalon.selenium.driver.CChromeDriver
Capabilities {acceptInsecureCerts: false, acceptSslCerts: false, applicationCacheEnabled: false, browserConnectionEnabled: false, browserName: chrome, chrome: {chromedriverVersion: 2.43.600229 (3fae4d0cda5334..., userDataDir: /var/folders/1t/c55l8xzs6gq...}, cssSelectorsEnabled: true, databaseEnabled: false, goog:chromeOptions: {debuggerAddress: localhost:49505}, handlesAlerts: true, hasTouchScreen: false, javascriptEnabled: true, locationContextEnabled: true, mobileEmulationEnabled: false, nativeEvents: true, networkConnectionEnabled: false, pageLoadStrategy: normal, platform: MAC, platformName: MAC, rotatable: false, setWindowRect: true, takesHeapSnapshot: true, takesScreenshot: true, unexpectedAlertBehaviour: , unhandledPromptBehavior: , version: 75.0.3770.100, webStorageEnabled: true}
Session ID: 73fbb9d0c58d174b4612242734484c68)

2019-06-21 16:57:15 - [MESSAGE][FAILED] - Unable to click on object 'Object Repository/OCS-MOBILE /Age gate and burger menu/Burger menu - English' (Root cause: org.openqa.selenium.ElementNotVisibleException: element not interactable
  (Session info: chrome=75.0.3770.100)
  (Driver info: chromedriver=2.43.600229 (3fae4d0cda5334b4f533bede5a4787f7b832d052),platform=Mac OS X 10.13.6 x86_64) (WARNING: The server did not provide any stacktrace information)
Command duration or timeout: 0 milliseconds
Build info: version: '3.7.1', revision: '8a0099a', time: '2017-11-06T21:07:36.161Z'
System info: host: 'sumans-MacBook-Pro.local', ip: '2601:87:0:879f:0:0:0:1e84%en0', os.name: 'Mac OS X', os.arch: 'x86_64', os.version: '10.13.6', java.version: '1.8.0_181'
Driver info: com.kms.katalon.selenium.driver.CChromeDriver
Capabilities {acceptInsecureCerts: false, acceptSslCerts: false, applicationCacheEnabled: false, browserConnectionEnabled: false, browserName: chrome, chrome: {chromedriverVersion: 2.43.600229 (3fae4d0cda5334..., userDataDir: /var/folders/1t/c55l8xzs6gq...}, cssSelectorsEnabled: true, databaseEnabled: false, goog:chromeOptions: {debuggerAddress: localhost:49505}, handlesAlerts: true, hasTouchScreen: false, javascriptEnabled: true, locationContextEnabled: true, mobileEmulationEnabled: false, nativeEvents: true, networkConnectionEnabled: false, pageLoadStrategy: normal, platform: MAC, platformName: MAC, rotatable: false, setWindowRect: true, takesHeapSnapshot: true, takesScreenshot: true, unexpectedAlertBehaviour: , unhandledPromptBehavior: , version: 75.0.3770.100, webStorageEnabled: true}
Session ID: 73fbb9d0c58d174b4612242734484c68)
[[ATTACHMENT|/Users/sumankompelly/Relative xpath-Mobile/Reports/OCS - 1.11.0/20190621_165048/1561150634289.png]]

2019-06-21 16:57:15 - [TEST_STEP][PASSED] - delay(2, CONTINUE_ON_FAILURE): Delayed 2 second(s)

2019-06-21 16:57:17 - [MESSAGE][PASSED] - Delayed 2 second(s)

2019-06-21 16:57:17 - [TEST_STEP][FAILED] - click(findTestObject("OCS-MOBILE /Age gate and burger menu/Chevron_Cannabis")): click(findTestObject("OCS-MOBILE /Age gate and burger menu/Chevron_Cannabis")) FAILED.
Reason:
com.kms.katalon.core.exception.StepFailedException: Unable to click on object 'Object Repository/OCS-MOBILE /Age gate and burger menu/Burger menu - English' (Root cause: org.openqa.selenium.ElementNotVisibleException: element not interactable
  (Session info: chrome=75.0.3770.100)
  (Driver info: chromedriver=2.43.600229 (3fae4d0cda5334b4f533bede5a4787f7b832d052),platform=Mac OS X 10.13.6 x86_64) (WARNING: The server did not provide any stacktrace information)
Command duration or timeout: 0 milliseconds
Build info: version: '3.7.1', revision: '8a0099a', time: '2017-11-06T21:07:36.161Z'
System info: host: 'sumans-MacBook-Pro.local', ip: '2601:87:0:879f:0:0:0:1e84%en0', os.name: 'Mac OS X', os.arch: 'x86_64', os.version: '10.13.6', java.version: '1.8.0_181'
Driver info: com.kms.katalon.selenium.driver.CChromeDriver
Capabilities {acceptInsecureCerts: false, acceptSslCerts: false, applicationCacheEnabled: false, browserConnectionEnabled: false, browserName: chrome, chrome: {chromedriverVersion: 2.43.600229 (3fae4d0cda5334..., userDataDir: /var/folders/1t/c55l8xzs6gq...}, cssSelectorsEnabled: true, databaseEnabled: false, goog:chromeOptions: {debuggerAddress: localhost:49505}, handlesAlerts: true, hasTouchScreen: false, javascriptEnabled: true, locationContextEnabled: true, mobileEmulationEnabled: false, nativeEvents: true, networkConnectionEnabled: false, pageLoadStrategy: normal, platform: MAC, platformName: MAC, rotatable: false, setWindowRect: true, takesHeapSnapshot: true, takesScreenshot: true, unexpectedAlertBehaviour: , unhandledPromptBehavior: , version: 75.0.3770.100, webStorageEnabled: true}
Session ID: 73fbb9d0c58d174b4612242734484c68)
	at com.kms.katalon.core.keyword.internal.KeywordMain.stepFailed(KeywordMain.groovy:32)
	at com.kms.katalon.core.webui.keyword.internal.WebUIKeywordMain.stepFailed(WebUIKeywordMain.groovy:65)
	at com.kms.katalon.core.webui.keyword.internal.WebUIKeywordMain.runKeyword(WebUIKeywordMain.groovy:27)
	at com.kms.katalon.core.webui.keyword.builtin.ClickKeyword.click(ClickKeyword.groovy:86)
	at com.kms.katalon.core.webui.keyword.builtin.ClickKeyword.execute(ClickKeyword.groovy:67)
	at com.kms.katalon.core.keyword.internal.KeywordExecutor.executeKeywordForPlatform(KeywordExecutor.groovy:53)
	at com.kms.katalon.core.webui.keyword.WebUiBuiltInKeywords.click(WebUiBuiltInKeywords.groovy:604)
	at com.kms.katalon.core.webui.keyword.WebUiBuiltInKeywords$click$7.call(Unknown Source)
	at HP-Burger menu -cannabis.run(HP-Burger menu -cannabis:194)
	at com.kms.katalon.core.main.ScriptEngine.run(ScriptEngine.java:194)
	at com.kms.katalon.core.main.ScriptEngine.runScriptAsRawText(ScriptEngine.java:119)
	at com.kms.katalon.core.main.TestCaseExecutor.runScript(TestCaseExecutor.java:328)
	at com.kms.katalon.core.main.TestCaseExecutor.doExecute(TestCaseExecutor.java:319)
	at com.kms.katalon.core.main.TestCaseExecutor.processExecutionPhase(TestCaseExecutor.java:298)
	at com.kms.katalon.core.main.TestCaseExecutor.accessMainPhase(TestCaseExecutor.java:290)
	at com.kms.katalon.core.main.TestCaseExecutor.execute(TestCaseExecutor.java:224)
	at com.kms.katalon.core.main.TestSuiteExecutor.accessTestCaseMainPhase(TestSuiteExecutor.java:129)
	at com.kms.katalon.core.main.TestSuiteExecutor.accessTestSuiteMainPhase(TestSuiteExecutor.java:112)
	at com.kms.katalon.core.main.TestSuiteExecutor.execute(TestSuiteExecutor.java:81)
	at com.kms.katalon.core.main.TestCaseMain.startTestSuite(TestCaseMain.java:149)
	at com.kms.katalon.core.main.TestCaseMain$startTestSuite$0.call(Unknown Source)
	at TempTestSuite1561150248290.run(TempTestSuite1561150248290.groovy:36)


2019-06-21 16:57:17 - [MESSAGE][FAILED] - Unable to click on object 'Object Repository/OCS-MOBILE /Age gate and burger menu/Chevron_Cannabis' (Root cause: org.openqa.selenium.ElementNotVisibleException: element not interactable
  (Session info: chrome=75.0.3770.100)
  (Driver info: chromedriver=2.43.600229 (3fae4d0cda5334b4f533bede5a4787f7b832d052),platform=Mac OS X 10.13.6 x86_64) (WARNING: The server did not provide any stacktrace information)
Command duration or timeout: 0 milliseconds
Build info: version: '3.7.1', revision: '8a0099a', time: '2017-11-06T21:07:36.161Z'
System info: host: 'sumans-MacBook-Pro.local', ip: '2601:87:0:879f:0:0:0:1e84%en0', os.name: 'Mac OS X', os.arch: 'x86_64', os.version: '10.13.6', java.version: '1.8.0_181'
Driver info: com.kms.katalon.selenium.driver.CChromeDriver
Capabilities {acceptInsecureCerts: false, acceptSslCerts: false, applicationCacheEnabled: false, browserConnectionEnabled: false, browserName: chrome, chrome: {chromedriverVersion: 2.43.600229 (3fae4d0cda5334..., userDataDir: /var/folders/1t/c55l8xzs6gq...}, cssSelectorsEnabled: true, databaseEnabled: false, goog:chromeOptions: {debuggerAddress: localhost:49505}, handlesAlerts: true, hasTouchScreen: false, javascriptEnabled: true, locationContextEnabled: true, mobileEmulationEnabled: false, nativeEvents: true, networkConnectionEnabled: false, pageLoadStrategy: normal, platform: MAC, platformName: MAC, rotatable: false, setWindowRect: true, takesHeapSnapshot: true, takesScreenshot: true, unexpectedAlertBehaviour: , unhandledPromptBehavior: , version: 75.0.3770.100, webStorageEnabled: true}
Session ID: 73fbb9d0c58d174b4612242734484c68)
[[ATTACHMENT|/Users/sumankompelly/Relative xpath-Mobile/Reports/OCS - 1.11.0/20190621_165048/1561150637257.png]]

2019-06-21 16:57:17 - [MESSAGE][FAILED] - click(findTestObject("OCS-MOBILE /Age gate and burger menu/Chevron_Cannabis")) FAILED.
Reason:
com.kms.katalon.core.exception.StepFailedException: Unable to click on object 'Object Repository/OCS-MOBILE /Age gate and burger menu/Burger menu - English' (Root cause: org.openqa.selenium.ElementNotVisibleException: element not interactable
  (Session info: chrome=75.0.3770.100)
  (Driver info: chromedriver=2.43.600229 (3fae4d0cda5334b4f533bede5a4787f7b832d052),platform=Mac OS X 10.13.6 x86_64) (WARNING: The server did not provide any stacktrace information)
Command duration or timeout: 0 milliseconds
Build info: version: '3.7.1', revision: '8a0099a', time: '2017-11-06T21:07:36.161Z'
System info: host: 'sumans-MacBook-Pro.local', ip: '2601:87:0:879f:0:0:0:1e84%en0', os.name: 'Mac OS X', os.arch: 'x86_64', os.version: '10.13.6', java.version: '1.8.0_181'
Driver info: com.kms.katalon.selenium.driver.CChromeDriver
Capabilities {acceptInsecureCerts: false, acceptSslCerts: false, applicationCacheEnabled: false, browserConnectionEnabled: false, browserName: chrome, chrome: {chromedriverVersion: 2.43.600229 (3fae4d0cda5334..., userDataDir: /var/folders/1t/c55l8xzs6gq...}, cssSelectorsEnabled: true, databaseEnabled: false, goog:chromeOptions: {debuggerAddress: localhost:49505}, handlesAlerts: true, hasTouchScreen: false, javascriptEnabled: true, locationContextEnabled: true, mobileEmulationEnabled: false, nativeEvents: true, networkConnectionEnabled: false, pageLoadStrategy: normal, platform: MAC, platformName: MAC, rotatable: false, setWindowRect: true, takesHeapSnapshot: true, takesScreenshot: true, unexpectedAlertBehaviour: , unhandledPromptBehavior: , version: 75.0.3770.100, webStorageEnabled: true}
Session ID: 73fbb9d0c58d174b4612242734484c68)
	at com.kms.katalon.core.keyword.internal.KeywordMain.stepFailed(KeywordMain.groovy:32)
	at com.kms.katalon.core.webui.keyword.internal.WebUIKeywordMain.stepFailed(WebUIKeywordMain.groovy:65)
	at com.kms.katalon.core.webui.keyword.internal.WebUIKeywordMain.runKeyword(WebUIKeywordMain.groovy:27)
	at com.kms.katalon.core.webui.keyword.builtin.ClickKeyword.click(ClickKeyword.groovy:86)
	at com.kms.katalon.core.webui.keyword.builtin.ClickKeyword.execute(ClickKeyword.groovy:67)
	at com.kms.katalon.core.keyword.internal.KeywordExecutor.executeKeywordForPlatform(KeywordExecutor.groovy:53)
	at com.kms.katalon.core.webui.keyword.WebUiBuiltInKeywords.click(WebUiBuiltInKeywords.groovy:604)
	at com.kms.katalon.core.webui.keyword.WebUiBuiltInKeywords$click$7.call(Unknown Source)
	at HP-Burger menu -cannabis.run(HP-Burger menu -cannabis:194)
	at com.kms.katalon.core.main.ScriptEngine.run(ScriptEngine.java:194)
	at com.kms.katalon.core.main.ScriptEngine.runScriptAsRawText(ScriptEngine.java:119)
	at com.kms.katalon.core.main.TestCaseExecutor.runScript(TestCaseExecutor.java:328)
	at com.kms.katalon.core.main.TestCaseExecutor.doExecute(TestCaseExecutor.java:319)
	at com.kms.katalon.core.main.TestCaseExecutor.processExecutionPhase(TestCaseExecutor.java:298)
	at com.kms.katalon.core.main.TestCaseExecutor.accessMainPhase(TestCaseExecutor.java:290)
	at com.kms.katalon.core.main.TestCaseExecutor.execute(TestCaseExecutor.java:224)
	at com.kms.katalon.core.main.TestSuiteExecutor.accessTestCaseMainPhase(TestSuiteExecutor.java:129)
	at com.kms.katalon.core.main.TestSuiteExecutor.accessTestSuiteMainPhase(TestSuiteExecutor.java:112)
	at com.kms.katalon.core.main.TestSuiteExecutor.execute(TestSuiteExecutor.java:81)
	at com.kms.katalon.core.main.TestCaseMain.startTestSuite(TestCaseMain.java:149)
	at com.kms.katalon.core.main.TestCaseMain$startTestSuite$0.call(Unknown Source)
	at TempTestSuite1561150248290.run(TempTestSuite1561150248290.groovy:36)]]></system-out>
         <system-err><![CDATA[2019-06-21 16:55:36 - [TEST_CASE][FAILED] - Test Cases/OCS - MOBILE/OCS- HOME PAGE/HP-Burger menu -cannabis: Test Cases/OCS - MOBILE/OCS- HOME PAGE/HP-Burger menu -cannabis FAILED.
Reason:
com.kms.katalon.core.exception.StepFailedException: Unable to click on object 'Object Repository/OCS-MOBILE /Age gate and burger menu/Burger menu - English' (Root cause: org.openqa.selenium.ElementNotVisibleException: element not interactable
  (Session info: chrome=75.0.3770.100)
  (Driver info: chromedriver=2.43.600229 (3fae4d0cda5334b4f533bede5a4787f7b832d052),platform=Mac OS X 10.13.6 x86_64) (WARNING: The server did not provide any stacktrace information)
Command duration or timeout: 0 milliseconds
Build info: version: '3.7.1', revision: '8a0099a', time: '2017-11-06T21:07:36.161Z'
System info: host: 'sumans-MacBook-Pro.local', ip: '2601:87:0:879f:0:0:0:1e84%en0', os.name: 'Mac OS X', os.arch: 'x86_64', os.version: '10.13.6', java.version: '1.8.0_181'
Driver info: com.kms.katalon.selenium.driver.CChromeDriver
Capabilities {acceptInsecureCerts: false, acceptSslCerts: false, applicationCacheEnabled: false, browserConnectionEnabled: false, browserName: chrome, chrome: {chromedriverVersion: 2.43.600229 (3fae4d0cda5334..., userDataDir: /var/folders/1t/c55l8xzs6gq...}, cssSelectorsEnabled: true, databaseEnabled: false, goog:chromeOptions: {debuggerAddress: localhost:49505}, handlesAlerts: true, hasTouchScreen: false, javascriptEnabled: true, locationContextEnabled: true, mobileEmulationEnabled: false, nativeEvents: true, networkConnectionEnabled: false, pageLoadStrategy: normal, platform: MAC, platformName: MAC, rotatable: false, setWindowRect: true, takesHeapSnapshot: true, takesScreenshot: true, unexpectedAlertBehaviour: , unhandledPromptBehavior: , version: 75.0.3770.100, webStorageEnabled: true}
Session ID: 73fbb9d0c58d174b4612242734484c68)
	at com.kms.katalon.core.keyword.internal.KeywordMain.stepFailed(KeywordMain.groovy:32)
	at com.kms.katalon.core.webui.keyword.internal.WebUIKeywordMain.stepFailed(WebUIKeywordMain.groovy:65)
	at com.kms.katalon.core.webui.keyword.internal.WebUIKeywordMain.runKeyword(WebUIKeywordMain.groovy:27)
	at com.kms.katalon.core.webui.keyword.builtin.ClickKeyword.click(ClickKeyword.groovy:86)
	at com.kms.katalon.core.webui.keyword.builtin.ClickKeyword.execute(ClickKeyword.groovy:67)
	at com.kms.katalon.core.keyword.internal.KeywordExecutor.executeKeywordForPlatform(KeywordExecutor.groovy:53)
	at com.kms.katalon.core.webui.keyword.WebUiBuiltInKeywords.click(WebUiBuiltInKeywords.groovy:604)
	at com.kms.katalon.core.webui.keyword.WebUiBuiltInKeywords$click$7.call(Unknown Source)
	at HP-Burger menu -cannabis.run(HP-Burger menu -cannabis:194)
	at com.kms.katalon.core.main.ScriptEngine.run(ScriptEngine.java:194)
	at com.kms.katalon.core.main.ScriptEngine.runScriptAsRawText(ScriptEngine.java:119)
	at com.kms.katalon.core.main.TestCaseExecutor.runScript(TestCaseExecutor.java:328)
	at com.kms.katalon.core.main.TestCaseExecutor.doExecute(TestCaseExecutor.java:319)
	at com.kms.katalon.core.main.TestCaseExecutor.processExecutionPhase(TestCaseExecutor.java:298)
	at com.kms.katalon.core.main.TestCaseExecutor.accessMainPhase(TestCaseExecutor.java:290)
	at com.kms.katalon.core.main.TestCaseExecutor.execute(TestCaseExecutor.java:224)
	at com.kms.katalon.core.main.TestSuiteExecutor.accessTestCaseMainPhase(TestSuiteExecutor.java:129)
	at com.kms.katalon.core.main.TestSuiteExecutor.accessTestSuiteMainPhase(TestSuiteExecutor.java:112)
	at com.kms.katalon.core.main.TestSuiteExecutor.execute(TestSuiteExecutor.java:81)
	at com.kms.katalon.core.main.TestCaseMain.startTestSuite(TestCaseMain.java:149)
	at com.kms.katalon.core.main.TestCaseMain$startTestSuite$0.call(Unknown Source)
	at TempTestSuite1561150248290.run(TempTestSuite1561150248290.groovy:36)]]></system-err>
      </testcase>
      <testcase name="Test Cases/OCS - MOBILE/OCS- HOME PAGE/footer" classname="Test Cases/OCS - MOBILE/OCS- HOME PAGE/footer" status="PASSED">
         <system-out><![CDATA[2019-06-21 16:57:17 - [TEST_CASE][PASSED] - Test Cases/OCS - MOBILE/OCS- HOME PAGE/footer: Test Cases/OCS - MOBILE/OCS- HOME PAGE/footer

2019-06-21 16:57:18 - [TEST_STEP][PASSED] - callTestCase(findTestCase("OCS - MOBILE/CALL - AGE GATE"), [:], STOP_ON_FAILURE): Call Test Case 'Test Cases/OCS - MOBILE/CALL - AGE GATE' successfully

2019-06-21 16:57:18 - [TEST_CASE][PASSED] - Test Cases/OCS - MOBILE/CALL - AGE GATE: Test Cases/OCS - MOBILE/CALL - AGE GATE

2019-06-21 16:57:18 - [TEST_STEP][PASSED] - openBrowser(""): Browser is opened with url: ''

2019-06-21 16:57:18 - [MESSAGE][WARNING] - A browser is already opened. Closing browser and opening a new one

2019-06-21 16:57:18 - [MESSAGE][INFO] - Starting 'Chrome' driver

2019-06-21 16:57:19 - [MESSAGE][PASSED] - Browser is opened with url: ''

2019-06-21 16:57:19 - [TEST_STEP][PASSED] - navigateToUrl("https://ocs.ca/?fts=0&preview_theme_id=74057975628"): Navigate to 'https://ocs.ca/?fts=0&preview_theme_id=74057975628' successfully

2019-06-21 16:57:23 - [MESSAGE][PASSED] - Navigate to 'https://ocs.ca/?fts=0&preview_theme_id=74057975628' successfully

2019-06-21 16:57:23 - [TEST_STEP][PASSED] - executeJavaScript("var previewBar = document.getElementById("preview-bar-iframe"); previewBar.style.display = "none";", []): Execute JavaScript 'var previewBar = document.getElementById("preview-bar-iframe"); previewBar.style.display = "none";' successfully

2019-06-21 16:57:23 - [MESSAGE][PASSED] - Execute JavaScript 'var previewBar = document.getElementById("preview-bar-iframe"); previewBar.style.display = "none";' successfully

2019-06-21 16:57:23 - [TEST_STEP][PASSED] - setViewPortSize(360, 800): Viewport is set to new size with width = 360 and height = 800

2019-06-21 16:57:23 - [MESSAGE][PASSED] - Viewport is set to new size with width = 360 and height = 800

2019-06-21 16:57:23 - [TEST_STEP][PASSED] - delay(4): Delayed 4 second(s)

2019-06-21 16:57:27 - [MESSAGE][PASSED] - Delayed 4 second(s)

2019-06-21 16:57:27 - [TEST_STEP][PASSED] - selectOptionByValue(findTestObject("OCS-MOBILE /Age gate and burger menu/Date"), "12", true): All options with value '12' are selected in object 'Object Repository/OCS-MOBILE /Age gate and burger menu/Date'  using regular expression

2019-06-21 16:57:27 - [MESSAGE][PASSED] - All options with value '12' are selected in object 'Object Repository/OCS-MOBILE /Age gate and burger menu/Date'  using regular expression

2019-06-21 16:57:27 - [TEST_STEP][PASSED] - selectOptionByValue(findTestObject("OCS-MOBILE /Age gate and burger menu/month"), "6", true): All options with value '6' are selected in object 'Object Repository/OCS-MOBILE /Age gate and burger menu/month'  using regular expression

2019-06-21 16:57:27 - [MESSAGE][PASSED] - All options with value '6' are selected in object 'Object Repository/OCS-MOBILE /Age gate and burger menu/month'  using regular expression

2019-06-21 16:57:27 - [TEST_STEP][PASSED] - delay(2): Delayed 2 second(s)

2019-06-21 16:57:29 - [MESSAGE][PASSED] - Delayed 2 second(s)

2019-06-21 16:57:29 - [TEST_STEP][PASSED] - selectOptionByValue(findTestObject("OCS-MOBILE /Age gate and burger menu/Year Dropdown"), "1990", true): All options with value '1990' are selected in object 'Object Repository/OCS-MOBILE /Age gate and burger menu/Year Dropdown'  using regular expression

2019-06-21 16:57:31 - [MESSAGE][PASSED] - All options with value '1990' are selected in object 'Object Repository/OCS-MOBILE /Age gate and burger menu/Year Dropdown'  using regular expression

2019-06-21 16:57:31 - [TEST_STEP][PASSED] - click(findTestObject("OCS-MOBILE /Age gate and Mega menu/button_Verify")): Object: 'Object Repository/OCS-MOBILE /Age gate and Mega menu/button_Verify' is clicked on

2019-06-21 16:57:37 - [MESSAGE][PASSED] - Object: 'Object Repository/OCS-MOBILE /Age gate and Mega menu/button_Verify' is clicked on

2019-06-21 16:57:37 - [TEST_STEP][PASSED] - click(findTestObject("OCS-MOBILE /Age gate and Mega menu/Checkbox_CONFIRM AND ACKNOWLEDGE")): Object: 'Object Repository/OCS-MOBILE /Age gate and Mega menu/Checkbox_CONFIRM AND ACKNOWLEDGE' is clicked on

2019-06-21 16:57:42 - [MESSAGE][PASSED] - Object: 'Object Repository/OCS-MOBILE /Age gate and Mega menu/Checkbox_CONFIRM AND ACKNOWLEDGE' is clicked on

2019-06-21 16:57:42 - [TEST_STEP][PASSED] - click(findTestObject("OCS-MOBILE /Age gate and Mega menu/button_CONFIRM")): Object: 'Object Repository/OCS-MOBILE /Age gate and Mega menu/button_CONFIRM' is clicked on

2019-06-21 16:57:48 - [MESSAGE][PASSED] - Object: 'Object Repository/OCS-MOBILE /Age gate and Mega menu/button_CONFIRM' is clicked on

2019-06-21 16:57:48 - [TEST_STEP][PASSED] - click(findTestObject("OCS-MOBILE /Age gate and Mega menu/button_Start Browsing")): Object: 'Object Repository/OCS-MOBILE /Age gate and Mega menu/button_Start Browsing' is clicked on

2019-06-21 16:57:54 - [MESSAGE][PASSED] - Object: 'Object Repository/OCS-MOBILE /Age gate and Mega menu/button_Start Browsing' is clicked on

2019-06-21 16:57:54 - [TEST_STEP][PASSED] - refresh(): Refresh successfully

2019-06-21 16:57:54 - [MESSAGE][PASSED] - Refresh successfully

2019-06-21 16:57:54 - [TEST_STEP][PASSED] - executeJavaScript("var previewBar = document.getElementById("preview-bar-iframe"); previewBar.style.display = "none";", []): Execute JavaScript 'var previewBar = document.getElementById("preview-bar-iframe"); previewBar.style.display = "none";' successfully

2019-06-21 16:57:55 - [MESSAGE][PASSED] - Execute JavaScript 'var previewBar = document.getElementById("preview-bar-iframe"); previewBar.style.display = "none";' successfully

2019-06-21 16:57:55 - [MESSAGE][PASSED] - Call Test Case 'Test Cases/OCS - MOBILE/CALL - AGE GATE' successfully

2019-06-21 16:57:55 - [TEST_STEP][PASSED] - delay(2): Delayed 2 second(s)

2019-06-21 16:57:57 - [MESSAGE][PASSED] - Delayed 2 second(s)

2019-06-21 16:57:57 - [TEST_STEP][PASSED] - executeJavaScript("var previewBar = document.getElementById("preview-bar-iframe"); previewBar.style.display = "none";", []): Execute JavaScript 'var previewBar = document.getElementById("preview-bar-iframe"); previewBar.style.display = "none";' successfully

2019-06-21 16:57:57 - [MESSAGE][PASSED] - Execute JavaScript 'var previewBar = document.getElementById("preview-bar-iframe"); previewBar.style.display = "none";' successfully

2019-06-21 16:57:57 - [TEST_STEP][PASSED] - click(findTestObject("OCS-MOBILE /Home - page/Return Policy")): Object: 'Object Repository/OCS-MOBILE /Home - page/Return Policy' is clicked on

2019-06-21 16:58:04 - [MESSAGE][PASSED] - Object: 'Object Repository/OCS-MOBILE /Home - page/Return Policy' is clicked on

2019-06-21 16:58:04 - [TEST_STEP][PASSED] - delay(2): Delayed 2 second(s)

2019-06-21 16:58:06 - [MESSAGE][PASSED] - Delayed 2 second(s)

2019-06-21 16:58:06 - [TEST_STEP][PASSED] - setViewPortSize(1000, 800, OPTIONAL): Viewport is set to new size with width = 1000 and height = 800

2019-06-21 16:58:06 - [MESSAGE][PASSED] - Viewport is set to new size with width = 1000 and height = 800

2019-06-21 16:58:06 - [TEST_STEP][PASSED] - delay(2, OPTIONAL): Delayed 2 second(s)

2019-06-21 16:58:08 - [MESSAGE][PASSED] - Delayed 2 second(s)

2019-06-21 16:58:08 - [TEST_STEP][PASSED] - click(findTestObject("Theme_oR/Page_Ontario Cannabis Store  Ontari/button_Hide bar"), OPTIONAL): Unable to click on object (Root cause: java.lang.IllegalArgumentException: Object is null)

2019-06-21 16:58:08 - [MESSAGE][WARNING] - Test object with id 'Object Repository/Theme_oR/Page_Ontario Cannabis Store  Ontari/button_Hide bar' does not exist

2019-06-21 16:58:08 - [MESSAGE][WARNING] - Test object with id 'Object Repository/' does not exist

2019-06-21 16:58:09 - [MESSAGE][WARNING] - Unable to click on object (Root cause: java.lang.IllegalArgumentException: Object is null)
[[ATTACHMENT|/Users/sumankompelly/Relative xpath-Mobile/Reports/OCS - 1.11.0/20190621_165048/1561150688375.png]]

2019-06-21 16:58:09 - [TEST_STEP][PASSED] - setViewPortSize(360, 800, OPTIONAL): Viewport is set to new size with width = 360 and height = 800

2019-06-21 16:58:09 - [MESSAGE][PASSED] - Viewport is set to new size with width = 360 and height = 800

2019-06-21 16:58:09 - [TEST_STEP][PASSED] - delay(2, OPTIONAL): Delayed 2 second(s)

2019-06-21 16:58:11 - [MESSAGE][PASSED] - Delayed 2 second(s)

2019-06-21 16:58:11 - [TEST_STEP][PASSED] - executeJavaScript("var previewBar = document.getElementById("preview-bar-iframe"); previewBar.style.display = "none";", []): Execute JavaScript 'var previewBar = document.getElementById("preview-bar-iframe"); previewBar.style.display = "none";' successfully

2019-06-21 16:58:11 - [MESSAGE][PASSED] - Execute JavaScript 'var previewBar = document.getElementById("preview-bar-iframe"); previewBar.style.display = "none";' successfully

2019-06-21 16:58:11 - [TEST_STEP][PASSED] - click(findTestObject("OCS-MOBILE /Home - page/Glossary of terms")): Object: 'Object Repository/OCS-MOBILE /Home - page/Glossary of terms' is clicked on

2019-06-21 16:58:17 - [MESSAGE][PASSED] - Object: 'Object Repository/OCS-MOBILE /Home - page/Glossary of terms' is clicked on

2019-06-21 16:58:17 - [TEST_STEP][PASSED] - delay(2): Delayed 2 second(s)

2019-06-21 16:58:19 - [MESSAGE][PASSED] - Delayed 2 second(s)

2019-06-21 16:58:19 - [TEST_STEP][PASSED] - setViewPortSize(1000, 800, OPTIONAL): Viewport is set to new size with width = 1000 and height = 800

2019-06-21 16:58:19 - [MESSAGE][PASSED] - Viewport is set to new size with width = 1000 and height = 800

2019-06-21 16:58:19 - [TEST_STEP][PASSED] - delay(2, OPTIONAL): Delayed 2 second(s)

2019-06-21 16:58:21 - [MESSAGE][PASSED] - Delayed 2 second(s)

2019-06-21 16:58:21 - [TEST_STEP][PASSED] - click(findTestObject("Theme_oR/Page_Ontario Cannabis Store  Ontari/button_Hide bar"), OPTIONAL): Unable to click on object (Root cause: java.lang.IllegalArgumentException: Object is null)

2019-06-21 16:58:21 - [MESSAGE][WARNING] - Test object with id 'Object Repository/Theme_oR/Page_Ontario Cannabis Store  Ontari/button_Hide bar' does not exist

2019-06-21 16:58:21 - [MESSAGE][WARNING] - Test object with id 'Object Repository/' does not exist

2019-06-21 16:58:22 - [MESSAGE][WARNING] - Unable to click on object (Root cause: java.lang.IllegalArgumentException: Object is null)
[[ATTACHMENT|/Users/sumankompelly/Relative xpath-Mobile/Reports/OCS - 1.11.0/20190621_165048/1561150701783.png]]

2019-06-21 16:58:22 - [TEST_STEP][PASSED] - setViewPortSize(360, 800, OPTIONAL): Viewport is set to new size with width = 360 and height = 800

2019-06-21 16:58:22 - [MESSAGE][PASSED] - Viewport is set to new size with width = 360 and height = 800

2019-06-21 16:58:22 - [TEST_STEP][PASSED] - delay(2, OPTIONAL): Delayed 2 second(s)

2019-06-21 16:58:24 - [MESSAGE][PASSED] - Delayed 2 second(s)

2019-06-21 16:58:24 - [TEST_STEP][PASSED] - executeJavaScript("var previewBar = document.getElementById("preview-bar-iframe"); previewBar.style.display = "none";", []): Execute JavaScript 'var previewBar = document.getElementById("preview-bar-iframe"); previewBar.style.display = "none";' successfully

2019-06-21 16:58:24 - [MESSAGE][PASSED] - Execute JavaScript 'var previewBar = document.getElementById("preview-bar-iframe"); previewBar.style.display = "none";' successfully

2019-06-21 16:58:24 - [TEST_STEP][PASSED] - click(findTestObject("OCS-MOBILE /Home - page/Product Recall")): Object: 'Object Repository/OCS-MOBILE /Home - page/Product Recall' is clicked on

2019-06-21 16:58:32 - [MESSAGE][PASSED] - Object: 'Object Repository/OCS-MOBILE /Home - page/Product Recall' is clicked on

2019-06-21 16:58:32 - [TEST_STEP][PASSED] - delay(2): Delayed 2 second(s)

2019-06-21 16:58:34 - [MESSAGE][PASSED] - Delayed 2 second(s)

2019-06-21 16:58:34 - [TEST_STEP][PASSED] - setViewPortSize(1000, 800, OPTIONAL): Viewport is set to new size with width = 1000 and height = 800

2019-06-21 16:58:34 - [MESSAGE][PASSED] - Viewport is set to new size with width = 1000 and height = 800

2019-06-21 16:58:34 - [TEST_STEP][PASSED] - delay(2, OPTIONAL): Delayed 2 second(s)

2019-06-21 16:58:36 - [MESSAGE][PASSED] - Delayed 2 second(s)

2019-06-21 16:58:36 - [TEST_STEP][PASSED] - click(findTestObject("Theme_oR/Page_Ontario Cannabis Store  Ontari/button_Hide bar"), OPTIONAL): Unable to click on object (Root cause: java.lang.IllegalArgumentException: Object is null)

2019-06-21 16:58:36 - [MESSAGE][WARNING] - Test object with id 'Object Repository/Theme_oR/Page_Ontario Cannabis Store  Ontari/button_Hide bar' does not exist

2019-06-21 16:58:36 - [MESSAGE][WARNING] - Test object with id 'Object Repository/' does not exist

2019-06-21 16:58:37 - [MESSAGE][WARNING] - Unable to click on object (Root cause: java.lang.IllegalArgumentException: Object is null)
[[ATTACHMENT|/Users/sumankompelly/Relative xpath-Mobile/Reports/OCS - 1.11.0/20190621_165048/1561150716457.png]]

2019-06-21 16:58:37 - [TEST_STEP][PASSED] - setViewPortSize(360, 800, OPTIONAL): Viewport is set to new size with width = 360 and height = 800

2019-06-21 16:58:37 - [MESSAGE][PASSED] - Viewport is set to new size with width = 360 and height = 800

2019-06-21 16:58:37 - [TEST_STEP][PASSED] - delay(2, OPTIONAL): Delayed 2 second(s)

2019-06-21 16:58:39 - [MESSAGE][PASSED] - Delayed 2 second(s)

2019-06-21 16:58:39 - [TEST_STEP][PASSED] - executeJavaScript("var previewBar = document.getElementById("preview-bar-iframe"); previewBar.style.display = "none";", []): Execute JavaScript 'var previewBar = document.getElementById("preview-bar-iframe"); previewBar.style.display = "none";' successfully

2019-06-21 16:58:39 - [MESSAGE][PASSED] - Execute JavaScript 'var previewBar = document.getElementById("preview-bar-iframe"); previewBar.style.display = "none";' successfully

2019-06-21 16:58:39 - [TEST_STEP][PASSED] - click(findTestObject("OCS-MOBILE /Home - page/Government of Canada - Canna")): Object: 'Object Repository/OCS-MOBILE /Home - page/Government of Canada - Canna' is clicked on

2019-06-21 16:58:44 - [MESSAGE][PASSED] - Object: 'Object Repository/OCS-MOBILE /Home - page/Government of Canada - Canna' is clicked on

2019-06-21 16:58:44 - [TEST_STEP][PASSED] - delay(2): Delayed 2 second(s)

2019-06-21 16:58:46 - [MESSAGE][PASSED] - Delayed 2 second(s)

2019-06-21 16:58:46 - [TEST_STEP][PASSED] - setViewPortSize(1000, 800, OPTIONAL): Viewport is set to new size with width = 1000 and height = 800

2019-06-21 16:58:47 - [MESSAGE][PASSED] - Viewport is set to new size with width = 1000 and height = 800

2019-06-21 16:58:47 - [TEST_STEP][PASSED] - delay(2, OPTIONAL): Delayed 2 second(s)

2019-06-21 16:58:49 - [MESSAGE][PASSED] - Delayed 2 second(s)

2019-06-21 16:58:49 - [TEST_STEP][PASSED] - click(findTestObject("Theme_oR/Page_Ontario Cannabis Store  Ontari/button_Hide bar"), OPTIONAL): Unable to click on object (Root cause: java.lang.IllegalArgumentException: Object is null)

2019-06-21 16:58:49 - [MESSAGE][WARNING] - Test object with id 'Object Repository/Theme_oR/Page_Ontario Cannabis Store  Ontari/button_Hide bar' does not exist

2019-06-21 16:58:49 - [MESSAGE][WARNING] - Test object with id 'Object Repository/' does not exist

2019-06-21 16:58:51 - [MESSAGE][WARNING] - Unable to click on object (Root cause: java.lang.IllegalArgumentException: Object is null)
[[ATTACHMENT|/Users/sumankompelly/Relative xpath-Mobile/Reports/OCS - 1.11.0/20190621_165048/1561150729030.png]]

2019-06-21 16:58:51 - [TEST_STEP][PASSED] - setViewPortSize(360, 800, OPTIONAL): Viewport is set to new size with width = 360 and height = 800

2019-06-21 16:58:51 - [MESSAGE][PASSED] - Viewport is set to new size with width = 360 and height = 800

2019-06-21 16:58:51 - [TEST_STEP][PASSED] - delay(2, OPTIONAL): Delayed 2 second(s)

2019-06-21 16:58:53 - [MESSAGE][PASSED] - Delayed 2 second(s)

2019-06-21 16:58:53 - [TEST_STEP][PASSED] - executeJavaScript("var previewBar = document.getElementById("preview-bar-iframe"); previewBar.style.display = "none";", []): Execute JavaScript 'var previewBar = document.getElementById("preview-bar-iframe"); previewBar.style.display = "none";' successfully

2019-06-21 16:58:53 - [MESSAGE][PASSED] - Execute JavaScript 'var previewBar = document.getElementById("preview-bar-iframe"); previewBar.style.display = "none";' successfully

2019-06-21 16:58:53 - [TEST_STEP][PASSED] - click(findTestObject("OCS-MOBILE /Home - page/Government of Ontario - Cann")): Object: 'Object Repository/OCS-MOBILE /Home - page/Government of Ontario - Cann' is clicked on

2019-06-21 16:58:59 - [MESSAGE][PASSED] - Object: 'Object Repository/OCS-MOBILE /Home - page/Government of Ontario - Cann' is clicked on

2019-06-21 16:58:59 - [TEST_STEP][PASSED] - delay(2): Delayed 2 second(s)

2019-06-21 16:59:01 - [MESSAGE][PASSED] - Delayed 2 second(s)

2019-06-21 16:59:01 - [TEST_STEP][PASSED] - setViewPortSize(1000, 800, OPTIONAL): Viewport is set to new size with width = 1000 and height = 800

2019-06-21 16:59:01 - [MESSAGE][PASSED] - Viewport is set to new size with width = 1000 and height = 800

2019-06-21 16:59:01 - [TEST_STEP][PASSED] - delay(2, OPTIONAL): Delayed 2 second(s)

2019-06-21 16:59:03 - [MESSAGE][PASSED] - Delayed 2 second(s)

2019-06-21 16:59:03 - [TEST_STEP][PASSED] - click(findTestObject("Theme_oR/Page_Ontario Cannabis Store  Ontari/button_Hide bar"), OPTIONAL): Unable to click on object (Root cause: java.lang.IllegalArgumentException: Object is null)

2019-06-21 16:59:03 - [MESSAGE][WARNING] - Test object with id 'Object Repository/Theme_oR/Page_Ontario Cannabis Store  Ontari/button_Hide bar' does not exist

2019-06-21 16:59:03 - [MESSAGE][WARNING] - Test object with id 'Object Repository/' does not exist

2019-06-21 16:59:04 - [MESSAGE][WARNING] - Unable to click on object (Root cause: java.lang.IllegalArgumentException: Object is null)
[[ATTACHMENT|/Users/sumankompelly/Relative xpath-Mobile/Reports/OCS - 1.11.0/20190621_165048/1561150743693.png]]

2019-06-21 16:59:04 - [TEST_STEP][PASSED] - setViewPortSize(360, 800, OPTIONAL): Viewport is set to new size with width = 360 and height = 800

2019-06-21 16:59:04 - [MESSAGE][PASSED] - Viewport is set to new size with width = 360 and height = 800

2019-06-21 16:59:04 - [TEST_STEP][PASSED] - delay(2, OPTIONAL): Delayed 2 second(s)

2019-06-21 16:59:06 - [MESSAGE][PASSED] - Delayed 2 second(s)

2019-06-21 16:59:06 - [TEST_STEP][PASSED] - executeJavaScript("var previewBar = document.getElementById("preview-bar-iframe"); previewBar.style.display = "none";", []): Execute JavaScript 'var previewBar = document.getElementById("preview-bar-iframe"); previewBar.style.display = "none";' successfully

2019-06-21 16:59:06 - [MESSAGE][PASSED] - Execute JavaScript 'var previewBar = document.getElementById("preview-bar-iframe"); previewBar.style.display = "none";' successfully

2019-06-21 16:59:06 - [TEST_STEP][PASSED] - click(findTestObject("OCS-MOBILE /Home - page/About the OCS")): Object: 'Object Repository/OCS-MOBILE /Home - page/About the OCS' is clicked on

2019-06-21 16:59:13 - [MESSAGE][PASSED] - Object: 'Object Repository/OCS-MOBILE /Home - page/About the OCS' is clicked on

2019-06-21 16:59:13 - [TEST_STEP][PASSED] - delay(2): Delayed 2 second(s)

2019-06-21 16:59:15 - [MESSAGE][PASSED] - Delayed 2 second(s)

2019-06-21 16:59:15 - [TEST_STEP][PASSED] - setViewPortSize(1000, 800, OPTIONAL): Viewport is set to new size with width = 1000 and height = 800

2019-06-21 16:59:15 - [MESSAGE][PASSED] - Viewport is set to new size with width = 1000 and height = 800

2019-06-21 16:59:15 - [TEST_STEP][PASSED] - delay(2, OPTIONAL): Delayed 2 second(s)

2019-06-21 16:59:17 - [MESSAGE][PASSED] - Delayed 2 second(s)

2019-06-21 16:59:17 - [TEST_STEP][PASSED] - click(findTestObject("Theme_oR/Page_Ontario Cannabis Store  Ontari/button_Hide bar"), OPTIONAL): Unable to click on object (Root cause: java.lang.IllegalArgumentException: Object is null)

2019-06-21 16:59:17 - [MESSAGE][WARNING] - Test object with id 'Object Repository/Theme_oR/Page_Ontario Cannabis Store  Ontari/button_Hide bar' does not exist

2019-06-21 16:59:17 - [MESSAGE][WARNING] - Test object with id 'Object Repository/' does not exist

2019-06-21 16:59:18 - [MESSAGE][WARNING] - Unable to click on object (Root cause: java.lang.IllegalArgumentException: Object is null)
[[ATTACHMENT|/Users/sumankompelly/Relative xpath-Mobile/Reports/OCS - 1.11.0/20190621_165048/1561150757178.png]]

2019-06-21 16:59:18 - [TEST_STEP][PASSED] - setViewPortSize(360, 800, OPTIONAL): Viewport is set to new size with width = 360 and height = 800

2019-06-21 16:59:18 - [MESSAGE][PASSED] - Viewport is set to new size with width = 360 and height = 800

2019-06-21 16:59:18 - [TEST_STEP][PASSED] - delay(2, OPTIONAL): Delayed 2 second(s)

2019-06-21 16:59:20 - [MESSAGE][PASSED] - Delayed 2 second(s)

2019-06-21 16:59:20 - [TEST_STEP][PASSED] - executeJavaScript("var previewBar = document.getElementById("preview-bar-iframe"); previewBar.style.display = "none";", []): Execute JavaScript 'var previewBar = document.getElementById("preview-bar-iframe"); previewBar.style.display = "none";' successfully

2019-06-21 16:59:20 - [MESSAGE][PASSED] - Execute JavaScript 'var previewBar = document.getElementById("preview-bar-iframe"); previewBar.style.display = "none";' successfully

2019-06-21 16:59:20 - [TEST_STEP][PASSED] - click(findTestObject("OCS-MOBILE /Home - page/Careers")): Object: 'Object Repository/OCS-MOBILE /Home - page/Careers' is clicked on

2019-06-21 16:59:27 - [MESSAGE][PASSED] - Object: 'Object Repository/OCS-MOBILE /Home - page/Careers' is clicked on

2019-06-21 16:59:27 - [TEST_STEP][PASSED] - delay(2): Delayed 2 second(s)

2019-06-21 16:59:29 - [MESSAGE][PASSED] - Delayed 2 second(s)

2019-06-21 16:59:29 - [TEST_STEP][PASSED] - setViewPortSize(1000, 800, OPTIONAL): Viewport is set to new size with width = 1000 and height = 800

2019-06-21 16:59:29 - [MESSAGE][PASSED] - Viewport is set to new size with width = 1000 and height = 800

2019-06-21 16:59:29 - [TEST_STEP][PASSED] - delay(2, OPTIONAL): Delayed 2 second(s)

2019-06-21 16:59:31 - [MESSAGE][PASSED] - Delayed 2 second(s)

2019-06-21 16:59:31 - [TEST_STEP][PASSED] - click(findTestObject("Theme_oR/Page_Ontario Cannabis Store  Ontari/button_Hide bar"), OPTIONAL): Unable to click on object (Root cause: java.lang.IllegalArgumentException: Object is null)

2019-06-21 16:59:31 - [MESSAGE][WARNING] - Test object with id 'Object Repository/Theme_oR/Page_Ontario Cannabis Store  Ontari/button_Hide bar' does not exist

2019-06-21 16:59:31 - [MESSAGE][WARNING] - Test object with id 'Object Repository/' does not exist

2019-06-21 16:59:32 - [MESSAGE][WARNING] - Unable to click on object (Root cause: java.lang.IllegalArgumentException: Object is null)
[[ATTACHMENT|/Users/sumankompelly/Relative xpath-Mobile/Reports/OCS - 1.11.0/20190621_165048/1561150771394.png]]

2019-06-21 16:59:32 - [TEST_STEP][PASSED] - setViewPortSize(360, 800, OPTIONAL): Viewport is set to new size with width = 360 and height = 800

2019-06-21 16:59:32 - [MESSAGE][PASSED] - Viewport is set to new size with width = 360 and height = 800

2019-06-21 16:59:32 - [TEST_STEP][PASSED] - delay(2, OPTIONAL): Delayed 2 second(s)

2019-06-21 16:59:34 - [MESSAGE][PASSED] - Delayed 2 second(s)

2019-06-21 16:59:34 - [TEST_STEP][NOT_RUN] - scrollToElement(findTestObject("OCS-MOBILE /Home - page/Contact us -"), 0): NOT_RUN: scrollToElement(findTestObject("OCS-MOBILE /Home - page/Contact us -"), 0)

2019-06-21 16:59:34 - [MESSAGE][NOT_RUN] - NOT_RUN: scrollToElement(findTestObject("OCS-MOBILE /Home - page/Contact us -"), 0)

2019-06-21 16:59:34 - [TEST_STEP][PASSED] - delay(2, OPTIONAL): Delayed 2 second(s)

2019-06-21 16:59:36 - [MESSAGE][PASSED] - Delayed 2 second(s)

2019-06-21 16:59:36 - [TEST_STEP][PASSED] - executeJavaScript("var previewBar = document.getElementById("preview-bar-iframe"); previewBar.style.display = "none";", []): Execute JavaScript 'var previewBar = document.getElementById("preview-bar-iframe"); previewBar.style.display = "none";' successfully

2019-06-21 16:59:36 - [MESSAGE][PASSED] - Execute JavaScript 'var previewBar = document.getElementById("preview-bar-iframe"); previewBar.style.display = "none";' successfully

2019-06-21 16:59:36 - [TEST_STEP][PASSED] - click(findTestObject("OCS-MOBILE /Home - page/News"), OPTIONAL): Object: 'Object Repository/OCS-MOBILE /Home - page/News' is clicked on

2019-06-21 16:59:42 - [MESSAGE][PASSED] - Object: 'Object Repository/OCS-MOBILE /Home - page/News' is clicked on

2019-06-21 16:59:42 - [TEST_STEP][PASSED] - delay(2): Delayed 2 second(s)

2019-06-21 16:59:44 - [MESSAGE][PASSED] - Delayed 2 second(s)

2019-06-21 16:59:44 - [TEST_STEP][PASSED] - setViewPortSize(1000, 800, OPTIONAL): Viewport is set to new size with width = 1000 and height = 800

2019-06-21 16:59:44 - [MESSAGE][PASSED] - Viewport is set to new size with width = 1000 and height = 800

2019-06-21 16:59:44 - [TEST_STEP][PASSED] - delay(2, OPTIONAL): Delayed 2 second(s)

2019-06-21 16:59:46 - [MESSAGE][PASSED] - Delayed 2 second(s)

2019-06-21 16:59:46 - [TEST_STEP][PASSED] - click(findTestObject("Theme_oR/Page_Ontario Cannabis Store  Ontari/button_Hide bar"), OPTIONAL): Unable to click on object (Root cause: java.lang.IllegalArgumentException: Object is null)

2019-06-21 16:59:46 - [MESSAGE][WARNING] - Test object with id 'Object Repository/Theme_oR/Page_Ontario Cannabis Store  Ontari/button_Hide bar' does not exist

2019-06-21 16:59:46 - [MESSAGE][WARNING] - Test object with id 'Object Repository/' does not exist

2019-06-21 16:59:47 - [MESSAGE][WARNING] - Unable to click on object (Root cause: java.lang.IllegalArgumentException: Object is null)
[[ATTACHMENT|/Users/sumankompelly/Relative xpath-Mobile/Reports/OCS - 1.11.0/20190621_165048/1561150786533.png]]

2019-06-21 16:59:47 - [TEST_STEP][PASSED] - setViewPortSize(360, 800, OPTIONAL): Viewport is set to new size with width = 360 and height = 800

2019-06-21 16:59:47 - [MESSAGE][PASSED] - Viewport is set to new size with width = 360 and height = 800

2019-06-21 16:59:47 - [TEST_STEP][PASSED] - delay(2, OPTIONAL): Delayed 2 second(s)

2019-06-21 16:59:49 - [MESSAGE][PASSED] - Delayed 2 second(s)

2019-06-21 16:59:49 - [TEST_STEP][PASSED] - executeJavaScript("var previewBar = document.getElementById("preview-bar-iframe"); previewBar.style.display = "none";", []): Execute JavaScript 'var previewBar = document.getElementById("preview-bar-iframe"); previewBar.style.display = "none";' successfully

2019-06-21 16:59:49 - [MESSAGE][PASSED] - Execute JavaScript 'var previewBar = document.getElementById("preview-bar-iframe"); previewBar.style.display = "none";' successfully

2019-06-21 16:59:49 - [TEST_STEP][PASSED] - click(findTestObject("OCS-MOBILE /Home - page/Doing Business With OCS")): Object: 'Object Repository/OCS-MOBILE /Home - page/Doing Business With OCS' is clicked on

2019-06-21 16:59:54 - [MESSAGE][PASSED] - Object: 'Object Repository/OCS-MOBILE /Home - page/Doing Business With OCS' is clicked on

2019-06-21 16:59:54 - [TEST_STEP][PASSED] - delay(2): Delayed 2 second(s)

2019-06-21 16:59:56 - [MESSAGE][PASSED] - Delayed 2 second(s)

2019-06-21 16:59:56 - [TEST_STEP][PASSED] - setViewPortSize(1000, 800, OPTIONAL): Viewport is set to new size with width = 1000 and height = 800

2019-06-21 16:59:56 - [MESSAGE][PASSED] - Viewport is set to new size with width = 1000 and height = 800

2019-06-21 16:59:56 - [TEST_STEP][PASSED] - delay(2, OPTIONAL): Delayed 2 second(s)

2019-06-21 16:59:58 - [MESSAGE][PASSED] - Delayed 2 second(s)

2019-06-21 16:59:58 - [TEST_STEP][PASSED] - click(findTestObject("Theme_oR/Page_Ontario Cannabis Store  Ontari/button_Hide bar"), OPTIONAL): Unable to click on object (Root cause: java.lang.IllegalArgumentException: Object is null)

2019-06-21 16:59:58 - [MESSAGE][WARNING] - Test object with id 'Object Repository/Theme_oR/Page_Ontario Cannabis Store  Ontari/button_Hide bar' does not exist

2019-06-21 16:59:58 - [MESSAGE][WARNING] - Test object with id 'Object Repository/' does not exist

2019-06-21 16:59:59 - [MESSAGE][WARNING] - Unable to click on object (Root cause: java.lang.IllegalArgumentException: Object is null)
[[ATTACHMENT|/Users/sumankompelly/Relative xpath-Mobile/Reports/OCS - 1.11.0/20190621_165048/1561150798660.png]]

2019-06-21 16:59:59 - [TEST_STEP][PASSED] - setViewPortSize(360, 800, OPTIONAL): Viewport is set to new size with width = 360 and height = 800

2019-06-21 16:59:59 - [MESSAGE][PASSED] - Viewport is set to new size with width = 360 and height = 800

2019-06-21 16:59:59 - [TEST_STEP][PASSED] - delay(2, OPTIONAL): Delayed 2 second(s)

2019-06-21 17:00:01 - [MESSAGE][PASSED] - Delayed 2 second(s)

2019-06-21 17:00:01 - [TEST_STEP][PASSED] - delay(2): Delayed 2 second(s)

2019-06-21 17:00:03 - [MESSAGE][PASSED] - Delayed 2 second(s)

2019-06-21 17:00:03 - [TEST_STEP][PASSED] - executeJavaScript("var previewBar = document.getElementById("preview-bar-iframe"); previewBar.style.display = "none";", []): Execute JavaScript 'var previewBar = document.getElementById("preview-bar-iframe"); previewBar.style.display = "none";' successfully

2019-06-21 17:00:03 - [MESSAGE][PASSED] - Execute JavaScript 'var previewBar = document.getElementById("preview-bar-iframe"); previewBar.style.display = "none";' successfully

2019-06-21 17:00:03 - [TEST_STEP][PASSED] - click(findTestObject("OCS-MOBILE /Home - page/Help us improve OCS.ca"), CONTINUE_ON_FAILURE): Object: 'Object Repository/OCS-MOBILE /Home - page/Help us improve OCS.ca' is clicked on

2019-06-21 17:00:03 - [MESSAGE][PASSED] - Object: 'Object Repository/OCS-MOBILE /Home - page/Help us improve OCS.ca' is clicked on

2019-06-21 17:00:03 - [TEST_STEP][PASSED] - delay(2): Delayed 2 second(s)

2019-06-21 17:00:05 - [MESSAGE][PASSED] - Delayed 2 second(s)

2019-06-21 17:00:05 - [TEST_STEP][PASSED] - setViewPortSize(1000, 800, OPTIONAL): Viewport is set to new size with width = 1000 and height = 800

2019-06-21 17:00:05 - [MESSAGE][PASSED] - Viewport is set to new size with width = 1000 and height = 800

2019-06-21 17:00:05 - [TEST_STEP][PASSED] - delay(2, OPTIONAL): Delayed 2 second(s)

2019-06-21 17:00:07 - [MESSAGE][PASSED] - Delayed 2 second(s)

2019-06-21 17:00:07 - [TEST_STEP][PASSED] - click(findTestObject("Theme_oR/Page_Ontario Cannabis Store  Ontari/button_Hide bar"), OPTIONAL): Unable to click on object (Root cause: java.lang.IllegalArgumentException: Object is null)

2019-06-21 17:00:07 - [MESSAGE][WARNING] - Test object with id 'Object Repository/Theme_oR/Page_Ontario Cannabis Store  Ontari/button_Hide bar' does not exist

2019-06-21 17:00:07 - [MESSAGE][WARNING] - Test object with id 'Object Repository/' does not exist

2019-06-21 17:00:08 - [MESSAGE][WARNING] - Unable to click on object (Root cause: java.lang.IllegalArgumentException: Object is null)
[[ATTACHMENT|/Users/sumankompelly/Relative xpath-Mobile/Reports/OCS - 1.11.0/20190621_165048/1561150807553.png]]

2019-06-21 17:00:08 - [TEST_STEP][PASSED] - setViewPortSize(360, 800, OPTIONAL): Viewport is set to new size with width = 360 and height = 800

2019-06-21 17:00:08 - [MESSAGE][PASSED] - Viewport is set to new size with width = 360 and height = 800

2019-06-21 17:00:08 - [TEST_STEP][PASSED] - delay(2, OPTIONAL): Delayed 2 second(s)

2019-06-21 17:00:10 - [MESSAGE][PASSED] - Delayed 2 second(s)

2019-06-21 17:00:10 - [TEST_STEP][PASSED] - delay(2): Delayed 2 second(s)

2019-06-21 17:00:12 - [MESSAGE][PASSED] - Delayed 2 second(s)

2019-06-21 17:00:12 - [TEST_STEP][PASSED] - executeJavaScript("var previewBar = document.getElementById("preview-bar-iframe"); previewBar.style.display = "none";", []): Execute JavaScript 'var previewBar = document.getElementById("preview-bar-iframe"); previewBar.style.display = "none";' successfully

2019-06-21 17:00:12 - [MESSAGE][PASSED] - Execute JavaScript 'var previewBar = document.getElementById("preview-bar-iframe"); previewBar.style.display = "none";' successfully

2019-06-21 17:00:12 - [TEST_STEP][PASSED] - click(findTestObject("OCS-MOBILE /Home - page/Terms and Conditions")): Object: 'Object Repository/OCS-MOBILE /Home - page/Terms and Conditions' is clicked on

2019-06-21 17:00:15 - [MESSAGE][PASSED] - Object: 'Object Repository/OCS-MOBILE /Home - page/Terms and Conditions' is clicked on

2019-06-21 17:00:15 - [TEST_STEP][PASSED] - delay(2): Delayed 2 second(s)

2019-06-21 17:00:17 - [MESSAGE][PASSED] - Delayed 2 second(s)

2019-06-21 17:00:17 - [TEST_STEP][PASSED] - setViewPortSize(1000, 800, OPTIONAL): Viewport is set to new size with width = 1000 and height = 800

2019-06-21 17:00:17 - [MESSAGE][PASSED] - Viewport is set to new size with width = 1000 and height = 800

2019-06-21 17:00:17 - [TEST_STEP][PASSED] - delay(2, OPTIONAL): Delayed 2 second(s)

2019-06-21 17:00:19 - [MESSAGE][PASSED] - Delayed 2 second(s)

2019-06-21 17:00:19 - [TEST_STEP][PASSED] - click(findTestObject("Theme_oR/Page_Ontario Cannabis Store  Ontari/button_Hide bar"), OPTIONAL): Unable to click on object (Root cause: java.lang.IllegalArgumentException: Object is null)

2019-06-21 17:00:19 - [MESSAGE][WARNING] - Test object with id 'Object Repository/Theme_oR/Page_Ontario Cannabis Store  Ontari/button_Hide bar' does not exist

2019-06-21 17:00:19 - [MESSAGE][WARNING] - Test object with id 'Object Repository/' does not exist

2019-06-21 17:00:20 - [MESSAGE][WARNING] - Unable to click on object (Root cause: java.lang.IllegalArgumentException: Object is null)
[[ATTACHMENT|/Users/sumankompelly/Relative xpath-Mobile/Reports/OCS - 1.11.0/20190621_165048/1561150819744.png]]

2019-06-21 17:00:20 - [TEST_STEP][PASSED] - setViewPortSize(360, 800, OPTIONAL): Viewport is set to new size with width = 360 and height = 800

2019-06-21 17:00:20 - [MESSAGE][PASSED] - Viewport is set to new size with width = 360 and height = 800

2019-06-21 17:00:20 - [TEST_STEP][PASSED] - delay(2, OPTIONAL): Delayed 2 second(s)

2019-06-21 17:00:22 - [MESSAGE][PASSED] - Delayed 2 second(s)

2019-06-21 17:00:22 - [TEST_STEP][PASSED] - delay(2): Delayed 2 second(s)

2019-06-21 17:00:24 - [MESSAGE][PASSED] - Delayed 2 second(s)

2019-06-21 17:00:24 - [TEST_STEP][PASSED] - executeJavaScript("var previewBar = document.getElementById("preview-bar-iframe"); previewBar.style.display = "none";", []): Execute JavaScript 'var previewBar = document.getElementById("preview-bar-iframe"); previewBar.style.display = "none";' successfully

2019-06-21 17:00:24 - [MESSAGE][PASSED] - Execute JavaScript 'var previewBar = document.getElementById("preview-bar-iframe"); previewBar.style.display = "none";' successfully

2019-06-21 17:00:24 - [TEST_STEP][PASSED] - click(findTestObject("OCS-MOBILE /Home - page/Privacy")): Object: 'Object Repository/OCS-MOBILE /Home - page/Privacy' is clicked on

2019-06-21 17:00:27 - [MESSAGE][PASSED] - Object: 'Object Repository/OCS-MOBILE /Home - page/Privacy' is clicked on

2019-06-21 17:00:27 - [TEST_STEP][PASSED] - delay(2): Delayed 2 second(s)

2019-06-21 17:00:29 - [MESSAGE][PASSED] - Delayed 2 second(s)

2019-06-21 17:00:29 - [TEST_STEP][PASSED] - setViewPortSize(1000, 800, OPTIONAL): Viewport is set to new size with width = 1000 and height = 800

2019-06-21 17:00:29 - [MESSAGE][PASSED] - Viewport is set to new size with width = 1000 and height = 800

2019-06-21 17:00:29 - [TEST_STEP][PASSED] - delay(2, OPTIONAL): Delayed 2 second(s)

2019-06-21 17:00:31 - [MESSAGE][PASSED] - Delayed 2 second(s)

2019-06-21 17:00:31 - [TEST_STEP][PASSED] - click(findTestObject("Theme_oR/Page_Ontario Cannabis Store  Ontari/button_Hide bar"), OPTIONAL): Unable to click on object (Root cause: java.lang.IllegalArgumentException: Object is null)

2019-06-21 17:00:31 - [MESSAGE][WARNING] - Test object with id 'Object Repository/Theme_oR/Page_Ontario Cannabis Store  Ontari/button_Hide bar' does not exist

2019-06-21 17:00:31 - [MESSAGE][WARNING] - Test object with id 'Object Repository/' does not exist

2019-06-21 17:00:31 - [MESSAGE][WARNING] - Unable to click on object (Root cause: java.lang.IllegalArgumentException: Object is null)
[[ATTACHMENT|/Users/sumankompelly/Relative xpath-Mobile/Reports/OCS - 1.11.0/20190621_165048/1561150831145.png]]

2019-06-21 17:00:31 - [TEST_STEP][PASSED] - setViewPortSize(360, 800, OPTIONAL): Viewport is set to new size with width = 360 and height = 800

2019-06-21 17:00:31 - [MESSAGE][PASSED] - Viewport is set to new size with width = 360 and height = 800

2019-06-21 17:00:31 - [TEST_STEP][PASSED] - delay(2, OPTIONAL): Delayed 2 second(s)

2019-06-21 17:00:33 - [MESSAGE][PASSED] - Delayed 2 second(s)

2019-06-21 17:00:33 - [TEST_STEP][PASSED] - delay(2): Delayed 2 second(s)

2019-06-21 17:00:35 - [MESSAGE][PASSED] - Delayed 2 second(s)

2019-06-21 17:00:35 - [TEST_STEP][PASSED] - executeJavaScript("var previewBar = document.getElementById("preview-bar-iframe"); previewBar.style.display = "none";", []): Execute JavaScript 'var previewBar = document.getElementById("preview-bar-iframe"); previewBar.style.display = "none";' successfully

2019-06-21 17:00:35 - [MESSAGE][PASSED] - Execute JavaScript 'var previewBar = document.getElementById("preview-bar-iframe"); previewBar.style.display = "none";' successfully

2019-06-21 17:00:35 - [TEST_STEP][PASSED] - click(findTestObject("OCS-MOBILE /Home - page/Accessibility")): Object: 'Object Repository/OCS-MOBILE /Home - page/Accessibility' is clicked on

2019-06-21 17:00:38 - [MESSAGE][PASSED] - Object: 'Object Repository/OCS-MOBILE /Home - page/Accessibility' is clicked on

2019-06-21 17:00:38 - [TEST_STEP][PASSED] - delay(2): Delayed 2 second(s)

2019-06-21 17:00:40 - [MESSAGE][PASSED] - Delayed 2 second(s)

2019-06-21 17:00:40 - [TEST_STEP][PASSED] - setViewPortSize(1000, 800, OPTIONAL): Viewport is set to new size with width = 1000 and height = 800

2019-06-21 17:00:40 - [MESSAGE][PASSED] - Viewport is set to new size with width = 1000 and height = 800

2019-06-21 17:00:40 - [TEST_STEP][PASSED] - delay(2, OPTIONAL): Delayed 2 second(s)

2019-06-21 17:00:42 - [MESSAGE][PASSED] - Delayed 2 second(s)

2019-06-21 17:00:42 - [TEST_STEP][PASSED] - click(findTestObject("Theme_oR/Page_Ontario Cannabis Store  Ontari/button_Hide bar"), OPTIONAL): Unable to click on object (Root cause: java.lang.IllegalArgumentException: Object is null)

2019-06-21 17:00:42 - [MESSAGE][WARNING] - Test object with id 'Object Repository/Theme_oR/Page_Ontario Cannabis Store  Ontari/button_Hide bar' does not exist

2019-06-21 17:00:42 - [MESSAGE][WARNING] - Test object with id 'Object Repository/' does not exist

2019-06-21 17:00:43 - [MESSAGE][WARNING] - Unable to click on object (Root cause: java.lang.IllegalArgumentException: Object is null)
[[ATTACHMENT|/Users/sumankompelly/Relative xpath-Mobile/Reports/OCS - 1.11.0/20190621_165048/1561150842765.png]]

2019-06-21 17:00:43 - [TEST_STEP][PASSED] - setViewPortSize(360, 800, OPTIONAL): Viewport is set to new size with width = 360 and height = 800

2019-06-21 17:00:43 - [MESSAGE][PASSED] - Viewport is set to new size with width = 360 and height = 800

2019-06-21 17:00:43 - [TEST_STEP][PASSED] - delay(2, OPTIONAL): Delayed 2 second(s)

2019-06-21 17:00:45 - [MESSAGE][PASSED] - Delayed 2 second(s)

2019-06-21 17:00:45 - [TEST_STEP][PASSED] - delay(2): Delayed 2 second(s)

2019-06-21 17:00:47 - [MESSAGE][PASSED] - Delayed 2 second(s)

2019-06-21 17:00:47 - [TEST_STEP][PASSED] - executeJavaScript("var previewBar = document.getElementById("preview-bar-iframe"); previewBar.style.display = "none";", []): Execute JavaScript 'var previewBar = document.getElementById("preview-bar-iframe"); previewBar.style.display = "none";' successfully

2019-06-21 17:00:47 - [MESSAGE][PASSED] - Execute JavaScript 'var previewBar = document.getElementById("preview-bar-iframe"); previewBar.style.display = "none";' successfully

2019-06-21 17:00:47 - [TEST_STEP][PASSED] - click(findTestObject("OCS-MOBILE /Home - page/Delivery to First Nations")): Object: 'Object Repository/OCS-MOBILE /Home - page/Delivery to First Nations' is clicked on

2019-06-21 17:00:50 - [MESSAGE][PASSED] - Object: 'Object Repository/OCS-MOBILE /Home - page/Delivery to First Nations' is clicked on

2019-06-21 17:00:50 - [TEST_STEP][PASSED] - delay(2): Delayed 2 second(s)

2019-06-21 17:00:52 - [MESSAGE][PASSED] - Delayed 2 second(s)

2019-06-21 17:00:52 - [TEST_STEP][PASSED] - setViewPortSize(1000, 800, OPTIONAL): Viewport is set to new size with width = 1000 and height = 800

2019-06-21 17:00:52 - [MESSAGE][PASSED] - Viewport is set to new size with width = 1000 and height = 800

2019-06-21 17:00:52 - [TEST_STEP][PASSED] - delay(2, OPTIONAL): Delayed 2 second(s)

2019-06-21 17:00:54 - [MESSAGE][PASSED] - Delayed 2 second(s)

2019-06-21 17:00:54 - [TEST_STEP][PASSED] - click(findTestObject("Theme_oR/Page_Ontario Cannabis Store  Ontari/button_Hide bar"), OPTIONAL): Unable to click on object (Root cause: java.lang.IllegalArgumentException: Object is null)

2019-06-21 17:00:54 - [MESSAGE][WARNING] - Test object with id 'Object Repository/Theme_oR/Page_Ontario Cannabis Store  Ontari/button_Hide bar' does not exist

2019-06-21 17:00:54 - [MESSAGE][WARNING] - Test object with id 'Object Repository/' does not exist

2019-06-21 17:00:55 - [MESSAGE][WARNING] - Unable to click on object (Root cause: java.lang.IllegalArgumentException: Object is null)
[[ATTACHMENT|/Users/sumankompelly/Relative xpath-Mobile/Reports/OCS - 1.11.0/20190621_165048/1561150854715.png]]

2019-06-21 17:00:55 - [TEST_STEP][PASSED] - setViewPortSize(360, 800, OPTIONAL): Viewport is set to new size with width = 360 and height = 800

2019-06-21 17:00:55 - [MESSAGE][PASSED] - Viewport is set to new size with width = 360 and height = 800

2019-06-21 17:00:55 - [TEST_STEP][PASSED] - delay(2, OPTIONAL): Delayed 2 second(s)

2019-06-21 17:00:57 - [MESSAGE][PASSED] - Delayed 2 second(s)

2019-06-21 17:00:57 - [TEST_STEP][PASSED] - delay(2): Delayed 2 second(s)

2019-06-21 17:00:59 - [MESSAGE][PASSED] - Delayed 2 second(s)

2019-06-21 17:00:59 - [TEST_STEP][PASSED] - executeJavaScript("var previewBar = document.getElementById("preview-bar-iframe"); previewBar.style.display = "none";", []): Execute JavaScript 'var previewBar = document.getElementById("preview-bar-iframe"); previewBar.style.display = "none";' successfully

2019-06-21 17:00:59 - [MESSAGE][PASSED] - Execute JavaScript 'var previewBar = document.getElementById("preview-bar-iframe"); previewBar.style.display = "none";' successfully

2019-06-21 17:00:59 - [TEST_STEP][PASSED] - click(findTestObject("OCS-MOBILE /Home - page/Hello OCS image")): Object: 'Object Repository/OCS-MOBILE /Home - page/Hello OCS image' is clicked on

2019-06-21 17:00:59 - [MESSAGE][PASSED] - Object: 'Object Repository/OCS-MOBILE /Home - page/Hello OCS image' is clicked on

2019-06-21 17:00:59 - [TEST_STEP][PASSED] - delay(2): Delayed 2 second(s)

2019-06-21 17:01:01 - [MESSAGE][PASSED] - Delayed 2 second(s)

2019-06-21 17:01:01 - [TEST_STEP][PASSED] - setViewPortSize(1000, 800, OPTIONAL): Viewport is set to new size with width = 1000 and height = 800

2019-06-21 17:01:01 - [MESSAGE][PASSED] - Viewport is set to new size with width = 1000 and height = 800

2019-06-21 17:01:01 - [TEST_STEP][PASSED] - delay(2, OPTIONAL): Delayed 2 second(s)

2019-06-21 17:01:03 - [MESSAGE][PASSED] - Delayed 2 second(s)

2019-06-21 17:01:03 - [TEST_STEP][PASSED] - click(findTestObject("Theme_oR/Page_Ontario Cannabis Store  Ontari/button_Hide bar"), OPTIONAL): Unable to click on object (Root cause: java.lang.IllegalArgumentException: Object is null)

2019-06-21 17:01:03 - [MESSAGE][WARNING] - Test object with id 'Object Repository/Theme_oR/Page_Ontario Cannabis Store  Ontari/button_Hide bar' does not exist

2019-06-21 17:01:03 - [MESSAGE][WARNING] - Test object with id 'Object Repository/' does not exist

2019-06-21 17:01:03 - [MESSAGE][WARNING] - Unable to click on object (Root cause: java.lang.IllegalArgumentException: Object is null)
[[ATTACHMENT|/Users/sumankompelly/Relative xpath-Mobile/Reports/OCS - 1.11.0/20190621_165048/1561150863517.png]]

2019-06-21 17:01:03 - [TEST_STEP][PASSED] - setViewPortSize(360, 800, OPTIONAL): Viewport is set to new size with width = 360 and height = 800

2019-06-21 17:01:04 - [MESSAGE][PASSED] - Viewport is set to new size with width = 360 and height = 800

2019-06-21 17:01:04 - [TEST_STEP][PASSED] - delay(2, OPTIONAL): Delayed 2 second(s)

2019-06-21 17:01:06 - [MESSAGE][PASSED] - Delayed 2 second(s)

2019-06-21 17:01:06 - [TEST_STEP][PASSED] - delay(2): Delayed 2 second(s)

2019-06-21 17:01:08 - [MESSAGE][PASSED] - Delayed 2 second(s)

2019-06-21 17:01:08 - [TEST_STEP][PASSED] - click(findTestObject("OCS-MOBILE /Home - page/twitter")): Object: 'Object Repository/OCS-MOBILE /Home - page/twitter' is clicked on

2019-06-21 17:01:08 - [MESSAGE][PASSED] - Object: 'Object Repository/OCS-MOBILE /Home - page/twitter' is clicked on]]></system-out>
         <system-err><![CDATA[]]></system-err>
      </testcase>
      <testcase name="Test Cases/OCS - MOBILE/OCS- HOME PAGE/why trust OCS" classname="Test Cases/OCS - MOBILE/OCS- HOME PAGE/why trust OCS" status="PASSED">
         <system-out><![CDATA[2019-06-21 17:01:08 - [TEST_CASE][PASSED] - Test Cases/OCS - MOBILE/OCS- HOME PAGE/why trust OCS: Test Cases/OCS - MOBILE/OCS- HOME PAGE/why trust OCS

2019-06-21 17:01:08 - [TEST_STEP][PASSED] - callTestCase(findTestCase("OCS - MOBILE/CALL - AGE GATE"), [:], STOP_ON_FAILURE): Call Test Case 'Test Cases/OCS - MOBILE/CALL - AGE GATE' successfully

2019-06-21 17:01:08 - [TEST_CASE][PASSED] - Test Cases/OCS - MOBILE/CALL - AGE GATE: Test Cases/OCS - MOBILE/CALL - AGE GATE

2019-06-21 17:01:08 - [TEST_STEP][PASSED] - openBrowser(""): Browser is opened with url: ''

2019-06-21 17:01:08 - [MESSAGE][WARNING] - A browser is already opened. Closing browser and opening a new one

2019-06-21 17:01:08 - [MESSAGE][INFO] - Starting 'Chrome' driver

2019-06-21 17:01:09 - [MESSAGE][PASSED] - Browser is opened with url: ''

2019-06-21 17:01:09 - [TEST_STEP][PASSED] - navigateToUrl("https://ocs.ca/?fts=0&preview_theme_id=74057975628"): Navigate to 'https://ocs.ca/?fts=0&preview_theme_id=74057975628' successfully

2019-06-21 17:01:12 - [MESSAGE][PASSED] - Navigate to 'https://ocs.ca/?fts=0&preview_theme_id=74057975628' successfully

2019-06-21 17:01:12 - [TEST_STEP][PASSED] - executeJavaScript("var previewBar = document.getElementById("preview-bar-iframe"); previewBar.style.display = "none";", []): Execute JavaScript 'var previewBar = document.getElementById("preview-bar-iframe"); previewBar.style.display = "none";' successfully

2019-06-21 17:01:12 - [MESSAGE][PASSED] - Execute JavaScript 'var previewBar = document.getElementById("preview-bar-iframe"); previewBar.style.display = "none";' successfully

2019-06-21 17:01:12 - [TEST_STEP][PASSED] - setViewPortSize(360, 800): Viewport is set to new size with width = 360 and height = 800

2019-06-21 17:01:12 - [MESSAGE][PASSED] - Viewport is set to new size with width = 360 and height = 800

2019-06-21 17:01:12 - [TEST_STEP][PASSED] - delay(4): Delayed 4 second(s)

2019-06-21 17:01:16 - [MESSAGE][PASSED] - Delayed 4 second(s)

2019-06-21 17:01:16 - [TEST_STEP][PASSED] - selectOptionByValue(findTestObject("OCS-MOBILE /Age gate and burger menu/Date"), "12", true): All options with value '12' are selected in object 'Object Repository/OCS-MOBILE /Age gate and burger menu/Date'  using regular expression

2019-06-21 17:01:17 - [MESSAGE][PASSED] - All options with value '12' are selected in object 'Object Repository/OCS-MOBILE /Age gate and burger menu/Date'  using regular expression

2019-06-21 17:01:17 - [TEST_STEP][PASSED] - selectOptionByValue(findTestObject("OCS-MOBILE /Age gate and burger menu/month"), "6", true): All options with value '6' are selected in object 'Object Repository/OCS-MOBILE /Age gate and burger menu/month'  using regular expression

2019-06-21 17:01:17 - [MESSAGE][PASSED] - All options with value '6' are selected in object 'Object Repository/OCS-MOBILE /Age gate and burger menu/month'  using regular expression

2019-06-21 17:01:17 - [TEST_STEP][PASSED] - delay(2): Delayed 2 second(s)

2019-06-21 17:01:19 - [MESSAGE][PASSED] - Delayed 2 second(s)

2019-06-21 17:01:19 - [TEST_STEP][PASSED] - selectOptionByValue(findTestObject("OCS-MOBILE /Age gate and burger menu/Year Dropdown"), "1990", true): All options with value '1990' are selected in object 'Object Repository/OCS-MOBILE /Age gate and burger menu/Year Dropdown'  using regular expression

2019-06-21 17:01:20 - [MESSAGE][PASSED] - All options with value '1990' are selected in object 'Object Repository/OCS-MOBILE /Age gate and burger menu/Year Dropdown'  using regular expression

2019-06-21 17:01:20 - [TEST_STEP][PASSED] - click(findTestObject("OCS-MOBILE /Age gate and Mega menu/button_Verify")): Object: 'Object Repository/OCS-MOBILE /Age gate and Mega menu/button_Verify' is clicked on

2019-06-21 17:01:20 - [MESSAGE][PASSED] - Object: 'Object Repository/OCS-MOBILE /Age gate and Mega menu/button_Verify' is clicked on

2019-06-21 17:01:20 - [TEST_STEP][PASSED] - click(findTestObject("OCS-MOBILE /Age gate and Mega menu/Checkbox_CONFIRM AND ACKNOWLEDGE")): Object: 'Object Repository/OCS-MOBILE /Age gate and Mega menu/Checkbox_CONFIRM AND ACKNOWLEDGE' is clicked on

2019-06-21 17:01:20 - [MESSAGE][PASSED] - Object: 'Object Repository/OCS-MOBILE /Age gate and Mega menu/Checkbox_CONFIRM AND ACKNOWLEDGE' is clicked on

2019-06-21 17:01:20 - [TEST_STEP][PASSED] - click(findTestObject("OCS-MOBILE /Age gate and Mega menu/button_CONFIRM")): Object: 'Object Repository/OCS-MOBILE /Age gate and Mega menu/button_CONFIRM' is clicked on

2019-06-21 17:01:20 - [MESSAGE][PASSED] - Object: 'Object Repository/OCS-MOBILE /Age gate and Mega menu/button_CONFIRM' is clicked on

2019-06-21 17:01:20 - [TEST_STEP][PASSED] - click(findTestObject("OCS-MOBILE /Age gate and Mega menu/button_Start Browsing")): Object: 'Object Repository/OCS-MOBILE /Age gate and Mega menu/button_Start Browsing' is clicked on

2019-06-21 17:01:21 - [MESSAGE][PASSED] - Object: 'Object Repository/OCS-MOBILE /Age gate and Mega menu/button_Start Browsing' is clicked on

2019-06-21 17:01:21 - [TEST_STEP][PASSED] - refresh(): Refresh successfully

2019-06-21 17:01:21 - [MESSAGE][PASSED] - Refresh successfully

2019-06-21 17:01:21 - [TEST_STEP][PASSED] - executeJavaScript("var previewBar = document.getElementById("preview-bar-iframe"); previewBar.style.display = "none";", []): Execute JavaScript 'var previewBar = document.getElementById("preview-bar-iframe"); previewBar.style.display = "none";' successfully

2019-06-21 17:01:23 - [MESSAGE][PASSED] - Execute JavaScript 'var previewBar = document.getElementById("preview-bar-iframe"); previewBar.style.display = "none";' successfully

2019-06-21 17:01:23 - [MESSAGE][PASSED] - Call Test Case 'Test Cases/OCS - MOBILE/CALL - AGE GATE' successfully

2019-06-21 17:01:23 - [TEST_STEP][PASSED] - delay(2): Delayed 2 second(s)

2019-06-21 17:01:25 - [MESSAGE][PASSED] - Delayed 2 second(s)

2019-06-21 17:01:25 - [TEST_STEP][PASSED] - executeJavaScript("var previewBar = document.getElementById("preview-bar-iframe"); previewBar.style.display = "none";", []): Execute JavaScript 'var previewBar = document.getElementById("preview-bar-iframe"); previewBar.style.display = "none";' successfully

2019-06-21 17:01:25 - [MESSAGE][PASSED] - Execute JavaScript 'var previewBar = document.getElementById("preview-bar-iframe"); previewBar.style.display = "none";' successfully

2019-06-21 17:01:25 - [TEST_STEP][PASSED] - setViewPortSize(1000, 800, OPTIONAL): Viewport is set to new size with width = 1000 and height = 800

2019-06-21 17:01:25 - [MESSAGE][PASSED] - Viewport is set to new size with width = 1000 and height = 800

2019-06-21 17:01:25 - [TEST_STEP][PASSED] - delay(2, OPTIONAL): Delayed 2 second(s)

2019-06-21 17:01:27 - [MESSAGE][PASSED] - Delayed 2 second(s)

2019-06-21 17:01:27 - [TEST_STEP][PASSED] - click(findTestObject("Theme_oR/Page_Ontario Cannabis Store  Ontari/button_Hide bar"), OPTIONAL): Unable to click on object (Root cause: java.lang.IllegalArgumentException: Object is null)

2019-06-21 17:01:27 - [MESSAGE][WARNING] - Test object with id 'Object Repository/Theme_oR/Page_Ontario Cannabis Store  Ontari/button_Hide bar' does not exist

2019-06-21 17:01:27 - [MESSAGE][WARNING] - Test object with id 'Object Repository/' does not exist

2019-06-21 17:01:28 - [MESSAGE][WARNING] - Unable to click on object (Root cause: java.lang.IllegalArgumentException: Object is null)
[[ATTACHMENT|/Users/sumankompelly/Relative xpath-Mobile/Reports/OCS - 1.11.0/20190621_165048/1561150887962.png]]

2019-06-21 17:01:28 - [TEST_STEP][PASSED] - delay(2, OPTIONAL): Delayed 2 second(s)

2019-06-21 17:01:30 - [MESSAGE][PASSED] - Delayed 2 second(s)

2019-06-21 17:01:30 - [TEST_STEP][PASSED] - setViewPortSize(360, 800, OPTIONAL): Viewport is set to new size with width = 360 and height = 800

2019-06-21 17:01:30 - [MESSAGE][PASSED] - Viewport is set to new size with width = 360 and height = 800

2019-06-21 17:01:30 - [TEST_STEP][PASSED] - delay(1, OPTIONAL): Delayed 1 second(s)

2019-06-21 17:01:31 - [MESSAGE][PASSED] - Delayed 1 second(s)

2019-06-21 17:01:31 - [TEST_STEP][PASSED] - click(findTestObject("OCS-MOBILE /Home - page/Why trust OCS -img")): Object: 'Object Repository/OCS-MOBILE /Home - page/Why trust OCS -img' is clicked on

2019-06-21 17:01:35 - [MESSAGE][PASSED] - Object: 'Object Repository/OCS-MOBILE /Home - page/Why trust OCS -img' is clicked on]]></system-out>
         <system-err><![CDATA[]]></system-err>
      </testcase>
      <testcase name="Test Cases/OCS - MOBILE/OCS- HOME PAGE/How to choose cannabis-learn more" classname="Test Cases/OCS - MOBILE/OCS- HOME PAGE/How to choose cannabis-learn more" status="PASSED">
         <system-out><![CDATA[2019-06-21 17:01:35 - [TEST_CASE][PASSED] - Test Cases/OCS - MOBILE/OCS- HOME PAGE/How to choose cannabis-learn more: Test Cases/OCS - MOBILE/OCS- HOME PAGE/How to choose cannabis-learn more

2019-06-21 17:01:35 - [TEST_STEP][PASSED] - callTestCase(findTestCase("OCS - MOBILE/CALL - AGE GATE"), [:], STOP_ON_FAILURE): Call Test Case 'Test Cases/OCS - MOBILE/CALL - AGE GATE' successfully

2019-06-21 17:01:35 - [TEST_CASE][PASSED] - Test Cases/OCS - MOBILE/CALL - AGE GATE: Test Cases/OCS - MOBILE/CALL - AGE GATE

2019-06-21 17:01:35 - [TEST_STEP][PASSED] - openBrowser(""): Browser is opened with url: ''

2019-06-21 17:01:35 - [MESSAGE][WARNING] - A browser is already opened. Closing browser and opening a new one

2019-06-21 17:01:36 - [MESSAGE][INFO] - Starting 'Chrome' driver

2019-06-21 17:01:37 - [MESSAGE][PASSED] - Browser is opened with url: ''

2019-06-21 17:01:37 - [TEST_STEP][PASSED] - navigateToUrl("https://ocs.ca/?fts=0&preview_theme_id=74057975628"): Navigate to 'https://ocs.ca/?fts=0&preview_theme_id=74057975628' successfully

2019-06-21 17:01:40 - [MESSAGE][PASSED] - Navigate to 'https://ocs.ca/?fts=0&preview_theme_id=74057975628' successfully

2019-06-21 17:01:40 - [TEST_STEP][PASSED] - executeJavaScript("var previewBar = document.getElementById("preview-bar-iframe"); previewBar.style.display = "none";", []): Execute JavaScript 'var previewBar = document.getElementById("preview-bar-iframe"); previewBar.style.display = "none";' successfully

2019-06-21 17:01:40 - [MESSAGE][PASSED] - Execute JavaScript 'var previewBar = document.getElementById("preview-bar-iframe"); previewBar.style.display = "none";' successfully

2019-06-21 17:01:40 - [TEST_STEP][PASSED] - setViewPortSize(360, 800): Viewport is set to new size with width = 360 and height = 800

2019-06-21 17:01:40 - [MESSAGE][PASSED] - Viewport is set to new size with width = 360 and height = 800

2019-06-21 17:01:40 - [TEST_STEP][PASSED] - delay(4): Delayed 4 second(s)

2019-06-21 17:01:44 - [MESSAGE][PASSED] - Delayed 4 second(s)

2019-06-21 17:01:44 - [TEST_STEP][PASSED] - selectOptionByValue(findTestObject("OCS-MOBILE /Age gate and burger menu/Date"), "12", true): All options with value '12' are selected in object 'Object Repository/OCS-MOBILE /Age gate and burger menu/Date'  using regular expression

2019-06-21 17:01:44 - [MESSAGE][PASSED] - All options with value '12' are selected in object 'Object Repository/OCS-MOBILE /Age gate and burger menu/Date'  using regular expression

2019-06-21 17:01:44 - [TEST_STEP][PASSED] - selectOptionByValue(findTestObject("OCS-MOBILE /Age gate and burger menu/month"), "6", true): All options with value '6' are selected in object 'Object Repository/OCS-MOBILE /Age gate and burger menu/month'  using regular expression

2019-06-21 17:01:44 - [MESSAGE][PASSED] - All options with value '6' are selected in object 'Object Repository/OCS-MOBILE /Age gate and burger menu/month'  using regular expression

2019-06-21 17:01:44 - [TEST_STEP][PASSED] - delay(2): Delayed 2 second(s)

2019-06-21 17:01:46 - [MESSAGE][PASSED] - Delayed 2 second(s)

2019-06-21 17:01:46 - [TEST_STEP][PASSED] - selectOptionByValue(findTestObject("OCS-MOBILE /Age gate and burger menu/Year Dropdown"), "1990", true): All options with value '1990' are selected in object 'Object Repository/OCS-MOBILE /Age gate and burger menu/Year Dropdown'  using regular expression

2019-06-21 17:01:48 - [MESSAGE][PASSED] - All options with value '1990' are selected in object 'Object Repository/OCS-MOBILE /Age gate and burger menu/Year Dropdown'  using regular expression

2019-06-21 17:01:48 - [TEST_STEP][PASSED] - click(findTestObject("OCS-MOBILE /Age gate and Mega menu/button_Verify")): Object: 'Object Repository/OCS-MOBILE /Age gate and Mega menu/button_Verify' is clicked on

2019-06-21 17:01:48 - [MESSAGE][PASSED] - Object: 'Object Repository/OCS-MOBILE /Age gate and Mega menu/button_Verify' is clicked on

2019-06-21 17:01:48 - [TEST_STEP][PASSED] - click(findTestObject("OCS-MOBILE /Age gate and Mega menu/Checkbox_CONFIRM AND ACKNOWLEDGE")): Object: 'Object Repository/OCS-MOBILE /Age gate and Mega menu/Checkbox_CONFIRM AND ACKNOWLEDGE' is clicked on

2019-06-21 17:01:48 - [MESSAGE][PASSED] - Object: 'Object Repository/OCS-MOBILE /Age gate and Mega menu/Checkbox_CONFIRM AND ACKNOWLEDGE' is clicked on

2019-06-21 17:01:48 - [TEST_STEP][PASSED] - click(findTestObject("OCS-MOBILE /Age gate and Mega menu/button_CONFIRM")): Object: 'Object Repository/OCS-MOBILE /Age gate and Mega menu/button_CONFIRM' is clicked on

2019-06-21 17:01:48 - [MESSAGE][PASSED] - Object: 'Object Repository/OCS-MOBILE /Age gate and Mega menu/button_CONFIRM' is clicked on

2019-06-21 17:01:48 - [TEST_STEP][PASSED] - click(findTestObject("OCS-MOBILE /Age gate and Mega menu/button_Start Browsing")): Object: 'Object Repository/OCS-MOBILE /Age gate and Mega menu/button_Start Browsing' is clicked on

2019-06-21 17:01:48 - [MESSAGE][PASSED] - Object: 'Object Repository/OCS-MOBILE /Age gate and Mega menu/button_Start Browsing' is clicked on

2019-06-21 17:01:48 - [TEST_STEP][PASSED] - refresh(): Refresh successfully

2019-06-21 17:01:51 - [MESSAGE][PASSED] - Refresh successfully

2019-06-21 17:01:51 - [TEST_STEP][PASSED] - executeJavaScript("var previewBar = document.getElementById("preview-bar-iframe"); previewBar.style.display = "none";", []): Execute JavaScript 'var previewBar = document.getElementById("preview-bar-iframe"); previewBar.style.display = "none";' successfully

2019-06-21 17:01:51 - [MESSAGE][PASSED] - Execute JavaScript 'var previewBar = document.getElementById("preview-bar-iframe"); previewBar.style.display = "none";' successfully

2019-06-21 17:01:51 - [MESSAGE][PASSED] - Call Test Case 'Test Cases/OCS - MOBILE/CALL - AGE GATE' successfully

2019-06-21 17:01:51 - [TEST_STEP][PASSED] - delay(2): Delayed 2 second(s)

2019-06-21 17:01:53 - [MESSAGE][PASSED] - Delayed 2 second(s)

2019-06-21 17:01:53 - [TEST_STEP][PASSED] - delay(2): Delayed 2 second(s)

2019-06-21 17:01:55 - [MESSAGE][PASSED] - Delayed 2 second(s)

2019-06-21 17:01:55 - [TEST_STEP][PASSED] - setViewPortSize(1000, 800, OPTIONAL): Viewport is set to new size with width = 1000 and height = 800

2019-06-21 17:01:55 - [MESSAGE][PASSED] - Viewport is set to new size with width = 1000 and height = 800

2019-06-21 17:01:55 - [TEST_STEP][PASSED] - delay(2, OPTIONAL): Delayed 2 second(s)

2019-06-21 17:01:57 - [MESSAGE][PASSED] - Delayed 2 second(s)

2019-06-21 17:01:57 - [TEST_STEP][PASSED] - click(findTestObject("Theme_oR/Page_Ontario Cannabis Store  Ontari/button_Hide bar"), OPTIONAL): Unable to click on object (Root cause: java.lang.IllegalArgumentException: Object is null)

2019-06-21 17:01:57 - [MESSAGE][WARNING] - Test object with id 'Object Repository/Theme_oR/Page_Ontario Cannabis Store  Ontari/button_Hide bar' does not exist

2019-06-21 17:01:57 - [MESSAGE][WARNING] - Test object with id 'Object Repository/' does not exist

2019-06-21 17:01:58 - [MESSAGE][WARNING] - Unable to click on object (Root cause: java.lang.IllegalArgumentException: Object is null)
[[ATTACHMENT|/Users/sumankompelly/Relative xpath-Mobile/Reports/OCS - 1.11.0/20190621_165048/1561150917865.png]]

2019-06-21 17:01:58 - [TEST_STEP][PASSED] - delay(2, OPTIONAL): Delayed 2 second(s)

2019-06-21 17:02:00 - [MESSAGE][PASSED] - Delayed 2 second(s)

2019-06-21 17:02:00 - [TEST_STEP][PASSED] - setViewPortSize(360, 800, OPTIONAL): Viewport is set to new size with width = 360 and height = 800

2019-06-21 17:02:00 - [MESSAGE][PASSED] - Viewport is set to new size with width = 360 and height = 800

2019-06-21 17:02:00 - [TEST_STEP][PASSED] - delay(1, OPTIONAL): Delayed 1 second(s)

2019-06-21 17:02:01 - [MESSAGE][PASSED] - Delayed 1 second(s)

2019-06-21 17:02:01 - [TEST_STEP][PASSED] - executeJavaScript("var previewBar = document.getElementById("preview-bar-iframe"); previewBar.style.display = "none";", []): Execute JavaScript 'var previewBar = document.getElementById("preview-bar-iframe"); previewBar.style.display = "none";' successfully

2019-06-21 17:02:01 - [MESSAGE][PASSED] - Execute JavaScript 'var previewBar = document.getElementById("preview-bar-iframe"); previewBar.style.display = "none";' successfully

2019-06-21 17:02:01 - [TEST_STEP][PASSED] - click(findTestObject("OCS-MOBILE /Home - page/a_Learn more- A brief history of cannabis")): Object: 'Object Repository/OCS-MOBILE /Home - page/a_Learn more- A brief history of cannabis' is clicked on

2019-06-21 17:02:05 - [MESSAGE][PASSED] - Object: 'Object Repository/OCS-MOBILE /Home - page/a_Learn more- A brief history of cannabis' is clicked on

2019-06-21 17:02:05 - [TEST_STEP][PASSED] - click(findTestObject("OCS-MOBILE /Home - page/OCS icon"), STOP_ON_FAILURE): Object: 'Object Repository/OCS-MOBILE /Home - page/OCS icon' is clicked on

2019-06-21 17:02:08 - [MESSAGE][PASSED] - Object: 'Object Repository/OCS-MOBILE /Home - page/OCS icon' is clicked on

2019-06-21 17:02:08 - [TEST_STEP][NOT_RUN] - back(): NOT_RUN: back()

2019-06-21 17:02:08 - [MESSAGE][NOT_RUN] - NOT_RUN: back()

2019-06-21 17:02:08 - [TEST_STEP][PASSED] - delay(2): Delayed 2 second(s)

2019-06-21 17:02:10 - [MESSAGE][PASSED] - Delayed 2 second(s)

2019-06-21 17:02:10 - [TEST_STEP][PASSED] - setViewPortSize(1000, 800, OPTIONAL): Viewport is set to new size with width = 1000 and height = 800

2019-06-21 17:02:10 - [MESSAGE][PASSED] - Viewport is set to new size with width = 1000 and height = 800

2019-06-21 17:02:10 - [TEST_STEP][PASSED] - delay(2, OPTIONAL): Delayed 2 second(s)

2019-06-21 17:02:12 - [MESSAGE][PASSED] - Delayed 2 second(s)

2019-06-21 17:02:12 - [TEST_STEP][PASSED] - click(findTestObject("Theme_oR/Page_Ontario Cannabis Store  Ontari/button_Hide bar"), OPTIONAL): Unable to click on object (Root cause: java.lang.IllegalArgumentException: Object is null)

2019-06-21 17:02:12 - [MESSAGE][WARNING] - Test object with id 'Object Repository/Theme_oR/Page_Ontario Cannabis Store  Ontari/button_Hide bar' does not exist

2019-06-21 17:02:12 - [MESSAGE][WARNING] - Test object with id 'Object Repository/' does not exist

2019-06-21 17:02:13 - [MESSAGE][WARNING] - Unable to click on object (Root cause: java.lang.IllegalArgumentException: Object is null)
[[ATTACHMENT|/Users/sumankompelly/Relative xpath-Mobile/Reports/OCS - 1.11.0/20190621_165048/1561150932608.png]]

2019-06-21 17:02:13 - [TEST_STEP][PASSED] - delay(2, OPTIONAL): Delayed 2 second(s)

2019-06-21 17:02:15 - [MESSAGE][PASSED] - Delayed 2 second(s)

2019-06-21 17:02:15 - [TEST_STEP][PASSED] - setViewPortSize(360, 800, OPTIONAL): Viewport is set to new size with width = 360 and height = 800

2019-06-21 17:02:15 - [MESSAGE][PASSED] - Viewport is set to new size with width = 360 and height = 800

2019-06-21 17:02:15 - [TEST_STEP][PASSED] - delay(3, OPTIONAL): Delayed 3 second(s)

2019-06-21 17:02:18 - [MESSAGE][PASSED] - Delayed 3 second(s)

2019-06-21 17:02:18 - [TEST_STEP][PASSED] - executeJavaScript("var previewBar = document.getElementById("preview-bar-iframe"); previewBar.style.display = "none";", []): Execute JavaScript 'var previewBar = document.getElementById("preview-bar-iframe"); previewBar.style.display = "none";' successfully

2019-06-21 17:02:18 - [MESSAGE][PASSED] - Execute JavaScript 'var previewBar = document.getElementById("preview-bar-iframe"); previewBar.style.display = "none";' successfully

2019-06-21 17:02:18 - [TEST_STEP][PASSED] - click(findTestObject("OCS-MOBILE /Home - page/a_Learn more- Tips for responsible use")): Object: 'Object Repository/OCS-MOBILE /Home - page/a_Learn more- Tips for responsible use' is clicked on

2019-06-21 17:02:21 - [MESSAGE][PASSED] - Object: 'Object Repository/OCS-MOBILE /Home - page/a_Learn more- Tips for responsible use' is clicked on]]></system-out>
         <system-err><![CDATA[]]></system-err>
      </testcase>
      <testcase name="Test Cases/OCS - MOBILE/OCS- HOME PAGE/HP -Burger menu-FAQ" classname="Test Cases/OCS - MOBILE/OCS- HOME PAGE/HP -Burger menu-FAQ" status="PASSED">
         <system-out><![CDATA[2019-06-21 17:02:21 - [TEST_CASE][PASSED] - Test Cases/OCS - MOBILE/OCS- HOME PAGE/HP -Burger menu-FAQ: Test Cases/OCS - MOBILE/OCS- HOME PAGE/HP -Burger menu-FAQ

2019-06-21 17:02:21 - [TEST_STEP][PASSED] - callTestCase(findTestCase("OCS - MOBILE/CALL - AGE GATE"), [:], STOP_ON_FAILURE): Call Test Case 'Test Cases/OCS - MOBILE/CALL - AGE GATE' successfully

2019-06-21 17:02:21 - [TEST_CASE][PASSED] - Test Cases/OCS - MOBILE/CALL - AGE GATE: Test Cases/OCS - MOBILE/CALL - AGE GATE

2019-06-21 17:02:21 - [TEST_STEP][PASSED] - openBrowser(""): Browser is opened with url: ''

2019-06-21 17:02:21 - [MESSAGE][WARNING] - A browser is already opened. Closing browser and opening a new one

2019-06-21 17:02:21 - [MESSAGE][INFO] - Starting 'Chrome' driver

2019-06-21 17:02:22 - [MESSAGE][PASSED] - Browser is opened with url: ''

2019-06-21 17:02:22 - [TEST_STEP][PASSED] - navigateToUrl("https://ocs.ca/?fts=0&preview_theme_id=74057975628"): Navigate to 'https://ocs.ca/?fts=0&preview_theme_id=74057975628' successfully

2019-06-21 17:02:25 - [MESSAGE][PASSED] - Navigate to 'https://ocs.ca/?fts=0&preview_theme_id=74057975628' successfully

2019-06-21 17:02:25 - [TEST_STEP][PASSED] - executeJavaScript("var previewBar = document.getElementById("preview-bar-iframe"); previewBar.style.display = "none";", []): Execute JavaScript 'var previewBar = document.getElementById("preview-bar-iframe"); previewBar.style.display = "none";' successfully

2019-06-21 17:02:25 - [MESSAGE][PASSED] - Execute JavaScript 'var previewBar = document.getElementById("preview-bar-iframe"); previewBar.style.display = "none";' successfully

2019-06-21 17:02:25 - [TEST_STEP][PASSED] - setViewPortSize(360, 800): Viewport is set to new size with width = 360 and height = 800

2019-06-21 17:02:25 - [MESSAGE][PASSED] - Viewport is set to new size with width = 360 and height = 800

2019-06-21 17:02:25 - [TEST_STEP][PASSED] - delay(4): Delayed 4 second(s)

2019-06-21 17:02:29 - [MESSAGE][PASSED] - Delayed 4 second(s)

2019-06-21 17:02:29 - [TEST_STEP][PASSED] - selectOptionByValue(findTestObject("OCS-MOBILE /Age gate and burger menu/Date"), "12", true): All options with value '12' are selected in object 'Object Repository/OCS-MOBILE /Age gate and burger menu/Date'  using regular expression

2019-06-21 17:02:30 - [MESSAGE][PASSED] - All options with value '12' are selected in object 'Object Repository/OCS-MOBILE /Age gate and burger menu/Date'  using regular expression

2019-06-21 17:02:30 - [TEST_STEP][PASSED] - selectOptionByValue(findTestObject("OCS-MOBILE /Age gate and burger menu/month"), "6", true): All options with value '6' are selected in object 'Object Repository/OCS-MOBILE /Age gate and burger menu/month'  using regular expression

2019-06-21 17:02:30 - [MESSAGE][PASSED] - All options with value '6' are selected in object 'Object Repository/OCS-MOBILE /Age gate and burger menu/month'  using regular expression

2019-06-21 17:02:30 - [TEST_STEP][PASSED] - delay(2): Delayed 2 second(s)

2019-06-21 17:02:32 - [MESSAGE][PASSED] - Delayed 2 second(s)

2019-06-21 17:02:32 - [TEST_STEP][PASSED] - selectOptionByValue(findTestObject("OCS-MOBILE /Age gate and burger menu/Year Dropdown"), "1990", true): All options with value '1990' are selected in object 'Object Repository/OCS-MOBILE /Age gate and burger menu/Year Dropdown'  using regular expression

2019-06-21 17:02:33 - [MESSAGE][PASSED] - All options with value '1990' are selected in object 'Object Repository/OCS-MOBILE /Age gate and burger menu/Year Dropdown'  using regular expression

2019-06-21 17:02:33 - [TEST_STEP][PASSED] - click(findTestObject("OCS-MOBILE /Age gate and Mega menu/button_Verify")): Object: 'Object Repository/OCS-MOBILE /Age gate and Mega menu/button_Verify' is clicked on

2019-06-21 17:02:38 - [MESSAGE][PASSED] - Object: 'Object Repository/OCS-MOBILE /Age gate and Mega menu/button_Verify' is clicked on

2019-06-21 17:02:38 - [TEST_STEP][PASSED] - click(findTestObject("OCS-MOBILE /Age gate and Mega menu/Checkbox_CONFIRM AND ACKNOWLEDGE")): Object: 'Object Repository/OCS-MOBILE /Age gate and Mega menu/Checkbox_CONFIRM AND ACKNOWLEDGE' is clicked on

2019-06-21 17:02:43 - [MESSAGE][PASSED] - Object: 'Object Repository/OCS-MOBILE /Age gate and Mega menu/Checkbox_CONFIRM AND ACKNOWLEDGE' is clicked on

2019-06-21 17:02:43 - [TEST_STEP][PASSED] - click(findTestObject("OCS-MOBILE /Age gate and Mega menu/button_CONFIRM")): Object: 'Object Repository/OCS-MOBILE /Age gate and Mega menu/button_CONFIRM' is clicked on

2019-06-21 17:02:49 - [MESSAGE][PASSED] - Object: 'Object Repository/OCS-MOBILE /Age gate and Mega menu/button_CONFIRM' is clicked on

2019-06-21 17:02:49 - [TEST_STEP][PASSED] - click(findTestObject("OCS-MOBILE /Age gate and Mega menu/button_Start Browsing")): Object: 'Object Repository/OCS-MOBILE /Age gate and Mega menu/button_Start Browsing' is clicked on

2019-06-21 17:02:50 - [MESSAGE][PASSED] - Object: 'Object Repository/OCS-MOBILE /Age gate and Mega menu/button_Start Browsing' is clicked on

2019-06-21 17:02:50 - [TEST_STEP][PASSED] - refresh(): Refresh successfully

2019-06-21 17:02:53 - [MESSAGE][PASSED] - Refresh successfully

2019-06-21 17:02:53 - [TEST_STEP][PASSED] - executeJavaScript("var previewBar = document.getElementById("preview-bar-iframe"); previewBar.style.display = "none";", []): Execute JavaScript 'var previewBar = document.getElementById("preview-bar-iframe"); previewBar.style.display = "none";' successfully

2019-06-21 17:02:54 - [MESSAGE][PASSED] - Execute JavaScript 'var previewBar = document.getElementById("preview-bar-iframe"); previewBar.style.display = "none";' successfully

2019-06-21 17:02:54 - [MESSAGE][PASSED] - Call Test Case 'Test Cases/OCS - MOBILE/CALL - AGE GATE' successfully

2019-06-21 17:02:54 - [TEST_STEP][PASSED] - delay(2): Delayed 2 second(s)

2019-06-21 17:02:56 - [MESSAGE][PASSED] - Delayed 2 second(s)

2019-06-21 17:02:56 - [TEST_STEP][PASSED] - executeJavaScript("var previewBar = document.getElementById("preview-bar-iframe"); previewBar.style.display = "none";", []): Execute JavaScript 'var previewBar = document.getElementById("preview-bar-iframe"); previewBar.style.display = "none";' successfully

2019-06-21 17:02:56 - [MESSAGE][PASSED] - Execute JavaScript 'var previewBar = document.getElementById("preview-bar-iframe"); previewBar.style.display = "none";' successfully

2019-06-21 17:02:56 - [TEST_STEP][PASSED] - delay(2): Delayed 2 second(s)

2019-06-21 17:02:58 - [MESSAGE][PASSED] - Delayed 2 second(s)

2019-06-21 17:02:58 - [TEST_STEP][PASSED] - click(findTestObject("OCS-MOBILE /Age gate and burger menu/Burger menu - English")): Object: 'Object Repository/OCS-MOBILE /Age gate and burger menu/Burger menu - English' is clicked on

2019-06-21 17:02:58 - [MESSAGE][PASSED] - Object: 'Object Repository/OCS-MOBILE /Age gate and burger menu/Burger menu - English' is clicked on

2019-06-21 17:02:58 - [TEST_STEP][PASSED] - delay(2): Delayed 2 second(s)

2019-06-21 17:03:00 - [MESSAGE][PASSED] - Delayed 2 second(s)

2019-06-21 17:03:00 - [TEST_STEP][PASSED] - click(findTestObject("OCS-MOBILE /FAQ page/FAQ")): Object: 'Object Repository/OCS-MOBILE /FAQ page/FAQ' is clicked on

2019-06-21 17:03:00 - [MESSAGE][PASSED] - Object: 'Object Repository/OCS-MOBILE /FAQ page/FAQ' is clicked on

2019-06-21 17:03:00 - [TEST_STEP][PASSED] - delay(1): Delayed 1 second(s)

2019-06-21 17:03:01 - [MESSAGE][PASSED] - Delayed 1 second(s)

2019-06-21 17:03:01 - [TEST_STEP][PASSED] - click(findTestObject("OCS-MOBILE /FAQ page/First chevron link")): Object: 'Object Repository/OCS-MOBILE /FAQ page/First chevron link' is clicked on

2019-06-21 17:03:08 - [MESSAGE][PASSED] - Object: 'Object Repository/OCS-MOBILE /FAQ page/First chevron link' is clicked on

2019-06-21 17:03:08 - [TEST_STEP][PASSED] - delay(1): Delayed 1 second(s)

2019-06-21 17:03:09 - [MESSAGE][PASSED] - Delayed 1 second(s)

2019-06-21 17:03:09 - [TEST_STEP][PASSED] - executeJavaScript("var previewBar = document.getElementById("preview-bar-iframe"); previewBar.style.display = "none";", []): Execute JavaScript 'var previewBar = document.getElementById("preview-bar-iframe"); previewBar.style.display = "none";' successfully

2019-06-21 17:03:09 - [MESSAGE][PASSED] - Execute JavaScript 'var previewBar = document.getElementById("preview-bar-iframe"); previewBar.style.display = "none";' successfully

2019-06-21 17:03:09 - [TEST_STEP][PASSED] - scrollToElement(findTestObject("OCS-MOBILE /FAQ page/scroll view element"), 0): Scroll to object 'Object Repository/OCS-MOBILE /FAQ page/scroll view element' successfully

2019-06-21 17:03:09 - [MESSAGE][WARNING] - Timeout '0' is invalid. Using default page load timeout: '30'

2019-06-21 17:03:09 - [MESSAGE][PASSED] - Scroll to object 'Object Repository/OCS-MOBILE /FAQ page/scroll view element' successfully

2019-06-21 17:03:09 - [TEST_STEP][PASSED] - delay(1): Delayed 1 second(s)

2019-06-21 17:03:10 - [MESSAGE][PASSED] - Delayed 1 second(s)

2019-06-21 17:03:10 - [TEST_STEP][PASSED] - click(findTestObject("OCS-MOBILE /FAQ page/Dropdown button -First chevron -open- FAQ")): Object: 'Object Repository/OCS-MOBILE /FAQ page/Dropdown button -First chevron -open- FAQ' is clicked on

2019-06-21 17:03:15 - [MESSAGE][PASSED] - Object: 'Object Repository/OCS-MOBILE /FAQ page/Dropdown button -First chevron -open- FAQ' is clicked on

2019-06-21 17:03:15 - [TEST_STEP][PASSED] - delay(1): Delayed 1 second(s)

2019-06-21 17:03:16 - [MESSAGE][PASSED] - Delayed 1 second(s)

2019-06-21 17:03:16 - [TEST_STEP][PASSED] - click(findTestObject("OCS-MOBILE /FAQ page/Dropdown button -First chevron - close -FAQ")): Object: 'Object Repository/OCS-MOBILE /FAQ page/Dropdown button -First chevron - close -FAQ' is clicked on

2019-06-21 17:03:22 - [MESSAGE][PASSED] - Object: 'Object Repository/OCS-MOBILE /FAQ page/Dropdown button -First chevron - close -FAQ' is clicked on

2019-06-21 17:03:22 - [TEST_STEP][PASSED] - delay(1, OPTIONAL): Delayed 1 second(s)

2019-06-21 17:03:23 - [MESSAGE][PASSED] - Delayed 1 second(s)

2019-06-21 17:03:23 - [TEST_STEP][PASSED] - setViewPortSize(1000, 800, OPTIONAL): Viewport is set to new size with width = 1000 and height = 800

2019-06-21 17:03:23 - [MESSAGE][PASSED] - Viewport is set to new size with width = 1000 and height = 800

2019-06-21 17:03:23 - [TEST_STEP][PASSED] - delay(2, OPTIONAL): Delayed 2 second(s)

2019-06-21 17:03:25 - [MESSAGE][PASSED] - Delayed 2 second(s)

2019-06-21 17:03:25 - [TEST_STEP][PASSED] - click(findTestObject("Theme_oR/Page_Ontario Cannabis Store  Ontari/button_Hide bar"), OPTIONAL): Unable to click on object (Root cause: java.lang.IllegalArgumentException: Object is null)

2019-06-21 17:03:25 - [MESSAGE][WARNING] - Test object with id 'Object Repository/Theme_oR/Page_Ontario Cannabis Store  Ontari/button_Hide bar' does not exist

2019-06-21 17:03:25 - [MESSAGE][WARNING] - Test object with id 'Object Repository/' does not exist

2019-06-21 17:03:26 - [MESSAGE][WARNING] - Unable to click on object (Root cause: java.lang.IllegalArgumentException: Object is null)
[[ATTACHMENT|/Users/sumankompelly/Relative xpath-Mobile/Reports/OCS - 1.11.0/20190621_165048/1561151005261.png]]

2019-06-21 17:03:26 - [TEST_STEP][PASSED] - delay(2, OPTIONAL): Delayed 2 second(s)

2019-06-21 17:03:28 - [MESSAGE][PASSED] - Delayed 2 second(s)

2019-06-21 17:03:28 - [TEST_STEP][PASSED] - setViewPortSize(360, 800, OPTIONAL): Viewport is set to new size with width = 360 and height = 800

2019-06-21 17:03:28 - [MESSAGE][PASSED] - Viewport is set to new size with width = 360 and height = 800

2019-06-21 17:03:28 - [TEST_STEP][PASSED] - delay(1, OPTIONAL): Delayed 1 second(s)

2019-06-21 17:03:29 - [MESSAGE][PASSED] - Delayed 1 second(s)

2019-06-21 17:03:29 - [TEST_STEP][PASSED] - click(findTestObject("OCS-MOBILE /FAQ page/First accordian - add")): Object: 'Object Repository/OCS-MOBILE /FAQ page/First accordian - add' is clicked on

2019-06-21 17:03:35 - [MESSAGE][PASSED] - Object: 'Object Repository/OCS-MOBILE /FAQ page/First accordian - add' is clicked on

2019-06-21 17:03:35 - [TEST_STEP][PASSED] - delay(1): Delayed 1 second(s)

2019-06-21 17:03:36 - [MESSAGE][PASSED] - Delayed 1 second(s)

2019-06-21 17:03:36 - [TEST_STEP][PASSED] - click(findTestObject("OCS-MOBILE /FAQ page/First accordian - Subtract")): Object: 'Object Repository/OCS-MOBILE /FAQ page/First accordian - Subtract' is clicked on

2019-06-21 17:03:42 - [MESSAGE][PASSED] - Object: 'Object Repository/OCS-MOBILE /FAQ page/First accordian - Subtract' is clicked on

2019-06-21 17:03:42 - [TEST_STEP][PASSED] - delay(1): Delayed 1 second(s)

2019-06-21 17:03:43 - [MESSAGE][PASSED] - Delayed 1 second(s)

2019-06-21 17:03:43 - [TEST_STEP][PASSED] - click(findTestObject("OCS-MOBILE /FAQ page/Second accordian- add")): Object: 'Object Repository/OCS-MOBILE /FAQ page/Second accordian- add' is clicked on

2019-06-21 17:03:48 - [MESSAGE][PASSED] - Object: 'Object Repository/OCS-MOBILE /FAQ page/Second accordian- add' is clicked on

2019-06-21 17:03:48 - [TEST_STEP][PASSED] - delay(1): Delayed 1 second(s)

2019-06-21 17:03:49 - [MESSAGE][PASSED] - Delayed 1 second(s)

2019-06-21 17:03:49 - [TEST_STEP][PASSED] - click(findTestObject("OCS-MOBILE /FAQ page/Second accordian - subtract")): Object: 'Object Repository/OCS-MOBILE /FAQ page/Second accordian - subtract' is clicked on

2019-06-21 17:03:54 - [MESSAGE][PASSED] - Object: 'Object Repository/OCS-MOBILE /FAQ page/Second accordian - subtract' is clicked on

2019-06-21 17:03:54 - [TEST_STEP][PASSED] - delay(1): Delayed 1 second(s)

2019-06-21 17:03:55 - [MESSAGE][PASSED] - Delayed 1 second(s)

2019-06-21 17:03:55 - [TEST_STEP][PASSED] - click(findTestObject("OCS-MOBILE /FAQ page/Load more1")): Object: 'Object Repository/OCS-MOBILE /FAQ page/Load more1' is clicked on

2019-06-21 17:03:59 - [MESSAGE][PASSED] - Object: 'Object Repository/OCS-MOBILE /FAQ page/Load more1' is clicked on

2019-06-21 17:03:59 - [TEST_STEP][PASSED] - delay(1): Delayed 1 second(s)

2019-06-21 17:04:00 - [MESSAGE][PASSED] - Delayed 1 second(s)

2019-06-21 17:04:00 - [TEST_STEP][PASSED] - click(findTestObject("OCS-MOBILE /FAQ page/Loadmore2")): Object: 'Object Repository/OCS-MOBILE /FAQ page/Loadmore2' is clicked on

2019-06-21 17:04:00 - [MESSAGE][PASSED] - Object: 'Object Repository/OCS-MOBILE /FAQ page/Loadmore2' is clicked on

2019-06-21 17:04:00 - [TEST_STEP][PASSED] - delay(1): Delayed 1 second(s)

2019-06-21 17:04:01 - [MESSAGE][PASSED] - Delayed 1 second(s)

2019-06-21 17:04:01 - [TEST_STEP][PASSED] - click(findTestObject("OCS-MOBILE /FAQ page/Loadmore3")): Object: 'Object Repository/OCS-MOBILE /FAQ page/Loadmore3' is clicked on

2019-06-21 17:04:01 - [MESSAGE][PASSED] - Object: 'Object Repository/OCS-MOBILE /FAQ page/Loadmore3' is clicked on

2019-06-21 17:04:01 - [TEST_STEP][PASSED] - delay(1): Delayed 1 second(s)

2019-06-21 17:04:02 - [MESSAGE][PASSED] - Delayed 1 second(s)

2019-06-21 17:04:02 - [TEST_STEP][PASSED] - click(findTestObject("OCS-MOBILE /FAQ page/Learn about cannabis")): Object: 'Object Repository/OCS-MOBILE /FAQ page/Learn about cannabis' is clicked on

2019-06-21 17:04:04 - [MESSAGE][PASSED] - Object: 'Object Repository/OCS-MOBILE /FAQ page/Learn about cannabis' is clicked on

2019-06-21 17:04:04 - [TEST_STEP][PASSED] - delay(1): Delayed 1 second(s)

2019-06-21 17:04:05 - [MESSAGE][PASSED] - Delayed 1 second(s)

2019-06-21 17:04:05 - [TEST_STEP][PASSED] - back(): Navigate back successfully

2019-06-21 17:04:07 - [MESSAGE][PASSED] - Navigate back successfully

2019-06-21 17:04:07 - [TEST_STEP][PASSED] - delay(1): Delayed 1 second(s)

2019-06-21 17:04:08 - [MESSAGE][PASSED] - Delayed 1 second(s)

2019-06-21 17:04:08 - [TEST_STEP][PASSED] - setViewPortSize(1000, 800, OPTIONAL): Viewport is set to new size with width = 1000 and height = 800

2019-06-21 17:04:08 - [MESSAGE][PASSED] - Viewport is set to new size with width = 1000 and height = 800

2019-06-21 17:04:08 - [TEST_STEP][PASSED] - delay(2, OPTIONAL): Delayed 2 second(s)

2019-06-21 17:04:10 - [MESSAGE][PASSED] - Delayed 2 second(s)

2019-06-21 17:04:10 - [TEST_STEP][PASSED] - click(findTestObject("Theme_oR/Page_Ontario Cannabis Store  Ontari/button_Hide bar"), OPTIONAL): Unable to click on object (Root cause: java.lang.IllegalArgumentException: Object is null)

2019-06-21 17:04:10 - [MESSAGE][WARNING] - Test object with id 'Object Repository/Theme_oR/Page_Ontario Cannabis Store  Ontari/button_Hide bar' does not exist

2019-06-21 17:04:10 - [MESSAGE][WARNING] - Test object with id 'Object Repository/' does not exist

2019-06-21 17:04:11 - [MESSAGE][WARNING] - Unable to click on object (Root cause: java.lang.IllegalArgumentException: Object is null)
[[ATTACHMENT|/Users/sumankompelly/Relative xpath-Mobile/Reports/OCS - 1.11.0/20190621_165048/1561151050712.png]]

2019-06-21 17:04:11 - [TEST_STEP][PASSED] - delay(2, OPTIONAL): Delayed 2 second(s)

2019-06-21 17:04:13 - [MESSAGE][PASSED] - Delayed 2 second(s)

2019-06-21 17:04:13 - [TEST_STEP][PASSED] - setViewPortSize(360, 800, OPTIONAL): Viewport is set to new size with width = 360 and height = 800

2019-06-21 17:04:13 - [MESSAGE][PASSED] - Viewport is set to new size with width = 360 and height = 800

2019-06-21 17:04:13 - [TEST_STEP][PASSED] - delay(1, OPTIONAL): Delayed 1 second(s)

2019-06-21 17:04:14 - [MESSAGE][PASSED] - Delayed 1 second(s)

2019-06-21 17:04:14 - [TEST_STEP][PASSED] - executeJavaScript("var previewBar = document.getElementById("preview-bar-iframe"); previewBar.style.display = "none";", []): Execute JavaScript 'var previewBar = document.getElementById("preview-bar-iframe"); previewBar.style.display = "none";' successfully

2019-06-21 17:04:14 - [MESSAGE][PASSED] - Execute JavaScript 'var previewBar = document.getElementById("preview-bar-iframe"); previewBar.style.display = "none";' successfully

2019-06-21 17:04:14 - [TEST_STEP][PASSED] - click(findTestObject("OCS-MOBILE /FAQ page/Loadmore4")): Object: 'Object Repository/OCS-MOBILE /FAQ page/Loadmore4' is clicked on

2019-06-21 17:04:14 - [MESSAGE][PASSED] - Object: 'Object Repository/OCS-MOBILE /FAQ page/Loadmore4' is clicked on

2019-06-21 17:04:14 - [TEST_STEP][PASSED] - delay(2, OPTIONAL): Delayed 2 second(s)

2019-06-21 17:04:16 - [MESSAGE][PASSED] - Delayed 2 second(s)

2019-06-21 17:04:16 - [TEST_STEP][PASSED] - setViewPortSize(1000, 800, OPTIONAL): Viewport is set to new size with width = 1000 and height = 800

2019-06-21 17:04:16 - [MESSAGE][PASSED] - Viewport is set to new size with width = 1000 and height = 800

2019-06-21 17:04:16 - [TEST_STEP][PASSED] - delay(2, OPTIONAL): Delayed 2 second(s)

2019-06-21 17:04:18 - [MESSAGE][PASSED] - Delayed 2 second(s)

2019-06-21 17:04:18 - [TEST_STEP][PASSED] - click(findTestObject("Theme_oR/Page_Ontario Cannabis Store  Ontari/button_Hide bar"), OPTIONAL): Unable to click on object (Root cause: java.lang.IllegalArgumentException: Object is null)

2019-06-21 17:04:18 - [MESSAGE][WARNING] - Test object with id 'Object Repository/Theme_oR/Page_Ontario Cannabis Store  Ontari/button_Hide bar' does not exist

2019-06-21 17:04:18 - [MESSAGE][WARNING] - Test object with id 'Object Repository/' does not exist

2019-06-21 17:04:19 - [MESSAGE][WARNING] - Unable to click on object (Root cause: java.lang.IllegalArgumentException: Object is null)
[[ATTACHMENT|/Users/sumankompelly/Relative xpath-Mobile/Reports/OCS - 1.11.0/20190621_165048/1561151058546.png]]

2019-06-21 17:04:19 - [TEST_STEP][PASSED] - delay(2, OPTIONAL): Delayed 2 second(s)

2019-06-21 17:04:21 - [MESSAGE][PASSED] - Delayed 2 second(s)

2019-06-21 17:04:21 - [TEST_STEP][PASSED] - setViewPortSize(360, 800, OPTIONAL): Viewport is set to new size with width = 360 and height = 800

2019-06-21 17:04:21 - [MESSAGE][PASSED] - Viewport is set to new size with width = 360 and height = 800

2019-06-21 17:04:21 - [TEST_STEP][PASSED] - delay(1, OPTIONAL): Delayed 1 second(s)

2019-06-21 17:04:22 - [MESSAGE][PASSED] - Delayed 1 second(s)

2019-06-21 17:04:22 - [TEST_STEP][PASSED] - click(findTestObject("OCS-MOBILE /FAQ page/Learn about OCS")): Object: 'Object Repository/OCS-MOBILE /FAQ page/Learn about OCS' is clicked on

2019-06-21 17:04:25 - [MESSAGE][PASSED] - Object: 'Object Repository/OCS-MOBILE /FAQ page/Learn about OCS' is clicked on

2019-06-21 17:04:25 - [TEST_STEP][PASSED] - back(): Navigate back successfully

2019-06-21 17:04:27 - [MESSAGE][PASSED] - Navigate back successfully

2019-06-21 17:04:27 - [TEST_STEP][PASSED] - delay(2, OPTIONAL): Delayed 2 second(s)

2019-06-21 17:04:29 - [MESSAGE][PASSED] - Delayed 2 second(s)

2019-06-21 17:04:29 - [TEST_STEP][PASSED] - setViewPortSize(1000, 800, OPTIONAL): Viewport is set to new size with width = 1000 and height = 800

2019-06-21 17:04:29 - [MESSAGE][PASSED] - Viewport is set to new size with width = 1000 and height = 800

2019-06-21 17:04:29 - [TEST_STEP][PASSED] - delay(2, OPTIONAL): Delayed 2 second(s)

2019-06-21 17:04:31 - [MESSAGE][PASSED] - Delayed 2 second(s)

2019-06-21 17:04:31 - [TEST_STEP][PASSED] - click(findTestObject("Theme_oR/Page_Ontario Cannabis Store  Ontari/button_Hide bar"), OPTIONAL): Unable to click on object (Root cause: java.lang.IllegalArgumentException: Object is null)

2019-06-21 17:04:31 - [MESSAGE][WARNING] - Test object with id 'Object Repository/Theme_oR/Page_Ontario Cannabis Store  Ontari/button_Hide bar' does not exist

2019-06-21 17:04:31 - [MESSAGE][WARNING] - Test object with id 'Object Repository/' does not exist

2019-06-21 17:04:31 - [MESSAGE][WARNING] - Unable to click on object (Root cause: java.lang.IllegalArgumentException: Object is null)
[[ATTACHMENT|/Users/sumankompelly/Relative xpath-Mobile/Reports/OCS - 1.11.0/20190621_165048/1561151071366.png]]

2019-06-21 17:04:31 - [TEST_STEP][PASSED] - delay(2, OPTIONAL): Delayed 2 second(s)

2019-06-21 17:04:33 - [MESSAGE][PASSED] - Delayed 2 second(s)

2019-06-21 17:04:33 - [TEST_STEP][PASSED] - setViewPortSize(360, 800, OPTIONAL): Viewport is set to new size with width = 360 and height = 800

2019-06-21 17:04:33 - [MESSAGE][PASSED] - Viewport is set to new size with width = 360 and height = 800

2019-06-21 17:04:33 - [TEST_STEP][PASSED] - delay(1, OPTIONAL): Delayed 1 second(s)

2019-06-21 17:04:34 - [MESSAGE][PASSED] - Delayed 1 second(s)

2019-06-21 17:04:34 - [TEST_STEP][PASSED] - executeJavaScript("var previewBar = document.getElementById("preview-bar-iframe"); previewBar.style.display = "none";", []): Execute JavaScript 'var previewBar = document.getElementById("preview-bar-iframe"); previewBar.style.display = "none";' successfully

2019-06-21 17:04:34 - [MESSAGE][PASSED] - Execute JavaScript 'var previewBar = document.getElementById("preview-bar-iframe"); previewBar.style.display = "none";' successfully

2019-06-21 17:04:34 - [TEST_STEP][PASSED] - click(findTestObject("OCS-MOBILE /FAQ page/Choose cannabis products")): Object: 'Object Repository/OCS-MOBILE /FAQ page/Choose cannabis products' is clicked on

2019-06-21 17:04:37 - [MESSAGE][PASSED] - Object: 'Object Repository/OCS-MOBILE /FAQ page/Choose cannabis products' is clicked on

2019-06-21 17:04:37 - [TEST_STEP][PASSED] - back(): Navigate back successfully

2019-06-21 17:04:39 - [MESSAGE][PASSED] - Navigate back successfully

2019-06-21 17:04:39 - [TEST_STEP][PASSED] - executeJavaScript("var previewBar = document.getElementById("preview-bar-iframe"); previewBar.style.display = "none";", []): Execute JavaScript 'var previewBar = document.getElementById("preview-bar-iframe"); previewBar.style.display = "none";' successfully

2019-06-21 17:04:39 - [MESSAGE][PASSED] - Execute JavaScript 'var previewBar = document.getElementById("preview-bar-iframe"); previewBar.style.display = "none";' successfully

2019-06-21 17:04:39 - [TEST_STEP][PASSED] - click(findTestObject("OCS-MOBILE /Age gate and burger menu/Burger menu - English")): Object: 'Object Repository/OCS-MOBILE /Age gate and burger menu/Burger menu - English' is clicked on

2019-06-21 17:04:39 - [MESSAGE][PASSED] - Object: 'Object Repository/OCS-MOBILE /Age gate and burger menu/Burger menu - English' is clicked on

2019-06-21 17:04:39 - [TEST_STEP][PASSED] - delay(1, OPTIONAL): Delayed 1 second(s)

2019-06-21 17:04:40 - [MESSAGE][PASSED] - Delayed 1 second(s)

2019-06-21 17:04:40 - [TEST_STEP][PASSED] - click(findTestObject("OCS-MOBILE /FAQ page/FAQ")): Object: 'Object Repository/OCS-MOBILE /FAQ page/FAQ' is clicked on

2019-06-21 17:04:40 - [MESSAGE][PASSED] - Object: 'Object Repository/OCS-MOBILE /FAQ page/FAQ' is clicked on

2019-06-21 17:04:40 - [TEST_STEP][PASSED] - delay(1, OPTIONAL): Delayed 1 second(s)

2019-06-21 17:04:41 - [MESSAGE][PASSED] - Delayed 1 second(s)

2019-06-21 17:04:41 - [TEST_STEP][PASSED] - click(findTestObject("OCS-MOBILE /FAQ page/Second chveron link")): Object: 'Object Repository/OCS-MOBILE /FAQ page/Second chveron link' is clicked on

2019-06-21 17:04:45 - [MESSAGE][PASSED] - Object: 'Object Repository/OCS-MOBILE /FAQ page/Second chveron link' is clicked on

2019-06-21 17:04:45 - [TEST_STEP][PASSED] - executeJavaScript("var previewBar = document.getElementById("preview-bar-iframe"); previewBar.style.display = "none";", []): Execute JavaScript 'var previewBar = document.getElementById("preview-bar-iframe"); previewBar.style.display = "none";' successfully

2019-06-21 17:04:45 - [MESSAGE][PASSED] - Execute JavaScript 'var previewBar = document.getElementById("preview-bar-iframe"); previewBar.style.display = "none";' successfully

2019-06-21 17:04:45 - [TEST_STEP][PASSED] - delay(1, OPTIONAL): Delayed 1 second(s)

2019-06-21 17:04:46 - [MESSAGE][PASSED] - Delayed 1 second(s)

2019-06-21 17:04:46 - [TEST_STEP][PASSED] - scrollToElement(findTestObject("OCS-MOBILE /FAQ page/scroll view element"), 0): Scroll to object 'Object Repository/OCS-MOBILE /FAQ page/scroll view element' successfully

2019-06-21 17:04:46 - [MESSAGE][WARNING] - Timeout '0' is invalid. Using default page load timeout: '30'

2019-06-21 17:04:46 - [MESSAGE][PASSED] - Scroll to object 'Object Repository/OCS-MOBILE /FAQ page/scroll view element' successfully

2019-06-21 17:04:46 - [TEST_STEP][PASSED] - delay(1, OPTIONAL): Delayed 1 second(s)

2019-06-21 17:04:47 - [MESSAGE][PASSED] - Delayed 1 second(s)

2019-06-21 17:04:47 - [TEST_STEP][PASSED] - click(findTestObject("OCS-MOBILE /FAQ page/Dropdown button -second chevron -open- FAQ")): Object: 'Object Repository/OCS-MOBILE /FAQ page/Dropdown button -second chevron -open- FAQ' is clicked on

2019-06-21 17:04:47 - [MESSAGE][PASSED] - Object: 'Object Repository/OCS-MOBILE /FAQ page/Dropdown button -second chevron -open- FAQ' is clicked on

2019-06-21 17:04:47 - [TEST_STEP][PASSED] - delay(1, OPTIONAL): Delayed 1 second(s)

2019-06-21 17:04:48 - [MESSAGE][PASSED] - Delayed 1 second(s)

2019-06-21 17:04:48 - [TEST_STEP][PASSED] - click(findTestObject("OCS-MOBILE /FAQ page/Dropdown button -second chevron -close - FAQ")): Object: 'Object Repository/OCS-MOBILE /FAQ page/Dropdown button -second chevron -close - FAQ' is clicked on

2019-06-21 17:04:49 - [MESSAGE][PASSED] - Object: 'Object Repository/OCS-MOBILE /FAQ page/Dropdown button -second chevron -close - FAQ' is clicked on

2019-06-21 17:04:49 - [TEST_STEP][PASSED] - delay(2, OPTIONAL): Delayed 2 second(s)

2019-06-21 17:04:51 - [MESSAGE][PASSED] - Delayed 2 second(s)

2019-06-21 17:04:51 - [TEST_STEP][PASSED] - setViewPortSize(1000, 800, OPTIONAL): Viewport is set to new size with width = 1000 and height = 800

2019-06-21 17:04:51 - [MESSAGE][PASSED] - Viewport is set to new size with width = 1000 and height = 800

2019-06-21 17:04:51 - [TEST_STEP][PASSED] - delay(2, OPTIONAL): Delayed 2 second(s)

2019-06-21 17:04:53 - [MESSAGE][PASSED] - Delayed 2 second(s)

2019-06-21 17:04:53 - [TEST_STEP][PASSED] - click(findTestObject("Theme_oR/Page_Ontario Cannabis Store  Ontari/button_Hide bar"), OPTIONAL): Unable to click on object (Root cause: java.lang.IllegalArgumentException: Object is null)

2019-06-21 17:04:53 - [MESSAGE][WARNING] - Test object with id 'Object Repository/Theme_oR/Page_Ontario Cannabis Store  Ontari/button_Hide bar' does not exist

2019-06-21 17:04:53 - [MESSAGE][WARNING] - Test object with id 'Object Repository/' does not exist

2019-06-21 17:04:53 - [MESSAGE][WARNING] - Unable to click on object (Root cause: java.lang.IllegalArgumentException: Object is null)
[[ATTACHMENT|/Users/sumankompelly/Relative xpath-Mobile/Reports/OCS - 1.11.0/20190621_165048/1561151093167.png]]

2019-06-21 17:04:53 - [TEST_STEP][PASSED] - delay(2, OPTIONAL): Delayed 2 second(s)

2019-06-21 17:04:55 - [MESSAGE][PASSED] - Delayed 2 second(s)

2019-06-21 17:04:55 - [TEST_STEP][PASSED] - setViewPortSize(360, 800, OPTIONAL): Viewport is set to new size with width = 360 and height = 800

2019-06-21 17:04:55 - [MESSAGE][PASSED] - Viewport is set to new size with width = 360 and height = 800

2019-06-21 17:04:55 - [TEST_STEP][PASSED] - delay(1, OPTIONAL): Delayed 1 second(s)

2019-06-21 17:04:56 - [MESSAGE][PASSED] - Delayed 1 second(s)

2019-06-21 17:04:56 - [TEST_STEP][PASSED] - click(findTestObject("OCS-MOBILE /FAQ page/First accordian - add")): Object: 'Object Repository/OCS-MOBILE /FAQ page/First accordian - add' is clicked on

2019-06-21 17:04:56 - [MESSAGE][PASSED] - Object: 'Object Repository/OCS-MOBILE /FAQ page/First accordian - add' is clicked on

2019-06-21 17:04:56 - [TEST_STEP][PASSED] - delay(1): Delayed 1 second(s)

2019-06-21 17:04:57 - [MESSAGE][PASSED] - Delayed 1 second(s)

2019-06-21 17:04:57 - [TEST_STEP][PASSED] - click(findTestObject("OCS-MOBILE /FAQ page/First accordian - Subtract")): Object: 'Object Repository/OCS-MOBILE /FAQ page/First accordian - Subtract' is clicked on

2019-06-21 17:04:57 - [MESSAGE][PASSED] - Object: 'Object Repository/OCS-MOBILE /FAQ page/First accordian - Subtract' is clicked on

2019-06-21 17:04:57 - [TEST_STEP][PASSED] - delay(1): Delayed 1 second(s)

2019-06-21 17:04:58 - [MESSAGE][PASSED] - Delayed 1 second(s)

2019-06-21 17:04:58 - [TEST_STEP][PASSED] - click(findTestObject("OCS-MOBILE /FAQ page/Second accordian- add")): Object: 'Object Repository/OCS-MOBILE /FAQ page/Second accordian- add' is clicked on

2019-06-21 17:04:58 - [MESSAGE][PASSED] - Object: 'Object Repository/OCS-MOBILE /FAQ page/Second accordian- add' is clicked on

2019-06-21 17:04:58 - [TEST_STEP][PASSED] - delay(1): Delayed 1 second(s)

2019-06-21 17:04:59 - [MESSAGE][PASSED] - Delayed 1 second(s)

2019-06-21 17:04:59 - [TEST_STEP][PASSED] - click(findTestObject("OCS-MOBILE /FAQ page/Second accordian - subtract")): Object: 'Object Repository/OCS-MOBILE /FAQ page/Second accordian - subtract' is clicked on

2019-06-21 17:04:59 - [MESSAGE][PASSED] - Object: 'Object Repository/OCS-MOBILE /FAQ page/Second accordian - subtract' is clicked on

2019-06-21 17:04:59 - [TEST_STEP][PASSED] - delay(1): Delayed 1 second(s)

2019-06-21 17:05:00 - [MESSAGE][PASSED] - Delayed 1 second(s)

2019-06-21 17:05:00 - [TEST_STEP][PASSED] - click(findTestObject("OCS-MOBILE /FAQ page/Load more1")): Object: 'Object Repository/OCS-MOBILE /FAQ page/Load more1' is clicked on

2019-06-21 17:05:01 - [MESSAGE][PASSED] - Object: 'Object Repository/OCS-MOBILE /FAQ page/Load more1' is clicked on

2019-06-21 17:05:01 - [TEST_STEP][PASSED] - delay(1): Delayed 1 second(s)

2019-06-21 17:05:02 - [MESSAGE][PASSED] - Delayed 1 second(s)

2019-06-21 17:05:02 - [TEST_STEP][PASSED] - click(findTestObject("OCS-MOBILE /FAQ page/Loadmore2")): Object: 'Object Repository/OCS-MOBILE /FAQ page/Loadmore2' is clicked on

2019-06-21 17:05:02 - [MESSAGE][PASSED] - Object: 'Object Repository/OCS-MOBILE /FAQ page/Loadmore2' is clicked on

2019-06-21 17:05:02 - [TEST_STEP][PASSED] - delay(1): Delayed 1 second(s)

2019-06-21 17:05:03 - [MESSAGE][PASSED] - Delayed 1 second(s)

2019-06-21 17:05:03 - [TEST_STEP][PASSED] - click(findTestObject("OCS-MOBILE /FAQ page/Loadmore3")): Object: 'Object Repository/OCS-MOBILE /FAQ page/Loadmore3' is clicked on

2019-06-21 17:05:03 - [MESSAGE][PASSED] - Object: 'Object Repository/OCS-MOBILE /FAQ page/Loadmore3' is clicked on

2019-06-21 17:05:03 - [TEST_STEP][PASSED] - delay(1): Delayed 1 second(s)

2019-06-21 17:05:04 - [MESSAGE][PASSED] - Delayed 1 second(s)

2019-06-21 17:05:04 - [TEST_STEP][PASSED] - click(findTestObject("OCS-MOBILE /FAQ page/Learn about cannabis")): Object: 'Object Repository/OCS-MOBILE /FAQ page/Learn about cannabis' is clicked on

2019-06-21 17:05:06 - [MESSAGE][PASSED] - Object: 'Object Repository/OCS-MOBILE /FAQ page/Learn about cannabis' is clicked on

2019-06-21 17:05:06 - [TEST_STEP][PASSED] - delay(1): Delayed 1 second(s)

2019-06-21 17:05:07 - [MESSAGE][PASSED] - Delayed 1 second(s)

2019-06-21 17:05:07 - [TEST_STEP][PASSED] - back(): Navigate back successfully

2019-06-21 17:05:09 - [MESSAGE][PASSED] - Navigate back successfully

2019-06-21 17:05:09 - [TEST_STEP][PASSED] - delay(1): Delayed 1 second(s)

2019-06-21 17:05:10 - [MESSAGE][PASSED] - Delayed 1 second(s)

2019-06-21 17:05:10 - [TEST_STEP][PASSED] - setViewPortSize(1000, 800, OPTIONAL): Viewport is set to new size with width = 1000 and height = 800

2019-06-21 17:05:10 - [MESSAGE][PASSED] - Viewport is set to new size with width = 1000 and height = 800

2019-06-21 17:05:10 - [TEST_STEP][PASSED] - delay(2, OPTIONAL): Delayed 2 second(s)

2019-06-21 17:05:12 - [MESSAGE][PASSED] - Delayed 2 second(s)

2019-06-21 17:05:12 - [TEST_STEP][PASSED] - click(findTestObject("Theme_oR/Page_Ontario Cannabis Store  Ontari/button_Hide bar"), OPTIONAL): Unable to click on object (Root cause: java.lang.IllegalArgumentException: Object is null)

2019-06-21 17:05:12 - [MESSAGE][WARNING] - Test object with id 'Object Repository/Theme_oR/Page_Ontario Cannabis Store  Ontari/button_Hide bar' does not exist

2019-06-21 17:05:12 - [MESSAGE][WARNING] - Test object with id 'Object Repository/' does not exist

2019-06-21 17:05:13 - [MESSAGE][WARNING] - Unable to click on object (Root cause: java.lang.IllegalArgumentException: Object is null)
[[ATTACHMENT|/Users/sumankompelly/Relative xpath-Mobile/Reports/OCS - 1.11.0/20190621_165048/1561151112637.png]]

2019-06-21 17:05:13 - [TEST_STEP][PASSED] - delay(2, OPTIONAL): Delayed 2 second(s)

2019-06-21 17:05:15 - [MESSAGE][PASSED] - Delayed 2 second(s)

2019-06-21 17:05:15 - [TEST_STEP][PASSED] - setViewPortSize(360, 800, OPTIONAL): Viewport is set to new size with width = 360 and height = 800

2019-06-21 17:05:15 - [MESSAGE][PASSED] - Viewport is set to new size with width = 360 and height = 800

2019-06-21 17:05:15 - [TEST_STEP][PASSED] - delay(1, OPTIONAL): Delayed 1 second(s)

2019-06-21 17:05:16 - [MESSAGE][PASSED] - Delayed 1 second(s)

2019-06-21 17:05:16 - [TEST_STEP][PASSED] - executeJavaScript("var previewBar = document.getElementById("preview-bar-iframe"); previewBar.style.display = "none";", []): Execute JavaScript 'var previewBar = document.getElementById("preview-bar-iframe"); previewBar.style.display = "none";' successfully

2019-06-21 17:05:16 - [MESSAGE][PASSED] - Execute JavaScript 'var previewBar = document.getElementById("preview-bar-iframe"); previewBar.style.display = "none";' successfully

2019-06-21 17:05:16 - [TEST_STEP][PASSED] - click(findTestObject("OCS-MOBILE /FAQ page/Loadmore4")): Object: 'Object Repository/OCS-MOBILE /FAQ page/Loadmore4' is clicked on

2019-06-21 17:05:16 - [MESSAGE][PASSED] - Object: 'Object Repository/OCS-MOBILE /FAQ page/Loadmore4' is clicked on

2019-06-21 17:05:16 - [TEST_STEP][PASSED] - delay(2, OPTIONAL): Delayed 2 second(s)

2019-06-21 17:05:18 - [MESSAGE][PASSED] - Delayed 2 second(s)

2019-06-21 17:05:18 - [TEST_STEP][PASSED] - setViewPortSize(1000, 800, OPTIONAL): Viewport is set to new size with width = 1000 and height = 800

2019-06-21 17:05:18 - [MESSAGE][PASSED] - Viewport is set to new size with width = 1000 and height = 800

2019-06-21 17:05:18 - [TEST_STEP][PASSED] - delay(2, OPTIONAL): Delayed 2 second(s)

2019-06-21 17:05:20 - [MESSAGE][PASSED] - Delayed 2 second(s)

2019-06-21 17:05:20 - [TEST_STEP][PASSED] - click(findTestObject("Theme_oR/Page_Ontario Cannabis Store  Ontari/button_Hide bar"), OPTIONAL): Unable to click on object (Root cause: java.lang.IllegalArgumentException: Object is null)

2019-06-21 17:05:20 - [MESSAGE][WARNING] - Test object with id 'Object Repository/Theme_oR/Page_Ontario Cannabis Store  Ontari/button_Hide bar' does not exist

2019-06-21 17:05:20 - [MESSAGE][WARNING] - Test object with id 'Object Repository/' does not exist

2019-06-21 17:05:20 - [MESSAGE][WARNING] - Unable to click on object (Root cause: java.lang.IllegalArgumentException: Object is null)
[[ATTACHMENT|/Users/sumankompelly/Relative xpath-Mobile/Reports/OCS - 1.11.0/20190621_165048/1561151120386.png]]

2019-06-21 17:05:20 - [TEST_STEP][PASSED] - delay(2, OPTIONAL): Delayed 2 second(s)

2019-06-21 17:05:22 - [MESSAGE][PASSED] - Delayed 2 second(s)

2019-06-21 17:05:22 - [TEST_STEP][PASSED] - setViewPortSize(360, 800, OPTIONAL): Viewport is set to new size with width = 360 and height = 800

2019-06-21 17:05:22 - [MESSAGE][PASSED] - Viewport is set to new size with width = 360 and height = 800

2019-06-21 17:05:22 - [TEST_STEP][PASSED] - delay(1, OPTIONAL): Delayed 1 second(s)

2019-06-21 17:05:23 - [MESSAGE][PASSED] - Delayed 1 second(s)

2019-06-21 17:05:23 - [TEST_STEP][PASSED] - executeJavaScript("var previewBar = document.getElementById("preview-bar-iframe"); previewBar.style.display = "none";", []): Execute JavaScript 'var previewBar = document.getElementById("preview-bar-iframe"); previewBar.style.display = "none";' successfully

2019-06-21 17:05:23 - [MESSAGE][PASSED] - Execute JavaScript 'var previewBar = document.getElementById("preview-bar-iframe"); previewBar.style.display = "none";' successfully

2019-06-21 17:05:23 - [TEST_STEP][PASSED] - click(findTestObject("OCS-MOBILE /FAQ page/Learn about OCS")): Object: 'Object Repository/OCS-MOBILE /FAQ page/Learn about OCS' is clicked on

2019-06-21 17:05:26 - [MESSAGE][PASSED] - Object: 'Object Repository/OCS-MOBILE /FAQ page/Learn about OCS' is clicked on

2019-06-21 17:05:26 - [TEST_STEP][PASSED] - back(): Navigate back successfully

2019-06-21 17:05:28 - [MESSAGE][PASSED] - Navigate back successfully

2019-06-21 17:05:28 - [TEST_STEP][PASSED] - delay(2, OPTIONAL): Delayed 2 second(s)

2019-06-21 17:05:30 - [MESSAGE][PASSED] - Delayed 2 second(s)

2019-06-21 17:05:30 - [TEST_STEP][PASSED] - setViewPortSize(1000, 800, OPTIONAL): Viewport is set to new size with width = 1000 and height = 800

2019-06-21 17:05:30 - [MESSAGE][PASSED] - Viewport is set to new size with width = 1000 and height = 800

2019-06-21 17:05:30 - [TEST_STEP][PASSED] - delay(2, OPTIONAL): Delayed 2 second(s)

2019-06-21 17:05:32 - [MESSAGE][PASSED] - Delayed 2 second(s)

2019-06-21 17:05:32 - [TEST_STEP][PASSED] - click(findTestObject("Theme_oR/Page_Ontario Cannabis Store  Ontari/button_Hide bar"), OPTIONAL): Unable to click on object (Root cause: java.lang.IllegalArgumentException: Object is null)

2019-06-21 17:05:32 - [MESSAGE][WARNING] - Test object with id 'Object Repository/Theme_oR/Page_Ontario Cannabis Store  Ontari/button_Hide bar' does not exist

2019-06-21 17:05:32 - [MESSAGE][WARNING] - Test object with id 'Object Repository/' does not exist

2019-06-21 17:05:32 - [MESSAGE][WARNING] - Unable to click on object (Root cause: java.lang.IllegalArgumentException: Object is null)
[[ATTACHMENT|/Users/sumankompelly/Relative xpath-Mobile/Reports/OCS - 1.11.0/20190621_165048/1561151132174.png]]

2019-06-21 17:05:32 - [TEST_STEP][PASSED] - delay(2, OPTIONAL): Delayed 2 second(s)

2019-06-21 17:05:34 - [MESSAGE][PASSED] - Delayed 2 second(s)

2019-06-21 17:05:34 - [TEST_STEP][PASSED] - setViewPortSize(360, 800, OPTIONAL): Viewport is set to new size with width = 360 and height = 800

2019-06-21 17:05:34 - [MESSAGE][PASSED] - Viewport is set to new size with width = 360 and height = 800

2019-06-21 17:05:34 - [TEST_STEP][PASSED] - delay(1, OPTIONAL): Delayed 1 second(s)

2019-06-21 17:05:35 - [MESSAGE][PASSED] - Delayed 1 second(s)

2019-06-21 17:05:35 - [TEST_STEP][PASSED] - executeJavaScript("var previewBar = document.getElementById("preview-bar-iframe"); previewBar.style.display = "none";", []): Execute JavaScript 'var previewBar = document.getElementById("preview-bar-iframe"); previewBar.style.display = "none";' successfully

2019-06-21 17:05:35 - [MESSAGE][PASSED] - Execute JavaScript 'var previewBar = document.getElementById("preview-bar-iframe"); previewBar.style.display = "none";' successfully

2019-06-21 17:05:35 - [TEST_STEP][PASSED] - click(findTestObject("OCS-MOBILE /FAQ page/Choose cannabis products")): Object: 'Object Repository/OCS-MOBILE /FAQ page/Choose cannabis products' is clicked on

2019-06-21 17:05:38 - [MESSAGE][PASSED] - Object: 'Object Repository/OCS-MOBILE /FAQ page/Choose cannabis products' is clicked on

2019-06-21 17:05:38 - [TEST_STEP][PASSED] - back(): Navigate back successfully

2019-06-21 17:05:40 - [MESSAGE][PASSED] - Navigate back successfully

2019-06-21 17:05:40 - [TEST_STEP][PASSED] - click(findTestObject("OCS-MOBILE /Age gate and burger menu/Burger menu - English")): Object: 'Object Repository/OCS-MOBILE /Age gate and burger menu/Burger menu - English' is clicked on

2019-06-21 17:05:40 - [MESSAGE][PASSED] - Object: 'Object Repository/OCS-MOBILE /Age gate and burger menu/Burger menu - English' is clicked on

2019-06-21 17:05:40 - [TEST_STEP][PASSED] - delay(2, OPTIONAL): Delayed 2 second(s)

2019-06-21 17:05:42 - [MESSAGE][PASSED] - Delayed 2 second(s)

2019-06-21 17:05:42 - [TEST_STEP][PASSED] - click(findTestObject("OCS-MOBILE /FAQ page/FAQ")): Object: 'Object Repository/OCS-MOBILE /FAQ page/FAQ' is clicked on

2019-06-21 17:05:44 - [MESSAGE][PASSED] - Object: 'Object Repository/OCS-MOBILE /FAQ page/FAQ' is clicked on

2019-06-21 17:05:44 - [TEST_STEP][PASSED] - delay(2, OPTIONAL): Delayed 2 second(s)

2019-06-21 17:05:46 - [MESSAGE][PASSED] - Delayed 2 second(s)

2019-06-21 17:05:46 - [TEST_STEP][PASSED] - click(findTestObject("OCS-MOBILE /FAQ page/third chevron link")): Object: 'Object Repository/OCS-MOBILE /FAQ page/third chevron link' is clicked on

2019-06-21 17:05:49 - [MESSAGE][PASSED] - Object: 'Object Repository/OCS-MOBILE /FAQ page/third chevron link' is clicked on

2019-06-21 17:05:49 - [TEST_STEP][PASSED] - executeJavaScript("var previewBar = document.getElementById("preview-bar-iframe"); previewBar.style.display = "none";", []): Execute JavaScript 'var previewBar = document.getElementById("preview-bar-iframe"); previewBar.style.display = "none";' successfully

2019-06-21 17:05:49 - [MESSAGE][PASSED] - Execute JavaScript 'var previewBar = document.getElementById("preview-bar-iframe"); previewBar.style.display = "none";' successfully

2019-06-21 17:05:49 - [TEST_STEP][PASSED] - delay(1, OPTIONAL): Delayed 1 second(s)

2019-06-21 17:05:50 - [MESSAGE][PASSED] - Delayed 1 second(s)

2019-06-21 17:05:50 - [TEST_STEP][PASSED] - scrollToElement(findTestObject("OCS-MOBILE /FAQ page/scroll view element"), 0): Scroll to object 'Object Repository/OCS-MOBILE /FAQ page/scroll view element' successfully

2019-06-21 17:05:50 - [MESSAGE][WARNING] - Timeout '0' is invalid. Using default page load timeout: '30'

2019-06-21 17:05:50 - [MESSAGE][PASSED] - Scroll to object 'Object Repository/OCS-MOBILE /FAQ page/scroll view element' successfully

2019-06-21 17:05:50 - [TEST_STEP][PASSED] - delay(1, OPTIONAL): Delayed 1 second(s)

2019-06-21 17:05:51 - [MESSAGE][PASSED] - Delayed 1 second(s)

2019-06-21 17:05:51 - [TEST_STEP][PASSED] - click(findTestObject("OCS-MOBILE /FAQ page/Dropdown button -First chevron -open- FAQ")): Object: 'Object Repository/OCS-MOBILE /FAQ page/Dropdown button -First chevron -open- FAQ' is clicked on

2019-06-21 17:05:51 - [MESSAGE][PASSED] - Object: 'Object Repository/OCS-MOBILE /FAQ page/Dropdown button -First chevron -open- FAQ' is clicked on

2019-06-21 17:05:51 - [TEST_STEP][PASSED] - delay(1, OPTIONAL): Delayed 1 second(s)

2019-06-21 17:05:52 - [MESSAGE][PASSED] - Delayed 1 second(s)

2019-06-21 17:05:52 - [TEST_STEP][PASSED] - click(findTestObject("OCS-MOBILE /FAQ page/Dropdown button -First chevron - close -FAQ")): Object: 'Object Repository/OCS-MOBILE /FAQ page/Dropdown button -First chevron - close -FAQ' is clicked on

2019-06-21 17:05:52 - [MESSAGE][PASSED] - Object: 'Object Repository/OCS-MOBILE /FAQ page/Dropdown button -First chevron - close -FAQ' is clicked on

2019-06-21 17:05:52 - [TEST_STEP][PASSED] - delay(1, OPTIONAL): Delayed 1 second(s)

2019-06-21 17:05:53 - [MESSAGE][PASSED] - Delayed 1 second(s)

2019-06-21 17:05:53 - [TEST_STEP][PASSED] - setViewPortSize(1000, 800, OPTIONAL): Viewport is set to new size with width = 1000 and height = 800

2019-06-21 17:05:53 - [MESSAGE][PASSED] - Viewport is set to new size with width = 1000 and height = 800

2019-06-21 17:05:53 - [TEST_STEP][PASSED] - delay(2, OPTIONAL): Delayed 2 second(s)

2019-06-21 17:05:55 - [MESSAGE][PASSED] - Delayed 2 second(s)

2019-06-21 17:05:55 - [TEST_STEP][PASSED] - click(findTestObject("Theme_oR/Page_Ontario Cannabis Store  Ontari/button_Hide bar"), OPTIONAL): Unable to click on object (Root cause: java.lang.IllegalArgumentException: Object is null)

2019-06-21 17:05:55 - [MESSAGE][WARNING] - Test object with id 'Object Repository/Theme_oR/Page_Ontario Cannabis Store  Ontari/button_Hide bar' does not exist

2019-06-21 17:05:55 - [MESSAGE][WARNING] - Test object with id 'Object Repository/' does not exist

2019-06-21 17:05:56 - [MESSAGE][WARNING] - Unable to click on object (Root cause: java.lang.IllegalArgumentException: Object is null)
[[ATTACHMENT|/Users/sumankompelly/Relative xpath-Mobile/Reports/OCS - 1.11.0/20190621_165048/1561151155618.png]]

2019-06-21 17:05:56 - [TEST_STEP][PASSED] - delay(2, OPTIONAL): Delayed 2 second(s)

2019-06-21 17:05:58 - [MESSAGE][PASSED] - Delayed 2 second(s)

2019-06-21 17:05:58 - [TEST_STEP][PASSED] - setViewPortSize(360, 800, OPTIONAL): Viewport is set to new size with width = 360 and height = 800

2019-06-21 17:05:58 - [MESSAGE][PASSED] - Viewport is set to new size with width = 360 and height = 800

2019-06-21 17:05:58 - [TEST_STEP][PASSED] - delay(1, OPTIONAL): Delayed 1 second(s)

2019-06-21 17:05:59 - [MESSAGE][PASSED] - Delayed 1 second(s)

2019-06-21 17:05:59 - [TEST_STEP][PASSED] - click(findTestObject("OCS-MOBILE /FAQ page/First accordian - add")): Object: 'Object Repository/OCS-MOBILE /FAQ page/First accordian - add' is clicked on

2019-06-21 17:05:59 - [MESSAGE][PASSED] - Object: 'Object Repository/OCS-MOBILE /FAQ page/First accordian - add' is clicked on

2019-06-21 17:05:59 - [TEST_STEP][PASSED] - delay(1): Delayed 1 second(s)

2019-06-21 17:06:00 - [MESSAGE][PASSED] - Delayed 1 second(s)

2019-06-21 17:06:00 - [TEST_STEP][PASSED] - click(findTestObject("OCS-MOBILE /FAQ page/First accordian - Subtract")): Object: 'Object Repository/OCS-MOBILE /FAQ page/First accordian - Subtract' is clicked on

2019-06-21 17:06:00 - [MESSAGE][PASSED] - Object: 'Object Repository/OCS-MOBILE /FAQ page/First accordian - Subtract' is clicked on

2019-06-21 17:06:00 - [TEST_STEP][PASSED] - delay(1): Delayed 1 second(s)

2019-06-21 17:06:01 - [MESSAGE][PASSED] - Delayed 1 second(s)

2019-06-21 17:06:01 - [TEST_STEP][PASSED] - click(findTestObject("OCS-MOBILE /FAQ page/Second accordian- add")): Object: 'Object Repository/OCS-MOBILE /FAQ page/Second accordian- add' is clicked on

2019-06-21 17:06:01 - [MESSAGE][PASSED] - Object: 'Object Repository/OCS-MOBILE /FAQ page/Second accordian- add' is clicked on

2019-06-21 17:06:01 - [TEST_STEP][PASSED] - delay(1): Delayed 1 second(s)

2019-06-21 17:06:02 - [MESSAGE][PASSED] - Delayed 1 second(s)

2019-06-21 17:06:02 - [TEST_STEP][PASSED] - click(findTestObject("OCS-MOBILE /FAQ page/Second accordian - subtract")): Object: 'Object Repository/OCS-MOBILE /FAQ page/Second accordian - subtract' is clicked on

2019-06-21 17:06:02 - [MESSAGE][PASSED] - Object: 'Object Repository/OCS-MOBILE /FAQ page/Second accordian - subtract' is clicked on

2019-06-21 17:06:02 - [TEST_STEP][PASSED] - delay(1): Delayed 1 second(s)

2019-06-21 17:06:03 - [MESSAGE][PASSED] - Delayed 1 second(s)

2019-06-21 17:06:03 - [TEST_STEP][PASSED] - click(findTestObject("OCS-MOBILE /FAQ page/Load more1")): Object: 'Object Repository/OCS-MOBILE /FAQ page/Load more1' is clicked on

2019-06-21 17:06:03 - [MESSAGE][PASSED] - Object: 'Object Repository/OCS-MOBILE /FAQ page/Load more1' is clicked on

2019-06-21 17:06:03 - [TEST_STEP][PASSED] - delay(1): Delayed 1 second(s)

2019-06-21 17:06:04 - [MESSAGE][PASSED] - Delayed 1 second(s)

2019-06-21 17:06:04 - [TEST_STEP][PASSED] - click(findTestObject("OCS-MOBILE /FAQ page/Loadmore2")): Object: 'Object Repository/OCS-MOBILE /FAQ page/Loadmore2' is clicked on

2019-06-21 17:06:04 - [MESSAGE][PASSED] - Object: 'Object Repository/OCS-MOBILE /FAQ page/Loadmore2' is clicked on

2019-06-21 17:06:04 - [TEST_STEP][PASSED] - delay(1): Delayed 1 second(s)

2019-06-21 17:06:05 - [MESSAGE][PASSED] - Delayed 1 second(s)

2019-06-21 17:06:05 - [TEST_STEP][PASSED] - click(findTestObject("OCS-MOBILE /FAQ page/Loadmore3")): Object: 'Object Repository/OCS-MOBILE /FAQ page/Loadmore3' is clicked on

2019-06-21 17:06:05 - [MESSAGE][PASSED] - Object: 'Object Repository/OCS-MOBILE /FAQ page/Loadmore3' is clicked on

2019-06-21 17:06:05 - [TEST_STEP][PASSED] - delay(1): Delayed 1 second(s)

2019-06-21 17:06:06 - [MESSAGE][PASSED] - Delayed 1 second(s)

2019-06-21 17:06:06 - [TEST_STEP][PASSED] - click(findTestObject("OCS-MOBILE /FAQ page/Learn about cannabis")): Object: 'Object Repository/OCS-MOBILE /FAQ page/Learn about cannabis' is clicked on

2019-06-21 17:06:09 - [MESSAGE][PASSED] - Object: 'Object Repository/OCS-MOBILE /FAQ page/Learn about cannabis' is clicked on

2019-06-21 17:06:09 - [TEST_STEP][PASSED] - delay(1): Delayed 1 second(s)

2019-06-21 17:06:10 - [MESSAGE][PASSED] - Delayed 1 second(s)

2019-06-21 17:06:10 - [TEST_STEP][PASSED] - back(): Navigate back successfully

2019-06-21 17:06:11 - [MESSAGE][PASSED] - Navigate back successfully

2019-06-21 17:06:11 - [TEST_STEP][PASSED] - delay(1): Delayed 1 second(s)

2019-06-21 17:06:12 - [MESSAGE][PASSED] - Delayed 1 second(s)

2019-06-21 17:06:12 - [TEST_STEP][PASSED] - setViewPortSize(1000, 800, OPTIONAL): Viewport is set to new size with width = 1000 and height = 800

2019-06-21 17:06:12 - [MESSAGE][PASSED] - Viewport is set to new size with width = 1000 and height = 800

2019-06-21 17:06:12 - [TEST_STEP][PASSED] - delay(2, OPTIONAL): Delayed 2 second(s)

2019-06-21 17:06:14 - [MESSAGE][PASSED] - Delayed 2 second(s)

2019-06-21 17:06:14 - [TEST_STEP][PASSED] - click(findTestObject("Theme_oR/Page_Ontario Cannabis Store  Ontari/button_Hide bar"), OPTIONAL): Unable to click on object (Root cause: java.lang.IllegalArgumentException: Object is null)

2019-06-21 17:06:14 - [MESSAGE][WARNING] - Test object with id 'Object Repository/Theme_oR/Page_Ontario Cannabis Store  Ontari/button_Hide bar' does not exist

2019-06-21 17:06:14 - [MESSAGE][WARNING] - Test object with id 'Object Repository/' does not exist

2019-06-21 17:06:15 - [MESSAGE][WARNING] - Unable to click on object (Root cause: java.lang.IllegalArgumentException: Object is null)
[[ATTACHMENT|/Users/sumankompelly/Relative xpath-Mobile/Reports/OCS - 1.11.0/20190621_165048/1561151174755.png]]

2019-06-21 17:06:15 - [TEST_STEP][PASSED] - delay(2, OPTIONAL): Delayed 2 second(s)

2019-06-21 17:06:17 - [MESSAGE][PASSED] - Delayed 2 second(s)

2019-06-21 17:06:17 - [TEST_STEP][PASSED] - setViewPortSize(360, 800, OPTIONAL): Viewport is set to new size with width = 360 and height = 800

2019-06-21 17:06:17 - [MESSAGE][PASSED] - Viewport is set to new size with width = 360 and height = 800

2019-06-21 17:06:17 - [TEST_STEP][PASSED] - delay(1, OPTIONAL): Delayed 1 second(s)

2019-06-21 17:06:18 - [MESSAGE][PASSED] - Delayed 1 second(s)

2019-06-21 17:06:18 - [TEST_STEP][PASSED] - executeJavaScript("var previewBar = document.getElementById("preview-bar-iframe"); previewBar.style.display = "none";", []): Execute JavaScript 'var previewBar = document.getElementById("preview-bar-iframe"); previewBar.style.display = "none";' successfully

2019-06-21 17:06:18 - [MESSAGE][PASSED] - Execute JavaScript 'var previewBar = document.getElementById("preview-bar-iframe"); previewBar.style.display = "none";' successfully

2019-06-21 17:06:18 - [TEST_STEP][PASSED] - click(findTestObject("OCS-MOBILE /FAQ page/Loadmore4")): Object: 'Object Repository/OCS-MOBILE /FAQ page/Loadmore4' is clicked on

2019-06-21 17:06:18 - [MESSAGE][PASSED] - Object: 'Object Repository/OCS-MOBILE /FAQ page/Loadmore4' is clicked on

2019-06-21 17:06:18 - [TEST_STEP][PASSED] - delay(2, OPTIONAL): Delayed 2 second(s)

2019-06-21 17:06:20 - [MESSAGE][PASSED] - Delayed 2 second(s)

2019-06-21 17:06:20 - [TEST_STEP][PASSED] - setViewPortSize(1000, 800, OPTIONAL): Viewport is set to new size with width = 1000 and height = 800

2019-06-21 17:06:20 - [MESSAGE][PASSED] - Viewport is set to new size with width = 1000 and height = 800

2019-06-21 17:06:20 - [TEST_STEP][PASSED] - delay(2, OPTIONAL): Delayed 2 second(s)

2019-06-21 17:06:22 - [MESSAGE][PASSED] - Delayed 2 second(s)

2019-06-21 17:06:22 - [TEST_STEP][PASSED] - click(findTestObject("Theme_oR/Page_Ontario Cannabis Store  Ontari/button_Hide bar"), OPTIONAL): Unable to click on object (Root cause: java.lang.IllegalArgumentException: Object is null)

2019-06-21 17:06:22 - [MESSAGE][WARNING] - Test object with id 'Object Repository/Theme_oR/Page_Ontario Cannabis Store  Ontari/button_Hide bar' does not exist

2019-06-21 17:06:22 - [MESSAGE][WARNING] - Test object with id 'Object Repository/' does not exist

2019-06-21 17:06:22 - [MESSAGE][WARNING] - Unable to click on object (Root cause: java.lang.IllegalArgumentException: Object is null)
[[ATTACHMENT|/Users/sumankompelly/Relative xpath-Mobile/Reports/OCS - 1.11.0/20190621_165048/1561151182445.png]]

2019-06-21 17:06:22 - [TEST_STEP][PASSED] - delay(2, OPTIONAL): Delayed 2 second(s)

2019-06-21 17:06:24 - [MESSAGE][PASSED] - Delayed 2 second(s)

2019-06-21 17:06:24 - [TEST_STEP][PASSED] - setViewPortSize(360, 800, OPTIONAL): Viewport is set to new size with width = 360 and height = 800

2019-06-21 17:06:24 - [MESSAGE][PASSED] - Viewport is set to new size with width = 360 and height = 800

2019-06-21 17:06:24 - [TEST_STEP][PASSED] - delay(1, OPTIONAL): Delayed 1 second(s)

2019-06-21 17:06:25 - [MESSAGE][PASSED] - Delayed 1 second(s)

2019-06-21 17:06:25 - [TEST_STEP][PASSED] - click(findTestObject("OCS-MOBILE /FAQ page/Learn about OCS")): Object: 'Object Repository/OCS-MOBILE /FAQ page/Learn about OCS' is clicked on

2019-06-21 17:06:28 - [MESSAGE][PASSED] - Object: 'Object Repository/OCS-MOBILE /FAQ page/Learn about OCS' is clicked on

2019-06-21 17:06:28 - [TEST_STEP][PASSED] - back(): Navigate back successfully

2019-06-21 17:06:30 - [MESSAGE][PASSED] - Navigate back successfully

2019-06-21 17:06:30 - [TEST_STEP][PASSED] - delay(2, OPTIONAL): Delayed 2 second(s)

2019-06-21 17:06:32 - [MESSAGE][PASSED] - Delayed 2 second(s)

2019-06-21 17:06:32 - [TEST_STEP][PASSED] - setViewPortSize(1000, 800, OPTIONAL): Viewport is set to new size with width = 1000 and height = 800

2019-06-21 17:06:32 - [MESSAGE][PASSED] - Viewport is set to new size with width = 1000 and height = 800

2019-06-21 17:06:32 - [TEST_STEP][PASSED] - delay(2, OPTIONAL): Delayed 2 second(s)

2019-06-21 17:06:34 - [MESSAGE][PASSED] - Delayed 2 second(s)

2019-06-21 17:06:34 - [TEST_STEP][PASSED] - click(findTestObject("Theme_oR/Page_Ontario Cannabis Store  Ontari/button_Hide bar"), OPTIONAL): Unable to click on object (Root cause: java.lang.IllegalArgumentException: Object is null)

2019-06-21 17:06:34 - [MESSAGE][WARNING] - Test object with id 'Object Repository/Theme_oR/Page_Ontario Cannabis Store  Ontari/button_Hide bar' does not exist

2019-06-21 17:06:34 - [MESSAGE][WARNING] - Test object with id 'Object Repository/' does not exist

2019-06-21 17:06:34 - [MESSAGE][WARNING] - Unable to click on object (Root cause: java.lang.IllegalArgumentException: Object is null)
[[ATTACHMENT|/Users/sumankompelly/Relative xpath-Mobile/Reports/OCS - 1.11.0/20190621_165048/1561151194451.png]]

2019-06-21 17:06:34 - [TEST_STEP][PASSED] - delay(2, OPTIONAL): Delayed 2 second(s)

2019-06-21 17:06:36 - [MESSAGE][PASSED] - Delayed 2 second(s)

2019-06-21 17:06:36 - [TEST_STEP][PASSED] - setViewPortSize(360, 800, OPTIONAL): Viewport is set to new size with width = 360 and height = 800

2019-06-21 17:06:36 - [MESSAGE][PASSED] - Viewport is set to new size with width = 360 and height = 800

2019-06-21 17:06:36 - [TEST_STEP][PASSED] - delay(1, OPTIONAL): Delayed 1 second(s)

2019-06-21 17:06:37 - [MESSAGE][PASSED] - Delayed 1 second(s)

2019-06-21 17:06:37 - [TEST_STEP][PASSED] - executeJavaScript("var previewBar = document.getElementById("preview-bar-iframe"); previewBar.style.display = "none";", []): Execute JavaScript 'var previewBar = document.getElementById("preview-bar-iframe"); previewBar.style.display = "none";' successfully

2019-06-21 17:06:37 - [MESSAGE][PASSED] - Execute JavaScript 'var previewBar = document.getElementById("preview-bar-iframe"); previewBar.style.display = "none";' successfully

2019-06-21 17:06:37 - [TEST_STEP][PASSED] - click(findTestObject("OCS-MOBILE /FAQ page/Choose cannabis products")): Object: 'Object Repository/OCS-MOBILE /FAQ page/Choose cannabis products' is clicked on

2019-06-21 17:06:40 - [MESSAGE][PASSED] - Object: 'Object Repository/OCS-MOBILE /FAQ page/Choose cannabis products' is clicked on

2019-06-21 17:06:40 - [TEST_STEP][NOT_RUN] - back(): NOT_RUN: back()

2019-06-21 17:06:40 - [MESSAGE][NOT_RUN] - NOT_RUN: back()

2019-06-21 17:06:40 - [TEST_STEP][NOT_RUN] - click(findTestObject("OCS-MOBILE /Age gate and burger menu/Burger menu - English")): NOT_RUN: click(findTestObject("OCS-MOBILE /Age gate and burger menu/Burger menu - English"))

2019-06-21 17:06:40 - [MESSAGE][NOT_RUN] - NOT_RUN: click(findTestObject("OCS-MOBILE /Age gate and burger menu/Burger menu - English"))

2019-06-21 17:06:40 - [TEST_STEP][NOT_RUN] - delay(1, OPTIONAL): NOT_RUN: delay(1, OPTIONAL)

2019-06-21 17:06:40 - [MESSAGE][NOT_RUN] - NOT_RUN: delay(1, OPTIONAL)

2019-06-21 17:06:40 - [TEST_STEP][NOT_RUN] - click(findTestObject("OCS-MOBILE /FAQ page/FAQ")): NOT_RUN: click(findTestObject("OCS-MOBILE /FAQ page/FAQ"))

2019-06-21 17:06:40 - [MESSAGE][NOT_RUN] - NOT_RUN: click(findTestObject("OCS-MOBILE /FAQ page/FAQ"))

2019-06-21 17:06:40 - [TEST_STEP][NOT_RUN] - delay(1, OPTIONAL): NOT_RUN: delay(1, OPTIONAL)

2019-06-21 17:06:40 - [MESSAGE][NOT_RUN] - NOT_RUN: delay(1, OPTIONAL)

2019-06-21 17:06:40 - [TEST_STEP][NOT_RUN] - click(findTestObject("OCS-MOBILE /FAQ page/See all FAQs")): NOT_RUN: click(findTestObject("OCS-MOBILE /FAQ page/See all FAQs"))

2019-06-21 17:06:40 - [MESSAGE][NOT_RUN] - NOT_RUN: click(findTestObject("OCS-MOBILE /FAQ page/See all FAQs"))

2019-06-21 17:06:40 - [TEST_STEP][NOT_RUN] - executeJavaScript("var previewBar = document.getElementById("preview-bar-iframe"); previewBar.style.display = "none";", []): NOT_RUN: executeJavaScript("var previewBar = document.getElementById("preview-bar-iframe"); previewBar.style.display = "none";", [])

2019-06-21 17:06:40 - [MESSAGE][NOT_RUN] - NOT_RUN: executeJavaScript("var previewBar = document.getElementById("preview-bar-iframe"); previewBar.style.display = "none";", [])]]></system-out>
         <system-err><![CDATA[]]></system-err>
      </testcase>
      <testcase name="Test Cases/OCS - MOBILE/OCS- HOME PAGE/HP- Burger menu- Learn" classname="Test Cases/OCS - MOBILE/OCS- HOME PAGE/HP- Burger menu- Learn" status="PASSED">
         <system-out><![CDATA[2019-06-21 17:06:40 - [TEST_CASE][PASSED] - Test Cases/OCS - MOBILE/OCS- HOME PAGE/HP- Burger menu- Learn: Test Cases/OCS - MOBILE/OCS- HOME PAGE/HP- Burger menu- Learn

2019-06-21 17:06:40 - [TEST_STEP][PASSED] - callTestCase(findTestCase("OCS - MOBILE/CALL - AGE GATE"), [:], STOP_ON_FAILURE): Call Test Case 'Test Cases/OCS - MOBILE/CALL - AGE GATE' successfully

2019-06-21 17:06:40 - [TEST_CASE][PASSED] - Test Cases/OCS - MOBILE/CALL - AGE GATE: Test Cases/OCS - MOBILE/CALL - AGE GATE

2019-06-21 17:06:40 - [TEST_STEP][PASSED] - openBrowser(""): Browser is opened with url: ''

2019-06-21 17:06:40 - [MESSAGE][WARNING] - A browser is already opened. Closing browser and opening a new one

2019-06-21 17:06:41 - [MESSAGE][INFO] - Starting 'Chrome' driver

2019-06-21 17:06:42 - [MESSAGE][PASSED] - Browser is opened with url: ''

2019-06-21 17:06:42 - [TEST_STEP][PASSED] - navigateToUrl("https://ocs.ca/?fts=0&preview_theme_id=74057975628"): Navigate to 'https://ocs.ca/?fts=0&preview_theme_id=74057975628' successfully

2019-06-21 17:06:47 - [MESSAGE][PASSED] - Navigate to 'https://ocs.ca/?fts=0&preview_theme_id=74057975628' successfully

2019-06-21 17:06:47 - [TEST_STEP][PASSED] - executeJavaScript("var previewBar = document.getElementById("preview-bar-iframe"); previewBar.style.display = "none";", []): Execute JavaScript 'var previewBar = document.getElementById("preview-bar-iframe"); previewBar.style.display = "none";' successfully

2019-06-21 17:06:47 - [MESSAGE][PASSED] - Execute JavaScript 'var previewBar = document.getElementById("preview-bar-iframe"); previewBar.style.display = "none";' successfully

2019-06-21 17:06:47 - [TEST_STEP][PASSED] - setViewPortSize(360, 800): Viewport is set to new size with width = 360 and height = 800

2019-06-21 17:06:47 - [MESSAGE][PASSED] - Viewport is set to new size with width = 360 and height = 800

2019-06-21 17:06:47 - [TEST_STEP][PASSED] - delay(4): Delayed 4 second(s)

2019-06-21 17:06:51 - [MESSAGE][PASSED] - Delayed 4 second(s)

2019-06-21 17:06:51 - [TEST_STEP][PASSED] - selectOptionByValue(findTestObject("OCS-MOBILE /Age gate and burger menu/Date"), "12", true): All options with value '12' are selected in object 'Object Repository/OCS-MOBILE /Age gate and burger menu/Date'  using regular expression

2019-06-21 17:06:51 - [MESSAGE][PASSED] - All options with value '12' are selected in object 'Object Repository/OCS-MOBILE /Age gate and burger menu/Date'  using regular expression

2019-06-21 17:06:51 - [TEST_STEP][PASSED] - selectOptionByValue(findTestObject("OCS-MOBILE /Age gate and burger menu/month"), "6", true): All options with value '6' are selected in object 'Object Repository/OCS-MOBILE /Age gate and burger menu/month'  using regular expression

2019-06-21 17:06:51 - [MESSAGE][PASSED] - All options with value '6' are selected in object 'Object Repository/OCS-MOBILE /Age gate and burger menu/month'  using regular expression

2019-06-21 17:06:51 - [TEST_STEP][PASSED] - delay(2): Delayed 2 second(s)

2019-06-21 17:06:53 - [MESSAGE][PASSED] - Delayed 2 second(s)

2019-06-21 17:06:53 - [TEST_STEP][PASSED] - selectOptionByValue(findTestObject("OCS-MOBILE /Age gate and burger menu/Year Dropdown"), "1990", true): All options with value '1990' are selected in object 'Object Repository/OCS-MOBILE /Age gate and burger menu/Year Dropdown'  using regular expression

2019-06-21 17:06:55 - [MESSAGE][PASSED] - All options with value '1990' are selected in object 'Object Repository/OCS-MOBILE /Age gate and burger menu/Year Dropdown'  using regular expression

2019-06-21 17:06:55 - [TEST_STEP][PASSED] - click(findTestObject("OCS-MOBILE /Age gate and Mega menu/button_Verify")): Object: 'Object Repository/OCS-MOBILE /Age gate and Mega menu/button_Verify' is clicked on

2019-06-21 17:06:55 - [MESSAGE][PASSED] - Object: 'Object Repository/OCS-MOBILE /Age gate and Mega menu/button_Verify' is clicked on

2019-06-21 17:06:55 - [TEST_STEP][PASSED] - click(findTestObject("OCS-MOBILE /Age gate and Mega menu/Checkbox_CONFIRM AND ACKNOWLEDGE")): Object: 'Object Repository/OCS-MOBILE /Age gate and Mega menu/Checkbox_CONFIRM AND ACKNOWLEDGE' is clicked on

2019-06-21 17:06:55 - [MESSAGE][PASSED] - Object: 'Object Repository/OCS-MOBILE /Age gate and Mega menu/Checkbox_CONFIRM AND ACKNOWLEDGE' is clicked on

2019-06-21 17:06:55 - [TEST_STEP][PASSED] - click(findTestObject("OCS-MOBILE /Age gate and Mega menu/button_CONFIRM")): Object: 'Object Repository/OCS-MOBILE /Age gate and Mega menu/button_CONFIRM' is clicked on

2019-06-21 17:06:55 - [MESSAGE][PASSED] - Object: 'Object Repository/OCS-MOBILE /Age gate and Mega menu/button_CONFIRM' is clicked on

2019-06-21 17:06:55 - [TEST_STEP][PASSED] - click(findTestObject("OCS-MOBILE /Age gate and Mega menu/button_Start Browsing")): Object: 'Object Repository/OCS-MOBILE /Age gate and Mega menu/button_Start Browsing' is clicked on

2019-06-21 17:06:55 - [MESSAGE][PASSED] - Object: 'Object Repository/OCS-MOBILE /Age gate and Mega menu/button_Start Browsing' is clicked on

2019-06-21 17:06:55 - [TEST_STEP][PASSED] - refresh(): Refresh successfully

2019-06-21 17:06:55 - [MESSAGE][PASSED] - Refresh successfully

2019-06-21 17:06:55 - [TEST_STEP][PASSED] - executeJavaScript("var previewBar = document.getElementById("preview-bar-iframe"); previewBar.style.display = "none";", []): Execute JavaScript 'var previewBar = document.getElementById("preview-bar-iframe"); previewBar.style.display = "none";' successfully

2019-06-21 17:06:58 - [MESSAGE][PASSED] - Execute JavaScript 'var previewBar = document.getElementById("preview-bar-iframe"); previewBar.style.display = "none";' successfully

2019-06-21 17:06:58 - [MESSAGE][PASSED] - Call Test Case 'Test Cases/OCS - MOBILE/CALL - AGE GATE' successfully

2019-06-21 17:06:58 - [TEST_STEP][PASSED] - delay(2): Delayed 2 second(s)

2019-06-21 17:07:00 - [MESSAGE][PASSED] - Delayed 2 second(s)

2019-06-21 17:07:00 - [TEST_STEP][PASSED] - click(findTestObject("OCS-MOBILE /Age gate and burger menu/Burger menu - English"), CONTINUE_ON_FAILURE): Object: 'Object Repository/OCS-MOBILE /Age gate and burger menu/Burger menu - English' is clicked on

2019-06-21 17:07:01 - [MESSAGE][PASSED] - Object: 'Object Repository/OCS-MOBILE /Age gate and burger menu/Burger menu - English' is clicked on

2019-06-21 17:07:01 - [TEST_STEP][PASSED] - delay(2, CONTINUE_ON_FAILURE): Delayed 2 second(s)

2019-06-21 17:07:03 - [MESSAGE][PASSED] - Delayed 2 second(s)

2019-06-21 17:07:03 - [TEST_STEP][PASSED] - click(findTestObject("OCS-MOBILE /LEARN page/Learn chevron")): Object: 'Object Repository/OCS-MOBILE /LEARN page/Learn chevron' is clicked on

2019-06-21 17:07:03 - [MESSAGE][PASSED] - Object: 'Object Repository/OCS-MOBILE /LEARN page/Learn chevron' is clicked on

2019-06-21 17:07:03 - [TEST_STEP][PASSED] - delay(2): Delayed 2 second(s)

2019-06-21 17:07:05 - [MESSAGE][PASSED] - Delayed 2 second(s)

2019-06-21 17:07:05 - [TEST_STEP][PASSED] - click(findTestObject("OCS-MOBILE /LEARN page/How Cannabis Works plus accordian")): Object: 'Object Repository/OCS-MOBILE /LEARN page/How Cannabis Works plus accordian' is clicked on

2019-06-21 17:07:05 - [MESSAGE][PASSED] - Object: 'Object Repository/OCS-MOBILE /LEARN page/How Cannabis Works plus accordian' is clicked on

2019-06-21 17:07:05 - [TEST_STEP][PASSED] - delay(2): Delayed 2 second(s)

2019-06-21 17:07:07 - [MESSAGE][PASSED] - Delayed 2 second(s)

2019-06-21 17:07:07 - [TEST_STEP][PASSED] - click(findTestObject("OCS-MOBILE /LEARN page/How Cannabis Works Subtract accordian")): Object: 'Object Repository/OCS-MOBILE /LEARN page/How Cannabis Works Subtract accordian' is clicked on

2019-06-21 17:07:07 - [MESSAGE][PASSED] - Object: 'Object Repository/OCS-MOBILE /LEARN page/How Cannabis Works Subtract accordian' is clicked on

2019-06-21 17:07:07 - [TEST_STEP][PASSED] - delay(2): Delayed 2 second(s)

2019-06-21 17:07:09 - [MESSAGE][PASSED] - Delayed 2 second(s)

2019-06-21 17:07:09 - [TEST_STEP][PASSED] - click(findTestObject("OCS-MOBILE /LEARN page/How Cannabis Works plus accordian")): Object: 'Object Repository/OCS-MOBILE /LEARN page/How Cannabis Works plus accordian' is clicked on

2019-06-21 17:07:09 - [MESSAGE][PASSED] - Object: 'Object Repository/OCS-MOBILE /LEARN page/How Cannabis Works plus accordian' is clicked on

2019-06-21 17:07:09 - [TEST_STEP][PASSED] - delay(2): Delayed 2 second(s)

2019-06-21 17:07:11 - [MESSAGE][PASSED] - Delayed 2 second(s)

2019-06-21 17:07:11 - [TEST_STEP][PASSED] - click(findTestObject("OCS-MOBILE /LEARN page/The Effects of Cannabis")): Object: 'Object Repository/OCS-MOBILE /LEARN page/The Effects of Cannabis' is clicked on

2019-06-21 17:07:14 - [MESSAGE][PASSED] - Object: 'Object Repository/OCS-MOBILE /LEARN page/The Effects of Cannabis' is clicked on

2019-06-21 17:07:14 - [TEST_STEP][PASSED] - verifyTextPresent("The Effects of Cannabis", true): Text 'The Effects of Cannabis' is present on page  using regular expression

2019-06-21 17:07:14 - [MESSAGE][PASSED] - Text 'The Effects of Cannabis' is present on page  using regular expression

2019-06-21 17:07:14 - [TEST_STEP][PASSED] - delay(2): Delayed 2 second(s)

2019-06-21 17:07:16 - [MESSAGE][PASSED] - Delayed 2 second(s)

2019-06-21 17:07:16 - [TEST_STEP][PASSED] - click(findTestObject("OCS-MOBILE /Age gate and burger menu/Burger menu - English"), CONTINUE_ON_FAILURE): Object: 'Object Repository/OCS-MOBILE /Age gate and burger menu/Burger menu - English' is clicked on

2019-06-21 17:07:16 - [MESSAGE][PASSED] - Object: 'Object Repository/OCS-MOBILE /Age gate and burger menu/Burger menu - English' is clicked on

2019-06-21 17:07:16 - [TEST_STEP][PASSED] - delay(2, CONTINUE_ON_FAILURE): Delayed 2 second(s)

2019-06-21 17:07:18 - [MESSAGE][PASSED] - Delayed 2 second(s)

2019-06-21 17:07:18 - [TEST_STEP][PASSED] - click(findTestObject("OCS-MOBILE /LEARN page/Learn chevron")): Object: 'Object Repository/OCS-MOBILE /LEARN page/Learn chevron' is clicked on

2019-06-21 17:07:18 - [MESSAGE][PASSED] - Object: 'Object Repository/OCS-MOBILE /LEARN page/Learn chevron' is clicked on

2019-06-21 17:07:18 - [TEST_STEP][PASSED] - delay(2): Delayed 2 second(s)

2019-06-21 17:07:20 - [MESSAGE][PASSED] - Delayed 2 second(s)

2019-06-21 17:07:20 - [TEST_STEP][PASSED] - click(findTestObject("OCS-MOBILE /LEARN page/How Cannabis Works plus accordian")): Object: 'Object Repository/OCS-MOBILE /LEARN page/How Cannabis Works plus accordian' is clicked on

2019-06-21 17:07:20 - [MESSAGE][PASSED] - Object: 'Object Repository/OCS-MOBILE /LEARN page/How Cannabis Works plus accordian' is clicked on

2019-06-21 17:07:20 - [TEST_STEP][PASSED] - delay(1): Delayed 1 second(s)

2019-06-21 17:07:21 - [MESSAGE][PASSED] - Delayed 1 second(s)

2019-06-21 17:07:21 - [TEST_STEP][PASSED] - click(findTestObject("OCS-MOBILE /LEARN page/Endocannabinoids chevron")): Object: 'Object Repository/OCS-MOBILE /LEARN page/Endocannabinoids chevron' is clicked on

2019-06-21 17:07:24 - [MESSAGE][PASSED] - Object: 'Object Repository/OCS-MOBILE /LEARN page/Endocannabinoids chevron' is clicked on

2019-06-21 17:07:24 - [TEST_STEP][PASSED] - verifyTextPresent("The Endocannabinoid System", true): Text 'The Endocannabinoid System' is present on page  using regular expression

2019-06-21 17:07:24 - [MESSAGE][PASSED] - Text 'The Endocannabinoid System' is present on page  using regular expression

2019-06-21 17:07:24 - [TEST_STEP][PASSED] - delay(2): Delayed 2 second(s)

2019-06-21 17:07:26 - [MESSAGE][PASSED] - Delayed 2 second(s)

2019-06-21 17:07:26 - [TEST_STEP][PASSED] - click(findTestObject("OCS-MOBILE /Age gate and burger menu/Burger menu - English"), CONTINUE_ON_FAILURE): Object: 'Object Repository/OCS-MOBILE /Age gate and burger menu/Burger menu - English' is clicked on

2019-06-21 17:07:27 - [MESSAGE][PASSED] - Object: 'Object Repository/OCS-MOBILE /Age gate and burger menu/Burger menu - English' is clicked on

2019-06-21 17:07:27 - [TEST_STEP][PASSED] - delay(2, CONTINUE_ON_FAILURE): Delayed 2 second(s)

2019-06-21 17:07:29 - [MESSAGE][PASSED] - Delayed 2 second(s)

2019-06-21 17:07:29 - [TEST_STEP][PASSED] - click(findTestObject("OCS-MOBILE /LEARN page/Learn chevron")): Object: 'Object Repository/OCS-MOBILE /LEARN page/Learn chevron' is clicked on

2019-06-21 17:07:29 - [MESSAGE][PASSED] - Object: 'Object Repository/OCS-MOBILE /LEARN page/Learn chevron' is clicked on

2019-06-21 17:07:29 - [TEST_STEP][PASSED] - delay(2): Delayed 2 second(s)

2019-06-21 17:07:31 - [MESSAGE][PASSED] - Delayed 2 second(s)

2019-06-21 17:07:31 - [TEST_STEP][PASSED] - click(findTestObject("OCS-MOBILE /LEARN page/How Cannabis Works plus accordian")): Object: 'Object Repository/OCS-MOBILE /LEARN page/How Cannabis Works plus accordian' is clicked on

2019-06-21 17:07:31 - [MESSAGE][PASSED] - Object: 'Object Repository/OCS-MOBILE /LEARN page/How Cannabis Works plus accordian' is clicked on

2019-06-21 17:07:31 - [TEST_STEP][PASSED] - delay(1): Delayed 1 second(s)

2019-06-21 17:07:32 - [MESSAGE][PASSED] - Delayed 1 second(s)

2019-06-21 17:07:32 - [TEST_STEP][PASSED] - click(findTestObject("OCS-MOBILE /LEARN page/Read More -1")): Object: 'Object Repository/OCS-MOBILE /LEARN page/Read More -1' is clicked on

2019-06-21 17:07:34 - [MESSAGE][PASSED] - Object: 'Object Repository/OCS-MOBILE /LEARN page/Read More -1' is clicked on

2019-06-21 17:07:34 - [TEST_STEP][PASSED] - delay(2): Delayed 2 second(s)

2019-06-21 17:07:36 - [MESSAGE][PASSED] - Delayed 2 second(s)

2019-06-21 17:07:36 - [TEST_STEP][PASSED] - verifyTextPresent("The human reaction to cannabis.", false): Text 'The human reaction to cannabis.' is present on page 

2019-06-21 17:07:36 - [MESSAGE][PASSED] - Text 'The human reaction to cannabis.' is present on page 

2019-06-21 17:07:36 - [TEST_STEP][PASSED] - delay(2): Delayed 2 second(s)

2019-06-21 17:07:38 - [MESSAGE][PASSED] - Delayed 2 second(s)

2019-06-21 17:07:38 - [TEST_STEP][PASSED] - click(findTestObject("OCS-MOBILE /Age gate and burger menu/Burger menu - English"), CONTINUE_ON_FAILURE): Object: 'Object Repository/OCS-MOBILE /Age gate and burger menu/Burger menu - English' is clicked on

2019-06-21 17:07:39 - [MESSAGE][PASSED] - Object: 'Object Repository/OCS-MOBILE /Age gate and burger menu/Burger menu - English' is clicked on

2019-06-21 17:07:39 - [TEST_STEP][PASSED] - delay(2, CONTINUE_ON_FAILURE): Delayed 2 second(s)

2019-06-21 17:07:41 - [MESSAGE][PASSED] - Delayed 2 second(s)

2019-06-21 17:07:41 - [TEST_STEP][PASSED] - click(findTestObject("OCS-MOBILE /LEARN page/Learn chevron")): Object: 'Object Repository/OCS-MOBILE /LEARN page/Learn chevron' is clicked on

2019-06-21 17:07:41 - [MESSAGE][PASSED] - Object: 'Object Repository/OCS-MOBILE /LEARN page/Learn chevron' is clicked on

2019-06-21 17:07:41 - [TEST_STEP][PASSED] - delay(2): Delayed 2 second(s)

2019-06-21 17:07:43 - [MESSAGE][PASSED] - Delayed 2 second(s)

2019-06-21 17:07:43 - [TEST_STEP][PASSED] - click(findTestObject("OCS-MOBILE /LEARN page/Cannabis Anatomy plus accordian")): Object: 'Object Repository/OCS-MOBILE /LEARN page/Cannabis Anatomy plus accordian' is clicked on

2019-06-21 17:07:43 - [MESSAGE][PASSED] - Object: 'Object Repository/OCS-MOBILE /LEARN page/Cannabis Anatomy plus accordian' is clicked on

2019-06-21 17:07:43 - [TEST_STEP][PASSED] - delay(2): Delayed 2 second(s)

2019-06-21 17:07:45 - [MESSAGE][PASSED] - Delayed 2 second(s)

2019-06-21 17:07:45 - [TEST_STEP][PASSED] - click(findTestObject("OCS-MOBILE /LEARN page/Cannabis Anatomy subtract accordian")): Object: 'Object Repository/OCS-MOBILE /LEARN page/Cannabis Anatomy subtract accordian' is clicked on

2019-06-21 17:07:45 - [MESSAGE][PASSED] - Object: 'Object Repository/OCS-MOBILE /LEARN page/Cannabis Anatomy subtract accordian' is clicked on

2019-06-21 17:07:45 - [TEST_STEP][PASSED] - delay(2): Delayed 2 second(s)

2019-06-21 17:07:47 - [MESSAGE][PASSED] - Delayed 2 second(s)

2019-06-21 17:07:47 - [TEST_STEP][PASSED] - click(findTestObject("OCS-MOBILE /LEARN page/Cannabis Anatomy plus accordian")): Object: 'Object Repository/OCS-MOBILE /LEARN page/Cannabis Anatomy plus accordian' is clicked on

2019-06-21 17:07:47 - [MESSAGE][PASSED] - Object: 'Object Repository/OCS-MOBILE /LEARN page/Cannabis Anatomy plus accordian' is clicked on

2019-06-21 17:07:47 - [TEST_STEP][PASSED] - delay(2): Delayed 2 second(s)

2019-06-21 17:07:49 - [MESSAGE][PASSED] - Delayed 2 second(s)

2019-06-21 17:07:49 - [TEST_STEP][PASSED] - click(findTestObject("OCS-MOBILE /LEARN page/CBD")): Object: 'Object Repository/OCS-MOBILE /LEARN page/CBD' is clicked on

2019-06-21 17:07:52 - [MESSAGE][PASSED] - Object: 'Object Repository/OCS-MOBILE /LEARN page/CBD' is clicked on

2019-06-21 17:07:52 - [TEST_STEP][PASSED] - delay(2): Delayed 2 second(s)

2019-06-21 17:07:54 - [MESSAGE][PASSED] - Delayed 2 second(s)

2019-06-21 17:07:54 - [TEST_STEP][PASSED] - verifyTextPresent("CANNABIS ANATOMY", false, CONTINUE_ON_FAILURE): Text 'CANNABIS ANATOMY' is present on page 

2019-06-21 17:07:54 - [MESSAGE][PASSED] - Text 'CANNABIS ANATOMY' is present on page 

2019-06-21 17:07:54 - [TEST_STEP][PASSED] - delay(2): Delayed 2 second(s)

2019-06-21 17:07:56 - [MESSAGE][PASSED] - Delayed 2 second(s)

2019-06-21 17:07:56 - [TEST_STEP][PASSED] - click(findTestObject("OCS-MOBILE /Age gate and burger menu/Burger menu - English"), CONTINUE_ON_FAILURE): Object: 'Object Repository/OCS-MOBILE /Age gate and burger menu/Burger menu - English' is clicked on

2019-06-21 17:07:56 - [MESSAGE][PASSED] - Object: 'Object Repository/OCS-MOBILE /Age gate and burger menu/Burger menu - English' is clicked on

2019-06-21 17:07:56 - [TEST_STEP][PASSED] - delay(2, CONTINUE_ON_FAILURE): Delayed 2 second(s)

2019-06-21 17:07:58 - [MESSAGE][PASSED] - Delayed 2 second(s)

2019-06-21 17:07:58 - [TEST_STEP][PASSED] - click(findTestObject("OCS-MOBILE /LEARN page/Learn chevron")): Object: 'Object Repository/OCS-MOBILE /LEARN page/Learn chevron' is clicked on

2019-06-21 17:07:58 - [MESSAGE][PASSED] - Object: 'Object Repository/OCS-MOBILE /LEARN page/Learn chevron' is clicked on

2019-06-21 17:07:58 - [TEST_STEP][PASSED] - delay(2): Delayed 2 second(s)

2019-06-21 17:08:00 - [MESSAGE][PASSED] - Delayed 2 second(s)

2019-06-21 17:08:00 - [TEST_STEP][PASSED] - click(findTestObject("OCS-MOBILE /LEARN page/Cannabis Anatomy plus accordian")): Object: 'Object Repository/OCS-MOBILE /LEARN page/Cannabis Anatomy plus accordian' is clicked on

2019-06-21 17:08:00 - [MESSAGE][PASSED] - Object: 'Object Repository/OCS-MOBILE /LEARN page/Cannabis Anatomy plus accordian' is clicked on

2019-06-21 17:08:00 - [TEST_STEP][PASSED] - delay(1): Delayed 1 second(s)

2019-06-21 17:08:01 - [MESSAGE][PASSED] - Delayed 1 second(s)

2019-06-21 17:08:01 - [TEST_STEP][PASSED] - click(findTestObject("OCS-MOBILE /LEARN page/Terpenes")): Object: 'Object Repository/OCS-MOBILE /LEARN page/Terpenes' is clicked on

2019-06-21 17:08:04 - [MESSAGE][PASSED] - Object: 'Object Repository/OCS-MOBILE /LEARN page/Terpenes' is clicked on

2019-06-21 17:08:04 - [TEST_STEP][NOT_RUN] - click(findTestObject("Learn_spy/Page_Ontario Cannabis Store  Ontari/h3_Learn")): NOT_RUN: click(findTestObject("Learn_spy/Page_Ontario Cannabis Store  Ontari/h3_Learn"))

2019-06-21 17:08:04 - [MESSAGE][NOT_RUN] - NOT_RUN: click(findTestObject("Learn_spy/Page_Ontario Cannabis Store  Ontari/h3_Learn"))

2019-06-21 17:08:04 - [TEST_STEP][NOT_RUN] - click(findTestObject("Object Repository/Learn_OR/Page_The Effects of Cannabis  Ontar/a_Read More")): NOT_RUN: click(findTestObject("Object Repository/Learn_OR/Page_The Effects of Cannabis  Ontar/a_Read More"))

2019-06-21 17:08:04 - [MESSAGE][NOT_RUN] - NOT_RUN: click(findTestObject("Object Repository/Learn_OR/Page_The Effects of Cannabis  Ontar/a_Read More"))

2019-06-21 17:08:04 - [TEST_STEP][PASSED] - verifyTextPresent("Terpenes give cannabis strains their unique aromas.", true): Text 'Terpenes give cannabis strains their unique aromas.' is present on page  using regular expression

2019-06-21 17:08:05 - [MESSAGE][PASSED] - Text 'Terpenes give cannabis strains their unique aromas.' is present on page  using regular expression

2019-06-21 17:08:05 - [TEST_STEP][NOT_RUN] - click(findTestObject("Learn_spy/Page_Ontario Cannabis Store  Ontari/h3_Learn")): NOT_RUN: click(findTestObject("Learn_spy/Page_Ontario Cannabis Store  Ontari/h3_Learn"))

2019-06-21 17:08:05 - [MESSAGE][NOT_RUN] - NOT_RUN: click(findTestObject("Learn_spy/Page_Ontario Cannabis Store  Ontari/h3_Learn"))

2019-06-21 17:08:05 - [TEST_STEP][NOT_RUN] - click(findTestObject("Object Repository/Learn_OR/Page_How Cannabis Works  Ontario Ca/span_Cannabis Anatomy")): NOT_RUN: click(findTestObject("Object Repository/Learn_OR/Page_How Cannabis Works  Ontario Ca/span_Cannabis Anatomy"))

2019-06-21 17:08:05 - [MESSAGE][NOT_RUN] - NOT_RUN: click(findTestObject("Object Repository/Learn_OR/Page_How Cannabis Works  Ontario Ca/span_Cannabis Anatomy"))

2019-06-21 17:08:05 - [TEST_STEP][NOT_RUN] - click(findTestObject("Learn_spy/Page_Ontario Cannabis Store  Ontari/h3_Learn")): NOT_RUN: click(findTestObject("Learn_spy/Page_Ontario Cannabis Store  Ontari/h3_Learn"))

2019-06-21 17:08:05 - [MESSAGE][NOT_RUN] - NOT_RUN: click(findTestObject("Learn_spy/Page_Ontario Cannabis Store  Ontari/h3_Learn"))

2019-06-21 17:08:05 - [TEST_STEP][NOT_RUN] - verifyTextPresent("Terpenes give cannabis strains their unique aromas.", true): NOT_RUN: verifyTextPresent("Terpenes give cannabis strains their unique aromas.", true)

2019-06-21 17:08:05 - [MESSAGE][NOT_RUN] - NOT_RUN: verifyTextPresent("Terpenes give cannabis strains their unique aromas.", true)

2019-06-21 17:08:05 - [TEST_STEP][PASSED] - delay(2): Delayed 2 second(s)

2019-06-21 17:08:07 - [MESSAGE][PASSED] - Delayed 2 second(s)

2019-06-21 17:08:07 - [TEST_STEP][PASSED] - click(findTestObject("OCS-MOBILE /Age gate and burger menu/Burger menu - English"), CONTINUE_ON_FAILURE): Object: 'Object Repository/OCS-MOBILE /Age gate and burger menu/Burger menu - English' is clicked on

2019-06-21 17:08:07 - [MESSAGE][PASSED] - Object: 'Object Repository/OCS-MOBILE /Age gate and burger menu/Burger menu - English' is clicked on

2019-06-21 17:08:07 - [TEST_STEP][PASSED] - delay(2, CONTINUE_ON_FAILURE): Delayed 2 second(s)

2019-06-21 17:08:09 - [MESSAGE][PASSED] - Delayed 2 second(s)

2019-06-21 17:08:09 - [TEST_STEP][PASSED] - click(findTestObject("OCS-MOBILE /LEARN page/Learn chevron")): Object: 'Object Repository/OCS-MOBILE /LEARN page/Learn chevron' is clicked on

2019-06-21 17:08:09 - [MESSAGE][PASSED] - Object: 'Object Repository/OCS-MOBILE /LEARN page/Learn chevron' is clicked on

2019-06-21 17:08:09 - [TEST_STEP][PASSED] - delay(2): Delayed 2 second(s)

2019-06-21 17:08:11 - [MESSAGE][PASSED] - Delayed 2 second(s)

2019-06-21 17:08:11 - [TEST_STEP][PASSED] - click(findTestObject("OCS-MOBILE /LEARN page/Cannabis Anatomy plus accordian")): Object: 'Object Repository/OCS-MOBILE /LEARN page/Cannabis Anatomy plus accordian' is clicked on

2019-06-21 17:08:11 - [MESSAGE][PASSED] - Object: 'Object Repository/OCS-MOBILE /LEARN page/Cannabis Anatomy plus accordian' is clicked on

2019-06-21 17:08:11 - [TEST_STEP][PASSED] - delay(1): Delayed 1 second(s)

2019-06-21 17:08:12 - [MESSAGE][PASSED] - Delayed 1 second(s)

2019-06-21 17:08:12 - [TEST_STEP][PASSED] - click(findTestObject("OCS-MOBILE /LEARN page/THC")): Object: 'Object Repository/OCS-MOBILE /LEARN page/THC' is clicked on

2019-06-21 17:08:14 - [MESSAGE][PASSED] - Object: 'Object Repository/OCS-MOBILE /LEARN page/THC' is clicked on

2019-06-21 17:08:14 - [TEST_STEP][PASSED] - verifyTextPresent("THC is the component in cannabis that is primarily responsible for its intoxicating, psychoactive effects.", true): Text 'THC is the component in cannabis that is primarily responsible for its intoxicating, psychoactive effects.' is present on page  using regular expression

2019-06-21 17:08:14 - [MESSAGE][PASSED] - Text 'THC is the component in cannabis that is primarily responsible for its intoxicating, psychoactive effects.' is present on page  using regular expression

2019-06-21 17:08:14 - [TEST_STEP][PASSED] - delay(2): Delayed 2 second(s)

2019-06-21 17:08:16 - [MESSAGE][PASSED] - Delayed 2 second(s)

2019-06-21 17:08:16 - [TEST_STEP][PASSED] - click(findTestObject("OCS-MOBILE /Age gate and burger menu/Burger menu - English"), CONTINUE_ON_FAILURE): Object: 'Object Repository/OCS-MOBILE /Age gate and burger menu/Burger menu - English' is clicked on

2019-06-21 17:08:16 - [MESSAGE][PASSED] - Object: 'Object Repository/OCS-MOBILE /Age gate and burger menu/Burger menu - English' is clicked on

2019-06-21 17:08:16 - [TEST_STEP][PASSED] - delay(2, CONTINUE_ON_FAILURE): Delayed 2 second(s)

2019-06-21 17:08:18 - [MESSAGE][PASSED] - Delayed 2 second(s)

2019-06-21 17:08:19 - [TEST_STEP][PASSED] - click(findTestObject("OCS-MOBILE /LEARN page/Learn chevron")): Object: 'Object Repository/OCS-MOBILE /LEARN page/Learn chevron' is clicked on

2019-06-21 17:08:19 - [MESSAGE][PASSED] - Object: 'Object Repository/OCS-MOBILE /LEARN page/Learn chevron' is clicked on

2019-06-21 17:08:19 - [TEST_STEP][PASSED] - delay(2): Delayed 2 second(s)

2019-06-21 17:08:21 - [MESSAGE][PASSED] - Delayed 2 second(s)

2019-06-21 17:08:21 - [TEST_STEP][PASSED] - click(findTestObject("OCS-MOBILE /LEARN page/Cannabis Anatomy plus accordian")): Object: 'Object Repository/OCS-MOBILE /LEARN page/Cannabis Anatomy plus accordian' is clicked on

2019-06-21 17:08:21 - [MESSAGE][PASSED] - Object: 'Object Repository/OCS-MOBILE /LEARN page/Cannabis Anatomy plus accordian' is clicked on

2019-06-21 17:08:21 - [TEST_STEP][PASSED] - delay(1): Delayed 1 second(s)

2019-06-21 17:08:22 - [MESSAGE][PASSED] - Delayed 1 second(s)

2019-06-21 17:08:22 - [TEST_STEP][PASSED] - click(findTestObject("OCS-MOBILE /LEARN page/Read More -2")): Object: 'Object Repository/OCS-MOBILE /LEARN page/Read More -2' is clicked on

2019-06-21 17:08:24 - [MESSAGE][PASSED] - Object: 'Object Repository/OCS-MOBILE /LEARN page/Read More -2' is clicked on

2019-06-21 17:08:24 - [TEST_STEP][PASSED] - verifyTextPresent("The components of a complex plant.", true): Text 'The components of a complex plant.' is present on page  using regular expression

2019-06-21 17:08:24 - [MESSAGE][PASSED] - Text 'The components of a complex plant.' is present on page  using regular expression

2019-06-21 17:08:24 - [TEST_STEP][PASSED] - delay(2): Delayed 2 second(s)

2019-06-21 17:08:26 - [MESSAGE][PASSED] - Delayed 2 second(s)

2019-06-21 17:08:26 - [TEST_STEP][PASSED] - click(findTestObject("OCS-MOBILE /Age gate and burger menu/Burger menu - English"), CONTINUE_ON_FAILURE): Object: 'Object Repository/OCS-MOBILE /Age gate and burger menu/Burger menu - English' is clicked on

2019-06-21 17:08:26 - [MESSAGE][PASSED] - Object: 'Object Repository/OCS-MOBILE /Age gate and burger menu/Burger menu - English' is clicked on

2019-06-21 17:08:26 - [TEST_STEP][PASSED] - delay(2, CONTINUE_ON_FAILURE): Delayed 2 second(s)

2019-06-21 17:08:28 - [MESSAGE][PASSED] - Delayed 2 second(s)

2019-06-21 17:08:28 - [TEST_STEP][PASSED] - click(findTestObject("OCS-MOBILE /LEARN page/Learn chevron")): Object: 'Object Repository/OCS-MOBILE /LEARN page/Learn chevron' is clicked on

2019-06-21 17:08:28 - [MESSAGE][PASSED] - Object: 'Object Repository/OCS-MOBILE /LEARN page/Learn chevron' is clicked on

2019-06-21 17:08:28 - [TEST_STEP][PASSED] - delay(2): Delayed 2 second(s)

2019-06-21 17:08:30 - [MESSAGE][PASSED] - Delayed 2 second(s)

2019-06-21 17:08:30 - [TEST_STEP][PASSED] - click(findTestObject("OCS-MOBILE /LEARN page/Cannabis Consumption")): Object: 'Object Repository/OCS-MOBILE /LEARN page/Cannabis Consumption' is clicked on

2019-06-21 17:08:30 - [MESSAGE][PASSED] - Object: 'Object Repository/OCS-MOBILE /LEARN page/Cannabis Consumption' is clicked on

2019-06-21 17:08:30 - [TEST_STEP][PASSED] - delay(1): Delayed 1 second(s)

2019-06-21 17:08:31 - [MESSAGE][PASSED] - Delayed 1 second(s)

2019-06-21 17:08:31 - [TEST_STEP][PASSED] - click(findTestObject("OCS-MOBILE /LEARN page/Cannabis Consumption subtract accordian")): Object: 'Object Repository/OCS-MOBILE /LEARN page/Cannabis Consumption subtract accordian' is clicked on

2019-06-21 17:08:32 - [MESSAGE][PASSED] - Object: 'Object Repository/OCS-MOBILE /LEARN page/Cannabis Consumption subtract accordian' is clicked on

2019-06-21 17:08:32 - [TEST_STEP][PASSED] - click(findTestObject("OCS-MOBILE /LEARN page/Cannabis Consumption")): Object: 'Object Repository/OCS-MOBILE /LEARN page/Cannabis Consumption' is clicked on

2019-06-21 17:08:32 - [MESSAGE][PASSED] - Object: 'Object Repository/OCS-MOBILE /LEARN page/Cannabis Consumption' is clicked on

2019-06-21 17:08:32 - [TEST_STEP][PASSED] - delay(1): Delayed 1 second(s)

2019-06-21 17:08:33 - [MESSAGE][PASSED] - Delayed 1 second(s)

2019-06-21 17:08:33 - [TEST_STEP][PASSED] - click(findTestObject("OCS-MOBILE /LEARN page/Cooking with cannabis")): Object: 'Object Repository/OCS-MOBILE /LEARN page/Cooking with cannabis' is clicked on

2019-06-21 17:08:36 - [MESSAGE][PASSED] - Object: 'Object Repository/OCS-MOBILE /LEARN page/Cooking with cannabis' is clicked on

2019-06-21 17:08:36 - [TEST_STEP][PASSED] - verifyTextPresent("Cannabis-infused foods are becoming more common, and careful preparation is required to avoid overconsumption.", true): Text 'Cannabis-infused foods are becoming more common, and careful preparation is required to avoid overconsumption.' is present on page  using regular expression

2019-06-21 17:08:36 - [MESSAGE][PASSED] - Text 'Cannabis-infused foods are becoming more common, and careful preparation is required to avoid overconsumption.' is present on page  using regular expression

2019-06-21 17:08:36 - [TEST_STEP][PASSED] - delay(2): Delayed 2 second(s)

2019-06-21 17:08:38 - [MESSAGE][PASSED] - Delayed 2 second(s)

2019-06-21 17:08:38 - [TEST_STEP][PASSED] - click(findTestObject("OCS-MOBILE /Age gate and burger menu/Burger menu - English"), CONTINUE_ON_FAILURE): Object: 'Object Repository/OCS-MOBILE /Age gate and burger menu/Burger menu - English' is clicked on

2019-06-21 17:08:38 - [MESSAGE][PASSED] - Object: 'Object Repository/OCS-MOBILE /Age gate and burger menu/Burger menu - English' is clicked on

2019-06-21 17:08:38 - [TEST_STEP][PASSED] - delay(2, CONTINUE_ON_FAILURE): Delayed 2 second(s)

2019-06-21 17:08:40 - [MESSAGE][PASSED] - Delayed 2 second(s)

2019-06-21 17:08:40 - [TEST_STEP][PASSED] - click(findTestObject("OCS-MOBILE /LEARN page/Learn chevron")): Object: 'Object Repository/OCS-MOBILE /LEARN page/Learn chevron' is clicked on

2019-06-21 17:08:40 - [MESSAGE][PASSED] - Object: 'Object Repository/OCS-MOBILE /LEARN page/Learn chevron' is clicked on

2019-06-21 17:08:40 - [TEST_STEP][PASSED] - delay(2): Delayed 2 second(s)

2019-06-21 17:08:42 - [MESSAGE][PASSED] - Delayed 2 second(s)

2019-06-21 17:08:42 - [TEST_STEP][PASSED] - click(findTestObject("OCS-MOBILE /LEARN page/Cannabis Consumption")): Object: 'Object Repository/OCS-MOBILE /LEARN page/Cannabis Consumption' is clicked on

2019-06-21 17:08:42 - [MESSAGE][PASSED] - Object: 'Object Repository/OCS-MOBILE /LEARN page/Cannabis Consumption' is clicked on

2019-06-21 17:08:42 - [TEST_STEP][PASSED] - delay(1): Delayed 1 second(s)

2019-06-21 17:08:43 - [MESSAGE][PASSED] - Delayed 1 second(s)

2019-06-21 17:08:43 - [TEST_STEP][PASSED] - click(findTestObject("OCS-MOBILE /LEARN page/storing cannabis - chevron")): Object: 'Object Repository/OCS-MOBILE /LEARN page/storing cannabis - chevron' is clicked on

2019-06-21 17:08:45 - [MESSAGE][PASSED] - Object: 'Object Repository/OCS-MOBILE /LEARN page/storing cannabis - chevron' is clicked on

2019-06-21 17:08:45 - [TEST_STEP][PASSED] - verifyTextPresent("How to keep your family safe and your cannabis from spoiling.", true): Text 'How to keep your family safe and your cannabis from spoiling.' is present on page  using regular expression

2019-06-21 17:08:45 - [MESSAGE][PASSED] - Text 'How to keep your family safe and your cannabis from spoiling.' is present on page  using regular expression

2019-06-21 17:08:45 - [TEST_STEP][PASSED] - delay(2): Delayed 2 second(s)

2019-06-21 17:08:47 - [MESSAGE][PASSED] - Delayed 2 second(s)

2019-06-21 17:08:47 - [TEST_STEP][PASSED] - click(findTestObject("OCS-MOBILE /Age gate and burger menu/Burger menu - English"), CONTINUE_ON_FAILURE): Object: 'Object Repository/OCS-MOBILE /Age gate and burger menu/Burger menu - English' is clicked on

2019-06-21 17:08:47 - [MESSAGE][PASSED] - Object: 'Object Repository/OCS-MOBILE /Age gate and burger menu/Burger menu - English' is clicked on

2019-06-21 17:08:47 - [TEST_STEP][PASSED] - delay(2, CONTINUE_ON_FAILURE): Delayed 2 second(s)

2019-06-21 17:08:49 - [MESSAGE][PASSED] - Delayed 2 second(s)

2019-06-21 17:08:49 - [TEST_STEP][PASSED] - click(findTestObject("OCS-MOBILE /LEARN page/Learn chevron")): Object: 'Object Repository/OCS-MOBILE /LEARN page/Learn chevron' is clicked on

2019-06-21 17:08:49 - [MESSAGE][PASSED] - Object: 'Object Repository/OCS-MOBILE /LEARN page/Learn chevron' is clicked on

2019-06-21 17:08:49 - [TEST_STEP][PASSED] - delay(2): Delayed 2 second(s)

2019-06-21 17:08:51 - [MESSAGE][PASSED] - Delayed 2 second(s)

2019-06-21 17:08:51 - [TEST_STEP][PASSED] - click(findTestObject("OCS-MOBILE /LEARN page/Cannabis Consumption")): Object: 'Object Repository/OCS-MOBILE /LEARN page/Cannabis Consumption' is clicked on

2019-06-21 17:08:51 - [MESSAGE][PASSED] - Object: 'Object Repository/OCS-MOBILE /LEARN page/Cannabis Consumption' is clicked on

2019-06-21 17:08:51 - [TEST_STEP][PASSED] - delay(1): Delayed 1 second(s)

2019-06-21 17:08:52 - [MESSAGE][PASSED] - Delayed 1 second(s)

2019-06-21 17:08:52 - [TEST_STEP][PASSED] - click(findTestObject("OCS-MOBILE /LEARN page/Growing cannabis - chevron")): Object: 'Object Repository/OCS-MOBILE /LEARN page/Growing cannabis - chevron' is clicked on

2019-06-21 17:08:55 - [MESSAGE][PASSED] - Object: 'Object Repository/OCS-MOBILE /LEARN page/Growing cannabis - chevron' is clicked on

2019-06-21 17:08:55 - [TEST_STEP][PASSED] - verifyTextPresent("It is legal in Ontario to own and grow up to 4 cannabis plants in your own residential dwelling. Get beginner growing tips here.", true): Text 'It is legal in Ontario to own and grow up to 4 cannabis plants in your own residential dwelling. Get beginner growing tips here.' is present on page  using regular expression

2019-06-21 17:08:55 - [MESSAGE][PASSED] - Text 'It is legal in Ontario to own and grow up to 4 cannabis plants in your own residential dwelling. Get beginner growing tips here.' is present on page  using regular expression

2019-06-21 17:08:55 - [TEST_STEP][PASSED] - delay(2): Delayed 2 second(s)

2019-06-21 17:08:57 - [MESSAGE][PASSED] - Delayed 2 second(s)

2019-06-21 17:08:57 - [TEST_STEP][PASSED] - click(findTestObject("OCS-MOBILE /Age gate and burger menu/Burger menu - English"), CONTINUE_ON_FAILURE): Object: 'Object Repository/OCS-MOBILE /Age gate and burger menu/Burger menu - English' is clicked on

2019-06-21 17:08:57 - [MESSAGE][PASSED] - Object: 'Object Repository/OCS-MOBILE /Age gate and burger menu/Burger menu - English' is clicked on

2019-06-21 17:08:57 - [TEST_STEP][PASSED] - delay(2, CONTINUE_ON_FAILURE): Delayed 2 second(s)

2019-06-21 17:08:59 - [MESSAGE][PASSED] - Delayed 2 second(s)

2019-06-21 17:08:59 - [TEST_STEP][PASSED] - click(findTestObject("OCS-MOBILE /LEARN page/Learn chevron")): Object: 'Object Repository/OCS-MOBILE /LEARN page/Learn chevron' is clicked on

2019-06-21 17:08:59 - [MESSAGE][PASSED] - Object: 'Object Repository/OCS-MOBILE /LEARN page/Learn chevron' is clicked on

2019-06-21 17:08:59 - [TEST_STEP][PASSED] - delay(2): Delayed 2 second(s)

2019-06-21 17:09:01 - [MESSAGE][PASSED] - Delayed 2 second(s)

2019-06-21 17:09:01 - [TEST_STEP][PASSED] - click(findTestObject("OCS-MOBILE /LEARN page/Cannabis Consumption")): Object: 'Object Repository/OCS-MOBILE /LEARN page/Cannabis Consumption' is clicked on

2019-06-21 17:09:01 - [MESSAGE][PASSED] - Object: 'Object Repository/OCS-MOBILE /LEARN page/Cannabis Consumption' is clicked on

2019-06-21 17:09:01 - [TEST_STEP][PASSED] - delay(1): Delayed 1 second(s)

2019-06-21 17:09:02 - [MESSAGE][PASSED] - Delayed 1 second(s)

2019-06-21 17:09:02 - [TEST_STEP][PASSED] - click(findTestObject("OCS-MOBILE /LEARN page/Read More -3")): Object: 'Object Repository/OCS-MOBILE /LEARN page/Read More -3' is clicked on

2019-06-21 17:09:05 - [MESSAGE][PASSED] - Object: 'Object Repository/OCS-MOBILE /LEARN page/Read More -3' is clicked on

2019-06-21 17:09:05 - [TEST_STEP][PASSED] - delay(2): Delayed 2 second(s)

2019-06-21 17:09:07 - [MESSAGE][PASSED] - Delayed 2 second(s)

2019-06-21 17:09:07 - [TEST_STEP][PASSED] - click(findTestObject("OCS-MOBILE /Age gate and burger menu/Burger menu - English"), CONTINUE_ON_FAILURE): Object: 'Object Repository/OCS-MOBILE /Age gate and burger menu/Burger menu - English' is clicked on

2019-06-21 17:09:07 - [MESSAGE][PASSED] - Object: 'Object Repository/OCS-MOBILE /Age gate and burger menu/Burger menu - English' is clicked on

2019-06-21 17:09:07 - [TEST_STEP][PASSED] - delay(2, CONTINUE_ON_FAILURE): Delayed 2 second(s)

2019-06-21 17:09:09 - [MESSAGE][PASSED] - Delayed 2 second(s)

2019-06-21 17:09:09 - [TEST_STEP][PASSED] - click(findTestObject("OCS-MOBILE /LEARN page/Learn chevron")): Object: 'Object Repository/OCS-MOBILE /LEARN page/Learn chevron' is clicked on

2019-06-21 17:09:09 - [MESSAGE][PASSED] - Object: 'Object Repository/OCS-MOBILE /LEARN page/Learn chevron' is clicked on

2019-06-21 17:09:09 - [TEST_STEP][PASSED] - delay(2): Delayed 2 second(s)

2019-06-21 17:09:11 - [MESSAGE][PASSED] - Delayed 2 second(s)

2019-06-21 17:09:11 - [TEST_STEP][NOT_RUN] - click(findTestObject("OCS-MOBILE /LEARN page/Cannabis Consumption plus accordian")): NOT_RUN: click(findTestObject("OCS-MOBILE /LEARN page/Cannabis Consumption plus accordian"))

2019-06-21 17:09:11 - [MESSAGE][NOT_RUN] - NOT_RUN: click(findTestObject("OCS-MOBILE /LEARN page/Cannabis Consumption plus accordian"))

2019-06-21 17:09:11 - [TEST_STEP][NOT_RUN] - click(findTestObject("Object Repository/Learn_OR/Page_Methods of Consumption  Ontari/li_LearnLearnHow Cannabis Work")): NOT_RUN: click(findTestObject("Object Repository/Learn_OR/Page_Methods of Consumption  Ontari/li_LearnLearnHow Cannabis Work"))

2019-06-21 17:09:11 - [MESSAGE][NOT_RUN] - NOT_RUN: click(findTestObject("Object Repository/Learn_OR/Page_Methods of Consumption  Ontari/li_LearnLearnHow Cannabis Work"))

2019-06-21 17:09:11 - [TEST_STEP][NOT_RUN] - verifyTextPresent("The Endocannabinoid System", true): NOT_RUN: verifyTextPresent("The Endocannabinoid System", true)

2019-06-21 17:09:11 - [MESSAGE][NOT_RUN] - NOT_RUN: verifyTextPresent("The Endocannabinoid System", true)

2019-06-21 17:09:11 - [TEST_STEP][PASSED] - click(findTestObject("OCS-MOBILE /LEARN page/How to Choose Cannabis Products")): Object: 'Object Repository/OCS-MOBILE /LEARN page/How to Choose Cannabis Products' is clicked on

2019-06-21 17:09:11 - [MESSAGE][PASSED] - Object: 'Object Repository/OCS-MOBILE /LEARN page/How to Choose Cannabis Products' is clicked on

2019-06-21 17:09:11 - [TEST_STEP][PASSED] - delay(1): Delayed 1 second(s)

2019-06-21 17:09:12 - [MESSAGE][PASSED] - Delayed 1 second(s)

2019-06-21 17:09:12 - [TEST_STEP][PASSED] - click(findTestObject("OCS-MOBILE /LEARN page/How to Choose Cannabis Products subtract accordian")): Object: 'Object Repository/OCS-MOBILE /LEARN page/How to Choose Cannabis Products subtract accordian' is clicked on

2019-06-21 17:09:12 - [MESSAGE][PASSED] - Object: 'Object Repository/OCS-MOBILE /LEARN page/How to Choose Cannabis Products subtract accordian' is clicked on

2019-06-21 17:09:12 - [TEST_STEP][PASSED] - delay(1): Delayed 1 second(s)

2019-06-21 17:09:13 - [MESSAGE][PASSED] - Delayed 1 second(s)

2019-06-21 17:09:13 - [TEST_STEP][PASSED] - click(findTestObject("OCS-MOBILE /LEARN page/How to Choose Cannabis Products")): Object: 'Object Repository/OCS-MOBILE /LEARN page/How to Choose Cannabis Products' is clicked on

2019-06-21 17:09:13 - [MESSAGE][PASSED] - Object: 'Object Repository/OCS-MOBILE /LEARN page/How to Choose Cannabis Products' is clicked on

2019-06-21 17:09:13 - [TEST_STEP][PASSED] - delay(1): Delayed 1 second(s)

2019-06-21 17:09:14 - [MESSAGE][PASSED] - Delayed 1 second(s)

2019-06-21 17:09:14 - [TEST_STEP][PASSED] - executeJavaScript("var previewBar = document.getElementById("preview-bar-iframe"); previewBar.style.display = "none";", []): Execute JavaScript 'var previewBar = document.getElementById("preview-bar-iframe"); previewBar.style.display = "none";' successfully

2019-06-21 17:09:14 - [MESSAGE][PASSED] - Execute JavaScript 'var previewBar = document.getElementById("preview-bar-iframe"); previewBar.style.display = "none";' successfully

2019-06-21 17:09:14 - [TEST_STEP][PASSED] - click(findTestObject("OCS-MOBILE /LEARN page/Reading a product label - chevron")): Object: 'Object Repository/OCS-MOBILE /LEARN page/Reading a product label - chevron' is clicked on

2019-06-21 17:09:18 - [MESSAGE][PASSED] - Object: 'Object Repository/OCS-MOBILE /LEARN page/Reading a product label - chevron' is clicked on

2019-06-21 17:09:18 - [TEST_STEP][PASSED] - delay(2): Delayed 2 second(s)

2019-06-21 17:09:20 - [MESSAGE][PASSED] - Delayed 2 second(s)

2019-06-21 17:09:20 - [TEST_STEP][PASSED] - click(findTestObject("OCS-MOBILE /Age gate and burger menu/Burger menu - English"), CONTINUE_ON_FAILURE): Object: 'Object Repository/OCS-MOBILE /Age gate and burger menu/Burger menu - English' is clicked on

2019-06-21 17:09:20 - [MESSAGE][PASSED] - Object: 'Object Repository/OCS-MOBILE /Age gate and burger menu/Burger menu - English' is clicked on

2019-06-21 17:09:20 - [TEST_STEP][PASSED] - delay(2, CONTINUE_ON_FAILURE): Delayed 2 second(s)

2019-06-21 17:09:22 - [MESSAGE][PASSED] - Delayed 2 second(s)

2019-06-21 17:09:22 - [TEST_STEP][PASSED] - click(findTestObject("OCS-MOBILE /LEARN page/Learn chevron")): Object: 'Object Repository/OCS-MOBILE /LEARN page/Learn chevron' is clicked on

2019-06-21 17:09:22 - [MESSAGE][PASSED] - Object: 'Object Repository/OCS-MOBILE /LEARN page/Learn chevron' is clicked on

2019-06-21 17:09:22 - [TEST_STEP][PASSED] - delay(2): Delayed 2 second(s)

2019-06-21 17:09:24 - [MESSAGE][PASSED] - Delayed 2 second(s)

2019-06-21 17:09:24 - [TEST_STEP][PASSED] - click(findTestObject("OCS-MOBILE /LEARN page/How to Choose Cannabis Products")): Object: 'Object Repository/OCS-MOBILE /LEARN page/How to Choose Cannabis Products' is clicked on

2019-06-21 17:09:24 - [MESSAGE][PASSED] - Object: 'Object Repository/OCS-MOBILE /LEARN page/How to Choose Cannabis Products' is clicked on

2019-06-21 17:09:24 - [TEST_STEP][PASSED] - delay(1): Delayed 1 second(s)

2019-06-21 17:09:25 - [MESSAGE][PASSED] - Delayed 1 second(s)

2019-06-21 17:09:25 - [TEST_STEP][PASSED] - click(findTestObject("OCS-MOBILE /LEARN page/cannabinoid content - chveron")): Object: 'Object Repository/OCS-MOBILE /LEARN page/cannabinoid content - chveron' is clicked on

2019-06-21 17:09:28 - [MESSAGE][PASSED] - Object: 'Object Repository/OCS-MOBILE /LEARN page/cannabinoid content - chveron' is clicked on

2019-06-21 17:09:28 - [TEST_STEP][PASSED] - verifyTextPresent("Understanding Cannabinoid Content on Product Labels", true): Text 'Understanding Cannabinoid Content on Product Labels' is present on page  using regular expression

2019-06-21 17:09:28 - [MESSAGE][PASSED] - Text 'Understanding Cannabinoid Content on Product Labels' is present on page  using regular expression

2019-06-21 17:09:28 - [TEST_STEP][PASSED] - delay(2): Delayed 2 second(s)

2019-06-21 17:09:30 - [MESSAGE][PASSED] - Delayed 2 second(s)

2019-06-21 17:09:30 - [TEST_STEP][PASSED] - click(findTestObject("OCS-MOBILE /Age gate and burger menu/Burger menu - English"), CONTINUE_ON_FAILURE): Object: 'Object Repository/OCS-MOBILE /Age gate and burger menu/Burger menu - English' is clicked on

2019-06-21 17:09:30 - [MESSAGE][PASSED] - Object: 'Object Repository/OCS-MOBILE /Age gate and burger menu/Burger menu - English' is clicked on

2019-06-21 17:09:30 - [TEST_STEP][PASSED] - delay(2, CONTINUE_ON_FAILURE): Delayed 2 second(s)

2019-06-21 17:09:32 - [MESSAGE][PASSED] - Delayed 2 second(s)

2019-06-21 17:09:32 - [TEST_STEP][PASSED] - click(findTestObject("OCS-MOBILE /LEARN page/Learn chevron")): Object: 'Object Repository/OCS-MOBILE /LEARN page/Learn chevron' is clicked on

2019-06-21 17:09:33 - [MESSAGE][PASSED] - Object: 'Object Repository/OCS-MOBILE /LEARN page/Learn chevron' is clicked on

2019-06-21 17:09:33 - [TEST_STEP][PASSED] - delay(2): Delayed 2 second(s)

2019-06-21 17:09:35 - [MESSAGE][PASSED] - Delayed 2 second(s)

2019-06-21 17:09:35 - [TEST_STEP][PASSED] - click(findTestObject("OCS-MOBILE /LEARN page/How to Choose Cannabis Products")): Object: 'Object Repository/OCS-MOBILE /LEARN page/How to Choose Cannabis Products' is clicked on

2019-06-21 17:09:35 - [MESSAGE][PASSED] - Object: 'Object Repository/OCS-MOBILE /LEARN page/How to Choose Cannabis Products' is clicked on

2019-06-21 17:09:35 - [TEST_STEP][PASSED] - delay(1): Delayed 1 second(s)

2019-06-21 17:09:36 - [MESSAGE][PASSED] - Delayed 1 second(s)

2019-06-21 17:09:36 - [TEST_STEP][PASSED] - click(findTestObject("OCS-MOBILE /LEARN page/Factors in Choosing Canna - chevron")): Object: 'Object Repository/OCS-MOBILE /LEARN page/Factors in Choosing Canna - chevron' is clicked on

2019-06-21 17:09:39 - [MESSAGE][PASSED] - Object: 'Object Repository/OCS-MOBILE /LEARN page/Factors in Choosing Canna - chevron' is clicked on

2019-06-21 17:09:39 - [TEST_STEP][PASSED] - verifyTextPresent("Six things to know before deciding to consume cannabis.", true): Text 'Six things to know before deciding to consume cannabis.' is present on page  using regular expression

2019-06-21 17:09:39 - [MESSAGE][PASSED] - Text 'Six things to know before deciding to consume cannabis.' is present on page  using regular expression

2019-06-21 17:09:39 - [TEST_STEP][PASSED] - delay(2): Delayed 2 second(s)

2019-06-21 17:09:41 - [MESSAGE][PASSED] - Delayed 2 second(s)

2019-06-21 17:09:41 - [TEST_STEP][PASSED] - click(findTestObject("OCS-MOBILE /Age gate and burger menu/Burger menu - English"), CONTINUE_ON_FAILURE): Object: 'Object Repository/OCS-MOBILE /Age gate and burger menu/Burger menu - English' is clicked on

2019-06-21 17:09:41 - [MESSAGE][PASSED] - Object: 'Object Repository/OCS-MOBILE /Age gate and burger menu/Burger menu - English' is clicked on

2019-06-21 17:09:41 - [TEST_STEP][PASSED] - delay(2, CONTINUE_ON_FAILURE): Delayed 2 second(s)

2019-06-21 17:09:43 - [MESSAGE][PASSED] - Delayed 2 second(s)

2019-06-21 17:09:43 - [TEST_STEP][PASSED] - click(findTestObject("OCS-MOBILE /LEARN page/Learn chevron")): Object: 'Object Repository/OCS-MOBILE /LEARN page/Learn chevron' is clicked on

2019-06-21 17:09:43 - [MESSAGE][PASSED] - Object: 'Object Repository/OCS-MOBILE /LEARN page/Learn chevron' is clicked on

2019-06-21 17:09:43 - [TEST_STEP][PASSED] - delay(2): Delayed 2 second(s)

2019-06-21 17:09:45 - [MESSAGE][PASSED] - Delayed 2 second(s)

2019-06-21 17:09:45 - [TEST_STEP][PASSED] - click(findTestObject("OCS-MOBILE /LEARN page/How to Choose Cannabis Products")): Object: 'Object Repository/OCS-MOBILE /LEARN page/How to Choose Cannabis Products' is clicked on

2019-06-21 17:09:45 - [MESSAGE][PASSED] - Object: 'Object Repository/OCS-MOBILE /LEARN page/How to Choose Cannabis Products' is clicked on

2019-06-21 17:09:45 - [TEST_STEP][PASSED] - delay(1): Delayed 1 second(s)

2019-06-21 17:09:46 - [MESSAGE][PASSED] - Delayed 1 second(s)

2019-06-21 17:09:46 - [TEST_STEP][PASSED] - click(findTestObject("OCS-MOBILE /LEARN page/Read More -5")): Object: 'Object Repository/OCS-MOBILE /LEARN page/Read More -5' is clicked on

2019-06-21 17:09:49 - [MESSAGE][PASSED] - Object: 'Object Repository/OCS-MOBILE /LEARN page/Read More -5' is clicked on

2019-06-21 17:09:49 - [TEST_STEP][PASSED] - delay(2): Delayed 2 second(s)

2019-06-21 17:09:51 - [MESSAGE][PASSED] - Delayed 2 second(s)

2019-06-21 17:09:51 - [TEST_STEP][PASSED] - click(findTestObject("OCS-MOBILE /Age gate and burger menu/Burger menu - English"), CONTINUE_ON_FAILURE): Object: 'Object Repository/OCS-MOBILE /Age gate and burger menu/Burger menu - English' is clicked on

2019-06-21 17:09:51 - [MESSAGE][PASSED] - Object: 'Object Repository/OCS-MOBILE /Age gate and burger menu/Burger menu - English' is clicked on

2019-06-21 17:09:51 - [TEST_STEP][PASSED] - delay(2, CONTINUE_ON_FAILURE): Delayed 2 second(s)

2019-06-21 17:09:53 - [MESSAGE][PASSED] - Delayed 2 second(s)

2019-06-21 17:09:53 - [TEST_STEP][PASSED] - click(findTestObject("OCS-MOBILE /LEARN page/Learn chevron")): Object: 'Object Repository/OCS-MOBILE /LEARN page/Learn chevron' is clicked on

2019-06-21 17:09:53 - [MESSAGE][PASSED] - Object: 'Object Repository/OCS-MOBILE /LEARN page/Learn chevron' is clicked on

2019-06-21 17:09:53 - [TEST_STEP][PASSED] - delay(2): Delayed 2 second(s)

2019-06-21 17:09:55 - [MESSAGE][PASSED] - Delayed 2 second(s)

2019-06-21 17:09:55 - [TEST_STEP][PASSED] - click(findTestObject("OCS-MOBILE /LEARN page/Buying Cannabis at OCS plus accordian")): Object: 'Object Repository/OCS-MOBILE /LEARN page/Buying Cannabis at OCS plus accordian' is clicked on

2019-06-21 17:09:55 - [MESSAGE][PASSED] - Object: 'Object Repository/OCS-MOBILE /LEARN page/Buying Cannabis at OCS plus accordian' is clicked on

2019-06-21 17:09:55 - [TEST_STEP][PASSED] - delay(1): Delayed 1 second(s)

2019-06-21 17:09:56 - [MESSAGE][PASSED] - Delayed 1 second(s)

2019-06-21 17:09:56 - [TEST_STEP][PASSED] - click(findTestObject("OCS-MOBILE /LEARN page/Buying Cannabis at OCS subtract accordian")): Object: 'Object Repository/OCS-MOBILE /LEARN page/Buying Cannabis at OCS subtract accordian' is clicked on

2019-06-21 17:09:56 - [MESSAGE][PASSED] - Object: 'Object Repository/OCS-MOBILE /LEARN page/Buying Cannabis at OCS subtract accordian' is clicked on

2019-06-21 17:09:56 - [TEST_STEP][PASSED] - delay(1): Delayed 1 second(s)

2019-06-21 17:09:57 - [MESSAGE][PASSED] - Delayed 1 second(s)

2019-06-21 17:09:57 - [TEST_STEP][PASSED] - click(findTestObject("OCS-MOBILE /LEARN page/Buying Cannabis at OCS plus accordian")): Object: 'Object Repository/OCS-MOBILE /LEARN page/Buying Cannabis at OCS plus accordian' is clicked on

2019-06-21 17:09:57 - [MESSAGE][PASSED] - Object: 'Object Repository/OCS-MOBILE /LEARN page/Buying Cannabis at OCS plus accordian' is clicked on

2019-06-21 17:09:57 - [TEST_STEP][PASSED] - delay(1): Delayed 1 second(s)

2019-06-21 17:09:58 - [MESSAGE][PASSED] - Delayed 1 second(s)

2019-06-21 17:09:58 - [TEST_STEP][PASSED] - click(findTestObject("OCS-MOBILE /LEARN page/Why Legal Cannabis Costs more - chevron")): Object: 'Object Repository/OCS-MOBILE /LEARN page/Why Legal Cannabis Costs more - chevron' is clicked on

2019-06-21 17:10:01 - [MESSAGE][PASSED] - Object: 'Object Repository/OCS-MOBILE /LEARN page/Why Legal Cannabis Costs more - chevron' is clicked on

2019-06-21 17:10:01 - [TEST_STEP][PASSED] - verifyTextPresent("Four Reasons Why Legal Cannabis Costs More", true): Text 'Four Reasons Why Legal Cannabis Costs More' is present on page  using regular expression

2019-06-21 17:10:01 - [MESSAGE][PASSED] - Text 'Four Reasons Why Legal Cannabis Costs More' is present on page  using regular expression

2019-06-21 17:10:01 - [TEST_STEP][PASSED] - delay(2): Delayed 2 second(s)

2019-06-21 17:10:03 - [MESSAGE][PASSED] - Delayed 2 second(s)

2019-06-21 17:10:03 - [TEST_STEP][PASSED] - click(findTestObject("OCS-MOBILE /Age gate and burger menu/Burger menu - English"), CONTINUE_ON_FAILURE): Object: 'Object Repository/OCS-MOBILE /Age gate and burger menu/Burger menu - English' is clicked on

2019-06-21 17:10:04 - [MESSAGE][PASSED] - Object: 'Object Repository/OCS-MOBILE /Age gate and burger menu/Burger menu - English' is clicked on

2019-06-21 17:10:04 - [TEST_STEP][PASSED] - delay(2, CONTINUE_ON_FAILURE): Delayed 2 second(s)

2019-06-21 17:10:06 - [MESSAGE][PASSED] - Delayed 2 second(s)

2019-06-21 17:10:06 - [TEST_STEP][PASSED] - click(findTestObject("OCS-MOBILE /LEARN page/Learn chevron")): Object: 'Object Repository/OCS-MOBILE /LEARN page/Learn chevron' is clicked on

2019-06-21 17:10:06 - [MESSAGE][PASSED] - Object: 'Object Repository/OCS-MOBILE /LEARN page/Learn chevron' is clicked on

2019-06-21 17:10:06 - [TEST_STEP][PASSED] - delay(2): Delayed 2 second(s)

2019-06-21 17:10:08 - [MESSAGE][PASSED] - Delayed 2 second(s)

2019-06-21 17:10:08 - [TEST_STEP][PASSED] - click(findTestObject("OCS-MOBILE /LEARN page/Buying Cannabis at OCS plus accordian")): Object: 'Object Repository/OCS-MOBILE /LEARN page/Buying Cannabis at OCS plus accordian' is clicked on

2019-06-21 17:10:08 - [MESSAGE][PASSED] - Object: 'Object Repository/OCS-MOBILE /LEARN page/Buying Cannabis at OCS plus accordian' is clicked on

2019-06-21 17:10:08 - [TEST_STEP][PASSED] - delay(1): Delayed 1 second(s)

2019-06-21 17:10:09 - [MESSAGE][PASSED] - Delayed 1 second(s)

2019-06-21 17:10:09 - [TEST_STEP][PASSED] - click(findTestObject("OCS-MOBILE /LEARN page/why trust us - chevron")): Object: 'Object Repository/OCS-MOBILE /LEARN page/why trust us - chevron' is clicked on

2019-06-21 17:10:11 - [MESSAGE][PASSED] - Object: 'Object Repository/OCS-MOBILE /LEARN page/why trust us - chevron' is clicked on

2019-06-21 17:10:11 - [TEST_STEP][PASSED] - verifyTextPresent("Legal products and reliable information.", true): Text 'Legal products and reliable information.' is present on page  using regular expression

2019-06-21 17:10:11 - [MESSAGE][PASSED] - Text 'Legal products and reliable information.' is present on page  using regular expression

2019-06-21 17:10:11 - [TEST_STEP][PASSED] - delay(2): Delayed 2 second(s)

2019-06-21 17:10:13 - [MESSAGE][PASSED] - Delayed 2 second(s)

2019-06-21 17:10:13 - [TEST_STEP][PASSED] - click(findTestObject("OCS-MOBILE /Age gate and burger menu/Burger menu - English"), CONTINUE_ON_FAILURE): Object: 'Object Repository/OCS-MOBILE /Age gate and burger menu/Burger menu - English' is clicked on

2019-06-21 17:10:14 - [MESSAGE][PASSED] - Object: 'Object Repository/OCS-MOBILE /Age gate and burger menu/Burger menu - English' is clicked on

2019-06-21 17:10:14 - [TEST_STEP][PASSED] - delay(2, CONTINUE_ON_FAILURE): Delayed 2 second(s)

2019-06-21 17:10:16 - [MESSAGE][PASSED] - Delayed 2 second(s)

2019-06-21 17:10:16 - [TEST_STEP][PASSED] - click(findTestObject("OCS-MOBILE /LEARN page/Learn chevron")): Object: 'Object Repository/OCS-MOBILE /LEARN page/Learn chevron' is clicked on

2019-06-21 17:10:16 - [MESSAGE][PASSED] - Object: 'Object Repository/OCS-MOBILE /LEARN page/Learn chevron' is clicked on

2019-06-21 17:10:16 - [TEST_STEP][PASSED] - delay(2): Delayed 2 second(s)

2019-06-21 17:10:18 - [MESSAGE][PASSED] - Delayed 2 second(s)

2019-06-21 17:10:18 - [TEST_STEP][PASSED] - click(findTestObject("OCS-MOBILE /LEARN page/Buying Cannabis at OCS plus accordian")): Object: 'Object Repository/OCS-MOBILE /LEARN page/Buying Cannabis at OCS plus accordian' is clicked on

2019-06-21 17:10:18 - [MESSAGE][PASSED] - Object: 'Object Repository/OCS-MOBILE /LEARN page/Buying Cannabis at OCS plus accordian' is clicked on

2019-06-21 17:10:18 - [TEST_STEP][PASSED] - delay(1): Delayed 1 second(s)

2019-06-21 17:10:19 - [MESSAGE][PASSED] - Delayed 1 second(s)

2019-06-21 17:10:19 - [TEST_STEP][PASSED] - click(findTestObject("OCS-MOBILE /LEARN page/about buying cannabis - chveron")): Object: 'Object Repository/OCS-MOBILE /LEARN page/about buying cannabis - chveron' is clicked on

2019-06-21 17:10:22 - [MESSAGE][PASSED] - Object: 'Object Repository/OCS-MOBILE /LEARN page/about buying cannabis - chveron' is clicked on

2019-06-21 17:10:22 - [TEST_STEP][PASSED] - delay(2): Delayed 2 second(s)

2019-06-21 17:10:24 - [MESSAGE][PASSED] - Delayed 2 second(s)

2019-06-21 17:10:24 - [TEST_STEP][PASSED] - verifyTextPresent("These facts are good to know before making a cannabis purchase.", true): Text 'These facts are good to know before making a cannabis purchase.' is present on page  using regular expression

2019-06-21 17:10:24 - [MESSAGE][PASSED] - Text 'These facts are good to know before making a cannabis purchase.' is present on page  using regular expression

2019-06-21 17:10:24 - [TEST_STEP][PASSED] - delay(2): Delayed 2 second(s)

2019-06-21 17:10:26 - [MESSAGE][PASSED] - Delayed 2 second(s)

2019-06-21 17:10:26 - [TEST_STEP][PASSED] - click(findTestObject("OCS-MOBILE /Age gate and burger menu/Burger menu - English"), CONTINUE_ON_FAILURE): Object: 'Object Repository/OCS-MOBILE /Age gate and burger menu/Burger menu - English' is clicked on

2019-06-21 17:10:26 - [MESSAGE][PASSED] - Object: 'Object Repository/OCS-MOBILE /Age gate and burger menu/Burger menu - English' is clicked on

2019-06-21 17:10:26 - [TEST_STEP][PASSED] - delay(2, CONTINUE_ON_FAILURE): Delayed 2 second(s)

2019-06-21 17:10:28 - [MESSAGE][PASSED] - Delayed 2 second(s)

2019-06-21 17:10:28 - [TEST_STEP][PASSED] - click(findTestObject("OCS-MOBILE /LEARN page/Learn chevron")): Object: 'Object Repository/OCS-MOBILE /LEARN page/Learn chevron' is clicked on

2019-06-21 17:10:28 - [MESSAGE][PASSED] - Object: 'Object Repository/OCS-MOBILE /LEARN page/Learn chevron' is clicked on

2019-06-21 17:10:28 - [TEST_STEP][PASSED] - delay(2): Delayed 2 second(s)

2019-06-21 17:10:30 - [MESSAGE][PASSED] - Delayed 2 second(s)

2019-06-21 17:10:30 - [TEST_STEP][NOT_RUN] - click(findTestObject("OCS-MOBILE /LEARN page/Buying Cannabis at OCS plus accordian")): NOT_RUN: click(findTestObject("OCS-MOBILE /LEARN page/Buying Cannabis at OCS plus accordian"))

2019-06-21 17:10:30 - [MESSAGE][NOT_RUN] - NOT_RUN: click(findTestObject("OCS-MOBILE /LEARN page/Buying Cannabis at OCS plus accordian"))

2019-06-21 17:10:30 - [TEST_STEP][NOT_RUN] - delay(1): NOT_RUN: delay(1)

2019-06-21 17:10:30 - [MESSAGE][NOT_RUN] - NOT_RUN: delay(1)

2019-06-21 17:10:30 - [TEST_STEP][NOT_RUN] - click(findTestObject("OCS-MOBILE /LEARN page/Read More -6")): NOT_RUN: click(findTestObject("OCS-MOBILE /LEARN page/Read More -6"))

2019-06-21 17:10:30 - [MESSAGE][NOT_RUN] - NOT_RUN: click(findTestObject("OCS-MOBILE /LEARN page/Read More -6"))

2019-06-21 17:10:30 - [TEST_STEP][NOT_RUN] - delay(1): NOT_RUN: delay(1)

2019-06-21 17:10:30 - [MESSAGE][NOT_RUN] - NOT_RUN: delay(1)

2019-06-21 17:10:30 - [TEST_STEP][NOT_RUN] - verifyTextPresent("How and why to shop with us.", true): NOT_RUN: verifyTextPresent("How and why to shop with us.", true)

2019-06-21 17:10:30 - [MESSAGE][NOT_RUN] - NOT_RUN: verifyTextPresent("How and why to shop with us.", true)

2019-06-21 17:10:30 - [TEST_STEP][PASSED] - delay(2): Delayed 2 second(s)

2019-06-21 17:10:32 - [MESSAGE][PASSED] - Delayed 2 second(s)

2019-06-21 17:10:32 - [TEST_STEP][NOT_RUN] - click(findTestObject("OCS-MOBILE /Age gate and burger menu/Burger menu - English"), CONTINUE_ON_FAILURE): NOT_RUN: click(findTestObject("OCS-MOBILE /Age gate and burger menu/Burger menu - English"), CONTINUE_ON_FAILURE)

2019-06-21 17:10:32 - [MESSAGE][NOT_RUN] - NOT_RUN: click(findTestObject("OCS-MOBILE /Age gate and burger menu/Burger menu - English"), CONTINUE_ON_FAILURE)

2019-06-21 17:10:32 - [TEST_STEP][NOT_RUN] - delay(2, CONTINUE_ON_FAILURE): NOT_RUN: delay(2, CONTINUE_ON_FAILURE)

2019-06-21 17:10:32 - [MESSAGE][NOT_RUN] - NOT_RUN: delay(2, CONTINUE_ON_FAILURE)

2019-06-21 17:10:32 - [TEST_STEP][NOT_RUN] - click(findTestObject("OCS-MOBILE /LEARN page/Learn chevron")): NOT_RUN: click(findTestObject("OCS-MOBILE /LEARN page/Learn chevron"))

2019-06-21 17:10:32 - [MESSAGE][NOT_RUN] - NOT_RUN: click(findTestObject("OCS-MOBILE /LEARN page/Learn chevron"))

2019-06-21 17:10:32 - [TEST_STEP][NOT_RUN] - delay(2): NOT_RUN: delay(2)

2019-06-21 17:10:32 - [MESSAGE][NOT_RUN] - NOT_RUN: delay(2)

2019-06-21 17:10:32 - [TEST_STEP][PASSED] - click(findTestObject("OCS-MOBILE /LEARN page/Whats Legal plus accordian")): Object: 'Object Repository/OCS-MOBILE /LEARN page/Whats Legal plus accordian' is clicked on

2019-06-21 17:10:32 - [MESSAGE][PASSED] - Object: 'Object Repository/OCS-MOBILE /LEARN page/Whats Legal plus accordian' is clicked on

2019-06-21 17:10:32 - [TEST_STEP][PASSED] - click(findTestObject("OCS-MOBILE /LEARN page/Whats Legal subtract accordian")): Object: 'Object Repository/OCS-MOBILE /LEARN page/Whats Legal subtract accordian' is clicked on

2019-06-21 17:10:32 - [MESSAGE][PASSED] - Object: 'Object Repository/OCS-MOBILE /LEARN page/Whats Legal subtract accordian' is clicked on

2019-06-21 17:10:32 - [TEST_STEP][PASSED] - click(findTestObject("OCS-MOBILE /LEARN page/Whats Legal plus accordian")): Object: 'Object Repository/OCS-MOBILE /LEARN page/Whats Legal plus accordian' is clicked on

2019-06-21 17:10:32 - [MESSAGE][PASSED] - Object: 'Object Repository/OCS-MOBILE /LEARN page/Whats Legal plus accordian' is clicked on

2019-06-21 17:10:32 - [TEST_STEP][PASSED] - delay(1): Delayed 1 second(s)

2019-06-21 17:10:33 - [MESSAGE][PASSED] - Delayed 1 second(s)

2019-06-21 17:10:33 - [TEST_STEP][PASSED] - click(findTestObject("OCS-MOBILE /LEARN page/History -part 1 - chveron")): Object: 'Object Repository/OCS-MOBILE /LEARN page/History -part 1 - chveron' is clicked on

2019-06-21 17:10:36 - [MESSAGE][PASSED] - Object: 'Object Repository/OCS-MOBILE /LEARN page/History -part 1 - chveron' is clicked on

2019-06-21 17:10:36 - [TEST_STEP][PASSED] - verifyTextPresent("A Brief History of Cannabis - Part 1", true): Text 'A Brief History of Cannabis - Part 1' is present on page  using regular expression

2019-06-21 17:10:37 - [MESSAGE][PASSED] - Text 'A Brief History of Cannabis - Part 1' is present on page  using regular expression

2019-06-21 17:10:37 - [TEST_STEP][PASSED] - delay(2): Delayed 2 second(s)

2019-06-21 17:10:39 - [MESSAGE][PASSED] - Delayed 2 second(s)

2019-06-21 17:10:39 - [TEST_STEP][PASSED] - click(findTestObject("OCS-MOBILE /Age gate and burger menu/Burger menu - English"), CONTINUE_ON_FAILURE): Object: 'Object Repository/OCS-MOBILE /Age gate and burger menu/Burger menu - English' is clicked on

2019-06-21 17:10:39 - [MESSAGE][PASSED] - Object: 'Object Repository/OCS-MOBILE /Age gate and burger menu/Burger menu - English' is clicked on

2019-06-21 17:10:39 - [TEST_STEP][PASSED] - delay(2, CONTINUE_ON_FAILURE): Delayed 2 second(s)

2019-06-21 17:10:41 - [MESSAGE][PASSED] - Delayed 2 second(s)

2019-06-21 17:10:41 - [TEST_STEP][PASSED] - click(findTestObject("OCS-MOBILE /LEARN page/Learn chevron")): Object: 'Object Repository/OCS-MOBILE /LEARN page/Learn chevron' is clicked on

2019-06-21 17:10:41 - [MESSAGE][PASSED] - Object: 'Object Repository/OCS-MOBILE /LEARN page/Learn chevron' is clicked on

2019-06-21 17:10:41 - [TEST_STEP][PASSED] - delay(2): Delayed 2 second(s)

2019-06-21 17:10:43 - [MESSAGE][PASSED] - Delayed 2 second(s)

2019-06-21 17:10:43 - [TEST_STEP][PASSED] - click(findTestObject("OCS-MOBILE /LEARN page/Whats Legal plus accordian")): Object: 'Object Repository/OCS-MOBILE /LEARN page/Whats Legal plus accordian' is clicked on

2019-06-21 17:10:43 - [MESSAGE][PASSED] - Object: 'Object Repository/OCS-MOBILE /LEARN page/Whats Legal plus accordian' is clicked on

2019-06-21 17:10:43 - [TEST_STEP][PASSED] - delay(1): Delayed 1 second(s)

2019-06-21 17:10:44 - [MESSAGE][PASSED] - Delayed 1 second(s)

2019-06-21 17:10:44 - [TEST_STEP][PASSED] - click(findTestObject("OCS-MOBILE /LEARN page/History -part 2 - chveron")): Object: 'Object Repository/OCS-MOBILE /LEARN page/History -part 2 - chveron' is clicked on

2019-06-21 17:10:46 - [MESSAGE][PASSED] - Object: 'Object Repository/OCS-MOBILE /LEARN page/History -part 2 - chveron' is clicked on

2019-06-21 17:10:46 - [TEST_STEP][PASSED] - verifyTextPresent("A Brief History of Cannabis - Part 2", true): Text 'A Brief History of Cannabis - Part 2' is present on page  using regular expression

2019-06-21 17:10:46 - [MESSAGE][PASSED] - Text 'A Brief History of Cannabis - Part 2' is present on page  using regular expression

2019-06-21 17:10:46 - [TEST_STEP][PASSED] - delay(2): Delayed 2 second(s)

2019-06-21 17:10:48 - [MESSAGE][PASSED] - Delayed 2 second(s)

2019-06-21 17:10:48 - [TEST_STEP][PASSED] - click(findTestObject("OCS-MOBILE /Age gate and burger menu/Burger menu - English"), CONTINUE_ON_FAILURE): Object: 'Object Repository/OCS-MOBILE /Age gate and burger menu/Burger menu - English' is clicked on

2019-06-21 17:10:48 - [MESSAGE][PASSED] - Object: 'Object Repository/OCS-MOBILE /Age gate and burger menu/Burger menu - English' is clicked on

2019-06-21 17:10:48 - [TEST_STEP][PASSED] - delay(2, CONTINUE_ON_FAILURE): Delayed 2 second(s)

2019-06-21 17:10:50 - [MESSAGE][PASSED] - Delayed 2 second(s)

2019-06-21 17:10:50 - [TEST_STEP][PASSED] - click(findTestObject("OCS-MOBILE /LEARN page/Learn chevron")): Object: 'Object Repository/OCS-MOBILE /LEARN page/Learn chevron' is clicked on

2019-06-21 17:10:51 - [MESSAGE][PASSED] - Object: 'Object Repository/OCS-MOBILE /LEARN page/Learn chevron' is clicked on

2019-06-21 17:10:51 - [TEST_STEP][PASSED] - delay(1): Delayed 1 second(s)

2019-06-21 17:10:52 - [MESSAGE][PASSED] - Delayed 1 second(s)

2019-06-21 17:10:52 - [TEST_STEP][PASSED] - click(findTestObject("OCS-MOBILE /LEARN page/Whats Legal plus accordian")): Object: 'Object Repository/OCS-MOBILE /LEARN page/Whats Legal plus accordian' is clicked on

2019-06-21 17:10:52 - [MESSAGE][PASSED] - Object: 'Object Repository/OCS-MOBILE /LEARN page/Whats Legal plus accordian' is clicked on

2019-06-21 17:10:52 - [TEST_STEP][PASSED] - delay(1): Delayed 1 second(s)

2019-06-21 17:10:53 - [MESSAGE][PASSED] - Delayed 1 second(s)

2019-06-21 17:10:53 - [TEST_STEP][PASSED] - click(findTestObject("OCS-MOBILE /LEARN page/Legal Use of Cannabis in ontario - chevron")): Object: 'Object Repository/OCS-MOBILE /LEARN page/Legal Use of Cannabis in ontario - chevron' is clicked on

2019-06-21 17:10:56 - [MESSAGE][PASSED] - Object: 'Object Repository/OCS-MOBILE /LEARN page/Legal Use of Cannabis in ontario - chevron' is clicked on

2019-06-21 17:10:56 - [TEST_STEP][PASSED] - verifyTextPresent("What you need to know before your start shopping.", true): Text 'What you need to know before your start shopping.' is present on page  using regular expression

2019-06-21 17:10:56 - [MESSAGE][PASSED] - Text 'What you need to know before your start shopping.' is present on page  using regular expression

2019-06-21 17:10:56 - [TEST_STEP][PASSED] - delay(2): Delayed 2 second(s)

2019-06-21 17:10:58 - [MESSAGE][PASSED] - Delayed 2 second(s)

2019-06-21 17:10:58 - [TEST_STEP][PASSED] - click(findTestObject("OCS-MOBILE /Age gate and burger menu/Burger menu - English"), CONTINUE_ON_FAILURE): Object: 'Object Repository/OCS-MOBILE /Age gate and burger menu/Burger menu - English' is clicked on

2019-06-21 17:10:58 - [MESSAGE][PASSED] - Object: 'Object Repository/OCS-MOBILE /Age gate and burger menu/Burger menu - English' is clicked on

2019-06-21 17:10:58 - [TEST_STEP][PASSED] - delay(2, CONTINUE_ON_FAILURE): Delayed 2 second(s)

2019-06-21 17:11:00 - [MESSAGE][PASSED] - Delayed 2 second(s)

2019-06-21 17:11:00 - [TEST_STEP][PASSED] - click(findTestObject("OCS-MOBILE /LEARN page/Learn chevron")): Object: 'Object Repository/OCS-MOBILE /LEARN page/Learn chevron' is clicked on

2019-06-21 17:11:00 - [MESSAGE][PASSED] - Object: 'Object Repository/OCS-MOBILE /LEARN page/Learn chevron' is clicked on

2019-06-21 17:11:00 - [TEST_STEP][PASSED] - delay(1): Delayed 1 second(s)

2019-06-21 17:11:01 - [MESSAGE][PASSED] - Delayed 1 second(s)

2019-06-21 17:11:01 - [TEST_STEP][PASSED] - click(findTestObject("OCS-MOBILE /LEARN page/Whats Legal plus accordian")): Object: 'Object Repository/OCS-MOBILE /LEARN page/Whats Legal plus accordian' is clicked on

2019-06-21 17:11:01 - [MESSAGE][PASSED] - Object: 'Object Repository/OCS-MOBILE /LEARN page/Whats Legal plus accordian' is clicked on

2019-06-21 17:11:01 - [TEST_STEP][PASSED] - delay(2): Delayed 2 second(s)

2019-06-21 17:11:03 - [MESSAGE][PASSED] - Delayed 2 second(s)

2019-06-21 17:11:03 - [TEST_STEP][PASSED] - click(findTestObject("OCS-MOBILE /LEARN page/Read More -4")): Object: 'Object Repository/OCS-MOBILE /LEARN page/Read More -4' is clicked on

2019-06-21 17:11:06 - [MESSAGE][PASSED] - Object: 'Object Repository/OCS-MOBILE /LEARN page/Read More -4' is clicked on

2019-06-21 17:11:06 - [TEST_STEP][PASSED] - verifyTextPresent("Learn about cannabis laws.", true): Text 'Learn about cannabis laws.' is present on page  using regular expression

2019-06-21 17:11:06 - [MESSAGE][PASSED] - Text 'Learn about cannabis laws.' is present on page  using regular expression

2019-06-21 17:11:06 - [TEST_STEP][PASSED] - delay(2): Delayed 2 second(s)

2019-06-21 17:11:08 - [MESSAGE][PASSED] - Delayed 2 second(s)

2019-06-21 17:11:08 - [TEST_STEP][PASSED] - click(findTestObject("OCS-MOBILE /Age gate and burger menu/Burger menu - English"), CONTINUE_ON_FAILURE): Object: 'Object Repository/OCS-MOBILE /Age gate and burger menu/Burger menu - English' is clicked on

2019-06-21 17:11:08 - [MESSAGE][PASSED] - Object: 'Object Repository/OCS-MOBILE /Age gate and burger menu/Burger menu - English' is clicked on

2019-06-21 17:11:08 - [TEST_STEP][PASSED] - delay(2, CONTINUE_ON_FAILURE): Delayed 2 second(s)

2019-06-21 17:11:10 - [MESSAGE][PASSED] - Delayed 2 second(s)

2019-06-21 17:11:10 - [TEST_STEP][PASSED] - click(findTestObject("OCS-MOBILE /LEARN page/Learn chevron")): Object: 'Object Repository/OCS-MOBILE /LEARN page/Learn chevron' is clicked on

2019-06-21 17:11:10 - [MESSAGE][PASSED] - Object: 'Object Repository/OCS-MOBILE /LEARN page/Learn chevron' is clicked on

2019-06-21 17:11:10 - [TEST_STEP][PASSED] - delay(1): Delayed 1 second(s)

2019-06-21 17:11:11 - [MESSAGE][PASSED] - Delayed 1 second(s)

2019-06-21 17:11:11 - [TEST_STEP][PASSED] - click(findTestObject("OCS-MOBILE /LEARN page/see the learn section button")): Object: 'Object Repository/OCS-MOBILE /LEARN page/see the learn section button' is clicked on

2019-06-21 17:11:14 - [MESSAGE][PASSED] - Object: 'Object Repository/OCS-MOBILE /LEARN page/see the learn section button' is clicked on

2019-06-21 17:11:14 - [TEST_STEP][PASSED] - verifyTextPresent("Learn about cannabis laws.", true): Text 'Learn about cannabis laws.' is present on page  using regular expression

2019-06-21 17:11:14 - [MESSAGE][PASSED] - Text 'Learn about cannabis laws.' is present on page  using regular expression

2019-06-21 17:11:14 - [TEST_STEP][PASSED] - delay(2): Delayed 2 second(s)

2019-06-21 17:11:16 - [MESSAGE][PASSED] - Delayed 2 second(s)

2019-06-21 17:11:16 - [TEST_STEP][PASSED] - click(findTestObject("OCS-MOBILE /Age gate and burger menu/Burger menu - English"), CONTINUE_ON_FAILURE): Object: 'Object Repository/OCS-MOBILE /Age gate and burger menu/Burger menu - English' is clicked on

2019-06-21 17:11:16 - [MESSAGE][PASSED] - Object: 'Object Repository/OCS-MOBILE /Age gate and burger menu/Burger menu - English' is clicked on

2019-06-21 17:11:16 - [TEST_STEP][PASSED] - delay(2, CONTINUE_ON_FAILURE): Delayed 2 second(s)

2019-06-21 17:11:18 - [MESSAGE][PASSED] - Delayed 2 second(s)

2019-06-21 17:11:18 - [TEST_STEP][PASSED] - click(findTestObject("OCS-MOBILE /LEARN page/Learn chevron")): Object: 'Object Repository/OCS-MOBILE /LEARN page/Learn chevron' is clicked on

2019-06-21 17:11:18 - [MESSAGE][PASSED] - Object: 'Object Repository/OCS-MOBILE /LEARN page/Learn chevron' is clicked on

2019-06-21 17:11:18 - [TEST_STEP][PASSED] - delay(1): Delayed 1 second(s)

2019-06-21 17:11:19 - [MESSAGE][PASSED] - Delayed 1 second(s)

2019-06-21 17:11:19 - [TEST_STEP][PASSED] - click(findTestObject("OCS-MOBILE /LEARN page/a brief history of cannabis")): Object: 'Object Repository/OCS-MOBILE /LEARN page/a brief history of cannabis' is clicked on

2019-06-21 17:11:22 - [MESSAGE][PASSED] - Object: 'Object Repository/OCS-MOBILE /LEARN page/a brief history of cannabis' is clicked on

2019-06-21 17:11:22 - [TEST_STEP][PASSED] - verifyTextPresent("How to Recycle Cannabis Packaging", true): Text 'How to Recycle Cannabis Packaging' is present on page  using regular expression

2019-06-21 17:11:22 - [MESSAGE][PASSED] - Text 'How to Recycle Cannabis Packaging' is present on page  using regular expression

2019-06-21 17:11:22 - [TEST_STEP][PASSED] - delay(2): Delayed 2 second(s)

2019-06-21 17:11:24 - [MESSAGE][PASSED] - Delayed 2 second(s)

2019-06-21 17:11:24 - [TEST_STEP][PASSED] - click(findTestObject("OCS-MOBILE /Age gate and burger menu/Burger menu - English"), CONTINUE_ON_FAILURE): Object: 'Object Repository/OCS-MOBILE /Age gate and burger menu/Burger menu - English' is clicked on

2019-06-21 17:11:24 - [MESSAGE][PASSED] - Object: 'Object Repository/OCS-MOBILE /Age gate and burger menu/Burger menu - English' is clicked on

2019-06-21 17:11:24 - [TEST_STEP][PASSED] - delay(2, CONTINUE_ON_FAILURE): Delayed 2 second(s)

2019-06-21 17:11:26 - [MESSAGE][PASSED] - Delayed 2 second(s)

2019-06-21 17:11:26 - [TEST_STEP][PASSED] - click(findTestObject("OCS-MOBILE /LEARN page/Learn chevron")): Object: 'Object Repository/OCS-MOBILE /LEARN page/Learn chevron' is clicked on

2019-06-21 17:11:26 - [MESSAGE][PASSED] - Object: 'Object Repository/OCS-MOBILE /LEARN page/Learn chevron' is clicked on

2019-06-21 17:11:26 - [TEST_STEP][PASSED] - delay(1, OPTIONAL): Delayed 1 second(s)

2019-06-21 17:11:27 - [MESSAGE][PASSED] - Delayed 1 second(s)

2019-06-21 17:11:27 - [TEST_STEP][PASSED] - executeJavaScript("var previewBar = document.getElementById("preview-bar-iframe"); previewBar.style.display = "none";", []): Execute JavaScript 'var previewBar = document.getElementById("preview-bar-iframe"); previewBar.style.display = "none";' successfully

2019-06-21 17:11:27 - [MESSAGE][PASSED] - Execute JavaScript 'var previewBar = document.getElementById("preview-bar-iframe"); previewBar.style.display = "none";' successfully

2019-06-21 17:11:27 - [TEST_STEP][PASSED] - click(findTestObject("OCS-MOBILE /LEARN page/see our FAQ")): Object: 'Object Repository/OCS-MOBILE /LEARN page/see our FAQ' is clicked on

2019-06-21 17:11:31 - [MESSAGE][PASSED] - Object: 'Object Repository/OCS-MOBILE /LEARN page/see our FAQ' is clicked on

2019-06-21 17:11:31 - [TEST_STEP][PASSED] - verifyTextPresent("Legal Use of Cannabis in Ontario", true, OPTIONAL): Text 'Legal Use of Cannabis in Ontario' is not present on page  using regular expression

2019-06-21 17:11:31 - [MESSAGE][WARNING] - Text 'Legal Use of Cannabis in Ontario' is not present on page  using regular expression

2019-06-21 17:11:31 - [TEST_STEP][PASSED] - delay(2): Delayed 2 second(s)

2019-06-21 17:11:33 - [MESSAGE][PASSED] - Delayed 2 second(s)

2019-06-21 17:11:33 - [TEST_STEP][PASSED] - click(findTestObject("OCS-MOBILE /Age gate and burger menu/Burger menu - English"), CONTINUE_ON_FAILURE): Object: 'Object Repository/OCS-MOBILE /Age gate and burger menu/Burger menu - English' is clicked on

2019-06-21 17:11:33 - [MESSAGE][PASSED] - Object: 'Object Repository/OCS-MOBILE /Age gate and burger menu/Burger menu - English' is clicked on

2019-06-21 17:11:33 - [TEST_STEP][PASSED] - delay(2, CONTINUE_ON_FAILURE): Delayed 2 second(s)

2019-06-21 17:11:35 - [MESSAGE][PASSED] - Delayed 2 second(s)

2019-06-21 17:11:35 - [TEST_STEP][PASSED] - click(findTestObject("OCS-MOBILE /LEARN page/Learn chevron")): Object: 'Object Repository/OCS-MOBILE /LEARN page/Learn chevron' is clicked on

2019-06-21 17:11:35 - [MESSAGE][PASSED] - Object: 'Object Repository/OCS-MOBILE /LEARN page/Learn chevron' is clicked on

2019-06-21 17:11:35 - [TEST_STEP][PASSED] - delay(1, OPTIONAL): Delayed 1 second(s)

2019-06-21 17:11:36 - [MESSAGE][PASSED] - Delayed 1 second(s)

2019-06-21 17:11:36 - [TEST_STEP][PASSED] - executeJavaScript("var previewBar = document.getElementById("preview-bar-iframe"); previewBar.style.display = "none";", []): Execute JavaScript 'var previewBar = document.getElementById("preview-bar-iframe"); previewBar.style.display = "none";' successfully

2019-06-21 17:11:36 - [MESSAGE][PASSED] - Execute JavaScript 'var previewBar = document.getElementById("preview-bar-iframe"); previewBar.style.display = "none";' successfully

2019-06-21 17:11:36 - [TEST_STEP][PASSED] - click(findTestObject("OCS-MOBILE /LEARN page/SEE OUR GLOSSARY")): Object: 'Object Repository/OCS-MOBILE /LEARN page/SEE OUR GLOSSARY' is clicked on

2019-06-21 17:11:41 - [MESSAGE][PASSED] - Object: 'Object Repository/OCS-MOBILE /LEARN page/SEE OUR GLOSSARY' is clicked on]]></system-out>
         <system-err><![CDATA[]]></system-err>
      </testcase>
      <testcase name="Test Cases/OCS - MOBILE/OCS- PRODUCT PAGE/Add to bag CTA" classname="Test Cases/OCS - MOBILE/OCS- PRODUCT PAGE/Add to bag CTA" status="FAILED">
         <failure type="FAILED" message="Test Cases/OCS - MOBILE/OCS- PRODUCT PAGE/Add to bag CTA FAILED.
Reason:
com.kms.katalon.core.exception.StepFailedException: Unable to click on object 'Object Repository/OCS-MOBILE /Age gate and burger menu/Dried Flower_Plus icon' (Root cause: com.kms.katalon.core.webui.exception.WebElementNotFoundException: Web element with id: 'Object Repository/OCS-MOBILE /Age gate and burger menu/Dried Flower_Plus icon' located by 'By.xpath: //i[@ xpath = '/html[1]/body[1]/div[1]/header[1]/div[2]/div[1]/div[2]/div[1]/div[1]/div[1]/nav[1]/ul[1]/li[1]/div[1]/div[2]/ul[1]/li[1]/a[1]']' not found)
	at com.kms.katalon.core.keyword.internal.KeywordMain.stepFailed(KeywordMain.groovy:36)
	at com.kms.katalon.core.webui.keyword.internal.WebUIKeywordMain.stepFailed(WebUIKeywordMain.groovy:65)
	at com.kms.katalon.core.webui.keyword.internal.WebUIKeywordMain.runKeyword(WebUIKeywordMain.groovy:27)
	at com.kms.katalon.core.webui.keyword.builtin.ClickKeyword.click(ClickKeyword.groovy:86)
	at com.kms.katalon.core.webui.keyword.builtin.ClickKeyword.execute(ClickKeyword.groovy:67)
	at com.kms.katalon.core.keyword.internal.KeywordExecutor.executeKeywordForPlatform(KeywordExecutor.groovy:53)
	at com.kms.katalon.core.webui.keyword.WebUiBuiltInKeywords.click(WebUiBuiltInKeywords.groovy:616)
	at com.kms.katalon.core.webui.keyword.WebUiBuiltInKeywords$click$4.call(Unknown Source)
	at CALL - PDP.run(CALL - PDP:55)
	at com.kms.katalon.core.main.ScriptEngine.run(ScriptEngine.java:194)
	at com.kms.katalon.core.main.ScriptEngine.runScriptAsRawText(ScriptEngine.java:119)
	at com.kms.katalon.core.main.TestCaseExecutor.runScript(TestCaseExecutor.java:328)
	at com.kms.katalon.core.main.TestCaseExecutor.doExecute(TestCaseExecutor.java:319)
	at com.kms.katalon.core.main.TestCaseExecutor.processExecutionPhase(TestCaseExecutor.java:298)
	at com.kms.katalon.core.main.TestCaseExecutor.accessMainPhase(TestCaseExecutor.java:290)
	at com.kms.katalon.core.main.TestCaseExecutor.execute(TestCaseExecutor.java:224)
	at com.kms.katalon.core.main.TestCaseMain.runTestCase(TestCaseMain.java:106)
	at com.kms.katalon.core.keyword.builtin.CallTestCaseKeyword$_callTestCase_closure1.doCall(CallTestCaseKeyword.groovy:59)
	at com.kms.katalon.core.keyword.builtin.CallTestCaseKeyword$_callTestCase_closure1.call(CallTestCaseKeyword.groovy)
	at com.kms.katalon.core.keyword.internal.KeywordMain.runKeyword(KeywordMain.groovy:54)
	at com.kms.katalon.core.keyword.builtin.CallTestCaseKeyword.callTestCase(CallTestCaseKeyword.groovy:80)
	at com.kms.katalon.core.keyword.builtin.CallTestCaseKeyword.execute(CallTestCaseKeyword.groovy:44)
	at com.kms.katalon.core.keyword.internal.KeywordExecutor.executeKeywordForPlatform(KeywordExecutor.groovy:53)
	at com.kms.katalon.core.keyword.BuiltinKeywords.callTestCase(BuiltinKeywords.groovy:334)
	at Add to bag CTA.run(Add to bag CTA:16)
	at com.kms.katalon.core.main.ScriptEngine.run(ScriptEngine.java:194)
	at com.kms.katalon.core.main.ScriptEngine.runScriptAsRawText(ScriptEngine.java:119)
	at com.kms.katalon.core.main.TestCaseExecutor.runScript(TestCaseExecutor.java:328)
	at com.kms.katalon.core.main.TestCaseExecutor.doExecute(TestCaseExecutor.java:319)
	at com.kms.katalon.core.main.TestCaseExecutor.processExecutionPhase(TestCaseExecutor.java:298)
	at com.kms.katalon.core.main.TestCaseExecutor.accessMainPhase(TestCaseExecutor.java:290)
	at com.kms.katalon.core.main.TestCaseExecutor.execute(TestCaseExecutor.java:224)
	at com.kms.katalon.core.main.TestSuiteExecutor.accessTestCaseMainPhase(TestSuiteExecutor.java:129)
	at com.kms.katalon.core.main.TestSuiteExecutor.accessTestSuiteMainPhase(TestSuiteExecutor.java:112)
	at com.kms.katalon.core.main.TestSuiteExecutor.execute(TestSuiteExecutor.java:81)
	at com.kms.katalon.core.main.TestCaseMain.startTestSuite(TestCaseMain.java:149)
	at com.kms.katalon.core.main.TestCaseMain$startTestSuite$0.call(Unknown Source)
	at TempTestSuite1561150248290.run(TempTestSuite1561150248290.groovy:36)
"/>
         <system-out><![CDATA[2019-06-21 17:11:41 - [TEST_CASE][FAILED] - Test Cases/OCS - MOBILE/OCS- PRODUCT PAGE/Add to bag CTA: Test Cases/OCS - MOBILE/OCS- PRODUCT PAGE/Add to bag CTA FAILED.
Reason:
com.kms.katalon.core.exception.StepFailedException: Unable to click on object 'Object Repository/OCS-MOBILE /Age gate and burger menu/Dried Flower_Plus icon' (Root cause: com.kms.katalon.core.webui.exception.WebElementNotFoundException: Web element with id: 'Object Repository/OCS-MOBILE /Age gate and burger menu/Dried Flower_Plus icon' located by 'By.xpath: //i[@ xpath = '/html[1]/body[1]/div[1]/header[1]/div[2]/div[1]/div[2]/div[1]/div[1]/div[1]/nav[1]/ul[1]/li[1]/div[1]/div[2]/ul[1]/li[1]/a[1]']' not found)
	at com.kms.katalon.core.keyword.internal.KeywordMain.stepFailed(KeywordMain.groovy:36)
	at com.kms.katalon.core.webui.keyword.internal.WebUIKeywordMain.stepFailed(WebUIKeywordMain.groovy:65)
	at com.kms.katalon.core.webui.keyword.internal.WebUIKeywordMain.runKeyword(WebUIKeywordMain.groovy:27)
	at com.kms.katalon.core.webui.keyword.builtin.ClickKeyword.click(ClickKeyword.groovy:86)
	at com.kms.katalon.core.webui.keyword.builtin.ClickKeyword.execute(ClickKeyword.groovy:67)
	at com.kms.katalon.core.keyword.internal.KeywordExecutor.executeKeywordForPlatform(KeywordExecutor.groovy:53)
	at com.kms.katalon.core.webui.keyword.WebUiBuiltInKeywords.click(WebUiBuiltInKeywords.groovy:616)
	at com.kms.katalon.core.webui.keyword.WebUiBuiltInKeywords$click$4.call(Unknown Source)
	at CALL - PDP.run(CALL - PDP:55)
	at com.kms.katalon.core.main.ScriptEngine.run(ScriptEngine.java:194)
	at com.kms.katalon.core.main.ScriptEngine.runScriptAsRawText(ScriptEngine.java:119)
	at com.kms.katalon.core.main.TestCaseExecutor.runScript(TestCaseExecutor.java:328)
	at com.kms.katalon.core.main.TestCaseExecutor.doExecute(TestCaseExecutor.java:319)
	at com.kms.katalon.core.main.TestCaseExecutor.processExecutionPhase(TestCaseExecutor.java:298)
	at com.kms.katalon.core.main.TestCaseExecutor.accessMainPhase(TestCaseExecutor.java:290)
	at com.kms.katalon.core.main.TestCaseExecutor.execute(TestCaseExecutor.java:224)
	at com.kms.katalon.core.main.TestCaseMain.runTestCase(TestCaseMain.java:106)
	at com.kms.katalon.core.keyword.builtin.CallTestCaseKeyword$_callTestCase_closure1.doCall(CallTestCaseKeyword.groovy:59)
	at com.kms.katalon.core.keyword.builtin.CallTestCaseKeyword$_callTestCase_closure1.call(CallTestCaseKeyword.groovy)
	at com.kms.katalon.core.keyword.internal.KeywordMain.runKeyword(KeywordMain.groovy:54)
	at com.kms.katalon.core.keyword.builtin.CallTestCaseKeyword.callTestCase(CallTestCaseKeyword.groovy:80)
	at com.kms.katalon.core.keyword.builtin.CallTestCaseKeyword.execute(CallTestCaseKeyword.groovy:44)
	at com.kms.katalon.core.keyword.internal.KeywordExecutor.executeKeywordForPlatform(KeywordExecutor.groovy:53)
	at com.kms.katalon.core.keyword.BuiltinKeywords.callTestCase(BuiltinKeywords.groovy:334)
	at Add to bag CTA.run(Add to bag CTA:16)
	at com.kms.katalon.core.main.ScriptEngine.run(ScriptEngine.java:194)
	at com.kms.katalon.core.main.ScriptEngine.runScriptAsRawText(ScriptEngine.java:119)
	at com.kms.katalon.core.main.TestCaseExecutor.runScript(TestCaseExecutor.java:328)
	at com.kms.katalon.core.main.TestCaseExecutor.doExecute(TestCaseExecutor.java:319)
	at com.kms.katalon.core.main.TestCaseExecutor.processExecutionPhase(TestCaseExecutor.java:298)
	at com.kms.katalon.core.main.TestCaseExecutor.accessMainPhase(TestCaseExecutor.java:290)
	at com.kms.katalon.core.main.TestCaseExecutor.execute(TestCaseExecutor.java:224)
	at com.kms.katalon.core.main.TestSuiteExecutor.accessTestCaseMainPhase(TestSuiteExecutor.java:129)
	at com.kms.katalon.core.main.TestSuiteExecutor.accessTestSuiteMainPhase(TestSuiteExecutor.java:112)
	at com.kms.katalon.core.main.TestSuiteExecutor.execute(TestSuiteExecutor.java:81)
	at com.kms.katalon.core.main.TestCaseMain.startTestSuite(TestCaseMain.java:149)
	at com.kms.katalon.core.main.TestCaseMain$startTestSuite$0.call(Unknown Source)
	at TempTestSuite1561150248290.run(TempTestSuite1561150248290.groovy:36)


2019-06-21 17:11:41 - [TEST_STEP][FAILED] - callTestCase(findTestCase("OCS - MOBILE/CALL - PDP"), [:], STOP_ON_FAILURE): callTestCase(findTestCase("OCS - MOBILE/CALL - PDP"), [:], STOP_ON_FAILURE) FAILED.
Reason:
com.kms.katalon.core.exception.StepFailedException: Unable to click on object 'Object Repository/OCS-MOBILE /Age gate and burger menu/Dried Flower_Plus icon' (Root cause: com.kms.katalon.core.webui.exception.WebElementNotFoundException: Web element with id: 'Object Repository/OCS-MOBILE /Age gate and burger menu/Dried Flower_Plus icon' located by 'By.xpath: //i[@ xpath = '/html[1]/body[1]/div[1]/header[1]/div[2]/div[1]/div[2]/div[1]/div[1]/div[1]/nav[1]/ul[1]/li[1]/div[1]/div[2]/ul[1]/li[1]/a[1]']' not found)
	at com.kms.katalon.core.keyword.internal.KeywordMain.stepFailed(KeywordMain.groovy:36)
	at com.kms.katalon.core.webui.keyword.internal.WebUIKeywordMain.stepFailed(WebUIKeywordMain.groovy:65)
	at com.kms.katalon.core.webui.keyword.internal.WebUIKeywordMain.runKeyword(WebUIKeywordMain.groovy:27)
	at com.kms.katalon.core.webui.keyword.builtin.ClickKeyword.click(ClickKeyword.groovy:86)
	at com.kms.katalon.core.webui.keyword.builtin.ClickKeyword.execute(ClickKeyword.groovy:67)
	at com.kms.katalon.core.keyword.internal.KeywordExecutor.executeKeywordForPlatform(KeywordExecutor.groovy:53)
	at com.kms.katalon.core.webui.keyword.WebUiBuiltInKeywords.click(WebUiBuiltInKeywords.groovy:616)
	at com.kms.katalon.core.webui.keyword.WebUiBuiltInKeywords$click$4.call(Unknown Source)
	at CALL - PDP.run(CALL - PDP:55)
	at com.kms.katalon.core.main.ScriptEngine.run(ScriptEngine.java:194)
	at com.kms.katalon.core.main.ScriptEngine.runScriptAsRawText(ScriptEngine.java:119)
	at com.kms.katalon.core.main.TestCaseExecutor.runScript(TestCaseExecutor.java:328)
	at com.kms.katalon.core.main.TestCaseExecutor.doExecute(TestCaseExecutor.java:319)
	at com.kms.katalon.core.main.TestCaseExecutor.processExecutionPhase(TestCaseExecutor.java:298)
	at com.kms.katalon.core.main.TestCaseExecutor.accessMainPhase(TestCaseExecutor.java:290)
	at com.kms.katalon.core.main.TestCaseExecutor.execute(TestCaseExecutor.java:224)
	at com.kms.katalon.core.main.TestCaseMain.runTestCase(TestCaseMain.java:106)
	at com.kms.katalon.core.keyword.builtin.CallTestCaseKeyword$_callTestCase_closure1.doCall(CallTestCaseKeyword.groovy:59)
	at com.kms.katalon.core.keyword.builtin.CallTestCaseKeyword$_callTestCase_closure1.call(CallTestCaseKeyword.groovy)
	at com.kms.katalon.core.keyword.internal.KeywordMain.runKeyword(KeywordMain.groovy:54)
	at com.kms.katalon.core.keyword.builtin.CallTestCaseKeyword.callTestCase(CallTestCaseKeyword.groovy:80)
	at com.kms.katalon.core.keyword.builtin.CallTestCaseKeyword.execute(CallTestCaseKeyword.groovy:44)
	at com.kms.katalon.core.keyword.internal.KeywordExecutor.executeKeywordForPlatform(KeywordExecutor.groovy:53)
	at com.kms.katalon.core.keyword.BuiltinKeywords.callTestCase(BuiltinKeywords.groovy:334)
	at Add to bag CTA.run(Add to bag CTA:16)
	at com.kms.katalon.core.main.ScriptEngine.run(ScriptEngine.java:194)
	at com.kms.katalon.core.main.ScriptEngine.runScriptAsRawText(ScriptEngine.java:119)
	at com.kms.katalon.core.main.TestCaseExecutor.runScript(TestCaseExecutor.java:328)
	at com.kms.katalon.core.main.TestCaseExecutor.doExecute(TestCaseExecutor.java:319)
	at com.kms.katalon.core.main.TestCaseExecutor.processExecutionPhase(TestCaseExecutor.java:298)
	at com.kms.katalon.core.main.TestCaseExecutor.accessMainPhase(TestCaseExecutor.java:290)
	at com.kms.katalon.core.main.TestCaseExecutor.execute(TestCaseExecutor.java:224)
	at com.kms.katalon.core.main.TestSuiteExecutor.accessTestCaseMainPhase(TestSuiteExecutor.java:129)
	at com.kms.katalon.core.main.TestSuiteExecutor.accessTestSuiteMainPhase(TestSuiteExecutor.java:112)
	at com.kms.katalon.core.main.TestSuiteExecutor.execute(TestSuiteExecutor.java:81)
	at com.kms.katalon.core.main.TestCaseMain.startTestSuite(TestCaseMain.java:149)
	at com.kms.katalon.core.main.TestCaseMain$startTestSuite$0.call(Unknown Source)
	at TempTestSuite1561150248290.run(TempTestSuite1561150248290.groovy:36)


2019-06-21 17:11:41 - [TEST_CASE][FAILED] - Test Cases/OCS - MOBILE/CALL - PDP: Test Cases/OCS - MOBILE/CALL - PDP FAILED.
Reason:
com.kms.katalon.core.exception.StepFailedException: Unable to click on object 'Object Repository/OCS-MOBILE /Age gate and burger menu/Dried Flower_Plus icon' (Root cause: com.kms.katalon.core.webui.exception.WebElementNotFoundException: Web element with id: 'Object Repository/OCS-MOBILE /Age gate and burger menu/Dried Flower_Plus icon' located by 'By.xpath: //i[@ xpath = '/html[1]/body[1]/div[1]/header[1]/div[2]/div[1]/div[2]/div[1]/div[1]/div[1]/nav[1]/ul[1]/li[1]/div[1]/div[2]/ul[1]/li[1]/a[1]']' not found)
	at com.kms.katalon.core.keyword.internal.KeywordMain.stepFailed(KeywordMain.groovy:36)
	at com.kms.katalon.core.webui.keyword.internal.WebUIKeywordMain.stepFailed(WebUIKeywordMain.groovy:65)
	at com.kms.katalon.core.webui.keyword.internal.WebUIKeywordMain.runKeyword(WebUIKeywordMain.groovy:27)
	at com.kms.katalon.core.webui.keyword.builtin.ClickKeyword.click(ClickKeyword.groovy:86)
	at com.kms.katalon.core.webui.keyword.builtin.ClickKeyword.execute(ClickKeyword.groovy:67)
	at com.kms.katalon.core.keyword.internal.KeywordExecutor.executeKeywordForPlatform(KeywordExecutor.groovy:53)
	at com.kms.katalon.core.webui.keyword.WebUiBuiltInKeywords.click(WebUiBuiltInKeywords.groovy:616)
	at com.kms.katalon.core.webui.keyword.WebUiBuiltInKeywords$click$4.call(Unknown Source)
	at CALL - PDP.run(CALL - PDP:55)
	at com.kms.katalon.core.main.ScriptEngine.run(ScriptEngine.java:194)
	at com.kms.katalon.core.main.ScriptEngine.runScriptAsRawText(ScriptEngine.java:119)
	at com.kms.katalon.core.main.TestCaseExecutor.runScript(TestCaseExecutor.java:328)
	at com.kms.katalon.core.main.TestCaseExecutor.doExecute(TestCaseExecutor.java:319)
	at com.kms.katalon.core.main.TestCaseExecutor.processExecutionPhase(TestCaseExecutor.java:298)
	at com.kms.katalon.core.main.TestCaseExecutor.accessMainPhase(TestCaseExecutor.java:290)
	at com.kms.katalon.core.main.TestCaseExecutor.execute(TestCaseExecutor.java:224)
	at com.kms.katalon.core.main.TestCaseMain.runTestCase(TestCaseMain.java:106)
	at com.kms.katalon.core.keyword.builtin.CallTestCaseKeyword$_callTestCase_closure1.doCall(CallTestCaseKeyword.groovy:59)
	at com.kms.katalon.core.keyword.builtin.CallTestCaseKeyword$_callTestCase_closure1.call(CallTestCaseKeyword.groovy)
	at com.kms.katalon.core.keyword.internal.KeywordMain.runKeyword(KeywordMain.groovy:54)
	at com.kms.katalon.core.keyword.builtin.CallTestCaseKeyword.callTestCase(CallTestCaseKeyword.groovy:80)
	at com.kms.katalon.core.keyword.builtin.CallTestCaseKeyword.execute(CallTestCaseKeyword.groovy:44)
	at com.kms.katalon.core.keyword.internal.KeywordExecutor.executeKeywordForPlatform(KeywordExecutor.groovy:53)
	at com.kms.katalon.core.keyword.BuiltinKeywords.callTestCase(BuiltinKeywords.groovy:334)
	at Add to bag CTA.run(Add to bag CTA:16)
	at com.kms.katalon.core.main.ScriptEngine.run(ScriptEngine.java:194)
	at com.kms.katalon.core.main.ScriptEngine.runScriptAsRawText(ScriptEngine.java:119)
	at com.kms.katalon.core.main.TestCaseExecutor.runScript(TestCaseExecutor.java:328)
	at com.kms.katalon.core.main.TestCaseExecutor.doExecute(TestCaseExecutor.java:319)
	at com.kms.katalon.core.main.TestCaseExecutor.processExecutionPhase(TestCaseExecutor.java:298)
	at com.kms.katalon.core.main.TestCaseExecutor.accessMainPhase(TestCaseExecutor.java:290)
	at com.kms.katalon.core.main.TestCaseExecutor.execute(TestCaseExecutor.java:224)
	at com.kms.katalon.core.main.TestSuiteExecutor.accessTestCaseMainPhase(TestSuiteExecutor.java:129)
	at com.kms.katalon.core.main.TestSuiteExecutor.accessTestSuiteMainPhase(TestSuiteExecutor.java:112)
	at com.kms.katalon.core.main.TestSuiteExecutor.execute(TestSuiteExecutor.java:81)
	at com.kms.katalon.core.main.TestCaseMain.startTestSuite(TestCaseMain.java:149)
	at com.kms.katalon.core.main.TestCaseMain$startTestSuite$0.call(Unknown Source)
	at TempTestSuite1561150248290.run(TempTestSuite1561150248290.groovy:36)


2019-06-21 17:11:41 - [TEST_STEP][PASSED] - openBrowser(""): Browser is opened with url: ''

2019-06-21 17:11:42 - [MESSAGE][WARNING] - A browser is already opened. Closing browser and opening a new one

2019-06-21 17:11:42 - [MESSAGE][INFO] - Starting 'Chrome' driver

2019-06-21 17:11:43 - [MESSAGE][PASSED] - Browser is opened with url: ''

2019-06-21 17:11:43 - [TEST_STEP][PASSED] - navigateToUrl("https://ocs.ca/?fts=0&preview_theme_id=74057975628"): Navigate to 'https://ocs.ca/?fts=0&preview_theme_id=74057975628' successfully

2019-06-21 17:11:48 - [MESSAGE][PASSED] - Navigate to 'https://ocs.ca/?fts=0&preview_theme_id=74057975628' successfully

2019-06-21 17:11:48 - [TEST_STEP][PASSED] - executeJavaScript("var previewBar = document.getElementById("preview-bar-iframe"); previewBar.style.display = "none";", []): Execute JavaScript 'var previewBar = document.getElementById("preview-bar-iframe"); previewBar.style.display = "none";' successfully

2019-06-21 17:11:48 - [MESSAGE][PASSED] - Execute JavaScript 'var previewBar = document.getElementById("preview-bar-iframe"); previewBar.style.display = "none";' successfully

2019-06-21 17:11:48 - [TEST_STEP][PASSED] - setViewPortSize(360, 800): Viewport is set to new size with width = 360 and height = 800

2019-06-21 17:11:48 - [MESSAGE][PASSED] - Viewport is set to new size with width = 360 and height = 800

2019-06-21 17:11:48 - [TEST_STEP][PASSED] - delay(4): Delayed 4 second(s)

2019-06-21 17:11:52 - [MESSAGE][PASSED] - Delayed 4 second(s)

2019-06-21 17:11:52 - [TEST_STEP][PASSED] - selectOptionByValue(findTestObject("OCS-MOBILE /Age gate and burger menu/Date"), "12", true): All options with value '12' are selected in object 'Object Repository/OCS-MOBILE /Age gate and burger menu/Date'  using regular expression

2019-06-21 17:11:53 - [MESSAGE][PASSED] - All options with value '12' are selected in object 'Object Repository/OCS-MOBILE /Age gate and burger menu/Date'  using regular expression

2019-06-21 17:11:53 - [TEST_STEP][PASSED] - selectOptionByValue(findTestObject("OCS-MOBILE /Age gate and burger menu/month"), "6", true): All options with value '6' are selected in object 'Object Repository/OCS-MOBILE /Age gate and burger menu/month'  using regular expression

2019-06-21 17:11:53 - [MESSAGE][PASSED] - All options with value '6' are selected in object 'Object Repository/OCS-MOBILE /Age gate and burger menu/month'  using regular expression

2019-06-21 17:11:53 - [TEST_STEP][PASSED] - delay(2): Delayed 2 second(s)

2019-06-21 17:11:55 - [MESSAGE][PASSED] - Delayed 2 second(s)

2019-06-21 17:11:55 - [TEST_STEP][PASSED] - selectOptionByValue(findTestObject("OCS-MOBILE /Age gate and burger menu/Year Dropdown"), "1990", true): All options with value '1990' are selected in object 'Object Repository/OCS-MOBILE /Age gate and burger menu/Year Dropdown'  using regular expression

2019-06-21 17:11:56 - [MESSAGE][PASSED] - All options with value '1990' are selected in object 'Object Repository/OCS-MOBILE /Age gate and burger menu/Year Dropdown'  using regular expression

2019-06-21 17:11:56 - [TEST_STEP][PASSED] - click(findTestObject("OCS-MOBILE /Age gate and Mega menu/button_Verify")): Object: 'Object Repository/OCS-MOBILE /Age gate and Mega menu/button_Verify' is clicked on

2019-06-21 17:11:56 - [MESSAGE][PASSED] - Object: 'Object Repository/OCS-MOBILE /Age gate and Mega menu/button_Verify' is clicked on

2019-06-21 17:11:56 - [TEST_STEP][PASSED] - click(findTestObject("OCS-MOBILE /Age gate and Mega menu/Checkbox_CONFIRM AND ACKNOWLEDGE")): Object: 'Object Repository/OCS-MOBILE /Age gate and Mega menu/Checkbox_CONFIRM AND ACKNOWLEDGE' is clicked on

2019-06-21 17:11:56 - [MESSAGE][PASSED] - Object: 'Object Repository/OCS-MOBILE /Age gate and Mega menu/Checkbox_CONFIRM AND ACKNOWLEDGE' is clicked on

2019-06-21 17:11:56 - [TEST_STEP][PASSED] - click(findTestObject("OCS-MOBILE /Age gate and Mega menu/button_CONFIRM")): Object: 'Object Repository/OCS-MOBILE /Age gate and Mega menu/button_CONFIRM' is clicked on

2019-06-21 17:11:56 - [MESSAGE][PASSED] - Object: 'Object Repository/OCS-MOBILE /Age gate and Mega menu/button_CONFIRM' is clicked on

2019-06-21 17:11:56 - [TEST_STEP][PASSED] - click(findTestObject("OCS-MOBILE /Age gate and Mega menu/button_Start Browsing")): Object: 'Object Repository/OCS-MOBILE /Age gate and Mega menu/button_Start Browsing' is clicked on

2019-06-21 17:11:56 - [MESSAGE][PASSED] - Object: 'Object Repository/OCS-MOBILE /Age gate and Mega menu/button_Start Browsing' is clicked on

2019-06-21 17:11:56 - [TEST_STEP][PASSED] - refresh(): Refresh successfully

2019-06-21 17:11:56 - [MESSAGE][PASSED] - Refresh successfully

2019-06-21 17:11:56 - [TEST_STEP][PASSED] - delay(2): Delayed 2 second(s)

2019-06-21 17:11:58 - [MESSAGE][PASSED] - Delayed 2 second(s)

2019-06-21 17:11:58 - [TEST_STEP][PASSED] - click(findTestObject("OCS-MOBILE /Age gate and burger menu/Burger menu - English")): Object: 'Object Repository/OCS-MOBILE /Age gate and burger menu/Burger menu - English' is clicked on

2019-06-21 17:12:00 - [MESSAGE][PASSED] - Object: 'Object Repository/OCS-MOBILE /Age gate and burger menu/Burger menu - English' is clicked on

2019-06-21 17:12:00 - [TEST_STEP][PASSED] - delay(2): Delayed 2 second(s)

2019-06-21 17:12:02 - [MESSAGE][PASSED] - Delayed 2 second(s)

2019-06-21 17:12:02 - [TEST_STEP][PASSED] - click(findTestObject("OCS-MOBILE /Age gate and burger menu/Chevron_Cannabis")): Object: 'Object Repository/OCS-MOBILE /Age gate and burger menu/Chevron_Cannabis' is clicked on

2019-06-21 17:12:02 - [MESSAGE][PASSED] - Object: 'Object Repository/OCS-MOBILE /Age gate and burger menu/Chevron_Cannabis' is clicked on

2019-06-21 17:12:02 - [TEST_STEP][PASSED] - delay(2): Delayed 2 second(s)

2019-06-21 17:12:04 - [MESSAGE][PASSED] - Delayed 2 second(s)

2019-06-21 17:12:04 - [TEST_STEP][FAILED] - click(findTestObject("OCS-MOBILE /Age gate and burger menu/Dried Flower_Plus icon")): click(findTestObject("OCS-MOBILE /Age gate and burger menu/Dried Flower_Plus icon")) FAILED.
Reason:
com.kms.katalon.core.exception.StepFailedException: Unable to click on object 'Object Repository/OCS-MOBILE /Age gate and burger menu/Dried Flower_Plus icon' (Root cause: com.kms.katalon.core.webui.exception.WebElementNotFoundException: Web element with id: 'Object Repository/OCS-MOBILE /Age gate and burger menu/Dried Flower_Plus icon' located by 'By.xpath: //i[@ xpath = '/html[1]/body[1]/div[1]/header[1]/div[2]/div[1]/div[2]/div[1]/div[1]/div[1]/nav[1]/ul[1]/li[1]/div[1]/div[2]/ul[1]/li[1]/a[1]']' not found)
	at com.kms.katalon.core.keyword.internal.KeywordMain.stepFailed(KeywordMain.groovy:36)
	at com.kms.katalon.core.webui.keyword.internal.WebUIKeywordMain.stepFailed(WebUIKeywordMain.groovy:65)
	at com.kms.katalon.core.webui.keyword.internal.WebUIKeywordMain.runKeyword(WebUIKeywordMain.groovy:27)
	at com.kms.katalon.core.webui.keyword.builtin.ClickKeyword.click(ClickKeyword.groovy:86)
	at com.kms.katalon.core.webui.keyword.builtin.ClickKeyword.execute(ClickKeyword.groovy:67)
	at com.kms.katalon.core.keyword.internal.KeywordExecutor.executeKeywordForPlatform(KeywordExecutor.groovy:53)
	at com.kms.katalon.core.webui.keyword.WebUiBuiltInKeywords.click(WebUiBuiltInKeywords.groovy:616)
	at com.kms.katalon.core.webui.keyword.WebUiBuiltInKeywords$click$4.call(Unknown Source)
	at CALL - PDP.run(CALL - PDP:55)
	at com.kms.katalon.core.main.ScriptEngine.run(ScriptEngine.java:194)
	at com.kms.katalon.core.main.ScriptEngine.runScriptAsRawText(ScriptEngine.java:119)
	at com.kms.katalon.core.main.TestCaseExecutor.runScript(TestCaseExecutor.java:328)
	at com.kms.katalon.core.main.TestCaseExecutor.doExecute(TestCaseExecutor.java:319)
	at com.kms.katalon.core.main.TestCaseExecutor.processExecutionPhase(TestCaseExecutor.java:298)
	at com.kms.katalon.core.main.TestCaseExecutor.accessMainPhase(TestCaseExecutor.java:290)
	at com.kms.katalon.core.main.TestCaseExecutor.execute(TestCaseExecutor.java:224)
	at com.kms.katalon.core.main.TestCaseMain.runTestCase(TestCaseMain.java:106)
	at com.kms.katalon.core.keyword.builtin.CallTestCaseKeyword$_callTestCase_closure1.doCall(CallTestCaseKeyword.groovy:59)
	at com.kms.katalon.core.keyword.builtin.CallTestCaseKeyword$_callTestCase_closure1.call(CallTestCaseKeyword.groovy)
	at com.kms.katalon.core.keyword.internal.KeywordMain.runKeyword(KeywordMain.groovy:54)
	at com.kms.katalon.core.keyword.builtin.CallTestCaseKeyword.callTestCase(CallTestCaseKeyword.groovy:80)
	at com.kms.katalon.core.keyword.builtin.CallTestCaseKeyword.execute(CallTestCaseKeyword.groovy:44)
	at com.kms.katalon.core.keyword.internal.KeywordExecutor.executeKeywordForPlatform(KeywordExecutor.groovy:53)
	at com.kms.katalon.core.keyword.BuiltinKeywords.callTestCase(BuiltinKeywords.groovy:334)
	at Add to bag CTA.run(Add to bag CTA:16)
	at com.kms.katalon.core.main.ScriptEngine.run(ScriptEngine.java:194)
	at com.kms.katalon.core.main.ScriptEngine.runScriptAsRawText(ScriptEngine.java:119)
	at com.kms.katalon.core.main.TestCaseExecutor.runScript(TestCaseExecutor.java:328)
	at com.kms.katalon.core.main.TestCaseExecutor.doExecute(TestCaseExecutor.java:319)
	at com.kms.katalon.core.main.TestCaseExecutor.processExecutionPhase(TestCaseExecutor.java:298)
	at com.kms.katalon.core.main.TestCaseExecutor.accessMainPhase(TestCaseExecutor.java:290)
	at com.kms.katalon.core.main.TestCaseExecutor.execute(TestCaseExecutor.java:224)
	at com.kms.katalon.core.main.TestSuiteExecutor.accessTestCaseMainPhase(TestSuiteExecutor.java:129)
	at com.kms.katalon.core.main.TestSuiteExecutor.accessTestSuiteMainPhase(TestSuiteExecutor.java:112)
	at com.kms.katalon.core.main.TestSuiteExecutor.execute(TestSuiteExecutor.java:81)
	at com.kms.katalon.core.main.TestCaseMain.startTestSuite(TestCaseMain.java:149)
	at com.kms.katalon.core.main.TestCaseMain$startTestSuite$0.call(Unknown Source)
	at TempTestSuite1561150248290.run(TempTestSuite1561150248290.groovy:36)


2019-06-21 17:12:35 - [MESSAGE][INFO] - Unable to find the element located by 'By.xpath: //i[@ xpath = '/html[1]/body[1]/div[1]/header[1]/div[2]/div[1]/div[2]/div[1]/div[1]/div[1]/nav[1]/ul[1]/li[1]/div[1]/div[2]/ul[1]/li[1]/a[1]']'. Please recheck the objects properties to make sure the desired element is located. 

2019-06-21 17:12:35 - [MESSAGE][FAILED] - Unable to click on object 'Object Repository/OCS-MOBILE /Age gate and burger menu/Dried Flower_Plus icon' (Root cause: com.kms.katalon.core.webui.exception.WebElementNotFoundException: Web element with id: 'Object Repository/OCS-MOBILE /Age gate and burger menu/Dried Flower_Plus icon' located by 'By.xpath: //i[@ xpath = '/html[1]/body[1]/div[1]/header[1]/div[2]/div[1]/div[2]/div[1]/div[1]/div[1]/nav[1]/ul[1]/li[1]/div[1]/div[2]/ul[1]/li[1]/a[1]']' not found)
[[ATTACHMENT|/Users/sumankompelly/Relative xpath-Mobile/Reports/OCS - 1.11.0/20190621_165048/1561151555213.png]]

2019-06-21 17:12:35 - [MESSAGE][FAILED] - click(findTestObject("OCS-MOBILE /Age gate and burger menu/Dried Flower_Plus icon")) FAILED.
Reason:
com.kms.katalon.core.exception.StepFailedException: Unable to click on object 'Object Repository/OCS-MOBILE /Age gate and burger menu/Dried Flower_Plus icon' (Root cause: com.kms.katalon.core.webui.exception.WebElementNotFoundException: Web element with id: 'Object Repository/OCS-MOBILE /Age gate and burger menu/Dried Flower_Plus icon' located by 'By.xpath: //i[@ xpath = '/html[1]/body[1]/div[1]/header[1]/div[2]/div[1]/div[2]/div[1]/div[1]/div[1]/nav[1]/ul[1]/li[1]/div[1]/div[2]/ul[1]/li[1]/a[1]']' not found)
	at com.kms.katalon.core.keyword.internal.KeywordMain.stepFailed(KeywordMain.groovy:36)
	at com.kms.katalon.core.webui.keyword.internal.WebUIKeywordMain.stepFailed(WebUIKeywordMain.groovy:65)
	at com.kms.katalon.core.webui.keyword.internal.WebUIKeywordMain.runKeyword(WebUIKeywordMain.groovy:27)
	at com.kms.katalon.core.webui.keyword.builtin.ClickKeyword.click(ClickKeyword.groovy:86)
	at com.kms.katalon.core.webui.keyword.builtin.ClickKeyword.execute(ClickKeyword.groovy:67)
	at com.kms.katalon.core.keyword.internal.KeywordExecutor.executeKeywordForPlatform(KeywordExecutor.groovy:53)
	at com.kms.katalon.core.webui.keyword.WebUiBuiltInKeywords.click(WebUiBuiltInKeywords.groovy:616)
	at com.kms.katalon.core.webui.keyword.WebUiBuiltInKeywords$click$4.call(Unknown Source)
	at CALL - PDP.run(CALL - PDP:55)
	at com.kms.katalon.core.main.ScriptEngine.run(ScriptEngine.java:194)
	at com.kms.katalon.core.main.ScriptEngine.runScriptAsRawText(ScriptEngine.java:119)
	at com.kms.katalon.core.main.TestCaseExecutor.runScript(TestCaseExecutor.java:328)
	at com.kms.katalon.core.main.TestCaseExecutor.doExecute(TestCaseExecutor.java:319)
	at com.kms.katalon.core.main.TestCaseExecutor.processExecutionPhase(TestCaseExecutor.java:298)
	at com.kms.katalon.core.main.TestCaseExecutor.accessMainPhase(TestCaseExecutor.java:290)
	at com.kms.katalon.core.main.TestCaseExecutor.execute(TestCaseExecutor.java:224)
	at com.kms.katalon.core.main.TestCaseMain.runTestCase(TestCaseMain.java:106)
	at com.kms.katalon.core.keyword.builtin.CallTestCaseKeyword$_callTestCase_closure1.doCall(CallTestCaseKeyword.groovy:59)
	at com.kms.katalon.core.keyword.builtin.CallTestCaseKeyword$_callTestCase_closure1.call(CallTestCaseKeyword.groovy)
	at com.kms.katalon.core.keyword.internal.KeywordMain.runKeyword(KeywordMain.groovy:54)
	at com.kms.katalon.core.keyword.builtin.CallTestCaseKeyword.callTestCase(CallTestCaseKeyword.groovy:80)
	at com.kms.katalon.core.keyword.builtin.CallTestCaseKeyword.execute(CallTestCaseKeyword.groovy:44)
	at com.kms.katalon.core.keyword.internal.KeywordExecutor.executeKeywordForPlatform(KeywordExecutor.groovy:53)
	at com.kms.katalon.core.keyword.BuiltinKeywords.callTestCase(BuiltinKeywords.groovy:334)
	at Add to bag CTA.run(Add to bag CTA:16)
	at com.kms.katalon.core.main.ScriptEngine.run(ScriptEngine.java:194)
	at com.kms.katalon.core.main.ScriptEngine.runScriptAsRawText(ScriptEngine.java:119)
	at com.kms.katalon.core.main.TestCaseExecutor.runScript(TestCaseExecutor.java:328)
	at com.kms.katalon.core.main.TestCaseExecutor.doExecute(TestCaseExecutor.java:319)
	at com.kms.katalon.core.main.TestCaseExecutor.processExecutionPhase(TestCaseExecutor.java:298)
	at com.kms.katalon.core.main.TestCaseExecutor.accessMainPhase(TestCaseExecutor.java:290)
	at com.kms.katalon.core.main.TestCaseExecutor.execute(TestCaseExecutor.java:224)
	at com.kms.katalon.core.main.TestSuiteExecutor.accessTestCaseMainPhase(TestSuiteExecutor.java:129)
	at com.kms.katalon.core.main.TestSuiteExecutor.accessTestSuiteMainPhase(TestSuiteExecutor.java:112)
	at com.kms.katalon.core.main.TestSuiteExecutor.execute(TestSuiteExecutor.java:81)
	at com.kms.katalon.core.main.TestCaseMain.startTestSuite(TestCaseMain.java:149)
	at com.kms.katalon.core.main.TestCaseMain$startTestSuite$0.call(Unknown Source)
	at TempTestSuite1561150248290.run(TempTestSuite1561150248290.groovy:36)


2019-06-21 17:12:35 - [MESSAGE][FAILED] - Unable to call Test Case 'Test Cases/OCS - MOBILE/CALL - PDP' (Root cause: com.kms.katalon.core.exception.StepFailedException: Call Test Case 'Test Cases/OCS - MOBILE/CALL - PDP' failed)

2019-06-21 17:12:35 - [MESSAGE][FAILED] - callTestCase(findTestCase("OCS - MOBILE/CALL - PDP"), [:], STOP_ON_FAILURE) FAILED.
Reason:
com.kms.katalon.core.exception.StepFailedException: Unable to click on object 'Object Repository/OCS-MOBILE /Age gate and burger menu/Dried Flower_Plus icon' (Root cause: com.kms.katalon.core.webui.exception.WebElementNotFoundException: Web element with id: 'Object Repository/OCS-MOBILE /Age gate and burger menu/Dried Flower_Plus icon' located by 'By.xpath: //i[@ xpath = '/html[1]/body[1]/div[1]/header[1]/div[2]/div[1]/div[2]/div[1]/div[1]/div[1]/nav[1]/ul[1]/li[1]/div[1]/div[2]/ul[1]/li[1]/a[1]']' not found)
	at com.kms.katalon.core.keyword.internal.KeywordMain.stepFailed(KeywordMain.groovy:36)
	at com.kms.katalon.core.webui.keyword.internal.WebUIKeywordMain.stepFailed(WebUIKeywordMain.groovy:65)
	at com.kms.katalon.core.webui.keyword.internal.WebUIKeywordMain.runKeyword(WebUIKeywordMain.groovy:27)
	at com.kms.katalon.core.webui.keyword.builtin.ClickKeyword.click(ClickKeyword.groovy:86)
	at com.kms.katalon.core.webui.keyword.builtin.ClickKeyword.execute(ClickKeyword.groovy:67)
	at com.kms.katalon.core.keyword.internal.KeywordExecutor.executeKeywordForPlatform(KeywordExecutor.groovy:53)
	at com.kms.katalon.core.webui.keyword.WebUiBuiltInKeywords.click(WebUiBuiltInKeywords.groovy:616)
	at com.kms.katalon.core.webui.keyword.WebUiBuiltInKeywords$click$4.call(Unknown Source)
	at CALL - PDP.run(CALL - PDP:55)
	at com.kms.katalon.core.main.ScriptEngine.run(ScriptEngine.java:194)
	at com.kms.katalon.core.main.ScriptEngine.runScriptAsRawText(ScriptEngine.java:119)
	at com.kms.katalon.core.main.TestCaseExecutor.runScript(TestCaseExecutor.java:328)
	at com.kms.katalon.core.main.TestCaseExecutor.doExecute(TestCaseExecutor.java:319)
	at com.kms.katalon.core.main.TestCaseExecutor.processExecutionPhase(TestCaseExecutor.java:298)
	at com.kms.katalon.core.main.TestCaseExecutor.accessMainPhase(TestCaseExecutor.java:290)
	at com.kms.katalon.core.main.TestCaseExecutor.execute(TestCaseExecutor.java:224)
	at com.kms.katalon.core.main.TestCaseMain.runTestCase(TestCaseMain.java:106)
	at com.kms.katalon.core.keyword.builtin.CallTestCaseKeyword$_callTestCase_closure1.doCall(CallTestCaseKeyword.groovy:59)
	at com.kms.katalon.core.keyword.builtin.CallTestCaseKeyword$_callTestCase_closure1.call(CallTestCaseKeyword.groovy)
	at com.kms.katalon.core.keyword.internal.KeywordMain.runKeyword(KeywordMain.groovy:54)
	at com.kms.katalon.core.keyword.builtin.CallTestCaseKeyword.callTestCase(CallTestCaseKeyword.groovy:80)
	at com.kms.katalon.core.keyword.builtin.CallTestCaseKeyword.execute(CallTestCaseKeyword.groovy:44)
	at com.kms.katalon.core.keyword.internal.KeywordExecutor.executeKeywordForPlatform(KeywordExecutor.groovy:53)
	at com.kms.katalon.core.keyword.BuiltinKeywords.callTestCase(BuiltinKeywords.groovy:334)
	at Add to bag CTA.run(Add to bag CTA:16)
	at com.kms.katalon.core.main.ScriptEngine.run(ScriptEngine.java:194)
	at com.kms.katalon.core.main.ScriptEngine.runScriptAsRawText(ScriptEngine.java:119)
	at com.kms.katalon.core.main.TestCaseExecutor.runScript(TestCaseExecutor.java:328)
	at com.kms.katalon.core.main.TestCaseExecutor.doExecute(TestCaseExecutor.java:319)
	at com.kms.katalon.core.main.TestCaseExecutor.processExecutionPhase(TestCaseExecutor.java:298)
	at com.kms.katalon.core.main.TestCaseExecutor.accessMainPhase(TestCaseExecutor.java:290)
	at com.kms.katalon.core.main.TestCaseExecutor.execute(TestCaseExecutor.java:224)
	at com.kms.katalon.core.main.TestSuiteExecutor.accessTestCaseMainPhase(TestSuiteExecutor.java:129)
	at com.kms.katalon.core.main.TestSuiteExecutor.accessTestSuiteMainPhase(TestSuiteExecutor.java:112)
	at com.kms.katalon.core.main.TestSuiteExecutor.execute(TestSuiteExecutor.java:81)
	at com.kms.katalon.core.main.TestCaseMain.startTestSuite(TestCaseMain.java:149)
	at com.kms.katalon.core.main.TestCaseMain$startTestSuite$0.call(Unknown Source)
	at TempTestSuite1561150248290.run(TempTestSuite1561150248290.groovy:36)]]></system-out>
         <system-err><![CDATA[2019-06-21 17:11:41 - [TEST_CASE][FAILED] - Test Cases/OCS - MOBILE/OCS- PRODUCT PAGE/Add to bag CTA: Test Cases/OCS - MOBILE/OCS- PRODUCT PAGE/Add to bag CTA FAILED.
Reason:
com.kms.katalon.core.exception.StepFailedException: Unable to click on object 'Object Repository/OCS-MOBILE /Age gate and burger menu/Dried Flower_Plus icon' (Root cause: com.kms.katalon.core.webui.exception.WebElementNotFoundException: Web element with id: 'Object Repository/OCS-MOBILE /Age gate and burger menu/Dried Flower_Plus icon' located by 'By.xpath: //i[@ xpath = '/html[1]/body[1]/div[1]/header[1]/div[2]/div[1]/div[2]/div[1]/div[1]/div[1]/nav[1]/ul[1]/li[1]/div[1]/div[2]/ul[1]/li[1]/a[1]']' not found)
	at com.kms.katalon.core.keyword.internal.KeywordMain.stepFailed(KeywordMain.groovy:36)
	at com.kms.katalon.core.webui.keyword.internal.WebUIKeywordMain.stepFailed(WebUIKeywordMain.groovy:65)
	at com.kms.katalon.core.webui.keyword.internal.WebUIKeywordMain.runKeyword(WebUIKeywordMain.groovy:27)
	at com.kms.katalon.core.webui.keyword.builtin.ClickKeyword.click(ClickKeyword.groovy:86)
	at com.kms.katalon.core.webui.keyword.builtin.ClickKeyword.execute(ClickKeyword.groovy:67)
	at com.kms.katalon.core.keyword.internal.KeywordExecutor.executeKeywordForPlatform(KeywordExecutor.groovy:53)
	at com.kms.katalon.core.webui.keyword.WebUiBuiltInKeywords.click(WebUiBuiltInKeywords.groovy:616)
	at com.kms.katalon.core.webui.keyword.WebUiBuiltInKeywords$click$4.call(Unknown Source)
	at CALL - PDP.run(CALL - PDP:55)
	at com.kms.katalon.core.main.ScriptEngine.run(ScriptEngine.java:194)
	at com.kms.katalon.core.main.ScriptEngine.runScriptAsRawText(ScriptEngine.java:119)
	at com.kms.katalon.core.main.TestCaseExecutor.runScript(TestCaseExecutor.java:328)
	at com.kms.katalon.core.main.TestCaseExecutor.doExecute(TestCaseExecutor.java:319)
	at com.kms.katalon.core.main.TestCaseExecutor.processExecutionPhase(TestCaseExecutor.java:298)
	at com.kms.katalon.core.main.TestCaseExecutor.accessMainPhase(TestCaseExecutor.java:290)
	at com.kms.katalon.core.main.TestCaseExecutor.execute(TestCaseExecutor.java:224)
	at com.kms.katalon.core.main.TestCaseMain.runTestCase(TestCaseMain.java:106)
	at com.kms.katalon.core.keyword.builtin.CallTestCaseKeyword$_callTestCase_closure1.doCall(CallTestCaseKeyword.groovy:59)
	at com.kms.katalon.core.keyword.builtin.CallTestCaseKeyword$_callTestCase_closure1.call(CallTestCaseKeyword.groovy)
	at com.kms.katalon.core.keyword.internal.KeywordMain.runKeyword(KeywordMain.groovy:54)
	at com.kms.katalon.core.keyword.builtin.CallTestCaseKeyword.callTestCase(CallTestCaseKeyword.groovy:80)
	at com.kms.katalon.core.keyword.builtin.CallTestCaseKeyword.execute(CallTestCaseKeyword.groovy:44)
	at com.kms.katalon.core.keyword.internal.KeywordExecutor.executeKeywordForPlatform(KeywordExecutor.groovy:53)
	at com.kms.katalon.core.keyword.BuiltinKeywords.callTestCase(BuiltinKeywords.groovy:334)
	at Add to bag CTA.run(Add to bag CTA:16)
	at com.kms.katalon.core.main.ScriptEngine.run(ScriptEngine.java:194)
	at com.kms.katalon.core.main.ScriptEngine.runScriptAsRawText(ScriptEngine.java:119)
	at com.kms.katalon.core.main.TestCaseExecutor.runScript(TestCaseExecutor.java:328)
	at com.kms.katalon.core.main.TestCaseExecutor.doExecute(TestCaseExecutor.java:319)
	at com.kms.katalon.core.main.TestCaseExecutor.processExecutionPhase(TestCaseExecutor.java:298)
	at com.kms.katalon.core.main.TestCaseExecutor.accessMainPhase(TestCaseExecutor.java:290)
	at com.kms.katalon.core.main.TestCaseExecutor.execute(TestCaseExecutor.java:224)
	at com.kms.katalon.core.main.TestSuiteExecutor.accessTestCaseMainPhase(TestSuiteExecutor.java:129)
	at com.kms.katalon.core.main.TestSuiteExecutor.accessTestSuiteMainPhase(TestSuiteExecutor.java:112)
	at com.kms.katalon.core.main.TestSuiteExecutor.execute(TestSuiteExecutor.java:81)
	at com.kms.katalon.core.main.TestCaseMain.startTestSuite(TestCaseMain.java:149)
	at com.kms.katalon.core.main.TestCaseMain$startTestSuite$0.call(Unknown Source)
	at TempTestSuite1561150248290.run(TempTestSuite1561150248290.groovy:36)]]></system-err>
      </testcase>
      <testcase name="Test Cases/OCS - MOBILE/OCS- PRODUCT PAGE/Shop all of our products" classname="Test Cases/OCS - MOBILE/OCS- PRODUCT PAGE/Shop all of our products" status="FAILED">
         <failure type="FAILED" message="Test Cases/OCS - MOBILE/OCS- PRODUCT PAGE/Shop all of our products FAILED.
Reason:
com.kms.katalon.core.exception.StepFailedException: Unable to click on object 'Object Repository/OCS-MOBILE /Age gate and burger menu/Dried Flower_Plus icon' (Root cause: com.kms.katalon.core.webui.exception.WebElementNotFoundException: Web element with id: 'Object Repository/OCS-MOBILE /Age gate and burger menu/Dried Flower_Plus icon' located by 'By.xpath: //i[@ xpath = '/html[1]/body[1]/div[1]/header[1]/div[2]/div[1]/div[2]/div[1]/div[1]/div[1]/nav[1]/ul[1]/li[1]/div[1]/div[2]/ul[1]/li[1]/a[1]']' not found)
	at com.kms.katalon.core.keyword.internal.KeywordMain.stepFailed(KeywordMain.groovy:36)
	at com.kms.katalon.core.webui.keyword.internal.WebUIKeywordMain.stepFailed(WebUIKeywordMain.groovy:65)
	at com.kms.katalon.core.webui.keyword.internal.WebUIKeywordMain.runKeyword(WebUIKeywordMain.groovy:27)
	at com.kms.katalon.core.webui.keyword.builtin.ClickKeyword.click(ClickKeyword.groovy:86)
	at com.kms.katalon.core.webui.keyword.builtin.ClickKeyword.execute(ClickKeyword.groovy:67)
	at com.kms.katalon.core.keyword.internal.KeywordExecutor.executeKeywordForPlatform(KeywordExecutor.groovy:53)
	at com.kms.katalon.core.webui.keyword.WebUiBuiltInKeywords.click(WebUiBuiltInKeywords.groovy:616)
	at com.kms.katalon.core.webui.keyword.WebUiBuiltInKeywords$click$4.call(Unknown Source)
	at CALL - PDP.run(CALL - PDP:55)
	at com.kms.katalon.core.main.ScriptEngine.run(ScriptEngine.java:194)
	at com.kms.katalon.core.main.ScriptEngine.runScriptAsRawText(ScriptEngine.java:119)
	at com.kms.katalon.core.main.TestCaseExecutor.runScript(TestCaseExecutor.java:328)
	at com.kms.katalon.core.main.TestCaseExecutor.doExecute(TestCaseExecutor.java:319)
	at com.kms.katalon.core.main.TestCaseExecutor.processExecutionPhase(TestCaseExecutor.java:298)
	at com.kms.katalon.core.main.TestCaseExecutor.accessMainPhase(TestCaseExecutor.java:290)
	at com.kms.katalon.core.main.TestCaseExecutor.execute(TestCaseExecutor.java:224)
	at com.kms.katalon.core.main.TestCaseMain.runTestCase(TestCaseMain.java:106)
	at com.kms.katalon.core.keyword.builtin.CallTestCaseKeyword$_callTestCase_closure1.doCall(CallTestCaseKeyword.groovy:59)
	at com.kms.katalon.core.keyword.builtin.CallTestCaseKeyword$_callTestCase_closure1.call(CallTestCaseKeyword.groovy)
	at com.kms.katalon.core.keyword.internal.KeywordMain.runKeyword(KeywordMain.groovy:54)
	at com.kms.katalon.core.keyword.builtin.CallTestCaseKeyword.callTestCase(CallTestCaseKeyword.groovy:80)
	at com.kms.katalon.core.keyword.builtin.CallTestCaseKeyword.execute(CallTestCaseKeyword.groovy:44)
	at com.kms.katalon.core.keyword.internal.KeywordExecutor.executeKeywordForPlatform(KeywordExecutor.groovy:53)
	at com.kms.katalon.core.keyword.BuiltinKeywords.callTestCase(BuiltinKeywords.groovy:334)
	at Shop all of our products.run(Shop all of our products:16)
	at com.kms.katalon.core.main.ScriptEngine.run(ScriptEngine.java:194)
	at com.kms.katalon.core.main.ScriptEngine.runScriptAsRawText(ScriptEngine.java:119)
	at com.kms.katalon.core.main.TestCaseExecutor.runScript(TestCaseExecutor.java:328)
	at com.kms.katalon.core.main.TestCaseExecutor.doExecute(TestCaseExecutor.java:319)
	at com.kms.katalon.core.main.TestCaseExecutor.processExecutionPhase(TestCaseExecutor.java:298)
	at com.kms.katalon.core.main.TestCaseExecutor.accessMainPhase(TestCaseExecutor.java:290)
	at com.kms.katalon.core.main.TestCaseExecutor.execute(TestCaseExecutor.java:224)
	at com.kms.katalon.core.main.TestSuiteExecutor.accessTestCaseMainPhase(TestSuiteExecutor.java:129)
	at com.kms.katalon.core.main.TestSuiteExecutor.accessTestSuiteMainPhase(TestSuiteExecutor.java:112)
	at com.kms.katalon.core.main.TestSuiteExecutor.execute(TestSuiteExecutor.java:81)
	at com.kms.katalon.core.main.TestCaseMain.startTestSuite(TestCaseMain.java:149)
	at com.kms.katalon.core.main.TestCaseMain$startTestSuite$0.call(Unknown Source)
	at TempTestSuite1561150248290.run(TempTestSuite1561150248290.groovy:36)
"/>
         <system-out><![CDATA[2019-06-21 17:12:35 - [TEST_CASE][FAILED] - Test Cases/OCS - MOBILE/OCS- PRODUCT PAGE/Shop all of our products: Test Cases/OCS - MOBILE/OCS- PRODUCT PAGE/Shop all of our products FAILED.
Reason:
com.kms.katalon.core.exception.StepFailedException: Unable to click on object 'Object Repository/OCS-MOBILE /Age gate and burger menu/Dried Flower_Plus icon' (Root cause: com.kms.katalon.core.webui.exception.WebElementNotFoundException: Web element with id: 'Object Repository/OCS-MOBILE /Age gate and burger menu/Dried Flower_Plus icon' located by 'By.xpath: //i[@ xpath = '/html[1]/body[1]/div[1]/header[1]/div[2]/div[1]/div[2]/div[1]/div[1]/div[1]/nav[1]/ul[1]/li[1]/div[1]/div[2]/ul[1]/li[1]/a[1]']' not found)
	at com.kms.katalon.core.keyword.internal.KeywordMain.stepFailed(KeywordMain.groovy:36)
	at com.kms.katalon.core.webui.keyword.internal.WebUIKeywordMain.stepFailed(WebUIKeywordMain.groovy:65)
	at com.kms.katalon.core.webui.keyword.internal.WebUIKeywordMain.runKeyword(WebUIKeywordMain.groovy:27)
	at com.kms.katalon.core.webui.keyword.builtin.ClickKeyword.click(ClickKeyword.groovy:86)
	at com.kms.katalon.core.webui.keyword.builtin.ClickKeyword.execute(ClickKeyword.groovy:67)
	at com.kms.katalon.core.keyword.internal.KeywordExecutor.executeKeywordForPlatform(KeywordExecutor.groovy:53)
	at com.kms.katalon.core.webui.keyword.WebUiBuiltInKeywords.click(WebUiBuiltInKeywords.groovy:616)
	at com.kms.katalon.core.webui.keyword.WebUiBuiltInKeywords$click$4.call(Unknown Source)
	at CALL - PDP.run(CALL - PDP:55)
	at com.kms.katalon.core.main.ScriptEngine.run(ScriptEngine.java:194)
	at com.kms.katalon.core.main.ScriptEngine.runScriptAsRawText(ScriptEngine.java:119)
	at com.kms.katalon.core.main.TestCaseExecutor.runScript(TestCaseExecutor.java:328)
	at com.kms.katalon.core.main.TestCaseExecutor.doExecute(TestCaseExecutor.java:319)
	at com.kms.katalon.core.main.TestCaseExecutor.processExecutionPhase(TestCaseExecutor.java:298)
	at com.kms.katalon.core.main.TestCaseExecutor.accessMainPhase(TestCaseExecutor.java:290)
	at com.kms.katalon.core.main.TestCaseExecutor.execute(TestCaseExecutor.java:224)
	at com.kms.katalon.core.main.TestCaseMain.runTestCase(TestCaseMain.java:106)
	at com.kms.katalon.core.keyword.builtin.CallTestCaseKeyword$_callTestCase_closure1.doCall(CallTestCaseKeyword.groovy:59)
	at com.kms.katalon.core.keyword.builtin.CallTestCaseKeyword$_callTestCase_closure1.call(CallTestCaseKeyword.groovy)
	at com.kms.katalon.core.keyword.internal.KeywordMain.runKeyword(KeywordMain.groovy:54)
	at com.kms.katalon.core.keyword.builtin.CallTestCaseKeyword.callTestCase(CallTestCaseKeyword.groovy:80)
	at com.kms.katalon.core.keyword.builtin.CallTestCaseKeyword.execute(CallTestCaseKeyword.groovy:44)
	at com.kms.katalon.core.keyword.internal.KeywordExecutor.executeKeywordForPlatform(KeywordExecutor.groovy:53)
	at com.kms.katalon.core.keyword.BuiltinKeywords.callTestCase(BuiltinKeywords.groovy:334)
	at Shop all of our products.run(Shop all of our products:16)
	at com.kms.katalon.core.main.ScriptEngine.run(ScriptEngine.java:194)
	at com.kms.katalon.core.main.ScriptEngine.runScriptAsRawText(ScriptEngine.java:119)
	at com.kms.katalon.core.main.TestCaseExecutor.runScript(TestCaseExecutor.java:328)
	at com.kms.katalon.core.main.TestCaseExecutor.doExecute(TestCaseExecutor.java:319)
	at com.kms.katalon.core.main.TestCaseExecutor.processExecutionPhase(TestCaseExecutor.java:298)
	at com.kms.katalon.core.main.TestCaseExecutor.accessMainPhase(TestCaseExecutor.java:290)
	at com.kms.katalon.core.main.TestCaseExecutor.execute(TestCaseExecutor.java:224)
	at com.kms.katalon.core.main.TestSuiteExecutor.accessTestCaseMainPhase(TestSuiteExecutor.java:129)
	at com.kms.katalon.core.main.TestSuiteExecutor.accessTestSuiteMainPhase(TestSuiteExecutor.java:112)
	at com.kms.katalon.core.main.TestSuiteExecutor.execute(TestSuiteExecutor.java:81)
	at com.kms.katalon.core.main.TestCaseMain.startTestSuite(TestCaseMain.java:149)
	at com.kms.katalon.core.main.TestCaseMain$startTestSuite$0.call(Unknown Source)
	at TempTestSuite1561150248290.run(TempTestSuite1561150248290.groovy:36)


2019-06-21 17:12:35 - [TEST_STEP][FAILED] - callTestCase(findTestCase("OCS - MOBILE/CALL - PDP"), [:], STOP_ON_FAILURE): callTestCase(findTestCase("OCS - MOBILE/CALL - PDP"), [:], STOP_ON_FAILURE) FAILED.
Reason:
com.kms.katalon.core.exception.StepFailedException: Unable to click on object 'Object Repository/OCS-MOBILE /Age gate and burger menu/Dried Flower_Plus icon' (Root cause: com.kms.katalon.core.webui.exception.WebElementNotFoundException: Web element with id: 'Object Repository/OCS-MOBILE /Age gate and burger menu/Dried Flower_Plus icon' located by 'By.xpath: //i[@ xpath = '/html[1]/body[1]/div[1]/header[1]/div[2]/div[1]/div[2]/div[1]/div[1]/div[1]/nav[1]/ul[1]/li[1]/div[1]/div[2]/ul[1]/li[1]/a[1]']' not found)
	at com.kms.katalon.core.keyword.internal.KeywordMain.stepFailed(KeywordMain.groovy:36)
	at com.kms.katalon.core.webui.keyword.internal.WebUIKeywordMain.stepFailed(WebUIKeywordMain.groovy:65)
	at com.kms.katalon.core.webui.keyword.internal.WebUIKeywordMain.runKeyword(WebUIKeywordMain.groovy:27)
	at com.kms.katalon.core.webui.keyword.builtin.ClickKeyword.click(ClickKeyword.groovy:86)
	at com.kms.katalon.core.webui.keyword.builtin.ClickKeyword.execute(ClickKeyword.groovy:67)
	at com.kms.katalon.core.keyword.internal.KeywordExecutor.executeKeywordForPlatform(KeywordExecutor.groovy:53)
	at com.kms.katalon.core.webui.keyword.WebUiBuiltInKeywords.click(WebUiBuiltInKeywords.groovy:616)
	at com.kms.katalon.core.webui.keyword.WebUiBuiltInKeywords$click$4.call(Unknown Source)
	at CALL - PDP.run(CALL - PDP:55)
	at com.kms.katalon.core.main.ScriptEngine.run(ScriptEngine.java:194)
	at com.kms.katalon.core.main.ScriptEngine.runScriptAsRawText(ScriptEngine.java:119)
	at com.kms.katalon.core.main.TestCaseExecutor.runScript(TestCaseExecutor.java:328)
	at com.kms.katalon.core.main.TestCaseExecutor.doExecute(TestCaseExecutor.java:319)
	at com.kms.katalon.core.main.TestCaseExecutor.processExecutionPhase(TestCaseExecutor.java:298)
	at com.kms.katalon.core.main.TestCaseExecutor.accessMainPhase(TestCaseExecutor.java:290)
	at com.kms.katalon.core.main.TestCaseExecutor.execute(TestCaseExecutor.java:224)
	at com.kms.katalon.core.main.TestCaseMain.runTestCase(TestCaseMain.java:106)
	at com.kms.katalon.core.keyword.builtin.CallTestCaseKeyword$_callTestCase_closure1.doCall(CallTestCaseKeyword.groovy:59)
	at com.kms.katalon.core.keyword.builtin.CallTestCaseKeyword$_callTestCase_closure1.call(CallTestCaseKeyword.groovy)
	at com.kms.katalon.core.keyword.internal.KeywordMain.runKeyword(KeywordMain.groovy:54)
	at com.kms.katalon.core.keyword.builtin.CallTestCaseKeyword.callTestCase(CallTestCaseKeyword.groovy:80)
	at com.kms.katalon.core.keyword.builtin.CallTestCaseKeyword.execute(CallTestCaseKeyword.groovy:44)
	at com.kms.katalon.core.keyword.internal.KeywordExecutor.executeKeywordForPlatform(KeywordExecutor.groovy:53)
	at com.kms.katalon.core.keyword.BuiltinKeywords.callTestCase(BuiltinKeywords.groovy:334)
	at Shop all of our products.run(Shop all of our products:16)
	at com.kms.katalon.core.main.ScriptEngine.run(ScriptEngine.java:194)
	at com.kms.katalon.core.main.ScriptEngine.runScriptAsRawText(ScriptEngine.java:119)
	at com.kms.katalon.core.main.TestCaseExecutor.runScript(TestCaseExecutor.java:328)
	at com.kms.katalon.core.main.TestCaseExecutor.doExecute(TestCaseExecutor.java:319)
	at com.kms.katalon.core.main.TestCaseExecutor.processExecutionPhase(TestCaseExecutor.java:298)
	at com.kms.katalon.core.main.TestCaseExecutor.accessMainPhase(TestCaseExecutor.java:290)
	at com.kms.katalon.core.main.TestCaseExecutor.execute(TestCaseExecutor.java:224)
	at com.kms.katalon.core.main.TestSuiteExecutor.accessTestCaseMainPhase(TestSuiteExecutor.java:129)
	at com.kms.katalon.core.main.TestSuiteExecutor.accessTestSuiteMainPhase(TestSuiteExecutor.java:112)
	at com.kms.katalon.core.main.TestSuiteExecutor.execute(TestSuiteExecutor.java:81)
	at com.kms.katalon.core.main.TestCaseMain.startTestSuite(TestCaseMain.java:149)
	at com.kms.katalon.core.main.TestCaseMain$startTestSuite$0.call(Unknown Source)
	at TempTestSuite1561150248290.run(TempTestSuite1561150248290.groovy:36)


2019-06-21 17:12:35 - [TEST_CASE][FAILED] - Test Cases/OCS - MOBILE/CALL - PDP: Test Cases/OCS - MOBILE/CALL - PDP FAILED.
Reason:
com.kms.katalon.core.exception.StepFailedException: Unable to click on object 'Object Repository/OCS-MOBILE /Age gate and burger menu/Dried Flower_Plus icon' (Root cause: com.kms.katalon.core.webui.exception.WebElementNotFoundException: Web element with id: 'Object Repository/OCS-MOBILE /Age gate and burger menu/Dried Flower_Plus icon' located by 'By.xpath: //i[@ xpath = '/html[1]/body[1]/div[1]/header[1]/div[2]/div[1]/div[2]/div[1]/div[1]/div[1]/nav[1]/ul[1]/li[1]/div[1]/div[2]/ul[1]/li[1]/a[1]']' not found)
	at com.kms.katalon.core.keyword.internal.KeywordMain.stepFailed(KeywordMain.groovy:36)
	at com.kms.katalon.core.webui.keyword.internal.WebUIKeywordMain.stepFailed(WebUIKeywordMain.groovy:65)
	at com.kms.katalon.core.webui.keyword.internal.WebUIKeywordMain.runKeyword(WebUIKeywordMain.groovy:27)
	at com.kms.katalon.core.webui.keyword.builtin.ClickKeyword.click(ClickKeyword.groovy:86)
	at com.kms.katalon.core.webui.keyword.builtin.ClickKeyword.execute(ClickKeyword.groovy:67)
	at com.kms.katalon.core.keyword.internal.KeywordExecutor.executeKeywordForPlatform(KeywordExecutor.groovy:53)
	at com.kms.katalon.core.webui.keyword.WebUiBuiltInKeywords.click(WebUiBuiltInKeywords.groovy:616)
	at com.kms.katalon.core.webui.keyword.WebUiBuiltInKeywords$click$4.call(Unknown Source)
	at CALL - PDP.run(CALL - PDP:55)
	at com.kms.katalon.core.main.ScriptEngine.run(ScriptEngine.java:194)
	at com.kms.katalon.core.main.ScriptEngine.runScriptAsRawText(ScriptEngine.java:119)
	at com.kms.katalon.core.main.TestCaseExecutor.runScript(TestCaseExecutor.java:328)
	at com.kms.katalon.core.main.TestCaseExecutor.doExecute(TestCaseExecutor.java:319)
	at com.kms.katalon.core.main.TestCaseExecutor.processExecutionPhase(TestCaseExecutor.java:298)
	at com.kms.katalon.core.main.TestCaseExecutor.accessMainPhase(TestCaseExecutor.java:290)
	at com.kms.katalon.core.main.TestCaseExecutor.execute(TestCaseExecutor.java:224)
	at com.kms.katalon.core.main.TestCaseMain.runTestCase(TestCaseMain.java:106)
	at com.kms.katalon.core.keyword.builtin.CallTestCaseKeyword$_callTestCase_closure1.doCall(CallTestCaseKeyword.groovy:59)
	at com.kms.katalon.core.keyword.builtin.CallTestCaseKeyword$_callTestCase_closure1.call(CallTestCaseKeyword.groovy)
	at com.kms.katalon.core.keyword.internal.KeywordMain.runKeyword(KeywordMain.groovy:54)
	at com.kms.katalon.core.keyword.builtin.CallTestCaseKeyword.callTestCase(CallTestCaseKeyword.groovy:80)
	at com.kms.katalon.core.keyword.builtin.CallTestCaseKeyword.execute(CallTestCaseKeyword.groovy:44)
	at com.kms.katalon.core.keyword.internal.KeywordExecutor.executeKeywordForPlatform(KeywordExecutor.groovy:53)
	at com.kms.katalon.core.keyword.BuiltinKeywords.callTestCase(BuiltinKeywords.groovy:334)
	at Shop all of our products.run(Shop all of our products:16)
	at com.kms.katalon.core.main.ScriptEngine.run(ScriptEngine.java:194)
	at com.kms.katalon.core.main.ScriptEngine.runScriptAsRawText(ScriptEngine.java:119)
	at com.kms.katalon.core.main.TestCaseExecutor.runScript(TestCaseExecutor.java:328)
	at com.kms.katalon.core.main.TestCaseExecutor.doExecute(TestCaseExecutor.java:319)
	at com.kms.katalon.core.main.TestCaseExecutor.processExecutionPhase(TestCaseExecutor.java:298)
	at com.kms.katalon.core.main.TestCaseExecutor.accessMainPhase(TestCaseExecutor.java:290)
	at com.kms.katalon.core.main.TestCaseExecutor.execute(TestCaseExecutor.java:224)
	at com.kms.katalon.core.main.TestSuiteExecutor.accessTestCaseMainPhase(TestSuiteExecutor.java:129)
	at com.kms.katalon.core.main.TestSuiteExecutor.accessTestSuiteMainPhase(TestSuiteExecutor.java:112)
	at com.kms.katalon.core.main.TestSuiteExecutor.execute(TestSuiteExecutor.java:81)
	at com.kms.katalon.core.main.TestCaseMain.startTestSuite(TestCaseMain.java:149)
	at com.kms.katalon.core.main.TestCaseMain$startTestSuite$0.call(Unknown Source)
	at TempTestSuite1561150248290.run(TempTestSuite1561150248290.groovy:36)


2019-06-21 17:12:35 - [TEST_STEP][PASSED] - openBrowser(""): Browser is opened with url: ''

2019-06-21 17:12:35 - [MESSAGE][WARNING] - A browser is already opened. Closing browser and opening a new one

2019-06-21 17:12:35 - [MESSAGE][INFO] - Starting 'Chrome' driver

2019-06-21 17:12:36 - [MESSAGE][PASSED] - Browser is opened with url: ''

2019-06-21 17:12:36 - [TEST_STEP][PASSED] - navigateToUrl("https://ocs.ca/?fts=0&preview_theme_id=74057975628"): Navigate to 'https://ocs.ca/?fts=0&preview_theme_id=74057975628' successfully

2019-06-21 17:12:41 - [MESSAGE][PASSED] - Navigate to 'https://ocs.ca/?fts=0&preview_theme_id=74057975628' successfully

2019-06-21 17:12:41 - [TEST_STEP][PASSED] - executeJavaScript("var previewBar = document.getElementById("preview-bar-iframe"); previewBar.style.display = "none";", []): Execute JavaScript 'var previewBar = document.getElementById("preview-bar-iframe"); previewBar.style.display = "none";' successfully

2019-06-21 17:12:41 - [MESSAGE][PASSED] - Execute JavaScript 'var previewBar = document.getElementById("preview-bar-iframe"); previewBar.style.display = "none";' successfully

2019-06-21 17:12:41 - [TEST_STEP][PASSED] - setViewPortSize(360, 800): Viewport is set to new size with width = 360 and height = 800

2019-06-21 17:12:41 - [MESSAGE][PASSED] - Viewport is set to new size with width = 360 and height = 800

2019-06-21 17:12:41 - [TEST_STEP][PASSED] - delay(4): Delayed 4 second(s)

2019-06-21 17:12:45 - [MESSAGE][PASSED] - Delayed 4 second(s)

2019-06-21 17:12:45 - [TEST_STEP][PASSED] - selectOptionByValue(findTestObject("OCS-MOBILE /Age gate and burger menu/Date"), "12", true): All options with value '12' are selected in object 'Object Repository/OCS-MOBILE /Age gate and burger menu/Date'  using regular expression

2019-06-21 17:12:46 - [MESSAGE][PASSED] - All options with value '12' are selected in object 'Object Repository/OCS-MOBILE /Age gate and burger menu/Date'  using regular expression

2019-06-21 17:12:46 - [TEST_STEP][PASSED] - selectOptionByValue(findTestObject("OCS-MOBILE /Age gate and burger menu/month"), "6", true): All options with value '6' are selected in object 'Object Repository/OCS-MOBILE /Age gate and burger menu/month'  using regular expression

2019-06-21 17:12:46 - [MESSAGE][PASSED] - All options with value '6' are selected in object 'Object Repository/OCS-MOBILE /Age gate and burger menu/month'  using regular expression

2019-06-21 17:12:46 - [TEST_STEP][PASSED] - delay(2): Delayed 2 second(s)

2019-06-21 17:12:48 - [MESSAGE][PASSED] - Delayed 2 second(s)

2019-06-21 17:12:48 - [TEST_STEP][PASSED] - selectOptionByValue(findTestObject("OCS-MOBILE /Age gate and burger menu/Year Dropdown"), "1990", true): All options with value '1990' are selected in object 'Object Repository/OCS-MOBILE /Age gate and burger menu/Year Dropdown'  using regular expression

2019-06-21 17:12:49 - [MESSAGE][PASSED] - All options with value '1990' are selected in object 'Object Repository/OCS-MOBILE /Age gate and burger menu/Year Dropdown'  using regular expression

2019-06-21 17:12:49 - [TEST_STEP][PASSED] - click(findTestObject("OCS-MOBILE /Age gate and Mega menu/button_Verify")): Object: 'Object Repository/OCS-MOBILE /Age gate and Mega menu/button_Verify' is clicked on

2019-06-21 17:12:49 - [MESSAGE][PASSED] - Object: 'Object Repository/OCS-MOBILE /Age gate and Mega menu/button_Verify' is clicked on

2019-06-21 17:12:49 - [TEST_STEP][PASSED] - click(findTestObject("OCS-MOBILE /Age gate and Mega menu/Checkbox_CONFIRM AND ACKNOWLEDGE")): Object: 'Object Repository/OCS-MOBILE /Age gate and Mega menu/Checkbox_CONFIRM AND ACKNOWLEDGE' is clicked on

2019-06-21 17:12:49 - [MESSAGE][PASSED] - Object: 'Object Repository/OCS-MOBILE /Age gate and Mega menu/Checkbox_CONFIRM AND ACKNOWLEDGE' is clicked on

2019-06-21 17:12:49 - [TEST_STEP][PASSED] - click(findTestObject("OCS-MOBILE /Age gate and Mega menu/button_CONFIRM")): Object: 'Object Repository/OCS-MOBILE /Age gate and Mega menu/button_CONFIRM' is clicked on

2019-06-21 17:12:49 - [MESSAGE][PASSED] - Object: 'Object Repository/OCS-MOBILE /Age gate and Mega menu/button_CONFIRM' is clicked on

2019-06-21 17:12:49 - [TEST_STEP][PASSED] - click(findTestObject("OCS-MOBILE /Age gate and Mega menu/button_Start Browsing")): Object: 'Object Repository/OCS-MOBILE /Age gate and Mega menu/button_Start Browsing' is clicked on

2019-06-21 17:12:49 - [MESSAGE][PASSED] - Object: 'Object Repository/OCS-MOBILE /Age gate and Mega menu/button_Start Browsing' is clicked on

2019-06-21 17:12:49 - [TEST_STEP][PASSED] - refresh(): Refresh successfully

2019-06-21 17:12:49 - [MESSAGE][PASSED] - Refresh successfully

2019-06-21 17:12:49 - [TEST_STEP][PASSED] - delay(2): Delayed 2 second(s)

2019-06-21 17:12:51 - [MESSAGE][PASSED] - Delayed 2 second(s)

2019-06-21 17:12:51 - [TEST_STEP][PASSED] - click(findTestObject("OCS-MOBILE /Age gate and burger menu/Burger menu - English")): Object: 'Object Repository/OCS-MOBILE /Age gate and burger menu/Burger menu - English' is clicked on

2019-06-21 17:12:53 - [MESSAGE][PASSED] - Object: 'Object Repository/OCS-MOBILE /Age gate and burger menu/Burger menu - English' is clicked on

2019-06-21 17:12:53 - [TEST_STEP][PASSED] - delay(2): Delayed 2 second(s)

2019-06-21 17:12:55 - [MESSAGE][PASSED] - Delayed 2 second(s)

2019-06-21 17:12:55 - [TEST_STEP][PASSED] - click(findTestObject("OCS-MOBILE /Age gate and burger menu/Chevron_Cannabis")): Object: 'Object Repository/OCS-MOBILE /Age gate and burger menu/Chevron_Cannabis' is clicked on

2019-06-21 17:12:55 - [MESSAGE][PASSED] - Object: 'Object Repository/OCS-MOBILE /Age gate and burger menu/Chevron_Cannabis' is clicked on

2019-06-21 17:12:55 - [TEST_STEP][PASSED] - delay(2): Delayed 2 second(s)

2019-06-21 17:12:57 - [MESSAGE][PASSED] - Delayed 2 second(s)

2019-06-21 17:12:57 - [TEST_STEP][FAILED] - click(findTestObject("OCS-MOBILE /Age gate and burger menu/Dried Flower_Plus icon")): click(findTestObject("OCS-MOBILE /Age gate and burger menu/Dried Flower_Plus icon")) FAILED.
Reason:
com.kms.katalon.core.exception.StepFailedException: Unable to click on object 'Object Repository/OCS-MOBILE /Age gate and burger menu/Dried Flower_Plus icon' (Root cause: com.kms.katalon.core.webui.exception.WebElementNotFoundException: Web element with id: 'Object Repository/OCS-MOBILE /Age gate and burger menu/Dried Flower_Plus icon' located by 'By.xpath: //i[@ xpath = '/html[1]/body[1]/div[1]/header[1]/div[2]/div[1]/div[2]/div[1]/div[1]/div[1]/nav[1]/ul[1]/li[1]/div[1]/div[2]/ul[1]/li[1]/a[1]']' not found)
	at com.kms.katalon.core.keyword.internal.KeywordMain.stepFailed(KeywordMain.groovy:36)
	at com.kms.katalon.core.webui.keyword.internal.WebUIKeywordMain.stepFailed(WebUIKeywordMain.groovy:65)
	at com.kms.katalon.core.webui.keyword.internal.WebUIKeywordMain.runKeyword(WebUIKeywordMain.groovy:27)
	at com.kms.katalon.core.webui.keyword.builtin.ClickKeyword.click(ClickKeyword.groovy:86)
	at com.kms.katalon.core.webui.keyword.builtin.ClickKeyword.execute(ClickKeyword.groovy:67)
	at com.kms.katalon.core.keyword.internal.KeywordExecutor.executeKeywordForPlatform(KeywordExecutor.groovy:53)
	at com.kms.katalon.core.webui.keyword.WebUiBuiltInKeywords.click(WebUiBuiltInKeywords.groovy:616)
	at com.kms.katalon.core.webui.keyword.WebUiBuiltInKeywords$click$4.call(Unknown Source)
	at CALL - PDP.run(CALL - PDP:55)
	at com.kms.katalon.core.main.ScriptEngine.run(ScriptEngine.java:194)
	at com.kms.katalon.core.main.ScriptEngine.runScriptAsRawText(ScriptEngine.java:119)
	at com.kms.katalon.core.main.TestCaseExecutor.runScript(TestCaseExecutor.java:328)
	at com.kms.katalon.core.main.TestCaseExecutor.doExecute(TestCaseExecutor.java:319)
	at com.kms.katalon.core.main.TestCaseExecutor.processExecutionPhase(TestCaseExecutor.java:298)
	at com.kms.katalon.core.main.TestCaseExecutor.accessMainPhase(TestCaseExecutor.java:290)
	at com.kms.katalon.core.main.TestCaseExecutor.execute(TestCaseExecutor.java:224)
	at com.kms.katalon.core.main.TestCaseMain.runTestCase(TestCaseMain.java:106)
	at com.kms.katalon.core.keyword.builtin.CallTestCaseKeyword$_callTestCase_closure1.doCall(CallTestCaseKeyword.groovy:59)
	at com.kms.katalon.core.keyword.builtin.CallTestCaseKeyword$_callTestCase_closure1.call(CallTestCaseKeyword.groovy)
	at com.kms.katalon.core.keyword.internal.KeywordMain.runKeyword(KeywordMain.groovy:54)
	at com.kms.katalon.core.keyword.builtin.CallTestCaseKeyword.callTestCase(CallTestCaseKeyword.groovy:80)
	at com.kms.katalon.core.keyword.builtin.CallTestCaseKeyword.execute(CallTestCaseKeyword.groovy:44)
	at com.kms.katalon.core.keyword.internal.KeywordExecutor.executeKeywordForPlatform(KeywordExecutor.groovy:53)
	at com.kms.katalon.core.keyword.BuiltinKeywords.callTestCase(BuiltinKeywords.groovy:334)
	at Shop all of our products.run(Shop all of our products:16)
	at com.kms.katalon.core.main.ScriptEngine.run(ScriptEngine.java:194)
	at com.kms.katalon.core.main.ScriptEngine.runScriptAsRawText(ScriptEngine.java:119)
	at com.kms.katalon.core.main.TestCaseExecutor.runScript(TestCaseExecutor.java:328)
	at com.kms.katalon.core.main.TestCaseExecutor.doExecute(TestCaseExecutor.java:319)
	at com.kms.katalon.core.main.TestCaseExecutor.processExecutionPhase(TestCaseExecutor.java:298)
	at com.kms.katalon.core.main.TestCaseExecutor.accessMainPhase(TestCaseExecutor.java:290)
	at com.kms.katalon.core.main.TestCaseExecutor.execute(TestCaseExecutor.java:224)
	at com.kms.katalon.core.main.TestSuiteExecutor.accessTestCaseMainPhase(TestSuiteExecutor.java:129)
	at com.kms.katalon.core.main.TestSuiteExecutor.accessTestSuiteMainPhase(TestSuiteExecutor.java:112)
	at com.kms.katalon.core.main.TestSuiteExecutor.execute(TestSuiteExecutor.java:81)
	at com.kms.katalon.core.main.TestCaseMain.startTestSuite(TestCaseMain.java:149)
	at com.kms.katalon.core.main.TestCaseMain$startTestSuite$0.call(Unknown Source)
	at TempTestSuite1561150248290.run(TempTestSuite1561150248290.groovy:36)


2019-06-21 17:13:28 - [MESSAGE][INFO] - Unable to find the element located by 'By.xpath: //i[@ xpath = '/html[1]/body[1]/div[1]/header[1]/div[2]/div[1]/div[2]/div[1]/div[1]/div[1]/nav[1]/ul[1]/li[1]/div[1]/div[2]/ul[1]/li[1]/a[1]']'. Please recheck the objects properties to make sure the desired element is located. 

2019-06-21 17:13:28 - [MESSAGE][FAILED] - Unable to click on object 'Object Repository/OCS-MOBILE /Age gate and burger menu/Dried Flower_Plus icon' (Root cause: com.kms.katalon.core.webui.exception.WebElementNotFoundException: Web element with id: 'Object Repository/OCS-MOBILE /Age gate and burger menu/Dried Flower_Plus icon' located by 'By.xpath: //i[@ xpath = '/html[1]/body[1]/div[1]/header[1]/div[2]/div[1]/div[2]/div[1]/div[1]/div[1]/nav[1]/ul[1]/li[1]/div[1]/div[2]/ul[1]/li[1]/a[1]']' not found)
[[ATTACHMENT|/Users/sumankompelly/Relative xpath-Mobile/Reports/OCS - 1.11.0/20190621_165048/1561151608065.png]]

2019-06-21 17:13:28 - [MESSAGE][FAILED] - click(findTestObject("OCS-MOBILE /Age gate and burger menu/Dried Flower_Plus icon")) FAILED.
Reason:
com.kms.katalon.core.exception.StepFailedException: Unable to click on object 'Object Repository/OCS-MOBILE /Age gate and burger menu/Dried Flower_Plus icon' (Root cause: com.kms.katalon.core.webui.exception.WebElementNotFoundException: Web element with id: 'Object Repository/OCS-MOBILE /Age gate and burger menu/Dried Flower_Plus icon' located by 'By.xpath: //i[@ xpath = '/html[1]/body[1]/div[1]/header[1]/div[2]/div[1]/div[2]/div[1]/div[1]/div[1]/nav[1]/ul[1]/li[1]/div[1]/div[2]/ul[1]/li[1]/a[1]']' not found)
	at com.kms.katalon.core.keyword.internal.KeywordMain.stepFailed(KeywordMain.groovy:36)
	at com.kms.katalon.core.webui.keyword.internal.WebUIKeywordMain.stepFailed(WebUIKeywordMain.groovy:65)
	at com.kms.katalon.core.webui.keyword.internal.WebUIKeywordMain.runKeyword(WebUIKeywordMain.groovy:27)
	at com.kms.katalon.core.webui.keyword.builtin.ClickKeyword.click(ClickKeyword.groovy:86)
	at com.kms.katalon.core.webui.keyword.builtin.ClickKeyword.execute(ClickKeyword.groovy:67)
	at com.kms.katalon.core.keyword.internal.KeywordExecutor.executeKeywordForPlatform(KeywordExecutor.groovy:53)
	at com.kms.katalon.core.webui.keyword.WebUiBuiltInKeywords.click(WebUiBuiltInKeywords.groovy:616)
	at com.kms.katalon.core.webui.keyword.WebUiBuiltInKeywords$click$4.call(Unknown Source)
	at CALL - PDP.run(CALL - PDP:55)
	at com.kms.katalon.core.main.ScriptEngine.run(ScriptEngine.java:194)
	at com.kms.katalon.core.main.ScriptEngine.runScriptAsRawText(ScriptEngine.java:119)
	at com.kms.katalon.core.main.TestCaseExecutor.runScript(TestCaseExecutor.java:328)
	at com.kms.katalon.core.main.TestCaseExecutor.doExecute(TestCaseExecutor.java:319)
	at com.kms.katalon.core.main.TestCaseExecutor.processExecutionPhase(TestCaseExecutor.java:298)
	at com.kms.katalon.core.main.TestCaseExecutor.accessMainPhase(TestCaseExecutor.java:290)
	at com.kms.katalon.core.main.TestCaseExecutor.execute(TestCaseExecutor.java:224)
	at com.kms.katalon.core.main.TestCaseMain.runTestCase(TestCaseMain.java:106)
	at com.kms.katalon.core.keyword.builtin.CallTestCaseKeyword$_callTestCase_closure1.doCall(CallTestCaseKeyword.groovy:59)
	at com.kms.katalon.core.keyword.builtin.CallTestCaseKeyword$_callTestCase_closure1.call(CallTestCaseKeyword.groovy)
	at com.kms.katalon.core.keyword.internal.KeywordMain.runKeyword(KeywordMain.groovy:54)
	at com.kms.katalon.core.keyword.builtin.CallTestCaseKeyword.callTestCase(CallTestCaseKeyword.groovy:80)
	at com.kms.katalon.core.keyword.builtin.CallTestCaseKeyword.execute(CallTestCaseKeyword.groovy:44)
	at com.kms.katalon.core.keyword.internal.KeywordExecutor.executeKeywordForPlatform(KeywordExecutor.groovy:53)
	at com.kms.katalon.core.keyword.BuiltinKeywords.callTestCase(BuiltinKeywords.groovy:334)
	at Shop all of our products.run(Shop all of our products:16)
	at com.kms.katalon.core.main.ScriptEngine.run(ScriptEngine.java:194)
	at com.kms.katalon.core.main.ScriptEngine.runScriptAsRawText(ScriptEngine.java:119)
	at com.kms.katalon.core.main.TestCaseExecutor.runScript(TestCaseExecutor.java:328)
	at com.kms.katalon.core.main.TestCaseExecutor.doExecute(TestCaseExecutor.java:319)
	at com.kms.katalon.core.main.TestCaseExecutor.processExecutionPhase(TestCaseExecutor.java:298)
	at com.kms.katalon.core.main.TestCaseExecutor.accessMainPhase(TestCaseExecutor.java:290)
	at com.kms.katalon.core.main.TestCaseExecutor.execute(TestCaseExecutor.java:224)
	at com.kms.katalon.core.main.TestSuiteExecutor.accessTestCaseMainPhase(TestSuiteExecutor.java:129)
	at com.kms.katalon.core.main.TestSuiteExecutor.accessTestSuiteMainPhase(TestSuiteExecutor.java:112)
	at com.kms.katalon.core.main.TestSuiteExecutor.execute(TestSuiteExecutor.java:81)
	at com.kms.katalon.core.main.TestCaseMain.startTestSuite(TestCaseMain.java:149)
	at com.kms.katalon.core.main.TestCaseMain$startTestSuite$0.call(Unknown Source)
	at TempTestSuite1561150248290.run(TempTestSuite1561150248290.groovy:36)


2019-06-21 17:13:28 - [MESSAGE][FAILED] - Unable to call Test Case 'Test Cases/OCS - MOBILE/CALL - PDP' (Root cause: com.kms.katalon.core.exception.StepFailedException: Call Test Case 'Test Cases/OCS - MOBILE/CALL - PDP' failed)

2019-06-21 17:13:28 - [MESSAGE][FAILED] - callTestCase(findTestCase("OCS - MOBILE/CALL - PDP"), [:], STOP_ON_FAILURE) FAILED.
Reason:
com.kms.katalon.core.exception.StepFailedException: Unable to click on object 'Object Repository/OCS-MOBILE /Age gate and burger menu/Dried Flower_Plus icon' (Root cause: com.kms.katalon.core.webui.exception.WebElementNotFoundException: Web element with id: 'Object Repository/OCS-MOBILE /Age gate and burger menu/Dried Flower_Plus icon' located by 'By.xpath: //i[@ xpath = '/html[1]/body[1]/div[1]/header[1]/div[2]/div[1]/div[2]/div[1]/div[1]/div[1]/nav[1]/ul[1]/li[1]/div[1]/div[2]/ul[1]/li[1]/a[1]']' not found)
	at com.kms.katalon.core.keyword.internal.KeywordMain.stepFailed(KeywordMain.groovy:36)
	at com.kms.katalon.core.webui.keyword.internal.WebUIKeywordMain.stepFailed(WebUIKeywordMain.groovy:65)
	at com.kms.katalon.core.webui.keyword.internal.WebUIKeywordMain.runKeyword(WebUIKeywordMain.groovy:27)
	at com.kms.katalon.core.webui.keyword.builtin.ClickKeyword.click(ClickKeyword.groovy:86)
	at com.kms.katalon.core.webui.keyword.builtin.ClickKeyword.execute(ClickKeyword.groovy:67)
	at com.kms.katalon.core.keyword.internal.KeywordExecutor.executeKeywordForPlatform(KeywordExecutor.groovy:53)
	at com.kms.katalon.core.webui.keyword.WebUiBuiltInKeywords.click(WebUiBuiltInKeywords.groovy:616)
	at com.kms.katalon.core.webui.keyword.WebUiBuiltInKeywords$click$4.call(Unknown Source)
	at CALL - PDP.run(CALL - PDP:55)
	at com.kms.katalon.core.main.ScriptEngine.run(ScriptEngine.java:194)
	at com.kms.katalon.core.main.ScriptEngine.runScriptAsRawText(ScriptEngine.java:119)
	at com.kms.katalon.core.main.TestCaseExecutor.runScript(TestCaseExecutor.java:328)
	at com.kms.katalon.core.main.TestCaseExecutor.doExecute(TestCaseExecutor.java:319)
	at com.kms.katalon.core.main.TestCaseExecutor.processExecutionPhase(TestCaseExecutor.java:298)
	at com.kms.katalon.core.main.TestCaseExecutor.accessMainPhase(TestCaseExecutor.java:290)
	at com.kms.katalon.core.main.TestCaseExecutor.execute(TestCaseExecutor.java:224)
	at com.kms.katalon.core.main.TestCaseMain.runTestCase(TestCaseMain.java:106)
	at com.kms.katalon.core.keyword.builtin.CallTestCaseKeyword$_callTestCase_closure1.doCall(CallTestCaseKeyword.groovy:59)
	at com.kms.katalon.core.keyword.builtin.CallTestCaseKeyword$_callTestCase_closure1.call(CallTestCaseKeyword.groovy)
	at com.kms.katalon.core.keyword.internal.KeywordMain.runKeyword(KeywordMain.groovy:54)
	at com.kms.katalon.core.keyword.builtin.CallTestCaseKeyword.callTestCase(CallTestCaseKeyword.groovy:80)
	at com.kms.katalon.core.keyword.builtin.CallTestCaseKeyword.execute(CallTestCaseKeyword.groovy:44)
	at com.kms.katalon.core.keyword.internal.KeywordExecutor.executeKeywordForPlatform(KeywordExecutor.groovy:53)
	at com.kms.katalon.core.keyword.BuiltinKeywords.callTestCase(BuiltinKeywords.groovy:334)
	at Shop all of our products.run(Shop all of our products:16)
	at com.kms.katalon.core.main.ScriptEngine.run(ScriptEngine.java:194)
	at com.kms.katalon.core.main.ScriptEngine.runScriptAsRawText(ScriptEngine.java:119)
	at com.kms.katalon.core.main.TestCaseExecutor.runScript(TestCaseExecutor.java:328)
	at com.kms.katalon.core.main.TestCaseExecutor.doExecute(TestCaseExecutor.java:319)
	at com.kms.katalon.core.main.TestCaseExecutor.processExecutionPhase(TestCaseExecutor.java:298)
	at com.kms.katalon.core.main.TestCaseExecutor.accessMainPhase(TestCaseExecutor.java:290)
	at com.kms.katalon.core.main.TestCaseExecutor.execute(TestCaseExecutor.java:224)
	at com.kms.katalon.core.main.TestSuiteExecutor.accessTestCaseMainPhase(TestSuiteExecutor.java:129)
	at com.kms.katalon.core.main.TestSuiteExecutor.accessTestSuiteMainPhase(TestSuiteExecutor.java:112)
	at com.kms.katalon.core.main.TestSuiteExecutor.execute(TestSuiteExecutor.java:81)
	at com.kms.katalon.core.main.TestCaseMain.startTestSuite(TestCaseMain.java:149)
	at com.kms.katalon.core.main.TestCaseMain$startTestSuite$0.call(Unknown Source)
	at TempTestSuite1561150248290.run(TempTestSuite1561150248290.groovy:36)]]></system-out>
         <system-err><![CDATA[2019-06-21 17:12:35 - [TEST_CASE][FAILED] - Test Cases/OCS - MOBILE/OCS- PRODUCT PAGE/Shop all of our products: Test Cases/OCS - MOBILE/OCS- PRODUCT PAGE/Shop all of our products FAILED.
Reason:
com.kms.katalon.core.exception.StepFailedException: Unable to click on object 'Object Repository/OCS-MOBILE /Age gate and burger menu/Dried Flower_Plus icon' (Root cause: com.kms.katalon.core.webui.exception.WebElementNotFoundException: Web element with id: 'Object Repository/OCS-MOBILE /Age gate and burger menu/Dried Flower_Plus icon' located by 'By.xpath: //i[@ xpath = '/html[1]/body[1]/div[1]/header[1]/div[2]/div[1]/div[2]/div[1]/div[1]/div[1]/nav[1]/ul[1]/li[1]/div[1]/div[2]/ul[1]/li[1]/a[1]']' not found)
	at com.kms.katalon.core.keyword.internal.KeywordMain.stepFailed(KeywordMain.groovy:36)
	at com.kms.katalon.core.webui.keyword.internal.WebUIKeywordMain.stepFailed(WebUIKeywordMain.groovy:65)
	at com.kms.katalon.core.webui.keyword.internal.WebUIKeywordMain.runKeyword(WebUIKeywordMain.groovy:27)
	at com.kms.katalon.core.webui.keyword.builtin.ClickKeyword.click(ClickKeyword.groovy:86)
	at com.kms.katalon.core.webui.keyword.builtin.ClickKeyword.execute(ClickKeyword.groovy:67)
	at com.kms.katalon.core.keyword.internal.KeywordExecutor.executeKeywordForPlatform(KeywordExecutor.groovy:53)
	at com.kms.katalon.core.webui.keyword.WebUiBuiltInKeywords.click(WebUiBuiltInKeywords.groovy:616)
	at com.kms.katalon.core.webui.keyword.WebUiBuiltInKeywords$click$4.call(Unknown Source)
	at CALL - PDP.run(CALL - PDP:55)
	at com.kms.katalon.core.main.ScriptEngine.run(ScriptEngine.java:194)
	at com.kms.katalon.core.main.ScriptEngine.runScriptAsRawText(ScriptEngine.java:119)
	at com.kms.katalon.core.main.TestCaseExecutor.runScript(TestCaseExecutor.java:328)
	at com.kms.katalon.core.main.TestCaseExecutor.doExecute(TestCaseExecutor.java:319)
	at com.kms.katalon.core.main.TestCaseExecutor.processExecutionPhase(TestCaseExecutor.java:298)
	at com.kms.katalon.core.main.TestCaseExecutor.accessMainPhase(TestCaseExecutor.java:290)
	at com.kms.katalon.core.main.TestCaseExecutor.execute(TestCaseExecutor.java:224)
	at com.kms.katalon.core.main.TestCaseMain.runTestCase(TestCaseMain.java:106)
	at com.kms.katalon.core.keyword.builtin.CallTestCaseKeyword$_callTestCase_closure1.doCall(CallTestCaseKeyword.groovy:59)
	at com.kms.katalon.core.keyword.builtin.CallTestCaseKeyword$_callTestCase_closure1.call(CallTestCaseKeyword.groovy)
	at com.kms.katalon.core.keyword.internal.KeywordMain.runKeyword(KeywordMain.groovy:54)
	at com.kms.katalon.core.keyword.builtin.CallTestCaseKeyword.callTestCase(CallTestCaseKeyword.groovy:80)
	at com.kms.katalon.core.keyword.builtin.CallTestCaseKeyword.execute(CallTestCaseKeyword.groovy:44)
	at com.kms.katalon.core.keyword.internal.KeywordExecutor.executeKeywordForPlatform(KeywordExecutor.groovy:53)
	at com.kms.katalon.core.keyword.BuiltinKeywords.callTestCase(BuiltinKeywords.groovy:334)
	at Shop all of our products.run(Shop all of our products:16)
	at com.kms.katalon.core.main.ScriptEngine.run(ScriptEngine.java:194)
	at com.kms.katalon.core.main.ScriptEngine.runScriptAsRawText(ScriptEngine.java:119)
	at com.kms.katalon.core.main.TestCaseExecutor.runScript(TestCaseExecutor.java:328)
	at com.kms.katalon.core.main.TestCaseExecutor.doExecute(TestCaseExecutor.java:319)
	at com.kms.katalon.core.main.TestCaseExecutor.processExecutionPhase(TestCaseExecutor.java:298)
	at com.kms.katalon.core.main.TestCaseExecutor.accessMainPhase(TestCaseExecutor.java:290)
	at com.kms.katalon.core.main.TestCaseExecutor.execute(TestCaseExecutor.java:224)
	at com.kms.katalon.core.main.TestSuiteExecutor.accessTestCaseMainPhase(TestSuiteExecutor.java:129)
	at com.kms.katalon.core.main.TestSuiteExecutor.accessTestSuiteMainPhase(TestSuiteExecutor.java:112)
	at com.kms.katalon.core.main.TestSuiteExecutor.execute(TestSuiteExecutor.java:81)
	at com.kms.katalon.core.main.TestCaseMain.startTestSuite(TestCaseMain.java:149)
	at com.kms.katalon.core.main.TestCaseMain$startTestSuite$0.call(Unknown Source)
	at TempTestSuite1561150248290.run(TempTestSuite1561150248290.groovy:36)]]></system-err>
      </testcase>
      <testcase name="Test Cases/OCS - MOBILE/OCS- PRODUCT PAGE/Tooltip" classname="Test Cases/OCS - MOBILE/OCS- PRODUCT PAGE/Tooltip" status="FAILED">
         <failure type="FAILED" message="Test Cases/OCS - MOBILE/OCS- PRODUCT PAGE/Tooltip FAILED.
Reason:
com.kms.katalon.core.exception.StepFailedException: Unable to click on object 'Object Repository/OCS-MOBILE /Age gate and burger menu/Dried Flower_Plus icon' (Root cause: com.kms.katalon.core.webui.exception.WebElementNotFoundException: Web element with id: 'Object Repository/OCS-MOBILE /Age gate and burger menu/Dried Flower_Plus icon' located by 'By.xpath: //i[@ xpath = '/html[1]/body[1]/div[1]/header[1]/div[2]/div[1]/div[2]/div[1]/div[1]/div[1]/nav[1]/ul[1]/li[1]/div[1]/div[2]/ul[1]/li[1]/a[1]']' not found)
	at com.kms.katalon.core.keyword.internal.KeywordMain.stepFailed(KeywordMain.groovy:36)
	at com.kms.katalon.core.webui.keyword.internal.WebUIKeywordMain.stepFailed(WebUIKeywordMain.groovy:65)
	at com.kms.katalon.core.webui.keyword.internal.WebUIKeywordMain.runKeyword(WebUIKeywordMain.groovy:27)
	at com.kms.katalon.core.webui.keyword.builtin.ClickKeyword.click(ClickKeyword.groovy:86)
	at com.kms.katalon.core.webui.keyword.builtin.ClickKeyword.execute(ClickKeyword.groovy:67)
	at com.kms.katalon.core.keyword.internal.KeywordExecutor.executeKeywordForPlatform(KeywordExecutor.groovy:53)
	at com.kms.katalon.core.webui.keyword.WebUiBuiltInKeywords.click(WebUiBuiltInKeywords.groovy:616)
	at com.kms.katalon.core.webui.keyword.WebUiBuiltInKeywords$click$4.call(Unknown Source)
	at CALL - PDP.run(CALL - PDP:55)
	at com.kms.katalon.core.main.ScriptEngine.run(ScriptEngine.java:194)
	at com.kms.katalon.core.main.ScriptEngine.runScriptAsRawText(ScriptEngine.java:119)
	at com.kms.katalon.core.main.TestCaseExecutor.runScript(TestCaseExecutor.java:328)
	at com.kms.katalon.core.main.TestCaseExecutor.doExecute(TestCaseExecutor.java:319)
	at com.kms.katalon.core.main.TestCaseExecutor.processExecutionPhase(TestCaseExecutor.java:298)
	at com.kms.katalon.core.main.TestCaseExecutor.accessMainPhase(TestCaseExecutor.java:290)
	at com.kms.katalon.core.main.TestCaseExecutor.execute(TestCaseExecutor.java:224)
	at com.kms.katalon.core.main.TestCaseMain.runTestCase(TestCaseMain.java:106)
	at com.kms.katalon.core.keyword.builtin.CallTestCaseKeyword$_callTestCase_closure1.doCall(CallTestCaseKeyword.groovy:59)
	at com.kms.katalon.core.keyword.builtin.CallTestCaseKeyword$_callTestCase_closure1.call(CallTestCaseKeyword.groovy)
	at com.kms.katalon.core.keyword.internal.KeywordMain.runKeyword(KeywordMain.groovy:54)
	at com.kms.katalon.core.keyword.builtin.CallTestCaseKeyword.callTestCase(CallTestCaseKeyword.groovy:80)
	at com.kms.katalon.core.keyword.builtin.CallTestCaseKeyword.execute(CallTestCaseKeyword.groovy:44)
	at com.kms.katalon.core.keyword.internal.KeywordExecutor.executeKeywordForPlatform(KeywordExecutor.groovy:53)
	at com.kms.katalon.core.keyword.BuiltinKeywords.callTestCase(BuiltinKeywords.groovy:334)
	at Tooltip.run(Tooltip:16)
	at com.kms.katalon.core.main.ScriptEngine.run(ScriptEngine.java:194)
	at com.kms.katalon.core.main.ScriptEngine.runScriptAsRawText(ScriptEngine.java:119)
	at com.kms.katalon.core.main.TestCaseExecutor.runScript(TestCaseExecutor.java:328)
	at com.kms.katalon.core.main.TestCaseExecutor.doExecute(TestCaseExecutor.java:319)
	at com.kms.katalon.core.main.TestCaseExecutor.processExecutionPhase(TestCaseExecutor.java:298)
	at com.kms.katalon.core.main.TestCaseExecutor.accessMainPhase(TestCaseExecutor.java:290)
	at com.kms.katalon.core.main.TestCaseExecutor.execute(TestCaseExecutor.java:224)
	at com.kms.katalon.core.main.TestSuiteExecutor.accessTestCaseMainPhase(TestSuiteExecutor.java:129)
	at com.kms.katalon.core.main.TestSuiteExecutor.accessTestSuiteMainPhase(TestSuiteExecutor.java:112)
	at com.kms.katalon.core.main.TestSuiteExecutor.execute(TestSuiteExecutor.java:81)
	at com.kms.katalon.core.main.TestCaseMain.startTestSuite(TestCaseMain.java:149)
	at com.kms.katalon.core.main.TestCaseMain$startTestSuite$0.call(Unknown Source)
	at TempTestSuite1561150248290.run(TempTestSuite1561150248290.groovy:36)
"/>
         <system-out><![CDATA[2019-06-21 17:13:28 - [TEST_CASE][FAILED] - Test Cases/OCS - MOBILE/OCS- PRODUCT PAGE/Tooltip: Test Cases/OCS - MOBILE/OCS- PRODUCT PAGE/Tooltip FAILED.
Reason:
com.kms.katalon.core.exception.StepFailedException: Unable to click on object 'Object Repository/OCS-MOBILE /Age gate and burger menu/Dried Flower_Plus icon' (Root cause: com.kms.katalon.core.webui.exception.WebElementNotFoundException: Web element with id: 'Object Repository/OCS-MOBILE /Age gate and burger menu/Dried Flower_Plus icon' located by 'By.xpath: //i[@ xpath = '/html[1]/body[1]/div[1]/header[1]/div[2]/div[1]/div[2]/div[1]/div[1]/div[1]/nav[1]/ul[1]/li[1]/div[1]/div[2]/ul[1]/li[1]/a[1]']' not found)
	at com.kms.katalon.core.keyword.internal.KeywordMain.stepFailed(KeywordMain.groovy:36)
	at com.kms.katalon.core.webui.keyword.internal.WebUIKeywordMain.stepFailed(WebUIKeywordMain.groovy:65)
	at com.kms.katalon.core.webui.keyword.internal.WebUIKeywordMain.runKeyword(WebUIKeywordMain.groovy:27)
	at com.kms.katalon.core.webui.keyword.builtin.ClickKeyword.click(ClickKeyword.groovy:86)
	at com.kms.katalon.core.webui.keyword.builtin.ClickKeyword.execute(ClickKeyword.groovy:67)
	at com.kms.katalon.core.keyword.internal.KeywordExecutor.executeKeywordForPlatform(KeywordExecutor.groovy:53)
	at com.kms.katalon.core.webui.keyword.WebUiBuiltInKeywords.click(WebUiBuiltInKeywords.groovy:616)
	at com.kms.katalon.core.webui.keyword.WebUiBuiltInKeywords$click$4.call(Unknown Source)
	at CALL - PDP.run(CALL - PDP:55)
	at com.kms.katalon.core.main.ScriptEngine.run(ScriptEngine.java:194)
	at com.kms.katalon.core.main.ScriptEngine.runScriptAsRawText(ScriptEngine.java:119)
	at com.kms.katalon.core.main.TestCaseExecutor.runScript(TestCaseExecutor.java:328)
	at com.kms.katalon.core.main.TestCaseExecutor.doExecute(TestCaseExecutor.java:319)
	at com.kms.katalon.core.main.TestCaseExecutor.processExecutionPhase(TestCaseExecutor.java:298)
	at com.kms.katalon.core.main.TestCaseExecutor.accessMainPhase(TestCaseExecutor.java:290)
	at com.kms.katalon.core.main.TestCaseExecutor.execute(TestCaseExecutor.java:224)
	at com.kms.katalon.core.main.TestCaseMain.runTestCase(TestCaseMain.java:106)
	at com.kms.katalon.core.keyword.builtin.CallTestCaseKeyword$_callTestCase_closure1.doCall(CallTestCaseKeyword.groovy:59)
	at com.kms.katalon.core.keyword.builtin.CallTestCaseKeyword$_callTestCase_closure1.call(CallTestCaseKeyword.groovy)
	at com.kms.katalon.core.keyword.internal.KeywordMain.runKeyword(KeywordMain.groovy:54)
	at com.kms.katalon.core.keyword.builtin.CallTestCaseKeyword.callTestCase(CallTestCaseKeyword.groovy:80)
	at com.kms.katalon.core.keyword.builtin.CallTestCaseKeyword.execute(CallTestCaseKeyword.groovy:44)
	at com.kms.katalon.core.keyword.internal.KeywordExecutor.executeKeywordForPlatform(KeywordExecutor.groovy:53)
	at com.kms.katalon.core.keyword.BuiltinKeywords.callTestCase(BuiltinKeywords.groovy:334)
	at Tooltip.run(Tooltip:16)
	at com.kms.katalon.core.main.ScriptEngine.run(ScriptEngine.java:194)
	at com.kms.katalon.core.main.ScriptEngine.runScriptAsRawText(ScriptEngine.java:119)
	at com.kms.katalon.core.main.TestCaseExecutor.runScript(TestCaseExecutor.java:328)
	at com.kms.katalon.core.main.TestCaseExecutor.doExecute(TestCaseExecutor.java:319)
	at com.kms.katalon.core.main.TestCaseExecutor.processExecutionPhase(TestCaseExecutor.java:298)
	at com.kms.katalon.core.main.TestCaseExecutor.accessMainPhase(TestCaseExecutor.java:290)
	at com.kms.katalon.core.main.TestCaseExecutor.execute(TestCaseExecutor.java:224)
	at com.kms.katalon.core.main.TestSuiteExecutor.accessTestCaseMainPhase(TestSuiteExecutor.java:129)
	at com.kms.katalon.core.main.TestSuiteExecutor.accessTestSuiteMainPhase(TestSuiteExecutor.java:112)
	at com.kms.katalon.core.main.TestSuiteExecutor.execute(TestSuiteExecutor.java:81)
	at com.kms.katalon.core.main.TestCaseMain.startTestSuite(TestCaseMain.java:149)
	at com.kms.katalon.core.main.TestCaseMain$startTestSuite$0.call(Unknown Source)
	at TempTestSuite1561150248290.run(TempTestSuite1561150248290.groovy:36)


2019-06-21 17:13:28 - [TEST_STEP][FAILED] - callTestCase(findTestCase("OCS - MOBILE/CALL - PDP"), [:], STOP_ON_FAILURE): callTestCase(findTestCase("OCS - MOBILE/CALL - PDP"), [:], STOP_ON_FAILURE) FAILED.
Reason:
com.kms.katalon.core.exception.StepFailedException: Unable to click on object 'Object Repository/OCS-MOBILE /Age gate and burger menu/Dried Flower_Plus icon' (Root cause: com.kms.katalon.core.webui.exception.WebElementNotFoundException: Web element with id: 'Object Repository/OCS-MOBILE /Age gate and burger menu/Dried Flower_Plus icon' located by 'By.xpath: //i[@ xpath = '/html[1]/body[1]/div[1]/header[1]/div[2]/div[1]/div[2]/div[1]/div[1]/div[1]/nav[1]/ul[1]/li[1]/div[1]/div[2]/ul[1]/li[1]/a[1]']' not found)
	at com.kms.katalon.core.keyword.internal.KeywordMain.stepFailed(KeywordMain.groovy:36)
	at com.kms.katalon.core.webui.keyword.internal.WebUIKeywordMain.stepFailed(WebUIKeywordMain.groovy:65)
	at com.kms.katalon.core.webui.keyword.internal.WebUIKeywordMain.runKeyword(WebUIKeywordMain.groovy:27)
	at com.kms.katalon.core.webui.keyword.builtin.ClickKeyword.click(ClickKeyword.groovy:86)
	at com.kms.katalon.core.webui.keyword.builtin.ClickKeyword.execute(ClickKeyword.groovy:67)
	at com.kms.katalon.core.keyword.internal.KeywordExecutor.executeKeywordForPlatform(KeywordExecutor.groovy:53)
	at com.kms.katalon.core.webui.keyword.WebUiBuiltInKeywords.click(WebUiBuiltInKeywords.groovy:616)
	at com.kms.katalon.core.webui.keyword.WebUiBuiltInKeywords$click$4.call(Unknown Source)
	at CALL - PDP.run(CALL - PDP:55)
	at com.kms.katalon.core.main.ScriptEngine.run(ScriptEngine.java:194)
	at com.kms.katalon.core.main.ScriptEngine.runScriptAsRawText(ScriptEngine.java:119)
	at com.kms.katalon.core.main.TestCaseExecutor.runScript(TestCaseExecutor.java:328)
	at com.kms.katalon.core.main.TestCaseExecutor.doExecute(TestCaseExecutor.java:319)
	at com.kms.katalon.core.main.TestCaseExecutor.processExecutionPhase(TestCaseExecutor.java:298)
	at com.kms.katalon.core.main.TestCaseExecutor.accessMainPhase(TestCaseExecutor.java:290)
	at com.kms.katalon.core.main.TestCaseExecutor.execute(TestCaseExecutor.java:224)
	at com.kms.katalon.core.main.TestCaseMain.runTestCase(TestCaseMain.java:106)
	at com.kms.katalon.core.keyword.builtin.CallTestCaseKeyword$_callTestCase_closure1.doCall(CallTestCaseKeyword.groovy:59)
	at com.kms.katalon.core.keyword.builtin.CallTestCaseKeyword$_callTestCase_closure1.call(CallTestCaseKeyword.groovy)
	at com.kms.katalon.core.keyword.internal.KeywordMain.runKeyword(KeywordMain.groovy:54)
	at com.kms.katalon.core.keyword.builtin.CallTestCaseKeyword.callTestCase(CallTestCaseKeyword.groovy:80)
	at com.kms.katalon.core.keyword.builtin.CallTestCaseKeyword.execute(CallTestCaseKeyword.groovy:44)
	at com.kms.katalon.core.keyword.internal.KeywordExecutor.executeKeywordForPlatform(KeywordExecutor.groovy:53)
	at com.kms.katalon.core.keyword.BuiltinKeywords.callTestCase(BuiltinKeywords.groovy:334)
	at Tooltip.run(Tooltip:16)
	at com.kms.katalon.core.main.ScriptEngine.run(ScriptEngine.java:194)
	at com.kms.katalon.core.main.ScriptEngine.runScriptAsRawText(ScriptEngine.java:119)
	at com.kms.katalon.core.main.TestCaseExecutor.runScript(TestCaseExecutor.java:328)
	at com.kms.katalon.core.main.TestCaseExecutor.doExecute(TestCaseExecutor.java:319)
	at com.kms.katalon.core.main.TestCaseExecutor.processExecutionPhase(TestCaseExecutor.java:298)
	at com.kms.katalon.core.main.TestCaseExecutor.accessMainPhase(TestCaseExecutor.java:290)
	at com.kms.katalon.core.main.TestCaseExecutor.execute(TestCaseExecutor.java:224)
	at com.kms.katalon.core.main.TestSuiteExecutor.accessTestCaseMainPhase(TestSuiteExecutor.java:129)
	at com.kms.katalon.core.main.TestSuiteExecutor.accessTestSuiteMainPhase(TestSuiteExecutor.java:112)
	at com.kms.katalon.core.main.TestSuiteExecutor.execute(TestSuiteExecutor.java:81)
	at com.kms.katalon.core.main.TestCaseMain.startTestSuite(TestCaseMain.java:149)
	at com.kms.katalon.core.main.TestCaseMain$startTestSuite$0.call(Unknown Source)
	at TempTestSuite1561150248290.run(TempTestSuite1561150248290.groovy:36)


2019-06-21 17:13:28 - [TEST_CASE][FAILED] - Test Cases/OCS - MOBILE/CALL - PDP: Test Cases/OCS - MOBILE/CALL - PDP FAILED.
Reason:
com.kms.katalon.core.exception.StepFailedException: Unable to click on object 'Object Repository/OCS-MOBILE /Age gate and burger menu/Dried Flower_Plus icon' (Root cause: com.kms.katalon.core.webui.exception.WebElementNotFoundException: Web element with id: 'Object Repository/OCS-MOBILE /Age gate and burger menu/Dried Flower_Plus icon' located by 'By.xpath: //i[@ xpath = '/html[1]/body[1]/div[1]/header[1]/div[2]/div[1]/div[2]/div[1]/div[1]/div[1]/nav[1]/ul[1]/li[1]/div[1]/div[2]/ul[1]/li[1]/a[1]']' not found)
	at com.kms.katalon.core.keyword.internal.KeywordMain.stepFailed(KeywordMain.groovy:36)
	at com.kms.katalon.core.webui.keyword.internal.WebUIKeywordMain.stepFailed(WebUIKeywordMain.groovy:65)
	at com.kms.katalon.core.webui.keyword.internal.WebUIKeywordMain.runKeyword(WebUIKeywordMain.groovy:27)
	at com.kms.katalon.core.webui.keyword.builtin.ClickKeyword.click(ClickKeyword.groovy:86)
	at com.kms.katalon.core.webui.keyword.builtin.ClickKeyword.execute(ClickKeyword.groovy:67)
	at com.kms.katalon.core.keyword.internal.KeywordExecutor.executeKeywordForPlatform(KeywordExecutor.groovy:53)
	at com.kms.katalon.core.webui.keyword.WebUiBuiltInKeywords.click(WebUiBuiltInKeywords.groovy:616)
	at com.kms.katalon.core.webui.keyword.WebUiBuiltInKeywords$click$4.call(Unknown Source)
	at CALL - PDP.run(CALL - PDP:55)
	at com.kms.katalon.core.main.ScriptEngine.run(ScriptEngine.java:194)
	at com.kms.katalon.core.main.ScriptEngine.runScriptAsRawText(ScriptEngine.java:119)
	at com.kms.katalon.core.main.TestCaseExecutor.runScript(TestCaseExecutor.java:328)
	at com.kms.katalon.core.main.TestCaseExecutor.doExecute(TestCaseExecutor.java:319)
	at com.kms.katalon.core.main.TestCaseExecutor.processExecutionPhase(TestCaseExecutor.java:298)
	at com.kms.katalon.core.main.TestCaseExecutor.accessMainPhase(TestCaseExecutor.java:290)
	at com.kms.katalon.core.main.TestCaseExecutor.execute(TestCaseExecutor.java:224)
	at com.kms.katalon.core.main.TestCaseMain.runTestCase(TestCaseMain.java:106)
	at com.kms.katalon.core.keyword.builtin.CallTestCaseKeyword$_callTestCase_closure1.doCall(CallTestCaseKeyword.groovy:59)
	at com.kms.katalon.core.keyword.builtin.CallTestCaseKeyword$_callTestCase_closure1.call(CallTestCaseKeyword.groovy)
	at com.kms.katalon.core.keyword.internal.KeywordMain.runKeyword(KeywordMain.groovy:54)
	at com.kms.katalon.core.keyword.builtin.CallTestCaseKeyword.callTestCase(CallTestCaseKeyword.groovy:80)
	at com.kms.katalon.core.keyword.builtin.CallTestCaseKeyword.execute(CallTestCaseKeyword.groovy:44)
	at com.kms.katalon.core.keyword.internal.KeywordExecutor.executeKeywordForPlatform(KeywordExecutor.groovy:53)
	at com.kms.katalon.core.keyword.BuiltinKeywords.callTestCase(BuiltinKeywords.groovy:334)
	at Tooltip.run(Tooltip:16)
	at com.kms.katalon.core.main.ScriptEngine.run(ScriptEngine.java:194)
	at com.kms.katalon.core.main.ScriptEngine.runScriptAsRawText(ScriptEngine.java:119)
	at com.kms.katalon.core.main.TestCaseExecutor.runScript(TestCaseExecutor.java:328)
	at com.kms.katalon.core.main.TestCaseExecutor.doExecute(TestCaseExecutor.java:319)
	at com.kms.katalon.core.main.TestCaseExecutor.processExecutionPhase(TestCaseExecutor.java:298)
	at com.kms.katalon.core.main.TestCaseExecutor.accessMainPhase(TestCaseExecutor.java:290)
	at com.kms.katalon.core.main.TestCaseExecutor.execute(TestCaseExecutor.java:224)
	at com.kms.katalon.core.main.TestSuiteExecutor.accessTestCaseMainPhase(TestSuiteExecutor.java:129)
	at com.kms.katalon.core.main.TestSuiteExecutor.accessTestSuiteMainPhase(TestSuiteExecutor.java:112)
	at com.kms.katalon.core.main.TestSuiteExecutor.execute(TestSuiteExecutor.java:81)
	at com.kms.katalon.core.main.TestCaseMain.startTestSuite(TestCaseMain.java:149)
	at com.kms.katalon.core.main.TestCaseMain$startTestSuite$0.call(Unknown Source)
	at TempTestSuite1561150248290.run(TempTestSuite1561150248290.groovy:36)


2019-06-21 17:13:28 - [TEST_STEP][PASSED] - openBrowser(""): Browser is opened with url: ''

2019-06-21 17:13:28 - [MESSAGE][WARNING] - A browser is already opened. Closing browser and opening a new one

2019-06-21 17:13:28 - [MESSAGE][INFO] - Starting 'Chrome' driver

2019-06-21 17:13:29 - [MESSAGE][PASSED] - Browser is opened with url: ''

2019-06-21 17:13:29 - [TEST_STEP][PASSED] - navigateToUrl("https://ocs.ca/?fts=0&preview_theme_id=74057975628"): Navigate to 'https://ocs.ca/?fts=0&preview_theme_id=74057975628' successfully

2019-06-21 17:13:34 - [MESSAGE][PASSED] - Navigate to 'https://ocs.ca/?fts=0&preview_theme_id=74057975628' successfully

2019-06-21 17:13:34 - [TEST_STEP][PASSED] - executeJavaScript("var previewBar = document.getElementById("preview-bar-iframe"); previewBar.style.display = "none";", []): Execute JavaScript 'var previewBar = document.getElementById("preview-bar-iframe"); previewBar.style.display = "none";' successfully

2019-06-21 17:13:34 - [MESSAGE][PASSED] - Execute JavaScript 'var previewBar = document.getElementById("preview-bar-iframe"); previewBar.style.display = "none";' successfully

2019-06-21 17:13:34 - [TEST_STEP][PASSED] - setViewPortSize(360, 800): Viewport is set to new size with width = 360 and height = 800

2019-06-21 17:13:34 - [MESSAGE][PASSED] - Viewport is set to new size with width = 360 and height = 800

2019-06-21 17:13:34 - [TEST_STEP][PASSED] - delay(4): Delayed 4 second(s)

2019-06-21 17:13:38 - [MESSAGE][PASSED] - Delayed 4 second(s)

2019-06-21 17:13:38 - [TEST_STEP][PASSED] - selectOptionByValue(findTestObject("OCS-MOBILE /Age gate and burger menu/Date"), "12", true): All options with value '12' are selected in object 'Object Repository/OCS-MOBILE /Age gate and burger menu/Date'  using regular expression

2019-06-21 17:13:38 - [MESSAGE][PASSED] - All options with value '12' are selected in object 'Object Repository/OCS-MOBILE /Age gate and burger menu/Date'  using regular expression

2019-06-21 17:13:38 - [TEST_STEP][PASSED] - selectOptionByValue(findTestObject("OCS-MOBILE /Age gate and burger menu/month"), "6", true): All options with value '6' are selected in object 'Object Repository/OCS-MOBILE /Age gate and burger menu/month'  using regular expression

2019-06-21 17:13:38 - [MESSAGE][PASSED] - All options with value '6' are selected in object 'Object Repository/OCS-MOBILE /Age gate and burger menu/month'  using regular expression

2019-06-21 17:13:38 - [TEST_STEP][PASSED] - delay(2): Delayed 2 second(s)

2019-06-21 17:13:40 - [MESSAGE][PASSED] - Delayed 2 second(s)

2019-06-21 17:13:40 - [TEST_STEP][PASSED] - selectOptionByValue(findTestObject("OCS-MOBILE /Age gate and burger menu/Year Dropdown"), "1990", true): All options with value '1990' are selected in object 'Object Repository/OCS-MOBILE /Age gate and burger menu/Year Dropdown'  using regular expression

2019-06-21 17:13:41 - [MESSAGE][PASSED] - All options with value '1990' are selected in object 'Object Repository/OCS-MOBILE /Age gate and burger menu/Year Dropdown'  using regular expression

2019-06-21 17:13:41 - [TEST_STEP][PASSED] - click(findTestObject("OCS-MOBILE /Age gate and Mega menu/button_Verify")): Object: 'Object Repository/OCS-MOBILE /Age gate and Mega menu/button_Verify' is clicked on

2019-06-21 17:13:41 - [MESSAGE][PASSED] - Object: 'Object Repository/OCS-MOBILE /Age gate and Mega menu/button_Verify' is clicked on

2019-06-21 17:13:42 - [TEST_STEP][PASSED] - click(findTestObject("OCS-MOBILE /Age gate and Mega menu/Checkbox_CONFIRM AND ACKNOWLEDGE")): Object: 'Object Repository/OCS-MOBILE /Age gate and Mega menu/Checkbox_CONFIRM AND ACKNOWLEDGE' is clicked on

2019-06-21 17:13:42 - [MESSAGE][PASSED] - Object: 'Object Repository/OCS-MOBILE /Age gate and Mega menu/Checkbox_CONFIRM AND ACKNOWLEDGE' is clicked on

2019-06-21 17:13:42 - [TEST_STEP][PASSED] - click(findTestObject("OCS-MOBILE /Age gate and Mega menu/button_CONFIRM")): Object: 'Object Repository/OCS-MOBILE /Age gate and Mega menu/button_CONFIRM' is clicked on

2019-06-21 17:13:42 - [MESSAGE][PASSED] - Object: 'Object Repository/OCS-MOBILE /Age gate and Mega menu/button_CONFIRM' is clicked on

2019-06-21 17:13:42 - [TEST_STEP][PASSED] - click(findTestObject("OCS-MOBILE /Age gate and Mega menu/button_Start Browsing")): Object: 'Object Repository/OCS-MOBILE /Age gate and Mega menu/button_Start Browsing' is clicked on

2019-06-21 17:13:42 - [MESSAGE][PASSED] - Object: 'Object Repository/OCS-MOBILE /Age gate and Mega menu/button_Start Browsing' is clicked on

2019-06-21 17:13:42 - [TEST_STEP][PASSED] - refresh(): Refresh successfully

2019-06-21 17:13:42 - [MESSAGE][PASSED] - Refresh successfully

2019-06-21 17:13:42 - [TEST_STEP][PASSED] - delay(2): Delayed 2 second(s)

2019-06-21 17:13:44 - [MESSAGE][PASSED] - Delayed 2 second(s)

2019-06-21 17:13:44 - [TEST_STEP][PASSED] - click(findTestObject("OCS-MOBILE /Age gate and burger menu/Burger menu - English")): Object: 'Object Repository/OCS-MOBILE /Age gate and burger menu/Burger menu - English' is clicked on

2019-06-21 17:13:45 - [MESSAGE][PASSED] - Object: 'Object Repository/OCS-MOBILE /Age gate and burger menu/Burger menu - English' is clicked on

2019-06-21 17:13:45 - [TEST_STEP][PASSED] - delay(2): Delayed 2 second(s)

2019-06-21 17:13:47 - [MESSAGE][PASSED] - Delayed 2 second(s)

2019-06-21 17:13:47 - [TEST_STEP][PASSED] - click(findTestObject("OCS-MOBILE /Age gate and burger menu/Chevron_Cannabis")): Object: 'Object Repository/OCS-MOBILE /Age gate and burger menu/Chevron_Cannabis' is clicked on

2019-06-21 17:13:47 - [MESSAGE][PASSED] - Object: 'Object Repository/OCS-MOBILE /Age gate and burger menu/Chevron_Cannabis' is clicked on

2019-06-21 17:13:47 - [TEST_STEP][PASSED] - delay(2): Delayed 2 second(s)

2019-06-21 17:13:49 - [MESSAGE][PASSED] - Delayed 2 second(s)

2019-06-21 17:13:49 - [TEST_STEP][FAILED] - click(findTestObject("OCS-MOBILE /Age gate and burger menu/Dried Flower_Plus icon")): click(findTestObject("OCS-MOBILE /Age gate and burger menu/Dried Flower_Plus icon")) FAILED.
Reason:
com.kms.katalon.core.exception.StepFailedException: Unable to click on object 'Object Repository/OCS-MOBILE /Age gate and burger menu/Dried Flower_Plus icon' (Root cause: com.kms.katalon.core.webui.exception.WebElementNotFoundException: Web element with id: 'Object Repository/OCS-MOBILE /Age gate and burger menu/Dried Flower_Plus icon' located by 'By.xpath: //i[@ xpath = '/html[1]/body[1]/div[1]/header[1]/div[2]/div[1]/div[2]/div[1]/div[1]/div[1]/nav[1]/ul[1]/li[1]/div[1]/div[2]/ul[1]/li[1]/a[1]']' not found)
	at com.kms.katalon.core.keyword.internal.KeywordMain.stepFailed(KeywordMain.groovy:36)
	at com.kms.katalon.core.webui.keyword.internal.WebUIKeywordMain.stepFailed(WebUIKeywordMain.groovy:65)
	at com.kms.katalon.core.webui.keyword.internal.WebUIKeywordMain.runKeyword(WebUIKeywordMain.groovy:27)
	at com.kms.katalon.core.webui.keyword.builtin.ClickKeyword.click(ClickKeyword.groovy:86)
	at com.kms.katalon.core.webui.keyword.builtin.ClickKeyword.execute(ClickKeyword.groovy:67)
	at com.kms.katalon.core.keyword.internal.KeywordExecutor.executeKeywordForPlatform(KeywordExecutor.groovy:53)
	at com.kms.katalon.core.webui.keyword.WebUiBuiltInKeywords.click(WebUiBuiltInKeywords.groovy:616)
	at com.kms.katalon.core.webui.keyword.WebUiBuiltInKeywords$click$4.call(Unknown Source)
	at CALL - PDP.run(CALL - PDP:55)
	at com.kms.katalon.core.main.ScriptEngine.run(ScriptEngine.java:194)
	at com.kms.katalon.core.main.ScriptEngine.runScriptAsRawText(ScriptEngine.java:119)
	at com.kms.katalon.core.main.TestCaseExecutor.runScript(TestCaseExecutor.java:328)
	at com.kms.katalon.core.main.TestCaseExecutor.doExecute(TestCaseExecutor.java:319)
	at com.kms.katalon.core.main.TestCaseExecutor.processExecutionPhase(TestCaseExecutor.java:298)
	at com.kms.katalon.core.main.TestCaseExecutor.accessMainPhase(TestCaseExecutor.java:290)
	at com.kms.katalon.core.main.TestCaseExecutor.execute(TestCaseExecutor.java:224)
	at com.kms.katalon.core.main.TestCaseMain.runTestCase(TestCaseMain.java:106)
	at com.kms.katalon.core.keyword.builtin.CallTestCaseKeyword$_callTestCase_closure1.doCall(CallTestCaseKeyword.groovy:59)
	at com.kms.katalon.core.keyword.builtin.CallTestCaseKeyword$_callTestCase_closure1.call(CallTestCaseKeyword.groovy)
	at com.kms.katalon.core.keyword.internal.KeywordMain.runKeyword(KeywordMain.groovy:54)
	at com.kms.katalon.core.keyword.builtin.CallTestCaseKeyword.callTestCase(CallTestCaseKeyword.groovy:80)
	at com.kms.katalon.core.keyword.builtin.CallTestCaseKeyword.execute(CallTestCaseKeyword.groovy:44)
	at com.kms.katalon.core.keyword.internal.KeywordExecutor.executeKeywordForPlatform(KeywordExecutor.groovy:53)
	at com.kms.katalon.core.keyword.BuiltinKeywords.callTestCase(BuiltinKeywords.groovy:334)
	at Tooltip.run(Tooltip:16)
	at com.kms.katalon.core.main.ScriptEngine.run(ScriptEngine.java:194)
	at com.kms.katalon.core.main.ScriptEngine.runScriptAsRawText(ScriptEngine.java:119)
	at com.kms.katalon.core.main.TestCaseExecutor.runScript(TestCaseExecutor.java:328)
	at com.kms.katalon.core.main.TestCaseExecutor.doExecute(TestCaseExecutor.java:319)
	at com.kms.katalon.core.main.TestCaseExecutor.processExecutionPhase(TestCaseExecutor.java:298)
	at com.kms.katalon.core.main.TestCaseExecutor.accessMainPhase(TestCaseExecutor.java:290)
	at com.kms.katalon.core.main.TestCaseExecutor.execute(TestCaseExecutor.java:224)
	at com.kms.katalon.core.main.TestSuiteExecutor.accessTestCaseMainPhase(TestSuiteExecutor.java:129)
	at com.kms.katalon.core.main.TestSuiteExecutor.accessTestSuiteMainPhase(TestSuiteExecutor.java:112)
	at com.kms.katalon.core.main.TestSuiteExecutor.execute(TestSuiteExecutor.java:81)
	at com.kms.katalon.core.main.TestCaseMain.startTestSuite(TestCaseMain.java:149)
	at com.kms.katalon.core.main.TestCaseMain$startTestSuite$0.call(Unknown Source)
	at TempTestSuite1561150248290.run(TempTestSuite1561150248290.groovy:36)


2019-06-21 17:14:19 - [MESSAGE][INFO] - Unable to find the element located by 'By.xpath: //i[@ xpath = '/html[1]/body[1]/div[1]/header[1]/div[2]/div[1]/div[2]/div[1]/div[1]/div[1]/nav[1]/ul[1]/li[1]/div[1]/div[2]/ul[1]/li[1]/a[1]']'. Please recheck the objects properties to make sure the desired element is located. 

2019-06-21 17:14:20 - [MESSAGE][FAILED] - Unable to click on object 'Object Repository/OCS-MOBILE /Age gate and burger menu/Dried Flower_Plus icon' (Root cause: com.kms.katalon.core.webui.exception.WebElementNotFoundException: Web element with id: 'Object Repository/OCS-MOBILE /Age gate and burger menu/Dried Flower_Plus icon' located by 'By.xpath: //i[@ xpath = '/html[1]/body[1]/div[1]/header[1]/div[2]/div[1]/div[2]/div[1]/div[1]/div[1]/nav[1]/ul[1]/li[1]/div[1]/div[2]/ul[1]/li[1]/a[1]']' not found)
[[ATTACHMENT|/Users/sumankompelly/Relative xpath-Mobile/Reports/OCS - 1.11.0/20190621_165048/1561151659992.png]]

2019-06-21 17:14:20 - [MESSAGE][FAILED] - click(findTestObject("OCS-MOBILE /Age gate and burger menu/Dried Flower_Plus icon")) FAILED.
Reason:
com.kms.katalon.core.exception.StepFailedException: Unable to click on object 'Object Repository/OCS-MOBILE /Age gate and burger menu/Dried Flower_Plus icon' (Root cause: com.kms.katalon.core.webui.exception.WebElementNotFoundException: Web element with id: 'Object Repository/OCS-MOBILE /Age gate and burger menu/Dried Flower_Plus icon' located by 'By.xpath: //i[@ xpath = '/html[1]/body[1]/div[1]/header[1]/div[2]/div[1]/div[2]/div[1]/div[1]/div[1]/nav[1]/ul[1]/li[1]/div[1]/div[2]/ul[1]/li[1]/a[1]']' not found)
	at com.kms.katalon.core.keyword.internal.KeywordMain.stepFailed(KeywordMain.groovy:36)
	at com.kms.katalon.core.webui.keyword.internal.WebUIKeywordMain.stepFailed(WebUIKeywordMain.groovy:65)
	at com.kms.katalon.core.webui.keyword.internal.WebUIKeywordMain.runKeyword(WebUIKeywordMain.groovy:27)
	at com.kms.katalon.core.webui.keyword.builtin.ClickKeyword.click(ClickKeyword.groovy:86)
	at com.kms.katalon.core.webui.keyword.builtin.ClickKeyword.execute(ClickKeyword.groovy:67)
	at com.kms.katalon.core.keyword.internal.KeywordExecutor.executeKeywordForPlatform(KeywordExecutor.groovy:53)
	at com.kms.katalon.core.webui.keyword.WebUiBuiltInKeywords.click(WebUiBuiltInKeywords.groovy:616)
	at com.kms.katalon.core.webui.keyword.WebUiBuiltInKeywords$click$4.call(Unknown Source)
	at CALL - PDP.run(CALL - PDP:55)
	at com.kms.katalon.core.main.ScriptEngine.run(ScriptEngine.java:194)
	at com.kms.katalon.core.main.ScriptEngine.runScriptAsRawText(ScriptEngine.java:119)
	at com.kms.katalon.core.main.TestCaseExecutor.runScript(TestCaseExecutor.java:328)
	at com.kms.katalon.core.main.TestCaseExecutor.doExecute(TestCaseExecutor.java:319)
	at com.kms.katalon.core.main.TestCaseExecutor.processExecutionPhase(TestCaseExecutor.java:298)
	at com.kms.katalon.core.main.TestCaseExecutor.accessMainPhase(TestCaseExecutor.java:290)
	at com.kms.katalon.core.main.TestCaseExecutor.execute(TestCaseExecutor.java:224)
	at com.kms.katalon.core.main.TestCaseMain.runTestCase(TestCaseMain.java:106)
	at com.kms.katalon.core.keyword.builtin.CallTestCaseKeyword$_callTestCase_closure1.doCall(CallTestCaseKeyword.groovy:59)
	at com.kms.katalon.core.keyword.builtin.CallTestCaseKeyword$_callTestCase_closure1.call(CallTestCaseKeyword.groovy)
	at com.kms.katalon.core.keyword.internal.KeywordMain.runKeyword(KeywordMain.groovy:54)
	at com.kms.katalon.core.keyword.builtin.CallTestCaseKeyword.callTestCase(CallTestCaseKeyword.groovy:80)
	at com.kms.katalon.core.keyword.builtin.CallTestCaseKeyword.execute(CallTestCaseKeyword.groovy:44)
	at com.kms.katalon.core.keyword.internal.KeywordExecutor.executeKeywordForPlatform(KeywordExecutor.groovy:53)
	at com.kms.katalon.core.keyword.BuiltinKeywords.callTestCase(BuiltinKeywords.groovy:334)
	at Tooltip.run(Tooltip:16)
	at com.kms.katalon.core.main.ScriptEngine.run(ScriptEngine.java:194)
	at com.kms.katalon.core.main.ScriptEngine.runScriptAsRawText(ScriptEngine.java:119)
	at com.kms.katalon.core.main.TestCaseExecutor.runScript(TestCaseExecutor.java:328)
	at com.kms.katalon.core.main.TestCaseExecutor.doExecute(TestCaseExecutor.java:319)
	at com.kms.katalon.core.main.TestCaseExecutor.processExecutionPhase(TestCaseExecutor.java:298)
	at com.kms.katalon.core.main.TestCaseExecutor.accessMainPhase(TestCaseExecutor.java:290)
	at com.kms.katalon.core.main.TestCaseExecutor.execute(TestCaseExecutor.java:224)
	at com.kms.katalon.core.main.TestSuiteExecutor.accessTestCaseMainPhase(TestSuiteExecutor.java:129)
	at com.kms.katalon.core.main.TestSuiteExecutor.accessTestSuiteMainPhase(TestSuiteExecutor.java:112)
	at com.kms.katalon.core.main.TestSuiteExecutor.execute(TestSuiteExecutor.java:81)
	at com.kms.katalon.core.main.TestCaseMain.startTestSuite(TestCaseMain.java:149)
	at com.kms.katalon.core.main.TestCaseMain$startTestSuite$0.call(Unknown Source)
	at TempTestSuite1561150248290.run(TempTestSuite1561150248290.groovy:36)


2019-06-21 17:14:20 - [MESSAGE][FAILED] - Unable to call Test Case 'Test Cases/OCS - MOBILE/CALL - PDP' (Root cause: com.kms.katalon.core.exception.StepFailedException: Call Test Case 'Test Cases/OCS - MOBILE/CALL - PDP' failed)

2019-06-21 17:14:20 - [MESSAGE][FAILED] - callTestCase(findTestCase("OCS - MOBILE/CALL - PDP"), [:], STOP_ON_FAILURE) FAILED.
Reason:
com.kms.katalon.core.exception.StepFailedException: Unable to click on object 'Object Repository/OCS-MOBILE /Age gate and burger menu/Dried Flower_Plus icon' (Root cause: com.kms.katalon.core.webui.exception.WebElementNotFoundException: Web element with id: 'Object Repository/OCS-MOBILE /Age gate and burger menu/Dried Flower_Plus icon' located by 'By.xpath: //i[@ xpath = '/html[1]/body[1]/div[1]/header[1]/div[2]/div[1]/div[2]/div[1]/div[1]/div[1]/nav[1]/ul[1]/li[1]/div[1]/div[2]/ul[1]/li[1]/a[1]']' not found)
	at com.kms.katalon.core.keyword.internal.KeywordMain.stepFailed(KeywordMain.groovy:36)
	at com.kms.katalon.core.webui.keyword.internal.WebUIKeywordMain.stepFailed(WebUIKeywordMain.groovy:65)
	at com.kms.katalon.core.webui.keyword.internal.WebUIKeywordMain.runKeyword(WebUIKeywordMain.groovy:27)
	at com.kms.katalon.core.webui.keyword.builtin.ClickKeyword.click(ClickKeyword.groovy:86)
	at com.kms.katalon.core.webui.keyword.builtin.ClickKeyword.execute(ClickKeyword.groovy:67)
	at com.kms.katalon.core.keyword.internal.KeywordExecutor.executeKeywordForPlatform(KeywordExecutor.groovy:53)
	at com.kms.katalon.core.webui.keyword.WebUiBuiltInKeywords.click(WebUiBuiltInKeywords.groovy:616)
	at com.kms.katalon.core.webui.keyword.WebUiBuiltInKeywords$click$4.call(Unknown Source)
	at CALL - PDP.run(CALL - PDP:55)
	at com.kms.katalon.core.main.ScriptEngine.run(ScriptEngine.java:194)
	at com.kms.katalon.core.main.ScriptEngine.runScriptAsRawText(ScriptEngine.java:119)
	at com.kms.katalon.core.main.TestCaseExecutor.runScript(TestCaseExecutor.java:328)
	at com.kms.katalon.core.main.TestCaseExecutor.doExecute(TestCaseExecutor.java:319)
	at com.kms.katalon.core.main.TestCaseExecutor.processExecutionPhase(TestCaseExecutor.java:298)
	at com.kms.katalon.core.main.TestCaseExecutor.accessMainPhase(TestCaseExecutor.java:290)
	at com.kms.katalon.core.main.TestCaseExecutor.execute(TestCaseExecutor.java:224)
	at com.kms.katalon.core.main.TestCaseMain.runTestCase(TestCaseMain.java:106)
	at com.kms.katalon.core.keyword.builtin.CallTestCaseKeyword$_callTestCase_closure1.doCall(CallTestCaseKeyword.groovy:59)
	at com.kms.katalon.core.keyword.builtin.CallTestCaseKeyword$_callTestCase_closure1.call(CallTestCaseKeyword.groovy)
	at com.kms.katalon.core.keyword.internal.KeywordMain.runKeyword(KeywordMain.groovy:54)
	at com.kms.katalon.core.keyword.builtin.CallTestCaseKeyword.callTestCase(CallTestCaseKeyword.groovy:80)
	at com.kms.katalon.core.keyword.builtin.CallTestCaseKeyword.execute(CallTestCaseKeyword.groovy:44)
	at com.kms.katalon.core.keyword.internal.KeywordExecutor.executeKeywordForPlatform(KeywordExecutor.groovy:53)
	at com.kms.katalon.core.keyword.BuiltinKeywords.callTestCase(BuiltinKeywords.groovy:334)
	at Tooltip.run(Tooltip:16)
	at com.kms.katalon.core.main.ScriptEngine.run(ScriptEngine.java:194)
	at com.kms.katalon.core.main.ScriptEngine.runScriptAsRawText(ScriptEngine.java:119)
	at com.kms.katalon.core.main.TestCaseExecutor.runScript(TestCaseExecutor.java:328)
	at com.kms.katalon.core.main.TestCaseExecutor.doExecute(TestCaseExecutor.java:319)
	at com.kms.katalon.core.main.TestCaseExecutor.processExecutionPhase(TestCaseExecutor.java:298)
	at com.kms.katalon.core.main.TestCaseExecutor.accessMainPhase(TestCaseExecutor.java:290)
	at com.kms.katalon.core.main.TestCaseExecutor.execute(TestCaseExecutor.java:224)
	at com.kms.katalon.core.main.TestSuiteExecutor.accessTestCaseMainPhase(TestSuiteExecutor.java:129)
	at com.kms.katalon.core.main.TestSuiteExecutor.accessTestSuiteMainPhase(TestSuiteExecutor.java:112)
	at com.kms.katalon.core.main.TestSuiteExecutor.execute(TestSuiteExecutor.java:81)
	at com.kms.katalon.core.main.TestCaseMain.startTestSuite(TestCaseMain.java:149)
	at com.kms.katalon.core.main.TestCaseMain$startTestSuite$0.call(Unknown Source)
	at TempTestSuite1561150248290.run(TempTestSuite1561150248290.groovy:36)]]></system-out>
         <system-err><![CDATA[2019-06-21 17:13:28 - [TEST_CASE][FAILED] - Test Cases/OCS - MOBILE/OCS- PRODUCT PAGE/Tooltip: Test Cases/OCS - MOBILE/OCS- PRODUCT PAGE/Tooltip FAILED.
Reason:
com.kms.katalon.core.exception.StepFailedException: Unable to click on object 'Object Repository/OCS-MOBILE /Age gate and burger menu/Dried Flower_Plus icon' (Root cause: com.kms.katalon.core.webui.exception.WebElementNotFoundException: Web element with id: 'Object Repository/OCS-MOBILE /Age gate and burger menu/Dried Flower_Plus icon' located by 'By.xpath: //i[@ xpath = '/html[1]/body[1]/div[1]/header[1]/div[2]/div[1]/div[2]/div[1]/div[1]/div[1]/nav[1]/ul[1]/li[1]/div[1]/div[2]/ul[1]/li[1]/a[1]']' not found)
	at com.kms.katalon.core.keyword.internal.KeywordMain.stepFailed(KeywordMain.groovy:36)
	at com.kms.katalon.core.webui.keyword.internal.WebUIKeywordMain.stepFailed(WebUIKeywordMain.groovy:65)
	at com.kms.katalon.core.webui.keyword.internal.WebUIKeywordMain.runKeyword(WebUIKeywordMain.groovy:27)
	at com.kms.katalon.core.webui.keyword.builtin.ClickKeyword.click(ClickKeyword.groovy:86)
	at com.kms.katalon.core.webui.keyword.builtin.ClickKeyword.execute(ClickKeyword.groovy:67)
	at com.kms.katalon.core.keyword.internal.KeywordExecutor.executeKeywordForPlatform(KeywordExecutor.groovy:53)
	at com.kms.katalon.core.webui.keyword.WebUiBuiltInKeywords.click(WebUiBuiltInKeywords.groovy:616)
	at com.kms.katalon.core.webui.keyword.WebUiBuiltInKeywords$click$4.call(Unknown Source)
	at CALL - PDP.run(CALL - PDP:55)
	at com.kms.katalon.core.main.ScriptEngine.run(ScriptEngine.java:194)
	at com.kms.katalon.core.main.ScriptEngine.runScriptAsRawText(ScriptEngine.java:119)
	at com.kms.katalon.core.main.TestCaseExecutor.runScript(TestCaseExecutor.java:328)
	at com.kms.katalon.core.main.TestCaseExecutor.doExecute(TestCaseExecutor.java:319)
	at com.kms.katalon.core.main.TestCaseExecutor.processExecutionPhase(TestCaseExecutor.java:298)
	at com.kms.katalon.core.main.TestCaseExecutor.accessMainPhase(TestCaseExecutor.java:290)
	at com.kms.katalon.core.main.TestCaseExecutor.execute(TestCaseExecutor.java:224)
	at com.kms.katalon.core.main.TestCaseMain.runTestCase(TestCaseMain.java:106)
	at com.kms.katalon.core.keyword.builtin.CallTestCaseKeyword$_callTestCase_closure1.doCall(CallTestCaseKeyword.groovy:59)
	at com.kms.katalon.core.keyword.builtin.CallTestCaseKeyword$_callTestCase_closure1.call(CallTestCaseKeyword.groovy)
	at com.kms.katalon.core.keyword.internal.KeywordMain.runKeyword(KeywordMain.groovy:54)
	at com.kms.katalon.core.keyword.builtin.CallTestCaseKeyword.callTestCase(CallTestCaseKeyword.groovy:80)
	at com.kms.katalon.core.keyword.builtin.CallTestCaseKeyword.execute(CallTestCaseKeyword.groovy:44)
	at com.kms.katalon.core.keyword.internal.KeywordExecutor.executeKeywordForPlatform(KeywordExecutor.groovy:53)
	at com.kms.katalon.core.keyword.BuiltinKeywords.callTestCase(BuiltinKeywords.groovy:334)
	at Tooltip.run(Tooltip:16)
	at com.kms.katalon.core.main.ScriptEngine.run(ScriptEngine.java:194)
	at com.kms.katalon.core.main.ScriptEngine.runScriptAsRawText(ScriptEngine.java:119)
	at com.kms.katalon.core.main.TestCaseExecutor.runScript(TestCaseExecutor.java:328)
	at com.kms.katalon.core.main.TestCaseExecutor.doExecute(TestCaseExecutor.java:319)
	at com.kms.katalon.core.main.TestCaseExecutor.processExecutionPhase(TestCaseExecutor.java:298)
	at com.kms.katalon.core.main.TestCaseExecutor.accessMainPhase(TestCaseExecutor.java:290)
	at com.kms.katalon.core.main.TestCaseExecutor.execute(TestCaseExecutor.java:224)
	at com.kms.katalon.core.main.TestSuiteExecutor.accessTestCaseMainPhase(TestSuiteExecutor.java:129)
	at com.kms.katalon.core.main.TestSuiteExecutor.accessTestSuiteMainPhase(TestSuiteExecutor.java:112)
	at com.kms.katalon.core.main.TestSuiteExecutor.execute(TestSuiteExecutor.java:81)
	at com.kms.katalon.core.main.TestCaseMain.startTestSuite(TestCaseMain.java:149)
	at com.kms.katalon.core.main.TestCaseMain$startTestSuite$0.call(Unknown Source)
	at TempTestSuite1561150248290.run(TempTestSuite1561150248290.groovy:36)]]></system-err>
      </testcase>
      <testcase name="Test Cases/OCS - MOBILE/OCS- PRODUCT PAGE/Show all accessories" classname="Test Cases/OCS - MOBILE/OCS- PRODUCT PAGE/Show all accessories" status="FAILED">
         <failure type="FAILED" message="Test Cases/OCS - MOBILE/OCS- PRODUCT PAGE/Show all accessories FAILED.
Reason:
com.kms.katalon.core.exception.StepFailedException: Unable to click on object 'Object Repository/OCS-MOBILE /Age gate and burger menu/Dried Flower_Plus icon' (Root cause: com.kms.katalon.core.webui.exception.WebElementNotFoundException: Web element with id: 'Object Repository/OCS-MOBILE /Age gate and burger menu/Dried Flower_Plus icon' located by 'By.xpath: //i[@ xpath = '/html[1]/body[1]/div[1]/header[1]/div[2]/div[1]/div[2]/div[1]/div[1]/div[1]/nav[1]/ul[1]/li[1]/div[1]/div[2]/ul[1]/li[1]/a[1]']' not found)
	at com.kms.katalon.core.keyword.internal.KeywordMain.stepFailed(KeywordMain.groovy:36)
	at com.kms.katalon.core.webui.keyword.internal.WebUIKeywordMain.stepFailed(WebUIKeywordMain.groovy:65)
	at com.kms.katalon.core.webui.keyword.internal.WebUIKeywordMain.runKeyword(WebUIKeywordMain.groovy:27)
	at com.kms.katalon.core.webui.keyword.builtin.ClickKeyword.click(ClickKeyword.groovy:86)
	at com.kms.katalon.core.webui.keyword.builtin.ClickKeyword.execute(ClickKeyword.groovy:67)
	at com.kms.katalon.core.keyword.internal.KeywordExecutor.executeKeywordForPlatform(KeywordExecutor.groovy:53)
	at com.kms.katalon.core.webui.keyword.WebUiBuiltInKeywords.click(WebUiBuiltInKeywords.groovy:616)
	at com.kms.katalon.core.webui.keyword.WebUiBuiltInKeywords$click$4.call(Unknown Source)
	at CALL - PDP.run(CALL - PDP:55)
	at com.kms.katalon.core.main.ScriptEngine.run(ScriptEngine.java:194)
	at com.kms.katalon.core.main.ScriptEngine.runScriptAsRawText(ScriptEngine.java:119)
	at com.kms.katalon.core.main.TestCaseExecutor.runScript(TestCaseExecutor.java:328)
	at com.kms.katalon.core.main.TestCaseExecutor.doExecute(TestCaseExecutor.java:319)
	at com.kms.katalon.core.main.TestCaseExecutor.processExecutionPhase(TestCaseExecutor.java:298)
	at com.kms.katalon.core.main.TestCaseExecutor.accessMainPhase(TestCaseExecutor.java:290)
	at com.kms.katalon.core.main.TestCaseExecutor.execute(TestCaseExecutor.java:224)
	at com.kms.katalon.core.main.TestCaseMain.runTestCase(TestCaseMain.java:106)
	at com.kms.katalon.core.keyword.builtin.CallTestCaseKeyword$_callTestCase_closure1.doCall(CallTestCaseKeyword.groovy:59)
	at com.kms.katalon.core.keyword.builtin.CallTestCaseKeyword$_callTestCase_closure1.call(CallTestCaseKeyword.groovy)
	at com.kms.katalon.core.keyword.internal.KeywordMain.runKeyword(KeywordMain.groovy:54)
	at com.kms.katalon.core.keyword.builtin.CallTestCaseKeyword.callTestCase(CallTestCaseKeyword.groovy:80)
	at com.kms.katalon.core.keyword.builtin.CallTestCaseKeyword.execute(CallTestCaseKeyword.groovy:44)
	at com.kms.katalon.core.keyword.internal.KeywordExecutor.executeKeywordForPlatform(KeywordExecutor.groovy:53)
	at com.kms.katalon.core.keyword.BuiltinKeywords.callTestCase(BuiltinKeywords.groovy:334)
	at Show all accessories.run(Show all accessories:16)
	at com.kms.katalon.core.main.ScriptEngine.run(ScriptEngine.java:194)
	at com.kms.katalon.core.main.ScriptEngine.runScriptAsRawText(ScriptEngine.java:119)
	at com.kms.katalon.core.main.TestCaseExecutor.runScript(TestCaseExecutor.java:328)
	at com.kms.katalon.core.main.TestCaseExecutor.doExecute(TestCaseExecutor.java:319)
	at com.kms.katalon.core.main.TestCaseExecutor.processExecutionPhase(TestCaseExecutor.java:298)
	at com.kms.katalon.core.main.TestCaseExecutor.accessMainPhase(TestCaseExecutor.java:290)
	at com.kms.katalon.core.main.TestCaseExecutor.execute(TestCaseExecutor.java:224)
	at com.kms.katalon.core.main.TestSuiteExecutor.accessTestCaseMainPhase(TestSuiteExecutor.java:129)
	at com.kms.katalon.core.main.TestSuiteExecutor.accessTestSuiteMainPhase(TestSuiteExecutor.java:112)
	at com.kms.katalon.core.main.TestSuiteExecutor.execute(TestSuiteExecutor.java:81)
	at com.kms.katalon.core.main.TestCaseMain.startTestSuite(TestCaseMain.java:149)
	at com.kms.katalon.core.main.TestCaseMain$startTestSuite$0.call(Unknown Source)
	at TempTestSuite1561150248290.run(TempTestSuite1561150248290.groovy:36)
"/>
         <system-out><![CDATA[2019-06-21 17:14:20 - [TEST_CASE][FAILED] - Test Cases/OCS - MOBILE/OCS- PRODUCT PAGE/Show all accessories: Test Cases/OCS - MOBILE/OCS- PRODUCT PAGE/Show all accessories FAILED.
Reason:
com.kms.katalon.core.exception.StepFailedException: Unable to click on object 'Object Repository/OCS-MOBILE /Age gate and burger menu/Dried Flower_Plus icon' (Root cause: com.kms.katalon.core.webui.exception.WebElementNotFoundException: Web element with id: 'Object Repository/OCS-MOBILE /Age gate and burger menu/Dried Flower_Plus icon' located by 'By.xpath: //i[@ xpath = '/html[1]/body[1]/div[1]/header[1]/div[2]/div[1]/div[2]/div[1]/div[1]/div[1]/nav[1]/ul[1]/li[1]/div[1]/div[2]/ul[1]/li[1]/a[1]']' not found)
	at com.kms.katalon.core.keyword.internal.KeywordMain.stepFailed(KeywordMain.groovy:36)
	at com.kms.katalon.core.webui.keyword.internal.WebUIKeywordMain.stepFailed(WebUIKeywordMain.groovy:65)
	at com.kms.katalon.core.webui.keyword.internal.WebUIKeywordMain.runKeyword(WebUIKeywordMain.groovy:27)
	at com.kms.katalon.core.webui.keyword.builtin.ClickKeyword.click(ClickKeyword.groovy:86)
	at com.kms.katalon.core.webui.keyword.builtin.ClickKeyword.execute(ClickKeyword.groovy:67)
	at com.kms.katalon.core.keyword.internal.KeywordExecutor.executeKeywordForPlatform(KeywordExecutor.groovy:53)
	at com.kms.katalon.core.webui.keyword.WebUiBuiltInKeywords.click(WebUiBuiltInKeywords.groovy:616)
	at com.kms.katalon.core.webui.keyword.WebUiBuiltInKeywords$click$4.call(Unknown Source)
	at CALL - PDP.run(CALL - PDP:55)
	at com.kms.katalon.core.main.ScriptEngine.run(ScriptEngine.java:194)
	at com.kms.katalon.core.main.ScriptEngine.runScriptAsRawText(ScriptEngine.java:119)
	at com.kms.katalon.core.main.TestCaseExecutor.runScript(TestCaseExecutor.java:328)
	at com.kms.katalon.core.main.TestCaseExecutor.doExecute(TestCaseExecutor.java:319)
	at com.kms.katalon.core.main.TestCaseExecutor.processExecutionPhase(TestCaseExecutor.java:298)
	at com.kms.katalon.core.main.TestCaseExecutor.accessMainPhase(TestCaseExecutor.java:290)
	at com.kms.katalon.core.main.TestCaseExecutor.execute(TestCaseExecutor.java:224)
	at com.kms.katalon.core.main.TestCaseMain.runTestCase(TestCaseMain.java:106)
	at com.kms.katalon.core.keyword.builtin.CallTestCaseKeyword$_callTestCase_closure1.doCall(CallTestCaseKeyword.groovy:59)
	at com.kms.katalon.core.keyword.builtin.CallTestCaseKeyword$_callTestCase_closure1.call(CallTestCaseKeyword.groovy)
	at com.kms.katalon.core.keyword.internal.KeywordMain.runKeyword(KeywordMain.groovy:54)
	at com.kms.katalon.core.keyword.builtin.CallTestCaseKeyword.callTestCase(CallTestCaseKeyword.groovy:80)
	at com.kms.katalon.core.keyword.builtin.CallTestCaseKeyword.execute(CallTestCaseKeyword.groovy:44)
	at com.kms.katalon.core.keyword.internal.KeywordExecutor.executeKeywordForPlatform(KeywordExecutor.groovy:53)
	at com.kms.katalon.core.keyword.BuiltinKeywords.callTestCase(BuiltinKeywords.groovy:334)
	at Show all accessories.run(Show all accessories:16)
	at com.kms.katalon.core.main.ScriptEngine.run(ScriptEngine.java:194)
	at com.kms.katalon.core.main.ScriptEngine.runScriptAsRawText(ScriptEngine.java:119)
	at com.kms.katalon.core.main.TestCaseExecutor.runScript(TestCaseExecutor.java:328)
	at com.kms.katalon.core.main.TestCaseExecutor.doExecute(TestCaseExecutor.java:319)
	at com.kms.katalon.core.main.TestCaseExecutor.processExecutionPhase(TestCaseExecutor.java:298)
	at com.kms.katalon.core.main.TestCaseExecutor.accessMainPhase(TestCaseExecutor.java:290)
	at com.kms.katalon.core.main.TestCaseExecutor.execute(TestCaseExecutor.java:224)
	at com.kms.katalon.core.main.TestSuiteExecutor.accessTestCaseMainPhase(TestSuiteExecutor.java:129)
	at com.kms.katalon.core.main.TestSuiteExecutor.accessTestSuiteMainPhase(TestSuiteExecutor.java:112)
	at com.kms.katalon.core.main.TestSuiteExecutor.execute(TestSuiteExecutor.java:81)
	at com.kms.katalon.core.main.TestCaseMain.startTestSuite(TestCaseMain.java:149)
	at com.kms.katalon.core.main.TestCaseMain$startTestSuite$0.call(Unknown Source)
	at TempTestSuite1561150248290.run(TempTestSuite1561150248290.groovy:36)


2019-06-21 17:14:20 - [TEST_STEP][FAILED] - callTestCase(findTestCase("OCS - MOBILE/CALL - PDP"), [:], STOP_ON_FAILURE): callTestCase(findTestCase("OCS - MOBILE/CALL - PDP"), [:], STOP_ON_FAILURE) FAILED.
Reason:
com.kms.katalon.core.exception.StepFailedException: Unable to click on object 'Object Repository/OCS-MOBILE /Age gate and burger menu/Dried Flower_Plus icon' (Root cause: com.kms.katalon.core.webui.exception.WebElementNotFoundException: Web element with id: 'Object Repository/OCS-MOBILE /Age gate and burger menu/Dried Flower_Plus icon' located by 'By.xpath: //i[@ xpath = '/html[1]/body[1]/div[1]/header[1]/div[2]/div[1]/div[2]/div[1]/div[1]/div[1]/nav[1]/ul[1]/li[1]/div[1]/div[2]/ul[1]/li[1]/a[1]']' not found)
	at com.kms.katalon.core.keyword.internal.KeywordMain.stepFailed(KeywordMain.groovy:36)
	at com.kms.katalon.core.webui.keyword.internal.WebUIKeywordMain.stepFailed(WebUIKeywordMain.groovy:65)
	at com.kms.katalon.core.webui.keyword.internal.WebUIKeywordMain.runKeyword(WebUIKeywordMain.groovy:27)
	at com.kms.katalon.core.webui.keyword.builtin.ClickKeyword.click(ClickKeyword.groovy:86)
	at com.kms.katalon.core.webui.keyword.builtin.ClickKeyword.execute(ClickKeyword.groovy:67)
	at com.kms.katalon.core.keyword.internal.KeywordExecutor.executeKeywordForPlatform(KeywordExecutor.groovy:53)
	at com.kms.katalon.core.webui.keyword.WebUiBuiltInKeywords.click(WebUiBuiltInKeywords.groovy:616)
	at com.kms.katalon.core.webui.keyword.WebUiBuiltInKeywords$click$4.call(Unknown Source)
	at CALL - PDP.run(CALL - PDP:55)
	at com.kms.katalon.core.main.ScriptEngine.run(ScriptEngine.java:194)
	at com.kms.katalon.core.main.ScriptEngine.runScriptAsRawText(ScriptEngine.java:119)
	at com.kms.katalon.core.main.TestCaseExecutor.runScript(TestCaseExecutor.java:328)
	at com.kms.katalon.core.main.TestCaseExecutor.doExecute(TestCaseExecutor.java:319)
	at com.kms.katalon.core.main.TestCaseExecutor.processExecutionPhase(TestCaseExecutor.java:298)
	at com.kms.katalon.core.main.TestCaseExecutor.accessMainPhase(TestCaseExecutor.java:290)
	at com.kms.katalon.core.main.TestCaseExecutor.execute(TestCaseExecutor.java:224)
	at com.kms.katalon.core.main.TestCaseMain.runTestCase(TestCaseMain.java:106)
	at com.kms.katalon.core.keyword.builtin.CallTestCaseKeyword$_callTestCase_closure1.doCall(CallTestCaseKeyword.groovy:59)
	at com.kms.katalon.core.keyword.builtin.CallTestCaseKeyword$_callTestCase_closure1.call(CallTestCaseKeyword.groovy)
	at com.kms.katalon.core.keyword.internal.KeywordMain.runKeyword(KeywordMain.groovy:54)
	at com.kms.katalon.core.keyword.builtin.CallTestCaseKeyword.callTestCase(CallTestCaseKeyword.groovy:80)
	at com.kms.katalon.core.keyword.builtin.CallTestCaseKeyword.execute(CallTestCaseKeyword.groovy:44)
	at com.kms.katalon.core.keyword.internal.KeywordExecutor.executeKeywordForPlatform(KeywordExecutor.groovy:53)
	at com.kms.katalon.core.keyword.BuiltinKeywords.callTestCase(BuiltinKeywords.groovy:334)
	at Show all accessories.run(Show all accessories:16)
	at com.kms.katalon.core.main.ScriptEngine.run(ScriptEngine.java:194)
	at com.kms.katalon.core.main.ScriptEngine.runScriptAsRawText(ScriptEngine.java:119)
	at com.kms.katalon.core.main.TestCaseExecutor.runScript(TestCaseExecutor.java:328)
	at com.kms.katalon.core.main.TestCaseExecutor.doExecute(TestCaseExecutor.java:319)
	at com.kms.katalon.core.main.TestCaseExecutor.processExecutionPhase(TestCaseExecutor.java:298)
	at com.kms.katalon.core.main.TestCaseExecutor.accessMainPhase(TestCaseExecutor.java:290)
	at com.kms.katalon.core.main.TestCaseExecutor.execute(TestCaseExecutor.java:224)
	at com.kms.katalon.core.main.TestSuiteExecutor.accessTestCaseMainPhase(TestSuiteExecutor.java:129)
	at com.kms.katalon.core.main.TestSuiteExecutor.accessTestSuiteMainPhase(TestSuiteExecutor.java:112)
	at com.kms.katalon.core.main.TestSuiteExecutor.execute(TestSuiteExecutor.java:81)
	at com.kms.katalon.core.main.TestCaseMain.startTestSuite(TestCaseMain.java:149)
	at com.kms.katalon.core.main.TestCaseMain$startTestSuite$0.call(Unknown Source)
	at TempTestSuite1561150248290.run(TempTestSuite1561150248290.groovy:36)


2019-06-21 17:14:20 - [TEST_CASE][FAILED] - Test Cases/OCS - MOBILE/CALL - PDP: Test Cases/OCS - MOBILE/CALL - PDP FAILED.
Reason:
com.kms.katalon.core.exception.StepFailedException: Unable to click on object 'Object Repository/OCS-MOBILE /Age gate and burger menu/Dried Flower_Plus icon' (Root cause: com.kms.katalon.core.webui.exception.WebElementNotFoundException: Web element with id: 'Object Repository/OCS-MOBILE /Age gate and burger menu/Dried Flower_Plus icon' located by 'By.xpath: //i[@ xpath = '/html[1]/body[1]/div[1]/header[1]/div[2]/div[1]/div[2]/div[1]/div[1]/div[1]/nav[1]/ul[1]/li[1]/div[1]/div[2]/ul[1]/li[1]/a[1]']' not found)
	at com.kms.katalon.core.keyword.internal.KeywordMain.stepFailed(KeywordMain.groovy:36)
	at com.kms.katalon.core.webui.keyword.internal.WebUIKeywordMain.stepFailed(WebUIKeywordMain.groovy:65)
	at com.kms.katalon.core.webui.keyword.internal.WebUIKeywordMain.runKeyword(WebUIKeywordMain.groovy:27)
	at com.kms.katalon.core.webui.keyword.builtin.ClickKeyword.click(ClickKeyword.groovy:86)
	at com.kms.katalon.core.webui.keyword.builtin.ClickKeyword.execute(ClickKeyword.groovy:67)
	at com.kms.katalon.core.keyword.internal.KeywordExecutor.executeKeywordForPlatform(KeywordExecutor.groovy:53)
	at com.kms.katalon.core.webui.keyword.WebUiBuiltInKeywords.click(WebUiBuiltInKeywords.groovy:616)
	at com.kms.katalon.core.webui.keyword.WebUiBuiltInKeywords$click$4.call(Unknown Source)
	at CALL - PDP.run(CALL - PDP:55)
	at com.kms.katalon.core.main.ScriptEngine.run(ScriptEngine.java:194)
	at com.kms.katalon.core.main.ScriptEngine.runScriptAsRawText(ScriptEngine.java:119)
	at com.kms.katalon.core.main.TestCaseExecutor.runScript(TestCaseExecutor.java:328)
	at com.kms.katalon.core.main.TestCaseExecutor.doExecute(TestCaseExecutor.java:319)
	at com.kms.katalon.core.main.TestCaseExecutor.processExecutionPhase(TestCaseExecutor.java:298)
	at com.kms.katalon.core.main.TestCaseExecutor.accessMainPhase(TestCaseExecutor.java:290)
	at com.kms.katalon.core.main.TestCaseExecutor.execute(TestCaseExecutor.java:224)
	at com.kms.katalon.core.main.TestCaseMain.runTestCase(TestCaseMain.java:106)
	at com.kms.katalon.core.keyword.builtin.CallTestCaseKeyword$_callTestCase_closure1.doCall(CallTestCaseKeyword.groovy:59)
	at com.kms.katalon.core.keyword.builtin.CallTestCaseKeyword$_callTestCase_closure1.call(CallTestCaseKeyword.groovy)
	at com.kms.katalon.core.keyword.internal.KeywordMain.runKeyword(KeywordMain.groovy:54)
	at com.kms.katalon.core.keyword.builtin.CallTestCaseKeyword.callTestCase(CallTestCaseKeyword.groovy:80)
	at com.kms.katalon.core.keyword.builtin.CallTestCaseKeyword.execute(CallTestCaseKeyword.groovy:44)
	at com.kms.katalon.core.keyword.internal.KeywordExecutor.executeKeywordForPlatform(KeywordExecutor.groovy:53)
	at com.kms.katalon.core.keyword.BuiltinKeywords.callTestCase(BuiltinKeywords.groovy:334)
	at Show all accessories.run(Show all accessories:16)
	at com.kms.katalon.core.main.ScriptEngine.run(ScriptEngine.java:194)
	at com.kms.katalon.core.main.ScriptEngine.runScriptAsRawText(ScriptEngine.java:119)
	at com.kms.katalon.core.main.TestCaseExecutor.runScript(TestCaseExecutor.java:328)
	at com.kms.katalon.core.main.TestCaseExecutor.doExecute(TestCaseExecutor.java:319)
	at com.kms.katalon.core.main.TestCaseExecutor.processExecutionPhase(TestCaseExecutor.java:298)
	at com.kms.katalon.core.main.TestCaseExecutor.accessMainPhase(TestCaseExecutor.java:290)
	at com.kms.katalon.core.main.TestCaseExecutor.execute(TestCaseExecutor.java:224)
	at com.kms.katalon.core.main.TestSuiteExecutor.accessTestCaseMainPhase(TestSuiteExecutor.java:129)
	at com.kms.katalon.core.main.TestSuiteExecutor.accessTestSuiteMainPhase(TestSuiteExecutor.java:112)
	at com.kms.katalon.core.main.TestSuiteExecutor.execute(TestSuiteExecutor.java:81)
	at com.kms.katalon.core.main.TestCaseMain.startTestSuite(TestCaseMain.java:149)
	at com.kms.katalon.core.main.TestCaseMain$startTestSuite$0.call(Unknown Source)
	at TempTestSuite1561150248290.run(TempTestSuite1561150248290.groovy:36)


2019-06-21 17:14:20 - [TEST_STEP][PASSED] - openBrowser(""): Browser is opened with url: ''

2019-06-21 17:14:20 - [MESSAGE][WARNING] - A browser is already opened. Closing browser and opening a new one

2019-06-21 17:14:20 - [MESSAGE][INFO] - Starting 'Chrome' driver

2019-06-21 17:14:21 - [MESSAGE][PASSED] - Browser is opened with url: ''

2019-06-21 17:14:21 - [TEST_STEP][PASSED] - navigateToUrl("https://ocs.ca/?fts=0&preview_theme_id=74057975628"): Navigate to 'https://ocs.ca/?fts=0&preview_theme_id=74057975628' successfully

2019-06-21 17:14:27 - [MESSAGE][PASSED] - Navigate to 'https://ocs.ca/?fts=0&preview_theme_id=74057975628' successfully

2019-06-21 17:14:27 - [TEST_STEP][PASSED] - executeJavaScript("var previewBar = document.getElementById("preview-bar-iframe"); previewBar.style.display = "none";", []): Execute JavaScript 'var previewBar = document.getElementById("preview-bar-iframe"); previewBar.style.display = "none";' successfully

2019-06-21 17:14:27 - [MESSAGE][PASSED] - Execute JavaScript 'var previewBar = document.getElementById("preview-bar-iframe"); previewBar.style.display = "none";' successfully

2019-06-21 17:14:27 - [TEST_STEP][PASSED] - setViewPortSize(360, 800): Viewport is set to new size with width = 360 and height = 800

2019-06-21 17:14:27 - [MESSAGE][PASSED] - Viewport is set to new size with width = 360 and height = 800

2019-06-21 17:14:27 - [TEST_STEP][PASSED] - delay(4): Delayed 4 second(s)

2019-06-21 17:14:31 - [MESSAGE][PASSED] - Delayed 4 second(s)

2019-06-21 17:14:31 - [TEST_STEP][PASSED] - selectOptionByValue(findTestObject("OCS-MOBILE /Age gate and burger menu/Date"), "12", true): All options with value '12' are selected in object 'Object Repository/OCS-MOBILE /Age gate and burger menu/Date'  using regular expression

2019-06-21 17:14:31 - [MESSAGE][PASSED] - All options with value '12' are selected in object 'Object Repository/OCS-MOBILE /Age gate and burger menu/Date'  using regular expression

2019-06-21 17:14:31 - [TEST_STEP][PASSED] - selectOptionByValue(findTestObject("OCS-MOBILE /Age gate and burger menu/month"), "6", true): All options with value '6' are selected in object 'Object Repository/OCS-MOBILE /Age gate and burger menu/month'  using regular expression

2019-06-21 17:14:31 - [MESSAGE][PASSED] - All options with value '6' are selected in object 'Object Repository/OCS-MOBILE /Age gate and burger menu/month'  using regular expression

2019-06-21 17:14:31 - [TEST_STEP][PASSED] - delay(2): Delayed 2 second(s)

2019-06-21 17:14:33 - [MESSAGE][PASSED] - Delayed 2 second(s)

2019-06-21 17:14:33 - [TEST_STEP][PASSED] - selectOptionByValue(findTestObject("OCS-MOBILE /Age gate and burger menu/Year Dropdown"), "1990", true): All options with value '1990' are selected in object 'Object Repository/OCS-MOBILE /Age gate and burger menu/Year Dropdown'  using regular expression

2019-06-21 17:14:34 - [MESSAGE][PASSED] - All options with value '1990' are selected in object 'Object Repository/OCS-MOBILE /Age gate and burger menu/Year Dropdown'  using regular expression

2019-06-21 17:14:34 - [TEST_STEP][PASSED] - click(findTestObject("OCS-MOBILE /Age gate and Mega menu/button_Verify")): Object: 'Object Repository/OCS-MOBILE /Age gate and Mega menu/button_Verify' is clicked on

2019-06-21 17:14:34 - [MESSAGE][PASSED] - Object: 'Object Repository/OCS-MOBILE /Age gate and Mega menu/button_Verify' is clicked on

2019-06-21 17:14:34 - [TEST_STEP][PASSED] - click(findTestObject("OCS-MOBILE /Age gate and Mega menu/Checkbox_CONFIRM AND ACKNOWLEDGE")): Object: 'Object Repository/OCS-MOBILE /Age gate and Mega menu/Checkbox_CONFIRM AND ACKNOWLEDGE' is clicked on

2019-06-21 17:14:34 - [MESSAGE][PASSED] - Object: 'Object Repository/OCS-MOBILE /Age gate and Mega menu/Checkbox_CONFIRM AND ACKNOWLEDGE' is clicked on

2019-06-21 17:14:34 - [TEST_STEP][PASSED] - click(findTestObject("OCS-MOBILE /Age gate and Mega menu/button_CONFIRM")): Object: 'Object Repository/OCS-MOBILE /Age gate and Mega menu/button_CONFIRM' is clicked on

2019-06-21 17:14:35 - [MESSAGE][PASSED] - Object: 'Object Repository/OCS-MOBILE /Age gate and Mega menu/button_CONFIRM' is clicked on

2019-06-21 17:14:35 - [TEST_STEP][PASSED] - click(findTestObject("OCS-MOBILE /Age gate and Mega menu/button_Start Browsing")): Object: 'Object Repository/OCS-MOBILE /Age gate and Mega menu/button_Start Browsing' is clicked on

2019-06-21 17:14:35 - [MESSAGE][PASSED] - Object: 'Object Repository/OCS-MOBILE /Age gate and Mega menu/button_Start Browsing' is clicked on

2019-06-21 17:14:35 - [TEST_STEP][PASSED] - refresh(): Refresh successfully

2019-06-21 17:14:35 - [MESSAGE][PASSED] - Refresh successfully

2019-06-21 17:14:35 - [TEST_STEP][PASSED] - delay(2): Delayed 2 second(s)

2019-06-21 17:14:37 - [MESSAGE][PASSED] - Delayed 2 second(s)

2019-06-21 17:14:37 - [TEST_STEP][PASSED] - click(findTestObject("OCS-MOBILE /Age gate and burger menu/Burger menu - English")): Object: 'Object Repository/OCS-MOBILE /Age gate and burger menu/Burger menu - English' is clicked on

2019-06-21 17:14:38 - [MESSAGE][PASSED] - Object: 'Object Repository/OCS-MOBILE /Age gate and burger menu/Burger menu - English' is clicked on

2019-06-21 17:14:38 - [TEST_STEP][PASSED] - delay(2): Delayed 2 second(s)

2019-06-21 17:14:40 - [MESSAGE][PASSED] - Delayed 2 second(s)

2019-06-21 17:14:40 - [TEST_STEP][PASSED] - click(findTestObject("OCS-MOBILE /Age gate and burger menu/Chevron_Cannabis")): Object: 'Object Repository/OCS-MOBILE /Age gate and burger menu/Chevron_Cannabis' is clicked on

2019-06-21 17:14:40 - [MESSAGE][PASSED] - Object: 'Object Repository/OCS-MOBILE /Age gate and burger menu/Chevron_Cannabis' is clicked on

2019-06-21 17:14:40 - [TEST_STEP][PASSED] - delay(2): Delayed 2 second(s)

2019-06-21 17:14:42 - [MESSAGE][PASSED] - Delayed 2 second(s)

2019-06-21 17:14:42 - [TEST_STEP][FAILED] - click(findTestObject("OCS-MOBILE /Age gate and burger menu/Dried Flower_Plus icon")): click(findTestObject("OCS-MOBILE /Age gate and burger menu/Dried Flower_Plus icon")) FAILED.
Reason:
com.kms.katalon.core.exception.StepFailedException: Unable to click on object 'Object Repository/OCS-MOBILE /Age gate and burger menu/Dried Flower_Plus icon' (Root cause: com.kms.katalon.core.webui.exception.WebElementNotFoundException: Web element with id: 'Object Repository/OCS-MOBILE /Age gate and burger menu/Dried Flower_Plus icon' located by 'By.xpath: //i[@ xpath = '/html[1]/body[1]/div[1]/header[1]/div[2]/div[1]/div[2]/div[1]/div[1]/div[1]/nav[1]/ul[1]/li[1]/div[1]/div[2]/ul[1]/li[1]/a[1]']' not found)
	at com.kms.katalon.core.keyword.internal.KeywordMain.stepFailed(KeywordMain.groovy:36)
	at com.kms.katalon.core.webui.keyword.internal.WebUIKeywordMain.stepFailed(WebUIKeywordMain.groovy:65)
	at com.kms.katalon.core.webui.keyword.internal.WebUIKeywordMain.runKeyword(WebUIKeywordMain.groovy:27)
	at com.kms.katalon.core.webui.keyword.builtin.ClickKeyword.click(ClickKeyword.groovy:86)
	at com.kms.katalon.core.webui.keyword.builtin.ClickKeyword.execute(ClickKeyword.groovy:67)
	at com.kms.katalon.core.keyword.internal.KeywordExecutor.executeKeywordForPlatform(KeywordExecutor.groovy:53)
	at com.kms.katalon.core.webui.keyword.WebUiBuiltInKeywords.click(WebUiBuiltInKeywords.groovy:616)
	at com.kms.katalon.core.webui.keyword.WebUiBuiltInKeywords$click$4.call(Unknown Source)
	at CALL - PDP.run(CALL - PDP:55)
	at com.kms.katalon.core.main.ScriptEngine.run(ScriptEngine.java:194)
	at com.kms.katalon.core.main.ScriptEngine.runScriptAsRawText(ScriptEngine.java:119)
	at com.kms.katalon.core.main.TestCaseExecutor.runScript(TestCaseExecutor.java:328)
	at com.kms.katalon.core.main.TestCaseExecutor.doExecute(TestCaseExecutor.java:319)
	at com.kms.katalon.core.main.TestCaseExecutor.processExecutionPhase(TestCaseExecutor.java:298)
	at com.kms.katalon.core.main.TestCaseExecutor.accessMainPhase(TestCaseExecutor.java:290)
	at com.kms.katalon.core.main.TestCaseExecutor.execute(TestCaseExecutor.java:224)
	at com.kms.katalon.core.main.TestCaseMain.runTestCase(TestCaseMain.java:106)
	at com.kms.katalon.core.keyword.builtin.CallTestCaseKeyword$_callTestCase_closure1.doCall(CallTestCaseKeyword.groovy:59)
	at com.kms.katalon.core.keyword.builtin.CallTestCaseKeyword$_callTestCase_closure1.call(CallTestCaseKeyword.groovy)
	at com.kms.katalon.core.keyword.internal.KeywordMain.runKeyword(KeywordMain.groovy:54)
	at com.kms.katalon.core.keyword.builtin.CallTestCaseKeyword.callTestCase(CallTestCaseKeyword.groovy:80)
	at com.kms.katalon.core.keyword.builtin.CallTestCaseKeyword.execute(CallTestCaseKeyword.groovy:44)
	at com.kms.katalon.core.keyword.internal.KeywordExecutor.executeKeywordForPlatform(KeywordExecutor.groovy:53)
	at com.kms.katalon.core.keyword.BuiltinKeywords.callTestCase(BuiltinKeywords.groovy:334)
	at Show all accessories.run(Show all accessories:16)
	at com.kms.katalon.core.main.ScriptEngine.run(ScriptEngine.java:194)
	at com.kms.katalon.core.main.ScriptEngine.runScriptAsRawText(ScriptEngine.java:119)
	at com.kms.katalon.core.main.TestCaseExecutor.runScript(TestCaseExecutor.java:328)
	at com.kms.katalon.core.main.TestCaseExecutor.doExecute(TestCaseExecutor.java:319)
	at com.kms.katalon.core.main.TestCaseExecutor.processExecutionPhase(TestCaseExecutor.java:298)
	at com.kms.katalon.core.main.TestCaseExecutor.accessMainPhase(TestCaseExecutor.java:290)
	at com.kms.katalon.core.main.TestCaseExecutor.execute(TestCaseExecutor.java:224)
	at com.kms.katalon.core.main.TestSuiteExecutor.accessTestCaseMainPhase(TestSuiteExecutor.java:129)
	at com.kms.katalon.core.main.TestSuiteExecutor.accessTestSuiteMainPhase(TestSuiteExecutor.java:112)
	at com.kms.katalon.core.main.TestSuiteExecutor.execute(TestSuiteExecutor.java:81)
	at com.kms.katalon.core.main.TestCaseMain.startTestSuite(TestCaseMain.java:149)
	at com.kms.katalon.core.main.TestCaseMain$startTestSuite$0.call(Unknown Source)
	at TempTestSuite1561150248290.run(TempTestSuite1561150248290.groovy:36)


2019-06-21 17:15:13 - [MESSAGE][INFO] - Unable to find the element located by 'By.xpath: //i[@ xpath = '/html[1]/body[1]/div[1]/header[1]/div[2]/div[1]/div[2]/div[1]/div[1]/div[1]/nav[1]/ul[1]/li[1]/div[1]/div[2]/ul[1]/li[1]/a[1]']'. Please recheck the objects properties to make sure the desired element is located. 

2019-06-21 17:15:13 - [MESSAGE][FAILED] - Unable to click on object 'Object Repository/OCS-MOBILE /Age gate and burger menu/Dried Flower_Plus icon' (Root cause: com.kms.katalon.core.webui.exception.WebElementNotFoundException: Web element with id: 'Object Repository/OCS-MOBILE /Age gate and burger menu/Dried Flower_Plus icon' located by 'By.xpath: //i[@ xpath = '/html[1]/body[1]/div[1]/header[1]/div[2]/div[1]/div[2]/div[1]/div[1]/div[1]/nav[1]/ul[1]/li[1]/div[1]/div[2]/ul[1]/li[1]/a[1]']' not found)
[[ATTACHMENT|/Users/sumankompelly/Relative xpath-Mobile/Reports/OCS - 1.11.0/20190621_165048/1561151713263.png]]

2019-06-21 17:15:13 - [MESSAGE][FAILED] - click(findTestObject("OCS-MOBILE /Age gate and burger menu/Dried Flower_Plus icon")) FAILED.
Reason:
com.kms.katalon.core.exception.StepFailedException: Unable to click on object 'Object Repository/OCS-MOBILE /Age gate and burger menu/Dried Flower_Plus icon' (Root cause: com.kms.katalon.core.webui.exception.WebElementNotFoundException: Web element with id: 'Object Repository/OCS-MOBILE /Age gate and burger menu/Dried Flower_Plus icon' located by 'By.xpath: //i[@ xpath = '/html[1]/body[1]/div[1]/header[1]/div[2]/div[1]/div[2]/div[1]/div[1]/div[1]/nav[1]/ul[1]/li[1]/div[1]/div[2]/ul[1]/li[1]/a[1]']' not found)
	at com.kms.katalon.core.keyword.internal.KeywordMain.stepFailed(KeywordMain.groovy:36)
	at com.kms.katalon.core.webui.keyword.internal.WebUIKeywordMain.stepFailed(WebUIKeywordMain.groovy:65)
	at com.kms.katalon.core.webui.keyword.internal.WebUIKeywordMain.runKeyword(WebUIKeywordMain.groovy:27)
	at com.kms.katalon.core.webui.keyword.builtin.ClickKeyword.click(ClickKeyword.groovy:86)
	at com.kms.katalon.core.webui.keyword.builtin.ClickKeyword.execute(ClickKeyword.groovy:67)
	at com.kms.katalon.core.keyword.internal.KeywordExecutor.executeKeywordForPlatform(KeywordExecutor.groovy:53)
	at com.kms.katalon.core.webui.keyword.WebUiBuiltInKeywords.click(WebUiBuiltInKeywords.groovy:616)
	at com.kms.katalon.core.webui.keyword.WebUiBuiltInKeywords$click$4.call(Unknown Source)
	at CALL - PDP.run(CALL - PDP:55)
	at com.kms.katalon.core.main.ScriptEngine.run(ScriptEngine.java:194)
	at com.kms.katalon.core.main.ScriptEngine.runScriptAsRawText(ScriptEngine.java:119)
	at com.kms.katalon.core.main.TestCaseExecutor.runScript(TestCaseExecutor.java:328)
	at com.kms.katalon.core.main.TestCaseExecutor.doExecute(TestCaseExecutor.java:319)
	at com.kms.katalon.core.main.TestCaseExecutor.processExecutionPhase(TestCaseExecutor.java:298)
	at com.kms.katalon.core.main.TestCaseExecutor.accessMainPhase(TestCaseExecutor.java:290)
	at com.kms.katalon.core.main.TestCaseExecutor.execute(TestCaseExecutor.java:224)
	at com.kms.katalon.core.main.TestCaseMain.runTestCase(TestCaseMain.java:106)
	at com.kms.katalon.core.keyword.builtin.CallTestCaseKeyword$_callTestCase_closure1.doCall(CallTestCaseKeyword.groovy:59)
	at com.kms.katalon.core.keyword.builtin.CallTestCaseKeyword$_callTestCase_closure1.call(CallTestCaseKeyword.groovy)
	at com.kms.katalon.core.keyword.internal.KeywordMain.runKeyword(KeywordMain.groovy:54)
	at com.kms.katalon.core.keyword.builtin.CallTestCaseKeyword.callTestCase(CallTestCaseKeyword.groovy:80)
	at com.kms.katalon.core.keyword.builtin.CallTestCaseKeyword.execute(CallTestCaseKeyword.groovy:44)
	at com.kms.katalon.core.keyword.internal.KeywordExecutor.executeKeywordForPlatform(KeywordExecutor.groovy:53)
	at com.kms.katalon.core.keyword.BuiltinKeywords.callTestCase(BuiltinKeywords.groovy:334)
	at Show all accessories.run(Show all accessories:16)
	at com.kms.katalon.core.main.ScriptEngine.run(ScriptEngine.java:194)
	at com.kms.katalon.core.main.ScriptEngine.runScriptAsRawText(ScriptEngine.java:119)
	at com.kms.katalon.core.main.TestCaseExecutor.runScript(TestCaseExecutor.java:328)
	at com.kms.katalon.core.main.TestCaseExecutor.doExecute(TestCaseExecutor.java:319)
	at com.kms.katalon.core.main.TestCaseExecutor.processExecutionPhase(TestCaseExecutor.java:298)
	at com.kms.katalon.core.main.TestCaseExecutor.accessMainPhase(TestCaseExecutor.java:290)
	at com.kms.katalon.core.main.TestCaseExecutor.execute(TestCaseExecutor.java:224)
	at com.kms.katalon.core.main.TestSuiteExecutor.accessTestCaseMainPhase(TestSuiteExecutor.java:129)
	at com.kms.katalon.core.main.TestSuiteExecutor.accessTestSuiteMainPhase(TestSuiteExecutor.java:112)
	at com.kms.katalon.core.main.TestSuiteExecutor.execute(TestSuiteExecutor.java:81)
	at com.kms.katalon.core.main.TestCaseMain.startTestSuite(TestCaseMain.java:149)
	at com.kms.katalon.core.main.TestCaseMain$startTestSuite$0.call(Unknown Source)
	at TempTestSuite1561150248290.run(TempTestSuite1561150248290.groovy:36)


2019-06-21 17:15:13 - [MESSAGE][FAILED] - Unable to call Test Case 'Test Cases/OCS - MOBILE/CALL - PDP' (Root cause: com.kms.katalon.core.exception.StepFailedException: Call Test Case 'Test Cases/OCS - MOBILE/CALL - PDP' failed)

2019-06-21 17:15:13 - [MESSAGE][FAILED] - callTestCase(findTestCase("OCS - MOBILE/CALL - PDP"), [:], STOP_ON_FAILURE) FAILED.
Reason:
com.kms.katalon.core.exception.StepFailedException: Unable to click on object 'Object Repository/OCS-MOBILE /Age gate and burger menu/Dried Flower_Plus icon' (Root cause: com.kms.katalon.core.webui.exception.WebElementNotFoundException: Web element with id: 'Object Repository/OCS-MOBILE /Age gate and burger menu/Dried Flower_Plus icon' located by 'By.xpath: //i[@ xpath = '/html[1]/body[1]/div[1]/header[1]/div[2]/div[1]/div[2]/div[1]/div[1]/div[1]/nav[1]/ul[1]/li[1]/div[1]/div[2]/ul[1]/li[1]/a[1]']' not found)
	at com.kms.katalon.core.keyword.internal.KeywordMain.stepFailed(KeywordMain.groovy:36)
	at com.kms.katalon.core.webui.keyword.internal.WebUIKeywordMain.stepFailed(WebUIKeywordMain.groovy:65)
	at com.kms.katalon.core.webui.keyword.internal.WebUIKeywordMain.runKeyword(WebUIKeywordMain.groovy:27)
	at com.kms.katalon.core.webui.keyword.builtin.ClickKeyword.click(ClickKeyword.groovy:86)
	at com.kms.katalon.core.webui.keyword.builtin.ClickKeyword.execute(ClickKeyword.groovy:67)
	at com.kms.katalon.core.keyword.internal.KeywordExecutor.executeKeywordForPlatform(KeywordExecutor.groovy:53)
	at com.kms.katalon.core.webui.keyword.WebUiBuiltInKeywords.click(WebUiBuiltInKeywords.groovy:616)
	at com.kms.katalon.core.webui.keyword.WebUiBuiltInKeywords$click$4.call(Unknown Source)
	at CALL - PDP.run(CALL - PDP:55)
	at com.kms.katalon.core.main.ScriptEngine.run(ScriptEngine.java:194)
	at com.kms.katalon.core.main.ScriptEngine.runScriptAsRawText(ScriptEngine.java:119)
	at com.kms.katalon.core.main.TestCaseExecutor.runScript(TestCaseExecutor.java:328)
	at com.kms.katalon.core.main.TestCaseExecutor.doExecute(TestCaseExecutor.java:319)
	at com.kms.katalon.core.main.TestCaseExecutor.processExecutionPhase(TestCaseExecutor.java:298)
	at com.kms.katalon.core.main.TestCaseExecutor.accessMainPhase(TestCaseExecutor.java:290)
	at com.kms.katalon.core.main.TestCaseExecutor.execute(TestCaseExecutor.java:224)
	at com.kms.katalon.core.main.TestCaseMain.runTestCase(TestCaseMain.java:106)
	at com.kms.katalon.core.keyword.builtin.CallTestCaseKeyword$_callTestCase_closure1.doCall(CallTestCaseKeyword.groovy:59)
	at com.kms.katalon.core.keyword.builtin.CallTestCaseKeyword$_callTestCase_closure1.call(CallTestCaseKeyword.groovy)
	at com.kms.katalon.core.keyword.internal.KeywordMain.runKeyword(KeywordMain.groovy:54)
	at com.kms.katalon.core.keyword.builtin.CallTestCaseKeyword.callTestCase(CallTestCaseKeyword.groovy:80)
	at com.kms.katalon.core.keyword.builtin.CallTestCaseKeyword.execute(CallTestCaseKeyword.groovy:44)
	at com.kms.katalon.core.keyword.internal.KeywordExecutor.executeKeywordForPlatform(KeywordExecutor.groovy:53)
	at com.kms.katalon.core.keyword.BuiltinKeywords.callTestCase(BuiltinKeywords.groovy:334)
	at Show all accessories.run(Show all accessories:16)
	at com.kms.katalon.core.main.ScriptEngine.run(ScriptEngine.java:194)
	at com.kms.katalon.core.main.ScriptEngine.runScriptAsRawText(ScriptEngine.java:119)
	at com.kms.katalon.core.main.TestCaseExecutor.runScript(TestCaseExecutor.java:328)
	at com.kms.katalon.core.main.TestCaseExecutor.doExecute(TestCaseExecutor.java:319)
	at com.kms.katalon.core.main.TestCaseExecutor.processExecutionPhase(TestCaseExecutor.java:298)
	at com.kms.katalon.core.main.TestCaseExecutor.accessMainPhase(TestCaseExecutor.java:290)
	at com.kms.katalon.core.main.TestCaseExecutor.execute(TestCaseExecutor.java:224)
	at com.kms.katalon.core.main.TestSuiteExecutor.accessTestCaseMainPhase(TestSuiteExecutor.java:129)
	at com.kms.katalon.core.main.TestSuiteExecutor.accessTestSuiteMainPhase(TestSuiteExecutor.java:112)
	at com.kms.katalon.core.main.TestSuiteExecutor.execute(TestSuiteExecutor.java:81)
	at com.kms.katalon.core.main.TestCaseMain.startTestSuite(TestCaseMain.java:149)
	at com.kms.katalon.core.main.TestCaseMain$startTestSuite$0.call(Unknown Source)
	at TempTestSuite1561150248290.run(TempTestSuite1561150248290.groovy:36)]]></system-out>
         <system-err><![CDATA[2019-06-21 17:14:20 - [TEST_CASE][FAILED] - Test Cases/OCS - MOBILE/OCS- PRODUCT PAGE/Show all accessories: Test Cases/OCS - MOBILE/OCS- PRODUCT PAGE/Show all accessories FAILED.
Reason:
com.kms.katalon.core.exception.StepFailedException: Unable to click on object 'Object Repository/OCS-MOBILE /Age gate and burger menu/Dried Flower_Plus icon' (Root cause: com.kms.katalon.core.webui.exception.WebElementNotFoundException: Web element with id: 'Object Repository/OCS-MOBILE /Age gate and burger menu/Dried Flower_Plus icon' located by 'By.xpath: //i[@ xpath = '/html[1]/body[1]/div[1]/header[1]/div[2]/div[1]/div[2]/div[1]/div[1]/div[1]/nav[1]/ul[1]/li[1]/div[1]/div[2]/ul[1]/li[1]/a[1]']' not found)
	at com.kms.katalon.core.keyword.internal.KeywordMain.stepFailed(KeywordMain.groovy:36)
	at com.kms.katalon.core.webui.keyword.internal.WebUIKeywordMain.stepFailed(WebUIKeywordMain.groovy:65)
	at com.kms.katalon.core.webui.keyword.internal.WebUIKeywordMain.runKeyword(WebUIKeywordMain.groovy:27)
	at com.kms.katalon.core.webui.keyword.builtin.ClickKeyword.click(ClickKeyword.groovy:86)
	at com.kms.katalon.core.webui.keyword.builtin.ClickKeyword.execute(ClickKeyword.groovy:67)
	at com.kms.katalon.core.keyword.internal.KeywordExecutor.executeKeywordForPlatform(KeywordExecutor.groovy:53)
	at com.kms.katalon.core.webui.keyword.WebUiBuiltInKeywords.click(WebUiBuiltInKeywords.groovy:616)
	at com.kms.katalon.core.webui.keyword.WebUiBuiltInKeywords$click$4.call(Unknown Source)
	at CALL - PDP.run(CALL - PDP:55)
	at com.kms.katalon.core.main.ScriptEngine.run(ScriptEngine.java:194)
	at com.kms.katalon.core.main.ScriptEngine.runScriptAsRawText(ScriptEngine.java:119)
	at com.kms.katalon.core.main.TestCaseExecutor.runScript(TestCaseExecutor.java:328)
	at com.kms.katalon.core.main.TestCaseExecutor.doExecute(TestCaseExecutor.java:319)
	at com.kms.katalon.core.main.TestCaseExecutor.processExecutionPhase(TestCaseExecutor.java:298)
	at com.kms.katalon.core.main.TestCaseExecutor.accessMainPhase(TestCaseExecutor.java:290)
	at com.kms.katalon.core.main.TestCaseExecutor.execute(TestCaseExecutor.java:224)
	at com.kms.katalon.core.main.TestCaseMain.runTestCase(TestCaseMain.java:106)
	at com.kms.katalon.core.keyword.builtin.CallTestCaseKeyword$_callTestCase_closure1.doCall(CallTestCaseKeyword.groovy:59)
	at com.kms.katalon.core.keyword.builtin.CallTestCaseKeyword$_callTestCase_closure1.call(CallTestCaseKeyword.groovy)
	at com.kms.katalon.core.keyword.internal.KeywordMain.runKeyword(KeywordMain.groovy:54)
	at com.kms.katalon.core.keyword.builtin.CallTestCaseKeyword.callTestCase(CallTestCaseKeyword.groovy:80)
	at com.kms.katalon.core.keyword.builtin.CallTestCaseKeyword.execute(CallTestCaseKeyword.groovy:44)
	at com.kms.katalon.core.keyword.internal.KeywordExecutor.executeKeywordForPlatform(KeywordExecutor.groovy:53)
	at com.kms.katalon.core.keyword.BuiltinKeywords.callTestCase(BuiltinKeywords.groovy:334)
	at Show all accessories.run(Show all accessories:16)
	at com.kms.katalon.core.main.ScriptEngine.run(ScriptEngine.java:194)
	at com.kms.katalon.core.main.ScriptEngine.runScriptAsRawText(ScriptEngine.java:119)
	at com.kms.katalon.core.main.TestCaseExecutor.runScript(TestCaseExecutor.java:328)
	at com.kms.katalon.core.main.TestCaseExecutor.doExecute(TestCaseExecutor.java:319)
	at com.kms.katalon.core.main.TestCaseExecutor.processExecutionPhase(TestCaseExecutor.java:298)
	at com.kms.katalon.core.main.TestCaseExecutor.accessMainPhase(TestCaseExecutor.java:290)
	at com.kms.katalon.core.main.TestCaseExecutor.execute(TestCaseExecutor.java:224)
	at com.kms.katalon.core.main.TestSuiteExecutor.accessTestCaseMainPhase(TestSuiteExecutor.java:129)
	at com.kms.katalon.core.main.TestSuiteExecutor.accessTestSuiteMainPhase(TestSuiteExecutor.java:112)
	at com.kms.katalon.core.main.TestSuiteExecutor.execute(TestSuiteExecutor.java:81)
	at com.kms.katalon.core.main.TestCaseMain.startTestSuite(TestCaseMain.java:149)
	at com.kms.katalon.core.main.TestCaseMain$startTestSuite$0.call(Unknown Source)
	at TempTestSuite1561150248290.run(TempTestSuite1561150248290.groovy:36)]]></system-err>
      </testcase>
      <testcase name="Test Cases/OCS - MOBILE/OCS- PRODUCT PAGE/More items to consider" classname="Test Cases/OCS - MOBILE/OCS- PRODUCT PAGE/More items to consider" status="FAILED">
         <failure type="FAILED" message="Test Cases/OCS - MOBILE/OCS- PRODUCT PAGE/More items to consider FAILED.
Reason:
com.kms.katalon.core.exception.StepFailedException: Unable to click on object 'Object Repository/OCS-MOBILE /Age gate and burger menu/Dried Flower_Plus icon' (Root cause: com.kms.katalon.core.webui.exception.WebElementNotFoundException: Web element with id: 'Object Repository/OCS-MOBILE /Age gate and burger menu/Dried Flower_Plus icon' located by 'By.xpath: //i[@ xpath = '/html[1]/body[1]/div[1]/header[1]/div[2]/div[1]/div[2]/div[1]/div[1]/div[1]/nav[1]/ul[1]/li[1]/div[1]/div[2]/ul[1]/li[1]/a[1]']' not found)
	at com.kms.katalon.core.keyword.internal.KeywordMain.stepFailed(KeywordMain.groovy:36)
	at com.kms.katalon.core.webui.keyword.internal.WebUIKeywordMain.stepFailed(WebUIKeywordMain.groovy:65)
	at com.kms.katalon.core.webui.keyword.internal.WebUIKeywordMain.runKeyword(WebUIKeywordMain.groovy:27)
	at com.kms.katalon.core.webui.keyword.builtin.ClickKeyword.click(ClickKeyword.groovy:86)
	at com.kms.katalon.core.webui.keyword.builtin.ClickKeyword.execute(ClickKeyword.groovy:67)
	at com.kms.katalon.core.keyword.internal.KeywordExecutor.executeKeywordForPlatform(KeywordExecutor.groovy:53)
	at com.kms.katalon.core.webui.keyword.WebUiBuiltInKeywords.click(WebUiBuiltInKeywords.groovy:616)
	at com.kms.katalon.core.webui.keyword.WebUiBuiltInKeywords$click$4.call(Unknown Source)
	at CALL - PDP.run(CALL - PDP:55)
	at com.kms.katalon.core.main.ScriptEngine.run(ScriptEngine.java:194)
	at com.kms.katalon.core.main.ScriptEngine.runScriptAsRawText(ScriptEngine.java:119)
	at com.kms.katalon.core.main.TestCaseExecutor.runScript(TestCaseExecutor.java:328)
	at com.kms.katalon.core.main.TestCaseExecutor.doExecute(TestCaseExecutor.java:319)
	at com.kms.katalon.core.main.TestCaseExecutor.processExecutionPhase(TestCaseExecutor.java:298)
	at com.kms.katalon.core.main.TestCaseExecutor.accessMainPhase(TestCaseExecutor.java:290)
	at com.kms.katalon.core.main.TestCaseExecutor.execute(TestCaseExecutor.java:224)
	at com.kms.katalon.core.main.TestCaseMain.runTestCase(TestCaseMain.java:106)
	at com.kms.katalon.core.keyword.builtin.CallTestCaseKeyword$_callTestCase_closure1.doCall(CallTestCaseKeyword.groovy:59)
	at com.kms.katalon.core.keyword.builtin.CallTestCaseKeyword$_callTestCase_closure1.call(CallTestCaseKeyword.groovy)
	at com.kms.katalon.core.keyword.internal.KeywordMain.runKeyword(KeywordMain.groovy:54)
	at com.kms.katalon.core.keyword.builtin.CallTestCaseKeyword.callTestCase(CallTestCaseKeyword.groovy:80)
	at com.kms.katalon.core.keyword.builtin.CallTestCaseKeyword.execute(CallTestCaseKeyword.groovy:44)
	at com.kms.katalon.core.keyword.internal.KeywordExecutor.executeKeywordForPlatform(KeywordExecutor.groovy:53)
	at com.kms.katalon.core.keyword.BuiltinKeywords.callTestCase(BuiltinKeywords.groovy:334)
	at More items to consider.run(More items to consider:17)
	at com.kms.katalon.core.main.ScriptEngine.run(ScriptEngine.java:194)
	at com.kms.katalon.core.main.ScriptEngine.runScriptAsRawText(ScriptEngine.java:119)
	at com.kms.katalon.core.main.TestCaseExecutor.runScript(TestCaseExecutor.java:328)
	at com.kms.katalon.core.main.TestCaseExecutor.doExecute(TestCaseExecutor.java:319)
	at com.kms.katalon.core.main.TestCaseExecutor.processExecutionPhase(TestCaseExecutor.java:298)
	at com.kms.katalon.core.main.TestCaseExecutor.accessMainPhase(TestCaseExecutor.java:290)
	at com.kms.katalon.core.main.TestCaseExecutor.execute(TestCaseExecutor.java:224)
	at com.kms.katalon.core.main.TestSuiteExecutor.accessTestCaseMainPhase(TestSuiteExecutor.java:129)
	at com.kms.katalon.core.main.TestSuiteExecutor.accessTestSuiteMainPhase(TestSuiteExecutor.java:112)
	at com.kms.katalon.core.main.TestSuiteExecutor.execute(TestSuiteExecutor.java:81)
	at com.kms.katalon.core.main.TestCaseMain.startTestSuite(TestCaseMain.java:149)
	at com.kms.katalon.core.main.TestCaseMain$startTestSuite$0.call(Unknown Source)
	at TempTestSuite1561150248290.run(TempTestSuite1561150248290.groovy:36)
"/>
         <system-out><![CDATA[2019-06-21 17:15:13 - [TEST_CASE][FAILED] - Test Cases/OCS - MOBILE/OCS- PRODUCT PAGE/More items to consider: Test Cases/OCS - MOBILE/OCS- PRODUCT PAGE/More items to consider FAILED.
Reason:
com.kms.katalon.core.exception.StepFailedException: Unable to click on object 'Object Repository/OCS-MOBILE /Age gate and burger menu/Dried Flower_Plus icon' (Root cause: com.kms.katalon.core.webui.exception.WebElementNotFoundException: Web element with id: 'Object Repository/OCS-MOBILE /Age gate and burger menu/Dried Flower_Plus icon' located by 'By.xpath: //i[@ xpath = '/html[1]/body[1]/div[1]/header[1]/div[2]/div[1]/div[2]/div[1]/div[1]/div[1]/nav[1]/ul[1]/li[1]/div[1]/div[2]/ul[1]/li[1]/a[1]']' not found)
	at com.kms.katalon.core.keyword.internal.KeywordMain.stepFailed(KeywordMain.groovy:36)
	at com.kms.katalon.core.webui.keyword.internal.WebUIKeywordMain.stepFailed(WebUIKeywordMain.groovy:65)
	at com.kms.katalon.core.webui.keyword.internal.WebUIKeywordMain.runKeyword(WebUIKeywordMain.groovy:27)
	at com.kms.katalon.core.webui.keyword.builtin.ClickKeyword.click(ClickKeyword.groovy:86)
	at com.kms.katalon.core.webui.keyword.builtin.ClickKeyword.execute(ClickKeyword.groovy:67)
	at com.kms.katalon.core.keyword.internal.KeywordExecutor.executeKeywordForPlatform(KeywordExecutor.groovy:53)
	at com.kms.katalon.core.webui.keyword.WebUiBuiltInKeywords.click(WebUiBuiltInKeywords.groovy:616)
	at com.kms.katalon.core.webui.keyword.WebUiBuiltInKeywords$click$4.call(Unknown Source)
	at CALL - PDP.run(CALL - PDP:55)
	at com.kms.katalon.core.main.ScriptEngine.run(ScriptEngine.java:194)
	at com.kms.katalon.core.main.ScriptEngine.runScriptAsRawText(ScriptEngine.java:119)
	at com.kms.katalon.core.main.TestCaseExecutor.runScript(TestCaseExecutor.java:328)
	at com.kms.katalon.core.main.TestCaseExecutor.doExecute(TestCaseExecutor.java:319)
	at com.kms.katalon.core.main.TestCaseExecutor.processExecutionPhase(TestCaseExecutor.java:298)
	at com.kms.katalon.core.main.TestCaseExecutor.accessMainPhase(TestCaseExecutor.java:290)
	at com.kms.katalon.core.main.TestCaseExecutor.execute(TestCaseExecutor.java:224)
	at com.kms.katalon.core.main.TestCaseMain.runTestCase(TestCaseMain.java:106)
	at com.kms.katalon.core.keyword.builtin.CallTestCaseKeyword$_callTestCase_closure1.doCall(CallTestCaseKeyword.groovy:59)
	at com.kms.katalon.core.keyword.builtin.CallTestCaseKeyword$_callTestCase_closure1.call(CallTestCaseKeyword.groovy)
	at com.kms.katalon.core.keyword.internal.KeywordMain.runKeyword(KeywordMain.groovy:54)
	at com.kms.katalon.core.keyword.builtin.CallTestCaseKeyword.callTestCase(CallTestCaseKeyword.groovy:80)
	at com.kms.katalon.core.keyword.builtin.CallTestCaseKeyword.execute(CallTestCaseKeyword.groovy:44)
	at com.kms.katalon.core.keyword.internal.KeywordExecutor.executeKeywordForPlatform(KeywordExecutor.groovy:53)
	at com.kms.katalon.core.keyword.BuiltinKeywords.callTestCase(BuiltinKeywords.groovy:334)
	at More items to consider.run(More items to consider:17)
	at com.kms.katalon.core.main.ScriptEngine.run(ScriptEngine.java:194)
	at com.kms.katalon.core.main.ScriptEngine.runScriptAsRawText(ScriptEngine.java:119)
	at com.kms.katalon.core.main.TestCaseExecutor.runScript(TestCaseExecutor.java:328)
	at com.kms.katalon.core.main.TestCaseExecutor.doExecute(TestCaseExecutor.java:319)
	at com.kms.katalon.core.main.TestCaseExecutor.processExecutionPhase(TestCaseExecutor.java:298)
	at com.kms.katalon.core.main.TestCaseExecutor.accessMainPhase(TestCaseExecutor.java:290)
	at com.kms.katalon.core.main.TestCaseExecutor.execute(TestCaseExecutor.java:224)
	at com.kms.katalon.core.main.TestSuiteExecutor.accessTestCaseMainPhase(TestSuiteExecutor.java:129)
	at com.kms.katalon.core.main.TestSuiteExecutor.accessTestSuiteMainPhase(TestSuiteExecutor.java:112)
	at com.kms.katalon.core.main.TestSuiteExecutor.execute(TestSuiteExecutor.java:81)
	at com.kms.katalon.core.main.TestCaseMain.startTestSuite(TestCaseMain.java:149)
	at com.kms.katalon.core.main.TestCaseMain$startTestSuite$0.call(Unknown Source)
	at TempTestSuite1561150248290.run(TempTestSuite1561150248290.groovy:36)


2019-06-21 17:15:13 - [TEST_STEP][FAILED] - callTestCase(findTestCase("OCS - MOBILE/CALL - PDP"), [:], STOP_ON_FAILURE): callTestCase(findTestCase("OCS - MOBILE/CALL - PDP"), [:], STOP_ON_FAILURE) FAILED.
Reason:
com.kms.katalon.core.exception.StepFailedException: Unable to click on object 'Object Repository/OCS-MOBILE /Age gate and burger menu/Dried Flower_Plus icon' (Root cause: com.kms.katalon.core.webui.exception.WebElementNotFoundException: Web element with id: 'Object Repository/OCS-MOBILE /Age gate and burger menu/Dried Flower_Plus icon' located by 'By.xpath: //i[@ xpath = '/html[1]/body[1]/div[1]/header[1]/div[2]/div[1]/div[2]/div[1]/div[1]/div[1]/nav[1]/ul[1]/li[1]/div[1]/div[2]/ul[1]/li[1]/a[1]']' not found)
	at com.kms.katalon.core.keyword.internal.KeywordMain.stepFailed(KeywordMain.groovy:36)
	at com.kms.katalon.core.webui.keyword.internal.WebUIKeywordMain.stepFailed(WebUIKeywordMain.groovy:65)
	at com.kms.katalon.core.webui.keyword.internal.WebUIKeywordMain.runKeyword(WebUIKeywordMain.groovy:27)
	at com.kms.katalon.core.webui.keyword.builtin.ClickKeyword.click(ClickKeyword.groovy:86)
	at com.kms.katalon.core.webui.keyword.builtin.ClickKeyword.execute(ClickKeyword.groovy:67)
	at com.kms.katalon.core.keyword.internal.KeywordExecutor.executeKeywordForPlatform(KeywordExecutor.groovy:53)
	at com.kms.katalon.core.webui.keyword.WebUiBuiltInKeywords.click(WebUiBuiltInKeywords.groovy:616)
	at com.kms.katalon.core.webui.keyword.WebUiBuiltInKeywords$click$4.call(Unknown Source)
	at CALL - PDP.run(CALL - PDP:55)
	at com.kms.katalon.core.main.ScriptEngine.run(ScriptEngine.java:194)
	at com.kms.katalon.core.main.ScriptEngine.runScriptAsRawText(ScriptEngine.java:119)
	at com.kms.katalon.core.main.TestCaseExecutor.runScript(TestCaseExecutor.java:328)
	at com.kms.katalon.core.main.TestCaseExecutor.doExecute(TestCaseExecutor.java:319)
	at com.kms.katalon.core.main.TestCaseExecutor.processExecutionPhase(TestCaseExecutor.java:298)
	at com.kms.katalon.core.main.TestCaseExecutor.accessMainPhase(TestCaseExecutor.java:290)
	at com.kms.katalon.core.main.TestCaseExecutor.execute(TestCaseExecutor.java:224)
	at com.kms.katalon.core.main.TestCaseMain.runTestCase(TestCaseMain.java:106)
	at com.kms.katalon.core.keyword.builtin.CallTestCaseKeyword$_callTestCase_closure1.doCall(CallTestCaseKeyword.groovy:59)
	at com.kms.katalon.core.keyword.builtin.CallTestCaseKeyword$_callTestCase_closure1.call(CallTestCaseKeyword.groovy)
	at com.kms.katalon.core.keyword.internal.KeywordMain.runKeyword(KeywordMain.groovy:54)
	at com.kms.katalon.core.keyword.builtin.CallTestCaseKeyword.callTestCase(CallTestCaseKeyword.groovy:80)
	at com.kms.katalon.core.keyword.builtin.CallTestCaseKeyword.execute(CallTestCaseKeyword.groovy:44)
	at com.kms.katalon.core.keyword.internal.KeywordExecutor.executeKeywordForPlatform(KeywordExecutor.groovy:53)
	at com.kms.katalon.core.keyword.BuiltinKeywords.callTestCase(BuiltinKeywords.groovy:334)
	at More items to consider.run(More items to consider:17)
	at com.kms.katalon.core.main.ScriptEngine.run(ScriptEngine.java:194)
	at com.kms.katalon.core.main.ScriptEngine.runScriptAsRawText(ScriptEngine.java:119)
	at com.kms.katalon.core.main.TestCaseExecutor.runScript(TestCaseExecutor.java:328)
	at com.kms.katalon.core.main.TestCaseExecutor.doExecute(TestCaseExecutor.java:319)
	at com.kms.katalon.core.main.TestCaseExecutor.processExecutionPhase(TestCaseExecutor.java:298)
	at com.kms.katalon.core.main.TestCaseExecutor.accessMainPhase(TestCaseExecutor.java:290)
	at com.kms.katalon.core.main.TestCaseExecutor.execute(TestCaseExecutor.java:224)
	at com.kms.katalon.core.main.TestSuiteExecutor.accessTestCaseMainPhase(TestSuiteExecutor.java:129)
	at com.kms.katalon.core.main.TestSuiteExecutor.accessTestSuiteMainPhase(TestSuiteExecutor.java:112)
	at com.kms.katalon.core.main.TestSuiteExecutor.execute(TestSuiteExecutor.java:81)
	at com.kms.katalon.core.main.TestCaseMain.startTestSuite(TestCaseMain.java:149)
	at com.kms.katalon.core.main.TestCaseMain$startTestSuite$0.call(Unknown Source)
	at TempTestSuite1561150248290.run(TempTestSuite1561150248290.groovy:36)


2019-06-21 17:15:13 - [TEST_CASE][FAILED] - Test Cases/OCS - MOBILE/CALL - PDP: Test Cases/OCS - MOBILE/CALL - PDP FAILED.
Reason:
com.kms.katalon.core.exception.StepFailedException: Unable to click on object 'Object Repository/OCS-MOBILE /Age gate and burger menu/Dried Flower_Plus icon' (Root cause: com.kms.katalon.core.webui.exception.WebElementNotFoundException: Web element with id: 'Object Repository/OCS-MOBILE /Age gate and burger menu/Dried Flower_Plus icon' located by 'By.xpath: //i[@ xpath = '/html[1]/body[1]/div[1]/header[1]/div[2]/div[1]/div[2]/div[1]/div[1]/div[1]/nav[1]/ul[1]/li[1]/div[1]/div[2]/ul[1]/li[1]/a[1]']' not found)
	at com.kms.katalon.core.keyword.internal.KeywordMain.stepFailed(KeywordMain.groovy:36)
	at com.kms.katalon.core.webui.keyword.internal.WebUIKeywordMain.stepFailed(WebUIKeywordMain.groovy:65)
	at com.kms.katalon.core.webui.keyword.internal.WebUIKeywordMain.runKeyword(WebUIKeywordMain.groovy:27)
	at com.kms.katalon.core.webui.keyword.builtin.ClickKeyword.click(ClickKeyword.groovy:86)
	at com.kms.katalon.core.webui.keyword.builtin.ClickKeyword.execute(ClickKeyword.groovy:67)
	at com.kms.katalon.core.keyword.internal.KeywordExecutor.executeKeywordForPlatform(KeywordExecutor.groovy:53)
	at com.kms.katalon.core.webui.keyword.WebUiBuiltInKeywords.click(WebUiBuiltInKeywords.groovy:616)
	at com.kms.katalon.core.webui.keyword.WebUiBuiltInKeywords$click$4.call(Unknown Source)
	at CALL - PDP.run(CALL - PDP:55)
	at com.kms.katalon.core.main.ScriptEngine.run(ScriptEngine.java:194)
	at com.kms.katalon.core.main.ScriptEngine.runScriptAsRawText(ScriptEngine.java:119)
	at com.kms.katalon.core.main.TestCaseExecutor.runScript(TestCaseExecutor.java:328)
	at com.kms.katalon.core.main.TestCaseExecutor.doExecute(TestCaseExecutor.java:319)
	at com.kms.katalon.core.main.TestCaseExecutor.processExecutionPhase(TestCaseExecutor.java:298)
	at com.kms.katalon.core.main.TestCaseExecutor.accessMainPhase(TestCaseExecutor.java:290)
	at com.kms.katalon.core.main.TestCaseExecutor.execute(TestCaseExecutor.java:224)
	at com.kms.katalon.core.main.TestCaseMain.runTestCase(TestCaseMain.java:106)
	at com.kms.katalon.core.keyword.builtin.CallTestCaseKeyword$_callTestCase_closure1.doCall(CallTestCaseKeyword.groovy:59)
	at com.kms.katalon.core.keyword.builtin.CallTestCaseKeyword$_callTestCase_closure1.call(CallTestCaseKeyword.groovy)
	at com.kms.katalon.core.keyword.internal.KeywordMain.runKeyword(KeywordMain.groovy:54)
	at com.kms.katalon.core.keyword.builtin.CallTestCaseKeyword.callTestCase(CallTestCaseKeyword.groovy:80)
	at com.kms.katalon.core.keyword.builtin.CallTestCaseKeyword.execute(CallTestCaseKeyword.groovy:44)
	at com.kms.katalon.core.keyword.internal.KeywordExecutor.executeKeywordForPlatform(KeywordExecutor.groovy:53)
	at com.kms.katalon.core.keyword.BuiltinKeywords.callTestCase(BuiltinKeywords.groovy:334)
	at More items to consider.run(More items to consider:17)
	at com.kms.katalon.core.main.ScriptEngine.run(ScriptEngine.java:194)
	at com.kms.katalon.core.main.ScriptEngine.runScriptAsRawText(ScriptEngine.java:119)
	at com.kms.katalon.core.main.TestCaseExecutor.runScript(TestCaseExecutor.java:328)
	at com.kms.katalon.core.main.TestCaseExecutor.doExecute(TestCaseExecutor.java:319)
	at com.kms.katalon.core.main.TestCaseExecutor.processExecutionPhase(TestCaseExecutor.java:298)
	at com.kms.katalon.core.main.TestCaseExecutor.accessMainPhase(TestCaseExecutor.java:290)
	at com.kms.katalon.core.main.TestCaseExecutor.execute(TestCaseExecutor.java:224)
	at com.kms.katalon.core.main.TestSuiteExecutor.accessTestCaseMainPhase(TestSuiteExecutor.java:129)
	at com.kms.katalon.core.main.TestSuiteExecutor.accessTestSuiteMainPhase(TestSuiteExecutor.java:112)
	at com.kms.katalon.core.main.TestSuiteExecutor.execute(TestSuiteExecutor.java:81)
	at com.kms.katalon.core.main.TestCaseMain.startTestSuite(TestCaseMain.java:149)
	at com.kms.katalon.core.main.TestCaseMain$startTestSuite$0.call(Unknown Source)
	at TempTestSuite1561150248290.run(TempTestSuite1561150248290.groovy:36)


2019-06-21 17:15:13 - [TEST_STEP][PASSED] - openBrowser(""): Browser is opened with url: ''

2019-06-21 17:15:13 - [MESSAGE][WARNING] - A browser is already opened. Closing browser and opening a new one

2019-06-21 17:15:13 - [MESSAGE][INFO] - Starting 'Chrome' driver

2019-06-21 17:15:15 - [MESSAGE][PASSED] - Browser is opened with url: ''

2019-06-21 17:15:15 - [TEST_STEP][PASSED] - navigateToUrl("https://ocs.ca/?fts=0&preview_theme_id=74057975628"): Navigate to 'https://ocs.ca/?fts=0&preview_theme_id=74057975628' successfully

2019-06-21 17:15:20 - [MESSAGE][PASSED] - Navigate to 'https://ocs.ca/?fts=0&preview_theme_id=74057975628' successfully

2019-06-21 17:15:20 - [TEST_STEP][PASSED] - executeJavaScript("var previewBar = document.getElementById("preview-bar-iframe"); previewBar.style.display = "none";", []): Execute JavaScript 'var previewBar = document.getElementById("preview-bar-iframe"); previewBar.style.display = "none";' successfully

2019-06-21 17:15:20 - [MESSAGE][PASSED] - Execute JavaScript 'var previewBar = document.getElementById("preview-bar-iframe"); previewBar.style.display = "none";' successfully

2019-06-21 17:15:20 - [TEST_STEP][PASSED] - setViewPortSize(360, 800): Viewport is set to new size with width = 360 and height = 800

2019-06-21 17:15:20 - [MESSAGE][PASSED] - Viewport is set to new size with width = 360 and height = 800

2019-06-21 17:15:20 - [TEST_STEP][PASSED] - delay(4): Delayed 4 second(s)

2019-06-21 17:15:24 - [MESSAGE][PASSED] - Delayed 4 second(s)

2019-06-21 17:15:24 - [TEST_STEP][PASSED] - selectOptionByValue(findTestObject("OCS-MOBILE /Age gate and burger menu/Date"), "12", true): All options with value '12' are selected in object 'Object Repository/OCS-MOBILE /Age gate and burger menu/Date'  using regular expression

2019-06-21 17:15:24 - [MESSAGE][PASSED] - All options with value '12' are selected in object 'Object Repository/OCS-MOBILE /Age gate and burger menu/Date'  using regular expression

2019-06-21 17:15:24 - [TEST_STEP][PASSED] - selectOptionByValue(findTestObject("OCS-MOBILE /Age gate and burger menu/month"), "6", true): All options with value '6' are selected in object 'Object Repository/OCS-MOBILE /Age gate and burger menu/month'  using regular expression

2019-06-21 17:15:24 - [MESSAGE][PASSED] - All options with value '6' are selected in object 'Object Repository/OCS-MOBILE /Age gate and burger menu/month'  using regular expression

2019-06-21 17:15:24 - [TEST_STEP][PASSED] - delay(2): Delayed 2 second(s)

2019-06-21 17:15:26 - [MESSAGE][PASSED] - Delayed 2 second(s)

2019-06-21 17:15:27 - [TEST_STEP][PASSED] - selectOptionByValue(findTestObject("OCS-MOBILE /Age gate and burger menu/Year Dropdown"), "1990", true): All options with value '1990' are selected in object 'Object Repository/OCS-MOBILE /Age gate and burger menu/Year Dropdown'  using regular expression

2019-06-21 17:15:28 - [MESSAGE][PASSED] - All options with value '1990' are selected in object 'Object Repository/OCS-MOBILE /Age gate and burger menu/Year Dropdown'  using regular expression

2019-06-21 17:15:28 - [TEST_STEP][PASSED] - click(findTestObject("OCS-MOBILE /Age gate and Mega menu/button_Verify")): Object: 'Object Repository/OCS-MOBILE /Age gate and Mega menu/button_Verify' is clicked on

2019-06-21 17:15:28 - [MESSAGE][PASSED] - Object: 'Object Repository/OCS-MOBILE /Age gate and Mega menu/button_Verify' is clicked on

2019-06-21 17:15:28 - [TEST_STEP][PASSED] - click(findTestObject("OCS-MOBILE /Age gate and Mega menu/Checkbox_CONFIRM AND ACKNOWLEDGE")): Object: 'Object Repository/OCS-MOBILE /Age gate and Mega menu/Checkbox_CONFIRM AND ACKNOWLEDGE' is clicked on

2019-06-21 17:15:28 - [MESSAGE][PASSED] - Object: 'Object Repository/OCS-MOBILE /Age gate and Mega menu/Checkbox_CONFIRM AND ACKNOWLEDGE' is clicked on

2019-06-21 17:15:28 - [TEST_STEP][PASSED] - click(findTestObject("OCS-MOBILE /Age gate and Mega menu/button_CONFIRM")): Object: 'Object Repository/OCS-MOBILE /Age gate and Mega menu/button_CONFIRM' is clicked on

2019-06-21 17:15:28 - [MESSAGE][PASSED] - Object: 'Object Repository/OCS-MOBILE /Age gate and Mega menu/button_CONFIRM' is clicked on

2019-06-21 17:15:28 - [TEST_STEP][PASSED] - click(findTestObject("OCS-MOBILE /Age gate and Mega menu/button_Start Browsing")): Object: 'Object Repository/OCS-MOBILE /Age gate and Mega menu/button_Start Browsing' is clicked on

2019-06-21 17:15:28 - [MESSAGE][PASSED] - Object: 'Object Repository/OCS-MOBILE /Age gate and Mega menu/button_Start Browsing' is clicked on

2019-06-21 17:15:28 - [TEST_STEP][PASSED] - refresh(): Refresh successfully

2019-06-21 17:15:28 - [MESSAGE][PASSED] - Refresh successfully

2019-06-21 17:15:28 - [TEST_STEP][PASSED] - delay(2): Delayed 2 second(s)

2019-06-21 17:15:30 - [MESSAGE][PASSED] - Delayed 2 second(s)

2019-06-21 17:15:30 - [TEST_STEP][PASSED] - click(findTestObject("OCS-MOBILE /Age gate and burger menu/Burger menu - English")): Object: 'Object Repository/OCS-MOBILE /Age gate and burger menu/Burger menu - English' is clicked on

2019-06-21 17:15:31 - [MESSAGE][PASSED] - Object: 'Object Repository/OCS-MOBILE /Age gate and burger menu/Burger menu - English' is clicked on

2019-06-21 17:15:31 - [TEST_STEP][PASSED] - delay(2): Delayed 2 second(s)

2019-06-21 17:15:33 - [MESSAGE][PASSED] - Delayed 2 second(s)

2019-06-21 17:15:33 - [TEST_STEP][PASSED] - click(findTestObject("OCS-MOBILE /Age gate and burger menu/Chevron_Cannabis")): Object: 'Object Repository/OCS-MOBILE /Age gate and burger menu/Chevron_Cannabis' is clicked on

2019-06-21 17:15:33 - [MESSAGE][PASSED] - Object: 'Object Repository/OCS-MOBILE /Age gate and burger menu/Chevron_Cannabis' is clicked on

2019-06-21 17:15:33 - [TEST_STEP][PASSED] - delay(2): Delayed 2 second(s)

2019-06-21 17:15:35 - [MESSAGE][PASSED] - Delayed 2 second(s)

2019-06-21 17:15:35 - [TEST_STEP][FAILED] - click(findTestObject("OCS-MOBILE /Age gate and burger menu/Dried Flower_Plus icon")): click(findTestObject("OCS-MOBILE /Age gate and burger menu/Dried Flower_Plus icon")) FAILED.
Reason:
com.kms.katalon.core.exception.StepFailedException: Unable to click on object 'Object Repository/OCS-MOBILE /Age gate and burger menu/Dried Flower_Plus icon' (Root cause: com.kms.katalon.core.webui.exception.WebElementNotFoundException: Web element with id: 'Object Repository/OCS-MOBILE /Age gate and burger menu/Dried Flower_Plus icon' located by 'By.xpath: //i[@ xpath = '/html[1]/body[1]/div[1]/header[1]/div[2]/div[1]/div[2]/div[1]/div[1]/div[1]/nav[1]/ul[1]/li[1]/div[1]/div[2]/ul[1]/li[1]/a[1]']' not found)
	at com.kms.katalon.core.keyword.internal.KeywordMain.stepFailed(KeywordMain.groovy:36)
	at com.kms.katalon.core.webui.keyword.internal.WebUIKeywordMain.stepFailed(WebUIKeywordMain.groovy:65)
	at com.kms.katalon.core.webui.keyword.internal.WebUIKeywordMain.runKeyword(WebUIKeywordMain.groovy:27)
	at com.kms.katalon.core.webui.keyword.builtin.ClickKeyword.click(ClickKeyword.groovy:86)
	at com.kms.katalon.core.webui.keyword.builtin.ClickKeyword.execute(ClickKeyword.groovy:67)
	at com.kms.katalon.core.keyword.internal.KeywordExecutor.executeKeywordForPlatform(KeywordExecutor.groovy:53)
	at com.kms.katalon.core.webui.keyword.WebUiBuiltInKeywords.click(WebUiBuiltInKeywords.groovy:616)
	at com.kms.katalon.core.webui.keyword.WebUiBuiltInKeywords$click$4.call(Unknown Source)
	at CALL - PDP.run(CALL - PDP:55)
	at com.kms.katalon.core.main.ScriptEngine.run(ScriptEngine.java:194)
	at com.kms.katalon.core.main.ScriptEngine.runScriptAsRawText(ScriptEngine.java:119)
	at com.kms.katalon.core.main.TestCaseExecutor.runScript(TestCaseExecutor.java:328)
	at com.kms.katalon.core.main.TestCaseExecutor.doExecute(TestCaseExecutor.java:319)
	at com.kms.katalon.core.main.TestCaseExecutor.processExecutionPhase(TestCaseExecutor.java:298)
	at com.kms.katalon.core.main.TestCaseExecutor.accessMainPhase(TestCaseExecutor.java:290)
	at com.kms.katalon.core.main.TestCaseExecutor.execute(TestCaseExecutor.java:224)
	at com.kms.katalon.core.main.TestCaseMain.runTestCase(TestCaseMain.java:106)
	at com.kms.katalon.core.keyword.builtin.CallTestCaseKeyword$_callTestCase_closure1.doCall(CallTestCaseKeyword.groovy:59)
	at com.kms.katalon.core.keyword.builtin.CallTestCaseKeyword$_callTestCase_closure1.call(CallTestCaseKeyword.groovy)
	at com.kms.katalon.core.keyword.internal.KeywordMain.runKeyword(KeywordMain.groovy:54)
	at com.kms.katalon.core.keyword.builtin.CallTestCaseKeyword.callTestCase(CallTestCaseKeyword.groovy:80)
	at com.kms.katalon.core.keyword.builtin.CallTestCaseKeyword.execute(CallTestCaseKeyword.groovy:44)
	at com.kms.katalon.core.keyword.internal.KeywordExecutor.executeKeywordForPlatform(KeywordExecutor.groovy:53)
	at com.kms.katalon.core.keyword.BuiltinKeywords.callTestCase(BuiltinKeywords.groovy:334)
	at More items to consider.run(More items to consider:17)
	at com.kms.katalon.core.main.ScriptEngine.run(ScriptEngine.java:194)
	at com.kms.katalon.core.main.ScriptEngine.runScriptAsRawText(ScriptEngine.java:119)
	at com.kms.katalon.core.main.TestCaseExecutor.runScript(TestCaseExecutor.java:328)
	at com.kms.katalon.core.main.TestCaseExecutor.doExecute(TestCaseExecutor.java:319)
	at com.kms.katalon.core.main.TestCaseExecutor.processExecutionPhase(TestCaseExecutor.java:298)
	at com.kms.katalon.core.main.TestCaseExecutor.accessMainPhase(TestCaseExecutor.java:290)
	at com.kms.katalon.core.main.TestCaseExecutor.execute(TestCaseExecutor.java:224)
	at com.kms.katalon.core.main.TestSuiteExecutor.accessTestCaseMainPhase(TestSuiteExecutor.java:129)
	at com.kms.katalon.core.main.TestSuiteExecutor.accessTestSuiteMainPhase(TestSuiteExecutor.java:112)
	at com.kms.katalon.core.main.TestSuiteExecutor.execute(TestSuiteExecutor.java:81)
	at com.kms.katalon.core.main.TestCaseMain.startTestSuite(TestCaseMain.java:149)
	at com.kms.katalon.core.main.TestCaseMain$startTestSuite$0.call(Unknown Source)
	at TempTestSuite1561150248290.run(TempTestSuite1561150248290.groovy:36)


2019-06-21 17:16:06 - [MESSAGE][INFO] - Unable to find the element located by 'By.xpath: //i[@ xpath = '/html[1]/body[1]/div[1]/header[1]/div[2]/div[1]/div[2]/div[1]/div[1]/div[1]/nav[1]/ul[1]/li[1]/div[1]/div[2]/ul[1]/li[1]/a[1]']'. Please recheck the objects properties to make sure the desired element is located. 

2019-06-21 17:16:06 - [MESSAGE][FAILED] - Unable to click on object 'Object Repository/OCS-MOBILE /Age gate and burger menu/Dried Flower_Plus icon' (Root cause: com.kms.katalon.core.webui.exception.WebElementNotFoundException: Web element with id: 'Object Repository/OCS-MOBILE /Age gate and burger menu/Dried Flower_Plus icon' located by 'By.xpath: //i[@ xpath = '/html[1]/body[1]/div[1]/header[1]/div[2]/div[1]/div[2]/div[1]/div[1]/div[1]/nav[1]/ul[1]/li[1]/div[1]/div[2]/ul[1]/li[1]/a[1]']' not found)
[[ATTACHMENT|/Users/sumankompelly/Relative xpath-Mobile/Reports/OCS - 1.11.0/20190621_165048/1561151766357.png]]

2019-06-21 17:16:06 - [MESSAGE][FAILED] - click(findTestObject("OCS-MOBILE /Age gate and burger menu/Dried Flower_Plus icon")) FAILED.
Reason:
com.kms.katalon.core.exception.StepFailedException: Unable to click on object 'Object Repository/OCS-MOBILE /Age gate and burger menu/Dried Flower_Plus icon' (Root cause: com.kms.katalon.core.webui.exception.WebElementNotFoundException: Web element with id: 'Object Repository/OCS-MOBILE /Age gate and burger menu/Dried Flower_Plus icon' located by 'By.xpath: //i[@ xpath = '/html[1]/body[1]/div[1]/header[1]/div[2]/div[1]/div[2]/div[1]/div[1]/div[1]/nav[1]/ul[1]/li[1]/div[1]/div[2]/ul[1]/li[1]/a[1]']' not found)
	at com.kms.katalon.core.keyword.internal.KeywordMain.stepFailed(KeywordMain.groovy:36)
	at com.kms.katalon.core.webui.keyword.internal.WebUIKeywordMain.stepFailed(WebUIKeywordMain.groovy:65)
	at com.kms.katalon.core.webui.keyword.internal.WebUIKeywordMain.runKeyword(WebUIKeywordMain.groovy:27)
	at com.kms.katalon.core.webui.keyword.builtin.ClickKeyword.click(ClickKeyword.groovy:86)
	at com.kms.katalon.core.webui.keyword.builtin.ClickKeyword.execute(ClickKeyword.groovy:67)
	at com.kms.katalon.core.keyword.internal.KeywordExecutor.executeKeywordForPlatform(KeywordExecutor.groovy:53)
	at com.kms.katalon.core.webui.keyword.WebUiBuiltInKeywords.click(WebUiBuiltInKeywords.groovy:616)
	at com.kms.katalon.core.webui.keyword.WebUiBuiltInKeywords$click$4.call(Unknown Source)
	at CALL - PDP.run(CALL - PDP:55)
	at com.kms.katalon.core.main.ScriptEngine.run(ScriptEngine.java:194)
	at com.kms.katalon.core.main.ScriptEngine.runScriptAsRawText(ScriptEngine.java:119)
	at com.kms.katalon.core.main.TestCaseExecutor.runScript(TestCaseExecutor.java:328)
	at com.kms.katalon.core.main.TestCaseExecutor.doExecute(TestCaseExecutor.java:319)
	at com.kms.katalon.core.main.TestCaseExecutor.processExecutionPhase(TestCaseExecutor.java:298)
	at com.kms.katalon.core.main.TestCaseExecutor.accessMainPhase(TestCaseExecutor.java:290)
	at com.kms.katalon.core.main.TestCaseExecutor.execute(TestCaseExecutor.java:224)
	at com.kms.katalon.core.main.TestCaseMain.runTestCase(TestCaseMain.java:106)
	at com.kms.katalon.core.keyword.builtin.CallTestCaseKeyword$_callTestCase_closure1.doCall(CallTestCaseKeyword.groovy:59)
	at com.kms.katalon.core.keyword.builtin.CallTestCaseKeyword$_callTestCase_closure1.call(CallTestCaseKeyword.groovy)
	at com.kms.katalon.core.keyword.internal.KeywordMain.runKeyword(KeywordMain.groovy:54)
	at com.kms.katalon.core.keyword.builtin.CallTestCaseKeyword.callTestCase(CallTestCaseKeyword.groovy:80)
	at com.kms.katalon.core.keyword.builtin.CallTestCaseKeyword.execute(CallTestCaseKeyword.groovy:44)
	at com.kms.katalon.core.keyword.internal.KeywordExecutor.executeKeywordForPlatform(KeywordExecutor.groovy:53)
	at com.kms.katalon.core.keyword.BuiltinKeywords.callTestCase(BuiltinKeywords.groovy:334)
	at More items to consider.run(More items to consider:17)
	at com.kms.katalon.core.main.ScriptEngine.run(ScriptEngine.java:194)
	at com.kms.katalon.core.main.ScriptEngine.runScriptAsRawText(ScriptEngine.java:119)
	at com.kms.katalon.core.main.TestCaseExecutor.runScript(TestCaseExecutor.java:328)
	at com.kms.katalon.core.main.TestCaseExecutor.doExecute(TestCaseExecutor.java:319)
	at com.kms.katalon.core.main.TestCaseExecutor.processExecutionPhase(TestCaseExecutor.java:298)
	at com.kms.katalon.core.main.TestCaseExecutor.accessMainPhase(TestCaseExecutor.java:290)
	at com.kms.katalon.core.main.TestCaseExecutor.execute(TestCaseExecutor.java:224)
	at com.kms.katalon.core.main.TestSuiteExecutor.accessTestCaseMainPhase(TestSuiteExecutor.java:129)
	at com.kms.katalon.core.main.TestSuiteExecutor.accessTestSuiteMainPhase(TestSuiteExecutor.java:112)
	at com.kms.katalon.core.main.TestSuiteExecutor.execute(TestSuiteExecutor.java:81)
	at com.kms.katalon.core.main.TestCaseMain.startTestSuite(TestCaseMain.java:149)
	at com.kms.katalon.core.main.TestCaseMain$startTestSuite$0.call(Unknown Source)
	at TempTestSuite1561150248290.run(TempTestSuite1561150248290.groovy:36)


2019-06-21 17:16:06 - [MESSAGE][FAILED] - Unable to call Test Case 'Test Cases/OCS - MOBILE/CALL - PDP' (Root cause: com.kms.katalon.core.exception.StepFailedException: Call Test Case 'Test Cases/OCS - MOBILE/CALL - PDP' failed)

2019-06-21 17:16:06 - [MESSAGE][FAILED] - callTestCase(findTestCase("OCS - MOBILE/CALL - PDP"), [:], STOP_ON_FAILURE) FAILED.
Reason:
com.kms.katalon.core.exception.StepFailedException: Unable to click on object 'Object Repository/OCS-MOBILE /Age gate and burger menu/Dried Flower_Plus icon' (Root cause: com.kms.katalon.core.webui.exception.WebElementNotFoundException: Web element with id: 'Object Repository/OCS-MOBILE /Age gate and burger menu/Dried Flower_Plus icon' located by 'By.xpath: //i[@ xpath = '/html[1]/body[1]/div[1]/header[1]/div[2]/div[1]/div[2]/div[1]/div[1]/div[1]/nav[1]/ul[1]/li[1]/div[1]/div[2]/ul[1]/li[1]/a[1]']' not found)
	at com.kms.katalon.core.keyword.internal.KeywordMain.stepFailed(KeywordMain.groovy:36)
	at com.kms.katalon.core.webui.keyword.internal.WebUIKeywordMain.stepFailed(WebUIKeywordMain.groovy:65)
	at com.kms.katalon.core.webui.keyword.internal.WebUIKeywordMain.runKeyword(WebUIKeywordMain.groovy:27)
	at com.kms.katalon.core.webui.keyword.builtin.ClickKeyword.click(ClickKeyword.groovy:86)
	at com.kms.katalon.core.webui.keyword.builtin.ClickKeyword.execute(ClickKeyword.groovy:67)
	at com.kms.katalon.core.keyword.internal.KeywordExecutor.executeKeywordForPlatform(KeywordExecutor.groovy:53)
	at com.kms.katalon.core.webui.keyword.WebUiBuiltInKeywords.click(WebUiBuiltInKeywords.groovy:616)
	at com.kms.katalon.core.webui.keyword.WebUiBuiltInKeywords$click$4.call(Unknown Source)
	at CALL - PDP.run(CALL - PDP:55)
	at com.kms.katalon.core.main.ScriptEngine.run(ScriptEngine.java:194)
	at com.kms.katalon.core.main.ScriptEngine.runScriptAsRawText(ScriptEngine.java:119)
	at com.kms.katalon.core.main.TestCaseExecutor.runScript(TestCaseExecutor.java:328)
	at com.kms.katalon.core.main.TestCaseExecutor.doExecute(TestCaseExecutor.java:319)
	at com.kms.katalon.core.main.TestCaseExecutor.processExecutionPhase(TestCaseExecutor.java:298)
	at com.kms.katalon.core.main.TestCaseExecutor.accessMainPhase(TestCaseExecutor.java:290)
	at com.kms.katalon.core.main.TestCaseExecutor.execute(TestCaseExecutor.java:224)
	at com.kms.katalon.core.main.TestCaseMain.runTestCase(TestCaseMain.java:106)
	at com.kms.katalon.core.keyword.builtin.CallTestCaseKeyword$_callTestCase_closure1.doCall(CallTestCaseKeyword.groovy:59)
	at com.kms.katalon.core.keyword.builtin.CallTestCaseKeyword$_callTestCase_closure1.call(CallTestCaseKeyword.groovy)
	at com.kms.katalon.core.keyword.internal.KeywordMain.runKeyword(KeywordMain.groovy:54)
	at com.kms.katalon.core.keyword.builtin.CallTestCaseKeyword.callTestCase(CallTestCaseKeyword.groovy:80)
	at com.kms.katalon.core.keyword.builtin.CallTestCaseKeyword.execute(CallTestCaseKeyword.groovy:44)
	at com.kms.katalon.core.keyword.internal.KeywordExecutor.executeKeywordForPlatform(KeywordExecutor.groovy:53)
	at com.kms.katalon.core.keyword.BuiltinKeywords.callTestCase(BuiltinKeywords.groovy:334)
	at More items to consider.run(More items to consider:17)
	at com.kms.katalon.core.main.ScriptEngine.run(ScriptEngine.java:194)
	at com.kms.katalon.core.main.ScriptEngine.runScriptAsRawText(ScriptEngine.java:119)
	at com.kms.katalon.core.main.TestCaseExecutor.runScript(TestCaseExecutor.java:328)
	at com.kms.katalon.core.main.TestCaseExecutor.doExecute(TestCaseExecutor.java:319)
	at com.kms.katalon.core.main.TestCaseExecutor.processExecutionPhase(TestCaseExecutor.java:298)
	at com.kms.katalon.core.main.TestCaseExecutor.accessMainPhase(TestCaseExecutor.java:290)
	at com.kms.katalon.core.main.TestCaseExecutor.execute(TestCaseExecutor.java:224)
	at com.kms.katalon.core.main.TestSuiteExecutor.accessTestCaseMainPhase(TestSuiteExecutor.java:129)
	at com.kms.katalon.core.main.TestSuiteExecutor.accessTestSuiteMainPhase(TestSuiteExecutor.java:112)
	at com.kms.katalon.core.main.TestSuiteExecutor.execute(TestSuiteExecutor.java:81)
	at com.kms.katalon.core.main.TestCaseMain.startTestSuite(TestCaseMain.java:149)
	at com.kms.katalon.core.main.TestCaseMain$startTestSuite$0.call(Unknown Source)
	at TempTestSuite1561150248290.run(TempTestSuite1561150248290.groovy:36)]]></system-out>
         <system-err><![CDATA[2019-06-21 17:15:13 - [TEST_CASE][FAILED] - Test Cases/OCS - MOBILE/OCS- PRODUCT PAGE/More items to consider: Test Cases/OCS - MOBILE/OCS- PRODUCT PAGE/More items to consider FAILED.
Reason:
com.kms.katalon.core.exception.StepFailedException: Unable to click on object 'Object Repository/OCS-MOBILE /Age gate and burger menu/Dried Flower_Plus icon' (Root cause: com.kms.katalon.core.webui.exception.WebElementNotFoundException: Web element with id: 'Object Repository/OCS-MOBILE /Age gate and burger menu/Dried Flower_Plus icon' located by 'By.xpath: //i[@ xpath = '/html[1]/body[1]/div[1]/header[1]/div[2]/div[1]/div[2]/div[1]/div[1]/div[1]/nav[1]/ul[1]/li[1]/div[1]/div[2]/ul[1]/li[1]/a[1]']' not found)
	at com.kms.katalon.core.keyword.internal.KeywordMain.stepFailed(KeywordMain.groovy:36)
	at com.kms.katalon.core.webui.keyword.internal.WebUIKeywordMain.stepFailed(WebUIKeywordMain.groovy:65)
	at com.kms.katalon.core.webui.keyword.internal.WebUIKeywordMain.runKeyword(WebUIKeywordMain.groovy:27)
	at com.kms.katalon.core.webui.keyword.builtin.ClickKeyword.click(ClickKeyword.groovy:86)
	at com.kms.katalon.core.webui.keyword.builtin.ClickKeyword.execute(ClickKeyword.groovy:67)
	at com.kms.katalon.core.keyword.internal.KeywordExecutor.executeKeywordForPlatform(KeywordExecutor.groovy:53)
	at com.kms.katalon.core.webui.keyword.WebUiBuiltInKeywords.click(WebUiBuiltInKeywords.groovy:616)
	at com.kms.katalon.core.webui.keyword.WebUiBuiltInKeywords$click$4.call(Unknown Source)
	at CALL - PDP.run(CALL - PDP:55)
	at com.kms.katalon.core.main.ScriptEngine.run(ScriptEngine.java:194)
	at com.kms.katalon.core.main.ScriptEngine.runScriptAsRawText(ScriptEngine.java:119)
	at com.kms.katalon.core.main.TestCaseExecutor.runScript(TestCaseExecutor.java:328)
	at com.kms.katalon.core.main.TestCaseExecutor.doExecute(TestCaseExecutor.java:319)
	at com.kms.katalon.core.main.TestCaseExecutor.processExecutionPhase(TestCaseExecutor.java:298)
	at com.kms.katalon.core.main.TestCaseExecutor.accessMainPhase(TestCaseExecutor.java:290)
	at com.kms.katalon.core.main.TestCaseExecutor.execute(TestCaseExecutor.java:224)
	at com.kms.katalon.core.main.TestCaseMain.runTestCase(TestCaseMain.java:106)
	at com.kms.katalon.core.keyword.builtin.CallTestCaseKeyword$_callTestCase_closure1.doCall(CallTestCaseKeyword.groovy:59)
	at com.kms.katalon.core.keyword.builtin.CallTestCaseKeyword$_callTestCase_closure1.call(CallTestCaseKeyword.groovy)
	at com.kms.katalon.core.keyword.internal.KeywordMain.runKeyword(KeywordMain.groovy:54)
	at com.kms.katalon.core.keyword.builtin.CallTestCaseKeyword.callTestCase(CallTestCaseKeyword.groovy:80)
	at com.kms.katalon.core.keyword.builtin.CallTestCaseKeyword.execute(CallTestCaseKeyword.groovy:44)
	at com.kms.katalon.core.keyword.internal.KeywordExecutor.executeKeywordForPlatform(KeywordExecutor.groovy:53)
	at com.kms.katalon.core.keyword.BuiltinKeywords.callTestCase(BuiltinKeywords.groovy:334)
	at More items to consider.run(More items to consider:17)
	at com.kms.katalon.core.main.ScriptEngine.run(ScriptEngine.java:194)
	at com.kms.katalon.core.main.ScriptEngine.runScriptAsRawText(ScriptEngine.java:119)
	at com.kms.katalon.core.main.TestCaseExecutor.runScript(TestCaseExecutor.java:328)
	at com.kms.katalon.core.main.TestCaseExecutor.doExecute(TestCaseExecutor.java:319)
	at com.kms.katalon.core.main.TestCaseExecutor.processExecutionPhase(TestCaseExecutor.java:298)
	at com.kms.katalon.core.main.TestCaseExecutor.accessMainPhase(TestCaseExecutor.java:290)
	at com.kms.katalon.core.main.TestCaseExecutor.execute(TestCaseExecutor.java:224)
	at com.kms.katalon.core.main.TestSuiteExecutor.accessTestCaseMainPhase(TestSuiteExecutor.java:129)
	at com.kms.katalon.core.main.TestSuiteExecutor.accessTestSuiteMainPhase(TestSuiteExecutor.java:112)
	at com.kms.katalon.core.main.TestSuiteExecutor.execute(TestSuiteExecutor.java:81)
	at com.kms.katalon.core.main.TestCaseMain.startTestSuite(TestCaseMain.java:149)
	at com.kms.katalon.core.main.TestCaseMain$startTestSuite$0.call(Unknown Source)
	at TempTestSuite1561150248290.run(TempTestSuite1561150248290.groovy:36)]]></system-err>
      </testcase>
      <testcase name="Test Cases/OCS - MOBILE/OCS- PRODUCT PAGE/Price" classname="Test Cases/OCS - MOBILE/OCS- PRODUCT PAGE/Price" status="FAILED">
         <failure type="FAILED" message="Test Cases/OCS - MOBILE/OCS- PRODUCT PAGE/Price FAILED.
Reason:
com.kms.katalon.core.exception.StepFailedException: Unable to click on object 'Object Repository/OCS-MOBILE /Age gate and burger menu/Dried Flower_Plus icon' (Root cause: com.kms.katalon.core.webui.exception.WebElementNotFoundException: Web element with id: 'Object Repository/OCS-MOBILE /Age gate and burger menu/Dried Flower_Plus icon' located by 'By.xpath: //i[@ xpath = '/html[1]/body[1]/div[1]/header[1]/div[2]/div[1]/div[2]/div[1]/div[1]/div[1]/nav[1]/ul[1]/li[1]/div[1]/div[2]/ul[1]/li[1]/a[1]']' not found)
	at com.kms.katalon.core.keyword.internal.KeywordMain.stepFailed(KeywordMain.groovy:36)
	at com.kms.katalon.core.webui.keyword.internal.WebUIKeywordMain.stepFailed(WebUIKeywordMain.groovy:65)
	at com.kms.katalon.core.webui.keyword.internal.WebUIKeywordMain.runKeyword(WebUIKeywordMain.groovy:27)
	at com.kms.katalon.core.webui.keyword.builtin.ClickKeyword.click(ClickKeyword.groovy:86)
	at com.kms.katalon.core.webui.keyword.builtin.ClickKeyword.execute(ClickKeyword.groovy:67)
	at com.kms.katalon.core.keyword.internal.KeywordExecutor.executeKeywordForPlatform(KeywordExecutor.groovy:53)
	at com.kms.katalon.core.webui.keyword.WebUiBuiltInKeywords.click(WebUiBuiltInKeywords.groovy:616)
	at com.kms.katalon.core.webui.keyword.WebUiBuiltInKeywords$click$4.call(Unknown Source)
	at CALL - PDP.run(CALL - PDP:55)
	at com.kms.katalon.core.main.ScriptEngine.run(ScriptEngine.java:194)
	at com.kms.katalon.core.main.ScriptEngine.runScriptAsRawText(ScriptEngine.java:119)
	at com.kms.katalon.core.main.TestCaseExecutor.runScript(TestCaseExecutor.java:328)
	at com.kms.katalon.core.main.TestCaseExecutor.doExecute(TestCaseExecutor.java:319)
	at com.kms.katalon.core.main.TestCaseExecutor.processExecutionPhase(TestCaseExecutor.java:298)
	at com.kms.katalon.core.main.TestCaseExecutor.accessMainPhase(TestCaseExecutor.java:290)
	at com.kms.katalon.core.main.TestCaseExecutor.execute(TestCaseExecutor.java:224)
	at com.kms.katalon.core.main.TestCaseMain.runTestCase(TestCaseMain.java:106)
	at com.kms.katalon.core.keyword.builtin.CallTestCaseKeyword$_callTestCase_closure1.doCall(CallTestCaseKeyword.groovy:59)
	at com.kms.katalon.core.keyword.builtin.CallTestCaseKeyword$_callTestCase_closure1.call(CallTestCaseKeyword.groovy)
	at com.kms.katalon.core.keyword.internal.KeywordMain.runKeyword(KeywordMain.groovy:54)
	at com.kms.katalon.core.keyword.builtin.CallTestCaseKeyword.callTestCase(CallTestCaseKeyword.groovy:80)
	at com.kms.katalon.core.keyword.builtin.CallTestCaseKeyword.execute(CallTestCaseKeyword.groovy:44)
	at com.kms.katalon.core.keyword.internal.KeywordExecutor.executeKeywordForPlatform(KeywordExecutor.groovy:53)
	at com.kms.katalon.core.keyword.BuiltinKeywords.callTestCase(BuiltinKeywords.groovy:334)
	at Price.run(Price:16)
	at com.kms.katalon.core.main.ScriptEngine.run(ScriptEngine.java:194)
	at com.kms.katalon.core.main.ScriptEngine.runScriptAsRawText(ScriptEngine.java:119)
	at com.kms.katalon.core.main.TestCaseExecutor.runScript(TestCaseExecutor.java:328)
	at com.kms.katalon.core.main.TestCaseExecutor.doExecute(TestCaseExecutor.java:319)
	at com.kms.katalon.core.main.TestCaseExecutor.processExecutionPhase(TestCaseExecutor.java:298)
	at com.kms.katalon.core.main.TestCaseExecutor.accessMainPhase(TestCaseExecutor.java:290)
	at com.kms.katalon.core.main.TestCaseExecutor.execute(TestCaseExecutor.java:224)
	at com.kms.katalon.core.main.TestSuiteExecutor.accessTestCaseMainPhase(TestSuiteExecutor.java:129)
	at com.kms.katalon.core.main.TestSuiteExecutor.accessTestSuiteMainPhase(TestSuiteExecutor.java:112)
	at com.kms.katalon.core.main.TestSuiteExecutor.execute(TestSuiteExecutor.java:81)
	at com.kms.katalon.core.main.TestCaseMain.startTestSuite(TestCaseMain.java:149)
	at com.kms.katalon.core.main.TestCaseMain$startTestSuite$0.call(Unknown Source)
	at TempTestSuite1561150248290.run(TempTestSuite1561150248290.groovy:36)
"/>
         <system-out><![CDATA[2019-06-21 17:16:06 - [TEST_CASE][FAILED] - Test Cases/OCS - MOBILE/OCS- PRODUCT PAGE/Price: Test Cases/OCS - MOBILE/OCS- PRODUCT PAGE/Price FAILED.
Reason:
com.kms.katalon.core.exception.StepFailedException: Unable to click on object 'Object Repository/OCS-MOBILE /Age gate and burger menu/Dried Flower_Plus icon' (Root cause: com.kms.katalon.core.webui.exception.WebElementNotFoundException: Web element with id: 'Object Repository/OCS-MOBILE /Age gate and burger menu/Dried Flower_Plus icon' located by 'By.xpath: //i[@ xpath = '/html[1]/body[1]/div[1]/header[1]/div[2]/div[1]/div[2]/div[1]/div[1]/div[1]/nav[1]/ul[1]/li[1]/div[1]/div[2]/ul[1]/li[1]/a[1]']' not found)
	at com.kms.katalon.core.keyword.internal.KeywordMain.stepFailed(KeywordMain.groovy:36)
	at com.kms.katalon.core.webui.keyword.internal.WebUIKeywordMain.stepFailed(WebUIKeywordMain.groovy:65)
	at com.kms.katalon.core.webui.keyword.internal.WebUIKeywordMain.runKeyword(WebUIKeywordMain.groovy:27)
	at com.kms.katalon.core.webui.keyword.builtin.ClickKeyword.click(ClickKeyword.groovy:86)
	at com.kms.katalon.core.webui.keyword.builtin.ClickKeyword.execute(ClickKeyword.groovy:67)
	at com.kms.katalon.core.keyword.internal.KeywordExecutor.executeKeywordForPlatform(KeywordExecutor.groovy:53)
	at com.kms.katalon.core.webui.keyword.WebUiBuiltInKeywords.click(WebUiBuiltInKeywords.groovy:616)
	at com.kms.katalon.core.webui.keyword.WebUiBuiltInKeywords$click$4.call(Unknown Source)
	at CALL - PDP.run(CALL - PDP:55)
	at com.kms.katalon.core.main.ScriptEngine.run(ScriptEngine.java:194)
	at com.kms.katalon.core.main.ScriptEngine.runScriptAsRawText(ScriptEngine.java:119)
	at com.kms.katalon.core.main.TestCaseExecutor.runScript(TestCaseExecutor.java:328)
	at com.kms.katalon.core.main.TestCaseExecutor.doExecute(TestCaseExecutor.java:319)
	at com.kms.katalon.core.main.TestCaseExecutor.processExecutionPhase(TestCaseExecutor.java:298)
	at com.kms.katalon.core.main.TestCaseExecutor.accessMainPhase(TestCaseExecutor.java:290)
	at com.kms.katalon.core.main.TestCaseExecutor.execute(TestCaseExecutor.java:224)
	at com.kms.katalon.core.main.TestCaseMain.runTestCase(TestCaseMain.java:106)
	at com.kms.katalon.core.keyword.builtin.CallTestCaseKeyword$_callTestCase_closure1.doCall(CallTestCaseKeyword.groovy:59)
	at com.kms.katalon.core.keyword.builtin.CallTestCaseKeyword$_callTestCase_closure1.call(CallTestCaseKeyword.groovy)
	at com.kms.katalon.core.keyword.internal.KeywordMain.runKeyword(KeywordMain.groovy:54)
	at com.kms.katalon.core.keyword.builtin.CallTestCaseKeyword.callTestCase(CallTestCaseKeyword.groovy:80)
	at com.kms.katalon.core.keyword.builtin.CallTestCaseKeyword.execute(CallTestCaseKeyword.groovy:44)
	at com.kms.katalon.core.keyword.internal.KeywordExecutor.executeKeywordForPlatform(KeywordExecutor.groovy:53)
	at com.kms.katalon.core.keyword.BuiltinKeywords.callTestCase(BuiltinKeywords.groovy:334)
	at Price.run(Price:16)
	at com.kms.katalon.core.main.ScriptEngine.run(ScriptEngine.java:194)
	at com.kms.katalon.core.main.ScriptEngine.runScriptAsRawText(ScriptEngine.java:119)
	at com.kms.katalon.core.main.TestCaseExecutor.runScript(TestCaseExecutor.java:328)
	at com.kms.katalon.core.main.TestCaseExecutor.doExecute(TestCaseExecutor.java:319)
	at com.kms.katalon.core.main.TestCaseExecutor.processExecutionPhase(TestCaseExecutor.java:298)
	at com.kms.katalon.core.main.TestCaseExecutor.accessMainPhase(TestCaseExecutor.java:290)
	at com.kms.katalon.core.main.TestCaseExecutor.execute(TestCaseExecutor.java:224)
	at com.kms.katalon.core.main.TestSuiteExecutor.accessTestCaseMainPhase(TestSuiteExecutor.java:129)
	at com.kms.katalon.core.main.TestSuiteExecutor.accessTestSuiteMainPhase(TestSuiteExecutor.java:112)
	at com.kms.katalon.core.main.TestSuiteExecutor.execute(TestSuiteExecutor.java:81)
	at com.kms.katalon.core.main.TestCaseMain.startTestSuite(TestCaseMain.java:149)
	at com.kms.katalon.core.main.TestCaseMain$startTestSuite$0.call(Unknown Source)
	at TempTestSuite1561150248290.run(TempTestSuite1561150248290.groovy:36)


2019-06-21 17:16:06 - [TEST_STEP][FAILED] - callTestCase(findTestCase("OCS - MOBILE/CALL - PDP"), [:], STOP_ON_FAILURE): callTestCase(findTestCase("OCS - MOBILE/CALL - PDP"), [:], STOP_ON_FAILURE) FAILED.
Reason:
com.kms.katalon.core.exception.StepFailedException: Unable to click on object 'Object Repository/OCS-MOBILE /Age gate and burger menu/Dried Flower_Plus icon' (Root cause: com.kms.katalon.core.webui.exception.WebElementNotFoundException: Web element with id: 'Object Repository/OCS-MOBILE /Age gate and burger menu/Dried Flower_Plus icon' located by 'By.xpath: //i[@ xpath = '/html[1]/body[1]/div[1]/header[1]/div[2]/div[1]/div[2]/div[1]/div[1]/div[1]/nav[1]/ul[1]/li[1]/div[1]/div[2]/ul[1]/li[1]/a[1]']' not found)
	at com.kms.katalon.core.keyword.internal.KeywordMain.stepFailed(KeywordMain.groovy:36)
	at com.kms.katalon.core.webui.keyword.internal.WebUIKeywordMain.stepFailed(WebUIKeywordMain.groovy:65)
	at com.kms.katalon.core.webui.keyword.internal.WebUIKeywordMain.runKeyword(WebUIKeywordMain.groovy:27)
	at com.kms.katalon.core.webui.keyword.builtin.ClickKeyword.click(ClickKeyword.groovy:86)
	at com.kms.katalon.core.webui.keyword.builtin.ClickKeyword.execute(ClickKeyword.groovy:67)
	at com.kms.katalon.core.keyword.internal.KeywordExecutor.executeKeywordForPlatform(KeywordExecutor.groovy:53)
	at com.kms.katalon.core.webui.keyword.WebUiBuiltInKeywords.click(WebUiBuiltInKeywords.groovy:616)
	at com.kms.katalon.core.webui.keyword.WebUiBuiltInKeywords$click$4.call(Unknown Source)
	at CALL - PDP.run(CALL - PDP:55)
	at com.kms.katalon.core.main.ScriptEngine.run(ScriptEngine.java:194)
	at com.kms.katalon.core.main.ScriptEngine.runScriptAsRawText(ScriptEngine.java:119)
	at com.kms.katalon.core.main.TestCaseExecutor.runScript(TestCaseExecutor.java:328)
	at com.kms.katalon.core.main.TestCaseExecutor.doExecute(TestCaseExecutor.java:319)
	at com.kms.katalon.core.main.TestCaseExecutor.processExecutionPhase(TestCaseExecutor.java:298)
	at com.kms.katalon.core.main.TestCaseExecutor.accessMainPhase(TestCaseExecutor.java:290)
	at com.kms.katalon.core.main.TestCaseExecutor.execute(TestCaseExecutor.java:224)
	at com.kms.katalon.core.main.TestCaseMain.runTestCase(TestCaseMain.java:106)
	at com.kms.katalon.core.keyword.builtin.CallTestCaseKeyword$_callTestCase_closure1.doCall(CallTestCaseKeyword.groovy:59)
	at com.kms.katalon.core.keyword.builtin.CallTestCaseKeyword$_callTestCase_closure1.call(CallTestCaseKeyword.groovy)
	at com.kms.katalon.core.keyword.internal.KeywordMain.runKeyword(KeywordMain.groovy:54)
	at com.kms.katalon.core.keyword.builtin.CallTestCaseKeyword.callTestCase(CallTestCaseKeyword.groovy:80)
	at com.kms.katalon.core.keyword.builtin.CallTestCaseKeyword.execute(CallTestCaseKeyword.groovy:44)
	at com.kms.katalon.core.keyword.internal.KeywordExecutor.executeKeywordForPlatform(KeywordExecutor.groovy:53)
	at com.kms.katalon.core.keyword.BuiltinKeywords.callTestCase(BuiltinKeywords.groovy:334)
	at Price.run(Price:16)
	at com.kms.katalon.core.main.ScriptEngine.run(ScriptEngine.java:194)
	at com.kms.katalon.core.main.ScriptEngine.runScriptAsRawText(ScriptEngine.java:119)
	at com.kms.katalon.core.main.TestCaseExecutor.runScript(TestCaseExecutor.java:328)
	at com.kms.katalon.core.main.TestCaseExecutor.doExecute(TestCaseExecutor.java:319)
	at com.kms.katalon.core.main.TestCaseExecutor.processExecutionPhase(TestCaseExecutor.java:298)
	at com.kms.katalon.core.main.TestCaseExecutor.accessMainPhase(TestCaseExecutor.java:290)
	at com.kms.katalon.core.main.TestCaseExecutor.execute(TestCaseExecutor.java:224)
	at com.kms.katalon.core.main.TestSuiteExecutor.accessTestCaseMainPhase(TestSuiteExecutor.java:129)
	at com.kms.katalon.core.main.TestSuiteExecutor.accessTestSuiteMainPhase(TestSuiteExecutor.java:112)
	at com.kms.katalon.core.main.TestSuiteExecutor.execute(TestSuiteExecutor.java:81)
	at com.kms.katalon.core.main.TestCaseMain.startTestSuite(TestCaseMain.java:149)
	at com.kms.katalon.core.main.TestCaseMain$startTestSuite$0.call(Unknown Source)
	at TempTestSuite1561150248290.run(TempTestSuite1561150248290.groovy:36)


2019-06-21 17:16:06 - [TEST_CASE][FAILED] - Test Cases/OCS - MOBILE/CALL - PDP: Test Cases/OCS - MOBILE/CALL - PDP FAILED.
Reason:
com.kms.katalon.core.exception.StepFailedException: Unable to click on object 'Object Repository/OCS-MOBILE /Age gate and burger menu/Dried Flower_Plus icon' (Root cause: com.kms.katalon.core.webui.exception.WebElementNotFoundException: Web element with id: 'Object Repository/OCS-MOBILE /Age gate and burger menu/Dried Flower_Plus icon' located by 'By.xpath: //i[@ xpath = '/html[1]/body[1]/div[1]/header[1]/div[2]/div[1]/div[2]/div[1]/div[1]/div[1]/nav[1]/ul[1]/li[1]/div[1]/div[2]/ul[1]/li[1]/a[1]']' not found)
	at com.kms.katalon.core.keyword.internal.KeywordMain.stepFailed(KeywordMain.groovy:36)
	at com.kms.katalon.core.webui.keyword.internal.WebUIKeywordMain.stepFailed(WebUIKeywordMain.groovy:65)
	at com.kms.katalon.core.webui.keyword.internal.WebUIKeywordMain.runKeyword(WebUIKeywordMain.groovy:27)
	at com.kms.katalon.core.webui.keyword.builtin.ClickKeyword.click(ClickKeyword.groovy:86)
	at com.kms.katalon.core.webui.keyword.builtin.ClickKeyword.execute(ClickKeyword.groovy:67)
	at com.kms.katalon.core.keyword.internal.KeywordExecutor.executeKeywordForPlatform(KeywordExecutor.groovy:53)
	at com.kms.katalon.core.webui.keyword.WebUiBuiltInKeywords.click(WebUiBuiltInKeywords.groovy:616)
	at com.kms.katalon.core.webui.keyword.WebUiBuiltInKeywords$click$4.call(Unknown Source)
	at CALL - PDP.run(CALL - PDP:55)
	at com.kms.katalon.core.main.ScriptEngine.run(ScriptEngine.java:194)
	at com.kms.katalon.core.main.ScriptEngine.runScriptAsRawText(ScriptEngine.java:119)
	at com.kms.katalon.core.main.TestCaseExecutor.runScript(TestCaseExecutor.java:328)
	at com.kms.katalon.core.main.TestCaseExecutor.doExecute(TestCaseExecutor.java:319)
	at com.kms.katalon.core.main.TestCaseExecutor.processExecutionPhase(TestCaseExecutor.java:298)
	at com.kms.katalon.core.main.TestCaseExecutor.accessMainPhase(TestCaseExecutor.java:290)
	at com.kms.katalon.core.main.TestCaseExecutor.execute(TestCaseExecutor.java:224)
	at com.kms.katalon.core.main.TestCaseMain.runTestCase(TestCaseMain.java:106)
	at com.kms.katalon.core.keyword.builtin.CallTestCaseKeyword$_callTestCase_closure1.doCall(CallTestCaseKeyword.groovy:59)
	at com.kms.katalon.core.keyword.builtin.CallTestCaseKeyword$_callTestCase_closure1.call(CallTestCaseKeyword.groovy)
	at com.kms.katalon.core.keyword.internal.KeywordMain.runKeyword(KeywordMain.groovy:54)
	at com.kms.katalon.core.keyword.builtin.CallTestCaseKeyword.callTestCase(CallTestCaseKeyword.groovy:80)
	at com.kms.katalon.core.keyword.builtin.CallTestCaseKeyword.execute(CallTestCaseKeyword.groovy:44)
	at com.kms.katalon.core.keyword.internal.KeywordExecutor.executeKeywordForPlatform(KeywordExecutor.groovy:53)
	at com.kms.katalon.core.keyword.BuiltinKeywords.callTestCase(BuiltinKeywords.groovy:334)
	at Price.run(Price:16)
	at com.kms.katalon.core.main.ScriptEngine.run(ScriptEngine.java:194)
	at com.kms.katalon.core.main.ScriptEngine.runScriptAsRawText(ScriptEngine.java:119)
	at com.kms.katalon.core.main.TestCaseExecutor.runScript(TestCaseExecutor.java:328)
	at com.kms.katalon.core.main.TestCaseExecutor.doExecute(TestCaseExecutor.java:319)
	at com.kms.katalon.core.main.TestCaseExecutor.processExecutionPhase(TestCaseExecutor.java:298)
	at com.kms.katalon.core.main.TestCaseExecutor.accessMainPhase(TestCaseExecutor.java:290)
	at com.kms.katalon.core.main.TestCaseExecutor.execute(TestCaseExecutor.java:224)
	at com.kms.katalon.core.main.TestSuiteExecutor.accessTestCaseMainPhase(TestSuiteExecutor.java:129)
	at com.kms.katalon.core.main.TestSuiteExecutor.accessTestSuiteMainPhase(TestSuiteExecutor.java:112)
	at com.kms.katalon.core.main.TestSuiteExecutor.execute(TestSuiteExecutor.java:81)
	at com.kms.katalon.core.main.TestCaseMain.startTestSuite(TestCaseMain.java:149)
	at com.kms.katalon.core.main.TestCaseMain$startTestSuite$0.call(Unknown Source)
	at TempTestSuite1561150248290.run(TempTestSuite1561150248290.groovy:36)


2019-06-21 17:16:06 - [TEST_STEP][PASSED] - openBrowser(""): Browser is opened with url: ''

2019-06-21 17:16:06 - [MESSAGE][WARNING] - A browser is already opened. Closing browser and opening a new one

2019-06-21 17:16:06 - [MESSAGE][INFO] - Starting 'Chrome' driver

2019-06-21 17:16:08 - [MESSAGE][PASSED] - Browser is opened with url: ''

2019-06-21 17:16:08 - [TEST_STEP][PASSED] - navigateToUrl("https://ocs.ca/?fts=0&preview_theme_id=74057975628"): Navigate to 'https://ocs.ca/?fts=0&preview_theme_id=74057975628' successfully

2019-06-21 17:16:12 - [MESSAGE][PASSED] - Navigate to 'https://ocs.ca/?fts=0&preview_theme_id=74057975628' successfully

2019-06-21 17:16:12 - [TEST_STEP][PASSED] - executeJavaScript("var previewBar = document.getElementById("preview-bar-iframe"); previewBar.style.display = "none";", []): Execute JavaScript 'var previewBar = document.getElementById("preview-bar-iframe"); previewBar.style.display = "none";' successfully

2019-06-21 17:16:12 - [MESSAGE][PASSED] - Execute JavaScript 'var previewBar = document.getElementById("preview-bar-iframe"); previewBar.style.display = "none";' successfully

2019-06-21 17:16:12 - [TEST_STEP][PASSED] - setViewPortSize(360, 800): Viewport is set to new size with width = 360 and height = 800

2019-06-21 17:16:12 - [MESSAGE][PASSED] - Viewport is set to new size with width = 360 and height = 800

2019-06-21 17:16:12 - [TEST_STEP][PASSED] - delay(4): Delayed 4 second(s)

2019-06-21 17:16:16 - [MESSAGE][PASSED] - Delayed 4 second(s)

2019-06-21 17:16:16 - [TEST_STEP][PASSED] - selectOptionByValue(findTestObject("OCS-MOBILE /Age gate and burger menu/Date"), "12", true): All options with value '12' are selected in object 'Object Repository/OCS-MOBILE /Age gate and burger menu/Date'  using regular expression

2019-06-21 17:16:16 - [MESSAGE][PASSED] - All options with value '12' are selected in object 'Object Repository/OCS-MOBILE /Age gate and burger menu/Date'  using regular expression

2019-06-21 17:16:16 - [TEST_STEP][PASSED] - selectOptionByValue(findTestObject("OCS-MOBILE /Age gate and burger menu/month"), "6", true): All options with value '6' are selected in object 'Object Repository/OCS-MOBILE /Age gate and burger menu/month'  using regular expression

2019-06-21 17:16:17 - [MESSAGE][PASSED] - All options with value '6' are selected in object 'Object Repository/OCS-MOBILE /Age gate and burger menu/month'  using regular expression

2019-06-21 17:16:17 - [TEST_STEP][PASSED] - delay(2): Delayed 2 second(s)

2019-06-21 17:16:19 - [MESSAGE][PASSED] - Delayed 2 second(s)

2019-06-21 17:16:19 - [TEST_STEP][PASSED] - selectOptionByValue(findTestObject("OCS-MOBILE /Age gate and burger menu/Year Dropdown"), "1990", true): All options with value '1990' are selected in object 'Object Repository/OCS-MOBILE /Age gate and burger menu/Year Dropdown'  using regular expression

2019-06-21 17:16:20 - [MESSAGE][PASSED] - All options with value '1990' are selected in object 'Object Repository/OCS-MOBILE /Age gate and burger menu/Year Dropdown'  using regular expression

2019-06-21 17:16:20 - [TEST_STEP][PASSED] - click(findTestObject("OCS-MOBILE /Age gate and Mega menu/button_Verify")): Object: 'Object Repository/OCS-MOBILE /Age gate and Mega menu/button_Verify' is clicked on

2019-06-21 17:16:20 - [MESSAGE][PASSED] - Object: 'Object Repository/OCS-MOBILE /Age gate and Mega menu/button_Verify' is clicked on

2019-06-21 17:16:20 - [TEST_STEP][PASSED] - click(findTestObject("OCS-MOBILE /Age gate and Mega menu/Checkbox_CONFIRM AND ACKNOWLEDGE")): Object: 'Object Repository/OCS-MOBILE /Age gate and Mega menu/Checkbox_CONFIRM AND ACKNOWLEDGE' is clicked on

2019-06-21 17:16:20 - [MESSAGE][PASSED] - Object: 'Object Repository/OCS-MOBILE /Age gate and Mega menu/Checkbox_CONFIRM AND ACKNOWLEDGE' is clicked on

2019-06-21 17:16:20 - [TEST_STEP][PASSED] - click(findTestObject("OCS-MOBILE /Age gate and Mega menu/button_CONFIRM")): Object: 'Object Repository/OCS-MOBILE /Age gate and Mega menu/button_CONFIRM' is clicked on

2019-06-21 17:16:20 - [MESSAGE][PASSED] - Object: 'Object Repository/OCS-MOBILE /Age gate and Mega menu/button_CONFIRM' is clicked on

2019-06-21 17:16:20 - [TEST_STEP][PASSED] - click(findTestObject("OCS-MOBILE /Age gate and Mega menu/button_Start Browsing")): Object: 'Object Repository/OCS-MOBILE /Age gate and Mega menu/button_Start Browsing' is clicked on

2019-06-21 17:16:20 - [MESSAGE][PASSED] - Object: 'Object Repository/OCS-MOBILE /Age gate and Mega menu/button_Start Browsing' is clicked on

2019-06-21 17:16:20 - [TEST_STEP][PASSED] - refresh(): Refresh successfully

2019-06-21 17:16:20 - [MESSAGE][PASSED] - Refresh successfully

2019-06-21 17:16:20 - [TEST_STEP][PASSED] - delay(2): Delayed 2 second(s)

2019-06-21 17:16:22 - [MESSAGE][PASSED] - Delayed 2 second(s)

2019-06-21 17:16:22 - [TEST_STEP][PASSED] - click(findTestObject("OCS-MOBILE /Age gate and burger menu/Burger menu - English")): Object: 'Object Repository/OCS-MOBILE /Age gate and burger menu/Burger menu - English' is clicked on

2019-06-21 17:16:23 - [MESSAGE][PASSED] - Object: 'Object Repository/OCS-MOBILE /Age gate and burger menu/Burger menu - English' is clicked on

2019-06-21 17:16:23 - [TEST_STEP][PASSED] - delay(2): Delayed 2 second(s)

2019-06-21 17:16:25 - [MESSAGE][PASSED] - Delayed 2 second(s)

2019-06-21 17:16:25 - [TEST_STEP][PASSED] - click(findTestObject("OCS-MOBILE /Age gate and burger menu/Chevron_Cannabis")): Object: 'Object Repository/OCS-MOBILE /Age gate and burger menu/Chevron_Cannabis' is clicked on

2019-06-21 17:16:25 - [MESSAGE][PASSED] - Object: 'Object Repository/OCS-MOBILE /Age gate and burger menu/Chevron_Cannabis' is clicked on

2019-06-21 17:16:25 - [TEST_STEP][PASSED] - delay(2): Delayed 2 second(s)

2019-06-21 17:16:27 - [MESSAGE][PASSED] - Delayed 2 second(s)

2019-06-21 17:16:27 - [TEST_STEP][FAILED] - click(findTestObject("OCS-MOBILE /Age gate and burger menu/Dried Flower_Plus icon")): click(findTestObject("OCS-MOBILE /Age gate and burger menu/Dried Flower_Plus icon")) FAILED.
Reason:
com.kms.katalon.core.exception.StepFailedException: Unable to click on object 'Object Repository/OCS-MOBILE /Age gate and burger menu/Dried Flower_Plus icon' (Root cause: com.kms.katalon.core.webui.exception.WebElementNotFoundException: Web element with id: 'Object Repository/OCS-MOBILE /Age gate and burger menu/Dried Flower_Plus icon' located by 'By.xpath: //i[@ xpath = '/html[1]/body[1]/div[1]/header[1]/div[2]/div[1]/div[2]/div[1]/div[1]/div[1]/nav[1]/ul[1]/li[1]/div[1]/div[2]/ul[1]/li[1]/a[1]']' not found)
	at com.kms.katalon.core.keyword.internal.KeywordMain.stepFailed(KeywordMain.groovy:36)
	at com.kms.katalon.core.webui.keyword.internal.WebUIKeywordMain.stepFailed(WebUIKeywordMain.groovy:65)
	at com.kms.katalon.core.webui.keyword.internal.WebUIKeywordMain.runKeyword(WebUIKeywordMain.groovy:27)
	at com.kms.katalon.core.webui.keyword.builtin.ClickKeyword.click(ClickKeyword.groovy:86)
	at com.kms.katalon.core.webui.keyword.builtin.ClickKeyword.execute(ClickKeyword.groovy:67)
	at com.kms.katalon.core.keyword.internal.KeywordExecutor.executeKeywordForPlatform(KeywordExecutor.groovy:53)
	at com.kms.katalon.core.webui.keyword.WebUiBuiltInKeywords.click(WebUiBuiltInKeywords.groovy:616)
	at com.kms.katalon.core.webui.keyword.WebUiBuiltInKeywords$click$4.call(Unknown Source)
	at CALL - PDP.run(CALL - PDP:55)
	at com.kms.katalon.core.main.ScriptEngine.run(ScriptEngine.java:194)
	at com.kms.katalon.core.main.ScriptEngine.runScriptAsRawText(ScriptEngine.java:119)
	at com.kms.katalon.core.main.TestCaseExecutor.runScript(TestCaseExecutor.java:328)
	at com.kms.katalon.core.main.TestCaseExecutor.doExecute(TestCaseExecutor.java:319)
	at com.kms.katalon.core.main.TestCaseExecutor.processExecutionPhase(TestCaseExecutor.java:298)
	at com.kms.katalon.core.main.TestCaseExecutor.accessMainPhase(TestCaseExecutor.java:290)
	at com.kms.katalon.core.main.TestCaseExecutor.execute(TestCaseExecutor.java:224)
	at com.kms.katalon.core.main.TestCaseMain.runTestCase(TestCaseMain.java:106)
	at com.kms.katalon.core.keyword.builtin.CallTestCaseKeyword$_callTestCase_closure1.doCall(CallTestCaseKeyword.groovy:59)
	at com.kms.katalon.core.keyword.builtin.CallTestCaseKeyword$_callTestCase_closure1.call(CallTestCaseKeyword.groovy)
	at com.kms.katalon.core.keyword.internal.KeywordMain.runKeyword(KeywordMain.groovy:54)
	at com.kms.katalon.core.keyword.builtin.CallTestCaseKeyword.callTestCase(CallTestCaseKeyword.groovy:80)
	at com.kms.katalon.core.keyword.builtin.CallTestCaseKeyword.execute(CallTestCaseKeyword.groovy:44)
	at com.kms.katalon.core.keyword.internal.KeywordExecutor.executeKeywordForPlatform(KeywordExecutor.groovy:53)
	at com.kms.katalon.core.keyword.BuiltinKeywords.callTestCase(BuiltinKeywords.groovy:334)
	at Price.run(Price:16)
	at com.kms.katalon.core.main.ScriptEngine.run(ScriptEngine.java:194)
	at com.kms.katalon.core.main.ScriptEngine.runScriptAsRawText(ScriptEngine.java:119)
	at com.kms.katalon.core.main.TestCaseExecutor.runScript(TestCaseExecutor.java:328)
	at com.kms.katalon.core.main.TestCaseExecutor.doExecute(TestCaseExecutor.java:319)
	at com.kms.katalon.core.main.TestCaseExecutor.processExecutionPhase(TestCaseExecutor.java:298)
	at com.kms.katalon.core.main.TestCaseExecutor.accessMainPhase(TestCaseExecutor.java:290)
	at com.kms.katalon.core.main.TestCaseExecutor.execute(TestCaseExecutor.java:224)
	at com.kms.katalon.core.main.TestSuiteExecutor.accessTestCaseMainPhase(TestSuiteExecutor.java:129)
	at com.kms.katalon.core.main.TestSuiteExecutor.accessTestSuiteMainPhase(TestSuiteExecutor.java:112)
	at com.kms.katalon.core.main.TestSuiteExecutor.execute(TestSuiteExecutor.java:81)
	at com.kms.katalon.core.main.TestCaseMain.startTestSuite(TestCaseMain.java:149)
	at com.kms.katalon.core.main.TestCaseMain$startTestSuite$0.call(Unknown Source)
	at TempTestSuite1561150248290.run(TempTestSuite1561150248290.groovy:36)


2019-06-21 17:16:58 - [MESSAGE][INFO] - Unable to find the element located by 'By.xpath: //i[@ xpath = '/html[1]/body[1]/div[1]/header[1]/div[2]/div[1]/div[2]/div[1]/div[1]/div[1]/nav[1]/ul[1]/li[1]/div[1]/div[2]/ul[1]/li[1]/a[1]']'. Please recheck the objects properties to make sure the desired element is located. 

2019-06-21 17:16:58 - [MESSAGE][FAILED] - Unable to click on object 'Object Repository/OCS-MOBILE /Age gate and burger menu/Dried Flower_Plus icon' (Root cause: com.kms.katalon.core.webui.exception.WebElementNotFoundException: Web element with id: 'Object Repository/OCS-MOBILE /Age gate and burger menu/Dried Flower_Plus icon' located by 'By.xpath: //i[@ xpath = '/html[1]/body[1]/div[1]/header[1]/div[2]/div[1]/div[2]/div[1]/div[1]/div[1]/nav[1]/ul[1]/li[1]/div[1]/div[2]/ul[1]/li[1]/a[1]']' not found)
[[ATTACHMENT|/Users/sumankompelly/Relative xpath-Mobile/Reports/OCS - 1.11.0/20190621_165048/1561151818517.png]]

2019-06-21 17:16:58 - [MESSAGE][FAILED] - click(findTestObject("OCS-MOBILE /Age gate and burger menu/Dried Flower_Plus icon")) FAILED.
Reason:
com.kms.katalon.core.exception.StepFailedException: Unable to click on object 'Object Repository/OCS-MOBILE /Age gate and burger menu/Dried Flower_Plus icon' (Root cause: com.kms.katalon.core.webui.exception.WebElementNotFoundException: Web element with id: 'Object Repository/OCS-MOBILE /Age gate and burger menu/Dried Flower_Plus icon' located by 'By.xpath: //i[@ xpath = '/html[1]/body[1]/div[1]/header[1]/div[2]/div[1]/div[2]/div[1]/div[1]/div[1]/nav[1]/ul[1]/li[1]/div[1]/div[2]/ul[1]/li[1]/a[1]']' not found)
	at com.kms.katalon.core.keyword.internal.KeywordMain.stepFailed(KeywordMain.groovy:36)
	at com.kms.katalon.core.webui.keyword.internal.WebUIKeywordMain.stepFailed(WebUIKeywordMain.groovy:65)
	at com.kms.katalon.core.webui.keyword.internal.WebUIKeywordMain.runKeyword(WebUIKeywordMain.groovy:27)
	at com.kms.katalon.core.webui.keyword.builtin.ClickKeyword.click(ClickKeyword.groovy:86)
	at com.kms.katalon.core.webui.keyword.builtin.ClickKeyword.execute(ClickKeyword.groovy:67)
	at com.kms.katalon.core.keyword.internal.KeywordExecutor.executeKeywordForPlatform(KeywordExecutor.groovy:53)
	at com.kms.katalon.core.webui.keyword.WebUiBuiltInKeywords.click(WebUiBuiltInKeywords.groovy:616)
	at com.kms.katalon.core.webui.keyword.WebUiBuiltInKeywords$click$4.call(Unknown Source)
	at CALL - PDP.run(CALL - PDP:55)
	at com.kms.katalon.core.main.ScriptEngine.run(ScriptEngine.java:194)
	at com.kms.katalon.core.main.ScriptEngine.runScriptAsRawText(ScriptEngine.java:119)
	at com.kms.katalon.core.main.TestCaseExecutor.runScript(TestCaseExecutor.java:328)
	at com.kms.katalon.core.main.TestCaseExecutor.doExecute(TestCaseExecutor.java:319)
	at com.kms.katalon.core.main.TestCaseExecutor.processExecutionPhase(TestCaseExecutor.java:298)
	at com.kms.katalon.core.main.TestCaseExecutor.accessMainPhase(TestCaseExecutor.java:290)
	at com.kms.katalon.core.main.TestCaseExecutor.execute(TestCaseExecutor.java:224)
	at com.kms.katalon.core.main.TestCaseMain.runTestCase(TestCaseMain.java:106)
	at com.kms.katalon.core.keyword.builtin.CallTestCaseKeyword$_callTestCase_closure1.doCall(CallTestCaseKeyword.groovy:59)
	at com.kms.katalon.core.keyword.builtin.CallTestCaseKeyword$_callTestCase_closure1.call(CallTestCaseKeyword.groovy)
	at com.kms.katalon.core.keyword.internal.KeywordMain.runKeyword(KeywordMain.groovy:54)
	at com.kms.katalon.core.keyword.builtin.CallTestCaseKeyword.callTestCase(CallTestCaseKeyword.groovy:80)
	at com.kms.katalon.core.keyword.builtin.CallTestCaseKeyword.execute(CallTestCaseKeyword.groovy:44)
	at com.kms.katalon.core.keyword.internal.KeywordExecutor.executeKeywordForPlatform(KeywordExecutor.groovy:53)
	at com.kms.katalon.core.keyword.BuiltinKeywords.callTestCase(BuiltinKeywords.groovy:334)
	at Price.run(Price:16)
	at com.kms.katalon.core.main.ScriptEngine.run(ScriptEngine.java:194)
	at com.kms.katalon.core.main.ScriptEngine.runScriptAsRawText(ScriptEngine.java:119)
	at com.kms.katalon.core.main.TestCaseExecutor.runScript(TestCaseExecutor.java:328)
	at com.kms.katalon.core.main.TestCaseExecutor.doExecute(TestCaseExecutor.java:319)
	at com.kms.katalon.core.main.TestCaseExecutor.processExecutionPhase(TestCaseExecutor.java:298)
	at com.kms.katalon.core.main.TestCaseExecutor.accessMainPhase(TestCaseExecutor.java:290)
	at com.kms.katalon.core.main.TestCaseExecutor.execute(TestCaseExecutor.java:224)
	at com.kms.katalon.core.main.TestSuiteExecutor.accessTestCaseMainPhase(TestSuiteExecutor.java:129)
	at com.kms.katalon.core.main.TestSuiteExecutor.accessTestSuiteMainPhase(TestSuiteExecutor.java:112)
	at com.kms.katalon.core.main.TestSuiteExecutor.execute(TestSuiteExecutor.java:81)
	at com.kms.katalon.core.main.TestCaseMain.startTestSuite(TestCaseMain.java:149)
	at com.kms.katalon.core.main.TestCaseMain$startTestSuite$0.call(Unknown Source)
	at TempTestSuite1561150248290.run(TempTestSuite1561150248290.groovy:36)


2019-06-21 17:16:58 - [MESSAGE][FAILED] - Unable to call Test Case 'Test Cases/OCS - MOBILE/CALL - PDP' (Root cause: com.kms.katalon.core.exception.StepFailedException: Call Test Case 'Test Cases/OCS - MOBILE/CALL - PDP' failed)

2019-06-21 17:16:58 - [MESSAGE][FAILED] - callTestCase(findTestCase("OCS - MOBILE/CALL - PDP"), [:], STOP_ON_FAILURE) FAILED.
Reason:
com.kms.katalon.core.exception.StepFailedException: Unable to click on object 'Object Repository/OCS-MOBILE /Age gate and burger menu/Dried Flower_Plus icon' (Root cause: com.kms.katalon.core.webui.exception.WebElementNotFoundException: Web element with id: 'Object Repository/OCS-MOBILE /Age gate and burger menu/Dried Flower_Plus icon' located by 'By.xpath: //i[@ xpath = '/html[1]/body[1]/div[1]/header[1]/div[2]/div[1]/div[2]/div[1]/div[1]/div[1]/nav[1]/ul[1]/li[1]/div[1]/div[2]/ul[1]/li[1]/a[1]']' not found)
	at com.kms.katalon.core.keyword.internal.KeywordMain.stepFailed(KeywordMain.groovy:36)
	at com.kms.katalon.core.webui.keyword.internal.WebUIKeywordMain.stepFailed(WebUIKeywordMain.groovy:65)
	at com.kms.katalon.core.webui.keyword.internal.WebUIKeywordMain.runKeyword(WebUIKeywordMain.groovy:27)
	at com.kms.katalon.core.webui.keyword.builtin.ClickKeyword.click(ClickKeyword.groovy:86)
	at com.kms.katalon.core.webui.keyword.builtin.ClickKeyword.execute(ClickKeyword.groovy:67)
	at com.kms.katalon.core.keyword.internal.KeywordExecutor.executeKeywordForPlatform(KeywordExecutor.groovy:53)
	at com.kms.katalon.core.webui.keyword.WebUiBuiltInKeywords.click(WebUiBuiltInKeywords.groovy:616)
	at com.kms.katalon.core.webui.keyword.WebUiBuiltInKeywords$click$4.call(Unknown Source)
	at CALL - PDP.run(CALL - PDP:55)
	at com.kms.katalon.core.main.ScriptEngine.run(ScriptEngine.java:194)
	at com.kms.katalon.core.main.ScriptEngine.runScriptAsRawText(ScriptEngine.java:119)
	at com.kms.katalon.core.main.TestCaseExecutor.runScript(TestCaseExecutor.java:328)
	at com.kms.katalon.core.main.TestCaseExecutor.doExecute(TestCaseExecutor.java:319)
	at com.kms.katalon.core.main.TestCaseExecutor.processExecutionPhase(TestCaseExecutor.java:298)
	at com.kms.katalon.core.main.TestCaseExecutor.accessMainPhase(TestCaseExecutor.java:290)
	at com.kms.katalon.core.main.TestCaseExecutor.execute(TestCaseExecutor.java:224)
	at com.kms.katalon.core.main.TestCaseMain.runTestCase(TestCaseMain.java:106)
	at com.kms.katalon.core.keyword.builtin.CallTestCaseKeyword$_callTestCase_closure1.doCall(CallTestCaseKeyword.groovy:59)
	at com.kms.katalon.core.keyword.builtin.CallTestCaseKeyword$_callTestCase_closure1.call(CallTestCaseKeyword.groovy)
	at com.kms.katalon.core.keyword.internal.KeywordMain.runKeyword(KeywordMain.groovy:54)
	at com.kms.katalon.core.keyword.builtin.CallTestCaseKeyword.callTestCase(CallTestCaseKeyword.groovy:80)
	at com.kms.katalon.core.keyword.builtin.CallTestCaseKeyword.execute(CallTestCaseKeyword.groovy:44)
	at com.kms.katalon.core.keyword.internal.KeywordExecutor.executeKeywordForPlatform(KeywordExecutor.groovy:53)
	at com.kms.katalon.core.keyword.BuiltinKeywords.callTestCase(BuiltinKeywords.groovy:334)
	at Price.run(Price:16)
	at com.kms.katalon.core.main.ScriptEngine.run(ScriptEngine.java:194)
	at com.kms.katalon.core.main.ScriptEngine.runScriptAsRawText(ScriptEngine.java:119)
	at com.kms.katalon.core.main.TestCaseExecutor.runScript(TestCaseExecutor.java:328)
	at com.kms.katalon.core.main.TestCaseExecutor.doExecute(TestCaseExecutor.java:319)
	at com.kms.katalon.core.main.TestCaseExecutor.processExecutionPhase(TestCaseExecutor.java:298)
	at com.kms.katalon.core.main.TestCaseExecutor.accessMainPhase(TestCaseExecutor.java:290)
	at com.kms.katalon.core.main.TestCaseExecutor.execute(TestCaseExecutor.java:224)
	at com.kms.katalon.core.main.TestSuiteExecutor.accessTestCaseMainPhase(TestSuiteExecutor.java:129)
	at com.kms.katalon.core.main.TestSuiteExecutor.accessTestSuiteMainPhase(TestSuiteExecutor.java:112)
	at com.kms.katalon.core.main.TestSuiteExecutor.execute(TestSuiteExecutor.java:81)
	at com.kms.katalon.core.main.TestCaseMain.startTestSuite(TestCaseMain.java:149)
	at com.kms.katalon.core.main.TestCaseMain$startTestSuite$0.call(Unknown Source)
	at TempTestSuite1561150248290.run(TempTestSuite1561150248290.groovy:36)]]></system-out>
         <system-err><![CDATA[2019-06-21 17:16:06 - [TEST_CASE][FAILED] - Test Cases/OCS - MOBILE/OCS- PRODUCT PAGE/Price: Test Cases/OCS - MOBILE/OCS- PRODUCT PAGE/Price FAILED.
Reason:
com.kms.katalon.core.exception.StepFailedException: Unable to click on object 'Object Repository/OCS-MOBILE /Age gate and burger menu/Dried Flower_Plus icon' (Root cause: com.kms.katalon.core.webui.exception.WebElementNotFoundException: Web element with id: 'Object Repository/OCS-MOBILE /Age gate and burger menu/Dried Flower_Plus icon' located by 'By.xpath: //i[@ xpath = '/html[1]/body[1]/div[1]/header[1]/div[2]/div[1]/div[2]/div[1]/div[1]/div[1]/nav[1]/ul[1]/li[1]/div[1]/div[2]/ul[1]/li[1]/a[1]']' not found)
	at com.kms.katalon.core.keyword.internal.KeywordMain.stepFailed(KeywordMain.groovy:36)
	at com.kms.katalon.core.webui.keyword.internal.WebUIKeywordMain.stepFailed(WebUIKeywordMain.groovy:65)
	at com.kms.katalon.core.webui.keyword.internal.WebUIKeywordMain.runKeyword(WebUIKeywordMain.groovy:27)
	at com.kms.katalon.core.webui.keyword.builtin.ClickKeyword.click(ClickKeyword.groovy:86)
	at com.kms.katalon.core.webui.keyword.builtin.ClickKeyword.execute(ClickKeyword.groovy:67)
	at com.kms.katalon.core.keyword.internal.KeywordExecutor.executeKeywordForPlatform(KeywordExecutor.groovy:53)
	at com.kms.katalon.core.webui.keyword.WebUiBuiltInKeywords.click(WebUiBuiltInKeywords.groovy:616)
	at com.kms.katalon.core.webui.keyword.WebUiBuiltInKeywords$click$4.call(Unknown Source)
	at CALL - PDP.run(CALL - PDP:55)
	at com.kms.katalon.core.main.ScriptEngine.run(ScriptEngine.java:194)
	at com.kms.katalon.core.main.ScriptEngine.runScriptAsRawText(ScriptEngine.java:119)
	at com.kms.katalon.core.main.TestCaseExecutor.runScript(TestCaseExecutor.java:328)
	at com.kms.katalon.core.main.TestCaseExecutor.doExecute(TestCaseExecutor.java:319)
	at com.kms.katalon.core.main.TestCaseExecutor.processExecutionPhase(TestCaseExecutor.java:298)
	at com.kms.katalon.core.main.TestCaseExecutor.accessMainPhase(TestCaseExecutor.java:290)
	at com.kms.katalon.core.main.TestCaseExecutor.execute(TestCaseExecutor.java:224)
	at com.kms.katalon.core.main.TestCaseMain.runTestCase(TestCaseMain.java:106)
	at com.kms.katalon.core.keyword.builtin.CallTestCaseKeyword$_callTestCase_closure1.doCall(CallTestCaseKeyword.groovy:59)
	at com.kms.katalon.core.keyword.builtin.CallTestCaseKeyword$_callTestCase_closure1.call(CallTestCaseKeyword.groovy)
	at com.kms.katalon.core.keyword.internal.KeywordMain.runKeyword(KeywordMain.groovy:54)
	at com.kms.katalon.core.keyword.builtin.CallTestCaseKeyword.callTestCase(CallTestCaseKeyword.groovy:80)
	at com.kms.katalon.core.keyword.builtin.CallTestCaseKeyword.execute(CallTestCaseKeyword.groovy:44)
	at com.kms.katalon.core.keyword.internal.KeywordExecutor.executeKeywordForPlatform(KeywordExecutor.groovy:53)
	at com.kms.katalon.core.keyword.BuiltinKeywords.callTestCase(BuiltinKeywords.groovy:334)
	at Price.run(Price:16)
	at com.kms.katalon.core.main.ScriptEngine.run(ScriptEngine.java:194)
	at com.kms.katalon.core.main.ScriptEngine.runScriptAsRawText(ScriptEngine.java:119)
	at com.kms.katalon.core.main.TestCaseExecutor.runScript(TestCaseExecutor.java:328)
	at com.kms.katalon.core.main.TestCaseExecutor.doExecute(TestCaseExecutor.java:319)
	at com.kms.katalon.core.main.TestCaseExecutor.processExecutionPhase(TestCaseExecutor.java:298)
	at com.kms.katalon.core.main.TestCaseExecutor.accessMainPhase(TestCaseExecutor.java:290)
	at com.kms.katalon.core.main.TestCaseExecutor.execute(TestCaseExecutor.java:224)
	at com.kms.katalon.core.main.TestSuiteExecutor.accessTestCaseMainPhase(TestSuiteExecutor.java:129)
	at com.kms.katalon.core.main.TestSuiteExecutor.accessTestSuiteMainPhase(TestSuiteExecutor.java:112)
	at com.kms.katalon.core.main.TestSuiteExecutor.execute(TestSuiteExecutor.java:81)
	at com.kms.katalon.core.main.TestCaseMain.startTestSuite(TestCaseMain.java:149)
	at com.kms.katalon.core.main.TestCaseMain$startTestSuite$0.call(Unknown Source)
	at TempTestSuite1561150248290.run(TempTestSuite1561150248290.groovy:36)]]></system-err>
      </testcase>
      <testcase name="Test Cases/OCS - MOBILE/OCS- PRODUCT PAGE/Learn More" classname="Test Cases/OCS - MOBILE/OCS- PRODUCT PAGE/Learn More" status="FAILED">
         <failure type="FAILED" message="Test Cases/OCS - MOBILE/OCS- PRODUCT PAGE/Learn More FAILED.
Reason:
com.kms.katalon.core.exception.StepFailedException: Unable to click on object 'Object Repository/OCS-MOBILE /Age gate and burger menu/Dried Flower_Plus icon' (Root cause: com.kms.katalon.core.webui.exception.WebElementNotFoundException: Web element with id: 'Object Repository/OCS-MOBILE /Age gate and burger menu/Dried Flower_Plus icon' located by 'By.xpath: //i[@ xpath = '/html[1]/body[1]/div[1]/header[1]/div[2]/div[1]/div[2]/div[1]/div[1]/div[1]/nav[1]/ul[1]/li[1]/div[1]/div[2]/ul[1]/li[1]/a[1]']' not found)
	at com.kms.katalon.core.keyword.internal.KeywordMain.stepFailed(KeywordMain.groovy:36)
	at com.kms.katalon.core.webui.keyword.internal.WebUIKeywordMain.stepFailed(WebUIKeywordMain.groovy:65)
	at com.kms.katalon.core.webui.keyword.internal.WebUIKeywordMain.runKeyword(WebUIKeywordMain.groovy:27)
	at com.kms.katalon.core.webui.keyword.builtin.ClickKeyword.click(ClickKeyword.groovy:86)
	at com.kms.katalon.core.webui.keyword.builtin.ClickKeyword.execute(ClickKeyword.groovy:67)
	at com.kms.katalon.core.keyword.internal.KeywordExecutor.executeKeywordForPlatform(KeywordExecutor.groovy:53)
	at com.kms.katalon.core.webui.keyword.WebUiBuiltInKeywords.click(WebUiBuiltInKeywords.groovy:616)
	at com.kms.katalon.core.webui.keyword.WebUiBuiltInKeywords$click$4.call(Unknown Source)
	at CALL - PDP.run(CALL - PDP:55)
	at com.kms.katalon.core.main.ScriptEngine.run(ScriptEngine.java:194)
	at com.kms.katalon.core.main.ScriptEngine.runScriptAsRawText(ScriptEngine.java:119)
	at com.kms.katalon.core.main.TestCaseExecutor.runScript(TestCaseExecutor.java:328)
	at com.kms.katalon.core.main.TestCaseExecutor.doExecute(TestCaseExecutor.java:319)
	at com.kms.katalon.core.main.TestCaseExecutor.processExecutionPhase(TestCaseExecutor.java:298)
	at com.kms.katalon.core.main.TestCaseExecutor.accessMainPhase(TestCaseExecutor.java:290)
	at com.kms.katalon.core.main.TestCaseExecutor.execute(TestCaseExecutor.java:224)
	at com.kms.katalon.core.main.TestCaseMain.runTestCase(TestCaseMain.java:106)
	at com.kms.katalon.core.keyword.builtin.CallTestCaseKeyword$_callTestCase_closure1.doCall(CallTestCaseKeyword.groovy:59)
	at com.kms.katalon.core.keyword.builtin.CallTestCaseKeyword$_callTestCase_closure1.call(CallTestCaseKeyword.groovy)
	at com.kms.katalon.core.keyword.internal.KeywordMain.runKeyword(KeywordMain.groovy:54)
	at com.kms.katalon.core.keyword.builtin.CallTestCaseKeyword.callTestCase(CallTestCaseKeyword.groovy:80)
	at com.kms.katalon.core.keyword.builtin.CallTestCaseKeyword.execute(CallTestCaseKeyword.groovy:44)
	at com.kms.katalon.core.keyword.internal.KeywordExecutor.executeKeywordForPlatform(KeywordExecutor.groovy:53)
	at com.kms.katalon.core.keyword.BuiltinKeywords.callTestCase(BuiltinKeywords.groovy:334)
	at Learn More.run(Learn More:16)
	at com.kms.katalon.core.main.ScriptEngine.run(ScriptEngine.java:194)
	at com.kms.katalon.core.main.ScriptEngine.runScriptAsRawText(ScriptEngine.java:119)
	at com.kms.katalon.core.main.TestCaseExecutor.runScript(TestCaseExecutor.java:328)
	at com.kms.katalon.core.main.TestCaseExecutor.doExecute(TestCaseExecutor.java:319)
	at com.kms.katalon.core.main.TestCaseExecutor.processExecutionPhase(TestCaseExecutor.java:298)
	at com.kms.katalon.core.main.TestCaseExecutor.accessMainPhase(TestCaseExecutor.java:290)
	at com.kms.katalon.core.main.TestCaseExecutor.execute(TestCaseExecutor.java:224)
	at com.kms.katalon.core.main.TestSuiteExecutor.accessTestCaseMainPhase(TestSuiteExecutor.java:129)
	at com.kms.katalon.core.main.TestSuiteExecutor.accessTestSuiteMainPhase(TestSuiteExecutor.java:112)
	at com.kms.katalon.core.main.TestSuiteExecutor.execute(TestSuiteExecutor.java:81)
	at com.kms.katalon.core.main.TestCaseMain.startTestSuite(TestCaseMain.java:149)
	at com.kms.katalon.core.main.TestCaseMain$startTestSuite$0.call(Unknown Source)
	at TempTestSuite1561150248290.run(TempTestSuite1561150248290.groovy:36)
"/>
         <system-out><![CDATA[2019-06-21 17:16:58 - [TEST_CASE][FAILED] - Test Cases/OCS - MOBILE/OCS- PRODUCT PAGE/Learn More: Test Cases/OCS - MOBILE/OCS- PRODUCT PAGE/Learn More FAILED.
Reason:
com.kms.katalon.core.exception.StepFailedException: Unable to click on object 'Object Repository/OCS-MOBILE /Age gate and burger menu/Dried Flower_Plus icon' (Root cause: com.kms.katalon.core.webui.exception.WebElementNotFoundException: Web element with id: 'Object Repository/OCS-MOBILE /Age gate and burger menu/Dried Flower_Plus icon' located by 'By.xpath: //i[@ xpath = '/html[1]/body[1]/div[1]/header[1]/div[2]/div[1]/div[2]/div[1]/div[1]/div[1]/nav[1]/ul[1]/li[1]/div[1]/div[2]/ul[1]/li[1]/a[1]']' not found)
	at com.kms.katalon.core.keyword.internal.KeywordMain.stepFailed(KeywordMain.groovy:36)
	at com.kms.katalon.core.webui.keyword.internal.WebUIKeywordMain.stepFailed(WebUIKeywordMain.groovy:65)
	at com.kms.katalon.core.webui.keyword.internal.WebUIKeywordMain.runKeyword(WebUIKeywordMain.groovy:27)
	at com.kms.katalon.core.webui.keyword.builtin.ClickKeyword.click(ClickKeyword.groovy:86)
	at com.kms.katalon.core.webui.keyword.builtin.ClickKeyword.execute(ClickKeyword.groovy:67)
	at com.kms.katalon.core.keyword.internal.KeywordExecutor.executeKeywordForPlatform(KeywordExecutor.groovy:53)
	at com.kms.katalon.core.webui.keyword.WebUiBuiltInKeywords.click(WebUiBuiltInKeywords.groovy:616)
	at com.kms.katalon.core.webui.keyword.WebUiBuiltInKeywords$click$4.call(Unknown Source)
	at CALL - PDP.run(CALL - PDP:55)
	at com.kms.katalon.core.main.ScriptEngine.run(ScriptEngine.java:194)
	at com.kms.katalon.core.main.ScriptEngine.runScriptAsRawText(ScriptEngine.java:119)
	at com.kms.katalon.core.main.TestCaseExecutor.runScript(TestCaseExecutor.java:328)
	at com.kms.katalon.core.main.TestCaseExecutor.doExecute(TestCaseExecutor.java:319)
	at com.kms.katalon.core.main.TestCaseExecutor.processExecutionPhase(TestCaseExecutor.java:298)
	at com.kms.katalon.core.main.TestCaseExecutor.accessMainPhase(TestCaseExecutor.java:290)
	at com.kms.katalon.core.main.TestCaseExecutor.execute(TestCaseExecutor.java:224)
	at com.kms.katalon.core.main.TestCaseMain.runTestCase(TestCaseMain.java:106)
	at com.kms.katalon.core.keyword.builtin.CallTestCaseKeyword$_callTestCase_closure1.doCall(CallTestCaseKeyword.groovy:59)
	at com.kms.katalon.core.keyword.builtin.CallTestCaseKeyword$_callTestCase_closure1.call(CallTestCaseKeyword.groovy)
	at com.kms.katalon.core.keyword.internal.KeywordMain.runKeyword(KeywordMain.groovy:54)
	at com.kms.katalon.core.keyword.builtin.CallTestCaseKeyword.callTestCase(CallTestCaseKeyword.groovy:80)
	at com.kms.katalon.core.keyword.builtin.CallTestCaseKeyword.execute(CallTestCaseKeyword.groovy:44)
	at com.kms.katalon.core.keyword.internal.KeywordExecutor.executeKeywordForPlatform(KeywordExecutor.groovy:53)
	at com.kms.katalon.core.keyword.BuiltinKeywords.callTestCase(BuiltinKeywords.groovy:334)
	at Learn More.run(Learn More:16)
	at com.kms.katalon.core.main.ScriptEngine.run(ScriptEngine.java:194)
	at com.kms.katalon.core.main.ScriptEngine.runScriptAsRawText(ScriptEngine.java:119)
	at com.kms.katalon.core.main.TestCaseExecutor.runScript(TestCaseExecutor.java:328)
	at com.kms.katalon.core.main.TestCaseExecutor.doExecute(TestCaseExecutor.java:319)
	at com.kms.katalon.core.main.TestCaseExecutor.processExecutionPhase(TestCaseExecutor.java:298)
	at com.kms.katalon.core.main.TestCaseExecutor.accessMainPhase(TestCaseExecutor.java:290)
	at com.kms.katalon.core.main.TestCaseExecutor.execute(TestCaseExecutor.java:224)
	at com.kms.katalon.core.main.TestSuiteExecutor.accessTestCaseMainPhase(TestSuiteExecutor.java:129)
	at com.kms.katalon.core.main.TestSuiteExecutor.accessTestSuiteMainPhase(TestSuiteExecutor.java:112)
	at com.kms.katalon.core.main.TestSuiteExecutor.execute(TestSuiteExecutor.java:81)
	at com.kms.katalon.core.main.TestCaseMain.startTestSuite(TestCaseMain.java:149)
	at com.kms.katalon.core.main.TestCaseMain$startTestSuite$0.call(Unknown Source)
	at TempTestSuite1561150248290.run(TempTestSuite1561150248290.groovy:36)


2019-06-21 17:16:58 - [TEST_STEP][FAILED] - callTestCase(findTestCase("OCS - MOBILE/CALL - PDP"), [:], STOP_ON_FAILURE): callTestCase(findTestCase("OCS - MOBILE/CALL - PDP"), [:], STOP_ON_FAILURE) FAILED.
Reason:
com.kms.katalon.core.exception.StepFailedException: Unable to click on object 'Object Repository/OCS-MOBILE /Age gate and burger menu/Dried Flower_Plus icon' (Root cause: com.kms.katalon.core.webui.exception.WebElementNotFoundException: Web element with id: 'Object Repository/OCS-MOBILE /Age gate and burger menu/Dried Flower_Plus icon' located by 'By.xpath: //i[@ xpath = '/html[1]/body[1]/div[1]/header[1]/div[2]/div[1]/div[2]/div[1]/div[1]/div[1]/nav[1]/ul[1]/li[1]/div[1]/div[2]/ul[1]/li[1]/a[1]']' not found)
	at com.kms.katalon.core.keyword.internal.KeywordMain.stepFailed(KeywordMain.groovy:36)
	at com.kms.katalon.core.webui.keyword.internal.WebUIKeywordMain.stepFailed(WebUIKeywordMain.groovy:65)
	at com.kms.katalon.core.webui.keyword.internal.WebUIKeywordMain.runKeyword(WebUIKeywordMain.groovy:27)
	at com.kms.katalon.core.webui.keyword.builtin.ClickKeyword.click(ClickKeyword.groovy:86)
	at com.kms.katalon.core.webui.keyword.builtin.ClickKeyword.execute(ClickKeyword.groovy:67)
	at com.kms.katalon.core.keyword.internal.KeywordExecutor.executeKeywordForPlatform(KeywordExecutor.groovy:53)
	at com.kms.katalon.core.webui.keyword.WebUiBuiltInKeywords.click(WebUiBuiltInKeywords.groovy:616)
	at com.kms.katalon.core.webui.keyword.WebUiBuiltInKeywords$click$4.call(Unknown Source)
	at CALL - PDP.run(CALL - PDP:55)
	at com.kms.katalon.core.main.ScriptEngine.run(ScriptEngine.java:194)
	at com.kms.katalon.core.main.ScriptEngine.runScriptAsRawText(ScriptEngine.java:119)
	at com.kms.katalon.core.main.TestCaseExecutor.runScript(TestCaseExecutor.java:328)
	at com.kms.katalon.core.main.TestCaseExecutor.doExecute(TestCaseExecutor.java:319)
	at com.kms.katalon.core.main.TestCaseExecutor.processExecutionPhase(TestCaseExecutor.java:298)
	at com.kms.katalon.core.main.TestCaseExecutor.accessMainPhase(TestCaseExecutor.java:290)
	at com.kms.katalon.core.main.TestCaseExecutor.execute(TestCaseExecutor.java:224)
	at com.kms.katalon.core.main.TestCaseMain.runTestCase(TestCaseMain.java:106)
	at com.kms.katalon.core.keyword.builtin.CallTestCaseKeyword$_callTestCase_closure1.doCall(CallTestCaseKeyword.groovy:59)
	at com.kms.katalon.core.keyword.builtin.CallTestCaseKeyword$_callTestCase_closure1.call(CallTestCaseKeyword.groovy)
	at com.kms.katalon.core.keyword.internal.KeywordMain.runKeyword(KeywordMain.groovy:54)
	at com.kms.katalon.core.keyword.builtin.CallTestCaseKeyword.callTestCase(CallTestCaseKeyword.groovy:80)
	at com.kms.katalon.core.keyword.builtin.CallTestCaseKeyword.execute(CallTestCaseKeyword.groovy:44)
	at com.kms.katalon.core.keyword.internal.KeywordExecutor.executeKeywordForPlatform(KeywordExecutor.groovy:53)
	at com.kms.katalon.core.keyword.BuiltinKeywords.callTestCase(BuiltinKeywords.groovy:334)
	at Learn More.run(Learn More:16)
	at com.kms.katalon.core.main.ScriptEngine.run(ScriptEngine.java:194)
	at com.kms.katalon.core.main.ScriptEngine.runScriptAsRawText(ScriptEngine.java:119)
	at com.kms.katalon.core.main.TestCaseExecutor.runScript(TestCaseExecutor.java:328)
	at com.kms.katalon.core.main.TestCaseExecutor.doExecute(TestCaseExecutor.java:319)
	at com.kms.katalon.core.main.TestCaseExecutor.processExecutionPhase(TestCaseExecutor.java:298)
	at com.kms.katalon.core.main.TestCaseExecutor.accessMainPhase(TestCaseExecutor.java:290)
	at com.kms.katalon.core.main.TestCaseExecutor.execute(TestCaseExecutor.java:224)
	at com.kms.katalon.core.main.TestSuiteExecutor.accessTestCaseMainPhase(TestSuiteExecutor.java:129)
	at com.kms.katalon.core.main.TestSuiteExecutor.accessTestSuiteMainPhase(TestSuiteExecutor.java:112)
	at com.kms.katalon.core.main.TestSuiteExecutor.execute(TestSuiteExecutor.java:81)
	at com.kms.katalon.core.main.TestCaseMain.startTestSuite(TestCaseMain.java:149)
	at com.kms.katalon.core.main.TestCaseMain$startTestSuite$0.call(Unknown Source)
	at TempTestSuite1561150248290.run(TempTestSuite1561150248290.groovy:36)


2019-06-21 17:16:58 - [TEST_CASE][FAILED] - Test Cases/OCS - MOBILE/CALL - PDP: Test Cases/OCS - MOBILE/CALL - PDP FAILED.
Reason:
com.kms.katalon.core.exception.StepFailedException: Unable to click on object 'Object Repository/OCS-MOBILE /Age gate and burger menu/Dried Flower_Plus icon' (Root cause: com.kms.katalon.core.webui.exception.WebElementNotFoundException: Web element with id: 'Object Repository/OCS-MOBILE /Age gate and burger menu/Dried Flower_Plus icon' located by 'By.xpath: //i[@ xpath = '/html[1]/body[1]/div[1]/header[1]/div[2]/div[1]/div[2]/div[1]/div[1]/div[1]/nav[1]/ul[1]/li[1]/div[1]/div[2]/ul[1]/li[1]/a[1]']' not found)
	at com.kms.katalon.core.keyword.internal.KeywordMain.stepFailed(KeywordMain.groovy:36)
	at com.kms.katalon.core.webui.keyword.internal.WebUIKeywordMain.stepFailed(WebUIKeywordMain.groovy:65)
	at com.kms.katalon.core.webui.keyword.internal.WebUIKeywordMain.runKeyword(WebUIKeywordMain.groovy:27)
	at com.kms.katalon.core.webui.keyword.builtin.ClickKeyword.click(ClickKeyword.groovy:86)
	at com.kms.katalon.core.webui.keyword.builtin.ClickKeyword.execute(ClickKeyword.groovy:67)
	at com.kms.katalon.core.keyword.internal.KeywordExecutor.executeKeywordForPlatform(KeywordExecutor.groovy:53)
	at com.kms.katalon.core.webui.keyword.WebUiBuiltInKeywords.click(WebUiBuiltInKeywords.groovy:616)
	at com.kms.katalon.core.webui.keyword.WebUiBuiltInKeywords$click$4.call(Unknown Source)
	at CALL - PDP.run(CALL - PDP:55)
	at com.kms.katalon.core.main.ScriptEngine.run(ScriptEngine.java:194)
	at com.kms.katalon.core.main.ScriptEngine.runScriptAsRawText(ScriptEngine.java:119)
	at com.kms.katalon.core.main.TestCaseExecutor.runScript(TestCaseExecutor.java:328)
	at com.kms.katalon.core.main.TestCaseExecutor.doExecute(TestCaseExecutor.java:319)
	at com.kms.katalon.core.main.TestCaseExecutor.processExecutionPhase(TestCaseExecutor.java:298)
	at com.kms.katalon.core.main.TestCaseExecutor.accessMainPhase(TestCaseExecutor.java:290)
	at com.kms.katalon.core.main.TestCaseExecutor.execute(TestCaseExecutor.java:224)
	at com.kms.katalon.core.main.TestCaseMain.runTestCase(TestCaseMain.java:106)
	at com.kms.katalon.core.keyword.builtin.CallTestCaseKeyword$_callTestCase_closure1.doCall(CallTestCaseKeyword.groovy:59)
	at com.kms.katalon.core.keyword.builtin.CallTestCaseKeyword$_callTestCase_closure1.call(CallTestCaseKeyword.groovy)
	at com.kms.katalon.core.keyword.internal.KeywordMain.runKeyword(KeywordMain.groovy:54)
	at com.kms.katalon.core.keyword.builtin.CallTestCaseKeyword.callTestCase(CallTestCaseKeyword.groovy:80)
	at com.kms.katalon.core.keyword.builtin.CallTestCaseKeyword.execute(CallTestCaseKeyword.groovy:44)
	at com.kms.katalon.core.keyword.internal.KeywordExecutor.executeKeywordForPlatform(KeywordExecutor.groovy:53)
	at com.kms.katalon.core.keyword.BuiltinKeywords.callTestCase(BuiltinKeywords.groovy:334)
	at Learn More.run(Learn More:16)
	at com.kms.katalon.core.main.ScriptEngine.run(ScriptEngine.java:194)
	at com.kms.katalon.core.main.ScriptEngine.runScriptAsRawText(ScriptEngine.java:119)
	at com.kms.katalon.core.main.TestCaseExecutor.runScript(TestCaseExecutor.java:328)
	at com.kms.katalon.core.main.TestCaseExecutor.doExecute(TestCaseExecutor.java:319)
	at com.kms.katalon.core.main.TestCaseExecutor.processExecutionPhase(TestCaseExecutor.java:298)
	at com.kms.katalon.core.main.TestCaseExecutor.accessMainPhase(TestCaseExecutor.java:290)
	at com.kms.katalon.core.main.TestCaseExecutor.execute(TestCaseExecutor.java:224)
	at com.kms.katalon.core.main.TestSuiteExecutor.accessTestCaseMainPhase(TestSuiteExecutor.java:129)
	at com.kms.katalon.core.main.TestSuiteExecutor.accessTestSuiteMainPhase(TestSuiteExecutor.java:112)
	at com.kms.katalon.core.main.TestSuiteExecutor.execute(TestSuiteExecutor.java:81)
	at com.kms.katalon.core.main.TestCaseMain.startTestSuite(TestCaseMain.java:149)
	at com.kms.katalon.core.main.TestCaseMain$startTestSuite$0.call(Unknown Source)
	at TempTestSuite1561150248290.run(TempTestSuite1561150248290.groovy:36)


2019-06-21 17:16:58 - [TEST_STEP][PASSED] - openBrowser(""): Browser is opened with url: ''

2019-06-21 17:16:58 - [MESSAGE][WARNING] - A browser is already opened. Closing browser and opening a new one

2019-06-21 17:16:59 - [MESSAGE][INFO] - Starting 'Chrome' driver

2019-06-21 17:17:00 - [MESSAGE][PASSED] - Browser is opened with url: ''

2019-06-21 17:17:00 - [TEST_STEP][PASSED] - navigateToUrl("https://ocs.ca/?fts=0&preview_theme_id=74057975628"): Navigate to 'https://ocs.ca/?fts=0&preview_theme_id=74057975628' successfully

2019-06-21 17:17:04 - [MESSAGE][PASSED] - Navigate to 'https://ocs.ca/?fts=0&preview_theme_id=74057975628' successfully

2019-06-21 17:17:04 - [TEST_STEP][PASSED] - executeJavaScript("var previewBar = document.getElementById("preview-bar-iframe"); previewBar.style.display = "none";", []): Execute JavaScript 'var previewBar = document.getElementById("preview-bar-iframe"); previewBar.style.display = "none";' successfully

2019-06-21 17:17:04 - [MESSAGE][PASSED] - Execute JavaScript 'var previewBar = document.getElementById("preview-bar-iframe"); previewBar.style.display = "none";' successfully

2019-06-21 17:17:04 - [TEST_STEP][PASSED] - setViewPortSize(360, 800): Viewport is set to new size with width = 360 and height = 800

2019-06-21 17:17:05 - [MESSAGE][PASSED] - Viewport is set to new size with width = 360 and height = 800

2019-06-21 17:17:05 - [TEST_STEP][PASSED] - delay(4): Delayed 4 second(s)

2019-06-21 17:17:09 - [MESSAGE][PASSED] - Delayed 4 second(s)

2019-06-21 17:17:09 - [TEST_STEP][PASSED] - selectOptionByValue(findTestObject("OCS-MOBILE /Age gate and burger menu/Date"), "12", true): All options with value '12' are selected in object 'Object Repository/OCS-MOBILE /Age gate and burger menu/Date'  using regular expression

2019-06-21 17:17:09 - [MESSAGE][PASSED] - All options with value '12' are selected in object 'Object Repository/OCS-MOBILE /Age gate and burger menu/Date'  using regular expression

2019-06-21 17:17:09 - [TEST_STEP][PASSED] - selectOptionByValue(findTestObject("OCS-MOBILE /Age gate and burger menu/month"), "6", true): All options with value '6' are selected in object 'Object Repository/OCS-MOBILE /Age gate and burger menu/month'  using regular expression

2019-06-21 17:17:09 - [MESSAGE][PASSED] - All options with value '6' are selected in object 'Object Repository/OCS-MOBILE /Age gate and burger menu/month'  using regular expression

2019-06-21 17:17:09 - [TEST_STEP][PASSED] - delay(2): Delayed 2 second(s)

2019-06-21 17:17:11 - [MESSAGE][PASSED] - Delayed 2 second(s)

2019-06-21 17:17:11 - [TEST_STEP][PASSED] - selectOptionByValue(findTestObject("OCS-MOBILE /Age gate and burger menu/Year Dropdown"), "1990", true): All options with value '1990' are selected in object 'Object Repository/OCS-MOBILE /Age gate and burger menu/Year Dropdown'  using regular expression

2019-06-21 17:17:12 - [MESSAGE][PASSED] - All options with value '1990' are selected in object 'Object Repository/OCS-MOBILE /Age gate and burger menu/Year Dropdown'  using regular expression

2019-06-21 17:17:12 - [TEST_STEP][PASSED] - click(findTestObject("OCS-MOBILE /Age gate and Mega menu/button_Verify")): Object: 'Object Repository/OCS-MOBILE /Age gate and Mega menu/button_Verify' is clicked on

2019-06-21 17:17:12 - [MESSAGE][PASSED] - Object: 'Object Repository/OCS-MOBILE /Age gate and Mega menu/button_Verify' is clicked on

2019-06-21 17:17:12 - [TEST_STEP][PASSED] - click(findTestObject("OCS-MOBILE /Age gate and Mega menu/Checkbox_CONFIRM AND ACKNOWLEDGE")): Object: 'Object Repository/OCS-MOBILE /Age gate and Mega menu/Checkbox_CONFIRM AND ACKNOWLEDGE' is clicked on

2019-06-21 17:17:13 - [MESSAGE][PASSED] - Object: 'Object Repository/OCS-MOBILE /Age gate and Mega menu/Checkbox_CONFIRM AND ACKNOWLEDGE' is clicked on

2019-06-21 17:17:13 - [TEST_STEP][PASSED] - click(findTestObject("OCS-MOBILE /Age gate and Mega menu/button_CONFIRM")): Object: 'Object Repository/OCS-MOBILE /Age gate and Mega menu/button_CONFIRM' is clicked on

2019-06-21 17:17:13 - [MESSAGE][PASSED] - Object: 'Object Repository/OCS-MOBILE /Age gate and Mega menu/button_CONFIRM' is clicked on

2019-06-21 17:17:13 - [TEST_STEP][PASSED] - click(findTestObject("OCS-MOBILE /Age gate and Mega menu/button_Start Browsing")): Object: 'Object Repository/OCS-MOBILE /Age gate and Mega menu/button_Start Browsing' is clicked on

2019-06-21 17:17:13 - [MESSAGE][PASSED] - Object: 'Object Repository/OCS-MOBILE /Age gate and Mega menu/button_Start Browsing' is clicked on

2019-06-21 17:17:13 - [TEST_STEP][PASSED] - refresh(): Refresh successfully

2019-06-21 17:17:16 - [MESSAGE][PASSED] - Refresh successfully

2019-06-21 17:17:16 - [TEST_STEP][PASSED] - delay(2): Delayed 2 second(s)

2019-06-21 17:17:18 - [MESSAGE][PASSED] - Delayed 2 second(s)

2019-06-21 17:17:18 - [TEST_STEP][PASSED] - click(findTestObject("OCS-MOBILE /Age gate and burger menu/Burger menu - English")): Object: 'Object Repository/OCS-MOBILE /Age gate and burger menu/Burger menu - English' is clicked on

2019-06-21 17:17:18 - [MESSAGE][PASSED] - Object: 'Object Repository/OCS-MOBILE /Age gate and burger menu/Burger menu - English' is clicked on

2019-06-21 17:17:18 - [TEST_STEP][PASSED] - delay(2): Delayed 2 second(s)

2019-06-21 17:17:20 - [MESSAGE][PASSED] - Delayed 2 second(s)

2019-06-21 17:17:20 - [TEST_STEP][PASSED] - click(findTestObject("OCS-MOBILE /Age gate and burger menu/Chevron_Cannabis")): Object: 'Object Repository/OCS-MOBILE /Age gate and burger menu/Chevron_Cannabis' is clicked on

2019-06-21 17:17:20 - [MESSAGE][PASSED] - Object: 'Object Repository/OCS-MOBILE /Age gate and burger menu/Chevron_Cannabis' is clicked on

2019-06-21 17:17:20 - [TEST_STEP][PASSED] - delay(2): Delayed 2 second(s)

2019-06-21 17:17:22 - [MESSAGE][PASSED] - Delayed 2 second(s)

2019-06-21 17:17:22 - [TEST_STEP][FAILED] - click(findTestObject("OCS-MOBILE /Age gate and burger menu/Dried Flower_Plus icon")): click(findTestObject("OCS-MOBILE /Age gate and burger menu/Dried Flower_Plus icon")) FAILED.
Reason:
com.kms.katalon.core.exception.StepFailedException: Unable to click on object 'Object Repository/OCS-MOBILE /Age gate and burger menu/Dried Flower_Plus icon' (Root cause: com.kms.katalon.core.webui.exception.WebElementNotFoundException: Web element with id: 'Object Repository/OCS-MOBILE /Age gate and burger menu/Dried Flower_Plus icon' located by 'By.xpath: //i[@ xpath = '/html[1]/body[1]/div[1]/header[1]/div[2]/div[1]/div[2]/div[1]/div[1]/div[1]/nav[1]/ul[1]/li[1]/div[1]/div[2]/ul[1]/li[1]/a[1]']' not found)
	at com.kms.katalon.core.keyword.internal.KeywordMain.stepFailed(KeywordMain.groovy:36)
	at com.kms.katalon.core.webui.keyword.internal.WebUIKeywordMain.stepFailed(WebUIKeywordMain.groovy:65)
	at com.kms.katalon.core.webui.keyword.internal.WebUIKeywordMain.runKeyword(WebUIKeywordMain.groovy:27)
	at com.kms.katalon.core.webui.keyword.builtin.ClickKeyword.click(ClickKeyword.groovy:86)
	at com.kms.katalon.core.webui.keyword.builtin.ClickKeyword.execute(ClickKeyword.groovy:67)
	at com.kms.katalon.core.keyword.internal.KeywordExecutor.executeKeywordForPlatform(KeywordExecutor.groovy:53)
	at com.kms.katalon.core.webui.keyword.WebUiBuiltInKeywords.click(WebUiBuiltInKeywords.groovy:616)
	at com.kms.katalon.core.webui.keyword.WebUiBuiltInKeywords$click$4.call(Unknown Source)
	at CALL - PDP.run(CALL - PDP:55)
	at com.kms.katalon.core.main.ScriptEngine.run(ScriptEngine.java:194)
	at com.kms.katalon.core.main.ScriptEngine.runScriptAsRawText(ScriptEngine.java:119)
	at com.kms.katalon.core.main.TestCaseExecutor.runScript(TestCaseExecutor.java:328)
	at com.kms.katalon.core.main.TestCaseExecutor.doExecute(TestCaseExecutor.java:319)
	at com.kms.katalon.core.main.TestCaseExecutor.processExecutionPhase(TestCaseExecutor.java:298)
	at com.kms.katalon.core.main.TestCaseExecutor.accessMainPhase(TestCaseExecutor.java:290)
	at com.kms.katalon.core.main.TestCaseExecutor.execute(TestCaseExecutor.java:224)
	at com.kms.katalon.core.main.TestCaseMain.runTestCase(TestCaseMain.java:106)
	at com.kms.katalon.core.keyword.builtin.CallTestCaseKeyword$_callTestCase_closure1.doCall(CallTestCaseKeyword.groovy:59)
	at com.kms.katalon.core.keyword.builtin.CallTestCaseKeyword$_callTestCase_closure1.call(CallTestCaseKeyword.groovy)
	at com.kms.katalon.core.keyword.internal.KeywordMain.runKeyword(KeywordMain.groovy:54)
	at com.kms.katalon.core.keyword.builtin.CallTestCaseKeyword.callTestCase(CallTestCaseKeyword.groovy:80)
	at com.kms.katalon.core.keyword.builtin.CallTestCaseKeyword.execute(CallTestCaseKeyword.groovy:44)
	at com.kms.katalon.core.keyword.internal.KeywordExecutor.executeKeywordForPlatform(KeywordExecutor.groovy:53)
	at com.kms.katalon.core.keyword.BuiltinKeywords.callTestCase(BuiltinKeywords.groovy:334)
	at Learn More.run(Learn More:16)
	at com.kms.katalon.core.main.ScriptEngine.run(ScriptEngine.java:194)
	at com.kms.katalon.core.main.ScriptEngine.runScriptAsRawText(ScriptEngine.java:119)
	at com.kms.katalon.core.main.TestCaseExecutor.runScript(TestCaseExecutor.java:328)
	at com.kms.katalon.core.main.TestCaseExecutor.doExecute(TestCaseExecutor.java:319)
	at com.kms.katalon.core.main.TestCaseExecutor.processExecutionPhase(TestCaseExecutor.java:298)
	at com.kms.katalon.core.main.TestCaseExecutor.accessMainPhase(TestCaseExecutor.java:290)
	at com.kms.katalon.core.main.TestCaseExecutor.execute(TestCaseExecutor.java:224)
	at com.kms.katalon.core.main.TestSuiteExecutor.accessTestCaseMainPhase(TestSuiteExecutor.java:129)
	at com.kms.katalon.core.main.TestSuiteExecutor.accessTestSuiteMainPhase(TestSuiteExecutor.java:112)
	at com.kms.katalon.core.main.TestSuiteExecutor.execute(TestSuiteExecutor.java:81)
	at com.kms.katalon.core.main.TestCaseMain.startTestSuite(TestCaseMain.java:149)
	at com.kms.katalon.core.main.TestCaseMain$startTestSuite$0.call(Unknown Source)
	at TempTestSuite1561150248290.run(TempTestSuite1561150248290.groovy:36)


2019-06-21 17:17:53 - [MESSAGE][INFO] - Unable to find the element located by 'By.xpath: //i[@ xpath = '/html[1]/body[1]/div[1]/header[1]/div[2]/div[1]/div[2]/div[1]/div[1]/div[1]/nav[1]/ul[1]/li[1]/div[1]/div[2]/ul[1]/li[1]/a[1]']'. Please recheck the objects properties to make sure the desired element is located. 

2019-06-21 17:17:53 - [MESSAGE][FAILED] - Unable to click on object 'Object Repository/OCS-MOBILE /Age gate and burger menu/Dried Flower_Plus icon' (Root cause: com.kms.katalon.core.webui.exception.WebElementNotFoundException: Web element with id: 'Object Repository/OCS-MOBILE /Age gate and burger menu/Dried Flower_Plus icon' located by 'By.xpath: //i[@ xpath = '/html[1]/body[1]/div[1]/header[1]/div[2]/div[1]/div[2]/div[1]/div[1]/div[1]/nav[1]/ul[1]/li[1]/div[1]/div[2]/ul[1]/li[1]/a[1]']' not found)
[[ATTACHMENT|/Users/sumankompelly/Relative xpath-Mobile/Reports/OCS - 1.11.0/20190621_165048/1561151873530.png]]

2019-06-21 17:17:53 - [MESSAGE][FAILED] - click(findTestObject("OCS-MOBILE /Age gate and burger menu/Dried Flower_Plus icon")) FAILED.
Reason:
com.kms.katalon.core.exception.StepFailedException: Unable to click on object 'Object Repository/OCS-MOBILE /Age gate and burger menu/Dried Flower_Plus icon' (Root cause: com.kms.katalon.core.webui.exception.WebElementNotFoundException: Web element with id: 'Object Repository/OCS-MOBILE /Age gate and burger menu/Dried Flower_Plus icon' located by 'By.xpath: //i[@ xpath = '/html[1]/body[1]/div[1]/header[1]/div[2]/div[1]/div[2]/div[1]/div[1]/div[1]/nav[1]/ul[1]/li[1]/div[1]/div[2]/ul[1]/li[1]/a[1]']' not found)
	at com.kms.katalon.core.keyword.internal.KeywordMain.stepFailed(KeywordMain.groovy:36)
	at com.kms.katalon.core.webui.keyword.internal.WebUIKeywordMain.stepFailed(WebUIKeywordMain.groovy:65)
	at com.kms.katalon.core.webui.keyword.internal.WebUIKeywordMain.runKeyword(WebUIKeywordMain.groovy:27)
	at com.kms.katalon.core.webui.keyword.builtin.ClickKeyword.click(ClickKeyword.groovy:86)
	at com.kms.katalon.core.webui.keyword.builtin.ClickKeyword.execute(ClickKeyword.groovy:67)
	at com.kms.katalon.core.keyword.internal.KeywordExecutor.executeKeywordForPlatform(KeywordExecutor.groovy:53)
	at com.kms.katalon.core.webui.keyword.WebUiBuiltInKeywords.click(WebUiBuiltInKeywords.groovy:616)
	at com.kms.katalon.core.webui.keyword.WebUiBuiltInKeywords$click$4.call(Unknown Source)
	at CALL - PDP.run(CALL - PDP:55)
	at com.kms.katalon.core.main.ScriptEngine.run(ScriptEngine.java:194)
	at com.kms.katalon.core.main.ScriptEngine.runScriptAsRawText(ScriptEngine.java:119)
	at com.kms.katalon.core.main.TestCaseExecutor.runScript(TestCaseExecutor.java:328)
	at com.kms.katalon.core.main.TestCaseExecutor.doExecute(TestCaseExecutor.java:319)
	at com.kms.katalon.core.main.TestCaseExecutor.processExecutionPhase(TestCaseExecutor.java:298)
	at com.kms.katalon.core.main.TestCaseExecutor.accessMainPhase(TestCaseExecutor.java:290)
	at com.kms.katalon.core.main.TestCaseExecutor.execute(TestCaseExecutor.java:224)
	at com.kms.katalon.core.main.TestCaseMain.runTestCase(TestCaseMain.java:106)
	at com.kms.katalon.core.keyword.builtin.CallTestCaseKeyword$_callTestCase_closure1.doCall(CallTestCaseKeyword.groovy:59)
	at com.kms.katalon.core.keyword.builtin.CallTestCaseKeyword$_callTestCase_closure1.call(CallTestCaseKeyword.groovy)
	at com.kms.katalon.core.keyword.internal.KeywordMain.runKeyword(KeywordMain.groovy:54)
	at com.kms.katalon.core.keyword.builtin.CallTestCaseKeyword.callTestCase(CallTestCaseKeyword.groovy:80)
	at com.kms.katalon.core.keyword.builtin.CallTestCaseKeyword.execute(CallTestCaseKeyword.groovy:44)
	at com.kms.katalon.core.keyword.internal.KeywordExecutor.executeKeywordForPlatform(KeywordExecutor.groovy:53)
	at com.kms.katalon.core.keyword.BuiltinKeywords.callTestCase(BuiltinKeywords.groovy:334)
	at Learn More.run(Learn More:16)
	at com.kms.katalon.core.main.ScriptEngine.run(ScriptEngine.java:194)
	at com.kms.katalon.core.main.ScriptEngine.runScriptAsRawText(ScriptEngine.java:119)
	at com.kms.katalon.core.main.TestCaseExecutor.runScript(TestCaseExecutor.java:328)
	at com.kms.katalon.core.main.TestCaseExecutor.doExecute(TestCaseExecutor.java:319)
	at com.kms.katalon.core.main.TestCaseExecutor.processExecutionPhase(TestCaseExecutor.java:298)
	at com.kms.katalon.core.main.TestCaseExecutor.accessMainPhase(TestCaseExecutor.java:290)
	at com.kms.katalon.core.main.TestCaseExecutor.execute(TestCaseExecutor.java:224)
	at com.kms.katalon.core.main.TestSuiteExecutor.accessTestCaseMainPhase(TestSuiteExecutor.java:129)
	at com.kms.katalon.core.main.TestSuiteExecutor.accessTestSuiteMainPhase(TestSuiteExecutor.java:112)
	at com.kms.katalon.core.main.TestSuiteExecutor.execute(TestSuiteExecutor.java:81)
	at com.kms.katalon.core.main.TestCaseMain.startTestSuite(TestCaseMain.java:149)
	at com.kms.katalon.core.main.TestCaseMain$startTestSuite$0.call(Unknown Source)
	at TempTestSuite1561150248290.run(TempTestSuite1561150248290.groovy:36)


2019-06-21 17:17:53 - [MESSAGE][FAILED] - Unable to call Test Case 'Test Cases/OCS - MOBILE/CALL - PDP' (Root cause: com.kms.katalon.core.exception.StepFailedException: Call Test Case 'Test Cases/OCS - MOBILE/CALL - PDP' failed)

2019-06-21 17:17:53 - [MESSAGE][FAILED] - callTestCase(findTestCase("OCS - MOBILE/CALL - PDP"), [:], STOP_ON_FAILURE) FAILED.
Reason:
com.kms.katalon.core.exception.StepFailedException: Unable to click on object 'Object Repository/OCS-MOBILE /Age gate and burger menu/Dried Flower_Plus icon' (Root cause: com.kms.katalon.core.webui.exception.WebElementNotFoundException: Web element with id: 'Object Repository/OCS-MOBILE /Age gate and burger menu/Dried Flower_Plus icon' located by 'By.xpath: //i[@ xpath = '/html[1]/body[1]/div[1]/header[1]/div[2]/div[1]/div[2]/div[1]/div[1]/div[1]/nav[1]/ul[1]/li[1]/div[1]/div[2]/ul[1]/li[1]/a[1]']' not found)
	at com.kms.katalon.core.keyword.internal.KeywordMain.stepFailed(KeywordMain.groovy:36)
	at com.kms.katalon.core.webui.keyword.internal.WebUIKeywordMain.stepFailed(WebUIKeywordMain.groovy:65)
	at com.kms.katalon.core.webui.keyword.internal.WebUIKeywordMain.runKeyword(WebUIKeywordMain.groovy:27)
	at com.kms.katalon.core.webui.keyword.builtin.ClickKeyword.click(ClickKeyword.groovy:86)
	at com.kms.katalon.core.webui.keyword.builtin.ClickKeyword.execute(ClickKeyword.groovy:67)
	at com.kms.katalon.core.keyword.internal.KeywordExecutor.executeKeywordForPlatform(KeywordExecutor.groovy:53)
	at com.kms.katalon.core.webui.keyword.WebUiBuiltInKeywords.click(WebUiBuiltInKeywords.groovy:616)
	at com.kms.katalon.core.webui.keyword.WebUiBuiltInKeywords$click$4.call(Unknown Source)
	at CALL - PDP.run(CALL - PDP:55)
	at com.kms.katalon.core.main.ScriptEngine.run(ScriptEngine.java:194)
	at com.kms.katalon.core.main.ScriptEngine.runScriptAsRawText(ScriptEngine.java:119)
	at com.kms.katalon.core.main.TestCaseExecutor.runScript(TestCaseExecutor.java:328)
	at com.kms.katalon.core.main.TestCaseExecutor.doExecute(TestCaseExecutor.java:319)
	at com.kms.katalon.core.main.TestCaseExecutor.processExecutionPhase(TestCaseExecutor.java:298)
	at com.kms.katalon.core.main.TestCaseExecutor.accessMainPhase(TestCaseExecutor.java:290)
	at com.kms.katalon.core.main.TestCaseExecutor.execute(TestCaseExecutor.java:224)
	at com.kms.katalon.core.main.TestCaseMain.runTestCase(TestCaseMain.java:106)
	at com.kms.katalon.core.keyword.builtin.CallTestCaseKeyword$_callTestCase_closure1.doCall(CallTestCaseKeyword.groovy:59)
	at com.kms.katalon.core.keyword.builtin.CallTestCaseKeyword$_callTestCase_closure1.call(CallTestCaseKeyword.groovy)
	at com.kms.katalon.core.keyword.internal.KeywordMain.runKeyword(KeywordMain.groovy:54)
	at com.kms.katalon.core.keyword.builtin.CallTestCaseKeyword.callTestCase(CallTestCaseKeyword.groovy:80)
	at com.kms.katalon.core.keyword.builtin.CallTestCaseKeyword.execute(CallTestCaseKeyword.groovy:44)
	at com.kms.katalon.core.keyword.internal.KeywordExecutor.executeKeywordForPlatform(KeywordExecutor.groovy:53)
	at com.kms.katalon.core.keyword.BuiltinKeywords.callTestCase(BuiltinKeywords.groovy:334)
	at Learn More.run(Learn More:16)
	at com.kms.katalon.core.main.ScriptEngine.run(ScriptEngine.java:194)
	at com.kms.katalon.core.main.ScriptEngine.runScriptAsRawText(ScriptEngine.java:119)
	at com.kms.katalon.core.main.TestCaseExecutor.runScript(TestCaseExecutor.java:328)
	at com.kms.katalon.core.main.TestCaseExecutor.doExecute(TestCaseExecutor.java:319)
	at com.kms.katalon.core.main.TestCaseExecutor.processExecutionPhase(TestCaseExecutor.java:298)
	at com.kms.katalon.core.main.TestCaseExecutor.accessMainPhase(TestCaseExecutor.java:290)
	at com.kms.katalon.core.main.TestCaseExecutor.execute(TestCaseExecutor.java:224)
	at com.kms.katalon.core.main.TestSuiteExecutor.accessTestCaseMainPhase(TestSuiteExecutor.java:129)
	at com.kms.katalon.core.main.TestSuiteExecutor.accessTestSuiteMainPhase(TestSuiteExecutor.java:112)
	at com.kms.katalon.core.main.TestSuiteExecutor.execute(TestSuiteExecutor.java:81)
	at com.kms.katalon.core.main.TestCaseMain.startTestSuite(TestCaseMain.java:149)
	at com.kms.katalon.core.main.TestCaseMain$startTestSuite$0.call(Unknown Source)
	at TempTestSuite1561150248290.run(TempTestSuite1561150248290.groovy:36)]]></system-out>
         <system-err><![CDATA[2019-06-21 17:16:58 - [TEST_CASE][FAILED] - Test Cases/OCS - MOBILE/OCS- PRODUCT PAGE/Learn More: Test Cases/OCS - MOBILE/OCS- PRODUCT PAGE/Learn More FAILED.
Reason:
com.kms.katalon.core.exception.StepFailedException: Unable to click on object 'Object Repository/OCS-MOBILE /Age gate and burger menu/Dried Flower_Plus icon' (Root cause: com.kms.katalon.core.webui.exception.WebElementNotFoundException: Web element with id: 'Object Repository/OCS-MOBILE /Age gate and burger menu/Dried Flower_Plus icon' located by 'By.xpath: //i[@ xpath = '/html[1]/body[1]/div[1]/header[1]/div[2]/div[1]/div[2]/div[1]/div[1]/div[1]/nav[1]/ul[1]/li[1]/div[1]/div[2]/ul[1]/li[1]/a[1]']' not found)
	at com.kms.katalon.core.keyword.internal.KeywordMain.stepFailed(KeywordMain.groovy:36)
	at com.kms.katalon.core.webui.keyword.internal.WebUIKeywordMain.stepFailed(WebUIKeywordMain.groovy:65)
	at com.kms.katalon.core.webui.keyword.internal.WebUIKeywordMain.runKeyword(WebUIKeywordMain.groovy:27)
	at com.kms.katalon.core.webui.keyword.builtin.ClickKeyword.click(ClickKeyword.groovy:86)
	at com.kms.katalon.core.webui.keyword.builtin.ClickKeyword.execute(ClickKeyword.groovy:67)
	at com.kms.katalon.core.keyword.internal.KeywordExecutor.executeKeywordForPlatform(KeywordExecutor.groovy:53)
	at com.kms.katalon.core.webui.keyword.WebUiBuiltInKeywords.click(WebUiBuiltInKeywords.groovy:616)
	at com.kms.katalon.core.webui.keyword.WebUiBuiltInKeywords$click$4.call(Unknown Source)
	at CALL - PDP.run(CALL - PDP:55)
	at com.kms.katalon.core.main.ScriptEngine.run(ScriptEngine.java:194)
	at com.kms.katalon.core.main.ScriptEngine.runScriptAsRawText(ScriptEngine.java:119)
	at com.kms.katalon.core.main.TestCaseExecutor.runScript(TestCaseExecutor.java:328)
	at com.kms.katalon.core.main.TestCaseExecutor.doExecute(TestCaseExecutor.java:319)
	at com.kms.katalon.core.main.TestCaseExecutor.processExecutionPhase(TestCaseExecutor.java:298)
	at com.kms.katalon.core.main.TestCaseExecutor.accessMainPhase(TestCaseExecutor.java:290)
	at com.kms.katalon.core.main.TestCaseExecutor.execute(TestCaseExecutor.java:224)
	at com.kms.katalon.core.main.TestCaseMain.runTestCase(TestCaseMain.java:106)
	at com.kms.katalon.core.keyword.builtin.CallTestCaseKeyword$_callTestCase_closure1.doCall(CallTestCaseKeyword.groovy:59)
	at com.kms.katalon.core.keyword.builtin.CallTestCaseKeyword$_callTestCase_closure1.call(CallTestCaseKeyword.groovy)
	at com.kms.katalon.core.keyword.internal.KeywordMain.runKeyword(KeywordMain.groovy:54)
	at com.kms.katalon.core.keyword.builtin.CallTestCaseKeyword.callTestCase(CallTestCaseKeyword.groovy:80)
	at com.kms.katalon.core.keyword.builtin.CallTestCaseKeyword.execute(CallTestCaseKeyword.groovy:44)
	at com.kms.katalon.core.keyword.internal.KeywordExecutor.executeKeywordForPlatform(KeywordExecutor.groovy:53)
	at com.kms.katalon.core.keyword.BuiltinKeywords.callTestCase(BuiltinKeywords.groovy:334)
	at Learn More.run(Learn More:16)
	at com.kms.katalon.core.main.ScriptEngine.run(ScriptEngine.java:194)
	at com.kms.katalon.core.main.ScriptEngine.runScriptAsRawText(ScriptEngine.java:119)
	at com.kms.katalon.core.main.TestCaseExecutor.runScript(TestCaseExecutor.java:328)
	at com.kms.katalon.core.main.TestCaseExecutor.doExecute(TestCaseExecutor.java:319)
	at com.kms.katalon.core.main.TestCaseExecutor.processExecutionPhase(TestCaseExecutor.java:298)
	at com.kms.katalon.core.main.TestCaseExecutor.accessMainPhase(TestCaseExecutor.java:290)
	at com.kms.katalon.core.main.TestCaseExecutor.execute(TestCaseExecutor.java:224)
	at com.kms.katalon.core.main.TestSuiteExecutor.accessTestCaseMainPhase(TestSuiteExecutor.java:129)
	at com.kms.katalon.core.main.TestSuiteExecutor.accessTestSuiteMainPhase(TestSuiteExecutor.java:112)
	at com.kms.katalon.core.main.TestSuiteExecutor.execute(TestSuiteExecutor.java:81)
	at com.kms.katalon.core.main.TestCaseMain.startTestSuite(TestCaseMain.java:149)
	at com.kms.katalon.core.main.TestCaseMain$startTestSuite$0.call(Unknown Source)
	at TempTestSuite1561150248290.run(TempTestSuite1561150248290.groovy:36)]]></system-err>
      </testcase>
      <testcase name="Test Cases/OCS - MOBILE/OCS- PRODUCT PAGE/Recently viewed" classname="Test Cases/OCS - MOBILE/OCS- PRODUCT PAGE/Recently viewed" status="FAILED">
         <failure type="FAILED" message="Test Cases/OCS - MOBILE/OCS- PRODUCT PAGE/Recently viewed FAILED.
Reason:
com.kms.katalon.core.exception.StepFailedException: Unable to click on object 'Object Repository/OCS-MOBILE /Age gate and burger menu/Dried Flower_Plus icon' (Root cause: com.kms.katalon.core.webui.exception.WebElementNotFoundException: Web element with id: 'Object Repository/OCS-MOBILE /Age gate and burger menu/Dried Flower_Plus icon' located by 'By.xpath: //i[@ xpath = '/html[1]/body[1]/div[1]/header[1]/div[2]/div[1]/div[2]/div[1]/div[1]/div[1]/nav[1]/ul[1]/li[1]/div[1]/div[2]/ul[1]/li[1]/a[1]']' not found)
	at com.kms.katalon.core.keyword.internal.KeywordMain.stepFailed(KeywordMain.groovy:36)
	at com.kms.katalon.core.webui.keyword.internal.WebUIKeywordMain.stepFailed(WebUIKeywordMain.groovy:65)
	at com.kms.katalon.core.webui.keyword.internal.WebUIKeywordMain.runKeyword(WebUIKeywordMain.groovy:27)
	at com.kms.katalon.core.webui.keyword.builtin.ClickKeyword.click(ClickKeyword.groovy:86)
	at com.kms.katalon.core.webui.keyword.builtin.ClickKeyword.execute(ClickKeyword.groovy:67)
	at com.kms.katalon.core.keyword.internal.KeywordExecutor.executeKeywordForPlatform(KeywordExecutor.groovy:53)
	at com.kms.katalon.core.webui.keyword.WebUiBuiltInKeywords.click(WebUiBuiltInKeywords.groovy:616)
	at com.kms.katalon.core.webui.keyword.WebUiBuiltInKeywords$click$4.call(Unknown Source)
	at CALL - PDP.run(CALL - PDP:55)
	at com.kms.katalon.core.main.ScriptEngine.run(ScriptEngine.java:194)
	at com.kms.katalon.core.main.ScriptEngine.runScriptAsRawText(ScriptEngine.java:119)
	at com.kms.katalon.core.main.TestCaseExecutor.runScript(TestCaseExecutor.java:328)
	at com.kms.katalon.core.main.TestCaseExecutor.doExecute(TestCaseExecutor.java:319)
	at com.kms.katalon.core.main.TestCaseExecutor.processExecutionPhase(TestCaseExecutor.java:298)
	at com.kms.katalon.core.main.TestCaseExecutor.accessMainPhase(TestCaseExecutor.java:290)
	at com.kms.katalon.core.main.TestCaseExecutor.execute(TestCaseExecutor.java:224)
	at com.kms.katalon.core.main.TestCaseMain.runTestCase(TestCaseMain.java:106)
	at com.kms.katalon.core.keyword.builtin.CallTestCaseKeyword$_callTestCase_closure1.doCall(CallTestCaseKeyword.groovy:59)
	at com.kms.katalon.core.keyword.builtin.CallTestCaseKeyword$_callTestCase_closure1.call(CallTestCaseKeyword.groovy)
	at com.kms.katalon.core.keyword.internal.KeywordMain.runKeyword(KeywordMain.groovy:54)
	at com.kms.katalon.core.keyword.builtin.CallTestCaseKeyword.callTestCase(CallTestCaseKeyword.groovy:80)
	at com.kms.katalon.core.keyword.builtin.CallTestCaseKeyword.execute(CallTestCaseKeyword.groovy:44)
	at com.kms.katalon.core.keyword.internal.KeywordExecutor.executeKeywordForPlatform(KeywordExecutor.groovy:53)
	at com.kms.katalon.core.keyword.BuiltinKeywords.callTestCase(BuiltinKeywords.groovy:334)
	at Recently viewed.run(Recently viewed:16)
	at com.kms.katalon.core.main.ScriptEngine.run(ScriptEngine.java:194)
	at com.kms.katalon.core.main.ScriptEngine.runScriptAsRawText(ScriptEngine.java:119)
	at com.kms.katalon.core.main.TestCaseExecutor.runScript(TestCaseExecutor.java:328)
	at com.kms.katalon.core.main.TestCaseExecutor.doExecute(TestCaseExecutor.java:319)
	at com.kms.katalon.core.main.TestCaseExecutor.processExecutionPhase(TestCaseExecutor.java:298)
	at com.kms.katalon.core.main.TestCaseExecutor.accessMainPhase(TestCaseExecutor.java:290)
	at com.kms.katalon.core.main.TestCaseExecutor.execute(TestCaseExecutor.java:224)
	at com.kms.katalon.core.main.TestSuiteExecutor.accessTestCaseMainPhase(TestSuiteExecutor.java:129)
	at com.kms.katalon.core.main.TestSuiteExecutor.accessTestSuiteMainPhase(TestSuiteExecutor.java:112)
	at com.kms.katalon.core.main.TestSuiteExecutor.execute(TestSuiteExecutor.java:81)
	at com.kms.katalon.core.main.TestCaseMain.startTestSuite(TestCaseMain.java:149)
	at com.kms.katalon.core.main.TestCaseMain$startTestSuite$0.call(Unknown Source)
	at TempTestSuite1561150248290.run(TempTestSuite1561150248290.groovy:36)
"/>
         <system-out><![CDATA[2019-06-21 17:17:53 - [TEST_CASE][FAILED] - Test Cases/OCS - MOBILE/OCS- PRODUCT PAGE/Recently viewed: Test Cases/OCS - MOBILE/OCS- PRODUCT PAGE/Recently viewed FAILED.
Reason:
com.kms.katalon.core.exception.StepFailedException: Unable to click on object 'Object Repository/OCS-MOBILE /Age gate and burger menu/Dried Flower_Plus icon' (Root cause: com.kms.katalon.core.webui.exception.WebElementNotFoundException: Web element with id: 'Object Repository/OCS-MOBILE /Age gate and burger menu/Dried Flower_Plus icon' located by 'By.xpath: //i[@ xpath = '/html[1]/body[1]/div[1]/header[1]/div[2]/div[1]/div[2]/div[1]/div[1]/div[1]/nav[1]/ul[1]/li[1]/div[1]/div[2]/ul[1]/li[1]/a[1]']' not found)
	at com.kms.katalon.core.keyword.internal.KeywordMain.stepFailed(KeywordMain.groovy:36)
	at com.kms.katalon.core.webui.keyword.internal.WebUIKeywordMain.stepFailed(WebUIKeywordMain.groovy:65)
	at com.kms.katalon.core.webui.keyword.internal.WebUIKeywordMain.runKeyword(WebUIKeywordMain.groovy:27)
	at com.kms.katalon.core.webui.keyword.builtin.ClickKeyword.click(ClickKeyword.groovy:86)
	at com.kms.katalon.core.webui.keyword.builtin.ClickKeyword.execute(ClickKeyword.groovy:67)
	at com.kms.katalon.core.keyword.internal.KeywordExecutor.executeKeywordForPlatform(KeywordExecutor.groovy:53)
	at com.kms.katalon.core.webui.keyword.WebUiBuiltInKeywords.click(WebUiBuiltInKeywords.groovy:616)
	at com.kms.katalon.core.webui.keyword.WebUiBuiltInKeywords$click$4.call(Unknown Source)
	at CALL - PDP.run(CALL - PDP:55)
	at com.kms.katalon.core.main.ScriptEngine.run(ScriptEngine.java:194)
	at com.kms.katalon.core.main.ScriptEngine.runScriptAsRawText(ScriptEngine.java:119)
	at com.kms.katalon.core.main.TestCaseExecutor.runScript(TestCaseExecutor.java:328)
	at com.kms.katalon.core.main.TestCaseExecutor.doExecute(TestCaseExecutor.java:319)
	at com.kms.katalon.core.main.TestCaseExecutor.processExecutionPhase(TestCaseExecutor.java:298)
	at com.kms.katalon.core.main.TestCaseExecutor.accessMainPhase(TestCaseExecutor.java:290)
	at com.kms.katalon.core.main.TestCaseExecutor.execute(TestCaseExecutor.java:224)
	at com.kms.katalon.core.main.TestCaseMain.runTestCase(TestCaseMain.java:106)
	at com.kms.katalon.core.keyword.builtin.CallTestCaseKeyword$_callTestCase_closure1.doCall(CallTestCaseKeyword.groovy:59)
	at com.kms.katalon.core.keyword.builtin.CallTestCaseKeyword$_callTestCase_closure1.call(CallTestCaseKeyword.groovy)
	at com.kms.katalon.core.keyword.internal.KeywordMain.runKeyword(KeywordMain.groovy:54)
	at com.kms.katalon.core.keyword.builtin.CallTestCaseKeyword.callTestCase(CallTestCaseKeyword.groovy:80)
	at com.kms.katalon.core.keyword.builtin.CallTestCaseKeyword.execute(CallTestCaseKeyword.groovy:44)
	at com.kms.katalon.core.keyword.internal.KeywordExecutor.executeKeywordForPlatform(KeywordExecutor.groovy:53)
	at com.kms.katalon.core.keyword.BuiltinKeywords.callTestCase(BuiltinKeywords.groovy:334)
	at Recently viewed.run(Recently viewed:16)
	at com.kms.katalon.core.main.ScriptEngine.run(ScriptEngine.java:194)
	at com.kms.katalon.core.main.ScriptEngine.runScriptAsRawText(ScriptEngine.java:119)
	at com.kms.katalon.core.main.TestCaseExecutor.runScript(TestCaseExecutor.java:328)
	at com.kms.katalon.core.main.TestCaseExecutor.doExecute(TestCaseExecutor.java:319)
	at com.kms.katalon.core.main.TestCaseExecutor.processExecutionPhase(TestCaseExecutor.java:298)
	at com.kms.katalon.core.main.TestCaseExecutor.accessMainPhase(TestCaseExecutor.java:290)
	at com.kms.katalon.core.main.TestCaseExecutor.execute(TestCaseExecutor.java:224)
	at com.kms.katalon.core.main.TestSuiteExecutor.accessTestCaseMainPhase(TestSuiteExecutor.java:129)
	at com.kms.katalon.core.main.TestSuiteExecutor.accessTestSuiteMainPhase(TestSuiteExecutor.java:112)
	at com.kms.katalon.core.main.TestSuiteExecutor.execute(TestSuiteExecutor.java:81)
	at com.kms.katalon.core.main.TestCaseMain.startTestSuite(TestCaseMain.java:149)
	at com.kms.katalon.core.main.TestCaseMain$startTestSuite$0.call(Unknown Source)
	at TempTestSuite1561150248290.run(TempTestSuite1561150248290.groovy:36)


2019-06-21 17:17:53 - [TEST_STEP][FAILED] - callTestCase(findTestCase("OCS - MOBILE/CALL - PDP"), [:], STOP_ON_FAILURE): callTestCase(findTestCase("OCS - MOBILE/CALL - PDP"), [:], STOP_ON_FAILURE) FAILED.
Reason:
com.kms.katalon.core.exception.StepFailedException: Unable to click on object 'Object Repository/OCS-MOBILE /Age gate and burger menu/Dried Flower_Plus icon' (Root cause: com.kms.katalon.core.webui.exception.WebElementNotFoundException: Web element with id: 'Object Repository/OCS-MOBILE /Age gate and burger menu/Dried Flower_Plus icon' located by 'By.xpath: //i[@ xpath = '/html[1]/body[1]/div[1]/header[1]/div[2]/div[1]/div[2]/div[1]/div[1]/div[1]/nav[1]/ul[1]/li[1]/div[1]/div[2]/ul[1]/li[1]/a[1]']' not found)
	at com.kms.katalon.core.keyword.internal.KeywordMain.stepFailed(KeywordMain.groovy:36)
	at com.kms.katalon.core.webui.keyword.internal.WebUIKeywordMain.stepFailed(WebUIKeywordMain.groovy:65)
	at com.kms.katalon.core.webui.keyword.internal.WebUIKeywordMain.runKeyword(WebUIKeywordMain.groovy:27)
	at com.kms.katalon.core.webui.keyword.builtin.ClickKeyword.click(ClickKeyword.groovy:86)
	at com.kms.katalon.core.webui.keyword.builtin.ClickKeyword.execute(ClickKeyword.groovy:67)
	at com.kms.katalon.core.keyword.internal.KeywordExecutor.executeKeywordForPlatform(KeywordExecutor.groovy:53)
	at com.kms.katalon.core.webui.keyword.WebUiBuiltInKeywords.click(WebUiBuiltInKeywords.groovy:616)
	at com.kms.katalon.core.webui.keyword.WebUiBuiltInKeywords$click$4.call(Unknown Source)
	at CALL - PDP.run(CALL - PDP:55)
	at com.kms.katalon.core.main.ScriptEngine.run(ScriptEngine.java:194)
	at com.kms.katalon.core.main.ScriptEngine.runScriptAsRawText(ScriptEngine.java:119)
	at com.kms.katalon.core.main.TestCaseExecutor.runScript(TestCaseExecutor.java:328)
	at com.kms.katalon.core.main.TestCaseExecutor.doExecute(TestCaseExecutor.java:319)
	at com.kms.katalon.core.main.TestCaseExecutor.processExecutionPhase(TestCaseExecutor.java:298)
	at com.kms.katalon.core.main.TestCaseExecutor.accessMainPhase(TestCaseExecutor.java:290)
	at com.kms.katalon.core.main.TestCaseExecutor.execute(TestCaseExecutor.java:224)
	at com.kms.katalon.core.main.TestCaseMain.runTestCase(TestCaseMain.java:106)
	at com.kms.katalon.core.keyword.builtin.CallTestCaseKeyword$_callTestCase_closure1.doCall(CallTestCaseKeyword.groovy:59)
	at com.kms.katalon.core.keyword.builtin.CallTestCaseKeyword$_callTestCase_closure1.call(CallTestCaseKeyword.groovy)
	at com.kms.katalon.core.keyword.internal.KeywordMain.runKeyword(KeywordMain.groovy:54)
	at com.kms.katalon.core.keyword.builtin.CallTestCaseKeyword.callTestCase(CallTestCaseKeyword.groovy:80)
	at com.kms.katalon.core.keyword.builtin.CallTestCaseKeyword.execute(CallTestCaseKeyword.groovy:44)
	at com.kms.katalon.core.keyword.internal.KeywordExecutor.executeKeywordForPlatform(KeywordExecutor.groovy:53)
	at com.kms.katalon.core.keyword.BuiltinKeywords.callTestCase(BuiltinKeywords.groovy:334)
	at Recently viewed.run(Recently viewed:16)
	at com.kms.katalon.core.main.ScriptEngine.run(ScriptEngine.java:194)
	at com.kms.katalon.core.main.ScriptEngine.runScriptAsRawText(ScriptEngine.java:119)
	at com.kms.katalon.core.main.TestCaseExecutor.runScript(TestCaseExecutor.java:328)
	at com.kms.katalon.core.main.TestCaseExecutor.doExecute(TestCaseExecutor.java:319)
	at com.kms.katalon.core.main.TestCaseExecutor.processExecutionPhase(TestCaseExecutor.java:298)
	at com.kms.katalon.core.main.TestCaseExecutor.accessMainPhase(TestCaseExecutor.java:290)
	at com.kms.katalon.core.main.TestCaseExecutor.execute(TestCaseExecutor.java:224)
	at com.kms.katalon.core.main.TestSuiteExecutor.accessTestCaseMainPhase(TestSuiteExecutor.java:129)
	at com.kms.katalon.core.main.TestSuiteExecutor.accessTestSuiteMainPhase(TestSuiteExecutor.java:112)
	at com.kms.katalon.core.main.TestSuiteExecutor.execute(TestSuiteExecutor.java:81)
	at com.kms.katalon.core.main.TestCaseMain.startTestSuite(TestCaseMain.java:149)
	at com.kms.katalon.core.main.TestCaseMain$startTestSuite$0.call(Unknown Source)
	at TempTestSuite1561150248290.run(TempTestSuite1561150248290.groovy:36)


2019-06-21 17:17:53 - [TEST_CASE][FAILED] - Test Cases/OCS - MOBILE/CALL - PDP: Test Cases/OCS - MOBILE/CALL - PDP FAILED.
Reason:
com.kms.katalon.core.exception.StepFailedException: Unable to click on object 'Object Repository/OCS-MOBILE /Age gate and burger menu/Dried Flower_Plus icon' (Root cause: com.kms.katalon.core.webui.exception.WebElementNotFoundException: Web element with id: 'Object Repository/OCS-MOBILE /Age gate and burger menu/Dried Flower_Plus icon' located by 'By.xpath: //i[@ xpath = '/html[1]/body[1]/div[1]/header[1]/div[2]/div[1]/div[2]/div[1]/div[1]/div[1]/nav[1]/ul[1]/li[1]/div[1]/div[2]/ul[1]/li[1]/a[1]']' not found)
	at com.kms.katalon.core.keyword.internal.KeywordMain.stepFailed(KeywordMain.groovy:36)
	at com.kms.katalon.core.webui.keyword.internal.WebUIKeywordMain.stepFailed(WebUIKeywordMain.groovy:65)
	at com.kms.katalon.core.webui.keyword.internal.WebUIKeywordMain.runKeyword(WebUIKeywordMain.groovy:27)
	at com.kms.katalon.core.webui.keyword.builtin.ClickKeyword.click(ClickKeyword.groovy:86)
	at com.kms.katalon.core.webui.keyword.builtin.ClickKeyword.execute(ClickKeyword.groovy:67)
	at com.kms.katalon.core.keyword.internal.KeywordExecutor.executeKeywordForPlatform(KeywordExecutor.groovy:53)
	at com.kms.katalon.core.webui.keyword.WebUiBuiltInKeywords.click(WebUiBuiltInKeywords.groovy:616)
	at com.kms.katalon.core.webui.keyword.WebUiBuiltInKeywords$click$4.call(Unknown Source)
	at CALL - PDP.run(CALL - PDP:55)
	at com.kms.katalon.core.main.ScriptEngine.run(ScriptEngine.java:194)
	at com.kms.katalon.core.main.ScriptEngine.runScriptAsRawText(ScriptEngine.java:119)
	at com.kms.katalon.core.main.TestCaseExecutor.runScript(TestCaseExecutor.java:328)
	at com.kms.katalon.core.main.TestCaseExecutor.doExecute(TestCaseExecutor.java:319)
	at com.kms.katalon.core.main.TestCaseExecutor.processExecutionPhase(TestCaseExecutor.java:298)
	at com.kms.katalon.core.main.TestCaseExecutor.accessMainPhase(TestCaseExecutor.java:290)
	at com.kms.katalon.core.main.TestCaseExecutor.execute(TestCaseExecutor.java:224)
	at com.kms.katalon.core.main.TestCaseMain.runTestCase(TestCaseMain.java:106)
	at com.kms.katalon.core.keyword.builtin.CallTestCaseKeyword$_callTestCase_closure1.doCall(CallTestCaseKeyword.groovy:59)
	at com.kms.katalon.core.keyword.builtin.CallTestCaseKeyword$_callTestCase_closure1.call(CallTestCaseKeyword.groovy)
	at com.kms.katalon.core.keyword.internal.KeywordMain.runKeyword(KeywordMain.groovy:54)
	at com.kms.katalon.core.keyword.builtin.CallTestCaseKeyword.callTestCase(CallTestCaseKeyword.groovy:80)
	at com.kms.katalon.core.keyword.builtin.CallTestCaseKeyword.execute(CallTestCaseKeyword.groovy:44)
	at com.kms.katalon.core.keyword.internal.KeywordExecutor.executeKeywordForPlatform(KeywordExecutor.groovy:53)
	at com.kms.katalon.core.keyword.BuiltinKeywords.callTestCase(BuiltinKeywords.groovy:334)
	at Recently viewed.run(Recently viewed:16)
	at com.kms.katalon.core.main.ScriptEngine.run(ScriptEngine.java:194)
	at com.kms.katalon.core.main.ScriptEngine.runScriptAsRawText(ScriptEngine.java:119)
	at com.kms.katalon.core.main.TestCaseExecutor.runScript(TestCaseExecutor.java:328)
	at com.kms.katalon.core.main.TestCaseExecutor.doExecute(TestCaseExecutor.java:319)
	at com.kms.katalon.core.main.TestCaseExecutor.processExecutionPhase(TestCaseExecutor.java:298)
	at com.kms.katalon.core.main.TestCaseExecutor.accessMainPhase(TestCaseExecutor.java:290)
	at com.kms.katalon.core.main.TestCaseExecutor.execute(TestCaseExecutor.java:224)
	at com.kms.katalon.core.main.TestSuiteExecutor.accessTestCaseMainPhase(TestSuiteExecutor.java:129)
	at com.kms.katalon.core.main.TestSuiteExecutor.accessTestSuiteMainPhase(TestSuiteExecutor.java:112)
	at com.kms.katalon.core.main.TestSuiteExecutor.execute(TestSuiteExecutor.java:81)
	at com.kms.katalon.core.main.TestCaseMain.startTestSuite(TestCaseMain.java:149)
	at com.kms.katalon.core.main.TestCaseMain$startTestSuite$0.call(Unknown Source)
	at TempTestSuite1561150248290.run(TempTestSuite1561150248290.groovy:36)


2019-06-21 17:17:53 - [TEST_STEP][PASSED] - openBrowser(""): Browser is opened with url: ''

2019-06-21 17:17:53 - [MESSAGE][WARNING] - A browser is already opened. Closing browser and opening a new one

2019-06-21 17:17:54 - [MESSAGE][INFO] - Starting 'Chrome' driver

2019-06-21 17:17:55 - [MESSAGE][PASSED] - Browser is opened with url: ''

2019-06-21 17:17:55 - [TEST_STEP][PASSED] - navigateToUrl("https://ocs.ca/?fts=0&preview_theme_id=74057975628"): Navigate to 'https://ocs.ca/?fts=0&preview_theme_id=74057975628' successfully

2019-06-21 17:18:00 - [MESSAGE][PASSED] - Navigate to 'https://ocs.ca/?fts=0&preview_theme_id=74057975628' successfully

2019-06-21 17:18:00 - [TEST_STEP][PASSED] - executeJavaScript("var previewBar = document.getElementById("preview-bar-iframe"); previewBar.style.display = "none";", []): Execute JavaScript 'var previewBar = document.getElementById("preview-bar-iframe"); previewBar.style.display = "none";' successfully

2019-06-21 17:18:00 - [MESSAGE][PASSED] - Execute JavaScript 'var previewBar = document.getElementById("preview-bar-iframe"); previewBar.style.display = "none";' successfully

2019-06-21 17:18:00 - [TEST_STEP][PASSED] - setViewPortSize(360, 800): Viewport is set to new size with width = 360 and height = 800

2019-06-21 17:18:00 - [MESSAGE][PASSED] - Viewport is set to new size with width = 360 and height = 800

2019-06-21 17:18:00 - [TEST_STEP][PASSED] - delay(4): Delayed 4 second(s)

2019-06-21 17:18:04 - [MESSAGE][PASSED] - Delayed 4 second(s)

2019-06-21 17:18:04 - [TEST_STEP][PASSED] - selectOptionByValue(findTestObject("OCS-MOBILE /Age gate and burger menu/Date"), "12", true): All options with value '12' are selected in object 'Object Repository/OCS-MOBILE /Age gate and burger menu/Date'  using regular expression

2019-06-21 17:18:04 - [MESSAGE][PASSED] - All options with value '12' are selected in object 'Object Repository/OCS-MOBILE /Age gate and burger menu/Date'  using regular expression

2019-06-21 17:18:04 - [TEST_STEP][PASSED] - selectOptionByValue(findTestObject("OCS-MOBILE /Age gate and burger menu/month"), "6", true): All options with value '6' are selected in object 'Object Repository/OCS-MOBILE /Age gate and burger menu/month'  using regular expression

2019-06-21 17:18:04 - [MESSAGE][PASSED] - All options with value '6' are selected in object 'Object Repository/OCS-MOBILE /Age gate and burger menu/month'  using regular expression

2019-06-21 17:18:04 - [TEST_STEP][PASSED] - delay(2): Delayed 2 second(s)

2019-06-21 17:18:06 - [MESSAGE][PASSED] - Delayed 2 second(s)

2019-06-21 17:18:06 - [TEST_STEP][PASSED] - selectOptionByValue(findTestObject("OCS-MOBILE /Age gate and burger menu/Year Dropdown"), "1990", true): All options with value '1990' are selected in object 'Object Repository/OCS-MOBILE /Age gate and burger menu/Year Dropdown'  using regular expression

2019-06-21 17:18:07 - [MESSAGE][PASSED] - All options with value '1990' are selected in object 'Object Repository/OCS-MOBILE /Age gate and burger menu/Year Dropdown'  using regular expression

2019-06-21 17:18:07 - [TEST_STEP][PASSED] - click(findTestObject("OCS-MOBILE /Age gate and Mega menu/button_Verify")): Object: 'Object Repository/OCS-MOBILE /Age gate and Mega menu/button_Verify' is clicked on

2019-06-21 17:18:08 - [MESSAGE][PASSED] - Object: 'Object Repository/OCS-MOBILE /Age gate and Mega menu/button_Verify' is clicked on

2019-06-21 17:18:08 - [TEST_STEP][PASSED] - click(findTestObject("OCS-MOBILE /Age gate and Mega menu/Checkbox_CONFIRM AND ACKNOWLEDGE")): Object: 'Object Repository/OCS-MOBILE /Age gate and Mega menu/Checkbox_CONFIRM AND ACKNOWLEDGE' is clicked on

2019-06-21 17:18:08 - [MESSAGE][PASSED] - Object: 'Object Repository/OCS-MOBILE /Age gate and Mega menu/Checkbox_CONFIRM AND ACKNOWLEDGE' is clicked on

2019-06-21 17:18:08 - [TEST_STEP][PASSED] - click(findTestObject("OCS-MOBILE /Age gate and Mega menu/button_CONFIRM")): Object: 'Object Repository/OCS-MOBILE /Age gate and Mega menu/button_CONFIRM' is clicked on

2019-06-21 17:18:08 - [MESSAGE][PASSED] - Object: 'Object Repository/OCS-MOBILE /Age gate and Mega menu/button_CONFIRM' is clicked on

2019-06-21 17:18:08 - [TEST_STEP][PASSED] - click(findTestObject("OCS-MOBILE /Age gate and Mega menu/button_Start Browsing")): Object: 'Object Repository/OCS-MOBILE /Age gate and Mega menu/button_Start Browsing' is clicked on

2019-06-21 17:18:08 - [MESSAGE][PASSED] - Object: 'Object Repository/OCS-MOBILE /Age gate and Mega menu/button_Start Browsing' is clicked on

2019-06-21 17:18:08 - [TEST_STEP][PASSED] - refresh(): Refresh successfully

2019-06-21 17:18:08 - [MESSAGE][PASSED] - Refresh successfully

2019-06-21 17:18:08 - [TEST_STEP][PASSED] - delay(2): Delayed 2 second(s)

2019-06-21 17:18:10 - [MESSAGE][PASSED] - Delayed 2 second(s)

2019-06-21 17:18:10 - [TEST_STEP][PASSED] - click(findTestObject("OCS-MOBILE /Age gate and burger menu/Burger menu - English")): Object: 'Object Repository/OCS-MOBILE /Age gate and burger menu/Burger menu - English' is clicked on

2019-06-21 17:18:11 - [MESSAGE][PASSED] - Object: 'Object Repository/OCS-MOBILE /Age gate and burger menu/Burger menu - English' is clicked on

2019-06-21 17:18:11 - [TEST_STEP][PASSED] - delay(2): Delayed 2 second(s)

2019-06-21 17:18:13 - [MESSAGE][PASSED] - Delayed 2 second(s)

2019-06-21 17:18:13 - [TEST_STEP][PASSED] - click(findTestObject("OCS-MOBILE /Age gate and burger menu/Chevron_Cannabis")): Object: 'Object Repository/OCS-MOBILE /Age gate and burger menu/Chevron_Cannabis' is clicked on

2019-06-21 17:18:18 - [MESSAGE][PASSED] - Object: 'Object Repository/OCS-MOBILE /Age gate and burger menu/Chevron_Cannabis' is clicked on

2019-06-21 17:18:18 - [TEST_STEP][PASSED] - delay(2): Delayed 2 second(s)

2019-06-21 17:18:20 - [MESSAGE][PASSED] - Delayed 2 second(s)

2019-06-21 17:18:20 - [TEST_STEP][FAILED] - click(findTestObject("OCS-MOBILE /Age gate and burger menu/Dried Flower_Plus icon")): click(findTestObject("OCS-MOBILE /Age gate and burger menu/Dried Flower_Plus icon")) FAILED.
Reason:
com.kms.katalon.core.exception.StepFailedException: Unable to click on object 'Object Repository/OCS-MOBILE /Age gate and burger menu/Dried Flower_Plus icon' (Root cause: com.kms.katalon.core.webui.exception.WebElementNotFoundException: Web element with id: 'Object Repository/OCS-MOBILE /Age gate and burger menu/Dried Flower_Plus icon' located by 'By.xpath: //i[@ xpath = '/html[1]/body[1]/div[1]/header[1]/div[2]/div[1]/div[2]/div[1]/div[1]/div[1]/nav[1]/ul[1]/li[1]/div[1]/div[2]/ul[1]/li[1]/a[1]']' not found)
	at com.kms.katalon.core.keyword.internal.KeywordMain.stepFailed(KeywordMain.groovy:36)
	at com.kms.katalon.core.webui.keyword.internal.WebUIKeywordMain.stepFailed(WebUIKeywordMain.groovy:65)
	at com.kms.katalon.core.webui.keyword.internal.WebUIKeywordMain.runKeyword(WebUIKeywordMain.groovy:27)
	at com.kms.katalon.core.webui.keyword.builtin.ClickKeyword.click(ClickKeyword.groovy:86)
	at com.kms.katalon.core.webui.keyword.builtin.ClickKeyword.execute(ClickKeyword.groovy:67)
	at com.kms.katalon.core.keyword.internal.KeywordExecutor.executeKeywordForPlatform(KeywordExecutor.groovy:53)
	at com.kms.katalon.core.webui.keyword.WebUiBuiltInKeywords.click(WebUiBuiltInKeywords.groovy:616)
	at com.kms.katalon.core.webui.keyword.WebUiBuiltInKeywords$click$4.call(Unknown Source)
	at CALL - PDP.run(CALL - PDP:55)
	at com.kms.katalon.core.main.ScriptEngine.run(ScriptEngine.java:194)
	at com.kms.katalon.core.main.ScriptEngine.runScriptAsRawText(ScriptEngine.java:119)
	at com.kms.katalon.core.main.TestCaseExecutor.runScript(TestCaseExecutor.java:328)
	at com.kms.katalon.core.main.TestCaseExecutor.doExecute(TestCaseExecutor.java:319)
	at com.kms.katalon.core.main.TestCaseExecutor.processExecutionPhase(TestCaseExecutor.java:298)
	at com.kms.katalon.core.main.TestCaseExecutor.accessMainPhase(TestCaseExecutor.java:290)
	at com.kms.katalon.core.main.TestCaseExecutor.execute(TestCaseExecutor.java:224)
	at com.kms.katalon.core.main.TestCaseMain.runTestCase(TestCaseMain.java:106)
	at com.kms.katalon.core.keyword.builtin.CallTestCaseKeyword$_callTestCase_closure1.doCall(CallTestCaseKeyword.groovy:59)
	at com.kms.katalon.core.keyword.builtin.CallTestCaseKeyword$_callTestCase_closure1.call(CallTestCaseKeyword.groovy)
	at com.kms.katalon.core.keyword.internal.KeywordMain.runKeyword(KeywordMain.groovy:54)
	at com.kms.katalon.core.keyword.builtin.CallTestCaseKeyword.callTestCase(CallTestCaseKeyword.groovy:80)
	at com.kms.katalon.core.keyword.builtin.CallTestCaseKeyword.execute(CallTestCaseKeyword.groovy:44)
	at com.kms.katalon.core.keyword.internal.KeywordExecutor.executeKeywordForPlatform(KeywordExecutor.groovy:53)
	at com.kms.katalon.core.keyword.BuiltinKeywords.callTestCase(BuiltinKeywords.groovy:334)
	at Recently viewed.run(Recently viewed:16)
	at com.kms.katalon.core.main.ScriptEngine.run(ScriptEngine.java:194)
	at com.kms.katalon.core.main.ScriptEngine.runScriptAsRawText(ScriptEngine.java:119)
	at com.kms.katalon.core.main.TestCaseExecutor.runScript(TestCaseExecutor.java:328)
	at com.kms.katalon.core.main.TestCaseExecutor.doExecute(TestCaseExecutor.java:319)
	at com.kms.katalon.core.main.TestCaseExecutor.processExecutionPhase(TestCaseExecutor.java:298)
	at com.kms.katalon.core.main.TestCaseExecutor.accessMainPhase(TestCaseExecutor.java:290)
	at com.kms.katalon.core.main.TestCaseExecutor.execute(TestCaseExecutor.java:224)
	at com.kms.katalon.core.main.TestSuiteExecutor.accessTestCaseMainPhase(TestSuiteExecutor.java:129)
	at com.kms.katalon.core.main.TestSuiteExecutor.accessTestSuiteMainPhase(TestSuiteExecutor.java:112)
	at com.kms.katalon.core.main.TestSuiteExecutor.execute(TestSuiteExecutor.java:81)
	at com.kms.katalon.core.main.TestCaseMain.startTestSuite(TestCaseMain.java:149)
	at com.kms.katalon.core.main.TestCaseMain$startTestSuite$0.call(Unknown Source)
	at TempTestSuite1561150248290.run(TempTestSuite1561150248290.groovy:36)


2019-06-21 17:18:50 - [MESSAGE][INFO] - Unable to find the element located by 'By.xpath: //i[@ xpath = '/html[1]/body[1]/div[1]/header[1]/div[2]/div[1]/div[2]/div[1]/div[1]/div[1]/nav[1]/ul[1]/li[1]/div[1]/div[2]/ul[1]/li[1]/a[1]']'. Please recheck the objects properties to make sure the desired element is located. 

2019-06-21 17:18:51 - [MESSAGE][FAILED] - Unable to click on object 'Object Repository/OCS-MOBILE /Age gate and burger menu/Dried Flower_Plus icon' (Root cause: com.kms.katalon.core.webui.exception.WebElementNotFoundException: Web element with id: 'Object Repository/OCS-MOBILE /Age gate and burger menu/Dried Flower_Plus icon' located by 'By.xpath: //i[@ xpath = '/html[1]/body[1]/div[1]/header[1]/div[2]/div[1]/div[2]/div[1]/div[1]/div[1]/nav[1]/ul[1]/li[1]/div[1]/div[2]/ul[1]/li[1]/a[1]']' not found)
[[ATTACHMENT|/Users/sumankompelly/Relative xpath-Mobile/Reports/OCS - 1.11.0/20190621_165048/1561151930984.png]]

2019-06-21 17:18:51 - [MESSAGE][FAILED] - click(findTestObject("OCS-MOBILE /Age gate and burger menu/Dried Flower_Plus icon")) FAILED.
Reason:
com.kms.katalon.core.exception.StepFailedException: Unable to click on object 'Object Repository/OCS-MOBILE /Age gate and burger menu/Dried Flower_Plus icon' (Root cause: com.kms.katalon.core.webui.exception.WebElementNotFoundException: Web element with id: 'Object Repository/OCS-MOBILE /Age gate and burger menu/Dried Flower_Plus icon' located by 'By.xpath: //i[@ xpath = '/html[1]/body[1]/div[1]/header[1]/div[2]/div[1]/div[2]/div[1]/div[1]/div[1]/nav[1]/ul[1]/li[1]/div[1]/div[2]/ul[1]/li[1]/a[1]']' not found)
	at com.kms.katalon.core.keyword.internal.KeywordMain.stepFailed(KeywordMain.groovy:36)
	at com.kms.katalon.core.webui.keyword.internal.WebUIKeywordMain.stepFailed(WebUIKeywordMain.groovy:65)
	at com.kms.katalon.core.webui.keyword.internal.WebUIKeywordMain.runKeyword(WebUIKeywordMain.groovy:27)
	at com.kms.katalon.core.webui.keyword.builtin.ClickKeyword.click(ClickKeyword.groovy:86)
	at com.kms.katalon.core.webui.keyword.builtin.ClickKeyword.execute(ClickKeyword.groovy:67)
	at com.kms.katalon.core.keyword.internal.KeywordExecutor.executeKeywordForPlatform(KeywordExecutor.groovy:53)
	at com.kms.katalon.core.webui.keyword.WebUiBuiltInKeywords.click(WebUiBuiltInKeywords.groovy:616)
	at com.kms.katalon.core.webui.keyword.WebUiBuiltInKeywords$click$4.call(Unknown Source)
	at CALL - PDP.run(CALL - PDP:55)
	at com.kms.katalon.core.main.ScriptEngine.run(ScriptEngine.java:194)
	at com.kms.katalon.core.main.ScriptEngine.runScriptAsRawText(ScriptEngine.java:119)
	at com.kms.katalon.core.main.TestCaseExecutor.runScript(TestCaseExecutor.java:328)
	at com.kms.katalon.core.main.TestCaseExecutor.doExecute(TestCaseExecutor.java:319)
	at com.kms.katalon.core.main.TestCaseExecutor.processExecutionPhase(TestCaseExecutor.java:298)
	at com.kms.katalon.core.main.TestCaseExecutor.accessMainPhase(TestCaseExecutor.java:290)
	at com.kms.katalon.core.main.TestCaseExecutor.execute(TestCaseExecutor.java:224)
	at com.kms.katalon.core.main.TestCaseMain.runTestCase(TestCaseMain.java:106)
	at com.kms.katalon.core.keyword.builtin.CallTestCaseKeyword$_callTestCase_closure1.doCall(CallTestCaseKeyword.groovy:59)
	at com.kms.katalon.core.keyword.builtin.CallTestCaseKeyword$_callTestCase_closure1.call(CallTestCaseKeyword.groovy)
	at com.kms.katalon.core.keyword.internal.KeywordMain.runKeyword(KeywordMain.groovy:54)
	at com.kms.katalon.core.keyword.builtin.CallTestCaseKeyword.callTestCase(CallTestCaseKeyword.groovy:80)
	at com.kms.katalon.core.keyword.builtin.CallTestCaseKeyword.execute(CallTestCaseKeyword.groovy:44)
	at com.kms.katalon.core.keyword.internal.KeywordExecutor.executeKeywordForPlatform(KeywordExecutor.groovy:53)
	at com.kms.katalon.core.keyword.BuiltinKeywords.callTestCase(BuiltinKeywords.groovy:334)
	at Recently viewed.run(Recently viewed:16)
	at com.kms.katalon.core.main.ScriptEngine.run(ScriptEngine.java:194)
	at com.kms.katalon.core.main.ScriptEngine.runScriptAsRawText(ScriptEngine.java:119)
	at com.kms.katalon.core.main.TestCaseExecutor.runScript(TestCaseExecutor.java:328)
	at com.kms.katalon.core.main.TestCaseExecutor.doExecute(TestCaseExecutor.java:319)
	at com.kms.katalon.core.main.TestCaseExecutor.processExecutionPhase(TestCaseExecutor.java:298)
	at com.kms.katalon.core.main.TestCaseExecutor.accessMainPhase(TestCaseExecutor.java:290)
	at com.kms.katalon.core.main.TestCaseExecutor.execute(TestCaseExecutor.java:224)
	at com.kms.katalon.core.main.TestSuiteExecutor.accessTestCaseMainPhase(TestSuiteExecutor.java:129)
	at com.kms.katalon.core.main.TestSuiteExecutor.accessTestSuiteMainPhase(TestSuiteExecutor.java:112)
	at com.kms.katalon.core.main.TestSuiteExecutor.execute(TestSuiteExecutor.java:81)
	at com.kms.katalon.core.main.TestCaseMain.startTestSuite(TestCaseMain.java:149)
	at com.kms.katalon.core.main.TestCaseMain$startTestSuite$0.call(Unknown Source)
	at TempTestSuite1561150248290.run(TempTestSuite1561150248290.groovy:36)


2019-06-21 17:18:51 - [MESSAGE][FAILED] - Unable to call Test Case 'Test Cases/OCS - MOBILE/CALL - PDP' (Root cause: com.kms.katalon.core.exception.StepFailedException: Call Test Case 'Test Cases/OCS - MOBILE/CALL - PDP' failed)

2019-06-21 17:18:51 - [MESSAGE][FAILED] - callTestCase(findTestCase("OCS - MOBILE/CALL - PDP"), [:], STOP_ON_FAILURE) FAILED.
Reason:
com.kms.katalon.core.exception.StepFailedException: Unable to click on object 'Object Repository/OCS-MOBILE /Age gate and burger menu/Dried Flower_Plus icon' (Root cause: com.kms.katalon.core.webui.exception.WebElementNotFoundException: Web element with id: 'Object Repository/OCS-MOBILE /Age gate and burger menu/Dried Flower_Plus icon' located by 'By.xpath: //i[@ xpath = '/html[1]/body[1]/div[1]/header[1]/div[2]/div[1]/div[2]/div[1]/div[1]/div[1]/nav[1]/ul[1]/li[1]/div[1]/div[2]/ul[1]/li[1]/a[1]']' not found)
	at com.kms.katalon.core.keyword.internal.KeywordMain.stepFailed(KeywordMain.groovy:36)
	at com.kms.katalon.core.webui.keyword.internal.WebUIKeywordMain.stepFailed(WebUIKeywordMain.groovy:65)
	at com.kms.katalon.core.webui.keyword.internal.WebUIKeywordMain.runKeyword(WebUIKeywordMain.groovy:27)
	at com.kms.katalon.core.webui.keyword.builtin.ClickKeyword.click(ClickKeyword.groovy:86)
	at com.kms.katalon.core.webui.keyword.builtin.ClickKeyword.execute(ClickKeyword.groovy:67)
	at com.kms.katalon.core.keyword.internal.KeywordExecutor.executeKeywordForPlatform(KeywordExecutor.groovy:53)
	at com.kms.katalon.core.webui.keyword.WebUiBuiltInKeywords.click(WebUiBuiltInKeywords.groovy:616)
	at com.kms.katalon.core.webui.keyword.WebUiBuiltInKeywords$click$4.call(Unknown Source)
	at CALL - PDP.run(CALL - PDP:55)
	at com.kms.katalon.core.main.ScriptEngine.run(ScriptEngine.java:194)
	at com.kms.katalon.core.main.ScriptEngine.runScriptAsRawText(ScriptEngine.java:119)
	at com.kms.katalon.core.main.TestCaseExecutor.runScript(TestCaseExecutor.java:328)
	at com.kms.katalon.core.main.TestCaseExecutor.doExecute(TestCaseExecutor.java:319)
	at com.kms.katalon.core.main.TestCaseExecutor.processExecutionPhase(TestCaseExecutor.java:298)
	at com.kms.katalon.core.main.TestCaseExecutor.accessMainPhase(TestCaseExecutor.java:290)
	at com.kms.katalon.core.main.TestCaseExecutor.execute(TestCaseExecutor.java:224)
	at com.kms.katalon.core.main.TestCaseMain.runTestCase(TestCaseMain.java:106)
	at com.kms.katalon.core.keyword.builtin.CallTestCaseKeyword$_callTestCase_closure1.doCall(CallTestCaseKeyword.groovy:59)
	at com.kms.katalon.core.keyword.builtin.CallTestCaseKeyword$_callTestCase_closure1.call(CallTestCaseKeyword.groovy)
	at com.kms.katalon.core.keyword.internal.KeywordMain.runKeyword(KeywordMain.groovy:54)
	at com.kms.katalon.core.keyword.builtin.CallTestCaseKeyword.callTestCase(CallTestCaseKeyword.groovy:80)
	at com.kms.katalon.core.keyword.builtin.CallTestCaseKeyword.execute(CallTestCaseKeyword.groovy:44)
	at com.kms.katalon.core.keyword.internal.KeywordExecutor.executeKeywordForPlatform(KeywordExecutor.groovy:53)
	at com.kms.katalon.core.keyword.BuiltinKeywords.callTestCase(BuiltinKeywords.groovy:334)
	at Recently viewed.run(Recently viewed:16)
	at com.kms.katalon.core.main.ScriptEngine.run(ScriptEngine.java:194)
	at com.kms.katalon.core.main.ScriptEngine.runScriptAsRawText(ScriptEngine.java:119)
	at com.kms.katalon.core.main.TestCaseExecutor.runScript(TestCaseExecutor.java:328)
	at com.kms.katalon.core.main.TestCaseExecutor.doExecute(TestCaseExecutor.java:319)
	at com.kms.katalon.core.main.TestCaseExecutor.processExecutionPhase(TestCaseExecutor.java:298)
	at com.kms.katalon.core.main.TestCaseExecutor.accessMainPhase(TestCaseExecutor.java:290)
	at com.kms.katalon.core.main.TestCaseExecutor.execute(TestCaseExecutor.java:224)
	at com.kms.katalon.core.main.TestSuiteExecutor.accessTestCaseMainPhase(TestSuiteExecutor.java:129)
	at com.kms.katalon.core.main.TestSuiteExecutor.accessTestSuiteMainPhase(TestSuiteExecutor.java:112)
	at com.kms.katalon.core.main.TestSuiteExecutor.execute(TestSuiteExecutor.java:81)
	at com.kms.katalon.core.main.TestCaseMain.startTestSuite(TestCaseMain.java:149)
	at com.kms.katalon.core.main.TestCaseMain$startTestSuite$0.call(Unknown Source)
	at TempTestSuite1561150248290.run(TempTestSuite1561150248290.groovy:36)]]></system-out>
         <system-err><![CDATA[2019-06-21 17:17:53 - [TEST_CASE][FAILED] - Test Cases/OCS - MOBILE/OCS- PRODUCT PAGE/Recently viewed: Test Cases/OCS - MOBILE/OCS- PRODUCT PAGE/Recently viewed FAILED.
Reason:
com.kms.katalon.core.exception.StepFailedException: Unable to click on object 'Object Repository/OCS-MOBILE /Age gate and burger menu/Dried Flower_Plus icon' (Root cause: com.kms.katalon.core.webui.exception.WebElementNotFoundException: Web element with id: 'Object Repository/OCS-MOBILE /Age gate and burger menu/Dried Flower_Plus icon' located by 'By.xpath: //i[@ xpath = '/html[1]/body[1]/div[1]/header[1]/div[2]/div[1]/div[2]/div[1]/div[1]/div[1]/nav[1]/ul[1]/li[1]/div[1]/div[2]/ul[1]/li[1]/a[1]']' not found)
	at com.kms.katalon.core.keyword.internal.KeywordMain.stepFailed(KeywordMain.groovy:36)
	at com.kms.katalon.core.webui.keyword.internal.WebUIKeywordMain.stepFailed(WebUIKeywordMain.groovy:65)
	at com.kms.katalon.core.webui.keyword.internal.WebUIKeywordMain.runKeyword(WebUIKeywordMain.groovy:27)
	at com.kms.katalon.core.webui.keyword.builtin.ClickKeyword.click(ClickKeyword.groovy:86)
	at com.kms.katalon.core.webui.keyword.builtin.ClickKeyword.execute(ClickKeyword.groovy:67)
	at com.kms.katalon.core.keyword.internal.KeywordExecutor.executeKeywordForPlatform(KeywordExecutor.groovy:53)
	at com.kms.katalon.core.webui.keyword.WebUiBuiltInKeywords.click(WebUiBuiltInKeywords.groovy:616)
	at com.kms.katalon.core.webui.keyword.WebUiBuiltInKeywords$click$4.call(Unknown Source)
	at CALL - PDP.run(CALL - PDP:55)
	at com.kms.katalon.core.main.ScriptEngine.run(ScriptEngine.java:194)
	at com.kms.katalon.core.main.ScriptEngine.runScriptAsRawText(ScriptEngine.java:119)
	at com.kms.katalon.core.main.TestCaseExecutor.runScript(TestCaseExecutor.java:328)
	at com.kms.katalon.core.main.TestCaseExecutor.doExecute(TestCaseExecutor.java:319)
	at com.kms.katalon.core.main.TestCaseExecutor.processExecutionPhase(TestCaseExecutor.java:298)
	at com.kms.katalon.core.main.TestCaseExecutor.accessMainPhase(TestCaseExecutor.java:290)
	at com.kms.katalon.core.main.TestCaseExecutor.execute(TestCaseExecutor.java:224)
	at com.kms.katalon.core.main.TestCaseMain.runTestCase(TestCaseMain.java:106)
	at com.kms.katalon.core.keyword.builtin.CallTestCaseKeyword$_callTestCase_closure1.doCall(CallTestCaseKeyword.groovy:59)
	at com.kms.katalon.core.keyword.builtin.CallTestCaseKeyword$_callTestCase_closure1.call(CallTestCaseKeyword.groovy)
	at com.kms.katalon.core.keyword.internal.KeywordMain.runKeyword(KeywordMain.groovy:54)
	at com.kms.katalon.core.keyword.builtin.CallTestCaseKeyword.callTestCase(CallTestCaseKeyword.groovy:80)
	at com.kms.katalon.core.keyword.builtin.CallTestCaseKeyword.execute(CallTestCaseKeyword.groovy:44)
	at com.kms.katalon.core.keyword.internal.KeywordExecutor.executeKeywordForPlatform(KeywordExecutor.groovy:53)
	at com.kms.katalon.core.keyword.BuiltinKeywords.callTestCase(BuiltinKeywords.groovy:334)
	at Recently viewed.run(Recently viewed:16)
	at com.kms.katalon.core.main.ScriptEngine.run(ScriptEngine.java:194)
	at com.kms.katalon.core.main.ScriptEngine.runScriptAsRawText(ScriptEngine.java:119)
	at com.kms.katalon.core.main.TestCaseExecutor.runScript(TestCaseExecutor.java:328)
	at com.kms.katalon.core.main.TestCaseExecutor.doExecute(TestCaseExecutor.java:319)
	at com.kms.katalon.core.main.TestCaseExecutor.processExecutionPhase(TestCaseExecutor.java:298)
	at com.kms.katalon.core.main.TestCaseExecutor.accessMainPhase(TestCaseExecutor.java:290)
	at com.kms.katalon.core.main.TestCaseExecutor.execute(TestCaseExecutor.java:224)
	at com.kms.katalon.core.main.TestSuiteExecutor.accessTestCaseMainPhase(TestSuiteExecutor.java:129)
	at com.kms.katalon.core.main.TestSuiteExecutor.accessTestSuiteMainPhase(TestSuiteExecutor.java:112)
	at com.kms.katalon.core.main.TestSuiteExecutor.execute(TestSuiteExecutor.java:81)
	at com.kms.katalon.core.main.TestCaseMain.startTestSuite(TestCaseMain.java:149)
	at com.kms.katalon.core.main.TestCaseMain$startTestSuite$0.call(Unknown Source)
	at TempTestSuite1561150248290.run(TempTestSuite1561150248290.groovy:36)]]></system-err>
      </testcase>
      <testcase name="Test Cases/OCS - MOBILE/OCS- PRODUCT PAGE/variants selector" classname="Test Cases/OCS - MOBILE/OCS- PRODUCT PAGE/variants selector" status="FAILED">
         <failure type="FAILED" message="Test Cases/OCS - MOBILE/OCS- PRODUCT PAGE/variants selector FAILED.
Reason:
com.kms.katalon.core.exception.StepFailedException: Unable to click on object 'Object Repository/OCS-MOBILE /Age gate and burger menu/Dried Flower_Plus icon' (Root cause: com.kms.katalon.core.webui.exception.WebElementNotFoundException: Web element with id: 'Object Repository/OCS-MOBILE /Age gate and burger menu/Dried Flower_Plus icon' located by 'By.xpath: //i[@ xpath = '/html[1]/body[1]/div[1]/header[1]/div[2]/div[1]/div[2]/div[1]/div[1]/div[1]/nav[1]/ul[1]/li[1]/div[1]/div[2]/ul[1]/li[1]/a[1]']' not found)
	at com.kms.katalon.core.keyword.internal.KeywordMain.stepFailed(KeywordMain.groovy:36)
	at com.kms.katalon.core.webui.keyword.internal.WebUIKeywordMain.stepFailed(WebUIKeywordMain.groovy:65)
	at com.kms.katalon.core.webui.keyword.internal.WebUIKeywordMain.runKeyword(WebUIKeywordMain.groovy:27)
	at com.kms.katalon.core.webui.keyword.builtin.ClickKeyword.click(ClickKeyword.groovy:86)
	at com.kms.katalon.core.webui.keyword.builtin.ClickKeyword.execute(ClickKeyword.groovy:67)
	at com.kms.katalon.core.keyword.internal.KeywordExecutor.executeKeywordForPlatform(KeywordExecutor.groovy:53)
	at com.kms.katalon.core.webui.keyword.WebUiBuiltInKeywords.click(WebUiBuiltInKeywords.groovy:616)
	at com.kms.katalon.core.webui.keyword.WebUiBuiltInKeywords$click$4.call(Unknown Source)
	at CALL - PDP.run(CALL - PDP:55)
	at com.kms.katalon.core.main.ScriptEngine.run(ScriptEngine.java:194)
	at com.kms.katalon.core.main.ScriptEngine.runScriptAsRawText(ScriptEngine.java:119)
	at com.kms.katalon.core.main.TestCaseExecutor.runScript(TestCaseExecutor.java:328)
	at com.kms.katalon.core.main.TestCaseExecutor.doExecute(TestCaseExecutor.java:319)
	at com.kms.katalon.core.main.TestCaseExecutor.processExecutionPhase(TestCaseExecutor.java:298)
	at com.kms.katalon.core.main.TestCaseExecutor.accessMainPhase(TestCaseExecutor.java:290)
	at com.kms.katalon.core.main.TestCaseExecutor.execute(TestCaseExecutor.java:224)
	at com.kms.katalon.core.main.TestCaseMain.runTestCase(TestCaseMain.java:106)
	at com.kms.katalon.core.keyword.builtin.CallTestCaseKeyword$_callTestCase_closure1.doCall(CallTestCaseKeyword.groovy:59)
	at com.kms.katalon.core.keyword.builtin.CallTestCaseKeyword$_callTestCase_closure1.call(CallTestCaseKeyword.groovy)
	at com.kms.katalon.core.keyword.internal.KeywordMain.runKeyword(KeywordMain.groovy:54)
	at com.kms.katalon.core.keyword.builtin.CallTestCaseKeyword.callTestCase(CallTestCaseKeyword.groovy:80)
	at com.kms.katalon.core.keyword.builtin.CallTestCaseKeyword.execute(CallTestCaseKeyword.groovy:44)
	at com.kms.katalon.core.keyword.internal.KeywordExecutor.executeKeywordForPlatform(KeywordExecutor.groovy:53)
	at com.kms.katalon.core.keyword.BuiltinKeywords.callTestCase(BuiltinKeywords.groovy:334)
	at variants selector.run(variants selector:16)
	at com.kms.katalon.core.main.ScriptEngine.run(ScriptEngine.java:194)
	at com.kms.katalon.core.main.ScriptEngine.runScriptAsRawText(ScriptEngine.java:119)
	at com.kms.katalon.core.main.TestCaseExecutor.runScript(TestCaseExecutor.java:328)
	at com.kms.katalon.core.main.TestCaseExecutor.doExecute(TestCaseExecutor.java:319)
	at com.kms.katalon.core.main.TestCaseExecutor.processExecutionPhase(TestCaseExecutor.java:298)
	at com.kms.katalon.core.main.TestCaseExecutor.accessMainPhase(TestCaseExecutor.java:290)
	at com.kms.katalon.core.main.TestCaseExecutor.execute(TestCaseExecutor.java:224)
	at com.kms.katalon.core.main.TestSuiteExecutor.accessTestCaseMainPhase(TestSuiteExecutor.java:129)
	at com.kms.katalon.core.main.TestSuiteExecutor.accessTestSuiteMainPhase(TestSuiteExecutor.java:112)
	at com.kms.katalon.core.main.TestSuiteExecutor.execute(TestSuiteExecutor.java:81)
	at com.kms.katalon.core.main.TestCaseMain.startTestSuite(TestCaseMain.java:149)
	at com.kms.katalon.core.main.TestCaseMain$startTestSuite$0.call(Unknown Source)
	at TempTestSuite1561150248290.run(TempTestSuite1561150248290.groovy:36)
"/>
         <system-out><![CDATA[2019-06-21 17:18:51 - [TEST_CASE][FAILED] - Test Cases/OCS - MOBILE/OCS- PRODUCT PAGE/variants selector: Test Cases/OCS - MOBILE/OCS- PRODUCT PAGE/variants selector FAILED.
Reason:
com.kms.katalon.core.exception.StepFailedException: Unable to click on object 'Object Repository/OCS-MOBILE /Age gate and burger menu/Dried Flower_Plus icon' (Root cause: com.kms.katalon.core.webui.exception.WebElementNotFoundException: Web element with id: 'Object Repository/OCS-MOBILE /Age gate and burger menu/Dried Flower_Plus icon' located by 'By.xpath: //i[@ xpath = '/html[1]/body[1]/div[1]/header[1]/div[2]/div[1]/div[2]/div[1]/div[1]/div[1]/nav[1]/ul[1]/li[1]/div[1]/div[2]/ul[1]/li[1]/a[1]']' not found)
	at com.kms.katalon.core.keyword.internal.KeywordMain.stepFailed(KeywordMain.groovy:36)
	at com.kms.katalon.core.webui.keyword.internal.WebUIKeywordMain.stepFailed(WebUIKeywordMain.groovy:65)
	at com.kms.katalon.core.webui.keyword.internal.WebUIKeywordMain.runKeyword(WebUIKeywordMain.groovy:27)
	at com.kms.katalon.core.webui.keyword.builtin.ClickKeyword.click(ClickKeyword.groovy:86)
	at com.kms.katalon.core.webui.keyword.builtin.ClickKeyword.execute(ClickKeyword.groovy:67)
	at com.kms.katalon.core.keyword.internal.KeywordExecutor.executeKeywordForPlatform(KeywordExecutor.groovy:53)
	at com.kms.katalon.core.webui.keyword.WebUiBuiltInKeywords.click(WebUiBuiltInKeywords.groovy:616)
	at com.kms.katalon.core.webui.keyword.WebUiBuiltInKeywords$click$4.call(Unknown Source)
	at CALL - PDP.run(CALL - PDP:55)
	at com.kms.katalon.core.main.ScriptEngine.run(ScriptEngine.java:194)
	at com.kms.katalon.core.main.ScriptEngine.runScriptAsRawText(ScriptEngine.java:119)
	at com.kms.katalon.core.main.TestCaseExecutor.runScript(TestCaseExecutor.java:328)
	at com.kms.katalon.core.main.TestCaseExecutor.doExecute(TestCaseExecutor.java:319)
	at com.kms.katalon.core.main.TestCaseExecutor.processExecutionPhase(TestCaseExecutor.java:298)
	at com.kms.katalon.core.main.TestCaseExecutor.accessMainPhase(TestCaseExecutor.java:290)
	at com.kms.katalon.core.main.TestCaseExecutor.execute(TestCaseExecutor.java:224)
	at com.kms.katalon.core.main.TestCaseMain.runTestCase(TestCaseMain.java:106)
	at com.kms.katalon.core.keyword.builtin.CallTestCaseKeyword$_callTestCase_closure1.doCall(CallTestCaseKeyword.groovy:59)
	at com.kms.katalon.core.keyword.builtin.CallTestCaseKeyword$_callTestCase_closure1.call(CallTestCaseKeyword.groovy)
	at com.kms.katalon.core.keyword.internal.KeywordMain.runKeyword(KeywordMain.groovy:54)
	at com.kms.katalon.core.keyword.builtin.CallTestCaseKeyword.callTestCase(CallTestCaseKeyword.groovy:80)
	at com.kms.katalon.core.keyword.builtin.CallTestCaseKeyword.execute(CallTestCaseKeyword.groovy:44)
	at com.kms.katalon.core.keyword.internal.KeywordExecutor.executeKeywordForPlatform(KeywordExecutor.groovy:53)
	at com.kms.katalon.core.keyword.BuiltinKeywords.callTestCase(BuiltinKeywords.groovy:334)
	at variants selector.run(variants selector:16)
	at com.kms.katalon.core.main.ScriptEngine.run(ScriptEngine.java:194)
	at com.kms.katalon.core.main.ScriptEngine.runScriptAsRawText(ScriptEngine.java:119)
	at com.kms.katalon.core.main.TestCaseExecutor.runScript(TestCaseExecutor.java:328)
	at com.kms.katalon.core.main.TestCaseExecutor.doExecute(TestCaseExecutor.java:319)
	at com.kms.katalon.core.main.TestCaseExecutor.processExecutionPhase(TestCaseExecutor.java:298)
	at com.kms.katalon.core.main.TestCaseExecutor.accessMainPhase(TestCaseExecutor.java:290)
	at com.kms.katalon.core.main.TestCaseExecutor.execute(TestCaseExecutor.java:224)
	at com.kms.katalon.core.main.TestSuiteExecutor.accessTestCaseMainPhase(TestSuiteExecutor.java:129)
	at com.kms.katalon.core.main.TestSuiteExecutor.accessTestSuiteMainPhase(TestSuiteExecutor.java:112)
	at com.kms.katalon.core.main.TestSuiteExecutor.execute(TestSuiteExecutor.java:81)
	at com.kms.katalon.core.main.TestCaseMain.startTestSuite(TestCaseMain.java:149)
	at com.kms.katalon.core.main.TestCaseMain$startTestSuite$0.call(Unknown Source)
	at TempTestSuite1561150248290.run(TempTestSuite1561150248290.groovy:36)


2019-06-21 17:18:51 - [TEST_STEP][FAILED] - callTestCase(findTestCase("OCS - MOBILE/CALL - PDP"), [:], STOP_ON_FAILURE): callTestCase(findTestCase("OCS - MOBILE/CALL - PDP"), [:], STOP_ON_FAILURE) FAILED.
Reason:
com.kms.katalon.core.exception.StepFailedException: Unable to click on object 'Object Repository/OCS-MOBILE /Age gate and burger menu/Dried Flower_Plus icon' (Root cause: com.kms.katalon.core.webui.exception.WebElementNotFoundException: Web element with id: 'Object Repository/OCS-MOBILE /Age gate and burger menu/Dried Flower_Plus icon' located by 'By.xpath: //i[@ xpath = '/html[1]/body[1]/div[1]/header[1]/div[2]/div[1]/div[2]/div[1]/div[1]/div[1]/nav[1]/ul[1]/li[1]/div[1]/div[2]/ul[1]/li[1]/a[1]']' not found)
	at com.kms.katalon.core.keyword.internal.KeywordMain.stepFailed(KeywordMain.groovy:36)
	at com.kms.katalon.core.webui.keyword.internal.WebUIKeywordMain.stepFailed(WebUIKeywordMain.groovy:65)
	at com.kms.katalon.core.webui.keyword.internal.WebUIKeywordMain.runKeyword(WebUIKeywordMain.groovy:27)
	at com.kms.katalon.core.webui.keyword.builtin.ClickKeyword.click(ClickKeyword.groovy:86)
	at com.kms.katalon.core.webui.keyword.builtin.ClickKeyword.execute(ClickKeyword.groovy:67)
	at com.kms.katalon.core.keyword.internal.KeywordExecutor.executeKeywordForPlatform(KeywordExecutor.groovy:53)
	at com.kms.katalon.core.webui.keyword.WebUiBuiltInKeywords.click(WebUiBuiltInKeywords.groovy:616)
	at com.kms.katalon.core.webui.keyword.WebUiBuiltInKeywords$click$4.call(Unknown Source)
	at CALL - PDP.run(CALL - PDP:55)
	at com.kms.katalon.core.main.ScriptEngine.run(ScriptEngine.java:194)
	at com.kms.katalon.core.main.ScriptEngine.runScriptAsRawText(ScriptEngine.java:119)
	at com.kms.katalon.core.main.TestCaseExecutor.runScript(TestCaseExecutor.java:328)
	at com.kms.katalon.core.main.TestCaseExecutor.doExecute(TestCaseExecutor.java:319)
	at com.kms.katalon.core.main.TestCaseExecutor.processExecutionPhase(TestCaseExecutor.java:298)
	at com.kms.katalon.core.main.TestCaseExecutor.accessMainPhase(TestCaseExecutor.java:290)
	at com.kms.katalon.core.main.TestCaseExecutor.execute(TestCaseExecutor.java:224)
	at com.kms.katalon.core.main.TestCaseMain.runTestCase(TestCaseMain.java:106)
	at com.kms.katalon.core.keyword.builtin.CallTestCaseKeyword$_callTestCase_closure1.doCall(CallTestCaseKeyword.groovy:59)
	at com.kms.katalon.core.keyword.builtin.CallTestCaseKeyword$_callTestCase_closure1.call(CallTestCaseKeyword.groovy)
	at com.kms.katalon.core.keyword.internal.KeywordMain.runKeyword(KeywordMain.groovy:54)
	at com.kms.katalon.core.keyword.builtin.CallTestCaseKeyword.callTestCase(CallTestCaseKeyword.groovy:80)
	at com.kms.katalon.core.keyword.builtin.CallTestCaseKeyword.execute(CallTestCaseKeyword.groovy:44)
	at com.kms.katalon.core.keyword.internal.KeywordExecutor.executeKeywordForPlatform(KeywordExecutor.groovy:53)
	at com.kms.katalon.core.keyword.BuiltinKeywords.callTestCase(BuiltinKeywords.groovy:334)
	at variants selector.run(variants selector:16)
	at com.kms.katalon.core.main.ScriptEngine.run(ScriptEngine.java:194)
	at com.kms.katalon.core.main.ScriptEngine.runScriptAsRawText(ScriptEngine.java:119)
	at com.kms.katalon.core.main.TestCaseExecutor.runScript(TestCaseExecutor.java:328)
	at com.kms.katalon.core.main.TestCaseExecutor.doExecute(TestCaseExecutor.java:319)
	at com.kms.katalon.core.main.TestCaseExecutor.processExecutionPhase(TestCaseExecutor.java:298)
	at com.kms.katalon.core.main.TestCaseExecutor.accessMainPhase(TestCaseExecutor.java:290)
	at com.kms.katalon.core.main.TestCaseExecutor.execute(TestCaseExecutor.java:224)
	at com.kms.katalon.core.main.TestSuiteExecutor.accessTestCaseMainPhase(TestSuiteExecutor.java:129)
	at com.kms.katalon.core.main.TestSuiteExecutor.accessTestSuiteMainPhase(TestSuiteExecutor.java:112)
	at com.kms.katalon.core.main.TestSuiteExecutor.execute(TestSuiteExecutor.java:81)
	at com.kms.katalon.core.main.TestCaseMain.startTestSuite(TestCaseMain.java:149)
	at com.kms.katalon.core.main.TestCaseMain$startTestSuite$0.call(Unknown Source)
	at TempTestSuite1561150248290.run(TempTestSuite1561150248290.groovy:36)


2019-06-21 17:18:51 - [TEST_CASE][FAILED] - Test Cases/OCS - MOBILE/CALL - PDP: Test Cases/OCS - MOBILE/CALL - PDP FAILED.
Reason:
com.kms.katalon.core.exception.StepFailedException: Unable to click on object 'Object Repository/OCS-MOBILE /Age gate and burger menu/Dried Flower_Plus icon' (Root cause: com.kms.katalon.core.webui.exception.WebElementNotFoundException: Web element with id: 'Object Repository/OCS-MOBILE /Age gate and burger menu/Dried Flower_Plus icon' located by 'By.xpath: //i[@ xpath = '/html[1]/body[1]/div[1]/header[1]/div[2]/div[1]/div[2]/div[1]/div[1]/div[1]/nav[1]/ul[1]/li[1]/div[1]/div[2]/ul[1]/li[1]/a[1]']' not found)
	at com.kms.katalon.core.keyword.internal.KeywordMain.stepFailed(KeywordMain.groovy:36)
	at com.kms.katalon.core.webui.keyword.internal.WebUIKeywordMain.stepFailed(WebUIKeywordMain.groovy:65)
	at com.kms.katalon.core.webui.keyword.internal.WebUIKeywordMain.runKeyword(WebUIKeywordMain.groovy:27)
	at com.kms.katalon.core.webui.keyword.builtin.ClickKeyword.click(ClickKeyword.groovy:86)
	at com.kms.katalon.core.webui.keyword.builtin.ClickKeyword.execute(ClickKeyword.groovy:67)
	at com.kms.katalon.core.keyword.internal.KeywordExecutor.executeKeywordForPlatform(KeywordExecutor.groovy:53)
	at com.kms.katalon.core.webui.keyword.WebUiBuiltInKeywords.click(WebUiBuiltInKeywords.groovy:616)
	at com.kms.katalon.core.webui.keyword.WebUiBuiltInKeywords$click$4.call(Unknown Source)
	at CALL - PDP.run(CALL - PDP:55)
	at com.kms.katalon.core.main.ScriptEngine.run(ScriptEngine.java:194)
	at com.kms.katalon.core.main.ScriptEngine.runScriptAsRawText(ScriptEngine.java:119)
	at com.kms.katalon.core.main.TestCaseExecutor.runScript(TestCaseExecutor.java:328)
	at com.kms.katalon.core.main.TestCaseExecutor.doExecute(TestCaseExecutor.java:319)
	at com.kms.katalon.core.main.TestCaseExecutor.processExecutionPhase(TestCaseExecutor.java:298)
	at com.kms.katalon.core.main.TestCaseExecutor.accessMainPhase(TestCaseExecutor.java:290)
	at com.kms.katalon.core.main.TestCaseExecutor.execute(TestCaseExecutor.java:224)
	at com.kms.katalon.core.main.TestCaseMain.runTestCase(TestCaseMain.java:106)
	at com.kms.katalon.core.keyword.builtin.CallTestCaseKeyword$_callTestCase_closure1.doCall(CallTestCaseKeyword.groovy:59)
	at com.kms.katalon.core.keyword.builtin.CallTestCaseKeyword$_callTestCase_closure1.call(CallTestCaseKeyword.groovy)
	at com.kms.katalon.core.keyword.internal.KeywordMain.runKeyword(KeywordMain.groovy:54)
	at com.kms.katalon.core.keyword.builtin.CallTestCaseKeyword.callTestCase(CallTestCaseKeyword.groovy:80)
	at com.kms.katalon.core.keyword.builtin.CallTestCaseKeyword.execute(CallTestCaseKeyword.groovy:44)
	at com.kms.katalon.core.keyword.internal.KeywordExecutor.executeKeywordForPlatform(KeywordExecutor.groovy:53)
	at com.kms.katalon.core.keyword.BuiltinKeywords.callTestCase(BuiltinKeywords.groovy:334)
	at variants selector.run(variants selector:16)
	at com.kms.katalon.core.main.ScriptEngine.run(ScriptEngine.java:194)
	at com.kms.katalon.core.main.ScriptEngine.runScriptAsRawText(ScriptEngine.java:119)
	at com.kms.katalon.core.main.TestCaseExecutor.runScript(TestCaseExecutor.java:328)
	at com.kms.katalon.core.main.TestCaseExecutor.doExecute(TestCaseExecutor.java:319)
	at com.kms.katalon.core.main.TestCaseExecutor.processExecutionPhase(TestCaseExecutor.java:298)
	at com.kms.katalon.core.main.TestCaseExecutor.accessMainPhase(TestCaseExecutor.java:290)
	at com.kms.katalon.core.main.TestCaseExecutor.execute(TestCaseExecutor.java:224)
	at com.kms.katalon.core.main.TestSuiteExecutor.accessTestCaseMainPhase(TestSuiteExecutor.java:129)
	at com.kms.katalon.core.main.TestSuiteExecutor.accessTestSuiteMainPhase(TestSuiteExecutor.java:112)
	at com.kms.katalon.core.main.TestSuiteExecutor.execute(TestSuiteExecutor.java:81)
	at com.kms.katalon.core.main.TestCaseMain.startTestSuite(TestCaseMain.java:149)
	at com.kms.katalon.core.main.TestCaseMain$startTestSuite$0.call(Unknown Source)
	at TempTestSuite1561150248290.run(TempTestSuite1561150248290.groovy:36)


2019-06-21 17:18:51 - [TEST_STEP][PASSED] - openBrowser(""): Browser is opened with url: ''

2019-06-21 17:18:51 - [MESSAGE][WARNING] - A browser is already opened. Closing browser and opening a new one

2019-06-21 17:18:51 - [MESSAGE][INFO] - Starting 'Chrome' driver

2019-06-21 17:18:53 - [MESSAGE][PASSED] - Browser is opened with url: ''

2019-06-21 17:18:53 - [TEST_STEP][PASSED] - navigateToUrl("https://ocs.ca/?fts=0&preview_theme_id=74057975628"): Navigate to 'https://ocs.ca/?fts=0&preview_theme_id=74057975628' successfully

2019-06-21 17:18:57 - [MESSAGE][PASSED] - Navigate to 'https://ocs.ca/?fts=0&preview_theme_id=74057975628' successfully

2019-06-21 17:18:57 - [TEST_STEP][PASSED] - executeJavaScript("var previewBar = document.getElementById("preview-bar-iframe"); previewBar.style.display = "none";", []): Execute JavaScript 'var previewBar = document.getElementById("preview-bar-iframe"); previewBar.style.display = "none";' successfully

2019-06-21 17:18:57 - [MESSAGE][PASSED] - Execute JavaScript 'var previewBar = document.getElementById("preview-bar-iframe"); previewBar.style.display = "none";' successfully

2019-06-21 17:18:57 - [TEST_STEP][PASSED] - setViewPortSize(360, 800): Viewport is set to new size with width = 360 and height = 800

2019-06-21 17:18:57 - [MESSAGE][PASSED] - Viewport is set to new size with width = 360 and height = 800

2019-06-21 17:18:57 - [TEST_STEP][PASSED] - delay(4): Delayed 4 second(s)

2019-06-21 17:19:01 - [MESSAGE][PASSED] - Delayed 4 second(s)

2019-06-21 17:19:01 - [TEST_STEP][PASSED] - selectOptionByValue(findTestObject("OCS-MOBILE /Age gate and burger menu/Date"), "12", true): All options with value '12' are selected in object 'Object Repository/OCS-MOBILE /Age gate and burger menu/Date'  using regular expression

2019-06-21 17:19:02 - [MESSAGE][PASSED] - All options with value '12' are selected in object 'Object Repository/OCS-MOBILE /Age gate and burger menu/Date'  using regular expression

2019-06-21 17:19:02 - [TEST_STEP][PASSED] - selectOptionByValue(findTestObject("OCS-MOBILE /Age gate and burger menu/month"), "6", true): All options with value '6' are selected in object 'Object Repository/OCS-MOBILE /Age gate and burger menu/month'  using regular expression

2019-06-21 17:19:02 - [MESSAGE][PASSED] - All options with value '6' are selected in object 'Object Repository/OCS-MOBILE /Age gate and burger menu/month'  using regular expression

2019-06-21 17:19:02 - [TEST_STEP][PASSED] - delay(2): Delayed 2 second(s)

2019-06-21 17:19:04 - [MESSAGE][PASSED] - Delayed 2 second(s)

2019-06-21 17:19:04 - [TEST_STEP][PASSED] - selectOptionByValue(findTestObject("OCS-MOBILE /Age gate and burger menu/Year Dropdown"), "1990", true): All options with value '1990' are selected in object 'Object Repository/OCS-MOBILE /Age gate and burger menu/Year Dropdown'  using regular expression

2019-06-21 17:19:05 - [MESSAGE][PASSED] - All options with value '1990' are selected in object 'Object Repository/OCS-MOBILE /Age gate and burger menu/Year Dropdown'  using regular expression

2019-06-21 17:19:05 - [TEST_STEP][PASSED] - click(findTestObject("OCS-MOBILE /Age gate and Mega menu/button_Verify")): Object: 'Object Repository/OCS-MOBILE /Age gate and Mega menu/button_Verify' is clicked on

2019-06-21 17:19:05 - [MESSAGE][PASSED] - Object: 'Object Repository/OCS-MOBILE /Age gate and Mega menu/button_Verify' is clicked on

2019-06-21 17:19:05 - [TEST_STEP][PASSED] - click(findTestObject("OCS-MOBILE /Age gate and Mega menu/Checkbox_CONFIRM AND ACKNOWLEDGE")): Object: 'Object Repository/OCS-MOBILE /Age gate and Mega menu/Checkbox_CONFIRM AND ACKNOWLEDGE' is clicked on

2019-06-21 17:19:05 - [MESSAGE][PASSED] - Object: 'Object Repository/OCS-MOBILE /Age gate and Mega menu/Checkbox_CONFIRM AND ACKNOWLEDGE' is clicked on

2019-06-21 17:19:05 - [TEST_STEP][PASSED] - click(findTestObject("OCS-MOBILE /Age gate and Mega menu/button_CONFIRM")): Object: 'Object Repository/OCS-MOBILE /Age gate and Mega menu/button_CONFIRM' is clicked on

2019-06-21 17:19:05 - [MESSAGE][PASSED] - Object: 'Object Repository/OCS-MOBILE /Age gate and Mega menu/button_CONFIRM' is clicked on

2019-06-21 17:19:05 - [TEST_STEP][PASSED] - click(findTestObject("OCS-MOBILE /Age gate and Mega menu/button_Start Browsing")): Object: 'Object Repository/OCS-MOBILE /Age gate and Mega menu/button_Start Browsing' is clicked on

2019-06-21 17:19:05 - [MESSAGE][PASSED] - Object: 'Object Repository/OCS-MOBILE /Age gate and Mega menu/button_Start Browsing' is clicked on

2019-06-21 17:19:05 - [TEST_STEP][PASSED] - refresh(): Refresh successfully

2019-06-21 17:19:08 - [MESSAGE][PASSED] - Refresh successfully

2019-06-21 17:19:08 - [TEST_STEP][PASSED] - delay(2): Delayed 2 second(s)

2019-06-21 17:19:10 - [MESSAGE][PASSED] - Delayed 2 second(s)

2019-06-21 17:19:10 - [TEST_STEP][PASSED] - click(findTestObject("OCS-MOBILE /Age gate and burger menu/Burger menu - English")): Object: 'Object Repository/OCS-MOBILE /Age gate and burger menu/Burger menu - English' is clicked on

2019-06-21 17:19:10 - [MESSAGE][PASSED] - Object: 'Object Repository/OCS-MOBILE /Age gate and burger menu/Burger menu - English' is clicked on

2019-06-21 17:19:10 - [TEST_STEP][PASSED] - delay(2): Delayed 2 second(s)

2019-06-21 17:19:12 - [MESSAGE][PASSED] - Delayed 2 second(s)

2019-06-21 17:19:12 - [TEST_STEP][PASSED] - click(findTestObject("OCS-MOBILE /Age gate and burger menu/Chevron_Cannabis")): Object: 'Object Repository/OCS-MOBILE /Age gate and burger menu/Chevron_Cannabis' is clicked on

2019-06-21 17:19:12 - [MESSAGE][PASSED] - Object: 'Object Repository/OCS-MOBILE /Age gate and burger menu/Chevron_Cannabis' is clicked on

2019-06-21 17:19:12 - [TEST_STEP][PASSED] - delay(2): Delayed 2 second(s)

2019-06-21 17:19:14 - [MESSAGE][PASSED] - Delayed 2 second(s)

2019-06-21 17:19:14 - [TEST_STEP][FAILED] - click(findTestObject("OCS-MOBILE /Age gate and burger menu/Dried Flower_Plus icon")): click(findTestObject("OCS-MOBILE /Age gate and burger menu/Dried Flower_Plus icon")) FAILED.
Reason:
com.kms.katalon.core.exception.StepFailedException: Unable to click on object 'Object Repository/OCS-MOBILE /Age gate and burger menu/Dried Flower_Plus icon' (Root cause: com.kms.katalon.core.webui.exception.WebElementNotFoundException: Web element with id: 'Object Repository/OCS-MOBILE /Age gate and burger menu/Dried Flower_Plus icon' located by 'By.xpath: //i[@ xpath = '/html[1]/body[1]/div[1]/header[1]/div[2]/div[1]/div[2]/div[1]/div[1]/div[1]/nav[1]/ul[1]/li[1]/div[1]/div[2]/ul[1]/li[1]/a[1]']' not found)
	at com.kms.katalon.core.keyword.internal.KeywordMain.stepFailed(KeywordMain.groovy:36)
	at com.kms.katalon.core.webui.keyword.internal.WebUIKeywordMain.stepFailed(WebUIKeywordMain.groovy:65)
	at com.kms.katalon.core.webui.keyword.internal.WebUIKeywordMain.runKeyword(WebUIKeywordMain.groovy:27)
	at com.kms.katalon.core.webui.keyword.builtin.ClickKeyword.click(ClickKeyword.groovy:86)
	at com.kms.katalon.core.webui.keyword.builtin.ClickKeyword.execute(ClickKeyword.groovy:67)
	at com.kms.katalon.core.keyword.internal.KeywordExecutor.executeKeywordForPlatform(KeywordExecutor.groovy:53)
	at com.kms.katalon.core.webui.keyword.WebUiBuiltInKeywords.click(WebUiBuiltInKeywords.groovy:616)
	at com.kms.katalon.core.webui.keyword.WebUiBuiltInKeywords$click$4.call(Unknown Source)
	at CALL - PDP.run(CALL - PDP:55)
	at com.kms.katalon.core.main.ScriptEngine.run(ScriptEngine.java:194)
	at com.kms.katalon.core.main.ScriptEngine.runScriptAsRawText(ScriptEngine.java:119)
	at com.kms.katalon.core.main.TestCaseExecutor.runScript(TestCaseExecutor.java:328)
	at com.kms.katalon.core.main.TestCaseExecutor.doExecute(TestCaseExecutor.java:319)
	at com.kms.katalon.core.main.TestCaseExecutor.processExecutionPhase(TestCaseExecutor.java:298)
	at com.kms.katalon.core.main.TestCaseExecutor.accessMainPhase(TestCaseExecutor.java:290)
	at com.kms.katalon.core.main.TestCaseExecutor.execute(TestCaseExecutor.java:224)
	at com.kms.katalon.core.main.TestCaseMain.runTestCase(TestCaseMain.java:106)
	at com.kms.katalon.core.keyword.builtin.CallTestCaseKeyword$_callTestCase_closure1.doCall(CallTestCaseKeyword.groovy:59)
	at com.kms.katalon.core.keyword.builtin.CallTestCaseKeyword$_callTestCase_closure1.call(CallTestCaseKeyword.groovy)
	at com.kms.katalon.core.keyword.internal.KeywordMain.runKeyword(KeywordMain.groovy:54)
	at com.kms.katalon.core.keyword.builtin.CallTestCaseKeyword.callTestCase(CallTestCaseKeyword.groovy:80)
	at com.kms.katalon.core.keyword.builtin.CallTestCaseKeyword.execute(CallTestCaseKeyword.groovy:44)
	at com.kms.katalon.core.keyword.internal.KeywordExecutor.executeKeywordForPlatform(KeywordExecutor.groovy:53)
	at com.kms.katalon.core.keyword.BuiltinKeywords.callTestCase(BuiltinKeywords.groovy:334)
	at variants selector.run(variants selector:16)
	at com.kms.katalon.core.main.ScriptEngine.run(ScriptEngine.java:194)
	at com.kms.katalon.core.main.ScriptEngine.runScriptAsRawText(ScriptEngine.java:119)
	at com.kms.katalon.core.main.TestCaseExecutor.runScript(TestCaseExecutor.java:328)
	at com.kms.katalon.core.main.TestCaseExecutor.doExecute(TestCaseExecutor.java:319)
	at com.kms.katalon.core.main.TestCaseExecutor.processExecutionPhase(TestCaseExecutor.java:298)
	at com.kms.katalon.core.main.TestCaseExecutor.accessMainPhase(TestCaseExecutor.java:290)
	at com.kms.katalon.core.main.TestCaseExecutor.execute(TestCaseExecutor.java:224)
	at com.kms.katalon.core.main.TestSuiteExecutor.accessTestCaseMainPhase(TestSuiteExecutor.java:129)
	at com.kms.katalon.core.main.TestSuiteExecutor.accessTestSuiteMainPhase(TestSuiteExecutor.java:112)
	at com.kms.katalon.core.main.TestSuiteExecutor.execute(TestSuiteExecutor.java:81)
	at com.kms.katalon.core.main.TestCaseMain.startTestSuite(TestCaseMain.java:149)
	at com.kms.katalon.core.main.TestCaseMain$startTestSuite$0.call(Unknown Source)
	at TempTestSuite1561150248290.run(TempTestSuite1561150248290.groovy:36)


2019-06-21 17:19:45 - [MESSAGE][INFO] - Unable to find the element located by 'By.xpath: //i[@ xpath = '/html[1]/body[1]/div[1]/header[1]/div[2]/div[1]/div[2]/div[1]/div[1]/div[1]/nav[1]/ul[1]/li[1]/div[1]/div[2]/ul[1]/li[1]/a[1]']'. Please recheck the objects properties to make sure the desired element is located. 

2019-06-21 17:19:45 - [MESSAGE][FAILED] - Unable to click on object 'Object Repository/OCS-MOBILE /Age gate and burger menu/Dried Flower_Plus icon' (Root cause: com.kms.katalon.core.webui.exception.WebElementNotFoundException: Web element with id: 'Object Repository/OCS-MOBILE /Age gate and burger menu/Dried Flower_Plus icon' located by 'By.xpath: //i[@ xpath = '/html[1]/body[1]/div[1]/header[1]/div[2]/div[1]/div[2]/div[1]/div[1]/div[1]/nav[1]/ul[1]/li[1]/div[1]/div[2]/ul[1]/li[1]/a[1]']' not found)
[[ATTACHMENT|/Users/sumankompelly/Relative xpath-Mobile/Reports/OCS - 1.11.0/20190621_165048/1561151985556.png]]

2019-06-21 17:19:45 - [MESSAGE][FAILED] - click(findTestObject("OCS-MOBILE /Age gate and burger menu/Dried Flower_Plus icon")) FAILED.
Reason:
com.kms.katalon.core.exception.StepFailedException: Unable to click on object 'Object Repository/OCS-MOBILE /Age gate and burger menu/Dried Flower_Plus icon' (Root cause: com.kms.katalon.core.webui.exception.WebElementNotFoundException: Web element with id: 'Object Repository/OCS-MOBILE /Age gate and burger menu/Dried Flower_Plus icon' located by 'By.xpath: //i[@ xpath = '/html[1]/body[1]/div[1]/header[1]/div[2]/div[1]/div[2]/div[1]/div[1]/div[1]/nav[1]/ul[1]/li[1]/div[1]/div[2]/ul[1]/li[1]/a[1]']' not found)
	at com.kms.katalon.core.keyword.internal.KeywordMain.stepFailed(KeywordMain.groovy:36)
	at com.kms.katalon.core.webui.keyword.internal.WebUIKeywordMain.stepFailed(WebUIKeywordMain.groovy:65)
	at com.kms.katalon.core.webui.keyword.internal.WebUIKeywordMain.runKeyword(WebUIKeywordMain.groovy:27)
	at com.kms.katalon.core.webui.keyword.builtin.ClickKeyword.click(ClickKeyword.groovy:86)
	at com.kms.katalon.core.webui.keyword.builtin.ClickKeyword.execute(ClickKeyword.groovy:67)
	at com.kms.katalon.core.keyword.internal.KeywordExecutor.executeKeywordForPlatform(KeywordExecutor.groovy:53)
	at com.kms.katalon.core.webui.keyword.WebUiBuiltInKeywords.click(WebUiBuiltInKeywords.groovy:616)
	at com.kms.katalon.core.webui.keyword.WebUiBuiltInKeywords$click$4.call(Unknown Source)
	at CALL - PDP.run(CALL - PDP:55)
	at com.kms.katalon.core.main.ScriptEngine.run(ScriptEngine.java:194)
	at com.kms.katalon.core.main.ScriptEngine.runScriptAsRawText(ScriptEngine.java:119)
	at com.kms.katalon.core.main.TestCaseExecutor.runScript(TestCaseExecutor.java:328)
	at com.kms.katalon.core.main.TestCaseExecutor.doExecute(TestCaseExecutor.java:319)
	at com.kms.katalon.core.main.TestCaseExecutor.processExecutionPhase(TestCaseExecutor.java:298)
	at com.kms.katalon.core.main.TestCaseExecutor.accessMainPhase(TestCaseExecutor.java:290)
	at com.kms.katalon.core.main.TestCaseExecutor.execute(TestCaseExecutor.java:224)
	at com.kms.katalon.core.main.TestCaseMain.runTestCase(TestCaseMain.java:106)
	at com.kms.katalon.core.keyword.builtin.CallTestCaseKeyword$_callTestCase_closure1.doCall(CallTestCaseKeyword.groovy:59)
	at com.kms.katalon.core.keyword.builtin.CallTestCaseKeyword$_callTestCase_closure1.call(CallTestCaseKeyword.groovy)
	at com.kms.katalon.core.keyword.internal.KeywordMain.runKeyword(KeywordMain.groovy:54)
	at com.kms.katalon.core.keyword.builtin.CallTestCaseKeyword.callTestCase(CallTestCaseKeyword.groovy:80)
	at com.kms.katalon.core.keyword.builtin.CallTestCaseKeyword.execute(CallTestCaseKeyword.groovy:44)
	at com.kms.katalon.core.keyword.internal.KeywordExecutor.executeKeywordForPlatform(KeywordExecutor.groovy:53)
	at com.kms.katalon.core.keyword.BuiltinKeywords.callTestCase(BuiltinKeywords.groovy:334)
	at variants selector.run(variants selector:16)
	at com.kms.katalon.core.main.ScriptEngine.run(ScriptEngine.java:194)
	at com.kms.katalon.core.main.ScriptEngine.runScriptAsRawText(ScriptEngine.java:119)
	at com.kms.katalon.core.main.TestCaseExecutor.runScript(TestCaseExecutor.java:328)
	at com.kms.katalon.core.main.TestCaseExecutor.doExecute(TestCaseExecutor.java:319)
	at com.kms.katalon.core.main.TestCaseExecutor.processExecutionPhase(TestCaseExecutor.java:298)
	at com.kms.katalon.core.main.TestCaseExecutor.accessMainPhase(TestCaseExecutor.java:290)
	at com.kms.katalon.core.main.TestCaseExecutor.execute(TestCaseExecutor.java:224)
	at com.kms.katalon.core.main.TestSuiteExecutor.accessTestCaseMainPhase(TestSuiteExecutor.java:129)
	at com.kms.katalon.core.main.TestSuiteExecutor.accessTestSuiteMainPhase(TestSuiteExecutor.java:112)
	at com.kms.katalon.core.main.TestSuiteExecutor.execute(TestSuiteExecutor.java:81)
	at com.kms.katalon.core.main.TestCaseMain.startTestSuite(TestCaseMain.java:149)
	at com.kms.katalon.core.main.TestCaseMain$startTestSuite$0.call(Unknown Source)
	at TempTestSuite1561150248290.run(TempTestSuite1561150248290.groovy:36)


2019-06-21 17:19:45 - [MESSAGE][FAILED] - Unable to call Test Case 'Test Cases/OCS - MOBILE/CALL - PDP' (Root cause: com.kms.katalon.core.exception.StepFailedException: Call Test Case 'Test Cases/OCS - MOBILE/CALL - PDP' failed)

2019-06-21 17:19:45 - [MESSAGE][FAILED] - callTestCase(findTestCase("OCS - MOBILE/CALL - PDP"), [:], STOP_ON_FAILURE) FAILED.
Reason:
com.kms.katalon.core.exception.StepFailedException: Unable to click on object 'Object Repository/OCS-MOBILE /Age gate and burger menu/Dried Flower_Plus icon' (Root cause: com.kms.katalon.core.webui.exception.WebElementNotFoundException: Web element with id: 'Object Repository/OCS-MOBILE /Age gate and burger menu/Dried Flower_Plus icon' located by 'By.xpath: //i[@ xpath = '/html[1]/body[1]/div[1]/header[1]/div[2]/div[1]/div[2]/div[1]/div[1]/div[1]/nav[1]/ul[1]/li[1]/div[1]/div[2]/ul[1]/li[1]/a[1]']' not found)
	at com.kms.katalon.core.keyword.internal.KeywordMain.stepFailed(KeywordMain.groovy:36)
	at com.kms.katalon.core.webui.keyword.internal.WebUIKeywordMain.stepFailed(WebUIKeywordMain.groovy:65)
	at com.kms.katalon.core.webui.keyword.internal.WebUIKeywordMain.runKeyword(WebUIKeywordMain.groovy:27)
	at com.kms.katalon.core.webui.keyword.builtin.ClickKeyword.click(ClickKeyword.groovy:86)
	at com.kms.katalon.core.webui.keyword.builtin.ClickKeyword.execute(ClickKeyword.groovy:67)
	at com.kms.katalon.core.keyword.internal.KeywordExecutor.executeKeywordForPlatform(KeywordExecutor.groovy:53)
	at com.kms.katalon.core.webui.keyword.WebUiBuiltInKeywords.click(WebUiBuiltInKeywords.groovy:616)
	at com.kms.katalon.core.webui.keyword.WebUiBuiltInKeywords$click$4.call(Unknown Source)
	at CALL - PDP.run(CALL - PDP:55)
	at com.kms.katalon.core.main.ScriptEngine.run(ScriptEngine.java:194)
	at com.kms.katalon.core.main.ScriptEngine.runScriptAsRawText(ScriptEngine.java:119)
	at com.kms.katalon.core.main.TestCaseExecutor.runScript(TestCaseExecutor.java:328)
	at com.kms.katalon.core.main.TestCaseExecutor.doExecute(TestCaseExecutor.java:319)
	at com.kms.katalon.core.main.TestCaseExecutor.processExecutionPhase(TestCaseExecutor.java:298)
	at com.kms.katalon.core.main.TestCaseExecutor.accessMainPhase(TestCaseExecutor.java:290)
	at com.kms.katalon.core.main.TestCaseExecutor.execute(TestCaseExecutor.java:224)
	at com.kms.katalon.core.main.TestCaseMain.runTestCase(TestCaseMain.java:106)
	at com.kms.katalon.core.keyword.builtin.CallTestCaseKeyword$_callTestCase_closure1.doCall(CallTestCaseKeyword.groovy:59)
	at com.kms.katalon.core.keyword.builtin.CallTestCaseKeyword$_callTestCase_closure1.call(CallTestCaseKeyword.groovy)
	at com.kms.katalon.core.keyword.internal.KeywordMain.runKeyword(KeywordMain.groovy:54)
	at com.kms.katalon.core.keyword.builtin.CallTestCaseKeyword.callTestCase(CallTestCaseKeyword.groovy:80)
	at com.kms.katalon.core.keyword.builtin.CallTestCaseKeyword.execute(CallTestCaseKeyword.groovy:44)
	at com.kms.katalon.core.keyword.internal.KeywordExecutor.executeKeywordForPlatform(KeywordExecutor.groovy:53)
	at com.kms.katalon.core.keyword.BuiltinKeywords.callTestCase(BuiltinKeywords.groovy:334)
	at variants selector.run(variants selector:16)
	at com.kms.katalon.core.main.ScriptEngine.run(ScriptEngine.java:194)
	at com.kms.katalon.core.main.ScriptEngine.runScriptAsRawText(ScriptEngine.java:119)
	at com.kms.katalon.core.main.TestCaseExecutor.runScript(TestCaseExecutor.java:328)
	at com.kms.katalon.core.main.TestCaseExecutor.doExecute(TestCaseExecutor.java:319)
	at com.kms.katalon.core.main.TestCaseExecutor.processExecutionPhase(TestCaseExecutor.java:298)
	at com.kms.katalon.core.main.TestCaseExecutor.accessMainPhase(TestCaseExecutor.java:290)
	at com.kms.katalon.core.main.TestCaseExecutor.execute(TestCaseExecutor.java:224)
	at com.kms.katalon.core.main.TestSuiteExecutor.accessTestCaseMainPhase(TestSuiteExecutor.java:129)
	at com.kms.katalon.core.main.TestSuiteExecutor.accessTestSuiteMainPhase(TestSuiteExecutor.java:112)
	at com.kms.katalon.core.main.TestSuiteExecutor.execute(TestSuiteExecutor.java:81)
	at com.kms.katalon.core.main.TestCaseMain.startTestSuite(TestCaseMain.java:149)
	at com.kms.katalon.core.main.TestCaseMain$startTestSuite$0.call(Unknown Source)
	at TempTestSuite1561150248290.run(TempTestSuite1561150248290.groovy:36)]]></system-out>
         <system-err><![CDATA[2019-06-21 17:18:51 - [TEST_CASE][FAILED] - Test Cases/OCS - MOBILE/OCS- PRODUCT PAGE/variants selector: Test Cases/OCS - MOBILE/OCS- PRODUCT PAGE/variants selector FAILED.
Reason:
com.kms.katalon.core.exception.StepFailedException: Unable to click on object 'Object Repository/OCS-MOBILE /Age gate and burger menu/Dried Flower_Plus icon' (Root cause: com.kms.katalon.core.webui.exception.WebElementNotFoundException: Web element with id: 'Object Repository/OCS-MOBILE /Age gate and burger menu/Dried Flower_Plus icon' located by 'By.xpath: //i[@ xpath = '/html[1]/body[1]/div[1]/header[1]/div[2]/div[1]/div[2]/div[1]/div[1]/div[1]/nav[1]/ul[1]/li[1]/div[1]/div[2]/ul[1]/li[1]/a[1]']' not found)
	at com.kms.katalon.core.keyword.internal.KeywordMain.stepFailed(KeywordMain.groovy:36)
	at com.kms.katalon.core.webui.keyword.internal.WebUIKeywordMain.stepFailed(WebUIKeywordMain.groovy:65)
	at com.kms.katalon.core.webui.keyword.internal.WebUIKeywordMain.runKeyword(WebUIKeywordMain.groovy:27)
	at com.kms.katalon.core.webui.keyword.builtin.ClickKeyword.click(ClickKeyword.groovy:86)
	at com.kms.katalon.core.webui.keyword.builtin.ClickKeyword.execute(ClickKeyword.groovy:67)
	at com.kms.katalon.core.keyword.internal.KeywordExecutor.executeKeywordForPlatform(KeywordExecutor.groovy:53)
	at com.kms.katalon.core.webui.keyword.WebUiBuiltInKeywords.click(WebUiBuiltInKeywords.groovy:616)
	at com.kms.katalon.core.webui.keyword.WebUiBuiltInKeywords$click$4.call(Unknown Source)
	at CALL - PDP.run(CALL - PDP:55)
	at com.kms.katalon.core.main.ScriptEngine.run(ScriptEngine.java:194)
	at com.kms.katalon.core.main.ScriptEngine.runScriptAsRawText(ScriptEngine.java:119)
	at com.kms.katalon.core.main.TestCaseExecutor.runScript(TestCaseExecutor.java:328)
	at com.kms.katalon.core.main.TestCaseExecutor.doExecute(TestCaseExecutor.java:319)
	at com.kms.katalon.core.main.TestCaseExecutor.processExecutionPhase(TestCaseExecutor.java:298)
	at com.kms.katalon.core.main.TestCaseExecutor.accessMainPhase(TestCaseExecutor.java:290)
	at com.kms.katalon.core.main.TestCaseExecutor.execute(TestCaseExecutor.java:224)
	at com.kms.katalon.core.main.TestCaseMain.runTestCase(TestCaseMain.java:106)
	at com.kms.katalon.core.keyword.builtin.CallTestCaseKeyword$_callTestCase_closure1.doCall(CallTestCaseKeyword.groovy:59)
	at com.kms.katalon.core.keyword.builtin.CallTestCaseKeyword$_callTestCase_closure1.call(CallTestCaseKeyword.groovy)
	at com.kms.katalon.core.keyword.internal.KeywordMain.runKeyword(KeywordMain.groovy:54)
	at com.kms.katalon.core.keyword.builtin.CallTestCaseKeyword.callTestCase(CallTestCaseKeyword.groovy:80)
	at com.kms.katalon.core.keyword.builtin.CallTestCaseKeyword.execute(CallTestCaseKeyword.groovy:44)
	at com.kms.katalon.core.keyword.internal.KeywordExecutor.executeKeywordForPlatform(KeywordExecutor.groovy:53)
	at com.kms.katalon.core.keyword.BuiltinKeywords.callTestCase(BuiltinKeywords.groovy:334)
	at variants selector.run(variants selector:16)
	at com.kms.katalon.core.main.ScriptEngine.run(ScriptEngine.java:194)
	at com.kms.katalon.core.main.ScriptEngine.runScriptAsRawText(ScriptEngine.java:119)
	at com.kms.katalon.core.main.TestCaseExecutor.runScript(TestCaseExecutor.java:328)
	at com.kms.katalon.core.main.TestCaseExecutor.doExecute(TestCaseExecutor.java:319)
	at com.kms.katalon.core.main.TestCaseExecutor.processExecutionPhase(TestCaseExecutor.java:298)
	at com.kms.katalon.core.main.TestCaseExecutor.accessMainPhase(TestCaseExecutor.java:290)
	at com.kms.katalon.core.main.TestCaseExecutor.execute(TestCaseExecutor.java:224)
	at com.kms.katalon.core.main.TestSuiteExecutor.accessTestCaseMainPhase(TestSuiteExecutor.java:129)
	at com.kms.katalon.core.main.TestSuiteExecutor.accessTestSuiteMainPhase(TestSuiteExecutor.java:112)
	at com.kms.katalon.core.main.TestSuiteExecutor.execute(TestSuiteExecutor.java:81)
	at com.kms.katalon.core.main.TestCaseMain.startTestSuite(TestCaseMain.java:149)
	at com.kms.katalon.core.main.TestCaseMain$startTestSuite$0.call(Unknown Source)
	at TempTestSuite1561150248290.run(TempTestSuite1561150248290.groovy:36)]]></system-err>
      </testcase>
      <testcase name="Test Cases/OCS - MOBILE/OCS- PRODUCT PAGE/How to choose cannbis products" classname="Test Cases/OCS - MOBILE/OCS- PRODUCT PAGE/How to choose cannbis products" status="FAILED">
         <failure type="FAILED" message="Test Cases/OCS - MOBILE/OCS- PRODUCT PAGE/How to choose cannbis products FAILED.
Reason:
com.kms.katalon.core.exception.StepFailedException: Unable to click on object 'Object Repository/OCS-MOBILE /Age gate and burger menu/Dried Flower_Plus icon' (Root cause: com.kms.katalon.core.webui.exception.WebElementNotFoundException: Web element with id: 'Object Repository/OCS-MOBILE /Age gate and burger menu/Dried Flower_Plus icon' located by 'By.xpath: //i[@ xpath = '/html[1]/body[1]/div[1]/header[1]/div[2]/div[1]/div[2]/div[1]/div[1]/div[1]/nav[1]/ul[1]/li[1]/div[1]/div[2]/ul[1]/li[1]/a[1]']' not found)
	at com.kms.katalon.core.keyword.internal.KeywordMain.stepFailed(KeywordMain.groovy:36)
	at com.kms.katalon.core.webui.keyword.internal.WebUIKeywordMain.stepFailed(WebUIKeywordMain.groovy:65)
	at com.kms.katalon.core.webui.keyword.internal.WebUIKeywordMain.runKeyword(WebUIKeywordMain.groovy:27)
	at com.kms.katalon.core.webui.keyword.builtin.ClickKeyword.click(ClickKeyword.groovy:86)
	at com.kms.katalon.core.webui.keyword.builtin.ClickKeyword.execute(ClickKeyword.groovy:67)
	at com.kms.katalon.core.keyword.internal.KeywordExecutor.executeKeywordForPlatform(KeywordExecutor.groovy:53)
	at com.kms.katalon.core.webui.keyword.WebUiBuiltInKeywords.click(WebUiBuiltInKeywords.groovy:616)
	at com.kms.katalon.core.webui.keyword.WebUiBuiltInKeywords$click$4.call(Unknown Source)
	at CALL - PDP.run(CALL - PDP:55)
	at com.kms.katalon.core.main.ScriptEngine.run(ScriptEngine.java:194)
	at com.kms.katalon.core.main.ScriptEngine.runScriptAsRawText(ScriptEngine.java:119)
	at com.kms.katalon.core.main.TestCaseExecutor.runScript(TestCaseExecutor.java:328)
	at com.kms.katalon.core.main.TestCaseExecutor.doExecute(TestCaseExecutor.java:319)
	at com.kms.katalon.core.main.TestCaseExecutor.processExecutionPhase(TestCaseExecutor.java:298)
	at com.kms.katalon.core.main.TestCaseExecutor.accessMainPhase(TestCaseExecutor.java:290)
	at com.kms.katalon.core.main.TestCaseExecutor.execute(TestCaseExecutor.java:224)
	at com.kms.katalon.core.main.TestCaseMain.runTestCase(TestCaseMain.java:106)
	at com.kms.katalon.core.keyword.builtin.CallTestCaseKeyword$_callTestCase_closure1.doCall(CallTestCaseKeyword.groovy:59)
	at com.kms.katalon.core.keyword.builtin.CallTestCaseKeyword$_callTestCase_closure1.call(CallTestCaseKeyword.groovy)
	at com.kms.katalon.core.keyword.internal.KeywordMain.runKeyword(KeywordMain.groovy:54)
	at com.kms.katalon.core.keyword.builtin.CallTestCaseKeyword.callTestCase(CallTestCaseKeyword.groovy:80)
	at com.kms.katalon.core.keyword.builtin.CallTestCaseKeyword.execute(CallTestCaseKeyword.groovy:44)
	at com.kms.katalon.core.keyword.internal.KeywordExecutor.executeKeywordForPlatform(KeywordExecutor.groovy:53)
	at com.kms.katalon.core.keyword.BuiltinKeywords.callTestCase(BuiltinKeywords.groovy:334)
	at How to choose cannbis products.run(How to choose cannbis products:16)
	at com.kms.katalon.core.main.ScriptEngine.run(ScriptEngine.java:194)
	at com.kms.katalon.core.main.ScriptEngine.runScriptAsRawText(ScriptEngine.java:119)
	at com.kms.katalon.core.main.TestCaseExecutor.runScript(TestCaseExecutor.java:328)
	at com.kms.katalon.core.main.TestCaseExecutor.doExecute(TestCaseExecutor.java:319)
	at com.kms.katalon.core.main.TestCaseExecutor.processExecutionPhase(TestCaseExecutor.java:298)
	at com.kms.katalon.core.main.TestCaseExecutor.accessMainPhase(TestCaseExecutor.java:290)
	at com.kms.katalon.core.main.TestCaseExecutor.execute(TestCaseExecutor.java:224)
	at com.kms.katalon.core.main.TestSuiteExecutor.accessTestCaseMainPhase(TestSuiteExecutor.java:129)
	at com.kms.katalon.core.main.TestSuiteExecutor.accessTestSuiteMainPhase(TestSuiteExecutor.java:112)
	at com.kms.katalon.core.main.TestSuiteExecutor.execute(TestSuiteExecutor.java:81)
	at com.kms.katalon.core.main.TestCaseMain.startTestSuite(TestCaseMain.java:149)
	at com.kms.katalon.core.main.TestCaseMain$startTestSuite$0.call(Unknown Source)
	at TempTestSuite1561150248290.run(TempTestSuite1561150248290.groovy:36)
"/>
         <system-out><![CDATA[2019-06-21 17:19:45 - [TEST_CASE][FAILED] - Test Cases/OCS - MOBILE/OCS- PRODUCT PAGE/How to choose cannbis products: Test Cases/OCS - MOBILE/OCS- PRODUCT PAGE/How to choose cannbis products FAILED.
Reason:
com.kms.katalon.core.exception.StepFailedException: Unable to click on object 'Object Repository/OCS-MOBILE /Age gate and burger menu/Dried Flower_Plus icon' (Root cause: com.kms.katalon.core.webui.exception.WebElementNotFoundException: Web element with id: 'Object Repository/OCS-MOBILE /Age gate and burger menu/Dried Flower_Plus icon' located by 'By.xpath: //i[@ xpath = '/html[1]/body[1]/div[1]/header[1]/div[2]/div[1]/div[2]/div[1]/div[1]/div[1]/nav[1]/ul[1]/li[1]/div[1]/div[2]/ul[1]/li[1]/a[1]']' not found)
	at com.kms.katalon.core.keyword.internal.KeywordMain.stepFailed(KeywordMain.groovy:36)
	at com.kms.katalon.core.webui.keyword.internal.WebUIKeywordMain.stepFailed(WebUIKeywordMain.groovy:65)
	at com.kms.katalon.core.webui.keyword.internal.WebUIKeywordMain.runKeyword(WebUIKeywordMain.groovy:27)
	at com.kms.katalon.core.webui.keyword.builtin.ClickKeyword.click(ClickKeyword.groovy:86)
	at com.kms.katalon.core.webui.keyword.builtin.ClickKeyword.execute(ClickKeyword.groovy:67)
	at com.kms.katalon.core.keyword.internal.KeywordExecutor.executeKeywordForPlatform(KeywordExecutor.groovy:53)
	at com.kms.katalon.core.webui.keyword.WebUiBuiltInKeywords.click(WebUiBuiltInKeywords.groovy:616)
	at com.kms.katalon.core.webui.keyword.WebUiBuiltInKeywords$click$4.call(Unknown Source)
	at CALL - PDP.run(CALL - PDP:55)
	at com.kms.katalon.core.main.ScriptEngine.run(ScriptEngine.java:194)
	at com.kms.katalon.core.main.ScriptEngine.runScriptAsRawText(ScriptEngine.java:119)
	at com.kms.katalon.core.main.TestCaseExecutor.runScript(TestCaseExecutor.java:328)
	at com.kms.katalon.core.main.TestCaseExecutor.doExecute(TestCaseExecutor.java:319)
	at com.kms.katalon.core.main.TestCaseExecutor.processExecutionPhase(TestCaseExecutor.java:298)
	at com.kms.katalon.core.main.TestCaseExecutor.accessMainPhase(TestCaseExecutor.java:290)
	at com.kms.katalon.core.main.TestCaseExecutor.execute(TestCaseExecutor.java:224)
	at com.kms.katalon.core.main.TestCaseMain.runTestCase(TestCaseMain.java:106)
	at com.kms.katalon.core.keyword.builtin.CallTestCaseKeyword$_callTestCase_closure1.doCall(CallTestCaseKeyword.groovy:59)
	at com.kms.katalon.core.keyword.builtin.CallTestCaseKeyword$_callTestCase_closure1.call(CallTestCaseKeyword.groovy)
	at com.kms.katalon.core.keyword.internal.KeywordMain.runKeyword(KeywordMain.groovy:54)
	at com.kms.katalon.core.keyword.builtin.CallTestCaseKeyword.callTestCase(CallTestCaseKeyword.groovy:80)
	at com.kms.katalon.core.keyword.builtin.CallTestCaseKeyword.execute(CallTestCaseKeyword.groovy:44)
	at com.kms.katalon.core.keyword.internal.KeywordExecutor.executeKeywordForPlatform(KeywordExecutor.groovy:53)
	at com.kms.katalon.core.keyword.BuiltinKeywords.callTestCase(BuiltinKeywords.groovy:334)
	at How to choose cannbis products.run(How to choose cannbis products:16)
	at com.kms.katalon.core.main.ScriptEngine.run(ScriptEngine.java:194)
	at com.kms.katalon.core.main.ScriptEngine.runScriptAsRawText(ScriptEngine.java:119)
	at com.kms.katalon.core.main.TestCaseExecutor.runScript(TestCaseExecutor.java:328)
	at com.kms.katalon.core.main.TestCaseExecutor.doExecute(TestCaseExecutor.java:319)
	at com.kms.katalon.core.main.TestCaseExecutor.processExecutionPhase(TestCaseExecutor.java:298)
	at com.kms.katalon.core.main.TestCaseExecutor.accessMainPhase(TestCaseExecutor.java:290)
	at com.kms.katalon.core.main.TestCaseExecutor.execute(TestCaseExecutor.java:224)
	at com.kms.katalon.core.main.TestSuiteExecutor.accessTestCaseMainPhase(TestSuiteExecutor.java:129)
	at com.kms.katalon.core.main.TestSuiteExecutor.accessTestSuiteMainPhase(TestSuiteExecutor.java:112)
	at com.kms.katalon.core.main.TestSuiteExecutor.execute(TestSuiteExecutor.java:81)
	at com.kms.katalon.core.main.TestCaseMain.startTestSuite(TestCaseMain.java:149)
	at com.kms.katalon.core.main.TestCaseMain$startTestSuite$0.call(Unknown Source)
	at TempTestSuite1561150248290.run(TempTestSuite1561150248290.groovy:36)


2019-06-21 17:19:45 - [TEST_STEP][FAILED] - callTestCase(findTestCase("OCS - MOBILE/CALL - PDP"), [:], STOP_ON_FAILURE): callTestCase(findTestCase("OCS - MOBILE/CALL - PDP"), [:], STOP_ON_FAILURE) FAILED.
Reason:
com.kms.katalon.core.exception.StepFailedException: Unable to click on object 'Object Repository/OCS-MOBILE /Age gate and burger menu/Dried Flower_Plus icon' (Root cause: com.kms.katalon.core.webui.exception.WebElementNotFoundException: Web element with id: 'Object Repository/OCS-MOBILE /Age gate and burger menu/Dried Flower_Plus icon' located by 'By.xpath: //i[@ xpath = '/html[1]/body[1]/div[1]/header[1]/div[2]/div[1]/div[2]/div[1]/div[1]/div[1]/nav[1]/ul[1]/li[1]/div[1]/div[2]/ul[1]/li[1]/a[1]']' not found)
	at com.kms.katalon.core.keyword.internal.KeywordMain.stepFailed(KeywordMain.groovy:36)
	at com.kms.katalon.core.webui.keyword.internal.WebUIKeywordMain.stepFailed(WebUIKeywordMain.groovy:65)
	at com.kms.katalon.core.webui.keyword.internal.WebUIKeywordMain.runKeyword(WebUIKeywordMain.groovy:27)
	at com.kms.katalon.core.webui.keyword.builtin.ClickKeyword.click(ClickKeyword.groovy:86)
	at com.kms.katalon.core.webui.keyword.builtin.ClickKeyword.execute(ClickKeyword.groovy:67)
	at com.kms.katalon.core.keyword.internal.KeywordExecutor.executeKeywordForPlatform(KeywordExecutor.groovy:53)
	at com.kms.katalon.core.webui.keyword.WebUiBuiltInKeywords.click(WebUiBuiltInKeywords.groovy:616)
	at com.kms.katalon.core.webui.keyword.WebUiBuiltInKeywords$click$4.call(Unknown Source)
	at CALL - PDP.run(CALL - PDP:55)
	at com.kms.katalon.core.main.ScriptEngine.run(ScriptEngine.java:194)
	at com.kms.katalon.core.main.ScriptEngine.runScriptAsRawText(ScriptEngine.java:119)
	at com.kms.katalon.core.main.TestCaseExecutor.runScript(TestCaseExecutor.java:328)
	at com.kms.katalon.core.main.TestCaseExecutor.doExecute(TestCaseExecutor.java:319)
	at com.kms.katalon.core.main.TestCaseExecutor.processExecutionPhase(TestCaseExecutor.java:298)
	at com.kms.katalon.core.main.TestCaseExecutor.accessMainPhase(TestCaseExecutor.java:290)
	at com.kms.katalon.core.main.TestCaseExecutor.execute(TestCaseExecutor.java:224)
	at com.kms.katalon.core.main.TestCaseMain.runTestCase(TestCaseMain.java:106)
	at com.kms.katalon.core.keyword.builtin.CallTestCaseKeyword$_callTestCase_closure1.doCall(CallTestCaseKeyword.groovy:59)
	at com.kms.katalon.core.keyword.builtin.CallTestCaseKeyword$_callTestCase_closure1.call(CallTestCaseKeyword.groovy)
	at com.kms.katalon.core.keyword.internal.KeywordMain.runKeyword(KeywordMain.groovy:54)
	at com.kms.katalon.core.keyword.builtin.CallTestCaseKeyword.callTestCase(CallTestCaseKeyword.groovy:80)
	at com.kms.katalon.core.keyword.builtin.CallTestCaseKeyword.execute(CallTestCaseKeyword.groovy:44)
	at com.kms.katalon.core.keyword.internal.KeywordExecutor.executeKeywordForPlatform(KeywordExecutor.groovy:53)
	at com.kms.katalon.core.keyword.BuiltinKeywords.callTestCase(BuiltinKeywords.groovy:334)
	at How to choose cannbis products.run(How to choose cannbis products:16)
	at com.kms.katalon.core.main.ScriptEngine.run(ScriptEngine.java:194)
	at com.kms.katalon.core.main.ScriptEngine.runScriptAsRawText(ScriptEngine.java:119)
	at com.kms.katalon.core.main.TestCaseExecutor.runScript(TestCaseExecutor.java:328)
	at com.kms.katalon.core.main.TestCaseExecutor.doExecute(TestCaseExecutor.java:319)
	at com.kms.katalon.core.main.TestCaseExecutor.processExecutionPhase(TestCaseExecutor.java:298)
	at com.kms.katalon.core.main.TestCaseExecutor.accessMainPhase(TestCaseExecutor.java:290)
	at com.kms.katalon.core.main.TestCaseExecutor.execute(TestCaseExecutor.java:224)
	at com.kms.katalon.core.main.TestSuiteExecutor.accessTestCaseMainPhase(TestSuiteExecutor.java:129)
	at com.kms.katalon.core.main.TestSuiteExecutor.accessTestSuiteMainPhase(TestSuiteExecutor.java:112)
	at com.kms.katalon.core.main.TestSuiteExecutor.execute(TestSuiteExecutor.java:81)
	at com.kms.katalon.core.main.TestCaseMain.startTestSuite(TestCaseMain.java:149)
	at com.kms.katalon.core.main.TestCaseMain$startTestSuite$0.call(Unknown Source)
	at TempTestSuite1561150248290.run(TempTestSuite1561150248290.groovy:36)


2019-06-21 17:19:46 - [TEST_CASE][FAILED] - Test Cases/OCS - MOBILE/CALL - PDP: Test Cases/OCS - MOBILE/CALL - PDP FAILED.
Reason:
com.kms.katalon.core.exception.StepFailedException: Unable to click on object 'Object Repository/OCS-MOBILE /Age gate and burger menu/Dried Flower_Plus icon' (Root cause: com.kms.katalon.core.webui.exception.WebElementNotFoundException: Web element with id: 'Object Repository/OCS-MOBILE /Age gate and burger menu/Dried Flower_Plus icon' located by 'By.xpath: //i[@ xpath = '/html[1]/body[1]/div[1]/header[1]/div[2]/div[1]/div[2]/div[1]/div[1]/div[1]/nav[1]/ul[1]/li[1]/div[1]/div[2]/ul[1]/li[1]/a[1]']' not found)
	at com.kms.katalon.core.keyword.internal.KeywordMain.stepFailed(KeywordMain.groovy:36)
	at com.kms.katalon.core.webui.keyword.internal.WebUIKeywordMain.stepFailed(WebUIKeywordMain.groovy:65)
	at com.kms.katalon.core.webui.keyword.internal.WebUIKeywordMain.runKeyword(WebUIKeywordMain.groovy:27)
	at com.kms.katalon.core.webui.keyword.builtin.ClickKeyword.click(ClickKeyword.groovy:86)
	at com.kms.katalon.core.webui.keyword.builtin.ClickKeyword.execute(ClickKeyword.groovy:67)
	at com.kms.katalon.core.keyword.internal.KeywordExecutor.executeKeywordForPlatform(KeywordExecutor.groovy:53)
	at com.kms.katalon.core.webui.keyword.WebUiBuiltInKeywords.click(WebUiBuiltInKeywords.groovy:616)
	at com.kms.katalon.core.webui.keyword.WebUiBuiltInKeywords$click$4.call(Unknown Source)
	at CALL - PDP.run(CALL - PDP:55)
	at com.kms.katalon.core.main.ScriptEngine.run(ScriptEngine.java:194)
	at com.kms.katalon.core.main.ScriptEngine.runScriptAsRawText(ScriptEngine.java:119)
	at com.kms.katalon.core.main.TestCaseExecutor.runScript(TestCaseExecutor.java:328)
	at com.kms.katalon.core.main.TestCaseExecutor.doExecute(TestCaseExecutor.java:319)
	at com.kms.katalon.core.main.TestCaseExecutor.processExecutionPhase(TestCaseExecutor.java:298)
	at com.kms.katalon.core.main.TestCaseExecutor.accessMainPhase(TestCaseExecutor.java:290)
	at com.kms.katalon.core.main.TestCaseExecutor.execute(TestCaseExecutor.java:224)
	at com.kms.katalon.core.main.TestCaseMain.runTestCase(TestCaseMain.java:106)
	at com.kms.katalon.core.keyword.builtin.CallTestCaseKeyword$_callTestCase_closure1.doCall(CallTestCaseKeyword.groovy:59)
	at com.kms.katalon.core.keyword.builtin.CallTestCaseKeyword$_callTestCase_closure1.call(CallTestCaseKeyword.groovy)
	at com.kms.katalon.core.keyword.internal.KeywordMain.runKeyword(KeywordMain.groovy:54)
	at com.kms.katalon.core.keyword.builtin.CallTestCaseKeyword.callTestCase(CallTestCaseKeyword.groovy:80)
	at com.kms.katalon.core.keyword.builtin.CallTestCaseKeyword.execute(CallTestCaseKeyword.groovy:44)
	at com.kms.katalon.core.keyword.internal.KeywordExecutor.executeKeywordForPlatform(KeywordExecutor.groovy:53)
	at com.kms.katalon.core.keyword.BuiltinKeywords.callTestCase(BuiltinKeywords.groovy:334)
	at How to choose cannbis products.run(How to choose cannbis products:16)
	at com.kms.katalon.core.main.ScriptEngine.run(ScriptEngine.java:194)
	at com.kms.katalon.core.main.ScriptEngine.runScriptAsRawText(ScriptEngine.java:119)
	at com.kms.katalon.core.main.TestCaseExecutor.runScript(TestCaseExecutor.java:328)
	at com.kms.katalon.core.main.TestCaseExecutor.doExecute(TestCaseExecutor.java:319)
	at com.kms.katalon.core.main.TestCaseExecutor.processExecutionPhase(TestCaseExecutor.java:298)
	at com.kms.katalon.core.main.TestCaseExecutor.accessMainPhase(TestCaseExecutor.java:290)
	at com.kms.katalon.core.main.TestCaseExecutor.execute(TestCaseExecutor.java:224)
	at com.kms.katalon.core.main.TestSuiteExecutor.accessTestCaseMainPhase(TestSuiteExecutor.java:129)
	at com.kms.katalon.core.main.TestSuiteExecutor.accessTestSuiteMainPhase(TestSuiteExecutor.java:112)
	at com.kms.katalon.core.main.TestSuiteExecutor.execute(TestSuiteExecutor.java:81)
	at com.kms.katalon.core.main.TestCaseMain.startTestSuite(TestCaseMain.java:149)
	at com.kms.katalon.core.main.TestCaseMain$startTestSuite$0.call(Unknown Source)
	at TempTestSuite1561150248290.run(TempTestSuite1561150248290.groovy:36)


2019-06-21 17:19:46 - [TEST_STEP][PASSED] - openBrowser(""): Browser is opened with url: ''

2019-06-21 17:19:46 - [MESSAGE][WARNING] - A browser is already opened. Closing browser and opening a new one

2019-06-21 17:19:46 - [MESSAGE][INFO] - Starting 'Chrome' driver

2019-06-21 17:19:47 - [MESSAGE][PASSED] - Browser is opened with url: ''

2019-06-21 17:19:47 - [TEST_STEP][PASSED] - navigateToUrl("https://ocs.ca/?fts=0&preview_theme_id=74057975628"): Navigate to 'https://ocs.ca/?fts=0&preview_theme_id=74057975628' successfully

2019-06-21 17:19:52 - [MESSAGE][PASSED] - Navigate to 'https://ocs.ca/?fts=0&preview_theme_id=74057975628' successfully

2019-06-21 17:19:52 - [TEST_STEP][PASSED] - executeJavaScript("var previewBar = document.getElementById("preview-bar-iframe"); previewBar.style.display = "none";", []): Execute JavaScript 'var previewBar = document.getElementById("preview-bar-iframe"); previewBar.style.display = "none";' successfully

2019-06-21 17:19:52 - [MESSAGE][PASSED] - Execute JavaScript 'var previewBar = document.getElementById("preview-bar-iframe"); previewBar.style.display = "none";' successfully

2019-06-21 17:19:52 - [TEST_STEP][PASSED] - setViewPortSize(360, 800): Viewport is set to new size with width = 360 and height = 800

2019-06-21 17:19:52 - [MESSAGE][PASSED] - Viewport is set to new size with width = 360 and height = 800

2019-06-21 17:19:52 - [TEST_STEP][PASSED] - delay(4): Delayed 4 second(s)

2019-06-21 17:19:56 - [MESSAGE][PASSED] - Delayed 4 second(s)

2019-06-21 17:19:56 - [TEST_STEP][PASSED] - selectOptionByValue(findTestObject("OCS-MOBILE /Age gate and burger menu/Date"), "12", true): All options with value '12' are selected in object 'Object Repository/OCS-MOBILE /Age gate and burger menu/Date'  using regular expression

2019-06-21 17:19:56 - [MESSAGE][PASSED] - All options with value '12' are selected in object 'Object Repository/OCS-MOBILE /Age gate and burger menu/Date'  using regular expression

2019-06-21 17:19:56 - [TEST_STEP][PASSED] - selectOptionByValue(findTestObject("OCS-MOBILE /Age gate and burger menu/month"), "6", true): All options with value '6' are selected in object 'Object Repository/OCS-MOBILE /Age gate and burger menu/month'  using regular expression

2019-06-21 17:19:56 - [MESSAGE][PASSED] - All options with value '6' are selected in object 'Object Repository/OCS-MOBILE /Age gate and burger menu/month'  using regular expression

2019-06-21 17:19:56 - [TEST_STEP][PASSED] - delay(2): Delayed 2 second(s)

2019-06-21 17:19:58 - [MESSAGE][PASSED] - Delayed 2 second(s)

2019-06-21 17:19:58 - [TEST_STEP][PASSED] - selectOptionByValue(findTestObject("OCS-MOBILE /Age gate and burger menu/Year Dropdown"), "1990", true): All options with value '1990' are selected in object 'Object Repository/OCS-MOBILE /Age gate and burger menu/Year Dropdown'  using regular expression

2019-06-21 17:19:59 - [MESSAGE][PASSED] - All options with value '1990' are selected in object 'Object Repository/OCS-MOBILE /Age gate and burger menu/Year Dropdown'  using regular expression

2019-06-21 17:19:59 - [TEST_STEP][PASSED] - click(findTestObject("OCS-MOBILE /Age gate and Mega menu/button_Verify")): Object: 'Object Repository/OCS-MOBILE /Age gate and Mega menu/button_Verify' is clicked on

2019-06-21 17:19:59 - [MESSAGE][PASSED] - Object: 'Object Repository/OCS-MOBILE /Age gate and Mega menu/button_Verify' is clicked on

2019-06-21 17:19:59 - [TEST_STEP][PASSED] - click(findTestObject("OCS-MOBILE /Age gate and Mega menu/Checkbox_CONFIRM AND ACKNOWLEDGE")): Object: 'Object Repository/OCS-MOBILE /Age gate and Mega menu/Checkbox_CONFIRM AND ACKNOWLEDGE' is clicked on

2019-06-21 17:19:59 - [MESSAGE][PASSED] - Object: 'Object Repository/OCS-MOBILE /Age gate and Mega menu/Checkbox_CONFIRM AND ACKNOWLEDGE' is clicked on

2019-06-21 17:19:59 - [TEST_STEP][PASSED] - click(findTestObject("OCS-MOBILE /Age gate and Mega menu/button_CONFIRM")): Object: 'Object Repository/OCS-MOBILE /Age gate and Mega menu/button_CONFIRM' is clicked on

2019-06-21 17:19:59 - [MESSAGE][PASSED] - Object: 'Object Repository/OCS-MOBILE /Age gate and Mega menu/button_CONFIRM' is clicked on

2019-06-21 17:19:59 - [TEST_STEP][PASSED] - click(findTestObject("OCS-MOBILE /Age gate and Mega menu/button_Start Browsing")): Object: 'Object Repository/OCS-MOBILE /Age gate and Mega menu/button_Start Browsing' is clicked on

2019-06-21 17:20:00 - [MESSAGE][PASSED] - Object: 'Object Repository/OCS-MOBILE /Age gate and Mega menu/button_Start Browsing' is clicked on

2019-06-21 17:20:00 - [TEST_STEP][PASSED] - refresh(): Refresh successfully

2019-06-21 17:20:03 - [MESSAGE][PASSED] - Refresh successfully

2019-06-21 17:20:03 - [TEST_STEP][PASSED] - delay(2): Delayed 2 second(s)

2019-06-21 17:20:05 - [MESSAGE][PASSED] - Delayed 2 second(s)

2019-06-21 17:20:05 - [TEST_STEP][PASSED] - click(findTestObject("OCS-MOBILE /Age gate and burger menu/Burger menu - English")): Object: 'Object Repository/OCS-MOBILE /Age gate and burger menu/Burger menu - English' is clicked on

2019-06-21 17:20:05 - [MESSAGE][PASSED] - Object: 'Object Repository/OCS-MOBILE /Age gate and burger menu/Burger menu - English' is clicked on

2019-06-21 17:20:05 - [TEST_STEP][PASSED] - delay(2): Delayed 2 second(s)

2019-06-21 17:20:07 - [MESSAGE][PASSED] - Delayed 2 second(s)

2019-06-21 17:20:07 - [TEST_STEP][PASSED] - click(findTestObject("OCS-MOBILE /Age gate and burger menu/Chevron_Cannabis")): Object: 'Object Repository/OCS-MOBILE /Age gate and burger menu/Chevron_Cannabis' is clicked on

2019-06-21 17:20:07 - [MESSAGE][PASSED] - Object: 'Object Repository/OCS-MOBILE /Age gate and burger menu/Chevron_Cannabis' is clicked on

2019-06-21 17:20:07 - [TEST_STEP][PASSED] - delay(2): Delayed 2 second(s)

2019-06-21 17:20:09 - [MESSAGE][PASSED] - Delayed 2 second(s)

2019-06-21 17:20:09 - [TEST_STEP][FAILED] - click(findTestObject("OCS-MOBILE /Age gate and burger menu/Dried Flower_Plus icon")): click(findTestObject("OCS-MOBILE /Age gate and burger menu/Dried Flower_Plus icon")) FAILED.
Reason:
com.kms.katalon.core.exception.StepFailedException: Unable to click on object 'Object Repository/OCS-MOBILE /Age gate and burger menu/Dried Flower_Plus icon' (Root cause: com.kms.katalon.core.webui.exception.WebElementNotFoundException: Web element with id: 'Object Repository/OCS-MOBILE /Age gate and burger menu/Dried Flower_Plus icon' located by 'By.xpath: //i[@ xpath = '/html[1]/body[1]/div[1]/header[1]/div[2]/div[1]/div[2]/div[1]/div[1]/div[1]/nav[1]/ul[1]/li[1]/div[1]/div[2]/ul[1]/li[1]/a[1]']' not found)
	at com.kms.katalon.core.keyword.internal.KeywordMain.stepFailed(KeywordMain.groovy:36)
	at com.kms.katalon.core.webui.keyword.internal.WebUIKeywordMain.stepFailed(WebUIKeywordMain.groovy:65)
	at com.kms.katalon.core.webui.keyword.internal.WebUIKeywordMain.runKeyword(WebUIKeywordMain.groovy:27)
	at com.kms.katalon.core.webui.keyword.builtin.ClickKeyword.click(ClickKeyword.groovy:86)
	at com.kms.katalon.core.webui.keyword.builtin.ClickKeyword.execute(ClickKeyword.groovy:67)
	at com.kms.katalon.core.keyword.internal.KeywordExecutor.executeKeywordForPlatform(KeywordExecutor.groovy:53)
	at com.kms.katalon.core.webui.keyword.WebUiBuiltInKeywords.click(WebUiBuiltInKeywords.groovy:616)
	at com.kms.katalon.core.webui.keyword.WebUiBuiltInKeywords$click$4.call(Unknown Source)
	at CALL - PDP.run(CALL - PDP:55)
	at com.kms.katalon.core.main.ScriptEngine.run(ScriptEngine.java:194)
	at com.kms.katalon.core.main.ScriptEngine.runScriptAsRawText(ScriptEngine.java:119)
	at com.kms.katalon.core.main.TestCaseExecutor.runScript(TestCaseExecutor.java:328)
	at com.kms.katalon.core.main.TestCaseExecutor.doExecute(TestCaseExecutor.java:319)
	at com.kms.katalon.core.main.TestCaseExecutor.processExecutionPhase(TestCaseExecutor.java:298)
	at com.kms.katalon.core.main.TestCaseExecutor.accessMainPhase(TestCaseExecutor.java:290)
	at com.kms.katalon.core.main.TestCaseExecutor.execute(TestCaseExecutor.java:224)
	at com.kms.katalon.core.main.TestCaseMain.runTestCase(TestCaseMain.java:106)
	at com.kms.katalon.core.keyword.builtin.CallTestCaseKeyword$_callTestCase_closure1.doCall(CallTestCaseKeyword.groovy:59)
	at com.kms.katalon.core.keyword.builtin.CallTestCaseKeyword$_callTestCase_closure1.call(CallTestCaseKeyword.groovy)
	at com.kms.katalon.core.keyword.internal.KeywordMain.runKeyword(KeywordMain.groovy:54)
	at com.kms.katalon.core.keyword.builtin.CallTestCaseKeyword.callTestCase(CallTestCaseKeyword.groovy:80)
	at com.kms.katalon.core.keyword.builtin.CallTestCaseKeyword.execute(CallTestCaseKeyword.groovy:44)
	at com.kms.katalon.core.keyword.internal.KeywordExecutor.executeKeywordForPlatform(KeywordExecutor.groovy:53)
	at com.kms.katalon.core.keyword.BuiltinKeywords.callTestCase(BuiltinKeywords.groovy:334)
	at How to choose cannbis products.run(How to choose cannbis products:16)
	at com.kms.katalon.core.main.ScriptEngine.run(ScriptEngine.java:194)
	at com.kms.katalon.core.main.ScriptEngine.runScriptAsRawText(ScriptEngine.java:119)
	at com.kms.katalon.core.main.TestCaseExecutor.runScript(TestCaseExecutor.java:328)
	at com.kms.katalon.core.main.TestCaseExecutor.doExecute(TestCaseExecutor.java:319)
	at com.kms.katalon.core.main.TestCaseExecutor.processExecutionPhase(TestCaseExecutor.java:298)
	at com.kms.katalon.core.main.TestCaseExecutor.accessMainPhase(TestCaseExecutor.java:290)
	at com.kms.katalon.core.main.TestCaseExecutor.execute(TestCaseExecutor.java:224)
	at com.kms.katalon.core.main.TestSuiteExecutor.accessTestCaseMainPhase(TestSuiteExecutor.java:129)
	at com.kms.katalon.core.main.TestSuiteExecutor.accessTestSuiteMainPhase(TestSuiteExecutor.java:112)
	at com.kms.katalon.core.main.TestSuiteExecutor.execute(TestSuiteExecutor.java:81)
	at com.kms.katalon.core.main.TestCaseMain.startTestSuite(TestCaseMain.java:149)
	at com.kms.katalon.core.main.TestCaseMain$startTestSuite$0.call(Unknown Source)
	at TempTestSuite1561150248290.run(TempTestSuite1561150248290.groovy:36)


2019-06-21 17:20:40 - [MESSAGE][INFO] - Unable to find the element located by 'By.xpath: //i[@ xpath = '/html[1]/body[1]/div[1]/header[1]/div[2]/div[1]/div[2]/div[1]/div[1]/div[1]/nav[1]/ul[1]/li[1]/div[1]/div[2]/ul[1]/li[1]/a[1]']'. Please recheck the objects properties to make sure the desired element is located. 

2019-06-21 17:20:41 - [MESSAGE][FAILED] - Unable to click on object 'Object Repository/OCS-MOBILE /Age gate and burger menu/Dried Flower_Plus icon' (Root cause: com.kms.katalon.core.webui.exception.WebElementNotFoundException: Web element with id: 'Object Repository/OCS-MOBILE /Age gate and burger menu/Dried Flower_Plus icon' located by 'By.xpath: //i[@ xpath = '/html[1]/body[1]/div[1]/header[1]/div[2]/div[1]/div[2]/div[1]/div[1]/div[1]/nav[1]/ul[1]/li[1]/div[1]/div[2]/ul[1]/li[1]/a[1]']' not found)
[[ATTACHMENT|/Users/sumankompelly/Relative xpath-Mobile/Reports/OCS - 1.11.0/20190621_165048/1561152040524.png]]

2019-06-21 17:20:41 - [MESSAGE][FAILED] - click(findTestObject("OCS-MOBILE /Age gate and burger menu/Dried Flower_Plus icon")) FAILED.
Reason:
com.kms.katalon.core.exception.StepFailedException: Unable to click on object 'Object Repository/OCS-MOBILE /Age gate and burger menu/Dried Flower_Plus icon' (Root cause: com.kms.katalon.core.webui.exception.WebElementNotFoundException: Web element with id: 'Object Repository/OCS-MOBILE /Age gate and burger menu/Dried Flower_Plus icon' located by 'By.xpath: //i[@ xpath = '/html[1]/body[1]/div[1]/header[1]/div[2]/div[1]/div[2]/div[1]/div[1]/div[1]/nav[1]/ul[1]/li[1]/div[1]/div[2]/ul[1]/li[1]/a[1]']' not found)
	at com.kms.katalon.core.keyword.internal.KeywordMain.stepFailed(KeywordMain.groovy:36)
	at com.kms.katalon.core.webui.keyword.internal.WebUIKeywordMain.stepFailed(WebUIKeywordMain.groovy:65)
	at com.kms.katalon.core.webui.keyword.internal.WebUIKeywordMain.runKeyword(WebUIKeywordMain.groovy:27)
	at com.kms.katalon.core.webui.keyword.builtin.ClickKeyword.click(ClickKeyword.groovy:86)
	at com.kms.katalon.core.webui.keyword.builtin.ClickKeyword.execute(ClickKeyword.groovy:67)
	at com.kms.katalon.core.keyword.internal.KeywordExecutor.executeKeywordForPlatform(KeywordExecutor.groovy:53)
	at com.kms.katalon.core.webui.keyword.WebUiBuiltInKeywords.click(WebUiBuiltInKeywords.groovy:616)
	at com.kms.katalon.core.webui.keyword.WebUiBuiltInKeywords$click$4.call(Unknown Source)
	at CALL - PDP.run(CALL - PDP:55)
	at com.kms.katalon.core.main.ScriptEngine.run(ScriptEngine.java:194)
	at com.kms.katalon.core.main.ScriptEngine.runScriptAsRawText(ScriptEngine.java:119)
	at com.kms.katalon.core.main.TestCaseExecutor.runScript(TestCaseExecutor.java:328)
	at com.kms.katalon.core.main.TestCaseExecutor.doExecute(TestCaseExecutor.java:319)
	at com.kms.katalon.core.main.TestCaseExecutor.processExecutionPhase(TestCaseExecutor.java:298)
	at com.kms.katalon.core.main.TestCaseExecutor.accessMainPhase(TestCaseExecutor.java:290)
	at com.kms.katalon.core.main.TestCaseExecutor.execute(TestCaseExecutor.java:224)
	at com.kms.katalon.core.main.TestCaseMain.runTestCase(TestCaseMain.java:106)
	at com.kms.katalon.core.keyword.builtin.CallTestCaseKeyword$_callTestCase_closure1.doCall(CallTestCaseKeyword.groovy:59)
	at com.kms.katalon.core.keyword.builtin.CallTestCaseKeyword$_callTestCase_closure1.call(CallTestCaseKeyword.groovy)
	at com.kms.katalon.core.keyword.internal.KeywordMain.runKeyword(KeywordMain.groovy:54)
	at com.kms.katalon.core.keyword.builtin.CallTestCaseKeyword.callTestCase(CallTestCaseKeyword.groovy:80)
	at com.kms.katalon.core.keyword.builtin.CallTestCaseKeyword.execute(CallTestCaseKeyword.groovy:44)
	at com.kms.katalon.core.keyword.internal.KeywordExecutor.executeKeywordForPlatform(KeywordExecutor.groovy:53)
	at com.kms.katalon.core.keyword.BuiltinKeywords.callTestCase(BuiltinKeywords.groovy:334)
	at How to choose cannbis products.run(How to choose cannbis products:16)
	at com.kms.katalon.core.main.ScriptEngine.run(ScriptEngine.java:194)
	at com.kms.katalon.core.main.ScriptEngine.runScriptAsRawText(ScriptEngine.java:119)
	at com.kms.katalon.core.main.TestCaseExecutor.runScript(TestCaseExecutor.java:328)
	at com.kms.katalon.core.main.TestCaseExecutor.doExecute(TestCaseExecutor.java:319)
	at com.kms.katalon.core.main.TestCaseExecutor.processExecutionPhase(TestCaseExecutor.java:298)
	at com.kms.katalon.core.main.TestCaseExecutor.accessMainPhase(TestCaseExecutor.java:290)
	at com.kms.katalon.core.main.TestCaseExecutor.execute(TestCaseExecutor.java:224)
	at com.kms.katalon.core.main.TestSuiteExecutor.accessTestCaseMainPhase(TestSuiteExecutor.java:129)
	at com.kms.katalon.core.main.TestSuiteExecutor.accessTestSuiteMainPhase(TestSuiteExecutor.java:112)
	at com.kms.katalon.core.main.TestSuiteExecutor.execute(TestSuiteExecutor.java:81)
	at com.kms.katalon.core.main.TestCaseMain.startTestSuite(TestCaseMain.java:149)
	at com.kms.katalon.core.main.TestCaseMain$startTestSuite$0.call(Unknown Source)
	at TempTestSuite1561150248290.run(TempTestSuite1561150248290.groovy:36)


2019-06-21 17:20:41 - [MESSAGE][FAILED] - Unable to call Test Case 'Test Cases/OCS - MOBILE/CALL - PDP' (Root cause: com.kms.katalon.core.exception.StepFailedException: Call Test Case 'Test Cases/OCS - MOBILE/CALL - PDP' failed)

2019-06-21 17:20:41 - [MESSAGE][FAILED] - callTestCase(findTestCase("OCS - MOBILE/CALL - PDP"), [:], STOP_ON_FAILURE) FAILED.
Reason:
com.kms.katalon.core.exception.StepFailedException: Unable to click on object 'Object Repository/OCS-MOBILE /Age gate and burger menu/Dried Flower_Plus icon' (Root cause: com.kms.katalon.core.webui.exception.WebElementNotFoundException: Web element with id: 'Object Repository/OCS-MOBILE /Age gate and burger menu/Dried Flower_Plus icon' located by 'By.xpath: //i[@ xpath = '/html[1]/body[1]/div[1]/header[1]/div[2]/div[1]/div[2]/div[1]/div[1]/div[1]/nav[1]/ul[1]/li[1]/div[1]/div[2]/ul[1]/li[1]/a[1]']' not found)
	at com.kms.katalon.core.keyword.internal.KeywordMain.stepFailed(KeywordMain.groovy:36)
	at com.kms.katalon.core.webui.keyword.internal.WebUIKeywordMain.stepFailed(WebUIKeywordMain.groovy:65)
	at com.kms.katalon.core.webui.keyword.internal.WebUIKeywordMain.runKeyword(WebUIKeywordMain.groovy:27)
	at com.kms.katalon.core.webui.keyword.builtin.ClickKeyword.click(ClickKeyword.groovy:86)
	at com.kms.katalon.core.webui.keyword.builtin.ClickKeyword.execute(ClickKeyword.groovy:67)
	at com.kms.katalon.core.keyword.internal.KeywordExecutor.executeKeywordForPlatform(KeywordExecutor.groovy:53)
	at com.kms.katalon.core.webui.keyword.WebUiBuiltInKeywords.click(WebUiBuiltInKeywords.groovy:616)
	at com.kms.katalon.core.webui.keyword.WebUiBuiltInKeywords$click$4.call(Unknown Source)
	at CALL - PDP.run(CALL - PDP:55)
	at com.kms.katalon.core.main.ScriptEngine.run(ScriptEngine.java:194)
	at com.kms.katalon.core.main.ScriptEngine.runScriptAsRawText(ScriptEngine.java:119)
	at com.kms.katalon.core.main.TestCaseExecutor.runScript(TestCaseExecutor.java:328)
	at com.kms.katalon.core.main.TestCaseExecutor.doExecute(TestCaseExecutor.java:319)
	at com.kms.katalon.core.main.TestCaseExecutor.processExecutionPhase(TestCaseExecutor.java:298)
	at com.kms.katalon.core.main.TestCaseExecutor.accessMainPhase(TestCaseExecutor.java:290)
	at com.kms.katalon.core.main.TestCaseExecutor.execute(TestCaseExecutor.java:224)
	at com.kms.katalon.core.main.TestCaseMain.runTestCase(TestCaseMain.java:106)
	at com.kms.katalon.core.keyword.builtin.CallTestCaseKeyword$_callTestCase_closure1.doCall(CallTestCaseKeyword.groovy:59)
	at com.kms.katalon.core.keyword.builtin.CallTestCaseKeyword$_callTestCase_closure1.call(CallTestCaseKeyword.groovy)
	at com.kms.katalon.core.keyword.internal.KeywordMain.runKeyword(KeywordMain.groovy:54)
	at com.kms.katalon.core.keyword.builtin.CallTestCaseKeyword.callTestCase(CallTestCaseKeyword.groovy:80)
	at com.kms.katalon.core.keyword.builtin.CallTestCaseKeyword.execute(CallTestCaseKeyword.groovy:44)
	at com.kms.katalon.core.keyword.internal.KeywordExecutor.executeKeywordForPlatform(KeywordExecutor.groovy:53)
	at com.kms.katalon.core.keyword.BuiltinKeywords.callTestCase(BuiltinKeywords.groovy:334)
	at How to choose cannbis products.run(How to choose cannbis products:16)
	at com.kms.katalon.core.main.ScriptEngine.run(ScriptEngine.java:194)
	at com.kms.katalon.core.main.ScriptEngine.runScriptAsRawText(ScriptEngine.java:119)
	at com.kms.katalon.core.main.TestCaseExecutor.runScript(TestCaseExecutor.java:328)
	at com.kms.katalon.core.main.TestCaseExecutor.doExecute(TestCaseExecutor.java:319)
	at com.kms.katalon.core.main.TestCaseExecutor.processExecutionPhase(TestCaseExecutor.java:298)
	at com.kms.katalon.core.main.TestCaseExecutor.accessMainPhase(TestCaseExecutor.java:290)
	at com.kms.katalon.core.main.TestCaseExecutor.execute(TestCaseExecutor.java:224)
	at com.kms.katalon.core.main.TestSuiteExecutor.accessTestCaseMainPhase(TestSuiteExecutor.java:129)
	at com.kms.katalon.core.main.TestSuiteExecutor.accessTestSuiteMainPhase(TestSuiteExecutor.java:112)
	at com.kms.katalon.core.main.TestSuiteExecutor.execute(TestSuiteExecutor.java:81)
	at com.kms.katalon.core.main.TestCaseMain.startTestSuite(TestCaseMain.java:149)
	at com.kms.katalon.core.main.TestCaseMain$startTestSuite$0.call(Unknown Source)
	at TempTestSuite1561150248290.run(TempTestSuite1561150248290.groovy:36)]]></system-out>
         <system-err><![CDATA[2019-06-21 17:19:45 - [TEST_CASE][FAILED] - Test Cases/OCS - MOBILE/OCS- PRODUCT PAGE/How to choose cannbis products: Test Cases/OCS - MOBILE/OCS- PRODUCT PAGE/How to choose cannbis products FAILED.
Reason:
com.kms.katalon.core.exception.StepFailedException: Unable to click on object 'Object Repository/OCS-MOBILE /Age gate and burger menu/Dried Flower_Plus icon' (Root cause: com.kms.katalon.core.webui.exception.WebElementNotFoundException: Web element with id: 'Object Repository/OCS-MOBILE /Age gate and burger menu/Dried Flower_Plus icon' located by 'By.xpath: //i[@ xpath = '/html[1]/body[1]/div[1]/header[1]/div[2]/div[1]/div[2]/div[1]/div[1]/div[1]/nav[1]/ul[1]/li[1]/div[1]/div[2]/ul[1]/li[1]/a[1]']' not found)
	at com.kms.katalon.core.keyword.internal.KeywordMain.stepFailed(KeywordMain.groovy:36)
	at com.kms.katalon.core.webui.keyword.internal.WebUIKeywordMain.stepFailed(WebUIKeywordMain.groovy:65)
	at com.kms.katalon.core.webui.keyword.internal.WebUIKeywordMain.runKeyword(WebUIKeywordMain.groovy:27)
	at com.kms.katalon.core.webui.keyword.builtin.ClickKeyword.click(ClickKeyword.groovy:86)
	at com.kms.katalon.core.webui.keyword.builtin.ClickKeyword.execute(ClickKeyword.groovy:67)
	at com.kms.katalon.core.keyword.internal.KeywordExecutor.executeKeywordForPlatform(KeywordExecutor.groovy:53)
	at com.kms.katalon.core.webui.keyword.WebUiBuiltInKeywords.click(WebUiBuiltInKeywords.groovy:616)
	at com.kms.katalon.core.webui.keyword.WebUiBuiltInKeywords$click$4.call(Unknown Source)
	at CALL - PDP.run(CALL - PDP:55)
	at com.kms.katalon.core.main.ScriptEngine.run(ScriptEngine.java:194)
	at com.kms.katalon.core.main.ScriptEngine.runScriptAsRawText(ScriptEngine.java:119)
	at com.kms.katalon.core.main.TestCaseExecutor.runScript(TestCaseExecutor.java:328)
	at com.kms.katalon.core.main.TestCaseExecutor.doExecute(TestCaseExecutor.java:319)
	at com.kms.katalon.core.main.TestCaseExecutor.processExecutionPhase(TestCaseExecutor.java:298)
	at com.kms.katalon.core.main.TestCaseExecutor.accessMainPhase(TestCaseExecutor.java:290)
	at com.kms.katalon.core.main.TestCaseExecutor.execute(TestCaseExecutor.java:224)
	at com.kms.katalon.core.main.TestCaseMain.runTestCase(TestCaseMain.java:106)
	at com.kms.katalon.core.keyword.builtin.CallTestCaseKeyword$_callTestCase_closure1.doCall(CallTestCaseKeyword.groovy:59)
	at com.kms.katalon.core.keyword.builtin.CallTestCaseKeyword$_callTestCase_closure1.call(CallTestCaseKeyword.groovy)
	at com.kms.katalon.core.keyword.internal.KeywordMain.runKeyword(KeywordMain.groovy:54)
	at com.kms.katalon.core.keyword.builtin.CallTestCaseKeyword.callTestCase(CallTestCaseKeyword.groovy:80)
	at com.kms.katalon.core.keyword.builtin.CallTestCaseKeyword.execute(CallTestCaseKeyword.groovy:44)
	at com.kms.katalon.core.keyword.internal.KeywordExecutor.executeKeywordForPlatform(KeywordExecutor.groovy:53)
	at com.kms.katalon.core.keyword.BuiltinKeywords.callTestCase(BuiltinKeywords.groovy:334)
	at How to choose cannbis products.run(How to choose cannbis products:16)
	at com.kms.katalon.core.main.ScriptEngine.run(ScriptEngine.java:194)
	at com.kms.katalon.core.main.ScriptEngine.runScriptAsRawText(ScriptEngine.java:119)
	at com.kms.katalon.core.main.TestCaseExecutor.runScript(TestCaseExecutor.java:328)
	at com.kms.katalon.core.main.TestCaseExecutor.doExecute(TestCaseExecutor.java:319)
	at com.kms.katalon.core.main.TestCaseExecutor.processExecutionPhase(TestCaseExecutor.java:298)
	at com.kms.katalon.core.main.TestCaseExecutor.accessMainPhase(TestCaseExecutor.java:290)
	at com.kms.katalon.core.main.TestCaseExecutor.execute(TestCaseExecutor.java:224)
	at com.kms.katalon.core.main.TestSuiteExecutor.accessTestCaseMainPhase(TestSuiteExecutor.java:129)
	at com.kms.katalon.core.main.TestSuiteExecutor.accessTestSuiteMainPhase(TestSuiteExecutor.java:112)
	at com.kms.katalon.core.main.TestSuiteExecutor.execute(TestSuiteExecutor.java:81)
	at com.kms.katalon.core.main.TestCaseMain.startTestSuite(TestCaseMain.java:149)
	at com.kms.katalon.core.main.TestCaseMain$startTestSuite$0.call(Unknown Source)
	at TempTestSuite1561150248290.run(TempTestSuite1561150248290.groovy:36)]]></system-err>
      </testcase>
      <testcase name="Test Cases/OCS - MOBILE/OCS-AGE GATE/AG- Under Age" classname="Test Cases/OCS - MOBILE/OCS-AGE GATE/AG- Under Age" status="FAILED">
         <failure type="FAILED" message="Test Cases/OCS - MOBILE/OCS-AGE GATE/AG- Under Age FAILED.
Reason:
com.kms.katalon.core.exception.StepFailedException: Unable to click on object 'Object Repository/OCS-MOBILE /Age gate and burger menu/button_Verify' (Root cause: org.openqa.selenium.WebDriverException: unknown error: Element &lt;button type=&quot;submit&quot; data-hover=&quot;fade&quot; aria-pressed=&quot;false&quot; class=&quot;btn btn--outline&quot;>...&lt;/button> is not clickable at point (592, 672). Other element would receive the click: &lt;iframe title=&quot;Preview Bar&quot; id=&quot;preview-bar-iframe&quot; src=&quot;https://ocs.ca/preview_bar&quot; sandbox=&quot;allow-same-origin allow-scripts&quot; style=&quot;position: fixed; bottom: 0px; left: 0px; z-index: 2147483647; width: 100%; border: none; box-shadow: rgba(0, 0, 0, 0.2) 0px -1px 3px; overflow: hidden; transform: translateY(0px); transition: transform 300ms ease 0s; height: 60px;&quot;>&lt;/iframe>
  (Session info: chrome=75.0.3770.100)
  (Driver info: chromedriver=2.43.600229 (3fae4d0cda5334b4f533bede5a4787f7b832d052),platform=Mac OS X 10.13.6 x86_64) (WARNING: The server did not provide any stacktrace information)
Command duration or timeout: 0 milliseconds
Build info: version: '3.7.1', revision: '8a0099a', time: '2017-11-06T21:07:36.161Z'
System info: host: 'sumans-MacBook-Pro.local', ip: '2601:87:0:879f:0:0:0:1e84%en0', os.name: 'Mac OS X', os.arch: 'x86_64', os.version: '10.13.6', java.version: '1.8.0_181'
Driver info: com.kms.katalon.selenium.driver.CChromeDriver
Capabilities {acceptInsecureCerts: false, acceptSslCerts: false, applicationCacheEnabled: false, browserConnectionEnabled: false, browserName: chrome, chrome: {chromedriverVersion: 2.43.600229 (3fae4d0cda5334..., userDataDir: /var/folders/1t/c55l8xzs6gq...}, cssSelectorsEnabled: true, databaseEnabled: false, goog:chromeOptions: {debuggerAddress: localhost:56367}, handlesAlerts: true, hasTouchScreen: false, javascriptEnabled: true, locationContextEnabled: true, mobileEmulationEnabled: false, nativeEvents: true, networkConnectionEnabled: false, pageLoadStrategy: normal, platform: MAC, platformName: MAC, rotatable: false, setWindowRect: true, takesHeapSnapshot: true, takesScreenshot: true, unexpectedAlertBehaviour: , unhandledPromptBehavior: , version: 75.0.3770.100, webStorageEnabled: true}
Session ID: 81e7ef2e6ecc0c35f575b4bad201b1b4)
	at com.kms.katalon.core.keyword.internal.KeywordMain.stepFailed(KeywordMain.groovy:36)
	at com.kms.katalon.core.webui.keyword.internal.WebUIKeywordMain.stepFailed(WebUIKeywordMain.groovy:65)
	at com.kms.katalon.core.webui.keyword.internal.WebUIKeywordMain.runKeyword(WebUIKeywordMain.groovy:27)
	at com.kms.katalon.core.webui.keyword.builtin.ClickKeyword.click(ClickKeyword.groovy:86)
	at com.kms.katalon.core.webui.keyword.builtin.ClickKeyword.execute(ClickKeyword.groovy:67)
	at com.kms.katalon.core.keyword.internal.KeywordExecutor.executeKeywordForPlatform(KeywordExecutor.groovy:53)
	at com.kms.katalon.core.webui.keyword.WebUiBuiltInKeywords.click(WebUiBuiltInKeywords.groovy:616)
	at com.kms.katalon.core.webui.keyword.WebUiBuiltInKeywords$click$4.call(Unknown Source)
	at AG- Under Age.run(AG- Under Age:35)
	at com.kms.katalon.core.main.ScriptEngine.run(ScriptEngine.java:194)
	at com.kms.katalon.core.main.ScriptEngine.runScriptAsRawText(ScriptEngine.java:119)
	at com.kms.katalon.core.main.TestCaseExecutor.runScript(TestCaseExecutor.java:328)
	at com.kms.katalon.core.main.TestCaseExecutor.doExecute(TestCaseExecutor.java:319)
	at com.kms.katalon.core.main.TestCaseExecutor.processExecutionPhase(TestCaseExecutor.java:298)
	at com.kms.katalon.core.main.TestCaseExecutor.accessMainPhase(TestCaseExecutor.java:290)
	at com.kms.katalon.core.main.TestCaseExecutor.execute(TestCaseExecutor.java:224)
	at com.kms.katalon.core.main.TestSuiteExecutor.accessTestCaseMainPhase(TestSuiteExecutor.java:129)
	at com.kms.katalon.core.main.TestSuiteExecutor.accessTestSuiteMainPhase(TestSuiteExecutor.java:112)
	at com.kms.katalon.core.main.TestSuiteExecutor.execute(TestSuiteExecutor.java:81)
	at com.kms.katalon.core.main.TestCaseMain.startTestSuite(TestCaseMain.java:149)
	at com.kms.katalon.core.main.TestCaseMain$startTestSuite$0.call(Unknown Source)
	at TempTestSuite1561150248290.run(TempTestSuite1561150248290.groovy:36)
"/>
         <system-out><![CDATA[2019-06-21 17:20:41 - [TEST_CASE][FAILED] - Test Cases/OCS - MOBILE/OCS-AGE GATE/AG- Under Age: Test Cases/OCS - MOBILE/OCS-AGE GATE/AG- Under Age FAILED.
Reason:
com.kms.katalon.core.exception.StepFailedException: Unable to click on object 'Object Repository/OCS-MOBILE /Age gate and burger menu/button_Verify' (Root cause: org.openqa.selenium.WebDriverException: unknown error: Element <button type="submit" data-hover="fade" aria-pressed="false" class="btn btn--outline">...</button> is not clickable at point (592, 672). Other element would receive the click: <iframe title="Preview Bar" id="preview-bar-iframe" src="https://ocs.ca/preview_bar" sandbox="allow-same-origin allow-scripts" style="position: fixed; bottom: 0px; left: 0px; z-index: 2147483647; width: 100%; border: none; box-shadow: rgba(0, 0, 0, 0.2) 0px -1px 3px; overflow: hidden; transform: translateY(0px); transition: transform 300ms ease 0s; height: 60px;"></iframe>
  (Session info: chrome=75.0.3770.100)
  (Driver info: chromedriver=2.43.600229 (3fae4d0cda5334b4f533bede5a4787f7b832d052),platform=Mac OS X 10.13.6 x86_64) (WARNING: The server did not provide any stacktrace information)
Command duration or timeout: 0 milliseconds
Build info: version: '3.7.1', revision: '8a0099a', time: '2017-11-06T21:07:36.161Z'
System info: host: 'sumans-MacBook-Pro.local', ip: '2601:87:0:879f:0:0:0:1e84%en0', os.name: 'Mac OS X', os.arch: 'x86_64', os.version: '10.13.6', java.version: '1.8.0_181'
Driver info: com.kms.katalon.selenium.driver.CChromeDriver
Capabilities {acceptInsecureCerts: false, acceptSslCerts: false, applicationCacheEnabled: false, browserConnectionEnabled: false, browserName: chrome, chrome: {chromedriverVersion: 2.43.600229 (3fae4d0cda5334..., userDataDir: /var/folders/1t/c55l8xzs6gq...}, cssSelectorsEnabled: true, databaseEnabled: false, goog:chromeOptions: {debuggerAddress: localhost:56367}, handlesAlerts: true, hasTouchScreen: false, javascriptEnabled: true, locationContextEnabled: true, mobileEmulationEnabled: false, nativeEvents: true, networkConnectionEnabled: false, pageLoadStrategy: normal, platform: MAC, platformName: MAC, rotatable: false, setWindowRect: true, takesHeapSnapshot: true, takesScreenshot: true, unexpectedAlertBehaviour: , unhandledPromptBehavior: , version: 75.0.3770.100, webStorageEnabled: true}
Session ID: 81e7ef2e6ecc0c35f575b4bad201b1b4)
	at com.kms.katalon.core.keyword.internal.KeywordMain.stepFailed(KeywordMain.groovy:36)
	at com.kms.katalon.core.webui.keyword.internal.WebUIKeywordMain.stepFailed(WebUIKeywordMain.groovy:65)
	at com.kms.katalon.core.webui.keyword.internal.WebUIKeywordMain.runKeyword(WebUIKeywordMain.groovy:27)
	at com.kms.katalon.core.webui.keyword.builtin.ClickKeyword.click(ClickKeyword.groovy:86)
	at com.kms.katalon.core.webui.keyword.builtin.ClickKeyword.execute(ClickKeyword.groovy:67)
	at com.kms.katalon.core.keyword.internal.KeywordExecutor.executeKeywordForPlatform(KeywordExecutor.groovy:53)
	at com.kms.katalon.core.webui.keyword.WebUiBuiltInKeywords.click(WebUiBuiltInKeywords.groovy:616)
	at com.kms.katalon.core.webui.keyword.WebUiBuiltInKeywords$click$4.call(Unknown Source)
	at AG- Under Age.run(AG- Under Age:35)
	at com.kms.katalon.core.main.ScriptEngine.run(ScriptEngine.java:194)
	at com.kms.katalon.core.main.ScriptEngine.runScriptAsRawText(ScriptEngine.java:119)
	at com.kms.katalon.core.main.TestCaseExecutor.runScript(TestCaseExecutor.java:328)
	at com.kms.katalon.core.main.TestCaseExecutor.doExecute(TestCaseExecutor.java:319)
	at com.kms.katalon.core.main.TestCaseExecutor.processExecutionPhase(TestCaseExecutor.java:298)
	at com.kms.katalon.core.main.TestCaseExecutor.accessMainPhase(TestCaseExecutor.java:290)
	at com.kms.katalon.core.main.TestCaseExecutor.execute(TestCaseExecutor.java:224)
	at com.kms.katalon.core.main.TestSuiteExecutor.accessTestCaseMainPhase(TestSuiteExecutor.java:129)
	at com.kms.katalon.core.main.TestSuiteExecutor.accessTestSuiteMainPhase(TestSuiteExecutor.java:112)
	at com.kms.katalon.core.main.TestSuiteExecutor.execute(TestSuiteExecutor.java:81)
	at com.kms.katalon.core.main.TestCaseMain.startTestSuite(TestCaseMain.java:149)
	at com.kms.katalon.core.main.TestCaseMain$startTestSuite$0.call(Unknown Source)
	at TempTestSuite1561150248290.run(TempTestSuite1561150248290.groovy:36)


2019-06-21 17:20:41 - [TEST_STEP][PASSED] - openBrowser(""): Browser is opened with url: ''

2019-06-21 17:20:41 - [MESSAGE][WARNING] - A browser is already opened. Closing browser and opening a new one

2019-06-21 17:20:41 - [MESSAGE][INFO] - Starting 'Chrome' driver

2019-06-21 17:20:42 - [MESSAGE][PASSED] - Browser is opened with url: ''

2019-06-21 17:20:42 - [TEST_STEP][PASSED] - navigateToUrl("https://ocs.ca/?fts=0&preview_theme_id=53376026444"): Navigate to 'https://ocs.ca/?fts=0&preview_theme_id=53376026444' successfully

2019-06-21 17:20:47 - [MESSAGE][PASSED] - Navigate to 'https://ocs.ca/?fts=0&preview_theme_id=53376026444' successfully

2019-06-21 17:20:47 - [TEST_STEP][NOT_RUN] - executeJavaScript("var previewBar = document.getElementById("preview-bar-iframe"); previewBar.style.display = "none";", []): NOT_RUN: executeJavaScript("var previewBar = document.getElementById("preview-bar-iframe"); previewBar.style.display = "none";", [])

2019-06-21 17:20:47 - [MESSAGE][NOT_RUN] - NOT_RUN: executeJavaScript("var previewBar = document.getElementById("preview-bar-iframe"); previewBar.style.display = "none";", [])

2019-06-21 17:20:47 - [TEST_STEP][PASSED] - setViewPortSize(360, 800): Viewport is set to new size with width = 360 and height = 800

2019-06-21 17:20:47 - [MESSAGE][PASSED] - Viewport is set to new size with width = 360 and height = 800

2019-06-21 17:20:47 - [TEST_STEP][PASSED] - delay(4): Delayed 4 second(s)

2019-06-21 17:20:51 - [MESSAGE][PASSED] - Delayed 4 second(s)

2019-06-21 17:20:51 - [TEST_STEP][PASSED] - selectOptionByValue(findTestObject("OCS-MOBILE /Age gate and Mega menu/Date"), "12", true): All options with value '12' are selected in object 'Object Repository/OCS-MOBILE /Age gate and Mega menu/Date'  using regular expression

2019-06-21 17:20:51 - [MESSAGE][PASSED] - All options with value '12' are selected in object 'Object Repository/OCS-MOBILE /Age gate and Mega menu/Date'  using regular expression

2019-06-21 17:20:51 - [TEST_STEP][PASSED] - selectOptionByValue(findTestObject("OCS-MOBILE /Age gate and Mega menu/month"), "6", true): All options with value '6' are selected in object 'Object Repository/OCS-MOBILE /Age gate and Mega menu/month'  using regular expression

2019-06-21 17:20:51 - [MESSAGE][PASSED] - All options with value '6' are selected in object 'Object Repository/OCS-MOBILE /Age gate and Mega menu/month'  using regular expression

2019-06-21 17:20:51 - [TEST_STEP][PASSED] - delay(2): Delayed 2 second(s)

2019-06-21 17:20:53 - [MESSAGE][PASSED] - Delayed 2 second(s)

2019-06-21 17:20:53 - [TEST_STEP][PASSED] - selectOptionByValue(findTestObject("OCS-MOBILE /Age gate and Mega menu/Year Dropdown"), "2017", true): All options with value '2017' are selected in object 'Object Repository/OCS-MOBILE /Age gate and Mega menu/Year Dropdown'  using regular expression

2019-06-21 17:20:54 - [MESSAGE][PASSED] - All options with value '2017' are selected in object 'Object Repository/OCS-MOBILE /Age gate and Mega menu/Year Dropdown'  using regular expression

2019-06-21 17:20:54 - [TEST_STEP][FAILED] - click(findTestObject("OCS-MOBILE /Age gate and burger menu/button_Verify")): click(findTestObject("OCS-MOBILE /Age gate and burger menu/button_Verify")) FAILED.
Reason:
com.kms.katalon.core.exception.StepFailedException: Unable to click on object 'Object Repository/OCS-MOBILE /Age gate and burger menu/button_Verify' (Root cause: org.openqa.selenium.WebDriverException: unknown error: Element <button type="submit" data-hover="fade" aria-pressed="false" class="btn btn--outline">...</button> is not clickable at point (592, 672). Other element would receive the click: <iframe title="Preview Bar" id="preview-bar-iframe" src="https://ocs.ca/preview_bar" sandbox="allow-same-origin allow-scripts" style="position: fixed; bottom: 0px; left: 0px; z-index: 2147483647; width: 100%; border: none; box-shadow: rgba(0, 0, 0, 0.2) 0px -1px 3px; overflow: hidden; transform: translateY(0px); transition: transform 300ms ease 0s; height: 60px;"></iframe>
  (Session info: chrome=75.0.3770.100)
  (Driver info: chromedriver=2.43.600229 (3fae4d0cda5334b4f533bede5a4787f7b832d052),platform=Mac OS X 10.13.6 x86_64) (WARNING: The server did not provide any stacktrace information)
Command duration or timeout: 0 milliseconds
Build info: version: '3.7.1', revision: '8a0099a', time: '2017-11-06T21:07:36.161Z'
System info: host: 'sumans-MacBook-Pro.local', ip: '2601:87:0:879f:0:0:0:1e84%en0', os.name: 'Mac OS X', os.arch: 'x86_64', os.version: '10.13.6', java.version: '1.8.0_181'
Driver info: com.kms.katalon.selenium.driver.CChromeDriver
Capabilities {acceptInsecureCerts: false, acceptSslCerts: false, applicationCacheEnabled: false, browserConnectionEnabled: false, browserName: chrome, chrome: {chromedriverVersion: 2.43.600229 (3fae4d0cda5334..., userDataDir: /var/folders/1t/c55l8xzs6gq...}, cssSelectorsEnabled: true, databaseEnabled: false, goog:chromeOptions: {debuggerAddress: localhost:56367}, handlesAlerts: true, hasTouchScreen: false, javascriptEnabled: true, locationContextEnabled: true, mobileEmulationEnabled: false, nativeEvents: true, networkConnectionEnabled: false, pageLoadStrategy: normal, platform: MAC, platformName: MAC, rotatable: false, setWindowRect: true, takesHeapSnapshot: true, takesScreenshot: true, unexpectedAlertBehaviour: , unhandledPromptBehavior: , version: 75.0.3770.100, webStorageEnabled: true}
Session ID: 81e7ef2e6ecc0c35f575b4bad201b1b4)
	at com.kms.katalon.core.keyword.internal.KeywordMain.stepFailed(KeywordMain.groovy:36)
	at com.kms.katalon.core.webui.keyword.internal.WebUIKeywordMain.stepFailed(WebUIKeywordMain.groovy:65)
	at com.kms.katalon.core.webui.keyword.internal.WebUIKeywordMain.runKeyword(WebUIKeywordMain.groovy:27)
	at com.kms.katalon.core.webui.keyword.builtin.ClickKeyword.click(ClickKeyword.groovy:86)
	at com.kms.katalon.core.webui.keyword.builtin.ClickKeyword.execute(ClickKeyword.groovy:67)
	at com.kms.katalon.core.keyword.internal.KeywordExecutor.executeKeywordForPlatform(KeywordExecutor.groovy:53)
	at com.kms.katalon.core.webui.keyword.WebUiBuiltInKeywords.click(WebUiBuiltInKeywords.groovy:616)
	at com.kms.katalon.core.webui.keyword.WebUiBuiltInKeywords$click$4.call(Unknown Source)
	at AG- Under Age.run(AG- Under Age:35)
	at com.kms.katalon.core.main.ScriptEngine.run(ScriptEngine.java:194)
	at com.kms.katalon.core.main.ScriptEngine.runScriptAsRawText(ScriptEngine.java:119)
	at com.kms.katalon.core.main.TestCaseExecutor.runScript(TestCaseExecutor.java:328)
	at com.kms.katalon.core.main.TestCaseExecutor.doExecute(TestCaseExecutor.java:319)
	at com.kms.katalon.core.main.TestCaseExecutor.processExecutionPhase(TestCaseExecutor.java:298)
	at com.kms.katalon.core.main.TestCaseExecutor.accessMainPhase(TestCaseExecutor.java:290)
	at com.kms.katalon.core.main.TestCaseExecutor.execute(TestCaseExecutor.java:224)
	at com.kms.katalon.core.main.TestSuiteExecutor.accessTestCaseMainPhase(TestSuiteExecutor.java:129)
	at com.kms.katalon.core.main.TestSuiteExecutor.accessTestSuiteMainPhase(TestSuiteExecutor.java:112)
	at com.kms.katalon.core.main.TestSuiteExecutor.execute(TestSuiteExecutor.java:81)
	at com.kms.katalon.core.main.TestCaseMain.startTestSuite(TestCaseMain.java:149)
	at com.kms.katalon.core.main.TestCaseMain$startTestSuite$0.call(Unknown Source)
	at TempTestSuite1561150248290.run(TempTestSuite1561150248290.groovy:36)


2019-06-21 17:20:56 - [MESSAGE][FAILED] - Unable to click on object 'Object Repository/OCS-MOBILE /Age gate and burger menu/button_Verify' (Root cause: org.openqa.selenium.WebDriverException: unknown error: Element <button type="submit" data-hover="fade" aria-pressed="false" class="btn btn--outline">...</button> is not clickable at point (592, 672). Other element would receive the click: <iframe title="Preview Bar" id="preview-bar-iframe" src="https://ocs.ca/preview_bar" sandbox="allow-same-origin allow-scripts" style="position: fixed; bottom: 0px; left: 0px; z-index: 2147483647; width: 100%; border: none; box-shadow: rgba(0, 0, 0, 0.2) 0px -1px 3px; overflow: hidden; transform: translateY(0px); transition: transform 300ms ease 0s; height: 60px;"></iframe>
  (Session info: chrome=75.0.3770.100)
  (Driver info: chromedriver=2.43.600229 (3fae4d0cda5334b4f533bede5a4787f7b832d052),platform=Mac OS X 10.13.6 x86_64) (WARNING: The server did not provide any stacktrace information)
Command duration or timeout: 0 milliseconds
Build info: version: '3.7.1', revision: '8a0099a', time: '2017-11-06T21:07:36.161Z'
System info: host: 'sumans-MacBook-Pro.local', ip: '2601:87:0:879f:0:0:0:1e84%en0', os.name: 'Mac OS X', os.arch: 'x86_64', os.version: '10.13.6', java.version: '1.8.0_181'
Driver info: com.kms.katalon.selenium.driver.CChromeDriver
Capabilities {acceptInsecureCerts: false, acceptSslCerts: false, applicationCacheEnabled: false, browserConnectionEnabled: false, browserName: chrome, chrome: {chromedriverVersion: 2.43.600229 (3fae4d0cda5334..., userDataDir: /var/folders/1t/c55l8xzs6gq...}, cssSelectorsEnabled: true, databaseEnabled: false, goog:chromeOptions: {debuggerAddress: localhost:56367}, handlesAlerts: true, hasTouchScreen: false, javascriptEnabled: true, locationContextEnabled: true, mobileEmulationEnabled: false, nativeEvents: true, networkConnectionEnabled: false, pageLoadStrategy: normal, platform: MAC, platformName: MAC, rotatable: false, setWindowRect: true, takesHeapSnapshot: true, takesScreenshot: true, unexpectedAlertBehaviour: , unhandledPromptBehavior: , version: 75.0.3770.100, webStorageEnabled: true}
Session ID: 81e7ef2e6ecc0c35f575b4bad201b1b4)
[[ATTACHMENT|/Users/sumankompelly/Relative xpath-Mobile/Reports/OCS - 1.11.0/20190621_165048/1561152054933.png]]

2019-06-21 17:20:56 - [MESSAGE][FAILED] - click(findTestObject("OCS-MOBILE /Age gate and burger menu/button_Verify")) FAILED.
Reason:
com.kms.katalon.core.exception.StepFailedException: Unable to click on object 'Object Repository/OCS-MOBILE /Age gate and burger menu/button_Verify' (Root cause: org.openqa.selenium.WebDriverException: unknown error: Element <button type="submit" data-hover="fade" aria-pressed="false" class="btn btn--outline">...</button> is not clickable at point (592, 672). Other element would receive the click: <iframe title="Preview Bar" id="preview-bar-iframe" src="https://ocs.ca/preview_bar" sandbox="allow-same-origin allow-scripts" style="position: fixed; bottom: 0px; left: 0px; z-index: 2147483647; width: 100%; border: none; box-shadow: rgba(0, 0, 0, 0.2) 0px -1px 3px; overflow: hidden; transform: translateY(0px); transition: transform 300ms ease 0s; height: 60px;"></iframe>
  (Session info: chrome=75.0.3770.100)
  (Driver info: chromedriver=2.43.600229 (3fae4d0cda5334b4f533bede5a4787f7b832d052),platform=Mac OS X 10.13.6 x86_64) (WARNING: The server did not provide any stacktrace information)
Command duration or timeout: 0 milliseconds
Build info: version: '3.7.1', revision: '8a0099a', time: '2017-11-06T21:07:36.161Z'
System info: host: 'sumans-MacBook-Pro.local', ip: '2601:87:0:879f:0:0:0:1e84%en0', os.name: 'Mac OS X', os.arch: 'x86_64', os.version: '10.13.6', java.version: '1.8.0_181'
Driver info: com.kms.katalon.selenium.driver.CChromeDriver
Capabilities {acceptInsecureCerts: false, acceptSslCerts: false, applicationCacheEnabled: false, browserConnectionEnabled: false, browserName: chrome, chrome: {chromedriverVersion: 2.43.600229 (3fae4d0cda5334..., userDataDir: /var/folders/1t/c55l8xzs6gq...}, cssSelectorsEnabled: true, databaseEnabled: false, goog:chromeOptions: {debuggerAddress: localhost:56367}, handlesAlerts: true, hasTouchScreen: false, javascriptEnabled: true, locationContextEnabled: true, mobileEmulationEnabled: false, nativeEvents: true, networkConnectionEnabled: false, pageLoadStrategy: normal, platform: MAC, platformName: MAC, rotatable: false, setWindowRect: true, takesHeapSnapshot: true, takesScreenshot: true, unexpectedAlertBehaviour: , unhandledPromptBehavior: , version: 75.0.3770.100, webStorageEnabled: true}
Session ID: 81e7ef2e6ecc0c35f575b4bad201b1b4)
	at com.kms.katalon.core.keyword.internal.KeywordMain.stepFailed(KeywordMain.groovy:36)
	at com.kms.katalon.core.webui.keyword.internal.WebUIKeywordMain.stepFailed(WebUIKeywordMain.groovy:65)
	at com.kms.katalon.core.webui.keyword.internal.WebUIKeywordMain.runKeyword(WebUIKeywordMain.groovy:27)
	at com.kms.katalon.core.webui.keyword.builtin.ClickKeyword.click(ClickKeyword.groovy:86)
	at com.kms.katalon.core.webui.keyword.builtin.ClickKeyword.execute(ClickKeyword.groovy:67)
	at com.kms.katalon.core.keyword.internal.KeywordExecutor.executeKeywordForPlatform(KeywordExecutor.groovy:53)
	at com.kms.katalon.core.webui.keyword.WebUiBuiltInKeywords.click(WebUiBuiltInKeywords.groovy:616)
	at com.kms.katalon.core.webui.keyword.WebUiBuiltInKeywords$click$4.call(Unknown Source)
	at AG- Under Age.run(AG- Under Age:35)
	at com.kms.katalon.core.main.ScriptEngine.run(ScriptEngine.java:194)
	at com.kms.katalon.core.main.ScriptEngine.runScriptAsRawText(ScriptEngine.java:119)
	at com.kms.katalon.core.main.TestCaseExecutor.runScript(TestCaseExecutor.java:328)
	at com.kms.katalon.core.main.TestCaseExecutor.doExecute(TestCaseExecutor.java:319)
	at com.kms.katalon.core.main.TestCaseExecutor.processExecutionPhase(TestCaseExecutor.java:298)
	at com.kms.katalon.core.main.TestCaseExecutor.accessMainPhase(TestCaseExecutor.java:290)
	at com.kms.katalon.core.main.TestCaseExecutor.execute(TestCaseExecutor.java:224)
	at com.kms.katalon.core.main.TestSuiteExecutor.accessTestCaseMainPhase(TestSuiteExecutor.java:129)
	at com.kms.katalon.core.main.TestSuiteExecutor.accessTestSuiteMainPhase(TestSuiteExecutor.java:112)
	at com.kms.katalon.core.main.TestSuiteExecutor.execute(TestSuiteExecutor.java:81)
	at com.kms.katalon.core.main.TestCaseMain.startTestSuite(TestCaseMain.java:149)
	at com.kms.katalon.core.main.TestCaseMain$startTestSuite$0.call(Unknown Source)
	at TempTestSuite1561150248290.run(TempTestSuite1561150248290.groovy:36)]]></system-out>
         <system-err><![CDATA[2019-06-21 17:20:41 - [TEST_CASE][FAILED] - Test Cases/OCS - MOBILE/OCS-AGE GATE/AG- Under Age: Test Cases/OCS - MOBILE/OCS-AGE GATE/AG- Under Age FAILED.
Reason:
com.kms.katalon.core.exception.StepFailedException: Unable to click on object 'Object Repository/OCS-MOBILE /Age gate and burger menu/button_Verify' (Root cause: org.openqa.selenium.WebDriverException: unknown error: Element <button type="submit" data-hover="fade" aria-pressed="false" class="btn btn--outline">...</button> is not clickable at point (592, 672). Other element would receive the click: <iframe title="Preview Bar" id="preview-bar-iframe" src="https://ocs.ca/preview_bar" sandbox="allow-same-origin allow-scripts" style="position: fixed; bottom: 0px; left: 0px; z-index: 2147483647; width: 100%; border: none; box-shadow: rgba(0, 0, 0, 0.2) 0px -1px 3px; overflow: hidden; transform: translateY(0px); transition: transform 300ms ease 0s; height: 60px;"></iframe>
  (Session info: chrome=75.0.3770.100)
  (Driver info: chromedriver=2.43.600229 (3fae4d0cda5334b4f533bede5a4787f7b832d052),platform=Mac OS X 10.13.6 x86_64) (WARNING: The server did not provide any stacktrace information)
Command duration or timeout: 0 milliseconds
Build info: version: '3.7.1', revision: '8a0099a', time: '2017-11-06T21:07:36.161Z'
System info: host: 'sumans-MacBook-Pro.local', ip: '2601:87:0:879f:0:0:0:1e84%en0', os.name: 'Mac OS X', os.arch: 'x86_64', os.version: '10.13.6', java.version: '1.8.0_181'
Driver info: com.kms.katalon.selenium.driver.CChromeDriver
Capabilities {acceptInsecureCerts: false, acceptSslCerts: false, applicationCacheEnabled: false, browserConnectionEnabled: false, browserName: chrome, chrome: {chromedriverVersion: 2.43.600229 (3fae4d0cda5334..., userDataDir: /var/folders/1t/c55l8xzs6gq...}, cssSelectorsEnabled: true, databaseEnabled: false, goog:chromeOptions: {debuggerAddress: localhost:56367}, handlesAlerts: true, hasTouchScreen: false, javascriptEnabled: true, locationContextEnabled: true, mobileEmulationEnabled: false, nativeEvents: true, networkConnectionEnabled: false, pageLoadStrategy: normal, platform: MAC, platformName: MAC, rotatable: false, setWindowRect: true, takesHeapSnapshot: true, takesScreenshot: true, unexpectedAlertBehaviour: , unhandledPromptBehavior: , version: 75.0.3770.100, webStorageEnabled: true}
Session ID: 81e7ef2e6ecc0c35f575b4bad201b1b4)
	at com.kms.katalon.core.keyword.internal.KeywordMain.stepFailed(KeywordMain.groovy:36)
	at com.kms.katalon.core.webui.keyword.internal.WebUIKeywordMain.stepFailed(WebUIKeywordMain.groovy:65)
	at com.kms.katalon.core.webui.keyword.internal.WebUIKeywordMain.runKeyword(WebUIKeywordMain.groovy:27)
	at com.kms.katalon.core.webui.keyword.builtin.ClickKeyword.click(ClickKeyword.groovy:86)
	at com.kms.katalon.core.webui.keyword.builtin.ClickKeyword.execute(ClickKeyword.groovy:67)
	at com.kms.katalon.core.keyword.internal.KeywordExecutor.executeKeywordForPlatform(KeywordExecutor.groovy:53)
	at com.kms.katalon.core.webui.keyword.WebUiBuiltInKeywords.click(WebUiBuiltInKeywords.groovy:616)
	at com.kms.katalon.core.webui.keyword.WebUiBuiltInKeywords$click$4.call(Unknown Source)
	at AG- Under Age.run(AG- Under Age:35)
	at com.kms.katalon.core.main.ScriptEngine.run(ScriptEngine.java:194)
	at com.kms.katalon.core.main.ScriptEngine.runScriptAsRawText(ScriptEngine.java:119)
	at com.kms.katalon.core.main.TestCaseExecutor.runScript(TestCaseExecutor.java:328)
	at com.kms.katalon.core.main.TestCaseExecutor.doExecute(TestCaseExecutor.java:319)
	at com.kms.katalon.core.main.TestCaseExecutor.processExecutionPhase(TestCaseExecutor.java:298)
	at com.kms.katalon.core.main.TestCaseExecutor.accessMainPhase(TestCaseExecutor.java:290)
	at com.kms.katalon.core.main.TestCaseExecutor.execute(TestCaseExecutor.java:224)
	at com.kms.katalon.core.main.TestSuiteExecutor.accessTestCaseMainPhase(TestSuiteExecutor.java:129)
	at com.kms.katalon.core.main.TestSuiteExecutor.accessTestSuiteMainPhase(TestSuiteExecutor.java:112)
	at com.kms.katalon.core.main.TestSuiteExecutor.execute(TestSuiteExecutor.java:81)
	at com.kms.katalon.core.main.TestCaseMain.startTestSuite(TestCaseMain.java:149)
	at com.kms.katalon.core.main.TestCaseMain$startTestSuite$0.call(Unknown Source)
	at TempTestSuite1561150248290.run(TempTestSuite1561150248290.groovy:36)]]></system-err>
      </testcase>
      <testcase name="Test Cases/OCS - MOBILE/OCS-AGE GATE/AG - Date correction" classname="Test Cases/OCS - MOBILE/OCS-AGE GATE/AG - Date correction" status="PASSED">
         <system-out><![CDATA[2019-06-21 17:20:56 - [TEST_CASE][PASSED] - Test Cases/OCS - MOBILE/OCS-AGE GATE/AG - Date correction: Test Cases/OCS - MOBILE/OCS-AGE GATE/AG - Date correction

2019-06-21 17:20:56 - [TEST_STEP][PASSED] - openBrowser(""): Browser is opened with url: ''

2019-06-21 17:20:56 - [MESSAGE][WARNING] - A browser is already opened. Closing browser and opening a new one

2019-06-21 17:20:56 - [MESSAGE][INFO] - Starting 'Chrome' driver

2019-06-21 17:20:57 - [MESSAGE][PASSED] - Browser is opened with url: ''

2019-06-21 17:20:57 - [TEST_STEP][PASSED] - navigateToUrl("https://ocs.ca/?fts=0&preview_theme_id=53376026444"): Navigate to 'https://ocs.ca/?fts=0&preview_theme_id=53376026444' successfully

2019-06-21 17:21:02 - [MESSAGE][PASSED] - Navigate to 'https://ocs.ca/?fts=0&preview_theme_id=53376026444' successfully

2019-06-21 17:21:02 - [TEST_STEP][PASSED] - executeJavaScript("var previewBar = document.getElementById("preview-bar-iframe"); previewBar.style.display = "none";", []): Execute JavaScript 'var previewBar = document.getElementById("preview-bar-iframe"); previewBar.style.display = "none";' successfully

2019-06-21 17:21:02 - [MESSAGE][PASSED] - Execute JavaScript 'var previewBar = document.getElementById("preview-bar-iframe"); previewBar.style.display = "none";' successfully

2019-06-21 17:21:02 - [TEST_STEP][PASSED] - setViewPortSize(360, 800): Viewport is set to new size with width = 360 and height = 800

2019-06-21 17:21:02 - [MESSAGE][PASSED] - Viewport is set to new size with width = 360 and height = 800

2019-06-21 17:21:02 - [TEST_STEP][PASSED] - delay(4): Delayed 4 second(s)

2019-06-21 17:21:06 - [MESSAGE][PASSED] - Delayed 4 second(s)

2019-06-21 17:21:06 - [TEST_STEP][PASSED] - selectOptionByValue(findTestObject("OCS-MOBILE /Age gate and Mega menu/Date"), "12", true): All options with value '12' are selected in object 'Object Repository/OCS-MOBILE /Age gate and Mega menu/Date'  using regular expression

2019-06-21 17:21:07 - [MESSAGE][PASSED] - All options with value '12' are selected in object 'Object Repository/OCS-MOBILE /Age gate and Mega menu/Date'  using regular expression

2019-06-21 17:21:07 - [TEST_STEP][PASSED] - selectOptionByValue(findTestObject("OCS-MOBILE /Age gate and Mega menu/month"), "6", true): All options with value '6' are selected in object 'Object Repository/OCS-MOBILE /Age gate and Mega menu/month'  using regular expression

2019-06-21 17:21:07 - [MESSAGE][PASSED] - All options with value '6' are selected in object 'Object Repository/OCS-MOBILE /Age gate and Mega menu/month'  using regular expression

2019-06-21 17:21:07 - [TEST_STEP][PASSED] - delay(2): Delayed 2 second(s)

2019-06-21 17:21:09 - [MESSAGE][PASSED] - Delayed 2 second(s)

2019-06-21 17:21:09 - [TEST_STEP][PASSED] - selectOptionByValue(findTestObject("OCS-MOBILE /Age gate and Mega menu/Year Dropdown"), "1990", true): All options with value '1990' are selected in object 'Object Repository/OCS-MOBILE /Age gate and Mega menu/Year Dropdown'  using regular expression

2019-06-21 17:21:10 - [MESSAGE][PASSED] - All options with value '1990' are selected in object 'Object Repository/OCS-MOBILE /Age gate and Mega menu/Year Dropdown'  using regular expression

2019-06-21 17:21:10 - [TEST_STEP][PASSED] - delay(3): Delayed 3 second(s)

2019-06-21 17:21:13 - [MESSAGE][PASSED] - Delayed 3 second(s)

2019-06-21 17:21:13 - [TEST_STEP][PASSED] - click(findTestObject("OCS-MOBILE /Age gate and Mega menu/button_Verify")): Object: 'Object Repository/OCS-MOBILE /Age gate and Mega menu/button_Verify' is clicked on

2019-06-21 17:21:13 - [MESSAGE][PASSED] - Object: 'Object Repository/OCS-MOBILE /Age gate and Mega menu/button_Verify' is clicked on

2019-06-21 17:21:13 - [TEST_STEP][PASSED] - delay(1): Delayed 1 second(s)

2019-06-21 17:21:14 - [MESSAGE][PASSED] - Delayed 1 second(s)

2019-06-21 17:21:14 - [TEST_STEP][PASSED] - click(findTestObject("OCS-MOBILE /Age gate and Mega menu/a_Correct your date of birth")): Object: 'Object Repository/OCS-MOBILE /Age gate and Mega menu/a_Correct your date of birth' is clicked on

2019-06-21 17:21:14 - [MESSAGE][PASSED] - Object: 'Object Repository/OCS-MOBILE /Age gate and Mega menu/a_Correct your date of birth' is clicked on

2019-06-21 17:21:14 - [TEST_STEP][PASSED] - selectOptionByValue(findTestObject("OCS-MOBILE /Age gate and Mega menu/Date"), "1", true): All options with value '1' are selected in object 'Object Repository/OCS-MOBILE /Age gate and Mega menu/Date'  using regular expression

2019-06-21 17:21:15 - [MESSAGE][PASSED] - All options with value '1' are selected in object 'Object Repository/OCS-MOBILE /Age gate and Mega menu/Date'  using regular expression

2019-06-21 17:21:15 - [TEST_STEP][PASSED] - selectOptionByValue(findTestObject("OCS-MOBILE /Age gate and Mega menu/month"), "5", true): All options with value '5' are selected in object 'Object Repository/OCS-MOBILE /Age gate and Mega menu/month'  using regular expression

2019-06-21 17:21:15 - [MESSAGE][PASSED] - All options with value '5' are selected in object 'Object Repository/OCS-MOBILE /Age gate and Mega menu/month'  using regular expression

2019-06-21 17:21:15 - [TEST_STEP][PASSED] - selectOptionByValue(findTestObject("OCS-MOBILE /Age gate and Mega menu/Year Dropdown"), "1980", true): All options with value '1980' are selected in object 'Object Repository/OCS-MOBILE /Age gate and Mega menu/Year Dropdown'  using regular expression

2019-06-21 17:21:16 - [MESSAGE][PASSED] - All options with value '1980' are selected in object 'Object Repository/OCS-MOBILE /Age gate and Mega menu/Year Dropdown'  using regular expression

2019-06-21 17:21:16 - [TEST_STEP][PASSED] - click(findTestObject("OCS-MOBILE /Age gate and Mega menu/button_Verify")): Object: 'Object Repository/OCS-MOBILE /Age gate and Mega menu/button_Verify' is clicked on

2019-06-21 17:21:16 - [MESSAGE][PASSED] - Object: 'Object Repository/OCS-MOBILE /Age gate and Mega menu/button_Verify' is clicked on

2019-06-21 17:21:16 - [TEST_STEP][PASSED] - closeBrowser(): Browser is closed

2019-06-21 17:21:16 - [MESSAGE][PASSED] - Browser is closed]]></system-out>
         <system-err><![CDATA[]]></system-err>
      </testcase>
      <testcase name="Test Cases/OCS - MOBILE/OCS-COLLECTION PAGE/Sort" classname="Test Cases/OCS - MOBILE/OCS-COLLECTION PAGE/Sort" status="PASSED">
         <system-out><![CDATA[2019-06-21 17:21:16 - [TEST_CASE][PASSED] - Test Cases/OCS - MOBILE/OCS-COLLECTION PAGE/Sort: Test Cases/OCS - MOBILE/OCS-COLLECTION PAGE/Sort

2019-06-21 17:21:16 - [TEST_STEP][PASSED] - callTestCase(findTestCase("OCS - MOBILE/CALL - AGE GATE"), [:], STOP_ON_FAILURE): Call Test Case 'Test Cases/OCS - MOBILE/CALL - AGE GATE' successfully

2019-06-21 17:21:16 - [TEST_CASE][PASSED] - Test Cases/OCS - MOBILE/CALL - AGE GATE: Test Cases/OCS - MOBILE/CALL - AGE GATE

2019-06-21 17:21:16 - [TEST_STEP][PASSED] - openBrowser(""): Browser is opened with url: ''

2019-06-21 17:21:16 - [MESSAGE][INFO] - Starting 'Chrome' driver

2019-06-21 17:21:18 - [MESSAGE][PASSED] - Browser is opened with url: ''

2019-06-21 17:21:18 - [TEST_STEP][PASSED] - navigateToUrl("https://ocs.ca/?fts=0&preview_theme_id=74057975628"): Navigate to 'https://ocs.ca/?fts=0&preview_theme_id=74057975628' successfully

2019-06-21 17:21:22 - [MESSAGE][PASSED] - Navigate to 'https://ocs.ca/?fts=0&preview_theme_id=74057975628' successfully

2019-06-21 17:21:22 - [TEST_STEP][PASSED] - executeJavaScript("var previewBar = document.getElementById("preview-bar-iframe"); previewBar.style.display = "none";", []): Execute JavaScript 'var previewBar = document.getElementById("preview-bar-iframe"); previewBar.style.display = "none";' successfully

2019-06-21 17:21:22 - [MESSAGE][PASSED] - Execute JavaScript 'var previewBar = document.getElementById("preview-bar-iframe"); previewBar.style.display = "none";' successfully

2019-06-21 17:21:22 - [TEST_STEP][PASSED] - setViewPortSize(360, 800): Viewport is set to new size with width = 360 and height = 800

2019-06-21 17:21:22 - [MESSAGE][PASSED] - Viewport is set to new size with width = 360 and height = 800

2019-06-21 17:21:22 - [TEST_STEP][PASSED] - delay(4): Delayed 4 second(s)

2019-06-21 17:21:26 - [MESSAGE][PASSED] - Delayed 4 second(s)

2019-06-21 17:21:26 - [TEST_STEP][PASSED] - selectOptionByValue(findTestObject("OCS-MOBILE /Age gate and burger menu/Date"), "12", true): All options with value '12' are selected in object 'Object Repository/OCS-MOBILE /Age gate and burger menu/Date'  using regular expression

2019-06-21 17:21:27 - [MESSAGE][PASSED] - All options with value '12' are selected in object 'Object Repository/OCS-MOBILE /Age gate and burger menu/Date'  using regular expression

2019-06-21 17:21:27 - [TEST_STEP][PASSED] - selectOptionByValue(findTestObject("OCS-MOBILE /Age gate and burger menu/month"), "6", true): All options with value '6' are selected in object 'Object Repository/OCS-MOBILE /Age gate and burger menu/month'  using regular expression

2019-06-21 17:21:27 - [MESSAGE][PASSED] - All options with value '6' are selected in object 'Object Repository/OCS-MOBILE /Age gate and burger menu/month'  using regular expression

2019-06-21 17:21:27 - [TEST_STEP][PASSED] - delay(2): Delayed 2 second(s)

2019-06-21 17:21:29 - [MESSAGE][PASSED] - Delayed 2 second(s)

2019-06-21 17:21:29 - [TEST_STEP][PASSED] - selectOptionByValue(findTestObject("OCS-MOBILE /Age gate and burger menu/Year Dropdown"), "1990", true): All options with value '1990' are selected in object 'Object Repository/OCS-MOBILE /Age gate and burger menu/Year Dropdown'  using regular expression

2019-06-21 17:21:30 - [MESSAGE][PASSED] - All options with value '1990' are selected in object 'Object Repository/OCS-MOBILE /Age gate and burger menu/Year Dropdown'  using regular expression

2019-06-21 17:21:30 - [TEST_STEP][PASSED] - click(findTestObject("OCS-MOBILE /Age gate and Mega menu/button_Verify")): Object: 'Object Repository/OCS-MOBILE /Age gate and Mega menu/button_Verify' is clicked on

2019-06-21 17:21:30 - [MESSAGE][PASSED] - Object: 'Object Repository/OCS-MOBILE /Age gate and Mega menu/button_Verify' is clicked on

2019-06-21 17:21:30 - [TEST_STEP][PASSED] - click(findTestObject("OCS-MOBILE /Age gate and Mega menu/Checkbox_CONFIRM AND ACKNOWLEDGE")): Object: 'Object Repository/OCS-MOBILE /Age gate and Mega menu/Checkbox_CONFIRM AND ACKNOWLEDGE' is clicked on

2019-06-21 17:21:30 - [MESSAGE][PASSED] - Object: 'Object Repository/OCS-MOBILE /Age gate and Mega menu/Checkbox_CONFIRM AND ACKNOWLEDGE' is clicked on

2019-06-21 17:21:30 - [TEST_STEP][PASSED] - click(findTestObject("OCS-MOBILE /Age gate and Mega menu/button_CONFIRM")): Object: 'Object Repository/OCS-MOBILE /Age gate and Mega menu/button_CONFIRM' is clicked on

2019-06-21 17:21:30 - [MESSAGE][PASSED] - Object: 'Object Repository/OCS-MOBILE /Age gate and Mega menu/button_CONFIRM' is clicked on

2019-06-21 17:21:30 - [TEST_STEP][PASSED] - click(findTestObject("OCS-MOBILE /Age gate and Mega menu/button_Start Browsing")): Object: 'Object Repository/OCS-MOBILE /Age gate and Mega menu/button_Start Browsing' is clicked on

2019-06-21 17:21:30 - [MESSAGE][PASSED] - Object: 'Object Repository/OCS-MOBILE /Age gate and Mega menu/button_Start Browsing' is clicked on

2019-06-21 17:21:30 - [TEST_STEP][PASSED] - refresh(): Refresh successfully

2019-06-21 17:21:30 - [MESSAGE][PASSED] - Refresh successfully

2019-06-21 17:21:30 - [TEST_STEP][PASSED] - executeJavaScript("var previewBar = document.getElementById("preview-bar-iframe"); previewBar.style.display = "none";", []): Execute JavaScript 'var previewBar = document.getElementById("preview-bar-iframe"); previewBar.style.display = "none";' successfully

2019-06-21 17:21:34 - [MESSAGE][PASSED] - Execute JavaScript 'var previewBar = document.getElementById("preview-bar-iframe"); previewBar.style.display = "none";' successfully

2019-06-21 17:21:34 - [MESSAGE][PASSED] - Call Test Case 'Test Cases/OCS - MOBILE/CALL - AGE GATE' successfully

2019-06-21 17:21:34 - [TEST_STEP][PASSED] - delay(2): Delayed 2 second(s)

2019-06-21 17:21:36 - [MESSAGE][PASSED] - Delayed 2 second(s)

2019-06-21 17:21:36 - [TEST_STEP][PASSED] - click(findTestObject("OCS-MOBILE /Age gate and burger menu/Burger menu - English")): Object: 'Object Repository/OCS-MOBILE /Age gate and burger menu/Burger menu - English' is clicked on

2019-06-21 17:21:36 - [MESSAGE][PASSED] - Object: 'Object Repository/OCS-MOBILE /Age gate and burger menu/Burger menu - English' is clicked on

2019-06-21 17:21:36 - [TEST_STEP][PASSED] - delay(2): Delayed 2 second(s)

2019-06-21 17:21:38 - [MESSAGE][PASSED] - Delayed 2 second(s)

2019-06-21 17:21:38 - [TEST_STEP][PASSED] - click(findTestObject("OCS-MOBILE /Age gate and Mega menu/Chevron_Cannabis")): Object: 'Object Repository/OCS-MOBILE /Age gate and Mega menu/Chevron_Cannabis' is clicked on

2019-06-21 17:21:38 - [MESSAGE][PASSED] - Object: 'Object Repository/OCS-MOBILE /Age gate and Mega menu/Chevron_Cannabis' is clicked on

2019-06-21 17:21:38 - [TEST_STEP][PASSED] - delay(2): Delayed 2 second(s)

2019-06-21 17:21:40 - [MESSAGE][PASSED] - Delayed 2 second(s)

2019-06-21 17:21:40 - [TEST_STEP][PASSED] - click(findTestObject("OCS-MOBILE /Cannabis page/Dried flower")): Object: 'Object Repository/OCS-MOBILE /Cannabis page/Dried flower' is clicked on

2019-06-21 17:21:40 - [MESSAGE][PASSED] - Object: 'Object Repository/OCS-MOBILE /Cannabis page/Dried flower' is clicked on

2019-06-21 17:21:40 - [TEST_STEP][PASSED] - delay(2): Delayed 2 second(s)

2019-06-21 17:21:42 - [MESSAGE][PASSED] - Delayed 2 second(s)

2019-06-21 17:21:42 - [TEST_STEP][PASSED] - click(findTestObject("OCS-MOBILE /Cannabis page/Dried flower - Indica dominant")): Object: 'Object Repository/OCS-MOBILE /Cannabis page/Dried flower - Indica dominant' is clicked on

2019-06-21 17:21:45 - [MESSAGE][PASSED] - Object: 'Object Repository/OCS-MOBILE /Cannabis page/Dried flower - Indica dominant' is clicked on

2019-06-21 17:21:45 - [TEST_STEP][PASSED] - delay(2): Delayed 2 second(s)

2019-06-21 17:21:47 - [MESSAGE][PASSED] - Delayed 2 second(s)

2019-06-21 17:21:47 - [TEST_STEP][PASSED] - click(findTestObject("OCS-MOBILE /Collection page/sort option")): Object: 'Object Repository/OCS-MOBILE /Collection page/sort option' is clicked on

2019-06-21 17:21:47 - [MESSAGE][PASSED] - Object: 'Object Repository/OCS-MOBILE /Collection page/sort option' is clicked on

2019-06-21 17:21:47 - [TEST_STEP][PASSED] - delay(1): Delayed 1 second(s)

2019-06-21 17:21:48 - [MESSAGE][PASSED] - Delayed 1 second(s)

2019-06-21 17:21:48 - [TEST_STEP][PASSED] - click(findTestObject("OCS-MOBILE /Collection page/Price Low to High")): Object: 'Object Repository/OCS-MOBILE /Collection page/Price Low to High' is clicked on

2019-06-21 17:21:48 - [MESSAGE][PASSED] - Object: 'Object Repository/OCS-MOBILE /Collection page/Price Low to High' is clicked on

2019-06-21 17:21:48 - [TEST_STEP][PASSED] - delay(1): Delayed 1 second(s)

2019-06-21 17:21:49 - [MESSAGE][PASSED] - Delayed 1 second(s)

2019-06-21 17:21:49 - [TEST_STEP][PASSED] - refresh(): Refresh successfully

2019-06-21 17:21:49 - [MESSAGE][PASSED] - Refresh successfully

2019-06-21 17:21:49 - [TEST_STEP][PASSED] - delay(1): Delayed 1 second(s)

2019-06-21 17:21:50 - [MESSAGE][PASSED] - Delayed 1 second(s)

2019-06-21 17:21:50 - [TEST_STEP][PASSED] - callTestCase(findTestCase("OCS - MOBILE/OCS-COLLECTION PAGE/calling test case"), [:], STOP_ON_FAILURE): Call Test Case 'Test Cases/OCS - MOBILE/OCS-COLLECTION PAGE/calling test case' successfully

2019-06-21 17:21:50 - [TEST_CASE][PASSED] - Test Cases/OCS - MOBILE/OCS-COLLECTION PAGE/calling test case: Test Cases/OCS - MOBILE/OCS-COLLECTION PAGE/calling test case

2019-06-21 17:21:50 - [TEST_STEP][PASSED] - delay(2): Delayed 2 second(s)

2019-06-21 17:21:52 - [MESSAGE][PASSED] - Delayed 2 second(s)

2019-06-21 17:21:52 - [TEST_STEP][PASSED] - click(findTestObject("OCS-MOBILE /Age gate and burger menu/Burger menu - English")): Object: 'Object Repository/OCS-MOBILE /Age gate and burger menu/Burger menu - English' is clicked on

2019-06-21 17:21:53 - [MESSAGE][PASSED] - Object: 'Object Repository/OCS-MOBILE /Age gate and burger menu/Burger menu - English' is clicked on

2019-06-21 17:21:53 - [TEST_STEP][PASSED] - delay(2): Delayed 2 second(s)

2019-06-21 17:21:55 - [MESSAGE][PASSED] - Delayed 2 second(s)

2019-06-21 17:21:55 - [TEST_STEP][PASSED] - click(findTestObject("OCS-MOBILE /Age gate and Mega menu/Chevron_Cannabis")): Object: 'Object Repository/OCS-MOBILE /Age gate and Mega menu/Chevron_Cannabis' is clicked on

2019-06-21 17:21:55 - [MESSAGE][PASSED] - Object: 'Object Repository/OCS-MOBILE /Age gate and Mega menu/Chevron_Cannabis' is clicked on

2019-06-21 17:21:55 - [TEST_STEP][PASSED] - delay(2): Delayed 2 second(s)

2019-06-21 17:21:57 - [MESSAGE][PASSED] - Delayed 2 second(s)

2019-06-21 17:21:57 - [TEST_STEP][PASSED] - click(findTestObject("OCS-MOBILE /Cannabis page/Dried flower")): Object: 'Object Repository/OCS-MOBILE /Cannabis page/Dried flower' is clicked on

2019-06-21 17:21:57 - [MESSAGE][PASSED] - Object: 'Object Repository/OCS-MOBILE /Cannabis page/Dried flower' is clicked on

2019-06-21 17:21:57 - [TEST_STEP][PASSED] - delay(2): Delayed 2 second(s)

2019-06-21 17:21:59 - [MESSAGE][PASSED] - Delayed 2 second(s)

2019-06-21 17:21:59 - [TEST_STEP][PASSED] - click(findTestObject("OCS-MOBILE /Cannabis page/Dried flower - Indica dominant")): Object: 'Object Repository/OCS-MOBILE /Cannabis page/Dried flower - Indica dominant' is clicked on

2019-06-21 17:22:01 - [MESSAGE][PASSED] - Object: 'Object Repository/OCS-MOBILE /Cannabis page/Dried flower - Indica dominant' is clicked on

2019-06-21 17:22:01 - [TEST_STEP][PASSED] - delay(2): Delayed 2 second(s)

2019-06-21 17:22:03 - [MESSAGE][PASSED] - Delayed 2 second(s)

2019-06-21 17:22:03 - [MESSAGE][PASSED] - Call Test Case 'Test Cases/OCS - MOBILE/OCS-COLLECTION PAGE/calling test case' successfully

2019-06-21 17:22:03 - [TEST_STEP][NOT_RUN] - scrollToElement(findTestObject("OCS-MOBILE /Collection page/scroll element"), 0): NOT_RUN: scrollToElement(findTestObject("OCS-MOBILE /Collection page/scroll element"), 0)

2019-06-21 17:22:03 - [MESSAGE][NOT_RUN] - NOT_RUN: scrollToElement(findTestObject("OCS-MOBILE /Collection page/scroll element"), 0)

2019-06-21 17:22:03 - [TEST_STEP][PASSED] - delay(1): Delayed 1 second(s)

2019-06-21 17:22:04 - [MESSAGE][PASSED] - Delayed 1 second(s)

2019-06-21 17:22:04 - [TEST_STEP][PASSED] - click(findTestObject("OCS-MOBILE /Collection page/sort option")): Object: 'Object Repository/OCS-MOBILE /Collection page/sort option' is clicked on

2019-06-21 17:22:04 - [MESSAGE][PASSED] - Object: 'Object Repository/OCS-MOBILE /Collection page/sort option' is clicked on

2019-06-21 17:22:04 - [TEST_STEP][PASSED] - delay(1): Delayed 1 second(s)

2019-06-21 17:22:05 - [MESSAGE][PASSED] - Delayed 1 second(s)

2019-06-21 17:22:05 - [TEST_STEP][PASSED] - click(findTestObject("OCS-MOBILE /Collection page/Price High to Low")): Object: 'Object Repository/OCS-MOBILE /Collection page/Price High to Low' is clicked on

2019-06-21 17:22:05 - [MESSAGE][PASSED] - Object: 'Object Repository/OCS-MOBILE /Collection page/Price High to Low' is clicked on

2019-06-21 17:22:05 - [TEST_STEP][PASSED] - delay(1): Delayed 1 second(s)

2019-06-21 17:22:06 - [MESSAGE][PASSED] - Delayed 1 second(s)

2019-06-21 17:22:06 - [TEST_STEP][PASSED] - refresh(): Refresh successfully

2019-06-21 17:22:06 - [MESSAGE][PASSED] - Refresh successfully

2019-06-21 17:22:06 - [TEST_STEP][PASSED] - callTestCase(findTestCase("OCS - MOBILE/OCS-COLLECTION PAGE/calling test case"), [:], STOP_ON_FAILURE): Call Test Case 'Test Cases/OCS - MOBILE/OCS-COLLECTION PAGE/calling test case' successfully

2019-06-21 17:22:06 - [TEST_CASE][PASSED] - Test Cases/OCS - MOBILE/OCS-COLLECTION PAGE/calling test case: Test Cases/OCS - MOBILE/OCS-COLLECTION PAGE/calling test case

2019-06-21 17:22:06 - [TEST_STEP][PASSED] - delay(2): Delayed 2 second(s)

2019-06-21 17:22:08 - [MESSAGE][PASSED] - Delayed 2 second(s)

2019-06-21 17:22:08 - [TEST_STEP][PASSED] - click(findTestObject("OCS-MOBILE /Age gate and burger menu/Burger menu - English")): Object: 'Object Repository/OCS-MOBILE /Age gate and burger menu/Burger menu - English' is clicked on

2019-06-21 17:22:08 - [MESSAGE][PASSED] - Object: 'Object Repository/OCS-MOBILE /Age gate and burger menu/Burger menu - English' is clicked on

2019-06-21 17:22:08 - [TEST_STEP][PASSED] - delay(2): Delayed 2 second(s)

2019-06-21 17:22:10 - [MESSAGE][PASSED] - Delayed 2 second(s)

2019-06-21 17:22:10 - [TEST_STEP][PASSED] - click(findTestObject("OCS-MOBILE /Age gate and Mega menu/Chevron_Cannabis")): Object: 'Object Repository/OCS-MOBILE /Age gate and Mega menu/Chevron_Cannabis' is clicked on

2019-06-21 17:22:10 - [MESSAGE][PASSED] - Object: 'Object Repository/OCS-MOBILE /Age gate and Mega menu/Chevron_Cannabis' is clicked on

2019-06-21 17:22:10 - [TEST_STEP][PASSED] - delay(2): Delayed 2 second(s)

2019-06-21 17:22:12 - [MESSAGE][PASSED] - Delayed 2 second(s)

2019-06-21 17:22:12 - [TEST_STEP][PASSED] - click(findTestObject("OCS-MOBILE /Cannabis page/Dried flower")): Object: 'Object Repository/OCS-MOBILE /Cannabis page/Dried flower' is clicked on

2019-06-21 17:22:12 - [MESSAGE][PASSED] - Object: 'Object Repository/OCS-MOBILE /Cannabis page/Dried flower' is clicked on

2019-06-21 17:22:12 - [TEST_STEP][PASSED] - delay(2): Delayed 2 second(s)

2019-06-21 17:22:14 - [MESSAGE][PASSED] - Delayed 2 second(s)

2019-06-21 17:22:14 - [TEST_STEP][PASSED] - click(findTestObject("OCS-MOBILE /Cannabis page/Dried flower - Indica dominant")): Object: 'Object Repository/OCS-MOBILE /Cannabis page/Dried flower - Indica dominant' is clicked on

2019-06-21 17:22:16 - [MESSAGE][PASSED] - Object: 'Object Repository/OCS-MOBILE /Cannabis page/Dried flower - Indica dominant' is clicked on

2019-06-21 17:22:16 - [TEST_STEP][PASSED] - delay(2): Delayed 2 second(s)

2019-06-21 17:22:18 - [MESSAGE][PASSED] - Delayed 2 second(s)

2019-06-21 17:22:18 - [MESSAGE][PASSED] - Call Test Case 'Test Cases/OCS - MOBILE/OCS-COLLECTION PAGE/calling test case' successfully

2019-06-21 17:22:18 - [TEST_STEP][PASSED] - click(findTestObject("OCS-MOBILE /Collection page/sort option")): Object: 'Object Repository/OCS-MOBILE /Collection page/sort option' is clicked on

2019-06-21 17:22:18 - [MESSAGE][PASSED] - Object: 'Object Repository/OCS-MOBILE /Collection page/sort option' is clicked on

2019-06-21 17:22:18 - [TEST_STEP][PASSED] - delay(1): Delayed 1 second(s)

2019-06-21 17:22:19 - [MESSAGE][PASSED] - Delayed 1 second(s)

2019-06-21 17:22:19 - [TEST_STEP][PASSED] - click(findTestObject("OCS-MOBILE /Collection page/Alphabetically A - Z")): Object: 'Object Repository/OCS-MOBILE /Collection page/Alphabetically A - Z' is clicked on

2019-06-21 17:22:19 - [MESSAGE][PASSED] - Object: 'Object Repository/OCS-MOBILE /Collection page/Alphabetically A - Z' is clicked on

2019-06-21 17:22:19 - [TEST_STEP][PASSED] - delay(1): Delayed 1 second(s)

2019-06-21 17:22:20 - [MESSAGE][PASSED] - Delayed 1 second(s)

2019-06-21 17:22:20 - [TEST_STEP][PASSED] - refresh(): Refresh successfully

2019-06-21 17:22:22 - [MESSAGE][PASSED] - Refresh successfully

2019-06-21 17:22:22 - [TEST_STEP][PASSED] - callTestCase(findTestCase("OCS - MOBILE/OCS-COLLECTION PAGE/calling test case"), [:], STOP_ON_FAILURE): Call Test Case 'Test Cases/OCS - MOBILE/OCS-COLLECTION PAGE/calling test case' successfully

2019-06-21 17:22:22 - [TEST_CASE][PASSED] - Test Cases/OCS - MOBILE/OCS-COLLECTION PAGE/calling test case: Test Cases/OCS - MOBILE/OCS-COLLECTION PAGE/calling test case

2019-06-21 17:22:22 - [TEST_STEP][PASSED] - delay(2): Delayed 2 second(s)

2019-06-21 17:22:24 - [MESSAGE][PASSED] - Delayed 2 second(s)

2019-06-21 17:22:24 - [TEST_STEP][PASSED] - click(findTestObject("OCS-MOBILE /Age gate and burger menu/Burger menu - English")): Object: 'Object Repository/OCS-MOBILE /Age gate and burger menu/Burger menu - English' is clicked on

2019-06-21 17:22:24 - [MESSAGE][PASSED] - Object: 'Object Repository/OCS-MOBILE /Age gate and burger menu/Burger menu - English' is clicked on

2019-06-21 17:22:24 - [TEST_STEP][PASSED] - delay(2): Delayed 2 second(s)

2019-06-21 17:22:26 - [MESSAGE][PASSED] - Delayed 2 second(s)

2019-06-21 17:22:26 - [TEST_STEP][PASSED] - click(findTestObject("OCS-MOBILE /Age gate and Mega menu/Chevron_Cannabis")): Object: 'Object Repository/OCS-MOBILE /Age gate and Mega menu/Chevron_Cannabis' is clicked on

2019-06-21 17:22:26 - [MESSAGE][PASSED] - Object: 'Object Repository/OCS-MOBILE /Age gate and Mega menu/Chevron_Cannabis' is clicked on

2019-06-21 17:22:26 - [TEST_STEP][PASSED] - delay(2): Delayed 2 second(s)

2019-06-21 17:22:28 - [MESSAGE][PASSED] - Delayed 2 second(s)

2019-06-21 17:22:28 - [TEST_STEP][PASSED] - click(findTestObject("OCS-MOBILE /Cannabis page/Dried flower")): Object: 'Object Repository/OCS-MOBILE /Cannabis page/Dried flower' is clicked on

2019-06-21 17:22:28 - [MESSAGE][PASSED] - Object: 'Object Repository/OCS-MOBILE /Cannabis page/Dried flower' is clicked on

2019-06-21 17:22:28 - [TEST_STEP][PASSED] - delay(2): Delayed 2 second(s)

2019-06-21 17:22:30 - [MESSAGE][PASSED] - Delayed 2 second(s)

2019-06-21 17:22:30 - [TEST_STEP][PASSED] - click(findTestObject("OCS-MOBILE /Cannabis page/Dried flower - Indica dominant")): Object: 'Object Repository/OCS-MOBILE /Cannabis page/Dried flower - Indica dominant' is clicked on

2019-06-21 17:22:32 - [MESSAGE][PASSED] - Object: 'Object Repository/OCS-MOBILE /Cannabis page/Dried flower - Indica dominant' is clicked on

2019-06-21 17:22:32 - [TEST_STEP][PASSED] - delay(2): Delayed 2 second(s)

2019-06-21 17:22:34 - [MESSAGE][PASSED] - Delayed 2 second(s)

2019-06-21 17:22:34 - [MESSAGE][PASSED] - Call Test Case 'Test Cases/OCS - MOBILE/OCS-COLLECTION PAGE/calling test case' successfully

2019-06-21 17:22:34 - [TEST_STEP][PASSED] - click(findTestObject("OCS-MOBILE /Collection page/sort option")): Object: 'Object Repository/OCS-MOBILE /Collection page/sort option' is clicked on

2019-06-21 17:22:34 - [MESSAGE][PASSED] - Object: 'Object Repository/OCS-MOBILE /Collection page/sort option' is clicked on

2019-06-21 17:22:34 - [TEST_STEP][PASSED] - executeJavaScript("var previewBar = document.getElementById("preview-bar-iframe"); previewBar.style.display = "none";", []): Execute JavaScript 'var previewBar = document.getElementById("preview-bar-iframe"); previewBar.style.display = "none";' successfully

2019-06-21 17:22:34 - [MESSAGE][PASSED] - Execute JavaScript 'var previewBar = document.getElementById("preview-bar-iframe"); previewBar.style.display = "none";' successfully

2019-06-21 17:22:34 - [TEST_STEP][PASSED] - delay(1): Delayed 1 second(s)

2019-06-21 17:22:35 - [MESSAGE][PASSED] - Delayed 1 second(s)

2019-06-21 17:22:35 - [TEST_STEP][PASSED] - click(findTestObject("OCS-MOBILE /Collection page/Alphabetically Z - A")): Object: 'Object Repository/OCS-MOBILE /Collection page/Alphabetically Z - A' is clicked on

2019-06-21 17:22:35 - [MESSAGE][PASSED] - Object: 'Object Repository/OCS-MOBILE /Collection page/Alphabetically Z - A' is clicked on

2019-06-21 17:22:35 - [TEST_STEP][PASSED] - delay(1): Delayed 1 second(s)

2019-06-21 17:22:36 - [MESSAGE][PASSED] - Delayed 1 second(s)

2019-06-21 17:22:36 - [TEST_STEP][PASSED] - refresh(): Refresh successfully

2019-06-21 17:22:36 - [MESSAGE][PASSED] - Refresh successfully

2019-06-21 17:22:36 - [TEST_STEP][PASSED] - callTestCase(findTestCase("OCS - MOBILE/OCS-COLLECTION PAGE/calling test case"), [:], STOP_ON_FAILURE): Call Test Case 'Test Cases/OCS - MOBILE/OCS-COLLECTION PAGE/calling test case' successfully

2019-06-21 17:22:36 - [TEST_CASE][PASSED] - Test Cases/OCS - MOBILE/OCS-COLLECTION PAGE/calling test case: Test Cases/OCS - MOBILE/OCS-COLLECTION PAGE/calling test case

2019-06-21 17:22:36 - [TEST_STEP][PASSED] - delay(2): Delayed 2 second(s)

2019-06-21 17:22:38 - [MESSAGE][PASSED] - Delayed 2 second(s)

2019-06-21 17:22:38 - [TEST_STEP][PASSED] - click(findTestObject("OCS-MOBILE /Age gate and burger menu/Burger menu - English")): Object: 'Object Repository/OCS-MOBILE /Age gate and burger menu/Burger menu - English' is clicked on

2019-06-21 17:22:39 - [MESSAGE][PASSED] - Object: 'Object Repository/OCS-MOBILE /Age gate and burger menu/Burger menu - English' is clicked on

2019-06-21 17:22:39 - [TEST_STEP][PASSED] - delay(2): Delayed 2 second(s)

2019-06-21 17:22:41 - [MESSAGE][PASSED] - Delayed 2 second(s)

2019-06-21 17:22:41 - [TEST_STEP][PASSED] - click(findTestObject("OCS-MOBILE /Age gate and Mega menu/Chevron_Cannabis")): Object: 'Object Repository/OCS-MOBILE /Age gate and Mega menu/Chevron_Cannabis' is clicked on

2019-06-21 17:22:41 - [MESSAGE][PASSED] - Object: 'Object Repository/OCS-MOBILE /Age gate and Mega menu/Chevron_Cannabis' is clicked on

2019-06-21 17:22:41 - [TEST_STEP][PASSED] - delay(2): Delayed 2 second(s)

2019-06-21 17:22:43 - [MESSAGE][PASSED] - Delayed 2 second(s)

2019-06-21 17:22:43 - [TEST_STEP][PASSED] - click(findTestObject("OCS-MOBILE /Cannabis page/Dried flower")): Object: 'Object Repository/OCS-MOBILE /Cannabis page/Dried flower' is clicked on

2019-06-21 17:22:43 - [MESSAGE][PASSED] - Object: 'Object Repository/OCS-MOBILE /Cannabis page/Dried flower' is clicked on

2019-06-21 17:22:43 - [TEST_STEP][PASSED] - delay(2): Delayed 2 second(s)

2019-06-21 17:22:45 - [MESSAGE][PASSED] - Delayed 2 second(s)

2019-06-21 17:22:45 - [TEST_STEP][PASSED] - click(findTestObject("OCS-MOBILE /Cannabis page/Dried flower - Indica dominant")): Object: 'Object Repository/OCS-MOBILE /Cannabis page/Dried flower - Indica dominant' is clicked on

2019-06-21 17:22:47 - [MESSAGE][PASSED] - Object: 'Object Repository/OCS-MOBILE /Cannabis page/Dried flower - Indica dominant' is clicked on

2019-06-21 17:22:47 - [TEST_STEP][PASSED] - delay(2): Delayed 2 second(s)

2019-06-21 17:22:49 - [MESSAGE][PASSED] - Delayed 2 second(s)

2019-06-21 17:22:49 - [MESSAGE][PASSED] - Call Test Case 'Test Cases/OCS - MOBILE/OCS-COLLECTION PAGE/calling test case' successfully

2019-06-21 17:22:49 - [TEST_STEP][PASSED] - click(findTestObject("OCS-MOBILE /Collection page/sort option")): Object: 'Object Repository/OCS-MOBILE /Collection page/sort option' is clicked on

2019-06-21 17:22:49 - [MESSAGE][PASSED] - Object: 'Object Repository/OCS-MOBILE /Collection page/sort option' is clicked on

2019-06-21 17:22:49 - [TEST_STEP][PASSED] - delay(1): Delayed 1 second(s)

2019-06-21 17:22:50 - [MESSAGE][PASSED] - Delayed 1 second(s)

2019-06-21 17:22:50 - [TEST_STEP][PASSED] - setViewPortSize(1000, 800, OPTIONAL): Viewport is set to new size with width = 1000 and height = 800

2019-06-21 17:22:50 - [MESSAGE][PASSED] - Viewport is set to new size with width = 1000 and height = 800

2019-06-21 17:22:50 - [TEST_STEP][PASSED] - delay(2, OPTIONAL): Delayed 2 second(s)

2019-06-21 17:22:52 - [MESSAGE][PASSED] - Delayed 2 second(s)

2019-06-21 17:22:52 - [TEST_STEP][PASSED] - click(findTestObject("Theme_oR/Page_Ontario Cannabis Store  Ontari/button_Hide bar"), OPTIONAL): Unable to click on object (Root cause: java.lang.IllegalArgumentException: Object is null)

2019-06-21 17:22:52 - [MESSAGE][WARNING] - Test object with id 'Object Repository/Theme_oR/Page_Ontario Cannabis Store  Ontari/button_Hide bar' does not exist

2019-06-21 17:22:52 - [MESSAGE][WARNING] - Test object with id 'Object Repository/' does not exist

2019-06-21 17:22:52 - [MESSAGE][WARNING] - Unable to click on object (Root cause: java.lang.IllegalArgumentException: Object is null)
[[ATTACHMENT|/Users/sumankompelly/Relative xpath-Mobile/Reports/OCS - 1.11.0/20190621_165048/1561152172298.png]]

2019-06-21 17:22:52 - [TEST_STEP][PASSED] - delay(2, OPTIONAL): Delayed 2 second(s)

2019-06-21 17:22:54 - [MESSAGE][PASSED] - Delayed 2 second(s)

2019-06-21 17:22:54 - [TEST_STEP][PASSED] - setViewPortSize(360, 800, OPTIONAL): Viewport is set to new size with width = 360 and height = 800

2019-06-21 17:22:54 - [MESSAGE][PASSED] - Viewport is set to new size with width = 360 and height = 800

2019-06-21 17:22:54 - [TEST_STEP][PASSED] - delay(1, OPTIONAL): Delayed 1 second(s)

2019-06-21 17:22:55 - [MESSAGE][PASSED] - Delayed 1 second(s)

2019-06-21 17:22:55 - [TEST_STEP][PASSED] - executeJavaScript("var previewBar = document.getElementById("preview-bar-iframe"); previewBar.style.display = "none";", []): Execute JavaScript 'var previewBar = document.getElementById("preview-bar-iframe"); previewBar.style.display = "none";' successfully

2019-06-21 17:22:55 - [MESSAGE][PASSED] - Execute JavaScript 'var previewBar = document.getElementById("preview-bar-iframe"); previewBar.style.display = "none";' successfully

2019-06-21 17:22:55 - [TEST_STEP][PASSED] - click(findTestObject("OCS-MOBILE /Collection page/CBD Low to High")): Object: 'Object Repository/OCS-MOBILE /Collection page/CBD Low to High' is clicked on

2019-06-21 17:22:55 - [MESSAGE][PASSED] - Object: 'Object Repository/OCS-MOBILE /Collection page/CBD Low to High' is clicked on

2019-06-21 17:22:55 - [TEST_STEP][PASSED] - delay(1): Delayed 1 second(s)

2019-06-21 17:22:56 - [MESSAGE][PASSED] - Delayed 1 second(s)

2019-06-21 17:22:56 - [TEST_STEP][PASSED] - refresh(): Refresh successfully

2019-06-21 17:22:56 - [MESSAGE][PASSED] - Refresh successfully

2019-06-21 17:22:56 - [TEST_STEP][PASSED] - callTestCase(findTestCase("OCS - MOBILE/OCS-COLLECTION PAGE/calling test case"), [:], STOP_ON_FAILURE): Call Test Case 'Test Cases/OCS - MOBILE/OCS-COLLECTION PAGE/calling test case' successfully

2019-06-21 17:22:57 - [TEST_CASE][PASSED] - Test Cases/OCS - MOBILE/OCS-COLLECTION PAGE/calling test case: Test Cases/OCS - MOBILE/OCS-COLLECTION PAGE/calling test case

2019-06-21 17:22:57 - [TEST_STEP][PASSED] - delay(2): Delayed 2 second(s)

2019-06-21 17:22:59 - [MESSAGE][PASSED] - Delayed 2 second(s)

2019-06-21 17:22:59 - [TEST_STEP][PASSED] - click(findTestObject("OCS-MOBILE /Age gate and burger menu/Burger menu - English")): Object: 'Object Repository/OCS-MOBILE /Age gate and burger menu/Burger menu - English' is clicked on

2019-06-21 17:22:59 - [MESSAGE][PASSED] - Object: 'Object Repository/OCS-MOBILE /Age gate and burger menu/Burger menu - English' is clicked on

2019-06-21 17:22:59 - [TEST_STEP][PASSED] - delay(2): Delayed 2 second(s)

2019-06-21 17:23:01 - [MESSAGE][PASSED] - Delayed 2 second(s)

2019-06-21 17:23:01 - [TEST_STEP][PASSED] - click(findTestObject("OCS-MOBILE /Age gate and Mega menu/Chevron_Cannabis")): Object: 'Object Repository/OCS-MOBILE /Age gate and Mega menu/Chevron_Cannabis' is clicked on

2019-06-21 17:23:01 - [MESSAGE][PASSED] - Object: 'Object Repository/OCS-MOBILE /Age gate and Mega menu/Chevron_Cannabis' is clicked on

2019-06-21 17:23:01 - [TEST_STEP][PASSED] - delay(2): Delayed 2 second(s)

2019-06-21 17:23:03 - [MESSAGE][PASSED] - Delayed 2 second(s)

2019-06-21 17:23:03 - [TEST_STEP][PASSED] - click(findTestObject("OCS-MOBILE /Cannabis page/Dried flower")): Object: 'Object Repository/OCS-MOBILE /Cannabis page/Dried flower' is clicked on

2019-06-21 17:23:03 - [MESSAGE][PASSED] - Object: 'Object Repository/OCS-MOBILE /Cannabis page/Dried flower' is clicked on

2019-06-21 17:23:03 - [TEST_STEP][PASSED] - delay(2): Delayed 2 second(s)

2019-06-21 17:23:05 - [MESSAGE][PASSED] - Delayed 2 second(s)

2019-06-21 17:23:05 - [TEST_STEP][PASSED] - click(findTestObject("OCS-MOBILE /Cannabis page/Dried flower - Indica dominant")): Object: 'Object Repository/OCS-MOBILE /Cannabis page/Dried flower - Indica dominant' is clicked on

2019-06-21 17:23:07 - [MESSAGE][PASSED] - Object: 'Object Repository/OCS-MOBILE /Cannabis page/Dried flower - Indica dominant' is clicked on

2019-06-21 17:23:07 - [TEST_STEP][PASSED] - delay(2): Delayed 2 second(s)

2019-06-21 17:23:09 - [MESSAGE][PASSED] - Delayed 2 second(s)

2019-06-21 17:23:09 - [MESSAGE][PASSED] - Call Test Case 'Test Cases/OCS - MOBILE/OCS-COLLECTION PAGE/calling test case' successfully

2019-06-21 17:23:09 - [TEST_STEP][PASSED] - click(findTestObject("OCS-MOBILE /Collection page/sort option")): Object: 'Object Repository/OCS-MOBILE /Collection page/sort option' is clicked on

2019-06-21 17:23:09 - [MESSAGE][PASSED] - Object: 'Object Repository/OCS-MOBILE /Collection page/sort option' is clicked on

2019-06-21 17:23:09 - [TEST_STEP][PASSED] - delay(1): Delayed 1 second(s)

2019-06-21 17:23:10 - [MESSAGE][PASSED] - Delayed 1 second(s)

2019-06-21 17:23:10 - [TEST_STEP][PASSED] - setViewPortSize(1000, 800, OPTIONAL): Viewport is set to new size with width = 1000 and height = 800

2019-06-21 17:23:10 - [MESSAGE][PASSED] - Viewport is set to new size with width = 1000 and height = 800

2019-06-21 17:23:10 - [TEST_STEP][PASSED] - delay(2, OPTIONAL): Delayed 2 second(s)

2019-06-21 17:23:12 - [MESSAGE][PASSED] - Delayed 2 second(s)

2019-06-21 17:23:12 - [TEST_STEP][PASSED] - click(findTestObject("Theme_oR/Page_Ontario Cannabis Store  Ontari/button_Hide bar"), OPTIONAL): Unable to click on object (Root cause: java.lang.IllegalArgumentException: Object is null)

2019-06-21 17:23:12 - [MESSAGE][WARNING] - Test object with id 'Object Repository/Theme_oR/Page_Ontario Cannabis Store  Ontari/button_Hide bar' does not exist

2019-06-21 17:23:12 - [MESSAGE][WARNING] - Test object with id 'Object Repository/' does not exist

2019-06-21 17:23:12 - [MESSAGE][WARNING] - Unable to click on object (Root cause: java.lang.IllegalArgumentException: Object is null)
[[ATTACHMENT|/Users/sumankompelly/Relative xpath-Mobile/Reports/OCS - 1.11.0/20190621_165048/1561152192411.png]]

2019-06-21 17:23:12 - [TEST_STEP][PASSED] - delay(2, OPTIONAL): Delayed 2 second(s)

2019-06-21 17:23:14 - [MESSAGE][PASSED] - Delayed 2 second(s)

2019-06-21 17:23:14 - [TEST_STEP][PASSED] - setViewPortSize(360, 800, OPTIONAL): Viewport is set to new size with width = 360 and height = 800

2019-06-21 17:23:14 - [MESSAGE][PASSED] - Viewport is set to new size with width = 360 and height = 800

2019-06-21 17:23:14 - [TEST_STEP][PASSED] - delay(1, OPTIONAL): Delayed 1 second(s)

2019-06-21 17:23:15 - [MESSAGE][PASSED] - Delayed 1 second(s)

2019-06-21 17:23:15 - [TEST_STEP][PASSED] - executeJavaScript("var previewBar = document.getElementById("preview-bar-iframe"); previewBar.style.display = "none";", []): Execute JavaScript 'var previewBar = document.getElementById("preview-bar-iframe"); previewBar.style.display = "none";' successfully

2019-06-21 17:23:15 - [MESSAGE][PASSED] - Execute JavaScript 'var previewBar = document.getElementById("preview-bar-iframe"); previewBar.style.display = "none";' successfully

2019-06-21 17:23:15 - [TEST_STEP][PASSED] - click(findTestObject("OCS-MOBILE /Collection page/CBD High to Low")): Object: 'Object Repository/OCS-MOBILE /Collection page/CBD High to Low' is clicked on

2019-06-21 17:23:15 - [MESSAGE][PASSED] - Object: 'Object Repository/OCS-MOBILE /Collection page/CBD High to Low' is clicked on

2019-06-21 17:23:15 - [TEST_STEP][PASSED] - delay(1): Delayed 1 second(s)

2019-06-21 17:23:16 - [MESSAGE][PASSED] - Delayed 1 second(s)

2019-06-21 17:23:16 - [TEST_STEP][PASSED] - refresh(): Refresh successfully

2019-06-21 17:23:20 - [MESSAGE][PASSED] - Refresh successfully

2019-06-21 17:23:20 - [TEST_STEP][NOT_RUN] - callTestCase(findTestCase("OCS - MOBILE/OCS-COLLECTION PAGE/calling test case"), [:], STOP_ON_FAILURE): NOT_RUN: callTestCase(findTestCase("OCS - MOBILE/OCS-COLLECTION PAGE/calling test case"), [:], STOP_ON_FAILURE)

2019-06-21 17:23:20 - [MESSAGE][NOT_RUN] - NOT_RUN: callTestCase(findTestCase("OCS - MOBILE/OCS-COLLECTION PAGE/calling test case"), [:], STOP_ON_FAILURE)

2019-06-21 17:23:20 - [TEST_STEP][NOT_RUN] - click(findTestObject("OCS-MOBILE /Collection page/sort option")): NOT_RUN: click(findTestObject("OCS-MOBILE /Collection page/sort option"))

2019-06-21 17:23:20 - [MESSAGE][NOT_RUN] - NOT_RUN: click(findTestObject("OCS-MOBILE /Collection page/sort option"))

2019-06-21 17:23:20 - [TEST_STEP][NOT_RUN] - delay(1): NOT_RUN: delay(1)

2019-06-21 17:23:20 - [MESSAGE][NOT_RUN] - NOT_RUN: delay(1)

2019-06-21 17:23:20 - [TEST_STEP][NOT_RUN] - setViewPortSize(1000, 800, OPTIONAL): NOT_RUN: setViewPortSize(1000, 800, OPTIONAL)

2019-06-21 17:23:20 - [MESSAGE][NOT_RUN] - NOT_RUN: setViewPortSize(1000, 800, OPTIONAL)

2019-06-21 17:23:20 - [TEST_STEP][NOT_RUN] - delay(2, OPTIONAL): NOT_RUN: delay(2, OPTIONAL)

2019-06-21 17:23:20 - [MESSAGE][NOT_RUN] - NOT_RUN: delay(2, OPTIONAL)

2019-06-21 17:23:20 - [TEST_STEP][NOT_RUN] - click(findTestObject("Theme_oR/Page_Ontario Cannabis Store  Ontari/button_Hide bar"), OPTIONAL): NOT_RUN: click(findTestObject("Theme_oR/Page_Ontario Cannabis Store  Ontari/button_Hide bar"), OPTIONAL)

2019-06-21 17:23:20 - [MESSAGE][NOT_RUN] - NOT_RUN: click(findTestObject("Theme_oR/Page_Ontario Cannabis Store  Ontari/button_Hide bar"), OPTIONAL)

2019-06-21 17:23:20 - [TEST_STEP][NOT_RUN] - delay(2, OPTIONAL): NOT_RUN: delay(2, OPTIONAL)

2019-06-21 17:23:20 - [MESSAGE][NOT_RUN] - NOT_RUN: delay(2, OPTIONAL)

2019-06-21 17:23:20 - [TEST_STEP][NOT_RUN] - setViewPortSize(360, 800, OPTIONAL): NOT_RUN: setViewPortSize(360, 800, OPTIONAL)

2019-06-21 17:23:20 - [MESSAGE][NOT_RUN] - NOT_RUN: setViewPortSize(360, 800, OPTIONAL)

2019-06-21 17:23:20 - [TEST_STEP][NOT_RUN] - delay(1, OPTIONAL): NOT_RUN: delay(1, OPTIONAL)

2019-06-21 17:23:20 - [MESSAGE][NOT_RUN] - NOT_RUN: delay(1, OPTIONAL)

2019-06-21 17:23:20 - [TEST_STEP][NOT_RUN] - click(findTestObject("OCS-MOBILE /Collection page/label_THC  High to Low")): NOT_RUN: click(findTestObject("OCS-MOBILE /Collection page/label_THC  High to Low"))

2019-06-21 17:23:20 - [MESSAGE][NOT_RUN] - NOT_RUN: click(findTestObject("OCS-MOBILE /Collection page/label_THC  High to Low"))

2019-06-21 17:23:20 - [TEST_STEP][NOT_RUN] - delay(1): NOT_RUN: delay(1)

2019-06-21 17:23:20 - [MESSAGE][NOT_RUN] - NOT_RUN: delay(1)

2019-06-21 17:23:20 - [TEST_STEP][PASSED] - refresh(): Refresh successfully

2019-06-21 17:23:20 - [MESSAGE][PASSED] - Refresh successfully]]></system-out>
         <system-err><![CDATA[]]></system-err>
      </testcase>
      <testcase name="Test Cases/OCS - MOBILE/OCS-COLLECTION PAGE/Chevron dropdown" classname="Test Cases/OCS - MOBILE/OCS-COLLECTION PAGE/Chevron dropdown" status="PASSED">
         <system-out><![CDATA[2019-06-21 17:23:20 - [TEST_CASE][PASSED] - Test Cases/OCS - MOBILE/OCS-COLLECTION PAGE/Chevron dropdown: Test Cases/OCS - MOBILE/OCS-COLLECTION PAGE/Chevron dropdown

2019-06-21 17:23:20 - [TEST_STEP][PASSED] - callTestCase(findTestCase("OCS - MOBILE/CALL - AGE GATE"), [:], STOP_ON_FAILURE): Call Test Case 'Test Cases/OCS - MOBILE/CALL - AGE GATE' successfully

2019-06-21 17:23:20 - [TEST_CASE][PASSED] - Test Cases/OCS - MOBILE/CALL - AGE GATE: Test Cases/OCS - MOBILE/CALL - AGE GATE

2019-06-21 17:23:20 - [TEST_STEP][PASSED] - openBrowser(""): Browser is opened with url: ''

2019-06-21 17:23:20 - [MESSAGE][WARNING] - A browser is already opened. Closing browser and opening a new one

2019-06-21 17:23:20 - [MESSAGE][INFO] - Starting 'Chrome' driver

2019-06-21 17:23:21 - [MESSAGE][PASSED] - Browser is opened with url: ''

2019-06-21 17:23:21 - [TEST_STEP][PASSED] - navigateToUrl("https://ocs.ca/?fts=0&preview_theme_id=74057975628"): Navigate to 'https://ocs.ca/?fts=0&preview_theme_id=74057975628' successfully

2019-06-21 17:23:25 - [MESSAGE][PASSED] - Navigate to 'https://ocs.ca/?fts=0&preview_theme_id=74057975628' successfully

2019-06-21 17:23:25 - [TEST_STEP][PASSED] - executeJavaScript("var previewBar = document.getElementById("preview-bar-iframe"); previewBar.style.display = "none";", []): Execute JavaScript 'var previewBar = document.getElementById("preview-bar-iframe"); previewBar.style.display = "none";' successfully

2019-06-21 17:23:25 - [MESSAGE][PASSED] - Execute JavaScript 'var previewBar = document.getElementById("preview-bar-iframe"); previewBar.style.display = "none";' successfully

2019-06-21 17:23:25 - [TEST_STEP][PASSED] - setViewPortSize(360, 800): Viewport is set to new size with width = 360 and height = 800

2019-06-21 17:23:25 - [MESSAGE][PASSED] - Viewport is set to new size with width = 360 and height = 800

2019-06-21 17:23:25 - [TEST_STEP][PASSED] - delay(4): Delayed 4 second(s)

2019-06-21 17:23:29 - [MESSAGE][PASSED] - Delayed 4 second(s)

2019-06-21 17:23:29 - [TEST_STEP][PASSED] - selectOptionByValue(findTestObject("OCS-MOBILE /Age gate and burger menu/Date"), "12", true): All options with value '12' are selected in object 'Object Repository/OCS-MOBILE /Age gate and burger menu/Date'  using regular expression

2019-06-21 17:23:29 - [MESSAGE][PASSED] - All options with value '12' are selected in object 'Object Repository/OCS-MOBILE /Age gate and burger menu/Date'  using regular expression

2019-06-21 17:23:29 - [TEST_STEP][PASSED] - selectOptionByValue(findTestObject("OCS-MOBILE /Age gate and burger menu/month"), "6", true): All options with value '6' are selected in object 'Object Repository/OCS-MOBILE /Age gate and burger menu/month'  using regular expression

2019-06-21 17:23:29 - [MESSAGE][PASSED] - All options with value '6' are selected in object 'Object Repository/OCS-MOBILE /Age gate and burger menu/month'  using regular expression

2019-06-21 17:23:29 - [TEST_STEP][PASSED] - delay(2): Delayed 2 second(s)

2019-06-21 17:23:31 - [MESSAGE][PASSED] - Delayed 2 second(s)

2019-06-21 17:23:31 - [TEST_STEP][PASSED] - selectOptionByValue(findTestObject("OCS-MOBILE /Age gate and burger menu/Year Dropdown"), "1990", true): All options with value '1990' are selected in object 'Object Repository/OCS-MOBILE /Age gate and burger menu/Year Dropdown'  using regular expression

2019-06-21 17:23:33 - [MESSAGE][PASSED] - All options with value '1990' are selected in object 'Object Repository/OCS-MOBILE /Age gate and burger menu/Year Dropdown'  using regular expression

2019-06-21 17:23:33 - [TEST_STEP][PASSED] - click(findTestObject("OCS-MOBILE /Age gate and Mega menu/button_Verify")): Object: 'Object Repository/OCS-MOBILE /Age gate and Mega menu/button_Verify' is clicked on

2019-06-21 17:23:33 - [MESSAGE][PASSED] - Object: 'Object Repository/OCS-MOBILE /Age gate and Mega menu/button_Verify' is clicked on

2019-06-21 17:23:33 - [TEST_STEP][PASSED] - click(findTestObject("OCS-MOBILE /Age gate and Mega menu/Checkbox_CONFIRM AND ACKNOWLEDGE")): Object: 'Object Repository/OCS-MOBILE /Age gate and Mega menu/Checkbox_CONFIRM AND ACKNOWLEDGE' is clicked on

2019-06-21 17:23:33 - [MESSAGE][PASSED] - Object: 'Object Repository/OCS-MOBILE /Age gate and Mega menu/Checkbox_CONFIRM AND ACKNOWLEDGE' is clicked on

2019-06-21 17:23:33 - [TEST_STEP][PASSED] - click(findTestObject("OCS-MOBILE /Age gate and Mega menu/button_CONFIRM")): Object: 'Object Repository/OCS-MOBILE /Age gate and Mega menu/button_CONFIRM' is clicked on

2019-06-21 17:23:33 - [MESSAGE][PASSED] - Object: 'Object Repository/OCS-MOBILE /Age gate and Mega menu/button_CONFIRM' is clicked on

2019-06-21 17:23:33 - [TEST_STEP][PASSED] - click(findTestObject("OCS-MOBILE /Age gate and Mega menu/button_Start Browsing")): Object: 'Object Repository/OCS-MOBILE /Age gate and Mega menu/button_Start Browsing' is clicked on

2019-06-21 17:23:33 - [MESSAGE][PASSED] - Object: 'Object Repository/OCS-MOBILE /Age gate and Mega menu/button_Start Browsing' is clicked on

2019-06-21 17:23:33 - [TEST_STEP][PASSED] - refresh(): Refresh successfully

2019-06-21 17:23:33 - [MESSAGE][PASSED] - Refresh successfully

2019-06-21 17:23:33 - [TEST_STEP][PASSED] - executeJavaScript("var previewBar = document.getElementById("preview-bar-iframe"); previewBar.style.display = "none";", []): Execute JavaScript 'var previewBar = document.getElementById("preview-bar-iframe"); previewBar.style.display = "none";' successfully

2019-06-21 17:23:36 - [MESSAGE][PASSED] - Execute JavaScript 'var previewBar = document.getElementById("preview-bar-iframe"); previewBar.style.display = "none";' successfully

2019-06-21 17:23:36 - [MESSAGE][PASSED] - Call Test Case 'Test Cases/OCS - MOBILE/CALL - AGE GATE' successfully

2019-06-21 17:23:36 - [TEST_STEP][PASSED] - delay(2): Delayed 2 second(s)

2019-06-21 17:23:38 - [MESSAGE][PASSED] - Delayed 2 second(s)

2019-06-21 17:23:38 - [TEST_STEP][PASSED] - click(findTestObject("OCS-MOBILE /Age gate and burger menu/Burger menu - English")): Object: 'Object Repository/OCS-MOBILE /Age gate and burger menu/Burger menu - English' is clicked on

2019-06-21 17:23:38 - [MESSAGE][PASSED] - Object: 'Object Repository/OCS-MOBILE /Age gate and burger menu/Burger menu - English' is clicked on

2019-06-21 17:23:38 - [TEST_STEP][PASSED] - delay(2): Delayed 2 second(s)

2019-06-21 17:23:40 - [MESSAGE][PASSED] - Delayed 2 second(s)

2019-06-21 17:23:40 - [TEST_STEP][PASSED] - click(findTestObject("OCS-MOBILE /Age gate and Mega menu/Chevron_Cannabis")): Object: 'Object Repository/OCS-MOBILE /Age gate and Mega menu/Chevron_Cannabis' is clicked on

2019-06-21 17:23:40 - [MESSAGE][PASSED] - Object: 'Object Repository/OCS-MOBILE /Age gate and Mega menu/Chevron_Cannabis' is clicked on

2019-06-21 17:23:40 - [TEST_STEP][PASSED] - delay(2): Delayed 2 second(s)

2019-06-21 17:23:42 - [MESSAGE][PASSED] - Delayed 2 second(s)

2019-06-21 17:23:42 - [TEST_STEP][PASSED] - click(findTestObject("OCS-MOBILE /Cannabis page/Dried flower")): Object: 'Object Repository/OCS-MOBILE /Cannabis page/Dried flower' is clicked on

2019-06-21 17:23:42 - [MESSAGE][PASSED] - Object: 'Object Repository/OCS-MOBILE /Cannabis page/Dried flower' is clicked on

2019-06-21 17:23:42 - [TEST_STEP][PASSED] - delay(2): Delayed 2 second(s)

2019-06-21 17:23:44 - [MESSAGE][PASSED] - Delayed 2 second(s)

2019-06-21 17:23:44 - [TEST_STEP][PASSED] - click(findTestObject("OCS-MOBILE /Cannabis page/Dried flower - Indica dominant")): Object: 'Object Repository/OCS-MOBILE /Cannabis page/Dried flower - Indica dominant' is clicked on

2019-06-21 17:23:46 - [MESSAGE][PASSED] - Object: 'Object Repository/OCS-MOBILE /Cannabis page/Dried flower - Indica dominant' is clicked on

2019-06-21 17:23:46 - [TEST_STEP][PASSED] - delay(2): Delayed 2 second(s)

2019-06-21 17:23:48 - [MESSAGE][PASSED] - Delayed 2 second(s)

2019-06-21 17:23:48 - [TEST_STEP][PASSED] - click(findTestObject("OCS-MOBILE /Collection page/dropdown")): Object: 'Object Repository/OCS-MOBILE /Collection page/dropdown' is clicked on

2019-06-21 17:23:49 - [MESSAGE][PASSED] - Object: 'Object Repository/OCS-MOBILE /Collection page/dropdown' is clicked on

2019-06-21 17:23:49 - [TEST_STEP][PASSED] - delay(2): Delayed 2 second(s)

2019-06-21 17:23:51 - [MESSAGE][PASSED] - Delayed 2 second(s)

2019-06-21 17:23:51 - [TEST_STEP][PASSED] - flag = verifyElementPresent(findTestObject("OCS-MOBILE /Collection page/element inside"), 0): Object 'Object Repository/OCS-MOBILE /Collection page/element inside' is present

2019-06-21 17:23:51 - [MESSAGE][WARNING] - Timeout '0' is invalid. Using default page load timeout: '30'

2019-06-21 17:23:51 - [MESSAGE][PASSED] - Object 'Object Repository/OCS-MOBILE /Collection page/element inside' is present

2019-06-21 17:23:51 - [TEST_STEP][PASSED] - comment("flag=" + flag): flag=true

2019-06-21 17:23:51 - [MESSAGE][INFO] - flag=true

2019-06-21 17:23:51 - [TEST_STEP][PASSED] - if (flag == true): a=Dried Flower

2019-06-21 17:23:51 - [TEST_STEP][PASSED] - a = getText(findTestObject("OCS-MOBILE /Collection page/print element inside")): Text of object 'Object Repository/OCS-MOBILE /Collection page/print element inside' is: 'Dried Flower'

2019-06-21 17:23:51 - [MESSAGE][PASSED] - Text of object 'Object Repository/OCS-MOBILE /Collection page/print element inside' is: 'Dried Flower'

2019-06-21 17:23:51 - [TEST_STEP][PASSED] - comment("a=" + a): a=Dried Flower

2019-06-21 17:23:51 - [MESSAGE][INFO] - a=Dried Flower

2019-06-21 17:23:51 - [TEST_STEP][PASSED] - delay(2): Delayed 2 second(s)

2019-06-21 17:23:53 - [MESSAGE][PASSED] - Delayed 2 second(s)

2019-06-21 17:23:53 - [TEST_STEP][PASSED] - click(findTestObject("OCS-MOBILE /Collection page/dropdown")): Object: 'Object Repository/OCS-MOBILE /Collection page/dropdown' is clicked on

2019-06-21 17:23:53 - [MESSAGE][PASSED] - Object: 'Object Repository/OCS-MOBILE /Collection page/dropdown' is clicked on]]></system-out>
         <system-err><![CDATA[]]></system-err>
      </testcase>
      <testcase name="Test Cases/OCS - MOBILE/OCS-COLLECTION PAGE/What to consider" classname="Test Cases/OCS - MOBILE/OCS-COLLECTION PAGE/What to consider" status="PASSED">
         <system-out><![CDATA[2019-06-21 17:23:53 - [TEST_CASE][PASSED] - Test Cases/OCS - MOBILE/OCS-COLLECTION PAGE/What to consider: Test Cases/OCS - MOBILE/OCS-COLLECTION PAGE/What to consider

2019-06-21 17:23:53 - [TEST_STEP][PASSED] - callTestCase(findTestCase("OCS - MOBILE/CALL - AGE GATE"), [:], STOP_ON_FAILURE): Call Test Case 'Test Cases/OCS - MOBILE/CALL - AGE GATE' successfully

2019-06-21 17:23:53 - [TEST_CASE][PASSED] - Test Cases/OCS - MOBILE/CALL - AGE GATE: Test Cases/OCS - MOBILE/CALL - AGE GATE

2019-06-21 17:23:53 - [TEST_STEP][PASSED] - openBrowser(""): Browser is opened with url: ''

2019-06-21 17:23:53 - [MESSAGE][WARNING] - A browser is already opened. Closing browser and opening a new one

2019-06-21 17:23:53 - [MESSAGE][INFO] - Starting 'Chrome' driver

2019-06-21 17:23:54 - [MESSAGE][PASSED] - Browser is opened with url: ''

2019-06-21 17:23:54 - [TEST_STEP][PASSED] - navigateToUrl("https://ocs.ca/?fts=0&preview_theme_id=74057975628"): Navigate to 'https://ocs.ca/?fts=0&preview_theme_id=74057975628' successfully

2019-06-21 17:23:57 - [MESSAGE][PASSED] - Navigate to 'https://ocs.ca/?fts=0&preview_theme_id=74057975628' successfully

2019-06-21 17:23:57 - [TEST_STEP][PASSED] - executeJavaScript("var previewBar = document.getElementById("preview-bar-iframe"); previewBar.style.display = "none";", []): Execute JavaScript 'var previewBar = document.getElementById("preview-bar-iframe"); previewBar.style.display = "none";' successfully

2019-06-21 17:23:57 - [MESSAGE][PASSED] - Execute JavaScript 'var previewBar = document.getElementById("preview-bar-iframe"); previewBar.style.display = "none";' successfully

2019-06-21 17:23:57 - [TEST_STEP][PASSED] - setViewPortSize(360, 800): Viewport is set to new size with width = 360 and height = 800

2019-06-21 17:23:57 - [MESSAGE][PASSED] - Viewport is set to new size with width = 360 and height = 800

2019-06-21 17:23:57 - [TEST_STEP][PASSED] - delay(4): Delayed 4 second(s)

2019-06-21 17:24:01 - [MESSAGE][PASSED] - Delayed 4 second(s)

2019-06-21 17:24:01 - [TEST_STEP][PASSED] - selectOptionByValue(findTestObject("OCS-MOBILE /Age gate and burger menu/Date"), "12", true): All options with value '12' are selected in object 'Object Repository/OCS-MOBILE /Age gate and burger menu/Date'  using regular expression

2019-06-21 17:24:02 - [MESSAGE][PASSED] - All options with value '12' are selected in object 'Object Repository/OCS-MOBILE /Age gate and burger menu/Date'  using regular expression

2019-06-21 17:24:02 - [TEST_STEP][PASSED] - selectOptionByValue(findTestObject("OCS-MOBILE /Age gate and burger menu/month"), "6", true): All options with value '6' are selected in object 'Object Repository/OCS-MOBILE /Age gate and burger menu/month'  using regular expression

2019-06-21 17:24:02 - [MESSAGE][PASSED] - All options with value '6' are selected in object 'Object Repository/OCS-MOBILE /Age gate and burger menu/month'  using regular expression

2019-06-21 17:24:02 - [TEST_STEP][PASSED] - delay(2): Delayed 2 second(s)

2019-06-21 17:24:04 - [MESSAGE][PASSED] - Delayed 2 second(s)

2019-06-21 17:24:04 - [TEST_STEP][PASSED] - selectOptionByValue(findTestObject("OCS-MOBILE /Age gate and burger menu/Year Dropdown"), "1990", true): All options with value '1990' are selected in object 'Object Repository/OCS-MOBILE /Age gate and burger menu/Year Dropdown'  using regular expression

2019-06-21 17:24:05 - [MESSAGE][PASSED] - All options with value '1990' are selected in object 'Object Repository/OCS-MOBILE /Age gate and burger menu/Year Dropdown'  using regular expression

2019-06-21 17:24:05 - [TEST_STEP][PASSED] - click(findTestObject("OCS-MOBILE /Age gate and Mega menu/button_Verify")): Object: 'Object Repository/OCS-MOBILE /Age gate and Mega menu/button_Verify' is clicked on

2019-06-21 17:24:05 - [MESSAGE][PASSED] - Object: 'Object Repository/OCS-MOBILE /Age gate and Mega menu/button_Verify' is clicked on

2019-06-21 17:24:05 - [TEST_STEP][PASSED] - click(findTestObject("OCS-MOBILE /Age gate and Mega menu/Checkbox_CONFIRM AND ACKNOWLEDGE")): Object: 'Object Repository/OCS-MOBILE /Age gate and Mega menu/Checkbox_CONFIRM AND ACKNOWLEDGE' is clicked on

2019-06-21 17:24:05 - [MESSAGE][PASSED] - Object: 'Object Repository/OCS-MOBILE /Age gate and Mega menu/Checkbox_CONFIRM AND ACKNOWLEDGE' is clicked on

2019-06-21 17:24:05 - [TEST_STEP][PASSED] - click(findTestObject("OCS-MOBILE /Age gate and Mega menu/button_CONFIRM")): Object: 'Object Repository/OCS-MOBILE /Age gate and Mega menu/button_CONFIRM' is clicked on

2019-06-21 17:24:05 - [MESSAGE][PASSED] - Object: 'Object Repository/OCS-MOBILE /Age gate and Mega menu/button_CONFIRM' is clicked on

2019-06-21 17:24:05 - [TEST_STEP][PASSED] - click(findTestObject("OCS-MOBILE /Age gate and Mega menu/button_Start Browsing")): Object: 'Object Repository/OCS-MOBILE /Age gate and Mega menu/button_Start Browsing' is clicked on

2019-06-21 17:24:05 - [MESSAGE][PASSED] - Object: 'Object Repository/OCS-MOBILE /Age gate and Mega menu/button_Start Browsing' is clicked on

2019-06-21 17:24:05 - [TEST_STEP][PASSED] - refresh(): Refresh successfully

2019-06-21 17:24:05 - [MESSAGE][PASSED] - Refresh successfully

2019-06-21 17:24:05 - [TEST_STEP][PASSED] - executeJavaScript("var previewBar = document.getElementById("preview-bar-iframe"); previewBar.style.display = "none";", []): Execute JavaScript 'var previewBar = document.getElementById("preview-bar-iframe"); previewBar.style.display = "none";' successfully

2019-06-21 17:24:08 - [MESSAGE][PASSED] - Execute JavaScript 'var previewBar = document.getElementById("preview-bar-iframe"); previewBar.style.display = "none";' successfully

2019-06-21 17:24:08 - [MESSAGE][PASSED] - Call Test Case 'Test Cases/OCS - MOBILE/CALL - AGE GATE' successfully

2019-06-21 17:24:08 - [TEST_STEP][PASSED] - delay(2): Delayed 2 second(s)

2019-06-21 17:24:10 - [MESSAGE][PASSED] - Delayed 2 second(s)

2019-06-21 17:24:10 - [TEST_STEP][PASSED] - click(findTestObject("OCS-MOBILE /Age gate and burger menu/Burger menu - English")): Object: 'Object Repository/OCS-MOBILE /Age gate and burger menu/Burger menu - English' is clicked on

2019-06-21 17:24:10 - [MESSAGE][PASSED] - Object: 'Object Repository/OCS-MOBILE /Age gate and burger menu/Burger menu - English' is clicked on

2019-06-21 17:24:10 - [TEST_STEP][PASSED] - delay(2): Delayed 2 second(s)

2019-06-21 17:24:12 - [MESSAGE][PASSED] - Delayed 2 second(s)

2019-06-21 17:24:12 - [TEST_STEP][PASSED] - click(findTestObject("OCS-MOBILE /Age gate and Mega menu/Chevron_Cannabis")): Object: 'Object Repository/OCS-MOBILE /Age gate and Mega menu/Chevron_Cannabis' is clicked on

2019-06-21 17:24:12 - [MESSAGE][PASSED] - Object: 'Object Repository/OCS-MOBILE /Age gate and Mega menu/Chevron_Cannabis' is clicked on

2019-06-21 17:24:12 - [TEST_STEP][PASSED] - delay(2): Delayed 2 second(s)

2019-06-21 17:24:14 - [MESSAGE][PASSED] - Delayed 2 second(s)

2019-06-21 17:24:14 - [TEST_STEP][PASSED] - click(findTestObject("OCS-MOBILE /Cannabis page/Dried flower")): Object: 'Object Repository/OCS-MOBILE /Cannabis page/Dried flower' is clicked on

2019-06-21 17:24:14 - [MESSAGE][PASSED] - Object: 'Object Repository/OCS-MOBILE /Cannabis page/Dried flower' is clicked on

2019-06-21 17:24:14 - [TEST_STEP][PASSED] - delay(2): Delayed 2 second(s)

2019-06-21 17:24:16 - [MESSAGE][PASSED] - Delayed 2 second(s)

2019-06-21 17:24:16 - [TEST_STEP][PASSED] - click(findTestObject("OCS-MOBILE /Cannabis page/Dried flower - Indica dominant")): Object: 'Object Repository/OCS-MOBILE /Cannabis page/Dried flower - Indica dominant' is clicked on

2019-06-21 17:24:19 - [MESSAGE][PASSED] - Object: 'Object Repository/OCS-MOBILE /Cannabis page/Dried flower - Indica dominant' is clicked on

2019-06-21 17:24:19 - [TEST_STEP][PASSED] - executeJavaScript("var previewBar = document.getElementById("preview-bar-iframe"); previewBar.style.display = "none";", []): Execute JavaScript 'var previewBar = document.getElementById("preview-bar-iframe"); previewBar.style.display = "none";' successfully

2019-06-21 17:24:19 - [MESSAGE][PASSED] - Execute JavaScript 'var previewBar = document.getElementById("preview-bar-iframe"); previewBar.style.display = "none";' successfully

2019-06-21 17:24:19 - [TEST_STEP][PASSED] - delay(2): Delayed 2 second(s)

2019-06-21 17:24:21 - [MESSAGE][PASSED] - Delayed 2 second(s)

2019-06-21 17:24:21 - [TEST_STEP][PASSED] - click(findTestObject("OCS-MOBILE /Collection page/loadmore")): Object: 'Object Repository/OCS-MOBILE /Collection page/loadmore' is clicked on

2019-06-21 17:24:21 - [MESSAGE][PASSED] - Object: 'Object Repository/OCS-MOBILE /Collection page/loadmore' is clicked on

2019-06-21 17:24:21 - [TEST_STEP][PASSED] - delay(2): Delayed 2 second(s)

2019-06-21 17:24:23 - [MESSAGE][PASSED] - Delayed 2 second(s)

2019-06-21 17:24:23 - [TEST_STEP][PASSED] - click(findTestObject("OCS-MOBILE /Collection page/What to consider")): Object: 'Object Repository/OCS-MOBILE /Collection page/What to consider' is clicked on

2019-06-21 17:24:26 - [MESSAGE][PASSED] - Object: 'Object Repository/OCS-MOBILE /Collection page/What to consider' is clicked on

2019-06-21 17:24:26 - [TEST_STEP][PASSED] - verifyTextPresent("Six things to know before deciding to consume cannabis.", false): Text 'Six things to know before deciding to consume cannabis.' is present on page 

2019-06-21 17:24:26 - [MESSAGE][PASSED] - Text 'Six things to know before deciding to consume cannabis.' is present on page]]></system-out>
         <system-err><![CDATA[]]></system-err>
      </testcase>
      <testcase name="Test Cases/OCS - MOBILE/OCS-COLLECTION PAGE/Filter" classname="Test Cases/OCS - MOBILE/OCS-COLLECTION PAGE/Filter" status="PASSED">
         <system-out><![CDATA[2019-06-21 17:24:26 - [TEST_CASE][PASSED] - Test Cases/OCS - MOBILE/OCS-COLLECTION PAGE/Filter: Test Cases/OCS - MOBILE/OCS-COLLECTION PAGE/Filter

2019-06-21 17:24:26 - [TEST_STEP][PASSED] - callTestCase(findTestCase("OCS - MOBILE/CALL - AGE GATE"), [:], STOP_ON_FAILURE): Call Test Case 'Test Cases/OCS - MOBILE/CALL - AGE GATE' successfully

2019-06-21 17:24:26 - [TEST_CASE][PASSED] - Test Cases/OCS - MOBILE/CALL - AGE GATE: Test Cases/OCS - MOBILE/CALL - AGE GATE

2019-06-21 17:24:26 - [TEST_STEP][PASSED] - openBrowser(""): Browser is opened with url: ''

2019-06-21 17:24:26 - [MESSAGE][WARNING] - A browser is already opened. Closing browser and opening a new one

2019-06-21 17:24:26 - [MESSAGE][INFO] - Starting 'Chrome' driver

2019-06-21 17:24:27 - [MESSAGE][PASSED] - Browser is opened with url: ''

2019-06-21 17:24:27 - [TEST_STEP][PASSED] - navigateToUrl("https://ocs.ca/?fts=0&preview_theme_id=74057975628"): Navigate to 'https://ocs.ca/?fts=0&preview_theme_id=74057975628' successfully

2019-06-21 17:24:30 - [MESSAGE][PASSED] - Navigate to 'https://ocs.ca/?fts=0&preview_theme_id=74057975628' successfully

2019-06-21 17:24:30 - [TEST_STEP][PASSED] - executeJavaScript("var previewBar = document.getElementById("preview-bar-iframe"); previewBar.style.display = "none";", []): Execute JavaScript 'var previewBar = document.getElementById("preview-bar-iframe"); previewBar.style.display = "none";' successfully

2019-06-21 17:24:30 - [MESSAGE][PASSED] - Execute JavaScript 'var previewBar = document.getElementById("preview-bar-iframe"); previewBar.style.display = "none";' successfully

2019-06-21 17:24:30 - [TEST_STEP][PASSED] - setViewPortSize(360, 800): Viewport is set to new size with width = 360 and height = 800

2019-06-21 17:24:30 - [MESSAGE][PASSED] - Viewport is set to new size with width = 360 and height = 800

2019-06-21 17:24:30 - [TEST_STEP][PASSED] - delay(4): Delayed 4 second(s)

2019-06-21 17:24:34 - [MESSAGE][PASSED] - Delayed 4 second(s)

2019-06-21 17:24:34 - [TEST_STEP][PASSED] - selectOptionByValue(findTestObject("OCS-MOBILE /Age gate and burger menu/Date"), "12", true): All options with value '12' are selected in object 'Object Repository/OCS-MOBILE /Age gate and burger menu/Date'  using regular expression

2019-06-21 17:24:35 - [MESSAGE][PASSED] - All options with value '12' are selected in object 'Object Repository/OCS-MOBILE /Age gate and burger menu/Date'  using regular expression

2019-06-21 17:24:35 - [TEST_STEP][PASSED] - selectOptionByValue(findTestObject("OCS-MOBILE /Age gate and burger menu/month"), "6", true): All options with value '6' are selected in object 'Object Repository/OCS-MOBILE /Age gate and burger menu/month'  using regular expression

2019-06-21 17:24:35 - [MESSAGE][PASSED] - All options with value '6' are selected in object 'Object Repository/OCS-MOBILE /Age gate and burger menu/month'  using regular expression

2019-06-21 17:24:35 - [TEST_STEP][PASSED] - delay(2): Delayed 2 second(s)

2019-06-21 17:24:37 - [MESSAGE][PASSED] - Delayed 2 second(s)

2019-06-21 17:24:37 - [TEST_STEP][PASSED] - selectOptionByValue(findTestObject("OCS-MOBILE /Age gate and burger menu/Year Dropdown"), "1990", true): All options with value '1990' are selected in object 'Object Repository/OCS-MOBILE /Age gate and burger menu/Year Dropdown'  using regular expression

2019-06-21 17:24:38 - [MESSAGE][PASSED] - All options with value '1990' are selected in object 'Object Repository/OCS-MOBILE /Age gate and burger menu/Year Dropdown'  using regular expression

2019-06-21 17:24:38 - [TEST_STEP][PASSED] - click(findTestObject("OCS-MOBILE /Age gate and Mega menu/button_Verify")): Object: 'Object Repository/OCS-MOBILE /Age gate and Mega menu/button_Verify' is clicked on

2019-06-21 17:24:38 - [MESSAGE][PASSED] - Object: 'Object Repository/OCS-MOBILE /Age gate and Mega menu/button_Verify' is clicked on

2019-06-21 17:24:38 - [TEST_STEP][PASSED] - click(findTestObject("OCS-MOBILE /Age gate and Mega menu/Checkbox_CONFIRM AND ACKNOWLEDGE")): Object: 'Object Repository/OCS-MOBILE /Age gate and Mega menu/Checkbox_CONFIRM AND ACKNOWLEDGE' is clicked on

2019-06-21 17:24:38 - [MESSAGE][PASSED] - Object: 'Object Repository/OCS-MOBILE /Age gate and Mega menu/Checkbox_CONFIRM AND ACKNOWLEDGE' is clicked on

2019-06-21 17:24:38 - [TEST_STEP][PASSED] - click(findTestObject("OCS-MOBILE /Age gate and Mega menu/button_CONFIRM")): Object: 'Object Repository/OCS-MOBILE /Age gate and Mega menu/button_CONFIRM' is clicked on

2019-06-21 17:24:38 - [MESSAGE][PASSED] - Object: 'Object Repository/OCS-MOBILE /Age gate and Mega menu/button_CONFIRM' is clicked on

2019-06-21 17:24:38 - [TEST_STEP][PASSED] - click(findTestObject("OCS-MOBILE /Age gate and Mega menu/button_Start Browsing")): Object: 'Object Repository/OCS-MOBILE /Age gate and Mega menu/button_Start Browsing' is clicked on

2019-06-21 17:24:38 - [MESSAGE][PASSED] - Object: 'Object Repository/OCS-MOBILE /Age gate and Mega menu/button_Start Browsing' is clicked on

2019-06-21 17:24:38 - [TEST_STEP][PASSED] - refresh(): Refresh successfully

2019-06-21 17:24:41 - [MESSAGE][PASSED] - Refresh successfully

2019-06-21 17:24:41 - [TEST_STEP][PASSED] - executeJavaScript("var previewBar = document.getElementById("preview-bar-iframe"); previewBar.style.display = "none";", []): Execute JavaScript 'var previewBar = document.getElementById("preview-bar-iframe"); previewBar.style.display = "none";' successfully

2019-06-21 17:24:41 - [MESSAGE][PASSED] - Execute JavaScript 'var previewBar = document.getElementById("preview-bar-iframe"); previewBar.style.display = "none";' successfully

2019-06-21 17:24:41 - [MESSAGE][PASSED] - Call Test Case 'Test Cases/OCS - MOBILE/CALL - AGE GATE' successfully

2019-06-21 17:24:41 - [TEST_STEP][PASSED] - click(findTestObject("OCS-MOBILE /Age gate and burger menu/Burger menu - English")): Object: 'Object Repository/OCS-MOBILE /Age gate and burger menu/Burger menu - English' is clicked on

2019-06-21 17:24:41 - [MESSAGE][PASSED] - Object: 'Object Repository/OCS-MOBILE /Age gate and burger menu/Burger menu - English' is clicked on

2019-06-21 17:24:41 - [TEST_STEP][PASSED] - delay(2): Delayed 2 second(s)

2019-06-21 17:24:43 - [MESSAGE][PASSED] - Delayed 2 second(s)

2019-06-21 17:24:43 - [TEST_STEP][PASSED] - click(findTestObject("OCS-MOBILE /Age gate and Mega menu/Chevron_Cannabis")): Object: 'Object Repository/OCS-MOBILE /Age gate and Mega menu/Chevron_Cannabis' is clicked on

2019-06-21 17:24:43 - [MESSAGE][PASSED] - Object: 'Object Repository/OCS-MOBILE /Age gate and Mega menu/Chevron_Cannabis' is clicked on

2019-06-21 17:24:43 - [TEST_STEP][PASSED] - delay(1): Delayed 1 second(s)

2019-06-21 17:24:44 - [MESSAGE][PASSED] - Delayed 1 second(s)

2019-06-21 17:24:44 - [TEST_STEP][PASSED] - click(findTestObject("OCS-MOBILE /Cannabis page/Dried flower")): Object: 'Object Repository/OCS-MOBILE /Cannabis page/Dried flower' is clicked on

2019-06-21 17:24:44 - [MESSAGE][PASSED] - Object: 'Object Repository/OCS-MOBILE /Cannabis page/Dried flower' is clicked on

2019-06-21 17:24:44 - [TEST_STEP][PASSED] - delay(1): Delayed 1 second(s)

2019-06-21 17:24:45 - [MESSAGE][PASSED] - Delayed 1 second(s)

2019-06-21 17:24:45 - [TEST_STEP][PASSED] - click(findTestObject("OCS-MOBILE /Cannabis page/Dried flower - Indica dominant")): Object: 'Object Repository/OCS-MOBILE /Cannabis page/Dried flower - Indica dominant' is clicked on

2019-06-21 17:24:47 - [MESSAGE][PASSED] - Object: 'Object Repository/OCS-MOBILE /Cannabis page/Dried flower - Indica dominant' is clicked on

2019-06-21 17:24:47 - [TEST_STEP][PASSED] - delay(1): Delayed 1 second(s)

2019-06-21 17:24:48 - [MESSAGE][PASSED] - Delayed 1 second(s)

2019-06-21 17:24:48 - [TEST_STEP][PASSED] - click(findTestObject("OCS-MOBILE /Filter flyout/Filter option")): Object: 'Object Repository/OCS-MOBILE /Filter flyout/Filter option' is clicked on

2019-06-21 17:24:48 - [MESSAGE][PASSED] - Object: 'Object Repository/OCS-MOBILE /Filter flyout/Filter option' is clicked on

2019-06-21 17:24:48 - [TEST_STEP][PASSED] - delay(2): Delayed 2 second(s)

2019-06-21 17:24:50 - [MESSAGE][PASSED] - Delayed 2 second(s)

2019-06-21 17:24:50 - [TEST_STEP][PASSED] - click(findTestObject("OCS-MOBILE /Filter flyout/THC - CBD Tool tip")): Object: 'Object Repository/OCS-MOBILE /Filter flyout/THC - CBD Tool tip' is clicked on

2019-06-21 17:24:51 - [MESSAGE][PASSED] - Object: 'Object Repository/OCS-MOBILE /Filter flyout/THC - CBD Tool tip' is clicked on

2019-06-21 17:24:51 - [TEST_STEP][PASSED] - delay(2): Delayed 2 second(s)

2019-06-21 17:24:53 - [MESSAGE][PASSED] - Delayed 2 second(s)

2019-06-21 17:24:53 - [TEST_STEP][PASSED] - click(findTestObject("OCS-MOBILE /Filter flyout/THC CBD plus accordian")): Object: 'Object Repository/OCS-MOBILE /Filter flyout/THC CBD plus accordian' is clicked on

2019-06-21 17:24:53 - [MESSAGE][PASSED] - Object: 'Object Repository/OCS-MOBILE /Filter flyout/THC CBD plus accordian' is clicked on

2019-06-21 17:24:53 - [TEST_STEP][PASSED] - delay(2): Delayed 2 second(s)

2019-06-21 17:24:55 - [MESSAGE][PASSED] - Delayed 2 second(s)

2019-06-21 17:24:55 - [TEST_STEP][PASSED] - click(findTestObject("OCS-MOBILE /Filter flyout/THC - CBD Subtract accordian")): Object: 'Object Repository/OCS-MOBILE /Filter flyout/THC - CBD Subtract accordian' is clicked on

2019-06-21 17:24:55 - [MESSAGE][PASSED] - Object: 'Object Repository/OCS-MOBILE /Filter flyout/THC - CBD Subtract accordian' is clicked on

2019-06-21 17:24:55 - [TEST_STEP][PASSED] - delay(2): Delayed 2 second(s)

2019-06-21 17:24:57 - [MESSAGE][PASSED] - Delayed 2 second(s)

2019-06-21 17:24:57 - [TEST_STEP][PASSED] - click(findTestObject("OCS-MOBILE /Filter flyout/THC CBD plus accordian")): Object: 'Object Repository/OCS-MOBILE /Filter flyout/THC CBD plus accordian' is clicked on

2019-06-21 17:24:57 - [MESSAGE][PASSED] - Object: 'Object Repository/OCS-MOBILE /Filter flyout/THC CBD plus accordian' is clicked on

2019-06-21 17:24:57 - [TEST_STEP][NOT_RUN] - click(findTestObject("OCS-MOBILE /Filter flyout/div_18.00")): NOT_RUN: click(findTestObject("OCS-MOBILE /Filter flyout/div_18.00"))

2019-06-21 17:24:57 - [MESSAGE][NOT_RUN] - NOT_RUN: click(findTestObject("OCS-MOBILE /Filter flyout/div_18.00"))

2019-06-21 17:24:57 - [TEST_STEP][NOT_RUN] - delay(2): NOT_RUN: delay(2)

2019-06-21 17:24:57 - [MESSAGE][NOT_RUN] - NOT_RUN: delay(2)

2019-06-21 17:24:57 - [TEST_STEP][NOT_RUN] - click(findTestObject("OCS-MOBILE /Filter flyout/div_25.00")): NOT_RUN: click(findTestObject("OCS-MOBILE /Filter flyout/div_25.00"))

2019-06-21 17:24:57 - [MESSAGE][NOT_RUN] - NOT_RUN: click(findTestObject("OCS-MOBILE /Filter flyout/div_25.00"))

2019-06-21 17:24:57 - [TEST_STEP][NOT_RUN] - delay(2): NOT_RUN: delay(2)

2019-06-21 17:24:57 - [MESSAGE][NOT_RUN] - NOT_RUN: delay(2)

2019-06-21 17:24:57 - [TEST_STEP][NOT_RUN] - click(findTestObject("OCS-MOBILE /Filter flyout/div_14.00")): NOT_RUN: click(findTestObject("OCS-MOBILE /Filter flyout/div_14.00"))

2019-06-21 17:24:57 - [MESSAGE][NOT_RUN] - NOT_RUN: click(findTestObject("OCS-MOBILE /Filter flyout/div_14.00"))

2019-06-21 17:24:57 - [TEST_STEP][NOT_RUN] - delay(2): NOT_RUN: delay(2)

2019-06-21 17:24:57 - [MESSAGE][NOT_RUN] - NOT_RUN: delay(2)

2019-06-21 17:24:57 - [TEST_STEP][NOT_RUN] - click(findTestObject("OCS-MOBILE /Filter flyout/div_19.00")): NOT_RUN: click(findTestObject("OCS-MOBILE /Filter flyout/div_19.00"))

2019-06-21 17:24:57 - [MESSAGE][NOT_RUN] - NOT_RUN: click(findTestObject("OCS-MOBILE /Filter flyout/div_19.00"))

2019-06-21 17:24:57 - [TEST_STEP][PASSED] - delay(2): Delayed 2 second(s)

2019-06-21 17:24:59 - [MESSAGE][PASSED] - Delayed 2 second(s)

2019-06-21 17:24:59 - [TEST_STEP][NOT_RUN] - click(findTestObject("OCS-MOBILE /Filter flyout/Learn More About THC CBD")): NOT_RUN: click(findTestObject("OCS-MOBILE /Filter flyout/Learn More About THC CBD"))

2019-06-21 17:24:59 - [MESSAGE][NOT_RUN] - NOT_RUN: click(findTestObject("OCS-MOBILE /Filter flyout/Learn More About THC CBD"))

2019-06-21 17:24:59 - [TEST_STEP][PASSED] - delay(4): Delayed 4 second(s)

2019-06-21 17:25:03 - [MESSAGE][PASSED] - Delayed 4 second(s)

2019-06-21 17:25:03 - [TEST_STEP][NOT_RUN] - callTestCase(findTestCase("OCS - MOBILE/OCS-COLLECTION PAGE/calling test case"), [:], STOP_ON_FAILURE): NOT_RUN: callTestCase(findTestCase("OCS - MOBILE/OCS-COLLECTION PAGE/calling test case"), [:], STOP_ON_FAILURE)

2019-06-21 17:25:03 - [MESSAGE][NOT_RUN] - NOT_RUN: callTestCase(findTestCase("OCS - MOBILE/OCS-COLLECTION PAGE/calling test case"), [:], STOP_ON_FAILURE)

2019-06-21 17:25:03 - [TEST_STEP][NOT_RUN] - click(findTestObject("OCS-MOBILE /Filter flyout/Filter option")): NOT_RUN: click(findTestObject("OCS-MOBILE /Filter flyout/Filter option"))

2019-06-21 17:25:03 - [MESSAGE][NOT_RUN] - NOT_RUN: click(findTestObject("OCS-MOBILE /Filter flyout/Filter option"))

2019-06-21 17:25:03 - [TEST_STEP][PASSED] - click(findTestObject("OCS-MOBILE /Filter flyout/Plant type tooltip")): Object: 'Object Repository/OCS-MOBILE /Filter flyout/Plant type tooltip' is clicked on

2019-06-21 17:25:03 - [MESSAGE][PASSED] - Object: 'Object Repository/OCS-MOBILE /Filter flyout/Plant type tooltip' is clicked on

2019-06-21 17:25:03 - [TEST_STEP][PASSED] - delay(2): Delayed 2 second(s)

2019-06-21 17:25:05 - [MESSAGE][PASSED] - Delayed 2 second(s)

2019-06-21 17:25:05 - [TEST_STEP][PASSED] - click(findTestObject("OCS-MOBILE /Filter flyout/Plant type plus accordian")): Object: 'Object Repository/OCS-MOBILE /Filter flyout/Plant type plus accordian' is clicked on

2019-06-21 17:25:05 - [MESSAGE][PASSED] - Object: 'Object Repository/OCS-MOBILE /Filter flyout/Plant type plus accordian' is clicked on

2019-06-21 17:25:05 - [TEST_STEP][PASSED] - delay(1): Delayed 1 second(s)

2019-06-21 17:25:06 - [MESSAGE][PASSED] - Delayed 1 second(s)

2019-06-21 17:25:06 - [TEST_STEP][PASSED] - click(findTestObject("OCS-MOBILE /Filter flyout/Plant type subtract accordian")): Object: 'Object Repository/OCS-MOBILE /Filter flyout/Plant type subtract accordian' is clicked on

2019-06-21 17:25:06 - [MESSAGE][PASSED] - Object: 'Object Repository/OCS-MOBILE /Filter flyout/Plant type subtract accordian' is clicked on

2019-06-21 17:25:06 - [TEST_STEP][PASSED] - delay(1): Delayed 1 second(s)

2019-06-21 17:25:07 - [MESSAGE][PASSED] - Delayed 1 second(s)

2019-06-21 17:25:07 - [TEST_STEP][PASSED] - click(findTestObject("OCS-MOBILE /Filter flyout/Plant type plus accordian")): Object: 'Object Repository/OCS-MOBILE /Filter flyout/Plant type plus accordian' is clicked on

2019-06-21 17:25:07 - [MESSAGE][PASSED] - Object: 'Object Repository/OCS-MOBILE /Filter flyout/Plant type plus accordian' is clicked on

2019-06-21 17:25:07 - [TEST_STEP][PASSED] - delay(2): Delayed 2 second(s)

2019-06-21 17:25:09 - [MESSAGE][PASSED] - Delayed 2 second(s)

2019-06-21 17:25:09 - [TEST_STEP][PASSED] - click(findTestObject("OCS-MOBILE /Filter flyout/Indica Dominant")): Object: 'Object Repository/OCS-MOBILE /Filter flyout/Indica Dominant' is clicked on

2019-06-21 17:25:09 - [MESSAGE][PASSED] - Object: 'Object Repository/OCS-MOBILE /Filter flyout/Indica Dominant' is clicked on

2019-06-21 17:25:09 - [TEST_STEP][PASSED] - delay(2): Delayed 2 second(s)

2019-06-21 17:25:11 - [MESSAGE][PASSED] - Delayed 2 second(s)

2019-06-21 17:25:11 - [TEST_STEP][PASSED] - click(findTestObject("OCS-MOBILE /Filter flyout/Sativa Dominant")): Object: 'Object Repository/OCS-MOBILE /Filter flyout/Sativa Dominant' is clicked on

2019-06-21 17:25:11 - [MESSAGE][PASSED] - Object: 'Object Repository/OCS-MOBILE /Filter flyout/Sativa Dominant' is clicked on

2019-06-21 17:25:11 - [TEST_STEP][PASSED] - delay(2): Delayed 2 second(s)

2019-06-21 17:25:13 - [MESSAGE][PASSED] - Delayed 2 second(s)

2019-06-21 17:25:13 - [TEST_STEP][PASSED] - click(findTestObject("OCS-MOBILE /Filter flyout/Hybrid")): Object: 'Object Repository/OCS-MOBILE /Filter flyout/Hybrid' is clicked on

2019-06-21 17:25:13 - [MESSAGE][PASSED] - Object: 'Object Repository/OCS-MOBILE /Filter flyout/Hybrid' is clicked on

2019-06-21 17:25:13 - [TEST_STEP][PASSED] - delay(2): Delayed 2 second(s)

2019-06-21 17:25:15 - [MESSAGE][PASSED] - Delayed 2 second(s)

2019-06-21 17:25:15 - [TEST_STEP][PASSED] - click(findTestObject("OCS-MOBILE /Filter flyout/Blend")): Object: 'Object Repository/OCS-MOBILE /Filter flyout/Blend' is clicked on

2019-06-21 17:25:15 - [MESSAGE][PASSED] - Object: 'Object Repository/OCS-MOBILE /Filter flyout/Blend' is clicked on

2019-06-21 17:25:15 - [TEST_STEP][PASSED] - delay(2): Delayed 2 second(s)

2019-06-21 17:25:17 - [MESSAGE][PASSED] - Delayed 2 second(s)

2019-06-21 17:25:17 - [TEST_STEP][NOT_RUN] - click(findTestObject("Object Repository/COLLECTION PAGE _OR/Filter_OR/Page_Pre-Rolled  Ontario Cannabis S/label_Sativa Dominant")): NOT_RUN: click(findTestObject("Object Repository/COLLECTION PAGE _OR/Filter_OR/Page_Pre-Rolled  Ontario Cannabis S/label_Sativa Dominant"))

2019-06-21 17:25:17 - [MESSAGE][NOT_RUN] - NOT_RUN: click(findTestObject("Object Repository/COLLECTION PAGE _OR/Filter_OR/Page_Pre-Rolled  Ontario Cannabis S/label_Sativa Dominant"))

2019-06-21 17:25:17 - [TEST_STEP][NOT_RUN] - delay(2): NOT_RUN: delay(2)

2019-06-21 17:25:17 - [MESSAGE][NOT_RUN] - NOT_RUN: delay(2)

2019-06-21 17:25:17 - [TEST_STEP][NOT_RUN] - click(findTestObject("Object Repository/COLLECTION PAGE _OR/Filter_OR/Page_Pre-Rolled  Ontario Cannabis S/label_Hybrid")): NOT_RUN: click(findTestObject("Object Repository/COLLECTION PAGE _OR/Filter_OR/Page_Pre-Rolled  Ontario Cannabis S/label_Hybrid"))

2019-06-21 17:25:17 - [MESSAGE][NOT_RUN] - NOT_RUN: click(findTestObject("Object Repository/COLLECTION PAGE _OR/Filter_OR/Page_Pre-Rolled  Ontario Cannabis S/label_Hybrid"))

2019-06-21 17:25:17 - [TEST_STEP][NOT_RUN] - delay(2): NOT_RUN: delay(2)

2019-06-21 17:25:17 - [MESSAGE][NOT_RUN] - NOT_RUN: delay(2)

2019-06-21 17:25:17 - [TEST_STEP][NOT_RUN] - click(findTestObject("Object Repository/COLLECTION PAGE _OR/Filter_OR/Page_Pre-Rolled  Ontario Cannabis S/label_Blend")): NOT_RUN: click(findTestObject("Object Repository/COLLECTION PAGE _OR/Filter_OR/Page_Pre-Rolled  Ontario Cannabis S/label_Blend"))

2019-06-21 17:25:17 - [MESSAGE][NOT_RUN] - NOT_RUN: click(findTestObject("Object Repository/COLLECTION PAGE _OR/Filter_OR/Page_Pre-Rolled  Ontario Cannabis S/label_Blend"))

2019-06-21 17:25:17 - [TEST_STEP][NOT_RUN] - delay(2): NOT_RUN: delay(2)

2019-06-21 17:25:17 - [MESSAGE][NOT_RUN] - NOT_RUN: delay(2)

2019-06-21 17:25:17 - [TEST_STEP][NOT_RUN] - click(findTestObject("OCS-MOBILE /Filter flyout/Learn More About Plant Type")): NOT_RUN: click(findTestObject("OCS-MOBILE /Filter flyout/Learn More About Plant Type"))

2019-06-21 17:25:17 - [MESSAGE][NOT_RUN] - NOT_RUN: click(findTestObject("OCS-MOBILE /Filter flyout/Learn More About Plant Type"))

2019-06-21 17:25:17 - [TEST_STEP][NOT_RUN] - delay(2): NOT_RUN: delay(2)

2019-06-21 17:25:17 - [MESSAGE][NOT_RUN] - NOT_RUN: delay(2)

2019-06-21 17:25:17 - [TEST_STEP][NOT_RUN] - callTestCase(findTestCase("OCS - MOBILE/OCS-COLLECTION PAGE/calling test case"), [:], STOP_ON_FAILURE): NOT_RUN: callTestCase(findTestCase("OCS - MOBILE/OCS-COLLECTION PAGE/calling test case"), [:], STOP_ON_FAILURE)

2019-06-21 17:25:17 - [MESSAGE][NOT_RUN] - NOT_RUN: callTestCase(findTestCase("OCS - MOBILE/OCS-COLLECTION PAGE/calling test case"), [:], STOP_ON_FAILURE)

2019-06-21 17:25:17 - [TEST_STEP][PASSED] - click(findTestObject("OCS-MOBILE /Filter flyout/Plant type subtract accordian")): Object: 'Object Repository/OCS-MOBILE /Filter flyout/Plant type subtract accordian' is clicked on

2019-06-21 17:25:17 - [MESSAGE][PASSED] - Object: 'Object Repository/OCS-MOBILE /Filter flyout/Plant type subtract accordian' is clicked on

2019-06-21 17:25:17 - [TEST_STEP][PASSED] - click(findTestObject("OCS-MOBILE /Filter flyout/Filter option"), OPTIONAL): Unable to click on object 'Object Repository/OCS-MOBILE /Filter flyout/Filter option' (Root cause: org.openqa.selenium.WebDriverException: unknown error: Element <a data-flyout="#flyout--filters" tabindex="0">...</a> is not clickable at point (24, 388). Other element would receive the click: <label for="plant_type--hybrid">...</label>
  (Session info: chrome=75.0.3770.100)
  (Driver info: chromedriver=2.43.600229 (3fae4d0cda5334b4f533bede5a4787f7b832d052),platform=Mac OS X 10.13.6 x86_64) (WARNING: The server did not provide any stacktrace information)
Command duration or timeout: 0 milliseconds
Build info: version: '3.7.1', revision: '8a0099a', time: '2017-11-06T21:07:36.161Z'
System info: host: 'sumans-MacBook-Pro.local', ip: '2601:87:0:879f:0:0:0:1e84%en0', os.name: 'Mac OS X', os.arch: 'x86_64', os.version: '10.13.6', java.version: '1.8.0_181'
Driver info: com.kms.katalon.selenium.driver.CChromeDriver
Capabilities {acceptInsecureCerts: false, acceptSslCerts: false, applicationCacheEnabled: false, browserConnectionEnabled: false, browserName: chrome, chrome: {chromedriverVersion: 2.43.600229 (3fae4d0cda5334..., userDataDir: /var/folders/1t/c55l8xzs6gq...}, cssSelectorsEnabled: true, databaseEnabled: false, goog:chromeOptions: {debuggerAddress: localhost:57531}, handlesAlerts: true, hasTouchScreen: false, javascriptEnabled: true, locationContextEnabled: true, mobileEmulationEnabled: false, nativeEvents: true, networkConnectionEnabled: false, pageLoadStrategy: normal, platform: MAC, platformName: MAC, rotatable: false, setWindowRect: true, takesHeapSnapshot: true, takesScreenshot: true, unexpectedAlertBehaviour: , unhandledPromptBehavior: , version: 75.0.3770.100, webStorageEnabled: true}
Session ID: 9a595aca25961d1587ed925f66cc4910)

2019-06-21 17:25:18 - [MESSAGE][WARNING] - Unable to click on object 'Object Repository/OCS-MOBILE /Filter flyout/Filter option' (Root cause: org.openqa.selenium.WebDriverException: unknown error: Element <a data-flyout="#flyout--filters" tabindex="0">...</a> is not clickable at point (24, 388). Other element would receive the click: <label for="plant_type--hybrid">...</label>
  (Session info: chrome=75.0.3770.100)
  (Driver info: chromedriver=2.43.600229 (3fae4d0cda5334b4f533bede5a4787f7b832d052),platform=Mac OS X 10.13.6 x86_64) (WARNING: The server did not provide any stacktrace information)
Command duration or timeout: 0 milliseconds
Build info: version: '3.7.1', revision: '8a0099a', time: '2017-11-06T21:07:36.161Z'
System info: host: 'sumans-MacBook-Pro.local', ip: '2601:87:0:879f:0:0:0:1e84%en0', os.name: 'Mac OS X', os.arch: 'x86_64', os.version: '10.13.6', java.version: '1.8.0_181'
Driver info: com.kms.katalon.selenium.driver.CChromeDriver
Capabilities {acceptInsecureCerts: false, acceptSslCerts: false, applicationCacheEnabled: false, browserConnectionEnabled: false, browserName: chrome, chrome: {chromedriverVersion: 2.43.600229 (3fae4d0cda5334..., userDataDir: /var/folders/1t/c55l8xzs6gq...}, cssSelectorsEnabled: true, databaseEnabled: false, goog:chromeOptions: {debuggerAddress: localhost:57531}, handlesAlerts: true, hasTouchScreen: false, javascriptEnabled: true, locationContextEnabled: true, mobileEmulationEnabled: false, nativeEvents: true, networkConnectionEnabled: false, pageLoadStrategy: normal, platform: MAC, platformName: MAC, rotatable: false, setWindowRect: true, takesHeapSnapshot: true, takesScreenshot: true, unexpectedAlertBehaviour: , unhandledPromptBehavior: , version: 75.0.3770.100, webStorageEnabled: true}
Session ID: 9a595aca25961d1587ed925f66cc4910)
[[ATTACHMENT|/Users/sumankompelly/Relative xpath-Mobile/Reports/OCS - 1.11.0/20190621_165048/1561152317887.png]]

2019-06-21 17:25:18 - [TEST_STEP][PASSED] - executeJavaScript("var previewBar = document.getElementById("preview-bar-iframe"); previewBar.style.display = "none";", []): Execute JavaScript 'var previewBar = document.getElementById("preview-bar-iframe"); previewBar.style.display = "none";' successfully

2019-06-21 17:25:18 - [MESSAGE][PASSED] - Execute JavaScript 'var previewBar = document.getElementById("preview-bar-iframe"); previewBar.style.display = "none";' successfully

2019-06-21 17:25:18 - [TEST_STEP][PASSED] - click(findTestObject("OCS-MOBILE /Filter flyout/Brand tool tip")): Object: 'Object Repository/OCS-MOBILE /Filter flyout/Brand tool tip' is clicked on

2019-06-21 17:25:18 - [MESSAGE][PASSED] - Object: 'Object Repository/OCS-MOBILE /Filter flyout/Brand tool tip' is clicked on

2019-06-21 17:25:18 - [TEST_STEP][PASSED] - delay(1): Delayed 1 second(s)

2019-06-21 17:25:19 - [MESSAGE][PASSED] - Delayed 1 second(s)

2019-06-21 17:25:19 - [TEST_STEP][PASSED] - click(findTestObject("OCS-MOBILE /Filter flyout/Brand plus accordian")): Object: 'Object Repository/OCS-MOBILE /Filter flyout/Brand plus accordian' is clicked on

2019-06-21 17:25:19 - [MESSAGE][PASSED] - Object: 'Object Repository/OCS-MOBILE /Filter flyout/Brand plus accordian' is clicked on

2019-06-21 17:25:19 - [TEST_STEP][PASSED] - delay(2): Delayed 2 second(s)

2019-06-21 17:25:21 - [MESSAGE][PASSED] - Delayed 2 second(s)

2019-06-21 17:25:21 - [TEST_STEP][PASSED] - click(findTestObject("OCS-MOBILE /Filter flyout/Brand subtract accordian")): Object: 'Object Repository/OCS-MOBILE /Filter flyout/Brand subtract accordian' is clicked on

2019-06-21 17:25:21 - [MESSAGE][PASSED] - Object: 'Object Repository/OCS-MOBILE /Filter flyout/Brand subtract accordian' is clicked on

2019-06-21 17:25:21 - [TEST_STEP][PASSED] - delay(1): Delayed 1 second(s)

2019-06-21 17:25:22 - [MESSAGE][PASSED] - Delayed 1 second(s)

2019-06-21 17:25:22 - [TEST_STEP][PASSED] - click(findTestObject("OCS-MOBILE /Filter flyout/Brand plus accordian")): Object: 'Object Repository/OCS-MOBILE /Filter flyout/Brand plus accordian' is clicked on

2019-06-21 17:25:22 - [MESSAGE][PASSED] - Object: 'Object Repository/OCS-MOBILE /Filter flyout/Brand plus accordian' is clicked on

2019-06-21 17:25:22 - [TEST_STEP][PASSED] - delay(2): Delayed 2 second(s)

2019-06-21 17:25:24 - [MESSAGE][PASSED] - Delayed 2 second(s)

2019-06-21 17:25:24 - [TEST_STEP][PASSED] - click(findTestObject("OCS-MOBILE /Filter flyout/Edison"), OPTIONAL): Object: 'Object Repository/OCS-MOBILE /Filter flyout/Edison' is clicked on

2019-06-21 17:25:24 - [MESSAGE][PASSED] - Object: 'Object Repository/OCS-MOBILE /Filter flyout/Edison' is clicked on

2019-06-21 17:25:24 - [TEST_STEP][PASSED] - delay(2, OPTIONAL): Delayed 2 second(s)

2019-06-21 17:25:26 - [MESSAGE][PASSED] - Delayed 2 second(s)

2019-06-21 17:25:26 - [TEST_STEP][PASSED] - delay(2, OPTIONAL): Delayed 2 second(s)

2019-06-21 17:25:28 - [MESSAGE][PASSED] - Delayed 2 second(s)

2019-06-21 17:25:28 - [TEST_STEP][PASSED] - click(findTestObject("OCS-MOBILE /Filter flyout/Haven St"), OPTIONAL): Object: 'Object Repository/OCS-MOBILE /Filter flyout/Haven St' is clicked on

2019-06-21 17:25:28 - [MESSAGE][PASSED] - Object: 'Object Repository/OCS-MOBILE /Filter flyout/Haven St' is clicked on

2019-06-21 17:25:28 - [TEST_STEP][PASSED] - delay(2, OPTIONAL): Delayed 2 second(s)

2019-06-21 17:25:30 - [MESSAGE][PASSED] - Delayed 2 second(s)

2019-06-21 17:25:30 - [TEST_STEP][PASSED] - click(findTestObject("OCS-MOBILE /Filter flyout/Emerald"), OPTIONAL): Object: 'Object Repository/OCS-MOBILE /Filter flyout/Emerald' is clicked on

2019-06-21 17:25:30 - [MESSAGE][PASSED] - Object: 'Object Repository/OCS-MOBILE /Filter flyout/Emerald' is clicked on

2019-06-21 17:25:30 - [TEST_STEP][PASSED] - delay(2, OPTIONAL): Delayed 2 second(s)

2019-06-21 17:25:32 - [MESSAGE][PASSED] - Delayed 2 second(s)

2019-06-21 17:25:32 - [TEST_STEP][NOT_RUN] - click(findTestObject("OCS-MOBILE /Filter flyout/Gage Cannabis Co"), OPTIONAL): NOT_RUN: click(findTestObject("OCS-MOBILE /Filter flyout/Gage Cannabis Co"), OPTIONAL)

2019-06-21 17:25:32 - [MESSAGE][NOT_RUN] - NOT_RUN: click(findTestObject("OCS-MOBILE /Filter flyout/Gage Cannabis Co"), OPTIONAL)

2019-06-21 17:25:32 - [TEST_STEP][PASSED] - delay(2, OPTIONAL): Delayed 2 second(s)

2019-06-21 17:25:34 - [MESSAGE][PASSED] - Delayed 2 second(s)

2019-06-21 17:25:34 - [TEST_STEP][NOT_RUN] - click(findTestObject("OCS-MOBILE /Filter flyout/INDIVA"), OPTIONAL): NOT_RUN: click(findTestObject("OCS-MOBILE /Filter flyout/INDIVA"), OPTIONAL)

2019-06-21 17:25:34 - [MESSAGE][NOT_RUN] - NOT_RUN: click(findTestObject("OCS-MOBILE /Filter flyout/INDIVA"), OPTIONAL)

2019-06-21 17:25:34 - [TEST_STEP][PASSED] - delay(2, OPTIONAL): Delayed 2 second(s)

2019-06-21 17:25:36 - [MESSAGE][PASSED] - Delayed 2 second(s)

2019-06-21 17:25:36 - [TEST_STEP][PASSED] - click(findTestObject("OCS-MOBILE /Filter flyout/RIFF"), OPTIONAL): Object: 'Object Repository/OCS-MOBILE /Filter flyout/RIFF' is clicked on

2019-06-21 17:25:36 - [MESSAGE][PASSED] - Object: 'Object Repository/OCS-MOBILE /Filter flyout/RIFF' is clicked on

2019-06-21 17:25:36 - [TEST_STEP][PASSED] - delay(2, OPTIONAL): Delayed 2 second(s)

2019-06-21 17:25:38 - [MESSAGE][PASSED] - Delayed 2 second(s)

2019-06-21 17:25:38 - [TEST_STEP][PASSED] - click(findTestObject("OCS-MOBILE /Filter flyout/Seven Oaks"), OPTIONAL): Object: 'Object Repository/OCS-MOBILE /Filter flyout/Seven Oaks' is clicked on

2019-06-21 17:25:38 - [MESSAGE][PASSED] - Object: 'Object Repository/OCS-MOBILE /Filter flyout/Seven Oaks' is clicked on

2019-06-21 17:25:38 - [TEST_STEP][PASSED] - delay(2, OPTIONAL): Delayed 2 second(s)

2019-06-21 17:25:40 - [MESSAGE][PASSED] - Delayed 2 second(s)

2019-06-21 17:25:40 - [TEST_STEP][PASSED] - click(findTestObject("Object Repository/COLLECTION PAGE _OR/Filter_OR/Page_Pre-Rolled  Ontario Cannabis S/label_Synr.g"), OPTIONAL): Unable to click on object (Root cause: java.lang.IllegalArgumentException: Object is null)

2019-06-21 17:25:40 - [MESSAGE][WARNING] - Test object with id 'Object Repository/COLLECTION PAGE _OR/Filter_OR/Page_Pre-Rolled  Ontario Cannabis S/label_Synr.g' does not exist

2019-06-21 17:25:40 - [MESSAGE][WARNING] - Test object with id 'Object Repository/' does not exist

2019-06-21 17:25:41 - [MESSAGE][WARNING] - Unable to click on object (Root cause: java.lang.IllegalArgumentException: Object is null)
[[ATTACHMENT|/Users/sumankompelly/Relative xpath-Mobile/Reports/OCS - 1.11.0/20190621_165048/1561152340934.png]]

2019-06-21 17:25:41 - [TEST_STEP][PASSED] - delay(2, OPTIONAL): Delayed 2 second(s)

2019-06-21 17:25:43 - [MESSAGE][PASSED] - Delayed 2 second(s)

2019-06-21 17:25:43 - [TEST_STEP][PASSED] - click(findTestObject("OCS-MOBILE /Filter flyout/Trailblazer"), OPTIONAL): Unable to click on object 'Object Repository/OCS-MOBILE /Filter flyout/Trailblazer' (Root cause: com.kms.katalon.core.webui.exception.WebElementNotFoundException: Web element with id: 'Object Repository/OCS-MOBILE /Filter flyout/Trailblazer' located by 'By.xpath: //span[contains(text(),'Trailblazer')]' not found)

2019-06-21 17:26:14 - [MESSAGE][INFO] - Unable to find the element located by 'By.xpath: //span[contains(text(),'Trailblazer')]'. Please recheck the objects properties to make sure the desired element is located. 

2019-06-21 17:26:14 - [MESSAGE][WARNING] - Unable to click on object 'Object Repository/OCS-MOBILE /Filter flyout/Trailblazer' (Root cause: com.kms.katalon.core.webui.exception.WebElementNotFoundException: Web element with id: 'Object Repository/OCS-MOBILE /Filter flyout/Trailblazer' located by 'By.xpath: //span[contains(text(),'Trailblazer')]' not found)
[[ATTACHMENT|/Users/sumankompelly/Relative xpath-Mobile/Reports/OCS - 1.11.0/20190621_165048/1561152374076.png]]

2019-06-21 17:26:14 - [TEST_STEP][PASSED] - delay(2, OPTIONAL): Delayed 2 second(s)

2019-06-21 17:26:16 - [MESSAGE][PASSED] - Delayed 2 second(s)

2019-06-21 17:26:16 - [TEST_STEP][PASSED] - click(findTestObject("OCS-MOBILE /Filter flyout/_Xscape"), OPTIONAL): Unable to click on object 'Object Repository/OCS-MOBILE /Filter flyout/_Xscape' (Root cause: com.kms.katalon.core.webui.exception.WebElementNotFoundException: Web element with id: 'Object Repository/OCS-MOBILE /Filter flyout/_Xscape' located by 'By.xpath: //span[contains(text(),'Xscape')]' not found)

2019-06-21 17:26:47 - [MESSAGE][INFO] - Unable to find the element located by 'By.xpath: //span[contains(text(),'Xscape')]'. Please recheck the objects properties to make sure the desired element is located. 

2019-06-21 17:26:47 - [MESSAGE][WARNING] - Unable to click on object 'Object Repository/OCS-MOBILE /Filter flyout/_Xscape' (Root cause: com.kms.katalon.core.webui.exception.WebElementNotFoundException: Web element with id: 'Object Repository/OCS-MOBILE /Filter flyout/_Xscape' located by 'By.xpath: //span[contains(text(),'Xscape')]' not found)
[[ATTACHMENT|/Users/sumankompelly/Relative xpath-Mobile/Reports/OCS - 1.11.0/20190621_165048/1561152407231.png]]

2019-06-21 17:26:47 - [TEST_STEP][PASSED] - delay(2, OPTIONAL): Delayed 2 second(s)

2019-06-21 17:26:49 - [MESSAGE][PASSED] - Delayed 2 second(s)

2019-06-21 17:26:49 - [TEST_STEP][PASSED] - click(findTestObject("OCS-MOBILE /Filter flyout/Aurora"), OPTIONAL): Object: 'Object Repository/OCS-MOBILE /Filter flyout/Aurora' is clicked on

2019-06-21 17:26:49 - [MESSAGE][PASSED] - Object: 'Object Repository/OCS-MOBILE /Filter flyout/Aurora' is clicked on

2019-06-21 17:26:49 - [TEST_STEP][PASSED] - click(findTestObject("OCS-MOBILE /Filter flyout/Canna Farms"), OPTIONAL): Object: 'Object Repository/OCS-MOBILE /Filter flyout/Canna Farms' is clicked on

2019-06-21 17:26:49 - [MESSAGE][PASSED] - Object: 'Object Repository/OCS-MOBILE /Filter flyout/Canna Farms' is clicked on

2019-06-21 17:26:49 - [TEST_STEP][PASSED] - click(findTestObject("OCS-MOBILE /Filter flyout/Edison"), OPTIONAL): Object: 'Object Repository/OCS-MOBILE /Filter flyout/Edison' is clicked on

2019-06-21 17:26:49 - [MESSAGE][PASSED] - Object: 'Object Repository/OCS-MOBILE /Filter flyout/Edison' is clicked on

2019-06-21 17:26:49 - [TEST_STEP][PASSED] - click(findTestObject("OCS-MOBILE /Filter flyout/Flowr"), OPTIONAL): Object: 'Object Repository/OCS-MOBILE /Filter flyout/Flowr' is clicked on

2019-06-21 17:26:49 - [MESSAGE][PASSED] - Object: 'Object Repository/OCS-MOBILE /Filter flyout/Flowr' is clicked on

2019-06-21 17:26:49 - [TEST_STEP][PASSED] - click(findTestObject("OCS-MOBILE /Filter flyout/Haven St"), OPTIONAL): Object: 'Object Repository/OCS-MOBILE /Filter flyout/Haven St' is clicked on

2019-06-21 17:26:49 - [MESSAGE][PASSED] - Object: 'Object Repository/OCS-MOBILE /Filter flyout/Haven St' is clicked on

2019-06-21 17:26:49 - [TEST_STEP][PASSED] - click(findTestObject("OCS-MOBILE /Filter flyout/liiv"), OPTIONAL): Unable to click on object 'Object Repository/OCS-MOBILE /Filter flyout/liiv' (Root cause: com.kms.katalon.core.webui.exception.WebElementNotFoundException: Web element with id: 'Object Repository/OCS-MOBILE /Filter flyout/liiv' located by 'By.xpath: //span[(text() = 'liiv' or . = 'liiv')]' not found)

2019-06-21 17:27:20 - [MESSAGE][INFO] - Unable to find the element located by 'By.xpath: //span[(text() = 'liiv' or . = 'liiv')]'. Please recheck the objects properties to make sure the desired element is located. 

2019-06-21 17:27:21 - [MESSAGE][WARNING] - Unable to click on object 'Object Repository/OCS-MOBILE /Filter flyout/liiv' (Root cause: com.kms.katalon.core.webui.exception.WebElementNotFoundException: Web element with id: 'Object Repository/OCS-MOBILE /Filter flyout/liiv' located by 'By.xpath: //span[(text() = 'liiv' or . = 'liiv')]' not found)
[[ATTACHMENT|/Users/sumankompelly/Relative xpath-Mobile/Reports/OCS - 1.11.0/20190621_165048/1561152440717.png]]

2019-06-21 17:27:21 - [TEST_STEP][PASSED] - click(findTestObject("OCS-MOBILE /Filter flyout/Saturday"), OPTIONAL): Object: 'Object Repository/OCS-MOBILE /Filter flyout/Saturday' is clicked on

2019-06-21 17:27:21 - [MESSAGE][PASSED] - Object: 'Object Repository/OCS-MOBILE /Filter flyout/Saturday' is clicked on

2019-06-21 17:27:21 - [TEST_STEP][PASSED] - click(findTestObject("OCS-MOBILE /Filter flyout/Spinach"), OPTIONAL): Unable to click on object 'Object Repository/OCS-MOBILE /Filter flyout/Spinach' (Root cause: com.kms.katalon.core.webui.exception.WebElementNotFoundException: Web element with id: 'Object Repository/OCS-MOBILE /Filter flyout/Spinach' located by 'By.xpath: //span[contains(text(),'Spinach')][count(. | //label[(text() = 'Spinach' or . = 'Spinach')]) = count(//label[(text() = 'Spinach' or . = 'Spinach')])]' not found)

2019-06-21 17:27:51 - [MESSAGE][INFO] - Unable to find the element located by 'By.xpath: //span[contains(text(),'Spinach')][count(. | //label[(text() = 'Spinach' or . = 'Spinach')]) = count(//label[(text() = 'Spinach' or . = 'Spinach')])]'. Please recheck the objects properties to make sure the desired element is located. 

2019-06-21 17:27:52 - [MESSAGE][WARNING] - Unable to click on object 'Object Repository/OCS-MOBILE /Filter flyout/Spinach' (Root cause: com.kms.katalon.core.webui.exception.WebElementNotFoundException: Web element with id: 'Object Repository/OCS-MOBILE /Filter flyout/Spinach' located by 'By.xpath: //span[contains(text(),'Spinach')][count(. | //label[(text() = 'Spinach' or . = 'Spinach')]) = count(//label[(text() = 'Spinach' or . = 'Spinach')])]' not found)
[[ATTACHMENT|/Users/sumankompelly/Relative xpath-Mobile/Reports/OCS - 1.11.0/20190621_165048/1561152471977.png]]

2019-06-21 17:27:52 - [TEST_STEP][PASSED] - click(findTestObject("Object Repository/COLLECTION PAGE _OR/Filter_OR/Page_Pre-Rolled  Ontario Cannabis S/label_Spinach"), OPTIONAL): Unable to click on object (Root cause: java.lang.IllegalArgumentException: Object is null)

2019-06-21 17:27:52 - [MESSAGE][WARNING] - Test object with id 'Object Repository/COLLECTION PAGE _OR/Filter_OR/Page_Pre-Rolled  Ontario Cannabis S/label_Spinach' does not exist

2019-06-21 17:27:52 - [MESSAGE][WARNING] - Test object with id 'Object Repository/' does not exist

2019-06-21 17:27:52 - [MESSAGE][WARNING] - Unable to click on object (Root cause: java.lang.IllegalArgumentException: Object is null)
[[ATTACHMENT|/Users/sumankompelly/Relative xpath-Mobile/Reports/OCS - 1.11.0/20190621_165048/1561152472242.png]]

2019-06-21 17:27:52 - [TEST_STEP][PASSED] - click(findTestObject("OCS-MOBILE /Filter flyout/THC BioMed"), OPTIONAL): Object: 'Object Repository/OCS-MOBILE /Filter flyout/THC BioMed' is clicked on

2019-06-21 17:27:52 - [MESSAGE][PASSED] - Object: 'Object Repository/OCS-MOBILE /Filter flyout/THC BioMed' is clicked on

2019-06-21 17:27:52 - [TEST_STEP][PASSED] - click(findTestObject("OCS-MOBILE /Filter flyout/Whistler Cannabis Co"), OPTIONAL): Object: 'Object Repository/OCS-MOBILE /Filter flyout/Whistler Cannabis Co' is clicked on

2019-06-21 17:27:52 - [MESSAGE][PASSED] - Object: 'Object Repository/OCS-MOBILE /Filter flyout/Whistler Cannabis Co' is clicked on

2019-06-21 17:27:52 - [TEST_STEP][PASSED] - click(findTestObject("OCS-MOBILE /Filter flyout/Spinach"), OPTIONAL): Unable to click on object 'Object Repository/OCS-MOBILE /Filter flyout/Spinach' (Root cause: com.kms.katalon.core.webui.exception.WebElementNotFoundException: Web element with id: 'Object Repository/OCS-MOBILE /Filter flyout/Spinach' located by 'By.xpath: //span[contains(text(),'Spinach')][count(. | //label[(text() = 'Spinach' or . = 'Spinach')]) = count(//label[(text() = 'Spinach' or . = 'Spinach')])]' not found)

2019-06-21 17:28:23 - [MESSAGE][INFO] - Unable to find the element located by 'By.xpath: //span[contains(text(),'Spinach')][count(. | //label[(text() = 'Spinach' or . = 'Spinach')]) = count(//label[(text() = 'Spinach' or . = 'Spinach')])]'. Please recheck the objects properties to make sure the desired element is located. 

2019-06-21 17:28:23 - [MESSAGE][WARNING] - Unable to click on object 'Object Repository/OCS-MOBILE /Filter flyout/Spinach' (Root cause: com.kms.katalon.core.webui.exception.WebElementNotFoundException: Web element with id: 'Object Repository/OCS-MOBILE /Filter flyout/Spinach' located by 'By.xpath: //span[contains(text(),'Spinach')][count(. | //label[(text() = 'Spinach' or . = 'Spinach')]) = count(//label[(text() = 'Spinach' or . = 'Spinach')])]' not found)
[[ATTACHMENT|/Users/sumankompelly/Relative xpath-Mobile/Reports/OCS - 1.11.0/20190621_165048/1561152503512.png]]

2019-06-21 17:28:23 - [TEST_STEP][PASSED] - click(findTestObject("OCS-MOBILE /Filter flyout/Spinach1"), OPTIONAL): Object: 'Object Repository/OCS-MOBILE /Filter flyout/Spinach1' is clicked on

2019-06-21 17:28:23 - [MESSAGE][PASSED] - Object: 'Object Repository/OCS-MOBILE /Filter flyout/Spinach1' is clicked on

2019-06-21 17:28:23 - [TEST_STEP][NOT_RUN] - click(findTestObject("OCS-MOBILE /Filter flyout/Learn More About brand"), OPTIONAL): NOT_RUN: click(findTestObject("OCS-MOBILE /Filter flyout/Learn More About brand"), OPTIONAL)

2019-06-21 17:28:23 - [MESSAGE][NOT_RUN] - NOT_RUN: click(findTestObject("OCS-MOBILE /Filter flyout/Learn More About brand"), OPTIONAL)

2019-06-21 17:28:23 - [TEST_STEP][NOT_RUN] - setText(findTestObject("OCS-MOBILE /Filter flyout/Input to search - brand"), "boveda", OPTIONAL): NOT_RUN: setText(findTestObject("OCS-MOBILE /Filter flyout/Input to search - brand"), "boveda", OPTIONAL)

2019-06-21 17:28:23 - [MESSAGE][NOT_RUN] - NOT_RUN: setText(findTestObject("OCS-MOBILE /Filter flyout/Input to search - brand"), "boveda", OPTIONAL)

2019-06-21 17:28:23 - [TEST_STEP][NOT_RUN] - verifyTextPresent("", Keys.chord(ENTER), OPTIONAL): NOT_RUN: verifyTextPresent("", Keys.chord(ENTER), OPTIONAL)

2019-06-21 17:28:23 - [MESSAGE][NOT_RUN] - NOT_RUN: verifyTextPresent("", Keys.chord(ENTER), OPTIONAL)

2019-06-21 17:28:23 - [TEST_STEP][NOT_RUN] - verifyTextPresent("Boveda", false, OPTIONAL): NOT_RUN: verifyTextPresent("Boveda", false, OPTIONAL)

2019-06-21 17:28:23 - [MESSAGE][NOT_RUN] - NOT_RUN: verifyTextPresent("Boveda", false, OPTIONAL)

2019-06-21 17:28:23 - [TEST_STEP][NOT_RUN] - setText(findTestObject("OCS-MOBILE /Filter flyout/Input to search - brand"), "ace valley", OPTIONAL): NOT_RUN: setText(findTestObject("OCS-MOBILE /Filter flyout/Input to search - brand"), "ace valley", OPTIONAL)

2019-06-21 17:28:23 - [MESSAGE][NOT_RUN] - NOT_RUN: setText(findTestObject("OCS-MOBILE /Filter flyout/Input to search - brand"), "ace valley", OPTIONAL)

2019-06-21 17:28:23 - [TEST_STEP][NOT_RUN] - sendKeys(findTestObject("Object Repository/COLLECTION PAGE _OR/Filter_OR/Page_Shop by Brands  Ontario Cannab/input_Shop by Brands_q"), Keys.chord(ENTER), OPTIONAL): NOT_RUN: sendKeys(findTestObject("Object Repository/COLLECTION PAGE _OR/Filter_OR/Page_Shop by Brands  Ontario Cannab/input_Shop by Brands_q"), Keys.chord(ENTER), OPTIONAL)

2019-06-21 17:28:23 - [MESSAGE][NOT_RUN] - NOT_RUN: sendKeys(findTestObject("Object Repository/COLLECTION PAGE _OR/Filter_OR/Page_Shop by Brands  Ontario Cannab/input_Shop by Brands_q"), Keys.chord(ENTER), OPTIONAL)

2019-06-21 17:28:23 - [TEST_STEP][NOT_RUN] - verifyTextPresent("Ace Valley", false, OPTIONAL): NOT_RUN: verifyTextPresent("Ace Valley", false, OPTIONAL)

2019-06-21 17:28:23 - [MESSAGE][NOT_RUN] - NOT_RUN: verifyTextPresent("Ace Valley", false, OPTIONAL)

2019-06-21 17:28:23 - [TEST_STEP][NOT_RUN] - back(OPTIONAL): NOT_RUN: back(OPTIONAL)

2019-06-21 17:28:23 - [MESSAGE][NOT_RUN] - NOT_RUN: back(OPTIONAL)

2019-06-21 17:28:23 - [TEST_STEP][NOT_RUN] - back(OPTIONAL): NOT_RUN: back(OPTIONAL)

2019-06-21 17:28:23 - [MESSAGE][NOT_RUN] - NOT_RUN: back(OPTIONAL)

2019-06-21 17:28:23 - [TEST_STEP][NOT_RUN] - click(findTestObject("OCS-MOBILE /Filter flyout/Filter option"), OPTIONAL): NOT_RUN: click(findTestObject("OCS-MOBILE /Filter flyout/Filter option"), OPTIONAL)

2019-06-21 17:28:23 - [MESSAGE][NOT_RUN] - NOT_RUN: click(findTestObject("OCS-MOBILE /Filter flyout/Filter option"), OPTIONAL)

2019-06-21 17:28:23 - [TEST_STEP][PASSED] - click(findTestObject("OCS-MOBILE /Filter flyout/Terpenes tooltip"), OPTIONAL): Object: 'Object Repository/OCS-MOBILE /Filter flyout/Terpenes tooltip' is clicked on

2019-06-21 17:28:23 - [MESSAGE][PASSED] - Object: 'Object Repository/OCS-MOBILE /Filter flyout/Terpenes tooltip' is clicked on

2019-06-21 17:28:23 - [TEST_STEP][PASSED] - click(findTestObject("OCS-MOBILE /Filter flyout/Terpenes plus accordian"), OPTIONAL): Object: 'Object Repository/OCS-MOBILE /Filter flyout/Terpenes plus accordian' is clicked on

2019-06-21 17:28:24 - [MESSAGE][PASSED] - Object: 'Object Repository/OCS-MOBILE /Filter flyout/Terpenes plus accordian' is clicked on

2019-06-21 17:28:24 - [TEST_STEP][PASSED] - click(findTestObject("OCS-MOBILE /Filter flyout/Terpenes subtract accordian"), OPTIONAL): Unable to click on object 'Object Repository/OCS-MOBILE /Filter flyout/Terpenes subtract accordian' (Root cause: com.kms.katalon.core.webui.exception.WebElementNotFoundException: Web element with id: 'Object Repository/OCS-MOBILE /Filter flyout/Terpenes subtract accordian' located by 'By.xpath: //div[@class='filter__group accordionize tags']//i[@class='icon icon--subtract']' not found)

2019-06-21 17:28:54 - [MESSAGE][INFO] - Unable to find the element located by 'By.xpath: //div[@class='filter__group accordionize tags']//i[@class='icon icon--subtract']'. Please recheck the objects properties to make sure the desired element is located. 

2019-06-21 17:28:55 - [MESSAGE][WARNING] - Unable to click on object 'Object Repository/OCS-MOBILE /Filter flyout/Terpenes subtract accordian' (Root cause: com.kms.katalon.core.webui.exception.WebElementNotFoundException: Web element with id: 'Object Repository/OCS-MOBILE /Filter flyout/Terpenes subtract accordian' located by 'By.xpath: //div[@class='filter__group accordionize tags']//i[@class='icon icon--subtract']' not found)
[[ATTACHMENT|/Users/sumankompelly/Relative xpath-Mobile/Reports/OCS - 1.11.0/20190621_165048/1561152534819.png]]

2019-06-21 17:28:55 - [TEST_STEP][PASSED] - click(findTestObject("OCS-MOBILE /Filter flyout/Terpenes plus accordian"), OPTIONAL): Unable to click on object 'Object Repository/OCS-MOBILE /Filter flyout/Terpenes plus accordian' (Root cause: com.kms.katalon.core.webui.exception.WebElementNotFoundException: Web element with id: 'Object Repository/OCS-MOBILE /Filter flyout/Terpenes plus accordian' located by 'By.xpath: //div[@class='filter__group accordionize tags']//i[@class='icon icon--plus']' not found)

2019-06-21 17:29:25 - [MESSAGE][INFO] - Unable to find the element located by 'By.xpath: //div[@class='filter__group accordionize tags']//i[@class='icon icon--plus']'. Please recheck the objects properties to make sure the desired element is located. 

2019-06-21 17:29:26 - [MESSAGE][WARNING] - Unable to click on object 'Object Repository/OCS-MOBILE /Filter flyout/Terpenes plus accordian' (Root cause: com.kms.katalon.core.webui.exception.WebElementNotFoundException: Web element with id: 'Object Repository/OCS-MOBILE /Filter flyout/Terpenes plus accordian' located by 'By.xpath: //div[@class='filter__group accordionize tags']//i[@class='icon icon--plus']' not found)
[[ATTACHMENT|/Users/sumankompelly/Relative xpath-Mobile/Reports/OCS - 1.11.0/20190621_165048/1561152565951.png]]

2019-06-21 17:29:26 - [TEST_STEP][PASSED] - click(findTestObject("OCS-MOBILE /Filter flyout/Alpha-bisabolol"), OPTIONAL): Object: 'Object Repository/OCS-MOBILE /Filter flyout/Alpha-bisabolol' is clicked on

2019-06-21 17:29:26 - [MESSAGE][PASSED] - Object: 'Object Repository/OCS-MOBILE /Filter flyout/Alpha-bisabolol' is clicked on

2019-06-21 17:29:26 - [TEST_STEP][PASSED] - click(findTestObject("OCS-MOBILE /Filter flyout/Alpha-pinene"), OPTIONAL): Object: 'Object Repository/OCS-MOBILE /Filter flyout/Alpha-pinene' is clicked on

2019-06-21 17:29:26 - [MESSAGE][PASSED] - Object: 'Object Repository/OCS-MOBILE /Filter flyout/Alpha-pinene' is clicked on

2019-06-21 17:29:26 - [TEST_STEP][PASSED] - click(findTestObject("Object Repository/COLLECTION PAGE _OR/Filter_OR/Page_Pre-Rolled  Ontario Cannabis S/label_Alpha-pinene"), OPTIONAL): Unable to click on object (Root cause: java.lang.IllegalArgumentException: Object is null)

2019-06-21 17:29:26 - [MESSAGE][WARNING] - Test object with id 'Object Repository/COLLECTION PAGE _OR/Filter_OR/Page_Pre-Rolled  Ontario Cannabis S/label_Alpha-pinene' does not exist

2019-06-21 17:29:26 - [MESSAGE][WARNING] - Test object with id 'Object Repository/' does not exist

2019-06-21 17:29:26 - [MESSAGE][WARNING] - Unable to click on object (Root cause: java.lang.IllegalArgumentException: Object is null)
[[ATTACHMENT|/Users/sumankompelly/Relative xpath-Mobile/Reports/OCS - 1.11.0/20190621_165048/1561152566376.png]]

2019-06-21 17:29:26 - [TEST_STEP][PASSED] - click(findTestObject("OCS-MOBILE /Filter flyout/Beta-pinene"), OPTIONAL): Object: 'Object Repository/OCS-MOBILE /Filter flyout/Beta-pinene' is clicked on

2019-06-21 17:29:26 - [MESSAGE][PASSED] - Object: 'Object Repository/OCS-MOBILE /Filter flyout/Beta-pinene' is clicked on

2019-06-21 17:29:26 - [TEST_STEP][PASSED] - click(findTestObject("OCS-MOBILE /Filter flyout/Guaiol"), OPTIONAL): Object: 'Object Repository/OCS-MOBILE /Filter flyout/Guaiol' is clicked on

2019-06-21 17:29:26 - [MESSAGE][PASSED] - Object: 'Object Repository/OCS-MOBILE /Filter flyout/Guaiol' is clicked on

2019-06-21 17:29:26 - [TEST_STEP][PASSED] - click(findTestObject("OCS-MOBILE /Filter flyout/Limonene"), OPTIONAL): Object: 'Object Repository/OCS-MOBILE /Filter flyout/Limonene' is clicked on

2019-06-21 17:29:26 - [MESSAGE][PASSED] - Object: 'Object Repository/OCS-MOBILE /Filter flyout/Limonene' is clicked on

2019-06-21 17:29:26 - [TEST_STEP][PASSED] - delay(1, OPTIONAL): Delayed 1 second(s)

2019-06-21 17:29:27 - [MESSAGE][PASSED] - Delayed 1 second(s)

2019-06-21 17:29:27 - [TEST_STEP][PASSED] - click(findTestObject("OCS-MOBILE /Filter flyout/Myrcene"), OPTIONAL): Object: 'Object Repository/OCS-MOBILE /Filter flyout/Myrcene' is clicked on

2019-06-21 17:29:27 - [MESSAGE][PASSED] - Object: 'Object Repository/OCS-MOBILE /Filter flyout/Myrcene' is clicked on

2019-06-21 17:29:27 - [TEST_STEP][PASSED] - delay(1, OPTIONAL): Delayed 1 second(s)

2019-06-21 17:29:28 - [MESSAGE][PASSED] - Delayed 1 second(s)

2019-06-21 17:29:28 - [TEST_STEP][PASSED] - click(findTestObject("OCS-MOBILE /Filter flyout/Ocimene"), OPTIONAL): Object: 'Object Repository/OCS-MOBILE /Filter flyout/Ocimene' is clicked on

2019-06-21 17:29:29 - [MESSAGE][PASSED] - Object: 'Object Repository/OCS-MOBILE /Filter flyout/Ocimene' is clicked on

2019-06-21 17:29:29 - [TEST_STEP][PASSED] - click(findTestObject("OCS-MOBILE /Filter flyout/Terpinene"), OPTIONAL): Object: 'Object Repository/OCS-MOBILE /Filter flyout/Terpinene' is clicked on

2019-06-21 17:29:29 - [MESSAGE][PASSED] - Object: 'Object Repository/OCS-MOBILE /Filter flyout/Terpinene' is clicked on

2019-06-21 17:29:29 - [TEST_STEP][PASSED] - click(findTestObject("OCS-MOBILE /Filter flyout/Terpinolene"), OPTIONAL): Object: 'Object Repository/OCS-MOBILE /Filter flyout/Terpinolene' is clicked on

2019-06-21 17:29:29 - [MESSAGE][PASSED] - Object: 'Object Repository/OCS-MOBILE /Filter flyout/Terpinolene' is clicked on

2019-06-21 17:29:29 - [TEST_STEP][PASSED] - delay(1, OPTIONAL): Delayed 1 second(s)

2019-06-21 17:29:30 - [MESSAGE][PASSED] - Delayed 1 second(s)

2019-06-21 17:29:30 - [TEST_STEP][NOT_RUN] - click(findTestObject("Object Repository/COLLECTION PAGE _OR/Filter_OR/Page_Pre-Rolled  Ontario Cannabis S/span_Trans-caryophyllene"), OPTIONAL): NOT_RUN: click(findTestObject("Object Repository/COLLECTION PAGE _OR/Filter_OR/Page_Pre-Rolled  Ontario Cannabis S/span_Trans-caryophyllene"), OPTIONAL)

2019-06-21 17:29:30 - [MESSAGE][NOT_RUN] - NOT_RUN: click(findTestObject("Object Repository/COLLECTION PAGE _OR/Filter_OR/Page_Pre-Rolled  Ontario Cannabis S/span_Trans-caryophyllene"), OPTIONAL)

2019-06-21 17:29:30 - [TEST_STEP][PASSED] - click(findTestObject("OCS-MOBILE /Filter flyout/Terpineol"), OPTIONAL): Object: 'Object Repository/OCS-MOBILE /Filter flyout/Terpineol' is clicked on

2019-06-21 17:29:30 - [MESSAGE][PASSED] - Object: 'Object Repository/OCS-MOBILE /Filter flyout/Terpineol' is clicked on

2019-06-21 17:29:30 - [TEST_STEP][PASSED] - click(findTestObject("OCS-MOBILE /Filter flyout/Para-cymenene"), OPTIONAL): Object: 'Object Repository/OCS-MOBILE /Filter flyout/Para-cymenene' is clicked on

2019-06-21 17:29:30 - [MESSAGE][PASSED] - Object: 'Object Repository/OCS-MOBILE /Filter flyout/Para-cymenene' is clicked on

2019-06-21 17:29:30 - [TEST_STEP][PASSED] - click(findTestObject("OCS-MOBILE /Filter flyout/Nerolidol"), OPTIONAL): Object: 'Object Repository/OCS-MOBILE /Filter flyout/Nerolidol' is clicked on

2019-06-21 17:29:30 - [MESSAGE][PASSED] - Object: 'Object Repository/OCS-MOBILE /Filter flyout/Nerolidol' is clicked on

2019-06-21 17:29:30 - [TEST_STEP][PASSED] - click(findTestObject("OCS-MOBILE /Filter flyout/Linalool"), OPTIONAL): Object: 'Object Repository/OCS-MOBILE /Filter flyout/Linalool' is clicked on

2019-06-21 17:29:30 - [MESSAGE][PASSED] - Object: 'Object Repository/OCS-MOBILE /Filter flyout/Linalool' is clicked on

2019-06-21 17:29:30 - [TEST_STEP][PASSED] - click(findTestObject("OCS-MOBILE /Filter flyout/Humulene"), OPTIONAL): Object: 'Object Repository/OCS-MOBILE /Filter flyout/Humulene' is clicked on

2019-06-21 17:29:30 - [MESSAGE][PASSED] - Object: 'Object Repository/OCS-MOBILE /Filter flyout/Humulene' is clicked on

2019-06-21 17:29:30 - [TEST_STEP][PASSED] - click(findTestObject("OCS-MOBILE /Filter flyout/Bisabolol"), OPTIONAL): Object: 'Object Repository/OCS-MOBILE /Filter flyout/Bisabolol' is clicked on

2019-06-21 17:29:30 - [MESSAGE][PASSED] - Object: 'Object Repository/OCS-MOBILE /Filter flyout/Bisabolol' is clicked on

2019-06-21 17:29:30 - [TEST_STEP][PASSED] - click(findTestObject("OCS-MOBILE /Filter flyout/Beta-caryophyllene"), OPTIONAL): Object: 'Object Repository/OCS-MOBILE /Filter flyout/Beta-caryophyllene' is clicked on

2019-06-21 17:29:30 - [MESSAGE][PASSED] - Object: 'Object Repository/OCS-MOBILE /Filter flyout/Beta-caryophyllene' is clicked on

2019-06-21 17:29:30 - [TEST_STEP][PASSED] - click(findTestObject("OCS-MOBILE /Filter flyout/Alpha-caryophyllene"), OPTIONAL): Object: 'Object Repository/OCS-MOBILE /Filter flyout/Alpha-caryophyllene' is clicked on

2019-06-21 17:29:30 - [MESSAGE][PASSED] - Object: 'Object Repository/OCS-MOBILE /Filter flyout/Alpha-caryophyllene' is clicked on

2019-06-21 17:29:30 - [TEST_STEP][PASSED] - click(findTestObject("OCS-MOBILE /Filter flyout/Trans-caryophyllene"), OPTIONAL): Object: 'Object Repository/OCS-MOBILE /Filter flyout/Trans-caryophyllene' is clicked on

2019-06-21 17:29:30 - [MESSAGE][PASSED] - Object: 'Object Repository/OCS-MOBILE /Filter flyout/Trans-caryophyllene' is clicked on

2019-06-21 17:29:30 - [TEST_STEP][PASSED] - delay(2): Delayed 2 second(s)

2019-06-21 17:29:32 - [MESSAGE][PASSED] - Delayed 2 second(s)

2019-06-21 17:29:32 - [TEST_STEP][PASSED] - delay(1, OPTIONAL): Delayed 1 second(s)

2019-06-21 17:29:33 - [MESSAGE][PASSED] - Delayed 1 second(s)

2019-06-21 17:29:33 - [TEST_STEP][PASSED] - click(findTestObject("OCS-MOBILE /Filter flyout/Done (43)")): Object: 'Object Repository/OCS-MOBILE /Filter flyout/Done (43)' is clicked on

2019-06-21 17:29:34 - [MESSAGE][PASSED] - Object: 'Object Repository/OCS-MOBILE /Filter flyout/Done (43)' is clicked on

2019-06-21 17:29:34 - [TEST_STEP][PASSED] - a = getText(findTestObject("OCS-MOBILE /Filter flyout/li_Pre-Rolled")): Text of object 'Object Repository/OCS-MOBILE /Filter flyout/li_Pre-Rolled' is: 'INDICA DOMINANT DRIED FLOWER'

2019-06-21 17:29:34 - [MESSAGE][PASSED] - Text of object 'Object Repository/OCS-MOBILE /Filter flyout/li_Pre-Rolled' is: 'INDICA DOMINANT DRIED FLOWER'

2019-06-21 17:29:34 - [TEST_STEP][PASSED] - comment(a): INDICA DOMINANT DRIED FLOWER

2019-06-21 17:29:34 - [MESSAGE][INFO] - INDICA DOMINANT DRIED FLOWER

2019-06-21 17:29:34 - [TEST_STEP][PASSED] - if (a == "40 Products"): null

2019-06-21 17:29:34 - [TEST_STEP][PASSED] - else: products filtered

2019-06-21 17:29:34 - [TEST_STEP][PASSED] - comment("products filtered"): products filtered

2019-06-21 17:29:34 - [MESSAGE][INFO] - products filtered

2019-06-21 17:29:34 - [TEST_STEP][NOT_RUN] - callTestCase(findTestCase("OCS - MOBILE/OCS-COLLECTION PAGE/calling test case"), [:], STOP_ON_FAILURE): NOT_RUN: callTestCase(findTestCase("OCS - MOBILE/OCS-COLLECTION PAGE/calling test case"), [:], STOP_ON_FAILURE)

2019-06-21 17:29:34 - [MESSAGE][NOT_RUN] - NOT_RUN: callTestCase(findTestCase("OCS - MOBILE/OCS-COLLECTION PAGE/calling test case"), [:], STOP_ON_FAILURE)

2019-06-21 17:29:34 - [TEST_STEP][NOT_RUN] - click(findTestObject("OCS-MOBILE /Filter flyout/Filter option")): NOT_RUN: click(findTestObject("OCS-MOBILE /Filter flyout/Filter option"))

2019-06-21 17:29:34 - [MESSAGE][NOT_RUN] - NOT_RUN: click(findTestObject("OCS-MOBILE /Filter flyout/Filter option"))

2019-06-21 17:29:34 - [TEST_STEP][NOT_RUN] - delay(2): NOT_RUN: delay(2)

2019-06-21 17:29:34 - [MESSAGE][NOT_RUN] - NOT_RUN: delay(2)

2019-06-21 17:29:34 - [TEST_STEP][NOT_RUN] - setViewPortSize(1000, 800, OPTIONAL): NOT_RUN: setViewPortSize(1000, 800, OPTIONAL)

2019-06-21 17:29:34 - [MESSAGE][NOT_RUN] - NOT_RUN: setViewPortSize(1000, 800, OPTIONAL)

2019-06-21 17:29:34 - [TEST_STEP][NOT_RUN] - delay(2, OPTIONAL): NOT_RUN: delay(2, OPTIONAL)

2019-06-21 17:29:34 - [MESSAGE][NOT_RUN] - NOT_RUN: delay(2, OPTIONAL)

2019-06-21 17:29:34 - [TEST_STEP][NOT_RUN] - click(findTestObject("Theme_oR/Page_Ontario Cannabis Store  Ontari/button_Hide bar"), OPTIONAL): NOT_RUN: click(findTestObject("Theme_oR/Page_Ontario Cannabis Store  Ontari/button_Hide bar"), OPTIONAL)

2019-06-21 17:29:34 - [MESSAGE][NOT_RUN] - NOT_RUN: click(findTestObject("Theme_oR/Page_Ontario Cannabis Store  Ontari/button_Hide bar"), OPTIONAL)

2019-06-21 17:29:34 - [TEST_STEP][NOT_RUN] - delay(2, OPTIONAL): NOT_RUN: delay(2, OPTIONAL)

2019-06-21 17:29:34 - [MESSAGE][NOT_RUN] - NOT_RUN: delay(2, OPTIONAL)

2019-06-21 17:29:34 - [TEST_STEP][NOT_RUN] - setViewPortSize(360, 800, OPTIONAL): NOT_RUN: setViewPortSize(360, 800, OPTIONAL)

2019-06-21 17:29:34 - [MESSAGE][NOT_RUN] - NOT_RUN: setViewPortSize(360, 800, OPTIONAL)

2019-06-21 17:29:34 - [TEST_STEP][NOT_RUN] - delay(1, OPTIONAL): NOT_RUN: delay(1, OPTIONAL)

2019-06-21 17:29:34 - [MESSAGE][NOT_RUN] - NOT_RUN: delay(1, OPTIONAL)

2019-06-21 17:29:34 - [TEST_STEP][NOT_RUN] - click(findTestObject("OCS-MOBILE /Filter flyout/Learn More About Terpenes")): NOT_RUN: click(findTestObject("OCS-MOBILE /Filter flyout/Learn More About Terpenes"))

2019-06-21 17:29:34 - [MESSAGE][NOT_RUN] - NOT_RUN: click(findTestObject("OCS-MOBILE /Filter flyout/Learn More About Terpenes"))

2019-06-21 17:29:34 - [TEST_STEP][NOT_RUN] - click(findTestObject("OCS-MOBILE /Filter flyout/Filter option")): NOT_RUN: click(findTestObject("OCS-MOBILE /Filter flyout/Filter option"))

2019-06-21 17:29:34 - [MESSAGE][NOT_RUN] - NOT_RUN: click(findTestObject("OCS-MOBILE /Filter flyout/Filter option"))

2019-06-21 17:29:34 - [TEST_STEP][NOT_RUN] - delay(2): NOT_RUN: delay(2)

2019-06-21 17:29:34 - [MESSAGE][NOT_RUN] - NOT_RUN: delay(2)

2019-06-21 17:29:34 - [TEST_STEP][NOT_RUN] - click(findTestObject("OCS-MOBILE /Filter flyout/THC CBD plus accordian")): NOT_RUN: click(findTestObject("OCS-MOBILE /Filter flyout/THC CBD plus accordian"))

2019-06-21 17:29:34 - [MESSAGE][NOT_RUN] - NOT_RUN: click(findTestObject("OCS-MOBILE /Filter flyout/THC CBD plus accordian"))

2019-06-21 17:29:34 - [TEST_STEP][NOT_RUN] - delay(2): NOT_RUN: delay(2)

2019-06-21 17:29:34 - [MESSAGE][NOT_RUN] - NOT_RUN: delay(2)

2019-06-21 17:29:34 - [TEST_STEP][NOT_RUN] - click(findTestObject("OCS-MOBILE /Filter flyout/Learn More About THC CBD")): NOT_RUN: click(findTestObject("OCS-MOBILE /Filter flyout/Learn More About THC CBD"))

2019-06-21 17:29:34 - [MESSAGE][NOT_RUN] - NOT_RUN: click(findTestObject("OCS-MOBILE /Filter flyout/Learn More About THC CBD"))

2019-06-21 17:29:34 - [TEST_STEP][NOT_RUN] - back(): NOT_RUN: back()

2019-06-21 17:29:34 - [MESSAGE][NOT_RUN] - NOT_RUN: back()

2019-06-21 17:29:34 - [TEST_STEP][NOT_RUN] - delay(2): NOT_RUN: delay(2)

2019-06-21 17:29:34 - [MESSAGE][NOT_RUN] - NOT_RUN: delay(2)

2019-06-21 17:29:34 - [TEST_STEP][NOT_RUN] - click(findTestObject("OCS-MOBILE /Filter flyout/Filter option")): NOT_RUN: click(findTestObject("OCS-MOBILE /Filter flyout/Filter option"))

2019-06-21 17:29:34 - [MESSAGE][NOT_RUN] - NOT_RUN: click(findTestObject("OCS-MOBILE /Filter flyout/Filter option"))

2019-06-21 17:29:34 - [TEST_STEP][NOT_RUN] - delay(2): NOT_RUN: delay(2)

2019-06-21 17:29:34 - [MESSAGE][NOT_RUN] - NOT_RUN: delay(2)

2019-06-21 17:29:34 - [TEST_STEP][NOT_RUN] - click(findTestObject("OCS-MOBILE /Filter flyout/Plant type plus accordian")): NOT_RUN: click(findTestObject("OCS-MOBILE /Filter flyout/Plant type plus accordian"))

2019-06-21 17:29:34 - [MESSAGE][NOT_RUN] - NOT_RUN: click(findTestObject("OCS-MOBILE /Filter flyout/Plant type plus accordian"))

2019-06-21 17:29:34 - [TEST_STEP][NOT_RUN] - delay(2): NOT_RUN: delay(2)

2019-06-21 17:29:34 - [MESSAGE][NOT_RUN] - NOT_RUN: delay(2)

2019-06-21 17:29:34 - [TEST_STEP][NOT_RUN] - click(findTestObject("OCS-MOBILE /Filter flyout/Learn More About Plant Type")): NOT_RUN: click(findTestObject("OCS-MOBILE /Filter flyout/Learn More About Plant Type"))

2019-06-21 17:29:34 - [MESSAGE][NOT_RUN] - NOT_RUN: click(findTestObject("OCS-MOBILE /Filter flyout/Learn More About Plant Type"))

2019-06-21 17:29:34 - [TEST_STEP][NOT_RUN] - back(): NOT_RUN: back()

2019-06-21 17:29:34 - [MESSAGE][NOT_RUN] - NOT_RUN: back()

2019-06-21 17:29:34 - [TEST_STEP][NOT_RUN] - delay(2): NOT_RUN: delay(2)

2019-06-21 17:29:34 - [MESSAGE][NOT_RUN] - NOT_RUN: delay(2)

2019-06-21 17:29:34 - [TEST_STEP][NOT_RUN] - click(findTestObject("OCS-MOBILE /Filter flyout/Filter option")): NOT_RUN: click(findTestObject("OCS-MOBILE /Filter flyout/Filter option"))

2019-06-21 17:29:34 - [MESSAGE][NOT_RUN] - NOT_RUN: click(findTestObject("OCS-MOBILE /Filter flyout/Filter option"))

2019-06-21 17:29:34 - [TEST_STEP][NOT_RUN] - delay(2): NOT_RUN: delay(2)

2019-06-21 17:29:34 - [MESSAGE][NOT_RUN] - NOT_RUN: delay(2)

2019-06-21 17:29:34 - [TEST_STEP][NOT_RUN] - click(findTestObject("OCS-MOBILE /Filter flyout/Brand plus accordian")): NOT_RUN: click(findTestObject("OCS-MOBILE /Filter flyout/Brand plus accordian"))

2019-06-21 17:29:34 - [MESSAGE][NOT_RUN] - NOT_RUN: click(findTestObject("OCS-MOBILE /Filter flyout/Brand plus accordian"))

2019-06-21 17:29:34 - [TEST_STEP][NOT_RUN] - delay(2): NOT_RUN: delay(2)

2019-06-21 17:29:34 - [MESSAGE][NOT_RUN] - NOT_RUN: delay(2)

2019-06-21 17:29:34 - [TEST_STEP][NOT_RUN] - click(findTestObject("OCS-MOBILE /Filter flyout/Learn More About brand"), OPTIONAL): NOT_RUN: click(findTestObject("OCS-MOBILE /Filter flyout/Learn More About brand"), OPTIONAL)

2019-06-21 17:29:34 - [MESSAGE][NOT_RUN] - NOT_RUN: click(findTestObject("OCS-MOBILE /Filter flyout/Learn More About brand"), OPTIONAL)

2019-06-21 17:29:34 - [TEST_STEP][NOT_RUN] - back(): NOT_RUN: back()

2019-06-21 17:29:34 - [MESSAGE][NOT_RUN] - NOT_RUN: back()

2019-06-21 17:29:34 - [TEST_STEP][NOT_RUN] - delay(2): NOT_RUN: delay(2)

2019-06-21 17:29:34 - [MESSAGE][NOT_RUN] - NOT_RUN: delay(2)

2019-06-21 17:29:34 - [TEST_STEP][NOT_RUN] - click(findTestObject("OCS-MOBILE /Filter flyout/Filter option")): NOT_RUN: click(findTestObject("OCS-MOBILE /Filter flyout/Filter option"))

2019-06-21 17:29:34 - [MESSAGE][NOT_RUN] - NOT_RUN: click(findTestObject("OCS-MOBILE /Filter flyout/Filter option"))

2019-06-21 17:29:34 - [TEST_STEP][NOT_RUN] - delay(2): NOT_RUN: delay(2)

2019-06-21 17:29:34 - [MESSAGE][NOT_RUN] - NOT_RUN: delay(2)

2019-06-21 17:29:34 - [TEST_STEP][NOT_RUN] - click(findTestObject("OCS-MOBILE /Filter flyout/Terpenes plus accordian"), OPTIONAL): NOT_RUN: click(findTestObject("OCS-MOBILE /Filter flyout/Terpenes plus accordian"), OPTIONAL)

2019-06-21 17:29:34 - [MESSAGE][NOT_RUN] - NOT_RUN: click(findTestObject("OCS-MOBILE /Filter flyout/Terpenes plus accordian"), OPTIONAL)

2019-06-21 17:29:34 - [TEST_STEP][NOT_RUN] - delay(2): NOT_RUN: delay(2)

2019-06-21 17:29:34 - [MESSAGE][NOT_RUN] - NOT_RUN: delay(2)

2019-06-21 17:29:34 - [TEST_STEP][NOT_RUN] - click(findTestObject("OCS-MOBILE /Filter flyout/Learn More About Terpenes")): NOT_RUN: click(findTestObject("OCS-MOBILE /Filter flyout/Learn More About Terpenes"))

2019-06-21 17:29:34 - [MESSAGE][NOT_RUN] - NOT_RUN: click(findTestObject("OCS-MOBILE /Filter flyout/Learn More About Terpenes"))]]></system-out>
         <system-err><![CDATA[]]></system-err>
      </testcase>
      <system-out><![CDATA[2019-06-21 16:50:50 - [TEST_SUITE][FAILED] - OCS - 1.11.0: Test Cases/OCS - MOBILE/OCS- HOME PAGE/HP-Burger menu-Accessories FAILED.
Reason:
com.kms.katalon.core.exception.StepFailedException: Unable to click on object 'Object Repository/OCS-MOBILE /Accessories page/new accessories' (Root cause: org.openqa.selenium.WebDriverException: unknown error: Element <img class="menu__featured-item__image" src="//cdn.shopify.com/s/files/1/2636/1928/files/wks10-12-MEGANAV-new-accessories_400x.jpg?v=1559916201" data-src="//cdn.shopify.com/s/files/1/2636/1928/files/wks10-12-MEGANAV-new-accessories_400x.jpg?v=1559916201" alt="New Accessories"> is not clickable at point (17, 661). Other element would receive the click: <iframe title="Preview Bar" id="preview-bar-iframe" src="https://ocs.ca/preview_bar" sandbox="allow-same-origin allow-scripts" style="position: fixed; bottom: 0px; left: 0px; z-index: 2147483647; width: 100%; border: none; box-shadow: rgba(0, 0, 0, 0.2) 0px -1px 3px; overflow: hidden; transform: translateY(0px); transition: transform 300ms ease 0s; height: 92px;"></iframe>
  (Session info: chrome=75.0.3770.100)
  (Driver info: chromedriver=2.43.600229 (3fae4d0cda5334b4f533bede5a4787f7b832d052),platform=Mac OS X 10.13.6 x86_64) (WARNING: The server did not provide any stacktrace information)
Command duration or timeout: 0 milliseconds
Build info: version: '3.7.1', revision: '8a0099a', time: '2017-11-06T21:07:36.161Z'
System info: host: 'sumans-MacBook-Pro.local', ip: '2601:87:0:879f:0:0:0:1e84%en0', os.name: 'Mac OS X', os.arch: 'x86_64', os.version: '10.13.6', java.version: '1.8.0_181'
Driver info: com.kms.katalon.selenium.driver.CChromeDriver
Capabilities {acceptInsecureCerts: false, acceptSslCerts: false, applicationCacheEnabled: false, browserConnectionEnabled: false, browserName: chrome, chrome: {chromedriverVersion: 2.43.600229 (3fae4d0cda5334..., userDataDir: /var/folders/1t/c55l8xzs6gq...}, cssSelectorsEnabled: true, databaseEnabled: false, goog:chromeOptions: {debuggerAddress: localhost:64693}, handlesAlerts: true, hasTouchScreen: false, javascriptEnabled: true, locationContextEnabled: true, mobileEmulationEnabled: false, nativeEvents: true, networkConnectionEnabled: false, pageLoadStrategy: normal, platform: MAC, platformName: MAC, rotatable: false, setWindowRect: true, takesHeapSnapshot: true, takesScreenshot: true, unexpectedAlertBehaviour: , unhandledPromptBehavior: , version: 75.0.3770.100, webStorageEnabled: true}
Session ID: 7bffdcf53e2090649e7caf1ea72c9957)
	at com.kms.katalon.core.keyword.internal.KeywordMain.stepFailed(KeywordMain.groovy:36)
	at com.kms.katalon.core.webui.keyword.internal.WebUIKeywordMain.stepFailed(WebUIKeywordMain.groovy:65)
	at com.kms.katalon.core.webui.keyword.internal.WebUIKeywordMain.runKeyword(WebUIKeywordMain.groovy:27)
	at com.kms.katalon.core.webui.keyword.builtin.ClickKeyword.click(ClickKeyword.groovy:86)
	at com.kms.katalon.core.webui.keyword.builtin.ClickKeyword.execute(ClickKeyword.groovy:67)
	at com.kms.katalon.core.keyword.internal.KeywordExecutor.executeKeywordForPlatform(KeywordExecutor.groovy:53)
	at com.kms.katalon.core.webui.keyword.WebUiBuiltInKeywords.click(WebUiBuiltInKeywords.groovy:616)
	at com.kms.katalon.core.webui.keyword.WebUiBuiltInKeywords$click$4.call(Unknown Source)
	at HP-Burger menu-Accessories.run(HP-Burger menu-Accessories:314)
	at com.kms.katalon.core.main.ScriptEngine.run(ScriptEngine.java:194)
	at com.kms.katalon.core.main.ScriptEngine.runScriptAsRawText(ScriptEngine.java:119)
	at com.kms.katalon.core.main.TestCaseExecutor.runScript(TestCaseExecutor.java:328)
	at com.kms.katalon.core.main.TestCaseExecutor.doExecute(TestCaseExecutor.java:319)
	at com.kms.katalon.core.main.TestCaseExecutor.processExecutionPhase(TestCaseExecutor.java:298)
	at com.kms.katalon.core.main.TestCaseExecutor.accessMainPhase(TestCaseExecutor.java:290)
	at com.kms.katalon.core.main.TestCaseExecutor.execute(TestCaseExecutor.java:224)
	at com.kms.katalon.core.main.TestSuiteExecutor.accessTestCaseMainPhase(TestSuiteExecutor.java:129)
	at com.kms.katalon.core.main.TestSuiteExecutor.accessTestSuiteMainPhase(TestSuiteExecutor.java:112)
	at com.kms.katalon.core.main.TestSuiteExecutor.execute(TestSuiteExecutor.java:81)
	at com.kms.katalon.core.main.TestCaseMain.startTestSuite(TestCaseMain.java:149)
	at com.kms.katalon.core.main.TestCaseMain$startTestSuite$0.call(Unknown Source)
	at TempTestSuite1561150248290.run(TempTestSuite1561150248290.groovy:36)]]></system-out>
      <system-err><![CDATA[2019-06-21 16:50:50 - [TEST_SUITE][FAILED] - OCS - 1.11.0: Test Cases/OCS - MOBILE/OCS- HOME PAGE/HP-Burger menu-Accessories FAILED.
Reason:
com.kms.katalon.core.exception.StepFailedException: Unable to click on object 'Object Repository/OCS-MOBILE /Accessories page/new accessories' (Root cause: org.openqa.selenium.WebDriverException: unknown error: Element <img class="menu__featured-item__image" src="//cdn.shopify.com/s/files/1/2636/1928/files/wks10-12-MEGANAV-new-accessories_400x.jpg?v=1559916201" data-src="//cdn.shopify.com/s/files/1/2636/1928/files/wks10-12-MEGANAV-new-accessories_400x.jpg?v=1559916201" alt="New Accessories"> is not clickable at point (17, 661). Other element would receive the click: <iframe title="Preview Bar" id="preview-bar-iframe" src="https://ocs.ca/preview_bar" sandbox="allow-same-origin allow-scripts" style="position: fixed; bottom: 0px; left: 0px; z-index: 2147483647; width: 100%; border: none; box-shadow: rgba(0, 0, 0, 0.2) 0px -1px 3px; overflow: hidden; transform: translateY(0px); transition: transform 300ms ease 0s; height: 92px;"></iframe>
  (Session info: chrome=75.0.3770.100)
  (Driver info: chromedriver=2.43.600229 (3fae4d0cda5334b4f533bede5a4787f7b832d052),platform=Mac OS X 10.13.6 x86_64) (WARNING: The server did not provide any stacktrace information)
Command duration or timeout: 0 milliseconds
Build info: version: '3.7.1', revision: '8a0099a', time: '2017-11-06T21:07:36.161Z'
System info: host: 'sumans-MacBook-Pro.local', ip: '2601:87:0:879f:0:0:0:1e84%en0', os.name: 'Mac OS X', os.arch: 'x86_64', os.version: '10.13.6', java.version: '1.8.0_181'
Driver info: com.kms.katalon.selenium.driver.CChromeDriver
Capabilities {acceptInsecureCerts: false, acceptSslCerts: false, applicationCacheEnabled: false, browserConnectionEnabled: false, browserName: chrome, chrome: {chromedriverVersion: 2.43.600229 (3fae4d0cda5334..., userDataDir: /var/folders/1t/c55l8xzs6gq...}, cssSelectorsEnabled: true, databaseEnabled: false, goog:chromeOptions: {debuggerAddress: localhost:64693}, handlesAlerts: true, hasTouchScreen: false, javascriptEnabled: true, locationContextEnabled: true, mobileEmulationEnabled: false, nativeEvents: true, networkConnectionEnabled: false, pageLoadStrategy: normal, platform: MAC, platformName: MAC, rotatable: false, setWindowRect: true, takesHeapSnapshot: true, takesScreenshot: true, unexpectedAlertBehaviour: , unhandledPromptBehavior: , version: 75.0.3770.100, webStorageEnabled: true}
Session ID: 7bffdcf53e2090649e7caf1ea72c9957)
	at com.kms.katalon.core.keyword.internal.KeywordMain.stepFailed(KeywordMain.groovy:36)
	at com.kms.katalon.core.webui.keyword.internal.WebUIKeywordMain.stepFailed(WebUIKeywordMain.groovy:65)
	at com.kms.katalon.core.webui.keyword.internal.WebUIKeywordMain.runKeyword(WebUIKeywordMain.groovy:27)
	at com.kms.katalon.core.webui.keyword.builtin.ClickKeyword.click(ClickKeyword.groovy:86)
	at com.kms.katalon.core.webui.keyword.builtin.ClickKeyword.execute(ClickKeyword.groovy:67)
	at com.kms.katalon.core.keyword.internal.KeywordExecutor.executeKeywordForPlatform(KeywordExecutor.groovy:53)
	at com.kms.katalon.core.webui.keyword.WebUiBuiltInKeywords.click(WebUiBuiltInKeywords.groovy:616)
	at com.kms.katalon.core.webui.keyword.WebUiBuiltInKeywords$click$4.call(Unknown Source)
	at HP-Burger menu-Accessories.run(HP-Burger menu-Accessories:314)
	at com.kms.katalon.core.main.ScriptEngine.run(ScriptEngine.java:194)
	at com.kms.katalon.core.main.ScriptEngine.runScriptAsRawText(ScriptEngine.java:119)
	at com.kms.katalon.core.main.TestCaseExecutor.runScript(TestCaseExecutor.java:328)
	at com.kms.katalon.core.main.TestCaseExecutor.doExecute(TestCaseExecutor.java:319)
	at com.kms.katalon.core.main.TestCaseExecutor.processExecutionPhase(TestCaseExecutor.java:298)
	at com.kms.katalon.core.main.TestCaseExecutor.accessMainPhase(TestCaseExecutor.java:290)
	at com.kms.katalon.core.main.TestCaseExecutor.execute(TestCaseExecutor.java:224)
	at com.kms.katalon.core.main.TestSuiteExecutor.accessTestCaseMainPhase(TestSuiteExecutor.java:129)
	at com.kms.katalon.core.main.TestSuiteExecutor.accessTestSuiteMainPhase(TestSuiteExecutor.java:112)
	at com.kms.katalon.core.main.TestSuiteExecutor.execute(TestSuiteExecutor.java:81)
	at com.kms.katalon.core.main.TestCaseMain.startTestSuite(TestCaseMain.java:149)
	at com.kms.katalon.core.main.TestCaseMain$startTestSuite$0.call(Unknown Source)
	at TempTestSuite1561150248290.run(TempTestSuite1561150248290.groovy:36)]]></system-err>
   </testsuite>
</testsuites>
