<?xml version="1.0" encoding="UTF-8"?>
<testsuites name="HP, PROD , AG" time="2931" tests="10" failures="5" errors="0">
   <testsuite name="HP, PROD , AG" tests="10" failures="5" errors="0" time="2931" timestamp="2019-05-27 15:03:00" hostname="sumankompelly - 10.0.126.233" id="Test Suites/QA ( 1.9.1)/HP, PROD , AG">
      <properties>
         <property name="deviceName" value=""/>
         <property name="devicePlatform" value=""/>
         <property name="logFolder" value="/Users/sumankompelly/Katalon Studio/OCS ( QA- 1.9.1 ) /Reports/QA ( 1.9.1)/HP, PROD , AG/20190527_150258"/>
         <property name="logFiles" value="/Users/sumankompelly/Katalon Studio/OCS ( QA- 1.9.1 ) /Reports/QA ( 1.9.1)/HP, PROD , AG/20190527_150258/execution0.log"/>
         <property name="attachments" value="/Users/sumankompelly/Katalon Studio/OCS ( QA- 1.9.1 ) /Reports/QA ( 1.9.1)/HP, PROD , AG/20190527_150258/1558984325799.png, /Users/sumankompelly/Katalon Studio/OCS ( QA- 1.9.1 ) /Reports/QA ( 1.9.1)/HP, PROD , AG/20190527_150258/1558984395054.png, /Users/sumankompelly/Katalon Studio/OCS ( QA- 1.9.1 ) /Reports/QA ( 1.9.1)/HP, PROD , AG/20190527_150258/1558984397135.png, /Users/sumankompelly/Katalon Studio/OCS ( QA- 1.9.1 ) /Reports/QA ( 1.9.1)/HP, PROD , AG/20190527_150258/1558984400929.png, /Users/sumankompelly/Katalon Studio/OCS ( QA- 1.9.1 ) /Reports/QA ( 1.9.1)/HP, PROD , AG/20190527_150258/1558984403021.png, /Users/sumankompelly/Katalon Studio/OCS ( QA- 1.9.1 ) /Reports/QA ( 1.9.1)/HP, PROD , AG/20190527_150258/1558984406823.png, /Users/sumankompelly/Katalon Studio/OCS ( QA- 1.9.1 ) /Reports/QA ( 1.9.1)/HP, PROD , AG/20190527_150258/1558984408918.png, /Users/sumankompelly/Katalon Studio/OCS ( QA- 1.9.1 ) /Reports/QA ( 1.9.1)/HP, PROD , AG/20190527_150258/1558984412741.png, /Users/sumankompelly/Katalon Studio/OCS ( QA- 1.9.1 ) /Reports/QA ( 1.9.1)/HP, PROD , AG/20190527_150258/1558986015193.png, /Users/sumankompelly/Katalon Studio/OCS ( QA- 1.9.1 ) /Reports/QA ( 1.9.1)/HP, PROD , AG/20190527_150258/1558986019021.png, /Users/sumankompelly/Katalon Studio/OCS ( QA- 1.9.1 ) /Reports/QA ( 1.9.1)/HP, PROD , AG/20190527_150258/1558986021105.png, /Users/sumankompelly/Katalon Studio/OCS ( QA- 1.9.1 ) /Reports/QA ( 1.9.1)/HP, PROD , AG/20190527_150258/1558986023177.png, /Users/sumankompelly/Katalon Studio/OCS ( QA- 1.9.1 ) /Reports/QA ( 1.9.1)/HP, PROD , AG/20190527_150258/1558986195579.png, /Users/sumankompelly/Katalon Studio/OCS ( QA- 1.9.1 ) /Reports/QA ( 1.9.1)/HP, PROD , AG/20190527_150258/1558986197938.png, /Users/sumankompelly/Katalon Studio/OCS ( QA- 1.9.1 ) /Reports/QA ( 1.9.1)/HP, PROD , AG/20190527_150258/1558986200239.png, /Users/sumankompelly/Katalon Studio/OCS ( QA- 1.9.1 ) /Reports/QA ( 1.9.1)/HP, PROD , AG/20190527_150258/1558986202607.png, /Users/sumankompelly/Katalon Studio/OCS ( QA- 1.9.1 ) /Reports/QA ( 1.9.1)/HP, PROD , AG/20190527_150258/1558986205950.png, /Users/sumankompelly/Katalon Studio/OCS ( QA- 1.9.1 ) /Reports/QA ( 1.9.1)/HP, PROD , AG/20190527_150258/1558986209481.png, /Users/sumankompelly/Katalon Studio/OCS ( QA- 1.9.1 ) /Reports/QA ( 1.9.1)/HP, PROD , AG/20190527_150258/1558986213010.png, /Users/sumankompelly/Katalon Studio/OCS ( QA- 1.9.1 ) /Reports/QA ( 1.9.1)/HP, PROD , AG/20190527_150258/1558986216538.png, /Users/sumankompelly/Katalon Studio/OCS ( QA- 1.9.1 ) /Reports/QA ( 1.9.1)/HP, PROD , AG/20190527_150258/1558986220093.png, /Users/sumankompelly/Katalon Studio/OCS ( QA- 1.9.1 ) /Reports/QA ( 1.9.1)/HP, PROD , AG/20190527_150258/1558986307412.png, /Users/sumankompelly/Katalon Studio/OCS ( QA- 1.9.1 ) /Reports/QA ( 1.9.1)/HP, PROD , AG/20190527_150258/1558986312257.png, /Users/sumankompelly/Katalon Studio/OCS ( QA- 1.9.1 ) /Reports/QA ( 1.9.1)/HP, PROD , AG/20190527_150258/1558986317777.png, /Users/sumankompelly/Katalon Studio/OCS ( QA- 1.9.1 ) /Reports/QA ( 1.9.1)/HP, PROD , AG/20190527_150258/1558986325429.png, /Users/sumankompelly/Katalon Studio/OCS ( QA- 1.9.1 ) /Reports/QA ( 1.9.1)/HP, PROD , AG/20190527_150258/1558986331196.png, /Users/sumankompelly/Katalon Studio/OCS ( QA- 1.9.1 ) /Reports/QA ( 1.9.1)/HP, PROD , AG/20190527_150258/1558986336008.png, /Users/sumankompelly/Katalon Studio/OCS ( QA- 1.9.1 ) /Reports/QA ( 1.9.1)/HP, PROD , AG/20190527_150258/1558986343132.png, /Users/sumankompelly/Katalon Studio/OCS ( QA- 1.9.1 ) /Reports/QA ( 1.9.1)/HP, PROD , AG/20190527_150258/1558986349839.png, /Users/sumankompelly/Katalon Studio/OCS ( QA- 1.9.1 ) /Reports/QA ( 1.9.1)/HP, PROD , AG/20190527_150258/1558986398154.png, /Users/sumankompelly/Katalon Studio/OCS ( QA- 1.9.1 ) /Reports/QA ( 1.9.1)/HP, PROD , AG/20190527_150258/1558986438323.png, /Users/sumankompelly/Katalon Studio/OCS ( QA- 1.9.1 ) /Reports/QA ( 1.9.1)/HP, PROD , AG/20190527_150258/1558986533059.png, /Users/sumankompelly/Katalon Studio/OCS ( QA- 1.9.1 ) /Reports/QA ( 1.9.1)/HP, PROD , AG/20190527_150258/1558986535454.png, /Users/sumankompelly/Katalon Studio/OCS ( QA- 1.9.1 ) /Reports/QA ( 1.9.1)/HP, PROD , AG/20190527_150258/1558986567077.png, /Users/sumankompelly/Katalon Studio/OCS ( QA- 1.9.1 ) /Reports/QA ( 1.9.1)/HP, PROD , AG/20190527_150258/1558986567134.png, /Users/sumankompelly/Katalon Studio/OCS ( QA- 1.9.1 ) /Reports/QA ( 1.9.1)/HP, PROD , AG/20190527_150258/1558986660105.png, /Users/sumankompelly/Katalon Studio/OCS ( QA- 1.9.1 ) /Reports/QA ( 1.9.1)/HP, PROD , AG/20190527_150258/1558986711153.png"/>
         <property name="hostName" value="sumankompelly - 10.0.126.233"/>
         <property name="os" value="Mac OS X 64bit"/>
         <property name="katalonVersion" value="5.10.1.1"/>
         <property name="browser" value="Firefox 67.0"/>
         <property name="hostAddress" value="10.0.126.233"/>
         <property name="sessionId" value="41a42d9f-d6cc-6745-871a-f21195ade53f"/>
         <property name="seleniumVersion" value="3.7.1"/>
         <property name="proxyInformation" value="ProxyInformation{proxyOption=NO_PROXY, proxyServerType=HTTP, password=, proxyServerAddress=, proxyServerPort=0}"/>
         <property name="platform" value="Mac OS X"/>
      </properties>
      <testcase name="Test Cases/OCS - MOBILE/OCS- HOME PAGE/HP- Burger menu- Learn" classname="Test Cases/OCS - MOBILE/OCS- HOME PAGE/HP- Burger menu- Learn" status="PASSED">
         <system-out><![CDATA[2019-05-27 15:03:00 - [TEST_CASE][PASSED] - Test Cases/OCS - MOBILE/OCS- HOME PAGE/HP- Burger menu- Learn: Test Cases/OCS - MOBILE/OCS- HOME PAGE/HP- Burger menu- Learn

2019-05-27 15:03:00 - [TEST_STEP][PASSED] - callTestCase(findTestCase("OCS - MOBILE/CALL - AGE GATE"), [:], STOP_ON_FAILURE): Call Test Case 'Test Cases/OCS - MOBILE/CALL - AGE GATE' successfully

2019-05-27 15:03:01 - [TEST_CASE][PASSED] - Test Cases/OCS - MOBILE/CALL - AGE GATE: Test Cases/OCS - MOBILE/CALL - AGE GATE

2019-05-27 15:03:01 - [TEST_STEP][PASSED] - openBrowser(""): Browser is opened with url: ''

2019-05-27 15:03:01 - [MESSAGE][INFO] - Starting 'Firefox' driver

2019-05-27 15:03:01 - [MESSAGE][INFO] - Action delay is set to 0 seconds

2019-05-27 15:03:04 - [MESSAGE][PASSED] - Browser is opened with url: ''

2019-05-27 15:03:04 - [TEST_STEP][PASSED] - navigateToUrl("https://ocs.ca/?fts=0&preview_theme_id=53376026444"): Navigate to 'https://ocs.ca/?fts=0&preview_theme_id=53376026444' successfully

2019-05-27 15:03:10 - [MESSAGE][PASSED] - Navigate to 'https://ocs.ca/?fts=0&preview_theme_id=53376026444' successfully

2019-05-27 15:03:10 - [TEST_STEP][NOT_RUN] - executeJavaScript("var previewBar = document.getElementById("preview-bar-iframe"); previewBar.style.display = "none";", []): NOT_RUN: executeJavaScript("var previewBar = document.getElementById("preview-bar-iframe"); previewBar.style.display = "none";", [])

2019-05-27 15:03:10 - [MESSAGE][NOT_RUN] - NOT_RUN: executeJavaScript("var previewBar = document.getElementById("preview-bar-iframe"); previewBar.style.display = "none";", [])

2019-05-27 15:03:10 - [TEST_STEP][PASSED] - setViewPortSize(360, 800): Viewport is set to new size with width = 360 and height = 800

2019-05-27 15:03:10 - [MESSAGE][PASSED] - Viewport is set to new size with width = 360 and height = 800

2019-05-27 15:03:10 - [TEST_STEP][PASSED] - delay(4): Delayed 4 second(s)

2019-05-27 15:03:14 - [MESSAGE][PASSED] - Delayed 4 second(s)

2019-05-27 15:03:14 - [TEST_STEP][PASSED] - selectOptionByValue(findTestObject("OCS-MOBILE /Age gate and burger menu/Date"), "12", true): All options with value '12' are selected in object 'Object Repository/OCS-MOBILE /Age gate and burger menu/Date'  using regular expression

2019-05-27 15:03:15 - [MESSAGE][PASSED] - All options with value '12' are selected in object 'Object Repository/OCS-MOBILE /Age gate and burger menu/Date'  using regular expression

2019-05-27 15:03:15 - [TEST_STEP][PASSED] - selectOptionByValue(findTestObject("OCS-MOBILE /Age gate and burger menu/month"), "6", true): All options with value '6' are selected in object 'Object Repository/OCS-MOBILE /Age gate and burger menu/month'  using regular expression

2019-05-27 15:03:15 - [MESSAGE][PASSED] - All options with value '6' are selected in object 'Object Repository/OCS-MOBILE /Age gate and burger menu/month'  using regular expression

2019-05-27 15:03:15 - [TEST_STEP][PASSED] - delay(2): Delayed 2 second(s)

2019-05-27 15:03:17 - [MESSAGE][PASSED] - Delayed 2 second(s)

2019-05-27 15:03:17 - [TEST_STEP][PASSED] - selectOptionByValue(findTestObject("OCS-MOBILE /Age gate and burger menu/Year Dropdown"), "1990", true): All options with value '1990' are selected in object 'Object Repository/OCS-MOBILE /Age gate and burger menu/Year Dropdown'  using regular expression

2019-05-27 15:03:19 - [MESSAGE][PASSED] - All options with value '1990' are selected in object 'Object Repository/OCS-MOBILE /Age gate and burger menu/Year Dropdown'  using regular expression

2019-05-27 15:03:19 - [TEST_STEP][PASSED] - click(findTestObject("OCS-MOBILE /Age gate and burger menu/button_Verify")): Object: 'Object Repository/OCS-MOBILE /Age gate and burger menu/button_Verify' is clicked on

2019-05-27 15:03:19 - [MESSAGE][PASSED] - Object: 'Object Repository/OCS-MOBILE /Age gate and burger menu/button_Verify' is clicked on

2019-05-27 15:03:19 - [TEST_STEP][PASSED] - click(findTestObject("OCS-MOBILE /Age gate and burger menu/Checkbox_CONFIRM AND ACKNOWLEDGE")): Object: 'Object Repository/OCS-MOBILE /Age gate and burger menu/Checkbox_CONFIRM AND ACKNOWLEDGE' is clicked on

2019-05-27 15:03:20 - [MESSAGE][PASSED] - Object: 'Object Repository/OCS-MOBILE /Age gate and burger menu/Checkbox_CONFIRM AND ACKNOWLEDGE' is clicked on

2019-05-27 15:03:20 - [TEST_STEP][PASSED] - click(findTestObject("OCS-MOBILE /Age gate and burger menu/button_CONFIRM")): Object: 'Object Repository/OCS-MOBILE /Age gate and burger menu/button_CONFIRM' is clicked on

2019-05-27 15:03:20 - [MESSAGE][PASSED] - Object: 'Object Repository/OCS-MOBILE /Age gate and burger menu/button_CONFIRM' is clicked on

2019-05-27 15:03:20 - [TEST_STEP][PASSED] - click(findTestObject("OCS-MOBILE /Age gate and burger menu/button_Start Browsing")): Object: 'Object Repository/OCS-MOBILE /Age gate and burger menu/button_Start Browsing' is clicked on

2019-05-27 15:03:20 - [MESSAGE][PASSED] - Object: 'Object Repository/OCS-MOBILE /Age gate and burger menu/button_Start Browsing' is clicked on

2019-05-27 15:03:20 - [MESSAGE][PASSED] - Call Test Case 'Test Cases/OCS - MOBILE/CALL - AGE GATE' successfully

2019-05-27 15:03:20 - [TEST_STEP][PASSED] - delay(2): Delayed 2 second(s)

2019-05-27 15:03:22 - [MESSAGE][PASSED] - Delayed 2 second(s)

2019-05-27 15:03:22 - [TEST_STEP][PASSED] - click(findTestObject("OCS-MOBILE /Age gate and burger menu/Burger menu - English"), CONTINUE_ON_FAILURE): Object: 'Object Repository/OCS-MOBILE /Age gate and burger menu/Burger menu - English' is clicked on

2019-05-27 15:03:23 - [MESSAGE][PASSED] - Object: 'Object Repository/OCS-MOBILE /Age gate and burger menu/Burger menu - English' is clicked on

2019-05-27 15:03:23 - [TEST_STEP][PASSED] - delay(2, CONTINUE_ON_FAILURE): Delayed 2 second(s)

2019-05-27 15:03:25 - [MESSAGE][PASSED] - Delayed 2 second(s)

2019-05-27 15:03:25 - [TEST_STEP][PASSED] - click(findTestObject("OCS-MOBILE /LEARN page/Learn chevron")): Object: 'Object Repository/OCS-MOBILE /LEARN page/Learn chevron' is clicked on

2019-05-27 15:03:25 - [MESSAGE][PASSED] - Object: 'Object Repository/OCS-MOBILE /LEARN page/Learn chevron' is clicked on

2019-05-27 15:03:25 - [TEST_STEP][PASSED] - delay(2): Delayed 2 second(s)

2019-05-27 15:03:27 - [MESSAGE][PASSED] - Delayed 2 second(s)

2019-05-27 15:03:27 - [TEST_STEP][PASSED] - click(findTestObject("OCS-MOBILE /LEARN page/How Cannabis Works plus accordian")): Object: 'Object Repository/OCS-MOBILE /LEARN page/How Cannabis Works plus accordian' is clicked on

2019-05-27 15:03:27 - [MESSAGE][PASSED] - Object: 'Object Repository/OCS-MOBILE /LEARN page/How Cannabis Works plus accordian' is clicked on

2019-05-27 15:03:27 - [TEST_STEP][PASSED] - click(findTestObject("OCS-MOBILE /LEARN page/How Cannabis Works Subtract accordian")): Object: 'Object Repository/OCS-MOBILE /LEARN page/How Cannabis Works Subtract accordian' is clicked on

2019-05-27 15:03:27 - [MESSAGE][PASSED] - Object: 'Object Repository/OCS-MOBILE /LEARN page/How Cannabis Works Subtract accordian' is clicked on

2019-05-27 15:03:27 - [TEST_STEP][PASSED] - click(findTestObject("OCS-MOBILE /LEARN page/How Cannabis Works plus accordian")): Object: 'Object Repository/OCS-MOBILE /LEARN page/How Cannabis Works plus accordian' is clicked on

2019-05-27 15:03:28 - [MESSAGE][PASSED] - Object: 'Object Repository/OCS-MOBILE /LEARN page/How Cannabis Works plus accordian' is clicked on

2019-05-27 15:03:28 - [TEST_STEP][PASSED] - click(findTestObject("OCS-MOBILE /LEARN page/The Effects of Cannabis Chevron")): Object: 'Object Repository/OCS-MOBILE /LEARN page/The Effects of Cannabis Chevron' is clicked on

2019-05-27 15:03:31 - [MESSAGE][PASSED] - Object: 'Object Repository/OCS-MOBILE /LEARN page/The Effects of Cannabis Chevron' is clicked on

2019-05-27 15:03:31 - [TEST_STEP][PASSED] - verifyTextPresent("The Effects of Cannabis", true): Text 'The Effects of Cannabis' is present on page  using regular expression

2019-05-27 15:03:31 - [MESSAGE][PASSED] - Text 'The Effects of Cannabis' is present on page  using regular expression

2019-05-27 15:03:31 - [TEST_STEP][PASSED] - delay(2): Delayed 2 second(s)

2019-05-27 15:03:33 - [MESSAGE][PASSED] - Delayed 2 second(s)

2019-05-27 15:03:33 - [TEST_STEP][PASSED] - click(findTestObject("OCS-MOBILE /Age gate and burger menu/Burger menu - English"), CONTINUE_ON_FAILURE): Object: 'Object Repository/OCS-MOBILE /Age gate and burger menu/Burger menu - English' is clicked on

2019-05-27 15:03:34 - [MESSAGE][PASSED] - Object: 'Object Repository/OCS-MOBILE /Age gate and burger menu/Burger menu - English' is clicked on

2019-05-27 15:03:34 - [TEST_STEP][PASSED] - delay(2, CONTINUE_ON_FAILURE): Delayed 2 second(s)

2019-05-27 15:03:36 - [MESSAGE][PASSED] - Delayed 2 second(s)

2019-05-27 15:03:36 - [TEST_STEP][PASSED] - click(findTestObject("OCS-MOBILE /LEARN page/Learn chevron")): Object: 'Object Repository/OCS-MOBILE /LEARN page/Learn chevron' is clicked on

2019-05-27 15:03:36 - [MESSAGE][PASSED] - Object: 'Object Repository/OCS-MOBILE /LEARN page/Learn chevron' is clicked on

2019-05-27 15:03:36 - [TEST_STEP][PASSED] - delay(2): Delayed 2 second(s)

2019-05-27 15:03:38 - [MESSAGE][PASSED] - Delayed 2 second(s)

2019-05-27 15:03:38 - [TEST_STEP][PASSED] - click(findTestObject("OCS-MOBILE /LEARN page/How Cannabis Works plus accordian")): Object: 'Object Repository/OCS-MOBILE /LEARN page/How Cannabis Works plus accordian' is clicked on

2019-05-27 15:03:38 - [MESSAGE][PASSED] - Object: 'Object Repository/OCS-MOBILE /LEARN page/How Cannabis Works plus accordian' is clicked on

2019-05-27 15:03:38 - [TEST_STEP][PASSED] - delay(1): Delayed 1 second(s)

2019-05-27 15:03:39 - [MESSAGE][PASSED] - Delayed 1 second(s)

2019-05-27 15:03:39 - [TEST_STEP][PASSED] - click(findTestObject("OCS-MOBILE /LEARN page/Endocannabinoids chevron")): Object: 'Object Repository/OCS-MOBILE /LEARN page/Endocannabinoids chevron' is clicked on

2019-05-27 15:03:43 - [MESSAGE][PASSED] - Object: 'Object Repository/OCS-MOBILE /LEARN page/Endocannabinoids chevron' is clicked on

2019-05-27 15:03:43 - [TEST_STEP][PASSED] - verifyTextPresent("The Endocannabinoid System", true): Text 'The Endocannabinoid System' is present on page  using regular expression

2019-05-27 15:03:43 - [MESSAGE][PASSED] - Text 'The Endocannabinoid System' is present on page  using regular expression

2019-05-27 15:03:43 - [TEST_STEP][PASSED] - delay(2): Delayed 2 second(s)

2019-05-27 15:03:45 - [MESSAGE][PASSED] - Delayed 2 second(s)

2019-05-27 15:03:45 - [TEST_STEP][PASSED] - click(findTestObject("OCS-MOBILE /Age gate and burger menu/Burger menu - English"), CONTINUE_ON_FAILURE): Object: 'Object Repository/OCS-MOBILE /Age gate and burger menu/Burger menu - English' is clicked on

2019-05-27 15:03:45 - [MESSAGE][PASSED] - Object: 'Object Repository/OCS-MOBILE /Age gate and burger menu/Burger menu - English' is clicked on

2019-05-27 15:03:45 - [TEST_STEP][PASSED] - delay(2, CONTINUE_ON_FAILURE): Delayed 2 second(s)

2019-05-27 15:03:47 - [MESSAGE][PASSED] - Delayed 2 second(s)

2019-05-27 15:03:47 - [TEST_STEP][PASSED] - click(findTestObject("OCS-MOBILE /LEARN page/Learn chevron")): Object: 'Object Repository/OCS-MOBILE /LEARN page/Learn chevron' is clicked on

2019-05-27 15:03:48 - [MESSAGE][PASSED] - Object: 'Object Repository/OCS-MOBILE /LEARN page/Learn chevron' is clicked on

2019-05-27 15:03:48 - [TEST_STEP][PASSED] - delay(2): Delayed 2 second(s)

2019-05-27 15:03:50 - [MESSAGE][PASSED] - Delayed 2 second(s)

2019-05-27 15:03:50 - [TEST_STEP][PASSED] - click(findTestObject("OCS-MOBILE /LEARN page/How Cannabis Works plus accordian")): Object: 'Object Repository/OCS-MOBILE /LEARN page/How Cannabis Works plus accordian' is clicked on

2019-05-27 15:03:50 - [MESSAGE][PASSED] - Object: 'Object Repository/OCS-MOBILE /LEARN page/How Cannabis Works plus accordian' is clicked on

2019-05-27 15:03:50 - [TEST_STEP][PASSED] - delay(1): Delayed 1 second(s)

2019-05-27 15:03:51 - [MESSAGE][PASSED] - Delayed 1 second(s)

2019-05-27 15:03:51 - [TEST_STEP][PASSED] - click(findTestObject("OCS-MOBILE /LEARN page/Read More -1")): Object: 'Object Repository/OCS-MOBILE /LEARN page/Read More -1' is clicked on

2019-05-27 15:03:54 - [MESSAGE][PASSED] - Object: 'Object Repository/OCS-MOBILE /LEARN page/Read More -1' is clicked on

2019-05-27 15:03:54 - [TEST_STEP][PASSED] - verifyTextPresent("The human reaction to cannabis.", false): Text 'The human reaction to cannabis.' is present on page 

2019-05-27 15:03:55 - [MESSAGE][PASSED] - Text 'The human reaction to cannabis.' is present on page 

2019-05-27 15:03:55 - [TEST_STEP][PASSED] - delay(2): Delayed 2 second(s)

2019-05-27 15:03:57 - [MESSAGE][PASSED] - Delayed 2 second(s)

2019-05-27 15:03:57 - [TEST_STEP][PASSED] - click(findTestObject("OCS-MOBILE /Age gate and burger menu/Burger menu - English"), CONTINUE_ON_FAILURE): Object: 'Object Repository/OCS-MOBILE /Age gate and burger menu/Burger menu - English' is clicked on

2019-05-27 15:03:57 - [MESSAGE][PASSED] - Object: 'Object Repository/OCS-MOBILE /Age gate and burger menu/Burger menu - English' is clicked on

2019-05-27 15:03:57 - [TEST_STEP][PASSED] - delay(2, CONTINUE_ON_FAILURE): Delayed 2 second(s)

2019-05-27 15:03:59 - [MESSAGE][PASSED] - Delayed 2 second(s)

2019-05-27 15:03:59 - [TEST_STEP][PASSED] - click(findTestObject("OCS-MOBILE /LEARN page/Learn chevron")): Object: 'Object Repository/OCS-MOBILE /LEARN page/Learn chevron' is clicked on

2019-05-27 15:03:59 - [MESSAGE][PASSED] - Object: 'Object Repository/OCS-MOBILE /LEARN page/Learn chevron' is clicked on

2019-05-27 15:03:59 - [TEST_STEP][PASSED] - delay(2): Delayed 2 second(s)

2019-05-27 15:04:01 - [MESSAGE][PASSED] - Delayed 2 second(s)

2019-05-27 15:04:01 - [TEST_STEP][PASSED] - click(findTestObject("OCS-MOBILE /LEARN page/Cannabis Anatomy plus accordian")): Object: 'Object Repository/OCS-MOBILE /LEARN page/Cannabis Anatomy plus accordian' is clicked on

2019-05-27 15:04:02 - [MESSAGE][PASSED] - Object: 'Object Repository/OCS-MOBILE /LEARN page/Cannabis Anatomy plus accordian' is clicked on

2019-05-27 15:04:02 - [TEST_STEP][PASSED] - click(findTestObject("OCS-MOBILE /LEARN page/Cannabis Anatomy subtract accordian")): Object: 'Object Repository/OCS-MOBILE /LEARN page/Cannabis Anatomy subtract accordian' is clicked on

2019-05-27 15:04:02 - [MESSAGE][PASSED] - Object: 'Object Repository/OCS-MOBILE /LEARN page/Cannabis Anatomy subtract accordian' is clicked on

2019-05-27 15:04:02 - [TEST_STEP][PASSED] - click(findTestObject("OCS-MOBILE /LEARN page/Cannabis Anatomy plus accordian")): Object: 'Object Repository/OCS-MOBILE /LEARN page/Cannabis Anatomy plus accordian' is clicked on

2019-05-27 15:04:02 - [MESSAGE][PASSED] - Object: 'Object Repository/OCS-MOBILE /LEARN page/Cannabis Anatomy plus accordian' is clicked on

2019-05-27 15:04:02 - [TEST_STEP][PASSED] - click(findTestObject("OCS-MOBILE /LEARN page/CBD Chevron")): Object: 'Object Repository/OCS-MOBILE /LEARN page/CBD Chevron' is clicked on

2019-05-27 15:04:05 - [MESSAGE][PASSED] - Object: 'Object Repository/OCS-MOBILE /LEARN page/CBD Chevron' is clicked on

2019-05-27 15:04:05 - [TEST_STEP][PASSED] - delay(2): Delayed 2 second(s)

2019-05-27 15:04:07 - [MESSAGE][PASSED] - Delayed 2 second(s)

2019-05-27 15:04:07 - [TEST_STEP][PASSED] - verifyTextPresent("CANNABIS ANATOMY", false, CONTINUE_ON_FAILURE): Text 'CANNABIS ANATOMY' is present on page 

2019-05-27 15:04:07 - [MESSAGE][PASSED] - Text 'CANNABIS ANATOMY' is present on page 

2019-05-27 15:04:07 - [TEST_STEP][PASSED] - delay(2): Delayed 2 second(s)

2019-05-27 15:04:09 - [MESSAGE][PASSED] - Delayed 2 second(s)

2019-05-27 15:04:09 - [TEST_STEP][PASSED] - click(findTestObject("OCS-MOBILE /Age gate and burger menu/Burger menu - English"), CONTINUE_ON_FAILURE): Object: 'Object Repository/OCS-MOBILE /Age gate and burger menu/Burger menu - English' is clicked on

2019-05-27 15:04:10 - [MESSAGE][PASSED] - Object: 'Object Repository/OCS-MOBILE /Age gate and burger menu/Burger menu - English' is clicked on

2019-05-27 15:04:10 - [TEST_STEP][PASSED] - delay(2, CONTINUE_ON_FAILURE): Delayed 2 second(s)

2019-05-27 15:04:12 - [MESSAGE][PASSED] - Delayed 2 second(s)

2019-05-27 15:04:12 - [TEST_STEP][PASSED] - click(findTestObject("OCS-MOBILE /LEARN page/Learn chevron")): Object: 'Object Repository/OCS-MOBILE /LEARN page/Learn chevron' is clicked on

2019-05-27 15:04:12 - [MESSAGE][PASSED] - Object: 'Object Repository/OCS-MOBILE /LEARN page/Learn chevron' is clicked on

2019-05-27 15:04:12 - [TEST_STEP][PASSED] - delay(2): Delayed 2 second(s)

2019-05-27 15:04:14 - [MESSAGE][PASSED] - Delayed 2 second(s)

2019-05-27 15:04:14 - [TEST_STEP][PASSED] - click(findTestObject("OCS-MOBILE /LEARN page/Cannabis Anatomy plus accordian")): Object: 'Object Repository/OCS-MOBILE /LEARN page/Cannabis Anatomy plus accordian' is clicked on

2019-05-27 15:04:14 - [MESSAGE][PASSED] - Object: 'Object Repository/OCS-MOBILE /LEARN page/Cannabis Anatomy plus accordian' is clicked on

2019-05-27 15:04:14 - [TEST_STEP][PASSED] - delay(1): Delayed 1 second(s)

2019-05-27 15:04:15 - [MESSAGE][PASSED] - Delayed 1 second(s)

2019-05-27 15:04:15 - [TEST_STEP][PASSED] - click(findTestObject("OCS-MOBILE /LEARN page/Terpenes chevron")): Object: 'Object Repository/OCS-MOBILE /LEARN page/Terpenes chevron' is clicked on

2019-05-27 15:04:19 - [MESSAGE][PASSED] - Object: 'Object Repository/OCS-MOBILE /LEARN page/Terpenes chevron' is clicked on

2019-05-27 15:04:19 - [TEST_STEP][NOT_RUN] - click(findTestObject("Learn_spy/Page_Ontario Cannabis Store  Ontari/h3_Learn")): NOT_RUN: click(findTestObject("Learn_spy/Page_Ontario Cannabis Store  Ontari/h3_Learn"))

2019-05-27 15:04:19 - [MESSAGE][NOT_RUN] - NOT_RUN: click(findTestObject("Learn_spy/Page_Ontario Cannabis Store  Ontari/h3_Learn"))

2019-05-27 15:04:19 - [TEST_STEP][NOT_RUN] - click(findTestObject("Object Repository/Learn_OR/Page_The Effects of Cannabis  Ontar/a_Read More")): NOT_RUN: click(findTestObject("Object Repository/Learn_OR/Page_The Effects of Cannabis  Ontar/a_Read More"))

2019-05-27 15:04:19 - [MESSAGE][NOT_RUN] - NOT_RUN: click(findTestObject("Object Repository/Learn_OR/Page_The Effects of Cannabis  Ontar/a_Read More"))

2019-05-27 15:04:19 - [TEST_STEP][PASSED] - verifyTextPresent("Terpenes give cannabis strains their unique aromas.", true): Text 'Terpenes give cannabis strains their unique aromas.' is present on page  using regular expression

2019-05-27 15:04:19 - [MESSAGE][PASSED] - Text 'Terpenes give cannabis strains their unique aromas.' is present on page  using regular expression

2019-05-27 15:04:19 - [TEST_STEP][NOT_RUN] - click(findTestObject("Learn_spy/Page_Ontario Cannabis Store  Ontari/h3_Learn")): NOT_RUN: click(findTestObject("Learn_spy/Page_Ontario Cannabis Store  Ontari/h3_Learn"))

2019-05-27 15:04:19 - [MESSAGE][NOT_RUN] - NOT_RUN: click(findTestObject("Learn_spy/Page_Ontario Cannabis Store  Ontari/h3_Learn"))

2019-05-27 15:04:19 - [TEST_STEP][NOT_RUN] - click(findTestObject("Object Repository/Learn_OR/Page_How Cannabis Works  Ontario Ca/span_Cannabis Anatomy")): NOT_RUN: click(findTestObject("Object Repository/Learn_OR/Page_How Cannabis Works  Ontario Ca/span_Cannabis Anatomy"))

2019-05-27 15:04:19 - [MESSAGE][NOT_RUN] - NOT_RUN: click(findTestObject("Object Repository/Learn_OR/Page_How Cannabis Works  Ontario Ca/span_Cannabis Anatomy"))

2019-05-27 15:04:19 - [TEST_STEP][NOT_RUN] - click(findTestObject("Learn_spy/Page_Ontario Cannabis Store  Ontari/h3_Learn")): NOT_RUN: click(findTestObject("Learn_spy/Page_Ontario Cannabis Store  Ontari/h3_Learn"))

2019-05-27 15:04:19 - [MESSAGE][NOT_RUN] - NOT_RUN: click(findTestObject("Learn_spy/Page_Ontario Cannabis Store  Ontari/h3_Learn"))

2019-05-27 15:04:19 - [TEST_STEP][NOT_RUN] - verifyTextPresent("Terpenes give cannabis strains their unique aromas.", true): NOT_RUN: verifyTextPresent("Terpenes give cannabis strains their unique aromas.", true)

2019-05-27 15:04:19 - [MESSAGE][NOT_RUN] - NOT_RUN: verifyTextPresent("Terpenes give cannabis strains their unique aromas.", true)

2019-05-27 15:04:19 - [TEST_STEP][PASSED] - delay(2): Delayed 2 second(s)

2019-05-27 15:04:21 - [MESSAGE][PASSED] - Delayed 2 second(s)

2019-05-27 15:04:21 - [TEST_STEP][PASSED] - click(findTestObject("OCS-MOBILE /Age gate and burger menu/Burger menu - English"), CONTINUE_ON_FAILURE): Object: 'Object Repository/OCS-MOBILE /Age gate and burger menu/Burger menu - English' is clicked on

2019-05-27 15:04:21 - [MESSAGE][PASSED] - Object: 'Object Repository/OCS-MOBILE /Age gate and burger menu/Burger menu - English' is clicked on

2019-05-27 15:04:21 - [TEST_STEP][PASSED] - delay(2, CONTINUE_ON_FAILURE): Delayed 2 second(s)

2019-05-27 15:04:23 - [MESSAGE][PASSED] - Delayed 2 second(s)

2019-05-27 15:04:23 - [TEST_STEP][PASSED] - click(findTestObject("OCS-MOBILE /LEARN page/Learn chevron")): Object: 'Object Repository/OCS-MOBILE /LEARN page/Learn chevron' is clicked on

2019-05-27 15:04:23 - [MESSAGE][PASSED] - Object: 'Object Repository/OCS-MOBILE /LEARN page/Learn chevron' is clicked on

2019-05-27 15:04:23 - [TEST_STEP][PASSED] - delay(2): Delayed 2 second(s)

2019-05-27 15:04:25 - [MESSAGE][PASSED] - Delayed 2 second(s)

2019-05-27 15:04:25 - [TEST_STEP][PASSED] - click(findTestObject("OCS-MOBILE /LEARN page/Cannabis Anatomy plus accordian")): Object: 'Object Repository/OCS-MOBILE /LEARN page/Cannabis Anatomy plus accordian' is clicked on

2019-05-27 15:04:26 - [MESSAGE][PASSED] - Object: 'Object Repository/OCS-MOBILE /LEARN page/Cannabis Anatomy plus accordian' is clicked on

2019-05-27 15:04:26 - [TEST_STEP][PASSED] - delay(1): Delayed 1 second(s)

2019-05-27 15:04:27 - [MESSAGE][PASSED] - Delayed 1 second(s)

2019-05-27 15:04:27 - [TEST_STEP][PASSED] - click(findTestObject("OCS-MOBILE /LEARN page/THC chevron")): Object: 'Object Repository/OCS-MOBILE /LEARN page/THC chevron' is clicked on

2019-05-27 15:04:30 - [MESSAGE][PASSED] - Object: 'Object Repository/OCS-MOBILE /LEARN page/THC chevron' is clicked on

2019-05-27 15:04:30 - [TEST_STEP][PASSED] - verifyTextPresent("THC is the component in cannabis that is primarily responsible for its intoxicating, psychoactive effects.", true): Text 'THC is the component in cannabis that is primarily responsible for its intoxicating, psychoactive effects.' is present on page  using regular expression

2019-05-27 15:04:31 - [MESSAGE][PASSED] - Text 'THC is the component in cannabis that is primarily responsible for its intoxicating, psychoactive effects.' is present on page  using regular expression

2019-05-27 15:04:31 - [TEST_STEP][PASSED] - delay(2): Delayed 2 second(s)

2019-05-27 15:04:33 - [MESSAGE][PASSED] - Delayed 2 second(s)

2019-05-27 15:04:33 - [TEST_STEP][PASSED] - click(findTestObject("OCS-MOBILE /Age gate and burger menu/Burger menu - English"), CONTINUE_ON_FAILURE): Object: 'Object Repository/OCS-MOBILE /Age gate and burger menu/Burger menu - English' is clicked on

2019-05-27 15:04:33 - [MESSAGE][PASSED] - Object: 'Object Repository/OCS-MOBILE /Age gate and burger menu/Burger menu - English' is clicked on

2019-05-27 15:04:33 - [TEST_STEP][PASSED] - delay(2, CONTINUE_ON_FAILURE): Delayed 2 second(s)

2019-05-27 15:04:35 - [MESSAGE][PASSED] - Delayed 2 second(s)

2019-05-27 15:04:35 - [TEST_STEP][PASSED] - click(findTestObject("OCS-MOBILE /LEARN page/Learn chevron")): Object: 'Object Repository/OCS-MOBILE /LEARN page/Learn chevron' is clicked on

2019-05-27 15:04:35 - [MESSAGE][PASSED] - Object: 'Object Repository/OCS-MOBILE /LEARN page/Learn chevron' is clicked on

2019-05-27 15:04:35 - [TEST_STEP][PASSED] - delay(2): Delayed 2 second(s)

2019-05-27 15:04:37 - [MESSAGE][PASSED] - Delayed 2 second(s)

2019-05-27 15:04:37 - [TEST_STEP][PASSED] - click(findTestObject("OCS-MOBILE /LEARN page/Cannabis Anatomy plus accordian")): Object: 'Object Repository/OCS-MOBILE /LEARN page/Cannabis Anatomy plus accordian' is clicked on

2019-05-27 15:04:37 - [MESSAGE][PASSED] - Object: 'Object Repository/OCS-MOBILE /LEARN page/Cannabis Anatomy plus accordian' is clicked on

2019-05-27 15:04:37 - [TEST_STEP][PASSED] - delay(1): Delayed 1 second(s)

2019-05-27 15:04:38 - [MESSAGE][PASSED] - Delayed 1 second(s)

2019-05-27 15:04:38 - [TEST_STEP][PASSED] - click(findTestObject("OCS-MOBILE /LEARN page/Read More -2")): Object: 'Object Repository/OCS-MOBILE /LEARN page/Read More -2' is clicked on

2019-05-27 15:04:42 - [MESSAGE][PASSED] - Object: 'Object Repository/OCS-MOBILE /LEARN page/Read More -2' is clicked on

2019-05-27 15:04:42 - [TEST_STEP][PASSED] - verifyTextPresent("The components of a complex plant.", true): Text 'The components of a complex plant.' is present on page  using regular expression

2019-05-27 15:04:42 - [MESSAGE][PASSED] - Text 'The components of a complex plant.' is present on page  using regular expression

2019-05-27 15:04:42 - [TEST_STEP][PASSED] - delay(2): Delayed 2 second(s)

2019-05-27 15:04:44 - [MESSAGE][PASSED] - Delayed 2 second(s)

2019-05-27 15:04:44 - [TEST_STEP][PASSED] - click(findTestObject("OCS-MOBILE /Age gate and burger menu/Burger menu - English"), CONTINUE_ON_FAILURE): Object: 'Object Repository/OCS-MOBILE /Age gate and burger menu/Burger menu - English' is clicked on

2019-05-27 15:04:44 - [MESSAGE][PASSED] - Object: 'Object Repository/OCS-MOBILE /Age gate and burger menu/Burger menu - English' is clicked on

2019-05-27 15:04:44 - [TEST_STEP][PASSED] - delay(2, CONTINUE_ON_FAILURE): Delayed 2 second(s)

2019-05-27 15:04:46 - [MESSAGE][PASSED] - Delayed 2 second(s)

2019-05-27 15:04:46 - [TEST_STEP][PASSED] - click(findTestObject("OCS-MOBILE /LEARN page/Learn chevron")): Object: 'Object Repository/OCS-MOBILE /LEARN page/Learn chevron' is clicked on

2019-05-27 15:04:47 - [MESSAGE][PASSED] - Object: 'Object Repository/OCS-MOBILE /LEARN page/Learn chevron' is clicked on

2019-05-27 15:04:47 - [TEST_STEP][PASSED] - delay(2): Delayed 2 second(s)

2019-05-27 15:04:49 - [MESSAGE][PASSED] - Delayed 2 second(s)

2019-05-27 15:04:49 - [TEST_STEP][PASSED] - click(findTestObject("OCS-MOBILE /LEARN page/Cannabis Consumption plus accordian")): Object: 'Object Repository/OCS-MOBILE /LEARN page/Cannabis Consumption plus accordian' is clicked on

2019-05-27 15:04:49 - [MESSAGE][PASSED] - Object: 'Object Repository/OCS-MOBILE /LEARN page/Cannabis Consumption plus accordian' is clicked on

2019-05-27 15:04:49 - [TEST_STEP][PASSED] - delay(1): Delayed 1 second(s)

2019-05-27 15:04:50 - [MESSAGE][PASSED] - Delayed 1 second(s)

2019-05-27 15:04:50 - [TEST_STEP][PASSED] - click(findTestObject("OCS-MOBILE /LEARN page/Cannabis Consumption subtract accordian")): Object: 'Object Repository/OCS-MOBILE /LEARN page/Cannabis Consumption subtract accordian' is clicked on

2019-05-27 15:04:50 - [MESSAGE][PASSED] - Object: 'Object Repository/OCS-MOBILE /LEARN page/Cannabis Consumption subtract accordian' is clicked on

2019-05-27 15:04:50 - [TEST_STEP][PASSED] - click(findTestObject("OCS-MOBILE /LEARN page/Cannabis Consumption plus accordian")): Object: 'Object Repository/OCS-MOBILE /LEARN page/Cannabis Consumption plus accordian' is clicked on

2019-05-27 15:04:50 - [MESSAGE][PASSED] - Object: 'Object Repository/OCS-MOBILE /LEARN page/Cannabis Consumption plus accordian' is clicked on

2019-05-27 15:04:50 - [TEST_STEP][PASSED] - delay(1): Delayed 1 second(s)

2019-05-27 15:04:51 - [MESSAGE][PASSED] - Delayed 1 second(s)

2019-05-27 15:04:51 - [TEST_STEP][PASSED] - click(findTestObject("OCS-MOBILE /LEARN page/Cooking with cannabis - chevron")): Object: 'Object Repository/OCS-MOBILE /LEARN page/Cooking with cannabis - chevron' is clicked on

2019-05-27 15:04:54 - [MESSAGE][PASSED] - Object: 'Object Repository/OCS-MOBILE /LEARN page/Cooking with cannabis - chevron' is clicked on

2019-05-27 15:04:54 - [TEST_STEP][PASSED] - verifyTextPresent("Cannabis-infused foods are becoming more common, and careful preparation is required to avoid overconsumption.", true): Text 'Cannabis-infused foods are becoming more common, and careful preparation is required to avoid overconsumption.' is present on page  using regular expression

2019-05-27 15:04:55 - [MESSAGE][PASSED] - Text 'Cannabis-infused foods are becoming more common, and careful preparation is required to avoid overconsumption.' is present on page  using regular expression

2019-05-27 15:04:55 - [TEST_STEP][PASSED] - delay(2): Delayed 2 second(s)

2019-05-27 15:04:57 - [MESSAGE][PASSED] - Delayed 2 second(s)

2019-05-27 15:04:57 - [TEST_STEP][PASSED] - click(findTestObject("OCS-MOBILE /Age gate and burger menu/Burger menu - English"), CONTINUE_ON_FAILURE): Object: 'Object Repository/OCS-MOBILE /Age gate and burger menu/Burger menu - English' is clicked on

2019-05-27 15:04:57 - [MESSAGE][PASSED] - Object: 'Object Repository/OCS-MOBILE /Age gate and burger menu/Burger menu - English' is clicked on

2019-05-27 15:04:57 - [TEST_STEP][PASSED] - delay(2, CONTINUE_ON_FAILURE): Delayed 2 second(s)

2019-05-27 15:04:59 - [MESSAGE][PASSED] - Delayed 2 second(s)

2019-05-27 15:04:59 - [TEST_STEP][PASSED] - click(findTestObject("OCS-MOBILE /LEARN page/Learn chevron")): Object: 'Object Repository/OCS-MOBILE /LEARN page/Learn chevron' is clicked on

2019-05-27 15:04:59 - [MESSAGE][PASSED] - Object: 'Object Repository/OCS-MOBILE /LEARN page/Learn chevron' is clicked on

2019-05-27 15:04:59 - [TEST_STEP][PASSED] - delay(2): Delayed 2 second(s)

2019-05-27 15:05:01 - [MESSAGE][PASSED] - Delayed 2 second(s)

2019-05-27 15:05:01 - [TEST_STEP][PASSED] - click(findTestObject("OCS-MOBILE /LEARN page/Cannabis Consumption plus accordian")): Object: 'Object Repository/OCS-MOBILE /LEARN page/Cannabis Consumption plus accordian' is clicked on

2019-05-27 15:05:01 - [MESSAGE][PASSED] - Object: 'Object Repository/OCS-MOBILE /LEARN page/Cannabis Consumption plus accordian' is clicked on

2019-05-27 15:05:01 - [TEST_STEP][PASSED] - delay(1): Delayed 1 second(s)

2019-05-27 15:05:02 - [MESSAGE][PASSED] - Delayed 1 second(s)

2019-05-27 15:05:02 - [TEST_STEP][PASSED] - click(findTestObject("OCS-MOBILE /LEARN page/storing cannabis - chevron")): Object: 'Object Repository/OCS-MOBILE /LEARN page/storing cannabis - chevron' is clicked on

2019-05-27 15:05:05 - [MESSAGE][PASSED] - Object: 'Object Repository/OCS-MOBILE /LEARN page/storing cannabis - chevron' is clicked on

2019-05-27 15:05:05 - [TEST_STEP][PASSED] - verifyTextPresent("How to keep your family safe and your cannabis from spoiling.", true): Text 'How to keep your family safe and your cannabis from spoiling.' is present on page  using regular expression

2019-05-27 15:05:06 - [MESSAGE][PASSED] - Text 'How to keep your family safe and your cannabis from spoiling.' is present on page  using regular expression

2019-05-27 15:05:06 - [TEST_STEP][PASSED] - delay(2): Delayed 2 second(s)

2019-05-27 15:05:08 - [MESSAGE][PASSED] - Delayed 2 second(s)

2019-05-27 15:05:08 - [TEST_STEP][PASSED] - click(findTestObject("OCS-MOBILE /Age gate and burger menu/Burger menu - English"), CONTINUE_ON_FAILURE): Object: 'Object Repository/OCS-MOBILE /Age gate and burger menu/Burger menu - English' is clicked on

2019-05-27 15:05:08 - [MESSAGE][PASSED] - Object: 'Object Repository/OCS-MOBILE /Age gate and burger menu/Burger menu - English' is clicked on

2019-05-27 15:05:08 - [TEST_STEP][PASSED] - delay(2, CONTINUE_ON_FAILURE): Delayed 2 second(s)

2019-05-27 15:05:10 - [MESSAGE][PASSED] - Delayed 2 second(s)

2019-05-27 15:05:10 - [TEST_STEP][PASSED] - click(findTestObject("OCS-MOBILE /LEARN page/Learn chevron")): Object: 'Object Repository/OCS-MOBILE /LEARN page/Learn chevron' is clicked on

2019-05-27 15:05:10 - [MESSAGE][PASSED] - Object: 'Object Repository/OCS-MOBILE /LEARN page/Learn chevron' is clicked on

2019-05-27 15:05:10 - [TEST_STEP][PASSED] - delay(2): Delayed 2 second(s)

2019-05-27 15:05:12 - [MESSAGE][PASSED] - Delayed 2 second(s)

2019-05-27 15:05:12 - [TEST_STEP][PASSED] - click(findTestObject("OCS-MOBILE /LEARN page/Cannabis Consumption plus accordian")): Object: 'Object Repository/OCS-MOBILE /LEARN page/Cannabis Consumption plus accordian' is clicked on

2019-05-27 15:05:12 - [MESSAGE][PASSED] - Object: 'Object Repository/OCS-MOBILE /LEARN page/Cannabis Consumption plus accordian' is clicked on

2019-05-27 15:05:12 - [TEST_STEP][PASSED] - delay(1): Delayed 1 second(s)

2019-05-27 15:05:13 - [MESSAGE][PASSED] - Delayed 1 second(s)

2019-05-27 15:05:13 - [TEST_STEP][PASSED] - click(findTestObject("OCS-MOBILE /LEARN page/Growing cannabis - chevron")): Object: 'Object Repository/OCS-MOBILE /LEARN page/Growing cannabis - chevron' is clicked on

2019-05-27 15:05:16 - [MESSAGE][PASSED] - Object: 'Object Repository/OCS-MOBILE /LEARN page/Growing cannabis - chevron' is clicked on

2019-05-27 15:05:16 - [TEST_STEP][PASSED] - verifyTextPresent("It is legal in Ontario to own and grow up to 4 cannabis plants in your own residential dwelling. Get beginner growing tips here.", true): Text 'It is legal in Ontario to own and grow up to 4 cannabis plants in your own residential dwelling. Get beginner growing tips here.' is present on page  using regular expression

2019-05-27 15:05:16 - [MESSAGE][PASSED] - Text 'It is legal in Ontario to own and grow up to 4 cannabis plants in your own residential dwelling. Get beginner growing tips here.' is present on page  using regular expression

2019-05-27 15:05:16 - [TEST_STEP][PASSED] - delay(2): Delayed 2 second(s)

2019-05-27 15:05:18 - [MESSAGE][PASSED] - Delayed 2 second(s)

2019-05-27 15:05:18 - [TEST_STEP][PASSED] - click(findTestObject("OCS-MOBILE /Age gate and burger menu/Burger menu - English"), CONTINUE_ON_FAILURE): Object: 'Object Repository/OCS-MOBILE /Age gate and burger menu/Burger menu - English' is clicked on

2019-05-27 15:05:19 - [MESSAGE][PASSED] - Object: 'Object Repository/OCS-MOBILE /Age gate and burger menu/Burger menu - English' is clicked on

2019-05-27 15:05:19 - [TEST_STEP][PASSED] - delay(2, CONTINUE_ON_FAILURE): Delayed 2 second(s)

2019-05-27 15:05:21 - [MESSAGE][PASSED] - Delayed 2 second(s)

2019-05-27 15:05:21 - [TEST_STEP][PASSED] - click(findTestObject("OCS-MOBILE /LEARN page/Learn chevron")): Object: 'Object Repository/OCS-MOBILE /LEARN page/Learn chevron' is clicked on

2019-05-27 15:05:21 - [MESSAGE][PASSED] - Object: 'Object Repository/OCS-MOBILE /LEARN page/Learn chevron' is clicked on

2019-05-27 15:05:21 - [TEST_STEP][PASSED] - delay(2): Delayed 2 second(s)

2019-05-27 15:05:23 - [MESSAGE][PASSED] - Delayed 2 second(s)

2019-05-27 15:05:23 - [TEST_STEP][PASSED] - click(findTestObject("OCS-MOBILE /LEARN page/Cannabis Consumption plus accordian")): Object: 'Object Repository/OCS-MOBILE /LEARN page/Cannabis Consumption plus accordian' is clicked on

2019-05-27 15:05:23 - [MESSAGE][PASSED] - Object: 'Object Repository/OCS-MOBILE /LEARN page/Cannabis Consumption plus accordian' is clicked on

2019-05-27 15:05:23 - [TEST_STEP][PASSED] - delay(1): Delayed 1 second(s)

2019-05-27 15:05:24 - [MESSAGE][PASSED] - Delayed 1 second(s)

2019-05-27 15:05:24 - [TEST_STEP][PASSED] - click(findTestObject("OCS-MOBILE /LEARN page/Read More -3")): Object: 'Object Repository/OCS-MOBILE /LEARN page/Read More -3' is clicked on

2019-05-27 15:05:27 - [MESSAGE][PASSED] - Object: 'Object Repository/OCS-MOBILE /LEARN page/Read More -3' is clicked on

2019-05-27 15:05:27 - [TEST_STEP][PASSED] - delay(2): Delayed 2 second(s)

2019-05-27 15:05:29 - [MESSAGE][PASSED] - Delayed 2 second(s)

2019-05-27 15:05:29 - [TEST_STEP][PASSED] - click(findTestObject("OCS-MOBILE /Age gate and burger menu/Burger menu - English"), CONTINUE_ON_FAILURE): Object: 'Object Repository/OCS-MOBILE /Age gate and burger menu/Burger menu - English' is clicked on

2019-05-27 15:05:29 - [MESSAGE][PASSED] - Object: 'Object Repository/OCS-MOBILE /Age gate and burger menu/Burger menu - English' is clicked on

2019-05-27 15:05:29 - [TEST_STEP][PASSED] - delay(2, CONTINUE_ON_FAILURE): Delayed 2 second(s)

2019-05-27 15:05:31 - [MESSAGE][PASSED] - Delayed 2 second(s)

2019-05-27 15:05:31 - [TEST_STEP][PASSED] - click(findTestObject("OCS-MOBILE /LEARN page/Learn chevron")): Object: 'Object Repository/OCS-MOBILE /LEARN page/Learn chevron' is clicked on

2019-05-27 15:05:31 - [MESSAGE][PASSED] - Object: 'Object Repository/OCS-MOBILE /LEARN page/Learn chevron' is clicked on

2019-05-27 15:05:31 - [TEST_STEP][PASSED] - delay(2): Delayed 2 second(s)

2019-05-27 15:05:33 - [MESSAGE][PASSED] - Delayed 2 second(s)

2019-05-27 15:05:33 - [TEST_STEP][NOT_RUN] - click(findTestObject("OCS-MOBILE /LEARN page/Cannabis Consumption plus accordian")): NOT_RUN: click(findTestObject("OCS-MOBILE /LEARN page/Cannabis Consumption plus accordian"))

2019-05-27 15:05:33 - [MESSAGE][NOT_RUN] - NOT_RUN: click(findTestObject("OCS-MOBILE /LEARN page/Cannabis Consumption plus accordian"))

2019-05-27 15:05:33 - [TEST_STEP][NOT_RUN] - click(findTestObject("Object Repository/Learn_OR/Page_Methods of Consumption  Ontari/li_LearnLearnHow Cannabis Work")): NOT_RUN: click(findTestObject("Object Repository/Learn_OR/Page_Methods of Consumption  Ontari/li_LearnLearnHow Cannabis Work"))

2019-05-27 15:05:33 - [MESSAGE][NOT_RUN] - NOT_RUN: click(findTestObject("Object Repository/Learn_OR/Page_Methods of Consumption  Ontari/li_LearnLearnHow Cannabis Work"))

2019-05-27 15:05:33 - [TEST_STEP][NOT_RUN] - verifyTextPresent("The Endocannabinoid System", true): NOT_RUN: verifyTextPresent("The Endocannabinoid System", true)

2019-05-27 15:05:33 - [MESSAGE][NOT_RUN] - NOT_RUN: verifyTextPresent("The Endocannabinoid System", true)

2019-05-27 15:05:33 - [TEST_STEP][PASSED] - click(findTestObject("OCS-MOBILE /LEARN page/How to Choose Cannabis Products plus accordian")): Object: 'Object Repository/OCS-MOBILE /LEARN page/How to Choose Cannabis Products plus accordian' is clicked on

2019-05-27 15:05:33 - [MESSAGE][PASSED] - Object: 'Object Repository/OCS-MOBILE /LEARN page/How to Choose Cannabis Products plus accordian' is clicked on

2019-05-27 15:05:33 - [TEST_STEP][PASSED] - click(findTestObject("OCS-MOBILE /LEARN page/How to Choose Cannabis Products subtract accordian")): Object: 'Object Repository/OCS-MOBILE /LEARN page/How to Choose Cannabis Products subtract accordian' is clicked on

2019-05-27 15:05:34 - [MESSAGE][PASSED] - Object: 'Object Repository/OCS-MOBILE /LEARN page/How to Choose Cannabis Products subtract accordian' is clicked on

2019-05-27 15:05:34 - [TEST_STEP][PASSED] - click(findTestObject("OCS-MOBILE /LEARN page/How to Choose Cannabis Products plus accordian")): Object: 'Object Repository/OCS-MOBILE /LEARN page/How to Choose Cannabis Products plus accordian' is clicked on

2019-05-27 15:05:34 - [MESSAGE][PASSED] - Object: 'Object Repository/OCS-MOBILE /LEARN page/How to Choose Cannabis Products plus accordian' is clicked on

2019-05-27 15:05:34 - [TEST_STEP][PASSED] - delay(1): Delayed 1 second(s)

2019-05-27 15:05:35 - [MESSAGE][PASSED] - Delayed 1 second(s)

2019-05-27 15:05:35 - [TEST_STEP][PASSED] - click(findTestObject("OCS-MOBILE /LEARN page/Reading a product label - chevron")): Object: 'Object Repository/OCS-MOBILE /LEARN page/Reading a product label - chevron' is clicked on

2019-05-27 15:05:38 - [MESSAGE][PASSED] - Object: 'Object Repository/OCS-MOBILE /LEARN page/Reading a product label - chevron' is clicked on

2019-05-27 15:05:38 - [TEST_STEP][PASSED] - delay(2): Delayed 2 second(s)

2019-05-27 15:05:40 - [MESSAGE][PASSED] - Delayed 2 second(s)

2019-05-27 15:05:40 - [TEST_STEP][PASSED] - click(findTestObject("OCS-MOBILE /Age gate and burger menu/Burger menu - English"), CONTINUE_ON_FAILURE): Object: 'Object Repository/OCS-MOBILE /Age gate and burger menu/Burger menu - English' is clicked on

2019-05-27 15:05:40 - [MESSAGE][PASSED] - Object: 'Object Repository/OCS-MOBILE /Age gate and burger menu/Burger menu - English' is clicked on

2019-05-27 15:05:40 - [TEST_STEP][PASSED] - delay(2, CONTINUE_ON_FAILURE): Delayed 2 second(s)

2019-05-27 15:05:42 - [MESSAGE][PASSED] - Delayed 2 second(s)

2019-05-27 15:05:42 - [TEST_STEP][PASSED] - click(findTestObject("OCS-MOBILE /LEARN page/Learn chevron")): Object: 'Object Repository/OCS-MOBILE /LEARN page/Learn chevron' is clicked on

2019-05-27 15:05:43 - [MESSAGE][PASSED] - Object: 'Object Repository/OCS-MOBILE /LEARN page/Learn chevron' is clicked on

2019-05-27 15:05:43 - [TEST_STEP][PASSED] - delay(2): Delayed 2 second(s)

2019-05-27 15:05:45 - [MESSAGE][PASSED] - Delayed 2 second(s)

2019-05-27 15:05:45 - [TEST_STEP][PASSED] - click(findTestObject("OCS-MOBILE /LEARN page/How to Choose Cannabis Products plus accordian")): Object: 'Object Repository/OCS-MOBILE /LEARN page/How to Choose Cannabis Products plus accordian' is clicked on

2019-05-27 15:05:45 - [MESSAGE][PASSED] - Object: 'Object Repository/OCS-MOBILE /LEARN page/How to Choose Cannabis Products plus accordian' is clicked on

2019-05-27 15:05:45 - [TEST_STEP][PASSED] - delay(1): Delayed 1 second(s)

2019-05-27 15:05:46 - [MESSAGE][PASSED] - Delayed 1 second(s)

2019-05-27 15:05:46 - [TEST_STEP][PASSED] - click(findTestObject("OCS-MOBILE /LEARN page/cannabinoid content - chveron")): Object: 'Object Repository/OCS-MOBILE /LEARN page/cannabinoid content - chveron' is clicked on

2019-05-27 15:05:49 - [MESSAGE][PASSED] - Object: 'Object Repository/OCS-MOBILE /LEARN page/cannabinoid content - chveron' is clicked on

2019-05-27 15:05:49 - [TEST_STEP][PASSED] - verifyTextPresent("Understanding Cannabinoid Content on Product Labels", true): Text 'Understanding Cannabinoid Content on Product Labels' is present on page  using regular expression

2019-05-27 15:05:49 - [MESSAGE][PASSED] - Text 'Understanding Cannabinoid Content on Product Labels' is present on page  using regular expression

2019-05-27 15:05:49 - [TEST_STEP][PASSED] - delay(2): Delayed 2 second(s)

2019-05-27 15:05:51 - [MESSAGE][PASSED] - Delayed 2 second(s)

2019-05-27 15:05:51 - [TEST_STEP][PASSED] - click(findTestObject("OCS-MOBILE /Age gate and burger menu/Burger menu - English"), CONTINUE_ON_FAILURE): Object: 'Object Repository/OCS-MOBILE /Age gate and burger menu/Burger menu - English' is clicked on

2019-05-27 15:05:52 - [MESSAGE][PASSED] - Object: 'Object Repository/OCS-MOBILE /Age gate and burger menu/Burger menu - English' is clicked on

2019-05-27 15:05:52 - [TEST_STEP][PASSED] - delay(2, CONTINUE_ON_FAILURE): Delayed 2 second(s)

2019-05-27 15:05:54 - [MESSAGE][PASSED] - Delayed 2 second(s)

2019-05-27 15:05:54 - [TEST_STEP][PASSED] - click(findTestObject("OCS-MOBILE /LEARN page/Learn chevron")): Object: 'Object Repository/OCS-MOBILE /LEARN page/Learn chevron' is clicked on

2019-05-27 15:05:54 - [MESSAGE][PASSED] - Object: 'Object Repository/OCS-MOBILE /LEARN page/Learn chevron' is clicked on

2019-05-27 15:05:54 - [TEST_STEP][PASSED] - delay(2): Delayed 2 second(s)

2019-05-27 15:05:56 - [MESSAGE][PASSED] - Delayed 2 second(s)

2019-05-27 15:05:56 - [TEST_STEP][PASSED] - click(findTestObject("OCS-MOBILE /LEARN page/How to Choose Cannabis Products plus accordian")): Object: 'Object Repository/OCS-MOBILE /LEARN page/How to Choose Cannabis Products plus accordian' is clicked on

2019-05-27 15:05:56 - [MESSAGE][PASSED] - Object: 'Object Repository/OCS-MOBILE /LEARN page/How to Choose Cannabis Products plus accordian' is clicked on

2019-05-27 15:05:56 - [TEST_STEP][PASSED] - delay(1): Delayed 1 second(s)

2019-05-27 15:05:57 - [MESSAGE][PASSED] - Delayed 1 second(s)

2019-05-27 15:05:57 - [TEST_STEP][PASSED] - click(findTestObject("OCS-MOBILE /LEARN page/Factors in Choosing Canna - chevron")): Object: 'Object Repository/OCS-MOBILE /LEARN page/Factors in Choosing Canna - chevron' is clicked on

2019-05-27 15:05:59 - [MESSAGE][PASSED] - Object: 'Object Repository/OCS-MOBILE /LEARN page/Factors in Choosing Canna - chevron' is clicked on

2019-05-27 15:05:59 - [TEST_STEP][PASSED] - verifyTextPresent("Six things to know before deciding to consume cannabis.", true): Text 'Six things to know before deciding to consume cannabis.' is present on page  using regular expression

2019-05-27 15:05:59 - [MESSAGE][PASSED] - Text 'Six things to know before deciding to consume cannabis.' is present on page  using regular expression

2019-05-27 15:05:59 - [TEST_STEP][PASSED] - delay(2): Delayed 2 second(s)

2019-05-27 15:06:01 - [MESSAGE][PASSED] - Delayed 2 second(s)

2019-05-27 15:06:01 - [TEST_STEP][PASSED] - click(findTestObject("OCS-MOBILE /Age gate and burger menu/Burger menu - English"), CONTINUE_ON_FAILURE): Object: 'Object Repository/OCS-MOBILE /Age gate and burger menu/Burger menu - English' is clicked on

2019-05-27 15:06:01 - [MESSAGE][PASSED] - Object: 'Object Repository/OCS-MOBILE /Age gate and burger menu/Burger menu - English' is clicked on

2019-05-27 15:06:01 - [TEST_STEP][PASSED] - delay(2, CONTINUE_ON_FAILURE): Delayed 2 second(s)

2019-05-27 15:06:03 - [MESSAGE][PASSED] - Delayed 2 second(s)

2019-05-27 15:06:03 - [TEST_STEP][PASSED] - click(findTestObject("OCS-MOBILE /LEARN page/Learn chevron")): Object: 'Object Repository/OCS-MOBILE /LEARN page/Learn chevron' is clicked on

2019-05-27 15:06:04 - [MESSAGE][PASSED] - Object: 'Object Repository/OCS-MOBILE /LEARN page/Learn chevron' is clicked on

2019-05-27 15:06:04 - [TEST_STEP][PASSED] - delay(2): Delayed 2 second(s)

2019-05-27 15:06:06 - [MESSAGE][PASSED] - Delayed 2 second(s)

2019-05-27 15:06:06 - [TEST_STEP][PASSED] - click(findTestObject("OCS-MOBILE /LEARN page/How to Choose Cannabis Products plus accordian")): Object: 'Object Repository/OCS-MOBILE /LEARN page/How to Choose Cannabis Products plus accordian' is clicked on

2019-05-27 15:06:06 - [MESSAGE][PASSED] - Object: 'Object Repository/OCS-MOBILE /LEARN page/How to Choose Cannabis Products plus accordian' is clicked on

2019-05-27 15:06:06 - [TEST_STEP][PASSED] - delay(1): Delayed 1 second(s)

2019-05-27 15:06:07 - [MESSAGE][PASSED] - Delayed 1 second(s)

2019-05-27 15:06:07 - [TEST_STEP][PASSED] - click(findTestObject("OCS-MOBILE /LEARN page/Read More -5")): Object: 'Object Repository/OCS-MOBILE /LEARN page/Read More -5' is clicked on

2019-05-27 15:06:10 - [MESSAGE][PASSED] - Object: 'Object Repository/OCS-MOBILE /LEARN page/Read More -5' is clicked on

2019-05-27 15:06:10 - [TEST_STEP][PASSED] - delay(2): Delayed 2 second(s)

2019-05-27 15:06:12 - [MESSAGE][PASSED] - Delayed 2 second(s)

2019-05-27 15:06:12 - [TEST_STEP][PASSED] - click(findTestObject("OCS-MOBILE /Age gate and burger menu/Burger menu - English"), CONTINUE_ON_FAILURE): Object: 'Object Repository/OCS-MOBILE /Age gate and burger menu/Burger menu - English' is clicked on

2019-05-27 15:06:12 - [MESSAGE][PASSED] - Object: 'Object Repository/OCS-MOBILE /Age gate and burger menu/Burger menu - English' is clicked on

2019-05-27 15:06:12 - [TEST_STEP][PASSED] - delay(2, CONTINUE_ON_FAILURE): Delayed 2 second(s)

2019-05-27 15:06:14 - [MESSAGE][PASSED] - Delayed 2 second(s)

2019-05-27 15:06:14 - [TEST_STEP][PASSED] - click(findTestObject("OCS-MOBILE /LEARN page/Learn chevron")): Object: 'Object Repository/OCS-MOBILE /LEARN page/Learn chevron' is clicked on

2019-05-27 15:06:14 - [MESSAGE][PASSED] - Object: 'Object Repository/OCS-MOBILE /LEARN page/Learn chevron' is clicked on

2019-05-27 15:06:14 - [TEST_STEP][PASSED] - delay(2): Delayed 2 second(s)

2019-05-27 15:06:16 - [MESSAGE][PASSED] - Delayed 2 second(s)

2019-05-27 15:06:16 - [TEST_STEP][PASSED] - click(findTestObject("OCS-MOBILE /LEARN page/Buying Cannabis at OCS plus accordian")): Object: 'Object Repository/OCS-MOBILE /LEARN page/Buying Cannabis at OCS plus accordian' is clicked on

2019-05-27 15:06:17 - [MESSAGE][PASSED] - Object: 'Object Repository/OCS-MOBILE /LEARN page/Buying Cannabis at OCS plus accordian' is clicked on

2019-05-27 15:06:17 - [TEST_STEP][PASSED] - click(findTestObject("OCS-MOBILE /LEARN page/Buying Cannabis at OCS subtract accordian")): Object: 'Object Repository/OCS-MOBILE /LEARN page/Buying Cannabis at OCS subtract accordian' is clicked on

2019-05-27 15:06:17 - [MESSAGE][PASSED] - Object: 'Object Repository/OCS-MOBILE /LEARN page/Buying Cannabis at OCS subtract accordian' is clicked on

2019-05-27 15:06:17 - [TEST_STEP][PASSED] - click(findTestObject("OCS-MOBILE /LEARN page/Buying Cannabis at OCS plus accordian")): Object: 'Object Repository/OCS-MOBILE /LEARN page/Buying Cannabis at OCS plus accordian' is clicked on

2019-05-27 15:06:17 - [MESSAGE][PASSED] - Object: 'Object Repository/OCS-MOBILE /LEARN page/Buying Cannabis at OCS plus accordian' is clicked on

2019-05-27 15:06:17 - [TEST_STEP][PASSED] - delay(1): Delayed 1 second(s)

2019-05-27 15:06:18 - [MESSAGE][PASSED] - Delayed 1 second(s)

2019-05-27 15:06:18 - [TEST_STEP][PASSED] - click(findTestObject("OCS-MOBILE /LEARN page/Why Legal Cannabis Costs more - chevron")): Object: 'Object Repository/OCS-MOBILE /LEARN page/Why Legal Cannabis Costs more - chevron' is clicked on

2019-05-27 15:06:21 - [MESSAGE][PASSED] - Object: 'Object Repository/OCS-MOBILE /LEARN page/Why Legal Cannabis Costs more - chevron' is clicked on

2019-05-27 15:06:21 - [TEST_STEP][PASSED] - verifyTextPresent("Four Reasons Why Legal Cannabis Costs More", true): Text 'Four Reasons Why Legal Cannabis Costs More' is present on page  using regular expression

2019-05-27 15:06:21 - [MESSAGE][PASSED] - Text 'Four Reasons Why Legal Cannabis Costs More' is present on page  using regular expression

2019-05-27 15:06:21 - [TEST_STEP][PASSED] - delay(2): Delayed 2 second(s)

2019-05-27 15:06:23 - [MESSAGE][PASSED] - Delayed 2 second(s)

2019-05-27 15:06:23 - [TEST_STEP][PASSED] - click(findTestObject("OCS-MOBILE /Age gate and burger menu/Burger menu - English"), CONTINUE_ON_FAILURE): Object: 'Object Repository/OCS-MOBILE /Age gate and burger menu/Burger menu - English' is clicked on

2019-05-27 15:06:23 - [MESSAGE][PASSED] - Object: 'Object Repository/OCS-MOBILE /Age gate and burger menu/Burger menu - English' is clicked on

2019-05-27 15:06:23 - [TEST_STEP][PASSED] - delay(2, CONTINUE_ON_FAILURE): Delayed 2 second(s)

2019-05-27 15:06:25 - [MESSAGE][PASSED] - Delayed 2 second(s)

2019-05-27 15:06:25 - [TEST_STEP][PASSED] - click(findTestObject("OCS-MOBILE /LEARN page/Learn chevron")): Object: 'Object Repository/OCS-MOBILE /LEARN page/Learn chevron' is clicked on

2019-05-27 15:06:25 - [MESSAGE][PASSED] - Object: 'Object Repository/OCS-MOBILE /LEARN page/Learn chevron' is clicked on

2019-05-27 15:06:25 - [TEST_STEP][PASSED] - delay(2): Delayed 2 second(s)

2019-05-27 15:06:28 - [MESSAGE][PASSED] - Delayed 2 second(s)

2019-05-27 15:06:28 - [TEST_STEP][PASSED] - click(findTestObject("OCS-MOBILE /LEARN page/Buying Cannabis at OCS plus accordian")): Object: 'Object Repository/OCS-MOBILE /LEARN page/Buying Cannabis at OCS plus accordian' is clicked on

2019-05-27 15:06:28 - [MESSAGE][PASSED] - Object: 'Object Repository/OCS-MOBILE /LEARN page/Buying Cannabis at OCS plus accordian' is clicked on

2019-05-27 15:06:28 - [TEST_STEP][PASSED] - delay(1): Delayed 1 second(s)

2019-05-27 15:06:29 - [MESSAGE][PASSED] - Delayed 1 second(s)

2019-05-27 15:06:29 - [TEST_STEP][PASSED] - click(findTestObject("OCS-MOBILE /LEARN page/why trust us - chevron")): Object: 'Object Repository/OCS-MOBILE /LEARN page/why trust us - chevron' is clicked on

2019-05-27 15:06:32 - [MESSAGE][PASSED] - Object: 'Object Repository/OCS-MOBILE /LEARN page/why trust us - chevron' is clicked on

2019-05-27 15:06:32 - [TEST_STEP][PASSED] - verifyTextPresent("Legal products and reliable information.", true): Text 'Legal products and reliable information.' is present on page  using regular expression

2019-05-27 15:06:32 - [MESSAGE][PASSED] - Text 'Legal products and reliable information.' is present on page  using regular expression

2019-05-27 15:06:32 - [TEST_STEP][PASSED] - delay(2): Delayed 2 second(s)

2019-05-27 15:06:34 - [MESSAGE][PASSED] - Delayed 2 second(s)

2019-05-27 15:06:34 - [TEST_STEP][PASSED] - click(findTestObject("OCS-MOBILE /Age gate and burger menu/Burger menu - English"), CONTINUE_ON_FAILURE): Object: 'Object Repository/OCS-MOBILE /Age gate and burger menu/Burger menu - English' is clicked on

2019-05-27 15:06:35 - [MESSAGE][PASSED] - Object: 'Object Repository/OCS-MOBILE /Age gate and burger menu/Burger menu - English' is clicked on

2019-05-27 15:06:35 - [TEST_STEP][PASSED] - delay(2, CONTINUE_ON_FAILURE): Delayed 2 second(s)

2019-05-27 15:06:37 - [MESSAGE][PASSED] - Delayed 2 second(s)

2019-05-27 15:06:37 - [TEST_STEP][PASSED] - click(findTestObject("OCS-MOBILE /LEARN page/Learn chevron")): Object: 'Object Repository/OCS-MOBILE /LEARN page/Learn chevron' is clicked on

2019-05-27 15:06:37 - [MESSAGE][PASSED] - Object: 'Object Repository/OCS-MOBILE /LEARN page/Learn chevron' is clicked on

2019-05-27 15:06:37 - [TEST_STEP][PASSED] - delay(2): Delayed 2 second(s)

2019-05-27 15:06:39 - [MESSAGE][PASSED] - Delayed 2 second(s)

2019-05-27 15:06:39 - [TEST_STEP][PASSED] - click(findTestObject("OCS-MOBILE /LEARN page/Buying Cannabis at OCS plus accordian")): Object: 'Object Repository/OCS-MOBILE /LEARN page/Buying Cannabis at OCS plus accordian' is clicked on

2019-05-27 15:06:39 - [MESSAGE][PASSED] - Object: 'Object Repository/OCS-MOBILE /LEARN page/Buying Cannabis at OCS plus accordian' is clicked on

2019-05-27 15:06:39 - [TEST_STEP][PASSED] - delay(1): Delayed 1 second(s)

2019-05-27 15:06:40 - [MESSAGE][PASSED] - Delayed 1 second(s)

2019-05-27 15:06:40 - [TEST_STEP][PASSED] - click(findTestObject("OCS-MOBILE /LEARN page/about buying cannabis - chveron")): Object: 'Object Repository/OCS-MOBILE /LEARN page/about buying cannabis - chveron' is clicked on

2019-05-27 15:06:42 - [MESSAGE][PASSED] - Object: 'Object Repository/OCS-MOBILE /LEARN page/about buying cannabis - chveron' is clicked on

2019-05-27 15:06:42 - [TEST_STEP][PASSED] - delay(2): Delayed 2 second(s)

2019-05-27 15:06:44 - [MESSAGE][PASSED] - Delayed 2 second(s)

2019-05-27 15:06:44 - [TEST_STEP][PASSED] - verifyTextPresent("These facts are good to know before making a cannabis purchase.", true): Text 'These facts are good to know before making a cannabis purchase.' is present on page  using regular expression

2019-05-27 15:06:44 - [MESSAGE][PASSED] - Text 'These facts are good to know before making a cannabis purchase.' is present on page  using regular expression

2019-05-27 15:06:44 - [TEST_STEP][PASSED] - delay(2): Delayed 2 second(s)

2019-05-27 15:06:46 - [MESSAGE][PASSED] - Delayed 2 second(s)

2019-05-27 15:06:46 - [TEST_STEP][PASSED] - click(findTestObject("OCS-MOBILE /Age gate and burger menu/Burger menu - English"), CONTINUE_ON_FAILURE): Object: 'Object Repository/OCS-MOBILE /Age gate and burger menu/Burger menu - English' is clicked on

2019-05-27 15:06:47 - [MESSAGE][PASSED] - Object: 'Object Repository/OCS-MOBILE /Age gate and burger menu/Burger menu - English' is clicked on

2019-05-27 15:06:47 - [TEST_STEP][PASSED] - delay(2, CONTINUE_ON_FAILURE): Delayed 2 second(s)

2019-05-27 15:06:49 - [MESSAGE][PASSED] - Delayed 2 second(s)

2019-05-27 15:06:49 - [TEST_STEP][PASSED] - click(findTestObject("OCS-MOBILE /LEARN page/Learn chevron")): Object: 'Object Repository/OCS-MOBILE /LEARN page/Learn chevron' is clicked on

2019-05-27 15:06:49 - [MESSAGE][PASSED] - Object: 'Object Repository/OCS-MOBILE /LEARN page/Learn chevron' is clicked on

2019-05-27 15:06:49 - [TEST_STEP][PASSED] - delay(2): Delayed 2 second(s)

2019-05-27 15:06:51 - [MESSAGE][PASSED] - Delayed 2 second(s)

2019-05-27 15:06:51 - [TEST_STEP][PASSED] - click(findTestObject("OCS-MOBILE /LEARN page/Buying Cannabis at OCS plus accordian")): Object: 'Object Repository/OCS-MOBILE /LEARN page/Buying Cannabis at OCS plus accordian' is clicked on

2019-05-27 15:06:51 - [MESSAGE][PASSED] - Object: 'Object Repository/OCS-MOBILE /LEARN page/Buying Cannabis at OCS plus accordian' is clicked on

2019-05-27 15:06:51 - [TEST_STEP][PASSED] - delay(1): Delayed 1 second(s)

2019-05-27 15:06:52 - [MESSAGE][PASSED] - Delayed 1 second(s)

2019-05-27 15:06:52 - [TEST_STEP][PASSED] - click(findTestObject("OCS-MOBILE /LEARN page/Read More -6")): Object: 'Object Repository/OCS-MOBILE /LEARN page/Read More -6' is clicked on

2019-05-27 15:06:55 - [MESSAGE][PASSED] - Object: 'Object Repository/OCS-MOBILE /LEARN page/Read More -6' is clicked on

2019-05-27 15:06:55 - [TEST_STEP][PASSED] - delay(1): Delayed 1 second(s)

2019-05-27 15:06:56 - [MESSAGE][PASSED] - Delayed 1 second(s)

2019-05-27 15:06:56 - [TEST_STEP][PASSED] - verifyTextPresent("How and why to shop with us.", true): Text 'How and why to shop with us.' is present on page  using regular expression

2019-05-27 15:06:57 - [MESSAGE][PASSED] - Text 'How and why to shop with us.' is present on page  using regular expression

2019-05-27 15:06:57 - [TEST_STEP][PASSED] - delay(2): Delayed 2 second(s)

2019-05-27 15:06:59 - [MESSAGE][PASSED] - Delayed 2 second(s)

2019-05-27 15:06:59 - [TEST_STEP][PASSED] - click(findTestObject("OCS-MOBILE /Age gate and burger menu/Burger menu - English"), CONTINUE_ON_FAILURE): Object: 'Object Repository/OCS-MOBILE /Age gate and burger menu/Burger menu - English' is clicked on

2019-05-27 15:06:59 - [MESSAGE][PASSED] - Object: 'Object Repository/OCS-MOBILE /Age gate and burger menu/Burger menu - English' is clicked on

2019-05-27 15:06:59 - [TEST_STEP][PASSED] - delay(2, CONTINUE_ON_FAILURE): Delayed 2 second(s)

2019-05-27 15:07:01 - [MESSAGE][PASSED] - Delayed 2 second(s)

2019-05-27 15:07:01 - [TEST_STEP][PASSED] - click(findTestObject("OCS-MOBILE /LEARN page/Learn chevron")): Object: 'Object Repository/OCS-MOBILE /LEARN page/Learn chevron' is clicked on

2019-05-27 15:07:01 - [MESSAGE][PASSED] - Object: 'Object Repository/OCS-MOBILE /LEARN page/Learn chevron' is clicked on

2019-05-27 15:07:01 - [TEST_STEP][PASSED] - delay(2): Delayed 2 second(s)

2019-05-27 15:07:03 - [MESSAGE][PASSED] - Delayed 2 second(s)

2019-05-27 15:07:03 - [TEST_STEP][PASSED] - click(findTestObject("OCS-MOBILE /LEARN page/Whats Legal plus accordian")): Object: 'Object Repository/OCS-MOBILE /LEARN page/Whats Legal plus accordian' is clicked on

2019-05-27 15:07:03 - [MESSAGE][PASSED] - Object: 'Object Repository/OCS-MOBILE /LEARN page/Whats Legal plus accordian' is clicked on

2019-05-27 15:07:03 - [TEST_STEP][PASSED] - click(findTestObject("OCS-MOBILE /LEARN page/Whats Legal subtract accordian")): Object: 'Object Repository/OCS-MOBILE /LEARN page/Whats Legal subtract accordian' is clicked on

2019-05-27 15:07:04 - [MESSAGE][PASSED] - Object: 'Object Repository/OCS-MOBILE /LEARN page/Whats Legal subtract accordian' is clicked on

2019-05-27 15:07:04 - [TEST_STEP][PASSED] - click(findTestObject("OCS-MOBILE /LEARN page/Whats Legal plus accordian")): Object: 'Object Repository/OCS-MOBILE /LEARN page/Whats Legal plus accordian' is clicked on

2019-05-27 15:07:04 - [MESSAGE][PASSED] - Object: 'Object Repository/OCS-MOBILE /LEARN page/Whats Legal plus accordian' is clicked on

2019-05-27 15:07:04 - [TEST_STEP][PASSED] - delay(1): Delayed 1 second(s)

2019-05-27 15:07:05 - [MESSAGE][PASSED] - Delayed 1 second(s)

2019-05-27 15:07:05 - [TEST_STEP][PASSED] - click(findTestObject("OCS-MOBILE /LEARN page/History -part 1 - chveron")): Object: 'Object Repository/OCS-MOBILE /LEARN page/History -part 1 - chveron' is clicked on

2019-05-27 15:07:08 - [MESSAGE][PASSED] - Object: 'Object Repository/OCS-MOBILE /LEARN page/History -part 1 - chveron' is clicked on

2019-05-27 15:07:08 - [TEST_STEP][PASSED] - verifyTextPresent("A Brief History of Cannabis - Part 1", true): Text 'A Brief History of Cannabis - Part 1' is present on page  using regular expression

2019-05-27 15:07:08 - [MESSAGE][PASSED] - Text 'A Brief History of Cannabis - Part 1' is present on page  using regular expression

2019-05-27 15:07:08 - [TEST_STEP][PASSED] - delay(2): Delayed 2 second(s)

2019-05-27 15:07:10 - [MESSAGE][PASSED] - Delayed 2 second(s)

2019-05-27 15:07:10 - [TEST_STEP][PASSED] - click(findTestObject("OCS-MOBILE /Age gate and burger menu/Burger menu - English"), CONTINUE_ON_FAILURE): Object: 'Object Repository/OCS-MOBILE /Age gate and burger menu/Burger menu - English' is clicked on

2019-05-27 15:07:10 - [MESSAGE][PASSED] - Object: 'Object Repository/OCS-MOBILE /Age gate and burger menu/Burger menu - English' is clicked on

2019-05-27 15:07:10 - [TEST_STEP][PASSED] - delay(2, CONTINUE_ON_FAILURE): Delayed 2 second(s)

2019-05-27 15:07:12 - [MESSAGE][PASSED] - Delayed 2 second(s)

2019-05-27 15:07:12 - [TEST_STEP][PASSED] - click(findTestObject("OCS-MOBILE /LEARN page/Learn chevron")): Object: 'Object Repository/OCS-MOBILE /LEARN page/Learn chevron' is clicked on

2019-05-27 15:07:13 - [MESSAGE][PASSED] - Object: 'Object Repository/OCS-MOBILE /LEARN page/Learn chevron' is clicked on

2019-05-27 15:07:13 - [TEST_STEP][PASSED] - delay(2): Delayed 2 second(s)

2019-05-27 15:07:15 - [MESSAGE][PASSED] - Delayed 2 second(s)

2019-05-27 15:07:15 - [TEST_STEP][PASSED] - click(findTestObject("OCS-MOBILE /LEARN page/Whats Legal plus accordian")): Object: 'Object Repository/OCS-MOBILE /LEARN page/Whats Legal plus accordian' is clicked on

2019-05-27 15:07:15 - [MESSAGE][PASSED] - Object: 'Object Repository/OCS-MOBILE /LEARN page/Whats Legal plus accordian' is clicked on

2019-05-27 15:07:15 - [TEST_STEP][PASSED] - delay(1): Delayed 1 second(s)

2019-05-27 15:07:16 - [MESSAGE][PASSED] - Delayed 1 second(s)

2019-05-27 15:07:16 - [TEST_STEP][PASSED] - click(findTestObject("OCS-MOBILE /LEARN page/History -part 2 - chveron")): Object: 'Object Repository/OCS-MOBILE /LEARN page/History -part 2 - chveron' is clicked on

2019-05-27 15:07:19 - [MESSAGE][PASSED] - Object: 'Object Repository/OCS-MOBILE /LEARN page/History -part 2 - chveron' is clicked on

2019-05-27 15:07:19 - [TEST_STEP][PASSED] - verifyTextPresent("A Brief History of Cannabis - Part 2", true): Text 'A Brief History of Cannabis - Part 2' is present on page  using regular expression

2019-05-27 15:07:19 - [MESSAGE][PASSED] - Text 'A Brief History of Cannabis - Part 2' is present on page  using regular expression

2019-05-27 15:07:19 - [TEST_STEP][PASSED] - delay(2): Delayed 2 second(s)

2019-05-27 15:07:21 - [MESSAGE][PASSED] - Delayed 2 second(s)

2019-05-27 15:07:21 - [TEST_STEP][PASSED] - click(findTestObject("OCS-MOBILE /Age gate and burger menu/Burger menu - English"), CONTINUE_ON_FAILURE): Object: 'Object Repository/OCS-MOBILE /Age gate and burger menu/Burger menu - English' is clicked on

2019-05-27 15:07:21 - [MESSAGE][PASSED] - Object: 'Object Repository/OCS-MOBILE /Age gate and burger menu/Burger menu - English' is clicked on

2019-05-27 15:07:21 - [TEST_STEP][PASSED] - delay(2, CONTINUE_ON_FAILURE): Delayed 2 second(s)

2019-05-27 15:07:23 - [MESSAGE][PASSED] - Delayed 2 second(s)

2019-05-27 15:07:23 - [TEST_STEP][PASSED] - click(findTestObject("OCS-MOBILE /LEARN page/Learn chevron")): Object: 'Object Repository/OCS-MOBILE /LEARN page/Learn chevron' is clicked on

2019-05-27 15:07:24 - [MESSAGE][PASSED] - Object: 'Object Repository/OCS-MOBILE /LEARN page/Learn chevron' is clicked on

2019-05-27 15:07:24 - [TEST_STEP][PASSED] - delay(1): Delayed 1 second(s)

2019-05-27 15:07:25 - [MESSAGE][PASSED] - Delayed 1 second(s)

2019-05-27 15:07:25 - [TEST_STEP][PASSED] - click(findTestObject("OCS-MOBILE /LEARN page/Whats Legal plus accordian")): Object: 'Object Repository/OCS-MOBILE /LEARN page/Whats Legal plus accordian' is clicked on

2019-05-27 15:07:25 - [MESSAGE][PASSED] - Object: 'Object Repository/OCS-MOBILE /LEARN page/Whats Legal plus accordian' is clicked on

2019-05-27 15:07:25 - [TEST_STEP][PASSED] - delay(1): Delayed 1 second(s)

2019-05-27 15:07:26 - [MESSAGE][PASSED] - Delayed 1 second(s)

2019-05-27 15:07:26 - [TEST_STEP][PASSED] - click(findTestObject("OCS-MOBILE /LEARN page/Legal Use of Cannabis in ontario - chevron")): Object: 'Object Repository/OCS-MOBILE /LEARN page/Legal Use of Cannabis in ontario - chevron' is clicked on

2019-05-27 15:07:28 - [MESSAGE][PASSED] - Object: 'Object Repository/OCS-MOBILE /LEARN page/Legal Use of Cannabis in ontario - chevron' is clicked on

2019-05-27 15:07:28 - [TEST_STEP][PASSED] - verifyTextPresent("What you need to know before your start shopping.", true): Text 'What you need to know before your start shopping.' is present on page  using regular expression

2019-05-27 15:07:29 - [MESSAGE][PASSED] - Text 'What you need to know before your start shopping.' is present on page  using regular expression

2019-05-27 15:07:29 - [TEST_STEP][PASSED] - delay(2): Delayed 2 second(s)

2019-05-27 15:07:31 - [MESSAGE][PASSED] - Delayed 2 second(s)

2019-05-27 15:07:31 - [TEST_STEP][PASSED] - click(findTestObject("OCS-MOBILE /Age gate and burger menu/Burger menu - English"), CONTINUE_ON_FAILURE): Object: 'Object Repository/OCS-MOBILE /Age gate and burger menu/Burger menu - English' is clicked on

2019-05-27 15:07:31 - [MESSAGE][PASSED] - Object: 'Object Repository/OCS-MOBILE /Age gate and burger menu/Burger menu - English' is clicked on

2019-05-27 15:07:31 - [TEST_STEP][PASSED] - delay(2, CONTINUE_ON_FAILURE): Delayed 2 second(s)

2019-05-27 15:07:33 - [MESSAGE][PASSED] - Delayed 2 second(s)

2019-05-27 15:07:33 - [TEST_STEP][PASSED] - click(findTestObject("OCS-MOBILE /LEARN page/Learn chevron")): Object: 'Object Repository/OCS-MOBILE /LEARN page/Learn chevron' is clicked on

2019-05-27 15:07:33 - [MESSAGE][PASSED] - Object: 'Object Repository/OCS-MOBILE /LEARN page/Learn chevron' is clicked on

2019-05-27 15:07:33 - [TEST_STEP][PASSED] - delay(1): Delayed 1 second(s)

2019-05-27 15:07:34 - [MESSAGE][PASSED] - Delayed 1 second(s)

2019-05-27 15:07:34 - [TEST_STEP][PASSED] - click(findTestObject("OCS-MOBILE /LEARN page/Whats Legal plus accordian")): Object: 'Object Repository/OCS-MOBILE /LEARN page/Whats Legal plus accordian' is clicked on

2019-05-27 15:07:35 - [MESSAGE][PASSED] - Object: 'Object Repository/OCS-MOBILE /LEARN page/Whats Legal plus accordian' is clicked on

2019-05-27 15:07:35 - [TEST_STEP][PASSED] - delay(2): Delayed 2 second(s)

2019-05-27 15:07:37 - [MESSAGE][PASSED] - Delayed 2 second(s)

2019-05-27 15:07:37 - [TEST_STEP][PASSED] - click(findTestObject("OCS-MOBILE /LEARN page/Read More -4")): Object: 'Object Repository/OCS-MOBILE /LEARN page/Read More -4' is clicked on

2019-05-27 15:07:42 - [MESSAGE][PASSED] - Object: 'Object Repository/OCS-MOBILE /LEARN page/Read More -4' is clicked on

2019-05-27 15:07:42 - [TEST_STEP][PASSED] - verifyTextPresent("Learn about cannabis laws.", true): Text 'Learn about cannabis laws.' is present on page  using regular expression

2019-05-27 15:07:42 - [MESSAGE][PASSED] - Text 'Learn about cannabis laws.' is present on page  using regular expression

2019-05-27 15:07:42 - [TEST_STEP][PASSED] - delay(2): Delayed 2 second(s)

2019-05-27 15:07:44 - [MESSAGE][PASSED] - Delayed 2 second(s)

2019-05-27 15:07:44 - [TEST_STEP][PASSED] - click(findTestObject("OCS-MOBILE /Age gate and burger menu/Burger menu - English"), CONTINUE_ON_FAILURE): Object: 'Object Repository/OCS-MOBILE /Age gate and burger menu/Burger menu - English' is clicked on

2019-05-27 15:07:44 - [MESSAGE][PASSED] - Object: 'Object Repository/OCS-MOBILE /Age gate and burger menu/Burger menu - English' is clicked on

2019-05-27 15:07:44 - [TEST_STEP][PASSED] - delay(2, CONTINUE_ON_FAILURE): Delayed 2 second(s)

2019-05-27 15:07:46 - [MESSAGE][PASSED] - Delayed 2 second(s)

2019-05-27 15:07:46 - [TEST_STEP][PASSED] - click(findTestObject("OCS-MOBILE /LEARN page/Learn chevron")): Object: 'Object Repository/OCS-MOBILE /LEARN page/Learn chevron' is clicked on

2019-05-27 15:07:46 - [MESSAGE][PASSED] - Object: 'Object Repository/OCS-MOBILE /LEARN page/Learn chevron' is clicked on

2019-05-27 15:07:46 - [TEST_STEP][PASSED] - delay(1): Delayed 1 second(s)

2019-05-27 15:07:47 - [MESSAGE][PASSED] - Delayed 1 second(s)

2019-05-27 15:07:47 - [TEST_STEP][PASSED] - click(findTestObject("OCS-MOBILE /LEARN page/see the learn section button")): Object: 'Object Repository/OCS-MOBILE /LEARN page/see the learn section button' is clicked on

2019-05-27 15:07:51 - [MESSAGE][PASSED] - Object: 'Object Repository/OCS-MOBILE /LEARN page/see the learn section button' is clicked on

2019-05-27 15:07:51 - [TEST_STEP][PASSED] - verifyTextPresent("Learn about cannabis laws.", true): Text 'Learn about cannabis laws.' is present on page  using regular expression

2019-05-27 15:07:51 - [MESSAGE][PASSED] - Text 'Learn about cannabis laws.' is present on page  using regular expression

2019-05-27 15:07:51 - [TEST_STEP][PASSED] - delay(2): Delayed 2 second(s)

2019-05-27 15:07:53 - [MESSAGE][PASSED] - Delayed 2 second(s)

2019-05-27 15:07:53 - [TEST_STEP][PASSED] - click(findTestObject("OCS-MOBILE /Age gate and burger menu/Burger menu - English"), CONTINUE_ON_FAILURE): Object: 'Object Repository/OCS-MOBILE /Age gate and burger menu/Burger menu - English' is clicked on

2019-05-27 15:07:54 - [MESSAGE][PASSED] - Object: 'Object Repository/OCS-MOBILE /Age gate and burger menu/Burger menu - English' is clicked on

2019-05-27 15:07:54 - [TEST_STEP][PASSED] - delay(2, CONTINUE_ON_FAILURE): Delayed 2 second(s)

2019-05-27 15:07:56 - [MESSAGE][PASSED] - Delayed 2 second(s)

2019-05-27 15:07:56 - [TEST_STEP][PASSED] - click(findTestObject("OCS-MOBILE /LEARN page/Learn chevron")): Object: 'Object Repository/OCS-MOBILE /LEARN page/Learn chevron' is clicked on

2019-05-27 15:07:56 - [MESSAGE][PASSED] - Object: 'Object Repository/OCS-MOBILE /LEARN page/Learn chevron' is clicked on

2019-05-27 15:07:56 - [TEST_STEP][PASSED] - delay(1): Delayed 1 second(s)

2019-05-27 15:07:57 - [MESSAGE][PASSED] - Delayed 1 second(s)

2019-05-27 15:07:57 - [TEST_STEP][PASSED] - click(findTestObject("OCS-MOBILE /LEARN page/a brief history of cannabis")): Object: 'Object Repository/OCS-MOBILE /LEARN page/a brief history of cannabis' is clicked on

2019-05-27 15:08:02 - [MESSAGE][PASSED] - Object: 'Object Repository/OCS-MOBILE /LEARN page/a brief history of cannabis' is clicked on

2019-05-27 15:08:02 - [TEST_STEP][PASSED] - verifyTextPresent("A Brief History of Cannabis - Part 1", true): Text 'A Brief History of Cannabis - Part 1' is present on page  using regular expression

2019-05-27 15:08:02 - [MESSAGE][PASSED] - Text 'A Brief History of Cannabis - Part 1' is present on page  using regular expression

2019-05-27 15:08:02 - [TEST_STEP][PASSED] - delay(2): Delayed 2 second(s)

2019-05-27 15:08:04 - [MESSAGE][PASSED] - Delayed 2 second(s)

2019-05-27 15:08:04 - [TEST_STEP][PASSED] - click(findTestObject("OCS-MOBILE /Age gate and burger menu/Burger menu - English"), CONTINUE_ON_FAILURE): Object: 'Object Repository/OCS-MOBILE /Age gate and burger menu/Burger menu - English' is clicked on

2019-05-27 15:08:04 - [MESSAGE][PASSED] - Object: 'Object Repository/OCS-MOBILE /Age gate and burger menu/Burger menu - English' is clicked on

2019-05-27 15:08:04 - [TEST_STEP][PASSED] - delay(2, CONTINUE_ON_FAILURE): Delayed 2 second(s)

2019-05-27 15:08:06 - [MESSAGE][PASSED] - Delayed 2 second(s)

2019-05-27 15:08:06 - [TEST_STEP][PASSED] - click(findTestObject("OCS-MOBILE /LEARN page/Learn chevron")): Object: 'Object Repository/OCS-MOBILE /LEARN page/Learn chevron' is clicked on

2019-05-27 15:08:06 - [MESSAGE][PASSED] - Object: 'Object Repository/OCS-MOBILE /LEARN page/Learn chevron' is clicked on

2019-05-27 15:08:06 - [TEST_STEP][PASSED] - delay(1, OPTIONAL): Delayed 1 second(s)

2019-05-27 15:08:07 - [MESSAGE][PASSED] - Delayed 1 second(s)

2019-05-27 15:08:07 - [TEST_STEP][PASSED] - executeJavaScript("var previewBar = document.getElementById("preview-bar-iframe"); previewBar.style.display = "none";", []): Execute JavaScript 'var previewBar = document.getElementById("preview-bar-iframe"); previewBar.style.display = "none";' successfully

2019-05-27 15:08:07 - [MESSAGE][PASSED] - Execute JavaScript 'var previewBar = document.getElementById("preview-bar-iframe"); previewBar.style.display = "none";' successfully

2019-05-27 15:08:07 - [TEST_STEP][PASSED] - click(findTestObject("OCS-MOBILE /LEARN page/see our FAQ")): Object: 'Object Repository/OCS-MOBILE /LEARN page/see our FAQ' is clicked on

2019-05-27 15:08:11 - [MESSAGE][PASSED] - Object: 'Object Repository/OCS-MOBILE /LEARN page/see our FAQ' is clicked on

2019-05-27 15:08:11 - [TEST_STEP][PASSED] - verifyTextPresent("Legal Use of Cannabis in Ontario", true, OPTIONAL): Text 'Legal Use of Cannabis in Ontario' is not present on page  using regular expression

2019-05-27 15:08:12 - [MESSAGE][WARNING] - Text 'Legal Use of Cannabis in Ontario' is not present on page  using regular expression

2019-05-27 15:08:12 - [TEST_STEP][PASSED] - delay(2): Delayed 2 second(s)

2019-05-27 15:08:14 - [MESSAGE][PASSED] - Delayed 2 second(s)

2019-05-27 15:08:14 - [TEST_STEP][PASSED] - click(findTestObject("OCS-MOBILE /Age gate and burger menu/Burger menu - English"), CONTINUE_ON_FAILURE): Object: 'Object Repository/OCS-MOBILE /Age gate and burger menu/Burger menu - English' is clicked on

2019-05-27 15:08:14 - [MESSAGE][PASSED] - Object: 'Object Repository/OCS-MOBILE /Age gate and burger menu/Burger menu - English' is clicked on

2019-05-27 15:08:14 - [TEST_STEP][PASSED] - delay(2, CONTINUE_ON_FAILURE): Delayed 2 second(s)

2019-05-27 15:08:16 - [MESSAGE][PASSED] - Delayed 2 second(s)

2019-05-27 15:08:16 - [TEST_STEP][PASSED] - click(findTestObject("OCS-MOBILE /LEARN page/Learn chevron")): Object: 'Object Repository/OCS-MOBILE /LEARN page/Learn chevron' is clicked on

2019-05-27 15:08:16 - [MESSAGE][PASSED] - Object: 'Object Repository/OCS-MOBILE /LEARN page/Learn chevron' is clicked on

2019-05-27 15:08:16 - [TEST_STEP][PASSED] - delay(1, OPTIONAL): Delayed 1 second(s)

2019-05-27 15:08:17 - [MESSAGE][PASSED] - Delayed 1 second(s)

2019-05-27 15:08:17 - [TEST_STEP][PASSED] - executeJavaScript("var previewBar = document.getElementById("preview-bar-iframe"); previewBar.style.display = "none";", []): Execute JavaScript 'var previewBar = document.getElementById("preview-bar-iframe"); previewBar.style.display = "none";' successfully

2019-05-27 15:08:17 - [MESSAGE][PASSED] - Execute JavaScript 'var previewBar = document.getElementById("preview-bar-iframe"); previewBar.style.display = "none";' successfully

2019-05-27 15:08:17 - [TEST_STEP][PASSED] - click(findTestObject("OCS-MOBILE /LEARN page/SEE OUR GLOSSARY")): Object: 'Object Repository/OCS-MOBILE /LEARN page/SEE OUR GLOSSARY' is clicked on

2019-05-27 15:08:21 - [MESSAGE][PASSED] - Object: 'Object Repository/OCS-MOBILE /LEARN page/SEE OUR GLOSSARY' is clicked on]]></system-out>
         <system-err><![CDATA[]]></system-err>
      </testcase>
      <testcase name="Test Cases/OCS - MOBILE/OCS- HOME PAGE/HP-Burger menu -cannabis" classname="Test Cases/OCS - MOBILE/OCS- HOME PAGE/HP-Burger menu -cannabis" status="PASSED">
         <system-out><![CDATA[2019-05-27 15:08:21 - [TEST_CASE][PASSED] - Test Cases/OCS - MOBILE/OCS- HOME PAGE/HP-Burger menu -cannabis: Test Cases/OCS - MOBILE/OCS- HOME PAGE/HP-Burger menu -cannabis

2019-05-27 15:08:21 - [TEST_STEP][PASSED] - callTestCase(findTestCase("OCS - MOBILE/CALL - AGE GATE"), [:], STOP_ON_FAILURE): Call Test Case 'Test Cases/OCS - MOBILE/CALL - AGE GATE' successfully

2019-05-27 15:08:21 - [TEST_CASE][PASSED] - Test Cases/OCS - MOBILE/CALL - AGE GATE: Test Cases/OCS - MOBILE/CALL - AGE GATE

2019-05-27 15:08:21 - [TEST_STEP][PASSED] - openBrowser(""): Browser is opened with url: ''

2019-05-27 15:08:21 - [MESSAGE][WARNING] - A browser is already opened. Closing browser and opening a new one

2019-05-27 15:08:22 - [MESSAGE][INFO] - Starting 'Firefox' driver

2019-05-27 15:08:24 - [MESSAGE][PASSED] - Browser is opened with url: ''

2019-05-27 15:08:24 - [TEST_STEP][PASSED] - navigateToUrl("https://ocs.ca/?fts=0&preview_theme_id=53376026444"): Navigate to 'https://ocs.ca/?fts=0&preview_theme_id=53376026444' successfully

2019-05-27 15:08:32 - [MESSAGE][PASSED] - Navigate to 'https://ocs.ca/?fts=0&preview_theme_id=53376026444' successfully

2019-05-27 15:08:32 - [TEST_STEP][NOT_RUN] - executeJavaScript("var previewBar = document.getElementById("preview-bar-iframe"); previewBar.style.display = "none";", []): NOT_RUN: executeJavaScript("var previewBar = document.getElementById("preview-bar-iframe"); previewBar.style.display = "none";", [])

2019-05-27 15:08:32 - [MESSAGE][NOT_RUN] - NOT_RUN: executeJavaScript("var previewBar = document.getElementById("preview-bar-iframe"); previewBar.style.display = "none";", [])

2019-05-27 15:08:32 - [TEST_STEP][PASSED] - setViewPortSize(360, 800): Viewport is set to new size with width = 360 and height = 800

2019-05-27 15:08:33 - [MESSAGE][PASSED] - Viewport is set to new size with width = 360 and height = 800

2019-05-27 15:08:33 - [TEST_STEP][PASSED] - delay(4): Delayed 4 second(s)

2019-05-27 15:08:37 - [MESSAGE][PASSED] - Delayed 4 second(s)

2019-05-27 15:08:37 - [TEST_STEP][PASSED] - selectOptionByValue(findTestObject("OCS-MOBILE /Age gate and burger menu/Date"), "12", true): All options with value '12' are selected in object 'Object Repository/OCS-MOBILE /Age gate and burger menu/Date'  using regular expression

2019-05-27 15:08:37 - [MESSAGE][PASSED] - All options with value '12' are selected in object 'Object Repository/OCS-MOBILE /Age gate and burger menu/Date'  using regular expression

2019-05-27 15:08:37 - [TEST_STEP][PASSED] - selectOptionByValue(findTestObject("OCS-MOBILE /Age gate and burger menu/month"), "6", true): All options with value '6' are selected in object 'Object Repository/OCS-MOBILE /Age gate and burger menu/month'  using regular expression

2019-05-27 15:08:38 - [MESSAGE][PASSED] - All options with value '6' are selected in object 'Object Repository/OCS-MOBILE /Age gate and burger menu/month'  using regular expression

2019-05-27 15:08:38 - [TEST_STEP][PASSED] - delay(2): Delayed 2 second(s)

2019-05-27 15:08:40 - [MESSAGE][PASSED] - Delayed 2 second(s)

2019-05-27 15:08:40 - [TEST_STEP][PASSED] - selectOptionByValue(findTestObject("OCS-MOBILE /Age gate and burger menu/Year Dropdown"), "1990", true): All options with value '1990' are selected in object 'Object Repository/OCS-MOBILE /Age gate and burger menu/Year Dropdown'  using regular expression

2019-05-27 15:08:42 - [MESSAGE][PASSED] - All options with value '1990' are selected in object 'Object Repository/OCS-MOBILE /Age gate and burger menu/Year Dropdown'  using regular expression

2019-05-27 15:08:42 - [TEST_STEP][PASSED] - click(findTestObject("OCS-MOBILE /Age gate and burger menu/button_Verify")): Object: 'Object Repository/OCS-MOBILE /Age gate and burger menu/button_Verify' is clicked on

2019-05-27 15:08:42 - [MESSAGE][PASSED] - Object: 'Object Repository/OCS-MOBILE /Age gate and burger menu/button_Verify' is clicked on

2019-05-27 15:08:42 - [TEST_STEP][PASSED] - click(findTestObject("OCS-MOBILE /Age gate and burger menu/Checkbox_CONFIRM AND ACKNOWLEDGE")): Object: 'Object Repository/OCS-MOBILE /Age gate and burger menu/Checkbox_CONFIRM AND ACKNOWLEDGE' is clicked on

2019-05-27 15:08:42 - [MESSAGE][PASSED] - Object: 'Object Repository/OCS-MOBILE /Age gate and burger menu/Checkbox_CONFIRM AND ACKNOWLEDGE' is clicked on

2019-05-27 15:08:42 - [TEST_STEP][PASSED] - click(findTestObject("OCS-MOBILE /Age gate and burger menu/button_CONFIRM")): Object: 'Object Repository/OCS-MOBILE /Age gate and burger menu/button_CONFIRM' is clicked on

2019-05-27 15:08:42 - [MESSAGE][PASSED] - Object: 'Object Repository/OCS-MOBILE /Age gate and burger menu/button_CONFIRM' is clicked on

2019-05-27 15:08:42 - [TEST_STEP][PASSED] - click(findTestObject("OCS-MOBILE /Age gate and burger menu/button_Start Browsing")): Object: 'Object Repository/OCS-MOBILE /Age gate and burger menu/button_Start Browsing' is clicked on

2019-05-27 15:08:43 - [MESSAGE][PASSED] - Object: 'Object Repository/OCS-MOBILE /Age gate and burger menu/button_Start Browsing' is clicked on

2019-05-27 15:08:43 - [MESSAGE][PASSED] - Call Test Case 'Test Cases/OCS - MOBILE/CALL - AGE GATE' successfully

2019-05-27 15:08:43 - [TEST_STEP][PASSED] - delay(2): Delayed 2 second(s)

2019-05-27 15:08:45 - [MESSAGE][PASSED] - Delayed 2 second(s)

2019-05-27 15:08:45 - [TEST_STEP][PASSED] - click(findTestObject("OCS-MOBILE /Age gate and burger menu/Burger menu - English"), CONTINUE_ON_FAILURE): Object: 'Object Repository/OCS-MOBILE /Age gate and burger menu/Burger menu - English' is clicked on

2019-05-27 15:08:45 - [MESSAGE][PASSED] - Object: 'Object Repository/OCS-MOBILE /Age gate and burger menu/Burger menu - English' is clicked on

2019-05-27 15:08:45 - [TEST_STEP][PASSED] - delay(2, CONTINUE_ON_FAILURE): Delayed 2 second(s)

2019-05-27 15:08:47 - [MESSAGE][PASSED] - Delayed 2 second(s)

2019-05-27 15:08:47 - [TEST_STEP][PASSED] - click(findTestObject("OCS-MOBILE /Cannabis page/Cannabis chevron")): Object: 'Object Repository/OCS-MOBILE /Cannabis page/Cannabis chevron' is clicked on

2019-05-27 15:08:47 - [MESSAGE][PASSED] - Object: 'Object Repository/OCS-MOBILE /Cannabis page/Cannabis chevron' is clicked on

2019-05-27 15:08:47 - [TEST_STEP][PASSED] - delay(1, CONTINUE_ON_FAILURE): Delayed 1 second(s)

2019-05-27 15:08:48 - [MESSAGE][PASSED] - Delayed 1 second(s)

2019-05-27 15:08:48 - [TEST_STEP][PASSED] - click(findTestObject("OCS-MOBILE /Cannabis page/Dried flower - plus accordian")): Object: 'Object Repository/OCS-MOBILE /Cannabis page/Dried flower - plus accordian' is clicked on

2019-05-27 15:08:49 - [MESSAGE][PASSED] - Object: 'Object Repository/OCS-MOBILE /Cannabis page/Dried flower - plus accordian' is clicked on

2019-05-27 15:08:49 - [TEST_STEP][PASSED] - delay(1, CONTINUE_ON_FAILURE): Delayed 1 second(s)

2019-05-27 15:08:50 - [MESSAGE][PASSED] - Delayed 1 second(s)

2019-05-27 15:08:50 - [TEST_STEP][PASSED] - click(findTestObject("OCS-MOBILE /Cannabis page/Dried flower -subtract accordian")): Object: 'Object Repository/OCS-MOBILE /Cannabis page/Dried flower -subtract accordian' is clicked on

2019-05-27 15:08:50 - [MESSAGE][PASSED] - Object: 'Object Repository/OCS-MOBILE /Cannabis page/Dried flower -subtract accordian' is clicked on

2019-05-27 15:08:50 - [TEST_STEP][PASSED] - delay(1, CONTINUE_ON_FAILURE): Delayed 1 second(s)

2019-05-27 15:08:51 - [MESSAGE][PASSED] - Delayed 1 second(s)

2019-05-27 15:08:51 - [TEST_STEP][PASSED] - click(findTestObject("OCS-MOBILE /Cannabis page/Dried flower - plus accordian")): Object: 'Object Repository/OCS-MOBILE /Cannabis page/Dried flower - plus accordian' is clicked on

2019-05-27 15:08:51 - [MESSAGE][PASSED] - Object: 'Object Repository/OCS-MOBILE /Cannabis page/Dried flower - plus accordian' is clicked on

2019-05-27 15:08:51 - [TEST_STEP][PASSED] - delay(1, CONTINUE_ON_FAILURE): Delayed 1 second(s)

2019-05-27 15:08:52 - [MESSAGE][PASSED] - Delayed 1 second(s)

2019-05-27 15:08:52 - [TEST_STEP][PASSED] - click(findTestObject("OCS-MOBILE /Cannabis page/Dried flower - Indica dominant")): Object: 'Object Repository/OCS-MOBILE /Cannabis page/Dried flower - Indica dominant' is clicked on

2019-05-27 15:08:55 - [MESSAGE][PASSED] - Object: 'Object Repository/OCS-MOBILE /Cannabis page/Dried flower - Indica dominant' is clicked on

2019-05-27 15:08:55 - [TEST_STEP][PASSED] - delay(1, CONTINUE_ON_FAILURE): Delayed 1 second(s)

2019-05-27 15:08:56 - [MESSAGE][PASSED] - Delayed 1 second(s)

2019-05-27 15:08:56 - [TEST_STEP][PASSED] - click(findTestObject("OCS-MOBILE /Age gate and burger menu/Burger menu - English"), CONTINUE_ON_FAILURE): Object: 'Object Repository/OCS-MOBILE /Age gate and burger menu/Burger menu - English' is clicked on

2019-05-27 15:08:56 - [MESSAGE][PASSED] - Object: 'Object Repository/OCS-MOBILE /Age gate and burger menu/Burger menu - English' is clicked on

2019-05-27 15:08:56 - [TEST_STEP][PASSED] - delay(2, CONTINUE_ON_FAILURE): Delayed 2 second(s)

2019-05-27 15:08:58 - [MESSAGE][PASSED] - Delayed 2 second(s)

2019-05-27 15:08:58 - [TEST_STEP][PASSED] - click(findTestObject("OCS-MOBILE /Cannabis page/Cannabis chevron")): Object: 'Object Repository/OCS-MOBILE /Cannabis page/Cannabis chevron' is clicked on

2019-05-27 15:08:58 - [MESSAGE][PASSED] - Object: 'Object Repository/OCS-MOBILE /Cannabis page/Cannabis chevron' is clicked on

2019-05-27 15:08:58 - [TEST_STEP][PASSED] - delay(1, CONTINUE_ON_FAILURE): Delayed 1 second(s)

2019-05-27 15:08:59 - [MESSAGE][PASSED] - Delayed 1 second(s)

2019-05-27 15:08:59 - [TEST_STEP][PASSED] - click(findTestObject("OCS-MOBILE /Cannabis page/Dried flower - plus accordian")): Object: 'Object Repository/OCS-MOBILE /Cannabis page/Dried flower - plus accordian' is clicked on

2019-05-27 15:09:00 - [MESSAGE][PASSED] - Object: 'Object Repository/OCS-MOBILE /Cannabis page/Dried flower - plus accordian' is clicked on

2019-05-27 15:09:00 - [TEST_STEP][PASSED] - delay(1, CONTINUE_ON_FAILURE): Delayed 1 second(s)

2019-05-27 15:09:01 - [MESSAGE][PASSED] - Delayed 1 second(s)

2019-05-27 15:09:01 - [TEST_STEP][PASSED] - click(findTestObject("OCS-MOBILE /Cannabis page/Dried flower - sativa dominant")): Object: 'Object Repository/OCS-MOBILE /Cannabis page/Dried flower - sativa dominant' is clicked on

2019-05-27 15:09:03 - [MESSAGE][PASSED] - Object: 'Object Repository/OCS-MOBILE /Cannabis page/Dried flower - sativa dominant' is clicked on

2019-05-27 15:09:03 - [TEST_STEP][PASSED] - delay(1, CONTINUE_ON_FAILURE): Delayed 1 second(s)

2019-05-27 15:09:04 - [MESSAGE][PASSED] - Delayed 1 second(s)

2019-05-27 15:09:04 - [TEST_STEP][PASSED] - delay(1, CONTINUE_ON_FAILURE): Delayed 1 second(s)

2019-05-27 15:09:05 - [MESSAGE][PASSED] - Delayed 1 second(s)

2019-05-27 15:09:05 - [TEST_STEP][PASSED] - click(findTestObject("OCS-MOBILE /Age gate and burger menu/Burger menu - English"), CONTINUE_ON_FAILURE): Object: 'Object Repository/OCS-MOBILE /Age gate and burger menu/Burger menu - English' is clicked on

2019-05-27 15:09:05 - [MESSAGE][PASSED] - Object: 'Object Repository/OCS-MOBILE /Age gate and burger menu/Burger menu - English' is clicked on

2019-05-27 15:09:05 - [TEST_STEP][PASSED] - delay(2, CONTINUE_ON_FAILURE): Delayed 2 second(s)

2019-05-27 15:09:07 - [MESSAGE][PASSED] - Delayed 2 second(s)

2019-05-27 15:09:07 - [TEST_STEP][PASSED] - click(findTestObject("OCS-MOBILE /Cannabis page/Cannabis chevron")): Object: 'Object Repository/OCS-MOBILE /Cannabis page/Cannabis chevron' is clicked on

2019-05-27 15:09:07 - [MESSAGE][PASSED] - Object: 'Object Repository/OCS-MOBILE /Cannabis page/Cannabis chevron' is clicked on

2019-05-27 15:09:07 - [TEST_STEP][PASSED] - delay(1, CONTINUE_ON_FAILURE): Delayed 1 second(s)

2019-05-27 15:09:08 - [MESSAGE][PASSED] - Delayed 1 second(s)

2019-05-27 15:09:08 - [TEST_STEP][PASSED] - click(findTestObject("OCS-MOBILE /Cannabis page/Dried flower - plus accordian")): Object: 'Object Repository/OCS-MOBILE /Cannabis page/Dried flower - plus accordian' is clicked on

2019-05-27 15:09:08 - [MESSAGE][PASSED] - Object: 'Object Repository/OCS-MOBILE /Cannabis page/Dried flower - plus accordian' is clicked on

2019-05-27 15:09:08 - [TEST_STEP][PASSED] - delay(1, CONTINUE_ON_FAILURE): Delayed 1 second(s)

2019-05-27 15:09:09 - [MESSAGE][PASSED] - Delayed 1 second(s)

2019-05-27 15:09:09 - [TEST_STEP][PASSED] - click(findTestObject("OCS-MOBILE /Cannabis page/Dried flower - Hybrid")): Object: 'Object Repository/OCS-MOBILE /Cannabis page/Dried flower - Hybrid' is clicked on

2019-05-27 15:09:12 - [MESSAGE][PASSED] - Object: 'Object Repository/OCS-MOBILE /Cannabis page/Dried flower - Hybrid' is clicked on

2019-05-27 15:09:12 - [TEST_STEP][PASSED] - delay(1, CONTINUE_ON_FAILURE): Delayed 1 second(s)

2019-05-27 15:09:13 - [MESSAGE][PASSED] - Delayed 1 second(s)

2019-05-27 15:09:13 - [TEST_STEP][PASSED] - click(findTestObject("OCS-MOBILE /Age gate and burger menu/Burger menu - English"), CONTINUE_ON_FAILURE): Object: 'Object Repository/OCS-MOBILE /Age gate and burger menu/Burger menu - English' is clicked on

2019-05-27 15:09:13 - [MESSAGE][PASSED] - Object: 'Object Repository/OCS-MOBILE /Age gate and burger menu/Burger menu - English' is clicked on

2019-05-27 15:09:13 - [TEST_STEP][PASSED] - delay(2, CONTINUE_ON_FAILURE): Delayed 2 second(s)

2019-05-27 15:09:15 - [MESSAGE][PASSED] - Delayed 2 second(s)

2019-05-27 15:09:15 - [TEST_STEP][PASSED] - click(findTestObject("OCS-MOBILE /Cannabis page/Cannabis chevron")): Object: 'Object Repository/OCS-MOBILE /Cannabis page/Cannabis chevron' is clicked on

2019-05-27 15:09:16 - [MESSAGE][PASSED] - Object: 'Object Repository/OCS-MOBILE /Cannabis page/Cannabis chevron' is clicked on

2019-05-27 15:09:16 - [TEST_STEP][PASSED] - delay(1, CONTINUE_ON_FAILURE): Delayed 1 second(s)

2019-05-27 15:09:17 - [MESSAGE][PASSED] - Delayed 1 second(s)

2019-05-27 15:09:17 - [TEST_STEP][PASSED] - click(findTestObject("OCS-MOBILE /Cannabis page/Dried flower - plus accordian")): Object: 'Object Repository/OCS-MOBILE /Cannabis page/Dried flower - plus accordian' is clicked on

2019-05-27 15:09:17 - [MESSAGE][PASSED] - Object: 'Object Repository/OCS-MOBILE /Cannabis page/Dried flower - plus accordian' is clicked on

2019-05-27 15:09:17 - [TEST_STEP][PASSED] - delay(1, CONTINUE_ON_FAILURE): Delayed 1 second(s)

2019-05-27 15:09:18 - [MESSAGE][PASSED] - Delayed 1 second(s)

2019-05-27 15:09:18 - [TEST_STEP][PASSED] - click(findTestObject("OCS-MOBILE /Cannabis page/Shop all dried flower")): Object: 'Object Repository/OCS-MOBILE /Cannabis page/Shop all dried flower' is clicked on

2019-05-27 15:09:21 - [MESSAGE][PASSED] - Object: 'Object Repository/OCS-MOBILE /Cannabis page/Shop all dried flower' is clicked on

2019-05-27 15:09:21 - [TEST_STEP][PASSED] - delay(1, CONTINUE_ON_FAILURE): Delayed 1 second(s)

2019-05-27 15:09:22 - [MESSAGE][PASSED] - Delayed 1 second(s)

2019-05-27 15:09:22 - [TEST_STEP][PASSED] - click(findTestObject("OCS-MOBILE /Age gate and burger menu/Burger menu - English"), CONTINUE_ON_FAILURE): Object: 'Object Repository/OCS-MOBILE /Age gate and burger menu/Burger menu - English' is clicked on

2019-05-27 15:09:22 - [MESSAGE][PASSED] - Object: 'Object Repository/OCS-MOBILE /Age gate and burger menu/Burger menu - English' is clicked on

2019-05-27 15:09:22 - [TEST_STEP][PASSED] - delay(2, CONTINUE_ON_FAILURE): Delayed 2 second(s)

2019-05-27 15:09:24 - [MESSAGE][PASSED] - Delayed 2 second(s)

2019-05-27 15:09:24 - [TEST_STEP][PASSED] - click(findTestObject("OCS-MOBILE /Cannabis page/Cannabis chevron")): Object: 'Object Repository/OCS-MOBILE /Cannabis page/Cannabis chevron' is clicked on

2019-05-27 15:09:25 - [MESSAGE][PASSED] - Object: 'Object Repository/OCS-MOBILE /Cannabis page/Cannabis chevron' is clicked on

2019-05-27 15:09:25 - [TEST_STEP][PASSED] - delay(1, CONTINUE_ON_FAILURE): Delayed 1 second(s)

2019-05-27 15:09:26 - [MESSAGE][PASSED] - Delayed 1 second(s)

2019-05-27 15:09:26 - [TEST_STEP][PASSED] - click(findTestObject("OCS-MOBILE /Cannabis page/Prerolled - Plus accordian")): Object: 'Object Repository/OCS-MOBILE /Cannabis page/Prerolled - Plus accordian' is clicked on

2019-05-27 15:09:26 - [MESSAGE][PASSED] - Object: 'Object Repository/OCS-MOBILE /Cannabis page/Prerolled - Plus accordian' is clicked on

2019-05-27 15:09:26 - [TEST_STEP][PASSED] - delay(1, CONTINUE_ON_FAILURE): Delayed 1 second(s)

2019-05-27 15:09:27 - [MESSAGE][PASSED] - Delayed 1 second(s)

2019-05-27 15:09:27 - [TEST_STEP][PASSED] - click(findTestObject("OCS-MOBILE /Cannabis page/Prerolled - subtract accordian")): Object: 'Object Repository/OCS-MOBILE /Cannabis page/Prerolled - subtract accordian' is clicked on

2019-05-27 15:09:27 - [MESSAGE][PASSED] - Object: 'Object Repository/OCS-MOBILE /Cannabis page/Prerolled - subtract accordian' is clicked on

2019-05-27 15:09:27 - [TEST_STEP][PASSED] - delay(1, CONTINUE_ON_FAILURE): Delayed 1 second(s)

2019-05-27 15:09:28 - [MESSAGE][PASSED] - Delayed 1 second(s)

2019-05-27 15:09:28 - [TEST_STEP][PASSED] - click(findTestObject("OCS-MOBILE /Cannabis page/Prerolled - Plus accordian")): Object: 'Object Repository/OCS-MOBILE /Cannabis page/Prerolled - Plus accordian' is clicked on

2019-05-27 15:09:28 - [MESSAGE][PASSED] - Object: 'Object Repository/OCS-MOBILE /Cannabis page/Prerolled - Plus accordian' is clicked on

2019-05-27 15:09:28 - [TEST_STEP][PASSED] - delay(1, CONTINUE_ON_FAILURE): Delayed 1 second(s)

2019-05-27 15:09:29 - [MESSAGE][PASSED] - Delayed 1 second(s)

2019-05-27 15:09:29 - [TEST_STEP][PASSED] - click(findTestObject("OCS-MOBILE /Cannabis page/Prerolled - Indica dominant")): Object: 'Object Repository/OCS-MOBILE /Cannabis page/Prerolled - Indica dominant' is clicked on

2019-05-27 15:09:32 - [MESSAGE][PASSED] - Object: 'Object Repository/OCS-MOBILE /Cannabis page/Prerolled - Indica dominant' is clicked on

2019-05-27 15:09:32 - [TEST_STEP][PASSED] - delay(1, CONTINUE_ON_FAILURE): Delayed 1 second(s)

2019-05-27 15:09:33 - [MESSAGE][PASSED] - Delayed 1 second(s)

2019-05-27 15:09:33 - [TEST_STEP][PASSED] - click(findTestObject("OCS-MOBILE /Age gate and burger menu/Burger menu - English"), CONTINUE_ON_FAILURE): Object: 'Object Repository/OCS-MOBILE /Age gate and burger menu/Burger menu - English' is clicked on

2019-05-27 15:09:33 - [MESSAGE][PASSED] - Object: 'Object Repository/OCS-MOBILE /Age gate and burger menu/Burger menu - English' is clicked on

2019-05-27 15:09:33 - [TEST_STEP][PASSED] - delay(2, CONTINUE_ON_FAILURE): Delayed 2 second(s)

2019-05-27 15:09:35 - [MESSAGE][PASSED] - Delayed 2 second(s)

2019-05-27 15:09:35 - [TEST_STEP][PASSED] - click(findTestObject("OCS-MOBILE /Cannabis page/Cannabis chevron")): Object: 'Object Repository/OCS-MOBILE /Cannabis page/Cannabis chevron' is clicked on

2019-05-27 15:09:36 - [MESSAGE][PASSED] - Object: 'Object Repository/OCS-MOBILE /Cannabis page/Cannabis chevron' is clicked on

2019-05-27 15:09:36 - [TEST_STEP][PASSED] - delay(1, CONTINUE_ON_FAILURE): Delayed 1 second(s)

2019-05-27 15:09:37 - [MESSAGE][PASSED] - Delayed 1 second(s)

2019-05-27 15:09:37 - [TEST_STEP][PASSED] - click(findTestObject("OCS-MOBILE /Cannabis page/Prerolled - Plus accordian")): Object: 'Object Repository/OCS-MOBILE /Cannabis page/Prerolled - Plus accordian' is clicked on

2019-05-27 15:09:37 - [MESSAGE][PASSED] - Object: 'Object Repository/OCS-MOBILE /Cannabis page/Prerolled - Plus accordian' is clicked on

2019-05-27 15:09:37 - [TEST_STEP][PASSED] - delay(1, CONTINUE_ON_FAILURE): Delayed 1 second(s)

2019-05-27 15:09:38 - [MESSAGE][PASSED] - Delayed 1 second(s)

2019-05-27 15:09:38 - [TEST_STEP][PASSED] - click(findTestObject("OCS-MOBILE /Cannabis page/Prerolled - sativa dominant")): Object: 'Object Repository/OCS-MOBILE /Cannabis page/Prerolled - sativa dominant' is clicked on

2019-05-27 15:09:40 - [MESSAGE][PASSED] - Object: 'Object Repository/OCS-MOBILE /Cannabis page/Prerolled - sativa dominant' is clicked on

2019-05-27 15:09:40 - [TEST_STEP][PASSED] - delay(1, CONTINUE_ON_FAILURE): Delayed 1 second(s)

2019-05-27 15:09:41 - [MESSAGE][PASSED] - Delayed 1 second(s)

2019-05-27 15:09:41 - [TEST_STEP][PASSED] - click(findTestObject("OCS-MOBILE /Age gate and burger menu/Burger menu - English"), CONTINUE_ON_FAILURE): Object: 'Object Repository/OCS-MOBILE /Age gate and burger menu/Burger menu - English' is clicked on

2019-05-27 15:09:41 - [MESSAGE][PASSED] - Object: 'Object Repository/OCS-MOBILE /Age gate and burger menu/Burger menu - English' is clicked on

2019-05-27 15:09:41 - [TEST_STEP][PASSED] - delay(2, CONTINUE_ON_FAILURE): Delayed 2 second(s)

2019-05-27 15:09:43 - [MESSAGE][PASSED] - Delayed 2 second(s)

2019-05-27 15:09:43 - [TEST_STEP][PASSED] - click(findTestObject("OCS-MOBILE /Cannabis page/Cannabis chevron")): Object: 'Object Repository/OCS-MOBILE /Cannabis page/Cannabis chevron' is clicked on

2019-05-27 15:09:43 - [MESSAGE][PASSED] - Object: 'Object Repository/OCS-MOBILE /Cannabis page/Cannabis chevron' is clicked on

2019-05-27 15:09:43 - [TEST_STEP][PASSED] - delay(1, CONTINUE_ON_FAILURE): Delayed 1 second(s)

2019-05-27 15:09:44 - [MESSAGE][PASSED] - Delayed 1 second(s)

2019-05-27 15:09:44 - [TEST_STEP][PASSED] - click(findTestObject("OCS-MOBILE /Cannabis page/Prerolled - Plus accordian")): Object: 'Object Repository/OCS-MOBILE /Cannabis page/Prerolled - Plus accordian' is clicked on

2019-05-27 15:09:45 - [MESSAGE][PASSED] - Object: 'Object Repository/OCS-MOBILE /Cannabis page/Prerolled - Plus accordian' is clicked on

2019-05-27 15:09:45 - [TEST_STEP][PASSED] - delay(1, CONTINUE_ON_FAILURE): Delayed 1 second(s)

2019-05-27 15:09:46 - [MESSAGE][PASSED] - Delayed 1 second(s)

2019-05-27 15:09:46 - [TEST_STEP][PASSED] - click(findTestObject("OCS-MOBILE /Cannabis page/Prerolled - Hybrid")): Object: 'Object Repository/OCS-MOBILE /Cannabis page/Prerolled - Hybrid' is clicked on

2019-05-27 15:09:48 - [MESSAGE][PASSED] - Object: 'Object Repository/OCS-MOBILE /Cannabis page/Prerolled - Hybrid' is clicked on

2019-05-27 15:09:48 - [TEST_STEP][PASSED] - delay(1, CONTINUE_ON_FAILURE): Delayed 1 second(s)

2019-05-27 15:09:49 - [MESSAGE][PASSED] - Delayed 1 second(s)

2019-05-27 15:09:49 - [TEST_STEP][PASSED] - click(findTestObject("OCS-MOBILE /Age gate and burger menu/Burger menu - English"), CONTINUE_ON_FAILURE): Object: 'Object Repository/OCS-MOBILE /Age gate and burger menu/Burger menu - English' is clicked on

2019-05-27 15:09:49 - [MESSAGE][PASSED] - Object: 'Object Repository/OCS-MOBILE /Age gate and burger menu/Burger menu - English' is clicked on

2019-05-27 15:09:49 - [TEST_STEP][PASSED] - delay(2, CONTINUE_ON_FAILURE): Delayed 2 second(s)

2019-05-27 15:09:51 - [MESSAGE][PASSED] - Delayed 2 second(s)

2019-05-27 15:09:51 - [TEST_STEP][PASSED] - click(findTestObject("OCS-MOBILE /Cannabis page/Cannabis chevron")): Object: 'Object Repository/OCS-MOBILE /Cannabis page/Cannabis chevron' is clicked on

2019-05-27 15:09:51 - [MESSAGE][PASSED] - Object: 'Object Repository/OCS-MOBILE /Cannabis page/Cannabis chevron' is clicked on

2019-05-27 15:09:51 - [TEST_STEP][PASSED] - delay(1, CONTINUE_ON_FAILURE): Delayed 1 second(s)

2019-05-27 15:09:52 - [MESSAGE][PASSED] - Delayed 1 second(s)

2019-05-27 15:09:52 - [TEST_STEP][PASSED] - click(findTestObject("OCS-MOBILE /Cannabis page/Prerolled - Plus accordian")): Object: 'Object Repository/OCS-MOBILE /Cannabis page/Prerolled - Plus accordian' is clicked on

2019-05-27 15:09:53 - [MESSAGE][PASSED] - Object: 'Object Repository/OCS-MOBILE /Cannabis page/Prerolled - Plus accordian' is clicked on

2019-05-27 15:09:53 - [TEST_STEP][PASSED] - delay(1, CONTINUE_ON_FAILURE): Delayed 1 second(s)

2019-05-27 15:09:54 - [MESSAGE][PASSED] - Delayed 1 second(s)

2019-05-27 15:09:54 - [TEST_STEP][PASSED] - click(findTestObject("OCS-MOBILE /Cannabis page/Shop all prerolled")): Object: 'Object Repository/OCS-MOBILE /Cannabis page/Shop all prerolled' is clicked on

2019-05-27 15:09:56 - [MESSAGE][PASSED] - Object: 'Object Repository/OCS-MOBILE /Cannabis page/Shop all prerolled' is clicked on

2019-05-27 15:09:56 - [TEST_STEP][PASSED] - delay(1, CONTINUE_ON_FAILURE): Delayed 1 second(s)

2019-05-27 15:09:57 - [MESSAGE][PASSED] - Delayed 1 second(s)

2019-05-27 15:09:57 - [TEST_STEP][PASSED] - click(findTestObject("OCS-MOBILE /Age gate and burger menu/Burger menu - English"), CONTINUE_ON_FAILURE): Object: 'Object Repository/OCS-MOBILE /Age gate and burger menu/Burger menu - English' is clicked on

2019-05-27 15:09:57 - [MESSAGE][PASSED] - Object: 'Object Repository/OCS-MOBILE /Age gate and burger menu/Burger menu - English' is clicked on

2019-05-27 15:09:57 - [TEST_STEP][PASSED] - delay(2, CONTINUE_ON_FAILURE): Delayed 2 second(s)

2019-05-27 15:09:59 - [MESSAGE][PASSED] - Delayed 2 second(s)

2019-05-27 15:10:00 - [TEST_STEP][PASSED] - click(findTestObject("OCS-MOBILE /Cannabis page/Cannabis chevron")): Object: 'Object Repository/OCS-MOBILE /Cannabis page/Cannabis chevron' is clicked on

2019-05-27 15:10:00 - [MESSAGE][PASSED] - Object: 'Object Repository/OCS-MOBILE /Cannabis page/Cannabis chevron' is clicked on

2019-05-27 15:10:00 - [TEST_STEP][PASSED] - delay(1, CONTINUE_ON_FAILURE): Delayed 1 second(s)

2019-05-27 15:10:01 - [MESSAGE][PASSED] - Delayed 1 second(s)

2019-05-27 15:10:01 - [TEST_STEP][NOT_RUN] - click(findTestObject("OCS-MOBILE /Cannabis page/Prerolled - Plus accordian")): NOT_RUN: click(findTestObject("OCS-MOBILE /Cannabis page/Prerolled - Plus accordian"))

2019-05-27 15:10:01 - [MESSAGE][NOT_RUN] - NOT_RUN: click(findTestObject("OCS-MOBILE /Cannabis page/Prerolled - Plus accordian"))

2019-05-27 15:10:01 - [TEST_STEP][PASSED] - delay(1, CONTINUE_ON_FAILURE): Delayed 1 second(s)

2019-05-27 15:10:02 - [MESSAGE][PASSED] - Delayed 1 second(s)

2019-05-27 15:10:02 - [TEST_STEP][PASSED] - click(findTestObject("OCS-MOBILE /Cannabis page/Oils - plus accordian")): Object: 'Object Repository/OCS-MOBILE /Cannabis page/Oils - plus accordian' is clicked on

2019-05-27 15:10:02 - [MESSAGE][PASSED] - Object: 'Object Repository/OCS-MOBILE /Cannabis page/Oils - plus accordian' is clicked on

2019-05-27 15:10:02 - [TEST_STEP][PASSED] - delay(1, CONTINUE_ON_FAILURE): Delayed 1 second(s)

2019-05-27 15:10:03 - [MESSAGE][PASSED] - Delayed 1 second(s)

2019-05-27 15:10:03 - [TEST_STEP][PASSED] - click(findTestObject("OCS-MOBILE /Cannabis page/Oils - subtract accordian")): Object: 'Object Repository/OCS-MOBILE /Cannabis page/Oils - subtract accordian' is clicked on

2019-05-27 15:10:03 - [MESSAGE][PASSED] - Object: 'Object Repository/OCS-MOBILE /Cannabis page/Oils - subtract accordian' is clicked on

2019-05-27 15:10:03 - [TEST_STEP][PASSED] - delay(1, CONTINUE_ON_FAILURE): Delayed 1 second(s)

2019-05-27 15:10:04 - [MESSAGE][PASSED] - Delayed 1 second(s)

2019-05-27 15:10:04 - [TEST_STEP][PASSED] - click(findTestObject("OCS-MOBILE /Cannabis page/Oils - plus accordian")): Object: 'Object Repository/OCS-MOBILE /Cannabis page/Oils - plus accordian' is clicked on

2019-05-27 15:10:05 - [MESSAGE][PASSED] - Object: 'Object Repository/OCS-MOBILE /Cannabis page/Oils - plus accordian' is clicked on

2019-05-27 15:10:05 - [TEST_STEP][PASSED] - delay(1, CONTINUE_ON_FAILURE): Delayed 1 second(s)

2019-05-27 15:10:06 - [MESSAGE][PASSED] - Delayed 1 second(s)

2019-05-27 15:10:06 - [TEST_STEP][PASSED] - click(findTestObject("OCS-MOBILE /Cannabis page/Oils - Bottled oils")): Object: 'Object Repository/OCS-MOBILE /Cannabis page/Oils - Bottled oils' is clicked on

2019-05-27 15:10:08 - [MESSAGE][PASSED] - Object: 'Object Repository/OCS-MOBILE /Cannabis page/Oils - Bottled oils' is clicked on

2019-05-27 15:10:08 - [TEST_STEP][PASSED] - delay(1, CONTINUE_ON_FAILURE): Delayed 1 second(s)

2019-05-27 15:10:09 - [MESSAGE][PASSED] - Delayed 1 second(s)

2019-05-27 15:10:09 - [TEST_STEP][PASSED] - click(findTestObject("OCS-MOBILE /Age gate and burger menu/Burger menu - English"), CONTINUE_ON_FAILURE): Object: 'Object Repository/OCS-MOBILE /Age gate and burger menu/Burger menu - English' is clicked on

2019-05-27 15:10:09 - [MESSAGE][PASSED] - Object: 'Object Repository/OCS-MOBILE /Age gate and burger menu/Burger menu - English' is clicked on

2019-05-27 15:10:09 - [TEST_STEP][PASSED] - delay(2, CONTINUE_ON_FAILURE): Delayed 2 second(s)

2019-05-27 15:10:11 - [MESSAGE][PASSED] - Delayed 2 second(s)

2019-05-27 15:10:11 - [TEST_STEP][PASSED] - click(findTestObject("OCS-MOBILE /Cannabis page/Cannabis chevron")): Object: 'Object Repository/OCS-MOBILE /Cannabis page/Cannabis chevron' is clicked on

2019-05-27 15:10:11 - [MESSAGE][PASSED] - Object: 'Object Repository/OCS-MOBILE /Cannabis page/Cannabis chevron' is clicked on

2019-05-27 15:10:11 - [TEST_STEP][PASSED] - delay(1, CONTINUE_ON_FAILURE): Delayed 1 second(s)

2019-05-27 15:10:12 - [MESSAGE][PASSED] - Delayed 1 second(s)

2019-05-27 15:10:12 - [TEST_STEP][PASSED] - click(findTestObject("OCS-MOBILE /Cannabis page/Oils - plus accordian")): Object: 'Object Repository/OCS-MOBILE /Cannabis page/Oils - plus accordian' is clicked on

2019-05-27 15:10:12 - [MESSAGE][PASSED] - Object: 'Object Repository/OCS-MOBILE /Cannabis page/Oils - plus accordian' is clicked on

2019-05-27 15:10:12 - [TEST_STEP][PASSED] - delay(1, CONTINUE_ON_FAILURE): Delayed 1 second(s)

2019-05-27 15:10:13 - [MESSAGE][PASSED] - Delayed 1 second(s)

2019-05-27 15:10:13 - [TEST_STEP][PASSED] - click(findTestObject("OCS-MOBILE /Cannabis page/Oils - oral sprays")): Object: 'Object Repository/OCS-MOBILE /Cannabis page/Oils - oral sprays' is clicked on

2019-05-27 15:10:16 - [MESSAGE][PASSED] - Object: 'Object Repository/OCS-MOBILE /Cannabis page/Oils - oral sprays' is clicked on

2019-05-27 15:10:16 - [TEST_STEP][PASSED] - delay(1, CONTINUE_ON_FAILURE): Delayed 1 second(s)

2019-05-27 15:10:17 - [MESSAGE][PASSED] - Delayed 1 second(s)

2019-05-27 15:10:17 - [TEST_STEP][PASSED] - click(findTestObject("OCS-MOBILE /Age gate and burger menu/Burger menu - English"), CONTINUE_ON_FAILURE): Object: 'Object Repository/OCS-MOBILE /Age gate and burger menu/Burger menu - English' is clicked on

2019-05-27 15:10:17 - [MESSAGE][PASSED] - Object: 'Object Repository/OCS-MOBILE /Age gate and burger menu/Burger menu - English' is clicked on

2019-05-27 15:10:17 - [TEST_STEP][PASSED] - delay(2, CONTINUE_ON_FAILURE): Delayed 2 second(s)

2019-05-27 15:10:19 - [MESSAGE][PASSED] - Delayed 2 second(s)

2019-05-27 15:10:19 - [TEST_STEP][PASSED] - click(findTestObject("OCS-MOBILE /Cannabis page/Cannabis chevron")): Object: 'Object Repository/OCS-MOBILE /Cannabis page/Cannabis chevron' is clicked on

2019-05-27 15:10:19 - [MESSAGE][PASSED] - Object: 'Object Repository/OCS-MOBILE /Cannabis page/Cannabis chevron' is clicked on

2019-05-27 15:10:19 - [TEST_STEP][PASSED] - delay(1, CONTINUE_ON_FAILURE): Delayed 1 second(s)

2019-05-27 15:10:20 - [MESSAGE][PASSED] - Delayed 1 second(s)

2019-05-27 15:10:20 - [TEST_STEP][PASSED] - click(findTestObject("OCS-MOBILE /Cannabis page/Oils - plus accordian")): Object: 'Object Repository/OCS-MOBILE /Cannabis page/Oils - plus accordian' is clicked on

2019-05-27 15:10:21 - [MESSAGE][PASSED] - Object: 'Object Repository/OCS-MOBILE /Cannabis page/Oils - plus accordian' is clicked on

2019-05-27 15:10:21 - [TEST_STEP][PASSED] - delay(1, CONTINUE_ON_FAILURE): Delayed 1 second(s)

2019-05-27 15:10:22 - [MESSAGE][PASSED] - Delayed 1 second(s)

2019-05-27 15:10:22 - [TEST_STEP][PASSED] - click(findTestObject("OCS-MOBILE /Cannabis page/shop all oils")): Object: 'Object Repository/OCS-MOBILE /Cannabis page/shop all oils' is clicked on

2019-05-27 15:10:24 - [MESSAGE][PASSED] - Object: 'Object Repository/OCS-MOBILE /Cannabis page/shop all oils' is clicked on

2019-05-27 15:10:24 - [TEST_STEP][PASSED] - delay(1, CONTINUE_ON_FAILURE): Delayed 1 second(s)

2019-05-27 15:10:25 - [MESSAGE][PASSED] - Delayed 1 second(s)

2019-05-27 15:10:25 - [TEST_STEP][PASSED] - click(findTestObject("OCS-MOBILE /Age gate and burger menu/Burger menu - English"), CONTINUE_ON_FAILURE): Object: 'Object Repository/OCS-MOBILE /Age gate and burger menu/Burger menu - English' is clicked on

2019-05-27 15:10:25 - [MESSAGE][PASSED] - Object: 'Object Repository/OCS-MOBILE /Age gate and burger menu/Burger menu - English' is clicked on

2019-05-27 15:10:25 - [TEST_STEP][PASSED] - delay(2, CONTINUE_ON_FAILURE): Delayed 2 second(s)

2019-05-27 15:10:27 - [MESSAGE][PASSED] - Delayed 2 second(s)

2019-05-27 15:10:27 - [TEST_STEP][PASSED] - click(findTestObject("OCS-MOBILE /Cannabis page/Cannabis chevron")): Object: 'Object Repository/OCS-MOBILE /Cannabis page/Cannabis chevron' is clicked on

2019-05-27 15:10:27 - [MESSAGE][PASSED] - Object: 'Object Repository/OCS-MOBILE /Cannabis page/Cannabis chevron' is clicked on

2019-05-27 15:10:27 - [TEST_STEP][PASSED] - delay(1, CONTINUE_ON_FAILURE): Delayed 1 second(s)

2019-05-27 15:10:28 - [MESSAGE][PASSED] - Delayed 1 second(s)

2019-05-27 15:10:28 - [TEST_STEP][PASSED] - click(findTestObject("OCS-MOBILE /Cannabis page/Capsules chevron")): Object: 'Object Repository/OCS-MOBILE /Cannabis page/Capsules chevron' is clicked on

2019-05-27 15:10:30 - [MESSAGE][PASSED] - Object: 'Object Repository/OCS-MOBILE /Cannabis page/Capsules chevron' is clicked on

2019-05-27 15:10:30 - [TEST_STEP][PASSED] - delay(1, CONTINUE_ON_FAILURE): Delayed 1 second(s)

2019-05-27 15:10:32 - [MESSAGE][PASSED] - Delayed 1 second(s)

2019-05-27 15:10:32 - [TEST_STEP][PASSED] - click(findTestObject("OCS-MOBILE /Age gate and burger menu/Burger menu - English"), CONTINUE_ON_FAILURE): Object: 'Object Repository/OCS-MOBILE /Age gate and burger menu/Burger menu - English' is clicked on

2019-05-27 15:10:32 - [MESSAGE][PASSED] - Object: 'Object Repository/OCS-MOBILE /Age gate and burger menu/Burger menu - English' is clicked on

2019-05-27 15:10:32 - [TEST_STEP][PASSED] - delay(2, CONTINUE_ON_FAILURE): Delayed 2 second(s)

2019-05-27 15:10:34 - [MESSAGE][PASSED] - Delayed 2 second(s)

2019-05-27 15:10:34 - [TEST_STEP][PASSED] - click(findTestObject("OCS-MOBILE /Cannabis page/Cannabis chevron")): Object: 'Object Repository/OCS-MOBILE /Cannabis page/Cannabis chevron' is clicked on

2019-05-27 15:10:34 - [MESSAGE][PASSED] - Object: 'Object Repository/OCS-MOBILE /Cannabis page/Cannabis chevron' is clicked on

2019-05-27 15:10:34 - [TEST_STEP][PASSED] - delay(1, CONTINUE_ON_FAILURE): Delayed 1 second(s)

2019-05-27 15:10:35 - [MESSAGE][PASSED] - Delayed 1 second(s)

2019-05-27 15:10:35 - [TEST_STEP][PASSED] - click(findTestObject("OCS-MOBILE /Cannabis page/Shop by plant type - plus accordian")): Object: 'Object Repository/OCS-MOBILE /Cannabis page/Shop by plant type - plus accordian' is clicked on

2019-05-27 15:10:35 - [MESSAGE][PASSED] - Object: 'Object Repository/OCS-MOBILE /Cannabis page/Shop by plant type - plus accordian' is clicked on

2019-05-27 15:10:35 - [TEST_STEP][PASSED] - delay(1, CONTINUE_ON_FAILURE): Delayed 1 second(s)

2019-05-27 15:10:36 - [MESSAGE][PASSED] - Delayed 1 second(s)

2019-05-27 15:10:36 - [TEST_STEP][PASSED] - click(findTestObject("OCS-MOBILE /Cannabis page/Shop by plant type - subtract accordian")): Object: 'Object Repository/OCS-MOBILE /Cannabis page/Shop by plant type - subtract accordian' is clicked on

2019-05-27 15:10:37 - [MESSAGE][PASSED] - Object: 'Object Repository/OCS-MOBILE /Cannabis page/Shop by plant type - subtract accordian' is clicked on

2019-05-27 15:10:37 - [TEST_STEP][PASSED] - delay(1, CONTINUE_ON_FAILURE): Delayed 1 second(s)

2019-05-27 15:10:38 - [MESSAGE][PASSED] - Delayed 1 second(s)

2019-05-27 15:10:38 - [TEST_STEP][PASSED] - click(findTestObject("OCS-MOBILE /Cannabis page/Shop by plant type - plus accordian")): Object: 'Object Repository/OCS-MOBILE /Cannabis page/Shop by plant type - plus accordian' is clicked on

2019-05-27 15:10:38 - [MESSAGE][PASSED] - Object: 'Object Repository/OCS-MOBILE /Cannabis page/Shop by plant type - plus accordian' is clicked on

2019-05-27 15:10:38 - [TEST_STEP][PASSED] - delay(1, CONTINUE_ON_FAILURE): Delayed 1 second(s)

2019-05-27 15:10:39 - [MESSAGE][PASSED] - Delayed 1 second(s)

2019-05-27 15:10:39 - [TEST_STEP][PASSED] - click(findTestObject("OCS-MOBILE /Cannabis page/Shop by plant type - Indica dominant")): Object: 'Object Repository/OCS-MOBILE /Cannabis page/Shop by plant type - Indica dominant' is clicked on

2019-05-27 15:10:41 - [MESSAGE][PASSED] - Object: 'Object Repository/OCS-MOBILE /Cannabis page/Shop by plant type - Indica dominant' is clicked on

2019-05-27 15:10:41 - [TEST_STEP][PASSED] - delay(1, CONTINUE_ON_FAILURE): Delayed 1 second(s)

2019-05-27 15:10:42 - [MESSAGE][PASSED] - Delayed 1 second(s)

2019-05-27 15:10:42 - [TEST_STEP][PASSED] - click(findTestObject("OCS-MOBILE /Age gate and burger menu/Burger menu - English"), CONTINUE_ON_FAILURE): Object: 'Object Repository/OCS-MOBILE /Age gate and burger menu/Burger menu - English' is clicked on

2019-05-27 15:10:43 - [MESSAGE][PASSED] - Object: 'Object Repository/OCS-MOBILE /Age gate and burger menu/Burger menu - English' is clicked on

2019-05-27 15:10:43 - [TEST_STEP][PASSED] - delay(2, CONTINUE_ON_FAILURE): Delayed 2 second(s)

2019-05-27 15:10:45 - [MESSAGE][PASSED] - Delayed 2 second(s)

2019-05-27 15:10:45 - [TEST_STEP][PASSED] - click(findTestObject("OCS-MOBILE /Cannabis page/Cannabis chevron")): Object: 'Object Repository/OCS-MOBILE /Cannabis page/Cannabis chevron' is clicked on

2019-05-27 15:10:45 - [MESSAGE][PASSED] - Object: 'Object Repository/OCS-MOBILE /Cannabis page/Cannabis chevron' is clicked on

2019-05-27 15:10:45 - [TEST_STEP][PASSED] - delay(1, CONTINUE_ON_FAILURE): Delayed 1 second(s)

2019-05-27 15:10:46 - [MESSAGE][PASSED] - Delayed 1 second(s)

2019-05-27 15:10:46 - [TEST_STEP][PASSED] - click(findTestObject("OCS-MOBILE /Cannabis page/Shop by plant type - plus accordian")): Object: 'Object Repository/OCS-MOBILE /Cannabis page/Shop by plant type - plus accordian' is clicked on

2019-05-27 15:10:46 - [MESSAGE][PASSED] - Object: 'Object Repository/OCS-MOBILE /Cannabis page/Shop by plant type - plus accordian' is clicked on

2019-05-27 15:10:46 - [TEST_STEP][NOT_RUN] - click(findTestObject("OCS-MOBILE /Cannabis page/Shop by plant type - plus accordian")): NOT_RUN: click(findTestObject("OCS-MOBILE /Cannabis page/Shop by plant type - plus accordian"))

2019-05-27 15:10:46 - [MESSAGE][NOT_RUN] - NOT_RUN: click(findTestObject("OCS-MOBILE /Cannabis page/Shop by plant type - plus accordian"))

2019-05-27 15:10:46 - [TEST_STEP][PASSED] - delay(1, CONTINUE_ON_FAILURE): Delayed 1 second(s)

2019-05-27 15:10:47 - [MESSAGE][PASSED] - Delayed 1 second(s)

2019-05-27 15:10:47 - [TEST_STEP][PASSED] - click(findTestObject("OCS-MOBILE /Cannabis page/Shop by plant type - sativa dominant")): Object: 'Object Repository/OCS-MOBILE /Cannabis page/Shop by plant type - sativa dominant' is clicked on

2019-05-27 15:10:50 - [MESSAGE][PASSED] - Object: 'Object Repository/OCS-MOBILE /Cannabis page/Shop by plant type - sativa dominant' is clicked on

2019-05-27 15:10:50 - [TEST_STEP][PASSED] - delay(1, CONTINUE_ON_FAILURE): Delayed 1 second(s)

2019-05-27 15:10:51 - [MESSAGE][PASSED] - Delayed 1 second(s)

2019-05-27 15:10:51 - [TEST_STEP][PASSED] - click(findTestObject("OCS-MOBILE /Age gate and burger menu/Burger menu - English"), CONTINUE_ON_FAILURE): Object: 'Object Repository/OCS-MOBILE /Age gate and burger menu/Burger menu - English' is clicked on

2019-05-27 15:10:51 - [MESSAGE][PASSED] - Object: 'Object Repository/OCS-MOBILE /Age gate and burger menu/Burger menu - English' is clicked on

2019-05-27 15:10:51 - [TEST_STEP][PASSED] - delay(2, CONTINUE_ON_FAILURE): Delayed 2 second(s)

2019-05-27 15:10:53 - [MESSAGE][PASSED] - Delayed 2 second(s)

2019-05-27 15:10:53 - [TEST_STEP][PASSED] - click(findTestObject("OCS-MOBILE /Cannabis page/Cannabis chevron")): Object: 'Object Repository/OCS-MOBILE /Cannabis page/Cannabis chevron' is clicked on

2019-05-27 15:10:54 - [MESSAGE][PASSED] - Object: 'Object Repository/OCS-MOBILE /Cannabis page/Cannabis chevron' is clicked on

2019-05-27 15:10:54 - [TEST_STEP][PASSED] - delay(1, CONTINUE_ON_FAILURE): Delayed 1 second(s)

2019-05-27 15:10:55 - [MESSAGE][PASSED] - Delayed 1 second(s)

2019-05-27 15:10:55 - [TEST_STEP][PASSED] - click(findTestObject("OCS-MOBILE /Cannabis page/Shop by plant type - plus accordian")): Object: 'Object Repository/OCS-MOBILE /Cannabis page/Shop by plant type - plus accordian' is clicked on

2019-05-27 15:10:55 - [MESSAGE][PASSED] - Object: 'Object Repository/OCS-MOBILE /Cannabis page/Shop by plant type - plus accordian' is clicked on

2019-05-27 15:10:55 - [TEST_STEP][PASSED] - delay(1, CONTINUE_ON_FAILURE): Delayed 1 second(s)

2019-05-27 15:10:56 - [MESSAGE][PASSED] - Delayed 1 second(s)

2019-05-27 15:10:56 - [TEST_STEP][PASSED] - click(findTestObject("OCS-MOBILE /Cannabis page/Shop by plant type - Hybrid")): Object: 'Object Repository/OCS-MOBILE /Cannabis page/Shop by plant type - Hybrid' is clicked on

2019-05-27 15:10:58 - [MESSAGE][PASSED] - Object: 'Object Repository/OCS-MOBILE /Cannabis page/Shop by plant type - Hybrid' is clicked on

2019-05-27 15:10:58 - [TEST_STEP][PASSED] - delay(1, CONTINUE_ON_FAILURE): Delayed 1 second(s)

2019-05-27 15:10:59 - [MESSAGE][PASSED] - Delayed 1 second(s)

2019-05-27 15:10:59 - [TEST_STEP][PASSED] - click(findTestObject("OCS-MOBILE /Age gate and burger menu/Burger menu - English"), CONTINUE_ON_FAILURE): Object: 'Object Repository/OCS-MOBILE /Age gate and burger menu/Burger menu - English' is clicked on

2019-05-27 15:10:59 - [MESSAGE][PASSED] - Object: 'Object Repository/OCS-MOBILE /Age gate and burger menu/Burger menu - English' is clicked on

2019-05-27 15:10:59 - [TEST_STEP][PASSED] - delay(2, CONTINUE_ON_FAILURE): Delayed 2 second(s)

2019-05-27 15:11:01 - [MESSAGE][PASSED] - Delayed 2 second(s)

2019-05-27 15:11:01 - [TEST_STEP][PASSED] - click(findTestObject("OCS-MOBILE /Cannabis page/Cannabis chevron")): Object: 'Object Repository/OCS-MOBILE /Cannabis page/Cannabis chevron' is clicked on

2019-05-27 15:11:01 - [MESSAGE][PASSED] - Object: 'Object Repository/OCS-MOBILE /Cannabis page/Cannabis chevron' is clicked on

2019-05-27 15:11:01 - [TEST_STEP][PASSED] - delay(1, CONTINUE_ON_FAILURE): Delayed 1 second(s)

2019-05-27 15:11:02 - [MESSAGE][PASSED] - Delayed 1 second(s)

2019-05-27 15:11:02 - [TEST_STEP][PASSED] - click(findTestObject("OCS-MOBILE /Cannabis page/Collections - plus accordian")): Object: 'Object Repository/OCS-MOBILE /Cannabis page/Collections - plus accordian' is clicked on

2019-05-27 15:11:03 - [MESSAGE][PASSED] - Object: 'Object Repository/OCS-MOBILE /Cannabis page/Collections - plus accordian' is clicked on

2019-05-27 15:11:03 - [TEST_STEP][PASSED] - delay(1, CONTINUE_ON_FAILURE): Delayed 1 second(s)

2019-05-27 15:11:04 - [MESSAGE][PASSED] - Delayed 1 second(s)

2019-05-27 15:11:04 - [TEST_STEP][PASSED] - click(findTestObject("OCS-MOBILE /Cannabis page/Collections- subtract accordian")): Object: 'Object Repository/OCS-MOBILE /Cannabis page/Collections- subtract accordian' is clicked on

2019-05-27 15:11:04 - [MESSAGE][PASSED] - Object: 'Object Repository/OCS-MOBILE /Cannabis page/Collections- subtract accordian' is clicked on

2019-05-27 15:11:04 - [TEST_STEP][PASSED] - delay(1, CONTINUE_ON_FAILURE): Delayed 1 second(s)

2019-05-27 15:11:05 - [MESSAGE][PASSED] - Delayed 1 second(s)

2019-05-27 15:11:05 - [TEST_STEP][PASSED] - click(findTestObject("OCS-MOBILE /Cannabis page/Collections - plus accordian")): Object: 'Object Repository/OCS-MOBILE /Cannabis page/Collections - plus accordian' is clicked on

2019-05-27 15:11:05 - [MESSAGE][PASSED] - Object: 'Object Repository/OCS-MOBILE /Cannabis page/Collections - plus accordian' is clicked on

2019-05-27 15:11:05 - [TEST_STEP][PASSED] - delay(1, CONTINUE_ON_FAILURE): Delayed 1 second(s)

2019-05-27 15:11:06 - [MESSAGE][PASSED] - Delayed 1 second(s)

2019-05-27 15:11:06 - [TEST_STEP][PASSED] - click(findTestObject("OCS-MOBILE /Cannabis page/Collections- New products")): Object: 'Object Repository/OCS-MOBILE /Cannabis page/Collections- New products' is clicked on

2019-05-27 15:11:08 - [MESSAGE][PASSED] - Object: 'Object Repository/OCS-MOBILE /Cannabis page/Collections- New products' is clicked on

2019-05-27 15:11:08 - [TEST_STEP][PASSED] - delay(1, CONTINUE_ON_FAILURE): Delayed 1 second(s)

2019-05-27 15:11:09 - [MESSAGE][PASSED] - Delayed 1 second(s)

2019-05-27 15:11:09 - [TEST_STEP][PASSED] - click(findTestObject("OCS-MOBILE /Age gate and burger menu/Burger menu - English"), CONTINUE_ON_FAILURE): Object: 'Object Repository/OCS-MOBILE /Age gate and burger menu/Burger menu - English' is clicked on

2019-05-27 15:11:10 - [MESSAGE][PASSED] - Object: 'Object Repository/OCS-MOBILE /Age gate and burger menu/Burger menu - English' is clicked on

2019-05-27 15:11:10 - [TEST_STEP][PASSED] - delay(2, CONTINUE_ON_FAILURE): Delayed 2 second(s)

2019-05-27 15:11:12 - [MESSAGE][PASSED] - Delayed 2 second(s)

2019-05-27 15:11:12 - [TEST_STEP][PASSED] - click(findTestObject("OCS-MOBILE /Cannabis page/Cannabis chevron")): Object: 'Object Repository/OCS-MOBILE /Cannabis page/Cannabis chevron' is clicked on

2019-05-27 15:11:12 - [MESSAGE][PASSED] - Object: 'Object Repository/OCS-MOBILE /Cannabis page/Cannabis chevron' is clicked on

2019-05-27 15:11:12 - [TEST_STEP][PASSED] - delay(1, CONTINUE_ON_FAILURE): Delayed 1 second(s)

2019-05-27 15:11:13 - [MESSAGE][PASSED] - Delayed 1 second(s)

2019-05-27 15:11:13 - [TEST_STEP][PASSED] - click(findTestObject("OCS-MOBILE /Cannabis page/Collections - plus accordian")): Object: 'Object Repository/OCS-MOBILE /Cannabis page/Collections - plus accordian' is clicked on

2019-05-27 15:11:13 - [MESSAGE][PASSED] - Object: 'Object Repository/OCS-MOBILE /Cannabis page/Collections - plus accordian' is clicked on

2019-05-27 15:11:13 - [TEST_STEP][PASSED] - delay(1, CONTINUE_ON_FAILURE): Delayed 1 second(s)

2019-05-27 15:11:14 - [MESSAGE][PASSED] - Delayed 1 second(s)

2019-05-27 15:11:14 - [TEST_STEP][PASSED] - click(findTestObject("OCS-MOBILE /Cannabis page/Collections- Shop by brand")): Object: 'Object Repository/OCS-MOBILE /Cannabis page/Collections- Shop by brand' is clicked on

2019-05-27 15:11:19 - [MESSAGE][PASSED] - Object: 'Object Repository/OCS-MOBILE /Cannabis page/Collections- Shop by brand' is clicked on

2019-05-27 15:11:19 - [TEST_STEP][PASSED] - delay(1, CONTINUE_ON_FAILURE): Delayed 1 second(s)

2019-05-27 15:11:20 - [MESSAGE][PASSED] - Delayed 1 second(s)

2019-05-27 15:11:20 - [TEST_STEP][PASSED] - click(findTestObject("OCS-MOBILE /Age gate and burger menu/Burger menu - English"), CONTINUE_ON_FAILURE): Object: 'Object Repository/OCS-MOBILE /Age gate and burger menu/Burger menu - English' is clicked on

2019-05-27 15:11:20 - [MESSAGE][PASSED] - Object: 'Object Repository/OCS-MOBILE /Age gate and burger menu/Burger menu - English' is clicked on

2019-05-27 15:11:20 - [TEST_STEP][PASSED] - delay(2, CONTINUE_ON_FAILURE): Delayed 2 second(s)

2019-05-27 15:11:22 - [MESSAGE][PASSED] - Delayed 2 second(s)

2019-05-27 15:11:22 - [TEST_STEP][PASSED] - click(findTestObject("OCS-MOBILE /Cannabis page/Cannabis chevron")): Object: 'Object Repository/OCS-MOBILE /Cannabis page/Cannabis chevron' is clicked on

2019-05-27 15:11:23 - [MESSAGE][PASSED] - Object: 'Object Repository/OCS-MOBILE /Cannabis page/Cannabis chevron' is clicked on

2019-05-27 15:11:23 - [TEST_STEP][PASSED] - delay(1, CONTINUE_ON_FAILURE): Delayed 1 second(s)

2019-05-27 15:11:24 - [MESSAGE][PASSED] - Delayed 1 second(s)

2019-05-27 15:11:24 - [TEST_STEP][PASSED] - click(findTestObject("OCS-MOBILE /Cannabis page/Collections - plus accordian")): Object: 'Object Repository/OCS-MOBILE /Cannabis page/Collections - plus accordian' is clicked on

2019-05-27 15:11:24 - [MESSAGE][PASSED] - Object: 'Object Repository/OCS-MOBILE /Cannabis page/Collections - plus accordian' is clicked on

2019-05-27 15:11:24 - [TEST_STEP][PASSED] - delay(1, CONTINUE_ON_FAILURE): Delayed 1 second(s)

2019-05-27 15:11:25 - [MESSAGE][PASSED] - Delayed 1 second(s)

2019-05-27 15:11:25 - [TEST_STEP][PASSED] - click(findTestObject("OCS-MOBILE /Cannabis page/Collections - CBD Dominant")): Object: 'Object Repository/OCS-MOBILE /Cannabis page/Collections - CBD Dominant' is clicked on

2019-05-27 15:11:27 - [MESSAGE][PASSED] - Object: 'Object Repository/OCS-MOBILE /Cannabis page/Collections - CBD Dominant' is clicked on

2019-05-27 15:11:27 - [TEST_STEP][PASSED] - delay(1, CONTINUE_ON_FAILURE): Delayed 1 second(s)

2019-05-27 15:11:28 - [MESSAGE][PASSED] - Delayed 1 second(s)

2019-05-27 15:11:28 - [TEST_STEP][PASSED] - click(findTestObject("OCS-MOBILE /Age gate and burger menu/Burger menu - English"), CONTINUE_ON_FAILURE): Object: 'Object Repository/OCS-MOBILE /Age gate and burger menu/Burger menu - English' is clicked on

2019-05-27 15:11:29 - [MESSAGE][PASSED] - Object: 'Object Repository/OCS-MOBILE /Age gate and burger menu/Burger menu - English' is clicked on

2019-05-27 15:11:29 - [TEST_STEP][PASSED] - delay(2, CONTINUE_ON_FAILURE): Delayed 2 second(s)

2019-05-27 15:11:31 - [MESSAGE][PASSED] - Delayed 2 second(s)

2019-05-27 15:11:31 - [TEST_STEP][PASSED] - click(findTestObject("OCS-MOBILE /Cannabis page/Cannabis chevron")): Object: 'Object Repository/OCS-MOBILE /Cannabis page/Cannabis chevron' is clicked on

2019-05-27 15:11:31 - [MESSAGE][PASSED] - Object: 'Object Repository/OCS-MOBILE /Cannabis page/Cannabis chevron' is clicked on

2019-05-27 15:11:31 - [TEST_STEP][PASSED] - delay(1, CONTINUE_ON_FAILURE): Delayed 1 second(s)

2019-05-27 15:11:32 - [MESSAGE][PASSED] - Delayed 1 second(s)

2019-05-27 15:11:32 - [TEST_STEP][PASSED] - click(findTestObject("OCS-MOBILE /Cannabis page/Collections - plus accordian")): Object: 'Object Repository/OCS-MOBILE /Cannabis page/Collections - plus accordian' is clicked on

2019-05-27 15:11:32 - [MESSAGE][PASSED] - Object: 'Object Repository/OCS-MOBILE /Cannabis page/Collections - plus accordian' is clicked on

2019-05-27 15:11:32 - [TEST_STEP][PASSED] - delay(1, CONTINUE_ON_FAILURE): Delayed 1 second(s)

2019-05-27 15:11:33 - [MESSAGE][PASSED] - Delayed 1 second(s)

2019-05-27 15:11:33 - [TEST_STEP][PASSED] - click(findTestObject("OCS-MOBILE /Cannabis page/Collections - seeds")): Object: 'Object Repository/OCS-MOBILE /Cannabis page/Collections - seeds' is clicked on

2019-05-27 15:11:35 - [MESSAGE][PASSED] - Object: 'Object Repository/OCS-MOBILE /Cannabis page/Collections - seeds' is clicked on

2019-05-27 15:11:35 - [TEST_STEP][PASSED] - delay(1, CONTINUE_ON_FAILURE): Delayed 1 second(s)

2019-05-27 15:11:36 - [MESSAGE][PASSED] - Delayed 1 second(s)

2019-05-27 15:11:36 - [TEST_STEP][PASSED] - click(findTestObject("OCS-MOBILE /Age gate and burger menu/Burger menu - English"), CONTINUE_ON_FAILURE): Object: 'Object Repository/OCS-MOBILE /Age gate and burger menu/Burger menu - English' is clicked on

2019-05-27 15:11:36 - [MESSAGE][PASSED] - Object: 'Object Repository/OCS-MOBILE /Age gate and burger menu/Burger menu - English' is clicked on

2019-05-27 15:11:36 - [TEST_STEP][PASSED] - delay(2, CONTINUE_ON_FAILURE): Delayed 2 second(s)

2019-05-27 15:11:38 - [MESSAGE][PASSED] - Delayed 2 second(s)

2019-05-27 15:11:38 - [TEST_STEP][PASSED] - click(findTestObject("OCS-MOBILE /Cannabis page/Cannabis chevron")): Object: 'Object Repository/OCS-MOBILE /Cannabis page/Cannabis chevron' is clicked on

2019-05-27 15:11:38 - [MESSAGE][PASSED] - Object: 'Object Repository/OCS-MOBILE /Cannabis page/Cannabis chevron' is clicked on

2019-05-27 15:11:38 - [TEST_STEP][PASSED] - delay(1, CONTINUE_ON_FAILURE): Delayed 1 second(s)

2019-05-27 15:11:39 - [MESSAGE][PASSED] - Delayed 1 second(s)

2019-05-27 15:11:39 - [TEST_STEP][PASSED] - click(findTestObject("OCS-MOBILE /Cannabis page/Shop all cannabis")): Object: 'Object Repository/OCS-MOBILE /Cannabis page/Shop all cannabis' is clicked on

2019-05-27 15:11:41 - [MESSAGE][PASSED] - Object: 'Object Repository/OCS-MOBILE /Cannabis page/Shop all cannabis' is clicked on

2019-05-27 15:11:41 - [TEST_STEP][PASSED] - delay(1, CONTINUE_ON_FAILURE): Delayed 1 second(s)

2019-05-27 15:11:42 - [MESSAGE][PASSED] - Delayed 1 second(s)

2019-05-27 15:11:42 - [TEST_STEP][PASSED] - click(findTestObject("OCS-MOBILE /Age gate and burger menu/Burger menu - English"), CONTINUE_ON_FAILURE): Object: 'Object Repository/OCS-MOBILE /Age gate and burger menu/Burger menu - English' is clicked on

2019-05-27 15:11:43 - [MESSAGE][PASSED] - Object: 'Object Repository/OCS-MOBILE /Age gate and burger menu/Burger menu - English' is clicked on

2019-05-27 15:11:43 - [TEST_STEP][PASSED] - delay(2, CONTINUE_ON_FAILURE): Delayed 2 second(s)

2019-05-27 15:11:45 - [MESSAGE][PASSED] - Delayed 2 second(s)

2019-05-27 15:11:45 - [TEST_STEP][PASSED] - click(findTestObject("OCS-MOBILE /Cannabis page/Cannabis chevron")): Object: 'Object Repository/OCS-MOBILE /Cannabis page/Cannabis chevron' is clicked on

2019-05-27 15:11:45 - [MESSAGE][PASSED] - Object: 'Object Repository/OCS-MOBILE /Cannabis page/Cannabis chevron' is clicked on

2019-05-27 15:11:45 - [TEST_STEP][PASSED] - delay(1, CONTINUE_ON_FAILURE): Delayed 1 second(s)

2019-05-27 15:11:46 - [MESSAGE][PASSED] - Delayed 1 second(s)

2019-05-27 15:11:46 - [TEST_STEP][PASSED] - click(findTestObject("OCS-MOBILE /Cannabis page/Shop all brands")): Object: 'Object Repository/OCS-MOBILE /Cannabis page/Shop all brands' is clicked on

2019-05-27 15:11:52 - [MESSAGE][PASSED] - Object: 'Object Repository/OCS-MOBILE /Cannabis page/Shop all brands' is clicked on

2019-05-27 15:11:52 - [TEST_STEP][PASSED] - delay(1, CONTINUE_ON_FAILURE): Delayed 1 second(s)

2019-05-27 15:11:53 - [MESSAGE][PASSED] - Delayed 1 second(s)

2019-05-27 15:11:53 - [TEST_STEP][PASSED] - click(findTestObject("OCS-MOBILE /Age gate and burger menu/Burger menu - English"), CONTINUE_ON_FAILURE): Object: 'Object Repository/OCS-MOBILE /Age gate and burger menu/Burger menu - English' is clicked on

2019-05-27 15:11:53 - [MESSAGE][PASSED] - Object: 'Object Repository/OCS-MOBILE /Age gate and burger menu/Burger menu - English' is clicked on

2019-05-27 15:11:53 - [TEST_STEP][PASSED] - delay(2, CONTINUE_ON_FAILURE): Delayed 2 second(s)

2019-05-27 15:11:55 - [MESSAGE][PASSED] - Delayed 2 second(s)

2019-05-27 15:11:55 - [TEST_STEP][PASSED] - click(findTestObject("OCS-MOBILE /Cannabis page/Cannabis chevron")): Object: 'Object Repository/OCS-MOBILE /Cannabis page/Cannabis chevron' is clicked on

2019-05-27 15:11:55 - [MESSAGE][PASSED] - Object: 'Object Repository/OCS-MOBILE /Cannabis page/Cannabis chevron' is clicked on

2019-05-27 15:11:55 - [TEST_STEP][PASSED] - delay(1, CONTINUE_ON_FAILURE): Delayed 1 second(s)

2019-05-27 15:11:56 - [MESSAGE][PASSED] - Delayed 1 second(s)

2019-05-27 15:11:56 - [TEST_STEP][PASSED] - click(findTestObject("OCS-MOBILE /Cannabis page/CBD - Dominant products")): Object: 'Object Repository/OCS-MOBILE /Cannabis page/CBD - Dominant products' is clicked on

2019-05-27 15:11:59 - [MESSAGE][PASSED] - Object: 'Object Repository/OCS-MOBILE /Cannabis page/CBD - Dominant products' is clicked on

2019-05-27 15:11:59 - [TEST_STEP][PASSED] - delay(1, CONTINUE_ON_FAILURE): Delayed 1 second(s)

2019-05-27 15:12:00 - [MESSAGE][PASSED] - Delayed 1 second(s)

2019-05-27 15:12:00 - [TEST_STEP][PASSED] - click(findTestObject("OCS-MOBILE /Age gate and burger menu/Burger menu - English"), CONTINUE_ON_FAILURE): Object: 'Object Repository/OCS-MOBILE /Age gate and burger menu/Burger menu - English' is clicked on

2019-05-27 15:12:00 - [MESSAGE][PASSED] - Object: 'Object Repository/OCS-MOBILE /Age gate and burger menu/Burger menu - English' is clicked on

2019-05-27 15:12:00 - [TEST_STEP][PASSED] - delay(2, CONTINUE_ON_FAILURE): Delayed 2 second(s)

2019-05-27 15:12:02 - [MESSAGE][PASSED] - Delayed 2 second(s)

2019-05-27 15:12:02 - [TEST_STEP][PASSED] - click(findTestObject("OCS-MOBILE /Cannabis page/Cannabis chevron")): Object: 'Object Repository/OCS-MOBILE /Cannabis page/Cannabis chevron' is clicked on

2019-05-27 15:12:02 - [MESSAGE][PASSED] - Object: 'Object Repository/OCS-MOBILE /Cannabis page/Cannabis chevron' is clicked on

2019-05-27 15:12:02 - [TEST_STEP][PASSED] - delay(1, CONTINUE_ON_FAILURE): Delayed 1 second(s)

2019-05-27 15:12:03 - [MESSAGE][PASSED] - Delayed 1 second(s)

2019-05-27 15:12:03 - [TEST_STEP][PASSED] - setViewPortSize(1000, 800, OPTIONAL): Viewport is set to new size with width = 1000 and height = 800

2019-05-27 15:12:03 - [MESSAGE][PASSED] - Viewport is set to new size with width = 1000 and height = 800

2019-05-27 15:12:03 - [TEST_STEP][PASSED] - delay(2, OPTIONAL): Delayed 2 second(s)

2019-05-27 15:12:05 - [MESSAGE][PASSED] - Delayed 2 second(s)

2019-05-27 15:12:05 - [TEST_STEP][PASSED] - click(findTestObject("Theme_oR/Page_Ontario Cannabis Store  Ontari/button_Hide bar"), OPTIONAL): Unable to click on object (Root cause: java.lang.IllegalArgumentException: Object is null)

2019-05-27 15:12:05 - [MESSAGE][WARNING] - Test object with id 'Object Repository/Theme_oR/Page_Ontario Cannabis Store  Ontari/button_Hide bar' does not exist

2019-05-27 15:12:05 - [MESSAGE][WARNING] - Test object with id 'Object Repository/' does not exist

2019-05-27 15:12:05 - [MESSAGE][WARNING] - Unable to click on object (Root cause: java.lang.IllegalArgumentException: Object is null)
[[ATTACHMENT|/Users/sumankompelly/Katalon Studio/OCS ( QA- 1.9.1 ) /Reports/QA ( 1.9.1)/HP, PROD , AG/20190527_150258/1558984325799.png]]

2019-05-27 15:12:05 - [TEST_STEP][PASSED] - delay(2, OPTIONAL): Delayed 2 second(s)

2019-05-27 15:12:07 - [MESSAGE][PASSED] - Delayed 2 second(s)

2019-05-27 15:12:07 - [TEST_STEP][PASSED] - setViewPortSize(360, 800, OPTIONAL): Viewport is set to new size with width = 360 and height = 800

2019-05-27 15:12:08 - [MESSAGE][PASSED] - Viewport is set to new size with width = 360 and height = 800

2019-05-27 15:12:08 - [TEST_STEP][PASSED] - executeJavaScript("var previewBar = document.getElementById("preview-bar-iframe"); previewBar.style.display = "none";", []): Execute JavaScript 'var previewBar = document.getElementById("preview-bar-iframe"); previewBar.style.display = "none";' successfully

2019-05-27 15:12:08 - [MESSAGE][PASSED] - Execute JavaScript 'var previewBar = document.getElementById("preview-bar-iframe"); previewBar.style.display = "none";' successfully

2019-05-27 15:12:08 - [TEST_STEP][PASSED] - delay(1, OPTIONAL): Delayed 1 second(s)

2019-05-27 15:12:09 - [MESSAGE][PASSED] - Delayed 1 second(s)

2019-05-27 15:12:09 - [TEST_STEP][PASSED] - click(findTestObject("OCS-MOBILE /Cannabis page/Shop all cannabis Button")): Object: 'Object Repository/OCS-MOBILE /Cannabis page/Shop all cannabis Button' is clicked on

2019-05-27 15:12:11 - [MESSAGE][PASSED] - Object: 'Object Repository/OCS-MOBILE /Cannabis page/Shop all cannabis Button' is clicked on

2019-05-27 15:12:11 - [TEST_STEP][PASSED] - delay(1, CONTINUE_ON_FAILURE): Delayed 1 second(s)

2019-05-27 15:12:12 - [MESSAGE][PASSED] - Delayed 1 second(s)

2019-05-27 15:12:12 - [TEST_STEP][PASSED] - click(findTestObject("OCS-MOBILE /Age gate and burger menu/Burger menu - English"), CONTINUE_ON_FAILURE): Object: 'Object Repository/OCS-MOBILE /Age gate and burger menu/Burger menu - English' is clicked on

2019-05-27 15:12:12 - [MESSAGE][PASSED] - Object: 'Object Repository/OCS-MOBILE /Age gate and burger menu/Burger menu - English' is clicked on

2019-05-27 15:12:12 - [TEST_STEP][PASSED] - delay(2, CONTINUE_ON_FAILURE): Delayed 2 second(s)

2019-05-27 15:12:14 - [MESSAGE][PASSED] - Delayed 2 second(s)

2019-05-27 15:12:14 - [TEST_STEP][PASSED] - click(findTestObject("OCS-MOBILE /Cannabis page/Cannabis chevron")): Object: 'Object Repository/OCS-MOBILE /Cannabis page/Cannabis chevron' is clicked on

2019-05-27 15:12:15 - [MESSAGE][PASSED] - Object: 'Object Repository/OCS-MOBILE /Cannabis page/Cannabis chevron' is clicked on

2019-05-27 15:12:15 - [TEST_STEP][PASSED] - executeJavaScript("var previewBar = document.getElementById("preview-bar-iframe"); previewBar.style.display = "none";", []): Execute JavaScript 'var previewBar = document.getElementById("preview-bar-iframe"); previewBar.style.display = "none";' successfully

2019-05-27 15:12:15 - [MESSAGE][PASSED] - Execute JavaScript 'var previewBar = document.getElementById("preview-bar-iframe"); previewBar.style.display = "none";' successfully

2019-05-27 15:12:15 - [TEST_STEP][PASSED] - delay(1, CONTINUE_ON_FAILURE): Delayed 1 second(s)

2019-05-27 15:12:16 - [MESSAGE][PASSED] - Delayed 1 second(s)

2019-05-27 15:12:16 - [TEST_STEP][PASSED] - click(findTestObject("OCS-MOBILE /Cannabis page/Shop all brands button")): Object: 'Object Repository/OCS-MOBILE /Cannabis page/Shop all brands button' is clicked on

2019-05-27 15:12:22 - [MESSAGE][PASSED] - Object: 'Object Repository/OCS-MOBILE /Cannabis page/Shop all brands button' is clicked on]]></system-out>
         <system-err><![CDATA[]]></system-err>
      </testcase>
      <testcase name="Test Cases/OCS - MOBILE/OCS- HOME PAGE/HP-Burger menu-Accessories" classname="Test Cases/OCS - MOBILE/OCS- HOME PAGE/HP-Burger menu-Accessories" status="FAILED">
         <failure type="FAILED" message="Test Cases/OCS - MOBILE/OCS- HOME PAGE/HP-Burger menu-Accessories FAILED.
Reason:
com.kms.katalon.core.exception.StepFailedException: Unable to click on object 'Object Repository/OCS-MOBILE /Accessories page/Papers -filters' (Root cause: org.openqa.selenium.ElementNotInteractableException: Element &lt;i class=&quot;icon icon--forward menu__tier-three__link--icon&quot;> could not be scrolled into view
Build info: version: '3.7.1', revision: '8a0099a', time: '2017-11-06T21:07:36.161Z'
System info: host: 'sumans-MacBook-Pro.local', ip: 'fe80:0:0:0:1c60:f35:3790:b4fa%en0', os.name: 'Mac OS X', os.arch: 'x86_64', os.version: '10.13.6', java.version: '1.8.0_181'
Driver info: com.kms.katalon.core.webui.driver.firefox.CGeckoDriver
Capabilities {acceptInsecureCerts: true, browserName: firefox, browserVersion: 67.0, javascriptEnabled: true, moz:accessibilityChecks: false, moz:buildID: 20190516215225, moz:geckodriverVersion: 0.23.0, moz:headless: false, moz:processID: 1382, moz:profile: /var/folders/1t/c55l8xzs6gq..., moz:shutdownTimeout: 60000, moz:useNonSpecCompliantPointerOrigin: false, moz:webdriverClick: true, pageLoadStrategy: normal, platform: MAC, platformName: MAC, platformVersion: 17.7.0, proxy: Proxy(direct), rotatable: false, setWindowRect: true, strictFileInteractability: false, timeouts: {implicit: 0, pageLoad: 300000, script: 30000}, unhandledPromptBehavior: dismiss and notify}
Session ID: 607097ba-98af-6a44-9b60-1ad9890b7540)
	at com.kms.katalon.core.keyword.internal.KeywordMain.stepFailed(KeywordMain.groovy:32)
	at com.kms.katalon.core.webui.keyword.internal.WebUIKeywordMain.stepFailed(WebUIKeywordMain.groovy:65)
	at com.kms.katalon.core.webui.keyword.internal.WebUIKeywordMain.runKeyword(WebUIKeywordMain.groovy:27)
	at com.kms.katalon.core.webui.keyword.builtin.ClickKeyword.click(ClickKeyword.groovy:86)
	at com.kms.katalon.core.webui.keyword.builtin.ClickKeyword.execute(ClickKeyword.groovy:67)
	at com.kms.katalon.core.keyword.internal.KeywordExecutor.executeKeywordForPlatform(KeywordExecutor.groovy:53)
	at com.kms.katalon.core.webui.keyword.WebUiBuiltInKeywords.click(WebUiBuiltInKeywords.groovy:604)
	at com.kms.katalon.core.webui.keyword.WebUiBuiltInKeywords$click$4.call(Unknown Source)
	at HP-Burger menu-Accessories.run(HP-Burger menu-Accessories:113)
	at com.kms.katalon.core.main.ScriptEngine.run(ScriptEngine.java:194)
	at com.kms.katalon.core.main.ScriptEngine.runScriptAsRawText(ScriptEngine.java:119)
	at com.kms.katalon.core.main.TestCaseExecutor.runScript(TestCaseExecutor.java:328)
	at com.kms.katalon.core.main.TestCaseExecutor.doExecute(TestCaseExecutor.java:319)
	at com.kms.katalon.core.main.TestCaseExecutor.processExecutionPhase(TestCaseExecutor.java:298)
	at com.kms.katalon.core.main.TestCaseExecutor.accessMainPhase(TestCaseExecutor.java:290)
	at com.kms.katalon.core.main.TestCaseExecutor.execute(TestCaseExecutor.java:224)
	at com.kms.katalon.core.main.TestSuiteExecutor.accessTestCaseMainPhase(TestSuiteExecutor.java:129)
	at com.kms.katalon.core.main.TestSuiteExecutor.accessTestSuiteMainPhase(TestSuiteExecutor.java:112)
	at com.kms.katalon.core.main.TestSuiteExecutor.execute(TestSuiteExecutor.java:81)
	at com.kms.katalon.core.main.TestCaseMain.startTestSuite(TestCaseMain.java:149)
	at com.kms.katalon.core.main.TestCaseMain$startTestSuite$0.call(Unknown Source)
	at TempTestSuite1558983778167.run(TempTestSuite1558983778167.groovy:36)
"/>
         <system-out><![CDATA[2019-05-27 15:12:22 - [TEST_CASE][FAILED] - Test Cases/OCS - MOBILE/OCS- HOME PAGE/HP-Burger menu-Accessories: Test Cases/OCS - MOBILE/OCS- HOME PAGE/HP-Burger menu-Accessories FAILED.
Reason:
com.kms.katalon.core.exception.StepFailedException: Unable to click on object 'Object Repository/OCS-MOBILE /Accessories page/Papers -filters' (Root cause: org.openqa.selenium.ElementNotInteractableException: Element <i class="icon icon--forward menu__tier-three__link--icon"> could not be scrolled into view
Build info: version: '3.7.1', revision: '8a0099a', time: '2017-11-06T21:07:36.161Z'
System info: host: 'sumans-MacBook-Pro.local', ip: 'fe80:0:0:0:1c60:f35:3790:b4fa%en0', os.name: 'Mac OS X', os.arch: 'x86_64', os.version: '10.13.6', java.version: '1.8.0_181'
Driver info: com.kms.katalon.core.webui.driver.firefox.CGeckoDriver
Capabilities {acceptInsecureCerts: true, browserName: firefox, browserVersion: 67.0, javascriptEnabled: true, moz:accessibilityChecks: false, moz:buildID: 20190516215225, moz:geckodriverVersion: 0.23.0, moz:headless: false, moz:processID: 1382, moz:profile: /var/folders/1t/c55l8xzs6gq..., moz:shutdownTimeout: 60000, moz:useNonSpecCompliantPointerOrigin: false, moz:webdriverClick: true, pageLoadStrategy: normal, platform: MAC, platformName: MAC, platformVersion: 17.7.0, proxy: Proxy(direct), rotatable: false, setWindowRect: true, strictFileInteractability: false, timeouts: {implicit: 0, pageLoad: 300000, script: 30000}, unhandledPromptBehavior: dismiss and notify}
Session ID: 607097ba-98af-6a44-9b60-1ad9890b7540)
	at com.kms.katalon.core.keyword.internal.KeywordMain.stepFailed(KeywordMain.groovy:32)
	at com.kms.katalon.core.webui.keyword.internal.WebUIKeywordMain.stepFailed(WebUIKeywordMain.groovy:65)
	at com.kms.katalon.core.webui.keyword.internal.WebUIKeywordMain.runKeyword(WebUIKeywordMain.groovy:27)
	at com.kms.katalon.core.webui.keyword.builtin.ClickKeyword.click(ClickKeyword.groovy:86)
	at com.kms.katalon.core.webui.keyword.builtin.ClickKeyword.execute(ClickKeyword.groovy:67)
	at com.kms.katalon.core.keyword.internal.KeywordExecutor.executeKeywordForPlatform(KeywordExecutor.groovy:53)
	at com.kms.katalon.core.webui.keyword.WebUiBuiltInKeywords.click(WebUiBuiltInKeywords.groovy:604)
	at com.kms.katalon.core.webui.keyword.WebUiBuiltInKeywords$click$4.call(Unknown Source)
	at HP-Burger menu-Accessories.run(HP-Burger menu-Accessories:113)
	at com.kms.katalon.core.main.ScriptEngine.run(ScriptEngine.java:194)
	at com.kms.katalon.core.main.ScriptEngine.runScriptAsRawText(ScriptEngine.java:119)
	at com.kms.katalon.core.main.TestCaseExecutor.runScript(TestCaseExecutor.java:328)
	at com.kms.katalon.core.main.TestCaseExecutor.doExecute(TestCaseExecutor.java:319)
	at com.kms.katalon.core.main.TestCaseExecutor.processExecutionPhase(TestCaseExecutor.java:298)
	at com.kms.katalon.core.main.TestCaseExecutor.accessMainPhase(TestCaseExecutor.java:290)
	at com.kms.katalon.core.main.TestCaseExecutor.execute(TestCaseExecutor.java:224)
	at com.kms.katalon.core.main.TestSuiteExecutor.accessTestCaseMainPhase(TestSuiteExecutor.java:129)
	at com.kms.katalon.core.main.TestSuiteExecutor.accessTestSuiteMainPhase(TestSuiteExecutor.java:112)
	at com.kms.katalon.core.main.TestSuiteExecutor.execute(TestSuiteExecutor.java:81)
	at com.kms.katalon.core.main.TestCaseMain.startTestSuite(TestCaseMain.java:149)
	at com.kms.katalon.core.main.TestCaseMain$startTestSuite$0.call(Unknown Source)
	at TempTestSuite1558983778167.run(TempTestSuite1558983778167.groovy:36)


2019-05-27 15:12:23 - [TEST_STEP][PASSED] - callTestCase(findTestCase("OCS - MOBILE/CALL - AGE GATE"), [:], STOP_ON_FAILURE): Call Test Case 'Test Cases/OCS - MOBILE/CALL - AGE GATE' successfully

2019-05-27 15:12:23 - [TEST_CASE][PASSED] - Test Cases/OCS - MOBILE/CALL - AGE GATE: Test Cases/OCS - MOBILE/CALL - AGE GATE

2019-05-27 15:12:23 - [TEST_STEP][PASSED] - openBrowser(""): Browser is opened with url: ''

2019-05-27 15:12:23 - [MESSAGE][WARNING] - A browser is already opened. Closing browser and opening a new one

2019-05-27 15:12:23 - [MESSAGE][INFO] - Starting 'Firefox' driver

2019-05-27 15:12:25 - [MESSAGE][PASSED] - Browser is opened with url: ''

2019-05-27 15:12:25 - [TEST_STEP][PASSED] - navigateToUrl("https://ocs.ca/?fts=0&preview_theme_id=53376026444"): Navigate to 'https://ocs.ca/?fts=0&preview_theme_id=53376026444' successfully

2019-05-27 15:12:33 - [MESSAGE][PASSED] - Navigate to 'https://ocs.ca/?fts=0&preview_theme_id=53376026444' successfully

2019-05-27 15:12:33 - [TEST_STEP][NOT_RUN] - executeJavaScript("var previewBar = document.getElementById("preview-bar-iframe"); previewBar.style.display = "none";", []): NOT_RUN: executeJavaScript("var previewBar = document.getElementById("preview-bar-iframe"); previewBar.style.display = "none";", [])

2019-05-27 15:12:33 - [MESSAGE][NOT_RUN] - NOT_RUN: executeJavaScript("var previewBar = document.getElementById("preview-bar-iframe"); previewBar.style.display = "none";", [])

2019-05-27 15:12:33 - [TEST_STEP][PASSED] - setViewPortSize(360, 800): Viewport is set to new size with width = 360 and height = 800

2019-05-27 15:12:33 - [MESSAGE][PASSED] - Viewport is set to new size with width = 360 and height = 800

2019-05-27 15:12:33 - [TEST_STEP][PASSED] - delay(4): Delayed 4 second(s)

2019-05-27 15:12:37 - [MESSAGE][PASSED] - Delayed 4 second(s)

2019-05-27 15:12:37 - [TEST_STEP][PASSED] - selectOptionByValue(findTestObject("OCS-MOBILE /Age gate and burger menu/Date"), "12", true): All options with value '12' are selected in object 'Object Repository/OCS-MOBILE /Age gate and burger menu/Date'  using regular expression

2019-05-27 15:12:38 - [MESSAGE][PASSED] - All options with value '12' are selected in object 'Object Repository/OCS-MOBILE /Age gate and burger menu/Date'  using regular expression

2019-05-27 15:12:38 - [TEST_STEP][PASSED] - selectOptionByValue(findTestObject("OCS-MOBILE /Age gate and burger menu/month"), "6", true): All options with value '6' are selected in object 'Object Repository/OCS-MOBILE /Age gate and burger menu/month'  using regular expression

2019-05-27 15:12:39 - [MESSAGE][PASSED] - All options with value '6' are selected in object 'Object Repository/OCS-MOBILE /Age gate and burger menu/month'  using regular expression

2019-05-27 15:12:39 - [TEST_STEP][PASSED] - delay(2): Delayed 2 second(s)

2019-05-27 15:12:41 - [MESSAGE][PASSED] - Delayed 2 second(s)

2019-05-27 15:12:41 - [TEST_STEP][PASSED] - selectOptionByValue(findTestObject("OCS-MOBILE /Age gate and burger menu/Year Dropdown"), "1990", true): All options with value '1990' are selected in object 'Object Repository/OCS-MOBILE /Age gate and burger menu/Year Dropdown'  using regular expression

2019-05-27 15:12:42 - [MESSAGE][PASSED] - All options with value '1990' are selected in object 'Object Repository/OCS-MOBILE /Age gate and burger menu/Year Dropdown'  using regular expression

2019-05-27 15:12:42 - [TEST_STEP][PASSED] - click(findTestObject("OCS-MOBILE /Age gate and burger menu/button_Verify")): Object: 'Object Repository/OCS-MOBILE /Age gate and burger menu/button_Verify' is clicked on

2019-05-27 15:12:43 - [MESSAGE][PASSED] - Object: 'Object Repository/OCS-MOBILE /Age gate and burger menu/button_Verify' is clicked on

2019-05-27 15:12:43 - [TEST_STEP][PASSED] - click(findTestObject("OCS-MOBILE /Age gate and burger menu/Checkbox_CONFIRM AND ACKNOWLEDGE")): Object: 'Object Repository/OCS-MOBILE /Age gate and burger menu/Checkbox_CONFIRM AND ACKNOWLEDGE' is clicked on

2019-05-27 15:12:43 - [MESSAGE][PASSED] - Object: 'Object Repository/OCS-MOBILE /Age gate and burger menu/Checkbox_CONFIRM AND ACKNOWLEDGE' is clicked on

2019-05-27 15:12:43 - [TEST_STEP][PASSED] - click(findTestObject("OCS-MOBILE /Age gate and burger menu/button_CONFIRM")): Object: 'Object Repository/OCS-MOBILE /Age gate and burger menu/button_CONFIRM' is clicked on

2019-05-27 15:12:43 - [MESSAGE][PASSED] - Object: 'Object Repository/OCS-MOBILE /Age gate and burger menu/button_CONFIRM' is clicked on

2019-05-27 15:12:43 - [TEST_STEP][PASSED] - click(findTestObject("OCS-MOBILE /Age gate and burger menu/button_Start Browsing")): Object: 'Object Repository/OCS-MOBILE /Age gate and burger menu/button_Start Browsing' is clicked on

2019-05-27 15:12:43 - [MESSAGE][PASSED] - Object: 'Object Repository/OCS-MOBILE /Age gate and burger menu/button_Start Browsing' is clicked on

2019-05-27 15:12:43 - [MESSAGE][PASSED] - Call Test Case 'Test Cases/OCS - MOBILE/CALL - AGE GATE' successfully

2019-05-27 15:12:43 - [TEST_STEP][PASSED] - delay(2, CONTINUE_ON_FAILURE): Delayed 2 second(s)

2019-05-27 15:12:45 - [MESSAGE][PASSED] - Delayed 2 second(s)

2019-05-27 15:12:45 - [TEST_STEP][PASSED] - click(findTestObject("OCS-MOBILE /Age gate and burger menu/Burger menu - English"), CONTINUE_ON_FAILURE): Object: 'Object Repository/OCS-MOBILE /Age gate and burger menu/Burger menu - English' is clicked on

2019-05-27 15:12:46 - [MESSAGE][PASSED] - Object: 'Object Repository/OCS-MOBILE /Age gate and burger menu/Burger menu - English' is clicked on

2019-05-27 15:12:46 - [TEST_STEP][PASSED] - delay(2, CONTINUE_ON_FAILURE): Delayed 2 second(s)

2019-05-27 15:12:48 - [MESSAGE][PASSED] - Delayed 2 second(s)

2019-05-27 15:12:48 - [TEST_STEP][PASSED] - click(findTestObject("OCS-MOBILE /Accessories page/accessories chevron"), STOP_ON_FAILURE): Object: 'Object Repository/OCS-MOBILE /Accessories page/accessories chevron' is clicked on

2019-05-27 15:12:48 - [MESSAGE][PASSED] - Object: 'Object Repository/OCS-MOBILE /Accessories page/accessories chevron' is clicked on

2019-05-27 15:12:48 - [TEST_STEP][PASSED] - delay(1, CONTINUE_ON_FAILURE): Delayed 1 second(s)

2019-05-27 15:12:49 - [MESSAGE][PASSED] - Delayed 1 second(s)

2019-05-27 15:12:49 - [TEST_STEP][PASSED] - click(findTestObject("OCS-MOBILE /Accessories page/Vaporizers"), CONTINUE_ON_FAILURE): Object: 'Object Repository/OCS-MOBILE /Accessories page/Vaporizers' is clicked on

2019-05-27 15:12:52 - [MESSAGE][PASSED] - Object: 'Object Repository/OCS-MOBILE /Accessories page/Vaporizers' is clicked on

2019-05-27 15:12:52 - [TEST_STEP][PASSED] - delay(1, CONTINUE_ON_FAILURE): Delayed 1 second(s)

2019-05-27 15:12:53 - [MESSAGE][PASSED] - Delayed 1 second(s)

2019-05-27 15:12:53 - [TEST_STEP][PASSED] - a = getWindowTitle(CONTINUE_ON_FAILURE): Current window's title is: 'Vaporizers | Ontario Cannabis Store'

2019-05-27 15:12:53 - [MESSAGE][PASSED] - Current window's title is: 'Vaporizers | Ontario Cannabis Store'

2019-05-27 15:12:53 - [TEST_STEP][PASSED] - comment(a): Vaporizers | Ontario Cannabis Store

2019-05-27 15:12:53 - [MESSAGE][INFO] - Vaporizers | Ontario Cannabis Store

2019-05-27 15:12:53 - [TEST_STEP][PASSED] - b = "Vaporizers | Ontario Cannabis Store": null

2019-05-27 15:12:53 - [TEST_STEP][PASSED] - comment(b): Vaporizers | Ontario Cannabis Store

2019-05-27 15:12:53 - [MESSAGE][INFO] - Vaporizers | Ontario Cannabis Store

2019-05-27 15:12:53 - [TEST_STEP][PASSED] - if (a == b): correct window page 

2019-05-27 15:12:53 - [TEST_STEP][PASSED] - comment("correct window page "): correct window page 

2019-05-27 15:12:53 - [MESSAGE][INFO] - correct window page 

2019-05-27 15:12:53 - [TEST_STEP][PASSED] - delay(1, CONTINUE_ON_FAILURE): Delayed 1 second(s)

2019-05-27 15:12:54 - [MESSAGE][PASSED] - Delayed 1 second(s)

2019-05-27 15:12:54 - [TEST_STEP][PASSED] - click(findTestObject("OCS-MOBILE /Age gate and burger menu/Burger menu - English"), CONTINUE_ON_FAILURE): Object: 'Object Repository/OCS-MOBILE /Age gate and burger menu/Burger menu - English' is clicked on

2019-05-27 15:12:54 - [MESSAGE][PASSED] - Object: 'Object Repository/OCS-MOBILE /Age gate and burger menu/Burger menu - English' is clicked on

2019-05-27 15:12:54 - [TEST_STEP][PASSED] - delay(2, CONTINUE_ON_FAILURE): Delayed 2 second(s)

2019-05-27 15:12:56 - [MESSAGE][PASSED] - Delayed 2 second(s)

2019-05-27 15:12:56 - [TEST_STEP][PASSED] - click(findTestObject("OCS-MOBILE /Accessories page/accessories chevron"), CONTINUE_ON_FAILURE): Object: 'Object Repository/OCS-MOBILE /Accessories page/accessories chevron' is clicked on

2019-05-27 15:12:57 - [MESSAGE][PASSED] - Object: 'Object Repository/OCS-MOBILE /Accessories page/accessories chevron' is clicked on

2019-05-27 15:12:57 - [TEST_STEP][PASSED] - delay(1, CONTINUE_ON_FAILURE): Delayed 1 second(s)

2019-05-27 15:12:58 - [MESSAGE][PASSED] - Delayed 1 second(s)

2019-05-27 15:12:58 - [TEST_STEP][PASSED] - click(findTestObject("OCS-MOBILE /Accessories page/Bongs - water pipes"), CONTINUE_ON_FAILURE): Object: 'Object Repository/OCS-MOBILE /Accessories page/Bongs - water pipes' is clicked on

2019-05-27 15:13:00 - [MESSAGE][PASSED] - Object: 'Object Repository/OCS-MOBILE /Accessories page/Bongs - water pipes' is clicked on

2019-05-27 15:13:00 - [TEST_STEP][PASSED] - delay(1, CONTINUE_ON_FAILURE): Delayed 1 second(s)

2019-05-27 15:13:01 - [MESSAGE][PASSED] - Delayed 1 second(s)

2019-05-27 15:13:01 - [TEST_STEP][PASSED] - a1 = getWindowTitle(CONTINUE_ON_FAILURE): Current window's title is: 'Bongs & Water Pipes | Ontario Cannabis Store'

2019-05-27 15:13:01 - [MESSAGE][PASSED] - Current window's title is: 'Bongs & Water Pipes | Ontario Cannabis Store'

2019-05-27 15:13:01 - [TEST_STEP][PASSED] - comment(a1): Bongs & Water Pipes | Ontario Cannabis Store

2019-05-27 15:13:01 - [MESSAGE][INFO] - Bongs & Water Pipes | Ontario Cannabis Store

2019-05-27 15:13:01 - [TEST_STEP][PASSED] - b1 = "Bongs & Water Pipes | Ontario Cannabis Store": null

2019-05-27 15:13:01 - [TEST_STEP][PASSED] - comment(b1): Bongs & Water Pipes | Ontario Cannabis Store

2019-05-27 15:13:01 - [MESSAGE][INFO] - Bongs & Water Pipes | Ontario Cannabis Store

2019-05-27 15:13:01 - [TEST_STEP][PASSED] - if (a1 == b1): correct window page 

2019-05-27 15:13:01 - [TEST_STEP][PASSED] - comment("correct window page "): correct window page 

2019-05-27 15:13:01 - [MESSAGE][INFO] - correct window page 

2019-05-27 15:13:01 - [TEST_STEP][PASSED] - delay(1, CONTINUE_ON_FAILURE): Delayed 1 second(s)

2019-05-27 15:13:02 - [MESSAGE][PASSED] - Delayed 1 second(s)

2019-05-27 15:13:02 - [TEST_STEP][PASSED] - click(findTestObject("OCS-MOBILE /Age gate and burger menu/Burger menu - English"), CONTINUE_ON_FAILURE): Object: 'Object Repository/OCS-MOBILE /Age gate and burger menu/Burger menu - English' is clicked on

2019-05-27 15:13:03 - [MESSAGE][PASSED] - Object: 'Object Repository/OCS-MOBILE /Age gate and burger menu/Burger menu - English' is clicked on

2019-05-27 15:13:03 - [TEST_STEP][PASSED] - delay(2, CONTINUE_ON_FAILURE): Delayed 2 second(s)

2019-05-27 15:13:05 - [MESSAGE][PASSED] - Delayed 2 second(s)

2019-05-27 15:13:05 - [TEST_STEP][PASSED] - click(findTestObject("OCS-MOBILE /Accessories page/accessories chevron"), CONTINUE_ON_FAILURE): Object: 'Object Repository/OCS-MOBILE /Accessories page/accessories chevron' is clicked on

2019-05-27 15:13:05 - [MESSAGE][PASSED] - Object: 'Object Repository/OCS-MOBILE /Accessories page/accessories chevron' is clicked on

2019-05-27 15:13:05 - [TEST_STEP][PASSED] - delay(1, CONTINUE_ON_FAILURE): Delayed 1 second(s)

2019-05-27 15:13:06 - [MESSAGE][PASSED] - Delayed 1 second(s)

2019-05-27 15:13:06 - [TEST_STEP][PASSED] - click(findTestObject("OCS-MOBILE /Accessories page/Handheld pipes"), CONTINUE_ON_FAILURE): Object: 'Object Repository/OCS-MOBILE /Accessories page/Handheld pipes' is clicked on

2019-05-27 15:13:08 - [MESSAGE][PASSED] - Object: 'Object Repository/OCS-MOBILE /Accessories page/Handheld pipes' is clicked on

2019-05-27 15:13:08 - [TEST_STEP][PASSED] - delay(1, CONTINUE_ON_FAILURE): Delayed 1 second(s)

2019-05-27 15:13:09 - [MESSAGE][PASSED] - Delayed 1 second(s)

2019-05-27 15:13:09 - [TEST_STEP][PASSED] - a11 = getWindowTitle(CONTINUE_ON_FAILURE): Current window's title is: 'Handheld Pipes | Ontario Cannabis Store'

2019-05-27 15:13:09 - [MESSAGE][PASSED] - Current window's title is: 'Handheld Pipes | Ontario Cannabis Store'

2019-05-27 15:13:09 - [TEST_STEP][PASSED] - comment(a11): Handheld Pipes | Ontario Cannabis Store

2019-05-27 15:13:09 - [MESSAGE][INFO] - Handheld Pipes | Ontario Cannabis Store

2019-05-27 15:13:09 - [TEST_STEP][PASSED] - b11 = "Handheld Pipes | Ontario Cannabis Store": null

2019-05-27 15:13:09 - [TEST_STEP][PASSED] - comment(b11): Handheld Pipes | Ontario Cannabis Store

2019-05-27 15:13:09 - [MESSAGE][INFO] - Handheld Pipes | Ontario Cannabis Store

2019-05-27 15:13:09 - [TEST_STEP][PASSED] - if (a11 == b11): correct window page 

2019-05-27 15:13:09 - [TEST_STEP][PASSED] - comment("correct window page "): correct window page 

2019-05-27 15:13:09 - [MESSAGE][INFO] - correct window page 

2019-05-27 15:13:09 - [TEST_STEP][PASSED] - delay(1, CONTINUE_ON_FAILURE): Delayed 1 second(s)

2019-05-27 15:13:10 - [MESSAGE][PASSED] - Delayed 1 second(s)

2019-05-27 15:13:10 - [TEST_STEP][PASSED] - click(findTestObject("OCS-MOBILE /Age gate and burger menu/Burger menu - English"), CONTINUE_ON_FAILURE): Object: 'Object Repository/OCS-MOBILE /Age gate and burger menu/Burger menu - English' is clicked on

2019-05-27 15:13:11 - [MESSAGE][PASSED] - Object: 'Object Repository/OCS-MOBILE /Age gate and burger menu/Burger menu - English' is clicked on

2019-05-27 15:13:11 - [TEST_STEP][PASSED] - delay(2, CONTINUE_ON_FAILURE): Delayed 2 second(s)

2019-05-27 15:13:13 - [MESSAGE][PASSED] - Delayed 2 second(s)

2019-05-27 15:13:13 - [TEST_STEP][PASSED] - click(findTestObject("OCS-MOBILE /Accessories page/accessories chevron"), CONTINUE_ON_FAILURE): Object: 'Object Repository/OCS-MOBILE /Accessories page/accessories chevron' is clicked on

2019-05-27 15:13:14 - [MESSAGE][PASSED] - Object: 'Object Repository/OCS-MOBILE /Accessories page/accessories chevron' is clicked on

2019-05-27 15:13:14 - [TEST_STEP][PASSED] - delay(1, CONTINUE_ON_FAILURE): Delayed 1 second(s)

2019-05-27 15:13:15 - [MESSAGE][PASSED] - Delayed 1 second(s)

2019-05-27 15:13:15 - [TEST_STEP][FAILED] - click(findTestObject("OCS-MOBILE /Accessories page/Papers -filters"), CONTINUE_ON_FAILURE): Unable to click on object 'Object Repository/OCS-MOBILE /Accessories page/Papers -filters' (Root cause: org.openqa.selenium.ElementNotInteractableException: Element <i class="icon icon--forward menu__tier-three__link--icon"> could not be scrolled into view
Build info: version: '3.7.1', revision: '8a0099a', time: '2017-11-06T21:07:36.161Z'
System info: host: 'sumans-MacBook-Pro.local', ip: 'fe80:0:0:0:1c60:f35:3790:b4fa%en0', os.name: 'Mac OS X', os.arch: 'x86_64', os.version: '10.13.6', java.version: '1.8.0_181'
Driver info: com.kms.katalon.core.webui.driver.firefox.CGeckoDriver
Capabilities {acceptInsecureCerts: true, browserName: firefox, browserVersion: 67.0, javascriptEnabled: true, moz:accessibilityChecks: false, moz:buildID: 20190516215225, moz:geckodriverVersion: 0.23.0, moz:headless: false, moz:processID: 1382, moz:profile: /var/folders/1t/c55l8xzs6gq..., moz:shutdownTimeout: 60000, moz:useNonSpecCompliantPointerOrigin: false, moz:webdriverClick: true, pageLoadStrategy: normal, platform: MAC, platformName: MAC, platformVersion: 17.7.0, proxy: Proxy(direct), rotatable: false, setWindowRect: true, strictFileInteractability: false, timeouts: {implicit: 0, pageLoad: 300000, script: 30000}, unhandledPromptBehavior: dismiss and notify}
Session ID: 607097ba-98af-6a44-9b60-1ad9890b7540)

2019-05-27 15:13:15 - [MESSAGE][FAILED] - Unable to click on object 'Object Repository/OCS-MOBILE /Accessories page/Papers -filters' (Root cause: org.openqa.selenium.ElementNotInteractableException: Element <i class="icon icon--forward menu__tier-three__link--icon"> could not be scrolled into view
Build info: version: '3.7.1', revision: '8a0099a', time: '2017-11-06T21:07:36.161Z'
System info: host: 'sumans-MacBook-Pro.local', ip: 'fe80:0:0:0:1c60:f35:3790:b4fa%en0', os.name: 'Mac OS X', os.arch: 'x86_64', os.version: '10.13.6', java.version: '1.8.0_181'
Driver info: com.kms.katalon.core.webui.driver.firefox.CGeckoDriver
Capabilities {acceptInsecureCerts: true, browserName: firefox, browserVersion: 67.0, javascriptEnabled: true, moz:accessibilityChecks: false, moz:buildID: 20190516215225, moz:geckodriverVersion: 0.23.0, moz:headless: false, moz:processID: 1382, moz:profile: /var/folders/1t/c55l8xzs6gq..., moz:shutdownTimeout: 60000, moz:useNonSpecCompliantPointerOrigin: false, moz:webdriverClick: true, pageLoadStrategy: normal, platform: MAC, platformName: MAC, platformVersion: 17.7.0, proxy: Proxy(direct), rotatable: false, setWindowRect: true, strictFileInteractability: false, timeouts: {implicit: 0, pageLoad: 300000, script: 30000}, unhandledPromptBehavior: dismiss and notify}
Session ID: 607097ba-98af-6a44-9b60-1ad9890b7540)
[[ATTACHMENT|/Users/sumankompelly/Katalon Studio/OCS ( QA- 1.9.1 ) /Reports/QA ( 1.9.1)/HP, PROD , AG/20190527_150258/1558984395054.png]]

2019-05-27 15:13:15 - [TEST_STEP][PASSED] - delay(1, CONTINUE_ON_FAILURE): Delayed 1 second(s)

2019-05-27 15:13:16 - [MESSAGE][PASSED] - Delayed 1 second(s)

2019-05-27 15:13:16 - [TEST_STEP][PASSED] - a111 = getWindowTitle(CONTINUE_ON_FAILURE): Current window's title is: 'Handheld Pipes | Ontario Cannabis Store'

2019-05-27 15:13:16 - [MESSAGE][PASSED] - Current window's title is: 'Handheld Pipes | Ontario Cannabis Store'

2019-05-27 15:13:16 - [TEST_STEP][PASSED] - comment(a111): Handheld Pipes | Ontario Cannabis Store

2019-05-27 15:13:16 - [MESSAGE][INFO] - Handheld Pipes | Ontario Cannabis Store

2019-05-27 15:13:16 - [TEST_STEP][PASSED] - b111 = "Papers & Filters | Ontario Cannabis Store": null

2019-05-27 15:13:16 - [TEST_STEP][PASSED] - comment(b111): Papers & Filters | Ontario Cannabis Store

2019-05-27 15:13:16 - [MESSAGE][INFO] - Papers & Filters | Ontario Cannabis Store

2019-05-27 15:13:16 - [TEST_STEP][PASSED] - if (a111 == b111): null

2019-05-27 15:13:16 - [TEST_STEP][PASSED] - else: Some random page 

2019-05-27 15:13:16 - [TEST_STEP][PASSED] - comment("Some random page "): Some random page 

2019-05-27 15:13:16 - [MESSAGE][INFO] - Some random page 

2019-05-27 15:13:16 - [TEST_STEP][PASSED] - delay(1, CONTINUE_ON_FAILURE): Delayed 1 second(s)

2019-05-27 15:13:17 - [MESSAGE][PASSED] - Delayed 1 second(s)

2019-05-27 15:13:17 - [TEST_STEP][FAILED] - click(findTestObject("OCS-MOBILE /Age gate and burger menu/Burger menu - English"), CONTINUE_ON_FAILURE): Unable to click on object 'Object Repository/OCS-MOBILE /Age gate and burger menu/Burger menu - English' (Root cause: org.openqa.selenium.ElementClickInterceptedException: Element <i class="hamburger-menu js-hamburger-menu icon icon--menu"> is not clickable at point (330,56) because another element <a class="menu__item--link js-menu__tier-one--link" href="#"> obscures it
Build info: version: '3.7.1', revision: '8a0099a', time: '2017-11-06T21:07:36.161Z'
System info: host: 'sumans-MacBook-Pro.local', ip: 'fe80:0:0:0:1c60:f35:3790:b4fa%en0', os.name: 'Mac OS X', os.arch: 'x86_64', os.version: '10.13.6', java.version: '1.8.0_181'
Driver info: com.kms.katalon.core.webui.driver.firefox.CGeckoDriver
Capabilities {acceptInsecureCerts: true, browserName: firefox, browserVersion: 67.0, javascriptEnabled: true, moz:accessibilityChecks: false, moz:buildID: 20190516215225, moz:geckodriverVersion: 0.23.0, moz:headless: false, moz:processID: 1382, moz:profile: /var/folders/1t/c55l8xzs6gq..., moz:shutdownTimeout: 60000, moz:useNonSpecCompliantPointerOrigin: false, moz:webdriverClick: true, pageLoadStrategy: normal, platform: MAC, platformName: MAC, platformVersion: 17.7.0, proxy: Proxy(direct), rotatable: false, setWindowRect: true, strictFileInteractability: false, timeouts: {implicit: 0, pageLoad: 300000, script: 30000}, unhandledPromptBehavior: dismiss and notify}
Session ID: 607097ba-98af-6a44-9b60-1ad9890b7540)

2019-05-27 15:13:17 - [MESSAGE][FAILED] - Unable to click on object 'Object Repository/OCS-MOBILE /Age gate and burger menu/Burger menu - English' (Root cause: org.openqa.selenium.ElementClickInterceptedException: Element <i class="hamburger-menu js-hamburger-menu icon icon--menu"> is not clickable at point (330,56) because another element <a class="menu__item--link js-menu__tier-one--link" href="#"> obscures it
Build info: version: '3.7.1', revision: '8a0099a', time: '2017-11-06T21:07:36.161Z'
System info: host: 'sumans-MacBook-Pro.local', ip: 'fe80:0:0:0:1c60:f35:3790:b4fa%en0', os.name: 'Mac OS X', os.arch: 'x86_64', os.version: '10.13.6', java.version: '1.8.0_181'
Driver info: com.kms.katalon.core.webui.driver.firefox.CGeckoDriver
Capabilities {acceptInsecureCerts: true, browserName: firefox, browserVersion: 67.0, javascriptEnabled: true, moz:accessibilityChecks: false, moz:buildID: 20190516215225, moz:geckodriverVersion: 0.23.0, moz:headless: false, moz:processID: 1382, moz:profile: /var/folders/1t/c55l8xzs6gq..., moz:shutdownTimeout: 60000, moz:useNonSpecCompliantPointerOrigin: false, moz:webdriverClick: true, pageLoadStrategy: normal, platform: MAC, platformName: MAC, platformVersion: 17.7.0, proxy: Proxy(direct), rotatable: false, setWindowRect: true, strictFileInteractability: false, timeouts: {implicit: 0, pageLoad: 300000, script: 30000}, unhandledPromptBehavior: dismiss and notify}
Session ID: 607097ba-98af-6a44-9b60-1ad9890b7540)
[[ATTACHMENT|/Users/sumankompelly/Katalon Studio/OCS ( QA- 1.9.1 ) /Reports/QA ( 1.9.1)/HP, PROD , AG/20190527_150258/1558984397135.png]]

2019-05-27 15:13:17 - [TEST_STEP][PASSED] - delay(2, CONTINUE_ON_FAILURE): Delayed 2 second(s)

2019-05-27 15:13:19 - [MESSAGE][PASSED] - Delayed 2 second(s)

2019-05-27 15:13:19 - [TEST_STEP][PASSED] - click(findTestObject("OCS-MOBILE /Accessories page/accessories chevron"), CONTINUE_ON_FAILURE): Object: 'Object Repository/OCS-MOBILE /Accessories page/accessories chevron' is clicked on

2019-05-27 15:13:19 - [MESSAGE][PASSED] - Object: 'Object Repository/OCS-MOBILE /Accessories page/accessories chevron' is clicked on

2019-05-27 15:13:19 - [TEST_STEP][PASSED] - delay(1, CONTINUE_ON_FAILURE): Delayed 1 second(s)

2019-05-27 15:13:20 - [MESSAGE][PASSED] - Delayed 1 second(s)

2019-05-27 15:13:20 - [TEST_STEP][FAILED] - click(findTestObject("OCS-MOBILE /Accessories page/Grinders"), CONTINUE_ON_FAILURE): Unable to click on object 'Object Repository/OCS-MOBILE /Accessories page/Grinders' (Root cause: org.openqa.selenium.ElementNotInteractableException: Element <i class="icon icon--forward menu__tier-three__link--icon"> could not be scrolled into view
Build info: version: '3.7.1', revision: '8a0099a', time: '2017-11-06T21:07:36.161Z'
System info: host: 'sumans-MacBook-Pro.local', ip: 'fe80:0:0:0:1c60:f35:3790:b4fa%en0', os.name: 'Mac OS X', os.arch: 'x86_64', os.version: '10.13.6', java.version: '1.8.0_181'
Driver info: com.kms.katalon.core.webui.driver.firefox.CGeckoDriver
Capabilities {acceptInsecureCerts: true, browserName: firefox, browserVersion: 67.0, javascriptEnabled: true, moz:accessibilityChecks: false, moz:buildID: 20190516215225, moz:geckodriverVersion: 0.23.0, moz:headless: false, moz:processID: 1382, moz:profile: /var/folders/1t/c55l8xzs6gq..., moz:shutdownTimeout: 60000, moz:useNonSpecCompliantPointerOrigin: false, moz:webdriverClick: true, pageLoadStrategy: normal, platform: MAC, platformName: MAC, platformVersion: 17.7.0, proxy: Proxy(direct), rotatable: false, setWindowRect: true, strictFileInteractability: false, timeouts: {implicit: 0, pageLoad: 300000, script: 30000}, unhandledPromptBehavior: dismiss and notify}
Session ID: 607097ba-98af-6a44-9b60-1ad9890b7540)

2019-05-27 15:13:20 - [MESSAGE][FAILED] - Unable to click on object 'Object Repository/OCS-MOBILE /Accessories page/Grinders' (Root cause: org.openqa.selenium.ElementNotInteractableException: Element <i class="icon icon--forward menu__tier-three__link--icon"> could not be scrolled into view
Build info: version: '3.7.1', revision: '8a0099a', time: '2017-11-06T21:07:36.161Z'
System info: host: 'sumans-MacBook-Pro.local', ip: 'fe80:0:0:0:1c60:f35:3790:b4fa%en0', os.name: 'Mac OS X', os.arch: 'x86_64', os.version: '10.13.6', java.version: '1.8.0_181'
Driver info: com.kms.katalon.core.webui.driver.firefox.CGeckoDriver
Capabilities {acceptInsecureCerts: true, browserName: firefox, browserVersion: 67.0, javascriptEnabled: true, moz:accessibilityChecks: false, moz:buildID: 20190516215225, moz:geckodriverVersion: 0.23.0, moz:headless: false, moz:processID: 1382, moz:profile: /var/folders/1t/c55l8xzs6gq..., moz:shutdownTimeout: 60000, moz:useNonSpecCompliantPointerOrigin: false, moz:webdriverClick: true, pageLoadStrategy: normal, platform: MAC, platformName: MAC, platformVersion: 17.7.0, proxy: Proxy(direct), rotatable: false, setWindowRect: true, strictFileInteractability: false, timeouts: {implicit: 0, pageLoad: 300000, script: 30000}, unhandledPromptBehavior: dismiss and notify}
Session ID: 607097ba-98af-6a44-9b60-1ad9890b7540)
[[ATTACHMENT|/Users/sumankompelly/Katalon Studio/OCS ( QA- 1.9.1 ) /Reports/QA ( 1.9.1)/HP, PROD , AG/20190527_150258/1558984400929.png]]

2019-05-27 15:13:20 - [TEST_STEP][PASSED] - delay(1, CONTINUE_ON_FAILURE): Delayed 1 second(s)

2019-05-27 15:13:21 - [MESSAGE][PASSED] - Delayed 1 second(s)

2019-05-27 15:13:21 - [TEST_STEP][PASSED] - a1111 = getWindowTitle(CONTINUE_ON_FAILURE): Current window's title is: 'Handheld Pipes | Ontario Cannabis Store'

2019-05-27 15:13:21 - [MESSAGE][PASSED] - Current window's title is: 'Handheld Pipes | Ontario Cannabis Store'

2019-05-27 15:13:21 - [TEST_STEP][PASSED] - comment(a1111): Handheld Pipes | Ontario Cannabis Store

2019-05-27 15:13:21 - [MESSAGE][INFO] - Handheld Pipes | Ontario Cannabis Store

2019-05-27 15:13:21 - [TEST_STEP][PASSED] - b1111 = "Grinders | Ontario Cannabis Store": null

2019-05-27 15:13:21 - [TEST_STEP][PASSED] - comment(b1111): Grinders | Ontario Cannabis Store

2019-05-27 15:13:21 - [MESSAGE][INFO] - Grinders | Ontario Cannabis Store

2019-05-27 15:13:21 - [TEST_STEP][PASSED] - if (a1111 == b1111): null

2019-05-27 15:13:21 - [TEST_STEP][PASSED] - else: Some random page 

2019-05-27 15:13:21 - [TEST_STEP][PASSED] - comment("Some random page "): Some random page 

2019-05-27 15:13:21 - [MESSAGE][INFO] - Some random page 

2019-05-27 15:13:21 - [TEST_STEP][PASSED] - delay(1, CONTINUE_ON_FAILURE): Delayed 1 second(s)

2019-05-27 15:13:22 - [MESSAGE][PASSED] - Delayed 1 second(s)

2019-05-27 15:13:22 - [TEST_STEP][FAILED] - click(findTestObject("OCS-MOBILE /Age gate and burger menu/Burger menu - English"), CONTINUE_ON_FAILURE): Unable to click on object 'Object Repository/OCS-MOBILE /Age gate and burger menu/Burger menu - English' (Root cause: org.openqa.selenium.ElementClickInterceptedException: Element <i class="hamburger-menu js-hamburger-menu icon icon--menu"> is not clickable at point (330,56) because another element <a class="menu__item--link js-menu__tier-one--link" href="#"> obscures it
Build info: version: '3.7.1', revision: '8a0099a', time: '2017-11-06T21:07:36.161Z'
System info: host: 'sumans-MacBook-Pro.local', ip: 'fe80:0:0:0:1c60:f35:3790:b4fa%en0', os.name: 'Mac OS X', os.arch: 'x86_64', os.version: '10.13.6', java.version: '1.8.0_181'
Driver info: com.kms.katalon.core.webui.driver.firefox.CGeckoDriver
Capabilities {acceptInsecureCerts: true, browserName: firefox, browserVersion: 67.0, javascriptEnabled: true, moz:accessibilityChecks: false, moz:buildID: 20190516215225, moz:geckodriverVersion: 0.23.0, moz:headless: false, moz:processID: 1382, moz:profile: /var/folders/1t/c55l8xzs6gq..., moz:shutdownTimeout: 60000, moz:useNonSpecCompliantPointerOrigin: false, moz:webdriverClick: true, pageLoadStrategy: normal, platform: MAC, platformName: MAC, platformVersion: 17.7.0, proxy: Proxy(direct), rotatable: false, setWindowRect: true, strictFileInteractability: false, timeouts: {implicit: 0, pageLoad: 300000, script: 30000}, unhandledPromptBehavior: dismiss and notify}
Session ID: 607097ba-98af-6a44-9b60-1ad9890b7540)

2019-05-27 15:13:23 - [MESSAGE][FAILED] - Unable to click on object 'Object Repository/OCS-MOBILE /Age gate and burger menu/Burger menu - English' (Root cause: org.openqa.selenium.ElementClickInterceptedException: Element <i class="hamburger-menu js-hamburger-menu icon icon--menu"> is not clickable at point (330,56) because another element <a class="menu__item--link js-menu__tier-one--link" href="#"> obscures it
Build info: version: '3.7.1', revision: '8a0099a', time: '2017-11-06T21:07:36.161Z'
System info: host: 'sumans-MacBook-Pro.local', ip: 'fe80:0:0:0:1c60:f35:3790:b4fa%en0', os.name: 'Mac OS X', os.arch: 'x86_64', os.version: '10.13.6', java.version: '1.8.0_181'
Driver info: com.kms.katalon.core.webui.driver.firefox.CGeckoDriver
Capabilities {acceptInsecureCerts: true, browserName: firefox, browserVersion: 67.0, javascriptEnabled: true, moz:accessibilityChecks: false, moz:buildID: 20190516215225, moz:geckodriverVersion: 0.23.0, moz:headless: false, moz:processID: 1382, moz:profile: /var/folders/1t/c55l8xzs6gq..., moz:shutdownTimeout: 60000, moz:useNonSpecCompliantPointerOrigin: false, moz:webdriverClick: true, pageLoadStrategy: normal, platform: MAC, platformName: MAC, platformVersion: 17.7.0, proxy: Proxy(direct), rotatable: false, setWindowRect: true, strictFileInteractability: false, timeouts: {implicit: 0, pageLoad: 300000, script: 30000}, unhandledPromptBehavior: dismiss and notify}
Session ID: 607097ba-98af-6a44-9b60-1ad9890b7540)
[[ATTACHMENT|/Users/sumankompelly/Katalon Studio/OCS ( QA- 1.9.1 ) /Reports/QA ( 1.9.1)/HP, PROD , AG/20190527_150258/1558984403021.png]]

2019-05-27 15:13:23 - [TEST_STEP][PASSED] - delay(2, CONTINUE_ON_FAILURE): Delayed 2 second(s)

2019-05-27 15:13:25 - [MESSAGE][PASSED] - Delayed 2 second(s)

2019-05-27 15:13:25 - [TEST_STEP][PASSED] - click(findTestObject("OCS-MOBILE /Accessories page/accessories chevron"), CONTINUE_ON_FAILURE): Object: 'Object Repository/OCS-MOBILE /Accessories page/accessories chevron' is clicked on

2019-05-27 15:13:25 - [MESSAGE][PASSED] - Object: 'Object Repository/OCS-MOBILE /Accessories page/accessories chevron' is clicked on

2019-05-27 15:13:25 - [TEST_STEP][PASSED] - delay(1, CONTINUE_ON_FAILURE): Delayed 1 second(s)

2019-05-27 15:13:26 - [MESSAGE][PASSED] - Delayed 1 second(s)

2019-05-27 15:13:26 - [TEST_STEP][FAILED] - click(findTestObject("OCS-MOBILE /Accessories page/Tools -kits"), CONTINUE_ON_FAILURE): Unable to click on object 'Object Repository/OCS-MOBILE /Accessories page/Tools -kits' (Root cause: org.openqa.selenium.ElementNotInteractableException: Element <i class="icon icon--forward menu__tier-three__link--icon"> could not be scrolled into view
Build info: version: '3.7.1', revision: '8a0099a', time: '2017-11-06T21:07:36.161Z'
System info: host: 'sumans-MacBook-Pro.local', ip: 'fe80:0:0:0:1c60:f35:3790:b4fa%en0', os.name: 'Mac OS X', os.arch: 'x86_64', os.version: '10.13.6', java.version: '1.8.0_181'
Driver info: com.kms.katalon.core.webui.driver.firefox.CGeckoDriver
Capabilities {acceptInsecureCerts: true, browserName: firefox, browserVersion: 67.0, javascriptEnabled: true, moz:accessibilityChecks: false, moz:buildID: 20190516215225, moz:geckodriverVersion: 0.23.0, moz:headless: false, moz:processID: 1382, moz:profile: /var/folders/1t/c55l8xzs6gq..., moz:shutdownTimeout: 60000, moz:useNonSpecCompliantPointerOrigin: false, moz:webdriverClick: true, pageLoadStrategy: normal, platform: MAC, platformName: MAC, platformVersion: 17.7.0, proxy: Proxy(direct), rotatable: false, setWindowRect: true, strictFileInteractability: false, timeouts: {implicit: 0, pageLoad: 300000, script: 30000}, unhandledPromptBehavior: dismiss and notify}
Session ID: 607097ba-98af-6a44-9b60-1ad9890b7540)

2019-05-27 15:13:26 - [MESSAGE][FAILED] - Unable to click on object 'Object Repository/OCS-MOBILE /Accessories page/Tools -kits' (Root cause: org.openqa.selenium.ElementNotInteractableException: Element <i class="icon icon--forward menu__tier-three__link--icon"> could not be scrolled into view
Build info: version: '3.7.1', revision: '8a0099a', time: '2017-11-06T21:07:36.161Z'
System info: host: 'sumans-MacBook-Pro.local', ip: 'fe80:0:0:0:1c60:f35:3790:b4fa%en0', os.name: 'Mac OS X', os.arch: 'x86_64', os.version: '10.13.6', java.version: '1.8.0_181'
Driver info: com.kms.katalon.core.webui.driver.firefox.CGeckoDriver
Capabilities {acceptInsecureCerts: true, browserName: firefox, browserVersion: 67.0, javascriptEnabled: true, moz:accessibilityChecks: false, moz:buildID: 20190516215225, moz:geckodriverVersion: 0.23.0, moz:headless: false, moz:processID: 1382, moz:profile: /var/folders/1t/c55l8xzs6gq..., moz:shutdownTimeout: 60000, moz:useNonSpecCompliantPointerOrigin: false, moz:webdriverClick: true, pageLoadStrategy: normal, platform: MAC, platformName: MAC, platformVersion: 17.7.0, proxy: Proxy(direct), rotatable: false, setWindowRect: true, strictFileInteractability: false, timeouts: {implicit: 0, pageLoad: 300000, script: 30000}, unhandledPromptBehavior: dismiss and notify}
Session ID: 607097ba-98af-6a44-9b60-1ad9890b7540)
[[ATTACHMENT|/Users/sumankompelly/Katalon Studio/OCS ( QA- 1.9.1 ) /Reports/QA ( 1.9.1)/HP, PROD , AG/20190527_150258/1558984406823.png]]

2019-05-27 15:13:26 - [TEST_STEP][PASSED] - delay(1, CONTINUE_ON_FAILURE): Delayed 1 second(s)

2019-05-27 15:13:27 - [MESSAGE][PASSED] - Delayed 1 second(s)

2019-05-27 15:13:27 - [TEST_STEP][PASSED] - a11111 = getWindowTitle(CONTINUE_ON_FAILURE): Current window's title is: 'Handheld Pipes | Ontario Cannabis Store'

2019-05-27 15:13:27 - [MESSAGE][PASSED] - Current window's title is: 'Handheld Pipes | Ontario Cannabis Store'

2019-05-27 15:13:27 - [TEST_STEP][PASSED] - comment(a11111): Handheld Pipes | Ontario Cannabis Store

2019-05-27 15:13:27 - [MESSAGE][INFO] - Handheld Pipes | Ontario Cannabis Store

2019-05-27 15:13:27 - [TEST_STEP][PASSED] - b11111 = "Multi-Tools & Kits | Ontario Cannabis Store": null

2019-05-27 15:13:27 - [TEST_STEP][PASSED] - comment(b11111): Multi-Tools & Kits | Ontario Cannabis Store

2019-05-27 15:13:27 - [MESSAGE][INFO] - Multi-Tools & Kits | Ontario Cannabis Store

2019-05-27 15:13:27 - [TEST_STEP][PASSED] - if (a11111 == b11111): null

2019-05-27 15:13:27 - [TEST_STEP][PASSED] - else: Some random page 

2019-05-27 15:13:27 - [TEST_STEP][PASSED] - comment("Some random page "): Some random page 

2019-05-27 15:13:27 - [MESSAGE][INFO] - Some random page 

2019-05-27 15:13:27 - [TEST_STEP][PASSED] - delay(1, CONTINUE_ON_FAILURE): Delayed 1 second(s)

2019-05-27 15:13:28 - [MESSAGE][PASSED] - Delayed 1 second(s)

2019-05-27 15:13:28 - [TEST_STEP][FAILED] - click(findTestObject("OCS-MOBILE /Age gate and burger menu/Burger menu - English"), CONTINUE_ON_FAILURE): Unable to click on object 'Object Repository/OCS-MOBILE /Age gate and burger menu/Burger menu - English' (Root cause: org.openqa.selenium.ElementClickInterceptedException: Element <i class="hamburger-menu js-hamburger-menu icon icon--menu"> is not clickable at point (330,56) because another element <a class="menu__item--link js-menu__tier-one--link" href="#"> obscures it
Build info: version: '3.7.1', revision: '8a0099a', time: '2017-11-06T21:07:36.161Z'
System info: host: 'sumans-MacBook-Pro.local', ip: 'fe80:0:0:0:1c60:f35:3790:b4fa%en0', os.name: 'Mac OS X', os.arch: 'x86_64', os.version: '10.13.6', java.version: '1.8.0_181'
Driver info: com.kms.katalon.core.webui.driver.firefox.CGeckoDriver
Capabilities {acceptInsecureCerts: true, browserName: firefox, browserVersion: 67.0, javascriptEnabled: true, moz:accessibilityChecks: false, moz:buildID: 20190516215225, moz:geckodriverVersion: 0.23.0, moz:headless: false, moz:processID: 1382, moz:profile: /var/folders/1t/c55l8xzs6gq..., moz:shutdownTimeout: 60000, moz:useNonSpecCompliantPointerOrigin: false, moz:webdriverClick: true, pageLoadStrategy: normal, platform: MAC, platformName: MAC, platformVersion: 17.7.0, proxy: Proxy(direct), rotatable: false, setWindowRect: true, strictFileInteractability: false, timeouts: {implicit: 0, pageLoad: 300000, script: 30000}, unhandledPromptBehavior: dismiss and notify}
Session ID: 607097ba-98af-6a44-9b60-1ad9890b7540)

2019-05-27 15:13:28 - [MESSAGE][FAILED] - Unable to click on object 'Object Repository/OCS-MOBILE /Age gate and burger menu/Burger menu - English' (Root cause: org.openqa.selenium.ElementClickInterceptedException: Element <i class="hamburger-menu js-hamburger-menu icon icon--menu"> is not clickable at point (330,56) because another element <a class="menu__item--link js-menu__tier-one--link" href="#"> obscures it
Build info: version: '3.7.1', revision: '8a0099a', time: '2017-11-06T21:07:36.161Z'
System info: host: 'sumans-MacBook-Pro.local', ip: 'fe80:0:0:0:1c60:f35:3790:b4fa%en0', os.name: 'Mac OS X', os.arch: 'x86_64', os.version: '10.13.6', java.version: '1.8.0_181'
Driver info: com.kms.katalon.core.webui.driver.firefox.CGeckoDriver
Capabilities {acceptInsecureCerts: true, browserName: firefox, browserVersion: 67.0, javascriptEnabled: true, moz:accessibilityChecks: false, moz:buildID: 20190516215225, moz:geckodriverVersion: 0.23.0, moz:headless: false, moz:processID: 1382, moz:profile: /var/folders/1t/c55l8xzs6gq..., moz:shutdownTimeout: 60000, moz:useNonSpecCompliantPointerOrigin: false, moz:webdriverClick: true, pageLoadStrategy: normal, platform: MAC, platformName: MAC, platformVersion: 17.7.0, proxy: Proxy(direct), rotatable: false, setWindowRect: true, strictFileInteractability: false, timeouts: {implicit: 0, pageLoad: 300000, script: 30000}, unhandledPromptBehavior: dismiss and notify}
Session ID: 607097ba-98af-6a44-9b60-1ad9890b7540)
[[ATTACHMENT|/Users/sumankompelly/Katalon Studio/OCS ( QA- 1.9.1 ) /Reports/QA ( 1.9.1)/HP, PROD , AG/20190527_150258/1558984408918.png]]

2019-05-27 15:13:28 - [TEST_STEP][PASSED] - delay(2, CONTINUE_ON_FAILURE): Delayed 2 second(s)

2019-05-27 15:13:30 - [MESSAGE][PASSED] - Delayed 2 second(s)

2019-05-27 15:13:30 - [TEST_STEP][PASSED] - click(findTestObject("OCS-MOBILE /Accessories page/accessories chevron"), CONTINUE_ON_FAILURE): Object: 'Object Repository/OCS-MOBILE /Accessories page/accessories chevron' is clicked on

2019-05-27 15:13:31 - [MESSAGE][PASSED] - Object: 'Object Repository/OCS-MOBILE /Accessories page/accessories chevron' is clicked on

2019-05-27 15:13:31 - [TEST_STEP][PASSED] - delay(1, CONTINUE_ON_FAILURE): Delayed 1 second(s)

2019-05-27 15:13:32 - [MESSAGE][PASSED] - Delayed 1 second(s)

2019-05-27 15:13:32 - [TEST_STEP][FAILED] - click(findTestObject("OCS-MOBILE /Accessories page/Cleaning supplies"), CONTINUE_ON_FAILURE): Unable to click on object 'Object Repository/OCS-MOBILE /Accessories page/Cleaning supplies' (Root cause: org.openqa.selenium.ElementNotInteractableException: Element <i class="icon icon--forward menu__tier-three__link--icon"> could not be scrolled into view
Build info: version: '3.7.1', revision: '8a0099a', time: '2017-11-06T21:07:36.161Z'
System info: host: 'sumans-MacBook-Pro.local', ip: 'fe80:0:0:0:1c60:f35:3790:b4fa%en0', os.name: 'Mac OS X', os.arch: 'x86_64', os.version: '10.13.6', java.version: '1.8.0_181'
Driver info: com.kms.katalon.core.webui.driver.firefox.CGeckoDriver
Capabilities {acceptInsecureCerts: true, browserName: firefox, browserVersion: 67.0, javascriptEnabled: true, moz:accessibilityChecks: false, moz:buildID: 20190516215225, moz:geckodriverVersion: 0.23.0, moz:headless: false, moz:processID: 1382, moz:profile: /var/folders/1t/c55l8xzs6gq..., moz:shutdownTimeout: 60000, moz:useNonSpecCompliantPointerOrigin: false, moz:webdriverClick: true, pageLoadStrategy: normal, platform: MAC, platformName: MAC, platformVersion: 17.7.0, proxy: Proxy(direct), rotatable: false, setWindowRect: true, strictFileInteractability: false, timeouts: {implicit: 0, pageLoad: 300000, script: 30000}, unhandledPromptBehavior: dismiss and notify}
Session ID: 607097ba-98af-6a44-9b60-1ad9890b7540)

2019-05-27 15:13:32 - [MESSAGE][FAILED] - Unable to click on object 'Object Repository/OCS-MOBILE /Accessories page/Cleaning supplies' (Root cause: org.openqa.selenium.ElementNotInteractableException: Element <i class="icon icon--forward menu__tier-three__link--icon"> could not be scrolled into view
Build info: version: '3.7.1', revision: '8a0099a', time: '2017-11-06T21:07:36.161Z'
System info: host: 'sumans-MacBook-Pro.local', ip: 'fe80:0:0:0:1c60:f35:3790:b4fa%en0', os.name: 'Mac OS X', os.arch: 'x86_64', os.version: '10.13.6', java.version: '1.8.0_181'
Driver info: com.kms.katalon.core.webui.driver.firefox.CGeckoDriver
Capabilities {acceptInsecureCerts: true, browserName: firefox, browserVersion: 67.0, javascriptEnabled: true, moz:accessibilityChecks: false, moz:buildID: 20190516215225, moz:geckodriverVersion: 0.23.0, moz:headless: false, moz:processID: 1382, moz:profile: /var/folders/1t/c55l8xzs6gq..., moz:shutdownTimeout: 60000, moz:useNonSpecCompliantPointerOrigin: false, moz:webdriverClick: true, pageLoadStrategy: normal, platform: MAC, platformName: MAC, platformVersion: 17.7.0, proxy: Proxy(direct), rotatable: false, setWindowRect: true, strictFileInteractability: false, timeouts: {implicit: 0, pageLoad: 300000, script: 30000}, unhandledPromptBehavior: dismiss and notify}
Session ID: 607097ba-98af-6a44-9b60-1ad9890b7540)
[[ATTACHMENT|/Users/sumankompelly/Katalon Studio/OCS ( QA- 1.9.1 ) /Reports/QA ( 1.9.1)/HP, PROD , AG/20190527_150258/1558984412741.png]]

2019-05-27 15:13:32 - [TEST_STEP][PASSED] - delay(1, CONTINUE_ON_FAILURE): Delayed 1 second(s)

2019-05-27 15:40:14 - [MESSAGE][PASSED] - Delayed 1 second(s)

2019-05-27 15:40:14 - [TEST_STEP][PASSED] - a12 = getWindowTitle(CONTINUE_ON_FAILURE): Current window's title is: 'Handheld Pipes | Ontario Cannabis Store'

2019-05-27 15:40:14 - [MESSAGE][PASSED] - Current window's title is: 'Handheld Pipes | Ontario Cannabis Store'

2019-05-27 15:40:14 - [TEST_STEP][PASSED] - comment(a12): Handheld Pipes | Ontario Cannabis Store

2019-05-27 15:40:14 - [MESSAGE][INFO] - Handheld Pipes | Ontario Cannabis Store

2019-05-27 15:40:14 - [TEST_STEP][PASSED] - b12 = "Cleaning Supplies | Ontario Cannabis Store": null

2019-05-27 15:40:14 - [TEST_STEP][PASSED] - comment(b12): Cleaning Supplies | Ontario Cannabis Store

2019-05-27 15:40:14 - [MESSAGE][INFO] - Cleaning Supplies | Ontario Cannabis Store

2019-05-27 15:40:14 - [TEST_STEP][PASSED] - if (a12 == b12): null

2019-05-27 15:40:14 - [TEST_STEP][PASSED] - else: Some random page 

2019-05-27 15:40:14 - [TEST_STEP][PASSED] - comment("Some random page "): Some random page 

2019-05-27 15:40:14 - [MESSAGE][INFO] - Some random page 

2019-05-27 15:40:14 - [TEST_STEP][PASSED] - delay(1, CONTINUE_ON_FAILURE): Delayed 1 second(s)

2019-05-27 15:40:15 - [MESSAGE][PASSED] - Delayed 1 second(s)

2019-05-27 15:40:15 - [TEST_STEP][FAILED] - click(findTestObject("OCS-MOBILE /Age gate and burger menu/Burger menu - English"), CONTINUE_ON_FAILURE): Unable to click on object 'Object Repository/OCS-MOBILE /Age gate and burger menu/Burger menu - English' (Root cause: org.openqa.selenium.ElementClickInterceptedException: Element <i class="hamburger-menu js-hamburger-menu icon icon--menu"> is not clickable at point (330,56) because another element <a class="menu__item--link js-menu__tier-one--link" href="#"> obscures it
Build info: version: '3.7.1', revision: '8a0099a', time: '2017-11-06T21:07:36.161Z'
System info: host: 'sumans-MacBook-Pro.local', ip: 'fe80:0:0:0:1c60:f35:3790:b4fa%en0', os.name: 'Mac OS X', os.arch: 'x86_64', os.version: '10.13.6', java.version: '1.8.0_181'
Driver info: com.kms.katalon.core.webui.driver.firefox.CGeckoDriver
Capabilities {acceptInsecureCerts: true, browserName: firefox, browserVersion: 67.0, javascriptEnabled: true, moz:accessibilityChecks: false, moz:buildID: 20190516215225, moz:geckodriverVersion: 0.23.0, moz:headless: false, moz:processID: 1382, moz:profile: /var/folders/1t/c55l8xzs6gq..., moz:shutdownTimeout: 60000, moz:useNonSpecCompliantPointerOrigin: false, moz:webdriverClick: true, pageLoadStrategy: normal, platform: MAC, platformName: MAC, platformVersion: 17.7.0, proxy: Proxy(direct), rotatable: false, setWindowRect: true, strictFileInteractability: false, timeouts: {implicit: 0, pageLoad: 300000, script: 30000}, unhandledPromptBehavior: dismiss and notify}
Session ID: 607097ba-98af-6a44-9b60-1ad9890b7540)

2019-05-27 15:40:15 - [MESSAGE][FAILED] - Unable to click on object 'Object Repository/OCS-MOBILE /Age gate and burger menu/Burger menu - English' (Root cause: org.openqa.selenium.ElementClickInterceptedException: Element <i class="hamburger-menu js-hamburger-menu icon icon--menu"> is not clickable at point (330,56) because another element <a class="menu__item--link js-menu__tier-one--link" href="#"> obscures it
Build info: version: '3.7.1', revision: '8a0099a', time: '2017-11-06T21:07:36.161Z'
System info: host: 'sumans-MacBook-Pro.local', ip: 'fe80:0:0:0:1c60:f35:3790:b4fa%en0', os.name: 'Mac OS X', os.arch: 'x86_64', os.version: '10.13.6', java.version: '1.8.0_181'
Driver info: com.kms.katalon.core.webui.driver.firefox.CGeckoDriver
Capabilities {acceptInsecureCerts: true, browserName: firefox, browserVersion: 67.0, javascriptEnabled: true, moz:accessibilityChecks: false, moz:buildID: 20190516215225, moz:geckodriverVersion: 0.23.0, moz:headless: false, moz:processID: 1382, moz:profile: /var/folders/1t/c55l8xzs6gq..., moz:shutdownTimeout: 60000, moz:useNonSpecCompliantPointerOrigin: false, moz:webdriverClick: true, pageLoadStrategy: normal, platform: MAC, platformName: MAC, platformVersion: 17.7.0, proxy: Proxy(direct), rotatable: false, setWindowRect: true, strictFileInteractability: false, timeouts: {implicit: 0, pageLoad: 300000, script: 30000}, unhandledPromptBehavior: dismiss and notify}
Session ID: 607097ba-98af-6a44-9b60-1ad9890b7540)
[[ATTACHMENT|/Users/sumankompelly/Katalon Studio/OCS ( QA- 1.9.1 ) /Reports/QA ( 1.9.1)/HP, PROD , AG/20190527_150258/1558986015193.png]]

2019-05-27 15:40:15 - [TEST_STEP][PASSED] - delay(2, CONTINUE_ON_FAILURE): Delayed 2 second(s)

2019-05-27 15:40:17 - [MESSAGE][PASSED] - Delayed 2 second(s)

2019-05-27 15:40:17 - [TEST_STEP][PASSED] - click(findTestObject("OCS-MOBILE /Accessories page/accessories chevron"), CONTINUE_ON_FAILURE): Object: 'Object Repository/OCS-MOBILE /Accessories page/accessories chevron' is clicked on

2019-05-27 15:40:17 - [MESSAGE][PASSED] - Object: 'Object Repository/OCS-MOBILE /Accessories page/accessories chevron' is clicked on

2019-05-27 15:40:17 - [TEST_STEP][PASSED] - delay(1, CONTINUE_ON_FAILURE): Delayed 1 second(s)

2019-05-27 15:40:18 - [MESSAGE][PASSED] - Delayed 1 second(s)

2019-05-27 15:40:18 - [TEST_STEP][FAILED] - click(findTestObject("OCS-MOBILE /Accessories page/Storage"), CONTINUE_ON_FAILURE): Unable to click on object 'Object Repository/OCS-MOBILE /Accessories page/Storage' (Root cause: org.openqa.selenium.ElementNotInteractableException: Element <i class="icon icon--forward menu__tier-three__link--icon"> could not be scrolled into view
Build info: version: '3.7.1', revision: '8a0099a', time: '2017-11-06T21:07:36.161Z'
System info: host: 'sumans-MacBook-Pro.local', ip: 'fe80:0:0:0:1c60:f35:3790:b4fa%en0', os.name: 'Mac OS X', os.arch: 'x86_64', os.version: '10.13.6', java.version: '1.8.0_181'
Driver info: com.kms.katalon.core.webui.driver.firefox.CGeckoDriver
Capabilities {acceptInsecureCerts: true, browserName: firefox, browserVersion: 67.0, javascriptEnabled: true, moz:accessibilityChecks: false, moz:buildID: 20190516215225, moz:geckodriverVersion: 0.23.0, moz:headless: false, moz:processID: 1382, moz:profile: /var/folders/1t/c55l8xzs6gq..., moz:shutdownTimeout: 60000, moz:useNonSpecCompliantPointerOrigin: false, moz:webdriverClick: true, pageLoadStrategy: normal, platform: MAC, platformName: MAC, platformVersion: 17.7.0, proxy: Proxy(direct), rotatable: false, setWindowRect: true, strictFileInteractability: false, timeouts: {implicit: 0, pageLoad: 300000, script: 30000}, unhandledPromptBehavior: dismiss and notify}
Session ID: 607097ba-98af-6a44-9b60-1ad9890b7540)

2019-05-27 15:40:19 - [MESSAGE][FAILED] - Unable to click on object 'Object Repository/OCS-MOBILE /Accessories page/Storage' (Root cause: org.openqa.selenium.ElementNotInteractableException: Element <i class="icon icon--forward menu__tier-three__link--icon"> could not be scrolled into view
Build info: version: '3.7.1', revision: '8a0099a', time: '2017-11-06T21:07:36.161Z'
System info: host: 'sumans-MacBook-Pro.local', ip: 'fe80:0:0:0:1c60:f35:3790:b4fa%en0', os.name: 'Mac OS X', os.arch: 'x86_64', os.version: '10.13.6', java.version: '1.8.0_181'
Driver info: com.kms.katalon.core.webui.driver.firefox.CGeckoDriver
Capabilities {acceptInsecureCerts: true, browserName: firefox, browserVersion: 67.0, javascriptEnabled: true, moz:accessibilityChecks: false, moz:buildID: 20190516215225, moz:geckodriverVersion: 0.23.0, moz:headless: false, moz:processID: 1382, moz:profile: /var/folders/1t/c55l8xzs6gq..., moz:shutdownTimeout: 60000, moz:useNonSpecCompliantPointerOrigin: false, moz:webdriverClick: true, pageLoadStrategy: normal, platform: MAC, platformName: MAC, platformVersion: 17.7.0, proxy: Proxy(direct), rotatable: false, setWindowRect: true, strictFileInteractability: false, timeouts: {implicit: 0, pageLoad: 300000, script: 30000}, unhandledPromptBehavior: dismiss and notify}
Session ID: 607097ba-98af-6a44-9b60-1ad9890b7540)
[[ATTACHMENT|/Users/sumankompelly/Katalon Studio/OCS ( QA- 1.9.1 ) /Reports/QA ( 1.9.1)/HP, PROD , AG/20190527_150258/1558986019021.png]]

2019-05-27 15:40:19 - [TEST_STEP][PASSED] - delay(1, CONTINUE_ON_FAILURE): Delayed 1 second(s)

2019-05-27 15:40:20 - [MESSAGE][PASSED] - Delayed 1 second(s)

2019-05-27 15:40:20 - [TEST_STEP][PASSED] - a13 = getWindowTitle(CONTINUE_ON_FAILURE): Current window's title is: 'Handheld Pipes | Ontario Cannabis Store'

2019-05-27 15:40:20 - [MESSAGE][PASSED] - Current window's title is: 'Handheld Pipes | Ontario Cannabis Store'

2019-05-27 15:40:20 - [TEST_STEP][PASSED] - comment(a13): Handheld Pipes | Ontario Cannabis Store

2019-05-27 15:40:20 - [MESSAGE][INFO] - Handheld Pipes | Ontario Cannabis Store

2019-05-27 15:40:20 - [TEST_STEP][PASSED] - b13 = "Storage | Ontario Cannabis Store": null

2019-05-27 15:40:20 - [TEST_STEP][PASSED] - comment(b): Vaporizers | Ontario Cannabis Store

2019-05-27 15:40:20 - [MESSAGE][INFO] - Vaporizers | Ontario Cannabis Store

2019-05-27 15:40:20 - [TEST_STEP][PASSED] - if (a13 == b13): null

2019-05-27 15:40:20 - [TEST_STEP][PASSED] - else: Some random page 

2019-05-27 15:40:20 - [TEST_STEP][PASSED] - comment("Some random page "): Some random page 

2019-05-27 15:40:20 - [MESSAGE][INFO] - Some random page 

2019-05-27 15:40:20 - [TEST_STEP][PASSED] - delay(1, CONTINUE_ON_FAILURE): Delayed 1 second(s)

2019-05-27 15:40:21 - [MESSAGE][PASSED] - Delayed 1 second(s)

2019-05-27 15:40:21 - [TEST_STEP][FAILED] - click(findTestObject("OCS-MOBILE /Age gate and burger menu/Burger menu - English"), CONTINUE_ON_FAILURE): Unable to click on object 'Object Repository/OCS-MOBILE /Age gate and burger menu/Burger menu - English' (Root cause: org.openqa.selenium.ElementClickInterceptedException: Element <i class="hamburger-menu js-hamburger-menu icon icon--menu"> is not clickable at point (330,56) because another element <a class="menu__item--link js-menu__tier-one--link" href="#"> obscures it
Build info: version: '3.7.1', revision: '8a0099a', time: '2017-11-06T21:07:36.161Z'
System info: host: 'sumans-MacBook-Pro.local', ip: 'fe80:0:0:0:1c60:f35:3790:b4fa%en0', os.name: 'Mac OS X', os.arch: 'x86_64', os.version: '10.13.6', java.version: '1.8.0_181'
Driver info: com.kms.katalon.core.webui.driver.firefox.CGeckoDriver
Capabilities {acceptInsecureCerts: true, browserName: firefox, browserVersion: 67.0, javascriptEnabled: true, moz:accessibilityChecks: false, moz:buildID: 20190516215225, moz:geckodriverVersion: 0.23.0, moz:headless: false, moz:processID: 1382, moz:profile: /var/folders/1t/c55l8xzs6gq..., moz:shutdownTimeout: 60000, moz:useNonSpecCompliantPointerOrigin: false, moz:webdriverClick: true, pageLoadStrategy: normal, platform: MAC, platformName: MAC, platformVersion: 17.7.0, proxy: Proxy(direct), rotatable: false, setWindowRect: true, strictFileInteractability: false, timeouts: {implicit: 0, pageLoad: 300000, script: 30000}, unhandledPromptBehavior: dismiss and notify}
Session ID: 607097ba-98af-6a44-9b60-1ad9890b7540)

2019-05-27 15:40:21 - [MESSAGE][FAILED] - Unable to click on object 'Object Repository/OCS-MOBILE /Age gate and burger menu/Burger menu - English' (Root cause: org.openqa.selenium.ElementClickInterceptedException: Element <i class="hamburger-menu js-hamburger-menu icon icon--menu"> is not clickable at point (330,56) because another element <a class="menu__item--link js-menu__tier-one--link" href="#"> obscures it
Build info: version: '3.7.1', revision: '8a0099a', time: '2017-11-06T21:07:36.161Z'
System info: host: 'sumans-MacBook-Pro.local', ip: 'fe80:0:0:0:1c60:f35:3790:b4fa%en0', os.name: 'Mac OS X', os.arch: 'x86_64', os.version: '10.13.6', java.version: '1.8.0_181'
Driver info: com.kms.katalon.core.webui.driver.firefox.CGeckoDriver
Capabilities {acceptInsecureCerts: true, browserName: firefox, browserVersion: 67.0, javascriptEnabled: true, moz:accessibilityChecks: false, moz:buildID: 20190516215225, moz:geckodriverVersion: 0.23.0, moz:headless: false, moz:processID: 1382, moz:profile: /var/folders/1t/c55l8xzs6gq..., moz:shutdownTimeout: 60000, moz:useNonSpecCompliantPointerOrigin: false, moz:webdriverClick: true, pageLoadStrategy: normal, platform: MAC, platformName: MAC, platformVersion: 17.7.0, proxy: Proxy(direct), rotatable: false, setWindowRect: true, strictFileInteractability: false, timeouts: {implicit: 0, pageLoad: 300000, script: 30000}, unhandledPromptBehavior: dismiss and notify}
Session ID: 607097ba-98af-6a44-9b60-1ad9890b7540)
[[ATTACHMENT|/Users/sumankompelly/Katalon Studio/OCS ( QA- 1.9.1 ) /Reports/QA ( 1.9.1)/HP, PROD , AG/20190527_150258/1558986021105.png]]

2019-05-27 15:40:21 - [TEST_STEP][PASSED] - delay(2, CONTINUE_ON_FAILURE): Delayed 2 second(s)

2019-05-27 15:40:23 - [MESSAGE][PASSED] - Delayed 2 second(s)

2019-05-27 15:40:23 - [TEST_STEP][FAILED] - click(findTestObject("OCS-MOBILE /Accessories page/accessories chevron"), CONTINUE_ON_FAILURE): Unable to click on object 'Object Repository/OCS-MOBILE /Accessories page/accessories chevron' (Root cause: org.openqa.selenium.ElementNotInteractableException: Element <i class="icon icon--forward"> could not be scrolled into view
Build info: version: '3.7.1', revision: '8a0099a', time: '2017-11-06T21:07:36.161Z'
System info: host: 'sumans-MacBook-Pro.local', ip: 'fe80:0:0:0:1c60:f35:3790:b4fa%en0', os.name: 'Mac OS X', os.arch: 'x86_64', os.version: '10.13.6', java.version: '1.8.0_181'
Driver info: com.kms.katalon.core.webui.driver.firefox.CGeckoDriver
Capabilities {acceptInsecureCerts: true, browserName: firefox, browserVersion: 67.0, javascriptEnabled: true, moz:accessibilityChecks: false, moz:buildID: 20190516215225, moz:geckodriverVersion: 0.23.0, moz:headless: false, moz:processID: 1382, moz:profile: /var/folders/1t/c55l8xzs6gq..., moz:shutdownTimeout: 60000, moz:useNonSpecCompliantPointerOrigin: false, moz:webdriverClick: true, pageLoadStrategy: normal, platform: MAC, platformName: MAC, platformVersion: 17.7.0, proxy: Proxy(direct), rotatable: false, setWindowRect: true, strictFileInteractability: false, timeouts: {implicit: 0, pageLoad: 300000, script: 30000}, unhandledPromptBehavior: dismiss and notify}
Session ID: 607097ba-98af-6a44-9b60-1ad9890b7540)

2019-05-27 15:40:23 - [MESSAGE][FAILED] - Unable to click on object 'Object Repository/OCS-MOBILE /Accessories page/accessories chevron' (Root cause: org.openqa.selenium.ElementNotInteractableException: Element <i class="icon icon--forward"> could not be scrolled into view
Build info: version: '3.7.1', revision: '8a0099a', time: '2017-11-06T21:07:36.161Z'
System info: host: 'sumans-MacBook-Pro.local', ip: 'fe80:0:0:0:1c60:f35:3790:b4fa%en0', os.name: 'Mac OS X', os.arch: 'x86_64', os.version: '10.13.6', java.version: '1.8.0_181'
Driver info: com.kms.katalon.core.webui.driver.firefox.CGeckoDriver
Capabilities {acceptInsecureCerts: true, browserName: firefox, browserVersion: 67.0, javascriptEnabled: true, moz:accessibilityChecks: false, moz:buildID: 20190516215225, moz:geckodriverVersion: 0.23.0, moz:headless: false, moz:processID: 1382, moz:profile: /var/folders/1t/c55l8xzs6gq..., moz:shutdownTimeout: 60000, moz:useNonSpecCompliantPointerOrigin: false, moz:webdriverClick: true, pageLoadStrategy: normal, platform: MAC, platformName: MAC, platformVersion: 17.7.0, proxy: Proxy(direct), rotatable: false, setWindowRect: true, strictFileInteractability: false, timeouts: {implicit: 0, pageLoad: 300000, script: 30000}, unhandledPromptBehavior: dismiss and notify}
Session ID: 607097ba-98af-6a44-9b60-1ad9890b7540)
[[ATTACHMENT|/Users/sumankompelly/Katalon Studio/OCS ( QA- 1.9.1 ) /Reports/QA ( 1.9.1)/HP, PROD , AG/20190527_150258/1558986023177.png]]

2019-05-27 15:40:23 - [TEST_STEP][PASSED] - delay(1, CONTINUE_ON_FAILURE): Delayed 1 second(s)

2019-05-27 15:40:24 - [MESSAGE][PASSED] - Delayed 1 second(s)

2019-05-27 15:40:24 - [TEST_STEP][PASSED] - click(findTestObject("OCS-MOBILE /Accessories page/Trays"), CONTINUE_ON_FAILURE): Object: 'Object Repository/OCS-MOBILE /Accessories page/Trays' is clicked on

2019-05-27 15:40:28 - [MESSAGE][PASSED] - Object: 'Object Repository/OCS-MOBILE /Accessories page/Trays' is clicked on

2019-05-27 15:40:28 - [TEST_STEP][PASSED] - delay(1, CONTINUE_ON_FAILURE): Delayed 1 second(s)

2019-05-27 15:40:29 - [MESSAGE][PASSED] - Delayed 1 second(s)

2019-05-27 15:40:29 - [TEST_STEP][PASSED] - a14 = getWindowTitle(CONTINUE_ON_FAILURE): Current window's title is: 'Trays | Ontario Cannabis Store'

2019-05-27 15:40:29 - [MESSAGE][PASSED] - Current window's title is: 'Trays | Ontario Cannabis Store'

2019-05-27 15:40:29 - [TEST_STEP][PASSED] - comment(a14): Trays | Ontario Cannabis Store

2019-05-27 15:40:29 - [MESSAGE][INFO] - Trays | Ontario Cannabis Store

2019-05-27 15:40:29 - [TEST_STEP][PASSED] - b14 = "Trays | Ontario Cannabis Store": null

2019-05-27 15:40:29 - [TEST_STEP][PASSED] - comment(b14): Trays | Ontario Cannabis Store

2019-05-27 15:40:29 - [MESSAGE][INFO] - Trays | Ontario Cannabis Store

2019-05-27 15:40:29 - [TEST_STEP][PASSED] - if (a14 == b14): correct window page 

2019-05-27 15:40:29 - [TEST_STEP][PASSED] - comment("correct window page "): correct window page 

2019-05-27 15:40:29 - [MESSAGE][INFO] - correct window page 

2019-05-27 15:40:29 - [TEST_STEP][PASSED] - delay(1, CONTINUE_ON_FAILURE): Delayed 1 second(s)

2019-05-27 15:40:30 - [MESSAGE][PASSED] - Delayed 1 second(s)

2019-05-27 15:40:30 - [TEST_STEP][PASSED] - click(findTestObject("OCS-MOBILE /Age gate and burger menu/Burger menu - English"), CONTINUE_ON_FAILURE): Object: 'Object Repository/OCS-MOBILE /Age gate and burger menu/Burger menu - English' is clicked on

2019-05-27 15:40:30 - [MESSAGE][PASSED] - Object: 'Object Repository/OCS-MOBILE /Age gate and burger menu/Burger menu - English' is clicked on

2019-05-27 15:40:30 - [TEST_STEP][PASSED] - delay(2, CONTINUE_ON_FAILURE): Delayed 2 second(s)

2019-05-27 15:40:32 - [MESSAGE][PASSED] - Delayed 2 second(s)

2019-05-27 15:40:32 - [TEST_STEP][PASSED] - click(findTestObject("OCS-MOBILE /Accessories page/accessories chevron"), CONTINUE_ON_FAILURE): Object: 'Object Repository/OCS-MOBILE /Accessories page/accessories chevron' is clicked on

2019-05-27 15:40:32 - [MESSAGE][PASSED] - Object: 'Object Repository/OCS-MOBILE /Accessories page/accessories chevron' is clicked on

2019-05-27 15:40:32 - [TEST_STEP][PASSED] - delay(1, CONTINUE_ON_FAILURE): Delayed 1 second(s)

2019-05-27 15:40:33 - [MESSAGE][PASSED] - Delayed 1 second(s)

2019-05-27 15:40:33 - [TEST_STEP][PASSED] - click(findTestObject("OCS-MOBILE /Accessories page/Infusers"), CONTINUE_ON_FAILURE): Object: 'Object Repository/OCS-MOBILE /Accessories page/Infusers' is clicked on

2019-05-27 15:40:35 - [MESSAGE][PASSED] - Object: 'Object Repository/OCS-MOBILE /Accessories page/Infusers' is clicked on

2019-05-27 15:40:35 - [TEST_STEP][PASSED] - delay(1, CONTINUE_ON_FAILURE): Delayed 1 second(s)

2019-05-27 15:40:36 - [MESSAGE][PASSED] - Delayed 1 second(s)

2019-05-27 15:40:36 - [TEST_STEP][PASSED] - a15 = getWindowTitle(CONTINUE_ON_FAILURE): Current window's title is: 'Infusers | Ontario Cannabis Store'

2019-05-27 15:40:36 - [MESSAGE][PASSED] - Current window's title is: 'Infusers | Ontario Cannabis Store'

2019-05-27 15:40:36 - [TEST_STEP][PASSED] - comment(a15): Infusers | Ontario Cannabis Store

2019-05-27 15:40:36 - [MESSAGE][INFO] - Infusers | Ontario Cannabis Store

2019-05-27 15:40:36 - [TEST_STEP][PASSED] - b15 = "Infusers | Ontario Cannabis Store": null

2019-05-27 15:40:36 - [TEST_STEP][PASSED] - comment(b15): Infusers | Ontario Cannabis Store

2019-05-27 15:40:36 - [MESSAGE][INFO] - Infusers | Ontario Cannabis Store

2019-05-27 15:40:36 - [TEST_STEP][PASSED] - if (a15 == b15): correct window page 

2019-05-27 15:40:36 - [TEST_STEP][PASSED] - comment("correct window page "): correct window page 

2019-05-27 15:40:36 - [MESSAGE][INFO] - correct window page 

2019-05-27 15:40:36 - [TEST_STEP][PASSED] - delay(1, CONTINUE_ON_FAILURE): Delayed 1 second(s)

2019-05-27 15:40:37 - [MESSAGE][PASSED] - Delayed 1 second(s)

2019-05-27 15:40:37 - [TEST_STEP][PASSED] - click(findTestObject("OCS-MOBILE /Age gate and burger menu/Burger menu - English"), CONTINUE_ON_FAILURE): Object: 'Object Repository/OCS-MOBILE /Age gate and burger menu/Burger menu - English' is clicked on

2019-05-27 15:40:37 - [MESSAGE][PASSED] - Object: 'Object Repository/OCS-MOBILE /Age gate and burger menu/Burger menu - English' is clicked on

2019-05-27 15:40:37 - [TEST_STEP][PASSED] - delay(2, CONTINUE_ON_FAILURE): Delayed 2 second(s)

2019-05-27 15:40:39 - [MESSAGE][PASSED] - Delayed 2 second(s)

2019-05-27 15:40:39 - [TEST_STEP][PASSED] - click(findTestObject("OCS-MOBILE /Accessories page/accessories chevron"), CONTINUE_ON_FAILURE): Object: 'Object Repository/OCS-MOBILE /Accessories page/accessories chevron' is clicked on

2019-05-27 15:40:39 - [MESSAGE][PASSED] - Object: 'Object Repository/OCS-MOBILE /Accessories page/accessories chevron' is clicked on

2019-05-27 15:40:39 - [TEST_STEP][PASSED] - delay(1, CONTINUE_ON_FAILURE): Delayed 1 second(s)

2019-05-27 15:40:40 - [MESSAGE][PASSED] - Delayed 1 second(s)

2019-05-27 15:40:40 - [TEST_STEP][PASSED] - executeJavaScript("var previewBar = document.getElementById("preview-bar-iframe"); previewBar.style.display = "none";", []): Execute JavaScript 'var previewBar = document.getElementById("preview-bar-iframe"); previewBar.style.display = "none";' successfully

2019-05-27 15:40:40 - [MESSAGE][PASSED] - Execute JavaScript 'var previewBar = document.getElementById("preview-bar-iframe"); previewBar.style.display = "none";' successfully

2019-05-27 15:40:40 - [TEST_STEP][PASSED] - delay(1, CONTINUE_ON_FAILURE): Delayed 1 second(s)

2019-05-27 15:40:41 - [MESSAGE][PASSED] - Delayed 1 second(s)

2019-05-27 15:40:41 - [TEST_STEP][PASSED] - click(findTestObject("OCS-MOBILE /Accessories page/New accessories")): Object: 'Object Repository/OCS-MOBILE /Accessories page/New accessories' is clicked on

2019-05-27 15:40:43 - [MESSAGE][PASSED] - Object: 'Object Repository/OCS-MOBILE /Accessories page/New accessories' is clicked on

2019-05-27 15:40:43 - [TEST_STEP][PASSED] - delay(1, OPTIONAL): Delayed 1 second(s)

2019-05-27 15:40:44 - [MESSAGE][PASSED] - Delayed 1 second(s)

2019-05-27 15:40:44 - [TEST_STEP][PASSED] - click(findTestObject("OCS-MOBILE /Age gate and burger menu/Burger menu - English"), CONTINUE_ON_FAILURE): Object: 'Object Repository/OCS-MOBILE /Age gate and burger menu/Burger menu - English' is clicked on

2019-05-27 15:40:44 - [MESSAGE][PASSED] - Object: 'Object Repository/OCS-MOBILE /Age gate and burger menu/Burger menu - English' is clicked on

2019-05-27 15:40:44 - [TEST_STEP][PASSED] - delay(2, CONTINUE_ON_FAILURE): Delayed 2 second(s)

2019-05-27 15:40:46 - [MESSAGE][PASSED] - Delayed 2 second(s)

2019-05-27 15:40:46 - [TEST_STEP][PASSED] - click(findTestObject("OCS-MOBILE /Accessories page/accessories chevron"), CONTINUE_ON_FAILURE): Object: 'Object Repository/OCS-MOBILE /Accessories page/accessories chevron' is clicked on

2019-05-27 15:40:46 - [MESSAGE][PASSED] - Object: 'Object Repository/OCS-MOBILE /Accessories page/accessories chevron' is clicked on

2019-05-27 15:40:46 - [TEST_STEP][PASSED] - delay(1, CONTINUE_ON_FAILURE): Delayed 1 second(s)

2019-05-27 15:40:47 - [MESSAGE][PASSED] - Delayed 1 second(s)

2019-05-27 15:40:47 - [TEST_STEP][PASSED] - executeJavaScript("var previewBar = document.getElementById("preview-bar-iframe"); previewBar.style.display = "none";", []): Execute JavaScript 'var previewBar = document.getElementById("preview-bar-iframe"); previewBar.style.display = "none";' successfully

2019-05-27 15:40:47 - [MESSAGE][PASSED] - Execute JavaScript 'var previewBar = document.getElementById("preview-bar-iframe"); previewBar.style.display = "none";' successfully

2019-05-27 15:40:47 - [TEST_STEP][PASSED] - click(findTestObject("OCS-MOBILE /Accessories page/Storage _img")): Object: 'Object Repository/OCS-MOBILE /Accessories page/Storage _img' is clicked on

2019-05-27 15:40:50 - [MESSAGE][PASSED] - Object: 'Object Repository/OCS-MOBILE /Accessories page/Storage _img' is clicked on

2019-05-27 15:40:50 - [TEST_STEP][PASSED] - delay(1, CONTINUE_ON_FAILURE): Delayed 1 second(s)

2019-05-27 15:40:51 - [MESSAGE][PASSED] - Delayed 1 second(s)

2019-05-27 15:40:51 - [TEST_STEP][PASSED] - click(findTestObject("OCS-MOBILE /Age gate and burger menu/Burger menu - English"), CONTINUE_ON_FAILURE): Object: 'Object Repository/OCS-MOBILE /Age gate and burger menu/Burger menu - English' is clicked on

2019-05-27 15:40:51 - [MESSAGE][PASSED] - Object: 'Object Repository/OCS-MOBILE /Age gate and burger menu/Burger menu - English' is clicked on

2019-05-27 15:40:51 - [TEST_STEP][PASSED] - delay(2, CONTINUE_ON_FAILURE): Delayed 2 second(s)

2019-05-27 15:40:53 - [MESSAGE][PASSED] - Delayed 2 second(s)

2019-05-27 15:40:53 - [TEST_STEP][PASSED] - click(findTestObject("OCS-MOBILE /Accessories page/accessories chevron"), CONTINUE_ON_FAILURE): Object: 'Object Repository/OCS-MOBILE /Accessories page/accessories chevron' is clicked on

2019-05-27 15:40:54 - [MESSAGE][PASSED] - Object: 'Object Repository/OCS-MOBILE /Accessories page/accessories chevron' is clicked on

2019-05-27 15:40:54 - [TEST_STEP][PASSED] - delay(1, OPTIONAL): Delayed 1 second(s)

2019-05-27 15:40:55 - [MESSAGE][PASSED] - Delayed 1 second(s)

2019-05-27 15:40:55 - [TEST_STEP][PASSED] - executeJavaScript("var previewBar = document.getElementById("preview-bar-iframe"); previewBar.style.display = "none";", []): Execute JavaScript 'var previewBar = document.getElementById("preview-bar-iframe"); previewBar.style.display = "none";' successfully

2019-05-27 15:40:55 - [MESSAGE][PASSED] - Execute JavaScript 'var previewBar = document.getElementById("preview-bar-iframe"); previewBar.style.display = "none";' successfully

2019-05-27 15:40:55 - [TEST_STEP][PASSED] - delay(1, CONTINUE_ON_FAILURE): Delayed 1 second(s)

2019-05-27 15:40:56 - [MESSAGE][PASSED] - Delayed 1 second(s)

2019-05-27 15:40:56 - [TEST_STEP][FAILED] - click(findTestObject("OCS-MOBILE /Accessories page/Shop all acessories")): click(findTestObject("OCS-MOBILE /Accessories page/Shop all acessories")) FAILED.
Reason:
com.kms.katalon.core.exception.StepFailedException: Unable to click on object 'Object Repository/OCS-MOBILE /Accessories page/Papers -filters' (Root cause: org.openqa.selenium.ElementNotInteractableException: Element <i class="icon icon--forward menu__tier-three__link--icon"> could not be scrolled into view
Build info: version: '3.7.1', revision: '8a0099a', time: '2017-11-06T21:07:36.161Z'
System info: host: 'sumans-MacBook-Pro.local', ip: 'fe80:0:0:0:1c60:f35:3790:b4fa%en0', os.name: 'Mac OS X', os.arch: 'x86_64', os.version: '10.13.6', java.version: '1.8.0_181'
Driver info: com.kms.katalon.core.webui.driver.firefox.CGeckoDriver
Capabilities {acceptInsecureCerts: true, browserName: firefox, browserVersion: 67.0, javascriptEnabled: true, moz:accessibilityChecks: false, moz:buildID: 20190516215225, moz:geckodriverVersion: 0.23.0, moz:headless: false, moz:processID: 1382, moz:profile: /var/folders/1t/c55l8xzs6gq..., moz:shutdownTimeout: 60000, moz:useNonSpecCompliantPointerOrigin: false, moz:webdriverClick: true, pageLoadStrategy: normal, platform: MAC, platformName: MAC, platformVersion: 17.7.0, proxy: Proxy(direct), rotatable: false, setWindowRect: true, strictFileInteractability: false, timeouts: {implicit: 0, pageLoad: 300000, script: 30000}, unhandledPromptBehavior: dismiss and notify}
Session ID: 607097ba-98af-6a44-9b60-1ad9890b7540)
	at com.kms.katalon.core.keyword.internal.KeywordMain.stepFailed(KeywordMain.groovy:32)
	at com.kms.katalon.core.webui.keyword.internal.WebUIKeywordMain.stepFailed(WebUIKeywordMain.groovy:65)
	at com.kms.katalon.core.webui.keyword.internal.WebUIKeywordMain.runKeyword(WebUIKeywordMain.groovy:27)
	at com.kms.katalon.core.webui.keyword.builtin.ClickKeyword.click(ClickKeyword.groovy:86)
	at com.kms.katalon.core.webui.keyword.builtin.ClickKeyword.execute(ClickKeyword.groovy:67)
	at com.kms.katalon.core.keyword.internal.KeywordExecutor.executeKeywordForPlatform(KeywordExecutor.groovy:53)
	at com.kms.katalon.core.webui.keyword.WebUiBuiltInKeywords.click(WebUiBuiltInKeywords.groovy:604)
	at com.kms.katalon.core.webui.keyword.WebUiBuiltInKeywords$click$4.call(Unknown Source)
	at HP-Burger menu-Accessories.run(HP-Burger menu-Accessories:113)
	at com.kms.katalon.core.main.ScriptEngine.run(ScriptEngine.java:194)
	at com.kms.katalon.core.main.ScriptEngine.runScriptAsRawText(ScriptEngine.java:119)
	at com.kms.katalon.core.main.TestCaseExecutor.runScript(TestCaseExecutor.java:328)
	at com.kms.katalon.core.main.TestCaseExecutor.doExecute(TestCaseExecutor.java:319)
	at com.kms.katalon.core.main.TestCaseExecutor.processExecutionPhase(TestCaseExecutor.java:298)
	at com.kms.katalon.core.main.TestCaseExecutor.accessMainPhase(TestCaseExecutor.java:290)
	at com.kms.katalon.core.main.TestCaseExecutor.execute(TestCaseExecutor.java:224)
	at com.kms.katalon.core.main.TestSuiteExecutor.accessTestCaseMainPhase(TestSuiteExecutor.java:129)
	at com.kms.katalon.core.main.TestSuiteExecutor.accessTestSuiteMainPhase(TestSuiteExecutor.java:112)
	at com.kms.katalon.core.main.TestSuiteExecutor.execute(TestSuiteExecutor.java:81)
	at com.kms.katalon.core.main.TestCaseMain.startTestSuite(TestCaseMain.java:149)
	at com.kms.katalon.core.main.TestCaseMain$startTestSuite$0.call(Unknown Source)
	at TempTestSuite1558983778167.run(TempTestSuite1558983778167.groovy:36)


2019-05-27 15:40:59 - [MESSAGE][PASSED] - Object: 'Object Repository/OCS-MOBILE /Accessories page/Shop all acessories' is clicked on

2019-05-27 15:40:59 - [MESSAGE][FAILED] - click(findTestObject("OCS-MOBILE /Accessories page/Shop all acessories")) FAILED.
Reason:
com.kms.katalon.core.exception.StepFailedException: Unable to click on object 'Object Repository/OCS-MOBILE /Accessories page/Papers -filters' (Root cause: org.openqa.selenium.ElementNotInteractableException: Element <i class="icon icon--forward menu__tier-three__link--icon"> could not be scrolled into view
Build info: version: '3.7.1', revision: '8a0099a', time: '2017-11-06T21:07:36.161Z'
System info: host: 'sumans-MacBook-Pro.local', ip: 'fe80:0:0:0:1c60:f35:3790:b4fa%en0', os.name: 'Mac OS X', os.arch: 'x86_64', os.version: '10.13.6', java.version: '1.8.0_181'
Driver info: com.kms.katalon.core.webui.driver.firefox.CGeckoDriver
Capabilities {acceptInsecureCerts: true, browserName: firefox, browserVersion: 67.0, javascriptEnabled: true, moz:accessibilityChecks: false, moz:buildID: 20190516215225, moz:geckodriverVersion: 0.23.0, moz:headless: false, moz:processID: 1382, moz:profile: /var/folders/1t/c55l8xzs6gq..., moz:shutdownTimeout: 60000, moz:useNonSpecCompliantPointerOrigin: false, moz:webdriverClick: true, pageLoadStrategy: normal, platform: MAC, platformName: MAC, platformVersion: 17.7.0, proxy: Proxy(direct), rotatable: false, setWindowRect: true, strictFileInteractability: false, timeouts: {implicit: 0, pageLoad: 300000, script: 30000}, unhandledPromptBehavior: dismiss and notify}
Session ID: 607097ba-98af-6a44-9b60-1ad9890b7540)
	at com.kms.katalon.core.keyword.internal.KeywordMain.stepFailed(KeywordMain.groovy:32)
	at com.kms.katalon.core.webui.keyword.internal.WebUIKeywordMain.stepFailed(WebUIKeywordMain.groovy:65)
	at com.kms.katalon.core.webui.keyword.internal.WebUIKeywordMain.runKeyword(WebUIKeywordMain.groovy:27)
	at com.kms.katalon.core.webui.keyword.builtin.ClickKeyword.click(ClickKeyword.groovy:86)
	at com.kms.katalon.core.webui.keyword.builtin.ClickKeyword.execute(ClickKeyword.groovy:67)
	at com.kms.katalon.core.keyword.internal.KeywordExecutor.executeKeywordForPlatform(KeywordExecutor.groovy:53)
	at com.kms.katalon.core.webui.keyword.WebUiBuiltInKeywords.click(WebUiBuiltInKeywords.groovy:604)
	at com.kms.katalon.core.webui.keyword.WebUiBuiltInKeywords$click$4.call(Unknown Source)
	at HP-Burger menu-Accessories.run(HP-Burger menu-Accessories:113)
	at com.kms.katalon.core.main.ScriptEngine.run(ScriptEngine.java:194)
	at com.kms.katalon.core.main.ScriptEngine.runScriptAsRawText(ScriptEngine.java:119)
	at com.kms.katalon.core.main.TestCaseExecutor.runScript(TestCaseExecutor.java:328)
	at com.kms.katalon.core.main.TestCaseExecutor.doExecute(TestCaseExecutor.java:319)
	at com.kms.katalon.core.main.TestCaseExecutor.processExecutionPhase(TestCaseExecutor.java:298)
	at com.kms.katalon.core.main.TestCaseExecutor.accessMainPhase(TestCaseExecutor.java:290)
	at com.kms.katalon.core.main.TestCaseExecutor.execute(TestCaseExecutor.java:224)
	at com.kms.katalon.core.main.TestSuiteExecutor.accessTestCaseMainPhase(TestSuiteExecutor.java:129)
	at com.kms.katalon.core.main.TestSuiteExecutor.accessTestSuiteMainPhase(TestSuiteExecutor.java:112)
	at com.kms.katalon.core.main.TestSuiteExecutor.execute(TestSuiteExecutor.java:81)
	at com.kms.katalon.core.main.TestCaseMain.startTestSuite(TestCaseMain.java:149)
	at com.kms.katalon.core.main.TestCaseMain$startTestSuite$0.call(Unknown Source)
	at TempTestSuite1558983778167.run(TempTestSuite1558983778167.groovy:36)]]></system-out>
         <system-err><![CDATA[2019-05-27 15:12:22 - [TEST_CASE][FAILED] - Test Cases/OCS - MOBILE/OCS- HOME PAGE/HP-Burger menu-Accessories: Test Cases/OCS - MOBILE/OCS- HOME PAGE/HP-Burger menu-Accessories FAILED.
Reason:
com.kms.katalon.core.exception.StepFailedException: Unable to click on object 'Object Repository/OCS-MOBILE /Accessories page/Papers -filters' (Root cause: org.openqa.selenium.ElementNotInteractableException: Element <i class="icon icon--forward menu__tier-three__link--icon"> could not be scrolled into view
Build info: version: '3.7.1', revision: '8a0099a', time: '2017-11-06T21:07:36.161Z'
System info: host: 'sumans-MacBook-Pro.local', ip: 'fe80:0:0:0:1c60:f35:3790:b4fa%en0', os.name: 'Mac OS X', os.arch: 'x86_64', os.version: '10.13.6', java.version: '1.8.0_181'
Driver info: com.kms.katalon.core.webui.driver.firefox.CGeckoDriver
Capabilities {acceptInsecureCerts: true, browserName: firefox, browserVersion: 67.0, javascriptEnabled: true, moz:accessibilityChecks: false, moz:buildID: 20190516215225, moz:geckodriverVersion: 0.23.0, moz:headless: false, moz:processID: 1382, moz:profile: /var/folders/1t/c55l8xzs6gq..., moz:shutdownTimeout: 60000, moz:useNonSpecCompliantPointerOrigin: false, moz:webdriverClick: true, pageLoadStrategy: normal, platform: MAC, platformName: MAC, platformVersion: 17.7.0, proxy: Proxy(direct), rotatable: false, setWindowRect: true, strictFileInteractability: false, timeouts: {implicit: 0, pageLoad: 300000, script: 30000}, unhandledPromptBehavior: dismiss and notify}
Session ID: 607097ba-98af-6a44-9b60-1ad9890b7540)
	at com.kms.katalon.core.keyword.internal.KeywordMain.stepFailed(KeywordMain.groovy:32)
	at com.kms.katalon.core.webui.keyword.internal.WebUIKeywordMain.stepFailed(WebUIKeywordMain.groovy:65)
	at com.kms.katalon.core.webui.keyword.internal.WebUIKeywordMain.runKeyword(WebUIKeywordMain.groovy:27)
	at com.kms.katalon.core.webui.keyword.builtin.ClickKeyword.click(ClickKeyword.groovy:86)
	at com.kms.katalon.core.webui.keyword.builtin.ClickKeyword.execute(ClickKeyword.groovy:67)
	at com.kms.katalon.core.keyword.internal.KeywordExecutor.executeKeywordForPlatform(KeywordExecutor.groovy:53)
	at com.kms.katalon.core.webui.keyword.WebUiBuiltInKeywords.click(WebUiBuiltInKeywords.groovy:604)
	at com.kms.katalon.core.webui.keyword.WebUiBuiltInKeywords$click$4.call(Unknown Source)
	at HP-Burger menu-Accessories.run(HP-Burger menu-Accessories:113)
	at com.kms.katalon.core.main.ScriptEngine.run(ScriptEngine.java:194)
	at com.kms.katalon.core.main.ScriptEngine.runScriptAsRawText(ScriptEngine.java:119)
	at com.kms.katalon.core.main.TestCaseExecutor.runScript(TestCaseExecutor.java:328)
	at com.kms.katalon.core.main.TestCaseExecutor.doExecute(TestCaseExecutor.java:319)
	at com.kms.katalon.core.main.TestCaseExecutor.processExecutionPhase(TestCaseExecutor.java:298)
	at com.kms.katalon.core.main.TestCaseExecutor.accessMainPhase(TestCaseExecutor.java:290)
	at com.kms.katalon.core.main.TestCaseExecutor.execute(TestCaseExecutor.java:224)
	at com.kms.katalon.core.main.TestSuiteExecutor.accessTestCaseMainPhase(TestSuiteExecutor.java:129)
	at com.kms.katalon.core.main.TestSuiteExecutor.accessTestSuiteMainPhase(TestSuiteExecutor.java:112)
	at com.kms.katalon.core.main.TestSuiteExecutor.execute(TestSuiteExecutor.java:81)
	at com.kms.katalon.core.main.TestCaseMain.startTestSuite(TestCaseMain.java:149)
	at com.kms.katalon.core.main.TestCaseMain$startTestSuite$0.call(Unknown Source)
	at TempTestSuite1558983778167.run(TempTestSuite1558983778167.groovy:36)]]></system-err>
      </testcase>
      <testcase name="Test Cases/OCS - MOBILE/OCS- PRODUCT PAGE/Add to bag CTA" classname="Test Cases/OCS - MOBILE/OCS- PRODUCT PAGE/Add to bag CTA" status="PASSED">
         <system-out><![CDATA[2019-05-27 15:40:59 - [TEST_CASE][PASSED] - Test Cases/OCS - MOBILE/OCS- PRODUCT PAGE/Add to bag CTA: Test Cases/OCS - MOBILE/OCS- PRODUCT PAGE/Add to bag CTA

2019-05-27 15:40:59 - [TEST_STEP][PASSED] - callTestCase(findTestCase("OCS - MOBILE/CALL - PDP"), [:], STOP_ON_FAILURE): Call Test Case 'Test Cases/OCS - MOBILE/CALL - PDP' successfully

2019-05-27 15:40:59 - [TEST_CASE][PASSED] - Test Cases/OCS - MOBILE/CALL - PDP: Test Cases/OCS - MOBILE/CALL - PDP

2019-05-27 15:40:59 - [TEST_STEP][PASSED] - openBrowser(""): Browser is opened with url: ''

2019-05-27 15:40:59 - [MESSAGE][WARNING] - A browser is already opened. Closing browser and opening a new one

2019-05-27 15:41:00 - [MESSAGE][INFO] - Starting 'Firefox' driver

2019-05-27 15:41:02 - [MESSAGE][PASSED] - Browser is opened with url: ''

2019-05-27 15:41:02 - [TEST_STEP][PASSED] - navigateToUrl("https://ocs.ca/?fts=0&preview_theme_id=53376026444"): Navigate to 'https://ocs.ca/?fts=0&preview_theme_id=53376026444' successfully

2019-05-27 15:41:13 - [MESSAGE][PASSED] - Navigate to 'https://ocs.ca/?fts=0&preview_theme_id=53376026444' successfully

2019-05-27 15:41:13 - [TEST_STEP][NOT_RUN] - executeJavaScript("var previewBar = document.getElementById("preview-bar-iframe"); previewBar.style.display = "none";", []): NOT_RUN: executeJavaScript("var previewBar = document.getElementById("preview-bar-iframe"); previewBar.style.display = "none";", [])

2019-05-27 15:41:13 - [MESSAGE][NOT_RUN] - NOT_RUN: executeJavaScript("var previewBar = document.getElementById("preview-bar-iframe"); previewBar.style.display = "none";", [])

2019-05-27 15:41:13 - [TEST_STEP][PASSED] - setViewPortSize(360, 800): Viewport is set to new size with width = 360 and height = 800

2019-05-27 15:41:13 - [MESSAGE][PASSED] - Viewport is set to new size with width = 360 and height = 800

2019-05-27 15:41:13 - [TEST_STEP][PASSED] - delay(4): Delayed 4 second(s)

2019-05-27 15:41:17 - [MESSAGE][PASSED] - Delayed 4 second(s)

2019-05-27 15:41:17 - [TEST_STEP][PASSED] - selectOptionByValue(findTestObject("OCS-MOBILE /Age gate and burger menu/Date"), "12", true): All options with value '12' are selected in object 'Object Repository/OCS-MOBILE /Age gate and burger menu/Date'  using regular expression

2019-05-27 15:41:18 - [MESSAGE][PASSED] - All options with value '12' are selected in object 'Object Repository/OCS-MOBILE /Age gate and burger menu/Date'  using regular expression

2019-05-27 15:41:18 - [TEST_STEP][PASSED] - selectOptionByValue(findTestObject("OCS-MOBILE /Age gate and burger menu/month"), "6", true): All options with value '6' are selected in object 'Object Repository/OCS-MOBILE /Age gate and burger menu/month'  using regular expression

2019-05-27 15:41:18 - [MESSAGE][PASSED] - All options with value '6' are selected in object 'Object Repository/OCS-MOBILE /Age gate and burger menu/month'  using regular expression

2019-05-27 15:41:18 - [TEST_STEP][PASSED] - delay(2): Delayed 2 second(s)

2019-05-27 15:41:20 - [MESSAGE][PASSED] - Delayed 2 second(s)

2019-05-27 15:41:20 - [TEST_STEP][PASSED] - selectOptionByValue(findTestObject("OCS-MOBILE /Age gate and burger menu/Year Dropdown"), "1990", true): All options with value '1990' are selected in object 'Object Repository/OCS-MOBILE /Age gate and burger menu/Year Dropdown'  using regular expression

2019-05-27 15:41:22 - [MESSAGE][PASSED] - All options with value '1990' are selected in object 'Object Repository/OCS-MOBILE /Age gate and burger menu/Year Dropdown'  using regular expression

2019-05-27 15:41:22 - [TEST_STEP][PASSED] - click(findTestObject("OCS-MOBILE /Age gate and burger menu/button_Verify")): Object: 'Object Repository/OCS-MOBILE /Age gate and burger menu/button_Verify' is clicked on

2019-05-27 15:41:22 - [MESSAGE][PASSED] - Object: 'Object Repository/OCS-MOBILE /Age gate and burger menu/button_Verify' is clicked on

2019-05-27 15:41:22 - [TEST_STEP][PASSED] - click(findTestObject("OCS-MOBILE /Age gate and burger menu/Checkbox_CONFIRM AND ACKNOWLEDGE")): Object: 'Object Repository/OCS-MOBILE /Age gate and burger menu/Checkbox_CONFIRM AND ACKNOWLEDGE' is clicked on

2019-05-27 15:41:23 - [MESSAGE][PASSED] - Object: 'Object Repository/OCS-MOBILE /Age gate and burger menu/Checkbox_CONFIRM AND ACKNOWLEDGE' is clicked on

2019-05-27 15:41:23 - [TEST_STEP][PASSED] - click(findTestObject("OCS-MOBILE /Age gate and burger menu/button_CONFIRM")): Object: 'Object Repository/OCS-MOBILE /Age gate and burger menu/button_CONFIRM' is clicked on

2019-05-27 15:41:23 - [MESSAGE][PASSED] - Object: 'Object Repository/OCS-MOBILE /Age gate and burger menu/button_CONFIRM' is clicked on

2019-05-27 15:41:23 - [TEST_STEP][PASSED] - click(findTestObject("OCS-MOBILE /Age gate and burger menu/button_Start Browsing")): Object: 'Object Repository/OCS-MOBILE /Age gate and burger menu/button_Start Browsing' is clicked on

2019-05-27 15:41:23 - [MESSAGE][PASSED] - Object: 'Object Repository/OCS-MOBILE /Age gate and burger menu/button_Start Browsing' is clicked on

2019-05-27 15:41:23 - [TEST_STEP][PASSED] - delay(2): Delayed 2 second(s)

2019-05-27 15:41:25 - [MESSAGE][PASSED] - Delayed 2 second(s)

2019-05-27 15:41:25 - [TEST_STEP][PASSED] - click(findTestObject("OCS-MOBILE /Age gate and burger menu/Burger menu - English")): Object: 'Object Repository/OCS-MOBILE /Age gate and burger menu/Burger menu - English' is clicked on

2019-05-27 15:41:25 - [MESSAGE][PASSED] - Object: 'Object Repository/OCS-MOBILE /Age gate and burger menu/Burger menu - English' is clicked on

2019-05-27 15:41:25 - [TEST_STEP][PASSED] - delay(2): Delayed 2 second(s)

2019-05-27 15:41:27 - [MESSAGE][PASSED] - Delayed 2 second(s)

2019-05-27 15:41:27 - [TEST_STEP][PASSED] - click(findTestObject("OCS-MOBILE /Age gate and burger menu/Chevron_Cannabis")): Object: 'Object Repository/OCS-MOBILE /Age gate and burger menu/Chevron_Cannabis' is clicked on

2019-05-27 15:41:28 - [MESSAGE][PASSED] - Object: 'Object Repository/OCS-MOBILE /Age gate and burger menu/Chevron_Cannabis' is clicked on

2019-05-27 15:41:28 - [TEST_STEP][PASSED] - delay(2): Delayed 2 second(s)

2019-05-27 15:41:30 - [MESSAGE][PASSED] - Delayed 2 second(s)

2019-05-27 15:41:30 - [TEST_STEP][PASSED] - click(findTestObject("OCS-MOBILE /Age gate and burger menu/Dried Flower_Plus icon")): Object: 'Object Repository/OCS-MOBILE /Age gate and burger menu/Dried Flower_Plus icon' is clicked on

2019-05-27 15:41:30 - [MESSAGE][PASSED] - Object: 'Object Repository/OCS-MOBILE /Age gate and burger menu/Dried Flower_Plus icon' is clicked on

2019-05-27 15:41:30 - [TEST_STEP][PASSED] - delay(2): Delayed 2 second(s)

2019-05-27 15:41:32 - [MESSAGE][PASSED] - Delayed 2 second(s)

2019-05-27 15:41:32 - [TEST_STEP][PASSED] - click(findTestObject("OCS-MOBILE /Age gate and burger menu/Indica Dominant_Menu item")): Object: 'Object Repository/OCS-MOBILE /Age gate and burger menu/Indica Dominant_Menu item' is clicked on

2019-05-27 15:41:34 - [MESSAGE][PASSED] - Object: 'Object Repository/OCS-MOBILE /Age gate and burger menu/Indica Dominant_Menu item' is clicked on

2019-05-27 15:41:34 - [TEST_STEP][PASSED] - delay(2): Delayed 2 second(s)

2019-05-27 15:41:36 - [MESSAGE][PASSED] - Delayed 2 second(s)

2019-05-27 15:41:36 - [TEST_STEP][PASSED] - click(findTestObject("OCS-MOBILE /Collection page/Product image - 1st one")): Object: 'Object Repository/OCS-MOBILE /Collection page/Product image - 1st one' is clicked on

2019-05-27 15:41:39 - [MESSAGE][PASSED] - Object: 'Object Repository/OCS-MOBILE /Collection page/Product image - 1st one' is clicked on

2019-05-27 15:41:39 - [TEST_STEP][PASSED] - delay(2): Delayed 2 second(s)

2019-05-27 15:41:41 - [MESSAGE][PASSED] - Delayed 2 second(s)

2019-05-27 15:41:41 - [TEST_STEP][PASSED] - executeJavaScript("var previewBar = document.getElementById("preview-bar-iframe"); previewBar.style.display = "none";", []): Execute JavaScript 'var previewBar = document.getElementById("preview-bar-iframe"); previewBar.style.display = "none";' successfully

2019-05-27 15:41:41 - [MESSAGE][PASSED] - Execute JavaScript 'var previewBar = document.getElementById("preview-bar-iframe"); previewBar.style.display = "none";' successfully

2019-05-27 15:41:41 - [MESSAGE][PASSED] - Call Test Case 'Test Cases/OCS - MOBILE/CALL - PDP' successfully

2019-05-27 15:41:41 - [TEST_STEP][PASSED] - executeJavaScript("var previewBar = document.getElementById("preview-bar-iframe"); previewBar.style.display = "none";", []): Execute JavaScript 'var previewBar = document.getElementById("preview-bar-iframe"); previewBar.style.display = "none";' successfully

2019-05-27 15:41:41 - [MESSAGE][PASSED] - Execute JavaScript 'var previewBar = document.getElementById("preview-bar-iframe"); previewBar.style.display = "none";' successfully

2019-05-27 15:41:41 - [TEST_STEP][PASSED] - scrollToElement(findTestObject("OCS-MOBILE /Product page/Product image"), 1): Scroll to object 'Object Repository/OCS-MOBILE /Product page/Product image' successfully

2019-05-27 15:41:41 - [MESSAGE][PASSED] - Scroll to object 'Object Repository/OCS-MOBILE /Product page/Product image' successfully

2019-05-27 15:41:41 - [TEST_STEP][PASSED] - delay(2): Delayed 2 second(s)

2019-05-27 15:41:43 - [MESSAGE][PASSED] - Delayed 2 second(s)

2019-05-27 15:41:43 - [TEST_STEP][PASSED] - click(findTestObject("OCS-MOBILE /Product page/Swatch_1g")): Object: 'Object Repository/OCS-MOBILE /Product page/Swatch_1g' is clicked on

2019-05-27 15:41:43 - [MESSAGE][PASSED] - Object: 'Object Repository/OCS-MOBILE /Product page/Swatch_1g' is clicked on

2019-05-27 15:41:43 - [TEST_STEP][PASSED] - scrollToElement(findTestObject("OCS-MOBILE /Product page/Swatch_3.5g"), 1): Scroll to object 'Object Repository/OCS-MOBILE /Product page/Swatch_3.5g' successfully

2019-05-27 15:41:43 - [MESSAGE][PASSED] - Scroll to object 'Object Repository/OCS-MOBILE /Product page/Swatch_3.5g' successfully

2019-05-27 15:41:43 - [TEST_STEP][PASSED] - delay(2): Delayed 2 second(s)

2019-05-27 15:41:45 - [MESSAGE][PASSED] - Delayed 2 second(s)

2019-05-27 15:41:45 - [TEST_STEP][PASSED] - click(findTestObject("OCS-MOBILE /Product page/Add to Bag-button")): Object: 'Object Repository/OCS-MOBILE /Product page/Add to Bag-button' is clicked on

2019-05-27 15:41:46 - [MESSAGE][PASSED] - Object: 'Object Repository/OCS-MOBILE /Product page/Add to Bag-button' is clicked on

2019-05-27 15:41:46 - [TEST_STEP][PASSED] - delay(1): Delayed 1 second(s)

2019-05-27 15:41:47 - [MESSAGE][PASSED] - Delayed 1 second(s)

2019-05-27 15:41:47 - [TEST_STEP][PASSED] - click(findTestObject("OCS-MOBILE /Home - page/Cart icon -bag")): Object: 'Object Repository/OCS-MOBILE /Home - page/Cart icon -bag' is clicked on

2019-05-27 15:41:47 - [MESSAGE][PASSED] - Object: 'Object Repository/OCS-MOBILE /Home - page/Cart icon -bag' is clicked on

2019-05-27 15:41:47 - [TEST_STEP][PASSED] - delay(1): Delayed 1 second(s)

2019-05-27 15:41:48 - [MESSAGE][PASSED] - Delayed 1 second(s)

2019-05-27 15:41:48 - [TEST_STEP][PASSED] - verifyElementPresent(findTestObject("OCS-MOBILE /Cart flyout/Cart - 1st item"), 2): Object 'Object Repository/OCS-MOBILE /Cart flyout/Cart - 1st item' is present

2019-05-27 15:41:48 - [MESSAGE][PASSED] - Object 'Object Repository/OCS-MOBILE /Cart flyout/Cart - 1st item' is present

2019-05-27 15:41:48 - [TEST_STEP][PASSED] - delay(1): Delayed 1 second(s)

2019-05-27 15:41:49 - [MESSAGE][PASSED] - Delayed 1 second(s)

2019-05-27 15:41:49 - [TEST_STEP][PASSED] - click(findTestObject("OCS-MOBILE /Cart flyout/Back icon")): Object: 'Object Repository/OCS-MOBILE /Cart flyout/Back icon' is clicked on

2019-05-27 15:41:49 - [MESSAGE][PASSED] - Object: 'Object Repository/OCS-MOBILE /Cart flyout/Back icon' is clicked on

2019-05-27 15:41:49 - [TEST_STEP][PASSED] - closeBrowser(): Browser is closed

2019-05-27 15:41:50 - [MESSAGE][PASSED] - Browser is closed]]></system-out>
         <system-err><![CDATA[]]></system-err>
      </testcase>
      <testcase name="Test Cases/OCS - MOBILE/OCS- PRODUCT PAGE/Shop all of our products" classname="Test Cases/OCS - MOBILE/OCS- PRODUCT PAGE/Shop all of our products" status="PASSED">
         <system-out><![CDATA[2019-05-27 15:41:50 - [TEST_CASE][PASSED] - Test Cases/OCS - MOBILE/OCS- PRODUCT PAGE/Shop all of our products: Test Cases/OCS - MOBILE/OCS- PRODUCT PAGE/Shop all of our products

2019-05-27 15:41:50 - [TEST_STEP][PASSED] - callTestCase(findTestCase("OCS - MOBILE/CALL - PDP"), [:], STOP_ON_FAILURE): Call Test Case 'Test Cases/OCS - MOBILE/CALL - PDP' successfully

2019-05-27 15:41:50 - [TEST_CASE][PASSED] - Test Cases/OCS - MOBILE/CALL - PDP: Test Cases/OCS - MOBILE/CALL - PDP

2019-05-27 15:41:50 - [TEST_STEP][PASSED] - openBrowser(""): Browser is opened with url: ''

2019-05-27 15:41:50 - [MESSAGE][INFO] - Starting 'Firefox' driver

2019-05-27 15:41:52 - [MESSAGE][PASSED] - Browser is opened with url: ''

2019-05-27 15:41:52 - [TEST_STEP][PASSED] - navigateToUrl("https://ocs.ca/?fts=0&preview_theme_id=53376026444"): Navigate to 'https://ocs.ca/?fts=0&preview_theme_id=53376026444' successfully

2019-05-27 15:41:59 - [MESSAGE][PASSED] - Navigate to 'https://ocs.ca/?fts=0&preview_theme_id=53376026444' successfully

2019-05-27 15:41:59 - [TEST_STEP][NOT_RUN] - executeJavaScript("var previewBar = document.getElementById("preview-bar-iframe"); previewBar.style.display = "none";", []): NOT_RUN: executeJavaScript("var previewBar = document.getElementById("preview-bar-iframe"); previewBar.style.display = "none";", [])

2019-05-27 15:41:59 - [MESSAGE][NOT_RUN] - NOT_RUN: executeJavaScript("var previewBar = document.getElementById("preview-bar-iframe"); previewBar.style.display = "none";", [])

2019-05-27 15:41:59 - [TEST_STEP][PASSED] - setViewPortSize(360, 800): Viewport is set to new size with width = 360 and height = 800

2019-05-27 15:41:59 - [MESSAGE][PASSED] - Viewport is set to new size with width = 360 and height = 800

2019-05-27 15:41:59 - [TEST_STEP][PASSED] - delay(4): Delayed 4 second(s)

2019-05-27 15:42:03 - [MESSAGE][PASSED] - Delayed 4 second(s)

2019-05-27 15:42:03 - [TEST_STEP][PASSED] - selectOptionByValue(findTestObject("OCS-MOBILE /Age gate and burger menu/Date"), "12", true): All options with value '12' are selected in object 'Object Repository/OCS-MOBILE /Age gate and burger menu/Date'  using regular expression

2019-05-27 15:42:04 - [MESSAGE][PASSED] - All options with value '12' are selected in object 'Object Repository/OCS-MOBILE /Age gate and burger menu/Date'  using regular expression

2019-05-27 15:42:04 - [TEST_STEP][PASSED] - selectOptionByValue(findTestObject("OCS-MOBILE /Age gate and burger menu/month"), "6", true): All options with value '6' are selected in object 'Object Repository/OCS-MOBILE /Age gate and burger menu/month'  using regular expression

2019-05-27 15:42:05 - [MESSAGE][PASSED] - All options with value '6' are selected in object 'Object Repository/OCS-MOBILE /Age gate and burger menu/month'  using regular expression

2019-05-27 15:42:05 - [TEST_STEP][PASSED] - delay(2): Delayed 2 second(s)

2019-05-27 15:42:07 - [MESSAGE][PASSED] - Delayed 2 second(s)

2019-05-27 15:42:07 - [TEST_STEP][PASSED] - selectOptionByValue(findTestObject("OCS-MOBILE /Age gate and burger menu/Year Dropdown"), "1990", true): All options with value '1990' are selected in object 'Object Repository/OCS-MOBILE /Age gate and burger menu/Year Dropdown'  using regular expression

2019-05-27 15:42:08 - [MESSAGE][PASSED] - All options with value '1990' are selected in object 'Object Repository/OCS-MOBILE /Age gate and burger menu/Year Dropdown'  using regular expression

2019-05-27 15:42:08 - [TEST_STEP][PASSED] - click(findTestObject("OCS-MOBILE /Age gate and burger menu/button_Verify")): Object: 'Object Repository/OCS-MOBILE /Age gate and burger menu/button_Verify' is clicked on

2019-05-27 15:42:09 - [MESSAGE][PASSED] - Object: 'Object Repository/OCS-MOBILE /Age gate and burger menu/button_Verify' is clicked on

2019-05-27 15:42:09 - [TEST_STEP][PASSED] - click(findTestObject("OCS-MOBILE /Age gate and burger menu/Checkbox_CONFIRM AND ACKNOWLEDGE")): Object: 'Object Repository/OCS-MOBILE /Age gate and burger menu/Checkbox_CONFIRM AND ACKNOWLEDGE' is clicked on

2019-05-27 15:42:09 - [MESSAGE][PASSED] - Object: 'Object Repository/OCS-MOBILE /Age gate and burger menu/Checkbox_CONFIRM AND ACKNOWLEDGE' is clicked on

2019-05-27 15:42:09 - [TEST_STEP][PASSED] - click(findTestObject("OCS-MOBILE /Age gate and burger menu/button_CONFIRM")): Object: 'Object Repository/OCS-MOBILE /Age gate and burger menu/button_CONFIRM' is clicked on

2019-05-27 15:42:09 - [MESSAGE][PASSED] - Object: 'Object Repository/OCS-MOBILE /Age gate and burger menu/button_CONFIRM' is clicked on

2019-05-27 15:42:09 - [TEST_STEP][PASSED] - click(findTestObject("OCS-MOBILE /Age gate and burger menu/button_Start Browsing")): Object: 'Object Repository/OCS-MOBILE /Age gate and burger menu/button_Start Browsing' is clicked on

2019-05-27 15:42:09 - [MESSAGE][PASSED] - Object: 'Object Repository/OCS-MOBILE /Age gate and burger menu/button_Start Browsing' is clicked on

2019-05-27 15:42:09 - [TEST_STEP][PASSED] - delay(2): Delayed 2 second(s)

2019-05-27 15:42:11 - [MESSAGE][PASSED] - Delayed 2 second(s)

2019-05-27 15:42:11 - [TEST_STEP][PASSED] - click(findTestObject("OCS-MOBILE /Age gate and burger menu/Burger menu - English")): Object: 'Object Repository/OCS-MOBILE /Age gate and burger menu/Burger menu - English' is clicked on

2019-05-27 15:42:12 - [MESSAGE][PASSED] - Object: 'Object Repository/OCS-MOBILE /Age gate and burger menu/Burger menu - English' is clicked on

2019-05-27 15:42:12 - [TEST_STEP][PASSED] - delay(2): Delayed 2 second(s)

2019-05-27 15:42:14 - [MESSAGE][PASSED] - Delayed 2 second(s)

2019-05-27 15:42:14 - [TEST_STEP][PASSED] - click(findTestObject("OCS-MOBILE /Age gate and burger menu/Chevron_Cannabis")): Object: 'Object Repository/OCS-MOBILE /Age gate and burger menu/Chevron_Cannabis' is clicked on

2019-05-27 15:42:14 - [MESSAGE][PASSED] - Object: 'Object Repository/OCS-MOBILE /Age gate and burger menu/Chevron_Cannabis' is clicked on

2019-05-27 15:42:14 - [TEST_STEP][PASSED] - delay(2): Delayed 2 second(s)

2019-05-27 15:42:16 - [MESSAGE][PASSED] - Delayed 2 second(s)

2019-05-27 15:42:16 - [TEST_STEP][PASSED] - click(findTestObject("OCS-MOBILE /Age gate and burger menu/Dried Flower_Plus icon")): Object: 'Object Repository/OCS-MOBILE /Age gate and burger menu/Dried Flower_Plus icon' is clicked on

2019-05-27 15:42:16 - [MESSAGE][PASSED] - Object: 'Object Repository/OCS-MOBILE /Age gate and burger menu/Dried Flower_Plus icon' is clicked on

2019-05-27 15:42:16 - [TEST_STEP][PASSED] - delay(2): Delayed 2 second(s)

2019-05-27 15:42:18 - [MESSAGE][PASSED] - Delayed 2 second(s)

2019-05-27 15:42:18 - [TEST_STEP][PASSED] - click(findTestObject("OCS-MOBILE /Age gate and burger menu/Indica Dominant_Menu item")): Object: 'Object Repository/OCS-MOBILE /Age gate and burger menu/Indica Dominant_Menu item' is clicked on

2019-05-27 15:42:20 - [MESSAGE][PASSED] - Object: 'Object Repository/OCS-MOBILE /Age gate and burger menu/Indica Dominant_Menu item' is clicked on

2019-05-27 15:42:20 - [TEST_STEP][PASSED] - delay(2): Delayed 2 second(s)

2019-05-27 15:42:22 - [MESSAGE][PASSED] - Delayed 2 second(s)

2019-05-27 15:42:22 - [TEST_STEP][PASSED] - click(findTestObject("OCS-MOBILE /Collection page/Product image - 1st one")): Object: 'Object Repository/OCS-MOBILE /Collection page/Product image - 1st one' is clicked on

2019-05-27 15:42:27 - [MESSAGE][PASSED] - Object: 'Object Repository/OCS-MOBILE /Collection page/Product image - 1st one' is clicked on

2019-05-27 15:42:27 - [TEST_STEP][PASSED] - delay(2): Delayed 2 second(s)

2019-05-27 15:42:29 - [MESSAGE][PASSED] - Delayed 2 second(s)

2019-05-27 15:42:29 - [TEST_STEP][PASSED] - executeJavaScript("var previewBar = document.getElementById("preview-bar-iframe"); previewBar.style.display = "none";", []): Execute JavaScript 'var previewBar = document.getElementById("preview-bar-iframe"); previewBar.style.display = "none";' successfully

2019-05-27 15:42:29 - [MESSAGE][PASSED] - Execute JavaScript 'var previewBar = document.getElementById("preview-bar-iframe"); previewBar.style.display = "none";' successfully

2019-05-27 15:42:29 - [MESSAGE][PASSED] - Call Test Case 'Test Cases/OCS - MOBILE/CALL - PDP' successfully

2019-05-27 15:42:29 - [TEST_STEP][PASSED] - scrollToElement(findTestObject("OCS-MOBILE /Product page/Recently Viewed/1st Product - Image"), 2): Scroll to object 'Object Repository/OCS-MOBILE /Product page/Recently Viewed/1st Product - Image' successfully

2019-05-27 15:42:29 - [MESSAGE][PASSED] - Scroll to object 'Object Repository/OCS-MOBILE /Product page/Recently Viewed/1st Product - Image' successfully

2019-05-27 15:42:29 - [TEST_STEP][PASSED] - delay(1, OPTIONAL): Delayed 1 second(s)

2019-05-27 15:42:30 - [MESSAGE][PASSED] - Delayed 1 second(s)

2019-05-27 15:42:30 - [TEST_STEP][PASSED] - click(findTestObject("OCS-MOBILE /Product page/Shop all of our products - Button")): Object: 'Object Repository/OCS-MOBILE /Product page/Shop all of our products - Button' is clicked on

2019-05-27 15:42:33 - [MESSAGE][PASSED] - Object: 'Object Repository/OCS-MOBILE /Product page/Shop all of our products - Button' is clicked on

2019-05-27 15:42:33 - [TEST_STEP][PASSED] - a = getWindowTitle(): Current window's title is: 'All Products | Ontario Cannabis Store'

2019-05-27 15:42:33 - [MESSAGE][PASSED] - Current window's title is: 'All Products | Ontario Cannabis Store'

2019-05-27 15:42:33 - [TEST_STEP][PASSED] - b = "All Products | Ontario Cannabis Store": null

2019-05-27 15:42:33 - [TEST_STEP][PASSED] - comment("WINDOW TITLE: " + a): WINDOW TITLE: All Products | Ontario Cannabis Store

2019-05-27 15:42:33 - [MESSAGE][INFO] - WINDOW TITLE: All Products | Ontario Cannabis Store

2019-05-27 15:42:33 - [TEST_STEP][PASSED] - verifyEqual(a, b): Actual object 'All Products | Ontario Cannabis Store' and expected object 'All Products | Ontario Cannabis Store' are equal

2019-05-27 15:42:33 - [MESSAGE][PASSED] - Actual object 'All Products | Ontario Cannabis Store' and expected object 'All Products | Ontario Cannabis Store' are equal]]></system-out>
         <system-err><![CDATA[]]></system-err>
      </testcase>
      <testcase name="Test Cases/OCS - MOBILE/OCS- PRODUCT PAGE/Tooltip" classname="Test Cases/OCS - MOBILE/OCS- PRODUCT PAGE/Tooltip" status="PASSED">
         <system-out><![CDATA[2019-05-27 15:42:33 - [TEST_CASE][PASSED] - Test Cases/OCS - MOBILE/OCS- PRODUCT PAGE/Tooltip: Test Cases/OCS - MOBILE/OCS- PRODUCT PAGE/Tooltip

2019-05-27 15:42:33 - [TEST_STEP][PASSED] - callTestCase(findTestCase("OCS - MOBILE/CALL - PDP"), [:], STOP_ON_FAILURE): Call Test Case 'Test Cases/OCS - MOBILE/CALL - PDP' successfully

2019-05-27 15:42:33 - [TEST_CASE][PASSED] - Test Cases/OCS - MOBILE/CALL - PDP: Test Cases/OCS - MOBILE/CALL - PDP

2019-05-27 15:42:33 - [TEST_STEP][PASSED] - openBrowser(""): Browser is opened with url: ''

2019-05-27 15:42:33 - [MESSAGE][WARNING] - A browser is already opened. Closing browser and opening a new one

2019-05-27 15:42:34 - [MESSAGE][INFO] - Starting 'Firefox' driver

2019-05-27 15:42:37 - [MESSAGE][PASSED] - Browser is opened with url: ''

2019-05-27 15:42:37 - [TEST_STEP][PASSED] - navigateToUrl("https://ocs.ca/?fts=0&preview_theme_id=53376026444"): Navigate to 'https://ocs.ca/?fts=0&preview_theme_id=53376026444' successfully

2019-05-27 15:42:47 - [MESSAGE][PASSED] - Navigate to 'https://ocs.ca/?fts=0&preview_theme_id=53376026444' successfully

2019-05-27 15:42:47 - [TEST_STEP][NOT_RUN] - executeJavaScript("var previewBar = document.getElementById("preview-bar-iframe"); previewBar.style.display = "none";", []): NOT_RUN: executeJavaScript("var previewBar = document.getElementById("preview-bar-iframe"); previewBar.style.display = "none";", [])

2019-05-27 15:42:47 - [MESSAGE][NOT_RUN] - NOT_RUN: executeJavaScript("var previewBar = document.getElementById("preview-bar-iframe"); previewBar.style.display = "none";", [])

2019-05-27 15:42:47 - [TEST_STEP][PASSED] - setViewPortSize(360, 800): Viewport is set to new size with width = 360 and height = 800

2019-05-27 15:42:47 - [MESSAGE][PASSED] - Viewport is set to new size with width = 360 and height = 800

2019-05-27 15:42:47 - [TEST_STEP][PASSED] - delay(4): Delayed 4 second(s)

2019-05-27 15:42:51 - [MESSAGE][PASSED] - Delayed 4 second(s)

2019-05-27 15:42:51 - [TEST_STEP][PASSED] - selectOptionByValue(findTestObject("OCS-MOBILE /Age gate and burger menu/Date"), "12", true): All options with value '12' are selected in object 'Object Repository/OCS-MOBILE /Age gate and burger menu/Date'  using regular expression

2019-05-27 15:42:52 - [MESSAGE][PASSED] - All options with value '12' are selected in object 'Object Repository/OCS-MOBILE /Age gate and burger menu/Date'  using regular expression

2019-05-27 15:42:52 - [TEST_STEP][PASSED] - selectOptionByValue(findTestObject("OCS-MOBILE /Age gate and burger menu/month"), "6", true): All options with value '6' are selected in object 'Object Repository/OCS-MOBILE /Age gate and burger menu/month'  using regular expression

2019-05-27 15:42:53 - [MESSAGE][PASSED] - All options with value '6' are selected in object 'Object Repository/OCS-MOBILE /Age gate and burger menu/month'  using regular expression

2019-05-27 15:42:53 - [TEST_STEP][PASSED] - delay(2): Delayed 2 second(s)

2019-05-27 15:42:55 - [MESSAGE][PASSED] - Delayed 2 second(s)

2019-05-27 15:42:55 - [TEST_STEP][PASSED] - selectOptionByValue(findTestObject("OCS-MOBILE /Age gate and burger menu/Year Dropdown"), "1990", true): All options with value '1990' are selected in object 'Object Repository/OCS-MOBILE /Age gate and burger menu/Year Dropdown'  using regular expression

2019-05-27 15:42:56 - [MESSAGE][PASSED] - All options with value '1990' are selected in object 'Object Repository/OCS-MOBILE /Age gate and burger menu/Year Dropdown'  using regular expression

2019-05-27 15:42:56 - [TEST_STEP][PASSED] - click(findTestObject("OCS-MOBILE /Age gate and burger menu/button_Verify")): Object: 'Object Repository/OCS-MOBILE /Age gate and burger menu/button_Verify' is clicked on

2019-05-27 15:42:57 - [MESSAGE][PASSED] - Object: 'Object Repository/OCS-MOBILE /Age gate and burger menu/button_Verify' is clicked on

2019-05-27 15:42:57 - [TEST_STEP][PASSED] - click(findTestObject("OCS-MOBILE /Age gate and burger menu/Checkbox_CONFIRM AND ACKNOWLEDGE")): Object: 'Object Repository/OCS-MOBILE /Age gate and burger menu/Checkbox_CONFIRM AND ACKNOWLEDGE' is clicked on

2019-05-27 15:42:57 - [MESSAGE][PASSED] - Object: 'Object Repository/OCS-MOBILE /Age gate and burger menu/Checkbox_CONFIRM AND ACKNOWLEDGE' is clicked on

2019-05-27 15:42:57 - [TEST_STEP][PASSED] - click(findTestObject("OCS-MOBILE /Age gate and burger menu/button_CONFIRM")): Object: 'Object Repository/OCS-MOBILE /Age gate and burger menu/button_CONFIRM' is clicked on

2019-05-27 15:42:57 - [MESSAGE][PASSED] - Object: 'Object Repository/OCS-MOBILE /Age gate and burger menu/button_CONFIRM' is clicked on

2019-05-27 15:42:57 - [TEST_STEP][PASSED] - click(findTestObject("OCS-MOBILE /Age gate and burger menu/button_Start Browsing")): Object: 'Object Repository/OCS-MOBILE /Age gate and burger menu/button_Start Browsing' is clicked on

2019-05-27 15:42:57 - [MESSAGE][PASSED] - Object: 'Object Repository/OCS-MOBILE /Age gate and burger menu/button_Start Browsing' is clicked on

2019-05-27 15:42:57 - [TEST_STEP][PASSED] - delay(2): Delayed 2 second(s)

2019-05-27 15:42:59 - [MESSAGE][PASSED] - Delayed 2 second(s)

2019-05-27 15:42:59 - [TEST_STEP][PASSED] - click(findTestObject("OCS-MOBILE /Age gate and burger menu/Burger menu - English")): Object: 'Object Repository/OCS-MOBILE /Age gate and burger menu/Burger menu - English' is clicked on

2019-05-27 15:43:00 - [MESSAGE][PASSED] - Object: 'Object Repository/OCS-MOBILE /Age gate and burger menu/Burger menu - English' is clicked on

2019-05-27 15:43:00 - [TEST_STEP][PASSED] - delay(2): Delayed 2 second(s)

2019-05-27 15:43:02 - [MESSAGE][PASSED] - Delayed 2 second(s)

2019-05-27 15:43:02 - [TEST_STEP][PASSED] - click(findTestObject("OCS-MOBILE /Age gate and burger menu/Chevron_Cannabis")): Object: 'Object Repository/OCS-MOBILE /Age gate and burger menu/Chevron_Cannabis' is clicked on

2019-05-27 15:43:02 - [MESSAGE][PASSED] - Object: 'Object Repository/OCS-MOBILE /Age gate and burger menu/Chevron_Cannabis' is clicked on

2019-05-27 15:43:02 - [TEST_STEP][PASSED] - delay(2): Delayed 2 second(s)

2019-05-27 15:43:04 - [MESSAGE][PASSED] - Delayed 2 second(s)

2019-05-27 15:43:04 - [TEST_STEP][PASSED] - click(findTestObject("OCS-MOBILE /Age gate and burger menu/Dried Flower_Plus icon")): Object: 'Object Repository/OCS-MOBILE /Age gate and burger menu/Dried Flower_Plus icon' is clicked on

2019-05-27 15:43:04 - [MESSAGE][PASSED] - Object: 'Object Repository/OCS-MOBILE /Age gate and burger menu/Dried Flower_Plus icon' is clicked on

2019-05-27 15:43:04 - [TEST_STEP][PASSED] - delay(2): Delayed 2 second(s)

2019-05-27 15:43:06 - [MESSAGE][PASSED] - Delayed 2 second(s)

2019-05-27 15:43:06 - [TEST_STEP][PASSED] - click(findTestObject("OCS-MOBILE /Age gate and burger menu/Indica Dominant_Menu item")): Object: 'Object Repository/OCS-MOBILE /Age gate and burger menu/Indica Dominant_Menu item' is clicked on

2019-05-27 15:43:08 - [MESSAGE][PASSED] - Object: 'Object Repository/OCS-MOBILE /Age gate and burger menu/Indica Dominant_Menu item' is clicked on

2019-05-27 15:43:08 - [TEST_STEP][PASSED] - delay(2): Delayed 2 second(s)

2019-05-27 15:43:10 - [MESSAGE][PASSED] - Delayed 2 second(s)

2019-05-27 15:43:10 - [TEST_STEP][PASSED] - click(findTestObject("OCS-MOBILE /Collection page/Product image - 1st one")): Object: 'Object Repository/OCS-MOBILE /Collection page/Product image - 1st one' is clicked on

2019-05-27 15:43:13 - [MESSAGE][PASSED] - Object: 'Object Repository/OCS-MOBILE /Collection page/Product image - 1st one' is clicked on

2019-05-27 15:43:13 - [TEST_STEP][PASSED] - delay(2): Delayed 2 second(s)

2019-05-27 15:43:15 - [MESSAGE][PASSED] - Delayed 2 second(s)

2019-05-27 15:43:15 - [TEST_STEP][PASSED] - executeJavaScript("var previewBar = document.getElementById("preview-bar-iframe"); previewBar.style.display = "none";", []): Execute JavaScript 'var previewBar = document.getElementById("preview-bar-iframe"); previewBar.style.display = "none";' successfully

2019-05-27 15:43:15 - [MESSAGE][PASSED] - Execute JavaScript 'var previewBar = document.getElementById("preview-bar-iframe"); previewBar.style.display = "none";' successfully

2019-05-27 15:43:15 - [MESSAGE][PASSED] - Call Test Case 'Test Cases/OCS - MOBILE/CALL - PDP' successfully

2019-05-27 15:43:15 - [TEST_STEP][PASSED] - click(findTestObject("OCS-MOBILE /Product page/Tooltips/THC - Tooltip")): Object: 'Object Repository/OCS-MOBILE /Product page/Tooltips/THC - Tooltip' is clicked on

2019-05-27 15:43:15 - [MESSAGE][PASSED] - Object: 'Object Repository/OCS-MOBILE /Product page/Tooltips/THC - Tooltip' is clicked on

2019-05-27 15:43:15 - [TEST_STEP][PASSED] - takeScreenshot(): Taking screenshot successfully

2019-05-27 15:43:15 - [MESSAGE][PASSED] - Taking screenshot successfully
[[ATTACHMENT|/Users/sumankompelly/Katalon Studio/OCS ( QA- 1.9.1 ) /Reports/QA ( 1.9.1)/HP, PROD , AG/20190527_150258/1558986195579.png]]

2019-05-27 15:43:15 - [TEST_STEP][PASSED] - delay(2): Delayed 2 second(s)

2019-05-27 15:43:17 - [MESSAGE][PASSED] - Delayed 2 second(s)

2019-05-27 15:43:17 - [TEST_STEP][PASSED] - click(findTestObject("OCS-MOBILE /Product page/Tooltips/CBD - Tooltip")): Object: 'Object Repository/OCS-MOBILE /Product page/Tooltips/CBD - Tooltip' is clicked on

2019-05-27 15:43:17 - [MESSAGE][PASSED] - Object: 'Object Repository/OCS-MOBILE /Product page/Tooltips/CBD - Tooltip' is clicked on

2019-05-27 15:43:17 - [TEST_STEP][PASSED] - takeScreenshot(): Taking screenshot successfully

2019-05-27 15:43:17 - [MESSAGE][PASSED] - Taking screenshot successfully
[[ATTACHMENT|/Users/sumankompelly/Katalon Studio/OCS ( QA- 1.9.1 ) /Reports/QA ( 1.9.1)/HP, PROD , AG/20190527_150258/1558986197938.png]]

2019-05-27 15:43:17 - [TEST_STEP][PASSED] - delay(2): Delayed 2 second(s)

2019-05-27 15:43:19 - [MESSAGE][PASSED] - Delayed 2 second(s)

2019-05-27 15:43:19 - [TEST_STEP][PASSED] - click(findTestObject("OCS-MOBILE /Product page/Tooltips/Plant type - Tooltip")): Object: 'Object Repository/OCS-MOBILE /Product page/Tooltips/Plant type - Tooltip' is clicked on

2019-05-27 15:43:20 - [MESSAGE][PASSED] - Object: 'Object Repository/OCS-MOBILE /Product page/Tooltips/Plant type - Tooltip' is clicked on

2019-05-27 15:43:20 - [TEST_STEP][PASSED] - takeScreenshot(): Taking screenshot successfully

2019-05-27 15:43:20 - [MESSAGE][PASSED] - Taking screenshot successfully
[[ATTACHMENT|/Users/sumankompelly/Katalon Studio/OCS ( QA- 1.9.1 ) /Reports/QA ( 1.9.1)/HP, PROD , AG/20190527_150258/1558986200239.png]]

2019-05-27 15:43:20 - [TEST_STEP][PASSED] - delay(2): Delayed 2 second(s)

2019-05-27 15:43:22 - [MESSAGE][PASSED] - Delayed 2 second(s)

2019-05-27 15:43:22 - [TEST_STEP][PASSED] - click(findTestObject("OCS-MOBILE /Product page/Tooltips/Terpenes - Tooltip")): Object: 'Object Repository/OCS-MOBILE /Product page/Tooltips/Terpenes - Tooltip' is clicked on

2019-05-27 15:43:22 - [MESSAGE][PASSED] - Object: 'Object Repository/OCS-MOBILE /Product page/Tooltips/Terpenes - Tooltip' is clicked on

2019-05-27 15:43:22 - [TEST_STEP][PASSED] - takeScreenshot(): Taking screenshot successfully

2019-05-27 15:43:22 - [MESSAGE][PASSED] - Taking screenshot successfully
[[ATTACHMENT|/Users/sumankompelly/Katalon Studio/OCS ( QA- 1.9.1 ) /Reports/QA ( 1.9.1)/HP, PROD , AG/20190527_150258/1558986202607.png]]

2019-05-27 15:43:22 - [TEST_STEP][PASSED] - delay(2): Delayed 2 second(s)

2019-05-27 15:43:24 - [MESSAGE][PASSED] - Delayed 2 second(s)

2019-05-27 15:43:24 - [TEST_STEP][PASSED] - scrollToElement(findTestObject("OCS-MOBILE /Product page/About Product - Section"), 0): Scroll to object 'Object Repository/OCS-MOBILE /Product page/About Product - Section' successfully

2019-05-27 15:43:24 - [MESSAGE][WARNING] - Timeout '0' is invalid. Using default page load timeout: '30'

2019-05-27 15:43:24 - [MESSAGE][PASSED] - Scroll to object 'Object Repository/OCS-MOBILE /Product page/About Product - Section' successfully

2019-05-27 15:43:24 - [TEST_STEP][PASSED] - click(findTestObject("OCS-MOBILE /Product page/Tooltips/THC - Tooltip - About this product")): Object: 'Object Repository/OCS-MOBILE /Product page/Tooltips/THC - Tooltip - About this product' is clicked on

2019-05-27 15:43:24 - [MESSAGE][PASSED] - Object: 'Object Repository/OCS-MOBILE /Product page/Tooltips/THC - Tooltip - About this product' is clicked on

2019-05-27 15:43:24 - [TEST_STEP][PASSED] - delay(1): Delayed 1 second(s)

2019-05-27 15:43:25 - [MESSAGE][PASSED] - Delayed 1 second(s)

2019-05-27 15:43:25 - [TEST_STEP][PASSED] - takeScreenshot(): Taking screenshot successfully

2019-05-27 15:43:26 - [MESSAGE][PASSED] - Taking screenshot successfully
[[ATTACHMENT|/Users/sumankompelly/Katalon Studio/OCS ( QA- 1.9.1 ) /Reports/QA ( 1.9.1)/HP, PROD , AG/20190527_150258/1558986205950.png]]

2019-05-27 15:43:26 - [TEST_STEP][PASSED] - delay(1): Delayed 1 second(s)

2019-05-27 15:43:27 - [MESSAGE][PASSED] - Delayed 1 second(s)

2019-05-27 15:43:27 - [TEST_STEP][PASSED] - click(findTestObject("OCS-MOBILE /Product page/Tooltips/Close - Tooltip - THC")): Object: 'Object Repository/OCS-MOBILE /Product page/Tooltips/Close - Tooltip - THC' is clicked on

2019-05-27 15:43:27 - [MESSAGE][PASSED] - Object: 'Object Repository/OCS-MOBILE /Product page/Tooltips/Close - Tooltip - THC' is clicked on

2019-05-27 15:43:27 - [TEST_STEP][PASSED] - delay(1): Delayed 1 second(s)

2019-05-27 15:43:28 - [MESSAGE][PASSED] - Delayed 1 second(s)

2019-05-27 15:43:28 - [TEST_STEP][PASSED] - click(findTestObject("OCS-MOBILE /Product page/Tooltips/CBD - Tooltip - About this product")): Object: 'Object Repository/OCS-MOBILE /Product page/Tooltips/CBD - Tooltip - About this product' is clicked on

2019-05-27 15:43:28 - [MESSAGE][PASSED] - Object: 'Object Repository/OCS-MOBILE /Product page/Tooltips/CBD - Tooltip - About this product' is clicked on

2019-05-27 15:43:28 - [TEST_STEP][PASSED] - delay(1): Delayed 1 second(s)

2019-05-27 15:43:29 - [MESSAGE][PASSED] - Delayed 1 second(s)

2019-05-27 15:43:29 - [TEST_STEP][PASSED] - takeScreenshot(): Taking screenshot successfully

2019-05-27 15:43:29 - [MESSAGE][PASSED] - Taking screenshot successfully
[[ATTACHMENT|/Users/sumankompelly/Katalon Studio/OCS ( QA- 1.9.1 ) /Reports/QA ( 1.9.1)/HP, PROD , AG/20190527_150258/1558986209481.png]]

2019-05-27 15:43:29 - [TEST_STEP][PASSED] - delay(1): Delayed 1 second(s)

2019-05-27 15:43:30 - [MESSAGE][PASSED] - Delayed 1 second(s)

2019-05-27 15:43:30 - [TEST_STEP][PASSED] - click(findTestObject("OCS-MOBILE /Product page/Tooltips/Close - Tooltip - CBD")): Object: 'Object Repository/OCS-MOBILE /Product page/Tooltips/Close - Tooltip - CBD' is clicked on

2019-05-27 15:43:30 - [MESSAGE][PASSED] - Object: 'Object Repository/OCS-MOBILE /Product page/Tooltips/Close - Tooltip - CBD' is clicked on

2019-05-27 15:43:30 - [TEST_STEP][PASSED] - delay(1): Delayed 1 second(s)

2019-05-27 15:43:31 - [MESSAGE][PASSED] - Delayed 1 second(s)

2019-05-27 15:43:31 - [TEST_STEP][PASSED] - click(findTestObject("OCS-MOBILE /Product page/Tooltips/Plant type - Tooltip - About this product")): Object: 'Object Repository/OCS-MOBILE /Product page/Tooltips/Plant type - Tooltip - About this product' is clicked on

2019-05-27 15:43:32 - [MESSAGE][PASSED] - Object: 'Object Repository/OCS-MOBILE /Product page/Tooltips/Plant type - Tooltip - About this product' is clicked on

2019-05-27 15:43:32 - [TEST_STEP][PASSED] - delay(1): Delayed 1 second(s)

2019-05-27 15:43:33 - [MESSAGE][PASSED] - Delayed 1 second(s)

2019-05-27 15:43:33 - [TEST_STEP][PASSED] - takeScreenshot(): Taking screenshot successfully

2019-05-27 15:43:33 - [MESSAGE][PASSED] - Taking screenshot successfully
[[ATTACHMENT|/Users/sumankompelly/Katalon Studio/OCS ( QA- 1.9.1 ) /Reports/QA ( 1.9.1)/HP, PROD , AG/20190527_150258/1558986213010.png]]

2019-05-27 15:43:33 - [TEST_STEP][PASSED] - delay(1): Delayed 1 second(s)

2019-05-27 15:43:34 - [MESSAGE][PASSED] - Delayed 1 second(s)

2019-05-27 15:43:34 - [TEST_STEP][PASSED] - click(findTestObject("OCS-MOBILE /Product page/Tooltips/Close - Tooltip - Plant")): Object: 'Object Repository/OCS-MOBILE /Product page/Tooltips/Close - Tooltip - Plant' is clicked on

2019-05-27 15:43:34 - [MESSAGE][PASSED] - Object: 'Object Repository/OCS-MOBILE /Product page/Tooltips/Close - Tooltip - Plant' is clicked on

2019-05-27 15:43:34 - [TEST_STEP][PASSED] - delay(1): Delayed 1 second(s)

2019-05-27 15:43:35 - [MESSAGE][PASSED] - Delayed 1 second(s)

2019-05-27 15:43:35 - [TEST_STEP][PASSED] - click(findTestObject("OCS-MOBILE /Product page/Tooltips/Terpenes - Tooltip - About this product")): Object: 'Object Repository/OCS-MOBILE /Product page/Tooltips/Terpenes - Tooltip - About this product' is clicked on

2019-05-27 15:43:35 - [MESSAGE][PASSED] - Object: 'Object Repository/OCS-MOBILE /Product page/Tooltips/Terpenes - Tooltip - About this product' is clicked on

2019-05-27 15:43:35 - [TEST_STEP][PASSED] - delay(1): Delayed 1 second(s)

2019-05-27 15:43:36 - [MESSAGE][PASSED] - Delayed 1 second(s)

2019-05-27 15:43:36 - [TEST_STEP][PASSED] - takeScreenshot(): Taking screenshot successfully

2019-05-27 15:43:36 - [MESSAGE][PASSED] - Taking screenshot successfully
[[ATTACHMENT|/Users/sumankompelly/Katalon Studio/OCS ( QA- 1.9.1 ) /Reports/QA ( 1.9.1)/HP, PROD , AG/20190527_150258/1558986216538.png]]

2019-05-27 15:43:36 - [TEST_STEP][PASSED] - delay(1): Delayed 1 second(s)

2019-05-27 15:43:37 - [MESSAGE][PASSED] - Delayed 1 second(s)

2019-05-27 15:43:37 - [TEST_STEP][PASSED] - click(findTestObject("OCS-MOBILE /Product page/Tooltips/Close - Tooltip - Terepenes")): Object: 'Object Repository/OCS-MOBILE /Product page/Tooltips/Close - Tooltip - Terepenes' is clicked on

2019-05-27 15:43:37 - [MESSAGE][PASSED] - Object: 'Object Repository/OCS-MOBILE /Product page/Tooltips/Close - Tooltip - Terepenes' is clicked on

2019-05-27 15:43:37 - [TEST_STEP][PASSED] - delay(1): Delayed 1 second(s)

2019-05-27 15:43:38 - [MESSAGE][PASSED] - Delayed 1 second(s)

2019-05-27 15:43:38 - [TEST_STEP][PASSED] - click(findTestObject("OCS-MOBILE /Product page/Tooltips/GTIN - Tooltip - About this product")): Object: 'Object Repository/OCS-MOBILE /Product page/Tooltips/GTIN - Tooltip - About this product' is clicked on

2019-05-27 15:43:39 - [MESSAGE][PASSED] - Object: 'Object Repository/OCS-MOBILE /Product page/Tooltips/GTIN - Tooltip - About this product' is clicked on

2019-05-27 15:43:39 - [TEST_STEP][PASSED] - delay(1): Delayed 1 second(s)

2019-05-27 15:43:40 - [MESSAGE][PASSED] - Delayed 1 second(s)

2019-05-27 15:43:40 - [TEST_STEP][PASSED] - takeScreenshot(): Taking screenshot successfully

2019-05-27 15:43:40 - [MESSAGE][PASSED] - Taking screenshot successfully
[[ATTACHMENT|/Users/sumankompelly/Katalon Studio/OCS ( QA- 1.9.1 ) /Reports/QA ( 1.9.1)/HP, PROD , AG/20190527_150258/1558986220093.png]]

2019-05-27 15:43:40 - [TEST_STEP][PASSED] - delay(1): Delayed 1 second(s)

2019-05-27 15:43:41 - [MESSAGE][PASSED] - Delayed 1 second(s)

2019-05-27 15:43:41 - [TEST_STEP][PASSED] - click(findTestObject("OCS-MOBILE /Product page/Tooltips/Close - Tooltip - GTIN")): Object: 'Object Repository/OCS-MOBILE /Product page/Tooltips/Close - Tooltip - GTIN' is clicked on

2019-05-27 15:43:41 - [MESSAGE][PASSED] - Object: 'Object Repository/OCS-MOBILE /Product page/Tooltips/Close - Tooltip - GTIN' is clicked on

2019-05-27 15:43:41 - [TEST_STEP][PASSED] - delay(1): Delayed 1 second(s)

2019-05-27 15:43:42 - [MESSAGE][PASSED] - Delayed 1 second(s)]]></system-out>
         <system-err><![CDATA[]]></system-err>
      </testcase>
      <testcase name="Test Cases/OCS - MOBILE/OCS- PRODUCT PAGE/Show all accessories" classname="Test Cases/OCS - MOBILE/OCS- PRODUCT PAGE/Show all accessories" status="PASSED">
         <system-out><![CDATA[2019-05-27 15:43:42 - [TEST_CASE][PASSED] - Test Cases/OCS - MOBILE/OCS- PRODUCT PAGE/Show all accessories: Test Cases/OCS - MOBILE/OCS- PRODUCT PAGE/Show all accessories

2019-05-27 15:43:42 - [TEST_STEP][PASSED] - callTestCase(findTestCase("OCS - MOBILE/CALL - PDP"), [:], STOP_ON_FAILURE): Call Test Case 'Test Cases/OCS - MOBILE/CALL - PDP' successfully

2019-05-27 15:43:42 - [TEST_CASE][PASSED] - Test Cases/OCS - MOBILE/CALL - PDP: Test Cases/OCS - MOBILE/CALL - PDP

2019-05-27 15:43:42 - [TEST_STEP][PASSED] - openBrowser(""): Browser is opened with url: ''

2019-05-27 15:43:42 - [MESSAGE][WARNING] - A browser is already opened. Closing browser and opening a new one

2019-05-27 15:43:43 - [MESSAGE][INFO] - Starting 'Firefox' driver

2019-05-27 15:43:45 - [MESSAGE][PASSED] - Browser is opened with url: ''

2019-05-27 15:43:45 - [TEST_STEP][PASSED] - navigateToUrl("https://ocs.ca/?fts=0&preview_theme_id=53376026444"): Navigate to 'https://ocs.ca/?fts=0&preview_theme_id=53376026444' successfully

2019-05-27 15:43:52 - [MESSAGE][PASSED] - Navigate to 'https://ocs.ca/?fts=0&preview_theme_id=53376026444' successfully

2019-05-27 15:43:52 - [TEST_STEP][NOT_RUN] - executeJavaScript("var previewBar = document.getElementById("preview-bar-iframe"); previewBar.style.display = "none";", []): NOT_RUN: executeJavaScript("var previewBar = document.getElementById("preview-bar-iframe"); previewBar.style.display = "none";", [])

2019-05-27 15:43:52 - [MESSAGE][NOT_RUN] - NOT_RUN: executeJavaScript("var previewBar = document.getElementById("preview-bar-iframe"); previewBar.style.display = "none";", [])

2019-05-27 15:43:52 - [TEST_STEP][PASSED] - setViewPortSize(360, 800): Viewport is set to new size with width = 360 and height = 800

2019-05-27 15:43:52 - [MESSAGE][PASSED] - Viewport is set to new size with width = 360 and height = 800

2019-05-27 15:43:52 - [TEST_STEP][PASSED] - delay(4): Delayed 4 second(s)

2019-05-27 15:43:56 - [MESSAGE][PASSED] - Delayed 4 second(s)

2019-05-27 15:43:56 - [TEST_STEP][PASSED] - selectOptionByValue(findTestObject("OCS-MOBILE /Age gate and burger menu/Date"), "12", true): All options with value '12' are selected in object 'Object Repository/OCS-MOBILE /Age gate and burger menu/Date'  using regular expression

2019-05-27 15:43:57 - [MESSAGE][PASSED] - All options with value '12' are selected in object 'Object Repository/OCS-MOBILE /Age gate and burger menu/Date'  using regular expression

2019-05-27 15:43:57 - [TEST_STEP][PASSED] - selectOptionByValue(findTestObject("OCS-MOBILE /Age gate and burger menu/month"), "6", true): All options with value '6' are selected in object 'Object Repository/OCS-MOBILE /Age gate and burger menu/month'  using regular expression

2019-05-27 15:43:57 - [MESSAGE][PASSED] - All options with value '6' are selected in object 'Object Repository/OCS-MOBILE /Age gate and burger menu/month'  using regular expression

2019-05-27 15:43:57 - [TEST_STEP][PASSED] - delay(2): Delayed 2 second(s)

2019-05-27 15:43:59 - [MESSAGE][PASSED] - Delayed 2 second(s)

2019-05-27 15:43:59 - [TEST_STEP][PASSED] - selectOptionByValue(findTestObject("OCS-MOBILE /Age gate and burger menu/Year Dropdown"), "1990", true): All options with value '1990' are selected in object 'Object Repository/OCS-MOBILE /Age gate and burger menu/Year Dropdown'  using regular expression

2019-05-27 15:44:01 - [MESSAGE][PASSED] - All options with value '1990' are selected in object 'Object Repository/OCS-MOBILE /Age gate and burger menu/Year Dropdown'  using regular expression

2019-05-27 15:44:01 - [TEST_STEP][PASSED] - click(findTestObject("OCS-MOBILE /Age gate and burger menu/button_Verify")): Object: 'Object Repository/OCS-MOBILE /Age gate and burger menu/button_Verify' is clicked on

2019-05-27 15:44:01 - [MESSAGE][PASSED] - Object: 'Object Repository/OCS-MOBILE /Age gate and burger menu/button_Verify' is clicked on

2019-05-27 15:44:01 - [TEST_STEP][PASSED] - click(findTestObject("OCS-MOBILE /Age gate and burger menu/Checkbox_CONFIRM AND ACKNOWLEDGE")): Object: 'Object Repository/OCS-MOBILE /Age gate and burger menu/Checkbox_CONFIRM AND ACKNOWLEDGE' is clicked on

2019-05-27 15:44:01 - [MESSAGE][PASSED] - Object: 'Object Repository/OCS-MOBILE /Age gate and burger menu/Checkbox_CONFIRM AND ACKNOWLEDGE' is clicked on

2019-05-27 15:44:01 - [TEST_STEP][PASSED] - click(findTestObject("OCS-MOBILE /Age gate and burger menu/button_CONFIRM")): Object: 'Object Repository/OCS-MOBILE /Age gate and burger menu/button_CONFIRM' is clicked on

2019-05-27 15:44:02 - [MESSAGE][PASSED] - Object: 'Object Repository/OCS-MOBILE /Age gate and burger menu/button_CONFIRM' is clicked on

2019-05-27 15:44:02 - [TEST_STEP][PASSED] - click(findTestObject("OCS-MOBILE /Age gate and burger menu/button_Start Browsing")): Object: 'Object Repository/OCS-MOBILE /Age gate and burger menu/button_Start Browsing' is clicked on

2019-05-27 15:44:02 - [MESSAGE][PASSED] - Object: 'Object Repository/OCS-MOBILE /Age gate and burger menu/button_Start Browsing' is clicked on

2019-05-27 15:44:02 - [TEST_STEP][PASSED] - delay(2): Delayed 2 second(s)

2019-05-27 15:44:04 - [MESSAGE][PASSED] - Delayed 2 second(s)

2019-05-27 15:44:04 - [TEST_STEP][PASSED] - click(findTestObject("OCS-MOBILE /Age gate and burger menu/Burger menu - English")): Object: 'Object Repository/OCS-MOBILE /Age gate and burger menu/Burger menu - English' is clicked on

2019-05-27 15:44:04 - [MESSAGE][PASSED] - Object: 'Object Repository/OCS-MOBILE /Age gate and burger menu/Burger menu - English' is clicked on

2019-05-27 15:44:04 - [TEST_STEP][PASSED] - delay(2): Delayed 2 second(s)

2019-05-27 15:44:06 - [MESSAGE][PASSED] - Delayed 2 second(s)

2019-05-27 15:44:06 - [TEST_STEP][PASSED] - click(findTestObject("OCS-MOBILE /Age gate and burger menu/Chevron_Cannabis")): Object: 'Object Repository/OCS-MOBILE /Age gate and burger menu/Chevron_Cannabis' is clicked on

2019-05-27 15:44:06 - [MESSAGE][PASSED] - Object: 'Object Repository/OCS-MOBILE /Age gate and burger menu/Chevron_Cannabis' is clicked on

2019-05-27 15:44:06 - [TEST_STEP][PASSED] - delay(2): Delayed 2 second(s)

2019-05-27 15:44:08 - [MESSAGE][PASSED] - Delayed 2 second(s)

2019-05-27 15:44:08 - [TEST_STEP][PASSED] - click(findTestObject("OCS-MOBILE /Age gate and burger menu/Dried Flower_Plus icon")): Object: 'Object Repository/OCS-MOBILE /Age gate and burger menu/Dried Flower_Plus icon' is clicked on

2019-05-27 15:44:09 - [MESSAGE][PASSED] - Object: 'Object Repository/OCS-MOBILE /Age gate and burger menu/Dried Flower_Plus icon' is clicked on

2019-05-27 15:44:09 - [TEST_STEP][PASSED] - delay(2): Delayed 2 second(s)

2019-05-27 15:44:11 - [MESSAGE][PASSED] - Delayed 2 second(s)

2019-05-27 15:44:11 - [TEST_STEP][PASSED] - click(findTestObject("OCS-MOBILE /Age gate and burger menu/Indica Dominant_Menu item")): Object: 'Object Repository/OCS-MOBILE /Age gate and burger menu/Indica Dominant_Menu item' is clicked on

2019-05-27 15:44:13 - [MESSAGE][PASSED] - Object: 'Object Repository/OCS-MOBILE /Age gate and burger menu/Indica Dominant_Menu item' is clicked on

2019-05-27 15:44:13 - [TEST_STEP][PASSED] - delay(2): Delayed 2 second(s)

2019-05-27 15:44:15 - [MESSAGE][PASSED] - Delayed 2 second(s)

2019-05-27 15:44:15 - [TEST_STEP][PASSED] - click(findTestObject("OCS-MOBILE /Collection page/Product image - 1st one")): Object: 'Object Repository/OCS-MOBILE /Collection page/Product image - 1st one' is clicked on

2019-05-27 15:44:18 - [MESSAGE][PASSED] - Object: 'Object Repository/OCS-MOBILE /Collection page/Product image - 1st one' is clicked on

2019-05-27 15:44:18 - [TEST_STEP][PASSED] - delay(2): Delayed 2 second(s)

2019-05-27 15:44:20 - [MESSAGE][PASSED] - Delayed 2 second(s)

2019-05-27 15:44:20 - [TEST_STEP][PASSED] - executeJavaScript("var previewBar = document.getElementById("preview-bar-iframe"); previewBar.style.display = "none";", []): Execute JavaScript 'var previewBar = document.getElementById("preview-bar-iframe"); previewBar.style.display = "none";' successfully

2019-05-27 15:44:20 - [MESSAGE][PASSED] - Execute JavaScript 'var previewBar = document.getElementById("preview-bar-iframe"); previewBar.style.display = "none";' successfully

2019-05-27 15:44:20 - [MESSAGE][PASSED] - Call Test Case 'Test Cases/OCS - MOBILE/CALL - PDP' successfully

2019-05-27 15:44:20 - [TEST_STEP][PASSED] - scrollToElement(findTestObject("OCS-MOBILE /Product page/More items to consider section/Grinders - Tab"), 2): Scroll to object 'Object Repository/OCS-MOBILE /Product page/More items to consider section/Grinders - Tab' successfully

2019-05-27 15:44:20 - [MESSAGE][PASSED] - Scroll to object 'Object Repository/OCS-MOBILE /Product page/More items to consider section/Grinders - Tab' successfully

2019-05-27 15:44:20 - [TEST_STEP][PASSED] - delay(5): Delayed 5 second(s)

2019-05-27 15:44:25 - [MESSAGE][PASSED] - Delayed 5 second(s)

2019-05-27 15:44:25 - [TEST_STEP][PASSED] - click(findTestObject("OCS-MOBILE /Product page/More items to consider section/Show all accessories - Link")): Object: 'Object Repository/OCS-MOBILE /Product page/More items to consider section/Show all accessories - Link' is clicked on

2019-05-27 15:44:28 - [MESSAGE][PASSED] - Object: 'Object Repository/OCS-MOBILE /Product page/More items to consider section/Show all accessories - Link' is clicked on

2019-05-27 15:44:28 - [TEST_STEP][PASSED] - a = getWindowTitle(): Current window's title is: 'All Accessories | Ontario Cannabis Store'

2019-05-27 15:44:28 - [MESSAGE][PASSED] - Current window's title is: 'All Accessories | Ontario Cannabis Store'

2019-05-27 15:44:28 - [TEST_STEP][PASSED] - b = "All Accessories | Ontario Cannabis Store": null

2019-05-27 15:44:28 - [TEST_STEP][PASSED] - comment("WINDOW TITLE: " + a): WINDOW TITLE: All Accessories | Ontario Cannabis Store

2019-05-27 15:44:28 - [MESSAGE][INFO] - WINDOW TITLE: All Accessories | Ontario Cannabis Store

2019-05-27 15:44:28 - [TEST_STEP][PASSED] - verifyEqual(a, b): Actual object 'All Accessories | Ontario Cannabis Store' and expected object 'All Accessories | Ontario Cannabis Store' are equal

2019-05-27 15:44:28 - [MESSAGE][PASSED] - Actual object 'All Accessories | Ontario Cannabis Store' and expected object 'All Accessories | Ontario Cannabis Store' are equal]]></system-out>
         <system-err><![CDATA[]]></system-err>
      </testcase>
      <testcase name="Test Cases/OCS - MOBILE/OCS- PRODUCT PAGE/More items to consider" classname="Test Cases/OCS - MOBILE/OCS- PRODUCT PAGE/More items to consider" status="PASSED">
         <system-out><![CDATA[2019-05-27 15:44:28 - [TEST_CASE][PASSED] - Test Cases/OCS - MOBILE/OCS- PRODUCT PAGE/More items to consider: Test Cases/OCS - MOBILE/OCS- PRODUCT PAGE/More items to consider

2019-05-27 15:44:28 - [TEST_STEP][PASSED] - callTestCase(findTestCase("OCS - MOBILE/CALL - PDP"), [:], STOP_ON_FAILURE): Call Test Case 'Test Cases/OCS - MOBILE/CALL - PDP' successfully

2019-05-27 15:44:28 - [TEST_CASE][PASSED] - Test Cases/OCS - MOBILE/CALL - PDP: Test Cases/OCS - MOBILE/CALL - PDP

2019-05-27 15:44:28 - [TEST_STEP][PASSED] - openBrowser(""): Browser is opened with url: ''

2019-05-27 15:44:28 - [MESSAGE][WARNING] - A browser is already opened. Closing browser and opening a new one

2019-05-27 15:44:29 - [MESSAGE][INFO] - Starting 'Firefox' driver

2019-05-27 15:44:31 - [MESSAGE][PASSED] - Browser is opened with url: ''

2019-05-27 15:44:31 - [TEST_STEP][PASSED] - navigateToUrl("https://ocs.ca/?fts=0&preview_theme_id=53376026444"): Navigate to 'https://ocs.ca/?fts=0&preview_theme_id=53376026444' successfully

2019-05-27 15:44:38 - [MESSAGE][PASSED] - Navigate to 'https://ocs.ca/?fts=0&preview_theme_id=53376026444' successfully

2019-05-27 15:44:38 - [TEST_STEP][NOT_RUN] - executeJavaScript("var previewBar = document.getElementById("preview-bar-iframe"); previewBar.style.display = "none";", []): NOT_RUN: executeJavaScript("var previewBar = document.getElementById("preview-bar-iframe"); previewBar.style.display = "none";", [])

2019-05-27 15:44:38 - [MESSAGE][NOT_RUN] - NOT_RUN: executeJavaScript("var previewBar = document.getElementById("preview-bar-iframe"); previewBar.style.display = "none";", [])

2019-05-27 15:44:38 - [TEST_STEP][PASSED] - setViewPortSize(360, 800): Viewport is set to new size with width = 360 and height = 800

2019-05-27 15:44:38 - [MESSAGE][PASSED] - Viewport is set to new size with width = 360 and height = 800

2019-05-27 15:44:38 - [TEST_STEP][PASSED] - delay(4): Delayed 4 second(s)

2019-05-27 15:44:42 - [MESSAGE][PASSED] - Delayed 4 second(s)

2019-05-27 15:44:42 - [TEST_STEP][PASSED] - selectOptionByValue(findTestObject("OCS-MOBILE /Age gate and burger menu/Date"), "12", true): All options with value '12' are selected in object 'Object Repository/OCS-MOBILE /Age gate and burger menu/Date'  using regular expression

2019-05-27 15:44:43 - [MESSAGE][PASSED] - All options with value '12' are selected in object 'Object Repository/OCS-MOBILE /Age gate and burger menu/Date'  using regular expression

2019-05-27 15:44:43 - [TEST_STEP][PASSED] - selectOptionByValue(findTestObject("OCS-MOBILE /Age gate and burger menu/month"), "6", true): All options with value '6' are selected in object 'Object Repository/OCS-MOBILE /Age gate and burger menu/month'  using regular expression

2019-05-27 15:44:43 - [MESSAGE][PASSED] - All options with value '6' are selected in object 'Object Repository/OCS-MOBILE /Age gate and burger menu/month'  using regular expression

2019-05-27 15:44:43 - [TEST_STEP][PASSED] - delay(2): Delayed 2 second(s)

2019-05-27 15:44:45 - [MESSAGE][PASSED] - Delayed 2 second(s)

2019-05-27 15:44:45 - [TEST_STEP][PASSED] - selectOptionByValue(findTestObject("OCS-MOBILE /Age gate and burger menu/Year Dropdown"), "1990", true): All options with value '1990' are selected in object 'Object Repository/OCS-MOBILE /Age gate and burger menu/Year Dropdown'  using regular expression

2019-05-27 15:44:47 - [MESSAGE][PASSED] - All options with value '1990' are selected in object 'Object Repository/OCS-MOBILE /Age gate and burger menu/Year Dropdown'  using regular expression

2019-05-27 15:44:47 - [TEST_STEP][PASSED] - click(findTestObject("OCS-MOBILE /Age gate and burger menu/button_Verify")): Object: 'Object Repository/OCS-MOBILE /Age gate and burger menu/button_Verify' is clicked on

2019-05-27 15:44:47 - [MESSAGE][PASSED] - Object: 'Object Repository/OCS-MOBILE /Age gate and burger menu/button_Verify' is clicked on

2019-05-27 15:44:47 - [TEST_STEP][PASSED] - click(findTestObject("OCS-MOBILE /Age gate and burger menu/Checkbox_CONFIRM AND ACKNOWLEDGE")): Object: 'Object Repository/OCS-MOBILE /Age gate and burger menu/Checkbox_CONFIRM AND ACKNOWLEDGE' is clicked on

2019-05-27 15:44:47 - [MESSAGE][PASSED] - Object: 'Object Repository/OCS-MOBILE /Age gate and burger menu/Checkbox_CONFIRM AND ACKNOWLEDGE' is clicked on

2019-05-27 15:44:47 - [TEST_STEP][PASSED] - click(findTestObject("OCS-MOBILE /Age gate and burger menu/button_CONFIRM")): Object: 'Object Repository/OCS-MOBILE /Age gate and burger menu/button_CONFIRM' is clicked on

2019-05-27 15:44:48 - [MESSAGE][PASSED] - Object: 'Object Repository/OCS-MOBILE /Age gate and burger menu/button_CONFIRM' is clicked on

2019-05-27 15:44:48 - [TEST_STEP][PASSED] - click(findTestObject("OCS-MOBILE /Age gate and burger menu/button_Start Browsing")): Object: 'Object Repository/OCS-MOBILE /Age gate and burger menu/button_Start Browsing' is clicked on

2019-05-27 15:44:48 - [MESSAGE][PASSED] - Object: 'Object Repository/OCS-MOBILE /Age gate and burger menu/button_Start Browsing' is clicked on

2019-05-27 15:44:48 - [TEST_STEP][PASSED] - delay(2): Delayed 2 second(s)

2019-05-27 15:44:50 - [MESSAGE][PASSED] - Delayed 2 second(s)

2019-05-27 15:44:50 - [TEST_STEP][PASSED] - click(findTestObject("OCS-MOBILE /Age gate and burger menu/Burger menu - English")): Object: 'Object Repository/OCS-MOBILE /Age gate and burger menu/Burger menu - English' is clicked on

2019-05-27 15:44:50 - [MESSAGE][PASSED] - Object: 'Object Repository/OCS-MOBILE /Age gate and burger menu/Burger menu - English' is clicked on

2019-05-27 15:44:50 - [TEST_STEP][PASSED] - delay(2): Delayed 2 second(s)

2019-05-27 15:44:52 - [MESSAGE][PASSED] - Delayed 2 second(s)

2019-05-27 15:44:52 - [TEST_STEP][PASSED] - click(findTestObject("OCS-MOBILE /Age gate and burger menu/Chevron_Cannabis")): Object: 'Object Repository/OCS-MOBILE /Age gate and burger menu/Chevron_Cannabis' is clicked on

2019-05-27 15:44:52 - [MESSAGE][PASSED] - Object: 'Object Repository/OCS-MOBILE /Age gate and burger menu/Chevron_Cannabis' is clicked on

2019-05-27 15:44:52 - [TEST_STEP][PASSED] - delay(2): Delayed 2 second(s)

2019-05-27 15:44:54 - [MESSAGE][PASSED] - Delayed 2 second(s)

2019-05-27 15:44:54 - [TEST_STEP][PASSED] - click(findTestObject("OCS-MOBILE /Age gate and burger menu/Dried Flower_Plus icon")): Object: 'Object Repository/OCS-MOBILE /Age gate and burger menu/Dried Flower_Plus icon' is clicked on

2019-05-27 15:44:55 - [MESSAGE][PASSED] - Object: 'Object Repository/OCS-MOBILE /Age gate and burger menu/Dried Flower_Plus icon' is clicked on

2019-05-27 15:44:55 - [TEST_STEP][PASSED] - delay(2): Delayed 2 second(s)

2019-05-27 15:44:57 - [MESSAGE][PASSED] - Delayed 2 second(s)

2019-05-27 15:44:57 - [TEST_STEP][PASSED] - click(findTestObject("OCS-MOBILE /Age gate and burger menu/Indica Dominant_Menu item")): Object: 'Object Repository/OCS-MOBILE /Age gate and burger menu/Indica Dominant_Menu item' is clicked on

2019-05-27 15:44:59 - [MESSAGE][PASSED] - Object: 'Object Repository/OCS-MOBILE /Age gate and burger menu/Indica Dominant_Menu item' is clicked on

2019-05-27 15:44:59 - [TEST_STEP][PASSED] - delay(2): Delayed 2 second(s)

2019-05-27 15:45:01 - [MESSAGE][PASSED] - Delayed 2 second(s)

2019-05-27 15:45:01 - [TEST_STEP][PASSED] - click(findTestObject("OCS-MOBILE /Collection page/Product image - 1st one")): Object: 'Object Repository/OCS-MOBILE /Collection page/Product image - 1st one' is clicked on

2019-05-27 15:45:03 - [MESSAGE][PASSED] - Object: 'Object Repository/OCS-MOBILE /Collection page/Product image - 1st one' is clicked on

2019-05-27 15:45:03 - [TEST_STEP][PASSED] - delay(2): Delayed 2 second(s)

2019-05-27 15:45:05 - [MESSAGE][PASSED] - Delayed 2 second(s)

2019-05-27 15:45:05 - [TEST_STEP][PASSED] - executeJavaScript("var previewBar = document.getElementById("preview-bar-iframe"); previewBar.style.display = "none";", []): Execute JavaScript 'var previewBar = document.getElementById("preview-bar-iframe"); previewBar.style.display = "none";' successfully

2019-05-27 15:45:06 - [MESSAGE][PASSED] - Execute JavaScript 'var previewBar = document.getElementById("preview-bar-iframe"); previewBar.style.display = "none";' successfully

2019-05-27 15:45:06 - [MESSAGE][PASSED] - Call Test Case 'Test Cases/OCS - MOBILE/CALL - PDP' successfully

2019-05-27 15:45:06 - [TEST_STEP][PASSED] - scrollToElement(findTestObject("OCS-MOBILE /Product page/Product image"), 1): Scroll to object 'Object Repository/OCS-MOBILE /Product page/Product image' successfully

2019-05-27 15:45:06 - [MESSAGE][PASSED] - Scroll to object 'Object Repository/OCS-MOBILE /Product page/Product image' successfully

2019-05-27 15:45:06 - [TEST_STEP][PASSED] - click(findTestObject("OCS-MOBILE /Product page/Learn More - Link")): Object: 'Object Repository/OCS-MOBILE /Product page/Learn More - Link' is clicked on

2019-05-27 15:45:06 - [MESSAGE][PASSED] - Object: 'Object Repository/OCS-MOBILE /Product page/Learn More - Link' is clicked on

2019-05-27 15:45:06 - [TEST_STEP][PASSED] - delay(1): Delayed 1 second(s)

2019-05-27 15:45:07 - [MESSAGE][PASSED] - Delayed 1 second(s)

2019-05-27 15:45:07 - [TEST_STEP][PASSED] - scrollToElement(findTestObject("OCS-MOBILE /Product page/Last raw of the table"), 0): Scroll to object 'Object Repository/OCS-MOBILE /Product page/Last raw of the table' successfully

2019-05-27 15:45:07 - [MESSAGE][WARNING] - Timeout '0' is invalid. Using default page load timeout: '30'

2019-05-27 15:45:07 - [MESSAGE][PASSED] - Scroll to object 'Object Repository/OCS-MOBILE /Product page/Last raw of the table' successfully

2019-05-27 15:45:07 - [TEST_STEP][PASSED] - takeScreenshot(): Taking screenshot successfully

2019-05-27 15:45:07 - [MESSAGE][PASSED] - Taking screenshot successfully
[[ATTACHMENT|/Users/sumankompelly/Katalon Studio/OCS ( QA- 1.9.1 ) /Reports/QA ( 1.9.1)/HP, PROD , AG/20190527_150258/1558986307412.png]]

2019-05-27 15:45:07 - [TEST_STEP][PASSED] - delay(1): Delayed 1 second(s)

2019-05-27 15:45:08 - [MESSAGE][PASSED] - Delayed 1 second(s)

2019-05-27 15:45:08 - [TEST_STEP][PASSED] - click(findTestObject("OCS-MOBILE /Product page/More items to consider section/1st Product - image - Grinder")): Object: 'Object Repository/OCS-MOBILE /Product page/More items to consider section/1st Product - image - Grinder' is clicked on

2019-05-27 15:45:10 - [MESSAGE][PASSED] - Object: 'Object Repository/OCS-MOBILE /Product page/More items to consider section/1st Product - image - Grinder' is clicked on

2019-05-27 15:45:10 - [TEST_STEP][PASSED] - delay(2, STOP_ON_FAILURE): Delayed 2 second(s)

2019-05-27 15:45:12 - [MESSAGE][PASSED] - Delayed 2 second(s)

2019-05-27 15:45:12 - [TEST_STEP][PASSED] - takeScreenshot(): Taking screenshot successfully

2019-05-27 15:45:12 - [MESSAGE][PASSED] - Taking screenshot successfully
[[ATTACHMENT|/Users/sumankompelly/Katalon Studio/OCS ( QA- 1.9.1 ) /Reports/QA ( 1.9.1)/HP, PROD , AG/20190527_150258/1558986312257.png]]

2019-05-27 15:45:12 - [TEST_STEP][PASSED] - delay(1): Delayed 1 second(s)

2019-05-27 15:45:13 - [MESSAGE][PASSED] - Delayed 1 second(s)

2019-05-27 15:45:13 - [TEST_STEP][PASSED] - back(): Navigate back successfully

2019-05-27 15:45:15 - [MESSAGE][PASSED] - Navigate back successfully

2019-05-27 15:45:15 - [TEST_STEP][PASSED] - click(findTestObject("OCS-MOBILE /Product page/More items to consider section/Vaporizers - Tab")): Object: 'Object Repository/OCS-MOBILE /Product page/More items to consider section/Vaporizers - Tab' is clicked on

2019-05-27 15:45:15 - [MESSAGE][PASSED] - Object: 'Object Repository/OCS-MOBILE /Product page/More items to consider section/Vaporizers - Tab' is clicked on

2019-05-27 15:45:15 - [TEST_STEP][PASSED] - delay(2): Delayed 2 second(s)

2019-05-27 15:45:17 - [MESSAGE][PASSED] - Delayed 2 second(s)

2019-05-27 15:45:17 - [TEST_STEP][PASSED] - takeScreenshot(): Taking screenshot successfully

2019-05-27 15:45:17 - [MESSAGE][PASSED] - Taking screenshot successfully
[[ATTACHMENT|/Users/sumankompelly/Katalon Studio/OCS ( QA- 1.9.1 ) /Reports/QA ( 1.9.1)/HP, PROD , AG/20190527_150258/1558986317777.png]]

2019-05-27 15:45:17 - [TEST_STEP][PASSED] - delay(1): Delayed 1 second(s)

2019-05-27 15:45:18 - [MESSAGE][PASSED] - Delayed 1 second(s)

2019-05-27 15:45:18 - [TEST_STEP][PASSED] - click(findTestObject("OCS-MOBILE /Product page/More items to consider section/1st Product - image - Vaporizer")): Object: 'Object Repository/OCS-MOBILE /Product page/More items to consider section/1st Product - image - Vaporizer' is clicked on

2019-05-27 15:45:23 - [MESSAGE][PASSED] - Object: 'Object Repository/OCS-MOBILE /Product page/More items to consider section/1st Product - image - Vaporizer' is clicked on

2019-05-27 15:45:23 - [TEST_STEP][PASSED] - delay(2, STOP_ON_FAILURE): Delayed 2 second(s)

2019-05-27 15:45:25 - [MESSAGE][PASSED] - Delayed 2 second(s)

2019-05-27 15:45:25 - [TEST_STEP][PASSED] - takeScreenshot(): Taking screenshot successfully

2019-05-27 15:45:25 - [MESSAGE][PASSED] - Taking screenshot successfully
[[ATTACHMENT|/Users/sumankompelly/Katalon Studio/OCS ( QA- 1.9.1 ) /Reports/QA ( 1.9.1)/HP, PROD , AG/20190527_150258/1558986325429.png]]

2019-05-27 15:45:25 - [TEST_STEP][PASSED] - delay(1): Delayed 1 second(s)

2019-05-27 15:45:26 - [MESSAGE][PASSED] - Delayed 1 second(s)

2019-05-27 15:45:26 - [TEST_STEP][PASSED] - back(): Navigate back successfully

2019-05-27 15:45:28 - [MESSAGE][PASSED] - Navigate back successfully

2019-05-27 15:45:28 - [TEST_STEP][PASSED] - delay(2, STOP_ON_FAILURE): Delayed 2 second(s)

2019-05-27 15:45:30 - [MESSAGE][PASSED] - Delayed 2 second(s)

2019-05-27 15:45:30 - [TEST_STEP][PASSED] - click(findTestObject("OCS-MOBILE /Product page/More items to consider section/Papers Filters - Tab")): Object: 'Object Repository/OCS-MOBILE /Product page/More items to consider section/Papers Filters - Tab' is clicked on

2019-05-27 15:45:31 - [MESSAGE][PASSED] - Object: 'Object Repository/OCS-MOBILE /Product page/More items to consider section/Papers Filters - Tab' is clicked on

2019-05-27 15:45:31 - [TEST_STEP][PASSED] - takeScreenshot(): Taking screenshot successfully

2019-05-27 15:45:31 - [MESSAGE][PASSED] - Taking screenshot successfully
[[ATTACHMENT|/Users/sumankompelly/Katalon Studio/OCS ( QA- 1.9.1 ) /Reports/QA ( 1.9.1)/HP, PROD , AG/20190527_150258/1558986331196.png]]

2019-05-27 15:45:31 - [TEST_STEP][PASSED] - delay(1): Delayed 1 second(s)

2019-05-27 15:45:32 - [MESSAGE][PASSED] - Delayed 1 second(s)

2019-05-27 15:45:32 - [TEST_STEP][PASSED] - click(findTestObject("OCS-MOBILE /Product page/More items to consider section/1st Product - image - Paper Filter")): Object: 'Object Repository/OCS-MOBILE /Product page/More items to consider section/1st Product - image - Paper Filter' is clicked on

2019-05-27 15:45:34 - [MESSAGE][PASSED] - Object: 'Object Repository/OCS-MOBILE /Product page/More items to consider section/1st Product - image - Paper Filter' is clicked on

2019-05-27 15:45:34 - [TEST_STEP][PASSED] - delay(2, STOP_ON_FAILURE): Delayed 2 second(s)

2019-05-27 15:45:36 - [MESSAGE][PASSED] - Delayed 2 second(s)

2019-05-27 15:45:36 - [TEST_STEP][PASSED] - takeScreenshot(): Taking screenshot successfully

2019-05-27 15:45:36 - [MESSAGE][PASSED] - Taking screenshot successfully
[[ATTACHMENT|/Users/sumankompelly/Katalon Studio/OCS ( QA- 1.9.1 ) /Reports/QA ( 1.9.1)/HP, PROD , AG/20190527_150258/1558986336008.png]]

2019-05-27 15:45:36 - [TEST_STEP][PASSED] - delay(1): Delayed 1 second(s)

2019-05-27 15:45:37 - [MESSAGE][PASSED] - Delayed 1 second(s)

2019-05-27 15:45:37 - [TEST_STEP][PASSED] - back(): Navigate back successfully

2019-05-27 15:45:38 - [MESSAGE][PASSED] - Navigate back successfully

2019-05-27 15:45:38 - [TEST_STEP][PASSED] - delay(2): Delayed 2 second(s)

2019-05-27 15:45:40 - [MESSAGE][PASSED] - Delayed 2 second(s)

2019-05-27 15:45:40 - [TEST_STEP][PASSED] - click(findTestObject("OCS-MOBILE /Product page/More items to consider section/Bongs Pipes - Tab")): Object: 'Object Repository/OCS-MOBILE /Product page/More items to consider section/Bongs Pipes - Tab' is clicked on

2019-05-27 15:45:41 - [MESSAGE][PASSED] - Object: 'Object Repository/OCS-MOBILE /Product page/More items to consider section/Bongs Pipes - Tab' is clicked on

2019-05-27 15:45:41 - [TEST_STEP][PASSED] - delay(2): Delayed 2 second(s)

2019-05-27 15:45:43 - [MESSAGE][PASSED] - Delayed 2 second(s)

2019-05-27 15:45:43 - [TEST_STEP][PASSED] - takeScreenshot(): Taking screenshot successfully

2019-05-27 15:45:43 - [MESSAGE][PASSED] - Taking screenshot successfully
[[ATTACHMENT|/Users/sumankompelly/Katalon Studio/OCS ( QA- 1.9.1 ) /Reports/QA ( 1.9.1)/HP, PROD , AG/20190527_150258/1558986343132.png]]

2019-05-27 15:45:43 - [TEST_STEP][PASSED] - delay(1): Delayed 1 second(s)

2019-05-27 15:45:44 - [MESSAGE][PASSED] - Delayed 1 second(s)

2019-05-27 15:45:44 - [TEST_STEP][PASSED] - click(findTestObject("OCS-MOBILE /Product page/More items to consider section/1st Product - image - Bongs Pipes")): Object: 'Object Repository/OCS-MOBILE /Product page/More items to consider section/1st Product - image - Bongs Pipes' is clicked on

2019-05-27 15:45:47 - [MESSAGE][PASSED] - Object: 'Object Repository/OCS-MOBILE /Product page/More items to consider section/1st Product - image - Bongs Pipes' is clicked on

2019-05-27 15:45:47 - [TEST_STEP][PASSED] - delay(2, STOP_ON_FAILURE): Delayed 2 second(s)

2019-05-27 15:45:49 - [MESSAGE][PASSED] - Delayed 2 second(s)

2019-05-27 15:45:49 - [TEST_STEP][PASSED] - takeScreenshot(): Taking screenshot successfully

2019-05-27 15:45:49 - [MESSAGE][PASSED] - Taking screenshot successfully
[[ATTACHMENT|/Users/sumankompelly/Katalon Studio/OCS ( QA- 1.9.1 ) /Reports/QA ( 1.9.1)/HP, PROD , AG/20190527_150258/1558986349839.png]]

2019-05-27 15:45:49 - [TEST_STEP][PASSED] - delay(1): Delayed 1 second(s)

2019-05-27 15:45:50 - [MESSAGE][PASSED] - Delayed 1 second(s)

2019-05-27 15:45:50 - [TEST_STEP][PASSED] - back(): Navigate back successfully

2019-05-27 15:45:53 - [MESSAGE][PASSED] - Navigate back successfully]]></system-out>
         <system-err><![CDATA[]]></system-err>
      </testcase>
      <testcase name="Test Cases/OCS - MOBILE/OCS- PRODUCT PAGE/Price" classname="Test Cases/OCS - MOBILE/OCS- PRODUCT PAGE/Price" status="FAILED">
         <failure type="FAILED" message="Test Cases/OCS - MOBILE/OCS- PRODUCT PAGE/Price FAILED.
Reason:
com.kms.katalon.core.exception.StepFailedException: Unable to click on object 'Object Repository/OCS-MOBILE /Product page/Swatch_1g' (Root cause: org.openqa.selenium.ElementClickInterceptedException: Element &lt;label class=&quot;swatch__label&quot;> is not clickable at point (46,428) because another element &lt;li class=&quot;swatch swatch--weight&quot;> obscures it
Build info: version: '3.7.1', revision: '8a0099a', time: '2017-11-06T21:07:36.161Z'
System info: host: 'sumans-MacBook-Pro.local', ip: 'fe80:0:0:0:1c60:f35:3790:b4fa%en0', os.name: 'Mac OS X', os.arch: 'x86_64', os.version: '10.13.6', java.version: '1.8.0_181'
Driver info: com.kms.katalon.core.webui.driver.firefox.CGeckoDriver
Capabilities {acceptInsecureCerts: true, browserName: firefox, browserVersion: 67.0, javascriptEnabled: true, moz:accessibilityChecks: false, moz:buildID: 20190516215225, moz:geckodriverVersion: 0.23.0, moz:headless: false, moz:processID: 1438, moz:profile: /var/folders/1t/c55l8xzs6gq..., moz:shutdownTimeout: 60000, moz:useNonSpecCompliantPointerOrigin: false, moz:webdriverClick: true, pageLoadStrategy: normal, platform: MAC, platformName: MAC, platformVersion: 17.7.0, proxy: Proxy(direct), rotatable: false, setWindowRect: true, strictFileInteractability: false, timeouts: {implicit: 0, pageLoad: 300000, script: 30000}, unhandledPromptBehavior: dismiss and notify}
Session ID: 9ecbf22f-310e-fd4a-9352-7ae3cf04b3f0)
	at com.kms.katalon.core.keyword.internal.KeywordMain.stepFailed(KeywordMain.groovy:36)
	at com.kms.katalon.core.webui.keyword.internal.WebUIKeywordMain.stepFailed(WebUIKeywordMain.groovy:65)
	at com.kms.katalon.core.webui.keyword.internal.WebUIKeywordMain.runKeyword(WebUIKeywordMain.groovy:27)
	at com.kms.katalon.core.webui.keyword.builtin.ClickKeyword.click(ClickKeyword.groovy:86)
	at com.kms.katalon.core.webui.keyword.builtin.ClickKeyword.execute(ClickKeyword.groovy:67)
	at com.kms.katalon.core.keyword.internal.KeywordExecutor.executeKeywordForPlatform(KeywordExecutor.groovy:53)
	at com.kms.katalon.core.webui.keyword.WebUiBuiltInKeywords.click(WebUiBuiltInKeywords.groovy:616)
	at com.kms.katalon.core.webui.keyword.WebUiBuiltInKeywords$click$3.call(Unknown Source)
	at Price.run(Price:26)
	at com.kms.katalon.core.main.ScriptEngine.run(ScriptEngine.java:194)
	at com.kms.katalon.core.main.ScriptEngine.runScriptAsRawText(ScriptEngine.java:119)
	at com.kms.katalon.core.main.TestCaseExecutor.runScript(TestCaseExecutor.java:328)
	at com.kms.katalon.core.main.TestCaseExecutor.doExecute(TestCaseExecutor.java:319)
	at com.kms.katalon.core.main.TestCaseExecutor.processExecutionPhase(TestCaseExecutor.java:298)
	at com.kms.katalon.core.main.TestCaseExecutor.accessMainPhase(TestCaseExecutor.java:290)
	at com.kms.katalon.core.main.TestCaseExecutor.execute(TestCaseExecutor.java:224)
	at com.kms.katalon.core.main.TestSuiteExecutor.accessTestCaseMainPhase(TestSuiteExecutor.java:129)
	at com.kms.katalon.core.main.TestSuiteExecutor.accessTestSuiteMainPhase(TestSuiteExecutor.java:112)
	at com.kms.katalon.core.main.TestSuiteExecutor.execute(TestSuiteExecutor.java:81)
	at com.kms.katalon.core.main.TestCaseMain.startTestSuite(TestCaseMain.java:149)
	at com.kms.katalon.core.main.TestCaseMain$startTestSuite$0.call(Unknown Source)
	at TempTestSuite1558983778167.run(TempTestSuite1558983778167.groovy:36)
"/>
         <system-out><![CDATA[2019-05-27 15:45:53 - [TEST_CASE][FAILED] - Test Cases/OCS - MOBILE/OCS- PRODUCT PAGE/Price: Test Cases/OCS - MOBILE/OCS- PRODUCT PAGE/Price FAILED.
Reason:
com.kms.katalon.core.exception.StepFailedException: Unable to click on object 'Object Repository/OCS-MOBILE /Product page/Swatch_1g' (Root cause: org.openqa.selenium.ElementClickInterceptedException: Element <label class="swatch__label"> is not clickable at point (46,428) because another element <li class="swatch swatch--weight"> obscures it
Build info: version: '3.7.1', revision: '8a0099a', time: '2017-11-06T21:07:36.161Z'
System info: host: 'sumans-MacBook-Pro.local', ip: 'fe80:0:0:0:1c60:f35:3790:b4fa%en0', os.name: 'Mac OS X', os.arch: 'x86_64', os.version: '10.13.6', java.version: '1.8.0_181'
Driver info: com.kms.katalon.core.webui.driver.firefox.CGeckoDriver
Capabilities {acceptInsecureCerts: true, browserName: firefox, browserVersion: 67.0, javascriptEnabled: true, moz:accessibilityChecks: false, moz:buildID: 20190516215225, moz:geckodriverVersion: 0.23.0, moz:headless: false, moz:processID: 1438, moz:profile: /var/folders/1t/c55l8xzs6gq..., moz:shutdownTimeout: 60000, moz:useNonSpecCompliantPointerOrigin: false, moz:webdriverClick: true, pageLoadStrategy: normal, platform: MAC, platformName: MAC, platformVersion: 17.7.0, proxy: Proxy(direct), rotatable: false, setWindowRect: true, strictFileInteractability: false, timeouts: {implicit: 0, pageLoad: 300000, script: 30000}, unhandledPromptBehavior: dismiss and notify}
Session ID: 9ecbf22f-310e-fd4a-9352-7ae3cf04b3f0)
	at com.kms.katalon.core.keyword.internal.KeywordMain.stepFailed(KeywordMain.groovy:36)
	at com.kms.katalon.core.webui.keyword.internal.WebUIKeywordMain.stepFailed(WebUIKeywordMain.groovy:65)
	at com.kms.katalon.core.webui.keyword.internal.WebUIKeywordMain.runKeyword(WebUIKeywordMain.groovy:27)
	at com.kms.katalon.core.webui.keyword.builtin.ClickKeyword.click(ClickKeyword.groovy:86)
	at com.kms.katalon.core.webui.keyword.builtin.ClickKeyword.execute(ClickKeyword.groovy:67)
	at com.kms.katalon.core.keyword.internal.KeywordExecutor.executeKeywordForPlatform(KeywordExecutor.groovy:53)
	at com.kms.katalon.core.webui.keyword.WebUiBuiltInKeywords.click(WebUiBuiltInKeywords.groovy:616)
	at com.kms.katalon.core.webui.keyword.WebUiBuiltInKeywords$click$3.call(Unknown Source)
	at Price.run(Price:26)
	at com.kms.katalon.core.main.ScriptEngine.run(ScriptEngine.java:194)
	at com.kms.katalon.core.main.ScriptEngine.runScriptAsRawText(ScriptEngine.java:119)
	at com.kms.katalon.core.main.TestCaseExecutor.runScript(TestCaseExecutor.java:328)
	at com.kms.katalon.core.main.TestCaseExecutor.doExecute(TestCaseExecutor.java:319)
	at com.kms.katalon.core.main.TestCaseExecutor.processExecutionPhase(TestCaseExecutor.java:298)
	at com.kms.katalon.core.main.TestCaseExecutor.accessMainPhase(TestCaseExecutor.java:290)
	at com.kms.katalon.core.main.TestCaseExecutor.execute(TestCaseExecutor.java:224)
	at com.kms.katalon.core.main.TestSuiteExecutor.accessTestCaseMainPhase(TestSuiteExecutor.java:129)
	at com.kms.katalon.core.main.TestSuiteExecutor.accessTestSuiteMainPhase(TestSuiteExecutor.java:112)
	at com.kms.katalon.core.main.TestSuiteExecutor.execute(TestSuiteExecutor.java:81)
	at com.kms.katalon.core.main.TestCaseMain.startTestSuite(TestCaseMain.java:149)
	at com.kms.katalon.core.main.TestCaseMain$startTestSuite$0.call(Unknown Source)
	at TempTestSuite1558983778167.run(TempTestSuite1558983778167.groovy:36)


2019-05-27 15:45:53 - [TEST_STEP][PASSED] - callTestCase(findTestCase("OCS - MOBILE/CALL - PDP"), [:], STOP_ON_FAILURE): Call Test Case 'Test Cases/OCS - MOBILE/CALL - PDP' successfully

2019-05-27 15:45:53 - [TEST_CASE][PASSED] - Test Cases/OCS - MOBILE/CALL - PDP: Test Cases/OCS - MOBILE/CALL - PDP

2019-05-27 15:45:53 - [TEST_STEP][PASSED] - openBrowser(""): Browser is opened with url: ''

2019-05-27 15:45:53 - [MESSAGE][WARNING] - A browser is already opened. Closing browser and opening a new one

2019-05-27 15:45:54 - [MESSAGE][INFO] - Starting 'Firefox' driver

2019-05-27 15:45:56 - [MESSAGE][PASSED] - Browser is opened with url: ''

2019-05-27 15:45:56 - [TEST_STEP][PASSED] - navigateToUrl("https://ocs.ca/?fts=0&preview_theme_id=53376026444"): Navigate to 'https://ocs.ca/?fts=0&preview_theme_id=53376026444' successfully

2019-05-27 15:46:05 - [MESSAGE][PASSED] - Navigate to 'https://ocs.ca/?fts=0&preview_theme_id=53376026444' successfully

2019-05-27 15:46:05 - [TEST_STEP][NOT_RUN] - executeJavaScript("var previewBar = document.getElementById("preview-bar-iframe"); previewBar.style.display = "none";", []): NOT_RUN: executeJavaScript("var previewBar = document.getElementById("preview-bar-iframe"); previewBar.style.display = "none";", [])

2019-05-27 15:46:05 - [MESSAGE][NOT_RUN] - NOT_RUN: executeJavaScript("var previewBar = document.getElementById("preview-bar-iframe"); previewBar.style.display = "none";", [])

2019-05-27 15:46:05 - [TEST_STEP][PASSED] - setViewPortSize(360, 800): Viewport is set to new size with width = 360 and height = 800

2019-05-27 15:46:06 - [MESSAGE][PASSED] - Viewport is set to new size with width = 360 and height = 800

2019-05-27 15:46:06 - [TEST_STEP][PASSED] - delay(4): Delayed 4 second(s)

2019-05-27 15:46:10 - [MESSAGE][PASSED] - Delayed 4 second(s)

2019-05-27 15:46:10 - [TEST_STEP][PASSED] - selectOptionByValue(findTestObject("OCS-MOBILE /Age gate and burger menu/Date"), "12", true): All options with value '12' are selected in object 'Object Repository/OCS-MOBILE /Age gate and burger menu/Date'  using regular expression

2019-05-27 15:46:10 - [MESSAGE][PASSED] - All options with value '12' are selected in object 'Object Repository/OCS-MOBILE /Age gate and burger menu/Date'  using regular expression

2019-05-27 15:46:10 - [TEST_STEP][PASSED] - selectOptionByValue(findTestObject("OCS-MOBILE /Age gate and burger menu/month"), "6", true): All options with value '6' are selected in object 'Object Repository/OCS-MOBILE /Age gate and burger menu/month'  using regular expression

2019-05-27 15:46:11 - [MESSAGE][PASSED] - All options with value '6' are selected in object 'Object Repository/OCS-MOBILE /Age gate and burger menu/month'  using regular expression

2019-05-27 15:46:11 - [TEST_STEP][PASSED] - delay(2): Delayed 2 second(s)

2019-05-27 15:46:13 - [MESSAGE][PASSED] - Delayed 2 second(s)

2019-05-27 15:46:13 - [TEST_STEP][PASSED] - selectOptionByValue(findTestObject("OCS-MOBILE /Age gate and burger menu/Year Dropdown"), "1990", true): All options with value '1990' are selected in object 'Object Repository/OCS-MOBILE /Age gate and burger menu/Year Dropdown'  using regular expression

2019-05-27 15:46:14 - [MESSAGE][PASSED] - All options with value '1990' are selected in object 'Object Repository/OCS-MOBILE /Age gate and burger menu/Year Dropdown'  using regular expression

2019-05-27 15:46:14 - [TEST_STEP][PASSED] - click(findTestObject("OCS-MOBILE /Age gate and burger menu/button_Verify")): Object: 'Object Repository/OCS-MOBILE /Age gate and burger menu/button_Verify' is clicked on

2019-05-27 15:46:15 - [MESSAGE][PASSED] - Object: 'Object Repository/OCS-MOBILE /Age gate and burger menu/button_Verify' is clicked on

2019-05-27 15:46:15 - [TEST_STEP][PASSED] - click(findTestObject("OCS-MOBILE /Age gate and burger menu/Checkbox_CONFIRM AND ACKNOWLEDGE")): Object: 'Object Repository/OCS-MOBILE /Age gate and burger menu/Checkbox_CONFIRM AND ACKNOWLEDGE' is clicked on

2019-05-27 15:46:15 - [MESSAGE][PASSED] - Object: 'Object Repository/OCS-MOBILE /Age gate and burger menu/Checkbox_CONFIRM AND ACKNOWLEDGE' is clicked on

2019-05-27 15:46:15 - [TEST_STEP][PASSED] - click(findTestObject("OCS-MOBILE /Age gate and burger menu/button_CONFIRM")): Object: 'Object Repository/OCS-MOBILE /Age gate and burger menu/button_CONFIRM' is clicked on

2019-05-27 15:46:15 - [MESSAGE][PASSED] - Object: 'Object Repository/OCS-MOBILE /Age gate and burger menu/button_CONFIRM' is clicked on

2019-05-27 15:46:15 - [TEST_STEP][PASSED] - click(findTestObject("OCS-MOBILE /Age gate and burger menu/button_Start Browsing")): Object: 'Object Repository/OCS-MOBILE /Age gate and burger menu/button_Start Browsing' is clicked on

2019-05-27 15:46:15 - [MESSAGE][PASSED] - Object: 'Object Repository/OCS-MOBILE /Age gate and burger menu/button_Start Browsing' is clicked on

2019-05-27 15:46:15 - [TEST_STEP][PASSED] - delay(2): Delayed 2 second(s)

2019-05-27 15:46:17 - [MESSAGE][PASSED] - Delayed 2 second(s)

2019-05-27 15:46:17 - [TEST_STEP][PASSED] - click(findTestObject("OCS-MOBILE /Age gate and burger menu/Burger menu - English")): Object: 'Object Repository/OCS-MOBILE /Age gate and burger menu/Burger menu - English' is clicked on

2019-05-27 15:46:18 - [MESSAGE][PASSED] - Object: 'Object Repository/OCS-MOBILE /Age gate and burger menu/Burger menu - English' is clicked on

2019-05-27 15:46:18 - [TEST_STEP][PASSED] - delay(2): Delayed 2 second(s)

2019-05-27 15:46:20 - [MESSAGE][PASSED] - Delayed 2 second(s)

2019-05-27 15:46:20 - [TEST_STEP][PASSED] - click(findTestObject("OCS-MOBILE /Age gate and burger menu/Chevron_Cannabis")): Object: 'Object Repository/OCS-MOBILE /Age gate and burger menu/Chevron_Cannabis' is clicked on

2019-05-27 15:46:20 - [MESSAGE][PASSED] - Object: 'Object Repository/OCS-MOBILE /Age gate and burger menu/Chevron_Cannabis' is clicked on

2019-05-27 15:46:20 - [TEST_STEP][PASSED] - delay(2): Delayed 2 second(s)

2019-05-27 15:46:22 - [MESSAGE][PASSED] - Delayed 2 second(s)

2019-05-27 15:46:22 - [TEST_STEP][PASSED] - click(findTestObject("OCS-MOBILE /Age gate and burger menu/Dried Flower_Plus icon")): Object: 'Object Repository/OCS-MOBILE /Age gate and burger menu/Dried Flower_Plus icon' is clicked on

2019-05-27 15:46:22 - [MESSAGE][PASSED] - Object: 'Object Repository/OCS-MOBILE /Age gate and burger menu/Dried Flower_Plus icon' is clicked on

2019-05-27 15:46:22 - [TEST_STEP][PASSED] - delay(2): Delayed 2 second(s)

2019-05-27 15:46:24 - [MESSAGE][PASSED] - Delayed 2 second(s)

2019-05-27 15:46:24 - [TEST_STEP][PASSED] - click(findTestObject("OCS-MOBILE /Age gate and burger menu/Indica Dominant_Menu item")): Object: 'Object Repository/OCS-MOBILE /Age gate and burger menu/Indica Dominant_Menu item' is clicked on

2019-05-27 15:46:27 - [MESSAGE][PASSED] - Object: 'Object Repository/OCS-MOBILE /Age gate and burger menu/Indica Dominant_Menu item' is clicked on

2019-05-27 15:46:27 - [TEST_STEP][PASSED] - delay(2): Delayed 2 second(s)

2019-05-27 15:46:29 - [MESSAGE][PASSED] - Delayed 2 second(s)

2019-05-27 15:46:29 - [TEST_STEP][PASSED] - click(findTestObject("OCS-MOBILE /Collection page/Product image - 1st one")): Object: 'Object Repository/OCS-MOBILE /Collection page/Product image - 1st one' is clicked on

2019-05-27 15:46:32 - [MESSAGE][PASSED] - Object: 'Object Repository/OCS-MOBILE /Collection page/Product image - 1st one' is clicked on

2019-05-27 15:46:32 - [TEST_STEP][PASSED] - delay(2): Delayed 2 second(s)

2019-05-27 15:46:34 - [MESSAGE][PASSED] - Delayed 2 second(s)

2019-05-27 15:46:34 - [TEST_STEP][PASSED] - executeJavaScript("var previewBar = document.getElementById("preview-bar-iframe"); previewBar.style.display = "none";", []): Execute JavaScript 'var previewBar = document.getElementById("preview-bar-iframe"); previewBar.style.display = "none";' successfully

2019-05-27 15:46:34 - [MESSAGE][PASSED] - Execute JavaScript 'var previewBar = document.getElementById("preview-bar-iframe"); previewBar.style.display = "none";' successfully

2019-05-27 15:46:34 - [MESSAGE][PASSED] - Call Test Case 'Test Cases/OCS - MOBILE/CALL - PDP' successfully

2019-05-27 15:46:34 - [TEST_STEP][NOT_RUN] - navigateToUrl("https://ocs.ca/?fts=0&preview_theme_id=53373863756"): NOT_RUN: navigateToUrl("https://ocs.ca/?fts=0&preview_theme_id=53373863756")

2019-05-27 15:46:34 - [MESSAGE][NOT_RUN] - NOT_RUN: navigateToUrl("https://ocs.ca/?fts=0&preview_theme_id=53373863756")

2019-05-27 15:46:34 - [TEST_STEP][PASSED] - delay(2): Delayed 2 second(s)

2019-05-27 15:46:36 - [MESSAGE][PASSED] - Delayed 2 second(s)

2019-05-27 15:46:36 - [TEST_STEP][PASSED] - scrollToElement(findTestObject("OCS-MOBILE /Product page/Product image"), 1): Scroll to object 'Object Repository/OCS-MOBILE /Product page/Product image' successfully

2019-05-27 15:46:36 - [MESSAGE][PASSED] - Scroll to object 'Object Repository/OCS-MOBILE /Product page/Product image' successfully

2019-05-27 15:46:36 - [TEST_STEP][PASSED] - delay(2): Delayed 2 second(s)

2019-05-27 15:46:38 - [MESSAGE][PASSED] - Delayed 2 second(s)

2019-05-27 15:46:38 - [TEST_STEP][FAILED] - click(findTestObject("OCS-MOBILE /Product page/Swatch_1g")): click(findTestObject("OCS-MOBILE /Product page/Swatch_1g")) FAILED.
Reason:
com.kms.katalon.core.exception.StepFailedException: Unable to click on object 'Object Repository/OCS-MOBILE /Product page/Swatch_1g' (Root cause: org.openqa.selenium.ElementClickInterceptedException: Element <label class="swatch__label"> is not clickable at point (46,428) because another element <li class="swatch swatch--weight"> obscures it
Build info: version: '3.7.1', revision: '8a0099a', time: '2017-11-06T21:07:36.161Z'
System info: host: 'sumans-MacBook-Pro.local', ip: 'fe80:0:0:0:1c60:f35:3790:b4fa%en0', os.name: 'Mac OS X', os.arch: 'x86_64', os.version: '10.13.6', java.version: '1.8.0_181'
Driver info: com.kms.katalon.core.webui.driver.firefox.CGeckoDriver
Capabilities {acceptInsecureCerts: true, browserName: firefox, browserVersion: 67.0, javascriptEnabled: true, moz:accessibilityChecks: false, moz:buildID: 20190516215225, moz:geckodriverVersion: 0.23.0, moz:headless: false, moz:processID: 1438, moz:profile: /var/folders/1t/c55l8xzs6gq..., moz:shutdownTimeout: 60000, moz:useNonSpecCompliantPointerOrigin: false, moz:webdriverClick: true, pageLoadStrategy: normal, platform: MAC, platformName: MAC, platformVersion: 17.7.0, proxy: Proxy(direct), rotatable: false, setWindowRect: true, strictFileInteractability: false, timeouts: {implicit: 0, pageLoad: 300000, script: 30000}, unhandledPromptBehavior: dismiss and notify}
Session ID: 9ecbf22f-310e-fd4a-9352-7ae3cf04b3f0)
	at com.kms.katalon.core.keyword.internal.KeywordMain.stepFailed(KeywordMain.groovy:36)
	at com.kms.katalon.core.webui.keyword.internal.WebUIKeywordMain.stepFailed(WebUIKeywordMain.groovy:65)
	at com.kms.katalon.core.webui.keyword.internal.WebUIKeywordMain.runKeyword(WebUIKeywordMain.groovy:27)
	at com.kms.katalon.core.webui.keyword.builtin.ClickKeyword.click(ClickKeyword.groovy:86)
	at com.kms.katalon.core.webui.keyword.builtin.ClickKeyword.execute(ClickKeyword.groovy:67)
	at com.kms.katalon.core.keyword.internal.KeywordExecutor.executeKeywordForPlatform(KeywordExecutor.groovy:53)
	at com.kms.katalon.core.webui.keyword.WebUiBuiltInKeywords.click(WebUiBuiltInKeywords.groovy:616)
	at com.kms.katalon.core.webui.keyword.WebUiBuiltInKeywords$click$3.call(Unknown Source)
	at Price.run(Price:26)
	at com.kms.katalon.core.main.ScriptEngine.run(ScriptEngine.java:194)
	at com.kms.katalon.core.main.ScriptEngine.runScriptAsRawText(ScriptEngine.java:119)
	at com.kms.katalon.core.main.TestCaseExecutor.runScript(TestCaseExecutor.java:328)
	at com.kms.katalon.core.main.TestCaseExecutor.doExecute(TestCaseExecutor.java:319)
	at com.kms.katalon.core.main.TestCaseExecutor.processExecutionPhase(TestCaseExecutor.java:298)
	at com.kms.katalon.core.main.TestCaseExecutor.accessMainPhase(TestCaseExecutor.java:290)
	at com.kms.katalon.core.main.TestCaseExecutor.execute(TestCaseExecutor.java:224)
	at com.kms.katalon.core.main.TestSuiteExecutor.accessTestCaseMainPhase(TestSuiteExecutor.java:129)
	at com.kms.katalon.core.main.TestSuiteExecutor.accessTestSuiteMainPhase(TestSuiteExecutor.java:112)
	at com.kms.katalon.core.main.TestSuiteExecutor.execute(TestSuiteExecutor.java:81)
	at com.kms.katalon.core.main.TestCaseMain.startTestSuite(TestCaseMain.java:149)
	at com.kms.katalon.core.main.TestCaseMain$startTestSuite$0.call(Unknown Source)
	at TempTestSuite1558983778167.run(TempTestSuite1558983778167.groovy:36)


2019-05-27 15:46:38 - [MESSAGE][FAILED] - Unable to click on object 'Object Repository/OCS-MOBILE /Product page/Swatch_1g' (Root cause: org.openqa.selenium.ElementClickInterceptedException: Element <label class="swatch__label"> is not clickable at point (46,428) because another element <li class="swatch swatch--weight"> obscures it
Build info: version: '3.7.1', revision: '8a0099a', time: '2017-11-06T21:07:36.161Z'
System info: host: 'sumans-MacBook-Pro.local', ip: 'fe80:0:0:0:1c60:f35:3790:b4fa%en0', os.name: 'Mac OS X', os.arch: 'x86_64', os.version: '10.13.6', java.version: '1.8.0_181'
Driver info: com.kms.katalon.core.webui.driver.firefox.CGeckoDriver
Capabilities {acceptInsecureCerts: true, browserName: firefox, browserVersion: 67.0, javascriptEnabled: true, moz:accessibilityChecks: false, moz:buildID: 20190516215225, moz:geckodriverVersion: 0.23.0, moz:headless: false, moz:processID: 1438, moz:profile: /var/folders/1t/c55l8xzs6gq..., moz:shutdownTimeout: 60000, moz:useNonSpecCompliantPointerOrigin: false, moz:webdriverClick: true, pageLoadStrategy: normal, platform: MAC, platformName: MAC, platformVersion: 17.7.0, proxy: Proxy(direct), rotatable: false, setWindowRect: true, strictFileInteractability: false, timeouts: {implicit: 0, pageLoad: 300000, script: 30000}, unhandledPromptBehavior: dismiss and notify}
Session ID: 9ecbf22f-310e-fd4a-9352-7ae3cf04b3f0)
[[ATTACHMENT|/Users/sumankompelly/Katalon Studio/OCS ( QA- 1.9.1 ) /Reports/QA ( 1.9.1)/HP, PROD , AG/20190527_150258/1558986398154.png]]

2019-05-27 15:46:38 - [MESSAGE][FAILED] - click(findTestObject("OCS-MOBILE /Product page/Swatch_1g")) FAILED.
Reason:
com.kms.katalon.core.exception.StepFailedException: Unable to click on object 'Object Repository/OCS-MOBILE /Product page/Swatch_1g' (Root cause: org.openqa.selenium.ElementClickInterceptedException: Element <label class="swatch__label"> is not clickable at point (46,428) because another element <li class="swatch swatch--weight"> obscures it
Build info: version: '3.7.1', revision: '8a0099a', time: '2017-11-06T21:07:36.161Z'
System info: host: 'sumans-MacBook-Pro.local', ip: 'fe80:0:0:0:1c60:f35:3790:b4fa%en0', os.name: 'Mac OS X', os.arch: 'x86_64', os.version: '10.13.6', java.version: '1.8.0_181'
Driver info: com.kms.katalon.core.webui.driver.firefox.CGeckoDriver
Capabilities {acceptInsecureCerts: true, browserName: firefox, browserVersion: 67.0, javascriptEnabled: true, moz:accessibilityChecks: false, moz:buildID: 20190516215225, moz:geckodriverVersion: 0.23.0, moz:headless: false, moz:processID: 1438, moz:profile: /var/folders/1t/c55l8xzs6gq..., moz:shutdownTimeout: 60000, moz:useNonSpecCompliantPointerOrigin: false, moz:webdriverClick: true, pageLoadStrategy: normal, platform: MAC, platformName: MAC, platformVersion: 17.7.0, proxy: Proxy(direct), rotatable: false, setWindowRect: true, strictFileInteractability: false, timeouts: {implicit: 0, pageLoad: 300000, script: 30000}, unhandledPromptBehavior: dismiss and notify}
Session ID: 9ecbf22f-310e-fd4a-9352-7ae3cf04b3f0)
	at com.kms.katalon.core.keyword.internal.KeywordMain.stepFailed(KeywordMain.groovy:36)
	at com.kms.katalon.core.webui.keyword.internal.WebUIKeywordMain.stepFailed(WebUIKeywordMain.groovy:65)
	at com.kms.katalon.core.webui.keyword.internal.WebUIKeywordMain.runKeyword(WebUIKeywordMain.groovy:27)
	at com.kms.katalon.core.webui.keyword.builtin.ClickKeyword.click(ClickKeyword.groovy:86)
	at com.kms.katalon.core.webui.keyword.builtin.ClickKeyword.execute(ClickKeyword.groovy:67)
	at com.kms.katalon.core.keyword.internal.KeywordExecutor.executeKeywordForPlatform(KeywordExecutor.groovy:53)
	at com.kms.katalon.core.webui.keyword.WebUiBuiltInKeywords.click(WebUiBuiltInKeywords.groovy:616)
	at com.kms.katalon.core.webui.keyword.WebUiBuiltInKeywords$click$3.call(Unknown Source)
	at Price.run(Price:26)
	at com.kms.katalon.core.main.ScriptEngine.run(ScriptEngine.java:194)
	at com.kms.katalon.core.main.ScriptEngine.runScriptAsRawText(ScriptEngine.java:119)
	at com.kms.katalon.core.main.TestCaseExecutor.runScript(TestCaseExecutor.java:328)
	at com.kms.katalon.core.main.TestCaseExecutor.doExecute(TestCaseExecutor.java:319)
	at com.kms.katalon.core.main.TestCaseExecutor.processExecutionPhase(TestCaseExecutor.java:298)
	at com.kms.katalon.core.main.TestCaseExecutor.accessMainPhase(TestCaseExecutor.java:290)
	at com.kms.katalon.core.main.TestCaseExecutor.execute(TestCaseExecutor.java:224)
	at com.kms.katalon.core.main.TestSuiteExecutor.accessTestCaseMainPhase(TestSuiteExecutor.java:129)
	at com.kms.katalon.core.main.TestSuiteExecutor.accessTestSuiteMainPhase(TestSuiteExecutor.java:112)
	at com.kms.katalon.core.main.TestSuiteExecutor.execute(TestSuiteExecutor.java:81)
	at com.kms.katalon.core.main.TestCaseMain.startTestSuite(TestCaseMain.java:149)
	at com.kms.katalon.core.main.TestCaseMain$startTestSuite$0.call(Unknown Source)
	at TempTestSuite1558983778167.run(TempTestSuite1558983778167.groovy:36)]]></system-out>
         <system-err><![CDATA[2019-05-27 15:45:53 - [TEST_CASE][FAILED] - Test Cases/OCS - MOBILE/OCS- PRODUCT PAGE/Price: Test Cases/OCS - MOBILE/OCS- PRODUCT PAGE/Price FAILED.
Reason:
com.kms.katalon.core.exception.StepFailedException: Unable to click on object 'Object Repository/OCS-MOBILE /Product page/Swatch_1g' (Root cause: org.openqa.selenium.ElementClickInterceptedException: Element <label class="swatch__label"> is not clickable at point (46,428) because another element <li class="swatch swatch--weight"> obscures it
Build info: version: '3.7.1', revision: '8a0099a', time: '2017-11-06T21:07:36.161Z'
System info: host: 'sumans-MacBook-Pro.local', ip: 'fe80:0:0:0:1c60:f35:3790:b4fa%en0', os.name: 'Mac OS X', os.arch: 'x86_64', os.version: '10.13.6', java.version: '1.8.0_181'
Driver info: com.kms.katalon.core.webui.driver.firefox.CGeckoDriver
Capabilities {acceptInsecureCerts: true, browserName: firefox, browserVersion: 67.0, javascriptEnabled: true, moz:accessibilityChecks: false, moz:buildID: 20190516215225, moz:geckodriverVersion: 0.23.0, moz:headless: false, moz:processID: 1438, moz:profile: /var/folders/1t/c55l8xzs6gq..., moz:shutdownTimeout: 60000, moz:useNonSpecCompliantPointerOrigin: false, moz:webdriverClick: true, pageLoadStrategy: normal, platform: MAC, platformName: MAC, platformVersion: 17.7.0, proxy: Proxy(direct), rotatable: false, setWindowRect: true, strictFileInteractability: false, timeouts: {implicit: 0, pageLoad: 300000, script: 30000}, unhandledPromptBehavior: dismiss and notify}
Session ID: 9ecbf22f-310e-fd4a-9352-7ae3cf04b3f0)
	at com.kms.katalon.core.keyword.internal.KeywordMain.stepFailed(KeywordMain.groovy:36)
	at com.kms.katalon.core.webui.keyword.internal.WebUIKeywordMain.stepFailed(WebUIKeywordMain.groovy:65)
	at com.kms.katalon.core.webui.keyword.internal.WebUIKeywordMain.runKeyword(WebUIKeywordMain.groovy:27)
	at com.kms.katalon.core.webui.keyword.builtin.ClickKeyword.click(ClickKeyword.groovy:86)
	at com.kms.katalon.core.webui.keyword.builtin.ClickKeyword.execute(ClickKeyword.groovy:67)
	at com.kms.katalon.core.keyword.internal.KeywordExecutor.executeKeywordForPlatform(KeywordExecutor.groovy:53)
	at com.kms.katalon.core.webui.keyword.WebUiBuiltInKeywords.click(WebUiBuiltInKeywords.groovy:616)
	at com.kms.katalon.core.webui.keyword.WebUiBuiltInKeywords$click$3.call(Unknown Source)
	at Price.run(Price:26)
	at com.kms.katalon.core.main.ScriptEngine.run(ScriptEngine.java:194)
	at com.kms.katalon.core.main.ScriptEngine.runScriptAsRawText(ScriptEngine.java:119)
	at com.kms.katalon.core.main.TestCaseExecutor.runScript(TestCaseExecutor.java:328)
	at com.kms.katalon.core.main.TestCaseExecutor.doExecute(TestCaseExecutor.java:319)
	at com.kms.katalon.core.main.TestCaseExecutor.processExecutionPhase(TestCaseExecutor.java:298)
	at com.kms.katalon.core.main.TestCaseExecutor.accessMainPhase(TestCaseExecutor.java:290)
	at com.kms.katalon.core.main.TestCaseExecutor.execute(TestCaseExecutor.java:224)
	at com.kms.katalon.core.main.TestSuiteExecutor.accessTestCaseMainPhase(TestSuiteExecutor.java:129)
	at com.kms.katalon.core.main.TestSuiteExecutor.accessTestSuiteMainPhase(TestSuiteExecutor.java:112)
	at com.kms.katalon.core.main.TestSuiteExecutor.execute(TestSuiteExecutor.java:81)
	at com.kms.katalon.core.main.TestCaseMain.startTestSuite(TestCaseMain.java:149)
	at com.kms.katalon.core.main.TestCaseMain$startTestSuite$0.call(Unknown Source)
	at TempTestSuite1558983778167.run(TempTestSuite1558983778167.groovy:36)]]></system-err>
      </testcase>
      <testcase name="Test Cases/OCS - MOBILE/OCS- PRODUCT PAGE/Learn More" classname="Test Cases/OCS - MOBILE/OCS- PRODUCT PAGE/Learn More" status="PASSED">
         <system-out><![CDATA[2019-05-27 15:46:38 - [TEST_CASE][PASSED] - Test Cases/OCS - MOBILE/OCS- PRODUCT PAGE/Learn More: Test Cases/OCS - MOBILE/OCS- PRODUCT PAGE/Learn More

2019-05-27 15:46:38 - [TEST_STEP][PASSED] - callTestCase(findTestCase("OCS - MOBILE/CALL - PDP"), [:], STOP_ON_FAILURE): Call Test Case 'Test Cases/OCS - MOBILE/CALL - PDP' successfully

2019-05-27 15:46:38 - [TEST_CASE][PASSED] - Test Cases/OCS - MOBILE/CALL - PDP: Test Cases/OCS - MOBILE/CALL - PDP

2019-05-27 15:46:38 - [TEST_STEP][PASSED] - openBrowser(""): Browser is opened with url: ''

2019-05-27 15:46:38 - [MESSAGE][WARNING] - A browser is already opened. Closing browser and opening a new one

2019-05-27 15:46:39 - [MESSAGE][INFO] - Starting 'Firefox' driver

2019-05-27 15:46:41 - [MESSAGE][PASSED] - Browser is opened with url: ''

2019-05-27 15:46:41 - [TEST_STEP][PASSED] - navigateToUrl("https://ocs.ca/?fts=0&preview_theme_id=53376026444"): Navigate to 'https://ocs.ca/?fts=0&preview_theme_id=53376026444' successfully

2019-05-27 15:46:49 - [MESSAGE][PASSED] - Navigate to 'https://ocs.ca/?fts=0&preview_theme_id=53376026444' successfully

2019-05-27 15:46:49 - [TEST_STEP][NOT_RUN] - executeJavaScript("var previewBar = document.getElementById("preview-bar-iframe"); previewBar.style.display = "none";", []): NOT_RUN: executeJavaScript("var previewBar = document.getElementById("preview-bar-iframe"); previewBar.style.display = "none";", [])

2019-05-27 15:46:49 - [MESSAGE][NOT_RUN] - NOT_RUN: executeJavaScript("var previewBar = document.getElementById("preview-bar-iframe"); previewBar.style.display = "none";", [])

2019-05-27 15:46:49 - [TEST_STEP][PASSED] - setViewPortSize(360, 800): Viewport is set to new size with width = 360 and height = 800

2019-05-27 15:46:49 - [MESSAGE][PASSED] - Viewport is set to new size with width = 360 and height = 800

2019-05-27 15:46:49 - [TEST_STEP][PASSED] - delay(4): Delayed 4 second(s)

2019-05-27 15:46:53 - [MESSAGE][PASSED] - Delayed 4 second(s)

2019-05-27 15:46:53 - [TEST_STEP][PASSED] - selectOptionByValue(findTestObject("OCS-MOBILE /Age gate and burger menu/Date"), "12", true): All options with value '12' are selected in object 'Object Repository/OCS-MOBILE /Age gate and burger menu/Date'  using regular expression

2019-05-27 15:46:54 - [MESSAGE][PASSED] - All options with value '12' are selected in object 'Object Repository/OCS-MOBILE /Age gate and burger menu/Date'  using regular expression

2019-05-27 15:46:54 - [TEST_STEP][PASSED] - selectOptionByValue(findTestObject("OCS-MOBILE /Age gate and burger menu/month"), "6", true): All options with value '6' are selected in object 'Object Repository/OCS-MOBILE /Age gate and burger menu/month'  using regular expression

2019-05-27 15:46:55 - [MESSAGE][PASSED] - All options with value '6' are selected in object 'Object Repository/OCS-MOBILE /Age gate and burger menu/month'  using regular expression

2019-05-27 15:46:55 - [TEST_STEP][PASSED] - delay(2): Delayed 2 second(s)

2019-05-27 15:46:57 - [MESSAGE][PASSED] - Delayed 2 second(s)

2019-05-27 15:46:57 - [TEST_STEP][PASSED] - selectOptionByValue(findTestObject("OCS-MOBILE /Age gate and burger menu/Year Dropdown"), "1990", true): All options with value '1990' are selected in object 'Object Repository/OCS-MOBILE /Age gate and burger menu/Year Dropdown'  using regular expression

2019-05-27 15:46:58 - [MESSAGE][PASSED] - All options with value '1990' are selected in object 'Object Repository/OCS-MOBILE /Age gate and burger menu/Year Dropdown'  using regular expression

2019-05-27 15:46:58 - [TEST_STEP][PASSED] - click(findTestObject("OCS-MOBILE /Age gate and burger menu/button_Verify")): Object: 'Object Repository/OCS-MOBILE /Age gate and burger menu/button_Verify' is clicked on

2019-05-27 15:46:59 - [MESSAGE][PASSED] - Object: 'Object Repository/OCS-MOBILE /Age gate and burger menu/button_Verify' is clicked on

2019-05-27 15:46:59 - [TEST_STEP][PASSED] - click(findTestObject("OCS-MOBILE /Age gate and burger menu/Checkbox_CONFIRM AND ACKNOWLEDGE")): Object: 'Object Repository/OCS-MOBILE /Age gate and burger menu/Checkbox_CONFIRM AND ACKNOWLEDGE' is clicked on

2019-05-27 15:46:59 - [MESSAGE][PASSED] - Object: 'Object Repository/OCS-MOBILE /Age gate and burger menu/Checkbox_CONFIRM AND ACKNOWLEDGE' is clicked on

2019-05-27 15:46:59 - [TEST_STEP][PASSED] - click(findTestObject("OCS-MOBILE /Age gate and burger menu/button_CONFIRM")): Object: 'Object Repository/OCS-MOBILE /Age gate and burger menu/button_CONFIRM' is clicked on

2019-05-27 15:46:59 - [MESSAGE][PASSED] - Object: 'Object Repository/OCS-MOBILE /Age gate and burger menu/button_CONFIRM' is clicked on

2019-05-27 15:46:59 - [TEST_STEP][PASSED] - click(findTestObject("OCS-MOBILE /Age gate and burger menu/button_Start Browsing")): Object: 'Object Repository/OCS-MOBILE /Age gate and burger menu/button_Start Browsing' is clicked on

2019-05-27 15:46:59 - [MESSAGE][PASSED] - Object: 'Object Repository/OCS-MOBILE /Age gate and burger menu/button_Start Browsing' is clicked on

2019-05-27 15:46:59 - [TEST_STEP][PASSED] - delay(2): Delayed 2 second(s)

2019-05-27 15:47:01 - [MESSAGE][PASSED] - Delayed 2 second(s)

2019-05-27 15:47:01 - [TEST_STEP][PASSED] - click(findTestObject("OCS-MOBILE /Age gate and burger menu/Burger menu - English")): Object: 'Object Repository/OCS-MOBILE /Age gate and burger menu/Burger menu - English' is clicked on

2019-05-27 15:47:02 - [MESSAGE][PASSED] - Object: 'Object Repository/OCS-MOBILE /Age gate and burger menu/Burger menu - English' is clicked on

2019-05-27 15:47:02 - [TEST_STEP][PASSED] - delay(2): Delayed 2 second(s)

2019-05-27 15:47:04 - [MESSAGE][PASSED] - Delayed 2 second(s)

2019-05-27 15:47:04 - [TEST_STEP][PASSED] - click(findTestObject("OCS-MOBILE /Age gate and burger menu/Chevron_Cannabis")): Object: 'Object Repository/OCS-MOBILE /Age gate and burger menu/Chevron_Cannabis' is clicked on

2019-05-27 15:47:04 - [MESSAGE][PASSED] - Object: 'Object Repository/OCS-MOBILE /Age gate and burger menu/Chevron_Cannabis' is clicked on

2019-05-27 15:47:04 - [TEST_STEP][PASSED] - delay(2): Delayed 2 second(s)

2019-05-27 15:47:06 - [MESSAGE][PASSED] - Delayed 2 second(s)

2019-05-27 15:47:06 - [TEST_STEP][PASSED] - click(findTestObject("OCS-MOBILE /Age gate and burger menu/Dried Flower_Plus icon")): Object: 'Object Repository/OCS-MOBILE /Age gate and burger menu/Dried Flower_Plus icon' is clicked on

2019-05-27 15:47:06 - [MESSAGE][PASSED] - Object: 'Object Repository/OCS-MOBILE /Age gate and burger menu/Dried Flower_Plus icon' is clicked on

2019-05-27 15:47:06 - [TEST_STEP][PASSED] - delay(2): Delayed 2 second(s)

2019-05-27 15:47:08 - [MESSAGE][PASSED] - Delayed 2 second(s)

2019-05-27 15:47:08 - [TEST_STEP][PASSED] - click(findTestObject("OCS-MOBILE /Age gate and burger menu/Indica Dominant_Menu item")): Object: 'Object Repository/OCS-MOBILE /Age gate and burger menu/Indica Dominant_Menu item' is clicked on

2019-05-27 15:47:11 - [MESSAGE][PASSED] - Object: 'Object Repository/OCS-MOBILE /Age gate and burger menu/Indica Dominant_Menu item' is clicked on

2019-05-27 15:47:11 - [TEST_STEP][PASSED] - delay(2): Delayed 2 second(s)

2019-05-27 15:47:13 - [MESSAGE][PASSED] - Delayed 2 second(s)

2019-05-27 15:47:13 - [TEST_STEP][PASSED] - click(findTestObject("OCS-MOBILE /Collection page/Product image - 1st one")): Object: 'Object Repository/OCS-MOBILE /Collection page/Product image - 1st one' is clicked on

2019-05-27 15:47:16 - [MESSAGE][PASSED] - Object: 'Object Repository/OCS-MOBILE /Collection page/Product image - 1st one' is clicked on

2019-05-27 15:47:16 - [TEST_STEP][PASSED] - delay(2): Delayed 2 second(s)

2019-05-27 15:47:18 - [MESSAGE][PASSED] - Delayed 2 second(s)

2019-05-27 15:47:18 - [TEST_STEP][PASSED] - executeJavaScript("var previewBar = document.getElementById("preview-bar-iframe"); previewBar.style.display = "none";", []): Execute JavaScript 'var previewBar = document.getElementById("preview-bar-iframe"); previewBar.style.display = "none";' successfully

2019-05-27 15:47:18 - [MESSAGE][PASSED] - Execute JavaScript 'var previewBar = document.getElementById("preview-bar-iframe"); previewBar.style.display = "none";' successfully

2019-05-27 15:47:18 - [MESSAGE][PASSED] - Call Test Case 'Test Cases/OCS - MOBILE/CALL - PDP' successfully

2019-05-27 15:47:18 - [TEST_STEP][PASSED] - scrollToElement(findTestObject("OCS-MOBILE /Product page/Product image"), 1): Scroll to object 'Object Repository/OCS-MOBILE /Product page/Product image' successfully

2019-05-27 15:47:18 - [MESSAGE][PASSED] - Scroll to object 'Object Repository/OCS-MOBILE /Product page/Product image' successfully

2019-05-27 15:47:18 - [TEST_STEP][PASSED] - click(findTestObject("OCS-MOBILE /Product page/Learn More - Link")): Object: 'Object Repository/OCS-MOBILE /Product page/Learn More - Link' is clicked on

2019-05-27 15:47:18 - [MESSAGE][PASSED] - Object: 'Object Repository/OCS-MOBILE /Product page/Learn More - Link' is clicked on

2019-05-27 15:47:18 - [TEST_STEP][PASSED] - verifyElementPresent(findTestObject("OCS-MOBILE /Product page/About Product - Table"), 1): Object 'Object Repository/OCS-MOBILE /Product page/About Product - Table' is present

2019-05-27 15:47:18 - [MESSAGE][PASSED] - Object 'Object Repository/OCS-MOBILE /Product page/About Product - Table' is present

2019-05-27 15:47:18 - [TEST_STEP][PASSED] - takeScreenshot(): Taking screenshot successfully

2019-05-27 15:47:18 - [MESSAGE][PASSED] - Taking screenshot successfully
[[ATTACHMENT|/Users/sumankompelly/Katalon Studio/OCS ( QA- 1.9.1 ) /Reports/QA ( 1.9.1)/HP, PROD , AG/20190527_150258/1558986438323.png]]]]></system-out>
         <system-err><![CDATA[]]></system-err>
      </testcase>
      <testcase name="Test Cases/OCS - MOBILE/OCS- PRODUCT PAGE/Recently viewed" classname="Test Cases/OCS - MOBILE/OCS- PRODUCT PAGE/Recently viewed" status="PASSED">
         <system-out><![CDATA[2019-05-27 15:47:18 - [TEST_CASE][PASSED] - Test Cases/OCS - MOBILE/OCS- PRODUCT PAGE/Recently viewed: Test Cases/OCS - MOBILE/OCS- PRODUCT PAGE/Recently viewed

2019-05-27 15:47:18 - [TEST_STEP][PASSED] - callTestCase(findTestCase("OCS - MOBILE/CALL - PDP"), [:], STOP_ON_FAILURE): Call Test Case 'Test Cases/OCS - MOBILE/CALL - PDP' successfully

2019-05-27 15:47:18 - [TEST_CASE][PASSED] - Test Cases/OCS - MOBILE/CALL - PDP: Test Cases/OCS - MOBILE/CALL - PDP

2019-05-27 15:47:18 - [TEST_STEP][PASSED] - openBrowser(""): Browser is opened with url: ''

2019-05-27 15:47:18 - [MESSAGE][WARNING] - A browser is already opened. Closing browser and opening a new one

2019-05-27 15:47:19 - [MESSAGE][INFO] - Starting 'Firefox' driver

2019-05-27 15:47:21 - [MESSAGE][PASSED] - Browser is opened with url: ''

2019-05-27 15:47:21 - [TEST_STEP][PASSED] - navigateToUrl("https://ocs.ca/?fts=0&preview_theme_id=53376026444"): Navigate to 'https://ocs.ca/?fts=0&preview_theme_id=53376026444' successfully

2019-05-27 15:47:31 - [MESSAGE][PASSED] - Navigate to 'https://ocs.ca/?fts=0&preview_theme_id=53376026444' successfully

2019-05-27 15:47:31 - [TEST_STEP][NOT_RUN] - executeJavaScript("var previewBar = document.getElementById("preview-bar-iframe"); previewBar.style.display = "none";", []): NOT_RUN: executeJavaScript("var previewBar = document.getElementById("preview-bar-iframe"); previewBar.style.display = "none";", [])

2019-05-27 15:47:31 - [MESSAGE][NOT_RUN] - NOT_RUN: executeJavaScript("var previewBar = document.getElementById("preview-bar-iframe"); previewBar.style.display = "none";", [])

2019-05-27 15:47:31 - [TEST_STEP][PASSED] - setViewPortSize(360, 800): Viewport is set to new size with width = 360 and height = 800

2019-05-27 15:47:31 - [MESSAGE][PASSED] - Viewport is set to new size with width = 360 and height = 800

2019-05-27 15:47:31 - [TEST_STEP][PASSED] - delay(4): Delayed 4 second(s)

2019-05-27 15:47:35 - [MESSAGE][PASSED] - Delayed 4 second(s)

2019-05-27 15:47:35 - [TEST_STEP][PASSED] - selectOptionByValue(findTestObject("OCS-MOBILE /Age gate and burger menu/Date"), "12", true): All options with value '12' are selected in object 'Object Repository/OCS-MOBILE /Age gate and burger menu/Date'  using regular expression

2019-05-27 15:47:36 - [MESSAGE][PASSED] - All options with value '12' are selected in object 'Object Repository/OCS-MOBILE /Age gate and burger menu/Date'  using regular expression

2019-05-27 15:47:36 - [TEST_STEP][PASSED] - selectOptionByValue(findTestObject("OCS-MOBILE /Age gate and burger menu/month"), "6", true): All options with value '6' are selected in object 'Object Repository/OCS-MOBILE /Age gate and burger menu/month'  using regular expression

2019-05-27 15:47:37 - [MESSAGE][PASSED] - All options with value '6' are selected in object 'Object Repository/OCS-MOBILE /Age gate and burger menu/month'  using regular expression

2019-05-27 15:47:37 - [TEST_STEP][PASSED] - delay(2): Delayed 2 second(s)

2019-05-27 15:47:39 - [MESSAGE][PASSED] - Delayed 2 second(s)

2019-05-27 15:47:39 - [TEST_STEP][PASSED] - selectOptionByValue(findTestObject("OCS-MOBILE /Age gate and burger menu/Year Dropdown"), "1990", true): All options with value '1990' are selected in object 'Object Repository/OCS-MOBILE /Age gate and burger menu/Year Dropdown'  using regular expression

2019-05-27 15:47:40 - [MESSAGE][PASSED] - All options with value '1990' are selected in object 'Object Repository/OCS-MOBILE /Age gate and burger menu/Year Dropdown'  using regular expression

2019-05-27 15:47:40 - [TEST_STEP][PASSED] - click(findTestObject("OCS-MOBILE /Age gate and burger menu/button_Verify")): Object: 'Object Repository/OCS-MOBILE /Age gate and burger menu/button_Verify' is clicked on

2019-05-27 15:47:40 - [MESSAGE][PASSED] - Object: 'Object Repository/OCS-MOBILE /Age gate and burger menu/button_Verify' is clicked on

2019-05-27 15:47:40 - [TEST_STEP][PASSED] - click(findTestObject("OCS-MOBILE /Age gate and burger menu/Checkbox_CONFIRM AND ACKNOWLEDGE")): Object: 'Object Repository/OCS-MOBILE /Age gate and burger menu/Checkbox_CONFIRM AND ACKNOWLEDGE' is clicked on

2019-05-27 15:47:41 - [MESSAGE][PASSED] - Object: 'Object Repository/OCS-MOBILE /Age gate and burger menu/Checkbox_CONFIRM AND ACKNOWLEDGE' is clicked on

2019-05-27 15:47:41 - [TEST_STEP][PASSED] - click(findTestObject("OCS-MOBILE /Age gate and burger menu/button_CONFIRM")): Object: 'Object Repository/OCS-MOBILE /Age gate and burger menu/button_CONFIRM' is clicked on

2019-05-27 15:47:41 - [MESSAGE][PASSED] - Object: 'Object Repository/OCS-MOBILE /Age gate and burger menu/button_CONFIRM' is clicked on

2019-05-27 15:47:41 - [TEST_STEP][PASSED] - click(findTestObject("OCS-MOBILE /Age gate and burger menu/button_Start Browsing")): Object: 'Object Repository/OCS-MOBILE /Age gate and burger menu/button_Start Browsing' is clicked on

2019-05-27 15:47:41 - [MESSAGE][PASSED] - Object: 'Object Repository/OCS-MOBILE /Age gate and burger menu/button_Start Browsing' is clicked on

2019-05-27 15:47:41 - [TEST_STEP][PASSED] - delay(2): Delayed 2 second(s)

2019-05-27 15:47:43 - [MESSAGE][PASSED] - Delayed 2 second(s)

2019-05-27 15:47:43 - [TEST_STEP][PASSED] - click(findTestObject("OCS-MOBILE /Age gate and burger menu/Burger menu - English")): Object: 'Object Repository/OCS-MOBILE /Age gate and burger menu/Burger menu - English' is clicked on

2019-05-27 15:47:44 - [MESSAGE][PASSED] - Object: 'Object Repository/OCS-MOBILE /Age gate and burger menu/Burger menu - English' is clicked on

2019-05-27 15:47:44 - [TEST_STEP][PASSED] - delay(2): Delayed 2 second(s)

2019-05-27 15:47:46 - [MESSAGE][PASSED] - Delayed 2 second(s)

2019-05-27 15:47:46 - [TEST_STEP][PASSED] - click(findTestObject("OCS-MOBILE /Age gate and burger menu/Chevron_Cannabis")): Object: 'Object Repository/OCS-MOBILE /Age gate and burger menu/Chevron_Cannabis' is clicked on

2019-05-27 15:47:46 - [MESSAGE][PASSED] - Object: 'Object Repository/OCS-MOBILE /Age gate and burger menu/Chevron_Cannabis' is clicked on

2019-05-27 15:47:46 - [TEST_STEP][PASSED] - delay(2): Delayed 2 second(s)

2019-05-27 15:47:48 - [MESSAGE][PASSED] - Delayed 2 second(s)

2019-05-27 15:47:48 - [TEST_STEP][PASSED] - click(findTestObject("OCS-MOBILE /Age gate and burger menu/Dried Flower_Plus icon")): Object: 'Object Repository/OCS-MOBILE /Age gate and burger menu/Dried Flower_Plus icon' is clicked on

2019-05-27 15:47:48 - [MESSAGE][PASSED] - Object: 'Object Repository/OCS-MOBILE /Age gate and burger menu/Dried Flower_Plus icon' is clicked on

2019-05-27 15:47:48 - [TEST_STEP][PASSED] - delay(2): Delayed 2 second(s)

2019-05-27 15:47:50 - [MESSAGE][PASSED] - Delayed 2 second(s)

2019-05-27 15:47:50 - [TEST_STEP][PASSED] - click(findTestObject("OCS-MOBILE /Age gate and burger menu/Indica Dominant_Menu item")): Object: 'Object Repository/OCS-MOBILE /Age gate and burger menu/Indica Dominant_Menu item' is clicked on

2019-05-27 15:47:53 - [MESSAGE][PASSED] - Object: 'Object Repository/OCS-MOBILE /Age gate and burger menu/Indica Dominant_Menu item' is clicked on

2019-05-27 15:47:53 - [TEST_STEP][PASSED] - delay(2): Delayed 2 second(s)

2019-05-27 15:47:55 - [MESSAGE][PASSED] - Delayed 2 second(s)

2019-05-27 15:47:55 - [TEST_STEP][PASSED] - click(findTestObject("OCS-MOBILE /Collection page/Product image - 1st one")): Object: 'Object Repository/OCS-MOBILE /Collection page/Product image - 1st one' is clicked on

2019-05-27 15:47:57 - [MESSAGE][PASSED] - Object: 'Object Repository/OCS-MOBILE /Collection page/Product image - 1st one' is clicked on

2019-05-27 15:47:57 - [TEST_STEP][PASSED] - delay(2): Delayed 2 second(s)

2019-05-27 15:47:59 - [MESSAGE][PASSED] - Delayed 2 second(s)

2019-05-27 15:47:59 - [TEST_STEP][PASSED] - executeJavaScript("var previewBar = document.getElementById("preview-bar-iframe"); previewBar.style.display = "none";", []): Execute JavaScript 'var previewBar = document.getElementById("preview-bar-iframe"); previewBar.style.display = "none";' successfully

2019-05-27 15:47:59 - [MESSAGE][PASSED] - Execute JavaScript 'var previewBar = document.getElementById("preview-bar-iframe"); previewBar.style.display = "none";' successfully

2019-05-27 15:47:59 - [MESSAGE][PASSED] - Call Test Case 'Test Cases/OCS - MOBILE/CALL - PDP' successfully

2019-05-27 15:47:59 - [TEST_STEP][PASSED] - a = getWindowTitle(): Current window's title is: 'Shishkaberry | Ontario Cannabis Store'

2019-05-27 15:47:59 - [MESSAGE][PASSED] - Current window's title is: 'Shishkaberry | Ontario Cannabis Store'

2019-05-27 15:47:59 - [TEST_STEP][PASSED] - comment("WINDOW TITLE: " + a): WINDOW TITLE: Shishkaberry | Ontario Cannabis Store

2019-05-27 15:47:59 - [MESSAGE][INFO] - WINDOW TITLE: Shishkaberry | Ontario Cannabis Store

2019-05-27 15:47:59 - [TEST_STEP][PASSED] - scrollToElement(findTestObject("OCS-MOBILE /Product page/How to choose cannabis product - Button"), 2): Scroll to object 'Object Repository/OCS-MOBILE /Product page/How to choose cannabis product - Button' successfully

2019-05-27 15:47:59 - [MESSAGE][PASSED] - Scroll to object 'Object Repository/OCS-MOBILE /Product page/How to choose cannabis product - Button' successfully

2019-05-27 15:47:59 - [TEST_STEP][PASSED] - click(findTestObject("OCS-MOBILE /Product page/Recently Viewed/1st Product - Image")): Object: 'Object Repository/OCS-MOBILE /Product page/Recently Viewed/1st Product - Image' is clicked on

2019-05-27 15:48:01 - [MESSAGE][PASSED] - Object: 'Object Repository/OCS-MOBILE /Product page/Recently Viewed/1st Product - Image' is clicked on

2019-05-27 15:48:01 - [TEST_STEP][PASSED] - delay(2): Delayed 2 second(s)

2019-05-27 15:48:03 - [MESSAGE][PASSED] - Delayed 2 second(s)

2019-05-27 15:48:03 - [TEST_STEP][PASSED] - b = getWindowTitle(): Current window's title is: 'Shishkaberry | Ontario Cannabis Store'

2019-05-27 15:48:03 - [MESSAGE][PASSED] - Current window's title is: 'Shishkaberry | Ontario Cannabis Store'

2019-05-27 15:48:03 - [TEST_STEP][PASSED] - comment("WINDOW TITLE:" + b): WINDOW TITLE:Shishkaberry | Ontario Cannabis Store

2019-05-27 15:48:03 - [MESSAGE][INFO] - WINDOW TITLE:Shishkaberry | Ontario Cannabis Store

2019-05-27 15:48:03 - [TEST_STEP][PASSED] - if (a == b): WINDOW TITLES ARE SAME

2019-05-27 15:48:03 - [TEST_STEP][PASSED] - comment("WINDOW TITLES ARE SAME"): WINDOW TITLES ARE SAME

2019-05-27 15:48:03 - [MESSAGE][INFO] - WINDOW TITLES ARE SAME]]></system-out>
         <system-err><![CDATA[]]></system-err>
      </testcase>
      <testcase name="Test Cases/OCS - MOBILE/OCS- PRODUCT PAGE/variants selector" classname="Test Cases/OCS - MOBILE/OCS- PRODUCT PAGE/variants selector" status="FAILED">
         <failure type="FAILED" message="Test Cases/OCS - MOBILE/OCS- PRODUCT PAGE/variants selector FAILED.
Reason:
com.kms.katalon.core.exception.StepFailedException: Unable to verify object 'Object Repository/OCS-MOBILE /Product page/Swatch_7g' to be clickable (Root cause: com.kms.katalon.core.exception.StepFailedException: Web element with id: 'Object Repository/OCS-MOBILE /Product page/Swatch_7g' located by 'By.xpath: /html/body/div[3]/section/div[1]/div[2]/div[2]/form/div/div[1]/div/ul/li[3]/label' not found)
	at com.kms.katalon.core.keyword.internal.KeywordMain.stepFailed(KeywordMain.groovy:36)
	at com.kms.katalon.core.webui.keyword.internal.WebUIKeywordMain.stepFailed(WebUIKeywordMain.groovy:65)
	at com.kms.katalon.core.webui.keyword.internal.WebUIKeywordMain.runKeyword(WebUIKeywordMain.groovy:27)
	at com.kms.katalon.core.webui.keyword.builtin.VerifyElementClickableKeyword.verifyElementClickable(VerifyElementClickableKeyword.groovy:96)
	at com.kms.katalon.core.webui.keyword.builtin.VerifyElementClickableKeyword.execute(VerifyElementClickableKeyword.groovy:67)
	at com.kms.katalon.core.keyword.internal.KeywordExecutor.executeKeywordForPlatform(KeywordExecutor.groovy:53)
	at com.kms.katalon.core.webui.keyword.WebUiBuiltInKeywords.verifyElementClickable(WebUiBuiltInKeywords.groovy:562)
	at com.kms.katalon.core.webui.keyword.WebUiBuiltInKeywords$verifyElementClickable$16.call(Unknown Source)
	at variants selector.run(variants selector:65)
	at com.kms.katalon.core.main.ScriptEngine.run(ScriptEngine.java:194)
	at com.kms.katalon.core.main.ScriptEngine.runScriptAsRawText(ScriptEngine.java:119)
	at com.kms.katalon.core.main.TestCaseExecutor.runScript(TestCaseExecutor.java:328)
	at com.kms.katalon.core.main.TestCaseExecutor.doExecute(TestCaseExecutor.java:319)
	at com.kms.katalon.core.main.TestCaseExecutor.processExecutionPhase(TestCaseExecutor.java:298)
	at com.kms.katalon.core.main.TestCaseExecutor.accessMainPhase(TestCaseExecutor.java:290)
	at com.kms.katalon.core.main.TestCaseExecutor.execute(TestCaseExecutor.java:224)
	at com.kms.katalon.core.main.TestSuiteExecutor.accessTestCaseMainPhase(TestSuiteExecutor.java:129)
	at com.kms.katalon.core.main.TestSuiteExecutor.accessTestSuiteMainPhase(TestSuiteExecutor.java:112)
	at com.kms.katalon.core.main.TestSuiteExecutor.execute(TestSuiteExecutor.java:81)
	at com.kms.katalon.core.main.TestCaseMain.startTestSuite(TestCaseMain.java:149)
	at com.kms.katalon.core.main.TestCaseMain$startTestSuite$0.call(Unknown Source)
	at TempTestSuite1558983778167.run(TempTestSuite1558983778167.groovy:36)
"/>
         <system-out><![CDATA[2019-05-27 15:48:03 - [TEST_CASE][FAILED] - Test Cases/OCS - MOBILE/OCS- PRODUCT PAGE/variants selector: Test Cases/OCS - MOBILE/OCS- PRODUCT PAGE/variants selector FAILED.
Reason:
com.kms.katalon.core.exception.StepFailedException: Unable to verify object 'Object Repository/OCS-MOBILE /Product page/Swatch_7g' to be clickable (Root cause: com.kms.katalon.core.exception.StepFailedException: Web element with id: 'Object Repository/OCS-MOBILE /Product page/Swatch_7g' located by 'By.xpath: /html/body/div[3]/section/div[1]/div[2]/div[2]/form/div/div[1]/div/ul/li[3]/label' not found)
	at com.kms.katalon.core.keyword.internal.KeywordMain.stepFailed(KeywordMain.groovy:36)
	at com.kms.katalon.core.webui.keyword.internal.WebUIKeywordMain.stepFailed(WebUIKeywordMain.groovy:65)
	at com.kms.katalon.core.webui.keyword.internal.WebUIKeywordMain.runKeyword(WebUIKeywordMain.groovy:27)
	at com.kms.katalon.core.webui.keyword.builtin.VerifyElementClickableKeyword.verifyElementClickable(VerifyElementClickableKeyword.groovy:96)
	at com.kms.katalon.core.webui.keyword.builtin.VerifyElementClickableKeyword.execute(VerifyElementClickableKeyword.groovy:67)
	at com.kms.katalon.core.keyword.internal.KeywordExecutor.executeKeywordForPlatform(KeywordExecutor.groovy:53)
	at com.kms.katalon.core.webui.keyword.WebUiBuiltInKeywords.verifyElementClickable(WebUiBuiltInKeywords.groovy:562)
	at com.kms.katalon.core.webui.keyword.WebUiBuiltInKeywords$verifyElementClickable$16.call(Unknown Source)
	at variants selector.run(variants selector:65)
	at com.kms.katalon.core.main.ScriptEngine.run(ScriptEngine.java:194)
	at com.kms.katalon.core.main.ScriptEngine.runScriptAsRawText(ScriptEngine.java:119)
	at com.kms.katalon.core.main.TestCaseExecutor.runScript(TestCaseExecutor.java:328)
	at com.kms.katalon.core.main.TestCaseExecutor.doExecute(TestCaseExecutor.java:319)
	at com.kms.katalon.core.main.TestCaseExecutor.processExecutionPhase(TestCaseExecutor.java:298)
	at com.kms.katalon.core.main.TestCaseExecutor.accessMainPhase(TestCaseExecutor.java:290)
	at com.kms.katalon.core.main.TestCaseExecutor.execute(TestCaseExecutor.java:224)
	at com.kms.katalon.core.main.TestSuiteExecutor.accessTestCaseMainPhase(TestSuiteExecutor.java:129)
	at com.kms.katalon.core.main.TestSuiteExecutor.accessTestSuiteMainPhase(TestSuiteExecutor.java:112)
	at com.kms.katalon.core.main.TestSuiteExecutor.execute(TestSuiteExecutor.java:81)
	at com.kms.katalon.core.main.TestCaseMain.startTestSuite(TestCaseMain.java:149)
	at com.kms.katalon.core.main.TestCaseMain$startTestSuite$0.call(Unknown Source)
	at TempTestSuite1558983778167.run(TempTestSuite1558983778167.groovy:36)


2019-05-27 15:48:03 - [TEST_STEP][PASSED] - callTestCase(findTestCase("OCS - MOBILE/CALL - PDP"), [:], STOP_ON_FAILURE): Call Test Case 'Test Cases/OCS - MOBILE/CALL - PDP' successfully

2019-05-27 15:48:03 - [TEST_CASE][PASSED] - Test Cases/OCS - MOBILE/CALL - PDP: Test Cases/OCS - MOBILE/CALL - PDP

2019-05-27 15:48:03 - [TEST_STEP][PASSED] - openBrowser(""): Browser is opened with url: ''

2019-05-27 15:48:03 - [MESSAGE][WARNING] - A browser is already opened. Closing browser and opening a new one

2019-05-27 15:48:04 - [MESSAGE][INFO] - Starting 'Firefox' driver

2019-05-27 15:48:06 - [MESSAGE][PASSED] - Browser is opened with url: ''

2019-05-27 15:48:06 - [TEST_STEP][PASSED] - navigateToUrl("https://ocs.ca/?fts=0&preview_theme_id=53376026444"): Navigate to 'https://ocs.ca/?fts=0&preview_theme_id=53376026444' successfully

2019-05-27 15:48:12 - [MESSAGE][PASSED] - Navigate to 'https://ocs.ca/?fts=0&preview_theme_id=53376026444' successfully

2019-05-27 15:48:12 - [TEST_STEP][NOT_RUN] - executeJavaScript("var previewBar = document.getElementById("preview-bar-iframe"); previewBar.style.display = "none";", []): NOT_RUN: executeJavaScript("var previewBar = document.getElementById("preview-bar-iframe"); previewBar.style.display = "none";", [])

2019-05-27 15:48:12 - [MESSAGE][NOT_RUN] - NOT_RUN: executeJavaScript("var previewBar = document.getElementById("preview-bar-iframe"); previewBar.style.display = "none";", [])

2019-05-27 15:48:12 - [TEST_STEP][PASSED] - setViewPortSize(360, 800): Viewport is set to new size with width = 360 and height = 800

2019-05-27 15:48:12 - [MESSAGE][PASSED] - Viewport is set to new size with width = 360 and height = 800

2019-05-27 15:48:12 - [TEST_STEP][PASSED] - delay(4): Delayed 4 second(s)

2019-05-27 15:48:16 - [MESSAGE][PASSED] - Delayed 4 second(s)

2019-05-27 15:48:16 - [TEST_STEP][PASSED] - selectOptionByValue(findTestObject("OCS-MOBILE /Age gate and burger menu/Date"), "12", true): All options with value '12' are selected in object 'Object Repository/OCS-MOBILE /Age gate and burger menu/Date'  using regular expression

2019-05-27 15:48:17 - [MESSAGE][PASSED] - All options with value '12' are selected in object 'Object Repository/OCS-MOBILE /Age gate and burger menu/Date'  using regular expression

2019-05-27 15:48:17 - [TEST_STEP][PASSED] - selectOptionByValue(findTestObject("OCS-MOBILE /Age gate and burger menu/month"), "6", true): All options with value '6' are selected in object 'Object Repository/OCS-MOBILE /Age gate and burger menu/month'  using regular expression

2019-05-27 15:48:18 - [MESSAGE][PASSED] - All options with value '6' are selected in object 'Object Repository/OCS-MOBILE /Age gate and burger menu/month'  using regular expression

2019-05-27 15:48:18 - [TEST_STEP][PASSED] - delay(2): Delayed 2 second(s)

2019-05-27 15:48:20 - [MESSAGE][PASSED] - Delayed 2 second(s)

2019-05-27 15:48:20 - [TEST_STEP][PASSED] - selectOptionByValue(findTestObject("OCS-MOBILE /Age gate and burger menu/Year Dropdown"), "1990", true): All options with value '1990' are selected in object 'Object Repository/OCS-MOBILE /Age gate and burger menu/Year Dropdown'  using regular expression

2019-05-27 15:48:21 - [MESSAGE][PASSED] - All options with value '1990' are selected in object 'Object Repository/OCS-MOBILE /Age gate and burger menu/Year Dropdown'  using regular expression

2019-05-27 15:48:21 - [TEST_STEP][PASSED] - click(findTestObject("OCS-MOBILE /Age gate and burger menu/button_Verify")): Object: 'Object Repository/OCS-MOBILE /Age gate and burger menu/button_Verify' is clicked on

2019-05-27 15:48:21 - [MESSAGE][PASSED] - Object: 'Object Repository/OCS-MOBILE /Age gate and burger menu/button_Verify' is clicked on

2019-05-27 15:48:21 - [TEST_STEP][PASSED] - click(findTestObject("OCS-MOBILE /Age gate and burger menu/Checkbox_CONFIRM AND ACKNOWLEDGE")): Object: 'Object Repository/OCS-MOBILE /Age gate and burger menu/Checkbox_CONFIRM AND ACKNOWLEDGE' is clicked on

2019-05-27 15:48:22 - [MESSAGE][PASSED] - Object: 'Object Repository/OCS-MOBILE /Age gate and burger menu/Checkbox_CONFIRM AND ACKNOWLEDGE' is clicked on

2019-05-27 15:48:22 - [TEST_STEP][PASSED] - click(findTestObject("OCS-MOBILE /Age gate and burger menu/button_CONFIRM")): Object: 'Object Repository/OCS-MOBILE /Age gate and burger menu/button_CONFIRM' is clicked on

2019-05-27 15:48:22 - [MESSAGE][PASSED] - Object: 'Object Repository/OCS-MOBILE /Age gate and burger menu/button_CONFIRM' is clicked on

2019-05-27 15:48:22 - [TEST_STEP][PASSED] - click(findTestObject("OCS-MOBILE /Age gate and burger menu/button_Start Browsing")): Object: 'Object Repository/OCS-MOBILE /Age gate and burger menu/button_Start Browsing' is clicked on

2019-05-27 15:48:22 - [MESSAGE][PASSED] - Object: 'Object Repository/OCS-MOBILE /Age gate and burger menu/button_Start Browsing' is clicked on

2019-05-27 15:48:22 - [TEST_STEP][PASSED] - delay(2): Delayed 2 second(s)

2019-05-27 15:48:24 - [MESSAGE][PASSED] - Delayed 2 second(s)

2019-05-27 15:48:24 - [TEST_STEP][PASSED] - click(findTestObject("OCS-MOBILE /Age gate and burger menu/Burger menu - English")): Object: 'Object Repository/OCS-MOBILE /Age gate and burger menu/Burger menu - English' is clicked on

2019-05-27 15:48:25 - [MESSAGE][PASSED] - Object: 'Object Repository/OCS-MOBILE /Age gate and burger menu/Burger menu - English' is clicked on

2019-05-27 15:48:25 - [TEST_STEP][PASSED] - delay(2): Delayed 2 second(s)

2019-05-27 15:48:27 - [MESSAGE][PASSED] - Delayed 2 second(s)

2019-05-27 15:48:27 - [TEST_STEP][PASSED] - click(findTestObject("OCS-MOBILE /Age gate and burger menu/Chevron_Cannabis")): Object: 'Object Repository/OCS-MOBILE /Age gate and burger menu/Chevron_Cannabis' is clicked on

2019-05-27 15:48:27 - [MESSAGE][PASSED] - Object: 'Object Repository/OCS-MOBILE /Age gate and burger menu/Chevron_Cannabis' is clicked on

2019-05-27 15:48:27 - [TEST_STEP][PASSED] - delay(2): Delayed 2 second(s)

2019-05-27 15:48:29 - [MESSAGE][PASSED] - Delayed 2 second(s)

2019-05-27 15:48:29 - [TEST_STEP][PASSED] - click(findTestObject("OCS-MOBILE /Age gate and burger menu/Dried Flower_Plus icon")): Object: 'Object Repository/OCS-MOBILE /Age gate and burger menu/Dried Flower_Plus icon' is clicked on

2019-05-27 15:48:29 - [MESSAGE][PASSED] - Object: 'Object Repository/OCS-MOBILE /Age gate and burger menu/Dried Flower_Plus icon' is clicked on

2019-05-27 15:48:29 - [TEST_STEP][PASSED] - delay(2): Delayed 2 second(s)

2019-05-27 15:48:31 - [MESSAGE][PASSED] - Delayed 2 second(s)

2019-05-27 15:48:31 - [TEST_STEP][PASSED] - click(findTestObject("OCS-MOBILE /Age gate and burger menu/Indica Dominant_Menu item")): Object: 'Object Repository/OCS-MOBILE /Age gate and burger menu/Indica Dominant_Menu item' is clicked on

2019-05-27 15:48:34 - [MESSAGE][PASSED] - Object: 'Object Repository/OCS-MOBILE /Age gate and burger menu/Indica Dominant_Menu item' is clicked on

2019-05-27 15:48:34 - [TEST_STEP][PASSED] - delay(2): Delayed 2 second(s)

2019-05-27 15:48:36 - [MESSAGE][PASSED] - Delayed 2 second(s)

2019-05-27 15:48:36 - [TEST_STEP][PASSED] - click(findTestObject("OCS-MOBILE /Collection page/Product image - 1st one")): Object: 'Object Repository/OCS-MOBILE /Collection page/Product image - 1st one' is clicked on

2019-05-27 15:48:38 - [MESSAGE][PASSED] - Object: 'Object Repository/OCS-MOBILE /Collection page/Product image - 1st one' is clicked on

2019-05-27 15:48:38 - [TEST_STEP][PASSED] - delay(2): Delayed 2 second(s)

2019-05-27 15:48:40 - [MESSAGE][PASSED] - Delayed 2 second(s)

2019-05-27 15:48:40 - [TEST_STEP][PASSED] - executeJavaScript("var previewBar = document.getElementById("preview-bar-iframe"); previewBar.style.display = "none";", []): Execute JavaScript 'var previewBar = document.getElementById("preview-bar-iframe"); previewBar.style.display = "none";' successfully

2019-05-27 15:48:40 - [MESSAGE][PASSED] - Execute JavaScript 'var previewBar = document.getElementById("preview-bar-iframe"); previewBar.style.display = "none";' successfully

2019-05-27 15:48:40 - [MESSAGE][PASSED] - Call Test Case 'Test Cases/OCS - MOBILE/CALL - PDP' successfully

2019-05-27 15:48:40 - [TEST_STEP][PASSED] - navigateToUrl("https://ocs.ca/products/lola-montes-edison"): Navigate to 'https://ocs.ca/products/lola-montes-edison' successfully

2019-05-27 15:48:42 - [MESSAGE][PASSED] - Navigate to 'https://ocs.ca/products/lola-montes-edison' successfully

2019-05-27 15:48:42 - [TEST_STEP][PASSED] - executeJavaScript("var previewBar = document.getElementById("preview-bar-iframe"); previewBar.style.display = "none";", []): Execute JavaScript 'var previewBar = document.getElementById("preview-bar-iframe"); previewBar.style.display = "none";' successfully

2019-05-27 15:48:42 - [MESSAGE][PASSED] - Execute JavaScript 'var previewBar = document.getElementById("preview-bar-iframe"); previewBar.style.display = "none";' successfully

2019-05-27 15:48:42 - [TEST_STEP][PASSED] - delay(2): Delayed 2 second(s)

2019-05-27 15:48:44 - [MESSAGE][PASSED] - Delayed 2 second(s)

2019-05-27 15:48:44 - [TEST_STEP][PASSED] - scrollToElement(findTestObject("OCS-MOBILE /Product page/Product image"), 1): Scroll to object 'Object Repository/OCS-MOBILE /Product page/Product image' successfully

2019-05-27 15:48:44 - [MESSAGE][PASSED] - Scroll to object 'Object Repository/OCS-MOBILE /Product page/Product image' successfully

2019-05-27 15:48:44 - [TEST_STEP][PASSED] - delay(2): Delayed 2 second(s)

2019-05-27 15:48:46 - [MESSAGE][PASSED] - Delayed 2 second(s)

2019-05-27 15:48:46 - [TEST_STEP][PASSED] - flag1 = verifyElementClickable(findTestObject("OCS-MOBILE /Product page/Swatch_1g")): Object 'Object Repository/OCS-MOBILE /Product page/Swatch_1g' is clickable

2019-05-27 15:48:46 - [MESSAGE][PASSED] - Object 'Object Repository/OCS-MOBILE /Product page/Swatch_1g' is clickable

2019-05-27 15:48:46 - [TEST_STEP][PASSED] - comment("flag1=" + flag1): flag1=true

2019-05-27 15:48:46 - [MESSAGE][INFO] - flag1=true

2019-05-27 15:48:46 - [TEST_STEP][PASSED] - if (flag1 == true): Delayed 1 second(s)

2019-05-27 15:48:46 - [TEST_STEP][PASSED] - delay(2): Delayed 2 second(s)

2019-05-27 15:48:48 - [MESSAGE][PASSED] - Delayed 2 second(s)

2019-05-27 15:48:48 - [TEST_STEP][PASSED] - click(findTestObject("OCS-MOBILE /Product page/Swatch_1g"), CONTINUE_ON_FAILURE): Object: 'Object Repository/OCS-MOBILE /Product page/Swatch_1g' is clicked on

2019-05-27 15:48:49 - [MESSAGE][PASSED] - Object: 'Object Repository/OCS-MOBILE /Product page/Swatch_1g' is clicked on

2019-05-27 15:48:49 - [TEST_STEP][PASSED] - delay(3): Delayed 3 second(s)

2019-05-27 15:48:52 - [MESSAGE][PASSED] - Delayed 3 second(s)

2019-05-27 15:48:52 - [TEST_STEP][PASSED] - delay(1): Delayed 1 second(s)

2019-05-27 15:48:53 - [MESSAGE][PASSED] - Delayed 1 second(s)

2019-05-27 15:48:53 - [TEST_STEP][PASSED] - takeScreenshot(): Taking screenshot successfully

2019-05-27 15:48:53 - [MESSAGE][PASSED] - Taking screenshot successfully
[[ATTACHMENT|/Users/sumankompelly/Katalon Studio/OCS ( QA- 1.9.1 ) /Reports/QA ( 1.9.1)/HP, PROD , AG/20190527_150258/1558986533059.png]]

2019-05-27 15:48:53 - [TEST_STEP][PASSED] - delay(1): Delayed 1 second(s)

2019-05-27 15:48:54 - [MESSAGE][PASSED] - Delayed 1 second(s)

2019-05-27 15:48:54 - [TEST_STEP][PASSED] - flag2 = verifyElementClickable(findTestObject("OCS-MOBILE /Product page/Swatch_3.5g")): Object 'Object Repository/OCS-MOBILE /Product page/Swatch_3.5g' is clickable

2019-05-27 15:48:54 - [MESSAGE][PASSED] - Object 'Object Repository/OCS-MOBILE /Product page/Swatch_3.5g' is clickable

2019-05-27 15:48:54 - [TEST_STEP][PASSED] - comment("flag2=" + flag2): flag2=true

2019-05-27 15:48:54 - [MESSAGE][INFO] - flag2=true

2019-05-27 15:48:54 - [TEST_STEP][PASSED] - if (flag2 == true): Delayed 1 second(s)

2019-05-27 15:48:54 - [TEST_STEP][PASSED] - click(findTestObject("OCS-MOBILE /Product page/Swatch_3.5g"), CONTINUE_ON_FAILURE): Object: 'Object Repository/OCS-MOBILE /Product page/Swatch_3.5g' is clicked on

2019-05-27 15:48:54 - [MESSAGE][PASSED] - Object: 'Object Repository/OCS-MOBILE /Product page/Swatch_3.5g' is clicked on

2019-05-27 15:48:54 - [TEST_STEP][PASSED] - delay(1): Delayed 1 second(s)

2019-05-27 15:48:55 - [MESSAGE][PASSED] - Delayed 1 second(s)

2019-05-27 15:48:55 - [TEST_STEP][PASSED] - takeScreenshot(): Taking screenshot successfully

2019-05-27 15:48:55 - [MESSAGE][PASSED] - Taking screenshot successfully
[[ATTACHMENT|/Users/sumankompelly/Katalon Studio/OCS ( QA- 1.9.1 ) /Reports/QA ( 1.9.1)/HP, PROD , AG/20190527_150258/1558986535454.png]]

2019-05-27 15:48:55 - [TEST_STEP][PASSED] - delay(1): Delayed 1 second(s)

2019-05-27 15:48:56 - [MESSAGE][PASSED] - Delayed 1 second(s)

2019-05-27 15:48:56 - [TEST_STEP][FAILED] - flag3 = verifyElementClickable(findTestObject("OCS-MOBILE /Product page/Swatch_7g")): flag3 = verifyElementClickable(findTestObject("OCS-MOBILE /Product page/Swatch_7g")) FAILED.
Reason:
com.kms.katalon.core.exception.StepFailedException: Unable to verify object 'Object Repository/OCS-MOBILE /Product page/Swatch_7g' to be clickable (Root cause: com.kms.katalon.core.exception.StepFailedException: Web element with id: 'Object Repository/OCS-MOBILE /Product page/Swatch_7g' located by 'By.xpath: /html/body/div[3]/section/div[1]/div[2]/div[2]/form/div/div[1]/div/ul/li[3]/label' not found)
	at com.kms.katalon.core.keyword.internal.KeywordMain.stepFailed(KeywordMain.groovy:36)
	at com.kms.katalon.core.webui.keyword.internal.WebUIKeywordMain.stepFailed(WebUIKeywordMain.groovy:65)
	at com.kms.katalon.core.webui.keyword.internal.WebUIKeywordMain.runKeyword(WebUIKeywordMain.groovy:27)
	at com.kms.katalon.core.webui.keyword.builtin.VerifyElementClickableKeyword.verifyElementClickable(VerifyElementClickableKeyword.groovy:96)
	at com.kms.katalon.core.webui.keyword.builtin.VerifyElementClickableKeyword.execute(VerifyElementClickableKeyword.groovy:67)
	at com.kms.katalon.core.keyword.internal.KeywordExecutor.executeKeywordForPlatform(KeywordExecutor.groovy:53)
	at com.kms.katalon.core.webui.keyword.WebUiBuiltInKeywords.verifyElementClickable(WebUiBuiltInKeywords.groovy:562)
	at com.kms.katalon.core.webui.keyword.WebUiBuiltInKeywords$verifyElementClickable$16.call(Unknown Source)
	at variants selector.run(variants selector:65)
	at com.kms.katalon.core.main.ScriptEngine.run(ScriptEngine.java:194)
	at com.kms.katalon.core.main.ScriptEngine.runScriptAsRawText(ScriptEngine.java:119)
	at com.kms.katalon.core.main.TestCaseExecutor.runScript(TestCaseExecutor.java:328)
	at com.kms.katalon.core.main.TestCaseExecutor.doExecute(TestCaseExecutor.java:319)
	at com.kms.katalon.core.main.TestCaseExecutor.processExecutionPhase(TestCaseExecutor.java:298)
	at com.kms.katalon.core.main.TestCaseExecutor.accessMainPhase(TestCaseExecutor.java:290)
	at com.kms.katalon.core.main.TestCaseExecutor.execute(TestCaseExecutor.java:224)
	at com.kms.katalon.core.main.TestSuiteExecutor.accessTestCaseMainPhase(TestSuiteExecutor.java:129)
	at com.kms.katalon.core.main.TestSuiteExecutor.accessTestSuiteMainPhase(TestSuiteExecutor.java:112)
	at com.kms.katalon.core.main.TestSuiteExecutor.execute(TestSuiteExecutor.java:81)
	at com.kms.katalon.core.main.TestCaseMain.startTestSuite(TestCaseMain.java:149)
	at com.kms.katalon.core.main.TestCaseMain$startTestSuite$0.call(Unknown Source)
	at TempTestSuite1558983778167.run(TempTestSuite1558983778167.groovy:36)


2019-05-27 15:49:27 - [MESSAGE][INFO] - Unable to find the element located by 'By.xpath: /html/body/div[3]/section/div[1]/div[2]/div[2]/form/div/div[1]/div/ul/li[3]/label'. Please recheck the objects properties to make sure the desired element is located. 

2019-05-27 15:49:27 - [MESSAGE][FAILED] - Web element with id: 'Object Repository/OCS-MOBILE /Product page/Swatch_7g' located by 'By.xpath: /html/body/div[3]/section/div[1]/div[2]/div[2]/form/div/div[1]/div/ul/li[3]/label' not found
[[ATTACHMENT|/Users/sumankompelly/Katalon Studio/OCS ( QA- 1.9.1 ) /Reports/QA ( 1.9.1)/HP, PROD , AG/20190527_150258/1558986567077.png]]

2019-05-27 15:49:27 - [MESSAGE][FAILED] - Unable to verify object 'Object Repository/OCS-MOBILE /Product page/Swatch_7g' to be clickable (Root cause: com.kms.katalon.core.exception.StepFailedException: Web element with id: 'Object Repository/OCS-MOBILE /Product page/Swatch_7g' located by 'By.xpath: /html/body/div[3]/section/div[1]/div[2]/div[2]/form/div/div[1]/div/ul/li[3]/label' not found)
[[ATTACHMENT|/Users/sumankompelly/Katalon Studio/OCS ( QA- 1.9.1 ) /Reports/QA ( 1.9.1)/HP, PROD , AG/20190527_150258/1558986567134.png]]

2019-05-27 15:49:27 - [MESSAGE][FAILED] - flag3 = verifyElementClickable(findTestObject("OCS-MOBILE /Product page/Swatch_7g")) FAILED.
Reason:
com.kms.katalon.core.exception.StepFailedException: Unable to verify object 'Object Repository/OCS-MOBILE /Product page/Swatch_7g' to be clickable (Root cause: com.kms.katalon.core.exception.StepFailedException: Web element with id: 'Object Repository/OCS-MOBILE /Product page/Swatch_7g' located by 'By.xpath: /html/body/div[3]/section/div[1]/div[2]/div[2]/form/div/div[1]/div/ul/li[3]/label' not found)
	at com.kms.katalon.core.keyword.internal.KeywordMain.stepFailed(KeywordMain.groovy:36)
	at com.kms.katalon.core.webui.keyword.internal.WebUIKeywordMain.stepFailed(WebUIKeywordMain.groovy:65)
	at com.kms.katalon.core.webui.keyword.internal.WebUIKeywordMain.runKeyword(WebUIKeywordMain.groovy:27)
	at com.kms.katalon.core.webui.keyword.builtin.VerifyElementClickableKeyword.verifyElementClickable(VerifyElementClickableKeyword.groovy:96)
	at com.kms.katalon.core.webui.keyword.builtin.VerifyElementClickableKeyword.execute(VerifyElementClickableKeyword.groovy:67)
	at com.kms.katalon.core.keyword.internal.KeywordExecutor.executeKeywordForPlatform(KeywordExecutor.groovy:53)
	at com.kms.katalon.core.webui.keyword.WebUiBuiltInKeywords.verifyElementClickable(WebUiBuiltInKeywords.groovy:562)
	at com.kms.katalon.core.webui.keyword.WebUiBuiltInKeywords$verifyElementClickable$16.call(Unknown Source)
	at variants selector.run(variants selector:65)
	at com.kms.katalon.core.main.ScriptEngine.run(ScriptEngine.java:194)
	at com.kms.katalon.core.main.ScriptEngine.runScriptAsRawText(ScriptEngine.java:119)
	at com.kms.katalon.core.main.TestCaseExecutor.runScript(TestCaseExecutor.java:328)
	at com.kms.katalon.core.main.TestCaseExecutor.doExecute(TestCaseExecutor.java:319)
	at com.kms.katalon.core.main.TestCaseExecutor.processExecutionPhase(TestCaseExecutor.java:298)
	at com.kms.katalon.core.main.TestCaseExecutor.accessMainPhase(TestCaseExecutor.java:290)
	at com.kms.katalon.core.main.TestCaseExecutor.execute(TestCaseExecutor.java:224)
	at com.kms.katalon.core.main.TestSuiteExecutor.accessTestCaseMainPhase(TestSuiteExecutor.java:129)
	at com.kms.katalon.core.main.TestSuiteExecutor.accessTestSuiteMainPhase(TestSuiteExecutor.java:112)
	at com.kms.katalon.core.main.TestSuiteExecutor.execute(TestSuiteExecutor.java:81)
	at com.kms.katalon.core.main.TestCaseMain.startTestSuite(TestCaseMain.java:149)
	at com.kms.katalon.core.main.TestCaseMain$startTestSuite$0.call(Unknown Source)
	at TempTestSuite1558983778167.run(TempTestSuite1558983778167.groovy:36)]]></system-out>
         <system-err><![CDATA[2019-05-27 15:48:03 - [TEST_CASE][FAILED] - Test Cases/OCS - MOBILE/OCS- PRODUCT PAGE/variants selector: Test Cases/OCS - MOBILE/OCS- PRODUCT PAGE/variants selector FAILED.
Reason:
com.kms.katalon.core.exception.StepFailedException: Unable to verify object 'Object Repository/OCS-MOBILE /Product page/Swatch_7g' to be clickable (Root cause: com.kms.katalon.core.exception.StepFailedException: Web element with id: 'Object Repository/OCS-MOBILE /Product page/Swatch_7g' located by 'By.xpath: /html/body/div[3]/section/div[1]/div[2]/div[2]/form/div/div[1]/div/ul/li[3]/label' not found)
	at com.kms.katalon.core.keyword.internal.KeywordMain.stepFailed(KeywordMain.groovy:36)
	at com.kms.katalon.core.webui.keyword.internal.WebUIKeywordMain.stepFailed(WebUIKeywordMain.groovy:65)
	at com.kms.katalon.core.webui.keyword.internal.WebUIKeywordMain.runKeyword(WebUIKeywordMain.groovy:27)
	at com.kms.katalon.core.webui.keyword.builtin.VerifyElementClickableKeyword.verifyElementClickable(VerifyElementClickableKeyword.groovy:96)
	at com.kms.katalon.core.webui.keyword.builtin.VerifyElementClickableKeyword.execute(VerifyElementClickableKeyword.groovy:67)
	at com.kms.katalon.core.keyword.internal.KeywordExecutor.executeKeywordForPlatform(KeywordExecutor.groovy:53)
	at com.kms.katalon.core.webui.keyword.WebUiBuiltInKeywords.verifyElementClickable(WebUiBuiltInKeywords.groovy:562)
	at com.kms.katalon.core.webui.keyword.WebUiBuiltInKeywords$verifyElementClickable$16.call(Unknown Source)
	at variants selector.run(variants selector:65)
	at com.kms.katalon.core.main.ScriptEngine.run(ScriptEngine.java:194)
	at com.kms.katalon.core.main.ScriptEngine.runScriptAsRawText(ScriptEngine.java:119)
	at com.kms.katalon.core.main.TestCaseExecutor.runScript(TestCaseExecutor.java:328)
	at com.kms.katalon.core.main.TestCaseExecutor.doExecute(TestCaseExecutor.java:319)
	at com.kms.katalon.core.main.TestCaseExecutor.processExecutionPhase(TestCaseExecutor.java:298)
	at com.kms.katalon.core.main.TestCaseExecutor.accessMainPhase(TestCaseExecutor.java:290)
	at com.kms.katalon.core.main.TestCaseExecutor.execute(TestCaseExecutor.java:224)
	at com.kms.katalon.core.main.TestSuiteExecutor.accessTestCaseMainPhase(TestSuiteExecutor.java:129)
	at com.kms.katalon.core.main.TestSuiteExecutor.accessTestSuiteMainPhase(TestSuiteExecutor.java:112)
	at com.kms.katalon.core.main.TestSuiteExecutor.execute(TestSuiteExecutor.java:81)
	at com.kms.katalon.core.main.TestCaseMain.startTestSuite(TestCaseMain.java:149)
	at com.kms.katalon.core.main.TestCaseMain$startTestSuite$0.call(Unknown Source)
	at TempTestSuite1558983778167.run(TempTestSuite1558983778167.groovy:36)]]></system-err>
      </testcase>
      <testcase name="Test Cases/OCS - MOBILE/OCS- PRODUCT PAGE/How to choose cannbis products" classname="Test Cases/OCS - MOBILE/OCS- PRODUCT PAGE/How to choose cannbis products" status="PASSED">
         <system-out><![CDATA[2019-05-27 15:49:27 - [TEST_CASE][PASSED] - Test Cases/OCS - MOBILE/OCS- PRODUCT PAGE/How to choose cannbis products: Test Cases/OCS - MOBILE/OCS- PRODUCT PAGE/How to choose cannbis products

2019-05-27 15:49:27 - [TEST_STEP][PASSED] - callTestCase(findTestCase("OCS - MOBILE/CALL - PDP"), [:], STOP_ON_FAILURE): Call Test Case 'Test Cases/OCS - MOBILE/CALL - PDP' successfully

2019-05-27 15:49:27 - [TEST_CASE][PASSED] - Test Cases/OCS - MOBILE/CALL - PDP: Test Cases/OCS - MOBILE/CALL - PDP

2019-05-27 15:49:27 - [TEST_STEP][PASSED] - openBrowser(""): Browser is opened with url: ''

2019-05-27 15:49:27 - [MESSAGE][WARNING] - A browser is already opened. Closing browser and opening a new one

2019-05-27 15:49:27 - [MESSAGE][INFO] - Starting 'Firefox' driver

2019-05-27 15:49:30 - [MESSAGE][PASSED] - Browser is opened with url: ''

2019-05-27 15:49:30 - [TEST_STEP][PASSED] - navigateToUrl("https://ocs.ca/?fts=0&preview_theme_id=53376026444"): Navigate to 'https://ocs.ca/?fts=0&preview_theme_id=53376026444' successfully

2019-05-27 15:49:36 - [MESSAGE][PASSED] - Navigate to 'https://ocs.ca/?fts=0&preview_theme_id=53376026444' successfully

2019-05-27 15:49:36 - [TEST_STEP][NOT_RUN] - executeJavaScript("var previewBar = document.getElementById("preview-bar-iframe"); previewBar.style.display = "none";", []): NOT_RUN: executeJavaScript("var previewBar = document.getElementById("preview-bar-iframe"); previewBar.style.display = "none";", [])

2019-05-27 15:49:36 - [MESSAGE][NOT_RUN] - NOT_RUN: executeJavaScript("var previewBar = document.getElementById("preview-bar-iframe"); previewBar.style.display = "none";", [])

2019-05-27 15:49:36 - [TEST_STEP][PASSED] - setViewPortSize(360, 800): Viewport is set to new size with width = 360 and height = 800

2019-05-27 15:49:37 - [MESSAGE][PASSED] - Viewport is set to new size with width = 360 and height = 800

2019-05-27 15:49:37 - [TEST_STEP][PASSED] - delay(4): Delayed 4 second(s)

2019-05-27 15:49:41 - [MESSAGE][PASSED] - Delayed 4 second(s)

2019-05-27 15:49:41 - [TEST_STEP][PASSED] - selectOptionByValue(findTestObject("OCS-MOBILE /Age gate and burger menu/Date"), "12", true): All options with value '12' are selected in object 'Object Repository/OCS-MOBILE /Age gate and burger menu/Date'  using regular expression

2019-05-27 15:49:41 - [MESSAGE][PASSED] - All options with value '12' are selected in object 'Object Repository/OCS-MOBILE /Age gate and burger menu/Date'  using regular expression

2019-05-27 15:49:41 - [TEST_STEP][PASSED] - selectOptionByValue(findTestObject("OCS-MOBILE /Age gate and burger menu/month"), "6", true): All options with value '6' are selected in object 'Object Repository/OCS-MOBILE /Age gate and burger menu/month'  using regular expression

2019-05-27 15:49:42 - [MESSAGE][PASSED] - All options with value '6' are selected in object 'Object Repository/OCS-MOBILE /Age gate and burger menu/month'  using regular expression

2019-05-27 15:49:42 - [TEST_STEP][PASSED] - delay(2): Delayed 2 second(s)

2019-05-27 15:49:44 - [MESSAGE][PASSED] - Delayed 2 second(s)

2019-05-27 15:49:44 - [TEST_STEP][PASSED] - selectOptionByValue(findTestObject("OCS-MOBILE /Age gate and burger menu/Year Dropdown"), "1990", true): All options with value '1990' are selected in object 'Object Repository/OCS-MOBILE /Age gate and burger menu/Year Dropdown'  using regular expression

2019-05-27 15:49:46 - [MESSAGE][PASSED] - All options with value '1990' are selected in object 'Object Repository/OCS-MOBILE /Age gate and burger menu/Year Dropdown'  using regular expression

2019-05-27 15:49:46 - [TEST_STEP][PASSED] - click(findTestObject("OCS-MOBILE /Age gate and burger menu/button_Verify")): Object: 'Object Repository/OCS-MOBILE /Age gate and burger menu/button_Verify' is clicked on

2019-05-27 15:49:46 - [MESSAGE][PASSED] - Object: 'Object Repository/OCS-MOBILE /Age gate and burger menu/button_Verify' is clicked on

2019-05-27 15:49:46 - [TEST_STEP][PASSED] - click(findTestObject("OCS-MOBILE /Age gate and burger menu/Checkbox_CONFIRM AND ACKNOWLEDGE")): Object: 'Object Repository/OCS-MOBILE /Age gate and burger menu/Checkbox_CONFIRM AND ACKNOWLEDGE' is clicked on

2019-05-27 15:49:46 - [MESSAGE][PASSED] - Object: 'Object Repository/OCS-MOBILE /Age gate and burger menu/Checkbox_CONFIRM AND ACKNOWLEDGE' is clicked on

2019-05-27 15:49:46 - [TEST_STEP][PASSED] - click(findTestObject("OCS-MOBILE /Age gate and burger menu/button_CONFIRM")): Object: 'Object Repository/OCS-MOBILE /Age gate and burger menu/button_CONFIRM' is clicked on

2019-05-27 15:49:46 - [MESSAGE][PASSED] - Object: 'Object Repository/OCS-MOBILE /Age gate and burger menu/button_CONFIRM' is clicked on

2019-05-27 15:49:46 - [TEST_STEP][PASSED] - click(findTestObject("OCS-MOBILE /Age gate and burger menu/button_Start Browsing")): Object: 'Object Repository/OCS-MOBILE /Age gate and burger menu/button_Start Browsing' is clicked on

2019-05-27 15:49:47 - [MESSAGE][PASSED] - Object: 'Object Repository/OCS-MOBILE /Age gate and burger menu/button_Start Browsing' is clicked on

2019-05-27 15:49:47 - [TEST_STEP][PASSED] - delay(2): Delayed 2 second(s)

2019-05-27 15:49:49 - [MESSAGE][PASSED] - Delayed 2 second(s)

2019-05-27 15:49:49 - [TEST_STEP][PASSED] - click(findTestObject("OCS-MOBILE /Age gate and burger menu/Burger menu - English")): Object: 'Object Repository/OCS-MOBILE /Age gate and burger menu/Burger menu - English' is clicked on

2019-05-27 15:49:49 - [MESSAGE][PASSED] - Object: 'Object Repository/OCS-MOBILE /Age gate and burger menu/Burger menu - English' is clicked on

2019-05-27 15:49:49 - [TEST_STEP][PASSED] - delay(2): Delayed 2 second(s)

2019-05-27 15:49:51 - [MESSAGE][PASSED] - Delayed 2 second(s)

2019-05-27 15:49:51 - [TEST_STEP][PASSED] - click(findTestObject("OCS-MOBILE /Age gate and burger menu/Chevron_Cannabis")): Object: 'Object Repository/OCS-MOBILE /Age gate and burger menu/Chevron_Cannabis' is clicked on

2019-05-27 15:49:51 - [MESSAGE][PASSED] - Object: 'Object Repository/OCS-MOBILE /Age gate and burger menu/Chevron_Cannabis' is clicked on

2019-05-27 15:49:51 - [TEST_STEP][PASSED] - delay(2): Delayed 2 second(s)

2019-05-27 15:49:53 - [MESSAGE][PASSED] - Delayed 2 second(s)

2019-05-27 15:49:53 - [TEST_STEP][PASSED] - click(findTestObject("OCS-MOBILE /Age gate and burger menu/Dried Flower_Plus icon")): Object: 'Object Repository/OCS-MOBILE /Age gate and burger menu/Dried Flower_Plus icon' is clicked on

2019-05-27 15:49:53 - [MESSAGE][PASSED] - Object: 'Object Repository/OCS-MOBILE /Age gate and burger menu/Dried Flower_Plus icon' is clicked on

2019-05-27 15:49:53 - [TEST_STEP][PASSED] - delay(2): Delayed 2 second(s)

2019-05-27 15:49:55 - [MESSAGE][PASSED] - Delayed 2 second(s)

2019-05-27 15:49:55 - [TEST_STEP][PASSED] - click(findTestObject("OCS-MOBILE /Age gate and burger menu/Indica Dominant_Menu item")): Object: 'Object Repository/OCS-MOBILE /Age gate and burger menu/Indica Dominant_Menu item' is clicked on

2019-05-27 15:49:58 - [MESSAGE][PASSED] - Object: 'Object Repository/OCS-MOBILE /Age gate and burger menu/Indica Dominant_Menu item' is clicked on

2019-05-27 15:49:58 - [TEST_STEP][PASSED] - delay(2): Delayed 2 second(s)

2019-05-27 15:50:00 - [MESSAGE][PASSED] - Delayed 2 second(s)

2019-05-27 15:50:00 - [TEST_STEP][PASSED] - click(findTestObject("OCS-MOBILE /Collection page/Product image - 1st one")): Object: 'Object Repository/OCS-MOBILE /Collection page/Product image - 1st one' is clicked on

2019-05-27 15:50:02 - [MESSAGE][PASSED] - Object: 'Object Repository/OCS-MOBILE /Collection page/Product image - 1st one' is clicked on

2019-05-27 15:50:02 - [TEST_STEP][PASSED] - delay(2): Delayed 2 second(s)

2019-05-27 15:50:04 - [MESSAGE][PASSED] - Delayed 2 second(s)

2019-05-27 15:50:04 - [TEST_STEP][PASSED] - executeJavaScript("var previewBar = document.getElementById("preview-bar-iframe"); previewBar.style.display = "none";", []): Execute JavaScript 'var previewBar = document.getElementById("preview-bar-iframe"); previewBar.style.display = "none";' successfully

2019-05-27 15:50:04 - [MESSAGE][PASSED] - Execute JavaScript 'var previewBar = document.getElementById("preview-bar-iframe"); previewBar.style.display = "none";' successfully

2019-05-27 15:50:04 - [MESSAGE][PASSED] - Call Test Case 'Test Cases/OCS - MOBILE/CALL - PDP' successfully

2019-05-27 15:50:04 - [TEST_STEP][PASSED] - scrollToElement(findTestObject("OCS-MOBILE /Product page/How to choose cannabis product - Section"), 2): Scroll to object 'Object Repository/OCS-MOBILE /Product page/How to choose cannabis product - Section' successfully

2019-05-27 15:50:04 - [MESSAGE][PASSED] - Scroll to object 'Object Repository/OCS-MOBILE /Product page/How to choose cannabis product - Section' successfully

2019-05-27 15:50:04 - [TEST_STEP][PASSED] - click(findTestObject("OCS-MOBILE /Product page/How to choose cannabis product - Button")): Object: 'Object Repository/OCS-MOBILE /Product page/How to choose cannabis product - Button' is clicked on

2019-05-27 15:50:08 - [MESSAGE][PASSED] - Object: 'Object Repository/OCS-MOBILE /Product page/How to choose cannabis product - Button' is clicked on

2019-05-27 15:50:08 - [TEST_STEP][PASSED] - a = getWindowTitle(): Current window's title is: 'Factors in Choosing Cannabis Products | Ontario Cannabis Store'

2019-05-27 15:50:08 - [MESSAGE][PASSED] - Current window's title is: 'Factors in Choosing Cannabis Products | Ontario Cannabis Store'

2019-05-27 15:50:08 - [TEST_STEP][PASSED] - b = "Factors in Choosing Cannabis Products | Ontario Cannabis Store": null

2019-05-27 15:50:08 - [TEST_STEP][PASSED] - comment("WINDOW TITLE IS: " + a): WINDOW TITLE IS: Factors in Choosing Cannabis Products | Ontario Cannabis Store

2019-05-27 15:50:08 - [MESSAGE][INFO] - WINDOW TITLE IS: Factors in Choosing Cannabis Products | Ontario Cannabis Store

2019-05-27 15:50:08 - [TEST_STEP][PASSED] - if (a == b): TITLE IS SAME

2019-05-27 15:50:08 - [TEST_STEP][PASSED] - comment("TITLE IS SAME"): TITLE IS SAME

2019-05-27 15:50:08 - [MESSAGE][INFO] - TITLE IS SAME

2019-05-27 15:50:08 - [TEST_STEP][PASSED] - back(): Navigate back successfully

2019-05-27 15:50:10 - [MESSAGE][PASSED] - Navigate back successfully]]></system-out>
         <system-err><![CDATA[]]></system-err>
      </testcase>
      <testcase name="Test Cases/OCS - MOBILE/OCS-AGE GATE/AG- Under Age" classname="Test Cases/OCS - MOBILE/OCS-AGE GATE/AG- Under Age" status="FAILED">
         <failure type="FAILED" message="Test Cases/OCS - MOBILE/OCS-AGE GATE/AG- Under Age FAILED.
Reason:
com.kms.katalon.core.exception.StepFailedException: Unable to click on object 'Object Repository/OCS-MOBILE /Age gate and burger menu/button_Verify' (Root cause: com.kms.katalon.core.webui.exception.WebElementNotFoundException: Web element with id: 'Object Repository/OCS-MOBILE /Age gate and burger menu/button_Verify' located by 'By.xpath: /html/body/div/div[1]/section/div/section/div/div[2]/form/fieldset/p[2]/button[count(. | //button[@type = 'submit']) = count(//button[@type = 'submit'])]' not found)
	at com.kms.katalon.core.keyword.internal.KeywordMain.stepFailed(KeywordMain.groovy:36)
	at com.kms.katalon.core.webui.keyword.internal.WebUIKeywordMain.stepFailed(WebUIKeywordMain.groovy:65)
	at com.kms.katalon.core.webui.keyword.internal.WebUIKeywordMain.runKeyword(WebUIKeywordMain.groovy:27)
	at com.kms.katalon.core.webui.keyword.builtin.ClickKeyword.click(ClickKeyword.groovy:86)
	at com.kms.katalon.core.webui.keyword.builtin.ClickKeyword.execute(ClickKeyword.groovy:67)
	at com.kms.katalon.core.keyword.internal.KeywordExecutor.executeKeywordForPlatform(KeywordExecutor.groovy:53)
	at com.kms.katalon.core.webui.keyword.WebUiBuiltInKeywords.click(WebUiBuiltInKeywords.groovy:616)
	at com.kms.katalon.core.webui.keyword.WebUiBuiltInKeywords$click$3.call(Unknown Source)
	at AG- Under Age.run(AG- Under Age:32)
	at com.kms.katalon.core.main.ScriptEngine.run(ScriptEngine.java:194)
	at com.kms.katalon.core.main.ScriptEngine.runScriptAsRawText(ScriptEngine.java:119)
	at com.kms.katalon.core.main.TestCaseExecutor.runScript(TestCaseExecutor.java:328)
	at com.kms.katalon.core.main.TestCaseExecutor.doExecute(TestCaseExecutor.java:319)
	at com.kms.katalon.core.main.TestCaseExecutor.processExecutionPhase(TestCaseExecutor.java:298)
	at com.kms.katalon.core.main.TestCaseExecutor.accessMainPhase(TestCaseExecutor.java:290)
	at com.kms.katalon.core.main.TestCaseExecutor.execute(TestCaseExecutor.java:224)
	at com.kms.katalon.core.main.TestSuiteExecutor.accessTestCaseMainPhase(TestSuiteExecutor.java:129)
	at com.kms.katalon.core.main.TestSuiteExecutor.accessTestSuiteMainPhase(TestSuiteExecutor.java:112)
	at com.kms.katalon.core.main.TestSuiteExecutor.execute(TestSuiteExecutor.java:81)
	at com.kms.katalon.core.main.TestCaseMain.startTestSuite(TestCaseMain.java:149)
	at com.kms.katalon.core.main.TestCaseMain$startTestSuite$0.call(Unknown Source)
	at TempTestSuite1558983778167.run(TempTestSuite1558983778167.groovy:36)
"/>
         <system-out><![CDATA[2019-05-27 15:50:10 - [TEST_CASE][FAILED] - Test Cases/OCS - MOBILE/OCS-AGE GATE/AG- Under Age: Test Cases/OCS - MOBILE/OCS-AGE GATE/AG- Under Age FAILED.
Reason:
com.kms.katalon.core.exception.StepFailedException: Unable to click on object 'Object Repository/OCS-MOBILE /Age gate and burger menu/button_Verify' (Root cause: com.kms.katalon.core.webui.exception.WebElementNotFoundException: Web element with id: 'Object Repository/OCS-MOBILE /Age gate and burger menu/button_Verify' located by 'By.xpath: /html/body/div/div[1]/section/div/section/div/div[2]/form/fieldset/p[2]/button[count(. | //button[@type = 'submit']) = count(//button[@type = 'submit'])]' not found)
	at com.kms.katalon.core.keyword.internal.KeywordMain.stepFailed(KeywordMain.groovy:36)
	at com.kms.katalon.core.webui.keyword.internal.WebUIKeywordMain.stepFailed(WebUIKeywordMain.groovy:65)
	at com.kms.katalon.core.webui.keyword.internal.WebUIKeywordMain.runKeyword(WebUIKeywordMain.groovy:27)
	at com.kms.katalon.core.webui.keyword.builtin.ClickKeyword.click(ClickKeyword.groovy:86)
	at com.kms.katalon.core.webui.keyword.builtin.ClickKeyword.execute(ClickKeyword.groovy:67)
	at com.kms.katalon.core.keyword.internal.KeywordExecutor.executeKeywordForPlatform(KeywordExecutor.groovy:53)
	at com.kms.katalon.core.webui.keyword.WebUiBuiltInKeywords.click(WebUiBuiltInKeywords.groovy:616)
	at com.kms.katalon.core.webui.keyword.WebUiBuiltInKeywords$click$3.call(Unknown Source)
	at AG- Under Age.run(AG- Under Age:32)
	at com.kms.katalon.core.main.ScriptEngine.run(ScriptEngine.java:194)
	at com.kms.katalon.core.main.ScriptEngine.runScriptAsRawText(ScriptEngine.java:119)
	at com.kms.katalon.core.main.TestCaseExecutor.runScript(TestCaseExecutor.java:328)
	at com.kms.katalon.core.main.TestCaseExecutor.doExecute(TestCaseExecutor.java:319)
	at com.kms.katalon.core.main.TestCaseExecutor.processExecutionPhase(TestCaseExecutor.java:298)
	at com.kms.katalon.core.main.TestCaseExecutor.accessMainPhase(TestCaseExecutor.java:290)
	at com.kms.katalon.core.main.TestCaseExecutor.execute(TestCaseExecutor.java:224)
	at com.kms.katalon.core.main.TestSuiteExecutor.accessTestCaseMainPhase(TestSuiteExecutor.java:129)
	at com.kms.katalon.core.main.TestSuiteExecutor.accessTestSuiteMainPhase(TestSuiteExecutor.java:112)
	at com.kms.katalon.core.main.TestSuiteExecutor.execute(TestSuiteExecutor.java:81)
	at com.kms.katalon.core.main.TestCaseMain.startTestSuite(TestCaseMain.java:149)
	at com.kms.katalon.core.main.TestCaseMain$startTestSuite$0.call(Unknown Source)
	at TempTestSuite1558983778167.run(TempTestSuite1558983778167.groovy:36)


2019-05-27 15:50:10 - [TEST_STEP][PASSED] - openBrowser(""): Browser is opened with url: ''

2019-05-27 15:50:10 - [MESSAGE][WARNING] - A browser is already opened. Closing browser and opening a new one

2019-05-27 15:50:11 - [MESSAGE][INFO] - Starting 'Firefox' driver

2019-05-27 15:50:13 - [MESSAGE][PASSED] - Browser is opened with url: ''

2019-05-27 15:50:13 - [TEST_STEP][PASSED] - navigateToUrl("https://ocs.ca/?fts=0&preview_theme_id=53373863756"): Navigate to 'https://ocs.ca/?fts=0&preview_theme_id=53373863756' successfully

2019-05-27 15:50:20 - [MESSAGE][PASSED] - Navigate to 'https://ocs.ca/?fts=0&preview_theme_id=53373863756' successfully

2019-05-27 15:50:20 - [TEST_STEP][PASSED] - setViewPortSize(360, 800): Viewport is set to new size with width = 360 and height = 800

2019-05-27 15:50:20 - [MESSAGE][PASSED] - Viewport is set to new size with width = 360 and height = 800

2019-05-27 15:50:20 - [TEST_STEP][PASSED] - delay(4): Delayed 4 second(s)

2019-05-27 15:50:24 - [MESSAGE][PASSED] - Delayed 4 second(s)

2019-05-27 15:50:24 - [TEST_STEP][PASSED] - selectOptionByValue(findTestObject("OCS-MOBILE /Age gate and burger menu/Date"), "12", true): All options with value '12' are selected in object 'Object Repository/OCS-MOBILE /Age gate and burger menu/Date'  using regular expression

2019-05-27 15:50:25 - [MESSAGE][PASSED] - All options with value '12' are selected in object 'Object Repository/OCS-MOBILE /Age gate and burger menu/Date'  using regular expression

2019-05-27 15:50:25 - [TEST_STEP][PASSED] - selectOptionByValue(findTestObject("OCS-MOBILE /Age gate and burger menu/month"), "6", true): All options with value '6' are selected in object 'Object Repository/OCS-MOBILE /Age gate and burger menu/month'  using regular expression

2019-05-27 15:50:26 - [MESSAGE][PASSED] - All options with value '6' are selected in object 'Object Repository/OCS-MOBILE /Age gate and burger menu/month'  using regular expression

2019-05-27 15:50:26 - [TEST_STEP][PASSED] - delay(2): Delayed 2 second(s)

2019-05-27 15:50:28 - [MESSAGE][PASSED] - Delayed 2 second(s)

2019-05-27 15:50:28 - [TEST_STEP][PASSED] - selectOptionByValue(findTestObject("OCS-MOBILE /Age gate and burger menu/Year Dropdown"), "2017", true): All options with value '2017' are selected in object 'Object Repository/OCS-MOBILE /Age gate and burger menu/Year Dropdown'  using regular expression

2019-05-27 15:50:29 - [MESSAGE][PASSED] - All options with value '2017' are selected in object 'Object Repository/OCS-MOBILE /Age gate and burger menu/Year Dropdown'  using regular expression

2019-05-27 15:50:29 - [TEST_STEP][FAILED] - click(findTestObject("OCS-MOBILE /Age gate and burger menu/button_Verify")): click(findTestObject("OCS-MOBILE /Age gate and burger menu/button_Verify")) FAILED.
Reason:
com.kms.katalon.core.exception.StepFailedException: Unable to click on object 'Object Repository/OCS-MOBILE /Age gate and burger menu/button_Verify' (Root cause: com.kms.katalon.core.webui.exception.WebElementNotFoundException: Web element with id: 'Object Repository/OCS-MOBILE /Age gate and burger menu/button_Verify' located by 'By.xpath: /html/body/div/div[1]/section/div/section/div/div[2]/form/fieldset/p[2]/button[count(. | //button[@type = 'submit']) = count(//button[@type = 'submit'])]' not found)
	at com.kms.katalon.core.keyword.internal.KeywordMain.stepFailed(KeywordMain.groovy:36)
	at com.kms.katalon.core.webui.keyword.internal.WebUIKeywordMain.stepFailed(WebUIKeywordMain.groovy:65)
	at com.kms.katalon.core.webui.keyword.internal.WebUIKeywordMain.runKeyword(WebUIKeywordMain.groovy:27)
	at com.kms.katalon.core.webui.keyword.builtin.ClickKeyword.click(ClickKeyword.groovy:86)
	at com.kms.katalon.core.webui.keyword.builtin.ClickKeyword.execute(ClickKeyword.groovy:67)
	at com.kms.katalon.core.keyword.internal.KeywordExecutor.executeKeywordForPlatform(KeywordExecutor.groovy:53)
	at com.kms.katalon.core.webui.keyword.WebUiBuiltInKeywords.click(WebUiBuiltInKeywords.groovy:616)
	at com.kms.katalon.core.webui.keyword.WebUiBuiltInKeywords$click$3.call(Unknown Source)
	at AG- Under Age.run(AG- Under Age:32)
	at com.kms.katalon.core.main.ScriptEngine.run(ScriptEngine.java:194)
	at com.kms.katalon.core.main.ScriptEngine.runScriptAsRawText(ScriptEngine.java:119)
	at com.kms.katalon.core.main.TestCaseExecutor.runScript(TestCaseExecutor.java:328)
	at com.kms.katalon.core.main.TestCaseExecutor.doExecute(TestCaseExecutor.java:319)
	at com.kms.katalon.core.main.TestCaseExecutor.processExecutionPhase(TestCaseExecutor.java:298)
	at com.kms.katalon.core.main.TestCaseExecutor.accessMainPhase(TestCaseExecutor.java:290)
	at com.kms.katalon.core.main.TestCaseExecutor.execute(TestCaseExecutor.java:224)
	at com.kms.katalon.core.main.TestSuiteExecutor.accessTestCaseMainPhase(TestSuiteExecutor.java:129)
	at com.kms.katalon.core.main.TestSuiteExecutor.accessTestSuiteMainPhase(TestSuiteExecutor.java:112)
	at com.kms.katalon.core.main.TestSuiteExecutor.execute(TestSuiteExecutor.java:81)
	at com.kms.katalon.core.main.TestCaseMain.startTestSuite(TestCaseMain.java:149)
	at com.kms.katalon.core.main.TestCaseMain$startTestSuite$0.call(Unknown Source)
	at TempTestSuite1558983778167.run(TempTestSuite1558983778167.groovy:36)


2019-05-27 15:51:00 - [MESSAGE][INFO] - Unable to find the element located by 'By.xpath: /html/body/div/div[1]/section/div/section/div/div[2]/form/fieldset/p[2]/button[count(. | //button[@type = 'submit']) = count(//button[@type = 'submit'])]'. Please recheck the objects properties to make sure the desired element is located. 

2019-05-27 15:51:00 - [MESSAGE][FAILED] - Unable to click on object 'Object Repository/OCS-MOBILE /Age gate and burger menu/button_Verify' (Root cause: com.kms.katalon.core.webui.exception.WebElementNotFoundException: Web element with id: 'Object Repository/OCS-MOBILE /Age gate and burger menu/button_Verify' located by 'By.xpath: /html/body/div/div[1]/section/div/section/div/div[2]/form/fieldset/p[2]/button[count(. | //button[@type = 'submit']) = count(//button[@type = 'submit'])]' not found)
[[ATTACHMENT|/Users/sumankompelly/Katalon Studio/OCS ( QA- 1.9.1 ) /Reports/QA ( 1.9.1)/HP, PROD , AG/20190527_150258/1558986660105.png]]

2019-05-27 15:51:00 - [MESSAGE][FAILED] - click(findTestObject("OCS-MOBILE /Age gate and burger menu/button_Verify")) FAILED.
Reason:
com.kms.katalon.core.exception.StepFailedException: Unable to click on object 'Object Repository/OCS-MOBILE /Age gate and burger menu/button_Verify' (Root cause: com.kms.katalon.core.webui.exception.WebElementNotFoundException: Web element with id: 'Object Repository/OCS-MOBILE /Age gate and burger menu/button_Verify' located by 'By.xpath: /html/body/div/div[1]/section/div/section/div/div[2]/form/fieldset/p[2]/button[count(. | //button[@type = 'submit']) = count(//button[@type = 'submit'])]' not found)
	at com.kms.katalon.core.keyword.internal.KeywordMain.stepFailed(KeywordMain.groovy:36)
	at com.kms.katalon.core.webui.keyword.internal.WebUIKeywordMain.stepFailed(WebUIKeywordMain.groovy:65)
	at com.kms.katalon.core.webui.keyword.internal.WebUIKeywordMain.runKeyword(WebUIKeywordMain.groovy:27)
	at com.kms.katalon.core.webui.keyword.builtin.ClickKeyword.click(ClickKeyword.groovy:86)
	at com.kms.katalon.core.webui.keyword.builtin.ClickKeyword.execute(ClickKeyword.groovy:67)
	at com.kms.katalon.core.keyword.internal.KeywordExecutor.executeKeywordForPlatform(KeywordExecutor.groovy:53)
	at com.kms.katalon.core.webui.keyword.WebUiBuiltInKeywords.click(WebUiBuiltInKeywords.groovy:616)
	at com.kms.katalon.core.webui.keyword.WebUiBuiltInKeywords$click$3.call(Unknown Source)
	at AG- Under Age.run(AG- Under Age:32)
	at com.kms.katalon.core.main.ScriptEngine.run(ScriptEngine.java:194)
	at com.kms.katalon.core.main.ScriptEngine.runScriptAsRawText(ScriptEngine.java:119)
	at com.kms.katalon.core.main.TestCaseExecutor.runScript(TestCaseExecutor.java:328)
	at com.kms.katalon.core.main.TestCaseExecutor.doExecute(TestCaseExecutor.java:319)
	at com.kms.katalon.core.main.TestCaseExecutor.processExecutionPhase(TestCaseExecutor.java:298)
	at com.kms.katalon.core.main.TestCaseExecutor.accessMainPhase(TestCaseExecutor.java:290)
	at com.kms.katalon.core.main.TestCaseExecutor.execute(TestCaseExecutor.java:224)
	at com.kms.katalon.core.main.TestSuiteExecutor.accessTestCaseMainPhase(TestSuiteExecutor.java:129)
	at com.kms.katalon.core.main.TestSuiteExecutor.accessTestSuiteMainPhase(TestSuiteExecutor.java:112)
	at com.kms.katalon.core.main.TestSuiteExecutor.execute(TestSuiteExecutor.java:81)
	at com.kms.katalon.core.main.TestCaseMain.startTestSuite(TestCaseMain.java:149)
	at com.kms.katalon.core.main.TestCaseMain$startTestSuite$0.call(Unknown Source)
	at TempTestSuite1558983778167.run(TempTestSuite1558983778167.groovy:36)]]></system-out>
         <system-err><![CDATA[2019-05-27 15:50:10 - [TEST_CASE][FAILED] - Test Cases/OCS - MOBILE/OCS-AGE GATE/AG- Under Age: Test Cases/OCS - MOBILE/OCS-AGE GATE/AG- Under Age FAILED.
Reason:
com.kms.katalon.core.exception.StepFailedException: Unable to click on object 'Object Repository/OCS-MOBILE /Age gate and burger menu/button_Verify' (Root cause: com.kms.katalon.core.webui.exception.WebElementNotFoundException: Web element with id: 'Object Repository/OCS-MOBILE /Age gate and burger menu/button_Verify' located by 'By.xpath: /html/body/div/div[1]/section/div/section/div/div[2]/form/fieldset/p[2]/button[count(. | //button[@type = 'submit']) = count(//button[@type = 'submit'])]' not found)
	at com.kms.katalon.core.keyword.internal.KeywordMain.stepFailed(KeywordMain.groovy:36)
	at com.kms.katalon.core.webui.keyword.internal.WebUIKeywordMain.stepFailed(WebUIKeywordMain.groovy:65)
	at com.kms.katalon.core.webui.keyword.internal.WebUIKeywordMain.runKeyword(WebUIKeywordMain.groovy:27)
	at com.kms.katalon.core.webui.keyword.builtin.ClickKeyword.click(ClickKeyword.groovy:86)
	at com.kms.katalon.core.webui.keyword.builtin.ClickKeyword.execute(ClickKeyword.groovy:67)
	at com.kms.katalon.core.keyword.internal.KeywordExecutor.executeKeywordForPlatform(KeywordExecutor.groovy:53)
	at com.kms.katalon.core.webui.keyword.WebUiBuiltInKeywords.click(WebUiBuiltInKeywords.groovy:616)
	at com.kms.katalon.core.webui.keyword.WebUiBuiltInKeywords$click$3.call(Unknown Source)
	at AG- Under Age.run(AG- Under Age:32)
	at com.kms.katalon.core.main.ScriptEngine.run(ScriptEngine.java:194)
	at com.kms.katalon.core.main.ScriptEngine.runScriptAsRawText(ScriptEngine.java:119)
	at com.kms.katalon.core.main.TestCaseExecutor.runScript(TestCaseExecutor.java:328)
	at com.kms.katalon.core.main.TestCaseExecutor.doExecute(TestCaseExecutor.java:319)
	at com.kms.katalon.core.main.TestCaseExecutor.processExecutionPhase(TestCaseExecutor.java:298)
	at com.kms.katalon.core.main.TestCaseExecutor.accessMainPhase(TestCaseExecutor.java:290)
	at com.kms.katalon.core.main.TestCaseExecutor.execute(TestCaseExecutor.java:224)
	at com.kms.katalon.core.main.TestSuiteExecutor.accessTestCaseMainPhase(TestSuiteExecutor.java:129)
	at com.kms.katalon.core.main.TestSuiteExecutor.accessTestSuiteMainPhase(TestSuiteExecutor.java:112)
	at com.kms.katalon.core.main.TestSuiteExecutor.execute(TestSuiteExecutor.java:81)
	at com.kms.katalon.core.main.TestCaseMain.startTestSuite(TestCaseMain.java:149)
	at com.kms.katalon.core.main.TestCaseMain$startTestSuite$0.call(Unknown Source)
	at TempTestSuite1558983778167.run(TempTestSuite1558983778167.groovy:36)]]></system-err>
      </testcase>
      <testcase name="Test Cases/OCS - MOBILE/OCS-AGE GATE/AG - Date correction" classname="Test Cases/OCS - MOBILE/OCS-AGE GATE/AG - Date correction" status="FAILED">
         <failure type="FAILED" message="Test Cases/OCS - MOBILE/OCS-AGE GATE/AG - Date correction FAILED.
Reason:
com.kms.katalon.core.exception.StepFailedException: Unable to click on object 'Object Repository/OCS-MOBILE /Age gate and burger menu/button_Verify' (Root cause: com.kms.katalon.core.webui.exception.WebElementNotFoundException: Web element with id: 'Object Repository/OCS-MOBILE /Age gate and burger menu/button_Verify' located by 'By.xpath: /html/body/div/div[1]/section/div/section/div/div[2]/form/fieldset/p[2]/button[count(. | //button[@type = 'submit']) = count(//button[@type = 'submit'])]' not found)
	at com.kms.katalon.core.keyword.internal.KeywordMain.stepFailed(KeywordMain.groovy:36)
	at com.kms.katalon.core.webui.keyword.internal.WebUIKeywordMain.stepFailed(WebUIKeywordMain.groovy:65)
	at com.kms.katalon.core.webui.keyword.internal.WebUIKeywordMain.runKeyword(WebUIKeywordMain.groovy:27)
	at com.kms.katalon.core.webui.keyword.builtin.ClickKeyword.click(ClickKeyword.groovy:86)
	at com.kms.katalon.core.webui.keyword.builtin.ClickKeyword.execute(ClickKeyword.groovy:67)
	at com.kms.katalon.core.keyword.internal.KeywordExecutor.executeKeywordForPlatform(KeywordExecutor.groovy:53)
	at com.kms.katalon.core.webui.keyword.WebUiBuiltInKeywords.click(WebUiBuiltInKeywords.groovy:616)
	at com.kms.katalon.core.webui.keyword.WebUiBuiltInKeywords$click$3.call(Unknown Source)
	at AG - Date correction.run(AG - Date correction:32)
	at com.kms.katalon.core.main.ScriptEngine.run(ScriptEngine.java:194)
	at com.kms.katalon.core.main.ScriptEngine.runScriptAsRawText(ScriptEngine.java:119)
	at com.kms.katalon.core.main.TestCaseExecutor.runScript(TestCaseExecutor.java:328)
	at com.kms.katalon.core.main.TestCaseExecutor.doExecute(TestCaseExecutor.java:319)
	at com.kms.katalon.core.main.TestCaseExecutor.processExecutionPhase(TestCaseExecutor.java:298)
	at com.kms.katalon.core.main.TestCaseExecutor.accessMainPhase(TestCaseExecutor.java:290)
	at com.kms.katalon.core.main.TestCaseExecutor.execute(TestCaseExecutor.java:224)
	at com.kms.katalon.core.main.TestSuiteExecutor.accessTestCaseMainPhase(TestSuiteExecutor.java:129)
	at com.kms.katalon.core.main.TestSuiteExecutor.accessTestSuiteMainPhase(TestSuiteExecutor.java:112)
	at com.kms.katalon.core.main.TestSuiteExecutor.execute(TestSuiteExecutor.java:81)
	at com.kms.katalon.core.main.TestCaseMain.startTestSuite(TestCaseMain.java:149)
	at com.kms.katalon.core.main.TestCaseMain$startTestSuite$0.call(Unknown Source)
	at TempTestSuite1558983778167.run(TempTestSuite1558983778167.groovy:36)
"/>
         <system-out><![CDATA[2019-05-27 15:51:00 - [TEST_CASE][FAILED] - Test Cases/OCS - MOBILE/OCS-AGE GATE/AG - Date correction: Test Cases/OCS - MOBILE/OCS-AGE GATE/AG - Date correction FAILED.
Reason:
com.kms.katalon.core.exception.StepFailedException: Unable to click on object 'Object Repository/OCS-MOBILE /Age gate and burger menu/button_Verify' (Root cause: com.kms.katalon.core.webui.exception.WebElementNotFoundException: Web element with id: 'Object Repository/OCS-MOBILE /Age gate and burger menu/button_Verify' located by 'By.xpath: /html/body/div/div[1]/section/div/section/div/div[2]/form/fieldset/p[2]/button[count(. | //button[@type = 'submit']) = count(//button[@type = 'submit'])]' not found)
	at com.kms.katalon.core.keyword.internal.KeywordMain.stepFailed(KeywordMain.groovy:36)
	at com.kms.katalon.core.webui.keyword.internal.WebUIKeywordMain.stepFailed(WebUIKeywordMain.groovy:65)
	at com.kms.katalon.core.webui.keyword.internal.WebUIKeywordMain.runKeyword(WebUIKeywordMain.groovy:27)
	at com.kms.katalon.core.webui.keyword.builtin.ClickKeyword.click(ClickKeyword.groovy:86)
	at com.kms.katalon.core.webui.keyword.builtin.ClickKeyword.execute(ClickKeyword.groovy:67)
	at com.kms.katalon.core.keyword.internal.KeywordExecutor.executeKeywordForPlatform(KeywordExecutor.groovy:53)
	at com.kms.katalon.core.webui.keyword.WebUiBuiltInKeywords.click(WebUiBuiltInKeywords.groovy:616)
	at com.kms.katalon.core.webui.keyword.WebUiBuiltInKeywords$click$3.call(Unknown Source)
	at AG - Date correction.run(AG - Date correction:32)
	at com.kms.katalon.core.main.ScriptEngine.run(ScriptEngine.java:194)
	at com.kms.katalon.core.main.ScriptEngine.runScriptAsRawText(ScriptEngine.java:119)
	at com.kms.katalon.core.main.TestCaseExecutor.runScript(TestCaseExecutor.java:328)
	at com.kms.katalon.core.main.TestCaseExecutor.doExecute(TestCaseExecutor.java:319)
	at com.kms.katalon.core.main.TestCaseExecutor.processExecutionPhase(TestCaseExecutor.java:298)
	at com.kms.katalon.core.main.TestCaseExecutor.accessMainPhase(TestCaseExecutor.java:290)
	at com.kms.katalon.core.main.TestCaseExecutor.execute(TestCaseExecutor.java:224)
	at com.kms.katalon.core.main.TestSuiteExecutor.accessTestCaseMainPhase(TestSuiteExecutor.java:129)
	at com.kms.katalon.core.main.TestSuiteExecutor.accessTestSuiteMainPhase(TestSuiteExecutor.java:112)
	at com.kms.katalon.core.main.TestSuiteExecutor.execute(TestSuiteExecutor.java:81)
	at com.kms.katalon.core.main.TestCaseMain.startTestSuite(TestCaseMain.java:149)
	at com.kms.katalon.core.main.TestCaseMain$startTestSuite$0.call(Unknown Source)
	at TempTestSuite1558983778167.run(TempTestSuite1558983778167.groovy:36)


2019-05-27 15:51:00 - [TEST_STEP][PASSED] - openBrowser(""): Browser is opened with url: ''

2019-05-27 15:51:00 - [MESSAGE][WARNING] - A browser is already opened. Closing browser and opening a new one

2019-05-27 15:51:00 - [MESSAGE][INFO] - Starting 'Firefox' driver

2019-05-27 15:51:02 - [MESSAGE][PASSED] - Browser is opened with url: ''

2019-05-27 15:51:02 - [TEST_STEP][PASSED] - navigateToUrl("https://ocs.ca/?fts=0&preview_theme_id=53373863756"): Navigate to 'https://ocs.ca/?fts=0&preview_theme_id=53373863756' successfully

2019-05-27 15:51:11 - [MESSAGE][PASSED] - Navigate to 'https://ocs.ca/?fts=0&preview_theme_id=53373863756' successfully

2019-05-27 15:51:11 - [TEST_STEP][PASSED] - setViewPortSize(360, 800): Viewport is set to new size with width = 360 and height = 800

2019-05-27 15:51:11 - [MESSAGE][PASSED] - Viewport is set to new size with width = 360 and height = 800

2019-05-27 15:51:11 - [TEST_STEP][PASSED] - delay(4): Delayed 4 second(s)

2019-05-27 15:51:15 - [MESSAGE][PASSED] - Delayed 4 second(s)

2019-05-27 15:51:15 - [TEST_STEP][PASSED] - selectOptionByValue(findTestObject("OCS-MOBILE /Age gate and burger menu/Date"), "12", true): All options with value '12' are selected in object 'Object Repository/OCS-MOBILE /Age gate and burger menu/Date'  using regular expression

2019-05-27 15:51:16 - [MESSAGE][PASSED] - All options with value '12' are selected in object 'Object Repository/OCS-MOBILE /Age gate and burger menu/Date'  using regular expression

2019-05-27 15:51:16 - [TEST_STEP][PASSED] - selectOptionByValue(findTestObject("OCS-MOBILE /Age gate and burger menu/month"), "6", true): All options with value '6' are selected in object 'Object Repository/OCS-MOBILE /Age gate and burger menu/month'  using regular expression

2019-05-27 15:51:16 - [MESSAGE][PASSED] - All options with value '6' are selected in object 'Object Repository/OCS-MOBILE /Age gate and burger menu/month'  using regular expression

2019-05-27 15:51:16 - [TEST_STEP][PASSED] - delay(2): Delayed 2 second(s)

2019-05-27 15:51:18 - [MESSAGE][PASSED] - Delayed 2 second(s)

2019-05-27 15:51:18 - [TEST_STEP][PASSED] - selectOptionByValue(findTestObject("OCS-MOBILE /Age gate and burger menu/Year Dropdown"), "2000", true): All options with value '2000' are selected in object 'Object Repository/OCS-MOBILE /Age gate and burger menu/Year Dropdown'  using regular expression

2019-05-27 15:51:20 - [MESSAGE][PASSED] - All options with value '2000' are selected in object 'Object Repository/OCS-MOBILE /Age gate and burger menu/Year Dropdown'  using regular expression

2019-05-27 15:51:20 - [TEST_STEP][FAILED] - click(findTestObject("OCS-MOBILE /Age gate and burger menu/button_Verify")): click(findTestObject("OCS-MOBILE /Age gate and burger menu/button_Verify")) FAILED.
Reason:
com.kms.katalon.core.exception.StepFailedException: Unable to click on object 'Object Repository/OCS-MOBILE /Age gate and burger menu/button_Verify' (Root cause: com.kms.katalon.core.webui.exception.WebElementNotFoundException: Web element with id: 'Object Repository/OCS-MOBILE /Age gate and burger menu/button_Verify' located by 'By.xpath: /html/body/div/div[1]/section/div/section/div/div[2]/form/fieldset/p[2]/button[count(. | //button[@type = 'submit']) = count(//button[@type = 'submit'])]' not found)
	at com.kms.katalon.core.keyword.internal.KeywordMain.stepFailed(KeywordMain.groovy:36)
	at com.kms.katalon.core.webui.keyword.internal.WebUIKeywordMain.stepFailed(WebUIKeywordMain.groovy:65)
	at com.kms.katalon.core.webui.keyword.internal.WebUIKeywordMain.runKeyword(WebUIKeywordMain.groovy:27)
	at com.kms.katalon.core.webui.keyword.builtin.ClickKeyword.click(ClickKeyword.groovy:86)
	at com.kms.katalon.core.webui.keyword.builtin.ClickKeyword.execute(ClickKeyword.groovy:67)
	at com.kms.katalon.core.keyword.internal.KeywordExecutor.executeKeywordForPlatform(KeywordExecutor.groovy:53)
	at com.kms.katalon.core.webui.keyword.WebUiBuiltInKeywords.click(WebUiBuiltInKeywords.groovy:616)
	at com.kms.katalon.core.webui.keyword.WebUiBuiltInKeywords$click$3.call(Unknown Source)
	at AG - Date correction.run(AG - Date correction:32)
	at com.kms.katalon.core.main.ScriptEngine.run(ScriptEngine.java:194)
	at com.kms.katalon.core.main.ScriptEngine.runScriptAsRawText(ScriptEngine.java:119)
	at com.kms.katalon.core.main.TestCaseExecutor.runScript(TestCaseExecutor.java:328)
	at com.kms.katalon.core.main.TestCaseExecutor.doExecute(TestCaseExecutor.java:319)
	at com.kms.katalon.core.main.TestCaseExecutor.processExecutionPhase(TestCaseExecutor.java:298)
	at com.kms.katalon.core.main.TestCaseExecutor.accessMainPhase(TestCaseExecutor.java:290)
	at com.kms.katalon.core.main.TestCaseExecutor.execute(TestCaseExecutor.java:224)
	at com.kms.katalon.core.main.TestSuiteExecutor.accessTestCaseMainPhase(TestSuiteExecutor.java:129)
	at com.kms.katalon.core.main.TestSuiteExecutor.accessTestSuiteMainPhase(TestSuiteExecutor.java:112)
	at com.kms.katalon.core.main.TestSuiteExecutor.execute(TestSuiteExecutor.java:81)
	at com.kms.katalon.core.main.TestCaseMain.startTestSuite(TestCaseMain.java:149)
	at com.kms.katalon.core.main.TestCaseMain$startTestSuite$0.call(Unknown Source)
	at TempTestSuite1558983778167.run(TempTestSuite1558983778167.groovy:36)


2019-05-27 15:51:51 - [MESSAGE][INFO] - Unable to find the element located by 'By.xpath: /html/body/div/div[1]/section/div/section/div/div[2]/form/fieldset/p[2]/button[count(. | //button[@type = 'submit']) = count(//button[@type = 'submit'])]'. Please recheck the objects properties to make sure the desired element is located. 

2019-05-27 15:51:51 - [MESSAGE][FAILED] - Unable to click on object 'Object Repository/OCS-MOBILE /Age gate and burger menu/button_Verify' (Root cause: com.kms.katalon.core.webui.exception.WebElementNotFoundException: Web element with id: 'Object Repository/OCS-MOBILE /Age gate and burger menu/button_Verify' located by 'By.xpath: /html/body/div/div[1]/section/div/section/div/div[2]/form/fieldset/p[2]/button[count(. | //button[@type = 'submit']) = count(//button[@type = 'submit'])]' not found)
[[ATTACHMENT|/Users/sumankompelly/Katalon Studio/OCS ( QA- 1.9.1 ) /Reports/QA ( 1.9.1)/HP, PROD , AG/20190527_150258/1558986711153.png]]

2019-05-27 15:51:51 - [MESSAGE][FAILED] - click(findTestObject("OCS-MOBILE /Age gate and burger menu/button_Verify")) FAILED.
Reason:
com.kms.katalon.core.exception.StepFailedException: Unable to click on object 'Object Repository/OCS-MOBILE /Age gate and burger menu/button_Verify' (Root cause: com.kms.katalon.core.webui.exception.WebElementNotFoundException: Web element with id: 'Object Repository/OCS-MOBILE /Age gate and burger menu/button_Verify' located by 'By.xpath: /html/body/div/div[1]/section/div/section/div/div[2]/form/fieldset/p[2]/button[count(. | //button[@type = 'submit']) = count(//button[@type = 'submit'])]' not found)
	at com.kms.katalon.core.keyword.internal.KeywordMain.stepFailed(KeywordMain.groovy:36)
	at com.kms.katalon.core.webui.keyword.internal.WebUIKeywordMain.stepFailed(WebUIKeywordMain.groovy:65)
	at com.kms.katalon.core.webui.keyword.internal.WebUIKeywordMain.runKeyword(WebUIKeywordMain.groovy:27)
	at com.kms.katalon.core.webui.keyword.builtin.ClickKeyword.click(ClickKeyword.groovy:86)
	at com.kms.katalon.core.webui.keyword.builtin.ClickKeyword.execute(ClickKeyword.groovy:67)
	at com.kms.katalon.core.keyword.internal.KeywordExecutor.executeKeywordForPlatform(KeywordExecutor.groovy:53)
	at com.kms.katalon.core.webui.keyword.WebUiBuiltInKeywords.click(WebUiBuiltInKeywords.groovy:616)
	at com.kms.katalon.core.webui.keyword.WebUiBuiltInKeywords$click$3.call(Unknown Source)
	at AG - Date correction.run(AG - Date correction:32)
	at com.kms.katalon.core.main.ScriptEngine.run(ScriptEngine.java:194)
	at com.kms.katalon.core.main.ScriptEngine.runScriptAsRawText(ScriptEngine.java:119)
	at com.kms.katalon.core.main.TestCaseExecutor.runScript(TestCaseExecutor.java:328)
	at com.kms.katalon.core.main.TestCaseExecutor.doExecute(TestCaseExecutor.java:319)
	at com.kms.katalon.core.main.TestCaseExecutor.processExecutionPhase(TestCaseExecutor.java:298)
	at com.kms.katalon.core.main.TestCaseExecutor.accessMainPhase(TestCaseExecutor.java:290)
	at com.kms.katalon.core.main.TestCaseExecutor.execute(TestCaseExecutor.java:224)
	at com.kms.katalon.core.main.TestSuiteExecutor.accessTestCaseMainPhase(TestSuiteExecutor.java:129)
	at com.kms.katalon.core.main.TestSuiteExecutor.accessTestSuiteMainPhase(TestSuiteExecutor.java:112)
	at com.kms.katalon.core.main.TestSuiteExecutor.execute(TestSuiteExecutor.java:81)
	at com.kms.katalon.core.main.TestCaseMain.startTestSuite(TestCaseMain.java:149)
	at com.kms.katalon.core.main.TestCaseMain$startTestSuite$0.call(Unknown Source)
	at TempTestSuite1558983778167.run(TempTestSuite1558983778167.groovy:36)]]></system-out>
         <system-err><![CDATA[2019-05-27 15:51:00 - [TEST_CASE][FAILED] - Test Cases/OCS - MOBILE/OCS-AGE GATE/AG - Date correction: Test Cases/OCS - MOBILE/OCS-AGE GATE/AG - Date correction FAILED.
Reason:
com.kms.katalon.core.exception.StepFailedException: Unable to click on object 'Object Repository/OCS-MOBILE /Age gate and burger menu/button_Verify' (Root cause: com.kms.katalon.core.webui.exception.WebElementNotFoundException: Web element with id: 'Object Repository/OCS-MOBILE /Age gate and burger menu/button_Verify' located by 'By.xpath: /html/body/div/div[1]/section/div/section/div/div[2]/form/fieldset/p[2]/button[count(. | //button[@type = 'submit']) = count(//button[@type = 'submit'])]' not found)
	at com.kms.katalon.core.keyword.internal.KeywordMain.stepFailed(KeywordMain.groovy:36)
	at com.kms.katalon.core.webui.keyword.internal.WebUIKeywordMain.stepFailed(WebUIKeywordMain.groovy:65)
	at com.kms.katalon.core.webui.keyword.internal.WebUIKeywordMain.runKeyword(WebUIKeywordMain.groovy:27)
	at com.kms.katalon.core.webui.keyword.builtin.ClickKeyword.click(ClickKeyword.groovy:86)
	at com.kms.katalon.core.webui.keyword.builtin.ClickKeyword.execute(ClickKeyword.groovy:67)
	at com.kms.katalon.core.keyword.internal.KeywordExecutor.executeKeywordForPlatform(KeywordExecutor.groovy:53)
	at com.kms.katalon.core.webui.keyword.WebUiBuiltInKeywords.click(WebUiBuiltInKeywords.groovy:616)
	at com.kms.katalon.core.webui.keyword.WebUiBuiltInKeywords$click$3.call(Unknown Source)
	at AG - Date correction.run(AG - Date correction:32)
	at com.kms.katalon.core.main.ScriptEngine.run(ScriptEngine.java:194)
	at com.kms.katalon.core.main.ScriptEngine.runScriptAsRawText(ScriptEngine.java:119)
	at com.kms.katalon.core.main.TestCaseExecutor.runScript(TestCaseExecutor.java:328)
	at com.kms.katalon.core.main.TestCaseExecutor.doExecute(TestCaseExecutor.java:319)
	at com.kms.katalon.core.main.TestCaseExecutor.processExecutionPhase(TestCaseExecutor.java:298)
	at com.kms.katalon.core.main.TestCaseExecutor.accessMainPhase(TestCaseExecutor.java:290)
	at com.kms.katalon.core.main.TestCaseExecutor.execute(TestCaseExecutor.java:224)
	at com.kms.katalon.core.main.TestSuiteExecutor.accessTestCaseMainPhase(TestSuiteExecutor.java:129)
	at com.kms.katalon.core.main.TestSuiteExecutor.accessTestSuiteMainPhase(TestSuiteExecutor.java:112)
	at com.kms.katalon.core.main.TestSuiteExecutor.execute(TestSuiteExecutor.java:81)
	at com.kms.katalon.core.main.TestCaseMain.startTestSuite(TestCaseMain.java:149)
	at com.kms.katalon.core.main.TestCaseMain$startTestSuite$0.call(Unknown Source)
	at TempTestSuite1558983778167.run(TempTestSuite1558983778167.groovy:36)]]></system-err>
      </testcase>
      <system-out><![CDATA[2019-05-27 15:03:00 - [TEST_SUITE][FAILED] - HP, PROD , AG: Test Cases/OCS - MOBILE/OCS- HOME PAGE/HP-Burger menu-Accessories FAILED.
Reason:
com.kms.katalon.core.exception.StepFailedException: Unable to click on object 'Object Repository/OCS-MOBILE /Accessories page/Papers -filters' (Root cause: org.openqa.selenium.ElementNotInteractableException: Element <i class="icon icon--forward menu__tier-three__link--icon"> could not be scrolled into view
Build info: version: '3.7.1', revision: '8a0099a', time: '2017-11-06T21:07:36.161Z'
System info: host: 'sumans-MacBook-Pro.local', ip: 'fe80:0:0:0:1c60:f35:3790:b4fa%en0', os.name: 'Mac OS X', os.arch: 'x86_64', os.version: '10.13.6', java.version: '1.8.0_181'
Driver info: com.kms.katalon.core.webui.driver.firefox.CGeckoDriver
Capabilities {acceptInsecureCerts: true, browserName: firefox, browserVersion: 67.0, javascriptEnabled: true, moz:accessibilityChecks: false, moz:buildID: 20190516215225, moz:geckodriverVersion: 0.23.0, moz:headless: false, moz:processID: 1382, moz:profile: /var/folders/1t/c55l8xzs6gq..., moz:shutdownTimeout: 60000, moz:useNonSpecCompliantPointerOrigin: false, moz:webdriverClick: true, pageLoadStrategy: normal, platform: MAC, platformName: MAC, platformVersion: 17.7.0, proxy: Proxy(direct), rotatable: false, setWindowRect: true, strictFileInteractability: false, timeouts: {implicit: 0, pageLoad: 300000, script: 30000}, unhandledPromptBehavior: dismiss and notify}
Session ID: 607097ba-98af-6a44-9b60-1ad9890b7540)
	at com.kms.katalon.core.keyword.internal.KeywordMain.stepFailed(KeywordMain.groovy:32)
	at com.kms.katalon.core.webui.keyword.internal.WebUIKeywordMain.stepFailed(WebUIKeywordMain.groovy:65)
	at com.kms.katalon.core.webui.keyword.internal.WebUIKeywordMain.runKeyword(WebUIKeywordMain.groovy:27)
	at com.kms.katalon.core.webui.keyword.builtin.ClickKeyword.click(ClickKeyword.groovy:86)
	at com.kms.katalon.core.webui.keyword.builtin.ClickKeyword.execute(ClickKeyword.groovy:67)
	at com.kms.katalon.core.keyword.internal.KeywordExecutor.executeKeywordForPlatform(KeywordExecutor.groovy:53)
	at com.kms.katalon.core.webui.keyword.WebUiBuiltInKeywords.click(WebUiBuiltInKeywords.groovy:604)
	at com.kms.katalon.core.webui.keyword.WebUiBuiltInKeywords$click$4.call(Unknown Source)
	at HP-Burger menu-Accessories.run(HP-Burger menu-Accessories:113)
	at com.kms.katalon.core.main.ScriptEngine.run(ScriptEngine.java:194)
	at com.kms.katalon.core.main.ScriptEngine.runScriptAsRawText(ScriptEngine.java:119)
	at com.kms.katalon.core.main.TestCaseExecutor.runScript(TestCaseExecutor.java:328)
	at com.kms.katalon.core.main.TestCaseExecutor.doExecute(TestCaseExecutor.java:319)
	at com.kms.katalon.core.main.TestCaseExecutor.processExecutionPhase(TestCaseExecutor.java:298)
	at com.kms.katalon.core.main.TestCaseExecutor.accessMainPhase(TestCaseExecutor.java:290)
	at com.kms.katalon.core.main.TestCaseExecutor.execute(TestCaseExecutor.java:224)
	at com.kms.katalon.core.main.TestSuiteExecutor.accessTestCaseMainPhase(TestSuiteExecutor.java:129)
	at com.kms.katalon.core.main.TestSuiteExecutor.accessTestSuiteMainPhase(TestSuiteExecutor.java:112)
	at com.kms.katalon.core.main.TestSuiteExecutor.execute(TestSuiteExecutor.java:81)
	at com.kms.katalon.core.main.TestCaseMain.startTestSuite(TestCaseMain.java:149)
	at com.kms.katalon.core.main.TestCaseMain$startTestSuite$0.call(Unknown Source)
	at TempTestSuite1558983778167.run(TempTestSuite1558983778167.groovy:36)]]></system-out>
      <system-err><![CDATA[2019-05-27 15:03:00 - [TEST_SUITE][FAILED] - HP, PROD , AG: Test Cases/OCS - MOBILE/OCS- HOME PAGE/HP-Burger menu-Accessories FAILED.
Reason:
com.kms.katalon.core.exception.StepFailedException: Unable to click on object 'Object Repository/OCS-MOBILE /Accessories page/Papers -filters' (Root cause: org.openqa.selenium.ElementNotInteractableException: Element <i class="icon icon--forward menu__tier-three__link--icon"> could not be scrolled into view
Build info: version: '3.7.1', revision: '8a0099a', time: '2017-11-06T21:07:36.161Z'
System info: host: 'sumans-MacBook-Pro.local', ip: 'fe80:0:0:0:1c60:f35:3790:b4fa%en0', os.name: 'Mac OS X', os.arch: 'x86_64', os.version: '10.13.6', java.version: '1.8.0_181'
Driver info: com.kms.katalon.core.webui.driver.firefox.CGeckoDriver
Capabilities {acceptInsecureCerts: true, browserName: firefox, browserVersion: 67.0, javascriptEnabled: true, moz:accessibilityChecks: false, moz:buildID: 20190516215225, moz:geckodriverVersion: 0.23.0, moz:headless: false, moz:processID: 1382, moz:profile: /var/folders/1t/c55l8xzs6gq..., moz:shutdownTimeout: 60000, moz:useNonSpecCompliantPointerOrigin: false, moz:webdriverClick: true, pageLoadStrategy: normal, platform: MAC, platformName: MAC, platformVersion: 17.7.0, proxy: Proxy(direct), rotatable: false, setWindowRect: true, strictFileInteractability: false, timeouts: {implicit: 0, pageLoad: 300000, script: 30000}, unhandledPromptBehavior: dismiss and notify}
Session ID: 607097ba-98af-6a44-9b60-1ad9890b7540)
	at com.kms.katalon.core.keyword.internal.KeywordMain.stepFailed(KeywordMain.groovy:32)
	at com.kms.katalon.core.webui.keyword.internal.WebUIKeywordMain.stepFailed(WebUIKeywordMain.groovy:65)
	at com.kms.katalon.core.webui.keyword.internal.WebUIKeywordMain.runKeyword(WebUIKeywordMain.groovy:27)
	at com.kms.katalon.core.webui.keyword.builtin.ClickKeyword.click(ClickKeyword.groovy:86)
	at com.kms.katalon.core.webui.keyword.builtin.ClickKeyword.execute(ClickKeyword.groovy:67)
	at com.kms.katalon.core.keyword.internal.KeywordExecutor.executeKeywordForPlatform(KeywordExecutor.groovy:53)
	at com.kms.katalon.core.webui.keyword.WebUiBuiltInKeywords.click(WebUiBuiltInKeywords.groovy:604)
	at com.kms.katalon.core.webui.keyword.WebUiBuiltInKeywords$click$4.call(Unknown Source)
	at HP-Burger menu-Accessories.run(HP-Burger menu-Accessories:113)
	at com.kms.katalon.core.main.ScriptEngine.run(ScriptEngine.java:194)
	at com.kms.katalon.core.main.ScriptEngine.runScriptAsRawText(ScriptEngine.java:119)
	at com.kms.katalon.core.main.TestCaseExecutor.runScript(TestCaseExecutor.java:328)
	at com.kms.katalon.core.main.TestCaseExecutor.doExecute(TestCaseExecutor.java:319)
	at com.kms.katalon.core.main.TestCaseExecutor.processExecutionPhase(TestCaseExecutor.java:298)
	at com.kms.katalon.core.main.TestCaseExecutor.accessMainPhase(TestCaseExecutor.java:290)
	at com.kms.katalon.core.main.TestCaseExecutor.execute(TestCaseExecutor.java:224)
	at com.kms.katalon.core.main.TestSuiteExecutor.accessTestCaseMainPhase(TestSuiteExecutor.java:129)
	at com.kms.katalon.core.main.TestSuiteExecutor.accessTestSuiteMainPhase(TestSuiteExecutor.java:112)
	at com.kms.katalon.core.main.TestSuiteExecutor.execute(TestSuiteExecutor.java:81)
	at com.kms.katalon.core.main.TestCaseMain.startTestSuite(TestCaseMain.java:149)
	at com.kms.katalon.core.main.TestCaseMain$startTestSuite$0.call(Unknown Source)
	at TempTestSuite1558983778167.run(TempTestSuite1558983778167.groovy:36)]]></system-err>
   </testsuite>
</testsuites>
