<?xml version="1.0" encoding="UTF-8"?>
<testsuites name="recordings - ( 1.10.2 )" time="4082" tests="24" failures="16" errors="0">
   <testsuite name="recordings - ( 1.10.2 )" tests="24" failures="16" errors="0" time="4082" timestamp="2019-06-19 15:37:00" hostname="sumankompelly - 10.0.126.233" id="Test Suites/recordings - ( 1.10.2 )">
      <properties>
         <property name="deviceName" value=""/>
         <property name="devicePlatform" value=""/>
         <property name="logFolder" value="/Users/sumankompelly/Relative xpath-Mobile/Reports/recordings - ( 1.10.2 )/20190619_153658"/>
         <property name="logFiles" value="/Users/sumankompelly/Relative xpath-Mobile/Reports/recordings - ( 1.10.2 )/20190619_153658/execution0.log"/>
         <property name="attachments" value="/Users/sumankompelly/Relative xpath-Mobile/Reports/recordings - ( 1.10.2 )/20190619_153658/1560973164620.png, /Users/sumankompelly/Relative xpath-Mobile/Reports/recordings - ( 1.10.2 )/20190619_153658/1560973227967.png, /Users/sumankompelly/Relative xpath-Mobile/Reports/recordings - ( 1.10.2 )/20190619_153658/1560973329117.png, /Users/sumankompelly/Relative xpath-Mobile/Reports/recordings - ( 1.10.2 )/20190619_153658/1560973384793.png, /Users/sumankompelly/Relative xpath-Mobile/Reports/recordings - ( 1.10.2 )/20190619_153658/1560973436510.png, /Users/sumankompelly/Relative xpath-Mobile/Reports/recordings - ( 1.10.2 )/20190619_153658/1560973456760.png, /Users/sumankompelly/Relative xpath-Mobile/Reports/recordings - ( 1.10.2 )/20190619_153658/1560973479413.png, /Users/sumankompelly/Relative xpath-Mobile/Reports/recordings - ( 1.10.2 )/20190619_153658/1560973491656.png, /Users/sumankompelly/Relative xpath-Mobile/Reports/recordings - ( 1.10.2 )/20190619_153658/1560973560151.png, /Users/sumankompelly/Relative xpath-Mobile/Reports/recordings - ( 1.10.2 )/20190619_153658/1560973627888.png, /Users/sumankompelly/Relative xpath-Mobile/Reports/recordings - ( 1.10.2 )/20190619_153658/1560973757851.png, /Users/sumankompelly/Relative xpath-Mobile/Reports/recordings - ( 1.10.2 )/20190619_153658/1560973927277.png, /Users/sumankompelly/Relative xpath-Mobile/Reports/recordings - ( 1.10.2 )/20190619_153658/1560974141850.png, /Users/sumankompelly/Relative xpath-Mobile/Reports/recordings - ( 1.10.2 )/20190619_153658/1560974582959.png, /Users/sumankompelly/Relative xpath-Mobile/Reports/recordings - ( 1.10.2 )/20190619_153658/1560974634412.png, /Users/sumankompelly/Relative xpath-Mobile/Reports/recordings - ( 1.10.2 )/20190619_153658/1560974645109.png, /Users/sumankompelly/Relative xpath-Mobile/Reports/recordings - ( 1.10.2 )/20190619_153658/1560974652690.png, /Users/sumankompelly/Relative xpath-Mobile/Reports/recordings - ( 1.10.2 )/20190619_153658/1560974660463.png, /Users/sumankompelly/Relative xpath-Mobile/Reports/recordings - ( 1.10.2 )/20190619_153658/1560974668247.png, /Users/sumankompelly/Relative xpath-Mobile/Reports/recordings - ( 1.10.2 )/20190619_153658/1560974679382.png, /Users/sumankompelly/Relative xpath-Mobile/Reports/recordings - ( 1.10.2 )/20190619_153658/1560974687297.png, /Users/sumankompelly/Relative xpath-Mobile/Reports/recordings - ( 1.10.2 )/20190619_153658/1560974699546.png, /Users/sumankompelly/Relative xpath-Mobile/Reports/recordings - ( 1.10.2 )/20190619_153658/1560974707653.png, /Users/sumankompelly/Relative xpath-Mobile/Reports/recordings - ( 1.10.2 )/20190619_153658/1560974717602.png, /Users/sumankompelly/Relative xpath-Mobile/Reports/recordings - ( 1.10.2 )/20190619_153658/1560974730223.png, /Users/sumankompelly/Relative xpath-Mobile/Reports/recordings - ( 1.10.2 )/20190619_153658/1560974742589.png, /Users/sumankompelly/Relative xpath-Mobile/Reports/recordings - ( 1.10.2 )/20190619_153658/1560974754483.png, /Users/sumankompelly/Relative xpath-Mobile/Reports/recordings - ( 1.10.2 )/20190619_153658/1560974766924.png, /Users/sumankompelly/Relative xpath-Mobile/Reports/recordings - ( 1.10.2 )/20190619_153658/1560974776792.png, /Users/sumankompelly/Relative xpath-Mobile/Reports/recordings - ( 1.10.2 )/20190619_153658/1560974830551.png, /Users/sumankompelly/Relative xpath-Mobile/Reports/recordings - ( 1.10.2 )/20190619_153658/1560974884823.png, /Users/sumankompelly/Relative xpath-Mobile/Reports/recordings - ( 1.10.2 )/20190619_153658/1560974900796.png, /Users/sumankompelly/Relative xpath-Mobile/Reports/recordings - ( 1.10.2 )/20190619_153658/1560974973822.png, /Users/sumankompelly/Relative xpath-Mobile/Reports/recordings - ( 1.10.2 )/20190619_153658/1560974995962.png, /Users/sumankompelly/Relative xpath-Mobile/Reports/recordings - ( 1.10.2 )/20190619_153658/1560975004821.png, /Users/sumankompelly/Relative xpath-Mobile/Reports/recordings - ( 1.10.2 )/20190619_153658/1560975018027.png, /Users/sumankompelly/Relative xpath-Mobile/Reports/recordings - ( 1.10.2 )/20190619_153658/1560975041088.png, /Users/sumankompelly/Relative xpath-Mobile/Reports/recordings - ( 1.10.2 )/20190619_153658/1560975063441.png, /Users/sumankompelly/Relative xpath-Mobile/Reports/recordings - ( 1.10.2 )/20190619_153658/1560975072242.png, /Users/sumankompelly/Relative xpath-Mobile/Reports/recordings - ( 1.10.2 )/20190619_153658/1560975085735.png, /Users/sumankompelly/Relative xpath-Mobile/Reports/recordings - ( 1.10.2 )/20190619_153658/1560975111043.png, /Users/sumankompelly/Relative xpath-Mobile/Reports/recordings - ( 1.10.2 )/20190619_153658/1560975133885.png, /Users/sumankompelly/Relative xpath-Mobile/Reports/recordings - ( 1.10.2 )/20190619_153658/1560975142579.png, /Users/sumankompelly/Relative xpath-Mobile/Reports/recordings - ( 1.10.2 )/20190619_153658/1560975156199.png, /Users/sumankompelly/Relative xpath-Mobile/Reports/recordings - ( 1.10.2 )/20190619_153658/1560975358474.png, /Users/sumankompelly/Relative xpath-Mobile/Reports/recordings - ( 1.10.2 )/20190619_153658/1560975586363.png, /Users/sumankompelly/Relative xpath-Mobile/Reports/recordings - ( 1.10.2 )/20190619_153658/1560975589488.png, /Users/sumankompelly/Relative xpath-Mobile/Reports/recordings - ( 1.10.2 )/20190619_153658/1560975592483.png, /Users/sumankompelly/Relative xpath-Mobile/Reports/recordings - ( 1.10.2 )/20190619_153658/1560975595726.png, /Users/sumankompelly/Relative xpath-Mobile/Reports/recordings - ( 1.10.2 )/20190619_153658/1560975600063.png, /Users/sumankompelly/Relative xpath-Mobile/Reports/recordings - ( 1.10.2 )/20190619_153658/1560975604464.png, /Users/sumankompelly/Relative xpath-Mobile/Reports/recordings - ( 1.10.2 )/20190619_153658/1560975608692.png, /Users/sumankompelly/Relative xpath-Mobile/Reports/recordings - ( 1.10.2 )/20190619_153658/1560975613288.png, /Users/sumankompelly/Relative xpath-Mobile/Reports/recordings - ( 1.10.2 )/20190619_153658/1560975617589.png, /Users/sumankompelly/Relative xpath-Mobile/Reports/recordings - ( 1.10.2 )/20190619_153658/1560975757863.png, /Users/sumankompelly/Relative xpath-Mobile/Reports/recordings - ( 1.10.2 )/20190619_153658/1560975837189.png, /Users/sumankompelly/Relative xpath-Mobile/Reports/recordings - ( 1.10.2 )/20190619_153658/1560975844353.png, /Users/sumankompelly/Relative xpath-Mobile/Reports/recordings - ( 1.10.2 )/20190619_153658/1560975851206.png, /Users/sumankompelly/Relative xpath-Mobile/Reports/recordings - ( 1.10.2 )/20190619_153658/1560975853195.png, /Users/sumankompelly/Relative xpath-Mobile/Reports/recordings - ( 1.10.2 )/20190619_153658/1560976011328.png, /Users/sumankompelly/Relative xpath-Mobile/Reports/recordings - ( 1.10.2 )/20190619_153658/1560976155677.png, /Users/sumankompelly/Relative xpath-Mobile/Reports/recordings - ( 1.10.2 )/20190619_153658/1560976160320.png, /Users/sumankompelly/Relative xpath-Mobile/Reports/recordings - ( 1.10.2 )/20190619_153658/1560976163266.png, /Users/sumankompelly/Relative xpath-Mobile/Reports/recordings - ( 1.10.2 )/20190619_153658/1560976165397.png, /Users/sumankompelly/Relative xpath-Mobile/Reports/recordings - ( 1.10.2 )/20190619_153658/1560976167145.png, /Users/sumankompelly/Relative xpath-Mobile/Reports/recordings - ( 1.10.2 )/20190619_153658/1560976484815.png, /Users/sumankompelly/Relative xpath-Mobile/Reports/recordings - ( 1.10.2 )/20190619_153658/1560976686737.png, /Users/sumankompelly/Relative xpath-Mobile/Reports/recordings - ( 1.10.2 )/20190619_153658/1560976744113.png, /Users/sumankompelly/Relative xpath-Mobile/Reports/recordings - ( 1.10.2 )/20190619_153658/1560976748996.png, /Users/sumankompelly/Relative xpath-Mobile/Reports/recordings - ( 1.10.2 )/20190619_153658/1560976787836.png, /Users/sumankompelly/Relative xpath-Mobile/Reports/recordings - ( 1.10.2 )/20190619_153658/1560976826265.png, /Users/sumankompelly/Relative xpath-Mobile/Reports/recordings - ( 1.10.2 )/20190619_153658/1560976866121.png, /Users/sumankompelly/Relative xpath-Mobile/Reports/recordings - ( 1.10.2 )/20190619_153658/1560976902301.png, /Users/sumankompelly/Relative xpath-Mobile/Reports/recordings - ( 1.10.2 )/20190619_153658/1560976939068.png, /Users/sumankompelly/Relative xpath-Mobile/Reports/recordings - ( 1.10.2 )/20190619_153658/1560976939654.png, /Users/sumankompelly/Relative xpath-Mobile/Reports/recordings - ( 1.10.2 )/20190619_153658/1560976978009.png, /Users/sumankompelly/Relative xpath-Mobile/Reports/recordings - ( 1.10.2 )/20190619_153658/1560977016644.png, /Users/sumankompelly/Relative xpath-Mobile/Reports/recordings - ( 1.10.2 )/20190619_153658/1560977053344.png, /Users/sumankompelly/Relative xpath-Mobile/Reports/recordings - ( 1.10.2 )/20190619_153658/1560977054549.png, /Users/sumankompelly/Relative xpath-Mobile/Reports/recordings - ( 1.10.2 )/20190619_153658/1560977096408.png"/>
         <property name="hostName" value="sumankompelly - 10.0.126.233"/>
         <property name="os" value="Mac OS X 64bit"/>
         <property name="katalonVersion" value="5.10.1.1"/>
         <property name="browser" value="Chrome 76.0.3809.25"/>
         <property name="hostAddress" value="10.0.126.233"/>
         <property name="sessionId" value="7ef4fba6e049224496720e6be80bbce2629438fa"/>
         <property name="seleniumVersion" value="3.7.1"/>
         <property name="proxyInformation" value="ProxyInformation{proxyOption=NO_PROXY, proxyServerType=HTTP, password=, proxyServerAddress=, proxyServerPort=0}"/>
         <property name="platform" value="Mac OS X"/>
      </properties>
      <testcase name="Test Cases/OCS - MOBILE/OCS- CRITICAL PATH/Cart flyout- increase qty" classname="Test Cases/OCS - MOBILE/OCS- CRITICAL PATH/Cart flyout- increase qty" status="PASSED">
         <system-out><![CDATA[2019-06-19 15:37:00 - [TEST_CASE][PASSED] - Test Cases/OCS - MOBILE/OCS- CRITICAL PATH/Cart flyout- increase qty: Test Cases/OCS - MOBILE/OCS- CRITICAL PATH/Cart flyout- increase qty

2019-06-19 15:37:01 - [TEST_STEP][PASSED] - callTestCase(findTestCase("OCS - MOBILE/CALL - AGE GATE"), [:], STOP_ON_FAILURE): Call Test Case 'Test Cases/OCS - MOBILE/CALL - AGE GATE' successfully

2019-06-19 15:37:01 - [TEST_CASE][PASSED] - Test Cases/OCS - MOBILE/CALL - AGE GATE: Test Cases/OCS - MOBILE/CALL - AGE GATE

2019-06-19 15:37:01 - [TEST_STEP][PASSED] - openBrowser(""): Browser is opened with url: ''

2019-06-19 15:37:01 - [MESSAGE][INFO] - Starting 'Remote' driver

2019-06-19 15:37:01 - [MESSAGE][INFO] - User set preference: ['os', 'OS X']

2019-06-19 15:37:01 - [MESSAGE][INFO] - User set preference: ['os_version', 'High Sierra']

2019-06-19 15:37:01 - [MESSAGE][INFO] - User set preference: ['browser', 'Chrome']

2019-06-19 15:37:01 - [MESSAGE][INFO] - User set preference: ['browser_version', '76.0 beta']

2019-06-19 15:37:01 - [MESSAGE][INFO] - User set preference: ['browserstack.local', 'false']

2019-06-19 15:37:01 - [MESSAGE][INFO] - Connecting to remote web server 'https://dianatest3:Z3oqw9ysqTeRQJq5wFCp@hub-cloud.browserstack.com/wd/hub' with type 'Selenium'

2019-06-19 15:37:01 - [MESSAGE][INFO] - Action delay is set to 0 seconds

2019-06-19 15:37:06 - [MESSAGE][PASSED] - Browser is opened with url: ''

2019-06-19 15:37:06 - [TEST_STEP][PASSED] - navigateToUrl("https://ocs.ca/?fts=0&preview_theme_id=72920106828"): Navigate to 'https://ocs.ca/?fts=0&preview_theme_id=72920106828' successfully

2019-06-19 15:37:12 - [MESSAGE][PASSED] - Navigate to 'https://ocs.ca/?fts=0&preview_theme_id=72920106828' successfully

2019-06-19 15:37:12 - [TEST_STEP][PASSED] - executeJavaScript("var previewBar = document.getElementById("preview-bar-iframe"); previewBar.style.display = "none";", []): Execute JavaScript 'var previewBar = document.getElementById("preview-bar-iframe"); previewBar.style.display = "none";' successfully

2019-06-19 15:37:12 - [MESSAGE][PASSED] - Execute JavaScript 'var previewBar = document.getElementById("preview-bar-iframe"); previewBar.style.display = "none";' successfully

2019-06-19 15:37:12 - [TEST_STEP][PASSED] - setViewPortSize(360, 800): Viewport is set to new size with width = 360 and height = 800

2019-06-19 15:37:12 - [MESSAGE][PASSED] - Viewport is set to new size with width = 360 and height = 800

2019-06-19 15:37:12 - [TEST_STEP][PASSED] - delay(4): Delayed 4 second(s)

2019-06-19 15:37:16 - [MESSAGE][PASSED] - Delayed 4 second(s)

2019-06-19 15:37:16 - [TEST_STEP][PASSED] - selectOptionByValue(findTestObject("OCS-MOBILE /Age gate and burger menu/Date"), "12", true): All options with value '12' are selected in object 'Object Repository/OCS-MOBILE /Age gate and burger menu/Date'  using regular expression

2019-06-19 15:37:21 - [MESSAGE][PASSED] - All options with value '12' are selected in object 'Object Repository/OCS-MOBILE /Age gate and burger menu/Date'  using regular expression

2019-06-19 15:37:21 - [TEST_STEP][PASSED] - selectOptionByValue(findTestObject("OCS-MOBILE /Age gate and burger menu/month"), "6", true): All options with value '6' are selected in object 'Object Repository/OCS-MOBILE /Age gate and burger menu/month'  using regular expression

2019-06-19 15:37:23 - [MESSAGE][PASSED] - All options with value '6' are selected in object 'Object Repository/OCS-MOBILE /Age gate and burger menu/month'  using regular expression

2019-06-19 15:37:23 - [TEST_STEP][PASSED] - delay(2): Delayed 2 second(s)

2019-06-19 15:37:25 - [MESSAGE][PASSED] - Delayed 2 second(s)

2019-06-19 15:37:25 - [TEST_STEP][PASSED] - selectOptionByValue(findTestObject("OCS-MOBILE /Age gate and burger menu/Year Dropdown"), "1990", true): All options with value '1990' are selected in object 'Object Repository/OCS-MOBILE /Age gate and burger menu/Year Dropdown'  using regular expression

2019-06-19 15:37:39 - [MESSAGE][PASSED] - All options with value '1990' are selected in object 'Object Repository/OCS-MOBILE /Age gate and burger menu/Year Dropdown'  using regular expression

2019-06-19 15:37:39 - [TEST_STEP][PASSED] - click(findTestObject("OCS-MOBILE /Age gate and Mega menu/button_Verify")): Object: 'Object Repository/OCS-MOBILE /Age gate and Mega menu/button_Verify' is clicked on

2019-06-19 15:37:39 - [MESSAGE][PASSED] - Object: 'Object Repository/OCS-MOBILE /Age gate and Mega menu/button_Verify' is clicked on

2019-06-19 15:37:39 - [TEST_STEP][PASSED] - click(findTestObject("OCS-MOBILE /Age gate and Mega menu/Checkbox_CONFIRM AND ACKNOWLEDGE")): Object: 'Object Repository/OCS-MOBILE /Age gate and Mega menu/Checkbox_CONFIRM AND ACKNOWLEDGE' is clicked on

2019-06-19 15:37:40 - [MESSAGE][PASSED] - Object: 'Object Repository/OCS-MOBILE /Age gate and Mega menu/Checkbox_CONFIRM AND ACKNOWLEDGE' is clicked on

2019-06-19 15:37:40 - [TEST_STEP][PASSED] - click(findTestObject("OCS-MOBILE /Age gate and Mega menu/button_CONFIRM")): Object: 'Object Repository/OCS-MOBILE /Age gate and Mega menu/button_CONFIRM' is clicked on

2019-06-19 15:37:40 - [MESSAGE][PASSED] - Object: 'Object Repository/OCS-MOBILE /Age gate and Mega menu/button_CONFIRM' is clicked on

2019-06-19 15:37:40 - [TEST_STEP][PASSED] - click(findTestObject("OCS-MOBILE /Age gate and Mega menu/button_Start Browsing")): Object: 'Object Repository/OCS-MOBILE /Age gate and Mega menu/button_Start Browsing' is clicked on

2019-06-19 15:37:40 - [MESSAGE][PASSED] - Object: 'Object Repository/OCS-MOBILE /Age gate and Mega menu/button_Start Browsing' is clicked on

2019-06-19 15:37:40 - [TEST_STEP][PASSED] - refresh(): Refresh successfully

2019-06-19 15:37:40 - [MESSAGE][PASSED] - Refresh successfully

2019-06-19 15:37:40 - [TEST_STEP][PASSED] - executeJavaScript("var previewBar = document.getElementById("preview-bar-iframe"); previewBar.style.display = "none";", []): Execute JavaScript 'var previewBar = document.getElementById("preview-bar-iframe"); previewBar.style.display = "none";' successfully

2019-06-19 15:37:44 - [MESSAGE][PASSED] - Execute JavaScript 'var previewBar = document.getElementById("preview-bar-iframe"); previewBar.style.display = "none";' successfully

2019-06-19 15:37:44 - [MESSAGE][PASSED] - Call Test Case 'Test Cases/OCS - MOBILE/CALL - AGE GATE' successfully

2019-06-19 15:37:44 - [TEST_STEP][PASSED] - delay(2): Delayed 2 second(s)

2019-06-19 15:37:46 - [MESSAGE][PASSED] - Delayed 2 second(s)

2019-06-19 15:37:46 - [TEST_STEP][PASSED] - click(findTestObject("OCS-MOBILE /Age gate and burger menu/Burger menu - English")): Object: 'Object Repository/OCS-MOBILE /Age gate and burger menu/Burger menu - English' is clicked on

2019-06-19 15:37:46 - [MESSAGE][PASSED] - Object: 'Object Repository/OCS-MOBILE /Age gate and burger menu/Burger menu - English' is clicked on

2019-06-19 15:37:46 - [TEST_STEP][PASSED] - delay(2): Delayed 2 second(s)

2019-06-19 15:37:48 - [MESSAGE][PASSED] - Delayed 2 second(s)

2019-06-19 15:37:48 - [TEST_STEP][PASSED] - click(findTestObject("OCS-MOBILE /Age gate and burger menu/Chevron_Cannabis")): Object: 'Object Repository/OCS-MOBILE /Age gate and burger menu/Chevron_Cannabis' is clicked on

2019-06-19 15:37:48 - [MESSAGE][PASSED] - Object: 'Object Repository/OCS-MOBILE /Age gate and burger menu/Chevron_Cannabis' is clicked on

2019-06-19 15:37:48 - [TEST_STEP][PASSED] - delay(2): Delayed 2 second(s)

2019-06-19 15:37:50 - [MESSAGE][PASSED] - Delayed 2 second(s)

2019-06-19 15:37:50 - [TEST_STEP][PASSED] - click(findTestObject("OCS-MOBILE /Age gate and burger menu/Dried Flower_Plus icon")): Object: 'Object Repository/OCS-MOBILE /Age gate and burger menu/Dried Flower_Plus icon' is clicked on

2019-06-19 15:37:51 - [MESSAGE][PASSED] - Object: 'Object Repository/OCS-MOBILE /Age gate and burger menu/Dried Flower_Plus icon' is clicked on

2019-06-19 15:37:51 - [TEST_STEP][PASSED] - delay(2): Delayed 2 second(s)

2019-06-19 15:37:53 - [MESSAGE][PASSED] - Delayed 2 second(s)

2019-06-19 15:37:53 - [TEST_STEP][PASSED] - click(findTestObject("OCS-MOBILE /Age gate and burger menu/Indica Dominant_Menu item")): Object: 'Object Repository/OCS-MOBILE /Age gate and burger menu/Indica Dominant_Menu item' is clicked on

2019-06-19 15:37:56 - [MESSAGE][PASSED] - Object: 'Object Repository/OCS-MOBILE /Age gate and burger menu/Indica Dominant_Menu item' is clicked on

2019-06-19 15:37:56 - [TEST_STEP][PASSED] - delay(2): Delayed 2 second(s)

2019-06-19 15:37:58 - [MESSAGE][PASSED] - Delayed 2 second(s)

2019-06-19 15:37:58 - [TEST_STEP][PASSED] - executeJavaScript("var previewBar = document.getElementById("preview-bar-iframe"); previewBar.style.display = "none";", []): Execute JavaScript 'var previewBar = document.getElementById("preview-bar-iframe"); previewBar.style.display = "none";' successfully

2019-06-19 15:37:58 - [MESSAGE][PASSED] - Execute JavaScript 'var previewBar = document.getElementById("preview-bar-iframe"); previewBar.style.display = "none";' successfully

2019-06-19 15:37:58 - [TEST_STEP][PASSED] - click(findTestObject("OCS-MOBILE /Collection page/Product image - 1st one")): Object: 'Object Repository/OCS-MOBILE /Collection page/Product image - 1st one' is clicked on

2019-06-19 15:38:02 - [MESSAGE][PASSED] - Object: 'Object Repository/OCS-MOBILE /Collection page/Product image - 1st one' is clicked on

2019-06-19 15:38:02 - [TEST_STEP][PASSED] - executeJavaScript("var previewBar = document.getElementById("preview-bar-iframe"); previewBar.style.display = "none";", []): Execute JavaScript 'var previewBar = document.getElementById("preview-bar-iframe"); previewBar.style.display = "none";' successfully

2019-06-19 15:38:02 - [MESSAGE][PASSED] - Execute JavaScript 'var previewBar = document.getElementById("preview-bar-iframe"); previewBar.style.display = "none";' successfully

2019-06-19 15:38:02 - [TEST_STEP][NOT_RUN] - scrollToElement(findTestObject("OCS-MOBILE /Product page/Product image"), 1): NOT_RUN: scrollToElement(findTestObject("OCS-MOBILE /Product page/Product image"), 1)

2019-06-19 15:38:02 - [MESSAGE][NOT_RUN] - NOT_RUN: scrollToElement(findTestObject("OCS-MOBILE /Product page/Product image"), 1)

2019-06-19 15:38:02 - [TEST_STEP][PASSED] - delay(2): Delayed 2 second(s)

2019-06-19 15:38:04 - [MESSAGE][PASSED] - Delayed 2 second(s)

2019-06-19 15:38:04 - [TEST_STEP][PASSED] - flag = verifyElementClickable(findTestObject("OCS-MOBILE /Product page/Swatch_3.5g")): Object 'Object Repository/OCS-MOBILE /Product page/Swatch_3.5g' is clickable

2019-06-19 15:38:04 - [MESSAGE][PASSED] - Object 'Object Repository/OCS-MOBILE /Product page/Swatch_3.5g' is clickable

2019-06-19 15:38:04 - [TEST_STEP][PASSED] - comment(" flag =" + flag):  flag =true

2019-06-19 15:38:04 - [MESSAGE][INFO] -  flag =true

2019-06-19 15:38:04 - [TEST_STEP][PASSED] - if (flag == true): Delayed 2 second(s)

2019-06-19 15:38:04 - [TEST_STEP][PASSED] - click(findTestObject("OCS-MOBILE /Product page/Swatch_1g"), STOP_ON_FAILURE): Object: 'Object Repository/OCS-MOBILE /Product page/Swatch_1g' is clicked on

2019-06-19 15:38:04 - [MESSAGE][PASSED] - Object: 'Object Repository/OCS-MOBILE /Product page/Swatch_1g' is clicked on

2019-06-19 15:38:04 - [TEST_STEP][PASSED] - delay(2): Delayed 2 second(s)

2019-06-19 15:38:06 - [MESSAGE][PASSED] - Delayed 2 second(s)

2019-06-19 15:38:06 - [TEST_STEP][PASSED] - click(findTestObject("OCS-MOBILE /Product page/Quantity Increase - Button")): Object: 'Object Repository/OCS-MOBILE /Product page/Quantity Increase - Button' is clicked on

2019-06-19 15:38:06 - [MESSAGE][PASSED] - Object: 'Object Repository/OCS-MOBILE /Product page/Quantity Increase - Button' is clicked on

2019-06-19 15:38:06 - [TEST_STEP][PASSED] - delay(2): Delayed 2 second(s)

2019-06-19 15:38:08 - [MESSAGE][PASSED] - Delayed 2 second(s)

2019-06-19 15:38:08 - [TEST_STEP][PASSED] - click(findTestObject("OCS-MOBILE /Product page/Add to Bag-button")): Object: 'Object Repository/OCS-MOBILE /Product page/Add to Bag-button' is clicked on

2019-06-19 15:38:09 - [MESSAGE][PASSED] - Object: 'Object Repository/OCS-MOBILE /Product page/Add to Bag-button' is clicked on

2019-06-19 15:38:09 - [TEST_STEP][PASSED] - delay(1): Delayed 1 second(s)

2019-06-19 15:38:10 - [MESSAGE][PASSED] - Delayed 1 second(s)

2019-06-19 15:38:10 - [TEST_STEP][NOT_RUN] - click(findTestObject("OCS-MOBILE /Home - page/Cart icon -bag")): NOT_RUN: click(findTestObject("OCS-MOBILE /Home - page/Cart icon -bag"))

2019-06-19 15:38:10 - [MESSAGE][NOT_RUN] - NOT_RUN: click(findTestObject("OCS-MOBILE /Home - page/Cart icon -bag"))

2019-06-19 15:38:10 - [TEST_STEP][PASSED] - delay(2): Delayed 2 second(s)

2019-06-19 15:38:12 - [MESSAGE][PASSED] - Delayed 2 second(s)

2019-06-19 15:38:12 - [TEST_STEP][PASSED] - click(findTestObject("OCS-MOBILE /Cart flyout/Quantity increase - Product")): Object: 'Object Repository/OCS-MOBILE /Cart flyout/Quantity increase - Product' is clicked on

2019-06-19 15:38:12 - [MESSAGE][PASSED] - Object: 'Object Repository/OCS-MOBILE /Cart flyout/Quantity increase - Product' is clicked on

2019-06-19 15:38:12 - [TEST_STEP][PASSED] - delay(2): Delayed 2 second(s)

2019-06-19 15:38:14 - [MESSAGE][PASSED] - Delayed 2 second(s)

2019-06-19 15:38:14 - [TEST_STEP][PASSED] - click(findTestObject("OCS-MOBILE /Cart flyout/Quantity increase - Product")): Object: 'Object Repository/OCS-MOBILE /Cart flyout/Quantity increase - Product' is clicked on

2019-06-19 15:38:14 - [MESSAGE][PASSED] - Object: 'Object Repository/OCS-MOBILE /Cart flyout/Quantity increase - Product' is clicked on

2019-06-19 15:38:14 - [TEST_STEP][PASSED] - delay(2): Delayed 2 second(s)

2019-06-19 15:38:16 - [MESSAGE][PASSED] - Delayed 2 second(s)

2019-06-19 15:38:16 - [TEST_STEP][PASSED] - a = getText(findTestObject("OCS-MOBILE /Cart flyout/Unit price - Product")): Text of object 'Object Repository/OCS-MOBILE /Cart flyout/Unit price - Product' is: '$41.00'

2019-06-19 15:38:16 - [MESSAGE][PASSED] - Text of object 'Object Repository/OCS-MOBILE /Cart flyout/Unit price - Product' is: '$41.00'

2019-06-19 15:38:16 - [TEST_STEP][PASSED] - comment(a): $41.00

2019-06-19 15:38:16 - [MESSAGE][INFO] - $41.00

2019-06-19 15:38:16 - [TEST_STEP][PASSED] - b = a.substring(1): null

2019-06-19 15:38:16 - [TEST_STEP][PASSED] - comment(b): 41.00

2019-06-19 15:38:16 - [MESSAGE][INFO] - 41.00

2019-06-19 15:38:16 - [TEST_STEP][PASSED] - setText(findTestObject("OCS-MOBILE /Cart flyout/input_-_updates"), "3"): Text '3' is set on object 'Object Repository/OCS-MOBILE /Cart flyout/input_-_updates'

2019-06-19 15:38:17 - [MESSAGE][PASSED] - Text '3' is set on object 'Object Repository/OCS-MOBILE /Cart flyout/input_-_updates'

2019-06-19 15:38:17 - [TEST_STEP][PASSED] - delay(2): Delayed 2 second(s)

2019-06-19 15:38:19 - [MESSAGE][PASSED] - Delayed 2 second(s)

2019-06-19 15:38:19 - [TEST_STEP][PASSED] - click(findTestObject("OCS-MOBILE /Cart flyout/i_-_icon--plus")): Object: 'Object Repository/OCS-MOBILE /Cart flyout/i_-_icon--plus' is clicked on

2019-06-19 15:38:19 - [MESSAGE][PASSED] - Object: 'Object Repository/OCS-MOBILE /Cart flyout/i_-_icon--plus' is clicked on

2019-06-19 15:38:19 - [TEST_STEP][PASSED] - delay(2): Delayed 2 second(s)

2019-06-19 15:38:21 - [MESSAGE][PASSED] - Delayed 2 second(s)

2019-06-19 15:38:21 - [TEST_STEP][PASSED] - click(findTestObject("OCS-MOBILE /Cart flyout/i_-_icon--plus")): Object: 'Object Repository/OCS-MOBILE /Cart flyout/i_-_icon--plus' is clicked on

2019-06-19 15:38:21 - [MESSAGE][PASSED] - Object: 'Object Repository/OCS-MOBILE /Cart flyout/i_-_icon--plus' is clicked on

2019-06-19 15:38:21 - [TEST_STEP][PASSED] - delay(2): Delayed 2 second(s)

2019-06-19 15:38:23 - [MESSAGE][PASSED] - Delayed 2 second(s)

2019-06-19 15:38:23 - [TEST_STEP][PASSED] - click(findTestObject("OCS-MOBILE /Cart flyout/i_-_icon--plus")): Object: 'Object Repository/OCS-MOBILE /Cart flyout/i_-_icon--plus' is clicked on

2019-06-19 15:38:23 - [MESSAGE][PASSED] - Object: 'Object Repository/OCS-MOBILE /Cart flyout/i_-_icon--plus' is clicked on

2019-06-19 15:38:23 - [TEST_STEP][PASSED] - delay(2): Delayed 2 second(s)

2019-06-19 15:38:25 - [MESSAGE][PASSED] - Delayed 2 second(s)

2019-06-19 15:38:25 - [TEST_STEP][PASSED] - c = getText(findTestObject("OCS-MOBILE /Cart flyout/Unit price - Product")): Text of object 'Object Repository/OCS-MOBILE /Cart flyout/Unit price - Product' is: '$61.50'

2019-06-19 15:38:26 - [MESSAGE][PASSED] - Text of object 'Object Repository/OCS-MOBILE /Cart flyout/Unit price - Product' is: '$61.50'

2019-06-19 15:38:26 - [TEST_STEP][PASSED] - comment(c): $61.50

2019-06-19 15:38:26 - [MESSAGE][INFO] - $61.50

2019-06-19 15:38:26 - [TEST_STEP][PASSED] - d = c.substring(1): null

2019-06-19 15:38:26 - [TEST_STEP][PASSED] - comment(d): 61.50

2019-06-19 15:38:26 - [MESSAGE][INFO] - 61.50

2019-06-19 15:38:26 - [TEST_STEP][PASSED] - verifyNotEqual("b", "d"): Actual object 'b' and expected object 'd' are not equal

2019-06-19 15:38:26 - [MESSAGE][PASSED] - Actual object 'b' and expected object 'd' are not equal

2019-06-19 15:38:26 - [TEST_STEP][PASSED] - comment(" price changed . Quantity selector is working"):  price changed . Quantity selector is working

2019-06-19 15:38:26 - [MESSAGE][INFO] -  price changed . Quantity selector is working]]></system-out>
         <system-err><![CDATA[]]></system-err>
      </testcase>
      <testcase name="Test Cases/OCS - MOBILE/OCS- CRITICAL PATH/Cart flyout- decrease qty" classname="Test Cases/OCS - MOBILE/OCS- CRITICAL PATH/Cart flyout- decrease qty" status="FAILED">
         <failure type="FAILED" message="Test Cases/OCS - MOBILE/OCS- CRITICAL PATH/Cart flyout- decrease qty FAILED.
Reason:
com.kms.katalon.core.exception.StepFailedException: Unable to click on object 'Object Repository/OCS-MOBILE /Collection page/Product image - 1st one' (Root cause: org.openqa.selenium.WebDriverException: element click intercepted: Element &lt;div class=&quot;product-tile__image&quot;>...&lt;/div> is not clickable at point (150, 544). Other element would receive the click: &lt;iframe title=&quot;Preview Bar&quot; id=&quot;preview-bar-iframe&quot; src=&quot;https://ocs.ca/preview_bar&quot; sandbox=&quot;allow-same-origin allow-scripts&quot; style=&quot;position: fixed; bottom: 0px; left: 0px; z-index: 2147483647; width: 100%; border: none; box-shadow: rgba(0, 0, 0, 0.2) 0px -1px 3px; overflow: hidden; transform: translateY(0px); transition: transform 300ms ease 0s; height: 92px;&quot;>&lt;/iframe>
  (Session info: chrome=76.0.3809.25)
  (Driver info: chromedriver=76.0.3809.25 (a0c95f440512e06df1c9c206f2d79cc20be18bb1-refs/branch-heads/3809@{#271}),platform=Mac OS X 10.13.6 x86_64) (WARNING: The server did not provide any stacktrace information)
Command duration or timeout: 59 milliseconds
Build info: version: '2.53.0', revision: '35ae25b', time: '2016-03-15 17:00:58'
System info: host: 'mac-207-254-12-176.browserstack.com', ip: '207.254.12.176', os.name: 'Mac OS X', os.arch: 'x86_64', os.version: '10.13.6', java.version: '1.8.0_51'
Driver info: org.openqa.selenium.chrome.ChromeDriver
Capabilities [{mobileEmulationEnabled=false, timeouts={implicit=0, pageLoad=300000, script=30000}, hasTouchScreen=false, platform=MAC, acceptSslCerts=false, goog:chromeOptions={debuggerAddress=localhost:58842}, acceptInsecureCerts=false, webStorageEnabled=true, browserName=chrome, takesScreenshot=true, javascriptEnabled=true, setWindowRect=true, unexpectedAlertBehaviour=ignore, applicationCacheEnabled=false, rotatable=false, networkConnectionEnabled=false, chrome={chromedriverVersion=76.0.3809.25 (a0c95f440512e06df1c9c206f2d79cc20be18bb1-refs/branch-heads/3809@{#271}), userDataDir=/var/folders/3y/zz_w6_s56sl__vcrf3r5bhzr0000hr/T/.com.google.Chrome.D7x9Xk}, takesHeapSnapshot=true, pageLoadStrategy=normal, strictFileInteractability=false, databaseEnabled=false, handlesAlerts=true, version=76.0.3809.25, browserConnectionEnabled=false, proxy={}, nativeEvents=true, locationContextEnabled=true, cssSelectorsEnabled=true}]
Session ID: d0cb4a641e2aceb913e590973503376a
Command duration or timeout: 0 milliseconds)
	at com.kms.katalon.core.keyword.internal.KeywordMain.stepFailed(KeywordMain.groovy:36)
	at com.kms.katalon.core.webui.keyword.internal.WebUIKeywordMain.stepFailed(WebUIKeywordMain.groovy:65)
	at com.kms.katalon.core.webui.keyword.internal.WebUIKeywordMain.runKeyword(WebUIKeywordMain.groovy:27)
	at com.kms.katalon.core.webui.keyword.builtin.ClickKeyword.click(ClickKeyword.groovy:86)
	at com.kms.katalon.core.webui.keyword.builtin.ClickKeyword.execute(ClickKeyword.groovy:67)
	at com.kms.katalon.core.keyword.internal.KeywordExecutor.executeKeywordForPlatform(KeywordExecutor.groovy:53)
	at com.kms.katalon.core.webui.keyword.WebUiBuiltInKeywords.click(WebUiBuiltInKeywords.groovy:616)
	at com.kms.katalon.core.webui.keyword.WebUiBuiltInKeywords$click$4.call(Unknown Source)
	at Cart flyout- decrease qty.run(Cart flyout- decrease qty:36)
	at com.kms.katalon.core.main.ScriptEngine.run(ScriptEngine.java:194)
	at com.kms.katalon.core.main.ScriptEngine.runScriptAsRawText(ScriptEngine.java:119)
	at com.kms.katalon.core.main.TestCaseExecutor.runScript(TestCaseExecutor.java:328)
	at com.kms.katalon.core.main.TestCaseExecutor.doExecute(TestCaseExecutor.java:319)
	at com.kms.katalon.core.main.TestCaseExecutor.processExecutionPhase(TestCaseExecutor.java:298)
	at com.kms.katalon.core.main.TestCaseExecutor.accessMainPhase(TestCaseExecutor.java:290)
	at com.kms.katalon.core.main.TestCaseExecutor.execute(TestCaseExecutor.java:224)
	at com.kms.katalon.core.main.TestSuiteExecutor.accessTestCaseMainPhase(TestSuiteExecutor.java:129)
	at com.kms.katalon.core.main.TestSuiteExecutor.accessTestSuiteMainPhase(TestSuiteExecutor.java:112)
	at com.kms.katalon.core.main.TestSuiteExecutor.execute(TestSuiteExecutor.java:81)
	at com.kms.katalon.core.main.TestCaseMain.startTestSuite(TestCaseMain.java:149)
	at com.kms.katalon.core.main.TestCaseMain$startTestSuite$0.call(Unknown Source)
	at TempTestSuite1560973018737.run(TempTestSuite1560973018737.groovy:36)
"/>
         <system-out><![CDATA[2019-06-19 15:38:26 - [TEST_CASE][FAILED] - Test Cases/OCS - MOBILE/OCS- CRITICAL PATH/Cart flyout- decrease qty: Test Cases/OCS - MOBILE/OCS- CRITICAL PATH/Cart flyout- decrease qty FAILED.
Reason:
com.kms.katalon.core.exception.StepFailedException: Unable to click on object 'Object Repository/OCS-MOBILE /Collection page/Product image - 1st one' (Root cause: org.openqa.selenium.WebDriverException: element click intercepted: Element <div class="product-tile__image">...</div> is not clickable at point (150, 544). Other element would receive the click: <iframe title="Preview Bar" id="preview-bar-iframe" src="https://ocs.ca/preview_bar" sandbox="allow-same-origin allow-scripts" style="position: fixed; bottom: 0px; left: 0px; z-index: 2147483647; width: 100%; border: none; box-shadow: rgba(0, 0, 0, 0.2) 0px -1px 3px; overflow: hidden; transform: translateY(0px); transition: transform 300ms ease 0s; height: 92px;"></iframe>
  (Session info: chrome=76.0.3809.25)
  (Driver info: chromedriver=76.0.3809.25 (a0c95f440512e06df1c9c206f2d79cc20be18bb1-refs/branch-heads/3809@{#271}),platform=Mac OS X 10.13.6 x86_64) (WARNING: The server did not provide any stacktrace information)
Command duration or timeout: 59 milliseconds
Build info: version: '2.53.0', revision: '35ae25b', time: '2016-03-15 17:00:58'
System info: host: 'mac-207-254-12-176.browserstack.com', ip: '207.254.12.176', os.name: 'Mac OS X', os.arch: 'x86_64', os.version: '10.13.6', java.version: '1.8.0_51'
Driver info: org.openqa.selenium.chrome.ChromeDriver
Capabilities [{mobileEmulationEnabled=false, timeouts={implicit=0, pageLoad=300000, script=30000}, hasTouchScreen=false, platform=MAC, acceptSslCerts=false, goog:chromeOptions={debuggerAddress=localhost:58842}, acceptInsecureCerts=false, webStorageEnabled=true, browserName=chrome, takesScreenshot=true, javascriptEnabled=true, setWindowRect=true, unexpectedAlertBehaviour=ignore, applicationCacheEnabled=false, rotatable=false, networkConnectionEnabled=false, chrome={chromedriverVersion=76.0.3809.25 (a0c95f440512e06df1c9c206f2d79cc20be18bb1-refs/branch-heads/3809@{#271}), userDataDir=/var/folders/3y/zz_w6_s56sl__vcrf3r5bhzr0000hr/T/.com.google.Chrome.D7x9Xk}, takesHeapSnapshot=true, pageLoadStrategy=normal, strictFileInteractability=false, databaseEnabled=false, handlesAlerts=true, version=76.0.3809.25, browserConnectionEnabled=false, proxy={}, nativeEvents=true, locationContextEnabled=true, cssSelectorsEnabled=true}]
Session ID: d0cb4a641e2aceb913e590973503376a
Command duration or timeout: 0 milliseconds)
	at com.kms.katalon.core.keyword.internal.KeywordMain.stepFailed(KeywordMain.groovy:36)
	at com.kms.katalon.core.webui.keyword.internal.WebUIKeywordMain.stepFailed(WebUIKeywordMain.groovy:65)
	at com.kms.katalon.core.webui.keyword.internal.WebUIKeywordMain.runKeyword(WebUIKeywordMain.groovy:27)
	at com.kms.katalon.core.webui.keyword.builtin.ClickKeyword.click(ClickKeyword.groovy:86)
	at com.kms.katalon.core.webui.keyword.builtin.ClickKeyword.execute(ClickKeyword.groovy:67)
	at com.kms.katalon.core.keyword.internal.KeywordExecutor.executeKeywordForPlatform(KeywordExecutor.groovy:53)
	at com.kms.katalon.core.webui.keyword.WebUiBuiltInKeywords.click(WebUiBuiltInKeywords.groovy:616)
	at com.kms.katalon.core.webui.keyword.WebUiBuiltInKeywords$click$4.call(Unknown Source)
	at Cart flyout- decrease qty.run(Cart flyout- decrease qty:36)
	at com.kms.katalon.core.main.ScriptEngine.run(ScriptEngine.java:194)
	at com.kms.katalon.core.main.ScriptEngine.runScriptAsRawText(ScriptEngine.java:119)
	at com.kms.katalon.core.main.TestCaseExecutor.runScript(TestCaseExecutor.java:328)
	at com.kms.katalon.core.main.TestCaseExecutor.doExecute(TestCaseExecutor.java:319)
	at com.kms.katalon.core.main.TestCaseExecutor.processExecutionPhase(TestCaseExecutor.java:298)
	at com.kms.katalon.core.main.TestCaseExecutor.accessMainPhase(TestCaseExecutor.java:290)
	at com.kms.katalon.core.main.TestCaseExecutor.execute(TestCaseExecutor.java:224)
	at com.kms.katalon.core.main.TestSuiteExecutor.accessTestCaseMainPhase(TestSuiteExecutor.java:129)
	at com.kms.katalon.core.main.TestSuiteExecutor.accessTestSuiteMainPhase(TestSuiteExecutor.java:112)
	at com.kms.katalon.core.main.TestSuiteExecutor.execute(TestSuiteExecutor.java:81)
	at com.kms.katalon.core.main.TestCaseMain.startTestSuite(TestCaseMain.java:149)
	at com.kms.katalon.core.main.TestCaseMain$startTestSuite$0.call(Unknown Source)
	at TempTestSuite1560973018737.run(TempTestSuite1560973018737.groovy:36)


2019-06-19 15:38:26 - [TEST_STEP][PASSED] - callTestCase(findTestCase("OCS - MOBILE/CALL - AGE GATE"), [:], STOP_ON_FAILURE): Call Test Case 'Test Cases/OCS - MOBILE/CALL - AGE GATE' successfully

2019-06-19 15:38:26 - [TEST_CASE][PASSED] - Test Cases/OCS - MOBILE/CALL - AGE GATE: Test Cases/OCS - MOBILE/CALL - AGE GATE

2019-06-19 15:38:26 - [TEST_STEP][PASSED] - openBrowser(""): Browser is opened with url: ''

2019-06-19 15:38:26 - [MESSAGE][WARNING] - A browser is already opened. Closing browser and opening a new one

2019-06-19 15:38:26 - [MESSAGE][INFO] - Starting 'Remote' driver

2019-06-19 15:38:26 - [MESSAGE][INFO] - User set preference: ['os', 'OS X']

2019-06-19 15:38:26 - [MESSAGE][INFO] - User set preference: ['os_version', 'High Sierra']

2019-06-19 15:38:26 - [MESSAGE][INFO] - User set preference: ['browser', 'Chrome']

2019-06-19 15:38:26 - [MESSAGE][INFO] - User set preference: ['browser_version', '76.0 beta']

2019-06-19 15:38:26 - [MESSAGE][INFO] - User set preference: ['browserstack.local', 'false']

2019-06-19 15:38:26 - [MESSAGE][INFO] - Connecting to remote web server 'https://dianatest3:Z3oqw9ysqTeRQJq5wFCp@hub-cloud.browserstack.com/wd/hub' with type 'Selenium'

2019-06-19 15:38:31 - [MESSAGE][PASSED] - Browser is opened with url: ''

2019-06-19 15:38:31 - [TEST_STEP][PASSED] - navigateToUrl("https://ocs.ca/?fts=0&preview_theme_id=72920106828"): Navigate to 'https://ocs.ca/?fts=0&preview_theme_id=72920106828' successfully

2019-06-19 15:38:37 - [MESSAGE][PASSED] - Navigate to 'https://ocs.ca/?fts=0&preview_theme_id=72920106828' successfully

2019-06-19 15:38:37 - [TEST_STEP][PASSED] - executeJavaScript("var previewBar = document.getElementById("preview-bar-iframe"); previewBar.style.display = "none";", []): Execute JavaScript 'var previewBar = document.getElementById("preview-bar-iframe"); previewBar.style.display = "none";' successfully

2019-06-19 15:38:37 - [MESSAGE][PASSED] - Execute JavaScript 'var previewBar = document.getElementById("preview-bar-iframe"); previewBar.style.display = "none";' successfully

2019-06-19 15:38:37 - [TEST_STEP][PASSED] - setViewPortSize(360, 800): Viewport is set to new size with width = 360 and height = 800

2019-06-19 15:38:37 - [MESSAGE][PASSED] - Viewport is set to new size with width = 360 and height = 800

2019-06-19 15:38:37 - [TEST_STEP][PASSED] - delay(4): Delayed 4 second(s)

2019-06-19 15:38:41 - [MESSAGE][PASSED] - Delayed 4 second(s)

2019-06-19 15:38:41 - [TEST_STEP][PASSED] - selectOptionByValue(findTestObject("OCS-MOBILE /Age gate and burger menu/Date"), "12", true): All options with value '12' are selected in object 'Object Repository/OCS-MOBILE /Age gate and burger menu/Date'  using regular expression

2019-06-19 15:38:45 - [MESSAGE][PASSED] - All options with value '12' are selected in object 'Object Repository/OCS-MOBILE /Age gate and burger menu/Date'  using regular expression

2019-06-19 15:38:45 - [TEST_STEP][PASSED] - selectOptionByValue(findTestObject("OCS-MOBILE /Age gate and burger menu/month"), "6", true): All options with value '6' are selected in object 'Object Repository/OCS-MOBILE /Age gate and burger menu/month'  using regular expression

2019-06-19 15:38:48 - [MESSAGE][PASSED] - All options with value '6' are selected in object 'Object Repository/OCS-MOBILE /Age gate and burger menu/month'  using regular expression

2019-06-19 15:38:48 - [TEST_STEP][PASSED] - delay(2): Delayed 2 second(s)

2019-06-19 15:38:50 - [MESSAGE][PASSED] - Delayed 2 second(s)

2019-06-19 15:38:50 - [TEST_STEP][PASSED] - selectOptionByValue(findTestObject("OCS-MOBILE /Age gate and burger menu/Year Dropdown"), "1990", true): All options with value '1990' are selected in object 'Object Repository/OCS-MOBILE /Age gate and burger menu/Year Dropdown'  using regular expression

2019-06-19 15:39:03 - [MESSAGE][PASSED] - All options with value '1990' are selected in object 'Object Repository/OCS-MOBILE /Age gate and burger menu/Year Dropdown'  using regular expression

2019-06-19 15:39:03 - [TEST_STEP][PASSED] - click(findTestObject("OCS-MOBILE /Age gate and Mega menu/button_Verify")): Object: 'Object Repository/OCS-MOBILE /Age gate and Mega menu/button_Verify' is clicked on

2019-06-19 15:39:03 - [MESSAGE][PASSED] - Object: 'Object Repository/OCS-MOBILE /Age gate and Mega menu/button_Verify' is clicked on

2019-06-19 15:39:03 - [TEST_STEP][PASSED] - click(findTestObject("OCS-MOBILE /Age gate and Mega menu/Checkbox_CONFIRM AND ACKNOWLEDGE")): Object: 'Object Repository/OCS-MOBILE /Age gate and Mega menu/Checkbox_CONFIRM AND ACKNOWLEDGE' is clicked on

2019-06-19 15:39:04 - [MESSAGE][PASSED] - Object: 'Object Repository/OCS-MOBILE /Age gate and Mega menu/Checkbox_CONFIRM AND ACKNOWLEDGE' is clicked on

2019-06-19 15:39:04 - [TEST_STEP][PASSED] - click(findTestObject("OCS-MOBILE /Age gate and Mega menu/button_CONFIRM")): Object: 'Object Repository/OCS-MOBILE /Age gate and Mega menu/button_CONFIRM' is clicked on

2019-06-19 15:39:04 - [MESSAGE][PASSED] - Object: 'Object Repository/OCS-MOBILE /Age gate and Mega menu/button_CONFIRM' is clicked on

2019-06-19 15:39:04 - [TEST_STEP][PASSED] - click(findTestObject("OCS-MOBILE /Age gate and Mega menu/button_Start Browsing")): Object: 'Object Repository/OCS-MOBILE /Age gate and Mega menu/button_Start Browsing' is clicked on

2019-06-19 15:39:04 - [MESSAGE][PASSED] - Object: 'Object Repository/OCS-MOBILE /Age gate and Mega menu/button_Start Browsing' is clicked on

2019-06-19 15:39:04 - [TEST_STEP][PASSED] - refresh(): Refresh successfully

2019-06-19 15:39:04 - [MESSAGE][PASSED] - Refresh successfully

2019-06-19 15:39:04 - [TEST_STEP][PASSED] - executeJavaScript("var previewBar = document.getElementById("preview-bar-iframe"); previewBar.style.display = "none";", []): Execute JavaScript 'var previewBar = document.getElementById("preview-bar-iframe"); previewBar.style.display = "none";' successfully

2019-06-19 15:39:08 - [MESSAGE][PASSED] - Execute JavaScript 'var previewBar = document.getElementById("preview-bar-iframe"); previewBar.style.display = "none";' successfully

2019-06-19 15:39:08 - [MESSAGE][PASSED] - Call Test Case 'Test Cases/OCS - MOBILE/CALL - AGE GATE' successfully

2019-06-19 15:39:08 - [TEST_STEP][PASSED] - delay(2): Delayed 2 second(s)

2019-06-19 15:39:10 - [MESSAGE][PASSED] - Delayed 2 second(s)

2019-06-19 15:39:10 - [TEST_STEP][PASSED] - click(findTestObject("OCS-MOBILE /Age gate and burger menu/Burger menu - English")): Object: 'Object Repository/OCS-MOBILE /Age gate and burger menu/Burger menu - English' is clicked on

2019-06-19 15:39:11 - [MESSAGE][PASSED] - Object: 'Object Repository/OCS-MOBILE /Age gate and burger menu/Burger menu - English' is clicked on

2019-06-19 15:39:11 - [TEST_STEP][PASSED] - delay(2): Delayed 2 second(s)

2019-06-19 15:39:13 - [MESSAGE][PASSED] - Delayed 2 second(s)

2019-06-19 15:39:13 - [TEST_STEP][PASSED] - click(findTestObject("OCS-MOBILE /Age gate and burger menu/Chevron_Cannabis")): Object: 'Object Repository/OCS-MOBILE /Age gate and burger menu/Chevron_Cannabis' is clicked on

2019-06-19 15:39:13 - [MESSAGE][PASSED] - Object: 'Object Repository/OCS-MOBILE /Age gate and burger menu/Chevron_Cannabis' is clicked on

2019-06-19 15:39:13 - [TEST_STEP][PASSED] - delay(2): Delayed 2 second(s)

2019-06-19 15:39:15 - [MESSAGE][PASSED] - Delayed 2 second(s)

2019-06-19 15:39:15 - [TEST_STEP][PASSED] - click(findTestObject("OCS-MOBILE /Age gate and burger menu/Dried Flower_Plus icon")): Object: 'Object Repository/OCS-MOBILE /Age gate and burger menu/Dried Flower_Plus icon' is clicked on

2019-06-19 15:39:15 - [MESSAGE][PASSED] - Object: 'Object Repository/OCS-MOBILE /Age gate and burger menu/Dried Flower_Plus icon' is clicked on

2019-06-19 15:39:15 - [TEST_STEP][PASSED] - delay(2): Delayed 2 second(s)

2019-06-19 15:39:17 - [MESSAGE][PASSED] - Delayed 2 second(s)

2019-06-19 15:39:17 - [TEST_STEP][PASSED] - click(findTestObject("OCS-MOBILE /Age gate and burger menu/Indica Dominant_Menu item")): Object: 'Object Repository/OCS-MOBILE /Age gate and burger menu/Indica Dominant_Menu item' is clicked on

2019-06-19 15:39:22 - [MESSAGE][PASSED] - Object: 'Object Repository/OCS-MOBILE /Age gate and burger menu/Indica Dominant_Menu item' is clicked on

2019-06-19 15:39:22 - [TEST_STEP][PASSED] - delay(2): Delayed 2 second(s)

2019-06-19 15:39:24 - [MESSAGE][PASSED] - Delayed 2 second(s)

2019-06-19 15:39:24 - [TEST_STEP][FAILED] - click(findTestObject("OCS-MOBILE /Collection page/Product image - 1st one")): click(findTestObject("OCS-MOBILE /Collection page/Product image - 1st one")) FAILED.
Reason:
com.kms.katalon.core.exception.StepFailedException: Unable to click on object 'Object Repository/OCS-MOBILE /Collection page/Product image - 1st one' (Root cause: org.openqa.selenium.WebDriverException: element click intercepted: Element <div class="product-tile__image">...</div> is not clickable at point (150, 544). Other element would receive the click: <iframe title="Preview Bar" id="preview-bar-iframe" src="https://ocs.ca/preview_bar" sandbox="allow-same-origin allow-scripts" style="position: fixed; bottom: 0px; left: 0px; z-index: 2147483647; width: 100%; border: none; box-shadow: rgba(0, 0, 0, 0.2) 0px -1px 3px; overflow: hidden; transform: translateY(0px); transition: transform 300ms ease 0s; height: 92px;"></iframe>
  (Session info: chrome=76.0.3809.25)
  (Driver info: chromedriver=76.0.3809.25 (a0c95f440512e06df1c9c206f2d79cc20be18bb1-refs/branch-heads/3809@{#271}),platform=Mac OS X 10.13.6 x86_64) (WARNING: The server did not provide any stacktrace information)
Command duration or timeout: 59 milliseconds
Build info: version: '2.53.0', revision: '35ae25b', time: '2016-03-15 17:00:58'
System info: host: 'mac-207-254-12-176.browserstack.com', ip: '207.254.12.176', os.name: 'Mac OS X', os.arch: 'x86_64', os.version: '10.13.6', java.version: '1.8.0_51'
Driver info: org.openqa.selenium.chrome.ChromeDriver
Capabilities [{mobileEmulationEnabled=false, timeouts={implicit=0, pageLoad=300000, script=30000}, hasTouchScreen=false, platform=MAC, acceptSslCerts=false, goog:chromeOptions={debuggerAddress=localhost:58842}, acceptInsecureCerts=false, webStorageEnabled=true, browserName=chrome, takesScreenshot=true, javascriptEnabled=true, setWindowRect=true, unexpectedAlertBehaviour=ignore, applicationCacheEnabled=false, rotatable=false, networkConnectionEnabled=false, chrome={chromedriverVersion=76.0.3809.25 (a0c95f440512e06df1c9c206f2d79cc20be18bb1-refs/branch-heads/3809@{#271}), userDataDir=/var/folders/3y/zz_w6_s56sl__vcrf3r5bhzr0000hr/T/.com.google.Chrome.D7x9Xk}, takesHeapSnapshot=true, pageLoadStrategy=normal, strictFileInteractability=false, databaseEnabled=false, handlesAlerts=true, version=76.0.3809.25, browserConnectionEnabled=false, proxy={}, nativeEvents=true, locationContextEnabled=true, cssSelectorsEnabled=true}]
Session ID: d0cb4a641e2aceb913e590973503376a
Command duration or timeout: 0 milliseconds)
	at com.kms.katalon.core.keyword.internal.KeywordMain.stepFailed(KeywordMain.groovy:36)
	at com.kms.katalon.core.webui.keyword.internal.WebUIKeywordMain.stepFailed(WebUIKeywordMain.groovy:65)
	at com.kms.katalon.core.webui.keyword.internal.WebUIKeywordMain.runKeyword(WebUIKeywordMain.groovy:27)
	at com.kms.katalon.core.webui.keyword.builtin.ClickKeyword.click(ClickKeyword.groovy:86)
	at com.kms.katalon.core.webui.keyword.builtin.ClickKeyword.execute(ClickKeyword.groovy:67)
	at com.kms.katalon.core.keyword.internal.KeywordExecutor.executeKeywordForPlatform(KeywordExecutor.groovy:53)
	at com.kms.katalon.core.webui.keyword.WebUiBuiltInKeywords.click(WebUiBuiltInKeywords.groovy:616)
	at com.kms.katalon.core.webui.keyword.WebUiBuiltInKeywords$click$4.call(Unknown Source)
	at Cart flyout- decrease qty.run(Cart flyout- decrease qty:36)
	at com.kms.katalon.core.main.ScriptEngine.run(ScriptEngine.java:194)
	at com.kms.katalon.core.main.ScriptEngine.runScriptAsRawText(ScriptEngine.java:119)
	at com.kms.katalon.core.main.TestCaseExecutor.runScript(TestCaseExecutor.java:328)
	at com.kms.katalon.core.main.TestCaseExecutor.doExecute(TestCaseExecutor.java:319)
	at com.kms.katalon.core.main.TestCaseExecutor.processExecutionPhase(TestCaseExecutor.java:298)
	at com.kms.katalon.core.main.TestCaseExecutor.accessMainPhase(TestCaseExecutor.java:290)
	at com.kms.katalon.core.main.TestCaseExecutor.execute(TestCaseExecutor.java:224)
	at com.kms.katalon.core.main.TestSuiteExecutor.accessTestCaseMainPhase(TestSuiteExecutor.java:129)
	at com.kms.katalon.core.main.TestSuiteExecutor.accessTestSuiteMainPhase(TestSuiteExecutor.java:112)
	at com.kms.katalon.core.main.TestSuiteExecutor.execute(TestSuiteExecutor.java:81)
	at com.kms.katalon.core.main.TestCaseMain.startTestSuite(TestCaseMain.java:149)
	at com.kms.katalon.core.main.TestCaseMain$startTestSuite$0.call(Unknown Source)
	at TempTestSuite1560973018737.run(TempTestSuite1560973018737.groovy:36)


2019-06-19 15:39:25 - [MESSAGE][FAILED] - Unable to click on object 'Object Repository/OCS-MOBILE /Collection page/Product image - 1st one' (Root cause: org.openqa.selenium.WebDriverException: element click intercepted: Element <div class="product-tile__image">...</div> is not clickable at point (150, 544). Other element would receive the click: <iframe title="Preview Bar" id="preview-bar-iframe" src="https://ocs.ca/preview_bar" sandbox="allow-same-origin allow-scripts" style="position: fixed; bottom: 0px; left: 0px; z-index: 2147483647; width: 100%; border: none; box-shadow: rgba(0, 0, 0, 0.2) 0px -1px 3px; overflow: hidden; transform: translateY(0px); transition: transform 300ms ease 0s; height: 92px;"></iframe>
  (Session info: chrome=76.0.3809.25)
  (Driver info: chromedriver=76.0.3809.25 (a0c95f440512e06df1c9c206f2d79cc20be18bb1-refs/branch-heads/3809@{#271}),platform=Mac OS X 10.13.6 x86_64) (WARNING: The server did not provide any stacktrace information)
Command duration or timeout: 59 milliseconds
Build info: version: '2.53.0', revision: '35ae25b', time: '2016-03-15 17:00:58'
System info: host: 'mac-207-254-12-176.browserstack.com', ip: '207.254.12.176', os.name: 'Mac OS X', os.arch: 'x86_64', os.version: '10.13.6', java.version: '1.8.0_51'
Driver info: org.openqa.selenium.chrome.ChromeDriver
Capabilities [{mobileEmulationEnabled=false, timeouts={implicit=0, pageLoad=300000, script=30000}, hasTouchScreen=false, platform=MAC, acceptSslCerts=false, goog:chromeOptions={debuggerAddress=localhost:58842}, acceptInsecureCerts=false, webStorageEnabled=true, browserName=chrome, takesScreenshot=true, javascriptEnabled=true, setWindowRect=true, unexpectedAlertBehaviour=ignore, applicationCacheEnabled=false, rotatable=false, networkConnectionEnabled=false, chrome={chromedriverVersion=76.0.3809.25 (a0c95f440512e06df1c9c206f2d79cc20be18bb1-refs/branch-heads/3809@{#271}), userDataDir=/var/folders/3y/zz_w6_s56sl__vcrf3r5bhzr0000hr/T/.com.google.Chrome.D7x9Xk}, takesHeapSnapshot=true, pageLoadStrategy=normal, strictFileInteractability=false, databaseEnabled=false, handlesAlerts=true, version=76.0.3809.25, browserConnectionEnabled=false, proxy={}, nativeEvents=true, locationContextEnabled=true, cssSelectorsEnabled=true}]
Session ID: d0cb4a641e2aceb913e590973503376a
Command duration or timeout: 0 milliseconds)
[[ATTACHMENT|/Users/sumankompelly/Relative xpath-Mobile/Reports/recordings - ( 1.10.2 )/20190619_153658/1560973164620.png]]

2019-06-19 15:39:25 - [MESSAGE][FAILED] - click(findTestObject("OCS-MOBILE /Collection page/Product image - 1st one")) FAILED.
Reason:
com.kms.katalon.core.exception.StepFailedException: Unable to click on object 'Object Repository/OCS-MOBILE /Collection page/Product image - 1st one' (Root cause: org.openqa.selenium.WebDriverException: element click intercepted: Element <div class="product-tile__image">...</div> is not clickable at point (150, 544). Other element would receive the click: <iframe title="Preview Bar" id="preview-bar-iframe" src="https://ocs.ca/preview_bar" sandbox="allow-same-origin allow-scripts" style="position: fixed; bottom: 0px; left: 0px; z-index: 2147483647; width: 100%; border: none; box-shadow: rgba(0, 0, 0, 0.2) 0px -1px 3px; overflow: hidden; transform: translateY(0px); transition: transform 300ms ease 0s; height: 92px;"></iframe>
  (Session info: chrome=76.0.3809.25)
  (Driver info: chromedriver=76.0.3809.25 (a0c95f440512e06df1c9c206f2d79cc20be18bb1-refs/branch-heads/3809@{#271}),platform=Mac OS X 10.13.6 x86_64) (WARNING: The server did not provide any stacktrace information)
Command duration or timeout: 59 milliseconds
Build info: version: '2.53.0', revision: '35ae25b', time: '2016-03-15 17:00:58'
System info: host: 'mac-207-254-12-176.browserstack.com', ip: '207.254.12.176', os.name: 'Mac OS X', os.arch: 'x86_64', os.version: '10.13.6', java.version: '1.8.0_51'
Driver info: org.openqa.selenium.chrome.ChromeDriver
Capabilities [{mobileEmulationEnabled=false, timeouts={implicit=0, pageLoad=300000, script=30000}, hasTouchScreen=false, platform=MAC, acceptSslCerts=false, goog:chromeOptions={debuggerAddress=localhost:58842}, acceptInsecureCerts=false, webStorageEnabled=true, browserName=chrome, takesScreenshot=true, javascriptEnabled=true, setWindowRect=true, unexpectedAlertBehaviour=ignore, applicationCacheEnabled=false, rotatable=false, networkConnectionEnabled=false, chrome={chromedriverVersion=76.0.3809.25 (a0c95f440512e06df1c9c206f2d79cc20be18bb1-refs/branch-heads/3809@{#271}), userDataDir=/var/folders/3y/zz_w6_s56sl__vcrf3r5bhzr0000hr/T/.com.google.Chrome.D7x9Xk}, takesHeapSnapshot=true, pageLoadStrategy=normal, strictFileInteractability=false, databaseEnabled=false, handlesAlerts=true, version=76.0.3809.25, browserConnectionEnabled=false, proxy={}, nativeEvents=true, locationContextEnabled=true, cssSelectorsEnabled=true}]
Session ID: d0cb4a641e2aceb913e590973503376a
Command duration or timeout: 0 milliseconds)
	at com.kms.katalon.core.keyword.internal.KeywordMain.stepFailed(KeywordMain.groovy:36)
	at com.kms.katalon.core.webui.keyword.internal.WebUIKeywordMain.stepFailed(WebUIKeywordMain.groovy:65)
	at com.kms.katalon.core.webui.keyword.internal.WebUIKeywordMain.runKeyword(WebUIKeywordMain.groovy:27)
	at com.kms.katalon.core.webui.keyword.builtin.ClickKeyword.click(ClickKeyword.groovy:86)
	at com.kms.katalon.core.webui.keyword.builtin.ClickKeyword.execute(ClickKeyword.groovy:67)
	at com.kms.katalon.core.keyword.internal.KeywordExecutor.executeKeywordForPlatform(KeywordExecutor.groovy:53)
	at com.kms.katalon.core.webui.keyword.WebUiBuiltInKeywords.click(WebUiBuiltInKeywords.groovy:616)
	at com.kms.katalon.core.webui.keyword.WebUiBuiltInKeywords$click$4.call(Unknown Source)
	at Cart flyout- decrease qty.run(Cart flyout- decrease qty:36)
	at com.kms.katalon.core.main.ScriptEngine.run(ScriptEngine.java:194)
	at com.kms.katalon.core.main.ScriptEngine.runScriptAsRawText(ScriptEngine.java:119)
	at com.kms.katalon.core.main.TestCaseExecutor.runScript(TestCaseExecutor.java:328)
	at com.kms.katalon.core.main.TestCaseExecutor.doExecute(TestCaseExecutor.java:319)
	at com.kms.katalon.core.main.TestCaseExecutor.processExecutionPhase(TestCaseExecutor.java:298)
	at com.kms.katalon.core.main.TestCaseExecutor.accessMainPhase(TestCaseExecutor.java:290)
	at com.kms.katalon.core.main.TestCaseExecutor.execute(TestCaseExecutor.java:224)
	at com.kms.katalon.core.main.TestSuiteExecutor.accessTestCaseMainPhase(TestSuiteExecutor.java:129)
	at com.kms.katalon.core.main.TestSuiteExecutor.accessTestSuiteMainPhase(TestSuiteExecutor.java:112)
	at com.kms.katalon.core.main.TestSuiteExecutor.execute(TestSuiteExecutor.java:81)
	at com.kms.katalon.core.main.TestCaseMain.startTestSuite(TestCaseMain.java:149)
	at com.kms.katalon.core.main.TestCaseMain$startTestSuite$0.call(Unknown Source)
	at TempTestSuite1560973018737.run(TempTestSuite1560973018737.groovy:36)]]></system-out>
         <system-err><![CDATA[2019-06-19 15:38:26 - [TEST_CASE][FAILED] - Test Cases/OCS - MOBILE/OCS- CRITICAL PATH/Cart flyout- decrease qty: Test Cases/OCS - MOBILE/OCS- CRITICAL PATH/Cart flyout- decrease qty FAILED.
Reason:
com.kms.katalon.core.exception.StepFailedException: Unable to click on object 'Object Repository/OCS-MOBILE /Collection page/Product image - 1st one' (Root cause: org.openqa.selenium.WebDriverException: element click intercepted: Element <div class="product-tile__image">...</div> is not clickable at point (150, 544). Other element would receive the click: <iframe title="Preview Bar" id="preview-bar-iframe" src="https://ocs.ca/preview_bar" sandbox="allow-same-origin allow-scripts" style="position: fixed; bottom: 0px; left: 0px; z-index: 2147483647; width: 100%; border: none; box-shadow: rgba(0, 0, 0, 0.2) 0px -1px 3px; overflow: hidden; transform: translateY(0px); transition: transform 300ms ease 0s; height: 92px;"></iframe>
  (Session info: chrome=76.0.3809.25)
  (Driver info: chromedriver=76.0.3809.25 (a0c95f440512e06df1c9c206f2d79cc20be18bb1-refs/branch-heads/3809@{#271}),platform=Mac OS X 10.13.6 x86_64) (WARNING: The server did not provide any stacktrace information)
Command duration or timeout: 59 milliseconds
Build info: version: '2.53.0', revision: '35ae25b', time: '2016-03-15 17:00:58'
System info: host: 'mac-207-254-12-176.browserstack.com', ip: '207.254.12.176', os.name: 'Mac OS X', os.arch: 'x86_64', os.version: '10.13.6', java.version: '1.8.0_51'
Driver info: org.openqa.selenium.chrome.ChromeDriver
Capabilities [{mobileEmulationEnabled=false, timeouts={implicit=0, pageLoad=300000, script=30000}, hasTouchScreen=false, platform=MAC, acceptSslCerts=false, goog:chromeOptions={debuggerAddress=localhost:58842}, acceptInsecureCerts=false, webStorageEnabled=true, browserName=chrome, takesScreenshot=true, javascriptEnabled=true, setWindowRect=true, unexpectedAlertBehaviour=ignore, applicationCacheEnabled=false, rotatable=false, networkConnectionEnabled=false, chrome={chromedriverVersion=76.0.3809.25 (a0c95f440512e06df1c9c206f2d79cc20be18bb1-refs/branch-heads/3809@{#271}), userDataDir=/var/folders/3y/zz_w6_s56sl__vcrf3r5bhzr0000hr/T/.com.google.Chrome.D7x9Xk}, takesHeapSnapshot=true, pageLoadStrategy=normal, strictFileInteractability=false, databaseEnabled=false, handlesAlerts=true, version=76.0.3809.25, browserConnectionEnabled=false, proxy={}, nativeEvents=true, locationContextEnabled=true, cssSelectorsEnabled=true}]
Session ID: d0cb4a641e2aceb913e590973503376a
Command duration or timeout: 0 milliseconds)
	at com.kms.katalon.core.keyword.internal.KeywordMain.stepFailed(KeywordMain.groovy:36)
	at com.kms.katalon.core.webui.keyword.internal.WebUIKeywordMain.stepFailed(WebUIKeywordMain.groovy:65)
	at com.kms.katalon.core.webui.keyword.internal.WebUIKeywordMain.runKeyword(WebUIKeywordMain.groovy:27)
	at com.kms.katalon.core.webui.keyword.builtin.ClickKeyword.click(ClickKeyword.groovy:86)
	at com.kms.katalon.core.webui.keyword.builtin.ClickKeyword.execute(ClickKeyword.groovy:67)
	at com.kms.katalon.core.keyword.internal.KeywordExecutor.executeKeywordForPlatform(KeywordExecutor.groovy:53)
	at com.kms.katalon.core.webui.keyword.WebUiBuiltInKeywords.click(WebUiBuiltInKeywords.groovy:616)
	at com.kms.katalon.core.webui.keyword.WebUiBuiltInKeywords$click$4.call(Unknown Source)
	at Cart flyout- decrease qty.run(Cart flyout- decrease qty:36)
	at com.kms.katalon.core.main.ScriptEngine.run(ScriptEngine.java:194)
	at com.kms.katalon.core.main.ScriptEngine.runScriptAsRawText(ScriptEngine.java:119)
	at com.kms.katalon.core.main.TestCaseExecutor.runScript(TestCaseExecutor.java:328)
	at com.kms.katalon.core.main.TestCaseExecutor.doExecute(TestCaseExecutor.java:319)
	at com.kms.katalon.core.main.TestCaseExecutor.processExecutionPhase(TestCaseExecutor.java:298)
	at com.kms.katalon.core.main.TestCaseExecutor.accessMainPhase(TestCaseExecutor.java:290)
	at com.kms.katalon.core.main.TestCaseExecutor.execute(TestCaseExecutor.java:224)
	at com.kms.katalon.core.main.TestSuiteExecutor.accessTestCaseMainPhase(TestSuiteExecutor.java:129)
	at com.kms.katalon.core.main.TestSuiteExecutor.accessTestSuiteMainPhase(TestSuiteExecutor.java:112)
	at com.kms.katalon.core.main.TestSuiteExecutor.execute(TestSuiteExecutor.java:81)
	at com.kms.katalon.core.main.TestCaseMain.startTestSuite(TestCaseMain.java:149)
	at com.kms.katalon.core.main.TestCaseMain$startTestSuite$0.call(Unknown Source)
	at TempTestSuite1560973018737.run(TempTestSuite1560973018737.groovy:36)]]></system-err>
      </testcase>
      <testcase name="Test Cases/OCS - MOBILE/OCS- CRITICAL PATH/Checkout- Payment" classname="Test Cases/OCS - MOBILE/OCS- CRITICAL PATH/Checkout- Payment" status="FAILED">
         <failure type="FAILED" message="Test Cases/OCS - MOBILE/OCS- CRITICAL PATH/Checkout- Payment FAILED.
Reason:
com.kms.katalon.core.exception.StepFailedException: Unable to click on object 'Object Repository/OCS-MOBILE /Collection page/Product image - 1st one' (Root cause: org.openqa.selenium.WebDriverException: element click intercepted: Element &lt;div class=&quot;product-tile__image&quot;>...&lt;/div> is not clickable at point (150, 544). Other element would receive the click: &lt;iframe title=&quot;Preview Bar&quot; id=&quot;preview-bar-iframe&quot; src=&quot;https://ocs.ca/preview_bar&quot; sandbox=&quot;allow-same-origin allow-scripts&quot; style=&quot;position: fixed; bottom: 0px; left: 0px; z-index: 2147483647; width: 100%; border: none; box-shadow: rgba(0, 0, 0, 0.2) 0px -1px 3px; overflow: hidden; transform: translateY(0px); transition: transform 300ms ease 0s; height: 92px;&quot;>&lt;/iframe>
  (Session info: chrome=76.0.3809.25)
  (Driver info: chromedriver=76.0.3809.25 (a0c95f440512e06df1c9c206f2d79cc20be18bb1-refs/branch-heads/3809@{#271}),platform=Mac OS X 10.13.6 x86_64) (WARNING: The server did not provide any stacktrace information)
Command duration or timeout: 51 milliseconds
Build info: version: '2.53.0', revision: '35ae25b', time: '2016-03-15 17:00:58'
System info: host: 'mac-207-254-12-193.browserstack.com', ip: '207.254.12.193', os.name: 'Mac OS X', os.arch: 'x86_64', os.version: '10.13.6', java.version: '1.8.0_51'
Driver info: org.openqa.selenium.chrome.ChromeDriver
Capabilities [{mobileEmulationEnabled=false, timeouts={implicit=0, pageLoad=300000, script=30000}, hasTouchScreen=false, platform=MAC, acceptSslCerts=false, goog:chromeOptions={debuggerAddress=localhost:63587}, acceptInsecureCerts=false, webStorageEnabled=true, browserName=chrome, takesScreenshot=true, javascriptEnabled=true, setWindowRect=true, unexpectedAlertBehaviour=ignore, applicationCacheEnabled=false, rotatable=false, networkConnectionEnabled=false, chrome={chromedriverVersion=76.0.3809.25 (a0c95f440512e06df1c9c206f2d79cc20be18bb1-refs/branch-heads/3809@{#271}), userDataDir=/var/folders/3y/zz_w6_s56sl__vcrf3r5bhzr0000hr/T/.com.google.Chrome.2AWeml}, takesHeapSnapshot=true, pageLoadStrategy=normal, strictFileInteractability=false, databaseEnabled=false, handlesAlerts=true, version=76.0.3809.25, browserConnectionEnabled=false, proxy={}, nativeEvents=true, locationContextEnabled=true, cssSelectorsEnabled=true}]
Session ID: bdd6a978fc9ec271d03504e27d219709
Command duration or timeout: 0 milliseconds)
	at com.kms.katalon.core.keyword.internal.KeywordMain.stepFailed(KeywordMain.groovy:36)
	at com.kms.katalon.core.webui.keyword.internal.WebUIKeywordMain.stepFailed(WebUIKeywordMain.groovy:65)
	at com.kms.katalon.core.webui.keyword.internal.WebUIKeywordMain.runKeyword(WebUIKeywordMain.groovy:27)
	at com.kms.katalon.core.webui.keyword.builtin.ClickKeyword.click(ClickKeyword.groovy:86)
	at com.kms.katalon.core.webui.keyword.builtin.ClickKeyword.execute(ClickKeyword.groovy:67)
	at com.kms.katalon.core.keyword.internal.KeywordExecutor.executeKeywordForPlatform(KeywordExecutor.groovy:53)
	at com.kms.katalon.core.webui.keyword.WebUiBuiltInKeywords.click(WebUiBuiltInKeywords.groovy:616)
	at com.kms.katalon.core.webui.keyword.WebUiBuiltInKeywords$click$4.call(Unknown Source)
	at Checkout- Payment.run(Checkout- Payment:38)
	at com.kms.katalon.core.main.ScriptEngine.run(ScriptEngine.java:194)
	at com.kms.katalon.core.main.ScriptEngine.runScriptAsRawText(ScriptEngine.java:119)
	at com.kms.katalon.core.main.TestCaseExecutor.runScript(TestCaseExecutor.java:328)
	at com.kms.katalon.core.main.TestCaseExecutor.doExecute(TestCaseExecutor.java:319)
	at com.kms.katalon.core.main.TestCaseExecutor.processExecutionPhase(TestCaseExecutor.java:298)
	at com.kms.katalon.core.main.TestCaseExecutor.accessMainPhase(TestCaseExecutor.java:290)
	at com.kms.katalon.core.main.TestCaseExecutor.execute(TestCaseExecutor.java:224)
	at com.kms.katalon.core.main.TestSuiteExecutor.accessTestCaseMainPhase(TestSuiteExecutor.java:129)
	at com.kms.katalon.core.main.TestSuiteExecutor.accessTestSuiteMainPhase(TestSuiteExecutor.java:112)
	at com.kms.katalon.core.main.TestSuiteExecutor.execute(TestSuiteExecutor.java:81)
	at com.kms.katalon.core.main.TestCaseMain.startTestSuite(TestCaseMain.java:149)
	at com.kms.katalon.core.main.TestCaseMain$startTestSuite$0.call(Unknown Source)
	at TempTestSuite1560973018737.run(TempTestSuite1560973018737.groovy:36)
"/>
         <system-out><![CDATA[2019-06-19 15:39:25 - [TEST_CASE][FAILED] - Test Cases/OCS - MOBILE/OCS- CRITICAL PATH/Checkout- Payment: Test Cases/OCS - MOBILE/OCS- CRITICAL PATH/Checkout- Payment FAILED.
Reason:
com.kms.katalon.core.exception.StepFailedException: Unable to click on object 'Object Repository/OCS-MOBILE /Collection page/Product image - 1st one' (Root cause: org.openqa.selenium.WebDriverException: element click intercepted: Element <div class="product-tile__image">...</div> is not clickable at point (150, 544). Other element would receive the click: <iframe title="Preview Bar" id="preview-bar-iframe" src="https://ocs.ca/preview_bar" sandbox="allow-same-origin allow-scripts" style="position: fixed; bottom: 0px; left: 0px; z-index: 2147483647; width: 100%; border: none; box-shadow: rgba(0, 0, 0, 0.2) 0px -1px 3px; overflow: hidden; transform: translateY(0px); transition: transform 300ms ease 0s; height: 92px;"></iframe>
  (Session info: chrome=76.0.3809.25)
  (Driver info: chromedriver=76.0.3809.25 (a0c95f440512e06df1c9c206f2d79cc20be18bb1-refs/branch-heads/3809@{#271}),platform=Mac OS X 10.13.6 x86_64) (WARNING: The server did not provide any stacktrace information)
Command duration or timeout: 51 milliseconds
Build info: version: '2.53.0', revision: '35ae25b', time: '2016-03-15 17:00:58'
System info: host: 'mac-207-254-12-193.browserstack.com', ip: '207.254.12.193', os.name: 'Mac OS X', os.arch: 'x86_64', os.version: '10.13.6', java.version: '1.8.0_51'
Driver info: org.openqa.selenium.chrome.ChromeDriver
Capabilities [{mobileEmulationEnabled=false, timeouts={implicit=0, pageLoad=300000, script=30000}, hasTouchScreen=false, platform=MAC, acceptSslCerts=false, goog:chromeOptions={debuggerAddress=localhost:63587}, acceptInsecureCerts=false, webStorageEnabled=true, browserName=chrome, takesScreenshot=true, javascriptEnabled=true, setWindowRect=true, unexpectedAlertBehaviour=ignore, applicationCacheEnabled=false, rotatable=false, networkConnectionEnabled=false, chrome={chromedriverVersion=76.0.3809.25 (a0c95f440512e06df1c9c206f2d79cc20be18bb1-refs/branch-heads/3809@{#271}), userDataDir=/var/folders/3y/zz_w6_s56sl__vcrf3r5bhzr0000hr/T/.com.google.Chrome.2AWeml}, takesHeapSnapshot=true, pageLoadStrategy=normal, strictFileInteractability=false, databaseEnabled=false, handlesAlerts=true, version=76.0.3809.25, browserConnectionEnabled=false, proxy={}, nativeEvents=true, locationContextEnabled=true, cssSelectorsEnabled=true}]
Session ID: bdd6a978fc9ec271d03504e27d219709
Command duration or timeout: 0 milliseconds)
	at com.kms.katalon.core.keyword.internal.KeywordMain.stepFailed(KeywordMain.groovy:36)
	at com.kms.katalon.core.webui.keyword.internal.WebUIKeywordMain.stepFailed(WebUIKeywordMain.groovy:65)
	at com.kms.katalon.core.webui.keyword.internal.WebUIKeywordMain.runKeyword(WebUIKeywordMain.groovy:27)
	at com.kms.katalon.core.webui.keyword.builtin.ClickKeyword.click(ClickKeyword.groovy:86)
	at com.kms.katalon.core.webui.keyword.builtin.ClickKeyword.execute(ClickKeyword.groovy:67)
	at com.kms.katalon.core.keyword.internal.KeywordExecutor.executeKeywordForPlatform(KeywordExecutor.groovy:53)
	at com.kms.katalon.core.webui.keyword.WebUiBuiltInKeywords.click(WebUiBuiltInKeywords.groovy:616)
	at com.kms.katalon.core.webui.keyword.WebUiBuiltInKeywords$click$4.call(Unknown Source)
	at Checkout- Payment.run(Checkout- Payment:38)
	at com.kms.katalon.core.main.ScriptEngine.run(ScriptEngine.java:194)
	at com.kms.katalon.core.main.ScriptEngine.runScriptAsRawText(ScriptEngine.java:119)
	at com.kms.katalon.core.main.TestCaseExecutor.runScript(TestCaseExecutor.java:328)
	at com.kms.katalon.core.main.TestCaseExecutor.doExecute(TestCaseExecutor.java:319)
	at com.kms.katalon.core.main.TestCaseExecutor.processExecutionPhase(TestCaseExecutor.java:298)
	at com.kms.katalon.core.main.TestCaseExecutor.accessMainPhase(TestCaseExecutor.java:290)
	at com.kms.katalon.core.main.TestCaseExecutor.execute(TestCaseExecutor.java:224)
	at com.kms.katalon.core.main.TestSuiteExecutor.accessTestCaseMainPhase(TestSuiteExecutor.java:129)
	at com.kms.katalon.core.main.TestSuiteExecutor.accessTestSuiteMainPhase(TestSuiteExecutor.java:112)
	at com.kms.katalon.core.main.TestSuiteExecutor.execute(TestSuiteExecutor.java:81)
	at com.kms.katalon.core.main.TestCaseMain.startTestSuite(TestCaseMain.java:149)
	at com.kms.katalon.core.main.TestCaseMain$startTestSuite$0.call(Unknown Source)
	at TempTestSuite1560973018737.run(TempTestSuite1560973018737.groovy:36)


2019-06-19 15:39:25 - [TEST_STEP][PASSED] - callTestCase(findTestCase("OCS - MOBILE/CALL - AGE GATE"), [:], STOP_ON_FAILURE): Call Test Case 'Test Cases/OCS - MOBILE/CALL - AGE GATE' successfully

2019-06-19 15:39:25 - [TEST_CASE][PASSED] - Test Cases/OCS - MOBILE/CALL - AGE GATE: Test Cases/OCS - MOBILE/CALL - AGE GATE

2019-06-19 15:39:25 - [TEST_STEP][PASSED] - openBrowser(""): Browser is opened with url: ''

2019-06-19 15:39:26 - [MESSAGE][WARNING] - A browser is already opened. Closing browser and opening a new one

2019-06-19 15:39:26 - [MESSAGE][INFO] - Starting 'Remote' driver

2019-06-19 15:39:26 - [MESSAGE][INFO] - User set preference: ['os', 'OS X']

2019-06-19 15:39:26 - [MESSAGE][INFO] - User set preference: ['os_version', 'High Sierra']

2019-06-19 15:39:26 - [MESSAGE][INFO] - User set preference: ['browser', 'Chrome']

2019-06-19 15:39:26 - [MESSAGE][INFO] - User set preference: ['browser_version', '76.0 beta']

2019-06-19 15:39:26 - [MESSAGE][INFO] - User set preference: ['browserstack.local', 'false']

2019-06-19 15:39:26 - [MESSAGE][INFO] - Connecting to remote web server 'https://dianatest3:Z3oqw9ysqTeRQJq5wFCp@hub-cloud.browserstack.com/wd/hub' with type 'Selenium'

2019-06-19 15:39:30 - [MESSAGE][PASSED] - Browser is opened with url: ''

2019-06-19 15:39:30 - [TEST_STEP][PASSED] - navigateToUrl("https://ocs.ca/?fts=0&preview_theme_id=72920106828"): Navigate to 'https://ocs.ca/?fts=0&preview_theme_id=72920106828' successfully

2019-06-19 15:39:36 - [MESSAGE][PASSED] - Navigate to 'https://ocs.ca/?fts=0&preview_theme_id=72920106828' successfully

2019-06-19 15:39:36 - [TEST_STEP][PASSED] - executeJavaScript("var previewBar = document.getElementById("preview-bar-iframe"); previewBar.style.display = "none";", []): Execute JavaScript 'var previewBar = document.getElementById("preview-bar-iframe"); previewBar.style.display = "none";' successfully

2019-06-19 15:39:36 - [MESSAGE][PASSED] - Execute JavaScript 'var previewBar = document.getElementById("preview-bar-iframe"); previewBar.style.display = "none";' successfully

2019-06-19 15:39:36 - [TEST_STEP][PASSED] - setViewPortSize(360, 800): Viewport is set to new size with width = 360 and height = 800

2019-06-19 15:39:36 - [MESSAGE][PASSED] - Viewport is set to new size with width = 360 and height = 800

2019-06-19 15:39:36 - [TEST_STEP][PASSED] - delay(4): Delayed 4 second(s)

2019-06-19 15:39:40 - [MESSAGE][PASSED] - Delayed 4 second(s)

2019-06-19 15:39:40 - [TEST_STEP][PASSED] - selectOptionByValue(findTestObject("OCS-MOBILE /Age gate and burger menu/Date"), "12", true): All options with value '12' are selected in object 'Object Repository/OCS-MOBILE /Age gate and burger menu/Date'  using regular expression

2019-06-19 15:39:45 - [MESSAGE][PASSED] - All options with value '12' are selected in object 'Object Repository/OCS-MOBILE /Age gate and burger menu/Date'  using regular expression

2019-06-19 15:39:45 - [TEST_STEP][PASSED] - selectOptionByValue(findTestObject("OCS-MOBILE /Age gate and burger menu/month"), "6", true): All options with value '6' are selected in object 'Object Repository/OCS-MOBILE /Age gate and burger menu/month'  using regular expression

2019-06-19 15:39:48 - [MESSAGE][PASSED] - All options with value '6' are selected in object 'Object Repository/OCS-MOBILE /Age gate and burger menu/month'  using regular expression

2019-06-19 15:39:48 - [TEST_STEP][PASSED] - delay(2): Delayed 2 second(s)

2019-06-19 15:39:50 - [MESSAGE][PASSED] - Delayed 2 second(s)

2019-06-19 15:39:50 - [TEST_STEP][PASSED] - selectOptionByValue(findTestObject("OCS-MOBILE /Age gate and burger menu/Year Dropdown"), "1990", true): All options with value '1990' are selected in object 'Object Repository/OCS-MOBILE /Age gate and burger menu/Year Dropdown'  using regular expression

2019-06-19 15:40:05 - [MESSAGE][PASSED] - All options with value '1990' are selected in object 'Object Repository/OCS-MOBILE /Age gate and burger menu/Year Dropdown'  using regular expression

2019-06-19 15:40:05 - [TEST_STEP][PASSED] - click(findTestObject("OCS-MOBILE /Age gate and Mega menu/button_Verify")): Object: 'Object Repository/OCS-MOBILE /Age gate and Mega menu/button_Verify' is clicked on

2019-06-19 15:40:05 - [MESSAGE][PASSED] - Object: 'Object Repository/OCS-MOBILE /Age gate and Mega menu/button_Verify' is clicked on

2019-06-19 15:40:05 - [TEST_STEP][PASSED] - click(findTestObject("OCS-MOBILE /Age gate and Mega menu/Checkbox_CONFIRM AND ACKNOWLEDGE")): Object: 'Object Repository/OCS-MOBILE /Age gate and Mega menu/Checkbox_CONFIRM AND ACKNOWLEDGE' is clicked on

2019-06-19 15:40:05 - [MESSAGE][PASSED] - Object: 'Object Repository/OCS-MOBILE /Age gate and Mega menu/Checkbox_CONFIRM AND ACKNOWLEDGE' is clicked on

2019-06-19 15:40:05 - [TEST_STEP][PASSED] - click(findTestObject("OCS-MOBILE /Age gate and Mega menu/button_CONFIRM")): Object: 'Object Repository/OCS-MOBILE /Age gate and Mega menu/button_CONFIRM' is clicked on

2019-06-19 15:40:06 - [MESSAGE][PASSED] - Object: 'Object Repository/OCS-MOBILE /Age gate and Mega menu/button_CONFIRM' is clicked on

2019-06-19 15:40:06 - [TEST_STEP][PASSED] - click(findTestObject("OCS-MOBILE /Age gate and Mega menu/button_Start Browsing")): Object: 'Object Repository/OCS-MOBILE /Age gate and Mega menu/button_Start Browsing' is clicked on

2019-06-19 15:40:06 - [MESSAGE][PASSED] - Object: 'Object Repository/OCS-MOBILE /Age gate and Mega menu/button_Start Browsing' is clicked on

2019-06-19 15:40:06 - [TEST_STEP][PASSED] - refresh(): Refresh successfully

2019-06-19 15:40:10 - [MESSAGE][PASSED] - Refresh successfully

2019-06-19 15:40:10 - [TEST_STEP][PASSED] - executeJavaScript("var previewBar = document.getElementById("preview-bar-iframe"); previewBar.style.display = "none";", []): Execute JavaScript 'var previewBar = document.getElementById("preview-bar-iframe"); previewBar.style.display = "none";' successfully

2019-06-19 15:40:10 - [MESSAGE][PASSED] - Execute JavaScript 'var previewBar = document.getElementById("preview-bar-iframe"); previewBar.style.display = "none";' successfully

2019-06-19 15:40:10 - [MESSAGE][PASSED] - Call Test Case 'Test Cases/OCS - MOBILE/CALL - AGE GATE' successfully

2019-06-19 15:40:10 - [TEST_STEP][PASSED] - delay(2): Delayed 2 second(s)

2019-06-19 15:40:12 - [MESSAGE][PASSED] - Delayed 2 second(s)

2019-06-19 15:40:12 - [TEST_STEP][PASSED] - refresh(): Refresh successfully

2019-06-19 15:40:12 - [MESSAGE][PASSED] - Refresh successfully

2019-06-19 15:40:12 - [TEST_STEP][PASSED] - click(findTestObject("OCS-MOBILE /Age gate and burger menu/Burger menu - English")): Object: 'Object Repository/OCS-MOBILE /Age gate and burger menu/Burger menu - English' is clicked on

2019-06-19 15:40:15 - [MESSAGE][PASSED] - Object: 'Object Repository/OCS-MOBILE /Age gate and burger menu/Burger menu - English' is clicked on

2019-06-19 15:40:15 - [TEST_STEP][PASSED] - delay(2): Delayed 2 second(s)

2019-06-19 15:40:17 - [MESSAGE][PASSED] - Delayed 2 second(s)

2019-06-19 15:40:17 - [TEST_STEP][PASSED] - click(findTestObject("OCS-MOBILE /Age gate and burger menu/Chevron_Cannabis")): Object: 'Object Repository/OCS-MOBILE /Age gate and burger menu/Chevron_Cannabis' is clicked on

2019-06-19 15:40:18 - [MESSAGE][PASSED] - Object: 'Object Repository/OCS-MOBILE /Age gate and burger menu/Chevron_Cannabis' is clicked on

2019-06-19 15:40:18 - [TEST_STEP][PASSED] - delay(2): Delayed 2 second(s)

2019-06-19 15:40:20 - [MESSAGE][PASSED] - Delayed 2 second(s)

2019-06-19 15:40:20 - [TEST_STEP][PASSED] - click(findTestObject("OCS-MOBILE /Age gate and burger menu/Dried Flower_Plus icon")): Object: 'Object Repository/OCS-MOBILE /Age gate and burger menu/Dried Flower_Plus icon' is clicked on

2019-06-19 15:40:20 - [MESSAGE][PASSED] - Object: 'Object Repository/OCS-MOBILE /Age gate and burger menu/Dried Flower_Plus icon' is clicked on

2019-06-19 15:40:20 - [TEST_STEP][PASSED] - delay(2): Delayed 2 second(s)

2019-06-19 15:40:22 - [MESSAGE][PASSED] - Delayed 2 second(s)

2019-06-19 15:40:22 - [TEST_STEP][PASSED] - click(findTestObject("OCS-MOBILE /Age gate and burger menu/Indica Dominant_Menu item")): Object: 'Object Repository/OCS-MOBILE /Age gate and burger menu/Indica Dominant_Menu item' is clicked on

2019-06-19 15:40:25 - [MESSAGE][PASSED] - Object: 'Object Repository/OCS-MOBILE /Age gate and burger menu/Indica Dominant_Menu item' is clicked on

2019-06-19 15:40:25 - [TEST_STEP][PASSED] - delay(2): Delayed 2 second(s)

2019-06-19 15:40:27 - [MESSAGE][PASSED] - Delayed 2 second(s)

2019-06-19 15:40:27 - [TEST_STEP][FAILED] - click(findTestObject("OCS-MOBILE /Collection page/Product image - 1st one")): click(findTestObject("OCS-MOBILE /Collection page/Product image - 1st one")) FAILED.
Reason:
com.kms.katalon.core.exception.StepFailedException: Unable to click on object 'Object Repository/OCS-MOBILE /Collection page/Product image - 1st one' (Root cause: org.openqa.selenium.WebDriverException: element click intercepted: Element <div class="product-tile__image">...</div> is not clickable at point (150, 544). Other element would receive the click: <iframe title="Preview Bar" id="preview-bar-iframe" src="https://ocs.ca/preview_bar" sandbox="allow-same-origin allow-scripts" style="position: fixed; bottom: 0px; left: 0px; z-index: 2147483647; width: 100%; border: none; box-shadow: rgba(0, 0, 0, 0.2) 0px -1px 3px; overflow: hidden; transform: translateY(0px); transition: transform 300ms ease 0s; height: 92px;"></iframe>
  (Session info: chrome=76.0.3809.25)
  (Driver info: chromedriver=76.0.3809.25 (a0c95f440512e06df1c9c206f2d79cc20be18bb1-refs/branch-heads/3809@{#271}),platform=Mac OS X 10.13.6 x86_64) (WARNING: The server did not provide any stacktrace information)
Command duration or timeout: 51 milliseconds
Build info: version: '2.53.0', revision: '35ae25b', time: '2016-03-15 17:00:58'
System info: host: 'mac-207-254-12-193.browserstack.com', ip: '207.254.12.193', os.name: 'Mac OS X', os.arch: 'x86_64', os.version: '10.13.6', java.version: '1.8.0_51'
Driver info: org.openqa.selenium.chrome.ChromeDriver
Capabilities [{mobileEmulationEnabled=false, timeouts={implicit=0, pageLoad=300000, script=30000}, hasTouchScreen=false, platform=MAC, acceptSslCerts=false, goog:chromeOptions={debuggerAddress=localhost:63587}, acceptInsecureCerts=false, webStorageEnabled=true, browserName=chrome, takesScreenshot=true, javascriptEnabled=true, setWindowRect=true, unexpectedAlertBehaviour=ignore, applicationCacheEnabled=false, rotatable=false, networkConnectionEnabled=false, chrome={chromedriverVersion=76.0.3809.25 (a0c95f440512e06df1c9c206f2d79cc20be18bb1-refs/branch-heads/3809@{#271}), userDataDir=/var/folders/3y/zz_w6_s56sl__vcrf3r5bhzr0000hr/T/.com.google.Chrome.2AWeml}, takesHeapSnapshot=true, pageLoadStrategy=normal, strictFileInteractability=false, databaseEnabled=false, handlesAlerts=true, version=76.0.3809.25, browserConnectionEnabled=false, proxy={}, nativeEvents=true, locationContextEnabled=true, cssSelectorsEnabled=true}]
Session ID: bdd6a978fc9ec271d03504e27d219709
Command duration or timeout: 0 milliseconds)
	at com.kms.katalon.core.keyword.internal.KeywordMain.stepFailed(KeywordMain.groovy:36)
	at com.kms.katalon.core.webui.keyword.internal.WebUIKeywordMain.stepFailed(WebUIKeywordMain.groovy:65)
	at com.kms.katalon.core.webui.keyword.internal.WebUIKeywordMain.runKeyword(WebUIKeywordMain.groovy:27)
	at com.kms.katalon.core.webui.keyword.builtin.ClickKeyword.click(ClickKeyword.groovy:86)
	at com.kms.katalon.core.webui.keyword.builtin.ClickKeyword.execute(ClickKeyword.groovy:67)
	at com.kms.katalon.core.keyword.internal.KeywordExecutor.executeKeywordForPlatform(KeywordExecutor.groovy:53)
	at com.kms.katalon.core.webui.keyword.WebUiBuiltInKeywords.click(WebUiBuiltInKeywords.groovy:616)
	at com.kms.katalon.core.webui.keyword.WebUiBuiltInKeywords$click$4.call(Unknown Source)
	at Checkout- Payment.run(Checkout- Payment:38)
	at com.kms.katalon.core.main.ScriptEngine.run(ScriptEngine.java:194)
	at com.kms.katalon.core.main.ScriptEngine.runScriptAsRawText(ScriptEngine.java:119)
	at com.kms.katalon.core.main.TestCaseExecutor.runScript(TestCaseExecutor.java:328)
	at com.kms.katalon.core.main.TestCaseExecutor.doExecute(TestCaseExecutor.java:319)
	at com.kms.katalon.core.main.TestCaseExecutor.processExecutionPhase(TestCaseExecutor.java:298)
	at com.kms.katalon.core.main.TestCaseExecutor.accessMainPhase(TestCaseExecutor.java:290)
	at com.kms.katalon.core.main.TestCaseExecutor.execute(TestCaseExecutor.java:224)
	at com.kms.katalon.core.main.TestSuiteExecutor.accessTestCaseMainPhase(TestSuiteExecutor.java:129)
	at com.kms.katalon.core.main.TestSuiteExecutor.accessTestSuiteMainPhase(TestSuiteExecutor.java:112)
	at com.kms.katalon.core.main.TestSuiteExecutor.execute(TestSuiteExecutor.java:81)
	at com.kms.katalon.core.main.TestCaseMain.startTestSuite(TestCaseMain.java:149)
	at com.kms.katalon.core.main.TestCaseMain$startTestSuite$0.call(Unknown Source)
	at TempTestSuite1560973018737.run(TempTestSuite1560973018737.groovy:36)


2019-06-19 15:40:28 - [MESSAGE][FAILED] - Unable to click on object 'Object Repository/OCS-MOBILE /Collection page/Product image - 1st one' (Root cause: org.openqa.selenium.WebDriverException: element click intercepted: Element <div class="product-tile__image">...</div> is not clickable at point (150, 544). Other element would receive the click: <iframe title="Preview Bar" id="preview-bar-iframe" src="https://ocs.ca/preview_bar" sandbox="allow-same-origin allow-scripts" style="position: fixed; bottom: 0px; left: 0px; z-index: 2147483647; width: 100%; border: none; box-shadow: rgba(0, 0, 0, 0.2) 0px -1px 3px; overflow: hidden; transform: translateY(0px); transition: transform 300ms ease 0s; height: 92px;"></iframe>
  (Session info: chrome=76.0.3809.25)
  (Driver info: chromedriver=76.0.3809.25 (a0c95f440512e06df1c9c206f2d79cc20be18bb1-refs/branch-heads/3809@{#271}),platform=Mac OS X 10.13.6 x86_64) (WARNING: The server did not provide any stacktrace information)
Command duration or timeout: 51 milliseconds
Build info: version: '2.53.0', revision: '35ae25b', time: '2016-03-15 17:00:58'
System info: host: 'mac-207-254-12-193.browserstack.com', ip: '207.254.12.193', os.name: 'Mac OS X', os.arch: 'x86_64', os.version: '10.13.6', java.version: '1.8.0_51'
Driver info: org.openqa.selenium.chrome.ChromeDriver
Capabilities [{mobileEmulationEnabled=false, timeouts={implicit=0, pageLoad=300000, script=30000}, hasTouchScreen=false, platform=MAC, acceptSslCerts=false, goog:chromeOptions={debuggerAddress=localhost:63587}, acceptInsecureCerts=false, webStorageEnabled=true, browserName=chrome, takesScreenshot=true, javascriptEnabled=true, setWindowRect=true, unexpectedAlertBehaviour=ignore, applicationCacheEnabled=false, rotatable=false, networkConnectionEnabled=false, chrome={chromedriverVersion=76.0.3809.25 (a0c95f440512e06df1c9c206f2d79cc20be18bb1-refs/branch-heads/3809@{#271}), userDataDir=/var/folders/3y/zz_w6_s56sl__vcrf3r5bhzr0000hr/T/.com.google.Chrome.2AWeml}, takesHeapSnapshot=true, pageLoadStrategy=normal, strictFileInteractability=false, databaseEnabled=false, handlesAlerts=true, version=76.0.3809.25, browserConnectionEnabled=false, proxy={}, nativeEvents=true, locationContextEnabled=true, cssSelectorsEnabled=true}]
Session ID: bdd6a978fc9ec271d03504e27d219709
Command duration or timeout: 0 milliseconds)
[[ATTACHMENT|/Users/sumankompelly/Relative xpath-Mobile/Reports/recordings - ( 1.10.2 )/20190619_153658/1560973227967.png]]

2019-06-19 15:40:28 - [MESSAGE][FAILED] - click(findTestObject("OCS-MOBILE /Collection page/Product image - 1st one")) FAILED.
Reason:
com.kms.katalon.core.exception.StepFailedException: Unable to click on object 'Object Repository/OCS-MOBILE /Collection page/Product image - 1st one' (Root cause: org.openqa.selenium.WebDriverException: element click intercepted: Element <div class="product-tile__image">...</div> is not clickable at point (150, 544). Other element would receive the click: <iframe title="Preview Bar" id="preview-bar-iframe" src="https://ocs.ca/preview_bar" sandbox="allow-same-origin allow-scripts" style="position: fixed; bottom: 0px; left: 0px; z-index: 2147483647; width: 100%; border: none; box-shadow: rgba(0, 0, 0, 0.2) 0px -1px 3px; overflow: hidden; transform: translateY(0px); transition: transform 300ms ease 0s; height: 92px;"></iframe>
  (Session info: chrome=76.0.3809.25)
  (Driver info: chromedriver=76.0.3809.25 (a0c95f440512e06df1c9c206f2d79cc20be18bb1-refs/branch-heads/3809@{#271}),platform=Mac OS X 10.13.6 x86_64) (WARNING: The server did not provide any stacktrace information)
Command duration or timeout: 51 milliseconds
Build info: version: '2.53.0', revision: '35ae25b', time: '2016-03-15 17:00:58'
System info: host: 'mac-207-254-12-193.browserstack.com', ip: '207.254.12.193', os.name: 'Mac OS X', os.arch: 'x86_64', os.version: '10.13.6', java.version: '1.8.0_51'
Driver info: org.openqa.selenium.chrome.ChromeDriver
Capabilities [{mobileEmulationEnabled=false, timeouts={implicit=0, pageLoad=300000, script=30000}, hasTouchScreen=false, platform=MAC, acceptSslCerts=false, goog:chromeOptions={debuggerAddress=localhost:63587}, acceptInsecureCerts=false, webStorageEnabled=true, browserName=chrome, takesScreenshot=true, javascriptEnabled=true, setWindowRect=true, unexpectedAlertBehaviour=ignore, applicationCacheEnabled=false, rotatable=false, networkConnectionEnabled=false, chrome={chromedriverVersion=76.0.3809.25 (a0c95f440512e06df1c9c206f2d79cc20be18bb1-refs/branch-heads/3809@{#271}), userDataDir=/var/folders/3y/zz_w6_s56sl__vcrf3r5bhzr0000hr/T/.com.google.Chrome.2AWeml}, takesHeapSnapshot=true, pageLoadStrategy=normal, strictFileInteractability=false, databaseEnabled=false, handlesAlerts=true, version=76.0.3809.25, browserConnectionEnabled=false, proxy={}, nativeEvents=true, locationContextEnabled=true, cssSelectorsEnabled=true}]
Session ID: bdd6a978fc9ec271d03504e27d219709
Command duration or timeout: 0 milliseconds)
	at com.kms.katalon.core.keyword.internal.KeywordMain.stepFailed(KeywordMain.groovy:36)
	at com.kms.katalon.core.webui.keyword.internal.WebUIKeywordMain.stepFailed(WebUIKeywordMain.groovy:65)
	at com.kms.katalon.core.webui.keyword.internal.WebUIKeywordMain.runKeyword(WebUIKeywordMain.groovy:27)
	at com.kms.katalon.core.webui.keyword.builtin.ClickKeyword.click(ClickKeyword.groovy:86)
	at com.kms.katalon.core.webui.keyword.builtin.ClickKeyword.execute(ClickKeyword.groovy:67)
	at com.kms.katalon.core.keyword.internal.KeywordExecutor.executeKeywordForPlatform(KeywordExecutor.groovy:53)
	at com.kms.katalon.core.webui.keyword.WebUiBuiltInKeywords.click(WebUiBuiltInKeywords.groovy:616)
	at com.kms.katalon.core.webui.keyword.WebUiBuiltInKeywords$click$4.call(Unknown Source)
	at Checkout- Payment.run(Checkout- Payment:38)
	at com.kms.katalon.core.main.ScriptEngine.run(ScriptEngine.java:194)
	at com.kms.katalon.core.main.ScriptEngine.runScriptAsRawText(ScriptEngine.java:119)
	at com.kms.katalon.core.main.TestCaseExecutor.runScript(TestCaseExecutor.java:328)
	at com.kms.katalon.core.main.TestCaseExecutor.doExecute(TestCaseExecutor.java:319)
	at com.kms.katalon.core.main.TestCaseExecutor.processExecutionPhase(TestCaseExecutor.java:298)
	at com.kms.katalon.core.main.TestCaseExecutor.accessMainPhase(TestCaseExecutor.java:290)
	at com.kms.katalon.core.main.TestCaseExecutor.execute(TestCaseExecutor.java:224)
	at com.kms.katalon.core.main.TestSuiteExecutor.accessTestCaseMainPhase(TestSuiteExecutor.java:129)
	at com.kms.katalon.core.main.TestSuiteExecutor.accessTestSuiteMainPhase(TestSuiteExecutor.java:112)
	at com.kms.katalon.core.main.TestSuiteExecutor.execute(TestSuiteExecutor.java:81)
	at com.kms.katalon.core.main.TestCaseMain.startTestSuite(TestCaseMain.java:149)
	at com.kms.katalon.core.main.TestCaseMain$startTestSuite$0.call(Unknown Source)
	at TempTestSuite1560973018737.run(TempTestSuite1560973018737.groovy:36)]]></system-out>
         <system-err><![CDATA[2019-06-19 15:39:25 - [TEST_CASE][FAILED] - Test Cases/OCS - MOBILE/OCS- CRITICAL PATH/Checkout- Payment: Test Cases/OCS - MOBILE/OCS- CRITICAL PATH/Checkout- Payment FAILED.
Reason:
com.kms.katalon.core.exception.StepFailedException: Unable to click on object 'Object Repository/OCS-MOBILE /Collection page/Product image - 1st one' (Root cause: org.openqa.selenium.WebDriverException: element click intercepted: Element <div class="product-tile__image">...</div> is not clickable at point (150, 544). Other element would receive the click: <iframe title="Preview Bar" id="preview-bar-iframe" src="https://ocs.ca/preview_bar" sandbox="allow-same-origin allow-scripts" style="position: fixed; bottom: 0px; left: 0px; z-index: 2147483647; width: 100%; border: none; box-shadow: rgba(0, 0, 0, 0.2) 0px -1px 3px; overflow: hidden; transform: translateY(0px); transition: transform 300ms ease 0s; height: 92px;"></iframe>
  (Session info: chrome=76.0.3809.25)
  (Driver info: chromedriver=76.0.3809.25 (a0c95f440512e06df1c9c206f2d79cc20be18bb1-refs/branch-heads/3809@{#271}),platform=Mac OS X 10.13.6 x86_64) (WARNING: The server did not provide any stacktrace information)
Command duration or timeout: 51 milliseconds
Build info: version: '2.53.0', revision: '35ae25b', time: '2016-03-15 17:00:58'
System info: host: 'mac-207-254-12-193.browserstack.com', ip: '207.254.12.193', os.name: 'Mac OS X', os.arch: 'x86_64', os.version: '10.13.6', java.version: '1.8.0_51'
Driver info: org.openqa.selenium.chrome.ChromeDriver
Capabilities [{mobileEmulationEnabled=false, timeouts={implicit=0, pageLoad=300000, script=30000}, hasTouchScreen=false, platform=MAC, acceptSslCerts=false, goog:chromeOptions={debuggerAddress=localhost:63587}, acceptInsecureCerts=false, webStorageEnabled=true, browserName=chrome, takesScreenshot=true, javascriptEnabled=true, setWindowRect=true, unexpectedAlertBehaviour=ignore, applicationCacheEnabled=false, rotatable=false, networkConnectionEnabled=false, chrome={chromedriverVersion=76.0.3809.25 (a0c95f440512e06df1c9c206f2d79cc20be18bb1-refs/branch-heads/3809@{#271}), userDataDir=/var/folders/3y/zz_w6_s56sl__vcrf3r5bhzr0000hr/T/.com.google.Chrome.2AWeml}, takesHeapSnapshot=true, pageLoadStrategy=normal, strictFileInteractability=false, databaseEnabled=false, handlesAlerts=true, version=76.0.3809.25, browserConnectionEnabled=false, proxy={}, nativeEvents=true, locationContextEnabled=true, cssSelectorsEnabled=true}]
Session ID: bdd6a978fc9ec271d03504e27d219709
Command duration or timeout: 0 milliseconds)
	at com.kms.katalon.core.keyword.internal.KeywordMain.stepFailed(KeywordMain.groovy:36)
	at com.kms.katalon.core.webui.keyword.internal.WebUIKeywordMain.stepFailed(WebUIKeywordMain.groovy:65)
	at com.kms.katalon.core.webui.keyword.internal.WebUIKeywordMain.runKeyword(WebUIKeywordMain.groovy:27)
	at com.kms.katalon.core.webui.keyword.builtin.ClickKeyword.click(ClickKeyword.groovy:86)
	at com.kms.katalon.core.webui.keyword.builtin.ClickKeyword.execute(ClickKeyword.groovy:67)
	at com.kms.katalon.core.keyword.internal.KeywordExecutor.executeKeywordForPlatform(KeywordExecutor.groovy:53)
	at com.kms.katalon.core.webui.keyword.WebUiBuiltInKeywords.click(WebUiBuiltInKeywords.groovy:616)
	at com.kms.katalon.core.webui.keyword.WebUiBuiltInKeywords$click$4.call(Unknown Source)
	at Checkout- Payment.run(Checkout- Payment:38)
	at com.kms.katalon.core.main.ScriptEngine.run(ScriptEngine.java:194)
	at com.kms.katalon.core.main.ScriptEngine.runScriptAsRawText(ScriptEngine.java:119)
	at com.kms.katalon.core.main.TestCaseExecutor.runScript(TestCaseExecutor.java:328)
	at com.kms.katalon.core.main.TestCaseExecutor.doExecute(TestCaseExecutor.java:319)
	at com.kms.katalon.core.main.TestCaseExecutor.processExecutionPhase(TestCaseExecutor.java:298)
	at com.kms.katalon.core.main.TestCaseExecutor.accessMainPhase(TestCaseExecutor.java:290)
	at com.kms.katalon.core.main.TestCaseExecutor.execute(TestCaseExecutor.java:224)
	at com.kms.katalon.core.main.TestSuiteExecutor.accessTestCaseMainPhase(TestSuiteExecutor.java:129)
	at com.kms.katalon.core.main.TestSuiteExecutor.accessTestSuiteMainPhase(TestSuiteExecutor.java:112)
	at com.kms.katalon.core.main.TestSuiteExecutor.execute(TestSuiteExecutor.java:81)
	at com.kms.katalon.core.main.TestCaseMain.startTestSuite(TestCaseMain.java:149)
	at com.kms.katalon.core.main.TestCaseMain$startTestSuite$0.call(Unknown Source)
	at TempTestSuite1560973018737.run(TempTestSuite1560973018737.groovy:36)]]></system-err>
      </testcase>
      <testcase name="Test Cases/OCS - MOBILE/OCS- CRITICAL PATH/Checkout - customer information page" classname="Test Cases/OCS - MOBILE/OCS- CRITICAL PATH/Checkout - customer information page" status="FAILED">
         <failure type="FAILED" message="Test Cases/OCS - MOBILE/OCS- CRITICAL PATH/Checkout - customer information page FAILED.
Reason:
com.kms.katalon.core.exception.StepFailedException: Unable to click on object 'Object Repository/OCS-MOBILE /Cart page/cart page-Checkbox_I confirm that' (Root cause: org.openqa.selenium.WebDriverException: element click intercepted: Element &lt;label for=&quot;age_confirm&quot;>...&lt;/label> is not clickable at point (117, 571). Other element would receive the click: &lt;iframe title=&quot;Preview Bar&quot; id=&quot;preview-bar-iframe&quot; src=&quot;https://ocs.ca/preview_bar&quot; sandbox=&quot;allow-same-origin allow-scripts&quot; style=&quot;position: fixed; bottom: 0px; left: 0px; z-index: 2147483647; width: 100%; border: none; box-shadow: rgba(0, 0, 0, 0.2) 0px -1px 3px; overflow: hidden; transform: translateY(0px); transition: transform 300ms ease 0s; height: 92px;&quot;>&lt;/iframe>
  (Session info: chrome=76.0.3809.25)
  (Driver info: chromedriver=76.0.3809.25 (a0c95f440512e06df1c9c206f2d79cc20be18bb1-refs/branch-heads/3809@{#271}),platform=Mac OS X 10.13.6 x86_64) (WARNING: The server did not provide any stacktrace information)
Command duration or timeout: 39 milliseconds
Build info: version: '2.53.0', revision: '35ae25b', time: '2016-03-15 17:00:58'
System info: host: 'mac-207-254-12-136.browserstack.com', ip: '207.254.12.136', os.name: 'Mac OS X', os.arch: 'x86_64', os.version: '10.13.6', java.version: '1.8.0_51'
Driver info: org.openqa.selenium.chrome.ChromeDriver
Capabilities [{mobileEmulationEnabled=false, timeouts={implicit=0, pageLoad=300000, script=30000}, hasTouchScreen=false, platform=MAC, acceptSslCerts=false, goog:chromeOptions={debuggerAddress=localhost:63855}, acceptInsecureCerts=false, webStorageEnabled=true, browserName=chrome, takesScreenshot=true, javascriptEnabled=true, setWindowRect=true, unexpectedAlertBehaviour=ignore, applicationCacheEnabled=false, rotatable=false, networkConnectionEnabled=false, chrome={chromedriverVersion=76.0.3809.25 (a0c95f440512e06df1c9c206f2d79cc20be18bb1-refs/branch-heads/3809@{#271}), userDataDir=/var/folders/3y/zz_w6_s56sl__vcrf3r5bhzr0000hr/T/.com.google.Chrome.FesiIw}, takesHeapSnapshot=true, pageLoadStrategy=normal, strictFileInteractability=false, databaseEnabled=false, handlesAlerts=true, version=76.0.3809.25, browserConnectionEnabled=false, proxy={}, nativeEvents=true, locationContextEnabled=true, cssSelectorsEnabled=true}]
Session ID: ea610ac0e880b4bec39e1a1d69394c47
Command duration or timeout: 0 milliseconds)
	at com.kms.katalon.core.keyword.internal.KeywordMain.stepFailed(KeywordMain.groovy:36)
	at com.kms.katalon.core.webui.keyword.internal.WebUIKeywordMain.stepFailed(WebUIKeywordMain.groovy:65)
	at com.kms.katalon.core.webui.keyword.internal.WebUIKeywordMain.runKeyword(WebUIKeywordMain.groovy:27)
	at com.kms.katalon.core.webui.keyword.builtin.ClickKeyword.click(ClickKeyword.groovy:86)
	at com.kms.katalon.core.webui.keyword.builtin.ClickKeyword.execute(ClickKeyword.groovy:67)
	at com.kms.katalon.core.keyword.internal.KeywordExecutor.executeKeywordForPlatform(KeywordExecutor.groovy:53)
	at com.kms.katalon.core.webui.keyword.WebUiBuiltInKeywords.click(WebUiBuiltInKeywords.groovy:616)
	at com.kms.katalon.core.webui.keyword.WebUiBuiltInKeywords$click$4.call(Unknown Source)
	at Checkout - customer information page.run(Checkout - customer information page:115)
	at com.kms.katalon.core.main.ScriptEngine.run(ScriptEngine.java:194)
	at com.kms.katalon.core.main.ScriptEngine.runScriptAsRawText(ScriptEngine.java:119)
	at com.kms.katalon.core.main.TestCaseExecutor.runScript(TestCaseExecutor.java:328)
	at com.kms.katalon.core.main.TestCaseExecutor.doExecute(TestCaseExecutor.java:319)
	at com.kms.katalon.core.main.TestCaseExecutor.processExecutionPhase(TestCaseExecutor.java:298)
	at com.kms.katalon.core.main.TestCaseExecutor.accessMainPhase(TestCaseExecutor.java:290)
	at com.kms.katalon.core.main.TestCaseExecutor.execute(TestCaseExecutor.java:224)
	at com.kms.katalon.core.main.TestSuiteExecutor.accessTestCaseMainPhase(TestSuiteExecutor.java:129)
	at com.kms.katalon.core.main.TestSuiteExecutor.accessTestSuiteMainPhase(TestSuiteExecutor.java:112)
	at com.kms.katalon.core.main.TestSuiteExecutor.execute(TestSuiteExecutor.java:81)
	at com.kms.katalon.core.main.TestCaseMain.startTestSuite(TestCaseMain.java:149)
	at com.kms.katalon.core.main.TestCaseMain$startTestSuite$0.call(Unknown Source)
	at TempTestSuite1560973018737.run(TempTestSuite1560973018737.groovy:36)
"/>
         <system-out><![CDATA[2019-06-19 15:40:28 - [TEST_CASE][FAILED] - Test Cases/OCS - MOBILE/OCS- CRITICAL PATH/Checkout - customer information page: Test Cases/OCS - MOBILE/OCS- CRITICAL PATH/Checkout - customer information page FAILED.
Reason:
com.kms.katalon.core.exception.StepFailedException: Unable to click on object 'Object Repository/OCS-MOBILE /Cart page/cart page-Checkbox_I confirm that' (Root cause: org.openqa.selenium.WebDriverException: element click intercepted: Element <label for="age_confirm">...</label> is not clickable at point (117, 571). Other element would receive the click: <iframe title="Preview Bar" id="preview-bar-iframe" src="https://ocs.ca/preview_bar" sandbox="allow-same-origin allow-scripts" style="position: fixed; bottom: 0px; left: 0px; z-index: 2147483647; width: 100%; border: none; box-shadow: rgba(0, 0, 0, 0.2) 0px -1px 3px; overflow: hidden; transform: translateY(0px); transition: transform 300ms ease 0s; height: 92px;"></iframe>
  (Session info: chrome=76.0.3809.25)
  (Driver info: chromedriver=76.0.3809.25 (a0c95f440512e06df1c9c206f2d79cc20be18bb1-refs/branch-heads/3809@{#271}),platform=Mac OS X 10.13.6 x86_64) (WARNING: The server did not provide any stacktrace information)
Command duration or timeout: 39 milliseconds
Build info: version: '2.53.0', revision: '35ae25b', time: '2016-03-15 17:00:58'
System info: host: 'mac-207-254-12-136.browserstack.com', ip: '207.254.12.136', os.name: 'Mac OS X', os.arch: 'x86_64', os.version: '10.13.6', java.version: '1.8.0_51'
Driver info: org.openqa.selenium.chrome.ChromeDriver
Capabilities [{mobileEmulationEnabled=false, timeouts={implicit=0, pageLoad=300000, script=30000}, hasTouchScreen=false, platform=MAC, acceptSslCerts=false, goog:chromeOptions={debuggerAddress=localhost:63855}, acceptInsecureCerts=false, webStorageEnabled=true, browserName=chrome, takesScreenshot=true, javascriptEnabled=true, setWindowRect=true, unexpectedAlertBehaviour=ignore, applicationCacheEnabled=false, rotatable=false, networkConnectionEnabled=false, chrome={chromedriverVersion=76.0.3809.25 (a0c95f440512e06df1c9c206f2d79cc20be18bb1-refs/branch-heads/3809@{#271}), userDataDir=/var/folders/3y/zz_w6_s56sl__vcrf3r5bhzr0000hr/T/.com.google.Chrome.FesiIw}, takesHeapSnapshot=true, pageLoadStrategy=normal, strictFileInteractability=false, databaseEnabled=false, handlesAlerts=true, version=76.0.3809.25, browserConnectionEnabled=false, proxy={}, nativeEvents=true, locationContextEnabled=true, cssSelectorsEnabled=true}]
Session ID: ea610ac0e880b4bec39e1a1d69394c47
Command duration or timeout: 0 milliseconds)
	at com.kms.katalon.core.keyword.internal.KeywordMain.stepFailed(KeywordMain.groovy:36)
	at com.kms.katalon.core.webui.keyword.internal.WebUIKeywordMain.stepFailed(WebUIKeywordMain.groovy:65)
	at com.kms.katalon.core.webui.keyword.internal.WebUIKeywordMain.runKeyword(WebUIKeywordMain.groovy:27)
	at com.kms.katalon.core.webui.keyword.builtin.ClickKeyword.click(ClickKeyword.groovy:86)
	at com.kms.katalon.core.webui.keyword.builtin.ClickKeyword.execute(ClickKeyword.groovy:67)
	at com.kms.katalon.core.keyword.internal.KeywordExecutor.executeKeywordForPlatform(KeywordExecutor.groovy:53)
	at com.kms.katalon.core.webui.keyword.WebUiBuiltInKeywords.click(WebUiBuiltInKeywords.groovy:616)
	at com.kms.katalon.core.webui.keyword.WebUiBuiltInKeywords$click$4.call(Unknown Source)
	at Checkout - customer information page.run(Checkout - customer information page:115)
	at com.kms.katalon.core.main.ScriptEngine.run(ScriptEngine.java:194)
	at com.kms.katalon.core.main.ScriptEngine.runScriptAsRawText(ScriptEngine.java:119)
	at com.kms.katalon.core.main.TestCaseExecutor.runScript(TestCaseExecutor.java:328)
	at com.kms.katalon.core.main.TestCaseExecutor.doExecute(TestCaseExecutor.java:319)
	at com.kms.katalon.core.main.TestCaseExecutor.processExecutionPhase(TestCaseExecutor.java:298)
	at com.kms.katalon.core.main.TestCaseExecutor.accessMainPhase(TestCaseExecutor.java:290)
	at com.kms.katalon.core.main.TestCaseExecutor.execute(TestCaseExecutor.java:224)
	at com.kms.katalon.core.main.TestSuiteExecutor.accessTestCaseMainPhase(TestSuiteExecutor.java:129)
	at com.kms.katalon.core.main.TestSuiteExecutor.accessTestSuiteMainPhase(TestSuiteExecutor.java:112)
	at com.kms.katalon.core.main.TestSuiteExecutor.execute(TestSuiteExecutor.java:81)
	at com.kms.katalon.core.main.TestCaseMain.startTestSuite(TestCaseMain.java:149)
	at com.kms.katalon.core.main.TestCaseMain$startTestSuite$0.call(Unknown Source)
	at TempTestSuite1560973018737.run(TempTestSuite1560973018737.groovy:36)


2019-06-19 15:40:28 - [TEST_STEP][PASSED] - callTestCase(findTestCase("OCS - MOBILE/CALL - AGE GATE"), [:], STOP_ON_FAILURE): Call Test Case 'Test Cases/OCS - MOBILE/CALL - AGE GATE' successfully

2019-06-19 15:40:28 - [TEST_CASE][PASSED] - Test Cases/OCS - MOBILE/CALL - AGE GATE: Test Cases/OCS - MOBILE/CALL - AGE GATE

2019-06-19 15:40:28 - [TEST_STEP][PASSED] - openBrowser(""): Browser is opened with url: ''

2019-06-19 15:40:28 - [MESSAGE][WARNING] - A browser is already opened. Closing browser and opening a new one

2019-06-19 15:40:29 - [MESSAGE][INFO] - Starting 'Remote' driver

2019-06-19 15:40:29 - [MESSAGE][INFO] - User set preference: ['os', 'OS X']

2019-06-19 15:40:29 - [MESSAGE][INFO] - User set preference: ['os_version', 'High Sierra']

2019-06-19 15:40:29 - [MESSAGE][INFO] - User set preference: ['browser', 'Chrome']

2019-06-19 15:40:29 - [MESSAGE][INFO] - User set preference: ['browser_version', '76.0 beta']

2019-06-19 15:40:29 - [MESSAGE][INFO] - User set preference: ['browserstack.local', 'false']

2019-06-19 15:40:29 - [MESSAGE][INFO] - Connecting to remote web server 'https://dianatest3:Z3oqw9ysqTeRQJq5wFCp@hub-cloud.browserstack.com/wd/hub' with type 'Selenium'

2019-06-19 15:40:34 - [MESSAGE][PASSED] - Browser is opened with url: ''

2019-06-19 15:40:34 - [TEST_STEP][PASSED] - navigateToUrl("https://ocs.ca/?fts=0&preview_theme_id=72920106828"): Navigate to 'https://ocs.ca/?fts=0&preview_theme_id=72920106828' successfully

2019-06-19 15:40:39 - [MESSAGE][PASSED] - Navigate to 'https://ocs.ca/?fts=0&preview_theme_id=72920106828' successfully

2019-06-19 15:40:39 - [TEST_STEP][PASSED] - executeJavaScript("var previewBar = document.getElementById("preview-bar-iframe"); previewBar.style.display = "none";", []): Execute JavaScript 'var previewBar = document.getElementById("preview-bar-iframe"); previewBar.style.display = "none";' successfully

2019-06-19 15:40:39 - [MESSAGE][PASSED] - Execute JavaScript 'var previewBar = document.getElementById("preview-bar-iframe"); previewBar.style.display = "none";' successfully

2019-06-19 15:40:39 - [TEST_STEP][PASSED] - setViewPortSize(360, 800): Viewport is set to new size with width = 360 and height = 800

2019-06-19 15:40:40 - [MESSAGE][PASSED] - Viewport is set to new size with width = 360 and height = 800

2019-06-19 15:40:40 - [TEST_STEP][PASSED] - delay(4): Delayed 4 second(s)

2019-06-19 15:40:44 - [MESSAGE][PASSED] - Delayed 4 second(s)

2019-06-19 15:40:44 - [TEST_STEP][PASSED] - selectOptionByValue(findTestObject("OCS-MOBILE /Age gate and burger menu/Date"), "12", true): All options with value '12' are selected in object 'Object Repository/OCS-MOBILE /Age gate and burger menu/Date'  using regular expression

2019-06-19 15:40:48 - [MESSAGE][PASSED] - All options with value '12' are selected in object 'Object Repository/OCS-MOBILE /Age gate and burger menu/Date'  using regular expression

2019-06-19 15:40:48 - [TEST_STEP][PASSED] - selectOptionByValue(findTestObject("OCS-MOBILE /Age gate and burger menu/month"), "6", true): All options with value '6' are selected in object 'Object Repository/OCS-MOBILE /Age gate and burger menu/month'  using regular expression

2019-06-19 15:40:50 - [MESSAGE][PASSED] - All options with value '6' are selected in object 'Object Repository/OCS-MOBILE /Age gate and burger menu/month'  using regular expression

2019-06-19 15:40:50 - [TEST_STEP][PASSED] - delay(2): Delayed 2 second(s)

2019-06-19 15:40:52 - [MESSAGE][PASSED] - Delayed 2 second(s)

2019-06-19 15:40:52 - [TEST_STEP][PASSED] - selectOptionByValue(findTestObject("OCS-MOBILE /Age gate and burger menu/Year Dropdown"), "1990", true): All options with value '1990' are selected in object 'Object Repository/OCS-MOBILE /Age gate and burger menu/Year Dropdown'  using regular expression

2019-06-19 15:41:04 - [MESSAGE][PASSED] - All options with value '1990' are selected in object 'Object Repository/OCS-MOBILE /Age gate and burger menu/Year Dropdown'  using regular expression

2019-06-19 15:41:04 - [TEST_STEP][PASSED] - click(findTestObject("OCS-MOBILE /Age gate and Mega menu/button_Verify")): Object: 'Object Repository/OCS-MOBILE /Age gate and Mega menu/button_Verify' is clicked on

2019-06-19 15:41:05 - [MESSAGE][PASSED] - Object: 'Object Repository/OCS-MOBILE /Age gate and Mega menu/button_Verify' is clicked on

2019-06-19 15:41:05 - [TEST_STEP][PASSED] - click(findTestObject("OCS-MOBILE /Age gate and Mega menu/Checkbox_CONFIRM AND ACKNOWLEDGE")): Object: 'Object Repository/OCS-MOBILE /Age gate and Mega menu/Checkbox_CONFIRM AND ACKNOWLEDGE' is clicked on

2019-06-19 15:41:05 - [MESSAGE][PASSED] - Object: 'Object Repository/OCS-MOBILE /Age gate and Mega menu/Checkbox_CONFIRM AND ACKNOWLEDGE' is clicked on

2019-06-19 15:41:05 - [TEST_STEP][PASSED] - click(findTestObject("OCS-MOBILE /Age gate and Mega menu/button_CONFIRM")): Object: 'Object Repository/OCS-MOBILE /Age gate and Mega menu/button_CONFIRM' is clicked on

2019-06-19 15:41:05 - [MESSAGE][PASSED] - Object: 'Object Repository/OCS-MOBILE /Age gate and Mega menu/button_CONFIRM' is clicked on

2019-06-19 15:41:05 - [TEST_STEP][PASSED] - click(findTestObject("OCS-MOBILE /Age gate and Mega menu/button_Start Browsing")): Object: 'Object Repository/OCS-MOBILE /Age gate and Mega menu/button_Start Browsing' is clicked on

2019-06-19 15:41:06 - [MESSAGE][PASSED] - Object: 'Object Repository/OCS-MOBILE /Age gate and Mega menu/button_Start Browsing' is clicked on

2019-06-19 15:41:06 - [TEST_STEP][PASSED] - refresh(): Refresh successfully

2019-06-19 15:41:06 - [MESSAGE][PASSED] - Refresh successfully

2019-06-19 15:41:06 - [TEST_STEP][PASSED] - executeJavaScript("var previewBar = document.getElementById("preview-bar-iframe"); previewBar.style.display = "none";", []): Execute JavaScript 'var previewBar = document.getElementById("preview-bar-iframe"); previewBar.style.display = "none";' successfully

2019-06-19 15:41:10 - [MESSAGE][PASSED] - Execute JavaScript 'var previewBar = document.getElementById("preview-bar-iframe"); previewBar.style.display = "none";' successfully

2019-06-19 15:41:10 - [MESSAGE][PASSED] - Call Test Case 'Test Cases/OCS - MOBILE/CALL - AGE GATE' successfully

2019-06-19 15:41:10 - [TEST_STEP][PASSED] - delay(2): Delayed 2 second(s)

2019-06-19 15:41:12 - [MESSAGE][PASSED] - Delayed 2 second(s)

2019-06-19 15:41:12 - [TEST_STEP][PASSED] - refresh(): Refresh successfully

2019-06-19 15:41:12 - [MESSAGE][PASSED] - Refresh successfully

2019-06-19 15:41:12 - [TEST_STEP][PASSED] - click(findTestObject("OCS-MOBILE /Age gate and burger menu/Burger menu - English")): Object: 'Object Repository/OCS-MOBILE /Age gate and burger menu/Burger menu - English' is clicked on

2019-06-19 15:41:16 - [MESSAGE][PASSED] - Object: 'Object Repository/OCS-MOBILE /Age gate and burger menu/Burger menu - English' is clicked on

2019-06-19 15:41:16 - [TEST_STEP][PASSED] - delay(2): Delayed 2 second(s)

2019-06-19 15:41:18 - [MESSAGE][PASSED] - Delayed 2 second(s)

2019-06-19 15:41:18 - [TEST_STEP][PASSED] - click(findTestObject("OCS-MOBILE /Age gate and burger menu/Chevron_Cannabis")): Object: 'Object Repository/OCS-MOBILE /Age gate and burger menu/Chevron_Cannabis' is clicked on

2019-06-19 15:41:18 - [MESSAGE][PASSED] - Object: 'Object Repository/OCS-MOBILE /Age gate and burger menu/Chevron_Cannabis' is clicked on

2019-06-19 15:41:18 - [TEST_STEP][PASSED] - delay(2): Delayed 2 second(s)

2019-06-19 15:41:20 - [MESSAGE][PASSED] - Delayed 2 second(s)

2019-06-19 15:41:20 - [TEST_STEP][PASSED] - click(findTestObject("OCS-MOBILE /Age gate and burger menu/Dried Flower_Plus icon")): Object: 'Object Repository/OCS-MOBILE /Age gate and burger menu/Dried Flower_Plus icon' is clicked on

2019-06-19 15:41:20 - [MESSAGE][PASSED] - Object: 'Object Repository/OCS-MOBILE /Age gate and burger menu/Dried Flower_Plus icon' is clicked on

2019-06-19 15:41:20 - [TEST_STEP][PASSED] - delay(2): Delayed 2 second(s)

2019-06-19 15:41:22 - [MESSAGE][PASSED] - Delayed 2 second(s)

2019-06-19 15:41:22 - [TEST_STEP][PASSED] - click(findTestObject("OCS-MOBILE /Age gate and burger menu/Indica Dominant_Menu item")): Object: 'Object Repository/OCS-MOBILE /Age gate and burger menu/Indica Dominant_Menu item' is clicked on

2019-06-19 15:41:26 - [MESSAGE][PASSED] - Object: 'Object Repository/OCS-MOBILE /Age gate and burger menu/Indica Dominant_Menu item' is clicked on

2019-06-19 15:41:26 - [TEST_STEP][PASSED] - executeJavaScript("var previewBar = document.getElementById("preview-bar-iframe"); previewBar.style.display = "none";", []): Execute JavaScript 'var previewBar = document.getElementById("preview-bar-iframe"); previewBar.style.display = "none";' successfully

2019-06-19 15:41:26 - [MESSAGE][PASSED] - Execute JavaScript 'var previewBar = document.getElementById("preview-bar-iframe"); previewBar.style.display = "none";' successfully

2019-06-19 15:41:26 - [TEST_STEP][PASSED] - delay(2): Delayed 2 second(s)

2019-06-19 15:41:28 - [MESSAGE][PASSED] - Delayed 2 second(s)

2019-06-19 15:41:28 - [TEST_STEP][PASSED] - click(findTestObject("OCS-MOBILE /Collection page/Product image - 1st one")): Object: 'Object Repository/OCS-MOBILE /Collection page/Product image - 1st one' is clicked on

2019-06-19 15:41:31 - [MESSAGE][PASSED] - Object: 'Object Repository/OCS-MOBILE /Collection page/Product image - 1st one' is clicked on

2019-06-19 15:41:31 - [TEST_STEP][PASSED] - delay(1): Delayed 1 second(s)

2019-06-19 15:41:32 - [MESSAGE][PASSED] - Delayed 1 second(s)

2019-06-19 15:41:32 - [TEST_STEP][PASSED] - delay(3): Delayed 3 second(s)

2019-06-19 15:41:35 - [MESSAGE][PASSED] - Delayed 3 second(s)

2019-06-19 15:41:35 - [TEST_STEP][NOT_RUN] - scrollToElement(findTestObject("OCS-MOBILE /Product page/Product image"), 1): NOT_RUN: scrollToElement(findTestObject("OCS-MOBILE /Product page/Product image"), 1)

2019-06-19 15:41:35 - [MESSAGE][NOT_RUN] - NOT_RUN: scrollToElement(findTestObject("OCS-MOBILE /Product page/Product image"), 1)

2019-06-19 15:41:35 - [TEST_STEP][PASSED] - navigateToUrl("https://ocs.ca/products/dream-weaver"): Navigate to 'https://ocs.ca/products/dream-weaver' successfully

2019-06-19 15:41:39 - [MESSAGE][PASSED] - Navigate to 'https://ocs.ca/products/dream-weaver' successfully

2019-06-19 15:41:39 - [TEST_STEP][PASSED] - executeJavaScript("var previewBar = document.getElementById("preview-bar-iframe"); previewBar.style.display = "none";", []): Execute JavaScript 'var previewBar = document.getElementById("preview-bar-iframe"); previewBar.style.display = "none";' successfully

2019-06-19 15:41:39 - [MESSAGE][PASSED] - Execute JavaScript 'var previewBar = document.getElementById("preview-bar-iframe"); previewBar.style.display = "none";' successfully

2019-06-19 15:41:39 - [TEST_STEP][PASSED] - click(findTestObject("OCS-MOBILE /Product page/Swatch_3.5g")): Object: 'Object Repository/OCS-MOBILE /Product page/Swatch_3.5g' is clicked on

2019-06-19 15:41:40 - [MESSAGE][PASSED] - Object: 'Object Repository/OCS-MOBILE /Product page/Swatch_3.5g' is clicked on

2019-06-19 15:41:40 - [TEST_STEP][PASSED] - delay(2): Delayed 2 second(s)

2019-06-19 15:41:42 - [MESSAGE][PASSED] - Delayed 2 second(s)

2019-06-19 15:41:42 - [TEST_STEP][PASSED] - click(findTestObject("OCS-MOBILE /Product page/Add to Bag-button")): Object: 'Object Repository/OCS-MOBILE /Product page/Add to Bag-button' is clicked on

2019-06-19 15:41:42 - [MESSAGE][PASSED] - Object: 'Object Repository/OCS-MOBILE /Product page/Add to Bag-button' is clicked on

2019-06-19 15:41:42 - [TEST_STEP][PASSED] - delay(2): Delayed 2 second(s)

2019-06-19 15:41:44 - [MESSAGE][PASSED] - Delayed 2 second(s)

2019-06-19 15:41:44 - [TEST_STEP][NOT_RUN] - click(findTestObject("OCS-MOBILE /Home - page/Cart icon -bag")): NOT_RUN: click(findTestObject("OCS-MOBILE /Home - page/Cart icon -bag"))

2019-06-19 15:41:44 - [MESSAGE][NOT_RUN] - NOT_RUN: click(findTestObject("OCS-MOBILE /Home - page/Cart icon -bag"))

2019-06-19 15:41:44 - [TEST_STEP][PASSED] - delay(2): Delayed 2 second(s)

2019-06-19 15:41:46 - [MESSAGE][PASSED] - Delayed 2 second(s)

2019-06-19 15:41:46 - [TEST_STEP][PASSED] - click(findTestObject("OCS-MOBILE /Cart flyout/Checkbox_I confirm that")): Object: 'Object Repository/OCS-MOBILE /Cart flyout/Checkbox_I confirm that' is clicked on

2019-06-19 15:41:46 - [MESSAGE][PASSED] - Object: 'Object Repository/OCS-MOBILE /Cart flyout/Checkbox_I confirm that' is clicked on

2019-06-19 15:41:46 - [TEST_STEP][PASSED] - delay(2): Delayed 2 second(s)

2019-06-19 15:41:48 - [MESSAGE][PASSED] - Delayed 2 second(s)

2019-06-19 15:41:48 - [TEST_STEP][PASSED] - click(findTestObject("OCS-MOBILE /Cart flyout/Checkbox_Accept the Terms Condition")): Object: 'Object Repository/OCS-MOBILE /Cart flyout/Checkbox_Accept the Terms Condition' is clicked on

2019-06-19 15:41:49 - [MESSAGE][PASSED] - Object: 'Object Repository/OCS-MOBILE /Cart flyout/Checkbox_Accept the Terms Condition' is clicked on

2019-06-19 15:41:49 - [TEST_STEP][PASSED] - delay(1): Delayed 1 second(s)

2019-06-19 15:41:50 - [MESSAGE][PASSED] - Delayed 1 second(s)

2019-06-19 15:41:50 - [TEST_STEP][PASSED] - click(findTestObject("OCS-MOBILE /Cart flyout/Checkout - Button")): Object: 'Object Repository/OCS-MOBILE /Cart flyout/Checkout - Button' is clicked on

2019-06-19 15:41:53 - [MESSAGE][PASSED] - Object: 'Object Repository/OCS-MOBILE /Cart flyout/Checkout - Button' is clicked on

2019-06-19 15:41:53 - [TEST_STEP][PASSED] - delay(2): Delayed 2 second(s)

2019-06-19 15:41:55 - [MESSAGE][PASSED] - Delayed 2 second(s)

2019-06-19 15:41:55 - [TEST_STEP][PASSED] - executeJavaScript("var previewBar = document.getElementById("preview-bar-iframe"); previewBar.style.display = "none";", []): Execute JavaScript 'var previewBar = document.getElementById("preview-bar-iframe"); previewBar.style.display = "none";' successfully

2019-06-19 15:41:55 - [MESSAGE][PASSED] - Execute JavaScript 'var previewBar = document.getElementById("preview-bar-iframe"); previewBar.style.display = "none";' successfully

2019-06-19 15:41:55 - [TEST_STEP][PASSED] - delay(1): Delayed 1 second(s)

2019-06-19 15:41:56 - [MESSAGE][PASSED] - Delayed 1 second(s)

2019-06-19 15:41:56 - [TEST_STEP][PASSED] - click(findTestObject("OCS-MOBILE /Customer info page/Chevron_OrderSummary")): Object: 'Object Repository/OCS-MOBILE /Customer info page/Chevron_OrderSummary' is clicked on

2019-06-19 15:41:56 - [MESSAGE][PASSED] - Object: 'Object Repository/OCS-MOBILE /Customer info page/Chevron_OrderSummary' is clicked on

2019-06-19 15:41:56 - [TEST_STEP][PASSED] - delay(2): Delayed 2 second(s)

2019-06-19 15:41:58 - [MESSAGE][PASSED] - Delayed 2 second(s)

2019-06-19 15:41:58 - [TEST_STEP][PASSED] - scrollToElement(findTestObject("OCS-MOBILE /Customer info page/input_Email"), 0): Scroll to object 'Object Repository/OCS-MOBILE /Customer info page/input_Email' successfully

2019-06-19 15:41:58 - [MESSAGE][WARNING] - Timeout '0' is invalid. Using default page load timeout: '30'

2019-06-19 15:41:59 - [MESSAGE][PASSED] - Scroll to object 'Object Repository/OCS-MOBILE /Customer info page/input_Email' successfully

2019-06-19 15:41:59 - [TEST_STEP][PASSED] - setText(findTestObject("OCS-MOBILE /Customer info page/input_Email"), "suman.kompelly@diffagency.com"): Text 'suman.kompelly@diffagency.com' is set on object 'Object Repository/OCS-MOBILE /Customer info page/input_Email'

2019-06-19 15:41:59 - [MESSAGE][PASSED] - Text 'suman.kompelly@diffagency.com' is set on object 'Object Repository/OCS-MOBILE /Customer info page/input_Email'

2019-06-19 15:41:59 - [TEST_STEP][PASSED] - setText(findTestObject("OCS-MOBILE /Customer info page/input_First name"), "suman"): Text 'suman' is set on object 'Object Repository/OCS-MOBILE /Customer info page/input_First name'

2019-06-19 15:42:00 - [MESSAGE][PASSED] - Text 'suman' is set on object 'Object Repository/OCS-MOBILE /Customer info page/input_First name'

2019-06-19 15:42:00 - [TEST_STEP][PASSED] - setText(findTestObject("OCS-MOBILE /Customer info page/input_Last name"), "kompelly"): Text 'kompelly' is set on object 'Object Repository/OCS-MOBILE /Customer info page/input_Last name'

2019-06-19 15:42:00 - [MESSAGE][PASSED] - Text 'kompelly' is set on object 'Object Repository/OCS-MOBILE /Customer info page/input_Last name'

2019-06-19 15:42:00 - [TEST_STEP][PASSED] - setText(findTestObject("OCS-MOBILE /Customer info page/input_Address"), "300 saint alxendre"): Text '300 saint alxendre' is set on object 'Object Repository/OCS-MOBILE /Customer info page/input_Address'

2019-06-19 15:42:01 - [MESSAGE][PASSED] - Text '300 saint alxendre' is set on object 'Object Repository/OCS-MOBILE /Customer info page/input_Address'

2019-06-19 15:42:01 - [TEST_STEP][PASSED] - setText(findTestObject("OCS-MOBILE /Customer info page/input_Apartment suite etc. (op"), "199"): Text '199' is set on object 'Object Repository/OCS-MOBILE /Customer info page/input_Apartment suite etc. (op'

2019-06-19 15:42:02 - [MESSAGE][PASSED] - Text '199' is set on object 'Object Repository/OCS-MOBILE /Customer info page/input_Apartment suite etc. (op'

2019-06-19 15:42:02 - [TEST_STEP][PASSED] - setText(findTestObject("OCS-MOBILE /Customer info page/input_City"), "montreal"): Text 'montreal' is set on object 'Object Repository/OCS-MOBILE /Customer info page/input_City'

2019-06-19 15:42:02 - [MESSAGE][PASSED] - Text 'montreal' is set on object 'Object Repository/OCS-MOBILE /Customer info page/input_City'

2019-06-19 15:42:02 - [TEST_STEP][PASSED] - setText(findTestObject("OCS-MOBILE /Customer info page/input_Postal code"), "n0R1K0"): Text 'n0R1K0' is set on object 'Object Repository/OCS-MOBILE /Customer info page/input_Postal code'

2019-06-19 15:42:03 - [MESSAGE][PASSED] - Text 'n0R1K0' is set on object 'Object Repository/OCS-MOBILE /Customer info page/input_Postal code'

2019-06-19 15:42:03 - [TEST_STEP][PASSED] - setText(findTestObject("OCS-MOBILE /Customer info page/input_Phone"), "(514) 449-3882"): Text '(514) 449-3882' is set on object 'Object Repository/OCS-MOBILE /Customer info page/input_Phone'

2019-06-19 15:42:03 - [MESSAGE][PASSED] - Text '(514) 449-3882' is set on object 'Object Repository/OCS-MOBILE /Customer info page/input_Phone'

2019-06-19 15:42:03 - [TEST_STEP][PASSED] - delay(1): Delayed 1 second(s)

2019-06-19 15:42:04 - [MESSAGE][PASSED] - Delayed 1 second(s)

2019-06-19 15:42:04 - [TEST_STEP][PASSED] - scrollToElement(findTestObject("OCS-MOBILE /Customer info page/Return to Cart - Link"), 1): Scroll to object 'Object Repository/OCS-MOBILE /Customer info page/Return to Cart - Link' successfully

2019-06-19 15:42:05 - [MESSAGE][PASSED] - Scroll to object 'Object Repository/OCS-MOBILE /Customer info page/Return to Cart - Link' successfully

2019-06-19 15:42:05 - [TEST_STEP][PASSED] - delay(1): Delayed 1 second(s)

2019-06-19 15:42:06 - [MESSAGE][PASSED] - Delayed 1 second(s)

2019-06-19 15:42:06 - [TEST_STEP][PASSED] - click(findTestObject("OCS-MOBILE /Customer info page/Return to Cart - Link")): Object: 'Object Repository/OCS-MOBILE /Customer info page/Return to Cart - Link' is clicked on

2019-06-19 15:42:07 - [MESSAGE][PASSED] - Object: 'Object Repository/OCS-MOBILE /Customer info page/Return to Cart - Link' is clicked on

2019-06-19 15:42:07 - [TEST_STEP][PASSED] - delay(1): Delayed 1 second(s)

2019-06-19 15:42:08 - [MESSAGE][PASSED] - Delayed 1 second(s)

2019-06-19 15:42:08 - [TEST_STEP][FAILED] - click(findTestObject("OCS-MOBILE /Cart page/cart page-Checkbox_I confirm that")): click(findTestObject("OCS-MOBILE /Cart page/cart page-Checkbox_I confirm that")) FAILED.
Reason:
com.kms.katalon.core.exception.StepFailedException: Unable to click on object 'Object Repository/OCS-MOBILE /Cart page/cart page-Checkbox_I confirm that' (Root cause: org.openqa.selenium.WebDriverException: element click intercepted: Element <label for="age_confirm">...</label> is not clickable at point (117, 571). Other element would receive the click: <iframe title="Preview Bar" id="preview-bar-iframe" src="https://ocs.ca/preview_bar" sandbox="allow-same-origin allow-scripts" style="position: fixed; bottom: 0px; left: 0px; z-index: 2147483647; width: 100%; border: none; box-shadow: rgba(0, 0, 0, 0.2) 0px -1px 3px; overflow: hidden; transform: translateY(0px); transition: transform 300ms ease 0s; height: 92px;"></iframe>
  (Session info: chrome=76.0.3809.25)
  (Driver info: chromedriver=76.0.3809.25 (a0c95f440512e06df1c9c206f2d79cc20be18bb1-refs/branch-heads/3809@{#271}),platform=Mac OS X 10.13.6 x86_64) (WARNING: The server did not provide any stacktrace information)
Command duration or timeout: 39 milliseconds
Build info: version: '2.53.0', revision: '35ae25b', time: '2016-03-15 17:00:58'
System info: host: 'mac-207-254-12-136.browserstack.com', ip: '207.254.12.136', os.name: 'Mac OS X', os.arch: 'x86_64', os.version: '10.13.6', java.version: '1.8.0_51'
Driver info: org.openqa.selenium.chrome.ChromeDriver
Capabilities [{mobileEmulationEnabled=false, timeouts={implicit=0, pageLoad=300000, script=30000}, hasTouchScreen=false, platform=MAC, acceptSslCerts=false, goog:chromeOptions={debuggerAddress=localhost:63855}, acceptInsecureCerts=false, webStorageEnabled=true, browserName=chrome, takesScreenshot=true, javascriptEnabled=true, setWindowRect=true, unexpectedAlertBehaviour=ignore, applicationCacheEnabled=false, rotatable=false, networkConnectionEnabled=false, chrome={chromedriverVersion=76.0.3809.25 (a0c95f440512e06df1c9c206f2d79cc20be18bb1-refs/branch-heads/3809@{#271}), userDataDir=/var/folders/3y/zz_w6_s56sl__vcrf3r5bhzr0000hr/T/.com.google.Chrome.FesiIw}, takesHeapSnapshot=true, pageLoadStrategy=normal, strictFileInteractability=false, databaseEnabled=false, handlesAlerts=true, version=76.0.3809.25, browserConnectionEnabled=false, proxy={}, nativeEvents=true, locationContextEnabled=true, cssSelectorsEnabled=true}]
Session ID: ea610ac0e880b4bec39e1a1d69394c47
Command duration or timeout: 0 milliseconds)
	at com.kms.katalon.core.keyword.internal.KeywordMain.stepFailed(KeywordMain.groovy:36)
	at com.kms.katalon.core.webui.keyword.internal.WebUIKeywordMain.stepFailed(WebUIKeywordMain.groovy:65)
	at com.kms.katalon.core.webui.keyword.internal.WebUIKeywordMain.runKeyword(WebUIKeywordMain.groovy:27)
	at com.kms.katalon.core.webui.keyword.builtin.ClickKeyword.click(ClickKeyword.groovy:86)
	at com.kms.katalon.core.webui.keyword.builtin.ClickKeyword.execute(ClickKeyword.groovy:67)
	at com.kms.katalon.core.keyword.internal.KeywordExecutor.executeKeywordForPlatform(KeywordExecutor.groovy:53)
	at com.kms.katalon.core.webui.keyword.WebUiBuiltInKeywords.click(WebUiBuiltInKeywords.groovy:616)
	at com.kms.katalon.core.webui.keyword.WebUiBuiltInKeywords$click$4.call(Unknown Source)
	at Checkout - customer information page.run(Checkout - customer information page:115)
	at com.kms.katalon.core.main.ScriptEngine.run(ScriptEngine.java:194)
	at com.kms.katalon.core.main.ScriptEngine.runScriptAsRawText(ScriptEngine.java:119)
	at com.kms.katalon.core.main.TestCaseExecutor.runScript(TestCaseExecutor.java:328)
	at com.kms.katalon.core.main.TestCaseExecutor.doExecute(TestCaseExecutor.java:319)
	at com.kms.katalon.core.main.TestCaseExecutor.processExecutionPhase(TestCaseExecutor.java:298)
	at com.kms.katalon.core.main.TestCaseExecutor.accessMainPhase(TestCaseExecutor.java:290)
	at com.kms.katalon.core.main.TestCaseExecutor.execute(TestCaseExecutor.java:224)
	at com.kms.katalon.core.main.TestSuiteExecutor.accessTestCaseMainPhase(TestSuiteExecutor.java:129)
	at com.kms.katalon.core.main.TestSuiteExecutor.accessTestSuiteMainPhase(TestSuiteExecutor.java:112)
	at com.kms.katalon.core.main.TestSuiteExecutor.execute(TestSuiteExecutor.java:81)
	at com.kms.katalon.core.main.TestCaseMain.startTestSuite(TestCaseMain.java:149)
	at com.kms.katalon.core.main.TestCaseMain$startTestSuite$0.call(Unknown Source)
	at TempTestSuite1560973018737.run(TempTestSuite1560973018737.groovy:36)


2019-06-19 15:42:09 - [MESSAGE][FAILED] - Unable to click on object 'Object Repository/OCS-MOBILE /Cart page/cart page-Checkbox_I confirm that' (Root cause: org.openqa.selenium.WebDriverException: element click intercepted: Element <label for="age_confirm">...</label> is not clickable at point (117, 571). Other element would receive the click: <iframe title="Preview Bar" id="preview-bar-iframe" src="https://ocs.ca/preview_bar" sandbox="allow-same-origin allow-scripts" style="position: fixed; bottom: 0px; left: 0px; z-index: 2147483647; width: 100%; border: none; box-shadow: rgba(0, 0, 0, 0.2) 0px -1px 3px; overflow: hidden; transform: translateY(0px); transition: transform 300ms ease 0s; height: 92px;"></iframe>
  (Session info: chrome=76.0.3809.25)
  (Driver info: chromedriver=76.0.3809.25 (a0c95f440512e06df1c9c206f2d79cc20be18bb1-refs/branch-heads/3809@{#271}),platform=Mac OS X 10.13.6 x86_64) (WARNING: The server did not provide any stacktrace information)
Command duration or timeout: 39 milliseconds
Build info: version: '2.53.0', revision: '35ae25b', time: '2016-03-15 17:00:58'
System info: host: 'mac-207-254-12-136.browserstack.com', ip: '207.254.12.136', os.name: 'Mac OS X', os.arch: 'x86_64', os.version: '10.13.6', java.version: '1.8.0_51'
Driver info: org.openqa.selenium.chrome.ChromeDriver
Capabilities [{mobileEmulationEnabled=false, timeouts={implicit=0, pageLoad=300000, script=30000}, hasTouchScreen=false, platform=MAC, acceptSslCerts=false, goog:chromeOptions={debuggerAddress=localhost:63855}, acceptInsecureCerts=false, webStorageEnabled=true, browserName=chrome, takesScreenshot=true, javascriptEnabled=true, setWindowRect=true, unexpectedAlertBehaviour=ignore, applicationCacheEnabled=false, rotatable=false, networkConnectionEnabled=false, chrome={chromedriverVersion=76.0.3809.25 (a0c95f440512e06df1c9c206f2d79cc20be18bb1-refs/branch-heads/3809@{#271}), userDataDir=/var/folders/3y/zz_w6_s56sl__vcrf3r5bhzr0000hr/T/.com.google.Chrome.FesiIw}, takesHeapSnapshot=true, pageLoadStrategy=normal, strictFileInteractability=false, databaseEnabled=false, handlesAlerts=true, version=76.0.3809.25, browserConnectionEnabled=false, proxy={}, nativeEvents=true, locationContextEnabled=true, cssSelectorsEnabled=true}]
Session ID: ea610ac0e880b4bec39e1a1d69394c47
Command duration or timeout: 0 milliseconds)
[[ATTACHMENT|/Users/sumankompelly/Relative xpath-Mobile/Reports/recordings - ( 1.10.2 )/20190619_153658/1560973329117.png]]

2019-06-19 15:42:09 - [MESSAGE][FAILED] - click(findTestObject("OCS-MOBILE /Cart page/cart page-Checkbox_I confirm that")) FAILED.
Reason:
com.kms.katalon.core.exception.StepFailedException: Unable to click on object 'Object Repository/OCS-MOBILE /Cart page/cart page-Checkbox_I confirm that' (Root cause: org.openqa.selenium.WebDriverException: element click intercepted: Element <label for="age_confirm">...</label> is not clickable at point (117, 571). Other element would receive the click: <iframe title="Preview Bar" id="preview-bar-iframe" src="https://ocs.ca/preview_bar" sandbox="allow-same-origin allow-scripts" style="position: fixed; bottom: 0px; left: 0px; z-index: 2147483647; width: 100%; border: none; box-shadow: rgba(0, 0, 0, 0.2) 0px -1px 3px; overflow: hidden; transform: translateY(0px); transition: transform 300ms ease 0s; height: 92px;"></iframe>
  (Session info: chrome=76.0.3809.25)
  (Driver info: chromedriver=76.0.3809.25 (a0c95f440512e06df1c9c206f2d79cc20be18bb1-refs/branch-heads/3809@{#271}),platform=Mac OS X 10.13.6 x86_64) (WARNING: The server did not provide any stacktrace information)
Command duration or timeout: 39 milliseconds
Build info: version: '2.53.0', revision: '35ae25b', time: '2016-03-15 17:00:58'
System info: host: 'mac-207-254-12-136.browserstack.com', ip: '207.254.12.136', os.name: 'Mac OS X', os.arch: 'x86_64', os.version: '10.13.6', java.version: '1.8.0_51'
Driver info: org.openqa.selenium.chrome.ChromeDriver
Capabilities [{mobileEmulationEnabled=false, timeouts={implicit=0, pageLoad=300000, script=30000}, hasTouchScreen=false, platform=MAC, acceptSslCerts=false, goog:chromeOptions={debuggerAddress=localhost:63855}, acceptInsecureCerts=false, webStorageEnabled=true, browserName=chrome, takesScreenshot=true, javascriptEnabled=true, setWindowRect=true, unexpectedAlertBehaviour=ignore, applicationCacheEnabled=false, rotatable=false, networkConnectionEnabled=false, chrome={chromedriverVersion=76.0.3809.25 (a0c95f440512e06df1c9c206f2d79cc20be18bb1-refs/branch-heads/3809@{#271}), userDataDir=/var/folders/3y/zz_w6_s56sl__vcrf3r5bhzr0000hr/T/.com.google.Chrome.FesiIw}, takesHeapSnapshot=true, pageLoadStrategy=normal, strictFileInteractability=false, databaseEnabled=false, handlesAlerts=true, version=76.0.3809.25, browserConnectionEnabled=false, proxy={}, nativeEvents=true, locationContextEnabled=true, cssSelectorsEnabled=true}]
Session ID: ea610ac0e880b4bec39e1a1d69394c47
Command duration or timeout: 0 milliseconds)
	at com.kms.katalon.core.keyword.internal.KeywordMain.stepFailed(KeywordMain.groovy:36)
	at com.kms.katalon.core.webui.keyword.internal.WebUIKeywordMain.stepFailed(WebUIKeywordMain.groovy:65)
	at com.kms.katalon.core.webui.keyword.internal.WebUIKeywordMain.runKeyword(WebUIKeywordMain.groovy:27)
	at com.kms.katalon.core.webui.keyword.builtin.ClickKeyword.click(ClickKeyword.groovy:86)
	at com.kms.katalon.core.webui.keyword.builtin.ClickKeyword.execute(ClickKeyword.groovy:67)
	at com.kms.katalon.core.keyword.internal.KeywordExecutor.executeKeywordForPlatform(KeywordExecutor.groovy:53)
	at com.kms.katalon.core.webui.keyword.WebUiBuiltInKeywords.click(WebUiBuiltInKeywords.groovy:616)
	at com.kms.katalon.core.webui.keyword.WebUiBuiltInKeywords$click$4.call(Unknown Source)
	at Checkout - customer information page.run(Checkout - customer information page:115)
	at com.kms.katalon.core.main.ScriptEngine.run(ScriptEngine.java:194)
	at com.kms.katalon.core.main.ScriptEngine.runScriptAsRawText(ScriptEngine.java:119)
	at com.kms.katalon.core.main.TestCaseExecutor.runScript(TestCaseExecutor.java:328)
	at com.kms.katalon.core.main.TestCaseExecutor.doExecute(TestCaseExecutor.java:319)
	at com.kms.katalon.core.main.TestCaseExecutor.processExecutionPhase(TestCaseExecutor.java:298)
	at com.kms.katalon.core.main.TestCaseExecutor.accessMainPhase(TestCaseExecutor.java:290)
	at com.kms.katalon.core.main.TestCaseExecutor.execute(TestCaseExecutor.java:224)
	at com.kms.katalon.core.main.TestSuiteExecutor.accessTestCaseMainPhase(TestSuiteExecutor.java:129)
	at com.kms.katalon.core.main.TestSuiteExecutor.accessTestSuiteMainPhase(TestSuiteExecutor.java:112)
	at com.kms.katalon.core.main.TestSuiteExecutor.execute(TestSuiteExecutor.java:81)
	at com.kms.katalon.core.main.TestCaseMain.startTestSuite(TestCaseMain.java:149)
	at com.kms.katalon.core.main.TestCaseMain$startTestSuite$0.call(Unknown Source)
	at TempTestSuite1560973018737.run(TempTestSuite1560973018737.groovy:36)]]></system-out>
         <system-err><![CDATA[2019-06-19 15:40:28 - [TEST_CASE][FAILED] - Test Cases/OCS - MOBILE/OCS- CRITICAL PATH/Checkout - customer information page: Test Cases/OCS - MOBILE/OCS- CRITICAL PATH/Checkout - customer information page FAILED.
Reason:
com.kms.katalon.core.exception.StepFailedException: Unable to click on object 'Object Repository/OCS-MOBILE /Cart page/cart page-Checkbox_I confirm that' (Root cause: org.openqa.selenium.WebDriverException: element click intercepted: Element <label for="age_confirm">...</label> is not clickable at point (117, 571). Other element would receive the click: <iframe title="Preview Bar" id="preview-bar-iframe" src="https://ocs.ca/preview_bar" sandbox="allow-same-origin allow-scripts" style="position: fixed; bottom: 0px; left: 0px; z-index: 2147483647; width: 100%; border: none; box-shadow: rgba(0, 0, 0, 0.2) 0px -1px 3px; overflow: hidden; transform: translateY(0px); transition: transform 300ms ease 0s; height: 92px;"></iframe>
  (Session info: chrome=76.0.3809.25)
  (Driver info: chromedriver=76.0.3809.25 (a0c95f440512e06df1c9c206f2d79cc20be18bb1-refs/branch-heads/3809@{#271}),platform=Mac OS X 10.13.6 x86_64) (WARNING: The server did not provide any stacktrace information)
Command duration or timeout: 39 milliseconds
Build info: version: '2.53.0', revision: '35ae25b', time: '2016-03-15 17:00:58'
System info: host: 'mac-207-254-12-136.browserstack.com', ip: '207.254.12.136', os.name: 'Mac OS X', os.arch: 'x86_64', os.version: '10.13.6', java.version: '1.8.0_51'
Driver info: org.openqa.selenium.chrome.ChromeDriver
Capabilities [{mobileEmulationEnabled=false, timeouts={implicit=0, pageLoad=300000, script=30000}, hasTouchScreen=false, platform=MAC, acceptSslCerts=false, goog:chromeOptions={debuggerAddress=localhost:63855}, acceptInsecureCerts=false, webStorageEnabled=true, browserName=chrome, takesScreenshot=true, javascriptEnabled=true, setWindowRect=true, unexpectedAlertBehaviour=ignore, applicationCacheEnabled=false, rotatable=false, networkConnectionEnabled=false, chrome={chromedriverVersion=76.0.3809.25 (a0c95f440512e06df1c9c206f2d79cc20be18bb1-refs/branch-heads/3809@{#271}), userDataDir=/var/folders/3y/zz_w6_s56sl__vcrf3r5bhzr0000hr/T/.com.google.Chrome.FesiIw}, takesHeapSnapshot=true, pageLoadStrategy=normal, strictFileInteractability=false, databaseEnabled=false, handlesAlerts=true, version=76.0.3809.25, browserConnectionEnabled=false, proxy={}, nativeEvents=true, locationContextEnabled=true, cssSelectorsEnabled=true}]
Session ID: ea610ac0e880b4bec39e1a1d69394c47
Command duration or timeout: 0 milliseconds)
	at com.kms.katalon.core.keyword.internal.KeywordMain.stepFailed(KeywordMain.groovy:36)
	at com.kms.katalon.core.webui.keyword.internal.WebUIKeywordMain.stepFailed(WebUIKeywordMain.groovy:65)
	at com.kms.katalon.core.webui.keyword.internal.WebUIKeywordMain.runKeyword(WebUIKeywordMain.groovy:27)
	at com.kms.katalon.core.webui.keyword.builtin.ClickKeyword.click(ClickKeyword.groovy:86)
	at com.kms.katalon.core.webui.keyword.builtin.ClickKeyword.execute(ClickKeyword.groovy:67)
	at com.kms.katalon.core.keyword.internal.KeywordExecutor.executeKeywordForPlatform(KeywordExecutor.groovy:53)
	at com.kms.katalon.core.webui.keyword.WebUiBuiltInKeywords.click(WebUiBuiltInKeywords.groovy:616)
	at com.kms.katalon.core.webui.keyword.WebUiBuiltInKeywords$click$4.call(Unknown Source)
	at Checkout - customer information page.run(Checkout - customer information page:115)
	at com.kms.katalon.core.main.ScriptEngine.run(ScriptEngine.java:194)
	at com.kms.katalon.core.main.ScriptEngine.runScriptAsRawText(ScriptEngine.java:119)
	at com.kms.katalon.core.main.TestCaseExecutor.runScript(TestCaseExecutor.java:328)
	at com.kms.katalon.core.main.TestCaseExecutor.doExecute(TestCaseExecutor.java:319)
	at com.kms.katalon.core.main.TestCaseExecutor.processExecutionPhase(TestCaseExecutor.java:298)
	at com.kms.katalon.core.main.TestCaseExecutor.accessMainPhase(TestCaseExecutor.java:290)
	at com.kms.katalon.core.main.TestCaseExecutor.execute(TestCaseExecutor.java:224)
	at com.kms.katalon.core.main.TestSuiteExecutor.accessTestCaseMainPhase(TestSuiteExecutor.java:129)
	at com.kms.katalon.core.main.TestSuiteExecutor.accessTestSuiteMainPhase(TestSuiteExecutor.java:112)
	at com.kms.katalon.core.main.TestSuiteExecutor.execute(TestSuiteExecutor.java:81)
	at com.kms.katalon.core.main.TestCaseMain.startTestSuite(TestCaseMain.java:149)
	at com.kms.katalon.core.main.TestCaseMain$startTestSuite$0.call(Unknown Source)
	at TempTestSuite1560973018737.run(TempTestSuite1560973018737.groovy:36)]]></system-err>
      </testcase>
      <testcase name="Test Cases/OCS - MOBILE/OCS- CRITICAL PATH/Cart flyout-tooltips" classname="Test Cases/OCS - MOBILE/OCS- CRITICAL PATH/Cart flyout-tooltips" status="FAILED">
         <failure type="FAILED" message="Test Cases/OCS - MOBILE/OCS- CRITICAL PATH/Cart flyout-tooltips FAILED.
Reason:
com.kms.katalon.core.exception.StepFailedException: Unable to click on object 'Object Repository/OCS-MOBILE /Collection page/Product image - 1st one' (Root cause: org.openqa.selenium.WebDriverException: element click intercepted: Element &lt;div class=&quot;product-tile__image&quot;>...&lt;/div> is not clickable at point (150, 544). Other element would receive the click: &lt;iframe title=&quot;Preview Bar&quot; id=&quot;preview-bar-iframe&quot; src=&quot;https://ocs.ca/preview_bar&quot; sandbox=&quot;allow-same-origin allow-scripts&quot; style=&quot;position: fixed; bottom: 0px; left: 0px; z-index: 2147483647; width: 100%; border: none; box-shadow: rgba(0, 0, 0, 0.2) 0px -1px 3px; overflow: hidden; transform: translateY(0px); transition: transform 300ms ease 0s; height: 92px;&quot;>&lt;/iframe>
  (Session info: chrome=76.0.3809.25)
  (Driver info: chromedriver=76.0.3809.25 (a0c95f440512e06df1c9c206f2d79cc20be18bb1-refs/branch-heads/3809@{#271}),platform=Mac OS X 10.13.6 x86_64) (WARNING: The server did not provide any stacktrace information)
Command duration or timeout: 59 milliseconds
Build info: version: '2.53.0', revision: '35ae25b', time: '2016-03-15 17:00:58'
System info: host: 'mac-207-254-12-138.browserstack.com', ip: '207.254.12.138', os.name: 'Mac OS X', os.arch: 'x86_64', os.version: '10.13.6', java.version: '1.8.0_51'
Driver info: org.openqa.selenium.chrome.ChromeDriver
Capabilities [{mobileEmulationEnabled=false, timeouts={implicit=0, pageLoad=300000, script=30000}, hasTouchScreen=false, platform=MAC, acceptSslCerts=false, goog:chromeOptions={debuggerAddress=localhost:62873}, acceptInsecureCerts=false, webStorageEnabled=true, browserName=chrome, takesScreenshot=true, javascriptEnabled=true, setWindowRect=true, unexpectedAlertBehaviour=ignore, applicationCacheEnabled=false, rotatable=false, networkConnectionEnabled=false, chrome={chromedriverVersion=76.0.3809.25 (a0c95f440512e06df1c9c206f2d79cc20be18bb1-refs/branch-heads/3809@{#271}), userDataDir=/var/folders/3y/zz_w6_s56sl__vcrf3r5bhzr0000hr/T/.com.google.Chrome.HhVWoU}, takesHeapSnapshot=true, pageLoadStrategy=normal, strictFileInteractability=false, databaseEnabled=false, handlesAlerts=true, version=76.0.3809.25, browserConnectionEnabled=false, proxy={}, nativeEvents=true, locationContextEnabled=true, cssSelectorsEnabled=true}]
Session ID: 500cce6316b292497242add96f101843
Command duration or timeout: 0 milliseconds)
	at com.kms.katalon.core.keyword.internal.KeywordMain.stepFailed(KeywordMain.groovy:36)
	at com.kms.katalon.core.webui.keyword.internal.WebUIKeywordMain.stepFailed(WebUIKeywordMain.groovy:65)
	at com.kms.katalon.core.webui.keyword.internal.WebUIKeywordMain.runKeyword(WebUIKeywordMain.groovy:27)
	at com.kms.katalon.core.webui.keyword.builtin.ClickKeyword.click(ClickKeyword.groovy:86)
	at com.kms.katalon.core.webui.keyword.builtin.ClickKeyword.execute(ClickKeyword.groovy:67)
	at com.kms.katalon.core.keyword.internal.KeywordExecutor.executeKeywordForPlatform(KeywordExecutor.groovy:53)
	at com.kms.katalon.core.webui.keyword.WebUiBuiltInKeywords.click(WebUiBuiltInKeywords.groovy:616)
	at com.kms.katalon.core.webui.keyword.WebUiBuiltInKeywords$click$4.call(Unknown Source)
	at Cart flyout-tooltips.run(Cart flyout-tooltips:36)
	at com.kms.katalon.core.main.ScriptEngine.run(ScriptEngine.java:194)
	at com.kms.katalon.core.main.ScriptEngine.runScriptAsRawText(ScriptEngine.java:119)
	at com.kms.katalon.core.main.TestCaseExecutor.runScript(TestCaseExecutor.java:328)
	at com.kms.katalon.core.main.TestCaseExecutor.doExecute(TestCaseExecutor.java:319)
	at com.kms.katalon.core.main.TestCaseExecutor.processExecutionPhase(TestCaseExecutor.java:298)
	at com.kms.katalon.core.main.TestCaseExecutor.accessMainPhase(TestCaseExecutor.java:290)
	at com.kms.katalon.core.main.TestCaseExecutor.execute(TestCaseExecutor.java:224)
	at com.kms.katalon.core.main.TestSuiteExecutor.accessTestCaseMainPhase(TestSuiteExecutor.java:129)
	at com.kms.katalon.core.main.TestSuiteExecutor.accessTestSuiteMainPhase(TestSuiteExecutor.java:112)
	at com.kms.katalon.core.main.TestSuiteExecutor.execute(TestSuiteExecutor.java:81)
	at com.kms.katalon.core.main.TestCaseMain.startTestSuite(TestCaseMain.java:149)
	at com.kms.katalon.core.main.TestCaseMain$startTestSuite$0.call(Unknown Source)
	at TempTestSuite1560973018737.run(TempTestSuite1560973018737.groovy:36)
"/>
         <system-out><![CDATA[2019-06-19 15:42:09 - [TEST_CASE][FAILED] - Test Cases/OCS - MOBILE/OCS- CRITICAL PATH/Cart flyout-tooltips: Test Cases/OCS - MOBILE/OCS- CRITICAL PATH/Cart flyout-tooltips FAILED.
Reason:
com.kms.katalon.core.exception.StepFailedException: Unable to click on object 'Object Repository/OCS-MOBILE /Collection page/Product image - 1st one' (Root cause: org.openqa.selenium.WebDriverException: element click intercepted: Element <div class="product-tile__image">...</div> is not clickable at point (150, 544). Other element would receive the click: <iframe title="Preview Bar" id="preview-bar-iframe" src="https://ocs.ca/preview_bar" sandbox="allow-same-origin allow-scripts" style="position: fixed; bottom: 0px; left: 0px; z-index: 2147483647; width: 100%; border: none; box-shadow: rgba(0, 0, 0, 0.2) 0px -1px 3px; overflow: hidden; transform: translateY(0px); transition: transform 300ms ease 0s; height: 92px;"></iframe>
  (Session info: chrome=76.0.3809.25)
  (Driver info: chromedriver=76.0.3809.25 (a0c95f440512e06df1c9c206f2d79cc20be18bb1-refs/branch-heads/3809@{#271}),platform=Mac OS X 10.13.6 x86_64) (WARNING: The server did not provide any stacktrace information)
Command duration or timeout: 59 milliseconds
Build info: version: '2.53.0', revision: '35ae25b', time: '2016-03-15 17:00:58'
System info: host: 'mac-207-254-12-138.browserstack.com', ip: '207.254.12.138', os.name: 'Mac OS X', os.arch: 'x86_64', os.version: '10.13.6', java.version: '1.8.0_51'
Driver info: org.openqa.selenium.chrome.ChromeDriver
Capabilities [{mobileEmulationEnabled=false, timeouts={implicit=0, pageLoad=300000, script=30000}, hasTouchScreen=false, platform=MAC, acceptSslCerts=false, goog:chromeOptions={debuggerAddress=localhost:62873}, acceptInsecureCerts=false, webStorageEnabled=true, browserName=chrome, takesScreenshot=true, javascriptEnabled=true, setWindowRect=true, unexpectedAlertBehaviour=ignore, applicationCacheEnabled=false, rotatable=false, networkConnectionEnabled=false, chrome={chromedriverVersion=76.0.3809.25 (a0c95f440512e06df1c9c206f2d79cc20be18bb1-refs/branch-heads/3809@{#271}), userDataDir=/var/folders/3y/zz_w6_s56sl__vcrf3r5bhzr0000hr/T/.com.google.Chrome.HhVWoU}, takesHeapSnapshot=true, pageLoadStrategy=normal, strictFileInteractability=false, databaseEnabled=false, handlesAlerts=true, version=76.0.3809.25, browserConnectionEnabled=false, proxy={}, nativeEvents=true, locationContextEnabled=true, cssSelectorsEnabled=true}]
Session ID: 500cce6316b292497242add96f101843
Command duration or timeout: 0 milliseconds)
	at com.kms.katalon.core.keyword.internal.KeywordMain.stepFailed(KeywordMain.groovy:36)
	at com.kms.katalon.core.webui.keyword.internal.WebUIKeywordMain.stepFailed(WebUIKeywordMain.groovy:65)
	at com.kms.katalon.core.webui.keyword.internal.WebUIKeywordMain.runKeyword(WebUIKeywordMain.groovy:27)
	at com.kms.katalon.core.webui.keyword.builtin.ClickKeyword.click(ClickKeyword.groovy:86)
	at com.kms.katalon.core.webui.keyword.builtin.ClickKeyword.execute(ClickKeyword.groovy:67)
	at com.kms.katalon.core.keyword.internal.KeywordExecutor.executeKeywordForPlatform(KeywordExecutor.groovy:53)
	at com.kms.katalon.core.webui.keyword.WebUiBuiltInKeywords.click(WebUiBuiltInKeywords.groovy:616)
	at com.kms.katalon.core.webui.keyword.WebUiBuiltInKeywords$click$4.call(Unknown Source)
	at Cart flyout-tooltips.run(Cart flyout-tooltips:36)
	at com.kms.katalon.core.main.ScriptEngine.run(ScriptEngine.java:194)
	at com.kms.katalon.core.main.ScriptEngine.runScriptAsRawText(ScriptEngine.java:119)
	at com.kms.katalon.core.main.TestCaseExecutor.runScript(TestCaseExecutor.java:328)
	at com.kms.katalon.core.main.TestCaseExecutor.doExecute(TestCaseExecutor.java:319)
	at com.kms.katalon.core.main.TestCaseExecutor.processExecutionPhase(TestCaseExecutor.java:298)
	at com.kms.katalon.core.main.TestCaseExecutor.accessMainPhase(TestCaseExecutor.java:290)
	at com.kms.katalon.core.main.TestCaseExecutor.execute(TestCaseExecutor.java:224)
	at com.kms.katalon.core.main.TestSuiteExecutor.accessTestCaseMainPhase(TestSuiteExecutor.java:129)
	at com.kms.katalon.core.main.TestSuiteExecutor.accessTestSuiteMainPhase(TestSuiteExecutor.java:112)
	at com.kms.katalon.core.main.TestSuiteExecutor.execute(TestSuiteExecutor.java:81)
	at com.kms.katalon.core.main.TestCaseMain.startTestSuite(TestCaseMain.java:149)
	at com.kms.katalon.core.main.TestCaseMain$startTestSuite$0.call(Unknown Source)
	at TempTestSuite1560973018737.run(TempTestSuite1560973018737.groovy:36)


2019-06-19 15:42:10 - [TEST_STEP][PASSED] - callTestCase(findTestCase("OCS - MOBILE/CALL - AGE GATE"), [:], STOP_ON_FAILURE): Call Test Case 'Test Cases/OCS - MOBILE/CALL - AGE GATE' successfully

2019-06-19 15:42:10 - [TEST_CASE][PASSED] - Test Cases/OCS - MOBILE/CALL - AGE GATE: Test Cases/OCS - MOBILE/CALL - AGE GATE

2019-06-19 15:42:10 - [TEST_STEP][PASSED] - openBrowser(""): Browser is opened with url: ''

2019-06-19 15:42:10 - [MESSAGE][WARNING] - A browser is already opened. Closing browser and opening a new one

2019-06-19 15:42:10 - [MESSAGE][INFO] - Starting 'Remote' driver

2019-06-19 15:42:10 - [MESSAGE][INFO] - User set preference: ['os', 'OS X']

2019-06-19 15:42:10 - [MESSAGE][INFO] - User set preference: ['os_version', 'High Sierra']

2019-06-19 15:42:10 - [MESSAGE][INFO] - User set preference: ['browser', 'Chrome']

2019-06-19 15:42:10 - [MESSAGE][INFO] - User set preference: ['browser_version', '76.0 beta']

2019-06-19 15:42:10 - [MESSAGE][INFO] - User set preference: ['browserstack.local', 'false']

2019-06-19 15:42:10 - [MESSAGE][INFO] - Connecting to remote web server 'https://dianatest3:Z3oqw9ysqTeRQJq5wFCp@hub-cloud.browserstack.com/wd/hub' with type 'Selenium'

2019-06-19 15:42:15 - [MESSAGE][PASSED] - Browser is opened with url: ''

2019-06-19 15:42:15 - [TEST_STEP][PASSED] - navigateToUrl("https://ocs.ca/?fts=0&preview_theme_id=72920106828"): Navigate to 'https://ocs.ca/?fts=0&preview_theme_id=72920106828' successfully

2019-06-19 15:42:20 - [MESSAGE][PASSED] - Navigate to 'https://ocs.ca/?fts=0&preview_theme_id=72920106828' successfully

2019-06-19 15:42:20 - [TEST_STEP][PASSED] - executeJavaScript("var previewBar = document.getElementById("preview-bar-iframe"); previewBar.style.display = "none";", []): Execute JavaScript 'var previewBar = document.getElementById("preview-bar-iframe"); previewBar.style.display = "none";' successfully

2019-06-19 15:42:20 - [MESSAGE][PASSED] - Execute JavaScript 'var previewBar = document.getElementById("preview-bar-iframe"); previewBar.style.display = "none";' successfully

2019-06-19 15:42:20 - [TEST_STEP][PASSED] - setViewPortSize(360, 800): Viewport is set to new size with width = 360 and height = 800

2019-06-19 15:42:20 - [MESSAGE][PASSED] - Viewport is set to new size with width = 360 and height = 800

2019-06-19 15:42:20 - [TEST_STEP][PASSED] - delay(4): Delayed 4 second(s)

2019-06-19 15:42:24 - [MESSAGE][PASSED] - Delayed 4 second(s)

2019-06-19 15:42:24 - [TEST_STEP][PASSED] - selectOptionByValue(findTestObject("OCS-MOBILE /Age gate and burger menu/Date"), "12", true): All options with value '12' are selected in object 'Object Repository/OCS-MOBILE /Age gate and burger menu/Date'  using regular expression

2019-06-19 15:42:28 - [MESSAGE][PASSED] - All options with value '12' are selected in object 'Object Repository/OCS-MOBILE /Age gate and burger menu/Date'  using regular expression

2019-06-19 15:42:28 - [TEST_STEP][PASSED] - selectOptionByValue(findTestObject("OCS-MOBILE /Age gate and burger menu/month"), "6", true): All options with value '6' are selected in object 'Object Repository/OCS-MOBILE /Age gate and burger menu/month'  using regular expression

2019-06-19 15:42:30 - [MESSAGE][PASSED] - All options with value '6' are selected in object 'Object Repository/OCS-MOBILE /Age gate and burger menu/month'  using regular expression

2019-06-19 15:42:30 - [TEST_STEP][PASSED] - delay(2): Delayed 2 second(s)

2019-06-19 15:42:32 - [MESSAGE][PASSED] - Delayed 2 second(s)

2019-06-19 15:42:32 - [TEST_STEP][PASSED] - selectOptionByValue(findTestObject("OCS-MOBILE /Age gate and burger menu/Year Dropdown"), "1990", true): All options with value '1990' are selected in object 'Object Repository/OCS-MOBILE /Age gate and burger menu/Year Dropdown'  using regular expression

2019-06-19 15:42:45 - [MESSAGE][PASSED] - All options with value '1990' are selected in object 'Object Repository/OCS-MOBILE /Age gate and burger menu/Year Dropdown'  using regular expression

2019-06-19 15:42:45 - [TEST_STEP][PASSED] - click(findTestObject("OCS-MOBILE /Age gate and Mega menu/button_Verify")): Object: 'Object Repository/OCS-MOBILE /Age gate and Mega menu/button_Verify' is clicked on

2019-06-19 15:42:45 - [MESSAGE][PASSED] - Object: 'Object Repository/OCS-MOBILE /Age gate and Mega menu/button_Verify' is clicked on

2019-06-19 15:42:45 - [TEST_STEP][PASSED] - click(findTestObject("OCS-MOBILE /Age gate and Mega menu/Checkbox_CONFIRM AND ACKNOWLEDGE")): Object: 'Object Repository/OCS-MOBILE /Age gate and Mega menu/Checkbox_CONFIRM AND ACKNOWLEDGE' is clicked on

2019-06-19 15:42:46 - [MESSAGE][PASSED] - Object: 'Object Repository/OCS-MOBILE /Age gate and Mega menu/Checkbox_CONFIRM AND ACKNOWLEDGE' is clicked on

2019-06-19 15:42:46 - [TEST_STEP][PASSED] - click(findTestObject("OCS-MOBILE /Age gate and Mega menu/button_CONFIRM")): Object: 'Object Repository/OCS-MOBILE /Age gate and Mega menu/button_CONFIRM' is clicked on

2019-06-19 15:42:46 - [MESSAGE][PASSED] - Object: 'Object Repository/OCS-MOBILE /Age gate and Mega menu/button_CONFIRM' is clicked on

2019-06-19 15:42:46 - [TEST_STEP][PASSED] - click(findTestObject("OCS-MOBILE /Age gate and Mega menu/button_Start Browsing")): Object: 'Object Repository/OCS-MOBILE /Age gate and Mega menu/button_Start Browsing' is clicked on

2019-06-19 15:42:46 - [MESSAGE][PASSED] - Object: 'Object Repository/OCS-MOBILE /Age gate and Mega menu/button_Start Browsing' is clicked on

2019-06-19 15:42:46 - [TEST_STEP][PASSED] - refresh(): Refresh successfully

2019-06-19 15:42:46 - [MESSAGE][PASSED] - Refresh successfully

2019-06-19 15:42:46 - [TEST_STEP][PASSED] - executeJavaScript("var previewBar = document.getElementById("preview-bar-iframe"); previewBar.style.display = "none";", []): Execute JavaScript 'var previewBar = document.getElementById("preview-bar-iframe"); previewBar.style.display = "none";' successfully

2019-06-19 15:42:50 - [MESSAGE][PASSED] - Execute JavaScript 'var previewBar = document.getElementById("preview-bar-iframe"); previewBar.style.display = "none";' successfully

2019-06-19 15:42:50 - [MESSAGE][PASSED] - Call Test Case 'Test Cases/OCS - MOBILE/CALL - AGE GATE' successfully

2019-06-19 15:42:50 - [TEST_STEP][PASSED] - delay(2): Delayed 2 second(s)

2019-06-19 15:42:52 - [MESSAGE][PASSED] - Delayed 2 second(s)

2019-06-19 15:42:52 - [TEST_STEP][PASSED] - click(findTestObject("OCS-MOBILE /Age gate and burger menu/Burger menu - English")): Object: 'Object Repository/OCS-MOBILE /Age gate and burger menu/Burger menu - English' is clicked on

2019-06-19 15:42:52 - [MESSAGE][PASSED] - Object: 'Object Repository/OCS-MOBILE /Age gate and burger menu/Burger menu - English' is clicked on

2019-06-19 15:42:52 - [TEST_STEP][PASSED] - delay(2): Delayed 2 second(s)

2019-06-19 15:42:54 - [MESSAGE][PASSED] - Delayed 2 second(s)

2019-06-19 15:42:54 - [TEST_STEP][PASSED] - click(findTestObject("OCS-MOBILE /Age gate and burger menu/Chevron_Cannabis")): Object: 'Object Repository/OCS-MOBILE /Age gate and burger menu/Chevron_Cannabis' is clicked on

2019-06-19 15:42:55 - [MESSAGE][PASSED] - Object: 'Object Repository/OCS-MOBILE /Age gate and burger menu/Chevron_Cannabis' is clicked on

2019-06-19 15:42:55 - [TEST_STEP][PASSED] - delay(2): Delayed 2 second(s)

2019-06-19 15:42:57 - [MESSAGE][PASSED] - Delayed 2 second(s)

2019-06-19 15:42:57 - [TEST_STEP][PASSED] - click(findTestObject("OCS-MOBILE /Age gate and burger menu/Dried Flower_Plus icon")): Object: 'Object Repository/OCS-MOBILE /Age gate and burger menu/Dried Flower_Plus icon' is clicked on

2019-06-19 15:42:57 - [MESSAGE][PASSED] - Object: 'Object Repository/OCS-MOBILE /Age gate and burger menu/Dried Flower_Plus icon' is clicked on

2019-06-19 15:42:57 - [TEST_STEP][PASSED] - delay(2): Delayed 2 second(s)

2019-06-19 15:42:59 - [MESSAGE][PASSED] - Delayed 2 second(s)

2019-06-19 15:42:59 - [TEST_STEP][PASSED] - click(findTestObject("OCS-MOBILE /Age gate and burger menu/Indica Dominant_Menu item")): Object: 'Object Repository/OCS-MOBILE /Age gate and burger menu/Indica Dominant_Menu item' is clicked on

2019-06-19 15:43:02 - [MESSAGE][PASSED] - Object: 'Object Repository/OCS-MOBILE /Age gate and burger menu/Indica Dominant_Menu item' is clicked on

2019-06-19 15:43:02 - [TEST_STEP][PASSED] - delay(2): Delayed 2 second(s)

2019-06-19 15:43:04 - [MESSAGE][PASSED] - Delayed 2 second(s)

2019-06-19 15:43:04 - [TEST_STEP][FAILED] - click(findTestObject("OCS-MOBILE /Collection page/Product image - 1st one")): click(findTestObject("OCS-MOBILE /Collection page/Product image - 1st one")) FAILED.
Reason:
com.kms.katalon.core.exception.StepFailedException: Unable to click on object 'Object Repository/OCS-MOBILE /Collection page/Product image - 1st one' (Root cause: org.openqa.selenium.WebDriverException: element click intercepted: Element <div class="product-tile__image">...</div> is not clickable at point (150, 544). Other element would receive the click: <iframe title="Preview Bar" id="preview-bar-iframe" src="https://ocs.ca/preview_bar" sandbox="allow-same-origin allow-scripts" style="position: fixed; bottom: 0px; left: 0px; z-index: 2147483647; width: 100%; border: none; box-shadow: rgba(0, 0, 0, 0.2) 0px -1px 3px; overflow: hidden; transform: translateY(0px); transition: transform 300ms ease 0s; height: 92px;"></iframe>
  (Session info: chrome=76.0.3809.25)
  (Driver info: chromedriver=76.0.3809.25 (a0c95f440512e06df1c9c206f2d79cc20be18bb1-refs/branch-heads/3809@{#271}),platform=Mac OS X 10.13.6 x86_64) (WARNING: The server did not provide any stacktrace information)
Command duration or timeout: 59 milliseconds
Build info: version: '2.53.0', revision: '35ae25b', time: '2016-03-15 17:00:58'
System info: host: 'mac-207-254-12-138.browserstack.com', ip: '207.254.12.138', os.name: 'Mac OS X', os.arch: 'x86_64', os.version: '10.13.6', java.version: '1.8.0_51'
Driver info: org.openqa.selenium.chrome.ChromeDriver
Capabilities [{mobileEmulationEnabled=false, timeouts={implicit=0, pageLoad=300000, script=30000}, hasTouchScreen=false, platform=MAC, acceptSslCerts=false, goog:chromeOptions={debuggerAddress=localhost:62873}, acceptInsecureCerts=false, webStorageEnabled=true, browserName=chrome, takesScreenshot=true, javascriptEnabled=true, setWindowRect=true, unexpectedAlertBehaviour=ignore, applicationCacheEnabled=false, rotatable=false, networkConnectionEnabled=false, chrome={chromedriverVersion=76.0.3809.25 (a0c95f440512e06df1c9c206f2d79cc20be18bb1-refs/branch-heads/3809@{#271}), userDataDir=/var/folders/3y/zz_w6_s56sl__vcrf3r5bhzr0000hr/T/.com.google.Chrome.HhVWoU}, takesHeapSnapshot=true, pageLoadStrategy=normal, strictFileInteractability=false, databaseEnabled=false, handlesAlerts=true, version=76.0.3809.25, browserConnectionEnabled=false, proxy={}, nativeEvents=true, locationContextEnabled=true, cssSelectorsEnabled=true}]
Session ID: 500cce6316b292497242add96f101843
Command duration or timeout: 0 milliseconds)
	at com.kms.katalon.core.keyword.internal.KeywordMain.stepFailed(KeywordMain.groovy:36)
	at com.kms.katalon.core.webui.keyword.internal.WebUIKeywordMain.stepFailed(WebUIKeywordMain.groovy:65)
	at com.kms.katalon.core.webui.keyword.internal.WebUIKeywordMain.runKeyword(WebUIKeywordMain.groovy:27)
	at com.kms.katalon.core.webui.keyword.builtin.ClickKeyword.click(ClickKeyword.groovy:86)
	at com.kms.katalon.core.webui.keyword.builtin.ClickKeyword.execute(ClickKeyword.groovy:67)
	at com.kms.katalon.core.keyword.internal.KeywordExecutor.executeKeywordForPlatform(KeywordExecutor.groovy:53)
	at com.kms.katalon.core.webui.keyword.WebUiBuiltInKeywords.click(WebUiBuiltInKeywords.groovy:616)
	at com.kms.katalon.core.webui.keyword.WebUiBuiltInKeywords$click$4.call(Unknown Source)
	at Cart flyout-tooltips.run(Cart flyout-tooltips:36)
	at com.kms.katalon.core.main.ScriptEngine.run(ScriptEngine.java:194)
	at com.kms.katalon.core.main.ScriptEngine.runScriptAsRawText(ScriptEngine.java:119)
	at com.kms.katalon.core.main.TestCaseExecutor.runScript(TestCaseExecutor.java:328)
	at com.kms.katalon.core.main.TestCaseExecutor.doExecute(TestCaseExecutor.java:319)
	at com.kms.katalon.core.main.TestCaseExecutor.processExecutionPhase(TestCaseExecutor.java:298)
	at com.kms.katalon.core.main.TestCaseExecutor.accessMainPhase(TestCaseExecutor.java:290)
	at com.kms.katalon.core.main.TestCaseExecutor.execute(TestCaseExecutor.java:224)
	at com.kms.katalon.core.main.TestSuiteExecutor.accessTestCaseMainPhase(TestSuiteExecutor.java:129)
	at com.kms.katalon.core.main.TestSuiteExecutor.accessTestSuiteMainPhase(TestSuiteExecutor.java:112)
	at com.kms.katalon.core.main.TestSuiteExecutor.execute(TestSuiteExecutor.java:81)
	at com.kms.katalon.core.main.TestCaseMain.startTestSuite(TestCaseMain.java:149)
	at com.kms.katalon.core.main.TestCaseMain$startTestSuite$0.call(Unknown Source)
	at TempTestSuite1560973018737.run(TempTestSuite1560973018737.groovy:36)


2019-06-19 15:43:05 - [MESSAGE][FAILED] - Unable to click on object 'Object Repository/OCS-MOBILE /Collection page/Product image - 1st one' (Root cause: org.openqa.selenium.WebDriverException: element click intercepted: Element <div class="product-tile__image">...</div> is not clickable at point (150, 544). Other element would receive the click: <iframe title="Preview Bar" id="preview-bar-iframe" src="https://ocs.ca/preview_bar" sandbox="allow-same-origin allow-scripts" style="position: fixed; bottom: 0px; left: 0px; z-index: 2147483647; width: 100%; border: none; box-shadow: rgba(0, 0, 0, 0.2) 0px -1px 3px; overflow: hidden; transform: translateY(0px); transition: transform 300ms ease 0s; height: 92px;"></iframe>
  (Session info: chrome=76.0.3809.25)
  (Driver info: chromedriver=76.0.3809.25 (a0c95f440512e06df1c9c206f2d79cc20be18bb1-refs/branch-heads/3809@{#271}),platform=Mac OS X 10.13.6 x86_64) (WARNING: The server did not provide any stacktrace information)
Command duration or timeout: 59 milliseconds
Build info: version: '2.53.0', revision: '35ae25b', time: '2016-03-15 17:00:58'
System info: host: 'mac-207-254-12-138.browserstack.com', ip: '207.254.12.138', os.name: 'Mac OS X', os.arch: 'x86_64', os.version: '10.13.6', java.version: '1.8.0_51'
Driver info: org.openqa.selenium.chrome.ChromeDriver
Capabilities [{mobileEmulationEnabled=false, timeouts={implicit=0, pageLoad=300000, script=30000}, hasTouchScreen=false, platform=MAC, acceptSslCerts=false, goog:chromeOptions={debuggerAddress=localhost:62873}, acceptInsecureCerts=false, webStorageEnabled=true, browserName=chrome, takesScreenshot=true, javascriptEnabled=true, setWindowRect=true, unexpectedAlertBehaviour=ignore, applicationCacheEnabled=false, rotatable=false, networkConnectionEnabled=false, chrome={chromedriverVersion=76.0.3809.25 (a0c95f440512e06df1c9c206f2d79cc20be18bb1-refs/branch-heads/3809@{#271}), userDataDir=/var/folders/3y/zz_w6_s56sl__vcrf3r5bhzr0000hr/T/.com.google.Chrome.HhVWoU}, takesHeapSnapshot=true, pageLoadStrategy=normal, strictFileInteractability=false, databaseEnabled=false, handlesAlerts=true, version=76.0.3809.25, browserConnectionEnabled=false, proxy={}, nativeEvents=true, locationContextEnabled=true, cssSelectorsEnabled=true}]
Session ID: 500cce6316b292497242add96f101843
Command duration or timeout: 0 milliseconds)
[[ATTACHMENT|/Users/sumankompelly/Relative xpath-Mobile/Reports/recordings - ( 1.10.2 )/20190619_153658/1560973384793.png]]

2019-06-19 15:43:05 - [MESSAGE][FAILED] - click(findTestObject("OCS-MOBILE /Collection page/Product image - 1st one")) FAILED.
Reason:
com.kms.katalon.core.exception.StepFailedException: Unable to click on object 'Object Repository/OCS-MOBILE /Collection page/Product image - 1st one' (Root cause: org.openqa.selenium.WebDriverException: element click intercepted: Element <div class="product-tile__image">...</div> is not clickable at point (150, 544). Other element would receive the click: <iframe title="Preview Bar" id="preview-bar-iframe" src="https://ocs.ca/preview_bar" sandbox="allow-same-origin allow-scripts" style="position: fixed; bottom: 0px; left: 0px; z-index: 2147483647; width: 100%; border: none; box-shadow: rgba(0, 0, 0, 0.2) 0px -1px 3px; overflow: hidden; transform: translateY(0px); transition: transform 300ms ease 0s; height: 92px;"></iframe>
  (Session info: chrome=76.0.3809.25)
  (Driver info: chromedriver=76.0.3809.25 (a0c95f440512e06df1c9c206f2d79cc20be18bb1-refs/branch-heads/3809@{#271}),platform=Mac OS X 10.13.6 x86_64) (WARNING: The server did not provide any stacktrace information)
Command duration or timeout: 59 milliseconds
Build info: version: '2.53.0', revision: '35ae25b', time: '2016-03-15 17:00:58'
System info: host: 'mac-207-254-12-138.browserstack.com', ip: '207.254.12.138', os.name: 'Mac OS X', os.arch: 'x86_64', os.version: '10.13.6', java.version: '1.8.0_51'
Driver info: org.openqa.selenium.chrome.ChromeDriver
Capabilities [{mobileEmulationEnabled=false, timeouts={implicit=0, pageLoad=300000, script=30000}, hasTouchScreen=false, platform=MAC, acceptSslCerts=false, goog:chromeOptions={debuggerAddress=localhost:62873}, acceptInsecureCerts=false, webStorageEnabled=true, browserName=chrome, takesScreenshot=true, javascriptEnabled=true, setWindowRect=true, unexpectedAlertBehaviour=ignore, applicationCacheEnabled=false, rotatable=false, networkConnectionEnabled=false, chrome={chromedriverVersion=76.0.3809.25 (a0c95f440512e06df1c9c206f2d79cc20be18bb1-refs/branch-heads/3809@{#271}), userDataDir=/var/folders/3y/zz_w6_s56sl__vcrf3r5bhzr0000hr/T/.com.google.Chrome.HhVWoU}, takesHeapSnapshot=true, pageLoadStrategy=normal, strictFileInteractability=false, databaseEnabled=false, handlesAlerts=true, version=76.0.3809.25, browserConnectionEnabled=false, proxy={}, nativeEvents=true, locationContextEnabled=true, cssSelectorsEnabled=true}]
Session ID: 500cce6316b292497242add96f101843
Command duration or timeout: 0 milliseconds)
	at com.kms.katalon.core.keyword.internal.KeywordMain.stepFailed(KeywordMain.groovy:36)
	at com.kms.katalon.core.webui.keyword.internal.WebUIKeywordMain.stepFailed(WebUIKeywordMain.groovy:65)
	at com.kms.katalon.core.webui.keyword.internal.WebUIKeywordMain.runKeyword(WebUIKeywordMain.groovy:27)
	at com.kms.katalon.core.webui.keyword.builtin.ClickKeyword.click(ClickKeyword.groovy:86)
	at com.kms.katalon.core.webui.keyword.builtin.ClickKeyword.execute(ClickKeyword.groovy:67)
	at com.kms.katalon.core.keyword.internal.KeywordExecutor.executeKeywordForPlatform(KeywordExecutor.groovy:53)
	at com.kms.katalon.core.webui.keyword.WebUiBuiltInKeywords.click(WebUiBuiltInKeywords.groovy:616)
	at com.kms.katalon.core.webui.keyword.WebUiBuiltInKeywords$click$4.call(Unknown Source)
	at Cart flyout-tooltips.run(Cart flyout-tooltips:36)
	at com.kms.katalon.core.main.ScriptEngine.run(ScriptEngine.java:194)
	at com.kms.katalon.core.main.ScriptEngine.runScriptAsRawText(ScriptEngine.java:119)
	at com.kms.katalon.core.main.TestCaseExecutor.runScript(TestCaseExecutor.java:328)
	at com.kms.katalon.core.main.TestCaseExecutor.doExecute(TestCaseExecutor.java:319)
	at com.kms.katalon.core.main.TestCaseExecutor.processExecutionPhase(TestCaseExecutor.java:298)
	at com.kms.katalon.core.main.TestCaseExecutor.accessMainPhase(TestCaseExecutor.java:290)
	at com.kms.katalon.core.main.TestCaseExecutor.execute(TestCaseExecutor.java:224)
	at com.kms.katalon.core.main.TestSuiteExecutor.accessTestCaseMainPhase(TestSuiteExecutor.java:129)
	at com.kms.katalon.core.main.TestSuiteExecutor.accessTestSuiteMainPhase(TestSuiteExecutor.java:112)
	at com.kms.katalon.core.main.TestSuiteExecutor.execute(TestSuiteExecutor.java:81)
	at com.kms.katalon.core.main.TestCaseMain.startTestSuite(TestCaseMain.java:149)
	at com.kms.katalon.core.main.TestCaseMain$startTestSuite$0.call(Unknown Source)
	at TempTestSuite1560973018737.run(TempTestSuite1560973018737.groovy:36)]]></system-out>
         <system-err><![CDATA[2019-06-19 15:42:09 - [TEST_CASE][FAILED] - Test Cases/OCS - MOBILE/OCS- CRITICAL PATH/Cart flyout-tooltips: Test Cases/OCS - MOBILE/OCS- CRITICAL PATH/Cart flyout-tooltips FAILED.
Reason:
com.kms.katalon.core.exception.StepFailedException: Unable to click on object 'Object Repository/OCS-MOBILE /Collection page/Product image - 1st one' (Root cause: org.openqa.selenium.WebDriverException: element click intercepted: Element <div class="product-tile__image">...</div> is not clickable at point (150, 544). Other element would receive the click: <iframe title="Preview Bar" id="preview-bar-iframe" src="https://ocs.ca/preview_bar" sandbox="allow-same-origin allow-scripts" style="position: fixed; bottom: 0px; left: 0px; z-index: 2147483647; width: 100%; border: none; box-shadow: rgba(0, 0, 0, 0.2) 0px -1px 3px; overflow: hidden; transform: translateY(0px); transition: transform 300ms ease 0s; height: 92px;"></iframe>
  (Session info: chrome=76.0.3809.25)
  (Driver info: chromedriver=76.0.3809.25 (a0c95f440512e06df1c9c206f2d79cc20be18bb1-refs/branch-heads/3809@{#271}),platform=Mac OS X 10.13.6 x86_64) (WARNING: The server did not provide any stacktrace information)
Command duration or timeout: 59 milliseconds
Build info: version: '2.53.0', revision: '35ae25b', time: '2016-03-15 17:00:58'
System info: host: 'mac-207-254-12-138.browserstack.com', ip: '207.254.12.138', os.name: 'Mac OS X', os.arch: 'x86_64', os.version: '10.13.6', java.version: '1.8.0_51'
Driver info: org.openqa.selenium.chrome.ChromeDriver
Capabilities [{mobileEmulationEnabled=false, timeouts={implicit=0, pageLoad=300000, script=30000}, hasTouchScreen=false, platform=MAC, acceptSslCerts=false, goog:chromeOptions={debuggerAddress=localhost:62873}, acceptInsecureCerts=false, webStorageEnabled=true, browserName=chrome, takesScreenshot=true, javascriptEnabled=true, setWindowRect=true, unexpectedAlertBehaviour=ignore, applicationCacheEnabled=false, rotatable=false, networkConnectionEnabled=false, chrome={chromedriverVersion=76.0.3809.25 (a0c95f440512e06df1c9c206f2d79cc20be18bb1-refs/branch-heads/3809@{#271}), userDataDir=/var/folders/3y/zz_w6_s56sl__vcrf3r5bhzr0000hr/T/.com.google.Chrome.HhVWoU}, takesHeapSnapshot=true, pageLoadStrategy=normal, strictFileInteractability=false, databaseEnabled=false, handlesAlerts=true, version=76.0.3809.25, browserConnectionEnabled=false, proxy={}, nativeEvents=true, locationContextEnabled=true, cssSelectorsEnabled=true}]
Session ID: 500cce6316b292497242add96f101843
Command duration or timeout: 0 milliseconds)
	at com.kms.katalon.core.keyword.internal.KeywordMain.stepFailed(KeywordMain.groovy:36)
	at com.kms.katalon.core.webui.keyword.internal.WebUIKeywordMain.stepFailed(WebUIKeywordMain.groovy:65)
	at com.kms.katalon.core.webui.keyword.internal.WebUIKeywordMain.runKeyword(WebUIKeywordMain.groovy:27)
	at com.kms.katalon.core.webui.keyword.builtin.ClickKeyword.click(ClickKeyword.groovy:86)
	at com.kms.katalon.core.webui.keyword.builtin.ClickKeyword.execute(ClickKeyword.groovy:67)
	at com.kms.katalon.core.keyword.internal.KeywordExecutor.executeKeywordForPlatform(KeywordExecutor.groovy:53)
	at com.kms.katalon.core.webui.keyword.WebUiBuiltInKeywords.click(WebUiBuiltInKeywords.groovy:616)
	at com.kms.katalon.core.webui.keyword.WebUiBuiltInKeywords$click$4.call(Unknown Source)
	at Cart flyout-tooltips.run(Cart flyout-tooltips:36)
	at com.kms.katalon.core.main.ScriptEngine.run(ScriptEngine.java:194)
	at com.kms.katalon.core.main.ScriptEngine.runScriptAsRawText(ScriptEngine.java:119)
	at com.kms.katalon.core.main.TestCaseExecutor.runScript(TestCaseExecutor.java:328)
	at com.kms.katalon.core.main.TestCaseExecutor.doExecute(TestCaseExecutor.java:319)
	at com.kms.katalon.core.main.TestCaseExecutor.processExecutionPhase(TestCaseExecutor.java:298)
	at com.kms.katalon.core.main.TestCaseExecutor.accessMainPhase(TestCaseExecutor.java:290)
	at com.kms.katalon.core.main.TestCaseExecutor.execute(TestCaseExecutor.java:224)
	at com.kms.katalon.core.main.TestSuiteExecutor.accessTestCaseMainPhase(TestSuiteExecutor.java:129)
	at com.kms.katalon.core.main.TestSuiteExecutor.accessTestSuiteMainPhase(TestSuiteExecutor.java:112)
	at com.kms.katalon.core.main.TestSuiteExecutor.execute(TestSuiteExecutor.java:81)
	at com.kms.katalon.core.main.TestCaseMain.startTestSuite(TestCaseMain.java:149)
	at com.kms.katalon.core.main.TestCaseMain$startTestSuite$0.call(Unknown Source)
	at TempTestSuite1560973018737.run(TempTestSuite1560973018737.groovy:36)]]></system-err>
      </testcase>
      <testcase name="Test Cases/OCS - MOBILE/OCS- CRITICAL PATH/Cart" classname="Test Cases/OCS - MOBILE/OCS- CRITICAL PATH/Cart" status="PASSED">
         <system-out><![CDATA[2019-06-19 15:43:05 - [TEST_CASE][PASSED] - Test Cases/OCS - MOBILE/OCS- CRITICAL PATH/Cart: Test Cases/OCS - MOBILE/OCS- CRITICAL PATH/Cart

2019-06-19 15:43:06 - [TEST_STEP][PASSED] - callTestCase(findTestCase("OCS - MOBILE/CALL- SWATCH- NO INVENTORY"), [:], STOP_ON_FAILURE): Call Test Case 'Test Cases/OCS - MOBILE/CALL- SWATCH- NO INVENTORY' successfully

2019-06-19 15:43:06 - [TEST_CASE][PASSED] - Test Cases/OCS - MOBILE/CALL- SWATCH- NO INVENTORY: Test Cases/OCS - MOBILE/CALL- SWATCH- NO INVENTORY

2019-06-19 15:43:06 - [TEST_STEP][PASSED] - openBrowser(""): Browser is opened with url: ''

2019-06-19 15:43:06 - [MESSAGE][WARNING] - A browser is already opened. Closing browser and opening a new one

2019-06-19 15:43:06 - [MESSAGE][INFO] - Starting 'Remote' driver

2019-06-19 15:43:06 - [MESSAGE][INFO] - User set preference: ['os', 'OS X']

2019-06-19 15:43:06 - [MESSAGE][INFO] - User set preference: ['os_version', 'High Sierra']

2019-06-19 15:43:06 - [MESSAGE][INFO] - User set preference: ['browser', 'Chrome']

2019-06-19 15:43:06 - [MESSAGE][INFO] - User set preference: ['browser_version', '76.0 beta']

2019-06-19 15:43:06 - [MESSAGE][INFO] - User set preference: ['browserstack.local', 'false']

2019-06-19 15:43:06 - [MESSAGE][INFO] - Connecting to remote web server 'https://dianatest3:Z3oqw9ysqTeRQJq5wFCp@hub-cloud.browserstack.com/wd/hub' with type 'Selenium'

2019-06-19 15:43:11 - [MESSAGE][PASSED] - Browser is opened with url: ''

2019-06-19 15:43:11 - [TEST_STEP][PASSED] - navigateToUrl("https://ocs.ca/?fts=0&preview_theme_id=72920106828"): Navigate to 'https://ocs.ca/?fts=0&preview_theme_id=72920106828' successfully

2019-06-19 15:43:17 - [MESSAGE][PASSED] - Navigate to 'https://ocs.ca/?fts=0&preview_theme_id=72920106828' successfully

2019-06-19 15:43:17 - [TEST_STEP][PASSED] - executeJavaScript("var previewBar = document.getElementById("preview-bar-iframe"); previewBar.style.display = "none";", []): Execute JavaScript 'var previewBar = document.getElementById("preview-bar-iframe"); previewBar.style.display = "none";' successfully

2019-06-19 15:43:18 - [MESSAGE][PASSED] - Execute JavaScript 'var previewBar = document.getElementById("preview-bar-iframe"); previewBar.style.display = "none";' successfully

2019-06-19 15:43:18 - [TEST_STEP][PASSED] - setViewPortSize(360, 800): Viewport is set to new size with width = 360 and height = 800

2019-06-19 15:43:18 - [MESSAGE][PASSED] - Viewport is set to new size with width = 360 and height = 800

2019-06-19 15:43:18 - [TEST_STEP][PASSED] - delay(4): Delayed 4 second(s)

2019-06-19 15:43:22 - [MESSAGE][PASSED] - Delayed 4 second(s)

2019-06-19 15:43:22 - [TEST_STEP][PASSED] - selectOptionByValue(findTestObject("OCS-MOBILE /Age gate and burger menu/Date"), "12", true): All options with value '12' are selected in object 'Object Repository/OCS-MOBILE /Age gate and burger menu/Date'  using regular expression

2019-06-19 15:43:27 - [MESSAGE][PASSED] - All options with value '12' are selected in object 'Object Repository/OCS-MOBILE /Age gate and burger menu/Date'  using regular expression

2019-06-19 15:43:27 - [TEST_STEP][PASSED] - selectOptionByValue(findTestObject("OCS-MOBILE /Age gate and burger menu/month"), "6", true): All options with value '6' are selected in object 'Object Repository/OCS-MOBILE /Age gate and burger menu/month'  using regular expression

2019-06-19 15:43:29 - [MESSAGE][PASSED] - All options with value '6' are selected in object 'Object Repository/OCS-MOBILE /Age gate and burger menu/month'  using regular expression

2019-06-19 15:43:29 - [TEST_STEP][PASSED] - delay(2): Delayed 2 second(s)

2019-06-19 15:43:32 - [MESSAGE][PASSED] - Delayed 2 second(s)

2019-06-19 15:43:32 - [TEST_STEP][PASSED] - selectOptionByValue(findTestObject("OCS-MOBILE /Age gate and burger menu/Year Dropdown"), "1990", true): All options with value '1990' are selected in object 'Object Repository/OCS-MOBILE /Age gate and burger menu/Year Dropdown'  using regular expression

2019-06-19 15:43:46 - [MESSAGE][PASSED] - All options with value '1990' are selected in object 'Object Repository/OCS-MOBILE /Age gate and burger menu/Year Dropdown'  using regular expression

2019-06-19 15:43:46 - [TEST_STEP][PASSED] - click(findTestObject("OCS-MOBILE /Age gate and Mega menu/button_Verify")): Object: 'Object Repository/OCS-MOBILE /Age gate and Mega menu/button_Verify' is clicked on

2019-06-19 15:43:47 - [MESSAGE][PASSED] - Object: 'Object Repository/OCS-MOBILE /Age gate and Mega menu/button_Verify' is clicked on

2019-06-19 15:43:47 - [TEST_STEP][PASSED] - click(findTestObject("OCS-MOBILE /Age gate and Mega menu/Checkbox_CONFIRM AND ACKNOWLEDGE")): Object: 'Object Repository/OCS-MOBILE /Age gate and Mega menu/Checkbox_CONFIRM AND ACKNOWLEDGE' is clicked on

2019-06-19 15:43:47 - [MESSAGE][PASSED] - Object: 'Object Repository/OCS-MOBILE /Age gate and Mega menu/Checkbox_CONFIRM AND ACKNOWLEDGE' is clicked on

2019-06-19 15:43:47 - [TEST_STEP][PASSED] - click(findTestObject("OCS-MOBILE /Age gate and Mega menu/button_CONFIRM")): Object: 'Object Repository/OCS-MOBILE /Age gate and Mega menu/button_CONFIRM' is clicked on

2019-06-19 15:43:47 - [MESSAGE][PASSED] - Object: 'Object Repository/OCS-MOBILE /Age gate and Mega menu/button_CONFIRM' is clicked on

2019-06-19 15:43:47 - [TEST_STEP][PASSED] - click(findTestObject("OCS-MOBILE /Age gate and Mega menu/button_Start Browsing")): Object: 'Object Repository/OCS-MOBILE /Age gate and Mega menu/button_Start Browsing' is clicked on

2019-06-19 15:43:47 - [MESSAGE][PASSED] - Object: 'Object Repository/OCS-MOBILE /Age gate and Mega menu/button_Start Browsing' is clicked on

2019-06-19 15:43:47 - [TEST_STEP][PASSED] - navigateToUrl("https://ocs.ca/products/dream-weaver", STOP_ON_FAILURE): Navigate to 'https://ocs.ca/products/dream-weaver' successfully

2019-06-19 15:43:52 - [MESSAGE][PASSED] - Navigate to 'https://ocs.ca/products/dream-weaver' successfully

2019-06-19 15:43:52 - [TEST_STEP][PASSED] - executeJavaScript("var previewBar = document.getElementById("preview-bar-iframe"); previewBar.style.display = "none";", []): Execute JavaScript 'var previewBar = document.getElementById("preview-bar-iframe"); previewBar.style.display = "none";' successfully

2019-06-19 15:43:52 - [MESSAGE][PASSED] - Execute JavaScript 'var previewBar = document.getElementById("preview-bar-iframe"); previewBar.style.display = "none";' successfully

2019-06-19 15:43:52 - [MESSAGE][PASSED] - Call Test Case 'Test Cases/OCS - MOBILE/CALL- SWATCH- NO INVENTORY' successfully

2019-06-19 15:43:52 - [TEST_STEP][PASSED] - delay(2): Delayed 2 second(s)

2019-06-19 15:43:54 - [MESSAGE][PASSED] - Delayed 2 second(s)

2019-06-19 15:43:54 - [TEST_STEP][NOT_RUN] - click(findTestObject("OCS-MOBILE /Age gate and burger menu/Burger menu - English")): NOT_RUN: click(findTestObject("OCS-MOBILE /Age gate and burger menu/Burger menu - English"))

2019-06-19 15:43:54 - [MESSAGE][NOT_RUN] - NOT_RUN: click(findTestObject("OCS-MOBILE /Age gate and burger menu/Burger menu - English"))

2019-06-19 15:43:54 - [TEST_STEP][NOT_RUN] - delay(2): NOT_RUN: delay(2)

2019-06-19 15:43:54 - [MESSAGE][NOT_RUN] - NOT_RUN: delay(2)

2019-06-19 15:43:54 - [TEST_STEP][NOT_RUN] - click(findTestObject("OCS-MOBILE /Cannabis page/Cannabis chevron")): NOT_RUN: click(findTestObject("OCS-MOBILE /Cannabis page/Cannabis chevron"))

2019-06-19 15:43:54 - [MESSAGE][NOT_RUN] - NOT_RUN: click(findTestObject("OCS-MOBILE /Cannabis page/Cannabis chevron"))

2019-06-19 15:43:54 - [TEST_STEP][NOT_RUN] - delay(2): NOT_RUN: delay(2)

2019-06-19 15:43:54 - [MESSAGE][NOT_RUN] - NOT_RUN: delay(2)

2019-06-19 15:43:54 - [TEST_STEP][NOT_RUN] - click(findTestObject("OCS-MOBILE /Cannabis page/Dried flower - plus accordian")): NOT_RUN: click(findTestObject("OCS-MOBILE /Cannabis page/Dried flower - plus accordian"))

2019-06-19 15:43:54 - [MESSAGE][NOT_RUN] - NOT_RUN: click(findTestObject("OCS-MOBILE /Cannabis page/Dried flower - plus accordian"))

2019-06-19 15:43:54 - [TEST_STEP][NOT_RUN] - delay(2): NOT_RUN: delay(2)

2019-06-19 15:43:54 - [MESSAGE][NOT_RUN] - NOT_RUN: delay(2)

2019-06-19 15:43:54 - [TEST_STEP][NOT_RUN] - click(findTestObject("OCS-MOBILE /Cannabis page/Dried flower - Indica dominant")): NOT_RUN: click(findTestObject("OCS-MOBILE /Cannabis page/Dried flower - Indica dominant"))

2019-06-19 15:43:54 - [MESSAGE][NOT_RUN] - NOT_RUN: click(findTestObject("OCS-MOBILE /Cannabis page/Dried flower - Indica dominant"))

2019-06-19 15:43:54 - [TEST_STEP][NOT_RUN] - delay(2): NOT_RUN: delay(2)

2019-06-19 15:43:54 - [MESSAGE][NOT_RUN] - NOT_RUN: delay(2)

2019-06-19 15:43:54 - [TEST_STEP][NOT_RUN] - click(findTestObject("OCS-MOBILE /Collection page/Product image - 1st one")): NOT_RUN: click(findTestObject("OCS-MOBILE /Collection page/Product image - 1st one"))

2019-06-19 15:43:54 - [MESSAGE][NOT_RUN] - NOT_RUN: click(findTestObject("OCS-MOBILE /Collection page/Product image - 1st one"))

2019-06-19 15:43:54 - [TEST_STEP][NOT_RUN] - scrollToElement(findTestObject("OCS-MOBILE /Product page/Product image"), 1): NOT_RUN: scrollToElement(findTestObject("OCS-MOBILE /Product page/Product image"), 1)

2019-06-19 15:43:54 - [MESSAGE][NOT_RUN] - NOT_RUN: scrollToElement(findTestObject("OCS-MOBILE /Product page/Product image"), 1)

2019-06-19 15:43:54 - [TEST_STEP][PASSED] - delay(2): Delayed 2 second(s)

2019-06-19 15:43:56 - [MESSAGE][PASSED] - Delayed 2 second(s)

2019-06-19 15:43:56 - [TEST_STEP][PASSED] - click(findTestObject("OCS-MOBILE /Product page/Swatch_1g"), STOP_ON_FAILURE): Object: 'Object Repository/OCS-MOBILE /Product page/Swatch_1g' is clicked on

2019-06-19 15:43:56 - [MESSAGE][PASSED] - Object: 'Object Repository/OCS-MOBILE /Product page/Swatch_1g' is clicked on

2019-06-19 15:43:56 - [TEST_STEP][PASSED] - takeScreenshot(): Taking screenshot successfully

2019-06-19 15:43:57 - [MESSAGE][PASSED] - Taking screenshot successfully
[[ATTACHMENT|/Users/sumankompelly/Relative xpath-Mobile/Reports/recordings - ( 1.10.2 )/20190619_153658/1560973436510.png]]

2019-06-19 15:43:57 - [TEST_STEP][PASSED] - scrollToElement(findTestObject("OCS-MOBILE /Product page/Swatch_3.5g"), 1): Scroll to object 'Object Repository/OCS-MOBILE /Product page/Swatch_3.5g' successfully

2019-06-19 15:43:57 - [MESSAGE][PASSED] - Scroll to object 'Object Repository/OCS-MOBILE /Product page/Swatch_3.5g' successfully

2019-06-19 15:43:57 - [TEST_STEP][PASSED] - delay(2): Delayed 2 second(s)

2019-06-19 15:43:59 - [MESSAGE][PASSED] - Delayed 2 second(s)

2019-06-19 15:43:59 - [TEST_STEP][PASSED] - click(findTestObject("OCS-MOBILE /Product page/Add to Bag-button")): Object: 'Object Repository/OCS-MOBILE /Product page/Add to Bag-button' is clicked on

2019-06-19 15:43:59 - [MESSAGE][PASSED] - Object: 'Object Repository/OCS-MOBILE /Product page/Add to Bag-button' is clicked on

2019-06-19 15:43:59 - [TEST_STEP][PASSED] - delay(4): Delayed 4 second(s)

2019-06-19 15:44:03 - [MESSAGE][PASSED] - Delayed 4 second(s)

2019-06-19 15:44:03 - [TEST_STEP][NOT_RUN] - click(findTestObject("OCS-MOBILE /Cart flyout/Back icon - new model")): NOT_RUN: click(findTestObject("OCS-MOBILE /Cart flyout/Back icon - new model"))

2019-06-19 15:44:03 - [MESSAGE][NOT_RUN] - NOT_RUN: click(findTestObject("OCS-MOBILE /Cart flyout/Back icon - new model"))

2019-06-19 15:44:03 - [TEST_STEP][PASSED] - delay(4, OPTIONAL): Delayed 4 second(s)

2019-06-19 15:44:07 - [MESSAGE][PASSED] - Delayed 4 second(s)

2019-06-19 15:44:07 - [TEST_STEP][NOT_RUN] - click(findTestObject("OCS-MOBILE /Age gate and burger menu/button_Hide bar"), OPTIONAL): NOT_RUN: click(findTestObject("OCS-MOBILE /Age gate and burger menu/button_Hide bar"), OPTIONAL)

2019-06-19 15:44:07 - [MESSAGE][NOT_RUN] - NOT_RUN: click(findTestObject("OCS-MOBILE /Age gate and burger menu/button_Hide bar"), OPTIONAL)

2019-06-19 15:44:07 - [TEST_STEP][PASSED] - delay(2, OPTIONAL): Delayed 2 second(s)

2019-06-19 15:44:09 - [MESSAGE][PASSED] - Delayed 2 second(s)

2019-06-19 15:44:09 - [TEST_STEP][PASSED] - setViewPortSize(360, 800, OPTIONAL): Viewport is set to new size with width = 360 and height = 800

2019-06-19 15:44:10 - [MESSAGE][PASSED] - Viewport is set to new size with width = 360 and height = 800

2019-06-19 15:44:10 - [TEST_STEP][PASSED] - delay(2): Delayed 2 second(s)

2019-06-19 15:44:12 - [MESSAGE][PASSED] - Delayed 2 second(s)

2019-06-19 15:44:12 - [TEST_STEP][PASSED] - click(findTestObject("OCS-MOBILE /Cart flyout/Back icon")): Object: 'Object Repository/OCS-MOBILE /Cart flyout/Back icon' is clicked on

2019-06-19 15:44:12 - [MESSAGE][PASSED] - Object: 'Object Repository/OCS-MOBILE /Cart flyout/Back icon' is clicked on

2019-06-19 15:44:12 - [TEST_STEP][PASSED] - delay(2): Delayed 2 second(s)

2019-06-19 15:44:14 - [MESSAGE][PASSED] - Delayed 2 second(s)

2019-06-19 15:44:14 - [TEST_STEP][NOT_RUN] - scrollToElement(findTestObject("OCS-MOBILE /Product page/Product image"), 1): NOT_RUN: scrollToElement(findTestObject("OCS-MOBILE /Product page/Product image"), 1)

2019-06-19 15:44:14 - [MESSAGE][NOT_RUN] - NOT_RUN: scrollToElement(findTestObject("OCS-MOBILE /Product page/Product image"), 1)

2019-06-19 15:44:14 - [TEST_STEP][PASSED] - delay(2): Delayed 2 second(s)

2019-06-19 15:44:16 - [MESSAGE][PASSED] - Delayed 2 second(s)

2019-06-19 15:44:16 - [TEST_STEP][PASSED] - flag = verifyElementPresent(findTestObject("OCS-MOBILE /Product page/Swatch_3.5g"), 0): Object 'Object Repository/OCS-MOBILE /Product page/Swatch_3.5g' is present

2019-06-19 15:44:16 - [MESSAGE][WARNING] - Timeout '0' is invalid. Using default page load timeout: '30'

2019-06-19 15:44:16 - [MESSAGE][PASSED] - Object 'Object Repository/OCS-MOBILE /Product page/Swatch_3.5g' is present

2019-06-19 15:44:16 - [TEST_STEP][PASSED] - comment(" flag=" + flag):  flag=true

2019-06-19 15:44:16 - [MESSAGE][INFO] -  flag=true

2019-06-19 15:44:16 - [TEST_STEP][PASSED] - takeScreenshot(): Taking screenshot successfully

2019-06-19 15:44:17 - [MESSAGE][PASSED] - Taking screenshot successfully
[[ATTACHMENT|/Users/sumankompelly/Relative xpath-Mobile/Reports/recordings - ( 1.10.2 )/20190619_153658/1560973456760.png]]

2019-06-19 15:44:17 - [TEST_STEP][PASSED] - if (flag == true): Actual object '10.25' and expected object '10.25' are equal

2019-06-19 15:44:17 - [TEST_STEP][PASSED] - delay(2): Delayed 2 second(s)

2019-06-19 15:44:19 - [MESSAGE][PASSED] - Delayed 2 second(s)

2019-06-19 15:44:19 - [TEST_STEP][PASSED] - click(findTestObject("OCS-MOBILE /Product page/Swatch_3.5g"), CONTINUE_ON_FAILURE): Object: 'Object Repository/OCS-MOBILE /Product page/Swatch_3.5g' is clicked on

2019-06-19 15:44:19 - [MESSAGE][PASSED] - Object: 'Object Repository/OCS-MOBILE /Product page/Swatch_3.5g' is clicked on

2019-06-19 15:44:19 - [TEST_STEP][PASSED] - delay(2): Delayed 2 second(s)

2019-06-19 15:44:21 - [MESSAGE][PASSED] - Delayed 2 second(s)

2019-06-19 15:44:21 - [TEST_STEP][PASSED] - click(findTestObject("OCS-MOBILE /Product page/Add to Bag-button")): Object: 'Object Repository/OCS-MOBILE /Product page/Add to Bag-button' is clicked on

2019-06-19 15:44:22 - [MESSAGE][PASSED] - Object: 'Object Repository/OCS-MOBILE /Product page/Add to Bag-button' is clicked on

2019-06-19 15:44:22 - [TEST_STEP][PASSED] - delay(3): Delayed 3 second(s)

2019-06-19 15:44:25 - [MESSAGE][PASSED] - Delayed 3 second(s)

2019-06-19 15:44:25 - [TEST_STEP][NOT_RUN] - click(findTestObject("OCS-MOBILE /Home - page/Cart icon -bag")): NOT_RUN: click(findTestObject("OCS-MOBILE /Home - page/Cart icon -bag"))

2019-06-19 15:44:25 - [MESSAGE][NOT_RUN] - NOT_RUN: click(findTestObject("OCS-MOBILE /Home - page/Cart icon -bag"))

2019-06-19 15:44:25 - [TEST_STEP][PASSED] - delay(2): Delayed 2 second(s)

2019-06-19 15:44:27 - [MESSAGE][PASSED] - Delayed 2 second(s)

2019-06-19 15:44:27 - [TEST_STEP][PASSED] - click(findTestObject("OCS-MOBILE /Cart flyout/Checkbox_I confirm that")): Object: 'Object Repository/OCS-MOBILE /Cart flyout/Checkbox_I confirm that' is clicked on

2019-06-19 15:44:27 - [MESSAGE][PASSED] - Object: 'Object Repository/OCS-MOBILE /Cart flyout/Checkbox_I confirm that' is clicked on

2019-06-19 15:44:27 - [TEST_STEP][PASSED] - click(findTestObject("OCS-MOBILE /Cart flyout/Checkbox_Accept the Terms Condition")): Object: 'Object Repository/OCS-MOBILE /Cart flyout/Checkbox_Accept the Terms Condition' is clicked on

2019-06-19 15:44:27 - [MESSAGE][PASSED] - Object: 'Object Repository/OCS-MOBILE /Cart flyout/Checkbox_Accept the Terms Condition' is clicked on

2019-06-19 15:44:27 - [TEST_STEP][PASSED] - delay(2): Delayed 2 second(s)

2019-06-19 15:44:29 - [MESSAGE][PASSED] - Delayed 2 second(s)

2019-06-19 15:44:29 - [TEST_STEP][PASSED] - click(findTestObject("OCS-MOBILE /Cart flyout/Checkout - Button")): Object: 'Object Repository/OCS-MOBILE /Cart flyout/Checkout - Button' is clicked on

2019-06-19 15:44:32 - [MESSAGE][PASSED] - Object: 'Object Repository/OCS-MOBILE /Cart flyout/Checkout - Button' is clicked on

2019-06-19 15:44:32 - [TEST_STEP][PASSED] - executeJavaScript("var previewBar = document.getElementById("preview-bar-iframe"); previewBar.style.display = "none";", []): Execute JavaScript 'var previewBar = document.getElementById("preview-bar-iframe"); previewBar.style.display = "none";' successfully

2019-06-19 15:44:32 - [MESSAGE][PASSED] - Execute JavaScript 'var previewBar = document.getElementById("preview-bar-iframe"); previewBar.style.display = "none";' successfully

2019-06-19 15:44:32 - [TEST_STEP][PASSED] - delay(2): Delayed 2 second(s)

2019-06-19 15:44:34 - [MESSAGE][PASSED] - Delayed 2 second(s)

2019-06-19 15:44:34 - [TEST_STEP][PASSED] - scrollToElement(findTestObject("OCS-MOBILE /Customer info page/Return to Cart - Link"), 1): Scroll to object 'Object Repository/OCS-MOBILE /Customer info page/Return to Cart - Link' successfully

2019-06-19 15:44:35 - [MESSAGE][PASSED] - Scroll to object 'Object Repository/OCS-MOBILE /Customer info page/Return to Cart - Link' successfully

2019-06-19 15:44:35 - [TEST_STEP][PASSED] - delay(2): Delayed 2 second(s)

2019-06-19 15:44:37 - [MESSAGE][PASSED] - Delayed 2 second(s)

2019-06-19 15:44:37 - [TEST_STEP][PASSED] - setViewPortSize(1000, 800, OPTIONAL): Viewport is set to new size with width = 1000 and height = 800

2019-06-19 15:44:37 - [MESSAGE][PASSED] - Viewport is set to new size with width = 1000 and height = 800

2019-06-19 15:44:37 - [TEST_STEP][PASSED] - delay(2, OPTIONAL): Delayed 2 second(s)

2019-06-19 15:44:39 - [MESSAGE][PASSED] - Delayed 2 second(s)

2019-06-19 15:44:39 - [TEST_STEP][PASSED] - click(findTestObject("Theme_oR/Page_Ontario Cannabis Store  Ontari/button_Hide bar"), OPTIONAL): Unable to click on object (Root cause: java.lang.IllegalArgumentException: Object is null)

2019-06-19 15:44:39 - [MESSAGE][WARNING] - Test object with id 'Object Repository/Theme_oR/Page_Ontario Cannabis Store  Ontari/button_Hide bar' does not exist

2019-06-19 15:44:39 - [MESSAGE][WARNING] - Test object with id 'Object Repository/' does not exist

2019-06-19 15:44:40 - [MESSAGE][WARNING] - Unable to click on object (Root cause: java.lang.IllegalArgumentException: Object is null)
[[ATTACHMENT|/Users/sumankompelly/Relative xpath-Mobile/Reports/recordings - ( 1.10.2 )/20190619_153658/1560973479413.png]]

2019-06-19 15:44:40 - [TEST_STEP][PASSED] - delay(2, OPTIONAL): Delayed 2 second(s)

2019-06-19 15:44:42 - [MESSAGE][PASSED] - Delayed 2 second(s)

2019-06-19 15:44:42 - [TEST_STEP][PASSED] - setViewPortSize(360, 800, OPTIONAL): Viewport is set to new size with width = 360 and height = 800

2019-06-19 15:44:42 - [MESSAGE][PASSED] - Viewport is set to new size with width = 360 and height = 800

2019-06-19 15:44:42 - [TEST_STEP][PASSED] - delay(1): Delayed 1 second(s)

2019-06-19 15:44:43 - [MESSAGE][PASSED] - Delayed 1 second(s)

2019-06-19 15:44:43 - [TEST_STEP][PASSED] - click(findTestObject("OCS-MOBILE /Customer info page/Return to Cart - Link")): Object: 'Object Repository/OCS-MOBILE /Customer info page/Return to Cart - Link' is clicked on

2019-06-19 15:44:45 - [MESSAGE][PASSED] - Object: 'Object Repository/OCS-MOBILE /Customer info page/Return to Cart - Link' is clicked on

2019-06-19 15:44:45 - [TEST_STEP][PASSED] - delay(2): Delayed 2 second(s)

2019-06-19 15:44:47 - [MESSAGE][PASSED] - Delayed 2 second(s)

2019-06-19 15:44:47 - [TEST_STEP][PASSED] - executeJavaScript("var previewBar = document.getElementById("preview-bar-iframe"); previewBar.style.display = "none";", []): Execute JavaScript 'var previewBar = document.getElementById("preview-bar-iframe"); previewBar.style.display = "none";' successfully

2019-06-19 15:44:47 - [MESSAGE][PASSED] - Execute JavaScript 'var previewBar = document.getElementById("preview-bar-iframe"); previewBar.style.display = "none";' successfully

2019-06-19 15:44:47 - [TEST_STEP][PASSED] - delay(2): Delayed 2 second(s)

2019-06-19 15:44:49 - [MESSAGE][PASSED] - Delayed 2 second(s)

2019-06-19 15:44:49 - [TEST_STEP][PASSED] - setViewPortSize(1000, 800, OPTIONAL): Viewport is set to new size with width = 1000 and height = 800

2019-06-19 15:44:49 - [MESSAGE][PASSED] - Viewport is set to new size with width = 1000 and height = 800

2019-06-19 15:44:49 - [TEST_STEP][PASSED] - delay(2, OPTIONAL): Delayed 2 second(s)

2019-06-19 15:44:51 - [MESSAGE][PASSED] - Delayed 2 second(s)

2019-06-19 15:44:51 - [TEST_STEP][PASSED] - click(findTestObject("Theme_oR/Page_Ontario Cannabis Store  Ontari/button_Hide bar"), OPTIONAL): Unable to click on object (Root cause: java.lang.IllegalArgumentException: Object is null)

2019-06-19 15:44:51 - [MESSAGE][WARNING] - Test object with id 'Object Repository/Theme_oR/Page_Ontario Cannabis Store  Ontari/button_Hide bar' does not exist

2019-06-19 15:44:51 - [MESSAGE][WARNING] - Test object with id 'Object Repository/' does not exist

2019-06-19 15:44:52 - [MESSAGE][WARNING] - Unable to click on object (Root cause: java.lang.IllegalArgumentException: Object is null)
[[ATTACHMENT|/Users/sumankompelly/Relative xpath-Mobile/Reports/recordings - ( 1.10.2 )/20190619_153658/1560973491656.png]]

2019-06-19 15:44:52 - [TEST_STEP][PASSED] - delay(2, OPTIONAL): Delayed 2 second(s)

2019-06-19 15:44:54 - [MESSAGE][PASSED] - Delayed 2 second(s)

2019-06-19 15:44:54 - [TEST_STEP][PASSED] - setViewPortSize(360, 800, OPTIONAL): Viewport is set to new size with width = 360 and height = 800

2019-06-19 15:44:54 - [MESSAGE][PASSED] - Viewport is set to new size with width = 360 and height = 800

2019-06-19 15:44:54 - [TEST_STEP][PASSED] - delay(1, OPTIONAL): Delayed 1 second(s)

2019-06-19 15:44:55 - [MESSAGE][PASSED] - Delayed 1 second(s)

2019-06-19 15:44:55 - [TEST_STEP][PASSED] - a = getText(findTestObject("OCS-MOBILE /Cart page/Unit price - 1st product")): Text of object 'Object Repository/OCS-MOBILE /Cart page/Unit price - 1st product' is: '$34.10'

2019-06-19 15:44:56 - [MESSAGE][PASSED] - Text of object 'Object Repository/OCS-MOBILE /Cart page/Unit price - 1st product' is: '$34.10'

2019-06-19 15:44:56 - [TEST_STEP][PASSED] - comment(a): $34.10

2019-06-19 15:44:56 - [MESSAGE][INFO] - $34.10

2019-06-19 15:44:56 - [TEST_STEP][PASSED] - a1 = a.substring(1): null

2019-06-19 15:44:56 - [TEST_STEP][PASSED] - comment("a1 = " + a1): a1 = 34.10

2019-06-19 15:44:56 - [MESSAGE][INFO] - a1 = 34.10

2019-06-19 15:44:56 - [TEST_STEP][PASSED] - delay(2): Delayed 2 second(s)

2019-06-19 15:44:58 - [MESSAGE][PASSED] - Delayed 2 second(s)

2019-06-19 15:44:58 - [TEST_STEP][PASSED] - b = getText(findTestObject("OCS-MOBILE /Cart page/Unit price - 2nd product")): Text of object 'Object Repository/OCS-MOBILE /Cart page/Unit price - 2nd product' is: '$10.25'

2019-06-19 15:44:58 - [MESSAGE][PASSED] - Text of object 'Object Repository/OCS-MOBILE /Cart page/Unit price - 2nd product' is: '$10.25'

2019-06-19 15:44:58 - [TEST_STEP][PASSED] - comment(b): $10.25

2019-06-19 15:44:58 - [MESSAGE][INFO] - $10.25

2019-06-19 15:44:58 - [TEST_STEP][PASSED] - a2 = b.substring(1): null

2019-06-19 15:44:58 - [TEST_STEP][PASSED] - comment("a2 = " + a2): a2 = 10.25

2019-06-19 15:44:58 - [MESSAGE][INFO] - a2 = 10.25

2019-06-19 15:44:58 - [TEST_STEP][PASSED] - c = getText(findTestObject("OCS-MOBILE /Cart page/Sub-total")): Text of object 'Object Repository/OCS-MOBILE /Cart page/Sub-total' is: '$44.35'

2019-06-19 15:44:58 - [MESSAGE][PASSED] - Text of object 'Object Repository/OCS-MOBILE /Cart page/Sub-total' is: '$44.35'

2019-06-19 15:44:58 - [TEST_STEP][PASSED] - comment(c): $44.35

2019-06-19 15:44:58 - [MESSAGE][INFO] - $44.35

2019-06-19 15:44:58 - [TEST_STEP][PASSED] - a3 = c.substring(1): null

2019-06-19 15:44:58 - [TEST_STEP][PASSED] - comment("a3 = " + a3): a3 = 44.35

2019-06-19 15:44:58 - [MESSAGE][INFO] - a3 = 44.35

2019-06-19 15:44:58 - [TEST_STEP][PASSED] - p2 = <not implemented yet for class: org.codehaus.groovy.ast.expr.EmptyExpression>: null

2019-06-19 15:44:58 - [TEST_STEP][PASSED] - p3 = <not implemented yet for class: org.codehaus.groovy.ast.expr.EmptyExpression>: null

2019-06-19 15:44:58 - [TEST_STEP][PASSED] - try: p2=34.1

2019-06-19 15:44:58 - [TEST_STEP][PASSED] - x1 = a1: null

2019-06-19 15:44:58 - [TEST_STEP][PASSED] - comment("x1=" + x1): x1=34.10

2019-06-19 15:44:58 - [MESSAGE][INFO] - x1=34.10

2019-06-19 15:44:58 - [TEST_STEP][PASSED] - p2 = Double.valueOf(x1): null

2019-06-19 15:44:58 - [TEST_STEP][PASSED] - comment("p2=" + p2): p2=34.1

2019-06-19 15:44:58 - [MESSAGE][INFO] - p2=34.1

2019-06-19 15:44:58 - [TEST_STEP][PASSED] - try: p3=10.25

2019-06-19 15:44:58 - [TEST_STEP][PASSED] - x2 = a2: null

2019-06-19 15:44:58 - [TEST_STEP][PASSED] - comment("x2=" + x2): x2=10.25

2019-06-19 15:44:58 - [MESSAGE][INFO] - x2=10.25

2019-06-19 15:44:58 - [TEST_STEP][PASSED] - p3 = Double.valueOf(x2): null

2019-06-19 15:44:58 - [TEST_STEP][PASSED] - comment("p3=" + p3): p3=10.25

2019-06-19 15:44:58 - [MESSAGE][INFO] - p3=10.25

2019-06-19 15:44:58 - [TEST_STEP][PASSED] - comment("p2=" + p2): p2=34.1

2019-06-19 15:44:58 - [MESSAGE][INFO] - p2=34.1

2019-06-19 15:44:58 - [TEST_STEP][PASSED] - comment("p3=" + p3): p3=10.25

2019-06-19 15:44:58 - [MESSAGE][INFO] - p3=10.25

2019-06-19 15:44:58 - [TEST_STEP][PASSED] - total = p2 + p3: null

2019-06-19 15:44:58 - [TEST_STEP][PASSED] - comment("total=" + total): total=44.35

2019-06-19 15:44:58 - [MESSAGE][INFO] - total=44.35

2019-06-19 15:44:58 - [TEST_STEP][PASSED] - verifyEqual(total, a3): Actual object '44.35' and expected object '44.35' are equal

2019-06-19 15:44:58 - [MESSAGE][PASSED] - Actual object '44.35' and expected object '44.35' are equal

2019-06-19 15:44:58 - [TEST_STEP][PASSED] - delay(2): Delayed 2 second(s)

2019-06-19 15:45:00 - [MESSAGE][PASSED] - Delayed 2 second(s)

2019-06-19 15:45:00 - [TEST_STEP][PASSED] - click(findTestObject("OCS-MOBILE /Cart page/Remove icon - 1st Product")): Object: 'Object Repository/OCS-MOBILE /Cart page/Remove icon - 1st Product' is clicked on

2019-06-19 15:45:02 - [MESSAGE][PASSED] - Object: 'Object Repository/OCS-MOBILE /Cart page/Remove icon - 1st Product' is clicked on

2019-06-19 15:45:02 - [TEST_STEP][PASSED] - delay(2): Delayed 2 second(s)

2019-06-19 15:45:04 - [MESSAGE][PASSED] - Delayed 2 second(s)

2019-06-19 15:45:04 - [TEST_STEP][PASSED] - c23 = getText(findTestObject("OCS-MOBILE /Cart page/Sub-total")): Text of object 'Object Repository/OCS-MOBILE /Cart page/Sub-total' is: '$10.25'

2019-06-19 15:45:04 - [MESSAGE][PASSED] - Text of object 'Object Repository/OCS-MOBILE /Cart page/Sub-total' is: '$10.25'

2019-06-19 15:45:04 - [TEST_STEP][PASSED] - comment(c23): $10.25

2019-06-19 15:45:04 - [MESSAGE][INFO] - $10.25

2019-06-19 15:45:04 - [TEST_STEP][PASSED] - a4 = c23.substring(1): null

2019-06-19 15:45:04 - [TEST_STEP][PASSED] - comment("a4= " + a4): a4= 10.25

2019-06-19 15:45:04 - [MESSAGE][INFO] - a4= 10.25

2019-06-19 15:45:04 - [TEST_STEP][PASSED] - b25 = getText(findTestObject("OCS-MOBILE /Cart page/Unit price - 1st product")): Text of object 'Object Repository/OCS-MOBILE /Cart page/Unit price - 1st product' is: '$10.25'

2019-06-19 15:45:05 - [MESSAGE][PASSED] - Text of object 'Object Repository/OCS-MOBILE /Cart page/Unit price - 1st product' is: '$10.25'

2019-06-19 15:45:05 - [TEST_STEP][PASSED] - comment(b25): $10.25

2019-06-19 15:45:05 - [MESSAGE][INFO] - $10.25

2019-06-19 15:45:05 - [TEST_STEP][PASSED] - a25 = b25.substring(1): null

2019-06-19 15:45:05 - [TEST_STEP][PASSED] - comment("a25 = " + a25): a25 = 10.25

2019-06-19 15:45:05 - [MESSAGE][INFO] - a25 = 10.25

2019-06-19 15:45:05 - [TEST_STEP][PASSED] - verifyEqual(a4, a25): Actual object '10.25' and expected object '10.25' are equal

2019-06-19 15:45:05 - [MESSAGE][PASSED] - Actual object '10.25' and expected object '10.25' are equal]]></system-out>
         <system-err><![CDATA[]]></system-err>
      </testcase>
      <testcase name="Test Cases/OCS - MOBILE/OCS- CRITICAL PATH/cart flyout- accessories" classname="Test Cases/OCS - MOBILE/OCS- CRITICAL PATH/cart flyout- accessories" status="FAILED">
         <failure type="FAILED" message="Test Cases/OCS - MOBILE/OCS- CRITICAL PATH/cart flyout- accessories FAILED.
Reason:
com.kms.katalon.core.exception.StepFailedException: Unable to click on object 'Object Repository/OCS-MOBILE /Collection page/Product image - 1st one' (Root cause: org.openqa.selenium.WebDriverException: element click intercepted: Element &lt;div class=&quot;product-tile__image&quot;>...&lt;/div> is not clickable at point (150, 544). Other element would receive the click: &lt;iframe title=&quot;Preview Bar&quot; id=&quot;preview-bar-iframe&quot; src=&quot;https://ocs.ca/preview_bar&quot; sandbox=&quot;allow-same-origin allow-scripts&quot; style=&quot;position: fixed; bottom: 0px; left: 0px; z-index: 2147483647; width: 100%; border: none; box-shadow: rgba(0, 0, 0, 0.2) 0px -1px 3px; overflow: hidden; transform: translateY(0px); transition: transform 300ms ease 0s; height: 92px;&quot;>&lt;/iframe>
  (Session info: chrome=76.0.3809.25)
  (Driver info: chromedriver=76.0.3809.25 (a0c95f440512e06df1c9c206f2d79cc20be18bb1-refs/branch-heads/3809@{#271}),platform=Mac OS X 10.13.6 x86_64) (WARNING: The server did not provide any stacktrace information)
Command duration or timeout: 61 milliseconds
Build info: version: '2.53.0', revision: '35ae25b', time: '2016-03-15 17:00:58'
System info: host: 'mac-208-52-166-49.browserstack.com', ip: '208.52.166.49', os.name: 'Mac OS X', os.arch: 'x86_64', os.version: '10.13.6', java.version: '1.8.0_51'
Driver info: org.openqa.selenium.chrome.ChromeDriver
Capabilities [{mobileEmulationEnabled=false, timeouts={implicit=0, pageLoad=300000, script=30000}, hasTouchScreen=false, platform=MAC, acceptSslCerts=false, goog:chromeOptions={debuggerAddress=localhost:52376}, acceptInsecureCerts=false, webStorageEnabled=true, browserName=chrome, takesScreenshot=true, javascriptEnabled=true, setWindowRect=true, unexpectedAlertBehaviour=ignore, applicationCacheEnabled=false, rotatable=false, networkConnectionEnabled=false, chrome={chromedriverVersion=76.0.3809.25 (a0c95f440512e06df1c9c206f2d79cc20be18bb1-refs/branch-heads/3809@{#271}), userDataDir=/var/folders/3y/zz_w6_s56sl__vcrf3r5bhzr0000hr/T/.com.google.Chrome.89wUEQ}, takesHeapSnapshot=true, pageLoadStrategy=normal, strictFileInteractability=false, databaseEnabled=false, handlesAlerts=true, version=76.0.3809.25, browserConnectionEnabled=false, proxy={}, nativeEvents=true, locationContextEnabled=true, cssSelectorsEnabled=true}]
Session ID: 66719828cfe24deec0601f122f90d4ea
Command duration or timeout: 0 milliseconds)
	at com.kms.katalon.core.keyword.internal.KeywordMain.stepFailed(KeywordMain.groovy:36)
	at com.kms.katalon.core.webui.keyword.internal.WebUIKeywordMain.stepFailed(WebUIKeywordMain.groovy:65)
	at com.kms.katalon.core.webui.keyword.internal.WebUIKeywordMain.runKeyword(WebUIKeywordMain.groovy:27)
	at com.kms.katalon.core.webui.keyword.builtin.ClickKeyword.click(ClickKeyword.groovy:86)
	at com.kms.katalon.core.webui.keyword.builtin.ClickKeyword.execute(ClickKeyword.groovy:67)
	at com.kms.katalon.core.keyword.internal.KeywordExecutor.executeKeywordForPlatform(KeywordExecutor.groovy:53)
	at com.kms.katalon.core.webui.keyword.WebUiBuiltInKeywords.click(WebUiBuiltInKeywords.groovy:616)
	at com.kms.katalon.core.webui.keyword.WebUiBuiltInKeywords$click$4.call(Unknown Source)
	at cart flyout- accessories.run(cart flyout- accessories:36)
	at com.kms.katalon.core.main.ScriptEngine.run(ScriptEngine.java:194)
	at com.kms.katalon.core.main.ScriptEngine.runScriptAsRawText(ScriptEngine.java:119)
	at com.kms.katalon.core.main.TestCaseExecutor.runScript(TestCaseExecutor.java:328)
	at com.kms.katalon.core.main.TestCaseExecutor.doExecute(TestCaseExecutor.java:319)
	at com.kms.katalon.core.main.TestCaseExecutor.processExecutionPhase(TestCaseExecutor.java:298)
	at com.kms.katalon.core.main.TestCaseExecutor.accessMainPhase(TestCaseExecutor.java:290)
	at com.kms.katalon.core.main.TestCaseExecutor.execute(TestCaseExecutor.java:224)
	at com.kms.katalon.core.main.TestSuiteExecutor.accessTestCaseMainPhase(TestSuiteExecutor.java:129)
	at com.kms.katalon.core.main.TestSuiteExecutor.accessTestSuiteMainPhase(TestSuiteExecutor.java:112)
	at com.kms.katalon.core.main.TestSuiteExecutor.execute(TestSuiteExecutor.java:81)
	at com.kms.katalon.core.main.TestCaseMain.startTestSuite(TestCaseMain.java:149)
	at com.kms.katalon.core.main.TestCaseMain$startTestSuite$0.call(Unknown Source)
	at TempTestSuite1560973018737.run(TempTestSuite1560973018737.groovy:36)
"/>
         <system-out><![CDATA[2019-06-19 15:45:05 - [TEST_CASE][FAILED] - Test Cases/OCS - MOBILE/OCS- CRITICAL PATH/cart flyout- accessories: Test Cases/OCS - MOBILE/OCS- CRITICAL PATH/cart flyout- accessories FAILED.
Reason:
com.kms.katalon.core.exception.StepFailedException: Unable to click on object 'Object Repository/OCS-MOBILE /Collection page/Product image - 1st one' (Root cause: org.openqa.selenium.WebDriverException: element click intercepted: Element <div class="product-tile__image">...</div> is not clickable at point (150, 544). Other element would receive the click: <iframe title="Preview Bar" id="preview-bar-iframe" src="https://ocs.ca/preview_bar" sandbox="allow-same-origin allow-scripts" style="position: fixed; bottom: 0px; left: 0px; z-index: 2147483647; width: 100%; border: none; box-shadow: rgba(0, 0, 0, 0.2) 0px -1px 3px; overflow: hidden; transform: translateY(0px); transition: transform 300ms ease 0s; height: 92px;"></iframe>
  (Session info: chrome=76.0.3809.25)
  (Driver info: chromedriver=76.0.3809.25 (a0c95f440512e06df1c9c206f2d79cc20be18bb1-refs/branch-heads/3809@{#271}),platform=Mac OS X 10.13.6 x86_64) (WARNING: The server did not provide any stacktrace information)
Command duration or timeout: 61 milliseconds
Build info: version: '2.53.0', revision: '35ae25b', time: '2016-03-15 17:00:58'
System info: host: 'mac-208-52-166-49.browserstack.com', ip: '208.52.166.49', os.name: 'Mac OS X', os.arch: 'x86_64', os.version: '10.13.6', java.version: '1.8.0_51'
Driver info: org.openqa.selenium.chrome.ChromeDriver
Capabilities [{mobileEmulationEnabled=false, timeouts={implicit=0, pageLoad=300000, script=30000}, hasTouchScreen=false, platform=MAC, acceptSslCerts=false, goog:chromeOptions={debuggerAddress=localhost:52376}, acceptInsecureCerts=false, webStorageEnabled=true, browserName=chrome, takesScreenshot=true, javascriptEnabled=true, setWindowRect=true, unexpectedAlertBehaviour=ignore, applicationCacheEnabled=false, rotatable=false, networkConnectionEnabled=false, chrome={chromedriverVersion=76.0.3809.25 (a0c95f440512e06df1c9c206f2d79cc20be18bb1-refs/branch-heads/3809@{#271}), userDataDir=/var/folders/3y/zz_w6_s56sl__vcrf3r5bhzr0000hr/T/.com.google.Chrome.89wUEQ}, takesHeapSnapshot=true, pageLoadStrategy=normal, strictFileInteractability=false, databaseEnabled=false, handlesAlerts=true, version=76.0.3809.25, browserConnectionEnabled=false, proxy={}, nativeEvents=true, locationContextEnabled=true, cssSelectorsEnabled=true}]
Session ID: 66719828cfe24deec0601f122f90d4ea
Command duration or timeout: 0 milliseconds)
	at com.kms.katalon.core.keyword.internal.KeywordMain.stepFailed(KeywordMain.groovy:36)
	at com.kms.katalon.core.webui.keyword.internal.WebUIKeywordMain.stepFailed(WebUIKeywordMain.groovy:65)
	at com.kms.katalon.core.webui.keyword.internal.WebUIKeywordMain.runKeyword(WebUIKeywordMain.groovy:27)
	at com.kms.katalon.core.webui.keyword.builtin.ClickKeyword.click(ClickKeyword.groovy:86)
	at com.kms.katalon.core.webui.keyword.builtin.ClickKeyword.execute(ClickKeyword.groovy:67)
	at com.kms.katalon.core.keyword.internal.KeywordExecutor.executeKeywordForPlatform(KeywordExecutor.groovy:53)
	at com.kms.katalon.core.webui.keyword.WebUiBuiltInKeywords.click(WebUiBuiltInKeywords.groovy:616)
	at com.kms.katalon.core.webui.keyword.WebUiBuiltInKeywords$click$4.call(Unknown Source)
	at cart flyout- accessories.run(cart flyout- accessories:36)
	at com.kms.katalon.core.main.ScriptEngine.run(ScriptEngine.java:194)
	at com.kms.katalon.core.main.ScriptEngine.runScriptAsRawText(ScriptEngine.java:119)
	at com.kms.katalon.core.main.TestCaseExecutor.runScript(TestCaseExecutor.java:328)
	at com.kms.katalon.core.main.TestCaseExecutor.doExecute(TestCaseExecutor.java:319)
	at com.kms.katalon.core.main.TestCaseExecutor.processExecutionPhase(TestCaseExecutor.java:298)
	at com.kms.katalon.core.main.TestCaseExecutor.accessMainPhase(TestCaseExecutor.java:290)
	at com.kms.katalon.core.main.TestCaseExecutor.execute(TestCaseExecutor.java:224)
	at com.kms.katalon.core.main.TestSuiteExecutor.accessTestCaseMainPhase(TestSuiteExecutor.java:129)
	at com.kms.katalon.core.main.TestSuiteExecutor.accessTestSuiteMainPhase(TestSuiteExecutor.java:112)
	at com.kms.katalon.core.main.TestSuiteExecutor.execute(TestSuiteExecutor.java:81)
	at com.kms.katalon.core.main.TestCaseMain.startTestSuite(TestCaseMain.java:149)
	at com.kms.katalon.core.main.TestCaseMain$startTestSuite$0.call(Unknown Source)
	at TempTestSuite1560973018737.run(TempTestSuite1560973018737.groovy:36)


2019-06-19 15:45:05 - [TEST_STEP][PASSED] - callTestCase(findTestCase("OCS - MOBILE/CALL - AGE GATE"), [:], STOP_ON_FAILURE): Call Test Case 'Test Cases/OCS - MOBILE/CALL - AGE GATE' successfully

2019-06-19 15:45:05 - [TEST_CASE][PASSED] - Test Cases/OCS - MOBILE/CALL - AGE GATE: Test Cases/OCS - MOBILE/CALL - AGE GATE

2019-06-19 15:45:05 - [TEST_STEP][PASSED] - openBrowser(""): Browser is opened with url: ''

2019-06-19 15:45:05 - [MESSAGE][WARNING] - A browser is already opened. Closing browser and opening a new one

2019-06-19 15:45:05 - [MESSAGE][INFO] - Starting 'Remote' driver

2019-06-19 15:45:05 - [MESSAGE][INFO] - User set preference: ['os', 'OS X']

2019-06-19 15:45:05 - [MESSAGE][INFO] - User set preference: ['os_version', 'High Sierra']

2019-06-19 15:45:05 - [MESSAGE][INFO] - User set preference: ['browser', 'Chrome']

2019-06-19 15:45:05 - [MESSAGE][INFO] - User set preference: ['browser_version', '76.0 beta']

2019-06-19 15:45:05 - [MESSAGE][INFO] - User set preference: ['browserstack.local', 'false']

2019-06-19 15:45:05 - [MESSAGE][INFO] - Connecting to remote web server 'https://dianatest3:Z3oqw9ysqTeRQJq5wFCp@hub-cloud.browserstack.com/wd/hub' with type 'Selenium'

2019-06-19 15:45:09 - [MESSAGE][PASSED] - Browser is opened with url: ''

2019-06-19 15:45:09 - [TEST_STEP][PASSED] - navigateToUrl("https://ocs.ca/?fts=0&preview_theme_id=72920106828"): Navigate to 'https://ocs.ca/?fts=0&preview_theme_id=72920106828' successfully

2019-06-19 15:45:15 - [MESSAGE][PASSED] - Navigate to 'https://ocs.ca/?fts=0&preview_theme_id=72920106828' successfully

2019-06-19 15:45:15 - [TEST_STEP][PASSED] - executeJavaScript("var previewBar = document.getElementById("preview-bar-iframe"); previewBar.style.display = "none";", []): Execute JavaScript 'var previewBar = document.getElementById("preview-bar-iframe"); previewBar.style.display = "none";' successfully

2019-06-19 15:45:15 - [MESSAGE][PASSED] - Execute JavaScript 'var previewBar = document.getElementById("preview-bar-iframe"); previewBar.style.display = "none";' successfully

2019-06-19 15:45:15 - [TEST_STEP][PASSED] - setViewPortSize(360, 800): Viewport is set to new size with width = 360 and height = 800

2019-06-19 15:45:16 - [MESSAGE][PASSED] - Viewport is set to new size with width = 360 and height = 800

2019-06-19 15:45:16 - [TEST_STEP][PASSED] - delay(4): Delayed 4 second(s)

2019-06-19 15:45:20 - [MESSAGE][PASSED] - Delayed 4 second(s)

2019-06-19 15:45:20 - [TEST_STEP][PASSED] - selectOptionByValue(findTestObject("OCS-MOBILE /Age gate and burger menu/Date"), "12", true): All options with value '12' are selected in object 'Object Repository/OCS-MOBILE /Age gate and burger menu/Date'  using regular expression

2019-06-19 15:45:24 - [MESSAGE][PASSED] - All options with value '12' are selected in object 'Object Repository/OCS-MOBILE /Age gate and burger menu/Date'  using regular expression

2019-06-19 15:45:24 - [TEST_STEP][PASSED] - selectOptionByValue(findTestObject("OCS-MOBILE /Age gate and burger menu/month"), "6", true): All options with value '6' are selected in object 'Object Repository/OCS-MOBILE /Age gate and burger menu/month'  using regular expression

2019-06-19 15:45:27 - [MESSAGE][PASSED] - All options with value '6' are selected in object 'Object Repository/OCS-MOBILE /Age gate and burger menu/month'  using regular expression

2019-06-19 15:45:27 - [TEST_STEP][PASSED] - delay(2): Delayed 2 second(s)

2019-06-19 15:45:29 - [MESSAGE][PASSED] - Delayed 2 second(s)

2019-06-19 15:45:29 - [TEST_STEP][PASSED] - selectOptionByValue(findTestObject("OCS-MOBILE /Age gate and burger menu/Year Dropdown"), "1990", true): All options with value '1990' are selected in object 'Object Repository/OCS-MOBILE /Age gate and burger menu/Year Dropdown'  using regular expression

2019-06-19 15:45:41 - [MESSAGE][PASSED] - All options with value '1990' are selected in object 'Object Repository/OCS-MOBILE /Age gate and burger menu/Year Dropdown'  using regular expression

2019-06-19 15:45:41 - [TEST_STEP][PASSED] - click(findTestObject("OCS-MOBILE /Age gate and Mega menu/button_Verify")): Object: 'Object Repository/OCS-MOBILE /Age gate and Mega menu/button_Verify' is clicked on

2019-06-19 15:45:41 - [MESSAGE][PASSED] - Object: 'Object Repository/OCS-MOBILE /Age gate and Mega menu/button_Verify' is clicked on

2019-06-19 15:45:41 - [TEST_STEP][PASSED] - click(findTestObject("OCS-MOBILE /Age gate and Mega menu/Checkbox_CONFIRM AND ACKNOWLEDGE")): Object: 'Object Repository/OCS-MOBILE /Age gate and Mega menu/Checkbox_CONFIRM AND ACKNOWLEDGE' is clicked on

2019-06-19 15:45:41 - [MESSAGE][PASSED] - Object: 'Object Repository/OCS-MOBILE /Age gate and Mega menu/Checkbox_CONFIRM AND ACKNOWLEDGE' is clicked on

2019-06-19 15:45:41 - [TEST_STEP][PASSED] - click(findTestObject("OCS-MOBILE /Age gate and Mega menu/button_CONFIRM")): Object: 'Object Repository/OCS-MOBILE /Age gate and Mega menu/button_CONFIRM' is clicked on

2019-06-19 15:45:42 - [MESSAGE][PASSED] - Object: 'Object Repository/OCS-MOBILE /Age gate and Mega menu/button_CONFIRM' is clicked on

2019-06-19 15:45:42 - [TEST_STEP][PASSED] - click(findTestObject("OCS-MOBILE /Age gate and Mega menu/button_Start Browsing")): Object: 'Object Repository/OCS-MOBILE /Age gate and Mega menu/button_Start Browsing' is clicked on

2019-06-19 15:45:42 - [MESSAGE][PASSED] - Object: 'Object Repository/OCS-MOBILE /Age gate and Mega menu/button_Start Browsing' is clicked on

2019-06-19 15:45:42 - [TEST_STEP][PASSED] - refresh(): Refresh successfully

2019-06-19 15:45:45 - [MESSAGE][PASSED] - Refresh successfully

2019-06-19 15:45:45 - [TEST_STEP][PASSED] - executeJavaScript("var previewBar = document.getElementById("preview-bar-iframe"); previewBar.style.display = "none";", []): Execute JavaScript 'var previewBar = document.getElementById("preview-bar-iframe"); previewBar.style.display = "none";' successfully

2019-06-19 15:45:45 - [MESSAGE][PASSED] - Execute JavaScript 'var previewBar = document.getElementById("preview-bar-iframe"); previewBar.style.display = "none";' successfully

2019-06-19 15:45:45 - [MESSAGE][PASSED] - Call Test Case 'Test Cases/OCS - MOBILE/CALL - AGE GATE' successfully

2019-06-19 15:45:45 - [TEST_STEP][PASSED] - delay(2): Delayed 2 second(s)

2019-06-19 15:45:47 - [MESSAGE][PASSED] - Delayed 2 second(s)

2019-06-19 15:45:47 - [TEST_STEP][PASSED] - click(findTestObject("OCS-MOBILE /Age gate and burger menu/Burger menu - English")): Object: 'Object Repository/OCS-MOBILE /Age gate and burger menu/Burger menu - English' is clicked on

2019-06-19 15:45:48 - [MESSAGE][PASSED] - Object: 'Object Repository/OCS-MOBILE /Age gate and burger menu/Burger menu - English' is clicked on

2019-06-19 15:45:48 - [TEST_STEP][PASSED] - delay(2): Delayed 2 second(s)

2019-06-19 15:45:50 - [MESSAGE][PASSED] - Delayed 2 second(s)

2019-06-19 15:45:50 - [TEST_STEP][PASSED] - click(findTestObject("OCS-MOBILE /Age gate and burger menu/Chevron_Cannabis")): Object: 'Object Repository/OCS-MOBILE /Age gate and burger menu/Chevron_Cannabis' is clicked on

2019-06-19 15:45:50 - [MESSAGE][PASSED] - Object: 'Object Repository/OCS-MOBILE /Age gate and burger menu/Chevron_Cannabis' is clicked on

2019-06-19 15:45:50 - [TEST_STEP][PASSED] - delay(2): Delayed 2 second(s)

2019-06-19 15:45:52 - [MESSAGE][PASSED] - Delayed 2 second(s)

2019-06-19 15:45:52 - [TEST_STEP][PASSED] - click(findTestObject("OCS-MOBILE /Age gate and burger menu/Dried Flower_Plus icon")): Object: 'Object Repository/OCS-MOBILE /Age gate and burger menu/Dried Flower_Plus icon' is clicked on

2019-06-19 15:45:52 - [MESSAGE][PASSED] - Object: 'Object Repository/OCS-MOBILE /Age gate and burger menu/Dried Flower_Plus icon' is clicked on

2019-06-19 15:45:52 - [TEST_STEP][PASSED] - delay(2): Delayed 2 second(s)

2019-06-19 15:45:54 - [MESSAGE][PASSED] - Delayed 2 second(s)

2019-06-19 15:45:54 - [TEST_STEP][PASSED] - click(findTestObject("OCS-MOBILE /Age gate and burger menu/Indica Dominant_Menu item")): Object: 'Object Repository/OCS-MOBILE /Age gate and burger menu/Indica Dominant_Menu item' is clicked on

2019-06-19 15:45:57 - [MESSAGE][PASSED] - Object: 'Object Repository/OCS-MOBILE /Age gate and burger menu/Indica Dominant_Menu item' is clicked on

2019-06-19 15:45:57 - [TEST_STEP][PASSED] - delay(2): Delayed 2 second(s)

2019-06-19 15:45:59 - [MESSAGE][PASSED] - Delayed 2 second(s)

2019-06-19 15:45:59 - [TEST_STEP][FAILED] - click(findTestObject("OCS-MOBILE /Collection page/Product image - 1st one")): click(findTestObject("OCS-MOBILE /Collection page/Product image - 1st one")) FAILED.
Reason:
com.kms.katalon.core.exception.StepFailedException: Unable to click on object 'Object Repository/OCS-MOBILE /Collection page/Product image - 1st one' (Root cause: org.openqa.selenium.WebDriverException: element click intercepted: Element <div class="product-tile__image">...</div> is not clickable at point (150, 544). Other element would receive the click: <iframe title="Preview Bar" id="preview-bar-iframe" src="https://ocs.ca/preview_bar" sandbox="allow-same-origin allow-scripts" style="position: fixed; bottom: 0px; left: 0px; z-index: 2147483647; width: 100%; border: none; box-shadow: rgba(0, 0, 0, 0.2) 0px -1px 3px; overflow: hidden; transform: translateY(0px); transition: transform 300ms ease 0s; height: 92px;"></iframe>
  (Session info: chrome=76.0.3809.25)
  (Driver info: chromedriver=76.0.3809.25 (a0c95f440512e06df1c9c206f2d79cc20be18bb1-refs/branch-heads/3809@{#271}),platform=Mac OS X 10.13.6 x86_64) (WARNING: The server did not provide any stacktrace information)
Command duration or timeout: 61 milliseconds
Build info: version: '2.53.0', revision: '35ae25b', time: '2016-03-15 17:00:58'
System info: host: 'mac-208-52-166-49.browserstack.com', ip: '208.52.166.49', os.name: 'Mac OS X', os.arch: 'x86_64', os.version: '10.13.6', java.version: '1.8.0_51'
Driver info: org.openqa.selenium.chrome.ChromeDriver
Capabilities [{mobileEmulationEnabled=false, timeouts={implicit=0, pageLoad=300000, script=30000}, hasTouchScreen=false, platform=MAC, acceptSslCerts=false, goog:chromeOptions={debuggerAddress=localhost:52376}, acceptInsecureCerts=false, webStorageEnabled=true, browserName=chrome, takesScreenshot=true, javascriptEnabled=true, setWindowRect=true, unexpectedAlertBehaviour=ignore, applicationCacheEnabled=false, rotatable=false, networkConnectionEnabled=false, chrome={chromedriverVersion=76.0.3809.25 (a0c95f440512e06df1c9c206f2d79cc20be18bb1-refs/branch-heads/3809@{#271}), userDataDir=/var/folders/3y/zz_w6_s56sl__vcrf3r5bhzr0000hr/T/.com.google.Chrome.89wUEQ}, takesHeapSnapshot=true, pageLoadStrategy=normal, strictFileInteractability=false, databaseEnabled=false, handlesAlerts=true, version=76.0.3809.25, browserConnectionEnabled=false, proxy={}, nativeEvents=true, locationContextEnabled=true, cssSelectorsEnabled=true}]
Session ID: 66719828cfe24deec0601f122f90d4ea
Command duration or timeout: 0 milliseconds)
	at com.kms.katalon.core.keyword.internal.KeywordMain.stepFailed(KeywordMain.groovy:36)
	at com.kms.katalon.core.webui.keyword.internal.WebUIKeywordMain.stepFailed(WebUIKeywordMain.groovy:65)
	at com.kms.katalon.core.webui.keyword.internal.WebUIKeywordMain.runKeyword(WebUIKeywordMain.groovy:27)
	at com.kms.katalon.core.webui.keyword.builtin.ClickKeyword.click(ClickKeyword.groovy:86)
	at com.kms.katalon.core.webui.keyword.builtin.ClickKeyword.execute(ClickKeyword.groovy:67)
	at com.kms.katalon.core.keyword.internal.KeywordExecutor.executeKeywordForPlatform(KeywordExecutor.groovy:53)
	at com.kms.katalon.core.webui.keyword.WebUiBuiltInKeywords.click(WebUiBuiltInKeywords.groovy:616)
	at com.kms.katalon.core.webui.keyword.WebUiBuiltInKeywords$click$4.call(Unknown Source)
	at cart flyout- accessories.run(cart flyout- accessories:36)
	at com.kms.katalon.core.main.ScriptEngine.run(ScriptEngine.java:194)
	at com.kms.katalon.core.main.ScriptEngine.runScriptAsRawText(ScriptEngine.java:119)
	at com.kms.katalon.core.main.TestCaseExecutor.runScript(TestCaseExecutor.java:328)
	at com.kms.katalon.core.main.TestCaseExecutor.doExecute(TestCaseExecutor.java:319)
	at com.kms.katalon.core.main.TestCaseExecutor.processExecutionPhase(TestCaseExecutor.java:298)
	at com.kms.katalon.core.main.TestCaseExecutor.accessMainPhase(TestCaseExecutor.java:290)
	at com.kms.katalon.core.main.TestCaseExecutor.execute(TestCaseExecutor.java:224)
	at com.kms.katalon.core.main.TestSuiteExecutor.accessTestCaseMainPhase(TestSuiteExecutor.java:129)
	at com.kms.katalon.core.main.TestSuiteExecutor.accessTestSuiteMainPhase(TestSuiteExecutor.java:112)
	at com.kms.katalon.core.main.TestSuiteExecutor.execute(TestSuiteExecutor.java:81)
	at com.kms.katalon.core.main.TestCaseMain.startTestSuite(TestCaseMain.java:149)
	at com.kms.katalon.core.main.TestCaseMain$startTestSuite$0.call(Unknown Source)
	at TempTestSuite1560973018737.run(TempTestSuite1560973018737.groovy:36)


2019-06-19 15:46:00 - [MESSAGE][FAILED] - Unable to click on object 'Object Repository/OCS-MOBILE /Collection page/Product image - 1st one' (Root cause: org.openqa.selenium.WebDriverException: element click intercepted: Element <div class="product-tile__image">...</div> is not clickable at point (150, 544). Other element would receive the click: <iframe title="Preview Bar" id="preview-bar-iframe" src="https://ocs.ca/preview_bar" sandbox="allow-same-origin allow-scripts" style="position: fixed; bottom: 0px; left: 0px; z-index: 2147483647; width: 100%; border: none; box-shadow: rgba(0, 0, 0, 0.2) 0px -1px 3px; overflow: hidden; transform: translateY(0px); transition: transform 300ms ease 0s; height: 92px;"></iframe>
  (Session info: chrome=76.0.3809.25)
  (Driver info: chromedriver=76.0.3809.25 (a0c95f440512e06df1c9c206f2d79cc20be18bb1-refs/branch-heads/3809@{#271}),platform=Mac OS X 10.13.6 x86_64) (WARNING: The server did not provide any stacktrace information)
Command duration or timeout: 61 milliseconds
Build info: version: '2.53.0', revision: '35ae25b', time: '2016-03-15 17:00:58'
System info: host: 'mac-208-52-166-49.browserstack.com', ip: '208.52.166.49', os.name: 'Mac OS X', os.arch: 'x86_64', os.version: '10.13.6', java.version: '1.8.0_51'
Driver info: org.openqa.selenium.chrome.ChromeDriver
Capabilities [{mobileEmulationEnabled=false, timeouts={implicit=0, pageLoad=300000, script=30000}, hasTouchScreen=false, platform=MAC, acceptSslCerts=false, goog:chromeOptions={debuggerAddress=localhost:52376}, acceptInsecureCerts=false, webStorageEnabled=true, browserName=chrome, takesScreenshot=true, javascriptEnabled=true, setWindowRect=true, unexpectedAlertBehaviour=ignore, applicationCacheEnabled=false, rotatable=false, networkConnectionEnabled=false, chrome={chromedriverVersion=76.0.3809.25 (a0c95f440512e06df1c9c206f2d79cc20be18bb1-refs/branch-heads/3809@{#271}), userDataDir=/var/folders/3y/zz_w6_s56sl__vcrf3r5bhzr0000hr/T/.com.google.Chrome.89wUEQ}, takesHeapSnapshot=true, pageLoadStrategy=normal, strictFileInteractability=false, databaseEnabled=false, handlesAlerts=true, version=76.0.3809.25, browserConnectionEnabled=false, proxy={}, nativeEvents=true, locationContextEnabled=true, cssSelectorsEnabled=true}]
Session ID: 66719828cfe24deec0601f122f90d4ea
Command duration or timeout: 0 milliseconds)
[[ATTACHMENT|/Users/sumankompelly/Relative xpath-Mobile/Reports/recordings - ( 1.10.2 )/20190619_153658/1560973560151.png]]

2019-06-19 15:46:00 - [MESSAGE][FAILED] - click(findTestObject("OCS-MOBILE /Collection page/Product image - 1st one")) FAILED.
Reason:
com.kms.katalon.core.exception.StepFailedException: Unable to click on object 'Object Repository/OCS-MOBILE /Collection page/Product image - 1st one' (Root cause: org.openqa.selenium.WebDriverException: element click intercepted: Element <div class="product-tile__image">...</div> is not clickable at point (150, 544). Other element would receive the click: <iframe title="Preview Bar" id="preview-bar-iframe" src="https://ocs.ca/preview_bar" sandbox="allow-same-origin allow-scripts" style="position: fixed; bottom: 0px; left: 0px; z-index: 2147483647; width: 100%; border: none; box-shadow: rgba(0, 0, 0, 0.2) 0px -1px 3px; overflow: hidden; transform: translateY(0px); transition: transform 300ms ease 0s; height: 92px;"></iframe>
  (Session info: chrome=76.0.3809.25)
  (Driver info: chromedriver=76.0.3809.25 (a0c95f440512e06df1c9c206f2d79cc20be18bb1-refs/branch-heads/3809@{#271}),platform=Mac OS X 10.13.6 x86_64) (WARNING: The server did not provide any stacktrace information)
Command duration or timeout: 61 milliseconds
Build info: version: '2.53.0', revision: '35ae25b', time: '2016-03-15 17:00:58'
System info: host: 'mac-208-52-166-49.browserstack.com', ip: '208.52.166.49', os.name: 'Mac OS X', os.arch: 'x86_64', os.version: '10.13.6', java.version: '1.8.0_51'
Driver info: org.openqa.selenium.chrome.ChromeDriver
Capabilities [{mobileEmulationEnabled=false, timeouts={implicit=0, pageLoad=300000, script=30000}, hasTouchScreen=false, platform=MAC, acceptSslCerts=false, goog:chromeOptions={debuggerAddress=localhost:52376}, acceptInsecureCerts=false, webStorageEnabled=true, browserName=chrome, takesScreenshot=true, javascriptEnabled=true, setWindowRect=true, unexpectedAlertBehaviour=ignore, applicationCacheEnabled=false, rotatable=false, networkConnectionEnabled=false, chrome={chromedriverVersion=76.0.3809.25 (a0c95f440512e06df1c9c206f2d79cc20be18bb1-refs/branch-heads/3809@{#271}), userDataDir=/var/folders/3y/zz_w6_s56sl__vcrf3r5bhzr0000hr/T/.com.google.Chrome.89wUEQ}, takesHeapSnapshot=true, pageLoadStrategy=normal, strictFileInteractability=false, databaseEnabled=false, handlesAlerts=true, version=76.0.3809.25, browserConnectionEnabled=false, proxy={}, nativeEvents=true, locationContextEnabled=true, cssSelectorsEnabled=true}]
Session ID: 66719828cfe24deec0601f122f90d4ea
Command duration or timeout: 0 milliseconds)
	at com.kms.katalon.core.keyword.internal.KeywordMain.stepFailed(KeywordMain.groovy:36)
	at com.kms.katalon.core.webui.keyword.internal.WebUIKeywordMain.stepFailed(WebUIKeywordMain.groovy:65)
	at com.kms.katalon.core.webui.keyword.internal.WebUIKeywordMain.runKeyword(WebUIKeywordMain.groovy:27)
	at com.kms.katalon.core.webui.keyword.builtin.ClickKeyword.click(ClickKeyword.groovy:86)
	at com.kms.katalon.core.webui.keyword.builtin.ClickKeyword.execute(ClickKeyword.groovy:67)
	at com.kms.katalon.core.keyword.internal.KeywordExecutor.executeKeywordForPlatform(KeywordExecutor.groovy:53)
	at com.kms.katalon.core.webui.keyword.WebUiBuiltInKeywords.click(WebUiBuiltInKeywords.groovy:616)
	at com.kms.katalon.core.webui.keyword.WebUiBuiltInKeywords$click$4.call(Unknown Source)
	at cart flyout- accessories.run(cart flyout- accessories:36)
	at com.kms.katalon.core.main.ScriptEngine.run(ScriptEngine.java:194)
	at com.kms.katalon.core.main.ScriptEngine.runScriptAsRawText(ScriptEngine.java:119)
	at com.kms.katalon.core.main.TestCaseExecutor.runScript(TestCaseExecutor.java:328)
	at com.kms.katalon.core.main.TestCaseExecutor.doExecute(TestCaseExecutor.java:319)
	at com.kms.katalon.core.main.TestCaseExecutor.processExecutionPhase(TestCaseExecutor.java:298)
	at com.kms.katalon.core.main.TestCaseExecutor.accessMainPhase(TestCaseExecutor.java:290)
	at com.kms.katalon.core.main.TestCaseExecutor.execute(TestCaseExecutor.java:224)
	at com.kms.katalon.core.main.TestSuiteExecutor.accessTestCaseMainPhase(TestSuiteExecutor.java:129)
	at com.kms.katalon.core.main.TestSuiteExecutor.accessTestSuiteMainPhase(TestSuiteExecutor.java:112)
	at com.kms.katalon.core.main.TestSuiteExecutor.execute(TestSuiteExecutor.java:81)
	at com.kms.katalon.core.main.TestCaseMain.startTestSuite(TestCaseMain.java:149)
	at com.kms.katalon.core.main.TestCaseMain$startTestSuite$0.call(Unknown Source)
	at TempTestSuite1560973018737.run(TempTestSuite1560973018737.groovy:36)]]></system-out>
         <system-err><![CDATA[2019-06-19 15:45:05 - [TEST_CASE][FAILED] - Test Cases/OCS - MOBILE/OCS- CRITICAL PATH/cart flyout- accessories: Test Cases/OCS - MOBILE/OCS- CRITICAL PATH/cart flyout- accessories FAILED.
Reason:
com.kms.katalon.core.exception.StepFailedException: Unable to click on object 'Object Repository/OCS-MOBILE /Collection page/Product image - 1st one' (Root cause: org.openqa.selenium.WebDriverException: element click intercepted: Element <div class="product-tile__image">...</div> is not clickable at point (150, 544). Other element would receive the click: <iframe title="Preview Bar" id="preview-bar-iframe" src="https://ocs.ca/preview_bar" sandbox="allow-same-origin allow-scripts" style="position: fixed; bottom: 0px; left: 0px; z-index: 2147483647; width: 100%; border: none; box-shadow: rgba(0, 0, 0, 0.2) 0px -1px 3px; overflow: hidden; transform: translateY(0px); transition: transform 300ms ease 0s; height: 92px;"></iframe>
  (Session info: chrome=76.0.3809.25)
  (Driver info: chromedriver=76.0.3809.25 (a0c95f440512e06df1c9c206f2d79cc20be18bb1-refs/branch-heads/3809@{#271}),platform=Mac OS X 10.13.6 x86_64) (WARNING: The server did not provide any stacktrace information)
Command duration or timeout: 61 milliseconds
Build info: version: '2.53.0', revision: '35ae25b', time: '2016-03-15 17:00:58'
System info: host: 'mac-208-52-166-49.browserstack.com', ip: '208.52.166.49', os.name: 'Mac OS X', os.arch: 'x86_64', os.version: '10.13.6', java.version: '1.8.0_51'
Driver info: org.openqa.selenium.chrome.ChromeDriver
Capabilities [{mobileEmulationEnabled=false, timeouts={implicit=0, pageLoad=300000, script=30000}, hasTouchScreen=false, platform=MAC, acceptSslCerts=false, goog:chromeOptions={debuggerAddress=localhost:52376}, acceptInsecureCerts=false, webStorageEnabled=true, browserName=chrome, takesScreenshot=true, javascriptEnabled=true, setWindowRect=true, unexpectedAlertBehaviour=ignore, applicationCacheEnabled=false, rotatable=false, networkConnectionEnabled=false, chrome={chromedriverVersion=76.0.3809.25 (a0c95f440512e06df1c9c206f2d79cc20be18bb1-refs/branch-heads/3809@{#271}), userDataDir=/var/folders/3y/zz_w6_s56sl__vcrf3r5bhzr0000hr/T/.com.google.Chrome.89wUEQ}, takesHeapSnapshot=true, pageLoadStrategy=normal, strictFileInteractability=false, databaseEnabled=false, handlesAlerts=true, version=76.0.3809.25, browserConnectionEnabled=false, proxy={}, nativeEvents=true, locationContextEnabled=true, cssSelectorsEnabled=true}]
Session ID: 66719828cfe24deec0601f122f90d4ea
Command duration or timeout: 0 milliseconds)
	at com.kms.katalon.core.keyword.internal.KeywordMain.stepFailed(KeywordMain.groovy:36)
	at com.kms.katalon.core.webui.keyword.internal.WebUIKeywordMain.stepFailed(WebUIKeywordMain.groovy:65)
	at com.kms.katalon.core.webui.keyword.internal.WebUIKeywordMain.runKeyword(WebUIKeywordMain.groovy:27)
	at com.kms.katalon.core.webui.keyword.builtin.ClickKeyword.click(ClickKeyword.groovy:86)
	at com.kms.katalon.core.webui.keyword.builtin.ClickKeyword.execute(ClickKeyword.groovy:67)
	at com.kms.katalon.core.keyword.internal.KeywordExecutor.executeKeywordForPlatform(KeywordExecutor.groovy:53)
	at com.kms.katalon.core.webui.keyword.WebUiBuiltInKeywords.click(WebUiBuiltInKeywords.groovy:616)
	at com.kms.katalon.core.webui.keyword.WebUiBuiltInKeywords$click$4.call(Unknown Source)
	at cart flyout- accessories.run(cart flyout- accessories:36)
	at com.kms.katalon.core.main.ScriptEngine.run(ScriptEngine.java:194)
	at com.kms.katalon.core.main.ScriptEngine.runScriptAsRawText(ScriptEngine.java:119)
	at com.kms.katalon.core.main.TestCaseExecutor.runScript(TestCaseExecutor.java:328)
	at com.kms.katalon.core.main.TestCaseExecutor.doExecute(TestCaseExecutor.java:319)
	at com.kms.katalon.core.main.TestCaseExecutor.processExecutionPhase(TestCaseExecutor.java:298)
	at com.kms.katalon.core.main.TestCaseExecutor.accessMainPhase(TestCaseExecutor.java:290)
	at com.kms.katalon.core.main.TestCaseExecutor.execute(TestCaseExecutor.java:224)
	at com.kms.katalon.core.main.TestSuiteExecutor.accessTestCaseMainPhase(TestSuiteExecutor.java:129)
	at com.kms.katalon.core.main.TestSuiteExecutor.accessTestSuiteMainPhase(TestSuiteExecutor.java:112)
	at com.kms.katalon.core.main.TestSuiteExecutor.execute(TestSuiteExecutor.java:81)
	at com.kms.katalon.core.main.TestCaseMain.startTestSuite(TestCaseMain.java:149)
	at com.kms.katalon.core.main.TestCaseMain$startTestSuite$0.call(Unknown Source)
	at TempTestSuite1560973018737.run(TempTestSuite1560973018737.groovy:36)]]></system-err>
      </testcase>
      <testcase name="Test Cases/OCS - MOBILE/OCS- CRITICAL PATH/Cart flyout-price comparison" classname="Test Cases/OCS - MOBILE/OCS- CRITICAL PATH/Cart flyout-price comparison" status="PASSED">
         <system-out><![CDATA[2019-06-19 15:46:00 - [TEST_CASE][PASSED] - Test Cases/OCS - MOBILE/OCS- CRITICAL PATH/Cart flyout-price comparison: Test Cases/OCS - MOBILE/OCS- CRITICAL PATH/Cart flyout-price comparison

2019-06-19 15:46:00 - [TEST_STEP][PASSED] - callTestCase(findTestCase("OCS - MOBILE/CALL - AGE GATE"), [:], STOP_ON_FAILURE): Call Test Case 'Test Cases/OCS - MOBILE/CALL - AGE GATE' successfully

2019-06-19 15:46:01 - [TEST_CASE][PASSED] - Test Cases/OCS - MOBILE/CALL - AGE GATE: Test Cases/OCS - MOBILE/CALL - AGE GATE

2019-06-19 15:46:01 - [TEST_STEP][PASSED] - openBrowser(""): Browser is opened with url: ''

2019-06-19 15:46:01 - [MESSAGE][WARNING] - A browser is already opened. Closing browser and opening a new one

2019-06-19 15:46:01 - [MESSAGE][INFO] - Starting 'Remote' driver

2019-06-19 15:46:01 - [MESSAGE][INFO] - User set preference: ['os', 'OS X']

2019-06-19 15:46:01 - [MESSAGE][INFO] - User set preference: ['os_version', 'High Sierra']

2019-06-19 15:46:01 - [MESSAGE][INFO] - User set preference: ['browser', 'Chrome']

2019-06-19 15:46:01 - [MESSAGE][INFO] - User set preference: ['browser_version', '76.0 beta']

2019-06-19 15:46:01 - [MESSAGE][INFO] - User set preference: ['browserstack.local', 'false']

2019-06-19 15:46:01 - [MESSAGE][INFO] - Connecting to remote web server 'https://dianatest3:Z3oqw9ysqTeRQJq5wFCp@hub-cloud.browserstack.com/wd/hub' with type 'Selenium'

2019-06-19 15:46:06 - [MESSAGE][PASSED] - Browser is opened with url: ''

2019-06-19 15:46:06 - [TEST_STEP][PASSED] - navigateToUrl("https://ocs.ca/?fts=0&preview_theme_id=72920106828"): Navigate to 'https://ocs.ca/?fts=0&preview_theme_id=72920106828' successfully

2019-06-19 15:46:11 - [MESSAGE][PASSED] - Navigate to 'https://ocs.ca/?fts=0&preview_theme_id=72920106828' successfully

2019-06-19 15:46:11 - [TEST_STEP][PASSED] - executeJavaScript("var previewBar = document.getElementById("preview-bar-iframe"); previewBar.style.display = "none";", []): Execute JavaScript 'var previewBar = document.getElementById("preview-bar-iframe"); previewBar.style.display = "none";' successfully

2019-06-19 15:46:11 - [MESSAGE][PASSED] - Execute JavaScript 'var previewBar = document.getElementById("preview-bar-iframe"); previewBar.style.display = "none";' successfully

2019-06-19 15:46:11 - [TEST_STEP][PASSED] - setViewPortSize(360, 800): Viewport is set to new size with width = 360 and height = 800

2019-06-19 15:46:12 - [MESSAGE][PASSED] - Viewport is set to new size with width = 360 and height = 800

2019-06-19 15:46:12 - [TEST_STEP][PASSED] - delay(4): Delayed 4 second(s)

2019-06-19 15:46:16 - [MESSAGE][PASSED] - Delayed 4 second(s)

2019-06-19 15:46:16 - [TEST_STEP][PASSED] - selectOptionByValue(findTestObject("OCS-MOBILE /Age gate and burger menu/Date"), "12", true): All options with value '12' are selected in object 'Object Repository/OCS-MOBILE /Age gate and burger menu/Date'  using regular expression

2019-06-19 15:46:22 - [MESSAGE][PASSED] - All options with value '12' are selected in object 'Object Repository/OCS-MOBILE /Age gate and burger menu/Date'  using regular expression

2019-06-19 15:46:22 - [TEST_STEP][PASSED] - selectOptionByValue(findTestObject("OCS-MOBILE /Age gate and burger menu/month"), "6", true): All options with value '6' are selected in object 'Object Repository/OCS-MOBILE /Age gate and burger menu/month'  using regular expression

2019-06-19 15:46:24 - [MESSAGE][PASSED] - All options with value '6' are selected in object 'Object Repository/OCS-MOBILE /Age gate and burger menu/month'  using regular expression

2019-06-19 15:46:24 - [TEST_STEP][PASSED] - delay(2): Delayed 2 second(s)

2019-06-19 15:46:26 - [MESSAGE][PASSED] - Delayed 2 second(s)

2019-06-19 15:46:26 - [TEST_STEP][PASSED] - selectOptionByValue(findTestObject("OCS-MOBILE /Age gate and burger menu/Year Dropdown"), "1990", true): All options with value '1990' are selected in object 'Object Repository/OCS-MOBILE /Age gate and burger menu/Year Dropdown'  using regular expression

2019-06-19 15:46:42 - [MESSAGE][PASSED] - All options with value '1990' are selected in object 'Object Repository/OCS-MOBILE /Age gate and burger menu/Year Dropdown'  using regular expression

2019-06-19 15:46:42 - [TEST_STEP][PASSED] - click(findTestObject("OCS-MOBILE /Age gate and Mega menu/button_Verify")): Object: 'Object Repository/OCS-MOBILE /Age gate and Mega menu/button_Verify' is clicked on

2019-06-19 15:46:42 - [MESSAGE][PASSED] - Object: 'Object Repository/OCS-MOBILE /Age gate and Mega menu/button_Verify' is clicked on

2019-06-19 15:46:42 - [TEST_STEP][PASSED] - click(findTestObject("OCS-MOBILE /Age gate and Mega menu/Checkbox_CONFIRM AND ACKNOWLEDGE")): Object: 'Object Repository/OCS-MOBILE /Age gate and Mega menu/Checkbox_CONFIRM AND ACKNOWLEDGE' is clicked on

2019-06-19 15:46:42 - [MESSAGE][PASSED] - Object: 'Object Repository/OCS-MOBILE /Age gate and Mega menu/Checkbox_CONFIRM AND ACKNOWLEDGE' is clicked on

2019-06-19 15:46:42 - [TEST_STEP][PASSED] - click(findTestObject("OCS-MOBILE /Age gate and Mega menu/button_CONFIRM")): Object: 'Object Repository/OCS-MOBILE /Age gate and Mega menu/button_CONFIRM' is clicked on

2019-06-19 15:46:43 - [MESSAGE][PASSED] - Object: 'Object Repository/OCS-MOBILE /Age gate and Mega menu/button_CONFIRM' is clicked on

2019-06-19 15:46:43 - [TEST_STEP][PASSED] - click(findTestObject("OCS-MOBILE /Age gate and Mega menu/button_Start Browsing")): Object: 'Object Repository/OCS-MOBILE /Age gate and Mega menu/button_Start Browsing' is clicked on

2019-06-19 15:46:43 - [MESSAGE][PASSED] - Object: 'Object Repository/OCS-MOBILE /Age gate and Mega menu/button_Start Browsing' is clicked on

2019-06-19 15:46:43 - [TEST_STEP][PASSED] - refresh(): Refresh successfully

2019-06-19 15:46:43 - [MESSAGE][PASSED] - Refresh successfully

2019-06-19 15:46:43 - [TEST_STEP][PASSED] - executeJavaScript("var previewBar = document.getElementById("preview-bar-iframe"); previewBar.style.display = "none";", []): Execute JavaScript 'var previewBar = document.getElementById("preview-bar-iframe"); previewBar.style.display = "none";' successfully

2019-06-19 15:46:47 - [MESSAGE][PASSED] - Execute JavaScript 'var previewBar = document.getElementById("preview-bar-iframe"); previewBar.style.display = "none";' successfully

2019-06-19 15:46:47 - [MESSAGE][PASSED] - Call Test Case 'Test Cases/OCS - MOBILE/CALL - AGE GATE' successfully

2019-06-19 15:46:47 - [TEST_STEP][PASSED] - delay(2): Delayed 2 second(s)

2019-06-19 15:46:49 - [MESSAGE][PASSED] - Delayed 2 second(s)

2019-06-19 15:46:49 - [TEST_STEP][PASSED] - click(findTestObject("OCS-MOBILE /Age gate and burger menu/Burger menu - English")): Object: 'Object Repository/OCS-MOBILE /Age gate and burger menu/Burger menu - English' is clicked on

2019-06-19 15:46:49 - [MESSAGE][PASSED] - Object: 'Object Repository/OCS-MOBILE /Age gate and burger menu/Burger menu - English' is clicked on

2019-06-19 15:46:49 - [TEST_STEP][PASSED] - delay(2): Delayed 2 second(s)

2019-06-19 15:46:51 - [MESSAGE][PASSED] - Delayed 2 second(s)

2019-06-19 15:46:51 - [TEST_STEP][PASSED] - click(findTestObject("OCS-MOBILE /Age gate and burger menu/Chevron_Cannabis")): Object: 'Object Repository/OCS-MOBILE /Age gate and burger menu/Chevron_Cannabis' is clicked on

2019-06-19 15:46:52 - [MESSAGE][PASSED] - Object: 'Object Repository/OCS-MOBILE /Age gate and burger menu/Chevron_Cannabis' is clicked on

2019-06-19 15:46:52 - [TEST_STEP][PASSED] - delay(2): Delayed 2 second(s)

2019-06-19 15:46:54 - [MESSAGE][PASSED] - Delayed 2 second(s)

2019-06-19 15:46:54 - [TEST_STEP][PASSED] - click(findTestObject("OCS-MOBILE /Age gate and burger menu/Dried Flower_Plus icon")): Object: 'Object Repository/OCS-MOBILE /Age gate and burger menu/Dried Flower_Plus icon' is clicked on

2019-06-19 15:46:54 - [MESSAGE][PASSED] - Object: 'Object Repository/OCS-MOBILE /Age gate and burger menu/Dried Flower_Plus icon' is clicked on

2019-06-19 15:46:54 - [TEST_STEP][PASSED] - delay(2): Delayed 2 second(s)

2019-06-19 15:46:56 - [MESSAGE][PASSED] - Delayed 2 second(s)

2019-06-19 15:46:56 - [TEST_STEP][PASSED] - click(findTestObject("OCS-MOBILE /Age gate and burger menu/Indica Dominant_Menu item")): Object: 'Object Repository/OCS-MOBILE /Age gate and burger menu/Indica Dominant_Menu item' is clicked on

2019-06-19 15:46:59 - [MESSAGE][PASSED] - Object: 'Object Repository/OCS-MOBILE /Age gate and burger menu/Indica Dominant_Menu item' is clicked on

2019-06-19 15:46:59 - [TEST_STEP][PASSED] - delay(2): Delayed 2 second(s)

2019-06-19 15:47:01 - [MESSAGE][PASSED] - Delayed 2 second(s)

2019-06-19 15:47:01 - [TEST_STEP][PASSED] - executeJavaScript("var previewBar = document.getElementById("preview-bar-iframe"); previewBar.style.display = "none";", []): Execute JavaScript 'var previewBar = document.getElementById("preview-bar-iframe"); previewBar.style.display = "none";' successfully

2019-06-19 15:47:01 - [MESSAGE][PASSED] - Execute JavaScript 'var previewBar = document.getElementById("preview-bar-iframe"); previewBar.style.display = "none";' successfully

2019-06-19 15:47:01 - [TEST_STEP][PASSED] - click(findTestObject("OCS-MOBILE /Collection page/Product image - 1st one")): Object: 'Object Repository/OCS-MOBILE /Collection page/Product image - 1st one' is clicked on

2019-06-19 15:47:05 - [MESSAGE][PASSED] - Object: 'Object Repository/OCS-MOBILE /Collection page/Product image - 1st one' is clicked on

2019-06-19 15:47:05 - [TEST_STEP][PASSED] - executeJavaScript("var previewBar = document.getElementById("preview-bar-iframe"); previewBar.style.display = "none";", []): Execute JavaScript 'var previewBar = document.getElementById("preview-bar-iframe"); previewBar.style.display = "none";' successfully

2019-06-19 15:47:05 - [MESSAGE][PASSED] - Execute JavaScript 'var previewBar = document.getElementById("preview-bar-iframe"); previewBar.style.display = "none";' successfully

2019-06-19 15:47:05 - [TEST_STEP][NOT_RUN] - scrollToElement(findTestObject("OCS-MOBILE /Product page/Product image"), 1): NOT_RUN: scrollToElement(findTestObject("OCS-MOBILE /Product page/Product image"), 1)

2019-06-19 15:47:05 - [MESSAGE][NOT_RUN] - NOT_RUN: scrollToElement(findTestObject("OCS-MOBILE /Product page/Product image"), 1)

2019-06-19 15:47:05 - [TEST_STEP][PASSED] - delay(2): Delayed 2 second(s)

2019-06-19 15:47:07 - [MESSAGE][PASSED] - Delayed 2 second(s)

2019-06-19 15:47:07 - [TEST_STEP][PASSED] - flag = verifyElementPresent(findTestObject("OCS-MOBILE /Product page/Swatch_3.5g"), 0): Object 'Object Repository/OCS-MOBILE /Product page/Swatch_3.5g' is present

2019-06-19 15:47:07 - [MESSAGE][WARNING] - Timeout '0' is invalid. Using default page load timeout: '30'

2019-06-19 15:47:07 - [MESSAGE][PASSED] - Object 'Object Repository/OCS-MOBILE /Product page/Swatch_3.5g' is present

2019-06-19 15:47:07 - [TEST_STEP][PASSED] - comment(" flag=" + flag):  flag=true

2019-06-19 15:47:07 - [MESSAGE][INFO] -  flag=true

2019-06-19 15:47:07 - [TEST_STEP][PASSED] - takeScreenshot(): Taking screenshot successfully

2019-06-19 15:47:08 - [MESSAGE][PASSED] - Taking screenshot successfully
[[ATTACHMENT|/Users/sumankompelly/Relative xpath-Mobile/Reports/recordings - ( 1.10.2 )/20190619_153658/1560973627888.png]]

2019-06-19 15:47:08 - [TEST_STEP][PASSED] - if (flag == true): Delayed 2 second(s)

2019-06-19 15:47:08 - [TEST_STEP][NOT_RUN] - scrollToElement(findTestObject("OCS-MOBILE /Product page/Swatch_3.5g"), 1): NOT_RUN: scrollToElement(findTestObject("OCS-MOBILE /Product page/Swatch_3.5g"), 1)

2019-06-19 15:47:08 - [MESSAGE][NOT_RUN] - NOT_RUN: scrollToElement(findTestObject("OCS-MOBILE /Product page/Swatch_3.5g"), 1)

2019-06-19 15:47:08 - [TEST_STEP][PASSED] - click(findTestObject("OCS-MOBILE /Product page/Swatch_3.5g"), CONTINUE_ON_FAILURE): Object: 'Object Repository/OCS-MOBILE /Product page/Swatch_3.5g' is clicked on

2019-06-19 15:47:08 - [MESSAGE][PASSED] - Object: 'Object Repository/OCS-MOBILE /Product page/Swatch_3.5g' is clicked on

2019-06-19 15:47:08 - [TEST_STEP][PASSED] - delay(2): Delayed 2 second(s)

2019-06-19 15:47:10 - [MESSAGE][PASSED] - Delayed 2 second(s)

2019-06-19 15:47:10 - [TEST_STEP][PASSED] - executeJavaScript("var previewBar = document.getElementById("preview-bar-iframe"); previewBar.style.display = "none";", []): Execute JavaScript 'var previewBar = document.getElementById("preview-bar-iframe"); previewBar.style.display = "none";' successfully

2019-06-19 15:47:10 - [MESSAGE][PASSED] - Execute JavaScript 'var previewBar = document.getElementById("preview-bar-iframe"); previewBar.style.display = "none";' successfully

2019-06-19 15:47:10 - [TEST_STEP][PASSED] - delay(1, OPTIONAL): Delayed 1 second(s)

2019-06-19 15:47:11 - [MESSAGE][PASSED] - Delayed 1 second(s)

2019-06-19 15:47:11 - [TEST_STEP][PASSED] - click(findTestObject("OCS-MOBILE /Product page/Add to Bag-button")): Object: 'Object Repository/OCS-MOBILE /Product page/Add to Bag-button' is clicked on

2019-06-19 15:47:12 - [MESSAGE][PASSED] - Object: 'Object Repository/OCS-MOBILE /Product page/Add to Bag-button' is clicked on

2019-06-19 15:47:12 - [TEST_STEP][PASSED] - delay(1): Delayed 1 second(s)

2019-06-19 15:47:13 - [MESSAGE][PASSED] - Delayed 1 second(s)

2019-06-19 15:47:13 - [TEST_STEP][PASSED] - click(findTestObject("OCS-MOBILE /Cart flyout/Back icon")): Object: 'Object Repository/OCS-MOBILE /Cart flyout/Back icon' is clicked on

2019-06-19 15:47:13 - [MESSAGE][PASSED] - Object: 'Object Repository/OCS-MOBILE /Cart flyout/Back icon' is clicked on

2019-06-19 15:47:13 - [TEST_STEP][PASSED] - delay(2): Delayed 2 second(s)

2019-06-19 15:47:15 - [MESSAGE][PASSED] - Delayed 2 second(s)

2019-06-19 15:47:15 - [TEST_STEP][PASSED] - click(findTestObject("OCS-MOBILE /Age gate and burger menu/Burger menu - English")): Object: 'Object Repository/OCS-MOBILE /Age gate and burger menu/Burger menu - English' is clicked on

2019-06-19 15:47:15 - [MESSAGE][PASSED] - Object: 'Object Repository/OCS-MOBILE /Age gate and burger menu/Burger menu - English' is clicked on

2019-06-19 15:47:15 - [TEST_STEP][PASSED] - delay(2): Delayed 2 second(s)

2019-06-19 15:47:17 - [MESSAGE][PASSED] - Delayed 2 second(s)

2019-06-19 15:47:17 - [TEST_STEP][PASSED] - click(findTestObject("OCS-MOBILE /Age gate and burger menu/Chevron_Cannabis")): Object: 'Object Repository/OCS-MOBILE /Age gate and burger menu/Chevron_Cannabis' is clicked on

2019-06-19 15:47:18 - [MESSAGE][PASSED] - Object: 'Object Repository/OCS-MOBILE /Age gate and burger menu/Chevron_Cannabis' is clicked on

2019-06-19 15:47:18 - [TEST_STEP][PASSED] - delay(2): Delayed 2 second(s)

2019-06-19 15:47:20 - [MESSAGE][PASSED] - Delayed 2 second(s)

2019-06-19 15:47:20 - [TEST_STEP][PASSED] - click(findTestObject("OCS-MOBILE /Cannabis page/Dried flower")): Object: 'Object Repository/OCS-MOBILE /Cannabis page/Dried flower' is clicked on

2019-06-19 15:47:20 - [MESSAGE][PASSED] - Object: 'Object Repository/OCS-MOBILE /Cannabis page/Dried flower' is clicked on

2019-06-19 15:47:20 - [TEST_STEP][PASSED] - delay(2): Delayed 2 second(s)

2019-06-19 15:47:22 - [MESSAGE][PASSED] - Delayed 2 second(s)

2019-06-19 15:47:22 - [TEST_STEP][PASSED] - click(findTestObject("OCS-MOBILE /Age gate and burger menu/Indica Dominant_Menu item")): Object: 'Object Repository/OCS-MOBILE /Age gate and burger menu/Indica Dominant_Menu item' is clicked on

2019-06-19 15:47:25 - [MESSAGE][PASSED] - Object: 'Object Repository/OCS-MOBILE /Age gate and burger menu/Indica Dominant_Menu item' is clicked on

2019-06-19 15:47:25 - [TEST_STEP][PASSED] - delay(2): Delayed 2 second(s)

2019-06-19 15:47:27 - [MESSAGE][PASSED] - Delayed 2 second(s)

2019-06-19 15:47:27 - [TEST_STEP][PASSED] - scrollToElement(findTestObject("OCS-MOBILE /Collection page/Product image - 1st one"), 1): Scroll to object 'Object Repository/OCS-MOBILE /Collection page/Product image - 1st one' successfully

2019-06-19 15:47:28 - [MESSAGE][PASSED] - Scroll to object 'Object Repository/OCS-MOBILE /Collection page/Product image - 1st one' successfully

2019-06-19 15:47:28 - [TEST_STEP][PASSED] - delay(1): Delayed 1 second(s)

2019-06-19 15:47:29 - [MESSAGE][PASSED] - Delayed 1 second(s)

2019-06-19 15:47:29 - [TEST_STEP][PASSED] - navigateToUrl("https://ocs.ca/products/dream-weaver"): Navigate to 'https://ocs.ca/products/dream-weaver' successfully

2019-06-19 15:47:33 - [MESSAGE][PASSED] - Navigate to 'https://ocs.ca/products/dream-weaver' successfully

2019-06-19 15:47:33 - [TEST_STEP][NOT_RUN] - click(findTestObject("OCS-MOBILE /Collection page/Product image - 2nd one")): NOT_RUN: click(findTestObject("OCS-MOBILE /Collection page/Product image - 2nd one"))

2019-06-19 15:47:33 - [MESSAGE][NOT_RUN] - NOT_RUN: click(findTestObject("OCS-MOBILE /Collection page/Product image - 2nd one"))

2019-06-19 15:47:33 - [TEST_STEP][PASSED] - delay(2): Delayed 2 second(s)

2019-06-19 15:47:35 - [MESSAGE][PASSED] - Delayed 2 second(s)

2019-06-19 15:47:35 - [TEST_STEP][NOT_RUN] - scrollToElement(findTestObject("OCS-MOBILE /Product page/Product image"), 1): NOT_RUN: scrollToElement(findTestObject("OCS-MOBILE /Product page/Product image"), 1)

2019-06-19 15:47:35 - [MESSAGE][NOT_RUN] - NOT_RUN: scrollToElement(findTestObject("OCS-MOBILE /Product page/Product image"), 1)

2019-06-19 15:47:35 - [TEST_STEP][PASSED] - delay(2): Delayed 2 second(s)

2019-06-19 15:47:37 - [MESSAGE][PASSED] - Delayed 2 second(s)

2019-06-19 15:47:37 - [TEST_STEP][PASSED] - executeJavaScript("var previewBar = document.getElementById("preview-bar-iframe"); previewBar.style.display = "none";", []): Execute JavaScript 'var previewBar = document.getElementById("preview-bar-iframe"); previewBar.style.display = "none";' successfully

2019-06-19 15:47:37 - [MESSAGE][PASSED] - Execute JavaScript 'var previewBar = document.getElementById("preview-bar-iframe"); previewBar.style.display = "none";' successfully

2019-06-19 15:47:37 - [TEST_STEP][PASSED] - scrollToElement(findTestObject("OCS-MOBILE /Product page/Swatch_3.5g"), 1): Scroll to object 'Object Repository/OCS-MOBILE /Product page/Swatch_3.5g' successfully

2019-06-19 15:47:37 - [MESSAGE][PASSED] - Scroll to object 'Object Repository/OCS-MOBILE /Product page/Swatch_3.5g' successfully

2019-06-19 15:47:37 - [TEST_STEP][PASSED] - delay(2): Delayed 2 second(s)

2019-06-19 15:47:39 - [MESSAGE][PASSED] - Delayed 2 second(s)

2019-06-19 15:47:39 - [TEST_STEP][PASSED] - click(findTestObject("OCS-MOBILE /Product page/Swatch_1g")): Object: 'Object Repository/OCS-MOBILE /Product page/Swatch_1g' is clicked on

2019-06-19 15:47:40 - [MESSAGE][PASSED] - Object: 'Object Repository/OCS-MOBILE /Product page/Swatch_1g' is clicked on

2019-06-19 15:47:40 - [TEST_STEP][PASSED] - delay(2): Delayed 2 second(s)

2019-06-19 15:47:42 - [MESSAGE][PASSED] - Delayed 2 second(s)

2019-06-19 15:47:42 - [TEST_STEP][PASSED] - click(findTestObject("OCS-MOBILE /Product page/Add to Bag-button")): Object: 'Object Repository/OCS-MOBILE /Product page/Add to Bag-button' is clicked on

2019-06-19 15:47:42 - [MESSAGE][PASSED] - Object: 'Object Repository/OCS-MOBILE /Product page/Add to Bag-button' is clicked on

2019-06-19 15:47:42 - [TEST_STEP][PASSED] - delay(1): Delayed 1 second(s)

2019-06-19 15:47:43 - [MESSAGE][PASSED] - Delayed 1 second(s)

2019-06-19 15:47:43 - [TEST_STEP][NOT_RUN] - click(findTestObject("OCS-MOBILE /Home - page/Cart icon -bag")): NOT_RUN: click(findTestObject("OCS-MOBILE /Home - page/Cart icon -bag"))

2019-06-19 15:47:43 - [MESSAGE][NOT_RUN] - NOT_RUN: click(findTestObject("OCS-MOBILE /Home - page/Cart icon -bag"))

2019-06-19 15:47:43 - [TEST_STEP][PASSED] - delay(2): Delayed 2 second(s)

2019-06-19 15:47:45 - [MESSAGE][PASSED] - Delayed 2 second(s)

2019-06-19 15:47:45 - [TEST_STEP][PASSED] - k = getText(findTestObject("OCS-MOBILE /Cart flyout/Unit price - 1st Product")): Text of object 'Object Repository/OCS-MOBILE /Cart flyout/Unit price - 1st Product' is: '$10.25'

2019-06-19 15:47:45 - [MESSAGE][PASSED] - Text of object 'Object Repository/OCS-MOBILE /Cart flyout/Unit price - 1st Product' is: '$10.25'

2019-06-19 15:47:45 - [TEST_STEP][PASSED] - delay(2): Delayed 2 second(s)

2019-06-19 15:47:47 - [MESSAGE][PASSED] - Delayed 2 second(s)

2019-06-19 15:47:47 - [TEST_STEP][PASSED] - a = getText(findTestObject("OCS-MOBILE /Cart flyout/Unit price - 2nd Product")): Text of object 'Object Repository/OCS-MOBILE /Cart flyout/Unit price - 2nd Product' is: '$34.10'

2019-06-19 15:47:48 - [MESSAGE][PASSED] - Text of object 'Object Repository/OCS-MOBILE /Cart flyout/Unit price - 2nd Product' is: '$34.10'

2019-06-19 15:47:48 - [TEST_STEP][PASSED] - delay(2): Delayed 2 second(s)

2019-06-19 15:47:50 - [MESSAGE][PASSED] - Delayed 2 second(s)

2019-06-19 15:47:50 - [TEST_STEP][PASSED] - comment("a=" + a): a=$34.10

2019-06-19 15:47:50 - [MESSAGE][INFO] - a=$34.10

2019-06-19 15:47:50 - [TEST_STEP][PASSED] - without = a.substring(1): null

2019-06-19 15:47:50 - [TEST_STEP][PASSED] - comment("without = " + without): without = 34.10

2019-06-19 15:47:50 - [MESSAGE][INFO] - without = 34.10

2019-06-19 15:47:50 - [TEST_STEP][PASSED] - comment("k=" + k): k=$10.25

2019-06-19 15:47:50 - [MESSAGE][INFO] - k=$10.25

2019-06-19 15:47:50 - [TEST_STEP][PASSED] - without1 = k.substring(1): null

2019-06-19 15:47:50 - [TEST_STEP][PASSED] - comment("without1 = " + without1): without1 = 10.25

2019-06-19 15:47:50 - [MESSAGE][INFO] - without1 = 10.25

2019-06-19 15:47:50 - [TEST_STEP][PASSED] - p1 = <not implemented yet for class: org.codehaus.groovy.ast.expr.EmptyExpression>: null

2019-06-19 15:47:50 - [TEST_STEP][PASSED] - p2 = <not implemented yet for class: org.codehaus.groovy.ast.expr.EmptyExpression>: null

2019-06-19 15:47:50 - [TEST_STEP][PASSED] - try: p1=34.1

2019-06-19 15:47:50 - [TEST_STEP][PASSED] - str = without: null

2019-06-19 15:47:50 - [TEST_STEP][PASSED] - comment("str=" + str): str=34.10

2019-06-19 15:47:50 - [MESSAGE][INFO] - str=34.10

2019-06-19 15:47:50 - [TEST_STEP][PASSED] - p1 = Double.valueOf(str): null

2019-06-19 15:47:50 - [TEST_STEP][PASSED] - comment("p1=" + p1): p1=34.1

2019-06-19 15:47:50 - [MESSAGE][INFO] - p1=34.1

2019-06-19 15:47:50 - [TEST_STEP][PASSED] - try: p2=10.25

2019-06-19 15:47:50 - [TEST_STEP][PASSED] - str5 = without1: null

2019-06-19 15:47:50 - [TEST_STEP][PASSED] - comment("str5=" + str5): str5=10.25

2019-06-19 15:47:50 - [MESSAGE][INFO] - str5=10.25

2019-06-19 15:47:50 - [TEST_STEP][PASSED] - p2 = Double.valueOf(str5): null

2019-06-19 15:47:50 - [TEST_STEP][PASSED] - comment("p2=" + p2): p2=10.25

2019-06-19 15:47:50 - [MESSAGE][INFO] - p2=10.25

2019-06-19 15:47:50 - [TEST_STEP][PASSED] - total = p1 + p2: null

2019-06-19 15:47:50 - [TEST_STEP][PASSED] - comment("total =" + total): total =44.35

2019-06-19 15:47:50 - [MESSAGE][INFO] - total =44.35

2019-06-19 15:47:50 - [TEST_STEP][PASSED] - executeJavaScript("var previewBar = document.getElementById("preview-bar-iframe"); previewBar.style.display = "none";", []): Execute JavaScript 'var previewBar = document.getElementById("preview-bar-iframe"); previewBar.style.display = "none";' successfully

2019-06-19 15:47:50 - [MESSAGE][PASSED] - Execute JavaScript 'var previewBar = document.getElementById("preview-bar-iframe"); previewBar.style.display = "none";' successfully

2019-06-19 15:47:50 - [TEST_STEP][PASSED] - amount = getText(findTestObject("OCS-MOBILE /Cart flyout/Sub-total Price")): Text of object 'Object Repository/OCS-MOBILE /Cart flyout/Sub-total Price' is: '$44.35'

2019-06-19 15:47:50 - [MESSAGE][PASSED] - Text of object 'Object Repository/OCS-MOBILE /Cart flyout/Sub-total Price' is: '$44.35'

2019-06-19 15:47:50 - [TEST_STEP][PASSED] - delay(2): Delayed 2 second(s)

2019-06-19 15:47:52 - [MESSAGE][PASSED] - Delayed 2 second(s)

2019-06-19 15:47:52 - [TEST_STEP][PASSED] - comment("amount =" + amount): amount =$44.35

2019-06-19 15:47:52 - [MESSAGE][INFO] - amount =$44.35

2019-06-19 15:47:52 - [TEST_STEP][PASSED] - soustotal = amount.substring(1): null

2019-06-19 15:47:52 - [TEST_STEP][PASSED] - comment("soustotal= " + soustotal): soustotal= 44.35

2019-06-19 15:47:52 - [MESSAGE][INFO] - soustotal= 44.35

2019-06-19 15:47:52 - [TEST_STEP][PASSED] - p = <not implemented yet for class: org.codehaus.groovy.ast.expr.EmptyExpression>: null

2019-06-19 15:47:52 - [TEST_STEP][PASSED] - try: p=44.35

2019-06-19 15:47:52 - [TEST_STEP][PASSED] - finalprice = soustotal: null

2019-06-19 15:47:52 - [TEST_STEP][PASSED] - comment("finalprice=" + finalprice): finalprice=44.35

2019-06-19 15:47:52 - [MESSAGE][INFO] - finalprice=44.35

2019-06-19 15:47:52 - [TEST_STEP][PASSED] - p = Double.valueOf(finalprice): null

2019-06-19 15:47:52 - [TEST_STEP][PASSED] - comment("p=" + p): p=44.35

2019-06-19 15:47:52 - [MESSAGE][INFO] - p=44.35

2019-06-19 15:47:52 - [TEST_STEP][PASSED] - finalprice = soustotal: null

2019-06-19 15:47:52 - [TEST_STEP][PASSED] - comment("finalprice=" + finalprice): finalprice=44.35

2019-06-19 15:47:52 - [MESSAGE][INFO] - finalprice=44.35

2019-06-19 15:47:52 - [TEST_STEP][PASSED] - p = Double.valueOf(finalprice): null

2019-06-19 15:47:52 - [TEST_STEP][PASSED] - comment("p=" + p): p=44.35

2019-06-19 15:47:52 - [MESSAGE][INFO] - p=44.35

2019-06-19 15:47:52 - [TEST_STEP][PASSED] - verifyEqual(total, p): Actual object '44.35' and expected object '44.35' are equal

2019-06-19 15:47:52 - [MESSAGE][PASSED] - Actual object '44.35' and expected object '44.35' are equal

2019-06-19 15:47:52 - [TEST_STEP][PASSED] - comment("cart items price equal"): cart items price equal

2019-06-19 15:47:52 - [MESSAGE][INFO] - cart items price equal

2019-06-19 15:47:52 - [TEST_STEP][PASSED] - click(findTestObject("OCS-MOBILE /Cart flyout/Checkbox_I confirm that")): Object: 'Object Repository/OCS-MOBILE /Cart flyout/Checkbox_I confirm that' is clicked on

2019-06-19 15:47:52 - [MESSAGE][PASSED] - Object: 'Object Repository/OCS-MOBILE /Cart flyout/Checkbox_I confirm that' is clicked on

2019-06-19 15:47:52 - [TEST_STEP][PASSED] - click(findTestObject("OCS-MOBILE /Cart flyout/Checkbox_Accept the Terms Condition")): Object: 'Object Repository/OCS-MOBILE /Cart flyout/Checkbox_Accept the Terms Condition' is clicked on

2019-06-19 15:47:52 - [MESSAGE][PASSED] - Object: 'Object Repository/OCS-MOBILE /Cart flyout/Checkbox_Accept the Terms Condition' is clicked on

2019-06-19 15:47:52 - [TEST_STEP][PASSED] - delay(2): Delayed 2 second(s)

2019-06-19 15:47:54 - [MESSAGE][PASSED] - Delayed 2 second(s)

2019-06-19 15:47:54 - [TEST_STEP][PASSED] - click(findTestObject("OCS-MOBILE /Cart flyout/Checkout - Button")): Object: 'Object Repository/OCS-MOBILE /Cart flyout/Checkout - Button' is clicked on

2019-06-19 15:47:58 - [MESSAGE][PASSED] - Object: 'Object Repository/OCS-MOBILE /Cart flyout/Checkout - Button' is clicked on

2019-06-19 15:47:58 - [TEST_STEP][PASSED] - executeJavaScript("var previewBar = document.getElementById("preview-bar-iframe"); previewBar.style.display = "none";", []): Execute JavaScript 'var previewBar = document.getElementById("preview-bar-iframe"); previewBar.style.display = "none";' successfully

2019-06-19 15:47:58 - [MESSAGE][PASSED] - Execute JavaScript 'var previewBar = document.getElementById("preview-bar-iframe"); previewBar.style.display = "none";' successfully

2019-06-19 15:47:58 - [TEST_STEP][PASSED] - scrollToElement(findTestObject("OCS-MOBILE /Customer info page/input_Email"), 0): Scroll to object 'Object Repository/OCS-MOBILE /Customer info page/input_Email' successfully

2019-06-19 15:47:58 - [MESSAGE][WARNING] - Timeout '0' is invalid. Using default page load timeout: '30'

2019-06-19 15:47:58 - [MESSAGE][PASSED] - Scroll to object 'Object Repository/OCS-MOBILE /Customer info page/input_Email' successfully

2019-06-19 15:47:58 - [TEST_STEP][PASSED] - setText(findTestObject("OCS-MOBILE /Customer info page/input_Email"), "suman.kompelly@diffagency.com"): Text 'suman.kompelly@diffagency.com' is set on object 'Object Repository/OCS-MOBILE /Customer info page/input_Email'

2019-06-19 15:47:59 - [MESSAGE][PASSED] - Text 'suman.kompelly@diffagency.com' is set on object 'Object Repository/OCS-MOBILE /Customer info page/input_Email'

2019-06-19 15:47:59 - [TEST_STEP][PASSED] - setText(findTestObject("OCS-MOBILE /Customer info page/input_First name"), "suman"): Text 'suman' is set on object 'Object Repository/OCS-MOBILE /Customer info page/input_First name'

2019-06-19 15:48:00 - [MESSAGE][PASSED] - Text 'suman' is set on object 'Object Repository/OCS-MOBILE /Customer info page/input_First name'

2019-06-19 15:48:00 - [TEST_STEP][PASSED] - setText(findTestObject("OCS-MOBILE /Customer info page/input_Last name"), "kompelly"): Text 'kompelly' is set on object 'Object Repository/OCS-MOBILE /Customer info page/input_Last name'

2019-06-19 15:48:00 - [MESSAGE][PASSED] - Text 'kompelly' is set on object 'Object Repository/OCS-MOBILE /Customer info page/input_Last name'

2019-06-19 15:48:00 - [TEST_STEP][PASSED] - setText(findTestObject("OCS-MOBILE /Customer info page/input_Address"), "300 saint alxendre"): Text '300 saint alxendre' is set on object 'Object Repository/OCS-MOBILE /Customer info page/input_Address'

2019-06-19 15:48:01 - [MESSAGE][PASSED] - Text '300 saint alxendre' is set on object 'Object Repository/OCS-MOBILE /Customer info page/input_Address'

2019-06-19 15:48:01 - [TEST_STEP][PASSED] - setText(findTestObject("OCS-MOBILE /Customer info page/input_Apartment suite etc. (op"), "199"): Text '199' is set on object 'Object Repository/OCS-MOBILE /Customer info page/input_Apartment suite etc. (op'

2019-06-19 15:48:01 - [MESSAGE][PASSED] - Text '199' is set on object 'Object Repository/OCS-MOBILE /Customer info page/input_Apartment suite etc. (op'

2019-06-19 15:48:01 - [TEST_STEP][PASSED] - setText(findTestObject("OCS-MOBILE /Customer info page/input_City"), "montreal"): Text 'montreal' is set on object 'Object Repository/OCS-MOBILE /Customer info page/input_City'

2019-06-19 15:48:02 - [MESSAGE][PASSED] - Text 'montreal' is set on object 'Object Repository/OCS-MOBILE /Customer info page/input_City'

2019-06-19 15:48:02 - [TEST_STEP][PASSED] - setText(findTestObject("OCS-MOBILE /Customer info page/input_Postal code"), "n0R1K0"): Text 'n0R1K0' is set on object 'Object Repository/OCS-MOBILE /Customer info page/input_Postal code'

2019-06-19 15:48:02 - [MESSAGE][PASSED] - Text 'n0R1K0' is set on object 'Object Repository/OCS-MOBILE /Customer info page/input_Postal code'

2019-06-19 15:48:02 - [TEST_STEP][PASSED] - setText(findTestObject("OCS-MOBILE /Customer info page/input_Phone"), "(514) 449-3882"): Text '(514) 449-3882' is set on object 'Object Repository/OCS-MOBILE /Customer info page/input_Phone'

2019-06-19 15:48:03 - [MESSAGE][PASSED] - Text '(514) 449-3882' is set on object 'Object Repository/OCS-MOBILE /Customer info page/input_Phone'

2019-06-19 15:48:03 - [TEST_STEP][PASSED] - delay(2): Delayed 2 second(s)

2019-06-19 15:48:05 - [MESSAGE][PASSED] - Delayed 2 second(s)

2019-06-19 15:48:05 - [TEST_STEP][PASSED] - click(findTestObject("OCS-MOBILE /Customer info page/Continue to shipping method - Button")): Object: 'Object Repository/OCS-MOBILE /Customer info page/Continue to shipping method - Button' is clicked on

2019-06-19 15:48:07 - [MESSAGE][PASSED] - Object: 'Object Repository/OCS-MOBILE /Customer info page/Continue to shipping method - Button' is clicked on

2019-06-19 15:48:07 - [TEST_STEP][PASSED] - delay(2): Delayed 2 second(s)

2019-06-19 15:48:09 - [MESSAGE][PASSED] - Delayed 2 second(s)

2019-06-19 15:48:09 - [TEST_STEP][NOT_RUN] - refresh(): NOT_RUN: refresh()

2019-06-19 15:48:09 - [MESSAGE][NOT_RUN] - NOT_RUN: refresh()

2019-06-19 15:48:09 - [TEST_STEP][PASSED] - delay(2): Delayed 2 second(s)

2019-06-19 15:48:11 - [MESSAGE][PASSED] - Delayed 2 second(s)

2019-06-19 15:48:11 - [TEST_STEP][PASSED] - click(findTestObject("OCS-MOBILE /Shipping page/Continue to payment method - Button")): Object: 'Object Repository/OCS-MOBILE /Shipping page/Continue to payment method - Button' is clicked on

2019-06-19 15:48:14 - [MESSAGE][PASSED] - Object: 'Object Repository/OCS-MOBILE /Shipping page/Continue to payment method - Button' is clicked on

2019-06-19 15:48:14 - [TEST_STEP][PASSED] - verifyTextPresent("Payment", false): Text 'Payment' is present on page 

2019-06-19 15:48:14 - [MESSAGE][PASSED] - Text 'Payment' is present on page]]></system-out>
         <system-err><![CDATA[]]></system-err>
      </testcase>
      <testcase name="Test Cases/OCS - MOBILE/OCS- CRITICAL PATH/Checkout - Shipping" classname="Test Cases/OCS - MOBILE/OCS- CRITICAL PATH/Checkout - Shipping" status="FAILED">
         <failure type="FAILED" message="Test Cases/OCS - MOBILE/OCS- CRITICAL PATH/Checkout - Shipping FAILED.
Reason:
com.kms.katalon.core.exception.StepFailedException: Unable to click on object 'Object Repository/OCS-MOBILE /Collection page/Product image - 1st one' (Root cause: org.openqa.selenium.WebDriverException: element click intercepted: Element &lt;div class=&quot;product-tile__image&quot;>...&lt;/div> is not clickable at point (150, 544). Other element would receive the click: &lt;iframe title=&quot;Preview Bar&quot; id=&quot;preview-bar-iframe&quot; src=&quot;https://ocs.ca/preview_bar&quot; sandbox=&quot;allow-same-origin allow-scripts&quot; style=&quot;position: fixed; bottom: 0px; left: 0px; z-index: 2147483647; width: 100%; border: none; box-shadow: rgba(0, 0, 0, 0.2) 0px -1px 3px; overflow: hidden; transform: translateY(0px); transition: transform 300ms ease 0s; height: 92px;&quot;>&lt;/iframe>
  (Session info: chrome=76.0.3809.25)
  (Driver info: chromedriver=76.0.3809.25 (a0c95f440512e06df1c9c206f2d79cc20be18bb1-refs/branch-heads/3809@{#271}),platform=Mac OS X 10.13.6 x86_64) (WARNING: The server did not provide any stacktrace information)
Command duration or timeout: 60 milliseconds
Build info: version: '2.53.0', revision: '35ae25b', time: '2016-03-15 17:00:58'
System info: host: 'mac-207-254-12-245.browserstack.com', ip: '207.254.12.245', os.name: 'Mac OS X', os.arch: 'x86_64', os.version: '10.13.6', java.version: '1.8.0_51'
Driver info: org.openqa.selenium.chrome.ChromeDriver
Capabilities [{mobileEmulationEnabled=false, timeouts={implicit=0, pageLoad=300000, script=30000}, hasTouchScreen=false, platform=MAC, acceptSslCerts=false, goog:chromeOptions={debuggerAddress=localhost:51269}, acceptInsecureCerts=false, webStorageEnabled=true, browserName=chrome, takesScreenshot=true, javascriptEnabled=true, setWindowRect=true, unexpectedAlertBehaviour=ignore, applicationCacheEnabled=false, rotatable=false, networkConnectionEnabled=false, chrome={chromedriverVersion=76.0.3809.25 (a0c95f440512e06df1c9c206f2d79cc20be18bb1-refs/branch-heads/3809@{#271}), userDataDir=/var/folders/3y/zz_w6_s56sl__vcrf3r5bhzr0000hr/T/.com.google.Chrome.ecbs7D}, takesHeapSnapshot=true, pageLoadStrategy=normal, strictFileInteractability=false, databaseEnabled=false, handlesAlerts=true, version=76.0.3809.25, browserConnectionEnabled=false, proxy={}, nativeEvents=true, locationContextEnabled=true, cssSelectorsEnabled=true}]
Session ID: e14f913731741856aa989167f09b369e
Command duration or timeout: 0 milliseconds)
	at com.kms.katalon.core.keyword.internal.KeywordMain.stepFailed(KeywordMain.groovy:36)
	at com.kms.katalon.core.webui.keyword.internal.WebUIKeywordMain.stepFailed(WebUIKeywordMain.groovy:65)
	at com.kms.katalon.core.webui.keyword.internal.WebUIKeywordMain.runKeyword(WebUIKeywordMain.groovy:27)
	at com.kms.katalon.core.webui.keyword.builtin.ClickKeyword.click(ClickKeyword.groovy:86)
	at com.kms.katalon.core.webui.keyword.builtin.ClickKeyword.execute(ClickKeyword.groovy:67)
	at com.kms.katalon.core.keyword.internal.KeywordExecutor.executeKeywordForPlatform(KeywordExecutor.groovy:53)
	at com.kms.katalon.core.webui.keyword.WebUiBuiltInKeywords.click(WebUiBuiltInKeywords.groovy:616)
	at com.kms.katalon.core.webui.keyword.WebUiBuiltInKeywords$click$4.call(Unknown Source)
	at Checkout - Shipping.run(Checkout - Shipping:38)
	at com.kms.katalon.core.main.ScriptEngine.run(ScriptEngine.java:194)
	at com.kms.katalon.core.main.ScriptEngine.runScriptAsRawText(ScriptEngine.java:119)
	at com.kms.katalon.core.main.TestCaseExecutor.runScript(TestCaseExecutor.java:328)
	at com.kms.katalon.core.main.TestCaseExecutor.doExecute(TestCaseExecutor.java:319)
	at com.kms.katalon.core.main.TestCaseExecutor.processExecutionPhase(TestCaseExecutor.java:298)
	at com.kms.katalon.core.main.TestCaseExecutor.accessMainPhase(TestCaseExecutor.java:290)
	at com.kms.katalon.core.main.TestCaseExecutor.execute(TestCaseExecutor.java:224)
	at com.kms.katalon.core.main.TestSuiteExecutor.accessTestCaseMainPhase(TestSuiteExecutor.java:129)
	at com.kms.katalon.core.main.TestSuiteExecutor.accessTestSuiteMainPhase(TestSuiteExecutor.java:112)
	at com.kms.katalon.core.main.TestSuiteExecutor.execute(TestSuiteExecutor.java:81)
	at com.kms.katalon.core.main.TestCaseMain.startTestSuite(TestCaseMain.java:149)
	at com.kms.katalon.core.main.TestCaseMain$startTestSuite$0.call(Unknown Source)
	at TempTestSuite1560973018737.run(TempTestSuite1560973018737.groovy:36)
"/>
         <system-out><![CDATA[2019-06-19 15:48:14 - [TEST_CASE][FAILED] - Test Cases/OCS - MOBILE/OCS- CRITICAL PATH/Checkout - Shipping: Test Cases/OCS - MOBILE/OCS- CRITICAL PATH/Checkout - Shipping FAILED.
Reason:
com.kms.katalon.core.exception.StepFailedException: Unable to click on object 'Object Repository/OCS-MOBILE /Collection page/Product image - 1st one' (Root cause: org.openqa.selenium.WebDriverException: element click intercepted: Element <div class="product-tile__image">...</div> is not clickable at point (150, 544). Other element would receive the click: <iframe title="Preview Bar" id="preview-bar-iframe" src="https://ocs.ca/preview_bar" sandbox="allow-same-origin allow-scripts" style="position: fixed; bottom: 0px; left: 0px; z-index: 2147483647; width: 100%; border: none; box-shadow: rgba(0, 0, 0, 0.2) 0px -1px 3px; overflow: hidden; transform: translateY(0px); transition: transform 300ms ease 0s; height: 92px;"></iframe>
  (Session info: chrome=76.0.3809.25)
  (Driver info: chromedriver=76.0.3809.25 (a0c95f440512e06df1c9c206f2d79cc20be18bb1-refs/branch-heads/3809@{#271}),platform=Mac OS X 10.13.6 x86_64) (WARNING: The server did not provide any stacktrace information)
Command duration or timeout: 60 milliseconds
Build info: version: '2.53.0', revision: '35ae25b', time: '2016-03-15 17:00:58'
System info: host: 'mac-207-254-12-245.browserstack.com', ip: '207.254.12.245', os.name: 'Mac OS X', os.arch: 'x86_64', os.version: '10.13.6', java.version: '1.8.0_51'
Driver info: org.openqa.selenium.chrome.ChromeDriver
Capabilities [{mobileEmulationEnabled=false, timeouts={implicit=0, pageLoad=300000, script=30000}, hasTouchScreen=false, platform=MAC, acceptSslCerts=false, goog:chromeOptions={debuggerAddress=localhost:51269}, acceptInsecureCerts=false, webStorageEnabled=true, browserName=chrome, takesScreenshot=true, javascriptEnabled=true, setWindowRect=true, unexpectedAlertBehaviour=ignore, applicationCacheEnabled=false, rotatable=false, networkConnectionEnabled=false, chrome={chromedriverVersion=76.0.3809.25 (a0c95f440512e06df1c9c206f2d79cc20be18bb1-refs/branch-heads/3809@{#271}), userDataDir=/var/folders/3y/zz_w6_s56sl__vcrf3r5bhzr0000hr/T/.com.google.Chrome.ecbs7D}, takesHeapSnapshot=true, pageLoadStrategy=normal, strictFileInteractability=false, databaseEnabled=false, handlesAlerts=true, version=76.0.3809.25, browserConnectionEnabled=false, proxy={}, nativeEvents=true, locationContextEnabled=true, cssSelectorsEnabled=true}]
Session ID: e14f913731741856aa989167f09b369e
Command duration or timeout: 0 milliseconds)
	at com.kms.katalon.core.keyword.internal.KeywordMain.stepFailed(KeywordMain.groovy:36)
	at com.kms.katalon.core.webui.keyword.internal.WebUIKeywordMain.stepFailed(WebUIKeywordMain.groovy:65)
	at com.kms.katalon.core.webui.keyword.internal.WebUIKeywordMain.runKeyword(WebUIKeywordMain.groovy:27)
	at com.kms.katalon.core.webui.keyword.builtin.ClickKeyword.click(ClickKeyword.groovy:86)
	at com.kms.katalon.core.webui.keyword.builtin.ClickKeyword.execute(ClickKeyword.groovy:67)
	at com.kms.katalon.core.keyword.internal.KeywordExecutor.executeKeywordForPlatform(KeywordExecutor.groovy:53)
	at com.kms.katalon.core.webui.keyword.WebUiBuiltInKeywords.click(WebUiBuiltInKeywords.groovy:616)
	at com.kms.katalon.core.webui.keyword.WebUiBuiltInKeywords$click$4.call(Unknown Source)
	at Checkout - Shipping.run(Checkout - Shipping:38)
	at com.kms.katalon.core.main.ScriptEngine.run(ScriptEngine.java:194)
	at com.kms.katalon.core.main.ScriptEngine.runScriptAsRawText(ScriptEngine.java:119)
	at com.kms.katalon.core.main.TestCaseExecutor.runScript(TestCaseExecutor.java:328)
	at com.kms.katalon.core.main.TestCaseExecutor.doExecute(TestCaseExecutor.java:319)
	at com.kms.katalon.core.main.TestCaseExecutor.processExecutionPhase(TestCaseExecutor.java:298)
	at com.kms.katalon.core.main.TestCaseExecutor.accessMainPhase(TestCaseExecutor.java:290)
	at com.kms.katalon.core.main.TestCaseExecutor.execute(TestCaseExecutor.java:224)
	at com.kms.katalon.core.main.TestSuiteExecutor.accessTestCaseMainPhase(TestSuiteExecutor.java:129)
	at com.kms.katalon.core.main.TestSuiteExecutor.accessTestSuiteMainPhase(TestSuiteExecutor.java:112)
	at com.kms.katalon.core.main.TestSuiteExecutor.execute(TestSuiteExecutor.java:81)
	at com.kms.katalon.core.main.TestCaseMain.startTestSuite(TestCaseMain.java:149)
	at com.kms.katalon.core.main.TestCaseMain$startTestSuite$0.call(Unknown Source)
	at TempTestSuite1560973018737.run(TempTestSuite1560973018737.groovy:36)


2019-06-19 15:48:15 - [TEST_STEP][PASSED] - callTestCase(findTestCase("OCS - MOBILE/CALL - AGE GATE"), [:], STOP_ON_FAILURE): Call Test Case 'Test Cases/OCS - MOBILE/CALL - AGE GATE' successfully

2019-06-19 15:48:15 - [TEST_CASE][PASSED] - Test Cases/OCS - MOBILE/CALL - AGE GATE: Test Cases/OCS - MOBILE/CALL - AGE GATE

2019-06-19 15:48:15 - [TEST_STEP][PASSED] - openBrowser(""): Browser is opened with url: ''

2019-06-19 15:48:15 - [MESSAGE][WARNING] - A browser is already opened. Closing browser and opening a new one

2019-06-19 15:48:15 - [MESSAGE][INFO] - Starting 'Remote' driver

2019-06-19 15:48:15 - [MESSAGE][INFO] - User set preference: ['os', 'OS X']

2019-06-19 15:48:15 - [MESSAGE][INFO] - User set preference: ['os_version', 'High Sierra']

2019-06-19 15:48:15 - [MESSAGE][INFO] - User set preference: ['browser', 'Chrome']

2019-06-19 15:48:15 - [MESSAGE][INFO] - User set preference: ['browser_version', '76.0 beta']

2019-06-19 15:48:15 - [MESSAGE][INFO] - User set preference: ['browserstack.local', 'false']

2019-06-19 15:48:15 - [MESSAGE][INFO] - Connecting to remote web server 'https://dianatest3:Z3oqw9ysqTeRQJq5wFCp@hub-cloud.browserstack.com/wd/hub' with type 'Selenium'

2019-06-19 15:48:20 - [MESSAGE][PASSED] - Browser is opened with url: ''

2019-06-19 15:48:20 - [TEST_STEP][PASSED] - navigateToUrl("https://ocs.ca/?fts=0&preview_theme_id=72920106828"): Navigate to 'https://ocs.ca/?fts=0&preview_theme_id=72920106828' successfully

2019-06-19 15:48:25 - [MESSAGE][PASSED] - Navigate to 'https://ocs.ca/?fts=0&preview_theme_id=72920106828' successfully

2019-06-19 15:48:25 - [TEST_STEP][PASSED] - executeJavaScript("var previewBar = document.getElementById("preview-bar-iframe"); previewBar.style.display = "none";", []): Execute JavaScript 'var previewBar = document.getElementById("preview-bar-iframe"); previewBar.style.display = "none";' successfully

2019-06-19 15:48:25 - [MESSAGE][PASSED] - Execute JavaScript 'var previewBar = document.getElementById("preview-bar-iframe"); previewBar.style.display = "none";' successfully

2019-06-19 15:48:25 - [TEST_STEP][PASSED] - setViewPortSize(360, 800): Viewport is set to new size with width = 360 and height = 800

2019-06-19 15:48:25 - [MESSAGE][PASSED] - Viewport is set to new size with width = 360 and height = 800

2019-06-19 15:48:25 - [TEST_STEP][PASSED] - delay(4): Delayed 4 second(s)

2019-06-19 15:48:29 - [MESSAGE][PASSED] - Delayed 4 second(s)

2019-06-19 15:48:29 - [TEST_STEP][PASSED] - selectOptionByValue(findTestObject("OCS-MOBILE /Age gate and burger menu/Date"), "12", true): All options with value '12' are selected in object 'Object Repository/OCS-MOBILE /Age gate and burger menu/Date'  using regular expression

2019-06-19 15:48:34 - [MESSAGE][PASSED] - All options with value '12' are selected in object 'Object Repository/OCS-MOBILE /Age gate and burger menu/Date'  using regular expression

2019-06-19 15:48:34 - [TEST_STEP][PASSED] - selectOptionByValue(findTestObject("OCS-MOBILE /Age gate and burger menu/month"), "6", true): All options with value '6' are selected in object 'Object Repository/OCS-MOBILE /Age gate and burger menu/month'  using regular expression

2019-06-19 15:48:37 - [MESSAGE][PASSED] - All options with value '6' are selected in object 'Object Repository/OCS-MOBILE /Age gate and burger menu/month'  using regular expression

2019-06-19 15:48:37 - [TEST_STEP][PASSED] - delay(2): Delayed 2 second(s)

2019-06-19 15:48:39 - [MESSAGE][PASSED] - Delayed 2 second(s)

2019-06-19 15:48:39 - [TEST_STEP][PASSED] - selectOptionByValue(findTestObject("OCS-MOBILE /Age gate and burger menu/Year Dropdown"), "1990", true): All options with value '1990' are selected in object 'Object Repository/OCS-MOBILE /Age gate and burger menu/Year Dropdown'  using regular expression

2019-06-19 15:48:54 - [MESSAGE][PASSED] - All options with value '1990' are selected in object 'Object Repository/OCS-MOBILE /Age gate and burger menu/Year Dropdown'  using regular expression

2019-06-19 15:48:54 - [TEST_STEP][PASSED] - click(findTestObject("OCS-MOBILE /Age gate and Mega menu/button_Verify")): Object: 'Object Repository/OCS-MOBILE /Age gate and Mega menu/button_Verify' is clicked on

2019-06-19 15:48:55 - [MESSAGE][PASSED] - Object: 'Object Repository/OCS-MOBILE /Age gate and Mega menu/button_Verify' is clicked on

2019-06-19 15:48:55 - [TEST_STEP][PASSED] - click(findTestObject("OCS-MOBILE /Age gate and Mega menu/Checkbox_CONFIRM AND ACKNOWLEDGE")): Object: 'Object Repository/OCS-MOBILE /Age gate and Mega menu/Checkbox_CONFIRM AND ACKNOWLEDGE' is clicked on

2019-06-19 15:48:55 - [MESSAGE][PASSED] - Object: 'Object Repository/OCS-MOBILE /Age gate and Mega menu/Checkbox_CONFIRM AND ACKNOWLEDGE' is clicked on

2019-06-19 15:48:55 - [TEST_STEP][PASSED] - click(findTestObject("OCS-MOBILE /Age gate and Mega menu/button_CONFIRM")): Object: 'Object Repository/OCS-MOBILE /Age gate and Mega menu/button_CONFIRM' is clicked on

2019-06-19 15:48:55 - [MESSAGE][PASSED] - Object: 'Object Repository/OCS-MOBILE /Age gate and Mega menu/button_CONFIRM' is clicked on

2019-06-19 15:48:55 - [TEST_STEP][PASSED] - click(findTestObject("OCS-MOBILE /Age gate and Mega menu/button_Start Browsing")): Object: 'Object Repository/OCS-MOBILE /Age gate and Mega menu/button_Start Browsing' is clicked on

2019-06-19 15:48:56 - [MESSAGE][PASSED] - Object: 'Object Repository/OCS-MOBILE /Age gate and Mega menu/button_Start Browsing' is clicked on

2019-06-19 15:48:56 - [TEST_STEP][PASSED] - refresh(): Refresh successfully

2019-06-19 15:48:56 - [MESSAGE][PASSED] - Refresh successfully

2019-06-19 15:48:56 - [TEST_STEP][PASSED] - executeJavaScript("var previewBar = document.getElementById("preview-bar-iframe"); previewBar.style.display = "none";", []): Execute JavaScript 'var previewBar = document.getElementById("preview-bar-iframe"); previewBar.style.display = "none";' successfully

2019-06-19 15:49:00 - [MESSAGE][PASSED] - Execute JavaScript 'var previewBar = document.getElementById("preview-bar-iframe"); previewBar.style.display = "none";' successfully

2019-06-19 15:49:00 - [MESSAGE][PASSED] - Call Test Case 'Test Cases/OCS - MOBILE/CALL - AGE GATE' successfully

2019-06-19 15:49:00 - [TEST_STEP][PASSED] - delay(2): Delayed 2 second(s)

2019-06-19 15:49:02 - [MESSAGE][PASSED] - Delayed 2 second(s)

2019-06-19 15:49:02 - [TEST_STEP][PASSED] - refresh(): Refresh successfully

2019-06-19 15:49:02 - [MESSAGE][PASSED] - Refresh successfully

2019-06-19 15:49:02 - [TEST_STEP][PASSED] - click(findTestObject("OCS-MOBILE /Age gate and burger menu/Burger menu - English")): Object: 'Object Repository/OCS-MOBILE /Age gate and burger menu/Burger menu - English' is clicked on

2019-06-19 15:49:05 - [MESSAGE][PASSED] - Object: 'Object Repository/OCS-MOBILE /Age gate and burger menu/Burger menu - English' is clicked on

2019-06-19 15:49:05 - [TEST_STEP][PASSED] - delay(2): Delayed 2 second(s)

2019-06-19 15:49:07 - [MESSAGE][PASSED] - Delayed 2 second(s)

2019-06-19 15:49:07 - [TEST_STEP][PASSED] - click(findTestObject("OCS-MOBILE /Age gate and burger menu/Chevron_Cannabis")): Object: 'Object Repository/OCS-MOBILE /Age gate and burger menu/Chevron_Cannabis' is clicked on

2019-06-19 15:49:08 - [MESSAGE][PASSED] - Object: 'Object Repository/OCS-MOBILE /Age gate and burger menu/Chevron_Cannabis' is clicked on

2019-06-19 15:49:08 - [TEST_STEP][PASSED] - delay(2): Delayed 2 second(s)

2019-06-19 15:49:10 - [MESSAGE][PASSED] - Delayed 2 second(s)

2019-06-19 15:49:10 - [TEST_STEP][PASSED] - click(findTestObject("OCS-MOBILE /Age gate and burger menu/Dried Flower_Plus icon")): Object: 'Object Repository/OCS-MOBILE /Age gate and burger menu/Dried Flower_Plus icon' is clicked on

2019-06-19 15:49:10 - [MESSAGE][PASSED] - Object: 'Object Repository/OCS-MOBILE /Age gate and burger menu/Dried Flower_Plus icon' is clicked on

2019-06-19 15:49:10 - [TEST_STEP][PASSED] - delay(2): Delayed 2 second(s)

2019-06-19 15:49:12 - [MESSAGE][PASSED] - Delayed 2 second(s)

2019-06-19 15:49:12 - [TEST_STEP][PASSED] - click(findTestObject("OCS-MOBILE /Age gate and burger menu/Indica Dominant_Menu item")): Object: 'Object Repository/OCS-MOBILE /Age gate and burger menu/Indica Dominant_Menu item' is clicked on

2019-06-19 15:49:15 - [MESSAGE][PASSED] - Object: 'Object Repository/OCS-MOBILE /Age gate and burger menu/Indica Dominant_Menu item' is clicked on

2019-06-19 15:49:15 - [TEST_STEP][PASSED] - delay(2): Delayed 2 second(s)

2019-06-19 15:49:17 - [MESSAGE][PASSED] - Delayed 2 second(s)

2019-06-19 15:49:17 - [TEST_STEP][FAILED] - click(findTestObject("OCS-MOBILE /Collection page/Product image - 1st one")): click(findTestObject("OCS-MOBILE /Collection page/Product image - 1st one")) FAILED.
Reason:
com.kms.katalon.core.exception.StepFailedException: Unable to click on object 'Object Repository/OCS-MOBILE /Collection page/Product image - 1st one' (Root cause: org.openqa.selenium.WebDriverException: element click intercepted: Element <div class="product-tile__image">...</div> is not clickable at point (150, 544). Other element would receive the click: <iframe title="Preview Bar" id="preview-bar-iframe" src="https://ocs.ca/preview_bar" sandbox="allow-same-origin allow-scripts" style="position: fixed; bottom: 0px; left: 0px; z-index: 2147483647; width: 100%; border: none; box-shadow: rgba(0, 0, 0, 0.2) 0px -1px 3px; overflow: hidden; transform: translateY(0px); transition: transform 300ms ease 0s; height: 92px;"></iframe>
  (Session info: chrome=76.0.3809.25)
  (Driver info: chromedriver=76.0.3809.25 (a0c95f440512e06df1c9c206f2d79cc20be18bb1-refs/branch-heads/3809@{#271}),platform=Mac OS X 10.13.6 x86_64) (WARNING: The server did not provide any stacktrace information)
Command duration or timeout: 60 milliseconds
Build info: version: '2.53.0', revision: '35ae25b', time: '2016-03-15 17:00:58'
System info: host: 'mac-207-254-12-245.browserstack.com', ip: '207.254.12.245', os.name: 'Mac OS X', os.arch: 'x86_64', os.version: '10.13.6', java.version: '1.8.0_51'
Driver info: org.openqa.selenium.chrome.ChromeDriver
Capabilities [{mobileEmulationEnabled=false, timeouts={implicit=0, pageLoad=300000, script=30000}, hasTouchScreen=false, platform=MAC, acceptSslCerts=false, goog:chromeOptions={debuggerAddress=localhost:51269}, acceptInsecureCerts=false, webStorageEnabled=true, browserName=chrome, takesScreenshot=true, javascriptEnabled=true, setWindowRect=true, unexpectedAlertBehaviour=ignore, applicationCacheEnabled=false, rotatable=false, networkConnectionEnabled=false, chrome={chromedriverVersion=76.0.3809.25 (a0c95f440512e06df1c9c206f2d79cc20be18bb1-refs/branch-heads/3809@{#271}), userDataDir=/var/folders/3y/zz_w6_s56sl__vcrf3r5bhzr0000hr/T/.com.google.Chrome.ecbs7D}, takesHeapSnapshot=true, pageLoadStrategy=normal, strictFileInteractability=false, databaseEnabled=false, handlesAlerts=true, version=76.0.3809.25, browserConnectionEnabled=false, proxy={}, nativeEvents=true, locationContextEnabled=true, cssSelectorsEnabled=true}]
Session ID: e14f913731741856aa989167f09b369e
Command duration or timeout: 0 milliseconds)
	at com.kms.katalon.core.keyword.internal.KeywordMain.stepFailed(KeywordMain.groovy:36)
	at com.kms.katalon.core.webui.keyword.internal.WebUIKeywordMain.stepFailed(WebUIKeywordMain.groovy:65)
	at com.kms.katalon.core.webui.keyword.internal.WebUIKeywordMain.runKeyword(WebUIKeywordMain.groovy:27)
	at com.kms.katalon.core.webui.keyword.builtin.ClickKeyword.click(ClickKeyword.groovy:86)
	at com.kms.katalon.core.webui.keyword.builtin.ClickKeyword.execute(ClickKeyword.groovy:67)
	at com.kms.katalon.core.keyword.internal.KeywordExecutor.executeKeywordForPlatform(KeywordExecutor.groovy:53)
	at com.kms.katalon.core.webui.keyword.WebUiBuiltInKeywords.click(WebUiBuiltInKeywords.groovy:616)
	at com.kms.katalon.core.webui.keyword.WebUiBuiltInKeywords$click$4.call(Unknown Source)
	at Checkout - Shipping.run(Checkout - Shipping:38)
	at com.kms.katalon.core.main.ScriptEngine.run(ScriptEngine.java:194)
	at com.kms.katalon.core.main.ScriptEngine.runScriptAsRawText(ScriptEngine.java:119)
	at com.kms.katalon.core.main.TestCaseExecutor.runScript(TestCaseExecutor.java:328)
	at com.kms.katalon.core.main.TestCaseExecutor.doExecute(TestCaseExecutor.java:319)
	at com.kms.katalon.core.main.TestCaseExecutor.processExecutionPhase(TestCaseExecutor.java:298)
	at com.kms.katalon.core.main.TestCaseExecutor.accessMainPhase(TestCaseExecutor.java:290)
	at com.kms.katalon.core.main.TestCaseExecutor.execute(TestCaseExecutor.java:224)
	at com.kms.katalon.core.main.TestSuiteExecutor.accessTestCaseMainPhase(TestSuiteExecutor.java:129)
	at com.kms.katalon.core.main.TestSuiteExecutor.accessTestSuiteMainPhase(TestSuiteExecutor.java:112)
	at com.kms.katalon.core.main.TestSuiteExecutor.execute(TestSuiteExecutor.java:81)
	at com.kms.katalon.core.main.TestCaseMain.startTestSuite(TestCaseMain.java:149)
	at com.kms.katalon.core.main.TestCaseMain$startTestSuite$0.call(Unknown Source)
	at TempTestSuite1560973018737.run(TempTestSuite1560973018737.groovy:36)


2019-06-19 15:49:18 - [MESSAGE][FAILED] - Unable to click on object 'Object Repository/OCS-MOBILE /Collection page/Product image - 1st one' (Root cause: org.openqa.selenium.WebDriverException: element click intercepted: Element <div class="product-tile__image">...</div> is not clickable at point (150, 544). Other element would receive the click: <iframe title="Preview Bar" id="preview-bar-iframe" src="https://ocs.ca/preview_bar" sandbox="allow-same-origin allow-scripts" style="position: fixed; bottom: 0px; left: 0px; z-index: 2147483647; width: 100%; border: none; box-shadow: rgba(0, 0, 0, 0.2) 0px -1px 3px; overflow: hidden; transform: translateY(0px); transition: transform 300ms ease 0s; height: 92px;"></iframe>
  (Session info: chrome=76.0.3809.25)
  (Driver info: chromedriver=76.0.3809.25 (a0c95f440512e06df1c9c206f2d79cc20be18bb1-refs/branch-heads/3809@{#271}),platform=Mac OS X 10.13.6 x86_64) (WARNING: The server did not provide any stacktrace information)
Command duration or timeout: 60 milliseconds
Build info: version: '2.53.0', revision: '35ae25b', time: '2016-03-15 17:00:58'
System info: host: 'mac-207-254-12-245.browserstack.com', ip: '207.254.12.245', os.name: 'Mac OS X', os.arch: 'x86_64', os.version: '10.13.6', java.version: '1.8.0_51'
Driver info: org.openqa.selenium.chrome.ChromeDriver
Capabilities [{mobileEmulationEnabled=false, timeouts={implicit=0, pageLoad=300000, script=30000}, hasTouchScreen=false, platform=MAC, acceptSslCerts=false, goog:chromeOptions={debuggerAddress=localhost:51269}, acceptInsecureCerts=false, webStorageEnabled=true, browserName=chrome, takesScreenshot=true, javascriptEnabled=true, setWindowRect=true, unexpectedAlertBehaviour=ignore, applicationCacheEnabled=false, rotatable=false, networkConnectionEnabled=false, chrome={chromedriverVersion=76.0.3809.25 (a0c95f440512e06df1c9c206f2d79cc20be18bb1-refs/branch-heads/3809@{#271}), userDataDir=/var/folders/3y/zz_w6_s56sl__vcrf3r5bhzr0000hr/T/.com.google.Chrome.ecbs7D}, takesHeapSnapshot=true, pageLoadStrategy=normal, strictFileInteractability=false, databaseEnabled=false, handlesAlerts=true, version=76.0.3809.25, browserConnectionEnabled=false, proxy={}, nativeEvents=true, locationContextEnabled=true, cssSelectorsEnabled=true}]
Session ID: e14f913731741856aa989167f09b369e
Command duration or timeout: 0 milliseconds)
[[ATTACHMENT|/Users/sumankompelly/Relative xpath-Mobile/Reports/recordings - ( 1.10.2 )/20190619_153658/1560973757851.png]]

2019-06-19 15:49:18 - [MESSAGE][FAILED] - click(findTestObject("OCS-MOBILE /Collection page/Product image - 1st one")) FAILED.
Reason:
com.kms.katalon.core.exception.StepFailedException: Unable to click on object 'Object Repository/OCS-MOBILE /Collection page/Product image - 1st one' (Root cause: org.openqa.selenium.WebDriverException: element click intercepted: Element <div class="product-tile__image">...</div> is not clickable at point (150, 544). Other element would receive the click: <iframe title="Preview Bar" id="preview-bar-iframe" src="https://ocs.ca/preview_bar" sandbox="allow-same-origin allow-scripts" style="position: fixed; bottom: 0px; left: 0px; z-index: 2147483647; width: 100%; border: none; box-shadow: rgba(0, 0, 0, 0.2) 0px -1px 3px; overflow: hidden; transform: translateY(0px); transition: transform 300ms ease 0s; height: 92px;"></iframe>
  (Session info: chrome=76.0.3809.25)
  (Driver info: chromedriver=76.0.3809.25 (a0c95f440512e06df1c9c206f2d79cc20be18bb1-refs/branch-heads/3809@{#271}),platform=Mac OS X 10.13.6 x86_64) (WARNING: The server did not provide any stacktrace information)
Command duration or timeout: 60 milliseconds
Build info: version: '2.53.0', revision: '35ae25b', time: '2016-03-15 17:00:58'
System info: host: 'mac-207-254-12-245.browserstack.com', ip: '207.254.12.245', os.name: 'Mac OS X', os.arch: 'x86_64', os.version: '10.13.6', java.version: '1.8.0_51'
Driver info: org.openqa.selenium.chrome.ChromeDriver
Capabilities [{mobileEmulationEnabled=false, timeouts={implicit=0, pageLoad=300000, script=30000}, hasTouchScreen=false, platform=MAC, acceptSslCerts=false, goog:chromeOptions={debuggerAddress=localhost:51269}, acceptInsecureCerts=false, webStorageEnabled=true, browserName=chrome, takesScreenshot=true, javascriptEnabled=true, setWindowRect=true, unexpectedAlertBehaviour=ignore, applicationCacheEnabled=false, rotatable=false, networkConnectionEnabled=false, chrome={chromedriverVersion=76.0.3809.25 (a0c95f440512e06df1c9c206f2d79cc20be18bb1-refs/branch-heads/3809@{#271}), userDataDir=/var/folders/3y/zz_w6_s56sl__vcrf3r5bhzr0000hr/T/.com.google.Chrome.ecbs7D}, takesHeapSnapshot=true, pageLoadStrategy=normal, strictFileInteractability=false, databaseEnabled=false, handlesAlerts=true, version=76.0.3809.25, browserConnectionEnabled=false, proxy={}, nativeEvents=true, locationContextEnabled=true, cssSelectorsEnabled=true}]
Session ID: e14f913731741856aa989167f09b369e
Command duration or timeout: 0 milliseconds)
	at com.kms.katalon.core.keyword.internal.KeywordMain.stepFailed(KeywordMain.groovy:36)
	at com.kms.katalon.core.webui.keyword.internal.WebUIKeywordMain.stepFailed(WebUIKeywordMain.groovy:65)
	at com.kms.katalon.core.webui.keyword.internal.WebUIKeywordMain.runKeyword(WebUIKeywordMain.groovy:27)
	at com.kms.katalon.core.webui.keyword.builtin.ClickKeyword.click(ClickKeyword.groovy:86)
	at com.kms.katalon.core.webui.keyword.builtin.ClickKeyword.execute(ClickKeyword.groovy:67)
	at com.kms.katalon.core.keyword.internal.KeywordExecutor.executeKeywordForPlatform(KeywordExecutor.groovy:53)
	at com.kms.katalon.core.webui.keyword.WebUiBuiltInKeywords.click(WebUiBuiltInKeywords.groovy:616)
	at com.kms.katalon.core.webui.keyword.WebUiBuiltInKeywords$click$4.call(Unknown Source)
	at Checkout - Shipping.run(Checkout - Shipping:38)
	at com.kms.katalon.core.main.ScriptEngine.run(ScriptEngine.java:194)
	at com.kms.katalon.core.main.ScriptEngine.runScriptAsRawText(ScriptEngine.java:119)
	at com.kms.katalon.core.main.TestCaseExecutor.runScript(TestCaseExecutor.java:328)
	at com.kms.katalon.core.main.TestCaseExecutor.doExecute(TestCaseExecutor.java:319)
	at com.kms.katalon.core.main.TestCaseExecutor.processExecutionPhase(TestCaseExecutor.java:298)
	at com.kms.katalon.core.main.TestCaseExecutor.accessMainPhase(TestCaseExecutor.java:290)
	at com.kms.katalon.core.main.TestCaseExecutor.execute(TestCaseExecutor.java:224)
	at com.kms.katalon.core.main.TestSuiteExecutor.accessTestCaseMainPhase(TestSuiteExecutor.java:129)
	at com.kms.katalon.core.main.TestSuiteExecutor.accessTestSuiteMainPhase(TestSuiteExecutor.java:112)
	at com.kms.katalon.core.main.TestSuiteExecutor.execute(TestSuiteExecutor.java:81)
	at com.kms.katalon.core.main.TestCaseMain.startTestSuite(TestCaseMain.java:149)
	at com.kms.katalon.core.main.TestCaseMain$startTestSuite$0.call(Unknown Source)
	at TempTestSuite1560973018737.run(TempTestSuite1560973018737.groovy:36)]]></system-out>
         <system-err><![CDATA[2019-06-19 15:48:14 - [TEST_CASE][FAILED] - Test Cases/OCS - MOBILE/OCS- CRITICAL PATH/Checkout - Shipping: Test Cases/OCS - MOBILE/OCS- CRITICAL PATH/Checkout - Shipping FAILED.
Reason:
com.kms.katalon.core.exception.StepFailedException: Unable to click on object 'Object Repository/OCS-MOBILE /Collection page/Product image - 1st one' (Root cause: org.openqa.selenium.WebDriverException: element click intercepted: Element <div class="product-tile__image">...</div> is not clickable at point (150, 544). Other element would receive the click: <iframe title="Preview Bar" id="preview-bar-iframe" src="https://ocs.ca/preview_bar" sandbox="allow-same-origin allow-scripts" style="position: fixed; bottom: 0px; left: 0px; z-index: 2147483647; width: 100%; border: none; box-shadow: rgba(0, 0, 0, 0.2) 0px -1px 3px; overflow: hidden; transform: translateY(0px); transition: transform 300ms ease 0s; height: 92px;"></iframe>
  (Session info: chrome=76.0.3809.25)
  (Driver info: chromedriver=76.0.3809.25 (a0c95f440512e06df1c9c206f2d79cc20be18bb1-refs/branch-heads/3809@{#271}),platform=Mac OS X 10.13.6 x86_64) (WARNING: The server did not provide any stacktrace information)
Command duration or timeout: 60 milliseconds
Build info: version: '2.53.0', revision: '35ae25b', time: '2016-03-15 17:00:58'
System info: host: 'mac-207-254-12-245.browserstack.com', ip: '207.254.12.245', os.name: 'Mac OS X', os.arch: 'x86_64', os.version: '10.13.6', java.version: '1.8.0_51'
Driver info: org.openqa.selenium.chrome.ChromeDriver
Capabilities [{mobileEmulationEnabled=false, timeouts={implicit=0, pageLoad=300000, script=30000}, hasTouchScreen=false, platform=MAC, acceptSslCerts=false, goog:chromeOptions={debuggerAddress=localhost:51269}, acceptInsecureCerts=false, webStorageEnabled=true, browserName=chrome, takesScreenshot=true, javascriptEnabled=true, setWindowRect=true, unexpectedAlertBehaviour=ignore, applicationCacheEnabled=false, rotatable=false, networkConnectionEnabled=false, chrome={chromedriverVersion=76.0.3809.25 (a0c95f440512e06df1c9c206f2d79cc20be18bb1-refs/branch-heads/3809@{#271}), userDataDir=/var/folders/3y/zz_w6_s56sl__vcrf3r5bhzr0000hr/T/.com.google.Chrome.ecbs7D}, takesHeapSnapshot=true, pageLoadStrategy=normal, strictFileInteractability=false, databaseEnabled=false, handlesAlerts=true, version=76.0.3809.25, browserConnectionEnabled=false, proxy={}, nativeEvents=true, locationContextEnabled=true, cssSelectorsEnabled=true}]
Session ID: e14f913731741856aa989167f09b369e
Command duration or timeout: 0 milliseconds)
	at com.kms.katalon.core.keyword.internal.KeywordMain.stepFailed(KeywordMain.groovy:36)
	at com.kms.katalon.core.webui.keyword.internal.WebUIKeywordMain.stepFailed(WebUIKeywordMain.groovy:65)
	at com.kms.katalon.core.webui.keyword.internal.WebUIKeywordMain.runKeyword(WebUIKeywordMain.groovy:27)
	at com.kms.katalon.core.webui.keyword.builtin.ClickKeyword.click(ClickKeyword.groovy:86)
	at com.kms.katalon.core.webui.keyword.builtin.ClickKeyword.execute(ClickKeyword.groovy:67)
	at com.kms.katalon.core.keyword.internal.KeywordExecutor.executeKeywordForPlatform(KeywordExecutor.groovy:53)
	at com.kms.katalon.core.webui.keyword.WebUiBuiltInKeywords.click(WebUiBuiltInKeywords.groovy:616)
	at com.kms.katalon.core.webui.keyword.WebUiBuiltInKeywords$click$4.call(Unknown Source)
	at Checkout - Shipping.run(Checkout - Shipping:38)
	at com.kms.katalon.core.main.ScriptEngine.run(ScriptEngine.java:194)
	at com.kms.katalon.core.main.ScriptEngine.runScriptAsRawText(ScriptEngine.java:119)
	at com.kms.katalon.core.main.TestCaseExecutor.runScript(TestCaseExecutor.java:328)
	at com.kms.katalon.core.main.TestCaseExecutor.doExecute(TestCaseExecutor.java:319)
	at com.kms.katalon.core.main.TestCaseExecutor.processExecutionPhase(TestCaseExecutor.java:298)
	at com.kms.katalon.core.main.TestCaseExecutor.accessMainPhase(TestCaseExecutor.java:290)
	at com.kms.katalon.core.main.TestCaseExecutor.execute(TestCaseExecutor.java:224)
	at com.kms.katalon.core.main.TestSuiteExecutor.accessTestCaseMainPhase(TestSuiteExecutor.java:129)
	at com.kms.katalon.core.main.TestSuiteExecutor.accessTestSuiteMainPhase(TestSuiteExecutor.java:112)
	at com.kms.katalon.core.main.TestSuiteExecutor.execute(TestSuiteExecutor.java:81)
	at com.kms.katalon.core.main.TestCaseMain.startTestSuite(TestCaseMain.java:149)
	at com.kms.katalon.core.main.TestCaseMain$startTestSuite$0.call(Unknown Source)
	at TempTestSuite1560973018737.run(TempTestSuite1560973018737.groovy:36)]]></system-err>
      </testcase>
      <testcase name="Test Cases/OCS - MOBILE/OCS- CRITICAL PATH/Cart page- decrease qty" classname="Test Cases/OCS - MOBILE/OCS- CRITICAL PATH/Cart page- decrease qty" status="PASSED">
         <system-out><![CDATA[2019-06-19 15:49:18 - [TEST_CASE][PASSED] - Test Cases/OCS - MOBILE/OCS- CRITICAL PATH/Cart page- decrease qty: Test Cases/OCS - MOBILE/OCS- CRITICAL PATH/Cart page- decrease qty

2019-06-19 15:49:19 - [TEST_STEP][PASSED] - callTestCase(findTestCase("OCS - MOBILE/CALL - AGE GATE"), [:], STOP_ON_FAILURE): Call Test Case 'Test Cases/OCS - MOBILE/CALL - AGE GATE' successfully

2019-06-19 15:49:19 - [TEST_CASE][PASSED] - Test Cases/OCS - MOBILE/CALL - AGE GATE: Test Cases/OCS - MOBILE/CALL - AGE GATE

2019-06-19 15:49:19 - [TEST_STEP][PASSED] - openBrowser(""): Browser is opened with url: ''

2019-06-19 15:49:19 - [MESSAGE][WARNING] - A browser is already opened. Closing browser and opening a new one

2019-06-19 15:49:19 - [MESSAGE][INFO] - Starting 'Remote' driver

2019-06-19 15:49:19 - [MESSAGE][INFO] - User set preference: ['os', 'OS X']

2019-06-19 15:49:19 - [MESSAGE][INFO] - User set preference: ['os_version', 'High Sierra']

2019-06-19 15:49:19 - [MESSAGE][INFO] - User set preference: ['browser', 'Chrome']

2019-06-19 15:49:19 - [MESSAGE][INFO] - User set preference: ['browser_version', '76.0 beta']

2019-06-19 15:49:19 - [MESSAGE][INFO] - User set preference: ['browserstack.local', 'false']

2019-06-19 15:49:19 - [MESSAGE][INFO] - Connecting to remote web server 'https://dianatest3:Z3oqw9ysqTeRQJq5wFCp@hub-cloud.browserstack.com/wd/hub' with type 'Selenium'

2019-06-19 15:49:22 - [MESSAGE][PASSED] - Browser is opened with url: ''

2019-06-19 15:49:22 - [TEST_STEP][PASSED] - navigateToUrl("https://ocs.ca/?fts=0&preview_theme_id=72920106828"): Navigate to 'https://ocs.ca/?fts=0&preview_theme_id=72920106828' successfully

2019-06-19 15:49:27 - [MESSAGE][PASSED] - Navigate to 'https://ocs.ca/?fts=0&preview_theme_id=72920106828' successfully

2019-06-19 15:49:27 - [TEST_STEP][PASSED] - executeJavaScript("var previewBar = document.getElementById("preview-bar-iframe"); previewBar.style.display = "none";", []): Execute JavaScript 'var previewBar = document.getElementById("preview-bar-iframe"); previewBar.style.display = "none";' successfully

2019-06-19 15:49:27 - [MESSAGE][PASSED] - Execute JavaScript 'var previewBar = document.getElementById("preview-bar-iframe"); previewBar.style.display = "none";' successfully

2019-06-19 15:49:27 - [TEST_STEP][PASSED] - setViewPortSize(360, 800): Viewport is set to new size with width = 360 and height = 800

2019-06-19 15:49:27 - [MESSAGE][PASSED] - Viewport is set to new size with width = 360 and height = 800

2019-06-19 15:49:27 - [TEST_STEP][PASSED] - delay(4): Delayed 4 second(s)

2019-06-19 15:49:31 - [MESSAGE][PASSED] - Delayed 4 second(s)

2019-06-19 15:49:31 - [TEST_STEP][PASSED] - selectOptionByValue(findTestObject("OCS-MOBILE /Age gate and burger menu/Date"), "12", true): All options with value '12' are selected in object 'Object Repository/OCS-MOBILE /Age gate and burger menu/Date'  using regular expression

2019-06-19 15:49:36 - [MESSAGE][PASSED] - All options with value '12' are selected in object 'Object Repository/OCS-MOBILE /Age gate and burger menu/Date'  using regular expression

2019-06-19 15:49:36 - [TEST_STEP][PASSED] - selectOptionByValue(findTestObject("OCS-MOBILE /Age gate and burger menu/month"), "6", true): All options with value '6' are selected in object 'Object Repository/OCS-MOBILE /Age gate and burger menu/month'  using regular expression

2019-06-19 15:49:39 - [MESSAGE][PASSED] - All options with value '6' are selected in object 'Object Repository/OCS-MOBILE /Age gate and burger menu/month'  using regular expression

2019-06-19 15:49:39 - [TEST_STEP][PASSED] - delay(2): Delayed 2 second(s)

2019-06-19 15:49:41 - [MESSAGE][PASSED] - Delayed 2 second(s)

2019-06-19 15:49:41 - [TEST_STEP][PASSED] - selectOptionByValue(findTestObject("OCS-MOBILE /Age gate and burger menu/Year Dropdown"), "1990", true): All options with value '1990' are selected in object 'Object Repository/OCS-MOBILE /Age gate and burger menu/Year Dropdown'  using regular expression

2019-06-19 15:49:57 - [MESSAGE][PASSED] - All options with value '1990' are selected in object 'Object Repository/OCS-MOBILE /Age gate and burger menu/Year Dropdown'  using regular expression

2019-06-19 15:49:57 - [TEST_STEP][PASSED] - click(findTestObject("OCS-MOBILE /Age gate and Mega menu/button_Verify")): Object: 'Object Repository/OCS-MOBILE /Age gate and Mega menu/button_Verify' is clicked on

2019-06-19 15:49:58 - [MESSAGE][PASSED] - Object: 'Object Repository/OCS-MOBILE /Age gate and Mega menu/button_Verify' is clicked on

2019-06-19 15:49:58 - [TEST_STEP][PASSED] - click(findTestObject("OCS-MOBILE /Age gate and Mega menu/Checkbox_CONFIRM AND ACKNOWLEDGE")): Object: 'Object Repository/OCS-MOBILE /Age gate and Mega menu/Checkbox_CONFIRM AND ACKNOWLEDGE' is clicked on

2019-06-19 15:49:58 - [MESSAGE][PASSED] - Object: 'Object Repository/OCS-MOBILE /Age gate and Mega menu/Checkbox_CONFIRM AND ACKNOWLEDGE' is clicked on

2019-06-19 15:49:58 - [TEST_STEP][PASSED] - click(findTestObject("OCS-MOBILE /Age gate and Mega menu/button_CONFIRM")): Object: 'Object Repository/OCS-MOBILE /Age gate and Mega menu/button_CONFIRM' is clicked on

2019-06-19 15:49:58 - [MESSAGE][PASSED] - Object: 'Object Repository/OCS-MOBILE /Age gate and Mega menu/button_CONFIRM' is clicked on

2019-06-19 15:49:58 - [TEST_STEP][PASSED] - click(findTestObject("OCS-MOBILE /Age gate and Mega menu/button_Start Browsing")): Object: 'Object Repository/OCS-MOBILE /Age gate and Mega menu/button_Start Browsing' is clicked on

2019-06-19 15:49:59 - [MESSAGE][PASSED] - Object: 'Object Repository/OCS-MOBILE /Age gate and Mega menu/button_Start Browsing' is clicked on

2019-06-19 15:49:59 - [TEST_STEP][PASSED] - refresh(): Refresh successfully

2019-06-19 15:49:59 - [MESSAGE][PASSED] - Refresh successfully

2019-06-19 15:49:59 - [TEST_STEP][PASSED] - executeJavaScript("var previewBar = document.getElementById("preview-bar-iframe"); previewBar.style.display = "none";", []): Execute JavaScript 'var previewBar = document.getElementById("preview-bar-iframe"); previewBar.style.display = "none";' successfully

2019-06-19 15:50:03 - [MESSAGE][PASSED] - Execute JavaScript 'var previewBar = document.getElementById("preview-bar-iframe"); previewBar.style.display = "none";' successfully

2019-06-19 15:50:03 - [MESSAGE][PASSED] - Call Test Case 'Test Cases/OCS - MOBILE/CALL - AGE GATE' successfully

2019-06-19 15:50:03 - [TEST_STEP][PASSED] - delay(2): Delayed 2 second(s)

2019-06-19 15:50:05 - [MESSAGE][PASSED] - Delayed 2 second(s)

2019-06-19 15:50:05 - [TEST_STEP][PASSED] - click(findTestObject("OCS-MOBILE /Age gate and burger menu/Burger menu - English")): Object: 'Object Repository/OCS-MOBILE /Age gate and burger menu/Burger menu - English' is clicked on

2019-06-19 15:50:05 - [MESSAGE][PASSED] - Object: 'Object Repository/OCS-MOBILE /Age gate and burger menu/Burger menu - English' is clicked on

2019-06-19 15:50:05 - [TEST_STEP][PASSED] - delay(2): Delayed 2 second(s)

2019-06-19 15:50:07 - [MESSAGE][PASSED] - Delayed 2 second(s)

2019-06-19 15:50:07 - [TEST_STEP][PASSED] - click(findTestObject("OCS-MOBILE /Age gate and burger menu/Chevron_Cannabis")): Object: 'Object Repository/OCS-MOBILE /Age gate and burger menu/Chevron_Cannabis' is clicked on

2019-06-19 15:50:08 - [MESSAGE][PASSED] - Object: 'Object Repository/OCS-MOBILE /Age gate and burger menu/Chevron_Cannabis' is clicked on

2019-06-19 15:50:08 - [TEST_STEP][PASSED] - delay(2): Delayed 2 second(s)

2019-06-19 15:50:10 - [MESSAGE][PASSED] - Delayed 2 second(s)

2019-06-19 15:50:10 - [TEST_STEP][PASSED] - click(findTestObject("OCS-MOBILE /Age gate and burger menu/Dried Flower_Plus icon")): Object: 'Object Repository/OCS-MOBILE /Age gate and burger menu/Dried Flower_Plus icon' is clicked on

2019-06-19 15:50:10 - [MESSAGE][PASSED] - Object: 'Object Repository/OCS-MOBILE /Age gate and burger menu/Dried Flower_Plus icon' is clicked on

2019-06-19 15:50:10 - [TEST_STEP][PASSED] - delay(2): Delayed 2 second(s)

2019-06-19 15:50:12 - [MESSAGE][PASSED] - Delayed 2 second(s)

2019-06-19 15:50:12 - [TEST_STEP][PASSED] - click(findTestObject("OCS-MOBILE /Age gate and burger menu/Indica Dominant_Menu item")): Object: 'Object Repository/OCS-MOBILE /Age gate and burger menu/Indica Dominant_Menu item' is clicked on

2019-06-19 15:50:15 - [MESSAGE][PASSED] - Object: 'Object Repository/OCS-MOBILE /Age gate and burger menu/Indica Dominant_Menu item' is clicked on

2019-06-19 15:50:15 - [TEST_STEP][PASSED] - delay(2): Delayed 2 second(s)

2019-06-19 15:50:17 - [MESSAGE][PASSED] - Delayed 2 second(s)

2019-06-19 15:50:17 - [TEST_STEP][PASSED] - executeJavaScript("var previewBar = document.getElementById("preview-bar-iframe"); previewBar.style.display = "none";", []): Execute JavaScript 'var previewBar = document.getElementById("preview-bar-iframe"); previewBar.style.display = "none";' successfully

2019-06-19 15:50:17 - [MESSAGE][PASSED] - Execute JavaScript 'var previewBar = document.getElementById("preview-bar-iframe"); previewBar.style.display = "none";' successfully

2019-06-19 15:50:17 - [TEST_STEP][PASSED] - click(findTestObject("OCS-MOBILE /Collection page/Product image - 1st one")): Object: 'Object Repository/OCS-MOBILE /Collection page/Product image - 1st one' is clicked on

2019-06-19 15:50:21 - [MESSAGE][PASSED] - Object: 'Object Repository/OCS-MOBILE /Collection page/Product image - 1st one' is clicked on

2019-06-19 15:50:21 - [TEST_STEP][PASSED] - executeJavaScript("var previewBar = document.getElementById("preview-bar-iframe"); previewBar.style.display = "none";", []): Execute JavaScript 'var previewBar = document.getElementById("preview-bar-iframe"); previewBar.style.display = "none";' successfully

2019-06-19 15:50:21 - [MESSAGE][PASSED] - Execute JavaScript 'var previewBar = document.getElementById("preview-bar-iframe"); previewBar.style.display = "none";' successfully

2019-06-19 15:50:21 - [TEST_STEP][NOT_RUN] - scrollToElement(findTestObject("OCS-MOBILE /Product page/Product image"), 1): NOT_RUN: scrollToElement(findTestObject("OCS-MOBILE /Product page/Product image"), 1)

2019-06-19 15:50:21 - [MESSAGE][NOT_RUN] - NOT_RUN: scrollToElement(findTestObject("OCS-MOBILE /Product page/Product image"), 1)

2019-06-19 15:50:21 - [TEST_STEP][PASSED] - delay(2): Delayed 2 second(s)

2019-06-19 15:50:23 - [MESSAGE][PASSED] - Delayed 2 second(s)

2019-06-19 15:50:23 - [TEST_STEP][PASSED] - click(findTestObject("OCS-MOBILE /Product page/Swatch_1g")): Object: 'Object Repository/OCS-MOBILE /Product page/Swatch_1g' is clicked on

2019-06-19 15:50:23 - [MESSAGE][PASSED] - Object: 'Object Repository/OCS-MOBILE /Product page/Swatch_1g' is clicked on

2019-06-19 15:50:23 - [TEST_STEP][NOT_RUN] - scrollToElement(findTestObject("OCS-MOBILE /Product page/Swatch_1g"), 1): NOT_RUN: scrollToElement(findTestObject("OCS-MOBILE /Product page/Swatch_1g"), 1)

2019-06-19 15:50:23 - [MESSAGE][NOT_RUN] - NOT_RUN: scrollToElement(findTestObject("OCS-MOBILE /Product page/Swatch_1g"), 1)

2019-06-19 15:50:23 - [TEST_STEP][PASSED] - delay(2): Delayed 2 second(s)

2019-06-19 15:50:25 - [MESSAGE][PASSED] - Delayed 2 second(s)

2019-06-19 15:50:25 - [TEST_STEP][PASSED] - click(findTestObject("OCS-MOBILE /Product page/Quantity Increase - Button")): Object: 'Object Repository/OCS-MOBILE /Product page/Quantity Increase - Button' is clicked on

2019-06-19 15:50:26 - [MESSAGE][PASSED] - Object: 'Object Repository/OCS-MOBILE /Product page/Quantity Increase - Button' is clicked on

2019-06-19 15:50:26 - [TEST_STEP][PASSED] - delay(1): Delayed 1 second(s)

2019-06-19 15:50:27 - [MESSAGE][PASSED] - Delayed 1 second(s)

2019-06-19 15:50:27 - [TEST_STEP][PASSED] - click(findTestObject("OCS-MOBILE /Product page/Quantity Increase - Button")): Object: 'Object Repository/OCS-MOBILE /Product page/Quantity Increase - Button' is clicked on

2019-06-19 15:50:27 - [MESSAGE][PASSED] - Object: 'Object Repository/OCS-MOBILE /Product page/Quantity Increase - Button' is clicked on

2019-06-19 15:50:27 - [TEST_STEP][PASSED] - delay(1): Delayed 1 second(s)

2019-06-19 15:50:28 - [MESSAGE][PASSED] - Delayed 1 second(s)

2019-06-19 15:50:28 - [TEST_STEP][PASSED] - click(findTestObject("OCS-MOBILE /Product page/Quantity Increase - Button")): Object: 'Object Repository/OCS-MOBILE /Product page/Quantity Increase - Button' is clicked on

2019-06-19 15:50:28 - [MESSAGE][PASSED] - Object: 'Object Repository/OCS-MOBILE /Product page/Quantity Increase - Button' is clicked on

2019-06-19 15:50:28 - [TEST_STEP][PASSED] - delay(1): Delayed 1 second(s)

2019-06-19 15:50:29 - [MESSAGE][PASSED] - Delayed 1 second(s)

2019-06-19 15:50:29 - [TEST_STEP][PASSED] - click(findTestObject("OCS-MOBILE /Product page/Quantity Increase - Button")): Object: 'Object Repository/OCS-MOBILE /Product page/Quantity Increase - Button' is clicked on

2019-06-19 15:50:29 - [MESSAGE][PASSED] - Object: 'Object Repository/OCS-MOBILE /Product page/Quantity Increase - Button' is clicked on

2019-06-19 15:50:29 - [TEST_STEP][PASSED] - delay(1): Delayed 1 second(s)

2019-06-19 15:50:30 - [MESSAGE][PASSED] - Delayed 1 second(s)

2019-06-19 15:50:30 - [TEST_STEP][PASSED] - click(findTestObject("OCS-MOBILE /Product page/Quantity Increase - Button")): Object: 'Object Repository/OCS-MOBILE /Product page/Quantity Increase - Button' is clicked on

2019-06-19 15:50:31 - [MESSAGE][PASSED] - Object: 'Object Repository/OCS-MOBILE /Product page/Quantity Increase - Button' is clicked on

2019-06-19 15:50:31 - [TEST_STEP][PASSED] - delay(2): Delayed 2 second(s)

2019-06-19 15:50:33 - [MESSAGE][PASSED] - Delayed 2 second(s)

2019-06-19 15:50:33 - [TEST_STEP][PASSED] - click(findTestObject("OCS-MOBILE /Product page/Add to Bag-button")): Object: 'Object Repository/OCS-MOBILE /Product page/Add to Bag-button' is clicked on

2019-06-19 15:50:33 - [MESSAGE][PASSED] - Object: 'Object Repository/OCS-MOBILE /Product page/Add to Bag-button' is clicked on

2019-06-19 15:50:33 - [TEST_STEP][PASSED] - delay(1): Delayed 1 second(s)

2019-06-19 15:50:34 - [MESSAGE][PASSED] - Delayed 1 second(s)

2019-06-19 15:50:34 - [TEST_STEP][NOT_RUN] - click(findTestObject("OCS-MOBILE /Home - page/Cart icon -bag")): NOT_RUN: click(findTestObject("OCS-MOBILE /Home - page/Cart icon -bag"))

2019-06-19 15:50:34 - [MESSAGE][NOT_RUN] - NOT_RUN: click(findTestObject("OCS-MOBILE /Home - page/Cart icon -bag"))

2019-06-19 15:50:34 - [TEST_STEP][PASSED] - delay(1): Delayed 1 second(s)

2019-06-19 15:50:35 - [MESSAGE][PASSED] - Delayed 1 second(s)

2019-06-19 15:50:35 - [TEST_STEP][PASSED] - click(findTestObject("OCS-MOBILE /Cart flyout/Checkbox_I confirm that")): Object: 'Object Repository/OCS-MOBILE /Cart flyout/Checkbox_I confirm that' is clicked on

2019-06-19 15:50:35 - [MESSAGE][PASSED] - Object: 'Object Repository/OCS-MOBILE /Cart flyout/Checkbox_I confirm that' is clicked on

2019-06-19 15:50:35 - [TEST_STEP][PASSED] - click(findTestObject("OCS-MOBILE /Cart flyout/Checkbox_Accept the Terms Condition")): Object: 'Object Repository/OCS-MOBILE /Cart flyout/Checkbox_Accept the Terms Condition' is clicked on

2019-06-19 15:50:35 - [MESSAGE][PASSED] - Object: 'Object Repository/OCS-MOBILE /Cart flyout/Checkbox_Accept the Terms Condition' is clicked on

2019-06-19 15:50:35 - [TEST_STEP][PASSED] - delay(1): Delayed 1 second(s)

2019-06-19 15:50:36 - [MESSAGE][PASSED] - Delayed 1 second(s)

2019-06-19 15:50:36 - [TEST_STEP][PASSED] - click(findTestObject("OCS-MOBILE /Cart flyout/Checkout - Button")): Object: 'Object Repository/OCS-MOBILE /Cart flyout/Checkout - Button' is clicked on

2019-06-19 15:50:40 - [MESSAGE][PASSED] - Object: 'Object Repository/OCS-MOBILE /Cart flyout/Checkout - Button' is clicked on

2019-06-19 15:50:40 - [TEST_STEP][PASSED] - delay(2): Delayed 2 second(s)

2019-06-19 15:50:42 - [MESSAGE][PASSED] - Delayed 2 second(s)

2019-06-19 15:50:42 - [TEST_STEP][PASSED] - executeJavaScript("var previewBar = document.getElementById("preview-bar-iframe"); previewBar.style.display = "none";", []): Execute JavaScript 'var previewBar = document.getElementById("preview-bar-iframe"); previewBar.style.display = "none";' successfully

2019-06-19 15:50:42 - [MESSAGE][PASSED] - Execute JavaScript 'var previewBar = document.getElementById("preview-bar-iframe"); previewBar.style.display = "none";' successfully

2019-06-19 15:50:42 - [TEST_STEP][PASSED] - scrollToElement(findTestObject("OCS-MOBILE /Customer info page/Return to Cart - Link"), 1): Scroll to object 'Object Repository/OCS-MOBILE /Customer info page/Return to Cart - Link' successfully

2019-06-19 15:50:42 - [MESSAGE][PASSED] - Scroll to object 'Object Repository/OCS-MOBILE /Customer info page/Return to Cart - Link' successfully

2019-06-19 15:50:42 - [TEST_STEP][PASSED] - delay(1): Delayed 1 second(s)

2019-06-19 15:50:43 - [MESSAGE][PASSED] - Delayed 1 second(s)

2019-06-19 15:50:43 - [TEST_STEP][PASSED] - click(findTestObject("OCS-MOBILE /Customer info page/Return to Cart - Link")): Object: 'Object Repository/OCS-MOBILE /Customer info page/Return to Cart - Link' is clicked on

2019-06-19 15:50:45 - [MESSAGE][PASSED] - Object: 'Object Repository/OCS-MOBILE /Customer info page/Return to Cart - Link' is clicked on

2019-06-19 15:50:45 - [TEST_STEP][PASSED] - delay(1): Delayed 1 second(s)

2019-06-19 15:50:46 - [MESSAGE][PASSED] - Delayed 1 second(s)

2019-06-19 15:50:46 - [TEST_STEP][PASSED] - a = getText(findTestObject("OCS-MOBILE /Cart page/Unit price - product - price in cart page")): Text of object 'Object Repository/OCS-MOBILE /Cart page/Unit price - product - price in cart page' is: '$61.50'

2019-06-19 15:50:46 - [MESSAGE][PASSED] - Text of object 'Object Repository/OCS-MOBILE /Cart page/Unit price - product - price in cart page' is: '$61.50'

2019-06-19 15:50:46 - [TEST_STEP][PASSED] - comment(a): $61.50

2019-06-19 15:50:46 - [MESSAGE][INFO] - $61.50

2019-06-19 15:50:46 - [TEST_STEP][PASSED] - click(findTestObject("OCS-MOBILE /Cart page/Quantity Input field")): Object: 'Object Repository/OCS-MOBILE /Cart page/Quantity Input field' is clicked on

2019-06-19 15:50:46 - [MESSAGE][PASSED] - Object: 'Object Repository/OCS-MOBILE /Cart page/Quantity Input field' is clicked on

2019-06-19 15:50:46 - [TEST_STEP][PASSED] - sendKeys(findTestObject("OCS-MOBILE /Cart page/Quantity Input field"), Keys.chord(CLEAR)): Keys 'CLEAR + ' sent to object: 'Object Repository/OCS-MOBILE /Cart page/Quantity Input field'

2019-06-19 15:50:47 - [MESSAGE][PASSED] - Keys 'CLEAR + ' sent to object: 'Object Repository/OCS-MOBILE /Cart page/Quantity Input field'

2019-06-19 15:50:47 - [TEST_STEP][PASSED] - delay(2): Delayed 2 second(s)

2019-06-19 15:50:49 - [MESSAGE][PASSED] - Delayed 2 second(s)

2019-06-19 15:50:49 - [TEST_STEP][PASSED] - setText(findTestObject("OCS-MOBILE /Cart page/Quantity Input field"), "10"): Text '10' is set on object 'Object Repository/OCS-MOBILE /Cart page/Quantity Input field'

2019-06-19 15:50:49 - [MESSAGE][PASSED] - Text '10' is set on object 'Object Repository/OCS-MOBILE /Cart page/Quantity Input field'

2019-06-19 15:50:49 - [TEST_STEP][PASSED] - delay(2): Delayed 2 second(s)

2019-06-19 15:50:51 - [MESSAGE][PASSED] - Delayed 2 second(s)

2019-06-19 15:50:51 - [TEST_STEP][PASSED] - sendKeys(findTestObject("OCS-MOBILE /Cart page/Quantity Input field"), Keys.chord(CLEAR)): Keys 'CLEAR + ' sent to object: 'Object Repository/OCS-MOBILE /Cart page/Quantity Input field'

2019-06-19 15:50:51 - [MESSAGE][PASSED] - Keys 'CLEAR + ' sent to object: 'Object Repository/OCS-MOBILE /Cart page/Quantity Input field'

2019-06-19 15:50:51 - [TEST_STEP][NOT_RUN] - click(findTestObject("OCS-MOBILE /Cart page/enter quantity")): NOT_RUN: click(findTestObject("OCS-MOBILE /Cart page/enter quantity"))

2019-06-19 15:50:51 - [MESSAGE][NOT_RUN] - NOT_RUN: click(findTestObject("OCS-MOBILE /Cart page/enter quantity"))

2019-06-19 15:50:51 - [TEST_STEP][PASSED] - delay(2): Delayed 2 second(s)

2019-06-19 15:50:53 - [MESSAGE][PASSED] - Delayed 2 second(s)

2019-06-19 15:50:53 - [TEST_STEP][PASSED] - setText(findTestObject("OCS-MOBILE /Cart page/Quantity Input field"), "7"): Text '7' is set on object 'Object Repository/OCS-MOBILE /Cart page/Quantity Input field'

2019-06-19 15:50:53 - [MESSAGE][PASSED] - Text '7' is set on object 'Object Repository/OCS-MOBILE /Cart page/Quantity Input field'

2019-06-19 15:50:53 - [TEST_STEP][PASSED] - delay(2): Delayed 2 second(s)

2019-06-19 15:50:55 - [MESSAGE][PASSED] - Delayed 2 second(s)

2019-06-19 15:50:56 - [TEST_STEP][NOT_RUN] - click(findTestObject("OCS-MOBILE /Cart page/Unit price - product")): NOT_RUN: click(findTestObject("OCS-MOBILE /Cart page/Unit price - product"))

2019-06-19 15:50:56 - [MESSAGE][NOT_RUN] - NOT_RUN: click(findTestObject("OCS-MOBILE /Cart page/Unit price - product"))

2019-06-19 15:50:56 - [TEST_STEP][PASSED] - delay(2): Delayed 2 second(s)

2019-06-19 15:50:58 - [MESSAGE][PASSED] - Delayed 2 second(s)

2019-06-19 15:50:58 - [TEST_STEP][PASSED] - click(findTestObject("OCS-MOBILE /Cart page/Qty Decrease icon")): Object: 'Object Repository/OCS-MOBILE /Cart page/Qty Decrease icon' is clicked on

2019-06-19 15:50:58 - [MESSAGE][PASSED] - Object: 'Object Repository/OCS-MOBILE /Cart page/Qty Decrease icon' is clicked on

2019-06-19 15:50:58 - [TEST_STEP][PASSED] - delay(2): Delayed 2 second(s)

2019-06-19 15:51:00 - [MESSAGE][PASSED] - Delayed 2 second(s)

2019-06-19 15:51:00 - [TEST_STEP][PASSED] - click(findTestObject("OCS-MOBILE /Cart page/Qty Decrease icon")): Object: 'Object Repository/OCS-MOBILE /Cart page/Qty Decrease icon' is clicked on

2019-06-19 15:51:00 - [MESSAGE][PASSED] - Object: 'Object Repository/OCS-MOBILE /Cart page/Qty Decrease icon' is clicked on

2019-06-19 15:51:00 - [TEST_STEP][PASSED] - delay(2): Delayed 2 second(s)

2019-06-19 15:51:02 - [MESSAGE][PASSED] - Delayed 2 second(s)

2019-06-19 15:51:02 - [TEST_STEP][PASSED] - click(findTestObject("OCS-MOBILE /Cart page/Qty Decrease icon")): Object: 'Object Repository/OCS-MOBILE /Cart page/Qty Decrease icon' is clicked on

2019-06-19 15:51:02 - [MESSAGE][PASSED] - Object: 'Object Repository/OCS-MOBILE /Cart page/Qty Decrease icon' is clicked on

2019-06-19 15:51:02 - [TEST_STEP][PASSED] - delay(2): Delayed 2 second(s)

2019-06-19 15:51:04 - [MESSAGE][PASSED] - Delayed 2 second(s)

2019-06-19 15:51:04 - [TEST_STEP][PASSED] - b = getText(findTestObject("OCS-MOBILE /Cart page/Unit price - product - price in cart page")): Text of object 'Object Repository/OCS-MOBILE /Cart page/Unit price - product - price in cart page' is: '$41.00'

2019-06-19 15:51:04 - [MESSAGE][PASSED] - Text of object 'Object Repository/OCS-MOBILE /Cart page/Unit price - product - price in cart page' is: '$41.00'

2019-06-19 15:51:04 - [TEST_STEP][PASSED] - comment(b): $41.00

2019-06-19 15:51:04 - [MESSAGE][INFO] - $41.00

2019-06-19 15:51:04 - [TEST_STEP][PASSED] - verifyNotEqual("a", "b"): Actual object 'a' and expected object 'b' are not equal

2019-06-19 15:51:04 - [MESSAGE][PASSED] - Actual object 'a' and expected object 'b' are not equal

2019-06-19 15:51:04 - [TEST_STEP][PASSED] - comment(" price changed . Quantity selector is working"):  price changed . Quantity selector is working

2019-06-19 15:51:04 - [MESSAGE][INFO] -  price changed . Quantity selector is working]]></system-out>
         <system-err><![CDATA[]]></system-err>
      </testcase>
      <testcase name="Test Cases/OCS - MOBILE/OCS- CRITICAL PATH/cart page-increase qty" classname="Test Cases/OCS - MOBILE/OCS- CRITICAL PATH/cart page-increase qty" status="FAILED">
         <failure type="FAILED" message="Test Cases/OCS - MOBILE/OCS- CRITICAL PATH/cart page-increase qty FAILED.
Reason:
com.kms.katalon.core.exception.StepFailedException: Unable to click on object 'Object Repository/OCS-MOBILE /Collection page/Product image - 1st one' (Root cause: org.openqa.selenium.WebDriverException: element click intercepted: Element &lt;div class=&quot;product-tile__image&quot;>...&lt;/div> is not clickable at point (150, 544). Other element would receive the click: &lt;iframe title=&quot;Preview Bar&quot; id=&quot;preview-bar-iframe&quot; src=&quot;https://ocs.ca/preview_bar&quot; sandbox=&quot;allow-same-origin allow-scripts&quot; style=&quot;position: fixed; bottom: 0px; left: 0px; z-index: 2147483647; width: 100%; border: none; box-shadow: rgba(0, 0, 0, 0.2) 0px -1px 3px; overflow: hidden; transform: translateY(0px); transition: transform 300ms ease 0s; height: 92px;&quot;>&lt;/iframe>
  (Session info: chrome=76.0.3809.25)
  (Driver info: chromedriver=76.0.3809.25 (a0c95f440512e06df1c9c206f2d79cc20be18bb1-refs/branch-heads/3809@{#271}),platform=Mac OS X 10.13.6 x86_64) (WARNING: The server did not provide any stacktrace information)
Command duration or timeout: 56 milliseconds
Build info: version: '2.53.0', revision: '35ae25b', time: '2016-03-15 17:00:58'
System info: host: 'mac-208-52-166-74.browserstack.com', ip: '208.52.166.74', os.name: 'Mac OS X', os.arch: 'x86_64', os.version: '10.13.6', java.version: '1.8.0_51'
Driver info: org.openqa.selenium.chrome.ChromeDriver
Capabilities [{mobileEmulationEnabled=false, timeouts={implicit=0, pageLoad=300000, script=30000}, hasTouchScreen=false, platform=MAC, acceptSslCerts=false, goog:chromeOptions={debuggerAddress=localhost:58601}, acceptInsecureCerts=false, webStorageEnabled=true, browserName=chrome, takesScreenshot=true, javascriptEnabled=true, setWindowRect=true, unexpectedAlertBehaviour=ignore, applicationCacheEnabled=false, rotatable=false, networkConnectionEnabled=false, chrome={chromedriverVersion=76.0.3809.25 (a0c95f440512e06df1c9c206f2d79cc20be18bb1-refs/branch-heads/3809@{#271}), userDataDir=/var/folders/3y/zz_w6_s56sl__vcrf3r5bhzr0000hr/T/.com.google.Chrome.1bcAW4}, takesHeapSnapshot=true, pageLoadStrategy=normal, strictFileInteractability=false, databaseEnabled=false, handlesAlerts=true, version=76.0.3809.25, browserConnectionEnabled=false, proxy={}, nativeEvents=true, locationContextEnabled=true, cssSelectorsEnabled=true}]
Session ID: 1deb7c2e230a09b19e20f3d1b8abd38d
Command duration or timeout: 0 milliseconds)
	at com.kms.katalon.core.keyword.internal.KeywordMain.stepFailed(KeywordMain.groovy:36)
	at com.kms.katalon.core.webui.keyword.internal.WebUIKeywordMain.stepFailed(WebUIKeywordMain.groovy:65)
	at com.kms.katalon.core.webui.keyword.internal.WebUIKeywordMain.runKeyword(WebUIKeywordMain.groovy:27)
	at com.kms.katalon.core.webui.keyword.builtin.ClickKeyword.click(ClickKeyword.groovy:86)
	at com.kms.katalon.core.webui.keyword.builtin.ClickKeyword.execute(ClickKeyword.groovy:67)
	at com.kms.katalon.core.keyword.internal.KeywordExecutor.executeKeywordForPlatform(KeywordExecutor.groovy:53)
	at com.kms.katalon.core.webui.keyword.WebUiBuiltInKeywords.click(WebUiBuiltInKeywords.groovy:616)
	at com.kms.katalon.core.webui.keyword.WebUiBuiltInKeywords$click$4.call(Unknown Source)
	at cart page-increase qty.run(cart page-increase qty:37)
	at com.kms.katalon.core.main.ScriptEngine.run(ScriptEngine.java:194)
	at com.kms.katalon.core.main.ScriptEngine.runScriptAsRawText(ScriptEngine.java:119)
	at com.kms.katalon.core.main.TestCaseExecutor.runScript(TestCaseExecutor.java:328)
	at com.kms.katalon.core.main.TestCaseExecutor.doExecute(TestCaseExecutor.java:319)
	at com.kms.katalon.core.main.TestCaseExecutor.processExecutionPhase(TestCaseExecutor.java:298)
	at com.kms.katalon.core.main.TestCaseExecutor.accessMainPhase(TestCaseExecutor.java:290)
	at com.kms.katalon.core.main.TestCaseExecutor.execute(TestCaseExecutor.java:224)
	at com.kms.katalon.core.main.TestSuiteExecutor.accessTestCaseMainPhase(TestSuiteExecutor.java:129)
	at com.kms.katalon.core.main.TestSuiteExecutor.accessTestSuiteMainPhase(TestSuiteExecutor.java:112)
	at com.kms.katalon.core.main.TestSuiteExecutor.execute(TestSuiteExecutor.java:81)
	at com.kms.katalon.core.main.TestCaseMain.startTestSuite(TestCaseMain.java:149)
	at com.kms.katalon.core.main.TestCaseMain$startTestSuite$0.call(Unknown Source)
	at TempTestSuite1560973018737.run(TempTestSuite1560973018737.groovy:36)
"/>
         <system-out><![CDATA[2019-06-19 15:51:04 - [TEST_CASE][FAILED] - Test Cases/OCS - MOBILE/OCS- CRITICAL PATH/cart page-increase qty: Test Cases/OCS - MOBILE/OCS- CRITICAL PATH/cart page-increase qty FAILED.
Reason:
com.kms.katalon.core.exception.StepFailedException: Unable to click on object 'Object Repository/OCS-MOBILE /Collection page/Product image - 1st one' (Root cause: org.openqa.selenium.WebDriverException: element click intercepted: Element <div class="product-tile__image">...</div> is not clickable at point (150, 544). Other element would receive the click: <iframe title="Preview Bar" id="preview-bar-iframe" src="https://ocs.ca/preview_bar" sandbox="allow-same-origin allow-scripts" style="position: fixed; bottom: 0px; left: 0px; z-index: 2147483647; width: 100%; border: none; box-shadow: rgba(0, 0, 0, 0.2) 0px -1px 3px; overflow: hidden; transform: translateY(0px); transition: transform 300ms ease 0s; height: 92px;"></iframe>
  (Session info: chrome=76.0.3809.25)
  (Driver info: chromedriver=76.0.3809.25 (a0c95f440512e06df1c9c206f2d79cc20be18bb1-refs/branch-heads/3809@{#271}),platform=Mac OS X 10.13.6 x86_64) (WARNING: The server did not provide any stacktrace information)
Command duration or timeout: 56 milliseconds
Build info: version: '2.53.0', revision: '35ae25b', time: '2016-03-15 17:00:58'
System info: host: 'mac-208-52-166-74.browserstack.com', ip: '208.52.166.74', os.name: 'Mac OS X', os.arch: 'x86_64', os.version: '10.13.6', java.version: '1.8.0_51'
Driver info: org.openqa.selenium.chrome.ChromeDriver
Capabilities [{mobileEmulationEnabled=false, timeouts={implicit=0, pageLoad=300000, script=30000}, hasTouchScreen=false, platform=MAC, acceptSslCerts=false, goog:chromeOptions={debuggerAddress=localhost:58601}, acceptInsecureCerts=false, webStorageEnabled=true, browserName=chrome, takesScreenshot=true, javascriptEnabled=true, setWindowRect=true, unexpectedAlertBehaviour=ignore, applicationCacheEnabled=false, rotatable=false, networkConnectionEnabled=false, chrome={chromedriverVersion=76.0.3809.25 (a0c95f440512e06df1c9c206f2d79cc20be18bb1-refs/branch-heads/3809@{#271}), userDataDir=/var/folders/3y/zz_w6_s56sl__vcrf3r5bhzr0000hr/T/.com.google.Chrome.1bcAW4}, takesHeapSnapshot=true, pageLoadStrategy=normal, strictFileInteractability=false, databaseEnabled=false, handlesAlerts=true, version=76.0.3809.25, browserConnectionEnabled=false, proxy={}, nativeEvents=true, locationContextEnabled=true, cssSelectorsEnabled=true}]
Session ID: 1deb7c2e230a09b19e20f3d1b8abd38d
Command duration or timeout: 0 milliseconds)
	at com.kms.katalon.core.keyword.internal.KeywordMain.stepFailed(KeywordMain.groovy:36)
	at com.kms.katalon.core.webui.keyword.internal.WebUIKeywordMain.stepFailed(WebUIKeywordMain.groovy:65)
	at com.kms.katalon.core.webui.keyword.internal.WebUIKeywordMain.runKeyword(WebUIKeywordMain.groovy:27)
	at com.kms.katalon.core.webui.keyword.builtin.ClickKeyword.click(ClickKeyword.groovy:86)
	at com.kms.katalon.core.webui.keyword.builtin.ClickKeyword.execute(ClickKeyword.groovy:67)
	at com.kms.katalon.core.keyword.internal.KeywordExecutor.executeKeywordForPlatform(KeywordExecutor.groovy:53)
	at com.kms.katalon.core.webui.keyword.WebUiBuiltInKeywords.click(WebUiBuiltInKeywords.groovy:616)
	at com.kms.katalon.core.webui.keyword.WebUiBuiltInKeywords$click$4.call(Unknown Source)
	at cart page-increase qty.run(cart page-increase qty:37)
	at com.kms.katalon.core.main.ScriptEngine.run(ScriptEngine.java:194)
	at com.kms.katalon.core.main.ScriptEngine.runScriptAsRawText(ScriptEngine.java:119)
	at com.kms.katalon.core.main.TestCaseExecutor.runScript(TestCaseExecutor.java:328)
	at com.kms.katalon.core.main.TestCaseExecutor.doExecute(TestCaseExecutor.java:319)
	at com.kms.katalon.core.main.TestCaseExecutor.processExecutionPhase(TestCaseExecutor.java:298)
	at com.kms.katalon.core.main.TestCaseExecutor.accessMainPhase(TestCaseExecutor.java:290)
	at com.kms.katalon.core.main.TestCaseExecutor.execute(TestCaseExecutor.java:224)
	at com.kms.katalon.core.main.TestSuiteExecutor.accessTestCaseMainPhase(TestSuiteExecutor.java:129)
	at com.kms.katalon.core.main.TestSuiteExecutor.accessTestSuiteMainPhase(TestSuiteExecutor.java:112)
	at com.kms.katalon.core.main.TestSuiteExecutor.execute(TestSuiteExecutor.java:81)
	at com.kms.katalon.core.main.TestCaseMain.startTestSuite(TestCaseMain.java:149)
	at com.kms.katalon.core.main.TestCaseMain$startTestSuite$0.call(Unknown Source)
	at TempTestSuite1560973018737.run(TempTestSuite1560973018737.groovy:36)


2019-06-19 15:51:05 - [TEST_STEP][PASSED] - callTestCase(findTestCase("OCS - MOBILE/CALL - AGE GATE"), [:], STOP_ON_FAILURE): Call Test Case 'Test Cases/OCS - MOBILE/CALL - AGE GATE' successfully

2019-06-19 15:51:05 - [TEST_CASE][PASSED] - Test Cases/OCS - MOBILE/CALL - AGE GATE: Test Cases/OCS - MOBILE/CALL - AGE GATE

2019-06-19 15:51:05 - [TEST_STEP][PASSED] - openBrowser(""): Browser is opened with url: ''

2019-06-19 15:51:05 - [MESSAGE][WARNING] - A browser is already opened. Closing browser and opening a new one

2019-06-19 15:51:05 - [MESSAGE][INFO] - Starting 'Remote' driver

2019-06-19 15:51:05 - [MESSAGE][INFO] - User set preference: ['os', 'OS X']

2019-06-19 15:51:05 - [MESSAGE][INFO] - User set preference: ['os_version', 'High Sierra']

2019-06-19 15:51:05 - [MESSAGE][INFO] - User set preference: ['browser', 'Chrome']

2019-06-19 15:51:05 - [MESSAGE][INFO] - User set preference: ['browser_version', '76.0 beta']

2019-06-19 15:51:05 - [MESSAGE][INFO] - User set preference: ['browserstack.local', 'false']

2019-06-19 15:51:05 - [MESSAGE][INFO] - Connecting to remote web server 'https://dianatest3:Z3oqw9ysqTeRQJq5wFCp@hub-cloud.browserstack.com/wd/hub' with type 'Selenium'

2019-06-19 15:51:10 - [MESSAGE][PASSED] - Browser is opened with url: ''

2019-06-19 15:51:10 - [TEST_STEP][PASSED] - navigateToUrl("https://ocs.ca/?fts=0&preview_theme_id=72920106828"): Navigate to 'https://ocs.ca/?fts=0&preview_theme_id=72920106828' successfully

2019-06-19 15:51:15 - [MESSAGE][PASSED] - Navigate to 'https://ocs.ca/?fts=0&preview_theme_id=72920106828' successfully

2019-06-19 15:51:15 - [TEST_STEP][PASSED] - executeJavaScript("var previewBar = document.getElementById("preview-bar-iframe"); previewBar.style.display = "none";", []): Execute JavaScript 'var previewBar = document.getElementById("preview-bar-iframe"); previewBar.style.display = "none";' successfully

2019-06-19 15:51:15 - [MESSAGE][PASSED] - Execute JavaScript 'var previewBar = document.getElementById("preview-bar-iframe"); previewBar.style.display = "none";' successfully

2019-06-19 15:51:15 - [TEST_STEP][PASSED] - setViewPortSize(360, 800): Viewport is set to new size with width = 360 and height = 800

2019-06-19 15:51:16 - [MESSAGE][PASSED] - Viewport is set to new size with width = 360 and height = 800

2019-06-19 15:51:16 - [TEST_STEP][PASSED] - delay(4): Delayed 4 second(s)

2019-06-19 15:51:20 - [MESSAGE][PASSED] - Delayed 4 second(s)

2019-06-19 15:51:20 - [TEST_STEP][PASSED] - selectOptionByValue(findTestObject("OCS-MOBILE /Age gate and burger menu/Date"), "12", true): All options with value '12' are selected in object 'Object Repository/OCS-MOBILE /Age gate and burger menu/Date'  using regular expression

2019-06-19 15:51:25 - [MESSAGE][PASSED] - All options with value '12' are selected in object 'Object Repository/OCS-MOBILE /Age gate and burger menu/Date'  using regular expression

2019-06-19 15:51:25 - [TEST_STEP][PASSED] - selectOptionByValue(findTestObject("OCS-MOBILE /Age gate and burger menu/month"), "6", true): All options with value '6' are selected in object 'Object Repository/OCS-MOBILE /Age gate and burger menu/month'  using regular expression

2019-06-19 15:51:28 - [MESSAGE][PASSED] - All options with value '6' are selected in object 'Object Repository/OCS-MOBILE /Age gate and burger menu/month'  using regular expression

2019-06-19 15:51:28 - [TEST_STEP][PASSED] - delay(2): Delayed 2 second(s)

2019-06-19 15:51:30 - [MESSAGE][PASSED] - Delayed 2 second(s)

2019-06-19 15:51:30 - [TEST_STEP][PASSED] - selectOptionByValue(findTestObject("OCS-MOBILE /Age gate and burger menu/Year Dropdown"), "1990", true): All options with value '1990' are selected in object 'Object Repository/OCS-MOBILE /Age gate and burger menu/Year Dropdown'  using regular expression

2019-06-19 15:51:45 - [MESSAGE][PASSED] - All options with value '1990' are selected in object 'Object Repository/OCS-MOBILE /Age gate and burger menu/Year Dropdown'  using regular expression

2019-06-19 15:51:45 - [TEST_STEP][PASSED] - click(findTestObject("OCS-MOBILE /Age gate and Mega menu/button_Verify")): Object: 'Object Repository/OCS-MOBILE /Age gate and Mega menu/button_Verify' is clicked on

2019-06-19 15:51:45 - [MESSAGE][PASSED] - Object: 'Object Repository/OCS-MOBILE /Age gate and Mega menu/button_Verify' is clicked on

2019-06-19 15:51:45 - [TEST_STEP][PASSED] - click(findTestObject("OCS-MOBILE /Age gate and Mega menu/Checkbox_CONFIRM AND ACKNOWLEDGE")): Object: 'Object Repository/OCS-MOBILE /Age gate and Mega menu/Checkbox_CONFIRM AND ACKNOWLEDGE' is clicked on

2019-06-19 15:51:46 - [MESSAGE][PASSED] - Object: 'Object Repository/OCS-MOBILE /Age gate and Mega menu/Checkbox_CONFIRM AND ACKNOWLEDGE' is clicked on

2019-06-19 15:51:46 - [TEST_STEP][PASSED] - click(findTestObject("OCS-MOBILE /Age gate and Mega menu/button_CONFIRM")): Object: 'Object Repository/OCS-MOBILE /Age gate and Mega menu/button_CONFIRM' is clicked on

2019-06-19 15:51:46 - [MESSAGE][PASSED] - Object: 'Object Repository/OCS-MOBILE /Age gate and Mega menu/button_CONFIRM' is clicked on

2019-06-19 15:51:46 - [TEST_STEP][PASSED] - click(findTestObject("OCS-MOBILE /Age gate and Mega menu/button_Start Browsing")): Object: 'Object Repository/OCS-MOBILE /Age gate and Mega menu/button_Start Browsing' is clicked on

2019-06-19 15:51:46 - [MESSAGE][PASSED] - Object: 'Object Repository/OCS-MOBILE /Age gate and Mega menu/button_Start Browsing' is clicked on

2019-06-19 15:51:46 - [TEST_STEP][PASSED] - refresh(): Refresh successfully

2019-06-19 15:51:46 - [MESSAGE][PASSED] - Refresh successfully

2019-06-19 15:51:46 - [TEST_STEP][PASSED] - executeJavaScript("var previewBar = document.getElementById("preview-bar-iframe"); previewBar.style.display = "none";", []): Execute JavaScript 'var previewBar = document.getElementById("preview-bar-iframe"); previewBar.style.display = "none";' successfully

2019-06-19 15:51:49 - [MESSAGE][PASSED] - Execute JavaScript 'var previewBar = document.getElementById("preview-bar-iframe"); previewBar.style.display = "none";' successfully

2019-06-19 15:51:49 - [MESSAGE][PASSED] - Call Test Case 'Test Cases/OCS - MOBILE/CALL - AGE GATE' successfully

2019-06-19 15:51:49 - [TEST_STEP][PASSED] - delay(2): Delayed 2 second(s)

2019-06-19 15:51:51 - [MESSAGE][PASSED] - Delayed 2 second(s)

2019-06-19 15:51:51 - [TEST_STEP][PASSED] - click(findTestObject("OCS-MOBILE /Age gate and burger menu/Burger menu - English")): Object: 'Object Repository/OCS-MOBILE /Age gate and burger menu/Burger menu - English' is clicked on

2019-06-19 15:51:52 - [MESSAGE][PASSED] - Object: 'Object Repository/OCS-MOBILE /Age gate and burger menu/Burger menu - English' is clicked on

2019-06-19 15:51:52 - [TEST_STEP][PASSED] - delay(2): Delayed 2 second(s)

2019-06-19 15:51:54 - [MESSAGE][PASSED] - Delayed 2 second(s)

2019-06-19 15:51:54 - [TEST_STEP][PASSED] - click(findTestObject("OCS-MOBILE /Age gate and burger menu/Chevron_Cannabis")): Object: 'Object Repository/OCS-MOBILE /Age gate and burger menu/Chevron_Cannabis' is clicked on

2019-06-19 15:51:54 - [MESSAGE][PASSED] - Object: 'Object Repository/OCS-MOBILE /Age gate and burger menu/Chevron_Cannabis' is clicked on

2019-06-19 15:51:54 - [TEST_STEP][PASSED] - delay(2): Delayed 2 second(s)

2019-06-19 15:51:56 - [MESSAGE][PASSED] - Delayed 2 second(s)

2019-06-19 15:51:56 - [TEST_STEP][PASSED] - click(findTestObject("OCS-MOBILE /Age gate and burger menu/Dried Flower_Plus icon")): Object: 'Object Repository/OCS-MOBILE /Age gate and burger menu/Dried Flower_Plus icon' is clicked on

2019-06-19 15:51:57 - [MESSAGE][PASSED] - Object: 'Object Repository/OCS-MOBILE /Age gate and burger menu/Dried Flower_Plus icon' is clicked on

2019-06-19 15:51:57 - [TEST_STEP][PASSED] - delay(2): Delayed 2 second(s)

2019-06-19 15:51:59 - [MESSAGE][PASSED] - Delayed 2 second(s)

2019-06-19 15:51:59 - [TEST_STEP][PASSED] - click(findTestObject("OCS-MOBILE /Age gate and burger menu/Indica Dominant_Menu item")): Object: 'Object Repository/OCS-MOBILE /Age gate and burger menu/Indica Dominant_Menu item' is clicked on

2019-06-19 15:52:03 - [MESSAGE][PASSED] - Object: 'Object Repository/OCS-MOBILE /Age gate and burger menu/Indica Dominant_Menu item' is clicked on

2019-06-19 15:52:03 - [TEST_STEP][PASSED] - delay(2): Delayed 2 second(s)

2019-06-19 15:52:05 - [MESSAGE][PASSED] - Delayed 2 second(s)

2019-06-19 15:52:05 - [TEST_STEP][FAILED] - click(findTestObject("OCS-MOBILE /Collection page/Product image - 1st one")): click(findTestObject("OCS-MOBILE /Collection page/Product image - 1st one")) FAILED.
Reason:
com.kms.katalon.core.exception.StepFailedException: Unable to click on object 'Object Repository/OCS-MOBILE /Collection page/Product image - 1st one' (Root cause: org.openqa.selenium.WebDriverException: element click intercepted: Element <div class="product-tile__image">...</div> is not clickable at point (150, 544). Other element would receive the click: <iframe title="Preview Bar" id="preview-bar-iframe" src="https://ocs.ca/preview_bar" sandbox="allow-same-origin allow-scripts" style="position: fixed; bottom: 0px; left: 0px; z-index: 2147483647; width: 100%; border: none; box-shadow: rgba(0, 0, 0, 0.2) 0px -1px 3px; overflow: hidden; transform: translateY(0px); transition: transform 300ms ease 0s; height: 92px;"></iframe>
  (Session info: chrome=76.0.3809.25)
  (Driver info: chromedriver=76.0.3809.25 (a0c95f440512e06df1c9c206f2d79cc20be18bb1-refs/branch-heads/3809@{#271}),platform=Mac OS X 10.13.6 x86_64) (WARNING: The server did not provide any stacktrace information)
Command duration or timeout: 56 milliseconds
Build info: version: '2.53.0', revision: '35ae25b', time: '2016-03-15 17:00:58'
System info: host: 'mac-208-52-166-74.browserstack.com', ip: '208.52.166.74', os.name: 'Mac OS X', os.arch: 'x86_64', os.version: '10.13.6', java.version: '1.8.0_51'
Driver info: org.openqa.selenium.chrome.ChromeDriver
Capabilities [{mobileEmulationEnabled=false, timeouts={implicit=0, pageLoad=300000, script=30000}, hasTouchScreen=false, platform=MAC, acceptSslCerts=false, goog:chromeOptions={debuggerAddress=localhost:58601}, acceptInsecureCerts=false, webStorageEnabled=true, browserName=chrome, takesScreenshot=true, javascriptEnabled=true, setWindowRect=true, unexpectedAlertBehaviour=ignore, applicationCacheEnabled=false, rotatable=false, networkConnectionEnabled=false, chrome={chromedriverVersion=76.0.3809.25 (a0c95f440512e06df1c9c206f2d79cc20be18bb1-refs/branch-heads/3809@{#271}), userDataDir=/var/folders/3y/zz_w6_s56sl__vcrf3r5bhzr0000hr/T/.com.google.Chrome.1bcAW4}, takesHeapSnapshot=true, pageLoadStrategy=normal, strictFileInteractability=false, databaseEnabled=false, handlesAlerts=true, version=76.0.3809.25, browserConnectionEnabled=false, proxy={}, nativeEvents=true, locationContextEnabled=true, cssSelectorsEnabled=true}]
Session ID: 1deb7c2e230a09b19e20f3d1b8abd38d
Command duration or timeout: 0 milliseconds)
	at com.kms.katalon.core.keyword.internal.KeywordMain.stepFailed(KeywordMain.groovy:36)
	at com.kms.katalon.core.webui.keyword.internal.WebUIKeywordMain.stepFailed(WebUIKeywordMain.groovy:65)
	at com.kms.katalon.core.webui.keyword.internal.WebUIKeywordMain.runKeyword(WebUIKeywordMain.groovy:27)
	at com.kms.katalon.core.webui.keyword.builtin.ClickKeyword.click(ClickKeyword.groovy:86)
	at com.kms.katalon.core.webui.keyword.builtin.ClickKeyword.execute(ClickKeyword.groovy:67)
	at com.kms.katalon.core.keyword.internal.KeywordExecutor.executeKeywordForPlatform(KeywordExecutor.groovy:53)
	at com.kms.katalon.core.webui.keyword.WebUiBuiltInKeywords.click(WebUiBuiltInKeywords.groovy:616)
	at com.kms.katalon.core.webui.keyword.WebUiBuiltInKeywords$click$4.call(Unknown Source)
	at cart page-increase qty.run(cart page-increase qty:37)
	at com.kms.katalon.core.main.ScriptEngine.run(ScriptEngine.java:194)
	at com.kms.katalon.core.main.ScriptEngine.runScriptAsRawText(ScriptEngine.java:119)
	at com.kms.katalon.core.main.TestCaseExecutor.runScript(TestCaseExecutor.java:328)
	at com.kms.katalon.core.main.TestCaseExecutor.doExecute(TestCaseExecutor.java:319)
	at com.kms.katalon.core.main.TestCaseExecutor.processExecutionPhase(TestCaseExecutor.java:298)
	at com.kms.katalon.core.main.TestCaseExecutor.accessMainPhase(TestCaseExecutor.java:290)
	at com.kms.katalon.core.main.TestCaseExecutor.execute(TestCaseExecutor.java:224)
	at com.kms.katalon.core.main.TestSuiteExecutor.accessTestCaseMainPhase(TestSuiteExecutor.java:129)
	at com.kms.katalon.core.main.TestSuiteExecutor.accessTestSuiteMainPhase(TestSuiteExecutor.java:112)
	at com.kms.katalon.core.main.TestSuiteExecutor.execute(TestSuiteExecutor.java:81)
	at com.kms.katalon.core.main.TestCaseMain.startTestSuite(TestCaseMain.java:149)
	at com.kms.katalon.core.main.TestCaseMain$startTestSuite$0.call(Unknown Source)
	at TempTestSuite1560973018737.run(TempTestSuite1560973018737.groovy:36)


2019-06-19 15:52:09 - [MESSAGE][FAILED] - Unable to click on object 'Object Repository/OCS-MOBILE /Collection page/Product image - 1st one' (Root cause: org.openqa.selenium.WebDriverException: element click intercepted: Element <div class="product-tile__image">...</div> is not clickable at point (150, 544). Other element would receive the click: <iframe title="Preview Bar" id="preview-bar-iframe" src="https://ocs.ca/preview_bar" sandbox="allow-same-origin allow-scripts" style="position: fixed; bottom: 0px; left: 0px; z-index: 2147483647; width: 100%; border: none; box-shadow: rgba(0, 0, 0, 0.2) 0px -1px 3px; overflow: hidden; transform: translateY(0px); transition: transform 300ms ease 0s; height: 92px;"></iframe>
  (Session info: chrome=76.0.3809.25)
  (Driver info: chromedriver=76.0.3809.25 (a0c95f440512e06df1c9c206f2d79cc20be18bb1-refs/branch-heads/3809@{#271}),platform=Mac OS X 10.13.6 x86_64) (WARNING: The server did not provide any stacktrace information)
Command duration or timeout: 56 milliseconds
Build info: version: '2.53.0', revision: '35ae25b', time: '2016-03-15 17:00:58'
System info: host: 'mac-208-52-166-74.browserstack.com', ip: '208.52.166.74', os.name: 'Mac OS X', os.arch: 'x86_64', os.version: '10.13.6', java.version: '1.8.0_51'
Driver info: org.openqa.selenium.chrome.ChromeDriver
Capabilities [{mobileEmulationEnabled=false, timeouts={implicit=0, pageLoad=300000, script=30000}, hasTouchScreen=false, platform=MAC, acceptSslCerts=false, goog:chromeOptions={debuggerAddress=localhost:58601}, acceptInsecureCerts=false, webStorageEnabled=true, browserName=chrome, takesScreenshot=true, javascriptEnabled=true, setWindowRect=true, unexpectedAlertBehaviour=ignore, applicationCacheEnabled=false, rotatable=false, networkConnectionEnabled=false, chrome={chromedriverVersion=76.0.3809.25 (a0c95f440512e06df1c9c206f2d79cc20be18bb1-refs/branch-heads/3809@{#271}), userDataDir=/var/folders/3y/zz_w6_s56sl__vcrf3r5bhzr0000hr/T/.com.google.Chrome.1bcAW4}, takesHeapSnapshot=true, pageLoadStrategy=normal, strictFileInteractability=false, databaseEnabled=false, handlesAlerts=true, version=76.0.3809.25, browserConnectionEnabled=false, proxy={}, nativeEvents=true, locationContextEnabled=true, cssSelectorsEnabled=true}]
Session ID: 1deb7c2e230a09b19e20f3d1b8abd38d
Command duration or timeout: 0 milliseconds)
[[ATTACHMENT|/Users/sumankompelly/Relative xpath-Mobile/Reports/recordings - ( 1.10.2 )/20190619_153658/1560973927277.png]]

2019-06-19 15:52:09 - [MESSAGE][FAILED] - click(findTestObject("OCS-MOBILE /Collection page/Product image - 1st one")) FAILED.
Reason:
com.kms.katalon.core.exception.StepFailedException: Unable to click on object 'Object Repository/OCS-MOBILE /Collection page/Product image - 1st one' (Root cause: org.openqa.selenium.WebDriverException: element click intercepted: Element <div class="product-tile__image">...</div> is not clickable at point (150, 544). Other element would receive the click: <iframe title="Preview Bar" id="preview-bar-iframe" src="https://ocs.ca/preview_bar" sandbox="allow-same-origin allow-scripts" style="position: fixed; bottom: 0px; left: 0px; z-index: 2147483647; width: 100%; border: none; box-shadow: rgba(0, 0, 0, 0.2) 0px -1px 3px; overflow: hidden; transform: translateY(0px); transition: transform 300ms ease 0s; height: 92px;"></iframe>
  (Session info: chrome=76.0.3809.25)
  (Driver info: chromedriver=76.0.3809.25 (a0c95f440512e06df1c9c206f2d79cc20be18bb1-refs/branch-heads/3809@{#271}),platform=Mac OS X 10.13.6 x86_64) (WARNING: The server did not provide any stacktrace information)
Command duration or timeout: 56 milliseconds
Build info: version: '2.53.0', revision: '35ae25b', time: '2016-03-15 17:00:58'
System info: host: 'mac-208-52-166-74.browserstack.com', ip: '208.52.166.74', os.name: 'Mac OS X', os.arch: 'x86_64', os.version: '10.13.6', java.version: '1.8.0_51'
Driver info: org.openqa.selenium.chrome.ChromeDriver
Capabilities [{mobileEmulationEnabled=false, timeouts={implicit=0, pageLoad=300000, script=30000}, hasTouchScreen=false, platform=MAC, acceptSslCerts=false, goog:chromeOptions={debuggerAddress=localhost:58601}, acceptInsecureCerts=false, webStorageEnabled=true, browserName=chrome, takesScreenshot=true, javascriptEnabled=true, setWindowRect=true, unexpectedAlertBehaviour=ignore, applicationCacheEnabled=false, rotatable=false, networkConnectionEnabled=false, chrome={chromedriverVersion=76.0.3809.25 (a0c95f440512e06df1c9c206f2d79cc20be18bb1-refs/branch-heads/3809@{#271}), userDataDir=/var/folders/3y/zz_w6_s56sl__vcrf3r5bhzr0000hr/T/.com.google.Chrome.1bcAW4}, takesHeapSnapshot=true, pageLoadStrategy=normal, strictFileInteractability=false, databaseEnabled=false, handlesAlerts=true, version=76.0.3809.25, browserConnectionEnabled=false, proxy={}, nativeEvents=true, locationContextEnabled=true, cssSelectorsEnabled=true}]
Session ID: 1deb7c2e230a09b19e20f3d1b8abd38d
Command duration or timeout: 0 milliseconds)
	at com.kms.katalon.core.keyword.internal.KeywordMain.stepFailed(KeywordMain.groovy:36)
	at com.kms.katalon.core.webui.keyword.internal.WebUIKeywordMain.stepFailed(WebUIKeywordMain.groovy:65)
	at com.kms.katalon.core.webui.keyword.internal.WebUIKeywordMain.runKeyword(WebUIKeywordMain.groovy:27)
	at com.kms.katalon.core.webui.keyword.builtin.ClickKeyword.click(ClickKeyword.groovy:86)
	at com.kms.katalon.core.webui.keyword.builtin.ClickKeyword.execute(ClickKeyword.groovy:67)
	at com.kms.katalon.core.keyword.internal.KeywordExecutor.executeKeywordForPlatform(KeywordExecutor.groovy:53)
	at com.kms.katalon.core.webui.keyword.WebUiBuiltInKeywords.click(WebUiBuiltInKeywords.groovy:616)
	at com.kms.katalon.core.webui.keyword.WebUiBuiltInKeywords$click$4.call(Unknown Source)
	at cart page-increase qty.run(cart page-increase qty:37)
	at com.kms.katalon.core.main.ScriptEngine.run(ScriptEngine.java:194)
	at com.kms.katalon.core.main.ScriptEngine.runScriptAsRawText(ScriptEngine.java:119)
	at com.kms.katalon.core.main.TestCaseExecutor.runScript(TestCaseExecutor.java:328)
	at com.kms.katalon.core.main.TestCaseExecutor.doExecute(TestCaseExecutor.java:319)
	at com.kms.katalon.core.main.TestCaseExecutor.processExecutionPhase(TestCaseExecutor.java:298)
	at com.kms.katalon.core.main.TestCaseExecutor.accessMainPhase(TestCaseExecutor.java:290)
	at com.kms.katalon.core.main.TestCaseExecutor.execute(TestCaseExecutor.java:224)
	at com.kms.katalon.core.main.TestSuiteExecutor.accessTestCaseMainPhase(TestSuiteExecutor.java:129)
	at com.kms.katalon.core.main.TestSuiteExecutor.accessTestSuiteMainPhase(TestSuiteExecutor.java:112)
	at com.kms.katalon.core.main.TestSuiteExecutor.execute(TestSuiteExecutor.java:81)
	at com.kms.katalon.core.main.TestCaseMain.startTestSuite(TestCaseMain.java:149)
	at com.kms.katalon.core.main.TestCaseMain$startTestSuite$0.call(Unknown Source)
	at TempTestSuite1560973018737.run(TempTestSuite1560973018737.groovy:36)]]></system-out>
         <system-err><![CDATA[2019-06-19 15:51:04 - [TEST_CASE][FAILED] - Test Cases/OCS - MOBILE/OCS- CRITICAL PATH/cart page-increase qty: Test Cases/OCS - MOBILE/OCS- CRITICAL PATH/cart page-increase qty FAILED.
Reason:
com.kms.katalon.core.exception.StepFailedException: Unable to click on object 'Object Repository/OCS-MOBILE /Collection page/Product image - 1st one' (Root cause: org.openqa.selenium.WebDriverException: element click intercepted: Element <div class="product-tile__image">...</div> is not clickable at point (150, 544). Other element would receive the click: <iframe title="Preview Bar" id="preview-bar-iframe" src="https://ocs.ca/preview_bar" sandbox="allow-same-origin allow-scripts" style="position: fixed; bottom: 0px; left: 0px; z-index: 2147483647; width: 100%; border: none; box-shadow: rgba(0, 0, 0, 0.2) 0px -1px 3px; overflow: hidden; transform: translateY(0px); transition: transform 300ms ease 0s; height: 92px;"></iframe>
  (Session info: chrome=76.0.3809.25)
  (Driver info: chromedriver=76.0.3809.25 (a0c95f440512e06df1c9c206f2d79cc20be18bb1-refs/branch-heads/3809@{#271}),platform=Mac OS X 10.13.6 x86_64) (WARNING: The server did not provide any stacktrace information)
Command duration or timeout: 56 milliseconds
Build info: version: '2.53.0', revision: '35ae25b', time: '2016-03-15 17:00:58'
System info: host: 'mac-208-52-166-74.browserstack.com', ip: '208.52.166.74', os.name: 'Mac OS X', os.arch: 'x86_64', os.version: '10.13.6', java.version: '1.8.0_51'
Driver info: org.openqa.selenium.chrome.ChromeDriver
Capabilities [{mobileEmulationEnabled=false, timeouts={implicit=0, pageLoad=300000, script=30000}, hasTouchScreen=false, platform=MAC, acceptSslCerts=false, goog:chromeOptions={debuggerAddress=localhost:58601}, acceptInsecureCerts=false, webStorageEnabled=true, browserName=chrome, takesScreenshot=true, javascriptEnabled=true, setWindowRect=true, unexpectedAlertBehaviour=ignore, applicationCacheEnabled=false, rotatable=false, networkConnectionEnabled=false, chrome={chromedriverVersion=76.0.3809.25 (a0c95f440512e06df1c9c206f2d79cc20be18bb1-refs/branch-heads/3809@{#271}), userDataDir=/var/folders/3y/zz_w6_s56sl__vcrf3r5bhzr0000hr/T/.com.google.Chrome.1bcAW4}, takesHeapSnapshot=true, pageLoadStrategy=normal, strictFileInteractability=false, databaseEnabled=false, handlesAlerts=true, version=76.0.3809.25, browserConnectionEnabled=false, proxy={}, nativeEvents=true, locationContextEnabled=true, cssSelectorsEnabled=true}]
Session ID: 1deb7c2e230a09b19e20f3d1b8abd38d
Command duration or timeout: 0 milliseconds)
	at com.kms.katalon.core.keyword.internal.KeywordMain.stepFailed(KeywordMain.groovy:36)
	at com.kms.katalon.core.webui.keyword.internal.WebUIKeywordMain.stepFailed(WebUIKeywordMain.groovy:65)
	at com.kms.katalon.core.webui.keyword.internal.WebUIKeywordMain.runKeyword(WebUIKeywordMain.groovy:27)
	at com.kms.katalon.core.webui.keyword.builtin.ClickKeyword.click(ClickKeyword.groovy:86)
	at com.kms.katalon.core.webui.keyword.builtin.ClickKeyword.execute(ClickKeyword.groovy:67)
	at com.kms.katalon.core.keyword.internal.KeywordExecutor.executeKeywordForPlatform(KeywordExecutor.groovy:53)
	at com.kms.katalon.core.webui.keyword.WebUiBuiltInKeywords.click(WebUiBuiltInKeywords.groovy:616)
	at com.kms.katalon.core.webui.keyword.WebUiBuiltInKeywords$click$4.call(Unknown Source)
	at cart page-increase qty.run(cart page-increase qty:37)
	at com.kms.katalon.core.main.ScriptEngine.run(ScriptEngine.java:194)
	at com.kms.katalon.core.main.ScriptEngine.runScriptAsRawText(ScriptEngine.java:119)
	at com.kms.katalon.core.main.TestCaseExecutor.runScript(TestCaseExecutor.java:328)
	at com.kms.katalon.core.main.TestCaseExecutor.doExecute(TestCaseExecutor.java:319)
	at com.kms.katalon.core.main.TestCaseExecutor.processExecutionPhase(TestCaseExecutor.java:298)
	at com.kms.katalon.core.main.TestCaseExecutor.accessMainPhase(TestCaseExecutor.java:290)
	at com.kms.katalon.core.main.TestCaseExecutor.execute(TestCaseExecutor.java:224)
	at com.kms.katalon.core.main.TestSuiteExecutor.accessTestCaseMainPhase(TestSuiteExecutor.java:129)
	at com.kms.katalon.core.main.TestSuiteExecutor.accessTestSuiteMainPhase(TestSuiteExecutor.java:112)
	at com.kms.katalon.core.main.TestSuiteExecutor.execute(TestSuiteExecutor.java:81)
	at com.kms.katalon.core.main.TestCaseMain.startTestSuite(TestCaseMain.java:149)
	at com.kms.katalon.core.main.TestCaseMain$startTestSuite$0.call(Unknown Source)
	at TempTestSuite1560973018737.run(TempTestSuite1560973018737.groovy:36)]]></system-err>
      </testcase>
      <testcase name="Test Cases/OCS - MOBILE/OCS- HOME PAGE/Toggling language" classname="Test Cases/OCS - MOBILE/OCS- HOME PAGE/Toggling language" status="PASSED">
         <system-out><![CDATA[2019-06-19 15:52:09 - [TEST_CASE][PASSED] - Test Cases/OCS - MOBILE/OCS- HOME PAGE/Toggling language: Test Cases/OCS - MOBILE/OCS- HOME PAGE/Toggling language

2019-06-19 15:52:09 - [TEST_STEP][PASSED] - callTestCase(findTestCase("OCS - MOBILE/CALL - AGE GATE"), [:], STOP_ON_FAILURE): Call Test Case 'Test Cases/OCS - MOBILE/CALL - AGE GATE' successfully

2019-06-19 15:52:09 - [TEST_CASE][PASSED] - Test Cases/OCS - MOBILE/CALL - AGE GATE: Test Cases/OCS - MOBILE/CALL - AGE GATE

2019-06-19 15:52:09 - [TEST_STEP][PASSED] - openBrowser(""): Browser is opened with url: ''

2019-06-19 15:52:09 - [MESSAGE][WARNING] - A browser is already opened. Closing browser and opening a new one

2019-06-19 15:52:09 - [MESSAGE][INFO] - Starting 'Remote' driver

2019-06-19 15:52:09 - [MESSAGE][INFO] - User set preference: ['os', 'OS X']

2019-06-19 15:52:09 - [MESSAGE][INFO] - User set preference: ['os_version', 'High Sierra']

2019-06-19 15:52:09 - [MESSAGE][INFO] - User set preference: ['browser', 'Chrome']

2019-06-19 15:52:09 - [MESSAGE][INFO] - User set preference: ['browser_version', '76.0 beta']

2019-06-19 15:52:09 - [MESSAGE][INFO] - User set preference: ['browserstack.local', 'false']

2019-06-19 15:52:09 - [MESSAGE][INFO] - Connecting to remote web server 'https://dianatest3:Z3oqw9ysqTeRQJq5wFCp@hub-cloud.browserstack.com/wd/hub' with type 'Selenium'

2019-06-19 15:52:15 - [MESSAGE][PASSED] - Browser is opened with url: ''

2019-06-19 15:52:15 - [TEST_STEP][PASSED] - navigateToUrl("https://ocs.ca/?fts=0&preview_theme_id=72920106828"): Navigate to 'https://ocs.ca/?fts=0&preview_theme_id=72920106828' successfully

2019-06-19 15:52:21 - [MESSAGE][PASSED] - Navigate to 'https://ocs.ca/?fts=0&preview_theme_id=72920106828' successfully

2019-06-19 15:52:21 - [TEST_STEP][PASSED] - executeJavaScript("var previewBar = document.getElementById("preview-bar-iframe"); previewBar.style.display = "none";", []): Execute JavaScript 'var previewBar = document.getElementById("preview-bar-iframe"); previewBar.style.display = "none";' successfully

2019-06-19 15:52:21 - [MESSAGE][PASSED] - Execute JavaScript 'var previewBar = document.getElementById("preview-bar-iframe"); previewBar.style.display = "none";' successfully

2019-06-19 15:52:21 - [TEST_STEP][PASSED] - setViewPortSize(360, 800): Viewport is set to new size with width = 360 and height = 800

2019-06-19 15:52:22 - [MESSAGE][PASSED] - Viewport is set to new size with width = 360 and height = 800

2019-06-19 15:52:22 - [TEST_STEP][PASSED] - delay(4): Delayed 4 second(s)

2019-06-19 15:52:26 - [MESSAGE][PASSED] - Delayed 4 second(s)

2019-06-19 15:52:26 - [TEST_STEP][PASSED] - selectOptionByValue(findTestObject("OCS-MOBILE /Age gate and burger menu/Date"), "12", true): All options with value '12' are selected in object 'Object Repository/OCS-MOBILE /Age gate and burger menu/Date'  using regular expression

2019-06-19 15:52:36 - [MESSAGE][PASSED] - All options with value '12' are selected in object 'Object Repository/OCS-MOBILE /Age gate and burger menu/Date'  using regular expression

2019-06-19 15:52:36 - [TEST_STEP][PASSED] - selectOptionByValue(findTestObject("OCS-MOBILE /Age gate and burger menu/month"), "6", true): All options with value '6' are selected in object 'Object Repository/OCS-MOBILE /Age gate and burger menu/month'  using regular expression

2019-06-19 15:52:39 - [MESSAGE][PASSED] - All options with value '6' are selected in object 'Object Repository/OCS-MOBILE /Age gate and burger menu/month'  using regular expression

2019-06-19 15:52:39 - [TEST_STEP][PASSED] - delay(2): Delayed 2 second(s)

2019-06-19 15:52:41 - [MESSAGE][PASSED] - Delayed 2 second(s)

2019-06-19 15:52:41 - [TEST_STEP][PASSED] - selectOptionByValue(findTestObject("OCS-MOBILE /Age gate and burger menu/Year Dropdown"), "1990", true): All options with value '1990' are selected in object 'Object Repository/OCS-MOBILE /Age gate and burger menu/Year Dropdown'  using regular expression

2019-06-19 15:53:01 - [MESSAGE][PASSED] - All options with value '1990' are selected in object 'Object Repository/OCS-MOBILE /Age gate and burger menu/Year Dropdown'  using regular expression

2019-06-19 15:53:01 - [TEST_STEP][PASSED] - click(findTestObject("OCS-MOBILE /Age gate and Mega menu/button_Verify")): Object: 'Object Repository/OCS-MOBILE /Age gate and Mega menu/button_Verify' is clicked on

2019-06-19 15:53:01 - [MESSAGE][PASSED] - Object: 'Object Repository/OCS-MOBILE /Age gate and Mega menu/button_Verify' is clicked on

2019-06-19 15:53:01 - [TEST_STEP][PASSED] - click(findTestObject("OCS-MOBILE /Age gate and Mega menu/Checkbox_CONFIRM AND ACKNOWLEDGE")): Object: 'Object Repository/OCS-MOBILE /Age gate and Mega menu/Checkbox_CONFIRM AND ACKNOWLEDGE' is clicked on

2019-06-19 15:53:01 - [MESSAGE][PASSED] - Object: 'Object Repository/OCS-MOBILE /Age gate and Mega menu/Checkbox_CONFIRM AND ACKNOWLEDGE' is clicked on

2019-06-19 15:53:01 - [TEST_STEP][PASSED] - click(findTestObject("OCS-MOBILE /Age gate and Mega menu/button_CONFIRM")): Object: 'Object Repository/OCS-MOBILE /Age gate and Mega menu/button_CONFIRM' is clicked on

2019-06-19 15:53:01 - [MESSAGE][PASSED] - Object: 'Object Repository/OCS-MOBILE /Age gate and Mega menu/button_CONFIRM' is clicked on

2019-06-19 15:53:01 - [TEST_STEP][PASSED] - click(findTestObject("OCS-MOBILE /Age gate and Mega menu/button_Start Browsing")): Object: 'Object Repository/OCS-MOBILE /Age gate and Mega menu/button_Start Browsing' is clicked on

2019-06-19 15:53:02 - [MESSAGE][PASSED] - Object: 'Object Repository/OCS-MOBILE /Age gate and Mega menu/button_Start Browsing' is clicked on

2019-06-19 15:53:02 - [TEST_STEP][PASSED] - refresh(): Refresh successfully

2019-06-19 15:53:02 - [MESSAGE][PASSED] - Refresh successfully

2019-06-19 15:53:02 - [TEST_STEP][PASSED] - executeJavaScript("var previewBar = document.getElementById("preview-bar-iframe"); previewBar.style.display = "none";", []): Execute JavaScript 'var previewBar = document.getElementById("preview-bar-iframe"); previewBar.style.display = "none";' successfully

2019-06-19 15:53:05 - [MESSAGE][PASSED] - Execute JavaScript 'var previewBar = document.getElementById("preview-bar-iframe"); previewBar.style.display = "none";' successfully

2019-06-19 15:53:05 - [MESSAGE][PASSED] - Call Test Case 'Test Cases/OCS - MOBILE/CALL - AGE GATE' successfully

2019-06-19 15:53:05 - [TEST_STEP][PASSED] - executeJavaScript("var previewBar = document.getElementById("preview-bar-iframe"); previewBar.style.display = "none";", []): Execute JavaScript 'var previewBar = document.getElementById("preview-bar-iframe"); previewBar.style.display = "none";' successfully

2019-06-19 15:53:05 - [MESSAGE][PASSED] - Execute JavaScript 'var previewBar = document.getElementById("preview-bar-iframe"); previewBar.style.display = "none";' successfully

2019-06-19 15:53:05 - [TEST_STEP][PASSED] - delay(2): Delayed 2 second(s)

2019-06-19 15:53:07 - [MESSAGE][PASSED] - Delayed 2 second(s)

2019-06-19 15:53:07 - [TEST_STEP][NOT_RUN] - refresh(): NOT_RUN: refresh()

2019-06-19 15:53:07 - [MESSAGE][NOT_RUN] - NOT_RUN: refresh()

2019-06-19 15:53:07 - [TEST_STEP][PASSED] - click(findTestObject("OCS-MOBILE /Age gate and burger menu/Burger menu - English")): Object: 'Object Repository/OCS-MOBILE /Age gate and burger menu/Burger menu - English' is clicked on

2019-06-19 15:53:07 - [MESSAGE][PASSED] - Object: 'Object Repository/OCS-MOBILE /Age gate and burger menu/Burger menu - English' is clicked on

2019-06-19 15:53:07 - [TEST_STEP][PASSED] - delay(2): Delayed 2 second(s)

2019-06-19 15:53:09 - [MESSAGE][PASSED] - Delayed 2 second(s)

2019-06-19 15:53:09 - [TEST_STEP][PASSED] - click(findTestObject("OCS-MOBILE /Cart flyout/English dropdown")): Object: 'Object Repository/OCS-MOBILE /Cart flyout/English dropdown' is clicked on

2019-06-19 15:53:10 - [MESSAGE][PASSED] - Object: 'Object Repository/OCS-MOBILE /Cart flyout/English dropdown' is clicked on

2019-06-19 15:53:10 - [TEST_STEP][PASSED] - delay(2): Delayed 2 second(s)

2019-06-19 15:53:12 - [MESSAGE][PASSED] - Delayed 2 second(s)

2019-06-19 15:53:12 - [TEST_STEP][PASSED] - executeJavaScript("var previewBar = document.getElementById("preview-bar-iframe"); previewBar.style.display = "none";", []): Execute JavaScript 'var previewBar = document.getElementById("preview-bar-iframe"); previewBar.style.display = "none";' successfully

2019-06-19 15:53:12 - [MESSAGE][PASSED] - Execute JavaScript 'var previewBar = document.getElementById("preview-bar-iframe"); previewBar.style.display = "none";' successfully

2019-06-19 15:53:12 - [TEST_STEP][PASSED] - click(findTestObject("OCS-MOBILE /Cart flyout/Select French")): Object: 'Object Repository/OCS-MOBILE /Cart flyout/Select French' is clicked on

2019-06-19 15:53:12 - [MESSAGE][PASSED] - Object: 'Object Repository/OCS-MOBILE /Cart flyout/Select French' is clicked on

2019-06-19 15:53:12 - [TEST_STEP][PASSED] - delay(5): Delayed 5 second(s)

2019-06-19 15:53:17 - [MESSAGE][PASSED] - Delayed 5 second(s)

2019-06-19 15:53:17 - [TEST_STEP][PASSED] - a = getWindowTitle(): Current window's title is: 'Magasin de Cannabis de l'Ontario | Ontario Cannabis Store'

2019-06-19 15:53:17 - [MESSAGE][PASSED] - Current window's title is: 'Magasin de Cannabis de l'Ontario | Ontario Cannabis Store'

2019-06-19 15:53:17 - [TEST_STEP][PASSED] - comment("a = " + a): a = Magasin de Cannabis de l'Ontario | Ontario Cannabis Store

2019-06-19 15:53:17 - [MESSAGE][INFO] - a = Magasin de Cannabis de l'Ontario | Ontario Cannabis Store

2019-06-19 15:53:17 - [TEST_STEP][PASSED] - b = "Magasin de Cannabis de l'Ontario | Ontario Cannabis Store": null

2019-06-19 15:53:17 - [TEST_STEP][PASSED] - delay(2): Delayed 2 second(s)

2019-06-19 15:53:19 - [MESSAGE][PASSED] - Delayed 2 second(s)

2019-06-19 15:53:19 - [TEST_STEP][PASSED] - flag1 = verifyMatch(a, b, false): Actual text 'Magasin de Cannabis de l'Ontario | Ontario Cannabis Store' and expected text 'Magasin de Cannabis de l'Ontario | Ontario Cannabis Store' are matched 

2019-06-19 15:53:19 - [MESSAGE][PASSED] - Actual text 'Magasin de Cannabis de l'Ontario | Ontario Cannabis Store' and expected text 'Magasin de Cannabis de l'Ontario | Ontario Cannabis Store' are matched 

2019-06-19 15:53:19 - [TEST_STEP][PASSED] - comment("flag = " + flag1): flag = true

2019-06-19 15:53:19 - [MESSAGE][INFO] - flag = true

2019-06-19 15:53:19 - [TEST_STEP][PASSED] - if (flag1 == true): translated  to french

2019-06-19 15:53:19 - [TEST_STEP][PASSED] - comment("translated  to french"): translated  to french

2019-06-19 15:53:19 - [MESSAGE][INFO] - translated  to french

2019-06-19 15:53:19 - [TEST_STEP][PASSED] - delay(2): Delayed 2 second(s)

2019-06-19 15:53:21 - [MESSAGE][PASSED] - Delayed 2 second(s)

2019-06-19 15:53:21 - [TEST_STEP][PASSED] - click(findTestObject("OCS-MOBILE /Age gate and burger menu/Burger menu - French")): Object: 'Object Repository/OCS-MOBILE /Age gate and burger menu/Burger menu - French' is clicked on

2019-06-19 15:53:21 - [MESSAGE][PASSED] - Object: 'Object Repository/OCS-MOBILE /Age gate and burger menu/Burger menu - French' is clicked on

2019-06-19 15:53:21 - [TEST_STEP][PASSED] - delay(2): Delayed 2 second(s)

2019-06-19 15:53:23 - [MESSAGE][PASSED] - Delayed 2 second(s)

2019-06-19 15:53:23 - [TEST_STEP][PASSED] - executeJavaScript("var previewBar = document.getElementById("preview-bar-iframe"); previewBar.style.display = "none";", []): Execute JavaScript 'var previewBar = document.getElementById("preview-bar-iframe"); previewBar.style.display = "none";' successfully

2019-06-19 15:53:23 - [MESSAGE][PASSED] - Execute JavaScript 'var previewBar = document.getElementById("preview-bar-iframe"); previewBar.style.display = "none";' successfully

2019-06-19 15:53:23 - [TEST_STEP][PASSED] - delay(1, OPTIONAL): Delayed 1 second(s)

2019-06-19 15:53:24 - [MESSAGE][PASSED] - Delayed 1 second(s)

2019-06-19 15:53:24 - [TEST_STEP][PASSED] - click(findTestObject("OCS-MOBILE /Cart flyout/French dropdown")): Object: 'Object Repository/OCS-MOBILE /Cart flyout/French dropdown' is clicked on

2019-06-19 15:53:25 - [MESSAGE][PASSED] - Object: 'Object Repository/OCS-MOBILE /Cart flyout/French dropdown' is clicked on

2019-06-19 15:53:25 - [TEST_STEP][PASSED] - delay(2): Delayed 2 second(s)

2019-06-19 15:53:27 - [MESSAGE][PASSED] - Delayed 2 second(s)

2019-06-19 15:53:27 - [TEST_STEP][PASSED] - click(findTestObject("OCS-MOBILE /Cart flyout/Select English")): Object: 'Object Repository/OCS-MOBILE /Cart flyout/Select English' is clicked on

2019-06-19 15:53:27 - [MESSAGE][PASSED] - Object: 'Object Repository/OCS-MOBILE /Cart flyout/Select English' is clicked on

2019-06-19 15:53:27 - [TEST_STEP][PASSED] - delay(5): Delayed 5 second(s)

2019-06-19 15:53:32 - [MESSAGE][PASSED] - Delayed 5 second(s)

2019-06-19 15:53:32 - [TEST_STEP][PASSED] - c = getWindowTitle(): Current window's title is: 'Ontario Cannabis Store | Ontario Cannabis Store'

2019-06-19 15:53:32 - [MESSAGE][PASSED] - Current window's title is: 'Ontario Cannabis Store | Ontario Cannabis Store'

2019-06-19 15:53:32 - [TEST_STEP][PASSED] - comment("c =" + c): c =Ontario Cannabis Store | Ontario Cannabis Store

2019-06-19 15:53:32 - [MESSAGE][INFO] - c =Ontario Cannabis Store | Ontario Cannabis Store

2019-06-19 15:53:32 - [TEST_STEP][PASSED] - d = "Ontario Cannabis Store | Ontario Cannabis Store": null

2019-06-19 15:53:32 - [TEST_STEP][PASSED] - comment("d =" + d): d =Ontario Cannabis Store | Ontario Cannabis Store

2019-06-19 15:53:32 - [MESSAGE][INFO] - d =Ontario Cannabis Store | Ontario Cannabis Store

2019-06-19 15:53:32 - [TEST_STEP][PASSED] - flag = verifyMatch(c, d, false): Actual text 'Ontario Cannabis Store | Ontario Cannabis Store' and expected text 'Ontario Cannabis Store | Ontario Cannabis Store' are matched 

2019-06-19 15:53:32 - [MESSAGE][PASSED] - Actual text 'Ontario Cannabis Store | Ontario Cannabis Store' and expected text 'Ontario Cannabis Store | Ontario Cannabis Store' are matched 

2019-06-19 15:53:32 - [TEST_STEP][PASSED] - comment(" flag = " + flag):  flag = true

2019-06-19 15:53:32 - [MESSAGE][INFO] -  flag = true

2019-06-19 15:53:32 - [TEST_STEP][PASSED] - if (flag == true):  Language changing is successful

2019-06-19 15:53:32 - [TEST_STEP][PASSED] - comment(" Language changing is successful"):  Language changing is successful

2019-06-19 15:53:32 - [MESSAGE][INFO] -  Language changing is successful]]></system-out>
         <system-err><![CDATA[]]></system-err>
      </testcase>
      <testcase name="Test Cases/OCS - MOBILE/OCS- HOME PAGE/HP-Burger menu-Accessories" classname="Test Cases/OCS - MOBILE/OCS- HOME PAGE/HP-Burger menu-Accessories" status="FAILED">
         <failure type="FAILED" message="Test Cases/OCS - MOBILE/OCS- HOME PAGE/HP-Burger menu-Accessories FAILED.
Reason:
com.kms.katalon.core.exception.StepFailedException: Unable to click on object 'Object Repository/OCS-MOBILE /Accessories page/new accessories' (Root cause: org.openqa.selenium.WebDriverException: element click intercepted: Element &lt;img class=&quot;menu__featured-item__image&quot; src=&quot;//cdn.shopify.com/s/files/1/2636/1928/files/wks10-12-MEGANAV-new-accessories_400x.jpg?v=1559916201&quot; data-src=&quot;//cdn.shopify.com/s/files/1/2636/1928/files/wks10-12-MEGANAV-new-accessories_400x.jpg?v=1559916201&quot; alt=&quot;New Accessories&quot;> is not clickable at point (25, 621). Other element would receive the click: &lt;iframe title=&quot;Preview Bar&quot; id=&quot;preview-bar-iframe&quot; src=&quot;https://ocs.ca/preview_bar&quot; sandbox=&quot;allow-same-origin allow-scripts&quot; style=&quot;position: fixed; bottom: 0px; left: 0px; z-index: 2147483647; width: 100%; border: none; box-shadow: rgba(0, 0, 0, 0.2) 0px -1px 3px; overflow: hidden; transform: translateY(0px); transition: transform 300ms ease 0s; height: 92px;&quot;>&lt;/iframe>
  (Session info: chrome=76.0.3809.25)
  (Driver info: chromedriver=76.0.3809.25 (a0c95f440512e06df1c9c206f2d79cc20be18bb1-refs/branch-heads/3809@{#271}),platform=Mac OS X 10.13.6 x86_64) (WARNING: The server did not provide any stacktrace information)
Command duration or timeout: 45 milliseconds
Build info: version: '2.53.0', revision: '35ae25b', time: '2016-03-15 17:00:58'
System info: host: 'mac-207-254-12-133.browserstack.com', ip: '207.254.12.133', os.name: 'Mac OS X', os.arch: 'x86_64', os.version: '10.13.6', java.version: '1.8.0_51'
Driver info: org.openqa.selenium.chrome.ChromeDriver
Capabilities [{mobileEmulationEnabled=false, timeouts={implicit=0, pageLoad=300000, script=30000}, hasTouchScreen=false, platform=MAC, acceptSslCerts=false, goog:chromeOptions={debuggerAddress=localhost:61821}, acceptInsecureCerts=false, webStorageEnabled=true, browserName=chrome, takesScreenshot=true, javascriptEnabled=true, setWindowRect=true, unexpectedAlertBehaviour=ignore, applicationCacheEnabled=false, rotatable=false, networkConnectionEnabled=false, chrome={chromedriverVersion=76.0.3809.25 (a0c95f440512e06df1c9c206f2d79cc20be18bb1-refs/branch-heads/3809@{#271}), userDataDir=/var/folders/3y/zz_w6_s56sl__vcrf3r5bhzr0000hr/T/.com.google.Chrome.Xrm5Nw}, takesHeapSnapshot=true, pageLoadStrategy=normal, strictFileInteractability=false, databaseEnabled=false, handlesAlerts=true, version=76.0.3809.25, browserConnectionEnabled=false, proxy={}, nativeEvents=true, locationContextEnabled=true, cssSelectorsEnabled=true}]
Session ID: f17e3632641a58717f9227d24b5d229b
Command duration or timeout: 0 milliseconds)
	at com.kms.katalon.core.keyword.internal.KeywordMain.stepFailed(KeywordMain.groovy:36)
	at com.kms.katalon.core.webui.keyword.internal.WebUIKeywordMain.stepFailed(WebUIKeywordMain.groovy:65)
	at com.kms.katalon.core.webui.keyword.internal.WebUIKeywordMain.runKeyword(WebUIKeywordMain.groovy:27)
	at com.kms.katalon.core.webui.keyword.builtin.ClickKeyword.click(ClickKeyword.groovy:86)
	at com.kms.katalon.core.webui.keyword.builtin.ClickKeyword.execute(ClickKeyword.groovy:67)
	at com.kms.katalon.core.keyword.internal.KeywordExecutor.executeKeywordForPlatform(KeywordExecutor.groovy:53)
	at com.kms.katalon.core.webui.keyword.WebUiBuiltInKeywords.click(WebUiBuiltInKeywords.groovy:616)
	at com.kms.katalon.core.webui.keyword.WebUiBuiltInKeywords$click$4.call(Unknown Source)
	at HP-Burger menu-Accessories.run(HP-Burger menu-Accessories:314)
	at com.kms.katalon.core.main.ScriptEngine.run(ScriptEngine.java:194)
	at com.kms.katalon.core.main.ScriptEngine.runScriptAsRawText(ScriptEngine.java:119)
	at com.kms.katalon.core.main.TestCaseExecutor.runScript(TestCaseExecutor.java:328)
	at com.kms.katalon.core.main.TestCaseExecutor.doExecute(TestCaseExecutor.java:319)
	at com.kms.katalon.core.main.TestCaseExecutor.processExecutionPhase(TestCaseExecutor.java:298)
	at com.kms.katalon.core.main.TestCaseExecutor.accessMainPhase(TestCaseExecutor.java:290)
	at com.kms.katalon.core.main.TestCaseExecutor.execute(TestCaseExecutor.java:224)
	at com.kms.katalon.core.main.TestSuiteExecutor.accessTestCaseMainPhase(TestSuiteExecutor.java:129)
	at com.kms.katalon.core.main.TestSuiteExecutor.accessTestSuiteMainPhase(TestSuiteExecutor.java:112)
	at com.kms.katalon.core.main.TestSuiteExecutor.execute(TestSuiteExecutor.java:81)
	at com.kms.katalon.core.main.TestCaseMain.startTestSuite(TestCaseMain.java:149)
	at com.kms.katalon.core.main.TestCaseMain$startTestSuite$0.call(Unknown Source)
	at TempTestSuite1560973018737.run(TempTestSuite1560973018737.groovy:36)
"/>
         <system-out><![CDATA[2019-06-19 15:53:32 - [TEST_CASE][FAILED] - Test Cases/OCS - MOBILE/OCS- HOME PAGE/HP-Burger menu-Accessories: Test Cases/OCS - MOBILE/OCS- HOME PAGE/HP-Burger menu-Accessories FAILED.
Reason:
com.kms.katalon.core.exception.StepFailedException: Unable to click on object 'Object Repository/OCS-MOBILE /Accessories page/new accessories' (Root cause: org.openqa.selenium.WebDriverException: element click intercepted: Element <img class="menu__featured-item__image" src="//cdn.shopify.com/s/files/1/2636/1928/files/wks10-12-MEGANAV-new-accessories_400x.jpg?v=1559916201" data-src="//cdn.shopify.com/s/files/1/2636/1928/files/wks10-12-MEGANAV-new-accessories_400x.jpg?v=1559916201" alt="New Accessories"> is not clickable at point (25, 621). Other element would receive the click: <iframe title="Preview Bar" id="preview-bar-iframe" src="https://ocs.ca/preview_bar" sandbox="allow-same-origin allow-scripts" style="position: fixed; bottom: 0px; left: 0px; z-index: 2147483647; width: 100%; border: none; box-shadow: rgba(0, 0, 0, 0.2) 0px -1px 3px; overflow: hidden; transform: translateY(0px); transition: transform 300ms ease 0s; height: 92px;"></iframe>
  (Session info: chrome=76.0.3809.25)
  (Driver info: chromedriver=76.0.3809.25 (a0c95f440512e06df1c9c206f2d79cc20be18bb1-refs/branch-heads/3809@{#271}),platform=Mac OS X 10.13.6 x86_64) (WARNING: The server did not provide any stacktrace information)
Command duration or timeout: 45 milliseconds
Build info: version: '2.53.0', revision: '35ae25b', time: '2016-03-15 17:00:58'
System info: host: 'mac-207-254-12-133.browserstack.com', ip: '207.254.12.133', os.name: 'Mac OS X', os.arch: 'x86_64', os.version: '10.13.6', java.version: '1.8.0_51'
Driver info: org.openqa.selenium.chrome.ChromeDriver
Capabilities [{mobileEmulationEnabled=false, timeouts={implicit=0, pageLoad=300000, script=30000}, hasTouchScreen=false, platform=MAC, acceptSslCerts=false, goog:chromeOptions={debuggerAddress=localhost:61821}, acceptInsecureCerts=false, webStorageEnabled=true, browserName=chrome, takesScreenshot=true, javascriptEnabled=true, setWindowRect=true, unexpectedAlertBehaviour=ignore, applicationCacheEnabled=false, rotatable=false, networkConnectionEnabled=false, chrome={chromedriverVersion=76.0.3809.25 (a0c95f440512e06df1c9c206f2d79cc20be18bb1-refs/branch-heads/3809@{#271}), userDataDir=/var/folders/3y/zz_w6_s56sl__vcrf3r5bhzr0000hr/T/.com.google.Chrome.Xrm5Nw}, takesHeapSnapshot=true, pageLoadStrategy=normal, strictFileInteractability=false, databaseEnabled=false, handlesAlerts=true, version=76.0.3809.25, browserConnectionEnabled=false, proxy={}, nativeEvents=true, locationContextEnabled=true, cssSelectorsEnabled=true}]
Session ID: f17e3632641a58717f9227d24b5d229b
Command duration or timeout: 0 milliseconds)
	at com.kms.katalon.core.keyword.internal.KeywordMain.stepFailed(KeywordMain.groovy:36)
	at com.kms.katalon.core.webui.keyword.internal.WebUIKeywordMain.stepFailed(WebUIKeywordMain.groovy:65)
	at com.kms.katalon.core.webui.keyword.internal.WebUIKeywordMain.runKeyword(WebUIKeywordMain.groovy:27)
	at com.kms.katalon.core.webui.keyword.builtin.ClickKeyword.click(ClickKeyword.groovy:86)
	at com.kms.katalon.core.webui.keyword.builtin.ClickKeyword.execute(ClickKeyword.groovy:67)
	at com.kms.katalon.core.keyword.internal.KeywordExecutor.executeKeywordForPlatform(KeywordExecutor.groovy:53)
	at com.kms.katalon.core.webui.keyword.WebUiBuiltInKeywords.click(WebUiBuiltInKeywords.groovy:616)
	at com.kms.katalon.core.webui.keyword.WebUiBuiltInKeywords$click$4.call(Unknown Source)
	at HP-Burger menu-Accessories.run(HP-Burger menu-Accessories:314)
	at com.kms.katalon.core.main.ScriptEngine.run(ScriptEngine.java:194)
	at com.kms.katalon.core.main.ScriptEngine.runScriptAsRawText(ScriptEngine.java:119)
	at com.kms.katalon.core.main.TestCaseExecutor.runScript(TestCaseExecutor.java:328)
	at com.kms.katalon.core.main.TestCaseExecutor.doExecute(TestCaseExecutor.java:319)
	at com.kms.katalon.core.main.TestCaseExecutor.processExecutionPhase(TestCaseExecutor.java:298)
	at com.kms.katalon.core.main.TestCaseExecutor.accessMainPhase(TestCaseExecutor.java:290)
	at com.kms.katalon.core.main.TestCaseExecutor.execute(TestCaseExecutor.java:224)
	at com.kms.katalon.core.main.TestSuiteExecutor.accessTestCaseMainPhase(TestSuiteExecutor.java:129)
	at com.kms.katalon.core.main.TestSuiteExecutor.accessTestSuiteMainPhase(TestSuiteExecutor.java:112)
	at com.kms.katalon.core.main.TestSuiteExecutor.execute(TestSuiteExecutor.java:81)
	at com.kms.katalon.core.main.TestCaseMain.startTestSuite(TestCaseMain.java:149)
	at com.kms.katalon.core.main.TestCaseMain$startTestSuite$0.call(Unknown Source)
	at TempTestSuite1560973018737.run(TempTestSuite1560973018737.groovy:36)


2019-06-19 15:53:32 - [TEST_STEP][PASSED] - callTestCase(findTestCase("OCS - MOBILE/CALL - AGE GATE"), [:], STOP_ON_FAILURE): Call Test Case 'Test Cases/OCS - MOBILE/CALL - AGE GATE' successfully

2019-06-19 15:53:32 - [TEST_CASE][PASSED] - Test Cases/OCS - MOBILE/CALL - AGE GATE: Test Cases/OCS - MOBILE/CALL - AGE GATE

2019-06-19 15:53:32 - [TEST_STEP][PASSED] - openBrowser(""): Browser is opened with url: ''

2019-06-19 15:53:32 - [MESSAGE][WARNING] - A browser is already opened. Closing browser and opening a new one

2019-06-19 15:53:33 - [MESSAGE][INFO] - Starting 'Remote' driver

2019-06-19 15:53:33 - [MESSAGE][INFO] - User set preference: ['os', 'OS X']

2019-06-19 15:53:33 - [MESSAGE][INFO] - User set preference: ['os_version', 'High Sierra']

2019-06-19 15:53:33 - [MESSAGE][INFO] - User set preference: ['browser', 'Chrome']

2019-06-19 15:53:33 - [MESSAGE][INFO] - User set preference: ['browser_version', '76.0 beta']

2019-06-19 15:53:33 - [MESSAGE][INFO] - User set preference: ['browserstack.local', 'false']

2019-06-19 15:53:33 - [MESSAGE][INFO] - Connecting to remote web server 'https://dianatest3:Z3oqw9ysqTeRQJq5wFCp@hub-cloud.browserstack.com/wd/hub' with type 'Selenium'

2019-06-19 15:53:37 - [MESSAGE][PASSED] - Browser is opened with url: ''

2019-06-19 15:53:37 - [TEST_STEP][PASSED] - navigateToUrl("https://ocs.ca/?fts=0&preview_theme_id=72920106828"): Navigate to 'https://ocs.ca/?fts=0&preview_theme_id=72920106828' successfully

2019-06-19 15:53:42 - [MESSAGE][PASSED] - Navigate to 'https://ocs.ca/?fts=0&preview_theme_id=72920106828' successfully

2019-06-19 15:53:42 - [TEST_STEP][PASSED] - executeJavaScript("var previewBar = document.getElementById("preview-bar-iframe"); previewBar.style.display = "none";", []): Execute JavaScript 'var previewBar = document.getElementById("preview-bar-iframe"); previewBar.style.display = "none";' successfully

2019-06-19 15:53:42 - [MESSAGE][PASSED] - Execute JavaScript 'var previewBar = document.getElementById("preview-bar-iframe"); previewBar.style.display = "none";' successfully

2019-06-19 15:53:42 - [TEST_STEP][PASSED] - setViewPortSize(360, 800): Viewport is set to new size with width = 360 and height = 800

2019-06-19 15:53:42 - [MESSAGE][PASSED] - Viewport is set to new size with width = 360 and height = 800

2019-06-19 15:53:42 - [TEST_STEP][PASSED] - delay(4): Delayed 4 second(s)

2019-06-19 15:53:46 - [MESSAGE][PASSED] - Delayed 4 second(s)

2019-06-19 15:53:46 - [TEST_STEP][PASSED] - selectOptionByValue(findTestObject("OCS-MOBILE /Age gate and burger menu/Date"), "12", true): All options with value '12' are selected in object 'Object Repository/OCS-MOBILE /Age gate and burger menu/Date'  using regular expression

2019-06-19 15:53:50 - [MESSAGE][PASSED] - All options with value '12' are selected in object 'Object Repository/OCS-MOBILE /Age gate and burger menu/Date'  using regular expression

2019-06-19 15:53:50 - [TEST_STEP][PASSED] - selectOptionByValue(findTestObject("OCS-MOBILE /Age gate and burger menu/month"), "6", true): All options with value '6' are selected in object 'Object Repository/OCS-MOBILE /Age gate and burger menu/month'  using regular expression

2019-06-19 15:53:53 - [MESSAGE][PASSED] - All options with value '6' are selected in object 'Object Repository/OCS-MOBILE /Age gate and burger menu/month'  using regular expression

2019-06-19 15:53:53 - [TEST_STEP][PASSED] - delay(2): Delayed 2 second(s)

2019-06-19 15:53:55 - [MESSAGE][PASSED] - Delayed 2 second(s)

2019-06-19 15:53:55 - [TEST_STEP][PASSED] - selectOptionByValue(findTestObject("OCS-MOBILE /Age gate and burger menu/Year Dropdown"), "1990", true): All options with value '1990' are selected in object 'Object Repository/OCS-MOBILE /Age gate and burger menu/Year Dropdown'  using regular expression

2019-06-19 15:54:08 - [MESSAGE][PASSED] - All options with value '1990' are selected in object 'Object Repository/OCS-MOBILE /Age gate and burger menu/Year Dropdown'  using regular expression

2019-06-19 15:54:08 - [TEST_STEP][PASSED] - click(findTestObject("OCS-MOBILE /Age gate and Mega menu/button_Verify")): Object: 'Object Repository/OCS-MOBILE /Age gate and Mega menu/button_Verify' is clicked on

2019-06-19 15:54:09 - [MESSAGE][PASSED] - Object: 'Object Repository/OCS-MOBILE /Age gate and Mega menu/button_Verify' is clicked on

2019-06-19 15:54:09 - [TEST_STEP][PASSED] - click(findTestObject("OCS-MOBILE /Age gate and Mega menu/Checkbox_CONFIRM AND ACKNOWLEDGE")): Object: 'Object Repository/OCS-MOBILE /Age gate and Mega menu/Checkbox_CONFIRM AND ACKNOWLEDGE' is clicked on

2019-06-19 15:54:09 - [MESSAGE][PASSED] - Object: 'Object Repository/OCS-MOBILE /Age gate and Mega menu/Checkbox_CONFIRM AND ACKNOWLEDGE' is clicked on

2019-06-19 15:54:09 - [TEST_STEP][PASSED] - click(findTestObject("OCS-MOBILE /Age gate and Mega menu/button_CONFIRM")): Object: 'Object Repository/OCS-MOBILE /Age gate and Mega menu/button_CONFIRM' is clicked on

2019-06-19 15:54:09 - [MESSAGE][PASSED] - Object: 'Object Repository/OCS-MOBILE /Age gate and Mega menu/button_CONFIRM' is clicked on

2019-06-19 15:54:09 - [TEST_STEP][PASSED] - click(findTestObject("OCS-MOBILE /Age gate and Mega menu/button_Start Browsing")): Object: 'Object Repository/OCS-MOBILE /Age gate and Mega menu/button_Start Browsing' is clicked on

2019-06-19 15:54:10 - [MESSAGE][PASSED] - Object: 'Object Repository/OCS-MOBILE /Age gate and Mega menu/button_Start Browsing' is clicked on

2019-06-19 15:54:10 - [TEST_STEP][PASSED] - refresh(): Refresh successfully

2019-06-19 15:54:10 - [MESSAGE][PASSED] - Refresh successfully

2019-06-19 15:54:10 - [TEST_STEP][PASSED] - executeJavaScript("var previewBar = document.getElementById("preview-bar-iframe"); previewBar.style.display = "none";", []): Execute JavaScript 'var previewBar = document.getElementById("preview-bar-iframe"); previewBar.style.display = "none";' successfully

2019-06-19 15:54:13 - [MESSAGE][PASSED] - Execute JavaScript 'var previewBar = document.getElementById("preview-bar-iframe"); previewBar.style.display = "none";' successfully

2019-06-19 15:54:13 - [MESSAGE][PASSED] - Call Test Case 'Test Cases/OCS - MOBILE/CALL - AGE GATE' successfully

2019-06-19 15:54:13 - [TEST_STEP][PASSED] - delay(2, CONTINUE_ON_FAILURE): Delayed 2 second(s)

2019-06-19 15:54:15 - [MESSAGE][PASSED] - Delayed 2 second(s)

2019-06-19 15:54:15 - [TEST_STEP][PASSED] - click(findTestObject("OCS-MOBILE /Age gate and burger menu/Burger menu - English"), CONTINUE_ON_FAILURE): Object: 'Object Repository/OCS-MOBILE /Age gate and burger menu/Burger menu - English' is clicked on

2019-06-19 15:54:16 - [MESSAGE][PASSED] - Object: 'Object Repository/OCS-MOBILE /Age gate and burger menu/Burger menu - English' is clicked on

2019-06-19 15:54:16 - [TEST_STEP][PASSED] - delay(2, CONTINUE_ON_FAILURE): Delayed 2 second(s)

2019-06-19 15:54:18 - [MESSAGE][PASSED] - Delayed 2 second(s)

2019-06-19 15:54:18 - [TEST_STEP][PASSED] - click(findTestObject("OCS-MOBILE /Accessories page/accessories Chevron"), STOP_ON_FAILURE): Object: 'Object Repository/OCS-MOBILE /Accessories page/accessories Chevron' is clicked on

2019-06-19 15:54:18 - [MESSAGE][PASSED] - Object: 'Object Repository/OCS-MOBILE /Accessories page/accessories Chevron' is clicked on

2019-06-19 15:54:18 - [TEST_STEP][PASSED] - delay(1, CONTINUE_ON_FAILURE): Delayed 1 second(s)

2019-06-19 15:54:19 - [MESSAGE][PASSED] - Delayed 1 second(s)

2019-06-19 15:54:19 - [TEST_STEP][PASSED] - click(findTestObject("OCS-MOBILE /Accessories page/Vaporizers"), CONTINUE_ON_FAILURE): Object: 'Object Repository/OCS-MOBILE /Accessories page/Vaporizers' is clicked on

2019-06-19 15:54:22 - [MESSAGE][PASSED] - Object: 'Object Repository/OCS-MOBILE /Accessories page/Vaporizers' is clicked on

2019-06-19 15:54:22 - [TEST_STEP][PASSED] - delay(1, CONTINUE_ON_FAILURE): Delayed 1 second(s)

2019-06-19 15:54:23 - [MESSAGE][PASSED] - Delayed 1 second(s)

2019-06-19 15:54:23 - [TEST_STEP][PASSED] - a = getWindowTitle(CONTINUE_ON_FAILURE): Current window's title is: 'Vaporizers | Ontario Cannabis Store'

2019-06-19 15:54:23 - [MESSAGE][PASSED] - Current window's title is: 'Vaporizers | Ontario Cannabis Store'

2019-06-19 15:54:23 - [TEST_STEP][PASSED] - comment(a): Vaporizers | Ontario Cannabis Store

2019-06-19 15:54:23 - [MESSAGE][INFO] - Vaporizers | Ontario Cannabis Store

2019-06-19 15:54:23 - [TEST_STEP][PASSED] - b = "Vaporizers | Ontario Cannabis Store": null

2019-06-19 15:54:23 - [TEST_STEP][PASSED] - comment(b): Vaporizers | Ontario Cannabis Store

2019-06-19 15:54:23 - [MESSAGE][INFO] - Vaporizers | Ontario Cannabis Store

2019-06-19 15:54:23 - [TEST_STEP][PASSED] - if (a == b): correct window page 

2019-06-19 15:54:23 - [TEST_STEP][PASSED] - comment("correct window page "): correct window page 

2019-06-19 15:54:23 - [MESSAGE][INFO] - correct window page 

2019-06-19 15:54:23 - [TEST_STEP][PASSED] - delay(1, CONTINUE_ON_FAILURE): Delayed 1 second(s)

2019-06-19 15:54:24 - [MESSAGE][PASSED] - Delayed 1 second(s)

2019-06-19 15:54:24 - [TEST_STEP][PASSED] - click(findTestObject("OCS-MOBILE /Age gate and burger menu/Burger menu - English"), CONTINUE_ON_FAILURE): Object: 'Object Repository/OCS-MOBILE /Age gate and burger menu/Burger menu - English' is clicked on

2019-06-19 15:54:24 - [MESSAGE][PASSED] - Object: 'Object Repository/OCS-MOBILE /Age gate and burger menu/Burger menu - English' is clicked on

2019-06-19 15:54:24 - [TEST_STEP][PASSED] - delay(2, CONTINUE_ON_FAILURE): Delayed 2 second(s)

2019-06-19 15:54:26 - [MESSAGE][PASSED] - Delayed 2 second(s)

2019-06-19 15:54:26 - [TEST_STEP][PASSED] - click(findTestObject("OCS-MOBILE /Accessories page/accessories Chevron"), CONTINUE_ON_FAILURE): Object: 'Object Repository/OCS-MOBILE /Accessories page/accessories Chevron' is clicked on

2019-06-19 15:54:26 - [MESSAGE][PASSED] - Object: 'Object Repository/OCS-MOBILE /Accessories page/accessories Chevron' is clicked on

2019-06-19 15:54:26 - [TEST_STEP][PASSED] - delay(1, CONTINUE_ON_FAILURE): Delayed 1 second(s)

2019-06-19 15:54:27 - [MESSAGE][PASSED] - Delayed 1 second(s)

2019-06-19 15:54:27 - [TEST_STEP][PASSED] - click(findTestObject("OCS-MOBILE /Accessories page/Bongs - water pipes"), CONTINUE_ON_FAILURE): Object: 'Object Repository/OCS-MOBILE /Accessories page/Bongs - water pipes' is clicked on

2019-06-19 15:54:31 - [MESSAGE][PASSED] - Object: 'Object Repository/OCS-MOBILE /Accessories page/Bongs - water pipes' is clicked on

2019-06-19 15:54:31 - [TEST_STEP][PASSED] - delay(1, CONTINUE_ON_FAILURE): Delayed 1 second(s)

2019-06-19 15:54:32 - [MESSAGE][PASSED] - Delayed 1 second(s)

2019-06-19 15:54:32 - [TEST_STEP][PASSED] - a1 = getWindowTitle(CONTINUE_ON_FAILURE): Current window's title is: 'Bongs & Water Pipes | Ontario Cannabis Store'

2019-06-19 15:54:32 - [MESSAGE][PASSED] - Current window's title is: 'Bongs & Water Pipes | Ontario Cannabis Store'

2019-06-19 15:54:32 - [TEST_STEP][PASSED] - comment(a1): Bongs & Water Pipes | Ontario Cannabis Store

2019-06-19 15:54:32 - [MESSAGE][INFO] - Bongs & Water Pipes | Ontario Cannabis Store

2019-06-19 15:54:32 - [TEST_STEP][PASSED] - b1 = "Bongs & Water Pipes | Ontario Cannabis Store": null

2019-06-19 15:54:32 - [TEST_STEP][PASSED] - comment(b1): Bongs & Water Pipes | Ontario Cannabis Store

2019-06-19 15:54:32 - [MESSAGE][INFO] - Bongs & Water Pipes | Ontario Cannabis Store

2019-06-19 15:54:32 - [TEST_STEP][PASSED] - if (a1 == b1): correct window page 

2019-06-19 15:54:32 - [TEST_STEP][PASSED] - comment("correct window page "): correct window page 

2019-06-19 15:54:32 - [MESSAGE][INFO] - correct window page 

2019-06-19 15:54:32 - [TEST_STEP][PASSED] - delay(1, CONTINUE_ON_FAILURE): Delayed 1 second(s)

2019-06-19 15:54:33 - [MESSAGE][PASSED] - Delayed 1 second(s)

2019-06-19 15:54:33 - [TEST_STEP][PASSED] - click(findTestObject("OCS-MOBILE /Age gate and burger menu/Burger menu - English"), CONTINUE_ON_FAILURE): Object: 'Object Repository/OCS-MOBILE /Age gate and burger menu/Burger menu - English' is clicked on

2019-06-19 15:54:33 - [MESSAGE][PASSED] - Object: 'Object Repository/OCS-MOBILE /Age gate and burger menu/Burger menu - English' is clicked on

2019-06-19 15:54:33 - [TEST_STEP][PASSED] - delay(2, CONTINUE_ON_FAILURE): Delayed 2 second(s)

2019-06-19 15:54:35 - [MESSAGE][PASSED] - Delayed 2 second(s)

2019-06-19 15:54:35 - [TEST_STEP][PASSED] - click(findTestObject("OCS-MOBILE /Accessories page/accessories Chevron"), CONTINUE_ON_FAILURE): Object: 'Object Repository/OCS-MOBILE /Accessories page/accessories Chevron' is clicked on

2019-06-19 15:54:36 - [MESSAGE][PASSED] - Object: 'Object Repository/OCS-MOBILE /Accessories page/accessories Chevron' is clicked on

2019-06-19 15:54:36 - [TEST_STEP][PASSED] - delay(1, CONTINUE_ON_FAILURE): Delayed 1 second(s)

2019-06-19 15:54:37 - [MESSAGE][PASSED] - Delayed 1 second(s)

2019-06-19 15:54:37 - [TEST_STEP][PASSED] - click(findTestObject("OCS-MOBILE /Accessories page/Handheld pipes"), CONTINUE_ON_FAILURE): Object: 'Object Repository/OCS-MOBILE /Accessories page/Handheld pipes' is clicked on

2019-06-19 15:54:39 - [MESSAGE][PASSED] - Object: 'Object Repository/OCS-MOBILE /Accessories page/Handheld pipes' is clicked on

2019-06-19 15:54:39 - [TEST_STEP][PASSED] - delay(1, CONTINUE_ON_FAILURE): Delayed 1 second(s)

2019-06-19 15:54:40 - [MESSAGE][PASSED] - Delayed 1 second(s)

2019-06-19 15:54:40 - [TEST_STEP][PASSED] - a11 = getWindowTitle(CONTINUE_ON_FAILURE): Current window's title is: 'Handheld Pipes | Ontario Cannabis Store'

2019-06-19 15:54:40 - [MESSAGE][PASSED] - Current window's title is: 'Handheld Pipes | Ontario Cannabis Store'

2019-06-19 15:54:40 - [TEST_STEP][PASSED] - comment(a11): Handheld Pipes | Ontario Cannabis Store

2019-06-19 15:54:40 - [MESSAGE][INFO] - Handheld Pipes | Ontario Cannabis Store

2019-06-19 15:54:40 - [TEST_STEP][PASSED] - b11 = "Handheld Pipes | Ontario Cannabis Store": null

2019-06-19 15:54:40 - [TEST_STEP][PASSED] - comment(b11): Handheld Pipes | Ontario Cannabis Store

2019-06-19 15:54:40 - [MESSAGE][INFO] - Handheld Pipes | Ontario Cannabis Store

2019-06-19 15:54:40 - [TEST_STEP][PASSED] - if (a11 == b11): correct window page 

2019-06-19 15:54:40 - [TEST_STEP][PASSED] - comment("correct window page "): correct window page 

2019-06-19 15:54:40 - [MESSAGE][INFO] - correct window page 

2019-06-19 15:54:40 - [TEST_STEP][PASSED] - delay(1, CONTINUE_ON_FAILURE): Delayed 1 second(s)

2019-06-19 15:54:41 - [MESSAGE][PASSED] - Delayed 1 second(s)

2019-06-19 15:54:41 - [TEST_STEP][PASSED] - click(findTestObject("OCS-MOBILE /Age gate and burger menu/Burger menu - English"), CONTINUE_ON_FAILURE): Object: 'Object Repository/OCS-MOBILE /Age gate and burger menu/Burger menu - English' is clicked on

2019-06-19 15:54:41 - [MESSAGE][PASSED] - Object: 'Object Repository/OCS-MOBILE /Age gate and burger menu/Burger menu - English' is clicked on

2019-06-19 15:54:41 - [TEST_STEP][PASSED] - delay(2, CONTINUE_ON_FAILURE): Delayed 2 second(s)

2019-06-19 15:54:43 - [MESSAGE][PASSED] - Delayed 2 second(s)

2019-06-19 15:54:43 - [TEST_STEP][PASSED] - click(findTestObject("OCS-MOBILE /Accessories page/accessories chevron"), CONTINUE_ON_FAILURE): Object: 'Object Repository/OCS-MOBILE /Accessories page/accessories chevron' is clicked on

2019-06-19 15:54:44 - [MESSAGE][PASSED] - Object: 'Object Repository/OCS-MOBILE /Accessories page/accessories chevron' is clicked on

2019-06-19 15:54:44 - [TEST_STEP][PASSED] - delay(1, CONTINUE_ON_FAILURE): Delayed 1 second(s)

2019-06-19 15:54:45 - [MESSAGE][PASSED] - Delayed 1 second(s)

2019-06-19 15:54:45 - [TEST_STEP][PASSED] - click(findTestObject("OCS-MOBILE /Accessories page/Papers -filters"), CONTINUE_ON_FAILURE): Object: 'Object Repository/OCS-MOBILE /Accessories page/Papers -filters' is clicked on

2019-06-19 15:54:47 - [MESSAGE][PASSED] - Object: 'Object Repository/OCS-MOBILE /Accessories page/Papers -filters' is clicked on

2019-06-19 15:54:47 - [TEST_STEP][PASSED] - delay(1, CONTINUE_ON_FAILURE): Delayed 1 second(s)

2019-06-19 15:54:48 - [MESSAGE][PASSED] - Delayed 1 second(s)

2019-06-19 15:54:48 - [TEST_STEP][PASSED] - a111 = getWindowTitle(CONTINUE_ON_FAILURE): Current window's title is: 'Papers & Filters | Ontario Cannabis Store'

2019-06-19 15:54:48 - [MESSAGE][PASSED] - Current window's title is: 'Papers & Filters | Ontario Cannabis Store'

2019-06-19 15:54:48 - [TEST_STEP][PASSED] - comment(a111): Papers & Filters | Ontario Cannabis Store

2019-06-19 15:54:48 - [MESSAGE][INFO] - Papers & Filters | Ontario Cannabis Store

2019-06-19 15:54:48 - [TEST_STEP][PASSED] - b111 = "Papers & Filters | Ontario Cannabis Store": null

2019-06-19 15:54:48 - [TEST_STEP][PASSED] - comment(b111): Papers & Filters | Ontario Cannabis Store

2019-06-19 15:54:48 - [MESSAGE][INFO] - Papers & Filters | Ontario Cannabis Store

2019-06-19 15:54:48 - [TEST_STEP][PASSED] - if (a111 == b111): correct window page 

2019-06-19 15:54:48 - [TEST_STEP][PASSED] - comment("correct window page "): correct window page 

2019-06-19 15:54:48 - [MESSAGE][INFO] - correct window page 

2019-06-19 15:54:48 - [TEST_STEP][PASSED] - delay(1, CONTINUE_ON_FAILURE): Delayed 1 second(s)

2019-06-19 15:54:49 - [MESSAGE][PASSED] - Delayed 1 second(s)

2019-06-19 15:54:49 - [TEST_STEP][PASSED] - click(findTestObject("OCS-MOBILE /Age gate and burger menu/Burger menu - English"), CONTINUE_ON_FAILURE): Object: 'Object Repository/OCS-MOBILE /Age gate and burger menu/Burger menu - English' is clicked on

2019-06-19 15:54:49 - [MESSAGE][PASSED] - Object: 'Object Repository/OCS-MOBILE /Age gate and burger menu/Burger menu - English' is clicked on

2019-06-19 15:54:49 - [TEST_STEP][PASSED] - delay(2, CONTINUE_ON_FAILURE): Delayed 2 second(s)

2019-06-19 15:54:51 - [MESSAGE][PASSED] - Delayed 2 second(s)

2019-06-19 15:54:51 - [TEST_STEP][PASSED] - click(findTestObject("OCS-MOBILE /Accessories page/accessories Chevron"), CONTINUE_ON_FAILURE): Object: 'Object Repository/OCS-MOBILE /Accessories page/accessories Chevron' is clicked on

2019-06-19 15:54:51 - [MESSAGE][PASSED] - Object: 'Object Repository/OCS-MOBILE /Accessories page/accessories Chevron' is clicked on

2019-06-19 15:54:51 - [TEST_STEP][PASSED] - delay(1, CONTINUE_ON_FAILURE): Delayed 1 second(s)

2019-06-19 15:54:52 - [MESSAGE][PASSED] - Delayed 1 second(s)

2019-06-19 15:54:52 - [TEST_STEP][PASSED] - click(findTestObject("OCS-MOBILE /Accessories page/Grinders"), CONTINUE_ON_FAILURE): Object: 'Object Repository/OCS-MOBILE /Accessories page/Grinders' is clicked on

2019-06-19 15:54:55 - [MESSAGE][PASSED] - Object: 'Object Repository/OCS-MOBILE /Accessories page/Grinders' is clicked on

2019-06-19 15:54:55 - [TEST_STEP][PASSED] - delay(1, CONTINUE_ON_FAILURE): Delayed 1 second(s)

2019-06-19 15:54:56 - [MESSAGE][PASSED] - Delayed 1 second(s)

2019-06-19 15:54:56 - [TEST_STEP][PASSED] - a1111 = getWindowTitle(CONTINUE_ON_FAILURE): Current window's title is: 'Grinders | Ontario Cannabis Store'

2019-06-19 15:54:56 - [MESSAGE][PASSED] - Current window's title is: 'Grinders | Ontario Cannabis Store'

2019-06-19 15:54:56 - [TEST_STEP][PASSED] - comment(a1111): Grinders | Ontario Cannabis Store

2019-06-19 15:54:56 - [MESSAGE][INFO] - Grinders | Ontario Cannabis Store

2019-06-19 15:54:56 - [TEST_STEP][PASSED] - b1111 = "Grinders | Ontario Cannabis Store": null

2019-06-19 15:54:56 - [TEST_STEP][PASSED] - comment(b1111): Grinders | Ontario Cannabis Store

2019-06-19 15:54:56 - [MESSAGE][INFO] - Grinders | Ontario Cannabis Store

2019-06-19 15:54:56 - [TEST_STEP][PASSED] - if (a1111 == b1111): correct window page 

2019-06-19 15:54:56 - [TEST_STEP][PASSED] - comment("correct window page "): correct window page 

2019-06-19 15:54:56 - [MESSAGE][INFO] - correct window page 

2019-06-19 15:54:56 - [TEST_STEP][PASSED] - delay(1, CONTINUE_ON_FAILURE): Delayed 1 second(s)

2019-06-19 15:54:57 - [MESSAGE][PASSED] - Delayed 1 second(s)

2019-06-19 15:54:57 - [TEST_STEP][PASSED] - click(findTestObject("OCS-MOBILE /Age gate and burger menu/Burger menu - English"), CONTINUE_ON_FAILURE): Object: 'Object Repository/OCS-MOBILE /Age gate and burger menu/Burger menu - English' is clicked on

2019-06-19 15:54:57 - [MESSAGE][PASSED] - Object: 'Object Repository/OCS-MOBILE /Age gate and burger menu/Burger menu - English' is clicked on

2019-06-19 15:54:57 - [TEST_STEP][PASSED] - delay(2, CONTINUE_ON_FAILURE): Delayed 2 second(s)

2019-06-19 15:54:59 - [MESSAGE][PASSED] - Delayed 2 second(s)

2019-06-19 15:54:59 - [TEST_STEP][PASSED] - click(findTestObject("OCS-MOBILE /Accessories page/accessories chevron"), CONTINUE_ON_FAILURE): Object: 'Object Repository/OCS-MOBILE /Accessories page/accessories chevron' is clicked on

2019-06-19 15:55:00 - [MESSAGE][PASSED] - Object: 'Object Repository/OCS-MOBILE /Accessories page/accessories chevron' is clicked on

2019-06-19 15:55:00 - [TEST_STEP][PASSED] - delay(1, CONTINUE_ON_FAILURE): Delayed 1 second(s)

2019-06-19 15:55:01 - [MESSAGE][PASSED] - Delayed 1 second(s)

2019-06-19 15:55:01 - [TEST_STEP][PASSED] - click(findTestObject("OCS-MOBILE /Accessories page/Tools -kits"), CONTINUE_ON_FAILURE): Object: 'Object Repository/OCS-MOBILE /Accessories page/Tools -kits' is clicked on

2019-06-19 15:55:03 - [MESSAGE][PASSED] - Object: 'Object Repository/OCS-MOBILE /Accessories page/Tools -kits' is clicked on

2019-06-19 15:55:03 - [TEST_STEP][PASSED] - delay(1, CONTINUE_ON_FAILURE): Delayed 1 second(s)

2019-06-19 15:55:04 - [MESSAGE][PASSED] - Delayed 1 second(s)

2019-06-19 15:55:04 - [TEST_STEP][PASSED] - a11111 = getWindowTitle(CONTINUE_ON_FAILURE): Current window's title is: 'Multi-Tools & Kits | Ontario Cannabis Store'

2019-06-19 15:55:04 - [MESSAGE][PASSED] - Current window's title is: 'Multi-Tools & Kits | Ontario Cannabis Store'

2019-06-19 15:55:04 - [TEST_STEP][PASSED] - comment(a11111): Multi-Tools & Kits | Ontario Cannabis Store

2019-06-19 15:55:04 - [MESSAGE][INFO] - Multi-Tools & Kits | Ontario Cannabis Store

2019-06-19 15:55:04 - [TEST_STEP][PASSED] - b11111 = "Multi-Tools & Kits | Ontario Cannabis Store": null

2019-06-19 15:55:04 - [TEST_STEP][PASSED] - comment(b11111): Multi-Tools & Kits | Ontario Cannabis Store

2019-06-19 15:55:04 - [MESSAGE][INFO] - Multi-Tools & Kits | Ontario Cannabis Store

2019-06-19 15:55:04 - [TEST_STEP][PASSED] - if (a11111 == b11111): correct window page 

2019-06-19 15:55:04 - [TEST_STEP][PASSED] - comment("correct window page "): correct window page 

2019-06-19 15:55:04 - [MESSAGE][INFO] - correct window page 

2019-06-19 15:55:04 - [TEST_STEP][PASSED] - delay(1, CONTINUE_ON_FAILURE): Delayed 1 second(s)

2019-06-19 15:55:05 - [MESSAGE][PASSED] - Delayed 1 second(s)

2019-06-19 15:55:05 - [TEST_STEP][PASSED] - click(findTestObject("OCS-MOBILE /Age gate and burger menu/Burger menu - English"), CONTINUE_ON_FAILURE): Object: 'Object Repository/OCS-MOBILE /Age gate and burger menu/Burger menu - English' is clicked on

2019-06-19 15:55:05 - [MESSAGE][PASSED] - Object: 'Object Repository/OCS-MOBILE /Age gate and burger menu/Burger menu - English' is clicked on

2019-06-19 15:55:05 - [TEST_STEP][PASSED] - delay(2, CONTINUE_ON_FAILURE): Delayed 2 second(s)

2019-06-19 15:55:07 - [MESSAGE][PASSED] - Delayed 2 second(s)

2019-06-19 15:55:07 - [TEST_STEP][PASSED] - click(findTestObject("OCS-MOBILE /Accessories page/accessories chevron"), CONTINUE_ON_FAILURE): Object: 'Object Repository/OCS-MOBILE /Accessories page/accessories chevron' is clicked on

2019-06-19 15:55:07 - [MESSAGE][PASSED] - Object: 'Object Repository/OCS-MOBILE /Accessories page/accessories chevron' is clicked on

2019-06-19 15:55:07 - [TEST_STEP][PASSED] - delay(1, CONTINUE_ON_FAILURE): Delayed 1 second(s)

2019-06-19 15:55:08 - [MESSAGE][PASSED] - Delayed 1 second(s)

2019-06-19 15:55:08 - [TEST_STEP][PASSED] - click(findTestObject("OCS-MOBILE /Accessories page/Cleaning supplies"), CONTINUE_ON_FAILURE): Object: 'Object Repository/OCS-MOBILE /Accessories page/Cleaning supplies' is clicked on

2019-06-19 15:55:11 - [MESSAGE][PASSED] - Object: 'Object Repository/OCS-MOBILE /Accessories page/Cleaning supplies' is clicked on

2019-06-19 15:55:11 - [TEST_STEP][PASSED] - delay(1, CONTINUE_ON_FAILURE): Delayed 1 second(s)

2019-06-19 15:55:12 - [MESSAGE][PASSED] - Delayed 1 second(s)

2019-06-19 15:55:12 - [TEST_STEP][PASSED] - a12 = getWindowTitle(CONTINUE_ON_FAILURE): Current window's title is: 'Cleaning Supplies | Ontario Cannabis Store'

2019-06-19 15:55:12 - [MESSAGE][PASSED] - Current window's title is: 'Cleaning Supplies | Ontario Cannabis Store'

2019-06-19 15:55:12 - [TEST_STEP][PASSED] - comment(a12): Cleaning Supplies | Ontario Cannabis Store

2019-06-19 15:55:12 - [MESSAGE][INFO] - Cleaning Supplies | Ontario Cannabis Store

2019-06-19 15:55:12 - [TEST_STEP][PASSED] - b12 = "Cleaning Supplies | Ontario Cannabis Store": null

2019-06-19 15:55:12 - [TEST_STEP][PASSED] - comment(b12): Cleaning Supplies | Ontario Cannabis Store

2019-06-19 15:55:12 - [MESSAGE][INFO] - Cleaning Supplies | Ontario Cannabis Store

2019-06-19 15:55:12 - [TEST_STEP][PASSED] - if (a12 == b12): correct window page 

2019-06-19 15:55:12 - [TEST_STEP][PASSED] - comment("correct window page "): correct window page 

2019-06-19 15:55:12 - [MESSAGE][INFO] - correct window page 

2019-06-19 15:55:12 - [TEST_STEP][PASSED] - delay(1, CONTINUE_ON_FAILURE): Delayed 1 second(s)

2019-06-19 15:55:13 - [MESSAGE][PASSED] - Delayed 1 second(s)

2019-06-19 15:55:13 - [TEST_STEP][PASSED] - click(findTestObject("OCS-MOBILE /Age gate and burger menu/Burger menu - English"), CONTINUE_ON_FAILURE): Object: 'Object Repository/OCS-MOBILE /Age gate and burger menu/Burger menu - English' is clicked on

2019-06-19 15:55:13 - [MESSAGE][PASSED] - Object: 'Object Repository/OCS-MOBILE /Age gate and burger menu/Burger menu - English' is clicked on

2019-06-19 15:55:13 - [TEST_STEP][PASSED] - delay(2, CONTINUE_ON_FAILURE): Delayed 2 second(s)

2019-06-19 15:55:15 - [MESSAGE][PASSED] - Delayed 2 second(s)

2019-06-19 15:55:15 - [TEST_STEP][PASSED] - click(findTestObject("OCS-MOBILE /Accessories page/accessories chevron"), CONTINUE_ON_FAILURE): Object: 'Object Repository/OCS-MOBILE /Accessories page/accessories chevron' is clicked on

2019-06-19 15:55:16 - [MESSAGE][PASSED] - Object: 'Object Repository/OCS-MOBILE /Accessories page/accessories chevron' is clicked on

2019-06-19 15:55:16 - [TEST_STEP][PASSED] - delay(1, CONTINUE_ON_FAILURE): Delayed 1 second(s)

2019-06-19 15:55:17 - [MESSAGE][PASSED] - Delayed 1 second(s)

2019-06-19 15:55:17 - [TEST_STEP][PASSED] - click(findTestObject("OCS-MOBILE /Accessories page/Storage"), CONTINUE_ON_FAILURE): Object: 'Object Repository/OCS-MOBILE /Accessories page/Storage' is clicked on

2019-06-19 15:55:19 - [MESSAGE][PASSED] - Object: 'Object Repository/OCS-MOBILE /Accessories page/Storage' is clicked on

2019-06-19 15:55:19 - [TEST_STEP][PASSED] - delay(1, CONTINUE_ON_FAILURE): Delayed 1 second(s)

2019-06-19 15:55:20 - [MESSAGE][PASSED] - Delayed 1 second(s)

2019-06-19 15:55:20 - [TEST_STEP][PASSED] - a13 = getWindowTitle(CONTINUE_ON_FAILURE): Current window's title is: 'Storage | Ontario Cannabis Store'

2019-06-19 15:55:20 - [MESSAGE][PASSED] - Current window's title is: 'Storage | Ontario Cannabis Store'

2019-06-19 15:55:20 - [TEST_STEP][PASSED] - comment(a13): Storage | Ontario Cannabis Store

2019-06-19 15:55:20 - [MESSAGE][INFO] - Storage | Ontario Cannabis Store

2019-06-19 15:55:20 - [TEST_STEP][PASSED] - b13 = "Storage | Ontario Cannabis Store": null

2019-06-19 15:55:20 - [TEST_STEP][PASSED] - comment(b): Vaporizers | Ontario Cannabis Store

2019-06-19 15:55:20 - [MESSAGE][INFO] - Vaporizers | Ontario Cannabis Store

2019-06-19 15:55:20 - [TEST_STEP][PASSED] - if (a13 == b13): correct window page 

2019-06-19 15:55:20 - [TEST_STEP][PASSED] - comment("correct window page "): correct window page 

2019-06-19 15:55:20 - [MESSAGE][INFO] - correct window page 

2019-06-19 15:55:20 - [TEST_STEP][PASSED] - delay(1, CONTINUE_ON_FAILURE): Delayed 1 second(s)

2019-06-19 15:55:21 - [MESSAGE][PASSED] - Delayed 1 second(s)

2019-06-19 15:55:21 - [TEST_STEP][PASSED] - click(findTestObject("OCS-MOBILE /Age gate and burger menu/Burger menu - English"), CONTINUE_ON_FAILURE): Object: 'Object Repository/OCS-MOBILE /Age gate and burger menu/Burger menu - English' is clicked on

2019-06-19 15:55:21 - [MESSAGE][PASSED] - Object: 'Object Repository/OCS-MOBILE /Age gate and burger menu/Burger menu - English' is clicked on

2019-06-19 15:55:21 - [TEST_STEP][PASSED] - delay(2, CONTINUE_ON_FAILURE): Delayed 2 second(s)

2019-06-19 15:55:23 - [MESSAGE][PASSED] - Delayed 2 second(s)

2019-06-19 15:55:23 - [TEST_STEP][PASSED] - click(findTestObject("OCS-MOBILE /Accessories page/accessories chevron"), CONTINUE_ON_FAILURE): Object: 'Object Repository/OCS-MOBILE /Accessories page/accessories chevron' is clicked on

2019-06-19 15:55:23 - [MESSAGE][PASSED] - Object: 'Object Repository/OCS-MOBILE /Accessories page/accessories chevron' is clicked on

2019-06-19 15:55:23 - [TEST_STEP][PASSED] - delay(1, CONTINUE_ON_FAILURE): Delayed 1 second(s)

2019-06-19 15:55:24 - [MESSAGE][PASSED] - Delayed 1 second(s)

2019-06-19 15:55:24 - [TEST_STEP][PASSED] - click(findTestObject("OCS-MOBILE /Accessories page/Trays"), CONTINUE_ON_FAILURE): Object: 'Object Repository/OCS-MOBILE /Accessories page/Trays' is clicked on

2019-06-19 15:55:26 - [MESSAGE][PASSED] - Object: 'Object Repository/OCS-MOBILE /Accessories page/Trays' is clicked on

2019-06-19 15:55:26 - [TEST_STEP][PASSED] - delay(1, CONTINUE_ON_FAILURE): Delayed 1 second(s)

2019-06-19 15:55:27 - [MESSAGE][PASSED] - Delayed 1 second(s)

2019-06-19 15:55:27 - [TEST_STEP][PASSED] - a14 = getWindowTitle(CONTINUE_ON_FAILURE): Current window's title is: 'Trays | Ontario Cannabis Store'

2019-06-19 15:55:27 - [MESSAGE][PASSED] - Current window's title is: 'Trays | Ontario Cannabis Store'

2019-06-19 15:55:27 - [TEST_STEP][PASSED] - comment(a14): Trays | Ontario Cannabis Store

2019-06-19 15:55:27 - [MESSAGE][INFO] - Trays | Ontario Cannabis Store

2019-06-19 15:55:27 - [TEST_STEP][PASSED] - b14 = "Trays | Ontario Cannabis Store": null

2019-06-19 15:55:27 - [TEST_STEP][PASSED] - comment(b14): Trays | Ontario Cannabis Store

2019-06-19 15:55:27 - [MESSAGE][INFO] - Trays | Ontario Cannabis Store

2019-06-19 15:55:27 - [TEST_STEP][PASSED] - if (a14 == b14): correct window page 

2019-06-19 15:55:27 - [TEST_STEP][PASSED] - comment("correct window page "): correct window page 

2019-06-19 15:55:27 - [MESSAGE][INFO] - correct window page 

2019-06-19 15:55:27 - [TEST_STEP][PASSED] - delay(1, CONTINUE_ON_FAILURE): Delayed 1 second(s)

2019-06-19 15:55:28 - [MESSAGE][PASSED] - Delayed 1 second(s)

2019-06-19 15:55:28 - [TEST_STEP][PASSED] - click(findTestObject("OCS-MOBILE /Age gate and burger menu/Burger menu - English"), CONTINUE_ON_FAILURE): Object: 'Object Repository/OCS-MOBILE /Age gate and burger menu/Burger menu - English' is clicked on

2019-06-19 15:55:29 - [MESSAGE][PASSED] - Object: 'Object Repository/OCS-MOBILE /Age gate and burger menu/Burger menu - English' is clicked on

2019-06-19 15:55:29 - [TEST_STEP][PASSED] - delay(2, CONTINUE_ON_FAILURE): Delayed 2 second(s)

2019-06-19 15:55:31 - [MESSAGE][PASSED] - Delayed 2 second(s)

2019-06-19 15:55:31 - [TEST_STEP][PASSED] - click(findTestObject("OCS-MOBILE /Accessories page/accessories chevron"), CONTINUE_ON_FAILURE): Object: 'Object Repository/OCS-MOBILE /Accessories page/accessories chevron' is clicked on

2019-06-19 15:55:31 - [MESSAGE][PASSED] - Object: 'Object Repository/OCS-MOBILE /Accessories page/accessories chevron' is clicked on

2019-06-19 15:55:31 - [TEST_STEP][PASSED] - delay(1, CONTINUE_ON_FAILURE): Delayed 1 second(s)

2019-06-19 15:55:32 - [MESSAGE][PASSED] - Delayed 1 second(s)

2019-06-19 15:55:32 - [TEST_STEP][PASSED] - click(findTestObject("OCS-MOBILE /Accessories page/Infusers"), CONTINUE_ON_FAILURE): Object: 'Object Repository/OCS-MOBILE /Accessories page/Infusers' is clicked on

2019-06-19 15:55:34 - [MESSAGE][PASSED] - Object: 'Object Repository/OCS-MOBILE /Accessories page/Infusers' is clicked on

2019-06-19 15:55:34 - [TEST_STEP][PASSED] - delay(1, CONTINUE_ON_FAILURE): Delayed 1 second(s)

2019-06-19 15:55:35 - [MESSAGE][PASSED] - Delayed 1 second(s)

2019-06-19 15:55:35 - [TEST_STEP][PASSED] - a15 = getWindowTitle(CONTINUE_ON_FAILURE): Current window's title is: 'Infusers | Ontario Cannabis Store'

2019-06-19 15:55:35 - [MESSAGE][PASSED] - Current window's title is: 'Infusers | Ontario Cannabis Store'

2019-06-19 15:55:35 - [TEST_STEP][PASSED] - comment(a15): Infusers | Ontario Cannabis Store

2019-06-19 15:55:35 - [MESSAGE][INFO] - Infusers | Ontario Cannabis Store

2019-06-19 15:55:35 - [TEST_STEP][PASSED] - b15 = "Infusers | Ontario Cannabis Store": null

2019-06-19 15:55:35 - [TEST_STEP][PASSED] - comment(b15): Infusers | Ontario Cannabis Store

2019-06-19 15:55:35 - [MESSAGE][INFO] - Infusers | Ontario Cannabis Store

2019-06-19 15:55:35 - [TEST_STEP][PASSED] - if (a15 == b15): correct window page 

2019-06-19 15:55:35 - [TEST_STEP][PASSED] - comment("correct window page "): correct window page 

2019-06-19 15:55:35 - [MESSAGE][INFO] - correct window page 

2019-06-19 15:55:35 - [TEST_STEP][PASSED] - delay(1, CONTINUE_ON_FAILURE): Delayed 1 second(s)

2019-06-19 15:55:36 - [MESSAGE][PASSED] - Delayed 1 second(s)

2019-06-19 15:55:36 - [TEST_STEP][PASSED] - click(findTestObject("OCS-MOBILE /Age gate and burger menu/Burger menu - English"), CONTINUE_ON_FAILURE): Object: 'Object Repository/OCS-MOBILE /Age gate and burger menu/Burger menu - English' is clicked on

2019-06-19 15:55:37 - [MESSAGE][PASSED] - Object: 'Object Repository/OCS-MOBILE /Age gate and burger menu/Burger menu - English' is clicked on

2019-06-19 15:55:37 - [TEST_STEP][PASSED] - delay(2, CONTINUE_ON_FAILURE): Delayed 2 second(s)

2019-06-19 15:55:39 - [MESSAGE][PASSED] - Delayed 2 second(s)

2019-06-19 15:55:39 - [TEST_STEP][PASSED] - click(findTestObject("OCS-MOBILE /Accessories page/accessories chevron"), CONTINUE_ON_FAILURE): Object: 'Object Repository/OCS-MOBILE /Accessories page/accessories chevron' is clicked on

2019-06-19 15:55:39 - [MESSAGE][PASSED] - Object: 'Object Repository/OCS-MOBILE /Accessories page/accessories chevron' is clicked on

2019-06-19 15:55:39 - [TEST_STEP][PASSED] - delay(1, CONTINUE_ON_FAILURE): Delayed 1 second(s)

2019-06-19 15:55:40 - [MESSAGE][PASSED] - Delayed 1 second(s)

2019-06-19 15:55:40 - [TEST_STEP][NOT_RUN] - executeJavaScript("var previewBar = document.getElementById("preview-bar-iframe"); previewBar.style.display = "none";", []): NOT_RUN: executeJavaScript("var previewBar = document.getElementById("preview-bar-iframe"); previewBar.style.display = "none";", [])

2019-06-19 15:55:40 - [MESSAGE][NOT_RUN] - NOT_RUN: executeJavaScript("var previewBar = document.getElementById("preview-bar-iframe"); previewBar.style.display = "none";", [])

2019-06-19 15:55:40 - [TEST_STEP][PASSED] - delay(1, CONTINUE_ON_FAILURE): Delayed 1 second(s)

2019-06-19 15:55:41 - [MESSAGE][PASSED] - Delayed 1 second(s)

2019-06-19 15:55:41 - [TEST_STEP][FAILED] - click(findTestObject("OCS-MOBILE /Accessories page/new accessories")): click(findTestObject("OCS-MOBILE /Accessories page/new accessories")) FAILED.
Reason:
com.kms.katalon.core.exception.StepFailedException: Unable to click on object 'Object Repository/OCS-MOBILE /Accessories page/new accessories' (Root cause: org.openqa.selenium.WebDriverException: element click intercepted: Element <img class="menu__featured-item__image" src="//cdn.shopify.com/s/files/1/2636/1928/files/wks10-12-MEGANAV-new-accessories_400x.jpg?v=1559916201" data-src="//cdn.shopify.com/s/files/1/2636/1928/files/wks10-12-MEGANAV-new-accessories_400x.jpg?v=1559916201" alt="New Accessories"> is not clickable at point (25, 621). Other element would receive the click: <iframe title="Preview Bar" id="preview-bar-iframe" src="https://ocs.ca/preview_bar" sandbox="allow-same-origin allow-scripts" style="position: fixed; bottom: 0px; left: 0px; z-index: 2147483647; width: 100%; border: none; box-shadow: rgba(0, 0, 0, 0.2) 0px -1px 3px; overflow: hidden; transform: translateY(0px); transition: transform 300ms ease 0s; height: 92px;"></iframe>
  (Session info: chrome=76.0.3809.25)
  (Driver info: chromedriver=76.0.3809.25 (a0c95f440512e06df1c9c206f2d79cc20be18bb1-refs/branch-heads/3809@{#271}),platform=Mac OS X 10.13.6 x86_64) (WARNING: The server did not provide any stacktrace information)
Command duration or timeout: 45 milliseconds
Build info: version: '2.53.0', revision: '35ae25b', time: '2016-03-15 17:00:58'
System info: host: 'mac-207-254-12-133.browserstack.com', ip: '207.254.12.133', os.name: 'Mac OS X', os.arch: 'x86_64', os.version: '10.13.6', java.version: '1.8.0_51'
Driver info: org.openqa.selenium.chrome.ChromeDriver
Capabilities [{mobileEmulationEnabled=false, timeouts={implicit=0, pageLoad=300000, script=30000}, hasTouchScreen=false, platform=MAC, acceptSslCerts=false, goog:chromeOptions={debuggerAddress=localhost:61821}, acceptInsecureCerts=false, webStorageEnabled=true, browserName=chrome, takesScreenshot=true, javascriptEnabled=true, setWindowRect=true, unexpectedAlertBehaviour=ignore, applicationCacheEnabled=false, rotatable=false, networkConnectionEnabled=false, chrome={chromedriverVersion=76.0.3809.25 (a0c95f440512e06df1c9c206f2d79cc20be18bb1-refs/branch-heads/3809@{#271}), userDataDir=/var/folders/3y/zz_w6_s56sl__vcrf3r5bhzr0000hr/T/.com.google.Chrome.Xrm5Nw}, takesHeapSnapshot=true, pageLoadStrategy=normal, strictFileInteractability=false, databaseEnabled=false, handlesAlerts=true, version=76.0.3809.25, browserConnectionEnabled=false, proxy={}, nativeEvents=true, locationContextEnabled=true, cssSelectorsEnabled=true}]
Session ID: f17e3632641a58717f9227d24b5d229b
Command duration or timeout: 0 milliseconds)
	at com.kms.katalon.core.keyword.internal.KeywordMain.stepFailed(KeywordMain.groovy:36)
	at com.kms.katalon.core.webui.keyword.internal.WebUIKeywordMain.stepFailed(WebUIKeywordMain.groovy:65)
	at com.kms.katalon.core.webui.keyword.internal.WebUIKeywordMain.runKeyword(WebUIKeywordMain.groovy:27)
	at com.kms.katalon.core.webui.keyword.builtin.ClickKeyword.click(ClickKeyword.groovy:86)
	at com.kms.katalon.core.webui.keyword.builtin.ClickKeyword.execute(ClickKeyword.groovy:67)
	at com.kms.katalon.core.keyword.internal.KeywordExecutor.executeKeywordForPlatform(KeywordExecutor.groovy:53)
	at com.kms.katalon.core.webui.keyword.WebUiBuiltInKeywords.click(WebUiBuiltInKeywords.groovy:616)
	at com.kms.katalon.core.webui.keyword.WebUiBuiltInKeywords$click$4.call(Unknown Source)
	at HP-Burger menu-Accessories.run(HP-Burger menu-Accessories:314)
	at com.kms.katalon.core.main.ScriptEngine.run(ScriptEngine.java:194)
	at com.kms.katalon.core.main.ScriptEngine.runScriptAsRawText(ScriptEngine.java:119)
	at com.kms.katalon.core.main.TestCaseExecutor.runScript(TestCaseExecutor.java:328)
	at com.kms.katalon.core.main.TestCaseExecutor.doExecute(TestCaseExecutor.java:319)
	at com.kms.katalon.core.main.TestCaseExecutor.processExecutionPhase(TestCaseExecutor.java:298)
	at com.kms.katalon.core.main.TestCaseExecutor.accessMainPhase(TestCaseExecutor.java:290)
	at com.kms.katalon.core.main.TestCaseExecutor.execute(TestCaseExecutor.java:224)
	at com.kms.katalon.core.main.TestSuiteExecutor.accessTestCaseMainPhase(TestSuiteExecutor.java:129)
	at com.kms.katalon.core.main.TestSuiteExecutor.accessTestSuiteMainPhase(TestSuiteExecutor.java:112)
	at com.kms.katalon.core.main.TestSuiteExecutor.execute(TestSuiteExecutor.java:81)
	at com.kms.katalon.core.main.TestCaseMain.startTestSuite(TestCaseMain.java:149)
	at com.kms.katalon.core.main.TestCaseMain$startTestSuite$0.call(Unknown Source)
	at TempTestSuite1560973018737.run(TempTestSuite1560973018737.groovy:36)


2019-06-19 15:55:42 - [MESSAGE][FAILED] - Unable to click on object 'Object Repository/OCS-MOBILE /Accessories page/new accessories' (Root cause: org.openqa.selenium.WebDriverException: element click intercepted: Element <img class="menu__featured-item__image" src="//cdn.shopify.com/s/files/1/2636/1928/files/wks10-12-MEGANAV-new-accessories_400x.jpg?v=1559916201" data-src="//cdn.shopify.com/s/files/1/2636/1928/files/wks10-12-MEGANAV-new-accessories_400x.jpg?v=1559916201" alt="New Accessories"> is not clickable at point (25, 621). Other element would receive the click: <iframe title="Preview Bar" id="preview-bar-iframe" src="https://ocs.ca/preview_bar" sandbox="allow-same-origin allow-scripts" style="position: fixed; bottom: 0px; left: 0px; z-index: 2147483647; width: 100%; border: none; box-shadow: rgba(0, 0, 0, 0.2) 0px -1px 3px; overflow: hidden; transform: translateY(0px); transition: transform 300ms ease 0s; height: 92px;"></iframe>
  (Session info: chrome=76.0.3809.25)
  (Driver info: chromedriver=76.0.3809.25 (a0c95f440512e06df1c9c206f2d79cc20be18bb1-refs/branch-heads/3809@{#271}),platform=Mac OS X 10.13.6 x86_64) (WARNING: The server did not provide any stacktrace information)
Command duration or timeout: 45 milliseconds
Build info: version: '2.53.0', revision: '35ae25b', time: '2016-03-15 17:00:58'
System info: host: 'mac-207-254-12-133.browserstack.com', ip: '207.254.12.133', os.name: 'Mac OS X', os.arch: 'x86_64', os.version: '10.13.6', java.version: '1.8.0_51'
Driver info: org.openqa.selenium.chrome.ChromeDriver
Capabilities [{mobileEmulationEnabled=false, timeouts={implicit=0, pageLoad=300000, script=30000}, hasTouchScreen=false, platform=MAC, acceptSslCerts=false, goog:chromeOptions={debuggerAddress=localhost:61821}, acceptInsecureCerts=false, webStorageEnabled=true, browserName=chrome, takesScreenshot=true, javascriptEnabled=true, setWindowRect=true, unexpectedAlertBehaviour=ignore, applicationCacheEnabled=false, rotatable=false, networkConnectionEnabled=false, chrome={chromedriverVersion=76.0.3809.25 (a0c95f440512e06df1c9c206f2d79cc20be18bb1-refs/branch-heads/3809@{#271}), userDataDir=/var/folders/3y/zz_w6_s56sl__vcrf3r5bhzr0000hr/T/.com.google.Chrome.Xrm5Nw}, takesHeapSnapshot=true, pageLoadStrategy=normal, strictFileInteractability=false, databaseEnabled=false, handlesAlerts=true, version=76.0.3809.25, browserConnectionEnabled=false, proxy={}, nativeEvents=true, locationContextEnabled=true, cssSelectorsEnabled=true}]
Session ID: f17e3632641a58717f9227d24b5d229b
Command duration or timeout: 0 milliseconds)
[[ATTACHMENT|/Users/sumankompelly/Relative xpath-Mobile/Reports/recordings - ( 1.10.2 )/20190619_153658/1560974141850.png]]

2019-06-19 15:55:42 - [MESSAGE][FAILED] - click(findTestObject("OCS-MOBILE /Accessories page/new accessories")) FAILED.
Reason:
com.kms.katalon.core.exception.StepFailedException: Unable to click on object 'Object Repository/OCS-MOBILE /Accessories page/new accessories' (Root cause: org.openqa.selenium.WebDriverException: element click intercepted: Element <img class="menu__featured-item__image" src="//cdn.shopify.com/s/files/1/2636/1928/files/wks10-12-MEGANAV-new-accessories_400x.jpg?v=1559916201" data-src="//cdn.shopify.com/s/files/1/2636/1928/files/wks10-12-MEGANAV-new-accessories_400x.jpg?v=1559916201" alt="New Accessories"> is not clickable at point (25, 621). Other element would receive the click: <iframe title="Preview Bar" id="preview-bar-iframe" src="https://ocs.ca/preview_bar" sandbox="allow-same-origin allow-scripts" style="position: fixed; bottom: 0px; left: 0px; z-index: 2147483647; width: 100%; border: none; box-shadow: rgba(0, 0, 0, 0.2) 0px -1px 3px; overflow: hidden; transform: translateY(0px); transition: transform 300ms ease 0s; height: 92px;"></iframe>
  (Session info: chrome=76.0.3809.25)
  (Driver info: chromedriver=76.0.3809.25 (a0c95f440512e06df1c9c206f2d79cc20be18bb1-refs/branch-heads/3809@{#271}),platform=Mac OS X 10.13.6 x86_64) (WARNING: The server did not provide any stacktrace information)
Command duration or timeout: 45 milliseconds
Build info: version: '2.53.0', revision: '35ae25b', time: '2016-03-15 17:00:58'
System info: host: 'mac-207-254-12-133.browserstack.com', ip: '207.254.12.133', os.name: 'Mac OS X', os.arch: 'x86_64', os.version: '10.13.6', java.version: '1.8.0_51'
Driver info: org.openqa.selenium.chrome.ChromeDriver
Capabilities [{mobileEmulationEnabled=false, timeouts={implicit=0, pageLoad=300000, script=30000}, hasTouchScreen=false, platform=MAC, acceptSslCerts=false, goog:chromeOptions={debuggerAddress=localhost:61821}, acceptInsecureCerts=false, webStorageEnabled=true, browserName=chrome, takesScreenshot=true, javascriptEnabled=true, setWindowRect=true, unexpectedAlertBehaviour=ignore, applicationCacheEnabled=false, rotatable=false, networkConnectionEnabled=false, chrome={chromedriverVersion=76.0.3809.25 (a0c95f440512e06df1c9c206f2d79cc20be18bb1-refs/branch-heads/3809@{#271}), userDataDir=/var/folders/3y/zz_w6_s56sl__vcrf3r5bhzr0000hr/T/.com.google.Chrome.Xrm5Nw}, takesHeapSnapshot=true, pageLoadStrategy=normal, strictFileInteractability=false, databaseEnabled=false, handlesAlerts=true, version=76.0.3809.25, browserConnectionEnabled=false, proxy={}, nativeEvents=true, locationContextEnabled=true, cssSelectorsEnabled=true}]
Session ID: f17e3632641a58717f9227d24b5d229b
Command duration or timeout: 0 milliseconds)
	at com.kms.katalon.core.keyword.internal.KeywordMain.stepFailed(KeywordMain.groovy:36)
	at com.kms.katalon.core.webui.keyword.internal.WebUIKeywordMain.stepFailed(WebUIKeywordMain.groovy:65)
	at com.kms.katalon.core.webui.keyword.internal.WebUIKeywordMain.runKeyword(WebUIKeywordMain.groovy:27)
	at com.kms.katalon.core.webui.keyword.builtin.ClickKeyword.click(ClickKeyword.groovy:86)
	at com.kms.katalon.core.webui.keyword.builtin.ClickKeyword.execute(ClickKeyword.groovy:67)
	at com.kms.katalon.core.keyword.internal.KeywordExecutor.executeKeywordForPlatform(KeywordExecutor.groovy:53)
	at com.kms.katalon.core.webui.keyword.WebUiBuiltInKeywords.click(WebUiBuiltInKeywords.groovy:616)
	at com.kms.katalon.core.webui.keyword.WebUiBuiltInKeywords$click$4.call(Unknown Source)
	at HP-Burger menu-Accessories.run(HP-Burger menu-Accessories:314)
	at com.kms.katalon.core.main.ScriptEngine.run(ScriptEngine.java:194)
	at com.kms.katalon.core.main.ScriptEngine.runScriptAsRawText(ScriptEngine.java:119)
	at com.kms.katalon.core.main.TestCaseExecutor.runScript(TestCaseExecutor.java:328)
	at com.kms.katalon.core.main.TestCaseExecutor.doExecute(TestCaseExecutor.java:319)
	at com.kms.katalon.core.main.TestCaseExecutor.processExecutionPhase(TestCaseExecutor.java:298)
	at com.kms.katalon.core.main.TestCaseExecutor.accessMainPhase(TestCaseExecutor.java:290)
	at com.kms.katalon.core.main.TestCaseExecutor.execute(TestCaseExecutor.java:224)
	at com.kms.katalon.core.main.TestSuiteExecutor.accessTestCaseMainPhase(TestSuiteExecutor.java:129)
	at com.kms.katalon.core.main.TestSuiteExecutor.accessTestSuiteMainPhase(TestSuiteExecutor.java:112)
	at com.kms.katalon.core.main.TestSuiteExecutor.execute(TestSuiteExecutor.java:81)
	at com.kms.katalon.core.main.TestCaseMain.startTestSuite(TestCaseMain.java:149)
	at com.kms.katalon.core.main.TestCaseMain$startTestSuite$0.call(Unknown Source)
	at TempTestSuite1560973018737.run(TempTestSuite1560973018737.groovy:36)]]></system-out>
         <system-err><![CDATA[2019-06-19 15:53:32 - [TEST_CASE][FAILED] - Test Cases/OCS - MOBILE/OCS- HOME PAGE/HP-Burger menu-Accessories: Test Cases/OCS - MOBILE/OCS- HOME PAGE/HP-Burger menu-Accessories FAILED.
Reason:
com.kms.katalon.core.exception.StepFailedException: Unable to click on object 'Object Repository/OCS-MOBILE /Accessories page/new accessories' (Root cause: org.openqa.selenium.WebDriverException: element click intercepted: Element <img class="menu__featured-item__image" src="//cdn.shopify.com/s/files/1/2636/1928/files/wks10-12-MEGANAV-new-accessories_400x.jpg?v=1559916201" data-src="//cdn.shopify.com/s/files/1/2636/1928/files/wks10-12-MEGANAV-new-accessories_400x.jpg?v=1559916201" alt="New Accessories"> is not clickable at point (25, 621). Other element would receive the click: <iframe title="Preview Bar" id="preview-bar-iframe" src="https://ocs.ca/preview_bar" sandbox="allow-same-origin allow-scripts" style="position: fixed; bottom: 0px; left: 0px; z-index: 2147483647; width: 100%; border: none; box-shadow: rgba(0, 0, 0, 0.2) 0px -1px 3px; overflow: hidden; transform: translateY(0px); transition: transform 300ms ease 0s; height: 92px;"></iframe>
  (Session info: chrome=76.0.3809.25)
  (Driver info: chromedriver=76.0.3809.25 (a0c95f440512e06df1c9c206f2d79cc20be18bb1-refs/branch-heads/3809@{#271}),platform=Mac OS X 10.13.6 x86_64) (WARNING: The server did not provide any stacktrace information)
Command duration or timeout: 45 milliseconds
Build info: version: '2.53.0', revision: '35ae25b', time: '2016-03-15 17:00:58'
System info: host: 'mac-207-254-12-133.browserstack.com', ip: '207.254.12.133', os.name: 'Mac OS X', os.arch: 'x86_64', os.version: '10.13.6', java.version: '1.8.0_51'
Driver info: org.openqa.selenium.chrome.ChromeDriver
Capabilities [{mobileEmulationEnabled=false, timeouts={implicit=0, pageLoad=300000, script=30000}, hasTouchScreen=false, platform=MAC, acceptSslCerts=false, goog:chromeOptions={debuggerAddress=localhost:61821}, acceptInsecureCerts=false, webStorageEnabled=true, browserName=chrome, takesScreenshot=true, javascriptEnabled=true, setWindowRect=true, unexpectedAlertBehaviour=ignore, applicationCacheEnabled=false, rotatable=false, networkConnectionEnabled=false, chrome={chromedriverVersion=76.0.3809.25 (a0c95f440512e06df1c9c206f2d79cc20be18bb1-refs/branch-heads/3809@{#271}), userDataDir=/var/folders/3y/zz_w6_s56sl__vcrf3r5bhzr0000hr/T/.com.google.Chrome.Xrm5Nw}, takesHeapSnapshot=true, pageLoadStrategy=normal, strictFileInteractability=false, databaseEnabled=false, handlesAlerts=true, version=76.0.3809.25, browserConnectionEnabled=false, proxy={}, nativeEvents=true, locationContextEnabled=true, cssSelectorsEnabled=true}]
Session ID: f17e3632641a58717f9227d24b5d229b
Command duration or timeout: 0 milliseconds)
	at com.kms.katalon.core.keyword.internal.KeywordMain.stepFailed(KeywordMain.groovy:36)
	at com.kms.katalon.core.webui.keyword.internal.WebUIKeywordMain.stepFailed(WebUIKeywordMain.groovy:65)
	at com.kms.katalon.core.webui.keyword.internal.WebUIKeywordMain.runKeyword(WebUIKeywordMain.groovy:27)
	at com.kms.katalon.core.webui.keyword.builtin.ClickKeyword.click(ClickKeyword.groovy:86)
	at com.kms.katalon.core.webui.keyword.builtin.ClickKeyword.execute(ClickKeyword.groovy:67)
	at com.kms.katalon.core.keyword.internal.KeywordExecutor.executeKeywordForPlatform(KeywordExecutor.groovy:53)
	at com.kms.katalon.core.webui.keyword.WebUiBuiltInKeywords.click(WebUiBuiltInKeywords.groovy:616)
	at com.kms.katalon.core.webui.keyword.WebUiBuiltInKeywords$click$4.call(Unknown Source)
	at HP-Burger menu-Accessories.run(HP-Burger menu-Accessories:314)
	at com.kms.katalon.core.main.ScriptEngine.run(ScriptEngine.java:194)
	at com.kms.katalon.core.main.ScriptEngine.runScriptAsRawText(ScriptEngine.java:119)
	at com.kms.katalon.core.main.TestCaseExecutor.runScript(TestCaseExecutor.java:328)
	at com.kms.katalon.core.main.TestCaseExecutor.doExecute(TestCaseExecutor.java:319)
	at com.kms.katalon.core.main.TestCaseExecutor.processExecutionPhase(TestCaseExecutor.java:298)
	at com.kms.katalon.core.main.TestCaseExecutor.accessMainPhase(TestCaseExecutor.java:290)
	at com.kms.katalon.core.main.TestCaseExecutor.execute(TestCaseExecutor.java:224)
	at com.kms.katalon.core.main.TestSuiteExecutor.accessTestCaseMainPhase(TestSuiteExecutor.java:129)
	at com.kms.katalon.core.main.TestSuiteExecutor.accessTestSuiteMainPhase(TestSuiteExecutor.java:112)
	at com.kms.katalon.core.main.TestSuiteExecutor.execute(TestSuiteExecutor.java:81)
	at com.kms.katalon.core.main.TestCaseMain.startTestSuite(TestCaseMain.java:149)
	at com.kms.katalon.core.main.TestCaseMain$startTestSuite$0.call(Unknown Source)
	at TempTestSuite1560973018737.run(TempTestSuite1560973018737.groovy:36)]]></system-err>
      </testcase>
      <testcase name="Test Cases/OCS - MOBILE/OCS- HOME PAGE/Announcement" classname="Test Cases/OCS - MOBILE/OCS- HOME PAGE/Announcement" status="FAILED">
         <failure type="FAILED" message="Test Cases/OCS - MOBILE/OCS- HOME PAGE/Announcement FAILED.
Reason:
com.kms.katalon.core.exception.StepFailedException: Text 'Due to holiday closures within the Canada Post network for Victoria Day, please expect some order delivery delays.' is not present on page 
	at com.kms.katalon.core.keyword.internal.KeywordMain.stepFailed(KeywordMain.groovy:32)
	at com.kms.katalon.core.webui.keyword.internal.WebUIKeywordMain.stepFailed(WebUIKeywordMain.groovy:65)
	at com.kms.katalon.core.webui.keyword.builtin.VerifyTextPresentKeyword$_verifyTextPresent_closure1.doCall(VerifyTextPresentKeyword.groovy:79)
	at com.kms.katalon.core.webui.keyword.builtin.VerifyTextPresentKeyword$_verifyTextPresent_closure1.call(VerifyTextPresentKeyword.groovy)
	at com.kms.katalon.core.webui.keyword.internal.WebUIKeywordMain.runKeyword(WebUIKeywordMain.groovy:21)
	at com.kms.katalon.core.webui.keyword.builtin.VerifyTextPresentKeyword.verifyTextPresent(VerifyTextPresentKeyword.groovy:83)
	at com.kms.katalon.core.webui.keyword.builtin.VerifyTextPresentKeyword.execute(VerifyTextPresentKeyword.groovy:68)
	at com.kms.katalon.core.keyword.internal.KeywordExecutor.executeKeywordForPlatform(KeywordExecutor.groovy:53)
	at com.kms.katalon.core.webui.keyword.WebUiBuiltInKeywords.verifyTextPresent(WebUiBuiltInKeywords.groovy:1677)
	at com.kms.katalon.core.webui.keyword.WebUiBuiltInKeywords$verifyTextPresent$19.call(Unknown Source)
	at Announcement.run(Announcement:18)
	at com.kms.katalon.core.main.ScriptEngine.run(ScriptEngine.java:194)
	at com.kms.katalon.core.main.ScriptEngine.runScriptAsRawText(ScriptEngine.java:119)
	at com.kms.katalon.core.main.TestCaseExecutor.runScript(TestCaseExecutor.java:328)
	at com.kms.katalon.core.main.TestCaseExecutor.doExecute(TestCaseExecutor.java:319)
	at com.kms.katalon.core.main.TestCaseExecutor.processExecutionPhase(TestCaseExecutor.java:298)
	at com.kms.katalon.core.main.TestCaseExecutor.accessMainPhase(TestCaseExecutor.java:290)
	at com.kms.katalon.core.main.TestCaseExecutor.execute(TestCaseExecutor.java:224)
	at com.kms.katalon.core.main.TestSuiteExecutor.accessTestCaseMainPhase(TestSuiteExecutor.java:129)
	at com.kms.katalon.core.main.TestSuiteExecutor.accessTestSuiteMainPhase(TestSuiteExecutor.java:112)
	at com.kms.katalon.core.main.TestSuiteExecutor.execute(TestSuiteExecutor.java:81)
	at com.kms.katalon.core.main.TestCaseMain.startTestSuite(TestCaseMain.java:149)
	at com.kms.katalon.core.main.TestCaseMain$startTestSuite$0.call(Unknown Source)
	at TempTestSuite1560973018737.run(TempTestSuite1560973018737.groovy:36)
"/>
         <system-out><![CDATA[2019-06-19 15:55:42 - [TEST_CASE][FAILED] - Test Cases/OCS - MOBILE/OCS- HOME PAGE/Announcement: Test Cases/OCS - MOBILE/OCS- HOME PAGE/Announcement FAILED.
Reason:
com.kms.katalon.core.exception.StepFailedException: Text 'Due to holiday closures within the Canada Post network for Victoria Day, please expect some order delivery delays.' is not present on page 
	at com.kms.katalon.core.keyword.internal.KeywordMain.stepFailed(KeywordMain.groovy:32)
	at com.kms.katalon.core.webui.keyword.internal.WebUIKeywordMain.stepFailed(WebUIKeywordMain.groovy:65)
	at com.kms.katalon.core.webui.keyword.builtin.VerifyTextPresentKeyword$_verifyTextPresent_closure1.doCall(VerifyTextPresentKeyword.groovy:79)
	at com.kms.katalon.core.webui.keyword.builtin.VerifyTextPresentKeyword$_verifyTextPresent_closure1.call(VerifyTextPresentKeyword.groovy)
	at com.kms.katalon.core.webui.keyword.internal.WebUIKeywordMain.runKeyword(WebUIKeywordMain.groovy:21)
	at com.kms.katalon.core.webui.keyword.builtin.VerifyTextPresentKeyword.verifyTextPresent(VerifyTextPresentKeyword.groovy:83)
	at com.kms.katalon.core.webui.keyword.builtin.VerifyTextPresentKeyword.execute(VerifyTextPresentKeyword.groovy:68)
	at com.kms.katalon.core.keyword.internal.KeywordExecutor.executeKeywordForPlatform(KeywordExecutor.groovy:53)
	at com.kms.katalon.core.webui.keyword.WebUiBuiltInKeywords.verifyTextPresent(WebUiBuiltInKeywords.groovy:1677)
	at com.kms.katalon.core.webui.keyword.WebUiBuiltInKeywords$verifyTextPresent$19.call(Unknown Source)
	at Announcement.run(Announcement:18)
	at com.kms.katalon.core.main.ScriptEngine.run(ScriptEngine.java:194)
	at com.kms.katalon.core.main.ScriptEngine.runScriptAsRawText(ScriptEngine.java:119)
	at com.kms.katalon.core.main.TestCaseExecutor.runScript(TestCaseExecutor.java:328)
	at com.kms.katalon.core.main.TestCaseExecutor.doExecute(TestCaseExecutor.java:319)
	at com.kms.katalon.core.main.TestCaseExecutor.processExecutionPhase(TestCaseExecutor.java:298)
	at com.kms.katalon.core.main.TestCaseExecutor.accessMainPhase(TestCaseExecutor.java:290)
	at com.kms.katalon.core.main.TestCaseExecutor.execute(TestCaseExecutor.java:224)
	at com.kms.katalon.core.main.TestSuiteExecutor.accessTestCaseMainPhase(TestSuiteExecutor.java:129)
	at com.kms.katalon.core.main.TestSuiteExecutor.accessTestSuiteMainPhase(TestSuiteExecutor.java:112)
	at com.kms.katalon.core.main.TestSuiteExecutor.execute(TestSuiteExecutor.java:81)
	at com.kms.katalon.core.main.TestCaseMain.startTestSuite(TestCaseMain.java:149)
	at com.kms.katalon.core.main.TestCaseMain$startTestSuite$0.call(Unknown Source)
	at TempTestSuite1560973018737.run(TempTestSuite1560973018737.groovy:36)


2019-06-19 15:55:42 - [TEST_STEP][PASSED] - callTestCase(findTestCase("OCS - MOBILE/CALL - AGE GATE"), [:], STOP_ON_FAILURE): Call Test Case 'Test Cases/OCS - MOBILE/CALL - AGE GATE' successfully

2019-06-19 15:55:42 - [TEST_CASE][PASSED] - Test Cases/OCS - MOBILE/CALL - AGE GATE: Test Cases/OCS - MOBILE/CALL - AGE GATE

2019-06-19 15:55:42 - [TEST_STEP][PASSED] - openBrowser(""): Browser is opened with url: ''

2019-06-19 15:55:42 - [MESSAGE][WARNING] - A browser is already opened. Closing browser and opening a new one

2019-06-19 15:55:42 - [MESSAGE][INFO] - Starting 'Remote' driver

2019-06-19 15:55:42 - [MESSAGE][INFO] - User set preference: ['os', 'OS X']

2019-06-19 15:55:42 - [MESSAGE][INFO] - User set preference: ['os_version', 'High Sierra']

2019-06-19 15:55:42 - [MESSAGE][INFO] - User set preference: ['browser', 'Chrome']

2019-06-19 15:55:42 - [MESSAGE][INFO] - User set preference: ['browser_version', '76.0 beta']

2019-06-19 15:55:42 - [MESSAGE][INFO] - User set preference: ['browserstack.local', 'false']

2019-06-19 15:55:42 - [MESSAGE][INFO] - Connecting to remote web server 'https://dianatest3:Z3oqw9ysqTeRQJq5wFCp@hub-cloud.browserstack.com/wd/hub' with type 'Selenium'

2019-06-19 15:55:48 - [MESSAGE][PASSED] - Browser is opened with url: ''

2019-06-19 15:55:48 - [TEST_STEP][PASSED] - navigateToUrl("https://ocs.ca/?fts=0&preview_theme_id=72920106828"): Navigate to 'https://ocs.ca/?fts=0&preview_theme_id=72920106828' successfully

2019-06-19 15:55:53 - [MESSAGE][PASSED] - Navigate to 'https://ocs.ca/?fts=0&preview_theme_id=72920106828' successfully

2019-06-19 15:55:53 - [TEST_STEP][PASSED] - executeJavaScript("var previewBar = document.getElementById("preview-bar-iframe"); previewBar.style.display = "none";", []): Execute JavaScript 'var previewBar = document.getElementById("preview-bar-iframe"); previewBar.style.display = "none";' successfully

2019-06-19 15:55:53 - [MESSAGE][PASSED] - Execute JavaScript 'var previewBar = document.getElementById("preview-bar-iframe"); previewBar.style.display = "none";' successfully

2019-06-19 15:55:53 - [TEST_STEP][PASSED] - setViewPortSize(360, 800): Viewport is set to new size with width = 360 and height = 800

2019-06-19 15:55:54 - [MESSAGE][PASSED] - Viewport is set to new size with width = 360 and height = 800

2019-06-19 15:55:54 - [TEST_STEP][PASSED] - delay(4): Delayed 4 second(s)

2019-06-19 15:55:58 - [MESSAGE][PASSED] - Delayed 4 second(s)

2019-06-19 15:55:58 - [TEST_STEP][PASSED] - selectOptionByValue(findTestObject("OCS-MOBILE /Age gate and burger menu/Date"), "12", true): All options with value '12' are selected in object 'Object Repository/OCS-MOBILE /Age gate and burger menu/Date'  using regular expression

2019-06-19 15:56:02 - [MESSAGE][PASSED] - All options with value '12' are selected in object 'Object Repository/OCS-MOBILE /Age gate and burger menu/Date'  using regular expression

2019-06-19 15:56:02 - [TEST_STEP][PASSED] - selectOptionByValue(findTestObject("OCS-MOBILE /Age gate and burger menu/month"), "6", true): All options with value '6' are selected in object 'Object Repository/OCS-MOBILE /Age gate and burger menu/month'  using regular expression

2019-06-19 15:56:04 - [MESSAGE][PASSED] - All options with value '6' are selected in object 'Object Repository/OCS-MOBILE /Age gate and burger menu/month'  using regular expression

2019-06-19 15:56:04 - [TEST_STEP][PASSED] - delay(2): Delayed 2 second(s)

2019-06-19 15:56:06 - [MESSAGE][PASSED] - Delayed 2 second(s)

2019-06-19 15:56:06 - [TEST_STEP][PASSED] - selectOptionByValue(findTestObject("OCS-MOBILE /Age gate and burger menu/Year Dropdown"), "1990", true): All options with value '1990' are selected in object 'Object Repository/OCS-MOBILE /Age gate and burger menu/Year Dropdown'  using regular expression

2019-06-19 15:56:19 - [MESSAGE][PASSED] - All options with value '1990' are selected in object 'Object Repository/OCS-MOBILE /Age gate and burger menu/Year Dropdown'  using regular expression

2019-06-19 15:56:19 - [TEST_STEP][PASSED] - click(findTestObject("OCS-MOBILE /Age gate and Mega menu/button_Verify")): Object: 'Object Repository/OCS-MOBILE /Age gate and Mega menu/button_Verify' is clicked on

2019-06-19 15:56:19 - [MESSAGE][PASSED] - Object: 'Object Repository/OCS-MOBILE /Age gate and Mega menu/button_Verify' is clicked on

2019-06-19 15:56:19 - [TEST_STEP][PASSED] - click(findTestObject("OCS-MOBILE /Age gate and Mega menu/Checkbox_CONFIRM AND ACKNOWLEDGE")): Object: 'Object Repository/OCS-MOBILE /Age gate and Mega menu/Checkbox_CONFIRM AND ACKNOWLEDGE' is clicked on

2019-06-19 15:56:19 - [MESSAGE][PASSED] - Object: 'Object Repository/OCS-MOBILE /Age gate and Mega menu/Checkbox_CONFIRM AND ACKNOWLEDGE' is clicked on

2019-06-19 15:56:19 - [TEST_STEP][PASSED] - click(findTestObject("OCS-MOBILE /Age gate and Mega menu/button_CONFIRM")): Object: 'Object Repository/OCS-MOBILE /Age gate and Mega menu/button_CONFIRM' is clicked on

2019-06-19 15:56:20 - [MESSAGE][PASSED] - Object: 'Object Repository/OCS-MOBILE /Age gate and Mega menu/button_CONFIRM' is clicked on

2019-06-19 15:56:20 - [TEST_STEP][PASSED] - click(findTestObject("OCS-MOBILE /Age gate and Mega menu/button_Start Browsing")): Object: 'Object Repository/OCS-MOBILE /Age gate and Mega menu/button_Start Browsing' is clicked on

2019-06-19 15:56:20 - [MESSAGE][PASSED] - Object: 'Object Repository/OCS-MOBILE /Age gate and Mega menu/button_Start Browsing' is clicked on

2019-06-19 15:56:20 - [TEST_STEP][PASSED] - refresh(): Refresh successfully

2019-06-19 15:56:20 - [MESSAGE][PASSED] - Refresh successfully

2019-06-19 15:56:20 - [TEST_STEP][PASSED] - executeJavaScript("var previewBar = document.getElementById("preview-bar-iframe"); previewBar.style.display = "none";", []): Execute JavaScript 'var previewBar = document.getElementById("preview-bar-iframe"); previewBar.style.display = "none";' successfully

2019-06-19 15:56:23 - [MESSAGE][PASSED] - Execute JavaScript 'var previewBar = document.getElementById("preview-bar-iframe"); previewBar.style.display = "none";' successfully

2019-06-19 15:56:23 - [MESSAGE][PASSED] - Call Test Case 'Test Cases/OCS - MOBILE/CALL - AGE GATE' successfully

2019-06-19 15:56:23 - [TEST_STEP][FAILED] - flag = verifyTextPresent("Due to holiday closures within the Canada Post network for Victoria Day, please expect some order delivery delays.", false, CONTINUE_ON_FAILURE): Text 'Due to holiday closures within the Canada Post network for Victoria Day, please expect some order delivery delays.' is not present on page 

2019-06-19 15:56:24 - [MESSAGE][FAILED] - Text 'Due to holiday closures within the Canada Post network for Victoria Day, please expect some order delivery delays.' is not present on page 

2019-06-19 15:56:24 - [TEST_STEP][PASSED] - delay(2): Delayed 2 second(s)

2019-06-19 15:56:26 - [MESSAGE][PASSED] - Delayed 2 second(s)

2019-06-19 15:56:26 - [TEST_STEP][PASSED] - comment("flag =" + flag): flag =false

2019-06-19 15:56:26 - [MESSAGE][INFO] - flag =false

2019-06-19 15:56:26 - [TEST_STEP][FAILED] - if (flag == false): if (flag == false) FAILED.
Reason:
com.kms.katalon.core.exception.StepFailedException: Text 'Due to holiday closures within the Canada Post network for Victoria Day, please expect some order delivery delays.' is not present on page 
	at com.kms.katalon.core.keyword.internal.KeywordMain.stepFailed(KeywordMain.groovy:32)
	at com.kms.katalon.core.webui.keyword.internal.WebUIKeywordMain.stepFailed(WebUIKeywordMain.groovy:65)
	at com.kms.katalon.core.webui.keyword.builtin.VerifyTextPresentKeyword$_verifyTextPresent_closure1.doCall(VerifyTextPresentKeyword.groovy:79)
	at com.kms.katalon.core.webui.keyword.builtin.VerifyTextPresentKeyword$_verifyTextPresent_closure1.call(VerifyTextPresentKeyword.groovy)
	at com.kms.katalon.core.webui.keyword.internal.WebUIKeywordMain.runKeyword(WebUIKeywordMain.groovy:21)
	at com.kms.katalon.core.webui.keyword.builtin.VerifyTextPresentKeyword.verifyTextPresent(VerifyTextPresentKeyword.groovy:83)
	at com.kms.katalon.core.webui.keyword.builtin.VerifyTextPresentKeyword.execute(VerifyTextPresentKeyword.groovy:68)
	at com.kms.katalon.core.keyword.internal.KeywordExecutor.executeKeywordForPlatform(KeywordExecutor.groovy:53)
	at com.kms.katalon.core.webui.keyword.WebUiBuiltInKeywords.verifyTextPresent(WebUiBuiltInKeywords.groovy:1677)
	at com.kms.katalon.core.webui.keyword.WebUiBuiltInKeywords$verifyTextPresent$19.call(Unknown Source)
	at Announcement.run(Announcement:18)
	at com.kms.katalon.core.main.ScriptEngine.run(ScriptEngine.java:194)
	at com.kms.katalon.core.main.ScriptEngine.runScriptAsRawText(ScriptEngine.java:119)
	at com.kms.katalon.core.main.TestCaseExecutor.runScript(TestCaseExecutor.java:328)
	at com.kms.katalon.core.main.TestCaseExecutor.doExecute(TestCaseExecutor.java:319)
	at com.kms.katalon.core.main.TestCaseExecutor.processExecutionPhase(TestCaseExecutor.java:298)
	at com.kms.katalon.core.main.TestCaseExecutor.accessMainPhase(TestCaseExecutor.java:290)
	at com.kms.katalon.core.main.TestCaseExecutor.execute(TestCaseExecutor.java:224)
	at com.kms.katalon.core.main.TestSuiteExecutor.accessTestCaseMainPhase(TestSuiteExecutor.java:129)
	at com.kms.katalon.core.main.TestSuiteExecutor.accessTestSuiteMainPhase(TestSuiteExecutor.java:112)
	at com.kms.katalon.core.main.TestSuiteExecutor.execute(TestSuiteExecutor.java:81)
	at com.kms.katalon.core.main.TestCaseMain.startTestSuite(TestCaseMain.java:149)
	at com.kms.katalon.core.main.TestCaseMain$startTestSuite$0.call(Unknown Source)
	at TempTestSuite1560973018737.run(TempTestSuite1560973018737.groovy:36)


2019-06-19 15:56:26 - [TEST_STEP][FAILED] - comment(" there is no  announcment "): if (flag == false) FAILED.
Reason:
com.kms.katalon.core.exception.StepFailedException: Text 'Due to holiday closures within the Canada Post network for Victoria Day, please expect some order delivery delays.' is not present on page 
	at com.kms.katalon.core.keyword.internal.KeywordMain.stepFailed(KeywordMain.groovy:32)
	at com.kms.katalon.core.webui.keyword.internal.WebUIKeywordMain.stepFailed(WebUIKeywordMain.groovy:65)
	at com.kms.katalon.core.webui.keyword.builtin.VerifyTextPresentKeyword$_verifyTextPresent_closure1.doCall(VerifyTextPresentKeyword.groovy:79)
	at com.kms.katalon.core.webui.keyword.builtin.VerifyTextPresentKeyword$_verifyTextPresent_closure1.call(VerifyTextPresentKeyword.groovy)
	at com.kms.katalon.core.webui.keyword.internal.WebUIKeywordMain.runKeyword(WebUIKeywordMain.groovy:21)
	at com.kms.katalon.core.webui.keyword.builtin.VerifyTextPresentKeyword.verifyTextPresent(VerifyTextPresentKeyword.groovy:83)
	at com.kms.katalon.core.webui.keyword.builtin.VerifyTextPresentKeyword.execute(VerifyTextPresentKeyword.groovy:68)
	at com.kms.katalon.core.keyword.internal.KeywordExecutor.executeKeywordForPlatform(KeywordExecutor.groovy:53)
	at com.kms.katalon.core.webui.keyword.WebUiBuiltInKeywords.verifyTextPresent(WebUiBuiltInKeywords.groovy:1677)
	at com.kms.katalon.core.webui.keyword.WebUiBuiltInKeywords$verifyTextPresent$19.call(Unknown Source)
	at Announcement.run(Announcement:18)
	at com.kms.katalon.core.main.ScriptEngine.run(ScriptEngine.java:194)
	at com.kms.katalon.core.main.ScriptEngine.runScriptAsRawText(ScriptEngine.java:119)
	at com.kms.katalon.core.main.TestCaseExecutor.runScript(TestCaseExecutor.java:328)
	at com.kms.katalon.core.main.TestCaseExecutor.doExecute(TestCaseExecutor.java:319)
	at com.kms.katalon.core.main.TestCaseExecutor.processExecutionPhase(TestCaseExecutor.java:298)
	at com.kms.katalon.core.main.TestCaseExecutor.accessMainPhase(TestCaseExecutor.java:290)
	at com.kms.katalon.core.main.TestCaseExecutor.execute(TestCaseExecutor.java:224)
	at com.kms.katalon.core.main.TestSuiteExecutor.accessTestCaseMainPhase(TestSuiteExecutor.java:129)
	at com.kms.katalon.core.main.TestSuiteExecutor.accessTestSuiteMainPhase(TestSuiteExecutor.java:112)
	at com.kms.katalon.core.main.TestSuiteExecutor.execute(TestSuiteExecutor.java:81)
	at com.kms.katalon.core.main.TestCaseMain.startTestSuite(TestCaseMain.java:149)
	at com.kms.katalon.core.main.TestCaseMain$startTestSuite$0.call(Unknown Source)
	at TempTestSuite1560973018737.run(TempTestSuite1560973018737.groovy:36)


2019-06-19 15:56:26 - [MESSAGE][INFO] -  there is no  announcment 

2019-06-19 15:56:26 - [MESSAGE][FAILED] - if (flag == false) FAILED.
Reason:
com.kms.katalon.core.exception.StepFailedException: Text 'Due to holiday closures within the Canada Post network for Victoria Day, please expect some order delivery delays.' is not present on page 
	at com.kms.katalon.core.keyword.internal.KeywordMain.stepFailed(KeywordMain.groovy:32)
	at com.kms.katalon.core.webui.keyword.internal.WebUIKeywordMain.stepFailed(WebUIKeywordMain.groovy:65)
	at com.kms.katalon.core.webui.keyword.builtin.VerifyTextPresentKeyword$_verifyTextPresent_closure1.doCall(VerifyTextPresentKeyword.groovy:79)
	at com.kms.katalon.core.webui.keyword.builtin.VerifyTextPresentKeyword$_verifyTextPresent_closure1.call(VerifyTextPresentKeyword.groovy)
	at com.kms.katalon.core.webui.keyword.internal.WebUIKeywordMain.runKeyword(WebUIKeywordMain.groovy:21)
	at com.kms.katalon.core.webui.keyword.builtin.VerifyTextPresentKeyword.verifyTextPresent(VerifyTextPresentKeyword.groovy:83)
	at com.kms.katalon.core.webui.keyword.builtin.VerifyTextPresentKeyword.execute(VerifyTextPresentKeyword.groovy:68)
	at com.kms.katalon.core.keyword.internal.KeywordExecutor.executeKeywordForPlatform(KeywordExecutor.groovy:53)
	at com.kms.katalon.core.webui.keyword.WebUiBuiltInKeywords.verifyTextPresent(WebUiBuiltInKeywords.groovy:1677)
	at com.kms.katalon.core.webui.keyword.WebUiBuiltInKeywords$verifyTextPresent$19.call(Unknown Source)
	at Announcement.run(Announcement:18)
	at com.kms.katalon.core.main.ScriptEngine.run(ScriptEngine.java:194)
	at com.kms.katalon.core.main.ScriptEngine.runScriptAsRawText(ScriptEngine.java:119)
	at com.kms.katalon.core.main.TestCaseExecutor.runScript(TestCaseExecutor.java:328)
	at com.kms.katalon.core.main.TestCaseExecutor.doExecute(TestCaseExecutor.java:319)
	at com.kms.katalon.core.main.TestCaseExecutor.processExecutionPhase(TestCaseExecutor.java:298)
	at com.kms.katalon.core.main.TestCaseExecutor.accessMainPhase(TestCaseExecutor.java:290)
	at com.kms.katalon.core.main.TestCaseExecutor.execute(TestCaseExecutor.java:224)
	at com.kms.katalon.core.main.TestSuiteExecutor.accessTestCaseMainPhase(TestSuiteExecutor.java:129)
	at com.kms.katalon.core.main.TestSuiteExecutor.accessTestSuiteMainPhase(TestSuiteExecutor.java:112)
	at com.kms.katalon.core.main.TestSuiteExecutor.execute(TestSuiteExecutor.java:81)
	at com.kms.katalon.core.main.TestCaseMain.startTestSuite(TestCaseMain.java:149)
	at com.kms.katalon.core.main.TestCaseMain$startTestSuite$0.call(Unknown Source)
	at TempTestSuite1560973018737.run(TempTestSuite1560973018737.groovy:36)]]></system-out>
         <system-err><![CDATA[2019-06-19 15:55:42 - [TEST_CASE][FAILED] - Test Cases/OCS - MOBILE/OCS- HOME PAGE/Announcement: Test Cases/OCS - MOBILE/OCS- HOME PAGE/Announcement FAILED.
Reason:
com.kms.katalon.core.exception.StepFailedException: Text 'Due to holiday closures within the Canada Post network for Victoria Day, please expect some order delivery delays.' is not present on page 
	at com.kms.katalon.core.keyword.internal.KeywordMain.stepFailed(KeywordMain.groovy:32)
	at com.kms.katalon.core.webui.keyword.internal.WebUIKeywordMain.stepFailed(WebUIKeywordMain.groovy:65)
	at com.kms.katalon.core.webui.keyword.builtin.VerifyTextPresentKeyword$_verifyTextPresent_closure1.doCall(VerifyTextPresentKeyword.groovy:79)
	at com.kms.katalon.core.webui.keyword.builtin.VerifyTextPresentKeyword$_verifyTextPresent_closure1.call(VerifyTextPresentKeyword.groovy)
	at com.kms.katalon.core.webui.keyword.internal.WebUIKeywordMain.runKeyword(WebUIKeywordMain.groovy:21)
	at com.kms.katalon.core.webui.keyword.builtin.VerifyTextPresentKeyword.verifyTextPresent(VerifyTextPresentKeyword.groovy:83)
	at com.kms.katalon.core.webui.keyword.builtin.VerifyTextPresentKeyword.execute(VerifyTextPresentKeyword.groovy:68)
	at com.kms.katalon.core.keyword.internal.KeywordExecutor.executeKeywordForPlatform(KeywordExecutor.groovy:53)
	at com.kms.katalon.core.webui.keyword.WebUiBuiltInKeywords.verifyTextPresent(WebUiBuiltInKeywords.groovy:1677)
	at com.kms.katalon.core.webui.keyword.WebUiBuiltInKeywords$verifyTextPresent$19.call(Unknown Source)
	at Announcement.run(Announcement:18)
	at com.kms.katalon.core.main.ScriptEngine.run(ScriptEngine.java:194)
	at com.kms.katalon.core.main.ScriptEngine.runScriptAsRawText(ScriptEngine.java:119)
	at com.kms.katalon.core.main.TestCaseExecutor.runScript(TestCaseExecutor.java:328)
	at com.kms.katalon.core.main.TestCaseExecutor.doExecute(TestCaseExecutor.java:319)
	at com.kms.katalon.core.main.TestCaseExecutor.processExecutionPhase(TestCaseExecutor.java:298)
	at com.kms.katalon.core.main.TestCaseExecutor.accessMainPhase(TestCaseExecutor.java:290)
	at com.kms.katalon.core.main.TestCaseExecutor.execute(TestCaseExecutor.java:224)
	at com.kms.katalon.core.main.TestSuiteExecutor.accessTestCaseMainPhase(TestSuiteExecutor.java:129)
	at com.kms.katalon.core.main.TestSuiteExecutor.accessTestSuiteMainPhase(TestSuiteExecutor.java:112)
	at com.kms.katalon.core.main.TestSuiteExecutor.execute(TestSuiteExecutor.java:81)
	at com.kms.katalon.core.main.TestCaseMain.startTestSuite(TestCaseMain.java:149)
	at com.kms.katalon.core.main.TestCaseMain$startTestSuite$0.call(Unknown Source)
	at TempTestSuite1560973018737.run(TempTestSuite1560973018737.groovy:36)]]></system-err>
      </testcase>
      <testcase name="Test Cases/OCS - MOBILE/OCS- HOME PAGE/cart flyout" classname="Test Cases/OCS - MOBILE/OCS- HOME PAGE/cart flyout" status="PASSED">
         <system-out><![CDATA[2019-06-19 15:56:26 - [TEST_CASE][PASSED] - Test Cases/OCS - MOBILE/OCS- HOME PAGE/cart flyout: Test Cases/OCS - MOBILE/OCS- HOME PAGE/cart flyout

2019-06-19 15:56:26 - [TEST_STEP][PASSED] - callTestCase(findTestCase("OCS - MOBILE/CALL - AGE GATE"), [:], STOP_ON_FAILURE): Call Test Case 'Test Cases/OCS - MOBILE/CALL - AGE GATE' successfully

2019-06-19 15:56:26 - [TEST_CASE][PASSED] - Test Cases/OCS - MOBILE/CALL - AGE GATE: Test Cases/OCS - MOBILE/CALL - AGE GATE

2019-06-19 15:56:26 - [TEST_STEP][PASSED] - openBrowser(""): Browser is opened with url: ''

2019-06-19 15:56:26 - [MESSAGE][WARNING] - A browser is already opened. Closing browser and opening a new one

2019-06-19 15:56:27 - [MESSAGE][INFO] - Starting 'Remote' driver

2019-06-19 15:56:27 - [MESSAGE][INFO] - User set preference: ['os', 'OS X']

2019-06-19 15:56:27 - [MESSAGE][INFO] - User set preference: ['os_version', 'High Sierra']

2019-06-19 15:56:27 - [MESSAGE][INFO] - User set preference: ['browser', 'Chrome']

2019-06-19 15:56:27 - [MESSAGE][INFO] - User set preference: ['browser_version', '76.0 beta']

2019-06-19 15:56:27 - [MESSAGE][INFO] - User set preference: ['browserstack.local', 'false']

2019-06-19 15:56:27 - [MESSAGE][INFO] - Connecting to remote web server 'https://dianatest3:Z3oqw9ysqTeRQJq5wFCp@hub-cloud.browserstack.com/wd/hub' with type 'Selenium'

2019-06-19 15:56:31 - [MESSAGE][PASSED] - Browser is opened with url: ''

2019-06-19 15:56:31 - [TEST_STEP][PASSED] - navigateToUrl("https://ocs.ca/?fts=0&preview_theme_id=72920106828"): Navigate to 'https://ocs.ca/?fts=0&preview_theme_id=72920106828' successfully

2019-06-19 15:56:37 - [MESSAGE][PASSED] - Navigate to 'https://ocs.ca/?fts=0&preview_theme_id=72920106828' successfully

2019-06-19 15:56:37 - [TEST_STEP][PASSED] - executeJavaScript("var previewBar = document.getElementById("preview-bar-iframe"); previewBar.style.display = "none";", []): Execute JavaScript 'var previewBar = document.getElementById("preview-bar-iframe"); previewBar.style.display = "none";' successfully

2019-06-19 15:56:37 - [MESSAGE][PASSED] - Execute JavaScript 'var previewBar = document.getElementById("preview-bar-iframe"); previewBar.style.display = "none";' successfully

2019-06-19 15:56:37 - [TEST_STEP][PASSED] - setViewPortSize(360, 800): Viewport is set to new size with width = 360 and height = 800

2019-06-19 15:56:37 - [MESSAGE][PASSED] - Viewport is set to new size with width = 360 and height = 800

2019-06-19 15:56:37 - [TEST_STEP][PASSED] - delay(4): Delayed 4 second(s)

2019-06-19 15:56:41 - [MESSAGE][PASSED] - Delayed 4 second(s)

2019-06-19 15:56:41 - [TEST_STEP][PASSED] - selectOptionByValue(findTestObject("OCS-MOBILE /Age gate and burger menu/Date"), "12", true): All options with value '12' are selected in object 'Object Repository/OCS-MOBILE /Age gate and burger menu/Date'  using regular expression

2019-06-19 15:56:46 - [MESSAGE][PASSED] - All options with value '12' are selected in object 'Object Repository/OCS-MOBILE /Age gate and burger menu/Date'  using regular expression

2019-06-19 15:56:46 - [TEST_STEP][PASSED] - selectOptionByValue(findTestObject("OCS-MOBILE /Age gate and burger menu/month"), "6", true): All options with value '6' are selected in object 'Object Repository/OCS-MOBILE /Age gate and burger menu/month'  using regular expression

2019-06-19 15:56:49 - [MESSAGE][PASSED] - All options with value '6' are selected in object 'Object Repository/OCS-MOBILE /Age gate and burger menu/month'  using regular expression

2019-06-19 15:56:49 - [TEST_STEP][PASSED] - delay(2): Delayed 2 second(s)

2019-06-19 15:56:51 - [MESSAGE][PASSED] - Delayed 2 second(s)

2019-06-19 15:56:51 - [TEST_STEP][PASSED] - selectOptionByValue(findTestObject("OCS-MOBILE /Age gate and burger menu/Year Dropdown"), "1990", true): All options with value '1990' are selected in object 'Object Repository/OCS-MOBILE /Age gate and burger menu/Year Dropdown'  using regular expression

2019-06-19 15:57:05 - [MESSAGE][PASSED] - All options with value '1990' are selected in object 'Object Repository/OCS-MOBILE /Age gate and burger menu/Year Dropdown'  using regular expression

2019-06-19 15:57:05 - [TEST_STEP][PASSED] - click(findTestObject("OCS-MOBILE /Age gate and Mega menu/button_Verify")): Object: 'Object Repository/OCS-MOBILE /Age gate and Mega menu/button_Verify' is clicked on

2019-06-19 15:57:06 - [MESSAGE][PASSED] - Object: 'Object Repository/OCS-MOBILE /Age gate and Mega menu/button_Verify' is clicked on

2019-06-19 15:57:06 - [TEST_STEP][PASSED] - click(findTestObject("OCS-MOBILE /Age gate and Mega menu/Checkbox_CONFIRM AND ACKNOWLEDGE")): Object: 'Object Repository/OCS-MOBILE /Age gate and Mega menu/Checkbox_CONFIRM AND ACKNOWLEDGE' is clicked on

2019-06-19 15:57:06 - [MESSAGE][PASSED] - Object: 'Object Repository/OCS-MOBILE /Age gate and Mega menu/Checkbox_CONFIRM AND ACKNOWLEDGE' is clicked on

2019-06-19 15:57:06 - [TEST_STEP][PASSED] - click(findTestObject("OCS-MOBILE /Age gate and Mega menu/button_CONFIRM")): Object: 'Object Repository/OCS-MOBILE /Age gate and Mega menu/button_CONFIRM' is clicked on

2019-06-19 15:57:06 - [MESSAGE][PASSED] - Object: 'Object Repository/OCS-MOBILE /Age gate and Mega menu/button_CONFIRM' is clicked on

2019-06-19 15:57:06 - [TEST_STEP][PASSED] - click(findTestObject("OCS-MOBILE /Age gate and Mega menu/button_Start Browsing")): Object: 'Object Repository/OCS-MOBILE /Age gate and Mega menu/button_Start Browsing' is clicked on

2019-06-19 15:57:07 - [MESSAGE][PASSED] - Object: 'Object Repository/OCS-MOBILE /Age gate and Mega menu/button_Start Browsing' is clicked on

2019-06-19 15:57:07 - [TEST_STEP][PASSED] - refresh(): Refresh successfully

2019-06-19 15:57:10 - [MESSAGE][PASSED] - Refresh successfully

2019-06-19 15:57:10 - [TEST_STEP][PASSED] - executeJavaScript("var previewBar = document.getElementById("preview-bar-iframe"); previewBar.style.display = "none";", []): Execute JavaScript 'var previewBar = document.getElementById("preview-bar-iframe"); previewBar.style.display = "none";' successfully

2019-06-19 15:57:10 - [MESSAGE][PASSED] - Execute JavaScript 'var previewBar = document.getElementById("preview-bar-iframe"); previewBar.style.display = "none";' successfully

2019-06-19 15:57:10 - [MESSAGE][PASSED] - Call Test Case 'Test Cases/OCS - MOBILE/CALL - AGE GATE' successfully

2019-06-19 15:57:10 - [TEST_STEP][PASSED] - delay(2): Delayed 2 second(s)

2019-06-19 15:57:12 - [MESSAGE][PASSED] - Delayed 2 second(s)

2019-06-19 15:57:12 - [TEST_STEP][PASSED] - click(findTestObject("OCS-MOBILE /Home - page/Cart icon -bag")): Object: 'Object Repository/OCS-MOBILE /Home - page/Cart icon -bag' is clicked on

2019-06-19 15:57:12 - [MESSAGE][PASSED] - Object: 'Object Repository/OCS-MOBILE /Home - page/Cart icon -bag' is clicked on

2019-06-19 15:57:12 - [TEST_STEP][PASSED] - delay(3): Delayed 3 second(s)

2019-06-19 15:57:15 - [MESSAGE][PASSED] - Delayed 3 second(s)

2019-06-19 15:57:15 - [TEST_STEP][PASSED] - verifyTextPresent("Bag", false, OPTIONAL): Text 'Bag' is present on page 

2019-06-19 15:57:16 - [MESSAGE][PASSED] - Text 'Bag' is present on page 

2019-06-19 15:57:16 - [TEST_STEP][PASSED] - if (true):  cart flyout opened 

2019-06-19 15:57:16 - [TEST_STEP][PASSED] - comment(" cart flyout opened "):  cart flyout opened 

2019-06-19 15:57:16 - [MESSAGE][INFO] -  cart flyout opened 

2019-06-19 15:57:16 - [TEST_STEP][PASSED] - delay(5): Delayed 5 second(s)

2019-06-19 15:57:21 - [MESSAGE][PASSED] - Delayed 5 second(s)

2019-06-19 15:57:21 - [TEST_STEP][PASSED] - click(findTestObject("OCS-MOBILE /Home - page/Collapse cart flyout")): Object: 'Object Repository/OCS-MOBILE /Home - page/Collapse cart flyout' is clicked on

2019-06-19 15:57:22 - [MESSAGE][PASSED] - Object: 'Object Repository/OCS-MOBILE /Home - page/Collapse cart flyout' is clicked on

2019-06-19 15:57:22 - [TEST_STEP][PASSED] - verifyTextPresent("Bag", false, OPTIONAL): Text 'Bag' is not present on page 

2019-06-19 15:57:22 - [MESSAGE][WARNING] - Text 'Bag' is not present on page 

2019-06-19 15:57:22 - [TEST_STEP][PASSED] - if (true):  cart flyout closed 

2019-06-19 15:57:22 - [TEST_STEP][PASSED] - comment(" cart flyout closed "):  cart flyout closed 

2019-06-19 15:57:22 - [MESSAGE][INFO] -  cart flyout closed]]></system-out>
         <system-err><![CDATA[]]></system-err>
      </testcase>
      <testcase name="Test Cases/OCS - MOBILE/OCS- HOME PAGE/Retail stores link" classname="Test Cases/OCS - MOBILE/OCS- HOME PAGE/Retail stores link" status="PASSED">
         <system-out><![CDATA[2019-06-19 15:57:22 - [TEST_CASE][PASSED] - Test Cases/OCS - MOBILE/OCS- HOME PAGE/Retail stores link: Test Cases/OCS - MOBILE/OCS- HOME PAGE/Retail stores link

2019-06-19 15:57:22 - [TEST_STEP][PASSED] - callTestCase(findTestCase("OCS - MOBILE/CALL - AGE GATE"), [:], STOP_ON_FAILURE): Call Test Case 'Test Cases/OCS - MOBILE/CALL - AGE GATE' successfully

2019-06-19 15:57:23 - [TEST_CASE][PASSED] - Test Cases/OCS - MOBILE/CALL - AGE GATE: Test Cases/OCS - MOBILE/CALL - AGE GATE

2019-06-19 15:57:23 - [TEST_STEP][PASSED] - openBrowser(""): Browser is opened with url: ''

2019-06-19 15:57:23 - [MESSAGE][WARNING] - A browser is already opened. Closing browser and opening a new one

2019-06-19 15:57:23 - [MESSAGE][INFO] - Starting 'Remote' driver

2019-06-19 15:57:23 - [MESSAGE][INFO] - User set preference: ['os', 'OS X']

2019-06-19 15:57:23 - [MESSAGE][INFO] - User set preference: ['os_version', 'High Sierra']

2019-06-19 15:57:23 - [MESSAGE][INFO] - User set preference: ['browser', 'Chrome']

2019-06-19 15:57:23 - [MESSAGE][INFO] - User set preference: ['browser_version', '76.0 beta']

2019-06-19 15:57:23 - [MESSAGE][INFO] - User set preference: ['browserstack.local', 'false']

2019-06-19 15:57:23 - [MESSAGE][INFO] - Connecting to remote web server 'https://dianatest3:Z3oqw9ysqTeRQJq5wFCp@hub-cloud.browserstack.com/wd/hub' with type 'Selenium'

2019-06-19 15:57:27 - [MESSAGE][PASSED] - Browser is opened with url: ''

2019-06-19 15:57:27 - [TEST_STEP][PASSED] - navigateToUrl("https://ocs.ca/?fts=0&preview_theme_id=72920106828"): Navigate to 'https://ocs.ca/?fts=0&preview_theme_id=72920106828' successfully

2019-06-19 15:57:33 - [MESSAGE][PASSED] - Navigate to 'https://ocs.ca/?fts=0&preview_theme_id=72920106828' successfully

2019-06-19 15:57:33 - [TEST_STEP][PASSED] - executeJavaScript("var previewBar = document.getElementById("preview-bar-iframe"); previewBar.style.display = "none";", []): Execute JavaScript 'var previewBar = document.getElementById("preview-bar-iframe"); previewBar.style.display = "none";' successfully

2019-06-19 15:57:33 - [MESSAGE][PASSED] - Execute JavaScript 'var previewBar = document.getElementById("preview-bar-iframe"); previewBar.style.display = "none";' successfully

2019-06-19 15:57:33 - [TEST_STEP][PASSED] - setViewPortSize(360, 800): Viewport is set to new size with width = 360 and height = 800

2019-06-19 15:57:33 - [MESSAGE][PASSED] - Viewport is set to new size with width = 360 and height = 800

2019-06-19 15:57:33 - [TEST_STEP][PASSED] - delay(4): Delayed 4 second(s)

2019-06-19 15:57:37 - [MESSAGE][PASSED] - Delayed 4 second(s)

2019-06-19 15:57:37 - [TEST_STEP][PASSED] - selectOptionByValue(findTestObject("OCS-MOBILE /Age gate and burger menu/Date"), "12", true): All options with value '12' are selected in object 'Object Repository/OCS-MOBILE /Age gate and burger menu/Date'  using regular expression

2019-06-19 15:57:42 - [MESSAGE][PASSED] - All options with value '12' are selected in object 'Object Repository/OCS-MOBILE /Age gate and burger menu/Date'  using regular expression

2019-06-19 15:57:42 - [TEST_STEP][PASSED] - selectOptionByValue(findTestObject("OCS-MOBILE /Age gate and burger menu/month"), "6", true): All options with value '6' are selected in object 'Object Repository/OCS-MOBILE /Age gate and burger menu/month'  using regular expression

2019-06-19 15:57:44 - [MESSAGE][PASSED] - All options with value '6' are selected in object 'Object Repository/OCS-MOBILE /Age gate and burger menu/month'  using regular expression

2019-06-19 15:57:44 - [TEST_STEP][PASSED] - delay(2): Delayed 2 second(s)

2019-06-19 15:57:46 - [MESSAGE][PASSED] - Delayed 2 second(s)

2019-06-19 15:57:46 - [TEST_STEP][PASSED] - selectOptionByValue(findTestObject("OCS-MOBILE /Age gate and burger menu/Year Dropdown"), "1990", true): All options with value '1990' are selected in object 'Object Repository/OCS-MOBILE /Age gate and burger menu/Year Dropdown'  using regular expression

2019-06-19 15:58:02 - [MESSAGE][PASSED] - All options with value '1990' are selected in object 'Object Repository/OCS-MOBILE /Age gate and burger menu/Year Dropdown'  using regular expression

2019-06-19 15:58:02 - [TEST_STEP][PASSED] - click(findTestObject("OCS-MOBILE /Age gate and Mega menu/button_Verify")): Object: 'Object Repository/OCS-MOBILE /Age gate and Mega menu/button_Verify' is clicked on

2019-06-19 15:58:03 - [MESSAGE][PASSED] - Object: 'Object Repository/OCS-MOBILE /Age gate and Mega menu/button_Verify' is clicked on

2019-06-19 15:58:03 - [TEST_STEP][PASSED] - click(findTestObject("OCS-MOBILE /Age gate and Mega menu/Checkbox_CONFIRM AND ACKNOWLEDGE")): Object: 'Object Repository/OCS-MOBILE /Age gate and Mega menu/Checkbox_CONFIRM AND ACKNOWLEDGE' is clicked on

2019-06-19 15:58:03 - [MESSAGE][PASSED] - Object: 'Object Repository/OCS-MOBILE /Age gate and Mega menu/Checkbox_CONFIRM AND ACKNOWLEDGE' is clicked on

2019-06-19 15:58:03 - [TEST_STEP][PASSED] - click(findTestObject("OCS-MOBILE /Age gate and Mega menu/button_CONFIRM")): Object: 'Object Repository/OCS-MOBILE /Age gate and Mega menu/button_CONFIRM' is clicked on

2019-06-19 15:58:03 - [MESSAGE][PASSED] - Object: 'Object Repository/OCS-MOBILE /Age gate and Mega menu/button_CONFIRM' is clicked on

2019-06-19 15:58:03 - [TEST_STEP][PASSED] - click(findTestObject("OCS-MOBILE /Age gate and Mega menu/button_Start Browsing")): Object: 'Object Repository/OCS-MOBILE /Age gate and Mega menu/button_Start Browsing' is clicked on

2019-06-19 15:58:04 - [MESSAGE][PASSED] - Object: 'Object Repository/OCS-MOBILE /Age gate and Mega menu/button_Start Browsing' is clicked on

2019-06-19 15:58:04 - [TEST_STEP][PASSED] - refresh(): Refresh successfully

2019-06-19 15:58:04 - [MESSAGE][PASSED] - Refresh successfully

2019-06-19 15:58:04 - [TEST_STEP][PASSED] - executeJavaScript("var previewBar = document.getElementById("preview-bar-iframe"); previewBar.style.display = "none";", []): Execute JavaScript 'var previewBar = document.getElementById("preview-bar-iframe"); previewBar.style.display = "none";' successfully

2019-06-19 15:58:07 - [MESSAGE][PASSED] - Execute JavaScript 'var previewBar = document.getElementById("preview-bar-iframe"); previewBar.style.display = "none";' successfully

2019-06-19 15:58:07 - [MESSAGE][PASSED] - Call Test Case 'Test Cases/OCS - MOBILE/CALL - AGE GATE' successfully

2019-06-19 15:58:07 - [TEST_STEP][PASSED] - delay(2): Delayed 2 second(s)

2019-06-19 15:58:09 - [MESSAGE][PASSED] - Delayed 2 second(s)

2019-06-19 15:58:09 - [TEST_STEP][PASSED] - flag = verifyElementPresent(findTestObject("OCS-MOBILE /Home - page/Retail stores link"), 0, CONTINUE_ON_FAILURE): Object 'Object Repository/OCS-MOBILE /Home - page/Retail stores link' is present

2019-06-19 15:58:09 - [MESSAGE][WARNING] - Timeout '0' is invalid. Using default page load timeout: '30'

2019-06-19 15:58:09 - [MESSAGE][PASSED] - Object 'Object Repository/OCS-MOBILE /Home - page/Retail stores link' is present

2019-06-19 15:58:09 - [TEST_STEP][PASSED] - comment("flag=" + flag): flag=true

2019-06-19 15:58:09 - [MESSAGE][INFO] - flag=true

2019-06-19 15:58:09 - [TEST_STEP][PASSED] - if (flag == true): Object: 'Object Repository/OCS-MOBILE /Home - page/Retail stores link' is clicked on

2019-06-19 15:58:09 - [TEST_STEP][PASSED] - delay(2): Delayed 2 second(s)

2019-06-19 15:58:11 - [MESSAGE][PASSED] - Delayed 2 second(s)

2019-06-19 15:58:11 - [TEST_STEP][PASSED] - click(findTestObject("OCS-MOBILE /Home - page/Retail stores link")): Object: 'Object Repository/OCS-MOBILE /Home - page/Retail stores link' is clicked on

2019-06-19 15:58:11 - [MESSAGE][PASSED] - Object: 'Object Repository/OCS-MOBILE /Home - page/Retail stores link' is clicked on]]></system-out>
         <system-err><![CDATA[]]></system-err>
      </testcase>
      <testcase name="Test Cases/OCS - MOBILE/OCS- HOME PAGE/Screen reader link" classname="Test Cases/OCS - MOBILE/OCS- HOME PAGE/Screen reader link" status="PASSED">
         <system-out><![CDATA[2019-06-19 15:58:11 - [TEST_CASE][PASSED] - Test Cases/OCS - MOBILE/OCS- HOME PAGE/Screen reader link: Test Cases/OCS - MOBILE/OCS- HOME PAGE/Screen reader link

2019-06-19 15:58:11 - [TEST_STEP][PASSED] - callTestCase(findTestCase("OCS - MOBILE/CALL - AGE GATE"), [:], STOP_ON_FAILURE): Call Test Case 'Test Cases/OCS - MOBILE/CALL - AGE GATE' successfully

2019-06-19 15:58:12 - [TEST_CASE][PASSED] - Test Cases/OCS - MOBILE/CALL - AGE GATE: Test Cases/OCS - MOBILE/CALL - AGE GATE

2019-06-19 15:58:12 - [TEST_STEP][PASSED] - openBrowser(""): Browser is opened with url: ''

2019-06-19 15:58:12 - [MESSAGE][WARNING] - A browser is already opened. Closing browser and opening a new one

2019-06-19 15:58:12 - [MESSAGE][INFO] - Starting 'Remote' driver

2019-06-19 15:58:12 - [MESSAGE][INFO] - User set preference: ['os', 'OS X']

2019-06-19 15:58:12 - [MESSAGE][INFO] - User set preference: ['os_version', 'High Sierra']

2019-06-19 15:58:12 - [MESSAGE][INFO] - User set preference: ['browser', 'Chrome']

2019-06-19 15:58:12 - [MESSAGE][INFO] - User set preference: ['browser_version', '76.0 beta']

2019-06-19 15:58:12 - [MESSAGE][INFO] - User set preference: ['browserstack.local', 'false']

2019-06-19 15:58:12 - [MESSAGE][INFO] - Connecting to remote web server 'https://dianatest3:Z3oqw9ysqTeRQJq5wFCp@hub-cloud.browserstack.com/wd/hub' with type 'Selenium'

2019-06-19 15:58:15 - [MESSAGE][PASSED] - Browser is opened with url: ''

2019-06-19 15:58:15 - [TEST_STEP][PASSED] - navigateToUrl("https://ocs.ca/?fts=0&preview_theme_id=72920106828"): Navigate to 'https://ocs.ca/?fts=0&preview_theme_id=72920106828' successfully

2019-06-19 15:58:19 - [MESSAGE][PASSED] - Navigate to 'https://ocs.ca/?fts=0&preview_theme_id=72920106828' successfully

2019-06-19 15:58:19 - [TEST_STEP][PASSED] - executeJavaScript("var previewBar = document.getElementById("preview-bar-iframe"); previewBar.style.display = "none";", []): Execute JavaScript 'var previewBar = document.getElementById("preview-bar-iframe"); previewBar.style.display = "none";' successfully

2019-06-19 15:58:20 - [MESSAGE][PASSED] - Execute JavaScript 'var previewBar = document.getElementById("preview-bar-iframe"); previewBar.style.display = "none";' successfully

2019-06-19 15:58:20 - [TEST_STEP][PASSED] - setViewPortSize(360, 800): Viewport is set to new size with width = 360 and height = 800

2019-06-19 15:58:20 - [MESSAGE][PASSED] - Viewport is set to new size with width = 360 and height = 800

2019-06-19 15:58:20 - [TEST_STEP][PASSED] - delay(4): Delayed 4 second(s)

2019-06-19 15:58:24 - [MESSAGE][PASSED] - Delayed 4 second(s)

2019-06-19 15:58:24 - [TEST_STEP][PASSED] - selectOptionByValue(findTestObject("OCS-MOBILE /Age gate and burger menu/Date"), "12", true): All options with value '12' are selected in object 'Object Repository/OCS-MOBILE /Age gate and burger menu/Date'  using regular expression

2019-06-19 15:58:29 - [MESSAGE][PASSED] - All options with value '12' are selected in object 'Object Repository/OCS-MOBILE /Age gate and burger menu/Date'  using regular expression

2019-06-19 15:58:29 - [TEST_STEP][PASSED] - selectOptionByValue(findTestObject("OCS-MOBILE /Age gate and burger menu/month"), "6", true): All options with value '6' are selected in object 'Object Repository/OCS-MOBILE /Age gate and burger menu/month'  using regular expression

2019-06-19 15:58:32 - [MESSAGE][PASSED] - All options with value '6' are selected in object 'Object Repository/OCS-MOBILE /Age gate and burger menu/month'  using regular expression

2019-06-19 15:58:32 - [TEST_STEP][PASSED] - delay(2): Delayed 2 second(s)

2019-06-19 15:58:34 - [MESSAGE][PASSED] - Delayed 2 second(s)

2019-06-19 15:58:34 - [TEST_STEP][PASSED] - selectOptionByValue(findTestObject("OCS-MOBILE /Age gate and burger menu/Year Dropdown"), "1990", true): All options with value '1990' are selected in object 'Object Repository/OCS-MOBILE /Age gate and burger menu/Year Dropdown'  using regular expression

2019-06-19 15:58:47 - [MESSAGE][PASSED] - All options with value '1990' are selected in object 'Object Repository/OCS-MOBILE /Age gate and burger menu/Year Dropdown'  using regular expression

2019-06-19 15:58:47 - [TEST_STEP][PASSED] - click(findTestObject("OCS-MOBILE /Age gate and Mega menu/button_Verify")): Object: 'Object Repository/OCS-MOBILE /Age gate and Mega menu/button_Verify' is clicked on

2019-06-19 15:58:47 - [MESSAGE][PASSED] - Object: 'Object Repository/OCS-MOBILE /Age gate and Mega menu/button_Verify' is clicked on

2019-06-19 15:58:47 - [TEST_STEP][PASSED] - click(findTestObject("OCS-MOBILE /Age gate and Mega menu/Checkbox_CONFIRM AND ACKNOWLEDGE")): Object: 'Object Repository/OCS-MOBILE /Age gate and Mega menu/Checkbox_CONFIRM AND ACKNOWLEDGE' is clicked on

2019-06-19 15:58:48 - [MESSAGE][PASSED] - Object: 'Object Repository/OCS-MOBILE /Age gate and Mega menu/Checkbox_CONFIRM AND ACKNOWLEDGE' is clicked on

2019-06-19 15:58:48 - [TEST_STEP][PASSED] - click(findTestObject("OCS-MOBILE /Age gate and Mega menu/button_CONFIRM")): Object: 'Object Repository/OCS-MOBILE /Age gate and Mega menu/button_CONFIRM' is clicked on

2019-06-19 15:58:48 - [MESSAGE][PASSED] - Object: 'Object Repository/OCS-MOBILE /Age gate and Mega menu/button_CONFIRM' is clicked on

2019-06-19 15:58:48 - [TEST_STEP][PASSED] - click(findTestObject("OCS-MOBILE /Age gate and Mega menu/button_Start Browsing")): Object: 'Object Repository/OCS-MOBILE /Age gate and Mega menu/button_Start Browsing' is clicked on

2019-06-19 15:58:48 - [MESSAGE][PASSED] - Object: 'Object Repository/OCS-MOBILE /Age gate and Mega menu/button_Start Browsing' is clicked on

2019-06-19 15:58:48 - [TEST_STEP][PASSED] - refresh(): Refresh successfully

2019-06-19 15:58:48 - [MESSAGE][PASSED] - Refresh successfully

2019-06-19 15:58:48 - [TEST_STEP][PASSED] - executeJavaScript("var previewBar = document.getElementById("preview-bar-iframe"); previewBar.style.display = "none";", []): Execute JavaScript 'var previewBar = document.getElementById("preview-bar-iframe"); previewBar.style.display = "none";' successfully

2019-06-19 15:58:52 - [MESSAGE][PASSED] - Execute JavaScript 'var previewBar = document.getElementById("preview-bar-iframe"); previewBar.style.display = "none";' successfully

2019-06-19 15:58:52 - [MESSAGE][PASSED] - Call Test Case 'Test Cases/OCS - MOBILE/CALL - AGE GATE' successfully

2019-06-19 15:58:52 - [TEST_STEP][PASSED] - delay(2): Delayed 2 second(s)

2019-06-19 15:58:54 - [MESSAGE][PASSED] - Delayed 2 second(s)

2019-06-19 15:58:54 - [TEST_STEP][PASSED] - click(findTestObject("OCS-MOBILE /Home - page/Screen readers link")): Object: 'Object Repository/OCS-MOBILE /Home - page/Screen readers link' is clicked on

2019-06-19 15:58:57 - [MESSAGE][PASSED] - Object: 'Object Repository/OCS-MOBILE /Home - page/Screen readers link' is clicked on

2019-06-19 15:58:57 - [TEST_STEP][PASSED] - flag = verifyTextPresent("Accessibility at the Ontario Cannabis Store (OCS)", false): Text 'Accessibility at the Ontario Cannabis Store (OCS)' is present on page 

2019-06-19 15:58:57 - [MESSAGE][PASSED] - Text 'Accessibility at the Ontario Cannabis Store (OCS)' is present on page 

2019-06-19 15:58:57 - [TEST_STEP][PASSED] - comment("flag =" + flag): flag =true

2019-06-19 15:58:57 - [MESSAGE][INFO] - flag =true

2019-06-19 15:58:57 - [TEST_STEP][PASSED] - if (flag == false): null

2019-06-19 15:58:57 - [TEST_STEP][PASSED] - else:  naviagtion is  on right page

2019-06-19 15:58:57 - [TEST_STEP][PASSED] - comment(" naviagtion is  on right page"):  naviagtion is  on right page

2019-06-19 15:58:57 - [MESSAGE][INFO] -  naviagtion is  on right page]]></system-out>
         <system-err><![CDATA[]]></system-err>
      </testcase>
      <testcase name="Test Cases/OCS - MOBILE/OCS- HOME PAGE/HP-Burger menu -cannabis" classname="Test Cases/OCS - MOBILE/OCS- HOME PAGE/HP-Burger menu -cannabis" status="FAILED">
         <failure type="FAILED" message="Test Cases/OCS - MOBILE/OCS- HOME PAGE/HP-Burger menu -cannabis FAILED.
Reason:
com.kms.katalon.core.exception.StepFailedException: Unable to click on object 'Object Repository/OCS-MOBILE /Cannabis page/CBD - Dominant products' (Root cause: org.openqa.selenium.WebDriverException: element click intercepted: Element &lt;img class=&quot;menu__featured-item__image&quot; src=&quot;//cdn.shopify.com/s/files/1/2636/1928/files/wks10-12-MEGANAV-top-buys_400x.jpg?v=1559915653&quot; data-src=&quot;//cdn.shopify.com/s/files/1/2636/1928/files/wks10-12-MEGANAV-top-buys_400x.jpg?v=1559915653&quot; alt=&quot;Shop Bestsellers of the Week&quot;> is not clickable at point (117, 539). Other element would receive the click: &lt;iframe title=&quot;Preview Bar&quot; id=&quot;preview-bar-iframe&quot; src=&quot;https://ocs.ca/preview_bar&quot; sandbox=&quot;allow-same-origin allow-scripts&quot; style=&quot;position: fixed; bottom: 0px; left: 0px; z-index: 2147483647; width: 100%; border: none; box-shadow: rgba(0, 0, 0, 0.2) 0px -1px 3px; overflow: hidden; transform: translateY(0px); transition: transform 300ms ease 0s; height: 92px;&quot;>&lt;/iframe>
  (Session info: chrome=76.0.3809.25)
  (Driver info: chromedriver=76.0.3809.25 (a0c95f440512e06df1c9c206f2d79cc20be18bb1-refs/branch-heads/3809@{#271}),platform=Mac OS X 10.13.6 x86_64) (WARNING: The server did not provide any stacktrace information)
Command duration or timeout: 40 milliseconds
Build info: version: '2.53.0', revision: '35ae25b', time: '2016-03-15 17:00:58'
System info: host: 'mac-207-254-12-168.browserstack.com', ip: '207.254.12.168', os.name: 'Mac OS X', os.arch: 'x86_64', os.version: '10.13.6', java.version: '1.8.0_51'
Driver info: org.openqa.selenium.chrome.ChromeDriver
Capabilities [{mobileEmulationEnabled=false, timeouts={implicit=0, pageLoad=300000, script=30000}, hasTouchScreen=false, platform=MAC, acceptSslCerts=false, goog:chromeOptions={debuggerAddress=localhost:53949}, acceptInsecureCerts=false, webStorageEnabled=true, browserName=chrome, takesScreenshot=true, javascriptEnabled=true, setWindowRect=true, unexpectedAlertBehaviour=ignore, applicationCacheEnabled=false, rotatable=false, networkConnectionEnabled=false, chrome={chromedriverVersion=76.0.3809.25 (a0c95f440512e06df1c9c206f2d79cc20be18bb1-refs/branch-heads/3809@{#271}), userDataDir=/var/folders/3y/zz_w6_s56sl__vcrf3r5bhzr0000hr/T/.com.google.Chrome.eMdzz6}, takesHeapSnapshot=true, pageLoadStrategy=normal, strictFileInteractability=false, databaseEnabled=false, handlesAlerts=true, version=76.0.3809.25, browserConnectionEnabled=false, proxy={}, nativeEvents=true, locationContextEnabled=true, cssSelectorsEnabled=true}]
Session ID: 0315add163dd9d81118a543376c19852
Command duration or timeout: 0 milliseconds)
	at com.kms.katalon.core.keyword.internal.KeywordMain.stepFailed(KeywordMain.groovy:36)
	at com.kms.katalon.core.webui.keyword.internal.WebUIKeywordMain.stepFailed(WebUIKeywordMain.groovy:65)
	at com.kms.katalon.core.webui.keyword.internal.WebUIKeywordMain.runKeyword(WebUIKeywordMain.groovy:27)
	at com.kms.katalon.core.webui.keyword.builtin.ClickKeyword.click(ClickKeyword.groovy:86)
	at com.kms.katalon.core.webui.keyword.builtin.ClickKeyword.execute(ClickKeyword.groovy:67)
	at com.kms.katalon.core.keyword.internal.KeywordExecutor.executeKeywordForPlatform(KeywordExecutor.groovy:53)
	at com.kms.katalon.core.webui.keyword.WebUiBuiltInKeywords.click(WebUiBuiltInKeywords.groovy:616)
	at com.kms.katalon.core.webui.keyword.WebUiBuiltInKeywords$click$4.call(Unknown Source)
	at HP-Burger menu -cannabis.run(HP-Burger menu -cannabis:400)
	at com.kms.katalon.core.main.ScriptEngine.run(ScriptEngine.java:194)
	at com.kms.katalon.core.main.ScriptEngine.runScriptAsRawText(ScriptEngine.java:119)
	at com.kms.katalon.core.main.TestCaseExecutor.runScript(TestCaseExecutor.java:328)
	at com.kms.katalon.core.main.TestCaseExecutor.doExecute(TestCaseExecutor.java:319)
	at com.kms.katalon.core.main.TestCaseExecutor.processExecutionPhase(TestCaseExecutor.java:298)
	at com.kms.katalon.core.main.TestCaseExecutor.accessMainPhase(TestCaseExecutor.java:290)
	at com.kms.katalon.core.main.TestCaseExecutor.execute(TestCaseExecutor.java:224)
	at com.kms.katalon.core.main.TestSuiteExecutor.accessTestCaseMainPhase(TestSuiteExecutor.java:129)
	at com.kms.katalon.core.main.TestSuiteExecutor.accessTestSuiteMainPhase(TestSuiteExecutor.java:112)
	at com.kms.katalon.core.main.TestSuiteExecutor.execute(TestSuiteExecutor.java:81)
	at com.kms.katalon.core.main.TestCaseMain.startTestSuite(TestCaseMain.java:149)
	at com.kms.katalon.core.main.TestCaseMain$startTestSuite$0.call(Unknown Source)
	at TempTestSuite1560973018737.run(TempTestSuite1560973018737.groovy:36)
"/>
         <system-out><![CDATA[2019-06-19 15:58:57 - [TEST_CASE][FAILED] - Test Cases/OCS - MOBILE/OCS- HOME PAGE/HP-Burger menu -cannabis: Test Cases/OCS - MOBILE/OCS- HOME PAGE/HP-Burger menu -cannabis FAILED.
Reason:
com.kms.katalon.core.exception.StepFailedException: Unable to click on object 'Object Repository/OCS-MOBILE /Cannabis page/CBD - Dominant products' (Root cause: org.openqa.selenium.WebDriverException: element click intercepted: Element <img class="menu__featured-item__image" src="//cdn.shopify.com/s/files/1/2636/1928/files/wks10-12-MEGANAV-top-buys_400x.jpg?v=1559915653" data-src="//cdn.shopify.com/s/files/1/2636/1928/files/wks10-12-MEGANAV-top-buys_400x.jpg?v=1559915653" alt="Shop Bestsellers of the Week"> is not clickable at point (117, 539). Other element would receive the click: <iframe title="Preview Bar" id="preview-bar-iframe" src="https://ocs.ca/preview_bar" sandbox="allow-same-origin allow-scripts" style="position: fixed; bottom: 0px; left: 0px; z-index: 2147483647; width: 100%; border: none; box-shadow: rgba(0, 0, 0, 0.2) 0px -1px 3px; overflow: hidden; transform: translateY(0px); transition: transform 300ms ease 0s; height: 92px;"></iframe>
  (Session info: chrome=76.0.3809.25)
  (Driver info: chromedriver=76.0.3809.25 (a0c95f440512e06df1c9c206f2d79cc20be18bb1-refs/branch-heads/3809@{#271}),platform=Mac OS X 10.13.6 x86_64) (WARNING: The server did not provide any stacktrace information)
Command duration or timeout: 40 milliseconds
Build info: version: '2.53.0', revision: '35ae25b', time: '2016-03-15 17:00:58'
System info: host: 'mac-207-254-12-168.browserstack.com', ip: '207.254.12.168', os.name: 'Mac OS X', os.arch: 'x86_64', os.version: '10.13.6', java.version: '1.8.0_51'
Driver info: org.openqa.selenium.chrome.ChromeDriver
Capabilities [{mobileEmulationEnabled=false, timeouts={implicit=0, pageLoad=300000, script=30000}, hasTouchScreen=false, platform=MAC, acceptSslCerts=false, goog:chromeOptions={debuggerAddress=localhost:53949}, acceptInsecureCerts=false, webStorageEnabled=true, browserName=chrome, takesScreenshot=true, javascriptEnabled=true, setWindowRect=true, unexpectedAlertBehaviour=ignore, applicationCacheEnabled=false, rotatable=false, networkConnectionEnabled=false, chrome={chromedriverVersion=76.0.3809.25 (a0c95f440512e06df1c9c206f2d79cc20be18bb1-refs/branch-heads/3809@{#271}), userDataDir=/var/folders/3y/zz_w6_s56sl__vcrf3r5bhzr0000hr/T/.com.google.Chrome.eMdzz6}, takesHeapSnapshot=true, pageLoadStrategy=normal, strictFileInteractability=false, databaseEnabled=false, handlesAlerts=true, version=76.0.3809.25, browserConnectionEnabled=false, proxy={}, nativeEvents=true, locationContextEnabled=true, cssSelectorsEnabled=true}]
Session ID: 0315add163dd9d81118a543376c19852
Command duration or timeout: 0 milliseconds)
	at com.kms.katalon.core.keyword.internal.KeywordMain.stepFailed(KeywordMain.groovy:36)
	at com.kms.katalon.core.webui.keyword.internal.WebUIKeywordMain.stepFailed(WebUIKeywordMain.groovy:65)
	at com.kms.katalon.core.webui.keyword.internal.WebUIKeywordMain.runKeyword(WebUIKeywordMain.groovy:27)
	at com.kms.katalon.core.webui.keyword.builtin.ClickKeyword.click(ClickKeyword.groovy:86)
	at com.kms.katalon.core.webui.keyword.builtin.ClickKeyword.execute(ClickKeyword.groovy:67)
	at com.kms.katalon.core.keyword.internal.KeywordExecutor.executeKeywordForPlatform(KeywordExecutor.groovy:53)
	at com.kms.katalon.core.webui.keyword.WebUiBuiltInKeywords.click(WebUiBuiltInKeywords.groovy:616)
	at com.kms.katalon.core.webui.keyword.WebUiBuiltInKeywords$click$4.call(Unknown Source)
	at HP-Burger menu -cannabis.run(HP-Burger menu -cannabis:400)
	at com.kms.katalon.core.main.ScriptEngine.run(ScriptEngine.java:194)
	at com.kms.katalon.core.main.ScriptEngine.runScriptAsRawText(ScriptEngine.java:119)
	at com.kms.katalon.core.main.TestCaseExecutor.runScript(TestCaseExecutor.java:328)
	at com.kms.katalon.core.main.TestCaseExecutor.doExecute(TestCaseExecutor.java:319)
	at com.kms.katalon.core.main.TestCaseExecutor.processExecutionPhase(TestCaseExecutor.java:298)
	at com.kms.katalon.core.main.TestCaseExecutor.accessMainPhase(TestCaseExecutor.java:290)
	at com.kms.katalon.core.main.TestCaseExecutor.execute(TestCaseExecutor.java:224)
	at com.kms.katalon.core.main.TestSuiteExecutor.accessTestCaseMainPhase(TestSuiteExecutor.java:129)
	at com.kms.katalon.core.main.TestSuiteExecutor.accessTestSuiteMainPhase(TestSuiteExecutor.java:112)
	at com.kms.katalon.core.main.TestSuiteExecutor.execute(TestSuiteExecutor.java:81)
	at com.kms.katalon.core.main.TestCaseMain.startTestSuite(TestCaseMain.java:149)
	at com.kms.katalon.core.main.TestCaseMain$startTestSuite$0.call(Unknown Source)
	at TempTestSuite1560973018737.run(TempTestSuite1560973018737.groovy:36)


2019-06-19 15:58:57 - [TEST_STEP][PASSED] - callTestCase(findTestCase("OCS - MOBILE/CALL - AGE GATE"), [:], STOP_ON_FAILURE): Call Test Case 'Test Cases/OCS - MOBILE/CALL - AGE GATE' successfully

2019-06-19 15:58:57 - [TEST_CASE][PASSED] - Test Cases/OCS - MOBILE/CALL - AGE GATE: Test Cases/OCS - MOBILE/CALL - AGE GATE

2019-06-19 15:58:57 - [TEST_STEP][PASSED] - openBrowser(""): Browser is opened with url: ''

2019-06-19 15:58:57 - [MESSAGE][WARNING] - A browser is already opened. Closing browser and opening a new one

2019-06-19 15:58:57 - [MESSAGE][INFO] - Starting 'Remote' driver

2019-06-19 15:58:57 - [MESSAGE][INFO] - User set preference: ['os', 'OS X']

2019-06-19 15:58:57 - [MESSAGE][INFO] - User set preference: ['os_version', 'High Sierra']

2019-06-19 15:58:57 - [MESSAGE][INFO] - User set preference: ['browser', 'Chrome']

2019-06-19 15:58:57 - [MESSAGE][INFO] - User set preference: ['browser_version', '76.0 beta']

2019-06-19 15:58:57 - [MESSAGE][INFO] - User set preference: ['browserstack.local', 'false']

2019-06-19 15:58:57 - [MESSAGE][INFO] - Connecting to remote web server 'https://dianatest3:Z3oqw9ysqTeRQJq5wFCp@hub-cloud.browserstack.com/wd/hub' with type 'Selenium'

2019-06-19 15:59:03 - [MESSAGE][PASSED] - Browser is opened with url: ''

2019-06-19 15:59:03 - [TEST_STEP][PASSED] - navigateToUrl("https://ocs.ca/?fts=0&preview_theme_id=72920106828"): Navigate to 'https://ocs.ca/?fts=0&preview_theme_id=72920106828' successfully

2019-06-19 15:59:08 - [MESSAGE][PASSED] - Navigate to 'https://ocs.ca/?fts=0&preview_theme_id=72920106828' successfully

2019-06-19 15:59:08 - [TEST_STEP][PASSED] - executeJavaScript("var previewBar = document.getElementById("preview-bar-iframe"); previewBar.style.display = "none";", []): Execute JavaScript 'var previewBar = document.getElementById("preview-bar-iframe"); previewBar.style.display = "none";' successfully

2019-06-19 15:59:08 - [MESSAGE][PASSED] - Execute JavaScript 'var previewBar = document.getElementById("preview-bar-iframe"); previewBar.style.display = "none";' successfully

2019-06-19 15:59:08 - [TEST_STEP][PASSED] - setViewPortSize(360, 800): Viewport is set to new size with width = 360 and height = 800

2019-06-19 15:59:08 - [MESSAGE][PASSED] - Viewport is set to new size with width = 360 and height = 800

2019-06-19 15:59:08 - [TEST_STEP][PASSED] - delay(4): Delayed 4 second(s)

2019-06-19 15:59:12 - [MESSAGE][PASSED] - Delayed 4 second(s)

2019-06-19 15:59:12 - [TEST_STEP][PASSED] - selectOptionByValue(findTestObject("OCS-MOBILE /Age gate and burger menu/Date"), "12", true): All options with value '12' are selected in object 'Object Repository/OCS-MOBILE /Age gate and burger menu/Date'  using regular expression

2019-06-19 15:59:16 - [MESSAGE][PASSED] - All options with value '12' are selected in object 'Object Repository/OCS-MOBILE /Age gate and burger menu/Date'  using regular expression

2019-06-19 15:59:16 - [TEST_STEP][PASSED] - selectOptionByValue(findTestObject("OCS-MOBILE /Age gate and burger menu/month"), "6", true): All options with value '6' are selected in object 'Object Repository/OCS-MOBILE /Age gate and burger menu/month'  using regular expression

2019-06-19 15:59:19 - [MESSAGE][PASSED] - All options with value '6' are selected in object 'Object Repository/OCS-MOBILE /Age gate and burger menu/month'  using regular expression

2019-06-19 15:59:19 - [TEST_STEP][PASSED] - delay(2): Delayed 2 second(s)

2019-06-19 15:59:21 - [MESSAGE][PASSED] - Delayed 2 second(s)

2019-06-19 15:59:21 - [TEST_STEP][PASSED] - selectOptionByValue(findTestObject("OCS-MOBILE /Age gate and burger menu/Year Dropdown"), "1990", true): All options with value '1990' are selected in object 'Object Repository/OCS-MOBILE /Age gate and burger menu/Year Dropdown'  using regular expression

2019-06-19 15:59:35 - [MESSAGE][PASSED] - All options with value '1990' are selected in object 'Object Repository/OCS-MOBILE /Age gate and burger menu/Year Dropdown'  using regular expression

2019-06-19 15:59:35 - [TEST_STEP][PASSED] - click(findTestObject("OCS-MOBILE /Age gate and Mega menu/button_Verify")): Object: 'Object Repository/OCS-MOBILE /Age gate and Mega menu/button_Verify' is clicked on

2019-06-19 15:59:36 - [MESSAGE][PASSED] - Object: 'Object Repository/OCS-MOBILE /Age gate and Mega menu/button_Verify' is clicked on

2019-06-19 15:59:36 - [TEST_STEP][PASSED] - click(findTestObject("OCS-MOBILE /Age gate and Mega menu/Checkbox_CONFIRM AND ACKNOWLEDGE")): Object: 'Object Repository/OCS-MOBILE /Age gate and Mega menu/Checkbox_CONFIRM AND ACKNOWLEDGE' is clicked on

2019-06-19 15:59:36 - [MESSAGE][PASSED] - Object: 'Object Repository/OCS-MOBILE /Age gate and Mega menu/Checkbox_CONFIRM AND ACKNOWLEDGE' is clicked on

2019-06-19 15:59:36 - [TEST_STEP][PASSED] - click(findTestObject("OCS-MOBILE /Age gate and Mega menu/button_CONFIRM")): Object: 'Object Repository/OCS-MOBILE /Age gate and Mega menu/button_CONFIRM' is clicked on

2019-06-19 15:59:36 - [MESSAGE][PASSED] - Object: 'Object Repository/OCS-MOBILE /Age gate and Mega menu/button_CONFIRM' is clicked on

2019-06-19 15:59:36 - [TEST_STEP][PASSED] - click(findTestObject("OCS-MOBILE /Age gate and Mega menu/button_Start Browsing")): Object: 'Object Repository/OCS-MOBILE /Age gate and Mega menu/button_Start Browsing' is clicked on

2019-06-19 15:59:37 - [MESSAGE][PASSED] - Object: 'Object Repository/OCS-MOBILE /Age gate and Mega menu/button_Start Browsing' is clicked on

2019-06-19 15:59:37 - [TEST_STEP][PASSED] - refresh(): Refresh successfully

2019-06-19 15:59:37 - [MESSAGE][PASSED] - Refresh successfully

2019-06-19 15:59:37 - [TEST_STEP][PASSED] - executeJavaScript("var previewBar = document.getElementById("preview-bar-iframe"); previewBar.style.display = "none";", []): Execute JavaScript 'var previewBar = document.getElementById("preview-bar-iframe"); previewBar.style.display = "none";' successfully

2019-06-19 15:59:41 - [MESSAGE][PASSED] - Execute JavaScript 'var previewBar = document.getElementById("preview-bar-iframe"); previewBar.style.display = "none";' successfully

2019-06-19 15:59:41 - [MESSAGE][PASSED] - Call Test Case 'Test Cases/OCS - MOBILE/CALL - AGE GATE' successfully

2019-06-19 15:59:41 - [TEST_STEP][PASSED] - delay(2): Delayed 2 second(s)

2019-06-19 15:59:43 - [MESSAGE][PASSED] - Delayed 2 second(s)

2019-06-19 15:59:43 - [TEST_STEP][PASSED] - click(findTestObject("OCS-MOBILE /Age gate and burger menu/Burger menu - English"), CONTINUE_ON_FAILURE): Object: 'Object Repository/OCS-MOBILE /Age gate and burger menu/Burger menu - English' is clicked on

2019-06-19 15:59:43 - [MESSAGE][PASSED] - Object: 'Object Repository/OCS-MOBILE /Age gate and burger menu/Burger menu - English' is clicked on

2019-06-19 15:59:43 - [TEST_STEP][PASSED] - delay(2, CONTINUE_ON_FAILURE): Delayed 2 second(s)

2019-06-19 15:59:45 - [MESSAGE][PASSED] - Delayed 2 second(s)

2019-06-19 15:59:45 - [TEST_STEP][PASSED] - click(findTestObject("OCS-MOBILE /Age gate and burger menu/Chevron_Cannabis")): Object: 'Object Repository/OCS-MOBILE /Age gate and burger menu/Chevron_Cannabis' is clicked on

2019-06-19 15:59:45 - [MESSAGE][PASSED] - Object: 'Object Repository/OCS-MOBILE /Age gate and burger menu/Chevron_Cannabis' is clicked on

2019-06-19 15:59:45 - [TEST_STEP][PASSED] - delay(1, CONTINUE_ON_FAILURE): Delayed 1 second(s)

2019-06-19 15:59:46 - [MESSAGE][PASSED] - Delayed 1 second(s)

2019-06-19 15:59:46 - [TEST_STEP][PASSED] - click(findTestObject("OCS-MOBILE /Cannabis page/Dried flower")): Object: 'Object Repository/OCS-MOBILE /Cannabis page/Dried flower' is clicked on

2019-06-19 15:59:46 - [MESSAGE][PASSED] - Object: 'Object Repository/OCS-MOBILE /Cannabis page/Dried flower' is clicked on

2019-06-19 15:59:46 - [TEST_STEP][PASSED] - delay(1, CONTINUE_ON_FAILURE): Delayed 1 second(s)

2019-06-19 15:59:47 - [MESSAGE][PASSED] - Delayed 1 second(s)

2019-06-19 15:59:47 - [TEST_STEP][PASSED] - click(findTestObject("OCS-MOBILE /Cannabis page/Dried flower")): Object: 'Object Repository/OCS-MOBILE /Cannabis page/Dried flower' is clicked on

2019-06-19 15:59:48 - [MESSAGE][PASSED] - Object: 'Object Repository/OCS-MOBILE /Cannabis page/Dried flower' is clicked on

2019-06-19 15:59:48 - [TEST_STEP][PASSED] - delay(1, CONTINUE_ON_FAILURE): Delayed 1 second(s)

2019-06-19 15:59:49 - [MESSAGE][PASSED] - Delayed 1 second(s)

2019-06-19 15:59:49 - [TEST_STEP][PASSED] - click(findTestObject("OCS-MOBILE /Cannabis page/Dried flower")): Object: 'Object Repository/OCS-MOBILE /Cannabis page/Dried flower' is clicked on

2019-06-19 15:59:49 - [MESSAGE][PASSED] - Object: 'Object Repository/OCS-MOBILE /Cannabis page/Dried flower' is clicked on

2019-06-19 15:59:49 - [TEST_STEP][PASSED] - delay(1, CONTINUE_ON_FAILURE): Delayed 1 second(s)

2019-06-19 15:59:50 - [MESSAGE][PASSED] - Delayed 1 second(s)

2019-06-19 15:59:50 - [TEST_STEP][PASSED] - click(findTestObject("OCS-MOBILE /Cannabis page/Dried flower - Indica dominant")): Object: 'Object Repository/OCS-MOBILE /Cannabis page/Dried flower - Indica dominant' is clicked on

2019-06-19 15:59:53 - [MESSAGE][PASSED] - Object: 'Object Repository/OCS-MOBILE /Cannabis page/Dried flower - Indica dominant' is clicked on

2019-06-19 15:59:53 - [TEST_STEP][PASSED] - delay(1, CONTINUE_ON_FAILURE): Delayed 1 second(s)

2019-06-19 15:59:54 - [MESSAGE][PASSED] - Delayed 1 second(s)

2019-06-19 15:59:54 - [TEST_STEP][PASSED] - click(findTestObject("OCS-MOBILE /Age gate and burger menu/Burger menu - English"), CONTINUE_ON_FAILURE): Object: 'Object Repository/OCS-MOBILE /Age gate and burger menu/Burger menu - English' is clicked on

2019-06-19 15:59:54 - [MESSAGE][PASSED] - Object: 'Object Repository/OCS-MOBILE /Age gate and burger menu/Burger menu - English' is clicked on

2019-06-19 15:59:54 - [TEST_STEP][PASSED] - delay(2, CONTINUE_ON_FAILURE): Delayed 2 second(s)

2019-06-19 15:59:56 - [MESSAGE][PASSED] - Delayed 2 second(s)

2019-06-19 15:59:56 - [TEST_STEP][PASSED] - click(findTestObject("OCS-MOBILE /Age gate and burger menu/Chevron_Cannabis")): Object: 'Object Repository/OCS-MOBILE /Age gate and burger menu/Chevron_Cannabis' is clicked on

2019-06-19 15:59:56 - [MESSAGE][PASSED] - Object: 'Object Repository/OCS-MOBILE /Age gate and burger menu/Chevron_Cannabis' is clicked on

2019-06-19 15:59:56 - [TEST_STEP][PASSED] - delay(1, CONTINUE_ON_FAILURE): Delayed 1 second(s)

2019-06-19 15:59:57 - [MESSAGE][PASSED] - Delayed 1 second(s)

2019-06-19 15:59:57 - [TEST_STEP][PASSED] - click(findTestObject("OCS-MOBILE /Cannabis page/Dried flower")): Object: 'Object Repository/OCS-MOBILE /Cannabis page/Dried flower' is clicked on

2019-06-19 15:59:57 - [MESSAGE][PASSED] - Object: 'Object Repository/OCS-MOBILE /Cannabis page/Dried flower' is clicked on

2019-06-19 15:59:57 - [TEST_STEP][PASSED] - delay(1, CONTINUE_ON_FAILURE): Delayed 1 second(s)

2019-06-19 15:59:58 - [MESSAGE][PASSED] - Delayed 1 second(s)

2019-06-19 15:59:58 - [TEST_STEP][PASSED] - click(findTestObject("OCS-MOBILE /Cannabis page/Dried flower - sativa dominant")): Object: 'Object Repository/OCS-MOBILE /Cannabis page/Dried flower - sativa dominant' is clicked on

2019-06-19 16:00:01 - [MESSAGE][PASSED] - Object: 'Object Repository/OCS-MOBILE /Cannabis page/Dried flower - sativa dominant' is clicked on

2019-06-19 16:00:01 - [TEST_STEP][PASSED] - delay(1, CONTINUE_ON_FAILURE): Delayed 1 second(s)

2019-06-19 16:00:02 - [MESSAGE][PASSED] - Delayed 1 second(s)

2019-06-19 16:00:02 - [TEST_STEP][PASSED] - delay(1, CONTINUE_ON_FAILURE): Delayed 1 second(s)

2019-06-19 16:00:03 - [MESSAGE][PASSED] - Delayed 1 second(s)

2019-06-19 16:00:03 - [TEST_STEP][PASSED] - click(findTestObject("OCS-MOBILE /Age gate and burger menu/Burger menu - English"), CONTINUE_ON_FAILURE): Object: 'Object Repository/OCS-MOBILE /Age gate and burger menu/Burger menu - English' is clicked on

2019-06-19 16:00:03 - [MESSAGE][PASSED] - Object: 'Object Repository/OCS-MOBILE /Age gate and burger menu/Burger menu - English' is clicked on

2019-06-19 16:00:03 - [TEST_STEP][PASSED] - delay(2, CONTINUE_ON_FAILURE): Delayed 2 second(s)

2019-06-19 16:00:05 - [MESSAGE][PASSED] - Delayed 2 second(s)

2019-06-19 16:00:05 - [TEST_STEP][PASSED] - click(findTestObject("OCS-MOBILE /Age gate and burger menu/Chevron_Cannabis")): Object: 'Object Repository/OCS-MOBILE /Age gate and burger menu/Chevron_Cannabis' is clicked on

2019-06-19 16:00:06 - [MESSAGE][PASSED] - Object: 'Object Repository/OCS-MOBILE /Age gate and burger menu/Chevron_Cannabis' is clicked on

2019-06-19 16:00:06 - [TEST_STEP][PASSED] - delay(1, CONTINUE_ON_FAILURE): Delayed 1 second(s)

2019-06-19 16:00:07 - [MESSAGE][PASSED] - Delayed 1 second(s)

2019-06-19 16:00:07 - [TEST_STEP][PASSED] - click(findTestObject("OCS-MOBILE /Cannabis page/Dried flower")): Object: 'Object Repository/OCS-MOBILE /Cannabis page/Dried flower' is clicked on

2019-06-19 16:00:07 - [MESSAGE][PASSED] - Object: 'Object Repository/OCS-MOBILE /Cannabis page/Dried flower' is clicked on

2019-06-19 16:00:07 - [TEST_STEP][PASSED] - delay(1, CONTINUE_ON_FAILURE): Delayed 1 second(s)

2019-06-19 16:00:08 - [MESSAGE][PASSED] - Delayed 1 second(s)

2019-06-19 16:00:08 - [TEST_STEP][PASSED] - click(findTestObject("OCS-MOBILE /Cannabis page/Dried flower - Hybrid")): Object: 'Object Repository/OCS-MOBILE /Cannabis page/Dried flower - Hybrid' is clicked on

2019-06-19 16:00:11 - [MESSAGE][PASSED] - Object: 'Object Repository/OCS-MOBILE /Cannabis page/Dried flower - Hybrid' is clicked on

2019-06-19 16:00:11 - [TEST_STEP][PASSED] - delay(1, CONTINUE_ON_FAILURE): Delayed 1 second(s)

2019-06-19 16:00:12 - [MESSAGE][PASSED] - Delayed 1 second(s)

2019-06-19 16:00:12 - [TEST_STEP][PASSED] - click(findTestObject("OCS-MOBILE /Age gate and burger menu/Burger menu - English"), CONTINUE_ON_FAILURE): Object: 'Object Repository/OCS-MOBILE /Age gate and burger menu/Burger menu - English' is clicked on

2019-06-19 16:00:12 - [MESSAGE][PASSED] - Object: 'Object Repository/OCS-MOBILE /Age gate and burger menu/Burger menu - English' is clicked on

2019-06-19 16:00:12 - [TEST_STEP][PASSED] - delay(2, CONTINUE_ON_FAILURE): Delayed 2 second(s)

2019-06-19 16:00:14 - [MESSAGE][PASSED] - Delayed 2 second(s)

2019-06-19 16:00:14 - [TEST_STEP][PASSED] - click(findTestObject("OCS-MOBILE /Age gate and burger menu/Chevron_Cannabis")): Object: 'Object Repository/OCS-MOBILE /Age gate and burger menu/Chevron_Cannabis' is clicked on

2019-06-19 16:00:14 - [MESSAGE][PASSED] - Object: 'Object Repository/OCS-MOBILE /Age gate and burger menu/Chevron_Cannabis' is clicked on

2019-06-19 16:00:14 - [TEST_STEP][PASSED] - delay(1, CONTINUE_ON_FAILURE): Delayed 1 second(s)

2019-06-19 16:00:15 - [MESSAGE][PASSED] - Delayed 1 second(s)

2019-06-19 16:00:15 - [TEST_STEP][PASSED] - click(findTestObject("OCS-MOBILE /Cannabis page/Dried flower")): Object: 'Object Repository/OCS-MOBILE /Cannabis page/Dried flower' is clicked on

2019-06-19 16:00:16 - [MESSAGE][PASSED] - Object: 'Object Repository/OCS-MOBILE /Cannabis page/Dried flower' is clicked on

2019-06-19 16:00:16 - [TEST_STEP][PASSED] - delay(1, CONTINUE_ON_FAILURE): Delayed 1 second(s)

2019-06-19 16:00:17 - [MESSAGE][PASSED] - Delayed 1 second(s)

2019-06-19 16:00:17 - [TEST_STEP][PASSED] - click(findTestObject("OCS-MOBILE /Cannabis page/Shop all dried flower")): Object: 'Object Repository/OCS-MOBILE /Cannabis page/Shop all dried flower' is clicked on

2019-06-19 16:00:19 - [MESSAGE][PASSED] - Object: 'Object Repository/OCS-MOBILE /Cannabis page/Shop all dried flower' is clicked on

2019-06-19 16:00:19 - [TEST_STEP][PASSED] - delay(1, CONTINUE_ON_FAILURE): Delayed 1 second(s)

2019-06-19 16:00:20 - [MESSAGE][PASSED] - Delayed 1 second(s)

2019-06-19 16:00:20 - [TEST_STEP][PASSED] - click(findTestObject("OCS-MOBILE /Age gate and burger menu/Burger menu - English"), CONTINUE_ON_FAILURE): Object: 'Object Repository/OCS-MOBILE /Age gate and burger menu/Burger menu - English' is clicked on

2019-06-19 16:00:21 - [MESSAGE][PASSED] - Object: 'Object Repository/OCS-MOBILE /Age gate and burger menu/Burger menu - English' is clicked on

2019-06-19 16:00:21 - [TEST_STEP][PASSED] - delay(2, CONTINUE_ON_FAILURE): Delayed 2 second(s)

2019-06-19 16:00:23 - [MESSAGE][PASSED] - Delayed 2 second(s)

2019-06-19 16:00:23 - [TEST_STEP][PASSED] - click(findTestObject("OCS-MOBILE /Age gate and burger menu/Chevron_Cannabis")): Object: 'Object Repository/OCS-MOBILE /Age gate and burger menu/Chevron_Cannabis' is clicked on

2019-06-19 16:00:23 - [MESSAGE][PASSED] - Object: 'Object Repository/OCS-MOBILE /Age gate and burger menu/Chevron_Cannabis' is clicked on

2019-06-19 16:00:23 - [TEST_STEP][PASSED] - delay(1, CONTINUE_ON_FAILURE): Delayed 1 second(s)

2019-06-19 16:00:24 - [MESSAGE][PASSED] - Delayed 1 second(s)

2019-06-19 16:00:24 - [TEST_STEP][PASSED] - click(findTestObject("OCS-MOBILE /Cannabis page/Prerolled - Plus accordian")): Object: 'Object Repository/OCS-MOBILE /Cannabis page/Prerolled - Plus accordian' is clicked on

2019-06-19 16:00:25 - [MESSAGE][PASSED] - Object: 'Object Repository/OCS-MOBILE /Cannabis page/Prerolled - Plus accordian' is clicked on

2019-06-19 16:00:25 - [TEST_STEP][PASSED] - delay(1, CONTINUE_ON_FAILURE): Delayed 1 second(s)

2019-06-19 16:00:26 - [MESSAGE][PASSED] - Delayed 1 second(s)

2019-06-19 16:00:26 - [TEST_STEP][PASSED] - click(findTestObject("OCS-MOBILE /Cannabis page/Prerolled - Plus accordian")): Object: 'Object Repository/OCS-MOBILE /Cannabis page/Prerolled - Plus accordian' is clicked on

2019-06-19 16:00:26 - [MESSAGE][PASSED] - Object: 'Object Repository/OCS-MOBILE /Cannabis page/Prerolled - Plus accordian' is clicked on

2019-06-19 16:00:26 - [TEST_STEP][PASSED] - delay(1, CONTINUE_ON_FAILURE): Delayed 1 second(s)

2019-06-19 16:00:27 - [MESSAGE][PASSED] - Delayed 1 second(s)

2019-06-19 16:00:27 - [TEST_STEP][PASSED] - click(findTestObject("OCS-MOBILE /Cannabis page/Prerolled - Plus accordian")): Object: 'Object Repository/OCS-MOBILE /Cannabis page/Prerolled - Plus accordian' is clicked on

2019-06-19 16:00:27 - [MESSAGE][PASSED] - Object: 'Object Repository/OCS-MOBILE /Cannabis page/Prerolled - Plus accordian' is clicked on

2019-06-19 16:00:27 - [TEST_STEP][PASSED] - delay(1, CONTINUE_ON_FAILURE): Delayed 1 second(s)

2019-06-19 16:00:28 - [MESSAGE][PASSED] - Delayed 1 second(s)

2019-06-19 16:00:28 - [TEST_STEP][PASSED] - click(findTestObject("OCS-MOBILE /Cannabis page/Prerolled - Indica dominant")): Object: 'Object Repository/OCS-MOBILE /Cannabis page/Prerolled - Indica dominant' is clicked on

2019-06-19 16:00:31 - [MESSAGE][PASSED] - Object: 'Object Repository/OCS-MOBILE /Cannabis page/Prerolled - Indica dominant' is clicked on

2019-06-19 16:00:31 - [TEST_STEP][PASSED] - delay(1, CONTINUE_ON_FAILURE): Delayed 1 second(s)

2019-06-19 16:00:32 - [MESSAGE][PASSED] - Delayed 1 second(s)

2019-06-19 16:00:32 - [TEST_STEP][PASSED] - click(findTestObject("OCS-MOBILE /Age gate and burger menu/Burger menu - English"), CONTINUE_ON_FAILURE): Object: 'Object Repository/OCS-MOBILE /Age gate and burger menu/Burger menu - English' is clicked on

2019-06-19 16:00:32 - [MESSAGE][PASSED] - Object: 'Object Repository/OCS-MOBILE /Age gate and burger menu/Burger menu - English' is clicked on

2019-06-19 16:00:32 - [TEST_STEP][PASSED] - delay(2, CONTINUE_ON_FAILURE): Delayed 2 second(s)

2019-06-19 16:00:34 - [MESSAGE][PASSED] - Delayed 2 second(s)

2019-06-19 16:00:34 - [TEST_STEP][PASSED] - click(findTestObject("OCS-MOBILE /Age gate and burger menu/Chevron_Cannabis")): Object: 'Object Repository/OCS-MOBILE /Age gate and burger menu/Chevron_Cannabis' is clicked on

2019-06-19 16:00:34 - [MESSAGE][PASSED] - Object: 'Object Repository/OCS-MOBILE /Age gate and burger menu/Chevron_Cannabis' is clicked on

2019-06-19 16:00:34 - [TEST_STEP][PASSED] - delay(1, CONTINUE_ON_FAILURE): Delayed 1 second(s)

2019-06-19 16:00:35 - [MESSAGE][PASSED] - Delayed 1 second(s)

2019-06-19 16:00:35 - [TEST_STEP][PASSED] - click(findTestObject("OCS-MOBILE /Cannabis page/Prerolled - Plus accordian")): Object: 'Object Repository/OCS-MOBILE /Cannabis page/Prerolled - Plus accordian' is clicked on

2019-06-19 16:00:36 - [MESSAGE][PASSED] - Object: 'Object Repository/OCS-MOBILE /Cannabis page/Prerolled - Plus accordian' is clicked on

2019-06-19 16:00:36 - [TEST_STEP][PASSED] - delay(1, CONTINUE_ON_FAILURE): Delayed 1 second(s)

2019-06-19 16:00:37 - [MESSAGE][PASSED] - Delayed 1 second(s)

2019-06-19 16:00:37 - [TEST_STEP][PASSED] - click(findTestObject("OCS-MOBILE /Cannabis page/Prerolled - sativa dominant")): Object: 'Object Repository/OCS-MOBILE /Cannabis page/Prerolled - sativa dominant' is clicked on

2019-06-19 16:00:40 - [MESSAGE][PASSED] - Object: 'Object Repository/OCS-MOBILE /Cannabis page/Prerolled - sativa dominant' is clicked on

2019-06-19 16:00:40 - [TEST_STEP][PASSED] - delay(1, CONTINUE_ON_FAILURE): Delayed 1 second(s)

2019-06-19 16:00:41 - [MESSAGE][PASSED] - Delayed 1 second(s)

2019-06-19 16:00:41 - [TEST_STEP][PASSED] - click(findTestObject("OCS-MOBILE /Age gate and burger menu/Burger menu - English"), CONTINUE_ON_FAILURE): Object: 'Object Repository/OCS-MOBILE /Age gate and burger menu/Burger menu - English' is clicked on

2019-06-19 16:00:41 - [MESSAGE][PASSED] - Object: 'Object Repository/OCS-MOBILE /Age gate and burger menu/Burger menu - English' is clicked on

2019-06-19 16:00:41 - [TEST_STEP][PASSED] - delay(2, CONTINUE_ON_FAILURE): Delayed 2 second(s)

2019-06-19 16:00:43 - [MESSAGE][PASSED] - Delayed 2 second(s)

2019-06-19 16:00:43 - [TEST_STEP][PASSED] - click(findTestObject("OCS-MOBILE /Age gate and burger menu/Chevron_Cannabis")): Object: 'Object Repository/OCS-MOBILE /Age gate and burger menu/Chevron_Cannabis' is clicked on

2019-06-19 16:00:43 - [MESSAGE][PASSED] - Object: 'Object Repository/OCS-MOBILE /Age gate and burger menu/Chevron_Cannabis' is clicked on

2019-06-19 16:00:43 - [TEST_STEP][PASSED] - delay(1, CONTINUE_ON_FAILURE): Delayed 1 second(s)

2019-06-19 16:00:44 - [MESSAGE][PASSED] - Delayed 1 second(s)

2019-06-19 16:00:44 - [TEST_STEP][PASSED] - click(findTestObject("OCS-MOBILE /Cannabis page/Prerolled - Plus accordian")): Object: 'Object Repository/OCS-MOBILE /Cannabis page/Prerolled - Plus accordian' is clicked on

2019-06-19 16:00:44 - [MESSAGE][PASSED] - Object: 'Object Repository/OCS-MOBILE /Cannabis page/Prerolled - Plus accordian' is clicked on

2019-06-19 16:00:44 - [TEST_STEP][PASSED] - delay(1, CONTINUE_ON_FAILURE): Delayed 1 second(s)

2019-06-19 16:00:45 - [MESSAGE][PASSED] - Delayed 1 second(s)

2019-06-19 16:00:45 - [TEST_STEP][PASSED] - click(findTestObject("OCS-MOBILE /Cannabis page/Prerolled - Hybrid")): Object: 'Object Repository/OCS-MOBILE /Cannabis page/Prerolled - Hybrid' is clicked on

2019-06-19 16:00:48 - [MESSAGE][PASSED] - Object: 'Object Repository/OCS-MOBILE /Cannabis page/Prerolled - Hybrid' is clicked on

2019-06-19 16:00:48 - [TEST_STEP][PASSED] - delay(1, CONTINUE_ON_FAILURE): Delayed 1 second(s)

2019-06-19 16:00:49 - [MESSAGE][PASSED] - Delayed 1 second(s)

2019-06-19 16:00:49 - [TEST_STEP][PASSED] - click(findTestObject("OCS-MOBILE /Age gate and burger menu/Burger menu - English"), CONTINUE_ON_FAILURE): Object: 'Object Repository/OCS-MOBILE /Age gate and burger menu/Burger menu - English' is clicked on

2019-06-19 16:00:49 - [MESSAGE][PASSED] - Object: 'Object Repository/OCS-MOBILE /Age gate and burger menu/Burger menu - English' is clicked on

2019-06-19 16:00:49 - [TEST_STEP][PASSED] - delay(2, CONTINUE_ON_FAILURE): Delayed 2 second(s)

2019-06-19 16:00:51 - [MESSAGE][PASSED] - Delayed 2 second(s)

2019-06-19 16:00:51 - [TEST_STEP][PASSED] - click(findTestObject("OCS-MOBILE /Age gate and burger menu/Chevron_Cannabis")): Object: 'Object Repository/OCS-MOBILE /Age gate and burger menu/Chevron_Cannabis' is clicked on

2019-06-19 16:00:52 - [MESSAGE][PASSED] - Object: 'Object Repository/OCS-MOBILE /Age gate and burger menu/Chevron_Cannabis' is clicked on

2019-06-19 16:00:52 - [TEST_STEP][PASSED] - delay(1, CONTINUE_ON_FAILURE): Delayed 1 second(s)

2019-06-19 16:00:53 - [MESSAGE][PASSED] - Delayed 1 second(s)

2019-06-19 16:00:53 - [TEST_STEP][PASSED] - click(findTestObject("OCS-MOBILE /Cannabis page/Prerolled - Plus accordian")): Object: 'Object Repository/OCS-MOBILE /Cannabis page/Prerolled - Plus accordian' is clicked on

2019-06-19 16:00:53 - [MESSAGE][PASSED] - Object: 'Object Repository/OCS-MOBILE /Cannabis page/Prerolled - Plus accordian' is clicked on

2019-06-19 16:00:53 - [TEST_STEP][PASSED] - delay(1, CONTINUE_ON_FAILURE): Delayed 1 second(s)

2019-06-19 16:00:54 - [MESSAGE][PASSED] - Delayed 1 second(s)

2019-06-19 16:00:54 - [TEST_STEP][PASSED] - click(findTestObject("OCS-MOBILE /Cannabis page/Shop all prerolled")): Object: 'Object Repository/OCS-MOBILE /Cannabis page/Shop all prerolled' is clicked on

2019-06-19 16:00:56 - [MESSAGE][PASSED] - Object: 'Object Repository/OCS-MOBILE /Cannabis page/Shop all prerolled' is clicked on

2019-06-19 16:00:56 - [TEST_STEP][PASSED] - delay(1, CONTINUE_ON_FAILURE): Delayed 1 second(s)

2019-06-19 16:00:57 - [MESSAGE][PASSED] - Delayed 1 second(s)

2019-06-19 16:00:57 - [TEST_STEP][PASSED] - click(findTestObject("OCS-MOBILE /Age gate and burger menu/Burger menu - English"), CONTINUE_ON_FAILURE): Object: 'Object Repository/OCS-MOBILE /Age gate and burger menu/Burger menu - English' is clicked on

2019-06-19 16:00:58 - [MESSAGE][PASSED] - Object: 'Object Repository/OCS-MOBILE /Age gate and burger menu/Burger menu - English' is clicked on

2019-06-19 16:00:58 - [TEST_STEP][PASSED] - delay(2, CONTINUE_ON_FAILURE): Delayed 2 second(s)

2019-06-19 16:01:00 - [MESSAGE][PASSED] - Delayed 2 second(s)

2019-06-19 16:01:00 - [TEST_STEP][PASSED] - click(findTestObject("OCS-MOBILE /Age gate and burger menu/Chevron_Cannabis")): Object: 'Object Repository/OCS-MOBILE /Age gate and burger menu/Chevron_Cannabis' is clicked on

2019-06-19 16:01:00 - [MESSAGE][PASSED] - Object: 'Object Repository/OCS-MOBILE /Age gate and burger menu/Chevron_Cannabis' is clicked on

2019-06-19 16:01:00 - [TEST_STEP][PASSED] - delay(1, CONTINUE_ON_FAILURE): Delayed 1 second(s)

2019-06-19 16:01:01 - [MESSAGE][PASSED] - Delayed 1 second(s)

2019-06-19 16:01:01 - [TEST_STEP][NOT_RUN] - click(findTestObject("OCS-MOBILE /Cannabis page/Prerolled - Plus accordian")): NOT_RUN: click(findTestObject("OCS-MOBILE /Cannabis page/Prerolled - Plus accordian"))

2019-06-19 16:01:01 - [MESSAGE][NOT_RUN] - NOT_RUN: click(findTestObject("OCS-MOBILE /Cannabis page/Prerolled - Plus accordian"))

2019-06-19 16:01:01 - [TEST_STEP][PASSED] - delay(1, CONTINUE_ON_FAILURE): Delayed 1 second(s)

2019-06-19 16:01:02 - [MESSAGE][PASSED] - Delayed 1 second(s)

2019-06-19 16:01:02 - [TEST_STEP][PASSED] - click(findTestObject("OCS-MOBILE /Cannabis page/Oils - plus accordian")): Object: 'Object Repository/OCS-MOBILE /Cannabis page/Oils - plus accordian' is clicked on

2019-06-19 16:01:02 - [MESSAGE][PASSED] - Object: 'Object Repository/OCS-MOBILE /Cannabis page/Oils - plus accordian' is clicked on

2019-06-19 16:01:02 - [TEST_STEP][PASSED] - delay(1, CONTINUE_ON_FAILURE): Delayed 1 second(s)

2019-06-19 16:01:03 - [MESSAGE][PASSED] - Delayed 1 second(s)

2019-06-19 16:01:03 - [TEST_STEP][PASSED] - click(findTestObject("OCS-MOBILE /Cannabis page/Oils - plus accordian")): Object: 'Object Repository/OCS-MOBILE /Cannabis page/Oils - plus accordian' is clicked on

2019-06-19 16:01:04 - [MESSAGE][PASSED] - Object: 'Object Repository/OCS-MOBILE /Cannabis page/Oils - plus accordian' is clicked on

2019-06-19 16:01:04 - [TEST_STEP][PASSED] - delay(1, CONTINUE_ON_FAILURE): Delayed 1 second(s)

2019-06-19 16:01:05 - [MESSAGE][PASSED] - Delayed 1 second(s)

2019-06-19 16:01:05 - [TEST_STEP][PASSED] - click(findTestObject("OCS-MOBILE /Cannabis page/Oils - plus accordian")): Object: 'Object Repository/OCS-MOBILE /Cannabis page/Oils - plus accordian' is clicked on

2019-06-19 16:01:05 - [MESSAGE][PASSED] - Object: 'Object Repository/OCS-MOBILE /Cannabis page/Oils - plus accordian' is clicked on

2019-06-19 16:01:05 - [TEST_STEP][PASSED] - delay(1, CONTINUE_ON_FAILURE): Delayed 1 second(s)

2019-06-19 16:01:06 - [MESSAGE][PASSED] - Delayed 1 second(s)

2019-06-19 16:01:06 - [TEST_STEP][PASSED] - click(findTestObject("OCS-MOBILE /Cannabis page/Oils - Bottled oils")): Object: 'Object Repository/OCS-MOBILE /Cannabis page/Oils - Bottled oils' is clicked on

2019-06-19 16:01:09 - [MESSAGE][PASSED] - Object: 'Object Repository/OCS-MOBILE /Cannabis page/Oils - Bottled oils' is clicked on

2019-06-19 16:01:09 - [TEST_STEP][PASSED] - delay(1, CONTINUE_ON_FAILURE): Delayed 1 second(s)

2019-06-19 16:01:10 - [MESSAGE][PASSED] - Delayed 1 second(s)

2019-06-19 16:01:10 - [TEST_STEP][PASSED] - click(findTestObject("OCS-MOBILE /Age gate and burger menu/Burger menu - English"), CONTINUE_ON_FAILURE): Object: 'Object Repository/OCS-MOBILE /Age gate and burger menu/Burger menu - English' is clicked on

2019-06-19 16:01:10 - [MESSAGE][PASSED] - Object: 'Object Repository/OCS-MOBILE /Age gate and burger menu/Burger menu - English' is clicked on

2019-06-19 16:01:10 - [TEST_STEP][PASSED] - delay(2, CONTINUE_ON_FAILURE): Delayed 2 second(s)

2019-06-19 16:01:12 - [MESSAGE][PASSED] - Delayed 2 second(s)

2019-06-19 16:01:12 - [TEST_STEP][PASSED] - click(findTestObject("OCS-MOBILE /Age gate and burger menu/Chevron_Cannabis")): Object: 'Object Repository/OCS-MOBILE /Age gate and burger menu/Chevron_Cannabis' is clicked on

2019-06-19 16:01:12 - [MESSAGE][PASSED] - Object: 'Object Repository/OCS-MOBILE /Age gate and burger menu/Chevron_Cannabis' is clicked on

2019-06-19 16:01:12 - [TEST_STEP][PASSED] - delay(1, CONTINUE_ON_FAILURE): Delayed 1 second(s)

2019-06-19 16:01:13 - [MESSAGE][PASSED] - Delayed 1 second(s)

2019-06-19 16:01:13 - [TEST_STEP][PASSED] - click(findTestObject("OCS-MOBILE /Cannabis page/Oils - plus accordian")): Object: 'Object Repository/OCS-MOBILE /Cannabis page/Oils - plus accordian' is clicked on

2019-06-19 16:01:13 - [MESSAGE][PASSED] - Object: 'Object Repository/OCS-MOBILE /Cannabis page/Oils - plus accordian' is clicked on

2019-06-19 16:01:13 - [TEST_STEP][PASSED] - delay(1, CONTINUE_ON_FAILURE): Delayed 1 second(s)

2019-06-19 16:01:14 - [MESSAGE][PASSED] - Delayed 1 second(s)

2019-06-19 16:01:14 - [TEST_STEP][PASSED] - click(findTestObject("OCS-MOBILE /Cannabis page/Oils - oral sprays")): Object: 'Object Repository/OCS-MOBILE /Cannabis page/Oils - oral sprays' is clicked on

2019-06-19 16:01:17 - [MESSAGE][PASSED] - Object: 'Object Repository/OCS-MOBILE /Cannabis page/Oils - oral sprays' is clicked on

2019-06-19 16:01:17 - [TEST_STEP][PASSED] - delay(1, CONTINUE_ON_FAILURE): Delayed 1 second(s)

2019-06-19 16:01:18 - [MESSAGE][PASSED] - Delayed 1 second(s)

2019-06-19 16:01:18 - [TEST_STEP][PASSED] - click(findTestObject("OCS-MOBILE /Age gate and burger menu/Burger menu - English"), CONTINUE_ON_FAILURE): Object: 'Object Repository/OCS-MOBILE /Age gate and burger menu/Burger menu - English' is clicked on

2019-06-19 16:01:19 - [MESSAGE][PASSED] - Object: 'Object Repository/OCS-MOBILE /Age gate and burger menu/Burger menu - English' is clicked on

2019-06-19 16:01:19 - [TEST_STEP][PASSED] - delay(2, CONTINUE_ON_FAILURE): Delayed 2 second(s)

2019-06-19 16:01:21 - [MESSAGE][PASSED] - Delayed 2 second(s)

2019-06-19 16:01:21 - [TEST_STEP][PASSED] - click(findTestObject("OCS-MOBILE /Age gate and burger menu/Chevron_Cannabis")): Object: 'Object Repository/OCS-MOBILE /Age gate and burger menu/Chevron_Cannabis' is clicked on

2019-06-19 16:01:21 - [MESSAGE][PASSED] - Object: 'Object Repository/OCS-MOBILE /Age gate and burger menu/Chevron_Cannabis' is clicked on

2019-06-19 16:01:21 - [TEST_STEP][PASSED] - delay(1, CONTINUE_ON_FAILURE): Delayed 1 second(s)

2019-06-19 16:01:22 - [MESSAGE][PASSED] - Delayed 1 second(s)

2019-06-19 16:01:22 - [TEST_STEP][PASSED] - click(findTestObject("OCS-MOBILE /Cannabis page/Oils - plus accordian")): Object: 'Object Repository/OCS-MOBILE /Cannabis page/Oils - plus accordian' is clicked on

2019-06-19 16:01:22 - [MESSAGE][PASSED] - Object: 'Object Repository/OCS-MOBILE /Cannabis page/Oils - plus accordian' is clicked on

2019-06-19 16:01:22 - [TEST_STEP][PASSED] - delay(1, CONTINUE_ON_FAILURE): Delayed 1 second(s)

2019-06-19 16:01:23 - [MESSAGE][PASSED] - Delayed 1 second(s)

2019-06-19 16:01:23 - [TEST_STEP][PASSED] - click(findTestObject("OCS-MOBILE /Cannabis page/shop all oils")): Object: 'Object Repository/OCS-MOBILE /Cannabis page/shop all oils' is clicked on

2019-06-19 16:01:26 - [MESSAGE][PASSED] - Object: 'Object Repository/OCS-MOBILE /Cannabis page/shop all oils' is clicked on

2019-06-19 16:01:26 - [TEST_STEP][PASSED] - delay(1, CONTINUE_ON_FAILURE): Delayed 1 second(s)

2019-06-19 16:01:27 - [MESSAGE][PASSED] - Delayed 1 second(s)

2019-06-19 16:01:27 - [TEST_STEP][PASSED] - click(findTestObject("OCS-MOBILE /Age gate and burger menu/Burger menu - English"), CONTINUE_ON_FAILURE): Object: 'Object Repository/OCS-MOBILE /Age gate and burger menu/Burger menu - English' is clicked on

2019-06-19 16:01:28 - [MESSAGE][PASSED] - Object: 'Object Repository/OCS-MOBILE /Age gate and burger menu/Burger menu - English' is clicked on

2019-06-19 16:01:28 - [TEST_STEP][PASSED] - delay(2, CONTINUE_ON_FAILURE): Delayed 2 second(s)

2019-06-19 16:01:30 - [MESSAGE][PASSED] - Delayed 2 second(s)

2019-06-19 16:01:30 - [TEST_STEP][PASSED] - click(findTestObject("OCS-MOBILE /Age gate and burger menu/Chevron_Cannabis")): Object: 'Object Repository/OCS-MOBILE /Age gate and burger menu/Chevron_Cannabis' is clicked on

2019-06-19 16:01:30 - [MESSAGE][PASSED] - Object: 'Object Repository/OCS-MOBILE /Age gate and burger menu/Chevron_Cannabis' is clicked on

2019-06-19 16:01:30 - [TEST_STEP][PASSED] - delay(1, CONTINUE_ON_FAILURE): Delayed 1 second(s)

2019-06-19 16:01:31 - [MESSAGE][PASSED] - Delayed 1 second(s)

2019-06-19 16:01:31 - [TEST_STEP][PASSED] - click(findTestObject("OCS-MOBILE /Cannabis page/Capsules chevron")): Object: 'Object Repository/OCS-MOBILE /Cannabis page/Capsules chevron' is clicked on

2019-06-19 16:01:33 - [MESSAGE][PASSED] - Object: 'Object Repository/OCS-MOBILE /Cannabis page/Capsules chevron' is clicked on

2019-06-19 16:01:33 - [TEST_STEP][PASSED] - delay(1, CONTINUE_ON_FAILURE): Delayed 1 second(s)

2019-06-19 16:01:34 - [MESSAGE][PASSED] - Delayed 1 second(s)

2019-06-19 16:01:34 - [TEST_STEP][PASSED] - click(findTestObject("OCS-MOBILE /Age gate and burger menu/Burger menu - English"), CONTINUE_ON_FAILURE): Object: 'Object Repository/OCS-MOBILE /Age gate and burger menu/Burger menu - English' is clicked on

2019-06-19 16:01:35 - [MESSAGE][PASSED] - Object: 'Object Repository/OCS-MOBILE /Age gate and burger menu/Burger menu - English' is clicked on

2019-06-19 16:01:35 - [TEST_STEP][PASSED] - delay(2, CONTINUE_ON_FAILURE): Delayed 2 second(s)

2019-06-19 16:01:37 - [MESSAGE][PASSED] - Delayed 2 second(s)

2019-06-19 16:01:37 - [TEST_STEP][PASSED] - click(findTestObject("OCS-MOBILE /Age gate and burger menu/Chevron_Cannabis")): Object: 'Object Repository/OCS-MOBILE /Age gate and burger menu/Chevron_Cannabis' is clicked on

2019-06-19 16:01:37 - [MESSAGE][PASSED] - Object: 'Object Repository/OCS-MOBILE /Age gate and burger menu/Chevron_Cannabis' is clicked on

2019-06-19 16:01:37 - [TEST_STEP][PASSED] - delay(1, CONTINUE_ON_FAILURE): Delayed 1 second(s)

2019-06-19 16:01:38 - [MESSAGE][PASSED] - Delayed 1 second(s)

2019-06-19 16:01:38 - [TEST_STEP][PASSED] - click(findTestObject("OCS-MOBILE /Cannabis page/Shop by plant type - plus accordian")): Object: 'Object Repository/OCS-MOBILE /Cannabis page/Shop by plant type - plus accordian' is clicked on

2019-06-19 16:01:38 - [MESSAGE][PASSED] - Object: 'Object Repository/OCS-MOBILE /Cannabis page/Shop by plant type - plus accordian' is clicked on

2019-06-19 16:01:38 - [TEST_STEP][PASSED] - delay(1, CONTINUE_ON_FAILURE): Delayed 1 second(s)

2019-06-19 16:01:39 - [MESSAGE][PASSED] - Delayed 1 second(s)

2019-06-19 16:01:39 - [TEST_STEP][PASSED] - click(findTestObject("OCS-MOBILE /Cannabis page/Shop by plant type - plus accordian")): Object: 'Object Repository/OCS-MOBILE /Cannabis page/Shop by plant type - plus accordian' is clicked on

2019-06-19 16:01:39 - [MESSAGE][PASSED] - Object: 'Object Repository/OCS-MOBILE /Cannabis page/Shop by plant type - plus accordian' is clicked on

2019-06-19 16:01:39 - [TEST_STEP][PASSED] - delay(1, CONTINUE_ON_FAILURE): Delayed 1 second(s)

2019-06-19 16:01:40 - [MESSAGE][PASSED] - Delayed 1 second(s)

2019-06-19 16:01:40 - [TEST_STEP][PASSED] - click(findTestObject("OCS-MOBILE /Cannabis page/Shop by plant type - plus accordian")): Object: 'Object Repository/OCS-MOBILE /Cannabis page/Shop by plant type - plus accordian' is clicked on

2019-06-19 16:01:41 - [MESSAGE][PASSED] - Object: 'Object Repository/OCS-MOBILE /Cannabis page/Shop by plant type - plus accordian' is clicked on

2019-06-19 16:01:41 - [TEST_STEP][PASSED] - delay(1, CONTINUE_ON_FAILURE): Delayed 1 second(s)

2019-06-19 16:01:42 - [MESSAGE][PASSED] - Delayed 1 second(s)

2019-06-19 16:01:42 - [TEST_STEP][PASSED] - click(findTestObject("OCS-MOBILE /Cannabis page/Shop by plant type - Indica dominant")): Object: 'Object Repository/OCS-MOBILE /Cannabis page/Shop by plant type - Indica dominant' is clicked on

2019-06-19 16:01:45 - [MESSAGE][PASSED] - Object: 'Object Repository/OCS-MOBILE /Cannabis page/Shop by plant type - Indica dominant' is clicked on

2019-06-19 16:01:45 - [TEST_STEP][PASSED] - delay(1, CONTINUE_ON_FAILURE): Delayed 1 second(s)

2019-06-19 16:01:46 - [MESSAGE][PASSED] - Delayed 1 second(s)

2019-06-19 16:01:46 - [TEST_STEP][PASSED] - click(findTestObject("OCS-MOBILE /Age gate and burger menu/Burger menu - English"), CONTINUE_ON_FAILURE): Object: 'Object Repository/OCS-MOBILE /Age gate and burger menu/Burger menu - English' is clicked on

2019-06-19 16:01:46 - [MESSAGE][PASSED] - Object: 'Object Repository/OCS-MOBILE /Age gate and burger menu/Burger menu - English' is clicked on

2019-06-19 16:01:46 - [TEST_STEP][PASSED] - delay(2, CONTINUE_ON_FAILURE): Delayed 2 second(s)

2019-06-19 16:01:48 - [MESSAGE][PASSED] - Delayed 2 second(s)

2019-06-19 16:01:48 - [TEST_STEP][PASSED] - click(findTestObject("OCS-MOBILE /Age gate and burger menu/Chevron_Cannabis")): Object: 'Object Repository/OCS-MOBILE /Age gate and burger menu/Chevron_Cannabis' is clicked on

2019-06-19 16:01:48 - [MESSAGE][PASSED] - Object: 'Object Repository/OCS-MOBILE /Age gate and burger menu/Chevron_Cannabis' is clicked on

2019-06-19 16:01:48 - [TEST_STEP][PASSED] - delay(1, CONTINUE_ON_FAILURE): Delayed 1 second(s)

2019-06-19 16:01:49 - [MESSAGE][PASSED] - Delayed 1 second(s)

2019-06-19 16:01:49 - [TEST_STEP][PASSED] - click(findTestObject("OCS-MOBILE /Cannabis page/Shop by plant type - plus accordian")): Object: 'Object Repository/OCS-MOBILE /Cannabis page/Shop by plant type - plus accordian' is clicked on

2019-06-19 16:01:50 - [MESSAGE][PASSED] - Object: 'Object Repository/OCS-MOBILE /Cannabis page/Shop by plant type - plus accordian' is clicked on

2019-06-19 16:01:50 - [TEST_STEP][NOT_RUN] - click(findTestObject("OCS-MOBILE /Cannabis page/Shop by plant type - plus accordian")): NOT_RUN: click(findTestObject("OCS-MOBILE /Cannabis page/Shop by plant type - plus accordian"))

2019-06-19 16:01:50 - [MESSAGE][NOT_RUN] - NOT_RUN: click(findTestObject("OCS-MOBILE /Cannabis page/Shop by plant type - plus accordian"))

2019-06-19 16:01:50 - [TEST_STEP][PASSED] - delay(1, CONTINUE_ON_FAILURE): Delayed 1 second(s)

2019-06-19 16:01:51 - [MESSAGE][PASSED] - Delayed 1 second(s)

2019-06-19 16:01:51 - [TEST_STEP][PASSED] - click(findTestObject("OCS-MOBILE /Cannabis page/Shop by plant type - sativa dominant")): Object: 'Object Repository/OCS-MOBILE /Cannabis page/Shop by plant type - sativa dominant' is clicked on

2019-06-19 16:01:53 - [MESSAGE][PASSED] - Object: 'Object Repository/OCS-MOBILE /Cannabis page/Shop by plant type - sativa dominant' is clicked on

2019-06-19 16:01:53 - [TEST_STEP][PASSED] - delay(1, CONTINUE_ON_FAILURE): Delayed 1 second(s)

2019-06-19 16:01:54 - [MESSAGE][PASSED] - Delayed 1 second(s)

2019-06-19 16:01:54 - [TEST_STEP][PASSED] - click(findTestObject("OCS-MOBILE /Age gate and burger menu/Burger menu - English"), CONTINUE_ON_FAILURE): Object: 'Object Repository/OCS-MOBILE /Age gate and burger menu/Burger menu - English' is clicked on

2019-06-19 16:01:54 - [MESSAGE][PASSED] - Object: 'Object Repository/OCS-MOBILE /Age gate and burger menu/Burger menu - English' is clicked on

2019-06-19 16:01:54 - [TEST_STEP][PASSED] - delay(2, CONTINUE_ON_FAILURE): Delayed 2 second(s)

2019-06-19 16:01:56 - [MESSAGE][PASSED] - Delayed 2 second(s)

2019-06-19 16:01:56 - [TEST_STEP][PASSED] - click(findTestObject("OCS-MOBILE /Age gate and burger menu/Chevron_Cannabis")): Object: 'Object Repository/OCS-MOBILE /Age gate and burger menu/Chevron_Cannabis' is clicked on

2019-06-19 16:01:57 - [MESSAGE][PASSED] - Object: 'Object Repository/OCS-MOBILE /Age gate and burger menu/Chevron_Cannabis' is clicked on

2019-06-19 16:01:57 - [TEST_STEP][PASSED] - delay(1, CONTINUE_ON_FAILURE): Delayed 1 second(s)

2019-06-19 16:01:58 - [MESSAGE][PASSED] - Delayed 1 second(s)

2019-06-19 16:01:58 - [TEST_STEP][PASSED] - click(findTestObject("OCS-MOBILE /Cannabis page/Shop by plant type - plus accordian")): Object: 'Object Repository/OCS-MOBILE /Cannabis page/Shop by plant type - plus accordian' is clicked on

2019-06-19 16:01:58 - [MESSAGE][PASSED] - Object: 'Object Repository/OCS-MOBILE /Cannabis page/Shop by plant type - plus accordian' is clicked on

2019-06-19 16:01:58 - [TEST_STEP][PASSED] - delay(1, CONTINUE_ON_FAILURE): Delayed 1 second(s)

2019-06-19 16:01:59 - [MESSAGE][PASSED] - Delayed 1 second(s)

2019-06-19 16:01:59 - [TEST_STEP][PASSED] - click(findTestObject("OCS-MOBILE /Cannabis page/Shop by plant type - Hybrid")): Object: 'Object Repository/OCS-MOBILE /Cannabis page/Shop by plant type - Hybrid' is clicked on

2019-06-19 16:02:02 - [MESSAGE][PASSED] - Object: 'Object Repository/OCS-MOBILE /Cannabis page/Shop by plant type - Hybrid' is clicked on

2019-06-19 16:02:02 - [TEST_STEP][PASSED] - delay(1, CONTINUE_ON_FAILURE): Delayed 1 second(s)

2019-06-19 16:02:03 - [MESSAGE][PASSED] - Delayed 1 second(s)

2019-06-19 16:02:03 - [TEST_STEP][PASSED] - click(findTestObject("OCS-MOBILE /Age gate and burger menu/Burger menu - English"), CONTINUE_ON_FAILURE): Object: 'Object Repository/OCS-MOBILE /Age gate and burger menu/Burger menu - English' is clicked on

2019-06-19 16:02:03 - [MESSAGE][PASSED] - Object: 'Object Repository/OCS-MOBILE /Age gate and burger menu/Burger menu - English' is clicked on

2019-06-19 16:02:03 - [TEST_STEP][PASSED] - delay(2, CONTINUE_ON_FAILURE): Delayed 2 second(s)

2019-06-19 16:02:05 - [MESSAGE][PASSED] - Delayed 2 second(s)

2019-06-19 16:02:05 - [TEST_STEP][PASSED] - click(findTestObject("OCS-MOBILE /Age gate and burger menu/Chevron_Cannabis")): Object: 'Object Repository/OCS-MOBILE /Age gate and burger menu/Chevron_Cannabis' is clicked on

2019-06-19 16:02:06 - [MESSAGE][PASSED] - Object: 'Object Repository/OCS-MOBILE /Age gate and burger menu/Chevron_Cannabis' is clicked on

2019-06-19 16:02:06 - [TEST_STEP][PASSED] - delay(1, CONTINUE_ON_FAILURE): Delayed 1 second(s)

2019-06-19 16:02:07 - [MESSAGE][PASSED] - Delayed 1 second(s)

2019-06-19 16:02:07 - [TEST_STEP][PASSED] - click(findTestObject("OCS-MOBILE /Cannabis page/Collections - plus accordian")): Object: 'Object Repository/OCS-MOBILE /Cannabis page/Collections - plus accordian' is clicked on

2019-06-19 16:02:07 - [MESSAGE][PASSED] - Object: 'Object Repository/OCS-MOBILE /Cannabis page/Collections - plus accordian' is clicked on

2019-06-19 16:02:07 - [TEST_STEP][PASSED] - delay(1, CONTINUE_ON_FAILURE): Delayed 1 second(s)

2019-06-19 16:02:08 - [MESSAGE][PASSED] - Delayed 1 second(s)

2019-06-19 16:02:08 - [TEST_STEP][PASSED] - click(findTestObject("OCS-MOBILE /Cannabis page/Collections - plus accordian")): Object: 'Object Repository/OCS-MOBILE /Cannabis page/Collections - plus accordian' is clicked on

2019-06-19 16:02:08 - [MESSAGE][PASSED] - Object: 'Object Repository/OCS-MOBILE /Cannabis page/Collections - plus accordian' is clicked on

2019-06-19 16:02:08 - [TEST_STEP][PASSED] - delay(1, CONTINUE_ON_FAILURE): Delayed 1 second(s)

2019-06-19 16:02:09 - [MESSAGE][PASSED] - Delayed 1 second(s)

2019-06-19 16:02:09 - [TEST_STEP][PASSED] - click(findTestObject("OCS-MOBILE /Cannabis page/Collections - plus accordian")): Object: 'Object Repository/OCS-MOBILE /Cannabis page/Collections - plus accordian' is clicked on

2019-06-19 16:02:10 - [MESSAGE][PASSED] - Object: 'Object Repository/OCS-MOBILE /Cannabis page/Collections - plus accordian' is clicked on

2019-06-19 16:02:10 - [TEST_STEP][PASSED] - delay(1, CONTINUE_ON_FAILURE): Delayed 1 second(s)

2019-06-19 16:02:11 - [MESSAGE][PASSED] - Delayed 1 second(s)

2019-06-19 16:02:11 - [TEST_STEP][PASSED] - click(findTestObject("OCS-MOBILE /Cannabis page/Collections- New products")): Object: 'Object Repository/OCS-MOBILE /Cannabis page/Collections- New products' is clicked on

2019-06-19 16:02:14 - [MESSAGE][PASSED] - Object: 'Object Repository/OCS-MOBILE /Cannabis page/Collections- New products' is clicked on

2019-06-19 16:02:14 - [TEST_STEP][PASSED] - delay(1, CONTINUE_ON_FAILURE): Delayed 1 second(s)

2019-06-19 16:02:15 - [MESSAGE][PASSED] - Delayed 1 second(s)

2019-06-19 16:02:15 - [TEST_STEP][PASSED] - click(findTestObject("OCS-MOBILE /Age gate and burger menu/Burger menu - English"), CONTINUE_ON_FAILURE): Object: 'Object Repository/OCS-MOBILE /Age gate and burger menu/Burger menu - English' is clicked on

2019-06-19 16:02:15 - [MESSAGE][PASSED] - Object: 'Object Repository/OCS-MOBILE /Age gate and burger menu/Burger menu - English' is clicked on

2019-06-19 16:02:15 - [TEST_STEP][PASSED] - delay(2, CONTINUE_ON_FAILURE): Delayed 2 second(s)

2019-06-19 16:02:17 - [MESSAGE][PASSED] - Delayed 2 second(s)

2019-06-19 16:02:17 - [TEST_STEP][PASSED] - click(findTestObject("OCS-MOBILE /Age gate and burger menu/Chevron_Cannabis")): Object: 'Object Repository/OCS-MOBILE /Age gate and burger menu/Chevron_Cannabis' is clicked on

2019-06-19 16:02:17 - [MESSAGE][PASSED] - Object: 'Object Repository/OCS-MOBILE /Age gate and burger menu/Chevron_Cannabis' is clicked on

2019-06-19 16:02:17 - [TEST_STEP][PASSED] - delay(1, CONTINUE_ON_FAILURE): Delayed 1 second(s)

2019-06-19 16:02:18 - [MESSAGE][PASSED] - Delayed 1 second(s)

2019-06-19 16:02:18 - [TEST_STEP][PASSED] - click(findTestObject("OCS-MOBILE /Cannabis page/Collections - plus accordian")): Object: 'Object Repository/OCS-MOBILE /Cannabis page/Collections - plus accordian' is clicked on

2019-06-19 16:02:19 - [MESSAGE][PASSED] - Object: 'Object Repository/OCS-MOBILE /Cannabis page/Collections - plus accordian' is clicked on

2019-06-19 16:02:19 - [TEST_STEP][PASSED] - delay(1, CONTINUE_ON_FAILURE): Delayed 1 second(s)

2019-06-19 16:02:20 - [MESSAGE][PASSED] - Delayed 1 second(s)

2019-06-19 16:02:20 - [TEST_STEP][PASSED] - click(findTestObject("OCS-MOBILE /Cannabis page/Collections- Shop by brand")): Object: 'Object Repository/OCS-MOBILE /Cannabis page/Collections- Shop by brand' is clicked on

2019-06-19 16:02:25 - [MESSAGE][PASSED] - Object: 'Object Repository/OCS-MOBILE /Cannabis page/Collections- Shop by brand' is clicked on

2019-06-19 16:02:25 - [TEST_STEP][PASSED] - delay(1, CONTINUE_ON_FAILURE): Delayed 1 second(s)

2019-06-19 16:02:26 - [MESSAGE][PASSED] - Delayed 1 second(s)

2019-06-19 16:02:26 - [TEST_STEP][PASSED] - click(findTestObject("OCS-MOBILE /Age gate and burger menu/Burger menu - English"), CONTINUE_ON_FAILURE): Object: 'Object Repository/OCS-MOBILE /Age gate and burger menu/Burger menu - English' is clicked on

2019-06-19 16:02:26 - [MESSAGE][PASSED] - Object: 'Object Repository/OCS-MOBILE /Age gate and burger menu/Burger menu - English' is clicked on

2019-06-19 16:02:26 - [TEST_STEP][PASSED] - delay(2, CONTINUE_ON_FAILURE): Delayed 2 second(s)

2019-06-19 16:02:28 - [MESSAGE][PASSED] - Delayed 2 second(s)

2019-06-19 16:02:28 - [TEST_STEP][PASSED] - click(findTestObject("OCS-MOBILE /Age gate and burger menu/Chevron_Cannabis")): Object: 'Object Repository/OCS-MOBILE /Age gate and burger menu/Chevron_Cannabis' is clicked on

2019-06-19 16:02:28 - [MESSAGE][PASSED] - Object: 'Object Repository/OCS-MOBILE /Age gate and burger menu/Chevron_Cannabis' is clicked on

2019-06-19 16:02:28 - [TEST_STEP][PASSED] - delay(1, CONTINUE_ON_FAILURE): Delayed 1 second(s)

2019-06-19 16:02:29 - [MESSAGE][PASSED] - Delayed 1 second(s)

2019-06-19 16:02:29 - [TEST_STEP][PASSED] - click(findTestObject("OCS-MOBILE /Cannabis page/Collections - plus accordian")): Object: 'Object Repository/OCS-MOBILE /Cannabis page/Collections - plus accordian' is clicked on

2019-06-19 16:02:30 - [MESSAGE][PASSED] - Object: 'Object Repository/OCS-MOBILE /Cannabis page/Collections - plus accordian' is clicked on

2019-06-19 16:02:30 - [TEST_STEP][PASSED] - delay(1, CONTINUE_ON_FAILURE): Delayed 1 second(s)

2019-06-19 16:02:31 - [MESSAGE][PASSED] - Delayed 1 second(s)

2019-06-19 16:02:31 - [TEST_STEP][PASSED] - click(findTestObject("OCS-MOBILE /Cannabis page/Collections - CBD Dominant")): Object: 'Object Repository/OCS-MOBILE /Cannabis page/Collections - CBD Dominant' is clicked on

2019-06-19 16:02:33 - [MESSAGE][PASSED] - Object: 'Object Repository/OCS-MOBILE /Cannabis page/Collections - CBD Dominant' is clicked on

2019-06-19 16:02:33 - [TEST_STEP][PASSED] - delay(1, CONTINUE_ON_FAILURE): Delayed 1 second(s)

2019-06-19 16:02:34 - [MESSAGE][PASSED] - Delayed 1 second(s)

2019-06-19 16:02:34 - [TEST_STEP][PASSED] - click(findTestObject("OCS-MOBILE /Age gate and burger menu/Burger menu - English"), CONTINUE_ON_FAILURE): Object: 'Object Repository/OCS-MOBILE /Age gate and burger menu/Burger menu - English' is clicked on

2019-06-19 16:02:35 - [MESSAGE][PASSED] - Object: 'Object Repository/OCS-MOBILE /Age gate and burger menu/Burger menu - English' is clicked on

2019-06-19 16:02:35 - [TEST_STEP][PASSED] - delay(2, CONTINUE_ON_FAILURE): Delayed 2 second(s)

2019-06-19 16:02:37 - [MESSAGE][PASSED] - Delayed 2 second(s)

2019-06-19 16:02:37 - [TEST_STEP][PASSED] - click(findTestObject("OCS-MOBILE /Age gate and burger menu/Chevron_Cannabis")): Object: 'Object Repository/OCS-MOBILE /Age gate and burger menu/Chevron_Cannabis' is clicked on

2019-06-19 16:02:37 - [MESSAGE][PASSED] - Object: 'Object Repository/OCS-MOBILE /Age gate and burger menu/Chevron_Cannabis' is clicked on

2019-06-19 16:02:37 - [TEST_STEP][PASSED] - delay(1, CONTINUE_ON_FAILURE): Delayed 1 second(s)

2019-06-19 16:02:38 - [MESSAGE][PASSED] - Delayed 1 second(s)

2019-06-19 16:02:38 - [TEST_STEP][PASSED] - click(findTestObject("OCS-MOBILE /Cannabis page/Collections - plus accordian")): Object: 'Object Repository/OCS-MOBILE /Cannabis page/Collections - plus accordian' is clicked on

2019-06-19 16:02:38 - [MESSAGE][PASSED] - Object: 'Object Repository/OCS-MOBILE /Cannabis page/Collections - plus accordian' is clicked on

2019-06-19 16:02:38 - [TEST_STEP][PASSED] - delay(1, CONTINUE_ON_FAILURE): Delayed 1 second(s)

2019-06-19 16:02:39 - [MESSAGE][PASSED] - Delayed 1 second(s)

2019-06-19 16:02:39 - [TEST_STEP][PASSED] - click(findTestObject("OCS-MOBILE /Cannabis page/Collections - seeds")): Object: 'Object Repository/OCS-MOBILE /Cannabis page/Collections - seeds' is clicked on

2019-06-19 16:02:41 - [MESSAGE][PASSED] - Object: 'Object Repository/OCS-MOBILE /Cannabis page/Collections - seeds' is clicked on

2019-06-19 16:02:41 - [TEST_STEP][PASSED] - delay(1, CONTINUE_ON_FAILURE): Delayed 1 second(s)

2019-06-19 16:02:42 - [MESSAGE][PASSED] - Delayed 1 second(s)

2019-06-19 16:02:42 - [TEST_STEP][PASSED] - click(findTestObject("OCS-MOBILE /Age gate and burger menu/Burger menu - English"), CONTINUE_ON_FAILURE): Object: 'Object Repository/OCS-MOBILE /Age gate and burger menu/Burger menu - English' is clicked on

2019-06-19 16:02:42 - [MESSAGE][PASSED] - Object: 'Object Repository/OCS-MOBILE /Age gate and burger menu/Burger menu - English' is clicked on

2019-06-19 16:02:42 - [TEST_STEP][PASSED] - delay(2, CONTINUE_ON_FAILURE): Delayed 2 second(s)

2019-06-19 16:02:44 - [MESSAGE][PASSED] - Delayed 2 second(s)

2019-06-19 16:02:44 - [TEST_STEP][PASSED] - click(findTestObject("OCS-MOBILE /Age gate and burger menu/Chevron_Cannabis")): Object: 'Object Repository/OCS-MOBILE /Age gate and burger menu/Chevron_Cannabis' is clicked on

2019-06-19 16:02:44 - [MESSAGE][PASSED] - Object: 'Object Repository/OCS-MOBILE /Age gate and burger menu/Chevron_Cannabis' is clicked on

2019-06-19 16:02:44 - [TEST_STEP][PASSED] - delay(1, CONTINUE_ON_FAILURE): Delayed 1 second(s)

2019-06-19 16:02:45 - [MESSAGE][PASSED] - Delayed 1 second(s)

2019-06-19 16:02:45 - [TEST_STEP][PASSED] - click(findTestObject("OCS-MOBILE /Cannabis page/Shop all cannabis")): Object: 'Object Repository/OCS-MOBILE /Cannabis page/Shop all cannabis' is clicked on

2019-06-19 16:02:48 - [MESSAGE][PASSED] - Object: 'Object Repository/OCS-MOBILE /Cannabis page/Shop all cannabis' is clicked on

2019-06-19 16:02:48 - [TEST_STEP][PASSED] - delay(1, CONTINUE_ON_FAILURE): Delayed 1 second(s)

2019-06-19 16:02:49 - [MESSAGE][PASSED] - Delayed 1 second(s)

2019-06-19 16:02:49 - [TEST_STEP][PASSED] - click(findTestObject("OCS-MOBILE /Age gate and burger menu/Burger menu - English"), CONTINUE_ON_FAILURE): Object: 'Object Repository/OCS-MOBILE /Age gate and burger menu/Burger menu - English' is clicked on

2019-06-19 16:02:49 - [MESSAGE][PASSED] - Object: 'Object Repository/OCS-MOBILE /Age gate and burger menu/Burger menu - English' is clicked on

2019-06-19 16:02:49 - [TEST_STEP][PASSED] - delay(2, CONTINUE_ON_FAILURE): Delayed 2 second(s)

2019-06-19 16:02:51 - [MESSAGE][PASSED] - Delayed 2 second(s)

2019-06-19 16:02:51 - [TEST_STEP][PASSED] - click(findTestObject("OCS-MOBILE /Age gate and burger menu/Chevron_Cannabis")): Object: 'Object Repository/OCS-MOBILE /Age gate and burger menu/Chevron_Cannabis' is clicked on

2019-06-19 16:02:52 - [MESSAGE][PASSED] - Object: 'Object Repository/OCS-MOBILE /Age gate and burger menu/Chevron_Cannabis' is clicked on

2019-06-19 16:02:52 - [TEST_STEP][PASSED] - delay(1, CONTINUE_ON_FAILURE): Delayed 1 second(s)

2019-06-19 16:02:53 - [MESSAGE][PASSED] - Delayed 1 second(s)

2019-06-19 16:02:53 - [TEST_STEP][PASSED] - click(findTestObject("OCS-MOBILE /Cannabis page/Shop all brands")): Object: 'Object Repository/OCS-MOBILE /Cannabis page/Shop all brands' is clicked on

2019-06-19 16:02:58 - [MESSAGE][PASSED] - Object: 'Object Repository/OCS-MOBILE /Cannabis page/Shop all brands' is clicked on

2019-06-19 16:02:58 - [TEST_STEP][PASSED] - delay(1, CONTINUE_ON_FAILURE): Delayed 1 second(s)

2019-06-19 16:02:59 - [MESSAGE][PASSED] - Delayed 1 second(s)

2019-06-19 16:02:59 - [TEST_STEP][PASSED] - click(findTestObject("OCS-MOBILE /Age gate and burger menu/Burger menu - English"), CONTINUE_ON_FAILURE): Object: 'Object Repository/OCS-MOBILE /Age gate and burger menu/Burger menu - English' is clicked on

2019-06-19 16:02:59 - [MESSAGE][PASSED] - Object: 'Object Repository/OCS-MOBILE /Age gate and burger menu/Burger menu - English' is clicked on

2019-06-19 16:02:59 - [TEST_STEP][PASSED] - delay(2, CONTINUE_ON_FAILURE): Delayed 2 second(s)

2019-06-19 16:03:01 - [MESSAGE][PASSED] - Delayed 2 second(s)

2019-06-19 16:03:01 - [TEST_STEP][PASSED] - click(findTestObject("OCS-MOBILE /Age gate and burger menu/Chevron_Cannabis")): Object: 'Object Repository/OCS-MOBILE /Age gate and burger menu/Chevron_Cannabis' is clicked on

2019-06-19 16:03:01 - [MESSAGE][PASSED] - Object: 'Object Repository/OCS-MOBILE /Age gate and burger menu/Chevron_Cannabis' is clicked on

2019-06-19 16:03:01 - [TEST_STEP][PASSED] - delay(1, CONTINUE_ON_FAILURE): Delayed 1 second(s)

2019-06-19 16:03:02 - [MESSAGE][PASSED] - Delayed 1 second(s)

2019-06-19 16:03:02 - [TEST_STEP][FAILED] - click(findTestObject("OCS-MOBILE /Cannabis page/CBD - Dominant products")): click(findTestObject("OCS-MOBILE /Cannabis page/CBD - Dominant products")) FAILED.
Reason:
com.kms.katalon.core.exception.StepFailedException: Unable to click on object 'Object Repository/OCS-MOBILE /Cannabis page/CBD - Dominant products' (Root cause: org.openqa.selenium.WebDriverException: element click intercepted: Element <img class="menu__featured-item__image" src="//cdn.shopify.com/s/files/1/2636/1928/files/wks10-12-MEGANAV-top-buys_400x.jpg?v=1559915653" data-src="//cdn.shopify.com/s/files/1/2636/1928/files/wks10-12-MEGANAV-top-buys_400x.jpg?v=1559915653" alt="Shop Bestsellers of the Week"> is not clickable at point (117, 539). Other element would receive the click: <iframe title="Preview Bar" id="preview-bar-iframe" src="https://ocs.ca/preview_bar" sandbox="allow-same-origin allow-scripts" style="position: fixed; bottom: 0px; left: 0px; z-index: 2147483647; width: 100%; border: none; box-shadow: rgba(0, 0, 0, 0.2) 0px -1px 3px; overflow: hidden; transform: translateY(0px); transition: transform 300ms ease 0s; height: 92px;"></iframe>
  (Session info: chrome=76.0.3809.25)
  (Driver info: chromedriver=76.0.3809.25 (a0c95f440512e06df1c9c206f2d79cc20be18bb1-refs/branch-heads/3809@{#271}),platform=Mac OS X 10.13.6 x86_64) (WARNING: The server did not provide any stacktrace information)
Command duration or timeout: 40 milliseconds
Build info: version: '2.53.0', revision: '35ae25b', time: '2016-03-15 17:00:58'
System info: host: 'mac-207-254-12-168.browserstack.com', ip: '207.254.12.168', os.name: 'Mac OS X', os.arch: 'x86_64', os.version: '10.13.6', java.version: '1.8.0_51'
Driver info: org.openqa.selenium.chrome.ChromeDriver
Capabilities [{mobileEmulationEnabled=false, timeouts={implicit=0, pageLoad=300000, script=30000}, hasTouchScreen=false, platform=MAC, acceptSslCerts=false, goog:chromeOptions={debuggerAddress=localhost:53949}, acceptInsecureCerts=false, webStorageEnabled=true, browserName=chrome, takesScreenshot=true, javascriptEnabled=true, setWindowRect=true, unexpectedAlertBehaviour=ignore, applicationCacheEnabled=false, rotatable=false, networkConnectionEnabled=false, chrome={chromedriverVersion=76.0.3809.25 (a0c95f440512e06df1c9c206f2d79cc20be18bb1-refs/branch-heads/3809@{#271}), userDataDir=/var/folders/3y/zz_w6_s56sl__vcrf3r5bhzr0000hr/T/.com.google.Chrome.eMdzz6}, takesHeapSnapshot=true, pageLoadStrategy=normal, strictFileInteractability=false, databaseEnabled=false, handlesAlerts=true, version=76.0.3809.25, browserConnectionEnabled=false, proxy={}, nativeEvents=true, locationContextEnabled=true, cssSelectorsEnabled=true}]
Session ID: 0315add163dd9d81118a543376c19852
Command duration or timeout: 0 milliseconds)
	at com.kms.katalon.core.keyword.internal.KeywordMain.stepFailed(KeywordMain.groovy:36)
	at com.kms.katalon.core.webui.keyword.internal.WebUIKeywordMain.stepFailed(WebUIKeywordMain.groovy:65)
	at com.kms.katalon.core.webui.keyword.internal.WebUIKeywordMain.runKeyword(WebUIKeywordMain.groovy:27)
	at com.kms.katalon.core.webui.keyword.builtin.ClickKeyword.click(ClickKeyword.groovy:86)
	at com.kms.katalon.core.webui.keyword.builtin.ClickKeyword.execute(ClickKeyword.groovy:67)
	at com.kms.katalon.core.keyword.internal.KeywordExecutor.executeKeywordForPlatform(KeywordExecutor.groovy:53)
	at com.kms.katalon.core.webui.keyword.WebUiBuiltInKeywords.click(WebUiBuiltInKeywords.groovy:616)
	at com.kms.katalon.core.webui.keyword.WebUiBuiltInKeywords$click$4.call(Unknown Source)
	at HP-Burger menu -cannabis.run(HP-Burger menu -cannabis:400)
	at com.kms.katalon.core.main.ScriptEngine.run(ScriptEngine.java:194)
	at com.kms.katalon.core.main.ScriptEngine.runScriptAsRawText(ScriptEngine.java:119)
	at com.kms.katalon.core.main.TestCaseExecutor.runScript(TestCaseExecutor.java:328)
	at com.kms.katalon.core.main.TestCaseExecutor.doExecute(TestCaseExecutor.java:319)
	at com.kms.katalon.core.main.TestCaseExecutor.processExecutionPhase(TestCaseExecutor.java:298)
	at com.kms.katalon.core.main.TestCaseExecutor.accessMainPhase(TestCaseExecutor.java:290)
	at com.kms.katalon.core.main.TestCaseExecutor.execute(TestCaseExecutor.java:224)
	at com.kms.katalon.core.main.TestSuiteExecutor.accessTestCaseMainPhase(TestSuiteExecutor.java:129)
	at com.kms.katalon.core.main.TestSuiteExecutor.accessTestSuiteMainPhase(TestSuiteExecutor.java:112)
	at com.kms.katalon.core.main.TestSuiteExecutor.execute(TestSuiteExecutor.java:81)
	at com.kms.katalon.core.main.TestCaseMain.startTestSuite(TestCaseMain.java:149)
	at com.kms.katalon.core.main.TestCaseMain$startTestSuite$0.call(Unknown Source)
	at TempTestSuite1560973018737.run(TempTestSuite1560973018737.groovy:36)


2019-06-19 16:03:03 - [MESSAGE][FAILED] - Unable to click on object 'Object Repository/OCS-MOBILE /Cannabis page/CBD - Dominant products' (Root cause: org.openqa.selenium.WebDriverException: element click intercepted: Element <img class="menu__featured-item__image" src="//cdn.shopify.com/s/files/1/2636/1928/files/wks10-12-MEGANAV-top-buys_400x.jpg?v=1559915653" data-src="//cdn.shopify.com/s/files/1/2636/1928/files/wks10-12-MEGANAV-top-buys_400x.jpg?v=1559915653" alt="Shop Bestsellers of the Week"> is not clickable at point (117, 539). Other element would receive the click: <iframe title="Preview Bar" id="preview-bar-iframe" src="https://ocs.ca/preview_bar" sandbox="allow-same-origin allow-scripts" style="position: fixed; bottom: 0px; left: 0px; z-index: 2147483647; width: 100%; border: none; box-shadow: rgba(0, 0, 0, 0.2) 0px -1px 3px; overflow: hidden; transform: translateY(0px); transition: transform 300ms ease 0s; height: 92px;"></iframe>
  (Session info: chrome=76.0.3809.25)
  (Driver info: chromedriver=76.0.3809.25 (a0c95f440512e06df1c9c206f2d79cc20be18bb1-refs/branch-heads/3809@{#271}),platform=Mac OS X 10.13.6 x86_64) (WARNING: The server did not provide any stacktrace information)
Command duration or timeout: 40 milliseconds
Build info: version: '2.53.0', revision: '35ae25b', time: '2016-03-15 17:00:58'
System info: host: 'mac-207-254-12-168.browserstack.com', ip: '207.254.12.168', os.name: 'Mac OS X', os.arch: 'x86_64', os.version: '10.13.6', java.version: '1.8.0_51'
Driver info: org.openqa.selenium.chrome.ChromeDriver
Capabilities [{mobileEmulationEnabled=false, timeouts={implicit=0, pageLoad=300000, script=30000}, hasTouchScreen=false, platform=MAC, acceptSslCerts=false, goog:chromeOptions={debuggerAddress=localhost:53949}, acceptInsecureCerts=false, webStorageEnabled=true, browserName=chrome, takesScreenshot=true, javascriptEnabled=true, setWindowRect=true, unexpectedAlertBehaviour=ignore, applicationCacheEnabled=false, rotatable=false, networkConnectionEnabled=false, chrome={chromedriverVersion=76.0.3809.25 (a0c95f440512e06df1c9c206f2d79cc20be18bb1-refs/branch-heads/3809@{#271}), userDataDir=/var/folders/3y/zz_w6_s56sl__vcrf3r5bhzr0000hr/T/.com.google.Chrome.eMdzz6}, takesHeapSnapshot=true, pageLoadStrategy=normal, strictFileInteractability=false, databaseEnabled=false, handlesAlerts=true, version=76.0.3809.25, browserConnectionEnabled=false, proxy={}, nativeEvents=true, locationContextEnabled=true, cssSelectorsEnabled=true}]
Session ID: 0315add163dd9d81118a543376c19852
Command duration or timeout: 0 milliseconds)
[[ATTACHMENT|/Users/sumankompelly/Relative xpath-Mobile/Reports/recordings - ( 1.10.2 )/20190619_153658/1560974582959.png]]

2019-06-19 16:03:03 - [MESSAGE][FAILED] - click(findTestObject("OCS-MOBILE /Cannabis page/CBD - Dominant products")) FAILED.
Reason:
com.kms.katalon.core.exception.StepFailedException: Unable to click on object 'Object Repository/OCS-MOBILE /Cannabis page/CBD - Dominant products' (Root cause: org.openqa.selenium.WebDriverException: element click intercepted: Element <img class="menu__featured-item__image" src="//cdn.shopify.com/s/files/1/2636/1928/files/wks10-12-MEGANAV-top-buys_400x.jpg?v=1559915653" data-src="//cdn.shopify.com/s/files/1/2636/1928/files/wks10-12-MEGANAV-top-buys_400x.jpg?v=1559915653" alt="Shop Bestsellers of the Week"> is not clickable at point (117, 539). Other element would receive the click: <iframe title="Preview Bar" id="preview-bar-iframe" src="https://ocs.ca/preview_bar" sandbox="allow-same-origin allow-scripts" style="position: fixed; bottom: 0px; left: 0px; z-index: 2147483647; width: 100%; border: none; box-shadow: rgba(0, 0, 0, 0.2) 0px -1px 3px; overflow: hidden; transform: translateY(0px); transition: transform 300ms ease 0s; height: 92px;"></iframe>
  (Session info: chrome=76.0.3809.25)
  (Driver info: chromedriver=76.0.3809.25 (a0c95f440512e06df1c9c206f2d79cc20be18bb1-refs/branch-heads/3809@{#271}),platform=Mac OS X 10.13.6 x86_64) (WARNING: The server did not provide any stacktrace information)
Command duration or timeout: 40 milliseconds
Build info: version: '2.53.0', revision: '35ae25b', time: '2016-03-15 17:00:58'
System info: host: 'mac-207-254-12-168.browserstack.com', ip: '207.254.12.168', os.name: 'Mac OS X', os.arch: 'x86_64', os.version: '10.13.6', java.version: '1.8.0_51'
Driver info: org.openqa.selenium.chrome.ChromeDriver
Capabilities [{mobileEmulationEnabled=false, timeouts={implicit=0, pageLoad=300000, script=30000}, hasTouchScreen=false, platform=MAC, acceptSslCerts=false, goog:chromeOptions={debuggerAddress=localhost:53949}, acceptInsecureCerts=false, webStorageEnabled=true, browserName=chrome, takesScreenshot=true, javascriptEnabled=true, setWindowRect=true, unexpectedAlertBehaviour=ignore, applicationCacheEnabled=false, rotatable=false, networkConnectionEnabled=false, chrome={chromedriverVersion=76.0.3809.25 (a0c95f440512e06df1c9c206f2d79cc20be18bb1-refs/branch-heads/3809@{#271}), userDataDir=/var/folders/3y/zz_w6_s56sl__vcrf3r5bhzr0000hr/T/.com.google.Chrome.eMdzz6}, takesHeapSnapshot=true, pageLoadStrategy=normal, strictFileInteractability=false, databaseEnabled=false, handlesAlerts=true, version=76.0.3809.25, browserConnectionEnabled=false, proxy={}, nativeEvents=true, locationContextEnabled=true, cssSelectorsEnabled=true}]
Session ID: 0315add163dd9d81118a543376c19852
Command duration or timeout: 0 milliseconds)
	at com.kms.katalon.core.keyword.internal.KeywordMain.stepFailed(KeywordMain.groovy:36)
	at com.kms.katalon.core.webui.keyword.internal.WebUIKeywordMain.stepFailed(WebUIKeywordMain.groovy:65)
	at com.kms.katalon.core.webui.keyword.internal.WebUIKeywordMain.runKeyword(WebUIKeywordMain.groovy:27)
	at com.kms.katalon.core.webui.keyword.builtin.ClickKeyword.click(ClickKeyword.groovy:86)
	at com.kms.katalon.core.webui.keyword.builtin.ClickKeyword.execute(ClickKeyword.groovy:67)
	at com.kms.katalon.core.keyword.internal.KeywordExecutor.executeKeywordForPlatform(KeywordExecutor.groovy:53)
	at com.kms.katalon.core.webui.keyword.WebUiBuiltInKeywords.click(WebUiBuiltInKeywords.groovy:616)
	at com.kms.katalon.core.webui.keyword.WebUiBuiltInKeywords$click$4.call(Unknown Source)
	at HP-Burger menu -cannabis.run(HP-Burger menu -cannabis:400)
	at com.kms.katalon.core.main.ScriptEngine.run(ScriptEngine.java:194)
	at com.kms.katalon.core.main.ScriptEngine.runScriptAsRawText(ScriptEngine.java:119)
	at com.kms.katalon.core.main.TestCaseExecutor.runScript(TestCaseExecutor.java:328)
	at com.kms.katalon.core.main.TestCaseExecutor.doExecute(TestCaseExecutor.java:319)
	at com.kms.katalon.core.main.TestCaseExecutor.processExecutionPhase(TestCaseExecutor.java:298)
	at com.kms.katalon.core.main.TestCaseExecutor.accessMainPhase(TestCaseExecutor.java:290)
	at com.kms.katalon.core.main.TestCaseExecutor.execute(TestCaseExecutor.java:224)
	at com.kms.katalon.core.main.TestSuiteExecutor.accessTestCaseMainPhase(TestSuiteExecutor.java:129)
	at com.kms.katalon.core.main.TestSuiteExecutor.accessTestSuiteMainPhase(TestSuiteExecutor.java:112)
	at com.kms.katalon.core.main.TestSuiteExecutor.execute(TestSuiteExecutor.java:81)
	at com.kms.katalon.core.main.TestCaseMain.startTestSuite(TestCaseMain.java:149)
	at com.kms.katalon.core.main.TestCaseMain$startTestSuite$0.call(Unknown Source)
	at TempTestSuite1560973018737.run(TempTestSuite1560973018737.groovy:36)]]></system-out>
         <system-err><![CDATA[2019-06-19 15:58:57 - [TEST_CASE][FAILED] - Test Cases/OCS - MOBILE/OCS- HOME PAGE/HP-Burger menu -cannabis: Test Cases/OCS - MOBILE/OCS- HOME PAGE/HP-Burger menu -cannabis FAILED.
Reason:
com.kms.katalon.core.exception.StepFailedException: Unable to click on object 'Object Repository/OCS-MOBILE /Cannabis page/CBD - Dominant products' (Root cause: org.openqa.selenium.WebDriverException: element click intercepted: Element <img class="menu__featured-item__image" src="//cdn.shopify.com/s/files/1/2636/1928/files/wks10-12-MEGANAV-top-buys_400x.jpg?v=1559915653" data-src="//cdn.shopify.com/s/files/1/2636/1928/files/wks10-12-MEGANAV-top-buys_400x.jpg?v=1559915653" alt="Shop Bestsellers of the Week"> is not clickable at point (117, 539). Other element would receive the click: <iframe title="Preview Bar" id="preview-bar-iframe" src="https://ocs.ca/preview_bar" sandbox="allow-same-origin allow-scripts" style="position: fixed; bottom: 0px; left: 0px; z-index: 2147483647; width: 100%; border: none; box-shadow: rgba(0, 0, 0, 0.2) 0px -1px 3px; overflow: hidden; transform: translateY(0px); transition: transform 300ms ease 0s; height: 92px;"></iframe>
  (Session info: chrome=76.0.3809.25)
  (Driver info: chromedriver=76.0.3809.25 (a0c95f440512e06df1c9c206f2d79cc20be18bb1-refs/branch-heads/3809@{#271}),platform=Mac OS X 10.13.6 x86_64) (WARNING: The server did not provide any stacktrace information)
Command duration or timeout: 40 milliseconds
Build info: version: '2.53.0', revision: '35ae25b', time: '2016-03-15 17:00:58'
System info: host: 'mac-207-254-12-168.browserstack.com', ip: '207.254.12.168', os.name: 'Mac OS X', os.arch: 'x86_64', os.version: '10.13.6', java.version: '1.8.0_51'
Driver info: org.openqa.selenium.chrome.ChromeDriver
Capabilities [{mobileEmulationEnabled=false, timeouts={implicit=0, pageLoad=300000, script=30000}, hasTouchScreen=false, platform=MAC, acceptSslCerts=false, goog:chromeOptions={debuggerAddress=localhost:53949}, acceptInsecureCerts=false, webStorageEnabled=true, browserName=chrome, takesScreenshot=true, javascriptEnabled=true, setWindowRect=true, unexpectedAlertBehaviour=ignore, applicationCacheEnabled=false, rotatable=false, networkConnectionEnabled=false, chrome={chromedriverVersion=76.0.3809.25 (a0c95f440512e06df1c9c206f2d79cc20be18bb1-refs/branch-heads/3809@{#271}), userDataDir=/var/folders/3y/zz_w6_s56sl__vcrf3r5bhzr0000hr/T/.com.google.Chrome.eMdzz6}, takesHeapSnapshot=true, pageLoadStrategy=normal, strictFileInteractability=false, databaseEnabled=false, handlesAlerts=true, version=76.0.3809.25, browserConnectionEnabled=false, proxy={}, nativeEvents=true, locationContextEnabled=true, cssSelectorsEnabled=true}]
Session ID: 0315add163dd9d81118a543376c19852
Command duration or timeout: 0 milliseconds)
	at com.kms.katalon.core.keyword.internal.KeywordMain.stepFailed(KeywordMain.groovy:36)
	at com.kms.katalon.core.webui.keyword.internal.WebUIKeywordMain.stepFailed(WebUIKeywordMain.groovy:65)
	at com.kms.katalon.core.webui.keyword.internal.WebUIKeywordMain.runKeyword(WebUIKeywordMain.groovy:27)
	at com.kms.katalon.core.webui.keyword.builtin.ClickKeyword.click(ClickKeyword.groovy:86)
	at com.kms.katalon.core.webui.keyword.builtin.ClickKeyword.execute(ClickKeyword.groovy:67)
	at com.kms.katalon.core.keyword.internal.KeywordExecutor.executeKeywordForPlatform(KeywordExecutor.groovy:53)
	at com.kms.katalon.core.webui.keyword.WebUiBuiltInKeywords.click(WebUiBuiltInKeywords.groovy:616)
	at com.kms.katalon.core.webui.keyword.WebUiBuiltInKeywords$click$4.call(Unknown Source)
	at HP-Burger menu -cannabis.run(HP-Burger menu -cannabis:400)
	at com.kms.katalon.core.main.ScriptEngine.run(ScriptEngine.java:194)
	at com.kms.katalon.core.main.ScriptEngine.runScriptAsRawText(ScriptEngine.java:119)
	at com.kms.katalon.core.main.TestCaseExecutor.runScript(TestCaseExecutor.java:328)
	at com.kms.katalon.core.main.TestCaseExecutor.doExecute(TestCaseExecutor.java:319)
	at com.kms.katalon.core.main.TestCaseExecutor.processExecutionPhase(TestCaseExecutor.java:298)
	at com.kms.katalon.core.main.TestCaseExecutor.accessMainPhase(TestCaseExecutor.java:290)
	at com.kms.katalon.core.main.TestCaseExecutor.execute(TestCaseExecutor.java:224)
	at com.kms.katalon.core.main.TestSuiteExecutor.accessTestCaseMainPhase(TestSuiteExecutor.java:129)
	at com.kms.katalon.core.main.TestSuiteExecutor.accessTestSuiteMainPhase(TestSuiteExecutor.java:112)
	at com.kms.katalon.core.main.TestSuiteExecutor.execute(TestSuiteExecutor.java:81)
	at com.kms.katalon.core.main.TestCaseMain.startTestSuite(TestCaseMain.java:149)
	at com.kms.katalon.core.main.TestCaseMain$startTestSuite$0.call(Unknown Source)
	at TempTestSuite1560973018737.run(TempTestSuite1560973018737.groovy:36)]]></system-err>
      </testcase>
      <testcase name="Test Cases/OCS - MOBILE/OCS- HOME PAGE/footer" classname="Test Cases/OCS - MOBILE/OCS- HOME PAGE/footer" status="PASSED">
         <system-out><![CDATA[2019-06-19 16:03:03 - [TEST_CASE][PASSED] - Test Cases/OCS - MOBILE/OCS- HOME PAGE/footer: Test Cases/OCS - MOBILE/OCS- HOME PAGE/footer

2019-06-19 16:03:03 - [TEST_STEP][PASSED] - callTestCase(findTestCase("OCS - MOBILE/CALL - AGE GATE"), [:], STOP_ON_FAILURE): Call Test Case 'Test Cases/OCS - MOBILE/CALL - AGE GATE' successfully

2019-06-19 16:03:03 - [TEST_CASE][PASSED] - Test Cases/OCS - MOBILE/CALL - AGE GATE: Test Cases/OCS - MOBILE/CALL - AGE GATE

2019-06-19 16:03:03 - [TEST_STEP][PASSED] - openBrowser(""): Browser is opened with url: ''

2019-06-19 16:03:03 - [MESSAGE][WARNING] - A browser is already opened. Closing browser and opening a new one

2019-06-19 16:03:04 - [MESSAGE][INFO] - Starting 'Remote' driver

2019-06-19 16:03:04 - [MESSAGE][INFO] - User set preference: ['os', 'OS X']

2019-06-19 16:03:04 - [MESSAGE][INFO] - User set preference: ['os_version', 'High Sierra']

2019-06-19 16:03:04 - [MESSAGE][INFO] - User set preference: ['browser', 'Chrome']

2019-06-19 16:03:04 - [MESSAGE][INFO] - User set preference: ['browser_version', '76.0 beta']

2019-06-19 16:03:04 - [MESSAGE][INFO] - User set preference: ['browserstack.local', 'false']

2019-06-19 16:03:04 - [MESSAGE][INFO] - Connecting to remote web server 'https://dianatest3:Z3oqw9ysqTeRQJq5wFCp@hub-cloud.browserstack.com/wd/hub' with type 'Selenium'

2019-06-19 16:03:08 - [MESSAGE][PASSED] - Browser is opened with url: ''

2019-06-19 16:03:08 - [TEST_STEP][PASSED] - navigateToUrl("https://ocs.ca/?fts=0&preview_theme_id=72920106828"): Navigate to 'https://ocs.ca/?fts=0&preview_theme_id=72920106828' successfully

2019-06-19 16:03:13 - [MESSAGE][PASSED] - Navigate to 'https://ocs.ca/?fts=0&preview_theme_id=72920106828' successfully

2019-06-19 16:03:13 - [TEST_STEP][PASSED] - executeJavaScript("var previewBar = document.getElementById("preview-bar-iframe"); previewBar.style.display = "none";", []): Execute JavaScript 'var previewBar = document.getElementById("preview-bar-iframe"); previewBar.style.display = "none";' successfully

2019-06-19 16:03:13 - [MESSAGE][PASSED] - Execute JavaScript 'var previewBar = document.getElementById("preview-bar-iframe"); previewBar.style.display = "none";' successfully

2019-06-19 16:03:13 - [TEST_STEP][PASSED] - setViewPortSize(360, 800): Viewport is set to new size with width = 360 and height = 800

2019-06-19 16:03:13 - [MESSAGE][PASSED] - Viewport is set to new size with width = 360 and height = 800

2019-06-19 16:03:13 - [TEST_STEP][PASSED] - delay(4): Delayed 4 second(s)

2019-06-19 16:03:17 - [MESSAGE][PASSED] - Delayed 4 second(s)

2019-06-19 16:03:17 - [TEST_STEP][PASSED] - selectOptionByValue(findTestObject("OCS-MOBILE /Age gate and burger menu/Date"), "12", true): All options with value '12' are selected in object 'Object Repository/OCS-MOBILE /Age gate and burger menu/Date'  using regular expression

2019-06-19 16:03:21 - [MESSAGE][PASSED] - All options with value '12' are selected in object 'Object Repository/OCS-MOBILE /Age gate and burger menu/Date'  using regular expression

2019-06-19 16:03:21 - [TEST_STEP][PASSED] - selectOptionByValue(findTestObject("OCS-MOBILE /Age gate and burger menu/month"), "6", true): All options with value '6' are selected in object 'Object Repository/OCS-MOBILE /Age gate and burger menu/month'  using regular expression

2019-06-19 16:03:24 - [MESSAGE][PASSED] - All options with value '6' are selected in object 'Object Repository/OCS-MOBILE /Age gate and burger menu/month'  using regular expression

2019-06-19 16:03:24 - [TEST_STEP][PASSED] - delay(2): Delayed 2 second(s)

2019-06-19 16:03:26 - [MESSAGE][PASSED] - Delayed 2 second(s)

2019-06-19 16:03:26 - [TEST_STEP][PASSED] - selectOptionByValue(findTestObject("OCS-MOBILE /Age gate and burger menu/Year Dropdown"), "1990", true): All options with value '1990' are selected in object 'Object Repository/OCS-MOBILE /Age gate and burger menu/Year Dropdown'  using regular expression

2019-06-19 16:03:40 - [MESSAGE][PASSED] - All options with value '1990' are selected in object 'Object Repository/OCS-MOBILE /Age gate and burger menu/Year Dropdown'  using regular expression

2019-06-19 16:03:40 - [TEST_STEP][PASSED] - click(findTestObject("OCS-MOBILE /Age gate and Mega menu/button_Verify")): Object: 'Object Repository/OCS-MOBILE /Age gate and Mega menu/button_Verify' is clicked on

2019-06-19 16:03:41 - [MESSAGE][PASSED] - Object: 'Object Repository/OCS-MOBILE /Age gate and Mega menu/button_Verify' is clicked on

2019-06-19 16:03:41 - [TEST_STEP][PASSED] - click(findTestObject("OCS-MOBILE /Age gate and Mega menu/Checkbox_CONFIRM AND ACKNOWLEDGE")): Object: 'Object Repository/OCS-MOBILE /Age gate and Mega menu/Checkbox_CONFIRM AND ACKNOWLEDGE' is clicked on

2019-06-19 16:03:41 - [MESSAGE][PASSED] - Object: 'Object Repository/OCS-MOBILE /Age gate and Mega menu/Checkbox_CONFIRM AND ACKNOWLEDGE' is clicked on

2019-06-19 16:03:41 - [TEST_STEP][PASSED] - click(findTestObject("OCS-MOBILE /Age gate and Mega menu/button_CONFIRM")): Object: 'Object Repository/OCS-MOBILE /Age gate and Mega menu/button_CONFIRM' is clicked on

2019-06-19 16:03:41 - [MESSAGE][PASSED] - Object: 'Object Repository/OCS-MOBILE /Age gate and Mega menu/button_CONFIRM' is clicked on

2019-06-19 16:03:41 - [TEST_STEP][PASSED] - click(findTestObject("OCS-MOBILE /Age gate and Mega menu/button_Start Browsing")): Object: 'Object Repository/OCS-MOBILE /Age gate and Mega menu/button_Start Browsing' is clicked on

2019-06-19 16:03:42 - [MESSAGE][PASSED] - Object: 'Object Repository/OCS-MOBILE /Age gate and Mega menu/button_Start Browsing' is clicked on

2019-06-19 16:03:42 - [TEST_STEP][PASSED] - refresh(): Refresh successfully

2019-06-19 16:03:42 - [MESSAGE][PASSED] - Refresh successfully

2019-06-19 16:03:42 - [TEST_STEP][PASSED] - executeJavaScript("var previewBar = document.getElementById("preview-bar-iframe"); previewBar.style.display = "none";", []): Execute JavaScript 'var previewBar = document.getElementById("preview-bar-iframe"); previewBar.style.display = "none";' successfully

2019-06-19 16:03:45 - [MESSAGE][PASSED] - Execute JavaScript 'var previewBar = document.getElementById("preview-bar-iframe"); previewBar.style.display = "none";' successfully

2019-06-19 16:03:45 - [MESSAGE][PASSED] - Call Test Case 'Test Cases/OCS - MOBILE/CALL - AGE GATE' successfully

2019-06-19 16:03:45 - [TEST_STEP][PASSED] - delay(2): Delayed 2 second(s)

2019-06-19 16:03:47 - [MESSAGE][PASSED] - Delayed 2 second(s)

2019-06-19 16:03:47 - [TEST_STEP][PASSED] - executeJavaScript("var previewBar = document.getElementById("preview-bar-iframe"); previewBar.style.display = "none";", []): Execute JavaScript 'var previewBar = document.getElementById("preview-bar-iframe"); previewBar.style.display = "none";' successfully

2019-06-19 16:03:47 - [MESSAGE][PASSED] - Execute JavaScript 'var previewBar = document.getElementById("preview-bar-iframe"); previewBar.style.display = "none";' successfully

2019-06-19 16:03:47 - [TEST_STEP][PASSED] - click(findTestObject("OCS-MOBILE /Home - page/Return Policy")): Object: 'Object Repository/OCS-MOBILE /Home - page/Return Policy' is clicked on

2019-06-19 16:03:50 - [MESSAGE][PASSED] - Object: 'Object Repository/OCS-MOBILE /Home - page/Return Policy' is clicked on

2019-06-19 16:03:50 - [TEST_STEP][PASSED] - delay(2): Delayed 2 second(s)

2019-06-19 16:03:52 - [MESSAGE][PASSED] - Delayed 2 second(s)

2019-06-19 16:03:52 - [TEST_STEP][PASSED] - setViewPortSize(1000, 800, OPTIONAL): Viewport is set to new size with width = 1000 and height = 800

2019-06-19 16:03:52 - [MESSAGE][PASSED] - Viewport is set to new size with width = 1000 and height = 800

2019-06-19 16:03:52 - [TEST_STEP][PASSED] - delay(2, OPTIONAL): Delayed 2 second(s)

2019-06-19 16:03:54 - [MESSAGE][PASSED] - Delayed 2 second(s)

2019-06-19 16:03:54 - [TEST_STEP][PASSED] - click(findTestObject("Theme_oR/Page_Ontario Cannabis Store  Ontari/button_Hide bar"), OPTIONAL): Unable to click on object (Root cause: java.lang.IllegalArgumentException: Object is null)

2019-06-19 16:03:54 - [MESSAGE][WARNING] - Test object with id 'Object Repository/Theme_oR/Page_Ontario Cannabis Store  Ontari/button_Hide bar' does not exist

2019-06-19 16:03:54 - [MESSAGE][WARNING] - Test object with id 'Object Repository/' does not exist

2019-06-19 16:03:55 - [MESSAGE][WARNING] - Unable to click on object (Root cause: java.lang.IllegalArgumentException: Object is null)
[[ATTACHMENT|/Users/sumankompelly/Relative xpath-Mobile/Reports/recordings - ( 1.10.2 )/20190619_153658/1560974634412.png]]

2019-06-19 16:03:55 - [TEST_STEP][PASSED] - setViewPortSize(360, 800, OPTIONAL): Viewport is set to new size with width = 360 and height = 800

2019-06-19 16:03:55 - [MESSAGE][PASSED] - Viewport is set to new size with width = 360 and height = 800

2019-06-19 16:03:55 - [TEST_STEP][PASSED] - delay(2, OPTIONAL): Delayed 2 second(s)

2019-06-19 16:03:57 - [MESSAGE][PASSED] - Delayed 2 second(s)

2019-06-19 16:03:57 - [TEST_STEP][PASSED] - executeJavaScript("var previewBar = document.getElementById("preview-bar-iframe"); previewBar.style.display = "none";", []): Execute JavaScript 'var previewBar = document.getElementById("preview-bar-iframe"); previewBar.style.display = "none";' successfully

2019-06-19 16:03:57 - [MESSAGE][PASSED] - Execute JavaScript 'var previewBar = document.getElementById("preview-bar-iframe"); previewBar.style.display = "none";' successfully

2019-06-19 16:03:57 - [TEST_STEP][PASSED] - click(findTestObject("OCS-MOBILE /Home - page/Glossary of terms")): Object: 'Object Repository/OCS-MOBILE /Home - page/Glossary of terms' is clicked on

2019-06-19 16:04:00 - [MESSAGE][PASSED] - Object: 'Object Repository/OCS-MOBILE /Home - page/Glossary of terms' is clicked on

2019-06-19 16:04:00 - [TEST_STEP][PASSED] - delay(2): Delayed 2 second(s)

2019-06-19 16:04:02 - [MESSAGE][PASSED] - Delayed 2 second(s)

2019-06-19 16:04:02 - [TEST_STEP][PASSED] - setViewPortSize(1000, 800, OPTIONAL): Viewport is set to new size with width = 1000 and height = 800

2019-06-19 16:04:03 - [MESSAGE][PASSED] - Viewport is set to new size with width = 1000 and height = 800

2019-06-19 16:04:03 - [TEST_STEP][PASSED] - delay(2, OPTIONAL): Delayed 2 second(s)

2019-06-19 16:04:05 - [MESSAGE][PASSED] - Delayed 2 second(s)

2019-06-19 16:04:05 - [TEST_STEP][PASSED] - click(findTestObject("Theme_oR/Page_Ontario Cannabis Store  Ontari/button_Hide bar"), OPTIONAL): Unable to click on object (Root cause: java.lang.IllegalArgumentException: Object is null)

2019-06-19 16:04:05 - [MESSAGE][WARNING] - Test object with id 'Object Repository/Theme_oR/Page_Ontario Cannabis Store  Ontari/button_Hide bar' does not exist

2019-06-19 16:04:05 - [MESSAGE][WARNING] - Test object with id 'Object Repository/' does not exist

2019-06-19 16:04:05 - [MESSAGE][WARNING] - Unable to click on object (Root cause: java.lang.IllegalArgumentException: Object is null)
[[ATTACHMENT|/Users/sumankompelly/Relative xpath-Mobile/Reports/recordings - ( 1.10.2 )/20190619_153658/1560974645109.png]]

2019-06-19 16:04:05 - [TEST_STEP][PASSED] - setViewPortSize(360, 800, OPTIONAL): Viewport is set to new size with width = 360 and height = 800

2019-06-19 16:04:06 - [MESSAGE][PASSED] - Viewport is set to new size with width = 360 and height = 800

2019-06-19 16:04:06 - [TEST_STEP][PASSED] - delay(2, OPTIONAL): Delayed 2 second(s)

2019-06-19 16:04:08 - [MESSAGE][PASSED] - Delayed 2 second(s)

2019-06-19 16:04:08 - [TEST_STEP][PASSED] - executeJavaScript("var previewBar = document.getElementById("preview-bar-iframe"); previewBar.style.display = "none";", []): Execute JavaScript 'var previewBar = document.getElementById("preview-bar-iframe"); previewBar.style.display = "none";' successfully

2019-06-19 16:04:08 - [MESSAGE][PASSED] - Execute JavaScript 'var previewBar = document.getElementById("preview-bar-iframe"); previewBar.style.display = "none";' successfully

2019-06-19 16:04:08 - [TEST_STEP][PASSED] - click(findTestObject("OCS-MOBILE /Home - page/Product Recall")): Object: 'Object Repository/OCS-MOBILE /Home - page/Product Recall' is clicked on

2019-06-19 16:04:08 - [MESSAGE][PASSED] - Object: 'Object Repository/OCS-MOBILE /Home - page/Product Recall' is clicked on

2019-06-19 16:04:08 - [TEST_STEP][PASSED] - delay(2): Delayed 2 second(s)

2019-06-19 16:04:10 - [MESSAGE][PASSED] - Delayed 2 second(s)

2019-06-19 16:04:10 - [TEST_STEP][PASSED] - setViewPortSize(1000, 800, OPTIONAL): Viewport is set to new size with width = 1000 and height = 800

2019-06-19 16:04:10 - [MESSAGE][PASSED] - Viewport is set to new size with width = 1000 and height = 800

2019-06-19 16:04:10 - [TEST_STEP][PASSED] - delay(2, OPTIONAL): Delayed 2 second(s)

2019-06-19 16:04:12 - [MESSAGE][PASSED] - Delayed 2 second(s)

2019-06-19 16:04:12 - [TEST_STEP][PASSED] - click(findTestObject("Theme_oR/Page_Ontario Cannabis Store  Ontari/button_Hide bar"), OPTIONAL): Unable to click on object (Root cause: java.lang.IllegalArgumentException: Object is null)

2019-06-19 16:04:12 - [MESSAGE][WARNING] - Test object with id 'Object Repository/Theme_oR/Page_Ontario Cannabis Store  Ontari/button_Hide bar' does not exist

2019-06-19 16:04:12 - [MESSAGE][WARNING] - Test object with id 'Object Repository/' does not exist

2019-06-19 16:04:13 - [MESSAGE][WARNING] - Unable to click on object (Root cause: java.lang.IllegalArgumentException: Object is null)
[[ATTACHMENT|/Users/sumankompelly/Relative xpath-Mobile/Reports/recordings - ( 1.10.2 )/20190619_153658/1560974652690.png]]

2019-06-19 16:04:13 - [TEST_STEP][PASSED] - setViewPortSize(360, 800, OPTIONAL): Viewport is set to new size with width = 360 and height = 800

2019-06-19 16:04:13 - [MESSAGE][PASSED] - Viewport is set to new size with width = 360 and height = 800

2019-06-19 16:04:13 - [TEST_STEP][PASSED] - delay(2, OPTIONAL): Delayed 2 second(s)

2019-06-19 16:04:15 - [MESSAGE][PASSED] - Delayed 2 second(s)

2019-06-19 16:04:15 - [TEST_STEP][PASSED] - executeJavaScript("var previewBar = document.getElementById("preview-bar-iframe"); previewBar.style.display = "none";", []): Execute JavaScript 'var previewBar = document.getElementById("preview-bar-iframe"); previewBar.style.display = "none";' successfully

2019-06-19 16:04:15 - [MESSAGE][PASSED] - Execute JavaScript 'var previewBar = document.getElementById("preview-bar-iframe"); previewBar.style.display = "none";' successfully

2019-06-19 16:04:15 - [TEST_STEP][PASSED] - click(findTestObject("OCS-MOBILE /Home - page/Government of Canada - Canna")): Object: 'Object Repository/OCS-MOBILE /Home - page/Government of Canada - Canna' is clicked on

2019-06-19 16:04:16 - [MESSAGE][PASSED] - Object: 'Object Repository/OCS-MOBILE /Home - page/Government of Canada - Canna' is clicked on

2019-06-19 16:04:16 - [TEST_STEP][PASSED] - delay(2): Delayed 2 second(s)

2019-06-19 16:04:18 - [MESSAGE][PASSED] - Delayed 2 second(s)

2019-06-19 16:04:18 - [TEST_STEP][PASSED] - setViewPortSize(1000, 800, OPTIONAL): Viewport is set to new size with width = 1000 and height = 800

2019-06-19 16:04:18 - [MESSAGE][PASSED] - Viewport is set to new size with width = 1000 and height = 800

2019-06-19 16:04:18 - [TEST_STEP][PASSED] - delay(2, OPTIONAL): Delayed 2 second(s)

2019-06-19 16:04:20 - [MESSAGE][PASSED] - Delayed 2 second(s)

2019-06-19 16:04:20 - [TEST_STEP][PASSED] - click(findTestObject("Theme_oR/Page_Ontario Cannabis Store  Ontari/button_Hide bar"), OPTIONAL): Unable to click on object (Root cause: java.lang.IllegalArgumentException: Object is null)

2019-06-19 16:04:20 - [MESSAGE][WARNING] - Test object with id 'Object Repository/Theme_oR/Page_Ontario Cannabis Store  Ontari/button_Hide bar' does not exist

2019-06-19 16:04:20 - [MESSAGE][WARNING] - Test object with id 'Object Repository/' does not exist

2019-06-19 16:04:21 - [MESSAGE][WARNING] - Unable to click on object (Root cause: java.lang.IllegalArgumentException: Object is null)
[[ATTACHMENT|/Users/sumankompelly/Relative xpath-Mobile/Reports/recordings - ( 1.10.2 )/20190619_153658/1560974660463.png]]

2019-06-19 16:04:21 - [TEST_STEP][PASSED] - setViewPortSize(360, 800, OPTIONAL): Viewport is set to new size with width = 360 and height = 800

2019-06-19 16:04:21 - [MESSAGE][PASSED] - Viewport is set to new size with width = 360 and height = 800

2019-06-19 16:04:21 - [TEST_STEP][PASSED] - delay(2, OPTIONAL): Delayed 2 second(s)

2019-06-19 16:04:23 - [MESSAGE][PASSED] - Delayed 2 second(s)

2019-06-19 16:04:23 - [TEST_STEP][PASSED] - executeJavaScript("var previewBar = document.getElementById("preview-bar-iframe"); previewBar.style.display = "none";", []): Execute JavaScript 'var previewBar = document.getElementById("preview-bar-iframe"); previewBar.style.display = "none";' successfully

2019-06-19 16:04:23 - [MESSAGE][PASSED] - Execute JavaScript 'var previewBar = document.getElementById("preview-bar-iframe"); previewBar.style.display = "none";' successfully

2019-06-19 16:04:23 - [TEST_STEP][PASSED] - click(findTestObject("OCS-MOBILE /Home - page/Government of Ontario - Cann")): Object: 'Object Repository/OCS-MOBILE /Home - page/Government of Ontario - Cann' is clicked on

2019-06-19 16:04:24 - [MESSAGE][PASSED] - Object: 'Object Repository/OCS-MOBILE /Home - page/Government of Ontario - Cann' is clicked on

2019-06-19 16:04:24 - [TEST_STEP][PASSED] - delay(2): Delayed 2 second(s)

2019-06-19 16:04:26 - [MESSAGE][PASSED] - Delayed 2 second(s)

2019-06-19 16:04:26 - [TEST_STEP][PASSED] - setViewPortSize(1000, 800, OPTIONAL): Viewport is set to new size with width = 1000 and height = 800

2019-06-19 16:04:26 - [MESSAGE][PASSED] - Viewport is set to new size with width = 1000 and height = 800

2019-06-19 16:04:26 - [TEST_STEP][PASSED] - delay(2, OPTIONAL): Delayed 2 second(s)

2019-06-19 16:04:28 - [MESSAGE][PASSED] - Delayed 2 second(s)

2019-06-19 16:04:28 - [TEST_STEP][PASSED] - click(findTestObject("Theme_oR/Page_Ontario Cannabis Store  Ontari/button_Hide bar"), OPTIONAL): Unable to click on object (Root cause: java.lang.IllegalArgumentException: Object is null)

2019-06-19 16:04:28 - [MESSAGE][WARNING] - Test object with id 'Object Repository/Theme_oR/Page_Ontario Cannabis Store  Ontari/button_Hide bar' does not exist

2019-06-19 16:04:28 - [MESSAGE][WARNING] - Test object with id 'Object Repository/' does not exist

2019-06-19 16:04:29 - [MESSAGE][WARNING] - Unable to click on object (Root cause: java.lang.IllegalArgumentException: Object is null)
[[ATTACHMENT|/Users/sumankompelly/Relative xpath-Mobile/Reports/recordings - ( 1.10.2 )/20190619_153658/1560974668247.png]]

2019-06-19 16:04:29 - [TEST_STEP][PASSED] - setViewPortSize(360, 800, OPTIONAL): Viewport is set to new size with width = 360 and height = 800

2019-06-19 16:04:29 - [MESSAGE][PASSED] - Viewport is set to new size with width = 360 and height = 800

2019-06-19 16:04:29 - [TEST_STEP][PASSED] - delay(2, OPTIONAL): Delayed 2 second(s)

2019-06-19 16:04:31 - [MESSAGE][PASSED] - Delayed 2 second(s)

2019-06-19 16:04:31 - [TEST_STEP][PASSED] - executeJavaScript("var previewBar = document.getElementById("preview-bar-iframe"); previewBar.style.display = "none";", []): Execute JavaScript 'var previewBar = document.getElementById("preview-bar-iframe"); previewBar.style.display = "none";' successfully

2019-06-19 16:04:31 - [MESSAGE][PASSED] - Execute JavaScript 'var previewBar = document.getElementById("preview-bar-iframe"); previewBar.style.display = "none";' successfully

2019-06-19 16:04:31 - [TEST_STEP][PASSED] - click(findTestObject("OCS-MOBILE /Home - page/About the OCS")): Object: 'Object Repository/OCS-MOBILE /Home - page/About the OCS' is clicked on

2019-06-19 16:04:35 - [MESSAGE][PASSED] - Object: 'Object Repository/OCS-MOBILE /Home - page/About the OCS' is clicked on

2019-06-19 16:04:35 - [TEST_STEP][PASSED] - delay(2): Delayed 2 second(s)

2019-06-19 16:04:37 - [MESSAGE][PASSED] - Delayed 2 second(s)

2019-06-19 16:04:37 - [TEST_STEP][PASSED] - setViewPortSize(1000, 800, OPTIONAL): Viewport is set to new size with width = 1000 and height = 800

2019-06-19 16:04:37 - [MESSAGE][PASSED] - Viewport is set to new size with width = 1000 and height = 800

2019-06-19 16:04:37 - [TEST_STEP][PASSED] - delay(2, OPTIONAL): Delayed 2 second(s)

2019-06-19 16:04:39 - [MESSAGE][PASSED] - Delayed 2 second(s)

2019-06-19 16:04:39 - [TEST_STEP][PASSED] - click(findTestObject("Theme_oR/Page_Ontario Cannabis Store  Ontari/button_Hide bar"), OPTIONAL): Unable to click on object (Root cause: java.lang.IllegalArgumentException: Object is null)

2019-06-19 16:04:39 - [MESSAGE][WARNING] - Test object with id 'Object Repository/Theme_oR/Page_Ontario Cannabis Store  Ontari/button_Hide bar' does not exist

2019-06-19 16:04:39 - [MESSAGE][WARNING] - Test object with id 'Object Repository/' does not exist

2019-06-19 16:04:40 - [MESSAGE][WARNING] - Unable to click on object (Root cause: java.lang.IllegalArgumentException: Object is null)
[[ATTACHMENT|/Users/sumankompelly/Relative xpath-Mobile/Reports/recordings - ( 1.10.2 )/20190619_153658/1560974679382.png]]

2019-06-19 16:04:40 - [TEST_STEP][PASSED] - setViewPortSize(360, 800, OPTIONAL): Viewport is set to new size with width = 360 and height = 800

2019-06-19 16:04:40 - [MESSAGE][PASSED] - Viewport is set to new size with width = 360 and height = 800

2019-06-19 16:04:40 - [TEST_STEP][PASSED] - delay(2, OPTIONAL): Delayed 2 second(s)

2019-06-19 16:04:42 - [MESSAGE][PASSED] - Delayed 2 second(s)

2019-06-19 16:04:42 - [TEST_STEP][PASSED] - executeJavaScript("var previewBar = document.getElementById("preview-bar-iframe"); previewBar.style.display = "none";", []): Execute JavaScript 'var previewBar = document.getElementById("preview-bar-iframe"); previewBar.style.display = "none";' successfully

2019-06-19 16:04:42 - [MESSAGE][PASSED] - Execute JavaScript 'var previewBar = document.getElementById("preview-bar-iframe"); previewBar.style.display = "none";' successfully

2019-06-19 16:04:42 - [TEST_STEP][PASSED] - click(findTestObject("OCS-MOBILE /Home - page/Careers")): Object: 'Object Repository/OCS-MOBILE /Home - page/Careers' is clicked on

2019-06-19 16:04:42 - [MESSAGE][PASSED] - Object: 'Object Repository/OCS-MOBILE /Home - page/Careers' is clicked on

2019-06-19 16:04:42 - [TEST_STEP][PASSED] - delay(2): Delayed 2 second(s)

2019-06-19 16:04:44 - [MESSAGE][PASSED] - Delayed 2 second(s)

2019-06-19 16:04:44 - [TEST_STEP][PASSED] - setViewPortSize(1000, 800, OPTIONAL): Viewport is set to new size with width = 1000 and height = 800

2019-06-19 16:04:45 - [MESSAGE][PASSED] - Viewport is set to new size with width = 1000 and height = 800

2019-06-19 16:04:45 - [TEST_STEP][PASSED] - delay(2, OPTIONAL): Delayed 2 second(s)

2019-06-19 16:04:47 - [MESSAGE][PASSED] - Delayed 2 second(s)

2019-06-19 16:04:47 - [TEST_STEP][PASSED] - click(findTestObject("Theme_oR/Page_Ontario Cannabis Store  Ontari/button_Hide bar"), OPTIONAL): Unable to click on object (Root cause: java.lang.IllegalArgumentException: Object is null)

2019-06-19 16:04:47 - [MESSAGE][WARNING] - Test object with id 'Object Repository/Theme_oR/Page_Ontario Cannabis Store  Ontari/button_Hide bar' does not exist

2019-06-19 16:04:47 - [MESSAGE][WARNING] - Test object with id 'Object Repository/' does not exist

2019-06-19 16:04:48 - [MESSAGE][WARNING] - Unable to click on object (Root cause: java.lang.IllegalArgumentException: Object is null)
[[ATTACHMENT|/Users/sumankompelly/Relative xpath-Mobile/Reports/recordings - ( 1.10.2 )/20190619_153658/1560974687297.png]]

2019-06-19 16:04:48 - [TEST_STEP][PASSED] - setViewPortSize(360, 800, OPTIONAL): Viewport is set to new size with width = 360 and height = 800

2019-06-19 16:04:48 - [MESSAGE][PASSED] - Viewport is set to new size with width = 360 and height = 800

2019-06-19 16:04:48 - [TEST_STEP][PASSED] - delay(2, OPTIONAL): Delayed 2 second(s)

2019-06-19 16:04:50 - [MESSAGE][PASSED] - Delayed 2 second(s)

2019-06-19 16:04:50 - [TEST_STEP][NOT_RUN] - scrollToElement(findTestObject("OCS-MOBILE /Home - page/Contact us -"), 0): NOT_RUN: scrollToElement(findTestObject("OCS-MOBILE /Home - page/Contact us -"), 0)

2019-06-19 16:04:50 - [MESSAGE][NOT_RUN] - NOT_RUN: scrollToElement(findTestObject("OCS-MOBILE /Home - page/Contact us -"), 0)

2019-06-19 16:04:50 - [TEST_STEP][PASSED] - delay(2, OPTIONAL): Delayed 2 second(s)

2019-06-19 16:04:52 - [MESSAGE][PASSED] - Delayed 2 second(s)

2019-06-19 16:04:52 - [TEST_STEP][PASSED] - executeJavaScript("var previewBar = document.getElementById("preview-bar-iframe"); previewBar.style.display = "none";", []): Execute JavaScript 'var previewBar = document.getElementById("preview-bar-iframe"); previewBar.style.display = "none";' successfully

2019-06-19 16:04:52 - [MESSAGE][PASSED] - Execute JavaScript 'var previewBar = document.getElementById("preview-bar-iframe"); previewBar.style.display = "none";' successfully

2019-06-19 16:04:52 - [TEST_STEP][PASSED] - click(findTestObject("OCS-MOBILE /Home - page/News"), OPTIONAL): Object: 'Object Repository/OCS-MOBILE /Home - page/News' is clicked on

2019-06-19 16:04:55 - [MESSAGE][PASSED] - Object: 'Object Repository/OCS-MOBILE /Home - page/News' is clicked on

2019-06-19 16:04:55 - [TEST_STEP][PASSED] - delay(2): Delayed 2 second(s)

2019-06-19 16:04:57 - [MESSAGE][PASSED] - Delayed 2 second(s)

2019-06-19 16:04:57 - [TEST_STEP][PASSED] - setViewPortSize(1000, 800, OPTIONAL): Viewport is set to new size with width = 1000 and height = 800

2019-06-19 16:04:57 - [MESSAGE][PASSED] - Viewport is set to new size with width = 1000 and height = 800

2019-06-19 16:04:57 - [TEST_STEP][PASSED] - delay(2, OPTIONAL): Delayed 2 second(s)

2019-06-19 16:04:59 - [MESSAGE][PASSED] - Delayed 2 second(s)

2019-06-19 16:04:59 - [TEST_STEP][PASSED] - click(findTestObject("Theme_oR/Page_Ontario Cannabis Store  Ontari/button_Hide bar"), OPTIONAL): Unable to click on object (Root cause: java.lang.IllegalArgumentException: Object is null)

2019-06-19 16:04:59 - [MESSAGE][WARNING] - Test object with id 'Object Repository/Theme_oR/Page_Ontario Cannabis Store  Ontari/button_Hide bar' does not exist

2019-06-19 16:04:59 - [MESSAGE][WARNING] - Test object with id 'Object Repository/' does not exist

2019-06-19 16:05:00 - [MESSAGE][WARNING] - Unable to click on object (Root cause: java.lang.IllegalArgumentException: Object is null)
[[ATTACHMENT|/Users/sumankompelly/Relative xpath-Mobile/Reports/recordings - ( 1.10.2 )/20190619_153658/1560974699546.png]]

2019-06-19 16:05:00 - [TEST_STEP][PASSED] - setViewPortSize(360, 800, OPTIONAL): Viewport is set to new size with width = 360 and height = 800

2019-06-19 16:05:00 - [MESSAGE][PASSED] - Viewport is set to new size with width = 360 and height = 800

2019-06-19 16:05:00 - [TEST_STEP][PASSED] - delay(2, OPTIONAL): Delayed 2 second(s)

2019-06-19 16:05:02 - [MESSAGE][PASSED] - Delayed 2 second(s)

2019-06-19 16:05:02 - [TEST_STEP][PASSED] - executeJavaScript("var previewBar = document.getElementById("preview-bar-iframe"); previewBar.style.display = "none";", []): Execute JavaScript 'var previewBar = document.getElementById("preview-bar-iframe"); previewBar.style.display = "none";' successfully

2019-06-19 16:05:02 - [MESSAGE][PASSED] - Execute JavaScript 'var previewBar = document.getElementById("preview-bar-iframe"); previewBar.style.display = "none";' successfully

2019-06-19 16:05:02 - [TEST_STEP][PASSED] - click(findTestObject("OCS-MOBILE /Home - page/Doing Business With OCS")): Object: 'Object Repository/OCS-MOBILE /Home - page/Doing Business With OCS' is clicked on

2019-06-19 16:05:03 - [MESSAGE][PASSED] - Object: 'Object Repository/OCS-MOBILE /Home - page/Doing Business With OCS' is clicked on

2019-06-19 16:05:03 - [TEST_STEP][PASSED] - delay(2): Delayed 2 second(s)

2019-06-19 16:05:05 - [MESSAGE][PASSED] - Delayed 2 second(s)

2019-06-19 16:05:05 - [TEST_STEP][PASSED] - setViewPortSize(1000, 800, OPTIONAL): Viewport is set to new size with width = 1000 and height = 800

2019-06-19 16:05:05 - [MESSAGE][PASSED] - Viewport is set to new size with width = 1000 and height = 800

2019-06-19 16:05:05 - [TEST_STEP][PASSED] - delay(2, OPTIONAL): Delayed 2 second(s)

2019-06-19 16:05:07 - [MESSAGE][PASSED] - Delayed 2 second(s)

2019-06-19 16:05:07 - [TEST_STEP][PASSED] - click(findTestObject("Theme_oR/Page_Ontario Cannabis Store  Ontari/button_Hide bar"), OPTIONAL): Unable to click on object (Root cause: java.lang.IllegalArgumentException: Object is null)

2019-06-19 16:05:07 - [MESSAGE][WARNING] - Test object with id 'Object Repository/Theme_oR/Page_Ontario Cannabis Store  Ontari/button_Hide bar' does not exist

2019-06-19 16:05:07 - [MESSAGE][WARNING] - Test object with id 'Object Repository/' does not exist

2019-06-19 16:05:08 - [MESSAGE][WARNING] - Unable to click on object (Root cause: java.lang.IllegalArgumentException: Object is null)
[[ATTACHMENT|/Users/sumankompelly/Relative xpath-Mobile/Reports/recordings - ( 1.10.2 )/20190619_153658/1560974707653.png]]

2019-06-19 16:05:08 - [TEST_STEP][PASSED] - setViewPortSize(360, 800, OPTIONAL): Viewport is set to new size with width = 360 and height = 800

2019-06-19 16:05:08 - [MESSAGE][PASSED] - Viewport is set to new size with width = 360 and height = 800

2019-06-19 16:05:08 - [TEST_STEP][PASSED] - delay(2, OPTIONAL): Delayed 2 second(s)

2019-06-19 16:05:10 - [MESSAGE][PASSED] - Delayed 2 second(s)

2019-06-19 16:05:10 - [TEST_STEP][PASSED] - delay(2): Delayed 2 second(s)

2019-06-19 16:05:12 - [MESSAGE][PASSED] - Delayed 2 second(s)

2019-06-19 16:05:12 - [TEST_STEP][PASSED] - executeJavaScript("var previewBar = document.getElementById("preview-bar-iframe"); previewBar.style.display = "none";", []): Execute JavaScript 'var previewBar = document.getElementById("preview-bar-iframe"); previewBar.style.display = "none";' successfully

2019-06-19 16:05:12 - [MESSAGE][PASSED] - Execute JavaScript 'var previewBar = document.getElementById("preview-bar-iframe"); previewBar.style.display = "none";' successfully

2019-06-19 16:05:12 - [TEST_STEP][PASSED] - click(findTestObject("OCS-MOBILE /Home - page/Help us improve OCS.ca"), CONTINUE_ON_FAILURE): Object: 'Object Repository/OCS-MOBILE /Home - page/Help us improve OCS.ca' is clicked on

2019-06-19 16:05:13 - [MESSAGE][PASSED] - Object: 'Object Repository/OCS-MOBILE /Home - page/Help us improve OCS.ca' is clicked on

2019-06-19 16:05:13 - [TEST_STEP][PASSED] - delay(2): Delayed 2 second(s)

2019-06-19 16:05:15 - [MESSAGE][PASSED] - Delayed 2 second(s)

2019-06-19 16:05:15 - [TEST_STEP][PASSED] - setViewPortSize(1000, 800, OPTIONAL): Viewport is set to new size with width = 1000 and height = 800

2019-06-19 16:05:15 - [MESSAGE][PASSED] - Viewport is set to new size with width = 1000 and height = 800

2019-06-19 16:05:15 - [TEST_STEP][PASSED] - delay(2, OPTIONAL): Delayed 2 second(s)

2019-06-19 16:05:17 - [MESSAGE][PASSED] - Delayed 2 second(s)

2019-06-19 16:05:17 - [TEST_STEP][PASSED] - click(findTestObject("Theme_oR/Page_Ontario Cannabis Store  Ontari/button_Hide bar"), OPTIONAL): Unable to click on object (Root cause: java.lang.IllegalArgumentException: Object is null)

2019-06-19 16:05:17 - [MESSAGE][WARNING] - Test object with id 'Object Repository/Theme_oR/Page_Ontario Cannabis Store  Ontari/button_Hide bar' does not exist

2019-06-19 16:05:17 - [MESSAGE][WARNING] - Test object with id 'Object Repository/' does not exist

2019-06-19 16:05:18 - [MESSAGE][WARNING] - Unable to click on object (Root cause: java.lang.IllegalArgumentException: Object is null)
[[ATTACHMENT|/Users/sumankompelly/Relative xpath-Mobile/Reports/recordings - ( 1.10.2 )/20190619_153658/1560974717602.png]]

2019-06-19 16:05:18 - [TEST_STEP][PASSED] - setViewPortSize(360, 800, OPTIONAL): Viewport is set to new size with width = 360 and height = 800

2019-06-19 16:05:18 - [MESSAGE][PASSED] - Viewport is set to new size with width = 360 and height = 800

2019-06-19 16:05:18 - [TEST_STEP][PASSED] - delay(2, OPTIONAL): Delayed 2 second(s)

2019-06-19 16:05:20 - [MESSAGE][PASSED] - Delayed 2 second(s)

2019-06-19 16:05:20 - [TEST_STEP][PASSED] - delay(2): Delayed 2 second(s)

2019-06-19 16:05:22 - [MESSAGE][PASSED] - Delayed 2 second(s)

2019-06-19 16:05:22 - [TEST_STEP][PASSED] - executeJavaScript("var previewBar = document.getElementById("preview-bar-iframe"); previewBar.style.display = "none";", []): Execute JavaScript 'var previewBar = document.getElementById("preview-bar-iframe"); previewBar.style.display = "none";' successfully

2019-06-19 16:05:22 - [MESSAGE][PASSED] - Execute JavaScript 'var previewBar = document.getElementById("preview-bar-iframe"); previewBar.style.display = "none";' successfully

2019-06-19 16:05:22 - [TEST_STEP][PASSED] - click(findTestObject("OCS-MOBILE /Home - page/Terms and Conditions")): Object: 'Object Repository/OCS-MOBILE /Home - page/Terms and Conditions' is clicked on

2019-06-19 16:05:25 - [MESSAGE][PASSED] - Object: 'Object Repository/OCS-MOBILE /Home - page/Terms and Conditions' is clicked on

2019-06-19 16:05:25 - [TEST_STEP][PASSED] - delay(2): Delayed 2 second(s)

2019-06-19 16:05:27 - [MESSAGE][PASSED] - Delayed 2 second(s)

2019-06-19 16:05:27 - [TEST_STEP][PASSED] - setViewPortSize(1000, 800, OPTIONAL): Viewport is set to new size with width = 1000 and height = 800

2019-06-19 16:05:28 - [MESSAGE][PASSED] - Viewport is set to new size with width = 1000 and height = 800

2019-06-19 16:05:28 - [TEST_STEP][PASSED] - delay(2, OPTIONAL): Delayed 2 second(s)

2019-06-19 16:05:30 - [MESSAGE][PASSED] - Delayed 2 second(s)

2019-06-19 16:05:30 - [TEST_STEP][PASSED] - click(findTestObject("Theme_oR/Page_Ontario Cannabis Store  Ontari/button_Hide bar"), OPTIONAL): Unable to click on object (Root cause: java.lang.IllegalArgumentException: Object is null)

2019-06-19 16:05:30 - [MESSAGE][WARNING] - Test object with id 'Object Repository/Theme_oR/Page_Ontario Cannabis Store  Ontari/button_Hide bar' does not exist

2019-06-19 16:05:30 - [MESSAGE][WARNING] - Test object with id 'Object Repository/' does not exist

2019-06-19 16:05:31 - [MESSAGE][WARNING] - Unable to click on object (Root cause: java.lang.IllegalArgumentException: Object is null)
[[ATTACHMENT|/Users/sumankompelly/Relative xpath-Mobile/Reports/recordings - ( 1.10.2 )/20190619_153658/1560974730223.png]]

2019-06-19 16:05:31 - [TEST_STEP][PASSED] - setViewPortSize(360, 800, OPTIONAL): Viewport is set to new size with width = 360 and height = 800

2019-06-19 16:05:31 - [MESSAGE][PASSED] - Viewport is set to new size with width = 360 and height = 800

2019-06-19 16:05:31 - [TEST_STEP][PASSED] - delay(2, OPTIONAL): Delayed 2 second(s)

2019-06-19 16:05:33 - [MESSAGE][PASSED] - Delayed 2 second(s)

2019-06-19 16:05:33 - [TEST_STEP][PASSED] - delay(2): Delayed 2 second(s)

2019-06-19 16:05:35 - [MESSAGE][PASSED] - Delayed 2 second(s)

2019-06-19 16:05:35 - [TEST_STEP][PASSED] - executeJavaScript("var previewBar = document.getElementById("preview-bar-iframe"); previewBar.style.display = "none";", []): Execute JavaScript 'var previewBar = document.getElementById("preview-bar-iframe"); previewBar.style.display = "none";' successfully

2019-06-19 16:05:35 - [MESSAGE][PASSED] - Execute JavaScript 'var previewBar = document.getElementById("preview-bar-iframe"); previewBar.style.display = "none";' successfully

2019-06-19 16:05:35 - [TEST_STEP][PASSED] - click(findTestObject("OCS-MOBILE /Home - page/Privacy")): Object: 'Object Repository/OCS-MOBILE /Home - page/Privacy' is clicked on

2019-06-19 16:05:38 - [MESSAGE][PASSED] - Object: 'Object Repository/OCS-MOBILE /Home - page/Privacy' is clicked on

2019-06-19 16:05:38 - [TEST_STEP][PASSED] - delay(2): Delayed 2 second(s)

2019-06-19 16:05:40 - [MESSAGE][PASSED] - Delayed 2 second(s)

2019-06-19 16:05:40 - [TEST_STEP][PASSED] - setViewPortSize(1000, 800, OPTIONAL): Viewport is set to new size with width = 1000 and height = 800

2019-06-19 16:05:40 - [MESSAGE][PASSED] - Viewport is set to new size with width = 1000 and height = 800

2019-06-19 16:05:40 - [TEST_STEP][PASSED] - delay(2, OPTIONAL): Delayed 2 second(s)

2019-06-19 16:05:42 - [MESSAGE][PASSED] - Delayed 2 second(s)

2019-06-19 16:05:42 - [TEST_STEP][PASSED] - click(findTestObject("Theme_oR/Page_Ontario Cannabis Store  Ontari/button_Hide bar"), OPTIONAL): Unable to click on object (Root cause: java.lang.IllegalArgumentException: Object is null)

2019-06-19 16:05:42 - [MESSAGE][WARNING] - Test object with id 'Object Repository/Theme_oR/Page_Ontario Cannabis Store  Ontari/button_Hide bar' does not exist

2019-06-19 16:05:42 - [MESSAGE][WARNING] - Test object with id 'Object Repository/' does not exist

2019-06-19 16:05:43 - [MESSAGE][WARNING] - Unable to click on object (Root cause: java.lang.IllegalArgumentException: Object is null)
[[ATTACHMENT|/Users/sumankompelly/Relative xpath-Mobile/Reports/recordings - ( 1.10.2 )/20190619_153658/1560974742589.png]]

2019-06-19 16:05:43 - [TEST_STEP][PASSED] - setViewPortSize(360, 800, OPTIONAL): Viewport is set to new size with width = 360 and height = 800

2019-06-19 16:05:43 - [MESSAGE][PASSED] - Viewport is set to new size with width = 360 and height = 800

2019-06-19 16:05:43 - [TEST_STEP][PASSED] - delay(2, OPTIONAL): Delayed 2 second(s)

2019-06-19 16:05:45 - [MESSAGE][PASSED] - Delayed 2 second(s)

2019-06-19 16:05:45 - [TEST_STEP][PASSED] - delay(2): Delayed 2 second(s)

2019-06-19 16:05:47 - [MESSAGE][PASSED] - Delayed 2 second(s)

2019-06-19 16:05:47 - [TEST_STEP][PASSED] - executeJavaScript("var previewBar = document.getElementById("preview-bar-iframe"); previewBar.style.display = "none";", []): Execute JavaScript 'var previewBar = document.getElementById("preview-bar-iframe"); previewBar.style.display = "none";' successfully

2019-06-19 16:05:47 - [MESSAGE][PASSED] - Execute JavaScript 'var previewBar = document.getElementById("preview-bar-iframe"); previewBar.style.display = "none";' successfully

2019-06-19 16:05:47 - [TEST_STEP][PASSED] - click(findTestObject("OCS-MOBILE /Home - page/Accessibility")): Object: 'Object Repository/OCS-MOBILE /Home - page/Accessibility' is clicked on

2019-06-19 16:05:50 - [MESSAGE][PASSED] - Object: 'Object Repository/OCS-MOBILE /Home - page/Accessibility' is clicked on

2019-06-19 16:05:50 - [TEST_STEP][PASSED] - delay(2): Delayed 2 second(s)

2019-06-19 16:05:52 - [MESSAGE][PASSED] - Delayed 2 second(s)

2019-06-19 16:05:52 - [TEST_STEP][PASSED] - setViewPortSize(1000, 800, OPTIONAL): Viewport is set to new size with width = 1000 and height = 800

2019-06-19 16:05:52 - [MESSAGE][PASSED] - Viewport is set to new size with width = 1000 and height = 800

2019-06-19 16:05:52 - [TEST_STEP][PASSED] - delay(2, OPTIONAL): Delayed 2 second(s)

2019-06-19 16:05:54 - [MESSAGE][PASSED] - Delayed 2 second(s)

2019-06-19 16:05:54 - [TEST_STEP][PASSED] - click(findTestObject("Theme_oR/Page_Ontario Cannabis Store  Ontari/button_Hide bar"), OPTIONAL): Unable to click on object (Root cause: java.lang.IllegalArgumentException: Object is null)

2019-06-19 16:05:54 - [MESSAGE][WARNING] - Test object with id 'Object Repository/Theme_oR/Page_Ontario Cannabis Store  Ontari/button_Hide bar' does not exist

2019-06-19 16:05:54 - [MESSAGE][WARNING] - Test object with id 'Object Repository/' does not exist

2019-06-19 16:05:55 - [MESSAGE][WARNING] - Unable to click on object (Root cause: java.lang.IllegalArgumentException: Object is null)
[[ATTACHMENT|/Users/sumankompelly/Relative xpath-Mobile/Reports/recordings - ( 1.10.2 )/20190619_153658/1560974754483.png]]

2019-06-19 16:05:55 - [TEST_STEP][PASSED] - setViewPortSize(360, 800, OPTIONAL): Viewport is set to new size with width = 360 and height = 800

2019-06-19 16:05:55 - [MESSAGE][PASSED] - Viewport is set to new size with width = 360 and height = 800

2019-06-19 16:05:55 - [TEST_STEP][PASSED] - delay(2, OPTIONAL): Delayed 2 second(s)

2019-06-19 16:05:57 - [MESSAGE][PASSED] - Delayed 2 second(s)

2019-06-19 16:05:57 - [TEST_STEP][PASSED] - delay(2): Delayed 2 second(s)

2019-06-19 16:05:59 - [MESSAGE][PASSED] - Delayed 2 second(s)

2019-06-19 16:05:59 - [TEST_STEP][PASSED] - executeJavaScript("var previewBar = document.getElementById("preview-bar-iframe"); previewBar.style.display = "none";", []): Execute JavaScript 'var previewBar = document.getElementById("preview-bar-iframe"); previewBar.style.display = "none";' successfully

2019-06-19 16:05:59 - [MESSAGE][PASSED] - Execute JavaScript 'var previewBar = document.getElementById("preview-bar-iframe"); previewBar.style.display = "none";' successfully

2019-06-19 16:05:59 - [TEST_STEP][PASSED] - click(findTestObject("OCS-MOBILE /Home - page/Delivery to First Nations")): Object: 'Object Repository/OCS-MOBILE /Home - page/Delivery to First Nations' is clicked on

2019-06-19 16:06:02 - [MESSAGE][PASSED] - Object: 'Object Repository/OCS-MOBILE /Home - page/Delivery to First Nations' is clicked on

2019-06-19 16:06:02 - [TEST_STEP][PASSED] - delay(2): Delayed 2 second(s)

2019-06-19 16:06:04 - [MESSAGE][PASSED] - Delayed 2 second(s)

2019-06-19 16:06:04 - [TEST_STEP][PASSED] - setViewPortSize(1000, 800, OPTIONAL): Viewport is set to new size with width = 1000 and height = 800

2019-06-19 16:06:04 - [MESSAGE][PASSED] - Viewport is set to new size with width = 1000 and height = 800

2019-06-19 16:06:04 - [TEST_STEP][PASSED] - delay(2, OPTIONAL): Delayed 2 second(s)

2019-06-19 16:06:06 - [MESSAGE][PASSED] - Delayed 2 second(s)

2019-06-19 16:06:06 - [TEST_STEP][PASSED] - click(findTestObject("Theme_oR/Page_Ontario Cannabis Store  Ontari/button_Hide bar"), OPTIONAL): Unable to click on object (Root cause: java.lang.IllegalArgumentException: Object is null)

2019-06-19 16:06:06 - [MESSAGE][WARNING] - Test object with id 'Object Repository/Theme_oR/Page_Ontario Cannabis Store  Ontari/button_Hide bar' does not exist

2019-06-19 16:06:06 - [MESSAGE][WARNING] - Test object with id 'Object Repository/' does not exist

2019-06-19 16:06:07 - [MESSAGE][WARNING] - Unable to click on object (Root cause: java.lang.IllegalArgumentException: Object is null)
[[ATTACHMENT|/Users/sumankompelly/Relative xpath-Mobile/Reports/recordings - ( 1.10.2 )/20190619_153658/1560974766924.png]]

2019-06-19 16:06:07 - [TEST_STEP][PASSED] - setViewPortSize(360, 800, OPTIONAL): Viewport is set to new size with width = 360 and height = 800

2019-06-19 16:06:08 - [MESSAGE][PASSED] - Viewport is set to new size with width = 360 and height = 800

2019-06-19 16:06:08 - [TEST_STEP][PASSED] - delay(2, OPTIONAL): Delayed 2 second(s)

2019-06-19 16:06:10 - [MESSAGE][PASSED] - Delayed 2 second(s)

2019-06-19 16:06:10 - [TEST_STEP][PASSED] - delay(2): Delayed 2 second(s)

2019-06-19 16:06:12 - [MESSAGE][PASSED] - Delayed 2 second(s)

2019-06-19 16:06:12 - [TEST_STEP][PASSED] - executeJavaScript("var previewBar = document.getElementById("preview-bar-iframe"); previewBar.style.display = "none";", []): Execute JavaScript 'var previewBar = document.getElementById("preview-bar-iframe"); previewBar.style.display = "none";' successfully

2019-06-19 16:06:12 - [MESSAGE][PASSED] - Execute JavaScript 'var previewBar = document.getElementById("preview-bar-iframe"); previewBar.style.display = "none";' successfully

2019-06-19 16:06:12 - [TEST_STEP][PASSED] - click(findTestObject("OCS-MOBILE /Home - page/Hello OCS image")): Object: 'Object Repository/OCS-MOBILE /Home - page/Hello OCS image' is clicked on

2019-06-19 16:06:12 - [MESSAGE][PASSED] - Object: 'Object Repository/OCS-MOBILE /Home - page/Hello OCS image' is clicked on

2019-06-19 16:06:12 - [TEST_STEP][PASSED] - delay(2): Delayed 2 second(s)

2019-06-19 16:06:14 - [MESSAGE][PASSED] - Delayed 2 second(s)

2019-06-19 16:06:14 - [TEST_STEP][PASSED] - setViewPortSize(1000, 800, OPTIONAL): Viewport is set to new size with width = 1000 and height = 800

2019-06-19 16:06:14 - [MESSAGE][PASSED] - Viewport is set to new size with width = 1000 and height = 800

2019-06-19 16:06:14 - [TEST_STEP][PASSED] - delay(2, OPTIONAL): Delayed 2 second(s)

2019-06-19 16:06:16 - [MESSAGE][PASSED] - Delayed 2 second(s)

2019-06-19 16:06:16 - [TEST_STEP][PASSED] - click(findTestObject("Theme_oR/Page_Ontario Cannabis Store  Ontari/button_Hide bar"), OPTIONAL): Unable to click on object (Root cause: java.lang.IllegalArgumentException: Object is null)

2019-06-19 16:06:16 - [MESSAGE][WARNING] - Test object with id 'Object Repository/Theme_oR/Page_Ontario Cannabis Store  Ontari/button_Hide bar' does not exist

2019-06-19 16:06:16 - [MESSAGE][WARNING] - Test object with id 'Object Repository/' does not exist

2019-06-19 16:06:17 - [MESSAGE][WARNING] - Unable to click on object (Root cause: java.lang.IllegalArgumentException: Object is null)
[[ATTACHMENT|/Users/sumankompelly/Relative xpath-Mobile/Reports/recordings - ( 1.10.2 )/20190619_153658/1560974776792.png]]

2019-06-19 16:06:17 - [TEST_STEP][PASSED] - setViewPortSize(360, 800, OPTIONAL): Viewport is set to new size with width = 360 and height = 800

2019-06-19 16:06:17 - [MESSAGE][PASSED] - Viewport is set to new size with width = 360 and height = 800

2019-06-19 16:06:17 - [TEST_STEP][PASSED] - delay(2, OPTIONAL): Delayed 2 second(s)

2019-06-19 16:06:19 - [MESSAGE][PASSED] - Delayed 2 second(s)

2019-06-19 16:06:19 - [TEST_STEP][PASSED] - delay(2): Delayed 2 second(s)

2019-06-19 16:06:21 - [MESSAGE][PASSED] - Delayed 2 second(s)

2019-06-19 16:06:21 - [TEST_STEP][PASSED] - click(findTestObject("OCS-MOBILE /Home - page/twitter")): Object: 'Object Repository/OCS-MOBILE /Home - page/twitter' is clicked on

2019-06-19 16:06:22 - [MESSAGE][PASSED] - Object: 'Object Repository/OCS-MOBILE /Home - page/twitter' is clicked on]]></system-out>
         <system-err><![CDATA[]]></system-err>
      </testcase>
      <testcase name="Test Cases/OCS - MOBILE/OCS- HOME PAGE/why trust OCS" classname="Test Cases/OCS - MOBILE/OCS- HOME PAGE/why trust OCS" status="PASSED">
         <system-out><![CDATA[2019-06-19 16:06:22 - [TEST_CASE][PASSED] - Test Cases/OCS - MOBILE/OCS- HOME PAGE/why trust OCS: Test Cases/OCS - MOBILE/OCS- HOME PAGE/why trust OCS

2019-06-19 16:06:22 - [TEST_STEP][PASSED] - callTestCase(findTestCase("OCS - MOBILE/CALL - AGE GATE"), [:], STOP_ON_FAILURE): Call Test Case 'Test Cases/OCS - MOBILE/CALL - AGE GATE' successfully

2019-06-19 16:06:22 - [TEST_CASE][PASSED] - Test Cases/OCS - MOBILE/CALL - AGE GATE: Test Cases/OCS - MOBILE/CALL - AGE GATE

2019-06-19 16:06:22 - [TEST_STEP][PASSED] - openBrowser(""): Browser is opened with url: ''

2019-06-19 16:06:22 - [MESSAGE][WARNING] - A browser is already opened. Closing browser and opening a new one

2019-06-19 16:06:23 - [MESSAGE][INFO] - Starting 'Remote' driver

2019-06-19 16:06:23 - [MESSAGE][INFO] - User set preference: ['os', 'OS X']

2019-06-19 16:06:23 - [MESSAGE][INFO] - User set preference: ['os_version', 'High Sierra']

2019-06-19 16:06:23 - [MESSAGE][INFO] - User set preference: ['browser', 'Chrome']

2019-06-19 16:06:23 - [MESSAGE][INFO] - User set preference: ['browser_version', '76.0 beta']

2019-06-19 16:06:23 - [MESSAGE][INFO] - User set preference: ['browserstack.local', 'false']

2019-06-19 16:06:23 - [MESSAGE][INFO] - Connecting to remote web server 'https://dianatest3:Z3oqw9ysqTeRQJq5wFCp@hub-cloud.browserstack.com/wd/hub' with type 'Selenium'

2019-06-19 16:06:28 - [MESSAGE][PASSED] - Browser is opened with url: ''

2019-06-19 16:06:28 - [TEST_STEP][PASSED] - navigateToUrl("https://ocs.ca/?fts=0&preview_theme_id=72920106828"): Navigate to 'https://ocs.ca/?fts=0&preview_theme_id=72920106828' successfully

2019-06-19 16:06:33 - [MESSAGE][PASSED] - Navigate to 'https://ocs.ca/?fts=0&preview_theme_id=72920106828' successfully

2019-06-19 16:06:33 - [TEST_STEP][PASSED] - executeJavaScript("var previewBar = document.getElementById("preview-bar-iframe"); previewBar.style.display = "none";", []): Execute JavaScript 'var previewBar = document.getElementById("preview-bar-iframe"); previewBar.style.display = "none";' successfully

2019-06-19 16:06:33 - [MESSAGE][PASSED] - Execute JavaScript 'var previewBar = document.getElementById("preview-bar-iframe"); previewBar.style.display = "none";' successfully

2019-06-19 16:06:33 - [TEST_STEP][PASSED] - setViewPortSize(360, 800): Viewport is set to new size with width = 360 and height = 800

2019-06-19 16:06:33 - [MESSAGE][PASSED] - Viewport is set to new size with width = 360 and height = 800

2019-06-19 16:06:33 - [TEST_STEP][PASSED] - delay(4): Delayed 4 second(s)

2019-06-19 16:06:37 - [MESSAGE][PASSED] - Delayed 4 second(s)

2019-06-19 16:06:37 - [TEST_STEP][PASSED] - selectOptionByValue(findTestObject("OCS-MOBILE /Age gate and burger menu/Date"), "12", true): All options with value '12' are selected in object 'Object Repository/OCS-MOBILE /Age gate and burger menu/Date'  using regular expression

2019-06-19 16:06:42 - [MESSAGE][PASSED] - All options with value '12' are selected in object 'Object Repository/OCS-MOBILE /Age gate and burger menu/Date'  using regular expression

2019-06-19 16:06:42 - [TEST_STEP][PASSED] - selectOptionByValue(findTestObject("OCS-MOBILE /Age gate and burger menu/month"), "6", true): All options with value '6' are selected in object 'Object Repository/OCS-MOBILE /Age gate and burger menu/month'  using regular expression

2019-06-19 16:06:45 - [MESSAGE][PASSED] - All options with value '6' are selected in object 'Object Repository/OCS-MOBILE /Age gate and burger menu/month'  using regular expression

2019-06-19 16:06:45 - [TEST_STEP][PASSED] - delay(2): Delayed 2 second(s)

2019-06-19 16:06:47 - [MESSAGE][PASSED] - Delayed 2 second(s)

2019-06-19 16:06:47 - [TEST_STEP][PASSED] - selectOptionByValue(findTestObject("OCS-MOBILE /Age gate and burger menu/Year Dropdown"), "1990", true): All options with value '1990' are selected in object 'Object Repository/OCS-MOBILE /Age gate and burger menu/Year Dropdown'  using regular expression

2019-06-19 16:07:01 - [MESSAGE][PASSED] - All options with value '1990' are selected in object 'Object Repository/OCS-MOBILE /Age gate and burger menu/Year Dropdown'  using regular expression

2019-06-19 16:07:01 - [TEST_STEP][PASSED] - click(findTestObject("OCS-MOBILE /Age gate and Mega menu/button_Verify")): Object: 'Object Repository/OCS-MOBILE /Age gate and Mega menu/button_Verify' is clicked on

2019-06-19 16:07:01 - [MESSAGE][PASSED] - Object: 'Object Repository/OCS-MOBILE /Age gate and Mega menu/button_Verify' is clicked on

2019-06-19 16:07:01 - [TEST_STEP][PASSED] - click(findTestObject("OCS-MOBILE /Age gate and Mega menu/Checkbox_CONFIRM AND ACKNOWLEDGE")): Object: 'Object Repository/OCS-MOBILE /Age gate and Mega menu/Checkbox_CONFIRM AND ACKNOWLEDGE' is clicked on

2019-06-19 16:07:01 - [MESSAGE][PASSED] - Object: 'Object Repository/OCS-MOBILE /Age gate and Mega menu/Checkbox_CONFIRM AND ACKNOWLEDGE' is clicked on

2019-06-19 16:07:01 - [TEST_STEP][PASSED] - click(findTestObject("OCS-MOBILE /Age gate and Mega menu/button_CONFIRM")): Object: 'Object Repository/OCS-MOBILE /Age gate and Mega menu/button_CONFIRM' is clicked on

2019-06-19 16:07:02 - [MESSAGE][PASSED] - Object: 'Object Repository/OCS-MOBILE /Age gate and Mega menu/button_CONFIRM' is clicked on

2019-06-19 16:07:02 - [TEST_STEP][PASSED] - click(findTestObject("OCS-MOBILE /Age gate and Mega menu/button_Start Browsing")): Object: 'Object Repository/OCS-MOBILE /Age gate and Mega menu/button_Start Browsing' is clicked on

2019-06-19 16:07:02 - [MESSAGE][PASSED] - Object: 'Object Repository/OCS-MOBILE /Age gate and Mega menu/button_Start Browsing' is clicked on

2019-06-19 16:07:02 - [TEST_STEP][PASSED] - refresh(): Refresh successfully

2019-06-19 16:07:02 - [MESSAGE][PASSED] - Refresh successfully

2019-06-19 16:07:02 - [TEST_STEP][PASSED] - executeJavaScript("var previewBar = document.getElementById("preview-bar-iframe"); previewBar.style.display = "none";", []): Execute JavaScript 'var previewBar = document.getElementById("preview-bar-iframe"); previewBar.style.display = "none";' successfully

2019-06-19 16:07:06 - [MESSAGE][PASSED] - Execute JavaScript 'var previewBar = document.getElementById("preview-bar-iframe"); previewBar.style.display = "none";' successfully

2019-06-19 16:07:06 - [MESSAGE][PASSED] - Call Test Case 'Test Cases/OCS - MOBILE/CALL - AGE GATE' successfully

2019-06-19 16:07:06 - [TEST_STEP][PASSED] - delay(2): Delayed 2 second(s)

2019-06-19 16:07:08 - [MESSAGE][PASSED] - Delayed 2 second(s)

2019-06-19 16:07:08 - [TEST_STEP][PASSED] - executeJavaScript("var previewBar = document.getElementById("preview-bar-iframe"); previewBar.style.display = "none";", []): Execute JavaScript 'var previewBar = document.getElementById("preview-bar-iframe"); previewBar.style.display = "none";' successfully

2019-06-19 16:07:08 - [MESSAGE][PASSED] - Execute JavaScript 'var previewBar = document.getElementById("preview-bar-iframe"); previewBar.style.display = "none";' successfully

2019-06-19 16:07:08 - [TEST_STEP][PASSED] - setViewPortSize(1000, 800, OPTIONAL): Viewport is set to new size with width = 1000 and height = 800

2019-06-19 16:07:08 - [MESSAGE][PASSED] - Viewport is set to new size with width = 1000 and height = 800

2019-06-19 16:07:08 - [TEST_STEP][PASSED] - delay(2, OPTIONAL): Delayed 2 second(s)

2019-06-19 16:07:10 - [MESSAGE][PASSED] - Delayed 2 second(s)

2019-06-19 16:07:10 - [TEST_STEP][PASSED] - click(findTestObject("Theme_oR/Page_Ontario Cannabis Store  Ontari/button_Hide bar"), OPTIONAL): Unable to click on object (Root cause: java.lang.IllegalArgumentException: Object is null)

2019-06-19 16:07:10 - [MESSAGE][WARNING] - Test object with id 'Object Repository/Theme_oR/Page_Ontario Cannabis Store  Ontari/button_Hide bar' does not exist

2019-06-19 16:07:10 - [MESSAGE][WARNING] - Test object with id 'Object Repository/' does not exist

2019-06-19 16:07:12 - [MESSAGE][WARNING] - Unable to click on object (Root cause: java.lang.IllegalArgumentException: Object is null)
[[ATTACHMENT|/Users/sumankompelly/Relative xpath-Mobile/Reports/recordings - ( 1.10.2 )/20190619_153658/1560974830551.png]]

2019-06-19 16:07:12 - [TEST_STEP][PASSED] - delay(2, OPTIONAL): Delayed 2 second(s)

2019-06-19 16:07:14 - [MESSAGE][PASSED] - Delayed 2 second(s)

2019-06-19 16:07:14 - [TEST_STEP][PASSED] - setViewPortSize(360, 800, OPTIONAL): Viewport is set to new size with width = 360 and height = 800

2019-06-19 16:07:14 - [MESSAGE][PASSED] - Viewport is set to new size with width = 360 and height = 800

2019-06-19 16:07:14 - [TEST_STEP][PASSED] - delay(1, OPTIONAL): Delayed 1 second(s)

2019-06-19 16:07:15 - [MESSAGE][PASSED] - Delayed 1 second(s)

2019-06-19 16:07:15 - [TEST_STEP][PASSED] - click(findTestObject("OCS-MOBILE /Home - page/Why trust OCS -img")): Object: 'Object Repository/OCS-MOBILE /Home - page/Why trust OCS -img' is clicked on

2019-06-19 16:07:18 - [MESSAGE][PASSED] - Object: 'Object Repository/OCS-MOBILE /Home - page/Why trust OCS -img' is clicked on]]></system-out>
         <system-err><![CDATA[]]></system-err>
      </testcase>
      <testcase name="Test Cases/OCS - MOBILE/OCS- HOME PAGE/How to choose cannabis-learn more" classname="Test Cases/OCS - MOBILE/OCS- HOME PAGE/How to choose cannabis-learn more" status="PASSED">
         <system-out><![CDATA[2019-06-19 16:07:18 - [TEST_CASE][PASSED] - Test Cases/OCS - MOBILE/OCS- HOME PAGE/How to choose cannabis-learn more: Test Cases/OCS - MOBILE/OCS- HOME PAGE/How to choose cannabis-learn more

2019-06-19 16:07:18 - [TEST_STEP][PASSED] - callTestCase(findTestCase("OCS - MOBILE/CALL - AGE GATE"), [:], STOP_ON_FAILURE): Call Test Case 'Test Cases/OCS - MOBILE/CALL - AGE GATE' successfully

2019-06-19 16:07:18 - [TEST_CASE][PASSED] - Test Cases/OCS - MOBILE/CALL - AGE GATE: Test Cases/OCS - MOBILE/CALL - AGE GATE

2019-06-19 16:07:18 - [TEST_STEP][PASSED] - openBrowser(""): Browser is opened with url: ''

2019-06-19 16:07:18 - [MESSAGE][WARNING] - A browser is already opened. Closing browser and opening a new one

2019-06-19 16:07:18 - [MESSAGE][INFO] - Starting 'Remote' driver

2019-06-19 16:07:18 - [MESSAGE][INFO] - User set preference: ['os', 'OS X']

2019-06-19 16:07:18 - [MESSAGE][INFO] - User set preference: ['os_version', 'High Sierra']

2019-06-19 16:07:18 - [MESSAGE][INFO] - User set preference: ['browser', 'Chrome']

2019-06-19 16:07:18 - [MESSAGE][INFO] - User set preference: ['browser_version', '76.0 beta']

2019-06-19 16:07:18 - [MESSAGE][INFO] - User set preference: ['browserstack.local', 'false']

2019-06-19 16:07:18 - [MESSAGE][INFO] - Connecting to remote web server 'https://dianatest3:Z3oqw9ysqTeRQJq5wFCp@hub-cloud.browserstack.com/wd/hub' with type 'Selenium'

2019-06-19 16:07:22 - [MESSAGE][PASSED] - Browser is opened with url: ''

2019-06-19 16:07:22 - [TEST_STEP][PASSED] - navigateToUrl("https://ocs.ca/?fts=0&preview_theme_id=72920106828"): Navigate to 'https://ocs.ca/?fts=0&preview_theme_id=72920106828' successfully

2019-06-19 16:07:28 - [MESSAGE][PASSED] - Navigate to 'https://ocs.ca/?fts=0&preview_theme_id=72920106828' successfully

2019-06-19 16:07:28 - [TEST_STEP][PASSED] - executeJavaScript("var previewBar = document.getElementById("preview-bar-iframe"); previewBar.style.display = "none";", []): Execute JavaScript 'var previewBar = document.getElementById("preview-bar-iframe"); previewBar.style.display = "none";' successfully

2019-06-19 16:07:28 - [MESSAGE][PASSED] - Execute JavaScript 'var previewBar = document.getElementById("preview-bar-iframe"); previewBar.style.display = "none";' successfully

2019-06-19 16:07:28 - [TEST_STEP][PASSED] - setViewPortSize(360, 800): Viewport is set to new size with width = 360 and height = 800

2019-06-19 16:07:28 - [MESSAGE][PASSED] - Viewport is set to new size with width = 360 and height = 800

2019-06-19 16:07:28 - [TEST_STEP][PASSED] - delay(4): Delayed 4 second(s)

2019-06-19 16:07:32 - [MESSAGE][PASSED] - Delayed 4 second(s)

2019-06-19 16:07:32 - [TEST_STEP][PASSED] - selectOptionByValue(findTestObject("OCS-MOBILE /Age gate and burger menu/Date"), "12", true): All options with value '12' are selected in object 'Object Repository/OCS-MOBILE /Age gate and burger menu/Date'  using regular expression

2019-06-19 16:07:37 - [MESSAGE][PASSED] - All options with value '12' are selected in object 'Object Repository/OCS-MOBILE /Age gate and burger menu/Date'  using regular expression

2019-06-19 16:07:37 - [TEST_STEP][PASSED] - selectOptionByValue(findTestObject("OCS-MOBILE /Age gate and burger menu/month"), "6", true): All options with value '6' are selected in object 'Object Repository/OCS-MOBILE /Age gate and burger menu/month'  using regular expression

2019-06-19 16:07:40 - [MESSAGE][PASSED] - All options with value '6' are selected in object 'Object Repository/OCS-MOBILE /Age gate and burger menu/month'  using regular expression

2019-06-19 16:07:40 - [TEST_STEP][PASSED] - delay(2): Delayed 2 second(s)

2019-06-19 16:07:42 - [MESSAGE][PASSED] - Delayed 2 second(s)

2019-06-19 16:07:42 - [TEST_STEP][PASSED] - selectOptionByValue(findTestObject("OCS-MOBILE /Age gate and burger menu/Year Dropdown"), "1990", true): All options with value '1990' are selected in object 'Object Repository/OCS-MOBILE /Age gate and burger menu/Year Dropdown'  using regular expression

2019-06-19 16:07:54 - [MESSAGE][PASSED] - All options with value '1990' are selected in object 'Object Repository/OCS-MOBILE /Age gate and burger menu/Year Dropdown'  using regular expression

2019-06-19 16:07:54 - [TEST_STEP][PASSED] - click(findTestObject("OCS-MOBILE /Age gate and Mega menu/button_Verify")): Object: 'Object Repository/OCS-MOBILE /Age gate and Mega menu/button_Verify' is clicked on

2019-06-19 16:07:54 - [MESSAGE][PASSED] - Object: 'Object Repository/OCS-MOBILE /Age gate and Mega menu/button_Verify' is clicked on

2019-06-19 16:07:54 - [TEST_STEP][PASSED] - click(findTestObject("OCS-MOBILE /Age gate and Mega menu/Checkbox_CONFIRM AND ACKNOWLEDGE")): Object: 'Object Repository/OCS-MOBILE /Age gate and Mega menu/Checkbox_CONFIRM AND ACKNOWLEDGE' is clicked on

2019-06-19 16:07:54 - [MESSAGE][PASSED] - Object: 'Object Repository/OCS-MOBILE /Age gate and Mega menu/Checkbox_CONFIRM AND ACKNOWLEDGE' is clicked on

2019-06-19 16:07:54 - [TEST_STEP][PASSED] - click(findTestObject("OCS-MOBILE /Age gate and Mega menu/button_CONFIRM")): Object: 'Object Repository/OCS-MOBILE /Age gate and Mega menu/button_CONFIRM' is clicked on

2019-06-19 16:07:54 - [MESSAGE][PASSED] - Object: 'Object Repository/OCS-MOBILE /Age gate and Mega menu/button_CONFIRM' is clicked on

2019-06-19 16:07:54 - [TEST_STEP][PASSED] - click(findTestObject("OCS-MOBILE /Age gate and Mega menu/button_Start Browsing")): Object: 'Object Repository/OCS-MOBILE /Age gate and Mega menu/button_Start Browsing' is clicked on

2019-06-19 16:07:55 - [MESSAGE][PASSED] - Object: 'Object Repository/OCS-MOBILE /Age gate and Mega menu/button_Start Browsing' is clicked on

2019-06-19 16:07:55 - [TEST_STEP][PASSED] - refresh(): Refresh successfully

2019-06-19 16:07:55 - [MESSAGE][PASSED] - Refresh successfully

2019-06-19 16:07:55 - [TEST_STEP][PASSED] - executeJavaScript("var previewBar = document.getElementById("preview-bar-iframe"); previewBar.style.display = "none";", []): Execute JavaScript 'var previewBar = document.getElementById("preview-bar-iframe"); previewBar.style.display = "none";' successfully

2019-06-19 16:07:58 - [MESSAGE][PASSED] - Execute JavaScript 'var previewBar = document.getElementById("preview-bar-iframe"); previewBar.style.display = "none";' successfully

2019-06-19 16:07:58 - [MESSAGE][PASSED] - Call Test Case 'Test Cases/OCS - MOBILE/CALL - AGE GATE' successfully

2019-06-19 16:07:58 - [TEST_STEP][PASSED] - delay(2): Delayed 2 second(s)

2019-06-19 16:08:00 - [MESSAGE][PASSED] - Delayed 2 second(s)

2019-06-19 16:08:00 - [TEST_STEP][PASSED] - delay(2): Delayed 2 second(s)

2019-06-19 16:08:02 - [MESSAGE][PASSED] - Delayed 2 second(s)

2019-06-19 16:08:02 - [TEST_STEP][PASSED] - setViewPortSize(1000, 800, OPTIONAL): Viewport is set to new size with width = 1000 and height = 800

2019-06-19 16:08:02 - [MESSAGE][PASSED] - Viewport is set to new size with width = 1000 and height = 800

2019-06-19 16:08:02 - [TEST_STEP][PASSED] - delay(2, OPTIONAL): Delayed 2 second(s)

2019-06-19 16:08:04 - [MESSAGE][PASSED] - Delayed 2 second(s)

2019-06-19 16:08:04 - [TEST_STEP][PASSED] - click(findTestObject("Theme_oR/Page_Ontario Cannabis Store  Ontari/button_Hide bar"), OPTIONAL): Unable to click on object (Root cause: java.lang.IllegalArgumentException: Object is null)

2019-06-19 16:08:04 - [MESSAGE][WARNING] - Test object with id 'Object Repository/Theme_oR/Page_Ontario Cannabis Store  Ontari/button_Hide bar' does not exist

2019-06-19 16:08:04 - [MESSAGE][WARNING] - Test object with id 'Object Repository/' does not exist

2019-06-19 16:08:06 - [MESSAGE][WARNING] - Unable to click on object (Root cause: java.lang.IllegalArgumentException: Object is null)
[[ATTACHMENT|/Users/sumankompelly/Relative xpath-Mobile/Reports/recordings - ( 1.10.2 )/20190619_153658/1560974884823.png]]

2019-06-19 16:08:06 - [TEST_STEP][PASSED] - delay(2, OPTIONAL): Delayed 2 second(s)

2019-06-19 16:08:08 - [MESSAGE][PASSED] - Delayed 2 second(s)

2019-06-19 16:08:08 - [TEST_STEP][PASSED] - setViewPortSize(360, 800, OPTIONAL): Viewport is set to new size with width = 360 and height = 800

2019-06-19 16:08:08 - [MESSAGE][PASSED] - Viewport is set to new size with width = 360 and height = 800

2019-06-19 16:08:08 - [TEST_STEP][PASSED] - delay(1, OPTIONAL): Delayed 1 second(s)

2019-06-19 16:08:09 - [MESSAGE][PASSED] - Delayed 1 second(s)

2019-06-19 16:08:09 - [TEST_STEP][PASSED] - executeJavaScript("var previewBar = document.getElementById("preview-bar-iframe"); previewBar.style.display = "none";", []): Execute JavaScript 'var previewBar = document.getElementById("preview-bar-iframe"); previewBar.style.display = "none";' successfully

2019-06-19 16:08:09 - [MESSAGE][PASSED] - Execute JavaScript 'var previewBar = document.getElementById("preview-bar-iframe"); previewBar.style.display = "none";' successfully

2019-06-19 16:08:09 - [TEST_STEP][PASSED] - click(findTestObject("OCS-MOBILE /Home - page/a_Learn more- A brief history of cannabis")): Object: 'Object Repository/OCS-MOBILE /Home - page/a_Learn more- A brief history of cannabis' is clicked on

2019-06-19 16:08:12 - [MESSAGE][PASSED] - Object: 'Object Repository/OCS-MOBILE /Home - page/a_Learn more- A brief history of cannabis' is clicked on

2019-06-19 16:08:12 - [TEST_STEP][PASSED] - click(findTestObject("OCS-MOBILE /Home - page/OCS icon"), STOP_ON_FAILURE): Object: 'Object Repository/OCS-MOBILE /Home - page/OCS icon' is clicked on

2019-06-19 16:08:16 - [MESSAGE][PASSED] - Object: 'Object Repository/OCS-MOBILE /Home - page/OCS icon' is clicked on

2019-06-19 16:08:16 - [TEST_STEP][NOT_RUN] - back(): NOT_RUN: back()

2019-06-19 16:08:16 - [MESSAGE][NOT_RUN] - NOT_RUN: back()

2019-06-19 16:08:16 - [TEST_STEP][PASSED] - delay(2): Delayed 2 second(s)

2019-06-19 16:08:18 - [MESSAGE][PASSED] - Delayed 2 second(s)

2019-06-19 16:08:18 - [TEST_STEP][PASSED] - setViewPortSize(1000, 800, OPTIONAL): Viewport is set to new size with width = 1000 and height = 800

2019-06-19 16:08:18 - [MESSAGE][PASSED] - Viewport is set to new size with width = 1000 and height = 800

2019-06-19 16:08:18 - [TEST_STEP][PASSED] - delay(2, OPTIONAL): Delayed 2 second(s)

2019-06-19 16:08:20 - [MESSAGE][PASSED] - Delayed 2 second(s)

2019-06-19 16:08:20 - [TEST_STEP][PASSED] - click(findTestObject("Theme_oR/Page_Ontario Cannabis Store  Ontari/button_Hide bar"), OPTIONAL): Unable to click on object (Root cause: java.lang.IllegalArgumentException: Object is null)

2019-06-19 16:08:20 - [MESSAGE][WARNING] - Test object with id 'Object Repository/Theme_oR/Page_Ontario Cannabis Store  Ontari/button_Hide bar' does not exist

2019-06-19 16:08:20 - [MESSAGE][WARNING] - Test object with id 'Object Repository/' does not exist

2019-06-19 16:08:22 - [MESSAGE][WARNING] - Unable to click on object (Root cause: java.lang.IllegalArgumentException: Object is null)
[[ATTACHMENT|/Users/sumankompelly/Relative xpath-Mobile/Reports/recordings - ( 1.10.2 )/20190619_153658/1560974900796.png]]

2019-06-19 16:08:22 - [TEST_STEP][PASSED] - delay(2, OPTIONAL): Delayed 2 second(s)

2019-06-19 16:08:24 - [MESSAGE][PASSED] - Delayed 2 second(s)

2019-06-19 16:08:24 - [TEST_STEP][PASSED] - setViewPortSize(360, 800, OPTIONAL): Viewport is set to new size with width = 360 and height = 800

2019-06-19 16:08:24 - [MESSAGE][PASSED] - Viewport is set to new size with width = 360 and height = 800

2019-06-19 16:08:24 - [TEST_STEP][PASSED] - delay(3, OPTIONAL): Delayed 3 second(s)

2019-06-19 16:08:27 - [MESSAGE][PASSED] - Delayed 3 second(s)

2019-06-19 16:08:27 - [TEST_STEP][PASSED] - executeJavaScript("var previewBar = document.getElementById("preview-bar-iframe"); previewBar.style.display = "none";", []): Execute JavaScript 'var previewBar = document.getElementById("preview-bar-iframe"); previewBar.style.display = "none";' successfully

2019-06-19 16:08:28 - [MESSAGE][PASSED] - Execute JavaScript 'var previewBar = document.getElementById("preview-bar-iframe"); previewBar.style.display = "none";' successfully

2019-06-19 16:08:28 - [TEST_STEP][PASSED] - click(findTestObject("OCS-MOBILE /Home - page/a_Learn more- Tips for responsible use")): Object: 'Object Repository/OCS-MOBILE /Home - page/a_Learn more- Tips for responsible use' is clicked on

2019-06-19 16:08:30 - [MESSAGE][PASSED] - Object: 'Object Repository/OCS-MOBILE /Home - page/a_Learn more- Tips for responsible use' is clicked on]]></system-out>
         <system-err><![CDATA[]]></system-err>
      </testcase>
      <testcase name="Test Cases/OCS - MOBILE/OCS- HOME PAGE/HP -Burger menu-FAQ" classname="Test Cases/OCS - MOBILE/OCS- HOME PAGE/HP -Burger menu-FAQ" status="PASSED">
         <system-out><![CDATA[2019-06-19 16:08:30 - [TEST_CASE][PASSED] - Test Cases/OCS - MOBILE/OCS- HOME PAGE/HP -Burger menu-FAQ: Test Cases/OCS - MOBILE/OCS- HOME PAGE/HP -Burger menu-FAQ

2019-06-19 16:08:30 - [TEST_STEP][PASSED] - callTestCase(findTestCase("OCS - MOBILE/CALL - AGE GATE"), [:], STOP_ON_FAILURE): Call Test Case 'Test Cases/OCS - MOBILE/CALL - AGE GATE' successfully

2019-06-19 16:08:30 - [TEST_CASE][PASSED] - Test Cases/OCS - MOBILE/CALL - AGE GATE: Test Cases/OCS - MOBILE/CALL - AGE GATE

2019-06-19 16:08:31 - [TEST_STEP][PASSED] - openBrowser(""): Browser is opened with url: ''

2019-06-19 16:08:31 - [MESSAGE][WARNING] - A browser is already opened. Closing browser and opening a new one

2019-06-19 16:08:31 - [MESSAGE][INFO] - Starting 'Remote' driver

2019-06-19 16:08:31 - [MESSAGE][INFO] - User set preference: ['os', 'OS X']

2019-06-19 16:08:31 - [MESSAGE][INFO] - User set preference: ['os_version', 'High Sierra']

2019-06-19 16:08:31 - [MESSAGE][INFO] - User set preference: ['browser', 'Chrome']

2019-06-19 16:08:31 - [MESSAGE][INFO] - User set preference: ['browser_version', '76.0 beta']

2019-06-19 16:08:31 - [MESSAGE][INFO] - User set preference: ['browserstack.local', 'false']

2019-06-19 16:08:31 - [MESSAGE][INFO] - Connecting to remote web server 'https://dianatest3:Z3oqw9ysqTeRQJq5wFCp@hub-cloud.browserstack.com/wd/hub' with type 'Selenium'

2019-06-19 16:08:36 - [MESSAGE][PASSED] - Browser is opened with url: ''

2019-06-19 16:08:36 - [TEST_STEP][PASSED] - navigateToUrl("https://ocs.ca/?fts=0&preview_theme_id=72920106828"): Navigate to 'https://ocs.ca/?fts=0&preview_theme_id=72920106828' successfully

2019-06-19 16:08:42 - [MESSAGE][PASSED] - Navigate to 'https://ocs.ca/?fts=0&preview_theme_id=72920106828' successfully

2019-06-19 16:08:42 - [TEST_STEP][PASSED] - executeJavaScript("var previewBar = document.getElementById("preview-bar-iframe"); previewBar.style.display = "none";", []): Execute JavaScript 'var previewBar = document.getElementById("preview-bar-iframe"); previewBar.style.display = "none";' successfully

2019-06-19 16:08:42 - [MESSAGE][PASSED] - Execute JavaScript 'var previewBar = document.getElementById("preview-bar-iframe"); previewBar.style.display = "none";' successfully

2019-06-19 16:08:42 - [TEST_STEP][PASSED] - setViewPortSize(360, 800): Viewport is set to new size with width = 360 and height = 800

2019-06-19 16:08:42 - [MESSAGE][PASSED] - Viewport is set to new size with width = 360 and height = 800

2019-06-19 16:08:42 - [TEST_STEP][PASSED] - delay(4): Delayed 4 second(s)

2019-06-19 16:08:46 - [MESSAGE][PASSED] - Delayed 4 second(s)

2019-06-19 16:08:46 - [TEST_STEP][PASSED] - selectOptionByValue(findTestObject("OCS-MOBILE /Age gate and burger menu/Date"), "12", true): All options with value '12' are selected in object 'Object Repository/OCS-MOBILE /Age gate and burger menu/Date'  using regular expression

2019-06-19 16:08:52 - [MESSAGE][PASSED] - All options with value '12' are selected in object 'Object Repository/OCS-MOBILE /Age gate and burger menu/Date'  using regular expression

2019-06-19 16:08:52 - [TEST_STEP][PASSED] - selectOptionByValue(findTestObject("OCS-MOBILE /Age gate and burger menu/month"), "6", true): All options with value '6' are selected in object 'Object Repository/OCS-MOBILE /Age gate and burger menu/month'  using regular expression

2019-06-19 16:08:54 - [MESSAGE][PASSED] - All options with value '6' are selected in object 'Object Repository/OCS-MOBILE /Age gate and burger menu/month'  using regular expression

2019-06-19 16:08:54 - [TEST_STEP][PASSED] - delay(2): Delayed 2 second(s)

2019-06-19 16:08:56 - [MESSAGE][PASSED] - Delayed 2 second(s)

2019-06-19 16:08:56 - [TEST_STEP][PASSED] - selectOptionByValue(findTestObject("OCS-MOBILE /Age gate and burger menu/Year Dropdown"), "1990", true): All options with value '1990' are selected in object 'Object Repository/OCS-MOBILE /Age gate and burger menu/Year Dropdown'  using regular expression

2019-06-19 16:09:11 - [MESSAGE][PASSED] - All options with value '1990' are selected in object 'Object Repository/OCS-MOBILE /Age gate and burger menu/Year Dropdown'  using regular expression

2019-06-19 16:09:11 - [TEST_STEP][PASSED] - click(findTestObject("OCS-MOBILE /Age gate and Mega menu/button_Verify")): Object: 'Object Repository/OCS-MOBILE /Age gate and Mega menu/button_Verify' is clicked on

2019-06-19 16:09:11 - [MESSAGE][PASSED] - Object: 'Object Repository/OCS-MOBILE /Age gate and Mega menu/button_Verify' is clicked on

2019-06-19 16:09:11 - [TEST_STEP][PASSED] - click(findTestObject("OCS-MOBILE /Age gate and Mega menu/Checkbox_CONFIRM AND ACKNOWLEDGE")): Object: 'Object Repository/OCS-MOBILE /Age gate and Mega menu/Checkbox_CONFIRM AND ACKNOWLEDGE' is clicked on

2019-06-19 16:09:11 - [MESSAGE][PASSED] - Object: 'Object Repository/OCS-MOBILE /Age gate and Mega menu/Checkbox_CONFIRM AND ACKNOWLEDGE' is clicked on

2019-06-19 16:09:11 - [TEST_STEP][PASSED] - click(findTestObject("OCS-MOBILE /Age gate and Mega menu/button_CONFIRM")): Object: 'Object Repository/OCS-MOBILE /Age gate and Mega menu/button_CONFIRM' is clicked on

2019-06-19 16:09:11 - [MESSAGE][PASSED] - Object: 'Object Repository/OCS-MOBILE /Age gate and Mega menu/button_CONFIRM' is clicked on

2019-06-19 16:09:11 - [TEST_STEP][PASSED] - click(findTestObject("OCS-MOBILE /Age gate and Mega menu/button_Start Browsing")): Object: 'Object Repository/OCS-MOBILE /Age gate and Mega menu/button_Start Browsing' is clicked on

2019-06-19 16:09:12 - [MESSAGE][PASSED] - Object: 'Object Repository/OCS-MOBILE /Age gate and Mega menu/button_Start Browsing' is clicked on

2019-06-19 16:09:12 - [TEST_STEP][PASSED] - refresh(): Refresh successfully

2019-06-19 16:09:12 - [MESSAGE][PASSED] - Refresh successfully

2019-06-19 16:09:12 - [TEST_STEP][PASSED] - executeJavaScript("var previewBar = document.getElementById("preview-bar-iframe"); previewBar.style.display = "none";", []): Execute JavaScript 'var previewBar = document.getElementById("preview-bar-iframe"); previewBar.style.display = "none";' successfully

2019-06-19 16:09:15 - [MESSAGE][PASSED] - Execute JavaScript 'var previewBar = document.getElementById("preview-bar-iframe"); previewBar.style.display = "none";' successfully

2019-06-19 16:09:15 - [MESSAGE][PASSED] - Call Test Case 'Test Cases/OCS - MOBILE/CALL - AGE GATE' successfully

2019-06-19 16:09:15 - [TEST_STEP][PASSED] - delay(2): Delayed 2 second(s)

2019-06-19 16:09:17 - [MESSAGE][PASSED] - Delayed 2 second(s)

2019-06-19 16:09:17 - [TEST_STEP][PASSED] - executeJavaScript("var previewBar = document.getElementById("preview-bar-iframe"); previewBar.style.display = "none";", []): Execute JavaScript 'var previewBar = document.getElementById("preview-bar-iframe"); previewBar.style.display = "none";' successfully

2019-06-19 16:09:17 - [MESSAGE][PASSED] - Execute JavaScript 'var previewBar = document.getElementById("preview-bar-iframe"); previewBar.style.display = "none";' successfully

2019-06-19 16:09:17 - [TEST_STEP][PASSED] - delay(2): Delayed 2 second(s)

2019-06-19 16:09:19 - [MESSAGE][PASSED] - Delayed 2 second(s)

2019-06-19 16:09:19 - [TEST_STEP][PASSED] - click(findTestObject("OCS-MOBILE /Age gate and burger menu/Burger menu - English")): Object: 'Object Repository/OCS-MOBILE /Age gate and burger menu/Burger menu - English' is clicked on

2019-06-19 16:09:20 - [MESSAGE][PASSED] - Object: 'Object Repository/OCS-MOBILE /Age gate and burger menu/Burger menu - English' is clicked on

2019-06-19 16:09:20 - [TEST_STEP][PASSED] - delay(2): Delayed 2 second(s)

2019-06-19 16:09:22 - [MESSAGE][PASSED] - Delayed 2 second(s)

2019-06-19 16:09:22 - [TEST_STEP][PASSED] - click(findTestObject("OCS-MOBILE /FAQ page/FAQ")): Object: 'Object Repository/OCS-MOBILE /FAQ page/FAQ' is clicked on

2019-06-19 16:09:22 - [MESSAGE][PASSED] - Object: 'Object Repository/OCS-MOBILE /FAQ page/FAQ' is clicked on

2019-06-19 16:09:22 - [TEST_STEP][PASSED] - delay(1): Delayed 1 second(s)

2019-06-19 16:09:23 - [MESSAGE][PASSED] - Delayed 1 second(s)

2019-06-19 16:09:23 - [TEST_STEP][PASSED] - click(findTestObject("OCS-MOBILE /FAQ page/First chevron link")): Object: 'Object Repository/OCS-MOBILE /FAQ page/First chevron link' is clicked on

2019-06-19 16:09:26 - [MESSAGE][PASSED] - Object: 'Object Repository/OCS-MOBILE /FAQ page/First chevron link' is clicked on

2019-06-19 16:09:26 - [TEST_STEP][PASSED] - delay(1): Delayed 1 second(s)

2019-06-19 16:09:27 - [MESSAGE][PASSED] - Delayed 1 second(s)

2019-06-19 16:09:27 - [TEST_STEP][PASSED] - executeJavaScript("var previewBar = document.getElementById("preview-bar-iframe"); previewBar.style.display = "none";", []): Execute JavaScript 'var previewBar = document.getElementById("preview-bar-iframe"); previewBar.style.display = "none";' successfully

2019-06-19 16:09:27 - [MESSAGE][PASSED] - Execute JavaScript 'var previewBar = document.getElementById("preview-bar-iframe"); previewBar.style.display = "none";' successfully

2019-06-19 16:09:27 - [TEST_STEP][PASSED] - scrollToElement(findTestObject("OCS-MOBILE /FAQ page/scroll view element"), 0): Scroll to object 'Object Repository/OCS-MOBILE /FAQ page/scroll view element' successfully

2019-06-19 16:09:27 - [MESSAGE][WARNING] - Timeout '0' is invalid. Using default page load timeout: '30'

2019-06-19 16:09:28 - [MESSAGE][PASSED] - Scroll to object 'Object Repository/OCS-MOBILE /FAQ page/scroll view element' successfully

2019-06-19 16:09:28 - [TEST_STEP][PASSED] - delay(1): Delayed 1 second(s)

2019-06-19 16:09:29 - [MESSAGE][PASSED] - Delayed 1 second(s)

2019-06-19 16:09:29 - [TEST_STEP][PASSED] - click(findTestObject("OCS-MOBILE /FAQ page/Dropdown button -First chevron -open- FAQ")): Object: 'Object Repository/OCS-MOBILE /FAQ page/Dropdown button -First chevron -open- FAQ' is clicked on

2019-06-19 16:09:29 - [MESSAGE][PASSED] - Object: 'Object Repository/OCS-MOBILE /FAQ page/Dropdown button -First chevron -open- FAQ' is clicked on

2019-06-19 16:09:29 - [TEST_STEP][PASSED] - delay(1): Delayed 1 second(s)

2019-06-19 16:09:30 - [MESSAGE][PASSED] - Delayed 1 second(s)

2019-06-19 16:09:30 - [TEST_STEP][PASSED] - click(findTestObject("OCS-MOBILE /FAQ page/Dropdown button -First chevron - close -FAQ")): Object: 'Object Repository/OCS-MOBILE /FAQ page/Dropdown button -First chevron - close -FAQ' is clicked on

2019-06-19 16:09:30 - [MESSAGE][PASSED] - Object: 'Object Repository/OCS-MOBILE /FAQ page/Dropdown button -First chevron - close -FAQ' is clicked on

2019-06-19 16:09:30 - [TEST_STEP][PASSED] - delay(1, OPTIONAL): Delayed 1 second(s)

2019-06-19 16:09:31 - [MESSAGE][PASSED] - Delayed 1 second(s)

2019-06-19 16:09:31 - [TEST_STEP][PASSED] - setViewPortSize(1000, 800, OPTIONAL): Viewport is set to new size with width = 1000 and height = 800

2019-06-19 16:09:31 - [MESSAGE][PASSED] - Viewport is set to new size with width = 1000 and height = 800

2019-06-19 16:09:31 - [TEST_STEP][PASSED] - delay(2, OPTIONAL): Delayed 2 second(s)

2019-06-19 16:09:33 - [MESSAGE][PASSED] - Delayed 2 second(s)

2019-06-19 16:09:33 - [TEST_STEP][PASSED] - click(findTestObject("Theme_oR/Page_Ontario Cannabis Store  Ontari/button_Hide bar"), OPTIONAL): Unable to click on object (Root cause: java.lang.IllegalArgumentException: Object is null)

2019-06-19 16:09:33 - [MESSAGE][WARNING] - Test object with id 'Object Repository/Theme_oR/Page_Ontario Cannabis Store  Ontari/button_Hide bar' does not exist

2019-06-19 16:09:33 - [MESSAGE][WARNING] - Test object with id 'Object Repository/' does not exist

2019-06-19 16:09:34 - [MESSAGE][WARNING] - Unable to click on object (Root cause: java.lang.IllegalArgumentException: Object is null)
[[ATTACHMENT|/Users/sumankompelly/Relative xpath-Mobile/Reports/recordings - ( 1.10.2 )/20190619_153658/1560974973822.png]]

2019-06-19 16:09:34 - [TEST_STEP][PASSED] - delay(2, OPTIONAL): Delayed 2 second(s)

2019-06-19 16:09:36 - [MESSAGE][PASSED] - Delayed 2 second(s)

2019-06-19 16:09:36 - [TEST_STEP][PASSED] - setViewPortSize(360, 800, OPTIONAL): Viewport is set to new size with width = 360 and height = 800

2019-06-19 16:09:36 - [MESSAGE][PASSED] - Viewport is set to new size with width = 360 and height = 800

2019-06-19 16:09:36 - [TEST_STEP][PASSED] - delay(1, OPTIONAL): Delayed 1 second(s)

2019-06-19 16:09:37 - [MESSAGE][PASSED] - Delayed 1 second(s)

2019-06-19 16:09:37 - [TEST_STEP][PASSED] - click(findTestObject("OCS-MOBILE /FAQ page/First accordian - add")): Object: 'Object Repository/OCS-MOBILE /FAQ page/First accordian - add' is clicked on

2019-06-19 16:09:37 - [MESSAGE][PASSED] - Object: 'Object Repository/OCS-MOBILE /FAQ page/First accordian - add' is clicked on

2019-06-19 16:09:37 - [TEST_STEP][PASSED] - delay(1): Delayed 1 second(s)

2019-06-19 16:09:38 - [MESSAGE][PASSED] - Delayed 1 second(s)

2019-06-19 16:09:38 - [TEST_STEP][PASSED] - click(findTestObject("OCS-MOBILE /FAQ page/First accordian - Subtract")): Object: 'Object Repository/OCS-MOBILE /FAQ page/First accordian - Subtract' is clicked on

2019-06-19 16:09:39 - [MESSAGE][PASSED] - Object: 'Object Repository/OCS-MOBILE /FAQ page/First accordian - Subtract' is clicked on

2019-06-19 16:09:39 - [TEST_STEP][PASSED] - delay(1): Delayed 1 second(s)

2019-06-19 16:09:40 - [MESSAGE][PASSED] - Delayed 1 second(s)

2019-06-19 16:09:40 - [TEST_STEP][PASSED] - click(findTestObject("OCS-MOBILE /FAQ page/Second accordian- add")): Object: 'Object Repository/OCS-MOBILE /FAQ page/Second accordian- add' is clicked on

2019-06-19 16:09:40 - [MESSAGE][PASSED] - Object: 'Object Repository/OCS-MOBILE /FAQ page/Second accordian- add' is clicked on

2019-06-19 16:09:40 - [TEST_STEP][PASSED] - delay(1): Delayed 1 second(s)

2019-06-19 16:09:41 - [MESSAGE][PASSED] - Delayed 1 second(s)

2019-06-19 16:09:41 - [TEST_STEP][PASSED] - click(findTestObject("OCS-MOBILE /FAQ page/Second accordian - subtract")): Object: 'Object Repository/OCS-MOBILE /FAQ page/Second accordian - subtract' is clicked on

2019-06-19 16:09:41 - [MESSAGE][PASSED] - Object: 'Object Repository/OCS-MOBILE /FAQ page/Second accordian - subtract' is clicked on

2019-06-19 16:09:41 - [TEST_STEP][PASSED] - delay(1): Delayed 1 second(s)

2019-06-19 16:09:42 - [MESSAGE][PASSED] - Delayed 1 second(s)

2019-06-19 16:09:42 - [TEST_STEP][PASSED] - click(findTestObject("OCS-MOBILE /FAQ page/Load more1")): Object: 'Object Repository/OCS-MOBILE /FAQ page/Load more1' is clicked on

2019-06-19 16:09:42 - [MESSAGE][PASSED] - Object: 'Object Repository/OCS-MOBILE /FAQ page/Load more1' is clicked on

2019-06-19 16:09:42 - [TEST_STEP][PASSED] - delay(1): Delayed 1 second(s)

2019-06-19 16:09:43 - [MESSAGE][PASSED] - Delayed 1 second(s)

2019-06-19 16:09:43 - [TEST_STEP][PASSED] - click(findTestObject("OCS-MOBILE /FAQ page/Loadmore2")): Object: 'Object Repository/OCS-MOBILE /FAQ page/Loadmore2' is clicked on

2019-06-19 16:09:44 - [MESSAGE][PASSED] - Object: 'Object Repository/OCS-MOBILE /FAQ page/Loadmore2' is clicked on

2019-06-19 16:09:44 - [TEST_STEP][PASSED] - delay(1): Delayed 1 second(s)

2019-06-19 16:09:45 - [MESSAGE][PASSED] - Delayed 1 second(s)

2019-06-19 16:09:45 - [TEST_STEP][PASSED] - click(findTestObject("OCS-MOBILE /FAQ page/Loadmore3")): Object: 'Object Repository/OCS-MOBILE /FAQ page/Loadmore3' is clicked on

2019-06-19 16:09:45 - [MESSAGE][PASSED] - Object: 'Object Repository/OCS-MOBILE /FAQ page/Loadmore3' is clicked on

2019-06-19 16:09:45 - [TEST_STEP][PASSED] - delay(1): Delayed 1 second(s)

2019-06-19 16:09:46 - [MESSAGE][PASSED] - Delayed 1 second(s)

2019-06-19 16:09:46 - [TEST_STEP][PASSED] - click(findTestObject("OCS-MOBILE /FAQ page/Learn about cannabis")): Object: 'Object Repository/OCS-MOBILE /FAQ page/Learn about cannabis' is clicked on

2019-06-19 16:09:49 - [MESSAGE][PASSED] - Object: 'Object Repository/OCS-MOBILE /FAQ page/Learn about cannabis' is clicked on

2019-06-19 16:09:49 - [TEST_STEP][PASSED] - delay(1): Delayed 1 second(s)

2019-06-19 16:09:50 - [MESSAGE][PASSED] - Delayed 1 second(s)

2019-06-19 16:09:50 - [TEST_STEP][PASSED] - back(): Navigate back successfully

2019-06-19 16:09:52 - [MESSAGE][PASSED] - Navigate back successfully

2019-06-19 16:09:52 - [TEST_STEP][PASSED] - delay(1): Delayed 1 second(s)

2019-06-19 16:09:53 - [MESSAGE][PASSED] - Delayed 1 second(s)

2019-06-19 16:09:53 - [TEST_STEP][PASSED] - setViewPortSize(1000, 800, OPTIONAL): Viewport is set to new size with width = 1000 and height = 800

2019-06-19 16:09:53 - [MESSAGE][PASSED] - Viewport is set to new size with width = 1000 and height = 800

2019-06-19 16:09:53 - [TEST_STEP][PASSED] - delay(2, OPTIONAL): Delayed 2 second(s)

2019-06-19 16:09:55 - [MESSAGE][PASSED] - Delayed 2 second(s)

2019-06-19 16:09:55 - [TEST_STEP][PASSED] - click(findTestObject("Theme_oR/Page_Ontario Cannabis Store  Ontari/button_Hide bar"), OPTIONAL): Unable to click on object (Root cause: java.lang.IllegalArgumentException: Object is null)

2019-06-19 16:09:55 - [MESSAGE][WARNING] - Test object with id 'Object Repository/Theme_oR/Page_Ontario Cannabis Store  Ontari/button_Hide bar' does not exist

2019-06-19 16:09:55 - [MESSAGE][WARNING] - Test object with id 'Object Repository/' does not exist

2019-06-19 16:09:56 - [MESSAGE][WARNING] - Unable to click on object (Root cause: java.lang.IllegalArgumentException: Object is null)
[[ATTACHMENT|/Users/sumankompelly/Relative xpath-Mobile/Reports/recordings - ( 1.10.2 )/20190619_153658/1560974995962.png]]

2019-06-19 16:09:56 - [TEST_STEP][PASSED] - delay(2, OPTIONAL): Delayed 2 second(s)

2019-06-19 16:09:58 - [MESSAGE][PASSED] - Delayed 2 second(s)

2019-06-19 16:09:58 - [TEST_STEP][PASSED] - setViewPortSize(360, 800, OPTIONAL): Viewport is set to new size with width = 360 and height = 800

2019-06-19 16:09:59 - [MESSAGE][PASSED] - Viewport is set to new size with width = 360 and height = 800

2019-06-19 16:09:59 - [TEST_STEP][PASSED] - delay(1, OPTIONAL): Delayed 1 second(s)

2019-06-19 16:10:00 - [MESSAGE][PASSED] - Delayed 1 second(s)

2019-06-19 16:10:00 - [TEST_STEP][PASSED] - executeJavaScript("var previewBar = document.getElementById("preview-bar-iframe"); previewBar.style.display = "none";", []): Execute JavaScript 'var previewBar = document.getElementById("preview-bar-iframe"); previewBar.style.display = "none";' successfully

2019-06-19 16:10:00 - [MESSAGE][PASSED] - Execute JavaScript 'var previewBar = document.getElementById("preview-bar-iframe"); previewBar.style.display = "none";' successfully

2019-06-19 16:10:00 - [TEST_STEP][PASSED] - click(findTestObject("OCS-MOBILE /FAQ page/Loadmore4")): Object: 'Object Repository/OCS-MOBILE /FAQ page/Loadmore4' is clicked on

2019-06-19 16:10:00 - [MESSAGE][PASSED] - Object: 'Object Repository/OCS-MOBILE /FAQ page/Loadmore4' is clicked on

2019-06-19 16:10:00 - [TEST_STEP][PASSED] - delay(2, OPTIONAL): Delayed 2 second(s)

2019-06-19 16:10:02 - [MESSAGE][PASSED] - Delayed 2 second(s)

2019-06-19 16:10:02 - [TEST_STEP][PASSED] - setViewPortSize(1000, 800, OPTIONAL): Viewport is set to new size with width = 1000 and height = 800

2019-06-19 16:10:02 - [MESSAGE][PASSED] - Viewport is set to new size with width = 1000 and height = 800

2019-06-19 16:10:02 - [TEST_STEP][PASSED] - delay(2, OPTIONAL): Delayed 2 second(s)

2019-06-19 16:10:04 - [MESSAGE][PASSED] - Delayed 2 second(s)

2019-06-19 16:10:04 - [TEST_STEP][PASSED] - click(findTestObject("Theme_oR/Page_Ontario Cannabis Store  Ontari/button_Hide bar"), OPTIONAL): Unable to click on object (Root cause: java.lang.IllegalArgumentException: Object is null)

2019-06-19 16:10:04 - [MESSAGE][WARNING] - Test object with id 'Object Repository/Theme_oR/Page_Ontario Cannabis Store  Ontari/button_Hide bar' does not exist

2019-06-19 16:10:04 - [MESSAGE][WARNING] - Test object with id 'Object Repository/' does not exist

2019-06-19 16:10:05 - [MESSAGE][WARNING] - Unable to click on object (Root cause: java.lang.IllegalArgumentException: Object is null)
[[ATTACHMENT|/Users/sumankompelly/Relative xpath-Mobile/Reports/recordings - ( 1.10.2 )/20190619_153658/1560975004821.png]]

2019-06-19 16:10:05 - [TEST_STEP][PASSED] - delay(2, OPTIONAL): Delayed 2 second(s)

2019-06-19 16:10:07 - [MESSAGE][PASSED] - Delayed 2 second(s)

2019-06-19 16:10:07 - [TEST_STEP][PASSED] - setViewPortSize(360, 800, OPTIONAL): Viewport is set to new size with width = 360 and height = 800

2019-06-19 16:10:07 - [MESSAGE][PASSED] - Viewport is set to new size with width = 360 and height = 800

2019-06-19 16:10:07 - [TEST_STEP][PASSED] - delay(1, OPTIONAL): Delayed 1 second(s)

2019-06-19 16:10:08 - [MESSAGE][PASSED] - Delayed 1 second(s)

2019-06-19 16:10:08 - [TEST_STEP][PASSED] - click(findTestObject("OCS-MOBILE /FAQ page/Learn about OCS")): Object: 'Object Repository/OCS-MOBILE /FAQ page/Learn about OCS' is clicked on

2019-06-19 16:10:11 - [MESSAGE][PASSED] - Object: 'Object Repository/OCS-MOBILE /FAQ page/Learn about OCS' is clicked on

2019-06-19 16:10:11 - [TEST_STEP][PASSED] - back(): Navigate back successfully

2019-06-19 16:10:13 - [MESSAGE][PASSED] - Navigate back successfully

2019-06-19 16:10:13 - [TEST_STEP][PASSED] - delay(2, OPTIONAL): Delayed 2 second(s)

2019-06-19 16:10:15 - [MESSAGE][PASSED] - Delayed 2 second(s)

2019-06-19 16:10:15 - [TEST_STEP][PASSED] - setViewPortSize(1000, 800, OPTIONAL): Viewport is set to new size with width = 1000 and height = 800

2019-06-19 16:10:16 - [MESSAGE][PASSED] - Viewport is set to new size with width = 1000 and height = 800

2019-06-19 16:10:16 - [TEST_STEP][PASSED] - delay(2, OPTIONAL): Delayed 2 second(s)

2019-06-19 16:10:18 - [MESSAGE][PASSED] - Delayed 2 second(s)

2019-06-19 16:10:18 - [TEST_STEP][PASSED] - click(findTestObject("Theme_oR/Page_Ontario Cannabis Store  Ontari/button_Hide bar"), OPTIONAL): Unable to click on object (Root cause: java.lang.IllegalArgumentException: Object is null)

2019-06-19 16:10:18 - [MESSAGE][WARNING] - Test object with id 'Object Repository/Theme_oR/Page_Ontario Cannabis Store  Ontari/button_Hide bar' does not exist

2019-06-19 16:10:18 - [MESSAGE][WARNING] - Test object with id 'Object Repository/' does not exist

2019-06-19 16:10:18 - [MESSAGE][WARNING] - Unable to click on object (Root cause: java.lang.IllegalArgumentException: Object is null)
[[ATTACHMENT|/Users/sumankompelly/Relative xpath-Mobile/Reports/recordings - ( 1.10.2 )/20190619_153658/1560975018027.png]]

2019-06-19 16:10:18 - [TEST_STEP][PASSED] - delay(2, OPTIONAL): Delayed 2 second(s)

2019-06-19 16:10:20 - [MESSAGE][PASSED] - Delayed 2 second(s)

2019-06-19 16:10:20 - [TEST_STEP][PASSED] - setViewPortSize(360, 800, OPTIONAL): Viewport is set to new size with width = 360 and height = 800

2019-06-19 16:10:20 - [MESSAGE][PASSED] - Viewport is set to new size with width = 360 and height = 800

2019-06-19 16:10:20 - [TEST_STEP][PASSED] - delay(1, OPTIONAL): Delayed 1 second(s)

2019-06-19 16:10:21 - [MESSAGE][PASSED] - Delayed 1 second(s)

2019-06-19 16:10:21 - [TEST_STEP][PASSED] - executeJavaScript("var previewBar = document.getElementById("preview-bar-iframe"); previewBar.style.display = "none";", []): Execute JavaScript 'var previewBar = document.getElementById("preview-bar-iframe"); previewBar.style.display = "none";' successfully

2019-06-19 16:10:22 - [MESSAGE][PASSED] - Execute JavaScript 'var previewBar = document.getElementById("preview-bar-iframe"); previewBar.style.display = "none";' successfully

2019-06-19 16:10:22 - [TEST_STEP][PASSED] - click(findTestObject("OCS-MOBILE /FAQ page/Choose cannabis products")): Object: 'Object Repository/OCS-MOBILE /FAQ page/Choose cannabis products' is clicked on

2019-06-19 16:10:25 - [MESSAGE][PASSED] - Object: 'Object Repository/OCS-MOBILE /FAQ page/Choose cannabis products' is clicked on

2019-06-19 16:10:25 - [TEST_STEP][PASSED] - back(): Navigate back successfully

2019-06-19 16:10:27 - [MESSAGE][PASSED] - Navigate back successfully

2019-06-19 16:10:27 - [TEST_STEP][PASSED] - executeJavaScript("var previewBar = document.getElementById("preview-bar-iframe"); previewBar.style.display = "none";", []): Execute JavaScript 'var previewBar = document.getElementById("preview-bar-iframe"); previewBar.style.display = "none";' successfully

2019-06-19 16:10:27 - [MESSAGE][PASSED] - Execute JavaScript 'var previewBar = document.getElementById("preview-bar-iframe"); previewBar.style.display = "none";' successfully

2019-06-19 16:10:27 - [TEST_STEP][PASSED] - click(findTestObject("OCS-MOBILE /Age gate and burger menu/Burger menu - English")): Object: 'Object Repository/OCS-MOBILE /Age gate and burger menu/Burger menu - English' is clicked on

2019-06-19 16:10:27 - [MESSAGE][PASSED] - Object: 'Object Repository/OCS-MOBILE /Age gate and burger menu/Burger menu - English' is clicked on

2019-06-19 16:10:27 - [TEST_STEP][PASSED] - delay(1, OPTIONAL): Delayed 1 second(s)

2019-06-19 16:10:28 - [MESSAGE][PASSED] - Delayed 1 second(s)

2019-06-19 16:10:28 - [TEST_STEP][PASSED] - click(findTestObject("OCS-MOBILE /FAQ page/FAQ")): Object: 'Object Repository/OCS-MOBILE /FAQ page/FAQ' is clicked on

2019-06-19 16:10:28 - [MESSAGE][PASSED] - Object: 'Object Repository/OCS-MOBILE /FAQ page/FAQ' is clicked on

2019-06-19 16:10:28 - [TEST_STEP][PASSED] - delay(1, OPTIONAL): Delayed 1 second(s)

2019-06-19 16:10:29 - [MESSAGE][PASSED] - Delayed 1 second(s)

2019-06-19 16:10:29 - [TEST_STEP][PASSED] - click(findTestObject("OCS-MOBILE /FAQ page/Second chveron link")): Object: 'Object Repository/OCS-MOBILE /FAQ page/Second chveron link' is clicked on

2019-06-19 16:10:33 - [MESSAGE][PASSED] - Object: 'Object Repository/OCS-MOBILE /FAQ page/Second chveron link' is clicked on

2019-06-19 16:10:33 - [TEST_STEP][PASSED] - executeJavaScript("var previewBar = document.getElementById("preview-bar-iframe"); previewBar.style.display = "none";", []): Execute JavaScript 'var previewBar = document.getElementById("preview-bar-iframe"); previewBar.style.display = "none";' successfully

2019-06-19 16:10:33 - [MESSAGE][PASSED] - Execute JavaScript 'var previewBar = document.getElementById("preview-bar-iframe"); previewBar.style.display = "none";' successfully

2019-06-19 16:10:33 - [TEST_STEP][PASSED] - delay(1, OPTIONAL): Delayed 1 second(s)

2019-06-19 16:10:34 - [MESSAGE][PASSED] - Delayed 1 second(s)

2019-06-19 16:10:34 - [TEST_STEP][PASSED] - scrollToElement(findTestObject("OCS-MOBILE /FAQ page/scroll view element"), 0): Scroll to object 'Object Repository/OCS-MOBILE /FAQ page/scroll view element' successfully

2019-06-19 16:10:34 - [MESSAGE][WARNING] - Timeout '0' is invalid. Using default page load timeout: '30'

2019-06-19 16:10:34 - [MESSAGE][PASSED] - Scroll to object 'Object Repository/OCS-MOBILE /FAQ page/scroll view element' successfully

2019-06-19 16:10:34 - [TEST_STEP][PASSED] - delay(1, OPTIONAL): Delayed 1 second(s)

2019-06-19 16:10:35 - [MESSAGE][PASSED] - Delayed 1 second(s)

2019-06-19 16:10:35 - [TEST_STEP][PASSED] - click(findTestObject("OCS-MOBILE /FAQ page/Dropdown button -second chevron -open- FAQ")): Object: 'Object Repository/OCS-MOBILE /FAQ page/Dropdown button -second chevron -open- FAQ' is clicked on

2019-06-19 16:10:35 - [MESSAGE][PASSED] - Object: 'Object Repository/OCS-MOBILE /FAQ page/Dropdown button -second chevron -open- FAQ' is clicked on

2019-06-19 16:10:35 - [TEST_STEP][PASSED] - delay(1, OPTIONAL): Delayed 1 second(s)

2019-06-19 16:10:36 - [MESSAGE][PASSED] - Delayed 1 second(s)

2019-06-19 16:10:36 - [TEST_STEP][PASSED] - click(findTestObject("OCS-MOBILE /FAQ page/Dropdown button -second chevron -close - FAQ")): Object: 'Object Repository/OCS-MOBILE /FAQ page/Dropdown button -second chevron -close - FAQ' is clicked on

2019-06-19 16:10:36 - [MESSAGE][PASSED] - Object: 'Object Repository/OCS-MOBILE /FAQ page/Dropdown button -second chevron -close - FAQ' is clicked on

2019-06-19 16:10:36 - [TEST_STEP][PASSED] - delay(2, OPTIONAL): Delayed 2 second(s)

2019-06-19 16:10:38 - [MESSAGE][PASSED] - Delayed 2 second(s)

2019-06-19 16:10:38 - [TEST_STEP][PASSED] - setViewPortSize(1000, 800, OPTIONAL): Viewport is set to new size with width = 1000 and height = 800

2019-06-19 16:10:39 - [MESSAGE][PASSED] - Viewport is set to new size with width = 1000 and height = 800

2019-06-19 16:10:39 - [TEST_STEP][PASSED] - delay(2, OPTIONAL): Delayed 2 second(s)

2019-06-19 16:10:41 - [MESSAGE][PASSED] - Delayed 2 second(s)

2019-06-19 16:10:41 - [TEST_STEP][PASSED] - click(findTestObject("Theme_oR/Page_Ontario Cannabis Store  Ontari/button_Hide bar"), OPTIONAL): Unable to click on object (Root cause: java.lang.IllegalArgumentException: Object is null)

2019-06-19 16:10:41 - [MESSAGE][WARNING] - Test object with id 'Object Repository/Theme_oR/Page_Ontario Cannabis Store  Ontari/button_Hide bar' does not exist

2019-06-19 16:10:41 - [MESSAGE][WARNING] - Test object with id 'Object Repository/' does not exist

2019-06-19 16:10:41 - [MESSAGE][WARNING] - Unable to click on object (Root cause: java.lang.IllegalArgumentException: Object is null)
[[ATTACHMENT|/Users/sumankompelly/Relative xpath-Mobile/Reports/recordings - ( 1.10.2 )/20190619_153658/1560975041088.png]]

2019-06-19 16:10:41 - [TEST_STEP][PASSED] - delay(2, OPTIONAL): Delayed 2 second(s)

2019-06-19 16:10:43 - [MESSAGE][PASSED] - Delayed 2 second(s)

2019-06-19 16:10:43 - [TEST_STEP][PASSED] - setViewPortSize(360, 800, OPTIONAL): Viewport is set to new size with width = 360 and height = 800

2019-06-19 16:10:44 - [MESSAGE][PASSED] - Viewport is set to new size with width = 360 and height = 800

2019-06-19 16:10:44 - [TEST_STEP][PASSED] - delay(1, OPTIONAL): Delayed 1 second(s)

2019-06-19 16:10:45 - [MESSAGE][PASSED] - Delayed 1 second(s)

2019-06-19 16:10:45 - [TEST_STEP][PASSED] - click(findTestObject("OCS-MOBILE /FAQ page/First accordian - add")): Object: 'Object Repository/OCS-MOBILE /FAQ page/First accordian - add' is clicked on

2019-06-19 16:10:45 - [MESSAGE][PASSED] - Object: 'Object Repository/OCS-MOBILE /FAQ page/First accordian - add' is clicked on

2019-06-19 16:10:45 - [TEST_STEP][PASSED] - delay(1): Delayed 1 second(s)

2019-06-19 16:10:46 - [MESSAGE][PASSED] - Delayed 1 second(s)

2019-06-19 16:10:46 - [TEST_STEP][PASSED] - click(findTestObject("OCS-MOBILE /FAQ page/First accordian - Subtract")): Object: 'Object Repository/OCS-MOBILE /FAQ page/First accordian - Subtract' is clicked on

2019-06-19 16:10:46 - [MESSAGE][PASSED] - Object: 'Object Repository/OCS-MOBILE /FAQ page/First accordian - Subtract' is clicked on

2019-06-19 16:10:46 - [TEST_STEP][PASSED] - delay(1): Delayed 1 second(s)

2019-06-19 16:10:47 - [MESSAGE][PASSED] - Delayed 1 second(s)

2019-06-19 16:10:47 - [TEST_STEP][PASSED] - click(findTestObject("OCS-MOBILE /FAQ page/Second accordian- add")): Object: 'Object Repository/OCS-MOBILE /FAQ page/Second accordian- add' is clicked on

2019-06-19 16:10:47 - [MESSAGE][PASSED] - Object: 'Object Repository/OCS-MOBILE /FAQ page/Second accordian- add' is clicked on

2019-06-19 16:10:47 - [TEST_STEP][PASSED] - delay(1): Delayed 1 second(s)

2019-06-19 16:10:48 - [MESSAGE][PASSED] - Delayed 1 second(s)

2019-06-19 16:10:48 - [TEST_STEP][PASSED] - click(findTestObject("OCS-MOBILE /FAQ page/Second accordian - subtract")): Object: 'Object Repository/OCS-MOBILE /FAQ page/Second accordian - subtract' is clicked on

2019-06-19 16:10:49 - [MESSAGE][PASSED] - Object: 'Object Repository/OCS-MOBILE /FAQ page/Second accordian - subtract' is clicked on

2019-06-19 16:10:49 - [TEST_STEP][PASSED] - delay(1): Delayed 1 second(s)

2019-06-19 16:10:50 - [MESSAGE][PASSED] - Delayed 1 second(s)

2019-06-19 16:10:50 - [TEST_STEP][PASSED] - click(findTestObject("OCS-MOBILE /FAQ page/Load more1")): Object: 'Object Repository/OCS-MOBILE /FAQ page/Load more1' is clicked on

2019-06-19 16:10:50 - [MESSAGE][PASSED] - Object: 'Object Repository/OCS-MOBILE /FAQ page/Load more1' is clicked on

2019-06-19 16:10:50 - [TEST_STEP][PASSED] - delay(1): Delayed 1 second(s)

2019-06-19 16:10:51 - [MESSAGE][PASSED] - Delayed 1 second(s)

2019-06-19 16:10:51 - [TEST_STEP][PASSED] - click(findTestObject("OCS-MOBILE /FAQ page/Loadmore2")): Object: 'Object Repository/OCS-MOBILE /FAQ page/Loadmore2' is clicked on

2019-06-19 16:10:51 - [MESSAGE][PASSED] - Object: 'Object Repository/OCS-MOBILE /FAQ page/Loadmore2' is clicked on

2019-06-19 16:10:51 - [TEST_STEP][PASSED] - delay(1): Delayed 1 second(s)

2019-06-19 16:10:52 - [MESSAGE][PASSED] - Delayed 1 second(s)

2019-06-19 16:10:52 - [TEST_STEP][PASSED] - click(findTestObject("OCS-MOBILE /FAQ page/Loadmore3")): Object: 'Object Repository/OCS-MOBILE /FAQ page/Loadmore3' is clicked on

2019-06-19 16:10:53 - [MESSAGE][PASSED] - Object: 'Object Repository/OCS-MOBILE /FAQ page/Loadmore3' is clicked on

2019-06-19 16:10:53 - [TEST_STEP][PASSED] - delay(1): Delayed 1 second(s)

2019-06-19 16:10:54 - [MESSAGE][PASSED] - Delayed 1 second(s)

2019-06-19 16:10:54 - [TEST_STEP][PASSED] - click(findTestObject("OCS-MOBILE /FAQ page/Learn about cannabis")): Object: 'Object Repository/OCS-MOBILE /FAQ page/Learn about cannabis' is clicked on

2019-06-19 16:10:57 - [MESSAGE][PASSED] - Object: 'Object Repository/OCS-MOBILE /FAQ page/Learn about cannabis' is clicked on

2019-06-19 16:10:57 - [TEST_STEP][PASSED] - delay(1): Delayed 1 second(s)

2019-06-19 16:10:58 - [MESSAGE][PASSED] - Delayed 1 second(s)

2019-06-19 16:10:58 - [TEST_STEP][PASSED] - back(): Navigate back successfully

2019-06-19 16:11:00 - [MESSAGE][PASSED] - Navigate back successfully

2019-06-19 16:11:00 - [TEST_STEP][PASSED] - delay(1): Delayed 1 second(s)

2019-06-19 16:11:01 - [MESSAGE][PASSED] - Delayed 1 second(s)

2019-06-19 16:11:01 - [TEST_STEP][PASSED] - setViewPortSize(1000, 800, OPTIONAL): Viewport is set to new size with width = 1000 and height = 800

2019-06-19 16:11:01 - [MESSAGE][PASSED] - Viewport is set to new size with width = 1000 and height = 800

2019-06-19 16:11:01 - [TEST_STEP][PASSED] - delay(2, OPTIONAL): Delayed 2 second(s)

2019-06-19 16:11:03 - [MESSAGE][PASSED] - Delayed 2 second(s)

2019-06-19 16:11:03 - [TEST_STEP][PASSED] - click(findTestObject("Theme_oR/Page_Ontario Cannabis Store  Ontari/button_Hide bar"), OPTIONAL): Unable to click on object (Root cause: java.lang.IllegalArgumentException: Object is null)

2019-06-19 16:11:03 - [MESSAGE][WARNING] - Test object with id 'Object Repository/Theme_oR/Page_Ontario Cannabis Store  Ontari/button_Hide bar' does not exist

2019-06-19 16:11:03 - [MESSAGE][WARNING] - Test object with id 'Object Repository/' does not exist

2019-06-19 16:11:04 - [MESSAGE][WARNING] - Unable to click on object (Root cause: java.lang.IllegalArgumentException: Object is null)
[[ATTACHMENT|/Users/sumankompelly/Relative xpath-Mobile/Reports/recordings - ( 1.10.2 )/20190619_153658/1560975063441.png]]

2019-06-19 16:11:04 - [TEST_STEP][PASSED] - delay(2, OPTIONAL): Delayed 2 second(s)

2019-06-19 16:11:06 - [MESSAGE][PASSED] - Delayed 2 second(s)

2019-06-19 16:11:06 - [TEST_STEP][PASSED] - setViewPortSize(360, 800, OPTIONAL): Viewport is set to new size with width = 360 and height = 800

2019-06-19 16:11:06 - [MESSAGE][PASSED] - Viewport is set to new size with width = 360 and height = 800

2019-06-19 16:11:06 - [TEST_STEP][PASSED] - delay(1, OPTIONAL): Delayed 1 second(s)

2019-06-19 16:11:07 - [MESSAGE][PASSED] - Delayed 1 second(s)

2019-06-19 16:11:07 - [TEST_STEP][PASSED] - executeJavaScript("var previewBar = document.getElementById("preview-bar-iframe"); previewBar.style.display = "none";", []): Execute JavaScript 'var previewBar = document.getElementById("preview-bar-iframe"); previewBar.style.display = "none";' successfully

2019-06-19 16:11:07 - [MESSAGE][PASSED] - Execute JavaScript 'var previewBar = document.getElementById("preview-bar-iframe"); previewBar.style.display = "none";' successfully

2019-06-19 16:11:07 - [TEST_STEP][PASSED] - click(findTestObject("OCS-MOBILE /FAQ page/Loadmore4")): Object: 'Object Repository/OCS-MOBILE /FAQ page/Loadmore4' is clicked on

2019-06-19 16:11:07 - [MESSAGE][PASSED] - Object: 'Object Repository/OCS-MOBILE /FAQ page/Loadmore4' is clicked on

2019-06-19 16:11:07 - [TEST_STEP][PASSED] - delay(2, OPTIONAL): Delayed 2 second(s)

2019-06-19 16:11:09 - [MESSAGE][PASSED] - Delayed 2 second(s)

2019-06-19 16:11:09 - [TEST_STEP][PASSED] - setViewPortSize(1000, 800, OPTIONAL): Viewport is set to new size with width = 1000 and height = 800

2019-06-19 16:11:10 - [MESSAGE][PASSED] - Viewport is set to new size with width = 1000 and height = 800

2019-06-19 16:11:10 - [TEST_STEP][PASSED] - delay(2, OPTIONAL): Delayed 2 second(s)

2019-06-19 16:11:12 - [MESSAGE][PASSED] - Delayed 2 second(s)

2019-06-19 16:11:12 - [TEST_STEP][PASSED] - click(findTestObject("Theme_oR/Page_Ontario Cannabis Store  Ontari/button_Hide bar"), OPTIONAL): Unable to click on object (Root cause: java.lang.IllegalArgumentException: Object is null)

2019-06-19 16:11:12 - [MESSAGE][WARNING] - Test object with id 'Object Repository/Theme_oR/Page_Ontario Cannabis Store  Ontari/button_Hide bar' does not exist

2019-06-19 16:11:12 - [MESSAGE][WARNING] - Test object with id 'Object Repository/' does not exist

2019-06-19 16:11:12 - [MESSAGE][WARNING] - Unable to click on object (Root cause: java.lang.IllegalArgumentException: Object is null)
[[ATTACHMENT|/Users/sumankompelly/Relative xpath-Mobile/Reports/recordings - ( 1.10.2 )/20190619_153658/1560975072242.png]]

2019-06-19 16:11:12 - [TEST_STEP][PASSED] - delay(2, OPTIONAL): Delayed 2 second(s)

2019-06-19 16:11:14 - [MESSAGE][PASSED] - Delayed 2 second(s)

2019-06-19 16:11:14 - [TEST_STEP][PASSED] - setViewPortSize(360, 800, OPTIONAL): Viewport is set to new size with width = 360 and height = 800

2019-06-19 16:11:15 - [MESSAGE][PASSED] - Viewport is set to new size with width = 360 and height = 800

2019-06-19 16:11:15 - [TEST_STEP][PASSED] - delay(1, OPTIONAL): Delayed 1 second(s)

2019-06-19 16:11:16 - [MESSAGE][PASSED] - Delayed 1 second(s)

2019-06-19 16:11:16 - [TEST_STEP][PASSED] - executeJavaScript("var previewBar = document.getElementById("preview-bar-iframe"); previewBar.style.display = "none";", []): Execute JavaScript 'var previewBar = document.getElementById("preview-bar-iframe"); previewBar.style.display = "none";' successfully

2019-06-19 16:11:16 - [MESSAGE][PASSED] - Execute JavaScript 'var previewBar = document.getElementById("preview-bar-iframe"); previewBar.style.display = "none";' successfully

2019-06-19 16:11:16 - [TEST_STEP][PASSED] - click(findTestObject("OCS-MOBILE /FAQ page/Learn about OCS")): Object: 'Object Repository/OCS-MOBILE /FAQ page/Learn about OCS' is clicked on

2019-06-19 16:11:19 - [MESSAGE][PASSED] - Object: 'Object Repository/OCS-MOBILE /FAQ page/Learn about OCS' is clicked on

2019-06-19 16:11:19 - [TEST_STEP][PASSED] - back(): Navigate back successfully

2019-06-19 16:11:21 - [MESSAGE][PASSED] - Navigate back successfully

2019-06-19 16:11:21 - [TEST_STEP][PASSED] - delay(2, OPTIONAL): Delayed 2 second(s)

2019-06-19 16:11:23 - [MESSAGE][PASSED] - Delayed 2 second(s)

2019-06-19 16:11:23 - [TEST_STEP][PASSED] - setViewPortSize(1000, 800, OPTIONAL): Viewport is set to new size with width = 1000 and height = 800

2019-06-19 16:11:23 - [MESSAGE][PASSED] - Viewport is set to new size with width = 1000 and height = 800

2019-06-19 16:11:23 - [TEST_STEP][PASSED] - delay(2, OPTIONAL): Delayed 2 second(s)

2019-06-19 16:11:25 - [MESSAGE][PASSED] - Delayed 2 second(s)

2019-06-19 16:11:25 - [TEST_STEP][PASSED] - click(findTestObject("Theme_oR/Page_Ontario Cannabis Store  Ontari/button_Hide bar"), OPTIONAL): Unable to click on object (Root cause: java.lang.IllegalArgumentException: Object is null)

2019-06-19 16:11:25 - [MESSAGE][WARNING] - Test object with id 'Object Repository/Theme_oR/Page_Ontario Cannabis Store  Ontari/button_Hide bar' does not exist

2019-06-19 16:11:25 - [MESSAGE][WARNING] - Test object with id 'Object Repository/' does not exist

2019-06-19 16:11:26 - [MESSAGE][WARNING] - Unable to click on object (Root cause: java.lang.IllegalArgumentException: Object is null)
[[ATTACHMENT|/Users/sumankompelly/Relative xpath-Mobile/Reports/recordings - ( 1.10.2 )/20190619_153658/1560975085735.png]]

2019-06-19 16:11:26 - [TEST_STEP][PASSED] - delay(2, OPTIONAL): Delayed 2 second(s)

2019-06-19 16:11:28 - [MESSAGE][PASSED] - Delayed 2 second(s)

2019-06-19 16:11:28 - [TEST_STEP][PASSED] - setViewPortSize(360, 800, OPTIONAL): Viewport is set to new size with width = 360 and height = 800

2019-06-19 16:11:28 - [MESSAGE][PASSED] - Viewport is set to new size with width = 360 and height = 800

2019-06-19 16:11:28 - [TEST_STEP][PASSED] - delay(1, OPTIONAL): Delayed 1 second(s)

2019-06-19 16:11:29 - [MESSAGE][PASSED] - Delayed 1 second(s)

2019-06-19 16:11:29 - [TEST_STEP][PASSED] - executeJavaScript("var previewBar = document.getElementById("preview-bar-iframe"); previewBar.style.display = "none";", []): Execute JavaScript 'var previewBar = document.getElementById("preview-bar-iframe"); previewBar.style.display = "none";' successfully

2019-06-19 16:11:29 - [MESSAGE][PASSED] - Execute JavaScript 'var previewBar = document.getElementById("preview-bar-iframe"); previewBar.style.display = "none";' successfully

2019-06-19 16:11:29 - [TEST_STEP][PASSED] - click(findTestObject("OCS-MOBILE /FAQ page/Choose cannabis products")): Object: 'Object Repository/OCS-MOBILE /FAQ page/Choose cannabis products' is clicked on

2019-06-19 16:11:33 - [MESSAGE][PASSED] - Object: 'Object Repository/OCS-MOBILE /FAQ page/Choose cannabis products' is clicked on

2019-06-19 16:11:33 - [TEST_STEP][PASSED] - back(): Navigate back successfully

2019-06-19 16:11:35 - [MESSAGE][PASSED] - Navigate back successfully

2019-06-19 16:11:35 - [TEST_STEP][PASSED] - click(findTestObject("OCS-MOBILE /Age gate and burger menu/Burger menu - English")): Object: 'Object Repository/OCS-MOBILE /Age gate and burger menu/Burger menu - English' is clicked on

2019-06-19 16:11:35 - [MESSAGE][PASSED] - Object: 'Object Repository/OCS-MOBILE /Age gate and burger menu/Burger menu - English' is clicked on

2019-06-19 16:11:35 - [TEST_STEP][PASSED] - delay(2, OPTIONAL): Delayed 2 second(s)

2019-06-19 16:11:37 - [MESSAGE][PASSED] - Delayed 2 second(s)

2019-06-19 16:11:37 - [TEST_STEP][PASSED] - click(findTestObject("OCS-MOBILE /FAQ page/FAQ")): Object: 'Object Repository/OCS-MOBILE /FAQ page/FAQ' is clicked on

2019-06-19 16:11:37 - [MESSAGE][PASSED] - Object: 'Object Repository/OCS-MOBILE /FAQ page/FAQ' is clicked on

2019-06-19 16:11:37 - [TEST_STEP][PASSED] - delay(2, OPTIONAL): Delayed 2 second(s)

2019-06-19 16:11:39 - [MESSAGE][PASSED] - Delayed 2 second(s)

2019-06-19 16:11:39 - [TEST_STEP][PASSED] - click(findTestObject("OCS-MOBILE /FAQ page/third chevron link")): Object: 'Object Repository/OCS-MOBILE /FAQ page/third chevron link' is clicked on

2019-06-19 16:11:44 - [MESSAGE][PASSED] - Object: 'Object Repository/OCS-MOBILE /FAQ page/third chevron link' is clicked on

2019-06-19 16:11:44 - [TEST_STEP][PASSED] - executeJavaScript("var previewBar = document.getElementById("preview-bar-iframe"); previewBar.style.display = "none";", []): Execute JavaScript 'var previewBar = document.getElementById("preview-bar-iframe"); previewBar.style.display = "none";' successfully

2019-06-19 16:11:44 - [MESSAGE][PASSED] - Execute JavaScript 'var previewBar = document.getElementById("preview-bar-iframe"); previewBar.style.display = "none";' successfully

2019-06-19 16:11:44 - [TEST_STEP][PASSED] - delay(1, OPTIONAL): Delayed 1 second(s)

2019-06-19 16:11:45 - [MESSAGE][PASSED] - Delayed 1 second(s)

2019-06-19 16:11:45 - [TEST_STEP][PASSED] - scrollToElement(findTestObject("OCS-MOBILE /FAQ page/scroll view element"), 0): Scroll to object 'Object Repository/OCS-MOBILE /FAQ page/scroll view element' successfully

2019-06-19 16:11:45 - [MESSAGE][WARNING] - Timeout '0' is invalid. Using default page load timeout: '30'

2019-06-19 16:11:45 - [MESSAGE][PASSED] - Scroll to object 'Object Repository/OCS-MOBILE /FAQ page/scroll view element' successfully

2019-06-19 16:11:45 - [TEST_STEP][PASSED] - delay(1, OPTIONAL): Delayed 1 second(s)

2019-06-19 16:11:46 - [MESSAGE][PASSED] - Delayed 1 second(s)

2019-06-19 16:11:46 - [TEST_STEP][PASSED] - click(findTestObject("OCS-MOBILE /FAQ page/Dropdown button -First chevron -open- FAQ")): Object: 'Object Repository/OCS-MOBILE /FAQ page/Dropdown button -First chevron -open- FAQ' is clicked on

2019-06-19 16:11:46 - [MESSAGE][PASSED] - Object: 'Object Repository/OCS-MOBILE /FAQ page/Dropdown button -First chevron -open- FAQ' is clicked on

2019-06-19 16:11:46 - [TEST_STEP][PASSED] - delay(1, OPTIONAL): Delayed 1 second(s)

2019-06-19 16:11:47 - [MESSAGE][PASSED] - Delayed 1 second(s)

2019-06-19 16:11:47 - [TEST_STEP][PASSED] - click(findTestObject("OCS-MOBILE /FAQ page/Dropdown button -First chevron - close -FAQ")): Object: 'Object Repository/OCS-MOBILE /FAQ page/Dropdown button -First chevron - close -FAQ' is clicked on

2019-06-19 16:11:47 - [MESSAGE][PASSED] - Object: 'Object Repository/OCS-MOBILE /FAQ page/Dropdown button -First chevron - close -FAQ' is clicked on

2019-06-19 16:11:47 - [TEST_STEP][PASSED] - delay(1, OPTIONAL): Delayed 1 second(s)

2019-06-19 16:11:48 - [MESSAGE][PASSED] - Delayed 1 second(s)

2019-06-19 16:11:48 - [TEST_STEP][PASSED] - setViewPortSize(1000, 800, OPTIONAL): Viewport is set to new size with width = 1000 and height = 800

2019-06-19 16:11:49 - [MESSAGE][PASSED] - Viewport is set to new size with width = 1000 and height = 800

2019-06-19 16:11:49 - [TEST_STEP][PASSED] - delay(2, OPTIONAL): Delayed 2 second(s)

2019-06-19 16:11:51 - [MESSAGE][PASSED] - Delayed 2 second(s)

2019-06-19 16:11:51 - [TEST_STEP][PASSED] - click(findTestObject("Theme_oR/Page_Ontario Cannabis Store  Ontari/button_Hide bar"), OPTIONAL): Unable to click on object (Root cause: java.lang.IllegalArgumentException: Object is null)

2019-06-19 16:11:51 - [MESSAGE][WARNING] - Test object with id 'Object Repository/Theme_oR/Page_Ontario Cannabis Store  Ontari/button_Hide bar' does not exist

2019-06-19 16:11:51 - [MESSAGE][WARNING] - Test object with id 'Object Repository/' does not exist

2019-06-19 16:11:51 - [MESSAGE][WARNING] - Unable to click on object (Root cause: java.lang.IllegalArgumentException: Object is null)
[[ATTACHMENT|/Users/sumankompelly/Relative xpath-Mobile/Reports/recordings - ( 1.10.2 )/20190619_153658/1560975111043.png]]

2019-06-19 16:11:51 - [TEST_STEP][PASSED] - delay(2, OPTIONAL): Delayed 2 second(s)

2019-06-19 16:11:53 - [MESSAGE][PASSED] - Delayed 2 second(s)

2019-06-19 16:11:53 - [TEST_STEP][PASSED] - setViewPortSize(360, 800, OPTIONAL): Viewport is set to new size with width = 360 and height = 800

2019-06-19 16:11:54 - [MESSAGE][PASSED] - Viewport is set to new size with width = 360 and height = 800

2019-06-19 16:11:54 - [TEST_STEP][PASSED] - delay(1, OPTIONAL): Delayed 1 second(s)

2019-06-19 16:11:55 - [MESSAGE][PASSED] - Delayed 1 second(s)

2019-06-19 16:11:55 - [TEST_STEP][PASSED] - click(findTestObject("OCS-MOBILE /FAQ page/First accordian - add")): Object: 'Object Repository/OCS-MOBILE /FAQ page/First accordian - add' is clicked on

2019-06-19 16:11:55 - [MESSAGE][PASSED] - Object: 'Object Repository/OCS-MOBILE /FAQ page/First accordian - add' is clicked on

2019-06-19 16:11:55 - [TEST_STEP][PASSED] - delay(1): Delayed 1 second(s)

2019-06-19 16:11:56 - [MESSAGE][PASSED] - Delayed 1 second(s)

2019-06-19 16:11:56 - [TEST_STEP][PASSED] - click(findTestObject("OCS-MOBILE /FAQ page/First accordian - Subtract")): Object: 'Object Repository/OCS-MOBILE /FAQ page/First accordian - Subtract' is clicked on

2019-06-19 16:11:56 - [MESSAGE][PASSED] - Object: 'Object Repository/OCS-MOBILE /FAQ page/First accordian - Subtract' is clicked on

2019-06-19 16:11:56 - [TEST_STEP][PASSED] - delay(1): Delayed 1 second(s)

2019-06-19 16:11:57 - [MESSAGE][PASSED] - Delayed 1 second(s)

2019-06-19 16:11:57 - [TEST_STEP][PASSED] - click(findTestObject("OCS-MOBILE /FAQ page/Second accordian- add")): Object: 'Object Repository/OCS-MOBILE /FAQ page/Second accordian- add' is clicked on

2019-06-19 16:11:58 - [MESSAGE][PASSED] - Object: 'Object Repository/OCS-MOBILE /FAQ page/Second accordian- add' is clicked on

2019-06-19 16:11:58 - [TEST_STEP][PASSED] - delay(1): Delayed 1 second(s)

2019-06-19 16:11:59 - [MESSAGE][PASSED] - Delayed 1 second(s)

2019-06-19 16:11:59 - [TEST_STEP][PASSED] - click(findTestObject("OCS-MOBILE /FAQ page/Second accordian - subtract")): Object: 'Object Repository/OCS-MOBILE /FAQ page/Second accordian - subtract' is clicked on

2019-06-19 16:11:59 - [MESSAGE][PASSED] - Object: 'Object Repository/OCS-MOBILE /FAQ page/Second accordian - subtract' is clicked on

2019-06-19 16:11:59 - [TEST_STEP][PASSED] - delay(1): Delayed 1 second(s)

2019-06-19 16:12:00 - [MESSAGE][PASSED] - Delayed 1 second(s)

2019-06-19 16:12:00 - [TEST_STEP][PASSED] - click(findTestObject("OCS-MOBILE /FAQ page/Load more1")): Object: 'Object Repository/OCS-MOBILE /FAQ page/Load more1' is clicked on

2019-06-19 16:12:00 - [MESSAGE][PASSED] - Object: 'Object Repository/OCS-MOBILE /FAQ page/Load more1' is clicked on

2019-06-19 16:12:00 - [TEST_STEP][PASSED] - delay(1): Delayed 1 second(s)

2019-06-19 16:12:01 - [MESSAGE][PASSED] - Delayed 1 second(s)

2019-06-19 16:12:01 - [TEST_STEP][PASSED] - click(findTestObject("OCS-MOBILE /FAQ page/Loadmore2")): Object: 'Object Repository/OCS-MOBILE /FAQ page/Loadmore2' is clicked on

2019-06-19 16:12:01 - [MESSAGE][PASSED] - Object: 'Object Repository/OCS-MOBILE /FAQ page/Loadmore2' is clicked on

2019-06-19 16:12:01 - [TEST_STEP][PASSED] - delay(1): Delayed 1 second(s)

2019-06-19 16:12:02 - [MESSAGE][PASSED] - Delayed 1 second(s)

2019-06-19 16:12:02 - [TEST_STEP][PASSED] - click(findTestObject("OCS-MOBILE /FAQ page/Loadmore3")): Object: 'Object Repository/OCS-MOBILE /FAQ page/Loadmore3' is clicked on

2019-06-19 16:12:03 - [MESSAGE][PASSED] - Object: 'Object Repository/OCS-MOBILE /FAQ page/Loadmore3' is clicked on

2019-06-19 16:12:03 - [TEST_STEP][PASSED] - delay(1): Delayed 1 second(s)

2019-06-19 16:12:04 - [MESSAGE][PASSED] - Delayed 1 second(s)

2019-06-19 16:12:04 - [TEST_STEP][PASSED] - click(findTestObject("OCS-MOBILE /FAQ page/Learn about cannabis")): Object: 'Object Repository/OCS-MOBILE /FAQ page/Learn about cannabis' is clicked on

2019-06-19 16:12:07 - [MESSAGE][PASSED] - Object: 'Object Repository/OCS-MOBILE /FAQ page/Learn about cannabis' is clicked on

2019-06-19 16:12:07 - [TEST_STEP][PASSED] - delay(1): Delayed 1 second(s)

2019-06-19 16:12:08 - [MESSAGE][PASSED] - Delayed 1 second(s)

2019-06-19 16:12:08 - [TEST_STEP][PASSED] - back(): Navigate back successfully

2019-06-19 16:12:10 - [MESSAGE][PASSED] - Navigate back successfully

2019-06-19 16:12:10 - [TEST_STEP][PASSED] - delay(1): Delayed 1 second(s)

2019-06-19 16:12:11 - [MESSAGE][PASSED] - Delayed 1 second(s)

2019-06-19 16:12:11 - [TEST_STEP][PASSED] - setViewPortSize(1000, 800, OPTIONAL): Viewport is set to new size with width = 1000 and height = 800

2019-06-19 16:12:11 - [MESSAGE][PASSED] - Viewport is set to new size with width = 1000 and height = 800

2019-06-19 16:12:11 - [TEST_STEP][PASSED] - delay(2, OPTIONAL): Delayed 2 second(s)

2019-06-19 16:12:13 - [MESSAGE][PASSED] - Delayed 2 second(s)

2019-06-19 16:12:13 - [TEST_STEP][PASSED] - click(findTestObject("Theme_oR/Page_Ontario Cannabis Store  Ontari/button_Hide bar"), OPTIONAL): Unable to click on object (Root cause: java.lang.IllegalArgumentException: Object is null)

2019-06-19 16:12:13 - [MESSAGE][WARNING] - Test object with id 'Object Repository/Theme_oR/Page_Ontario Cannabis Store  Ontari/button_Hide bar' does not exist

2019-06-19 16:12:13 - [MESSAGE][WARNING] - Test object with id 'Object Repository/' does not exist

2019-06-19 16:12:14 - [MESSAGE][WARNING] - Unable to click on object (Root cause: java.lang.IllegalArgumentException: Object is null)
[[ATTACHMENT|/Users/sumankompelly/Relative xpath-Mobile/Reports/recordings - ( 1.10.2 )/20190619_153658/1560975133885.png]]

2019-06-19 16:12:14 - [TEST_STEP][PASSED] - delay(2, OPTIONAL): Delayed 2 second(s)

2019-06-19 16:12:16 - [MESSAGE][PASSED] - Delayed 2 second(s)

2019-06-19 16:12:16 - [TEST_STEP][PASSED] - setViewPortSize(360, 800, OPTIONAL): Viewport is set to new size with width = 360 and height = 800

2019-06-19 16:12:16 - [MESSAGE][PASSED] - Viewport is set to new size with width = 360 and height = 800

2019-06-19 16:12:16 - [TEST_STEP][PASSED] - delay(1, OPTIONAL): Delayed 1 second(s)

2019-06-19 16:12:17 - [MESSAGE][PASSED] - Delayed 1 second(s)

2019-06-19 16:12:17 - [TEST_STEP][PASSED] - executeJavaScript("var previewBar = document.getElementById("preview-bar-iframe"); previewBar.style.display = "none";", []): Execute JavaScript 'var previewBar = document.getElementById("preview-bar-iframe"); previewBar.style.display = "none";' successfully

2019-06-19 16:12:18 - [MESSAGE][PASSED] - Execute JavaScript 'var previewBar = document.getElementById("preview-bar-iframe"); previewBar.style.display = "none";' successfully

2019-06-19 16:12:18 - [TEST_STEP][PASSED] - click(findTestObject("OCS-MOBILE /FAQ page/Loadmore4")): Object: 'Object Repository/OCS-MOBILE /FAQ page/Loadmore4' is clicked on

2019-06-19 16:12:18 - [MESSAGE][PASSED] - Object: 'Object Repository/OCS-MOBILE /FAQ page/Loadmore4' is clicked on

2019-06-19 16:12:18 - [TEST_STEP][PASSED] - delay(2, OPTIONAL): Delayed 2 second(s)

2019-06-19 16:12:20 - [MESSAGE][PASSED] - Delayed 2 second(s)

2019-06-19 16:12:20 - [TEST_STEP][PASSED] - setViewPortSize(1000, 800, OPTIONAL): Viewport is set to new size with width = 1000 and height = 800

2019-06-19 16:12:20 - [MESSAGE][PASSED] - Viewport is set to new size with width = 1000 and height = 800

2019-06-19 16:12:20 - [TEST_STEP][PASSED] - delay(2, OPTIONAL): Delayed 2 second(s)

2019-06-19 16:12:22 - [MESSAGE][PASSED] - Delayed 2 second(s)

2019-06-19 16:12:22 - [TEST_STEP][PASSED] - click(findTestObject("Theme_oR/Page_Ontario Cannabis Store  Ontari/button_Hide bar"), OPTIONAL): Unable to click on object (Root cause: java.lang.IllegalArgumentException: Object is null)

2019-06-19 16:12:22 - [MESSAGE][WARNING] - Test object with id 'Object Repository/Theme_oR/Page_Ontario Cannabis Store  Ontari/button_Hide bar' does not exist

2019-06-19 16:12:22 - [MESSAGE][WARNING] - Test object with id 'Object Repository/' does not exist

2019-06-19 16:12:23 - [MESSAGE][WARNING] - Unable to click on object (Root cause: java.lang.IllegalArgumentException: Object is null)
[[ATTACHMENT|/Users/sumankompelly/Relative xpath-Mobile/Reports/recordings - ( 1.10.2 )/20190619_153658/1560975142579.png]]

2019-06-19 16:12:23 - [TEST_STEP][PASSED] - delay(2, OPTIONAL): Delayed 2 second(s)

2019-06-19 16:12:25 - [MESSAGE][PASSED] - Delayed 2 second(s)

2019-06-19 16:12:25 - [TEST_STEP][PASSED] - setViewPortSize(360, 800, OPTIONAL): Viewport is set to new size with width = 360 and height = 800

2019-06-19 16:12:25 - [MESSAGE][PASSED] - Viewport is set to new size with width = 360 and height = 800

2019-06-19 16:12:25 - [TEST_STEP][PASSED] - delay(1, OPTIONAL): Delayed 1 second(s)

2019-06-19 16:12:26 - [MESSAGE][PASSED] - Delayed 1 second(s)

2019-06-19 16:12:26 - [TEST_STEP][PASSED] - click(findTestObject("OCS-MOBILE /FAQ page/Learn about OCS")): Object: 'Object Repository/OCS-MOBILE /FAQ page/Learn about OCS' is clicked on

2019-06-19 16:12:29 - [MESSAGE][PASSED] - Object: 'Object Repository/OCS-MOBILE /FAQ page/Learn about OCS' is clicked on

2019-06-19 16:12:29 - [TEST_STEP][PASSED] - back(): Navigate back successfully

2019-06-19 16:12:31 - [MESSAGE][PASSED] - Navigate back successfully

2019-06-19 16:12:31 - [TEST_STEP][PASSED] - delay(2, OPTIONAL): Delayed 2 second(s)

2019-06-19 16:12:33 - [MESSAGE][PASSED] - Delayed 2 second(s)

2019-06-19 16:12:33 - [TEST_STEP][PASSED] - setViewPortSize(1000, 800, OPTIONAL): Viewport is set to new size with width = 1000 and height = 800

2019-06-19 16:12:34 - [MESSAGE][PASSED] - Viewport is set to new size with width = 1000 and height = 800

2019-06-19 16:12:34 - [TEST_STEP][PASSED] - delay(2, OPTIONAL): Delayed 2 second(s)

2019-06-19 16:12:36 - [MESSAGE][PASSED] - Delayed 2 second(s)

2019-06-19 16:12:36 - [TEST_STEP][PASSED] - click(findTestObject("Theme_oR/Page_Ontario Cannabis Store  Ontari/button_Hide bar"), OPTIONAL): Unable to click on object (Root cause: java.lang.IllegalArgumentException: Object is null)

2019-06-19 16:12:36 - [MESSAGE][WARNING] - Test object with id 'Object Repository/Theme_oR/Page_Ontario Cannabis Store  Ontari/button_Hide bar' does not exist

2019-06-19 16:12:36 - [MESSAGE][WARNING] - Test object with id 'Object Repository/' does not exist

2019-06-19 16:12:37 - [MESSAGE][WARNING] - Unable to click on object (Root cause: java.lang.IllegalArgumentException: Object is null)
[[ATTACHMENT|/Users/sumankompelly/Relative xpath-Mobile/Reports/recordings - ( 1.10.2 )/20190619_153658/1560975156199.png]]

2019-06-19 16:12:37 - [TEST_STEP][PASSED] - delay(2, OPTIONAL): Delayed 2 second(s)

2019-06-19 16:12:39 - [MESSAGE][PASSED] - Delayed 2 second(s)

2019-06-19 16:12:39 - [TEST_STEP][PASSED] - setViewPortSize(360, 800, OPTIONAL): Viewport is set to new size with width = 360 and height = 800

2019-06-19 16:12:39 - [MESSAGE][PASSED] - Viewport is set to new size with width = 360 and height = 800

2019-06-19 16:12:39 - [TEST_STEP][PASSED] - delay(1, OPTIONAL): Delayed 1 second(s)

2019-06-19 16:12:40 - [MESSAGE][PASSED] - Delayed 1 second(s)

2019-06-19 16:12:40 - [TEST_STEP][PASSED] - executeJavaScript("var previewBar = document.getElementById("preview-bar-iframe"); previewBar.style.display = "none";", []): Execute JavaScript 'var previewBar = document.getElementById("preview-bar-iframe"); previewBar.style.display = "none";' successfully

2019-06-19 16:12:40 - [MESSAGE][PASSED] - Execute JavaScript 'var previewBar = document.getElementById("preview-bar-iframe"); previewBar.style.display = "none";' successfully

2019-06-19 16:12:40 - [TEST_STEP][PASSED] - click(findTestObject("OCS-MOBILE /FAQ page/Choose cannabis products")): Object: 'Object Repository/OCS-MOBILE /FAQ page/Choose cannabis products' is clicked on

2019-06-19 16:12:43 - [MESSAGE][PASSED] - Object: 'Object Repository/OCS-MOBILE /FAQ page/Choose cannabis products' is clicked on

2019-06-19 16:12:43 - [TEST_STEP][NOT_RUN] - back(): NOT_RUN: back()

2019-06-19 16:12:43 - [MESSAGE][NOT_RUN] - NOT_RUN: back()

2019-06-19 16:12:43 - [TEST_STEP][NOT_RUN] - click(findTestObject("OCS-MOBILE /Age gate and burger menu/Burger menu - English")): NOT_RUN: click(findTestObject("OCS-MOBILE /Age gate and burger menu/Burger menu - English"))

2019-06-19 16:12:43 - [MESSAGE][NOT_RUN] - NOT_RUN: click(findTestObject("OCS-MOBILE /Age gate and burger menu/Burger menu - English"))

2019-06-19 16:12:43 - [TEST_STEP][NOT_RUN] - delay(1, OPTIONAL): NOT_RUN: delay(1, OPTIONAL)

2019-06-19 16:12:43 - [MESSAGE][NOT_RUN] - NOT_RUN: delay(1, OPTIONAL)

2019-06-19 16:12:43 - [TEST_STEP][NOT_RUN] - click(findTestObject("OCS-MOBILE /FAQ page/FAQ")): NOT_RUN: click(findTestObject("OCS-MOBILE /FAQ page/FAQ"))

2019-06-19 16:12:43 - [MESSAGE][NOT_RUN] - NOT_RUN: click(findTestObject("OCS-MOBILE /FAQ page/FAQ"))

2019-06-19 16:12:43 - [TEST_STEP][NOT_RUN] - delay(1, OPTIONAL): NOT_RUN: delay(1, OPTIONAL)

2019-06-19 16:12:43 - [MESSAGE][NOT_RUN] - NOT_RUN: delay(1, OPTIONAL)

2019-06-19 16:12:43 - [TEST_STEP][NOT_RUN] - click(findTestObject("OCS-MOBILE /FAQ page/See all FAQs")): NOT_RUN: click(findTestObject("OCS-MOBILE /FAQ page/See all FAQs"))

2019-06-19 16:12:43 - [MESSAGE][NOT_RUN] - NOT_RUN: click(findTestObject("OCS-MOBILE /FAQ page/See all FAQs"))

2019-06-19 16:12:43 - [TEST_STEP][NOT_RUN] - executeJavaScript("var previewBar = document.getElementById("preview-bar-iframe"); previewBar.style.display = "none";", []): NOT_RUN: executeJavaScript("var previewBar = document.getElementById("preview-bar-iframe"); previewBar.style.display = "none";", [])

2019-06-19 16:12:43 - [MESSAGE][NOT_RUN] - NOT_RUN: executeJavaScript("var previewBar = document.getElementById("preview-bar-iframe"); previewBar.style.display = "none";", [])]]></system-out>
         <system-err><![CDATA[]]></system-err>
      </testcase>
      <testcase name="Test Cases/OCS - MOBILE/OCS- HOME PAGE/HP- Burger menu- Learn" classname="Test Cases/OCS - MOBILE/OCS- HOME PAGE/HP- Burger menu- Learn" status="FAILED">
         <failure type="FAILED" message="Test Cases/OCS - MOBILE/OCS- HOME PAGE/HP- Burger menu- Learn FAILED.
Reason:
com.kms.katalon.core.exception.StepFailedException: Unable to click on object 'Object Repository/OCS-MOBILE /LEARN page/Reading a product label - chevron' (Root cause: org.openqa.selenium.WebDriverException: element click intercepted: Element &lt;img class=&quot;menu__featured-item__image&quot; src=&quot;//cdn.shopify.com/s/files/1/2636/1928/files/wks10-12-MEGANAV-recycling_400x.jpg?v=1559916439&quot; data-src=&quot;//cdn.shopify.com/s/files/1/2636/1928/files/wks10-12-MEGANAV-recycling_400x.jpg?v=1559916439&quot; alt=&quot;How to Recycle Cannabis Packaging&quot;> is not clickable at point (117, 609). Other element would receive the click: &lt;iframe title=&quot;Preview Bar&quot; id=&quot;preview-bar-iframe&quot; src=&quot;https://ocs.ca/preview_bar&quot; sandbox=&quot;allow-same-origin allow-scripts&quot; style=&quot;position: fixed; bottom: 0px; left: 0px; z-index: 2147483647; width: 100%; border: none; box-shadow: rgba(0, 0, 0, 0.2) 0px -1px 3px; overflow: hidden; transform: translateY(0px); transition: transform 300ms ease 0s; height: 92px;&quot;>&lt;/iframe>
  (Session info: chrome=76.0.3809.25)
  (Driver info: chromedriver=76.0.3809.25 (a0c95f440512e06df1c9c206f2d79cc20be18bb1-refs/branch-heads/3809@{#271}),platform=Mac OS X 10.13.6 x86_64) (WARNING: The server did not provide any stacktrace information)
Command duration or timeout: 43 milliseconds
Build info: version: '2.53.0', revision: '35ae25b', time: '2016-03-15 17:00:58'
System info: host: 'mac-207-254-12-143.browserstack.com', ip: '207.254.12.143', os.name: 'Mac OS X', os.arch: 'x86_64', os.version: '10.13.6', java.version: '1.8.0_51'
Driver info: org.openqa.selenium.chrome.ChromeDriver
Capabilities [{mobileEmulationEnabled=false, timeouts={implicit=0, pageLoad=300000, script=30000}, hasTouchScreen=false, platform=MAC, acceptSslCerts=false, goog:chromeOptions={debuggerAddress=localhost:59851}, acceptInsecureCerts=false, webStorageEnabled=true, browserName=chrome, takesScreenshot=true, javascriptEnabled=true, setWindowRect=true, unexpectedAlertBehaviour=ignore, applicationCacheEnabled=false, rotatable=false, networkConnectionEnabled=false, chrome={chromedriverVersion=76.0.3809.25 (a0c95f440512e06df1c9c206f2d79cc20be18bb1-refs/branch-heads/3809@{#271}), userDataDir=/var/folders/3y/zz_w6_s56sl__vcrf3r5bhzr0000hr/T/.com.google.Chrome.92vf0R}, takesHeapSnapshot=true, pageLoadStrategy=normal, strictFileInteractability=false, databaseEnabled=false, handlesAlerts=true, version=76.0.3809.25, browserConnectionEnabled=false, proxy={}, nativeEvents=true, locationContextEnabled=true, cssSelectorsEnabled=true}]
Session ID: 236980ce22bf0cec740ad7b51af90e51
Command duration or timeout: 0 milliseconds)
	at com.kms.katalon.core.keyword.internal.KeywordMain.stepFailed(KeywordMain.groovy:36)
	at com.kms.katalon.core.webui.keyword.internal.WebUIKeywordMain.stepFailed(WebUIKeywordMain.groovy:65)
	at com.kms.katalon.core.webui.keyword.internal.WebUIKeywordMain.runKeyword(WebUIKeywordMain.groovy:27)
	at com.kms.katalon.core.webui.keyword.builtin.ClickKeyword.click(ClickKeyword.groovy:86)
	at com.kms.katalon.core.webui.keyword.builtin.ClickKeyword.execute(ClickKeyword.groovy:67)
	at com.kms.katalon.core.keyword.internal.KeywordExecutor.executeKeywordForPlatform(KeywordExecutor.groovy:53)
	at com.kms.katalon.core.webui.keyword.WebUiBuiltInKeywords.click(WebUiBuiltInKeywords.groovy:616)
	at com.kms.katalon.core.webui.keyword.WebUiBuiltInKeywords$click$4.call(Unknown Source)
	at HP- Burger menu- Learn.run(HP- Burger menu- Learn:283)
	at com.kms.katalon.core.main.ScriptEngine.run(ScriptEngine.java:194)
	at com.kms.katalon.core.main.ScriptEngine.runScriptAsRawText(ScriptEngine.java:119)
	at com.kms.katalon.core.main.TestCaseExecutor.runScript(TestCaseExecutor.java:328)
	at com.kms.katalon.core.main.TestCaseExecutor.doExecute(TestCaseExecutor.java:319)
	at com.kms.katalon.core.main.TestCaseExecutor.processExecutionPhase(TestCaseExecutor.java:298)
	at com.kms.katalon.core.main.TestCaseExecutor.accessMainPhase(TestCaseExecutor.java:290)
	at com.kms.katalon.core.main.TestCaseExecutor.execute(TestCaseExecutor.java:224)
	at com.kms.katalon.core.main.TestSuiteExecutor.accessTestCaseMainPhase(TestSuiteExecutor.java:129)
	at com.kms.katalon.core.main.TestSuiteExecutor.accessTestSuiteMainPhase(TestSuiteExecutor.java:112)
	at com.kms.katalon.core.main.TestSuiteExecutor.execute(TestSuiteExecutor.java:81)
	at com.kms.katalon.core.main.TestCaseMain.startTestSuite(TestCaseMain.java:149)
	at com.kms.katalon.core.main.TestCaseMain$startTestSuite$0.call(Unknown Source)
	at TempTestSuite1560973018737.run(TempTestSuite1560973018737.groovy:36)
"/>
         <system-out><![CDATA[2019-06-19 16:12:43 - [TEST_CASE][FAILED] - Test Cases/OCS - MOBILE/OCS- HOME PAGE/HP- Burger menu- Learn: Test Cases/OCS - MOBILE/OCS- HOME PAGE/HP- Burger menu- Learn FAILED.
Reason:
com.kms.katalon.core.exception.StepFailedException: Unable to click on object 'Object Repository/OCS-MOBILE /LEARN page/Reading a product label - chevron' (Root cause: org.openqa.selenium.WebDriverException: element click intercepted: Element <img class="menu__featured-item__image" src="//cdn.shopify.com/s/files/1/2636/1928/files/wks10-12-MEGANAV-recycling_400x.jpg?v=1559916439" data-src="//cdn.shopify.com/s/files/1/2636/1928/files/wks10-12-MEGANAV-recycling_400x.jpg?v=1559916439" alt="How to Recycle Cannabis Packaging"> is not clickable at point (117, 609). Other element would receive the click: <iframe title="Preview Bar" id="preview-bar-iframe" src="https://ocs.ca/preview_bar" sandbox="allow-same-origin allow-scripts" style="position: fixed; bottom: 0px; left: 0px; z-index: 2147483647; width: 100%; border: none; box-shadow: rgba(0, 0, 0, 0.2) 0px -1px 3px; overflow: hidden; transform: translateY(0px); transition: transform 300ms ease 0s; height: 92px;"></iframe>
  (Session info: chrome=76.0.3809.25)
  (Driver info: chromedriver=76.0.3809.25 (a0c95f440512e06df1c9c206f2d79cc20be18bb1-refs/branch-heads/3809@{#271}),platform=Mac OS X 10.13.6 x86_64) (WARNING: The server did not provide any stacktrace information)
Command duration or timeout: 43 milliseconds
Build info: version: '2.53.0', revision: '35ae25b', time: '2016-03-15 17:00:58'
System info: host: 'mac-207-254-12-143.browserstack.com', ip: '207.254.12.143', os.name: 'Mac OS X', os.arch: 'x86_64', os.version: '10.13.6', java.version: '1.8.0_51'
Driver info: org.openqa.selenium.chrome.ChromeDriver
Capabilities [{mobileEmulationEnabled=false, timeouts={implicit=0, pageLoad=300000, script=30000}, hasTouchScreen=false, platform=MAC, acceptSslCerts=false, goog:chromeOptions={debuggerAddress=localhost:59851}, acceptInsecureCerts=false, webStorageEnabled=true, browserName=chrome, takesScreenshot=true, javascriptEnabled=true, setWindowRect=true, unexpectedAlertBehaviour=ignore, applicationCacheEnabled=false, rotatable=false, networkConnectionEnabled=false, chrome={chromedriverVersion=76.0.3809.25 (a0c95f440512e06df1c9c206f2d79cc20be18bb1-refs/branch-heads/3809@{#271}), userDataDir=/var/folders/3y/zz_w6_s56sl__vcrf3r5bhzr0000hr/T/.com.google.Chrome.92vf0R}, takesHeapSnapshot=true, pageLoadStrategy=normal, strictFileInteractability=false, databaseEnabled=false, handlesAlerts=true, version=76.0.3809.25, browserConnectionEnabled=false, proxy={}, nativeEvents=true, locationContextEnabled=true, cssSelectorsEnabled=true}]
Session ID: 236980ce22bf0cec740ad7b51af90e51
Command duration or timeout: 0 milliseconds)
	at com.kms.katalon.core.keyword.internal.KeywordMain.stepFailed(KeywordMain.groovy:36)
	at com.kms.katalon.core.webui.keyword.internal.WebUIKeywordMain.stepFailed(WebUIKeywordMain.groovy:65)
	at com.kms.katalon.core.webui.keyword.internal.WebUIKeywordMain.runKeyword(WebUIKeywordMain.groovy:27)
	at com.kms.katalon.core.webui.keyword.builtin.ClickKeyword.click(ClickKeyword.groovy:86)
	at com.kms.katalon.core.webui.keyword.builtin.ClickKeyword.execute(ClickKeyword.groovy:67)
	at com.kms.katalon.core.keyword.internal.KeywordExecutor.executeKeywordForPlatform(KeywordExecutor.groovy:53)
	at com.kms.katalon.core.webui.keyword.WebUiBuiltInKeywords.click(WebUiBuiltInKeywords.groovy:616)
	at com.kms.katalon.core.webui.keyword.WebUiBuiltInKeywords$click$4.call(Unknown Source)
	at HP- Burger menu- Learn.run(HP- Burger menu- Learn:283)
	at com.kms.katalon.core.main.ScriptEngine.run(ScriptEngine.java:194)
	at com.kms.katalon.core.main.ScriptEngine.runScriptAsRawText(ScriptEngine.java:119)
	at com.kms.katalon.core.main.TestCaseExecutor.runScript(TestCaseExecutor.java:328)
	at com.kms.katalon.core.main.TestCaseExecutor.doExecute(TestCaseExecutor.java:319)
	at com.kms.katalon.core.main.TestCaseExecutor.processExecutionPhase(TestCaseExecutor.java:298)
	at com.kms.katalon.core.main.TestCaseExecutor.accessMainPhase(TestCaseExecutor.java:290)
	at com.kms.katalon.core.main.TestCaseExecutor.execute(TestCaseExecutor.java:224)
	at com.kms.katalon.core.main.TestSuiteExecutor.accessTestCaseMainPhase(TestSuiteExecutor.java:129)
	at com.kms.katalon.core.main.TestSuiteExecutor.accessTestSuiteMainPhase(TestSuiteExecutor.java:112)
	at com.kms.katalon.core.main.TestSuiteExecutor.execute(TestSuiteExecutor.java:81)
	at com.kms.katalon.core.main.TestCaseMain.startTestSuite(TestCaseMain.java:149)
	at com.kms.katalon.core.main.TestCaseMain$startTestSuite$0.call(Unknown Source)
	at TempTestSuite1560973018737.run(TempTestSuite1560973018737.groovy:36)


2019-06-19 16:12:43 - [TEST_STEP][PASSED] - callTestCase(findTestCase("OCS - MOBILE/CALL - AGE GATE"), [:], STOP_ON_FAILURE): Call Test Case 'Test Cases/OCS - MOBILE/CALL - AGE GATE' successfully

2019-06-19 16:12:43 - [TEST_CASE][PASSED] - Test Cases/OCS - MOBILE/CALL - AGE GATE: Test Cases/OCS - MOBILE/CALL - AGE GATE

2019-06-19 16:12:43 - [TEST_STEP][PASSED] - openBrowser(""): Browser is opened with url: ''

2019-06-19 16:12:43 - [MESSAGE][WARNING] - A browser is already opened. Closing browser and opening a new one

2019-06-19 16:12:44 - [MESSAGE][INFO] - Starting 'Remote' driver

2019-06-19 16:12:44 - [MESSAGE][INFO] - User set preference: ['os', 'OS X']

2019-06-19 16:12:44 - [MESSAGE][INFO] - User set preference: ['os_version', 'High Sierra']

2019-06-19 16:12:44 - [MESSAGE][INFO] - User set preference: ['browser', 'Chrome']

2019-06-19 16:12:44 - [MESSAGE][INFO] - User set preference: ['browser_version', '76.0 beta']

2019-06-19 16:12:44 - [MESSAGE][INFO] - User set preference: ['browserstack.local', 'false']

2019-06-19 16:12:44 - [MESSAGE][INFO] - Connecting to remote web server 'https://dianatest3:Z3oqw9ysqTeRQJq5wFCp@hub-cloud.browserstack.com/wd/hub' with type 'Selenium'

2019-06-19 16:12:47 - [MESSAGE][PASSED] - Browser is opened with url: ''

2019-06-19 16:12:47 - [TEST_STEP][PASSED] - navigateToUrl("https://ocs.ca/?fts=0&preview_theme_id=72920106828"): Navigate to 'https://ocs.ca/?fts=0&preview_theme_id=72920106828' successfully

2019-06-19 16:12:53 - [MESSAGE][PASSED] - Navigate to 'https://ocs.ca/?fts=0&preview_theme_id=72920106828' successfully

2019-06-19 16:12:53 - [TEST_STEP][PASSED] - executeJavaScript("var previewBar = document.getElementById("preview-bar-iframe"); previewBar.style.display = "none";", []): Execute JavaScript 'var previewBar = document.getElementById("preview-bar-iframe"); previewBar.style.display = "none";' successfully

2019-06-19 16:12:53 - [MESSAGE][PASSED] - Execute JavaScript 'var previewBar = document.getElementById("preview-bar-iframe"); previewBar.style.display = "none";' successfully

2019-06-19 16:12:53 - [TEST_STEP][PASSED] - setViewPortSize(360, 800): Viewport is set to new size with width = 360 and height = 800

2019-06-19 16:12:53 - [MESSAGE][PASSED] - Viewport is set to new size with width = 360 and height = 800

2019-06-19 16:12:53 - [TEST_STEP][PASSED] - delay(4): Delayed 4 second(s)

2019-06-19 16:12:57 - [MESSAGE][PASSED] - Delayed 4 second(s)

2019-06-19 16:12:57 - [TEST_STEP][PASSED] - selectOptionByValue(findTestObject("OCS-MOBILE /Age gate and burger menu/Date"), "12", true): All options with value '12' are selected in object 'Object Repository/OCS-MOBILE /Age gate and burger menu/Date'  using regular expression

2019-06-19 16:13:01 - [MESSAGE][PASSED] - All options with value '12' are selected in object 'Object Repository/OCS-MOBILE /Age gate and burger menu/Date'  using regular expression

2019-06-19 16:13:01 - [TEST_STEP][PASSED] - selectOptionByValue(findTestObject("OCS-MOBILE /Age gate and burger menu/month"), "6", true): All options with value '6' are selected in object 'Object Repository/OCS-MOBILE /Age gate and burger menu/month'  using regular expression

2019-06-19 16:13:04 - [MESSAGE][PASSED] - All options with value '6' are selected in object 'Object Repository/OCS-MOBILE /Age gate and burger menu/month'  using regular expression

2019-06-19 16:13:04 - [TEST_STEP][PASSED] - delay(2): Delayed 2 second(s)

2019-06-19 16:13:06 - [MESSAGE][PASSED] - Delayed 2 second(s)

2019-06-19 16:13:06 - [TEST_STEP][PASSED] - selectOptionByValue(findTestObject("OCS-MOBILE /Age gate and burger menu/Year Dropdown"), "1990", true): All options with value '1990' are selected in object 'Object Repository/OCS-MOBILE /Age gate and burger menu/Year Dropdown'  using regular expression

2019-06-19 16:13:21 - [MESSAGE][PASSED] - All options with value '1990' are selected in object 'Object Repository/OCS-MOBILE /Age gate and burger menu/Year Dropdown'  using regular expression

2019-06-19 16:13:21 - [TEST_STEP][PASSED] - click(findTestObject("OCS-MOBILE /Age gate and Mega menu/button_Verify")): Object: 'Object Repository/OCS-MOBILE /Age gate and Mega menu/button_Verify' is clicked on

2019-06-19 16:13:21 - [MESSAGE][PASSED] - Object: 'Object Repository/OCS-MOBILE /Age gate and Mega menu/button_Verify' is clicked on

2019-06-19 16:13:21 - [TEST_STEP][PASSED] - click(findTestObject("OCS-MOBILE /Age gate and Mega menu/Checkbox_CONFIRM AND ACKNOWLEDGE")): Object: 'Object Repository/OCS-MOBILE /Age gate and Mega menu/Checkbox_CONFIRM AND ACKNOWLEDGE' is clicked on

2019-06-19 16:13:21 - [MESSAGE][PASSED] - Object: 'Object Repository/OCS-MOBILE /Age gate and Mega menu/Checkbox_CONFIRM AND ACKNOWLEDGE' is clicked on

2019-06-19 16:13:21 - [TEST_STEP][PASSED] - click(findTestObject("OCS-MOBILE /Age gate and Mega menu/button_CONFIRM")): Object: 'Object Repository/OCS-MOBILE /Age gate and Mega menu/button_CONFIRM' is clicked on

2019-06-19 16:13:22 - [MESSAGE][PASSED] - Object: 'Object Repository/OCS-MOBILE /Age gate and Mega menu/button_CONFIRM' is clicked on

2019-06-19 16:13:22 - [TEST_STEP][PASSED] - click(findTestObject("OCS-MOBILE /Age gate and Mega menu/button_Start Browsing")): Object: 'Object Repository/OCS-MOBILE /Age gate and Mega menu/button_Start Browsing' is clicked on

2019-06-19 16:13:22 - [MESSAGE][PASSED] - Object: 'Object Repository/OCS-MOBILE /Age gate and Mega menu/button_Start Browsing' is clicked on

2019-06-19 16:13:22 - [TEST_STEP][PASSED] - refresh(): Refresh successfully

2019-06-19 16:13:22 - [MESSAGE][PASSED] - Refresh successfully

2019-06-19 16:13:22 - [TEST_STEP][PASSED] - executeJavaScript("var previewBar = document.getElementById("preview-bar-iframe"); previewBar.style.display = "none";", []): Execute JavaScript 'var previewBar = document.getElementById("preview-bar-iframe"); previewBar.style.display = "none";' successfully

2019-06-19 16:13:25 - [MESSAGE][PASSED] - Execute JavaScript 'var previewBar = document.getElementById("preview-bar-iframe"); previewBar.style.display = "none";' successfully

2019-06-19 16:13:26 - [MESSAGE][PASSED] - Call Test Case 'Test Cases/OCS - MOBILE/CALL - AGE GATE' successfully

2019-06-19 16:13:26 - [TEST_STEP][PASSED] - delay(2): Delayed 2 second(s)

2019-06-19 16:13:28 - [MESSAGE][PASSED] - Delayed 2 second(s)

2019-06-19 16:13:28 - [TEST_STEP][PASSED] - click(findTestObject("OCS-MOBILE /Age gate and burger menu/Burger menu - English"), CONTINUE_ON_FAILURE): Object: 'Object Repository/OCS-MOBILE /Age gate and burger menu/Burger menu - English' is clicked on

2019-06-19 16:13:28 - [MESSAGE][PASSED] - Object: 'Object Repository/OCS-MOBILE /Age gate and burger menu/Burger menu - English' is clicked on

2019-06-19 16:13:28 - [TEST_STEP][PASSED] - delay(2, CONTINUE_ON_FAILURE): Delayed 2 second(s)

2019-06-19 16:13:30 - [MESSAGE][PASSED] - Delayed 2 second(s)

2019-06-19 16:13:30 - [TEST_STEP][PASSED] - click(findTestObject("OCS-MOBILE /LEARN page/Learn chevron")): Object: 'Object Repository/OCS-MOBILE /LEARN page/Learn chevron' is clicked on

2019-06-19 16:13:30 - [MESSAGE][PASSED] - Object: 'Object Repository/OCS-MOBILE /LEARN page/Learn chevron' is clicked on

2019-06-19 16:13:30 - [TEST_STEP][PASSED] - delay(2): Delayed 2 second(s)

2019-06-19 16:13:32 - [MESSAGE][PASSED] - Delayed 2 second(s)

2019-06-19 16:13:32 - [TEST_STEP][PASSED] - click(findTestObject("OCS-MOBILE /LEARN page/How Cannabis Works plus accordian")): Object: 'Object Repository/OCS-MOBILE /LEARN page/How Cannabis Works plus accordian' is clicked on

2019-06-19 16:13:32 - [MESSAGE][PASSED] - Object: 'Object Repository/OCS-MOBILE /LEARN page/How Cannabis Works plus accordian' is clicked on

2019-06-19 16:13:32 - [TEST_STEP][PASSED] - delay(2): Delayed 2 second(s)

2019-06-19 16:13:34 - [MESSAGE][PASSED] - Delayed 2 second(s)

2019-06-19 16:13:34 - [TEST_STEP][PASSED] - click(findTestObject("OCS-MOBILE /LEARN page/How Cannabis Works Subtract accordian")): Object: 'Object Repository/OCS-MOBILE /LEARN page/How Cannabis Works Subtract accordian' is clicked on

2019-06-19 16:13:35 - [MESSAGE][PASSED] - Object: 'Object Repository/OCS-MOBILE /LEARN page/How Cannabis Works Subtract accordian' is clicked on

2019-06-19 16:13:35 - [TEST_STEP][PASSED] - delay(2): Delayed 2 second(s)

2019-06-19 16:13:37 - [MESSAGE][PASSED] - Delayed 2 second(s)

2019-06-19 16:13:37 - [TEST_STEP][PASSED] - click(findTestObject("OCS-MOBILE /LEARN page/How Cannabis Works plus accordian")): Object: 'Object Repository/OCS-MOBILE /LEARN page/How Cannabis Works plus accordian' is clicked on

2019-06-19 16:13:37 - [MESSAGE][PASSED] - Object: 'Object Repository/OCS-MOBILE /LEARN page/How Cannabis Works plus accordian' is clicked on

2019-06-19 16:13:37 - [TEST_STEP][PASSED] - delay(2): Delayed 2 second(s)

2019-06-19 16:13:39 - [MESSAGE][PASSED] - Delayed 2 second(s)

2019-06-19 16:13:39 - [TEST_STEP][PASSED] - click(findTestObject("OCS-MOBILE /LEARN page/The Effects of Cannabis")): Object: 'Object Repository/OCS-MOBILE /LEARN page/The Effects of Cannabis' is clicked on

2019-06-19 16:13:42 - [MESSAGE][PASSED] - Object: 'Object Repository/OCS-MOBILE /LEARN page/The Effects of Cannabis' is clicked on

2019-06-19 16:13:42 - [TEST_STEP][PASSED] - verifyTextPresent("The Effects of Cannabis", true): Text 'The Effects of Cannabis' is present on page  using regular expression

2019-06-19 16:13:43 - [MESSAGE][PASSED] - Text 'The Effects of Cannabis' is present on page  using regular expression

2019-06-19 16:13:43 - [TEST_STEP][PASSED] - delay(2): Delayed 2 second(s)

2019-06-19 16:13:45 - [MESSAGE][PASSED] - Delayed 2 second(s)

2019-06-19 16:13:45 - [TEST_STEP][PASSED] - click(findTestObject("OCS-MOBILE /Age gate and burger menu/Burger menu - English"), CONTINUE_ON_FAILURE): Object: 'Object Repository/OCS-MOBILE /Age gate and burger menu/Burger menu - English' is clicked on

2019-06-19 16:13:45 - [MESSAGE][PASSED] - Object: 'Object Repository/OCS-MOBILE /Age gate and burger menu/Burger menu - English' is clicked on

2019-06-19 16:13:45 - [TEST_STEP][PASSED] - delay(2, CONTINUE_ON_FAILURE): Delayed 2 second(s)

2019-06-19 16:13:47 - [MESSAGE][PASSED] - Delayed 2 second(s)

2019-06-19 16:13:47 - [TEST_STEP][PASSED] - click(findTestObject("OCS-MOBILE /LEARN page/Learn chevron")): Object: 'Object Repository/OCS-MOBILE /LEARN page/Learn chevron' is clicked on

2019-06-19 16:13:47 - [MESSAGE][PASSED] - Object: 'Object Repository/OCS-MOBILE /LEARN page/Learn chevron' is clicked on

2019-06-19 16:13:47 - [TEST_STEP][PASSED] - delay(2): Delayed 2 second(s)

2019-06-19 16:13:49 - [MESSAGE][PASSED] - Delayed 2 second(s)

2019-06-19 16:13:49 - [TEST_STEP][PASSED] - click(findTestObject("OCS-MOBILE /LEARN page/How Cannabis Works plus accordian")): Object: 'Object Repository/OCS-MOBILE /LEARN page/How Cannabis Works plus accordian' is clicked on

2019-06-19 16:13:50 - [MESSAGE][PASSED] - Object: 'Object Repository/OCS-MOBILE /LEARN page/How Cannabis Works plus accordian' is clicked on

2019-06-19 16:13:50 - [TEST_STEP][PASSED] - delay(1): Delayed 1 second(s)

2019-06-19 16:13:51 - [MESSAGE][PASSED] - Delayed 1 second(s)

2019-06-19 16:13:51 - [TEST_STEP][PASSED] - click(findTestObject("OCS-MOBILE /LEARN page/Endocannabinoids chevron")): Object: 'Object Repository/OCS-MOBILE /LEARN page/Endocannabinoids chevron' is clicked on

2019-06-19 16:13:54 - [MESSAGE][PASSED] - Object: 'Object Repository/OCS-MOBILE /LEARN page/Endocannabinoids chevron' is clicked on

2019-06-19 16:13:54 - [TEST_STEP][PASSED] - verifyTextPresent("The Endocannabinoid System", true): Text 'The Endocannabinoid System' is present on page  using regular expression

2019-06-19 16:13:55 - [MESSAGE][PASSED] - Text 'The Endocannabinoid System' is present on page  using regular expression

2019-06-19 16:13:55 - [TEST_STEP][PASSED] - delay(2): Delayed 2 second(s)

2019-06-19 16:13:57 - [MESSAGE][PASSED] - Delayed 2 second(s)

2019-06-19 16:13:57 - [TEST_STEP][PASSED] - click(findTestObject("OCS-MOBILE /Age gate and burger menu/Burger menu - English"), CONTINUE_ON_FAILURE): Object: 'Object Repository/OCS-MOBILE /Age gate and burger menu/Burger menu - English' is clicked on

2019-06-19 16:13:57 - [MESSAGE][PASSED] - Object: 'Object Repository/OCS-MOBILE /Age gate and burger menu/Burger menu - English' is clicked on

2019-06-19 16:13:57 - [TEST_STEP][PASSED] - delay(2, CONTINUE_ON_FAILURE): Delayed 2 second(s)

2019-06-19 16:13:59 - [MESSAGE][PASSED] - Delayed 2 second(s)

2019-06-19 16:13:59 - [TEST_STEP][PASSED] - click(findTestObject("OCS-MOBILE /LEARN page/Learn chevron")): Object: 'Object Repository/OCS-MOBILE /LEARN page/Learn chevron' is clicked on

2019-06-19 16:13:59 - [MESSAGE][PASSED] - Object: 'Object Repository/OCS-MOBILE /LEARN page/Learn chevron' is clicked on

2019-06-19 16:13:59 - [TEST_STEP][PASSED] - delay(2): Delayed 2 second(s)

2019-06-19 16:14:01 - [MESSAGE][PASSED] - Delayed 2 second(s)

2019-06-19 16:14:01 - [TEST_STEP][PASSED] - click(findTestObject("OCS-MOBILE /LEARN page/How Cannabis Works plus accordian")): Object: 'Object Repository/OCS-MOBILE /LEARN page/How Cannabis Works plus accordian' is clicked on

2019-06-19 16:14:02 - [MESSAGE][PASSED] - Object: 'Object Repository/OCS-MOBILE /LEARN page/How Cannabis Works plus accordian' is clicked on

2019-06-19 16:14:02 - [TEST_STEP][PASSED] - delay(1): Delayed 1 second(s)

2019-06-19 16:14:03 - [MESSAGE][PASSED] - Delayed 1 second(s)

2019-06-19 16:14:03 - [TEST_STEP][PASSED] - click(findTestObject("OCS-MOBILE /LEARN page/Read More -1")): Object: 'Object Repository/OCS-MOBILE /LEARN page/Read More -1' is clicked on

2019-06-19 16:14:05 - [MESSAGE][PASSED] - Object: 'Object Repository/OCS-MOBILE /LEARN page/Read More -1' is clicked on

2019-06-19 16:14:05 - [TEST_STEP][PASSED] - delay(2): Delayed 2 second(s)

2019-06-19 16:14:07 - [MESSAGE][PASSED] - Delayed 2 second(s)

2019-06-19 16:14:07 - [TEST_STEP][PASSED] - verifyTextPresent("The human reaction to cannabis.", false): Text 'The human reaction to cannabis.' is present on page 

2019-06-19 16:14:08 - [MESSAGE][PASSED] - Text 'The human reaction to cannabis.' is present on page 

2019-06-19 16:14:08 - [TEST_STEP][PASSED] - delay(2): Delayed 2 second(s)

2019-06-19 16:14:10 - [MESSAGE][PASSED] - Delayed 2 second(s)

2019-06-19 16:14:10 - [TEST_STEP][PASSED] - click(findTestObject("OCS-MOBILE /Age gate and burger menu/Burger menu - English"), CONTINUE_ON_FAILURE): Object: 'Object Repository/OCS-MOBILE /Age gate and burger menu/Burger menu - English' is clicked on

2019-06-19 16:14:10 - [MESSAGE][PASSED] - Object: 'Object Repository/OCS-MOBILE /Age gate and burger menu/Burger menu - English' is clicked on

2019-06-19 16:14:10 - [TEST_STEP][PASSED] - delay(2, CONTINUE_ON_FAILURE): Delayed 2 second(s)

2019-06-19 16:14:12 - [MESSAGE][PASSED] - Delayed 2 second(s)

2019-06-19 16:14:12 - [TEST_STEP][PASSED] - click(findTestObject("OCS-MOBILE /LEARN page/Learn chevron")): Object: 'Object Repository/OCS-MOBILE /LEARN page/Learn chevron' is clicked on

2019-06-19 16:14:12 - [MESSAGE][PASSED] - Object: 'Object Repository/OCS-MOBILE /LEARN page/Learn chevron' is clicked on

2019-06-19 16:14:12 - [TEST_STEP][PASSED] - delay(2): Delayed 2 second(s)

2019-06-19 16:14:14 - [MESSAGE][PASSED] - Delayed 2 second(s)

2019-06-19 16:14:14 - [TEST_STEP][PASSED] - click(findTestObject("OCS-MOBILE /LEARN page/Cannabis Anatomy plus accordian")): Object: 'Object Repository/OCS-MOBILE /LEARN page/Cannabis Anatomy plus accordian' is clicked on

2019-06-19 16:14:15 - [MESSAGE][PASSED] - Object: 'Object Repository/OCS-MOBILE /LEARN page/Cannabis Anatomy plus accordian' is clicked on

2019-06-19 16:14:15 - [TEST_STEP][PASSED] - delay(2): Delayed 2 second(s)

2019-06-19 16:14:17 - [MESSAGE][PASSED] - Delayed 2 second(s)

2019-06-19 16:14:17 - [TEST_STEP][PASSED] - click(findTestObject("OCS-MOBILE /LEARN page/Cannabis Anatomy subtract accordian")): Object: 'Object Repository/OCS-MOBILE /LEARN page/Cannabis Anatomy subtract accordian' is clicked on

2019-06-19 16:14:17 - [MESSAGE][PASSED] - Object: 'Object Repository/OCS-MOBILE /LEARN page/Cannabis Anatomy subtract accordian' is clicked on

2019-06-19 16:14:17 - [TEST_STEP][PASSED] - delay(2): Delayed 2 second(s)

2019-06-19 16:14:19 - [MESSAGE][PASSED] - Delayed 2 second(s)

2019-06-19 16:14:19 - [TEST_STEP][PASSED] - click(findTestObject("OCS-MOBILE /LEARN page/Cannabis Anatomy plus accordian")): Object: 'Object Repository/OCS-MOBILE /LEARN page/Cannabis Anatomy plus accordian' is clicked on

2019-06-19 16:14:19 - [MESSAGE][PASSED] - Object: 'Object Repository/OCS-MOBILE /LEARN page/Cannabis Anatomy plus accordian' is clicked on

2019-06-19 16:14:19 - [TEST_STEP][PASSED] - delay(2): Delayed 2 second(s)

2019-06-19 16:14:21 - [MESSAGE][PASSED] - Delayed 2 second(s)

2019-06-19 16:14:21 - [TEST_STEP][PASSED] - click(findTestObject("OCS-MOBILE /LEARN page/CBD")): Object: 'Object Repository/OCS-MOBILE /LEARN page/CBD' is clicked on

2019-06-19 16:14:25 - [MESSAGE][PASSED] - Object: 'Object Repository/OCS-MOBILE /LEARN page/CBD' is clicked on

2019-06-19 16:14:25 - [TEST_STEP][PASSED] - delay(2): Delayed 2 second(s)

2019-06-19 16:14:27 - [MESSAGE][PASSED] - Delayed 2 second(s)

2019-06-19 16:14:27 - [TEST_STEP][PASSED] - verifyTextPresent("CANNABIS ANATOMY", false, CONTINUE_ON_FAILURE): Text 'CANNABIS ANATOMY' is present on page 

2019-06-19 16:14:27 - [MESSAGE][PASSED] - Text 'CANNABIS ANATOMY' is present on page 

2019-06-19 16:14:27 - [TEST_STEP][PASSED] - delay(2): Delayed 2 second(s)

2019-06-19 16:14:29 - [MESSAGE][PASSED] - Delayed 2 second(s)

2019-06-19 16:14:29 - [TEST_STEP][PASSED] - click(findTestObject("OCS-MOBILE /Age gate and burger menu/Burger menu - English"), CONTINUE_ON_FAILURE): Object: 'Object Repository/OCS-MOBILE /Age gate and burger menu/Burger menu - English' is clicked on

2019-06-19 16:14:30 - [MESSAGE][PASSED] - Object: 'Object Repository/OCS-MOBILE /Age gate and burger menu/Burger menu - English' is clicked on

2019-06-19 16:14:30 - [TEST_STEP][PASSED] - delay(2, CONTINUE_ON_FAILURE): Delayed 2 second(s)

2019-06-19 16:14:32 - [MESSAGE][PASSED] - Delayed 2 second(s)

2019-06-19 16:14:32 - [TEST_STEP][PASSED] - click(findTestObject("OCS-MOBILE /LEARN page/Learn chevron")): Object: 'Object Repository/OCS-MOBILE /LEARN page/Learn chevron' is clicked on

2019-06-19 16:14:32 - [MESSAGE][PASSED] - Object: 'Object Repository/OCS-MOBILE /LEARN page/Learn chevron' is clicked on

2019-06-19 16:14:32 - [TEST_STEP][PASSED] - delay(2): Delayed 2 second(s)

2019-06-19 16:14:34 - [MESSAGE][PASSED] - Delayed 2 second(s)

2019-06-19 16:14:34 - [TEST_STEP][PASSED] - click(findTestObject("OCS-MOBILE /LEARN page/Cannabis Anatomy plus accordian")): Object: 'Object Repository/OCS-MOBILE /LEARN page/Cannabis Anatomy plus accordian' is clicked on

2019-06-19 16:14:34 - [MESSAGE][PASSED] - Object: 'Object Repository/OCS-MOBILE /LEARN page/Cannabis Anatomy plus accordian' is clicked on

2019-06-19 16:14:34 - [TEST_STEP][PASSED] - delay(1): Delayed 1 second(s)

2019-06-19 16:14:35 - [MESSAGE][PASSED] - Delayed 1 second(s)

2019-06-19 16:14:35 - [TEST_STEP][PASSED] - click(findTestObject("OCS-MOBILE /LEARN page/Terpenes")): Object: 'Object Repository/OCS-MOBILE /LEARN page/Terpenes' is clicked on

2019-06-19 16:14:38 - [MESSAGE][PASSED] - Object: 'Object Repository/OCS-MOBILE /LEARN page/Terpenes' is clicked on

2019-06-19 16:14:38 - [TEST_STEP][NOT_RUN] - click(findTestObject("Learn_spy/Page_Ontario Cannabis Store  Ontari/h3_Learn")): NOT_RUN: click(findTestObject("Learn_spy/Page_Ontario Cannabis Store  Ontari/h3_Learn"))

2019-06-19 16:14:38 - [MESSAGE][NOT_RUN] - NOT_RUN: click(findTestObject("Learn_spy/Page_Ontario Cannabis Store  Ontari/h3_Learn"))

2019-06-19 16:14:38 - [TEST_STEP][NOT_RUN] - click(findTestObject("Object Repository/Learn_OR/Page_The Effects of Cannabis  Ontar/a_Read More")): NOT_RUN: click(findTestObject("Object Repository/Learn_OR/Page_The Effects of Cannabis  Ontar/a_Read More"))

2019-06-19 16:14:38 - [MESSAGE][NOT_RUN] - NOT_RUN: click(findTestObject("Object Repository/Learn_OR/Page_The Effects of Cannabis  Ontar/a_Read More"))

2019-06-19 16:14:38 - [TEST_STEP][PASSED] - verifyTextPresent("Terpenes give cannabis strains their unique aromas.", true): Text 'Terpenes give cannabis strains their unique aromas.' is present on page  using regular expression

2019-06-19 16:14:39 - [MESSAGE][PASSED] - Text 'Terpenes give cannabis strains their unique aromas.' is present on page  using regular expression

2019-06-19 16:14:39 - [TEST_STEP][NOT_RUN] - click(findTestObject("Learn_spy/Page_Ontario Cannabis Store  Ontari/h3_Learn")): NOT_RUN: click(findTestObject("Learn_spy/Page_Ontario Cannabis Store  Ontari/h3_Learn"))

2019-06-19 16:14:39 - [MESSAGE][NOT_RUN] - NOT_RUN: click(findTestObject("Learn_spy/Page_Ontario Cannabis Store  Ontari/h3_Learn"))

2019-06-19 16:14:39 - [TEST_STEP][NOT_RUN] - click(findTestObject("Object Repository/Learn_OR/Page_How Cannabis Works  Ontario Ca/span_Cannabis Anatomy")): NOT_RUN: click(findTestObject("Object Repository/Learn_OR/Page_How Cannabis Works  Ontario Ca/span_Cannabis Anatomy"))

2019-06-19 16:14:39 - [MESSAGE][NOT_RUN] - NOT_RUN: click(findTestObject("Object Repository/Learn_OR/Page_How Cannabis Works  Ontario Ca/span_Cannabis Anatomy"))

2019-06-19 16:14:39 - [TEST_STEP][NOT_RUN] - click(findTestObject("Learn_spy/Page_Ontario Cannabis Store  Ontari/h3_Learn")): NOT_RUN: click(findTestObject("Learn_spy/Page_Ontario Cannabis Store  Ontari/h3_Learn"))

2019-06-19 16:14:39 - [MESSAGE][NOT_RUN] - NOT_RUN: click(findTestObject("Learn_spy/Page_Ontario Cannabis Store  Ontari/h3_Learn"))

2019-06-19 16:14:39 - [TEST_STEP][NOT_RUN] - verifyTextPresent("Terpenes give cannabis strains their unique aromas.", true): NOT_RUN: verifyTextPresent("Terpenes give cannabis strains their unique aromas.", true)

2019-06-19 16:14:39 - [MESSAGE][NOT_RUN] - NOT_RUN: verifyTextPresent("Terpenes give cannabis strains their unique aromas.", true)

2019-06-19 16:14:39 - [TEST_STEP][PASSED] - delay(2): Delayed 2 second(s)

2019-06-19 16:14:41 - [MESSAGE][PASSED] - Delayed 2 second(s)

2019-06-19 16:14:41 - [TEST_STEP][PASSED] - click(findTestObject("OCS-MOBILE /Age gate and burger menu/Burger menu - English"), CONTINUE_ON_FAILURE): Object: 'Object Repository/OCS-MOBILE /Age gate and burger menu/Burger menu - English' is clicked on

2019-06-19 16:14:41 - [MESSAGE][PASSED] - Object: 'Object Repository/OCS-MOBILE /Age gate and burger menu/Burger menu - English' is clicked on

2019-06-19 16:14:41 - [TEST_STEP][PASSED] - delay(2, CONTINUE_ON_FAILURE): Delayed 2 second(s)

2019-06-19 16:14:43 - [MESSAGE][PASSED] - Delayed 2 second(s)

2019-06-19 16:14:43 - [TEST_STEP][PASSED] - click(findTestObject("OCS-MOBILE /LEARN page/Learn chevron")): Object: 'Object Repository/OCS-MOBILE /LEARN page/Learn chevron' is clicked on

2019-06-19 16:14:43 - [MESSAGE][PASSED] - Object: 'Object Repository/OCS-MOBILE /LEARN page/Learn chevron' is clicked on

2019-06-19 16:14:43 - [TEST_STEP][PASSED] - delay(2): Delayed 2 second(s)

2019-06-19 16:14:45 - [MESSAGE][PASSED] - Delayed 2 second(s)

2019-06-19 16:14:45 - [TEST_STEP][PASSED] - click(findTestObject("OCS-MOBILE /LEARN page/Cannabis Anatomy plus accordian")): Object: 'Object Repository/OCS-MOBILE /LEARN page/Cannabis Anatomy plus accordian' is clicked on

2019-06-19 16:14:45 - [MESSAGE][PASSED] - Object: 'Object Repository/OCS-MOBILE /LEARN page/Cannabis Anatomy plus accordian' is clicked on

2019-06-19 16:14:45 - [TEST_STEP][PASSED] - delay(1): Delayed 1 second(s)

2019-06-19 16:14:46 - [MESSAGE][PASSED] - Delayed 1 second(s)

2019-06-19 16:14:46 - [TEST_STEP][PASSED] - click(findTestObject("OCS-MOBILE /LEARN page/THC")): Object: 'Object Repository/OCS-MOBILE /LEARN page/THC' is clicked on

2019-06-19 16:14:50 - [MESSAGE][PASSED] - Object: 'Object Repository/OCS-MOBILE /LEARN page/THC' is clicked on

2019-06-19 16:14:50 - [TEST_STEP][PASSED] - verifyTextPresent("THC is the component in cannabis that is primarily responsible for its intoxicating, psychoactive effects.", true): Text 'THC is the component in cannabis that is primarily responsible for its intoxicating, psychoactive effects.' is present on page  using regular expression

2019-06-19 16:14:50 - [MESSAGE][PASSED] - Text 'THC is the component in cannabis that is primarily responsible for its intoxicating, psychoactive effects.' is present on page  using regular expression

2019-06-19 16:14:50 - [TEST_STEP][PASSED] - delay(2): Delayed 2 second(s)

2019-06-19 16:14:52 - [MESSAGE][PASSED] - Delayed 2 second(s)

2019-06-19 16:14:52 - [TEST_STEP][PASSED] - click(findTestObject("OCS-MOBILE /Age gate and burger menu/Burger menu - English"), CONTINUE_ON_FAILURE): Object: 'Object Repository/OCS-MOBILE /Age gate and burger menu/Burger menu - English' is clicked on

2019-06-19 16:14:53 - [MESSAGE][PASSED] - Object: 'Object Repository/OCS-MOBILE /Age gate and burger menu/Burger menu - English' is clicked on

2019-06-19 16:14:53 - [TEST_STEP][PASSED] - delay(2, CONTINUE_ON_FAILURE): Delayed 2 second(s)

2019-06-19 16:14:55 - [MESSAGE][PASSED] - Delayed 2 second(s)

2019-06-19 16:14:55 - [TEST_STEP][PASSED] - click(findTestObject("OCS-MOBILE /LEARN page/Learn chevron")): Object: 'Object Repository/OCS-MOBILE /LEARN page/Learn chevron' is clicked on

2019-06-19 16:14:55 - [MESSAGE][PASSED] - Object: 'Object Repository/OCS-MOBILE /LEARN page/Learn chevron' is clicked on

2019-06-19 16:14:55 - [TEST_STEP][PASSED] - delay(2): Delayed 2 second(s)

2019-06-19 16:14:57 - [MESSAGE][PASSED] - Delayed 2 second(s)

2019-06-19 16:14:57 - [TEST_STEP][PASSED] - click(findTestObject("OCS-MOBILE /LEARN page/Cannabis Anatomy plus accordian")): Object: 'Object Repository/OCS-MOBILE /LEARN page/Cannabis Anatomy plus accordian' is clicked on

2019-06-19 16:14:57 - [MESSAGE][PASSED] - Object: 'Object Repository/OCS-MOBILE /LEARN page/Cannabis Anatomy plus accordian' is clicked on

2019-06-19 16:14:57 - [TEST_STEP][PASSED] - delay(1): Delayed 1 second(s)

2019-06-19 16:14:58 - [MESSAGE][PASSED] - Delayed 1 second(s)

2019-06-19 16:14:58 - [TEST_STEP][PASSED] - click(findTestObject("OCS-MOBILE /LEARN page/Read More -2")): Object: 'Object Repository/OCS-MOBILE /LEARN page/Read More -2' is clicked on

2019-06-19 16:15:01 - [MESSAGE][PASSED] - Object: 'Object Repository/OCS-MOBILE /LEARN page/Read More -2' is clicked on

2019-06-19 16:15:01 - [TEST_STEP][PASSED] - verifyTextPresent("The components of a complex plant.", true): Text 'The components of a complex plant.' is present on page  using regular expression

2019-06-19 16:15:01 - [MESSAGE][PASSED] - Text 'The components of a complex plant.' is present on page  using regular expression

2019-06-19 16:15:01 - [TEST_STEP][PASSED] - delay(2): Delayed 2 second(s)

2019-06-19 16:15:03 - [MESSAGE][PASSED] - Delayed 2 second(s)

2019-06-19 16:15:03 - [TEST_STEP][PASSED] - click(findTestObject("OCS-MOBILE /Age gate and burger menu/Burger menu - English"), CONTINUE_ON_FAILURE): Object: 'Object Repository/OCS-MOBILE /Age gate and burger menu/Burger menu - English' is clicked on

2019-06-19 16:15:03 - [MESSAGE][PASSED] - Object: 'Object Repository/OCS-MOBILE /Age gate and burger menu/Burger menu - English' is clicked on

2019-06-19 16:15:03 - [TEST_STEP][PASSED] - delay(2, CONTINUE_ON_FAILURE): Delayed 2 second(s)

2019-06-19 16:15:05 - [MESSAGE][PASSED] - Delayed 2 second(s)

2019-06-19 16:15:05 - [TEST_STEP][PASSED] - click(findTestObject("OCS-MOBILE /LEARN page/Learn chevron")): Object: 'Object Repository/OCS-MOBILE /LEARN page/Learn chevron' is clicked on

2019-06-19 16:15:06 - [MESSAGE][PASSED] - Object: 'Object Repository/OCS-MOBILE /LEARN page/Learn chevron' is clicked on

2019-06-19 16:15:06 - [TEST_STEP][PASSED] - delay(2): Delayed 2 second(s)

2019-06-19 16:15:08 - [MESSAGE][PASSED] - Delayed 2 second(s)

2019-06-19 16:15:08 - [TEST_STEP][PASSED] - click(findTestObject("OCS-MOBILE /LEARN page/Cannabis Consumption")): Object: 'Object Repository/OCS-MOBILE /LEARN page/Cannabis Consumption' is clicked on

2019-06-19 16:15:08 - [MESSAGE][PASSED] - Object: 'Object Repository/OCS-MOBILE /LEARN page/Cannabis Consumption' is clicked on

2019-06-19 16:15:08 - [TEST_STEP][PASSED] - delay(1): Delayed 1 second(s)

2019-06-19 16:15:09 - [MESSAGE][PASSED] - Delayed 1 second(s)

2019-06-19 16:15:09 - [TEST_STEP][PASSED] - click(findTestObject("OCS-MOBILE /LEARN page/Cannabis Consumption subtract accordian")): Object: 'Object Repository/OCS-MOBILE /LEARN page/Cannabis Consumption subtract accordian' is clicked on

2019-06-19 16:15:09 - [MESSAGE][PASSED] - Object: 'Object Repository/OCS-MOBILE /LEARN page/Cannabis Consumption subtract accordian' is clicked on

2019-06-19 16:15:09 - [TEST_STEP][PASSED] - click(findTestObject("OCS-MOBILE /LEARN page/Cannabis Consumption")): Object: 'Object Repository/OCS-MOBILE /LEARN page/Cannabis Consumption' is clicked on

2019-06-19 16:15:10 - [MESSAGE][PASSED] - Object: 'Object Repository/OCS-MOBILE /LEARN page/Cannabis Consumption' is clicked on

2019-06-19 16:15:10 - [TEST_STEP][PASSED] - delay(1): Delayed 1 second(s)

2019-06-19 16:15:11 - [MESSAGE][PASSED] - Delayed 1 second(s)

2019-06-19 16:15:11 - [TEST_STEP][PASSED] - click(findTestObject("OCS-MOBILE /LEARN page/Cooking with cannabis")): Object: 'Object Repository/OCS-MOBILE /LEARN page/Cooking with cannabis' is clicked on

2019-06-19 16:15:14 - [MESSAGE][PASSED] - Object: 'Object Repository/OCS-MOBILE /LEARN page/Cooking with cannabis' is clicked on

2019-06-19 16:15:14 - [TEST_STEP][PASSED] - verifyTextPresent("Cannabis-infused foods are becoming more common, and careful preparation is required to avoid overconsumption.", true): Text 'Cannabis-infused foods are becoming more common, and careful preparation is required to avoid overconsumption.' is present on page  using regular expression

2019-06-19 16:15:14 - [MESSAGE][PASSED] - Text 'Cannabis-infused foods are becoming more common, and careful preparation is required to avoid overconsumption.' is present on page  using regular expression

2019-06-19 16:15:14 - [TEST_STEP][PASSED] - delay(2): Delayed 2 second(s)

2019-06-19 16:15:16 - [MESSAGE][PASSED] - Delayed 2 second(s)

2019-06-19 16:15:16 - [TEST_STEP][PASSED] - click(findTestObject("OCS-MOBILE /Age gate and burger menu/Burger menu - English"), CONTINUE_ON_FAILURE): Object: 'Object Repository/OCS-MOBILE /Age gate and burger menu/Burger menu - English' is clicked on

2019-06-19 16:15:17 - [MESSAGE][PASSED] - Object: 'Object Repository/OCS-MOBILE /Age gate and burger menu/Burger menu - English' is clicked on

2019-06-19 16:15:17 - [TEST_STEP][PASSED] - delay(2, CONTINUE_ON_FAILURE): Delayed 2 second(s)

2019-06-19 16:15:19 - [MESSAGE][PASSED] - Delayed 2 second(s)

2019-06-19 16:15:19 - [TEST_STEP][PASSED] - click(findTestObject("OCS-MOBILE /LEARN page/Learn chevron")): Object: 'Object Repository/OCS-MOBILE /LEARN page/Learn chevron' is clicked on

2019-06-19 16:15:19 - [MESSAGE][PASSED] - Object: 'Object Repository/OCS-MOBILE /LEARN page/Learn chevron' is clicked on

2019-06-19 16:15:19 - [TEST_STEP][PASSED] - delay(2): Delayed 2 second(s)

2019-06-19 16:15:21 - [MESSAGE][PASSED] - Delayed 2 second(s)

2019-06-19 16:15:21 - [TEST_STEP][PASSED] - click(findTestObject("OCS-MOBILE /LEARN page/Cannabis Consumption")): Object: 'Object Repository/OCS-MOBILE /LEARN page/Cannabis Consumption' is clicked on

2019-06-19 16:15:21 - [MESSAGE][PASSED] - Object: 'Object Repository/OCS-MOBILE /LEARN page/Cannabis Consumption' is clicked on

2019-06-19 16:15:21 - [TEST_STEP][PASSED] - delay(1): Delayed 1 second(s)

2019-06-19 16:15:22 - [MESSAGE][PASSED] - Delayed 1 second(s)

2019-06-19 16:15:22 - [TEST_STEP][PASSED] - click(findTestObject("OCS-MOBILE /LEARN page/storing cannabis - chevron")): Object: 'Object Repository/OCS-MOBILE /LEARN page/storing cannabis - chevron' is clicked on

2019-06-19 16:15:25 - [MESSAGE][PASSED] - Object: 'Object Repository/OCS-MOBILE /LEARN page/storing cannabis - chevron' is clicked on

2019-06-19 16:15:25 - [TEST_STEP][PASSED] - verifyTextPresent("How to keep your family safe and your cannabis from spoiling.", true): Text 'How to keep your family safe and your cannabis from spoiling.' is present on page  using regular expression

2019-06-19 16:15:25 - [MESSAGE][PASSED] - Text 'How to keep your family safe and your cannabis from spoiling.' is present on page  using regular expression

2019-06-19 16:15:25 - [TEST_STEP][PASSED] - delay(2): Delayed 2 second(s)

2019-06-19 16:15:27 - [MESSAGE][PASSED] - Delayed 2 second(s)

2019-06-19 16:15:27 - [TEST_STEP][PASSED] - click(findTestObject("OCS-MOBILE /Age gate and burger menu/Burger menu - English"), CONTINUE_ON_FAILURE): Object: 'Object Repository/OCS-MOBILE /Age gate and burger menu/Burger menu - English' is clicked on

2019-06-19 16:15:28 - [MESSAGE][PASSED] - Object: 'Object Repository/OCS-MOBILE /Age gate and burger menu/Burger menu - English' is clicked on

2019-06-19 16:15:28 - [TEST_STEP][PASSED] - delay(2, CONTINUE_ON_FAILURE): Delayed 2 second(s)

2019-06-19 16:15:30 - [MESSAGE][PASSED] - Delayed 2 second(s)

2019-06-19 16:15:30 - [TEST_STEP][PASSED] - click(findTestObject("OCS-MOBILE /LEARN page/Learn chevron")): Object: 'Object Repository/OCS-MOBILE /LEARN page/Learn chevron' is clicked on

2019-06-19 16:15:30 - [MESSAGE][PASSED] - Object: 'Object Repository/OCS-MOBILE /LEARN page/Learn chevron' is clicked on

2019-06-19 16:15:30 - [TEST_STEP][PASSED] - delay(2): Delayed 2 second(s)

2019-06-19 16:15:32 - [MESSAGE][PASSED] - Delayed 2 second(s)

2019-06-19 16:15:32 - [TEST_STEP][PASSED] - click(findTestObject("OCS-MOBILE /LEARN page/Cannabis Consumption")): Object: 'Object Repository/OCS-MOBILE /LEARN page/Cannabis Consumption' is clicked on

2019-06-19 16:15:32 - [MESSAGE][PASSED] - Object: 'Object Repository/OCS-MOBILE /LEARN page/Cannabis Consumption' is clicked on

2019-06-19 16:15:32 - [TEST_STEP][PASSED] - delay(1): Delayed 1 second(s)

2019-06-19 16:15:33 - [MESSAGE][PASSED] - Delayed 1 second(s)

2019-06-19 16:15:33 - [TEST_STEP][PASSED] - click(findTestObject("OCS-MOBILE /LEARN page/Growing cannabis - chevron")): Object: 'Object Repository/OCS-MOBILE /LEARN page/Growing cannabis - chevron' is clicked on

2019-06-19 16:15:36 - [MESSAGE][PASSED] - Object: 'Object Repository/OCS-MOBILE /LEARN page/Growing cannabis - chevron' is clicked on

2019-06-19 16:15:36 - [TEST_STEP][PASSED] - verifyTextPresent("It is legal in Ontario to own and grow up to 4 cannabis plants in your own residential dwelling. Get beginner growing tips here.", true): Text 'It is legal in Ontario to own and grow up to 4 cannabis plants in your own residential dwelling. Get beginner growing tips here.' is present on page  using regular expression

2019-06-19 16:15:37 - [MESSAGE][PASSED] - Text 'It is legal in Ontario to own and grow up to 4 cannabis plants in your own residential dwelling. Get beginner growing tips here.' is present on page  using regular expression

2019-06-19 16:15:37 - [TEST_STEP][PASSED] - delay(2): Delayed 2 second(s)

2019-06-19 16:15:39 - [MESSAGE][PASSED] - Delayed 2 second(s)

2019-06-19 16:15:39 - [TEST_STEP][PASSED] - click(findTestObject("OCS-MOBILE /Age gate and burger menu/Burger menu - English"), CONTINUE_ON_FAILURE): Object: 'Object Repository/OCS-MOBILE /Age gate and burger menu/Burger menu - English' is clicked on

2019-06-19 16:15:39 - [MESSAGE][PASSED] - Object: 'Object Repository/OCS-MOBILE /Age gate and burger menu/Burger menu - English' is clicked on

2019-06-19 16:15:39 - [TEST_STEP][PASSED] - delay(2, CONTINUE_ON_FAILURE): Delayed 2 second(s)

2019-06-19 16:15:41 - [MESSAGE][PASSED] - Delayed 2 second(s)

2019-06-19 16:15:41 - [TEST_STEP][PASSED] - click(findTestObject("OCS-MOBILE /LEARN page/Learn chevron")): Object: 'Object Repository/OCS-MOBILE /LEARN page/Learn chevron' is clicked on

2019-06-19 16:15:41 - [MESSAGE][PASSED] - Object: 'Object Repository/OCS-MOBILE /LEARN page/Learn chevron' is clicked on

2019-06-19 16:15:41 - [TEST_STEP][PASSED] - delay(2): Delayed 2 second(s)

2019-06-19 16:15:43 - [MESSAGE][PASSED] - Delayed 2 second(s)

2019-06-19 16:15:43 - [TEST_STEP][PASSED] - click(findTestObject("OCS-MOBILE /LEARN page/Cannabis Consumption")): Object: 'Object Repository/OCS-MOBILE /LEARN page/Cannabis Consumption' is clicked on

2019-06-19 16:15:44 - [MESSAGE][PASSED] - Object: 'Object Repository/OCS-MOBILE /LEARN page/Cannabis Consumption' is clicked on

2019-06-19 16:15:44 - [TEST_STEP][PASSED] - delay(1): Delayed 1 second(s)

2019-06-19 16:15:45 - [MESSAGE][PASSED] - Delayed 1 second(s)

2019-06-19 16:15:45 - [TEST_STEP][PASSED] - click(findTestObject("OCS-MOBILE /LEARN page/Read More -3")): Object: 'Object Repository/OCS-MOBILE /LEARN page/Read More -3' is clicked on

2019-06-19 16:15:48 - [MESSAGE][PASSED] - Object: 'Object Repository/OCS-MOBILE /LEARN page/Read More -3' is clicked on

2019-06-19 16:15:48 - [TEST_STEP][PASSED] - delay(2): Delayed 2 second(s)

2019-06-19 16:15:50 - [MESSAGE][PASSED] - Delayed 2 second(s)

2019-06-19 16:15:50 - [TEST_STEP][PASSED] - click(findTestObject("OCS-MOBILE /Age gate and burger menu/Burger menu - English"), CONTINUE_ON_FAILURE): Object: 'Object Repository/OCS-MOBILE /Age gate and burger menu/Burger menu - English' is clicked on

2019-06-19 16:15:50 - [MESSAGE][PASSED] - Object: 'Object Repository/OCS-MOBILE /Age gate and burger menu/Burger menu - English' is clicked on

2019-06-19 16:15:50 - [TEST_STEP][PASSED] - delay(2, CONTINUE_ON_FAILURE): Delayed 2 second(s)

2019-06-19 16:15:52 - [MESSAGE][PASSED] - Delayed 2 second(s)

2019-06-19 16:15:52 - [TEST_STEP][PASSED] - click(findTestObject("OCS-MOBILE /LEARN page/Learn chevron")): Object: 'Object Repository/OCS-MOBILE /LEARN page/Learn chevron' is clicked on

2019-06-19 16:15:52 - [MESSAGE][PASSED] - Object: 'Object Repository/OCS-MOBILE /LEARN page/Learn chevron' is clicked on

2019-06-19 16:15:52 - [TEST_STEP][PASSED] - delay(2): Delayed 2 second(s)

2019-06-19 16:15:54 - [MESSAGE][PASSED] - Delayed 2 second(s)

2019-06-19 16:15:54 - [TEST_STEP][NOT_RUN] - click(findTestObject("OCS-MOBILE /LEARN page/Cannabis Consumption plus accordian")): NOT_RUN: click(findTestObject("OCS-MOBILE /LEARN page/Cannabis Consumption plus accordian"))

2019-06-19 16:15:54 - [MESSAGE][NOT_RUN] - NOT_RUN: click(findTestObject("OCS-MOBILE /LEARN page/Cannabis Consumption plus accordian"))

2019-06-19 16:15:54 - [TEST_STEP][NOT_RUN] - click(findTestObject("Object Repository/Learn_OR/Page_Methods of Consumption  Ontari/li_LearnLearnHow Cannabis Work")): NOT_RUN: click(findTestObject("Object Repository/Learn_OR/Page_Methods of Consumption  Ontari/li_LearnLearnHow Cannabis Work"))

2019-06-19 16:15:54 - [MESSAGE][NOT_RUN] - NOT_RUN: click(findTestObject("Object Repository/Learn_OR/Page_Methods of Consumption  Ontari/li_LearnLearnHow Cannabis Work"))

2019-06-19 16:15:54 - [TEST_STEP][NOT_RUN] - verifyTextPresent("The Endocannabinoid System", true): NOT_RUN: verifyTextPresent("The Endocannabinoid System", true)

2019-06-19 16:15:54 - [MESSAGE][NOT_RUN] - NOT_RUN: verifyTextPresent("The Endocannabinoid System", true)

2019-06-19 16:15:54 - [TEST_STEP][PASSED] - click(findTestObject("OCS-MOBILE /LEARN page/How to Choose Cannabis Products")): Object: 'Object Repository/OCS-MOBILE /LEARN page/How to Choose Cannabis Products' is clicked on

2019-06-19 16:15:54 - [MESSAGE][PASSED] - Object: 'Object Repository/OCS-MOBILE /LEARN page/How to Choose Cannabis Products' is clicked on

2019-06-19 16:15:54 - [TEST_STEP][PASSED] - delay(1): Delayed 1 second(s)

2019-06-19 16:15:55 - [MESSAGE][PASSED] - Delayed 1 second(s)

2019-06-19 16:15:55 - [TEST_STEP][PASSED] - click(findTestObject("OCS-MOBILE /LEARN page/How to Choose Cannabis Products subtract accordian")): Object: 'Object Repository/OCS-MOBILE /LEARN page/How to Choose Cannabis Products subtract accordian' is clicked on

2019-06-19 16:15:56 - [MESSAGE][PASSED] - Object: 'Object Repository/OCS-MOBILE /LEARN page/How to Choose Cannabis Products subtract accordian' is clicked on

2019-06-19 16:15:56 - [TEST_STEP][PASSED] - delay(1): Delayed 1 second(s)

2019-06-19 16:15:57 - [MESSAGE][PASSED] - Delayed 1 second(s)

2019-06-19 16:15:57 - [TEST_STEP][PASSED] - click(findTestObject("OCS-MOBILE /LEARN page/How to Choose Cannabis Products")): Object: 'Object Repository/OCS-MOBILE /LEARN page/How to Choose Cannabis Products' is clicked on

2019-06-19 16:15:57 - [MESSAGE][PASSED] - Object: 'Object Repository/OCS-MOBILE /LEARN page/How to Choose Cannabis Products' is clicked on

2019-06-19 16:15:57 - [TEST_STEP][PASSED] - delay(1): Delayed 1 second(s)

2019-06-19 16:15:58 - [MESSAGE][PASSED] - Delayed 1 second(s)

2019-06-19 16:15:58 - [TEST_STEP][FAILED] - click(findTestObject("OCS-MOBILE /LEARN page/Reading a product label - chevron")): click(findTestObject("OCS-MOBILE /LEARN page/Reading a product label - chevron")) FAILED.
Reason:
com.kms.katalon.core.exception.StepFailedException: Unable to click on object 'Object Repository/OCS-MOBILE /LEARN page/Reading a product label - chevron' (Root cause: org.openqa.selenium.WebDriverException: element click intercepted: Element <img class="menu__featured-item__image" src="//cdn.shopify.com/s/files/1/2636/1928/files/wks10-12-MEGANAV-recycling_400x.jpg?v=1559916439" data-src="//cdn.shopify.com/s/files/1/2636/1928/files/wks10-12-MEGANAV-recycling_400x.jpg?v=1559916439" alt="How to Recycle Cannabis Packaging"> is not clickable at point (117, 609). Other element would receive the click: <iframe title="Preview Bar" id="preview-bar-iframe" src="https://ocs.ca/preview_bar" sandbox="allow-same-origin allow-scripts" style="position: fixed; bottom: 0px; left: 0px; z-index: 2147483647; width: 100%; border: none; box-shadow: rgba(0, 0, 0, 0.2) 0px -1px 3px; overflow: hidden; transform: translateY(0px); transition: transform 300ms ease 0s; height: 92px;"></iframe>
  (Session info: chrome=76.0.3809.25)
  (Driver info: chromedriver=76.0.3809.25 (a0c95f440512e06df1c9c206f2d79cc20be18bb1-refs/branch-heads/3809@{#271}),platform=Mac OS X 10.13.6 x86_64) (WARNING: The server did not provide any stacktrace information)
Command duration or timeout: 43 milliseconds
Build info: version: '2.53.0', revision: '35ae25b', time: '2016-03-15 17:00:58'
System info: host: 'mac-207-254-12-143.browserstack.com', ip: '207.254.12.143', os.name: 'Mac OS X', os.arch: 'x86_64', os.version: '10.13.6', java.version: '1.8.0_51'
Driver info: org.openqa.selenium.chrome.ChromeDriver
Capabilities [{mobileEmulationEnabled=false, timeouts={implicit=0, pageLoad=300000, script=30000}, hasTouchScreen=false, platform=MAC, acceptSslCerts=false, goog:chromeOptions={debuggerAddress=localhost:59851}, acceptInsecureCerts=false, webStorageEnabled=true, browserName=chrome, takesScreenshot=true, javascriptEnabled=true, setWindowRect=true, unexpectedAlertBehaviour=ignore, applicationCacheEnabled=false, rotatable=false, networkConnectionEnabled=false, chrome={chromedriverVersion=76.0.3809.25 (a0c95f440512e06df1c9c206f2d79cc20be18bb1-refs/branch-heads/3809@{#271}), userDataDir=/var/folders/3y/zz_w6_s56sl__vcrf3r5bhzr0000hr/T/.com.google.Chrome.92vf0R}, takesHeapSnapshot=true, pageLoadStrategy=normal, strictFileInteractability=false, databaseEnabled=false, handlesAlerts=true, version=76.0.3809.25, browserConnectionEnabled=false, proxy={}, nativeEvents=true, locationContextEnabled=true, cssSelectorsEnabled=true}]
Session ID: 236980ce22bf0cec740ad7b51af90e51
Command duration or timeout: 0 milliseconds)
	at com.kms.katalon.core.keyword.internal.KeywordMain.stepFailed(KeywordMain.groovy:36)
	at com.kms.katalon.core.webui.keyword.internal.WebUIKeywordMain.stepFailed(WebUIKeywordMain.groovy:65)
	at com.kms.katalon.core.webui.keyword.internal.WebUIKeywordMain.runKeyword(WebUIKeywordMain.groovy:27)
	at com.kms.katalon.core.webui.keyword.builtin.ClickKeyword.click(ClickKeyword.groovy:86)
	at com.kms.katalon.core.webui.keyword.builtin.ClickKeyword.execute(ClickKeyword.groovy:67)
	at com.kms.katalon.core.keyword.internal.KeywordExecutor.executeKeywordForPlatform(KeywordExecutor.groovy:53)
	at com.kms.katalon.core.webui.keyword.WebUiBuiltInKeywords.click(WebUiBuiltInKeywords.groovy:616)
	at com.kms.katalon.core.webui.keyword.WebUiBuiltInKeywords$click$4.call(Unknown Source)
	at HP- Burger menu- Learn.run(HP- Burger menu- Learn:283)
	at com.kms.katalon.core.main.ScriptEngine.run(ScriptEngine.java:194)
	at com.kms.katalon.core.main.ScriptEngine.runScriptAsRawText(ScriptEngine.java:119)
	at com.kms.katalon.core.main.TestCaseExecutor.runScript(TestCaseExecutor.java:328)
	at com.kms.katalon.core.main.TestCaseExecutor.doExecute(TestCaseExecutor.java:319)
	at com.kms.katalon.core.main.TestCaseExecutor.processExecutionPhase(TestCaseExecutor.java:298)
	at com.kms.katalon.core.main.TestCaseExecutor.accessMainPhase(TestCaseExecutor.java:290)
	at com.kms.katalon.core.main.TestCaseExecutor.execute(TestCaseExecutor.java:224)
	at com.kms.katalon.core.main.TestSuiteExecutor.accessTestCaseMainPhase(TestSuiteExecutor.java:129)
	at com.kms.katalon.core.main.TestSuiteExecutor.accessTestSuiteMainPhase(TestSuiteExecutor.java:112)
	at com.kms.katalon.core.main.TestSuiteExecutor.execute(TestSuiteExecutor.java:81)
	at com.kms.katalon.core.main.TestCaseMain.startTestSuite(TestCaseMain.java:149)
	at com.kms.katalon.core.main.TestCaseMain$startTestSuite$0.call(Unknown Source)
	at TempTestSuite1560973018737.run(TempTestSuite1560973018737.groovy:36)


2019-06-19 16:15:59 - [MESSAGE][FAILED] - Unable to click on object 'Object Repository/OCS-MOBILE /LEARN page/Reading a product label - chevron' (Root cause: org.openqa.selenium.WebDriverException: element click intercepted: Element <img class="menu__featured-item__image" src="//cdn.shopify.com/s/files/1/2636/1928/files/wks10-12-MEGANAV-recycling_400x.jpg?v=1559916439" data-src="//cdn.shopify.com/s/files/1/2636/1928/files/wks10-12-MEGANAV-recycling_400x.jpg?v=1559916439" alt="How to Recycle Cannabis Packaging"> is not clickable at point (117, 609). Other element would receive the click: <iframe title="Preview Bar" id="preview-bar-iframe" src="https://ocs.ca/preview_bar" sandbox="allow-same-origin allow-scripts" style="position: fixed; bottom: 0px; left: 0px; z-index: 2147483647; width: 100%; border: none; box-shadow: rgba(0, 0, 0, 0.2) 0px -1px 3px; overflow: hidden; transform: translateY(0px); transition: transform 300ms ease 0s; height: 92px;"></iframe>
  (Session info: chrome=76.0.3809.25)
  (Driver info: chromedriver=76.0.3809.25 (a0c95f440512e06df1c9c206f2d79cc20be18bb1-refs/branch-heads/3809@{#271}),platform=Mac OS X 10.13.6 x86_64) (WARNING: The server did not provide any stacktrace information)
Command duration or timeout: 43 milliseconds
Build info: version: '2.53.0', revision: '35ae25b', time: '2016-03-15 17:00:58'
System info: host: 'mac-207-254-12-143.browserstack.com', ip: '207.254.12.143', os.name: 'Mac OS X', os.arch: 'x86_64', os.version: '10.13.6', java.version: '1.8.0_51'
Driver info: org.openqa.selenium.chrome.ChromeDriver
Capabilities [{mobileEmulationEnabled=false, timeouts={implicit=0, pageLoad=300000, script=30000}, hasTouchScreen=false, platform=MAC, acceptSslCerts=false, goog:chromeOptions={debuggerAddress=localhost:59851}, acceptInsecureCerts=false, webStorageEnabled=true, browserName=chrome, takesScreenshot=true, javascriptEnabled=true, setWindowRect=true, unexpectedAlertBehaviour=ignore, applicationCacheEnabled=false, rotatable=false, networkConnectionEnabled=false, chrome={chromedriverVersion=76.0.3809.25 (a0c95f440512e06df1c9c206f2d79cc20be18bb1-refs/branch-heads/3809@{#271}), userDataDir=/var/folders/3y/zz_w6_s56sl__vcrf3r5bhzr0000hr/T/.com.google.Chrome.92vf0R}, takesHeapSnapshot=true, pageLoadStrategy=normal, strictFileInteractability=false, databaseEnabled=false, handlesAlerts=true, version=76.0.3809.25, browserConnectionEnabled=false, proxy={}, nativeEvents=true, locationContextEnabled=true, cssSelectorsEnabled=true}]
Session ID: 236980ce22bf0cec740ad7b51af90e51
Command duration or timeout: 0 milliseconds)
[[ATTACHMENT|/Users/sumankompelly/Relative xpath-Mobile/Reports/recordings - ( 1.10.2 )/20190619_153658/1560975358474.png]]

2019-06-19 16:15:59 - [MESSAGE][FAILED] - click(findTestObject("OCS-MOBILE /LEARN page/Reading a product label - chevron")) FAILED.
Reason:
com.kms.katalon.core.exception.StepFailedException: Unable to click on object 'Object Repository/OCS-MOBILE /LEARN page/Reading a product label - chevron' (Root cause: org.openqa.selenium.WebDriverException: element click intercepted: Element <img class="menu__featured-item__image" src="//cdn.shopify.com/s/files/1/2636/1928/files/wks10-12-MEGANAV-recycling_400x.jpg?v=1559916439" data-src="//cdn.shopify.com/s/files/1/2636/1928/files/wks10-12-MEGANAV-recycling_400x.jpg?v=1559916439" alt="How to Recycle Cannabis Packaging"> is not clickable at point (117, 609). Other element would receive the click: <iframe title="Preview Bar" id="preview-bar-iframe" src="https://ocs.ca/preview_bar" sandbox="allow-same-origin allow-scripts" style="position: fixed; bottom: 0px; left: 0px; z-index: 2147483647; width: 100%; border: none; box-shadow: rgba(0, 0, 0, 0.2) 0px -1px 3px; overflow: hidden; transform: translateY(0px); transition: transform 300ms ease 0s; height: 92px;"></iframe>
  (Session info: chrome=76.0.3809.25)
  (Driver info: chromedriver=76.0.3809.25 (a0c95f440512e06df1c9c206f2d79cc20be18bb1-refs/branch-heads/3809@{#271}),platform=Mac OS X 10.13.6 x86_64) (WARNING: The server did not provide any stacktrace information)
Command duration or timeout: 43 milliseconds
Build info: version: '2.53.0', revision: '35ae25b', time: '2016-03-15 17:00:58'
System info: host: 'mac-207-254-12-143.browserstack.com', ip: '207.254.12.143', os.name: 'Mac OS X', os.arch: 'x86_64', os.version: '10.13.6', java.version: '1.8.0_51'
Driver info: org.openqa.selenium.chrome.ChromeDriver
Capabilities [{mobileEmulationEnabled=false, timeouts={implicit=0, pageLoad=300000, script=30000}, hasTouchScreen=false, platform=MAC, acceptSslCerts=false, goog:chromeOptions={debuggerAddress=localhost:59851}, acceptInsecureCerts=false, webStorageEnabled=true, browserName=chrome, takesScreenshot=true, javascriptEnabled=true, setWindowRect=true, unexpectedAlertBehaviour=ignore, applicationCacheEnabled=false, rotatable=false, networkConnectionEnabled=false, chrome={chromedriverVersion=76.0.3809.25 (a0c95f440512e06df1c9c206f2d79cc20be18bb1-refs/branch-heads/3809@{#271}), userDataDir=/var/folders/3y/zz_w6_s56sl__vcrf3r5bhzr0000hr/T/.com.google.Chrome.92vf0R}, takesHeapSnapshot=true, pageLoadStrategy=normal, strictFileInteractability=false, databaseEnabled=false, handlesAlerts=true, version=76.0.3809.25, browserConnectionEnabled=false, proxy={}, nativeEvents=true, locationContextEnabled=true, cssSelectorsEnabled=true}]
Session ID: 236980ce22bf0cec740ad7b51af90e51
Command duration or timeout: 0 milliseconds)
	at com.kms.katalon.core.keyword.internal.KeywordMain.stepFailed(KeywordMain.groovy:36)
	at com.kms.katalon.core.webui.keyword.internal.WebUIKeywordMain.stepFailed(WebUIKeywordMain.groovy:65)
	at com.kms.katalon.core.webui.keyword.internal.WebUIKeywordMain.runKeyword(WebUIKeywordMain.groovy:27)
	at com.kms.katalon.core.webui.keyword.builtin.ClickKeyword.click(ClickKeyword.groovy:86)
	at com.kms.katalon.core.webui.keyword.builtin.ClickKeyword.execute(ClickKeyword.groovy:67)
	at com.kms.katalon.core.keyword.internal.KeywordExecutor.executeKeywordForPlatform(KeywordExecutor.groovy:53)
	at com.kms.katalon.core.webui.keyword.WebUiBuiltInKeywords.click(WebUiBuiltInKeywords.groovy:616)
	at com.kms.katalon.core.webui.keyword.WebUiBuiltInKeywords$click$4.call(Unknown Source)
	at HP- Burger menu- Learn.run(HP- Burger menu- Learn:283)
	at com.kms.katalon.core.main.ScriptEngine.run(ScriptEngine.java:194)
	at com.kms.katalon.core.main.ScriptEngine.runScriptAsRawText(ScriptEngine.java:119)
	at com.kms.katalon.core.main.TestCaseExecutor.runScript(TestCaseExecutor.java:328)
	at com.kms.katalon.core.main.TestCaseExecutor.doExecute(TestCaseExecutor.java:319)
	at com.kms.katalon.core.main.TestCaseExecutor.processExecutionPhase(TestCaseExecutor.java:298)
	at com.kms.katalon.core.main.TestCaseExecutor.accessMainPhase(TestCaseExecutor.java:290)
	at com.kms.katalon.core.main.TestCaseExecutor.execute(TestCaseExecutor.java:224)
	at com.kms.katalon.core.main.TestSuiteExecutor.accessTestCaseMainPhase(TestSuiteExecutor.java:129)
	at com.kms.katalon.core.main.TestSuiteExecutor.accessTestSuiteMainPhase(TestSuiteExecutor.java:112)
	at com.kms.katalon.core.main.TestSuiteExecutor.execute(TestSuiteExecutor.java:81)
	at com.kms.katalon.core.main.TestCaseMain.startTestSuite(TestCaseMain.java:149)
	at com.kms.katalon.core.main.TestCaseMain$startTestSuite$0.call(Unknown Source)
	at TempTestSuite1560973018737.run(TempTestSuite1560973018737.groovy:36)]]></system-out>
         <system-err><![CDATA[2019-06-19 16:12:43 - [TEST_CASE][FAILED] - Test Cases/OCS - MOBILE/OCS- HOME PAGE/HP- Burger menu- Learn: Test Cases/OCS - MOBILE/OCS- HOME PAGE/HP- Burger menu- Learn FAILED.
Reason:
com.kms.katalon.core.exception.StepFailedException: Unable to click on object 'Object Repository/OCS-MOBILE /LEARN page/Reading a product label - chevron' (Root cause: org.openqa.selenium.WebDriverException: element click intercepted: Element <img class="menu__featured-item__image" src="//cdn.shopify.com/s/files/1/2636/1928/files/wks10-12-MEGANAV-recycling_400x.jpg?v=1559916439" data-src="//cdn.shopify.com/s/files/1/2636/1928/files/wks10-12-MEGANAV-recycling_400x.jpg?v=1559916439" alt="How to Recycle Cannabis Packaging"> is not clickable at point (117, 609). Other element would receive the click: <iframe title="Preview Bar" id="preview-bar-iframe" src="https://ocs.ca/preview_bar" sandbox="allow-same-origin allow-scripts" style="position: fixed; bottom: 0px; left: 0px; z-index: 2147483647; width: 100%; border: none; box-shadow: rgba(0, 0, 0, 0.2) 0px -1px 3px; overflow: hidden; transform: translateY(0px); transition: transform 300ms ease 0s; height: 92px;"></iframe>
  (Session info: chrome=76.0.3809.25)
  (Driver info: chromedriver=76.0.3809.25 (a0c95f440512e06df1c9c206f2d79cc20be18bb1-refs/branch-heads/3809@{#271}),platform=Mac OS X 10.13.6 x86_64) (WARNING: The server did not provide any stacktrace information)
Command duration or timeout: 43 milliseconds
Build info: version: '2.53.0', revision: '35ae25b', time: '2016-03-15 17:00:58'
System info: host: 'mac-207-254-12-143.browserstack.com', ip: '207.254.12.143', os.name: 'Mac OS X', os.arch: 'x86_64', os.version: '10.13.6', java.version: '1.8.0_51'
Driver info: org.openqa.selenium.chrome.ChromeDriver
Capabilities [{mobileEmulationEnabled=false, timeouts={implicit=0, pageLoad=300000, script=30000}, hasTouchScreen=false, platform=MAC, acceptSslCerts=false, goog:chromeOptions={debuggerAddress=localhost:59851}, acceptInsecureCerts=false, webStorageEnabled=true, browserName=chrome, takesScreenshot=true, javascriptEnabled=true, setWindowRect=true, unexpectedAlertBehaviour=ignore, applicationCacheEnabled=false, rotatable=false, networkConnectionEnabled=false, chrome={chromedriverVersion=76.0.3809.25 (a0c95f440512e06df1c9c206f2d79cc20be18bb1-refs/branch-heads/3809@{#271}), userDataDir=/var/folders/3y/zz_w6_s56sl__vcrf3r5bhzr0000hr/T/.com.google.Chrome.92vf0R}, takesHeapSnapshot=true, pageLoadStrategy=normal, strictFileInteractability=false, databaseEnabled=false, handlesAlerts=true, version=76.0.3809.25, browserConnectionEnabled=false, proxy={}, nativeEvents=true, locationContextEnabled=true, cssSelectorsEnabled=true}]
Session ID: 236980ce22bf0cec740ad7b51af90e51
Command duration or timeout: 0 milliseconds)
	at com.kms.katalon.core.keyword.internal.KeywordMain.stepFailed(KeywordMain.groovy:36)
	at com.kms.katalon.core.webui.keyword.internal.WebUIKeywordMain.stepFailed(WebUIKeywordMain.groovy:65)
	at com.kms.katalon.core.webui.keyword.internal.WebUIKeywordMain.runKeyword(WebUIKeywordMain.groovy:27)
	at com.kms.katalon.core.webui.keyword.builtin.ClickKeyword.click(ClickKeyword.groovy:86)
	at com.kms.katalon.core.webui.keyword.builtin.ClickKeyword.execute(ClickKeyword.groovy:67)
	at com.kms.katalon.core.keyword.internal.KeywordExecutor.executeKeywordForPlatform(KeywordExecutor.groovy:53)
	at com.kms.katalon.core.webui.keyword.WebUiBuiltInKeywords.click(WebUiBuiltInKeywords.groovy:616)
	at com.kms.katalon.core.webui.keyword.WebUiBuiltInKeywords$click$4.call(Unknown Source)
	at HP- Burger menu- Learn.run(HP- Burger menu- Learn:283)
	at com.kms.katalon.core.main.ScriptEngine.run(ScriptEngine.java:194)
	at com.kms.katalon.core.main.ScriptEngine.runScriptAsRawText(ScriptEngine.java:119)
	at com.kms.katalon.core.main.TestCaseExecutor.runScript(TestCaseExecutor.java:328)
	at com.kms.katalon.core.main.TestCaseExecutor.doExecute(TestCaseExecutor.java:319)
	at com.kms.katalon.core.main.TestCaseExecutor.processExecutionPhase(TestCaseExecutor.java:298)
	at com.kms.katalon.core.main.TestCaseExecutor.accessMainPhase(TestCaseExecutor.java:290)
	at com.kms.katalon.core.main.TestCaseExecutor.execute(TestCaseExecutor.java:224)
	at com.kms.katalon.core.main.TestSuiteExecutor.accessTestCaseMainPhase(TestSuiteExecutor.java:129)
	at com.kms.katalon.core.main.TestSuiteExecutor.accessTestSuiteMainPhase(TestSuiteExecutor.java:112)
	at com.kms.katalon.core.main.TestSuiteExecutor.execute(TestSuiteExecutor.java:81)
	at com.kms.katalon.core.main.TestCaseMain.startTestSuite(TestCaseMain.java:149)
	at com.kms.katalon.core.main.TestCaseMain$startTestSuite$0.call(Unknown Source)
	at TempTestSuite1560973018737.run(TempTestSuite1560973018737.groovy:36)]]></system-err>
      </testcase>
      <testcase name="Test Cases/OCS - MOBILE/OCS- PRODUCT PAGE/Add to bag CTA" classname="Test Cases/OCS - MOBILE/OCS- PRODUCT PAGE/Add to bag CTA" status="PASSED">
         <system-out><![CDATA[2019-06-19 16:15:59 - [TEST_CASE][PASSED] - Test Cases/OCS - MOBILE/OCS- PRODUCT PAGE/Add to bag CTA: Test Cases/OCS - MOBILE/OCS- PRODUCT PAGE/Add to bag CTA

2019-06-19 16:15:59 - [TEST_STEP][PASSED] - callTestCase(findTestCase("OCS - MOBILE/CALL - PDP"), [:], STOP_ON_FAILURE): Call Test Case 'Test Cases/OCS - MOBILE/CALL - PDP' successfully

2019-06-19 16:15:59 - [TEST_CASE][PASSED] - Test Cases/OCS - MOBILE/CALL - PDP: Test Cases/OCS - MOBILE/CALL - PDP

2019-06-19 16:15:59 - [TEST_STEP][PASSED] - openBrowser(""): Browser is opened with url: ''

2019-06-19 16:15:59 - [MESSAGE][WARNING] - A browser is already opened. Closing browser and opening a new one

2019-06-19 16:15:59 - [MESSAGE][INFO] - Starting 'Remote' driver

2019-06-19 16:15:59 - [MESSAGE][INFO] - User set preference: ['os', 'OS X']

2019-06-19 16:15:59 - [MESSAGE][INFO] - User set preference: ['os_version', 'High Sierra']

2019-06-19 16:15:59 - [MESSAGE][INFO] - User set preference: ['browser', 'Chrome']

2019-06-19 16:15:59 - [MESSAGE][INFO] - User set preference: ['browser_version', '76.0 beta']

2019-06-19 16:15:59 - [MESSAGE][INFO] - User set preference: ['browserstack.local', 'false']

2019-06-19 16:15:59 - [MESSAGE][INFO] - Connecting to remote web server 'https://dianatest3:Z3oqw9ysqTeRQJq5wFCp@hub-cloud.browserstack.com/wd/hub' with type 'Selenium'

2019-06-19 16:16:04 - [MESSAGE][PASSED] - Browser is opened with url: ''

2019-06-19 16:16:04 - [TEST_STEP][PASSED] - navigateToUrl("https://ocs.ca/?fts=0&preview_theme_id=72920106828"): Navigate to 'https://ocs.ca/?fts=0&preview_theme_id=72920106828' successfully

2019-06-19 16:16:10 - [MESSAGE][PASSED] - Navigate to 'https://ocs.ca/?fts=0&preview_theme_id=72920106828' successfully

2019-06-19 16:16:10 - [TEST_STEP][PASSED] - executeJavaScript("var previewBar = document.getElementById("preview-bar-iframe"); previewBar.style.display = "none";", []): Execute JavaScript 'var previewBar = document.getElementById("preview-bar-iframe"); previewBar.style.display = "none";' successfully

2019-06-19 16:16:10 - [MESSAGE][PASSED] - Execute JavaScript 'var previewBar = document.getElementById("preview-bar-iframe"); previewBar.style.display = "none";' successfully

2019-06-19 16:16:10 - [TEST_STEP][PASSED] - setViewPortSize(360, 800): Viewport is set to new size with width = 360 and height = 800

2019-06-19 16:16:10 - [MESSAGE][PASSED] - Viewport is set to new size with width = 360 and height = 800

2019-06-19 16:16:10 - [TEST_STEP][PASSED] - delay(4): Delayed 4 second(s)

2019-06-19 16:16:14 - [MESSAGE][PASSED] - Delayed 4 second(s)

2019-06-19 16:16:14 - [TEST_STEP][PASSED] - selectOptionByValue(findTestObject("OCS-MOBILE /Age gate and burger menu/Date"), "12", true): All options with value '12' are selected in object 'Object Repository/OCS-MOBILE /Age gate and burger menu/Date'  using regular expression

2019-06-19 16:16:19 - [MESSAGE][PASSED] - All options with value '12' are selected in object 'Object Repository/OCS-MOBILE /Age gate and burger menu/Date'  using regular expression

2019-06-19 16:16:19 - [TEST_STEP][PASSED] - selectOptionByValue(findTestObject("OCS-MOBILE /Age gate and burger menu/month"), "6", true): All options with value '6' are selected in object 'Object Repository/OCS-MOBILE /Age gate and burger menu/month'  using regular expression

2019-06-19 16:16:23 - [MESSAGE][PASSED] - All options with value '6' are selected in object 'Object Repository/OCS-MOBILE /Age gate and burger menu/month'  using regular expression

2019-06-19 16:16:23 - [TEST_STEP][PASSED] - delay(2): Delayed 2 second(s)

2019-06-19 16:16:25 - [MESSAGE][PASSED] - Delayed 2 second(s)

2019-06-19 16:16:25 - [TEST_STEP][PASSED] - selectOptionByValue(findTestObject("OCS-MOBILE /Age gate and burger menu/Year Dropdown"), "1990", true): All options with value '1990' are selected in object 'Object Repository/OCS-MOBILE /Age gate and burger menu/Year Dropdown'  using regular expression

2019-06-19 16:16:39 - [MESSAGE][PASSED] - All options with value '1990' are selected in object 'Object Repository/OCS-MOBILE /Age gate and burger menu/Year Dropdown'  using regular expression

2019-06-19 16:16:39 - [TEST_STEP][PASSED] - click(findTestObject("OCS-MOBILE /Age gate and Mega menu/button_Verify")): Object: 'Object Repository/OCS-MOBILE /Age gate and Mega menu/button_Verify' is clicked on

2019-06-19 16:16:39 - [MESSAGE][PASSED] - Object: 'Object Repository/OCS-MOBILE /Age gate and Mega menu/button_Verify' is clicked on

2019-06-19 16:16:39 - [TEST_STEP][PASSED] - click(findTestObject("OCS-MOBILE /Age gate and Mega menu/Checkbox_CONFIRM AND ACKNOWLEDGE")): Object: 'Object Repository/OCS-MOBILE /Age gate and Mega menu/Checkbox_CONFIRM AND ACKNOWLEDGE' is clicked on

2019-06-19 16:16:40 - [MESSAGE][PASSED] - Object: 'Object Repository/OCS-MOBILE /Age gate and Mega menu/Checkbox_CONFIRM AND ACKNOWLEDGE' is clicked on

2019-06-19 16:16:40 - [TEST_STEP][PASSED] - click(findTestObject("OCS-MOBILE /Age gate and Mega menu/button_CONFIRM")): Object: 'Object Repository/OCS-MOBILE /Age gate and Mega menu/button_CONFIRM' is clicked on

2019-06-19 16:16:40 - [MESSAGE][PASSED] - Object: 'Object Repository/OCS-MOBILE /Age gate and Mega menu/button_CONFIRM' is clicked on

2019-06-19 16:16:40 - [TEST_STEP][PASSED] - click(findTestObject("OCS-MOBILE /Age gate and Mega menu/button_Start Browsing")): Object: 'Object Repository/OCS-MOBILE /Age gate and Mega menu/button_Start Browsing' is clicked on

2019-06-19 16:16:40 - [MESSAGE][PASSED] - Object: 'Object Repository/OCS-MOBILE /Age gate and Mega menu/button_Start Browsing' is clicked on

2019-06-19 16:16:40 - [TEST_STEP][PASSED] - refresh(): Refresh successfully

2019-06-19 16:16:40 - [MESSAGE][PASSED] - Refresh successfully

2019-06-19 16:16:40 - [TEST_STEP][PASSED] - delay(2): Delayed 2 second(s)

2019-06-19 16:16:42 - [MESSAGE][PASSED] - Delayed 2 second(s)

2019-06-19 16:16:42 - [TEST_STEP][PASSED] - click(findTestObject("OCS-MOBILE /Age gate and burger menu/Burger menu - English")): Object: 'Object Repository/OCS-MOBILE /Age gate and burger menu/Burger menu - English' is clicked on

2019-06-19 16:16:44 - [MESSAGE][PASSED] - Object: 'Object Repository/OCS-MOBILE /Age gate and burger menu/Burger menu - English' is clicked on

2019-06-19 16:16:44 - [TEST_STEP][PASSED] - delay(2): Delayed 2 second(s)

2019-06-19 16:16:46 - [MESSAGE][PASSED] - Delayed 2 second(s)

2019-06-19 16:16:46 - [TEST_STEP][PASSED] - click(findTestObject("OCS-MOBILE /Age gate and burger menu/Chevron_Cannabis")): Object: 'Object Repository/OCS-MOBILE /Age gate and burger menu/Chevron_Cannabis' is clicked on

2019-06-19 16:16:46 - [MESSAGE][PASSED] - Object: 'Object Repository/OCS-MOBILE /Age gate and burger menu/Chevron_Cannabis' is clicked on

2019-06-19 16:16:46 - [TEST_STEP][PASSED] - delay(2): Delayed 2 second(s)

2019-06-19 16:16:48 - [MESSAGE][PASSED] - Delayed 2 second(s)

2019-06-19 16:16:48 - [TEST_STEP][PASSED] - click(findTestObject("OCS-MOBILE /Age gate and burger menu/Dried Flower_Plus icon")): Object: 'Object Repository/OCS-MOBILE /Age gate and burger menu/Dried Flower_Plus icon' is clicked on

2019-06-19 16:16:49 - [MESSAGE][PASSED] - Object: 'Object Repository/OCS-MOBILE /Age gate and burger menu/Dried Flower_Plus icon' is clicked on

2019-06-19 16:16:49 - [TEST_STEP][PASSED] - delay(2): Delayed 2 second(s)

2019-06-19 16:16:51 - [MESSAGE][PASSED] - Delayed 2 second(s)

2019-06-19 16:16:51 - [TEST_STEP][PASSED] - click(findTestObject("OCS-MOBILE /Age gate and burger menu/Indica Dominant_Menu item")): Object: 'Object Repository/OCS-MOBILE /Age gate and burger menu/Indica Dominant_Menu item' is clicked on

2019-06-19 16:16:54 - [MESSAGE][PASSED] - Object: 'Object Repository/OCS-MOBILE /Age gate and burger menu/Indica Dominant_Menu item' is clicked on

2019-06-19 16:16:54 - [TEST_STEP][PASSED] - executeJavaScript("var previewBar = document.getElementById("preview-bar-iframe"); previewBar.style.display = "none";", []): Execute JavaScript 'var previewBar = document.getElementById("preview-bar-iframe"); previewBar.style.display = "none";' successfully

2019-06-19 16:16:54 - [MESSAGE][PASSED] - Execute JavaScript 'var previewBar = document.getElementById("preview-bar-iframe"); previewBar.style.display = "none";' successfully

2019-06-19 16:16:54 - [TEST_STEP][PASSED] - delay(2): Delayed 2 second(s)

2019-06-19 16:16:56 - [MESSAGE][PASSED] - Delayed 2 second(s)

2019-06-19 16:16:56 - [TEST_STEP][PASSED] - click(findTestObject("OCS-MOBILE /Collection page/Product image - 1st one")): Object: 'Object Repository/OCS-MOBILE /Collection page/Product image - 1st one' is clicked on

2019-06-19 16:17:00 - [MESSAGE][PASSED] - Object: 'Object Repository/OCS-MOBILE /Collection page/Product image - 1st one' is clicked on

2019-06-19 16:17:00 - [TEST_STEP][PASSED] - delay(2): Delayed 2 second(s)

2019-06-19 16:17:02 - [MESSAGE][PASSED] - Delayed 2 second(s)

2019-06-19 16:17:02 - [TEST_STEP][PASSED] - executeJavaScript("var previewBar = document.getElementById("preview-bar-iframe"); previewBar.style.display = "none";", []): Execute JavaScript 'var previewBar = document.getElementById("preview-bar-iframe"); previewBar.style.display = "none";' successfully

2019-06-19 16:17:02 - [MESSAGE][PASSED] - Execute JavaScript 'var previewBar = document.getElementById("preview-bar-iframe"); previewBar.style.display = "none";' successfully

2019-06-19 16:17:02 - [MESSAGE][PASSED] - Call Test Case 'Test Cases/OCS - MOBILE/CALL - PDP' successfully

2019-06-19 16:17:02 - [TEST_STEP][NOT_RUN] - executeJavaScript("var previewBar = document.getElementById("preview-bar-iframe"); previewBar.style.display = "none";", []): NOT_RUN: executeJavaScript("var previewBar = document.getElementById("preview-bar-iframe"); previewBar.style.display = "none";", [])

2019-06-19 16:17:02 - [MESSAGE][NOT_RUN] - NOT_RUN: executeJavaScript("var previewBar = document.getElementById("preview-bar-iframe"); previewBar.style.display = "none";", [])

2019-06-19 16:17:02 - [TEST_STEP][NOT_RUN] - scrollToElement(findTestObject("OCS-MOBILE /Product page/Product image"), 1): NOT_RUN: scrollToElement(findTestObject("OCS-MOBILE /Product page/Product image"), 1)

2019-06-19 16:17:02 - [MESSAGE][NOT_RUN] - NOT_RUN: scrollToElement(findTestObject("OCS-MOBILE /Product page/Product image"), 1)

2019-06-19 16:17:02 - [TEST_STEP][PASSED] - delay(2): Delayed 2 second(s)

2019-06-19 16:17:04 - [MESSAGE][PASSED] - Delayed 2 second(s)

2019-06-19 16:17:04 - [TEST_STEP][PASSED] - click(findTestObject("OCS-MOBILE /Product page/Swatch_1g")): Object: 'Object Repository/OCS-MOBILE /Product page/Swatch_1g' is clicked on

2019-06-19 16:17:04 - [MESSAGE][PASSED] - Object: 'Object Repository/OCS-MOBILE /Product page/Swatch_1g' is clicked on

2019-06-19 16:17:04 - [TEST_STEP][PASSED] - scrollToElement(findTestObject("OCS-MOBILE /Product page/Swatch_3.5g"), 1): Scroll to object 'Object Repository/OCS-MOBILE /Product page/Swatch_3.5g' successfully

2019-06-19 16:17:04 - [MESSAGE][PASSED] - Scroll to object 'Object Repository/OCS-MOBILE /Product page/Swatch_3.5g' successfully

2019-06-19 16:17:04 - [TEST_STEP][PASSED] - delay(2): Delayed 2 second(s)

2019-06-19 16:17:06 - [MESSAGE][PASSED] - Delayed 2 second(s)

2019-06-19 16:17:06 - [TEST_STEP][PASSED] - click(findTestObject("OCS-MOBILE /Product page/Add to Bag-button")): Object: 'Object Repository/OCS-MOBILE /Product page/Add to Bag-button' is clicked on

2019-06-19 16:17:06 - [MESSAGE][PASSED] - Object: 'Object Repository/OCS-MOBILE /Product page/Add to Bag-button' is clicked on

2019-06-19 16:17:06 - [TEST_STEP][PASSED] - delay(1): Delayed 1 second(s)

2019-06-19 16:17:08 - [MESSAGE][PASSED] - Delayed 1 second(s)

2019-06-19 16:17:08 - [TEST_STEP][NOT_RUN] - click(findTestObject("OCS-MOBILE /Home - page/Cart icon -bag")): NOT_RUN: click(findTestObject("OCS-MOBILE /Home - page/Cart icon -bag"))

2019-06-19 16:17:08 - [MESSAGE][NOT_RUN] - NOT_RUN: click(findTestObject("OCS-MOBILE /Home - page/Cart icon -bag"))

2019-06-19 16:17:08 - [TEST_STEP][PASSED] - delay(1): Delayed 1 second(s)

2019-06-19 16:17:09 - [MESSAGE][PASSED] - Delayed 1 second(s)

2019-06-19 16:17:09 - [TEST_STEP][PASSED] - verifyElementPresent(findTestObject("OCS-MOBILE /Cart flyout/Cart - 1st item"), 2): Object 'Object Repository/OCS-MOBILE /Cart flyout/Cart - 1st item' is present

2019-06-19 16:17:09 - [MESSAGE][PASSED] - Object 'Object Repository/OCS-MOBILE /Cart flyout/Cart - 1st item' is present

2019-06-19 16:17:09 - [TEST_STEP][PASSED] - delay(1): Delayed 1 second(s)

2019-06-19 16:17:10 - [MESSAGE][PASSED] - Delayed 1 second(s)

2019-06-19 16:17:10 - [TEST_STEP][PASSED] - click(findTestObject("OCS-MOBILE /Cart flyout/Back icon")): Object: 'Object Repository/OCS-MOBILE /Cart flyout/Back icon' is clicked on

2019-06-19 16:17:10 - [MESSAGE][PASSED] - Object: 'Object Repository/OCS-MOBILE /Cart flyout/Back icon' is clicked on

2019-06-19 16:17:10 - [TEST_STEP][PASSED] - closeBrowser(): Browser is closed

2019-06-19 16:17:10 - [MESSAGE][PASSED] - Browser is closed]]></system-out>
         <system-err><![CDATA[]]></system-err>
      </testcase>
      <testcase name="Test Cases/OCS - MOBILE/OCS- PRODUCT PAGE/Shop all of our products" classname="Test Cases/OCS - MOBILE/OCS- PRODUCT PAGE/Shop all of our products" status="PASSED">
         <system-out><![CDATA[2019-06-19 16:17:10 - [TEST_CASE][PASSED] - Test Cases/OCS - MOBILE/OCS- PRODUCT PAGE/Shop all of our products: Test Cases/OCS - MOBILE/OCS- PRODUCT PAGE/Shop all of our products

2019-06-19 16:17:10 - [TEST_STEP][PASSED] - callTestCase(findTestCase("OCS - MOBILE/CALL - PDP"), [:], STOP_ON_FAILURE): Call Test Case 'Test Cases/OCS - MOBILE/CALL - PDP' successfully

2019-06-19 16:17:10 - [TEST_CASE][PASSED] - Test Cases/OCS - MOBILE/CALL - PDP: Test Cases/OCS - MOBILE/CALL - PDP

2019-06-19 16:17:10 - [TEST_STEP][PASSED] - openBrowser(""): Browser is opened with url: ''

2019-06-19 16:17:10 - [MESSAGE][INFO] - Starting 'Remote' driver

2019-06-19 16:17:10 - [MESSAGE][INFO] - User set preference: ['os', 'OS X']

2019-06-19 16:17:10 - [MESSAGE][INFO] - User set preference: ['os_version', 'High Sierra']

2019-06-19 16:17:10 - [MESSAGE][INFO] - User set preference: ['browser', 'Chrome']

2019-06-19 16:17:10 - [MESSAGE][INFO] - User set preference: ['browser_version', '76.0 beta']

2019-06-19 16:17:10 - [MESSAGE][INFO] - User set preference: ['browserstack.local', 'false']

2019-06-19 16:17:10 - [MESSAGE][INFO] - Connecting to remote web server 'https://dianatest3:Z3oqw9ysqTeRQJq5wFCp@hub-cloud.browserstack.com/wd/hub' with type 'Selenium'

2019-06-19 16:17:15 - [MESSAGE][PASSED] - Browser is opened with url: ''

2019-06-19 16:17:15 - [TEST_STEP][PASSED] - navigateToUrl("https://ocs.ca/?fts=0&preview_theme_id=72920106828"): Navigate to 'https://ocs.ca/?fts=0&preview_theme_id=72920106828' successfully

2019-06-19 16:17:21 - [MESSAGE][PASSED] - Navigate to 'https://ocs.ca/?fts=0&preview_theme_id=72920106828' successfully

2019-06-19 16:17:21 - [TEST_STEP][PASSED] - executeJavaScript("var previewBar = document.getElementById("preview-bar-iframe"); previewBar.style.display = "none";", []): Execute JavaScript 'var previewBar = document.getElementById("preview-bar-iframe"); previewBar.style.display = "none";' successfully

2019-06-19 16:17:21 - [MESSAGE][PASSED] - Execute JavaScript 'var previewBar = document.getElementById("preview-bar-iframe"); previewBar.style.display = "none";' successfully

2019-06-19 16:17:21 - [TEST_STEP][PASSED] - setViewPortSize(360, 800): Viewport is set to new size with width = 360 and height = 800

2019-06-19 16:17:21 - [MESSAGE][PASSED] - Viewport is set to new size with width = 360 and height = 800

2019-06-19 16:17:21 - [TEST_STEP][PASSED] - delay(4): Delayed 4 second(s)

2019-06-19 16:17:25 - [MESSAGE][PASSED] - Delayed 4 second(s)

2019-06-19 16:17:25 - [TEST_STEP][PASSED] - selectOptionByValue(findTestObject("OCS-MOBILE /Age gate and burger menu/Date"), "12", true): All options with value '12' are selected in object 'Object Repository/OCS-MOBILE /Age gate and burger menu/Date'  using regular expression

2019-06-19 16:17:31 - [MESSAGE][PASSED] - All options with value '12' are selected in object 'Object Repository/OCS-MOBILE /Age gate and burger menu/Date'  using regular expression

2019-06-19 16:17:31 - [TEST_STEP][PASSED] - selectOptionByValue(findTestObject("OCS-MOBILE /Age gate and burger menu/month"), "6", true): All options with value '6' are selected in object 'Object Repository/OCS-MOBILE /Age gate and burger menu/month'  using regular expression

2019-06-19 16:17:34 - [MESSAGE][PASSED] - All options with value '6' are selected in object 'Object Repository/OCS-MOBILE /Age gate and burger menu/month'  using regular expression

2019-06-19 16:17:34 - [TEST_STEP][PASSED] - delay(2): Delayed 2 second(s)

2019-06-19 16:17:36 - [MESSAGE][PASSED] - Delayed 2 second(s)

2019-06-19 16:17:36 - [TEST_STEP][PASSED] - selectOptionByValue(findTestObject("OCS-MOBILE /Age gate and burger menu/Year Dropdown"), "1990", true): All options with value '1990' are selected in object 'Object Repository/OCS-MOBILE /Age gate and burger menu/Year Dropdown'  using regular expression

2019-06-19 16:17:52 - [MESSAGE][PASSED] - All options with value '1990' are selected in object 'Object Repository/OCS-MOBILE /Age gate and burger menu/Year Dropdown'  using regular expression

2019-06-19 16:17:52 - [TEST_STEP][PASSED] - click(findTestObject("OCS-MOBILE /Age gate and Mega menu/button_Verify")): Object: 'Object Repository/OCS-MOBILE /Age gate and Mega menu/button_Verify' is clicked on

2019-06-19 16:17:52 - [MESSAGE][PASSED] - Object: 'Object Repository/OCS-MOBILE /Age gate and Mega menu/button_Verify' is clicked on

2019-06-19 16:17:52 - [TEST_STEP][PASSED] - click(findTestObject("OCS-MOBILE /Age gate and Mega menu/Checkbox_CONFIRM AND ACKNOWLEDGE")): Object: 'Object Repository/OCS-MOBILE /Age gate and Mega menu/Checkbox_CONFIRM AND ACKNOWLEDGE' is clicked on

2019-06-19 16:17:53 - [MESSAGE][PASSED] - Object: 'Object Repository/OCS-MOBILE /Age gate and Mega menu/Checkbox_CONFIRM AND ACKNOWLEDGE' is clicked on

2019-06-19 16:17:53 - [TEST_STEP][PASSED] - click(findTestObject("OCS-MOBILE /Age gate and Mega menu/button_CONFIRM")): Object: 'Object Repository/OCS-MOBILE /Age gate and Mega menu/button_CONFIRM' is clicked on

2019-06-19 16:17:53 - [MESSAGE][PASSED] - Object: 'Object Repository/OCS-MOBILE /Age gate and Mega menu/button_CONFIRM' is clicked on

2019-06-19 16:17:53 - [TEST_STEP][PASSED] - click(findTestObject("OCS-MOBILE /Age gate and Mega menu/button_Start Browsing")): Object: 'Object Repository/OCS-MOBILE /Age gate and Mega menu/button_Start Browsing' is clicked on

2019-06-19 16:17:53 - [MESSAGE][PASSED] - Object: 'Object Repository/OCS-MOBILE /Age gate and Mega menu/button_Start Browsing' is clicked on

2019-06-19 16:17:53 - [TEST_STEP][PASSED] - refresh(): Refresh successfully

2019-06-19 16:17:53 - [MESSAGE][PASSED] - Refresh successfully

2019-06-19 16:17:53 - [TEST_STEP][PASSED] - delay(2): Delayed 2 second(s)

2019-06-19 16:17:55 - [MESSAGE][PASSED] - Delayed 2 second(s)

2019-06-19 16:17:55 - [TEST_STEP][PASSED] - click(findTestObject("OCS-MOBILE /Age gate and burger menu/Burger menu - English")): Object: 'Object Repository/OCS-MOBILE /Age gate and burger menu/Burger menu - English' is clicked on

2019-06-19 16:17:57 - [MESSAGE][PASSED] - Object: 'Object Repository/OCS-MOBILE /Age gate and burger menu/Burger menu - English' is clicked on

2019-06-19 16:17:57 - [TEST_STEP][PASSED] - delay(2): Delayed 2 second(s)

2019-06-19 16:17:59 - [MESSAGE][PASSED] - Delayed 2 second(s)

2019-06-19 16:17:59 - [TEST_STEP][PASSED] - click(findTestObject("OCS-MOBILE /Age gate and burger menu/Chevron_Cannabis")): Object: 'Object Repository/OCS-MOBILE /Age gate and burger menu/Chevron_Cannabis' is clicked on

2019-06-19 16:17:59 - [MESSAGE][PASSED] - Object: 'Object Repository/OCS-MOBILE /Age gate and burger menu/Chevron_Cannabis' is clicked on

2019-06-19 16:17:59 - [TEST_STEP][PASSED] - delay(2): Delayed 2 second(s)

2019-06-19 16:18:01 - [MESSAGE][PASSED] - Delayed 2 second(s)

2019-06-19 16:18:01 - [TEST_STEP][PASSED] - click(findTestObject("OCS-MOBILE /Age gate and burger menu/Dried Flower_Plus icon")): Object: 'Object Repository/OCS-MOBILE /Age gate and burger menu/Dried Flower_Plus icon' is clicked on

2019-06-19 16:18:02 - [MESSAGE][PASSED] - Object: 'Object Repository/OCS-MOBILE /Age gate and burger menu/Dried Flower_Plus icon' is clicked on

2019-06-19 16:18:02 - [TEST_STEP][PASSED] - delay(2): Delayed 2 second(s)

2019-06-19 16:18:04 - [MESSAGE][PASSED] - Delayed 2 second(s)

2019-06-19 16:18:04 - [TEST_STEP][PASSED] - click(findTestObject("OCS-MOBILE /Age gate and burger menu/Indica Dominant_Menu item")): Object: 'Object Repository/OCS-MOBILE /Age gate and burger menu/Indica Dominant_Menu item' is clicked on

2019-06-19 16:18:06 - [MESSAGE][PASSED] - Object: 'Object Repository/OCS-MOBILE /Age gate and burger menu/Indica Dominant_Menu item' is clicked on

2019-06-19 16:18:07 - [TEST_STEP][PASSED] - executeJavaScript("var previewBar = document.getElementById("preview-bar-iframe"); previewBar.style.display = "none";", []): Execute JavaScript 'var previewBar = document.getElementById("preview-bar-iframe"); previewBar.style.display = "none";' successfully

2019-06-19 16:18:07 - [MESSAGE][PASSED] - Execute JavaScript 'var previewBar = document.getElementById("preview-bar-iframe"); previewBar.style.display = "none";' successfully

2019-06-19 16:18:07 - [TEST_STEP][PASSED] - delay(2): Delayed 2 second(s)

2019-06-19 16:18:09 - [MESSAGE][PASSED] - Delayed 2 second(s)

2019-06-19 16:18:09 - [TEST_STEP][PASSED] - click(findTestObject("OCS-MOBILE /Collection page/Product image - 1st one")): Object: 'Object Repository/OCS-MOBILE /Collection page/Product image - 1st one' is clicked on

2019-06-19 16:18:13 - [MESSAGE][PASSED] - Object: 'Object Repository/OCS-MOBILE /Collection page/Product image - 1st one' is clicked on

2019-06-19 16:18:13 - [TEST_STEP][PASSED] - delay(2): Delayed 2 second(s)

2019-06-19 16:18:15 - [MESSAGE][PASSED] - Delayed 2 second(s)

2019-06-19 16:18:15 - [TEST_STEP][PASSED] - executeJavaScript("var previewBar = document.getElementById("preview-bar-iframe"); previewBar.style.display = "none";", []): Execute JavaScript 'var previewBar = document.getElementById("preview-bar-iframe"); previewBar.style.display = "none";' successfully

2019-06-19 16:18:15 - [MESSAGE][PASSED] - Execute JavaScript 'var previewBar = document.getElementById("preview-bar-iframe"); previewBar.style.display = "none";' successfully

2019-06-19 16:18:15 - [MESSAGE][PASSED] - Call Test Case 'Test Cases/OCS - MOBILE/CALL - PDP' successfully

2019-06-19 16:18:15 - [TEST_STEP][NOT_RUN] - scrollToElement(findTestObject("OCS-MOBILE /Product page/Recently Viewed/1st Product - Image"), 2): NOT_RUN: scrollToElement(findTestObject("OCS-MOBILE /Product page/Recently Viewed/1st Product - Image"), 2)

2019-06-19 16:18:15 - [MESSAGE][NOT_RUN] - NOT_RUN: scrollToElement(findTestObject("OCS-MOBILE /Product page/Recently Viewed/1st Product - Image"), 2)

2019-06-19 16:18:15 - [TEST_STEP][PASSED] - delay(1, OPTIONAL): Delayed 1 second(s)

2019-06-19 16:18:16 - [MESSAGE][PASSED] - Delayed 1 second(s)

2019-06-19 16:18:16 - [TEST_STEP][PASSED] - click(findTestObject("OCS-MOBILE /Product page/Shop all of our products - Button")): Object: 'Object Repository/OCS-MOBILE /Product page/Shop all of our products - Button' is clicked on

2019-06-19 16:18:19 - [MESSAGE][PASSED] - Object: 'Object Repository/OCS-MOBILE /Product page/Shop all of our products - Button' is clicked on

2019-06-19 16:18:19 - [TEST_STEP][PASSED] - a = getWindowTitle(): Current window's title is: 'All Products | Ontario Cannabis Store'

2019-06-19 16:18:19 - [MESSAGE][PASSED] - Current window's title is: 'All Products | Ontario Cannabis Store'

2019-06-19 16:18:19 - [TEST_STEP][PASSED] - b = "All Products | Ontario Cannabis Store": null

2019-06-19 16:18:19 - [TEST_STEP][PASSED] - comment("WINDOW TITLE: " + a): WINDOW TITLE: All Products | Ontario Cannabis Store

2019-06-19 16:18:19 - [MESSAGE][INFO] - WINDOW TITLE: All Products | Ontario Cannabis Store

2019-06-19 16:18:19 - [TEST_STEP][PASSED] - verifyEqual(a, b): Actual object 'All Products | Ontario Cannabis Store' and expected object 'All Products | Ontario Cannabis Store' are equal

2019-06-19 16:18:19 - [MESSAGE][PASSED] - Actual object 'All Products | Ontario Cannabis Store' and expected object 'All Products | Ontario Cannabis Store' are equal]]></system-out>
         <system-err><![CDATA[]]></system-err>
      </testcase>
      <testcase name="Test Cases/OCS - MOBILE/OCS- PRODUCT PAGE/Tooltip" classname="Test Cases/OCS - MOBILE/OCS- PRODUCT PAGE/Tooltip" status="PASSED">
         <system-out><![CDATA[2019-06-19 16:18:19 - [TEST_CASE][PASSED] - Test Cases/OCS - MOBILE/OCS- PRODUCT PAGE/Tooltip: Test Cases/OCS - MOBILE/OCS- PRODUCT PAGE/Tooltip

2019-06-19 16:18:19 - [TEST_STEP][PASSED] - callTestCase(findTestCase("OCS - MOBILE/CALL - PDP"), [:], STOP_ON_FAILURE): Call Test Case 'Test Cases/OCS - MOBILE/CALL - PDP' successfully

2019-06-19 16:18:19 - [TEST_CASE][PASSED] - Test Cases/OCS - MOBILE/CALL - PDP: Test Cases/OCS - MOBILE/CALL - PDP

2019-06-19 16:18:19 - [TEST_STEP][PASSED] - openBrowser(""): Browser is opened with url: ''

2019-06-19 16:18:19 - [MESSAGE][WARNING] - A browser is already opened. Closing browser and opening a new one

2019-06-19 16:18:20 - [MESSAGE][INFO] - Starting 'Remote' driver

2019-06-19 16:18:20 - [MESSAGE][INFO] - User set preference: ['os', 'OS X']

2019-06-19 16:18:20 - [MESSAGE][INFO] - User set preference: ['os_version', 'High Sierra']

2019-06-19 16:18:20 - [MESSAGE][INFO] - User set preference: ['browser', 'Chrome']

2019-06-19 16:18:20 - [MESSAGE][INFO] - User set preference: ['browser_version', '76.0 beta']

2019-06-19 16:18:20 - [MESSAGE][INFO] - User set preference: ['browserstack.local', 'false']

2019-06-19 16:18:20 - [MESSAGE][INFO] - Connecting to remote web server 'https://dianatest3:Z3oqw9ysqTeRQJq5wFCp@hub-cloud.browserstack.com/wd/hub' with type 'Selenium'

2019-06-19 16:18:24 - [MESSAGE][PASSED] - Browser is opened with url: ''

2019-06-19 16:18:24 - [TEST_STEP][PASSED] - navigateToUrl("https://ocs.ca/?fts=0&preview_theme_id=72920106828"): Navigate to 'https://ocs.ca/?fts=0&preview_theme_id=72920106828' successfully

2019-06-19 16:18:29 - [MESSAGE][PASSED] - Navigate to 'https://ocs.ca/?fts=0&preview_theme_id=72920106828' successfully

2019-06-19 16:18:29 - [TEST_STEP][PASSED] - executeJavaScript("var previewBar = document.getElementById("preview-bar-iframe"); previewBar.style.display = "none";", []): Execute JavaScript 'var previewBar = document.getElementById("preview-bar-iframe"); previewBar.style.display = "none";' successfully

2019-06-19 16:18:30 - [MESSAGE][PASSED] - Execute JavaScript 'var previewBar = document.getElementById("preview-bar-iframe"); previewBar.style.display = "none";' successfully

2019-06-19 16:18:30 - [TEST_STEP][PASSED] - setViewPortSize(360, 800): Viewport is set to new size with width = 360 and height = 800

2019-06-19 16:18:30 - [MESSAGE][PASSED] - Viewport is set to new size with width = 360 and height = 800

2019-06-19 16:18:30 - [TEST_STEP][PASSED] - delay(4): Delayed 4 second(s)

2019-06-19 16:18:34 - [MESSAGE][PASSED] - Delayed 4 second(s)

2019-06-19 16:18:34 - [TEST_STEP][PASSED] - selectOptionByValue(findTestObject("OCS-MOBILE /Age gate and burger menu/Date"), "12", true): All options with value '12' are selected in object 'Object Repository/OCS-MOBILE /Age gate and burger menu/Date'  using regular expression

2019-06-19 16:18:42 - [MESSAGE][PASSED] - All options with value '12' are selected in object 'Object Repository/OCS-MOBILE /Age gate and burger menu/Date'  using regular expression

2019-06-19 16:18:42 - [TEST_STEP][PASSED] - selectOptionByValue(findTestObject("OCS-MOBILE /Age gate and burger menu/month"), "6", true): All options with value '6' are selected in object 'Object Repository/OCS-MOBILE /Age gate and burger menu/month'  using regular expression

2019-06-19 16:18:47 - [MESSAGE][PASSED] - All options with value '6' are selected in object 'Object Repository/OCS-MOBILE /Age gate and burger menu/month'  using regular expression

2019-06-19 16:18:47 - [TEST_STEP][PASSED] - delay(2): Delayed 2 second(s)

2019-06-19 16:18:49 - [MESSAGE][PASSED] - Delayed 2 second(s)

2019-06-19 16:18:49 - [TEST_STEP][PASSED] - selectOptionByValue(findTestObject("OCS-MOBILE /Age gate and burger menu/Year Dropdown"), "1990", true): All options with value '1990' are selected in object 'Object Repository/OCS-MOBILE /Age gate and burger menu/Year Dropdown'  using regular expression

2019-06-19 16:19:22 - [MESSAGE][PASSED] - All options with value '1990' are selected in object 'Object Repository/OCS-MOBILE /Age gate and burger menu/Year Dropdown'  using regular expression

2019-06-19 16:19:22 - [TEST_STEP][PASSED] - click(findTestObject("OCS-MOBILE /Age gate and Mega menu/button_Verify")): Object: 'Object Repository/OCS-MOBILE /Age gate and Mega menu/button_Verify' is clicked on

2019-06-19 16:19:22 - [MESSAGE][PASSED] - Object: 'Object Repository/OCS-MOBILE /Age gate and Mega menu/button_Verify' is clicked on

2019-06-19 16:19:22 - [TEST_STEP][PASSED] - click(findTestObject("OCS-MOBILE /Age gate and Mega menu/Checkbox_CONFIRM AND ACKNOWLEDGE")): Object: 'Object Repository/OCS-MOBILE /Age gate and Mega menu/Checkbox_CONFIRM AND ACKNOWLEDGE' is clicked on

2019-06-19 16:19:22 - [MESSAGE][PASSED] - Object: 'Object Repository/OCS-MOBILE /Age gate and Mega menu/Checkbox_CONFIRM AND ACKNOWLEDGE' is clicked on

2019-06-19 16:19:22 - [TEST_STEP][PASSED] - click(findTestObject("OCS-MOBILE /Age gate and Mega menu/button_CONFIRM")): Object: 'Object Repository/OCS-MOBILE /Age gate and Mega menu/button_CONFIRM' is clicked on

2019-06-19 16:19:23 - [MESSAGE][PASSED] - Object: 'Object Repository/OCS-MOBILE /Age gate and Mega menu/button_CONFIRM' is clicked on

2019-06-19 16:19:23 - [TEST_STEP][PASSED] - click(findTestObject("OCS-MOBILE /Age gate and Mega menu/button_Start Browsing")): Object: 'Object Repository/OCS-MOBILE /Age gate and Mega menu/button_Start Browsing' is clicked on

2019-06-19 16:19:23 - [MESSAGE][PASSED] - Object: 'Object Repository/OCS-MOBILE /Age gate and Mega menu/button_Start Browsing' is clicked on

2019-06-19 16:19:23 - [TEST_STEP][PASSED] - refresh(): Refresh successfully

2019-06-19 16:19:23 - [MESSAGE][PASSED] - Refresh successfully

2019-06-19 16:19:23 - [TEST_STEP][PASSED] - delay(2): Delayed 2 second(s)

2019-06-19 16:19:25 - [MESSAGE][PASSED] - Delayed 2 second(s)

2019-06-19 16:19:25 - [TEST_STEP][PASSED] - click(findTestObject("OCS-MOBILE /Age gate and burger menu/Burger menu - English")): Object: 'Object Repository/OCS-MOBILE /Age gate and burger menu/Burger menu - English' is clicked on

2019-06-19 16:19:28 - [MESSAGE][PASSED] - Object: 'Object Repository/OCS-MOBILE /Age gate and burger menu/Burger menu - English' is clicked on

2019-06-19 16:19:28 - [TEST_STEP][PASSED] - delay(2): Delayed 2 second(s)

2019-06-19 16:19:30 - [MESSAGE][PASSED] - Delayed 2 second(s)

2019-06-19 16:19:30 - [TEST_STEP][PASSED] - click(findTestObject("OCS-MOBILE /Age gate and burger menu/Chevron_Cannabis")): Object: 'Object Repository/OCS-MOBILE /Age gate and burger menu/Chevron_Cannabis' is clicked on

2019-06-19 16:19:30 - [MESSAGE][PASSED] - Object: 'Object Repository/OCS-MOBILE /Age gate and burger menu/Chevron_Cannabis' is clicked on

2019-06-19 16:19:30 - [TEST_STEP][PASSED] - delay(2): Delayed 2 second(s)

2019-06-19 16:19:32 - [MESSAGE][PASSED] - Delayed 2 second(s)

2019-06-19 16:19:32 - [TEST_STEP][PASSED] - click(findTestObject("OCS-MOBILE /Age gate and burger menu/Dried Flower_Plus icon")): Object: 'Object Repository/OCS-MOBILE /Age gate and burger menu/Dried Flower_Plus icon' is clicked on

2019-06-19 16:19:32 - [MESSAGE][PASSED] - Object: 'Object Repository/OCS-MOBILE /Age gate and burger menu/Dried Flower_Plus icon' is clicked on

2019-06-19 16:19:32 - [TEST_STEP][PASSED] - delay(2): Delayed 2 second(s)

2019-06-19 16:19:34 - [MESSAGE][PASSED] - Delayed 2 second(s)

2019-06-19 16:19:34 - [TEST_STEP][PASSED] - click(findTestObject("OCS-MOBILE /Age gate and burger menu/Indica Dominant_Menu item")): Object: 'Object Repository/OCS-MOBILE /Age gate and burger menu/Indica Dominant_Menu item' is clicked on

2019-06-19 16:19:37 - [MESSAGE][PASSED] - Object: 'Object Repository/OCS-MOBILE /Age gate and burger menu/Indica Dominant_Menu item' is clicked on

2019-06-19 16:19:37 - [TEST_STEP][PASSED] - executeJavaScript("var previewBar = document.getElementById("preview-bar-iframe"); previewBar.style.display = "none";", []): Execute JavaScript 'var previewBar = document.getElementById("preview-bar-iframe"); previewBar.style.display = "none";' successfully

2019-06-19 16:19:37 - [MESSAGE][PASSED] - Execute JavaScript 'var previewBar = document.getElementById("preview-bar-iframe"); previewBar.style.display = "none";' successfully

2019-06-19 16:19:37 - [TEST_STEP][PASSED] - delay(2): Delayed 2 second(s)

2019-06-19 16:19:39 - [MESSAGE][PASSED] - Delayed 2 second(s)

2019-06-19 16:19:39 - [TEST_STEP][PASSED] - click(findTestObject("OCS-MOBILE /Collection page/Product image - 1st one")): Object: 'Object Repository/OCS-MOBILE /Collection page/Product image - 1st one' is clicked on

2019-06-19 16:19:43 - [MESSAGE][PASSED] - Object: 'Object Repository/OCS-MOBILE /Collection page/Product image - 1st one' is clicked on

2019-06-19 16:19:43 - [TEST_STEP][PASSED] - delay(2): Delayed 2 second(s)

2019-06-19 16:19:45 - [MESSAGE][PASSED] - Delayed 2 second(s)

2019-06-19 16:19:45 - [TEST_STEP][PASSED] - executeJavaScript("var previewBar = document.getElementById("preview-bar-iframe"); previewBar.style.display = "none";", []): Execute JavaScript 'var previewBar = document.getElementById("preview-bar-iframe"); previewBar.style.display = "none";' successfully

2019-06-19 16:19:46 - [MESSAGE][PASSED] - Execute JavaScript 'var previewBar = document.getElementById("preview-bar-iframe"); previewBar.style.display = "none";' successfully

2019-06-19 16:19:46 - [MESSAGE][PASSED] - Call Test Case 'Test Cases/OCS - MOBILE/CALL - PDP' successfully

2019-06-19 16:19:46 - [TEST_STEP][PASSED] - click(findTestObject("OCS-MOBILE /Product page/Tooltips/THC - Tooltip")): Object: 'Object Repository/OCS-MOBILE /Product page/Tooltips/THC - Tooltip' is clicked on

2019-06-19 16:19:46 - [MESSAGE][PASSED] - Object: 'Object Repository/OCS-MOBILE /Product page/Tooltips/THC - Tooltip' is clicked on

2019-06-19 16:19:46 - [TEST_STEP][PASSED] - takeScreenshot(): Taking screenshot successfully

2019-06-19 16:19:47 - [MESSAGE][PASSED] - Taking screenshot successfully
[[ATTACHMENT|/Users/sumankompelly/Relative xpath-Mobile/Reports/recordings - ( 1.10.2 )/20190619_153658/1560975586363.png]]

2019-06-19 16:19:47 - [TEST_STEP][PASSED] - delay(2): Delayed 2 second(s)

2019-06-19 16:19:49 - [MESSAGE][PASSED] - Delayed 2 second(s)

2019-06-19 16:19:49 - [TEST_STEP][PASSED] - click(findTestObject("OCS-MOBILE /Product page/Tooltips/CBD - Tooltip")): Object: 'Object Repository/OCS-MOBILE /Product page/Tooltips/CBD - Tooltip' is clicked on

2019-06-19 16:19:49 - [MESSAGE][PASSED] - Object: 'Object Repository/OCS-MOBILE /Product page/Tooltips/CBD - Tooltip' is clicked on

2019-06-19 16:19:49 - [TEST_STEP][PASSED] - takeScreenshot(): Taking screenshot successfully

2019-06-19 16:19:50 - [MESSAGE][PASSED] - Taking screenshot successfully
[[ATTACHMENT|/Users/sumankompelly/Relative xpath-Mobile/Reports/recordings - ( 1.10.2 )/20190619_153658/1560975589488.png]]

2019-06-19 16:19:50 - [TEST_STEP][PASSED] - delay(2): Delayed 2 second(s)

2019-06-19 16:19:52 - [MESSAGE][PASSED] - Delayed 2 second(s)

2019-06-19 16:19:52 - [TEST_STEP][PASSED] - click(findTestObject("OCS-MOBILE /Product page/Tooltips/Plant type - Tooltip")): Object: 'Object Repository/OCS-MOBILE /Product page/Tooltips/Plant type - Tooltip' is clicked on

2019-06-19 16:19:52 - [MESSAGE][PASSED] - Object: 'Object Repository/OCS-MOBILE /Product page/Tooltips/Plant type - Tooltip' is clicked on

2019-06-19 16:19:52 - [TEST_STEP][PASSED] - takeScreenshot(): Taking screenshot successfully

2019-06-19 16:19:53 - [MESSAGE][PASSED] - Taking screenshot successfully
[[ATTACHMENT|/Users/sumankompelly/Relative xpath-Mobile/Reports/recordings - ( 1.10.2 )/20190619_153658/1560975592483.png]]

2019-06-19 16:19:53 - [TEST_STEP][PASSED] - delay(2): Delayed 2 second(s)

2019-06-19 16:19:55 - [MESSAGE][PASSED] - Delayed 2 second(s)

2019-06-19 16:19:55 - [TEST_STEP][PASSED] - click(findTestObject("OCS-MOBILE /Product page/Tooltips/Terpenes - Tooltip")): Object: 'Object Repository/OCS-MOBILE /Product page/Tooltips/Terpenes - Tooltip' is clicked on

2019-06-19 16:19:55 - [MESSAGE][PASSED] - Object: 'Object Repository/OCS-MOBILE /Product page/Tooltips/Terpenes - Tooltip' is clicked on

2019-06-19 16:19:55 - [TEST_STEP][PASSED] - takeScreenshot(): Taking screenshot successfully

2019-06-19 16:19:56 - [MESSAGE][PASSED] - Taking screenshot successfully
[[ATTACHMENT|/Users/sumankompelly/Relative xpath-Mobile/Reports/recordings - ( 1.10.2 )/20190619_153658/1560975595726.png]]

2019-06-19 16:19:56 - [TEST_STEP][PASSED] - delay(2): Delayed 2 second(s)

2019-06-19 16:19:58 - [MESSAGE][PASSED] - Delayed 2 second(s)

2019-06-19 16:19:58 - [TEST_STEP][PASSED] - scrollToElement(findTestObject("OCS-MOBILE /Product page/About Product - Section"), 0): Scroll to object 'Object Repository/OCS-MOBILE /Product page/About Product - Section' successfully

2019-06-19 16:19:58 - [MESSAGE][WARNING] - Timeout '0' is invalid. Using default page load timeout: '30'

2019-06-19 16:19:58 - [MESSAGE][PASSED] - Scroll to object 'Object Repository/OCS-MOBILE /Product page/About Product - Section' successfully

2019-06-19 16:19:58 - [TEST_STEP][PASSED] - click(findTestObject("OCS-MOBILE /Product page/Tooltips/THC - Tooltip - About this product")): Object: 'Object Repository/OCS-MOBILE /Product page/Tooltips/THC - Tooltip - About this product' is clicked on

2019-06-19 16:19:59 - [MESSAGE][PASSED] - Object: 'Object Repository/OCS-MOBILE /Product page/Tooltips/THC - Tooltip - About this product' is clicked on

2019-06-19 16:19:59 - [TEST_STEP][PASSED] - delay(1): Delayed 1 second(s)

2019-06-19 16:20:00 - [MESSAGE][PASSED] - Delayed 1 second(s)

2019-06-19 16:20:00 - [TEST_STEP][PASSED] - takeScreenshot(): Taking screenshot successfully

2019-06-19 16:20:00 - [MESSAGE][PASSED] - Taking screenshot successfully
[[ATTACHMENT|/Users/sumankompelly/Relative xpath-Mobile/Reports/recordings - ( 1.10.2 )/20190619_153658/1560975600063.png]]

2019-06-19 16:20:00 - [TEST_STEP][PASSED] - delay(1): Delayed 1 second(s)

2019-06-19 16:20:01 - [MESSAGE][PASSED] - Delayed 1 second(s)

2019-06-19 16:20:01 - [TEST_STEP][PASSED] - click(findTestObject("OCS-MOBILE /Product page/Tooltips/Close - Tooltip - THC")): Object: 'Object Repository/OCS-MOBILE /Product page/Tooltips/Close - Tooltip - THC' is clicked on

2019-06-19 16:20:02 - [MESSAGE][PASSED] - Object: 'Object Repository/OCS-MOBILE /Product page/Tooltips/Close - Tooltip - THC' is clicked on

2019-06-19 16:20:02 - [TEST_STEP][PASSED] - delay(1): Delayed 1 second(s)

2019-06-19 16:20:03 - [MESSAGE][PASSED] - Delayed 1 second(s)

2019-06-19 16:20:03 - [TEST_STEP][PASSED] - click(findTestObject("OCS-MOBILE /Product page/Tooltips/CBD - Tooltip - About this product")): Object: 'Object Repository/OCS-MOBILE /Product page/Tooltips/CBD - Tooltip - About this product' is clicked on

2019-06-19 16:20:03 - [MESSAGE][PASSED] - Object: 'Object Repository/OCS-MOBILE /Product page/Tooltips/CBD - Tooltip - About this product' is clicked on

2019-06-19 16:20:03 - [TEST_STEP][PASSED] - delay(1): Delayed 1 second(s)

2019-06-19 16:20:04 - [MESSAGE][PASSED] - Delayed 1 second(s)

2019-06-19 16:20:04 - [TEST_STEP][PASSED] - takeScreenshot(): Taking screenshot successfully

2019-06-19 16:20:05 - [MESSAGE][PASSED] - Taking screenshot successfully
[[ATTACHMENT|/Users/sumankompelly/Relative xpath-Mobile/Reports/recordings - ( 1.10.2 )/20190619_153658/1560975604464.png]]

2019-06-19 16:20:05 - [TEST_STEP][PASSED] - delay(1): Delayed 1 second(s)

2019-06-19 16:20:06 - [MESSAGE][PASSED] - Delayed 1 second(s)

2019-06-19 16:20:06 - [TEST_STEP][PASSED] - click(findTestObject("OCS-MOBILE /Product page/Tooltips/Close - Tooltip - CBD")): Object: 'Object Repository/OCS-MOBILE /Product page/Tooltips/Close - Tooltip - CBD' is clicked on

2019-06-19 16:20:06 - [MESSAGE][PASSED] - Object: 'Object Repository/OCS-MOBILE /Product page/Tooltips/Close - Tooltip - CBD' is clicked on

2019-06-19 16:20:06 - [TEST_STEP][PASSED] - delay(1): Delayed 1 second(s)

2019-06-19 16:20:07 - [MESSAGE][PASSED] - Delayed 1 second(s)

2019-06-19 16:20:07 - [TEST_STEP][PASSED] - click(findTestObject("OCS-MOBILE /Product page/Tooltips/Plant type - Tooltip - About this product")): Object: 'Object Repository/OCS-MOBILE /Product page/Tooltips/Plant type - Tooltip - About this product' is clicked on

2019-06-19 16:20:07 - [MESSAGE][PASSED] - Object: 'Object Repository/OCS-MOBILE /Product page/Tooltips/Plant type - Tooltip - About this product' is clicked on

2019-06-19 16:20:07 - [TEST_STEP][PASSED] - delay(1): Delayed 1 second(s)

2019-06-19 16:20:08 - [MESSAGE][PASSED] - Delayed 1 second(s)

2019-06-19 16:20:08 - [TEST_STEP][PASSED] - takeScreenshot(): Taking screenshot successfully

2019-06-19 16:20:09 - [MESSAGE][PASSED] - Taking screenshot successfully
[[ATTACHMENT|/Users/sumankompelly/Relative xpath-Mobile/Reports/recordings - ( 1.10.2 )/20190619_153658/1560975608692.png]]

2019-06-19 16:20:09 - [TEST_STEP][PASSED] - delay(1): Delayed 1 second(s)

2019-06-19 16:20:10 - [MESSAGE][PASSED] - Delayed 1 second(s)

2019-06-19 16:20:10 - [TEST_STEP][PASSED] - click(findTestObject("OCS-MOBILE /Product page/Tooltips/Close - Tooltip - Plant")): Object: 'Object Repository/OCS-MOBILE /Product page/Tooltips/Close - Tooltip - Plant' is clicked on

2019-06-19 16:20:10 - [MESSAGE][PASSED] - Object: 'Object Repository/OCS-MOBILE /Product page/Tooltips/Close - Tooltip - Plant' is clicked on

2019-06-19 16:20:10 - [TEST_STEP][PASSED] - delay(1): Delayed 1 second(s)

2019-06-19 16:20:11 - [MESSAGE][PASSED] - Delayed 1 second(s)

2019-06-19 16:20:11 - [TEST_STEP][PASSED] - click(findTestObject("OCS-MOBILE /Product page/Tooltips/Terpenes - Tooltip - About this product")): Object: 'Object Repository/OCS-MOBILE /Product page/Tooltips/Terpenes - Tooltip - About this product' is clicked on

2019-06-19 16:20:12 - [MESSAGE][PASSED] - Object: 'Object Repository/OCS-MOBILE /Product page/Tooltips/Terpenes - Tooltip - About this product' is clicked on

2019-06-19 16:20:12 - [TEST_STEP][PASSED] - delay(1): Delayed 1 second(s)

2019-06-19 16:20:13 - [MESSAGE][PASSED] - Delayed 1 second(s)

2019-06-19 16:20:13 - [TEST_STEP][PASSED] - takeScreenshot(): Taking screenshot successfully

2019-06-19 16:20:14 - [MESSAGE][PASSED] - Taking screenshot successfully
[[ATTACHMENT|/Users/sumankompelly/Relative xpath-Mobile/Reports/recordings - ( 1.10.2 )/20190619_153658/1560975613288.png]]

2019-06-19 16:20:14 - [TEST_STEP][PASSED] - delay(1): Delayed 1 second(s)

2019-06-19 16:20:15 - [MESSAGE][PASSED] - Delayed 1 second(s)

2019-06-19 16:20:15 - [TEST_STEP][PASSED] - click(findTestObject("OCS-MOBILE /Product page/Tooltips/Close - Tooltip - Terepenes")): Object: 'Object Repository/OCS-MOBILE /Product page/Tooltips/Close - Tooltip - Terepenes' is clicked on

2019-06-19 16:20:15 - [MESSAGE][PASSED] - Object: 'Object Repository/OCS-MOBILE /Product page/Tooltips/Close - Tooltip - Terepenes' is clicked on

2019-06-19 16:20:15 - [TEST_STEP][PASSED] - delay(1): Delayed 1 second(s)

2019-06-19 16:20:16 - [MESSAGE][PASSED] - Delayed 1 second(s)

2019-06-19 16:20:16 - [TEST_STEP][PASSED] - click(findTestObject("OCS-MOBILE /Product page/Tooltips/GTIN - Tooltip - About this product")): Object: 'Object Repository/OCS-MOBILE /Product page/Tooltips/GTIN - Tooltip - About this product' is clicked on

2019-06-19 16:20:16 - [MESSAGE][PASSED] - Object: 'Object Repository/OCS-MOBILE /Product page/Tooltips/GTIN - Tooltip - About this product' is clicked on

2019-06-19 16:20:16 - [TEST_STEP][PASSED] - delay(1): Delayed 1 second(s)

2019-06-19 16:20:17 - [MESSAGE][PASSED] - Delayed 1 second(s)

2019-06-19 16:20:17 - [TEST_STEP][PASSED] - takeScreenshot(): Taking screenshot successfully

2019-06-19 16:20:18 - [MESSAGE][PASSED] - Taking screenshot successfully
[[ATTACHMENT|/Users/sumankompelly/Relative xpath-Mobile/Reports/recordings - ( 1.10.2 )/20190619_153658/1560975617589.png]]

2019-06-19 16:20:18 - [TEST_STEP][PASSED] - delay(1): Delayed 1 second(s)

2019-06-19 16:20:19 - [MESSAGE][PASSED] - Delayed 1 second(s)

2019-06-19 16:20:19 - [TEST_STEP][PASSED] - click(findTestObject("OCS-MOBILE /Product page/Tooltips/Close - Tooltip - GTIN")): Object: 'Object Repository/OCS-MOBILE /Product page/Tooltips/Close - Tooltip - GTIN' is clicked on

2019-06-19 16:20:19 - [MESSAGE][PASSED] - Object: 'Object Repository/OCS-MOBILE /Product page/Tooltips/Close - Tooltip - GTIN' is clicked on

2019-06-19 16:20:19 - [TEST_STEP][PASSED] - delay(1): Delayed 1 second(s)

2019-06-19 16:20:20 - [MESSAGE][PASSED] - Delayed 1 second(s)]]></system-out>
         <system-err><![CDATA[]]></system-err>
      </testcase>
      <testcase name="Test Cases/OCS - MOBILE/OCS- PRODUCT PAGE/Show all accessories" classname="Test Cases/OCS - MOBILE/OCS- PRODUCT PAGE/Show all accessories" status="FAILED">
         <failure type="FAILED" message="Test Cases/OCS - MOBILE/OCS- PRODUCT PAGE/Show all accessories FAILED.
Reason:
com.kms.katalon.core.exception.StepFailedException: Unable to verify equal between actual object 'All Products | Ontario Cannabis Store' and expected object 'All Accessories | Ontario Cannabis Store' (Root cause: com.kms.katalon.core.exception.StepFailedException: Actual object 'All Products | Ontario Cannabis Store' and expected object 'All Accessories | Ontario Cannabis Store' are not equal)
	at com.kms.katalon.core.keyword.internal.KeywordMain.stepFailed(KeywordMain.groovy:36)
	at com.kms.katalon.core.keyword.internal.KeywordMain.stepFailed(KeywordMain.groovy)
	at com.kms.katalon.core.keyword.internal.KeywordMain.runKeyword(KeywordMain.groovy:56)
	at com.kms.katalon.core.keyword.builtin.VerifyEqualKeyword.verifyEqual(VerifyEqualKeyword.groovy:63)
	at com.kms.katalon.core.keyword.builtin.VerifyEqualKeyword.execute(VerifyEqualKeyword.groovy:44)
	at com.kms.katalon.core.keyword.internal.KeywordExecutor.executeKeywordForPlatform(KeywordExecutor.groovy:53)
	at com.kms.katalon.core.keyword.BuiltinKeywords.verifyEqual(BuiltinKeywords.groovy:141)
	at Show all accessories.run(Show all accessories:30)
	at com.kms.katalon.core.main.ScriptEngine.run(ScriptEngine.java:194)
	at com.kms.katalon.core.main.ScriptEngine.runScriptAsRawText(ScriptEngine.java:119)
	at com.kms.katalon.core.main.TestCaseExecutor.runScript(TestCaseExecutor.java:328)
	at com.kms.katalon.core.main.TestCaseExecutor.doExecute(TestCaseExecutor.java:319)
	at com.kms.katalon.core.main.TestCaseExecutor.processExecutionPhase(TestCaseExecutor.java:298)
	at com.kms.katalon.core.main.TestCaseExecutor.accessMainPhase(TestCaseExecutor.java:290)
	at com.kms.katalon.core.main.TestCaseExecutor.execute(TestCaseExecutor.java:224)
	at com.kms.katalon.core.main.TestSuiteExecutor.accessTestCaseMainPhase(TestSuiteExecutor.java:129)
	at com.kms.katalon.core.main.TestSuiteExecutor.accessTestSuiteMainPhase(TestSuiteExecutor.java:112)
	at com.kms.katalon.core.main.TestSuiteExecutor.execute(TestSuiteExecutor.java:81)
	at com.kms.katalon.core.main.TestCaseMain.startTestSuite(TestCaseMain.java:149)
	at com.kms.katalon.core.main.TestCaseMain$startTestSuite$0.call(Unknown Source)
	at TempTestSuite1560973018737.run(TempTestSuite1560973018737.groovy:36)
"/>
         <system-out><![CDATA[2019-06-19 16:20:20 - [TEST_CASE][FAILED] - Test Cases/OCS - MOBILE/OCS- PRODUCT PAGE/Show all accessories: Test Cases/OCS - MOBILE/OCS- PRODUCT PAGE/Show all accessories FAILED.
Reason:
com.kms.katalon.core.exception.StepFailedException: Unable to verify equal between actual object 'All Products | Ontario Cannabis Store' and expected object 'All Accessories | Ontario Cannabis Store' (Root cause: com.kms.katalon.core.exception.StepFailedException: Actual object 'All Products | Ontario Cannabis Store' and expected object 'All Accessories | Ontario Cannabis Store' are not equal)
	at com.kms.katalon.core.keyword.internal.KeywordMain.stepFailed(KeywordMain.groovy:36)
	at com.kms.katalon.core.keyword.internal.KeywordMain.stepFailed(KeywordMain.groovy)
	at com.kms.katalon.core.keyword.internal.KeywordMain.runKeyword(KeywordMain.groovy:56)
	at com.kms.katalon.core.keyword.builtin.VerifyEqualKeyword.verifyEqual(VerifyEqualKeyword.groovy:63)
	at com.kms.katalon.core.keyword.builtin.VerifyEqualKeyword.execute(VerifyEqualKeyword.groovy:44)
	at com.kms.katalon.core.keyword.internal.KeywordExecutor.executeKeywordForPlatform(KeywordExecutor.groovy:53)
	at com.kms.katalon.core.keyword.BuiltinKeywords.verifyEqual(BuiltinKeywords.groovy:141)
	at Show all accessories.run(Show all accessories:30)
	at com.kms.katalon.core.main.ScriptEngine.run(ScriptEngine.java:194)
	at com.kms.katalon.core.main.ScriptEngine.runScriptAsRawText(ScriptEngine.java:119)
	at com.kms.katalon.core.main.TestCaseExecutor.runScript(TestCaseExecutor.java:328)
	at com.kms.katalon.core.main.TestCaseExecutor.doExecute(TestCaseExecutor.java:319)
	at com.kms.katalon.core.main.TestCaseExecutor.processExecutionPhase(TestCaseExecutor.java:298)
	at com.kms.katalon.core.main.TestCaseExecutor.accessMainPhase(TestCaseExecutor.java:290)
	at com.kms.katalon.core.main.TestCaseExecutor.execute(TestCaseExecutor.java:224)
	at com.kms.katalon.core.main.TestSuiteExecutor.accessTestCaseMainPhase(TestSuiteExecutor.java:129)
	at com.kms.katalon.core.main.TestSuiteExecutor.accessTestSuiteMainPhase(TestSuiteExecutor.java:112)
	at com.kms.katalon.core.main.TestSuiteExecutor.execute(TestSuiteExecutor.java:81)
	at com.kms.katalon.core.main.TestCaseMain.startTestSuite(TestCaseMain.java:149)
	at com.kms.katalon.core.main.TestCaseMain$startTestSuite$0.call(Unknown Source)
	at TempTestSuite1560973018737.run(TempTestSuite1560973018737.groovy:36)


2019-06-19 16:20:20 - [TEST_STEP][PASSED] - callTestCase(findTestCase("OCS - MOBILE/CALL - PDP"), [:], STOP_ON_FAILURE): Call Test Case 'Test Cases/OCS - MOBILE/CALL - PDP' successfully

2019-06-19 16:20:20 - [TEST_CASE][PASSED] - Test Cases/OCS - MOBILE/CALL - PDP: Test Cases/OCS - MOBILE/CALL - PDP

2019-06-19 16:20:20 - [TEST_STEP][PASSED] - openBrowser(""): Browser is opened with url: ''

2019-06-19 16:20:20 - [MESSAGE][WARNING] - A browser is already opened. Closing browser and opening a new one

2019-06-19 16:20:21 - [MESSAGE][INFO] - Starting 'Remote' driver

2019-06-19 16:20:21 - [MESSAGE][INFO] - User set preference: ['os', 'OS X']

2019-06-19 16:20:21 - [MESSAGE][INFO] - User set preference: ['os_version', 'High Sierra']

2019-06-19 16:20:21 - [MESSAGE][INFO] - User set preference: ['browser', 'Chrome']

2019-06-19 16:20:21 - [MESSAGE][INFO] - User set preference: ['browser_version', '76.0 beta']

2019-06-19 16:20:21 - [MESSAGE][INFO] - User set preference: ['browserstack.local', 'false']

2019-06-19 16:20:21 - [MESSAGE][INFO] - Connecting to remote web server 'https://dianatest3:Z3oqw9ysqTeRQJq5wFCp@hub-cloud.browserstack.com/wd/hub' with type 'Selenium'

2019-06-19 16:20:25 - [MESSAGE][PASSED] - Browser is opened with url: ''

2019-06-19 16:20:25 - [TEST_STEP][PASSED] - navigateToUrl("https://ocs.ca/?fts=0&preview_theme_id=72920106828"): Navigate to 'https://ocs.ca/?fts=0&preview_theme_id=72920106828' successfully

2019-06-19 16:20:30 - [MESSAGE][PASSED] - Navigate to 'https://ocs.ca/?fts=0&preview_theme_id=72920106828' successfully

2019-06-19 16:20:30 - [TEST_STEP][PASSED] - executeJavaScript("var previewBar = document.getElementById("preview-bar-iframe"); previewBar.style.display = "none";", []): Execute JavaScript 'var previewBar = document.getElementById("preview-bar-iframe"); previewBar.style.display = "none";' successfully

2019-06-19 16:20:30 - [MESSAGE][PASSED] - Execute JavaScript 'var previewBar = document.getElementById("preview-bar-iframe"); previewBar.style.display = "none";' successfully

2019-06-19 16:20:30 - [TEST_STEP][PASSED] - setViewPortSize(360, 800): Viewport is set to new size with width = 360 and height = 800

2019-06-19 16:20:30 - [MESSAGE][PASSED] - Viewport is set to new size with width = 360 and height = 800

2019-06-19 16:20:30 - [TEST_STEP][PASSED] - delay(4): Delayed 4 second(s)

2019-06-19 16:20:34 - [MESSAGE][PASSED] - Delayed 4 second(s)

2019-06-19 16:20:34 - [TEST_STEP][PASSED] - selectOptionByValue(findTestObject("OCS-MOBILE /Age gate and burger menu/Date"), "12", true): All options with value '12' are selected in object 'Object Repository/OCS-MOBILE /Age gate and burger menu/Date'  using regular expression

2019-06-19 16:20:38 - [MESSAGE][PASSED] - All options with value '12' are selected in object 'Object Repository/OCS-MOBILE /Age gate and burger menu/Date'  using regular expression

2019-06-19 16:20:38 - [TEST_STEP][PASSED] - selectOptionByValue(findTestObject("OCS-MOBILE /Age gate and burger menu/month"), "6", true): All options with value '6' are selected in object 'Object Repository/OCS-MOBILE /Age gate and burger menu/month'  using regular expression

2019-06-19 16:20:40 - [MESSAGE][PASSED] - All options with value '6' are selected in object 'Object Repository/OCS-MOBILE /Age gate and burger menu/month'  using regular expression

2019-06-19 16:20:40 - [TEST_STEP][PASSED] - delay(2): Delayed 2 second(s)

2019-06-19 16:20:42 - [MESSAGE][PASSED] - Delayed 2 second(s)

2019-06-19 16:20:42 - [TEST_STEP][PASSED] - selectOptionByValue(findTestObject("OCS-MOBILE /Age gate and burger menu/Year Dropdown"), "1990", true): All options with value '1990' are selected in object 'Object Repository/OCS-MOBILE /Age gate and burger menu/Year Dropdown'  using regular expression

2019-06-19 16:20:55 - [MESSAGE][PASSED] - All options with value '1990' are selected in object 'Object Repository/OCS-MOBILE /Age gate and burger menu/Year Dropdown'  using regular expression

2019-06-19 16:20:55 - [TEST_STEP][PASSED] - click(findTestObject("OCS-MOBILE /Age gate and Mega menu/button_Verify")): Object: 'Object Repository/OCS-MOBILE /Age gate and Mega menu/button_Verify' is clicked on

2019-06-19 16:20:56 - [MESSAGE][PASSED] - Object: 'Object Repository/OCS-MOBILE /Age gate and Mega menu/button_Verify' is clicked on

2019-06-19 16:20:56 - [TEST_STEP][PASSED] - click(findTestObject("OCS-MOBILE /Age gate and Mega menu/Checkbox_CONFIRM AND ACKNOWLEDGE")): Object: 'Object Repository/OCS-MOBILE /Age gate and Mega menu/Checkbox_CONFIRM AND ACKNOWLEDGE' is clicked on

2019-06-19 16:20:56 - [MESSAGE][PASSED] - Object: 'Object Repository/OCS-MOBILE /Age gate and Mega menu/Checkbox_CONFIRM AND ACKNOWLEDGE' is clicked on

2019-06-19 16:20:56 - [TEST_STEP][PASSED] - click(findTestObject("OCS-MOBILE /Age gate and Mega menu/button_CONFIRM")): Object: 'Object Repository/OCS-MOBILE /Age gate and Mega menu/button_CONFIRM' is clicked on

2019-06-19 16:20:56 - [MESSAGE][PASSED] - Object: 'Object Repository/OCS-MOBILE /Age gate and Mega menu/button_CONFIRM' is clicked on

2019-06-19 16:20:56 - [TEST_STEP][PASSED] - click(findTestObject("OCS-MOBILE /Age gate and Mega menu/button_Start Browsing")): Object: 'Object Repository/OCS-MOBILE /Age gate and Mega menu/button_Start Browsing' is clicked on

2019-06-19 16:20:57 - [MESSAGE][PASSED] - Object: 'Object Repository/OCS-MOBILE /Age gate and Mega menu/button_Start Browsing' is clicked on

2019-06-19 16:20:57 - [TEST_STEP][PASSED] - refresh(): Refresh successfully

2019-06-19 16:20:57 - [MESSAGE][PASSED] - Refresh successfully

2019-06-19 16:20:57 - [TEST_STEP][PASSED] - delay(2): Delayed 2 second(s)

2019-06-19 16:20:59 - [MESSAGE][PASSED] - Delayed 2 second(s)

2019-06-19 16:20:59 - [TEST_STEP][PASSED] - click(findTestObject("OCS-MOBILE /Age gate and burger menu/Burger menu - English")): Object: 'Object Repository/OCS-MOBILE /Age gate and burger menu/Burger menu - English' is clicked on

2019-06-19 16:21:03 - [MESSAGE][PASSED] - Object: 'Object Repository/OCS-MOBILE /Age gate and burger menu/Burger menu - English' is clicked on

2019-06-19 16:21:03 - [TEST_STEP][PASSED] - delay(2): Delayed 2 second(s)

2019-06-19 16:21:05 - [MESSAGE][PASSED] - Delayed 2 second(s)

2019-06-19 16:21:05 - [TEST_STEP][PASSED] - click(findTestObject("OCS-MOBILE /Age gate and burger menu/Chevron_Cannabis")): Object: 'Object Repository/OCS-MOBILE /Age gate and burger menu/Chevron_Cannabis' is clicked on

2019-06-19 16:21:05 - [MESSAGE][PASSED] - Object: 'Object Repository/OCS-MOBILE /Age gate and burger menu/Chevron_Cannabis' is clicked on

2019-06-19 16:21:05 - [TEST_STEP][PASSED] - delay(2): Delayed 2 second(s)

2019-06-19 16:21:07 - [MESSAGE][PASSED] - Delayed 2 second(s)

2019-06-19 16:21:07 - [TEST_STEP][PASSED] - click(findTestObject("OCS-MOBILE /Age gate and burger menu/Dried Flower_Plus icon")): Object: 'Object Repository/OCS-MOBILE /Age gate and burger menu/Dried Flower_Plus icon' is clicked on

2019-06-19 16:21:08 - [MESSAGE][PASSED] - Object: 'Object Repository/OCS-MOBILE /Age gate and burger menu/Dried Flower_Plus icon' is clicked on

2019-06-19 16:21:08 - [TEST_STEP][PASSED] - delay(2): Delayed 2 second(s)

2019-06-19 16:21:10 - [MESSAGE][PASSED] - Delayed 2 second(s)

2019-06-19 16:21:10 - [TEST_STEP][PASSED] - click(findTestObject("OCS-MOBILE /Age gate and burger menu/Indica Dominant_Menu item")): Object: 'Object Repository/OCS-MOBILE /Age gate and burger menu/Indica Dominant_Menu item' is clicked on

2019-06-19 16:21:15 - [MESSAGE][PASSED] - Object: 'Object Repository/OCS-MOBILE /Age gate and burger menu/Indica Dominant_Menu item' is clicked on

2019-06-19 16:21:15 - [TEST_STEP][PASSED] - executeJavaScript("var previewBar = document.getElementById("preview-bar-iframe"); previewBar.style.display = "none";", []): Execute JavaScript 'var previewBar = document.getElementById("preview-bar-iframe"); previewBar.style.display = "none";' successfully

2019-06-19 16:21:15 - [MESSAGE][PASSED] - Execute JavaScript 'var previewBar = document.getElementById("preview-bar-iframe"); previewBar.style.display = "none";' successfully

2019-06-19 16:21:15 - [TEST_STEP][PASSED] - delay(2): Delayed 2 second(s)

2019-06-19 16:21:17 - [MESSAGE][PASSED] - Delayed 2 second(s)

2019-06-19 16:21:17 - [TEST_STEP][PASSED] - click(findTestObject("OCS-MOBILE /Collection page/Product image - 1st one")): Object: 'Object Repository/OCS-MOBILE /Collection page/Product image - 1st one' is clicked on

2019-06-19 16:21:21 - [MESSAGE][PASSED] - Object: 'Object Repository/OCS-MOBILE /Collection page/Product image - 1st one' is clicked on

2019-06-19 16:21:21 - [TEST_STEP][PASSED] - delay(2): Delayed 2 second(s)

2019-06-19 16:21:23 - [MESSAGE][PASSED] - Delayed 2 second(s)

2019-06-19 16:21:23 - [TEST_STEP][PASSED] - executeJavaScript("var previewBar = document.getElementById("preview-bar-iframe"); previewBar.style.display = "none";", []): Execute JavaScript 'var previewBar = document.getElementById("preview-bar-iframe"); previewBar.style.display = "none";' successfully

2019-06-19 16:21:23 - [MESSAGE][PASSED] - Execute JavaScript 'var previewBar = document.getElementById("preview-bar-iframe"); previewBar.style.display = "none";' successfully

2019-06-19 16:21:23 - [MESSAGE][PASSED] - Call Test Case 'Test Cases/OCS - MOBILE/CALL - PDP' successfully

2019-06-19 16:21:23 - [TEST_STEP][PASSED] - scrollToElement(findTestObject("OCS-MOBILE /Product page/More items to consider section/Grinders - Tab"), 2): Scroll to object 'Object Repository/OCS-MOBILE /Product page/More items to consider section/Grinders - Tab' successfully

2019-06-19 16:21:24 - [MESSAGE][PASSED] - Scroll to object 'Object Repository/OCS-MOBILE /Product page/More items to consider section/Grinders - Tab' successfully

2019-06-19 16:21:24 - [TEST_STEP][PASSED] - delay(5): Delayed 5 second(s)

2019-06-19 16:21:29 - [MESSAGE][PASSED] - Delayed 5 second(s)

2019-06-19 16:21:29 - [TEST_STEP][PASSED] - click(findTestObject("OCS-MOBILE /Product page/More items to consider section/Show all accessories - Link")): Object: 'Object Repository/OCS-MOBILE /Product page/More items to consider section/Show all accessories - Link' is clicked on

2019-06-19 16:21:32 - [MESSAGE][PASSED] - Object: 'Object Repository/OCS-MOBILE /Product page/More items to consider section/Show all accessories - Link' is clicked on

2019-06-19 16:21:32 - [TEST_STEP][PASSED] - a = getWindowTitle(): Current window's title is: 'All Products | Ontario Cannabis Store'

2019-06-19 16:21:32 - [MESSAGE][PASSED] - Current window's title is: 'All Products | Ontario Cannabis Store'

2019-06-19 16:21:32 - [TEST_STEP][PASSED] - b = "All Accessories | Ontario Cannabis Store": null

2019-06-19 16:21:32 - [TEST_STEP][PASSED] - comment("WINDOW TITLE: " + a): WINDOW TITLE: All Products | Ontario Cannabis Store

2019-06-19 16:21:32 - [MESSAGE][INFO] - WINDOW TITLE: All Products | Ontario Cannabis Store

2019-06-19 16:21:32 - [TEST_STEP][FAILED] - verifyEqual(a, b): verifyEqual(a, b) FAILED.
Reason:
com.kms.katalon.core.exception.StepFailedException: Unable to verify equal between actual object 'All Products | Ontario Cannabis Store' and expected object 'All Accessories | Ontario Cannabis Store' (Root cause: com.kms.katalon.core.exception.StepFailedException: Actual object 'All Products | Ontario Cannabis Store' and expected object 'All Accessories | Ontario Cannabis Store' are not equal)
	at com.kms.katalon.core.keyword.internal.KeywordMain.stepFailed(KeywordMain.groovy:36)
	at com.kms.katalon.core.keyword.internal.KeywordMain.stepFailed(KeywordMain.groovy)
	at com.kms.katalon.core.keyword.internal.KeywordMain.runKeyword(KeywordMain.groovy:56)
	at com.kms.katalon.core.keyword.builtin.VerifyEqualKeyword.verifyEqual(VerifyEqualKeyword.groovy:63)
	at com.kms.katalon.core.keyword.builtin.VerifyEqualKeyword.execute(VerifyEqualKeyword.groovy:44)
	at com.kms.katalon.core.keyword.internal.KeywordExecutor.executeKeywordForPlatform(KeywordExecutor.groovy:53)
	at com.kms.katalon.core.keyword.BuiltinKeywords.verifyEqual(BuiltinKeywords.groovy:141)
	at Show all accessories.run(Show all accessories:30)
	at com.kms.katalon.core.main.ScriptEngine.run(ScriptEngine.java:194)
	at com.kms.katalon.core.main.ScriptEngine.runScriptAsRawText(ScriptEngine.java:119)
	at com.kms.katalon.core.main.TestCaseExecutor.runScript(TestCaseExecutor.java:328)
	at com.kms.katalon.core.main.TestCaseExecutor.doExecute(TestCaseExecutor.java:319)
	at com.kms.katalon.core.main.TestCaseExecutor.processExecutionPhase(TestCaseExecutor.java:298)
	at com.kms.katalon.core.main.TestCaseExecutor.accessMainPhase(TestCaseExecutor.java:290)
	at com.kms.katalon.core.main.TestCaseExecutor.execute(TestCaseExecutor.java:224)
	at com.kms.katalon.core.main.TestSuiteExecutor.accessTestCaseMainPhase(TestSuiteExecutor.java:129)
	at com.kms.katalon.core.main.TestSuiteExecutor.accessTestSuiteMainPhase(TestSuiteExecutor.java:112)
	at com.kms.katalon.core.main.TestSuiteExecutor.execute(TestSuiteExecutor.java:81)
	at com.kms.katalon.core.main.TestCaseMain.startTestSuite(TestCaseMain.java:149)
	at com.kms.katalon.core.main.TestCaseMain$startTestSuite$0.call(Unknown Source)
	at TempTestSuite1560973018737.run(TempTestSuite1560973018737.groovy:36)


2019-06-19 16:21:32 - [MESSAGE][FAILED] - Unable to verify equal between actual object 'All Products | Ontario Cannabis Store' and expected object 'All Accessories | Ontario Cannabis Store' (Root cause: com.kms.katalon.core.exception.StepFailedException: Actual object 'All Products | Ontario Cannabis Store' and expected object 'All Accessories | Ontario Cannabis Store' are not equal)

2019-06-19 16:21:32 - [MESSAGE][FAILED] - verifyEqual(a, b) FAILED.
Reason:
com.kms.katalon.core.exception.StepFailedException: Unable to verify equal between actual object 'All Products | Ontario Cannabis Store' and expected object 'All Accessories | Ontario Cannabis Store' (Root cause: com.kms.katalon.core.exception.StepFailedException: Actual object 'All Products | Ontario Cannabis Store' and expected object 'All Accessories | Ontario Cannabis Store' are not equal)
	at com.kms.katalon.core.keyword.internal.KeywordMain.stepFailed(KeywordMain.groovy:36)
	at com.kms.katalon.core.keyword.internal.KeywordMain.stepFailed(KeywordMain.groovy)
	at com.kms.katalon.core.keyword.internal.KeywordMain.runKeyword(KeywordMain.groovy:56)
	at com.kms.katalon.core.keyword.builtin.VerifyEqualKeyword.verifyEqual(VerifyEqualKeyword.groovy:63)
	at com.kms.katalon.core.keyword.builtin.VerifyEqualKeyword.execute(VerifyEqualKeyword.groovy:44)
	at com.kms.katalon.core.keyword.internal.KeywordExecutor.executeKeywordForPlatform(KeywordExecutor.groovy:53)
	at com.kms.katalon.core.keyword.BuiltinKeywords.verifyEqual(BuiltinKeywords.groovy:141)
	at Show all accessories.run(Show all accessories:30)
	at com.kms.katalon.core.main.ScriptEngine.run(ScriptEngine.java:194)
	at com.kms.katalon.core.main.ScriptEngine.runScriptAsRawText(ScriptEngine.java:119)
	at com.kms.katalon.core.main.TestCaseExecutor.runScript(TestCaseExecutor.java:328)
	at com.kms.katalon.core.main.TestCaseExecutor.doExecute(TestCaseExecutor.java:319)
	at com.kms.katalon.core.main.TestCaseExecutor.processExecutionPhase(TestCaseExecutor.java:298)
	at com.kms.katalon.core.main.TestCaseExecutor.accessMainPhase(TestCaseExecutor.java:290)
	at com.kms.katalon.core.main.TestCaseExecutor.execute(TestCaseExecutor.java:224)
	at com.kms.katalon.core.main.TestSuiteExecutor.accessTestCaseMainPhase(TestSuiteExecutor.java:129)
	at com.kms.katalon.core.main.TestSuiteExecutor.accessTestSuiteMainPhase(TestSuiteExecutor.java:112)
	at com.kms.katalon.core.main.TestSuiteExecutor.execute(TestSuiteExecutor.java:81)
	at com.kms.katalon.core.main.TestCaseMain.startTestSuite(TestCaseMain.java:149)
	at com.kms.katalon.core.main.TestCaseMain$startTestSuite$0.call(Unknown Source)
	at TempTestSuite1560973018737.run(TempTestSuite1560973018737.groovy:36)]]></system-out>
         <system-err><![CDATA[2019-06-19 16:20:20 - [TEST_CASE][FAILED] - Test Cases/OCS - MOBILE/OCS- PRODUCT PAGE/Show all accessories: Test Cases/OCS - MOBILE/OCS- PRODUCT PAGE/Show all accessories FAILED.
Reason:
com.kms.katalon.core.exception.StepFailedException: Unable to verify equal between actual object 'All Products | Ontario Cannabis Store' and expected object 'All Accessories | Ontario Cannabis Store' (Root cause: com.kms.katalon.core.exception.StepFailedException: Actual object 'All Products | Ontario Cannabis Store' and expected object 'All Accessories | Ontario Cannabis Store' are not equal)
	at com.kms.katalon.core.keyword.internal.KeywordMain.stepFailed(KeywordMain.groovy:36)
	at com.kms.katalon.core.keyword.internal.KeywordMain.stepFailed(KeywordMain.groovy)
	at com.kms.katalon.core.keyword.internal.KeywordMain.runKeyword(KeywordMain.groovy:56)
	at com.kms.katalon.core.keyword.builtin.VerifyEqualKeyword.verifyEqual(VerifyEqualKeyword.groovy:63)
	at com.kms.katalon.core.keyword.builtin.VerifyEqualKeyword.execute(VerifyEqualKeyword.groovy:44)
	at com.kms.katalon.core.keyword.internal.KeywordExecutor.executeKeywordForPlatform(KeywordExecutor.groovy:53)
	at com.kms.katalon.core.keyword.BuiltinKeywords.verifyEqual(BuiltinKeywords.groovy:141)
	at Show all accessories.run(Show all accessories:30)
	at com.kms.katalon.core.main.ScriptEngine.run(ScriptEngine.java:194)
	at com.kms.katalon.core.main.ScriptEngine.runScriptAsRawText(ScriptEngine.java:119)
	at com.kms.katalon.core.main.TestCaseExecutor.runScript(TestCaseExecutor.java:328)
	at com.kms.katalon.core.main.TestCaseExecutor.doExecute(TestCaseExecutor.java:319)
	at com.kms.katalon.core.main.TestCaseExecutor.processExecutionPhase(TestCaseExecutor.java:298)
	at com.kms.katalon.core.main.TestCaseExecutor.accessMainPhase(TestCaseExecutor.java:290)
	at com.kms.katalon.core.main.TestCaseExecutor.execute(TestCaseExecutor.java:224)
	at com.kms.katalon.core.main.TestSuiteExecutor.accessTestCaseMainPhase(TestSuiteExecutor.java:129)
	at com.kms.katalon.core.main.TestSuiteExecutor.accessTestSuiteMainPhase(TestSuiteExecutor.java:112)
	at com.kms.katalon.core.main.TestSuiteExecutor.execute(TestSuiteExecutor.java:81)
	at com.kms.katalon.core.main.TestCaseMain.startTestSuite(TestCaseMain.java:149)
	at com.kms.katalon.core.main.TestCaseMain$startTestSuite$0.call(Unknown Source)
	at TempTestSuite1560973018737.run(TempTestSuite1560973018737.groovy:36)]]></system-err>
      </testcase>
      <testcase name="Test Cases/OCS - MOBILE/OCS- PRODUCT PAGE/breadcrumb" classname="Test Cases/OCS - MOBILE/OCS- PRODUCT PAGE/breadcrumb" status="FAILED">
         <failure type="FAILED" message="Test Cases/OCS - MOBILE/OCS- PRODUCT PAGE/breadcrumb FAILED.
Reason:
com.kms.katalon.core.exception.StepFailedException: Unable to click on object (Root cause: java.lang.IllegalArgumentException: Object is null)
	at com.kms.katalon.core.keyword.internal.KeywordMain.stepFailed(KeywordMain.groovy:36)
	at com.kms.katalon.core.webui.keyword.internal.WebUIKeywordMain.stepFailed(WebUIKeywordMain.groovy:65)
	at com.kms.katalon.core.webui.keyword.internal.WebUIKeywordMain.runKeyword(WebUIKeywordMain.groovy:27)
	at com.kms.katalon.core.webui.keyword.builtin.ClickKeyword.click(ClickKeyword.groovy:86)
	at com.kms.katalon.core.webui.keyword.builtin.ClickKeyword.execute(ClickKeyword.groovy:67)
	at com.kms.katalon.core.keyword.internal.KeywordExecutor.executeKeywordForPlatform(KeywordExecutor.groovy:53)
	at com.kms.katalon.core.webui.keyword.WebUiBuiltInKeywords.click(WebUiBuiltInKeywords.groovy:616)
	at com.kms.katalon.core.webui.keyword.WebUiBuiltInKeywords$click$4.call(Unknown Source)
	at breadcrumb.run(breadcrumb:18)
	at com.kms.katalon.core.main.ScriptEngine.run(ScriptEngine.java:194)
	at com.kms.katalon.core.main.ScriptEngine.runScriptAsRawText(ScriptEngine.java:119)
	at com.kms.katalon.core.main.TestCaseExecutor.runScript(TestCaseExecutor.java:328)
	at com.kms.katalon.core.main.TestCaseExecutor.doExecute(TestCaseExecutor.java:319)
	at com.kms.katalon.core.main.TestCaseExecutor.processExecutionPhase(TestCaseExecutor.java:298)
	at com.kms.katalon.core.main.TestCaseExecutor.accessMainPhase(TestCaseExecutor.java:290)
	at com.kms.katalon.core.main.TestCaseExecutor.execute(TestCaseExecutor.java:224)
	at com.kms.katalon.core.main.TestSuiteExecutor.accessTestCaseMainPhase(TestSuiteExecutor.java:129)
	at com.kms.katalon.core.main.TestSuiteExecutor.accessTestSuiteMainPhase(TestSuiteExecutor.java:112)
	at com.kms.katalon.core.main.TestSuiteExecutor.execute(TestSuiteExecutor.java:81)
	at com.kms.katalon.core.main.TestCaseMain.startTestSuite(TestCaseMain.java:149)
	at com.kms.katalon.core.main.TestCaseMain$startTestSuite$0.call(Unknown Source)
	at TempTestSuite1560973018737.run(TempTestSuite1560973018737.groovy:36)
"/>
         <system-out><![CDATA[2019-06-19 16:21:32 - [TEST_CASE][FAILED] - Test Cases/OCS - MOBILE/OCS- PRODUCT PAGE/breadcrumb: Test Cases/OCS - MOBILE/OCS- PRODUCT PAGE/breadcrumb FAILED.
Reason:
com.kms.katalon.core.exception.StepFailedException: Unable to click on object (Root cause: java.lang.IllegalArgumentException: Object is null)
	at com.kms.katalon.core.keyword.internal.KeywordMain.stepFailed(KeywordMain.groovy:36)
	at com.kms.katalon.core.webui.keyword.internal.WebUIKeywordMain.stepFailed(WebUIKeywordMain.groovy:65)
	at com.kms.katalon.core.webui.keyword.internal.WebUIKeywordMain.runKeyword(WebUIKeywordMain.groovy:27)
	at com.kms.katalon.core.webui.keyword.builtin.ClickKeyword.click(ClickKeyword.groovy:86)
	at com.kms.katalon.core.webui.keyword.builtin.ClickKeyword.execute(ClickKeyword.groovy:67)
	at com.kms.katalon.core.keyword.internal.KeywordExecutor.executeKeywordForPlatform(KeywordExecutor.groovy:53)
	at com.kms.katalon.core.webui.keyword.WebUiBuiltInKeywords.click(WebUiBuiltInKeywords.groovy:616)
	at com.kms.katalon.core.webui.keyword.WebUiBuiltInKeywords$click$4.call(Unknown Source)
	at breadcrumb.run(breadcrumb:18)
	at com.kms.katalon.core.main.ScriptEngine.run(ScriptEngine.java:194)
	at com.kms.katalon.core.main.ScriptEngine.runScriptAsRawText(ScriptEngine.java:119)
	at com.kms.katalon.core.main.TestCaseExecutor.runScript(TestCaseExecutor.java:328)
	at com.kms.katalon.core.main.TestCaseExecutor.doExecute(TestCaseExecutor.java:319)
	at com.kms.katalon.core.main.TestCaseExecutor.processExecutionPhase(TestCaseExecutor.java:298)
	at com.kms.katalon.core.main.TestCaseExecutor.accessMainPhase(TestCaseExecutor.java:290)
	at com.kms.katalon.core.main.TestCaseExecutor.execute(TestCaseExecutor.java:224)
	at com.kms.katalon.core.main.TestSuiteExecutor.accessTestCaseMainPhase(TestSuiteExecutor.java:129)
	at com.kms.katalon.core.main.TestSuiteExecutor.accessTestSuiteMainPhase(TestSuiteExecutor.java:112)
	at com.kms.katalon.core.main.TestSuiteExecutor.execute(TestSuiteExecutor.java:81)
	at com.kms.katalon.core.main.TestCaseMain.startTestSuite(TestCaseMain.java:149)
	at com.kms.katalon.core.main.TestCaseMain$startTestSuite$0.call(Unknown Source)
	at TempTestSuite1560973018737.run(TempTestSuite1560973018737.groovy:36)


2019-06-19 16:21:32 - [TEST_STEP][PASSED] - callTestCase(findTestCase("OCS - MOBILE/CALL - PDP"), [:], STOP_ON_FAILURE): Call Test Case 'Test Cases/OCS - MOBILE/CALL - PDP' successfully

2019-06-19 16:21:32 - [TEST_CASE][PASSED] - Test Cases/OCS - MOBILE/CALL - PDP: Test Cases/OCS - MOBILE/CALL - PDP

2019-06-19 16:21:32 - [TEST_STEP][PASSED] - openBrowser(""): Browser is opened with url: ''

2019-06-19 16:21:32 - [MESSAGE][WARNING] - A browser is already opened. Closing browser and opening a new one

2019-06-19 16:21:32 - [MESSAGE][INFO] - Starting 'Remote' driver

2019-06-19 16:21:32 - [MESSAGE][INFO] - User set preference: ['os', 'OS X']

2019-06-19 16:21:32 - [MESSAGE][INFO] - User set preference: ['os_version', 'High Sierra']

2019-06-19 16:21:32 - [MESSAGE][INFO] - User set preference: ['browser', 'Chrome']

2019-06-19 16:21:32 - [MESSAGE][INFO] - User set preference: ['browser_version', '76.0 beta']

2019-06-19 16:21:32 - [MESSAGE][INFO] - User set preference: ['browserstack.local', 'false']

2019-06-19 16:21:32 - [MESSAGE][INFO] - Connecting to remote web server 'https://dianatest3:Z3oqw9ysqTeRQJq5wFCp@hub-cloud.browserstack.com/wd/hub' with type 'Selenium'

2019-06-19 16:21:38 - [MESSAGE][PASSED] - Browser is opened with url: ''

2019-06-19 16:21:38 - [TEST_STEP][PASSED] - navigateToUrl("https://ocs.ca/?fts=0&preview_theme_id=72920106828"): Navigate to 'https://ocs.ca/?fts=0&preview_theme_id=72920106828' successfully

2019-06-19 16:21:43 - [MESSAGE][PASSED] - Navigate to 'https://ocs.ca/?fts=0&preview_theme_id=72920106828' successfully

2019-06-19 16:21:43 - [TEST_STEP][PASSED] - executeJavaScript("var previewBar = document.getElementById("preview-bar-iframe"); previewBar.style.display = "none";", []): Execute JavaScript 'var previewBar = document.getElementById("preview-bar-iframe"); previewBar.style.display = "none";' successfully

2019-06-19 16:21:43 - [MESSAGE][PASSED] - Execute JavaScript 'var previewBar = document.getElementById("preview-bar-iframe"); previewBar.style.display = "none";' successfully

2019-06-19 16:21:43 - [TEST_STEP][PASSED] - setViewPortSize(360, 800): Viewport is set to new size with width = 360 and height = 800

2019-06-19 16:21:43 - [MESSAGE][PASSED] - Viewport is set to new size with width = 360 and height = 800

2019-06-19 16:21:43 - [TEST_STEP][PASSED] - delay(4): Delayed 4 second(s)

2019-06-19 16:21:47 - [MESSAGE][PASSED] - Delayed 4 second(s)

2019-06-19 16:21:47 - [TEST_STEP][PASSED] - selectOptionByValue(findTestObject("OCS-MOBILE /Age gate and burger menu/Date"), "12", true): All options with value '12' are selected in object 'Object Repository/OCS-MOBILE /Age gate and burger menu/Date'  using regular expression

2019-06-19 16:21:53 - [MESSAGE][PASSED] - All options with value '12' are selected in object 'Object Repository/OCS-MOBILE /Age gate and burger menu/Date'  using regular expression

2019-06-19 16:21:53 - [TEST_STEP][PASSED] - selectOptionByValue(findTestObject("OCS-MOBILE /Age gate and burger menu/month"), "6", true): All options with value '6' are selected in object 'Object Repository/OCS-MOBILE /Age gate and burger menu/month'  using regular expression

2019-06-19 16:21:56 - [MESSAGE][PASSED] - All options with value '6' are selected in object 'Object Repository/OCS-MOBILE /Age gate and burger menu/month'  using regular expression

2019-06-19 16:21:56 - [TEST_STEP][PASSED] - delay(2): Delayed 2 second(s)

2019-06-19 16:21:58 - [MESSAGE][PASSED] - Delayed 2 second(s)

2019-06-19 16:21:58 - [TEST_STEP][PASSED] - selectOptionByValue(findTestObject("OCS-MOBILE /Age gate and burger menu/Year Dropdown"), "1990", true): All options with value '1990' are selected in object 'Object Repository/OCS-MOBILE /Age gate and burger menu/Year Dropdown'  using regular expression

2019-06-19 16:22:14 - [MESSAGE][PASSED] - All options with value '1990' are selected in object 'Object Repository/OCS-MOBILE /Age gate and burger menu/Year Dropdown'  using regular expression

2019-06-19 16:22:14 - [TEST_STEP][PASSED] - click(findTestObject("OCS-MOBILE /Age gate and Mega menu/button_Verify")): Object: 'Object Repository/OCS-MOBILE /Age gate and Mega menu/button_Verify' is clicked on

2019-06-19 16:22:14 - [MESSAGE][PASSED] - Object: 'Object Repository/OCS-MOBILE /Age gate and Mega menu/button_Verify' is clicked on

2019-06-19 16:22:14 - [TEST_STEP][PASSED] - click(findTestObject("OCS-MOBILE /Age gate and Mega menu/Checkbox_CONFIRM AND ACKNOWLEDGE")): Object: 'Object Repository/OCS-MOBILE /Age gate and Mega menu/Checkbox_CONFIRM AND ACKNOWLEDGE' is clicked on

2019-06-19 16:22:14 - [MESSAGE][PASSED] - Object: 'Object Repository/OCS-MOBILE /Age gate and Mega menu/Checkbox_CONFIRM AND ACKNOWLEDGE' is clicked on

2019-06-19 16:22:14 - [TEST_STEP][PASSED] - click(findTestObject("OCS-MOBILE /Age gate and Mega menu/button_CONFIRM")): Object: 'Object Repository/OCS-MOBILE /Age gate and Mega menu/button_CONFIRM' is clicked on

2019-06-19 16:22:15 - [MESSAGE][PASSED] - Object: 'Object Repository/OCS-MOBILE /Age gate and Mega menu/button_CONFIRM' is clicked on

2019-06-19 16:22:15 - [TEST_STEP][PASSED] - click(findTestObject("OCS-MOBILE /Age gate and Mega menu/button_Start Browsing")): Object: 'Object Repository/OCS-MOBILE /Age gate and Mega menu/button_Start Browsing' is clicked on

2019-06-19 16:22:15 - [MESSAGE][PASSED] - Object: 'Object Repository/OCS-MOBILE /Age gate and Mega menu/button_Start Browsing' is clicked on

2019-06-19 16:22:15 - [TEST_STEP][PASSED] - refresh(): Refresh successfully

2019-06-19 16:22:15 - [MESSAGE][PASSED] - Refresh successfully

2019-06-19 16:22:15 - [TEST_STEP][PASSED] - delay(2): Delayed 2 second(s)

2019-06-19 16:22:17 - [MESSAGE][PASSED] - Delayed 2 second(s)

2019-06-19 16:22:17 - [TEST_STEP][PASSED] - click(findTestObject("OCS-MOBILE /Age gate and burger menu/Burger menu - English")): Object: 'Object Repository/OCS-MOBILE /Age gate and burger menu/Burger menu - English' is clicked on

2019-06-19 16:22:19 - [MESSAGE][PASSED] - Object: 'Object Repository/OCS-MOBILE /Age gate and burger menu/Burger menu - English' is clicked on

2019-06-19 16:22:19 - [TEST_STEP][PASSED] - delay(2): Delayed 2 second(s)

2019-06-19 16:22:21 - [MESSAGE][PASSED] - Delayed 2 second(s)

2019-06-19 16:22:21 - [TEST_STEP][PASSED] - click(findTestObject("OCS-MOBILE /Age gate and burger menu/Chevron_Cannabis")): Object: 'Object Repository/OCS-MOBILE /Age gate and burger menu/Chevron_Cannabis' is clicked on

2019-06-19 16:22:21 - [MESSAGE][PASSED] - Object: 'Object Repository/OCS-MOBILE /Age gate and burger menu/Chevron_Cannabis' is clicked on

2019-06-19 16:22:21 - [TEST_STEP][PASSED] - delay(2): Delayed 2 second(s)

2019-06-19 16:22:23 - [MESSAGE][PASSED] - Delayed 2 second(s)

2019-06-19 16:22:23 - [TEST_STEP][PASSED] - click(findTestObject("OCS-MOBILE /Age gate and burger menu/Dried Flower_Plus icon")): Object: 'Object Repository/OCS-MOBILE /Age gate and burger menu/Dried Flower_Plus icon' is clicked on

2019-06-19 16:22:24 - [MESSAGE][PASSED] - Object: 'Object Repository/OCS-MOBILE /Age gate and burger menu/Dried Flower_Plus icon' is clicked on

2019-06-19 16:22:24 - [TEST_STEP][PASSED] - delay(2): Delayed 2 second(s)

2019-06-19 16:22:26 - [MESSAGE][PASSED] - Delayed 2 second(s)

2019-06-19 16:22:26 - [TEST_STEP][PASSED] - click(findTestObject("OCS-MOBILE /Age gate and burger menu/Indica Dominant_Menu item")): Object: 'Object Repository/OCS-MOBILE /Age gate and burger menu/Indica Dominant_Menu item' is clicked on

2019-06-19 16:22:29 - [MESSAGE][PASSED] - Object: 'Object Repository/OCS-MOBILE /Age gate and burger menu/Indica Dominant_Menu item' is clicked on

2019-06-19 16:22:29 - [TEST_STEP][PASSED] - executeJavaScript("var previewBar = document.getElementById("preview-bar-iframe"); previewBar.style.display = "none";", []): Execute JavaScript 'var previewBar = document.getElementById("preview-bar-iframe"); previewBar.style.display = "none";' successfully

2019-06-19 16:22:29 - [MESSAGE][PASSED] - Execute JavaScript 'var previewBar = document.getElementById("preview-bar-iframe"); previewBar.style.display = "none";' successfully

2019-06-19 16:22:29 - [TEST_STEP][PASSED] - delay(2): Delayed 2 second(s)

2019-06-19 16:22:31 - [MESSAGE][PASSED] - Delayed 2 second(s)

2019-06-19 16:22:31 - [TEST_STEP][PASSED] - click(findTestObject("OCS-MOBILE /Collection page/Product image - 1st one")): Object: 'Object Repository/OCS-MOBILE /Collection page/Product image - 1st one' is clicked on

2019-06-19 16:22:35 - [MESSAGE][PASSED] - Object: 'Object Repository/OCS-MOBILE /Collection page/Product image - 1st one' is clicked on

2019-06-19 16:22:35 - [TEST_STEP][PASSED] - delay(2): Delayed 2 second(s)

2019-06-19 16:22:37 - [MESSAGE][PASSED] - Delayed 2 second(s)

2019-06-19 16:22:37 - [TEST_STEP][PASSED] - executeJavaScript("var previewBar = document.getElementById("preview-bar-iframe"); previewBar.style.display = "none";", []): Execute JavaScript 'var previewBar = document.getElementById("preview-bar-iframe"); previewBar.style.display = "none";' successfully

2019-06-19 16:22:37 - [MESSAGE][PASSED] - Execute JavaScript 'var previewBar = document.getElementById("preview-bar-iframe"); previewBar.style.display = "none";' successfully

2019-06-19 16:22:37 - [MESSAGE][PASSED] - Call Test Case 'Test Cases/OCS - MOBILE/CALL - PDP' successfully

2019-06-19 16:22:37 - [TEST_STEP][FAILED] - click(findTestObject("PROD-breadcrumb_OR/Page_Shishkaberry  Ontario Cannabis/a_Shishkaberry")): click(findTestObject("PROD-breadcrumb_OR/Page_Shishkaberry  Ontario Cannabis/a_Shishkaberry")) FAILED.
Reason:
com.kms.katalon.core.exception.StepFailedException: Unable to click on object (Root cause: java.lang.IllegalArgumentException: Object is null)
	at com.kms.katalon.core.keyword.internal.KeywordMain.stepFailed(KeywordMain.groovy:36)
	at com.kms.katalon.core.webui.keyword.internal.WebUIKeywordMain.stepFailed(WebUIKeywordMain.groovy:65)
	at com.kms.katalon.core.webui.keyword.internal.WebUIKeywordMain.runKeyword(WebUIKeywordMain.groovy:27)
	at com.kms.katalon.core.webui.keyword.builtin.ClickKeyword.click(ClickKeyword.groovy:86)
	at com.kms.katalon.core.webui.keyword.builtin.ClickKeyword.execute(ClickKeyword.groovy:67)
	at com.kms.katalon.core.keyword.internal.KeywordExecutor.executeKeywordForPlatform(KeywordExecutor.groovy:53)
	at com.kms.katalon.core.webui.keyword.WebUiBuiltInKeywords.click(WebUiBuiltInKeywords.groovy:616)
	at com.kms.katalon.core.webui.keyword.WebUiBuiltInKeywords$click$4.call(Unknown Source)
	at breadcrumb.run(breadcrumb:18)
	at com.kms.katalon.core.main.ScriptEngine.run(ScriptEngine.java:194)
	at com.kms.katalon.core.main.ScriptEngine.runScriptAsRawText(ScriptEngine.java:119)
	at com.kms.katalon.core.main.TestCaseExecutor.runScript(TestCaseExecutor.java:328)
	at com.kms.katalon.core.main.TestCaseExecutor.doExecute(TestCaseExecutor.java:319)
	at com.kms.katalon.core.main.TestCaseExecutor.processExecutionPhase(TestCaseExecutor.java:298)
	at com.kms.katalon.core.main.TestCaseExecutor.accessMainPhase(TestCaseExecutor.java:290)
	at com.kms.katalon.core.main.TestCaseExecutor.execute(TestCaseExecutor.java:224)
	at com.kms.katalon.core.main.TestSuiteExecutor.accessTestCaseMainPhase(TestSuiteExecutor.java:129)
	at com.kms.katalon.core.main.TestSuiteExecutor.accessTestSuiteMainPhase(TestSuiteExecutor.java:112)
	at com.kms.katalon.core.main.TestSuiteExecutor.execute(TestSuiteExecutor.java:81)
	at com.kms.katalon.core.main.TestCaseMain.startTestSuite(TestCaseMain.java:149)
	at com.kms.katalon.core.main.TestCaseMain$startTestSuite$0.call(Unknown Source)
	at TempTestSuite1560973018737.run(TempTestSuite1560973018737.groovy:36)


2019-06-19 16:22:37 - [MESSAGE][WARNING] - Test object with id 'Object Repository/PROD-breadcrumb_OR/Page_Shishkaberry  Ontario Cannabis/a_Shishkaberry' does not exist

2019-06-19 16:22:37 - [MESSAGE][WARNING] - Test object with id 'Object Repository/' does not exist

2019-06-19 16:22:38 - [MESSAGE][FAILED] - Unable to click on object (Root cause: java.lang.IllegalArgumentException: Object is null)
[[ATTACHMENT|/Users/sumankompelly/Relative xpath-Mobile/Reports/recordings - ( 1.10.2 )/20190619_153658/1560975757863.png]]

2019-06-19 16:22:38 - [MESSAGE][FAILED] - click(findTestObject("PROD-breadcrumb_OR/Page_Shishkaberry  Ontario Cannabis/a_Shishkaberry")) FAILED.
Reason:
com.kms.katalon.core.exception.StepFailedException: Unable to click on object (Root cause: java.lang.IllegalArgumentException: Object is null)
	at com.kms.katalon.core.keyword.internal.KeywordMain.stepFailed(KeywordMain.groovy:36)
	at com.kms.katalon.core.webui.keyword.internal.WebUIKeywordMain.stepFailed(WebUIKeywordMain.groovy:65)
	at com.kms.katalon.core.webui.keyword.internal.WebUIKeywordMain.runKeyword(WebUIKeywordMain.groovy:27)
	at com.kms.katalon.core.webui.keyword.builtin.ClickKeyword.click(ClickKeyword.groovy:86)
	at com.kms.katalon.core.webui.keyword.builtin.ClickKeyword.execute(ClickKeyword.groovy:67)
	at com.kms.katalon.core.keyword.internal.KeywordExecutor.executeKeywordForPlatform(KeywordExecutor.groovy:53)
	at com.kms.katalon.core.webui.keyword.WebUiBuiltInKeywords.click(WebUiBuiltInKeywords.groovy:616)
	at com.kms.katalon.core.webui.keyword.WebUiBuiltInKeywords$click$4.call(Unknown Source)
	at breadcrumb.run(breadcrumb:18)
	at com.kms.katalon.core.main.ScriptEngine.run(ScriptEngine.java:194)
	at com.kms.katalon.core.main.ScriptEngine.runScriptAsRawText(ScriptEngine.java:119)
	at com.kms.katalon.core.main.TestCaseExecutor.runScript(TestCaseExecutor.java:328)
	at com.kms.katalon.core.main.TestCaseExecutor.doExecute(TestCaseExecutor.java:319)
	at com.kms.katalon.core.main.TestCaseExecutor.processExecutionPhase(TestCaseExecutor.java:298)
	at com.kms.katalon.core.main.TestCaseExecutor.accessMainPhase(TestCaseExecutor.java:290)
	at com.kms.katalon.core.main.TestCaseExecutor.execute(TestCaseExecutor.java:224)
	at com.kms.katalon.core.main.TestSuiteExecutor.accessTestCaseMainPhase(TestSuiteExecutor.java:129)
	at com.kms.katalon.core.main.TestSuiteExecutor.accessTestSuiteMainPhase(TestSuiteExecutor.java:112)
	at com.kms.katalon.core.main.TestSuiteExecutor.execute(TestSuiteExecutor.java:81)
	at com.kms.katalon.core.main.TestCaseMain.startTestSuite(TestCaseMain.java:149)
	at com.kms.katalon.core.main.TestCaseMain$startTestSuite$0.call(Unknown Source)
	at TempTestSuite1560973018737.run(TempTestSuite1560973018737.groovy:36)]]></system-out>
         <system-err><![CDATA[2019-06-19 16:21:32 - [TEST_CASE][FAILED] - Test Cases/OCS - MOBILE/OCS- PRODUCT PAGE/breadcrumb: Test Cases/OCS - MOBILE/OCS- PRODUCT PAGE/breadcrumb FAILED.
Reason:
com.kms.katalon.core.exception.StepFailedException: Unable to click on object (Root cause: java.lang.IllegalArgumentException: Object is null)
	at com.kms.katalon.core.keyword.internal.KeywordMain.stepFailed(KeywordMain.groovy:36)
	at com.kms.katalon.core.webui.keyword.internal.WebUIKeywordMain.stepFailed(WebUIKeywordMain.groovy:65)
	at com.kms.katalon.core.webui.keyword.internal.WebUIKeywordMain.runKeyword(WebUIKeywordMain.groovy:27)
	at com.kms.katalon.core.webui.keyword.builtin.ClickKeyword.click(ClickKeyword.groovy:86)
	at com.kms.katalon.core.webui.keyword.builtin.ClickKeyword.execute(ClickKeyword.groovy:67)
	at com.kms.katalon.core.keyword.internal.KeywordExecutor.executeKeywordForPlatform(KeywordExecutor.groovy:53)
	at com.kms.katalon.core.webui.keyword.WebUiBuiltInKeywords.click(WebUiBuiltInKeywords.groovy:616)
	at com.kms.katalon.core.webui.keyword.WebUiBuiltInKeywords$click$4.call(Unknown Source)
	at breadcrumb.run(breadcrumb:18)
	at com.kms.katalon.core.main.ScriptEngine.run(ScriptEngine.java:194)
	at com.kms.katalon.core.main.ScriptEngine.runScriptAsRawText(ScriptEngine.java:119)
	at com.kms.katalon.core.main.TestCaseExecutor.runScript(TestCaseExecutor.java:328)
	at com.kms.katalon.core.main.TestCaseExecutor.doExecute(TestCaseExecutor.java:319)
	at com.kms.katalon.core.main.TestCaseExecutor.processExecutionPhase(TestCaseExecutor.java:298)
	at com.kms.katalon.core.main.TestCaseExecutor.accessMainPhase(TestCaseExecutor.java:290)
	at com.kms.katalon.core.main.TestCaseExecutor.execute(TestCaseExecutor.java:224)
	at com.kms.katalon.core.main.TestSuiteExecutor.accessTestCaseMainPhase(TestSuiteExecutor.java:129)
	at com.kms.katalon.core.main.TestSuiteExecutor.accessTestSuiteMainPhase(TestSuiteExecutor.java:112)
	at com.kms.katalon.core.main.TestSuiteExecutor.execute(TestSuiteExecutor.java:81)
	at com.kms.katalon.core.main.TestCaseMain.startTestSuite(TestCaseMain.java:149)
	at com.kms.katalon.core.main.TestCaseMain$startTestSuite$0.call(Unknown Source)
	at TempTestSuite1560973018737.run(TempTestSuite1560973018737.groovy:36)]]></system-err>
      </testcase>
      <testcase name="Test Cases/OCS - MOBILE/OCS- PRODUCT PAGE/More items to consider" classname="Test Cases/OCS - MOBILE/OCS- PRODUCT PAGE/More items to consider" status="FAILED">
         <failure type="FAILED" message="Test Cases/OCS - MOBILE/OCS- PRODUCT PAGE/More items to consider FAILED.
Reason:
com.kms.katalon.core.exception.StepFailedException: Unable to click on object 'Object Repository/OCS-MOBILE /Product page/More items to consider section/1st Product - image - Vaporizer' (Root cause: org.openqa.selenium.WebDriverException: element click intercepted: Element &lt;img src=&quot;https://cdn.shopify.com/s/files/1/2636/1928/products/upload-200083-811736021739-a1c0-c01-compressed_large.jpg?v=1556718959&quot; alt=&quot;G Pen Pro&quot;> is not clickable at point (250, 590). Other element would receive the click: &lt;iframe title=&quot;Preview Bar&quot; id=&quot;preview-bar-iframe&quot; src=&quot;https://ocs.ca/preview_bar&quot; sandbox=&quot;allow-same-origin allow-scripts&quot; style=&quot;position: fixed; bottom: 0px; left: 0px; z-index: 2147483647; width: 100%; border: none; box-shadow: rgba(0, 0, 0, 0.2) 0px -1px 3px; overflow: hidden; transform: translateY(0px); transition: transform 300ms ease 0s; height: 92px;&quot;>&lt;/iframe>
  (Session info: chrome=76.0.3809.25)
  (Driver info: chromedriver=76.0.3809.25 (a0c95f440512e06df1c9c206f2d79cc20be18bb1-refs/branch-heads/3809@{#271}),platform=Mac OS X 10.13.6 x86_64) (WARNING: The server did not provide any stacktrace information)
Command duration or timeout: 53 milliseconds
Build info: version: '2.53.0', revision: '35ae25b', time: '2016-03-15 17:00:58'
System info: host: 'mac-208-52-166-45.browserstack.com', ip: '208.52.166.45', os.name: 'Mac OS X', os.arch: 'x86_64', os.version: '10.13.6', java.version: '1.8.0_51'
Driver info: org.openqa.selenium.chrome.ChromeDriver
Capabilities [{mobileEmulationEnabled=false, timeouts={implicit=0, pageLoad=300000, script=30000}, hasTouchScreen=false, platform=MAC, acceptSslCerts=false, goog:chromeOptions={debuggerAddress=localhost:53024}, acceptInsecureCerts=false, webStorageEnabled=true, browserName=chrome, takesScreenshot=true, javascriptEnabled=true, setWindowRect=true, unexpectedAlertBehaviour=ignore, applicationCacheEnabled=false, rotatable=false, networkConnectionEnabled=false, chrome={chromedriverVersion=76.0.3809.25 (a0c95f440512e06df1c9c206f2d79cc20be18bb1-refs/branch-heads/3809@{#271}), userDataDir=/var/folders/3y/zz_w6_s56sl__vcrf3r5bhzr0000hr/T/.com.google.Chrome.ZpvCqO}, takesHeapSnapshot=true, pageLoadStrategy=normal, strictFileInteractability=false, databaseEnabled=false, handlesAlerts=true, version=76.0.3809.25, browserConnectionEnabled=false, proxy={}, nativeEvents=true, locationContextEnabled=true, cssSelectorsEnabled=true}]
Session ID: ecf38792735cf684fa2cd6d854f40e3f
Command duration or timeout: 0 milliseconds)
	at com.kms.katalon.core.keyword.internal.KeywordMain.stepFailed(KeywordMain.groovy:36)
	at com.kms.katalon.core.webui.keyword.internal.WebUIKeywordMain.stepFailed(WebUIKeywordMain.groovy:65)
	at com.kms.katalon.core.webui.keyword.internal.WebUIKeywordMain.runKeyword(WebUIKeywordMain.groovy:27)
	at com.kms.katalon.core.webui.keyword.builtin.ClickKeyword.click(ClickKeyword.groovy:86)
	at com.kms.katalon.core.webui.keyword.builtin.ClickKeyword.execute(ClickKeyword.groovy:67)
	at com.kms.katalon.core.keyword.internal.KeywordExecutor.executeKeywordForPlatform(KeywordExecutor.groovy:53)
	at com.kms.katalon.core.webui.keyword.WebUiBuiltInKeywords.click(WebUiBuiltInKeywords.groovy:616)
	at com.kms.katalon.core.webui.keyword.WebUiBuiltInKeywords$click$4.call(Unknown Source)
	at More items to consider.run(More items to consider:51)
	at com.kms.katalon.core.main.ScriptEngine.run(ScriptEngine.java:194)
	at com.kms.katalon.core.main.ScriptEngine.runScriptAsRawText(ScriptEngine.java:119)
	at com.kms.katalon.core.main.TestCaseExecutor.runScript(TestCaseExecutor.java:328)
	at com.kms.katalon.core.main.TestCaseExecutor.doExecute(TestCaseExecutor.java:319)
	at com.kms.katalon.core.main.TestCaseExecutor.processExecutionPhase(TestCaseExecutor.java:298)
	at com.kms.katalon.core.main.TestCaseExecutor.accessMainPhase(TestCaseExecutor.java:290)
	at com.kms.katalon.core.main.TestCaseExecutor.execute(TestCaseExecutor.java:224)
	at com.kms.katalon.core.main.TestSuiteExecutor.accessTestCaseMainPhase(TestSuiteExecutor.java:129)
	at com.kms.katalon.core.main.TestSuiteExecutor.accessTestSuiteMainPhase(TestSuiteExecutor.java:112)
	at com.kms.katalon.core.main.TestSuiteExecutor.execute(TestSuiteExecutor.java:81)
	at com.kms.katalon.core.main.TestCaseMain.startTestSuite(TestCaseMain.java:149)
	at com.kms.katalon.core.main.TestCaseMain$startTestSuite$0.call(Unknown Source)
	at TempTestSuite1560973018737.run(TempTestSuite1560973018737.groovy:36)
"/>
         <system-out><![CDATA[2019-06-19 16:22:38 - [TEST_CASE][FAILED] - Test Cases/OCS - MOBILE/OCS- PRODUCT PAGE/More items to consider: Test Cases/OCS - MOBILE/OCS- PRODUCT PAGE/More items to consider FAILED.
Reason:
com.kms.katalon.core.exception.StepFailedException: Unable to click on object 'Object Repository/OCS-MOBILE /Product page/More items to consider section/1st Product - image - Vaporizer' (Root cause: org.openqa.selenium.WebDriverException: element click intercepted: Element <img src="https://cdn.shopify.com/s/files/1/2636/1928/products/upload-200083-811736021739-a1c0-c01-compressed_large.jpg?v=1556718959" alt="G Pen Pro"> is not clickable at point (250, 590). Other element would receive the click: <iframe title="Preview Bar" id="preview-bar-iframe" src="https://ocs.ca/preview_bar" sandbox="allow-same-origin allow-scripts" style="position: fixed; bottom: 0px; left: 0px; z-index: 2147483647; width: 100%; border: none; box-shadow: rgba(0, 0, 0, 0.2) 0px -1px 3px; overflow: hidden; transform: translateY(0px); transition: transform 300ms ease 0s; height: 92px;"></iframe>
  (Session info: chrome=76.0.3809.25)
  (Driver info: chromedriver=76.0.3809.25 (a0c95f440512e06df1c9c206f2d79cc20be18bb1-refs/branch-heads/3809@{#271}),platform=Mac OS X 10.13.6 x86_64) (WARNING: The server did not provide any stacktrace information)
Command duration or timeout: 53 milliseconds
Build info: version: '2.53.0', revision: '35ae25b', time: '2016-03-15 17:00:58'
System info: host: 'mac-208-52-166-45.browserstack.com', ip: '208.52.166.45', os.name: 'Mac OS X', os.arch: 'x86_64', os.version: '10.13.6', java.version: '1.8.0_51'
Driver info: org.openqa.selenium.chrome.ChromeDriver
Capabilities [{mobileEmulationEnabled=false, timeouts={implicit=0, pageLoad=300000, script=30000}, hasTouchScreen=false, platform=MAC, acceptSslCerts=false, goog:chromeOptions={debuggerAddress=localhost:53024}, acceptInsecureCerts=false, webStorageEnabled=true, browserName=chrome, takesScreenshot=true, javascriptEnabled=true, setWindowRect=true, unexpectedAlertBehaviour=ignore, applicationCacheEnabled=false, rotatable=false, networkConnectionEnabled=false, chrome={chromedriverVersion=76.0.3809.25 (a0c95f440512e06df1c9c206f2d79cc20be18bb1-refs/branch-heads/3809@{#271}), userDataDir=/var/folders/3y/zz_w6_s56sl__vcrf3r5bhzr0000hr/T/.com.google.Chrome.ZpvCqO}, takesHeapSnapshot=true, pageLoadStrategy=normal, strictFileInteractability=false, databaseEnabled=false, handlesAlerts=true, version=76.0.3809.25, browserConnectionEnabled=false, proxy={}, nativeEvents=true, locationContextEnabled=true, cssSelectorsEnabled=true}]
Session ID: ecf38792735cf684fa2cd6d854f40e3f
Command duration or timeout: 0 milliseconds)
	at com.kms.katalon.core.keyword.internal.KeywordMain.stepFailed(KeywordMain.groovy:36)
	at com.kms.katalon.core.webui.keyword.internal.WebUIKeywordMain.stepFailed(WebUIKeywordMain.groovy:65)
	at com.kms.katalon.core.webui.keyword.internal.WebUIKeywordMain.runKeyword(WebUIKeywordMain.groovy:27)
	at com.kms.katalon.core.webui.keyword.builtin.ClickKeyword.click(ClickKeyword.groovy:86)
	at com.kms.katalon.core.webui.keyword.builtin.ClickKeyword.execute(ClickKeyword.groovy:67)
	at com.kms.katalon.core.keyword.internal.KeywordExecutor.executeKeywordForPlatform(KeywordExecutor.groovy:53)
	at com.kms.katalon.core.webui.keyword.WebUiBuiltInKeywords.click(WebUiBuiltInKeywords.groovy:616)
	at com.kms.katalon.core.webui.keyword.WebUiBuiltInKeywords$click$4.call(Unknown Source)
	at More items to consider.run(More items to consider:51)
	at com.kms.katalon.core.main.ScriptEngine.run(ScriptEngine.java:194)
	at com.kms.katalon.core.main.ScriptEngine.runScriptAsRawText(ScriptEngine.java:119)
	at com.kms.katalon.core.main.TestCaseExecutor.runScript(TestCaseExecutor.java:328)
	at com.kms.katalon.core.main.TestCaseExecutor.doExecute(TestCaseExecutor.java:319)
	at com.kms.katalon.core.main.TestCaseExecutor.processExecutionPhase(TestCaseExecutor.java:298)
	at com.kms.katalon.core.main.TestCaseExecutor.accessMainPhase(TestCaseExecutor.java:290)
	at com.kms.katalon.core.main.TestCaseExecutor.execute(TestCaseExecutor.java:224)
	at com.kms.katalon.core.main.TestSuiteExecutor.accessTestCaseMainPhase(TestSuiteExecutor.java:129)
	at com.kms.katalon.core.main.TestSuiteExecutor.accessTestSuiteMainPhase(TestSuiteExecutor.java:112)
	at com.kms.katalon.core.main.TestSuiteExecutor.execute(TestSuiteExecutor.java:81)
	at com.kms.katalon.core.main.TestCaseMain.startTestSuite(TestCaseMain.java:149)
	at com.kms.katalon.core.main.TestCaseMain$startTestSuite$0.call(Unknown Source)
	at TempTestSuite1560973018737.run(TempTestSuite1560973018737.groovy:36)


2019-06-19 16:22:38 - [TEST_STEP][PASSED] - callTestCase(findTestCase("OCS - MOBILE/CALL - PDP"), [:], STOP_ON_FAILURE): Call Test Case 'Test Cases/OCS - MOBILE/CALL - PDP' successfully

2019-06-19 16:22:39 - [TEST_CASE][PASSED] - Test Cases/OCS - MOBILE/CALL - PDP: Test Cases/OCS - MOBILE/CALL - PDP

2019-06-19 16:22:39 - [TEST_STEP][PASSED] - openBrowser(""): Browser is opened with url: ''

2019-06-19 16:22:39 - [MESSAGE][WARNING] - A browser is already opened. Closing browser and opening a new one

2019-06-19 16:22:39 - [MESSAGE][INFO] - Starting 'Remote' driver

2019-06-19 16:22:39 - [MESSAGE][INFO] - User set preference: ['os', 'OS X']

2019-06-19 16:22:39 - [MESSAGE][INFO] - User set preference: ['os_version', 'High Sierra']

2019-06-19 16:22:39 - [MESSAGE][INFO] - User set preference: ['browser', 'Chrome']

2019-06-19 16:22:39 - [MESSAGE][INFO] - User set preference: ['browser_version', '76.0 beta']

2019-06-19 16:22:39 - [MESSAGE][INFO] - User set preference: ['browserstack.local', 'false']

2019-06-19 16:22:39 - [MESSAGE][INFO] - Connecting to remote web server 'https://dianatest3:Z3oqw9ysqTeRQJq5wFCp@hub-cloud.browserstack.com/wd/hub' with type 'Selenium'

2019-06-19 16:22:44 - [MESSAGE][PASSED] - Browser is opened with url: ''

2019-06-19 16:22:44 - [TEST_STEP][PASSED] - navigateToUrl("https://ocs.ca/?fts=0&preview_theme_id=72920106828"): Navigate to 'https://ocs.ca/?fts=0&preview_theme_id=72920106828' successfully

2019-06-19 16:22:50 - [MESSAGE][PASSED] - Navigate to 'https://ocs.ca/?fts=0&preview_theme_id=72920106828' successfully

2019-06-19 16:22:50 - [TEST_STEP][PASSED] - executeJavaScript("var previewBar = document.getElementById("preview-bar-iframe"); previewBar.style.display = "none";", []): Execute JavaScript 'var previewBar = document.getElementById("preview-bar-iframe"); previewBar.style.display = "none";' successfully

2019-06-19 16:22:50 - [MESSAGE][PASSED] - Execute JavaScript 'var previewBar = document.getElementById("preview-bar-iframe"); previewBar.style.display = "none";' successfully

2019-06-19 16:22:50 - [TEST_STEP][PASSED] - setViewPortSize(360, 800): Viewport is set to new size with width = 360 and height = 800

2019-06-19 16:22:50 - [MESSAGE][PASSED] - Viewport is set to new size with width = 360 and height = 800

2019-06-19 16:22:50 - [TEST_STEP][PASSED] - delay(4): Delayed 4 second(s)

2019-06-19 16:22:54 - [MESSAGE][PASSED] - Delayed 4 second(s)

2019-06-19 16:22:54 - [TEST_STEP][PASSED] - selectOptionByValue(findTestObject("OCS-MOBILE /Age gate and burger menu/Date"), "12", true): All options with value '12' are selected in object 'Object Repository/OCS-MOBILE /Age gate and burger menu/Date'  using regular expression

2019-06-19 16:23:02 - [MESSAGE][PASSED] - All options with value '12' are selected in object 'Object Repository/OCS-MOBILE /Age gate and burger menu/Date'  using regular expression

2019-06-19 16:23:02 - [TEST_STEP][PASSED] - selectOptionByValue(findTestObject("OCS-MOBILE /Age gate and burger menu/month"), "6", true): All options with value '6' are selected in object 'Object Repository/OCS-MOBILE /Age gate and burger menu/month'  using regular expression

2019-06-19 16:23:10 - [MESSAGE][PASSED] - All options with value '6' are selected in object 'Object Repository/OCS-MOBILE /Age gate and burger menu/month'  using regular expression

2019-06-19 16:23:10 - [TEST_STEP][PASSED] - delay(2): Delayed 2 second(s)

2019-06-19 16:23:12 - [MESSAGE][PASSED] - Delayed 2 second(s)

2019-06-19 16:23:12 - [TEST_STEP][PASSED] - selectOptionByValue(findTestObject("OCS-MOBILE /Age gate and burger menu/Year Dropdown"), "1990", true): All options with value '1990' are selected in object 'Object Repository/OCS-MOBILE /Age gate and burger menu/Year Dropdown'  using regular expression

2019-06-19 16:23:30 - [MESSAGE][PASSED] - All options with value '1990' are selected in object 'Object Repository/OCS-MOBILE /Age gate and burger menu/Year Dropdown'  using regular expression

2019-06-19 16:23:30 - [TEST_STEP][PASSED] - click(findTestObject("OCS-MOBILE /Age gate and Mega menu/button_Verify")): Object: 'Object Repository/OCS-MOBILE /Age gate and Mega menu/button_Verify' is clicked on

2019-06-19 16:23:30 - [MESSAGE][PASSED] - Object: 'Object Repository/OCS-MOBILE /Age gate and Mega menu/button_Verify' is clicked on

2019-06-19 16:23:30 - [TEST_STEP][PASSED] - click(findTestObject("OCS-MOBILE /Age gate and Mega menu/Checkbox_CONFIRM AND ACKNOWLEDGE")): Object: 'Object Repository/OCS-MOBILE /Age gate and Mega menu/Checkbox_CONFIRM AND ACKNOWLEDGE' is clicked on

2019-06-19 16:23:31 - [MESSAGE][PASSED] - Object: 'Object Repository/OCS-MOBILE /Age gate and Mega menu/Checkbox_CONFIRM AND ACKNOWLEDGE' is clicked on

2019-06-19 16:23:31 - [TEST_STEP][PASSED] - click(findTestObject("OCS-MOBILE /Age gate and Mega menu/button_CONFIRM")): Object: 'Object Repository/OCS-MOBILE /Age gate and Mega menu/button_CONFIRM' is clicked on

2019-06-19 16:23:31 - [MESSAGE][PASSED] - Object: 'Object Repository/OCS-MOBILE /Age gate and Mega menu/button_CONFIRM' is clicked on

2019-06-19 16:23:31 - [TEST_STEP][PASSED] - click(findTestObject("OCS-MOBILE /Age gate and Mega menu/button_Start Browsing")): Object: 'Object Repository/OCS-MOBILE /Age gate and Mega menu/button_Start Browsing' is clicked on

2019-06-19 16:23:32 - [MESSAGE][PASSED] - Object: 'Object Repository/OCS-MOBILE /Age gate and Mega menu/button_Start Browsing' is clicked on

2019-06-19 16:23:32 - [TEST_STEP][PASSED] - refresh(): Refresh successfully

2019-06-19 16:23:32 - [MESSAGE][PASSED] - Refresh successfully

2019-06-19 16:23:32 - [TEST_STEP][PASSED] - delay(2): Delayed 2 second(s)

2019-06-19 16:23:34 - [MESSAGE][PASSED] - Delayed 2 second(s)

2019-06-19 16:23:34 - [TEST_STEP][PASSED] - click(findTestObject("OCS-MOBILE /Age gate and burger menu/Burger menu - English")): Object: 'Object Repository/OCS-MOBILE /Age gate and burger menu/Burger menu - English' is clicked on

2019-06-19 16:23:35 - [MESSAGE][PASSED] - Object: 'Object Repository/OCS-MOBILE /Age gate and burger menu/Burger menu - English' is clicked on

2019-06-19 16:23:35 - [TEST_STEP][PASSED] - delay(2): Delayed 2 second(s)

2019-06-19 16:23:37 - [MESSAGE][PASSED] - Delayed 2 second(s)

2019-06-19 16:23:37 - [TEST_STEP][PASSED] - click(findTestObject("OCS-MOBILE /Age gate and burger menu/Chevron_Cannabis")): Object: 'Object Repository/OCS-MOBILE /Age gate and burger menu/Chevron_Cannabis' is clicked on

2019-06-19 16:23:38 - [MESSAGE][PASSED] - Object: 'Object Repository/OCS-MOBILE /Age gate and burger menu/Chevron_Cannabis' is clicked on

2019-06-19 16:23:38 - [TEST_STEP][PASSED] - delay(2): Delayed 2 second(s)

2019-06-19 16:23:40 - [MESSAGE][PASSED] - Delayed 2 second(s)

2019-06-19 16:23:40 - [TEST_STEP][PASSED] - click(findTestObject("OCS-MOBILE /Age gate and burger menu/Dried Flower_Plus icon")): Object: 'Object Repository/OCS-MOBILE /Age gate and burger menu/Dried Flower_Plus icon' is clicked on

2019-06-19 16:23:40 - [MESSAGE][PASSED] - Object: 'Object Repository/OCS-MOBILE /Age gate and burger menu/Dried Flower_Plus icon' is clicked on

2019-06-19 16:23:40 - [TEST_STEP][PASSED] - delay(2): Delayed 2 second(s)

2019-06-19 16:23:42 - [MESSAGE][PASSED] - Delayed 2 second(s)

2019-06-19 16:23:42 - [TEST_STEP][PASSED] - click(findTestObject("OCS-MOBILE /Age gate and burger menu/Indica Dominant_Menu item")): Object: 'Object Repository/OCS-MOBILE /Age gate and burger menu/Indica Dominant_Menu item' is clicked on

2019-06-19 16:23:45 - [MESSAGE][PASSED] - Object: 'Object Repository/OCS-MOBILE /Age gate and burger menu/Indica Dominant_Menu item' is clicked on

2019-06-19 16:23:45 - [TEST_STEP][PASSED] - executeJavaScript("var previewBar = document.getElementById("preview-bar-iframe"); previewBar.style.display = "none";", []): Execute JavaScript 'var previewBar = document.getElementById("preview-bar-iframe"); previewBar.style.display = "none";' successfully

2019-06-19 16:23:45 - [MESSAGE][PASSED] - Execute JavaScript 'var previewBar = document.getElementById("preview-bar-iframe"); previewBar.style.display = "none";' successfully

2019-06-19 16:23:45 - [TEST_STEP][PASSED] - delay(2): Delayed 2 second(s)

2019-06-19 16:23:47 - [MESSAGE][PASSED] - Delayed 2 second(s)

2019-06-19 16:23:47 - [TEST_STEP][PASSED] - click(findTestObject("OCS-MOBILE /Collection page/Product image - 1st one")): Object: 'Object Repository/OCS-MOBILE /Collection page/Product image - 1st one' is clicked on

2019-06-19 16:23:51 - [MESSAGE][PASSED] - Object: 'Object Repository/OCS-MOBILE /Collection page/Product image - 1st one' is clicked on

2019-06-19 16:23:51 - [TEST_STEP][PASSED] - delay(2): Delayed 2 second(s)

2019-06-19 16:23:53 - [MESSAGE][PASSED] - Delayed 2 second(s)

2019-06-19 16:23:53 - [TEST_STEP][PASSED] - executeJavaScript("var previewBar = document.getElementById("preview-bar-iframe"); previewBar.style.display = "none";", []): Execute JavaScript 'var previewBar = document.getElementById("preview-bar-iframe"); previewBar.style.display = "none";' successfully

2019-06-19 16:23:53 - [MESSAGE][PASSED] - Execute JavaScript 'var previewBar = document.getElementById("preview-bar-iframe"); previewBar.style.display = "none";' successfully

2019-06-19 16:23:53 - [MESSAGE][PASSED] - Call Test Case 'Test Cases/OCS - MOBILE/CALL - PDP' successfully

2019-06-19 16:23:53 - [TEST_STEP][NOT_RUN] - scrollToElement(findTestObject("OCS-MOBILE /Product page/Product image"), 1): NOT_RUN: scrollToElement(findTestObject("OCS-MOBILE /Product page/Product image"), 1)

2019-06-19 16:23:53 - [MESSAGE][NOT_RUN] - NOT_RUN: scrollToElement(findTestObject("OCS-MOBILE /Product page/Product image"), 1)

2019-06-19 16:23:53 - [TEST_STEP][PASSED] - delay(2): Delayed 2 second(s)

2019-06-19 16:23:55 - [MESSAGE][PASSED] - Delayed 2 second(s)

2019-06-19 16:23:55 - [TEST_STEP][PASSED] - click(findTestObject("OCS-MOBILE /Product page/Learn More - Link")): Object: 'Object Repository/OCS-MOBILE /Product page/Learn More - Link' is clicked on

2019-06-19 16:23:56 - [MESSAGE][PASSED] - Object: 'Object Repository/OCS-MOBILE /Product page/Learn More - Link' is clicked on

2019-06-19 16:23:56 - [TEST_STEP][PASSED] - delay(1): Delayed 1 second(s)

2019-06-19 16:23:57 - [MESSAGE][PASSED] - Delayed 1 second(s)

2019-06-19 16:23:57 - [TEST_STEP][NOT_RUN] - scrollToElement(findTestObject("OCS-MOBILE /Product page/Last raw of the table"), 0): NOT_RUN: scrollToElement(findTestObject("OCS-MOBILE /Product page/Last raw of the table"), 0)

2019-06-19 16:23:57 - [MESSAGE][NOT_RUN] - NOT_RUN: scrollToElement(findTestObject("OCS-MOBILE /Product page/Last raw of the table"), 0)

2019-06-19 16:23:57 - [TEST_STEP][PASSED] - takeScreenshot(): Taking screenshot successfully

2019-06-19 16:23:57 - [MESSAGE][PASSED] - Taking screenshot successfully
[[ATTACHMENT|/Users/sumankompelly/Relative xpath-Mobile/Reports/recordings - ( 1.10.2 )/20190619_153658/1560975837189.png]]

2019-06-19 16:23:57 - [TEST_STEP][PASSED] - delay(1): Delayed 1 second(s)

2019-06-19 16:23:58 - [MESSAGE][PASSED] - Delayed 1 second(s)

2019-06-19 16:23:58 - [TEST_STEP][PASSED] - click(findTestObject("OCS-MOBILE /Product page/More items to consider section/1st Product - image - Grinder")): Object: 'Object Repository/OCS-MOBILE /Product page/More items to consider section/1st Product - image - Grinder' is clicked on

2019-06-19 16:24:02 - [MESSAGE][PASSED] - Object: 'Object Repository/OCS-MOBILE /Product page/More items to consider section/1st Product - image - Grinder' is clicked on

2019-06-19 16:24:02 - [TEST_STEP][PASSED] - delay(2, STOP_ON_FAILURE): Delayed 2 second(s)

2019-06-19 16:24:04 - [MESSAGE][PASSED] - Delayed 2 second(s)

2019-06-19 16:24:04 - [TEST_STEP][PASSED] - takeScreenshot(): Taking screenshot successfully

2019-06-19 16:24:05 - [MESSAGE][PASSED] - Taking screenshot successfully
[[ATTACHMENT|/Users/sumankompelly/Relative xpath-Mobile/Reports/recordings - ( 1.10.2 )/20190619_153658/1560975844353.png]]

2019-06-19 16:24:05 - [TEST_STEP][PASSED] - delay(1): Delayed 1 second(s)

2019-06-19 16:24:06 - [MESSAGE][PASSED] - Delayed 1 second(s)

2019-06-19 16:24:06 - [TEST_STEP][PASSED] - back(): Navigate back successfully

2019-06-19 16:24:08 - [MESSAGE][PASSED] - Navigate back successfully

2019-06-19 16:24:08 - [TEST_STEP][PASSED] - click(findTestObject("OCS-MOBILE /Product page/More items to consider section/Vaporizers - Tab")): Object: 'Object Repository/OCS-MOBILE /Product page/More items to consider section/Vaporizers - Tab' is clicked on

2019-06-19 16:24:09 - [MESSAGE][PASSED] - Object: 'Object Repository/OCS-MOBILE /Product page/More items to consider section/Vaporizers - Tab' is clicked on

2019-06-19 16:24:09 - [TEST_STEP][PASSED] - delay(2): Delayed 2 second(s)

2019-06-19 16:24:11 - [MESSAGE][PASSED] - Delayed 2 second(s)

2019-06-19 16:24:11 - [TEST_STEP][PASSED] - takeScreenshot(): Taking screenshot successfully

2019-06-19 16:24:11 - [MESSAGE][PASSED] - Taking screenshot successfully
[[ATTACHMENT|/Users/sumankompelly/Relative xpath-Mobile/Reports/recordings - ( 1.10.2 )/20190619_153658/1560975851206.png]]

2019-06-19 16:24:11 - [TEST_STEP][PASSED] - delay(1): Delayed 1 second(s)

2019-06-19 16:24:12 - [MESSAGE][PASSED] - Delayed 1 second(s)

2019-06-19 16:24:12 - [TEST_STEP][FAILED] - click(findTestObject("OCS-MOBILE /Product page/More items to consider section/1st Product - image - Vaporizer")): click(findTestObject("OCS-MOBILE /Product page/More items to consider section/1st Product - image - Vaporizer")) FAILED.
Reason:
com.kms.katalon.core.exception.StepFailedException: Unable to click on object 'Object Repository/OCS-MOBILE /Product page/More items to consider section/1st Product - image - Vaporizer' (Root cause: org.openqa.selenium.WebDriverException: element click intercepted: Element <img src="https://cdn.shopify.com/s/files/1/2636/1928/products/upload-200083-811736021739-a1c0-c01-compressed_large.jpg?v=1556718959" alt="G Pen Pro"> is not clickable at point (250, 590). Other element would receive the click: <iframe title="Preview Bar" id="preview-bar-iframe" src="https://ocs.ca/preview_bar" sandbox="allow-same-origin allow-scripts" style="position: fixed; bottom: 0px; left: 0px; z-index: 2147483647; width: 100%; border: none; box-shadow: rgba(0, 0, 0, 0.2) 0px -1px 3px; overflow: hidden; transform: translateY(0px); transition: transform 300ms ease 0s; height: 92px;"></iframe>
  (Session info: chrome=76.0.3809.25)
  (Driver info: chromedriver=76.0.3809.25 (a0c95f440512e06df1c9c206f2d79cc20be18bb1-refs/branch-heads/3809@{#271}),platform=Mac OS X 10.13.6 x86_64) (WARNING: The server did not provide any stacktrace information)
Command duration or timeout: 53 milliseconds
Build info: version: '2.53.0', revision: '35ae25b', time: '2016-03-15 17:00:58'
System info: host: 'mac-208-52-166-45.browserstack.com', ip: '208.52.166.45', os.name: 'Mac OS X', os.arch: 'x86_64', os.version: '10.13.6', java.version: '1.8.0_51'
Driver info: org.openqa.selenium.chrome.ChromeDriver
Capabilities [{mobileEmulationEnabled=false, timeouts={implicit=0, pageLoad=300000, script=30000}, hasTouchScreen=false, platform=MAC, acceptSslCerts=false, goog:chromeOptions={debuggerAddress=localhost:53024}, acceptInsecureCerts=false, webStorageEnabled=true, browserName=chrome, takesScreenshot=true, javascriptEnabled=true, setWindowRect=true, unexpectedAlertBehaviour=ignore, applicationCacheEnabled=false, rotatable=false, networkConnectionEnabled=false, chrome={chromedriverVersion=76.0.3809.25 (a0c95f440512e06df1c9c206f2d79cc20be18bb1-refs/branch-heads/3809@{#271}), userDataDir=/var/folders/3y/zz_w6_s56sl__vcrf3r5bhzr0000hr/T/.com.google.Chrome.ZpvCqO}, takesHeapSnapshot=true, pageLoadStrategy=normal, strictFileInteractability=false, databaseEnabled=false, handlesAlerts=true, version=76.0.3809.25, browserConnectionEnabled=false, proxy={}, nativeEvents=true, locationContextEnabled=true, cssSelectorsEnabled=true}]
Session ID: ecf38792735cf684fa2cd6d854f40e3f
Command duration or timeout: 0 milliseconds)
	at com.kms.katalon.core.keyword.internal.KeywordMain.stepFailed(KeywordMain.groovy:36)
	at com.kms.katalon.core.webui.keyword.internal.WebUIKeywordMain.stepFailed(WebUIKeywordMain.groovy:65)
	at com.kms.katalon.core.webui.keyword.internal.WebUIKeywordMain.runKeyword(WebUIKeywordMain.groovy:27)
	at com.kms.katalon.core.webui.keyword.builtin.ClickKeyword.click(ClickKeyword.groovy:86)
	at com.kms.katalon.core.webui.keyword.builtin.ClickKeyword.execute(ClickKeyword.groovy:67)
	at com.kms.katalon.core.keyword.internal.KeywordExecutor.executeKeywordForPlatform(KeywordExecutor.groovy:53)
	at com.kms.katalon.core.webui.keyword.WebUiBuiltInKeywords.click(WebUiBuiltInKeywords.groovy:616)
	at com.kms.katalon.core.webui.keyword.WebUiBuiltInKeywords$click$4.call(Unknown Source)
	at More items to consider.run(More items to consider:51)
	at com.kms.katalon.core.main.ScriptEngine.run(ScriptEngine.java:194)
	at com.kms.katalon.core.main.ScriptEngine.runScriptAsRawText(ScriptEngine.java:119)
	at com.kms.katalon.core.main.TestCaseExecutor.runScript(TestCaseExecutor.java:328)
	at com.kms.katalon.core.main.TestCaseExecutor.doExecute(TestCaseExecutor.java:319)
	at com.kms.katalon.core.main.TestCaseExecutor.processExecutionPhase(TestCaseExecutor.java:298)
	at com.kms.katalon.core.main.TestCaseExecutor.accessMainPhase(TestCaseExecutor.java:290)
	at com.kms.katalon.core.main.TestCaseExecutor.execute(TestCaseExecutor.java:224)
	at com.kms.katalon.core.main.TestSuiteExecutor.accessTestCaseMainPhase(TestSuiteExecutor.java:129)
	at com.kms.katalon.core.main.TestSuiteExecutor.accessTestSuiteMainPhase(TestSuiteExecutor.java:112)
	at com.kms.katalon.core.main.TestSuiteExecutor.execute(TestSuiteExecutor.java:81)
	at com.kms.katalon.core.main.TestCaseMain.startTestSuite(TestCaseMain.java:149)
	at com.kms.katalon.core.main.TestCaseMain$startTestSuite$0.call(Unknown Source)
	at TempTestSuite1560973018737.run(TempTestSuite1560973018737.groovy:36)


2019-06-19 16:24:13 - [MESSAGE][FAILED] - Unable to click on object 'Object Repository/OCS-MOBILE /Product page/More items to consider section/1st Product - image - Vaporizer' (Root cause: org.openqa.selenium.WebDriverException: element click intercepted: Element <img src="https://cdn.shopify.com/s/files/1/2636/1928/products/upload-200083-811736021739-a1c0-c01-compressed_large.jpg?v=1556718959" alt="G Pen Pro"> is not clickable at point (250, 590). Other element would receive the click: <iframe title="Preview Bar" id="preview-bar-iframe" src="https://ocs.ca/preview_bar" sandbox="allow-same-origin allow-scripts" style="position: fixed; bottom: 0px; left: 0px; z-index: 2147483647; width: 100%; border: none; box-shadow: rgba(0, 0, 0, 0.2) 0px -1px 3px; overflow: hidden; transform: translateY(0px); transition: transform 300ms ease 0s; height: 92px;"></iframe>
  (Session info: chrome=76.0.3809.25)
  (Driver info: chromedriver=76.0.3809.25 (a0c95f440512e06df1c9c206f2d79cc20be18bb1-refs/branch-heads/3809@{#271}),platform=Mac OS X 10.13.6 x86_64) (WARNING: The server did not provide any stacktrace information)
Command duration or timeout: 53 milliseconds
Build info: version: '2.53.0', revision: '35ae25b', time: '2016-03-15 17:00:58'
System info: host: 'mac-208-52-166-45.browserstack.com', ip: '208.52.166.45', os.name: 'Mac OS X', os.arch: 'x86_64', os.version: '10.13.6', java.version: '1.8.0_51'
Driver info: org.openqa.selenium.chrome.ChromeDriver
Capabilities [{mobileEmulationEnabled=false, timeouts={implicit=0, pageLoad=300000, script=30000}, hasTouchScreen=false, platform=MAC, acceptSslCerts=false, goog:chromeOptions={debuggerAddress=localhost:53024}, acceptInsecureCerts=false, webStorageEnabled=true, browserName=chrome, takesScreenshot=true, javascriptEnabled=true, setWindowRect=true, unexpectedAlertBehaviour=ignore, applicationCacheEnabled=false, rotatable=false, networkConnectionEnabled=false, chrome={chromedriverVersion=76.0.3809.25 (a0c95f440512e06df1c9c206f2d79cc20be18bb1-refs/branch-heads/3809@{#271}), userDataDir=/var/folders/3y/zz_w6_s56sl__vcrf3r5bhzr0000hr/T/.com.google.Chrome.ZpvCqO}, takesHeapSnapshot=true, pageLoadStrategy=normal, strictFileInteractability=false, databaseEnabled=false, handlesAlerts=true, version=76.0.3809.25, browserConnectionEnabled=false, proxy={}, nativeEvents=true, locationContextEnabled=true, cssSelectorsEnabled=true}]
Session ID: ecf38792735cf684fa2cd6d854f40e3f
Command duration or timeout: 0 milliseconds)
[[ATTACHMENT|/Users/sumankompelly/Relative xpath-Mobile/Reports/recordings - ( 1.10.2 )/20190619_153658/1560975853195.png]]

2019-06-19 16:24:13 - [MESSAGE][FAILED] - click(findTestObject("OCS-MOBILE /Product page/More items to consider section/1st Product - image - Vaporizer")) FAILED.
Reason:
com.kms.katalon.core.exception.StepFailedException: Unable to click on object 'Object Repository/OCS-MOBILE /Product page/More items to consider section/1st Product - image - Vaporizer' (Root cause: org.openqa.selenium.WebDriverException: element click intercepted: Element <img src="https://cdn.shopify.com/s/files/1/2636/1928/products/upload-200083-811736021739-a1c0-c01-compressed_large.jpg?v=1556718959" alt="G Pen Pro"> is not clickable at point (250, 590). Other element would receive the click: <iframe title="Preview Bar" id="preview-bar-iframe" src="https://ocs.ca/preview_bar" sandbox="allow-same-origin allow-scripts" style="position: fixed; bottom: 0px; left: 0px; z-index: 2147483647; width: 100%; border: none; box-shadow: rgba(0, 0, 0, 0.2) 0px -1px 3px; overflow: hidden; transform: translateY(0px); transition: transform 300ms ease 0s; height: 92px;"></iframe>
  (Session info: chrome=76.0.3809.25)
  (Driver info: chromedriver=76.0.3809.25 (a0c95f440512e06df1c9c206f2d79cc20be18bb1-refs/branch-heads/3809@{#271}),platform=Mac OS X 10.13.6 x86_64) (WARNING: The server did not provide any stacktrace information)
Command duration or timeout: 53 milliseconds
Build info: version: '2.53.0', revision: '35ae25b', time: '2016-03-15 17:00:58'
System info: host: 'mac-208-52-166-45.browserstack.com', ip: '208.52.166.45', os.name: 'Mac OS X', os.arch: 'x86_64', os.version: '10.13.6', java.version: '1.8.0_51'
Driver info: org.openqa.selenium.chrome.ChromeDriver
Capabilities [{mobileEmulationEnabled=false, timeouts={implicit=0, pageLoad=300000, script=30000}, hasTouchScreen=false, platform=MAC, acceptSslCerts=false, goog:chromeOptions={debuggerAddress=localhost:53024}, acceptInsecureCerts=false, webStorageEnabled=true, browserName=chrome, takesScreenshot=true, javascriptEnabled=true, setWindowRect=true, unexpectedAlertBehaviour=ignore, applicationCacheEnabled=false, rotatable=false, networkConnectionEnabled=false, chrome={chromedriverVersion=76.0.3809.25 (a0c95f440512e06df1c9c206f2d79cc20be18bb1-refs/branch-heads/3809@{#271}), userDataDir=/var/folders/3y/zz_w6_s56sl__vcrf3r5bhzr0000hr/T/.com.google.Chrome.ZpvCqO}, takesHeapSnapshot=true, pageLoadStrategy=normal, strictFileInteractability=false, databaseEnabled=false, handlesAlerts=true, version=76.0.3809.25, browserConnectionEnabled=false, proxy={}, nativeEvents=true, locationContextEnabled=true, cssSelectorsEnabled=true}]
Session ID: ecf38792735cf684fa2cd6d854f40e3f
Command duration or timeout: 0 milliseconds)
	at com.kms.katalon.core.keyword.internal.KeywordMain.stepFailed(KeywordMain.groovy:36)
	at com.kms.katalon.core.webui.keyword.internal.WebUIKeywordMain.stepFailed(WebUIKeywordMain.groovy:65)
	at com.kms.katalon.core.webui.keyword.internal.WebUIKeywordMain.runKeyword(WebUIKeywordMain.groovy:27)
	at com.kms.katalon.core.webui.keyword.builtin.ClickKeyword.click(ClickKeyword.groovy:86)
	at com.kms.katalon.core.webui.keyword.builtin.ClickKeyword.execute(ClickKeyword.groovy:67)
	at com.kms.katalon.core.keyword.internal.KeywordExecutor.executeKeywordForPlatform(KeywordExecutor.groovy:53)
	at com.kms.katalon.core.webui.keyword.WebUiBuiltInKeywords.click(WebUiBuiltInKeywords.groovy:616)
	at com.kms.katalon.core.webui.keyword.WebUiBuiltInKeywords$click$4.call(Unknown Source)
	at More items to consider.run(More items to consider:51)
	at com.kms.katalon.core.main.ScriptEngine.run(ScriptEngine.java:194)
	at com.kms.katalon.core.main.ScriptEngine.runScriptAsRawText(ScriptEngine.java:119)
	at com.kms.katalon.core.main.TestCaseExecutor.runScript(TestCaseExecutor.java:328)
	at com.kms.katalon.core.main.TestCaseExecutor.doExecute(TestCaseExecutor.java:319)
	at com.kms.katalon.core.main.TestCaseExecutor.processExecutionPhase(TestCaseExecutor.java:298)
	at com.kms.katalon.core.main.TestCaseExecutor.accessMainPhase(TestCaseExecutor.java:290)
	at com.kms.katalon.core.main.TestCaseExecutor.execute(TestCaseExecutor.java:224)
	at com.kms.katalon.core.main.TestSuiteExecutor.accessTestCaseMainPhase(TestSuiteExecutor.java:129)
	at com.kms.katalon.core.main.TestSuiteExecutor.accessTestSuiteMainPhase(TestSuiteExecutor.java:112)
	at com.kms.katalon.core.main.TestSuiteExecutor.execute(TestSuiteExecutor.java:81)
	at com.kms.katalon.core.main.TestCaseMain.startTestSuite(TestCaseMain.java:149)
	at com.kms.katalon.core.main.TestCaseMain$startTestSuite$0.call(Unknown Source)
	at TempTestSuite1560973018737.run(TempTestSuite1560973018737.groovy:36)]]></system-out>
         <system-err><![CDATA[2019-06-19 16:22:38 - [TEST_CASE][FAILED] - Test Cases/OCS - MOBILE/OCS- PRODUCT PAGE/More items to consider: Test Cases/OCS - MOBILE/OCS- PRODUCT PAGE/More items to consider FAILED.
Reason:
com.kms.katalon.core.exception.StepFailedException: Unable to click on object 'Object Repository/OCS-MOBILE /Product page/More items to consider section/1st Product - image - Vaporizer' (Root cause: org.openqa.selenium.WebDriverException: element click intercepted: Element <img src="https://cdn.shopify.com/s/files/1/2636/1928/products/upload-200083-811736021739-a1c0-c01-compressed_large.jpg?v=1556718959" alt="G Pen Pro"> is not clickable at point (250, 590). Other element would receive the click: <iframe title="Preview Bar" id="preview-bar-iframe" src="https://ocs.ca/preview_bar" sandbox="allow-same-origin allow-scripts" style="position: fixed; bottom: 0px; left: 0px; z-index: 2147483647; width: 100%; border: none; box-shadow: rgba(0, 0, 0, 0.2) 0px -1px 3px; overflow: hidden; transform: translateY(0px); transition: transform 300ms ease 0s; height: 92px;"></iframe>
  (Session info: chrome=76.0.3809.25)
  (Driver info: chromedriver=76.0.3809.25 (a0c95f440512e06df1c9c206f2d79cc20be18bb1-refs/branch-heads/3809@{#271}),platform=Mac OS X 10.13.6 x86_64) (WARNING: The server did not provide any stacktrace information)
Command duration or timeout: 53 milliseconds
Build info: version: '2.53.0', revision: '35ae25b', time: '2016-03-15 17:00:58'
System info: host: 'mac-208-52-166-45.browserstack.com', ip: '208.52.166.45', os.name: 'Mac OS X', os.arch: 'x86_64', os.version: '10.13.6', java.version: '1.8.0_51'
Driver info: org.openqa.selenium.chrome.ChromeDriver
Capabilities [{mobileEmulationEnabled=false, timeouts={implicit=0, pageLoad=300000, script=30000}, hasTouchScreen=false, platform=MAC, acceptSslCerts=false, goog:chromeOptions={debuggerAddress=localhost:53024}, acceptInsecureCerts=false, webStorageEnabled=true, browserName=chrome, takesScreenshot=true, javascriptEnabled=true, setWindowRect=true, unexpectedAlertBehaviour=ignore, applicationCacheEnabled=false, rotatable=false, networkConnectionEnabled=false, chrome={chromedriverVersion=76.0.3809.25 (a0c95f440512e06df1c9c206f2d79cc20be18bb1-refs/branch-heads/3809@{#271}), userDataDir=/var/folders/3y/zz_w6_s56sl__vcrf3r5bhzr0000hr/T/.com.google.Chrome.ZpvCqO}, takesHeapSnapshot=true, pageLoadStrategy=normal, strictFileInteractability=false, databaseEnabled=false, handlesAlerts=true, version=76.0.3809.25, browserConnectionEnabled=false, proxy={}, nativeEvents=true, locationContextEnabled=true, cssSelectorsEnabled=true}]
Session ID: ecf38792735cf684fa2cd6d854f40e3f
Command duration or timeout: 0 milliseconds)
	at com.kms.katalon.core.keyword.internal.KeywordMain.stepFailed(KeywordMain.groovy:36)
	at com.kms.katalon.core.webui.keyword.internal.WebUIKeywordMain.stepFailed(WebUIKeywordMain.groovy:65)
	at com.kms.katalon.core.webui.keyword.internal.WebUIKeywordMain.runKeyword(WebUIKeywordMain.groovy:27)
	at com.kms.katalon.core.webui.keyword.builtin.ClickKeyword.click(ClickKeyword.groovy:86)
	at com.kms.katalon.core.webui.keyword.builtin.ClickKeyword.execute(ClickKeyword.groovy:67)
	at com.kms.katalon.core.keyword.internal.KeywordExecutor.executeKeywordForPlatform(KeywordExecutor.groovy:53)
	at com.kms.katalon.core.webui.keyword.WebUiBuiltInKeywords.click(WebUiBuiltInKeywords.groovy:616)
	at com.kms.katalon.core.webui.keyword.WebUiBuiltInKeywords$click$4.call(Unknown Source)
	at More items to consider.run(More items to consider:51)
	at com.kms.katalon.core.main.ScriptEngine.run(ScriptEngine.java:194)
	at com.kms.katalon.core.main.ScriptEngine.runScriptAsRawText(ScriptEngine.java:119)
	at com.kms.katalon.core.main.TestCaseExecutor.runScript(TestCaseExecutor.java:328)
	at com.kms.katalon.core.main.TestCaseExecutor.doExecute(TestCaseExecutor.java:319)
	at com.kms.katalon.core.main.TestCaseExecutor.processExecutionPhase(TestCaseExecutor.java:298)
	at com.kms.katalon.core.main.TestCaseExecutor.accessMainPhase(TestCaseExecutor.java:290)
	at com.kms.katalon.core.main.TestCaseExecutor.execute(TestCaseExecutor.java:224)
	at com.kms.katalon.core.main.TestSuiteExecutor.accessTestCaseMainPhase(TestSuiteExecutor.java:129)
	at com.kms.katalon.core.main.TestSuiteExecutor.accessTestSuiteMainPhase(TestSuiteExecutor.java:112)
	at com.kms.katalon.core.main.TestSuiteExecutor.execute(TestSuiteExecutor.java:81)
	at com.kms.katalon.core.main.TestCaseMain.startTestSuite(TestCaseMain.java:149)
	at com.kms.katalon.core.main.TestCaseMain$startTestSuite$0.call(Unknown Source)
	at TempTestSuite1560973018737.run(TempTestSuite1560973018737.groovy:36)]]></system-err>
      </testcase>
      <testcase name="Test Cases/OCS - MOBILE/OCS- PRODUCT PAGE/Price" classname="Test Cases/OCS - MOBILE/OCS- PRODUCT PAGE/Price" status="PASSED">
         <system-out><![CDATA[2019-06-19 16:24:13 - [TEST_CASE][PASSED] - Test Cases/OCS - MOBILE/OCS- PRODUCT PAGE/Price: Test Cases/OCS - MOBILE/OCS- PRODUCT PAGE/Price

2019-06-19 16:24:13 - [TEST_STEP][PASSED] - callTestCase(findTestCase("OCS - MOBILE/CALL - PDP"), [:], STOP_ON_FAILURE): Call Test Case 'Test Cases/OCS - MOBILE/CALL - PDP' successfully

2019-06-19 16:24:14 - [TEST_CASE][PASSED] - Test Cases/OCS - MOBILE/CALL - PDP: Test Cases/OCS - MOBILE/CALL - PDP

2019-06-19 16:24:14 - [TEST_STEP][PASSED] - openBrowser(""): Browser is opened with url: ''

2019-06-19 16:24:14 - [MESSAGE][WARNING] - A browser is already opened. Closing browser and opening a new one

2019-06-19 16:24:14 - [MESSAGE][INFO] - Starting 'Remote' driver

2019-06-19 16:24:14 - [MESSAGE][INFO] - User set preference: ['os', 'OS X']

2019-06-19 16:24:14 - [MESSAGE][INFO] - User set preference: ['os_version', 'High Sierra']

2019-06-19 16:24:14 - [MESSAGE][INFO] - User set preference: ['browser', 'Chrome']

2019-06-19 16:24:14 - [MESSAGE][INFO] - User set preference: ['browser_version', '76.0 beta']

2019-06-19 16:24:14 - [MESSAGE][INFO] - User set preference: ['browserstack.local', 'false']

2019-06-19 16:24:14 - [MESSAGE][INFO] - Connecting to remote web server 'https://dianatest3:Z3oqw9ysqTeRQJq5wFCp@hub-cloud.browserstack.com/wd/hub' with type 'Selenium'

2019-06-19 16:24:18 - [MESSAGE][PASSED] - Browser is opened with url: ''

2019-06-19 16:24:18 - [TEST_STEP][PASSED] - navigateToUrl("https://ocs.ca/?fts=0&preview_theme_id=72920106828"): Navigate to 'https://ocs.ca/?fts=0&preview_theme_id=72920106828' successfully

2019-06-19 16:24:24 - [MESSAGE][PASSED] - Navigate to 'https://ocs.ca/?fts=0&preview_theme_id=72920106828' successfully

2019-06-19 16:24:24 - [TEST_STEP][PASSED] - executeJavaScript("var previewBar = document.getElementById("preview-bar-iframe"); previewBar.style.display = "none";", []): Execute JavaScript 'var previewBar = document.getElementById("preview-bar-iframe"); previewBar.style.display = "none";' successfully

2019-06-19 16:24:24 - [MESSAGE][PASSED] - Execute JavaScript 'var previewBar = document.getElementById("preview-bar-iframe"); previewBar.style.display = "none";' successfully

2019-06-19 16:24:24 - [TEST_STEP][PASSED] - setViewPortSize(360, 800): Viewport is set to new size with width = 360 and height = 800

2019-06-19 16:24:24 - [MESSAGE][PASSED] - Viewport is set to new size with width = 360 and height = 800

2019-06-19 16:24:24 - [TEST_STEP][PASSED] - delay(4): Delayed 4 second(s)

2019-06-19 16:24:28 - [MESSAGE][PASSED] - Delayed 4 second(s)

2019-06-19 16:24:28 - [TEST_STEP][PASSED] - selectOptionByValue(findTestObject("OCS-MOBILE /Age gate and burger menu/Date"), "12", true): All options with value '12' are selected in object 'Object Repository/OCS-MOBILE /Age gate and burger menu/Date'  using regular expression

2019-06-19 16:24:33 - [MESSAGE][PASSED] - All options with value '12' are selected in object 'Object Repository/OCS-MOBILE /Age gate and burger menu/Date'  using regular expression

2019-06-19 16:24:33 - [TEST_STEP][PASSED] - selectOptionByValue(findTestObject("OCS-MOBILE /Age gate and burger menu/month"), "6", true): All options with value '6' are selected in object 'Object Repository/OCS-MOBILE /Age gate and burger menu/month'  using regular expression

2019-06-19 16:24:36 - [MESSAGE][PASSED] - All options with value '6' are selected in object 'Object Repository/OCS-MOBILE /Age gate and burger menu/month'  using regular expression

2019-06-19 16:24:36 - [TEST_STEP][PASSED] - delay(2): Delayed 2 second(s)

2019-06-19 16:24:38 - [MESSAGE][PASSED] - Delayed 2 second(s)

2019-06-19 16:24:38 - [TEST_STEP][PASSED] - selectOptionByValue(findTestObject("OCS-MOBILE /Age gate and burger menu/Year Dropdown"), "1990", true): All options with value '1990' are selected in object 'Object Repository/OCS-MOBILE /Age gate and burger menu/Year Dropdown'  using regular expression

2019-06-19 16:24:52 - [MESSAGE][PASSED] - All options with value '1990' are selected in object 'Object Repository/OCS-MOBILE /Age gate and burger menu/Year Dropdown'  using regular expression

2019-06-19 16:24:52 - [TEST_STEP][PASSED] - click(findTestObject("OCS-MOBILE /Age gate and Mega menu/button_Verify")): Object: 'Object Repository/OCS-MOBILE /Age gate and Mega menu/button_Verify' is clicked on

2019-06-19 16:24:53 - [MESSAGE][PASSED] - Object: 'Object Repository/OCS-MOBILE /Age gate and Mega menu/button_Verify' is clicked on

2019-06-19 16:24:53 - [TEST_STEP][PASSED] - click(findTestObject("OCS-MOBILE /Age gate and Mega menu/Checkbox_CONFIRM AND ACKNOWLEDGE")): Object: 'Object Repository/OCS-MOBILE /Age gate and Mega menu/Checkbox_CONFIRM AND ACKNOWLEDGE' is clicked on

2019-06-19 16:24:53 - [MESSAGE][PASSED] - Object: 'Object Repository/OCS-MOBILE /Age gate and Mega menu/Checkbox_CONFIRM AND ACKNOWLEDGE' is clicked on

2019-06-19 16:24:53 - [TEST_STEP][PASSED] - click(findTestObject("OCS-MOBILE /Age gate and Mega menu/button_CONFIRM")): Object: 'Object Repository/OCS-MOBILE /Age gate and Mega menu/button_CONFIRM' is clicked on

2019-06-19 16:24:53 - [MESSAGE][PASSED] - Object: 'Object Repository/OCS-MOBILE /Age gate and Mega menu/button_CONFIRM' is clicked on

2019-06-19 16:24:53 - [TEST_STEP][PASSED] - click(findTestObject("OCS-MOBILE /Age gate and Mega menu/button_Start Browsing")): Object: 'Object Repository/OCS-MOBILE /Age gate and Mega menu/button_Start Browsing' is clicked on

2019-06-19 16:24:54 - [MESSAGE][PASSED] - Object: 'Object Repository/OCS-MOBILE /Age gate and Mega menu/button_Start Browsing' is clicked on

2019-06-19 16:24:54 - [TEST_STEP][PASSED] - refresh(): Refresh successfully

2019-06-19 16:24:54 - [MESSAGE][PASSED] - Refresh successfully

2019-06-19 16:24:54 - [TEST_STEP][PASSED] - delay(2): Delayed 2 second(s)

2019-06-19 16:24:56 - [MESSAGE][PASSED] - Delayed 2 second(s)

2019-06-19 16:24:56 - [TEST_STEP][PASSED] - click(findTestObject("OCS-MOBILE /Age gate and burger menu/Burger menu - English")): Object: 'Object Repository/OCS-MOBILE /Age gate and burger menu/Burger menu - English' is clicked on

2019-06-19 16:24:57 - [MESSAGE][PASSED] - Object: 'Object Repository/OCS-MOBILE /Age gate and burger menu/Burger menu - English' is clicked on

2019-06-19 16:24:57 - [TEST_STEP][PASSED] - delay(2): Delayed 2 second(s)

2019-06-19 16:24:59 - [MESSAGE][PASSED] - Delayed 2 second(s)

2019-06-19 16:24:59 - [TEST_STEP][PASSED] - click(findTestObject("OCS-MOBILE /Age gate and burger menu/Chevron_Cannabis")): Object: 'Object Repository/OCS-MOBILE /Age gate and burger menu/Chevron_Cannabis' is clicked on

2019-06-19 16:24:59 - [MESSAGE][PASSED] - Object: 'Object Repository/OCS-MOBILE /Age gate and burger menu/Chevron_Cannabis' is clicked on

2019-06-19 16:24:59 - [TEST_STEP][PASSED] - delay(2): Delayed 2 second(s)

2019-06-19 16:25:01 - [MESSAGE][PASSED] - Delayed 2 second(s)

2019-06-19 16:25:01 - [TEST_STEP][PASSED] - click(findTestObject("OCS-MOBILE /Age gate and burger menu/Dried Flower_Plus icon")): Object: 'Object Repository/OCS-MOBILE /Age gate and burger menu/Dried Flower_Plus icon' is clicked on

2019-06-19 16:25:02 - [MESSAGE][PASSED] - Object: 'Object Repository/OCS-MOBILE /Age gate and burger menu/Dried Flower_Plus icon' is clicked on

2019-06-19 16:25:02 - [TEST_STEP][PASSED] - delay(2): Delayed 2 second(s)

2019-06-19 16:25:04 - [MESSAGE][PASSED] - Delayed 2 second(s)

2019-06-19 16:25:04 - [TEST_STEP][PASSED] - click(findTestObject("OCS-MOBILE /Age gate and burger menu/Indica Dominant_Menu item")): Object: 'Object Repository/OCS-MOBILE /Age gate and burger menu/Indica Dominant_Menu item' is clicked on

2019-06-19 16:25:07 - [MESSAGE][PASSED] - Object: 'Object Repository/OCS-MOBILE /Age gate and burger menu/Indica Dominant_Menu item' is clicked on

2019-06-19 16:25:07 - [TEST_STEP][PASSED] - executeJavaScript("var previewBar = document.getElementById("preview-bar-iframe"); previewBar.style.display = "none";", []): Execute JavaScript 'var previewBar = document.getElementById("preview-bar-iframe"); previewBar.style.display = "none";' successfully

2019-06-19 16:25:07 - [MESSAGE][PASSED] - Execute JavaScript 'var previewBar = document.getElementById("preview-bar-iframe"); previewBar.style.display = "none";' successfully

2019-06-19 16:25:07 - [TEST_STEP][PASSED] - delay(2): Delayed 2 second(s)

2019-06-19 16:25:09 - [MESSAGE][PASSED] - Delayed 2 second(s)

2019-06-19 16:25:09 - [TEST_STEP][PASSED] - click(findTestObject("OCS-MOBILE /Collection page/Product image - 1st one")): Object: 'Object Repository/OCS-MOBILE /Collection page/Product image - 1st one' is clicked on

2019-06-19 16:25:13 - [MESSAGE][PASSED] - Object: 'Object Repository/OCS-MOBILE /Collection page/Product image - 1st one' is clicked on

2019-06-19 16:25:13 - [TEST_STEP][PASSED] - delay(2): Delayed 2 second(s)

2019-06-19 16:25:15 - [MESSAGE][PASSED] - Delayed 2 second(s)

2019-06-19 16:25:15 - [TEST_STEP][PASSED] - executeJavaScript("var previewBar = document.getElementById("preview-bar-iframe"); previewBar.style.display = "none";", []): Execute JavaScript 'var previewBar = document.getElementById("preview-bar-iframe"); previewBar.style.display = "none";' successfully

2019-06-19 16:25:15 - [MESSAGE][PASSED] - Execute JavaScript 'var previewBar = document.getElementById("preview-bar-iframe"); previewBar.style.display = "none";' successfully

2019-06-19 16:25:15 - [MESSAGE][PASSED] - Call Test Case 'Test Cases/OCS - MOBILE/CALL - PDP' successfully

2019-06-19 16:25:15 - [TEST_STEP][NOT_RUN] - navigateToUrl("https://ocs.ca/?fts=0&preview_theme_id=53373863756"): NOT_RUN: navigateToUrl("https://ocs.ca/?fts=0&preview_theme_id=53373863756")

2019-06-19 16:25:15 - [MESSAGE][NOT_RUN] - NOT_RUN: navigateToUrl("https://ocs.ca/?fts=0&preview_theme_id=53373863756")

2019-06-19 16:25:15 - [TEST_STEP][PASSED] - delay(2): Delayed 2 second(s)

2019-06-19 16:25:17 - [MESSAGE][PASSED] - Delayed 2 second(s)

2019-06-19 16:25:17 - [TEST_STEP][NOT_RUN] - scrollToElement(findTestObject("OCS-MOBILE /Product page/Product image"), 1): NOT_RUN: scrollToElement(findTestObject("OCS-MOBILE /Product page/Product image"), 1)

2019-06-19 16:25:17 - [MESSAGE][NOT_RUN] - NOT_RUN: scrollToElement(findTestObject("OCS-MOBILE /Product page/Product image"), 1)

2019-06-19 16:25:17 - [TEST_STEP][PASSED] - delay(2): Delayed 2 second(s)

2019-06-19 16:25:19 - [MESSAGE][PASSED] - Delayed 2 second(s)

2019-06-19 16:25:19 - [TEST_STEP][PASSED] - click(findTestObject("OCS-MOBILE /Product page/Swatch_1g")): Object: 'Object Repository/OCS-MOBILE /Product page/Swatch_1g' is clicked on

2019-06-19 16:25:20 - [MESSAGE][PASSED] - Object: 'Object Repository/OCS-MOBILE /Product page/Swatch_1g' is clicked on

2019-06-19 16:25:20 - [TEST_STEP][PASSED] - delay(2): Delayed 2 second(s)

2019-06-19 16:25:22 - [MESSAGE][PASSED] - Delayed 2 second(s)

2019-06-19 16:25:22 - [TEST_STEP][PASSED] - a = getText(findTestObject("OCS-MOBILE /Product page/Price/1g Price - Swatch")): Text of object 'Object Repository/OCS-MOBILE /Product page/Price/1g Price - Swatch' is: '$10.25'

2019-06-19 16:25:22 - [MESSAGE][PASSED] - Text of object 'Object Repository/OCS-MOBILE /Product page/Price/1g Price - Swatch' is: '$10.25'

2019-06-19 16:25:22 - [TEST_STEP][PASSED] - comment("a =" + a): a =$10.25

2019-06-19 16:25:22 - [MESSAGE][INFO] - a =$10.25

2019-06-19 16:25:22 - [TEST_STEP][PASSED] - delay(1, OPTIONAL): Delayed 1 second(s)

2019-06-19 16:25:23 - [MESSAGE][PASSED] - Delayed 1 second(s)

2019-06-19 16:25:23 - [TEST_STEP][PASSED] - flag = verifyElementPresent(findTestObject("OCS-MOBILE /Product page/Price/Price - Add to cart button"), 0, CONTINUE_ON_FAILURE): Object 'Object Repository/OCS-MOBILE /Product page/Price/Price - Add to cart button' is present

2019-06-19 16:25:23 - [MESSAGE][WARNING] - Timeout '0' is invalid. Using default page load timeout: '30'

2019-06-19 16:25:23 - [MESSAGE][PASSED] - Object 'Object Repository/OCS-MOBILE /Product page/Price/Price - Add to cart button' is present

2019-06-19 16:25:23 - [TEST_STEP][PASSED] - comment("flag =" + flag): flag =true

2019-06-19 16:25:23 - [MESSAGE][INFO] - flag =true

2019-06-19 16:25:23 - [TEST_STEP][PASSED] - if (flag == true): Actual object '34.10' and expected object '34.10' are equal

2019-06-19 16:25:23 - [TEST_STEP][PASSED] - b = getText(findTestObject("OCS-MOBILE /Product page/Price/Price - Add to cart button")): Text of object 'Object Repository/OCS-MOBILE /Product page/Price/Price - Add to cart button' is: '$10.25'

2019-06-19 16:25:24 - [MESSAGE][PASSED] - Text of object 'Object Repository/OCS-MOBILE /Product page/Price/Price - Add to cart button' is: '$10.25'

2019-06-19 16:25:24 - [TEST_STEP][PASSED] - comment("a =" + a): a =$10.25

2019-06-19 16:25:24 - [MESSAGE][INFO] - a =$10.25

2019-06-19 16:25:24 - [TEST_STEP][PASSED] - a1 = a.substring(1): null

2019-06-19 16:25:24 - [TEST_STEP][PASSED] - comment("a1=" + a1): a1=10.25

2019-06-19 16:25:24 - [MESSAGE][INFO] - a1=10.25

2019-06-19 16:25:24 - [TEST_STEP][PASSED] - comment("b =" + b): b =$10.25

2019-06-19 16:25:24 - [MESSAGE][INFO] - b =$10.25

2019-06-19 16:25:24 - [TEST_STEP][PASSED] - b1 = a.substring(1): null

2019-06-19 16:25:24 - [TEST_STEP][PASSED] - comment("b1 =" + b1): b1 =10.25

2019-06-19 16:25:24 - [MESSAGE][INFO] - b1 =10.25

2019-06-19 16:25:24 - [TEST_STEP][PASSED] - verifyEqual(a1, b1): Actual object '10.25' and expected object '10.25' are equal

2019-06-19 16:25:24 - [MESSAGE][PASSED] - Actual object '10.25' and expected object '10.25' are equal

2019-06-19 16:25:24 - [TEST_STEP][PASSED] - click(findTestObject("OCS-MOBILE /Product page/Swatch_3.5g")): Object: 'Object Repository/OCS-MOBILE /Product page/Swatch_3.5g' is clicked on

2019-06-19 16:25:24 - [MESSAGE][PASSED] - Object: 'Object Repository/OCS-MOBILE /Product page/Swatch_3.5g' is clicked on

2019-06-19 16:25:24 - [TEST_STEP][PASSED] - c = getText(findTestObject("OCS-MOBILE /Product page/Price/3.5g Price - Swatch"), STOP_ON_FAILURE): Text of object 'Object Repository/OCS-MOBILE /Product page/Price/3.5g Price - Swatch' is: '$34.10'

2019-06-19 16:25:24 - [MESSAGE][PASSED] - Text of object 'Object Repository/OCS-MOBILE /Product page/Price/3.5g Price - Swatch' is: '$34.10'

2019-06-19 16:25:24 - [TEST_STEP][PASSED] - comment("c =" + c): c =$34.10

2019-06-19 16:25:24 - [MESSAGE][INFO] - c =$34.10

2019-06-19 16:25:24 - [TEST_STEP][PASSED] - c1 = c.substring(1): null

2019-06-19 16:25:24 - [TEST_STEP][PASSED] - comment("c1 =" + c1): c1 =34.10

2019-06-19 16:25:24 - [MESSAGE][INFO] - c1 =34.10

2019-06-19 16:25:24 - [TEST_STEP][PASSED] - d = getText(findTestObject("OCS-MOBILE /Product page/Price/Price - Add to cart button")): Text of object 'Object Repository/OCS-MOBILE /Product page/Price/Price - Add to cart button' is: '$34.10'

2019-06-19 16:25:24 - [MESSAGE][PASSED] - Text of object 'Object Repository/OCS-MOBILE /Product page/Price/Price - Add to cart button' is: '$34.10'

2019-06-19 16:25:24 - [TEST_STEP][PASSED] - comment("d =" + d): d =$34.10

2019-06-19 16:25:24 - [MESSAGE][INFO] - d =$34.10

2019-06-19 16:25:24 - [TEST_STEP][PASSED] - d1 = d.substring(1): null

2019-06-19 16:25:24 - [TEST_STEP][PASSED] - comment("d1 =" + d1): d1 =34.10

2019-06-19 16:25:24 - [MESSAGE][INFO] - d1 =34.10

2019-06-19 16:25:24 - [TEST_STEP][PASSED] - verifyEqual(c1, d1): Actual object '34.10' and expected object '34.10' are equal

2019-06-19 16:25:24 - [MESSAGE][PASSED] - Actual object '34.10' and expected object '34.10' are equal]]></system-out>
         <system-err><![CDATA[]]></system-err>
      </testcase>
      <testcase name="Test Cases/OCS - MOBILE/OCS- PRODUCT PAGE/Learn More" classname="Test Cases/OCS - MOBILE/OCS- PRODUCT PAGE/Learn More" status="PASSED">
         <system-out><![CDATA[2019-06-19 16:25:25 - [TEST_CASE][PASSED] - Test Cases/OCS - MOBILE/OCS- PRODUCT PAGE/Learn More: Test Cases/OCS - MOBILE/OCS- PRODUCT PAGE/Learn More

2019-06-19 16:25:25 - [TEST_STEP][PASSED] - callTestCase(findTestCase("OCS - MOBILE/CALL - PDP"), [:], STOP_ON_FAILURE): Call Test Case 'Test Cases/OCS - MOBILE/CALL - PDP' successfully

2019-06-19 16:25:25 - [TEST_CASE][PASSED] - Test Cases/OCS - MOBILE/CALL - PDP: Test Cases/OCS - MOBILE/CALL - PDP

2019-06-19 16:25:25 - [TEST_STEP][PASSED] - openBrowser(""): Browser is opened with url: ''

2019-06-19 16:25:25 - [MESSAGE][WARNING] - A browser is already opened. Closing browser and opening a new one

2019-06-19 16:25:25 - [MESSAGE][INFO] - Starting 'Remote' driver

2019-06-19 16:25:25 - [MESSAGE][INFO] - User set preference: ['os', 'OS X']

2019-06-19 16:25:25 - [MESSAGE][INFO] - User set preference: ['os_version', 'High Sierra']

2019-06-19 16:25:25 - [MESSAGE][INFO] - User set preference: ['browser', 'Chrome']

2019-06-19 16:25:25 - [MESSAGE][INFO] - User set preference: ['browser_version', '76.0 beta']

2019-06-19 16:25:25 - [MESSAGE][INFO] - User set preference: ['browserstack.local', 'false']

2019-06-19 16:25:25 - [MESSAGE][INFO] - Connecting to remote web server 'https://dianatest3:Z3oqw9ysqTeRQJq5wFCp@hub-cloud.browserstack.com/wd/hub' with type 'Selenium'

2019-06-19 16:25:29 - [MESSAGE][PASSED] - Browser is opened with url: ''

2019-06-19 16:25:29 - [TEST_STEP][PASSED] - navigateToUrl("https://ocs.ca/?fts=0&preview_theme_id=72920106828"): Navigate to 'https://ocs.ca/?fts=0&preview_theme_id=72920106828' successfully

2019-06-19 16:25:34 - [MESSAGE][PASSED] - Navigate to 'https://ocs.ca/?fts=0&preview_theme_id=72920106828' successfully

2019-06-19 16:25:34 - [TEST_STEP][PASSED] - executeJavaScript("var previewBar = document.getElementById("preview-bar-iframe"); previewBar.style.display = "none";", []): Execute JavaScript 'var previewBar = document.getElementById("preview-bar-iframe"); previewBar.style.display = "none";' successfully

2019-06-19 16:25:35 - [MESSAGE][PASSED] - Execute JavaScript 'var previewBar = document.getElementById("preview-bar-iframe"); previewBar.style.display = "none";' successfully

2019-06-19 16:25:35 - [TEST_STEP][PASSED] - setViewPortSize(360, 800): Viewport is set to new size with width = 360 and height = 800

2019-06-19 16:25:35 - [MESSAGE][PASSED] - Viewport is set to new size with width = 360 and height = 800

2019-06-19 16:25:35 - [TEST_STEP][PASSED] - delay(4): Delayed 4 second(s)

2019-06-19 16:25:39 - [MESSAGE][PASSED] - Delayed 4 second(s)

2019-06-19 16:25:39 - [TEST_STEP][PASSED] - selectOptionByValue(findTestObject("OCS-MOBILE /Age gate and burger menu/Date"), "12", true): All options with value '12' are selected in object 'Object Repository/OCS-MOBILE /Age gate and burger menu/Date'  using regular expression

2019-06-19 16:25:49 - [MESSAGE][PASSED] - All options with value '12' are selected in object 'Object Repository/OCS-MOBILE /Age gate and burger menu/Date'  using regular expression

2019-06-19 16:25:49 - [TEST_STEP][PASSED] - selectOptionByValue(findTestObject("OCS-MOBILE /Age gate and burger menu/month"), "6", true): All options with value '6' are selected in object 'Object Repository/OCS-MOBILE /Age gate and burger menu/month'  using regular expression

2019-06-19 16:25:54 - [MESSAGE][PASSED] - All options with value '6' are selected in object 'Object Repository/OCS-MOBILE /Age gate and burger menu/month'  using regular expression

2019-06-19 16:25:54 - [TEST_STEP][PASSED] - delay(2): Delayed 2 second(s)

2019-06-19 16:25:56 - [MESSAGE][PASSED] - Delayed 2 second(s)

2019-06-19 16:25:56 - [TEST_STEP][PASSED] - selectOptionByValue(findTestObject("OCS-MOBILE /Age gate and burger menu/Year Dropdown"), "1990", true): All options with value '1990' are selected in object 'Object Repository/OCS-MOBILE /Age gate and burger menu/Year Dropdown'  using regular expression

2019-06-19 16:26:24 - [MESSAGE][PASSED] - All options with value '1990' are selected in object 'Object Repository/OCS-MOBILE /Age gate and burger menu/Year Dropdown'  using regular expression

2019-06-19 16:26:24 - [TEST_STEP][PASSED] - click(findTestObject("OCS-MOBILE /Age gate and Mega menu/button_Verify")): Object: 'Object Repository/OCS-MOBILE /Age gate and Mega menu/button_Verify' is clicked on

2019-06-19 16:26:24 - [MESSAGE][PASSED] - Object: 'Object Repository/OCS-MOBILE /Age gate and Mega menu/button_Verify' is clicked on

2019-06-19 16:26:24 - [TEST_STEP][PASSED] - click(findTestObject("OCS-MOBILE /Age gate and Mega menu/Checkbox_CONFIRM AND ACKNOWLEDGE")): Object: 'Object Repository/OCS-MOBILE /Age gate and Mega menu/Checkbox_CONFIRM AND ACKNOWLEDGE' is clicked on

2019-06-19 16:26:24 - [MESSAGE][PASSED] - Object: 'Object Repository/OCS-MOBILE /Age gate and Mega menu/Checkbox_CONFIRM AND ACKNOWLEDGE' is clicked on

2019-06-19 16:26:24 - [TEST_STEP][PASSED] - click(findTestObject("OCS-MOBILE /Age gate and Mega menu/button_CONFIRM")): Object: 'Object Repository/OCS-MOBILE /Age gate and Mega menu/button_CONFIRM' is clicked on

2019-06-19 16:26:24 - [MESSAGE][PASSED] - Object: 'Object Repository/OCS-MOBILE /Age gate and Mega menu/button_CONFIRM' is clicked on

2019-06-19 16:26:24 - [TEST_STEP][PASSED] - click(findTestObject("OCS-MOBILE /Age gate and Mega menu/button_Start Browsing")): Object: 'Object Repository/OCS-MOBILE /Age gate and Mega menu/button_Start Browsing' is clicked on

2019-06-19 16:26:25 - [MESSAGE][PASSED] - Object: 'Object Repository/OCS-MOBILE /Age gate and Mega menu/button_Start Browsing' is clicked on

2019-06-19 16:26:25 - [TEST_STEP][PASSED] - refresh(): Refresh successfully

2019-06-19 16:26:25 - [MESSAGE][PASSED] - Refresh successfully

2019-06-19 16:26:25 - [TEST_STEP][PASSED] - delay(2): Delayed 2 second(s)

2019-06-19 16:26:27 - [MESSAGE][PASSED] - Delayed 2 second(s)

2019-06-19 16:26:27 - [TEST_STEP][PASSED] - click(findTestObject("OCS-MOBILE /Age gate and burger menu/Burger menu - English")): Object: 'Object Repository/OCS-MOBILE /Age gate and burger menu/Burger menu - English' is clicked on

2019-06-19 16:26:29 - [MESSAGE][PASSED] - Object: 'Object Repository/OCS-MOBILE /Age gate and burger menu/Burger menu - English' is clicked on

2019-06-19 16:26:29 - [TEST_STEP][PASSED] - delay(2): Delayed 2 second(s)

2019-06-19 16:26:31 - [MESSAGE][PASSED] - Delayed 2 second(s)

2019-06-19 16:26:31 - [TEST_STEP][PASSED] - click(findTestObject("OCS-MOBILE /Age gate and burger menu/Chevron_Cannabis")): Object: 'Object Repository/OCS-MOBILE /Age gate and burger menu/Chevron_Cannabis' is clicked on

2019-06-19 16:26:32 - [MESSAGE][PASSED] - Object: 'Object Repository/OCS-MOBILE /Age gate and burger menu/Chevron_Cannabis' is clicked on

2019-06-19 16:26:32 - [TEST_STEP][PASSED] - delay(2): Delayed 2 second(s)

2019-06-19 16:26:34 - [MESSAGE][PASSED] - Delayed 2 second(s)

2019-06-19 16:26:34 - [TEST_STEP][PASSED] - click(findTestObject("OCS-MOBILE /Age gate and burger menu/Dried Flower_Plus icon")): Object: 'Object Repository/OCS-MOBILE /Age gate and burger menu/Dried Flower_Plus icon' is clicked on

2019-06-19 16:26:34 - [MESSAGE][PASSED] - Object: 'Object Repository/OCS-MOBILE /Age gate and burger menu/Dried Flower_Plus icon' is clicked on

2019-06-19 16:26:34 - [TEST_STEP][PASSED] - delay(2): Delayed 2 second(s)

2019-06-19 16:26:36 - [MESSAGE][PASSED] - Delayed 2 second(s)

2019-06-19 16:26:36 - [TEST_STEP][PASSED] - click(findTestObject("OCS-MOBILE /Age gate and burger menu/Indica Dominant_Menu item")): Object: 'Object Repository/OCS-MOBILE /Age gate and burger menu/Indica Dominant_Menu item' is clicked on

2019-06-19 16:26:39 - [MESSAGE][PASSED] - Object: 'Object Repository/OCS-MOBILE /Age gate and burger menu/Indica Dominant_Menu item' is clicked on

2019-06-19 16:26:39 - [TEST_STEP][PASSED] - executeJavaScript("var previewBar = document.getElementById("preview-bar-iframe"); previewBar.style.display = "none";", []): Execute JavaScript 'var previewBar = document.getElementById("preview-bar-iframe"); previewBar.style.display = "none";' successfully

2019-06-19 16:26:39 - [MESSAGE][PASSED] - Execute JavaScript 'var previewBar = document.getElementById("preview-bar-iframe"); previewBar.style.display = "none";' successfully

2019-06-19 16:26:39 - [TEST_STEP][PASSED] - delay(2): Delayed 2 second(s)

2019-06-19 16:26:41 - [MESSAGE][PASSED] - Delayed 2 second(s)

2019-06-19 16:26:41 - [TEST_STEP][PASSED] - click(findTestObject("OCS-MOBILE /Collection page/Product image - 1st one")): Object: 'Object Repository/OCS-MOBILE /Collection page/Product image - 1st one' is clicked on

2019-06-19 16:26:46 - [MESSAGE][PASSED] - Object: 'Object Repository/OCS-MOBILE /Collection page/Product image - 1st one' is clicked on

2019-06-19 16:26:46 - [TEST_STEP][PASSED] - delay(2): Delayed 2 second(s)

2019-06-19 16:26:48 - [MESSAGE][PASSED] - Delayed 2 second(s)

2019-06-19 16:26:48 - [TEST_STEP][PASSED] - executeJavaScript("var previewBar = document.getElementById("preview-bar-iframe"); previewBar.style.display = "none";", []): Execute JavaScript 'var previewBar = document.getElementById("preview-bar-iframe"); previewBar.style.display = "none";' successfully

2019-06-19 16:26:48 - [MESSAGE][PASSED] - Execute JavaScript 'var previewBar = document.getElementById("preview-bar-iframe"); previewBar.style.display = "none";' successfully

2019-06-19 16:26:48 - [MESSAGE][PASSED] - Call Test Case 'Test Cases/OCS - MOBILE/CALL - PDP' successfully

2019-06-19 16:26:48 - [TEST_STEP][PASSED] - delay(2): Delayed 2 second(s)

2019-06-19 16:26:50 - [MESSAGE][PASSED] - Delayed 2 second(s)

2019-06-19 16:26:50 - [TEST_STEP][NOT_RUN] - scrollToElement(findTestObject("OCS-MOBILE /Product page/Product image"), 1): NOT_RUN: scrollToElement(findTestObject("OCS-MOBILE /Product page/Product image"), 1)

2019-06-19 16:26:50 - [MESSAGE][NOT_RUN] - NOT_RUN: scrollToElement(findTestObject("OCS-MOBILE /Product page/Product image"), 1)

2019-06-19 16:26:50 - [TEST_STEP][PASSED] - click(findTestObject("OCS-MOBILE /Product page/Learn More - Link")): Object: 'Object Repository/OCS-MOBILE /Product page/Learn More - Link' is clicked on

2019-06-19 16:26:51 - [MESSAGE][PASSED] - Object: 'Object Repository/OCS-MOBILE /Product page/Learn More - Link' is clicked on

2019-06-19 16:26:51 - [TEST_STEP][PASSED] - verifyElementPresent(findTestObject("OCS-MOBILE /Product page/About Product - Table"), 1): Object 'Object Repository/OCS-MOBILE /Product page/About Product - Table' is present

2019-06-19 16:26:51 - [MESSAGE][PASSED] - Object 'Object Repository/OCS-MOBILE /Product page/About Product - Table' is present

2019-06-19 16:26:51 - [TEST_STEP][PASSED] - takeScreenshot(): Taking screenshot successfully

2019-06-19 16:26:52 - [MESSAGE][PASSED] - Taking screenshot successfully
[[ATTACHMENT|/Users/sumankompelly/Relative xpath-Mobile/Reports/recordings - ( 1.10.2 )/20190619_153658/1560976011328.png]]]]></system-out>
         <system-err><![CDATA[]]></system-err>
      </testcase>
      <testcase name="Test Cases/OCS - MOBILE/OCS- PRODUCT PAGE/Recently viewed" classname="Test Cases/OCS - MOBILE/OCS- PRODUCT PAGE/Recently viewed" status="PASSED">
         <system-out><![CDATA[2019-06-19 16:26:52 - [TEST_CASE][PASSED] - Test Cases/OCS - MOBILE/OCS- PRODUCT PAGE/Recently viewed: Test Cases/OCS - MOBILE/OCS- PRODUCT PAGE/Recently viewed

2019-06-19 16:26:52 - [TEST_STEP][PASSED] - callTestCase(findTestCase("OCS - MOBILE/CALL - PDP"), [:], STOP_ON_FAILURE): Call Test Case 'Test Cases/OCS - MOBILE/CALL - PDP' successfully

2019-06-19 16:26:52 - [TEST_CASE][PASSED] - Test Cases/OCS - MOBILE/CALL - PDP: Test Cases/OCS - MOBILE/CALL - PDP

2019-06-19 16:26:52 - [TEST_STEP][PASSED] - openBrowser(""): Browser is opened with url: ''

2019-06-19 16:26:52 - [MESSAGE][WARNING] - A browser is already opened. Closing browser and opening a new one

2019-06-19 16:26:52 - [MESSAGE][INFO] - Starting 'Remote' driver

2019-06-19 16:26:52 - [MESSAGE][INFO] - User set preference: ['os', 'OS X']

2019-06-19 16:26:52 - [MESSAGE][INFO] - User set preference: ['os_version', 'High Sierra']

2019-06-19 16:26:52 - [MESSAGE][INFO] - User set preference: ['browser', 'Chrome']

2019-06-19 16:26:52 - [MESSAGE][INFO] - User set preference: ['browser_version', '76.0 beta']

2019-06-19 16:26:52 - [MESSAGE][INFO] - User set preference: ['browserstack.local', 'false']

2019-06-19 16:26:52 - [MESSAGE][INFO] - Connecting to remote web server 'https://dianatest3:Z3oqw9ysqTeRQJq5wFCp@hub-cloud.browserstack.com/wd/hub' with type 'Selenium'

2019-06-19 16:26:57 - [MESSAGE][PASSED] - Browser is opened with url: ''

2019-06-19 16:26:57 - [TEST_STEP][PASSED] - navigateToUrl("https://ocs.ca/?fts=0&preview_theme_id=72920106828"): Navigate to 'https://ocs.ca/?fts=0&preview_theme_id=72920106828' successfully

2019-06-19 16:27:02 - [MESSAGE][PASSED] - Navigate to 'https://ocs.ca/?fts=0&preview_theme_id=72920106828' successfully

2019-06-19 16:27:02 - [TEST_STEP][PASSED] - executeJavaScript("var previewBar = document.getElementById("preview-bar-iframe"); previewBar.style.display = "none";", []): Execute JavaScript 'var previewBar = document.getElementById("preview-bar-iframe"); previewBar.style.display = "none";' successfully

2019-06-19 16:27:02 - [MESSAGE][PASSED] - Execute JavaScript 'var previewBar = document.getElementById("preview-bar-iframe"); previewBar.style.display = "none";' successfully

2019-06-19 16:27:02 - [TEST_STEP][PASSED] - setViewPortSize(360, 800): Viewport is set to new size with width = 360 and height = 800

2019-06-19 16:27:03 - [MESSAGE][PASSED] - Viewport is set to new size with width = 360 and height = 800

2019-06-19 16:27:03 - [TEST_STEP][PASSED] - delay(4): Delayed 4 second(s)

2019-06-19 16:27:07 - [MESSAGE][PASSED] - Delayed 4 second(s)

2019-06-19 16:27:07 - [TEST_STEP][PASSED] - selectOptionByValue(findTestObject("OCS-MOBILE /Age gate and burger menu/Date"), "12", true): All options with value '12' are selected in object 'Object Repository/OCS-MOBILE /Age gate and burger menu/Date'  using regular expression

2019-06-19 16:27:11 - [MESSAGE][PASSED] - All options with value '12' are selected in object 'Object Repository/OCS-MOBILE /Age gate and burger menu/Date'  using regular expression

2019-06-19 16:27:11 - [TEST_STEP][PASSED] - selectOptionByValue(findTestObject("OCS-MOBILE /Age gate and burger menu/month"), "6", true): All options with value '6' are selected in object 'Object Repository/OCS-MOBILE /Age gate and burger menu/month'  using regular expression

2019-06-19 16:27:13 - [MESSAGE][PASSED] - All options with value '6' are selected in object 'Object Repository/OCS-MOBILE /Age gate and burger menu/month'  using regular expression

2019-06-19 16:27:13 - [TEST_STEP][PASSED] - delay(2): Delayed 2 second(s)

2019-06-19 16:27:15 - [MESSAGE][PASSED] - Delayed 2 second(s)

2019-06-19 16:27:15 - [TEST_STEP][PASSED] - selectOptionByValue(findTestObject("OCS-MOBILE /Age gate and burger menu/Year Dropdown"), "1990", true): All options with value '1990' are selected in object 'Object Repository/OCS-MOBILE /Age gate and burger menu/Year Dropdown'  using regular expression

2019-06-19 16:27:31 - [MESSAGE][PASSED] - All options with value '1990' are selected in object 'Object Repository/OCS-MOBILE /Age gate and burger menu/Year Dropdown'  using regular expression

2019-06-19 16:27:31 - [TEST_STEP][PASSED] - click(findTestObject("OCS-MOBILE /Age gate and Mega menu/button_Verify")): Object: 'Object Repository/OCS-MOBILE /Age gate and Mega menu/button_Verify' is clicked on

2019-06-19 16:27:31 - [MESSAGE][PASSED] - Object: 'Object Repository/OCS-MOBILE /Age gate and Mega menu/button_Verify' is clicked on

2019-06-19 16:27:31 - [TEST_STEP][PASSED] - click(findTestObject("OCS-MOBILE /Age gate and Mega menu/Checkbox_CONFIRM AND ACKNOWLEDGE")): Object: 'Object Repository/OCS-MOBILE /Age gate and Mega menu/Checkbox_CONFIRM AND ACKNOWLEDGE' is clicked on

2019-06-19 16:27:31 - [MESSAGE][PASSED] - Object: 'Object Repository/OCS-MOBILE /Age gate and Mega menu/Checkbox_CONFIRM AND ACKNOWLEDGE' is clicked on

2019-06-19 16:27:31 - [TEST_STEP][PASSED] - click(findTestObject("OCS-MOBILE /Age gate and Mega menu/button_CONFIRM")): Object: 'Object Repository/OCS-MOBILE /Age gate and Mega menu/button_CONFIRM' is clicked on

2019-06-19 16:27:32 - [MESSAGE][PASSED] - Object: 'Object Repository/OCS-MOBILE /Age gate and Mega menu/button_CONFIRM' is clicked on

2019-06-19 16:27:32 - [TEST_STEP][PASSED] - click(findTestObject("OCS-MOBILE /Age gate and Mega menu/button_Start Browsing")): Object: 'Object Repository/OCS-MOBILE /Age gate and Mega menu/button_Start Browsing' is clicked on

2019-06-19 16:27:32 - [MESSAGE][PASSED] - Object: 'Object Repository/OCS-MOBILE /Age gate and Mega menu/button_Start Browsing' is clicked on

2019-06-19 16:27:32 - [TEST_STEP][PASSED] - refresh(): Refresh successfully

2019-06-19 16:27:32 - [MESSAGE][PASSED] - Refresh successfully

2019-06-19 16:27:32 - [TEST_STEP][PASSED] - delay(2): Delayed 2 second(s)

2019-06-19 16:27:34 - [MESSAGE][PASSED] - Delayed 2 second(s)

2019-06-19 16:27:34 - [TEST_STEP][PASSED] - click(findTestObject("OCS-MOBILE /Age gate and burger menu/Burger menu - English")): Object: 'Object Repository/OCS-MOBILE /Age gate and burger menu/Burger menu - English' is clicked on

2019-06-19 16:27:35 - [MESSAGE][PASSED] - Object: 'Object Repository/OCS-MOBILE /Age gate and burger menu/Burger menu - English' is clicked on

2019-06-19 16:27:35 - [TEST_STEP][PASSED] - delay(2): Delayed 2 second(s)

2019-06-19 16:27:37 - [MESSAGE][PASSED] - Delayed 2 second(s)

2019-06-19 16:27:37 - [TEST_STEP][PASSED] - click(findTestObject("OCS-MOBILE /Age gate and burger menu/Chevron_Cannabis")): Object: 'Object Repository/OCS-MOBILE /Age gate and burger menu/Chevron_Cannabis' is clicked on

2019-06-19 16:27:38 - [MESSAGE][PASSED] - Object: 'Object Repository/OCS-MOBILE /Age gate and burger menu/Chevron_Cannabis' is clicked on

2019-06-19 16:27:38 - [TEST_STEP][PASSED] - delay(2): Delayed 2 second(s)

2019-06-19 16:27:40 - [MESSAGE][PASSED] - Delayed 2 second(s)

2019-06-19 16:27:40 - [TEST_STEP][PASSED] - click(findTestObject("OCS-MOBILE /Age gate and burger menu/Dried Flower_Plus icon")): Object: 'Object Repository/OCS-MOBILE /Age gate and burger menu/Dried Flower_Plus icon' is clicked on

2019-06-19 16:27:40 - [MESSAGE][PASSED] - Object: 'Object Repository/OCS-MOBILE /Age gate and burger menu/Dried Flower_Plus icon' is clicked on

2019-06-19 16:27:40 - [TEST_STEP][PASSED] - delay(2): Delayed 2 second(s)

2019-06-19 16:27:42 - [MESSAGE][PASSED] - Delayed 2 second(s)

2019-06-19 16:27:42 - [TEST_STEP][PASSED] - click(findTestObject("OCS-MOBILE /Age gate and burger menu/Indica Dominant_Menu item")): Object: 'Object Repository/OCS-MOBILE /Age gate and burger menu/Indica Dominant_Menu item' is clicked on

2019-06-19 16:27:45 - [MESSAGE][PASSED] - Object: 'Object Repository/OCS-MOBILE /Age gate and burger menu/Indica Dominant_Menu item' is clicked on

2019-06-19 16:27:45 - [TEST_STEP][PASSED] - executeJavaScript("var previewBar = document.getElementById("preview-bar-iframe"); previewBar.style.display = "none";", []): Execute JavaScript 'var previewBar = document.getElementById("preview-bar-iframe"); previewBar.style.display = "none";' successfully

2019-06-19 16:27:45 - [MESSAGE][PASSED] - Execute JavaScript 'var previewBar = document.getElementById("preview-bar-iframe"); previewBar.style.display = "none";' successfully

2019-06-19 16:27:45 - [TEST_STEP][PASSED] - delay(2): Delayed 2 second(s)

2019-06-19 16:27:47 - [MESSAGE][PASSED] - Delayed 2 second(s)

2019-06-19 16:27:47 - [TEST_STEP][PASSED] - click(findTestObject("OCS-MOBILE /Collection page/Product image - 1st one")): Object: 'Object Repository/OCS-MOBILE /Collection page/Product image - 1st one' is clicked on

2019-06-19 16:27:51 - [MESSAGE][PASSED] - Object: 'Object Repository/OCS-MOBILE /Collection page/Product image - 1st one' is clicked on

2019-06-19 16:27:51 - [TEST_STEP][PASSED] - delay(2): Delayed 2 second(s)

2019-06-19 16:27:53 - [MESSAGE][PASSED] - Delayed 2 second(s)

2019-06-19 16:27:53 - [TEST_STEP][PASSED] - executeJavaScript("var previewBar = document.getElementById("preview-bar-iframe"); previewBar.style.display = "none";", []): Execute JavaScript 'var previewBar = document.getElementById("preview-bar-iframe"); previewBar.style.display = "none";' successfully

2019-06-19 16:27:53 - [MESSAGE][PASSED] - Execute JavaScript 'var previewBar = document.getElementById("preview-bar-iframe"); previewBar.style.display = "none";' successfully

2019-06-19 16:27:53 - [MESSAGE][PASSED] - Call Test Case 'Test Cases/OCS - MOBILE/CALL - PDP' successfully

2019-06-19 16:27:53 - [TEST_STEP][PASSED] - a = getWindowTitle(): Current window's title is: 'Dreamweaver | Ontario Cannabis Store'

2019-06-19 16:27:53 - [MESSAGE][PASSED] - Current window's title is: 'Dreamweaver | Ontario Cannabis Store'

2019-06-19 16:27:53 - [TEST_STEP][PASSED] - comment("WINDOW TITLE: " + a): WINDOW TITLE: Dreamweaver | Ontario Cannabis Store

2019-06-19 16:27:53 - [MESSAGE][INFO] - WINDOW TITLE: Dreamweaver | Ontario Cannabis Store

2019-06-19 16:27:53 - [TEST_STEP][PASSED] - scrollToElement(findTestObject("OCS-MOBILE /Product page/How to choose cannabis product - Button"), 2): Scroll to object 'Object Repository/OCS-MOBILE /Product page/How to choose cannabis product - Button' successfully

2019-06-19 16:27:54 - [MESSAGE][PASSED] - Scroll to object 'Object Repository/OCS-MOBILE /Product page/How to choose cannabis product - Button' successfully

2019-06-19 16:27:54 - [TEST_STEP][PASSED] - click(findTestObject("OCS-MOBILE /Product page/Recently Viewed/1st Product - Image")): Object: 'Object Repository/OCS-MOBILE /Product page/Recently Viewed/1st Product - Image' is clicked on

2019-06-19 16:27:57 - [MESSAGE][PASSED] - Object: 'Object Repository/OCS-MOBILE /Product page/Recently Viewed/1st Product - Image' is clicked on

2019-06-19 16:27:57 - [TEST_STEP][PASSED] - delay(2): Delayed 2 second(s)

2019-06-19 16:27:59 - [MESSAGE][PASSED] - Delayed 2 second(s)

2019-06-19 16:27:59 - [TEST_STEP][PASSED] - b = getWindowTitle(): Current window's title is: 'Dreamweaver | Ontario Cannabis Store'

2019-06-19 16:27:59 - [MESSAGE][PASSED] - Current window's title is: 'Dreamweaver | Ontario Cannabis Store'

2019-06-19 16:27:59 - [TEST_STEP][PASSED] - comment("WINDOW TITLE:" + b): WINDOW TITLE:Dreamweaver | Ontario Cannabis Store

2019-06-19 16:27:59 - [MESSAGE][INFO] - WINDOW TITLE:Dreamweaver | Ontario Cannabis Store

2019-06-19 16:27:59 - [TEST_STEP][PASSED] - if (a == b): WINDOW TITLES ARE SAME

2019-06-19 16:27:59 - [TEST_STEP][PASSED] - comment("WINDOW TITLES ARE SAME"): WINDOW TITLES ARE SAME

2019-06-19 16:27:59 - [MESSAGE][INFO] - WINDOW TITLES ARE SAME]]></system-out>
         <system-err><![CDATA[]]></system-err>
      </testcase>
      <testcase name="Test Cases/OCS - MOBILE/OCS- PRODUCT PAGE/variants selector" classname="Test Cases/OCS - MOBILE/OCS- PRODUCT PAGE/variants selector" status="FAILED">
         <failure type="FAILED" message="Test Cases/OCS - MOBILE/OCS- PRODUCT PAGE/variants selector FAILED.
Reason:
com.kms.katalon.core.exception.StepFailedException: Unable to click on object 'Object Repository/OCS-MOBILE /Product page/Swatch_1g' (Root cause: org.openqa.selenium.WebDriverException: element click intercepted: Element &lt;span class=&quot;swatch__title&quot;>...&lt;/span> is not clickable at point (41, 613). Other element would receive the click: &lt;li class=&quot;swatch swatch--weight&quot; aria-disabled=&quot;true&quot;>...&lt;/li>
  (Session info: chrome=76.0.3809.25)
  (Driver info: chromedriver=76.0.3809.25 (a0c95f440512e06df1c9c206f2d79cc20be18bb1-refs/branch-heads/3809@{#271}),platform=Mac OS X 10.13.6 x86_64) (WARNING: The server did not provide any stacktrace information)
Command duration or timeout: 58 milliseconds
Build info: version: '2.53.0', revision: '35ae25b', time: '2016-03-15 17:00:58'
System info: host: 'mac-208-52-180-190.browserstack.com', ip: '208.52.180.190', os.name: 'Mac OS X', os.arch: 'x86_64', os.version: '10.13.6', java.version: '1.8.0_51'
Driver info: org.openqa.selenium.chrome.ChromeDriver
Capabilities [{mobileEmulationEnabled=false, timeouts={implicit=0, pageLoad=300000, script=30000}, hasTouchScreen=false, platform=MAC, acceptSslCerts=false, goog:chromeOptions={debuggerAddress=localhost:49565}, acceptInsecureCerts=false, webStorageEnabled=true, browserName=chrome, takesScreenshot=true, javascriptEnabled=true, setWindowRect=true, unexpectedAlertBehaviour=ignore, applicationCacheEnabled=false, rotatable=false, networkConnectionEnabled=false, chrome={chromedriverVersion=76.0.3809.25 (a0c95f440512e06df1c9c206f2d79cc20be18bb1-refs/branch-heads/3809@{#271}), userDataDir=/var/folders/3y/zz_w6_s56sl__vcrf3r5bhzr0000hr/T/.com.google.Chrome.VE9xfI}, takesHeapSnapshot=true, pageLoadStrategy=normal, strictFileInteractability=false, databaseEnabled=false, handlesAlerts=true, version=76.0.3809.25, browserConnectionEnabled=false, proxy={}, nativeEvents=true, locationContextEnabled=true, cssSelectorsEnabled=true}]
Session ID: 2ad3759bc9c539326a866e774c1e62f6
Command duration or timeout: 0 milliseconds)
	at com.kms.katalon.core.keyword.internal.KeywordMain.stepFailed(KeywordMain.groovy:32)
	at com.kms.katalon.core.webui.keyword.internal.WebUIKeywordMain.stepFailed(WebUIKeywordMain.groovy:65)
	at com.kms.katalon.core.webui.keyword.internal.WebUIKeywordMain.runKeyword(WebUIKeywordMain.groovy:27)
	at com.kms.katalon.core.webui.keyword.builtin.ClickKeyword.click(ClickKeyword.groovy:86)
	at com.kms.katalon.core.webui.keyword.builtin.ClickKeyword.execute(ClickKeyword.groovy:67)
	at com.kms.katalon.core.keyword.internal.KeywordExecutor.executeKeywordForPlatform(KeywordExecutor.groovy:53)
	at com.kms.katalon.core.webui.keyword.WebUiBuiltInKeywords.click(WebUiBuiltInKeywords.groovy:604)
	at com.kms.katalon.core.webui.keyword.WebUiBuiltInKeywords$click$7.call(Unknown Source)
	at variants selector.run(variants selector:36)
	at com.kms.katalon.core.main.ScriptEngine.run(ScriptEngine.java:194)
	at com.kms.katalon.core.main.ScriptEngine.runScriptAsRawText(ScriptEngine.java:119)
	at com.kms.katalon.core.main.TestCaseExecutor.runScript(TestCaseExecutor.java:328)
	at com.kms.katalon.core.main.TestCaseExecutor.doExecute(TestCaseExecutor.java:319)
	at com.kms.katalon.core.main.TestCaseExecutor.processExecutionPhase(TestCaseExecutor.java:298)
	at com.kms.katalon.core.main.TestCaseExecutor.accessMainPhase(TestCaseExecutor.java:290)
	at com.kms.katalon.core.main.TestCaseExecutor.execute(TestCaseExecutor.java:224)
	at com.kms.katalon.core.main.TestSuiteExecutor.accessTestCaseMainPhase(TestSuiteExecutor.java:129)
	at com.kms.katalon.core.main.TestSuiteExecutor.accessTestSuiteMainPhase(TestSuiteExecutor.java:112)
	at com.kms.katalon.core.main.TestSuiteExecutor.execute(TestSuiteExecutor.java:81)
	at com.kms.katalon.core.main.TestCaseMain.startTestSuite(TestCaseMain.java:149)
	at com.kms.katalon.core.main.TestCaseMain$startTestSuite$0.call(Unknown Source)
	at TempTestSuite1560973018737.run(TempTestSuite1560973018737.groovy:36)
"/>
         <system-out><![CDATA[2019-06-19 16:27:59 - [TEST_CASE][FAILED] - Test Cases/OCS - MOBILE/OCS- PRODUCT PAGE/variants selector: Test Cases/OCS - MOBILE/OCS- PRODUCT PAGE/variants selector FAILED.
Reason:
com.kms.katalon.core.exception.StepFailedException: Unable to click on object 'Object Repository/OCS-MOBILE /Product page/Swatch_1g' (Root cause: org.openqa.selenium.WebDriverException: element click intercepted: Element <span class="swatch__title">...</span> is not clickable at point (41, 613). Other element would receive the click: <li class="swatch swatch--weight" aria-disabled="true">...</li>
  (Session info: chrome=76.0.3809.25)
  (Driver info: chromedriver=76.0.3809.25 (a0c95f440512e06df1c9c206f2d79cc20be18bb1-refs/branch-heads/3809@{#271}),platform=Mac OS X 10.13.6 x86_64) (WARNING: The server did not provide any stacktrace information)
Command duration or timeout: 58 milliseconds
Build info: version: '2.53.0', revision: '35ae25b', time: '2016-03-15 17:00:58'
System info: host: 'mac-208-52-180-190.browserstack.com', ip: '208.52.180.190', os.name: 'Mac OS X', os.arch: 'x86_64', os.version: '10.13.6', java.version: '1.8.0_51'
Driver info: org.openqa.selenium.chrome.ChromeDriver
Capabilities [{mobileEmulationEnabled=false, timeouts={implicit=0, pageLoad=300000, script=30000}, hasTouchScreen=false, platform=MAC, acceptSslCerts=false, goog:chromeOptions={debuggerAddress=localhost:49565}, acceptInsecureCerts=false, webStorageEnabled=true, browserName=chrome, takesScreenshot=true, javascriptEnabled=true, setWindowRect=true, unexpectedAlertBehaviour=ignore, applicationCacheEnabled=false, rotatable=false, networkConnectionEnabled=false, chrome={chromedriverVersion=76.0.3809.25 (a0c95f440512e06df1c9c206f2d79cc20be18bb1-refs/branch-heads/3809@{#271}), userDataDir=/var/folders/3y/zz_w6_s56sl__vcrf3r5bhzr0000hr/T/.com.google.Chrome.VE9xfI}, takesHeapSnapshot=true, pageLoadStrategy=normal, strictFileInteractability=false, databaseEnabled=false, handlesAlerts=true, version=76.0.3809.25, browserConnectionEnabled=false, proxy={}, nativeEvents=true, locationContextEnabled=true, cssSelectorsEnabled=true}]
Session ID: 2ad3759bc9c539326a866e774c1e62f6
Command duration or timeout: 0 milliseconds)
	at com.kms.katalon.core.keyword.internal.KeywordMain.stepFailed(KeywordMain.groovy:32)
	at com.kms.katalon.core.webui.keyword.internal.WebUIKeywordMain.stepFailed(WebUIKeywordMain.groovy:65)
	at com.kms.katalon.core.webui.keyword.internal.WebUIKeywordMain.runKeyword(WebUIKeywordMain.groovy:27)
	at com.kms.katalon.core.webui.keyword.builtin.ClickKeyword.click(ClickKeyword.groovy:86)
	at com.kms.katalon.core.webui.keyword.builtin.ClickKeyword.execute(ClickKeyword.groovy:67)
	at com.kms.katalon.core.keyword.internal.KeywordExecutor.executeKeywordForPlatform(KeywordExecutor.groovy:53)
	at com.kms.katalon.core.webui.keyword.WebUiBuiltInKeywords.click(WebUiBuiltInKeywords.groovy:604)
	at com.kms.katalon.core.webui.keyword.WebUiBuiltInKeywords$click$7.call(Unknown Source)
	at variants selector.run(variants selector:36)
	at com.kms.katalon.core.main.ScriptEngine.run(ScriptEngine.java:194)
	at com.kms.katalon.core.main.ScriptEngine.runScriptAsRawText(ScriptEngine.java:119)
	at com.kms.katalon.core.main.TestCaseExecutor.runScript(TestCaseExecutor.java:328)
	at com.kms.katalon.core.main.TestCaseExecutor.doExecute(TestCaseExecutor.java:319)
	at com.kms.katalon.core.main.TestCaseExecutor.processExecutionPhase(TestCaseExecutor.java:298)
	at com.kms.katalon.core.main.TestCaseExecutor.accessMainPhase(TestCaseExecutor.java:290)
	at com.kms.katalon.core.main.TestCaseExecutor.execute(TestCaseExecutor.java:224)
	at com.kms.katalon.core.main.TestSuiteExecutor.accessTestCaseMainPhase(TestSuiteExecutor.java:129)
	at com.kms.katalon.core.main.TestSuiteExecutor.accessTestSuiteMainPhase(TestSuiteExecutor.java:112)
	at com.kms.katalon.core.main.TestSuiteExecutor.execute(TestSuiteExecutor.java:81)
	at com.kms.katalon.core.main.TestCaseMain.startTestSuite(TestCaseMain.java:149)
	at com.kms.katalon.core.main.TestCaseMain$startTestSuite$0.call(Unknown Source)
	at TempTestSuite1560973018737.run(TempTestSuite1560973018737.groovy:36)


2019-06-19 16:27:59 - [TEST_STEP][PASSED] - callTestCase(findTestCase("OCS - MOBILE/CALL - PDP"), [:], STOP_ON_FAILURE): Call Test Case 'Test Cases/OCS - MOBILE/CALL - PDP' successfully

2019-06-19 16:28:00 - [TEST_CASE][PASSED] - Test Cases/OCS - MOBILE/CALL - PDP: Test Cases/OCS - MOBILE/CALL - PDP

2019-06-19 16:28:00 - [TEST_STEP][PASSED] - openBrowser(""): Browser is opened with url: ''

2019-06-19 16:28:00 - [MESSAGE][WARNING] - A browser is already opened. Closing browser and opening a new one

2019-06-19 16:28:00 - [MESSAGE][INFO] - Starting 'Remote' driver

2019-06-19 16:28:00 - [MESSAGE][INFO] - User set preference: ['os', 'OS X']

2019-06-19 16:28:00 - [MESSAGE][INFO] - User set preference: ['os_version', 'High Sierra']

2019-06-19 16:28:00 - [MESSAGE][INFO] - User set preference: ['browser', 'Chrome']

2019-06-19 16:28:00 - [MESSAGE][INFO] - User set preference: ['browser_version', '76.0 beta']

2019-06-19 16:28:00 - [MESSAGE][INFO] - User set preference: ['browserstack.local', 'false']

2019-06-19 16:28:00 - [MESSAGE][INFO] - Connecting to remote web server 'https://dianatest3:Z3oqw9ysqTeRQJq5wFCp@hub-cloud.browserstack.com/wd/hub' with type 'Selenium'

2019-06-19 16:28:05 - [MESSAGE][PASSED] - Browser is opened with url: ''

2019-06-19 16:28:05 - [TEST_STEP][PASSED] - navigateToUrl("https://ocs.ca/?fts=0&preview_theme_id=72920106828"): Navigate to 'https://ocs.ca/?fts=0&preview_theme_id=72920106828' successfully

2019-06-19 16:28:10 - [MESSAGE][PASSED] - Navigate to 'https://ocs.ca/?fts=0&preview_theme_id=72920106828' successfully

2019-06-19 16:28:10 - [TEST_STEP][PASSED] - executeJavaScript("var previewBar = document.getElementById("preview-bar-iframe"); previewBar.style.display = "none";", []): Execute JavaScript 'var previewBar = document.getElementById("preview-bar-iframe"); previewBar.style.display = "none";' successfully

2019-06-19 16:28:10 - [MESSAGE][PASSED] - Execute JavaScript 'var previewBar = document.getElementById("preview-bar-iframe"); previewBar.style.display = "none";' successfully

2019-06-19 16:28:10 - [TEST_STEP][PASSED] - setViewPortSize(360, 800): Viewport is set to new size with width = 360 and height = 800

2019-06-19 16:28:11 - [MESSAGE][PASSED] - Viewport is set to new size with width = 360 and height = 800

2019-06-19 16:28:11 - [TEST_STEP][PASSED] - delay(4): Delayed 4 second(s)

2019-06-19 16:28:15 - [MESSAGE][PASSED] - Delayed 4 second(s)

2019-06-19 16:28:15 - [TEST_STEP][PASSED] - selectOptionByValue(findTestObject("OCS-MOBILE /Age gate and burger menu/Date"), "12", true): All options with value '12' are selected in object 'Object Repository/OCS-MOBILE /Age gate and burger menu/Date'  using regular expression

2019-06-19 16:28:20 - [MESSAGE][PASSED] - All options with value '12' are selected in object 'Object Repository/OCS-MOBILE /Age gate and burger menu/Date'  using regular expression

2019-06-19 16:28:20 - [TEST_STEP][PASSED] - selectOptionByValue(findTestObject("OCS-MOBILE /Age gate and burger menu/month"), "6", true): All options with value '6' are selected in object 'Object Repository/OCS-MOBILE /Age gate and burger menu/month'  using regular expression

2019-06-19 16:28:23 - [MESSAGE][PASSED] - All options with value '6' are selected in object 'Object Repository/OCS-MOBILE /Age gate and burger menu/month'  using regular expression

2019-06-19 16:28:23 - [TEST_STEP][PASSED] - delay(2): Delayed 2 second(s)

2019-06-19 16:28:25 - [MESSAGE][PASSED] - Delayed 2 second(s)

2019-06-19 16:28:25 - [TEST_STEP][PASSED] - selectOptionByValue(findTestObject("OCS-MOBILE /Age gate and burger menu/Year Dropdown"), "1990", true): All options with value '1990' are selected in object 'Object Repository/OCS-MOBILE /Age gate and burger menu/Year Dropdown'  using regular expression

2019-06-19 16:28:40 - [MESSAGE][PASSED] - All options with value '1990' are selected in object 'Object Repository/OCS-MOBILE /Age gate and burger menu/Year Dropdown'  using regular expression

2019-06-19 16:28:40 - [TEST_STEP][PASSED] - click(findTestObject("OCS-MOBILE /Age gate and Mega menu/button_Verify")): Object: 'Object Repository/OCS-MOBILE /Age gate and Mega menu/button_Verify' is clicked on

2019-06-19 16:28:40 - [MESSAGE][PASSED] - Object: 'Object Repository/OCS-MOBILE /Age gate and Mega menu/button_Verify' is clicked on

2019-06-19 16:28:40 - [TEST_STEP][PASSED] - click(findTestObject("OCS-MOBILE /Age gate and Mega menu/Checkbox_CONFIRM AND ACKNOWLEDGE")): Object: 'Object Repository/OCS-MOBILE /Age gate and Mega menu/Checkbox_CONFIRM AND ACKNOWLEDGE' is clicked on

2019-06-19 16:28:40 - [MESSAGE][PASSED] - Object: 'Object Repository/OCS-MOBILE /Age gate and Mega menu/Checkbox_CONFIRM AND ACKNOWLEDGE' is clicked on

2019-06-19 16:28:40 - [TEST_STEP][PASSED] - click(findTestObject("OCS-MOBILE /Age gate and Mega menu/button_CONFIRM")): Object: 'Object Repository/OCS-MOBILE /Age gate and Mega menu/button_CONFIRM' is clicked on

2019-06-19 16:28:41 - [MESSAGE][PASSED] - Object: 'Object Repository/OCS-MOBILE /Age gate and Mega menu/button_CONFIRM' is clicked on

2019-06-19 16:28:41 - [TEST_STEP][PASSED] - click(findTestObject("OCS-MOBILE /Age gate and Mega menu/button_Start Browsing")): Object: 'Object Repository/OCS-MOBILE /Age gate and Mega menu/button_Start Browsing' is clicked on

2019-06-19 16:28:41 - [MESSAGE][PASSED] - Object: 'Object Repository/OCS-MOBILE /Age gate and Mega menu/button_Start Browsing' is clicked on

2019-06-19 16:28:41 - [TEST_STEP][PASSED] - refresh(): Refresh successfully

2019-06-19 16:28:41 - [MESSAGE][PASSED] - Refresh successfully

2019-06-19 16:28:41 - [TEST_STEP][PASSED] - delay(2): Delayed 2 second(s)

2019-06-19 16:28:43 - [MESSAGE][PASSED] - Delayed 2 second(s)

2019-06-19 16:28:43 - [TEST_STEP][PASSED] - click(findTestObject("OCS-MOBILE /Age gate and burger menu/Burger menu - English")): Object: 'Object Repository/OCS-MOBILE /Age gate and burger menu/Burger menu - English' is clicked on

2019-06-19 16:28:45 - [MESSAGE][PASSED] - Object: 'Object Repository/OCS-MOBILE /Age gate and burger menu/Burger menu - English' is clicked on

2019-06-19 16:28:45 - [TEST_STEP][PASSED] - delay(2): Delayed 2 second(s)

2019-06-19 16:28:47 - [MESSAGE][PASSED] - Delayed 2 second(s)

2019-06-19 16:28:47 - [TEST_STEP][PASSED] - click(findTestObject("OCS-MOBILE /Age gate and burger menu/Chevron_Cannabis")): Object: 'Object Repository/OCS-MOBILE /Age gate and burger menu/Chevron_Cannabis' is clicked on

2019-06-19 16:28:47 - [MESSAGE][PASSED] - Object: 'Object Repository/OCS-MOBILE /Age gate and burger menu/Chevron_Cannabis' is clicked on

2019-06-19 16:28:47 - [TEST_STEP][PASSED] - delay(2): Delayed 2 second(s)

2019-06-19 16:28:49 - [MESSAGE][PASSED] - Delayed 2 second(s)

2019-06-19 16:28:49 - [TEST_STEP][PASSED] - click(findTestObject("OCS-MOBILE /Age gate and burger menu/Dried Flower_Plus icon")): Object: 'Object Repository/OCS-MOBILE /Age gate and burger menu/Dried Flower_Plus icon' is clicked on

2019-06-19 16:28:49 - [MESSAGE][PASSED] - Object: 'Object Repository/OCS-MOBILE /Age gate and burger menu/Dried Flower_Plus icon' is clicked on

2019-06-19 16:28:49 - [TEST_STEP][PASSED] - delay(2): Delayed 2 second(s)

2019-06-19 16:28:51 - [MESSAGE][PASSED] - Delayed 2 second(s)

2019-06-19 16:28:51 - [TEST_STEP][PASSED] - click(findTestObject("OCS-MOBILE /Age gate and burger menu/Indica Dominant_Menu item")): Object: 'Object Repository/OCS-MOBILE /Age gate and burger menu/Indica Dominant_Menu item' is clicked on

2019-06-19 16:28:56 - [MESSAGE][PASSED] - Object: 'Object Repository/OCS-MOBILE /Age gate and burger menu/Indica Dominant_Menu item' is clicked on

2019-06-19 16:28:56 - [TEST_STEP][PASSED] - executeJavaScript("var previewBar = document.getElementById("preview-bar-iframe"); previewBar.style.display = "none";", []): Execute JavaScript 'var previewBar = document.getElementById("preview-bar-iframe"); previewBar.style.display = "none";' successfully

2019-06-19 16:28:56 - [MESSAGE][PASSED] - Execute JavaScript 'var previewBar = document.getElementById("preview-bar-iframe"); previewBar.style.display = "none";' successfully

2019-06-19 16:28:56 - [TEST_STEP][PASSED] - delay(2): Delayed 2 second(s)

2019-06-19 16:28:58 - [MESSAGE][PASSED] - Delayed 2 second(s)

2019-06-19 16:28:58 - [TEST_STEP][PASSED] - click(findTestObject("OCS-MOBILE /Collection page/Product image - 1st one")): Object: 'Object Repository/OCS-MOBILE /Collection page/Product image - 1st one' is clicked on

2019-06-19 16:29:03 - [MESSAGE][PASSED] - Object: 'Object Repository/OCS-MOBILE /Collection page/Product image - 1st one' is clicked on

2019-06-19 16:29:03 - [TEST_STEP][PASSED] - delay(2): Delayed 2 second(s)

2019-06-19 16:29:05 - [MESSAGE][PASSED] - Delayed 2 second(s)

2019-06-19 16:29:05 - [TEST_STEP][PASSED] - executeJavaScript("var previewBar = document.getElementById("preview-bar-iframe"); previewBar.style.display = "none";", []): Execute JavaScript 'var previewBar = document.getElementById("preview-bar-iframe"); previewBar.style.display = "none";' successfully

2019-06-19 16:29:05 - [MESSAGE][PASSED] - Execute JavaScript 'var previewBar = document.getElementById("preview-bar-iframe"); previewBar.style.display = "none";' successfully

2019-06-19 16:29:05 - [MESSAGE][PASSED] - Call Test Case 'Test Cases/OCS - MOBILE/CALL - PDP' successfully

2019-06-19 16:29:05 - [TEST_STEP][PASSED] - navigateToUrl("https://ocs.ca/products/lola-montes-edison"): Navigate to 'https://ocs.ca/products/lola-montes-edison' successfully

2019-06-19 16:29:09 - [MESSAGE][PASSED] - Navigate to 'https://ocs.ca/products/lola-montes-edison' successfully

2019-06-19 16:29:09 - [TEST_STEP][PASSED] - executeJavaScript("var previewBar = document.getElementById("preview-bar-iframe"); previewBar.style.display = "none";", []): Execute JavaScript 'var previewBar = document.getElementById("preview-bar-iframe"); previewBar.style.display = "none";' successfully

2019-06-19 16:29:09 - [MESSAGE][PASSED] - Execute JavaScript 'var previewBar = document.getElementById("preview-bar-iframe"); previewBar.style.display = "none";' successfully

2019-06-19 16:29:09 - [TEST_STEP][PASSED] - delay(2): Delayed 2 second(s)

2019-06-19 16:29:11 - [MESSAGE][PASSED] - Delayed 2 second(s)

2019-06-19 16:29:11 - [TEST_STEP][NOT_RUN] - scrollToElement(findTestObject("OCS-MOBILE /Product page/Product image"), 1): NOT_RUN: scrollToElement(findTestObject("OCS-MOBILE /Product page/Product image"), 1)

2019-06-19 16:29:11 - [MESSAGE][NOT_RUN] - NOT_RUN: scrollToElement(findTestObject("OCS-MOBILE /Product page/Product image"), 1)

2019-06-19 16:29:11 - [TEST_STEP][PASSED] - delay(2): Delayed 2 second(s)

2019-06-19 16:29:13 - [MESSAGE][PASSED] - Delayed 2 second(s)

2019-06-19 16:29:13 - [TEST_STEP][PASSED] - flag1 = verifyElementClickable(findTestObject("OCS-MOBILE /Product page/Swatch_1g")): Object 'Object Repository/OCS-MOBILE /Product page/Swatch_1g' is clickable

2019-06-19 16:29:13 - [MESSAGE][PASSED] - Object 'Object Repository/OCS-MOBILE /Product page/Swatch_1g' is clickable

2019-06-19 16:29:13 - [TEST_STEP][PASSED] - comment("flag1=" + flag1): flag1=true

2019-06-19 16:29:13 - [MESSAGE][INFO] - flag1=true

2019-06-19 16:29:13 - [TEST_STEP][FAILED] - if (flag1 == true): Delayed 1 second(s)

2019-06-19 16:29:13 - [TEST_STEP][PASSED] - delay(2): Delayed 2 second(s)

2019-06-19 16:29:15 - [MESSAGE][PASSED] - Delayed 2 second(s)

2019-06-19 16:29:15 - [TEST_STEP][FAILED] - click(findTestObject("OCS-MOBILE /Product page/Swatch_1g"), CONTINUE_ON_FAILURE): Unable to click on object 'Object Repository/OCS-MOBILE /Product page/Swatch_1g' (Root cause: org.openqa.selenium.WebDriverException: element click intercepted: Element <span class="swatch__title">...</span> is not clickable at point (41, 613). Other element would receive the click: <li class="swatch swatch--weight" aria-disabled="true">...</li>
  (Session info: chrome=76.0.3809.25)
  (Driver info: chromedriver=76.0.3809.25 (a0c95f440512e06df1c9c206f2d79cc20be18bb1-refs/branch-heads/3809@{#271}),platform=Mac OS X 10.13.6 x86_64) (WARNING: The server did not provide any stacktrace information)
Command duration or timeout: 58 milliseconds
Build info: version: '2.53.0', revision: '35ae25b', time: '2016-03-15 17:00:58'
System info: host: 'mac-208-52-180-190.browserstack.com', ip: '208.52.180.190', os.name: 'Mac OS X', os.arch: 'x86_64', os.version: '10.13.6', java.version: '1.8.0_51'
Driver info: org.openqa.selenium.chrome.ChromeDriver
Capabilities [{mobileEmulationEnabled=false, timeouts={implicit=0, pageLoad=300000, script=30000}, hasTouchScreen=false, platform=MAC, acceptSslCerts=false, goog:chromeOptions={debuggerAddress=localhost:49565}, acceptInsecureCerts=false, webStorageEnabled=true, browserName=chrome, takesScreenshot=true, javascriptEnabled=true, setWindowRect=true, unexpectedAlertBehaviour=ignore, applicationCacheEnabled=false, rotatable=false, networkConnectionEnabled=false, chrome={chromedriverVersion=76.0.3809.25 (a0c95f440512e06df1c9c206f2d79cc20be18bb1-refs/branch-heads/3809@{#271}), userDataDir=/var/folders/3y/zz_w6_s56sl__vcrf3r5bhzr0000hr/T/.com.google.Chrome.VE9xfI}, takesHeapSnapshot=true, pageLoadStrategy=normal, strictFileInteractability=false, databaseEnabled=false, handlesAlerts=true, version=76.0.3809.25, browserConnectionEnabled=false, proxy={}, nativeEvents=true, locationContextEnabled=true, cssSelectorsEnabled=true}]
Session ID: 2ad3759bc9c539326a866e774c1e62f6
Command duration or timeout: 0 milliseconds)

2019-06-19 16:29:16 - [MESSAGE][FAILED] - Unable to click on object 'Object Repository/OCS-MOBILE /Product page/Swatch_1g' (Root cause: org.openqa.selenium.WebDriverException: element click intercepted: Element <span class="swatch__title">...</span> is not clickable at point (41, 613). Other element would receive the click: <li class="swatch swatch--weight" aria-disabled="true">...</li>
  (Session info: chrome=76.0.3809.25)
  (Driver info: chromedriver=76.0.3809.25 (a0c95f440512e06df1c9c206f2d79cc20be18bb1-refs/branch-heads/3809@{#271}),platform=Mac OS X 10.13.6 x86_64) (WARNING: The server did not provide any stacktrace information)
Command duration or timeout: 58 milliseconds
Build info: version: '2.53.0', revision: '35ae25b', time: '2016-03-15 17:00:58'
System info: host: 'mac-208-52-180-190.browserstack.com', ip: '208.52.180.190', os.name: 'Mac OS X', os.arch: 'x86_64', os.version: '10.13.6', java.version: '1.8.0_51'
Driver info: org.openqa.selenium.chrome.ChromeDriver
Capabilities [{mobileEmulationEnabled=false, timeouts={implicit=0, pageLoad=300000, script=30000}, hasTouchScreen=false, platform=MAC, acceptSslCerts=false, goog:chromeOptions={debuggerAddress=localhost:49565}, acceptInsecureCerts=false, webStorageEnabled=true, browserName=chrome, takesScreenshot=true, javascriptEnabled=true, setWindowRect=true, unexpectedAlertBehaviour=ignore, applicationCacheEnabled=false, rotatable=false, networkConnectionEnabled=false, chrome={chromedriverVersion=76.0.3809.25 (a0c95f440512e06df1c9c206f2d79cc20be18bb1-refs/branch-heads/3809@{#271}), userDataDir=/var/folders/3y/zz_w6_s56sl__vcrf3r5bhzr0000hr/T/.com.google.Chrome.VE9xfI}, takesHeapSnapshot=true, pageLoadStrategy=normal, strictFileInteractability=false, databaseEnabled=false, handlesAlerts=true, version=76.0.3809.25, browserConnectionEnabled=false, proxy={}, nativeEvents=true, locationContextEnabled=true, cssSelectorsEnabled=true}]
Session ID: 2ad3759bc9c539326a866e774c1e62f6
Command duration or timeout: 0 milliseconds)
[[ATTACHMENT|/Users/sumankompelly/Relative xpath-Mobile/Reports/recordings - ( 1.10.2 )/20190619_153658/1560976155677.png]]

2019-06-19 16:29:16 - [TEST_STEP][PASSED] - delay(3): Delayed 3 second(s)

2019-06-19 16:29:19 - [MESSAGE][PASSED] - Delayed 3 second(s)

2019-06-19 16:29:19 - [TEST_STEP][PASSED] - delay(1): Delayed 1 second(s)

2019-06-19 16:29:20 - [MESSAGE][PASSED] - Delayed 1 second(s)

2019-06-19 16:29:20 - [TEST_STEP][PASSED] - takeScreenshot(): Taking screenshot successfully

2019-06-19 16:29:20 - [MESSAGE][PASSED] - Taking screenshot successfully
[[ATTACHMENT|/Users/sumankompelly/Relative xpath-Mobile/Reports/recordings - ( 1.10.2 )/20190619_153658/1560976160320.png]]

2019-06-19 16:29:20 - [TEST_STEP][PASSED] - delay(1): Delayed 1 second(s)

2019-06-19 16:29:21 - [MESSAGE][PASSED] - Delayed 1 second(s)

2019-06-19 16:29:21 - [TEST_STEP][PASSED] - flag2 = verifyElementClickable(findTestObject("OCS-MOBILE /Product page/Swatch_3.5g")): Object 'Object Repository/OCS-MOBILE /Product page/Swatch_3.5g' is clickable

2019-06-19 16:29:22 - [MESSAGE][PASSED] - Object 'Object Repository/OCS-MOBILE /Product page/Swatch_3.5g' is clickable

2019-06-19 16:29:22 - [TEST_STEP][PASSED] - comment("flag2=" + flag2): flag2=true

2019-06-19 16:29:22 - [MESSAGE][INFO] - flag2=true

2019-06-19 16:29:22 - [TEST_STEP][PASSED] - if (flag2 == true): Delayed 1 second(s)

2019-06-19 16:29:22 - [TEST_STEP][PASSED] - click(findTestObject("OCS-MOBILE /Product page/Swatch_3.5g"), CONTINUE_ON_FAILURE): Object: 'Object Repository/OCS-MOBILE /Product page/Swatch_3.5g' is clicked on

2019-06-19 16:29:22 - [MESSAGE][PASSED] - Object: 'Object Repository/OCS-MOBILE /Product page/Swatch_3.5g' is clicked on

2019-06-19 16:29:22 - [TEST_STEP][PASSED] - delay(1): Delayed 1 second(s)

2019-06-19 16:29:23 - [MESSAGE][PASSED] - Delayed 1 second(s)

2019-06-19 16:29:23 - [TEST_STEP][PASSED] - takeScreenshot(): Taking screenshot successfully

2019-06-19 16:29:23 - [MESSAGE][PASSED] - Taking screenshot successfully
[[ATTACHMENT|/Users/sumankompelly/Relative xpath-Mobile/Reports/recordings - ( 1.10.2 )/20190619_153658/1560976163266.png]]

2019-06-19 16:29:23 - [TEST_STEP][PASSED] - delay(1): Delayed 1 second(s)

2019-06-19 16:29:24 - [MESSAGE][PASSED] - Delayed 1 second(s)

2019-06-19 16:29:24 - [TEST_STEP][PASSED] - flag3 = verifyElementClickable(findTestObject("OCS-MOBILE /Product page/Swatch_7g")): Object 'Object Repository/OCS-MOBILE /Product page/Swatch_7g' is clickable

2019-06-19 16:29:25 - [MESSAGE][PASSED] - Object 'Object Repository/OCS-MOBILE /Product page/Swatch_7g' is clickable

2019-06-19 16:29:25 - [TEST_STEP][PASSED] - comment("flag3=" + flag3): flag3=true

2019-06-19 16:29:25 - [MESSAGE][INFO] - flag3=true

2019-06-19 16:29:25 - [TEST_STEP][FAILED] - if (flag3 == true): if (flag3 == true) FAILED.
Reason:
com.kms.katalon.core.exception.StepFailedException: Unable to click on object 'Object Repository/OCS-MOBILE /Product page/Swatch_1g' (Root cause: org.openqa.selenium.WebDriverException: element click intercepted: Element <span class="swatch__title">...</span> is not clickable at point (41, 613). Other element would receive the click: <li class="swatch swatch--weight" aria-disabled="true">...</li>
  (Session info: chrome=76.0.3809.25)
  (Driver info: chromedriver=76.0.3809.25 (a0c95f440512e06df1c9c206f2d79cc20be18bb1-refs/branch-heads/3809@{#271}),platform=Mac OS X 10.13.6 x86_64) (WARNING: The server did not provide any stacktrace information)
Command duration or timeout: 58 milliseconds
Build info: version: '2.53.0', revision: '35ae25b', time: '2016-03-15 17:00:58'
System info: host: 'mac-208-52-180-190.browserstack.com', ip: '208.52.180.190', os.name: 'Mac OS X', os.arch: 'x86_64', os.version: '10.13.6', java.version: '1.8.0_51'
Driver info: org.openqa.selenium.chrome.ChromeDriver
Capabilities [{mobileEmulationEnabled=false, timeouts={implicit=0, pageLoad=300000, script=30000}, hasTouchScreen=false, platform=MAC, acceptSslCerts=false, goog:chromeOptions={debuggerAddress=localhost:49565}, acceptInsecureCerts=false, webStorageEnabled=true, browserName=chrome, takesScreenshot=true, javascriptEnabled=true, setWindowRect=true, unexpectedAlertBehaviour=ignore, applicationCacheEnabled=false, rotatable=false, networkConnectionEnabled=false, chrome={chromedriverVersion=76.0.3809.25 (a0c95f440512e06df1c9c206f2d79cc20be18bb1-refs/branch-heads/3809@{#271}), userDataDir=/var/folders/3y/zz_w6_s56sl__vcrf3r5bhzr0000hr/T/.com.google.Chrome.VE9xfI}, takesHeapSnapshot=true, pageLoadStrategy=normal, strictFileInteractability=false, databaseEnabled=false, handlesAlerts=true, version=76.0.3809.25, browserConnectionEnabled=false, proxy={}, nativeEvents=true, locationContextEnabled=true, cssSelectorsEnabled=true}]
Session ID: 2ad3759bc9c539326a866e774c1e62f6
Command duration or timeout: 0 milliseconds)
	at com.kms.katalon.core.keyword.internal.KeywordMain.stepFailed(KeywordMain.groovy:32)
	at com.kms.katalon.core.webui.keyword.internal.WebUIKeywordMain.stepFailed(WebUIKeywordMain.groovy:65)
	at com.kms.katalon.core.webui.keyword.internal.WebUIKeywordMain.runKeyword(WebUIKeywordMain.groovy:27)
	at com.kms.katalon.core.webui.keyword.builtin.ClickKeyword.click(ClickKeyword.groovy:86)
	at com.kms.katalon.core.webui.keyword.builtin.ClickKeyword.execute(ClickKeyword.groovy:67)
	at com.kms.katalon.core.keyword.internal.KeywordExecutor.executeKeywordForPlatform(KeywordExecutor.groovy:53)
	at com.kms.katalon.core.webui.keyword.WebUiBuiltInKeywords.click(WebUiBuiltInKeywords.groovy:604)
	at com.kms.katalon.core.webui.keyword.WebUiBuiltInKeywords$click$7.call(Unknown Source)
	at variants selector.run(variants selector:36)
	at com.kms.katalon.core.main.ScriptEngine.run(ScriptEngine.java:194)
	at com.kms.katalon.core.main.ScriptEngine.runScriptAsRawText(ScriptEngine.java:119)
	at com.kms.katalon.core.main.TestCaseExecutor.runScript(TestCaseExecutor.java:328)
	at com.kms.katalon.core.main.TestCaseExecutor.doExecute(TestCaseExecutor.java:319)
	at com.kms.katalon.core.main.TestCaseExecutor.processExecutionPhase(TestCaseExecutor.java:298)
	at com.kms.katalon.core.main.TestCaseExecutor.accessMainPhase(TestCaseExecutor.java:290)
	at com.kms.katalon.core.main.TestCaseExecutor.execute(TestCaseExecutor.java:224)
	at com.kms.katalon.core.main.TestSuiteExecutor.accessTestCaseMainPhase(TestSuiteExecutor.java:129)
	at com.kms.katalon.core.main.TestSuiteExecutor.accessTestSuiteMainPhase(TestSuiteExecutor.java:112)
	at com.kms.katalon.core.main.TestSuiteExecutor.execute(TestSuiteExecutor.java:81)
	at com.kms.katalon.core.main.TestCaseMain.startTestSuite(TestCaseMain.java:149)
	at com.kms.katalon.core.main.TestCaseMain$startTestSuite$0.call(Unknown Source)
	at TempTestSuite1560973018737.run(TempTestSuite1560973018737.groovy:36)


2019-06-19 16:29:25 - [TEST_STEP][FAILED] - click(findTestObject("OCS-MOBILE /Product page/Swatch_7g"), CONTINUE_ON_FAILURE): Unable to click on object 'Object Repository/OCS-MOBILE /Product page/Swatch_7g' (Root cause: org.openqa.selenium.WebDriverException: element click intercepted: Element <span class="swatch__title">...</span> is not clickable at point (172, 612). Other element would receive the click: <li class="swatch swatch--weight" aria-disabled="true">...</li>
  (Session info: chrome=76.0.3809.25)
  (Driver info: chromedriver=76.0.3809.25 (a0c95f440512e06df1c9c206f2d79cc20be18bb1-refs/branch-heads/3809@{#271}),platform=Mac OS X 10.13.6 x86_64) (WARNING: The server did not provide any stacktrace information)
Command duration or timeout: 44 milliseconds
Build info: version: '2.53.0', revision: '35ae25b', time: '2016-03-15 17:00:58'
System info: host: 'mac-208-52-180-190.browserstack.com', ip: '208.52.180.190', os.name: 'Mac OS X', os.arch: 'x86_64', os.version: '10.13.6', java.version: '1.8.0_51'
Driver info: org.openqa.selenium.chrome.ChromeDriver
Capabilities [{mobileEmulationEnabled=false, timeouts={implicit=0, pageLoad=300000, script=30000}, hasTouchScreen=false, platform=MAC, acceptSslCerts=false, goog:chromeOptions={debuggerAddress=localhost:49565}, acceptInsecureCerts=false, webStorageEnabled=true, browserName=chrome, takesScreenshot=true, javascriptEnabled=true, setWindowRect=true, unexpectedAlertBehaviour=ignore, applicationCacheEnabled=false, rotatable=false, networkConnectionEnabled=false, chrome={chromedriverVersion=76.0.3809.25 (a0c95f440512e06df1c9c206f2d79cc20be18bb1-refs/branch-heads/3809@{#271}), userDataDir=/var/folders/3y/zz_w6_s56sl__vcrf3r5bhzr0000hr/T/.com.google.Chrome.VE9xfI}, takesHeapSnapshot=true, pageLoadStrategy=normal, strictFileInteractability=false, databaseEnabled=false, handlesAlerts=true, version=76.0.3809.25, browserConnectionEnabled=false, proxy={}, nativeEvents=true, locationContextEnabled=true, cssSelectorsEnabled=true}]
Session ID: 2ad3759bc9c539326a866e774c1e62f6
Command duration or timeout: 0 milliseconds)

2019-06-19 16:29:26 - [MESSAGE][FAILED] - Unable to click on object 'Object Repository/OCS-MOBILE /Product page/Swatch_7g' (Root cause: org.openqa.selenium.WebDriverException: element click intercepted: Element <span class="swatch__title">...</span> is not clickable at point (172, 612). Other element would receive the click: <li class="swatch swatch--weight" aria-disabled="true">...</li>
  (Session info: chrome=76.0.3809.25)
  (Driver info: chromedriver=76.0.3809.25 (a0c95f440512e06df1c9c206f2d79cc20be18bb1-refs/branch-heads/3809@{#271}),platform=Mac OS X 10.13.6 x86_64) (WARNING: The server did not provide any stacktrace information)
Command duration or timeout: 44 milliseconds
Build info: version: '2.53.0', revision: '35ae25b', time: '2016-03-15 17:00:58'
System info: host: 'mac-208-52-180-190.browserstack.com', ip: '208.52.180.190', os.name: 'Mac OS X', os.arch: 'x86_64', os.version: '10.13.6', java.version: '1.8.0_51'
Driver info: org.openqa.selenium.chrome.ChromeDriver
Capabilities [{mobileEmulationEnabled=false, timeouts={implicit=0, pageLoad=300000, script=30000}, hasTouchScreen=false, platform=MAC, acceptSslCerts=false, goog:chromeOptions={debuggerAddress=localhost:49565}, acceptInsecureCerts=false, webStorageEnabled=true, browserName=chrome, takesScreenshot=true, javascriptEnabled=true, setWindowRect=true, unexpectedAlertBehaviour=ignore, applicationCacheEnabled=false, rotatable=false, networkConnectionEnabled=false, chrome={chromedriverVersion=76.0.3809.25 (a0c95f440512e06df1c9c206f2d79cc20be18bb1-refs/branch-heads/3809@{#271}), userDataDir=/var/folders/3y/zz_w6_s56sl__vcrf3r5bhzr0000hr/T/.com.google.Chrome.VE9xfI}, takesHeapSnapshot=true, pageLoadStrategy=normal, strictFileInteractability=false, databaseEnabled=false, handlesAlerts=true, version=76.0.3809.25, browserConnectionEnabled=false, proxy={}, nativeEvents=true, locationContextEnabled=true, cssSelectorsEnabled=true}]
Session ID: 2ad3759bc9c539326a866e774c1e62f6
Command duration or timeout: 0 milliseconds)
[[ATTACHMENT|/Users/sumankompelly/Relative xpath-Mobile/Reports/recordings - ( 1.10.2 )/20190619_153658/1560976165397.png]]

2019-06-19 16:29:26 - [TEST_STEP][PASSED] - delay(1): Delayed 1 second(s)

2019-06-19 16:29:27 - [MESSAGE][PASSED] - Delayed 1 second(s)

2019-06-19 16:29:27 - [TEST_STEP][PASSED] - takeScreenshot(): Taking screenshot successfully

2019-06-19 16:29:27 - [MESSAGE][PASSED] - Taking screenshot successfully
[[ATTACHMENT|/Users/sumankompelly/Relative xpath-Mobile/Reports/recordings - ( 1.10.2 )/20190619_153658/1560976167145.png]]

2019-06-19 16:29:27 - [TEST_STEP][PASSED] - delay(1): Delayed 1 second(s)

2019-06-19 16:29:28 - [MESSAGE][PASSED] - Delayed 1 second(s)

2019-06-19 16:29:28 - [TEST_STEP][FAILED] - closeBrowser(): if (flag3 == true) FAILED.
Reason:
com.kms.katalon.core.exception.StepFailedException: Unable to click on object 'Object Repository/OCS-MOBILE /Product page/Swatch_1g' (Root cause: org.openqa.selenium.WebDriverException: element click intercepted: Element <span class="swatch__title">...</span> is not clickable at point (41, 613). Other element would receive the click: <li class="swatch swatch--weight" aria-disabled="true">...</li>
  (Session info: chrome=76.0.3809.25)
  (Driver info: chromedriver=76.0.3809.25 (a0c95f440512e06df1c9c206f2d79cc20be18bb1-refs/branch-heads/3809@{#271}),platform=Mac OS X 10.13.6 x86_64) (WARNING: The server did not provide any stacktrace information)
Command duration or timeout: 58 milliseconds
Build info: version: '2.53.0', revision: '35ae25b', time: '2016-03-15 17:00:58'
System info: host: 'mac-208-52-180-190.browserstack.com', ip: '208.52.180.190', os.name: 'Mac OS X', os.arch: 'x86_64', os.version: '10.13.6', java.version: '1.8.0_51'
Driver info: org.openqa.selenium.chrome.ChromeDriver
Capabilities [{mobileEmulationEnabled=false, timeouts={implicit=0, pageLoad=300000, script=30000}, hasTouchScreen=false, platform=MAC, acceptSslCerts=false, goog:chromeOptions={debuggerAddress=localhost:49565}, acceptInsecureCerts=false, webStorageEnabled=true, browserName=chrome, takesScreenshot=true, javascriptEnabled=true, setWindowRect=true, unexpectedAlertBehaviour=ignore, applicationCacheEnabled=false, rotatable=false, networkConnectionEnabled=false, chrome={chromedriverVersion=76.0.3809.25 (a0c95f440512e06df1c9c206f2d79cc20be18bb1-refs/branch-heads/3809@{#271}), userDataDir=/var/folders/3y/zz_w6_s56sl__vcrf3r5bhzr0000hr/T/.com.google.Chrome.VE9xfI}, takesHeapSnapshot=true, pageLoadStrategy=normal, strictFileInteractability=false, databaseEnabled=false, handlesAlerts=true, version=76.0.3809.25, browserConnectionEnabled=false, proxy={}, nativeEvents=true, locationContextEnabled=true, cssSelectorsEnabled=true}]
Session ID: 2ad3759bc9c539326a866e774c1e62f6
Command duration or timeout: 0 milliseconds)
	at com.kms.katalon.core.keyword.internal.KeywordMain.stepFailed(KeywordMain.groovy:32)
	at com.kms.katalon.core.webui.keyword.internal.WebUIKeywordMain.stepFailed(WebUIKeywordMain.groovy:65)
	at com.kms.katalon.core.webui.keyword.internal.WebUIKeywordMain.runKeyword(WebUIKeywordMain.groovy:27)
	at com.kms.katalon.core.webui.keyword.builtin.ClickKeyword.click(ClickKeyword.groovy:86)
	at com.kms.katalon.core.webui.keyword.builtin.ClickKeyword.execute(ClickKeyword.groovy:67)
	at com.kms.katalon.core.keyword.internal.KeywordExecutor.executeKeywordForPlatform(KeywordExecutor.groovy:53)
	at com.kms.katalon.core.webui.keyword.WebUiBuiltInKeywords.click(WebUiBuiltInKeywords.groovy:604)
	at com.kms.katalon.core.webui.keyword.WebUiBuiltInKeywords$click$7.call(Unknown Source)
	at variants selector.run(variants selector:36)
	at com.kms.katalon.core.main.ScriptEngine.run(ScriptEngine.java:194)
	at com.kms.katalon.core.main.ScriptEngine.runScriptAsRawText(ScriptEngine.java:119)
	at com.kms.katalon.core.main.TestCaseExecutor.runScript(TestCaseExecutor.java:328)
	at com.kms.katalon.core.main.TestCaseExecutor.doExecute(TestCaseExecutor.java:319)
	at com.kms.katalon.core.main.TestCaseExecutor.processExecutionPhase(TestCaseExecutor.java:298)
	at com.kms.katalon.core.main.TestCaseExecutor.accessMainPhase(TestCaseExecutor.java:290)
	at com.kms.katalon.core.main.TestCaseExecutor.execute(TestCaseExecutor.java:224)
	at com.kms.katalon.core.main.TestSuiteExecutor.accessTestCaseMainPhase(TestSuiteExecutor.java:129)
	at com.kms.katalon.core.main.TestSuiteExecutor.accessTestSuiteMainPhase(TestSuiteExecutor.java:112)
	at com.kms.katalon.core.main.TestSuiteExecutor.execute(TestSuiteExecutor.java:81)
	at com.kms.katalon.core.main.TestCaseMain.startTestSuite(TestCaseMain.java:149)
	at com.kms.katalon.core.main.TestCaseMain$startTestSuite$0.call(Unknown Source)
	at TempTestSuite1560973018737.run(TempTestSuite1560973018737.groovy:36)


2019-06-19 16:29:28 - [MESSAGE][NOT_RUN] - NOT_RUN: closeBrowser()

2019-06-19 16:29:28 - [MESSAGE][FAILED] - if (flag3 == true) FAILED.
Reason:
com.kms.katalon.core.exception.StepFailedException: Unable to click on object 'Object Repository/OCS-MOBILE /Product page/Swatch_1g' (Root cause: org.openqa.selenium.WebDriverException: element click intercepted: Element <span class="swatch__title">...</span> is not clickable at point (41, 613). Other element would receive the click: <li class="swatch swatch--weight" aria-disabled="true">...</li>
  (Session info: chrome=76.0.3809.25)
  (Driver info: chromedriver=76.0.3809.25 (a0c95f440512e06df1c9c206f2d79cc20be18bb1-refs/branch-heads/3809@{#271}),platform=Mac OS X 10.13.6 x86_64) (WARNING: The server did not provide any stacktrace information)
Command duration or timeout: 58 milliseconds
Build info: version: '2.53.0', revision: '35ae25b', time: '2016-03-15 17:00:58'
System info: host: 'mac-208-52-180-190.browserstack.com', ip: '208.52.180.190', os.name: 'Mac OS X', os.arch: 'x86_64', os.version: '10.13.6', java.version: '1.8.0_51'
Driver info: org.openqa.selenium.chrome.ChromeDriver
Capabilities [{mobileEmulationEnabled=false, timeouts={implicit=0, pageLoad=300000, script=30000}, hasTouchScreen=false, platform=MAC, acceptSslCerts=false, goog:chromeOptions={debuggerAddress=localhost:49565}, acceptInsecureCerts=false, webStorageEnabled=true, browserName=chrome, takesScreenshot=true, javascriptEnabled=true, setWindowRect=true, unexpectedAlertBehaviour=ignore, applicationCacheEnabled=false, rotatable=false, networkConnectionEnabled=false, chrome={chromedriverVersion=76.0.3809.25 (a0c95f440512e06df1c9c206f2d79cc20be18bb1-refs/branch-heads/3809@{#271}), userDataDir=/var/folders/3y/zz_w6_s56sl__vcrf3r5bhzr0000hr/T/.com.google.Chrome.VE9xfI}, takesHeapSnapshot=true, pageLoadStrategy=normal, strictFileInteractability=false, databaseEnabled=false, handlesAlerts=true, version=76.0.3809.25, browserConnectionEnabled=false, proxy={}, nativeEvents=true, locationContextEnabled=true, cssSelectorsEnabled=true}]
Session ID: 2ad3759bc9c539326a866e774c1e62f6
Command duration or timeout: 0 milliseconds)
	at com.kms.katalon.core.keyword.internal.KeywordMain.stepFailed(KeywordMain.groovy:32)
	at com.kms.katalon.core.webui.keyword.internal.WebUIKeywordMain.stepFailed(WebUIKeywordMain.groovy:65)
	at com.kms.katalon.core.webui.keyword.internal.WebUIKeywordMain.runKeyword(WebUIKeywordMain.groovy:27)
	at com.kms.katalon.core.webui.keyword.builtin.ClickKeyword.click(ClickKeyword.groovy:86)
	at com.kms.katalon.core.webui.keyword.builtin.ClickKeyword.execute(ClickKeyword.groovy:67)
	at com.kms.katalon.core.keyword.internal.KeywordExecutor.executeKeywordForPlatform(KeywordExecutor.groovy:53)
	at com.kms.katalon.core.webui.keyword.WebUiBuiltInKeywords.click(WebUiBuiltInKeywords.groovy:604)
	at com.kms.katalon.core.webui.keyword.WebUiBuiltInKeywords$click$7.call(Unknown Source)
	at variants selector.run(variants selector:36)
	at com.kms.katalon.core.main.ScriptEngine.run(ScriptEngine.java:194)
	at com.kms.katalon.core.main.ScriptEngine.runScriptAsRawText(ScriptEngine.java:119)
	at com.kms.katalon.core.main.TestCaseExecutor.runScript(TestCaseExecutor.java:328)
	at com.kms.katalon.core.main.TestCaseExecutor.doExecute(TestCaseExecutor.java:319)
	at com.kms.katalon.core.main.TestCaseExecutor.processExecutionPhase(TestCaseExecutor.java:298)
	at com.kms.katalon.core.main.TestCaseExecutor.accessMainPhase(TestCaseExecutor.java:290)
	at com.kms.katalon.core.main.TestCaseExecutor.execute(TestCaseExecutor.java:224)
	at com.kms.katalon.core.main.TestSuiteExecutor.accessTestCaseMainPhase(TestSuiteExecutor.java:129)
	at com.kms.katalon.core.main.TestSuiteExecutor.accessTestSuiteMainPhase(TestSuiteExecutor.java:112)
	at com.kms.katalon.core.main.TestSuiteExecutor.execute(TestSuiteExecutor.java:81)
	at com.kms.katalon.core.main.TestCaseMain.startTestSuite(TestCaseMain.java:149)
	at com.kms.katalon.core.main.TestCaseMain$startTestSuite$0.call(Unknown Source)
	at TempTestSuite1560973018737.run(TempTestSuite1560973018737.groovy:36)]]></system-out>
         <system-err><![CDATA[2019-06-19 16:27:59 - [TEST_CASE][FAILED] - Test Cases/OCS - MOBILE/OCS- PRODUCT PAGE/variants selector: Test Cases/OCS - MOBILE/OCS- PRODUCT PAGE/variants selector FAILED.
Reason:
com.kms.katalon.core.exception.StepFailedException: Unable to click on object 'Object Repository/OCS-MOBILE /Product page/Swatch_1g' (Root cause: org.openqa.selenium.WebDriverException: element click intercepted: Element <span class="swatch__title">...</span> is not clickable at point (41, 613). Other element would receive the click: <li class="swatch swatch--weight" aria-disabled="true">...</li>
  (Session info: chrome=76.0.3809.25)
  (Driver info: chromedriver=76.0.3809.25 (a0c95f440512e06df1c9c206f2d79cc20be18bb1-refs/branch-heads/3809@{#271}),platform=Mac OS X 10.13.6 x86_64) (WARNING: The server did not provide any stacktrace information)
Command duration or timeout: 58 milliseconds
Build info: version: '2.53.0', revision: '35ae25b', time: '2016-03-15 17:00:58'
System info: host: 'mac-208-52-180-190.browserstack.com', ip: '208.52.180.190', os.name: 'Mac OS X', os.arch: 'x86_64', os.version: '10.13.6', java.version: '1.8.0_51'
Driver info: org.openqa.selenium.chrome.ChromeDriver
Capabilities [{mobileEmulationEnabled=false, timeouts={implicit=0, pageLoad=300000, script=30000}, hasTouchScreen=false, platform=MAC, acceptSslCerts=false, goog:chromeOptions={debuggerAddress=localhost:49565}, acceptInsecureCerts=false, webStorageEnabled=true, browserName=chrome, takesScreenshot=true, javascriptEnabled=true, setWindowRect=true, unexpectedAlertBehaviour=ignore, applicationCacheEnabled=false, rotatable=false, networkConnectionEnabled=false, chrome={chromedriverVersion=76.0.3809.25 (a0c95f440512e06df1c9c206f2d79cc20be18bb1-refs/branch-heads/3809@{#271}), userDataDir=/var/folders/3y/zz_w6_s56sl__vcrf3r5bhzr0000hr/T/.com.google.Chrome.VE9xfI}, takesHeapSnapshot=true, pageLoadStrategy=normal, strictFileInteractability=false, databaseEnabled=false, handlesAlerts=true, version=76.0.3809.25, browserConnectionEnabled=false, proxy={}, nativeEvents=true, locationContextEnabled=true, cssSelectorsEnabled=true}]
Session ID: 2ad3759bc9c539326a866e774c1e62f6
Command duration or timeout: 0 milliseconds)
	at com.kms.katalon.core.keyword.internal.KeywordMain.stepFailed(KeywordMain.groovy:32)
	at com.kms.katalon.core.webui.keyword.internal.WebUIKeywordMain.stepFailed(WebUIKeywordMain.groovy:65)
	at com.kms.katalon.core.webui.keyword.internal.WebUIKeywordMain.runKeyword(WebUIKeywordMain.groovy:27)
	at com.kms.katalon.core.webui.keyword.builtin.ClickKeyword.click(ClickKeyword.groovy:86)
	at com.kms.katalon.core.webui.keyword.builtin.ClickKeyword.execute(ClickKeyword.groovy:67)
	at com.kms.katalon.core.keyword.internal.KeywordExecutor.executeKeywordForPlatform(KeywordExecutor.groovy:53)
	at com.kms.katalon.core.webui.keyword.WebUiBuiltInKeywords.click(WebUiBuiltInKeywords.groovy:604)
	at com.kms.katalon.core.webui.keyword.WebUiBuiltInKeywords$click$7.call(Unknown Source)
	at variants selector.run(variants selector:36)
	at com.kms.katalon.core.main.ScriptEngine.run(ScriptEngine.java:194)
	at com.kms.katalon.core.main.ScriptEngine.runScriptAsRawText(ScriptEngine.java:119)
	at com.kms.katalon.core.main.TestCaseExecutor.runScript(TestCaseExecutor.java:328)
	at com.kms.katalon.core.main.TestCaseExecutor.doExecute(TestCaseExecutor.java:319)
	at com.kms.katalon.core.main.TestCaseExecutor.processExecutionPhase(TestCaseExecutor.java:298)
	at com.kms.katalon.core.main.TestCaseExecutor.accessMainPhase(TestCaseExecutor.java:290)
	at com.kms.katalon.core.main.TestCaseExecutor.execute(TestCaseExecutor.java:224)
	at com.kms.katalon.core.main.TestSuiteExecutor.accessTestCaseMainPhase(TestSuiteExecutor.java:129)
	at com.kms.katalon.core.main.TestSuiteExecutor.accessTestSuiteMainPhase(TestSuiteExecutor.java:112)
	at com.kms.katalon.core.main.TestSuiteExecutor.execute(TestSuiteExecutor.java:81)
	at com.kms.katalon.core.main.TestCaseMain.startTestSuite(TestCaseMain.java:149)
	at com.kms.katalon.core.main.TestCaseMain$startTestSuite$0.call(Unknown Source)
	at TempTestSuite1560973018737.run(TempTestSuite1560973018737.groovy:36)]]></system-err>
      </testcase>
      <testcase name="Test Cases/OCS - MOBILE/OCS- PRODUCT PAGE/How to choose cannbis products" classname="Test Cases/OCS - MOBILE/OCS- PRODUCT PAGE/How to choose cannbis products" status="PASSED">
         <system-out><![CDATA[2019-06-19 16:29:28 - [TEST_CASE][PASSED] - Test Cases/OCS - MOBILE/OCS- PRODUCT PAGE/How to choose cannbis products: Test Cases/OCS - MOBILE/OCS- PRODUCT PAGE/How to choose cannbis products

2019-06-19 16:29:28 - [TEST_STEP][PASSED] - callTestCase(findTestCase("OCS - MOBILE/CALL - PDP"), [:], STOP_ON_FAILURE): Call Test Case 'Test Cases/OCS - MOBILE/CALL - PDP' successfully

2019-06-19 16:29:28 - [TEST_CASE][PASSED] - Test Cases/OCS - MOBILE/CALL - PDP: Test Cases/OCS - MOBILE/CALL - PDP

2019-06-19 16:29:29 - [TEST_STEP][PASSED] - openBrowser(""): Browser is opened with url: ''

2019-06-19 16:29:29 - [MESSAGE][WARNING] - A browser is already opened. Closing browser and opening a new one

2019-06-19 16:29:29 - [MESSAGE][INFO] - Starting 'Remote' driver

2019-06-19 16:29:29 - [MESSAGE][INFO] - User set preference: ['os', 'OS X']

2019-06-19 16:29:29 - [MESSAGE][INFO] - User set preference: ['os_version', 'High Sierra']

2019-06-19 16:29:29 - [MESSAGE][INFO] - User set preference: ['browser', 'Chrome']

2019-06-19 16:29:29 - [MESSAGE][INFO] - User set preference: ['browser_version', '76.0 beta']

2019-06-19 16:29:29 - [MESSAGE][INFO] - User set preference: ['browserstack.local', 'false']

2019-06-19 16:29:29 - [MESSAGE][INFO] - Connecting to remote web server 'https://dianatest3:Z3oqw9ysqTeRQJq5wFCp@hub-cloud.browserstack.com/wd/hub' with type 'Selenium'

2019-06-19 16:29:33 - [MESSAGE][PASSED] - Browser is opened with url: ''

2019-06-19 16:29:33 - [TEST_STEP][PASSED] - navigateToUrl("https://ocs.ca/?fts=0&preview_theme_id=72920106828"): Navigate to 'https://ocs.ca/?fts=0&preview_theme_id=72920106828' successfully

2019-06-19 16:29:38 - [MESSAGE][PASSED] - Navigate to 'https://ocs.ca/?fts=0&preview_theme_id=72920106828' successfully

2019-06-19 16:29:38 - [TEST_STEP][PASSED] - executeJavaScript("var previewBar = document.getElementById("preview-bar-iframe"); previewBar.style.display = "none";", []): Execute JavaScript 'var previewBar = document.getElementById("preview-bar-iframe"); previewBar.style.display = "none";' successfully

2019-06-19 16:29:38 - [MESSAGE][PASSED] - Execute JavaScript 'var previewBar = document.getElementById("preview-bar-iframe"); previewBar.style.display = "none";' successfully

2019-06-19 16:29:38 - [TEST_STEP][PASSED] - setViewPortSize(360, 800): Viewport is set to new size with width = 360 and height = 800

2019-06-19 16:29:39 - [MESSAGE][PASSED] - Viewport is set to new size with width = 360 and height = 800

2019-06-19 16:29:39 - [TEST_STEP][PASSED] - delay(4): Delayed 4 second(s)

2019-06-19 16:29:43 - [MESSAGE][PASSED] - Delayed 4 second(s)

2019-06-19 16:29:43 - [TEST_STEP][PASSED] - selectOptionByValue(findTestObject("OCS-MOBILE /Age gate and burger menu/Date"), "12", true): All options with value '12' are selected in object 'Object Repository/OCS-MOBILE /Age gate and burger menu/Date'  using regular expression

2019-06-19 16:29:48 - [MESSAGE][PASSED] - All options with value '12' are selected in object 'Object Repository/OCS-MOBILE /Age gate and burger menu/Date'  using regular expression

2019-06-19 16:29:48 - [TEST_STEP][PASSED] - selectOptionByValue(findTestObject("OCS-MOBILE /Age gate and burger menu/month"), "6", true): All options with value '6' are selected in object 'Object Repository/OCS-MOBILE /Age gate and burger menu/month'  using regular expression

2019-06-19 16:29:51 - [MESSAGE][PASSED] - All options with value '6' are selected in object 'Object Repository/OCS-MOBILE /Age gate and burger menu/month'  using regular expression

2019-06-19 16:29:51 - [TEST_STEP][PASSED] - delay(2): Delayed 2 second(s)

2019-06-19 16:29:53 - [MESSAGE][PASSED] - Delayed 2 second(s)

2019-06-19 16:29:53 - [TEST_STEP][PASSED] - selectOptionByValue(findTestObject("OCS-MOBILE /Age gate and burger menu/Year Dropdown"), "1990", true): All options with value '1990' are selected in object 'Object Repository/OCS-MOBILE /Age gate and burger menu/Year Dropdown'  using regular expression

2019-06-19 16:30:05 - [MESSAGE][PASSED] - All options with value '1990' are selected in object 'Object Repository/OCS-MOBILE /Age gate and burger menu/Year Dropdown'  using regular expression

2019-06-19 16:30:05 - [TEST_STEP][PASSED] - click(findTestObject("OCS-MOBILE /Age gate and Mega menu/button_Verify")): Object: 'Object Repository/OCS-MOBILE /Age gate and Mega menu/button_Verify' is clicked on

2019-06-19 16:30:06 - [MESSAGE][PASSED] - Object: 'Object Repository/OCS-MOBILE /Age gate and Mega menu/button_Verify' is clicked on

2019-06-19 16:30:06 - [TEST_STEP][PASSED] - click(findTestObject("OCS-MOBILE /Age gate and Mega menu/Checkbox_CONFIRM AND ACKNOWLEDGE")): Object: 'Object Repository/OCS-MOBILE /Age gate and Mega menu/Checkbox_CONFIRM AND ACKNOWLEDGE' is clicked on

2019-06-19 16:30:06 - [MESSAGE][PASSED] - Object: 'Object Repository/OCS-MOBILE /Age gate and Mega menu/Checkbox_CONFIRM AND ACKNOWLEDGE' is clicked on

2019-06-19 16:30:06 - [TEST_STEP][PASSED] - click(findTestObject("OCS-MOBILE /Age gate and Mega menu/button_CONFIRM")): Object: 'Object Repository/OCS-MOBILE /Age gate and Mega menu/button_CONFIRM' is clicked on

2019-06-19 16:30:06 - [MESSAGE][PASSED] - Object: 'Object Repository/OCS-MOBILE /Age gate and Mega menu/button_CONFIRM' is clicked on

2019-06-19 16:30:06 - [TEST_STEP][PASSED] - click(findTestObject("OCS-MOBILE /Age gate and Mega menu/button_Start Browsing")): Object: 'Object Repository/OCS-MOBILE /Age gate and Mega menu/button_Start Browsing' is clicked on

2019-06-19 16:30:06 - [MESSAGE][PASSED] - Object: 'Object Repository/OCS-MOBILE /Age gate and Mega menu/button_Start Browsing' is clicked on

2019-06-19 16:30:06 - [TEST_STEP][PASSED] - refresh(): Refresh successfully

2019-06-19 16:30:06 - [MESSAGE][PASSED] - Refresh successfully

2019-06-19 16:30:06 - [TEST_STEP][PASSED] - delay(2): Delayed 2 second(s)

2019-06-19 16:30:08 - [MESSAGE][PASSED] - Delayed 2 second(s)

2019-06-19 16:30:08 - [TEST_STEP][PASSED] - click(findTestObject("OCS-MOBILE /Age gate and burger menu/Burger menu - English")): Object: 'Object Repository/OCS-MOBILE /Age gate and burger menu/Burger menu - English' is clicked on

2019-06-19 16:30:11 - [MESSAGE][PASSED] - Object: 'Object Repository/OCS-MOBILE /Age gate and burger menu/Burger menu - English' is clicked on

2019-06-19 16:30:11 - [TEST_STEP][PASSED] - delay(2): Delayed 2 second(s)

2019-06-19 16:30:13 - [MESSAGE][PASSED] - Delayed 2 second(s)

2019-06-19 16:30:13 - [TEST_STEP][PASSED] - click(findTestObject("OCS-MOBILE /Age gate and burger menu/Chevron_Cannabis")): Object: 'Object Repository/OCS-MOBILE /Age gate and burger menu/Chevron_Cannabis' is clicked on

2019-06-19 16:30:13 - [MESSAGE][PASSED] - Object: 'Object Repository/OCS-MOBILE /Age gate and burger menu/Chevron_Cannabis' is clicked on

2019-06-19 16:30:13 - [TEST_STEP][PASSED] - delay(2): Delayed 2 second(s)

2019-06-19 16:30:15 - [MESSAGE][PASSED] - Delayed 2 second(s)

2019-06-19 16:30:15 - [TEST_STEP][PASSED] - click(findTestObject("OCS-MOBILE /Age gate and burger menu/Dried Flower_Plus icon")): Object: 'Object Repository/OCS-MOBILE /Age gate and burger menu/Dried Flower_Plus icon' is clicked on

2019-06-19 16:30:15 - [MESSAGE][PASSED] - Object: 'Object Repository/OCS-MOBILE /Age gate and burger menu/Dried Flower_Plus icon' is clicked on

2019-06-19 16:30:15 - [TEST_STEP][PASSED] - delay(2): Delayed 2 second(s)

2019-06-19 16:30:17 - [MESSAGE][PASSED] - Delayed 2 second(s)

2019-06-19 16:30:17 - [TEST_STEP][PASSED] - click(findTestObject("OCS-MOBILE /Age gate and burger menu/Indica Dominant_Menu item")): Object: 'Object Repository/OCS-MOBILE /Age gate and burger menu/Indica Dominant_Menu item' is clicked on

2019-06-19 16:30:21 - [MESSAGE][PASSED] - Object: 'Object Repository/OCS-MOBILE /Age gate and burger menu/Indica Dominant_Menu item' is clicked on

2019-06-19 16:30:21 - [TEST_STEP][PASSED] - executeJavaScript("var previewBar = document.getElementById("preview-bar-iframe"); previewBar.style.display = "none";", []): Execute JavaScript 'var previewBar = document.getElementById("preview-bar-iframe"); previewBar.style.display = "none";' successfully

2019-06-19 16:30:21 - [MESSAGE][PASSED] - Execute JavaScript 'var previewBar = document.getElementById("preview-bar-iframe"); previewBar.style.display = "none";' successfully

2019-06-19 16:30:21 - [TEST_STEP][PASSED] - delay(2): Delayed 2 second(s)

2019-06-19 16:30:23 - [MESSAGE][PASSED] - Delayed 2 second(s)

2019-06-19 16:30:23 - [TEST_STEP][PASSED] - click(findTestObject("OCS-MOBILE /Collection page/Product image - 1st one")): Object: 'Object Repository/OCS-MOBILE /Collection page/Product image - 1st one' is clicked on

2019-06-19 16:30:27 - [MESSAGE][PASSED] - Object: 'Object Repository/OCS-MOBILE /Collection page/Product image - 1st one' is clicked on

2019-06-19 16:30:27 - [TEST_STEP][PASSED] - delay(2): Delayed 2 second(s)

2019-06-19 16:30:29 - [MESSAGE][PASSED] - Delayed 2 second(s)

2019-06-19 16:30:29 - [TEST_STEP][PASSED] - executeJavaScript("var previewBar = document.getElementById("preview-bar-iframe"); previewBar.style.display = "none";", []): Execute JavaScript 'var previewBar = document.getElementById("preview-bar-iframe"); previewBar.style.display = "none";' successfully

2019-06-19 16:30:29 - [MESSAGE][PASSED] - Execute JavaScript 'var previewBar = document.getElementById("preview-bar-iframe"); previewBar.style.display = "none";' successfully

2019-06-19 16:30:29 - [MESSAGE][PASSED] - Call Test Case 'Test Cases/OCS - MOBILE/CALL - PDP' successfully

2019-06-19 16:30:29 - [TEST_STEP][PASSED] - scrollToElement(findTestObject("OCS-MOBILE /Product page/How to choose cannabis product - Section"), 2): Scroll to object 'Object Repository/OCS-MOBILE /Product page/How to choose cannabis product - Section' successfully

2019-06-19 16:30:30 - [MESSAGE][PASSED] - Scroll to object 'Object Repository/OCS-MOBILE /Product page/How to choose cannabis product - Section' successfully

2019-06-19 16:30:30 - [TEST_STEP][PASSED] - click(findTestObject("OCS-MOBILE /Product page/How to choose cannabis product - Button")): Object: 'Object Repository/OCS-MOBILE /Product page/How to choose cannabis product - Button' is clicked on

2019-06-19 16:30:33 - [MESSAGE][PASSED] - Object: 'Object Repository/OCS-MOBILE /Product page/How to choose cannabis product - Button' is clicked on

2019-06-19 16:30:33 - [TEST_STEP][PASSED] - a = getWindowTitle(): Current window's title is: 'Factors in Choosing Cannabis Products | Ontario Cannabis Store'

2019-06-19 16:30:33 - [MESSAGE][PASSED] - Current window's title is: 'Factors in Choosing Cannabis Products | Ontario Cannabis Store'

2019-06-19 16:30:33 - [TEST_STEP][PASSED] - b = "Factors in Choosing Cannabis Products | Ontario Cannabis Store": null

2019-06-19 16:30:33 - [TEST_STEP][PASSED] - comment("WINDOW TITLE IS: " + a): WINDOW TITLE IS: Factors in Choosing Cannabis Products | Ontario Cannabis Store

2019-06-19 16:30:33 - [MESSAGE][INFO] - WINDOW TITLE IS: Factors in Choosing Cannabis Products | Ontario Cannabis Store

2019-06-19 16:30:33 - [TEST_STEP][PASSED] - if (a == b): TITLE IS SAME

2019-06-19 16:30:33 - [TEST_STEP][PASSED] - comment("TITLE IS SAME"): TITLE IS SAME

2019-06-19 16:30:33 - [MESSAGE][INFO] - TITLE IS SAME

2019-06-19 16:30:33 - [TEST_STEP][PASSED] - back(): Navigate back successfully

2019-06-19 16:30:35 - [MESSAGE][PASSED] - Navigate back successfully]]></system-out>
         <system-err><![CDATA[]]></system-err>
      </testcase>
      <testcase name="Test Cases/OCS - MOBILE/OCS-AGE GATE/AG- Under Age" classname="Test Cases/OCS - MOBILE/OCS-AGE GATE/AG- Under Age" status="PASSED">
         <system-out><![CDATA[2019-06-19 16:30:35 - [TEST_CASE][PASSED] - Test Cases/OCS - MOBILE/OCS-AGE GATE/AG- Under Age: Test Cases/OCS - MOBILE/OCS-AGE GATE/AG- Under Age

2019-06-19 16:30:35 - [TEST_STEP][PASSED] - openBrowser(""): Browser is opened with url: ''

2019-06-19 16:30:35 - [MESSAGE][WARNING] - A browser is already opened. Closing browser and opening a new one

2019-06-19 16:30:36 - [MESSAGE][INFO] - Starting 'Remote' driver

2019-06-19 16:30:36 - [MESSAGE][INFO] - User set preference: ['os', 'OS X']

2019-06-19 16:30:36 - [MESSAGE][INFO] - User set preference: ['os_version', 'High Sierra']

2019-06-19 16:30:36 - [MESSAGE][INFO] - User set preference: ['browser', 'Chrome']

2019-06-19 16:30:36 - [MESSAGE][INFO] - User set preference: ['browser_version', '76.0 beta']

2019-06-19 16:30:36 - [MESSAGE][INFO] - User set preference: ['browserstack.local', 'false']

2019-06-19 16:30:36 - [MESSAGE][INFO] - Connecting to remote web server 'https://dianatest3:Z3oqw9ysqTeRQJq5wFCp@hub-cloud.browserstack.com/wd/hub' with type 'Selenium'

2019-06-19 16:30:40 - [MESSAGE][PASSED] - Browser is opened with url: ''

2019-06-19 16:30:40 - [TEST_STEP][PASSED] - navigateToUrl("https://ocs.ca/?fts=0&preview_theme_id=53376026444"): Navigate to 'https://ocs.ca/?fts=0&preview_theme_id=53376026444' successfully

2019-06-19 16:30:49 - [MESSAGE][PASSED] - Navigate to 'https://ocs.ca/?fts=0&preview_theme_id=53376026444' successfully

2019-06-19 16:30:49 - [TEST_STEP][NOT_RUN] - executeJavaScript("var previewBar = document.getElementById("preview-bar-iframe"); previewBar.style.display = "none";", []): NOT_RUN: executeJavaScript("var previewBar = document.getElementById("preview-bar-iframe"); previewBar.style.display = "none";", [])

2019-06-19 16:30:49 - [MESSAGE][NOT_RUN] - NOT_RUN: executeJavaScript("var previewBar = document.getElementById("preview-bar-iframe"); previewBar.style.display = "none";", [])

2019-06-19 16:30:49 - [TEST_STEP][PASSED] - setViewPortSize(360, 800): Viewport is set to new size with width = 360 and height = 800

2019-06-19 16:30:49 - [MESSAGE][PASSED] - Viewport is set to new size with width = 360 and height = 800

2019-06-19 16:30:49 - [TEST_STEP][PASSED] - delay(4): Delayed 4 second(s)

2019-06-19 16:30:53 - [MESSAGE][PASSED] - Delayed 4 second(s)

2019-06-19 16:30:53 - [TEST_STEP][PASSED] - selectOptionByValue(findTestObject("OCS-MOBILE /Age gate and Mega menu/Date"), "12", true): All options with value '12' are selected in object 'Object Repository/OCS-MOBILE /Age gate and Mega menu/Date'  using regular expression

2019-06-19 16:30:58 - [MESSAGE][PASSED] - All options with value '12' are selected in object 'Object Repository/OCS-MOBILE /Age gate and Mega menu/Date'  using regular expression

2019-06-19 16:30:58 - [TEST_STEP][PASSED] - selectOptionByValue(findTestObject("OCS-MOBILE /Age gate and Mega menu/month"), "6", true): All options with value '6' are selected in object 'Object Repository/OCS-MOBILE /Age gate and Mega menu/month'  using regular expression

2019-06-19 16:31:01 - [MESSAGE][PASSED] - All options with value '6' are selected in object 'Object Repository/OCS-MOBILE /Age gate and Mega menu/month'  using regular expression

2019-06-19 16:31:01 - [TEST_STEP][PASSED] - delay(2): Delayed 2 second(s)

2019-06-19 16:31:03 - [MESSAGE][PASSED] - Delayed 2 second(s)

2019-06-19 16:31:03 - [TEST_STEP][PASSED] - selectOptionByValue(findTestObject("OCS-MOBILE /Age gate and Mega menu/Year Dropdown"), "2017", true): All options with value '2017' are selected in object 'Object Repository/OCS-MOBILE /Age gate and Mega menu/Year Dropdown'  using regular expression

2019-06-19 16:31:16 - [MESSAGE][PASSED] - All options with value '2017' are selected in object 'Object Repository/OCS-MOBILE /Age gate and Mega menu/Year Dropdown'  using regular expression

2019-06-19 16:31:16 - [TEST_STEP][PASSED] - click(findTestObject("OCS-MOBILE /Age gate and burger menu/button_Verify")): Object: 'Object Repository/OCS-MOBILE /Age gate and burger menu/button_Verify' is clicked on

2019-06-19 16:31:16 - [MESSAGE][PASSED] - Object: 'Object Repository/OCS-MOBILE /Age gate and burger menu/button_Verify' is clicked on

2019-06-19 16:31:16 - [TEST_STEP][PASSED] - click(findTestObject("OCS-MOBILE /Age gate and burger menu/Checkbox_CONFIRM AND ACKNOWLEDGE")): Object: 'Object Repository/OCS-MOBILE /Age gate and burger menu/Checkbox_CONFIRM AND ACKNOWLEDGE' is clicked on

2019-06-19 16:31:16 - [MESSAGE][PASSED] - Object: 'Object Repository/OCS-MOBILE /Age gate and burger menu/Checkbox_CONFIRM AND ACKNOWLEDGE' is clicked on

2019-06-19 16:31:16 - [TEST_STEP][PASSED] - click(findTestObject("OCS-MOBILE /Age gate and burger menu/button_CONFIRM")): Object: 'Object Repository/OCS-MOBILE /Age gate and burger menu/button_CONFIRM' is clicked on

2019-06-19 16:31:17 - [MESSAGE][PASSED] - Object: 'Object Repository/OCS-MOBILE /Age gate and burger menu/button_CONFIRM' is clicked on

2019-06-19 16:31:17 - [TEST_STEP][PASSED] - delay(3): Delayed 3 second(s)

2019-06-19 16:31:20 - [MESSAGE][PASSED] - Delayed 3 second(s)

2019-06-19 16:31:20 - [TEST_STEP][PASSED] - click(findTestObject("OCS-MOBILE /Age gate and burger menu/Oops Im actually 19 or older - Link")): Object: 'Object Repository/OCS-MOBILE /Age gate and burger menu/Oops Im actually 19 or older - Link' is clicked on

2019-06-19 16:31:20 - [MESSAGE][PASSED] - Object: 'Object Repository/OCS-MOBILE /Age gate and burger menu/Oops Im actually 19 or older - Link' is clicked on

2019-06-19 16:31:20 - [TEST_STEP][PASSED] - selectOptionByValue(findTestObject("OCS-MOBILE /Age gate and burger menu/Date"), "5", true): All options with value '5' are selected in object 'Object Repository/OCS-MOBILE /Age gate and burger menu/Date'  using regular expression

2019-06-19 16:31:24 - [MESSAGE][PASSED] - All options with value '5' are selected in object 'Object Repository/OCS-MOBILE /Age gate and burger menu/Date'  using regular expression

2019-06-19 16:31:24 - [TEST_STEP][PASSED] - selectOptionByValue(findTestObject("OCS-MOBILE /Age gate and burger menu/month"), "6", true): All options with value '6' are selected in object 'Object Repository/OCS-MOBILE /Age gate and burger menu/month'  using regular expression

2019-06-19 16:31:27 - [MESSAGE][PASSED] - All options with value '6' are selected in object 'Object Repository/OCS-MOBILE /Age gate and burger menu/month'  using regular expression

2019-06-19 16:31:27 - [TEST_STEP][PASSED] - selectOptionByValue(findTestObject("OCS-MOBILE /Age gate and Mega menu/Year Dropdown"), "1970", true): All options with value '1970' are selected in object 'Object Repository/OCS-MOBILE /Age gate and Mega menu/Year Dropdown'  using regular expression

2019-06-19 16:31:43 - [MESSAGE][PASSED] - All options with value '1970' are selected in object 'Object Repository/OCS-MOBILE /Age gate and Mega menu/Year Dropdown'  using regular expression

2019-06-19 16:31:43 - [TEST_STEP][PASSED] - click(findTestObject("OCS-MOBILE /Age gate and Mega menu/button_Verify")): Object: 'Object Repository/OCS-MOBILE /Age gate and Mega menu/button_Verify' is clicked on

2019-06-19 16:31:43 - [MESSAGE][PASSED] - Object: 'Object Repository/OCS-MOBILE /Age gate and Mega menu/button_Verify' is clicked on

2019-06-19 16:31:43 - [TEST_STEP][PASSED] - click(findTestObject("OCS-MOBILE /Age gate and Mega menu/Checkbox_CONFIRM AND ACKNOWLEDGE")): Object: 'Object Repository/OCS-MOBILE /Age gate and Mega menu/Checkbox_CONFIRM AND ACKNOWLEDGE' is clicked on

2019-06-19 16:31:43 - [MESSAGE][PASSED] - Object: 'Object Repository/OCS-MOBILE /Age gate and Mega menu/Checkbox_CONFIRM AND ACKNOWLEDGE' is clicked on

2019-06-19 16:31:43 - [TEST_STEP][PASSED] - click(findTestObject("OCS-MOBILE /Age gate and Mega menu/button_CONFIRM")): Object: 'Object Repository/OCS-MOBILE /Age gate and Mega menu/button_CONFIRM' is clicked on

2019-06-19 16:31:44 - [MESSAGE][PASSED] - Object: 'Object Repository/OCS-MOBILE /Age gate and Mega menu/button_CONFIRM' is clicked on

2019-06-19 16:31:44 - [TEST_STEP][PASSED] - click(findTestObject("OCS-MOBILE /Age gate and Mega menu/button_Start Browsing")): Object: 'Object Repository/OCS-MOBILE /Age gate and Mega menu/button_Start Browsing' is clicked on

2019-06-19 16:31:44 - [MESSAGE][PASSED] - Object: 'Object Repository/OCS-MOBILE /Age gate and Mega menu/button_Start Browsing' is clicked on

2019-06-19 16:31:44 - [TEST_STEP][PASSED] - delay(3): Delayed 3 second(s)

2019-06-19 16:31:47 - [MESSAGE][PASSED] - Delayed 3 second(s)

2019-06-19 16:31:47 - [TEST_STEP][PASSED] - closeBrowser(): Browser is closed

2019-06-19 16:31:47 - [MESSAGE][PASSED] - Browser is closed]]></system-out>
         <system-err><![CDATA[]]></system-err>
      </testcase>
      <testcase name="Test Cases/OCS - MOBILE/OCS-AGE GATE/AG - Date correction" classname="Test Cases/OCS - MOBILE/OCS-AGE GATE/AG - Date correction" status="PASSED">
         <system-out><![CDATA[2019-06-19 16:31:47 - [TEST_CASE][PASSED] - Test Cases/OCS - MOBILE/OCS-AGE GATE/AG - Date correction: Test Cases/OCS - MOBILE/OCS-AGE GATE/AG - Date correction

2019-06-19 16:31:48 - [TEST_STEP][PASSED] - openBrowser(""): Browser is opened with url: ''

2019-06-19 16:31:48 - [MESSAGE][INFO] - Starting 'Remote' driver

2019-06-19 16:31:48 - [MESSAGE][INFO] - User set preference: ['os', 'OS X']

2019-06-19 16:31:48 - [MESSAGE][INFO] - User set preference: ['os_version', 'High Sierra']

2019-06-19 16:31:48 - [MESSAGE][INFO] - User set preference: ['browser', 'Chrome']

2019-06-19 16:31:48 - [MESSAGE][INFO] - User set preference: ['browser_version', '76.0 beta']

2019-06-19 16:31:48 - [MESSAGE][INFO] - User set preference: ['browserstack.local', 'false']

2019-06-19 16:31:48 - [MESSAGE][INFO] - Connecting to remote web server 'https://dianatest3:Z3oqw9ysqTeRQJq5wFCp@hub-cloud.browserstack.com/wd/hub' with type 'Selenium'

2019-06-19 16:31:52 - [MESSAGE][PASSED] - Browser is opened with url: ''

2019-06-19 16:31:52 - [TEST_STEP][PASSED] - navigateToUrl("https://ocs.ca/?fts=0&preview_theme_id=53376026444"): Navigate to 'https://ocs.ca/?fts=0&preview_theme_id=53376026444' successfully

2019-06-19 16:31:59 - [MESSAGE][PASSED] - Navigate to 'https://ocs.ca/?fts=0&preview_theme_id=53376026444' successfully

2019-06-19 16:31:59 - [TEST_STEP][PASSED] - executeJavaScript("var previewBar = document.getElementById("preview-bar-iframe"); previewBar.style.display = "none";", []): Execute JavaScript 'var previewBar = document.getElementById("preview-bar-iframe"); previewBar.style.display = "none";' successfully

2019-06-19 16:31:59 - [MESSAGE][PASSED] - Execute JavaScript 'var previewBar = document.getElementById("preview-bar-iframe"); previewBar.style.display = "none";' successfully

2019-06-19 16:31:59 - [TEST_STEP][PASSED] - setViewPortSize(360, 800): Viewport is set to new size with width = 360 and height = 800

2019-06-19 16:32:00 - [MESSAGE][PASSED] - Viewport is set to new size with width = 360 and height = 800

2019-06-19 16:32:00 - [TEST_STEP][PASSED] - delay(4): Delayed 4 second(s)

2019-06-19 16:32:04 - [MESSAGE][PASSED] - Delayed 4 second(s)

2019-06-19 16:32:04 - [TEST_STEP][PASSED] - selectOptionByValue(findTestObject("OCS-MOBILE /Age gate and Mega menu/Date"), "12", true): All options with value '12' are selected in object 'Object Repository/OCS-MOBILE /Age gate and Mega menu/Date'  using regular expression

2019-06-19 16:32:08 - [MESSAGE][PASSED] - All options with value '12' are selected in object 'Object Repository/OCS-MOBILE /Age gate and Mega menu/Date'  using regular expression

2019-06-19 16:32:08 - [TEST_STEP][PASSED] - selectOptionByValue(findTestObject("OCS-MOBILE /Age gate and Mega menu/month"), "6", true): All options with value '6' are selected in object 'Object Repository/OCS-MOBILE /Age gate and Mega menu/month'  using regular expression

2019-06-19 16:32:10 - [MESSAGE][PASSED] - All options with value '6' are selected in object 'Object Repository/OCS-MOBILE /Age gate and Mega menu/month'  using regular expression

2019-06-19 16:32:10 - [TEST_STEP][PASSED] - delay(2): Delayed 2 second(s)

2019-06-19 16:32:12 - [MESSAGE][PASSED] - Delayed 2 second(s)

2019-06-19 16:32:12 - [TEST_STEP][PASSED] - selectOptionByValue(findTestObject("OCS-MOBILE /Age gate and Mega menu/Year Dropdown"), "1990", true): All options with value '1990' are selected in object 'Object Repository/OCS-MOBILE /Age gate and Mega menu/Year Dropdown'  using regular expression

2019-06-19 16:32:25 - [MESSAGE][PASSED] - All options with value '1990' are selected in object 'Object Repository/OCS-MOBILE /Age gate and Mega menu/Year Dropdown'  using regular expression

2019-06-19 16:32:25 - [TEST_STEP][PASSED] - delay(3): Delayed 3 second(s)

2019-06-19 16:32:28 - [MESSAGE][PASSED] - Delayed 3 second(s)

2019-06-19 16:32:28 - [TEST_STEP][PASSED] - click(findTestObject("OCS-MOBILE /Age gate and Mega menu/button_Verify")): Object: 'Object Repository/OCS-MOBILE /Age gate and Mega menu/button_Verify' is clicked on

2019-06-19 16:32:28 - [MESSAGE][PASSED] - Object: 'Object Repository/OCS-MOBILE /Age gate and Mega menu/button_Verify' is clicked on

2019-06-19 16:32:28 - [TEST_STEP][PASSED] - delay(1): Delayed 1 second(s)

2019-06-19 16:32:29 - [MESSAGE][PASSED] - Delayed 1 second(s)

2019-06-19 16:32:29 - [TEST_STEP][PASSED] - click(findTestObject("OCS-MOBILE /Age gate and Mega menu/a_Correct your date of birth")): Object: 'Object Repository/OCS-MOBILE /Age gate and Mega menu/a_Correct your date of birth' is clicked on

2019-06-19 16:32:29 - [MESSAGE][PASSED] - Object: 'Object Repository/OCS-MOBILE /Age gate and Mega menu/a_Correct your date of birth' is clicked on

2019-06-19 16:32:29 - [TEST_STEP][PASSED] - selectOptionByValue(findTestObject("OCS-MOBILE /Age gate and Mega menu/Date"), "1", true): All options with value '1' are selected in object 'Object Repository/OCS-MOBILE /Age gate and Mega menu/Date'  using regular expression

2019-06-19 16:32:33 - [MESSAGE][PASSED] - All options with value '1' are selected in object 'Object Repository/OCS-MOBILE /Age gate and Mega menu/Date'  using regular expression

2019-06-19 16:32:33 - [TEST_STEP][PASSED] - selectOptionByValue(findTestObject("OCS-MOBILE /Age gate and Mega menu/month"), "5", true): All options with value '5' are selected in object 'Object Repository/OCS-MOBILE /Age gate and Mega menu/month'  using regular expression

2019-06-19 16:32:36 - [MESSAGE][PASSED] - All options with value '5' are selected in object 'Object Repository/OCS-MOBILE /Age gate and Mega menu/month'  using regular expression

2019-06-19 16:32:36 - [TEST_STEP][PASSED] - selectOptionByValue(findTestObject("OCS-MOBILE /Age gate and Mega menu/Year Dropdown"), "1980", true): All options with value '1980' are selected in object 'Object Repository/OCS-MOBILE /Age gate and Mega menu/Year Dropdown'  using regular expression

2019-06-19 16:32:51 - [MESSAGE][PASSED] - All options with value '1980' are selected in object 'Object Repository/OCS-MOBILE /Age gate and Mega menu/Year Dropdown'  using regular expression

2019-06-19 16:32:51 - [TEST_STEP][PASSED] - click(findTestObject("OCS-MOBILE /Age gate and Mega menu/button_Verify")): Object: 'Object Repository/OCS-MOBILE /Age gate and Mega menu/button_Verify' is clicked on

2019-06-19 16:32:51 - [MESSAGE][PASSED] - Object: 'Object Repository/OCS-MOBILE /Age gate and Mega menu/button_Verify' is clicked on

2019-06-19 16:32:51 - [TEST_STEP][PASSED] - closeBrowser(): Browser is closed

2019-06-19 16:32:52 - [MESSAGE][PASSED] - Browser is closed]]></system-out>
         <system-err><![CDATA[]]></system-err>
      </testcase>
      <testcase name="Test Cases/OCS - MOBILE/OCS-COLLECTION PAGE/Sort" classname="Test Cases/OCS - MOBILE/OCS-COLLECTION PAGE/Sort" status="FAILED">
         <failure type="FAILED" message="Test Cases/OCS - MOBILE/OCS-COLLECTION PAGE/Sort FAILED.
Reason:
com.kms.katalon.core.exception.StepFailedException: Unable to click on object 'Object Repository/OCS-MOBILE /Collection page/Alphabetically Z - A' (Root cause: org.openqa.selenium.WebDriverException: element click intercepted: Element &lt;label for=&quot;sort-by-created-desc&quot; tabindex=&quot;0&quot;>...&lt;/label> is not clickable at point (249, 565). Other element would receive the click: &lt;iframe title=&quot;Preview Bar&quot; id=&quot;preview-bar-iframe&quot; src=&quot;https://ocs.ca/preview_bar&quot; sandbox=&quot;allow-same-origin allow-scripts&quot; style=&quot;position: fixed; bottom: 0px; left: 0px; z-index: 2147483647; width: 100%; border: none; box-shadow: rgba(0, 0, 0, 0.2) 0px -1px 3px; overflow: hidden; transform: translateY(0px); transition: transform 300ms ease 0s; height: 92px;&quot;>&lt;/iframe>
  (Session info: chrome=76.0.3809.25)
  (Driver info: chromedriver=76.0.3809.25 (a0c95f440512e06df1c9c206f2d79cc20be18bb1-refs/branch-heads/3809@{#271}),platform=Mac OS X 10.13.6 x86_64) (WARNING: The server did not provide any stacktrace information)
Command duration or timeout: 58 milliseconds
Build info: version: '2.53.0', revision: '35ae25b', time: '2016-03-15 17:00:58'
System info: host: 'mac-208-52-166-84.browserstack.com', ip: '208.52.166.84', os.name: 'Mac OS X', os.arch: 'x86_64', os.version: '10.13.6', java.version: '1.8.0_51'
Driver info: org.openqa.selenium.chrome.ChromeDriver
Capabilities [{mobileEmulationEnabled=false, timeouts={implicit=0, pageLoad=300000, script=30000}, hasTouchScreen=false, platform=MAC, acceptSslCerts=false, goog:chromeOptions={debuggerAddress=localhost:49306}, acceptInsecureCerts=false, webStorageEnabled=true, browserName=chrome, takesScreenshot=true, javascriptEnabled=true, setWindowRect=true, unexpectedAlertBehaviour=ignore, applicationCacheEnabled=false, rotatable=false, networkConnectionEnabled=false, chrome={chromedriverVersion=76.0.3809.25 (a0c95f440512e06df1c9c206f2d79cc20be18bb1-refs/branch-heads/3809@{#271}), userDataDir=/var/folders/3y/zz_w6_s56sl__vcrf3r5bhzr0000hr/T/.com.google.Chrome.Xx8kPw}, takesHeapSnapshot=true, pageLoadStrategy=normal, strictFileInteractability=false, databaseEnabled=false, handlesAlerts=true, version=76.0.3809.25, browserConnectionEnabled=false, proxy={}, nativeEvents=true, locationContextEnabled=true, cssSelectorsEnabled=true}]
Session ID: dee70a426a9e9a8bf9fea2fdbb40b530
Command duration or timeout: 0 milliseconds)
	at com.kms.katalon.core.keyword.internal.KeywordMain.stepFailed(KeywordMain.groovy:36)
	at com.kms.katalon.core.webui.keyword.internal.WebUIKeywordMain.stepFailed(WebUIKeywordMain.groovy:65)
	at com.kms.katalon.core.webui.keyword.internal.WebUIKeywordMain.runKeyword(WebUIKeywordMain.groovy:27)
	at com.kms.katalon.core.webui.keyword.builtin.ClickKeyword.click(ClickKeyword.groovy:86)
	at com.kms.katalon.core.webui.keyword.builtin.ClickKeyword.execute(ClickKeyword.groovy:67)
	at com.kms.katalon.core.keyword.internal.KeywordExecutor.executeKeywordForPlatform(KeywordExecutor.groovy:53)
	at com.kms.katalon.core.webui.keyword.WebUiBuiltInKeywords.click(WebUiBuiltInKeywords.groovy:616)
	at com.kms.katalon.core.webui.keyword.WebUiBuiltInKeywords$click$4.call(Unknown Source)
	at Sort.run(Sort:82)
	at com.kms.katalon.core.main.ScriptEngine.run(ScriptEngine.java:194)
	at com.kms.katalon.core.main.ScriptEngine.runScriptAsRawText(ScriptEngine.java:119)
	at com.kms.katalon.core.main.TestCaseExecutor.runScript(TestCaseExecutor.java:328)
	at com.kms.katalon.core.main.TestCaseExecutor.doExecute(TestCaseExecutor.java:319)
	at com.kms.katalon.core.main.TestCaseExecutor.processExecutionPhase(TestCaseExecutor.java:298)
	at com.kms.katalon.core.main.TestCaseExecutor.accessMainPhase(TestCaseExecutor.java:290)
	at com.kms.katalon.core.main.TestCaseExecutor.execute(TestCaseExecutor.java:224)
	at com.kms.katalon.core.main.TestSuiteExecutor.accessTestCaseMainPhase(TestSuiteExecutor.java:129)
	at com.kms.katalon.core.main.TestSuiteExecutor.accessTestSuiteMainPhase(TestSuiteExecutor.java:112)
	at com.kms.katalon.core.main.TestSuiteExecutor.execute(TestSuiteExecutor.java:81)
	at com.kms.katalon.core.main.TestCaseMain.startTestSuite(TestCaseMain.java:149)
	at com.kms.katalon.core.main.TestCaseMain$startTestSuite$0.call(Unknown Source)
	at TempTestSuite1560973018737.run(TempTestSuite1560973018737.groovy:36)
"/>
         <system-out><![CDATA[2019-06-19 16:32:52 - [TEST_CASE][FAILED] - Test Cases/OCS - MOBILE/OCS-COLLECTION PAGE/Sort: Test Cases/OCS - MOBILE/OCS-COLLECTION PAGE/Sort FAILED.
Reason:
com.kms.katalon.core.exception.StepFailedException: Unable to click on object 'Object Repository/OCS-MOBILE /Collection page/Alphabetically Z - A' (Root cause: org.openqa.selenium.WebDriverException: element click intercepted: Element <label for="sort-by-created-desc" tabindex="0">...</label> is not clickable at point (249, 565). Other element would receive the click: <iframe title="Preview Bar" id="preview-bar-iframe" src="https://ocs.ca/preview_bar" sandbox="allow-same-origin allow-scripts" style="position: fixed; bottom: 0px; left: 0px; z-index: 2147483647; width: 100%; border: none; box-shadow: rgba(0, 0, 0, 0.2) 0px -1px 3px; overflow: hidden; transform: translateY(0px); transition: transform 300ms ease 0s; height: 92px;"></iframe>
  (Session info: chrome=76.0.3809.25)
  (Driver info: chromedriver=76.0.3809.25 (a0c95f440512e06df1c9c206f2d79cc20be18bb1-refs/branch-heads/3809@{#271}),platform=Mac OS X 10.13.6 x86_64) (WARNING: The server did not provide any stacktrace information)
Command duration or timeout: 58 milliseconds
Build info: version: '2.53.0', revision: '35ae25b', time: '2016-03-15 17:00:58'
System info: host: 'mac-208-52-166-84.browserstack.com', ip: '208.52.166.84', os.name: 'Mac OS X', os.arch: 'x86_64', os.version: '10.13.6', java.version: '1.8.0_51'
Driver info: org.openqa.selenium.chrome.ChromeDriver
Capabilities [{mobileEmulationEnabled=false, timeouts={implicit=0, pageLoad=300000, script=30000}, hasTouchScreen=false, platform=MAC, acceptSslCerts=false, goog:chromeOptions={debuggerAddress=localhost:49306}, acceptInsecureCerts=false, webStorageEnabled=true, browserName=chrome, takesScreenshot=true, javascriptEnabled=true, setWindowRect=true, unexpectedAlertBehaviour=ignore, applicationCacheEnabled=false, rotatable=false, networkConnectionEnabled=false, chrome={chromedriverVersion=76.0.3809.25 (a0c95f440512e06df1c9c206f2d79cc20be18bb1-refs/branch-heads/3809@{#271}), userDataDir=/var/folders/3y/zz_w6_s56sl__vcrf3r5bhzr0000hr/T/.com.google.Chrome.Xx8kPw}, takesHeapSnapshot=true, pageLoadStrategy=normal, strictFileInteractability=false, databaseEnabled=false, handlesAlerts=true, version=76.0.3809.25, browserConnectionEnabled=false, proxy={}, nativeEvents=true, locationContextEnabled=true, cssSelectorsEnabled=true}]
Session ID: dee70a426a9e9a8bf9fea2fdbb40b530
Command duration or timeout: 0 milliseconds)
	at com.kms.katalon.core.keyword.internal.KeywordMain.stepFailed(KeywordMain.groovy:36)
	at com.kms.katalon.core.webui.keyword.internal.WebUIKeywordMain.stepFailed(WebUIKeywordMain.groovy:65)
	at com.kms.katalon.core.webui.keyword.internal.WebUIKeywordMain.runKeyword(WebUIKeywordMain.groovy:27)
	at com.kms.katalon.core.webui.keyword.builtin.ClickKeyword.click(ClickKeyword.groovy:86)
	at com.kms.katalon.core.webui.keyword.builtin.ClickKeyword.execute(ClickKeyword.groovy:67)
	at com.kms.katalon.core.keyword.internal.KeywordExecutor.executeKeywordForPlatform(KeywordExecutor.groovy:53)
	at com.kms.katalon.core.webui.keyword.WebUiBuiltInKeywords.click(WebUiBuiltInKeywords.groovy:616)
	at com.kms.katalon.core.webui.keyword.WebUiBuiltInKeywords$click$4.call(Unknown Source)
	at Sort.run(Sort:82)
	at com.kms.katalon.core.main.ScriptEngine.run(ScriptEngine.java:194)
	at com.kms.katalon.core.main.ScriptEngine.runScriptAsRawText(ScriptEngine.java:119)
	at com.kms.katalon.core.main.TestCaseExecutor.runScript(TestCaseExecutor.java:328)
	at com.kms.katalon.core.main.TestCaseExecutor.doExecute(TestCaseExecutor.java:319)
	at com.kms.katalon.core.main.TestCaseExecutor.processExecutionPhase(TestCaseExecutor.java:298)
	at com.kms.katalon.core.main.TestCaseExecutor.accessMainPhase(TestCaseExecutor.java:290)
	at com.kms.katalon.core.main.TestCaseExecutor.execute(TestCaseExecutor.java:224)
	at com.kms.katalon.core.main.TestSuiteExecutor.accessTestCaseMainPhase(TestSuiteExecutor.java:129)
	at com.kms.katalon.core.main.TestSuiteExecutor.accessTestSuiteMainPhase(TestSuiteExecutor.java:112)
	at com.kms.katalon.core.main.TestSuiteExecutor.execute(TestSuiteExecutor.java:81)
	at com.kms.katalon.core.main.TestCaseMain.startTestSuite(TestCaseMain.java:149)
	at com.kms.katalon.core.main.TestCaseMain$startTestSuite$0.call(Unknown Source)
	at TempTestSuite1560973018737.run(TempTestSuite1560973018737.groovy:36)


2019-06-19 16:32:52 - [TEST_STEP][PASSED] - callTestCase(findTestCase("OCS - MOBILE/CALL - AGE GATE"), [:], STOP_ON_FAILURE): Call Test Case 'Test Cases/OCS - MOBILE/CALL - AGE GATE' successfully

2019-06-19 16:32:52 - [TEST_CASE][PASSED] - Test Cases/OCS - MOBILE/CALL - AGE GATE: Test Cases/OCS - MOBILE/CALL - AGE GATE

2019-06-19 16:32:52 - [TEST_STEP][PASSED] - openBrowser(""): Browser is opened with url: ''

2019-06-19 16:32:52 - [MESSAGE][INFO] - Starting 'Remote' driver

2019-06-19 16:32:52 - [MESSAGE][INFO] - User set preference: ['os', 'OS X']

2019-06-19 16:32:52 - [MESSAGE][INFO] - User set preference: ['os_version', 'High Sierra']

2019-06-19 16:32:52 - [MESSAGE][INFO] - User set preference: ['browser', 'Chrome']

2019-06-19 16:32:52 - [MESSAGE][INFO] - User set preference: ['browser_version', '76.0 beta']

2019-06-19 16:32:52 - [MESSAGE][INFO] - User set preference: ['browserstack.local', 'false']

2019-06-19 16:32:52 - [MESSAGE][INFO] - Connecting to remote web server 'https://dianatest3:Z3oqw9ysqTeRQJq5wFCp@hub-cloud.browserstack.com/wd/hub' with type 'Selenium'

2019-06-19 16:32:57 - [MESSAGE][PASSED] - Browser is opened with url: ''

2019-06-19 16:32:57 - [TEST_STEP][PASSED] - navigateToUrl("https://ocs.ca/?fts=0&preview_theme_id=72920106828"): Navigate to 'https://ocs.ca/?fts=0&preview_theme_id=72920106828' successfully

2019-06-19 16:33:02 - [MESSAGE][PASSED] - Navigate to 'https://ocs.ca/?fts=0&preview_theme_id=72920106828' successfully

2019-06-19 16:33:02 - [TEST_STEP][PASSED] - executeJavaScript("var previewBar = document.getElementById("preview-bar-iframe"); previewBar.style.display = "none";", []): Execute JavaScript 'var previewBar = document.getElementById("preview-bar-iframe"); previewBar.style.display = "none";' successfully

2019-06-19 16:33:02 - [MESSAGE][PASSED] - Execute JavaScript 'var previewBar = document.getElementById("preview-bar-iframe"); previewBar.style.display = "none";' successfully

2019-06-19 16:33:02 - [TEST_STEP][PASSED] - setViewPortSize(360, 800): Viewport is set to new size with width = 360 and height = 800

2019-06-19 16:33:02 - [MESSAGE][PASSED] - Viewport is set to new size with width = 360 and height = 800

2019-06-19 16:33:02 - [TEST_STEP][PASSED] - delay(4): Delayed 4 second(s)

2019-06-19 16:33:06 - [MESSAGE][PASSED] - Delayed 4 second(s)

2019-06-19 16:33:06 - [TEST_STEP][PASSED] - selectOptionByValue(findTestObject("OCS-MOBILE /Age gate and burger menu/Date"), "12", true): All options with value '12' are selected in object 'Object Repository/OCS-MOBILE /Age gate and burger menu/Date'  using regular expression

2019-06-19 16:33:10 - [MESSAGE][PASSED] - All options with value '12' are selected in object 'Object Repository/OCS-MOBILE /Age gate and burger menu/Date'  using regular expression

2019-06-19 16:33:10 - [TEST_STEP][PASSED] - selectOptionByValue(findTestObject("OCS-MOBILE /Age gate and burger menu/month"), "6", true): All options with value '6' are selected in object 'Object Repository/OCS-MOBILE /Age gate and burger menu/month'  using regular expression

2019-06-19 16:33:13 - [MESSAGE][PASSED] - All options with value '6' are selected in object 'Object Repository/OCS-MOBILE /Age gate and burger menu/month'  using regular expression

2019-06-19 16:33:13 - [TEST_STEP][PASSED] - delay(2): Delayed 2 second(s)

2019-06-19 16:33:15 - [MESSAGE][PASSED] - Delayed 2 second(s)

2019-06-19 16:33:15 - [TEST_STEP][PASSED] - selectOptionByValue(findTestObject("OCS-MOBILE /Age gate and burger menu/Year Dropdown"), "1990", true): All options with value '1990' are selected in object 'Object Repository/OCS-MOBILE /Age gate and burger menu/Year Dropdown'  using regular expression

2019-06-19 16:33:30 - [MESSAGE][PASSED] - All options with value '1990' are selected in object 'Object Repository/OCS-MOBILE /Age gate and burger menu/Year Dropdown'  using regular expression

2019-06-19 16:33:30 - [TEST_STEP][PASSED] - click(findTestObject("OCS-MOBILE /Age gate and Mega menu/button_Verify")): Object: 'Object Repository/OCS-MOBILE /Age gate and Mega menu/button_Verify' is clicked on

2019-06-19 16:33:30 - [MESSAGE][PASSED] - Object: 'Object Repository/OCS-MOBILE /Age gate and Mega menu/button_Verify' is clicked on

2019-06-19 16:33:30 - [TEST_STEP][PASSED] - click(findTestObject("OCS-MOBILE /Age gate and Mega menu/Checkbox_CONFIRM AND ACKNOWLEDGE")): Object: 'Object Repository/OCS-MOBILE /Age gate and Mega menu/Checkbox_CONFIRM AND ACKNOWLEDGE' is clicked on

2019-06-19 16:33:30 - [MESSAGE][PASSED] - Object: 'Object Repository/OCS-MOBILE /Age gate and Mega menu/Checkbox_CONFIRM AND ACKNOWLEDGE' is clicked on

2019-06-19 16:33:30 - [TEST_STEP][PASSED] - click(findTestObject("OCS-MOBILE /Age gate and Mega menu/button_CONFIRM")): Object: 'Object Repository/OCS-MOBILE /Age gate and Mega menu/button_CONFIRM' is clicked on

2019-06-19 16:33:31 - [MESSAGE][PASSED] - Object: 'Object Repository/OCS-MOBILE /Age gate and Mega menu/button_CONFIRM' is clicked on

2019-06-19 16:33:31 - [TEST_STEP][PASSED] - click(findTestObject("OCS-MOBILE /Age gate and Mega menu/button_Start Browsing")): Object: 'Object Repository/OCS-MOBILE /Age gate and Mega menu/button_Start Browsing' is clicked on

2019-06-19 16:33:31 - [MESSAGE][PASSED] - Object: 'Object Repository/OCS-MOBILE /Age gate and Mega menu/button_Start Browsing' is clicked on

2019-06-19 16:33:31 - [TEST_STEP][PASSED] - refresh(): Refresh successfully

2019-06-19 16:33:31 - [MESSAGE][PASSED] - Refresh successfully

2019-06-19 16:33:31 - [TEST_STEP][PASSED] - executeJavaScript("var previewBar = document.getElementById("preview-bar-iframe"); previewBar.style.display = "none";", []): Execute JavaScript 'var previewBar = document.getElementById("preview-bar-iframe"); previewBar.style.display = "none";' successfully

2019-06-19 16:33:35 - [MESSAGE][PASSED] - Execute JavaScript 'var previewBar = document.getElementById("preview-bar-iframe"); previewBar.style.display = "none";' successfully

2019-06-19 16:33:35 - [MESSAGE][PASSED] - Call Test Case 'Test Cases/OCS - MOBILE/CALL - AGE GATE' successfully

2019-06-19 16:33:35 - [TEST_STEP][PASSED] - delay(2): Delayed 2 second(s)

2019-06-19 16:33:37 - [MESSAGE][PASSED] - Delayed 2 second(s)

2019-06-19 16:33:37 - [TEST_STEP][PASSED] - click(findTestObject("OCS-MOBILE /Age gate and burger menu/Burger menu - English")): Object: 'Object Repository/OCS-MOBILE /Age gate and burger menu/Burger menu - English' is clicked on

2019-06-19 16:33:37 - [MESSAGE][PASSED] - Object: 'Object Repository/OCS-MOBILE /Age gate and burger menu/Burger menu - English' is clicked on

2019-06-19 16:33:37 - [TEST_STEP][PASSED] - delay(2): Delayed 2 second(s)

2019-06-19 16:33:39 - [MESSAGE][PASSED] - Delayed 2 second(s)

2019-06-19 16:33:39 - [TEST_STEP][PASSED] - click(findTestObject("OCS-MOBILE /Age gate and Mega menu/Chevron_Cannabis")): Object: 'Object Repository/OCS-MOBILE /Age gate and Mega menu/Chevron_Cannabis' is clicked on

2019-06-19 16:33:39 - [MESSAGE][PASSED] - Object: 'Object Repository/OCS-MOBILE /Age gate and Mega menu/Chevron_Cannabis' is clicked on

2019-06-19 16:33:39 - [TEST_STEP][PASSED] - delay(2): Delayed 2 second(s)

2019-06-19 16:33:41 - [MESSAGE][PASSED] - Delayed 2 second(s)

2019-06-19 16:33:41 - [TEST_STEP][PASSED] - click(findTestObject("OCS-MOBILE /Cannabis page/Dried flower")): Object: 'Object Repository/OCS-MOBILE /Cannabis page/Dried flower' is clicked on

2019-06-19 16:33:42 - [MESSAGE][PASSED] - Object: 'Object Repository/OCS-MOBILE /Cannabis page/Dried flower' is clicked on

2019-06-19 16:33:42 - [TEST_STEP][PASSED] - delay(2): Delayed 2 second(s)

2019-06-19 16:33:44 - [MESSAGE][PASSED] - Delayed 2 second(s)

2019-06-19 16:33:44 - [TEST_STEP][PASSED] - click(findTestObject("OCS-MOBILE /Cannabis page/Dried flower - Indica dominant")): Object: 'Object Repository/OCS-MOBILE /Cannabis page/Dried flower - Indica dominant' is clicked on

2019-06-19 16:33:48 - [MESSAGE][PASSED] - Object: 'Object Repository/OCS-MOBILE /Cannabis page/Dried flower - Indica dominant' is clicked on

2019-06-19 16:33:48 - [TEST_STEP][PASSED] - delay(2): Delayed 2 second(s)

2019-06-19 16:33:50 - [MESSAGE][PASSED] - Delayed 2 second(s)

2019-06-19 16:33:50 - [TEST_STEP][PASSED] - click(findTestObject("OCS-MOBILE /Collection page/sort option")): Object: 'Object Repository/OCS-MOBILE /Collection page/sort option' is clicked on

2019-06-19 16:33:50 - [MESSAGE][PASSED] - Object: 'Object Repository/OCS-MOBILE /Collection page/sort option' is clicked on

2019-06-19 16:33:50 - [TEST_STEP][PASSED] - delay(1): Delayed 1 second(s)

2019-06-19 16:33:51 - [MESSAGE][PASSED] - Delayed 1 second(s)

2019-06-19 16:33:51 - [TEST_STEP][PASSED] - click(findTestObject("OCS-MOBILE /Collection page/Price Low to High")): Object: 'Object Repository/OCS-MOBILE /Collection page/Price Low to High' is clicked on

2019-06-19 16:33:51 - [MESSAGE][PASSED] - Object: 'Object Repository/OCS-MOBILE /Collection page/Price Low to High' is clicked on

2019-06-19 16:33:51 - [TEST_STEP][PASSED] - delay(1): Delayed 1 second(s)

2019-06-19 16:33:52 - [MESSAGE][PASSED] - Delayed 1 second(s)

2019-06-19 16:33:52 - [TEST_STEP][PASSED] - refresh(): Refresh successfully

2019-06-19 16:33:52 - [MESSAGE][PASSED] - Refresh successfully

2019-06-19 16:33:52 - [TEST_STEP][PASSED] - delay(1): Delayed 1 second(s)

2019-06-19 16:33:53 - [MESSAGE][PASSED] - Delayed 1 second(s)

2019-06-19 16:33:53 - [TEST_STEP][PASSED] - callTestCase(findTestCase("OCS - MOBILE/OCS-COLLECTION PAGE/calling test case"), [:], STOP_ON_FAILURE): Call Test Case 'Test Cases/OCS - MOBILE/OCS-COLLECTION PAGE/calling test case' successfully

2019-06-19 16:33:54 - [TEST_CASE][PASSED] - Test Cases/OCS - MOBILE/OCS-COLLECTION PAGE/calling test case: Test Cases/OCS - MOBILE/OCS-COLLECTION PAGE/calling test case

2019-06-19 16:33:54 - [TEST_STEP][PASSED] - delay(2): Delayed 2 second(s)

2019-06-19 16:33:56 - [MESSAGE][PASSED] - Delayed 2 second(s)

2019-06-19 16:33:56 - [TEST_STEP][PASSED] - click(findTestObject("OCS-MOBILE /Age gate and burger menu/Burger menu - English")): Object: 'Object Repository/OCS-MOBILE /Age gate and burger menu/Burger menu - English' is clicked on

2019-06-19 16:33:56 - [MESSAGE][PASSED] - Object: 'Object Repository/OCS-MOBILE /Age gate and burger menu/Burger menu - English' is clicked on

2019-06-19 16:33:56 - [TEST_STEP][PASSED] - delay(2): Delayed 2 second(s)

2019-06-19 16:33:58 - [MESSAGE][PASSED] - Delayed 2 second(s)

2019-06-19 16:33:58 - [TEST_STEP][PASSED] - click(findTestObject("OCS-MOBILE /Age gate and Mega menu/Chevron_Cannabis")): Object: 'Object Repository/OCS-MOBILE /Age gate and Mega menu/Chevron_Cannabis' is clicked on

2019-06-19 16:33:58 - [MESSAGE][PASSED] - Object: 'Object Repository/OCS-MOBILE /Age gate and Mega menu/Chevron_Cannabis' is clicked on

2019-06-19 16:33:58 - [TEST_STEP][PASSED] - delay(2): Delayed 2 second(s)

2019-06-19 16:34:00 - [MESSAGE][PASSED] - Delayed 2 second(s)

2019-06-19 16:34:00 - [TEST_STEP][PASSED] - click(findTestObject("OCS-MOBILE /Cannabis page/Dried flower")): Object: 'Object Repository/OCS-MOBILE /Cannabis page/Dried flower' is clicked on

2019-06-19 16:34:01 - [MESSAGE][PASSED] - Object: 'Object Repository/OCS-MOBILE /Cannabis page/Dried flower' is clicked on

2019-06-19 16:34:01 - [TEST_STEP][PASSED] - delay(2): Delayed 2 second(s)

2019-06-19 16:34:03 - [MESSAGE][PASSED] - Delayed 2 second(s)

2019-06-19 16:34:03 - [TEST_STEP][PASSED] - click(findTestObject("OCS-MOBILE /Cannabis page/Dried flower - Indica dominant")): Object: 'Object Repository/OCS-MOBILE /Cannabis page/Dried flower - Indica dominant' is clicked on

2019-06-19 16:34:06 - [MESSAGE][PASSED] - Object: 'Object Repository/OCS-MOBILE /Cannabis page/Dried flower - Indica dominant' is clicked on

2019-06-19 16:34:06 - [TEST_STEP][PASSED] - delay(2): Delayed 2 second(s)

2019-06-19 16:34:08 - [MESSAGE][PASSED] - Delayed 2 second(s)

2019-06-19 16:34:08 - [MESSAGE][PASSED] - Call Test Case 'Test Cases/OCS - MOBILE/OCS-COLLECTION PAGE/calling test case' successfully

2019-06-19 16:34:08 - [TEST_STEP][NOT_RUN] - scrollToElement(findTestObject("OCS-MOBILE /Collection page/scroll element"), 0): NOT_RUN: scrollToElement(findTestObject("OCS-MOBILE /Collection page/scroll element"), 0)

2019-06-19 16:34:08 - [MESSAGE][NOT_RUN] - NOT_RUN: scrollToElement(findTestObject("OCS-MOBILE /Collection page/scroll element"), 0)

2019-06-19 16:34:08 - [TEST_STEP][PASSED] - delay(1): Delayed 1 second(s)

2019-06-19 16:34:09 - [MESSAGE][PASSED] - Delayed 1 second(s)

2019-06-19 16:34:09 - [TEST_STEP][PASSED] - click(findTestObject("OCS-MOBILE /Collection page/sort option")): Object: 'Object Repository/OCS-MOBILE /Collection page/sort option' is clicked on

2019-06-19 16:34:09 - [MESSAGE][PASSED] - Object: 'Object Repository/OCS-MOBILE /Collection page/sort option' is clicked on

2019-06-19 16:34:09 - [TEST_STEP][PASSED] - delay(1): Delayed 1 second(s)

2019-06-19 16:34:10 - [MESSAGE][PASSED] - Delayed 1 second(s)

2019-06-19 16:34:10 - [TEST_STEP][PASSED] - click(findTestObject("OCS-MOBILE /Collection page/Price High to Low")): Object: 'Object Repository/OCS-MOBILE /Collection page/Price High to Low' is clicked on

2019-06-19 16:34:10 - [MESSAGE][PASSED] - Object: 'Object Repository/OCS-MOBILE /Collection page/Price High to Low' is clicked on

2019-06-19 16:34:10 - [TEST_STEP][PASSED] - delay(1): Delayed 1 second(s)

2019-06-19 16:34:11 - [MESSAGE][PASSED] - Delayed 1 second(s)

2019-06-19 16:34:11 - [TEST_STEP][PASSED] - refresh(): Refresh successfully

2019-06-19 16:34:11 - [MESSAGE][PASSED] - Refresh successfully

2019-06-19 16:34:11 - [TEST_STEP][PASSED] - callTestCase(findTestCase("OCS - MOBILE/OCS-COLLECTION PAGE/calling test case"), [:], STOP_ON_FAILURE): Call Test Case 'Test Cases/OCS - MOBILE/OCS-COLLECTION PAGE/calling test case' successfully

2019-06-19 16:34:11 - [TEST_CASE][PASSED] - Test Cases/OCS - MOBILE/OCS-COLLECTION PAGE/calling test case: Test Cases/OCS - MOBILE/OCS-COLLECTION PAGE/calling test case

2019-06-19 16:34:11 - [TEST_STEP][PASSED] - delay(2): Delayed 2 second(s)

2019-06-19 16:34:13 - [MESSAGE][PASSED] - Delayed 2 second(s)

2019-06-19 16:34:13 - [TEST_STEP][PASSED] - click(findTestObject("OCS-MOBILE /Age gate and burger menu/Burger menu - English")): Object: 'Object Repository/OCS-MOBILE /Age gate and burger menu/Burger menu - English' is clicked on

2019-06-19 16:34:14 - [MESSAGE][PASSED] - Object: 'Object Repository/OCS-MOBILE /Age gate and burger menu/Burger menu - English' is clicked on

2019-06-19 16:34:14 - [TEST_STEP][PASSED] - delay(2): Delayed 2 second(s)

2019-06-19 16:34:16 - [MESSAGE][PASSED] - Delayed 2 second(s)

2019-06-19 16:34:16 - [TEST_STEP][PASSED] - click(findTestObject("OCS-MOBILE /Age gate and Mega menu/Chevron_Cannabis")): Object: 'Object Repository/OCS-MOBILE /Age gate and Mega menu/Chevron_Cannabis' is clicked on

2019-06-19 16:34:16 - [MESSAGE][PASSED] - Object: 'Object Repository/OCS-MOBILE /Age gate and Mega menu/Chevron_Cannabis' is clicked on

2019-06-19 16:34:16 - [TEST_STEP][PASSED] - delay(2): Delayed 2 second(s)

2019-06-19 16:34:18 - [MESSAGE][PASSED] - Delayed 2 second(s)

2019-06-19 16:34:18 - [TEST_STEP][PASSED] - click(findTestObject("OCS-MOBILE /Cannabis page/Dried flower")): Object: 'Object Repository/OCS-MOBILE /Cannabis page/Dried flower' is clicked on

2019-06-19 16:34:18 - [MESSAGE][PASSED] - Object: 'Object Repository/OCS-MOBILE /Cannabis page/Dried flower' is clicked on

2019-06-19 16:34:18 - [TEST_STEP][PASSED] - delay(2): Delayed 2 second(s)

2019-06-19 16:34:20 - [MESSAGE][PASSED] - Delayed 2 second(s)

2019-06-19 16:34:20 - [TEST_STEP][PASSED] - click(findTestObject("OCS-MOBILE /Cannabis page/Dried flower - Indica dominant")): Object: 'Object Repository/OCS-MOBILE /Cannabis page/Dried flower - Indica dominant' is clicked on

2019-06-19 16:34:23 - [MESSAGE][PASSED] - Object: 'Object Repository/OCS-MOBILE /Cannabis page/Dried flower - Indica dominant' is clicked on

2019-06-19 16:34:23 - [TEST_STEP][PASSED] - delay(2): Delayed 2 second(s)

2019-06-19 16:34:25 - [MESSAGE][PASSED] - Delayed 2 second(s)

2019-06-19 16:34:25 - [MESSAGE][PASSED] - Call Test Case 'Test Cases/OCS - MOBILE/OCS-COLLECTION PAGE/calling test case' successfully

2019-06-19 16:34:25 - [TEST_STEP][PASSED] - click(findTestObject("OCS-MOBILE /Collection page/sort option")): Object: 'Object Repository/OCS-MOBILE /Collection page/sort option' is clicked on

2019-06-19 16:34:25 - [MESSAGE][PASSED] - Object: 'Object Repository/OCS-MOBILE /Collection page/sort option' is clicked on

2019-06-19 16:34:25 - [TEST_STEP][PASSED] - delay(1): Delayed 1 second(s)

2019-06-19 16:34:26 - [MESSAGE][PASSED] - Delayed 1 second(s)

2019-06-19 16:34:26 - [TEST_STEP][PASSED] - click(findTestObject("OCS-MOBILE /Collection page/Alphabetically A - Z")): Object: 'Object Repository/OCS-MOBILE /Collection page/Alphabetically A - Z' is clicked on

2019-06-19 16:34:27 - [MESSAGE][PASSED] - Object: 'Object Repository/OCS-MOBILE /Collection page/Alphabetically A - Z' is clicked on

2019-06-19 16:34:27 - [TEST_STEP][PASSED] - delay(1): Delayed 1 second(s)

2019-06-19 16:34:28 - [MESSAGE][PASSED] - Delayed 1 second(s)

2019-06-19 16:34:28 - [TEST_STEP][PASSED] - refresh(): Refresh successfully

2019-06-19 16:34:28 - [MESSAGE][PASSED] - Refresh successfully

2019-06-19 16:34:28 - [TEST_STEP][PASSED] - callTestCase(findTestCase("OCS - MOBILE/OCS-COLLECTION PAGE/calling test case"), [:], STOP_ON_FAILURE): Call Test Case 'Test Cases/OCS - MOBILE/OCS-COLLECTION PAGE/calling test case' successfully

2019-06-19 16:34:28 - [TEST_CASE][PASSED] - Test Cases/OCS - MOBILE/OCS-COLLECTION PAGE/calling test case: Test Cases/OCS - MOBILE/OCS-COLLECTION PAGE/calling test case

2019-06-19 16:34:28 - [TEST_STEP][PASSED] - delay(2): Delayed 2 second(s)

2019-06-19 16:34:30 - [MESSAGE][PASSED] - Delayed 2 second(s)

2019-06-19 16:34:30 - [TEST_STEP][PASSED] - click(findTestObject("OCS-MOBILE /Age gate and burger menu/Burger menu - English")): Object: 'Object Repository/OCS-MOBILE /Age gate and burger menu/Burger menu - English' is clicked on

2019-06-19 16:34:31 - [MESSAGE][PASSED] - Object: 'Object Repository/OCS-MOBILE /Age gate and burger menu/Burger menu - English' is clicked on

2019-06-19 16:34:31 - [TEST_STEP][PASSED] - delay(2): Delayed 2 second(s)

2019-06-19 16:34:33 - [MESSAGE][PASSED] - Delayed 2 second(s)

2019-06-19 16:34:33 - [TEST_STEP][PASSED] - click(findTestObject("OCS-MOBILE /Age gate and Mega menu/Chevron_Cannabis")): Object: 'Object Repository/OCS-MOBILE /Age gate and Mega menu/Chevron_Cannabis' is clicked on

2019-06-19 16:34:34 - [MESSAGE][PASSED] - Object: 'Object Repository/OCS-MOBILE /Age gate and Mega menu/Chevron_Cannabis' is clicked on

2019-06-19 16:34:34 - [TEST_STEP][PASSED] - delay(2): Delayed 2 second(s)

2019-06-19 16:34:36 - [MESSAGE][PASSED] - Delayed 2 second(s)

2019-06-19 16:34:36 - [TEST_STEP][PASSED] - click(findTestObject("OCS-MOBILE /Cannabis page/Dried flower")): Object: 'Object Repository/OCS-MOBILE /Cannabis page/Dried flower' is clicked on

2019-06-19 16:34:36 - [MESSAGE][PASSED] - Object: 'Object Repository/OCS-MOBILE /Cannabis page/Dried flower' is clicked on

2019-06-19 16:34:36 - [TEST_STEP][PASSED] - delay(2): Delayed 2 second(s)

2019-06-19 16:34:38 - [MESSAGE][PASSED] - Delayed 2 second(s)

2019-06-19 16:34:38 - [TEST_STEP][PASSED] - click(findTestObject("OCS-MOBILE /Cannabis page/Dried flower - Indica dominant")): Object: 'Object Repository/OCS-MOBILE /Cannabis page/Dried flower - Indica dominant' is clicked on

2019-06-19 16:34:41 - [MESSAGE][PASSED] - Object: 'Object Repository/OCS-MOBILE /Cannabis page/Dried flower - Indica dominant' is clicked on

2019-06-19 16:34:41 - [TEST_STEP][PASSED] - delay(2): Delayed 2 second(s)

2019-06-19 16:34:43 - [MESSAGE][PASSED] - Delayed 2 second(s)

2019-06-19 16:34:43 - [MESSAGE][PASSED] - Call Test Case 'Test Cases/OCS - MOBILE/OCS-COLLECTION PAGE/calling test case' successfully

2019-06-19 16:34:43 - [TEST_STEP][PASSED] - click(findTestObject("OCS-MOBILE /Collection page/sort option")): Object: 'Object Repository/OCS-MOBILE /Collection page/sort option' is clicked on

2019-06-19 16:34:43 - [MESSAGE][PASSED] - Object: 'Object Repository/OCS-MOBILE /Collection page/sort option' is clicked on

2019-06-19 16:34:43 - [TEST_STEP][PASSED] - delay(1): Delayed 1 second(s)

2019-06-19 16:34:44 - [MESSAGE][PASSED] - Delayed 1 second(s)

2019-06-19 16:34:44 - [TEST_STEP][FAILED] - click(findTestObject("OCS-MOBILE /Collection page/Alphabetically Z - A")): click(findTestObject("OCS-MOBILE /Collection page/Alphabetically Z - A")) FAILED.
Reason:
com.kms.katalon.core.exception.StepFailedException: Unable to click on object 'Object Repository/OCS-MOBILE /Collection page/Alphabetically Z - A' (Root cause: org.openqa.selenium.WebDriverException: element click intercepted: Element <label for="sort-by-created-desc" tabindex="0">...</label> is not clickable at point (249, 565). Other element would receive the click: <iframe title="Preview Bar" id="preview-bar-iframe" src="https://ocs.ca/preview_bar" sandbox="allow-same-origin allow-scripts" style="position: fixed; bottom: 0px; left: 0px; z-index: 2147483647; width: 100%; border: none; box-shadow: rgba(0, 0, 0, 0.2) 0px -1px 3px; overflow: hidden; transform: translateY(0px); transition: transform 300ms ease 0s; height: 92px;"></iframe>
  (Session info: chrome=76.0.3809.25)
  (Driver info: chromedriver=76.0.3809.25 (a0c95f440512e06df1c9c206f2d79cc20be18bb1-refs/branch-heads/3809@{#271}),platform=Mac OS X 10.13.6 x86_64) (WARNING: The server did not provide any stacktrace information)
Command duration or timeout: 58 milliseconds
Build info: version: '2.53.0', revision: '35ae25b', time: '2016-03-15 17:00:58'
System info: host: 'mac-208-52-166-84.browserstack.com', ip: '208.52.166.84', os.name: 'Mac OS X', os.arch: 'x86_64', os.version: '10.13.6', java.version: '1.8.0_51'
Driver info: org.openqa.selenium.chrome.ChromeDriver
Capabilities [{mobileEmulationEnabled=false, timeouts={implicit=0, pageLoad=300000, script=30000}, hasTouchScreen=false, platform=MAC, acceptSslCerts=false, goog:chromeOptions={debuggerAddress=localhost:49306}, acceptInsecureCerts=false, webStorageEnabled=true, browserName=chrome, takesScreenshot=true, javascriptEnabled=true, setWindowRect=true, unexpectedAlertBehaviour=ignore, applicationCacheEnabled=false, rotatable=false, networkConnectionEnabled=false, chrome={chromedriverVersion=76.0.3809.25 (a0c95f440512e06df1c9c206f2d79cc20be18bb1-refs/branch-heads/3809@{#271}), userDataDir=/var/folders/3y/zz_w6_s56sl__vcrf3r5bhzr0000hr/T/.com.google.Chrome.Xx8kPw}, takesHeapSnapshot=true, pageLoadStrategy=normal, strictFileInteractability=false, databaseEnabled=false, handlesAlerts=true, version=76.0.3809.25, browserConnectionEnabled=false, proxy={}, nativeEvents=true, locationContextEnabled=true, cssSelectorsEnabled=true}]
Session ID: dee70a426a9e9a8bf9fea2fdbb40b530
Command duration or timeout: 0 milliseconds)
	at com.kms.katalon.core.keyword.internal.KeywordMain.stepFailed(KeywordMain.groovy:36)
	at com.kms.katalon.core.webui.keyword.internal.WebUIKeywordMain.stepFailed(WebUIKeywordMain.groovy:65)
	at com.kms.katalon.core.webui.keyword.internal.WebUIKeywordMain.runKeyword(WebUIKeywordMain.groovy:27)
	at com.kms.katalon.core.webui.keyword.builtin.ClickKeyword.click(ClickKeyword.groovy:86)
	at com.kms.katalon.core.webui.keyword.builtin.ClickKeyword.execute(ClickKeyword.groovy:67)
	at com.kms.katalon.core.keyword.internal.KeywordExecutor.executeKeywordForPlatform(KeywordExecutor.groovy:53)
	at com.kms.katalon.core.webui.keyword.WebUiBuiltInKeywords.click(WebUiBuiltInKeywords.groovy:616)
	at com.kms.katalon.core.webui.keyword.WebUiBuiltInKeywords$click$4.call(Unknown Source)
	at Sort.run(Sort:82)
	at com.kms.katalon.core.main.ScriptEngine.run(ScriptEngine.java:194)
	at com.kms.katalon.core.main.ScriptEngine.runScriptAsRawText(ScriptEngine.java:119)
	at com.kms.katalon.core.main.TestCaseExecutor.runScript(TestCaseExecutor.java:328)
	at com.kms.katalon.core.main.TestCaseExecutor.doExecute(TestCaseExecutor.java:319)
	at com.kms.katalon.core.main.TestCaseExecutor.processExecutionPhase(TestCaseExecutor.java:298)
	at com.kms.katalon.core.main.TestCaseExecutor.accessMainPhase(TestCaseExecutor.java:290)
	at com.kms.katalon.core.main.TestCaseExecutor.execute(TestCaseExecutor.java:224)
	at com.kms.katalon.core.main.TestSuiteExecutor.accessTestCaseMainPhase(TestSuiteExecutor.java:129)
	at com.kms.katalon.core.main.TestSuiteExecutor.accessTestSuiteMainPhase(TestSuiteExecutor.java:112)
	at com.kms.katalon.core.main.TestSuiteExecutor.execute(TestSuiteExecutor.java:81)
	at com.kms.katalon.core.main.TestCaseMain.startTestSuite(TestCaseMain.java:149)
	at com.kms.katalon.core.main.TestCaseMain$startTestSuite$0.call(Unknown Source)
	at TempTestSuite1560973018737.run(TempTestSuite1560973018737.groovy:36)


2019-06-19 16:34:45 - [MESSAGE][FAILED] - Unable to click on object 'Object Repository/OCS-MOBILE /Collection page/Alphabetically Z - A' (Root cause: org.openqa.selenium.WebDriverException: element click intercepted: Element <label for="sort-by-created-desc" tabindex="0">...</label> is not clickable at point (249, 565). Other element would receive the click: <iframe title="Preview Bar" id="preview-bar-iframe" src="https://ocs.ca/preview_bar" sandbox="allow-same-origin allow-scripts" style="position: fixed; bottom: 0px; left: 0px; z-index: 2147483647; width: 100%; border: none; box-shadow: rgba(0, 0, 0, 0.2) 0px -1px 3px; overflow: hidden; transform: translateY(0px); transition: transform 300ms ease 0s; height: 92px;"></iframe>
  (Session info: chrome=76.0.3809.25)
  (Driver info: chromedriver=76.0.3809.25 (a0c95f440512e06df1c9c206f2d79cc20be18bb1-refs/branch-heads/3809@{#271}),platform=Mac OS X 10.13.6 x86_64) (WARNING: The server did not provide any stacktrace information)
Command duration or timeout: 58 milliseconds
Build info: version: '2.53.0', revision: '35ae25b', time: '2016-03-15 17:00:58'
System info: host: 'mac-208-52-166-84.browserstack.com', ip: '208.52.166.84', os.name: 'Mac OS X', os.arch: 'x86_64', os.version: '10.13.6', java.version: '1.8.0_51'
Driver info: org.openqa.selenium.chrome.ChromeDriver
Capabilities [{mobileEmulationEnabled=false, timeouts={implicit=0, pageLoad=300000, script=30000}, hasTouchScreen=false, platform=MAC, acceptSslCerts=false, goog:chromeOptions={debuggerAddress=localhost:49306}, acceptInsecureCerts=false, webStorageEnabled=true, browserName=chrome, takesScreenshot=true, javascriptEnabled=true, setWindowRect=true, unexpectedAlertBehaviour=ignore, applicationCacheEnabled=false, rotatable=false, networkConnectionEnabled=false, chrome={chromedriverVersion=76.0.3809.25 (a0c95f440512e06df1c9c206f2d79cc20be18bb1-refs/branch-heads/3809@{#271}), userDataDir=/var/folders/3y/zz_w6_s56sl__vcrf3r5bhzr0000hr/T/.com.google.Chrome.Xx8kPw}, takesHeapSnapshot=true, pageLoadStrategy=normal, strictFileInteractability=false, databaseEnabled=false, handlesAlerts=true, version=76.0.3809.25, browserConnectionEnabled=false, proxy={}, nativeEvents=true, locationContextEnabled=true, cssSelectorsEnabled=true}]
Session ID: dee70a426a9e9a8bf9fea2fdbb40b530
Command duration or timeout: 0 milliseconds)
[[ATTACHMENT|/Users/sumankompelly/Relative xpath-Mobile/Reports/recordings - ( 1.10.2 )/20190619_153658/1560976484815.png]]

2019-06-19 16:34:45 - [MESSAGE][FAILED] - click(findTestObject("OCS-MOBILE /Collection page/Alphabetically Z - A")) FAILED.
Reason:
com.kms.katalon.core.exception.StepFailedException: Unable to click on object 'Object Repository/OCS-MOBILE /Collection page/Alphabetically Z - A' (Root cause: org.openqa.selenium.WebDriverException: element click intercepted: Element <label for="sort-by-created-desc" tabindex="0">...</label> is not clickable at point (249, 565). Other element would receive the click: <iframe title="Preview Bar" id="preview-bar-iframe" src="https://ocs.ca/preview_bar" sandbox="allow-same-origin allow-scripts" style="position: fixed; bottom: 0px; left: 0px; z-index: 2147483647; width: 100%; border: none; box-shadow: rgba(0, 0, 0, 0.2) 0px -1px 3px; overflow: hidden; transform: translateY(0px); transition: transform 300ms ease 0s; height: 92px;"></iframe>
  (Session info: chrome=76.0.3809.25)
  (Driver info: chromedriver=76.0.3809.25 (a0c95f440512e06df1c9c206f2d79cc20be18bb1-refs/branch-heads/3809@{#271}),platform=Mac OS X 10.13.6 x86_64) (WARNING: The server did not provide any stacktrace information)
Command duration or timeout: 58 milliseconds
Build info: version: '2.53.0', revision: '35ae25b', time: '2016-03-15 17:00:58'
System info: host: 'mac-208-52-166-84.browserstack.com', ip: '208.52.166.84', os.name: 'Mac OS X', os.arch: 'x86_64', os.version: '10.13.6', java.version: '1.8.0_51'
Driver info: org.openqa.selenium.chrome.ChromeDriver
Capabilities [{mobileEmulationEnabled=false, timeouts={implicit=0, pageLoad=300000, script=30000}, hasTouchScreen=false, platform=MAC, acceptSslCerts=false, goog:chromeOptions={debuggerAddress=localhost:49306}, acceptInsecureCerts=false, webStorageEnabled=true, browserName=chrome, takesScreenshot=true, javascriptEnabled=true, setWindowRect=true, unexpectedAlertBehaviour=ignore, applicationCacheEnabled=false, rotatable=false, networkConnectionEnabled=false, chrome={chromedriverVersion=76.0.3809.25 (a0c95f440512e06df1c9c206f2d79cc20be18bb1-refs/branch-heads/3809@{#271}), userDataDir=/var/folders/3y/zz_w6_s56sl__vcrf3r5bhzr0000hr/T/.com.google.Chrome.Xx8kPw}, takesHeapSnapshot=true, pageLoadStrategy=normal, strictFileInteractability=false, databaseEnabled=false, handlesAlerts=true, version=76.0.3809.25, browserConnectionEnabled=false, proxy={}, nativeEvents=true, locationContextEnabled=true, cssSelectorsEnabled=true}]
Session ID: dee70a426a9e9a8bf9fea2fdbb40b530
Command duration or timeout: 0 milliseconds)
	at com.kms.katalon.core.keyword.internal.KeywordMain.stepFailed(KeywordMain.groovy:36)
	at com.kms.katalon.core.webui.keyword.internal.WebUIKeywordMain.stepFailed(WebUIKeywordMain.groovy:65)
	at com.kms.katalon.core.webui.keyword.internal.WebUIKeywordMain.runKeyword(WebUIKeywordMain.groovy:27)
	at com.kms.katalon.core.webui.keyword.builtin.ClickKeyword.click(ClickKeyword.groovy:86)
	at com.kms.katalon.core.webui.keyword.builtin.ClickKeyword.execute(ClickKeyword.groovy:67)
	at com.kms.katalon.core.keyword.internal.KeywordExecutor.executeKeywordForPlatform(KeywordExecutor.groovy:53)
	at com.kms.katalon.core.webui.keyword.WebUiBuiltInKeywords.click(WebUiBuiltInKeywords.groovy:616)
	at com.kms.katalon.core.webui.keyword.WebUiBuiltInKeywords$click$4.call(Unknown Source)
	at Sort.run(Sort:82)
	at com.kms.katalon.core.main.ScriptEngine.run(ScriptEngine.java:194)
	at com.kms.katalon.core.main.ScriptEngine.runScriptAsRawText(ScriptEngine.java:119)
	at com.kms.katalon.core.main.TestCaseExecutor.runScript(TestCaseExecutor.java:328)
	at com.kms.katalon.core.main.TestCaseExecutor.doExecute(TestCaseExecutor.java:319)
	at com.kms.katalon.core.main.TestCaseExecutor.processExecutionPhase(TestCaseExecutor.java:298)
	at com.kms.katalon.core.main.TestCaseExecutor.accessMainPhase(TestCaseExecutor.java:290)
	at com.kms.katalon.core.main.TestCaseExecutor.execute(TestCaseExecutor.java:224)
	at com.kms.katalon.core.main.TestSuiteExecutor.accessTestCaseMainPhase(TestSuiteExecutor.java:129)
	at com.kms.katalon.core.main.TestSuiteExecutor.accessTestSuiteMainPhase(TestSuiteExecutor.java:112)
	at com.kms.katalon.core.main.TestSuiteExecutor.execute(TestSuiteExecutor.java:81)
	at com.kms.katalon.core.main.TestCaseMain.startTestSuite(TestCaseMain.java:149)
	at com.kms.katalon.core.main.TestCaseMain$startTestSuite$0.call(Unknown Source)
	at TempTestSuite1560973018737.run(TempTestSuite1560973018737.groovy:36)]]></system-out>
         <system-err><![CDATA[2019-06-19 16:32:52 - [TEST_CASE][FAILED] - Test Cases/OCS - MOBILE/OCS-COLLECTION PAGE/Sort: Test Cases/OCS - MOBILE/OCS-COLLECTION PAGE/Sort FAILED.
Reason:
com.kms.katalon.core.exception.StepFailedException: Unable to click on object 'Object Repository/OCS-MOBILE /Collection page/Alphabetically Z - A' (Root cause: org.openqa.selenium.WebDriverException: element click intercepted: Element <label for="sort-by-created-desc" tabindex="0">...</label> is not clickable at point (249, 565). Other element would receive the click: <iframe title="Preview Bar" id="preview-bar-iframe" src="https://ocs.ca/preview_bar" sandbox="allow-same-origin allow-scripts" style="position: fixed; bottom: 0px; left: 0px; z-index: 2147483647; width: 100%; border: none; box-shadow: rgba(0, 0, 0, 0.2) 0px -1px 3px; overflow: hidden; transform: translateY(0px); transition: transform 300ms ease 0s; height: 92px;"></iframe>
  (Session info: chrome=76.0.3809.25)
  (Driver info: chromedriver=76.0.3809.25 (a0c95f440512e06df1c9c206f2d79cc20be18bb1-refs/branch-heads/3809@{#271}),platform=Mac OS X 10.13.6 x86_64) (WARNING: The server did not provide any stacktrace information)
Command duration or timeout: 58 milliseconds
Build info: version: '2.53.0', revision: '35ae25b', time: '2016-03-15 17:00:58'
System info: host: 'mac-208-52-166-84.browserstack.com', ip: '208.52.166.84', os.name: 'Mac OS X', os.arch: 'x86_64', os.version: '10.13.6', java.version: '1.8.0_51'
Driver info: org.openqa.selenium.chrome.ChromeDriver
Capabilities [{mobileEmulationEnabled=false, timeouts={implicit=0, pageLoad=300000, script=30000}, hasTouchScreen=false, platform=MAC, acceptSslCerts=false, goog:chromeOptions={debuggerAddress=localhost:49306}, acceptInsecureCerts=false, webStorageEnabled=true, browserName=chrome, takesScreenshot=true, javascriptEnabled=true, setWindowRect=true, unexpectedAlertBehaviour=ignore, applicationCacheEnabled=false, rotatable=false, networkConnectionEnabled=false, chrome={chromedriverVersion=76.0.3809.25 (a0c95f440512e06df1c9c206f2d79cc20be18bb1-refs/branch-heads/3809@{#271}), userDataDir=/var/folders/3y/zz_w6_s56sl__vcrf3r5bhzr0000hr/T/.com.google.Chrome.Xx8kPw}, takesHeapSnapshot=true, pageLoadStrategy=normal, strictFileInteractability=false, databaseEnabled=false, handlesAlerts=true, version=76.0.3809.25, browserConnectionEnabled=false, proxy={}, nativeEvents=true, locationContextEnabled=true, cssSelectorsEnabled=true}]
Session ID: dee70a426a9e9a8bf9fea2fdbb40b530
Command duration or timeout: 0 milliseconds)
	at com.kms.katalon.core.keyword.internal.KeywordMain.stepFailed(KeywordMain.groovy:36)
	at com.kms.katalon.core.webui.keyword.internal.WebUIKeywordMain.stepFailed(WebUIKeywordMain.groovy:65)
	at com.kms.katalon.core.webui.keyword.internal.WebUIKeywordMain.runKeyword(WebUIKeywordMain.groovy:27)
	at com.kms.katalon.core.webui.keyword.builtin.ClickKeyword.click(ClickKeyword.groovy:86)
	at com.kms.katalon.core.webui.keyword.builtin.ClickKeyword.execute(ClickKeyword.groovy:67)
	at com.kms.katalon.core.keyword.internal.KeywordExecutor.executeKeywordForPlatform(KeywordExecutor.groovy:53)
	at com.kms.katalon.core.webui.keyword.WebUiBuiltInKeywords.click(WebUiBuiltInKeywords.groovy:616)
	at com.kms.katalon.core.webui.keyword.WebUiBuiltInKeywords$click$4.call(Unknown Source)
	at Sort.run(Sort:82)
	at com.kms.katalon.core.main.ScriptEngine.run(ScriptEngine.java:194)
	at com.kms.katalon.core.main.ScriptEngine.runScriptAsRawText(ScriptEngine.java:119)
	at com.kms.katalon.core.main.TestCaseExecutor.runScript(TestCaseExecutor.java:328)
	at com.kms.katalon.core.main.TestCaseExecutor.doExecute(TestCaseExecutor.java:319)
	at com.kms.katalon.core.main.TestCaseExecutor.processExecutionPhase(TestCaseExecutor.java:298)
	at com.kms.katalon.core.main.TestCaseExecutor.accessMainPhase(TestCaseExecutor.java:290)
	at com.kms.katalon.core.main.TestCaseExecutor.execute(TestCaseExecutor.java:224)
	at com.kms.katalon.core.main.TestSuiteExecutor.accessTestCaseMainPhase(TestSuiteExecutor.java:129)
	at com.kms.katalon.core.main.TestSuiteExecutor.accessTestSuiteMainPhase(TestSuiteExecutor.java:112)
	at com.kms.katalon.core.main.TestSuiteExecutor.execute(TestSuiteExecutor.java:81)
	at com.kms.katalon.core.main.TestCaseMain.startTestSuite(TestCaseMain.java:149)
	at com.kms.katalon.core.main.TestCaseMain$startTestSuite$0.call(Unknown Source)
	at TempTestSuite1560973018737.run(TempTestSuite1560973018737.groovy:36)]]></system-err>
      </testcase>
      <testcase name="Test Cases/OCS - MOBILE/OCS-COLLECTION PAGE/Chevron dropdown" classname="Test Cases/OCS - MOBILE/OCS-COLLECTION PAGE/Chevron dropdown" status="PASSED">
         <system-out><![CDATA[2019-06-19 16:34:45 - [TEST_CASE][PASSED] - Test Cases/OCS - MOBILE/OCS-COLLECTION PAGE/Chevron dropdown: Test Cases/OCS - MOBILE/OCS-COLLECTION PAGE/Chevron dropdown

2019-06-19 16:34:45 - [TEST_STEP][PASSED] - callTestCase(findTestCase("OCS - MOBILE/CALL - AGE GATE"), [:], STOP_ON_FAILURE): Call Test Case 'Test Cases/OCS - MOBILE/CALL - AGE GATE' successfully

2019-06-19 16:34:45 - [TEST_CASE][PASSED] - Test Cases/OCS - MOBILE/CALL - AGE GATE: Test Cases/OCS - MOBILE/CALL - AGE GATE

2019-06-19 16:34:45 - [TEST_STEP][PASSED] - openBrowser(""): Browser is opened with url: ''

2019-06-19 16:34:45 - [MESSAGE][WARNING] - A browser is already opened. Closing browser and opening a new one

2019-06-19 16:34:46 - [MESSAGE][INFO] - Starting 'Remote' driver

2019-06-19 16:34:46 - [MESSAGE][INFO] - User set preference: ['os', 'OS X']

2019-06-19 16:34:46 - [MESSAGE][INFO] - User set preference: ['os_version', 'High Sierra']

2019-06-19 16:34:46 - [MESSAGE][INFO] - User set preference: ['browser', 'Chrome']

2019-06-19 16:34:46 - [MESSAGE][INFO] - User set preference: ['browser_version', '76.0 beta']

2019-06-19 16:34:46 - [MESSAGE][INFO] - User set preference: ['browserstack.local', 'false']

2019-06-19 16:34:46 - [MESSAGE][INFO] - Connecting to remote web server 'https://dianatest3:Z3oqw9ysqTeRQJq5wFCp@hub-cloud.browserstack.com/wd/hub' with type 'Selenium'

2019-06-19 16:34:50 - [MESSAGE][PASSED] - Browser is opened with url: ''

2019-06-19 16:34:50 - [TEST_STEP][PASSED] - navigateToUrl("https://ocs.ca/?fts=0&preview_theme_id=72920106828"): Navigate to 'https://ocs.ca/?fts=0&preview_theme_id=72920106828' successfully

2019-06-19 16:34:56 - [MESSAGE][PASSED] - Navigate to 'https://ocs.ca/?fts=0&preview_theme_id=72920106828' successfully

2019-06-19 16:34:56 - [TEST_STEP][PASSED] - executeJavaScript("var previewBar = document.getElementById("preview-bar-iframe"); previewBar.style.display = "none";", []): Execute JavaScript 'var previewBar = document.getElementById("preview-bar-iframe"); previewBar.style.display = "none";' successfully

2019-06-19 16:34:56 - [MESSAGE][PASSED] - Execute JavaScript 'var previewBar = document.getElementById("preview-bar-iframe"); previewBar.style.display = "none";' successfully

2019-06-19 16:34:56 - [TEST_STEP][PASSED] - setViewPortSize(360, 800): Viewport is set to new size with width = 360 and height = 800

2019-06-19 16:34:56 - [MESSAGE][PASSED] - Viewport is set to new size with width = 360 and height = 800

2019-06-19 16:34:56 - [TEST_STEP][PASSED] - delay(4): Delayed 4 second(s)

2019-06-19 16:35:00 - [MESSAGE][PASSED] - Delayed 4 second(s)

2019-06-19 16:35:00 - [TEST_STEP][PASSED] - selectOptionByValue(findTestObject("OCS-MOBILE /Age gate and burger menu/Date"), "12", true): All options with value '12' are selected in object 'Object Repository/OCS-MOBILE /Age gate and burger menu/Date'  using regular expression

2019-06-19 16:35:05 - [MESSAGE][PASSED] - All options with value '12' are selected in object 'Object Repository/OCS-MOBILE /Age gate and burger menu/Date'  using regular expression

2019-06-19 16:35:05 - [TEST_STEP][PASSED] - selectOptionByValue(findTestObject("OCS-MOBILE /Age gate and burger menu/month"), "6", true): All options with value '6' are selected in object 'Object Repository/OCS-MOBILE /Age gate and burger menu/month'  using regular expression

2019-06-19 16:35:08 - [MESSAGE][PASSED] - All options with value '6' are selected in object 'Object Repository/OCS-MOBILE /Age gate and burger menu/month'  using regular expression

2019-06-19 16:35:08 - [TEST_STEP][PASSED] - delay(2): Delayed 2 second(s)

2019-06-19 16:35:10 - [MESSAGE][PASSED] - Delayed 2 second(s)

2019-06-19 16:35:10 - [TEST_STEP][PASSED] - selectOptionByValue(findTestObject("OCS-MOBILE /Age gate and burger menu/Year Dropdown"), "1990", true): All options with value '1990' are selected in object 'Object Repository/OCS-MOBILE /Age gate and burger menu/Year Dropdown'  using regular expression

2019-06-19 16:35:22 - [MESSAGE][PASSED] - All options with value '1990' are selected in object 'Object Repository/OCS-MOBILE /Age gate and burger menu/Year Dropdown'  using regular expression

2019-06-19 16:35:22 - [TEST_STEP][PASSED] - click(findTestObject("OCS-MOBILE /Age gate and Mega menu/button_Verify")): Object: 'Object Repository/OCS-MOBILE /Age gate and Mega menu/button_Verify' is clicked on

2019-06-19 16:35:23 - [MESSAGE][PASSED] - Object: 'Object Repository/OCS-MOBILE /Age gate and Mega menu/button_Verify' is clicked on

2019-06-19 16:35:23 - [TEST_STEP][PASSED] - click(findTestObject("OCS-MOBILE /Age gate and Mega menu/Checkbox_CONFIRM AND ACKNOWLEDGE")): Object: 'Object Repository/OCS-MOBILE /Age gate and Mega menu/Checkbox_CONFIRM AND ACKNOWLEDGE' is clicked on

2019-06-19 16:35:23 - [MESSAGE][PASSED] - Object: 'Object Repository/OCS-MOBILE /Age gate and Mega menu/Checkbox_CONFIRM AND ACKNOWLEDGE' is clicked on

2019-06-19 16:35:23 - [TEST_STEP][PASSED] - click(findTestObject("OCS-MOBILE /Age gate and Mega menu/button_CONFIRM")): Object: 'Object Repository/OCS-MOBILE /Age gate and Mega menu/button_CONFIRM' is clicked on

2019-06-19 16:35:23 - [MESSAGE][PASSED] - Object: 'Object Repository/OCS-MOBILE /Age gate and Mega menu/button_CONFIRM' is clicked on

2019-06-19 16:35:23 - [TEST_STEP][PASSED] - click(findTestObject("OCS-MOBILE /Age gate and Mega menu/button_Start Browsing")): Object: 'Object Repository/OCS-MOBILE /Age gate and Mega menu/button_Start Browsing' is clicked on

2019-06-19 16:35:23 - [MESSAGE][PASSED] - Object: 'Object Repository/OCS-MOBILE /Age gate and Mega menu/button_Start Browsing' is clicked on

2019-06-19 16:35:23 - [TEST_STEP][PASSED] - refresh(): Refresh successfully

2019-06-19 16:35:24 - [MESSAGE][PASSED] - Refresh successfully

2019-06-19 16:35:24 - [TEST_STEP][PASSED] - executeJavaScript("var previewBar = document.getElementById("preview-bar-iframe"); previewBar.style.display = "none";", []): Execute JavaScript 'var previewBar = document.getElementById("preview-bar-iframe"); previewBar.style.display = "none";' successfully

2019-06-19 16:35:27 - [MESSAGE][PASSED] - Execute JavaScript 'var previewBar = document.getElementById("preview-bar-iframe"); previewBar.style.display = "none";' successfully

2019-06-19 16:35:27 - [MESSAGE][PASSED] - Call Test Case 'Test Cases/OCS - MOBILE/CALL - AGE GATE' successfully

2019-06-19 16:35:27 - [TEST_STEP][PASSED] - delay(2): Delayed 2 second(s)

2019-06-19 16:35:29 - [MESSAGE][PASSED] - Delayed 2 second(s)

2019-06-19 16:35:29 - [TEST_STEP][PASSED] - click(findTestObject("OCS-MOBILE /Age gate and burger menu/Burger menu - English")): Object: 'Object Repository/OCS-MOBILE /Age gate and burger menu/Burger menu - English' is clicked on

2019-06-19 16:35:29 - [MESSAGE][PASSED] - Object: 'Object Repository/OCS-MOBILE /Age gate and burger menu/Burger menu - English' is clicked on

2019-06-19 16:35:29 - [TEST_STEP][PASSED] - delay(2): Delayed 2 second(s)

2019-06-19 16:35:31 - [MESSAGE][PASSED] - Delayed 2 second(s)

2019-06-19 16:35:31 - [TEST_STEP][PASSED] - click(findTestObject("OCS-MOBILE /Age gate and Mega menu/Chevron_Cannabis")): Object: 'Object Repository/OCS-MOBILE /Age gate and Mega menu/Chevron_Cannabis' is clicked on

2019-06-19 16:35:32 - [MESSAGE][PASSED] - Object: 'Object Repository/OCS-MOBILE /Age gate and Mega menu/Chevron_Cannabis' is clicked on

2019-06-19 16:35:32 - [TEST_STEP][PASSED] - delay(2): Delayed 2 second(s)

2019-06-19 16:35:34 - [MESSAGE][PASSED] - Delayed 2 second(s)

2019-06-19 16:35:34 - [TEST_STEP][PASSED] - click(findTestObject("OCS-MOBILE /Cannabis page/Dried flower")): Object: 'Object Repository/OCS-MOBILE /Cannabis page/Dried flower' is clicked on

2019-06-19 16:35:34 - [MESSAGE][PASSED] - Object: 'Object Repository/OCS-MOBILE /Cannabis page/Dried flower' is clicked on

2019-06-19 16:35:34 - [TEST_STEP][PASSED] - delay(2): Delayed 2 second(s)

2019-06-19 16:35:36 - [MESSAGE][PASSED] - Delayed 2 second(s)

2019-06-19 16:35:36 - [TEST_STEP][PASSED] - click(findTestObject("OCS-MOBILE /Cannabis page/Dried flower - Indica dominant")): Object: 'Object Repository/OCS-MOBILE /Cannabis page/Dried flower - Indica dominant' is clicked on

2019-06-19 16:35:39 - [MESSAGE][PASSED] - Object: 'Object Repository/OCS-MOBILE /Cannabis page/Dried flower - Indica dominant' is clicked on

2019-06-19 16:35:39 - [TEST_STEP][PASSED] - delay(2): Delayed 2 second(s)

2019-06-19 16:35:41 - [MESSAGE][PASSED] - Delayed 2 second(s)

2019-06-19 16:35:41 - [TEST_STEP][PASSED] - click(findTestObject("OCS-MOBILE /Collection page/dropdown")): Object: 'Object Repository/OCS-MOBILE /Collection page/dropdown' is clicked on

2019-06-19 16:35:41 - [MESSAGE][PASSED] - Object: 'Object Repository/OCS-MOBILE /Collection page/dropdown' is clicked on

2019-06-19 16:35:41 - [TEST_STEP][PASSED] - delay(2): Delayed 2 second(s)

2019-06-19 16:35:43 - [MESSAGE][PASSED] - Delayed 2 second(s)

2019-06-19 16:35:43 - [TEST_STEP][PASSED] - flag = verifyElementPresent(findTestObject("OCS-MOBILE /Collection page/element inside"), 0): Object 'Object Repository/OCS-MOBILE /Collection page/element inside' is present

2019-06-19 16:35:43 - [MESSAGE][WARNING] - Timeout '0' is invalid. Using default page load timeout: '30'

2019-06-19 16:35:43 - [MESSAGE][PASSED] - Object 'Object Repository/OCS-MOBILE /Collection page/element inside' is present

2019-06-19 16:35:43 - [TEST_STEP][PASSED] - comment("flag=" + flag): flag=true

2019-06-19 16:35:43 - [MESSAGE][INFO] - flag=true

2019-06-19 16:35:43 - [TEST_STEP][PASSED] - if (flag == true): a=Dried Flower

2019-06-19 16:35:43 - [TEST_STEP][PASSED] - a = getText(findTestObject("OCS-MOBILE /Collection page/print element inside")): Text of object 'Object Repository/OCS-MOBILE /Collection page/print element inside' is: 'Dried Flower'

2019-06-19 16:35:43 - [MESSAGE][PASSED] - Text of object 'Object Repository/OCS-MOBILE /Collection page/print element inside' is: 'Dried Flower'

2019-06-19 16:35:43 - [TEST_STEP][PASSED] - comment("a=" + a): a=Dried Flower

2019-06-19 16:35:43 - [MESSAGE][INFO] - a=Dried Flower

2019-06-19 16:35:43 - [TEST_STEP][PASSED] - delay(2): Delayed 2 second(s)

2019-06-19 16:35:45 - [MESSAGE][PASSED] - Delayed 2 second(s)

2019-06-19 16:35:45 - [TEST_STEP][PASSED] - click(findTestObject("OCS-MOBILE /Collection page/dropdown")): Object: 'Object Repository/OCS-MOBILE /Collection page/dropdown' is clicked on

2019-06-19 16:35:45 - [MESSAGE][PASSED] - Object: 'Object Repository/OCS-MOBILE /Collection page/dropdown' is clicked on]]></system-out>
         <system-err><![CDATA[]]></system-err>
      </testcase>
      <testcase name="Test Cases/OCS - MOBILE/OCS-COLLECTION PAGE/What to consider" classname="Test Cases/OCS - MOBILE/OCS-COLLECTION PAGE/What to consider" status="PASSED">
         <system-out><![CDATA[2019-06-19 16:35:45 - [TEST_CASE][PASSED] - Test Cases/OCS - MOBILE/OCS-COLLECTION PAGE/What to consider: Test Cases/OCS - MOBILE/OCS-COLLECTION PAGE/What to consider

2019-06-19 16:35:45 - [TEST_STEP][PASSED] - callTestCase(findTestCase("OCS - MOBILE/CALL - AGE GATE"), [:], STOP_ON_FAILURE): Call Test Case 'Test Cases/OCS - MOBILE/CALL - AGE GATE' successfully

2019-06-19 16:35:45 - [TEST_CASE][PASSED] - Test Cases/OCS - MOBILE/CALL - AGE GATE: Test Cases/OCS - MOBILE/CALL - AGE GATE

2019-06-19 16:35:45 - [TEST_STEP][PASSED] - openBrowser(""): Browser is opened with url: ''

2019-06-19 16:35:45 - [MESSAGE][WARNING] - A browser is already opened. Closing browser and opening a new one

2019-06-19 16:35:46 - [MESSAGE][INFO] - Starting 'Remote' driver

2019-06-19 16:35:46 - [MESSAGE][INFO] - User set preference: ['os', 'OS X']

2019-06-19 16:35:46 - [MESSAGE][INFO] - User set preference: ['os_version', 'High Sierra']

2019-06-19 16:35:46 - [MESSAGE][INFO] - User set preference: ['browser', 'Chrome']

2019-06-19 16:35:46 - [MESSAGE][INFO] - User set preference: ['browser_version', '76.0 beta']

2019-06-19 16:35:46 - [MESSAGE][INFO] - User set preference: ['browserstack.local', 'false']

2019-06-19 16:35:46 - [MESSAGE][INFO] - Connecting to remote web server 'https://dianatest3:Z3oqw9ysqTeRQJq5wFCp@hub-cloud.browserstack.com/wd/hub' with type 'Selenium'

2019-06-19 16:35:49 - [MESSAGE][PASSED] - Browser is opened with url: ''

2019-06-19 16:35:49 - [TEST_STEP][PASSED] - navigateToUrl("https://ocs.ca/?fts=0&preview_theme_id=72920106828"): Navigate to 'https://ocs.ca/?fts=0&preview_theme_id=72920106828' successfully

2019-06-19 16:35:54 - [MESSAGE][PASSED] - Navigate to 'https://ocs.ca/?fts=0&preview_theme_id=72920106828' successfully

2019-06-19 16:35:54 - [TEST_STEP][PASSED] - executeJavaScript("var previewBar = document.getElementById("preview-bar-iframe"); previewBar.style.display = "none";", []): Execute JavaScript 'var previewBar = document.getElementById("preview-bar-iframe"); previewBar.style.display = "none";' successfully

2019-06-19 16:35:54 - [MESSAGE][PASSED] - Execute JavaScript 'var previewBar = document.getElementById("preview-bar-iframe"); previewBar.style.display = "none";' successfully

2019-06-19 16:35:54 - [TEST_STEP][PASSED] - setViewPortSize(360, 800): Viewport is set to new size with width = 360 and height = 800

2019-06-19 16:35:54 - [MESSAGE][PASSED] - Viewport is set to new size with width = 360 and height = 800

2019-06-19 16:35:54 - [TEST_STEP][PASSED] - delay(4): Delayed 4 second(s)

2019-06-19 16:35:58 - [MESSAGE][PASSED] - Delayed 4 second(s)

2019-06-19 16:35:58 - [TEST_STEP][PASSED] - selectOptionByValue(findTestObject("OCS-MOBILE /Age gate and burger menu/Date"), "12", true): All options with value '12' are selected in object 'Object Repository/OCS-MOBILE /Age gate and burger menu/Date'  using regular expression

2019-06-19 16:36:02 - [MESSAGE][PASSED] - All options with value '12' are selected in object 'Object Repository/OCS-MOBILE /Age gate and burger menu/Date'  using regular expression

2019-06-19 16:36:02 - [TEST_STEP][PASSED] - selectOptionByValue(findTestObject("OCS-MOBILE /Age gate and burger menu/month"), "6", true): All options with value '6' are selected in object 'Object Repository/OCS-MOBILE /Age gate and burger menu/month'  using regular expression

2019-06-19 16:36:04 - [MESSAGE][PASSED] - All options with value '6' are selected in object 'Object Repository/OCS-MOBILE /Age gate and burger menu/month'  using regular expression

2019-06-19 16:36:04 - [TEST_STEP][PASSED] - delay(2): Delayed 2 second(s)

2019-06-19 16:36:06 - [MESSAGE][PASSED] - Delayed 2 second(s)

2019-06-19 16:36:06 - [TEST_STEP][PASSED] - selectOptionByValue(findTestObject("OCS-MOBILE /Age gate and burger menu/Year Dropdown"), "1990", true): All options with value '1990' are selected in object 'Object Repository/OCS-MOBILE /Age gate and burger menu/Year Dropdown'  using regular expression

2019-06-19 16:36:20 - [MESSAGE][PASSED] - All options with value '1990' are selected in object 'Object Repository/OCS-MOBILE /Age gate and burger menu/Year Dropdown'  using regular expression

2019-06-19 16:36:20 - [TEST_STEP][PASSED] - click(findTestObject("OCS-MOBILE /Age gate and Mega menu/button_Verify")): Object: 'Object Repository/OCS-MOBILE /Age gate and Mega menu/button_Verify' is clicked on

2019-06-19 16:36:20 - [MESSAGE][PASSED] - Object: 'Object Repository/OCS-MOBILE /Age gate and Mega menu/button_Verify' is clicked on

2019-06-19 16:36:20 - [TEST_STEP][PASSED] - click(findTestObject("OCS-MOBILE /Age gate and Mega menu/Checkbox_CONFIRM AND ACKNOWLEDGE")): Object: 'Object Repository/OCS-MOBILE /Age gate and Mega menu/Checkbox_CONFIRM AND ACKNOWLEDGE' is clicked on

2019-06-19 16:36:21 - [MESSAGE][PASSED] - Object: 'Object Repository/OCS-MOBILE /Age gate and Mega menu/Checkbox_CONFIRM AND ACKNOWLEDGE' is clicked on

2019-06-19 16:36:21 - [TEST_STEP][PASSED] - click(findTestObject("OCS-MOBILE /Age gate and Mega menu/button_CONFIRM")): Object: 'Object Repository/OCS-MOBILE /Age gate and Mega menu/button_CONFIRM' is clicked on

2019-06-19 16:36:21 - [MESSAGE][PASSED] - Object: 'Object Repository/OCS-MOBILE /Age gate and Mega menu/button_CONFIRM' is clicked on

2019-06-19 16:36:21 - [TEST_STEP][PASSED] - click(findTestObject("OCS-MOBILE /Age gate and Mega menu/button_Start Browsing")): Object: 'Object Repository/OCS-MOBILE /Age gate and Mega menu/button_Start Browsing' is clicked on

2019-06-19 16:36:21 - [MESSAGE][PASSED] - Object: 'Object Repository/OCS-MOBILE /Age gate and Mega menu/button_Start Browsing' is clicked on

2019-06-19 16:36:21 - [TEST_STEP][PASSED] - refresh(): Refresh successfully

2019-06-19 16:36:21 - [MESSAGE][PASSED] - Refresh successfully

2019-06-19 16:36:21 - [TEST_STEP][PASSED] - executeJavaScript("var previewBar = document.getElementById("preview-bar-iframe"); previewBar.style.display = "none";", []): Execute JavaScript 'var previewBar = document.getElementById("preview-bar-iframe"); previewBar.style.display = "none";' successfully

2019-06-19 16:36:25 - [MESSAGE][PASSED] - Execute JavaScript 'var previewBar = document.getElementById("preview-bar-iframe"); previewBar.style.display = "none";' successfully

2019-06-19 16:36:25 - [MESSAGE][PASSED] - Call Test Case 'Test Cases/OCS - MOBILE/CALL - AGE GATE' successfully

2019-06-19 16:36:25 - [TEST_STEP][PASSED] - delay(2): Delayed 2 second(s)

2019-06-19 16:36:27 - [MESSAGE][PASSED] - Delayed 2 second(s)

2019-06-19 16:36:27 - [TEST_STEP][PASSED] - click(findTestObject("OCS-MOBILE /Age gate and burger menu/Burger menu - English")): Object: 'Object Repository/OCS-MOBILE /Age gate and burger menu/Burger menu - English' is clicked on

2019-06-19 16:36:27 - [MESSAGE][PASSED] - Object: 'Object Repository/OCS-MOBILE /Age gate and burger menu/Burger menu - English' is clicked on

2019-06-19 16:36:27 - [TEST_STEP][PASSED] - delay(2): Delayed 2 second(s)

2019-06-19 16:36:29 - [MESSAGE][PASSED] - Delayed 2 second(s)

2019-06-19 16:36:29 - [TEST_STEP][PASSED] - click(findTestObject("OCS-MOBILE /Age gate and Mega menu/Chevron_Cannabis")): Object: 'Object Repository/OCS-MOBILE /Age gate and Mega menu/Chevron_Cannabis' is clicked on

2019-06-19 16:36:29 - [MESSAGE][PASSED] - Object: 'Object Repository/OCS-MOBILE /Age gate and Mega menu/Chevron_Cannabis' is clicked on

2019-06-19 16:36:29 - [TEST_STEP][PASSED] - delay(2): Delayed 2 second(s)

2019-06-19 16:36:31 - [MESSAGE][PASSED] - Delayed 2 second(s)

2019-06-19 16:36:31 - [TEST_STEP][PASSED] - click(findTestObject("OCS-MOBILE /Cannabis page/Dried flower")): Object: 'Object Repository/OCS-MOBILE /Cannabis page/Dried flower' is clicked on

2019-06-19 16:36:32 - [MESSAGE][PASSED] - Object: 'Object Repository/OCS-MOBILE /Cannabis page/Dried flower' is clicked on

2019-06-19 16:36:32 - [TEST_STEP][PASSED] - delay(2): Delayed 2 second(s)

2019-06-19 16:36:34 - [MESSAGE][PASSED] - Delayed 2 second(s)

2019-06-19 16:36:34 - [TEST_STEP][PASSED] - click(findTestObject("OCS-MOBILE /Cannabis page/Dried flower - Indica dominant")): Object: 'Object Repository/OCS-MOBILE /Cannabis page/Dried flower - Indica dominant' is clicked on

2019-06-19 16:36:37 - [MESSAGE][PASSED] - Object: 'Object Repository/OCS-MOBILE /Cannabis page/Dried flower - Indica dominant' is clicked on

2019-06-19 16:36:37 - [TEST_STEP][PASSED] - executeJavaScript("var previewBar = document.getElementById("preview-bar-iframe"); previewBar.style.display = "none";", []): Execute JavaScript 'var previewBar = document.getElementById("preview-bar-iframe"); previewBar.style.display = "none";' successfully

2019-06-19 16:36:37 - [MESSAGE][PASSED] - Execute JavaScript 'var previewBar = document.getElementById("preview-bar-iframe"); previewBar.style.display = "none";' successfully

2019-06-19 16:36:37 - [TEST_STEP][PASSED] - delay(2): Delayed 2 second(s)

2019-06-19 16:36:39 - [MESSAGE][PASSED] - Delayed 2 second(s)

2019-06-19 16:36:39 - [TEST_STEP][PASSED] - click(findTestObject("OCS-MOBILE /Collection page/loadmore")): Object: 'Object Repository/OCS-MOBILE /Collection page/loadmore' is clicked on

2019-06-19 16:36:39 - [MESSAGE][PASSED] - Object: 'Object Repository/OCS-MOBILE /Collection page/loadmore' is clicked on

2019-06-19 16:36:39 - [TEST_STEP][PASSED] - delay(2): Delayed 2 second(s)

2019-06-19 16:36:41 - [MESSAGE][PASSED] - Delayed 2 second(s)

2019-06-19 16:36:41 - [TEST_STEP][PASSED] - click(findTestObject("OCS-MOBILE /Collection page/What to consider")): Object: 'Object Repository/OCS-MOBILE /Collection page/What to consider' is clicked on

2019-06-19 16:36:44 - [MESSAGE][PASSED] - Object: 'Object Repository/OCS-MOBILE /Collection page/What to consider' is clicked on

2019-06-19 16:36:44 - [TEST_STEP][PASSED] - verifyTextPresent("Six things to know before deciding to consume cannabis.", false): Text 'Six things to know before deciding to consume cannabis.' is present on page 

2019-06-19 16:36:44 - [MESSAGE][PASSED] - Text 'Six things to know before deciding to consume cannabis.' is present on page]]></system-out>
         <system-err><![CDATA[]]></system-err>
      </testcase>
      <testcase name="Test Cases/OCS - MOBILE/OCS-COLLECTION PAGE/Filter" classname="Test Cases/OCS - MOBILE/OCS-COLLECTION PAGE/Filter" status="PASSED">
         <system-out><![CDATA[2019-06-19 16:36:44 - [TEST_CASE][PASSED] - Test Cases/OCS - MOBILE/OCS-COLLECTION PAGE/Filter: Test Cases/OCS - MOBILE/OCS-COLLECTION PAGE/Filter

2019-06-19 16:36:45 - [TEST_STEP][PASSED] - callTestCase(findTestCase("OCS - MOBILE/CALL - AGE GATE"), [:], STOP_ON_FAILURE): Call Test Case 'Test Cases/OCS - MOBILE/CALL - AGE GATE' successfully

2019-06-19 16:36:45 - [TEST_CASE][PASSED] - Test Cases/OCS - MOBILE/CALL - AGE GATE: Test Cases/OCS - MOBILE/CALL - AGE GATE

2019-06-19 16:36:45 - [TEST_STEP][PASSED] - openBrowser(""): Browser is opened with url: ''

2019-06-19 16:36:45 - [MESSAGE][WARNING] - A browser is already opened. Closing browser and opening a new one

2019-06-19 16:36:45 - [MESSAGE][INFO] - Starting 'Remote' driver

2019-06-19 16:36:45 - [MESSAGE][INFO] - User set preference: ['os', 'OS X']

2019-06-19 16:36:45 - [MESSAGE][INFO] - User set preference: ['os_version', 'High Sierra']

2019-06-19 16:36:45 - [MESSAGE][INFO] - User set preference: ['browser', 'Chrome']

2019-06-19 16:36:45 - [MESSAGE][INFO] - User set preference: ['browser_version', '76.0 beta']

2019-06-19 16:36:45 - [MESSAGE][INFO] - User set preference: ['browserstack.local', 'false']

2019-06-19 16:36:45 - [MESSAGE][INFO] - Connecting to remote web server 'https://dianatest3:Z3oqw9ysqTeRQJq5wFCp@hub-cloud.browserstack.com/wd/hub' with type 'Selenium'

2019-06-19 16:36:49 - [MESSAGE][PASSED] - Browser is opened with url: ''

2019-06-19 16:36:49 - [TEST_STEP][PASSED] - navigateToUrl("https://ocs.ca/?fts=0&preview_theme_id=72920106828"): Navigate to 'https://ocs.ca/?fts=0&preview_theme_id=72920106828' successfully

2019-06-19 16:36:55 - [MESSAGE][PASSED] - Navigate to 'https://ocs.ca/?fts=0&preview_theme_id=72920106828' successfully

2019-06-19 16:36:55 - [TEST_STEP][PASSED] - executeJavaScript("var previewBar = document.getElementById("preview-bar-iframe"); previewBar.style.display = "none";", []): Execute JavaScript 'var previewBar = document.getElementById("preview-bar-iframe"); previewBar.style.display = "none";' successfully

2019-06-19 16:36:55 - [MESSAGE][PASSED] - Execute JavaScript 'var previewBar = document.getElementById("preview-bar-iframe"); previewBar.style.display = "none";' successfully

2019-06-19 16:36:55 - [TEST_STEP][PASSED] - setViewPortSize(360, 800): Viewport is set to new size with width = 360 and height = 800

2019-06-19 16:36:56 - [MESSAGE][PASSED] - Viewport is set to new size with width = 360 and height = 800

2019-06-19 16:36:56 - [TEST_STEP][PASSED] - delay(4): Delayed 4 second(s)

2019-06-19 16:37:00 - [MESSAGE][PASSED] - Delayed 4 second(s)

2019-06-19 16:37:00 - [TEST_STEP][PASSED] - selectOptionByValue(findTestObject("OCS-MOBILE /Age gate and burger menu/Date"), "12", true): All options with value '12' are selected in object 'Object Repository/OCS-MOBILE /Age gate and burger menu/Date'  using regular expression

2019-06-19 16:37:05 - [MESSAGE][PASSED] - All options with value '12' are selected in object 'Object Repository/OCS-MOBILE /Age gate and burger menu/Date'  using regular expression

2019-06-19 16:37:05 - [TEST_STEP][PASSED] - selectOptionByValue(findTestObject("OCS-MOBILE /Age gate and burger menu/month"), "6", true): All options with value '6' are selected in object 'Object Repository/OCS-MOBILE /Age gate and burger menu/month'  using regular expression

2019-06-19 16:37:08 - [MESSAGE][PASSED] - All options with value '6' are selected in object 'Object Repository/OCS-MOBILE /Age gate and burger menu/month'  using regular expression

2019-06-19 16:37:08 - [TEST_STEP][PASSED] - delay(2): Delayed 2 second(s)

2019-06-19 16:37:10 - [MESSAGE][PASSED] - Delayed 2 second(s)

2019-06-19 16:37:10 - [TEST_STEP][PASSED] - selectOptionByValue(findTestObject("OCS-MOBILE /Age gate and burger menu/Year Dropdown"), "1990", true): All options with value '1990' are selected in object 'Object Repository/OCS-MOBILE /Age gate and burger menu/Year Dropdown'  using regular expression

2019-06-19 16:37:21 - [MESSAGE][PASSED] - All options with value '1990' are selected in object 'Object Repository/OCS-MOBILE /Age gate and burger menu/Year Dropdown'  using regular expression

2019-06-19 16:37:21 - [TEST_STEP][PASSED] - click(findTestObject("OCS-MOBILE /Age gate and Mega menu/button_Verify")): Object: 'Object Repository/OCS-MOBILE /Age gate and Mega menu/button_Verify' is clicked on

2019-06-19 16:37:21 - [MESSAGE][PASSED] - Object: 'Object Repository/OCS-MOBILE /Age gate and Mega menu/button_Verify' is clicked on

2019-06-19 16:37:21 - [TEST_STEP][PASSED] - click(findTestObject("OCS-MOBILE /Age gate and Mega menu/Checkbox_CONFIRM AND ACKNOWLEDGE")): Object: 'Object Repository/OCS-MOBILE /Age gate and Mega menu/Checkbox_CONFIRM AND ACKNOWLEDGE' is clicked on

2019-06-19 16:37:22 - [MESSAGE][PASSED] - Object: 'Object Repository/OCS-MOBILE /Age gate and Mega menu/Checkbox_CONFIRM AND ACKNOWLEDGE' is clicked on

2019-06-19 16:37:22 - [TEST_STEP][PASSED] - click(findTestObject("OCS-MOBILE /Age gate and Mega menu/button_CONFIRM")): Object: 'Object Repository/OCS-MOBILE /Age gate and Mega menu/button_CONFIRM' is clicked on

2019-06-19 16:37:22 - [MESSAGE][PASSED] - Object: 'Object Repository/OCS-MOBILE /Age gate and Mega menu/button_CONFIRM' is clicked on

2019-06-19 16:37:22 - [TEST_STEP][PASSED] - click(findTestObject("OCS-MOBILE /Age gate and Mega menu/button_Start Browsing")): Object: 'Object Repository/OCS-MOBILE /Age gate and Mega menu/button_Start Browsing' is clicked on

2019-06-19 16:37:22 - [MESSAGE][PASSED] - Object: 'Object Repository/OCS-MOBILE /Age gate and Mega menu/button_Start Browsing' is clicked on

2019-06-19 16:37:22 - [TEST_STEP][PASSED] - refresh(): Refresh successfully

2019-06-19 16:37:22 - [MESSAGE][PASSED] - Refresh successfully

2019-06-19 16:37:22 - [TEST_STEP][PASSED] - executeJavaScript("var previewBar = document.getElementById("preview-bar-iframe"); previewBar.style.display = "none";", []): Execute JavaScript 'var previewBar = document.getElementById("preview-bar-iframe"); previewBar.style.display = "none";' successfully

2019-06-19 16:37:26 - [MESSAGE][PASSED] - Execute JavaScript 'var previewBar = document.getElementById("preview-bar-iframe"); previewBar.style.display = "none";' successfully

2019-06-19 16:37:26 - [MESSAGE][PASSED] - Call Test Case 'Test Cases/OCS - MOBILE/CALL - AGE GATE' successfully

2019-06-19 16:37:26 - [TEST_STEP][PASSED] - click(findTestObject("OCS-MOBILE /Age gate and burger menu/Burger menu - English")): Object: 'Object Repository/OCS-MOBILE /Age gate and burger menu/Burger menu - English' is clicked on

2019-06-19 16:37:26 - [MESSAGE][PASSED] - Object: 'Object Repository/OCS-MOBILE /Age gate and burger menu/Burger menu - English' is clicked on

2019-06-19 16:37:26 - [TEST_STEP][PASSED] - delay(2): Delayed 2 second(s)

2019-06-19 16:37:28 - [MESSAGE][PASSED] - Delayed 2 second(s)

2019-06-19 16:37:28 - [TEST_STEP][PASSED] - click(findTestObject("OCS-MOBILE /Age gate and Mega menu/Chevron_Cannabis")): Object: 'Object Repository/OCS-MOBILE /Age gate and Mega menu/Chevron_Cannabis' is clicked on

2019-06-19 16:37:28 - [MESSAGE][PASSED] - Object: 'Object Repository/OCS-MOBILE /Age gate and Mega menu/Chevron_Cannabis' is clicked on

2019-06-19 16:37:28 - [TEST_STEP][PASSED] - delay(1): Delayed 1 second(s)

2019-06-19 16:37:29 - [MESSAGE][PASSED] - Delayed 1 second(s)

2019-06-19 16:37:29 - [TEST_STEP][PASSED] - click(findTestObject("OCS-MOBILE /Cannabis page/Dried flower")): Object: 'Object Repository/OCS-MOBILE /Cannabis page/Dried flower' is clicked on

2019-06-19 16:37:29 - [MESSAGE][PASSED] - Object: 'Object Repository/OCS-MOBILE /Cannabis page/Dried flower' is clicked on

2019-06-19 16:37:29 - [TEST_STEP][PASSED] - delay(1): Delayed 1 second(s)

2019-06-19 16:37:30 - [MESSAGE][PASSED] - Delayed 1 second(s)

2019-06-19 16:37:30 - [TEST_STEP][PASSED] - click(findTestObject("OCS-MOBILE /Cannabis page/Dried flower - Indica dominant")): Object: 'Object Repository/OCS-MOBILE /Cannabis page/Dried flower - Indica dominant' is clicked on

2019-06-19 16:37:33 - [MESSAGE][PASSED] - Object: 'Object Repository/OCS-MOBILE /Cannabis page/Dried flower - Indica dominant' is clicked on

2019-06-19 16:37:33 - [TEST_STEP][PASSED] - delay(1): Delayed 1 second(s)

2019-06-19 16:37:34 - [MESSAGE][PASSED] - Delayed 1 second(s)

2019-06-19 16:37:34 - [TEST_STEP][PASSED] - click(findTestObject("OCS-MOBILE /Filter flyout/Filter option")): Object: 'Object Repository/OCS-MOBILE /Filter flyout/Filter option' is clicked on

2019-06-19 16:37:35 - [MESSAGE][PASSED] - Object: 'Object Repository/OCS-MOBILE /Filter flyout/Filter option' is clicked on

2019-06-19 16:37:35 - [TEST_STEP][PASSED] - delay(2): Delayed 2 second(s)

2019-06-19 16:37:37 - [MESSAGE][PASSED] - Delayed 2 second(s)

2019-06-19 16:37:37 - [TEST_STEP][PASSED] - click(findTestObject("OCS-MOBILE /Filter flyout/THC - CBD Tool tip")): Object: 'Object Repository/OCS-MOBILE /Filter flyout/THC - CBD Tool tip' is clicked on

2019-06-19 16:37:37 - [MESSAGE][PASSED] - Object: 'Object Repository/OCS-MOBILE /Filter flyout/THC - CBD Tool tip' is clicked on

2019-06-19 16:37:37 - [TEST_STEP][PASSED] - delay(2): Delayed 2 second(s)

2019-06-19 16:37:39 - [MESSAGE][PASSED] - Delayed 2 second(s)

2019-06-19 16:37:39 - [TEST_STEP][PASSED] - click(findTestObject("OCS-MOBILE /Filter flyout/THC CBD plus accordian")): Object: 'Object Repository/OCS-MOBILE /Filter flyout/THC CBD plus accordian' is clicked on

2019-06-19 16:37:39 - [MESSAGE][PASSED] - Object: 'Object Repository/OCS-MOBILE /Filter flyout/THC CBD plus accordian' is clicked on

2019-06-19 16:37:39 - [TEST_STEP][PASSED] - delay(2): Delayed 2 second(s)

2019-06-19 16:37:41 - [MESSAGE][PASSED] - Delayed 2 second(s)

2019-06-19 16:37:41 - [TEST_STEP][PASSED] - click(findTestObject("OCS-MOBILE /Filter flyout/THC - CBD Subtract accordian")): Object: 'Object Repository/OCS-MOBILE /Filter flyout/THC - CBD Subtract accordian' is clicked on

2019-06-19 16:37:41 - [MESSAGE][PASSED] - Object: 'Object Repository/OCS-MOBILE /Filter flyout/THC - CBD Subtract accordian' is clicked on

2019-06-19 16:37:41 - [TEST_STEP][PASSED] - delay(2): Delayed 2 second(s)

2019-06-19 16:37:43 - [MESSAGE][PASSED] - Delayed 2 second(s)

2019-06-19 16:37:43 - [TEST_STEP][PASSED] - click(findTestObject("OCS-MOBILE /Filter flyout/THC CBD plus accordian")): Object: 'Object Repository/OCS-MOBILE /Filter flyout/THC CBD plus accordian' is clicked on

2019-06-19 16:37:44 - [MESSAGE][PASSED] - Object: 'Object Repository/OCS-MOBILE /Filter flyout/THC CBD plus accordian' is clicked on

2019-06-19 16:37:44 - [TEST_STEP][NOT_RUN] - click(findTestObject("OCS-MOBILE /Filter flyout/div_18.00")): NOT_RUN: click(findTestObject("OCS-MOBILE /Filter flyout/div_18.00"))

2019-06-19 16:37:44 - [MESSAGE][NOT_RUN] - NOT_RUN: click(findTestObject("OCS-MOBILE /Filter flyout/div_18.00"))

2019-06-19 16:37:44 - [TEST_STEP][NOT_RUN] - delay(2): NOT_RUN: delay(2)

2019-06-19 16:37:44 - [MESSAGE][NOT_RUN] - NOT_RUN: delay(2)

2019-06-19 16:37:44 - [TEST_STEP][NOT_RUN] - click(findTestObject("OCS-MOBILE /Filter flyout/div_25.00")): NOT_RUN: click(findTestObject("OCS-MOBILE /Filter flyout/div_25.00"))

2019-06-19 16:37:44 - [MESSAGE][NOT_RUN] - NOT_RUN: click(findTestObject("OCS-MOBILE /Filter flyout/div_25.00"))

2019-06-19 16:37:44 - [TEST_STEP][NOT_RUN] - delay(2): NOT_RUN: delay(2)

2019-06-19 16:37:44 - [MESSAGE][NOT_RUN] - NOT_RUN: delay(2)

2019-06-19 16:37:44 - [TEST_STEP][NOT_RUN] - click(findTestObject("OCS-MOBILE /Filter flyout/div_14.00")): NOT_RUN: click(findTestObject("OCS-MOBILE /Filter flyout/div_14.00"))

2019-06-19 16:37:44 - [MESSAGE][NOT_RUN] - NOT_RUN: click(findTestObject("OCS-MOBILE /Filter flyout/div_14.00"))

2019-06-19 16:37:44 - [TEST_STEP][NOT_RUN] - delay(2): NOT_RUN: delay(2)

2019-06-19 16:37:44 - [MESSAGE][NOT_RUN] - NOT_RUN: delay(2)

2019-06-19 16:37:44 - [TEST_STEP][NOT_RUN] - click(findTestObject("OCS-MOBILE /Filter flyout/div_19.00")): NOT_RUN: click(findTestObject("OCS-MOBILE /Filter flyout/div_19.00"))

2019-06-19 16:37:44 - [MESSAGE][NOT_RUN] - NOT_RUN: click(findTestObject("OCS-MOBILE /Filter flyout/div_19.00"))

2019-06-19 16:37:44 - [TEST_STEP][PASSED] - delay(2): Delayed 2 second(s)

2019-06-19 16:37:46 - [MESSAGE][PASSED] - Delayed 2 second(s)

2019-06-19 16:37:46 - [TEST_STEP][NOT_RUN] - click(findTestObject("OCS-MOBILE /Filter flyout/Learn More About THC CBD")): NOT_RUN: click(findTestObject("OCS-MOBILE /Filter flyout/Learn More About THC CBD"))

2019-06-19 16:37:46 - [MESSAGE][NOT_RUN] - NOT_RUN: click(findTestObject("OCS-MOBILE /Filter flyout/Learn More About THC CBD"))

2019-06-19 16:37:46 - [TEST_STEP][PASSED] - delay(4): Delayed 4 second(s)

2019-06-19 16:37:50 - [MESSAGE][PASSED] - Delayed 4 second(s)

2019-06-19 16:37:50 - [TEST_STEP][NOT_RUN] - callTestCase(findTestCase("OCS - MOBILE/OCS-COLLECTION PAGE/calling test case"), [:], STOP_ON_FAILURE): NOT_RUN: callTestCase(findTestCase("OCS - MOBILE/OCS-COLLECTION PAGE/calling test case"), [:], STOP_ON_FAILURE)

2019-06-19 16:37:50 - [MESSAGE][NOT_RUN] - NOT_RUN: callTestCase(findTestCase("OCS - MOBILE/OCS-COLLECTION PAGE/calling test case"), [:], STOP_ON_FAILURE)

2019-06-19 16:37:50 - [TEST_STEP][NOT_RUN] - click(findTestObject("OCS-MOBILE /Filter flyout/Filter option")): NOT_RUN: click(findTestObject("OCS-MOBILE /Filter flyout/Filter option"))

2019-06-19 16:37:50 - [MESSAGE][NOT_RUN] - NOT_RUN: click(findTestObject("OCS-MOBILE /Filter flyout/Filter option"))

2019-06-19 16:37:50 - [TEST_STEP][PASSED] - click(findTestObject("OCS-MOBILE /Filter flyout/Plant type tooltip")): Object: 'Object Repository/OCS-MOBILE /Filter flyout/Plant type tooltip' is clicked on

2019-06-19 16:37:50 - [MESSAGE][PASSED] - Object: 'Object Repository/OCS-MOBILE /Filter flyout/Plant type tooltip' is clicked on

2019-06-19 16:37:50 - [TEST_STEP][PASSED] - delay(2): Delayed 2 second(s)

2019-06-19 16:37:52 - [MESSAGE][PASSED] - Delayed 2 second(s)

2019-06-19 16:37:52 - [TEST_STEP][PASSED] - click(findTestObject("OCS-MOBILE /Filter flyout/Plant type plus accordian")): Object: 'Object Repository/OCS-MOBILE /Filter flyout/Plant type plus accordian' is clicked on

2019-06-19 16:37:52 - [MESSAGE][PASSED] - Object: 'Object Repository/OCS-MOBILE /Filter flyout/Plant type plus accordian' is clicked on

2019-06-19 16:37:52 - [TEST_STEP][PASSED] - delay(1): Delayed 1 second(s)

2019-06-19 16:37:53 - [MESSAGE][PASSED] - Delayed 1 second(s)

2019-06-19 16:37:53 - [TEST_STEP][PASSED] - click(findTestObject("OCS-MOBILE /Filter flyout/Plant type subtract accordian")): Object: 'Object Repository/OCS-MOBILE /Filter flyout/Plant type subtract accordian' is clicked on

2019-06-19 16:37:53 - [MESSAGE][PASSED] - Object: 'Object Repository/OCS-MOBILE /Filter flyout/Plant type subtract accordian' is clicked on

2019-06-19 16:37:53 - [TEST_STEP][PASSED] - delay(1): Delayed 1 second(s)

2019-06-19 16:37:54 - [MESSAGE][PASSED] - Delayed 1 second(s)

2019-06-19 16:37:54 - [TEST_STEP][PASSED] - click(findTestObject("OCS-MOBILE /Filter flyout/Plant type plus accordian")): Object: 'Object Repository/OCS-MOBILE /Filter flyout/Plant type plus accordian' is clicked on

2019-06-19 16:37:54 - [MESSAGE][PASSED] - Object: 'Object Repository/OCS-MOBILE /Filter flyout/Plant type plus accordian' is clicked on

2019-06-19 16:37:54 - [TEST_STEP][PASSED] - delay(2): Delayed 2 second(s)

2019-06-19 16:37:56 - [MESSAGE][PASSED] - Delayed 2 second(s)

2019-06-19 16:37:56 - [TEST_STEP][PASSED] - click(findTestObject("OCS-MOBILE /Filter flyout/Indica Dominant")): Object: 'Object Repository/OCS-MOBILE /Filter flyout/Indica Dominant' is clicked on

2019-06-19 16:37:57 - [MESSAGE][PASSED] - Object: 'Object Repository/OCS-MOBILE /Filter flyout/Indica Dominant' is clicked on

2019-06-19 16:37:57 - [TEST_STEP][PASSED] - delay(2): Delayed 2 second(s)

2019-06-19 16:37:59 - [MESSAGE][PASSED] - Delayed 2 second(s)

2019-06-19 16:37:59 - [TEST_STEP][PASSED] - click(findTestObject("OCS-MOBILE /Filter flyout/Sativa Dominant")): Object: 'Object Repository/OCS-MOBILE /Filter flyout/Sativa Dominant' is clicked on

2019-06-19 16:37:59 - [MESSAGE][PASSED] - Object: 'Object Repository/OCS-MOBILE /Filter flyout/Sativa Dominant' is clicked on

2019-06-19 16:37:59 - [TEST_STEP][PASSED] - delay(2): Delayed 2 second(s)

2019-06-19 16:38:01 - [MESSAGE][PASSED] - Delayed 2 second(s)

2019-06-19 16:38:01 - [TEST_STEP][PASSED] - click(findTestObject("OCS-MOBILE /Filter flyout/Hybrid")): Object: 'Object Repository/OCS-MOBILE /Filter flyout/Hybrid' is clicked on

2019-06-19 16:38:02 - [MESSAGE][PASSED] - Object: 'Object Repository/OCS-MOBILE /Filter flyout/Hybrid' is clicked on

2019-06-19 16:38:02 - [TEST_STEP][PASSED] - delay(2): Delayed 2 second(s)

2019-06-19 16:38:04 - [MESSAGE][PASSED] - Delayed 2 second(s)

2019-06-19 16:38:04 - [TEST_STEP][PASSED] - click(findTestObject("OCS-MOBILE /Filter flyout/Blend")): Object: 'Object Repository/OCS-MOBILE /Filter flyout/Blend' is clicked on

2019-06-19 16:38:04 - [MESSAGE][PASSED] - Object: 'Object Repository/OCS-MOBILE /Filter flyout/Blend' is clicked on

2019-06-19 16:38:04 - [TEST_STEP][PASSED] - delay(2): Delayed 2 second(s)

2019-06-19 16:38:06 - [MESSAGE][PASSED] - Delayed 2 second(s)

2019-06-19 16:38:06 - [TEST_STEP][NOT_RUN] - click(findTestObject("Object Repository/COLLECTION PAGE _OR/Filter_OR/Page_Pre-Rolled  Ontario Cannabis S/label_Sativa Dominant")): NOT_RUN: click(findTestObject("Object Repository/COLLECTION PAGE _OR/Filter_OR/Page_Pre-Rolled  Ontario Cannabis S/label_Sativa Dominant"))

2019-06-19 16:38:06 - [MESSAGE][NOT_RUN] - NOT_RUN: click(findTestObject("Object Repository/COLLECTION PAGE _OR/Filter_OR/Page_Pre-Rolled  Ontario Cannabis S/label_Sativa Dominant"))

2019-06-19 16:38:06 - [TEST_STEP][NOT_RUN] - delay(2): NOT_RUN: delay(2)

2019-06-19 16:38:06 - [MESSAGE][NOT_RUN] - NOT_RUN: delay(2)

2019-06-19 16:38:06 - [TEST_STEP][NOT_RUN] - click(findTestObject("Object Repository/COLLECTION PAGE _OR/Filter_OR/Page_Pre-Rolled  Ontario Cannabis S/label_Hybrid")): NOT_RUN: click(findTestObject("Object Repository/COLLECTION PAGE _OR/Filter_OR/Page_Pre-Rolled  Ontario Cannabis S/label_Hybrid"))

2019-06-19 16:38:06 - [MESSAGE][NOT_RUN] - NOT_RUN: click(findTestObject("Object Repository/COLLECTION PAGE _OR/Filter_OR/Page_Pre-Rolled  Ontario Cannabis S/label_Hybrid"))

2019-06-19 16:38:06 - [TEST_STEP][NOT_RUN] - delay(2): NOT_RUN: delay(2)

2019-06-19 16:38:06 - [MESSAGE][NOT_RUN] - NOT_RUN: delay(2)

2019-06-19 16:38:06 - [TEST_STEP][NOT_RUN] - click(findTestObject("Object Repository/COLLECTION PAGE _OR/Filter_OR/Page_Pre-Rolled  Ontario Cannabis S/label_Blend")): NOT_RUN: click(findTestObject("Object Repository/COLLECTION PAGE _OR/Filter_OR/Page_Pre-Rolled  Ontario Cannabis S/label_Blend"))

2019-06-19 16:38:06 - [MESSAGE][NOT_RUN] - NOT_RUN: click(findTestObject("Object Repository/COLLECTION PAGE _OR/Filter_OR/Page_Pre-Rolled  Ontario Cannabis S/label_Blend"))

2019-06-19 16:38:06 - [TEST_STEP][NOT_RUN] - delay(2): NOT_RUN: delay(2)

2019-06-19 16:38:06 - [MESSAGE][NOT_RUN] - NOT_RUN: delay(2)

2019-06-19 16:38:06 - [TEST_STEP][NOT_RUN] - click(findTestObject("OCS-MOBILE /Filter flyout/Learn More About Plant Type")): NOT_RUN: click(findTestObject("OCS-MOBILE /Filter flyout/Learn More About Plant Type"))

2019-06-19 16:38:06 - [MESSAGE][NOT_RUN] - NOT_RUN: click(findTestObject("OCS-MOBILE /Filter flyout/Learn More About Plant Type"))

2019-06-19 16:38:06 - [TEST_STEP][NOT_RUN] - delay(2): NOT_RUN: delay(2)

2019-06-19 16:38:06 - [MESSAGE][NOT_RUN] - NOT_RUN: delay(2)

2019-06-19 16:38:06 - [TEST_STEP][NOT_RUN] - callTestCase(findTestCase("OCS - MOBILE/OCS-COLLECTION PAGE/calling test case"), [:], STOP_ON_FAILURE): NOT_RUN: callTestCase(findTestCase("OCS - MOBILE/OCS-COLLECTION PAGE/calling test case"), [:], STOP_ON_FAILURE)

2019-06-19 16:38:06 - [MESSAGE][NOT_RUN] - NOT_RUN: callTestCase(findTestCase("OCS - MOBILE/OCS-COLLECTION PAGE/calling test case"), [:], STOP_ON_FAILURE)

2019-06-19 16:38:06 - [TEST_STEP][PASSED] - click(findTestObject("OCS-MOBILE /Filter flyout/Plant type subtract accordian")): Object: 'Object Repository/OCS-MOBILE /Filter flyout/Plant type subtract accordian' is clicked on

2019-06-19 16:38:06 - [MESSAGE][PASSED] - Object: 'Object Repository/OCS-MOBILE /Filter flyout/Plant type subtract accordian' is clicked on

2019-06-19 16:38:06 - [TEST_STEP][PASSED] - click(findTestObject("OCS-MOBILE /Filter flyout/Filter option"), OPTIONAL): Unable to click on object 'Object Repository/OCS-MOBILE /Filter flyout/Filter option' (Root cause: org.openqa.selenium.WebDriverException: element click intercepted: Element <a data-flyout="#flyout--filters" tabindex="0">...</a> is not clickable at point (24, 388). Other element would receive the click: <div class="filter__group accordionize product-vendor" data-group="vendor">...</div>
  (Session info: chrome=76.0.3809.25)
  (Driver info: chromedriver=76.0.3809.25 (a0c95f440512e06df1c9c206f2d79cc20be18bb1-refs/branch-heads/3809@{#271}),platform=Mac OS X 10.13.6 x86_64) (WARNING: The server did not provide any stacktrace information)
Command duration or timeout: 47 milliseconds
Build info: version: '2.53.0', revision: '35ae25b', time: '2016-03-15 17:00:58'
System info: host: 'mac-207-254-12-244.browserstack.com', ip: '207.254.12.244', os.name: 'Mac OS X', os.arch: 'x86_64', os.version: '10.13.6', java.version: '1.8.0_51'
Driver info: org.openqa.selenium.chrome.ChromeDriver
Capabilities [{mobileEmulationEnabled=false, timeouts={implicit=0, pageLoad=300000, script=30000}, hasTouchScreen=false, platform=MAC, acceptSslCerts=false, goog:chromeOptions={debuggerAddress=localhost:60759}, acceptInsecureCerts=false, webStorageEnabled=true, browserName=chrome, takesScreenshot=true, javascriptEnabled=true, setWindowRect=true, unexpectedAlertBehaviour=ignore, applicationCacheEnabled=false, rotatable=false, networkConnectionEnabled=false, chrome={chromedriverVersion=76.0.3809.25 (a0c95f440512e06df1c9c206f2d79cc20be18bb1-refs/branch-heads/3809@{#271}), userDataDir=/var/folders/3y/zz_w6_s56sl__vcrf3r5bhzr0000hr/T/.com.google.Chrome.dxdz1d}, takesHeapSnapshot=true, pageLoadStrategy=normal, strictFileInteractability=false, databaseEnabled=false, handlesAlerts=true, version=76.0.3809.25, browserConnectionEnabled=false, proxy={}, nativeEvents=true, locationContextEnabled=true, cssSelectorsEnabled=true}]
Session ID: cb31f9d8e15faedf40141fff323b7d66
Command duration or timeout: 0 milliseconds)

2019-06-19 16:38:07 - [MESSAGE][WARNING] - Unable to click on object 'Object Repository/OCS-MOBILE /Filter flyout/Filter option' (Root cause: org.openqa.selenium.WebDriverException: element click intercepted: Element <a data-flyout="#flyout--filters" tabindex="0">...</a> is not clickable at point (24, 388). Other element would receive the click: <div class="filter__group accordionize product-vendor" data-group="vendor">...</div>
  (Session info: chrome=76.0.3809.25)
  (Driver info: chromedriver=76.0.3809.25 (a0c95f440512e06df1c9c206f2d79cc20be18bb1-refs/branch-heads/3809@{#271}),platform=Mac OS X 10.13.6 x86_64) (WARNING: The server did not provide any stacktrace information)
Command duration or timeout: 47 milliseconds
Build info: version: '2.53.0', revision: '35ae25b', time: '2016-03-15 17:00:58'
System info: host: 'mac-207-254-12-244.browserstack.com', ip: '207.254.12.244', os.name: 'Mac OS X', os.arch: 'x86_64', os.version: '10.13.6', java.version: '1.8.0_51'
Driver info: org.openqa.selenium.chrome.ChromeDriver
Capabilities [{mobileEmulationEnabled=false, timeouts={implicit=0, pageLoad=300000, script=30000}, hasTouchScreen=false, platform=MAC, acceptSslCerts=false, goog:chromeOptions={debuggerAddress=localhost:60759}, acceptInsecureCerts=false, webStorageEnabled=true, browserName=chrome, takesScreenshot=true, javascriptEnabled=true, setWindowRect=true, unexpectedAlertBehaviour=ignore, applicationCacheEnabled=false, rotatable=false, networkConnectionEnabled=false, chrome={chromedriverVersion=76.0.3809.25 (a0c95f440512e06df1c9c206f2d79cc20be18bb1-refs/branch-heads/3809@{#271}), userDataDir=/var/folders/3y/zz_w6_s56sl__vcrf3r5bhzr0000hr/T/.com.google.Chrome.dxdz1d}, takesHeapSnapshot=true, pageLoadStrategy=normal, strictFileInteractability=false, databaseEnabled=false, handlesAlerts=true, version=76.0.3809.25, browserConnectionEnabled=false, proxy={}, nativeEvents=true, locationContextEnabled=true, cssSelectorsEnabled=true}]
Session ID: cb31f9d8e15faedf40141fff323b7d66
Command duration or timeout: 0 milliseconds)
[[ATTACHMENT|/Users/sumankompelly/Relative xpath-Mobile/Reports/recordings - ( 1.10.2 )/20190619_153658/1560976686737.png]]

2019-06-19 16:38:07 - [TEST_STEP][PASSED] - executeJavaScript("var previewBar = document.getElementById("preview-bar-iframe"); previewBar.style.display = "none";", []): Execute JavaScript 'var previewBar = document.getElementById("preview-bar-iframe"); previewBar.style.display = "none";' successfully

2019-06-19 16:38:07 - [MESSAGE][PASSED] - Execute JavaScript 'var previewBar = document.getElementById("preview-bar-iframe"); previewBar.style.display = "none";' successfully

2019-06-19 16:38:07 - [TEST_STEP][PASSED] - click(findTestObject("OCS-MOBILE /Filter flyout/Brand tool tip")): Object: 'Object Repository/OCS-MOBILE /Filter flyout/Brand tool tip' is clicked on

2019-06-19 16:38:07 - [MESSAGE][PASSED] - Object: 'Object Repository/OCS-MOBILE /Filter flyout/Brand tool tip' is clicked on

2019-06-19 16:38:07 - [TEST_STEP][PASSED] - delay(1): Delayed 1 second(s)

2019-06-19 16:38:08 - [MESSAGE][PASSED] - Delayed 1 second(s)

2019-06-19 16:38:08 - [TEST_STEP][PASSED] - click(findTestObject("OCS-MOBILE /Filter flyout/Brand plus accordian")): Object: 'Object Repository/OCS-MOBILE /Filter flyout/Brand plus accordian' is clicked on

2019-06-19 16:38:09 - [MESSAGE][PASSED] - Object: 'Object Repository/OCS-MOBILE /Filter flyout/Brand plus accordian' is clicked on

2019-06-19 16:38:09 - [TEST_STEP][PASSED] - delay(2): Delayed 2 second(s)

2019-06-19 16:38:11 - [MESSAGE][PASSED] - Delayed 2 second(s)

2019-06-19 16:38:11 - [TEST_STEP][PASSED] - click(findTestObject("OCS-MOBILE /Filter flyout/Brand subtract accordian")): Object: 'Object Repository/OCS-MOBILE /Filter flyout/Brand subtract accordian' is clicked on

2019-06-19 16:38:11 - [MESSAGE][PASSED] - Object: 'Object Repository/OCS-MOBILE /Filter flyout/Brand subtract accordian' is clicked on

2019-06-19 16:38:11 - [TEST_STEP][PASSED] - delay(1): Delayed 1 second(s)

2019-06-19 16:38:12 - [MESSAGE][PASSED] - Delayed 1 second(s)

2019-06-19 16:38:12 - [TEST_STEP][PASSED] - click(findTestObject("OCS-MOBILE /Filter flyout/Brand plus accordian")): Object: 'Object Repository/OCS-MOBILE /Filter flyout/Brand plus accordian' is clicked on

2019-06-19 16:38:12 - [MESSAGE][PASSED] - Object: 'Object Repository/OCS-MOBILE /Filter flyout/Brand plus accordian' is clicked on

2019-06-19 16:38:12 - [TEST_STEP][PASSED] - delay(2): Delayed 2 second(s)

2019-06-19 16:38:14 - [MESSAGE][PASSED] - Delayed 2 second(s)

2019-06-19 16:38:14 - [TEST_STEP][PASSED] - click(findTestObject("OCS-MOBILE /Filter flyout/Edison"), OPTIONAL): Object: 'Object Repository/OCS-MOBILE /Filter flyout/Edison' is clicked on

2019-06-19 16:38:14 - [MESSAGE][PASSED] - Object: 'Object Repository/OCS-MOBILE /Filter flyout/Edison' is clicked on

2019-06-19 16:38:14 - [TEST_STEP][PASSED] - delay(2, OPTIONAL): Delayed 2 second(s)

2019-06-19 16:38:16 - [MESSAGE][PASSED] - Delayed 2 second(s)

2019-06-19 16:38:16 - [TEST_STEP][PASSED] - delay(2, OPTIONAL): Delayed 2 second(s)

2019-06-19 16:38:18 - [MESSAGE][PASSED] - Delayed 2 second(s)

2019-06-19 16:38:18 - [TEST_STEP][PASSED] - click(findTestObject("OCS-MOBILE /Filter flyout/Haven St"), OPTIONAL): Object: 'Object Repository/OCS-MOBILE /Filter flyout/Haven St' is clicked on

2019-06-19 16:38:19 - [MESSAGE][PASSED] - Object: 'Object Repository/OCS-MOBILE /Filter flyout/Haven St' is clicked on

2019-06-19 16:38:19 - [TEST_STEP][PASSED] - delay(2, OPTIONAL): Delayed 2 second(s)

2019-06-19 16:38:21 - [MESSAGE][PASSED] - Delayed 2 second(s)

2019-06-19 16:38:21 - [TEST_STEP][PASSED] - click(findTestObject("OCS-MOBILE /Filter flyout/Emerald"), OPTIONAL): Object: 'Object Repository/OCS-MOBILE /Filter flyout/Emerald' is clicked on

2019-06-19 16:38:21 - [MESSAGE][PASSED] - Object: 'Object Repository/OCS-MOBILE /Filter flyout/Emerald' is clicked on

2019-06-19 16:38:21 - [TEST_STEP][PASSED] - delay(2, OPTIONAL): Delayed 2 second(s)

2019-06-19 16:38:23 - [MESSAGE][PASSED] - Delayed 2 second(s)

2019-06-19 16:38:23 - [TEST_STEP][NOT_RUN] - click(findTestObject("OCS-MOBILE /Filter flyout/Gage Cannabis Co"), OPTIONAL): NOT_RUN: click(findTestObject("OCS-MOBILE /Filter flyout/Gage Cannabis Co"), OPTIONAL)

2019-06-19 16:38:23 - [MESSAGE][NOT_RUN] - NOT_RUN: click(findTestObject("OCS-MOBILE /Filter flyout/Gage Cannabis Co"), OPTIONAL)

2019-06-19 16:38:23 - [TEST_STEP][PASSED] - delay(2, OPTIONAL): Delayed 2 second(s)

2019-06-19 16:38:25 - [MESSAGE][PASSED] - Delayed 2 second(s)

2019-06-19 16:38:25 - [TEST_STEP][NOT_RUN] - click(findTestObject("OCS-MOBILE /Filter flyout/INDIVA"), OPTIONAL): NOT_RUN: click(findTestObject("OCS-MOBILE /Filter flyout/INDIVA"), OPTIONAL)

2019-06-19 16:38:25 - [MESSAGE][NOT_RUN] - NOT_RUN: click(findTestObject("OCS-MOBILE /Filter flyout/INDIVA"), OPTIONAL)

2019-06-19 16:38:25 - [TEST_STEP][PASSED] - delay(2, OPTIONAL): Delayed 2 second(s)

2019-06-19 16:38:27 - [MESSAGE][PASSED] - Delayed 2 second(s)

2019-06-19 16:38:27 - [TEST_STEP][PASSED] - click(findTestObject("OCS-MOBILE /Filter flyout/RIFF"), OPTIONAL): Unable to click on object 'Object Repository/OCS-MOBILE /Filter flyout/RIFF' (Root cause: com.kms.katalon.core.webui.exception.WebElementNotFoundException: Web element with id: 'Object Repository/OCS-MOBILE /Filter flyout/RIFF' located by 'By.xpath: //span[contains(text(),'RIFF')]' not found)

2019-06-19 16:39:04 - [MESSAGE][INFO] - Unable to find the element located by 'By.xpath: //span[contains(text(),'RIFF')]'. Please recheck the objects properties to make sure the desired element is located. 

2019-06-19 16:39:04 - [MESSAGE][WARNING] - Unable to click on object 'Object Repository/OCS-MOBILE /Filter flyout/RIFF' (Root cause: com.kms.katalon.core.webui.exception.WebElementNotFoundException: Web element with id: 'Object Repository/OCS-MOBILE /Filter flyout/RIFF' located by 'By.xpath: //span[contains(text(),'RIFF')]' not found)
[[ATTACHMENT|/Users/sumankompelly/Relative xpath-Mobile/Reports/recordings - ( 1.10.2 )/20190619_153658/1560976744113.png]]

2019-06-19 16:39:04 - [TEST_STEP][PASSED] - delay(2, OPTIONAL): Delayed 2 second(s)

2019-06-19 16:39:06 - [MESSAGE][PASSED] - Delayed 2 second(s)

2019-06-19 16:39:06 - [TEST_STEP][PASSED] - click(findTestObject("OCS-MOBILE /Filter flyout/Seven Oaks"), OPTIONAL): Object: 'Object Repository/OCS-MOBILE /Filter flyout/Seven Oaks' is clicked on

2019-06-19 16:39:06 - [MESSAGE][PASSED] - Object: 'Object Repository/OCS-MOBILE /Filter flyout/Seven Oaks' is clicked on

2019-06-19 16:39:06 - [TEST_STEP][PASSED] - delay(2, OPTIONAL): Delayed 2 second(s)

2019-06-19 16:39:08 - [MESSAGE][PASSED] - Delayed 2 second(s)

2019-06-19 16:39:08 - [TEST_STEP][PASSED] - click(findTestObject("Object Repository/COLLECTION PAGE _OR/Filter_OR/Page_Pre-Rolled  Ontario Cannabis S/label_Synr.g"), OPTIONAL): Unable to click on object (Root cause: java.lang.IllegalArgumentException: Object is null)

2019-06-19 16:39:08 - [MESSAGE][WARNING] - Test object with id 'Object Repository/COLLECTION PAGE _OR/Filter_OR/Page_Pre-Rolled  Ontario Cannabis S/label_Synr.g' does not exist

2019-06-19 16:39:08 - [MESSAGE][WARNING] - Test object with id 'Object Repository/' does not exist

2019-06-19 16:39:09 - [MESSAGE][WARNING] - Unable to click on object (Root cause: java.lang.IllegalArgumentException: Object is null)
[[ATTACHMENT|/Users/sumankompelly/Relative xpath-Mobile/Reports/recordings - ( 1.10.2 )/20190619_153658/1560976748996.png]]

2019-06-19 16:39:09 - [TEST_STEP][PASSED] - delay(2, OPTIONAL): Delayed 2 second(s)

2019-06-19 16:39:11 - [MESSAGE][PASSED] - Delayed 2 second(s)

2019-06-19 16:39:11 - [TEST_STEP][PASSED] - click(findTestObject("OCS-MOBILE /Filter flyout/Trailblazer"), OPTIONAL): Unable to click on object 'Object Repository/OCS-MOBILE /Filter flyout/Trailblazer' (Root cause: com.kms.katalon.core.webui.exception.WebElementNotFoundException: Web element with id: 'Object Repository/OCS-MOBILE /Filter flyout/Trailblazer' located by 'By.xpath: //span[contains(text(),'Trailblazer')]' not found)

2019-06-19 16:39:47 - [MESSAGE][INFO] - Unable to find the element located by 'By.xpath: //span[contains(text(),'Trailblazer')]'. Please recheck the objects properties to make sure the desired element is located. 

2019-06-19 16:39:48 - [MESSAGE][WARNING] - Unable to click on object 'Object Repository/OCS-MOBILE /Filter flyout/Trailblazer' (Root cause: com.kms.katalon.core.webui.exception.WebElementNotFoundException: Web element with id: 'Object Repository/OCS-MOBILE /Filter flyout/Trailblazer' located by 'By.xpath: //span[contains(text(),'Trailblazer')]' not found)
[[ATTACHMENT|/Users/sumankompelly/Relative xpath-Mobile/Reports/recordings - ( 1.10.2 )/20190619_153658/1560976787836.png]]

2019-06-19 16:39:48 - [TEST_STEP][PASSED] - delay(2, OPTIONAL): Delayed 2 second(s)

2019-06-19 16:39:50 - [MESSAGE][PASSED] - Delayed 2 second(s)

2019-06-19 16:39:50 - [TEST_STEP][PASSED] - click(findTestObject("OCS-MOBILE /Filter flyout/_Xscape"), OPTIONAL): Unable to click on object 'Object Repository/OCS-MOBILE /Filter flyout/_Xscape' (Root cause: com.kms.katalon.core.webui.exception.WebElementNotFoundException: Web element with id: 'Object Repository/OCS-MOBILE /Filter flyout/_Xscape' located by 'By.xpath: //span[contains(text(),'Xscape')]' not found)

2019-06-19 16:40:26 - [MESSAGE][INFO] - Unable to find the element located by 'By.xpath: //span[contains(text(),'Xscape')]'. Please recheck the objects properties to make sure the desired element is located. 

2019-06-19 16:40:26 - [MESSAGE][WARNING] - Unable to click on object 'Object Repository/OCS-MOBILE /Filter flyout/_Xscape' (Root cause: com.kms.katalon.core.webui.exception.WebElementNotFoundException: Web element with id: 'Object Repository/OCS-MOBILE /Filter flyout/_Xscape' located by 'By.xpath: //span[contains(text(),'Xscape')]' not found)
[[ATTACHMENT|/Users/sumankompelly/Relative xpath-Mobile/Reports/recordings - ( 1.10.2 )/20190619_153658/1560976826265.png]]

2019-06-19 16:40:26 - [TEST_STEP][PASSED] - delay(2, OPTIONAL): Delayed 2 second(s)

2019-06-19 16:40:28 - [MESSAGE][PASSED] - Delayed 2 second(s)

2019-06-19 16:40:28 - [TEST_STEP][PASSED] - click(findTestObject("OCS-MOBILE /Filter flyout/Aurora"), OPTIONAL): Object: 'Object Repository/OCS-MOBILE /Filter flyout/Aurora' is clicked on

2019-06-19 16:40:29 - [MESSAGE][PASSED] - Object: 'Object Repository/OCS-MOBILE /Filter flyout/Aurora' is clicked on

2019-06-19 16:40:29 - [TEST_STEP][PASSED] - click(findTestObject("OCS-MOBILE /Filter flyout/Canna Farms"), OPTIONAL): Object: 'Object Repository/OCS-MOBILE /Filter flyout/Canna Farms' is clicked on

2019-06-19 16:40:29 - [MESSAGE][PASSED] - Object: 'Object Repository/OCS-MOBILE /Filter flyout/Canna Farms' is clicked on

2019-06-19 16:40:29 - [TEST_STEP][PASSED] - click(findTestObject("OCS-MOBILE /Filter flyout/Edison"), OPTIONAL): Object: 'Object Repository/OCS-MOBILE /Filter flyout/Edison' is clicked on

2019-06-19 16:40:29 - [MESSAGE][PASSED] - Object: 'Object Repository/OCS-MOBILE /Filter flyout/Edison' is clicked on

2019-06-19 16:40:29 - [TEST_STEP][PASSED] - click(findTestObject("OCS-MOBILE /Filter flyout/Flowr"), OPTIONAL): Object: 'Object Repository/OCS-MOBILE /Filter flyout/Flowr' is clicked on

2019-06-19 16:40:30 - [MESSAGE][PASSED] - Object: 'Object Repository/OCS-MOBILE /Filter flyout/Flowr' is clicked on

2019-06-19 16:40:30 - [TEST_STEP][PASSED] - click(findTestObject("OCS-MOBILE /Filter flyout/Haven St"), OPTIONAL): Object: 'Object Repository/OCS-MOBILE /Filter flyout/Haven St' is clicked on

2019-06-19 16:40:30 - [MESSAGE][PASSED] - Object: 'Object Repository/OCS-MOBILE /Filter flyout/Haven St' is clicked on

2019-06-19 16:40:30 - [TEST_STEP][PASSED] - click(findTestObject("OCS-MOBILE /Filter flyout/liiv"), OPTIONAL): Unable to click on object 'Object Repository/OCS-MOBILE /Filter flyout/liiv' (Root cause: com.kms.katalon.core.webui.exception.WebElementNotFoundException: Web element with id: 'Object Repository/OCS-MOBILE /Filter flyout/liiv' located by 'By.xpath: //span[(text() = 'liiv' or . = 'liiv')]' not found)

2019-06-19 16:41:06 - [MESSAGE][INFO] - Unable to find the element located by 'By.xpath: //span[(text() = 'liiv' or . = 'liiv')]'. Please recheck the objects properties to make sure the desired element is located. 

2019-06-19 16:41:06 - [MESSAGE][WARNING] - Unable to click on object 'Object Repository/OCS-MOBILE /Filter flyout/liiv' (Root cause: com.kms.katalon.core.webui.exception.WebElementNotFoundException: Web element with id: 'Object Repository/OCS-MOBILE /Filter flyout/liiv' located by 'By.xpath: //span[(text() = 'liiv' or . = 'liiv')]' not found)
[[ATTACHMENT|/Users/sumankompelly/Relative xpath-Mobile/Reports/recordings - ( 1.10.2 )/20190619_153658/1560976866121.png]]

2019-06-19 16:41:06 - [TEST_STEP][PASSED] - click(findTestObject("OCS-MOBILE /Filter flyout/Saturday"), OPTIONAL): Unable to click on object 'Object Repository/OCS-MOBILE /Filter flyout/Saturday' (Root cause: com.kms.katalon.core.webui.exception.WebElementNotFoundException: Web element with id: 'Object Repository/OCS-MOBILE /Filter flyout/Saturday' located by 'By.xpath: /html/body/div/div[2]/div[2]/div[2]/div/div[3]/div[2]/div/fieldset/div[14]/label/span' not found)

2019-06-19 16:41:42 - [MESSAGE][INFO] - Unable to find the element located by 'By.xpath: /html/body/div/div[2]/div[2]/div[2]/div/div[3]/div[2]/div/fieldset/div[14]/label/span'. Please recheck the objects properties to make sure the desired element is located. 

2019-06-19 16:41:42 - [MESSAGE][WARNING] - Unable to click on object 'Object Repository/OCS-MOBILE /Filter flyout/Saturday' (Root cause: com.kms.katalon.core.webui.exception.WebElementNotFoundException: Web element with id: 'Object Repository/OCS-MOBILE /Filter flyout/Saturday' located by 'By.xpath: /html/body/div/div[2]/div[2]/div[2]/div/div[3]/div[2]/div/fieldset/div[14]/label/span' not found)
[[ATTACHMENT|/Users/sumankompelly/Relative xpath-Mobile/Reports/recordings - ( 1.10.2 )/20190619_153658/1560976902301.png]]

2019-06-19 16:41:42 - [TEST_STEP][PASSED] - click(findTestObject("OCS-MOBILE /Filter flyout/Spinach"), OPTIONAL): Unable to click on object 'Object Repository/OCS-MOBILE /Filter flyout/Spinach' (Root cause: com.kms.katalon.core.webui.exception.WebElementNotFoundException: Web element with id: 'Object Repository/OCS-MOBILE /Filter flyout/Spinach' located by 'By.xpath: //span[contains(text(),'Spinach')][count(. | //label[(text() = 'Spinach' or . = 'Spinach')]) = count(//label[(text() = 'Spinach' or . = 'Spinach')])]' not found)

2019-06-19 16:42:19 - [MESSAGE][INFO] - Unable to find the element located by 'By.xpath: //span[contains(text(),'Spinach')][count(. | //label[(text() = 'Spinach' or . = 'Spinach')]) = count(//label[(text() = 'Spinach' or . = 'Spinach')])]'. Please recheck the objects properties to make sure the desired element is located. 

2019-06-19 16:42:19 - [MESSAGE][WARNING] - Unable to click on object 'Object Repository/OCS-MOBILE /Filter flyout/Spinach' (Root cause: com.kms.katalon.core.webui.exception.WebElementNotFoundException: Web element with id: 'Object Repository/OCS-MOBILE /Filter flyout/Spinach' located by 'By.xpath: //span[contains(text(),'Spinach')][count(. | //label[(text() = 'Spinach' or . = 'Spinach')]) = count(//label[(text() = 'Spinach' or . = 'Spinach')])]' not found)
[[ATTACHMENT|/Users/sumankompelly/Relative xpath-Mobile/Reports/recordings - ( 1.10.2 )/20190619_153658/1560976939068.png]]

2019-06-19 16:42:19 - [TEST_STEP][PASSED] - click(findTestObject("Object Repository/COLLECTION PAGE _OR/Filter_OR/Page_Pre-Rolled  Ontario Cannabis S/label_Spinach"), OPTIONAL): Unable to click on object (Root cause: java.lang.IllegalArgumentException: Object is null)

2019-06-19 16:42:19 - [MESSAGE][WARNING] - Test object with id 'Object Repository/COLLECTION PAGE _OR/Filter_OR/Page_Pre-Rolled  Ontario Cannabis S/label_Spinach' does not exist

2019-06-19 16:42:19 - [MESSAGE][WARNING] - Test object with id 'Object Repository/' does not exist

2019-06-19 16:42:20 - [MESSAGE][WARNING] - Unable to click on object (Root cause: java.lang.IllegalArgumentException: Object is null)
[[ATTACHMENT|/Users/sumankompelly/Relative xpath-Mobile/Reports/recordings - ( 1.10.2 )/20190619_153658/1560976939654.png]]

2019-06-19 16:42:20 - [TEST_STEP][PASSED] - click(findTestObject("OCS-MOBILE /Filter flyout/THC BioMed"), OPTIONAL): Object: 'Object Repository/OCS-MOBILE /Filter flyout/THC BioMed' is clicked on

2019-06-19 16:42:20 - [MESSAGE][PASSED] - Object: 'Object Repository/OCS-MOBILE /Filter flyout/THC BioMed' is clicked on

2019-06-19 16:42:20 - [TEST_STEP][PASSED] - click(findTestObject("OCS-MOBILE /Filter flyout/Whistler Cannabis Co"), OPTIONAL): Object: 'Object Repository/OCS-MOBILE /Filter flyout/Whistler Cannabis Co' is clicked on

2019-06-19 16:42:21 - [MESSAGE][PASSED] - Object: 'Object Repository/OCS-MOBILE /Filter flyout/Whistler Cannabis Co' is clicked on

2019-06-19 16:42:21 - [TEST_STEP][PASSED] - click(findTestObject("OCS-MOBILE /Filter flyout/Spinach"), OPTIONAL): Unable to click on object 'Object Repository/OCS-MOBILE /Filter flyout/Spinach' (Root cause: com.kms.katalon.core.webui.exception.WebElementNotFoundException: Web element with id: 'Object Repository/OCS-MOBILE /Filter flyout/Spinach' located by 'By.xpath: //span[contains(text(),'Spinach')][count(. | //label[(text() = 'Spinach' or . = 'Spinach')]) = count(//label[(text() = 'Spinach' or . = 'Spinach')])]' not found)

2019-06-19 16:42:58 - [MESSAGE][INFO] - Unable to find the element located by 'By.xpath: //span[contains(text(),'Spinach')][count(. | //label[(text() = 'Spinach' or . = 'Spinach')]) = count(//label[(text() = 'Spinach' or . = 'Spinach')])]'. Please recheck the objects properties to make sure the desired element is located. 

2019-06-19 16:42:58 - [MESSAGE][WARNING] - Unable to click on object 'Object Repository/OCS-MOBILE /Filter flyout/Spinach' (Root cause: com.kms.katalon.core.webui.exception.WebElementNotFoundException: Web element with id: 'Object Repository/OCS-MOBILE /Filter flyout/Spinach' located by 'By.xpath: //span[contains(text(),'Spinach')][count(. | //label[(text() = 'Spinach' or . = 'Spinach')]) = count(//label[(text() = 'Spinach' or . = 'Spinach')])]' not found)
[[ATTACHMENT|/Users/sumankompelly/Relative xpath-Mobile/Reports/recordings - ( 1.10.2 )/20190619_153658/1560976978009.png]]

2019-06-19 16:42:58 - [TEST_STEP][PASSED] - click(findTestObject("OCS-MOBILE /Filter flyout/Spinach1"), OPTIONAL): Object: 'Object Repository/OCS-MOBILE /Filter flyout/Spinach1' is clicked on

2019-06-19 16:42:58 - [MESSAGE][PASSED] - Object: 'Object Repository/OCS-MOBILE /Filter flyout/Spinach1' is clicked on

2019-06-19 16:42:58 - [TEST_STEP][NOT_RUN] - click(findTestObject("OCS-MOBILE /Filter flyout/Learn More About brand"), OPTIONAL): NOT_RUN: click(findTestObject("OCS-MOBILE /Filter flyout/Learn More About brand"), OPTIONAL)

2019-06-19 16:42:58 - [MESSAGE][NOT_RUN] - NOT_RUN: click(findTestObject("OCS-MOBILE /Filter flyout/Learn More About brand"), OPTIONAL)

2019-06-19 16:42:58 - [TEST_STEP][NOT_RUN] - setText(findTestObject("OCS-MOBILE /Filter flyout/Input to search - brand"), "boveda", OPTIONAL): NOT_RUN: setText(findTestObject("OCS-MOBILE /Filter flyout/Input to search - brand"), "boveda", OPTIONAL)

2019-06-19 16:42:58 - [MESSAGE][NOT_RUN] - NOT_RUN: setText(findTestObject("OCS-MOBILE /Filter flyout/Input to search - brand"), "boveda", OPTIONAL)

2019-06-19 16:42:58 - [TEST_STEP][NOT_RUN] - verifyTextPresent("", Keys.chord(ENTER), OPTIONAL): NOT_RUN: verifyTextPresent("", Keys.chord(ENTER), OPTIONAL)

2019-06-19 16:42:58 - [MESSAGE][NOT_RUN] - NOT_RUN: verifyTextPresent("", Keys.chord(ENTER), OPTIONAL)

2019-06-19 16:42:58 - [TEST_STEP][NOT_RUN] - verifyTextPresent("Boveda", false, OPTIONAL): NOT_RUN: verifyTextPresent("Boveda", false, OPTIONAL)

2019-06-19 16:42:58 - [MESSAGE][NOT_RUN] - NOT_RUN: verifyTextPresent("Boveda", false, OPTIONAL)

2019-06-19 16:42:58 - [TEST_STEP][NOT_RUN] - setText(findTestObject("OCS-MOBILE /Filter flyout/Input to search - brand"), "ace valley", OPTIONAL): NOT_RUN: setText(findTestObject("OCS-MOBILE /Filter flyout/Input to search - brand"), "ace valley", OPTIONAL)

2019-06-19 16:42:58 - [MESSAGE][NOT_RUN] - NOT_RUN: setText(findTestObject("OCS-MOBILE /Filter flyout/Input to search - brand"), "ace valley", OPTIONAL)

2019-06-19 16:42:58 - [TEST_STEP][NOT_RUN] - sendKeys(findTestObject("Object Repository/COLLECTION PAGE _OR/Filter_OR/Page_Shop by Brands  Ontario Cannab/input_Shop by Brands_q"), Keys.chord(ENTER), OPTIONAL): NOT_RUN: sendKeys(findTestObject("Object Repository/COLLECTION PAGE _OR/Filter_OR/Page_Shop by Brands  Ontario Cannab/input_Shop by Brands_q"), Keys.chord(ENTER), OPTIONAL)

2019-06-19 16:42:58 - [MESSAGE][NOT_RUN] - NOT_RUN: sendKeys(findTestObject("Object Repository/COLLECTION PAGE _OR/Filter_OR/Page_Shop by Brands  Ontario Cannab/input_Shop by Brands_q"), Keys.chord(ENTER), OPTIONAL)

2019-06-19 16:42:58 - [TEST_STEP][NOT_RUN] - verifyTextPresent("Ace Valley", false, OPTIONAL): NOT_RUN: verifyTextPresent("Ace Valley", false, OPTIONAL)

2019-06-19 16:42:58 - [MESSAGE][NOT_RUN] - NOT_RUN: verifyTextPresent("Ace Valley", false, OPTIONAL)

2019-06-19 16:42:58 - [TEST_STEP][NOT_RUN] - back(OPTIONAL): NOT_RUN: back(OPTIONAL)

2019-06-19 16:42:58 - [MESSAGE][NOT_RUN] - NOT_RUN: back(OPTIONAL)

2019-06-19 16:42:58 - [TEST_STEP][NOT_RUN] - back(OPTIONAL): NOT_RUN: back(OPTIONAL)

2019-06-19 16:42:58 - [MESSAGE][NOT_RUN] - NOT_RUN: back(OPTIONAL)

2019-06-19 16:42:58 - [TEST_STEP][NOT_RUN] - click(findTestObject("OCS-MOBILE /Filter flyout/Filter option"), OPTIONAL): NOT_RUN: click(findTestObject("OCS-MOBILE /Filter flyout/Filter option"), OPTIONAL)

2019-06-19 16:42:58 - [MESSAGE][NOT_RUN] - NOT_RUN: click(findTestObject("OCS-MOBILE /Filter flyout/Filter option"), OPTIONAL)

2019-06-19 16:42:58 - [TEST_STEP][PASSED] - click(findTestObject("OCS-MOBILE /Filter flyout/Terpenes tooltip"), OPTIONAL): Object: 'Object Repository/OCS-MOBILE /Filter flyout/Terpenes tooltip' is clicked on

2019-06-19 16:42:59 - [MESSAGE][PASSED] - Object: 'Object Repository/OCS-MOBILE /Filter flyout/Terpenes tooltip' is clicked on

2019-06-19 16:42:59 - [TEST_STEP][PASSED] - click(findTestObject("OCS-MOBILE /Filter flyout/Terpenes plus accordian"), OPTIONAL): Object: 'Object Repository/OCS-MOBILE /Filter flyout/Terpenes plus accordian' is clicked on

2019-06-19 16:42:59 - [MESSAGE][PASSED] - Object: 'Object Repository/OCS-MOBILE /Filter flyout/Terpenes plus accordian' is clicked on

2019-06-19 16:42:59 - [TEST_STEP][PASSED] - click(findTestObject("OCS-MOBILE /Filter flyout/Terpenes subtract accordian"), OPTIONAL): Unable to click on object 'Object Repository/OCS-MOBILE /Filter flyout/Terpenes subtract accordian' (Root cause: com.kms.katalon.core.webui.exception.WebElementNotFoundException: Web element with id: 'Object Repository/OCS-MOBILE /Filter flyout/Terpenes subtract accordian' located by 'By.xpath: //div[@class='filter__group accordionize tags']//i[@class='icon icon--subtract']' not found)

2019-06-19 16:43:36 - [MESSAGE][INFO] - Unable to find the element located by 'By.xpath: //div[@class='filter__group accordionize tags']//i[@class='icon icon--subtract']'. Please recheck the objects properties to make sure the desired element is located. 

2019-06-19 16:43:37 - [MESSAGE][WARNING] - Unable to click on object 'Object Repository/OCS-MOBILE /Filter flyout/Terpenes subtract accordian' (Root cause: com.kms.katalon.core.webui.exception.WebElementNotFoundException: Web element with id: 'Object Repository/OCS-MOBILE /Filter flyout/Terpenes subtract accordian' located by 'By.xpath: //div[@class='filter__group accordionize tags']//i[@class='icon icon--subtract']' not found)
[[ATTACHMENT|/Users/sumankompelly/Relative xpath-Mobile/Reports/recordings - ( 1.10.2 )/20190619_153658/1560977016644.png]]

2019-06-19 16:43:37 - [TEST_STEP][PASSED] - click(findTestObject("OCS-MOBILE /Filter flyout/Terpenes plus accordian"), OPTIONAL): Unable to click on object 'Object Repository/OCS-MOBILE /Filter flyout/Terpenes plus accordian' (Root cause: com.kms.katalon.core.webui.exception.WebElementNotFoundException: Web element with id: 'Object Repository/OCS-MOBILE /Filter flyout/Terpenes plus accordian' located by 'By.xpath: //div[@class='filter__group accordionize tags']//i[@class='icon icon--plus']' not found)

2019-06-19 16:44:13 - [MESSAGE][INFO] - Unable to find the element located by 'By.xpath: //div[@class='filter__group accordionize tags']//i[@class='icon icon--plus']'. Please recheck the objects properties to make sure the desired element is located. 

2019-06-19 16:44:14 - [MESSAGE][WARNING] - Unable to click on object 'Object Repository/OCS-MOBILE /Filter flyout/Terpenes plus accordian' (Root cause: com.kms.katalon.core.webui.exception.WebElementNotFoundException: Web element with id: 'Object Repository/OCS-MOBILE /Filter flyout/Terpenes plus accordian' located by 'By.xpath: //div[@class='filter__group accordionize tags']//i[@class='icon icon--plus']' not found)
[[ATTACHMENT|/Users/sumankompelly/Relative xpath-Mobile/Reports/recordings - ( 1.10.2 )/20190619_153658/1560977053344.png]]

2019-06-19 16:44:14 - [TEST_STEP][PASSED] - click(findTestObject("OCS-MOBILE /Filter flyout/Alpha-bisabolol"), OPTIONAL): Object: 'Object Repository/OCS-MOBILE /Filter flyout/Alpha-bisabolol' is clicked on

2019-06-19 16:44:14 - [MESSAGE][PASSED] - Object: 'Object Repository/OCS-MOBILE /Filter flyout/Alpha-bisabolol' is clicked on

2019-06-19 16:44:14 - [TEST_STEP][PASSED] - click(findTestObject("OCS-MOBILE /Filter flyout/Alpha-pinene"), OPTIONAL): Object: 'Object Repository/OCS-MOBILE /Filter flyout/Alpha-pinene' is clicked on

2019-06-19 16:44:14 - [MESSAGE][PASSED] - Object: 'Object Repository/OCS-MOBILE /Filter flyout/Alpha-pinene' is clicked on

2019-06-19 16:44:14 - [TEST_STEP][PASSED] - click(findTestObject("Object Repository/COLLECTION PAGE _OR/Filter_OR/Page_Pre-Rolled  Ontario Cannabis S/label_Alpha-pinene"), OPTIONAL): Unable to click on object (Root cause: java.lang.IllegalArgumentException: Object is null)

2019-06-19 16:44:14 - [MESSAGE][WARNING] - Test object with id 'Object Repository/COLLECTION PAGE _OR/Filter_OR/Page_Pre-Rolled  Ontario Cannabis S/label_Alpha-pinene' does not exist

2019-06-19 16:44:14 - [MESSAGE][WARNING] - Test object with id 'Object Repository/' does not exist

2019-06-19 16:44:15 - [MESSAGE][WARNING] - Unable to click on object (Root cause: java.lang.IllegalArgumentException: Object is null)
[[ATTACHMENT|/Users/sumankompelly/Relative xpath-Mobile/Reports/recordings - ( 1.10.2 )/20190619_153658/1560977054549.png]]

2019-06-19 16:44:15 - [TEST_STEP][PASSED] - click(findTestObject("OCS-MOBILE /Filter flyout/Beta-pinene"), OPTIONAL): Object: 'Object Repository/OCS-MOBILE /Filter flyout/Beta-pinene' is clicked on

2019-06-19 16:44:15 - [MESSAGE][PASSED] - Object: 'Object Repository/OCS-MOBILE /Filter flyout/Beta-pinene' is clicked on

2019-06-19 16:44:15 - [TEST_STEP][PASSED] - click(findTestObject("OCS-MOBILE /Filter flyout/Guaiol"), OPTIONAL): Object: 'Object Repository/OCS-MOBILE /Filter flyout/Guaiol' is clicked on

2019-06-19 16:44:15 - [MESSAGE][PASSED] - Object: 'Object Repository/OCS-MOBILE /Filter flyout/Guaiol' is clicked on

2019-06-19 16:44:15 - [TEST_STEP][PASSED] - click(findTestObject("OCS-MOBILE /Filter flyout/Limonene"), OPTIONAL): Object: 'Object Repository/OCS-MOBILE /Filter flyout/Limonene' is clicked on

2019-06-19 16:44:16 - [MESSAGE][PASSED] - Object: 'Object Repository/OCS-MOBILE /Filter flyout/Limonene' is clicked on

2019-06-19 16:44:16 - [TEST_STEP][PASSED] - delay(1, OPTIONAL): Delayed 1 second(s)

2019-06-19 16:44:17 - [MESSAGE][PASSED] - Delayed 1 second(s)

2019-06-19 16:44:17 - [TEST_STEP][PASSED] - click(findTestObject("OCS-MOBILE /Filter flyout/Myrcene"), OPTIONAL): Object: 'Object Repository/OCS-MOBILE /Filter flyout/Myrcene' is clicked on

2019-06-19 16:44:17 - [MESSAGE][PASSED] - Object: 'Object Repository/OCS-MOBILE /Filter flyout/Myrcene' is clicked on

2019-06-19 16:44:17 - [TEST_STEP][PASSED] - delay(1, OPTIONAL): Delayed 1 second(s)

2019-06-19 16:44:18 - [MESSAGE][PASSED] - Delayed 1 second(s)

2019-06-19 16:44:18 - [TEST_STEP][PASSED] - click(findTestObject("OCS-MOBILE /Filter flyout/Ocimene"), OPTIONAL): Object: 'Object Repository/OCS-MOBILE /Filter flyout/Ocimene' is clicked on

2019-06-19 16:44:18 - [MESSAGE][PASSED] - Object: 'Object Repository/OCS-MOBILE /Filter flyout/Ocimene' is clicked on

2019-06-19 16:44:18 - [TEST_STEP][PASSED] - click(findTestObject("OCS-MOBILE /Filter flyout/Terpinene"), OPTIONAL): Object: 'Object Repository/OCS-MOBILE /Filter flyout/Terpinene' is clicked on

2019-06-19 16:44:19 - [MESSAGE][PASSED] - Object: 'Object Repository/OCS-MOBILE /Filter flyout/Terpinene' is clicked on

2019-06-19 16:44:19 - [TEST_STEP][PASSED] - click(findTestObject("OCS-MOBILE /Filter flyout/Terpinolene"), OPTIONAL): Object: 'Object Repository/OCS-MOBILE /Filter flyout/Terpinolene' is clicked on

2019-06-19 16:44:19 - [MESSAGE][PASSED] - Object: 'Object Repository/OCS-MOBILE /Filter flyout/Terpinolene' is clicked on

2019-06-19 16:44:19 - [TEST_STEP][PASSED] - delay(1, OPTIONAL): Delayed 1 second(s)

2019-06-19 16:44:20 - [MESSAGE][PASSED] - Delayed 1 second(s)

2019-06-19 16:44:20 - [TEST_STEP][NOT_RUN] - click(findTestObject("Object Repository/COLLECTION PAGE _OR/Filter_OR/Page_Pre-Rolled  Ontario Cannabis S/span_Trans-caryophyllene"), OPTIONAL): NOT_RUN: click(findTestObject("Object Repository/COLLECTION PAGE _OR/Filter_OR/Page_Pre-Rolled  Ontario Cannabis S/span_Trans-caryophyllene"), OPTIONAL)

2019-06-19 16:44:20 - [MESSAGE][NOT_RUN] - NOT_RUN: click(findTestObject("Object Repository/COLLECTION PAGE _OR/Filter_OR/Page_Pre-Rolled  Ontario Cannabis S/span_Trans-caryophyllene"), OPTIONAL)

2019-06-19 16:44:20 - [TEST_STEP][PASSED] - click(findTestObject("OCS-MOBILE /Filter flyout/Terpineol"), OPTIONAL): Object: 'Object Repository/OCS-MOBILE /Filter flyout/Terpineol' is clicked on

2019-06-19 16:44:20 - [MESSAGE][PASSED] - Object: 'Object Repository/OCS-MOBILE /Filter flyout/Terpineol' is clicked on

2019-06-19 16:44:20 - [TEST_STEP][PASSED] - click(findTestObject("OCS-MOBILE /Filter flyout/Para-cymenene"), OPTIONAL): Unable to click on object 'Object Repository/OCS-MOBILE /Filter flyout/Para-cymenene' (Root cause: com.kms.katalon.core.webui.exception.WebElementNotFoundException: Web element with id: 'Object Repository/OCS-MOBILE /Filter flyout/Para-cymenene' located by 'By.xpath: /html/body/div/div[2]/div[2]/div[2]/div/div[4]/div[2]/div/fieldset/div[13]/label/span' not found)

2019-06-19 16:44:56 - [MESSAGE][INFO] - Unable to find the element located by 'By.xpath: /html/body/div/div[2]/div[2]/div[2]/div/div[4]/div[2]/div/fieldset/div[13]/label/span'. Please recheck the objects properties to make sure the desired element is located. 

2019-06-19 16:44:56 - [MESSAGE][WARNING] - Unable to click on object 'Object Repository/OCS-MOBILE /Filter flyout/Para-cymenene' (Root cause: com.kms.katalon.core.webui.exception.WebElementNotFoundException: Web element with id: 'Object Repository/OCS-MOBILE /Filter flyout/Para-cymenene' located by 'By.xpath: /html/body/div/div[2]/div[2]/div[2]/div/div[4]/div[2]/div/fieldset/div[13]/label/span' not found)
[[ATTACHMENT|/Users/sumankompelly/Relative xpath-Mobile/Reports/recordings - ( 1.10.2 )/20190619_153658/1560977096408.png]]

2019-06-19 16:44:56 - [TEST_STEP][PASSED] - click(findTestObject("OCS-MOBILE /Filter flyout/Nerolidol"), OPTIONAL): Object: 'Object Repository/OCS-MOBILE /Filter flyout/Nerolidol' is clicked on

2019-06-19 16:44:57 - [MESSAGE][PASSED] - Object: 'Object Repository/OCS-MOBILE /Filter flyout/Nerolidol' is clicked on

2019-06-19 16:44:57 - [TEST_STEP][PASSED] - click(findTestObject("OCS-MOBILE /Filter flyout/Linalool"), OPTIONAL): Object: 'Object Repository/OCS-MOBILE /Filter flyout/Linalool' is clicked on

2019-06-19 16:44:57 - [MESSAGE][PASSED] - Object: 'Object Repository/OCS-MOBILE /Filter flyout/Linalool' is clicked on

2019-06-19 16:44:57 - [TEST_STEP][PASSED] - click(findTestObject("OCS-MOBILE /Filter flyout/Humulene"), OPTIONAL): Object: 'Object Repository/OCS-MOBILE /Filter flyout/Humulene' is clicked on

2019-06-19 16:44:57 - [MESSAGE][PASSED] - Object: 'Object Repository/OCS-MOBILE /Filter flyout/Humulene' is clicked on

2019-06-19 16:44:57 - [TEST_STEP][PASSED] - click(findTestObject("OCS-MOBILE /Filter flyout/Bisabolol"), OPTIONAL): Object: 'Object Repository/OCS-MOBILE /Filter flyout/Bisabolol' is clicked on

2019-06-19 16:44:57 - [MESSAGE][PASSED] - Object: 'Object Repository/OCS-MOBILE /Filter flyout/Bisabolol' is clicked on

2019-06-19 16:44:57 - [TEST_STEP][PASSED] - click(findTestObject("OCS-MOBILE /Filter flyout/Beta-caryophyllene"), OPTIONAL): Object: 'Object Repository/OCS-MOBILE /Filter flyout/Beta-caryophyllene' is clicked on

2019-06-19 16:44:58 - [MESSAGE][PASSED] - Object: 'Object Repository/OCS-MOBILE /Filter flyout/Beta-caryophyllene' is clicked on

2019-06-19 16:44:58 - [TEST_STEP][PASSED] - click(findTestObject("OCS-MOBILE /Filter flyout/Alpha-caryophyllene"), OPTIONAL): Object: 'Object Repository/OCS-MOBILE /Filter flyout/Alpha-caryophyllene' is clicked on

2019-06-19 16:44:58 - [MESSAGE][PASSED] - Object: 'Object Repository/OCS-MOBILE /Filter flyout/Alpha-caryophyllene' is clicked on

2019-06-19 16:44:58 - [TEST_STEP][PASSED] - click(findTestObject("OCS-MOBILE /Filter flyout/Trans-caryophyllene"), OPTIONAL): Object: 'Object Repository/OCS-MOBILE /Filter flyout/Trans-caryophyllene' is clicked on

2019-06-19 16:44:58 - [MESSAGE][PASSED] - Object: 'Object Repository/OCS-MOBILE /Filter flyout/Trans-caryophyllene' is clicked on

2019-06-19 16:44:58 - [TEST_STEP][PASSED] - delay(2): Delayed 2 second(s)

2019-06-19 16:45:00 - [MESSAGE][PASSED] - Delayed 2 second(s)

2019-06-19 16:45:00 - [TEST_STEP][PASSED] - delay(1, OPTIONAL): Delayed 1 second(s)

2019-06-19 16:45:01 - [MESSAGE][PASSED] - Delayed 1 second(s)

2019-06-19 16:45:01 - [TEST_STEP][PASSED] - click(findTestObject("OCS-MOBILE /Filter flyout/Done (43)")): Object: 'Object Repository/OCS-MOBILE /Filter flyout/Done (43)' is clicked on

2019-06-19 16:45:02 - [MESSAGE][PASSED] - Object: 'Object Repository/OCS-MOBILE /Filter flyout/Done (43)' is clicked on

2019-06-19 16:45:02 - [TEST_STEP][PASSED] - a = getText(findTestObject("OCS-MOBILE /Filter flyout/li_Pre-Rolled")): Text of object 'Object Repository/OCS-MOBILE /Filter flyout/li_Pre-Rolled' is: 'INDICA DOMINANT DRIED FLOWER'

2019-06-19 16:45:02 - [MESSAGE][PASSED] - Text of object 'Object Repository/OCS-MOBILE /Filter flyout/li_Pre-Rolled' is: 'INDICA DOMINANT DRIED FLOWER'

2019-06-19 16:45:02 - [TEST_STEP][PASSED] - comment(a): INDICA DOMINANT DRIED FLOWER

2019-06-19 16:45:02 - [MESSAGE][INFO] - INDICA DOMINANT DRIED FLOWER

2019-06-19 16:45:02 - [TEST_STEP][PASSED] - if (a == "40 Products"): null

2019-06-19 16:45:02 - [TEST_STEP][PASSED] - else: products filtered

2019-06-19 16:45:02 - [TEST_STEP][PASSED] - comment("products filtered"): products filtered

2019-06-19 16:45:02 - [MESSAGE][INFO] - products filtered

2019-06-19 16:45:02 - [TEST_STEP][NOT_RUN] - callTestCase(findTestCase("OCS - MOBILE/OCS-COLLECTION PAGE/calling test case"), [:], STOP_ON_FAILURE): NOT_RUN: callTestCase(findTestCase("OCS - MOBILE/OCS-COLLECTION PAGE/calling test case"), [:], STOP_ON_FAILURE)

2019-06-19 16:45:02 - [MESSAGE][NOT_RUN] - NOT_RUN: callTestCase(findTestCase("OCS - MOBILE/OCS-COLLECTION PAGE/calling test case"), [:], STOP_ON_FAILURE)

2019-06-19 16:45:02 - [TEST_STEP][NOT_RUN] - click(findTestObject("OCS-MOBILE /Filter flyout/Filter option")): NOT_RUN: click(findTestObject("OCS-MOBILE /Filter flyout/Filter option"))

2019-06-19 16:45:02 - [MESSAGE][NOT_RUN] - NOT_RUN: click(findTestObject("OCS-MOBILE /Filter flyout/Filter option"))

2019-06-19 16:45:02 - [TEST_STEP][NOT_RUN] - delay(2): NOT_RUN: delay(2)

2019-06-19 16:45:02 - [MESSAGE][NOT_RUN] - NOT_RUN: delay(2)

2019-06-19 16:45:02 - [TEST_STEP][NOT_RUN] - setViewPortSize(1000, 800, OPTIONAL): NOT_RUN: setViewPortSize(1000, 800, OPTIONAL)

2019-06-19 16:45:02 - [MESSAGE][NOT_RUN] - NOT_RUN: setViewPortSize(1000, 800, OPTIONAL)

2019-06-19 16:45:02 - [TEST_STEP][NOT_RUN] - delay(2, OPTIONAL): NOT_RUN: delay(2, OPTIONAL)

2019-06-19 16:45:02 - [MESSAGE][NOT_RUN] - NOT_RUN: delay(2, OPTIONAL)

2019-06-19 16:45:02 - [TEST_STEP][NOT_RUN] - click(findTestObject("Theme_oR/Page_Ontario Cannabis Store  Ontari/button_Hide bar"), OPTIONAL): NOT_RUN: click(findTestObject("Theme_oR/Page_Ontario Cannabis Store  Ontari/button_Hide bar"), OPTIONAL)

2019-06-19 16:45:02 - [MESSAGE][NOT_RUN] - NOT_RUN: click(findTestObject("Theme_oR/Page_Ontario Cannabis Store  Ontari/button_Hide bar"), OPTIONAL)

2019-06-19 16:45:02 - [TEST_STEP][NOT_RUN] - delay(2, OPTIONAL): NOT_RUN: delay(2, OPTIONAL)

2019-06-19 16:45:02 - [MESSAGE][NOT_RUN] - NOT_RUN: delay(2, OPTIONAL)

2019-06-19 16:45:02 - [TEST_STEP][NOT_RUN] - setViewPortSize(360, 800, OPTIONAL): NOT_RUN: setViewPortSize(360, 800, OPTIONAL)

2019-06-19 16:45:02 - [MESSAGE][NOT_RUN] - NOT_RUN: setViewPortSize(360, 800, OPTIONAL)

2019-06-19 16:45:02 - [TEST_STEP][NOT_RUN] - delay(1, OPTIONAL): NOT_RUN: delay(1, OPTIONAL)

2019-06-19 16:45:02 - [MESSAGE][NOT_RUN] - NOT_RUN: delay(1, OPTIONAL)

2019-06-19 16:45:02 - [TEST_STEP][NOT_RUN] - click(findTestObject("OCS-MOBILE /Filter flyout/Learn More About Terpenes")): NOT_RUN: click(findTestObject("OCS-MOBILE /Filter flyout/Learn More About Terpenes"))

2019-06-19 16:45:02 - [MESSAGE][NOT_RUN] - NOT_RUN: click(findTestObject("OCS-MOBILE /Filter flyout/Learn More About Terpenes"))

2019-06-19 16:45:02 - [TEST_STEP][NOT_RUN] - click(findTestObject("OCS-MOBILE /Filter flyout/Filter option")): NOT_RUN: click(findTestObject("OCS-MOBILE /Filter flyout/Filter option"))

2019-06-19 16:45:02 - [MESSAGE][NOT_RUN] - NOT_RUN: click(findTestObject("OCS-MOBILE /Filter flyout/Filter option"))

2019-06-19 16:45:02 - [TEST_STEP][NOT_RUN] - delay(2): NOT_RUN: delay(2)

2019-06-19 16:45:02 - [MESSAGE][NOT_RUN] - NOT_RUN: delay(2)

2019-06-19 16:45:02 - [TEST_STEP][NOT_RUN] - click(findTestObject("OCS-MOBILE /Filter flyout/THC CBD plus accordian")): NOT_RUN: click(findTestObject("OCS-MOBILE /Filter flyout/THC CBD plus accordian"))

2019-06-19 16:45:02 - [MESSAGE][NOT_RUN] - NOT_RUN: click(findTestObject("OCS-MOBILE /Filter flyout/THC CBD plus accordian"))

2019-06-19 16:45:02 - [TEST_STEP][NOT_RUN] - delay(2): NOT_RUN: delay(2)

2019-06-19 16:45:02 - [MESSAGE][NOT_RUN] - NOT_RUN: delay(2)

2019-06-19 16:45:02 - [TEST_STEP][NOT_RUN] - click(findTestObject("OCS-MOBILE /Filter flyout/Learn More About THC CBD")): NOT_RUN: click(findTestObject("OCS-MOBILE /Filter flyout/Learn More About THC CBD"))

2019-06-19 16:45:02 - [MESSAGE][NOT_RUN] - NOT_RUN: click(findTestObject("OCS-MOBILE /Filter flyout/Learn More About THC CBD"))

2019-06-19 16:45:02 - [TEST_STEP][NOT_RUN] - back(): NOT_RUN: back()

2019-06-19 16:45:02 - [MESSAGE][NOT_RUN] - NOT_RUN: back()

2019-06-19 16:45:02 - [TEST_STEP][NOT_RUN] - delay(2): NOT_RUN: delay(2)

2019-06-19 16:45:02 - [MESSAGE][NOT_RUN] - NOT_RUN: delay(2)

2019-06-19 16:45:02 - [TEST_STEP][NOT_RUN] - click(findTestObject("OCS-MOBILE /Filter flyout/Filter option")): NOT_RUN: click(findTestObject("OCS-MOBILE /Filter flyout/Filter option"))

2019-06-19 16:45:02 - [MESSAGE][NOT_RUN] - NOT_RUN: click(findTestObject("OCS-MOBILE /Filter flyout/Filter option"))

2019-06-19 16:45:02 - [TEST_STEP][NOT_RUN] - delay(2): NOT_RUN: delay(2)

2019-06-19 16:45:02 - [MESSAGE][NOT_RUN] - NOT_RUN: delay(2)

2019-06-19 16:45:02 - [TEST_STEP][NOT_RUN] - click(findTestObject("OCS-MOBILE /Filter flyout/Plant type plus accordian")): NOT_RUN: click(findTestObject("OCS-MOBILE /Filter flyout/Plant type plus accordian"))

2019-06-19 16:45:02 - [MESSAGE][NOT_RUN] - NOT_RUN: click(findTestObject("OCS-MOBILE /Filter flyout/Plant type plus accordian"))

2019-06-19 16:45:02 - [TEST_STEP][NOT_RUN] - delay(2): NOT_RUN: delay(2)

2019-06-19 16:45:02 - [MESSAGE][NOT_RUN] - NOT_RUN: delay(2)

2019-06-19 16:45:02 - [TEST_STEP][NOT_RUN] - click(findTestObject("OCS-MOBILE /Filter flyout/Learn More About Plant Type")): NOT_RUN: click(findTestObject("OCS-MOBILE /Filter flyout/Learn More About Plant Type"))

2019-06-19 16:45:02 - [MESSAGE][NOT_RUN] - NOT_RUN: click(findTestObject("OCS-MOBILE /Filter flyout/Learn More About Plant Type"))

2019-06-19 16:45:02 - [TEST_STEP][NOT_RUN] - back(): NOT_RUN: back()

2019-06-19 16:45:02 - [MESSAGE][NOT_RUN] - NOT_RUN: back()

2019-06-19 16:45:02 - [TEST_STEP][NOT_RUN] - delay(2): NOT_RUN: delay(2)

2019-06-19 16:45:02 - [MESSAGE][NOT_RUN] - NOT_RUN: delay(2)

2019-06-19 16:45:02 - [TEST_STEP][NOT_RUN] - click(findTestObject("OCS-MOBILE /Filter flyout/Filter option")): NOT_RUN: click(findTestObject("OCS-MOBILE /Filter flyout/Filter option"))

2019-06-19 16:45:02 - [MESSAGE][NOT_RUN] - NOT_RUN: click(findTestObject("OCS-MOBILE /Filter flyout/Filter option"))

2019-06-19 16:45:02 - [TEST_STEP][NOT_RUN] - delay(2): NOT_RUN: delay(2)

2019-06-19 16:45:02 - [MESSAGE][NOT_RUN] - NOT_RUN: delay(2)

2019-06-19 16:45:02 - [TEST_STEP][NOT_RUN] - click(findTestObject("OCS-MOBILE /Filter flyout/Brand plus accordian")): NOT_RUN: click(findTestObject("OCS-MOBILE /Filter flyout/Brand plus accordian"))

2019-06-19 16:45:02 - [MESSAGE][NOT_RUN] - NOT_RUN: click(findTestObject("OCS-MOBILE /Filter flyout/Brand plus accordian"))

2019-06-19 16:45:02 - [TEST_STEP][NOT_RUN] - delay(2): NOT_RUN: delay(2)

2019-06-19 16:45:02 - [MESSAGE][NOT_RUN] - NOT_RUN: delay(2)

2019-06-19 16:45:02 - [TEST_STEP][NOT_RUN] - click(findTestObject("OCS-MOBILE /Filter flyout/Learn More About brand"), OPTIONAL): NOT_RUN: click(findTestObject("OCS-MOBILE /Filter flyout/Learn More About brand"), OPTIONAL)

2019-06-19 16:45:02 - [MESSAGE][NOT_RUN] - NOT_RUN: click(findTestObject("OCS-MOBILE /Filter flyout/Learn More About brand"), OPTIONAL)

2019-06-19 16:45:02 - [TEST_STEP][NOT_RUN] - back(): NOT_RUN: back()

2019-06-19 16:45:02 - [MESSAGE][NOT_RUN] - NOT_RUN: back()

2019-06-19 16:45:02 - [TEST_STEP][NOT_RUN] - delay(2): NOT_RUN: delay(2)

2019-06-19 16:45:02 - [MESSAGE][NOT_RUN] - NOT_RUN: delay(2)

2019-06-19 16:45:02 - [TEST_STEP][NOT_RUN] - click(findTestObject("OCS-MOBILE /Filter flyout/Filter option")): NOT_RUN: click(findTestObject("OCS-MOBILE /Filter flyout/Filter option"))

2019-06-19 16:45:02 - [MESSAGE][NOT_RUN] - NOT_RUN: click(findTestObject("OCS-MOBILE /Filter flyout/Filter option"))

2019-06-19 16:45:02 - [TEST_STEP][NOT_RUN] - delay(2): NOT_RUN: delay(2)

2019-06-19 16:45:02 - [MESSAGE][NOT_RUN] - NOT_RUN: delay(2)

2019-06-19 16:45:02 - [TEST_STEP][NOT_RUN] - click(findTestObject("OCS-MOBILE /Filter flyout/Terpenes plus accordian"), OPTIONAL): NOT_RUN: click(findTestObject("OCS-MOBILE /Filter flyout/Terpenes plus accordian"), OPTIONAL)

2019-06-19 16:45:02 - [MESSAGE][NOT_RUN] - NOT_RUN: click(findTestObject("OCS-MOBILE /Filter flyout/Terpenes plus accordian"), OPTIONAL)

2019-06-19 16:45:02 - [TEST_STEP][NOT_RUN] - delay(2): NOT_RUN: delay(2)

2019-06-19 16:45:02 - [MESSAGE][NOT_RUN] - NOT_RUN: delay(2)

2019-06-19 16:45:02 - [TEST_STEP][NOT_RUN] - click(findTestObject("OCS-MOBILE /Filter flyout/Learn More About Terpenes")): NOT_RUN: click(findTestObject("OCS-MOBILE /Filter flyout/Learn More About Terpenes"))

2019-06-19 16:45:02 - [MESSAGE][NOT_RUN] - NOT_RUN: click(findTestObject("OCS-MOBILE /Filter flyout/Learn More About Terpenes"))]]></system-out>
         <system-err><![CDATA[]]></system-err>
      </testcase>
      <system-out><![CDATA[2019-06-19 15:37:00 - [TEST_SUITE][FAILED] - recordings - ( 1.10.2 ): Test Cases/OCS - MOBILE/OCS- CRITICAL PATH/Cart flyout- decrease qty FAILED.
Reason:
com.kms.katalon.core.exception.StepFailedException: Unable to click on object 'Object Repository/OCS-MOBILE /Collection page/Product image - 1st one' (Root cause: org.openqa.selenium.WebDriverException: element click intercepted: Element <div class="product-tile__image">...</div> is not clickable at point (150, 544). Other element would receive the click: <iframe title="Preview Bar" id="preview-bar-iframe" src="https://ocs.ca/preview_bar" sandbox="allow-same-origin allow-scripts" style="position: fixed; bottom: 0px; left: 0px; z-index: 2147483647; width: 100%; border: none; box-shadow: rgba(0, 0, 0, 0.2) 0px -1px 3px; overflow: hidden; transform: translateY(0px); transition: transform 300ms ease 0s; height: 92px;"></iframe>
  (Session info: chrome=76.0.3809.25)
  (Driver info: chromedriver=76.0.3809.25 (a0c95f440512e06df1c9c206f2d79cc20be18bb1-refs/branch-heads/3809@{#271}),platform=Mac OS X 10.13.6 x86_64) (WARNING: The server did not provide any stacktrace information)
Command duration or timeout: 59 milliseconds
Build info: version: '2.53.0', revision: '35ae25b', time: '2016-03-15 17:00:58'
System info: host: 'mac-207-254-12-176.browserstack.com', ip: '207.254.12.176', os.name: 'Mac OS X', os.arch: 'x86_64', os.version: '10.13.6', java.version: '1.8.0_51'
Driver info: org.openqa.selenium.chrome.ChromeDriver
Capabilities [{mobileEmulationEnabled=false, timeouts={implicit=0, pageLoad=300000, script=30000}, hasTouchScreen=false, platform=MAC, acceptSslCerts=false, goog:chromeOptions={debuggerAddress=localhost:58842}, acceptInsecureCerts=false, webStorageEnabled=true, browserName=chrome, takesScreenshot=true, javascriptEnabled=true, setWindowRect=true, unexpectedAlertBehaviour=ignore, applicationCacheEnabled=false, rotatable=false, networkConnectionEnabled=false, chrome={chromedriverVersion=76.0.3809.25 (a0c95f440512e06df1c9c206f2d79cc20be18bb1-refs/branch-heads/3809@{#271}), userDataDir=/var/folders/3y/zz_w6_s56sl__vcrf3r5bhzr0000hr/T/.com.google.Chrome.D7x9Xk}, takesHeapSnapshot=true, pageLoadStrategy=normal, strictFileInteractability=false, databaseEnabled=false, handlesAlerts=true, version=76.0.3809.25, browserConnectionEnabled=false, proxy={}, nativeEvents=true, locationContextEnabled=true, cssSelectorsEnabled=true}]
Session ID: d0cb4a641e2aceb913e590973503376a
Command duration or timeout: 0 milliseconds)
	at com.kms.katalon.core.keyword.internal.KeywordMain.stepFailed(KeywordMain.groovy:36)
	at com.kms.katalon.core.webui.keyword.internal.WebUIKeywordMain.stepFailed(WebUIKeywordMain.groovy:65)
	at com.kms.katalon.core.webui.keyword.internal.WebUIKeywordMain.runKeyword(WebUIKeywordMain.groovy:27)
	at com.kms.katalon.core.webui.keyword.builtin.ClickKeyword.click(ClickKeyword.groovy:86)
	at com.kms.katalon.core.webui.keyword.builtin.ClickKeyword.execute(ClickKeyword.groovy:67)
	at com.kms.katalon.core.keyword.internal.KeywordExecutor.executeKeywordForPlatform(KeywordExecutor.groovy:53)
	at com.kms.katalon.core.webui.keyword.WebUiBuiltInKeywords.click(WebUiBuiltInKeywords.groovy:616)
	at com.kms.katalon.core.webui.keyword.WebUiBuiltInKeywords$click$4.call(Unknown Source)
	at Cart flyout- decrease qty.run(Cart flyout- decrease qty:36)
	at com.kms.katalon.core.main.ScriptEngine.run(ScriptEngine.java:194)
	at com.kms.katalon.core.main.ScriptEngine.runScriptAsRawText(ScriptEngine.java:119)
	at com.kms.katalon.core.main.TestCaseExecutor.runScript(TestCaseExecutor.java:328)
	at com.kms.katalon.core.main.TestCaseExecutor.doExecute(TestCaseExecutor.java:319)
	at com.kms.katalon.core.main.TestCaseExecutor.processExecutionPhase(TestCaseExecutor.java:298)
	at com.kms.katalon.core.main.TestCaseExecutor.accessMainPhase(TestCaseExecutor.java:290)
	at com.kms.katalon.core.main.TestCaseExecutor.execute(TestCaseExecutor.java:224)
	at com.kms.katalon.core.main.TestSuiteExecutor.accessTestCaseMainPhase(TestSuiteExecutor.java:129)
	at com.kms.katalon.core.main.TestSuiteExecutor.accessTestSuiteMainPhase(TestSuiteExecutor.java:112)
	at com.kms.katalon.core.main.TestSuiteExecutor.execute(TestSuiteExecutor.java:81)
	at com.kms.katalon.core.main.TestCaseMain.startTestSuite(TestCaseMain.java:149)
	at com.kms.katalon.core.main.TestCaseMain$startTestSuite$0.call(Unknown Source)
	at TempTestSuite1560973018737.run(TempTestSuite1560973018737.groovy:36)]]></system-out>
      <system-err><![CDATA[2019-06-19 15:37:00 - [TEST_SUITE][FAILED] - recordings - ( 1.10.2 ): Test Cases/OCS - MOBILE/OCS- CRITICAL PATH/Cart flyout- decrease qty FAILED.
Reason:
com.kms.katalon.core.exception.StepFailedException: Unable to click on object 'Object Repository/OCS-MOBILE /Collection page/Product image - 1st one' (Root cause: org.openqa.selenium.WebDriverException: element click intercepted: Element <div class="product-tile__image">...</div> is not clickable at point (150, 544). Other element would receive the click: <iframe title="Preview Bar" id="preview-bar-iframe" src="https://ocs.ca/preview_bar" sandbox="allow-same-origin allow-scripts" style="position: fixed; bottom: 0px; left: 0px; z-index: 2147483647; width: 100%; border: none; box-shadow: rgba(0, 0, 0, 0.2) 0px -1px 3px; overflow: hidden; transform: translateY(0px); transition: transform 300ms ease 0s; height: 92px;"></iframe>
  (Session info: chrome=76.0.3809.25)
  (Driver info: chromedriver=76.0.3809.25 (a0c95f440512e06df1c9c206f2d79cc20be18bb1-refs/branch-heads/3809@{#271}),platform=Mac OS X 10.13.6 x86_64) (WARNING: The server did not provide any stacktrace information)
Command duration or timeout: 59 milliseconds
Build info: version: '2.53.0', revision: '35ae25b', time: '2016-03-15 17:00:58'
System info: host: 'mac-207-254-12-176.browserstack.com', ip: '207.254.12.176', os.name: 'Mac OS X', os.arch: 'x86_64', os.version: '10.13.6', java.version: '1.8.0_51'
Driver info: org.openqa.selenium.chrome.ChromeDriver
Capabilities [{mobileEmulationEnabled=false, timeouts={implicit=0, pageLoad=300000, script=30000}, hasTouchScreen=false, platform=MAC, acceptSslCerts=false, goog:chromeOptions={debuggerAddress=localhost:58842}, acceptInsecureCerts=false, webStorageEnabled=true, browserName=chrome, takesScreenshot=true, javascriptEnabled=true, setWindowRect=true, unexpectedAlertBehaviour=ignore, applicationCacheEnabled=false, rotatable=false, networkConnectionEnabled=false, chrome={chromedriverVersion=76.0.3809.25 (a0c95f440512e06df1c9c206f2d79cc20be18bb1-refs/branch-heads/3809@{#271}), userDataDir=/var/folders/3y/zz_w6_s56sl__vcrf3r5bhzr0000hr/T/.com.google.Chrome.D7x9Xk}, takesHeapSnapshot=true, pageLoadStrategy=normal, strictFileInteractability=false, databaseEnabled=false, handlesAlerts=true, version=76.0.3809.25, browserConnectionEnabled=false, proxy={}, nativeEvents=true, locationContextEnabled=true, cssSelectorsEnabled=true}]
Session ID: d0cb4a641e2aceb913e590973503376a
Command duration or timeout: 0 milliseconds)
	at com.kms.katalon.core.keyword.internal.KeywordMain.stepFailed(KeywordMain.groovy:36)
	at com.kms.katalon.core.webui.keyword.internal.WebUIKeywordMain.stepFailed(WebUIKeywordMain.groovy:65)
	at com.kms.katalon.core.webui.keyword.internal.WebUIKeywordMain.runKeyword(WebUIKeywordMain.groovy:27)
	at com.kms.katalon.core.webui.keyword.builtin.ClickKeyword.click(ClickKeyword.groovy:86)
	at com.kms.katalon.core.webui.keyword.builtin.ClickKeyword.execute(ClickKeyword.groovy:67)
	at com.kms.katalon.core.keyword.internal.KeywordExecutor.executeKeywordForPlatform(KeywordExecutor.groovy:53)
	at com.kms.katalon.core.webui.keyword.WebUiBuiltInKeywords.click(WebUiBuiltInKeywords.groovy:616)
	at com.kms.katalon.core.webui.keyword.WebUiBuiltInKeywords$click$4.call(Unknown Source)
	at Cart flyout- decrease qty.run(Cart flyout- decrease qty:36)
	at com.kms.katalon.core.main.ScriptEngine.run(ScriptEngine.java:194)
	at com.kms.katalon.core.main.ScriptEngine.runScriptAsRawText(ScriptEngine.java:119)
	at com.kms.katalon.core.main.TestCaseExecutor.runScript(TestCaseExecutor.java:328)
	at com.kms.katalon.core.main.TestCaseExecutor.doExecute(TestCaseExecutor.java:319)
	at com.kms.katalon.core.main.TestCaseExecutor.processExecutionPhase(TestCaseExecutor.java:298)
	at com.kms.katalon.core.main.TestCaseExecutor.accessMainPhase(TestCaseExecutor.java:290)
	at com.kms.katalon.core.main.TestCaseExecutor.execute(TestCaseExecutor.java:224)
	at com.kms.katalon.core.main.TestSuiteExecutor.accessTestCaseMainPhase(TestSuiteExecutor.java:129)
	at com.kms.katalon.core.main.TestSuiteExecutor.accessTestSuiteMainPhase(TestSuiteExecutor.java:112)
	at com.kms.katalon.core.main.TestSuiteExecutor.execute(TestSuiteExecutor.java:81)
	at com.kms.katalon.core.main.TestCaseMain.startTestSuite(TestCaseMain.java:149)
	at com.kms.katalon.core.main.TestCaseMain$startTestSuite$0.call(Unknown Source)
	at TempTestSuite1560973018737.run(TempTestSuite1560973018737.groovy:36)]]></system-err>
   </testsuite>
</testsuites>
