<?xml version="1.0" encoding="UTF-8"?>
<testsuites name="1.11.1" time="4361" tests="29" failures="21" errors="0">
   <testsuite name="1.11.1" tests="29" failures="21" errors="0" time="4361" timestamp="2019-07-02 16:14:23" hostname="sumankompelly - 10.0.126.233" id="Test Suites/1.11.1">
      <properties>
         <property name="deviceName" value=""/>
         <property name="devicePlatform" value=""/>
         <property name="logFolder" value="/Users/sumankompelly/Relative xpath-Mobile/Reports/1.11.1/20190702_161421"/>
         <property name="logFiles" value="/Users/sumankompelly/Relative xpath-Mobile/Reports/1.11.1/20190702_161421/execution0.log"/>
         <property name="attachments" value="/Users/sumankompelly/Relative xpath-Mobile/Reports/1.11.1/20190702_161421/1562098808730.png, /Users/sumankompelly/Relative xpath-Mobile/Reports/1.11.1/20190702_161421/1562099070143.png, /Users/sumankompelly/Relative xpath-Mobile/Reports/1.11.1/20190702_161421/1562099132725.png, /Users/sumankompelly/Relative xpath-Mobile/Reports/1.11.1/20190702_161421/1562099194224.png, /Users/sumankompelly/Relative xpath-Mobile/Reports/1.11.1/20190702_161421/1562099197557.png, /Users/sumankompelly/Relative xpath-Mobile/Reports/1.11.1/20190702_161421/1562099410264.png, /Users/sumankompelly/Relative xpath-Mobile/Reports/1.11.1/20190702_161421/1562099467416.png, /Users/sumankompelly/Relative xpath-Mobile/Reports/1.11.1/20190702_161421/1562099558702.png, /Users/sumankompelly/Relative xpath-Mobile/Reports/1.11.1/20190702_161421/1562099568395.png, /Users/sumankompelly/Relative xpath-Mobile/Reports/1.11.1/20190702_161421/1562099649676.png, /Users/sumankompelly/Relative xpath-Mobile/Reports/1.11.1/20190702_161421/1562099774584.png, /Users/sumankompelly/Relative xpath-Mobile/Reports/1.11.1/20190702_161421/1562099799004.png, /Users/sumankompelly/Relative xpath-Mobile/Reports/1.11.1/20190702_161421/1562099811470.png, /Users/sumankompelly/Relative xpath-Mobile/Reports/1.11.1/20190702_161421/1562099813777.png, /Users/sumankompelly/Relative xpath-Mobile/Reports/1.11.1/20190702_161421/1562099816029.png, /Users/sumankompelly/Relative xpath-Mobile/Reports/1.11.1/20190702_161421/1562099900573.png, /Users/sumankompelly/Relative xpath-Mobile/Reports/1.11.1/20190702_161421/1562099932560.png, /Users/sumankompelly/Relative xpath-Mobile/Reports/1.11.1/20190702_161421/1562100070703.png, /Users/sumankompelly/Relative xpath-Mobile/Reports/1.11.1/20190702_161421/1562100162944.png, /Users/sumankompelly/Relative xpath-Mobile/Reports/1.11.1/20190702_161421/1562100619258.png, /Users/sumankompelly/Relative xpath-Mobile/Reports/1.11.1/20190702_161421/1562100622701.png, /Users/sumankompelly/Relative xpath-Mobile/Reports/1.11.1/20190702_161421/1562100651701.png, /Users/sumankompelly/Relative xpath-Mobile/Reports/1.11.1/20190702_161421/1562100661683.png, /Users/sumankompelly/Relative xpath-Mobile/Reports/1.11.1/20190702_161421/1562100668306.png, /Users/sumankompelly/Relative xpath-Mobile/Reports/1.11.1/20190702_161421/1562100670723.png, /Users/sumankompelly/Relative xpath-Mobile/Reports/1.11.1/20190702_161421/1562100694548.png, /Users/sumankompelly/Relative xpath-Mobile/Reports/1.11.1/20190702_161421/1562100727432.png, /Users/sumankompelly/Relative xpath-Mobile/Reports/1.11.1/20190702_161421/1562100743330.png, /Users/sumankompelly/Relative xpath-Mobile/Reports/1.11.1/20190702_161421/1562100791248.png, /Users/sumankompelly/Relative xpath-Mobile/Reports/1.11.1/20190702_161421/1562100811069.png, /Users/sumankompelly/Relative xpath-Mobile/Reports/1.11.1/20190702_161421/1562100818803.png, /Users/sumankompelly/Relative xpath-Mobile/Reports/1.11.1/20190702_161421/1562100830822.png, /Users/sumankompelly/Relative xpath-Mobile/Reports/1.11.1/20190702_161421/1562100855613.png, /Users/sumankompelly/Relative xpath-Mobile/Reports/1.11.1/20190702_161421/1562100876606.png, /Users/sumankompelly/Relative xpath-Mobile/Reports/1.11.1/20190702_161421/1562100884299.png, /Users/sumankompelly/Relative xpath-Mobile/Reports/1.11.1/20190702_161421/1562100896630.png, /Users/sumankompelly/Relative xpath-Mobile/Reports/1.11.1/20190702_161421/1562100918895.png, /Users/sumankompelly/Relative xpath-Mobile/Reports/1.11.1/20190702_161421/1562100939060.png, /Users/sumankompelly/Relative xpath-Mobile/Reports/1.11.1/20190702_161421/1562100946907.png, /Users/sumankompelly/Relative xpath-Mobile/Reports/1.11.1/20190702_161421/1562100959071.png, /Users/sumankompelly/Relative xpath-Mobile/Reports/1.11.1/20190702_161421/1562101936316.png, /Users/sumankompelly/Relative xpath-Mobile/Reports/1.11.1/20190702_161421/1562101938673.png, /Users/sumankompelly/Relative xpath-Mobile/Reports/1.11.1/20190702_161421/1562101978820.png, /Users/sumankompelly/Relative xpath-Mobile/Reports/1.11.1/20190702_161421/1562102015438.png, /Users/sumankompelly/Relative xpath-Mobile/Reports/1.11.1/20190702_161421/1562102021790.png, /Users/sumankompelly/Relative xpath-Mobile/Reports/1.11.1/20190702_161421/1562102028469.png, /Users/sumankompelly/Relative xpath-Mobile/Reports/1.11.1/20190702_161421/1562102060426.png, /Users/sumankompelly/Relative xpath-Mobile/Reports/1.11.1/20190702_161421/1562102140960.png, /Users/sumankompelly/Relative xpath-Mobile/Reports/1.11.1/20190702_161421/1562102228100.png, /Users/sumankompelly/Relative xpath-Mobile/Reports/1.11.1/20190702_161421/1562102230450.png, /Users/sumankompelly/Relative xpath-Mobile/Reports/1.11.1/20190702_161421/1562102231758.png, /Users/sumankompelly/Relative xpath-Mobile/Reports/1.11.1/20190702_161421/1562102232989.png, /Users/sumankompelly/Relative xpath-Mobile/Reports/1.11.1/20190702_161421/1562102411829.png, /Users/sumankompelly/Relative xpath-Mobile/Reports/1.11.1/20190702_161421/1562102415263.png, /Users/sumankompelly/Relative xpath-Mobile/Reports/1.11.1/20190702_161421/1562102538406.png, /Users/sumankompelly/Relative xpath-Mobile/Reports/1.11.1/20190702_161421/1562102587827.png, /Users/sumankompelly/Relative xpath-Mobile/Reports/1.11.1/20190702_161421/1562102592177.png, /Users/sumankompelly/Relative xpath-Mobile/Reports/1.11.1/20190702_161421/1562102625186.png, /Users/sumankompelly/Relative xpath-Mobile/Reports/1.11.1/20190702_161421/1562102658239.png, /Users/sumankompelly/Relative xpath-Mobile/Reports/1.11.1/20190702_161421/1562102691680.png, /Users/sumankompelly/Relative xpath-Mobile/Reports/1.11.1/20190702_161421/1562102722729.png, /Users/sumankompelly/Relative xpath-Mobile/Reports/1.11.1/20190702_161421/1562102722971.png, /Users/sumankompelly/Relative xpath-Mobile/Reports/1.11.1/20190702_161421/1562102754095.png, /Users/sumankompelly/Relative xpath-Mobile/Reports/1.11.1/20190702_161421/1562102785298.png, /Users/sumankompelly/Relative xpath-Mobile/Reports/1.11.1/20190702_161421/1562102816240.png, /Users/sumankompelly/Relative xpath-Mobile/Reports/1.11.1/20190702_161421/1562102816635.png, /Users/sumankompelly/Relative xpath-Mobile/Reports/1.11.1/20190702_161421/1562102819376.png"/>
         <property name="hostName" value="sumankompelly - 10.0.126.233"/>
         <property name="os" value="Mac OS X 64bit"/>
         <property name="katalonVersion" value="5.10.1.1"/>
         <property name="browser" value="Chrome 75.0.3770.100"/>
         <property name="hostAddress" value="10.0.126.233"/>
         <property name="sessionId" value="d741a756acb3fbb5da418413bc88b730"/>
         <property name="seleniumVersion" value="3.7.1"/>
         <property name="proxyInformation" value="ProxyInformation{proxyOption=NO_PROXY, proxyServerType=HTTP, password=, proxyServerAddress=, proxyServerPort=0}"/>
         <property name="platform" value="Mac OS X"/>
      </properties>
      <testcase name="Test Cases/OCS- FRENCH/CRITICAL PATH/Cart flyout - decrease qty -fr" classname="Test Cases/OCS- FRENCH/CRITICAL PATH/Cart flyout - decrease qty -fr" status="PASSED">
         <system-out><![CDATA[2019-07-02 16:14:23 - [TEST_CASE][PASSED] - Test Cases/OCS- FRENCH/CRITICAL PATH/Cart flyout - decrease qty -fr: Test Cases/OCS- FRENCH/CRITICAL PATH/Cart flyout - decrease qty -fr

2019-07-02 16:14:24 - [TEST_STEP][PASSED] - callTestCase(findTestCase("OCS - MOBILE/CALL - AGE GATE"), [:], STOP_ON_FAILURE): Call Test Case 'Test Cases/OCS - MOBILE/CALL - AGE GATE' successfully

2019-07-02 16:14:24 - [TEST_CASE][PASSED] - Test Cases/OCS - MOBILE/CALL - AGE GATE: Test Cases/OCS - MOBILE/CALL - AGE GATE

2019-07-02 16:14:24 - [TEST_STEP][PASSED] - openBrowser(""): Browser is opened with url: ''

2019-07-02 16:14:25 - [MESSAGE][INFO] - Starting 'Chrome' driver

2019-07-02 16:14:25 - [MESSAGE][INFO] - Action delay is set to 0 seconds

2019-07-02 16:14:27 - [MESSAGE][PASSED] - Browser is opened with url: ''

2019-07-02 16:14:27 - [TEST_STEP][PASSED] - navigateToUrl("https://ocs.ca/?fts=0&preview_theme_id=74203301708"): Navigate to 'https://ocs.ca/?fts=0&preview_theme_id=74203301708' successfully

2019-07-02 16:14:33 - [MESSAGE][PASSED] - Navigate to 'https://ocs.ca/?fts=0&preview_theme_id=74203301708' successfully

2019-07-02 16:14:33 - [TEST_STEP][PASSED] - executeJavaScript("var previewBar = document.getElementById("preview-bar-iframe"); previewBar.style.display = "none";", []): Execute JavaScript 'var previewBar = document.getElementById("preview-bar-iframe"); previewBar.style.display = "none";' successfully

2019-07-02 16:14:33 - [MESSAGE][PASSED] - Execute JavaScript 'var previewBar = document.getElementById("preview-bar-iframe"); previewBar.style.display = "none";' successfully

2019-07-02 16:14:33 - [TEST_STEP][PASSED] - setViewPortSize(360, 800): Viewport is set to new size with width = 360 and height = 800

2019-07-02 16:14:33 - [MESSAGE][PASSED] - Viewport is set to new size with width = 360 and height = 800

2019-07-02 16:14:33 - [TEST_STEP][PASSED] - delay(4): Delayed 4 second(s)

2019-07-02 16:14:37 - [MESSAGE][PASSED] - Delayed 4 second(s)

2019-07-02 16:14:37 - [TEST_STEP][PASSED] - selectOptionByValue(findTestObject("OCS-MOBILE /Age gate and burger menu/Date"), "12", true): All options with value '12' are selected in object 'Object Repository/OCS-MOBILE /Age gate and burger menu/Date'  using regular expression

2019-07-02 16:14:38 - [MESSAGE][PASSED] - All options with value '12' are selected in object 'Object Repository/OCS-MOBILE /Age gate and burger menu/Date'  using regular expression

2019-07-02 16:14:38 - [TEST_STEP][PASSED] - selectOptionByValue(findTestObject("OCS-MOBILE /Age gate and burger menu/month"), "6", true): All options with value '6' are selected in object 'Object Repository/OCS-MOBILE /Age gate and burger menu/month'  using regular expression

2019-07-02 16:14:38 - [MESSAGE][PASSED] - All options with value '6' are selected in object 'Object Repository/OCS-MOBILE /Age gate and burger menu/month'  using regular expression

2019-07-02 16:14:38 - [TEST_STEP][PASSED] - delay(2): Delayed 2 second(s)

2019-07-02 16:14:40 - [MESSAGE][PASSED] - Delayed 2 second(s)

2019-07-02 16:14:40 - [TEST_STEP][PASSED] - selectOptionByValue(findTestObject("OCS-MOBILE /Age gate and burger menu/Year Dropdown"), "1990", true): All options with value '1990' are selected in object 'Object Repository/OCS-MOBILE /Age gate and burger menu/Year Dropdown'  using regular expression

2019-07-02 16:14:41 - [MESSAGE][PASSED] - All options with value '1990' are selected in object 'Object Repository/OCS-MOBILE /Age gate and burger menu/Year Dropdown'  using regular expression

2019-07-02 16:14:41 - [TEST_STEP][PASSED] - click(findTestObject("OCS-MOBILE /Age gate and Mega menu/button_Verify")): Object: 'Object Repository/OCS-MOBILE /Age gate and Mega menu/button_Verify' is clicked on

2019-07-02 16:14:41 - [MESSAGE][PASSED] - Object: 'Object Repository/OCS-MOBILE /Age gate and Mega menu/button_Verify' is clicked on

2019-07-02 16:14:41 - [TEST_STEP][PASSED] - click(findTestObject("OCS-MOBILE /Age gate and Mega menu/Checkbox_CONFIRM AND ACKNOWLEDGE")): Object: 'Object Repository/OCS-MOBILE /Age gate and Mega menu/Checkbox_CONFIRM AND ACKNOWLEDGE' is clicked on

2019-07-02 16:14:41 - [MESSAGE][PASSED] - Object: 'Object Repository/OCS-MOBILE /Age gate and Mega menu/Checkbox_CONFIRM AND ACKNOWLEDGE' is clicked on

2019-07-02 16:14:41 - [TEST_STEP][PASSED] - click(findTestObject("OCS-MOBILE /Age gate and Mega menu/button_CONFIRM")): Object: 'Object Repository/OCS-MOBILE /Age gate and Mega menu/button_CONFIRM' is clicked on

2019-07-02 16:14:41 - [MESSAGE][PASSED] - Object: 'Object Repository/OCS-MOBILE /Age gate and Mega menu/button_CONFIRM' is clicked on

2019-07-02 16:14:41 - [TEST_STEP][PASSED] - click(findTestObject("OCS-MOBILE /Age gate and Mega menu/button_Start Browsing")): Object: 'Object Repository/OCS-MOBILE /Age gate and Mega menu/button_Start Browsing' is clicked on

2019-07-02 16:14:41 - [MESSAGE][PASSED] - Object: 'Object Repository/OCS-MOBILE /Age gate and Mega menu/button_Start Browsing' is clicked on

2019-07-02 16:14:41 - [TEST_STEP][PASSED] - refresh(): Refresh successfully

2019-07-02 16:14:41 - [MESSAGE][PASSED] - Refresh successfully

2019-07-02 16:14:41 - [TEST_STEP][PASSED] - executeJavaScript("var previewBar = document.getElementById("preview-bar-iframe"); previewBar.style.display = "none";", []): Execute JavaScript 'var previewBar = document.getElementById("preview-bar-iframe"); previewBar.style.display = "none";' successfully

2019-07-02 16:14:44 - [MESSAGE][PASSED] - Execute JavaScript 'var previewBar = document.getElementById("preview-bar-iframe"); previewBar.style.display = "none";' successfully

2019-07-02 16:14:44 - [MESSAGE][PASSED] - Call Test Case 'Test Cases/OCS - MOBILE/CALL - AGE GATE' successfully

2019-07-02 16:14:44 - [TEST_STEP][PASSED] - callTestCase(findTestCase("OCS - MOBILE/CALL- TOGGLING LANGUAGE"), [:], STOP_ON_FAILURE): Call Test Case 'Test Cases/OCS - MOBILE/CALL- TOGGLING LANGUAGE' successfully

2019-07-02 16:14:44 - [TEST_CASE][PASSED] - Test Cases/OCS - MOBILE/CALL- TOGGLING LANGUAGE: Test Cases/OCS - MOBILE/CALL- TOGGLING LANGUAGE

2019-07-02 16:14:45 - [TEST_STEP][PASSED] - delay(2): Delayed 2 second(s)

2019-07-02 16:14:47 - [MESSAGE][PASSED] - Delayed 2 second(s)

2019-07-02 16:14:47 - [TEST_STEP][PASSED] - click(findTestObject("OCS-MOBILE /Age gate and burger menu/Burger menu - English")): Object: 'Object Repository/OCS-MOBILE /Age gate and burger menu/Burger menu - English' is clicked on

2019-07-02 16:14:47 - [MESSAGE][PASSED] - Object: 'Object Repository/OCS-MOBILE /Age gate and burger menu/Burger menu - English' is clicked on

2019-07-02 16:14:47 - [TEST_STEP][PASSED] - delay(2): Delayed 2 second(s)

2019-07-02 16:14:49 - [MESSAGE][PASSED] - Delayed 2 second(s)

2019-07-02 16:14:49 - [TEST_STEP][PASSED] - click(findTestObject("OCS-MOBILE /Cart flyout/English dropdown")): Object: 'Object Repository/OCS-MOBILE /Cart flyout/English dropdown' is clicked on

2019-07-02 16:14:49 - [MESSAGE][PASSED] - Object: 'Object Repository/OCS-MOBILE /Cart flyout/English dropdown' is clicked on

2019-07-02 16:14:49 - [TEST_STEP][PASSED] - delay(2): Delayed 2 second(s)

2019-07-02 16:14:51 - [MESSAGE][PASSED] - Delayed 2 second(s)

2019-07-02 16:14:51 - [TEST_STEP][PASSED] - executeJavaScript("var previewBar = document.getElementById("preview-bar-iframe"); previewBar.style.display = "none";", []): Execute JavaScript 'var previewBar = document.getElementById("preview-bar-iframe"); previewBar.style.display = "none";' successfully

2019-07-02 16:14:51 - [MESSAGE][PASSED] - Execute JavaScript 'var previewBar = document.getElementById("preview-bar-iframe"); previewBar.style.display = "none";' successfully

2019-07-02 16:14:51 - [TEST_STEP][PASSED] - click(findTestObject("OCS-MOBILE /Cart flyout/Select French")): Object: 'Object Repository/OCS-MOBILE /Cart flyout/Select French' is clicked on

2019-07-02 16:14:51 - [MESSAGE][PASSED] - Object: 'Object Repository/OCS-MOBILE /Cart flyout/Select French' is clicked on

2019-07-02 16:14:51 - [MESSAGE][PASSED] - Call Test Case 'Test Cases/OCS - MOBILE/CALL- TOGGLING LANGUAGE' successfully

2019-07-02 16:14:51 - [TEST_STEP][PASSED] - delay(2): Delayed 2 second(s)

2019-07-02 16:14:53 - [MESSAGE][PASSED] - Delayed 2 second(s)

2019-07-02 16:14:53 - [TEST_STEP][PASSED] - click(findTestObject("OCS-MOBILE /Age gate and burger menu/Burger menu - English")): Object: 'Object Repository/OCS-MOBILE /Age gate and burger menu/Burger menu - English' is clicked on

2019-07-02 16:14:56 - [MESSAGE][PASSED] - Object: 'Object Repository/OCS-MOBILE /Age gate and burger menu/Burger menu - English' is clicked on

2019-07-02 16:14:56 - [TEST_STEP][PASSED] - delay(2): Delayed 2 second(s)

2019-07-02 16:14:58 - [MESSAGE][PASSED] - Delayed 2 second(s)

2019-07-02 16:14:58 - [TEST_STEP][PASSED] - click(findTestObject("OCS-MOBILE /Age gate and burger menu/Chevron_Cannabis")): Object: 'Object Repository/OCS-MOBILE /Age gate and burger menu/Chevron_Cannabis' is clicked on

2019-07-02 16:14:58 - [MESSAGE][PASSED] - Object: 'Object Repository/OCS-MOBILE /Age gate and burger menu/Chevron_Cannabis' is clicked on

2019-07-02 16:14:58 - [TEST_STEP][PASSED] - delay(2): Delayed 2 second(s)

2019-07-02 16:15:00 - [MESSAGE][PASSED] - Delayed 2 second(s)

2019-07-02 16:15:00 - [TEST_STEP][PASSED] - click(findTestObject("OCS-MOBILE /Age gate and burger menu/Dried Flower_Plus icon")): Object: 'Object Repository/OCS-MOBILE /Age gate and burger menu/Dried Flower_Plus icon' is clicked on

2019-07-02 16:15:00 - [MESSAGE][PASSED] - Object: 'Object Repository/OCS-MOBILE /Age gate and burger menu/Dried Flower_Plus icon' is clicked on

2019-07-02 16:15:00 - [TEST_STEP][PASSED] - delay(2): Delayed 2 second(s)

2019-07-02 16:15:02 - [MESSAGE][PASSED] - Delayed 2 second(s)

2019-07-02 16:15:02 - [TEST_STEP][PASSED] - click(findTestObject("OCS- FRENCH/Indica Dominant_Menu item")): Object: 'Object Repository/OCS- FRENCH/Indica Dominant_Menu item' is clicked on

2019-07-02 16:15:04 - [MESSAGE][PASSED] - Object: 'Object Repository/OCS- FRENCH/Indica Dominant_Menu item' is clicked on

2019-07-02 16:15:04 - [TEST_STEP][PASSED] - executeJavaScript("var previewBar = document.getElementById("preview-bar-iframe"); previewBar.style.display = "none";", []): Execute JavaScript 'var previewBar = document.getElementById("preview-bar-iframe"); previewBar.style.display = "none";' successfully

2019-07-02 16:15:04 - [MESSAGE][PASSED] - Execute JavaScript 'var previewBar = document.getElementById("preview-bar-iframe"); previewBar.style.display = "none";' successfully

2019-07-02 16:15:04 - [TEST_STEP][PASSED] - delay(2): Delayed 2 second(s)

2019-07-02 16:15:06 - [MESSAGE][PASSED] - Delayed 2 second(s)

2019-07-02 16:15:06 - [TEST_STEP][PASSED] - click(findTestObject("OCS- FRENCH/Product image - 1st one")): Object: 'Object Repository/OCS- FRENCH/Product image - 1st one' is clicked on

2019-07-02 16:15:10 - [MESSAGE][PASSED] - Object: 'Object Repository/OCS- FRENCH/Product image - 1st one' is clicked on

2019-07-02 16:15:10 - [TEST_STEP][PASSED] - executeJavaScript("var previewBar = document.getElementById("preview-bar-iframe"); previewBar.style.display = "none";", []): Execute JavaScript 'var previewBar = document.getElementById("preview-bar-iframe"); previewBar.style.display = "none";' successfully

2019-07-02 16:15:10 - [MESSAGE][PASSED] - Execute JavaScript 'var previewBar = document.getElementById("preview-bar-iframe"); previewBar.style.display = "none";' successfully

2019-07-02 16:15:10 - [TEST_STEP][PASSED] - delay(2): Delayed 2 second(s)

2019-07-02 16:15:12 - [MESSAGE][PASSED] - Delayed 2 second(s)

2019-07-02 16:15:12 - [TEST_STEP][PASSED] - click(findTestObject("OCS-MOBILE /Product page/Swatch_1g")): Object: 'Object Repository/OCS-MOBILE /Product page/Swatch_1g' is clicked on

2019-07-02 16:15:13 - [MESSAGE][PASSED] - Object: 'Object Repository/OCS-MOBILE /Product page/Swatch_1g' is clicked on

2019-07-02 16:15:13 - [TEST_STEP][PASSED] - delay(2): Delayed 2 second(s)

2019-07-02 16:15:15 - [MESSAGE][PASSED] - Delayed 2 second(s)

2019-07-02 16:15:15 - [TEST_STEP][PASSED] - click(findTestObject("OCS-MOBILE /Product page/Quantity Increase - Button")): Object: 'Object Repository/OCS-MOBILE /Product page/Quantity Increase - Button' is clicked on

2019-07-02 16:15:15 - [MESSAGE][PASSED] - Object: 'Object Repository/OCS-MOBILE /Product page/Quantity Increase - Button' is clicked on

2019-07-02 16:15:15 - [TEST_STEP][PASSED] - delay(2): Delayed 2 second(s)

2019-07-02 16:15:17 - [MESSAGE][PASSED] - Delayed 2 second(s)

2019-07-02 16:15:17 - [TEST_STEP][PASSED] - click(findTestObject("OCS-MOBILE /Product page/Quantity Increase - Button")): Object: 'Object Repository/OCS-MOBILE /Product page/Quantity Increase - Button' is clicked on

2019-07-02 16:15:17 - [MESSAGE][PASSED] - Object: 'Object Repository/OCS-MOBILE /Product page/Quantity Increase - Button' is clicked on

2019-07-02 16:15:17 - [TEST_STEP][PASSED] - delay(2): Delayed 2 second(s)

2019-07-02 16:15:19 - [MESSAGE][PASSED] - Delayed 2 second(s)

2019-07-02 16:15:19 - [TEST_STEP][PASSED] - click(findTestObject("OCS-MOBILE /Product page/Quantity Increase - Button")): Object: 'Object Repository/OCS-MOBILE /Product page/Quantity Increase - Button' is clicked on

2019-07-02 16:15:19 - [MESSAGE][PASSED] - Object: 'Object Repository/OCS-MOBILE /Product page/Quantity Increase - Button' is clicked on

2019-07-02 16:15:19 - [TEST_STEP][PASSED] - delay(2): Delayed 2 second(s)

2019-07-02 16:15:21 - [MESSAGE][PASSED] - Delayed 2 second(s)

2019-07-02 16:15:21 - [TEST_STEP][PASSED] - click(findTestObject("OCS-MOBILE /Product page/Quantity Increase - Button")): Object: 'Object Repository/OCS-MOBILE /Product page/Quantity Increase - Button' is clicked on

2019-07-02 16:15:21 - [MESSAGE][PASSED] - Object: 'Object Repository/OCS-MOBILE /Product page/Quantity Increase - Button' is clicked on

2019-07-02 16:15:21 - [TEST_STEP][PASSED] - delay(2): Delayed 2 second(s)

2019-07-02 16:15:23 - [MESSAGE][PASSED] - Delayed 2 second(s)

2019-07-02 16:15:23 - [TEST_STEP][PASSED] - click(findTestObject("OCS-MOBILE /Product page/Quantity Increase - Button")): Object: 'Object Repository/OCS-MOBILE /Product page/Quantity Increase - Button' is clicked on

2019-07-02 16:15:23 - [MESSAGE][PASSED] - Object: 'Object Repository/OCS-MOBILE /Product page/Quantity Increase - Button' is clicked on

2019-07-02 16:15:23 - [TEST_STEP][PASSED] - delay(2): Delayed 2 second(s)

2019-07-02 16:15:25 - [MESSAGE][PASSED] - Delayed 2 second(s)

2019-07-02 16:15:25 - [TEST_STEP][PASSED] - click(findTestObject("OCS-MOBILE /Product page/Add to Bag-button")): Object: 'Object Repository/OCS-MOBILE /Product page/Add to Bag-button' is clicked on

2019-07-02 16:15:25 - [MESSAGE][PASSED] - Object: 'Object Repository/OCS-MOBILE /Product page/Add to Bag-button' is clicked on

2019-07-02 16:15:25 - [TEST_STEP][PASSED] - delay(1): Delayed 1 second(s)

2019-07-02 16:15:26 - [MESSAGE][PASSED] - Delayed 1 second(s)

2019-07-02 16:15:26 - [TEST_STEP][PASSED] - click(findTestObject("OCS-MOBILE /Home - page/Cart icon -bag")): Object: 'Object Repository/OCS-MOBILE /Home - page/Cart icon -bag' is clicked on

2019-07-02 16:15:26 - [MESSAGE][PASSED] - Object: 'Object Repository/OCS-MOBILE /Home - page/Cart icon -bag' is clicked on

2019-07-02 16:15:26 - [TEST_STEP][PASSED] - delay(2): Delayed 2 second(s)

2019-07-02 16:15:28 - [MESSAGE][PASSED] - Delayed 2 second(s)

2019-07-02 16:15:28 - [TEST_STEP][PASSED] - click(findTestObject("OCS-MOBILE /Cart flyout/Quantity decrease - Product")): Object: 'Object Repository/OCS-MOBILE /Cart flyout/Quantity decrease - Product' is clicked on

2019-07-02 16:15:28 - [MESSAGE][PASSED] - Object: 'Object Repository/OCS-MOBILE /Cart flyout/Quantity decrease - Product' is clicked on

2019-07-02 16:15:28 - [TEST_STEP][PASSED] - delay(2): Delayed 2 second(s)

2019-07-02 16:15:30 - [MESSAGE][PASSED] - Delayed 2 second(s)

2019-07-02 16:15:30 - [TEST_STEP][PASSED] - a = getText(findTestObject("OCS-MOBILE /Cart flyout/Unit price - Product")): Text of object 'Object Repository/OCS-MOBILE /Cart flyout/Unit price - Product' is: '52,50 $'

2019-07-02 16:15:30 - [MESSAGE][PASSED] - Text of object 'Object Repository/OCS-MOBILE /Cart flyout/Unit price - Product' is: '52,50 $'

2019-07-02 16:15:30 - [TEST_STEP][PASSED] - comment(a): 52,50 $

2019-07-02 16:15:30 - [MESSAGE][INFO] - 52,50 $

2019-07-02 16:15:30 - [TEST_STEP][PASSED] - a1 = a.substring(0, a.length() - 1): null

2019-07-02 16:15:30 - [TEST_STEP][PASSED] - comment("a1 = " + a1): a1 = 52,50 

2019-07-02 16:15:30 - [MESSAGE][INFO] - a1 = 52,50 

2019-07-02 16:15:30 - [TEST_STEP][PASSED] - x1 = a1.substring(0, a1.length() - 1): null

2019-07-02 16:15:30 - [TEST_STEP][PASSED] - comment("x1 = " + x1): x1 = 52,50

2019-07-02 16:15:30 - [MESSAGE][INFO] - x1 = 52,50

2019-07-02 16:15:30 - [TEST_STEP][PASSED] - x2 = x1.substring(0, x1.length() - 1): null

2019-07-02 16:15:30 - [TEST_STEP][PASSED] - comment("x2 = " + x2): x2 = 52,5

2019-07-02 16:15:30 - [MESSAGE][INFO] - x2 = 52,5

2019-07-02 16:15:30 - [TEST_STEP][PASSED] - x3 = x2.substring(0, x2.length() - 1): null

2019-07-02 16:15:30 - [TEST_STEP][PASSED] - comment("x3 = " + x3): x3 = 52,

2019-07-02 16:15:30 - [MESSAGE][INFO] - x3 = 52,

2019-07-02 16:15:30 - [TEST_STEP][PASSED] - x6 = x3.substring(0, x3.length() - 1): null

2019-07-02 16:15:30 - [TEST_STEP][PASSED] - comment("x6 = " + x6): x6 = 52

2019-07-02 16:15:30 - [MESSAGE][INFO] - x6 = 52

2019-07-02 16:15:30 - [TEST_STEP][PASSED] - setText(findTestObject("OCS-MOBILE /Cart flyout/input_-_updates"), "5"): Text '5' is set on object 'Object Repository/OCS-MOBILE /Cart flyout/input_-_updates'

2019-07-02 16:15:30 - [MESSAGE][PASSED] - Text '5' is set on object 'Object Repository/OCS-MOBILE /Cart flyout/input_-_updates'

2019-07-02 16:15:30 - [TEST_STEP][PASSED] - delay(2): Delayed 2 second(s)

2019-07-02 16:15:32 - [MESSAGE][PASSED] - Delayed 2 second(s)

2019-07-02 16:15:32 - [TEST_STEP][PASSED] - setText(findTestObject("OCS-MOBILE /Cart flyout/input_-_updates"), "4"): Text '4' is set on object 'Object Repository/OCS-MOBILE /Cart flyout/input_-_updates'

2019-07-02 16:15:32 - [MESSAGE][PASSED] - Text '4' is set on object 'Object Repository/OCS-MOBILE /Cart flyout/input_-_updates'

2019-07-02 16:15:32 - [TEST_STEP][PASSED] - delay(2): Delayed 2 second(s)

2019-07-02 16:15:34 - [MESSAGE][PASSED] - Delayed 2 second(s)

2019-07-02 16:15:34 - [TEST_STEP][PASSED] - click(findTestObject("OCS-MOBILE /Cart flyout/i_-_icon--subtract")): Object: 'Object Repository/OCS-MOBILE /Cart flyout/i_-_icon--subtract' is clicked on

2019-07-02 16:15:34 - [MESSAGE][PASSED] - Object: 'Object Repository/OCS-MOBILE /Cart flyout/i_-_icon--subtract' is clicked on

2019-07-02 16:15:34 - [TEST_STEP][PASSED] - delay(2): Delayed 2 second(s)

2019-07-02 16:15:36 - [MESSAGE][PASSED] - Delayed 2 second(s)

2019-07-02 16:15:36 - [TEST_STEP][PASSED] - click(findTestObject("OCS-MOBILE /Cart flyout/i_-_icon--subtract")): Object: 'Object Repository/OCS-MOBILE /Cart flyout/i_-_icon--subtract' is clicked on

2019-07-02 16:15:36 - [MESSAGE][PASSED] - Object: 'Object Repository/OCS-MOBILE /Cart flyout/i_-_icon--subtract' is clicked on

2019-07-02 16:15:36 - [TEST_STEP][PASSED] - delay(2): Delayed 2 second(s)

2019-07-02 16:15:38 - [MESSAGE][PASSED] - Delayed 2 second(s)

2019-07-02 16:15:38 - [TEST_STEP][PASSED] - click(findTestObject("OCS-MOBILE /Cart flyout/i_-_icon--subtract")): Object: 'Object Repository/OCS-MOBILE /Cart flyout/i_-_icon--subtract' is clicked on

2019-07-02 16:15:39 - [MESSAGE][PASSED] - Object: 'Object Repository/OCS-MOBILE /Cart flyout/i_-_icon--subtract' is clicked on

2019-07-02 16:15:39 - [TEST_STEP][PASSED] - delay(5): Delayed 5 second(s)

2019-07-02 16:15:44 - [MESSAGE][PASSED] - Delayed 5 second(s)

2019-07-02 16:15:44 - [TEST_STEP][PASSED] - c = getText(findTestObject("OCS-MOBILE /Cart flyout/Unit price - Product")): Text of object 'Object Repository/OCS-MOBILE /Cart flyout/Unit price - Product' is: '10,50 $'

2019-07-02 16:15:44 - [MESSAGE][PASSED] - Text of object 'Object Repository/OCS-MOBILE /Cart flyout/Unit price - Product' is: '10,50 $'

2019-07-02 16:15:44 - [TEST_STEP][PASSED] - comment(c): 10,50 $

2019-07-02 16:15:44 - [MESSAGE][INFO] - 10,50 $

2019-07-02 16:15:44 - [TEST_STEP][PASSED] - a2 = c.substring(0, c.length() - 1): null

2019-07-02 16:15:44 - [TEST_STEP][PASSED] - comment("a2 = " + a2): a2 = 10,50 

2019-07-02 16:15:44 - [MESSAGE][INFO] - a2 = 10,50 

2019-07-02 16:15:44 - [TEST_STEP][PASSED] - y1 = a2.substring(0, a2.length() - 1): null

2019-07-02 16:15:44 - [TEST_STEP][PASSED] - comment("y1 = " + y1): y1 = 10,50

2019-07-02 16:15:44 - [MESSAGE][INFO] - y1 = 10,50

2019-07-02 16:15:44 - [TEST_STEP][PASSED] - y2 = y1.substring(0, y1.length() - 1): null

2019-07-02 16:15:44 - [TEST_STEP][PASSED] - comment("y2 = " + y2): y2 = 10,5

2019-07-02 16:15:44 - [MESSAGE][INFO] - y2 = 10,5

2019-07-02 16:15:44 - [TEST_STEP][PASSED] - y3 = y2.substring(0, y2.length() - 1): null

2019-07-02 16:15:44 - [TEST_STEP][PASSED] - comment("y3 = " + y3): y3 = 10,

2019-07-02 16:15:44 - [MESSAGE][INFO] - y3 = 10,

2019-07-02 16:15:44 - [TEST_STEP][PASSED] - y4 = y3.substring(0, y3.length() - 1): null

2019-07-02 16:15:44 - [TEST_STEP][PASSED] - comment("y4 = " + y4): y4 = 10

2019-07-02 16:15:44 - [MESSAGE][INFO] - y4 = 10

2019-07-02 16:15:44 - [TEST_STEP][PASSED] - verifyNotEqual("x6", "y4"): Actual object 'x6' and expected object 'y4' are not equal

2019-07-02 16:15:44 - [MESSAGE][PASSED] - Actual object 'x6' and expected object 'y4' are not equal

2019-07-02 16:15:44 - [TEST_STEP][PASSED] - comment(" price changed . Quantity selector is working"):  price changed . Quantity selector is working

2019-07-02 16:15:44 - [MESSAGE][INFO] -  price changed . Quantity selector is working

2019-07-02 16:15:44 - [TEST_STEP][PASSED] - delay(1): Delayed 1 second(s)

2019-07-02 16:15:45 - [MESSAGE][PASSED] - Delayed 1 second(s)

2019-07-02 16:15:45 - [TEST_STEP][PASSED] - click(findTestObject("OCS-MOBILE /Cart flyout/Checkbox_I confirm that")): Object: 'Object Repository/OCS-MOBILE /Cart flyout/Checkbox_I confirm that' is clicked on

2019-07-02 16:15:45 - [MESSAGE][PASSED] - Object: 'Object Repository/OCS-MOBILE /Cart flyout/Checkbox_I confirm that' is clicked on

2019-07-02 16:15:45 - [TEST_STEP][PASSED] - delay(2): Delayed 2 second(s)

2019-07-02 16:15:47 - [MESSAGE][PASSED] - Delayed 2 second(s)

2019-07-02 16:15:47 - [TEST_STEP][PASSED] - click(findTestObject("OCS-MOBILE /Cart flyout/Checkbox_Accept the Terms Condition")): Object: 'Object Repository/OCS-MOBILE /Cart flyout/Checkbox_Accept the Terms Condition' is clicked on

2019-07-02 16:15:47 - [MESSAGE][PASSED] - Object: 'Object Repository/OCS-MOBILE /Cart flyout/Checkbox_Accept the Terms Condition' is clicked on

2019-07-02 16:15:47 - [TEST_STEP][PASSED] - delay(2): Delayed 2 second(s)

2019-07-02 16:15:49 - [MESSAGE][PASSED] - Delayed 2 second(s)

2019-07-02 16:15:49 - [TEST_STEP][PASSED] - click(findTestObject("OCS-MOBILE /Cart flyout/Checkout - Button")): Object: 'Object Repository/OCS-MOBILE /Cart flyout/Checkout - Button' is clicked on

2019-07-02 16:15:51 - [MESSAGE][PASSED] - Object: 'Object Repository/OCS-MOBILE /Cart flyout/Checkout - Button' is clicked on

2019-07-02 16:15:51 - [TEST_STEP][PASSED] - executeJavaScript("var previewBar = document.getElementById("preview-bar-iframe"); previewBar.style.display = "none";", []): Execute JavaScript 'var previewBar = document.getElementById("preview-bar-iframe"); previewBar.style.display = "none";' successfully

2019-07-02 16:15:51 - [MESSAGE][PASSED] - Execute JavaScript 'var previewBar = document.getElementById("preview-bar-iframe"); previewBar.style.display = "none";' successfully

2019-07-02 16:15:51 - [TEST_STEP][PASSED] - delay(1): Delayed 1 second(s)

2019-07-02 16:15:52 - [MESSAGE][PASSED] - Delayed 1 second(s)

2019-07-02 16:15:52 - [TEST_STEP][PASSED] - callTestCase(findTestCase("OCS - MOBILE/CALL- SHIPPING TO PAYMENT"), [:], STOP_ON_FAILURE): Call Test Case 'Test Cases/OCS - MOBILE/CALL- SHIPPING TO PAYMENT' successfully

2019-07-02 16:15:52 - [TEST_CASE][PASSED] - Test Cases/OCS - MOBILE/CALL- SHIPPING TO PAYMENT: Test Cases/OCS - MOBILE/CALL- SHIPPING TO PAYMENT

2019-07-02 16:15:52 - [TEST_STEP][PASSED] - executeJavaScript("var previewBar = document.getElementById("preview-bar-iframe"); previewBar.style.display = "none";", []): Execute JavaScript 'var previewBar = document.getElementById("preview-bar-iframe"); previewBar.style.display = "none";' successfully

2019-07-02 16:15:52 - [MESSAGE][PASSED] - Execute JavaScript 'var previewBar = document.getElementById("preview-bar-iframe"); previewBar.style.display = "none";' successfully

2019-07-02 16:15:52 - [TEST_STEP][PASSED] - delay(2): Delayed 2 second(s)

2019-07-02 16:15:54 - [MESSAGE][PASSED] - Delayed 2 second(s)

2019-07-02 16:15:54 - [TEST_STEP][PASSED] - setText(findTestObject("OCS- FRENCH/Page_Ontario Cannabis Store - Infor/input_Adresse e-mail_checkoute"), "suman@gmail.com"): Text 'suman@gmail.com' is set on object 'Object Repository/OCS- FRENCH/Page_Ontario Cannabis Store - Infor/input_Adresse e-mail_checkoute'

2019-07-02 16:15:55 - [MESSAGE][PASSED] - Text 'suman@gmail.com' is set on object 'Object Repository/OCS- FRENCH/Page_Ontario Cannabis Store - Infor/input_Adresse e-mail_checkoute'

2019-07-02 16:15:55 - [TEST_STEP][PASSED] - delay(2): Delayed 2 second(s)

2019-07-02 16:15:57 - [MESSAGE][PASSED] - Delayed 2 second(s)

2019-07-02 16:15:57 - [TEST_STEP][PASSED] - setText(findTestObject("Object Repository/OCS- FRENCH/Page_Ontario Cannabis Store - Infor/input_Prnom_checkoutshipping_a"), "suman"): Text 'suman' is set on object 'Object Repository/OCS- FRENCH/Page_Ontario Cannabis Store - Infor/input_Prnom_checkoutshipping_a'

2019-07-02 16:15:57 - [MESSAGE][PASSED] - Text 'suman' is set on object 'Object Repository/OCS- FRENCH/Page_Ontario Cannabis Store - Infor/input_Prnom_checkoutshipping_a'

2019-07-02 16:15:57 - [TEST_STEP][PASSED] - delay(2): Delayed 2 second(s)

2019-07-02 16:15:59 - [MESSAGE][PASSED] - Delayed 2 second(s)

2019-07-02 16:15:59 - [TEST_STEP][PASSED] - setText(findTestObject("Object Repository/OCS- FRENCH/Page_Ontario Cannabis Store - Infor/input_Nom_checkoutshipping_add"), "test12"): Text 'test12' is set on object 'Object Repository/OCS- FRENCH/Page_Ontario Cannabis Store - Infor/input_Nom_checkoutshipping_add'

2019-07-02 16:15:59 - [MESSAGE][PASSED] - Text 'test12' is set on object 'Object Repository/OCS- FRENCH/Page_Ontario Cannabis Store - Infor/input_Nom_checkoutshipping_add'

2019-07-02 16:15:59 - [TEST_STEP][PASSED] - delay(2): Delayed 2 second(s)

2019-07-02 16:16:01 - [MESSAGE][PASSED] - Delayed 2 second(s)

2019-07-02 16:16:01 - [TEST_STEP][PASSED] - setText(findTestObject("Object Repository/OCS- FRENCH/Page_Ontario Cannabis Store - Infor/input_Adresse_checkoutshipping"), "test12"): Text 'test12' is set on object 'Object Repository/OCS- FRENCH/Page_Ontario Cannabis Store - Infor/input_Adresse_checkoutshipping'

2019-07-02 16:16:01 - [MESSAGE][PASSED] - Text 'test12' is set on object 'Object Repository/OCS- FRENCH/Page_Ontario Cannabis Store - Infor/input_Adresse_checkoutshipping'

2019-07-02 16:16:01 - [TEST_STEP][PASSED] - delay(2): Delayed 2 second(s)

2019-07-02 16:16:03 - [MESSAGE][PASSED] - Delayed 2 second(s)

2019-07-02 16:16:03 - [TEST_STEP][PASSED] - setText(findTestObject("Object Repository/OCS- FRENCH/Page_Ontario Cannabis Store - Infor/input_Appartement suite etc. ("), "12"): Text '12' is set on object 'Object Repository/OCS- FRENCH/Page_Ontario Cannabis Store - Infor/input_Appartement suite etc. ('

2019-07-02 16:16:03 - [MESSAGE][PASSED] - Text '12' is set on object 'Object Repository/OCS- FRENCH/Page_Ontario Cannabis Store - Infor/input_Appartement suite etc. ('

2019-07-02 16:16:03 - [TEST_STEP][PASSED] - delay(2): Delayed 2 second(s)

2019-07-02 16:16:05 - [MESSAGE][PASSED] - Delayed 2 second(s)

2019-07-02 16:16:05 - [TEST_STEP][PASSED] - setText(findTestObject("Object Repository/OCS- FRENCH/Page_Ontario Cannabis Store - Infor/input_Ville_checkoutshipping_a"), "montreal"): Text 'montreal' is set on object 'Object Repository/OCS- FRENCH/Page_Ontario Cannabis Store - Infor/input_Ville_checkoutshipping_a'

2019-07-02 16:16:05 - [MESSAGE][PASSED] - Text 'montreal' is set on object 'Object Repository/OCS- FRENCH/Page_Ontario Cannabis Store - Infor/input_Ville_checkoutshipping_a'

2019-07-02 16:16:05 - [TEST_STEP][PASSED] - delay(2): Delayed 2 second(s)

2019-07-02 16:16:07 - [MESSAGE][PASSED] - Delayed 2 second(s)

2019-07-02 16:16:07 - [TEST_STEP][PASSED] - setText(findTestObject("Object Repository/OCS- FRENCH/Page_Ontario Cannabis Store - Infor/input_Code postal_checkoutship"), "n0r1k0"): Text 'n0r1k0' is set on object 'Object Repository/OCS- FRENCH/Page_Ontario Cannabis Store - Infor/input_Code postal_checkoutship'

2019-07-02 16:16:07 - [MESSAGE][PASSED] - Text 'n0r1k0' is set on object 'Object Repository/OCS- FRENCH/Page_Ontario Cannabis Store - Infor/input_Code postal_checkoutship'

2019-07-02 16:16:07 - [TEST_STEP][PASSED] - delay(2): Delayed 2 second(s)

2019-07-02 16:16:09 - [MESSAGE][PASSED] - Delayed 2 second(s)

2019-07-02 16:16:09 - [TEST_STEP][PASSED] - setText(findTestObject("Object Repository/OCS- FRENCH/Page_Ontario Cannabis Store - Infor/input_Tlphone_checkoutshipping"), "514-449-3883"): Text '514-449-3883' is set on object 'Object Repository/OCS- FRENCH/Page_Ontario Cannabis Store - Infor/input_Tlphone_checkoutshipping'

2019-07-02 16:16:10 - [MESSAGE][PASSED] - Text '514-449-3883' is set on object 'Object Repository/OCS- FRENCH/Page_Ontario Cannabis Store - Infor/input_Tlphone_checkoutshipping'

2019-07-02 16:16:10 - [TEST_STEP][PASSED] - delay(2): Delayed 2 second(s)

2019-07-02 16:16:12 - [MESSAGE][PASSED] - Delayed 2 second(s)

2019-07-02 16:16:12 - [TEST_STEP][PASSED] - click(findTestObject("Object Repository/OCS- FRENCH/Page_Ontario Cannabis Store - Infor/button_Continuer vers le mode")): Object: 'Object Repository/OCS- FRENCH/Page_Ontario Cannabis Store - Infor/button_Continuer vers le mode' is clicked on

2019-07-02 16:16:14 - [MESSAGE][PASSED] - Object: 'Object Repository/OCS- FRENCH/Page_Ontario Cannabis Store - Infor/button_Continuer vers le mode' is clicked on

2019-07-02 16:16:14 - [TEST_STEP][PASSED] - delay(2): Delayed 2 second(s)

2019-07-02 16:16:16 - [MESSAGE][PASSED] - Delayed 2 second(s)

2019-07-02 16:16:16 - [TEST_STEP][PASSED] - executeJavaScript("var previewBar = document.getElementById("preview-bar-iframe"); previewBar.style.display = "none";", []): Execute JavaScript 'var previewBar = document.getElementById("preview-bar-iframe"); previewBar.style.display = "none";' successfully

2019-07-02 16:16:16 - [MESSAGE][PASSED] - Execute JavaScript 'var previewBar = document.getElementById("preview-bar-iframe"); previewBar.style.display = "none";' successfully

2019-07-02 16:16:16 - [TEST_STEP][PASSED] - delay(2): Delayed 2 second(s)

2019-07-02 16:16:18 - [MESSAGE][PASSED] - Delayed 2 second(s)

2019-07-02 16:16:18 - [TEST_STEP][PASSED] - click(findTestObject("Object Repository/OCS- FRENCH/Page_Ontario Cannabis Store - Livra/button_Continuer vers le moyen")): Object: 'Object Repository/OCS- FRENCH/Page_Ontario Cannabis Store - Livra/button_Continuer vers le moyen' is clicked on

2019-07-02 16:16:20 - [MESSAGE][PASSED] - Object: 'Object Repository/OCS- FRENCH/Page_Ontario Cannabis Store - Livra/button_Continuer vers le moyen' is clicked on

2019-07-02 16:16:20 - [MESSAGE][PASSED] - Call Test Case 'Test Cases/OCS - MOBILE/CALL- SHIPPING TO PAYMENT' successfully]]></system-out>
         <system-err><![CDATA[]]></system-err>
      </testcase>
      <testcase name="Test Cases/OCS- FRENCH/CRITICAL PATH/Cart flyout- accessories-fr" classname="Test Cases/OCS- FRENCH/CRITICAL PATH/Cart flyout- accessories-fr" status="PASSED">
         <system-out><![CDATA[2019-07-02 16:16:20 - [TEST_CASE][PASSED] - Test Cases/OCS- FRENCH/CRITICAL PATH/Cart flyout- accessories-fr: Test Cases/OCS- FRENCH/CRITICAL PATH/Cart flyout- accessories-fr

2019-07-02 16:16:21 - [TEST_STEP][PASSED] - callTestCase(findTestCase("OCS - MOBILE/CALL - AGE GATE"), [:], STOP_ON_FAILURE): Call Test Case 'Test Cases/OCS - MOBILE/CALL - AGE GATE' successfully

2019-07-02 16:16:21 - [TEST_CASE][PASSED] - Test Cases/OCS - MOBILE/CALL - AGE GATE: Test Cases/OCS - MOBILE/CALL - AGE GATE

2019-07-02 16:16:21 - [TEST_STEP][PASSED] - openBrowser(""): Browser is opened with url: ''

2019-07-02 16:16:21 - [MESSAGE][WARNING] - A browser is already opened. Closing browser and opening a new one

2019-07-02 16:16:21 - [MESSAGE][INFO] - Starting 'Chrome' driver

2019-07-02 16:16:22 - [MESSAGE][PASSED] - Browser is opened with url: ''

2019-07-02 16:16:22 - [TEST_STEP][PASSED] - navigateToUrl("https://ocs.ca/?fts=0&preview_theme_id=74203301708"): Navigate to 'https://ocs.ca/?fts=0&preview_theme_id=74203301708' successfully

2019-07-02 16:16:27 - [MESSAGE][PASSED] - Navigate to 'https://ocs.ca/?fts=0&preview_theme_id=74203301708' successfully

2019-07-02 16:16:27 - [TEST_STEP][PASSED] - executeJavaScript("var previewBar = document.getElementById("preview-bar-iframe"); previewBar.style.display = "none";", []): Execute JavaScript 'var previewBar = document.getElementById("preview-bar-iframe"); previewBar.style.display = "none";' successfully

2019-07-02 16:16:27 - [MESSAGE][PASSED] - Execute JavaScript 'var previewBar = document.getElementById("preview-bar-iframe"); previewBar.style.display = "none";' successfully

2019-07-02 16:16:27 - [TEST_STEP][PASSED] - setViewPortSize(360, 800): Viewport is set to new size with width = 360 and height = 800

2019-07-02 16:16:27 - [MESSAGE][PASSED] - Viewport is set to new size with width = 360 and height = 800

2019-07-02 16:16:27 - [TEST_STEP][PASSED] - delay(4): Delayed 4 second(s)

2019-07-02 16:16:31 - [MESSAGE][PASSED] - Delayed 4 second(s)

2019-07-02 16:16:31 - [TEST_STEP][PASSED] - selectOptionByValue(findTestObject("OCS-MOBILE /Age gate and burger menu/Date"), "12", true): All options with value '12' are selected in object 'Object Repository/OCS-MOBILE /Age gate and burger menu/Date'  using regular expression

2019-07-02 16:16:32 - [MESSAGE][PASSED] - All options with value '12' are selected in object 'Object Repository/OCS-MOBILE /Age gate and burger menu/Date'  using regular expression

2019-07-02 16:16:32 - [TEST_STEP][PASSED] - selectOptionByValue(findTestObject("OCS-MOBILE /Age gate and burger menu/month"), "6", true): All options with value '6' are selected in object 'Object Repository/OCS-MOBILE /Age gate and burger menu/month'  using regular expression

2019-07-02 16:16:32 - [MESSAGE][PASSED] - All options with value '6' are selected in object 'Object Repository/OCS-MOBILE /Age gate and burger menu/month'  using regular expression

2019-07-02 16:16:32 - [TEST_STEP][PASSED] - delay(2): Delayed 2 second(s)

2019-07-02 16:16:34 - [MESSAGE][PASSED] - Delayed 2 second(s)

2019-07-02 16:16:34 - [TEST_STEP][PASSED] - selectOptionByValue(findTestObject("OCS-MOBILE /Age gate and burger menu/Year Dropdown"), "1990", true): All options with value '1990' are selected in object 'Object Repository/OCS-MOBILE /Age gate and burger menu/Year Dropdown'  using regular expression

2019-07-02 16:16:35 - [MESSAGE][PASSED] - All options with value '1990' are selected in object 'Object Repository/OCS-MOBILE /Age gate and burger menu/Year Dropdown'  using regular expression

2019-07-02 16:16:35 - [TEST_STEP][PASSED] - click(findTestObject("OCS-MOBILE /Age gate and Mega menu/button_Verify")): Object: 'Object Repository/OCS-MOBILE /Age gate and Mega menu/button_Verify' is clicked on

2019-07-02 16:16:35 - [MESSAGE][PASSED] - Object: 'Object Repository/OCS-MOBILE /Age gate and Mega menu/button_Verify' is clicked on

2019-07-02 16:16:35 - [TEST_STEP][PASSED] - click(findTestObject("OCS-MOBILE /Age gate and Mega menu/Checkbox_CONFIRM AND ACKNOWLEDGE")): Object: 'Object Repository/OCS-MOBILE /Age gate and Mega menu/Checkbox_CONFIRM AND ACKNOWLEDGE' is clicked on

2019-07-02 16:16:35 - [MESSAGE][PASSED] - Object: 'Object Repository/OCS-MOBILE /Age gate and Mega menu/Checkbox_CONFIRM AND ACKNOWLEDGE' is clicked on

2019-07-02 16:16:35 - [TEST_STEP][PASSED] - click(findTestObject("OCS-MOBILE /Age gate and Mega menu/button_CONFIRM")): Object: 'Object Repository/OCS-MOBILE /Age gate and Mega menu/button_CONFIRM' is clicked on

2019-07-02 16:16:36 - [MESSAGE][PASSED] - Object: 'Object Repository/OCS-MOBILE /Age gate and Mega menu/button_CONFIRM' is clicked on

2019-07-02 16:16:36 - [TEST_STEP][PASSED] - click(findTestObject("OCS-MOBILE /Age gate and Mega menu/button_Start Browsing")): Object: 'Object Repository/OCS-MOBILE /Age gate and Mega menu/button_Start Browsing' is clicked on

2019-07-02 16:16:36 - [MESSAGE][PASSED] - Object: 'Object Repository/OCS-MOBILE /Age gate and Mega menu/button_Start Browsing' is clicked on

2019-07-02 16:16:36 - [TEST_STEP][PASSED] - refresh(): Refresh successfully

2019-07-02 16:16:36 - [MESSAGE][PASSED] - Refresh successfully

2019-07-02 16:16:36 - [TEST_STEP][PASSED] - executeJavaScript("var previewBar = document.getElementById("preview-bar-iframe"); previewBar.style.display = "none";", []): Execute JavaScript 'var previewBar = document.getElementById("preview-bar-iframe"); previewBar.style.display = "none";' successfully

2019-07-02 16:16:39 - [MESSAGE][PASSED] - Execute JavaScript 'var previewBar = document.getElementById("preview-bar-iframe"); previewBar.style.display = "none";' successfully

2019-07-02 16:16:39 - [MESSAGE][PASSED] - Call Test Case 'Test Cases/OCS - MOBILE/CALL - AGE GATE' successfully

2019-07-02 16:16:39 - [TEST_STEP][PASSED] - callTestCase(findTestCase("OCS - MOBILE/CALL- TOGGLING LANGUAGE"), [:], STOP_ON_FAILURE): Call Test Case 'Test Cases/OCS - MOBILE/CALL- TOGGLING LANGUAGE' successfully

2019-07-02 16:16:39 - [TEST_CASE][PASSED] - Test Cases/OCS - MOBILE/CALL- TOGGLING LANGUAGE: Test Cases/OCS - MOBILE/CALL- TOGGLING LANGUAGE

2019-07-02 16:16:39 - [TEST_STEP][PASSED] - delay(2): Delayed 2 second(s)

2019-07-02 16:16:41 - [MESSAGE][PASSED] - Delayed 2 second(s)

2019-07-02 16:16:41 - [TEST_STEP][PASSED] - click(findTestObject("OCS-MOBILE /Age gate and burger menu/Burger menu - English")): Object: 'Object Repository/OCS-MOBILE /Age gate and burger menu/Burger menu - English' is clicked on

2019-07-02 16:16:41 - [MESSAGE][PASSED] - Object: 'Object Repository/OCS-MOBILE /Age gate and burger menu/Burger menu - English' is clicked on

2019-07-02 16:16:41 - [TEST_STEP][PASSED] - delay(2): Delayed 2 second(s)

2019-07-02 16:16:43 - [MESSAGE][PASSED] - Delayed 2 second(s)

2019-07-02 16:16:43 - [TEST_STEP][PASSED] - click(findTestObject("OCS-MOBILE /Cart flyout/English dropdown")): Object: 'Object Repository/OCS-MOBILE /Cart flyout/English dropdown' is clicked on

2019-07-02 16:16:43 - [MESSAGE][PASSED] - Object: 'Object Repository/OCS-MOBILE /Cart flyout/English dropdown' is clicked on

2019-07-02 16:16:43 - [TEST_STEP][PASSED] - delay(2): Delayed 2 second(s)

2019-07-02 16:16:45 - [MESSAGE][PASSED] - Delayed 2 second(s)

2019-07-02 16:16:45 - [TEST_STEP][PASSED] - executeJavaScript("var previewBar = document.getElementById("preview-bar-iframe"); previewBar.style.display = "none";", []): Execute JavaScript 'var previewBar = document.getElementById("preview-bar-iframe"); previewBar.style.display = "none";' successfully

2019-07-02 16:16:45 - [MESSAGE][PASSED] - Execute JavaScript 'var previewBar = document.getElementById("preview-bar-iframe"); previewBar.style.display = "none";' successfully

2019-07-02 16:16:45 - [TEST_STEP][PASSED] - click(findTestObject("OCS-MOBILE /Cart flyout/Select French")): Object: 'Object Repository/OCS-MOBILE /Cart flyout/Select French' is clicked on

2019-07-02 16:16:45 - [MESSAGE][PASSED] - Object: 'Object Repository/OCS-MOBILE /Cart flyout/Select French' is clicked on

2019-07-02 16:16:45 - [MESSAGE][PASSED] - Call Test Case 'Test Cases/OCS - MOBILE/CALL- TOGGLING LANGUAGE' successfully

2019-07-02 16:16:45 - [TEST_STEP][PASSED] - delay(2): Delayed 2 second(s)

2019-07-02 16:16:47 - [MESSAGE][PASSED] - Delayed 2 second(s)

2019-07-02 16:16:47 - [TEST_STEP][PASSED] - click(findTestObject("OCS-MOBILE /Age gate and burger menu/Burger menu - English")): Object: 'Object Repository/OCS-MOBILE /Age gate and burger menu/Burger menu - English' is clicked on

2019-07-02 16:16:51 - [MESSAGE][PASSED] - Object: 'Object Repository/OCS-MOBILE /Age gate and burger menu/Burger menu - English' is clicked on

2019-07-02 16:16:51 - [TEST_STEP][PASSED] - delay(2): Delayed 2 second(s)

2019-07-02 16:16:53 - [MESSAGE][PASSED] - Delayed 2 second(s)

2019-07-02 16:16:53 - [TEST_STEP][PASSED] - click(findTestObject("OCS-MOBILE /Age gate and burger menu/Chevron_Cannabis")): Object: 'Object Repository/OCS-MOBILE /Age gate and burger menu/Chevron_Cannabis' is clicked on

2019-07-02 16:16:53 - [MESSAGE][PASSED] - Object: 'Object Repository/OCS-MOBILE /Age gate and burger menu/Chevron_Cannabis' is clicked on

2019-07-02 16:16:53 - [TEST_STEP][PASSED] - delay(2): Delayed 2 second(s)

2019-07-02 16:16:55 - [MESSAGE][PASSED] - Delayed 2 second(s)

2019-07-02 16:16:55 - [TEST_STEP][PASSED] - click(findTestObject("OCS-MOBILE /Age gate and burger menu/Dried Flower_Plus icon")): Object: 'Object Repository/OCS-MOBILE /Age gate and burger menu/Dried Flower_Plus icon' is clicked on

2019-07-02 16:16:55 - [MESSAGE][PASSED] - Object: 'Object Repository/OCS-MOBILE /Age gate and burger menu/Dried Flower_Plus icon' is clicked on

2019-07-02 16:16:55 - [TEST_STEP][PASSED] - delay(2): Delayed 2 second(s)

2019-07-02 16:16:57 - [MESSAGE][PASSED] - Delayed 2 second(s)

2019-07-02 16:16:57 - [TEST_STEP][PASSED] - click(findTestObject("OCS- FRENCH/Indica Dominant_Menu item")): Object: 'Object Repository/OCS- FRENCH/Indica Dominant_Menu item' is clicked on

2019-07-02 16:16:59 - [MESSAGE][PASSED] - Object: 'Object Repository/OCS- FRENCH/Indica Dominant_Menu item' is clicked on

2019-07-02 16:16:59 - [TEST_STEP][PASSED] - executeJavaScript("var previewBar = document.getElementById("preview-bar-iframe"); previewBar.style.display = "none";", []): Execute JavaScript 'var previewBar = document.getElementById("preview-bar-iframe"); previewBar.style.display = "none";' successfully

2019-07-02 16:16:59 - [MESSAGE][PASSED] - Execute JavaScript 'var previewBar = document.getElementById("preview-bar-iframe"); previewBar.style.display = "none";' successfully

2019-07-02 16:16:59 - [TEST_STEP][PASSED] - delay(2): Delayed 2 second(s)

2019-07-02 16:17:01 - [MESSAGE][PASSED] - Delayed 2 second(s)

2019-07-02 16:17:01 - [TEST_STEP][PASSED] - click(findTestObject("OCS- FRENCH/Product image - 1st one")): Object: 'Object Repository/OCS- FRENCH/Product image - 1st one' is clicked on

2019-07-02 16:17:05 - [MESSAGE][PASSED] - Object: 'Object Repository/OCS- FRENCH/Product image - 1st one' is clicked on

2019-07-02 16:17:05 - [TEST_STEP][PASSED] - executeJavaScript("var previewBar = document.getElementById("preview-bar-iframe"); previewBar.style.display = "none";", []): Execute JavaScript 'var previewBar = document.getElementById("preview-bar-iframe"); previewBar.style.display = "none";' successfully

2019-07-02 16:17:05 - [MESSAGE][PASSED] - Execute JavaScript 'var previewBar = document.getElementById("preview-bar-iframe"); previewBar.style.display = "none";' successfully

2019-07-02 16:17:05 - [TEST_STEP][PASSED] - delay(2): Delayed 2 second(s)

2019-07-02 16:17:07 - [MESSAGE][PASSED] - Delayed 2 second(s)

2019-07-02 16:17:07 - [TEST_STEP][PASSED] - click(findTestObject("OCS-MOBILE /Product page/Swatch_1g")): Object: 'Object Repository/OCS-MOBILE /Product page/Swatch_1g' is clicked on

2019-07-02 16:17:08 - [MESSAGE][PASSED] - Object: 'Object Repository/OCS-MOBILE /Product page/Swatch_1g' is clicked on

2019-07-02 16:17:08 - [TEST_STEP][PASSED] - delay(2): Delayed 2 second(s)

2019-07-02 16:17:10 - [MESSAGE][PASSED] - Delayed 2 second(s)

2019-07-02 16:17:10 - [TEST_STEP][PASSED] - click(findTestObject("OCS-MOBILE /Product page/Add to Bag-button")): Object: 'Object Repository/OCS-MOBILE /Product page/Add to Bag-button' is clicked on

2019-07-02 16:17:10 - [MESSAGE][PASSED] - Object: 'Object Repository/OCS-MOBILE /Product page/Add to Bag-button' is clicked on

2019-07-02 16:17:10 - [TEST_STEP][PASSED] - delay(4): Delayed 4 second(s)

2019-07-02 16:17:14 - [MESSAGE][PASSED] - Delayed 4 second(s)

2019-07-02 16:17:14 - [TEST_STEP][PASSED] - click(findTestObject("OCS-MOBILE /Home - page/Cart icon -bag")): Object: 'Object Repository/OCS-MOBILE /Home - page/Cart icon -bag' is clicked on

2019-07-02 16:17:14 - [MESSAGE][PASSED] - Object: 'Object Repository/OCS-MOBILE /Home - page/Cart icon -bag' is clicked on

2019-07-02 16:17:14 - [TEST_STEP][PASSED] - delay(4, OPTIONAL): Delayed 4 second(s)

2019-07-02 16:17:18 - [MESSAGE][PASSED] - Delayed 4 second(s)

2019-07-02 16:17:18 - [TEST_STEP][PASSED] - delay(2): Delayed 2 second(s)

2019-07-02 16:17:20 - [MESSAGE][PASSED] - Delayed 2 second(s)

2019-07-02 16:17:20 - [TEST_STEP][PASSED] - click(findTestObject("OCS-MOBILE /Cart flyout/Up Chevron - Accessories you might need")): Object: 'Object Repository/OCS-MOBILE /Cart flyout/Up Chevron - Accessories you might need' is clicked on

2019-07-02 16:17:20 - [MESSAGE][PASSED] - Object: 'Object Repository/OCS-MOBILE /Cart flyout/Up Chevron - Accessories you might need' is clicked on

2019-07-02 16:17:20 - [TEST_STEP][PASSED] - delay(4): Delayed 4 second(s)

2019-07-02 16:17:24 - [MESSAGE][PASSED] - Delayed 4 second(s)

2019-07-02 16:17:24 - [TEST_STEP][PASSED] - click(findTestObject("OCS-MOBILE /Cart flyout/Down Chevron - Accessories you might need")): Object: 'Object Repository/OCS-MOBILE /Cart flyout/Down Chevron - Accessories you might need' is clicked on

2019-07-02 16:17:24 - [MESSAGE][PASSED] - Object: 'Object Repository/OCS-MOBILE /Cart flyout/Down Chevron - Accessories you might need' is clicked on]]></system-out>
         <system-err><![CDATA[]]></system-err>
      </testcase>
      <testcase name="Test Cases/OCS- FRENCH/CRITICAL PATH/Cart flyout - Price comparison - fr" classname="Test Cases/OCS- FRENCH/CRITICAL PATH/Cart flyout - Price comparison - fr" status="PASSED">
         <system-out><![CDATA[2019-07-02 16:17:24 - [TEST_CASE][PASSED] - Test Cases/OCS- FRENCH/CRITICAL PATH/Cart flyout - Price comparison - fr: Test Cases/OCS- FRENCH/CRITICAL PATH/Cart flyout - Price comparison - fr

2019-07-02 16:17:24 - [TEST_STEP][PASSED] - callTestCase(findTestCase("OCS - MOBILE/CALL - AGE GATE"), [:], STOP_ON_FAILURE): Call Test Case 'Test Cases/OCS - MOBILE/CALL - AGE GATE' successfully

2019-07-02 16:17:24 - [TEST_CASE][PASSED] - Test Cases/OCS - MOBILE/CALL - AGE GATE: Test Cases/OCS - MOBILE/CALL - AGE GATE

2019-07-02 16:17:24 - [TEST_STEP][PASSED] - openBrowser(""): Browser is opened with url: ''

2019-07-02 16:17:24 - [MESSAGE][WARNING] - A browser is already opened. Closing browser and opening a new one

2019-07-02 16:17:24 - [MESSAGE][INFO] - Starting 'Chrome' driver

2019-07-02 16:17:25 - [MESSAGE][PASSED] - Browser is opened with url: ''

2019-07-02 16:17:25 - [TEST_STEP][PASSED] - navigateToUrl("https://ocs.ca/?fts=0&preview_theme_id=74203301708"): Navigate to 'https://ocs.ca/?fts=0&preview_theme_id=74203301708' successfully

2019-07-02 16:17:31 - [MESSAGE][PASSED] - Navigate to 'https://ocs.ca/?fts=0&preview_theme_id=74203301708' successfully

2019-07-02 16:17:31 - [TEST_STEP][PASSED] - executeJavaScript("var previewBar = document.getElementById("preview-bar-iframe"); previewBar.style.display = "none";", []): Execute JavaScript 'var previewBar = document.getElementById("preview-bar-iframe"); previewBar.style.display = "none";' successfully

2019-07-02 16:17:31 - [MESSAGE][PASSED] - Execute JavaScript 'var previewBar = document.getElementById("preview-bar-iframe"); previewBar.style.display = "none";' successfully

2019-07-02 16:17:31 - [TEST_STEP][PASSED] - setViewPortSize(360, 800): Viewport is set to new size with width = 360 and height = 800

2019-07-02 16:17:31 - [MESSAGE][PASSED] - Viewport is set to new size with width = 360 and height = 800

2019-07-02 16:17:31 - [TEST_STEP][PASSED] - delay(4): Delayed 4 second(s)

2019-07-02 16:17:35 - [MESSAGE][PASSED] - Delayed 4 second(s)

2019-07-02 16:17:35 - [TEST_STEP][PASSED] - selectOptionByValue(findTestObject("OCS-MOBILE /Age gate and burger menu/Date"), "12", true): All options with value '12' are selected in object 'Object Repository/OCS-MOBILE /Age gate and burger menu/Date'  using regular expression

2019-07-02 16:17:35 - [MESSAGE][PASSED] - All options with value '12' are selected in object 'Object Repository/OCS-MOBILE /Age gate and burger menu/Date'  using regular expression

2019-07-02 16:17:35 - [TEST_STEP][PASSED] - selectOptionByValue(findTestObject("OCS-MOBILE /Age gate and burger menu/month"), "6", true): All options with value '6' are selected in object 'Object Repository/OCS-MOBILE /Age gate and burger menu/month'  using regular expression

2019-07-02 16:17:36 - [MESSAGE][PASSED] - All options with value '6' are selected in object 'Object Repository/OCS-MOBILE /Age gate and burger menu/month'  using regular expression

2019-07-02 16:17:36 - [TEST_STEP][PASSED] - delay(2): Delayed 2 second(s)

2019-07-02 16:17:38 - [MESSAGE][PASSED] - Delayed 2 second(s)

2019-07-02 16:17:38 - [TEST_STEP][PASSED] - selectOptionByValue(findTestObject("OCS-MOBILE /Age gate and burger menu/Year Dropdown"), "1990", true): All options with value '1990' are selected in object 'Object Repository/OCS-MOBILE /Age gate and burger menu/Year Dropdown'  using regular expression

2019-07-02 16:17:39 - [MESSAGE][PASSED] - All options with value '1990' are selected in object 'Object Repository/OCS-MOBILE /Age gate and burger menu/Year Dropdown'  using regular expression

2019-07-02 16:17:39 - [TEST_STEP][PASSED] - click(findTestObject("OCS-MOBILE /Age gate and Mega menu/button_Verify")): Object: 'Object Repository/OCS-MOBILE /Age gate and Mega menu/button_Verify' is clicked on

2019-07-02 16:17:39 - [MESSAGE][PASSED] - Object: 'Object Repository/OCS-MOBILE /Age gate and Mega menu/button_Verify' is clicked on

2019-07-02 16:17:39 - [TEST_STEP][PASSED] - click(findTestObject("OCS-MOBILE /Age gate and Mega menu/Checkbox_CONFIRM AND ACKNOWLEDGE")): Object: 'Object Repository/OCS-MOBILE /Age gate and Mega menu/Checkbox_CONFIRM AND ACKNOWLEDGE' is clicked on

2019-07-02 16:17:39 - [MESSAGE][PASSED] - Object: 'Object Repository/OCS-MOBILE /Age gate and Mega menu/Checkbox_CONFIRM AND ACKNOWLEDGE' is clicked on

2019-07-02 16:17:39 - [TEST_STEP][PASSED] - click(findTestObject("OCS-MOBILE /Age gate and Mega menu/button_CONFIRM")): Object: 'Object Repository/OCS-MOBILE /Age gate and Mega menu/button_CONFIRM' is clicked on

2019-07-02 16:17:39 - [MESSAGE][PASSED] - Object: 'Object Repository/OCS-MOBILE /Age gate and Mega menu/button_CONFIRM' is clicked on

2019-07-02 16:17:39 - [TEST_STEP][PASSED] - click(findTestObject("OCS-MOBILE /Age gate and Mega menu/button_Start Browsing")): Object: 'Object Repository/OCS-MOBILE /Age gate and Mega menu/button_Start Browsing' is clicked on

2019-07-02 16:17:39 - [MESSAGE][PASSED] - Object: 'Object Repository/OCS-MOBILE /Age gate and Mega menu/button_Start Browsing' is clicked on

2019-07-02 16:17:39 - [TEST_STEP][PASSED] - refresh(): Refresh successfully

2019-07-02 16:17:42 - [MESSAGE][PASSED] - Refresh successfully

2019-07-02 16:17:42 - [TEST_STEP][PASSED] - executeJavaScript("var previewBar = document.getElementById("preview-bar-iframe"); previewBar.style.display = "none";", []): Execute JavaScript 'var previewBar = document.getElementById("preview-bar-iframe"); previewBar.style.display = "none";' successfully

2019-07-02 16:17:42 - [MESSAGE][PASSED] - Execute JavaScript 'var previewBar = document.getElementById("preview-bar-iframe"); previewBar.style.display = "none";' successfully

2019-07-02 16:17:42 - [MESSAGE][PASSED] - Call Test Case 'Test Cases/OCS - MOBILE/CALL - AGE GATE' successfully

2019-07-02 16:17:42 - [TEST_STEP][PASSED] - callTestCase(findTestCase("OCS - MOBILE/CALL- TOGGLING LANGUAGE"), [:], STOP_ON_FAILURE): Call Test Case 'Test Cases/OCS - MOBILE/CALL- TOGGLING LANGUAGE' successfully

2019-07-02 16:17:42 - [TEST_CASE][PASSED] - Test Cases/OCS - MOBILE/CALL- TOGGLING LANGUAGE: Test Cases/OCS - MOBILE/CALL- TOGGLING LANGUAGE

2019-07-02 16:17:42 - [TEST_STEP][PASSED] - delay(2): Delayed 2 second(s)

2019-07-02 16:17:44 - [MESSAGE][PASSED] - Delayed 2 second(s)

2019-07-02 16:17:44 - [TEST_STEP][PASSED] - click(findTestObject("OCS-MOBILE /Age gate and burger menu/Burger menu - English")): Object: 'Object Repository/OCS-MOBILE /Age gate and burger menu/Burger menu - English' is clicked on

2019-07-02 16:17:44 - [MESSAGE][PASSED] - Object: 'Object Repository/OCS-MOBILE /Age gate and burger menu/Burger menu - English' is clicked on

2019-07-02 16:17:44 - [TEST_STEP][PASSED] - delay(2): Delayed 2 second(s)

2019-07-02 16:17:46 - [MESSAGE][PASSED] - Delayed 2 second(s)

2019-07-02 16:17:46 - [TEST_STEP][PASSED] - click(findTestObject("OCS-MOBILE /Cart flyout/English dropdown")): Object: 'Object Repository/OCS-MOBILE /Cart flyout/English dropdown' is clicked on

2019-07-02 16:17:47 - [MESSAGE][PASSED] - Object: 'Object Repository/OCS-MOBILE /Cart flyout/English dropdown' is clicked on

2019-07-02 16:17:47 - [TEST_STEP][PASSED] - delay(2): Delayed 2 second(s)

2019-07-02 16:17:49 - [MESSAGE][PASSED] - Delayed 2 second(s)

2019-07-02 16:17:49 - [TEST_STEP][PASSED] - executeJavaScript("var previewBar = document.getElementById("preview-bar-iframe"); previewBar.style.display = "none";", []): Execute JavaScript 'var previewBar = document.getElementById("preview-bar-iframe"); previewBar.style.display = "none";' successfully

2019-07-02 16:17:49 - [MESSAGE][PASSED] - Execute JavaScript 'var previewBar = document.getElementById("preview-bar-iframe"); previewBar.style.display = "none";' successfully

2019-07-02 16:17:49 - [TEST_STEP][PASSED] - click(findTestObject("OCS-MOBILE /Cart flyout/Select French")): Object: 'Object Repository/OCS-MOBILE /Cart flyout/Select French' is clicked on

2019-07-02 16:17:49 - [MESSAGE][PASSED] - Object: 'Object Repository/OCS-MOBILE /Cart flyout/Select French' is clicked on

2019-07-02 16:17:49 - [MESSAGE][PASSED] - Call Test Case 'Test Cases/OCS - MOBILE/CALL- TOGGLING LANGUAGE' successfully

2019-07-02 16:17:49 - [TEST_STEP][PASSED] - delay(2): Delayed 2 second(s)

2019-07-02 16:17:51 - [MESSAGE][PASSED] - Delayed 2 second(s)

2019-07-02 16:17:51 - [TEST_STEP][PASSED] - click(findTestObject("OCS-MOBILE /Age gate and burger menu/Burger menu - English")): Object: 'Object Repository/OCS-MOBILE /Age gate and burger menu/Burger menu - English' is clicked on

2019-07-02 16:17:52 - [MESSAGE][PASSED] - Object: 'Object Repository/OCS-MOBILE /Age gate and burger menu/Burger menu - English' is clicked on

2019-07-02 16:17:52 - [TEST_STEP][PASSED] - delay(2): Delayed 2 second(s)

2019-07-02 16:17:54 - [MESSAGE][PASSED] - Delayed 2 second(s)

2019-07-02 16:17:54 - [TEST_STEP][PASSED] - click(findTestObject("OCS-MOBILE /Age gate and burger menu/Chevron_Cannabis")): Object: 'Object Repository/OCS-MOBILE /Age gate and burger menu/Chevron_Cannabis' is clicked on

2019-07-02 16:17:54 - [MESSAGE][PASSED] - Object: 'Object Repository/OCS-MOBILE /Age gate and burger menu/Chevron_Cannabis' is clicked on

2019-07-02 16:17:54 - [TEST_STEP][PASSED] - delay(2): Delayed 2 second(s)

2019-07-02 16:17:56 - [MESSAGE][PASSED] - Delayed 2 second(s)

2019-07-02 16:17:56 - [TEST_STEP][PASSED] - click(findTestObject("OCS-MOBILE /Age gate and burger menu/Dried Flower_Plus icon")): Object: 'Object Repository/OCS-MOBILE /Age gate and burger menu/Dried Flower_Plus icon' is clicked on

2019-07-02 16:17:56 - [MESSAGE][PASSED] - Object: 'Object Repository/OCS-MOBILE /Age gate and burger menu/Dried Flower_Plus icon' is clicked on

2019-07-02 16:17:56 - [TEST_STEP][PASSED] - delay(2): Delayed 2 second(s)

2019-07-02 16:17:58 - [MESSAGE][PASSED] - Delayed 2 second(s)

2019-07-02 16:17:58 - [TEST_STEP][PASSED] - click(findTestObject("OCS- FRENCH/Indica Dominant_Menu item")): Object: 'Object Repository/OCS- FRENCH/Indica Dominant_Menu item' is clicked on

2019-07-02 16:18:01 - [MESSAGE][PASSED] - Object: 'Object Repository/OCS- FRENCH/Indica Dominant_Menu item' is clicked on

2019-07-02 16:18:01 - [TEST_STEP][PASSED] - executeJavaScript("var previewBar = document.getElementById("preview-bar-iframe"); previewBar.style.display = "none";", []): Execute JavaScript 'var previewBar = document.getElementById("preview-bar-iframe"); previewBar.style.display = "none";' successfully

2019-07-02 16:18:01 - [MESSAGE][PASSED] - Execute JavaScript 'var previewBar = document.getElementById("preview-bar-iframe"); previewBar.style.display = "none";' successfully

2019-07-02 16:18:01 - [TEST_STEP][PASSED] - delay(2): Delayed 2 second(s)

2019-07-02 16:18:03 - [MESSAGE][PASSED] - Delayed 2 second(s)

2019-07-02 16:18:03 - [TEST_STEP][PASSED] - click(findTestObject("OCS- FRENCH/Product image - 1st one")): Object: 'Object Repository/OCS- FRENCH/Product image - 1st one' is clicked on

2019-07-02 16:18:07 - [MESSAGE][PASSED] - Object: 'Object Repository/OCS- FRENCH/Product image - 1st one' is clicked on

2019-07-02 16:18:07 - [TEST_STEP][PASSED] - executeJavaScript("var previewBar = document.getElementById("preview-bar-iframe"); previewBar.style.display = "none";", []): Execute JavaScript 'var previewBar = document.getElementById("preview-bar-iframe"); previewBar.style.display = "none";' successfully

2019-07-02 16:18:07 - [MESSAGE][PASSED] - Execute JavaScript 'var previewBar = document.getElementById("preview-bar-iframe"); previewBar.style.display = "none";' successfully

2019-07-02 16:18:07 - [TEST_STEP][PASSED] - delay(2): Delayed 2 second(s)

2019-07-02 16:18:09 - [MESSAGE][PASSED] - Delayed 2 second(s)

2019-07-02 16:18:09 - [TEST_STEP][PASSED] - click(findTestObject("OCS-MOBILE /Product page/Swatch_1g")): Object: 'Object Repository/OCS-MOBILE /Product page/Swatch_1g' is clicked on

2019-07-02 16:18:09 - [MESSAGE][PASSED] - Object: 'Object Repository/OCS-MOBILE /Product page/Swatch_1g' is clicked on

2019-07-02 16:18:09 - [TEST_STEP][PASSED] - delay(2): Delayed 2 second(s)

2019-07-02 16:18:11 - [MESSAGE][PASSED] - Delayed 2 second(s)

2019-07-02 16:18:11 - [TEST_STEP][PASSED] - click(findTestObject("OCS-MOBILE /Product page/Add to Bag-button")): Object: 'Object Repository/OCS-MOBILE /Product page/Add to Bag-button' is clicked on

2019-07-02 16:18:11 - [MESSAGE][PASSED] - Object: 'Object Repository/OCS-MOBILE /Product page/Add to Bag-button' is clicked on

2019-07-02 16:18:11 - [TEST_STEP][PASSED] - delay(4): Delayed 4 second(s)

2019-07-02 16:18:15 - [MESSAGE][PASSED] - Delayed 4 second(s)

2019-07-02 16:18:15 - [TEST_STEP][NOT_RUN] - click(findTestObject("OCS-MOBILE /Home - page/Cart icon -bag")): NOT_RUN: click(findTestObject("OCS-MOBILE /Home - page/Cart icon -bag"))

2019-07-02 16:18:15 - [MESSAGE][NOT_RUN] - NOT_RUN: click(findTestObject("OCS-MOBILE /Home - page/Cart icon -bag"))

2019-07-02 16:18:15 - [TEST_STEP][PASSED] - delay(4, OPTIONAL): Delayed 4 second(s)

2019-07-02 16:18:19 - [MESSAGE][PASSED] - Delayed 4 second(s)

2019-07-02 16:18:19 - [TEST_STEP][NOT_RUN] - click(findTestObject("OCS-MOBILE /Cart flyout/Back icon")): NOT_RUN: click(findTestObject("OCS-MOBILE /Cart flyout/Back icon"))

2019-07-02 16:18:19 - [MESSAGE][NOT_RUN] - NOT_RUN: click(findTestObject("OCS-MOBILE /Cart flyout/Back icon"))

2019-07-02 16:18:19 - [TEST_STEP][PASSED] - delay(2): Delayed 2 second(s)

2019-07-02 16:18:21 - [MESSAGE][PASSED] - Delayed 2 second(s)

2019-07-02 16:18:21 - [TEST_STEP][PASSED] - click(findTestObject("OCS-MOBILE /Product page/Swatch_3.5g"), CONTINUE_ON_FAILURE): Object: 'Object Repository/OCS-MOBILE /Product page/Swatch_3.5g' is clicked on

2019-07-02 16:18:21 - [MESSAGE][PASSED] - Object: 'Object Repository/OCS-MOBILE /Product page/Swatch_3.5g' is clicked on

2019-07-02 16:18:21 - [TEST_STEP][PASSED] - delay(2): Delayed 2 second(s)

2019-07-02 16:18:23 - [MESSAGE][PASSED] - Delayed 2 second(s)

2019-07-02 16:18:23 - [TEST_STEP][PASSED] - click(findTestObject("OCS-MOBILE /Product page/Add to Bag-button")): Object: 'Object Repository/OCS-MOBILE /Product page/Add to Bag-button' is clicked on

2019-07-02 16:18:23 - [MESSAGE][PASSED] - Object: 'Object Repository/OCS-MOBILE /Product page/Add to Bag-button' is clicked on

2019-07-02 16:18:23 - [TEST_STEP][PASSED] - delay(3): Delayed 3 second(s)

2019-07-02 16:18:27 - [MESSAGE][PASSED] - Delayed 3 second(s)

2019-07-02 16:18:27 - [TEST_STEP][PASSED] - click(findTestObject("OCS-MOBILE /Home - page/Cart icon -bag")): Object: 'Object Repository/OCS-MOBILE /Home - page/Cart icon -bag' is clicked on

2019-07-02 16:18:27 - [MESSAGE][PASSED] - Object: 'Object Repository/OCS-MOBILE /Home - page/Cart icon -bag' is clicked on

2019-07-02 16:18:27 - [TEST_STEP][PASSED] - delay(2): Delayed 2 second(s)

2019-07-02 16:18:29 - [MESSAGE][PASSED] - Delayed 2 second(s)

2019-07-02 16:18:29 - [TEST_STEP][PASSED] - k = getText(findTestObject("OCS-MOBILE /Cart flyout/Unit price - 1st Product")): Text of object 'Object Repository/OCS-MOBILE /Cart flyout/Unit price - 1st Product' is: '35,00 $'

2019-07-02 16:18:29 - [MESSAGE][PASSED] - Text of object 'Object Repository/OCS-MOBILE /Cart flyout/Unit price - 1st Product' is: '35,00 $'

2019-07-02 16:18:29 - [TEST_STEP][PASSED] - delay(2): Delayed 2 second(s)

2019-07-02 16:18:31 - [MESSAGE][PASSED] - Delayed 2 second(s)

2019-07-02 16:18:31 - [TEST_STEP][PASSED] - a = getText(findTestObject("OCS-MOBILE /Cart flyout/Unit price - 2nd Product")): Text of object 'Object Repository/OCS-MOBILE /Cart flyout/Unit price - 2nd Product' is: '10,50 $'

2019-07-02 16:18:31 - [MESSAGE][PASSED] - Text of object 'Object Repository/OCS-MOBILE /Cart flyout/Unit price - 2nd Product' is: '10,50 $'

2019-07-02 16:18:31 - [TEST_STEP][PASSED] - delay(2): Delayed 2 second(s)

2019-07-02 16:18:33 - [MESSAGE][PASSED] - Delayed 2 second(s)

2019-07-02 16:18:33 - [TEST_STEP][PASSED] - a1 = k.substring(0, k.length() - 1): null

2019-07-02 16:18:33 - [TEST_STEP][PASSED] - comment("a1 = " + a1): a1 = 35,00 

2019-07-02 16:18:33 - [MESSAGE][INFO] - a1 = 35,00 

2019-07-02 16:18:33 - [TEST_STEP][PASSED] - x1 = a1.substring(0, a1.length() - 1): null

2019-07-02 16:18:33 - [TEST_STEP][PASSED] - comment("x1 = " + x1): x1 = 35,00

2019-07-02 16:18:33 - [MESSAGE][INFO] - x1 = 35,00

2019-07-02 16:18:33 - [TEST_STEP][PASSED] - x2 = x1.substring(0, x1.length() - 1): null

2019-07-02 16:18:33 - [TEST_STEP][PASSED] - comment("x2 = " + x2): x2 = 35,0

2019-07-02 16:18:33 - [MESSAGE][INFO] - x2 = 35,0

2019-07-02 16:18:33 - [TEST_STEP][PASSED] - x3 = x2.substring(0, x2.length() - 1): null

2019-07-02 16:18:33 - [TEST_STEP][PASSED] - comment("x3 = " + x3): x3 = 35,

2019-07-02 16:18:33 - [MESSAGE][INFO] - x3 = 35,

2019-07-02 16:18:33 - [TEST_STEP][PASSED] - x6 = x3.substring(0, x3.length() - 1): null

2019-07-02 16:18:33 - [TEST_STEP][PASSED] - comment("x6 = " + x6): x6 = 35

2019-07-02 16:18:33 - [MESSAGE][INFO] - x6 = 35

2019-07-02 16:18:33 - [TEST_STEP][PASSED] - a2 = a.substring(0, a.length() - 1): null

2019-07-02 16:18:33 - [TEST_STEP][PASSED] - comment("a2 = " + a2): a2 = 10,50 

2019-07-02 16:18:33 - [MESSAGE][INFO] - a2 = 10,50 

2019-07-02 16:18:33 - [TEST_STEP][PASSED] - y1 = a2.substring(0, a2.length() - 1): null

2019-07-02 16:18:33 - [TEST_STEP][PASSED] - comment("y1 = " + y1): y1 = 10,50

2019-07-02 16:18:33 - [MESSAGE][INFO] - y1 = 10,50

2019-07-02 16:18:33 - [TEST_STEP][PASSED] - y2 = y1.substring(0, y1.length() - 1): null

2019-07-02 16:18:33 - [TEST_STEP][PASSED] - comment("y2 = " + y2): y2 = 10,5

2019-07-02 16:18:33 - [MESSAGE][INFO] - y2 = 10,5

2019-07-02 16:18:33 - [TEST_STEP][PASSED] - y3 = y2.substring(0, y2.length() - 1): null

2019-07-02 16:18:33 - [TEST_STEP][PASSED] - comment("y3 = " + y3): y3 = 10,

2019-07-02 16:18:33 - [MESSAGE][INFO] - y3 = 10,

2019-07-02 16:18:33 - [TEST_STEP][PASSED] - y4 = y3.substring(0, y3.length() - 1): null

2019-07-02 16:18:33 - [TEST_STEP][PASSED] - comment("y4 = " + y4): y4 = 10

2019-07-02 16:18:33 - [MESSAGE][INFO] - y4 = 10

2019-07-02 16:18:33 - [TEST_STEP][PASSED] - p1 = <not implemented yet for class: org.codehaus.groovy.ast.expr.EmptyExpression>: null

2019-07-02 16:18:33 - [TEST_STEP][PASSED] - p2 = <not implemented yet for class: org.codehaus.groovy.ast.expr.EmptyExpression>: null

2019-07-02 16:18:33 - [TEST_STEP][PASSED] - try: p1=35.0

2019-07-02 16:18:33 - [TEST_STEP][PASSED] - str = x6: null

2019-07-02 16:18:33 - [TEST_STEP][PASSED] - comment("str=" + str): str=35

2019-07-02 16:18:33 - [MESSAGE][INFO] - str=35

2019-07-02 16:18:33 - [TEST_STEP][PASSED] - p1 = Double.valueOf(str): null

2019-07-02 16:18:33 - [TEST_STEP][PASSED] - comment("p1=" + p1): p1=35.0

2019-07-02 16:18:33 - [MESSAGE][INFO] - p1=35.0

2019-07-02 16:18:33 - [TEST_STEP][PASSED] - try: p2=10.0

2019-07-02 16:18:33 - [TEST_STEP][PASSED] - str5 = y4: null

2019-07-02 16:18:33 - [TEST_STEP][PASSED] - comment("str5=" + str5): str5=10

2019-07-02 16:18:33 - [MESSAGE][INFO] - str5=10

2019-07-02 16:18:33 - [TEST_STEP][PASSED] - p2 = Double.valueOf(str5): null

2019-07-02 16:18:33 - [TEST_STEP][PASSED] - comment("p2=" + p2): p2=10.0

2019-07-02 16:18:33 - [MESSAGE][INFO] - p2=10.0

2019-07-02 16:18:33 - [TEST_STEP][PASSED] - total = p1 + p2: null

2019-07-02 16:18:33 - [TEST_STEP][PASSED] - comment("total =" + total): total =45.0

2019-07-02 16:18:33 - [MESSAGE][INFO] - total =45.0

2019-07-02 16:18:33 - [TEST_STEP][PASSED] - executeJavaScript("var previewBar = document.getElementById("preview-bar-iframe"); previewBar.style.display = "none";", []): Execute JavaScript 'var previewBar = document.getElementById("preview-bar-iframe"); previewBar.style.display = "none";' successfully

2019-07-02 16:18:33 - [MESSAGE][PASSED] - Execute JavaScript 'var previewBar = document.getElementById("preview-bar-iframe"); previewBar.style.display = "none";' successfully

2019-07-02 16:18:33 - [TEST_STEP][PASSED] - amount = getText(findTestObject("OCS-MOBILE /Cart flyout/Sub-total Price")): Text of object 'Object Repository/OCS-MOBILE /Cart flyout/Sub-total Price' is: '45,50 $'

2019-07-02 16:18:33 - [MESSAGE][PASSED] - Text of object 'Object Repository/OCS-MOBILE /Cart flyout/Sub-total Price' is: '45,50 $'

2019-07-02 16:18:33 - [TEST_STEP][PASSED] - delay(2): Delayed 2 second(s)

2019-07-02 16:18:35 - [MESSAGE][PASSED] - Delayed 2 second(s)

2019-07-02 16:18:35 - [TEST_STEP][PASSED] - comment("amount =" + amount): amount =45,50 $

2019-07-02 16:18:35 - [MESSAGE][INFO] - amount =45,50 $

2019-07-02 16:18:35 - [TEST_STEP][PASSED] - a3 = amount.substring(0, amount.length() - 1): null

2019-07-02 16:18:35 - [TEST_STEP][PASSED] - comment("a3 = " + a3): a3 = 45,50 

2019-07-02 16:18:35 - [MESSAGE][INFO] - a3 = 45,50 

2019-07-02 16:18:35 - [TEST_STEP][PASSED] - z1 = a3.substring(0, a3.length() - 1): null

2019-07-02 16:18:35 - [TEST_STEP][PASSED] - comment("z1 = " + z1): z1 = 45,50

2019-07-02 16:18:35 - [MESSAGE][INFO] - z1 = 45,50

2019-07-02 16:18:35 - [TEST_STEP][PASSED] - z2 = z1.substring(0, z1.length() - 1): null

2019-07-02 16:18:35 - [TEST_STEP][PASSED] - comment("z2 = " + z2): z2 = 45,5

2019-07-02 16:18:35 - [MESSAGE][INFO] - z2 = 45,5

2019-07-02 16:18:35 - [TEST_STEP][PASSED] - z3 = z2.substring(0, z2.length() - 1): null

2019-07-02 16:18:35 - [TEST_STEP][PASSED] - comment("z3 = " + z3): z3 = 45,

2019-07-02 16:18:35 - [MESSAGE][INFO] - z3 = 45,

2019-07-02 16:18:35 - [TEST_STEP][PASSED] - z4 = z3.substring(0, z3.length() - 1): null

2019-07-02 16:18:35 - [TEST_STEP][PASSED] - comment("z4 = " + z4): z4 = 45

2019-07-02 16:18:35 - [MESSAGE][INFO] - z4 = 45

2019-07-02 16:18:35 - [TEST_STEP][PASSED] - verifyEqual(total, z4): Actual object '45' and expected object '45' are equal

2019-07-02 16:18:35 - [MESSAGE][PASSED] - Actual object '45' and expected object '45' are equal

2019-07-02 16:18:35 - [TEST_STEP][PASSED] - comment("cart items price equal"): cart items price equal

2019-07-02 16:18:35 - [MESSAGE][INFO] - cart items price equal

2019-07-02 16:18:35 - [TEST_STEP][PASSED] - delay(1): Delayed 1 second(s)

2019-07-02 16:18:36 - [MESSAGE][PASSED] - Delayed 1 second(s)

2019-07-02 16:18:36 - [TEST_STEP][PASSED] - click(findTestObject("OCS-MOBILE /Cart flyout/Checkbox_I confirm that")): Object: 'Object Repository/OCS-MOBILE /Cart flyout/Checkbox_I confirm that' is clicked on

2019-07-02 16:18:36 - [MESSAGE][PASSED] - Object: 'Object Repository/OCS-MOBILE /Cart flyout/Checkbox_I confirm that' is clicked on

2019-07-02 16:18:36 - [TEST_STEP][PASSED] - delay(2): Delayed 2 second(s)

2019-07-02 16:18:38 - [MESSAGE][PASSED] - Delayed 2 second(s)

2019-07-02 16:18:38 - [TEST_STEP][PASSED] - click(findTestObject("OCS-MOBILE /Cart flyout/Checkbox_Accept the Terms Condition")): Object: 'Object Repository/OCS-MOBILE /Cart flyout/Checkbox_Accept the Terms Condition' is clicked on

2019-07-02 16:18:38 - [MESSAGE][PASSED] - Object: 'Object Repository/OCS-MOBILE /Cart flyout/Checkbox_Accept the Terms Condition' is clicked on

2019-07-02 16:18:38 - [TEST_STEP][PASSED] - delay(2): Delayed 2 second(s)

2019-07-02 16:18:40 - [MESSAGE][PASSED] - Delayed 2 second(s)

2019-07-02 16:18:40 - [TEST_STEP][PASSED] - click(findTestObject("OCS-MOBILE /Cart flyout/Checkout - Button")): Object: 'Object Repository/OCS-MOBILE /Cart flyout/Checkout - Button' is clicked on

2019-07-02 16:18:43 - [MESSAGE][PASSED] - Object: 'Object Repository/OCS-MOBILE /Cart flyout/Checkout - Button' is clicked on

2019-07-02 16:18:43 - [TEST_STEP][PASSED] - executeJavaScript("var previewBar = document.getElementById("preview-bar-iframe"); previewBar.style.display = "none";", []): Execute JavaScript 'var previewBar = document.getElementById("preview-bar-iframe"); previewBar.style.display = "none";' successfully

2019-07-02 16:18:43 - [MESSAGE][PASSED] - Execute JavaScript 'var previewBar = document.getElementById("preview-bar-iframe"); previewBar.style.display = "none";' successfully

2019-07-02 16:18:43 - [TEST_STEP][PASSED] - delay(1): Delayed 1 second(s)

2019-07-02 16:18:44 - [MESSAGE][PASSED] - Delayed 1 second(s)

2019-07-02 16:18:44 - [TEST_STEP][PASSED] - callTestCase(findTestCase("OCS - MOBILE/CALL- SHIPPING TO PAYMENT"), [:], STOP_ON_FAILURE): Call Test Case 'Test Cases/OCS - MOBILE/CALL- SHIPPING TO PAYMENT' successfully

2019-07-02 16:18:44 - [TEST_CASE][PASSED] - Test Cases/OCS - MOBILE/CALL- SHIPPING TO PAYMENT: Test Cases/OCS - MOBILE/CALL- SHIPPING TO PAYMENT

2019-07-02 16:18:44 - [TEST_STEP][PASSED] - executeJavaScript("var previewBar = document.getElementById("preview-bar-iframe"); previewBar.style.display = "none";", []): Execute JavaScript 'var previewBar = document.getElementById("preview-bar-iframe"); previewBar.style.display = "none";' successfully

2019-07-02 16:18:44 - [MESSAGE][PASSED] - Execute JavaScript 'var previewBar = document.getElementById("preview-bar-iframe"); previewBar.style.display = "none";' successfully

2019-07-02 16:18:44 - [TEST_STEP][PASSED] - delay(2): Delayed 2 second(s)

2019-07-02 16:18:46 - [MESSAGE][PASSED] - Delayed 2 second(s)

2019-07-02 16:18:46 - [TEST_STEP][PASSED] - setText(findTestObject("OCS- FRENCH/Page_Ontario Cannabis Store - Infor/input_Adresse e-mail_checkoute"), "suman@gmail.com"): Text 'suman@gmail.com' is set on object 'Object Repository/OCS- FRENCH/Page_Ontario Cannabis Store - Infor/input_Adresse e-mail_checkoute'

2019-07-02 16:18:46 - [MESSAGE][PASSED] - Text 'suman@gmail.com' is set on object 'Object Repository/OCS- FRENCH/Page_Ontario Cannabis Store - Infor/input_Adresse e-mail_checkoute'

2019-07-02 16:18:46 - [TEST_STEP][PASSED] - delay(2): Delayed 2 second(s)

2019-07-02 16:18:48 - [MESSAGE][PASSED] - Delayed 2 second(s)

2019-07-02 16:18:48 - [TEST_STEP][PASSED] - setText(findTestObject("Object Repository/OCS- FRENCH/Page_Ontario Cannabis Store - Infor/input_Prnom_checkoutshipping_a"), "suman"): Text 'suman' is set on object 'Object Repository/OCS- FRENCH/Page_Ontario Cannabis Store - Infor/input_Prnom_checkoutshipping_a'

2019-07-02 16:18:48 - [MESSAGE][PASSED] - Text 'suman' is set on object 'Object Repository/OCS- FRENCH/Page_Ontario Cannabis Store - Infor/input_Prnom_checkoutshipping_a'

2019-07-02 16:18:48 - [TEST_STEP][PASSED] - delay(2): Delayed 2 second(s)

2019-07-02 16:18:50 - [MESSAGE][PASSED] - Delayed 2 second(s)

2019-07-02 16:18:50 - [TEST_STEP][PASSED] - setText(findTestObject("Object Repository/OCS- FRENCH/Page_Ontario Cannabis Store - Infor/input_Nom_checkoutshipping_add"), "test12"): Text 'test12' is set on object 'Object Repository/OCS- FRENCH/Page_Ontario Cannabis Store - Infor/input_Nom_checkoutshipping_add'

2019-07-02 16:18:50 - [MESSAGE][PASSED] - Text 'test12' is set on object 'Object Repository/OCS- FRENCH/Page_Ontario Cannabis Store - Infor/input_Nom_checkoutshipping_add'

2019-07-02 16:18:50 - [TEST_STEP][PASSED] - delay(2): Delayed 2 second(s)

2019-07-02 16:18:52 - [MESSAGE][PASSED] - Delayed 2 second(s)

2019-07-02 16:18:52 - [TEST_STEP][PASSED] - setText(findTestObject("Object Repository/OCS- FRENCH/Page_Ontario Cannabis Store - Infor/input_Adresse_checkoutshipping"), "test12"): Text 'test12' is set on object 'Object Repository/OCS- FRENCH/Page_Ontario Cannabis Store - Infor/input_Adresse_checkoutshipping'

2019-07-02 16:18:53 - [MESSAGE][PASSED] - Text 'test12' is set on object 'Object Repository/OCS- FRENCH/Page_Ontario Cannabis Store - Infor/input_Adresse_checkoutshipping'

2019-07-02 16:18:53 - [TEST_STEP][PASSED] - delay(2): Delayed 2 second(s)

2019-07-02 16:18:55 - [MESSAGE][PASSED] - Delayed 2 second(s)

2019-07-02 16:18:55 - [TEST_STEP][PASSED] - setText(findTestObject("Object Repository/OCS- FRENCH/Page_Ontario Cannabis Store - Infor/input_Appartement suite etc. ("), "12"): Text '12' is set on object 'Object Repository/OCS- FRENCH/Page_Ontario Cannabis Store - Infor/input_Appartement suite etc. ('

2019-07-02 16:18:55 - [MESSAGE][PASSED] - Text '12' is set on object 'Object Repository/OCS- FRENCH/Page_Ontario Cannabis Store - Infor/input_Appartement suite etc. ('

2019-07-02 16:18:55 - [TEST_STEP][PASSED] - delay(2): Delayed 2 second(s)

2019-07-02 16:18:57 - [MESSAGE][PASSED] - Delayed 2 second(s)

2019-07-02 16:18:57 - [TEST_STEP][PASSED] - setText(findTestObject("Object Repository/OCS- FRENCH/Page_Ontario Cannabis Store - Infor/input_Ville_checkoutshipping_a"), "montreal"): Text 'montreal' is set on object 'Object Repository/OCS- FRENCH/Page_Ontario Cannabis Store - Infor/input_Ville_checkoutshipping_a'

2019-07-02 16:18:57 - [MESSAGE][PASSED] - Text 'montreal' is set on object 'Object Repository/OCS- FRENCH/Page_Ontario Cannabis Store - Infor/input_Ville_checkoutshipping_a'

2019-07-02 16:18:57 - [TEST_STEP][PASSED] - delay(2): Delayed 2 second(s)

2019-07-02 16:18:59 - [MESSAGE][PASSED] - Delayed 2 second(s)

2019-07-02 16:18:59 - [TEST_STEP][PASSED] - setText(findTestObject("Object Repository/OCS- FRENCH/Page_Ontario Cannabis Store - Infor/input_Code postal_checkoutship"), "n0r1k0"): Text 'n0r1k0' is set on object 'Object Repository/OCS- FRENCH/Page_Ontario Cannabis Store - Infor/input_Code postal_checkoutship'

2019-07-02 16:18:59 - [MESSAGE][PASSED] - Text 'n0r1k0' is set on object 'Object Repository/OCS- FRENCH/Page_Ontario Cannabis Store - Infor/input_Code postal_checkoutship'

2019-07-02 16:18:59 - [TEST_STEP][PASSED] - delay(2): Delayed 2 second(s)

2019-07-02 16:19:01 - [MESSAGE][PASSED] - Delayed 2 second(s)

2019-07-02 16:19:01 - [TEST_STEP][PASSED] - setText(findTestObject("Object Repository/OCS- FRENCH/Page_Ontario Cannabis Store - Infor/input_Tlphone_checkoutshipping"), "514-449-3883"): Text '514-449-3883' is set on object 'Object Repository/OCS- FRENCH/Page_Ontario Cannabis Store - Infor/input_Tlphone_checkoutshipping'

2019-07-02 16:19:01 - [MESSAGE][PASSED] - Text '514-449-3883' is set on object 'Object Repository/OCS- FRENCH/Page_Ontario Cannabis Store - Infor/input_Tlphone_checkoutshipping'

2019-07-02 16:19:01 - [TEST_STEP][PASSED] - delay(2): Delayed 2 second(s)

2019-07-02 16:19:03 - [MESSAGE][PASSED] - Delayed 2 second(s)

2019-07-02 16:19:03 - [TEST_STEP][PASSED] - click(findTestObject("Object Repository/OCS- FRENCH/Page_Ontario Cannabis Store - Infor/button_Continuer vers le mode")): Object: 'Object Repository/OCS- FRENCH/Page_Ontario Cannabis Store - Infor/button_Continuer vers le mode' is clicked on

2019-07-02 16:19:05 - [MESSAGE][PASSED] - Object: 'Object Repository/OCS- FRENCH/Page_Ontario Cannabis Store - Infor/button_Continuer vers le mode' is clicked on

2019-07-02 16:19:05 - [TEST_STEP][PASSED] - delay(2): Delayed 2 second(s)

2019-07-02 16:19:07 - [MESSAGE][PASSED] - Delayed 2 second(s)

2019-07-02 16:19:07 - [TEST_STEP][PASSED] - executeJavaScript("var previewBar = document.getElementById("preview-bar-iframe"); previewBar.style.display = "none";", []): Execute JavaScript 'var previewBar = document.getElementById("preview-bar-iframe"); previewBar.style.display = "none";' successfully

2019-07-02 16:19:07 - [MESSAGE][PASSED] - Execute JavaScript 'var previewBar = document.getElementById("preview-bar-iframe"); previewBar.style.display = "none";' successfully

2019-07-02 16:19:07 - [TEST_STEP][PASSED] - delay(2): Delayed 2 second(s)

2019-07-02 16:19:09 - [MESSAGE][PASSED] - Delayed 2 second(s)

2019-07-02 16:19:09 - [TEST_STEP][PASSED] - click(findTestObject("Object Repository/OCS- FRENCH/Page_Ontario Cannabis Store - Livra/button_Continuer vers le moyen")): Object: 'Object Repository/OCS- FRENCH/Page_Ontario Cannabis Store - Livra/button_Continuer vers le moyen' is clicked on

2019-07-02 16:19:11 - [MESSAGE][PASSED] - Object: 'Object Repository/OCS- FRENCH/Page_Ontario Cannabis Store - Livra/button_Continuer vers le moyen' is clicked on

2019-07-02 16:19:11 - [MESSAGE][PASSED] - Call Test Case 'Test Cases/OCS - MOBILE/CALL- SHIPPING TO PAYMENT' successfully]]></system-out>
         <system-err><![CDATA[]]></system-err>
      </testcase>
      <testcase name="Test Cases/OCS- FRENCH/CRITICAL PATH/cart page - decrease qty - fr" classname="Test Cases/OCS- FRENCH/CRITICAL PATH/cart page - decrease qty - fr" status="FAILED">
         <failure type="FAILED" message="Test Cases/OCS- FRENCH/CRITICAL PATH/cart page - decrease qty - fr FAILED.
Reason:
com.kms.katalon.core.exception.StepFailedException: Unable to click on object 'Object Repository/OCS-MOBILE /Cart flyout/Checkbox_I confirm that' (Root cause: org.openqa.selenium.ElementNotVisibleException: element not interactable
  (Session info: chrome=75.0.3770.100)
  (Driver info: chromedriver=2.43.600229 (3fae4d0cda5334b4f533bede5a4787f7b832d052),platform=Mac OS X 10.13.6 x86_64) (WARNING: The server did not provide any stacktrace information)
Command duration or timeout: 0 milliseconds
Build info: version: '3.7.1', revision: '8a0099a', time: '2017-11-06T21:07:36.161Z'
System info: host: 'sumans-MacBook-Pro.local', ip: 'fe80:0:0:0:98:5ae9:edb9:537f%en0', os.name: 'Mac OS X', os.arch: 'x86_64', os.version: '10.13.6', java.version: '1.8.0_181'
Driver info: com.kms.katalon.selenium.driver.CChromeDriver
Capabilities {acceptInsecureCerts: false, acceptSslCerts: false, applicationCacheEnabled: false, browserConnectionEnabled: false, browserName: chrome, chrome: {chromedriverVersion: 2.43.600229 (3fae4d0cda5334..., userDataDir: /var/folders/1t/c55l8xzs6gq...}, cssSelectorsEnabled: true, databaseEnabled: false, goog:chromeOptions: {debuggerAddress: localhost:56673}, handlesAlerts: true, hasTouchScreen: false, javascriptEnabled: true, locationContextEnabled: true, mobileEmulationEnabled: false, nativeEvents: true, networkConnectionEnabled: false, pageLoadStrategy: normal, platform: MAC, platformName: MAC, rotatable: false, setWindowRect: true, takesHeapSnapshot: true, takesScreenshot: true, unexpectedAlertBehaviour: , unhandledPromptBehavior: , version: 75.0.3770.100, webStorageEnabled: true}
Session ID: 40c38b91f7e7c719ffec299f454433b7)
	at com.kms.katalon.core.keyword.internal.KeywordMain.stepFailed(KeywordMain.groovy:36)
	at com.kms.katalon.core.webui.keyword.internal.WebUIKeywordMain.stepFailed(WebUIKeywordMain.groovy:65)
	at com.kms.katalon.core.webui.keyword.internal.WebUIKeywordMain.runKeyword(WebUIKeywordMain.groovy:27)
	at com.kms.katalon.core.webui.keyword.builtin.ClickKeyword.click(ClickKeyword.groovy:86)
	at com.kms.katalon.core.webui.keyword.builtin.ClickKeyword.execute(ClickKeyword.groovy:67)
	at com.kms.katalon.core.keyword.internal.KeywordExecutor.executeKeywordForPlatform(KeywordExecutor.groovy:53)
	at com.kms.katalon.core.webui.keyword.WebUiBuiltInKeywords.click(WebUiBuiltInKeywords.groovy:616)
	at com.kms.katalon.core.webui.keyword.WebUiBuiltInKeywords$click$4.call(Unknown Source)
	at cart page - decrease qty - fr.run(cart page - decrease qty - fr:80)
	at com.kms.katalon.core.main.ScriptEngine.run(ScriptEngine.java:194)
	at com.kms.katalon.core.main.ScriptEngine.runScriptAsRawText(ScriptEngine.java:119)
	at com.kms.katalon.core.main.TestCaseExecutor.runScript(TestCaseExecutor.java:328)
	at com.kms.katalon.core.main.TestCaseExecutor.doExecute(TestCaseExecutor.java:319)
	at com.kms.katalon.core.main.TestCaseExecutor.processExecutionPhase(TestCaseExecutor.java:298)
	at com.kms.katalon.core.main.TestCaseExecutor.accessMainPhase(TestCaseExecutor.java:290)
	at com.kms.katalon.core.main.TestCaseExecutor.execute(TestCaseExecutor.java:224)
	at com.kms.katalon.core.main.TestSuiteExecutor.accessTestCaseMainPhase(TestSuiteExecutor.java:129)
	at com.kms.katalon.core.main.TestSuiteExecutor.accessTestSuiteMainPhase(TestSuiteExecutor.java:112)
	at com.kms.katalon.core.main.TestSuiteExecutor.execute(TestSuiteExecutor.java:81)
	at com.kms.katalon.core.main.TestCaseMain.startTestSuite(TestCaseMain.java:149)
	at com.kms.katalon.core.main.TestCaseMain$startTestSuite$0.call(Unknown Source)
	at TempTestSuite1562098461396.run(TempTestSuite1562098461396.groovy:36)
"/>
         <system-out><![CDATA[2019-07-02 16:19:11 - [TEST_CASE][FAILED] - Test Cases/OCS- FRENCH/CRITICAL PATH/cart page - decrease qty - fr: Test Cases/OCS- FRENCH/CRITICAL PATH/cart page - decrease qty - fr FAILED.
Reason:
com.kms.katalon.core.exception.StepFailedException: Unable to click on object 'Object Repository/OCS-MOBILE /Cart flyout/Checkbox_I confirm that' (Root cause: org.openqa.selenium.ElementNotVisibleException: element not interactable
  (Session info: chrome=75.0.3770.100)
  (Driver info: chromedriver=2.43.600229 (3fae4d0cda5334b4f533bede5a4787f7b832d052),platform=Mac OS X 10.13.6 x86_64) (WARNING: The server did not provide any stacktrace information)
Command duration or timeout: 0 milliseconds
Build info: version: '3.7.1', revision: '8a0099a', time: '2017-11-06T21:07:36.161Z'
System info: host: 'sumans-MacBook-Pro.local', ip: 'fe80:0:0:0:98:5ae9:edb9:537f%en0', os.name: 'Mac OS X', os.arch: 'x86_64', os.version: '10.13.6', java.version: '1.8.0_181'
Driver info: com.kms.katalon.selenium.driver.CChromeDriver
Capabilities {acceptInsecureCerts: false, acceptSslCerts: false, applicationCacheEnabled: false, browserConnectionEnabled: false, browserName: chrome, chrome: {chromedriverVersion: 2.43.600229 (3fae4d0cda5334..., userDataDir: /var/folders/1t/c55l8xzs6gq...}, cssSelectorsEnabled: true, databaseEnabled: false, goog:chromeOptions: {debuggerAddress: localhost:56673}, handlesAlerts: true, hasTouchScreen: false, javascriptEnabled: true, locationContextEnabled: true, mobileEmulationEnabled: false, nativeEvents: true, networkConnectionEnabled: false, pageLoadStrategy: normal, platform: MAC, platformName: MAC, rotatable: false, setWindowRect: true, takesHeapSnapshot: true, takesScreenshot: true, unexpectedAlertBehaviour: , unhandledPromptBehavior: , version: 75.0.3770.100, webStorageEnabled: true}
Session ID: 40c38b91f7e7c719ffec299f454433b7)
	at com.kms.katalon.core.keyword.internal.KeywordMain.stepFailed(KeywordMain.groovy:36)
	at com.kms.katalon.core.webui.keyword.internal.WebUIKeywordMain.stepFailed(WebUIKeywordMain.groovy:65)
	at com.kms.katalon.core.webui.keyword.internal.WebUIKeywordMain.runKeyword(WebUIKeywordMain.groovy:27)
	at com.kms.katalon.core.webui.keyword.builtin.ClickKeyword.click(ClickKeyword.groovy:86)
	at com.kms.katalon.core.webui.keyword.builtin.ClickKeyword.execute(ClickKeyword.groovy:67)
	at com.kms.katalon.core.keyword.internal.KeywordExecutor.executeKeywordForPlatform(KeywordExecutor.groovy:53)
	at com.kms.katalon.core.webui.keyword.WebUiBuiltInKeywords.click(WebUiBuiltInKeywords.groovy:616)
	at com.kms.katalon.core.webui.keyword.WebUiBuiltInKeywords$click$4.call(Unknown Source)
	at cart page - decrease qty - fr.run(cart page - decrease qty - fr:80)
	at com.kms.katalon.core.main.ScriptEngine.run(ScriptEngine.java:194)
	at com.kms.katalon.core.main.ScriptEngine.runScriptAsRawText(ScriptEngine.java:119)
	at com.kms.katalon.core.main.TestCaseExecutor.runScript(TestCaseExecutor.java:328)
	at com.kms.katalon.core.main.TestCaseExecutor.doExecute(TestCaseExecutor.java:319)
	at com.kms.katalon.core.main.TestCaseExecutor.processExecutionPhase(TestCaseExecutor.java:298)
	at com.kms.katalon.core.main.TestCaseExecutor.accessMainPhase(TestCaseExecutor.java:290)
	at com.kms.katalon.core.main.TestCaseExecutor.execute(TestCaseExecutor.java:224)
	at com.kms.katalon.core.main.TestSuiteExecutor.accessTestCaseMainPhase(TestSuiteExecutor.java:129)
	at com.kms.katalon.core.main.TestSuiteExecutor.accessTestSuiteMainPhase(TestSuiteExecutor.java:112)
	at com.kms.katalon.core.main.TestSuiteExecutor.execute(TestSuiteExecutor.java:81)
	at com.kms.katalon.core.main.TestCaseMain.startTestSuite(TestCaseMain.java:149)
	at com.kms.katalon.core.main.TestCaseMain$startTestSuite$0.call(Unknown Source)
	at TempTestSuite1562098461396.run(TempTestSuite1562098461396.groovy:36)


2019-07-02 16:19:12 - [TEST_STEP][PASSED] - callTestCase(findTestCase("OCS - MOBILE/CALL - AGE GATE"), [:], STOP_ON_FAILURE): Call Test Case 'Test Cases/OCS - MOBILE/CALL - AGE GATE' successfully

2019-07-02 16:19:12 - [TEST_CASE][PASSED] - Test Cases/OCS - MOBILE/CALL - AGE GATE: Test Cases/OCS - MOBILE/CALL - AGE GATE

2019-07-02 16:19:12 - [TEST_STEP][PASSED] - openBrowser(""): Browser is opened with url: ''

2019-07-02 16:19:12 - [MESSAGE][WARNING] - A browser is already opened. Closing browser and opening a new one

2019-07-02 16:19:12 - [MESSAGE][INFO] - Starting 'Chrome' driver

2019-07-02 16:19:13 - [MESSAGE][PASSED] - Browser is opened with url: ''

2019-07-02 16:19:13 - [TEST_STEP][PASSED] - navigateToUrl("https://ocs.ca/?fts=0&preview_theme_id=74203301708"): Navigate to 'https://ocs.ca/?fts=0&preview_theme_id=74203301708' successfully

2019-07-02 16:19:18 - [MESSAGE][PASSED] - Navigate to 'https://ocs.ca/?fts=0&preview_theme_id=74203301708' successfully

2019-07-02 16:19:18 - [TEST_STEP][PASSED] - executeJavaScript("var previewBar = document.getElementById("preview-bar-iframe"); previewBar.style.display = "none";", []): Execute JavaScript 'var previewBar = document.getElementById("preview-bar-iframe"); previewBar.style.display = "none";' successfully

2019-07-02 16:19:18 - [MESSAGE][PASSED] - Execute JavaScript 'var previewBar = document.getElementById("preview-bar-iframe"); previewBar.style.display = "none";' successfully

2019-07-02 16:19:18 - [TEST_STEP][PASSED] - setViewPortSize(360, 800): Viewport is set to new size with width = 360 and height = 800

2019-07-02 16:19:18 - [MESSAGE][PASSED] - Viewport is set to new size with width = 360 and height = 800

2019-07-02 16:19:18 - [TEST_STEP][PASSED] - delay(4): Delayed 4 second(s)

2019-07-02 16:19:22 - [MESSAGE][PASSED] - Delayed 4 second(s)

2019-07-02 16:19:22 - [TEST_STEP][PASSED] - selectOptionByValue(findTestObject("OCS-MOBILE /Age gate and burger menu/Date"), "12", true): All options with value '12' are selected in object 'Object Repository/OCS-MOBILE /Age gate and burger menu/Date'  using regular expression

2019-07-02 16:19:23 - [MESSAGE][PASSED] - All options with value '12' are selected in object 'Object Repository/OCS-MOBILE /Age gate and burger menu/Date'  using regular expression

2019-07-02 16:19:23 - [TEST_STEP][PASSED] - selectOptionByValue(findTestObject("OCS-MOBILE /Age gate and burger menu/month"), "6", true): All options with value '6' are selected in object 'Object Repository/OCS-MOBILE /Age gate and burger menu/month'  using regular expression

2019-07-02 16:19:23 - [MESSAGE][PASSED] - All options with value '6' are selected in object 'Object Repository/OCS-MOBILE /Age gate and burger menu/month'  using regular expression

2019-07-02 16:19:23 - [TEST_STEP][PASSED] - delay(2): Delayed 2 second(s)

2019-07-02 16:19:25 - [MESSAGE][PASSED] - Delayed 2 second(s)

2019-07-02 16:19:25 - [TEST_STEP][PASSED] - selectOptionByValue(findTestObject("OCS-MOBILE /Age gate and burger menu/Year Dropdown"), "1990", true): All options with value '1990' are selected in object 'Object Repository/OCS-MOBILE /Age gate and burger menu/Year Dropdown'  using regular expression

2019-07-02 16:19:26 - [MESSAGE][PASSED] - All options with value '1990' are selected in object 'Object Repository/OCS-MOBILE /Age gate and burger menu/Year Dropdown'  using regular expression

2019-07-02 16:19:26 - [TEST_STEP][PASSED] - click(findTestObject("OCS-MOBILE /Age gate and Mega menu/button_Verify")): Object: 'Object Repository/OCS-MOBILE /Age gate and Mega menu/button_Verify' is clicked on

2019-07-02 16:19:26 - [MESSAGE][PASSED] - Object: 'Object Repository/OCS-MOBILE /Age gate and Mega menu/button_Verify' is clicked on

2019-07-02 16:19:26 - [TEST_STEP][PASSED] - click(findTestObject("OCS-MOBILE /Age gate and Mega menu/Checkbox_CONFIRM AND ACKNOWLEDGE")): Object: 'Object Repository/OCS-MOBILE /Age gate and Mega menu/Checkbox_CONFIRM AND ACKNOWLEDGE' is clicked on

2019-07-02 16:19:26 - [MESSAGE][PASSED] - Object: 'Object Repository/OCS-MOBILE /Age gate and Mega menu/Checkbox_CONFIRM AND ACKNOWLEDGE' is clicked on

2019-07-02 16:19:26 - [TEST_STEP][PASSED] - click(findTestObject("OCS-MOBILE /Age gate and Mega menu/button_CONFIRM")): Object: 'Object Repository/OCS-MOBILE /Age gate and Mega menu/button_CONFIRM' is clicked on

2019-07-02 16:19:26 - [MESSAGE][PASSED] - Object: 'Object Repository/OCS-MOBILE /Age gate and Mega menu/button_CONFIRM' is clicked on

2019-07-02 16:19:26 - [TEST_STEP][PASSED] - click(findTestObject("OCS-MOBILE /Age gate and Mega menu/button_Start Browsing")): Object: 'Object Repository/OCS-MOBILE /Age gate and Mega menu/button_Start Browsing' is clicked on

2019-07-02 16:19:26 - [MESSAGE][PASSED] - Object: 'Object Repository/OCS-MOBILE /Age gate and Mega menu/button_Start Browsing' is clicked on

2019-07-02 16:19:26 - [TEST_STEP][PASSED] - refresh(): Refresh successfully

2019-07-02 16:19:26 - [MESSAGE][PASSED] - Refresh successfully

2019-07-02 16:19:26 - [TEST_STEP][PASSED] - executeJavaScript("var previewBar = document.getElementById("preview-bar-iframe"); previewBar.style.display = "none";", []): Execute JavaScript 'var previewBar = document.getElementById("preview-bar-iframe"); previewBar.style.display = "none";' successfully

2019-07-02 16:19:30 - [MESSAGE][PASSED] - Execute JavaScript 'var previewBar = document.getElementById("preview-bar-iframe"); previewBar.style.display = "none";' successfully

2019-07-02 16:19:30 - [MESSAGE][PASSED] - Call Test Case 'Test Cases/OCS - MOBILE/CALL - AGE GATE' successfully

2019-07-02 16:19:30 - [TEST_STEP][PASSED] - callTestCase(findTestCase("OCS - MOBILE/CALL- TOGGLING LANGUAGE"), [:], STOP_ON_FAILURE): Call Test Case 'Test Cases/OCS - MOBILE/CALL- TOGGLING LANGUAGE' successfully

2019-07-02 16:19:30 - [TEST_CASE][PASSED] - Test Cases/OCS - MOBILE/CALL- TOGGLING LANGUAGE: Test Cases/OCS - MOBILE/CALL- TOGGLING LANGUAGE

2019-07-02 16:19:30 - [TEST_STEP][PASSED] - delay(2): Delayed 2 second(s)

2019-07-02 16:19:32 - [MESSAGE][PASSED] - Delayed 2 second(s)

2019-07-02 16:19:32 - [TEST_STEP][PASSED] - click(findTestObject("OCS-MOBILE /Age gate and burger menu/Burger menu - English")): Object: 'Object Repository/OCS-MOBILE /Age gate and burger menu/Burger menu - English' is clicked on

2019-07-02 16:19:32 - [MESSAGE][PASSED] - Object: 'Object Repository/OCS-MOBILE /Age gate and burger menu/Burger menu - English' is clicked on

2019-07-02 16:19:32 - [TEST_STEP][PASSED] - delay(2): Delayed 2 second(s)

2019-07-02 16:19:34 - [MESSAGE][PASSED] - Delayed 2 second(s)

2019-07-02 16:19:34 - [TEST_STEP][PASSED] - click(findTestObject("OCS-MOBILE /Cart flyout/English dropdown")): Object: 'Object Repository/OCS-MOBILE /Cart flyout/English dropdown' is clicked on

2019-07-02 16:19:34 - [MESSAGE][PASSED] - Object: 'Object Repository/OCS-MOBILE /Cart flyout/English dropdown' is clicked on

2019-07-02 16:19:34 - [TEST_STEP][PASSED] - delay(2): Delayed 2 second(s)

2019-07-02 16:19:36 - [MESSAGE][PASSED] - Delayed 2 second(s)

2019-07-02 16:19:36 - [TEST_STEP][PASSED] - executeJavaScript("var previewBar = document.getElementById("preview-bar-iframe"); previewBar.style.display = "none";", []): Execute JavaScript 'var previewBar = document.getElementById("preview-bar-iframe"); previewBar.style.display = "none";' successfully

2019-07-02 16:19:36 - [MESSAGE][PASSED] - Execute JavaScript 'var previewBar = document.getElementById("preview-bar-iframe"); previewBar.style.display = "none";' successfully

2019-07-02 16:19:36 - [TEST_STEP][PASSED] - click(findTestObject("OCS-MOBILE /Cart flyout/Select French")): Object: 'Object Repository/OCS-MOBILE /Cart flyout/Select French' is clicked on

2019-07-02 16:19:36 - [MESSAGE][PASSED] - Object: 'Object Repository/OCS-MOBILE /Cart flyout/Select French' is clicked on

2019-07-02 16:19:36 - [MESSAGE][PASSED] - Call Test Case 'Test Cases/OCS - MOBILE/CALL- TOGGLING LANGUAGE' successfully

2019-07-02 16:19:36 - [TEST_STEP][PASSED] - delay(2): Delayed 2 second(s)

2019-07-02 16:19:38 - [MESSAGE][PASSED] - Delayed 2 second(s)

2019-07-02 16:19:38 - [TEST_STEP][PASSED] - click(findTestObject("OCS-MOBILE /Age gate and burger menu/Burger menu - English")): Object: 'Object Repository/OCS-MOBILE /Age gate and burger menu/Burger menu - English' is clicked on

2019-07-02 16:19:42 - [MESSAGE][PASSED] - Object: 'Object Repository/OCS-MOBILE /Age gate and burger menu/Burger menu - English' is clicked on

2019-07-02 16:19:42 - [TEST_STEP][PASSED] - delay(2): Delayed 2 second(s)

2019-07-02 16:19:44 - [MESSAGE][PASSED] - Delayed 2 second(s)

2019-07-02 16:19:44 - [TEST_STEP][PASSED] - click(findTestObject("OCS-MOBILE /Age gate and burger menu/Chevron_Cannabis")): Object: 'Object Repository/OCS-MOBILE /Age gate and burger menu/Chevron_Cannabis' is clicked on

2019-07-02 16:19:44 - [MESSAGE][PASSED] - Object: 'Object Repository/OCS-MOBILE /Age gate and burger menu/Chevron_Cannabis' is clicked on

2019-07-02 16:19:44 - [TEST_STEP][PASSED] - delay(2): Delayed 2 second(s)

2019-07-02 16:19:46 - [MESSAGE][PASSED] - Delayed 2 second(s)

2019-07-02 16:19:46 - [TEST_STEP][PASSED] - click(findTestObject("OCS-MOBILE /Age gate and burger menu/Dried Flower_Plus icon")): Object: 'Object Repository/OCS-MOBILE /Age gate and burger menu/Dried Flower_Plus icon' is clicked on

2019-07-02 16:19:46 - [MESSAGE][PASSED] - Object: 'Object Repository/OCS-MOBILE /Age gate and burger menu/Dried Flower_Plus icon' is clicked on

2019-07-02 16:19:46 - [TEST_STEP][PASSED] - delay(2): Delayed 2 second(s)

2019-07-02 16:19:48 - [MESSAGE][PASSED] - Delayed 2 second(s)

2019-07-02 16:19:48 - [TEST_STEP][PASSED] - click(findTestObject("OCS- FRENCH/Indica Dominant_Menu item")): Object: 'Object Repository/OCS- FRENCH/Indica Dominant_Menu item' is clicked on

2019-07-02 16:19:50 - [MESSAGE][PASSED] - Object: 'Object Repository/OCS- FRENCH/Indica Dominant_Menu item' is clicked on

2019-07-02 16:19:50 - [TEST_STEP][PASSED] - executeJavaScript("var previewBar = document.getElementById("preview-bar-iframe"); previewBar.style.display = "none";", []): Execute JavaScript 'var previewBar = document.getElementById("preview-bar-iframe"); previewBar.style.display = "none";' successfully

2019-07-02 16:19:50 - [MESSAGE][PASSED] - Execute JavaScript 'var previewBar = document.getElementById("preview-bar-iframe"); previewBar.style.display = "none";' successfully

2019-07-02 16:19:50 - [TEST_STEP][PASSED] - delay(2): Delayed 2 second(s)

2019-07-02 16:19:52 - [MESSAGE][PASSED] - Delayed 2 second(s)

2019-07-02 16:19:52 - [TEST_STEP][PASSED] - click(findTestObject("OCS- FRENCH/Product image - 1st one")): Object: 'Object Repository/OCS- FRENCH/Product image - 1st one' is clicked on

2019-07-02 16:19:56 - [MESSAGE][PASSED] - Object: 'Object Repository/OCS- FRENCH/Product image - 1st one' is clicked on

2019-07-02 16:19:56 - [TEST_STEP][PASSED] - executeJavaScript("var previewBar = document.getElementById("preview-bar-iframe"); previewBar.style.display = "none";", []): Execute JavaScript 'var previewBar = document.getElementById("preview-bar-iframe"); previewBar.style.display = "none";' successfully

2019-07-02 16:19:56 - [MESSAGE][PASSED] - Execute JavaScript 'var previewBar = document.getElementById("preview-bar-iframe"); previewBar.style.display = "none";' successfully

2019-07-02 16:19:56 - [TEST_STEP][PASSED] - delay(2): Delayed 2 second(s)

2019-07-02 16:19:58 - [MESSAGE][PASSED] - Delayed 2 second(s)

2019-07-02 16:19:58 - [TEST_STEP][PASSED] - click(findTestObject("OCS-MOBILE /Product page/Swatch_1g")): Object: 'Object Repository/OCS-MOBILE /Product page/Swatch_1g' is clicked on

2019-07-02 16:19:58 - [MESSAGE][PASSED] - Object: 'Object Repository/OCS-MOBILE /Product page/Swatch_1g' is clicked on

2019-07-02 16:19:58 - [TEST_STEP][PASSED] - delay(2): Delayed 2 second(s)

2019-07-02 16:20:00 - [MESSAGE][PASSED] - Delayed 2 second(s)

2019-07-02 16:20:00 - [TEST_STEP][PASSED] - click(findTestObject("OCS-MOBILE /Product page/Quantity Increase - Button")): Object: 'Object Repository/OCS-MOBILE /Product page/Quantity Increase - Button' is clicked on

2019-07-02 16:20:00 - [MESSAGE][PASSED] - Object: 'Object Repository/OCS-MOBILE /Product page/Quantity Increase - Button' is clicked on

2019-07-02 16:20:00 - [TEST_STEP][PASSED] - delay(1): Delayed 1 second(s)

2019-07-02 16:20:01 - [MESSAGE][PASSED] - Delayed 1 second(s)

2019-07-02 16:20:01 - [TEST_STEP][PASSED] - click(findTestObject("OCS-MOBILE /Product page/Quantity Increase - Button")): Object: 'Object Repository/OCS-MOBILE /Product page/Quantity Increase - Button' is clicked on

2019-07-02 16:20:01 - [MESSAGE][PASSED] - Object: 'Object Repository/OCS-MOBILE /Product page/Quantity Increase - Button' is clicked on

2019-07-02 16:20:01 - [TEST_STEP][PASSED] - delay(1): Delayed 1 second(s)

2019-07-02 16:20:02 - [MESSAGE][PASSED] - Delayed 1 second(s)

2019-07-02 16:20:02 - [TEST_STEP][PASSED] - click(findTestObject("OCS-MOBILE /Product page/Quantity Increase - Button")): Object: 'Object Repository/OCS-MOBILE /Product page/Quantity Increase - Button' is clicked on

2019-07-02 16:20:02 - [MESSAGE][PASSED] - Object: 'Object Repository/OCS-MOBILE /Product page/Quantity Increase - Button' is clicked on

2019-07-02 16:20:02 - [TEST_STEP][PASSED] - delay(1): Delayed 1 second(s)

2019-07-02 16:20:03 - [MESSAGE][PASSED] - Delayed 1 second(s)

2019-07-02 16:20:03 - [TEST_STEP][PASSED] - click(findTestObject("OCS-MOBILE /Product page/Quantity Increase - Button")): Object: 'Object Repository/OCS-MOBILE /Product page/Quantity Increase - Button' is clicked on

2019-07-02 16:20:03 - [MESSAGE][PASSED] - Object: 'Object Repository/OCS-MOBILE /Product page/Quantity Increase - Button' is clicked on

2019-07-02 16:20:03 - [TEST_STEP][PASSED] - delay(1): Delayed 1 second(s)

2019-07-02 16:20:04 - [MESSAGE][PASSED] - Delayed 1 second(s)

2019-07-02 16:20:04 - [TEST_STEP][PASSED] - click(findTestObject("OCS-MOBILE /Product page/Quantity Increase - Button")): Object: 'Object Repository/OCS-MOBILE /Product page/Quantity Increase - Button' is clicked on

2019-07-02 16:20:04 - [MESSAGE][PASSED] - Object: 'Object Repository/OCS-MOBILE /Product page/Quantity Increase - Button' is clicked on

2019-07-02 16:20:04 - [TEST_STEP][PASSED] - delay(2): Delayed 2 second(s)

2019-07-02 16:20:06 - [MESSAGE][PASSED] - Delayed 2 second(s)

2019-07-02 16:20:06 - [TEST_STEP][PASSED] - click(findTestObject("OCS-MOBILE /Product page/Add to Bag-button")): Object: 'Object Repository/OCS-MOBILE /Product page/Add to Bag-button' is clicked on

2019-07-02 16:20:06 - [MESSAGE][PASSED] - Object: 'Object Repository/OCS-MOBILE /Product page/Add to Bag-button' is clicked on

2019-07-02 16:20:06 - [TEST_STEP][PASSED] - delay(1): Delayed 1 second(s)

2019-07-02 16:20:07 - [MESSAGE][PASSED] - Delayed 1 second(s)

2019-07-02 16:20:07 - [TEST_STEP][PASSED] - click(findTestObject("OCS-MOBILE /Home - page/Cart icon -bag")): Object: 'Object Repository/OCS-MOBILE /Home - page/Cart icon -bag' is clicked on

2019-07-02 16:20:07 - [MESSAGE][PASSED] - Object: 'Object Repository/OCS-MOBILE /Home - page/Cart icon -bag' is clicked on

2019-07-02 16:20:07 - [TEST_STEP][PASSED] - delay(1): Delayed 1 second(s)

2019-07-02 16:20:08 - [MESSAGE][PASSED] - Delayed 1 second(s)

2019-07-02 16:20:08 - [TEST_STEP][FAILED] - click(findTestObject("OCS-MOBILE /Cart flyout/Checkbox_I confirm that")): click(findTestObject("OCS-MOBILE /Cart flyout/Checkbox_I confirm that")) FAILED.
Reason:
com.kms.katalon.core.exception.StepFailedException: Unable to click on object 'Object Repository/OCS-MOBILE /Cart flyout/Checkbox_I confirm that' (Root cause: org.openqa.selenium.ElementNotVisibleException: element not interactable
  (Session info: chrome=75.0.3770.100)
  (Driver info: chromedriver=2.43.600229 (3fae4d0cda5334b4f533bede5a4787f7b832d052),platform=Mac OS X 10.13.6 x86_64) (WARNING: The server did not provide any stacktrace information)
Command duration or timeout: 0 milliseconds
Build info: version: '3.7.1', revision: '8a0099a', time: '2017-11-06T21:07:36.161Z'
System info: host: 'sumans-MacBook-Pro.local', ip: 'fe80:0:0:0:98:5ae9:edb9:537f%en0', os.name: 'Mac OS X', os.arch: 'x86_64', os.version: '10.13.6', java.version: '1.8.0_181'
Driver info: com.kms.katalon.selenium.driver.CChromeDriver
Capabilities {acceptInsecureCerts: false, acceptSslCerts: false, applicationCacheEnabled: false, browserConnectionEnabled: false, browserName: chrome, chrome: {chromedriverVersion: 2.43.600229 (3fae4d0cda5334..., userDataDir: /var/folders/1t/c55l8xzs6gq...}, cssSelectorsEnabled: true, databaseEnabled: false, goog:chromeOptions: {debuggerAddress: localhost:56673}, handlesAlerts: true, hasTouchScreen: false, javascriptEnabled: true, locationContextEnabled: true, mobileEmulationEnabled: false, nativeEvents: true, networkConnectionEnabled: false, pageLoadStrategy: normal, platform: MAC, platformName: MAC, rotatable: false, setWindowRect: true, takesHeapSnapshot: true, takesScreenshot: true, unexpectedAlertBehaviour: , unhandledPromptBehavior: , version: 75.0.3770.100, webStorageEnabled: true}
Session ID: 40c38b91f7e7c719ffec299f454433b7)
	at com.kms.katalon.core.keyword.internal.KeywordMain.stepFailed(KeywordMain.groovy:36)
	at com.kms.katalon.core.webui.keyword.internal.WebUIKeywordMain.stepFailed(WebUIKeywordMain.groovy:65)
	at com.kms.katalon.core.webui.keyword.internal.WebUIKeywordMain.runKeyword(WebUIKeywordMain.groovy:27)
	at com.kms.katalon.core.webui.keyword.builtin.ClickKeyword.click(ClickKeyword.groovy:86)
	at com.kms.katalon.core.webui.keyword.builtin.ClickKeyword.execute(ClickKeyword.groovy:67)
	at com.kms.katalon.core.keyword.internal.KeywordExecutor.executeKeywordForPlatform(KeywordExecutor.groovy:53)
	at com.kms.katalon.core.webui.keyword.WebUiBuiltInKeywords.click(WebUiBuiltInKeywords.groovy:616)
	at com.kms.katalon.core.webui.keyword.WebUiBuiltInKeywords$click$4.call(Unknown Source)
	at cart page - decrease qty - fr.run(cart page - decrease qty - fr:80)
	at com.kms.katalon.core.main.ScriptEngine.run(ScriptEngine.java:194)
	at com.kms.katalon.core.main.ScriptEngine.runScriptAsRawText(ScriptEngine.java:119)
	at com.kms.katalon.core.main.TestCaseExecutor.runScript(TestCaseExecutor.java:328)
	at com.kms.katalon.core.main.TestCaseExecutor.doExecute(TestCaseExecutor.java:319)
	at com.kms.katalon.core.main.TestCaseExecutor.processExecutionPhase(TestCaseExecutor.java:298)
	at com.kms.katalon.core.main.TestCaseExecutor.accessMainPhase(TestCaseExecutor.java:290)
	at com.kms.katalon.core.main.TestCaseExecutor.execute(TestCaseExecutor.java:224)
	at com.kms.katalon.core.main.TestSuiteExecutor.accessTestCaseMainPhase(TestSuiteExecutor.java:129)
	at com.kms.katalon.core.main.TestSuiteExecutor.accessTestSuiteMainPhase(TestSuiteExecutor.java:112)
	at com.kms.katalon.core.main.TestSuiteExecutor.execute(TestSuiteExecutor.java:81)
	at com.kms.katalon.core.main.TestCaseMain.startTestSuite(TestCaseMain.java:149)
	at com.kms.katalon.core.main.TestCaseMain$startTestSuite$0.call(Unknown Source)
	at TempTestSuite1562098461396.run(TempTestSuite1562098461396.groovy:36)


2019-07-02 16:20:09 - [MESSAGE][FAILED] - Unable to click on object 'Object Repository/OCS-MOBILE /Cart flyout/Checkbox_I confirm that' (Root cause: org.openqa.selenium.ElementNotVisibleException: element not interactable
  (Session info: chrome=75.0.3770.100)
  (Driver info: chromedriver=2.43.600229 (3fae4d0cda5334b4f533bede5a4787f7b832d052),platform=Mac OS X 10.13.6 x86_64) (WARNING: The server did not provide any stacktrace information)
Command duration or timeout: 0 milliseconds
Build info: version: '3.7.1', revision: '8a0099a', time: '2017-11-06T21:07:36.161Z'
System info: host: 'sumans-MacBook-Pro.local', ip: 'fe80:0:0:0:98:5ae9:edb9:537f%en0', os.name: 'Mac OS X', os.arch: 'x86_64', os.version: '10.13.6', java.version: '1.8.0_181'
Driver info: com.kms.katalon.selenium.driver.CChromeDriver
Capabilities {acceptInsecureCerts: false, acceptSslCerts: false, applicationCacheEnabled: false, browserConnectionEnabled: false, browserName: chrome, chrome: {chromedriverVersion: 2.43.600229 (3fae4d0cda5334..., userDataDir: /var/folders/1t/c55l8xzs6gq...}, cssSelectorsEnabled: true, databaseEnabled: false, goog:chromeOptions: {debuggerAddress: localhost:56673}, handlesAlerts: true, hasTouchScreen: false, javascriptEnabled: true, locationContextEnabled: true, mobileEmulationEnabled: false, nativeEvents: true, networkConnectionEnabled: false, pageLoadStrategy: normal, platform: MAC, platformName: MAC, rotatable: false, setWindowRect: true, takesHeapSnapshot: true, takesScreenshot: true, unexpectedAlertBehaviour: , unhandledPromptBehavior: , version: 75.0.3770.100, webStorageEnabled: true}
Session ID: 40c38b91f7e7c719ffec299f454433b7)
[[ATTACHMENT|/Users/sumankompelly/Relative xpath-Mobile/Reports/1.11.1/20190702_161421/1562098808730.png]]

2019-07-02 16:20:09 - [MESSAGE][FAILED] - click(findTestObject("OCS-MOBILE /Cart flyout/Checkbox_I confirm that")) FAILED.
Reason:
com.kms.katalon.core.exception.StepFailedException: Unable to click on object 'Object Repository/OCS-MOBILE /Cart flyout/Checkbox_I confirm that' (Root cause: org.openqa.selenium.ElementNotVisibleException: element not interactable
  (Session info: chrome=75.0.3770.100)
  (Driver info: chromedriver=2.43.600229 (3fae4d0cda5334b4f533bede5a4787f7b832d052),platform=Mac OS X 10.13.6 x86_64) (WARNING: The server did not provide any stacktrace information)
Command duration or timeout: 0 milliseconds
Build info: version: '3.7.1', revision: '8a0099a', time: '2017-11-06T21:07:36.161Z'
System info: host: 'sumans-MacBook-Pro.local', ip: 'fe80:0:0:0:98:5ae9:edb9:537f%en0', os.name: 'Mac OS X', os.arch: 'x86_64', os.version: '10.13.6', java.version: '1.8.0_181'
Driver info: com.kms.katalon.selenium.driver.CChromeDriver
Capabilities {acceptInsecureCerts: false, acceptSslCerts: false, applicationCacheEnabled: false, browserConnectionEnabled: false, browserName: chrome, chrome: {chromedriverVersion: 2.43.600229 (3fae4d0cda5334..., userDataDir: /var/folders/1t/c55l8xzs6gq...}, cssSelectorsEnabled: true, databaseEnabled: false, goog:chromeOptions: {debuggerAddress: localhost:56673}, handlesAlerts: true, hasTouchScreen: false, javascriptEnabled: true, locationContextEnabled: true, mobileEmulationEnabled: false, nativeEvents: true, networkConnectionEnabled: false, pageLoadStrategy: normal, platform: MAC, platformName: MAC, rotatable: false, setWindowRect: true, takesHeapSnapshot: true, takesScreenshot: true, unexpectedAlertBehaviour: , unhandledPromptBehavior: , version: 75.0.3770.100, webStorageEnabled: true}
Session ID: 40c38b91f7e7c719ffec299f454433b7)
	at com.kms.katalon.core.keyword.internal.KeywordMain.stepFailed(KeywordMain.groovy:36)
	at com.kms.katalon.core.webui.keyword.internal.WebUIKeywordMain.stepFailed(WebUIKeywordMain.groovy:65)
	at com.kms.katalon.core.webui.keyword.internal.WebUIKeywordMain.runKeyword(WebUIKeywordMain.groovy:27)
	at com.kms.katalon.core.webui.keyword.builtin.ClickKeyword.click(ClickKeyword.groovy:86)
	at com.kms.katalon.core.webui.keyword.builtin.ClickKeyword.execute(ClickKeyword.groovy:67)
	at com.kms.katalon.core.keyword.internal.KeywordExecutor.executeKeywordForPlatform(KeywordExecutor.groovy:53)
	at com.kms.katalon.core.webui.keyword.WebUiBuiltInKeywords.click(WebUiBuiltInKeywords.groovy:616)
	at com.kms.katalon.core.webui.keyword.WebUiBuiltInKeywords$click$4.call(Unknown Source)
	at cart page - decrease qty - fr.run(cart page - decrease qty - fr:80)
	at com.kms.katalon.core.main.ScriptEngine.run(ScriptEngine.java:194)
	at com.kms.katalon.core.main.ScriptEngine.runScriptAsRawText(ScriptEngine.java:119)
	at com.kms.katalon.core.main.TestCaseExecutor.runScript(TestCaseExecutor.java:328)
	at com.kms.katalon.core.main.TestCaseExecutor.doExecute(TestCaseExecutor.java:319)
	at com.kms.katalon.core.main.TestCaseExecutor.processExecutionPhase(TestCaseExecutor.java:298)
	at com.kms.katalon.core.main.TestCaseExecutor.accessMainPhase(TestCaseExecutor.java:290)
	at com.kms.katalon.core.main.TestCaseExecutor.execute(TestCaseExecutor.java:224)
	at com.kms.katalon.core.main.TestSuiteExecutor.accessTestCaseMainPhase(TestSuiteExecutor.java:129)
	at com.kms.katalon.core.main.TestSuiteExecutor.accessTestSuiteMainPhase(TestSuiteExecutor.java:112)
	at com.kms.katalon.core.main.TestSuiteExecutor.execute(TestSuiteExecutor.java:81)
	at com.kms.katalon.core.main.TestCaseMain.startTestSuite(TestCaseMain.java:149)
	at com.kms.katalon.core.main.TestCaseMain$startTestSuite$0.call(Unknown Source)
	at TempTestSuite1562098461396.run(TempTestSuite1562098461396.groovy:36)]]></system-out>
         <system-err><![CDATA[2019-07-02 16:19:11 - [TEST_CASE][FAILED] - Test Cases/OCS- FRENCH/CRITICAL PATH/cart page - decrease qty - fr: Test Cases/OCS- FRENCH/CRITICAL PATH/cart page - decrease qty - fr FAILED.
Reason:
com.kms.katalon.core.exception.StepFailedException: Unable to click on object 'Object Repository/OCS-MOBILE /Cart flyout/Checkbox_I confirm that' (Root cause: org.openqa.selenium.ElementNotVisibleException: element not interactable
  (Session info: chrome=75.0.3770.100)
  (Driver info: chromedriver=2.43.600229 (3fae4d0cda5334b4f533bede5a4787f7b832d052),platform=Mac OS X 10.13.6 x86_64) (WARNING: The server did not provide any stacktrace information)
Command duration or timeout: 0 milliseconds
Build info: version: '3.7.1', revision: '8a0099a', time: '2017-11-06T21:07:36.161Z'
System info: host: 'sumans-MacBook-Pro.local', ip: 'fe80:0:0:0:98:5ae9:edb9:537f%en0', os.name: 'Mac OS X', os.arch: 'x86_64', os.version: '10.13.6', java.version: '1.8.0_181'
Driver info: com.kms.katalon.selenium.driver.CChromeDriver
Capabilities {acceptInsecureCerts: false, acceptSslCerts: false, applicationCacheEnabled: false, browserConnectionEnabled: false, browserName: chrome, chrome: {chromedriverVersion: 2.43.600229 (3fae4d0cda5334..., userDataDir: /var/folders/1t/c55l8xzs6gq...}, cssSelectorsEnabled: true, databaseEnabled: false, goog:chromeOptions: {debuggerAddress: localhost:56673}, handlesAlerts: true, hasTouchScreen: false, javascriptEnabled: true, locationContextEnabled: true, mobileEmulationEnabled: false, nativeEvents: true, networkConnectionEnabled: false, pageLoadStrategy: normal, platform: MAC, platformName: MAC, rotatable: false, setWindowRect: true, takesHeapSnapshot: true, takesScreenshot: true, unexpectedAlertBehaviour: , unhandledPromptBehavior: , version: 75.0.3770.100, webStorageEnabled: true}
Session ID: 40c38b91f7e7c719ffec299f454433b7)
	at com.kms.katalon.core.keyword.internal.KeywordMain.stepFailed(KeywordMain.groovy:36)
	at com.kms.katalon.core.webui.keyword.internal.WebUIKeywordMain.stepFailed(WebUIKeywordMain.groovy:65)
	at com.kms.katalon.core.webui.keyword.internal.WebUIKeywordMain.runKeyword(WebUIKeywordMain.groovy:27)
	at com.kms.katalon.core.webui.keyword.builtin.ClickKeyword.click(ClickKeyword.groovy:86)
	at com.kms.katalon.core.webui.keyword.builtin.ClickKeyword.execute(ClickKeyword.groovy:67)
	at com.kms.katalon.core.keyword.internal.KeywordExecutor.executeKeywordForPlatform(KeywordExecutor.groovy:53)
	at com.kms.katalon.core.webui.keyword.WebUiBuiltInKeywords.click(WebUiBuiltInKeywords.groovy:616)
	at com.kms.katalon.core.webui.keyword.WebUiBuiltInKeywords$click$4.call(Unknown Source)
	at cart page - decrease qty - fr.run(cart page - decrease qty - fr:80)
	at com.kms.katalon.core.main.ScriptEngine.run(ScriptEngine.java:194)
	at com.kms.katalon.core.main.ScriptEngine.runScriptAsRawText(ScriptEngine.java:119)
	at com.kms.katalon.core.main.TestCaseExecutor.runScript(TestCaseExecutor.java:328)
	at com.kms.katalon.core.main.TestCaseExecutor.doExecute(TestCaseExecutor.java:319)
	at com.kms.katalon.core.main.TestCaseExecutor.processExecutionPhase(TestCaseExecutor.java:298)
	at com.kms.katalon.core.main.TestCaseExecutor.accessMainPhase(TestCaseExecutor.java:290)
	at com.kms.katalon.core.main.TestCaseExecutor.execute(TestCaseExecutor.java:224)
	at com.kms.katalon.core.main.TestSuiteExecutor.accessTestCaseMainPhase(TestSuiteExecutor.java:129)
	at com.kms.katalon.core.main.TestSuiteExecutor.accessTestSuiteMainPhase(TestSuiteExecutor.java:112)
	at com.kms.katalon.core.main.TestSuiteExecutor.execute(TestSuiteExecutor.java:81)
	at com.kms.katalon.core.main.TestCaseMain.startTestSuite(TestCaseMain.java:149)
	at com.kms.katalon.core.main.TestCaseMain$startTestSuite$0.call(Unknown Source)
	at TempTestSuite1562098461396.run(TempTestSuite1562098461396.groovy:36)]]></system-err>
      </testcase>
      <testcase name="Test Cases/OCS- FRENCH/CRITICAL PATH/Checkout - Shipping - fr" classname="Test Cases/OCS- FRENCH/CRITICAL PATH/Checkout - Shipping - fr" status="PASSED">
         <system-out><![CDATA[2019-07-02 16:20:09 - [TEST_CASE][PASSED] - Test Cases/OCS- FRENCH/CRITICAL PATH/Checkout - Shipping - fr: Test Cases/OCS- FRENCH/CRITICAL PATH/Checkout - Shipping - fr

2019-07-02 16:20:09 - [TEST_STEP][PASSED] - callTestCase(findTestCase("OCS - MOBILE/CALL - AGE GATE"), [:], STOP_ON_FAILURE): Call Test Case 'Test Cases/OCS - MOBILE/CALL - AGE GATE' successfully

2019-07-02 16:20:09 - [TEST_CASE][PASSED] - Test Cases/OCS - MOBILE/CALL - AGE GATE: Test Cases/OCS - MOBILE/CALL - AGE GATE

2019-07-02 16:20:09 - [TEST_STEP][PASSED] - openBrowser(""): Browser is opened with url: ''

2019-07-02 16:20:09 - [MESSAGE][WARNING] - A browser is already opened. Closing browser and opening a new one

2019-07-02 16:20:09 - [MESSAGE][INFO] - Starting 'Chrome' driver

2019-07-02 16:20:10 - [MESSAGE][PASSED] - Browser is opened with url: ''

2019-07-02 16:20:10 - [TEST_STEP][PASSED] - navigateToUrl("https://ocs.ca/?fts=0&preview_theme_id=74203301708"): Navigate to 'https://ocs.ca/?fts=0&preview_theme_id=74203301708' successfully

2019-07-02 16:20:15 - [MESSAGE][PASSED] - Navigate to 'https://ocs.ca/?fts=0&preview_theme_id=74203301708' successfully

2019-07-02 16:20:15 - [TEST_STEP][PASSED] - executeJavaScript("var previewBar = document.getElementById("preview-bar-iframe"); previewBar.style.display = "none";", []): Execute JavaScript 'var previewBar = document.getElementById("preview-bar-iframe"); previewBar.style.display = "none";' successfully

2019-07-02 16:20:15 - [MESSAGE][PASSED] - Execute JavaScript 'var previewBar = document.getElementById("preview-bar-iframe"); previewBar.style.display = "none";' successfully

2019-07-02 16:20:15 - [TEST_STEP][PASSED] - setViewPortSize(360, 800): Viewport is set to new size with width = 360 and height = 800

2019-07-02 16:20:15 - [MESSAGE][PASSED] - Viewport is set to new size with width = 360 and height = 800

2019-07-02 16:20:15 - [TEST_STEP][PASSED] - delay(4): Delayed 4 second(s)

2019-07-02 16:20:19 - [MESSAGE][PASSED] - Delayed 4 second(s)

2019-07-02 16:20:19 - [TEST_STEP][PASSED] - selectOptionByValue(findTestObject("OCS-MOBILE /Age gate and burger menu/Date"), "12", true): All options with value '12' are selected in object 'Object Repository/OCS-MOBILE /Age gate and burger menu/Date'  using regular expression

2019-07-02 16:20:19 - [MESSAGE][PASSED] - All options with value '12' are selected in object 'Object Repository/OCS-MOBILE /Age gate and burger menu/Date'  using regular expression

2019-07-02 16:20:19 - [TEST_STEP][PASSED] - selectOptionByValue(findTestObject("OCS-MOBILE /Age gate and burger menu/month"), "6", true): All options with value '6' are selected in object 'Object Repository/OCS-MOBILE /Age gate and burger menu/month'  using regular expression

2019-07-02 16:20:19 - [MESSAGE][PASSED] - All options with value '6' are selected in object 'Object Repository/OCS-MOBILE /Age gate and burger menu/month'  using regular expression

2019-07-02 16:20:19 - [TEST_STEP][PASSED] - delay(2): Delayed 2 second(s)

2019-07-02 16:20:21 - [MESSAGE][PASSED] - Delayed 2 second(s)

2019-07-02 16:20:21 - [TEST_STEP][PASSED] - selectOptionByValue(findTestObject("OCS-MOBILE /Age gate and burger menu/Year Dropdown"), "1990", true): All options with value '1990' are selected in object 'Object Repository/OCS-MOBILE /Age gate and burger menu/Year Dropdown'  using regular expression

2019-07-02 16:20:22 - [MESSAGE][PASSED] - All options with value '1990' are selected in object 'Object Repository/OCS-MOBILE /Age gate and burger menu/Year Dropdown'  using regular expression

2019-07-02 16:20:22 - [TEST_STEP][PASSED] - click(findTestObject("OCS-MOBILE /Age gate and Mega menu/button_Verify")): Object: 'Object Repository/OCS-MOBILE /Age gate and Mega menu/button_Verify' is clicked on

2019-07-02 16:20:23 - [MESSAGE][PASSED] - Object: 'Object Repository/OCS-MOBILE /Age gate and Mega menu/button_Verify' is clicked on

2019-07-02 16:20:23 - [TEST_STEP][PASSED] - click(findTestObject("OCS-MOBILE /Age gate and Mega menu/Checkbox_CONFIRM AND ACKNOWLEDGE")): Object: 'Object Repository/OCS-MOBILE /Age gate and Mega menu/Checkbox_CONFIRM AND ACKNOWLEDGE' is clicked on

2019-07-02 16:20:23 - [MESSAGE][PASSED] - Object: 'Object Repository/OCS-MOBILE /Age gate and Mega menu/Checkbox_CONFIRM AND ACKNOWLEDGE' is clicked on

2019-07-02 16:20:23 - [TEST_STEP][PASSED] - click(findTestObject("OCS-MOBILE /Age gate and Mega menu/button_CONFIRM")): Object: 'Object Repository/OCS-MOBILE /Age gate and Mega menu/button_CONFIRM' is clicked on

2019-07-02 16:20:23 - [MESSAGE][PASSED] - Object: 'Object Repository/OCS-MOBILE /Age gate and Mega menu/button_CONFIRM' is clicked on

2019-07-02 16:20:23 - [TEST_STEP][PASSED] - click(findTestObject("OCS-MOBILE /Age gate and Mega menu/button_Start Browsing")): Object: 'Object Repository/OCS-MOBILE /Age gate and Mega menu/button_Start Browsing' is clicked on

2019-07-02 16:20:23 - [MESSAGE][PASSED] - Object: 'Object Repository/OCS-MOBILE /Age gate and Mega menu/button_Start Browsing' is clicked on

2019-07-02 16:20:23 - [TEST_STEP][PASSED] - refresh(): Refresh successfully

2019-07-02 16:20:23 - [MESSAGE][PASSED] - Refresh successfully

2019-07-02 16:20:23 - [TEST_STEP][PASSED] - executeJavaScript("var previewBar = document.getElementById("preview-bar-iframe"); previewBar.style.display = "none";", []): Execute JavaScript 'var previewBar = document.getElementById("preview-bar-iframe"); previewBar.style.display = "none";' successfully

2019-07-02 16:20:26 - [MESSAGE][PASSED] - Execute JavaScript 'var previewBar = document.getElementById("preview-bar-iframe"); previewBar.style.display = "none";' successfully

2019-07-02 16:20:26 - [MESSAGE][PASSED] - Call Test Case 'Test Cases/OCS - MOBILE/CALL - AGE GATE' successfully

2019-07-02 16:20:26 - [TEST_STEP][PASSED] - callTestCase(findTestCase("OCS - MOBILE/CALL- TOGGLING LANGUAGE"), [:], STOP_ON_FAILURE): Call Test Case 'Test Cases/OCS - MOBILE/CALL- TOGGLING LANGUAGE' successfully

2019-07-02 16:20:26 - [TEST_CASE][PASSED] - Test Cases/OCS - MOBILE/CALL- TOGGLING LANGUAGE: Test Cases/OCS - MOBILE/CALL- TOGGLING LANGUAGE

2019-07-02 16:20:26 - [TEST_STEP][PASSED] - delay(2): Delayed 2 second(s)

2019-07-02 16:20:28 - [MESSAGE][PASSED] - Delayed 2 second(s)

2019-07-02 16:20:28 - [TEST_STEP][PASSED] - click(findTestObject("OCS-MOBILE /Age gate and burger menu/Burger menu - English")): Object: 'Object Repository/OCS-MOBILE /Age gate and burger menu/Burger menu - English' is clicked on

2019-07-02 16:20:28 - [MESSAGE][PASSED] - Object: 'Object Repository/OCS-MOBILE /Age gate and burger menu/Burger menu - English' is clicked on

2019-07-02 16:20:28 - [TEST_STEP][PASSED] - delay(2): Delayed 2 second(s)

2019-07-02 16:20:30 - [MESSAGE][PASSED] - Delayed 2 second(s)

2019-07-02 16:20:30 - [TEST_STEP][PASSED] - click(findTestObject("OCS-MOBILE /Cart flyout/English dropdown")): Object: 'Object Repository/OCS-MOBILE /Cart flyout/English dropdown' is clicked on

2019-07-02 16:20:31 - [MESSAGE][PASSED] - Object: 'Object Repository/OCS-MOBILE /Cart flyout/English dropdown' is clicked on

2019-07-02 16:20:31 - [TEST_STEP][PASSED] - delay(2): Delayed 2 second(s)

2019-07-02 16:20:33 - [MESSAGE][PASSED] - Delayed 2 second(s)

2019-07-02 16:20:33 - [TEST_STEP][PASSED] - executeJavaScript("var previewBar = document.getElementById("preview-bar-iframe"); previewBar.style.display = "none";", []): Execute JavaScript 'var previewBar = document.getElementById("preview-bar-iframe"); previewBar.style.display = "none";' successfully

2019-07-02 16:20:33 - [MESSAGE][PASSED] - Execute JavaScript 'var previewBar = document.getElementById("preview-bar-iframe"); previewBar.style.display = "none";' successfully

2019-07-02 16:20:33 - [TEST_STEP][PASSED] - click(findTestObject("OCS-MOBILE /Cart flyout/Select French")): Object: 'Object Repository/OCS-MOBILE /Cart flyout/Select French' is clicked on

2019-07-02 16:20:33 - [MESSAGE][PASSED] - Object: 'Object Repository/OCS-MOBILE /Cart flyout/Select French' is clicked on

2019-07-02 16:20:33 - [MESSAGE][PASSED] - Call Test Case 'Test Cases/OCS - MOBILE/CALL- TOGGLING LANGUAGE' successfully

2019-07-02 16:20:33 - [TEST_STEP][PASSED] - delay(2): Delayed 2 second(s)

2019-07-02 16:20:35 - [MESSAGE][PASSED] - Delayed 2 second(s)

2019-07-02 16:20:35 - [TEST_STEP][PASSED] - click(findTestObject("OCS-MOBILE /Age gate and burger menu/Burger menu - English")): Object: 'Object Repository/OCS-MOBILE /Age gate and burger menu/Burger menu - English' is clicked on

2019-07-02 16:20:37 - [MESSAGE][PASSED] - Object: 'Object Repository/OCS-MOBILE /Age gate and burger menu/Burger menu - English' is clicked on

2019-07-02 16:20:37 - [TEST_STEP][PASSED] - delay(2): Delayed 2 second(s)

2019-07-02 16:20:39 - [MESSAGE][PASSED] - Delayed 2 second(s)

2019-07-02 16:20:39 - [TEST_STEP][PASSED] - click(findTestObject("OCS-MOBILE /Age gate and burger menu/Chevron_Cannabis")): Object: 'Object Repository/OCS-MOBILE /Age gate and burger menu/Chevron_Cannabis' is clicked on

2019-07-02 16:20:39 - [MESSAGE][PASSED] - Object: 'Object Repository/OCS-MOBILE /Age gate and burger menu/Chevron_Cannabis' is clicked on

2019-07-02 16:20:39 - [TEST_STEP][PASSED] - delay(2): Delayed 2 second(s)

2019-07-02 16:20:41 - [MESSAGE][PASSED] - Delayed 2 second(s)

2019-07-02 16:20:41 - [TEST_STEP][PASSED] - click(findTestObject("OCS-MOBILE /Age gate and burger menu/Dried Flower_Plus icon")): Object: 'Object Repository/OCS-MOBILE /Age gate and burger menu/Dried Flower_Plus icon' is clicked on

2019-07-02 16:20:41 - [MESSAGE][PASSED] - Object: 'Object Repository/OCS-MOBILE /Age gate and burger menu/Dried Flower_Plus icon' is clicked on

2019-07-02 16:20:41 - [TEST_STEP][PASSED] - delay(2): Delayed 2 second(s)

2019-07-02 16:20:43 - [MESSAGE][PASSED] - Delayed 2 second(s)

2019-07-02 16:20:43 - [TEST_STEP][PASSED] - click(findTestObject("OCS- FRENCH/Indica Dominant_Menu item")): Object: 'Object Repository/OCS- FRENCH/Indica Dominant_Menu item' is clicked on

2019-07-02 16:20:45 - [MESSAGE][PASSED] - Object: 'Object Repository/OCS- FRENCH/Indica Dominant_Menu item' is clicked on

2019-07-02 16:20:45 - [TEST_STEP][PASSED] - executeJavaScript("var previewBar = document.getElementById("preview-bar-iframe"); previewBar.style.display = "none";", []): Execute JavaScript 'var previewBar = document.getElementById("preview-bar-iframe"); previewBar.style.display = "none";' successfully

2019-07-02 16:20:45 - [MESSAGE][PASSED] - Execute JavaScript 'var previewBar = document.getElementById("preview-bar-iframe"); previewBar.style.display = "none";' successfully

2019-07-02 16:20:45 - [TEST_STEP][PASSED] - delay(2): Delayed 2 second(s)

2019-07-02 16:20:47 - [MESSAGE][PASSED] - Delayed 2 second(s)

2019-07-02 16:20:47 - [TEST_STEP][PASSED] - click(findTestObject("OCS- FRENCH/Product image - 1st one")): Object: 'Object Repository/OCS- FRENCH/Product image - 1st one' is clicked on

2019-07-02 16:20:56 - [MESSAGE][PASSED] - Object: 'Object Repository/OCS- FRENCH/Product image - 1st one' is clicked on

2019-07-02 16:20:56 - [TEST_STEP][PASSED] - executeJavaScript("var previewBar = document.getElementById("preview-bar-iframe"); previewBar.style.display = "none";", []): Execute JavaScript 'var previewBar = document.getElementById("preview-bar-iframe"); previewBar.style.display = "none";' successfully

2019-07-02 16:20:56 - [MESSAGE][PASSED] - Execute JavaScript 'var previewBar = document.getElementById("preview-bar-iframe"); previewBar.style.display = "none";' successfully

2019-07-02 16:20:56 - [TEST_STEP][PASSED] - delay(2): Delayed 2 second(s)

2019-07-02 16:20:58 - [MESSAGE][PASSED] - Delayed 2 second(s)

2019-07-02 16:20:58 - [TEST_STEP][PASSED] - click(findTestObject("OCS-MOBILE /Product page/Swatch_1g")): Object: 'Object Repository/OCS-MOBILE /Product page/Swatch_1g' is clicked on

2019-07-02 16:20:58 - [MESSAGE][PASSED] - Object: 'Object Repository/OCS-MOBILE /Product page/Swatch_1g' is clicked on

2019-07-02 16:20:58 - [TEST_STEP][PASSED] - delay(2): Delayed 2 second(s)

2019-07-02 16:21:00 - [MESSAGE][PASSED] - Delayed 2 second(s)

2019-07-02 16:21:00 - [TEST_STEP][PASSED] - click(findTestObject("OCS-MOBILE /Product page/Quantity Increase - Button")): Object: 'Object Repository/OCS-MOBILE /Product page/Quantity Increase - Button' is clicked on

2019-07-02 16:21:00 - [MESSAGE][PASSED] - Object: 'Object Repository/OCS-MOBILE /Product page/Quantity Increase - Button' is clicked on

2019-07-02 16:21:00 - [TEST_STEP][PASSED] - delay(2): Delayed 2 second(s)

2019-07-02 16:21:02 - [MESSAGE][PASSED] - Delayed 2 second(s)

2019-07-02 16:21:02 - [TEST_STEP][PASSED] - click(findTestObject("OCS-MOBILE /Product page/Add to Bag-button")): Object: 'Object Repository/OCS-MOBILE /Product page/Add to Bag-button' is clicked on

2019-07-02 16:21:02 - [MESSAGE][PASSED] - Object: 'Object Repository/OCS-MOBILE /Product page/Add to Bag-button' is clicked on

2019-07-02 16:21:02 - [TEST_STEP][PASSED] - delay(1): Delayed 1 second(s)

2019-07-02 16:21:03 - [MESSAGE][PASSED] - Delayed 1 second(s)

2019-07-02 16:21:03 - [TEST_STEP][PASSED] - click(findTestObject("OCS-MOBILE /Home - page/Cart icon -bag")): Object: 'Object Repository/OCS-MOBILE /Home - page/Cart icon -bag' is clicked on

2019-07-02 16:21:03 - [MESSAGE][PASSED] - Object: 'Object Repository/OCS-MOBILE /Home - page/Cart icon -bag' is clicked on

2019-07-02 16:21:03 - [TEST_STEP][PASSED] - delay(2): Delayed 2 second(s)

2019-07-02 16:21:05 - [MESSAGE][PASSED] - Delayed 2 second(s)

2019-07-02 16:21:05 - [TEST_STEP][PASSED] - delay(1): Delayed 1 second(s)

2019-07-02 16:21:06 - [MESSAGE][PASSED] - Delayed 1 second(s)

2019-07-02 16:21:06 - [TEST_STEP][PASSED] - click(findTestObject("OCS-MOBILE /Cart flyout/Checkbox_I confirm that")): Object: 'Object Repository/OCS-MOBILE /Cart flyout/Checkbox_I confirm that' is clicked on

2019-07-02 16:21:06 - [MESSAGE][PASSED] - Object: 'Object Repository/OCS-MOBILE /Cart flyout/Checkbox_I confirm that' is clicked on

2019-07-02 16:21:06 - [TEST_STEP][PASSED] - delay(2): Delayed 2 second(s)

2019-07-02 16:21:08 - [MESSAGE][PASSED] - Delayed 2 second(s)

2019-07-02 16:21:08 - [TEST_STEP][PASSED] - click(findTestObject("OCS-MOBILE /Cart flyout/Checkbox_Accept the Terms Condition")): Object: 'Object Repository/OCS-MOBILE /Cart flyout/Checkbox_Accept the Terms Condition' is clicked on

2019-07-02 16:21:08 - [MESSAGE][PASSED] - Object: 'Object Repository/OCS-MOBILE /Cart flyout/Checkbox_Accept the Terms Condition' is clicked on

2019-07-02 16:21:08 - [TEST_STEP][PASSED] - delay(2): Delayed 2 second(s)

2019-07-02 16:21:10 - [MESSAGE][PASSED] - Delayed 2 second(s)

2019-07-02 16:21:10 - [TEST_STEP][PASSED] - click(findTestObject("OCS-MOBILE /Cart flyout/Checkout - Button")): Object: 'Object Repository/OCS-MOBILE /Cart flyout/Checkout - Button' is clicked on

2019-07-02 16:21:19 - [MESSAGE][PASSED] - Object: 'Object Repository/OCS-MOBILE /Cart flyout/Checkout - Button' is clicked on

2019-07-02 16:21:19 - [TEST_STEP][PASSED] - executeJavaScript("var previewBar = document.getElementById("preview-bar-iframe"); previewBar.style.display = "none";", []): Execute JavaScript 'var previewBar = document.getElementById("preview-bar-iframe"); previewBar.style.display = "none";' successfully

2019-07-02 16:21:19 - [MESSAGE][PASSED] - Execute JavaScript 'var previewBar = document.getElementById("preview-bar-iframe"); previewBar.style.display = "none";' successfully

2019-07-02 16:21:19 - [TEST_STEP][PASSED] - delay(1): Delayed 1 second(s)

2019-07-02 16:21:20 - [MESSAGE][PASSED] - Delayed 1 second(s)

2019-07-02 16:21:20 - [TEST_STEP][PASSED] - delay(1): Delayed 1 second(s)

2019-07-02 16:21:21 - [MESSAGE][PASSED] - Delayed 1 second(s)

2019-07-02 16:21:21 - [TEST_STEP][PASSED] - executeJavaScript("var previewBar = document.getElementById("preview-bar-iframe"); previewBar.style.display = "none";", []): Execute JavaScript 'var previewBar = document.getElementById("preview-bar-iframe"); previewBar.style.display = "none";' successfully

2019-07-02 16:21:21 - [MESSAGE][PASSED] - Execute JavaScript 'var previewBar = document.getElementById("preview-bar-iframe"); previewBar.style.display = "none";' successfully

2019-07-02 16:21:21 - [TEST_STEP][PASSED] - setText(findTestObject("OCS- FRENCH/Page_Ontario Cannabis Store - Infor/input_Adresse e-mail_checkoute"), "suman@gmail.com"): Text 'suman@gmail.com' is set on object 'Object Repository/OCS- FRENCH/Page_Ontario Cannabis Store - Infor/input_Adresse e-mail_checkoute'

2019-07-02 16:21:21 - [MESSAGE][PASSED] - Text 'suman@gmail.com' is set on object 'Object Repository/OCS- FRENCH/Page_Ontario Cannabis Store - Infor/input_Adresse e-mail_checkoute'

2019-07-02 16:21:21 - [TEST_STEP][PASSED] - delay(2): Delayed 2 second(s)

2019-07-02 16:21:23 - [MESSAGE][PASSED] - Delayed 2 second(s)

2019-07-02 16:21:23 - [TEST_STEP][PASSED] - setText(findTestObject("Object Repository/OCS- FRENCH/Page_Ontario Cannabis Store - Infor/input_Prnom_checkoutshipping_a"), "suman"): Text 'suman' is set on object 'Object Repository/OCS- FRENCH/Page_Ontario Cannabis Store - Infor/input_Prnom_checkoutshipping_a'

2019-07-02 16:21:23 - [MESSAGE][PASSED] - Text 'suman' is set on object 'Object Repository/OCS- FRENCH/Page_Ontario Cannabis Store - Infor/input_Prnom_checkoutshipping_a'

2019-07-02 16:21:23 - [TEST_STEP][PASSED] - delay(2): Delayed 2 second(s)

2019-07-02 16:21:25 - [MESSAGE][PASSED] - Delayed 2 second(s)

2019-07-02 16:21:25 - [TEST_STEP][PASSED] - setText(findTestObject("Object Repository/OCS- FRENCH/Page_Ontario Cannabis Store - Infor/input_Nom_checkoutshipping_add"), "test12"): Text 'test12' is set on object 'Object Repository/OCS- FRENCH/Page_Ontario Cannabis Store - Infor/input_Nom_checkoutshipping_add'

2019-07-02 16:21:25 - [MESSAGE][PASSED] - Text 'test12' is set on object 'Object Repository/OCS- FRENCH/Page_Ontario Cannabis Store - Infor/input_Nom_checkoutshipping_add'

2019-07-02 16:21:25 - [TEST_STEP][PASSED] - delay(2): Delayed 2 second(s)

2019-07-02 16:21:27 - [MESSAGE][PASSED] - Delayed 2 second(s)

2019-07-02 16:21:27 - [TEST_STEP][PASSED] - setText(findTestObject("Object Repository/OCS- FRENCH/Page_Ontario Cannabis Store - Infor/input_Adresse_checkoutshipping"), "test12"): Text 'test12' is set on object 'Object Repository/OCS- FRENCH/Page_Ontario Cannabis Store - Infor/input_Adresse_checkoutshipping'

2019-07-02 16:21:27 - [MESSAGE][PASSED] - Text 'test12' is set on object 'Object Repository/OCS- FRENCH/Page_Ontario Cannabis Store - Infor/input_Adresse_checkoutshipping'

2019-07-02 16:21:27 - [TEST_STEP][PASSED] - delay(2): Delayed 2 second(s)

2019-07-02 16:21:29 - [MESSAGE][PASSED] - Delayed 2 second(s)

2019-07-02 16:21:29 - [TEST_STEP][PASSED] - setText(findTestObject("Object Repository/OCS- FRENCH/Page_Ontario Cannabis Store - Infor/input_Appartement suite etc. ("), "12"): Text '12' is set on object 'Object Repository/OCS- FRENCH/Page_Ontario Cannabis Store - Infor/input_Appartement suite etc. ('

2019-07-02 16:21:30 - [MESSAGE][PASSED] - Text '12' is set on object 'Object Repository/OCS- FRENCH/Page_Ontario Cannabis Store - Infor/input_Appartement suite etc. ('

2019-07-02 16:21:30 - [TEST_STEP][PASSED] - delay(2): Delayed 2 second(s)

2019-07-02 16:21:32 - [MESSAGE][PASSED] - Delayed 2 second(s)

2019-07-02 16:21:32 - [TEST_STEP][PASSED] - setText(findTestObject("Object Repository/OCS- FRENCH/Page_Ontario Cannabis Store - Infor/input_Ville_checkoutshipping_a"), "montreal"): Text 'montreal' is set on object 'Object Repository/OCS- FRENCH/Page_Ontario Cannabis Store - Infor/input_Ville_checkoutshipping_a'

2019-07-02 16:21:32 - [MESSAGE][PASSED] - Text 'montreal' is set on object 'Object Repository/OCS- FRENCH/Page_Ontario Cannabis Store - Infor/input_Ville_checkoutshipping_a'

2019-07-02 16:21:32 - [TEST_STEP][PASSED] - delay(2): Delayed 2 second(s)

2019-07-02 16:21:34 - [MESSAGE][PASSED] - Delayed 2 second(s)

2019-07-02 16:21:34 - [TEST_STEP][PASSED] - setText(findTestObject("Object Repository/OCS- FRENCH/Page_Ontario Cannabis Store - Infor/input_Code postal_checkoutship"), "n0r1k0"): Text 'n0r1k0' is set on object 'Object Repository/OCS- FRENCH/Page_Ontario Cannabis Store - Infor/input_Code postal_checkoutship'

2019-07-02 16:21:34 - [MESSAGE][PASSED] - Text 'n0r1k0' is set on object 'Object Repository/OCS- FRENCH/Page_Ontario Cannabis Store - Infor/input_Code postal_checkoutship'

2019-07-02 16:21:34 - [TEST_STEP][PASSED] - delay(2): Delayed 2 second(s)

2019-07-02 16:21:36 - [MESSAGE][PASSED] - Delayed 2 second(s)

2019-07-02 16:21:36 - [TEST_STEP][PASSED] - setText(findTestObject("Object Repository/OCS- FRENCH/Page_Ontario Cannabis Store - Infor/input_Tlphone_checkoutshipping"), "514-449-3883"): Text '514-449-3883' is set on object 'Object Repository/OCS- FRENCH/Page_Ontario Cannabis Store - Infor/input_Tlphone_checkoutshipping'

2019-07-02 16:21:36 - [MESSAGE][PASSED] - Text '514-449-3883' is set on object 'Object Repository/OCS- FRENCH/Page_Ontario Cannabis Store - Infor/input_Tlphone_checkoutshipping'

2019-07-02 16:21:36 - [TEST_STEP][PASSED] - delay(2): Delayed 2 second(s)

2019-07-02 16:21:38 - [MESSAGE][PASSED] - Delayed 2 second(s)

2019-07-02 16:21:38 - [TEST_STEP][PASSED] - click(findTestObject("Object Repository/OCS- FRENCH/Page_Ontario Cannabis Store - Infor/button_Continuer vers le mode")): Object: 'Object Repository/OCS- FRENCH/Page_Ontario Cannabis Store - Infor/button_Continuer vers le mode' is clicked on

2019-07-02 16:21:38 - [MESSAGE][PASSED] - Object: 'Object Repository/OCS- FRENCH/Page_Ontario Cannabis Store - Infor/button_Continuer vers le mode' is clicked on

2019-07-02 16:21:38 - [TEST_STEP][PASSED] - delay(2): Delayed 2 second(s)

2019-07-02 16:21:40 - [MESSAGE][PASSED] - Delayed 2 second(s)

2019-07-02 16:21:40 - [TEST_STEP][PASSED] - executeJavaScript("var previewBar = document.getElementById("preview-bar-iframe"); previewBar.style.display = "none";", []): Execute JavaScript 'var previewBar = document.getElementById("preview-bar-iframe"); previewBar.style.display = "none";' successfully

2019-07-02 16:21:41 - [MESSAGE][PASSED] - Execute JavaScript 'var previewBar = document.getElementById("preview-bar-iframe"); previewBar.style.display = "none";' successfully

2019-07-02 16:21:41 - [TEST_STEP][PASSED] - delay(2): Delayed 2 second(s)

2019-07-02 16:21:43 - [MESSAGE][PASSED] - Delayed 2 second(s)

2019-07-02 16:21:43 - [TEST_STEP][PASSED] - delay(1): Delayed 1 second(s)

2019-07-02 16:21:44 - [MESSAGE][PASSED] - Delayed 1 second(s)

2019-07-02 16:21:44 - [TEST_STEP][PASSED] - click(findTestObject("OCS-MOBILE /Shipping page/Change link")): Object: 'Object Repository/OCS-MOBILE /Shipping page/Change link' is clicked on

2019-07-02 16:21:45 - [MESSAGE][PASSED] - Object: 'Object Repository/OCS-MOBILE /Shipping page/Change link' is clicked on

2019-07-02 16:21:45 - [TEST_STEP][PASSED] - delay(1): Delayed 1 second(s)

2019-07-02 16:21:46 - [MESSAGE][PASSED] - Delayed 1 second(s)

2019-07-02 16:21:46 - [TEST_STEP][PASSED] - executeJavaScript("var previewBar = document.getElementById("preview-bar-iframe"); previewBar.style.display = "none";", []): Execute JavaScript 'var previewBar = document.getElementById("preview-bar-iframe"); previewBar.style.display = "none";' successfully

2019-07-02 16:21:46 - [MESSAGE][PASSED] - Execute JavaScript 'var previewBar = document.getElementById("preview-bar-iframe"); previewBar.style.display = "none";' successfully

2019-07-02 16:21:46 - [TEST_STEP][NOT_RUN] - delay(1): NOT_RUN: delay(1)

2019-07-02 16:21:46 - [MESSAGE][NOT_RUN] - NOT_RUN: delay(1)

2019-07-02 16:21:46 - [TEST_STEP][PASSED] - click(findTestObject("OCS- FRENCH/Page_Ontario Cannabis Store - Infor/button_Continuer vers le mode")): Object: 'Object Repository/OCS- FRENCH/Page_Ontario Cannabis Store - Infor/button_Continuer vers le mode' is clicked on

2019-07-02 16:21:47 - [MESSAGE][PASSED] - Object: 'Object Repository/OCS- FRENCH/Page_Ontario Cannabis Store - Infor/button_Continuer vers le mode' is clicked on

2019-07-02 16:21:47 - [TEST_STEP][PASSED] - delay(1): Delayed 1 second(s)

2019-07-02 16:21:48 - [MESSAGE][PASSED] - Delayed 1 second(s)

2019-07-02 16:21:48 - [TEST_STEP][PASSED] - click(findTestObject("OCS-MOBILE /Shipping page/Change link 2")): Object: 'Object Repository/OCS-MOBILE /Shipping page/Change link 2' is clicked on

2019-07-02 16:21:50 - [MESSAGE][PASSED] - Object: 'Object Repository/OCS-MOBILE /Shipping page/Change link 2' is clicked on

2019-07-02 16:21:50 - [TEST_STEP][PASSED] - delay(1): Delayed 1 second(s)

2019-07-02 16:21:51 - [MESSAGE][PASSED] - Delayed 1 second(s)

2019-07-02 16:21:51 - [TEST_STEP][PASSED] - executeJavaScript("var previewBar = document.getElementById("preview-bar-iframe"); previewBar.style.display = "none";", []): Execute JavaScript 'var previewBar = document.getElementById("preview-bar-iframe"); previewBar.style.display = "none";' successfully

2019-07-02 16:21:51 - [MESSAGE][PASSED] - Execute JavaScript 'var previewBar = document.getElementById("preview-bar-iframe"); previewBar.style.display = "none";' successfully

2019-07-02 16:21:51 - [TEST_STEP][NOT_RUN] - delay(1): NOT_RUN: delay(1)

2019-07-02 16:21:51 - [MESSAGE][NOT_RUN] - NOT_RUN: delay(1)

2019-07-02 16:21:51 - [TEST_STEP][PASSED] - click(findTestObject("OCS- FRENCH/Page_Ontario Cannabis Store - Infor/button_Continuer vers le mode"), CONTINUE_ON_FAILURE): Object: 'Object Repository/OCS- FRENCH/Page_Ontario Cannabis Store - Infor/button_Continuer vers le mode' is clicked on

2019-07-02 16:21:53 - [MESSAGE][PASSED] - Object: 'Object Repository/OCS- FRENCH/Page_Ontario Cannabis Store - Infor/button_Continuer vers le mode' is clicked on

2019-07-02 16:21:53 - [TEST_STEP][PASSED] - executeJavaScript("var previewBar = document.getElementById("preview-bar-iframe"); previewBar.style.display = "none";", []): Execute JavaScript 'var previewBar = document.getElementById("preview-bar-iframe"); previewBar.style.display = "none";' successfully

2019-07-02 16:21:53 - [MESSAGE][PASSED] - Execute JavaScript 'var previewBar = document.getElementById("preview-bar-iframe"); previewBar.style.display = "none";' successfully

2019-07-02 16:21:53 - [TEST_STEP][PASSED] - delay(1): Delayed 1 second(s)

2019-07-02 16:21:54 - [MESSAGE][PASSED] - Delayed 1 second(s)

2019-07-02 16:21:54 - [TEST_STEP][PASSED] - click(findTestObject("OCS-MOBILE /Shipping page/Return to customer info")): Object: 'Object Repository/OCS-MOBILE /Shipping page/Return to customer info' is clicked on

2019-07-02 16:21:56 - [MESSAGE][PASSED] - Object: 'Object Repository/OCS-MOBILE /Shipping page/Return to customer info' is clicked on

2019-07-02 16:21:56 - [TEST_STEP][PASSED] - executeJavaScript("var previewBar = document.getElementById("preview-bar-iframe"); previewBar.style.display = "none";", []): Execute JavaScript 'var previewBar = document.getElementById("preview-bar-iframe"); previewBar.style.display = "none";' successfully

2019-07-02 16:21:56 - [MESSAGE][PASSED] - Execute JavaScript 'var previewBar = document.getElementById("preview-bar-iframe"); previewBar.style.display = "none";' successfully

2019-07-02 16:21:56 - [TEST_STEP][PASSED] - delay(1): Delayed 1 second(s)

2019-07-02 16:21:57 - [MESSAGE][PASSED] - Delayed 1 second(s)

2019-07-02 16:21:57 - [TEST_STEP][PASSED] - click(findTestObject("OCS- FRENCH/Page_Ontario Cannabis Store - Infor/button_Continuer vers le mode")): Object: 'Object Repository/OCS- FRENCH/Page_Ontario Cannabis Store - Infor/button_Continuer vers le mode' is clicked on

2019-07-02 16:21:57 - [MESSAGE][PASSED] - Object: 'Object Repository/OCS- FRENCH/Page_Ontario Cannabis Store - Infor/button_Continuer vers le mode' is clicked on

2019-07-02 16:21:57 - [TEST_STEP][PASSED] - delay(2): Delayed 2 second(s)

2019-07-02 16:21:59 - [MESSAGE][PASSED] - Delayed 2 second(s)

2019-07-02 16:21:59 - [TEST_STEP][PASSED] - click(findTestObject("Object Repository/OCS- FRENCH/Page_Ontario Cannabis Store - Livra/button_Continuer vers le moyen")): Object: 'Object Repository/OCS- FRENCH/Page_Ontario Cannabis Store - Livra/button_Continuer vers le moyen' is clicked on

2019-07-02 16:22:00 - [MESSAGE][PASSED] - Object: 'Object Repository/OCS- FRENCH/Page_Ontario Cannabis Store - Livra/button_Continuer vers le moyen' is clicked on]]></system-out>
         <system-err><![CDATA[]]></system-err>
      </testcase>
      <testcase name="Test Cases/OCS- FRENCH/CRITICAL PATH/Checkout - Payment - fr" classname="Test Cases/OCS- FRENCH/CRITICAL PATH/Checkout - Payment - fr" status="FAILED">
         <failure type="FAILED" message="Test Cases/OCS- FRENCH/CRITICAL PATH/Checkout - Payment - fr FAILED.
Reason:
com.kms.katalon.core.exception.StepFailedException: Unable to click on object 'Object Repository/OCS- FRENCH/REturn to shipping page' (Root cause: org.openqa.selenium.WebDriverException: unknown error: Element &lt;span class=&quot;step__footer__previous-link-content&quot;>...&lt;/span> is not clickable at point (249, 652). Other element would receive the click: &lt;iframe title=&quot;Preview Bar&quot; id=&quot;preview-bar-iframe&quot; src=&quot;https://ocs.ca/preview_bar&quot; sandbox=&quot;allow-same-origin allow-scripts&quot; style=&quot;position: fixed; bottom: 0px; left: 0px; z-index: 2147483647; width: 100%; border: none; box-shadow: rgba(0, 0, 0, 0.2) 0px -1px 3px; overflow: hidden; transform: translateY(0px); transition: transform 300ms ease 0s; height: 92px;&quot;>&lt;/iframe>
  (Session info: chrome=75.0.3770.100)
  (Driver info: chromedriver=2.43.600229 (3fae4d0cda5334b4f533bede5a4787f7b832d052),platform=Mac OS X 10.13.6 x86_64) (WARNING: The server did not provide any stacktrace information)
Command duration or timeout: 0 milliseconds
Build info: version: '3.7.1', revision: '8a0099a', time: '2017-11-06T21:07:36.161Z'
System info: host: 'sumans-MacBook-Pro.local', ip: 'fe80:0:0:0:98:5ae9:edb9:537f%en0', os.name: 'Mac OS X', os.arch: 'x86_64', os.version: '10.13.6', java.version: '1.8.0_181'
Driver info: com.kms.katalon.selenium.driver.CChromeDriver
Capabilities {acceptInsecureCerts: false, acceptSslCerts: false, applicationCacheEnabled: false, browserConnectionEnabled: false, browserName: chrome, chrome: {chromedriverVersion: 2.43.600229 (3fae4d0cda5334..., userDataDir: /var/folders/1t/c55l8xzs6gq...}, cssSelectorsEnabled: true, databaseEnabled: false, goog:chromeOptions: {debuggerAddress: localhost:57452}, handlesAlerts: true, hasTouchScreen: false, javascriptEnabled: true, locationContextEnabled: true, mobileEmulationEnabled: false, nativeEvents: true, networkConnectionEnabled: false, pageLoadStrategy: normal, platform: MAC, platformName: MAC, rotatable: false, setWindowRect: true, takesHeapSnapshot: true, takesScreenshot: true, unexpectedAlertBehaviour: , unhandledPromptBehavior: , version: 75.0.3770.100, webStorageEnabled: true}
Session ID: ed49f96a068c775eb3cbfc05aad04c5c)
	at com.kms.katalon.core.keyword.internal.KeywordMain.stepFailed(KeywordMain.groovy:36)
	at com.kms.katalon.core.webui.keyword.internal.WebUIKeywordMain.stepFailed(WebUIKeywordMain.groovy:65)
	at com.kms.katalon.core.webui.keyword.internal.WebUIKeywordMain.runKeyword(WebUIKeywordMain.groovy:27)
	at com.kms.katalon.core.webui.keyword.builtin.ClickKeyword.click(ClickKeyword.groovy:86)
	at com.kms.katalon.core.webui.keyword.builtin.ClickKeyword.execute(ClickKeyword.groovy:67)
	at com.kms.katalon.core.keyword.internal.KeywordExecutor.executeKeywordForPlatform(KeywordExecutor.groovy:53)
	at com.kms.katalon.core.webui.keyword.WebUiBuiltInKeywords.click(WebUiBuiltInKeywords.groovy:616)
	at com.kms.katalon.core.webui.keyword.WebUiBuiltInKeywords$click$4.call(Unknown Source)
	at Checkout - Payment - fr.run(Checkout - Payment - fr:125)
	at com.kms.katalon.core.main.ScriptEngine.run(ScriptEngine.java:194)
	at com.kms.katalon.core.main.ScriptEngine.runScriptAsRawText(ScriptEngine.java:119)
	at com.kms.katalon.core.main.TestCaseExecutor.runScript(TestCaseExecutor.java:328)
	at com.kms.katalon.core.main.TestCaseExecutor.doExecute(TestCaseExecutor.java:319)
	at com.kms.katalon.core.main.TestCaseExecutor.processExecutionPhase(TestCaseExecutor.java:298)
	at com.kms.katalon.core.main.TestCaseExecutor.accessMainPhase(TestCaseExecutor.java:290)
	at com.kms.katalon.core.main.TestCaseExecutor.execute(TestCaseExecutor.java:224)
	at com.kms.katalon.core.main.TestSuiteExecutor.accessTestCaseMainPhase(TestSuiteExecutor.java:129)
	at com.kms.katalon.core.main.TestSuiteExecutor.accessTestSuiteMainPhase(TestSuiteExecutor.java:112)
	at com.kms.katalon.core.main.TestSuiteExecutor.execute(TestSuiteExecutor.java:81)
	at com.kms.katalon.core.main.TestCaseMain.startTestSuite(TestCaseMain.java:149)
	at com.kms.katalon.core.main.TestCaseMain$startTestSuite$0.call(Unknown Source)
	at TempTestSuite1562098461396.run(TempTestSuite1562098461396.groovy:36)
"/>
         <system-out><![CDATA[2019-07-02 16:22:00 - [TEST_CASE][FAILED] - Test Cases/OCS- FRENCH/CRITICAL PATH/Checkout - Payment - fr: Test Cases/OCS- FRENCH/CRITICAL PATH/Checkout - Payment - fr FAILED.
Reason:
com.kms.katalon.core.exception.StepFailedException: Unable to click on object 'Object Repository/OCS- FRENCH/REturn to shipping page' (Root cause: org.openqa.selenium.WebDriverException: unknown error: Element <span class="step__footer__previous-link-content">...</span> is not clickable at point (249, 652). Other element would receive the click: <iframe title="Preview Bar" id="preview-bar-iframe" src="https://ocs.ca/preview_bar" sandbox="allow-same-origin allow-scripts" style="position: fixed; bottom: 0px; left: 0px; z-index: 2147483647; width: 100%; border: none; box-shadow: rgba(0, 0, 0, 0.2) 0px -1px 3px; overflow: hidden; transform: translateY(0px); transition: transform 300ms ease 0s; height: 92px;"></iframe>
  (Session info: chrome=75.0.3770.100)
  (Driver info: chromedriver=2.43.600229 (3fae4d0cda5334b4f533bede5a4787f7b832d052),platform=Mac OS X 10.13.6 x86_64) (WARNING: The server did not provide any stacktrace information)
Command duration or timeout: 0 milliseconds
Build info: version: '3.7.1', revision: '8a0099a', time: '2017-11-06T21:07:36.161Z'
System info: host: 'sumans-MacBook-Pro.local', ip: 'fe80:0:0:0:98:5ae9:edb9:537f%en0', os.name: 'Mac OS X', os.arch: 'x86_64', os.version: '10.13.6', java.version: '1.8.0_181'
Driver info: com.kms.katalon.selenium.driver.CChromeDriver
Capabilities {acceptInsecureCerts: false, acceptSslCerts: false, applicationCacheEnabled: false, browserConnectionEnabled: false, browserName: chrome, chrome: {chromedriverVersion: 2.43.600229 (3fae4d0cda5334..., userDataDir: /var/folders/1t/c55l8xzs6gq...}, cssSelectorsEnabled: true, databaseEnabled: false, goog:chromeOptions: {debuggerAddress: localhost:57452}, handlesAlerts: true, hasTouchScreen: false, javascriptEnabled: true, locationContextEnabled: true, mobileEmulationEnabled: false, nativeEvents: true, networkConnectionEnabled: false, pageLoadStrategy: normal, platform: MAC, platformName: MAC, rotatable: false, setWindowRect: true, takesHeapSnapshot: true, takesScreenshot: true, unexpectedAlertBehaviour: , unhandledPromptBehavior: , version: 75.0.3770.100, webStorageEnabled: true}
Session ID: ed49f96a068c775eb3cbfc05aad04c5c)
	at com.kms.katalon.core.keyword.internal.KeywordMain.stepFailed(KeywordMain.groovy:36)
	at com.kms.katalon.core.webui.keyword.internal.WebUIKeywordMain.stepFailed(WebUIKeywordMain.groovy:65)
	at com.kms.katalon.core.webui.keyword.internal.WebUIKeywordMain.runKeyword(WebUIKeywordMain.groovy:27)
	at com.kms.katalon.core.webui.keyword.builtin.ClickKeyword.click(ClickKeyword.groovy:86)
	at com.kms.katalon.core.webui.keyword.builtin.ClickKeyword.execute(ClickKeyword.groovy:67)
	at com.kms.katalon.core.keyword.internal.KeywordExecutor.executeKeywordForPlatform(KeywordExecutor.groovy:53)
	at com.kms.katalon.core.webui.keyword.WebUiBuiltInKeywords.click(WebUiBuiltInKeywords.groovy:616)
	at com.kms.katalon.core.webui.keyword.WebUiBuiltInKeywords$click$4.call(Unknown Source)
	at Checkout - Payment - fr.run(Checkout - Payment - fr:125)
	at com.kms.katalon.core.main.ScriptEngine.run(ScriptEngine.java:194)
	at com.kms.katalon.core.main.ScriptEngine.runScriptAsRawText(ScriptEngine.java:119)
	at com.kms.katalon.core.main.TestCaseExecutor.runScript(TestCaseExecutor.java:328)
	at com.kms.katalon.core.main.TestCaseExecutor.doExecute(TestCaseExecutor.java:319)
	at com.kms.katalon.core.main.TestCaseExecutor.processExecutionPhase(TestCaseExecutor.java:298)
	at com.kms.katalon.core.main.TestCaseExecutor.accessMainPhase(TestCaseExecutor.java:290)
	at com.kms.katalon.core.main.TestCaseExecutor.execute(TestCaseExecutor.java:224)
	at com.kms.katalon.core.main.TestSuiteExecutor.accessTestCaseMainPhase(TestSuiteExecutor.java:129)
	at com.kms.katalon.core.main.TestSuiteExecutor.accessTestSuiteMainPhase(TestSuiteExecutor.java:112)
	at com.kms.katalon.core.main.TestSuiteExecutor.execute(TestSuiteExecutor.java:81)
	at com.kms.katalon.core.main.TestCaseMain.startTestSuite(TestCaseMain.java:149)
	at com.kms.katalon.core.main.TestCaseMain$startTestSuite$0.call(Unknown Source)
	at TempTestSuite1562098461396.run(TempTestSuite1562098461396.groovy:36)


2019-07-02 16:22:00 - [TEST_STEP][PASSED] - callTestCase(findTestCase("OCS - MOBILE/CALL - AGE GATE"), [:], STOP_ON_FAILURE): Call Test Case 'Test Cases/OCS - MOBILE/CALL - AGE GATE' successfully

2019-07-02 16:22:00 - [TEST_CASE][PASSED] - Test Cases/OCS - MOBILE/CALL - AGE GATE: Test Cases/OCS - MOBILE/CALL - AGE GATE

2019-07-02 16:22:00 - [TEST_STEP][PASSED] - openBrowser(""): Browser is opened with url: ''

2019-07-02 16:22:00 - [MESSAGE][WARNING] - A browser is already opened. Closing browser and opening a new one

2019-07-02 16:22:00 - [MESSAGE][INFO] - Starting 'Chrome' driver

2019-07-02 16:22:02 - [MESSAGE][PASSED] - Browser is opened with url: ''

2019-07-02 16:22:02 - [TEST_STEP][PASSED] - navigateToUrl("https://ocs.ca/?fts=0&preview_theme_id=74203301708"): Navigate to 'https://ocs.ca/?fts=0&preview_theme_id=74203301708' successfully

2019-07-02 16:22:06 - [MESSAGE][PASSED] - Navigate to 'https://ocs.ca/?fts=0&preview_theme_id=74203301708' successfully

2019-07-02 16:22:06 - [TEST_STEP][PASSED] - executeJavaScript("var previewBar = document.getElementById("preview-bar-iframe"); previewBar.style.display = "none";", []): Execute JavaScript 'var previewBar = document.getElementById("preview-bar-iframe"); previewBar.style.display = "none";' successfully

2019-07-02 16:22:06 - [MESSAGE][PASSED] - Execute JavaScript 'var previewBar = document.getElementById("preview-bar-iframe"); previewBar.style.display = "none";' successfully

2019-07-02 16:22:06 - [TEST_STEP][PASSED] - setViewPortSize(360, 800): Viewport is set to new size with width = 360 and height = 800

2019-07-02 16:22:06 - [MESSAGE][PASSED] - Viewport is set to new size with width = 360 and height = 800

2019-07-02 16:22:06 - [TEST_STEP][PASSED] - delay(4): Delayed 4 second(s)

2019-07-02 16:22:10 - [MESSAGE][PASSED] - Delayed 4 second(s)

2019-07-02 16:22:10 - [TEST_STEP][PASSED] - selectOptionByValue(findTestObject("OCS-MOBILE /Age gate and burger menu/Date"), "12", true): All options with value '12' are selected in object 'Object Repository/OCS-MOBILE /Age gate and burger menu/Date'  using regular expression

2019-07-02 16:22:10 - [MESSAGE][PASSED] - All options with value '12' are selected in object 'Object Repository/OCS-MOBILE /Age gate and burger menu/Date'  using regular expression

2019-07-02 16:22:10 - [TEST_STEP][PASSED] - selectOptionByValue(findTestObject("OCS-MOBILE /Age gate and burger menu/month"), "6", true): All options with value '6' are selected in object 'Object Repository/OCS-MOBILE /Age gate and burger menu/month'  using regular expression

2019-07-02 16:22:11 - [MESSAGE][PASSED] - All options with value '6' are selected in object 'Object Repository/OCS-MOBILE /Age gate and burger menu/month'  using regular expression

2019-07-02 16:22:11 - [TEST_STEP][PASSED] - delay(2): Delayed 2 second(s)

2019-07-02 16:22:13 - [MESSAGE][PASSED] - Delayed 2 second(s)

2019-07-02 16:22:13 - [TEST_STEP][PASSED] - selectOptionByValue(findTestObject("OCS-MOBILE /Age gate and burger menu/Year Dropdown"), "1990", true): All options with value '1990' are selected in object 'Object Repository/OCS-MOBILE /Age gate and burger menu/Year Dropdown'  using regular expression

2019-07-02 16:22:14 - [MESSAGE][PASSED] - All options with value '1990' are selected in object 'Object Repository/OCS-MOBILE /Age gate and burger menu/Year Dropdown'  using regular expression

2019-07-02 16:22:14 - [TEST_STEP][PASSED] - click(findTestObject("OCS-MOBILE /Age gate and Mega menu/button_Verify")): Object: 'Object Repository/OCS-MOBILE /Age gate and Mega menu/button_Verify' is clicked on

2019-07-02 16:22:14 - [MESSAGE][PASSED] - Object: 'Object Repository/OCS-MOBILE /Age gate and Mega menu/button_Verify' is clicked on

2019-07-02 16:22:14 - [TEST_STEP][PASSED] - click(findTestObject("OCS-MOBILE /Age gate and Mega menu/Checkbox_CONFIRM AND ACKNOWLEDGE")): Object: 'Object Repository/OCS-MOBILE /Age gate and Mega menu/Checkbox_CONFIRM AND ACKNOWLEDGE' is clicked on

2019-07-02 16:22:14 - [MESSAGE][PASSED] - Object: 'Object Repository/OCS-MOBILE /Age gate and Mega menu/Checkbox_CONFIRM AND ACKNOWLEDGE' is clicked on

2019-07-02 16:22:14 - [TEST_STEP][PASSED] - click(findTestObject("OCS-MOBILE /Age gate and Mega menu/button_CONFIRM")): Object: 'Object Repository/OCS-MOBILE /Age gate and Mega menu/button_CONFIRM' is clicked on

2019-07-02 16:22:14 - [MESSAGE][PASSED] - Object: 'Object Repository/OCS-MOBILE /Age gate and Mega menu/button_CONFIRM' is clicked on

2019-07-02 16:22:14 - [TEST_STEP][PASSED] - click(findTestObject("OCS-MOBILE /Age gate and Mega menu/button_Start Browsing")): Object: 'Object Repository/OCS-MOBILE /Age gate and Mega menu/button_Start Browsing' is clicked on

2019-07-02 16:22:14 - [MESSAGE][PASSED] - Object: 'Object Repository/OCS-MOBILE /Age gate and Mega menu/button_Start Browsing' is clicked on

2019-07-02 16:22:14 - [TEST_STEP][PASSED] - refresh(): Refresh successfully

2019-07-02 16:22:17 - [MESSAGE][PASSED] - Refresh successfully

2019-07-02 16:22:17 - [TEST_STEP][PASSED] - executeJavaScript("var previewBar = document.getElementById("preview-bar-iframe"); previewBar.style.display = "none";", []): Execute JavaScript 'var previewBar = document.getElementById("preview-bar-iframe"); previewBar.style.display = "none";' successfully

2019-07-02 16:22:17 - [MESSAGE][PASSED] - Execute JavaScript 'var previewBar = document.getElementById("preview-bar-iframe"); previewBar.style.display = "none";' successfully

2019-07-02 16:22:17 - [MESSAGE][PASSED] - Call Test Case 'Test Cases/OCS - MOBILE/CALL - AGE GATE' successfully

2019-07-02 16:22:17 - [TEST_STEP][PASSED] - callTestCase(findTestCase("OCS - MOBILE/CALL- TOGGLING LANGUAGE"), [:], STOP_ON_FAILURE): Call Test Case 'Test Cases/OCS - MOBILE/CALL- TOGGLING LANGUAGE' successfully

2019-07-02 16:22:17 - [TEST_CASE][PASSED] - Test Cases/OCS - MOBILE/CALL- TOGGLING LANGUAGE: Test Cases/OCS - MOBILE/CALL- TOGGLING LANGUAGE

2019-07-02 16:22:17 - [TEST_STEP][PASSED] - delay(2): Delayed 2 second(s)

2019-07-02 16:22:19 - [MESSAGE][PASSED] - Delayed 2 second(s)

2019-07-02 16:22:19 - [TEST_STEP][PASSED] - click(findTestObject("OCS-MOBILE /Age gate and burger menu/Burger menu - English")): Object: 'Object Repository/OCS-MOBILE /Age gate and burger menu/Burger menu - English' is clicked on

2019-07-02 16:22:19 - [MESSAGE][PASSED] - Object: 'Object Repository/OCS-MOBILE /Age gate and burger menu/Burger menu - English' is clicked on

2019-07-02 16:22:19 - [TEST_STEP][PASSED] - delay(2): Delayed 2 second(s)

2019-07-02 16:22:21 - [MESSAGE][PASSED] - Delayed 2 second(s)

2019-07-02 16:22:21 - [TEST_STEP][PASSED] - click(findTestObject("OCS-MOBILE /Cart flyout/English dropdown")): Object: 'Object Repository/OCS-MOBILE /Cart flyout/English dropdown' is clicked on

2019-07-02 16:22:21 - [MESSAGE][PASSED] - Object: 'Object Repository/OCS-MOBILE /Cart flyout/English dropdown' is clicked on

2019-07-02 16:22:21 - [TEST_STEP][PASSED] - delay(2): Delayed 2 second(s)

2019-07-02 16:22:23 - [MESSAGE][PASSED] - Delayed 2 second(s)

2019-07-02 16:22:23 - [TEST_STEP][PASSED] - executeJavaScript("var previewBar = document.getElementById("preview-bar-iframe"); previewBar.style.display = "none";", []): Execute JavaScript 'var previewBar = document.getElementById("preview-bar-iframe"); previewBar.style.display = "none";' successfully

2019-07-02 16:22:23 - [MESSAGE][PASSED] - Execute JavaScript 'var previewBar = document.getElementById("preview-bar-iframe"); previewBar.style.display = "none";' successfully

2019-07-02 16:22:23 - [TEST_STEP][PASSED] - click(findTestObject("OCS-MOBILE /Cart flyout/Select French")): Object: 'Object Repository/OCS-MOBILE /Cart flyout/Select French' is clicked on

2019-07-02 16:22:23 - [MESSAGE][PASSED] - Object: 'Object Repository/OCS-MOBILE /Cart flyout/Select French' is clicked on

2019-07-02 16:22:23 - [MESSAGE][PASSED] - Call Test Case 'Test Cases/OCS - MOBILE/CALL- TOGGLING LANGUAGE' successfully

2019-07-02 16:22:23 - [TEST_STEP][PASSED] - delay(2): Delayed 2 second(s)

2019-07-02 16:22:25 - [MESSAGE][PASSED] - Delayed 2 second(s)

2019-07-02 16:22:25 - [TEST_STEP][PASSED] - click(findTestObject("OCS-MOBILE /Age gate and burger menu/Burger menu - English")): Object: 'Object Repository/OCS-MOBILE /Age gate and burger menu/Burger menu - English' is clicked on

2019-07-02 16:22:27 - [MESSAGE][PASSED] - Object: 'Object Repository/OCS-MOBILE /Age gate and burger menu/Burger menu - English' is clicked on

2019-07-02 16:22:27 - [TEST_STEP][PASSED] - delay(2): Delayed 2 second(s)

2019-07-02 16:22:29 - [MESSAGE][PASSED] - Delayed 2 second(s)

2019-07-02 16:22:29 - [TEST_STEP][PASSED] - click(findTestObject("OCS-MOBILE /Age gate and burger menu/Chevron_Cannabis")): Object: 'Object Repository/OCS-MOBILE /Age gate and burger menu/Chevron_Cannabis' is clicked on

2019-07-02 16:22:29 - [MESSAGE][PASSED] - Object: 'Object Repository/OCS-MOBILE /Age gate and burger menu/Chevron_Cannabis' is clicked on

2019-07-02 16:22:29 - [TEST_STEP][PASSED] - delay(2): Delayed 2 second(s)

2019-07-02 16:22:31 - [MESSAGE][PASSED] - Delayed 2 second(s)

2019-07-02 16:22:31 - [TEST_STEP][PASSED] - click(findTestObject("OCS-MOBILE /Age gate and burger menu/Dried Flower_Plus icon")): Object: 'Object Repository/OCS-MOBILE /Age gate and burger menu/Dried Flower_Plus icon' is clicked on

2019-07-02 16:22:31 - [MESSAGE][PASSED] - Object: 'Object Repository/OCS-MOBILE /Age gate and burger menu/Dried Flower_Plus icon' is clicked on

2019-07-02 16:22:31 - [TEST_STEP][PASSED] - delay(2): Delayed 2 second(s)

2019-07-02 16:22:33 - [MESSAGE][PASSED] - Delayed 2 second(s)

2019-07-02 16:22:33 - [TEST_STEP][PASSED] - click(findTestObject("OCS- FRENCH/Indica Dominant_Menu item")): Object: 'Object Repository/OCS- FRENCH/Indica Dominant_Menu item' is clicked on

2019-07-02 16:22:36 - [MESSAGE][PASSED] - Object: 'Object Repository/OCS- FRENCH/Indica Dominant_Menu item' is clicked on

2019-07-02 16:22:36 - [TEST_STEP][PASSED] - executeJavaScript("var previewBar = document.getElementById("preview-bar-iframe"); previewBar.style.display = "none";", []): Execute JavaScript 'var previewBar = document.getElementById("preview-bar-iframe"); previewBar.style.display = "none";' successfully

2019-07-02 16:22:36 - [MESSAGE][PASSED] - Execute JavaScript 'var previewBar = document.getElementById("preview-bar-iframe"); previewBar.style.display = "none";' successfully

2019-07-02 16:22:36 - [TEST_STEP][PASSED] - delay(2): Delayed 2 second(s)

2019-07-02 16:22:38 - [MESSAGE][PASSED] - Delayed 2 second(s)

2019-07-02 16:22:38 - [TEST_STEP][PASSED] - click(findTestObject("OCS- FRENCH/Product image - 1st one")): Object: 'Object Repository/OCS- FRENCH/Product image - 1st one' is clicked on

2019-07-02 16:22:42 - [MESSAGE][PASSED] - Object: 'Object Repository/OCS- FRENCH/Product image - 1st one' is clicked on

2019-07-02 16:22:42 - [TEST_STEP][PASSED] - executeJavaScript("var previewBar = document.getElementById("preview-bar-iframe"); previewBar.style.display = "none";", []): Execute JavaScript 'var previewBar = document.getElementById("preview-bar-iframe"); previewBar.style.display = "none";' successfully

2019-07-02 16:22:42 - [MESSAGE][PASSED] - Execute JavaScript 'var previewBar = document.getElementById("preview-bar-iframe"); previewBar.style.display = "none";' successfully

2019-07-02 16:22:42 - [TEST_STEP][PASSED] - delay(2): Delayed 2 second(s)

2019-07-02 16:22:44 - [MESSAGE][PASSED] - Delayed 2 second(s)

2019-07-02 16:22:44 - [TEST_STEP][PASSED] - click(findTestObject("OCS-MOBILE /Product page/Swatch_1g")): Object: 'Object Repository/OCS-MOBILE /Product page/Swatch_1g' is clicked on

2019-07-02 16:22:44 - [MESSAGE][PASSED] - Object: 'Object Repository/OCS-MOBILE /Product page/Swatch_1g' is clicked on

2019-07-02 16:22:44 - [TEST_STEP][PASSED] - delay(2): Delayed 2 second(s)

2019-07-02 16:22:46 - [MESSAGE][PASSED] - Delayed 2 second(s)

2019-07-02 16:22:46 - [TEST_STEP][PASSED] - click(findTestObject("OCS-MOBILE /Product page/Quantity Increase - Button")): Object: 'Object Repository/OCS-MOBILE /Product page/Quantity Increase - Button' is clicked on

2019-07-02 16:22:46 - [MESSAGE][PASSED] - Object: 'Object Repository/OCS-MOBILE /Product page/Quantity Increase - Button' is clicked on

2019-07-02 16:22:46 - [TEST_STEP][PASSED] - delay(2): Delayed 2 second(s)

2019-07-02 16:22:48 - [MESSAGE][PASSED] - Delayed 2 second(s)

2019-07-02 16:22:48 - [TEST_STEP][PASSED] - click(findTestObject("OCS-MOBILE /Product page/Add to Bag-button")): Object: 'Object Repository/OCS-MOBILE /Product page/Add to Bag-button' is clicked on

2019-07-02 16:22:48 - [MESSAGE][PASSED] - Object: 'Object Repository/OCS-MOBILE /Product page/Add to Bag-button' is clicked on

2019-07-02 16:22:48 - [TEST_STEP][PASSED] - delay(1): Delayed 1 second(s)

2019-07-02 16:22:49 - [MESSAGE][PASSED] - Delayed 1 second(s)

2019-07-02 16:22:49 - [TEST_STEP][PASSED] - click(findTestObject("OCS-MOBILE /Home - page/Cart icon -bag")): Object: 'Object Repository/OCS-MOBILE /Home - page/Cart icon -bag' is clicked on

2019-07-02 16:22:49 - [MESSAGE][PASSED] - Object: 'Object Repository/OCS-MOBILE /Home - page/Cart icon -bag' is clicked on

2019-07-02 16:22:49 - [TEST_STEP][PASSED] - delay(2): Delayed 2 second(s)

2019-07-02 16:22:51 - [MESSAGE][PASSED] - Delayed 2 second(s)

2019-07-02 16:22:51 - [TEST_STEP][PASSED] - delay(1): Delayed 1 second(s)

2019-07-02 16:22:52 - [MESSAGE][PASSED] - Delayed 1 second(s)

2019-07-02 16:22:52 - [TEST_STEP][PASSED] - click(findTestObject("OCS-MOBILE /Cart flyout/Checkbox_I confirm that")): Object: 'Object Repository/OCS-MOBILE /Cart flyout/Checkbox_I confirm that' is clicked on

2019-07-02 16:22:52 - [MESSAGE][PASSED] - Object: 'Object Repository/OCS-MOBILE /Cart flyout/Checkbox_I confirm that' is clicked on

2019-07-02 16:22:52 - [TEST_STEP][PASSED] - delay(2): Delayed 2 second(s)

2019-07-02 16:22:54 - [MESSAGE][PASSED] - Delayed 2 second(s)

2019-07-02 16:22:54 - [TEST_STEP][PASSED] - click(findTestObject("OCS-MOBILE /Cart flyout/Checkbox_Accept the Terms Condition")): Object: 'Object Repository/OCS-MOBILE /Cart flyout/Checkbox_Accept the Terms Condition' is clicked on

2019-07-02 16:22:54 - [MESSAGE][PASSED] - Object: 'Object Repository/OCS-MOBILE /Cart flyout/Checkbox_Accept the Terms Condition' is clicked on

2019-07-02 16:22:54 - [TEST_STEP][PASSED] - delay(2): Delayed 2 second(s)

2019-07-02 16:22:56 - [MESSAGE][PASSED] - Delayed 2 second(s)

2019-07-02 16:22:56 - [TEST_STEP][PASSED] - click(findTestObject("OCS-MOBILE /Cart flyout/Checkout - Button")): Object: 'Object Repository/OCS-MOBILE /Cart flyout/Checkout - Button' is clicked on

2019-07-02 16:22:59 - [MESSAGE][PASSED] - Object: 'Object Repository/OCS-MOBILE /Cart flyout/Checkout - Button' is clicked on

2019-07-02 16:22:59 - [TEST_STEP][PASSED] - executeJavaScript("var previewBar = document.getElementById("preview-bar-iframe"); previewBar.style.display = "none";", []): Execute JavaScript 'var previewBar = document.getElementById("preview-bar-iframe"); previewBar.style.display = "none";' successfully

2019-07-02 16:22:59 - [MESSAGE][PASSED] - Execute JavaScript 'var previewBar = document.getElementById("preview-bar-iframe"); previewBar.style.display = "none";' successfully

2019-07-02 16:22:59 - [TEST_STEP][PASSED] - delay(1): Delayed 1 second(s)

2019-07-02 16:23:00 - [MESSAGE][PASSED] - Delayed 1 second(s)

2019-07-02 16:23:00 - [TEST_STEP][PASSED] - delay(1): Delayed 1 second(s)

2019-07-02 16:23:01 - [MESSAGE][PASSED] - Delayed 1 second(s)

2019-07-02 16:23:01 - [TEST_STEP][PASSED] - callTestCase(findTestCase("OCS - MOBILE/CALL- SHIPPING TO PAYMENT"), [:], STOP_ON_FAILURE): Call Test Case 'Test Cases/OCS - MOBILE/CALL- SHIPPING TO PAYMENT' successfully

2019-07-02 16:23:01 - [TEST_CASE][PASSED] - Test Cases/OCS - MOBILE/CALL- SHIPPING TO PAYMENT: Test Cases/OCS - MOBILE/CALL- SHIPPING TO PAYMENT

2019-07-02 16:23:01 - [TEST_STEP][PASSED] - executeJavaScript("var previewBar = document.getElementById("preview-bar-iframe"); previewBar.style.display = "none";", []): Execute JavaScript 'var previewBar = document.getElementById("preview-bar-iframe"); previewBar.style.display = "none";' successfully

2019-07-02 16:23:01 - [MESSAGE][PASSED] - Execute JavaScript 'var previewBar = document.getElementById("preview-bar-iframe"); previewBar.style.display = "none";' successfully

2019-07-02 16:23:01 - [TEST_STEP][PASSED] - delay(2): Delayed 2 second(s)

2019-07-02 16:23:03 - [MESSAGE][PASSED] - Delayed 2 second(s)

2019-07-02 16:23:03 - [TEST_STEP][PASSED] - setText(findTestObject("OCS- FRENCH/Page_Ontario Cannabis Store - Infor/input_Adresse e-mail_checkoute"), "suman@gmail.com"): Text 'suman@gmail.com' is set on object 'Object Repository/OCS- FRENCH/Page_Ontario Cannabis Store - Infor/input_Adresse e-mail_checkoute'

2019-07-02 16:23:04 - [MESSAGE][PASSED] - Text 'suman@gmail.com' is set on object 'Object Repository/OCS- FRENCH/Page_Ontario Cannabis Store - Infor/input_Adresse e-mail_checkoute'

2019-07-02 16:23:04 - [TEST_STEP][PASSED] - delay(2): Delayed 2 second(s)

2019-07-02 16:23:06 - [MESSAGE][PASSED] - Delayed 2 second(s)

2019-07-02 16:23:06 - [TEST_STEP][PASSED] - setText(findTestObject("Object Repository/OCS- FRENCH/Page_Ontario Cannabis Store - Infor/input_Prnom_checkoutshipping_a"), "suman"): Text 'suman' is set on object 'Object Repository/OCS- FRENCH/Page_Ontario Cannabis Store - Infor/input_Prnom_checkoutshipping_a'

2019-07-02 16:23:06 - [MESSAGE][PASSED] - Text 'suman' is set on object 'Object Repository/OCS- FRENCH/Page_Ontario Cannabis Store - Infor/input_Prnom_checkoutshipping_a'

2019-07-02 16:23:06 - [TEST_STEP][PASSED] - delay(2): Delayed 2 second(s)

2019-07-02 16:23:08 - [MESSAGE][PASSED] - Delayed 2 second(s)

2019-07-02 16:23:08 - [TEST_STEP][PASSED] - setText(findTestObject("Object Repository/OCS- FRENCH/Page_Ontario Cannabis Store - Infor/input_Nom_checkoutshipping_add"), "test12"): Text 'test12' is set on object 'Object Repository/OCS- FRENCH/Page_Ontario Cannabis Store - Infor/input_Nom_checkoutshipping_add'

2019-07-02 16:23:08 - [MESSAGE][PASSED] - Text 'test12' is set on object 'Object Repository/OCS- FRENCH/Page_Ontario Cannabis Store - Infor/input_Nom_checkoutshipping_add'

2019-07-02 16:23:08 - [TEST_STEP][PASSED] - delay(2): Delayed 2 second(s)

2019-07-02 16:23:10 - [MESSAGE][PASSED] - Delayed 2 second(s)

2019-07-02 16:23:10 - [TEST_STEP][PASSED] - setText(findTestObject("Object Repository/OCS- FRENCH/Page_Ontario Cannabis Store - Infor/input_Adresse_checkoutshipping"), "test12"): Text 'test12' is set on object 'Object Repository/OCS- FRENCH/Page_Ontario Cannabis Store - Infor/input_Adresse_checkoutshipping'

2019-07-02 16:23:10 - [MESSAGE][PASSED] - Text 'test12' is set on object 'Object Repository/OCS- FRENCH/Page_Ontario Cannabis Store - Infor/input_Adresse_checkoutshipping'

2019-07-02 16:23:10 - [TEST_STEP][PASSED] - delay(2): Delayed 2 second(s)

2019-07-02 16:23:12 - [MESSAGE][PASSED] - Delayed 2 second(s)

2019-07-02 16:23:12 - [TEST_STEP][PASSED] - setText(findTestObject("Object Repository/OCS- FRENCH/Page_Ontario Cannabis Store - Infor/input_Appartement suite etc. ("), "12"): Text '12' is set on object 'Object Repository/OCS- FRENCH/Page_Ontario Cannabis Store - Infor/input_Appartement suite etc. ('

2019-07-02 16:23:12 - [MESSAGE][PASSED] - Text '12' is set on object 'Object Repository/OCS- FRENCH/Page_Ontario Cannabis Store - Infor/input_Appartement suite etc. ('

2019-07-02 16:23:12 - [TEST_STEP][PASSED] - delay(2): Delayed 2 second(s)

2019-07-02 16:23:14 - [MESSAGE][PASSED] - Delayed 2 second(s)

2019-07-02 16:23:14 - [TEST_STEP][PASSED] - setText(findTestObject("Object Repository/OCS- FRENCH/Page_Ontario Cannabis Store - Infor/input_Ville_checkoutshipping_a"), "montreal"): Text 'montreal' is set on object 'Object Repository/OCS- FRENCH/Page_Ontario Cannabis Store - Infor/input_Ville_checkoutshipping_a'

2019-07-02 16:23:14 - [MESSAGE][PASSED] - Text 'montreal' is set on object 'Object Repository/OCS- FRENCH/Page_Ontario Cannabis Store - Infor/input_Ville_checkoutshipping_a'

2019-07-02 16:23:14 - [TEST_STEP][PASSED] - delay(2): Delayed 2 second(s)

2019-07-02 16:23:16 - [MESSAGE][PASSED] - Delayed 2 second(s)

2019-07-02 16:23:16 - [TEST_STEP][PASSED] - setText(findTestObject("Object Repository/OCS- FRENCH/Page_Ontario Cannabis Store - Infor/input_Code postal_checkoutship"), "n0r1k0"): Text 'n0r1k0' is set on object 'Object Repository/OCS- FRENCH/Page_Ontario Cannabis Store - Infor/input_Code postal_checkoutship'

2019-07-02 16:23:16 - [MESSAGE][PASSED] - Text 'n0r1k0' is set on object 'Object Repository/OCS- FRENCH/Page_Ontario Cannabis Store - Infor/input_Code postal_checkoutship'

2019-07-02 16:23:16 - [TEST_STEP][PASSED] - delay(2): Delayed 2 second(s)

2019-07-02 16:23:18 - [MESSAGE][PASSED] - Delayed 2 second(s)

2019-07-02 16:23:18 - [TEST_STEP][PASSED] - setText(findTestObject("Object Repository/OCS- FRENCH/Page_Ontario Cannabis Store - Infor/input_Tlphone_checkoutshipping"), "514-449-3883"): Text '514-449-3883' is set on object 'Object Repository/OCS- FRENCH/Page_Ontario Cannabis Store - Infor/input_Tlphone_checkoutshipping'

2019-07-02 16:23:18 - [MESSAGE][PASSED] - Text '514-449-3883' is set on object 'Object Repository/OCS- FRENCH/Page_Ontario Cannabis Store - Infor/input_Tlphone_checkoutshipping'

2019-07-02 16:23:18 - [TEST_STEP][PASSED] - delay(2): Delayed 2 second(s)

2019-07-02 16:23:20 - [MESSAGE][PASSED] - Delayed 2 second(s)

2019-07-02 16:23:20 - [TEST_STEP][PASSED] - click(findTestObject("Object Repository/OCS- FRENCH/Page_Ontario Cannabis Store - Infor/button_Continuer vers le mode")): Object: 'Object Repository/OCS- FRENCH/Page_Ontario Cannabis Store - Infor/button_Continuer vers le mode' is clicked on

2019-07-02 16:23:29 - [MESSAGE][PASSED] - Object: 'Object Repository/OCS- FRENCH/Page_Ontario Cannabis Store - Infor/button_Continuer vers le mode' is clicked on

2019-07-02 16:23:29 - [TEST_STEP][PASSED] - delay(2): Delayed 2 second(s)

2019-07-02 16:23:31 - [MESSAGE][PASSED] - Delayed 2 second(s)

2019-07-02 16:23:31 - [TEST_STEP][PASSED] - executeJavaScript("var previewBar = document.getElementById("preview-bar-iframe"); previewBar.style.display = "none";", []): Execute JavaScript 'var previewBar = document.getElementById("preview-bar-iframe"); previewBar.style.display = "none";' successfully

2019-07-02 16:23:31 - [MESSAGE][PASSED] - Execute JavaScript 'var previewBar = document.getElementById("preview-bar-iframe"); previewBar.style.display = "none";' successfully

2019-07-02 16:23:31 - [TEST_STEP][PASSED] - delay(2): Delayed 2 second(s)

2019-07-02 16:23:33 - [MESSAGE][PASSED] - Delayed 2 second(s)

2019-07-02 16:23:33 - [TEST_STEP][PASSED] - click(findTestObject("Object Repository/OCS- FRENCH/Page_Ontario Cannabis Store - Livra/button_Continuer vers le moyen")): Object: 'Object Repository/OCS- FRENCH/Page_Ontario Cannabis Store - Livra/button_Continuer vers le moyen' is clicked on

2019-07-02 16:23:44 - [MESSAGE][PASSED] - Object: 'Object Repository/OCS- FRENCH/Page_Ontario Cannabis Store - Livra/button_Continuer vers le moyen' is clicked on

2019-07-02 16:23:44 - [MESSAGE][PASSED] - Call Test Case 'Test Cases/OCS - MOBILE/CALL- SHIPPING TO PAYMENT' successfully

2019-07-02 16:23:44 - [TEST_STEP][PASSED] - executeJavaScript("var previewBar = document.getElementById("preview-bar-iframe"); previewBar.style.display = "none";", []): Execute JavaScript 'var previewBar = document.getElementById("preview-bar-iframe"); previewBar.style.display = "none";' successfully

2019-07-02 16:23:44 - [MESSAGE][PASSED] - Execute JavaScript 'var previewBar = document.getElementById("preview-bar-iframe"); previewBar.style.display = "none";' successfully

2019-07-02 16:23:44 - [TEST_STEP][PASSED] - delay(1): Delayed 1 second(s)

2019-07-02 16:23:45 - [MESSAGE][PASSED] - Delayed 1 second(s)

2019-07-02 16:23:45 - [TEST_STEP][PASSED] - click(findTestObject("OCS- FRENCH/Change link span 1")): Object: 'Object Repository/OCS- FRENCH/Change link span 1' is clicked on

2019-07-02 16:23:52 - [MESSAGE][PASSED] - Object: 'Object Repository/OCS- FRENCH/Change link span 1' is clicked on

2019-07-02 16:23:52 - [TEST_STEP][PASSED] - delay(1): Delayed 1 second(s)

2019-07-02 16:23:53 - [MESSAGE][PASSED] - Delayed 1 second(s)

2019-07-02 16:23:53 - [TEST_STEP][PASSED] - executeJavaScript("var previewBar = document.getElementById("preview-bar-iframe"); previewBar.style.display = "none";", []): Execute JavaScript 'var previewBar = document.getElementById("preview-bar-iframe"); previewBar.style.display = "none";' successfully

2019-07-02 16:23:53 - [MESSAGE][PASSED] - Execute JavaScript 'var previewBar = document.getElementById("preview-bar-iframe"); previewBar.style.display = "none";' successfully

2019-07-02 16:23:53 - [TEST_STEP][PASSED] - click(findTestObject("OCS- FRENCH/Page_Ontario Cannabis Store - Infor/button_Continuer vers le mode")): Object: 'Object Repository/OCS- FRENCH/Page_Ontario Cannabis Store - Infor/button_Continuer vers le mode' is clicked on

2019-07-02 16:24:01 - [MESSAGE][PASSED] - Object: 'Object Repository/OCS- FRENCH/Page_Ontario Cannabis Store - Infor/button_Continuer vers le mode' is clicked on

2019-07-02 16:24:01 - [TEST_STEP][PASSED] - delay(1): Delayed 1 second(s)

2019-07-02 16:24:02 - [MESSAGE][PASSED] - Delayed 1 second(s)

2019-07-02 16:24:02 - [TEST_STEP][NOT_RUN] - delay(1): NOT_RUN: delay(1)

2019-07-02 16:24:02 - [MESSAGE][NOT_RUN] - NOT_RUN: delay(1)

2019-07-02 16:24:02 - [TEST_STEP][PASSED] - executeJavaScript("var previewBar = document.getElementById("preview-bar-iframe"); previewBar.style.display = "none";", []): Execute JavaScript 'var previewBar = document.getElementById("preview-bar-iframe"); previewBar.style.display = "none";' successfully

2019-07-02 16:24:02 - [MESSAGE][PASSED] - Execute JavaScript 'var previewBar = document.getElementById("preview-bar-iframe"); previewBar.style.display = "none";' successfully

2019-07-02 16:24:02 - [TEST_STEP][PASSED] - delay(1): Delayed 1 second(s)

2019-07-02 16:24:03 - [MESSAGE][PASSED] - Delayed 1 second(s)

2019-07-02 16:24:03 - [TEST_STEP][PASSED] - click(findTestObject("OCS- FRENCH/Page_Ontario Cannabis Store - Livra/button_Continuer vers le moyen")): Object: 'Object Repository/OCS- FRENCH/Page_Ontario Cannabis Store - Livra/button_Continuer vers le moyen' is clicked on

2019-07-02 16:24:10 - [MESSAGE][PASSED] - Object: 'Object Repository/OCS- FRENCH/Page_Ontario Cannabis Store - Livra/button_Continuer vers le moyen' is clicked on

2019-07-02 16:24:10 - [TEST_STEP][PASSED] - delay(1): Delayed 1 second(s)

2019-07-02 16:24:11 - [MESSAGE][PASSED] - Delayed 1 second(s)

2019-07-02 16:24:11 - [TEST_STEP][PASSED] - click(findTestObject("OCS- FRENCH/Change link span 2")): Object: 'Object Repository/OCS- FRENCH/Change link span 2' is clicked on

2019-07-02 16:24:18 - [MESSAGE][PASSED] - Object: 'Object Repository/OCS- FRENCH/Change link span 2' is clicked on

2019-07-02 16:24:18 - [TEST_STEP][PASSED] - delay(1): Delayed 1 second(s)

2019-07-02 16:24:19 - [MESSAGE][PASSED] - Delayed 1 second(s)

2019-07-02 16:24:19 - [TEST_STEP][PASSED] - executeJavaScript("var previewBar = document.getElementById("preview-bar-iframe"); previewBar.style.display = "none";", []): Execute JavaScript 'var previewBar = document.getElementById("preview-bar-iframe"); previewBar.style.display = "none";' successfully

2019-07-02 16:24:19 - [MESSAGE][PASSED] - Execute JavaScript 'var previewBar = document.getElementById("preview-bar-iframe"); previewBar.style.display = "none";' successfully

2019-07-02 16:24:19 - [TEST_STEP][PASSED] - delay(1): Delayed 1 second(s)

2019-07-02 16:24:20 - [MESSAGE][PASSED] - Delayed 1 second(s)

2019-07-02 16:24:20 - [TEST_STEP][PASSED] - click(findTestObject("OCS- FRENCH/Page_Ontario Cannabis Store - Livra/button_Continuer vers le moyen")): Object: 'Object Repository/OCS- FRENCH/Page_Ontario Cannabis Store - Livra/button_Continuer vers le moyen' is clicked on

2019-07-02 16:24:29 - [MESSAGE][PASSED] - Object: 'Object Repository/OCS- FRENCH/Page_Ontario Cannabis Store - Livra/button_Continuer vers le moyen' is clicked on

2019-07-02 16:24:29 - [TEST_STEP][PASSED] - delay(1): Delayed 1 second(s)

2019-07-02 16:24:30 - [MESSAGE][PASSED] - Delayed 1 second(s)

2019-07-02 16:24:30 - [TEST_STEP][FAILED] - click(findTestObject("OCS- FRENCH/REturn to shipping page")): click(findTestObject("OCS- FRENCH/REturn to shipping page")) FAILED.
Reason:
com.kms.katalon.core.exception.StepFailedException: Unable to click on object 'Object Repository/OCS- FRENCH/REturn to shipping page' (Root cause: org.openqa.selenium.WebDriverException: unknown error: Element <span class="step__footer__previous-link-content">...</span> is not clickable at point (249, 652). Other element would receive the click: <iframe title="Preview Bar" id="preview-bar-iframe" src="https://ocs.ca/preview_bar" sandbox="allow-same-origin allow-scripts" style="position: fixed; bottom: 0px; left: 0px; z-index: 2147483647; width: 100%; border: none; box-shadow: rgba(0, 0, 0, 0.2) 0px -1px 3px; overflow: hidden; transform: translateY(0px); transition: transform 300ms ease 0s; height: 92px;"></iframe>
  (Session info: chrome=75.0.3770.100)
  (Driver info: chromedriver=2.43.600229 (3fae4d0cda5334b4f533bede5a4787f7b832d052),platform=Mac OS X 10.13.6 x86_64) (WARNING: The server did not provide any stacktrace information)
Command duration or timeout: 0 milliseconds
Build info: version: '3.7.1', revision: '8a0099a', time: '2017-11-06T21:07:36.161Z'
System info: host: 'sumans-MacBook-Pro.local', ip: 'fe80:0:0:0:98:5ae9:edb9:537f%en0', os.name: 'Mac OS X', os.arch: 'x86_64', os.version: '10.13.6', java.version: '1.8.0_181'
Driver info: com.kms.katalon.selenium.driver.CChromeDriver
Capabilities {acceptInsecureCerts: false, acceptSslCerts: false, applicationCacheEnabled: false, browserConnectionEnabled: false, browserName: chrome, chrome: {chromedriverVersion: 2.43.600229 (3fae4d0cda5334..., userDataDir: /var/folders/1t/c55l8xzs6gq...}, cssSelectorsEnabled: true, databaseEnabled: false, goog:chromeOptions: {debuggerAddress: localhost:57452}, handlesAlerts: true, hasTouchScreen: false, javascriptEnabled: true, locationContextEnabled: true, mobileEmulationEnabled: false, nativeEvents: true, networkConnectionEnabled: false, pageLoadStrategy: normal, platform: MAC, platformName: MAC, rotatable: false, setWindowRect: true, takesHeapSnapshot: true, takesScreenshot: true, unexpectedAlertBehaviour: , unhandledPromptBehavior: , version: 75.0.3770.100, webStorageEnabled: true}
Session ID: ed49f96a068c775eb3cbfc05aad04c5c)
	at com.kms.katalon.core.keyword.internal.KeywordMain.stepFailed(KeywordMain.groovy:36)
	at com.kms.katalon.core.webui.keyword.internal.WebUIKeywordMain.stepFailed(WebUIKeywordMain.groovy:65)
	at com.kms.katalon.core.webui.keyword.internal.WebUIKeywordMain.runKeyword(WebUIKeywordMain.groovy:27)
	at com.kms.katalon.core.webui.keyword.builtin.ClickKeyword.click(ClickKeyword.groovy:86)
	at com.kms.katalon.core.webui.keyword.builtin.ClickKeyword.execute(ClickKeyword.groovy:67)
	at com.kms.katalon.core.keyword.internal.KeywordExecutor.executeKeywordForPlatform(KeywordExecutor.groovy:53)
	at com.kms.katalon.core.webui.keyword.WebUiBuiltInKeywords.click(WebUiBuiltInKeywords.groovy:616)
	at com.kms.katalon.core.webui.keyword.WebUiBuiltInKeywords$click$4.call(Unknown Source)
	at Checkout - Payment - fr.run(Checkout - Payment - fr:125)
	at com.kms.katalon.core.main.ScriptEngine.run(ScriptEngine.java:194)
	at com.kms.katalon.core.main.ScriptEngine.runScriptAsRawText(ScriptEngine.java:119)
	at com.kms.katalon.core.main.TestCaseExecutor.runScript(TestCaseExecutor.java:328)
	at com.kms.katalon.core.main.TestCaseExecutor.doExecute(TestCaseExecutor.java:319)
	at com.kms.katalon.core.main.TestCaseExecutor.processExecutionPhase(TestCaseExecutor.java:298)
	at com.kms.katalon.core.main.TestCaseExecutor.accessMainPhase(TestCaseExecutor.java:290)
	at com.kms.katalon.core.main.TestCaseExecutor.execute(TestCaseExecutor.java:224)
	at com.kms.katalon.core.main.TestSuiteExecutor.accessTestCaseMainPhase(TestSuiteExecutor.java:129)
	at com.kms.katalon.core.main.TestSuiteExecutor.accessTestSuiteMainPhase(TestSuiteExecutor.java:112)
	at com.kms.katalon.core.main.TestSuiteExecutor.execute(TestSuiteExecutor.java:81)
	at com.kms.katalon.core.main.TestCaseMain.startTestSuite(TestCaseMain.java:149)
	at com.kms.katalon.core.main.TestCaseMain$startTestSuite$0.call(Unknown Source)
	at TempTestSuite1562098461396.run(TempTestSuite1562098461396.groovy:36)


2019-07-02 16:24:30 - [MESSAGE][FAILED] - Unable to click on object 'Object Repository/OCS- FRENCH/REturn to shipping page' (Root cause: org.openqa.selenium.WebDriverException: unknown error: Element <span class="step__footer__previous-link-content">...</span> is not clickable at point (249, 652). Other element would receive the click: <iframe title="Preview Bar" id="preview-bar-iframe" src="https://ocs.ca/preview_bar" sandbox="allow-same-origin allow-scripts" style="position: fixed; bottom: 0px; left: 0px; z-index: 2147483647; width: 100%; border: none; box-shadow: rgba(0, 0, 0, 0.2) 0px -1px 3px; overflow: hidden; transform: translateY(0px); transition: transform 300ms ease 0s; height: 92px;"></iframe>
  (Session info: chrome=75.0.3770.100)
  (Driver info: chromedriver=2.43.600229 (3fae4d0cda5334b4f533bede5a4787f7b832d052),platform=Mac OS X 10.13.6 x86_64) (WARNING: The server did not provide any stacktrace information)
Command duration or timeout: 0 milliseconds
Build info: version: '3.7.1', revision: '8a0099a', time: '2017-11-06T21:07:36.161Z'
System info: host: 'sumans-MacBook-Pro.local', ip: 'fe80:0:0:0:98:5ae9:edb9:537f%en0', os.name: 'Mac OS X', os.arch: 'x86_64', os.version: '10.13.6', java.version: '1.8.0_181'
Driver info: com.kms.katalon.selenium.driver.CChromeDriver
Capabilities {acceptInsecureCerts: false, acceptSslCerts: false, applicationCacheEnabled: false, browserConnectionEnabled: false, browserName: chrome, chrome: {chromedriverVersion: 2.43.600229 (3fae4d0cda5334..., userDataDir: /var/folders/1t/c55l8xzs6gq...}, cssSelectorsEnabled: true, databaseEnabled: false, goog:chromeOptions: {debuggerAddress: localhost:57452}, handlesAlerts: true, hasTouchScreen: false, javascriptEnabled: true, locationContextEnabled: true, mobileEmulationEnabled: false, nativeEvents: true, networkConnectionEnabled: false, pageLoadStrategy: normal, platform: MAC, platformName: MAC, rotatable: false, setWindowRect: true, takesHeapSnapshot: true, takesScreenshot: true, unexpectedAlertBehaviour: , unhandledPromptBehavior: , version: 75.0.3770.100, webStorageEnabled: true}
Session ID: ed49f96a068c775eb3cbfc05aad04c5c)
[[ATTACHMENT|/Users/sumankompelly/Relative xpath-Mobile/Reports/1.11.1/20190702_161421/1562099070143.png]]

2019-07-02 16:24:30 - [MESSAGE][FAILED] - click(findTestObject("OCS- FRENCH/REturn to shipping page")) FAILED.
Reason:
com.kms.katalon.core.exception.StepFailedException: Unable to click on object 'Object Repository/OCS- FRENCH/REturn to shipping page' (Root cause: org.openqa.selenium.WebDriverException: unknown error: Element <span class="step__footer__previous-link-content">...</span> is not clickable at point (249, 652). Other element would receive the click: <iframe title="Preview Bar" id="preview-bar-iframe" src="https://ocs.ca/preview_bar" sandbox="allow-same-origin allow-scripts" style="position: fixed; bottom: 0px; left: 0px; z-index: 2147483647; width: 100%; border: none; box-shadow: rgba(0, 0, 0, 0.2) 0px -1px 3px; overflow: hidden; transform: translateY(0px); transition: transform 300ms ease 0s; height: 92px;"></iframe>
  (Session info: chrome=75.0.3770.100)
  (Driver info: chromedriver=2.43.600229 (3fae4d0cda5334b4f533bede5a4787f7b832d052),platform=Mac OS X 10.13.6 x86_64) (WARNING: The server did not provide any stacktrace information)
Command duration or timeout: 0 milliseconds
Build info: version: '3.7.1', revision: '8a0099a', time: '2017-11-06T21:07:36.161Z'
System info: host: 'sumans-MacBook-Pro.local', ip: 'fe80:0:0:0:98:5ae9:edb9:537f%en0', os.name: 'Mac OS X', os.arch: 'x86_64', os.version: '10.13.6', java.version: '1.8.0_181'
Driver info: com.kms.katalon.selenium.driver.CChromeDriver
Capabilities {acceptInsecureCerts: false, acceptSslCerts: false, applicationCacheEnabled: false, browserConnectionEnabled: false, browserName: chrome, chrome: {chromedriverVersion: 2.43.600229 (3fae4d0cda5334..., userDataDir: /var/folders/1t/c55l8xzs6gq...}, cssSelectorsEnabled: true, databaseEnabled: false, goog:chromeOptions: {debuggerAddress: localhost:57452}, handlesAlerts: true, hasTouchScreen: false, javascriptEnabled: true, locationContextEnabled: true, mobileEmulationEnabled: false, nativeEvents: true, networkConnectionEnabled: false, pageLoadStrategy: normal, platform: MAC, platformName: MAC, rotatable: false, setWindowRect: true, takesHeapSnapshot: true, takesScreenshot: true, unexpectedAlertBehaviour: , unhandledPromptBehavior: , version: 75.0.3770.100, webStorageEnabled: true}
Session ID: ed49f96a068c775eb3cbfc05aad04c5c)
	at com.kms.katalon.core.keyword.internal.KeywordMain.stepFailed(KeywordMain.groovy:36)
	at com.kms.katalon.core.webui.keyword.internal.WebUIKeywordMain.stepFailed(WebUIKeywordMain.groovy:65)
	at com.kms.katalon.core.webui.keyword.internal.WebUIKeywordMain.runKeyword(WebUIKeywordMain.groovy:27)
	at com.kms.katalon.core.webui.keyword.builtin.ClickKeyword.click(ClickKeyword.groovy:86)
	at com.kms.katalon.core.webui.keyword.builtin.ClickKeyword.execute(ClickKeyword.groovy:67)
	at com.kms.katalon.core.keyword.internal.KeywordExecutor.executeKeywordForPlatform(KeywordExecutor.groovy:53)
	at com.kms.katalon.core.webui.keyword.WebUiBuiltInKeywords.click(WebUiBuiltInKeywords.groovy:616)
	at com.kms.katalon.core.webui.keyword.WebUiBuiltInKeywords$click$4.call(Unknown Source)
	at Checkout - Payment - fr.run(Checkout - Payment - fr:125)
	at com.kms.katalon.core.main.ScriptEngine.run(ScriptEngine.java:194)
	at com.kms.katalon.core.main.ScriptEngine.runScriptAsRawText(ScriptEngine.java:119)
	at com.kms.katalon.core.main.TestCaseExecutor.runScript(TestCaseExecutor.java:328)
	at com.kms.katalon.core.main.TestCaseExecutor.doExecute(TestCaseExecutor.java:319)
	at com.kms.katalon.core.main.TestCaseExecutor.processExecutionPhase(TestCaseExecutor.java:298)
	at com.kms.katalon.core.main.TestCaseExecutor.accessMainPhase(TestCaseExecutor.java:290)
	at com.kms.katalon.core.main.TestCaseExecutor.execute(TestCaseExecutor.java:224)
	at com.kms.katalon.core.main.TestSuiteExecutor.accessTestCaseMainPhase(TestSuiteExecutor.java:129)
	at com.kms.katalon.core.main.TestSuiteExecutor.accessTestSuiteMainPhase(TestSuiteExecutor.java:112)
	at com.kms.katalon.core.main.TestSuiteExecutor.execute(TestSuiteExecutor.java:81)
	at com.kms.katalon.core.main.TestCaseMain.startTestSuite(TestCaseMain.java:149)
	at com.kms.katalon.core.main.TestCaseMain$startTestSuite$0.call(Unknown Source)
	at TempTestSuite1562098461396.run(TempTestSuite1562098461396.groovy:36)]]></system-out>
         <system-err><![CDATA[2019-07-02 16:22:00 - [TEST_CASE][FAILED] - Test Cases/OCS- FRENCH/CRITICAL PATH/Checkout - Payment - fr: Test Cases/OCS- FRENCH/CRITICAL PATH/Checkout - Payment - fr FAILED.
Reason:
com.kms.katalon.core.exception.StepFailedException: Unable to click on object 'Object Repository/OCS- FRENCH/REturn to shipping page' (Root cause: org.openqa.selenium.WebDriverException: unknown error: Element <span class="step__footer__previous-link-content">...</span> is not clickable at point (249, 652). Other element would receive the click: <iframe title="Preview Bar" id="preview-bar-iframe" src="https://ocs.ca/preview_bar" sandbox="allow-same-origin allow-scripts" style="position: fixed; bottom: 0px; left: 0px; z-index: 2147483647; width: 100%; border: none; box-shadow: rgba(0, 0, 0, 0.2) 0px -1px 3px; overflow: hidden; transform: translateY(0px); transition: transform 300ms ease 0s; height: 92px;"></iframe>
  (Session info: chrome=75.0.3770.100)
  (Driver info: chromedriver=2.43.600229 (3fae4d0cda5334b4f533bede5a4787f7b832d052),platform=Mac OS X 10.13.6 x86_64) (WARNING: The server did not provide any stacktrace information)
Command duration or timeout: 0 milliseconds
Build info: version: '3.7.1', revision: '8a0099a', time: '2017-11-06T21:07:36.161Z'
System info: host: 'sumans-MacBook-Pro.local', ip: 'fe80:0:0:0:98:5ae9:edb9:537f%en0', os.name: 'Mac OS X', os.arch: 'x86_64', os.version: '10.13.6', java.version: '1.8.0_181'
Driver info: com.kms.katalon.selenium.driver.CChromeDriver
Capabilities {acceptInsecureCerts: false, acceptSslCerts: false, applicationCacheEnabled: false, browserConnectionEnabled: false, browserName: chrome, chrome: {chromedriverVersion: 2.43.600229 (3fae4d0cda5334..., userDataDir: /var/folders/1t/c55l8xzs6gq...}, cssSelectorsEnabled: true, databaseEnabled: false, goog:chromeOptions: {debuggerAddress: localhost:57452}, handlesAlerts: true, hasTouchScreen: false, javascriptEnabled: true, locationContextEnabled: true, mobileEmulationEnabled: false, nativeEvents: true, networkConnectionEnabled: false, pageLoadStrategy: normal, platform: MAC, platformName: MAC, rotatable: false, setWindowRect: true, takesHeapSnapshot: true, takesScreenshot: true, unexpectedAlertBehaviour: , unhandledPromptBehavior: , version: 75.0.3770.100, webStorageEnabled: true}
Session ID: ed49f96a068c775eb3cbfc05aad04c5c)
	at com.kms.katalon.core.keyword.internal.KeywordMain.stepFailed(KeywordMain.groovy:36)
	at com.kms.katalon.core.webui.keyword.internal.WebUIKeywordMain.stepFailed(WebUIKeywordMain.groovy:65)
	at com.kms.katalon.core.webui.keyword.internal.WebUIKeywordMain.runKeyword(WebUIKeywordMain.groovy:27)
	at com.kms.katalon.core.webui.keyword.builtin.ClickKeyword.click(ClickKeyword.groovy:86)
	at com.kms.katalon.core.webui.keyword.builtin.ClickKeyword.execute(ClickKeyword.groovy:67)
	at com.kms.katalon.core.keyword.internal.KeywordExecutor.executeKeywordForPlatform(KeywordExecutor.groovy:53)
	at com.kms.katalon.core.webui.keyword.WebUiBuiltInKeywords.click(WebUiBuiltInKeywords.groovy:616)
	at com.kms.katalon.core.webui.keyword.WebUiBuiltInKeywords$click$4.call(Unknown Source)
	at Checkout - Payment - fr.run(Checkout - Payment - fr:125)
	at com.kms.katalon.core.main.ScriptEngine.run(ScriptEngine.java:194)
	at com.kms.katalon.core.main.ScriptEngine.runScriptAsRawText(ScriptEngine.java:119)
	at com.kms.katalon.core.main.TestCaseExecutor.runScript(TestCaseExecutor.java:328)
	at com.kms.katalon.core.main.TestCaseExecutor.doExecute(TestCaseExecutor.java:319)
	at com.kms.katalon.core.main.TestCaseExecutor.processExecutionPhase(TestCaseExecutor.java:298)
	at com.kms.katalon.core.main.TestCaseExecutor.accessMainPhase(TestCaseExecutor.java:290)
	at com.kms.katalon.core.main.TestCaseExecutor.execute(TestCaseExecutor.java:224)
	at com.kms.katalon.core.main.TestSuiteExecutor.accessTestCaseMainPhase(TestSuiteExecutor.java:129)
	at com.kms.katalon.core.main.TestSuiteExecutor.accessTestSuiteMainPhase(TestSuiteExecutor.java:112)
	at com.kms.katalon.core.main.TestSuiteExecutor.execute(TestSuiteExecutor.java:81)
	at com.kms.katalon.core.main.TestCaseMain.startTestSuite(TestCaseMain.java:149)
	at com.kms.katalon.core.main.TestCaseMain$startTestSuite$0.call(Unknown Source)
	at TempTestSuite1562098461396.run(TempTestSuite1562098461396.groovy:36)]]></system-err>
      </testcase>
      <testcase name="Test Cases/OCS- FRENCH/CRITICAL PATH/Chcekout - Customer info page - fr" classname="Test Cases/OCS- FRENCH/CRITICAL PATH/Chcekout - Customer info page - fr" status="FAILED">
         <failure type="FAILED" message="Test Cases/OCS- FRENCH/CRITICAL PATH/Chcekout - Customer info page - fr FAILED.
Reason:
com.kms.katalon.core.exception.StepFailedException: Unable to click on object 'Object Repository/OCS-MOBILE /Cart flyout/Checkbox_I confirm that' (Root cause: org.openqa.selenium.ElementNotVisibleException: element not interactable
  (Session info: chrome=75.0.3770.100)
  (Driver info: chromedriver=2.43.600229 (3fae4d0cda5334b4f533bede5a4787f7b832d052),platform=Mac OS X 10.13.6 x86_64) (WARNING: The server did not provide any stacktrace information)
Command duration or timeout: 0 milliseconds
Build info: version: '3.7.1', revision: '8a0099a', time: '2017-11-06T21:07:36.161Z'
System info: host: 'sumans-MacBook-Pro.local', ip: 'fe80:0:0:0:98:5ae9:edb9:537f%en0', os.name: 'Mac OS X', os.arch: 'x86_64', os.version: '10.13.6', java.version: '1.8.0_181'
Driver info: com.kms.katalon.selenium.driver.CChromeDriver
Capabilities {acceptInsecureCerts: false, acceptSslCerts: false, applicationCacheEnabled: false, browserConnectionEnabled: false, browserName: chrome, chrome: {chromedriverVersion: 2.43.600229 (3fae4d0cda5334..., userDataDir: /var/folders/1t/c55l8xzs6gq...}, cssSelectorsEnabled: true, databaseEnabled: false, goog:chromeOptions: {debuggerAddress: localhost:58114}, handlesAlerts: true, hasTouchScreen: false, javascriptEnabled: true, locationContextEnabled: true, mobileEmulationEnabled: false, nativeEvents: true, networkConnectionEnabled: false, pageLoadStrategy: normal, platform: MAC, platformName: MAC, rotatable: false, setWindowRect: true, takesHeapSnapshot: true, takesScreenshot: true, unexpectedAlertBehaviour: , unhandledPromptBehavior: , version: 75.0.3770.100, webStorageEnabled: true}
Session ID: 9fbf4e16f4e7bc899beb633cb5fc5a35)
	at com.kms.katalon.core.keyword.internal.KeywordMain.stepFailed(KeywordMain.groovy:36)
	at com.kms.katalon.core.webui.keyword.internal.WebUIKeywordMain.stepFailed(WebUIKeywordMain.groovy:65)
	at com.kms.katalon.core.webui.keyword.internal.WebUIKeywordMain.runKeyword(WebUIKeywordMain.groovy:27)
	at com.kms.katalon.core.webui.keyword.builtin.ClickKeyword.click(ClickKeyword.groovy:86)
	at com.kms.katalon.core.webui.keyword.builtin.ClickKeyword.execute(ClickKeyword.groovy:67)
	at com.kms.katalon.core.keyword.internal.KeywordExecutor.executeKeywordForPlatform(KeywordExecutor.groovy:53)
	at com.kms.katalon.core.webui.keyword.WebUiBuiltInKeywords.click(WebUiBuiltInKeywords.groovy:616)
	at com.kms.katalon.core.webui.keyword.WebUiBuiltInKeywords$click$4.call(Unknown Source)
	at Chcekout - Customer info page - fr.run(Chcekout - Customer info page - fr:66)
	at com.kms.katalon.core.main.ScriptEngine.run(ScriptEngine.java:194)
	at com.kms.katalon.core.main.ScriptEngine.runScriptAsRawText(ScriptEngine.java:119)
	at com.kms.katalon.core.main.TestCaseExecutor.runScript(TestCaseExecutor.java:328)
	at com.kms.katalon.core.main.TestCaseExecutor.doExecute(TestCaseExecutor.java:319)
	at com.kms.katalon.core.main.TestCaseExecutor.processExecutionPhase(TestCaseExecutor.java:298)
	at com.kms.katalon.core.main.TestCaseExecutor.accessMainPhase(TestCaseExecutor.java:290)
	at com.kms.katalon.core.main.TestCaseExecutor.execute(TestCaseExecutor.java:224)
	at com.kms.katalon.core.main.TestSuiteExecutor.accessTestCaseMainPhase(TestSuiteExecutor.java:129)
	at com.kms.katalon.core.main.TestSuiteExecutor.accessTestSuiteMainPhase(TestSuiteExecutor.java:112)
	at com.kms.katalon.core.main.TestSuiteExecutor.execute(TestSuiteExecutor.java:81)
	at com.kms.katalon.core.main.TestCaseMain.startTestSuite(TestCaseMain.java:149)
	at com.kms.katalon.core.main.TestCaseMain$startTestSuite$0.call(Unknown Source)
	at TempTestSuite1562098461396.run(TempTestSuite1562098461396.groovy:36)
"/>
         <system-out><![CDATA[2019-07-02 16:24:30 - [TEST_CASE][FAILED] - Test Cases/OCS- FRENCH/CRITICAL PATH/Chcekout - Customer info page - fr: Test Cases/OCS- FRENCH/CRITICAL PATH/Chcekout - Customer info page - fr FAILED.
Reason:
com.kms.katalon.core.exception.StepFailedException: Unable to click on object 'Object Repository/OCS-MOBILE /Cart flyout/Checkbox_I confirm that' (Root cause: org.openqa.selenium.ElementNotVisibleException: element not interactable
  (Session info: chrome=75.0.3770.100)
  (Driver info: chromedriver=2.43.600229 (3fae4d0cda5334b4f533bede5a4787f7b832d052),platform=Mac OS X 10.13.6 x86_64) (WARNING: The server did not provide any stacktrace information)
Command duration or timeout: 0 milliseconds
Build info: version: '3.7.1', revision: '8a0099a', time: '2017-11-06T21:07:36.161Z'
System info: host: 'sumans-MacBook-Pro.local', ip: 'fe80:0:0:0:98:5ae9:edb9:537f%en0', os.name: 'Mac OS X', os.arch: 'x86_64', os.version: '10.13.6', java.version: '1.8.0_181'
Driver info: com.kms.katalon.selenium.driver.CChromeDriver
Capabilities {acceptInsecureCerts: false, acceptSslCerts: false, applicationCacheEnabled: false, browserConnectionEnabled: false, browserName: chrome, chrome: {chromedriverVersion: 2.43.600229 (3fae4d0cda5334..., userDataDir: /var/folders/1t/c55l8xzs6gq...}, cssSelectorsEnabled: true, databaseEnabled: false, goog:chromeOptions: {debuggerAddress: localhost:58114}, handlesAlerts: true, hasTouchScreen: false, javascriptEnabled: true, locationContextEnabled: true, mobileEmulationEnabled: false, nativeEvents: true, networkConnectionEnabled: false, pageLoadStrategy: normal, platform: MAC, platformName: MAC, rotatable: false, setWindowRect: true, takesHeapSnapshot: true, takesScreenshot: true, unexpectedAlertBehaviour: , unhandledPromptBehavior: , version: 75.0.3770.100, webStorageEnabled: true}
Session ID: 9fbf4e16f4e7bc899beb633cb5fc5a35)
	at com.kms.katalon.core.keyword.internal.KeywordMain.stepFailed(KeywordMain.groovy:36)
	at com.kms.katalon.core.webui.keyword.internal.WebUIKeywordMain.stepFailed(WebUIKeywordMain.groovy:65)
	at com.kms.katalon.core.webui.keyword.internal.WebUIKeywordMain.runKeyword(WebUIKeywordMain.groovy:27)
	at com.kms.katalon.core.webui.keyword.builtin.ClickKeyword.click(ClickKeyword.groovy:86)
	at com.kms.katalon.core.webui.keyword.builtin.ClickKeyword.execute(ClickKeyword.groovy:67)
	at com.kms.katalon.core.keyword.internal.KeywordExecutor.executeKeywordForPlatform(KeywordExecutor.groovy:53)
	at com.kms.katalon.core.webui.keyword.WebUiBuiltInKeywords.click(WebUiBuiltInKeywords.groovy:616)
	at com.kms.katalon.core.webui.keyword.WebUiBuiltInKeywords$click$4.call(Unknown Source)
	at Chcekout - Customer info page - fr.run(Chcekout - Customer info page - fr:66)
	at com.kms.katalon.core.main.ScriptEngine.run(ScriptEngine.java:194)
	at com.kms.katalon.core.main.ScriptEngine.runScriptAsRawText(ScriptEngine.java:119)
	at com.kms.katalon.core.main.TestCaseExecutor.runScript(TestCaseExecutor.java:328)
	at com.kms.katalon.core.main.TestCaseExecutor.doExecute(TestCaseExecutor.java:319)
	at com.kms.katalon.core.main.TestCaseExecutor.processExecutionPhase(TestCaseExecutor.java:298)
	at com.kms.katalon.core.main.TestCaseExecutor.accessMainPhase(TestCaseExecutor.java:290)
	at com.kms.katalon.core.main.TestCaseExecutor.execute(TestCaseExecutor.java:224)
	at com.kms.katalon.core.main.TestSuiteExecutor.accessTestCaseMainPhase(TestSuiteExecutor.java:129)
	at com.kms.katalon.core.main.TestSuiteExecutor.accessTestSuiteMainPhase(TestSuiteExecutor.java:112)
	at com.kms.katalon.core.main.TestSuiteExecutor.execute(TestSuiteExecutor.java:81)
	at com.kms.katalon.core.main.TestCaseMain.startTestSuite(TestCaseMain.java:149)
	at com.kms.katalon.core.main.TestCaseMain$startTestSuite$0.call(Unknown Source)
	at TempTestSuite1562098461396.run(TempTestSuite1562098461396.groovy:36)


2019-07-02 16:24:30 - [TEST_STEP][PASSED] - callTestCase(findTestCase("OCS - MOBILE/CALL - AGE GATE"), [:], STOP_ON_FAILURE): Call Test Case 'Test Cases/OCS - MOBILE/CALL - AGE GATE' successfully

2019-07-02 16:24:30 - [TEST_CASE][PASSED] - Test Cases/OCS - MOBILE/CALL - AGE GATE: Test Cases/OCS - MOBILE/CALL - AGE GATE

2019-07-02 16:24:30 - [TEST_STEP][PASSED] - openBrowser(""): Browser is opened with url: ''

2019-07-02 16:24:30 - [MESSAGE][WARNING] - A browser is already opened. Closing browser and opening a new one

2019-07-02 16:24:30 - [MESSAGE][INFO] - Starting 'Chrome' driver

2019-07-02 16:24:31 - [MESSAGE][PASSED] - Browser is opened with url: ''

2019-07-02 16:24:31 - [TEST_STEP][PASSED] - navigateToUrl("https://ocs.ca/?fts=0&preview_theme_id=74203301708"): Navigate to 'https://ocs.ca/?fts=0&preview_theme_id=74203301708' successfully

2019-07-02 16:24:37 - [MESSAGE][PASSED] - Navigate to 'https://ocs.ca/?fts=0&preview_theme_id=74203301708' successfully

2019-07-02 16:24:37 - [TEST_STEP][PASSED] - executeJavaScript("var previewBar = document.getElementById("preview-bar-iframe"); previewBar.style.display = "none";", []): Execute JavaScript 'var previewBar = document.getElementById("preview-bar-iframe"); previewBar.style.display = "none";' successfully

2019-07-02 16:24:37 - [MESSAGE][PASSED] - Execute JavaScript 'var previewBar = document.getElementById("preview-bar-iframe"); previewBar.style.display = "none";' successfully

2019-07-02 16:24:37 - [TEST_STEP][PASSED] - setViewPortSize(360, 800): Viewport is set to new size with width = 360 and height = 800

2019-07-02 16:24:37 - [MESSAGE][PASSED] - Viewport is set to new size with width = 360 and height = 800

2019-07-02 16:24:37 - [TEST_STEP][PASSED] - delay(4): Delayed 4 second(s)

2019-07-02 16:24:41 - [MESSAGE][PASSED] - Delayed 4 second(s)

2019-07-02 16:24:41 - [TEST_STEP][PASSED] - selectOptionByValue(findTestObject("OCS-MOBILE /Age gate and burger menu/Date"), "12", true): All options with value '12' are selected in object 'Object Repository/OCS-MOBILE /Age gate and burger menu/Date'  using regular expression

2019-07-02 16:24:42 - [MESSAGE][PASSED] - All options with value '12' are selected in object 'Object Repository/OCS-MOBILE /Age gate and burger menu/Date'  using regular expression

2019-07-02 16:24:42 - [TEST_STEP][PASSED] - selectOptionByValue(findTestObject("OCS-MOBILE /Age gate and burger menu/month"), "6", true): All options with value '6' are selected in object 'Object Repository/OCS-MOBILE /Age gate and burger menu/month'  using regular expression

2019-07-02 16:24:42 - [MESSAGE][PASSED] - All options with value '6' are selected in object 'Object Repository/OCS-MOBILE /Age gate and burger menu/month'  using regular expression

2019-07-02 16:24:42 - [TEST_STEP][PASSED] - delay(2): Delayed 2 second(s)

2019-07-02 16:24:44 - [MESSAGE][PASSED] - Delayed 2 second(s)

2019-07-02 16:24:44 - [TEST_STEP][PASSED] - selectOptionByValue(findTestObject("OCS-MOBILE /Age gate and burger menu/Year Dropdown"), "1990", true): All options with value '1990' are selected in object 'Object Repository/OCS-MOBILE /Age gate and burger menu/Year Dropdown'  using regular expression

2019-07-02 16:24:45 - [MESSAGE][PASSED] - All options with value '1990' are selected in object 'Object Repository/OCS-MOBILE /Age gate and burger menu/Year Dropdown'  using regular expression

2019-07-02 16:24:45 - [TEST_STEP][PASSED] - click(findTestObject("OCS-MOBILE /Age gate and Mega menu/button_Verify")): Object: 'Object Repository/OCS-MOBILE /Age gate and Mega menu/button_Verify' is clicked on

2019-07-02 16:24:45 - [MESSAGE][PASSED] - Object: 'Object Repository/OCS-MOBILE /Age gate and Mega menu/button_Verify' is clicked on

2019-07-02 16:24:45 - [TEST_STEP][PASSED] - click(findTestObject("OCS-MOBILE /Age gate and Mega menu/Checkbox_CONFIRM AND ACKNOWLEDGE")): Object: 'Object Repository/OCS-MOBILE /Age gate and Mega menu/Checkbox_CONFIRM AND ACKNOWLEDGE' is clicked on

2019-07-02 16:24:45 - [MESSAGE][PASSED] - Object: 'Object Repository/OCS-MOBILE /Age gate and Mega menu/Checkbox_CONFIRM AND ACKNOWLEDGE' is clicked on

2019-07-02 16:24:45 - [TEST_STEP][PASSED] - click(findTestObject("OCS-MOBILE /Age gate and Mega menu/button_CONFIRM")): Object: 'Object Repository/OCS-MOBILE /Age gate and Mega menu/button_CONFIRM' is clicked on

2019-07-02 16:24:45 - [MESSAGE][PASSED] - Object: 'Object Repository/OCS-MOBILE /Age gate and Mega menu/button_CONFIRM' is clicked on

2019-07-02 16:24:45 - [TEST_STEP][PASSED] - click(findTestObject("OCS-MOBILE /Age gate and Mega menu/button_Start Browsing")): Object: 'Object Repository/OCS-MOBILE /Age gate and Mega menu/button_Start Browsing' is clicked on

2019-07-02 16:24:45 - [MESSAGE][PASSED] - Object: 'Object Repository/OCS-MOBILE /Age gate and Mega menu/button_Start Browsing' is clicked on

2019-07-02 16:24:45 - [TEST_STEP][PASSED] - refresh(): Refresh successfully

2019-07-02 16:24:50 - [MESSAGE][PASSED] - Refresh successfully

2019-07-02 16:24:50 - [TEST_STEP][PASSED] - executeJavaScript("var previewBar = document.getElementById("preview-bar-iframe"); previewBar.style.display = "none";", []): Execute JavaScript 'var previewBar = document.getElementById("preview-bar-iframe"); previewBar.style.display = "none";' successfully

2019-07-02 16:24:50 - [MESSAGE][PASSED] - Execute JavaScript 'var previewBar = document.getElementById("preview-bar-iframe"); previewBar.style.display = "none";' successfully

2019-07-02 16:24:50 - [MESSAGE][PASSED] - Call Test Case 'Test Cases/OCS - MOBILE/CALL - AGE GATE' successfully

2019-07-02 16:24:50 - [TEST_STEP][PASSED] - callTestCase(findTestCase("OCS - MOBILE/CALL- TOGGLING LANGUAGE"), [:], STOP_ON_FAILURE): Call Test Case 'Test Cases/OCS - MOBILE/CALL- TOGGLING LANGUAGE' successfully

2019-07-02 16:24:50 - [TEST_CASE][PASSED] - Test Cases/OCS - MOBILE/CALL- TOGGLING LANGUAGE: Test Cases/OCS - MOBILE/CALL- TOGGLING LANGUAGE

2019-07-02 16:24:50 - [TEST_STEP][PASSED] - delay(2): Delayed 2 second(s)

2019-07-02 16:24:52 - [MESSAGE][PASSED] - Delayed 2 second(s)

2019-07-02 16:24:52 - [TEST_STEP][PASSED] - click(findTestObject("OCS-MOBILE /Age gate and burger menu/Burger menu - English")): Object: 'Object Repository/OCS-MOBILE /Age gate and burger menu/Burger menu - English' is clicked on

2019-07-02 16:24:52 - [MESSAGE][PASSED] - Object: 'Object Repository/OCS-MOBILE /Age gate and burger menu/Burger menu - English' is clicked on

2019-07-02 16:24:52 - [TEST_STEP][PASSED] - delay(2): Delayed 2 second(s)

2019-07-02 16:24:54 - [MESSAGE][PASSED] - Delayed 2 second(s)

2019-07-02 16:24:54 - [TEST_STEP][PASSED] - click(findTestObject("OCS-MOBILE /Cart flyout/English dropdown")): Object: 'Object Repository/OCS-MOBILE /Cart flyout/English dropdown' is clicked on

2019-07-02 16:24:54 - [MESSAGE][PASSED] - Object: 'Object Repository/OCS-MOBILE /Cart flyout/English dropdown' is clicked on

2019-07-02 16:24:54 - [TEST_STEP][PASSED] - delay(2): Delayed 2 second(s)

2019-07-02 16:24:56 - [MESSAGE][PASSED] - Delayed 2 second(s)

2019-07-02 16:24:56 - [TEST_STEP][PASSED] - executeJavaScript("var previewBar = document.getElementById("preview-bar-iframe"); previewBar.style.display = "none";", []): Execute JavaScript 'var previewBar = document.getElementById("preview-bar-iframe"); previewBar.style.display = "none";' successfully

2019-07-02 16:24:56 - [MESSAGE][PASSED] - Execute JavaScript 'var previewBar = document.getElementById("preview-bar-iframe"); previewBar.style.display = "none";' successfully

2019-07-02 16:24:56 - [TEST_STEP][PASSED] - click(findTestObject("OCS-MOBILE /Cart flyout/Select French")): Object: 'Object Repository/OCS-MOBILE /Cart flyout/Select French' is clicked on

2019-07-02 16:24:56 - [MESSAGE][PASSED] - Object: 'Object Repository/OCS-MOBILE /Cart flyout/Select French' is clicked on

2019-07-02 16:24:56 - [MESSAGE][PASSED] - Call Test Case 'Test Cases/OCS - MOBILE/CALL- TOGGLING LANGUAGE' successfully

2019-07-02 16:24:56 - [TEST_STEP][PASSED] - delay(2): Delayed 2 second(s)

2019-07-02 16:24:58 - [MESSAGE][PASSED] - Delayed 2 second(s)

2019-07-02 16:24:58 - [TEST_STEP][PASSED] - click(findTestObject("OCS-MOBILE /Age gate and burger menu/Burger menu - English")): Object: 'Object Repository/OCS-MOBILE /Age gate and burger menu/Burger menu - English' is clicked on

2019-07-02 16:25:05 - [MESSAGE][PASSED] - Object: 'Object Repository/OCS-MOBILE /Age gate and burger menu/Burger menu - English' is clicked on

2019-07-02 16:25:05 - [TEST_STEP][PASSED] - delay(2): Delayed 2 second(s)

2019-07-02 16:25:07 - [MESSAGE][PASSED] - Delayed 2 second(s)

2019-07-02 16:25:07 - [TEST_STEP][PASSED] - click(findTestObject("OCS-MOBILE /Age gate and burger menu/Chevron_Cannabis")): Object: 'Object Repository/OCS-MOBILE /Age gate and burger menu/Chevron_Cannabis' is clicked on

2019-07-02 16:25:08 - [MESSAGE][PASSED] - Object: 'Object Repository/OCS-MOBILE /Age gate and burger menu/Chevron_Cannabis' is clicked on

2019-07-02 16:25:08 - [TEST_STEP][PASSED] - delay(2): Delayed 2 second(s)

2019-07-02 16:25:10 - [MESSAGE][PASSED] - Delayed 2 second(s)

2019-07-02 16:25:10 - [TEST_STEP][PASSED] - click(findTestObject("OCS-MOBILE /Age gate and burger menu/Dried Flower_Plus icon")): Object: 'Object Repository/OCS-MOBILE /Age gate and burger menu/Dried Flower_Plus icon' is clicked on

2019-07-02 16:25:10 - [MESSAGE][PASSED] - Object: 'Object Repository/OCS-MOBILE /Age gate and burger menu/Dried Flower_Plus icon' is clicked on

2019-07-02 16:25:10 - [TEST_STEP][PASSED] - delay(2): Delayed 2 second(s)

2019-07-02 16:25:12 - [MESSAGE][PASSED] - Delayed 2 second(s)

2019-07-02 16:25:12 - [TEST_STEP][PASSED] - click(findTestObject("OCS- FRENCH/Indica Dominant_Menu item")): Object: 'Object Repository/OCS- FRENCH/Indica Dominant_Menu item' is clicked on

2019-07-02 16:25:15 - [MESSAGE][PASSED] - Object: 'Object Repository/OCS- FRENCH/Indica Dominant_Menu item' is clicked on

2019-07-02 16:25:15 - [TEST_STEP][PASSED] - executeJavaScript("var previewBar = document.getElementById("preview-bar-iframe"); previewBar.style.display = "none";", []): Execute JavaScript 'var previewBar = document.getElementById("preview-bar-iframe"); previewBar.style.display = "none";' successfully

2019-07-02 16:25:15 - [MESSAGE][PASSED] - Execute JavaScript 'var previewBar = document.getElementById("preview-bar-iframe"); previewBar.style.display = "none";' successfully

2019-07-02 16:25:15 - [TEST_STEP][PASSED] - delay(2): Delayed 2 second(s)

2019-07-02 16:25:17 - [MESSAGE][PASSED] - Delayed 2 second(s)

2019-07-02 16:25:17 - [TEST_STEP][PASSED] - click(findTestObject("OCS- FRENCH/Product image - 1st one")): Object: 'Object Repository/OCS- FRENCH/Product image - 1st one' is clicked on

2019-07-02 16:25:22 - [MESSAGE][PASSED] - Object: 'Object Repository/OCS- FRENCH/Product image - 1st one' is clicked on

2019-07-02 16:25:22 - [TEST_STEP][PASSED] - executeJavaScript("var previewBar = document.getElementById("preview-bar-iframe"); previewBar.style.display = "none";", []): Execute JavaScript 'var previewBar = document.getElementById("preview-bar-iframe"); previewBar.style.display = "none";' successfully

2019-07-02 16:25:22 - [MESSAGE][PASSED] - Execute JavaScript 'var previewBar = document.getElementById("preview-bar-iframe"); previewBar.style.display = "none";' successfully

2019-07-02 16:25:22 - [TEST_STEP][PASSED] - delay(2): Delayed 2 second(s)

2019-07-02 16:25:24 - [MESSAGE][PASSED] - Delayed 2 second(s)

2019-07-02 16:25:24 - [TEST_STEP][PASSED] - click(findTestObject("OCS-MOBILE /Product page/Swatch_1g")): Object: 'Object Repository/OCS-MOBILE /Product page/Swatch_1g' is clicked on

2019-07-02 16:25:24 - [MESSAGE][PASSED] - Object: 'Object Repository/OCS-MOBILE /Product page/Swatch_1g' is clicked on

2019-07-02 16:25:24 - [TEST_STEP][PASSED] - delay(2): Delayed 2 second(s)

2019-07-02 16:25:26 - [MESSAGE][PASSED] - Delayed 2 second(s)

2019-07-02 16:25:26 - [TEST_STEP][PASSED] - click(findTestObject("OCS-MOBILE /Product page/Quantity Increase - Button")): Object: 'Object Repository/OCS-MOBILE /Product page/Quantity Increase - Button' is clicked on

2019-07-02 16:25:26 - [MESSAGE][PASSED] - Object: 'Object Repository/OCS-MOBILE /Product page/Quantity Increase - Button' is clicked on

2019-07-02 16:25:26 - [TEST_STEP][PASSED] - delay(2): Delayed 2 second(s)

2019-07-02 16:25:28 - [MESSAGE][PASSED] - Delayed 2 second(s)

2019-07-02 16:25:28 - [TEST_STEP][PASSED] - click(findTestObject("OCS-MOBILE /Product page/Add to Bag-button")): Object: 'Object Repository/OCS-MOBILE /Product page/Add to Bag-button' is clicked on

2019-07-02 16:25:28 - [MESSAGE][PASSED] - Object: 'Object Repository/OCS-MOBILE /Product page/Add to Bag-button' is clicked on

2019-07-02 16:25:28 - [TEST_STEP][PASSED] - delay(1): Delayed 1 second(s)

2019-07-02 16:25:29 - [MESSAGE][PASSED] - Delayed 1 second(s)

2019-07-02 16:25:29 - [TEST_STEP][PASSED] - click(findTestObject("OCS-MOBILE /Home - page/Cart icon -bag")): Object: 'Object Repository/OCS-MOBILE /Home - page/Cart icon -bag' is clicked on

2019-07-02 16:25:29 - [MESSAGE][PASSED] - Object: 'Object Repository/OCS-MOBILE /Home - page/Cart icon -bag' is clicked on

2019-07-02 16:25:29 - [TEST_STEP][PASSED] - delay(2): Delayed 2 second(s)

2019-07-02 16:25:31 - [MESSAGE][PASSED] - Delayed 2 second(s)

2019-07-02 16:25:31 - [TEST_STEP][PASSED] - delay(1): Delayed 1 second(s)

2019-07-02 16:25:32 - [MESSAGE][PASSED] - Delayed 1 second(s)

2019-07-02 16:25:32 - [TEST_STEP][FAILED] - click(findTestObject("OCS-MOBILE /Cart flyout/Checkbox_I confirm that")): click(findTestObject("OCS-MOBILE /Cart flyout/Checkbox_I confirm that")) FAILED.
Reason:
com.kms.katalon.core.exception.StepFailedException: Unable to click on object 'Object Repository/OCS-MOBILE /Cart flyout/Checkbox_I confirm that' (Root cause: org.openqa.selenium.ElementNotVisibleException: element not interactable
  (Session info: chrome=75.0.3770.100)
  (Driver info: chromedriver=2.43.600229 (3fae4d0cda5334b4f533bede5a4787f7b832d052),platform=Mac OS X 10.13.6 x86_64) (WARNING: The server did not provide any stacktrace information)
Command duration or timeout: 0 milliseconds
Build info: version: '3.7.1', revision: '8a0099a', time: '2017-11-06T21:07:36.161Z'
System info: host: 'sumans-MacBook-Pro.local', ip: 'fe80:0:0:0:98:5ae9:edb9:537f%en0', os.name: 'Mac OS X', os.arch: 'x86_64', os.version: '10.13.6', java.version: '1.8.0_181'
Driver info: com.kms.katalon.selenium.driver.CChromeDriver
Capabilities {acceptInsecureCerts: false, acceptSslCerts: false, applicationCacheEnabled: false, browserConnectionEnabled: false, browserName: chrome, chrome: {chromedriverVersion: 2.43.600229 (3fae4d0cda5334..., userDataDir: /var/folders/1t/c55l8xzs6gq...}, cssSelectorsEnabled: true, databaseEnabled: false, goog:chromeOptions: {debuggerAddress: localhost:58114}, handlesAlerts: true, hasTouchScreen: false, javascriptEnabled: true, locationContextEnabled: true, mobileEmulationEnabled: false, nativeEvents: true, networkConnectionEnabled: false, pageLoadStrategy: normal, platform: MAC, platformName: MAC, rotatable: false, setWindowRect: true, takesHeapSnapshot: true, takesScreenshot: true, unexpectedAlertBehaviour: , unhandledPromptBehavior: , version: 75.0.3770.100, webStorageEnabled: true}
Session ID: 9fbf4e16f4e7bc899beb633cb5fc5a35)
	at com.kms.katalon.core.keyword.internal.KeywordMain.stepFailed(KeywordMain.groovy:36)
	at com.kms.katalon.core.webui.keyword.internal.WebUIKeywordMain.stepFailed(WebUIKeywordMain.groovy:65)
	at com.kms.katalon.core.webui.keyword.internal.WebUIKeywordMain.runKeyword(WebUIKeywordMain.groovy:27)
	at com.kms.katalon.core.webui.keyword.builtin.ClickKeyword.click(ClickKeyword.groovy:86)
	at com.kms.katalon.core.webui.keyword.builtin.ClickKeyword.execute(ClickKeyword.groovy:67)
	at com.kms.katalon.core.keyword.internal.KeywordExecutor.executeKeywordForPlatform(KeywordExecutor.groovy:53)
	at com.kms.katalon.core.webui.keyword.WebUiBuiltInKeywords.click(WebUiBuiltInKeywords.groovy:616)
	at com.kms.katalon.core.webui.keyword.WebUiBuiltInKeywords$click$4.call(Unknown Source)
	at Chcekout - Customer info page - fr.run(Chcekout - Customer info page - fr:66)
	at com.kms.katalon.core.main.ScriptEngine.run(ScriptEngine.java:194)
	at com.kms.katalon.core.main.ScriptEngine.runScriptAsRawText(ScriptEngine.java:119)
	at com.kms.katalon.core.main.TestCaseExecutor.runScript(TestCaseExecutor.java:328)
	at com.kms.katalon.core.main.TestCaseExecutor.doExecute(TestCaseExecutor.java:319)
	at com.kms.katalon.core.main.TestCaseExecutor.processExecutionPhase(TestCaseExecutor.java:298)
	at com.kms.katalon.core.main.TestCaseExecutor.accessMainPhase(TestCaseExecutor.java:290)
	at com.kms.katalon.core.main.TestCaseExecutor.execute(TestCaseExecutor.java:224)
	at com.kms.katalon.core.main.TestSuiteExecutor.accessTestCaseMainPhase(TestSuiteExecutor.java:129)
	at com.kms.katalon.core.main.TestSuiteExecutor.accessTestSuiteMainPhase(TestSuiteExecutor.java:112)
	at com.kms.katalon.core.main.TestSuiteExecutor.execute(TestSuiteExecutor.java:81)
	at com.kms.katalon.core.main.TestCaseMain.startTestSuite(TestCaseMain.java:149)
	at com.kms.katalon.core.main.TestCaseMain$startTestSuite$0.call(Unknown Source)
	at TempTestSuite1562098461396.run(TempTestSuite1562098461396.groovy:36)


2019-07-02 16:25:32 - [MESSAGE][FAILED] - Unable to click on object 'Object Repository/OCS-MOBILE /Cart flyout/Checkbox_I confirm that' (Root cause: org.openqa.selenium.ElementNotVisibleException: element not interactable
  (Session info: chrome=75.0.3770.100)
  (Driver info: chromedriver=2.43.600229 (3fae4d0cda5334b4f533bede5a4787f7b832d052),platform=Mac OS X 10.13.6 x86_64) (WARNING: The server did not provide any stacktrace information)
Command duration or timeout: 0 milliseconds
Build info: version: '3.7.1', revision: '8a0099a', time: '2017-11-06T21:07:36.161Z'
System info: host: 'sumans-MacBook-Pro.local', ip: 'fe80:0:0:0:98:5ae9:edb9:537f%en0', os.name: 'Mac OS X', os.arch: 'x86_64', os.version: '10.13.6', java.version: '1.8.0_181'
Driver info: com.kms.katalon.selenium.driver.CChromeDriver
Capabilities {acceptInsecureCerts: false, acceptSslCerts: false, applicationCacheEnabled: false, browserConnectionEnabled: false, browserName: chrome, chrome: {chromedriverVersion: 2.43.600229 (3fae4d0cda5334..., userDataDir: /var/folders/1t/c55l8xzs6gq...}, cssSelectorsEnabled: true, databaseEnabled: false, goog:chromeOptions: {debuggerAddress: localhost:58114}, handlesAlerts: true, hasTouchScreen: false, javascriptEnabled: true, locationContextEnabled: true, mobileEmulationEnabled: false, nativeEvents: true, networkConnectionEnabled: false, pageLoadStrategy: normal, platform: MAC, platformName: MAC, rotatable: false, setWindowRect: true, takesHeapSnapshot: true, takesScreenshot: true, unexpectedAlertBehaviour: , unhandledPromptBehavior: , version: 75.0.3770.100, webStorageEnabled: true}
Session ID: 9fbf4e16f4e7bc899beb633cb5fc5a35)
[[ATTACHMENT|/Users/sumankompelly/Relative xpath-Mobile/Reports/1.11.1/20190702_161421/1562099132725.png]]

2019-07-02 16:25:32 - [MESSAGE][FAILED] - click(findTestObject("OCS-MOBILE /Cart flyout/Checkbox_I confirm that")) FAILED.
Reason:
com.kms.katalon.core.exception.StepFailedException: Unable to click on object 'Object Repository/OCS-MOBILE /Cart flyout/Checkbox_I confirm that' (Root cause: org.openqa.selenium.ElementNotVisibleException: element not interactable
  (Session info: chrome=75.0.3770.100)
  (Driver info: chromedriver=2.43.600229 (3fae4d0cda5334b4f533bede5a4787f7b832d052),platform=Mac OS X 10.13.6 x86_64) (WARNING: The server did not provide any stacktrace information)
Command duration or timeout: 0 milliseconds
Build info: version: '3.7.1', revision: '8a0099a', time: '2017-11-06T21:07:36.161Z'
System info: host: 'sumans-MacBook-Pro.local', ip: 'fe80:0:0:0:98:5ae9:edb9:537f%en0', os.name: 'Mac OS X', os.arch: 'x86_64', os.version: '10.13.6', java.version: '1.8.0_181'
Driver info: com.kms.katalon.selenium.driver.CChromeDriver
Capabilities {acceptInsecureCerts: false, acceptSslCerts: false, applicationCacheEnabled: false, browserConnectionEnabled: false, browserName: chrome, chrome: {chromedriverVersion: 2.43.600229 (3fae4d0cda5334..., userDataDir: /var/folders/1t/c55l8xzs6gq...}, cssSelectorsEnabled: true, databaseEnabled: false, goog:chromeOptions: {debuggerAddress: localhost:58114}, handlesAlerts: true, hasTouchScreen: false, javascriptEnabled: true, locationContextEnabled: true, mobileEmulationEnabled: false, nativeEvents: true, networkConnectionEnabled: false, pageLoadStrategy: normal, platform: MAC, platformName: MAC, rotatable: false, setWindowRect: true, takesHeapSnapshot: true, takesScreenshot: true, unexpectedAlertBehaviour: , unhandledPromptBehavior: , version: 75.0.3770.100, webStorageEnabled: true}
Session ID: 9fbf4e16f4e7bc899beb633cb5fc5a35)
	at com.kms.katalon.core.keyword.internal.KeywordMain.stepFailed(KeywordMain.groovy:36)
	at com.kms.katalon.core.webui.keyword.internal.WebUIKeywordMain.stepFailed(WebUIKeywordMain.groovy:65)
	at com.kms.katalon.core.webui.keyword.internal.WebUIKeywordMain.runKeyword(WebUIKeywordMain.groovy:27)
	at com.kms.katalon.core.webui.keyword.builtin.ClickKeyword.click(ClickKeyword.groovy:86)
	at com.kms.katalon.core.webui.keyword.builtin.ClickKeyword.execute(ClickKeyword.groovy:67)
	at com.kms.katalon.core.keyword.internal.KeywordExecutor.executeKeywordForPlatform(KeywordExecutor.groovy:53)
	at com.kms.katalon.core.webui.keyword.WebUiBuiltInKeywords.click(WebUiBuiltInKeywords.groovy:616)
	at com.kms.katalon.core.webui.keyword.WebUiBuiltInKeywords$click$4.call(Unknown Source)
	at Chcekout - Customer info page - fr.run(Chcekout - Customer info page - fr:66)
	at com.kms.katalon.core.main.ScriptEngine.run(ScriptEngine.java:194)
	at com.kms.katalon.core.main.ScriptEngine.runScriptAsRawText(ScriptEngine.java:119)
	at com.kms.katalon.core.main.TestCaseExecutor.runScript(TestCaseExecutor.java:328)
	at com.kms.katalon.core.main.TestCaseExecutor.doExecute(TestCaseExecutor.java:319)
	at com.kms.katalon.core.main.TestCaseExecutor.processExecutionPhase(TestCaseExecutor.java:298)
	at com.kms.katalon.core.main.TestCaseExecutor.accessMainPhase(TestCaseExecutor.java:290)
	at com.kms.katalon.core.main.TestCaseExecutor.execute(TestCaseExecutor.java:224)
	at com.kms.katalon.core.main.TestSuiteExecutor.accessTestCaseMainPhase(TestSuiteExecutor.java:129)
	at com.kms.katalon.core.main.TestSuiteExecutor.accessTestSuiteMainPhase(TestSuiteExecutor.java:112)
	at com.kms.katalon.core.main.TestSuiteExecutor.execute(TestSuiteExecutor.java:81)
	at com.kms.katalon.core.main.TestCaseMain.startTestSuite(TestCaseMain.java:149)
	at com.kms.katalon.core.main.TestCaseMain$startTestSuite$0.call(Unknown Source)
	at TempTestSuite1562098461396.run(TempTestSuite1562098461396.groovy:36)]]></system-out>
         <system-err><![CDATA[2019-07-02 16:24:30 - [TEST_CASE][FAILED] - Test Cases/OCS- FRENCH/CRITICAL PATH/Chcekout - Customer info page - fr: Test Cases/OCS- FRENCH/CRITICAL PATH/Chcekout - Customer info page - fr FAILED.
Reason:
com.kms.katalon.core.exception.StepFailedException: Unable to click on object 'Object Repository/OCS-MOBILE /Cart flyout/Checkbox_I confirm that' (Root cause: org.openqa.selenium.ElementNotVisibleException: element not interactable
  (Session info: chrome=75.0.3770.100)
  (Driver info: chromedriver=2.43.600229 (3fae4d0cda5334b4f533bede5a4787f7b832d052),platform=Mac OS X 10.13.6 x86_64) (WARNING: The server did not provide any stacktrace information)
Command duration or timeout: 0 milliseconds
Build info: version: '3.7.1', revision: '8a0099a', time: '2017-11-06T21:07:36.161Z'
System info: host: 'sumans-MacBook-Pro.local', ip: 'fe80:0:0:0:98:5ae9:edb9:537f%en0', os.name: 'Mac OS X', os.arch: 'x86_64', os.version: '10.13.6', java.version: '1.8.0_181'
Driver info: com.kms.katalon.selenium.driver.CChromeDriver
Capabilities {acceptInsecureCerts: false, acceptSslCerts: false, applicationCacheEnabled: false, browserConnectionEnabled: false, browserName: chrome, chrome: {chromedriverVersion: 2.43.600229 (3fae4d0cda5334..., userDataDir: /var/folders/1t/c55l8xzs6gq...}, cssSelectorsEnabled: true, databaseEnabled: false, goog:chromeOptions: {debuggerAddress: localhost:58114}, handlesAlerts: true, hasTouchScreen: false, javascriptEnabled: true, locationContextEnabled: true, mobileEmulationEnabled: false, nativeEvents: true, networkConnectionEnabled: false, pageLoadStrategy: normal, platform: MAC, platformName: MAC, rotatable: false, setWindowRect: true, takesHeapSnapshot: true, takesScreenshot: true, unexpectedAlertBehaviour: , unhandledPromptBehavior: , version: 75.0.3770.100, webStorageEnabled: true}
Session ID: 9fbf4e16f4e7bc899beb633cb5fc5a35)
	at com.kms.katalon.core.keyword.internal.KeywordMain.stepFailed(KeywordMain.groovy:36)
	at com.kms.katalon.core.webui.keyword.internal.WebUIKeywordMain.stepFailed(WebUIKeywordMain.groovy:65)
	at com.kms.katalon.core.webui.keyword.internal.WebUIKeywordMain.runKeyword(WebUIKeywordMain.groovy:27)
	at com.kms.katalon.core.webui.keyword.builtin.ClickKeyword.click(ClickKeyword.groovy:86)
	at com.kms.katalon.core.webui.keyword.builtin.ClickKeyword.execute(ClickKeyword.groovy:67)
	at com.kms.katalon.core.keyword.internal.KeywordExecutor.executeKeywordForPlatform(KeywordExecutor.groovy:53)
	at com.kms.katalon.core.webui.keyword.WebUiBuiltInKeywords.click(WebUiBuiltInKeywords.groovy:616)
	at com.kms.katalon.core.webui.keyword.WebUiBuiltInKeywords$click$4.call(Unknown Source)
	at Chcekout - Customer info page - fr.run(Chcekout - Customer info page - fr:66)
	at com.kms.katalon.core.main.ScriptEngine.run(ScriptEngine.java:194)
	at com.kms.katalon.core.main.ScriptEngine.runScriptAsRawText(ScriptEngine.java:119)
	at com.kms.katalon.core.main.TestCaseExecutor.runScript(TestCaseExecutor.java:328)
	at com.kms.katalon.core.main.TestCaseExecutor.doExecute(TestCaseExecutor.java:319)
	at com.kms.katalon.core.main.TestCaseExecutor.processExecutionPhase(TestCaseExecutor.java:298)
	at com.kms.katalon.core.main.TestCaseExecutor.accessMainPhase(TestCaseExecutor.java:290)
	at com.kms.katalon.core.main.TestCaseExecutor.execute(TestCaseExecutor.java:224)
	at com.kms.katalon.core.main.TestSuiteExecutor.accessTestCaseMainPhase(TestSuiteExecutor.java:129)
	at com.kms.katalon.core.main.TestSuiteExecutor.accessTestSuiteMainPhase(TestSuiteExecutor.java:112)
	at com.kms.katalon.core.main.TestSuiteExecutor.execute(TestSuiteExecutor.java:81)
	at com.kms.katalon.core.main.TestCaseMain.startTestSuite(TestCaseMain.java:149)
	at com.kms.katalon.core.main.TestCaseMain$startTestSuite$0.call(Unknown Source)
	at TempTestSuite1562098461396.run(TempTestSuite1562098461396.groovy:36)]]></system-err>
      </testcase>
      <testcase name="Test Cases/OCS- FRENCH/CRITICAL PATH/Cart flyout - tooltips -fr" classname="Test Cases/OCS- FRENCH/CRITICAL PATH/Cart flyout - tooltips -fr" status="PASSED">
         <system-out><![CDATA[2019-07-02 16:25:32 - [TEST_CASE][PASSED] - Test Cases/OCS- FRENCH/CRITICAL PATH/Cart flyout - tooltips -fr: Test Cases/OCS- FRENCH/CRITICAL PATH/Cart flyout - tooltips -fr

2019-07-02 16:25:33 - [TEST_STEP][PASSED] - callTestCase(findTestCase("OCS - MOBILE/CALL - AGE GATE"), [:], STOP_ON_FAILURE): Call Test Case 'Test Cases/OCS - MOBILE/CALL - AGE GATE' successfully

2019-07-02 16:25:33 - [TEST_CASE][PASSED] - Test Cases/OCS - MOBILE/CALL - AGE GATE: Test Cases/OCS - MOBILE/CALL - AGE GATE

2019-07-02 16:25:33 - [TEST_STEP][PASSED] - openBrowser(""): Browser is opened with url: ''

2019-07-02 16:25:33 - [MESSAGE][WARNING] - A browser is already opened. Closing browser and opening a new one

2019-07-02 16:25:33 - [MESSAGE][INFO] - Starting 'Chrome' driver

2019-07-02 16:25:34 - [MESSAGE][PASSED] - Browser is opened with url: ''

2019-07-02 16:25:34 - [TEST_STEP][PASSED] - navigateToUrl("https://ocs.ca/?fts=0&preview_theme_id=74203301708"): Navigate to 'https://ocs.ca/?fts=0&preview_theme_id=74203301708' successfully

2019-07-02 16:25:41 - [MESSAGE][PASSED] - Navigate to 'https://ocs.ca/?fts=0&preview_theme_id=74203301708' successfully

2019-07-02 16:25:41 - [TEST_STEP][PASSED] - executeJavaScript("var previewBar = document.getElementById("preview-bar-iframe"); previewBar.style.display = "none";", []): Execute JavaScript 'var previewBar = document.getElementById("preview-bar-iframe"); previewBar.style.display = "none";' successfully

2019-07-02 16:25:41 - [MESSAGE][PASSED] - Execute JavaScript 'var previewBar = document.getElementById("preview-bar-iframe"); previewBar.style.display = "none";' successfully

2019-07-02 16:25:41 - [TEST_STEP][PASSED] - setViewPortSize(360, 800): Viewport is set to new size with width = 360 and height = 800

2019-07-02 16:25:41 - [MESSAGE][PASSED] - Viewport is set to new size with width = 360 and height = 800

2019-07-02 16:25:41 - [TEST_STEP][PASSED] - delay(4): Delayed 4 second(s)

2019-07-02 16:25:45 - [MESSAGE][PASSED] - Delayed 4 second(s)

2019-07-02 16:25:45 - [TEST_STEP][PASSED] - selectOptionByValue(findTestObject("OCS-MOBILE /Age gate and burger menu/Date"), "12", true): All options with value '12' are selected in object 'Object Repository/OCS-MOBILE /Age gate and burger menu/Date'  using regular expression

2019-07-02 16:25:46 - [MESSAGE][PASSED] - All options with value '12' are selected in object 'Object Repository/OCS-MOBILE /Age gate and burger menu/Date'  using regular expression

2019-07-02 16:25:46 - [TEST_STEP][PASSED] - selectOptionByValue(findTestObject("OCS-MOBILE /Age gate and burger menu/month"), "6", true): All options with value '6' are selected in object 'Object Repository/OCS-MOBILE /Age gate and burger menu/month'  using regular expression

2019-07-02 16:25:46 - [MESSAGE][PASSED] - All options with value '6' are selected in object 'Object Repository/OCS-MOBILE /Age gate and burger menu/month'  using regular expression

2019-07-02 16:25:46 - [TEST_STEP][PASSED] - delay(2): Delayed 2 second(s)

2019-07-02 16:25:48 - [MESSAGE][PASSED] - Delayed 2 second(s)

2019-07-02 16:25:48 - [TEST_STEP][PASSED] - selectOptionByValue(findTestObject("OCS-MOBILE /Age gate and burger menu/Year Dropdown"), "1990", true): All options with value '1990' are selected in object 'Object Repository/OCS-MOBILE /Age gate and burger menu/Year Dropdown'  using regular expression

2019-07-02 16:25:49 - [MESSAGE][PASSED] - All options with value '1990' are selected in object 'Object Repository/OCS-MOBILE /Age gate and burger menu/Year Dropdown'  using regular expression

2019-07-02 16:25:49 - [TEST_STEP][PASSED] - click(findTestObject("OCS-MOBILE /Age gate and Mega menu/button_Verify")): Object: 'Object Repository/OCS-MOBILE /Age gate and Mega menu/button_Verify' is clicked on

2019-07-02 16:25:49 - [MESSAGE][PASSED] - Object: 'Object Repository/OCS-MOBILE /Age gate and Mega menu/button_Verify' is clicked on

2019-07-02 16:25:49 - [TEST_STEP][PASSED] - click(findTestObject("OCS-MOBILE /Age gate and Mega menu/Checkbox_CONFIRM AND ACKNOWLEDGE")): Object: 'Object Repository/OCS-MOBILE /Age gate and Mega menu/Checkbox_CONFIRM AND ACKNOWLEDGE' is clicked on

2019-07-02 16:25:49 - [MESSAGE][PASSED] - Object: 'Object Repository/OCS-MOBILE /Age gate and Mega menu/Checkbox_CONFIRM AND ACKNOWLEDGE' is clicked on

2019-07-02 16:25:49 - [TEST_STEP][PASSED] - click(findTestObject("OCS-MOBILE /Age gate and Mega menu/button_CONFIRM")): Object: 'Object Repository/OCS-MOBILE /Age gate and Mega menu/button_CONFIRM' is clicked on

2019-07-02 16:25:49 - [MESSAGE][PASSED] - Object: 'Object Repository/OCS-MOBILE /Age gate and Mega menu/button_CONFIRM' is clicked on

2019-07-02 16:25:49 - [TEST_STEP][PASSED] - click(findTestObject("OCS-MOBILE /Age gate and Mega menu/button_Start Browsing")): Object: 'Object Repository/OCS-MOBILE /Age gate and Mega menu/button_Start Browsing' is clicked on

2019-07-02 16:25:49 - [MESSAGE][PASSED] - Object: 'Object Repository/OCS-MOBILE /Age gate and Mega menu/button_Start Browsing' is clicked on

2019-07-02 16:25:49 - [TEST_STEP][PASSED] - refresh(): Refresh successfully

2019-07-02 16:25:49 - [MESSAGE][PASSED] - Refresh successfully

2019-07-02 16:25:49 - [TEST_STEP][PASSED] - executeJavaScript("var previewBar = document.getElementById("preview-bar-iframe"); previewBar.style.display = "none";", []): Execute JavaScript 'var previewBar = document.getElementById("preview-bar-iframe"); previewBar.style.display = "none";' successfully

2019-07-02 16:25:54 - [MESSAGE][PASSED] - Execute JavaScript 'var previewBar = document.getElementById("preview-bar-iframe"); previewBar.style.display = "none";' successfully

2019-07-02 16:25:54 - [MESSAGE][PASSED] - Call Test Case 'Test Cases/OCS - MOBILE/CALL - AGE GATE' successfully

2019-07-02 16:25:54 - [TEST_STEP][PASSED] - callTestCase(findTestCase("OCS - MOBILE/CALL- TOGGLING LANGUAGE"), [:], STOP_ON_FAILURE): Call Test Case 'Test Cases/OCS - MOBILE/CALL- TOGGLING LANGUAGE' successfully

2019-07-02 16:25:54 - [TEST_CASE][PASSED] - Test Cases/OCS - MOBILE/CALL- TOGGLING LANGUAGE: Test Cases/OCS - MOBILE/CALL- TOGGLING LANGUAGE

2019-07-02 16:25:54 - [TEST_STEP][PASSED] - delay(2): Delayed 2 second(s)

2019-07-02 16:25:56 - [MESSAGE][PASSED] - Delayed 2 second(s)

2019-07-02 16:25:56 - [TEST_STEP][PASSED] - click(findTestObject("OCS-MOBILE /Age gate and burger menu/Burger menu - English")): Object: 'Object Repository/OCS-MOBILE /Age gate and burger menu/Burger menu - English' is clicked on

2019-07-02 16:25:56 - [MESSAGE][PASSED] - Object: 'Object Repository/OCS-MOBILE /Age gate and burger menu/Burger menu - English' is clicked on

2019-07-02 16:25:56 - [TEST_STEP][PASSED] - delay(2): Delayed 2 second(s)

2019-07-02 16:25:58 - [MESSAGE][PASSED] - Delayed 2 second(s)

2019-07-02 16:25:58 - [TEST_STEP][PASSED] - click(findTestObject("OCS-MOBILE /Cart flyout/English dropdown")): Object: 'Object Repository/OCS-MOBILE /Cart flyout/English dropdown' is clicked on

2019-07-02 16:25:58 - [MESSAGE][PASSED] - Object: 'Object Repository/OCS-MOBILE /Cart flyout/English dropdown' is clicked on

2019-07-02 16:25:58 - [TEST_STEP][PASSED] - delay(2): Delayed 2 second(s)

2019-07-02 16:26:00 - [MESSAGE][PASSED] - Delayed 2 second(s)

2019-07-02 16:26:00 - [TEST_STEP][PASSED] - executeJavaScript("var previewBar = document.getElementById("preview-bar-iframe"); previewBar.style.display = "none";", []): Execute JavaScript 'var previewBar = document.getElementById("preview-bar-iframe"); previewBar.style.display = "none";' successfully

2019-07-02 16:26:00 - [MESSAGE][PASSED] - Execute JavaScript 'var previewBar = document.getElementById("preview-bar-iframe"); previewBar.style.display = "none";' successfully

2019-07-02 16:26:00 - [TEST_STEP][PASSED] - click(findTestObject("OCS-MOBILE /Cart flyout/Select French")): Object: 'Object Repository/OCS-MOBILE /Cart flyout/Select French' is clicked on

2019-07-02 16:26:00 - [MESSAGE][PASSED] - Object: 'Object Repository/OCS-MOBILE /Cart flyout/Select French' is clicked on

2019-07-02 16:26:00 - [MESSAGE][PASSED] - Call Test Case 'Test Cases/OCS - MOBILE/CALL- TOGGLING LANGUAGE' successfully

2019-07-02 16:26:00 - [TEST_STEP][PASSED] - delay(2): Delayed 2 second(s)

2019-07-02 16:26:02 - [MESSAGE][PASSED] - Delayed 2 second(s)

2019-07-02 16:26:02 - [TEST_STEP][PASSED] - click(findTestObject("OCS-MOBILE /Age gate and burger menu/Burger menu - English")): Object: 'Object Repository/OCS-MOBILE /Age gate and burger menu/Burger menu - English' is clicked on

2019-07-02 16:26:05 - [MESSAGE][PASSED] - Object: 'Object Repository/OCS-MOBILE /Age gate and burger menu/Burger menu - English' is clicked on

2019-07-02 16:26:05 - [TEST_STEP][PASSED] - delay(2): Delayed 2 second(s)

2019-07-02 16:26:07 - [MESSAGE][PASSED] - Delayed 2 second(s)

2019-07-02 16:26:07 - [TEST_STEP][PASSED] - click(findTestObject("OCS-MOBILE /Age gate and burger menu/Chevron_Cannabis")): Object: 'Object Repository/OCS-MOBILE /Age gate and burger menu/Chevron_Cannabis' is clicked on

2019-07-02 16:26:07 - [MESSAGE][PASSED] - Object: 'Object Repository/OCS-MOBILE /Age gate and burger menu/Chevron_Cannabis' is clicked on

2019-07-02 16:26:07 - [TEST_STEP][PASSED] - delay(2): Delayed 2 second(s)

2019-07-02 16:26:09 - [MESSAGE][PASSED] - Delayed 2 second(s)

2019-07-02 16:26:09 - [TEST_STEP][PASSED] - click(findTestObject("OCS-MOBILE /Age gate and burger menu/Dried Flower_Plus icon")): Object: 'Object Repository/OCS-MOBILE /Age gate and burger menu/Dried Flower_Plus icon' is clicked on

2019-07-02 16:26:09 - [MESSAGE][PASSED] - Object: 'Object Repository/OCS-MOBILE /Age gate and burger menu/Dried Flower_Plus icon' is clicked on

2019-07-02 16:26:09 - [TEST_STEP][PASSED] - delay(2): Delayed 2 second(s)

2019-07-02 16:26:11 - [MESSAGE][PASSED] - Delayed 2 second(s)

2019-07-02 16:26:11 - [TEST_STEP][PASSED] - click(findTestObject("OCS- FRENCH/Indica Dominant_Menu item")): Object: 'Object Repository/OCS- FRENCH/Indica Dominant_Menu item' is clicked on

2019-07-02 16:26:15 - [MESSAGE][PASSED] - Object: 'Object Repository/OCS- FRENCH/Indica Dominant_Menu item' is clicked on

2019-07-02 16:26:15 - [TEST_STEP][PASSED] - executeJavaScript("var previewBar = document.getElementById("preview-bar-iframe"); previewBar.style.display = "none";", []): Execute JavaScript 'var previewBar = document.getElementById("preview-bar-iframe"); previewBar.style.display = "none";' successfully

2019-07-02 16:26:15 - [MESSAGE][PASSED] - Execute JavaScript 'var previewBar = document.getElementById("preview-bar-iframe"); previewBar.style.display = "none";' successfully

2019-07-02 16:26:15 - [TEST_STEP][PASSED] - delay(2): Delayed 2 second(s)

2019-07-02 16:26:17 - [MESSAGE][PASSED] - Delayed 2 second(s)

2019-07-02 16:26:17 - [TEST_STEP][PASSED] - click(findTestObject("OCS- FRENCH/Product image - 1st one")): Object: 'Object Repository/OCS- FRENCH/Product image - 1st one' is clicked on

2019-07-02 16:26:21 - [MESSAGE][PASSED] - Object: 'Object Repository/OCS- FRENCH/Product image - 1st one' is clicked on

2019-07-02 16:26:21 - [TEST_STEP][PASSED] - executeJavaScript("var previewBar = document.getElementById("preview-bar-iframe"); previewBar.style.display = "none";", []): Execute JavaScript 'var previewBar = document.getElementById("preview-bar-iframe"); previewBar.style.display = "none";' successfully

2019-07-02 16:26:21 - [MESSAGE][PASSED] - Execute JavaScript 'var previewBar = document.getElementById("preview-bar-iframe"); previewBar.style.display = "none";' successfully

2019-07-02 16:26:21 - [TEST_STEP][PASSED] - delay(2): Delayed 2 second(s)

2019-07-02 16:26:23 - [MESSAGE][PASSED] - Delayed 2 second(s)

2019-07-02 16:26:23 - [TEST_STEP][PASSED] - click(findTestObject("OCS-MOBILE /Product page/Swatch_1g")): Object: 'Object Repository/OCS-MOBILE /Product page/Swatch_1g' is clicked on

2019-07-02 16:26:24 - [MESSAGE][PASSED] - Object: 'Object Repository/OCS-MOBILE /Product page/Swatch_1g' is clicked on

2019-07-02 16:26:24 - [TEST_STEP][PASSED] - delay(2): Delayed 2 second(s)

2019-07-02 16:26:26 - [MESSAGE][PASSED] - Delayed 2 second(s)

2019-07-02 16:26:26 - [TEST_STEP][PASSED] - click(findTestObject("OCS-MOBILE /Product page/Add to Bag-button")): Object: 'Object Repository/OCS-MOBILE /Product page/Add to Bag-button' is clicked on

2019-07-02 16:26:26 - [MESSAGE][PASSED] - Object: 'Object Repository/OCS-MOBILE /Product page/Add to Bag-button' is clicked on

2019-07-02 16:26:26 - [TEST_STEP][PASSED] - delay(4): Delayed 4 second(s)

2019-07-02 16:26:30 - [MESSAGE][PASSED] - Delayed 4 second(s)

2019-07-02 16:26:30 - [TEST_STEP][PASSED] - click(findTestObject("OCS-MOBILE /Home - page/Cart icon -bag")): Object: 'Object Repository/OCS-MOBILE /Home - page/Cart icon -bag' is clicked on

2019-07-02 16:26:30 - [MESSAGE][PASSED] - Object: 'Object Repository/OCS-MOBILE /Home - page/Cart icon -bag' is clicked on

2019-07-02 16:26:30 - [TEST_STEP][PASSED] - delay(4, OPTIONAL): Delayed 4 second(s)

2019-07-02 16:26:34 - [MESSAGE][PASSED] - Delayed 4 second(s)

2019-07-02 16:26:34 - [TEST_STEP][PASSED] - click(findTestObject("OCS-MOBILE /Cart flyout/tool tip - TOP")): Object: 'Object Repository/OCS-MOBILE /Cart flyout/tool tip - TOP' is clicked on

2019-07-02 16:26:34 - [MESSAGE][PASSED] - Object: 'Object Repository/OCS-MOBILE /Cart flyout/tool tip - TOP' is clicked on

2019-07-02 16:26:34 - [TEST_STEP][PASSED] - takeScreenshot(): Taking screenshot successfully

2019-07-02 16:26:34 - [MESSAGE][PASSED] - Taking screenshot successfully
[[ATTACHMENT|/Users/sumankompelly/Relative xpath-Mobile/Reports/1.11.1/20190702_161421/1562099194224.png]]

2019-07-02 16:26:34 - [TEST_STEP][PASSED] - delay(3): Delayed 3 second(s)

2019-07-02 16:26:37 - [MESSAGE][PASSED] - Delayed 3 second(s)

2019-07-02 16:26:37 - [TEST_STEP][PASSED] - click(findTestObject("OCS-MOBILE /Cart flyout/tool tip -DOWN")): Object: 'Object Repository/OCS-MOBILE /Cart flyout/tool tip -DOWN' is clicked on

2019-07-02 16:26:37 - [MESSAGE][PASSED] - Object: 'Object Repository/OCS-MOBILE /Cart flyout/tool tip -DOWN' is clicked on

2019-07-02 16:26:37 - [TEST_STEP][PASSED] - takeScreenshot(): Taking screenshot successfully

2019-07-02 16:26:37 - [MESSAGE][PASSED] - Taking screenshot successfully
[[ATTACHMENT|/Users/sumankompelly/Relative xpath-Mobile/Reports/1.11.1/20190702_161421/1562099197557.png]]]]></system-out>
         <system-err><![CDATA[]]></system-err>
      </testcase>
      <testcase name="Test Cases/OCS- FRENCH/CRITICAL PATH/Cart flyout - Increase qty -fr" classname="Test Cases/OCS- FRENCH/CRITICAL PATH/Cart flyout - Increase qty -fr" status="PASSED">
         <system-out><![CDATA[2019-07-02 16:26:37 - [TEST_CASE][PASSED] - Test Cases/OCS- FRENCH/CRITICAL PATH/Cart flyout - Increase qty -fr: Test Cases/OCS- FRENCH/CRITICAL PATH/Cart flyout - Increase qty -fr

2019-07-02 16:26:37 - [TEST_STEP][PASSED] - callTestCase(findTestCase("OCS - MOBILE/CALL - AGE GATE"), [:], STOP_ON_FAILURE): Call Test Case 'Test Cases/OCS - MOBILE/CALL - AGE GATE' successfully

2019-07-02 16:26:37 - [TEST_CASE][PASSED] - Test Cases/OCS - MOBILE/CALL - AGE GATE: Test Cases/OCS - MOBILE/CALL - AGE GATE

2019-07-02 16:26:37 - [TEST_STEP][PASSED] - openBrowser(""): Browser is opened with url: ''

2019-07-02 16:26:37 - [MESSAGE][WARNING] - A browser is already opened. Closing browser and opening a new one

2019-07-02 16:26:38 - [MESSAGE][INFO] - Starting 'Chrome' driver

2019-07-02 16:26:39 - [MESSAGE][PASSED] - Browser is opened with url: ''

2019-07-02 16:26:39 - [TEST_STEP][PASSED] - navigateToUrl("https://ocs.ca/?fts=0&preview_theme_id=74203301708"): Navigate to 'https://ocs.ca/?fts=0&preview_theme_id=74203301708' successfully

2019-07-02 16:26:43 - [MESSAGE][PASSED] - Navigate to 'https://ocs.ca/?fts=0&preview_theme_id=74203301708' successfully

2019-07-02 16:26:43 - [TEST_STEP][PASSED] - executeJavaScript("var previewBar = document.getElementById("preview-bar-iframe"); previewBar.style.display = "none";", []): Execute JavaScript 'var previewBar = document.getElementById("preview-bar-iframe"); previewBar.style.display = "none";' successfully

2019-07-02 16:26:43 - [MESSAGE][PASSED] - Execute JavaScript 'var previewBar = document.getElementById("preview-bar-iframe"); previewBar.style.display = "none";' successfully

2019-07-02 16:26:43 - [TEST_STEP][PASSED] - setViewPortSize(360, 800): Viewport is set to new size with width = 360 and height = 800

2019-07-02 16:26:44 - [MESSAGE][PASSED] - Viewport is set to new size with width = 360 and height = 800

2019-07-02 16:26:44 - [TEST_STEP][PASSED] - delay(4): Delayed 4 second(s)

2019-07-02 16:26:48 - [MESSAGE][PASSED] - Delayed 4 second(s)

2019-07-02 16:26:48 - [TEST_STEP][PASSED] - selectOptionByValue(findTestObject("OCS-MOBILE /Age gate and burger menu/Date"), "12", true): All options with value '12' are selected in object 'Object Repository/OCS-MOBILE /Age gate and burger menu/Date'  using regular expression

2019-07-02 16:26:48 - [MESSAGE][PASSED] - All options with value '12' are selected in object 'Object Repository/OCS-MOBILE /Age gate and burger menu/Date'  using regular expression

2019-07-02 16:26:48 - [TEST_STEP][PASSED] - selectOptionByValue(findTestObject("OCS-MOBILE /Age gate and burger menu/month"), "6", true): All options with value '6' are selected in object 'Object Repository/OCS-MOBILE /Age gate and burger menu/month'  using regular expression

2019-07-02 16:26:48 - [MESSAGE][PASSED] - All options with value '6' are selected in object 'Object Repository/OCS-MOBILE /Age gate and burger menu/month'  using regular expression

2019-07-02 16:26:48 - [TEST_STEP][PASSED] - delay(2): Delayed 2 second(s)

2019-07-02 16:26:50 - [MESSAGE][PASSED] - Delayed 2 second(s)

2019-07-02 16:26:50 - [TEST_STEP][PASSED] - selectOptionByValue(findTestObject("OCS-MOBILE /Age gate and burger menu/Year Dropdown"), "1990", true): All options with value '1990' are selected in object 'Object Repository/OCS-MOBILE /Age gate and burger menu/Year Dropdown'  using regular expression

2019-07-02 16:26:51 - [MESSAGE][PASSED] - All options with value '1990' are selected in object 'Object Repository/OCS-MOBILE /Age gate and burger menu/Year Dropdown'  using regular expression

2019-07-02 16:26:51 - [TEST_STEP][PASSED] - click(findTestObject("OCS-MOBILE /Age gate and Mega menu/button_Verify")): Object: 'Object Repository/OCS-MOBILE /Age gate and Mega menu/button_Verify' is clicked on

2019-07-02 16:26:51 - [MESSAGE][PASSED] - Object: 'Object Repository/OCS-MOBILE /Age gate and Mega menu/button_Verify' is clicked on

2019-07-02 16:26:51 - [TEST_STEP][PASSED] - click(findTestObject("OCS-MOBILE /Age gate and Mega menu/Checkbox_CONFIRM AND ACKNOWLEDGE")): Object: 'Object Repository/OCS-MOBILE /Age gate and Mega menu/Checkbox_CONFIRM AND ACKNOWLEDGE' is clicked on

2019-07-02 16:26:51 - [MESSAGE][PASSED] - Object: 'Object Repository/OCS-MOBILE /Age gate and Mega menu/Checkbox_CONFIRM AND ACKNOWLEDGE' is clicked on

2019-07-02 16:26:51 - [TEST_STEP][PASSED] - click(findTestObject("OCS-MOBILE /Age gate and Mega menu/button_CONFIRM")): Object: 'Object Repository/OCS-MOBILE /Age gate and Mega menu/button_CONFIRM' is clicked on

2019-07-02 16:26:51 - [MESSAGE][PASSED] - Object: 'Object Repository/OCS-MOBILE /Age gate and Mega menu/button_CONFIRM' is clicked on

2019-07-02 16:26:51 - [TEST_STEP][PASSED] - click(findTestObject("OCS-MOBILE /Age gate and Mega menu/button_Start Browsing")): Object: 'Object Repository/OCS-MOBILE /Age gate and Mega menu/button_Start Browsing' is clicked on

2019-07-02 16:26:52 - [MESSAGE][PASSED] - Object: 'Object Repository/OCS-MOBILE /Age gate and Mega menu/button_Start Browsing' is clicked on

2019-07-02 16:26:52 - [TEST_STEP][PASSED] - refresh(): Refresh successfully

2019-07-02 16:26:52 - [MESSAGE][PASSED] - Refresh successfully

2019-07-02 16:26:52 - [TEST_STEP][PASSED] - executeJavaScript("var previewBar = document.getElementById("preview-bar-iframe"); previewBar.style.display = "none";", []): Execute JavaScript 'var previewBar = document.getElementById("preview-bar-iframe"); previewBar.style.display = "none";' successfully

2019-07-02 16:26:56 - [MESSAGE][PASSED] - Execute JavaScript 'var previewBar = document.getElementById("preview-bar-iframe"); previewBar.style.display = "none";' successfully

2019-07-02 16:26:56 - [MESSAGE][PASSED] - Call Test Case 'Test Cases/OCS - MOBILE/CALL - AGE GATE' successfully

2019-07-02 16:26:56 - [TEST_STEP][PASSED] - callTestCase(findTestCase("OCS - MOBILE/CALL- TOGGLING LANGUAGE"), [:], STOP_ON_FAILURE): Call Test Case 'Test Cases/OCS - MOBILE/CALL- TOGGLING LANGUAGE' successfully

2019-07-02 16:26:56 - [TEST_CASE][PASSED] - Test Cases/OCS - MOBILE/CALL- TOGGLING LANGUAGE: Test Cases/OCS - MOBILE/CALL- TOGGLING LANGUAGE

2019-07-02 16:26:56 - [TEST_STEP][PASSED] - delay(2): Delayed 2 second(s)

2019-07-02 16:26:58 - [MESSAGE][PASSED] - Delayed 2 second(s)

2019-07-02 16:26:58 - [TEST_STEP][PASSED] - click(findTestObject("OCS-MOBILE /Age gate and burger menu/Burger menu - English")): Object: 'Object Repository/OCS-MOBILE /Age gate and burger menu/Burger menu - English' is clicked on

2019-07-02 16:26:58 - [MESSAGE][PASSED] - Object: 'Object Repository/OCS-MOBILE /Age gate and burger menu/Burger menu - English' is clicked on

2019-07-02 16:26:58 - [TEST_STEP][PASSED] - delay(2): Delayed 2 second(s)

2019-07-02 16:27:00 - [MESSAGE][PASSED] - Delayed 2 second(s)

2019-07-02 16:27:00 - [TEST_STEP][PASSED] - click(findTestObject("OCS-MOBILE /Cart flyout/English dropdown")): Object: 'Object Repository/OCS-MOBILE /Cart flyout/English dropdown' is clicked on

2019-07-02 16:27:00 - [MESSAGE][PASSED] - Object: 'Object Repository/OCS-MOBILE /Cart flyout/English dropdown' is clicked on

2019-07-02 16:27:00 - [TEST_STEP][PASSED] - delay(2): Delayed 2 second(s)

2019-07-02 16:27:02 - [MESSAGE][PASSED] - Delayed 2 second(s)

2019-07-02 16:27:02 - [TEST_STEP][PASSED] - executeJavaScript("var previewBar = document.getElementById("preview-bar-iframe"); previewBar.style.display = "none";", []): Execute JavaScript 'var previewBar = document.getElementById("preview-bar-iframe"); previewBar.style.display = "none";' successfully

2019-07-02 16:27:02 - [MESSAGE][PASSED] - Execute JavaScript 'var previewBar = document.getElementById("preview-bar-iframe"); previewBar.style.display = "none";' successfully

2019-07-02 16:27:02 - [TEST_STEP][PASSED] - click(findTestObject("OCS-MOBILE /Cart flyout/Select French")): Object: 'Object Repository/OCS-MOBILE /Cart flyout/Select French' is clicked on

2019-07-02 16:27:02 - [MESSAGE][PASSED] - Object: 'Object Repository/OCS-MOBILE /Cart flyout/Select French' is clicked on

2019-07-02 16:27:02 - [MESSAGE][PASSED] - Call Test Case 'Test Cases/OCS - MOBILE/CALL- TOGGLING LANGUAGE' successfully

2019-07-02 16:27:02 - [TEST_STEP][PASSED] - delay(2): Delayed 2 second(s)

2019-07-02 16:27:04 - [MESSAGE][PASSED] - Delayed 2 second(s)

2019-07-02 16:27:04 - [TEST_STEP][PASSED] - click(findTestObject("OCS-MOBILE /Age gate and burger menu/Burger menu - English")): Object: 'Object Repository/OCS-MOBILE /Age gate and burger menu/Burger menu - English' is clicked on

2019-07-02 16:27:08 - [MESSAGE][PASSED] - Object: 'Object Repository/OCS-MOBILE /Age gate and burger menu/Burger menu - English' is clicked on

2019-07-02 16:27:08 - [TEST_STEP][PASSED] - delay(2): Delayed 2 second(s)

2019-07-02 16:27:10 - [MESSAGE][PASSED] - Delayed 2 second(s)

2019-07-02 16:27:10 - [TEST_STEP][PASSED] - click(findTestObject("OCS-MOBILE /Age gate and burger menu/Chevron_Cannabis")): Object: 'Object Repository/OCS-MOBILE /Age gate and burger menu/Chevron_Cannabis' is clicked on

2019-07-02 16:27:10 - [MESSAGE][PASSED] - Object: 'Object Repository/OCS-MOBILE /Age gate and burger menu/Chevron_Cannabis' is clicked on

2019-07-02 16:27:10 - [TEST_STEP][PASSED] - delay(2): Delayed 2 second(s)

2019-07-02 16:27:12 - [MESSAGE][PASSED] - Delayed 2 second(s)

2019-07-02 16:27:12 - [TEST_STEP][PASSED] - click(findTestObject("OCS-MOBILE /Age gate and burger menu/Dried Flower_Plus icon")): Object: 'Object Repository/OCS-MOBILE /Age gate and burger menu/Dried Flower_Plus icon' is clicked on

2019-07-02 16:27:12 - [MESSAGE][PASSED] - Object: 'Object Repository/OCS-MOBILE /Age gate and burger menu/Dried Flower_Plus icon' is clicked on

2019-07-02 16:27:12 - [TEST_STEP][PASSED] - delay(2): Delayed 2 second(s)

2019-07-02 16:27:14 - [MESSAGE][PASSED] - Delayed 2 second(s)

2019-07-02 16:27:14 - [TEST_STEP][PASSED] - click(findTestObject("OCS- FRENCH/Indica Dominant_Menu item")): Object: 'Object Repository/OCS- FRENCH/Indica Dominant_Menu item' is clicked on

2019-07-02 16:27:18 - [MESSAGE][PASSED] - Object: 'Object Repository/OCS- FRENCH/Indica Dominant_Menu item' is clicked on

2019-07-02 16:27:18 - [TEST_STEP][PASSED] - executeJavaScript("var previewBar = document.getElementById("preview-bar-iframe"); previewBar.style.display = "none";", []): Execute JavaScript 'var previewBar = document.getElementById("preview-bar-iframe"); previewBar.style.display = "none";' successfully

2019-07-02 16:27:18 - [MESSAGE][PASSED] - Execute JavaScript 'var previewBar = document.getElementById("preview-bar-iframe"); previewBar.style.display = "none";' successfully

2019-07-02 16:27:18 - [TEST_STEP][PASSED] - delay(2): Delayed 2 second(s)

2019-07-02 16:27:20 - [MESSAGE][PASSED] - Delayed 2 second(s)

2019-07-02 16:27:20 - [TEST_STEP][PASSED] - click(findTestObject("OCS- FRENCH/Product image - 1st one")): Object: 'Object Repository/OCS- FRENCH/Product image - 1st one' is clicked on

2019-07-02 16:27:25 - [MESSAGE][PASSED] - Object: 'Object Repository/OCS- FRENCH/Product image - 1st one' is clicked on

2019-07-02 16:27:25 - [TEST_STEP][PASSED] - executeJavaScript("var previewBar = document.getElementById("preview-bar-iframe"); previewBar.style.display = "none";", []): Execute JavaScript 'var previewBar = document.getElementById("preview-bar-iframe"); previewBar.style.display = "none";' successfully

2019-07-02 16:27:25 - [MESSAGE][PASSED] - Execute JavaScript 'var previewBar = document.getElementById("preview-bar-iframe"); previewBar.style.display = "none";' successfully

2019-07-02 16:27:25 - [TEST_STEP][PASSED] - delay(2): Delayed 2 second(s)

2019-07-02 16:27:27 - [MESSAGE][PASSED] - Delayed 2 second(s)

2019-07-02 16:27:27 - [TEST_STEP][PASSED] - click(findTestObject("OCS-MOBILE /Product page/Swatch_1g")): Object: 'Object Repository/OCS-MOBILE /Product page/Swatch_1g' is clicked on

2019-07-02 16:27:27 - [MESSAGE][PASSED] - Object: 'Object Repository/OCS-MOBILE /Product page/Swatch_1g' is clicked on

2019-07-02 16:27:27 - [TEST_STEP][PASSED] - delay(2): Delayed 2 second(s)

2019-07-02 16:27:29 - [MESSAGE][PASSED] - Delayed 2 second(s)

2019-07-02 16:27:29 - [TEST_STEP][PASSED] - click(findTestObject("OCS-MOBILE /Product page/Quantity Increase - Button")): Object: 'Object Repository/OCS-MOBILE /Product page/Quantity Increase - Button' is clicked on

2019-07-02 16:27:29 - [MESSAGE][PASSED] - Object: 'Object Repository/OCS-MOBILE /Product page/Quantity Increase - Button' is clicked on

2019-07-02 16:27:29 - [TEST_STEP][PASSED] - delay(2): Delayed 2 second(s)

2019-07-02 16:27:31 - [MESSAGE][PASSED] - Delayed 2 second(s)

2019-07-02 16:27:31 - [TEST_STEP][PASSED] - click(findTestObject("OCS-MOBILE /Product page/Add to Bag-button")): Object: 'Object Repository/OCS-MOBILE /Product page/Add to Bag-button' is clicked on

2019-07-02 16:27:31 - [MESSAGE][PASSED] - Object: 'Object Repository/OCS-MOBILE /Product page/Add to Bag-button' is clicked on

2019-07-02 16:27:31 - [TEST_STEP][PASSED] - delay(1): Delayed 1 second(s)

2019-07-02 16:27:32 - [MESSAGE][PASSED] - Delayed 1 second(s)

2019-07-02 16:27:32 - [TEST_STEP][PASSED] - click(findTestObject("OCS-MOBILE /Home - page/Cart icon -bag")): Object: 'Object Repository/OCS-MOBILE /Home - page/Cart icon -bag' is clicked on

2019-07-02 16:27:32 - [MESSAGE][PASSED] - Object: 'Object Repository/OCS-MOBILE /Home - page/Cart icon -bag' is clicked on

2019-07-02 16:27:32 - [TEST_STEP][PASSED] - delay(2): Delayed 2 second(s)

2019-07-02 16:27:34 - [MESSAGE][PASSED] - Delayed 2 second(s)

2019-07-02 16:27:34 - [TEST_STEP][PASSED] - click(findTestObject("OCS-MOBILE /Cart flyout/Quantity increase - Product")): Object: 'Object Repository/OCS-MOBILE /Cart flyout/Quantity increase - Product' is clicked on

2019-07-02 16:27:34 - [MESSAGE][PASSED] - Object: 'Object Repository/OCS-MOBILE /Cart flyout/Quantity increase - Product' is clicked on

2019-07-02 16:27:34 - [TEST_STEP][PASSED] - delay(2): Delayed 2 second(s)

2019-07-02 16:27:36 - [MESSAGE][PASSED] - Delayed 2 second(s)

2019-07-02 16:27:36 - [TEST_STEP][PASSED] - click(findTestObject("OCS-MOBILE /Cart flyout/Quantity increase - Product")): Object: 'Object Repository/OCS-MOBILE /Cart flyout/Quantity increase - Product' is clicked on

2019-07-02 16:27:36 - [MESSAGE][PASSED] - Object: 'Object Repository/OCS-MOBILE /Cart flyout/Quantity increase - Product' is clicked on

2019-07-02 16:27:36 - [TEST_STEP][PASSED] - delay(2): Delayed 2 second(s)

2019-07-02 16:27:38 - [MESSAGE][PASSED] - Delayed 2 second(s)

2019-07-02 16:27:38 - [TEST_STEP][PASSED] - a = getText(findTestObject("OCS-MOBILE /Cart flyout/Unit price - Product")): Text of object 'Object Repository/OCS-MOBILE /Cart flyout/Unit price - Product' is: '42,00 $'

2019-07-02 16:27:39 - [MESSAGE][PASSED] - Text of object 'Object Repository/OCS-MOBILE /Cart flyout/Unit price - Product' is: '42,00 $'

2019-07-02 16:27:39 - [TEST_STEP][PASSED] - comment(a): 42,00 $

2019-07-02 16:27:39 - [MESSAGE][INFO] - 42,00 $

2019-07-02 16:27:39 - [TEST_STEP][PASSED] - a1 = a.substring(0, a.length() - 1): null

2019-07-02 16:27:39 - [TEST_STEP][PASSED] - comment("a1 = " + a1): a1 = 42,00 

2019-07-02 16:27:39 - [MESSAGE][INFO] - a1 = 42,00 

2019-07-02 16:27:39 - [TEST_STEP][PASSED] - x1 = a1.substring(0, a1.length() - 1): null

2019-07-02 16:27:39 - [TEST_STEP][PASSED] - comment("x1 = " + x1): x1 = 42,00

2019-07-02 16:27:39 - [MESSAGE][INFO] - x1 = 42,00

2019-07-02 16:27:39 - [TEST_STEP][PASSED] - x2 = x1.substring(0, x1.length() - 1): null

2019-07-02 16:27:39 - [TEST_STEP][PASSED] - comment("x2 = " + x2): x2 = 42,0

2019-07-02 16:27:39 - [MESSAGE][INFO] - x2 = 42,0

2019-07-02 16:27:39 - [TEST_STEP][PASSED] - x3 = x2.substring(0, x2.length() - 1): null

2019-07-02 16:27:39 - [TEST_STEP][PASSED] - comment("x3 = " + x3): x3 = 42,

2019-07-02 16:27:39 - [MESSAGE][INFO] - x3 = 42,

2019-07-02 16:27:39 - [TEST_STEP][PASSED] - x6 = x3.substring(0, x3.length() - 1): null

2019-07-02 16:27:39 - [TEST_STEP][PASSED] - comment("x6 = " + x6): x6 = 42

2019-07-02 16:27:39 - [MESSAGE][INFO] - x6 = 42

2019-07-02 16:27:39 - [TEST_STEP][PASSED] - setText(findTestObject("OCS-MOBILE /Cart flyout/input_-_updates"), "3"): Text '3' is set on object 'Object Repository/OCS-MOBILE /Cart flyout/input_-_updates'

2019-07-02 16:27:39 - [MESSAGE][PASSED] - Text '3' is set on object 'Object Repository/OCS-MOBILE /Cart flyout/input_-_updates'

2019-07-02 16:27:39 - [TEST_STEP][PASSED] - delay(2): Delayed 2 second(s)

2019-07-02 16:27:41 - [MESSAGE][PASSED] - Delayed 2 second(s)

2019-07-02 16:27:41 - [TEST_STEP][PASSED] - click(findTestObject("OCS-MOBILE /Cart flyout/i_-_icon--plus")): Object: 'Object Repository/OCS-MOBILE /Cart flyout/i_-_icon--plus' is clicked on

2019-07-02 16:27:41 - [MESSAGE][PASSED] - Object: 'Object Repository/OCS-MOBILE /Cart flyout/i_-_icon--plus' is clicked on

2019-07-02 16:27:41 - [TEST_STEP][PASSED] - delay(2): Delayed 2 second(s)

2019-07-02 16:27:43 - [MESSAGE][PASSED] - Delayed 2 second(s)

2019-07-02 16:27:43 - [TEST_STEP][PASSED] - click(findTestObject("OCS-MOBILE /Cart flyout/i_-_icon--plus")): Object: 'Object Repository/OCS-MOBILE /Cart flyout/i_-_icon--plus' is clicked on

2019-07-02 16:27:43 - [MESSAGE][PASSED] - Object: 'Object Repository/OCS-MOBILE /Cart flyout/i_-_icon--plus' is clicked on

2019-07-02 16:27:43 - [TEST_STEP][PASSED] - delay(2): Delayed 2 second(s)

2019-07-02 16:27:45 - [MESSAGE][PASSED] - Delayed 2 second(s)

2019-07-02 16:27:45 - [TEST_STEP][PASSED] - click(findTestObject("OCS-MOBILE /Cart flyout/i_-_icon--plus")): Object: 'Object Repository/OCS-MOBILE /Cart flyout/i_-_icon--plus' is clicked on

2019-07-02 16:27:45 - [MESSAGE][PASSED] - Object: 'Object Repository/OCS-MOBILE /Cart flyout/i_-_icon--plus' is clicked on

2019-07-02 16:27:45 - [TEST_STEP][PASSED] - delay(2): Delayed 2 second(s)

2019-07-02 16:27:47 - [MESSAGE][PASSED] - Delayed 2 second(s)

2019-07-02 16:27:47 - [TEST_STEP][PASSED] - c = getText(findTestObject("OCS-MOBILE /Cart flyout/Unit price - Product")): Text of object 'Object Repository/OCS-MOBILE /Cart flyout/Unit price - Product' is: '63,00 $'

2019-07-02 16:27:47 - [MESSAGE][PASSED] - Text of object 'Object Repository/OCS-MOBILE /Cart flyout/Unit price - Product' is: '63,00 $'

2019-07-02 16:27:47 - [TEST_STEP][PASSED] - comment(c): 63,00 $

2019-07-02 16:27:47 - [MESSAGE][INFO] - 63,00 $

2019-07-02 16:27:47 - [TEST_STEP][PASSED] - a2 = c.substring(0, c.length() - 1): null

2019-07-02 16:27:47 - [TEST_STEP][PASSED] - comment("a2 = " + a2): a2 = 63,00 

2019-07-02 16:27:47 - [MESSAGE][INFO] - a2 = 63,00 

2019-07-02 16:27:47 - [TEST_STEP][PASSED] - y1 = a2.substring(0, a2.length() - 1): null

2019-07-02 16:27:47 - [TEST_STEP][PASSED] - comment("y1 = " + y1): y1 = 63,00

2019-07-02 16:27:47 - [MESSAGE][INFO] - y1 = 63,00

2019-07-02 16:27:47 - [TEST_STEP][PASSED] - y2 = y1.substring(0, y1.length() - 1): null

2019-07-02 16:27:47 - [TEST_STEP][PASSED] - comment("y2 = " + y2): y2 = 63,0

2019-07-02 16:27:47 - [MESSAGE][INFO] - y2 = 63,0

2019-07-02 16:27:47 - [TEST_STEP][PASSED] - y3 = y2.substring(0, y2.length() - 1): null

2019-07-02 16:27:47 - [TEST_STEP][PASSED] - comment("y3 = " + y3): y3 = 63,

2019-07-02 16:27:47 - [MESSAGE][INFO] - y3 = 63,

2019-07-02 16:27:47 - [TEST_STEP][PASSED] - y4 = y3.substring(0, y3.length() - 1): null

2019-07-02 16:27:47 - [TEST_STEP][PASSED] - comment("y4 = " + y4): y4 = 63

2019-07-02 16:27:47 - [MESSAGE][INFO] - y4 = 63

2019-07-02 16:27:47 - [TEST_STEP][PASSED] - verifyNotEqual("x6", "y4"): Actual object 'x6' and expected object 'y4' are not equal

2019-07-02 16:27:47 - [MESSAGE][PASSED] - Actual object 'x6' and expected object 'y4' are not equal

2019-07-02 16:27:47 - [TEST_STEP][PASSED] - comment(" price changed . Quantity selector is working"):  price changed . Quantity selector is working

2019-07-02 16:27:47 - [MESSAGE][INFO] -  price changed . Quantity selector is working

2019-07-02 16:27:47 - [TEST_STEP][PASSED] - delay(1): Delayed 1 second(s)

2019-07-02 16:27:48 - [MESSAGE][PASSED] - Delayed 1 second(s)

2019-07-02 16:27:48 - [TEST_STEP][PASSED] - click(findTestObject("OCS-MOBILE /Cart flyout/Checkbox_I confirm that")): Object: 'Object Repository/OCS-MOBILE /Cart flyout/Checkbox_I confirm that' is clicked on

2019-07-02 16:27:48 - [MESSAGE][PASSED] - Object: 'Object Repository/OCS-MOBILE /Cart flyout/Checkbox_I confirm that' is clicked on

2019-07-02 16:27:48 - [TEST_STEP][PASSED] - delay(2): Delayed 2 second(s)

2019-07-02 16:27:50 - [MESSAGE][PASSED] - Delayed 2 second(s)

2019-07-02 16:27:50 - [TEST_STEP][PASSED] - click(findTestObject("OCS-MOBILE /Cart flyout/Checkbox_Accept the Terms Condition")): Object: 'Object Repository/OCS-MOBILE /Cart flyout/Checkbox_Accept the Terms Condition' is clicked on

2019-07-02 16:27:50 - [MESSAGE][PASSED] - Object: 'Object Repository/OCS-MOBILE /Cart flyout/Checkbox_Accept the Terms Condition' is clicked on

2019-07-02 16:27:50 - [TEST_STEP][PASSED] - delay(2): Delayed 2 second(s)

2019-07-02 16:27:52 - [MESSAGE][PASSED] - Delayed 2 second(s)

2019-07-02 16:27:52 - [TEST_STEP][PASSED] - click(findTestObject("OCS-MOBILE /Cart flyout/Checkout - Button")): Object: 'Object Repository/OCS-MOBILE /Cart flyout/Checkout - Button' is clicked on

2019-07-02 16:28:00 - [MESSAGE][PASSED] - Object: 'Object Repository/OCS-MOBILE /Cart flyout/Checkout - Button' is clicked on

2019-07-02 16:28:00 - [TEST_STEP][PASSED] - executeJavaScript("var previewBar = document.getElementById("preview-bar-iframe"); previewBar.style.display = "none";", []): Execute JavaScript 'var previewBar = document.getElementById("preview-bar-iframe"); previewBar.style.display = "none";' successfully

2019-07-02 16:28:00 - [MESSAGE][PASSED] - Execute JavaScript 'var previewBar = document.getElementById("preview-bar-iframe"); previewBar.style.display = "none";' successfully

2019-07-02 16:28:00 - [TEST_STEP][PASSED] - delay(1): Delayed 1 second(s)

2019-07-02 16:28:01 - [MESSAGE][PASSED] - Delayed 1 second(s)

2019-07-02 16:28:01 - [TEST_STEP][PASSED] - callTestCase(findTestCase("OCS - MOBILE/CALL- SHIPPING TO PAYMENT"), [:], STOP_ON_FAILURE): Call Test Case 'Test Cases/OCS - MOBILE/CALL- SHIPPING TO PAYMENT' successfully

2019-07-02 16:28:01 - [TEST_CASE][PASSED] - Test Cases/OCS - MOBILE/CALL- SHIPPING TO PAYMENT: Test Cases/OCS - MOBILE/CALL- SHIPPING TO PAYMENT

2019-07-02 16:28:01 - [TEST_STEP][PASSED] - executeJavaScript("var previewBar = document.getElementById("preview-bar-iframe"); previewBar.style.display = "none";", []): Execute JavaScript 'var previewBar = document.getElementById("preview-bar-iframe"); previewBar.style.display = "none";' successfully

2019-07-02 16:28:01 - [MESSAGE][PASSED] - Execute JavaScript 'var previewBar = document.getElementById("preview-bar-iframe"); previewBar.style.display = "none";' successfully

2019-07-02 16:28:01 - [TEST_STEP][PASSED] - delay(2): Delayed 2 second(s)

2019-07-02 16:28:03 - [MESSAGE][PASSED] - Delayed 2 second(s)

2019-07-02 16:28:03 - [TEST_STEP][PASSED] - setText(findTestObject("OCS- FRENCH/Page_Ontario Cannabis Store - Infor/input_Adresse e-mail_checkoute"), "suman@gmail.com"): Text 'suman@gmail.com' is set on object 'Object Repository/OCS- FRENCH/Page_Ontario Cannabis Store - Infor/input_Adresse e-mail_checkoute'

2019-07-02 16:28:03 - [MESSAGE][PASSED] - Text 'suman@gmail.com' is set on object 'Object Repository/OCS- FRENCH/Page_Ontario Cannabis Store - Infor/input_Adresse e-mail_checkoute'

2019-07-02 16:28:03 - [TEST_STEP][PASSED] - delay(2): Delayed 2 second(s)

2019-07-02 16:28:05 - [MESSAGE][PASSED] - Delayed 2 second(s)

2019-07-02 16:28:05 - [TEST_STEP][PASSED] - setText(findTestObject("Object Repository/OCS- FRENCH/Page_Ontario Cannabis Store - Infor/input_Prnom_checkoutshipping_a"), "suman"): Text 'suman' is set on object 'Object Repository/OCS- FRENCH/Page_Ontario Cannabis Store - Infor/input_Prnom_checkoutshipping_a'

2019-07-02 16:28:05 - [MESSAGE][PASSED] - Text 'suman' is set on object 'Object Repository/OCS- FRENCH/Page_Ontario Cannabis Store - Infor/input_Prnom_checkoutshipping_a'

2019-07-02 16:28:05 - [TEST_STEP][PASSED] - delay(2): Delayed 2 second(s)

2019-07-02 16:28:07 - [MESSAGE][PASSED] - Delayed 2 second(s)

2019-07-02 16:28:07 - [TEST_STEP][PASSED] - setText(findTestObject("Object Repository/OCS- FRENCH/Page_Ontario Cannabis Store - Infor/input_Nom_checkoutshipping_add"), "test12"): Text 'test12' is set on object 'Object Repository/OCS- FRENCH/Page_Ontario Cannabis Store - Infor/input_Nom_checkoutshipping_add'

2019-07-02 16:28:07 - [MESSAGE][PASSED] - Text 'test12' is set on object 'Object Repository/OCS- FRENCH/Page_Ontario Cannabis Store - Infor/input_Nom_checkoutshipping_add'

2019-07-02 16:28:07 - [TEST_STEP][PASSED] - delay(2): Delayed 2 second(s)

2019-07-02 16:28:09 - [MESSAGE][PASSED] - Delayed 2 second(s)

2019-07-02 16:28:09 - [TEST_STEP][PASSED] - setText(findTestObject("Object Repository/OCS- FRENCH/Page_Ontario Cannabis Store - Infor/input_Adresse_checkoutshipping"), "test12"): Text 'test12' is set on object 'Object Repository/OCS- FRENCH/Page_Ontario Cannabis Store - Infor/input_Adresse_checkoutshipping'

2019-07-02 16:28:09 - [MESSAGE][PASSED] - Text 'test12' is set on object 'Object Repository/OCS- FRENCH/Page_Ontario Cannabis Store - Infor/input_Adresse_checkoutshipping'

2019-07-02 16:28:09 - [TEST_STEP][PASSED] - delay(2): Delayed 2 second(s)

2019-07-02 16:28:11 - [MESSAGE][PASSED] - Delayed 2 second(s)

2019-07-02 16:28:11 - [TEST_STEP][PASSED] - setText(findTestObject("Object Repository/OCS- FRENCH/Page_Ontario Cannabis Store - Infor/input_Appartement suite etc. ("), "12"): Text '12' is set on object 'Object Repository/OCS- FRENCH/Page_Ontario Cannabis Store - Infor/input_Appartement suite etc. ('

2019-07-02 16:28:12 - [MESSAGE][PASSED] - Text '12' is set on object 'Object Repository/OCS- FRENCH/Page_Ontario Cannabis Store - Infor/input_Appartement suite etc. ('

2019-07-02 16:28:12 - [TEST_STEP][PASSED] - delay(2): Delayed 2 second(s)

2019-07-02 16:28:14 - [MESSAGE][PASSED] - Delayed 2 second(s)

2019-07-02 16:28:14 - [TEST_STEP][PASSED] - setText(findTestObject("Object Repository/OCS- FRENCH/Page_Ontario Cannabis Store - Infor/input_Ville_checkoutshipping_a"), "montreal"): Text 'montreal' is set on object 'Object Repository/OCS- FRENCH/Page_Ontario Cannabis Store - Infor/input_Ville_checkoutshipping_a'

2019-07-02 16:28:14 - [MESSAGE][PASSED] - Text 'montreal' is set on object 'Object Repository/OCS- FRENCH/Page_Ontario Cannabis Store - Infor/input_Ville_checkoutshipping_a'

2019-07-02 16:28:14 - [TEST_STEP][PASSED] - delay(2): Delayed 2 second(s)

2019-07-02 16:28:16 - [MESSAGE][PASSED] - Delayed 2 second(s)

2019-07-02 16:28:16 - [TEST_STEP][PASSED] - setText(findTestObject("Object Repository/OCS- FRENCH/Page_Ontario Cannabis Store - Infor/input_Code postal_checkoutship"), "n0r1k0"): Text 'n0r1k0' is set on object 'Object Repository/OCS- FRENCH/Page_Ontario Cannabis Store - Infor/input_Code postal_checkoutship'

2019-07-02 16:28:16 - [MESSAGE][PASSED] - Text 'n0r1k0' is set on object 'Object Repository/OCS- FRENCH/Page_Ontario Cannabis Store - Infor/input_Code postal_checkoutship'

2019-07-02 16:28:16 - [TEST_STEP][PASSED] - delay(2): Delayed 2 second(s)

2019-07-02 16:28:18 - [MESSAGE][PASSED] - Delayed 2 second(s)

2019-07-02 16:28:18 - [TEST_STEP][PASSED] - setText(findTestObject("Object Repository/OCS- FRENCH/Page_Ontario Cannabis Store - Infor/input_Tlphone_checkoutshipping"), "514-449-3883"): Text '514-449-3883' is set on object 'Object Repository/OCS- FRENCH/Page_Ontario Cannabis Store - Infor/input_Tlphone_checkoutshipping'

2019-07-02 16:28:18 - [MESSAGE][PASSED] - Text '514-449-3883' is set on object 'Object Repository/OCS- FRENCH/Page_Ontario Cannabis Store - Infor/input_Tlphone_checkoutshipping'

2019-07-02 16:28:18 - [TEST_STEP][PASSED] - delay(2): Delayed 2 second(s)

2019-07-02 16:28:20 - [MESSAGE][PASSED] - Delayed 2 second(s)

2019-07-02 16:28:20 - [TEST_STEP][PASSED] - click(findTestObject("Object Repository/OCS- FRENCH/Page_Ontario Cannabis Store - Infor/button_Continuer vers le mode")): Object: 'Object Repository/OCS- FRENCH/Page_Ontario Cannabis Store - Infor/button_Continuer vers le mode' is clicked on

2019-07-02 16:28:21 - [MESSAGE][PASSED] - Object: 'Object Repository/OCS- FRENCH/Page_Ontario Cannabis Store - Infor/button_Continuer vers le mode' is clicked on

2019-07-02 16:28:21 - [TEST_STEP][PASSED] - delay(2): Delayed 2 second(s)

2019-07-02 16:28:23 - [MESSAGE][PASSED] - Delayed 2 second(s)

2019-07-02 16:28:23 - [TEST_STEP][PASSED] - executeJavaScript("var previewBar = document.getElementById("preview-bar-iframe"); previewBar.style.display = "none";", []): Execute JavaScript 'var previewBar = document.getElementById("preview-bar-iframe"); previewBar.style.display = "none";' successfully

2019-07-02 16:28:23 - [MESSAGE][PASSED] - Execute JavaScript 'var previewBar = document.getElementById("preview-bar-iframe"); previewBar.style.display = "none";' successfully

2019-07-02 16:28:23 - [TEST_STEP][PASSED] - delay(2): Delayed 2 second(s)

2019-07-02 16:28:25 - [MESSAGE][PASSED] - Delayed 2 second(s)

2019-07-02 16:28:25 - [TEST_STEP][PASSED] - click(findTestObject("Object Repository/OCS- FRENCH/Page_Ontario Cannabis Store - Livra/button_Continuer vers le moyen")): Object: 'Object Repository/OCS- FRENCH/Page_Ontario Cannabis Store - Livra/button_Continuer vers le moyen' is clicked on

2019-07-02 16:28:26 - [MESSAGE][PASSED] - Object: 'Object Repository/OCS- FRENCH/Page_Ontario Cannabis Store - Livra/button_Continuer vers le moyen' is clicked on

2019-07-02 16:28:26 - [MESSAGE][PASSED] - Call Test Case 'Test Cases/OCS - MOBILE/CALL- SHIPPING TO PAYMENT' successfully]]></system-out>
         <system-err><![CDATA[]]></system-err>
      </testcase>
      <testcase name="Test Cases/OCS- FRENCH/CRITICAL PATH/Cart page - increase qty - fr" classname="Test Cases/OCS- FRENCH/CRITICAL PATH/Cart page - increase qty - fr" status="FAILED">
         <failure type="FAILED" message="Test Cases/OCS- FRENCH/CRITICAL PATH/Cart page - increase qty - fr FAILED.
Reason:
com.kms.katalon.core.exception.StepFailedException: Unable to click on object 'Object Repository/OCS-MOBILE /Cart page/Quantity Input field' (Root cause: com.kms.katalon.core.webui.exception.WebElementNotFoundException: Web element with id: 'Object Repository/OCS-MOBILE /Cart page/Quantity Input field' located by 'By.xpath: /html[1]/body[1]/div[3]/form[1]/section[1]/div[1]/div[2]/div[1]/div[2]/div[1]/div[1]/div[1]/div[1]/div[1]/input[1]' not found)
	at com.kms.katalon.core.keyword.internal.KeywordMain.stepFailed(KeywordMain.groovy:36)
	at com.kms.katalon.core.webui.keyword.internal.WebUIKeywordMain.stepFailed(WebUIKeywordMain.groovy:65)
	at com.kms.katalon.core.webui.keyword.internal.WebUIKeywordMain.runKeyword(WebUIKeywordMain.groovy:27)
	at com.kms.katalon.core.webui.keyword.builtin.ClickKeyword.click(ClickKeyword.groovy:86)
	at com.kms.katalon.core.webui.keyword.builtin.ClickKeyword.execute(ClickKeyword.groovy:67)
	at com.kms.katalon.core.keyword.internal.KeywordExecutor.executeKeywordForPlatform(KeywordExecutor.groovy:53)
	at com.kms.katalon.core.webui.keyword.WebUiBuiltInKeywords.click(WebUiBuiltInKeywords.groovy:616)
	at com.kms.katalon.core.webui.keyword.WebUiBuiltInKeywords$click$4.call(Unknown Source)
	at Cart page - increase qty - fr.run(Cart page - increase qty - fr:108)
	at com.kms.katalon.core.main.ScriptEngine.run(ScriptEngine.java:194)
	at com.kms.katalon.core.main.ScriptEngine.runScriptAsRawText(ScriptEngine.java:119)
	at com.kms.katalon.core.main.TestCaseExecutor.runScript(TestCaseExecutor.java:328)
	at com.kms.katalon.core.main.TestCaseExecutor.doExecute(TestCaseExecutor.java:319)
	at com.kms.katalon.core.main.TestCaseExecutor.processExecutionPhase(TestCaseExecutor.java:298)
	at com.kms.katalon.core.main.TestCaseExecutor.accessMainPhase(TestCaseExecutor.java:290)
	at com.kms.katalon.core.main.TestCaseExecutor.execute(TestCaseExecutor.java:224)
	at com.kms.katalon.core.main.TestSuiteExecutor.accessTestCaseMainPhase(TestSuiteExecutor.java:129)
	at com.kms.katalon.core.main.TestSuiteExecutor.accessTestSuiteMainPhase(TestSuiteExecutor.java:112)
	at com.kms.katalon.core.main.TestSuiteExecutor.execute(TestSuiteExecutor.java:81)
	at com.kms.katalon.core.main.TestCaseMain.startTestSuite(TestCaseMain.java:149)
	at com.kms.katalon.core.main.TestCaseMain$startTestSuite$0.call(Unknown Source)
	at TempTestSuite1562098461396.run(TempTestSuite1562098461396.groovy:36)
"/>
         <system-out><![CDATA[2019-07-02 16:28:26 - [TEST_CASE][FAILED] - Test Cases/OCS- FRENCH/CRITICAL PATH/Cart page - increase qty - fr: Test Cases/OCS- FRENCH/CRITICAL PATH/Cart page - increase qty - fr FAILED.
Reason:
com.kms.katalon.core.exception.StepFailedException: Unable to click on object 'Object Repository/OCS-MOBILE /Cart page/Quantity Input field' (Root cause: com.kms.katalon.core.webui.exception.WebElementNotFoundException: Web element with id: 'Object Repository/OCS-MOBILE /Cart page/Quantity Input field' located by 'By.xpath: /html[1]/body[1]/div[3]/form[1]/section[1]/div[1]/div[2]/div[1]/div[2]/div[1]/div[1]/div[1]/div[1]/div[1]/input[1]' not found)
	at com.kms.katalon.core.keyword.internal.KeywordMain.stepFailed(KeywordMain.groovy:36)
	at com.kms.katalon.core.webui.keyword.internal.WebUIKeywordMain.stepFailed(WebUIKeywordMain.groovy:65)
	at com.kms.katalon.core.webui.keyword.internal.WebUIKeywordMain.runKeyword(WebUIKeywordMain.groovy:27)
	at com.kms.katalon.core.webui.keyword.builtin.ClickKeyword.click(ClickKeyword.groovy:86)
	at com.kms.katalon.core.webui.keyword.builtin.ClickKeyword.execute(ClickKeyword.groovy:67)
	at com.kms.katalon.core.keyword.internal.KeywordExecutor.executeKeywordForPlatform(KeywordExecutor.groovy:53)
	at com.kms.katalon.core.webui.keyword.WebUiBuiltInKeywords.click(WebUiBuiltInKeywords.groovy:616)
	at com.kms.katalon.core.webui.keyword.WebUiBuiltInKeywords$click$4.call(Unknown Source)
	at Cart page - increase qty - fr.run(Cart page - increase qty - fr:108)
	at com.kms.katalon.core.main.ScriptEngine.run(ScriptEngine.java:194)
	at com.kms.katalon.core.main.ScriptEngine.runScriptAsRawText(ScriptEngine.java:119)
	at com.kms.katalon.core.main.TestCaseExecutor.runScript(TestCaseExecutor.java:328)
	at com.kms.katalon.core.main.TestCaseExecutor.doExecute(TestCaseExecutor.java:319)
	at com.kms.katalon.core.main.TestCaseExecutor.processExecutionPhase(TestCaseExecutor.java:298)
	at com.kms.katalon.core.main.TestCaseExecutor.accessMainPhase(TestCaseExecutor.java:290)
	at com.kms.katalon.core.main.TestCaseExecutor.execute(TestCaseExecutor.java:224)
	at com.kms.katalon.core.main.TestSuiteExecutor.accessTestCaseMainPhase(TestSuiteExecutor.java:129)
	at com.kms.katalon.core.main.TestSuiteExecutor.accessTestSuiteMainPhase(TestSuiteExecutor.java:112)
	at com.kms.katalon.core.main.TestSuiteExecutor.execute(TestSuiteExecutor.java:81)
	at com.kms.katalon.core.main.TestCaseMain.startTestSuite(TestCaseMain.java:149)
	at com.kms.katalon.core.main.TestCaseMain$startTestSuite$0.call(Unknown Source)
	at TempTestSuite1562098461396.run(TempTestSuite1562098461396.groovy:36)


2019-07-02 16:28:26 - [TEST_STEP][PASSED] - callTestCase(findTestCase("OCS - MOBILE/CALL - AGE GATE"), [:], STOP_ON_FAILURE): Call Test Case 'Test Cases/OCS - MOBILE/CALL - AGE GATE' successfully

2019-07-02 16:28:26 - [TEST_CASE][PASSED] - Test Cases/OCS - MOBILE/CALL - AGE GATE: Test Cases/OCS - MOBILE/CALL - AGE GATE

2019-07-02 16:28:26 - [TEST_STEP][PASSED] - openBrowser(""): Browser is opened with url: ''

2019-07-02 16:28:26 - [MESSAGE][WARNING] - A browser is already opened. Closing browser and opening a new one

2019-07-02 16:28:26 - [MESSAGE][INFO] - Starting 'Chrome' driver

2019-07-02 16:28:27 - [MESSAGE][PASSED] - Browser is opened with url: ''

2019-07-02 16:28:27 - [TEST_STEP][PASSED] - navigateToUrl("https://ocs.ca/?fts=0&preview_theme_id=74203301708"): Navigate to 'https://ocs.ca/?fts=0&preview_theme_id=74203301708' successfully

2019-07-02 16:28:33 - [MESSAGE][PASSED] - Navigate to 'https://ocs.ca/?fts=0&preview_theme_id=74203301708' successfully

2019-07-02 16:28:33 - [TEST_STEP][PASSED] - executeJavaScript("var previewBar = document.getElementById("preview-bar-iframe"); previewBar.style.display = "none";", []): Execute JavaScript 'var previewBar = document.getElementById("preview-bar-iframe"); previewBar.style.display = "none";' successfully

2019-07-02 16:28:33 - [MESSAGE][PASSED] - Execute JavaScript 'var previewBar = document.getElementById("preview-bar-iframe"); previewBar.style.display = "none";' successfully

2019-07-02 16:28:33 - [TEST_STEP][PASSED] - setViewPortSize(360, 800): Viewport is set to new size with width = 360 and height = 800

2019-07-02 16:28:33 - [MESSAGE][PASSED] - Viewport is set to new size with width = 360 and height = 800

2019-07-02 16:28:33 - [TEST_STEP][PASSED] - delay(4): Delayed 4 second(s)

2019-07-02 16:28:37 - [MESSAGE][PASSED] - Delayed 4 second(s)

2019-07-02 16:28:37 - [TEST_STEP][PASSED] - selectOptionByValue(findTestObject("OCS-MOBILE /Age gate and burger menu/Date"), "12", true): All options with value '12' are selected in object 'Object Repository/OCS-MOBILE /Age gate and burger menu/Date'  using regular expression

2019-07-02 16:28:37 - [MESSAGE][PASSED] - All options with value '12' are selected in object 'Object Repository/OCS-MOBILE /Age gate and burger menu/Date'  using regular expression

2019-07-02 16:28:37 - [TEST_STEP][PASSED] - selectOptionByValue(findTestObject("OCS-MOBILE /Age gate and burger menu/month"), "6", true): All options with value '6' are selected in object 'Object Repository/OCS-MOBILE /Age gate and burger menu/month'  using regular expression

2019-07-02 16:28:38 - [MESSAGE][PASSED] - All options with value '6' are selected in object 'Object Repository/OCS-MOBILE /Age gate and burger menu/month'  using regular expression

2019-07-02 16:28:38 - [TEST_STEP][PASSED] - delay(2): Delayed 2 second(s)

2019-07-02 16:28:40 - [MESSAGE][PASSED] - Delayed 2 second(s)

2019-07-02 16:28:40 - [TEST_STEP][PASSED] - selectOptionByValue(findTestObject("OCS-MOBILE /Age gate and burger menu/Year Dropdown"), "1990", true): All options with value '1990' are selected in object 'Object Repository/OCS-MOBILE /Age gate and burger menu/Year Dropdown'  using regular expression

2019-07-02 16:28:41 - [MESSAGE][PASSED] - All options with value '1990' are selected in object 'Object Repository/OCS-MOBILE /Age gate and burger menu/Year Dropdown'  using regular expression

2019-07-02 16:28:41 - [TEST_STEP][PASSED] - click(findTestObject("OCS-MOBILE /Age gate and Mega menu/button_Verify")): Object: 'Object Repository/OCS-MOBILE /Age gate and Mega menu/button_Verify' is clicked on

2019-07-02 16:28:41 - [MESSAGE][PASSED] - Object: 'Object Repository/OCS-MOBILE /Age gate and Mega menu/button_Verify' is clicked on

2019-07-02 16:28:41 - [TEST_STEP][PASSED] - click(findTestObject("OCS-MOBILE /Age gate and Mega menu/Checkbox_CONFIRM AND ACKNOWLEDGE")): Object: 'Object Repository/OCS-MOBILE /Age gate and Mega menu/Checkbox_CONFIRM AND ACKNOWLEDGE' is clicked on

2019-07-02 16:28:41 - [MESSAGE][PASSED] - Object: 'Object Repository/OCS-MOBILE /Age gate and Mega menu/Checkbox_CONFIRM AND ACKNOWLEDGE' is clicked on

2019-07-02 16:28:41 - [TEST_STEP][PASSED] - click(findTestObject("OCS-MOBILE /Age gate and Mega menu/button_CONFIRM")): Object: 'Object Repository/OCS-MOBILE /Age gate and Mega menu/button_CONFIRM' is clicked on

2019-07-02 16:28:41 - [MESSAGE][PASSED] - Object: 'Object Repository/OCS-MOBILE /Age gate and Mega menu/button_CONFIRM' is clicked on

2019-07-02 16:28:41 - [TEST_STEP][PASSED] - click(findTestObject("OCS-MOBILE /Age gate and Mega menu/button_Start Browsing")): Object: 'Object Repository/OCS-MOBILE /Age gate and Mega menu/button_Start Browsing' is clicked on

2019-07-02 16:28:41 - [MESSAGE][PASSED] - Object: 'Object Repository/OCS-MOBILE /Age gate and Mega menu/button_Start Browsing' is clicked on

2019-07-02 16:28:41 - [TEST_STEP][PASSED] - refresh(): Refresh successfully

2019-07-02 16:28:44 - [MESSAGE][PASSED] - Refresh successfully

2019-07-02 16:28:44 - [TEST_STEP][PASSED] - executeJavaScript("var previewBar = document.getElementById("preview-bar-iframe"); previewBar.style.display = "none";", []): Execute JavaScript 'var previewBar = document.getElementById("preview-bar-iframe"); previewBar.style.display = "none";' successfully

2019-07-02 16:28:44 - [MESSAGE][PASSED] - Execute JavaScript 'var previewBar = document.getElementById("preview-bar-iframe"); previewBar.style.display = "none";' successfully

2019-07-02 16:28:44 - [MESSAGE][PASSED] - Call Test Case 'Test Cases/OCS - MOBILE/CALL - AGE GATE' successfully

2019-07-02 16:28:44 - [TEST_STEP][PASSED] - callTestCase(findTestCase("OCS - MOBILE/CALL- TOGGLING LANGUAGE"), [:], STOP_ON_FAILURE): Call Test Case 'Test Cases/OCS - MOBILE/CALL- TOGGLING LANGUAGE' successfully

2019-07-02 16:28:44 - [TEST_CASE][PASSED] - Test Cases/OCS - MOBILE/CALL- TOGGLING LANGUAGE: Test Cases/OCS - MOBILE/CALL- TOGGLING LANGUAGE

2019-07-02 16:28:44 - [TEST_STEP][PASSED] - delay(2): Delayed 2 second(s)

2019-07-02 16:28:46 - [MESSAGE][PASSED] - Delayed 2 second(s)

2019-07-02 16:28:46 - [TEST_STEP][PASSED] - click(findTestObject("OCS-MOBILE /Age gate and burger menu/Burger menu - English")): Object: 'Object Repository/OCS-MOBILE /Age gate and burger menu/Burger menu - English' is clicked on

2019-07-02 16:28:46 - [MESSAGE][PASSED] - Object: 'Object Repository/OCS-MOBILE /Age gate and burger menu/Burger menu - English' is clicked on

2019-07-02 16:28:46 - [TEST_STEP][PASSED] - delay(2): Delayed 2 second(s)

2019-07-02 16:28:48 - [MESSAGE][PASSED] - Delayed 2 second(s)

2019-07-02 16:28:48 - [TEST_STEP][PASSED] - click(findTestObject("OCS-MOBILE /Cart flyout/English dropdown")): Object: 'Object Repository/OCS-MOBILE /Cart flyout/English dropdown' is clicked on

2019-07-02 16:28:48 - [MESSAGE][PASSED] - Object: 'Object Repository/OCS-MOBILE /Cart flyout/English dropdown' is clicked on

2019-07-02 16:28:48 - [TEST_STEP][PASSED] - delay(2): Delayed 2 second(s)

2019-07-02 16:28:50 - [MESSAGE][PASSED] - Delayed 2 second(s)

2019-07-02 16:28:50 - [TEST_STEP][PASSED] - executeJavaScript("var previewBar = document.getElementById("preview-bar-iframe"); previewBar.style.display = "none";", []): Execute JavaScript 'var previewBar = document.getElementById("preview-bar-iframe"); previewBar.style.display = "none";' successfully

2019-07-02 16:28:50 - [MESSAGE][PASSED] - Execute JavaScript 'var previewBar = document.getElementById("preview-bar-iframe"); previewBar.style.display = "none";' successfully

2019-07-02 16:28:50 - [TEST_STEP][PASSED] - click(findTestObject("OCS-MOBILE /Cart flyout/Select French")): Object: 'Object Repository/OCS-MOBILE /Cart flyout/Select French' is clicked on

2019-07-02 16:28:50 - [MESSAGE][PASSED] - Object: 'Object Repository/OCS-MOBILE /Cart flyout/Select French' is clicked on

2019-07-02 16:28:50 - [MESSAGE][PASSED] - Call Test Case 'Test Cases/OCS - MOBILE/CALL- TOGGLING LANGUAGE' successfully

2019-07-02 16:28:50 - [TEST_STEP][PASSED] - delay(2): Delayed 2 second(s)

2019-07-02 16:28:52 - [MESSAGE][PASSED] - Delayed 2 second(s)

2019-07-02 16:28:52 - [TEST_STEP][PASSED] - click(findTestObject("OCS-MOBILE /Age gate and burger menu/Burger menu - English")): Object: 'Object Repository/OCS-MOBILE /Age gate and burger menu/Burger menu - English' is clicked on

2019-07-02 16:28:55 - [MESSAGE][PASSED] - Object: 'Object Repository/OCS-MOBILE /Age gate and burger menu/Burger menu - English' is clicked on

2019-07-02 16:28:55 - [TEST_STEP][PASSED] - delay(2): Delayed 2 second(s)

2019-07-02 16:28:57 - [MESSAGE][PASSED] - Delayed 2 second(s)

2019-07-02 16:28:57 - [TEST_STEP][PASSED] - click(findTestObject("OCS-MOBILE /Age gate and burger menu/Chevron_Cannabis")): Object: 'Object Repository/OCS-MOBILE /Age gate and burger menu/Chevron_Cannabis' is clicked on

2019-07-02 16:28:57 - [MESSAGE][PASSED] - Object: 'Object Repository/OCS-MOBILE /Age gate and burger menu/Chevron_Cannabis' is clicked on

2019-07-02 16:28:57 - [TEST_STEP][PASSED] - delay(2): Delayed 2 second(s)

2019-07-02 16:28:59 - [MESSAGE][PASSED] - Delayed 2 second(s)

2019-07-02 16:28:59 - [TEST_STEP][PASSED] - click(findTestObject("OCS-MOBILE /Age gate and burger menu/Dried Flower_Plus icon")): Object: 'Object Repository/OCS-MOBILE /Age gate and burger menu/Dried Flower_Plus icon' is clicked on

2019-07-02 16:28:59 - [MESSAGE][PASSED] - Object: 'Object Repository/OCS-MOBILE /Age gate and burger menu/Dried Flower_Plus icon' is clicked on

2019-07-02 16:28:59 - [TEST_STEP][PASSED] - delay(2): Delayed 2 second(s)

2019-07-02 16:29:01 - [MESSAGE][PASSED] - Delayed 2 second(s)

2019-07-02 16:29:01 - [TEST_STEP][PASSED] - click(findTestObject("OCS- FRENCH/Indica Dominant_Menu item")): Object: 'Object Repository/OCS- FRENCH/Indica Dominant_Menu item' is clicked on

2019-07-02 16:29:03 - [MESSAGE][PASSED] - Object: 'Object Repository/OCS- FRENCH/Indica Dominant_Menu item' is clicked on

2019-07-02 16:29:03 - [TEST_STEP][PASSED] - executeJavaScript("var previewBar = document.getElementById("preview-bar-iframe"); previewBar.style.display = "none";", []): Execute JavaScript 'var previewBar = document.getElementById("preview-bar-iframe"); previewBar.style.display = "none";' successfully

2019-07-02 16:29:03 - [MESSAGE][PASSED] - Execute JavaScript 'var previewBar = document.getElementById("preview-bar-iframe"); previewBar.style.display = "none";' successfully

2019-07-02 16:29:03 - [TEST_STEP][PASSED] - delay(2): Delayed 2 second(s)

2019-07-02 16:29:05 - [MESSAGE][PASSED] - Delayed 2 second(s)

2019-07-02 16:29:05 - [TEST_STEP][PASSED] - click(findTestObject("OCS- FRENCH/Product image - 1st one")): Object: 'Object Repository/OCS- FRENCH/Product image - 1st one' is clicked on

2019-07-02 16:29:11 - [MESSAGE][PASSED] - Object: 'Object Repository/OCS- FRENCH/Product image - 1st one' is clicked on

2019-07-02 16:29:11 - [TEST_STEP][PASSED] - executeJavaScript("var previewBar = document.getElementById("preview-bar-iframe"); previewBar.style.display = "none";", []): Execute JavaScript 'var previewBar = document.getElementById("preview-bar-iframe"); previewBar.style.display = "none";' successfully

2019-07-02 16:29:11 - [MESSAGE][PASSED] - Execute JavaScript 'var previewBar = document.getElementById("preview-bar-iframe"); previewBar.style.display = "none";' successfully

2019-07-02 16:29:11 - [TEST_STEP][PASSED] - delay(2): Delayed 2 second(s)

2019-07-02 16:29:13 - [MESSAGE][PASSED] - Delayed 2 second(s)

2019-07-02 16:29:13 - [TEST_STEP][PASSED] - click(findTestObject("OCS-MOBILE /Product page/Swatch_1g")): Object: 'Object Repository/OCS-MOBILE /Product page/Swatch_1g' is clicked on

2019-07-02 16:29:13 - [MESSAGE][PASSED] - Object: 'Object Repository/OCS-MOBILE /Product page/Swatch_1g' is clicked on

2019-07-02 16:29:13 - [TEST_STEP][PASSED] - delay(2): Delayed 2 second(s)

2019-07-02 16:29:15 - [MESSAGE][PASSED] - Delayed 2 second(s)

2019-07-02 16:29:15 - [TEST_STEP][PASSED] - click(findTestObject("OCS-MOBILE /Product page/Add to Bag-button")): Object: 'Object Repository/OCS-MOBILE /Product page/Add to Bag-button' is clicked on

2019-07-02 16:29:15 - [MESSAGE][PASSED] - Object: 'Object Repository/OCS-MOBILE /Product page/Add to Bag-button' is clicked on

2019-07-02 16:29:15 - [TEST_STEP][PASSED] - delay(4): Delayed 4 second(s)

2019-07-02 16:29:19 - [MESSAGE][PASSED] - Delayed 4 second(s)

2019-07-02 16:29:19 - [TEST_STEP][PASSED] - click(findTestObject("OCS-MOBILE /Home - page/Cart icon -bag")): Object: 'Object Repository/OCS-MOBILE /Home - page/Cart icon -bag' is clicked on

2019-07-02 16:29:19 - [MESSAGE][PASSED] - Object: 'Object Repository/OCS-MOBILE /Home - page/Cart icon -bag' is clicked on

2019-07-02 16:29:19 - [TEST_STEP][PASSED] - delay(2): Delayed 2 second(s)

2019-07-02 16:29:21 - [MESSAGE][PASSED] - Delayed 2 second(s)

2019-07-02 16:29:21 - [TEST_STEP][PASSED] - click(findTestObject("OCS-MOBILE /Cart flyout/Checkbox_I confirm that")): Object: 'Object Repository/OCS-MOBILE /Cart flyout/Checkbox_I confirm that' is clicked on

2019-07-02 16:29:21 - [MESSAGE][PASSED] - Object: 'Object Repository/OCS-MOBILE /Cart flyout/Checkbox_I confirm that' is clicked on

2019-07-02 16:29:21 - [TEST_STEP][PASSED] - delay(2): Delayed 2 second(s)

2019-07-02 16:29:23 - [MESSAGE][PASSED] - Delayed 2 second(s)

2019-07-02 16:29:23 - [TEST_STEP][PASSED] - click(findTestObject("OCS-MOBILE /Cart flyout/Checkbox_Accept the Terms Condition")): Object: 'Object Repository/OCS-MOBILE /Cart flyout/Checkbox_Accept the Terms Condition' is clicked on

2019-07-02 16:29:23 - [MESSAGE][PASSED] - Object: 'Object Repository/OCS-MOBILE /Cart flyout/Checkbox_Accept the Terms Condition' is clicked on

2019-07-02 16:29:23 - [TEST_STEP][PASSED] - delay(1): Delayed 1 second(s)

2019-07-02 16:29:24 - [MESSAGE][PASSED] - Delayed 1 second(s)

2019-07-02 16:29:24 - [TEST_STEP][PASSED] - click(findTestObject("OCS-MOBILE /Cart flyout/Checkout - Button")): Object: 'Object Repository/OCS-MOBILE /Cart flyout/Checkout - Button' is clicked on

2019-07-02 16:29:32 - [MESSAGE][PASSED] - Object: 'Object Repository/OCS-MOBILE /Cart flyout/Checkout - Button' is clicked on

2019-07-02 16:29:32 - [TEST_STEP][PASSED] - delay(2): Delayed 2 second(s)

2019-07-02 16:29:34 - [MESSAGE][PASSED] - Delayed 2 second(s)

2019-07-02 16:29:34 - [TEST_STEP][PASSED] - executeJavaScript("var previewBar = document.getElementById("preview-bar-iframe"); previewBar.style.display = "none";", []): Execute JavaScript 'var previewBar = document.getElementById("preview-bar-iframe"); previewBar.style.display = "none";' successfully

2019-07-02 16:29:34 - [MESSAGE][PASSED] - Execute JavaScript 'var previewBar = document.getElementById("preview-bar-iframe"); previewBar.style.display = "none";' successfully

2019-07-02 16:29:34 - [TEST_STEP][PASSED] - delay(2): Delayed 2 second(s)

2019-07-02 16:29:36 - [MESSAGE][PASSED] - Delayed 2 second(s)

2019-07-02 16:29:36 - [TEST_STEP][PASSED] - scrollToElement(findTestObject("OCS-MOBILE /Customer info page/Return to Cart - Link"), 1): Scroll to object 'Object Repository/OCS-MOBILE /Customer info page/Return to Cart - Link' successfully

2019-07-02 16:29:36 - [MESSAGE][PASSED] - Scroll to object 'Object Repository/OCS-MOBILE /Customer info page/Return to Cart - Link' successfully

2019-07-02 16:29:36 - [TEST_STEP][PASSED] - click(findTestObject("OCS-MOBILE /Customer info page/Return to Cart - Link")): Object: 'Object Repository/OCS-MOBILE /Customer info page/Return to Cart - Link' is clicked on

2019-07-02 16:29:38 - [MESSAGE][PASSED] - Object: 'Object Repository/OCS-MOBILE /Customer info page/Return to Cart - Link' is clicked on

2019-07-02 16:29:38 - [TEST_STEP][PASSED] - delay(1): Delayed 1 second(s)

2019-07-02 16:29:39 - [MESSAGE][PASSED] - Delayed 1 second(s)

2019-07-02 16:29:39 - [TEST_STEP][PASSED] - a = getText(findTestObject("OCS-MOBILE /Cart page/Unit price - product - price in cart page")): Text of object 'Object Repository/OCS-MOBILE /Cart page/Unit price - product - price in cart page' is: '10,50 $'

2019-07-02 16:29:39 - [MESSAGE][PASSED] - Text of object 'Object Repository/OCS-MOBILE /Cart page/Unit price - product - price in cart page' is: '10,50 $'

2019-07-02 16:29:39 - [TEST_STEP][PASSED] - comment(a): 10,50 $

2019-07-02 16:29:39 - [MESSAGE][INFO] - 10,50 $

2019-07-02 16:29:39 - [TEST_STEP][PASSED] - a1 = a.substring(0, a.length() - 1): null

2019-07-02 16:29:39 - [TEST_STEP][PASSED] - comment("a1 = " + a1): a1 = 10,50 

2019-07-02 16:29:39 - [MESSAGE][INFO] - a1 = 10,50 

2019-07-02 16:29:39 - [TEST_STEP][PASSED] - x1 = a1.substring(0, a1.length() - 1): null

2019-07-02 16:29:39 - [TEST_STEP][PASSED] - comment("x1 = " + x1): x1 = 10,50

2019-07-02 16:29:39 - [MESSAGE][INFO] - x1 = 10,50

2019-07-02 16:29:39 - [TEST_STEP][PASSED] - x2 = x1.substring(0, x1.length() - 1): null

2019-07-02 16:29:39 - [TEST_STEP][PASSED] - comment("x2 = " + x2): x2 = 10,5

2019-07-02 16:29:39 - [MESSAGE][INFO] - x2 = 10,5

2019-07-02 16:29:39 - [TEST_STEP][PASSED] - x3 = x2.substring(0, x2.length() - 1): null

2019-07-02 16:29:39 - [TEST_STEP][PASSED] - comment("x3 = " + x3): x3 = 10,

2019-07-02 16:29:39 - [MESSAGE][INFO] - x3 = 10,

2019-07-02 16:29:39 - [TEST_STEP][PASSED] - x6 = x3.substring(0, x3.length() - 1): null

2019-07-02 16:29:39 - [TEST_STEP][PASSED] - comment("x6 = " + x6): x6 = 10

2019-07-02 16:29:39 - [MESSAGE][INFO] - x6 = 10

2019-07-02 16:29:39 - [TEST_STEP][FAILED] - click(findTestObject("OCS-MOBILE /Cart page/Quantity Input field")): click(findTestObject("OCS-MOBILE /Cart page/Quantity Input field")) FAILED.
Reason:
com.kms.katalon.core.exception.StepFailedException: Unable to click on object 'Object Repository/OCS-MOBILE /Cart page/Quantity Input field' (Root cause: com.kms.katalon.core.webui.exception.WebElementNotFoundException: Web element with id: 'Object Repository/OCS-MOBILE /Cart page/Quantity Input field' located by 'By.xpath: /html[1]/body[1]/div[3]/form[1]/section[1]/div[1]/div[2]/div[1]/div[2]/div[1]/div[1]/div[1]/div[1]/div[1]/input[1]' not found)
	at com.kms.katalon.core.keyword.internal.KeywordMain.stepFailed(KeywordMain.groovy:36)
	at com.kms.katalon.core.webui.keyword.internal.WebUIKeywordMain.stepFailed(WebUIKeywordMain.groovy:65)
	at com.kms.katalon.core.webui.keyword.internal.WebUIKeywordMain.runKeyword(WebUIKeywordMain.groovy:27)
	at com.kms.katalon.core.webui.keyword.builtin.ClickKeyword.click(ClickKeyword.groovy:86)
	at com.kms.katalon.core.webui.keyword.builtin.ClickKeyword.execute(ClickKeyword.groovy:67)
	at com.kms.katalon.core.keyword.internal.KeywordExecutor.executeKeywordForPlatform(KeywordExecutor.groovy:53)
	at com.kms.katalon.core.webui.keyword.WebUiBuiltInKeywords.click(WebUiBuiltInKeywords.groovy:616)
	at com.kms.katalon.core.webui.keyword.WebUiBuiltInKeywords$click$4.call(Unknown Source)
	at Cart page - increase qty - fr.run(Cart page - increase qty - fr:108)
	at com.kms.katalon.core.main.ScriptEngine.run(ScriptEngine.java:194)
	at com.kms.katalon.core.main.ScriptEngine.runScriptAsRawText(ScriptEngine.java:119)
	at com.kms.katalon.core.main.TestCaseExecutor.runScript(TestCaseExecutor.java:328)
	at com.kms.katalon.core.main.TestCaseExecutor.doExecute(TestCaseExecutor.java:319)
	at com.kms.katalon.core.main.TestCaseExecutor.processExecutionPhase(TestCaseExecutor.java:298)
	at com.kms.katalon.core.main.TestCaseExecutor.accessMainPhase(TestCaseExecutor.java:290)
	at com.kms.katalon.core.main.TestCaseExecutor.execute(TestCaseExecutor.java:224)
	at com.kms.katalon.core.main.TestSuiteExecutor.accessTestCaseMainPhase(TestSuiteExecutor.java:129)
	at com.kms.katalon.core.main.TestSuiteExecutor.accessTestSuiteMainPhase(TestSuiteExecutor.java:112)
	at com.kms.katalon.core.main.TestSuiteExecutor.execute(TestSuiteExecutor.java:81)
	at com.kms.katalon.core.main.TestCaseMain.startTestSuite(TestCaseMain.java:149)
	at com.kms.katalon.core.main.TestCaseMain$startTestSuite$0.call(Unknown Source)
	at TempTestSuite1562098461396.run(TempTestSuite1562098461396.groovy:36)


2019-07-02 16:30:10 - [MESSAGE][INFO] - Unable to find the element located by 'By.xpath: /html[1]/body[1]/div[3]/form[1]/section[1]/div[1]/div[2]/div[1]/div[2]/div[1]/div[1]/div[1]/div[1]/div[1]/input[1]'. Please recheck the objects properties to make sure the desired element is located. 

2019-07-02 16:30:10 - [MESSAGE][FAILED] - Unable to click on object 'Object Repository/OCS-MOBILE /Cart page/Quantity Input field' (Root cause: com.kms.katalon.core.webui.exception.WebElementNotFoundException: Web element with id: 'Object Repository/OCS-MOBILE /Cart page/Quantity Input field' located by 'By.xpath: /html[1]/body[1]/div[3]/form[1]/section[1]/div[1]/div[2]/div[1]/div[2]/div[1]/div[1]/div[1]/div[1]/div[1]/input[1]' not found)
[[ATTACHMENT|/Users/sumankompelly/Relative xpath-Mobile/Reports/1.11.1/20190702_161421/1562099410264.png]]

2019-07-02 16:30:10 - [MESSAGE][FAILED] - click(findTestObject("OCS-MOBILE /Cart page/Quantity Input field")) FAILED.
Reason:
com.kms.katalon.core.exception.StepFailedException: Unable to click on object 'Object Repository/OCS-MOBILE /Cart page/Quantity Input field' (Root cause: com.kms.katalon.core.webui.exception.WebElementNotFoundException: Web element with id: 'Object Repository/OCS-MOBILE /Cart page/Quantity Input field' located by 'By.xpath: /html[1]/body[1]/div[3]/form[1]/section[1]/div[1]/div[2]/div[1]/div[2]/div[1]/div[1]/div[1]/div[1]/div[1]/input[1]' not found)
	at com.kms.katalon.core.keyword.internal.KeywordMain.stepFailed(KeywordMain.groovy:36)
	at com.kms.katalon.core.webui.keyword.internal.WebUIKeywordMain.stepFailed(WebUIKeywordMain.groovy:65)
	at com.kms.katalon.core.webui.keyword.internal.WebUIKeywordMain.runKeyword(WebUIKeywordMain.groovy:27)
	at com.kms.katalon.core.webui.keyword.builtin.ClickKeyword.click(ClickKeyword.groovy:86)
	at com.kms.katalon.core.webui.keyword.builtin.ClickKeyword.execute(ClickKeyword.groovy:67)
	at com.kms.katalon.core.keyword.internal.KeywordExecutor.executeKeywordForPlatform(KeywordExecutor.groovy:53)
	at com.kms.katalon.core.webui.keyword.WebUiBuiltInKeywords.click(WebUiBuiltInKeywords.groovy:616)
	at com.kms.katalon.core.webui.keyword.WebUiBuiltInKeywords$click$4.call(Unknown Source)
	at Cart page - increase qty - fr.run(Cart page - increase qty - fr:108)
	at com.kms.katalon.core.main.ScriptEngine.run(ScriptEngine.java:194)
	at com.kms.katalon.core.main.ScriptEngine.runScriptAsRawText(ScriptEngine.java:119)
	at com.kms.katalon.core.main.TestCaseExecutor.runScript(TestCaseExecutor.java:328)
	at com.kms.katalon.core.main.TestCaseExecutor.doExecute(TestCaseExecutor.java:319)
	at com.kms.katalon.core.main.TestCaseExecutor.processExecutionPhase(TestCaseExecutor.java:298)
	at com.kms.katalon.core.main.TestCaseExecutor.accessMainPhase(TestCaseExecutor.java:290)
	at com.kms.katalon.core.main.TestCaseExecutor.execute(TestCaseExecutor.java:224)
	at com.kms.katalon.core.main.TestSuiteExecutor.accessTestCaseMainPhase(TestSuiteExecutor.java:129)
	at com.kms.katalon.core.main.TestSuiteExecutor.accessTestSuiteMainPhase(TestSuiteExecutor.java:112)
	at com.kms.katalon.core.main.TestSuiteExecutor.execute(TestSuiteExecutor.java:81)
	at com.kms.katalon.core.main.TestCaseMain.startTestSuite(TestCaseMain.java:149)
	at com.kms.katalon.core.main.TestCaseMain$startTestSuite$0.call(Unknown Source)
	at TempTestSuite1562098461396.run(TempTestSuite1562098461396.groovy:36)]]></system-out>
         <system-err><![CDATA[2019-07-02 16:28:26 - [TEST_CASE][FAILED] - Test Cases/OCS- FRENCH/CRITICAL PATH/Cart page - increase qty - fr: Test Cases/OCS- FRENCH/CRITICAL PATH/Cart page - increase qty - fr FAILED.
Reason:
com.kms.katalon.core.exception.StepFailedException: Unable to click on object 'Object Repository/OCS-MOBILE /Cart page/Quantity Input field' (Root cause: com.kms.katalon.core.webui.exception.WebElementNotFoundException: Web element with id: 'Object Repository/OCS-MOBILE /Cart page/Quantity Input field' located by 'By.xpath: /html[1]/body[1]/div[3]/form[1]/section[1]/div[1]/div[2]/div[1]/div[2]/div[1]/div[1]/div[1]/div[1]/div[1]/input[1]' not found)
	at com.kms.katalon.core.keyword.internal.KeywordMain.stepFailed(KeywordMain.groovy:36)
	at com.kms.katalon.core.webui.keyword.internal.WebUIKeywordMain.stepFailed(WebUIKeywordMain.groovy:65)
	at com.kms.katalon.core.webui.keyword.internal.WebUIKeywordMain.runKeyword(WebUIKeywordMain.groovy:27)
	at com.kms.katalon.core.webui.keyword.builtin.ClickKeyword.click(ClickKeyword.groovy:86)
	at com.kms.katalon.core.webui.keyword.builtin.ClickKeyword.execute(ClickKeyword.groovy:67)
	at com.kms.katalon.core.keyword.internal.KeywordExecutor.executeKeywordForPlatform(KeywordExecutor.groovy:53)
	at com.kms.katalon.core.webui.keyword.WebUiBuiltInKeywords.click(WebUiBuiltInKeywords.groovy:616)
	at com.kms.katalon.core.webui.keyword.WebUiBuiltInKeywords$click$4.call(Unknown Source)
	at Cart page - increase qty - fr.run(Cart page - increase qty - fr:108)
	at com.kms.katalon.core.main.ScriptEngine.run(ScriptEngine.java:194)
	at com.kms.katalon.core.main.ScriptEngine.runScriptAsRawText(ScriptEngine.java:119)
	at com.kms.katalon.core.main.TestCaseExecutor.runScript(TestCaseExecutor.java:328)
	at com.kms.katalon.core.main.TestCaseExecutor.doExecute(TestCaseExecutor.java:319)
	at com.kms.katalon.core.main.TestCaseExecutor.processExecutionPhase(TestCaseExecutor.java:298)
	at com.kms.katalon.core.main.TestCaseExecutor.accessMainPhase(TestCaseExecutor.java:290)
	at com.kms.katalon.core.main.TestCaseExecutor.execute(TestCaseExecutor.java:224)
	at com.kms.katalon.core.main.TestSuiteExecutor.accessTestCaseMainPhase(TestSuiteExecutor.java:129)
	at com.kms.katalon.core.main.TestSuiteExecutor.accessTestSuiteMainPhase(TestSuiteExecutor.java:112)
	at com.kms.katalon.core.main.TestSuiteExecutor.execute(TestSuiteExecutor.java:81)
	at com.kms.katalon.core.main.TestCaseMain.startTestSuite(TestCaseMain.java:149)
	at com.kms.katalon.core.main.TestCaseMain$startTestSuite$0.call(Unknown Source)
	at TempTestSuite1562098461396.run(TempTestSuite1562098461396.groovy:36)]]></system-err>
      </testcase>
      <testcase name="Test Cases/OCS- FRENCH/CRITICAL PATH/Cart -fr" classname="Test Cases/OCS- FRENCH/CRITICAL PATH/Cart -fr" status="FAILED">
         <failure type="FAILED" message="Test Cases/OCS- FRENCH/CRITICAL PATH/Cart -fr FAILED.
Reason:
com.kms.katalon.core.exception.StepFailedException: Unable to click on object 'Object Repository/OCS-MOBILE /Cart flyout/Back icon' (Root cause: org.openqa.selenium.ElementNotVisibleException: element not interactable
  (Session info: chrome=75.0.3770.100)
  (Driver info: chromedriver=2.43.600229 (3fae4d0cda5334b4f533bede5a4787f7b832d052),platform=Mac OS X 10.13.6 x86_64) (WARNING: The server did not provide any stacktrace information)
Command duration or timeout: 0 milliseconds
Build info: version: '3.7.1', revision: '8a0099a', time: '2017-11-06T21:07:36.161Z'
System info: host: 'sumans-MacBook-Pro.local', ip: 'fe80:0:0:0:98:5ae9:edb9:537f%en0', os.name: 'Mac OS X', os.arch: 'x86_64', os.version: '10.13.6', java.version: '1.8.0_181'
Driver info: com.kms.katalon.selenium.driver.CChromeDriver
Capabilities {acceptInsecureCerts: false, acceptSslCerts: false, applicationCacheEnabled: false, browserConnectionEnabled: false, browserName: chrome, chrome: {chromedriverVersion: 2.43.600229 (3fae4d0cda5334..., userDataDir: /var/folders/1t/c55l8xzs6gq...}, cssSelectorsEnabled: true, databaseEnabled: false, goog:chromeOptions: {debuggerAddress: localhost:59669}, handlesAlerts: true, hasTouchScreen: false, javascriptEnabled: true, locationContextEnabled: true, mobileEmulationEnabled: false, nativeEvents: true, networkConnectionEnabled: false, pageLoadStrategy: normal, platform: MAC, platformName: MAC, rotatable: false, setWindowRect: true, takesHeapSnapshot: true, takesScreenshot: true, unexpectedAlertBehaviour: , unhandledPromptBehavior: , version: 75.0.3770.100, webStorageEnabled: true}
Session ID: d6c7cae70f751976bb0dc6e401f78c9c)
	at com.kms.katalon.core.keyword.internal.KeywordMain.stepFailed(KeywordMain.groovy:36)
	at com.kms.katalon.core.webui.keyword.internal.WebUIKeywordMain.stepFailed(WebUIKeywordMain.groovy:65)
	at com.kms.katalon.core.webui.keyword.internal.WebUIKeywordMain.runKeyword(WebUIKeywordMain.groovy:27)
	at com.kms.katalon.core.webui.keyword.builtin.ClickKeyword.click(ClickKeyword.groovy:86)
	at com.kms.katalon.core.webui.keyword.builtin.ClickKeyword.execute(ClickKeyword.groovy:67)
	at com.kms.katalon.core.keyword.internal.KeywordExecutor.executeKeywordForPlatform(KeywordExecutor.groovy:53)
	at com.kms.katalon.core.webui.keyword.WebUiBuiltInKeywords.click(WebUiBuiltInKeywords.groovy:616)
	at com.kms.katalon.core.webui.keyword.WebUiBuiltInKeywords$click$4.call(Unknown Source)
	at Cart -fr.run(Cart -fr:60)
	at com.kms.katalon.core.main.ScriptEngine.run(ScriptEngine.java:194)
	at com.kms.katalon.core.main.ScriptEngine.runScriptAsRawText(ScriptEngine.java:119)
	at com.kms.katalon.core.main.TestCaseExecutor.runScript(TestCaseExecutor.java:328)
	at com.kms.katalon.core.main.TestCaseExecutor.doExecute(TestCaseExecutor.java:319)
	at com.kms.katalon.core.main.TestCaseExecutor.processExecutionPhase(TestCaseExecutor.java:298)
	at com.kms.katalon.core.main.TestCaseExecutor.accessMainPhase(TestCaseExecutor.java:290)
	at com.kms.katalon.core.main.TestCaseExecutor.execute(TestCaseExecutor.java:224)
	at com.kms.katalon.core.main.TestSuiteExecutor.accessTestCaseMainPhase(TestSuiteExecutor.java:129)
	at com.kms.katalon.core.main.TestSuiteExecutor.accessTestSuiteMainPhase(TestSuiteExecutor.java:112)
	at com.kms.katalon.core.main.TestSuiteExecutor.execute(TestSuiteExecutor.java:81)
	at com.kms.katalon.core.main.TestCaseMain.startTestSuite(TestCaseMain.java:149)
	at com.kms.katalon.core.main.TestCaseMain$startTestSuite$0.call(Unknown Source)
	at TempTestSuite1562098461396.run(TempTestSuite1562098461396.groovy:36)
"/>
         <system-out><![CDATA[2019-07-02 16:30:10 - [TEST_CASE][FAILED] - Test Cases/OCS- FRENCH/CRITICAL PATH/Cart -fr: Test Cases/OCS- FRENCH/CRITICAL PATH/Cart -fr FAILED.
Reason:
com.kms.katalon.core.exception.StepFailedException: Unable to click on object 'Object Repository/OCS-MOBILE /Cart flyout/Back icon' (Root cause: org.openqa.selenium.ElementNotVisibleException: element not interactable
  (Session info: chrome=75.0.3770.100)
  (Driver info: chromedriver=2.43.600229 (3fae4d0cda5334b4f533bede5a4787f7b832d052),platform=Mac OS X 10.13.6 x86_64) (WARNING: The server did not provide any stacktrace information)
Command duration or timeout: 0 milliseconds
Build info: version: '3.7.1', revision: '8a0099a', time: '2017-11-06T21:07:36.161Z'
System info: host: 'sumans-MacBook-Pro.local', ip: 'fe80:0:0:0:98:5ae9:edb9:537f%en0', os.name: 'Mac OS X', os.arch: 'x86_64', os.version: '10.13.6', java.version: '1.8.0_181'
Driver info: com.kms.katalon.selenium.driver.CChromeDriver
Capabilities {acceptInsecureCerts: false, acceptSslCerts: false, applicationCacheEnabled: false, browserConnectionEnabled: false, browserName: chrome, chrome: {chromedriverVersion: 2.43.600229 (3fae4d0cda5334..., userDataDir: /var/folders/1t/c55l8xzs6gq...}, cssSelectorsEnabled: true, databaseEnabled: false, goog:chromeOptions: {debuggerAddress: localhost:59669}, handlesAlerts: true, hasTouchScreen: false, javascriptEnabled: true, locationContextEnabled: true, mobileEmulationEnabled: false, nativeEvents: true, networkConnectionEnabled: false, pageLoadStrategy: normal, platform: MAC, platformName: MAC, rotatable: false, setWindowRect: true, takesHeapSnapshot: true, takesScreenshot: true, unexpectedAlertBehaviour: , unhandledPromptBehavior: , version: 75.0.3770.100, webStorageEnabled: true}
Session ID: d6c7cae70f751976bb0dc6e401f78c9c)
	at com.kms.katalon.core.keyword.internal.KeywordMain.stepFailed(KeywordMain.groovy:36)
	at com.kms.katalon.core.webui.keyword.internal.WebUIKeywordMain.stepFailed(WebUIKeywordMain.groovy:65)
	at com.kms.katalon.core.webui.keyword.internal.WebUIKeywordMain.runKeyword(WebUIKeywordMain.groovy:27)
	at com.kms.katalon.core.webui.keyword.builtin.ClickKeyword.click(ClickKeyword.groovy:86)
	at com.kms.katalon.core.webui.keyword.builtin.ClickKeyword.execute(ClickKeyword.groovy:67)
	at com.kms.katalon.core.keyword.internal.KeywordExecutor.executeKeywordForPlatform(KeywordExecutor.groovy:53)
	at com.kms.katalon.core.webui.keyword.WebUiBuiltInKeywords.click(WebUiBuiltInKeywords.groovy:616)
	at com.kms.katalon.core.webui.keyword.WebUiBuiltInKeywords$click$4.call(Unknown Source)
	at Cart -fr.run(Cart -fr:60)
	at com.kms.katalon.core.main.ScriptEngine.run(ScriptEngine.java:194)
	at com.kms.katalon.core.main.ScriptEngine.runScriptAsRawText(ScriptEngine.java:119)
	at com.kms.katalon.core.main.TestCaseExecutor.runScript(TestCaseExecutor.java:328)
	at com.kms.katalon.core.main.TestCaseExecutor.doExecute(TestCaseExecutor.java:319)
	at com.kms.katalon.core.main.TestCaseExecutor.processExecutionPhase(TestCaseExecutor.java:298)
	at com.kms.katalon.core.main.TestCaseExecutor.accessMainPhase(TestCaseExecutor.java:290)
	at com.kms.katalon.core.main.TestCaseExecutor.execute(TestCaseExecutor.java:224)
	at com.kms.katalon.core.main.TestSuiteExecutor.accessTestCaseMainPhase(TestSuiteExecutor.java:129)
	at com.kms.katalon.core.main.TestSuiteExecutor.accessTestSuiteMainPhase(TestSuiteExecutor.java:112)
	at com.kms.katalon.core.main.TestSuiteExecutor.execute(TestSuiteExecutor.java:81)
	at com.kms.katalon.core.main.TestCaseMain.startTestSuite(TestCaseMain.java:149)
	at com.kms.katalon.core.main.TestCaseMain$startTestSuite$0.call(Unknown Source)
	at TempTestSuite1562098461396.run(TempTestSuite1562098461396.groovy:36)


2019-07-02 16:30:10 - [TEST_STEP][PASSED] - callTestCase(findTestCase("OCS - MOBILE/CALL - AGE GATE"), [:], STOP_ON_FAILURE): Call Test Case 'Test Cases/OCS - MOBILE/CALL - AGE GATE' successfully

2019-07-02 16:30:10 - [TEST_CASE][PASSED] - Test Cases/OCS - MOBILE/CALL - AGE GATE: Test Cases/OCS - MOBILE/CALL - AGE GATE

2019-07-02 16:30:10 - [TEST_STEP][PASSED] - openBrowser(""): Browser is opened with url: ''

2019-07-02 16:30:10 - [MESSAGE][WARNING] - A browser is already opened. Closing browser and opening a new one

2019-07-02 16:30:11 - [MESSAGE][INFO] - Starting 'Chrome' driver

2019-07-02 16:30:12 - [MESSAGE][PASSED] - Browser is opened with url: ''

2019-07-02 16:30:12 - [TEST_STEP][PASSED] - navigateToUrl("https://ocs.ca/?fts=0&preview_theme_id=74203301708"): Navigate to 'https://ocs.ca/?fts=0&preview_theme_id=74203301708' successfully

2019-07-02 16:30:16 - [MESSAGE][PASSED] - Navigate to 'https://ocs.ca/?fts=0&preview_theme_id=74203301708' successfully

2019-07-02 16:30:16 - [TEST_STEP][PASSED] - executeJavaScript("var previewBar = document.getElementById("preview-bar-iframe"); previewBar.style.display = "none";", []): Execute JavaScript 'var previewBar = document.getElementById("preview-bar-iframe"); previewBar.style.display = "none";' successfully

2019-07-02 16:30:16 - [MESSAGE][PASSED] - Execute JavaScript 'var previewBar = document.getElementById("preview-bar-iframe"); previewBar.style.display = "none";' successfully

2019-07-02 16:30:16 - [TEST_STEP][PASSED] - setViewPortSize(360, 800): Viewport is set to new size with width = 360 and height = 800

2019-07-02 16:30:17 - [MESSAGE][PASSED] - Viewport is set to new size with width = 360 and height = 800

2019-07-02 16:30:17 - [TEST_STEP][PASSED] - delay(4): Delayed 4 second(s)

2019-07-02 16:30:21 - [MESSAGE][PASSED] - Delayed 4 second(s)

2019-07-02 16:30:21 - [TEST_STEP][PASSED] - selectOptionByValue(findTestObject("OCS-MOBILE /Age gate and burger menu/Date"), "12", true): All options with value '12' are selected in object 'Object Repository/OCS-MOBILE /Age gate and burger menu/Date'  using regular expression

2019-07-02 16:30:21 - [MESSAGE][PASSED] - All options with value '12' are selected in object 'Object Repository/OCS-MOBILE /Age gate and burger menu/Date'  using regular expression

2019-07-02 16:30:21 - [TEST_STEP][PASSED] - selectOptionByValue(findTestObject("OCS-MOBILE /Age gate and burger menu/month"), "6", true): All options with value '6' are selected in object 'Object Repository/OCS-MOBILE /Age gate and burger menu/month'  using regular expression

2019-07-02 16:30:21 - [MESSAGE][PASSED] - All options with value '6' are selected in object 'Object Repository/OCS-MOBILE /Age gate and burger menu/month'  using regular expression

2019-07-02 16:30:21 - [TEST_STEP][PASSED] - delay(2): Delayed 2 second(s)

2019-07-02 16:30:23 - [MESSAGE][PASSED] - Delayed 2 second(s)

2019-07-02 16:30:23 - [TEST_STEP][PASSED] - selectOptionByValue(findTestObject("OCS-MOBILE /Age gate and burger menu/Year Dropdown"), "1990", true): All options with value '1990' are selected in object 'Object Repository/OCS-MOBILE /Age gate and burger menu/Year Dropdown'  using regular expression

2019-07-02 16:30:24 - [MESSAGE][PASSED] - All options with value '1990' are selected in object 'Object Repository/OCS-MOBILE /Age gate and burger menu/Year Dropdown'  using regular expression

2019-07-02 16:30:24 - [TEST_STEP][PASSED] - click(findTestObject("OCS-MOBILE /Age gate and Mega menu/button_Verify")): Object: 'Object Repository/OCS-MOBILE /Age gate and Mega menu/button_Verify' is clicked on

2019-07-02 16:30:24 - [MESSAGE][PASSED] - Object: 'Object Repository/OCS-MOBILE /Age gate and Mega menu/button_Verify' is clicked on

2019-07-02 16:30:24 - [TEST_STEP][PASSED] - click(findTestObject("OCS-MOBILE /Age gate and Mega menu/Checkbox_CONFIRM AND ACKNOWLEDGE")): Object: 'Object Repository/OCS-MOBILE /Age gate and Mega menu/Checkbox_CONFIRM AND ACKNOWLEDGE' is clicked on

2019-07-02 16:30:24 - [MESSAGE][PASSED] - Object: 'Object Repository/OCS-MOBILE /Age gate and Mega menu/Checkbox_CONFIRM AND ACKNOWLEDGE' is clicked on

2019-07-02 16:30:24 - [TEST_STEP][PASSED] - click(findTestObject("OCS-MOBILE /Age gate and Mega menu/button_CONFIRM")): Object: 'Object Repository/OCS-MOBILE /Age gate and Mega menu/button_CONFIRM' is clicked on

2019-07-02 16:30:24 - [MESSAGE][PASSED] - Object: 'Object Repository/OCS-MOBILE /Age gate and Mega menu/button_CONFIRM' is clicked on

2019-07-02 16:30:24 - [TEST_STEP][PASSED] - click(findTestObject("OCS-MOBILE /Age gate and Mega menu/button_Start Browsing")): Object: 'Object Repository/OCS-MOBILE /Age gate and Mega menu/button_Start Browsing' is clicked on

2019-07-02 16:30:24 - [MESSAGE][PASSED] - Object: 'Object Repository/OCS-MOBILE /Age gate and Mega menu/button_Start Browsing' is clicked on

2019-07-02 16:30:24 - [TEST_STEP][PASSED] - refresh(): Refresh successfully

2019-07-02 16:30:24 - [MESSAGE][PASSED] - Refresh successfully

2019-07-02 16:30:24 - [TEST_STEP][PASSED] - executeJavaScript("var previewBar = document.getElementById("preview-bar-iframe"); previewBar.style.display = "none";", []): Execute JavaScript 'var previewBar = document.getElementById("preview-bar-iframe"); previewBar.style.display = "none";' successfully

2019-07-02 16:30:27 - [MESSAGE][PASSED] - Execute JavaScript 'var previewBar = document.getElementById("preview-bar-iframe"); previewBar.style.display = "none";' successfully

2019-07-02 16:30:27 - [MESSAGE][PASSED] - Call Test Case 'Test Cases/OCS - MOBILE/CALL - AGE GATE' successfully

2019-07-02 16:30:27 - [TEST_STEP][PASSED] - callTestCase(findTestCase("OCS - MOBILE/CALL- TOGGLING LANGUAGE"), [:], STOP_ON_FAILURE): Call Test Case 'Test Cases/OCS - MOBILE/CALL- TOGGLING LANGUAGE' successfully

2019-07-02 16:30:27 - [TEST_CASE][PASSED] - Test Cases/OCS - MOBILE/CALL- TOGGLING LANGUAGE: Test Cases/OCS - MOBILE/CALL- TOGGLING LANGUAGE

2019-07-02 16:30:27 - [TEST_STEP][PASSED] - delay(2): Delayed 2 second(s)

2019-07-02 16:30:29 - [MESSAGE][PASSED] - Delayed 2 second(s)

2019-07-02 16:30:29 - [TEST_STEP][PASSED] - click(findTestObject("OCS-MOBILE /Age gate and burger menu/Burger menu - English")): Object: 'Object Repository/OCS-MOBILE /Age gate and burger menu/Burger menu - English' is clicked on

2019-07-02 16:30:29 - [MESSAGE][PASSED] - Object: 'Object Repository/OCS-MOBILE /Age gate and burger menu/Burger menu - English' is clicked on

2019-07-02 16:30:29 - [TEST_STEP][PASSED] - delay(2): Delayed 2 second(s)

2019-07-02 16:30:31 - [MESSAGE][PASSED] - Delayed 2 second(s)

2019-07-02 16:30:31 - [TEST_STEP][PASSED] - click(findTestObject("OCS-MOBILE /Cart flyout/English dropdown")): Object: 'Object Repository/OCS-MOBILE /Cart flyout/English dropdown' is clicked on

2019-07-02 16:30:32 - [MESSAGE][PASSED] - Object: 'Object Repository/OCS-MOBILE /Cart flyout/English dropdown' is clicked on

2019-07-02 16:30:32 - [TEST_STEP][PASSED] - delay(2): Delayed 2 second(s)

2019-07-02 16:30:34 - [MESSAGE][PASSED] - Delayed 2 second(s)

2019-07-02 16:30:34 - [TEST_STEP][PASSED] - executeJavaScript("var previewBar = document.getElementById("preview-bar-iframe"); previewBar.style.display = "none";", []): Execute JavaScript 'var previewBar = document.getElementById("preview-bar-iframe"); previewBar.style.display = "none";' successfully

2019-07-02 16:30:34 - [MESSAGE][PASSED] - Execute JavaScript 'var previewBar = document.getElementById("preview-bar-iframe"); previewBar.style.display = "none";' successfully

2019-07-02 16:30:34 - [TEST_STEP][PASSED] - click(findTestObject("OCS-MOBILE /Cart flyout/Select French")): Object: 'Object Repository/OCS-MOBILE /Cart flyout/Select French' is clicked on

2019-07-02 16:30:34 - [MESSAGE][PASSED] - Object: 'Object Repository/OCS-MOBILE /Cart flyout/Select French' is clicked on

2019-07-02 16:30:34 - [MESSAGE][PASSED] - Call Test Case 'Test Cases/OCS - MOBILE/CALL- TOGGLING LANGUAGE' successfully

2019-07-02 16:30:34 - [TEST_STEP][PASSED] - delay(2): Delayed 2 second(s)

2019-07-02 16:30:36 - [MESSAGE][PASSED] - Delayed 2 second(s)

2019-07-02 16:30:36 - [TEST_STEP][PASSED] - click(findTestObject("OCS-MOBILE /Age gate and burger menu/Burger menu - English")): Object: 'Object Repository/OCS-MOBILE /Age gate and burger menu/Burger menu - English' is clicked on

2019-07-02 16:30:39 - [MESSAGE][PASSED] - Object: 'Object Repository/OCS-MOBILE /Age gate and burger menu/Burger menu - English' is clicked on

2019-07-02 16:30:39 - [TEST_STEP][PASSED] - delay(2): Delayed 2 second(s)

2019-07-02 16:30:41 - [MESSAGE][PASSED] - Delayed 2 second(s)

2019-07-02 16:30:41 - [TEST_STEP][PASSED] - click(findTestObject("OCS-MOBILE /Age gate and burger menu/Chevron_Cannabis")): Object: 'Object Repository/OCS-MOBILE /Age gate and burger menu/Chevron_Cannabis' is clicked on

2019-07-02 16:30:41 - [MESSAGE][PASSED] - Object: 'Object Repository/OCS-MOBILE /Age gate and burger menu/Chevron_Cannabis' is clicked on

2019-07-02 16:30:41 - [TEST_STEP][PASSED] - delay(2): Delayed 2 second(s)

2019-07-02 16:30:43 - [MESSAGE][PASSED] - Delayed 2 second(s)

2019-07-02 16:30:43 - [TEST_STEP][PASSED] - click(findTestObject("OCS-MOBILE /Age gate and burger menu/Dried Flower_Plus icon")): Object: 'Object Repository/OCS-MOBILE /Age gate and burger menu/Dried Flower_Plus icon' is clicked on

2019-07-02 16:30:43 - [MESSAGE][PASSED] - Object: 'Object Repository/OCS-MOBILE /Age gate and burger menu/Dried Flower_Plus icon' is clicked on

2019-07-02 16:30:43 - [TEST_STEP][PASSED] - delay(2): Delayed 2 second(s)

2019-07-02 16:30:45 - [MESSAGE][PASSED] - Delayed 2 second(s)

2019-07-02 16:30:45 - [TEST_STEP][PASSED] - click(findTestObject("OCS- FRENCH/Indica Dominant_Menu item")): Object: 'Object Repository/OCS- FRENCH/Indica Dominant_Menu item' is clicked on

2019-07-02 16:30:49 - [MESSAGE][PASSED] - Object: 'Object Repository/OCS- FRENCH/Indica Dominant_Menu item' is clicked on

2019-07-02 16:30:49 - [TEST_STEP][PASSED] - executeJavaScript("var previewBar = document.getElementById("preview-bar-iframe"); previewBar.style.display = "none";", []): Execute JavaScript 'var previewBar = document.getElementById("preview-bar-iframe"); previewBar.style.display = "none";' successfully

2019-07-02 16:30:49 - [MESSAGE][PASSED] - Execute JavaScript 'var previewBar = document.getElementById("preview-bar-iframe"); previewBar.style.display = "none";' successfully

2019-07-02 16:30:49 - [TEST_STEP][PASSED] - delay(2): Delayed 2 second(s)

2019-07-02 16:30:51 - [MESSAGE][PASSED] - Delayed 2 second(s)

2019-07-02 16:30:51 - [TEST_STEP][PASSED] - click(findTestObject("OCS- FRENCH/Product image - 1st one")): Object: 'Object Repository/OCS- FRENCH/Product image - 1st one' is clicked on

2019-07-02 16:30:55 - [MESSAGE][PASSED] - Object: 'Object Repository/OCS- FRENCH/Product image - 1st one' is clicked on

2019-07-02 16:30:55 - [TEST_STEP][PASSED] - executeJavaScript("var previewBar = document.getElementById("preview-bar-iframe"); previewBar.style.display = "none";", []): Execute JavaScript 'var previewBar = document.getElementById("preview-bar-iframe"); previewBar.style.display = "none";' successfully

2019-07-02 16:30:55 - [MESSAGE][PASSED] - Execute JavaScript 'var previewBar = document.getElementById("preview-bar-iframe"); previewBar.style.display = "none";' successfully

2019-07-02 16:30:55 - [TEST_STEP][PASSED] - delay(2): Delayed 2 second(s)

2019-07-02 16:30:57 - [MESSAGE][PASSED] - Delayed 2 second(s)

2019-07-02 16:30:57 - [TEST_STEP][PASSED] - click(findTestObject("OCS-MOBILE /Product page/Swatch_1g")): Object: 'Object Repository/OCS-MOBILE /Product page/Swatch_1g' is clicked on

2019-07-02 16:30:57 - [MESSAGE][PASSED] - Object: 'Object Repository/OCS-MOBILE /Product page/Swatch_1g' is clicked on

2019-07-02 16:30:57 - [TEST_STEP][PASSED] - delay(2): Delayed 2 second(s)

2019-07-02 16:30:59 - [MESSAGE][PASSED] - Delayed 2 second(s)

2019-07-02 16:30:59 - [TEST_STEP][PASSED] - click(findTestObject("OCS-MOBILE /Product page/Add to Bag-button")): Object: 'Object Repository/OCS-MOBILE /Product page/Add to Bag-button' is clicked on

2019-07-02 16:30:59 - [MESSAGE][PASSED] - Object: 'Object Repository/OCS-MOBILE /Product page/Add to Bag-button' is clicked on

2019-07-02 16:30:59 - [TEST_STEP][PASSED] - delay(4): Delayed 4 second(s)

2019-07-02 16:31:03 - [MESSAGE][PASSED] - Delayed 4 second(s)

2019-07-02 16:31:03 - [TEST_STEP][NOT_RUN] - click(findTestObject("OCS-MOBILE /Home - page/Cart icon -bag")): NOT_RUN: click(findTestObject("OCS-MOBILE /Home - page/Cart icon -bag"))

2019-07-02 16:31:03 - [MESSAGE][NOT_RUN] - NOT_RUN: click(findTestObject("OCS-MOBILE /Home - page/Cart icon -bag"))

2019-07-02 16:31:03 - [TEST_STEP][PASSED] - delay(4, OPTIONAL): Delayed 4 second(s)

2019-07-02 16:31:07 - [MESSAGE][PASSED] - Delayed 4 second(s)

2019-07-02 16:31:07 - [TEST_STEP][FAILED] - click(findTestObject("OCS-MOBILE /Cart flyout/Back icon")): click(findTestObject("OCS-MOBILE /Cart flyout/Back icon")) FAILED.
Reason:
com.kms.katalon.core.exception.StepFailedException: Unable to click on object 'Object Repository/OCS-MOBILE /Cart flyout/Back icon' (Root cause: org.openqa.selenium.ElementNotVisibleException: element not interactable
  (Session info: chrome=75.0.3770.100)
  (Driver info: chromedriver=2.43.600229 (3fae4d0cda5334b4f533bede5a4787f7b832d052),platform=Mac OS X 10.13.6 x86_64) (WARNING: The server did not provide any stacktrace information)
Command duration or timeout: 0 milliseconds
Build info: version: '3.7.1', revision: '8a0099a', time: '2017-11-06T21:07:36.161Z'
System info: host: 'sumans-MacBook-Pro.local', ip: 'fe80:0:0:0:98:5ae9:edb9:537f%en0', os.name: 'Mac OS X', os.arch: 'x86_64', os.version: '10.13.6', java.version: '1.8.0_181'
Driver info: com.kms.katalon.selenium.driver.CChromeDriver
Capabilities {acceptInsecureCerts: false, acceptSslCerts: false, applicationCacheEnabled: false, browserConnectionEnabled: false, browserName: chrome, chrome: {chromedriverVersion: 2.43.600229 (3fae4d0cda5334..., userDataDir: /var/folders/1t/c55l8xzs6gq...}, cssSelectorsEnabled: true, databaseEnabled: false, goog:chromeOptions: {debuggerAddress: localhost:59669}, handlesAlerts: true, hasTouchScreen: false, javascriptEnabled: true, locationContextEnabled: true, mobileEmulationEnabled: false, nativeEvents: true, networkConnectionEnabled: false, pageLoadStrategy: normal, platform: MAC, platformName: MAC, rotatable: false, setWindowRect: true, takesHeapSnapshot: true, takesScreenshot: true, unexpectedAlertBehaviour: , unhandledPromptBehavior: , version: 75.0.3770.100, webStorageEnabled: true}
Session ID: d6c7cae70f751976bb0dc6e401f78c9c)
	at com.kms.katalon.core.keyword.internal.KeywordMain.stepFailed(KeywordMain.groovy:36)
	at com.kms.katalon.core.webui.keyword.internal.WebUIKeywordMain.stepFailed(WebUIKeywordMain.groovy:65)
	at com.kms.katalon.core.webui.keyword.internal.WebUIKeywordMain.runKeyword(WebUIKeywordMain.groovy:27)
	at com.kms.katalon.core.webui.keyword.builtin.ClickKeyword.click(ClickKeyword.groovy:86)
	at com.kms.katalon.core.webui.keyword.builtin.ClickKeyword.execute(ClickKeyword.groovy:67)
	at com.kms.katalon.core.keyword.internal.KeywordExecutor.executeKeywordForPlatform(KeywordExecutor.groovy:53)
	at com.kms.katalon.core.webui.keyword.WebUiBuiltInKeywords.click(WebUiBuiltInKeywords.groovy:616)
	at com.kms.katalon.core.webui.keyword.WebUiBuiltInKeywords$click$4.call(Unknown Source)
	at Cart -fr.run(Cart -fr:60)
	at com.kms.katalon.core.main.ScriptEngine.run(ScriptEngine.java:194)
	at com.kms.katalon.core.main.ScriptEngine.runScriptAsRawText(ScriptEngine.java:119)
	at com.kms.katalon.core.main.TestCaseExecutor.runScript(TestCaseExecutor.java:328)
	at com.kms.katalon.core.main.TestCaseExecutor.doExecute(TestCaseExecutor.java:319)
	at com.kms.katalon.core.main.TestCaseExecutor.processExecutionPhase(TestCaseExecutor.java:298)
	at com.kms.katalon.core.main.TestCaseExecutor.accessMainPhase(TestCaseExecutor.java:290)
	at com.kms.katalon.core.main.TestCaseExecutor.execute(TestCaseExecutor.java:224)
	at com.kms.katalon.core.main.TestSuiteExecutor.accessTestCaseMainPhase(TestSuiteExecutor.java:129)
	at com.kms.katalon.core.main.TestSuiteExecutor.accessTestSuiteMainPhase(TestSuiteExecutor.java:112)
	at com.kms.katalon.core.main.TestSuiteExecutor.execute(TestSuiteExecutor.java:81)
	at com.kms.katalon.core.main.TestCaseMain.startTestSuite(TestCaseMain.java:149)
	at com.kms.katalon.core.main.TestCaseMain$startTestSuite$0.call(Unknown Source)
	at TempTestSuite1562098461396.run(TempTestSuite1562098461396.groovy:36)


2019-07-02 16:31:07 - [MESSAGE][FAILED] - Unable to click on object 'Object Repository/OCS-MOBILE /Cart flyout/Back icon' (Root cause: org.openqa.selenium.ElementNotVisibleException: element not interactable
  (Session info: chrome=75.0.3770.100)
  (Driver info: chromedriver=2.43.600229 (3fae4d0cda5334b4f533bede5a4787f7b832d052),platform=Mac OS X 10.13.6 x86_64) (WARNING: The server did not provide any stacktrace information)
Command duration or timeout: 0 milliseconds
Build info: version: '3.7.1', revision: '8a0099a', time: '2017-11-06T21:07:36.161Z'
System info: host: 'sumans-MacBook-Pro.local', ip: 'fe80:0:0:0:98:5ae9:edb9:537f%en0', os.name: 'Mac OS X', os.arch: 'x86_64', os.version: '10.13.6', java.version: '1.8.0_181'
Driver info: com.kms.katalon.selenium.driver.CChromeDriver
Capabilities {acceptInsecureCerts: false, acceptSslCerts: false, applicationCacheEnabled: false, browserConnectionEnabled: false, browserName: chrome, chrome: {chromedriverVersion: 2.43.600229 (3fae4d0cda5334..., userDataDir: /var/folders/1t/c55l8xzs6gq...}, cssSelectorsEnabled: true, databaseEnabled: false, goog:chromeOptions: {debuggerAddress: localhost:59669}, handlesAlerts: true, hasTouchScreen: false, javascriptEnabled: true, locationContextEnabled: true, mobileEmulationEnabled: false, nativeEvents: true, networkConnectionEnabled: false, pageLoadStrategy: normal, platform: MAC, platformName: MAC, rotatable: false, setWindowRect: true, takesHeapSnapshot: true, takesScreenshot: true, unexpectedAlertBehaviour: , unhandledPromptBehavior: , version: 75.0.3770.100, webStorageEnabled: true}
Session ID: d6c7cae70f751976bb0dc6e401f78c9c)
[[ATTACHMENT|/Users/sumankompelly/Relative xpath-Mobile/Reports/1.11.1/20190702_161421/1562099467416.png]]

2019-07-02 16:31:07 - [MESSAGE][FAILED] - click(findTestObject("OCS-MOBILE /Cart flyout/Back icon")) FAILED.
Reason:
com.kms.katalon.core.exception.StepFailedException: Unable to click on object 'Object Repository/OCS-MOBILE /Cart flyout/Back icon' (Root cause: org.openqa.selenium.ElementNotVisibleException: element not interactable
  (Session info: chrome=75.0.3770.100)
  (Driver info: chromedriver=2.43.600229 (3fae4d0cda5334b4f533bede5a4787f7b832d052),platform=Mac OS X 10.13.6 x86_64) (WARNING: The server did not provide any stacktrace information)
Command duration or timeout: 0 milliseconds
Build info: version: '3.7.1', revision: '8a0099a', time: '2017-11-06T21:07:36.161Z'
System info: host: 'sumans-MacBook-Pro.local', ip: 'fe80:0:0:0:98:5ae9:edb9:537f%en0', os.name: 'Mac OS X', os.arch: 'x86_64', os.version: '10.13.6', java.version: '1.8.0_181'
Driver info: com.kms.katalon.selenium.driver.CChromeDriver
Capabilities {acceptInsecureCerts: false, acceptSslCerts: false, applicationCacheEnabled: false, browserConnectionEnabled: false, browserName: chrome, chrome: {chromedriverVersion: 2.43.600229 (3fae4d0cda5334..., userDataDir: /var/folders/1t/c55l8xzs6gq...}, cssSelectorsEnabled: true, databaseEnabled: false, goog:chromeOptions: {debuggerAddress: localhost:59669}, handlesAlerts: true, hasTouchScreen: false, javascriptEnabled: true, locationContextEnabled: true, mobileEmulationEnabled: false, nativeEvents: true, networkConnectionEnabled: false, pageLoadStrategy: normal, platform: MAC, platformName: MAC, rotatable: false, setWindowRect: true, takesHeapSnapshot: true, takesScreenshot: true, unexpectedAlertBehaviour: , unhandledPromptBehavior: , version: 75.0.3770.100, webStorageEnabled: true}
Session ID: d6c7cae70f751976bb0dc6e401f78c9c)
	at com.kms.katalon.core.keyword.internal.KeywordMain.stepFailed(KeywordMain.groovy:36)
	at com.kms.katalon.core.webui.keyword.internal.WebUIKeywordMain.stepFailed(WebUIKeywordMain.groovy:65)
	at com.kms.katalon.core.webui.keyword.internal.WebUIKeywordMain.runKeyword(WebUIKeywordMain.groovy:27)
	at com.kms.katalon.core.webui.keyword.builtin.ClickKeyword.click(ClickKeyword.groovy:86)
	at com.kms.katalon.core.webui.keyword.builtin.ClickKeyword.execute(ClickKeyword.groovy:67)
	at com.kms.katalon.core.keyword.internal.KeywordExecutor.executeKeywordForPlatform(KeywordExecutor.groovy:53)
	at com.kms.katalon.core.webui.keyword.WebUiBuiltInKeywords.click(WebUiBuiltInKeywords.groovy:616)
	at com.kms.katalon.core.webui.keyword.WebUiBuiltInKeywords$click$4.call(Unknown Source)
	at Cart -fr.run(Cart -fr:60)
	at com.kms.katalon.core.main.ScriptEngine.run(ScriptEngine.java:194)
	at com.kms.katalon.core.main.ScriptEngine.runScriptAsRawText(ScriptEngine.java:119)
	at com.kms.katalon.core.main.TestCaseExecutor.runScript(TestCaseExecutor.java:328)
	at com.kms.katalon.core.main.TestCaseExecutor.doExecute(TestCaseExecutor.java:319)
	at com.kms.katalon.core.main.TestCaseExecutor.processExecutionPhase(TestCaseExecutor.java:298)
	at com.kms.katalon.core.main.TestCaseExecutor.accessMainPhase(TestCaseExecutor.java:290)
	at com.kms.katalon.core.main.TestCaseExecutor.execute(TestCaseExecutor.java:224)
	at com.kms.katalon.core.main.TestSuiteExecutor.accessTestCaseMainPhase(TestSuiteExecutor.java:129)
	at com.kms.katalon.core.main.TestSuiteExecutor.accessTestSuiteMainPhase(TestSuiteExecutor.java:112)
	at com.kms.katalon.core.main.TestSuiteExecutor.execute(TestSuiteExecutor.java:81)
	at com.kms.katalon.core.main.TestCaseMain.startTestSuite(TestCaseMain.java:149)
	at com.kms.katalon.core.main.TestCaseMain$startTestSuite$0.call(Unknown Source)
	at TempTestSuite1562098461396.run(TempTestSuite1562098461396.groovy:36)]]></system-out>
         <system-err><![CDATA[2019-07-02 16:30:10 - [TEST_CASE][FAILED] - Test Cases/OCS- FRENCH/CRITICAL PATH/Cart -fr: Test Cases/OCS- FRENCH/CRITICAL PATH/Cart -fr FAILED.
Reason:
com.kms.katalon.core.exception.StepFailedException: Unable to click on object 'Object Repository/OCS-MOBILE /Cart flyout/Back icon' (Root cause: org.openqa.selenium.ElementNotVisibleException: element not interactable
  (Session info: chrome=75.0.3770.100)
  (Driver info: chromedriver=2.43.600229 (3fae4d0cda5334b4f533bede5a4787f7b832d052),platform=Mac OS X 10.13.6 x86_64) (WARNING: The server did not provide any stacktrace information)
Command duration or timeout: 0 milliseconds
Build info: version: '3.7.1', revision: '8a0099a', time: '2017-11-06T21:07:36.161Z'
System info: host: 'sumans-MacBook-Pro.local', ip: 'fe80:0:0:0:98:5ae9:edb9:537f%en0', os.name: 'Mac OS X', os.arch: 'x86_64', os.version: '10.13.6', java.version: '1.8.0_181'
Driver info: com.kms.katalon.selenium.driver.CChromeDriver
Capabilities {acceptInsecureCerts: false, acceptSslCerts: false, applicationCacheEnabled: false, browserConnectionEnabled: false, browserName: chrome, chrome: {chromedriverVersion: 2.43.600229 (3fae4d0cda5334..., userDataDir: /var/folders/1t/c55l8xzs6gq...}, cssSelectorsEnabled: true, databaseEnabled: false, goog:chromeOptions: {debuggerAddress: localhost:59669}, handlesAlerts: true, hasTouchScreen: false, javascriptEnabled: true, locationContextEnabled: true, mobileEmulationEnabled: false, nativeEvents: true, networkConnectionEnabled: false, pageLoadStrategy: normal, platform: MAC, platformName: MAC, rotatable: false, setWindowRect: true, takesHeapSnapshot: true, takesScreenshot: true, unexpectedAlertBehaviour: , unhandledPromptBehavior: , version: 75.0.3770.100, webStorageEnabled: true}
Session ID: d6c7cae70f751976bb0dc6e401f78c9c)
	at com.kms.katalon.core.keyword.internal.KeywordMain.stepFailed(KeywordMain.groovy:36)
	at com.kms.katalon.core.webui.keyword.internal.WebUIKeywordMain.stepFailed(WebUIKeywordMain.groovy:65)
	at com.kms.katalon.core.webui.keyword.internal.WebUIKeywordMain.runKeyword(WebUIKeywordMain.groovy:27)
	at com.kms.katalon.core.webui.keyword.builtin.ClickKeyword.click(ClickKeyword.groovy:86)
	at com.kms.katalon.core.webui.keyword.builtin.ClickKeyword.execute(ClickKeyword.groovy:67)
	at com.kms.katalon.core.keyword.internal.KeywordExecutor.executeKeywordForPlatform(KeywordExecutor.groovy:53)
	at com.kms.katalon.core.webui.keyword.WebUiBuiltInKeywords.click(WebUiBuiltInKeywords.groovy:616)
	at com.kms.katalon.core.webui.keyword.WebUiBuiltInKeywords$click$4.call(Unknown Source)
	at Cart -fr.run(Cart -fr:60)
	at com.kms.katalon.core.main.ScriptEngine.run(ScriptEngine.java:194)
	at com.kms.katalon.core.main.ScriptEngine.runScriptAsRawText(ScriptEngine.java:119)
	at com.kms.katalon.core.main.TestCaseExecutor.runScript(TestCaseExecutor.java:328)
	at com.kms.katalon.core.main.TestCaseExecutor.doExecute(TestCaseExecutor.java:319)
	at com.kms.katalon.core.main.TestCaseExecutor.processExecutionPhase(TestCaseExecutor.java:298)
	at com.kms.katalon.core.main.TestCaseExecutor.accessMainPhase(TestCaseExecutor.java:290)
	at com.kms.katalon.core.main.TestCaseExecutor.execute(TestCaseExecutor.java:224)
	at com.kms.katalon.core.main.TestSuiteExecutor.accessTestCaseMainPhase(TestSuiteExecutor.java:129)
	at com.kms.katalon.core.main.TestSuiteExecutor.accessTestSuiteMainPhase(TestSuiteExecutor.java:112)
	at com.kms.katalon.core.main.TestSuiteExecutor.execute(TestSuiteExecutor.java:81)
	at com.kms.katalon.core.main.TestCaseMain.startTestSuite(TestCaseMain.java:149)
	at com.kms.katalon.core.main.TestCaseMain$startTestSuite$0.call(Unknown Source)
	at TempTestSuite1562098461396.run(TempTestSuite1562098461396.groovy:36)]]></system-err>
      </testcase>
      <testcase name="Test Cases/OCS - MOBILE/OCS- CRITICAL PATH/Cart flyout- increase qty" classname="Test Cases/OCS - MOBILE/OCS- CRITICAL PATH/Cart flyout- increase qty" status="PASSED">
         <system-out><![CDATA[2019-07-02 16:31:07 - [TEST_CASE][PASSED] - Test Cases/OCS - MOBILE/OCS- CRITICAL PATH/Cart flyout- increase qty: Test Cases/OCS - MOBILE/OCS- CRITICAL PATH/Cart flyout- increase qty

2019-07-02 16:31:07 - [TEST_STEP][PASSED] - callTestCase(findTestCase("OCS - MOBILE/CALL - AGE GATE"), [:], STOP_ON_FAILURE): Call Test Case 'Test Cases/OCS - MOBILE/CALL - AGE GATE' successfully

2019-07-02 16:31:07 - [TEST_CASE][PASSED] - Test Cases/OCS - MOBILE/CALL - AGE GATE: Test Cases/OCS - MOBILE/CALL - AGE GATE

2019-07-02 16:31:07 - [TEST_STEP][PASSED] - openBrowser(""): Browser is opened with url: ''

2019-07-02 16:31:07 - [MESSAGE][WARNING] - A browser is already opened. Closing browser and opening a new one

2019-07-02 16:31:07 - [MESSAGE][INFO] - Starting 'Chrome' driver

2019-07-02 16:31:09 - [MESSAGE][PASSED] - Browser is opened with url: ''

2019-07-02 16:31:09 - [TEST_STEP][PASSED] - navigateToUrl("https://ocs.ca/?fts=0&preview_theme_id=74203301708"): Navigate to 'https://ocs.ca/?fts=0&preview_theme_id=74203301708' successfully

2019-07-02 16:31:14 - [MESSAGE][PASSED] - Navigate to 'https://ocs.ca/?fts=0&preview_theme_id=74203301708' successfully

2019-07-02 16:31:14 - [TEST_STEP][PASSED] - executeJavaScript("var previewBar = document.getElementById("preview-bar-iframe"); previewBar.style.display = "none";", []): Execute JavaScript 'var previewBar = document.getElementById("preview-bar-iframe"); previewBar.style.display = "none";' successfully

2019-07-02 16:31:14 - [MESSAGE][PASSED] - Execute JavaScript 'var previewBar = document.getElementById("preview-bar-iframe"); previewBar.style.display = "none";' successfully

2019-07-02 16:31:14 - [TEST_STEP][PASSED] - setViewPortSize(360, 800): Viewport is set to new size with width = 360 and height = 800

2019-07-02 16:31:14 - [MESSAGE][PASSED] - Viewport is set to new size with width = 360 and height = 800

2019-07-02 16:31:14 - [TEST_STEP][PASSED] - delay(4): Delayed 4 second(s)

2019-07-02 16:31:18 - [MESSAGE][PASSED] - Delayed 4 second(s)

2019-07-02 16:31:18 - [TEST_STEP][PASSED] - selectOptionByValue(findTestObject("OCS-MOBILE /Age gate and burger menu/Date"), "12", true): All options with value '12' are selected in object 'Object Repository/OCS-MOBILE /Age gate and burger menu/Date'  using regular expression

2019-07-02 16:31:18 - [MESSAGE][PASSED] - All options with value '12' are selected in object 'Object Repository/OCS-MOBILE /Age gate and burger menu/Date'  using regular expression

2019-07-02 16:31:18 - [TEST_STEP][PASSED] - selectOptionByValue(findTestObject("OCS-MOBILE /Age gate and burger menu/month"), "6", true): All options with value '6' are selected in object 'Object Repository/OCS-MOBILE /Age gate and burger menu/month'  using regular expression

2019-07-02 16:31:19 - [MESSAGE][PASSED] - All options with value '6' are selected in object 'Object Repository/OCS-MOBILE /Age gate and burger menu/month'  using regular expression

2019-07-02 16:31:19 - [TEST_STEP][PASSED] - delay(2): Delayed 2 second(s)

2019-07-02 16:31:21 - [MESSAGE][PASSED] - Delayed 2 second(s)

2019-07-02 16:31:21 - [TEST_STEP][PASSED] - selectOptionByValue(findTestObject("OCS-MOBILE /Age gate and burger menu/Year Dropdown"), "1990", true): All options with value '1990' are selected in object 'Object Repository/OCS-MOBILE /Age gate and burger menu/Year Dropdown'  using regular expression

2019-07-02 16:31:22 - [MESSAGE][PASSED] - All options with value '1990' are selected in object 'Object Repository/OCS-MOBILE /Age gate and burger menu/Year Dropdown'  using regular expression

2019-07-02 16:31:22 - [TEST_STEP][PASSED] - click(findTestObject("OCS-MOBILE /Age gate and Mega menu/button_Verify")): Object: 'Object Repository/OCS-MOBILE /Age gate and Mega menu/button_Verify' is clicked on

2019-07-02 16:31:22 - [MESSAGE][PASSED] - Object: 'Object Repository/OCS-MOBILE /Age gate and Mega menu/button_Verify' is clicked on

2019-07-02 16:31:22 - [TEST_STEP][PASSED] - click(findTestObject("OCS-MOBILE /Age gate and Mega menu/Checkbox_CONFIRM AND ACKNOWLEDGE")): Object: 'Object Repository/OCS-MOBILE /Age gate and Mega menu/Checkbox_CONFIRM AND ACKNOWLEDGE' is clicked on

2019-07-02 16:31:22 - [MESSAGE][PASSED] - Object: 'Object Repository/OCS-MOBILE /Age gate and Mega menu/Checkbox_CONFIRM AND ACKNOWLEDGE' is clicked on

2019-07-02 16:31:22 - [TEST_STEP][PASSED] - click(findTestObject("OCS-MOBILE /Age gate and Mega menu/button_CONFIRM")): Object: 'Object Repository/OCS-MOBILE /Age gate and Mega menu/button_CONFIRM' is clicked on

2019-07-02 16:31:22 - [MESSAGE][PASSED] - Object: 'Object Repository/OCS-MOBILE /Age gate and Mega menu/button_CONFIRM' is clicked on

2019-07-02 16:31:22 - [TEST_STEP][PASSED] - click(findTestObject("OCS-MOBILE /Age gate and Mega menu/button_Start Browsing")): Object: 'Object Repository/OCS-MOBILE /Age gate and Mega menu/button_Start Browsing' is clicked on

2019-07-02 16:31:22 - [MESSAGE][PASSED] - Object: 'Object Repository/OCS-MOBILE /Age gate and Mega menu/button_Start Browsing' is clicked on

2019-07-02 16:31:22 - [TEST_STEP][PASSED] - refresh(): Refresh successfully

2019-07-02 16:31:22 - [MESSAGE][PASSED] - Refresh successfully

2019-07-02 16:31:22 - [TEST_STEP][PASSED] - executeJavaScript("var previewBar = document.getElementById("preview-bar-iframe"); previewBar.style.display = "none";", []): Execute JavaScript 'var previewBar = document.getElementById("preview-bar-iframe"); previewBar.style.display = "none";' successfully

2019-07-02 16:31:25 - [MESSAGE][PASSED] - Execute JavaScript 'var previewBar = document.getElementById("preview-bar-iframe"); previewBar.style.display = "none";' successfully

2019-07-02 16:31:25 - [MESSAGE][PASSED] - Call Test Case 'Test Cases/OCS - MOBILE/CALL - AGE GATE' successfully

2019-07-02 16:31:25 - [TEST_STEP][PASSED] - delay(2): Delayed 2 second(s)

2019-07-02 16:31:27 - [MESSAGE][PASSED] - Delayed 2 second(s)

2019-07-02 16:31:27 - [TEST_STEP][PASSED] - click(findTestObject("OCS-MOBILE /Age gate and burger menu/Burger menu - English")): Object: 'Object Repository/OCS-MOBILE /Age gate and burger menu/Burger menu - English' is clicked on

2019-07-02 16:31:27 - [MESSAGE][PASSED] - Object: 'Object Repository/OCS-MOBILE /Age gate and burger menu/Burger menu - English' is clicked on

2019-07-02 16:31:27 - [TEST_STEP][PASSED] - delay(2): Delayed 2 second(s)

2019-07-02 16:31:29 - [MESSAGE][PASSED] - Delayed 2 second(s)

2019-07-02 16:31:29 - [TEST_STEP][PASSED] - click(findTestObject("OCS-MOBILE /Age gate and burger menu/Chevron_Cannabis")): Object: 'Object Repository/OCS-MOBILE /Age gate and burger menu/Chevron_Cannabis' is clicked on

2019-07-02 16:31:29 - [MESSAGE][PASSED] - Object: 'Object Repository/OCS-MOBILE /Age gate and burger menu/Chevron_Cannabis' is clicked on

2019-07-02 16:31:29 - [TEST_STEP][PASSED] - delay(2): Delayed 2 second(s)

2019-07-02 16:31:31 - [MESSAGE][PASSED] - Delayed 2 second(s)

2019-07-02 16:31:31 - [TEST_STEP][PASSED] - click(findTestObject("OCS-MOBILE /Age gate and burger menu/Dried Flower_Plus icon")): Object: 'Object Repository/OCS-MOBILE /Age gate and burger menu/Dried Flower_Plus icon' is clicked on

2019-07-02 16:31:31 - [MESSAGE][PASSED] - Object: 'Object Repository/OCS-MOBILE /Age gate and burger menu/Dried Flower_Plus icon' is clicked on

2019-07-02 16:31:31 - [TEST_STEP][PASSED] - delay(2): Delayed 2 second(s)

2019-07-02 16:31:33 - [MESSAGE][PASSED] - Delayed 2 second(s)

2019-07-02 16:31:33 - [TEST_STEP][PASSED] - click(findTestObject("OCS-MOBILE /Age gate and burger menu/Indica Dominant_Menu item")): Object: 'Object Repository/OCS-MOBILE /Age gate and burger menu/Indica Dominant_Menu item' is clicked on

2019-07-02 16:31:35 - [MESSAGE][PASSED] - Object: 'Object Repository/OCS-MOBILE /Age gate and burger menu/Indica Dominant_Menu item' is clicked on

2019-07-02 16:31:35 - [TEST_STEP][PASSED] - delay(2): Delayed 2 second(s)

2019-07-02 16:31:37 - [MESSAGE][PASSED] - Delayed 2 second(s)

2019-07-02 16:31:37 - [TEST_STEP][PASSED] - executeJavaScript("var previewBar = document.getElementById("preview-bar-iframe"); previewBar.style.display = "none";", []): Execute JavaScript 'var previewBar = document.getElementById("preview-bar-iframe"); previewBar.style.display = "none";' successfully

2019-07-02 16:31:37 - [MESSAGE][PASSED] - Execute JavaScript 'var previewBar = document.getElementById("preview-bar-iframe"); previewBar.style.display = "none";' successfully

2019-07-02 16:31:37 - [TEST_STEP][PASSED] - click(findTestObject("OCS-MOBILE /Collection page/Product image - 1st one")): Object: 'Object Repository/OCS-MOBILE /Collection page/Product image - 1st one' is clicked on

2019-07-02 16:31:41 - [MESSAGE][PASSED] - Object: 'Object Repository/OCS-MOBILE /Collection page/Product image - 1st one' is clicked on

2019-07-02 16:31:41 - [TEST_STEP][PASSED] - executeJavaScript("var previewBar = document.getElementById("preview-bar-iframe"); previewBar.style.display = "none";", []): Execute JavaScript 'var previewBar = document.getElementById("preview-bar-iframe"); previewBar.style.display = "none";' successfully

2019-07-02 16:31:41 - [MESSAGE][PASSED] - Execute JavaScript 'var previewBar = document.getElementById("preview-bar-iframe"); previewBar.style.display = "none";' successfully

2019-07-02 16:31:41 - [TEST_STEP][NOT_RUN] - scrollToElement(findTestObject("OCS-MOBILE /Product page/Product image"), 1): NOT_RUN: scrollToElement(findTestObject("OCS-MOBILE /Product page/Product image"), 1)

2019-07-02 16:31:41 - [MESSAGE][NOT_RUN] - NOT_RUN: scrollToElement(findTestObject("OCS-MOBILE /Product page/Product image"), 1)

2019-07-02 16:31:41 - [TEST_STEP][PASSED] - delay(2): Delayed 2 second(s)

2019-07-02 16:31:43 - [MESSAGE][PASSED] - Delayed 2 second(s)

2019-07-02 16:31:43 - [TEST_STEP][PASSED] - flag = verifyElementClickable(findTestObject("OCS-MOBILE /Product page/Swatch_3.5g")): Object 'Object Repository/OCS-MOBILE /Product page/Swatch_3.5g' is clickable

2019-07-02 16:31:43 - [MESSAGE][PASSED] - Object 'Object Repository/OCS-MOBILE /Product page/Swatch_3.5g' is clickable

2019-07-02 16:31:43 - [TEST_STEP][PASSED] - comment(" flag =" + flag):  flag =true

2019-07-02 16:31:43 - [MESSAGE][INFO] -  flag =true

2019-07-02 16:31:43 - [TEST_STEP][PASSED] - if (flag == true): Delayed 2 second(s)

2019-07-02 16:31:43 - [TEST_STEP][PASSED] - click(findTestObject("OCS-MOBILE /Product page/Swatch_1g"), STOP_ON_FAILURE): Object: 'Object Repository/OCS-MOBILE /Product page/Swatch_1g' is clicked on

2019-07-02 16:31:43 - [MESSAGE][PASSED] - Object: 'Object Repository/OCS-MOBILE /Product page/Swatch_1g' is clicked on

2019-07-02 16:31:43 - [TEST_STEP][PASSED] - delay(2): Delayed 2 second(s)

2019-07-02 16:31:45 - [MESSAGE][PASSED] - Delayed 2 second(s)

2019-07-02 16:31:45 - [TEST_STEP][PASSED] - click(findTestObject("OCS-MOBILE /Product page/Quantity Increase - Button")): Object: 'Object Repository/OCS-MOBILE /Product page/Quantity Increase - Button' is clicked on

2019-07-02 16:31:46 - [MESSAGE][PASSED] - Object: 'Object Repository/OCS-MOBILE /Product page/Quantity Increase - Button' is clicked on

2019-07-02 16:31:46 - [TEST_STEP][PASSED] - delay(2): Delayed 2 second(s)

2019-07-02 16:31:48 - [MESSAGE][PASSED] - Delayed 2 second(s)

2019-07-02 16:31:48 - [TEST_STEP][PASSED] - click(findTestObject("OCS-MOBILE /Product page/Add to Bag-button")): Object: 'Object Repository/OCS-MOBILE /Product page/Add to Bag-button' is clicked on

2019-07-02 16:31:48 - [MESSAGE][PASSED] - Object: 'Object Repository/OCS-MOBILE /Product page/Add to Bag-button' is clicked on

2019-07-02 16:31:48 - [TEST_STEP][PASSED] - delay(1): Delayed 1 second(s)

2019-07-02 16:31:49 - [MESSAGE][PASSED] - Delayed 1 second(s)

2019-07-02 16:31:49 - [TEST_STEP][PASSED] - click(findTestObject("OCS-MOBILE /Home - page/Cart icon -bag")): Object: 'Object Repository/OCS-MOBILE /Home - page/Cart icon -bag' is clicked on

2019-07-02 16:31:49 - [MESSAGE][PASSED] - Object: 'Object Repository/OCS-MOBILE /Home - page/Cart icon -bag' is clicked on

2019-07-02 16:31:49 - [TEST_STEP][PASSED] - delay(2): Delayed 2 second(s)

2019-07-02 16:31:51 - [MESSAGE][PASSED] - Delayed 2 second(s)

2019-07-02 16:31:51 - [TEST_STEP][PASSED] - click(findTestObject("OCS-MOBILE /Cart flyout/Quantity increase - Product")): Object: 'Object Repository/OCS-MOBILE /Cart flyout/Quantity increase - Product' is clicked on

2019-07-02 16:31:51 - [MESSAGE][PASSED] - Object: 'Object Repository/OCS-MOBILE /Cart flyout/Quantity increase - Product' is clicked on

2019-07-02 16:31:51 - [TEST_STEP][PASSED] - delay(2): Delayed 2 second(s)

2019-07-02 16:31:53 - [MESSAGE][PASSED] - Delayed 2 second(s)

2019-07-02 16:31:53 - [TEST_STEP][PASSED] - click(findTestObject("OCS-MOBILE /Cart flyout/Quantity increase - Product")): Object: 'Object Repository/OCS-MOBILE /Cart flyout/Quantity increase - Product' is clicked on

2019-07-02 16:31:53 - [MESSAGE][PASSED] - Object: 'Object Repository/OCS-MOBILE /Cart flyout/Quantity increase - Product' is clicked on

2019-07-02 16:31:53 - [TEST_STEP][PASSED] - delay(2): Delayed 2 second(s)

2019-07-02 16:31:55 - [MESSAGE][PASSED] - Delayed 2 second(s)

2019-07-02 16:31:55 - [TEST_STEP][PASSED] - a = getText(findTestObject("OCS-MOBILE /Cart flyout/Unit price - Product")): Text of object 'Object Repository/OCS-MOBILE /Cart flyout/Unit price - Product' is: '$41.00'

2019-07-02 16:31:55 - [MESSAGE][PASSED] - Text of object 'Object Repository/OCS-MOBILE /Cart flyout/Unit price - Product' is: '$41.00'

2019-07-02 16:31:55 - [TEST_STEP][PASSED] - comment(a): $41.00

2019-07-02 16:31:55 - [MESSAGE][INFO] - $41.00

2019-07-02 16:31:55 - [TEST_STEP][PASSED] - b = a.substring(1): null

2019-07-02 16:31:55 - [TEST_STEP][PASSED] - comment(b): 41.00

2019-07-02 16:31:55 - [MESSAGE][INFO] - 41.00

2019-07-02 16:31:55 - [TEST_STEP][PASSED] - setText(findTestObject("OCS-MOBILE /Cart flyout/input_-_updates"), "3"): Text '3' is set on object 'Object Repository/OCS-MOBILE /Cart flyout/input_-_updates'

2019-07-02 16:31:55 - [MESSAGE][PASSED] - Text '3' is set on object 'Object Repository/OCS-MOBILE /Cart flyout/input_-_updates'

2019-07-02 16:31:55 - [TEST_STEP][PASSED] - delay(2): Delayed 2 second(s)

2019-07-02 16:31:57 - [MESSAGE][PASSED] - Delayed 2 second(s)

2019-07-02 16:31:57 - [TEST_STEP][PASSED] - click(findTestObject("OCS-MOBILE /Cart flyout/i_-_icon--plus")): Object: 'Object Repository/OCS-MOBILE /Cart flyout/i_-_icon--plus' is clicked on

2019-07-02 16:31:57 - [MESSAGE][PASSED] - Object: 'Object Repository/OCS-MOBILE /Cart flyout/i_-_icon--plus' is clicked on

2019-07-02 16:31:57 - [TEST_STEP][PASSED] - delay(2): Delayed 2 second(s)

2019-07-02 16:31:59 - [MESSAGE][PASSED] - Delayed 2 second(s)

2019-07-02 16:31:59 - [TEST_STEP][PASSED] - click(findTestObject("OCS-MOBILE /Cart flyout/i_-_icon--plus")): Object: 'Object Repository/OCS-MOBILE /Cart flyout/i_-_icon--plus' is clicked on

2019-07-02 16:31:59 - [MESSAGE][PASSED] - Object: 'Object Repository/OCS-MOBILE /Cart flyout/i_-_icon--plus' is clicked on

2019-07-02 16:31:59 - [TEST_STEP][PASSED] - delay(2): Delayed 2 second(s)

2019-07-02 16:32:01 - [MESSAGE][PASSED] - Delayed 2 second(s)

2019-07-02 16:32:01 - [TEST_STEP][PASSED] - click(findTestObject("OCS-MOBILE /Cart flyout/i_-_icon--plus")): Object: 'Object Repository/OCS-MOBILE /Cart flyout/i_-_icon--plus' is clicked on

2019-07-02 16:32:01 - [MESSAGE][PASSED] - Object: 'Object Repository/OCS-MOBILE /Cart flyout/i_-_icon--plus' is clicked on

2019-07-02 16:32:01 - [TEST_STEP][PASSED] - delay(2): Delayed 2 second(s)

2019-07-02 16:32:03 - [MESSAGE][PASSED] - Delayed 2 second(s)

2019-07-02 16:32:03 - [TEST_STEP][PASSED] - c = getText(findTestObject("OCS-MOBILE /Cart flyout/Unit price - Product")): Text of object 'Object Repository/OCS-MOBILE /Cart flyout/Unit price - Product' is: '$61.50'

2019-07-02 16:32:03 - [MESSAGE][PASSED] - Text of object 'Object Repository/OCS-MOBILE /Cart flyout/Unit price - Product' is: '$61.50'

2019-07-02 16:32:03 - [TEST_STEP][PASSED] - comment(c): $61.50

2019-07-02 16:32:03 - [MESSAGE][INFO] - $61.50

2019-07-02 16:32:03 - [TEST_STEP][PASSED] - d = c.substring(1): null

2019-07-02 16:32:03 - [TEST_STEP][PASSED] - comment(d): 61.50

2019-07-02 16:32:03 - [MESSAGE][INFO] - 61.50

2019-07-02 16:32:03 - [TEST_STEP][PASSED] - verifyNotEqual("b", "d"): Actual object 'b' and expected object 'd' are not equal

2019-07-02 16:32:03 - [MESSAGE][PASSED] - Actual object 'b' and expected object 'd' are not equal

2019-07-02 16:32:03 - [TEST_STEP][PASSED] - comment(" price changed . Quantity selector is working"):  price changed . Quantity selector is working

2019-07-02 16:32:03 - [MESSAGE][INFO] -  price changed . Quantity selector is working]]></system-out>
         <system-err><![CDATA[]]></system-err>
      </testcase>
      <testcase name="Test Cases/OCS - MOBILE/OCS- CRITICAL PATH/Cart flyout- decrease qty" classname="Test Cases/OCS - MOBILE/OCS- CRITICAL PATH/Cart flyout- decrease qty" status="FAILED">
         <failure type="FAILED" message="Test Cases/OCS - MOBILE/OCS- CRITICAL PATH/Cart flyout- decrease qty FAILED.
Reason:
com.kms.katalon.core.exception.StepFailedException: Unable to click on object 'Object Repository/OCS-MOBILE /Cart flyout/Quantity decrease - Product' (Root cause: org.openqa.selenium.ElementNotVisibleException: element not interactable
  (Session info: chrome=75.0.3770.100)
  (Driver info: chromedriver=2.43.600229 (3fae4d0cda5334b4f533bede5a4787f7b832d052),platform=Mac OS X 10.13.6 x86_64) (WARNING: The server did not provide any stacktrace information)
Command duration or timeout: 0 milliseconds
Build info: version: '3.7.1', revision: '8a0099a', time: '2017-11-06T21:07:36.161Z'
System info: host: 'sumans-MacBook-Pro.local', ip: 'fe80:0:0:0:98:5ae9:edb9:537f%en0', os.name: 'Mac OS X', os.arch: 'x86_64', os.version: '10.13.6', java.version: '1.8.0_181'
Driver info: com.kms.katalon.selenium.driver.CChromeDriver
Capabilities {acceptInsecureCerts: false, acceptSslCerts: false, applicationCacheEnabled: false, browserConnectionEnabled: false, browserName: chrome, chrome: {chromedriverVersion: 2.43.600229 (3fae4d0cda5334..., userDataDir: /var/folders/1t/c55l8xzs6gq...}, cssSelectorsEnabled: true, databaseEnabled: false, goog:chromeOptions: {debuggerAddress: localhost:60210}, handlesAlerts: true, hasTouchScreen: false, javascriptEnabled: true, locationContextEnabled: true, mobileEmulationEnabled: false, nativeEvents: true, networkConnectionEnabled: false, pageLoadStrategy: normal, platform: MAC, platformName: MAC, rotatable: false, setWindowRect: true, takesHeapSnapshot: true, takesScreenshot: true, unexpectedAlertBehaviour: , unhandledPromptBehavior: , version: 75.0.3770.100, webStorageEnabled: true}
Session ID: 75c5d6ebc87ae0538055801b56c972bd)
	at com.kms.katalon.core.keyword.internal.KeywordMain.stepFailed(KeywordMain.groovy:36)
	at com.kms.katalon.core.webui.keyword.internal.WebUIKeywordMain.stepFailed(WebUIKeywordMain.groovy:65)
	at com.kms.katalon.core.webui.keyword.internal.WebUIKeywordMain.runKeyword(WebUIKeywordMain.groovy:27)
	at com.kms.katalon.core.webui.keyword.builtin.ClickKeyword.click(ClickKeyword.groovy:86)
	at com.kms.katalon.core.webui.keyword.builtin.ClickKeyword.execute(ClickKeyword.groovy:67)
	at com.kms.katalon.core.keyword.internal.KeywordExecutor.executeKeywordForPlatform(KeywordExecutor.groovy:53)
	at com.kms.katalon.core.webui.keyword.WebUiBuiltInKeywords.click(WebUiBuiltInKeywords.groovy:616)
	at com.kms.katalon.core.webui.keyword.WebUiBuiltInKeywords$click$4.call(Unknown Source)
	at Cart flyout- decrease qty.run(Cart flyout- decrease qty:83)
	at com.kms.katalon.core.main.ScriptEngine.run(ScriptEngine.java:194)
	at com.kms.katalon.core.main.ScriptEngine.runScriptAsRawText(ScriptEngine.java:119)
	at com.kms.katalon.core.main.TestCaseExecutor.runScript(TestCaseExecutor.java:328)
	at com.kms.katalon.core.main.TestCaseExecutor.doExecute(TestCaseExecutor.java:319)
	at com.kms.katalon.core.main.TestCaseExecutor.processExecutionPhase(TestCaseExecutor.java:298)
	at com.kms.katalon.core.main.TestCaseExecutor.accessMainPhase(TestCaseExecutor.java:290)
	at com.kms.katalon.core.main.TestCaseExecutor.execute(TestCaseExecutor.java:224)
	at com.kms.katalon.core.main.TestSuiteExecutor.accessTestCaseMainPhase(TestSuiteExecutor.java:129)
	at com.kms.katalon.core.main.TestSuiteExecutor.accessTestSuiteMainPhase(TestSuiteExecutor.java:112)
	at com.kms.katalon.core.main.TestSuiteExecutor.execute(TestSuiteExecutor.java:81)
	at com.kms.katalon.core.main.TestCaseMain.startTestSuite(TestCaseMain.java:149)
	at com.kms.katalon.core.main.TestCaseMain$startTestSuite$0.call(Unknown Source)
	at TempTestSuite1562098461396.run(TempTestSuite1562098461396.groovy:36)
"/>
         <system-out><![CDATA[2019-07-02 16:32:03 - [TEST_CASE][FAILED] - Test Cases/OCS - MOBILE/OCS- CRITICAL PATH/Cart flyout- decrease qty: Test Cases/OCS - MOBILE/OCS- CRITICAL PATH/Cart flyout- decrease qty FAILED.
Reason:
com.kms.katalon.core.exception.StepFailedException: Unable to click on object 'Object Repository/OCS-MOBILE /Cart flyout/Quantity decrease - Product' (Root cause: org.openqa.selenium.ElementNotVisibleException: element not interactable
  (Session info: chrome=75.0.3770.100)
  (Driver info: chromedriver=2.43.600229 (3fae4d0cda5334b4f533bede5a4787f7b832d052),platform=Mac OS X 10.13.6 x86_64) (WARNING: The server did not provide any stacktrace information)
Command duration or timeout: 0 milliseconds
Build info: version: '3.7.1', revision: '8a0099a', time: '2017-11-06T21:07:36.161Z'
System info: host: 'sumans-MacBook-Pro.local', ip: 'fe80:0:0:0:98:5ae9:edb9:537f%en0', os.name: 'Mac OS X', os.arch: 'x86_64', os.version: '10.13.6', java.version: '1.8.0_181'
Driver info: com.kms.katalon.selenium.driver.CChromeDriver
Capabilities {acceptInsecureCerts: false, acceptSslCerts: false, applicationCacheEnabled: false, browserConnectionEnabled: false, browserName: chrome, chrome: {chromedriverVersion: 2.43.600229 (3fae4d0cda5334..., userDataDir: /var/folders/1t/c55l8xzs6gq...}, cssSelectorsEnabled: true, databaseEnabled: false, goog:chromeOptions: {debuggerAddress: localhost:60210}, handlesAlerts: true, hasTouchScreen: false, javascriptEnabled: true, locationContextEnabled: true, mobileEmulationEnabled: false, nativeEvents: true, networkConnectionEnabled: false, pageLoadStrategy: normal, platform: MAC, platformName: MAC, rotatable: false, setWindowRect: true, takesHeapSnapshot: true, takesScreenshot: true, unexpectedAlertBehaviour: , unhandledPromptBehavior: , version: 75.0.3770.100, webStorageEnabled: true}
Session ID: 75c5d6ebc87ae0538055801b56c972bd)
	at com.kms.katalon.core.keyword.internal.KeywordMain.stepFailed(KeywordMain.groovy:36)
	at com.kms.katalon.core.webui.keyword.internal.WebUIKeywordMain.stepFailed(WebUIKeywordMain.groovy:65)
	at com.kms.katalon.core.webui.keyword.internal.WebUIKeywordMain.runKeyword(WebUIKeywordMain.groovy:27)
	at com.kms.katalon.core.webui.keyword.builtin.ClickKeyword.click(ClickKeyword.groovy:86)
	at com.kms.katalon.core.webui.keyword.builtin.ClickKeyword.execute(ClickKeyword.groovy:67)
	at com.kms.katalon.core.keyword.internal.KeywordExecutor.executeKeywordForPlatform(KeywordExecutor.groovy:53)
	at com.kms.katalon.core.webui.keyword.WebUiBuiltInKeywords.click(WebUiBuiltInKeywords.groovy:616)
	at com.kms.katalon.core.webui.keyword.WebUiBuiltInKeywords$click$4.call(Unknown Source)
	at Cart flyout- decrease qty.run(Cart flyout- decrease qty:83)
	at com.kms.katalon.core.main.ScriptEngine.run(ScriptEngine.java:194)
	at com.kms.katalon.core.main.ScriptEngine.runScriptAsRawText(ScriptEngine.java:119)
	at com.kms.katalon.core.main.TestCaseExecutor.runScript(TestCaseExecutor.java:328)
	at com.kms.katalon.core.main.TestCaseExecutor.doExecute(TestCaseExecutor.java:319)
	at com.kms.katalon.core.main.TestCaseExecutor.processExecutionPhase(TestCaseExecutor.java:298)
	at com.kms.katalon.core.main.TestCaseExecutor.accessMainPhase(TestCaseExecutor.java:290)
	at com.kms.katalon.core.main.TestCaseExecutor.execute(TestCaseExecutor.java:224)
	at com.kms.katalon.core.main.TestSuiteExecutor.accessTestCaseMainPhase(TestSuiteExecutor.java:129)
	at com.kms.katalon.core.main.TestSuiteExecutor.accessTestSuiteMainPhase(TestSuiteExecutor.java:112)
	at com.kms.katalon.core.main.TestSuiteExecutor.execute(TestSuiteExecutor.java:81)
	at com.kms.katalon.core.main.TestCaseMain.startTestSuite(TestCaseMain.java:149)
	at com.kms.katalon.core.main.TestCaseMain$startTestSuite$0.call(Unknown Source)
	at TempTestSuite1562098461396.run(TempTestSuite1562098461396.groovy:36)


2019-07-02 16:32:03 - [TEST_STEP][PASSED] - callTestCase(findTestCase("OCS - MOBILE/CALL - AGE GATE"), [:], STOP_ON_FAILURE): Call Test Case 'Test Cases/OCS - MOBILE/CALL - AGE GATE' successfully

2019-07-02 16:32:03 - [TEST_CASE][PASSED] - Test Cases/OCS - MOBILE/CALL - AGE GATE: Test Cases/OCS - MOBILE/CALL - AGE GATE

2019-07-02 16:32:03 - [TEST_STEP][PASSED] - openBrowser(""): Browser is opened with url: ''

2019-07-02 16:32:03 - [MESSAGE][WARNING] - A browser is already opened. Closing browser and opening a new one

2019-07-02 16:32:04 - [MESSAGE][INFO] - Starting 'Chrome' driver

2019-07-02 16:32:05 - [MESSAGE][PASSED] - Browser is opened with url: ''

2019-07-02 16:32:05 - [TEST_STEP][PASSED] - navigateToUrl("https://ocs.ca/?fts=0&preview_theme_id=74203301708"): Navigate to 'https://ocs.ca/?fts=0&preview_theme_id=74203301708' successfully

2019-07-02 16:32:09 - [MESSAGE][PASSED] - Navigate to 'https://ocs.ca/?fts=0&preview_theme_id=74203301708' successfully

2019-07-02 16:32:09 - [TEST_STEP][PASSED] - executeJavaScript("var previewBar = document.getElementById("preview-bar-iframe"); previewBar.style.display = "none";", []): Execute JavaScript 'var previewBar = document.getElementById("preview-bar-iframe"); previewBar.style.display = "none";' successfully

2019-07-02 16:32:09 - [MESSAGE][PASSED] - Execute JavaScript 'var previewBar = document.getElementById("preview-bar-iframe"); previewBar.style.display = "none";' successfully

2019-07-02 16:32:09 - [TEST_STEP][PASSED] - setViewPortSize(360, 800): Viewport is set to new size with width = 360 and height = 800

2019-07-02 16:32:09 - [MESSAGE][PASSED] - Viewport is set to new size with width = 360 and height = 800

2019-07-02 16:32:09 - [TEST_STEP][PASSED] - delay(4): Delayed 4 second(s)

2019-07-02 16:32:13 - [MESSAGE][PASSED] - Delayed 4 second(s)

2019-07-02 16:32:13 - [TEST_STEP][PASSED] - selectOptionByValue(findTestObject("OCS-MOBILE /Age gate and burger menu/Date"), "12", true): All options with value '12' are selected in object 'Object Repository/OCS-MOBILE /Age gate and burger menu/Date'  using regular expression

2019-07-02 16:32:14 - [MESSAGE][PASSED] - All options with value '12' are selected in object 'Object Repository/OCS-MOBILE /Age gate and burger menu/Date'  using regular expression

2019-07-02 16:32:14 - [TEST_STEP][PASSED] - selectOptionByValue(findTestObject("OCS-MOBILE /Age gate and burger menu/month"), "6", true): All options with value '6' are selected in object 'Object Repository/OCS-MOBILE /Age gate and burger menu/month'  using regular expression

2019-07-02 16:32:14 - [MESSAGE][PASSED] - All options with value '6' are selected in object 'Object Repository/OCS-MOBILE /Age gate and burger menu/month'  using regular expression

2019-07-02 16:32:14 - [TEST_STEP][PASSED] - delay(2): Delayed 2 second(s)

2019-07-02 16:32:16 - [MESSAGE][PASSED] - Delayed 2 second(s)

2019-07-02 16:32:16 - [TEST_STEP][PASSED] - selectOptionByValue(findTestObject("OCS-MOBILE /Age gate and burger menu/Year Dropdown"), "1990", true): All options with value '1990' are selected in object 'Object Repository/OCS-MOBILE /Age gate and burger menu/Year Dropdown'  using regular expression

2019-07-02 16:32:17 - [MESSAGE][PASSED] - All options with value '1990' are selected in object 'Object Repository/OCS-MOBILE /Age gate and burger menu/Year Dropdown'  using regular expression

2019-07-02 16:32:17 - [TEST_STEP][PASSED] - click(findTestObject("OCS-MOBILE /Age gate and Mega menu/button_Verify")): Object: 'Object Repository/OCS-MOBILE /Age gate and Mega menu/button_Verify' is clicked on

2019-07-02 16:32:17 - [MESSAGE][PASSED] - Object: 'Object Repository/OCS-MOBILE /Age gate and Mega menu/button_Verify' is clicked on

2019-07-02 16:32:17 - [TEST_STEP][PASSED] - click(findTestObject("OCS-MOBILE /Age gate and Mega menu/Checkbox_CONFIRM AND ACKNOWLEDGE")): Object: 'Object Repository/OCS-MOBILE /Age gate and Mega menu/Checkbox_CONFIRM AND ACKNOWLEDGE' is clicked on

2019-07-02 16:32:17 - [MESSAGE][PASSED] - Object: 'Object Repository/OCS-MOBILE /Age gate and Mega menu/Checkbox_CONFIRM AND ACKNOWLEDGE' is clicked on

2019-07-02 16:32:17 - [TEST_STEP][PASSED] - click(findTestObject("OCS-MOBILE /Age gate and Mega menu/button_CONFIRM")): Object: 'Object Repository/OCS-MOBILE /Age gate and Mega menu/button_CONFIRM' is clicked on

2019-07-02 16:32:17 - [MESSAGE][PASSED] - Object: 'Object Repository/OCS-MOBILE /Age gate and Mega menu/button_CONFIRM' is clicked on

2019-07-02 16:32:17 - [TEST_STEP][PASSED] - click(findTestObject("OCS-MOBILE /Age gate and Mega menu/button_Start Browsing")): Object: 'Object Repository/OCS-MOBILE /Age gate and Mega menu/button_Start Browsing' is clicked on

2019-07-02 16:32:17 - [MESSAGE][PASSED] - Object: 'Object Repository/OCS-MOBILE /Age gate and Mega menu/button_Start Browsing' is clicked on

2019-07-02 16:32:17 - [TEST_STEP][PASSED] - refresh(): Refresh successfully

2019-07-02 16:32:17 - [MESSAGE][PASSED] - Refresh successfully

2019-07-02 16:32:17 - [TEST_STEP][PASSED] - executeJavaScript("var previewBar = document.getElementById("preview-bar-iframe"); previewBar.style.display = "none";", []): Execute JavaScript 'var previewBar = document.getElementById("preview-bar-iframe"); previewBar.style.display = "none";' successfully

2019-07-02 16:32:20 - [MESSAGE][PASSED] - Execute JavaScript 'var previewBar = document.getElementById("preview-bar-iframe"); previewBar.style.display = "none";' successfully

2019-07-02 16:32:20 - [MESSAGE][PASSED] - Call Test Case 'Test Cases/OCS - MOBILE/CALL - AGE GATE' successfully

2019-07-02 16:32:20 - [TEST_STEP][PASSED] - delay(2): Delayed 2 second(s)

2019-07-02 16:32:22 - [MESSAGE][PASSED] - Delayed 2 second(s)

2019-07-02 16:32:22 - [TEST_STEP][PASSED] - click(findTestObject("OCS-MOBILE /Age gate and burger menu/Burger menu - English")): Object: 'Object Repository/OCS-MOBILE /Age gate and burger menu/Burger menu - English' is clicked on

2019-07-02 16:32:22 - [MESSAGE][PASSED] - Object: 'Object Repository/OCS-MOBILE /Age gate and burger menu/Burger menu - English' is clicked on

2019-07-02 16:32:22 - [TEST_STEP][PASSED] - delay(2): Delayed 2 second(s)

2019-07-02 16:32:24 - [MESSAGE][PASSED] - Delayed 2 second(s)

2019-07-02 16:32:24 - [TEST_STEP][PASSED] - click(findTestObject("OCS-MOBILE /Age gate and burger menu/Chevron_Cannabis")): Object: 'Object Repository/OCS-MOBILE /Age gate and burger menu/Chevron_Cannabis' is clicked on

2019-07-02 16:32:25 - [MESSAGE][PASSED] - Object: 'Object Repository/OCS-MOBILE /Age gate and burger menu/Chevron_Cannabis' is clicked on

2019-07-02 16:32:25 - [TEST_STEP][PASSED] - delay(2): Delayed 2 second(s)

2019-07-02 16:32:27 - [MESSAGE][PASSED] - Delayed 2 second(s)

2019-07-02 16:32:27 - [TEST_STEP][PASSED] - click(findTestObject("OCS-MOBILE /Age gate and burger menu/Dried Flower_Plus icon")): Object: 'Object Repository/OCS-MOBILE /Age gate and burger menu/Dried Flower_Plus icon' is clicked on

2019-07-02 16:32:27 - [MESSAGE][PASSED] - Object: 'Object Repository/OCS-MOBILE /Age gate and burger menu/Dried Flower_Plus icon' is clicked on

2019-07-02 16:32:27 - [TEST_STEP][PASSED] - delay(2): Delayed 2 second(s)

2019-07-02 16:32:29 - [MESSAGE][PASSED] - Delayed 2 second(s)

2019-07-02 16:32:29 - [TEST_STEP][PASSED] - click(findTestObject("OCS-MOBILE /Age gate and burger menu/Indica Dominant_Menu item")): Object: 'Object Repository/OCS-MOBILE /Age gate and burger menu/Indica Dominant_Menu item' is clicked on

2019-07-02 16:32:31 - [MESSAGE][PASSED] - Object: 'Object Repository/OCS-MOBILE /Age gate and burger menu/Indica Dominant_Menu item' is clicked on

2019-07-02 16:32:31 - [TEST_STEP][PASSED] - executeJavaScript("var previewBar = document.getElementById("preview-bar-iframe"); previewBar.style.display = "none";", []): Execute JavaScript 'var previewBar = document.getElementById("preview-bar-iframe"); previewBar.style.display = "none";' successfully

2019-07-02 16:32:31 - [MESSAGE][PASSED] - Execute JavaScript 'var previewBar = document.getElementById("preview-bar-iframe"); previewBar.style.display = "none";' successfully

2019-07-02 16:32:31 - [TEST_STEP][PASSED] - delay(2): Delayed 2 second(s)

2019-07-02 16:32:33 - [MESSAGE][PASSED] - Delayed 2 second(s)

2019-07-02 16:32:33 - [TEST_STEP][PASSED] - click(findTestObject("OCS-MOBILE /Collection page/Product image - 1st one")): Object: 'Object Repository/OCS-MOBILE /Collection page/Product image - 1st one' is clicked on

2019-07-02 16:32:36 - [MESSAGE][PASSED] - Object: 'Object Repository/OCS-MOBILE /Collection page/Product image - 1st one' is clicked on

2019-07-02 16:32:36 - [TEST_STEP][PASSED] - executeJavaScript("var previewBar = document.getElementById("preview-bar-iframe"); previewBar.style.display = "none";", []): Execute JavaScript 'var previewBar = document.getElementById("preview-bar-iframe"); previewBar.style.display = "none";' successfully

2019-07-02 16:32:36 - [MESSAGE][PASSED] - Execute JavaScript 'var previewBar = document.getElementById("preview-bar-iframe"); previewBar.style.display = "none";' successfully

2019-07-02 16:32:36 - [TEST_STEP][NOT_RUN] - scrollToElement(findTestObject("OCS-MOBILE /Product page/Product image"), 1): NOT_RUN: scrollToElement(findTestObject("OCS-MOBILE /Product page/Product image"), 1)

2019-07-02 16:32:36 - [MESSAGE][NOT_RUN] - NOT_RUN: scrollToElement(findTestObject("OCS-MOBILE /Product page/Product image"), 1)

2019-07-02 16:32:36 - [TEST_STEP][PASSED] - delay(2): Delayed 2 second(s)

2019-07-02 16:32:38 - [MESSAGE][PASSED] - Delayed 2 second(s)

2019-07-02 16:32:38 - [TEST_STEP][PASSED] - flag = verifyElementClickable(findTestObject("OCS-MOBILE /Product page/Swatch_3.5g")): Object 'Object Repository/OCS-MOBILE /Product page/Swatch_3.5g' is clickable

2019-07-02 16:32:38 - [MESSAGE][PASSED] - Object 'Object Repository/OCS-MOBILE /Product page/Swatch_3.5g' is clickable

2019-07-02 16:32:38 - [TEST_STEP][PASSED] - takeScreenshot(): Taking screenshot successfully

2019-07-02 16:32:38 - [MESSAGE][PASSED] - Taking screenshot successfully
[[ATTACHMENT|/Users/sumankompelly/Relative xpath-Mobile/Reports/1.11.1/20190702_161421/1562099558702.png]]

2019-07-02 16:32:38 - [TEST_STEP][PASSED] - comment(" flag =" + flag):  flag =true

2019-07-02 16:32:38 - [MESSAGE][INFO] -  flag =true

2019-07-02 16:32:38 - [TEST_STEP][FAILED] - if (flag == true): if (flag == true) FAILED.
Reason:
com.kms.katalon.core.exception.StepFailedException: Unable to click on object 'Object Repository/OCS-MOBILE /Cart flyout/Quantity decrease - Product' (Root cause: org.openqa.selenium.ElementNotVisibleException: element not interactable
  (Session info: chrome=75.0.3770.100)
  (Driver info: chromedriver=2.43.600229 (3fae4d0cda5334b4f533bede5a4787f7b832d052),platform=Mac OS X 10.13.6 x86_64) (WARNING: The server did not provide any stacktrace information)
Command duration or timeout: 0 milliseconds
Build info: version: '3.7.1', revision: '8a0099a', time: '2017-11-06T21:07:36.161Z'
System info: host: 'sumans-MacBook-Pro.local', ip: 'fe80:0:0:0:98:5ae9:edb9:537f%en0', os.name: 'Mac OS X', os.arch: 'x86_64', os.version: '10.13.6', java.version: '1.8.0_181'
Driver info: com.kms.katalon.selenium.driver.CChromeDriver
Capabilities {acceptInsecureCerts: false, acceptSslCerts: false, applicationCacheEnabled: false, browserConnectionEnabled: false, browserName: chrome, chrome: {chromedriverVersion: 2.43.600229 (3fae4d0cda5334..., userDataDir: /var/folders/1t/c55l8xzs6gq...}, cssSelectorsEnabled: true, databaseEnabled: false, goog:chromeOptions: {debuggerAddress: localhost:60210}, handlesAlerts: true, hasTouchScreen: false, javascriptEnabled: true, locationContextEnabled: true, mobileEmulationEnabled: false, nativeEvents: true, networkConnectionEnabled: false, pageLoadStrategy: normal, platform: MAC, platformName: MAC, rotatable: false, setWindowRect: true, takesHeapSnapshot: true, takesScreenshot: true, unexpectedAlertBehaviour: , unhandledPromptBehavior: , version: 75.0.3770.100, webStorageEnabled: true}
Session ID: 75c5d6ebc87ae0538055801b56c972bd)
	at com.kms.katalon.core.keyword.internal.KeywordMain.stepFailed(KeywordMain.groovy:36)
	at com.kms.katalon.core.webui.keyword.internal.WebUIKeywordMain.stepFailed(WebUIKeywordMain.groovy:65)
	at com.kms.katalon.core.webui.keyword.internal.WebUIKeywordMain.runKeyword(WebUIKeywordMain.groovy:27)
	at com.kms.katalon.core.webui.keyword.builtin.ClickKeyword.click(ClickKeyword.groovy:86)
	at com.kms.katalon.core.webui.keyword.builtin.ClickKeyword.execute(ClickKeyword.groovy:67)
	at com.kms.katalon.core.keyword.internal.KeywordExecutor.executeKeywordForPlatform(KeywordExecutor.groovy:53)
	at com.kms.katalon.core.webui.keyword.WebUiBuiltInKeywords.click(WebUiBuiltInKeywords.groovy:616)
	at com.kms.katalon.core.webui.keyword.WebUiBuiltInKeywords$click$4.call(Unknown Source)
	at Cart flyout- decrease qty.run(Cart flyout- decrease qty:83)
	at com.kms.katalon.core.main.ScriptEngine.run(ScriptEngine.java:194)
	at com.kms.katalon.core.main.ScriptEngine.runScriptAsRawText(ScriptEngine.java:119)
	at com.kms.katalon.core.main.TestCaseExecutor.runScript(TestCaseExecutor.java:328)
	at com.kms.katalon.core.main.TestCaseExecutor.doExecute(TestCaseExecutor.java:319)
	at com.kms.katalon.core.main.TestCaseExecutor.processExecutionPhase(TestCaseExecutor.java:298)
	at com.kms.katalon.core.main.TestCaseExecutor.accessMainPhase(TestCaseExecutor.java:290)
	at com.kms.katalon.core.main.TestCaseExecutor.execute(TestCaseExecutor.java:224)
	at com.kms.katalon.core.main.TestSuiteExecutor.accessTestCaseMainPhase(TestSuiteExecutor.java:129)
	at com.kms.katalon.core.main.TestSuiteExecutor.accessTestSuiteMainPhase(TestSuiteExecutor.java:112)
	at com.kms.katalon.core.main.TestSuiteExecutor.execute(TestSuiteExecutor.java:81)
	at com.kms.katalon.core.main.TestCaseMain.startTestSuite(TestCaseMain.java:149)
	at com.kms.katalon.core.main.TestCaseMain$startTestSuite$0.call(Unknown Source)
	at TempTestSuite1562098461396.run(TempTestSuite1562098461396.groovy:36)


2019-07-02 16:32:38 - [TEST_STEP][NOT_RUN] - scrollToElement(findTestObject("OCS-MOBILE /Product page/Swatch_3.5g"), 1): NOT_RUN: scrollToElement(findTestObject("OCS-MOBILE /Product page/Swatch_3.5g"), 1)

2019-07-02 16:32:38 - [MESSAGE][NOT_RUN] - NOT_RUN: scrollToElement(findTestObject("OCS-MOBILE /Product page/Swatch_3.5g"), 1)

2019-07-02 16:32:38 - [TEST_STEP][PASSED] - delay(2): Delayed 2 second(s)

2019-07-02 16:32:40 - [MESSAGE][PASSED] - Delayed 2 second(s)

2019-07-02 16:32:40 - [TEST_STEP][PASSED] - click(findTestObject("OCS-MOBILE /Product page/Swatch_1g"), CONTINUE_ON_FAILURE): Object: 'Object Repository/OCS-MOBILE /Product page/Swatch_1g' is clicked on

2019-07-02 16:32:41 - [MESSAGE][PASSED] - Object: 'Object Repository/OCS-MOBILE /Product page/Swatch_1g' is clicked on

2019-07-02 16:32:41 - [TEST_STEP][PASSED] - delay(2): Delayed 2 second(s)

2019-07-02 16:32:43 - [MESSAGE][PASSED] - Delayed 2 second(s)

2019-07-02 16:32:43 - [TEST_STEP][PASSED] - click(findTestObject("OCS-MOBILE /Product page/Quantity Increase - Button")): Object: 'Object Repository/OCS-MOBILE /Product page/Quantity Increase - Button' is clicked on

2019-07-02 16:32:43 - [MESSAGE][PASSED] - Object: 'Object Repository/OCS-MOBILE /Product page/Quantity Increase - Button' is clicked on

2019-07-02 16:32:43 - [TEST_STEP][PASSED] - click(findTestObject("OCS-MOBILE /Product page/Quantity Increase - Button")): Object: 'Object Repository/OCS-MOBILE /Product page/Quantity Increase - Button' is clicked on

2019-07-02 16:32:43 - [MESSAGE][PASSED] - Object: 'Object Repository/OCS-MOBILE /Product page/Quantity Increase - Button' is clicked on

2019-07-02 16:32:43 - [TEST_STEP][PASSED] - click(findTestObject("OCS-MOBILE /Product page/Quantity Increase - Button")): Object: 'Object Repository/OCS-MOBILE /Product page/Quantity Increase - Button' is clicked on

2019-07-02 16:32:43 - [MESSAGE][PASSED] - Object: 'Object Repository/OCS-MOBILE /Product page/Quantity Increase - Button' is clicked on

2019-07-02 16:32:43 - [TEST_STEP][PASSED] - click(findTestObject("OCS-MOBILE /Product page/Quantity Increase - Button")): Object: 'Object Repository/OCS-MOBILE /Product page/Quantity Increase - Button' is clicked on

2019-07-02 16:32:43 - [MESSAGE][PASSED] - Object: 'Object Repository/OCS-MOBILE /Product page/Quantity Increase - Button' is clicked on

2019-07-02 16:32:43 - [TEST_STEP][PASSED] - click(findTestObject("OCS-MOBILE /Product page/Quantity Increase - Button")): Object: 'Object Repository/OCS-MOBILE /Product page/Quantity Increase - Button' is clicked on

2019-07-02 16:32:43 - [MESSAGE][PASSED] - Object: 'Object Repository/OCS-MOBILE /Product page/Quantity Increase - Button' is clicked on

2019-07-02 16:32:43 - [TEST_STEP][PASSED] - delay(2): Delayed 2 second(s)

2019-07-02 16:32:45 - [MESSAGE][PASSED] - Delayed 2 second(s)

2019-07-02 16:32:45 - [TEST_STEP][PASSED] - click(findTestObject("OCS-MOBILE /Product page/Add to Bag-button")): Object: 'Object Repository/OCS-MOBILE /Product page/Add to Bag-button' is clicked on

2019-07-02 16:32:45 - [MESSAGE][PASSED] - Object: 'Object Repository/OCS-MOBILE /Product page/Add to Bag-button' is clicked on

2019-07-02 16:32:45 - [TEST_STEP][PASSED] - delay(1): Delayed 1 second(s)

2019-07-02 16:32:46 - [MESSAGE][PASSED] - Delayed 1 second(s)

2019-07-02 16:32:46 - [TEST_STEP][NOT_RUN] - click(findTestObject("OCS-MOBILE /Home - page/Cart icon -bag")): NOT_RUN: click(findTestObject("OCS-MOBILE /Home - page/Cart icon -bag"))

2019-07-02 16:32:46 - [MESSAGE][NOT_RUN] - NOT_RUN: click(findTestObject("OCS-MOBILE /Home - page/Cart icon -bag"))

2019-07-02 16:32:46 - [TEST_STEP][PASSED] - delay(2): Delayed 2 second(s)

2019-07-02 16:32:48 - [MESSAGE][PASSED] - Delayed 2 second(s)

2019-07-02 16:32:48 - [TEST_STEP][FAILED] - click(findTestObject("OCS-MOBILE /Cart flyout/Quantity decrease - Product")): if (flag == true) FAILED.
Reason:
com.kms.katalon.core.exception.StepFailedException: Unable to click on object 'Object Repository/OCS-MOBILE /Cart flyout/Quantity decrease - Product' (Root cause: org.openqa.selenium.ElementNotVisibleException: element not interactable
  (Session info: chrome=75.0.3770.100)
  (Driver info: chromedriver=2.43.600229 (3fae4d0cda5334b4f533bede5a4787f7b832d052),platform=Mac OS X 10.13.6 x86_64) (WARNING: The server did not provide any stacktrace information)
Command duration or timeout: 0 milliseconds
Build info: version: '3.7.1', revision: '8a0099a', time: '2017-11-06T21:07:36.161Z'
System info: host: 'sumans-MacBook-Pro.local', ip: 'fe80:0:0:0:98:5ae9:edb9:537f%en0', os.name: 'Mac OS X', os.arch: 'x86_64', os.version: '10.13.6', java.version: '1.8.0_181'
Driver info: com.kms.katalon.selenium.driver.CChromeDriver
Capabilities {acceptInsecureCerts: false, acceptSslCerts: false, applicationCacheEnabled: false, browserConnectionEnabled: false, browserName: chrome, chrome: {chromedriverVersion: 2.43.600229 (3fae4d0cda5334..., userDataDir: /var/folders/1t/c55l8xzs6gq...}, cssSelectorsEnabled: true, databaseEnabled: false, goog:chromeOptions: {debuggerAddress: localhost:60210}, handlesAlerts: true, hasTouchScreen: false, javascriptEnabled: true, locationContextEnabled: true, mobileEmulationEnabled: false, nativeEvents: true, networkConnectionEnabled: false, pageLoadStrategy: normal, platform: MAC, platformName: MAC, rotatable: false, setWindowRect: true, takesHeapSnapshot: true, takesScreenshot: true, unexpectedAlertBehaviour: , unhandledPromptBehavior: , version: 75.0.3770.100, webStorageEnabled: true}
Session ID: 75c5d6ebc87ae0538055801b56c972bd)
	at com.kms.katalon.core.keyword.internal.KeywordMain.stepFailed(KeywordMain.groovy:36)
	at com.kms.katalon.core.webui.keyword.internal.WebUIKeywordMain.stepFailed(WebUIKeywordMain.groovy:65)
	at com.kms.katalon.core.webui.keyword.internal.WebUIKeywordMain.runKeyword(WebUIKeywordMain.groovy:27)
	at com.kms.katalon.core.webui.keyword.builtin.ClickKeyword.click(ClickKeyword.groovy:86)
	at com.kms.katalon.core.webui.keyword.builtin.ClickKeyword.execute(ClickKeyword.groovy:67)
	at com.kms.katalon.core.keyword.internal.KeywordExecutor.executeKeywordForPlatform(KeywordExecutor.groovy:53)
	at com.kms.katalon.core.webui.keyword.WebUiBuiltInKeywords.click(WebUiBuiltInKeywords.groovy:616)
	at com.kms.katalon.core.webui.keyword.WebUiBuiltInKeywords$click$4.call(Unknown Source)
	at Cart flyout- decrease qty.run(Cart flyout- decrease qty:83)
	at com.kms.katalon.core.main.ScriptEngine.run(ScriptEngine.java:194)
	at com.kms.katalon.core.main.ScriptEngine.runScriptAsRawText(ScriptEngine.java:119)
	at com.kms.katalon.core.main.TestCaseExecutor.runScript(TestCaseExecutor.java:328)
	at com.kms.katalon.core.main.TestCaseExecutor.doExecute(TestCaseExecutor.java:319)
	at com.kms.katalon.core.main.TestCaseExecutor.processExecutionPhase(TestCaseExecutor.java:298)
	at com.kms.katalon.core.main.TestCaseExecutor.accessMainPhase(TestCaseExecutor.java:290)
	at com.kms.katalon.core.main.TestCaseExecutor.execute(TestCaseExecutor.java:224)
	at com.kms.katalon.core.main.TestSuiteExecutor.accessTestCaseMainPhase(TestSuiteExecutor.java:129)
	at com.kms.katalon.core.main.TestSuiteExecutor.accessTestSuiteMainPhase(TestSuiteExecutor.java:112)
	at com.kms.katalon.core.main.TestSuiteExecutor.execute(TestSuiteExecutor.java:81)
	at com.kms.katalon.core.main.TestCaseMain.startTestSuite(TestCaseMain.java:149)
	at com.kms.katalon.core.main.TestCaseMain$startTestSuite$0.call(Unknown Source)
	at TempTestSuite1562098461396.run(TempTestSuite1562098461396.groovy:36)


2019-07-02 16:32:48 - [MESSAGE][FAILED] - Unable to click on object 'Object Repository/OCS-MOBILE /Cart flyout/Quantity decrease - Product' (Root cause: org.openqa.selenium.ElementNotVisibleException: element not interactable
  (Session info: chrome=75.0.3770.100)
  (Driver info: chromedriver=2.43.600229 (3fae4d0cda5334b4f533bede5a4787f7b832d052),platform=Mac OS X 10.13.6 x86_64) (WARNING: The server did not provide any stacktrace information)
Command duration or timeout: 0 milliseconds
Build info: version: '3.7.1', revision: '8a0099a', time: '2017-11-06T21:07:36.161Z'
System info: host: 'sumans-MacBook-Pro.local', ip: 'fe80:0:0:0:98:5ae9:edb9:537f%en0', os.name: 'Mac OS X', os.arch: 'x86_64', os.version: '10.13.6', java.version: '1.8.0_181'
Driver info: com.kms.katalon.selenium.driver.CChromeDriver
Capabilities {acceptInsecureCerts: false, acceptSslCerts: false, applicationCacheEnabled: false, browserConnectionEnabled: false, browserName: chrome, chrome: {chromedriverVersion: 2.43.600229 (3fae4d0cda5334..., userDataDir: /var/folders/1t/c55l8xzs6gq...}, cssSelectorsEnabled: true, databaseEnabled: false, goog:chromeOptions: {debuggerAddress: localhost:60210}, handlesAlerts: true, hasTouchScreen: false, javascriptEnabled: true, locationContextEnabled: true, mobileEmulationEnabled: false, nativeEvents: true, networkConnectionEnabled: false, pageLoadStrategy: normal, platform: MAC, platformName: MAC, rotatable: false, setWindowRect: true, takesHeapSnapshot: true, takesScreenshot: true, unexpectedAlertBehaviour: , unhandledPromptBehavior: , version: 75.0.3770.100, webStorageEnabled: true}
Session ID: 75c5d6ebc87ae0538055801b56c972bd)
[[ATTACHMENT|/Users/sumankompelly/Relative xpath-Mobile/Reports/1.11.1/20190702_161421/1562099568395.png]]

2019-07-02 16:32:48 - [MESSAGE][FAILED] - if (flag == true) FAILED.
Reason:
com.kms.katalon.core.exception.StepFailedException: Unable to click on object 'Object Repository/OCS-MOBILE /Cart flyout/Quantity decrease - Product' (Root cause: org.openqa.selenium.ElementNotVisibleException: element not interactable
  (Session info: chrome=75.0.3770.100)
  (Driver info: chromedriver=2.43.600229 (3fae4d0cda5334b4f533bede5a4787f7b832d052),platform=Mac OS X 10.13.6 x86_64) (WARNING: The server did not provide any stacktrace information)
Command duration or timeout: 0 milliseconds
Build info: version: '3.7.1', revision: '8a0099a', time: '2017-11-06T21:07:36.161Z'
System info: host: 'sumans-MacBook-Pro.local', ip: 'fe80:0:0:0:98:5ae9:edb9:537f%en0', os.name: 'Mac OS X', os.arch: 'x86_64', os.version: '10.13.6', java.version: '1.8.0_181'
Driver info: com.kms.katalon.selenium.driver.CChromeDriver
Capabilities {acceptInsecureCerts: false, acceptSslCerts: false, applicationCacheEnabled: false, browserConnectionEnabled: false, browserName: chrome, chrome: {chromedriverVersion: 2.43.600229 (3fae4d0cda5334..., userDataDir: /var/folders/1t/c55l8xzs6gq...}, cssSelectorsEnabled: true, databaseEnabled: false, goog:chromeOptions: {debuggerAddress: localhost:60210}, handlesAlerts: true, hasTouchScreen: false, javascriptEnabled: true, locationContextEnabled: true, mobileEmulationEnabled: false, nativeEvents: true, networkConnectionEnabled: false, pageLoadStrategy: normal, platform: MAC, platformName: MAC, rotatable: false, setWindowRect: true, takesHeapSnapshot: true, takesScreenshot: true, unexpectedAlertBehaviour: , unhandledPromptBehavior: , version: 75.0.3770.100, webStorageEnabled: true}
Session ID: 75c5d6ebc87ae0538055801b56c972bd)
	at com.kms.katalon.core.keyword.internal.KeywordMain.stepFailed(KeywordMain.groovy:36)
	at com.kms.katalon.core.webui.keyword.internal.WebUIKeywordMain.stepFailed(WebUIKeywordMain.groovy:65)
	at com.kms.katalon.core.webui.keyword.internal.WebUIKeywordMain.runKeyword(WebUIKeywordMain.groovy:27)
	at com.kms.katalon.core.webui.keyword.builtin.ClickKeyword.click(ClickKeyword.groovy:86)
	at com.kms.katalon.core.webui.keyword.builtin.ClickKeyword.execute(ClickKeyword.groovy:67)
	at com.kms.katalon.core.keyword.internal.KeywordExecutor.executeKeywordForPlatform(KeywordExecutor.groovy:53)
	at com.kms.katalon.core.webui.keyword.WebUiBuiltInKeywords.click(WebUiBuiltInKeywords.groovy:616)
	at com.kms.katalon.core.webui.keyword.WebUiBuiltInKeywords$click$4.call(Unknown Source)
	at Cart flyout- decrease qty.run(Cart flyout- decrease qty:83)
	at com.kms.katalon.core.main.ScriptEngine.run(ScriptEngine.java:194)
	at com.kms.katalon.core.main.ScriptEngine.runScriptAsRawText(ScriptEngine.java:119)
	at com.kms.katalon.core.main.TestCaseExecutor.runScript(TestCaseExecutor.java:328)
	at com.kms.katalon.core.main.TestCaseExecutor.doExecute(TestCaseExecutor.java:319)
	at com.kms.katalon.core.main.TestCaseExecutor.processExecutionPhase(TestCaseExecutor.java:298)
	at com.kms.katalon.core.main.TestCaseExecutor.accessMainPhase(TestCaseExecutor.java:290)
	at com.kms.katalon.core.main.TestCaseExecutor.execute(TestCaseExecutor.java:224)
	at com.kms.katalon.core.main.TestSuiteExecutor.accessTestCaseMainPhase(TestSuiteExecutor.java:129)
	at com.kms.katalon.core.main.TestSuiteExecutor.accessTestSuiteMainPhase(TestSuiteExecutor.java:112)
	at com.kms.katalon.core.main.TestSuiteExecutor.execute(TestSuiteExecutor.java:81)
	at com.kms.katalon.core.main.TestCaseMain.startTestSuite(TestCaseMain.java:149)
	at com.kms.katalon.core.main.TestCaseMain$startTestSuite$0.call(Unknown Source)
	at TempTestSuite1562098461396.run(TempTestSuite1562098461396.groovy:36)]]></system-out>
         <system-err><![CDATA[2019-07-02 16:32:03 - [TEST_CASE][FAILED] - Test Cases/OCS - MOBILE/OCS- CRITICAL PATH/Cart flyout- decrease qty: Test Cases/OCS - MOBILE/OCS- CRITICAL PATH/Cart flyout- decrease qty FAILED.
Reason:
com.kms.katalon.core.exception.StepFailedException: Unable to click on object 'Object Repository/OCS-MOBILE /Cart flyout/Quantity decrease - Product' (Root cause: org.openqa.selenium.ElementNotVisibleException: element not interactable
  (Session info: chrome=75.0.3770.100)
  (Driver info: chromedriver=2.43.600229 (3fae4d0cda5334b4f533bede5a4787f7b832d052),platform=Mac OS X 10.13.6 x86_64) (WARNING: The server did not provide any stacktrace information)
Command duration or timeout: 0 milliseconds
Build info: version: '3.7.1', revision: '8a0099a', time: '2017-11-06T21:07:36.161Z'
System info: host: 'sumans-MacBook-Pro.local', ip: 'fe80:0:0:0:98:5ae9:edb9:537f%en0', os.name: 'Mac OS X', os.arch: 'x86_64', os.version: '10.13.6', java.version: '1.8.0_181'
Driver info: com.kms.katalon.selenium.driver.CChromeDriver
Capabilities {acceptInsecureCerts: false, acceptSslCerts: false, applicationCacheEnabled: false, browserConnectionEnabled: false, browserName: chrome, chrome: {chromedriverVersion: 2.43.600229 (3fae4d0cda5334..., userDataDir: /var/folders/1t/c55l8xzs6gq...}, cssSelectorsEnabled: true, databaseEnabled: false, goog:chromeOptions: {debuggerAddress: localhost:60210}, handlesAlerts: true, hasTouchScreen: false, javascriptEnabled: true, locationContextEnabled: true, mobileEmulationEnabled: false, nativeEvents: true, networkConnectionEnabled: false, pageLoadStrategy: normal, platform: MAC, platformName: MAC, rotatable: false, setWindowRect: true, takesHeapSnapshot: true, takesScreenshot: true, unexpectedAlertBehaviour: , unhandledPromptBehavior: , version: 75.0.3770.100, webStorageEnabled: true}
Session ID: 75c5d6ebc87ae0538055801b56c972bd)
	at com.kms.katalon.core.keyword.internal.KeywordMain.stepFailed(KeywordMain.groovy:36)
	at com.kms.katalon.core.webui.keyword.internal.WebUIKeywordMain.stepFailed(WebUIKeywordMain.groovy:65)
	at com.kms.katalon.core.webui.keyword.internal.WebUIKeywordMain.runKeyword(WebUIKeywordMain.groovy:27)
	at com.kms.katalon.core.webui.keyword.builtin.ClickKeyword.click(ClickKeyword.groovy:86)
	at com.kms.katalon.core.webui.keyword.builtin.ClickKeyword.execute(ClickKeyword.groovy:67)
	at com.kms.katalon.core.keyword.internal.KeywordExecutor.executeKeywordForPlatform(KeywordExecutor.groovy:53)
	at com.kms.katalon.core.webui.keyword.WebUiBuiltInKeywords.click(WebUiBuiltInKeywords.groovy:616)
	at com.kms.katalon.core.webui.keyword.WebUiBuiltInKeywords$click$4.call(Unknown Source)
	at Cart flyout- decrease qty.run(Cart flyout- decrease qty:83)
	at com.kms.katalon.core.main.ScriptEngine.run(ScriptEngine.java:194)
	at com.kms.katalon.core.main.ScriptEngine.runScriptAsRawText(ScriptEngine.java:119)
	at com.kms.katalon.core.main.TestCaseExecutor.runScript(TestCaseExecutor.java:328)
	at com.kms.katalon.core.main.TestCaseExecutor.doExecute(TestCaseExecutor.java:319)
	at com.kms.katalon.core.main.TestCaseExecutor.processExecutionPhase(TestCaseExecutor.java:298)
	at com.kms.katalon.core.main.TestCaseExecutor.accessMainPhase(TestCaseExecutor.java:290)
	at com.kms.katalon.core.main.TestCaseExecutor.execute(TestCaseExecutor.java:224)
	at com.kms.katalon.core.main.TestSuiteExecutor.accessTestCaseMainPhase(TestSuiteExecutor.java:129)
	at com.kms.katalon.core.main.TestSuiteExecutor.accessTestSuiteMainPhase(TestSuiteExecutor.java:112)
	at com.kms.katalon.core.main.TestSuiteExecutor.execute(TestSuiteExecutor.java:81)
	at com.kms.katalon.core.main.TestCaseMain.startTestSuite(TestCaseMain.java:149)
	at com.kms.katalon.core.main.TestCaseMain$startTestSuite$0.call(Unknown Source)
	at TempTestSuite1562098461396.run(TempTestSuite1562098461396.groovy:36)]]></system-err>
      </testcase>
      <testcase name="Test Cases/OCS - MOBILE/OCS- CRITICAL PATH/Checkout- Payment" classname="Test Cases/OCS - MOBILE/OCS- CRITICAL PATH/Checkout- Payment" status="FAILED">
         <failure type="FAILED" message="Test Cases/OCS - MOBILE/OCS- CRITICAL PATH/Checkout- Payment FAILED.
Reason:
com.kms.katalon.core.exception.StepFailedException: Unable to execute JavaScript. (Root cause: org.openqa.selenium.WebDriverException: unknown error: Cannot read property 'style' of null
  (Session info: chrome=75.0.3770.100)
  (Driver info: chromedriver=2.43.600229 (3fae4d0cda5334b4f533bede5a4787f7b832d052),platform=Mac OS X 10.13.6 x86_64) (WARNING: The server did not provide any stacktrace information)
Command duration or timeout: 0 milliseconds
Build info: version: '3.7.1', revision: '8a0099a', time: '2017-11-06T21:07:36.161Z'
System info: host: 'sumans-MacBook-Pro.local', ip: 'fe80:0:0:0:98:5ae9:edb9:537f%en0', os.name: 'Mac OS X', os.arch: 'x86_64', os.version: '10.13.6', java.version: '1.8.0_181'
Driver info: com.kms.katalon.selenium.driver.CChromeDriver
Capabilities {acceptInsecureCerts: false, acceptSslCerts: false, applicationCacheEnabled: false, browserConnectionEnabled: false, browserName: chrome, chrome: {chromedriverVersion: 2.43.600229 (3fae4d0cda5334..., userDataDir: /var/folders/1t/c55l8xzs6gq...}, cssSelectorsEnabled: true, databaseEnabled: false, goog:chromeOptions: {debuggerAddress: localhost:60436}, handlesAlerts: true, hasTouchScreen: false, javascriptEnabled: true, locationContextEnabled: true, mobileEmulationEnabled: false, nativeEvents: true, networkConnectionEnabled: false, pageLoadStrategy: normal, platform: MAC, platformName: MAC, rotatable: false, setWindowRect: true, takesHeapSnapshot: true, takesScreenshot: true, unexpectedAlertBehaviour: , unhandledPromptBehavior: , version: 75.0.3770.100, webStorageEnabled: true}
Session ID: c7d4d430c514522578be25555df653d1)
	at com.kms.katalon.core.keyword.internal.KeywordMain.stepFailed(KeywordMain.groovy:36)
	at com.kms.katalon.core.webui.keyword.internal.WebUIKeywordMain.stepFailed(WebUIKeywordMain.groovy:65)
	at com.kms.katalon.core.webui.keyword.internal.WebUIKeywordMain.runKeyword(WebUIKeywordMain.groovy:27)
	at com.kms.katalon.core.webui.keyword.builtin.ExecuteJavaScriptKeyword.executeJavascript(ExecuteJavascriptKeyword.groovy:42)
	at com.kms.katalon.core.webui.keyword.builtin.ExecuteJavaScriptKeyword.execute(ExecuteJavascriptKeyword.groovy:37)
	at com.kms.katalon.core.keyword.internal.KeywordExecutor.executeKeywordForPlatform(KeywordExecutor.groovy:53)
	at com.kms.katalon.core.webui.keyword.WebUiBuiltInKeywords.executeJavaScript(WebUiBuiltInKeywords.groovy:3787)
	at com.kms.katalon.core.webui.keyword.WebUiBuiltInKeywords$executeJavaScript$1.call(Unknown Source)
	at Checkout- Payment.run(Checkout- Payment:131)
	at com.kms.katalon.core.main.ScriptEngine.run(ScriptEngine.java:194)
	at com.kms.katalon.core.main.ScriptEngine.runScriptAsRawText(ScriptEngine.java:119)
	at com.kms.katalon.core.main.TestCaseExecutor.runScript(TestCaseExecutor.java:328)
	at com.kms.katalon.core.main.TestCaseExecutor.doExecute(TestCaseExecutor.java:319)
	at com.kms.katalon.core.main.TestCaseExecutor.processExecutionPhase(TestCaseExecutor.java:298)
	at com.kms.katalon.core.main.TestCaseExecutor.accessMainPhase(TestCaseExecutor.java:290)
	at com.kms.katalon.core.main.TestCaseExecutor.execute(TestCaseExecutor.java:224)
	at com.kms.katalon.core.main.TestSuiteExecutor.accessTestCaseMainPhase(TestSuiteExecutor.java:129)
	at com.kms.katalon.core.main.TestSuiteExecutor.accessTestSuiteMainPhase(TestSuiteExecutor.java:112)
	at com.kms.katalon.core.main.TestSuiteExecutor.execute(TestSuiteExecutor.java:81)
	at com.kms.katalon.core.main.TestCaseMain.startTestSuite(TestCaseMain.java:149)
	at com.kms.katalon.core.main.TestCaseMain$startTestSuite$0.call(Unknown Source)
	at TempTestSuite1562098461396.run(TempTestSuite1562098461396.groovy:36)
"/>
         <system-out><![CDATA[2019-07-02 16:32:48 - [TEST_CASE][FAILED] - Test Cases/OCS - MOBILE/OCS- CRITICAL PATH/Checkout- Payment: Test Cases/OCS - MOBILE/OCS- CRITICAL PATH/Checkout- Payment FAILED.
Reason:
com.kms.katalon.core.exception.StepFailedException: Unable to execute JavaScript. (Root cause: org.openqa.selenium.WebDriverException: unknown error: Cannot read property 'style' of null
  (Session info: chrome=75.0.3770.100)
  (Driver info: chromedriver=2.43.600229 (3fae4d0cda5334b4f533bede5a4787f7b832d052),platform=Mac OS X 10.13.6 x86_64) (WARNING: The server did not provide any stacktrace information)
Command duration or timeout: 0 milliseconds
Build info: version: '3.7.1', revision: '8a0099a', time: '2017-11-06T21:07:36.161Z'
System info: host: 'sumans-MacBook-Pro.local', ip: 'fe80:0:0:0:98:5ae9:edb9:537f%en0', os.name: 'Mac OS X', os.arch: 'x86_64', os.version: '10.13.6', java.version: '1.8.0_181'
Driver info: com.kms.katalon.selenium.driver.CChromeDriver
Capabilities {acceptInsecureCerts: false, acceptSslCerts: false, applicationCacheEnabled: false, browserConnectionEnabled: false, browserName: chrome, chrome: {chromedriverVersion: 2.43.600229 (3fae4d0cda5334..., userDataDir: /var/folders/1t/c55l8xzs6gq...}, cssSelectorsEnabled: true, databaseEnabled: false, goog:chromeOptions: {debuggerAddress: localhost:60436}, handlesAlerts: true, hasTouchScreen: false, javascriptEnabled: true, locationContextEnabled: true, mobileEmulationEnabled: false, nativeEvents: true, networkConnectionEnabled: false, pageLoadStrategy: normal, platform: MAC, platformName: MAC, rotatable: false, setWindowRect: true, takesHeapSnapshot: true, takesScreenshot: true, unexpectedAlertBehaviour: , unhandledPromptBehavior: , version: 75.0.3770.100, webStorageEnabled: true}
Session ID: c7d4d430c514522578be25555df653d1)
	at com.kms.katalon.core.keyword.internal.KeywordMain.stepFailed(KeywordMain.groovy:36)
	at com.kms.katalon.core.webui.keyword.internal.WebUIKeywordMain.stepFailed(WebUIKeywordMain.groovy:65)
	at com.kms.katalon.core.webui.keyword.internal.WebUIKeywordMain.runKeyword(WebUIKeywordMain.groovy:27)
	at com.kms.katalon.core.webui.keyword.builtin.ExecuteJavaScriptKeyword.executeJavascript(ExecuteJavascriptKeyword.groovy:42)
	at com.kms.katalon.core.webui.keyword.builtin.ExecuteJavaScriptKeyword.execute(ExecuteJavascriptKeyword.groovy:37)
	at com.kms.katalon.core.keyword.internal.KeywordExecutor.executeKeywordForPlatform(KeywordExecutor.groovy:53)
	at com.kms.katalon.core.webui.keyword.WebUiBuiltInKeywords.executeJavaScript(WebUiBuiltInKeywords.groovy:3787)
	at com.kms.katalon.core.webui.keyword.WebUiBuiltInKeywords$executeJavaScript$1.call(Unknown Source)
	at Checkout- Payment.run(Checkout- Payment:131)
	at com.kms.katalon.core.main.ScriptEngine.run(ScriptEngine.java:194)
	at com.kms.katalon.core.main.ScriptEngine.runScriptAsRawText(ScriptEngine.java:119)
	at com.kms.katalon.core.main.TestCaseExecutor.runScript(TestCaseExecutor.java:328)
	at com.kms.katalon.core.main.TestCaseExecutor.doExecute(TestCaseExecutor.java:319)
	at com.kms.katalon.core.main.TestCaseExecutor.processExecutionPhase(TestCaseExecutor.java:298)
	at com.kms.katalon.core.main.TestCaseExecutor.accessMainPhase(TestCaseExecutor.java:290)
	at com.kms.katalon.core.main.TestCaseExecutor.execute(TestCaseExecutor.java:224)
	at com.kms.katalon.core.main.TestSuiteExecutor.accessTestCaseMainPhase(TestSuiteExecutor.java:129)
	at com.kms.katalon.core.main.TestSuiteExecutor.accessTestSuiteMainPhase(TestSuiteExecutor.java:112)
	at com.kms.katalon.core.main.TestSuiteExecutor.execute(TestSuiteExecutor.java:81)
	at com.kms.katalon.core.main.TestCaseMain.startTestSuite(TestCaseMain.java:149)
	at com.kms.katalon.core.main.TestCaseMain$startTestSuite$0.call(Unknown Source)
	at TempTestSuite1562098461396.run(TempTestSuite1562098461396.groovy:36)


2019-07-02 16:32:48 - [TEST_STEP][PASSED] - callTestCase(findTestCase("OCS - MOBILE/CALL - AGE GATE"), [:], STOP_ON_FAILURE): Call Test Case 'Test Cases/OCS - MOBILE/CALL - AGE GATE' successfully

2019-07-02 16:32:48 - [TEST_CASE][PASSED] - Test Cases/OCS - MOBILE/CALL - AGE GATE: Test Cases/OCS - MOBILE/CALL - AGE GATE

2019-07-02 16:32:48 - [TEST_STEP][PASSED] - openBrowser(""): Browser is opened with url: ''

2019-07-02 16:32:48 - [MESSAGE][WARNING] - A browser is already opened. Closing browser and opening a new one

2019-07-02 16:32:48 - [MESSAGE][INFO] - Starting 'Chrome' driver

2019-07-02 16:32:50 - [MESSAGE][PASSED] - Browser is opened with url: ''

2019-07-02 16:32:50 - [TEST_STEP][PASSED] - navigateToUrl("https://ocs.ca/?fts=0&preview_theme_id=74203301708"): Navigate to 'https://ocs.ca/?fts=0&preview_theme_id=74203301708' successfully

2019-07-02 16:32:55 - [MESSAGE][PASSED] - Navigate to 'https://ocs.ca/?fts=0&preview_theme_id=74203301708' successfully

2019-07-02 16:32:55 - [TEST_STEP][PASSED] - executeJavaScript("var previewBar = document.getElementById("preview-bar-iframe"); previewBar.style.display = "none";", []): Execute JavaScript 'var previewBar = document.getElementById("preview-bar-iframe"); previewBar.style.display = "none";' successfully

2019-07-02 16:32:55 - [MESSAGE][PASSED] - Execute JavaScript 'var previewBar = document.getElementById("preview-bar-iframe"); previewBar.style.display = "none";' successfully

2019-07-02 16:32:55 - [TEST_STEP][PASSED] - setViewPortSize(360, 800): Viewport is set to new size with width = 360 and height = 800

2019-07-02 16:32:55 - [MESSAGE][PASSED] - Viewport is set to new size with width = 360 and height = 800

2019-07-02 16:32:55 - [TEST_STEP][PASSED] - delay(4): Delayed 4 second(s)

2019-07-02 16:32:59 - [MESSAGE][PASSED] - Delayed 4 second(s)

2019-07-02 16:32:59 - [TEST_STEP][PASSED] - selectOptionByValue(findTestObject("OCS-MOBILE /Age gate and burger menu/Date"), "12", true): All options with value '12' are selected in object 'Object Repository/OCS-MOBILE /Age gate and burger menu/Date'  using regular expression

2019-07-02 16:32:59 - [MESSAGE][PASSED] - All options with value '12' are selected in object 'Object Repository/OCS-MOBILE /Age gate and burger menu/Date'  using regular expression

2019-07-02 16:32:59 - [TEST_STEP][PASSED] - selectOptionByValue(findTestObject("OCS-MOBILE /Age gate and burger menu/month"), "6", true): All options with value '6' are selected in object 'Object Repository/OCS-MOBILE /Age gate and burger menu/month'  using regular expression

2019-07-02 16:33:00 - [MESSAGE][PASSED] - All options with value '6' are selected in object 'Object Repository/OCS-MOBILE /Age gate and burger menu/month'  using regular expression

2019-07-02 16:33:00 - [TEST_STEP][PASSED] - delay(2): Delayed 2 second(s)

2019-07-02 16:33:02 - [MESSAGE][PASSED] - Delayed 2 second(s)

2019-07-02 16:33:02 - [TEST_STEP][PASSED] - selectOptionByValue(findTestObject("OCS-MOBILE /Age gate and burger menu/Year Dropdown"), "1990", true): All options with value '1990' are selected in object 'Object Repository/OCS-MOBILE /Age gate and burger menu/Year Dropdown'  using regular expression

2019-07-02 16:33:03 - [MESSAGE][PASSED] - All options with value '1990' are selected in object 'Object Repository/OCS-MOBILE /Age gate and burger menu/Year Dropdown'  using regular expression

2019-07-02 16:33:03 - [TEST_STEP][PASSED] - click(findTestObject("OCS-MOBILE /Age gate and Mega menu/button_Verify")): Object: 'Object Repository/OCS-MOBILE /Age gate and Mega menu/button_Verify' is clicked on

2019-07-02 16:33:03 - [MESSAGE][PASSED] - Object: 'Object Repository/OCS-MOBILE /Age gate and Mega menu/button_Verify' is clicked on

2019-07-02 16:33:03 - [TEST_STEP][PASSED] - click(findTestObject("OCS-MOBILE /Age gate and Mega menu/Checkbox_CONFIRM AND ACKNOWLEDGE")): Object: 'Object Repository/OCS-MOBILE /Age gate and Mega menu/Checkbox_CONFIRM AND ACKNOWLEDGE' is clicked on

2019-07-02 16:33:03 - [MESSAGE][PASSED] - Object: 'Object Repository/OCS-MOBILE /Age gate and Mega menu/Checkbox_CONFIRM AND ACKNOWLEDGE' is clicked on

2019-07-02 16:33:03 - [TEST_STEP][PASSED] - click(findTestObject("OCS-MOBILE /Age gate and Mega menu/button_CONFIRM")): Object: 'Object Repository/OCS-MOBILE /Age gate and Mega menu/button_CONFIRM' is clicked on

2019-07-02 16:33:03 - [MESSAGE][PASSED] - Object: 'Object Repository/OCS-MOBILE /Age gate and Mega menu/button_CONFIRM' is clicked on

2019-07-02 16:33:03 - [TEST_STEP][PASSED] - click(findTestObject("OCS-MOBILE /Age gate and Mega menu/button_Start Browsing")): Object: 'Object Repository/OCS-MOBILE /Age gate and Mega menu/button_Start Browsing' is clicked on

2019-07-02 16:33:03 - [MESSAGE][PASSED] - Object: 'Object Repository/OCS-MOBILE /Age gate and Mega menu/button_Start Browsing' is clicked on

2019-07-02 16:33:03 - [TEST_STEP][PASSED] - refresh(): Refresh successfully

2019-07-02 16:33:03 - [MESSAGE][PASSED] - Refresh successfully

2019-07-02 16:33:03 - [TEST_STEP][PASSED] - executeJavaScript("var previewBar = document.getElementById("preview-bar-iframe"); previewBar.style.display = "none";", []): Execute JavaScript 'var previewBar = document.getElementById("preview-bar-iframe"); previewBar.style.display = "none";' successfully

2019-07-02 16:33:06 - [MESSAGE][PASSED] - Execute JavaScript 'var previewBar = document.getElementById("preview-bar-iframe"); previewBar.style.display = "none";' successfully

2019-07-02 16:33:06 - [MESSAGE][PASSED] - Call Test Case 'Test Cases/OCS - MOBILE/CALL - AGE GATE' successfully

2019-07-02 16:33:06 - [TEST_STEP][PASSED] - delay(2): Delayed 2 second(s)

2019-07-02 16:33:08 - [MESSAGE][PASSED] - Delayed 2 second(s)

2019-07-02 16:33:08 - [TEST_STEP][PASSED] - refresh(): Refresh successfully

2019-07-02 16:33:08 - [MESSAGE][PASSED] - Refresh successfully

2019-07-02 16:33:08 - [TEST_STEP][PASSED] - click(findTestObject("OCS-MOBILE /Age gate and burger menu/Burger menu - English")): Object: 'Object Repository/OCS-MOBILE /Age gate and burger menu/Burger menu - English' is clicked on

2019-07-02 16:33:11 - [MESSAGE][PASSED] - Object: 'Object Repository/OCS-MOBILE /Age gate and burger menu/Burger menu - English' is clicked on

2019-07-02 16:33:11 - [TEST_STEP][PASSED] - delay(2): Delayed 2 second(s)

2019-07-02 16:33:13 - [MESSAGE][PASSED] - Delayed 2 second(s)

2019-07-02 16:33:13 - [TEST_STEP][PASSED] - click(findTestObject("OCS-MOBILE /Age gate and burger menu/Chevron_Cannabis")): Object: 'Object Repository/OCS-MOBILE /Age gate and burger menu/Chevron_Cannabis' is clicked on

2019-07-02 16:33:13 - [MESSAGE][PASSED] - Object: 'Object Repository/OCS-MOBILE /Age gate and burger menu/Chevron_Cannabis' is clicked on

2019-07-02 16:33:13 - [TEST_STEP][PASSED] - delay(2): Delayed 2 second(s)

2019-07-02 16:33:15 - [MESSAGE][PASSED] - Delayed 2 second(s)

2019-07-02 16:33:15 - [TEST_STEP][PASSED] - click(findTestObject("OCS-MOBILE /Age gate and burger menu/Dried Flower_Plus icon")): Object: 'Object Repository/OCS-MOBILE /Age gate and burger menu/Dried Flower_Plus icon' is clicked on

2019-07-02 16:33:16 - [MESSAGE][PASSED] - Object: 'Object Repository/OCS-MOBILE /Age gate and burger menu/Dried Flower_Plus icon' is clicked on

2019-07-02 16:33:16 - [TEST_STEP][PASSED] - delay(2): Delayed 2 second(s)

2019-07-02 16:33:18 - [MESSAGE][PASSED] - Delayed 2 second(s)

2019-07-02 16:33:18 - [TEST_STEP][PASSED] - click(findTestObject("OCS-MOBILE /Age gate and burger menu/Indica Dominant_Menu item")): Object: 'Object Repository/OCS-MOBILE /Age gate and burger menu/Indica Dominant_Menu item' is clicked on

2019-07-02 16:33:20 - [MESSAGE][PASSED] - Object: 'Object Repository/OCS-MOBILE /Age gate and burger menu/Indica Dominant_Menu item' is clicked on

2019-07-02 16:33:20 - [TEST_STEP][PASSED] - executeJavaScript("var previewBar = document.getElementById("preview-bar-iframe"); previewBar.style.display = "none";", []): Execute JavaScript 'var previewBar = document.getElementById("preview-bar-iframe"); previewBar.style.display = "none";' successfully

2019-07-02 16:33:20 - [MESSAGE][PASSED] - Execute JavaScript 'var previewBar = document.getElementById("preview-bar-iframe"); previewBar.style.display = "none";' successfully

2019-07-02 16:33:20 - [TEST_STEP][PASSED] - delay(2): Delayed 2 second(s)

2019-07-02 16:33:22 - [MESSAGE][PASSED] - Delayed 2 second(s)

2019-07-02 16:33:22 - [TEST_STEP][PASSED] - click(findTestObject("OCS-MOBILE /Collection page/Product image - 1st one")): Object: 'Object Repository/OCS-MOBILE /Collection page/Product image - 1st one' is clicked on

2019-07-02 16:33:26 - [MESSAGE][PASSED] - Object: 'Object Repository/OCS-MOBILE /Collection page/Product image - 1st one' is clicked on

2019-07-02 16:33:26 - [TEST_STEP][PASSED] - executeJavaScript("var previewBar = document.getElementById("preview-bar-iframe"); previewBar.style.display = "none";", []): Execute JavaScript 'var previewBar = document.getElementById("preview-bar-iframe"); previewBar.style.display = "none";' successfully

2019-07-02 16:33:26 - [MESSAGE][PASSED] - Execute JavaScript 'var previewBar = document.getElementById("preview-bar-iframe"); previewBar.style.display = "none";' successfully

2019-07-02 16:33:26 - [TEST_STEP][PASSED] - delay(1): Delayed 1 second(s)

2019-07-02 16:33:27 - [MESSAGE][PASSED] - Delayed 1 second(s)

2019-07-02 16:33:27 - [TEST_STEP][PASSED] - delay(3): Delayed 3 second(s)

2019-07-02 16:33:30 - [MESSAGE][PASSED] - Delayed 3 second(s)

2019-07-02 16:33:30 - [TEST_STEP][PASSED] - navigateToUrl("https://ocs.ca/products/dream-weaver"): Navigate to 'https://ocs.ca/products/dream-weaver' successfully

2019-07-02 16:33:33 - [MESSAGE][PASSED] - Navigate to 'https://ocs.ca/products/dream-weaver' successfully

2019-07-02 16:33:33 - [TEST_STEP][PASSED] - executeJavaScript("var previewBar = document.getElementById("preview-bar-iframe"); previewBar.style.display = "none";", []): Execute JavaScript 'var previewBar = document.getElementById("preview-bar-iframe"); previewBar.style.display = "none";' successfully

2019-07-02 16:33:33 - [MESSAGE][PASSED] - Execute JavaScript 'var previewBar = document.getElementById("preview-bar-iframe"); previewBar.style.display = "none";' successfully

2019-07-02 16:33:33 - [TEST_STEP][NOT_RUN] - scrollToElement(findTestObject("OCS-MOBILE /Product page/Product image"), 1): NOT_RUN: scrollToElement(findTestObject("OCS-MOBILE /Product page/Product image"), 1)

2019-07-02 16:33:33 - [MESSAGE][NOT_RUN] - NOT_RUN: scrollToElement(findTestObject("OCS-MOBILE /Product page/Product image"), 1)

2019-07-02 16:33:33 - [TEST_STEP][PASSED] - delay(2): Delayed 2 second(s)

2019-07-02 16:33:35 - [MESSAGE][PASSED] - Delayed 2 second(s)

2019-07-02 16:33:35 - [TEST_STEP][PASSED] - click(findTestObject("OCS-MOBILE /Product page/Swatch_3.5g")): Object: 'Object Repository/OCS-MOBILE /Product page/Swatch_3.5g' is clicked on

2019-07-02 16:33:36 - [MESSAGE][PASSED] - Object: 'Object Repository/OCS-MOBILE /Product page/Swatch_3.5g' is clicked on

2019-07-02 16:33:36 - [TEST_STEP][PASSED] - click(findTestObject("OCS-MOBILE /Product page/Add to Bag-button")): Object: 'Object Repository/OCS-MOBILE /Product page/Add to Bag-button' is clicked on

2019-07-02 16:33:36 - [MESSAGE][PASSED] - Object: 'Object Repository/OCS-MOBILE /Product page/Add to Bag-button' is clicked on

2019-07-02 16:33:36 - [TEST_STEP][PASSED] - delay(2): Delayed 2 second(s)

2019-07-02 16:33:38 - [MESSAGE][PASSED] - Delayed 2 second(s)

2019-07-02 16:33:38 - [TEST_STEP][PASSED] - click(findTestObject("OCS-MOBILE /Home - page/Cart icon -bag")): Object: 'Object Repository/OCS-MOBILE /Home - page/Cart icon -bag' is clicked on

2019-07-02 16:33:38 - [MESSAGE][PASSED] - Object: 'Object Repository/OCS-MOBILE /Home - page/Cart icon -bag' is clicked on

2019-07-02 16:33:38 - [TEST_STEP][PASSED] - delay(1): Delayed 1 second(s)

2019-07-02 16:33:39 - [MESSAGE][PASSED] - Delayed 1 second(s)

2019-07-02 16:33:39 - [TEST_STEP][PASSED] - click(findTestObject("OCS-MOBILE /Cart flyout/Checkbox_I confirm that")): Object: 'Object Repository/OCS-MOBILE /Cart flyout/Checkbox_I confirm that' is clicked on

2019-07-02 16:33:39 - [MESSAGE][PASSED] - Object: 'Object Repository/OCS-MOBILE /Cart flyout/Checkbox_I confirm that' is clicked on

2019-07-02 16:33:39 - [TEST_STEP][PASSED] - delay(2): Delayed 2 second(s)

2019-07-02 16:33:41 - [MESSAGE][PASSED] - Delayed 2 second(s)

2019-07-02 16:33:41 - [TEST_STEP][PASSED] - click(findTestObject("OCS-MOBILE /Cart flyout/Checkbox_Accept the Terms Condition")): Object: 'Object Repository/OCS-MOBILE /Cart flyout/Checkbox_Accept the Terms Condition' is clicked on

2019-07-02 16:33:41 - [MESSAGE][PASSED] - Object: 'Object Repository/OCS-MOBILE /Cart flyout/Checkbox_Accept the Terms Condition' is clicked on

2019-07-02 16:33:41 - [TEST_STEP][PASSED] - delay(1): Delayed 1 second(s)

2019-07-02 16:33:42 - [MESSAGE][PASSED] - Delayed 1 second(s)

2019-07-02 16:33:42 - [TEST_STEP][PASSED] - click(findTestObject("OCS-MOBILE /Cart flyout/Checkout - Button")): Object: 'Object Repository/OCS-MOBILE /Cart flyout/Checkout - Button' is clicked on

2019-07-02 16:33:50 - [MESSAGE][PASSED] - Object: 'Object Repository/OCS-MOBILE /Cart flyout/Checkout - Button' is clicked on

2019-07-02 16:33:50 - [TEST_STEP][PASSED] - executeJavaScript("var previewBar = document.getElementById("preview-bar-iframe"); previewBar.style.display = "none";", []): Execute JavaScript 'var previewBar = document.getElementById("preview-bar-iframe"); previewBar.style.display = "none";' successfully

2019-07-02 16:33:50 - [MESSAGE][PASSED] - Execute JavaScript 'var previewBar = document.getElementById("preview-bar-iframe"); previewBar.style.display = "none";' successfully

2019-07-02 16:33:50 - [TEST_STEP][PASSED] - delay(1): Delayed 1 second(s)

2019-07-02 16:33:51 - [MESSAGE][PASSED] - Delayed 1 second(s)

2019-07-02 16:33:51 - [TEST_STEP][PASSED] - delay(2): Delayed 2 second(s)

2019-07-02 16:33:53 - [MESSAGE][PASSED] - Delayed 2 second(s)

2019-07-02 16:33:53 - [TEST_STEP][PASSED] - scrollToElement(findTestObject("OCS-MOBILE /Customer info page/input_Email"), 0): Scroll to object 'Object Repository/OCS-MOBILE /Customer info page/input_Email' successfully

2019-07-02 16:33:53 - [MESSAGE][WARNING] - Timeout '0' is invalid. Using default page load timeout: '30'

2019-07-02 16:33:53 - [MESSAGE][PASSED] - Scroll to object 'Object Repository/OCS-MOBILE /Customer info page/input_Email' successfully

2019-07-02 16:33:53 - [TEST_STEP][PASSED] - setText(findTestObject("OCS-MOBILE /Customer info page/input_Email"), "suman.kompelly@diffagency.com"): Text 'suman.kompelly@diffagency.com' is set on object 'Object Repository/OCS-MOBILE /Customer info page/input_Email'

2019-07-02 16:33:54 - [MESSAGE][PASSED] - Text 'suman.kompelly@diffagency.com' is set on object 'Object Repository/OCS-MOBILE /Customer info page/input_Email'

2019-07-02 16:33:54 - [TEST_STEP][PASSED] - setText(findTestObject("OCS-MOBILE /Customer info page/input_First name"), "suman"): Text 'suman' is set on object 'Object Repository/OCS-MOBILE /Customer info page/input_First name'

2019-07-02 16:33:54 - [MESSAGE][PASSED] - Text 'suman' is set on object 'Object Repository/OCS-MOBILE /Customer info page/input_First name'

2019-07-02 16:33:54 - [TEST_STEP][PASSED] - setText(findTestObject("OCS-MOBILE /Customer info page/input_Last name"), "kompelly"): Text 'kompelly' is set on object 'Object Repository/OCS-MOBILE /Customer info page/input_Last name'

2019-07-02 16:33:54 - [MESSAGE][PASSED] - Text 'kompelly' is set on object 'Object Repository/OCS-MOBILE /Customer info page/input_Last name'

2019-07-02 16:33:54 - [TEST_STEP][PASSED] - setText(findTestObject("OCS-MOBILE /Customer info page/input_Address"), "300 saint alxendre"): Text '300 saint alxendre' is set on object 'Object Repository/OCS-MOBILE /Customer info page/input_Address'

2019-07-02 16:33:54 - [MESSAGE][PASSED] - Text '300 saint alxendre' is set on object 'Object Repository/OCS-MOBILE /Customer info page/input_Address'

2019-07-02 16:33:54 - [TEST_STEP][PASSED] - setText(findTestObject("OCS-MOBILE /Customer info page/input_Apartment suite etc. (op"), "199"): Text '199' is set on object 'Object Repository/OCS-MOBILE /Customer info page/input_Apartment suite etc. (op'

2019-07-02 16:33:54 - [MESSAGE][PASSED] - Text '199' is set on object 'Object Repository/OCS-MOBILE /Customer info page/input_Apartment suite etc. (op'

2019-07-02 16:33:54 - [TEST_STEP][PASSED] - setText(findTestObject("OCS-MOBILE /Customer info page/input_City"), "montreal"): Text 'montreal' is set on object 'Object Repository/OCS-MOBILE /Customer info page/input_City'

2019-07-02 16:33:54 - [MESSAGE][PASSED] - Text 'montreal' is set on object 'Object Repository/OCS-MOBILE /Customer info page/input_City'

2019-07-02 16:33:54 - [TEST_STEP][PASSED] - setText(findTestObject("OCS-MOBILE /Customer info page/input_Postal code"), "n0R1K0"): Text 'n0R1K0' is set on object 'Object Repository/OCS-MOBILE /Customer info page/input_Postal code'

2019-07-02 16:33:54 - [MESSAGE][PASSED] - Text 'n0R1K0' is set on object 'Object Repository/OCS-MOBILE /Customer info page/input_Postal code'

2019-07-02 16:33:54 - [TEST_STEP][PASSED] - setText(findTestObject("OCS-MOBILE /Customer info page/input_Phone"), "(514) 449-3882"): Text '(514) 449-3882' is set on object 'Object Repository/OCS-MOBILE /Customer info page/input_Phone'

2019-07-02 16:33:55 - [MESSAGE][PASSED] - Text '(514) 449-3882' is set on object 'Object Repository/OCS-MOBILE /Customer info page/input_Phone'

2019-07-02 16:33:55 - [TEST_STEP][PASSED] - delay(1): Delayed 1 second(s)

2019-07-02 16:33:56 - [MESSAGE][PASSED] - Delayed 1 second(s)

2019-07-02 16:33:56 - [TEST_STEP][PASSED] - executeJavaScript("var previewBar = document.getElementById("preview-bar-iframe"); previewBar.style.display = "none";", []): Execute JavaScript 'var previewBar = document.getElementById("preview-bar-iframe"); previewBar.style.display = "none";' successfully

2019-07-02 16:33:56 - [MESSAGE][PASSED] - Execute JavaScript 'var previewBar = document.getElementById("preview-bar-iframe"); previewBar.style.display = "none";' successfully

2019-07-02 16:33:56 - [TEST_STEP][PASSED] - click(findTestObject("OCS-MOBILE /Customer info page/Continue to shipping method - Button")): Object: 'Object Repository/OCS-MOBILE /Customer info page/Continue to shipping method - Button' is clicked on

2019-07-02 16:34:01 - [MESSAGE][PASSED] - Object: 'Object Repository/OCS-MOBILE /Customer info page/Continue to shipping method - Button' is clicked on

2019-07-02 16:34:01 - [TEST_STEP][PASSED] - delay(1): Delayed 1 second(s)

2019-07-02 16:34:02 - [MESSAGE][PASSED] - Delayed 1 second(s)

2019-07-02 16:34:02 - [TEST_STEP][PASSED] - delay(1): Delayed 1 second(s)

2019-07-02 16:34:03 - [MESSAGE][PASSED] - Delayed 1 second(s)

2019-07-02 16:34:03 - [TEST_STEP][PASSED] - click(findTestObject("OCS-MOBILE /Shipping page/Continue to payment method - Button")): Object: 'Object Repository/OCS-MOBILE /Shipping page/Continue to payment method - Button' is clicked on

2019-07-02 16:34:06 - [MESSAGE][PASSED] - Object: 'Object Repository/OCS-MOBILE /Shipping page/Continue to payment method - Button' is clicked on

2019-07-02 16:34:06 - [TEST_STEP][PASSED] - delay(1): Delayed 1 second(s)

2019-07-02 16:34:07 - [MESSAGE][PASSED] - Delayed 1 second(s)

2019-07-02 16:34:07 - [TEST_STEP][PASSED] - click(findTestObject("OCS-MOBILE /Payment -page/Change link span 1")): Object: 'Object Repository/OCS-MOBILE /Payment -page/Change link span 1' is clicked on

2019-07-02 16:34:08 - [MESSAGE][PASSED] - Object: 'Object Repository/OCS-MOBILE /Payment -page/Change link span 1' is clicked on

2019-07-02 16:34:08 - [TEST_STEP][PASSED] - executeJavaScript("var previewBar = document.getElementById("preview-bar-iframe"); previewBar.style.display = "none";", []): Execute JavaScript 'var previewBar = document.getElementById("preview-bar-iframe"); previewBar.style.display = "none";' successfully

2019-07-02 16:34:08 - [MESSAGE][PASSED] - Execute JavaScript 'var previewBar = document.getElementById("preview-bar-iframe"); previewBar.style.display = "none";' successfully

2019-07-02 16:34:08 - [TEST_STEP][PASSED] - setViewPortSize(360, 1000, CONTINUE_ON_FAILURE): Viewport is set to new size with width = 360 and height = 1000

2019-07-02 16:34:09 - [MESSAGE][PASSED] - Viewport is set to new size with width = 360 and height = 1000

2019-07-02 16:34:09 - [TEST_STEP][PASSED] - click(findTestObject("OCS-MOBILE /Shipping page/Continue to payment method - Button")): Object: 'Object Repository/OCS-MOBILE /Shipping page/Continue to payment method - Button' is clicked on

2019-07-02 16:34:09 - [MESSAGE][PASSED] - Object: 'Object Repository/OCS-MOBILE /Shipping page/Continue to payment method - Button' is clicked on

2019-07-02 16:34:09 - [TEST_STEP][NOT_RUN] - delay(1): NOT_RUN: delay(1)

2019-07-02 16:34:09 - [MESSAGE][NOT_RUN] - NOT_RUN: delay(1)

2019-07-02 16:34:09 - [TEST_STEP][FAILED] - executeJavaScript("var previewBar = document.getElementById("preview-bar-iframe"); previewBar.style.display = "none";", []): executeJavaScript("var previewBar = document.getElementById("preview-bar-iframe"); previewBar.style.display = "none";", []) FAILED.
Reason:
com.kms.katalon.core.exception.StepFailedException: Unable to execute JavaScript. (Root cause: org.openqa.selenium.WebDriverException: unknown error: Cannot read property 'style' of null
  (Session info: chrome=75.0.3770.100)
  (Driver info: chromedriver=2.43.600229 (3fae4d0cda5334b4f533bede5a4787f7b832d052),platform=Mac OS X 10.13.6 x86_64) (WARNING: The server did not provide any stacktrace information)
Command duration or timeout: 0 milliseconds
Build info: version: '3.7.1', revision: '8a0099a', time: '2017-11-06T21:07:36.161Z'
System info: host: 'sumans-MacBook-Pro.local', ip: 'fe80:0:0:0:98:5ae9:edb9:537f%en0', os.name: 'Mac OS X', os.arch: 'x86_64', os.version: '10.13.6', java.version: '1.8.0_181'
Driver info: com.kms.katalon.selenium.driver.CChromeDriver
Capabilities {acceptInsecureCerts: false, acceptSslCerts: false, applicationCacheEnabled: false, browserConnectionEnabled: false, browserName: chrome, chrome: {chromedriverVersion: 2.43.600229 (3fae4d0cda5334..., userDataDir: /var/folders/1t/c55l8xzs6gq...}, cssSelectorsEnabled: true, databaseEnabled: false, goog:chromeOptions: {debuggerAddress: localhost:60436}, handlesAlerts: true, hasTouchScreen: false, javascriptEnabled: true, locationContextEnabled: true, mobileEmulationEnabled: false, nativeEvents: true, networkConnectionEnabled: false, pageLoadStrategy: normal, platform: MAC, platformName: MAC, rotatable: false, setWindowRect: true, takesHeapSnapshot: true, takesScreenshot: true, unexpectedAlertBehaviour: , unhandledPromptBehavior: , version: 75.0.3770.100, webStorageEnabled: true}
Session ID: c7d4d430c514522578be25555df653d1)
	at com.kms.katalon.core.keyword.internal.KeywordMain.stepFailed(KeywordMain.groovy:36)
	at com.kms.katalon.core.webui.keyword.internal.WebUIKeywordMain.stepFailed(WebUIKeywordMain.groovy:65)
	at com.kms.katalon.core.webui.keyword.internal.WebUIKeywordMain.runKeyword(WebUIKeywordMain.groovy:27)
	at com.kms.katalon.core.webui.keyword.builtin.ExecuteJavaScriptKeyword.executeJavascript(ExecuteJavascriptKeyword.groovy:42)
	at com.kms.katalon.core.webui.keyword.builtin.ExecuteJavaScriptKeyword.execute(ExecuteJavascriptKeyword.groovy:37)
	at com.kms.katalon.core.keyword.internal.KeywordExecutor.executeKeywordForPlatform(KeywordExecutor.groovy:53)
	at com.kms.katalon.core.webui.keyword.WebUiBuiltInKeywords.executeJavaScript(WebUiBuiltInKeywords.groovy:3787)
	at com.kms.katalon.core.webui.keyword.WebUiBuiltInKeywords$executeJavaScript$1.call(Unknown Source)
	at Checkout- Payment.run(Checkout- Payment:131)
	at com.kms.katalon.core.main.ScriptEngine.run(ScriptEngine.java:194)
	at com.kms.katalon.core.main.ScriptEngine.runScriptAsRawText(ScriptEngine.java:119)
	at com.kms.katalon.core.main.TestCaseExecutor.runScript(TestCaseExecutor.java:328)
	at com.kms.katalon.core.main.TestCaseExecutor.doExecute(TestCaseExecutor.java:319)
	at com.kms.katalon.core.main.TestCaseExecutor.processExecutionPhase(TestCaseExecutor.java:298)
	at com.kms.katalon.core.main.TestCaseExecutor.accessMainPhase(TestCaseExecutor.java:290)
	at com.kms.katalon.core.main.TestCaseExecutor.execute(TestCaseExecutor.java:224)
	at com.kms.katalon.core.main.TestSuiteExecutor.accessTestCaseMainPhase(TestSuiteExecutor.java:129)
	at com.kms.katalon.core.main.TestSuiteExecutor.accessTestSuiteMainPhase(TestSuiteExecutor.java:112)
	at com.kms.katalon.core.main.TestSuiteExecutor.execute(TestSuiteExecutor.java:81)
	at com.kms.katalon.core.main.TestCaseMain.startTestSuite(TestCaseMain.java:149)
	at com.kms.katalon.core.main.TestCaseMain$startTestSuite$0.call(Unknown Source)
	at TempTestSuite1562098461396.run(TempTestSuite1562098461396.groovy:36)


2019-07-02 16:34:09 - [MESSAGE][FAILED] - Unable to execute JavaScript. (Root cause: org.openqa.selenium.WebDriverException: unknown error: Cannot read property 'style' of null
  (Session info: chrome=75.0.3770.100)
  (Driver info: chromedriver=2.43.600229 (3fae4d0cda5334b4f533bede5a4787f7b832d052),platform=Mac OS X 10.13.6 x86_64) (WARNING: The server did not provide any stacktrace information)
Command duration or timeout: 0 milliseconds
Build info: version: '3.7.1', revision: '8a0099a', time: '2017-11-06T21:07:36.161Z'
System info: host: 'sumans-MacBook-Pro.local', ip: 'fe80:0:0:0:98:5ae9:edb9:537f%en0', os.name: 'Mac OS X', os.arch: 'x86_64', os.version: '10.13.6', java.version: '1.8.0_181'
Driver info: com.kms.katalon.selenium.driver.CChromeDriver
Capabilities {acceptInsecureCerts: false, acceptSslCerts: false, applicationCacheEnabled: false, browserConnectionEnabled: false, browserName: chrome, chrome: {chromedriverVersion: 2.43.600229 (3fae4d0cda5334..., userDataDir: /var/folders/1t/c55l8xzs6gq...}, cssSelectorsEnabled: true, databaseEnabled: false, goog:chromeOptions: {debuggerAddress: localhost:60436}, handlesAlerts: true, hasTouchScreen: false, javascriptEnabled: true, locationContextEnabled: true, mobileEmulationEnabled: false, nativeEvents: true, networkConnectionEnabled: false, pageLoadStrategy: normal, platform: MAC, platformName: MAC, rotatable: false, setWindowRect: true, takesHeapSnapshot: true, takesScreenshot: true, unexpectedAlertBehaviour: , unhandledPromptBehavior: , version: 75.0.3770.100, webStorageEnabled: true}
Session ID: c7d4d430c514522578be25555df653d1)
[[ATTACHMENT|/Users/sumankompelly/Relative xpath-Mobile/Reports/1.11.1/20190702_161421/1562099649676.png]]

2019-07-02 16:34:09 - [MESSAGE][FAILED] - executeJavaScript("var previewBar = document.getElementById("preview-bar-iframe"); previewBar.style.display = "none";", []) FAILED.
Reason:
com.kms.katalon.core.exception.StepFailedException: Unable to execute JavaScript. (Root cause: org.openqa.selenium.WebDriverException: unknown error: Cannot read property 'style' of null
  (Session info: chrome=75.0.3770.100)
  (Driver info: chromedriver=2.43.600229 (3fae4d0cda5334b4f533bede5a4787f7b832d052),platform=Mac OS X 10.13.6 x86_64) (WARNING: The server did not provide any stacktrace information)
Command duration or timeout: 0 milliseconds
Build info: version: '3.7.1', revision: '8a0099a', time: '2017-11-06T21:07:36.161Z'
System info: host: 'sumans-MacBook-Pro.local', ip: 'fe80:0:0:0:98:5ae9:edb9:537f%en0', os.name: 'Mac OS X', os.arch: 'x86_64', os.version: '10.13.6', java.version: '1.8.0_181'
Driver info: com.kms.katalon.selenium.driver.CChromeDriver
Capabilities {acceptInsecureCerts: false, acceptSslCerts: false, applicationCacheEnabled: false, browserConnectionEnabled: false, browserName: chrome, chrome: {chromedriverVersion: 2.43.600229 (3fae4d0cda5334..., userDataDir: /var/folders/1t/c55l8xzs6gq...}, cssSelectorsEnabled: true, databaseEnabled: false, goog:chromeOptions: {debuggerAddress: localhost:60436}, handlesAlerts: true, hasTouchScreen: false, javascriptEnabled: true, locationContextEnabled: true, mobileEmulationEnabled: false, nativeEvents: true, networkConnectionEnabled: false, pageLoadStrategy: normal, platform: MAC, platformName: MAC, rotatable: false, setWindowRect: true, takesHeapSnapshot: true, takesScreenshot: true, unexpectedAlertBehaviour: , unhandledPromptBehavior: , version: 75.0.3770.100, webStorageEnabled: true}
Session ID: c7d4d430c514522578be25555df653d1)
	at com.kms.katalon.core.keyword.internal.KeywordMain.stepFailed(KeywordMain.groovy:36)
	at com.kms.katalon.core.webui.keyword.internal.WebUIKeywordMain.stepFailed(WebUIKeywordMain.groovy:65)
	at com.kms.katalon.core.webui.keyword.internal.WebUIKeywordMain.runKeyword(WebUIKeywordMain.groovy:27)
	at com.kms.katalon.core.webui.keyword.builtin.ExecuteJavaScriptKeyword.executeJavascript(ExecuteJavascriptKeyword.groovy:42)
	at com.kms.katalon.core.webui.keyword.builtin.ExecuteJavaScriptKeyword.execute(ExecuteJavascriptKeyword.groovy:37)
	at com.kms.katalon.core.keyword.internal.KeywordExecutor.executeKeywordForPlatform(KeywordExecutor.groovy:53)
	at com.kms.katalon.core.webui.keyword.WebUiBuiltInKeywords.executeJavaScript(WebUiBuiltInKeywords.groovy:3787)
	at com.kms.katalon.core.webui.keyword.WebUiBuiltInKeywords$executeJavaScript$1.call(Unknown Source)
	at Checkout- Payment.run(Checkout- Payment:131)
	at com.kms.katalon.core.main.ScriptEngine.run(ScriptEngine.java:194)
	at com.kms.katalon.core.main.ScriptEngine.runScriptAsRawText(ScriptEngine.java:119)
	at com.kms.katalon.core.main.TestCaseExecutor.runScript(TestCaseExecutor.java:328)
	at com.kms.katalon.core.main.TestCaseExecutor.doExecute(TestCaseExecutor.java:319)
	at com.kms.katalon.core.main.TestCaseExecutor.processExecutionPhase(TestCaseExecutor.java:298)
	at com.kms.katalon.core.main.TestCaseExecutor.accessMainPhase(TestCaseExecutor.java:290)
	at com.kms.katalon.core.main.TestCaseExecutor.execute(TestCaseExecutor.java:224)
	at com.kms.katalon.core.main.TestSuiteExecutor.accessTestCaseMainPhase(TestSuiteExecutor.java:129)
	at com.kms.katalon.core.main.TestSuiteExecutor.accessTestSuiteMainPhase(TestSuiteExecutor.java:112)
	at com.kms.katalon.core.main.TestSuiteExecutor.execute(TestSuiteExecutor.java:81)
	at com.kms.katalon.core.main.TestCaseMain.startTestSuite(TestCaseMain.java:149)
	at com.kms.katalon.core.main.TestCaseMain$startTestSuite$0.call(Unknown Source)
	at TempTestSuite1562098461396.run(TempTestSuite1562098461396.groovy:36)]]></system-out>
         <system-err><![CDATA[2019-07-02 16:32:48 - [TEST_CASE][FAILED] - Test Cases/OCS - MOBILE/OCS- CRITICAL PATH/Checkout- Payment: Test Cases/OCS - MOBILE/OCS- CRITICAL PATH/Checkout- Payment FAILED.
Reason:
com.kms.katalon.core.exception.StepFailedException: Unable to execute JavaScript. (Root cause: org.openqa.selenium.WebDriverException: unknown error: Cannot read property 'style' of null
  (Session info: chrome=75.0.3770.100)
  (Driver info: chromedriver=2.43.600229 (3fae4d0cda5334b4f533bede5a4787f7b832d052),platform=Mac OS X 10.13.6 x86_64) (WARNING: The server did not provide any stacktrace information)
Command duration or timeout: 0 milliseconds
Build info: version: '3.7.1', revision: '8a0099a', time: '2017-11-06T21:07:36.161Z'
System info: host: 'sumans-MacBook-Pro.local', ip: 'fe80:0:0:0:98:5ae9:edb9:537f%en0', os.name: 'Mac OS X', os.arch: 'x86_64', os.version: '10.13.6', java.version: '1.8.0_181'
Driver info: com.kms.katalon.selenium.driver.CChromeDriver
Capabilities {acceptInsecureCerts: false, acceptSslCerts: false, applicationCacheEnabled: false, browserConnectionEnabled: false, browserName: chrome, chrome: {chromedriverVersion: 2.43.600229 (3fae4d0cda5334..., userDataDir: /var/folders/1t/c55l8xzs6gq...}, cssSelectorsEnabled: true, databaseEnabled: false, goog:chromeOptions: {debuggerAddress: localhost:60436}, handlesAlerts: true, hasTouchScreen: false, javascriptEnabled: true, locationContextEnabled: true, mobileEmulationEnabled: false, nativeEvents: true, networkConnectionEnabled: false, pageLoadStrategy: normal, platform: MAC, platformName: MAC, rotatable: false, setWindowRect: true, takesHeapSnapshot: true, takesScreenshot: true, unexpectedAlertBehaviour: , unhandledPromptBehavior: , version: 75.0.3770.100, webStorageEnabled: true}
Session ID: c7d4d430c514522578be25555df653d1)
	at com.kms.katalon.core.keyword.internal.KeywordMain.stepFailed(KeywordMain.groovy:36)
	at com.kms.katalon.core.webui.keyword.internal.WebUIKeywordMain.stepFailed(WebUIKeywordMain.groovy:65)
	at com.kms.katalon.core.webui.keyword.internal.WebUIKeywordMain.runKeyword(WebUIKeywordMain.groovy:27)
	at com.kms.katalon.core.webui.keyword.builtin.ExecuteJavaScriptKeyword.executeJavascript(ExecuteJavascriptKeyword.groovy:42)
	at com.kms.katalon.core.webui.keyword.builtin.ExecuteJavaScriptKeyword.execute(ExecuteJavascriptKeyword.groovy:37)
	at com.kms.katalon.core.keyword.internal.KeywordExecutor.executeKeywordForPlatform(KeywordExecutor.groovy:53)
	at com.kms.katalon.core.webui.keyword.WebUiBuiltInKeywords.executeJavaScript(WebUiBuiltInKeywords.groovy:3787)
	at com.kms.katalon.core.webui.keyword.WebUiBuiltInKeywords$executeJavaScript$1.call(Unknown Source)
	at Checkout- Payment.run(Checkout- Payment:131)
	at com.kms.katalon.core.main.ScriptEngine.run(ScriptEngine.java:194)
	at com.kms.katalon.core.main.ScriptEngine.runScriptAsRawText(ScriptEngine.java:119)
	at com.kms.katalon.core.main.TestCaseExecutor.runScript(TestCaseExecutor.java:328)
	at com.kms.katalon.core.main.TestCaseExecutor.doExecute(TestCaseExecutor.java:319)
	at com.kms.katalon.core.main.TestCaseExecutor.processExecutionPhase(TestCaseExecutor.java:298)
	at com.kms.katalon.core.main.TestCaseExecutor.accessMainPhase(TestCaseExecutor.java:290)
	at com.kms.katalon.core.main.TestCaseExecutor.execute(TestCaseExecutor.java:224)
	at com.kms.katalon.core.main.TestSuiteExecutor.accessTestCaseMainPhase(TestSuiteExecutor.java:129)
	at com.kms.katalon.core.main.TestSuiteExecutor.accessTestSuiteMainPhase(TestSuiteExecutor.java:112)
	at com.kms.katalon.core.main.TestSuiteExecutor.execute(TestSuiteExecutor.java:81)
	at com.kms.katalon.core.main.TestCaseMain.startTestSuite(TestCaseMain.java:149)
	at com.kms.katalon.core.main.TestCaseMain$startTestSuite$0.call(Unknown Source)
	at TempTestSuite1562098461396.run(TempTestSuite1562098461396.groovy:36)]]></system-err>
      </testcase>
      <testcase name="Test Cases/OCS - MOBILE/OCS- CRITICAL PATH/Checkout - customer information page" classname="Test Cases/OCS - MOBILE/OCS- CRITICAL PATH/Checkout - customer information page" status="PASSED">
         <system-out><![CDATA[2019-07-02 16:34:09 - [TEST_CASE][PASSED] - Test Cases/OCS - MOBILE/OCS- CRITICAL PATH/Checkout - customer information page: Test Cases/OCS - MOBILE/OCS- CRITICAL PATH/Checkout - customer information page

2019-07-02 16:34:10 - [TEST_STEP][PASSED] - callTestCase(findTestCase("OCS - MOBILE/CALL - AGE GATE"), [:], STOP_ON_FAILURE): Call Test Case 'Test Cases/OCS - MOBILE/CALL - AGE GATE' successfully

2019-07-02 16:34:10 - [TEST_CASE][PASSED] - Test Cases/OCS - MOBILE/CALL - AGE GATE: Test Cases/OCS - MOBILE/CALL - AGE GATE

2019-07-02 16:34:10 - [TEST_STEP][PASSED] - openBrowser(""): Browser is opened with url: ''

2019-07-02 16:34:10 - [MESSAGE][WARNING] - A browser is already opened. Closing browser and opening a new one

2019-07-02 16:34:10 - [MESSAGE][INFO] - Starting 'Chrome' driver

2019-07-02 16:34:11 - [MESSAGE][PASSED] - Browser is opened with url: ''

2019-07-02 16:34:11 - [TEST_STEP][PASSED] - navigateToUrl("https://ocs.ca/?fts=0&preview_theme_id=74203301708"): Navigate to 'https://ocs.ca/?fts=0&preview_theme_id=74203301708' successfully

2019-07-02 16:34:15 - [MESSAGE][PASSED] - Navigate to 'https://ocs.ca/?fts=0&preview_theme_id=74203301708' successfully

2019-07-02 16:34:15 - [TEST_STEP][PASSED] - executeJavaScript("var previewBar = document.getElementById("preview-bar-iframe"); previewBar.style.display = "none";", []): Execute JavaScript 'var previewBar = document.getElementById("preview-bar-iframe"); previewBar.style.display = "none";' successfully

2019-07-02 16:34:15 - [MESSAGE][PASSED] - Execute JavaScript 'var previewBar = document.getElementById("preview-bar-iframe"); previewBar.style.display = "none";' successfully

2019-07-02 16:34:15 - [TEST_STEP][PASSED] - setViewPortSize(360, 800): Viewport is set to new size with width = 360 and height = 800

2019-07-02 16:34:15 - [MESSAGE][PASSED] - Viewport is set to new size with width = 360 and height = 800

2019-07-02 16:34:15 - [TEST_STEP][PASSED] - delay(4): Delayed 4 second(s)

2019-07-02 16:34:19 - [MESSAGE][PASSED] - Delayed 4 second(s)

2019-07-02 16:34:19 - [TEST_STEP][PASSED] - selectOptionByValue(findTestObject("OCS-MOBILE /Age gate and burger menu/Date"), "12", true): All options with value '12' are selected in object 'Object Repository/OCS-MOBILE /Age gate and burger menu/Date'  using regular expression

2019-07-02 16:34:20 - [MESSAGE][PASSED] - All options with value '12' are selected in object 'Object Repository/OCS-MOBILE /Age gate and burger menu/Date'  using regular expression

2019-07-02 16:34:20 - [TEST_STEP][PASSED] - selectOptionByValue(findTestObject("OCS-MOBILE /Age gate and burger menu/month"), "6", true): All options with value '6' are selected in object 'Object Repository/OCS-MOBILE /Age gate and burger menu/month'  using regular expression

2019-07-02 16:34:20 - [MESSAGE][PASSED] - All options with value '6' are selected in object 'Object Repository/OCS-MOBILE /Age gate and burger menu/month'  using regular expression

2019-07-02 16:34:20 - [TEST_STEP][PASSED] - delay(2): Delayed 2 second(s)

2019-07-02 16:34:22 - [MESSAGE][PASSED] - Delayed 2 second(s)

2019-07-02 16:34:22 - [TEST_STEP][PASSED] - selectOptionByValue(findTestObject("OCS-MOBILE /Age gate and burger menu/Year Dropdown"), "1990", true): All options with value '1990' are selected in object 'Object Repository/OCS-MOBILE /Age gate and burger menu/Year Dropdown'  using regular expression

2019-07-02 16:34:23 - [MESSAGE][PASSED] - All options with value '1990' are selected in object 'Object Repository/OCS-MOBILE /Age gate and burger menu/Year Dropdown'  using regular expression

2019-07-02 16:34:23 - [TEST_STEP][PASSED] - click(findTestObject("OCS-MOBILE /Age gate and Mega menu/button_Verify")): Object: 'Object Repository/OCS-MOBILE /Age gate and Mega menu/button_Verify' is clicked on

2019-07-02 16:34:23 - [MESSAGE][PASSED] - Object: 'Object Repository/OCS-MOBILE /Age gate and Mega menu/button_Verify' is clicked on

2019-07-02 16:34:23 - [TEST_STEP][PASSED] - click(findTestObject("OCS-MOBILE /Age gate and Mega menu/Checkbox_CONFIRM AND ACKNOWLEDGE")): Object: 'Object Repository/OCS-MOBILE /Age gate and Mega menu/Checkbox_CONFIRM AND ACKNOWLEDGE' is clicked on

2019-07-02 16:34:23 - [MESSAGE][PASSED] - Object: 'Object Repository/OCS-MOBILE /Age gate and Mega menu/Checkbox_CONFIRM AND ACKNOWLEDGE' is clicked on

2019-07-02 16:34:23 - [TEST_STEP][PASSED] - click(findTestObject("OCS-MOBILE /Age gate and Mega menu/button_CONFIRM")): Object: 'Object Repository/OCS-MOBILE /Age gate and Mega menu/button_CONFIRM' is clicked on

2019-07-02 16:34:23 - [MESSAGE][PASSED] - Object: 'Object Repository/OCS-MOBILE /Age gate and Mega menu/button_CONFIRM' is clicked on

2019-07-02 16:34:23 - [TEST_STEP][PASSED] - click(findTestObject("OCS-MOBILE /Age gate and Mega menu/button_Start Browsing")): Object: 'Object Repository/OCS-MOBILE /Age gate and Mega menu/button_Start Browsing' is clicked on

2019-07-02 16:34:23 - [MESSAGE][PASSED] - Object: 'Object Repository/OCS-MOBILE /Age gate and Mega menu/button_Start Browsing' is clicked on

2019-07-02 16:34:23 - [TEST_STEP][PASSED] - refresh(): Refresh successfully

2019-07-02 16:34:23 - [MESSAGE][PASSED] - Refresh successfully

2019-07-02 16:34:23 - [TEST_STEP][PASSED] - executeJavaScript("var previewBar = document.getElementById("preview-bar-iframe"); previewBar.style.display = "none";", []): Execute JavaScript 'var previewBar = document.getElementById("preview-bar-iframe"); previewBar.style.display = "none";' successfully

2019-07-02 16:34:26 - [MESSAGE][PASSED] - Execute JavaScript 'var previewBar = document.getElementById("preview-bar-iframe"); previewBar.style.display = "none";' successfully

2019-07-02 16:34:26 - [MESSAGE][PASSED] - Call Test Case 'Test Cases/OCS - MOBILE/CALL - AGE GATE' successfully

2019-07-02 16:34:26 - [TEST_STEP][PASSED] - delay(2): Delayed 2 second(s)

2019-07-02 16:34:28 - [MESSAGE][PASSED] - Delayed 2 second(s)

2019-07-02 16:34:28 - [TEST_STEP][PASSED] - refresh(): Refresh successfully

2019-07-02 16:34:28 - [MESSAGE][PASSED] - Refresh successfully

2019-07-02 16:34:28 - [TEST_STEP][PASSED] - click(findTestObject("OCS-MOBILE /Age gate and burger menu/Burger menu - English")): Object: 'Object Repository/OCS-MOBILE /Age gate and burger menu/Burger menu - English' is clicked on

2019-07-02 16:34:32 - [MESSAGE][PASSED] - Object: 'Object Repository/OCS-MOBILE /Age gate and burger menu/Burger menu - English' is clicked on

2019-07-02 16:34:32 - [TEST_STEP][PASSED] - delay(2): Delayed 2 second(s)

2019-07-02 16:34:34 - [MESSAGE][PASSED] - Delayed 2 second(s)

2019-07-02 16:34:34 - [TEST_STEP][PASSED] - click(findTestObject("OCS-MOBILE /Age gate and burger menu/Chevron_Cannabis")): Object: 'Object Repository/OCS-MOBILE /Age gate and burger menu/Chevron_Cannabis' is clicked on

2019-07-02 16:34:34 - [MESSAGE][PASSED] - Object: 'Object Repository/OCS-MOBILE /Age gate and burger menu/Chevron_Cannabis' is clicked on

2019-07-02 16:34:34 - [TEST_STEP][PASSED] - delay(2): Delayed 2 second(s)

2019-07-02 16:34:36 - [MESSAGE][PASSED] - Delayed 2 second(s)

2019-07-02 16:34:36 - [TEST_STEP][PASSED] - click(findTestObject("OCS-MOBILE /Age gate and burger menu/Dried Flower_Plus icon")): Object: 'Object Repository/OCS-MOBILE /Age gate and burger menu/Dried Flower_Plus icon' is clicked on

2019-07-02 16:34:36 - [MESSAGE][PASSED] - Object: 'Object Repository/OCS-MOBILE /Age gate and burger menu/Dried Flower_Plus icon' is clicked on

2019-07-02 16:34:36 - [TEST_STEP][PASSED] - delay(2): Delayed 2 second(s)

2019-07-02 16:34:38 - [MESSAGE][PASSED] - Delayed 2 second(s)

2019-07-02 16:34:38 - [TEST_STEP][PASSED] - click(findTestObject("OCS-MOBILE /Age gate and burger menu/Indica Dominant_Menu item")): Object: 'Object Repository/OCS-MOBILE /Age gate and burger menu/Indica Dominant_Menu item' is clicked on

2019-07-02 16:34:40 - [MESSAGE][PASSED] - Object: 'Object Repository/OCS-MOBILE /Age gate and burger menu/Indica Dominant_Menu item' is clicked on

2019-07-02 16:34:40 - [TEST_STEP][PASSED] - executeJavaScript("var previewBar = document.getElementById("preview-bar-iframe"); previewBar.style.display = "none";", []): Execute JavaScript 'var previewBar = document.getElementById("preview-bar-iframe"); previewBar.style.display = "none";' successfully

2019-07-02 16:34:40 - [MESSAGE][PASSED] - Execute JavaScript 'var previewBar = document.getElementById("preview-bar-iframe"); previewBar.style.display = "none";' successfully

2019-07-02 16:34:40 - [TEST_STEP][PASSED] - delay(2): Delayed 2 second(s)

2019-07-02 16:34:42 - [MESSAGE][PASSED] - Delayed 2 second(s)

2019-07-02 16:34:42 - [TEST_STEP][PASSED] - click(findTestObject("OCS-MOBILE /Collection page/Product image - 1st one")): Object: 'Object Repository/OCS-MOBILE /Collection page/Product image - 1st one' is clicked on

2019-07-02 16:34:47 - [MESSAGE][PASSED] - Object: 'Object Repository/OCS-MOBILE /Collection page/Product image - 1st one' is clicked on

2019-07-02 16:34:47 - [TEST_STEP][PASSED] - executeJavaScript("var previewBar = document.getElementById("preview-bar-iframe"); previewBar.style.display = "none";", []): Execute JavaScript 'var previewBar = document.getElementById("preview-bar-iframe"); previewBar.style.display = "none";' successfully

2019-07-02 16:34:47 - [MESSAGE][PASSED] - Execute JavaScript 'var previewBar = document.getElementById("preview-bar-iframe"); previewBar.style.display = "none";' successfully

2019-07-02 16:34:47 - [TEST_STEP][PASSED] - delay(1): Delayed 1 second(s)

2019-07-02 16:34:48 - [MESSAGE][PASSED] - Delayed 1 second(s)

2019-07-02 16:34:48 - [TEST_STEP][PASSED] - delay(3): Delayed 3 second(s)

2019-07-02 16:34:51 - [MESSAGE][PASSED] - Delayed 3 second(s)

2019-07-02 16:34:51 - [TEST_STEP][NOT_RUN] - scrollToElement(findTestObject("OCS-MOBILE /Product page/Product image"), 1): NOT_RUN: scrollToElement(findTestObject("OCS-MOBILE /Product page/Product image"), 1)

2019-07-02 16:34:51 - [MESSAGE][NOT_RUN] - NOT_RUN: scrollToElement(findTestObject("OCS-MOBILE /Product page/Product image"), 1)

2019-07-02 16:34:51 - [TEST_STEP][PASSED] - navigateToUrl("https://ocs.ca/products/dream-weaver"): Navigate to 'https://ocs.ca/products/dream-weaver' successfully

2019-07-02 16:34:55 - [MESSAGE][PASSED] - Navigate to 'https://ocs.ca/products/dream-weaver' successfully

2019-07-02 16:34:55 - [TEST_STEP][PASSED] - executeJavaScript("var previewBar = document.getElementById("preview-bar-iframe"); previewBar.style.display = "none";", []): Execute JavaScript 'var previewBar = document.getElementById("preview-bar-iframe"); previewBar.style.display = "none";' successfully

2019-07-02 16:34:55 - [MESSAGE][PASSED] - Execute JavaScript 'var previewBar = document.getElementById("preview-bar-iframe"); previewBar.style.display = "none";' successfully

2019-07-02 16:34:55 - [TEST_STEP][PASSED] - click(findTestObject("OCS-MOBILE /Product page/Swatch_3.5g")): Object: 'Object Repository/OCS-MOBILE /Product page/Swatch_3.5g' is clicked on

2019-07-02 16:34:55 - [MESSAGE][PASSED] - Object: 'Object Repository/OCS-MOBILE /Product page/Swatch_3.5g' is clicked on

2019-07-02 16:34:55 - [TEST_STEP][PASSED] - delay(2): Delayed 2 second(s)

2019-07-02 16:34:57 - [MESSAGE][PASSED] - Delayed 2 second(s)

2019-07-02 16:34:57 - [TEST_STEP][PASSED] - click(findTestObject("OCS-MOBILE /Product page/Add to Bag-button")): Object: 'Object Repository/OCS-MOBILE /Product page/Add to Bag-button' is clicked on

2019-07-02 16:34:57 - [MESSAGE][PASSED] - Object: 'Object Repository/OCS-MOBILE /Product page/Add to Bag-button' is clicked on

2019-07-02 16:34:57 - [TEST_STEP][PASSED] - delay(2): Delayed 2 second(s)

2019-07-02 16:34:59 - [MESSAGE][PASSED] - Delayed 2 second(s)

2019-07-02 16:34:59 - [TEST_STEP][PASSED] - click(findTestObject("OCS-MOBILE /Home - page/Cart icon -bag")): Object: 'Object Repository/OCS-MOBILE /Home - page/Cart icon -bag' is clicked on

2019-07-02 16:34:59 - [MESSAGE][PASSED] - Object: 'Object Repository/OCS-MOBILE /Home - page/Cart icon -bag' is clicked on

2019-07-02 16:34:59 - [TEST_STEP][PASSED] - delay(2): Delayed 2 second(s)

2019-07-02 16:35:01 - [MESSAGE][PASSED] - Delayed 2 second(s)

2019-07-02 16:35:01 - [TEST_STEP][PASSED] - click(findTestObject("OCS-MOBILE /Cart flyout/Checkbox_I confirm that")): Object: 'Object Repository/OCS-MOBILE /Cart flyout/Checkbox_I confirm that' is clicked on

2019-07-02 16:35:01 - [MESSAGE][PASSED] - Object: 'Object Repository/OCS-MOBILE /Cart flyout/Checkbox_I confirm that' is clicked on

2019-07-02 16:35:01 - [TEST_STEP][PASSED] - delay(2): Delayed 2 second(s)

2019-07-02 16:35:03 - [MESSAGE][PASSED] - Delayed 2 second(s)

2019-07-02 16:35:03 - [TEST_STEP][PASSED] - click(findTestObject("OCS-MOBILE /Cart flyout/Checkbox_Accept the Terms Condition")): Object: 'Object Repository/OCS-MOBILE /Cart flyout/Checkbox_Accept the Terms Condition' is clicked on

2019-07-02 16:35:03 - [MESSAGE][PASSED] - Object: 'Object Repository/OCS-MOBILE /Cart flyout/Checkbox_Accept the Terms Condition' is clicked on

2019-07-02 16:35:03 - [TEST_STEP][PASSED] - delay(1): Delayed 1 second(s)

2019-07-02 16:35:04 - [MESSAGE][PASSED] - Delayed 1 second(s)

2019-07-02 16:35:04 - [TEST_STEP][PASSED] - click(findTestObject("OCS-MOBILE /Cart flyout/Checkout - Button")): Object: 'Object Repository/OCS-MOBILE /Cart flyout/Checkout - Button' is clicked on

2019-07-02 16:35:10 - [MESSAGE][PASSED] - Object: 'Object Repository/OCS-MOBILE /Cart flyout/Checkout - Button' is clicked on

2019-07-02 16:35:10 - [TEST_STEP][PASSED] - delay(2): Delayed 2 second(s)

2019-07-02 16:35:12 - [MESSAGE][PASSED] - Delayed 2 second(s)

2019-07-02 16:35:12 - [TEST_STEP][PASSED] - executeJavaScript("var previewBar = document.getElementById("preview-bar-iframe"); previewBar.style.display = "none";", []): Execute JavaScript 'var previewBar = document.getElementById("preview-bar-iframe"); previewBar.style.display = "none";' successfully

2019-07-02 16:35:12 - [MESSAGE][PASSED] - Execute JavaScript 'var previewBar = document.getElementById("preview-bar-iframe"); previewBar.style.display = "none";' successfully

2019-07-02 16:35:12 - [TEST_STEP][PASSED] - delay(1): Delayed 1 second(s)

2019-07-02 16:35:13 - [MESSAGE][PASSED] - Delayed 1 second(s)

2019-07-02 16:35:13 - [TEST_STEP][PASSED] - click(findTestObject("OCS-MOBILE /Customer info page/Chevron_OrderSummary")): Object: 'Object Repository/OCS-MOBILE /Customer info page/Chevron_OrderSummary' is clicked on

2019-07-02 16:35:13 - [MESSAGE][PASSED] - Object: 'Object Repository/OCS-MOBILE /Customer info page/Chevron_OrderSummary' is clicked on

2019-07-02 16:35:13 - [TEST_STEP][PASSED] - delay(2): Delayed 2 second(s)

2019-07-02 16:35:15 - [MESSAGE][PASSED] - Delayed 2 second(s)

2019-07-02 16:35:15 - [TEST_STEP][PASSED] - scrollToElement(findTestObject("OCS-MOBILE /Customer info page/input_Email"), 0): Scroll to object 'Object Repository/OCS-MOBILE /Customer info page/input_Email' successfully

2019-07-02 16:35:15 - [MESSAGE][WARNING] - Timeout '0' is invalid. Using default page load timeout: '30'

2019-07-02 16:35:15 - [MESSAGE][PASSED] - Scroll to object 'Object Repository/OCS-MOBILE /Customer info page/input_Email' successfully

2019-07-02 16:35:15 - [TEST_STEP][PASSED] - setText(findTestObject("OCS-MOBILE /Customer info page/input_Email"), "suman.kompelly@diffagency.com"): Text 'suman.kompelly@diffagency.com' is set on object 'Object Repository/OCS-MOBILE /Customer info page/input_Email'

2019-07-02 16:35:15 - [MESSAGE][PASSED] - Text 'suman.kompelly@diffagency.com' is set on object 'Object Repository/OCS-MOBILE /Customer info page/input_Email'

2019-07-02 16:35:15 - [TEST_STEP][PASSED] - setText(findTestObject("OCS-MOBILE /Customer info page/input_First name"), "suman"): Text 'suman' is set on object 'Object Repository/OCS-MOBILE /Customer info page/input_First name'

2019-07-02 16:35:15 - [MESSAGE][PASSED] - Text 'suman' is set on object 'Object Repository/OCS-MOBILE /Customer info page/input_First name'

2019-07-02 16:35:15 - [TEST_STEP][PASSED] - setText(findTestObject("OCS-MOBILE /Customer info page/input_Last name"), "kompelly"): Text 'kompelly' is set on object 'Object Repository/OCS-MOBILE /Customer info page/input_Last name'

2019-07-02 16:35:15 - [MESSAGE][PASSED] - Text 'kompelly' is set on object 'Object Repository/OCS-MOBILE /Customer info page/input_Last name'

2019-07-02 16:35:15 - [TEST_STEP][PASSED] - setText(findTestObject("OCS-MOBILE /Customer info page/input_Address"), "300 saint alxendre"): Text '300 saint alxendre' is set on object 'Object Repository/OCS-MOBILE /Customer info page/input_Address'

2019-07-02 16:35:16 - [MESSAGE][PASSED] - Text '300 saint alxendre' is set on object 'Object Repository/OCS-MOBILE /Customer info page/input_Address'

2019-07-02 16:35:16 - [TEST_STEP][PASSED] - setText(findTestObject("OCS-MOBILE /Customer info page/input_Apartment suite etc. (op"), "199"): Text '199' is set on object 'Object Repository/OCS-MOBILE /Customer info page/input_Apartment suite etc. (op'

2019-07-02 16:35:16 - [MESSAGE][PASSED] - Text '199' is set on object 'Object Repository/OCS-MOBILE /Customer info page/input_Apartment suite etc. (op'

2019-07-02 16:35:16 - [TEST_STEP][PASSED] - setText(findTestObject("OCS-MOBILE /Customer info page/input_City"), "montreal"): Text 'montreal' is set on object 'Object Repository/OCS-MOBILE /Customer info page/input_City'

2019-07-02 16:35:16 - [MESSAGE][PASSED] - Text 'montreal' is set on object 'Object Repository/OCS-MOBILE /Customer info page/input_City'

2019-07-02 16:35:16 - [TEST_STEP][PASSED] - setText(findTestObject("OCS-MOBILE /Customer info page/input_Postal code"), "n0R1K0"): Text 'n0R1K0' is set on object 'Object Repository/OCS-MOBILE /Customer info page/input_Postal code'

2019-07-02 16:35:16 - [MESSAGE][PASSED] - Text 'n0R1K0' is set on object 'Object Repository/OCS-MOBILE /Customer info page/input_Postal code'

2019-07-02 16:35:16 - [TEST_STEP][PASSED] - setText(findTestObject("OCS-MOBILE /Customer info page/input_Phone"), "(514) 449-3882"): Text '(514) 449-3882' is set on object 'Object Repository/OCS-MOBILE /Customer info page/input_Phone'

2019-07-02 16:35:16 - [MESSAGE][PASSED] - Text '(514) 449-3882' is set on object 'Object Repository/OCS-MOBILE /Customer info page/input_Phone'

2019-07-02 16:35:16 - [TEST_STEP][PASSED] - delay(1): Delayed 1 second(s)

2019-07-02 16:35:17 - [MESSAGE][PASSED] - Delayed 1 second(s)

2019-07-02 16:35:17 - [TEST_STEP][PASSED] - scrollToElement(findTestObject("OCS-MOBILE /Customer info page/Return to Cart - Link"), 1): Scroll to object 'Object Repository/OCS-MOBILE /Customer info page/Return to Cart - Link' successfully

2019-07-02 16:35:17 - [MESSAGE][PASSED] - Scroll to object 'Object Repository/OCS-MOBILE /Customer info page/Return to Cart - Link' successfully

2019-07-02 16:35:17 - [TEST_STEP][PASSED] - delay(1): Delayed 1 second(s)

2019-07-02 16:35:18 - [MESSAGE][PASSED] - Delayed 1 second(s)

2019-07-02 16:35:18 - [TEST_STEP][PASSED] - click(findTestObject("OCS-MOBILE /Customer info page/Return to Cart - Link")): Object: 'Object Repository/OCS-MOBILE /Customer info page/Return to Cart - Link' is clicked on

2019-07-02 16:35:20 - [MESSAGE][PASSED] - Object: 'Object Repository/OCS-MOBILE /Customer info page/Return to Cart - Link' is clicked on

2019-07-02 16:35:20 - [TEST_STEP][PASSED] - executeJavaScript("var previewBar = document.getElementById("preview-bar-iframe"); previewBar.style.display = "none";", []): Execute JavaScript 'var previewBar = document.getElementById("preview-bar-iframe"); previewBar.style.display = "none";' successfully

2019-07-02 16:35:20 - [MESSAGE][PASSED] - Execute JavaScript 'var previewBar = document.getElementById("preview-bar-iframe"); previewBar.style.display = "none";' successfully

2019-07-02 16:35:20 - [TEST_STEP][PASSED] - delay(1): Delayed 1 second(s)

2019-07-02 16:35:21 - [MESSAGE][PASSED] - Delayed 1 second(s)

2019-07-02 16:35:21 - [TEST_STEP][PASSED] - click(findTestObject("OCS-MOBILE /Cart page/cart page-Checkbox_I confirm that")): Object: 'Object Repository/OCS-MOBILE /Cart page/cart page-Checkbox_I confirm that' is clicked on

2019-07-02 16:35:21 - [MESSAGE][PASSED] - Object: 'Object Repository/OCS-MOBILE /Cart page/cart page-Checkbox_I confirm that' is clicked on

2019-07-02 16:35:21 - [TEST_STEP][PASSED] - delay(1): Delayed 1 second(s)

2019-07-02 16:35:22 - [MESSAGE][PASSED] - Delayed 1 second(s)

2019-07-02 16:35:22 - [TEST_STEP][PASSED] - click(findTestObject("OCS-MOBILE /Cart page/cart page - Checkbox_Accept the Terms Condition")): Object: 'Object Repository/OCS-MOBILE /Cart page/cart page - Checkbox_Accept the Terms Condition' is clicked on

2019-07-02 16:35:22 - [MESSAGE][PASSED] - Object: 'Object Repository/OCS-MOBILE /Cart page/cart page - Checkbox_Accept the Terms Condition' is clicked on

2019-07-02 16:35:22 - [TEST_STEP][PASSED] - executeJavaScript("var previewBar = document.getElementById("preview-bar-iframe"); previewBar.style.display = "none";", []): Execute JavaScript 'var previewBar = document.getElementById("preview-bar-iframe"); previewBar.style.display = "none";' successfully

2019-07-02 16:35:22 - [MESSAGE][PASSED] - Execute JavaScript 'var previewBar = document.getElementById("preview-bar-iframe"); previewBar.style.display = "none";' successfully

2019-07-02 16:35:22 - [TEST_STEP][PASSED] - delay(1): Delayed 1 second(s)

2019-07-02 16:35:23 - [MESSAGE][PASSED] - Delayed 1 second(s)

2019-07-02 16:35:23 - [TEST_STEP][PASSED] - click(findTestObject("OCS-MOBILE /Cart page/Cart page -checkout button")): Object: 'Object Repository/OCS-MOBILE /Cart page/Cart page -checkout button' is clicked on

2019-07-02 16:35:25 - [MESSAGE][PASSED] - Object: 'Object Repository/OCS-MOBILE /Cart page/Cart page -checkout button' is clicked on

2019-07-02 16:35:25 - [TEST_STEP][PASSED] - delay(1): Delayed 1 second(s)

2019-07-02 16:35:26 - [MESSAGE][PASSED] - Delayed 1 second(s)

2019-07-02 16:35:26 - [TEST_STEP][PASSED] - executeJavaScript("var previewBar = document.getElementById("preview-bar-iframe"); previewBar.style.display = "none";", []): Execute JavaScript 'var previewBar = document.getElementById("preview-bar-iframe"); previewBar.style.display = "none";' successfully

2019-07-02 16:35:26 - [MESSAGE][PASSED] - Execute JavaScript 'var previewBar = document.getElementById("preview-bar-iframe"); previewBar.style.display = "none";' successfully

2019-07-02 16:35:26 - [TEST_STEP][PASSED] - setText(findTestObject("OCS-MOBILE /Customer info page/input_Email"), "suman.kompelly@diffagency.com"): Text 'suman.kompelly@diffagency.com' is set on object 'Object Repository/OCS-MOBILE /Customer info page/input_Email'

2019-07-02 16:35:27 - [MESSAGE][PASSED] - Text 'suman.kompelly@diffagency.com' is set on object 'Object Repository/OCS-MOBILE /Customer info page/input_Email'

2019-07-02 16:35:27 - [TEST_STEP][PASSED] - setText(findTestObject("OCS-MOBILE /Customer info page/input_First name"), "suman"): Text 'suman' is set on object 'Object Repository/OCS-MOBILE /Customer info page/input_First name'

2019-07-02 16:35:27 - [MESSAGE][PASSED] - Text 'suman' is set on object 'Object Repository/OCS-MOBILE /Customer info page/input_First name'

2019-07-02 16:35:27 - [TEST_STEP][PASSED] - setText(findTestObject("OCS-MOBILE /Customer info page/input_Last name"), "kompelly"): Text 'kompelly' is set on object 'Object Repository/OCS-MOBILE /Customer info page/input_Last name'

2019-07-02 16:35:27 - [MESSAGE][PASSED] - Text 'kompelly' is set on object 'Object Repository/OCS-MOBILE /Customer info page/input_Last name'

2019-07-02 16:35:27 - [TEST_STEP][PASSED] - setText(findTestObject("OCS-MOBILE /Customer info page/input_Address"), "300 saint alxendre"): Text '300 saint alxendre' is set on object 'Object Repository/OCS-MOBILE /Customer info page/input_Address'

2019-07-02 16:35:27 - [MESSAGE][PASSED] - Text '300 saint alxendre' is set on object 'Object Repository/OCS-MOBILE /Customer info page/input_Address'

2019-07-02 16:35:27 - [TEST_STEP][PASSED] - setText(findTestObject("OCS-MOBILE /Customer info page/input_Apartment suite etc. (op"), "199"): Text '199' is set on object 'Object Repository/OCS-MOBILE /Customer info page/input_Apartment suite etc. (op'

2019-07-02 16:35:27 - [MESSAGE][PASSED] - Text '199' is set on object 'Object Repository/OCS-MOBILE /Customer info page/input_Apartment suite etc. (op'

2019-07-02 16:35:27 - [TEST_STEP][PASSED] - setText(findTestObject("OCS-MOBILE /Customer info page/input_City"), "montreal"): Text 'montreal' is set on object 'Object Repository/OCS-MOBILE /Customer info page/input_City'

2019-07-02 16:35:27 - [MESSAGE][PASSED] - Text 'montreal' is set on object 'Object Repository/OCS-MOBILE /Customer info page/input_City'

2019-07-02 16:35:27 - [TEST_STEP][PASSED] - setText(findTestObject("OCS-MOBILE /Customer info page/input_Postal code"), "n0R1K0"): Text 'n0R1K0' is set on object 'Object Repository/OCS-MOBILE /Customer info page/input_Postal code'

2019-07-02 16:35:27 - [MESSAGE][PASSED] - Text 'n0R1K0' is set on object 'Object Repository/OCS-MOBILE /Customer info page/input_Postal code'

2019-07-02 16:35:27 - [TEST_STEP][PASSED] - setText(findTestObject("OCS-MOBILE /Customer info page/input_Phone"), "(514) 449-3882"): Text '(514) 449-3882' is set on object 'Object Repository/OCS-MOBILE /Customer info page/input_Phone'

2019-07-02 16:35:28 - [MESSAGE][PASSED] - Text '(514) 449-3882' is set on object 'Object Repository/OCS-MOBILE /Customer info page/input_Phone'

2019-07-02 16:35:28 - [TEST_STEP][PASSED] - delay(1): Delayed 1 second(s)

2019-07-02 16:35:29 - [MESSAGE][PASSED] - Delayed 1 second(s)

2019-07-02 16:35:29 - [TEST_STEP][PASSED] - click(findTestObject("OCS-MOBILE /Customer info page/Continue to shipping method - Button")): Object: 'Object Repository/OCS-MOBILE /Customer info page/Continue to shipping method - Button' is clicked on

2019-07-02 16:35:33 - [MESSAGE][PASSED] - Object: 'Object Repository/OCS-MOBILE /Customer info page/Continue to shipping method - Button' is clicked on]]></system-out>
         <system-err><![CDATA[]]></system-err>
      </testcase>
      <testcase name="Test Cases/OCS - MOBILE/OCS- CRITICAL PATH/Cart flyout-tooltips" classname="Test Cases/OCS - MOBILE/OCS- CRITICAL PATH/Cart flyout-tooltips" status="FAILED">
         <failure type="FAILED" message="Test Cases/OCS - MOBILE/OCS- CRITICAL PATH/Cart flyout-tooltips FAILED.
Reason:
com.kms.katalon.core.exception.StepFailedException: Unable to click on object 'Object Repository/OCS-MOBILE /Product page/Swatch_1g' (Root cause: org.openqa.selenium.WebDriverException: unknown error: Element &lt;span class=&quot;swatch__title&quot;>...&lt;/span> is not clickable at point (41, 668). Other element would receive the click: &lt;iframe title=&quot;Preview Bar&quot; id=&quot;preview-bar-iframe&quot; src=&quot;https://ocs.ca/preview_bar&quot; sandbox=&quot;allow-same-origin allow-scripts&quot; style=&quot;position: fixed; bottom: 0px; left: 0px; z-index: 2147483647; width: 100%; border: none; box-shadow: rgba(0, 0, 0, 0.2) 0px -1px 3px; overflow: hidden; transform: translateY(0px); transition: transform 300ms ease 0s; height: 92px;&quot;>&lt;/iframe>
  (Session info: chrome=75.0.3770.100)
  (Driver info: chromedriver=2.43.600229 (3fae4d0cda5334b4f533bede5a4787f7b832d052),platform=Mac OS X 10.13.6 x86_64) (WARNING: The server did not provide any stacktrace information)
Command duration or timeout: 0 milliseconds
Build info: version: '3.7.1', revision: '8a0099a', time: '2017-11-06T21:07:36.161Z'
System info: host: 'sumans-MacBook-Pro.local', ip: 'fe80:0:0:0:98:5ae9:edb9:537f%en0', os.name: 'Mac OS X', os.arch: 'x86_64', os.version: '10.13.6', java.version: '1.8.0_181'
Driver info: com.kms.katalon.selenium.driver.CChromeDriver
Capabilities {acceptInsecureCerts: false, acceptSslCerts: false, applicationCacheEnabled: false, browserConnectionEnabled: false, browserName: chrome, chrome: {chromedriverVersion: 2.43.600229 (3fae4d0cda5334..., userDataDir: /var/folders/1t/c55l8xzs6gq...}, cssSelectorsEnabled: true, databaseEnabled: false, goog:chromeOptions: {debuggerAddress: localhost:61209}, handlesAlerts: true, hasTouchScreen: false, javascriptEnabled: true, locationContextEnabled: true, mobileEmulationEnabled: false, nativeEvents: true, networkConnectionEnabled: false, pageLoadStrategy: normal, platform: MAC, platformName: MAC, rotatable: false, setWindowRect: true, takesHeapSnapshot: true, takesScreenshot: true, unexpectedAlertBehaviour: , unhandledPromptBehavior: , version: 75.0.3770.100, webStorageEnabled: true}
Session ID: 229922d0a6ee2409d3ad413696602166)
	at com.kms.katalon.core.keyword.internal.KeywordMain.stepFailed(KeywordMain.groovy:36)
	at com.kms.katalon.core.webui.keyword.internal.WebUIKeywordMain.stepFailed(WebUIKeywordMain.groovy:65)
	at com.kms.katalon.core.webui.keyword.internal.WebUIKeywordMain.runKeyword(WebUIKeywordMain.groovy:27)
	at com.kms.katalon.core.webui.keyword.builtin.ClickKeyword.click(ClickKeyword.groovy:86)
	at com.kms.katalon.core.webui.keyword.builtin.ClickKeyword.execute(ClickKeyword.groovy:67)
	at com.kms.katalon.core.keyword.internal.KeywordExecutor.executeKeywordForPlatform(KeywordExecutor.groovy:53)
	at com.kms.katalon.core.webui.keyword.WebUiBuiltInKeywords.click(WebUiBuiltInKeywords.groovy:616)
	at com.kms.katalon.core.webui.keyword.WebUiBuiltInKeywords$click$4.call(Unknown Source)
	at Cart flyout-tooltips.run(Cart flyout-tooltips:61)
	at com.kms.katalon.core.main.ScriptEngine.run(ScriptEngine.java:194)
	at com.kms.katalon.core.main.ScriptEngine.runScriptAsRawText(ScriptEngine.java:119)
	at com.kms.katalon.core.main.TestCaseExecutor.runScript(TestCaseExecutor.java:328)
	at com.kms.katalon.core.main.TestCaseExecutor.doExecute(TestCaseExecutor.java:319)
	at com.kms.katalon.core.main.TestCaseExecutor.processExecutionPhase(TestCaseExecutor.java:298)
	at com.kms.katalon.core.main.TestCaseExecutor.accessMainPhase(TestCaseExecutor.java:290)
	at com.kms.katalon.core.main.TestCaseExecutor.execute(TestCaseExecutor.java:224)
	at com.kms.katalon.core.main.TestSuiteExecutor.accessTestCaseMainPhase(TestSuiteExecutor.java:129)
	at com.kms.katalon.core.main.TestSuiteExecutor.accessTestSuiteMainPhase(TestSuiteExecutor.java:112)
	at com.kms.katalon.core.main.TestSuiteExecutor.execute(TestSuiteExecutor.java:81)
	at com.kms.katalon.core.main.TestCaseMain.startTestSuite(TestCaseMain.java:149)
	at com.kms.katalon.core.main.TestCaseMain$startTestSuite$0.call(Unknown Source)
	at TempTestSuite1562098461396.run(TempTestSuite1562098461396.groovy:36)
"/>
         <system-out><![CDATA[2019-07-02 16:35:33 - [TEST_CASE][FAILED] - Test Cases/OCS - MOBILE/OCS- CRITICAL PATH/Cart flyout-tooltips: Test Cases/OCS - MOBILE/OCS- CRITICAL PATH/Cart flyout-tooltips FAILED.
Reason:
com.kms.katalon.core.exception.StepFailedException: Unable to click on object 'Object Repository/OCS-MOBILE /Product page/Swatch_1g' (Root cause: org.openqa.selenium.WebDriverException: unknown error: Element <span class="swatch__title">...</span> is not clickable at point (41, 668). Other element would receive the click: <iframe title="Preview Bar" id="preview-bar-iframe" src="https://ocs.ca/preview_bar" sandbox="allow-same-origin allow-scripts" style="position: fixed; bottom: 0px; left: 0px; z-index: 2147483647; width: 100%; border: none; box-shadow: rgba(0, 0, 0, 0.2) 0px -1px 3px; overflow: hidden; transform: translateY(0px); transition: transform 300ms ease 0s; height: 92px;"></iframe>
  (Session info: chrome=75.0.3770.100)
  (Driver info: chromedriver=2.43.600229 (3fae4d0cda5334b4f533bede5a4787f7b832d052),platform=Mac OS X 10.13.6 x86_64) (WARNING: The server did not provide any stacktrace information)
Command duration or timeout: 0 milliseconds
Build info: version: '3.7.1', revision: '8a0099a', time: '2017-11-06T21:07:36.161Z'
System info: host: 'sumans-MacBook-Pro.local', ip: 'fe80:0:0:0:98:5ae9:edb9:537f%en0', os.name: 'Mac OS X', os.arch: 'x86_64', os.version: '10.13.6', java.version: '1.8.0_181'
Driver info: com.kms.katalon.selenium.driver.CChromeDriver
Capabilities {acceptInsecureCerts: false, acceptSslCerts: false, applicationCacheEnabled: false, browserConnectionEnabled: false, browserName: chrome, chrome: {chromedriverVersion: 2.43.600229 (3fae4d0cda5334..., userDataDir: /var/folders/1t/c55l8xzs6gq...}, cssSelectorsEnabled: true, databaseEnabled: false, goog:chromeOptions: {debuggerAddress: localhost:61209}, handlesAlerts: true, hasTouchScreen: false, javascriptEnabled: true, locationContextEnabled: true, mobileEmulationEnabled: false, nativeEvents: true, networkConnectionEnabled: false, pageLoadStrategy: normal, platform: MAC, platformName: MAC, rotatable: false, setWindowRect: true, takesHeapSnapshot: true, takesScreenshot: true, unexpectedAlertBehaviour: , unhandledPromptBehavior: , version: 75.0.3770.100, webStorageEnabled: true}
Session ID: 229922d0a6ee2409d3ad413696602166)
	at com.kms.katalon.core.keyword.internal.KeywordMain.stepFailed(KeywordMain.groovy:36)
	at com.kms.katalon.core.webui.keyword.internal.WebUIKeywordMain.stepFailed(WebUIKeywordMain.groovy:65)
	at com.kms.katalon.core.webui.keyword.internal.WebUIKeywordMain.runKeyword(WebUIKeywordMain.groovy:27)
	at com.kms.katalon.core.webui.keyword.builtin.ClickKeyword.click(ClickKeyword.groovy:86)
	at com.kms.katalon.core.webui.keyword.builtin.ClickKeyword.execute(ClickKeyword.groovy:67)
	at com.kms.katalon.core.keyword.internal.KeywordExecutor.executeKeywordForPlatform(KeywordExecutor.groovy:53)
	at com.kms.katalon.core.webui.keyword.WebUiBuiltInKeywords.click(WebUiBuiltInKeywords.groovy:616)
	at com.kms.katalon.core.webui.keyword.WebUiBuiltInKeywords$click$4.call(Unknown Source)
	at Cart flyout-tooltips.run(Cart flyout-tooltips:61)
	at com.kms.katalon.core.main.ScriptEngine.run(ScriptEngine.java:194)
	at com.kms.katalon.core.main.ScriptEngine.runScriptAsRawText(ScriptEngine.java:119)
	at com.kms.katalon.core.main.TestCaseExecutor.runScript(TestCaseExecutor.java:328)
	at com.kms.katalon.core.main.TestCaseExecutor.doExecute(TestCaseExecutor.java:319)
	at com.kms.katalon.core.main.TestCaseExecutor.processExecutionPhase(TestCaseExecutor.java:298)
	at com.kms.katalon.core.main.TestCaseExecutor.accessMainPhase(TestCaseExecutor.java:290)
	at com.kms.katalon.core.main.TestCaseExecutor.execute(TestCaseExecutor.java:224)
	at com.kms.katalon.core.main.TestSuiteExecutor.accessTestCaseMainPhase(TestSuiteExecutor.java:129)
	at com.kms.katalon.core.main.TestSuiteExecutor.accessTestSuiteMainPhase(TestSuiteExecutor.java:112)
	at com.kms.katalon.core.main.TestSuiteExecutor.execute(TestSuiteExecutor.java:81)
	at com.kms.katalon.core.main.TestCaseMain.startTestSuite(TestCaseMain.java:149)
	at com.kms.katalon.core.main.TestCaseMain$startTestSuite$0.call(Unknown Source)
	at TempTestSuite1562098461396.run(TempTestSuite1562098461396.groovy:36)


2019-07-02 16:35:33 - [TEST_STEP][PASSED] - callTestCase(findTestCase("OCS - MOBILE/CALL - AGE GATE"), [:], STOP_ON_FAILURE): Call Test Case 'Test Cases/OCS - MOBILE/CALL - AGE GATE' successfully

2019-07-02 16:35:33 - [TEST_CASE][PASSED] - Test Cases/OCS - MOBILE/CALL - AGE GATE: Test Cases/OCS - MOBILE/CALL - AGE GATE

2019-07-02 16:35:33 - [TEST_STEP][PASSED] - openBrowser(""): Browser is opened with url: ''

2019-07-02 16:35:33 - [MESSAGE][WARNING] - A browser is already opened. Closing browser and opening a new one

2019-07-02 16:35:33 - [MESSAGE][INFO] - Starting 'Chrome' driver

2019-07-02 16:35:35 - [MESSAGE][PASSED] - Browser is opened with url: ''

2019-07-02 16:35:35 - [TEST_STEP][PASSED] - navigateToUrl("https://ocs.ca/?fts=0&preview_theme_id=74203301708"): Navigate to 'https://ocs.ca/?fts=0&preview_theme_id=74203301708' successfully

2019-07-02 16:35:40 - [MESSAGE][PASSED] - Navigate to 'https://ocs.ca/?fts=0&preview_theme_id=74203301708' successfully

2019-07-02 16:35:40 - [TEST_STEP][PASSED] - executeJavaScript("var previewBar = document.getElementById("preview-bar-iframe"); previewBar.style.display = "none";", []): Execute JavaScript 'var previewBar = document.getElementById("preview-bar-iframe"); previewBar.style.display = "none";' successfully

2019-07-02 16:35:40 - [MESSAGE][PASSED] - Execute JavaScript 'var previewBar = document.getElementById("preview-bar-iframe"); previewBar.style.display = "none";' successfully

2019-07-02 16:35:40 - [TEST_STEP][PASSED] - setViewPortSize(360, 800): Viewport is set to new size with width = 360 and height = 800

2019-07-02 16:35:40 - [MESSAGE][PASSED] - Viewport is set to new size with width = 360 and height = 800

2019-07-02 16:35:40 - [TEST_STEP][PASSED] - delay(4): Delayed 4 second(s)

2019-07-02 16:35:44 - [MESSAGE][PASSED] - Delayed 4 second(s)

2019-07-02 16:35:44 - [TEST_STEP][PASSED] - selectOptionByValue(findTestObject("OCS-MOBILE /Age gate and burger menu/Date"), "12", true): All options with value '12' are selected in object 'Object Repository/OCS-MOBILE /Age gate and burger menu/Date'  using regular expression

2019-07-02 16:35:44 - [MESSAGE][PASSED] - All options with value '12' are selected in object 'Object Repository/OCS-MOBILE /Age gate and burger menu/Date'  using regular expression

2019-07-02 16:35:44 - [TEST_STEP][PASSED] - selectOptionByValue(findTestObject("OCS-MOBILE /Age gate and burger menu/month"), "6", true): All options with value '6' are selected in object 'Object Repository/OCS-MOBILE /Age gate and burger menu/month'  using regular expression

2019-07-02 16:35:44 - [MESSAGE][PASSED] - All options with value '6' are selected in object 'Object Repository/OCS-MOBILE /Age gate and burger menu/month'  using regular expression

2019-07-02 16:35:44 - [TEST_STEP][PASSED] - delay(2): Delayed 2 second(s)

2019-07-02 16:35:46 - [MESSAGE][PASSED] - Delayed 2 second(s)

2019-07-02 16:35:46 - [TEST_STEP][PASSED] - selectOptionByValue(findTestObject("OCS-MOBILE /Age gate and burger menu/Year Dropdown"), "1990", true): All options with value '1990' are selected in object 'Object Repository/OCS-MOBILE /Age gate and burger menu/Year Dropdown'  using regular expression

2019-07-02 16:35:47 - [MESSAGE][PASSED] - All options with value '1990' are selected in object 'Object Repository/OCS-MOBILE /Age gate and burger menu/Year Dropdown'  using regular expression

2019-07-02 16:35:47 - [TEST_STEP][PASSED] - click(findTestObject("OCS-MOBILE /Age gate and Mega menu/button_Verify")): Object: 'Object Repository/OCS-MOBILE /Age gate and Mega menu/button_Verify' is clicked on

2019-07-02 16:35:47 - [MESSAGE][PASSED] - Object: 'Object Repository/OCS-MOBILE /Age gate and Mega menu/button_Verify' is clicked on

2019-07-02 16:35:47 - [TEST_STEP][PASSED] - click(findTestObject("OCS-MOBILE /Age gate and Mega menu/Checkbox_CONFIRM AND ACKNOWLEDGE")): Object: 'Object Repository/OCS-MOBILE /Age gate and Mega menu/Checkbox_CONFIRM AND ACKNOWLEDGE' is clicked on

2019-07-02 16:35:47 - [MESSAGE][PASSED] - Object: 'Object Repository/OCS-MOBILE /Age gate and Mega menu/Checkbox_CONFIRM AND ACKNOWLEDGE' is clicked on

2019-07-02 16:35:47 - [TEST_STEP][PASSED] - click(findTestObject("OCS-MOBILE /Age gate and Mega menu/button_CONFIRM")): Object: 'Object Repository/OCS-MOBILE /Age gate and Mega menu/button_CONFIRM' is clicked on

2019-07-02 16:35:48 - [MESSAGE][PASSED] - Object: 'Object Repository/OCS-MOBILE /Age gate and Mega menu/button_CONFIRM' is clicked on

2019-07-02 16:35:48 - [TEST_STEP][PASSED] - click(findTestObject("OCS-MOBILE /Age gate and Mega menu/button_Start Browsing")): Object: 'Object Repository/OCS-MOBILE /Age gate and Mega menu/button_Start Browsing' is clicked on

2019-07-02 16:35:48 - [MESSAGE][PASSED] - Object: 'Object Repository/OCS-MOBILE /Age gate and Mega menu/button_Start Browsing' is clicked on

2019-07-02 16:35:48 - [TEST_STEP][PASSED] - refresh(): Refresh successfully

2019-07-02 16:35:52 - [MESSAGE][PASSED] - Refresh successfully

2019-07-02 16:35:52 - [TEST_STEP][PASSED] - executeJavaScript("var previewBar = document.getElementById("preview-bar-iframe"); previewBar.style.display = "none";", []): Execute JavaScript 'var previewBar = document.getElementById("preview-bar-iframe"); previewBar.style.display = "none";' successfully

2019-07-02 16:35:52 - [MESSAGE][PASSED] - Execute JavaScript 'var previewBar = document.getElementById("preview-bar-iframe"); previewBar.style.display = "none";' successfully

2019-07-02 16:35:52 - [MESSAGE][PASSED] - Call Test Case 'Test Cases/OCS - MOBILE/CALL - AGE GATE' successfully

2019-07-02 16:35:52 - [TEST_STEP][PASSED] - delay(2): Delayed 2 second(s)

2019-07-02 16:35:54 - [MESSAGE][PASSED] - Delayed 2 second(s)

2019-07-02 16:35:54 - [TEST_STEP][PASSED] - click(findTestObject("OCS-MOBILE /Age gate and burger menu/Burger menu - English")): Object: 'Object Repository/OCS-MOBILE /Age gate and burger menu/Burger menu - English' is clicked on

2019-07-02 16:35:54 - [MESSAGE][PASSED] - Object: 'Object Repository/OCS-MOBILE /Age gate and burger menu/Burger menu - English' is clicked on

2019-07-02 16:35:54 - [TEST_STEP][PASSED] - delay(2): Delayed 2 second(s)

2019-07-02 16:35:56 - [MESSAGE][PASSED] - Delayed 2 second(s)

2019-07-02 16:35:56 - [TEST_STEP][PASSED] - click(findTestObject("OCS-MOBILE /Age gate and burger menu/Chevron_Cannabis")): Object: 'Object Repository/OCS-MOBILE /Age gate and burger menu/Chevron_Cannabis' is clicked on

2019-07-02 16:35:56 - [MESSAGE][PASSED] - Object: 'Object Repository/OCS-MOBILE /Age gate and burger menu/Chevron_Cannabis' is clicked on

2019-07-02 16:35:56 - [TEST_STEP][PASSED] - delay(2): Delayed 2 second(s)

2019-07-02 16:35:58 - [MESSAGE][PASSED] - Delayed 2 second(s)

2019-07-02 16:35:58 - [TEST_STEP][PASSED] - click(findTestObject("OCS-MOBILE /Age gate and burger menu/Dried Flower_Plus icon")): Object: 'Object Repository/OCS-MOBILE /Age gate and burger menu/Dried Flower_Plus icon' is clicked on

2019-07-02 16:35:58 - [MESSAGE][PASSED] - Object: 'Object Repository/OCS-MOBILE /Age gate and burger menu/Dried Flower_Plus icon' is clicked on

2019-07-02 16:35:58 - [TEST_STEP][PASSED] - delay(2): Delayed 2 second(s)

2019-07-02 16:36:00 - [MESSAGE][PASSED] - Delayed 2 second(s)

2019-07-02 16:36:00 - [TEST_STEP][PASSED] - click(findTestObject("OCS-MOBILE /Age gate and burger menu/Indica Dominant_Menu item")): Object: 'Object Repository/OCS-MOBILE /Age gate and burger menu/Indica Dominant_Menu item' is clicked on

2019-07-02 16:36:04 - [MESSAGE][PASSED] - Object: 'Object Repository/OCS-MOBILE /Age gate and burger menu/Indica Dominant_Menu item' is clicked on

2019-07-02 16:36:04 - [TEST_STEP][NOT_RUN] - executeJavaScript("var previewBar = document.getElementById("preview-bar-iframe"); previewBar.style.display = "none";", []): NOT_RUN: executeJavaScript("var previewBar = document.getElementById("preview-bar-iframe"); previewBar.style.display = "none";", [])

2019-07-02 16:36:04 - [MESSAGE][NOT_RUN] - NOT_RUN: executeJavaScript("var previewBar = document.getElementById("preview-bar-iframe"); previewBar.style.display = "none";", [])

2019-07-02 16:36:04 - [TEST_STEP][PASSED] - delay(2): Delayed 2 second(s)

2019-07-02 16:36:06 - [MESSAGE][PASSED] - Delayed 2 second(s)

2019-07-02 16:36:06 - [TEST_STEP][PASSED] - click(findTestObject("OCS-MOBILE /Collection page/Product image - 1st one")): Object: 'Object Repository/OCS-MOBILE /Collection page/Product image - 1st one' is clicked on

2019-07-02 16:36:11 - [MESSAGE][PASSED] - Object: 'Object Repository/OCS-MOBILE /Collection page/Product image - 1st one' is clicked on

2019-07-02 16:36:11 - [TEST_STEP][NOT_RUN] - executeJavaScript("var previewBar = document.getElementById("preview-bar-iframe"); previewBar.style.display = "none";", []): NOT_RUN: executeJavaScript("var previewBar = document.getElementById("preview-bar-iframe"); previewBar.style.display = "none";", [])

2019-07-02 16:36:11 - [MESSAGE][NOT_RUN] - NOT_RUN: executeJavaScript("var previewBar = document.getElementById("preview-bar-iframe"); previewBar.style.display = "none";", [])

2019-07-02 16:36:11 - [TEST_STEP][NOT_RUN] - click(findTestObject("Object Repository/Cart flyout-tooltips_OR/Page_Ontario Cannabis Store  Ontari/h3_Cannabis")): NOT_RUN: click(findTestObject("Object Repository/Cart flyout-tooltips_OR/Page_Ontario Cannabis Store  Ontari/h3_Cannabis"))

2019-07-02 16:36:11 - [MESSAGE][NOT_RUN] - NOT_RUN: click(findTestObject("Object Repository/Cart flyout-tooltips_OR/Page_Ontario Cannabis Store  Ontari/h3_Cannabis"))

2019-07-02 16:36:11 - [TEST_STEP][NOT_RUN] - click(findTestObject("Object Repository/Cart flyout-tooltips_OR/Page_Ontario Cannabis Store  Ontari/span_Indica Dominant")): NOT_RUN: click(findTestObject("Object Repository/Cart flyout-tooltips_OR/Page_Ontario Cannabis Store  Ontari/span_Indica Dominant"))

2019-07-02 16:36:11 - [MESSAGE][NOT_RUN] - NOT_RUN: click(findTestObject("Object Repository/Cart flyout-tooltips_OR/Page_Ontario Cannabis Store  Ontari/span_Indica Dominant"))

2019-07-02 16:36:11 - [TEST_STEP][NOT_RUN] - click(findTestObject("Object Repository/Cart flyout-tooltips_OR/Page_Indica Dominant Dried Flower/h3_Shishkaberry")): NOT_RUN: click(findTestObject("Object Repository/Cart flyout-tooltips_OR/Page_Indica Dominant Dried Flower/h3_Shishkaberry"))

2019-07-02 16:36:11 - [MESSAGE][NOT_RUN] - NOT_RUN: click(findTestObject("Object Repository/Cart flyout-tooltips_OR/Page_Indica Dominant Dried Flower/h3_Shishkaberry"))

2019-07-02 16:36:11 - [TEST_STEP][NOT_RUN] - click(findTestObject("Object Repository/Cart flyout-tooltips_OR/Page_Shishkaberry  Ontario Cannabis/label_1g")): NOT_RUN: click(findTestObject("Object Repository/Cart flyout-tooltips_OR/Page_Shishkaberry  Ontario Cannabis/label_1g"))

2019-07-02 16:36:11 - [MESSAGE][NOT_RUN] - NOT_RUN: click(findTestObject("Object Repository/Cart flyout-tooltips_OR/Page_Shishkaberry  Ontario Cannabis/label_1g"))

2019-07-02 16:36:11 - [TEST_STEP][NOT_RUN] - click(findTestObject("Object Repository/Cart flyout-tooltips_OR/Page_Shishkaberry  Ontario Cannabis/button_Add to Bag9.75")): NOT_RUN: click(findTestObject("Object Repository/Cart flyout-tooltips_OR/Page_Shishkaberry  Ontario Cannabis/button_Add to Bag9.75"))

2019-07-02 16:36:11 - [MESSAGE][NOT_RUN] - NOT_RUN: click(findTestObject("Object Repository/Cart flyout-tooltips_OR/Page_Shishkaberry  Ontario Cannabis/button_Add to Bag9.75"))

2019-07-02 16:36:11 - [TEST_STEP][PASSED] - delay(3): Delayed 3 second(s)

2019-07-02 16:36:14 - [MESSAGE][PASSED] - Delayed 3 second(s)

2019-07-02 16:36:14 - [TEST_STEP][NOT_RUN] - executeJavaScript("var previewBar = document.getElementById("preview-bar-iframe"); previewBar.style.display = "none";", []): NOT_RUN: executeJavaScript("var previewBar = document.getElementById("preview-bar-iframe"); previewBar.style.display = "none";", [])

2019-07-02 16:36:14 - [MESSAGE][NOT_RUN] - NOT_RUN: executeJavaScript("var previewBar = document.getElementById("preview-bar-iframe"); previewBar.style.display = "none";", [])

2019-07-02 16:36:14 - [TEST_STEP][NOT_RUN] - scrollToElement(findTestObject("OCS-MOBILE /Product page/Product image"), 1): NOT_RUN: scrollToElement(findTestObject("OCS-MOBILE /Product page/Product image"), 1)

2019-07-02 16:36:14 - [MESSAGE][NOT_RUN] - NOT_RUN: scrollToElement(findTestObject("OCS-MOBILE /Product page/Product image"), 1)

2019-07-02 16:36:14 - [TEST_STEP][FAILED] - click(findTestObject("OCS-MOBILE /Product page/Swatch_1g")): click(findTestObject("OCS-MOBILE /Product page/Swatch_1g")) FAILED.
Reason:
com.kms.katalon.core.exception.StepFailedException: Unable to click on object 'Object Repository/OCS-MOBILE /Product page/Swatch_1g' (Root cause: org.openqa.selenium.WebDriverException: unknown error: Element <span class="swatch__title">...</span> is not clickable at point (41, 668). Other element would receive the click: <iframe title="Preview Bar" id="preview-bar-iframe" src="https://ocs.ca/preview_bar" sandbox="allow-same-origin allow-scripts" style="position: fixed; bottom: 0px; left: 0px; z-index: 2147483647; width: 100%; border: none; box-shadow: rgba(0, 0, 0, 0.2) 0px -1px 3px; overflow: hidden; transform: translateY(0px); transition: transform 300ms ease 0s; height: 92px;"></iframe>
  (Session info: chrome=75.0.3770.100)
  (Driver info: chromedriver=2.43.600229 (3fae4d0cda5334b4f533bede5a4787f7b832d052),platform=Mac OS X 10.13.6 x86_64) (WARNING: The server did not provide any stacktrace information)
Command duration or timeout: 0 milliseconds
Build info: version: '3.7.1', revision: '8a0099a', time: '2017-11-06T21:07:36.161Z'
System info: host: 'sumans-MacBook-Pro.local', ip: 'fe80:0:0:0:98:5ae9:edb9:537f%en0', os.name: 'Mac OS X', os.arch: 'x86_64', os.version: '10.13.6', java.version: '1.8.0_181'
Driver info: com.kms.katalon.selenium.driver.CChromeDriver
Capabilities {acceptInsecureCerts: false, acceptSslCerts: false, applicationCacheEnabled: false, browserConnectionEnabled: false, browserName: chrome, chrome: {chromedriverVersion: 2.43.600229 (3fae4d0cda5334..., userDataDir: /var/folders/1t/c55l8xzs6gq...}, cssSelectorsEnabled: true, databaseEnabled: false, goog:chromeOptions: {debuggerAddress: localhost:61209}, handlesAlerts: true, hasTouchScreen: false, javascriptEnabled: true, locationContextEnabled: true, mobileEmulationEnabled: false, nativeEvents: true, networkConnectionEnabled: false, pageLoadStrategy: normal, platform: MAC, platformName: MAC, rotatable: false, setWindowRect: true, takesHeapSnapshot: true, takesScreenshot: true, unexpectedAlertBehaviour: , unhandledPromptBehavior: , version: 75.0.3770.100, webStorageEnabled: true}
Session ID: 229922d0a6ee2409d3ad413696602166)
	at com.kms.katalon.core.keyword.internal.KeywordMain.stepFailed(KeywordMain.groovy:36)
	at com.kms.katalon.core.webui.keyword.internal.WebUIKeywordMain.stepFailed(WebUIKeywordMain.groovy:65)
	at com.kms.katalon.core.webui.keyword.internal.WebUIKeywordMain.runKeyword(WebUIKeywordMain.groovy:27)
	at com.kms.katalon.core.webui.keyword.builtin.ClickKeyword.click(ClickKeyword.groovy:86)
	at com.kms.katalon.core.webui.keyword.builtin.ClickKeyword.execute(ClickKeyword.groovy:67)
	at com.kms.katalon.core.keyword.internal.KeywordExecutor.executeKeywordForPlatform(KeywordExecutor.groovy:53)
	at com.kms.katalon.core.webui.keyword.WebUiBuiltInKeywords.click(WebUiBuiltInKeywords.groovy:616)
	at com.kms.katalon.core.webui.keyword.WebUiBuiltInKeywords$click$4.call(Unknown Source)
	at Cart flyout-tooltips.run(Cart flyout-tooltips:61)
	at com.kms.katalon.core.main.ScriptEngine.run(ScriptEngine.java:194)
	at com.kms.katalon.core.main.ScriptEngine.runScriptAsRawText(ScriptEngine.java:119)
	at com.kms.katalon.core.main.TestCaseExecutor.runScript(TestCaseExecutor.java:328)
	at com.kms.katalon.core.main.TestCaseExecutor.doExecute(TestCaseExecutor.java:319)
	at com.kms.katalon.core.main.TestCaseExecutor.processExecutionPhase(TestCaseExecutor.java:298)
	at com.kms.katalon.core.main.TestCaseExecutor.accessMainPhase(TestCaseExecutor.java:290)
	at com.kms.katalon.core.main.TestCaseExecutor.execute(TestCaseExecutor.java:224)
	at com.kms.katalon.core.main.TestSuiteExecutor.accessTestCaseMainPhase(TestSuiteExecutor.java:129)
	at com.kms.katalon.core.main.TestSuiteExecutor.accessTestSuiteMainPhase(TestSuiteExecutor.java:112)
	at com.kms.katalon.core.main.TestSuiteExecutor.execute(TestSuiteExecutor.java:81)
	at com.kms.katalon.core.main.TestCaseMain.startTestSuite(TestCaseMain.java:149)
	at com.kms.katalon.core.main.TestCaseMain$startTestSuite$0.call(Unknown Source)
	at TempTestSuite1562098461396.run(TempTestSuite1562098461396.groovy:36)


2019-07-02 16:36:14 - [MESSAGE][FAILED] - Unable to click on object 'Object Repository/OCS-MOBILE /Product page/Swatch_1g' (Root cause: org.openqa.selenium.WebDriverException: unknown error: Element <span class="swatch__title">...</span> is not clickable at point (41, 668). Other element would receive the click: <iframe title="Preview Bar" id="preview-bar-iframe" src="https://ocs.ca/preview_bar" sandbox="allow-same-origin allow-scripts" style="position: fixed; bottom: 0px; left: 0px; z-index: 2147483647; width: 100%; border: none; box-shadow: rgba(0, 0, 0, 0.2) 0px -1px 3px; overflow: hidden; transform: translateY(0px); transition: transform 300ms ease 0s; height: 92px;"></iframe>
  (Session info: chrome=75.0.3770.100)
  (Driver info: chromedriver=2.43.600229 (3fae4d0cda5334b4f533bede5a4787f7b832d052),platform=Mac OS X 10.13.6 x86_64) (WARNING: The server did not provide any stacktrace information)
Command duration or timeout: 0 milliseconds
Build info: version: '3.7.1', revision: '8a0099a', time: '2017-11-06T21:07:36.161Z'
System info: host: 'sumans-MacBook-Pro.local', ip: 'fe80:0:0:0:98:5ae9:edb9:537f%en0', os.name: 'Mac OS X', os.arch: 'x86_64', os.version: '10.13.6', java.version: '1.8.0_181'
Driver info: com.kms.katalon.selenium.driver.CChromeDriver
Capabilities {acceptInsecureCerts: false, acceptSslCerts: false, applicationCacheEnabled: false, browserConnectionEnabled: false, browserName: chrome, chrome: {chromedriverVersion: 2.43.600229 (3fae4d0cda5334..., userDataDir: /var/folders/1t/c55l8xzs6gq...}, cssSelectorsEnabled: true, databaseEnabled: false, goog:chromeOptions: {debuggerAddress: localhost:61209}, handlesAlerts: true, hasTouchScreen: false, javascriptEnabled: true, locationContextEnabled: true, mobileEmulationEnabled: false, nativeEvents: true, networkConnectionEnabled: false, pageLoadStrategy: normal, platform: MAC, platformName: MAC, rotatable: false, setWindowRect: true, takesHeapSnapshot: true, takesScreenshot: true, unexpectedAlertBehaviour: , unhandledPromptBehavior: , version: 75.0.3770.100, webStorageEnabled: true}
Session ID: 229922d0a6ee2409d3ad413696602166)
[[ATTACHMENT|/Users/sumankompelly/Relative xpath-Mobile/Reports/1.11.1/20190702_161421/1562099774584.png]]

2019-07-02 16:36:14 - [MESSAGE][FAILED] - click(findTestObject("OCS-MOBILE /Product page/Swatch_1g")) FAILED.
Reason:
com.kms.katalon.core.exception.StepFailedException: Unable to click on object 'Object Repository/OCS-MOBILE /Product page/Swatch_1g' (Root cause: org.openqa.selenium.WebDriverException: unknown error: Element <span class="swatch__title">...</span> is not clickable at point (41, 668). Other element would receive the click: <iframe title="Preview Bar" id="preview-bar-iframe" src="https://ocs.ca/preview_bar" sandbox="allow-same-origin allow-scripts" style="position: fixed; bottom: 0px; left: 0px; z-index: 2147483647; width: 100%; border: none; box-shadow: rgba(0, 0, 0, 0.2) 0px -1px 3px; overflow: hidden; transform: translateY(0px); transition: transform 300ms ease 0s; height: 92px;"></iframe>
  (Session info: chrome=75.0.3770.100)
  (Driver info: chromedriver=2.43.600229 (3fae4d0cda5334b4f533bede5a4787f7b832d052),platform=Mac OS X 10.13.6 x86_64) (WARNING: The server did not provide any stacktrace information)
Command duration or timeout: 0 milliseconds
Build info: version: '3.7.1', revision: '8a0099a', time: '2017-11-06T21:07:36.161Z'
System info: host: 'sumans-MacBook-Pro.local', ip: 'fe80:0:0:0:98:5ae9:edb9:537f%en0', os.name: 'Mac OS X', os.arch: 'x86_64', os.version: '10.13.6', java.version: '1.8.0_181'
Driver info: com.kms.katalon.selenium.driver.CChromeDriver
Capabilities {acceptInsecureCerts: false, acceptSslCerts: false, applicationCacheEnabled: false, browserConnectionEnabled: false, browserName: chrome, chrome: {chromedriverVersion: 2.43.600229 (3fae4d0cda5334..., userDataDir: /var/folders/1t/c55l8xzs6gq...}, cssSelectorsEnabled: true, databaseEnabled: false, goog:chromeOptions: {debuggerAddress: localhost:61209}, handlesAlerts: true, hasTouchScreen: false, javascriptEnabled: true, locationContextEnabled: true, mobileEmulationEnabled: false, nativeEvents: true, networkConnectionEnabled: false, pageLoadStrategy: normal, platform: MAC, platformName: MAC, rotatable: false, setWindowRect: true, takesHeapSnapshot: true, takesScreenshot: true, unexpectedAlertBehaviour: , unhandledPromptBehavior: , version: 75.0.3770.100, webStorageEnabled: true}
Session ID: 229922d0a6ee2409d3ad413696602166)
	at com.kms.katalon.core.keyword.internal.KeywordMain.stepFailed(KeywordMain.groovy:36)
	at com.kms.katalon.core.webui.keyword.internal.WebUIKeywordMain.stepFailed(WebUIKeywordMain.groovy:65)
	at com.kms.katalon.core.webui.keyword.internal.WebUIKeywordMain.runKeyword(WebUIKeywordMain.groovy:27)
	at com.kms.katalon.core.webui.keyword.builtin.ClickKeyword.click(ClickKeyword.groovy:86)
	at com.kms.katalon.core.webui.keyword.builtin.ClickKeyword.execute(ClickKeyword.groovy:67)
	at com.kms.katalon.core.keyword.internal.KeywordExecutor.executeKeywordForPlatform(KeywordExecutor.groovy:53)
	at com.kms.katalon.core.webui.keyword.WebUiBuiltInKeywords.click(WebUiBuiltInKeywords.groovy:616)
	at com.kms.katalon.core.webui.keyword.WebUiBuiltInKeywords$click$4.call(Unknown Source)
	at Cart flyout-tooltips.run(Cart flyout-tooltips:61)
	at com.kms.katalon.core.main.ScriptEngine.run(ScriptEngine.java:194)
	at com.kms.katalon.core.main.ScriptEngine.runScriptAsRawText(ScriptEngine.java:119)
	at com.kms.katalon.core.main.TestCaseExecutor.runScript(TestCaseExecutor.java:328)
	at com.kms.katalon.core.main.TestCaseExecutor.doExecute(TestCaseExecutor.java:319)
	at com.kms.katalon.core.main.TestCaseExecutor.processExecutionPhase(TestCaseExecutor.java:298)
	at com.kms.katalon.core.main.TestCaseExecutor.accessMainPhase(TestCaseExecutor.java:290)
	at com.kms.katalon.core.main.TestCaseExecutor.execute(TestCaseExecutor.java:224)
	at com.kms.katalon.core.main.TestSuiteExecutor.accessTestCaseMainPhase(TestSuiteExecutor.java:129)
	at com.kms.katalon.core.main.TestSuiteExecutor.accessTestSuiteMainPhase(TestSuiteExecutor.java:112)
	at com.kms.katalon.core.main.TestSuiteExecutor.execute(TestSuiteExecutor.java:81)
	at com.kms.katalon.core.main.TestCaseMain.startTestSuite(TestCaseMain.java:149)
	at com.kms.katalon.core.main.TestCaseMain$startTestSuite$0.call(Unknown Source)
	at TempTestSuite1562098461396.run(TempTestSuite1562098461396.groovy:36)]]></system-out>
         <system-err><![CDATA[2019-07-02 16:35:33 - [TEST_CASE][FAILED] - Test Cases/OCS - MOBILE/OCS- CRITICAL PATH/Cart flyout-tooltips: Test Cases/OCS - MOBILE/OCS- CRITICAL PATH/Cart flyout-tooltips FAILED.
Reason:
com.kms.katalon.core.exception.StepFailedException: Unable to click on object 'Object Repository/OCS-MOBILE /Product page/Swatch_1g' (Root cause: org.openqa.selenium.WebDriverException: unknown error: Element <span class="swatch__title">...</span> is not clickable at point (41, 668). Other element would receive the click: <iframe title="Preview Bar" id="preview-bar-iframe" src="https://ocs.ca/preview_bar" sandbox="allow-same-origin allow-scripts" style="position: fixed; bottom: 0px; left: 0px; z-index: 2147483647; width: 100%; border: none; box-shadow: rgba(0, 0, 0, 0.2) 0px -1px 3px; overflow: hidden; transform: translateY(0px); transition: transform 300ms ease 0s; height: 92px;"></iframe>
  (Session info: chrome=75.0.3770.100)
  (Driver info: chromedriver=2.43.600229 (3fae4d0cda5334b4f533bede5a4787f7b832d052),platform=Mac OS X 10.13.6 x86_64) (WARNING: The server did not provide any stacktrace information)
Command duration or timeout: 0 milliseconds
Build info: version: '3.7.1', revision: '8a0099a', time: '2017-11-06T21:07:36.161Z'
System info: host: 'sumans-MacBook-Pro.local', ip: 'fe80:0:0:0:98:5ae9:edb9:537f%en0', os.name: 'Mac OS X', os.arch: 'x86_64', os.version: '10.13.6', java.version: '1.8.0_181'
Driver info: com.kms.katalon.selenium.driver.CChromeDriver
Capabilities {acceptInsecureCerts: false, acceptSslCerts: false, applicationCacheEnabled: false, browserConnectionEnabled: false, browserName: chrome, chrome: {chromedriverVersion: 2.43.600229 (3fae4d0cda5334..., userDataDir: /var/folders/1t/c55l8xzs6gq...}, cssSelectorsEnabled: true, databaseEnabled: false, goog:chromeOptions: {debuggerAddress: localhost:61209}, handlesAlerts: true, hasTouchScreen: false, javascriptEnabled: true, locationContextEnabled: true, mobileEmulationEnabled: false, nativeEvents: true, networkConnectionEnabled: false, pageLoadStrategy: normal, platform: MAC, platformName: MAC, rotatable: false, setWindowRect: true, takesHeapSnapshot: true, takesScreenshot: true, unexpectedAlertBehaviour: , unhandledPromptBehavior: , version: 75.0.3770.100, webStorageEnabled: true}
Session ID: 229922d0a6ee2409d3ad413696602166)
	at com.kms.katalon.core.keyword.internal.KeywordMain.stepFailed(KeywordMain.groovy:36)
	at com.kms.katalon.core.webui.keyword.internal.WebUIKeywordMain.stepFailed(WebUIKeywordMain.groovy:65)
	at com.kms.katalon.core.webui.keyword.internal.WebUIKeywordMain.runKeyword(WebUIKeywordMain.groovy:27)
	at com.kms.katalon.core.webui.keyword.builtin.ClickKeyword.click(ClickKeyword.groovy:86)
	at com.kms.katalon.core.webui.keyword.builtin.ClickKeyword.execute(ClickKeyword.groovy:67)
	at com.kms.katalon.core.keyword.internal.KeywordExecutor.executeKeywordForPlatform(KeywordExecutor.groovy:53)
	at com.kms.katalon.core.webui.keyword.WebUiBuiltInKeywords.click(WebUiBuiltInKeywords.groovy:616)
	at com.kms.katalon.core.webui.keyword.WebUiBuiltInKeywords$click$4.call(Unknown Source)
	at Cart flyout-tooltips.run(Cart flyout-tooltips:61)
	at com.kms.katalon.core.main.ScriptEngine.run(ScriptEngine.java:194)
	at com.kms.katalon.core.main.ScriptEngine.runScriptAsRawText(ScriptEngine.java:119)
	at com.kms.katalon.core.main.TestCaseExecutor.runScript(TestCaseExecutor.java:328)
	at com.kms.katalon.core.main.TestCaseExecutor.doExecute(TestCaseExecutor.java:319)
	at com.kms.katalon.core.main.TestCaseExecutor.processExecutionPhase(TestCaseExecutor.java:298)
	at com.kms.katalon.core.main.TestCaseExecutor.accessMainPhase(TestCaseExecutor.java:290)
	at com.kms.katalon.core.main.TestCaseExecutor.execute(TestCaseExecutor.java:224)
	at com.kms.katalon.core.main.TestSuiteExecutor.accessTestCaseMainPhase(TestSuiteExecutor.java:129)
	at com.kms.katalon.core.main.TestSuiteExecutor.accessTestSuiteMainPhase(TestSuiteExecutor.java:112)
	at com.kms.katalon.core.main.TestSuiteExecutor.execute(TestSuiteExecutor.java:81)
	at com.kms.katalon.core.main.TestCaseMain.startTestSuite(TestCaseMain.java:149)
	at com.kms.katalon.core.main.TestCaseMain$startTestSuite$0.call(Unknown Source)
	at TempTestSuite1562098461396.run(TempTestSuite1562098461396.groovy:36)]]></system-err>
      </testcase>
      <testcase name="Test Cases/OCS - MOBILE/OCS- CRITICAL PATH/Cart" classname="Test Cases/OCS - MOBILE/OCS- CRITICAL PATH/Cart" status="FAILED">
         <failure type="FAILED" message="Test Cases/OCS - MOBILE/OCS- CRITICAL PATH/Cart FAILED.
Reason:
com.kms.katalon.core.exception.StepFailedException: Unable to click on object 'Object Repository/OCS-MOBILE /Product page/Swatch_3.5g' (Root cause: org.openqa.selenium.WebDriverException: unknown error: Element &lt;span class=&quot;swatch__title&quot;>...&lt;/span> is not clickable at point (108, 10). Other element would receive the click: &lt;a class=&quot;logo&quot; href=&quot;https://ocs.ca&quot;>...&lt;/a>
  (Session info: chrome=75.0.3770.100)
  (Driver info: chromedriver=2.43.600229 (3fae4d0cda5334b4f533bede5a4787f7b832d052),platform=Mac OS X 10.13.6 x86_64) (WARNING: The server did not provide any stacktrace information)
Command duration or timeout: 0 milliseconds
Build info: version: '3.7.1', revision: '8a0099a', time: '2017-11-06T21:07:36.161Z'
System info: host: 'sumans-MacBook-Pro.local', ip: 'fe80:0:0:0:98:5ae9:edb9:537f%en0', os.name: 'Mac OS X', os.arch: 'x86_64', os.version: '10.13.6', java.version: '1.8.0_181'
Driver info: com.kms.katalon.selenium.driver.CChromeDriver
Capabilities {acceptInsecureCerts: false, acceptSslCerts: false, applicationCacheEnabled: false, browserConnectionEnabled: false, browserName: chrome, chrome: {chromedriverVersion: 2.43.600229 (3fae4d0cda5334..., userDataDir: /var/folders/1t/c55l8xzs6gq...}, cssSelectorsEnabled: true, databaseEnabled: false, goog:chromeOptions: {debuggerAddress: localhost:61417}, handlesAlerts: true, hasTouchScreen: false, javascriptEnabled: true, locationContextEnabled: true, mobileEmulationEnabled: false, nativeEvents: true, networkConnectionEnabled: false, pageLoadStrategy: normal, platform: MAC, platformName: MAC, rotatable: false, setWindowRect: true, takesHeapSnapshot: true, takesScreenshot: true, unexpectedAlertBehaviour: , unhandledPromptBehavior: , version: 75.0.3770.100, webStorageEnabled: true}
Session ID: 28f56ec61fe3ae2cccae3b659f591e1e)
	at com.kms.katalon.core.keyword.internal.KeywordMain.stepFailed(KeywordMain.groovy:32)
	at com.kms.katalon.core.webui.keyword.internal.WebUIKeywordMain.stepFailed(WebUIKeywordMain.groovy:65)
	at com.kms.katalon.core.webui.keyword.internal.WebUIKeywordMain.runKeyword(WebUIKeywordMain.groovy:27)
	at com.kms.katalon.core.webui.keyword.builtin.ClickKeyword.click(ClickKeyword.groovy:86)
	at com.kms.katalon.core.webui.keyword.builtin.ClickKeyword.execute(ClickKeyword.groovy:67)
	at com.kms.katalon.core.keyword.internal.KeywordExecutor.executeKeywordForPlatform(KeywordExecutor.groovy:53)
	at com.kms.katalon.core.webui.keyword.WebUiBuiltInKeywords.click(WebUiBuiltInKeywords.groovy:604)
	at com.kms.katalon.core.webui.keyword.WebUiBuiltInKeywords$click$8.call(Unknown Source)
	at Cart.run(Cart:71)
	at com.kms.katalon.core.main.ScriptEngine.run(ScriptEngine.java:194)
	at com.kms.katalon.core.main.ScriptEngine.runScriptAsRawText(ScriptEngine.java:119)
	at com.kms.katalon.core.main.TestCaseExecutor.runScript(TestCaseExecutor.java:328)
	at com.kms.katalon.core.main.TestCaseExecutor.doExecute(TestCaseExecutor.java:319)
	at com.kms.katalon.core.main.TestCaseExecutor.processExecutionPhase(TestCaseExecutor.java:298)
	at com.kms.katalon.core.main.TestCaseExecutor.accessMainPhase(TestCaseExecutor.java:290)
	at com.kms.katalon.core.main.TestCaseExecutor.execute(TestCaseExecutor.java:224)
	at com.kms.katalon.core.main.TestSuiteExecutor.accessTestCaseMainPhase(TestSuiteExecutor.java:129)
	at com.kms.katalon.core.main.TestSuiteExecutor.accessTestSuiteMainPhase(TestSuiteExecutor.java:112)
	at com.kms.katalon.core.main.TestSuiteExecutor.execute(TestSuiteExecutor.java:81)
	at com.kms.katalon.core.main.TestCaseMain.startTestSuite(TestCaseMain.java:149)
	at com.kms.katalon.core.main.TestCaseMain$startTestSuite$0.call(Unknown Source)
	at TempTestSuite1562098461396.run(TempTestSuite1562098461396.groovy:36)
"/>
         <system-out><![CDATA[2019-07-02 16:36:14 - [TEST_CASE][FAILED] - Test Cases/OCS - MOBILE/OCS- CRITICAL PATH/Cart: Test Cases/OCS - MOBILE/OCS- CRITICAL PATH/Cart FAILED.
Reason:
com.kms.katalon.core.exception.StepFailedException: Unable to click on object 'Object Repository/OCS-MOBILE /Product page/Swatch_3.5g' (Root cause: org.openqa.selenium.WebDriverException: unknown error: Element <span class="swatch__title">...</span> is not clickable at point (108, 10). Other element would receive the click: <a class="logo" href="https://ocs.ca">...</a>
  (Session info: chrome=75.0.3770.100)
  (Driver info: chromedriver=2.43.600229 (3fae4d0cda5334b4f533bede5a4787f7b832d052),platform=Mac OS X 10.13.6 x86_64) (WARNING: The server did not provide any stacktrace information)
Command duration or timeout: 0 milliseconds
Build info: version: '3.7.1', revision: '8a0099a', time: '2017-11-06T21:07:36.161Z'
System info: host: 'sumans-MacBook-Pro.local', ip: 'fe80:0:0:0:98:5ae9:edb9:537f%en0', os.name: 'Mac OS X', os.arch: 'x86_64', os.version: '10.13.6', java.version: '1.8.0_181'
Driver info: com.kms.katalon.selenium.driver.CChromeDriver
Capabilities {acceptInsecureCerts: false, acceptSslCerts: false, applicationCacheEnabled: false, browserConnectionEnabled: false, browserName: chrome, chrome: {chromedriverVersion: 2.43.600229 (3fae4d0cda5334..., userDataDir: /var/folders/1t/c55l8xzs6gq...}, cssSelectorsEnabled: true, databaseEnabled: false, goog:chromeOptions: {debuggerAddress: localhost:61417}, handlesAlerts: true, hasTouchScreen: false, javascriptEnabled: true, locationContextEnabled: true, mobileEmulationEnabled: false, nativeEvents: true, networkConnectionEnabled: false, pageLoadStrategy: normal, platform: MAC, platformName: MAC, rotatable: false, setWindowRect: true, takesHeapSnapshot: true, takesScreenshot: true, unexpectedAlertBehaviour: , unhandledPromptBehavior: , version: 75.0.3770.100, webStorageEnabled: true}
Session ID: 28f56ec61fe3ae2cccae3b659f591e1e)
	at com.kms.katalon.core.keyword.internal.KeywordMain.stepFailed(KeywordMain.groovy:32)
	at com.kms.katalon.core.webui.keyword.internal.WebUIKeywordMain.stepFailed(WebUIKeywordMain.groovy:65)
	at com.kms.katalon.core.webui.keyword.internal.WebUIKeywordMain.runKeyword(WebUIKeywordMain.groovy:27)
	at com.kms.katalon.core.webui.keyword.builtin.ClickKeyword.click(ClickKeyword.groovy:86)
	at com.kms.katalon.core.webui.keyword.builtin.ClickKeyword.execute(ClickKeyword.groovy:67)
	at com.kms.katalon.core.keyword.internal.KeywordExecutor.executeKeywordForPlatform(KeywordExecutor.groovy:53)
	at com.kms.katalon.core.webui.keyword.WebUiBuiltInKeywords.click(WebUiBuiltInKeywords.groovy:604)
	at com.kms.katalon.core.webui.keyword.WebUiBuiltInKeywords$click$8.call(Unknown Source)
	at Cart.run(Cart:71)
	at com.kms.katalon.core.main.ScriptEngine.run(ScriptEngine.java:194)
	at com.kms.katalon.core.main.ScriptEngine.runScriptAsRawText(ScriptEngine.java:119)
	at com.kms.katalon.core.main.TestCaseExecutor.runScript(TestCaseExecutor.java:328)
	at com.kms.katalon.core.main.TestCaseExecutor.doExecute(TestCaseExecutor.java:319)
	at com.kms.katalon.core.main.TestCaseExecutor.processExecutionPhase(TestCaseExecutor.java:298)
	at com.kms.katalon.core.main.TestCaseExecutor.accessMainPhase(TestCaseExecutor.java:290)
	at com.kms.katalon.core.main.TestCaseExecutor.execute(TestCaseExecutor.java:224)
	at com.kms.katalon.core.main.TestSuiteExecutor.accessTestCaseMainPhase(TestSuiteExecutor.java:129)
	at com.kms.katalon.core.main.TestSuiteExecutor.accessTestSuiteMainPhase(TestSuiteExecutor.java:112)
	at com.kms.katalon.core.main.TestSuiteExecutor.execute(TestSuiteExecutor.java:81)
	at com.kms.katalon.core.main.TestCaseMain.startTestSuite(TestCaseMain.java:149)
	at com.kms.katalon.core.main.TestCaseMain$startTestSuite$0.call(Unknown Source)
	at TempTestSuite1562098461396.run(TempTestSuite1562098461396.groovy:36)


2019-07-02 16:36:15 - [TEST_STEP][PASSED] - callTestCase(findTestCase("OCS - MOBILE/CALL- SWATCH- NO INVENTORY"), [:], STOP_ON_FAILURE): Call Test Case 'Test Cases/OCS - MOBILE/CALL- SWATCH- NO INVENTORY' successfully

2019-07-02 16:36:15 - [TEST_CASE][PASSED] - Test Cases/OCS - MOBILE/CALL- SWATCH- NO INVENTORY: Test Cases/OCS - MOBILE/CALL- SWATCH- NO INVENTORY

2019-07-02 16:36:15 - [TEST_STEP][PASSED] - openBrowser(""): Browser is opened with url: ''

2019-07-02 16:36:15 - [MESSAGE][WARNING] - A browser is already opened. Closing browser and opening a new one

2019-07-02 16:36:15 - [MESSAGE][INFO] - Starting 'Chrome' driver

2019-07-02 16:36:16 - [MESSAGE][PASSED] - Browser is opened with url: ''

2019-07-02 16:36:16 - [TEST_STEP][PASSED] - navigateToUrl("https://ocs.ca/?fts=0&preview_theme_id=74203301708"): Navigate to 'https://ocs.ca/?fts=0&preview_theme_id=74203301708' successfully

2019-07-02 16:36:23 - [MESSAGE][PASSED] - Navigate to 'https://ocs.ca/?fts=0&preview_theme_id=74203301708' successfully

2019-07-02 16:36:23 - [TEST_STEP][PASSED] - executeJavaScript("var previewBar = document.getElementById("preview-bar-iframe"); previewBar.style.display = "none";", []): Execute JavaScript 'var previewBar = document.getElementById("preview-bar-iframe"); previewBar.style.display = "none";' successfully

2019-07-02 16:36:23 - [MESSAGE][PASSED] - Execute JavaScript 'var previewBar = document.getElementById("preview-bar-iframe"); previewBar.style.display = "none";' successfully

2019-07-02 16:36:23 - [TEST_STEP][PASSED] - setViewPortSize(360, 800): Viewport is set to new size with width = 360 and height = 800

2019-07-02 16:36:23 - [MESSAGE][PASSED] - Viewport is set to new size with width = 360 and height = 800

2019-07-02 16:36:23 - [TEST_STEP][PASSED] - delay(4): Delayed 4 second(s)

2019-07-02 16:36:27 - [MESSAGE][PASSED] - Delayed 4 second(s)

2019-07-02 16:36:27 - [TEST_STEP][PASSED] - selectOptionByValue(findTestObject("OCS-MOBILE /Age gate and burger menu/Date"), "12", true): All options with value '12' are selected in object 'Object Repository/OCS-MOBILE /Age gate and burger menu/Date'  using regular expression

2019-07-02 16:36:27 - [MESSAGE][PASSED] - All options with value '12' are selected in object 'Object Repository/OCS-MOBILE /Age gate and burger menu/Date'  using regular expression

2019-07-02 16:36:27 - [TEST_STEP][PASSED] - selectOptionByValue(findTestObject("OCS-MOBILE /Age gate and burger menu/month"), "6", true): All options with value '6' are selected in object 'Object Repository/OCS-MOBILE /Age gate and burger menu/month'  using regular expression

2019-07-02 16:36:27 - [MESSAGE][PASSED] - All options with value '6' are selected in object 'Object Repository/OCS-MOBILE /Age gate and burger menu/month'  using regular expression

2019-07-02 16:36:27 - [TEST_STEP][PASSED] - delay(2): Delayed 2 second(s)

2019-07-02 16:36:29 - [MESSAGE][PASSED] - Delayed 2 second(s)

2019-07-02 16:36:29 - [TEST_STEP][PASSED] - selectOptionByValue(findTestObject("OCS-MOBILE /Age gate and burger menu/Year Dropdown"), "1990", true): All options with value '1990' are selected in object 'Object Repository/OCS-MOBILE /Age gate and burger menu/Year Dropdown'  using regular expression

2019-07-02 16:36:30 - [MESSAGE][PASSED] - All options with value '1990' are selected in object 'Object Repository/OCS-MOBILE /Age gate and burger menu/Year Dropdown'  using regular expression

2019-07-02 16:36:30 - [TEST_STEP][PASSED] - click(findTestObject("OCS-MOBILE /Age gate and Mega menu/button_Verify")): Object: 'Object Repository/OCS-MOBILE /Age gate and Mega menu/button_Verify' is clicked on

2019-07-02 16:36:30 - [MESSAGE][PASSED] - Object: 'Object Repository/OCS-MOBILE /Age gate and Mega menu/button_Verify' is clicked on

2019-07-02 16:36:30 - [TEST_STEP][PASSED] - click(findTestObject("OCS-MOBILE /Age gate and Mega menu/Checkbox_CONFIRM AND ACKNOWLEDGE")): Object: 'Object Repository/OCS-MOBILE /Age gate and Mega menu/Checkbox_CONFIRM AND ACKNOWLEDGE' is clicked on

2019-07-02 16:36:30 - [MESSAGE][PASSED] - Object: 'Object Repository/OCS-MOBILE /Age gate and Mega menu/Checkbox_CONFIRM AND ACKNOWLEDGE' is clicked on

2019-07-02 16:36:30 - [TEST_STEP][PASSED] - click(findTestObject("OCS-MOBILE /Age gate and Mega menu/button_CONFIRM")): Object: 'Object Repository/OCS-MOBILE /Age gate and Mega menu/button_CONFIRM' is clicked on

2019-07-02 16:36:30 - [MESSAGE][PASSED] - Object: 'Object Repository/OCS-MOBILE /Age gate and Mega menu/button_CONFIRM' is clicked on

2019-07-02 16:36:30 - [TEST_STEP][PASSED] - click(findTestObject("OCS-MOBILE /Age gate and Mega menu/button_Start Browsing")): Object: 'Object Repository/OCS-MOBILE /Age gate and Mega menu/button_Start Browsing' is clicked on

2019-07-02 16:36:31 - [MESSAGE][PASSED] - Object: 'Object Repository/OCS-MOBILE /Age gate and Mega menu/button_Start Browsing' is clicked on

2019-07-02 16:36:31 - [TEST_STEP][PASSED] - navigateToUrl("https://ocs.ca/products/dream-weaver", STOP_ON_FAILURE): Navigate to 'https://ocs.ca/products/dream-weaver' successfully

2019-07-02 16:36:34 - [MESSAGE][PASSED] - Navigate to 'https://ocs.ca/products/dream-weaver' successfully

2019-07-02 16:36:34 - [TEST_STEP][PASSED] - executeJavaScript("var previewBar = document.getElementById("preview-bar-iframe"); previewBar.style.display = "none";", []): Execute JavaScript 'var previewBar = document.getElementById("preview-bar-iframe"); previewBar.style.display = "none";' successfully

2019-07-02 16:36:34 - [MESSAGE][PASSED] - Execute JavaScript 'var previewBar = document.getElementById("preview-bar-iframe"); previewBar.style.display = "none";' successfully

2019-07-02 16:36:34 - [MESSAGE][PASSED] - Call Test Case 'Test Cases/OCS - MOBILE/CALL- SWATCH- NO INVENTORY' successfully

2019-07-02 16:36:34 - [TEST_STEP][PASSED] - delay(2): Delayed 2 second(s)

2019-07-02 16:36:36 - [MESSAGE][PASSED] - Delayed 2 second(s)

2019-07-02 16:36:36 - [TEST_STEP][NOT_RUN] - click(findTestObject("OCS-MOBILE /Age gate and burger menu/Burger menu - English")): NOT_RUN: click(findTestObject("OCS-MOBILE /Age gate and burger menu/Burger menu - English"))

2019-07-02 16:36:36 - [MESSAGE][NOT_RUN] - NOT_RUN: click(findTestObject("OCS-MOBILE /Age gate and burger menu/Burger menu - English"))

2019-07-02 16:36:36 - [TEST_STEP][NOT_RUN] - delay(2): NOT_RUN: delay(2)

2019-07-02 16:36:36 - [MESSAGE][NOT_RUN] - NOT_RUN: delay(2)

2019-07-02 16:36:36 - [TEST_STEP][NOT_RUN] - click(findTestObject("OCS-MOBILE /Cannabis page/Cannabis chevron")): NOT_RUN: click(findTestObject("OCS-MOBILE /Cannabis page/Cannabis chevron"))

2019-07-02 16:36:36 - [MESSAGE][NOT_RUN] - NOT_RUN: click(findTestObject("OCS-MOBILE /Cannabis page/Cannabis chevron"))

2019-07-02 16:36:36 - [TEST_STEP][NOT_RUN] - delay(2): NOT_RUN: delay(2)

2019-07-02 16:36:36 - [MESSAGE][NOT_RUN] - NOT_RUN: delay(2)

2019-07-02 16:36:36 - [TEST_STEP][NOT_RUN] - click(findTestObject("OCS-MOBILE /Cannabis page/Dried flower - plus accordian")): NOT_RUN: click(findTestObject("OCS-MOBILE /Cannabis page/Dried flower - plus accordian"))

2019-07-02 16:36:36 - [MESSAGE][NOT_RUN] - NOT_RUN: click(findTestObject("OCS-MOBILE /Cannabis page/Dried flower - plus accordian"))

2019-07-02 16:36:36 - [TEST_STEP][NOT_RUN] - delay(2): NOT_RUN: delay(2)

2019-07-02 16:36:36 - [MESSAGE][NOT_RUN] - NOT_RUN: delay(2)

2019-07-02 16:36:36 - [TEST_STEP][NOT_RUN] - click(findTestObject("OCS-MOBILE /Cannabis page/Dried flower - Indica dominant")): NOT_RUN: click(findTestObject("OCS-MOBILE /Cannabis page/Dried flower - Indica dominant"))

2019-07-02 16:36:36 - [MESSAGE][NOT_RUN] - NOT_RUN: click(findTestObject("OCS-MOBILE /Cannabis page/Dried flower - Indica dominant"))

2019-07-02 16:36:36 - [TEST_STEP][NOT_RUN] - delay(2): NOT_RUN: delay(2)

2019-07-02 16:36:36 - [MESSAGE][NOT_RUN] - NOT_RUN: delay(2)

2019-07-02 16:36:36 - [TEST_STEP][NOT_RUN] - click(findTestObject("OCS-MOBILE /Collection page/Product image - 1st one")): NOT_RUN: click(findTestObject("OCS-MOBILE /Collection page/Product image - 1st one"))

2019-07-02 16:36:36 - [MESSAGE][NOT_RUN] - NOT_RUN: click(findTestObject("OCS-MOBILE /Collection page/Product image - 1st one"))

2019-07-02 16:36:36 - [TEST_STEP][NOT_RUN] - scrollToElement(findTestObject("OCS-MOBILE /Product page/Product image"), 1): NOT_RUN: scrollToElement(findTestObject("OCS-MOBILE /Product page/Product image"), 1)

2019-07-02 16:36:36 - [MESSAGE][NOT_RUN] - NOT_RUN: scrollToElement(findTestObject("OCS-MOBILE /Product page/Product image"), 1)

2019-07-02 16:36:36 - [TEST_STEP][PASSED] - delay(2): Delayed 2 second(s)

2019-07-02 16:36:38 - [MESSAGE][PASSED] - Delayed 2 second(s)

2019-07-02 16:36:38 - [TEST_STEP][PASSED] - click(findTestObject("OCS-MOBILE /Product page/Swatch_1g"), STOP_ON_FAILURE): Object: 'Object Repository/OCS-MOBILE /Product page/Swatch_1g' is clicked on

2019-07-02 16:36:39 - [MESSAGE][PASSED] - Object: 'Object Repository/OCS-MOBILE /Product page/Swatch_1g' is clicked on

2019-07-02 16:36:39 - [TEST_STEP][PASSED] - takeScreenshot(): Taking screenshot successfully

2019-07-02 16:36:39 - [MESSAGE][PASSED] - Taking screenshot successfully
[[ATTACHMENT|/Users/sumankompelly/Relative xpath-Mobile/Reports/1.11.1/20190702_161421/1562099799004.png]]

2019-07-02 16:36:39 - [TEST_STEP][PASSED] - scrollToElement(findTestObject("OCS-MOBILE /Product page/Swatch_3.5g"), 1): Scroll to object 'Object Repository/OCS-MOBILE /Product page/Swatch_3.5g' successfully

2019-07-02 16:36:39 - [MESSAGE][PASSED] - Scroll to object 'Object Repository/OCS-MOBILE /Product page/Swatch_3.5g' successfully

2019-07-02 16:36:39 - [TEST_STEP][PASSED] - delay(2): Delayed 2 second(s)

2019-07-02 16:36:41 - [MESSAGE][PASSED] - Delayed 2 second(s)

2019-07-02 16:36:41 - [TEST_STEP][PASSED] - click(findTestObject("OCS-MOBILE /Product page/Add to Bag-button")): Object: 'Object Repository/OCS-MOBILE /Product page/Add to Bag-button' is clicked on

2019-07-02 16:36:41 - [MESSAGE][PASSED] - Object: 'Object Repository/OCS-MOBILE /Product page/Add to Bag-button' is clicked on

2019-07-02 16:36:41 - [TEST_STEP][PASSED] - delay(4): Delayed 4 second(s)

2019-07-02 16:36:45 - [MESSAGE][PASSED] - Delayed 4 second(s)

2019-07-02 16:36:45 - [TEST_STEP][NOT_RUN] - click(findTestObject("OCS-MOBILE /Home - page/Cart icon -bag")): NOT_RUN: click(findTestObject("OCS-MOBILE /Home - page/Cart icon -bag"))

2019-07-02 16:36:45 - [MESSAGE][NOT_RUN] - NOT_RUN: click(findTestObject("OCS-MOBILE /Home - page/Cart icon -bag"))

2019-07-02 16:36:45 - [TEST_STEP][PASSED] - delay(4, OPTIONAL): Delayed 4 second(s)

2019-07-02 16:36:49 - [MESSAGE][PASSED] - Delayed 4 second(s)

2019-07-02 16:36:49 - [TEST_STEP][NOT_RUN] - click(findTestObject("OCS-MOBILE /Cart flyout/Back icon")): NOT_RUN: click(findTestObject("OCS-MOBILE /Cart flyout/Back icon"))

2019-07-02 16:36:49 - [MESSAGE][NOT_RUN] - NOT_RUN: click(findTestObject("OCS-MOBILE /Cart flyout/Back icon"))

2019-07-02 16:36:49 - [TEST_STEP][PASSED] - delay(2): Delayed 2 second(s)

2019-07-02 16:36:51 - [MESSAGE][PASSED] - Delayed 2 second(s)

2019-07-02 16:36:51 - [TEST_STEP][PASSED] - flag = verifyElementPresent(findTestObject("OCS-MOBILE /Product page/Swatch_3.5g"), 0): Object 'Object Repository/OCS-MOBILE /Product page/Swatch_3.5g' is present

2019-07-02 16:36:51 - [MESSAGE][WARNING] - Timeout '0' is invalid. Using default page load timeout: '30'

2019-07-02 16:36:51 - [MESSAGE][PASSED] - Object 'Object Repository/OCS-MOBILE /Product page/Swatch_3.5g' is present

2019-07-02 16:36:51 - [TEST_STEP][PASSED] - comment(" flag=" + flag):  flag=true

2019-07-02 16:36:51 - [MESSAGE][INFO] -  flag=true

2019-07-02 16:36:51 - [TEST_STEP][PASSED] - takeScreenshot(): Taking screenshot successfully

2019-07-02 16:36:51 - [MESSAGE][PASSED] - Taking screenshot successfully
[[ATTACHMENT|/Users/sumankompelly/Relative xpath-Mobile/Reports/1.11.1/20190702_161421/1562099811470.png]]

2019-07-02 16:36:51 - [TEST_STEP][FAILED] - if (flag == true): if (flag == true) FAILED.
Reason:
com.kms.katalon.core.exception.StepFailedException: Unable to click on object 'Object Repository/OCS-MOBILE /Product page/Swatch_3.5g' (Root cause: org.openqa.selenium.WebDriverException: unknown error: Element <span class="swatch__title">...</span> is not clickable at point (108, 10). Other element would receive the click: <a class="logo" href="https://ocs.ca">...</a>
  (Session info: chrome=75.0.3770.100)
  (Driver info: chromedriver=2.43.600229 (3fae4d0cda5334b4f533bede5a4787f7b832d052),platform=Mac OS X 10.13.6 x86_64) (WARNING: The server did not provide any stacktrace information)
Command duration or timeout: 0 milliseconds
Build info: version: '3.7.1', revision: '8a0099a', time: '2017-11-06T21:07:36.161Z'
System info: host: 'sumans-MacBook-Pro.local', ip: 'fe80:0:0:0:98:5ae9:edb9:537f%en0', os.name: 'Mac OS X', os.arch: 'x86_64', os.version: '10.13.6', java.version: '1.8.0_181'
Driver info: com.kms.katalon.selenium.driver.CChromeDriver
Capabilities {acceptInsecureCerts: false, acceptSslCerts: false, applicationCacheEnabled: false, browserConnectionEnabled: false, browserName: chrome, chrome: {chromedriverVersion: 2.43.600229 (3fae4d0cda5334..., userDataDir: /var/folders/1t/c55l8xzs6gq...}, cssSelectorsEnabled: true, databaseEnabled: false, goog:chromeOptions: {debuggerAddress: localhost:61417}, handlesAlerts: true, hasTouchScreen: false, javascriptEnabled: true, locationContextEnabled: true, mobileEmulationEnabled: false, nativeEvents: true, networkConnectionEnabled: false, pageLoadStrategy: normal, platform: MAC, platformName: MAC, rotatable: false, setWindowRect: true, takesHeapSnapshot: true, takesScreenshot: true, unexpectedAlertBehaviour: , unhandledPromptBehavior: , version: 75.0.3770.100, webStorageEnabled: true}
Session ID: 28f56ec61fe3ae2cccae3b659f591e1e)
	at com.kms.katalon.core.keyword.internal.KeywordMain.stepFailed(KeywordMain.groovy:32)
	at com.kms.katalon.core.webui.keyword.internal.WebUIKeywordMain.stepFailed(WebUIKeywordMain.groovy:65)
	at com.kms.katalon.core.webui.keyword.internal.WebUIKeywordMain.runKeyword(WebUIKeywordMain.groovy:27)
	at com.kms.katalon.core.webui.keyword.builtin.ClickKeyword.click(ClickKeyword.groovy:86)
	at com.kms.katalon.core.webui.keyword.builtin.ClickKeyword.execute(ClickKeyword.groovy:67)
	at com.kms.katalon.core.keyword.internal.KeywordExecutor.executeKeywordForPlatform(KeywordExecutor.groovy:53)
	at com.kms.katalon.core.webui.keyword.WebUiBuiltInKeywords.click(WebUiBuiltInKeywords.groovy:604)
	at com.kms.katalon.core.webui.keyword.WebUiBuiltInKeywords$click$8.call(Unknown Source)
	at Cart.run(Cart:71)
	at com.kms.katalon.core.main.ScriptEngine.run(ScriptEngine.java:194)
	at com.kms.katalon.core.main.ScriptEngine.runScriptAsRawText(ScriptEngine.java:119)
	at com.kms.katalon.core.main.TestCaseExecutor.runScript(TestCaseExecutor.java:328)
	at com.kms.katalon.core.main.TestCaseExecutor.doExecute(TestCaseExecutor.java:319)
	at com.kms.katalon.core.main.TestCaseExecutor.processExecutionPhase(TestCaseExecutor.java:298)
	at com.kms.katalon.core.main.TestCaseExecutor.accessMainPhase(TestCaseExecutor.java:290)
	at com.kms.katalon.core.main.TestCaseExecutor.execute(TestCaseExecutor.java:224)
	at com.kms.katalon.core.main.TestSuiteExecutor.accessTestCaseMainPhase(TestSuiteExecutor.java:129)
	at com.kms.katalon.core.main.TestSuiteExecutor.accessTestSuiteMainPhase(TestSuiteExecutor.java:112)
	at com.kms.katalon.core.main.TestSuiteExecutor.execute(TestSuiteExecutor.java:81)
	at com.kms.katalon.core.main.TestCaseMain.startTestSuite(TestCaseMain.java:149)
	at com.kms.katalon.core.main.TestCaseMain$startTestSuite$0.call(Unknown Source)
	at TempTestSuite1562098461396.run(TempTestSuite1562098461396.groovy:36)


2019-07-02 16:36:51 - [TEST_STEP][PASSED] - delay(2): Delayed 2 second(s)

2019-07-02 16:36:53 - [MESSAGE][PASSED] - Delayed 2 second(s)

2019-07-02 16:36:53 - [TEST_STEP][FAILED] - click(findTestObject("OCS-MOBILE /Product page/Swatch_3.5g"), CONTINUE_ON_FAILURE): Unable to click on object 'Object Repository/OCS-MOBILE /Product page/Swatch_3.5g' (Root cause: org.openqa.selenium.WebDriverException: unknown error: Element <span class="swatch__title">...</span> is not clickable at point (108, 10). Other element would receive the click: <a class="logo" href="https://ocs.ca">...</a>
  (Session info: chrome=75.0.3770.100)
  (Driver info: chromedriver=2.43.600229 (3fae4d0cda5334b4f533bede5a4787f7b832d052),platform=Mac OS X 10.13.6 x86_64) (WARNING: The server did not provide any stacktrace information)
Command duration or timeout: 0 milliseconds
Build info: version: '3.7.1', revision: '8a0099a', time: '2017-11-06T21:07:36.161Z'
System info: host: 'sumans-MacBook-Pro.local', ip: 'fe80:0:0:0:98:5ae9:edb9:537f%en0', os.name: 'Mac OS X', os.arch: 'x86_64', os.version: '10.13.6', java.version: '1.8.0_181'
Driver info: com.kms.katalon.selenium.driver.CChromeDriver
Capabilities {acceptInsecureCerts: false, acceptSslCerts: false, applicationCacheEnabled: false, browserConnectionEnabled: false, browserName: chrome, chrome: {chromedriverVersion: 2.43.600229 (3fae4d0cda5334..., userDataDir: /var/folders/1t/c55l8xzs6gq...}, cssSelectorsEnabled: true, databaseEnabled: false, goog:chromeOptions: {debuggerAddress: localhost:61417}, handlesAlerts: true, hasTouchScreen: false, javascriptEnabled: true, locationContextEnabled: true, mobileEmulationEnabled: false, nativeEvents: true, networkConnectionEnabled: false, pageLoadStrategy: normal, platform: MAC, platformName: MAC, rotatable: false, setWindowRect: true, takesHeapSnapshot: true, takesScreenshot: true, unexpectedAlertBehaviour: , unhandledPromptBehavior: , version: 75.0.3770.100, webStorageEnabled: true}
Session ID: 28f56ec61fe3ae2cccae3b659f591e1e)

2019-07-02 16:36:53 - [MESSAGE][FAILED] - Unable to click on object 'Object Repository/OCS-MOBILE /Product page/Swatch_3.5g' (Root cause: org.openqa.selenium.WebDriverException: unknown error: Element <span class="swatch__title">...</span> is not clickable at point (108, 10). Other element would receive the click: <a class="logo" href="https://ocs.ca">...</a>
  (Session info: chrome=75.0.3770.100)
  (Driver info: chromedriver=2.43.600229 (3fae4d0cda5334b4f533bede5a4787f7b832d052),platform=Mac OS X 10.13.6 x86_64) (WARNING: The server did not provide any stacktrace information)
Command duration or timeout: 0 milliseconds
Build info: version: '3.7.1', revision: '8a0099a', time: '2017-11-06T21:07:36.161Z'
System info: host: 'sumans-MacBook-Pro.local', ip: 'fe80:0:0:0:98:5ae9:edb9:537f%en0', os.name: 'Mac OS X', os.arch: 'x86_64', os.version: '10.13.6', java.version: '1.8.0_181'
Driver info: com.kms.katalon.selenium.driver.CChromeDriver
Capabilities {acceptInsecureCerts: false, acceptSslCerts: false, applicationCacheEnabled: false, browserConnectionEnabled: false, browserName: chrome, chrome: {chromedriverVersion: 2.43.600229 (3fae4d0cda5334..., userDataDir: /var/folders/1t/c55l8xzs6gq...}, cssSelectorsEnabled: true, databaseEnabled: false, goog:chromeOptions: {debuggerAddress: localhost:61417}, handlesAlerts: true, hasTouchScreen: false, javascriptEnabled: true, locationContextEnabled: true, mobileEmulationEnabled: false, nativeEvents: true, networkConnectionEnabled: false, pageLoadStrategy: normal, platform: MAC, platformName: MAC, rotatable: false, setWindowRect: true, takesHeapSnapshot: true, takesScreenshot: true, unexpectedAlertBehaviour: , unhandledPromptBehavior: , version: 75.0.3770.100, webStorageEnabled: true}
Session ID: 28f56ec61fe3ae2cccae3b659f591e1e)
[[ATTACHMENT|/Users/sumankompelly/Relative xpath-Mobile/Reports/1.11.1/20190702_161421/1562099813777.png]]

2019-07-02 16:36:53 - [TEST_STEP][PASSED] - delay(2): Delayed 2 second(s)

2019-07-02 16:36:55 - [MESSAGE][PASSED] - Delayed 2 second(s)

2019-07-02 16:36:55 - [TEST_STEP][FAILED] - click(findTestObject("OCS-MOBILE /Product page/Add to Bag-button")): if (flag == true) FAILED.
Reason:
com.kms.katalon.core.exception.StepFailedException: Unable to click on object 'Object Repository/OCS-MOBILE /Product page/Swatch_3.5g' (Root cause: org.openqa.selenium.WebDriverException: unknown error: Element <span class="swatch__title">...</span> is not clickable at point (108, 10). Other element would receive the click: <a class="logo" href="https://ocs.ca">...</a>
  (Session info: chrome=75.0.3770.100)
  (Driver info: chromedriver=2.43.600229 (3fae4d0cda5334b4f533bede5a4787f7b832d052),platform=Mac OS X 10.13.6 x86_64) (WARNING: The server did not provide any stacktrace information)
Command duration or timeout: 0 milliseconds
Build info: version: '3.7.1', revision: '8a0099a', time: '2017-11-06T21:07:36.161Z'
System info: host: 'sumans-MacBook-Pro.local', ip: 'fe80:0:0:0:98:5ae9:edb9:537f%en0', os.name: 'Mac OS X', os.arch: 'x86_64', os.version: '10.13.6', java.version: '1.8.0_181'
Driver info: com.kms.katalon.selenium.driver.CChromeDriver
Capabilities {acceptInsecureCerts: false, acceptSslCerts: false, applicationCacheEnabled: false, browserConnectionEnabled: false, browserName: chrome, chrome: {chromedriverVersion: 2.43.600229 (3fae4d0cda5334..., userDataDir: /var/folders/1t/c55l8xzs6gq...}, cssSelectorsEnabled: true, databaseEnabled: false, goog:chromeOptions: {debuggerAddress: localhost:61417}, handlesAlerts: true, hasTouchScreen: false, javascriptEnabled: true, locationContextEnabled: true, mobileEmulationEnabled: false, nativeEvents: true, networkConnectionEnabled: false, pageLoadStrategy: normal, platform: MAC, platformName: MAC, rotatable: false, setWindowRect: true, takesHeapSnapshot: true, takesScreenshot: true, unexpectedAlertBehaviour: , unhandledPromptBehavior: , version: 75.0.3770.100, webStorageEnabled: true}
Session ID: 28f56ec61fe3ae2cccae3b659f591e1e)
	at com.kms.katalon.core.keyword.internal.KeywordMain.stepFailed(KeywordMain.groovy:32)
	at com.kms.katalon.core.webui.keyword.internal.WebUIKeywordMain.stepFailed(WebUIKeywordMain.groovy:65)
	at com.kms.katalon.core.webui.keyword.internal.WebUIKeywordMain.runKeyword(WebUIKeywordMain.groovy:27)
	at com.kms.katalon.core.webui.keyword.builtin.ClickKeyword.click(ClickKeyword.groovy:86)
	at com.kms.katalon.core.webui.keyword.builtin.ClickKeyword.execute(ClickKeyword.groovy:67)
	at com.kms.katalon.core.keyword.internal.KeywordExecutor.executeKeywordForPlatform(KeywordExecutor.groovy:53)
	at com.kms.katalon.core.webui.keyword.WebUiBuiltInKeywords.click(WebUiBuiltInKeywords.groovy:604)
	at com.kms.katalon.core.webui.keyword.WebUiBuiltInKeywords$click$8.call(Unknown Source)
	at Cart.run(Cart:71)
	at com.kms.katalon.core.main.ScriptEngine.run(ScriptEngine.java:194)
	at com.kms.katalon.core.main.ScriptEngine.runScriptAsRawText(ScriptEngine.java:119)
	at com.kms.katalon.core.main.TestCaseExecutor.runScript(TestCaseExecutor.java:328)
	at com.kms.katalon.core.main.TestCaseExecutor.doExecute(TestCaseExecutor.java:319)
	at com.kms.katalon.core.main.TestCaseExecutor.processExecutionPhase(TestCaseExecutor.java:298)
	at com.kms.katalon.core.main.TestCaseExecutor.accessMainPhase(TestCaseExecutor.java:290)
	at com.kms.katalon.core.main.TestCaseExecutor.execute(TestCaseExecutor.java:224)
	at com.kms.katalon.core.main.TestSuiteExecutor.accessTestCaseMainPhase(TestSuiteExecutor.java:129)
	at com.kms.katalon.core.main.TestSuiteExecutor.accessTestSuiteMainPhase(TestSuiteExecutor.java:112)
	at com.kms.katalon.core.main.TestSuiteExecutor.execute(TestSuiteExecutor.java:81)
	at com.kms.katalon.core.main.TestCaseMain.startTestSuite(TestCaseMain.java:149)
	at com.kms.katalon.core.main.TestCaseMain$startTestSuite$0.call(Unknown Source)
	at TempTestSuite1562098461396.run(TempTestSuite1562098461396.groovy:36)


2019-07-02 16:36:56 - [MESSAGE][FAILED] - Unable to click on object 'Object Repository/OCS-MOBILE /Product page/Add to Bag-button' (Root cause: org.openqa.selenium.WebDriverException: unknown error: Element <button class="btn btn--primary btn--price btn--large variant-selector__submit full-width" type="submit">...</button> is not clickable at point (242, 212). Other element would receive the click: <div class="cart__items">...</div>
  (Session info: chrome=75.0.3770.100)
  (Driver info: chromedriver=2.43.600229 (3fae4d0cda5334b4f533bede5a4787f7b832d052),platform=Mac OS X 10.13.6 x86_64) (WARNING: The server did not provide any stacktrace information)
Command duration or timeout: 0 milliseconds
Build info: version: '3.7.1', revision: '8a0099a', time: '2017-11-06T21:07:36.161Z'
System info: host: 'sumans-MacBook-Pro.local', ip: 'fe80:0:0:0:98:5ae9:edb9:537f%en0', os.name: 'Mac OS X', os.arch: 'x86_64', os.version: '10.13.6', java.version: '1.8.0_181'
Driver info: com.kms.katalon.selenium.driver.CChromeDriver
Capabilities {acceptInsecureCerts: false, acceptSslCerts: false, applicationCacheEnabled: false, browserConnectionEnabled: false, browserName: chrome, chrome: {chromedriverVersion: 2.43.600229 (3fae4d0cda5334..., userDataDir: /var/folders/1t/c55l8xzs6gq...}, cssSelectorsEnabled: true, databaseEnabled: false, goog:chromeOptions: {debuggerAddress: localhost:61417}, handlesAlerts: true, hasTouchScreen: false, javascriptEnabled: true, locationContextEnabled: true, mobileEmulationEnabled: false, nativeEvents: true, networkConnectionEnabled: false, pageLoadStrategy: normal, platform: MAC, platformName: MAC, rotatable: false, setWindowRect: true, takesHeapSnapshot: true, takesScreenshot: true, unexpectedAlertBehaviour: , unhandledPromptBehavior: , version: 75.0.3770.100, webStorageEnabled: true}
Session ID: 28f56ec61fe3ae2cccae3b659f591e1e)
[[ATTACHMENT|/Users/sumankompelly/Relative xpath-Mobile/Reports/1.11.1/20190702_161421/1562099816029.png]]

2019-07-02 16:36:56 - [MESSAGE][FAILED] - if (flag == true) FAILED.
Reason:
com.kms.katalon.core.exception.StepFailedException: Unable to click on object 'Object Repository/OCS-MOBILE /Product page/Swatch_3.5g' (Root cause: org.openqa.selenium.WebDriverException: unknown error: Element <span class="swatch__title">...</span> is not clickable at point (108, 10). Other element would receive the click: <a class="logo" href="https://ocs.ca">...</a>
  (Session info: chrome=75.0.3770.100)
  (Driver info: chromedriver=2.43.600229 (3fae4d0cda5334b4f533bede5a4787f7b832d052),platform=Mac OS X 10.13.6 x86_64) (WARNING: The server did not provide any stacktrace information)
Command duration or timeout: 0 milliseconds
Build info: version: '3.7.1', revision: '8a0099a', time: '2017-11-06T21:07:36.161Z'
System info: host: 'sumans-MacBook-Pro.local', ip: 'fe80:0:0:0:98:5ae9:edb9:537f%en0', os.name: 'Mac OS X', os.arch: 'x86_64', os.version: '10.13.6', java.version: '1.8.0_181'
Driver info: com.kms.katalon.selenium.driver.CChromeDriver
Capabilities {acceptInsecureCerts: false, acceptSslCerts: false, applicationCacheEnabled: false, browserConnectionEnabled: false, browserName: chrome, chrome: {chromedriverVersion: 2.43.600229 (3fae4d0cda5334..., userDataDir: /var/folders/1t/c55l8xzs6gq...}, cssSelectorsEnabled: true, databaseEnabled: false, goog:chromeOptions: {debuggerAddress: localhost:61417}, handlesAlerts: true, hasTouchScreen: false, javascriptEnabled: true, locationContextEnabled: true, mobileEmulationEnabled: false, nativeEvents: true, networkConnectionEnabled: false, pageLoadStrategy: normal, platform: MAC, platformName: MAC, rotatable: false, setWindowRect: true, takesHeapSnapshot: true, takesScreenshot: true, unexpectedAlertBehaviour: , unhandledPromptBehavior: , version: 75.0.3770.100, webStorageEnabled: true}
Session ID: 28f56ec61fe3ae2cccae3b659f591e1e)
	at com.kms.katalon.core.keyword.internal.KeywordMain.stepFailed(KeywordMain.groovy:32)
	at com.kms.katalon.core.webui.keyword.internal.WebUIKeywordMain.stepFailed(WebUIKeywordMain.groovy:65)
	at com.kms.katalon.core.webui.keyword.internal.WebUIKeywordMain.runKeyword(WebUIKeywordMain.groovy:27)
	at com.kms.katalon.core.webui.keyword.builtin.ClickKeyword.click(ClickKeyword.groovy:86)
	at com.kms.katalon.core.webui.keyword.builtin.ClickKeyword.execute(ClickKeyword.groovy:67)
	at com.kms.katalon.core.keyword.internal.KeywordExecutor.executeKeywordForPlatform(KeywordExecutor.groovy:53)
	at com.kms.katalon.core.webui.keyword.WebUiBuiltInKeywords.click(WebUiBuiltInKeywords.groovy:604)
	at com.kms.katalon.core.webui.keyword.WebUiBuiltInKeywords$click$8.call(Unknown Source)
	at Cart.run(Cart:71)
	at com.kms.katalon.core.main.ScriptEngine.run(ScriptEngine.java:194)
	at com.kms.katalon.core.main.ScriptEngine.runScriptAsRawText(ScriptEngine.java:119)
	at com.kms.katalon.core.main.TestCaseExecutor.runScript(TestCaseExecutor.java:328)
	at com.kms.katalon.core.main.TestCaseExecutor.doExecute(TestCaseExecutor.java:319)
	at com.kms.katalon.core.main.TestCaseExecutor.processExecutionPhase(TestCaseExecutor.java:298)
	at com.kms.katalon.core.main.TestCaseExecutor.accessMainPhase(TestCaseExecutor.java:290)
	at com.kms.katalon.core.main.TestCaseExecutor.execute(TestCaseExecutor.java:224)
	at com.kms.katalon.core.main.TestSuiteExecutor.accessTestCaseMainPhase(TestSuiteExecutor.java:129)
	at com.kms.katalon.core.main.TestSuiteExecutor.accessTestSuiteMainPhase(TestSuiteExecutor.java:112)
	at com.kms.katalon.core.main.TestSuiteExecutor.execute(TestSuiteExecutor.java:81)
	at com.kms.katalon.core.main.TestCaseMain.startTestSuite(TestCaseMain.java:149)
	at com.kms.katalon.core.main.TestCaseMain$startTestSuite$0.call(Unknown Source)
	at TempTestSuite1562098461396.run(TempTestSuite1562098461396.groovy:36)]]></system-out>
         <system-err><![CDATA[2019-07-02 16:36:14 - [TEST_CASE][FAILED] - Test Cases/OCS - MOBILE/OCS- CRITICAL PATH/Cart: Test Cases/OCS - MOBILE/OCS- CRITICAL PATH/Cart FAILED.
Reason:
com.kms.katalon.core.exception.StepFailedException: Unable to click on object 'Object Repository/OCS-MOBILE /Product page/Swatch_3.5g' (Root cause: org.openqa.selenium.WebDriverException: unknown error: Element <span class="swatch__title">...</span> is not clickable at point (108, 10). Other element would receive the click: <a class="logo" href="https://ocs.ca">...</a>
  (Session info: chrome=75.0.3770.100)
  (Driver info: chromedriver=2.43.600229 (3fae4d0cda5334b4f533bede5a4787f7b832d052),platform=Mac OS X 10.13.6 x86_64) (WARNING: The server did not provide any stacktrace information)
Command duration or timeout: 0 milliseconds
Build info: version: '3.7.1', revision: '8a0099a', time: '2017-11-06T21:07:36.161Z'
System info: host: 'sumans-MacBook-Pro.local', ip: 'fe80:0:0:0:98:5ae9:edb9:537f%en0', os.name: 'Mac OS X', os.arch: 'x86_64', os.version: '10.13.6', java.version: '1.8.0_181'
Driver info: com.kms.katalon.selenium.driver.CChromeDriver
Capabilities {acceptInsecureCerts: false, acceptSslCerts: false, applicationCacheEnabled: false, browserConnectionEnabled: false, browserName: chrome, chrome: {chromedriverVersion: 2.43.600229 (3fae4d0cda5334..., userDataDir: /var/folders/1t/c55l8xzs6gq...}, cssSelectorsEnabled: true, databaseEnabled: false, goog:chromeOptions: {debuggerAddress: localhost:61417}, handlesAlerts: true, hasTouchScreen: false, javascriptEnabled: true, locationContextEnabled: true, mobileEmulationEnabled: false, nativeEvents: true, networkConnectionEnabled: false, pageLoadStrategy: normal, platform: MAC, platformName: MAC, rotatable: false, setWindowRect: true, takesHeapSnapshot: true, takesScreenshot: true, unexpectedAlertBehaviour: , unhandledPromptBehavior: , version: 75.0.3770.100, webStorageEnabled: true}
Session ID: 28f56ec61fe3ae2cccae3b659f591e1e)
	at com.kms.katalon.core.keyword.internal.KeywordMain.stepFailed(KeywordMain.groovy:32)
	at com.kms.katalon.core.webui.keyword.internal.WebUIKeywordMain.stepFailed(WebUIKeywordMain.groovy:65)
	at com.kms.katalon.core.webui.keyword.internal.WebUIKeywordMain.runKeyword(WebUIKeywordMain.groovy:27)
	at com.kms.katalon.core.webui.keyword.builtin.ClickKeyword.click(ClickKeyword.groovy:86)
	at com.kms.katalon.core.webui.keyword.builtin.ClickKeyword.execute(ClickKeyword.groovy:67)
	at com.kms.katalon.core.keyword.internal.KeywordExecutor.executeKeywordForPlatform(KeywordExecutor.groovy:53)
	at com.kms.katalon.core.webui.keyword.WebUiBuiltInKeywords.click(WebUiBuiltInKeywords.groovy:604)
	at com.kms.katalon.core.webui.keyword.WebUiBuiltInKeywords$click$8.call(Unknown Source)
	at Cart.run(Cart:71)
	at com.kms.katalon.core.main.ScriptEngine.run(ScriptEngine.java:194)
	at com.kms.katalon.core.main.ScriptEngine.runScriptAsRawText(ScriptEngine.java:119)
	at com.kms.katalon.core.main.TestCaseExecutor.runScript(TestCaseExecutor.java:328)
	at com.kms.katalon.core.main.TestCaseExecutor.doExecute(TestCaseExecutor.java:319)
	at com.kms.katalon.core.main.TestCaseExecutor.processExecutionPhase(TestCaseExecutor.java:298)
	at com.kms.katalon.core.main.TestCaseExecutor.accessMainPhase(TestCaseExecutor.java:290)
	at com.kms.katalon.core.main.TestCaseExecutor.execute(TestCaseExecutor.java:224)
	at com.kms.katalon.core.main.TestSuiteExecutor.accessTestCaseMainPhase(TestSuiteExecutor.java:129)
	at com.kms.katalon.core.main.TestSuiteExecutor.accessTestSuiteMainPhase(TestSuiteExecutor.java:112)
	at com.kms.katalon.core.main.TestSuiteExecutor.execute(TestSuiteExecutor.java:81)
	at com.kms.katalon.core.main.TestCaseMain.startTestSuite(TestCaseMain.java:149)
	at com.kms.katalon.core.main.TestCaseMain$startTestSuite$0.call(Unknown Source)
	at TempTestSuite1562098461396.run(TempTestSuite1562098461396.groovy:36)]]></system-err>
      </testcase>
      <testcase name="Test Cases/OCS - MOBILE/OCS- CRITICAL PATH/cart flyout- accessories" classname="Test Cases/OCS - MOBILE/OCS- CRITICAL PATH/cart flyout- accessories" status="PASSED">
         <system-out><![CDATA[2019-07-02 16:36:56 - [TEST_CASE][PASSED] - Test Cases/OCS - MOBILE/OCS- CRITICAL PATH/cart flyout- accessories: Test Cases/OCS - MOBILE/OCS- CRITICAL PATH/cart flyout- accessories

2019-07-02 16:36:56 - [TEST_STEP][PASSED] - callTestCase(findTestCase("OCS - MOBILE/CALL - AGE GATE"), [:], STOP_ON_FAILURE): Call Test Case 'Test Cases/OCS - MOBILE/CALL - AGE GATE' successfully

2019-07-02 16:36:56 - [TEST_CASE][PASSED] - Test Cases/OCS - MOBILE/CALL - AGE GATE: Test Cases/OCS - MOBILE/CALL - AGE GATE

2019-07-02 16:36:56 - [TEST_STEP][PASSED] - openBrowser(""): Browser is opened with url: ''

2019-07-02 16:36:56 - [MESSAGE][WARNING] - A browser is already opened. Closing browser and opening a new one

2019-07-02 16:36:56 - [MESSAGE][INFO] - Starting 'Chrome' driver

2019-07-02 16:36:57 - [MESSAGE][PASSED] - Browser is opened with url: ''

2019-07-02 16:36:57 - [TEST_STEP][PASSED] - navigateToUrl("https://ocs.ca/?fts=0&preview_theme_id=74203301708"): Navigate to 'https://ocs.ca/?fts=0&preview_theme_id=74203301708' successfully

2019-07-02 16:37:04 - [MESSAGE][PASSED] - Navigate to 'https://ocs.ca/?fts=0&preview_theme_id=74203301708' successfully

2019-07-02 16:37:04 - [TEST_STEP][PASSED] - executeJavaScript("var previewBar = document.getElementById("preview-bar-iframe"); previewBar.style.display = "none";", []): Execute JavaScript 'var previewBar = document.getElementById("preview-bar-iframe"); previewBar.style.display = "none";' successfully

2019-07-02 16:37:04 - [MESSAGE][PASSED] - Execute JavaScript 'var previewBar = document.getElementById("preview-bar-iframe"); previewBar.style.display = "none";' successfully

2019-07-02 16:37:04 - [TEST_STEP][PASSED] - setViewPortSize(360, 800): Viewport is set to new size with width = 360 and height = 800

2019-07-02 16:37:04 - [MESSAGE][PASSED] - Viewport is set to new size with width = 360 and height = 800

2019-07-02 16:37:04 - [TEST_STEP][PASSED] - delay(4): Delayed 4 second(s)

2019-07-02 16:37:08 - [MESSAGE][PASSED] - Delayed 4 second(s)

2019-07-02 16:37:08 - [TEST_STEP][PASSED] - selectOptionByValue(findTestObject("OCS-MOBILE /Age gate and burger menu/Date"), "12", true): All options with value '12' are selected in object 'Object Repository/OCS-MOBILE /Age gate and burger menu/Date'  using regular expression

2019-07-02 16:37:08 - [MESSAGE][PASSED] - All options with value '12' are selected in object 'Object Repository/OCS-MOBILE /Age gate and burger menu/Date'  using regular expression

2019-07-02 16:37:08 - [TEST_STEP][PASSED] - selectOptionByValue(findTestObject("OCS-MOBILE /Age gate and burger menu/month"), "6", true): All options with value '6' are selected in object 'Object Repository/OCS-MOBILE /Age gate and burger menu/month'  using regular expression

2019-07-02 16:37:08 - [MESSAGE][PASSED] - All options with value '6' are selected in object 'Object Repository/OCS-MOBILE /Age gate and burger menu/month'  using regular expression

2019-07-02 16:37:08 - [TEST_STEP][PASSED] - delay(2): Delayed 2 second(s)

2019-07-02 16:37:10 - [MESSAGE][PASSED] - Delayed 2 second(s)

2019-07-02 16:37:10 - [TEST_STEP][PASSED] - selectOptionByValue(findTestObject("OCS-MOBILE /Age gate and burger menu/Year Dropdown"), "1990", true): All options with value '1990' are selected in object 'Object Repository/OCS-MOBILE /Age gate and burger menu/Year Dropdown'  using regular expression

2019-07-02 16:37:11 - [MESSAGE][PASSED] - All options with value '1990' are selected in object 'Object Repository/OCS-MOBILE /Age gate and burger menu/Year Dropdown'  using regular expression

2019-07-02 16:37:11 - [TEST_STEP][PASSED] - click(findTestObject("OCS-MOBILE /Age gate and Mega menu/button_Verify")): Object: 'Object Repository/OCS-MOBILE /Age gate and Mega menu/button_Verify' is clicked on

2019-07-02 16:37:12 - [MESSAGE][PASSED] - Object: 'Object Repository/OCS-MOBILE /Age gate and Mega menu/button_Verify' is clicked on

2019-07-02 16:37:12 - [TEST_STEP][PASSED] - click(findTestObject("OCS-MOBILE /Age gate and Mega menu/Checkbox_CONFIRM AND ACKNOWLEDGE")): Object: 'Object Repository/OCS-MOBILE /Age gate and Mega menu/Checkbox_CONFIRM AND ACKNOWLEDGE' is clicked on

2019-07-02 16:37:12 - [MESSAGE][PASSED] - Object: 'Object Repository/OCS-MOBILE /Age gate and Mega menu/Checkbox_CONFIRM AND ACKNOWLEDGE' is clicked on

2019-07-02 16:37:12 - [TEST_STEP][PASSED] - click(findTestObject("OCS-MOBILE /Age gate and Mega menu/button_CONFIRM")): Object: 'Object Repository/OCS-MOBILE /Age gate and Mega menu/button_CONFIRM' is clicked on

2019-07-02 16:37:12 - [MESSAGE][PASSED] - Object: 'Object Repository/OCS-MOBILE /Age gate and Mega menu/button_CONFIRM' is clicked on

2019-07-02 16:37:12 - [TEST_STEP][PASSED] - click(findTestObject("OCS-MOBILE /Age gate and Mega menu/button_Start Browsing")): Object: 'Object Repository/OCS-MOBILE /Age gate and Mega menu/button_Start Browsing' is clicked on

2019-07-02 16:37:12 - [MESSAGE][PASSED] - Object: 'Object Repository/OCS-MOBILE /Age gate and Mega menu/button_Start Browsing' is clicked on

2019-07-02 16:37:12 - [TEST_STEP][PASSED] - refresh(): Refresh successfully

2019-07-02 16:37:12 - [MESSAGE][PASSED] - Refresh successfully

2019-07-02 16:37:12 - [TEST_STEP][PASSED] - executeJavaScript("var previewBar = document.getElementById("preview-bar-iframe"); previewBar.style.display = "none";", []): Execute JavaScript 'var previewBar = document.getElementById("preview-bar-iframe"); previewBar.style.display = "none";' successfully

2019-07-02 16:37:16 - [MESSAGE][PASSED] - Execute JavaScript 'var previewBar = document.getElementById("preview-bar-iframe"); previewBar.style.display = "none";' successfully

2019-07-02 16:37:16 - [MESSAGE][PASSED] - Call Test Case 'Test Cases/OCS - MOBILE/CALL - AGE GATE' successfully

2019-07-02 16:37:16 - [TEST_STEP][PASSED] - delay(2): Delayed 2 second(s)

2019-07-02 16:37:18 - [MESSAGE][PASSED] - Delayed 2 second(s)

2019-07-02 16:37:18 - [TEST_STEP][PASSED] - click(findTestObject("OCS-MOBILE /Age gate and burger menu/Burger menu - English")): Object: 'Object Repository/OCS-MOBILE /Age gate and burger menu/Burger menu - English' is clicked on

2019-07-02 16:37:18 - [MESSAGE][PASSED] - Object: 'Object Repository/OCS-MOBILE /Age gate and burger menu/Burger menu - English' is clicked on

2019-07-02 16:37:18 - [TEST_STEP][PASSED] - delay(2): Delayed 2 second(s)

2019-07-02 16:37:20 - [MESSAGE][PASSED] - Delayed 2 second(s)

2019-07-02 16:37:20 - [TEST_STEP][PASSED] - click(findTestObject("OCS-MOBILE /Age gate and burger menu/Chevron_Cannabis")): Object: 'Object Repository/OCS-MOBILE /Age gate and burger menu/Chevron_Cannabis' is clicked on

2019-07-02 16:37:20 - [MESSAGE][PASSED] - Object: 'Object Repository/OCS-MOBILE /Age gate and burger menu/Chevron_Cannabis' is clicked on

2019-07-02 16:37:21 - [TEST_STEP][PASSED] - delay(2): Delayed 2 second(s)

2019-07-02 16:37:23 - [MESSAGE][PASSED] - Delayed 2 second(s)

2019-07-02 16:37:23 - [TEST_STEP][PASSED] - click(findTestObject("OCS-MOBILE /Age gate and burger menu/Dried Flower_Plus icon")): Object: 'Object Repository/OCS-MOBILE /Age gate and burger menu/Dried Flower_Plus icon' is clicked on

2019-07-02 16:37:23 - [MESSAGE][PASSED] - Object: 'Object Repository/OCS-MOBILE /Age gate and burger menu/Dried Flower_Plus icon' is clicked on

2019-07-02 16:37:23 - [TEST_STEP][PASSED] - delay(2): Delayed 2 second(s)

2019-07-02 16:37:25 - [MESSAGE][PASSED] - Delayed 2 second(s)

2019-07-02 16:37:25 - [TEST_STEP][PASSED] - click(findTestObject("OCS-MOBILE /Age gate and burger menu/Indica Dominant_Menu item")): Object: 'Object Repository/OCS-MOBILE /Age gate and burger menu/Indica Dominant_Menu item' is clicked on

2019-07-02 16:37:27 - [MESSAGE][PASSED] - Object: 'Object Repository/OCS-MOBILE /Age gate and burger menu/Indica Dominant_Menu item' is clicked on

2019-07-02 16:37:27 - [TEST_STEP][PASSED] - executeJavaScript("var previewBar = document.getElementById("preview-bar-iframe"); previewBar.style.display = "none";", []): Execute JavaScript 'var previewBar = document.getElementById("preview-bar-iframe"); previewBar.style.display = "none";' successfully

2019-07-02 16:37:27 - [MESSAGE][PASSED] - Execute JavaScript 'var previewBar = document.getElementById("preview-bar-iframe"); previewBar.style.display = "none";' successfully

2019-07-02 16:37:27 - [TEST_STEP][PASSED] - delay(2): Delayed 2 second(s)

2019-07-02 16:37:29 - [MESSAGE][PASSED] - Delayed 2 second(s)

2019-07-02 16:37:29 - [TEST_STEP][PASSED] - click(findTestObject("OCS-MOBILE /Collection page/Product image - 1st one")): Object: 'Object Repository/OCS-MOBILE /Collection page/Product image - 1st one' is clicked on

2019-07-02 16:37:32 - [MESSAGE][PASSED] - Object: 'Object Repository/OCS-MOBILE /Collection page/Product image - 1st one' is clicked on

2019-07-02 16:37:32 - [TEST_STEP][NOT_RUN] - scrollToElement(findTestObject("OCS-MOBILE /Product page/Product image"), 1): NOT_RUN: scrollToElement(findTestObject("OCS-MOBILE /Product page/Product image"), 1)

2019-07-02 16:37:32 - [MESSAGE][NOT_RUN] - NOT_RUN: scrollToElement(findTestObject("OCS-MOBILE /Product page/Product image"), 1)

2019-07-02 16:37:32 - [TEST_STEP][PASSED] - delay(2): Delayed 2 second(s)

2019-07-02 16:37:34 - [MESSAGE][PASSED] - Delayed 2 second(s)

2019-07-02 16:37:34 - [TEST_STEP][PASSED] - executeJavaScript("var previewBar = document.getElementById("preview-bar-iframe"); previewBar.style.display = "none";", []): Execute JavaScript 'var previewBar = document.getElementById("preview-bar-iframe"); previewBar.style.display = "none";' successfully

2019-07-02 16:37:35 - [MESSAGE][PASSED] - Execute JavaScript 'var previewBar = document.getElementById("preview-bar-iframe"); previewBar.style.display = "none";' successfully

2019-07-02 16:37:35 - [TEST_STEP][PASSED] - click(findTestObject("OCS-MOBILE /Product page/Swatch_1g")): Object: 'Object Repository/OCS-MOBILE /Product page/Swatch_1g' is clicked on

2019-07-02 16:37:35 - [MESSAGE][PASSED] - Object: 'Object Repository/OCS-MOBILE /Product page/Swatch_1g' is clicked on

2019-07-02 16:37:35 - [TEST_STEP][PASSED] - scrollToElement(findTestObject("OCS-MOBILE /Product page/Swatch_3.5g"), 1): Scroll to object 'Object Repository/OCS-MOBILE /Product page/Swatch_3.5g' successfully

2019-07-02 16:37:35 - [MESSAGE][PASSED] - Scroll to object 'Object Repository/OCS-MOBILE /Product page/Swatch_3.5g' successfully

2019-07-02 16:37:35 - [TEST_STEP][PASSED] - delay(2): Delayed 2 second(s)

2019-07-02 16:37:37 - [MESSAGE][PASSED] - Delayed 2 second(s)

2019-07-02 16:37:37 - [TEST_STEP][PASSED] - click(findTestObject("OCS-MOBILE /Product page/Add to Bag-button")): Object: 'Object Repository/OCS-MOBILE /Product page/Add to Bag-button' is clicked on

2019-07-02 16:37:37 - [MESSAGE][PASSED] - Object: 'Object Repository/OCS-MOBILE /Product page/Add to Bag-button' is clicked on

2019-07-02 16:37:37 - [TEST_STEP][PASSED] - delay(2): Delayed 2 second(s)

2019-07-02 16:37:39 - [MESSAGE][PASSED] - Delayed 2 second(s)

2019-07-02 16:37:39 - [TEST_STEP][PASSED] - click(findTestObject("OCS-MOBILE /Home - page/Cart icon -bag")): Object: 'Object Repository/OCS-MOBILE /Home - page/Cart icon -bag' is clicked on

2019-07-02 16:37:39 - [MESSAGE][PASSED] - Object: 'Object Repository/OCS-MOBILE /Home - page/Cart icon -bag' is clicked on

2019-07-02 16:37:39 - [TEST_STEP][PASSED] - delay(2): Delayed 2 second(s)

2019-07-02 16:37:41 - [MESSAGE][PASSED] - Delayed 2 second(s)

2019-07-02 16:37:41 - [TEST_STEP][PASSED] - click(findTestObject("OCS-MOBILE /Cart flyout/Up Chevron - Accessories you might need")): Object: 'Object Repository/OCS-MOBILE /Cart flyout/Up Chevron - Accessories you might need' is clicked on

2019-07-02 16:37:41 - [MESSAGE][PASSED] - Object: 'Object Repository/OCS-MOBILE /Cart flyout/Up Chevron - Accessories you might need' is clicked on

2019-07-02 16:37:41 - [TEST_STEP][PASSED] - delay(4): Delayed 4 second(s)

2019-07-02 16:37:45 - [MESSAGE][PASSED] - Delayed 4 second(s)

2019-07-02 16:37:45 - [TEST_STEP][PASSED] - click(findTestObject("OCS-MOBILE /Cart flyout/Down Chevron - Accessories you might need")): Object: 'Object Repository/OCS-MOBILE /Cart flyout/Down Chevron - Accessories you might need' is clicked on

2019-07-02 16:37:45 - [MESSAGE][PASSED] - Object: 'Object Repository/OCS-MOBILE /Cart flyout/Down Chevron - Accessories you might need' is clicked on]]></system-out>
         <system-err><![CDATA[]]></system-err>
      </testcase>
      <testcase name="Test Cases/OCS - MOBILE/OCS- CRITICAL PATH/Cart flyout-price comparison" classname="Test Cases/OCS - MOBILE/OCS- CRITICAL PATH/Cart flyout-price comparison" status="FAILED">
         <failure type="FAILED" message="Test Cases/OCS - MOBILE/OCS- CRITICAL PATH/Cart flyout-price comparison FAILED.
Reason:
com.kms.katalon.core.exception.StepFailedException: Unable to click on object 'Object Repository/OCS-MOBILE /Product page/Swatch_1g' (Root cause: org.openqa.selenium.WebDriverException: unknown error: Element &lt;span class=&quot;swatch__title&quot;>...&lt;/span> is not clickable at point (41, 10). Other element would receive the click: &lt;a class=&quot;logo&quot; href=&quot;https://ocs.ca&quot;>...&lt;/a>
  (Session info: chrome=75.0.3770.100)
  (Driver info: chromedriver=2.43.600229 (3fae4d0cda5334b4f533bede5a4787f7b832d052),platform=Mac OS X 10.13.6 x86_64) (WARNING: The server did not provide any stacktrace information)
Command duration or timeout: 0 milliseconds
Build info: version: '3.7.1', revision: '8a0099a', time: '2017-11-06T21:07:36.161Z'
System info: host: 'sumans-MacBook-Pro.local', ip: 'fe80:0:0:0:98:5ae9:edb9:537f%en0', os.name: 'Mac OS X', os.arch: 'x86_64', os.version: '10.13.6', java.version: '1.8.0_181'
Driver info: com.kms.katalon.selenium.driver.CChromeDriver
Capabilities {acceptInsecureCerts: false, acceptSslCerts: false, applicationCacheEnabled: false, browserConnectionEnabled: false, browserName: chrome, chrome: {chromedriverVersion: 2.43.600229 (3fae4d0cda5334..., userDataDir: /var/folders/1t/c55l8xzs6gq...}, cssSelectorsEnabled: true, databaseEnabled: false, goog:chromeOptions: {debuggerAddress: localhost:61872}, handlesAlerts: true, hasTouchScreen: false, javascriptEnabled: true, locationContextEnabled: true, mobileEmulationEnabled: false, nativeEvents: true, networkConnectionEnabled: false, pageLoadStrategy: normal, platform: MAC, platformName: MAC, rotatable: false, setWindowRect: true, takesHeapSnapshot: true, takesScreenshot: true, unexpectedAlertBehaviour: , unhandledPromptBehavior: , version: 75.0.3770.100, webStorageEnabled: true}
Session ID: bd897bb63a12de5fc1f2c366347b8cc7)
	at com.kms.katalon.core.keyword.internal.KeywordMain.stepFailed(KeywordMain.groovy:36)
	at com.kms.katalon.core.webui.keyword.internal.WebUIKeywordMain.stepFailed(WebUIKeywordMain.groovy:65)
	at com.kms.katalon.core.webui.keyword.internal.WebUIKeywordMain.runKeyword(WebUIKeywordMain.groovy:27)
	at com.kms.katalon.core.webui.keyword.builtin.ClickKeyword.click(ClickKeyword.groovy:86)
	at com.kms.katalon.core.webui.keyword.builtin.ClickKeyword.execute(ClickKeyword.groovy:67)
	at com.kms.katalon.core.keyword.internal.KeywordExecutor.executeKeywordForPlatform(KeywordExecutor.groovy:53)
	at com.kms.katalon.core.webui.keyword.WebUiBuiltInKeywords.click(WebUiBuiltInKeywords.groovy:616)
	at com.kms.katalon.core.webui.keyword.WebUiBuiltInKeywords$click$4.call(Unknown Source)
	at Cart flyout-price comparison.run(Cart flyout-price comparison:122)
	at com.kms.katalon.core.main.ScriptEngine.run(ScriptEngine.java:194)
	at com.kms.katalon.core.main.ScriptEngine.runScriptAsRawText(ScriptEngine.java:119)
	at com.kms.katalon.core.main.TestCaseExecutor.runScript(TestCaseExecutor.java:328)
	at com.kms.katalon.core.main.TestCaseExecutor.doExecute(TestCaseExecutor.java:319)
	at com.kms.katalon.core.main.TestCaseExecutor.processExecutionPhase(TestCaseExecutor.java:298)
	at com.kms.katalon.core.main.TestCaseExecutor.accessMainPhase(TestCaseExecutor.java:290)
	at com.kms.katalon.core.main.TestCaseExecutor.execute(TestCaseExecutor.java:224)
	at com.kms.katalon.core.main.TestSuiteExecutor.accessTestCaseMainPhase(TestSuiteExecutor.java:129)
	at com.kms.katalon.core.main.TestSuiteExecutor.accessTestSuiteMainPhase(TestSuiteExecutor.java:112)
	at com.kms.katalon.core.main.TestSuiteExecutor.execute(TestSuiteExecutor.java:81)
	at com.kms.katalon.core.main.TestCaseMain.startTestSuite(TestCaseMain.java:149)
	at com.kms.katalon.core.main.TestCaseMain$startTestSuite$0.call(Unknown Source)
	at TempTestSuite1562098461396.run(TempTestSuite1562098461396.groovy:36)
"/>
         <system-out><![CDATA[2019-07-02 16:37:45 - [TEST_CASE][FAILED] - Test Cases/OCS - MOBILE/OCS- CRITICAL PATH/Cart flyout-price comparison: Test Cases/OCS - MOBILE/OCS- CRITICAL PATH/Cart flyout-price comparison FAILED.
Reason:
com.kms.katalon.core.exception.StepFailedException: Unable to click on object 'Object Repository/OCS-MOBILE /Product page/Swatch_1g' (Root cause: org.openqa.selenium.WebDriverException: unknown error: Element <span class="swatch__title">...</span> is not clickable at point (41, 10). Other element would receive the click: <a class="logo" href="https://ocs.ca">...</a>
  (Session info: chrome=75.0.3770.100)
  (Driver info: chromedriver=2.43.600229 (3fae4d0cda5334b4f533bede5a4787f7b832d052),platform=Mac OS X 10.13.6 x86_64) (WARNING: The server did not provide any stacktrace information)
Command duration or timeout: 0 milliseconds
Build info: version: '3.7.1', revision: '8a0099a', time: '2017-11-06T21:07:36.161Z'
System info: host: 'sumans-MacBook-Pro.local', ip: 'fe80:0:0:0:98:5ae9:edb9:537f%en0', os.name: 'Mac OS X', os.arch: 'x86_64', os.version: '10.13.6', java.version: '1.8.0_181'
Driver info: com.kms.katalon.selenium.driver.CChromeDriver
Capabilities {acceptInsecureCerts: false, acceptSslCerts: false, applicationCacheEnabled: false, browserConnectionEnabled: false, browserName: chrome, chrome: {chromedriverVersion: 2.43.600229 (3fae4d0cda5334..., userDataDir: /var/folders/1t/c55l8xzs6gq...}, cssSelectorsEnabled: true, databaseEnabled: false, goog:chromeOptions: {debuggerAddress: localhost:61872}, handlesAlerts: true, hasTouchScreen: false, javascriptEnabled: true, locationContextEnabled: true, mobileEmulationEnabled: false, nativeEvents: true, networkConnectionEnabled: false, pageLoadStrategy: normal, platform: MAC, platformName: MAC, rotatable: false, setWindowRect: true, takesHeapSnapshot: true, takesScreenshot: true, unexpectedAlertBehaviour: , unhandledPromptBehavior: , version: 75.0.3770.100, webStorageEnabled: true}
Session ID: bd897bb63a12de5fc1f2c366347b8cc7)
	at com.kms.katalon.core.keyword.internal.KeywordMain.stepFailed(KeywordMain.groovy:36)
	at com.kms.katalon.core.webui.keyword.internal.WebUIKeywordMain.stepFailed(WebUIKeywordMain.groovy:65)
	at com.kms.katalon.core.webui.keyword.internal.WebUIKeywordMain.runKeyword(WebUIKeywordMain.groovy:27)
	at com.kms.katalon.core.webui.keyword.builtin.ClickKeyword.click(ClickKeyword.groovy:86)
	at com.kms.katalon.core.webui.keyword.builtin.ClickKeyword.execute(ClickKeyword.groovy:67)
	at com.kms.katalon.core.keyword.internal.KeywordExecutor.executeKeywordForPlatform(KeywordExecutor.groovy:53)
	at com.kms.katalon.core.webui.keyword.WebUiBuiltInKeywords.click(WebUiBuiltInKeywords.groovy:616)
	at com.kms.katalon.core.webui.keyword.WebUiBuiltInKeywords$click$4.call(Unknown Source)
	at Cart flyout-price comparison.run(Cart flyout-price comparison:122)
	at com.kms.katalon.core.main.ScriptEngine.run(ScriptEngine.java:194)
	at com.kms.katalon.core.main.ScriptEngine.runScriptAsRawText(ScriptEngine.java:119)
	at com.kms.katalon.core.main.TestCaseExecutor.runScript(TestCaseExecutor.java:328)
	at com.kms.katalon.core.main.TestCaseExecutor.doExecute(TestCaseExecutor.java:319)
	at com.kms.katalon.core.main.TestCaseExecutor.processExecutionPhase(TestCaseExecutor.java:298)
	at com.kms.katalon.core.main.TestCaseExecutor.accessMainPhase(TestCaseExecutor.java:290)
	at com.kms.katalon.core.main.TestCaseExecutor.execute(TestCaseExecutor.java:224)
	at com.kms.katalon.core.main.TestSuiteExecutor.accessTestCaseMainPhase(TestSuiteExecutor.java:129)
	at com.kms.katalon.core.main.TestSuiteExecutor.accessTestSuiteMainPhase(TestSuiteExecutor.java:112)
	at com.kms.katalon.core.main.TestSuiteExecutor.execute(TestSuiteExecutor.java:81)
	at com.kms.katalon.core.main.TestCaseMain.startTestSuite(TestCaseMain.java:149)
	at com.kms.katalon.core.main.TestCaseMain$startTestSuite$0.call(Unknown Source)
	at TempTestSuite1562098461396.run(TempTestSuite1562098461396.groovy:36)


2019-07-02 16:37:45 - [TEST_STEP][PASSED] - callTestCase(findTestCase("OCS - MOBILE/CALL - AGE GATE"), [:], STOP_ON_FAILURE): Call Test Case 'Test Cases/OCS - MOBILE/CALL - AGE GATE' successfully

2019-07-02 16:37:45 - [TEST_CASE][PASSED] - Test Cases/OCS - MOBILE/CALL - AGE GATE: Test Cases/OCS - MOBILE/CALL - AGE GATE

2019-07-02 16:37:45 - [TEST_STEP][PASSED] - openBrowser(""): Browser is opened with url: ''

2019-07-02 16:37:45 - [MESSAGE][WARNING] - A browser is already opened. Closing browser and opening a new one

2019-07-02 16:37:45 - [MESSAGE][INFO] - Starting 'Chrome' driver

2019-07-02 16:37:46 - [MESSAGE][PASSED] - Browser is opened with url: ''

2019-07-02 16:37:46 - [TEST_STEP][PASSED] - navigateToUrl("https://ocs.ca/?fts=0&preview_theme_id=74203301708"): Navigate to 'https://ocs.ca/?fts=0&preview_theme_id=74203301708' successfully

2019-07-02 16:37:51 - [MESSAGE][PASSED] - Navigate to 'https://ocs.ca/?fts=0&preview_theme_id=74203301708' successfully

2019-07-02 16:37:51 - [TEST_STEP][PASSED] - executeJavaScript("var previewBar = document.getElementById("preview-bar-iframe"); previewBar.style.display = "none";", []): Execute JavaScript 'var previewBar = document.getElementById("preview-bar-iframe"); previewBar.style.display = "none";' successfully

2019-07-02 16:37:51 - [MESSAGE][PASSED] - Execute JavaScript 'var previewBar = document.getElementById("preview-bar-iframe"); previewBar.style.display = "none";' successfully

2019-07-02 16:37:51 - [TEST_STEP][PASSED] - setViewPortSize(360, 800): Viewport is set to new size with width = 360 and height = 800

2019-07-02 16:37:51 - [MESSAGE][PASSED] - Viewport is set to new size with width = 360 and height = 800

2019-07-02 16:37:51 - [TEST_STEP][PASSED] - delay(4): Delayed 4 second(s)

2019-07-02 16:37:55 - [MESSAGE][PASSED] - Delayed 4 second(s)

2019-07-02 16:37:55 - [TEST_STEP][PASSED] - selectOptionByValue(findTestObject("OCS-MOBILE /Age gate and burger menu/Date"), "12", true): All options with value '12' are selected in object 'Object Repository/OCS-MOBILE /Age gate and burger menu/Date'  using regular expression

2019-07-02 16:37:55 - [MESSAGE][PASSED] - All options with value '12' are selected in object 'Object Repository/OCS-MOBILE /Age gate and burger menu/Date'  using regular expression

2019-07-02 16:37:55 - [TEST_STEP][PASSED] - selectOptionByValue(findTestObject("OCS-MOBILE /Age gate and burger menu/month"), "6", true): All options with value '6' are selected in object 'Object Repository/OCS-MOBILE /Age gate and burger menu/month'  using regular expression

2019-07-02 16:37:55 - [MESSAGE][PASSED] - All options with value '6' are selected in object 'Object Repository/OCS-MOBILE /Age gate and burger menu/month'  using regular expression

2019-07-02 16:37:55 - [TEST_STEP][PASSED] - delay(2): Delayed 2 second(s)

2019-07-02 16:37:57 - [MESSAGE][PASSED] - Delayed 2 second(s)

2019-07-02 16:37:57 - [TEST_STEP][PASSED] - selectOptionByValue(findTestObject("OCS-MOBILE /Age gate and burger menu/Year Dropdown"), "1990", true): All options with value '1990' are selected in object 'Object Repository/OCS-MOBILE /Age gate and burger menu/Year Dropdown'  using regular expression

2019-07-02 16:37:58 - [MESSAGE][PASSED] - All options with value '1990' are selected in object 'Object Repository/OCS-MOBILE /Age gate and burger menu/Year Dropdown'  using regular expression

2019-07-02 16:37:58 - [TEST_STEP][PASSED] - click(findTestObject("OCS-MOBILE /Age gate and Mega menu/button_Verify")): Object: 'Object Repository/OCS-MOBILE /Age gate and Mega menu/button_Verify' is clicked on

2019-07-02 16:37:58 - [MESSAGE][PASSED] - Object: 'Object Repository/OCS-MOBILE /Age gate and Mega menu/button_Verify' is clicked on

2019-07-02 16:37:58 - [TEST_STEP][PASSED] - click(findTestObject("OCS-MOBILE /Age gate and Mega menu/Checkbox_CONFIRM AND ACKNOWLEDGE")): Object: 'Object Repository/OCS-MOBILE /Age gate and Mega menu/Checkbox_CONFIRM AND ACKNOWLEDGE' is clicked on

2019-07-02 16:37:58 - [MESSAGE][PASSED] - Object: 'Object Repository/OCS-MOBILE /Age gate and Mega menu/Checkbox_CONFIRM AND ACKNOWLEDGE' is clicked on

2019-07-02 16:37:58 - [TEST_STEP][PASSED] - click(findTestObject("OCS-MOBILE /Age gate and Mega menu/button_CONFIRM")): Object: 'Object Repository/OCS-MOBILE /Age gate and Mega menu/button_CONFIRM' is clicked on

2019-07-02 16:37:58 - [MESSAGE][PASSED] - Object: 'Object Repository/OCS-MOBILE /Age gate and Mega menu/button_CONFIRM' is clicked on

2019-07-02 16:37:58 - [TEST_STEP][PASSED] - click(findTestObject("OCS-MOBILE /Age gate and Mega menu/button_Start Browsing")): Object: 'Object Repository/OCS-MOBILE /Age gate and Mega menu/button_Start Browsing' is clicked on

2019-07-02 16:37:59 - [MESSAGE][PASSED] - Object: 'Object Repository/OCS-MOBILE /Age gate and Mega menu/button_Start Browsing' is clicked on

2019-07-02 16:37:59 - [TEST_STEP][PASSED] - refresh(): Refresh successfully

2019-07-02 16:37:59 - [MESSAGE][PASSED] - Refresh successfully

2019-07-02 16:37:59 - [TEST_STEP][PASSED] - executeJavaScript("var previewBar = document.getElementById("preview-bar-iframe"); previewBar.style.display = "none";", []): Execute JavaScript 'var previewBar = document.getElementById("preview-bar-iframe"); previewBar.style.display = "none";' successfully

2019-07-02 16:38:02 - [MESSAGE][PASSED] - Execute JavaScript 'var previewBar = document.getElementById("preview-bar-iframe"); previewBar.style.display = "none";' successfully

2019-07-02 16:38:02 - [MESSAGE][PASSED] - Call Test Case 'Test Cases/OCS - MOBILE/CALL - AGE GATE' successfully

2019-07-02 16:38:02 - [TEST_STEP][PASSED] - delay(2): Delayed 2 second(s)

2019-07-02 16:38:04 - [MESSAGE][PASSED] - Delayed 2 second(s)

2019-07-02 16:38:04 - [TEST_STEP][PASSED] - click(findTestObject("OCS-MOBILE /Age gate and burger menu/Burger menu - English")): Object: 'Object Repository/OCS-MOBILE /Age gate and burger menu/Burger menu - English' is clicked on

2019-07-02 16:38:04 - [MESSAGE][PASSED] - Object: 'Object Repository/OCS-MOBILE /Age gate and burger menu/Burger menu - English' is clicked on

2019-07-02 16:38:04 - [TEST_STEP][PASSED] - delay(2): Delayed 2 second(s)

2019-07-02 16:38:06 - [MESSAGE][PASSED] - Delayed 2 second(s)

2019-07-02 16:38:06 - [TEST_STEP][PASSED] - click(findTestObject("OCS-MOBILE /Age gate and burger menu/Chevron_Cannabis")): Object: 'Object Repository/OCS-MOBILE /Age gate and burger menu/Chevron_Cannabis' is clicked on

2019-07-02 16:38:06 - [MESSAGE][PASSED] - Object: 'Object Repository/OCS-MOBILE /Age gate and burger menu/Chevron_Cannabis' is clicked on

2019-07-02 16:38:06 - [TEST_STEP][PASSED] - delay(2): Delayed 2 second(s)

2019-07-02 16:38:08 - [MESSAGE][PASSED] - Delayed 2 second(s)

2019-07-02 16:38:08 - [TEST_STEP][PASSED] - click(findTestObject("OCS-MOBILE /Age gate and burger menu/Dried Flower_Plus icon")): Object: 'Object Repository/OCS-MOBILE /Age gate and burger menu/Dried Flower_Plus icon' is clicked on

2019-07-02 16:38:08 - [MESSAGE][PASSED] - Object: 'Object Repository/OCS-MOBILE /Age gate and burger menu/Dried Flower_Plus icon' is clicked on

2019-07-02 16:38:08 - [TEST_STEP][PASSED] - delay(2): Delayed 2 second(s)

2019-07-02 16:38:10 - [MESSAGE][PASSED] - Delayed 2 second(s)

2019-07-02 16:38:10 - [TEST_STEP][PASSED] - click(findTestObject("OCS-MOBILE /Age gate and burger menu/Indica Dominant_Menu item")): Object: 'Object Repository/OCS-MOBILE /Age gate and burger menu/Indica Dominant_Menu item' is clicked on

2019-07-02 16:38:12 - [MESSAGE][PASSED] - Object: 'Object Repository/OCS-MOBILE /Age gate and burger menu/Indica Dominant_Menu item' is clicked on

2019-07-02 16:38:12 - [TEST_STEP][PASSED] - delay(2): Delayed 2 second(s)

2019-07-02 16:38:14 - [MESSAGE][PASSED] - Delayed 2 second(s)

2019-07-02 16:38:14 - [TEST_STEP][PASSED] - executeJavaScript("var previewBar = document.getElementById("preview-bar-iframe"); previewBar.style.display = "none";", []): Execute JavaScript 'var previewBar = document.getElementById("preview-bar-iframe"); previewBar.style.display = "none";' successfully

2019-07-02 16:38:14 - [MESSAGE][PASSED] - Execute JavaScript 'var previewBar = document.getElementById("preview-bar-iframe"); previewBar.style.display = "none";' successfully

2019-07-02 16:38:14 - [TEST_STEP][PASSED] - click(findTestObject("OCS-MOBILE /Collection page/Product image - 1st one")): Object: 'Object Repository/OCS-MOBILE /Collection page/Product image - 1st one' is clicked on

2019-07-02 16:38:18 - [MESSAGE][PASSED] - Object: 'Object Repository/OCS-MOBILE /Collection page/Product image - 1st one' is clicked on

2019-07-02 16:38:18 - [TEST_STEP][PASSED] - executeJavaScript("var previewBar = document.getElementById("preview-bar-iframe"); previewBar.style.display = "none";", []): Execute JavaScript 'var previewBar = document.getElementById("preview-bar-iframe"); previewBar.style.display = "none";' successfully

2019-07-02 16:38:18 - [MESSAGE][PASSED] - Execute JavaScript 'var previewBar = document.getElementById("preview-bar-iframe"); previewBar.style.display = "none";' successfully

2019-07-02 16:38:18 - [TEST_STEP][NOT_RUN] - scrollToElement(findTestObject("OCS-MOBILE /Product page/Product image"), 1): NOT_RUN: scrollToElement(findTestObject("OCS-MOBILE /Product page/Product image"), 1)

2019-07-02 16:38:18 - [MESSAGE][NOT_RUN] - NOT_RUN: scrollToElement(findTestObject("OCS-MOBILE /Product page/Product image"), 1)

2019-07-02 16:38:18 - [TEST_STEP][PASSED] - delay(2): Delayed 2 second(s)

2019-07-02 16:38:20 - [MESSAGE][PASSED] - Delayed 2 second(s)

2019-07-02 16:38:20 - [TEST_STEP][PASSED] - flag = verifyElementPresent(findTestObject("OCS-MOBILE /Product page/Swatch_3.5g"), 0): Object 'Object Repository/OCS-MOBILE /Product page/Swatch_3.5g' is present

2019-07-02 16:38:20 - [MESSAGE][WARNING] - Timeout '0' is invalid. Using default page load timeout: '30'

2019-07-02 16:38:20 - [MESSAGE][PASSED] - Object 'Object Repository/OCS-MOBILE /Product page/Swatch_3.5g' is present

2019-07-02 16:38:20 - [TEST_STEP][PASSED] - comment(" flag=" + flag):  flag=true

2019-07-02 16:38:20 - [MESSAGE][INFO] -  flag=true

2019-07-02 16:38:20 - [TEST_STEP][PASSED] - takeScreenshot(): Taking screenshot successfully

2019-07-02 16:38:20 - [MESSAGE][PASSED] - Taking screenshot successfully
[[ATTACHMENT|/Users/sumankompelly/Relative xpath-Mobile/Reports/1.11.1/20190702_161421/1562099900573.png]]

2019-07-02 16:38:20 - [TEST_STEP][PASSED] - if (flag == true): Delayed 2 second(s)

2019-07-02 16:38:20 - [TEST_STEP][NOT_RUN] - scrollToElement(findTestObject("OCS-MOBILE /Product page/Swatch_3.5g"), 1): NOT_RUN: scrollToElement(findTestObject("OCS-MOBILE /Product page/Swatch_3.5g"), 1)

2019-07-02 16:38:20 - [MESSAGE][NOT_RUN] - NOT_RUN: scrollToElement(findTestObject("OCS-MOBILE /Product page/Swatch_3.5g"), 1)

2019-07-02 16:38:20 - [TEST_STEP][PASSED] - click(findTestObject("OCS-MOBILE /Product page/Swatch_3.5g"), CONTINUE_ON_FAILURE): Object: 'Object Repository/OCS-MOBILE /Product page/Swatch_3.5g' is clicked on

2019-07-02 16:38:20 - [MESSAGE][PASSED] - Object: 'Object Repository/OCS-MOBILE /Product page/Swatch_3.5g' is clicked on

2019-07-02 16:38:20 - [TEST_STEP][PASSED] - delay(2): Delayed 2 second(s)

2019-07-02 16:38:22 - [MESSAGE][PASSED] - Delayed 2 second(s)

2019-07-02 16:38:22 - [TEST_STEP][PASSED] - executeJavaScript("var previewBar = document.getElementById("preview-bar-iframe"); previewBar.style.display = "none";", []): Execute JavaScript 'var previewBar = document.getElementById("preview-bar-iframe"); previewBar.style.display = "none";' successfully

2019-07-02 16:38:22 - [MESSAGE][PASSED] - Execute JavaScript 'var previewBar = document.getElementById("preview-bar-iframe"); previewBar.style.display = "none";' successfully

2019-07-02 16:38:22 - [TEST_STEP][PASSED] - delay(1, OPTIONAL): Delayed 1 second(s)

2019-07-02 16:38:23 - [MESSAGE][PASSED] - Delayed 1 second(s)

2019-07-02 16:38:23 - [TEST_STEP][PASSED] - click(findTestObject("OCS-MOBILE /Product page/Add to Bag-button")): Object: 'Object Repository/OCS-MOBILE /Product page/Add to Bag-button' is clicked on

2019-07-02 16:38:24 - [MESSAGE][PASSED] - Object: 'Object Repository/OCS-MOBILE /Product page/Add to Bag-button' is clicked on

2019-07-02 16:38:24 - [TEST_STEP][PASSED] - delay(1): Delayed 1 second(s)

2019-07-02 16:38:25 - [MESSAGE][PASSED] - Delayed 1 second(s)

2019-07-02 16:38:25 - [TEST_STEP][NOT_RUN] - click(findTestObject("OCS-MOBILE /Cart flyout/Back icon")): NOT_RUN: click(findTestObject("OCS-MOBILE /Cart flyout/Back icon"))

2019-07-02 16:38:25 - [MESSAGE][NOT_RUN] - NOT_RUN: click(findTestObject("OCS-MOBILE /Cart flyout/Back icon"))

2019-07-02 16:38:25 - [TEST_STEP][PASSED] - delay(2): Delayed 2 second(s)

2019-07-02 16:38:27 - [MESSAGE][PASSED] - Delayed 2 second(s)

2019-07-02 16:38:27 - [TEST_STEP][PASSED] - click(findTestObject("OCS-MOBILE /Age gate and burger menu/Burger menu - English")): Object: 'Object Repository/OCS-MOBILE /Age gate and burger menu/Burger menu - English' is clicked on

2019-07-02 16:38:27 - [MESSAGE][PASSED] - Object: 'Object Repository/OCS-MOBILE /Age gate and burger menu/Burger menu - English' is clicked on

2019-07-02 16:38:27 - [TEST_STEP][PASSED] - delay(2): Delayed 2 second(s)

2019-07-02 16:38:29 - [MESSAGE][PASSED] - Delayed 2 second(s)

2019-07-02 16:38:29 - [TEST_STEP][PASSED] - click(findTestObject("OCS-MOBILE /Age gate and burger menu/Chevron_Cannabis")): Object: 'Object Repository/OCS-MOBILE /Age gate and burger menu/Chevron_Cannabis' is clicked on

2019-07-02 16:38:29 - [MESSAGE][PASSED] - Object: 'Object Repository/OCS-MOBILE /Age gate and burger menu/Chevron_Cannabis' is clicked on

2019-07-02 16:38:29 - [TEST_STEP][PASSED] - delay(2): Delayed 2 second(s)

2019-07-02 16:38:31 - [MESSAGE][PASSED] - Delayed 2 second(s)

2019-07-02 16:38:31 - [TEST_STEP][PASSED] - click(findTestObject("OCS-MOBILE /Cannabis page/Dried flower")): Object: 'Object Repository/OCS-MOBILE /Cannabis page/Dried flower' is clicked on

2019-07-02 16:38:31 - [MESSAGE][PASSED] - Object: 'Object Repository/OCS-MOBILE /Cannabis page/Dried flower' is clicked on

2019-07-02 16:38:31 - [TEST_STEP][PASSED] - delay(2): Delayed 2 second(s)

2019-07-02 16:38:33 - [MESSAGE][PASSED] - Delayed 2 second(s)

2019-07-02 16:38:33 - [TEST_STEP][PASSED] - click(findTestObject("OCS-MOBILE /Age gate and burger menu/Indica Dominant_Menu item")): Object: 'Object Repository/OCS-MOBILE /Age gate and burger menu/Indica Dominant_Menu item' is clicked on

2019-07-02 16:38:38 - [MESSAGE][PASSED] - Object: 'Object Repository/OCS-MOBILE /Age gate and burger menu/Indica Dominant_Menu item' is clicked on

2019-07-02 16:38:38 - [TEST_STEP][PASSED] - delay(2): Delayed 2 second(s)

2019-07-02 16:38:40 - [MESSAGE][PASSED] - Delayed 2 second(s)

2019-07-02 16:38:40 - [TEST_STEP][PASSED] - scrollToElement(findTestObject("OCS-MOBILE /Collection page/Product image - 1st one"), 1): Scroll to object 'Object Repository/OCS-MOBILE /Collection page/Product image - 1st one' successfully

2019-07-02 16:38:40 - [MESSAGE][PASSED] - Scroll to object 'Object Repository/OCS-MOBILE /Collection page/Product image - 1st one' successfully

2019-07-02 16:38:40 - [TEST_STEP][PASSED] - delay(1): Delayed 1 second(s)

2019-07-02 16:38:41 - [MESSAGE][PASSED] - Delayed 1 second(s)

2019-07-02 16:38:41 - [TEST_STEP][PASSED] - navigateToUrl("https://ocs.ca/products/dream-weaver"): Navigate to 'https://ocs.ca/products/dream-weaver' successfully

2019-07-02 16:38:46 - [MESSAGE][PASSED] - Navigate to 'https://ocs.ca/products/dream-weaver' successfully

2019-07-02 16:38:46 - [TEST_STEP][NOT_RUN] - click(findTestObject("OCS-MOBILE /Collection page/Product image - 2nd one")): NOT_RUN: click(findTestObject("OCS-MOBILE /Collection page/Product image - 2nd one"))

2019-07-02 16:38:46 - [MESSAGE][NOT_RUN] - NOT_RUN: click(findTestObject("OCS-MOBILE /Collection page/Product image - 2nd one"))

2019-07-02 16:38:46 - [TEST_STEP][PASSED] - delay(2): Delayed 2 second(s)

2019-07-02 16:38:48 - [MESSAGE][PASSED] - Delayed 2 second(s)

2019-07-02 16:38:48 - [TEST_STEP][NOT_RUN] - scrollToElement(findTestObject("OCS-MOBILE /Product page/Product image"), 1): NOT_RUN: scrollToElement(findTestObject("OCS-MOBILE /Product page/Product image"), 1)

2019-07-02 16:38:48 - [MESSAGE][NOT_RUN] - NOT_RUN: scrollToElement(findTestObject("OCS-MOBILE /Product page/Product image"), 1)

2019-07-02 16:38:48 - [TEST_STEP][PASSED] - delay(2): Delayed 2 second(s)

2019-07-02 16:38:50 - [MESSAGE][PASSED] - Delayed 2 second(s)

2019-07-02 16:38:50 - [TEST_STEP][PASSED] - executeJavaScript("var previewBar = document.getElementById("preview-bar-iframe"); previewBar.style.display = "none";", []): Execute JavaScript 'var previewBar = document.getElementById("preview-bar-iframe"); previewBar.style.display = "none";' successfully

2019-07-02 16:38:50 - [MESSAGE][PASSED] - Execute JavaScript 'var previewBar = document.getElementById("preview-bar-iframe"); previewBar.style.display = "none";' successfully

2019-07-02 16:38:50 - [TEST_STEP][PASSED] - scrollToElement(findTestObject("OCS-MOBILE /Product page/Swatch_3.5g"), 1): Scroll to object 'Object Repository/OCS-MOBILE /Product page/Swatch_3.5g' successfully

2019-07-02 16:38:50 - [MESSAGE][PASSED] - Scroll to object 'Object Repository/OCS-MOBILE /Product page/Swatch_3.5g' successfully

2019-07-02 16:38:50 - [TEST_STEP][PASSED] - delay(2): Delayed 2 second(s)

2019-07-02 16:38:52 - [MESSAGE][PASSED] - Delayed 2 second(s)

2019-07-02 16:38:52 - [TEST_STEP][FAILED] - click(findTestObject("OCS-MOBILE /Product page/Swatch_1g")): click(findTestObject("OCS-MOBILE /Product page/Swatch_1g")) FAILED.
Reason:
com.kms.katalon.core.exception.StepFailedException: Unable to click on object 'Object Repository/OCS-MOBILE /Product page/Swatch_1g' (Root cause: org.openqa.selenium.WebDriverException: unknown error: Element <span class="swatch__title">...</span> is not clickable at point (41, 10). Other element would receive the click: <a class="logo" href="https://ocs.ca">...</a>
  (Session info: chrome=75.0.3770.100)
  (Driver info: chromedriver=2.43.600229 (3fae4d0cda5334b4f533bede5a4787f7b832d052),platform=Mac OS X 10.13.6 x86_64) (WARNING: The server did not provide any stacktrace information)
Command duration or timeout: 0 milliseconds
Build info: version: '3.7.1', revision: '8a0099a', time: '2017-11-06T21:07:36.161Z'
System info: host: 'sumans-MacBook-Pro.local', ip: 'fe80:0:0:0:98:5ae9:edb9:537f%en0', os.name: 'Mac OS X', os.arch: 'x86_64', os.version: '10.13.6', java.version: '1.8.0_181'
Driver info: com.kms.katalon.selenium.driver.CChromeDriver
Capabilities {acceptInsecureCerts: false, acceptSslCerts: false, applicationCacheEnabled: false, browserConnectionEnabled: false, browserName: chrome, chrome: {chromedriverVersion: 2.43.600229 (3fae4d0cda5334..., userDataDir: /var/folders/1t/c55l8xzs6gq...}, cssSelectorsEnabled: true, databaseEnabled: false, goog:chromeOptions: {debuggerAddress: localhost:61872}, handlesAlerts: true, hasTouchScreen: false, javascriptEnabled: true, locationContextEnabled: true, mobileEmulationEnabled: false, nativeEvents: true, networkConnectionEnabled: false, pageLoadStrategy: normal, platform: MAC, platformName: MAC, rotatable: false, setWindowRect: true, takesHeapSnapshot: true, takesScreenshot: true, unexpectedAlertBehaviour: , unhandledPromptBehavior: , version: 75.0.3770.100, webStorageEnabled: true}
Session ID: bd897bb63a12de5fc1f2c366347b8cc7)
	at com.kms.katalon.core.keyword.internal.KeywordMain.stepFailed(KeywordMain.groovy:36)
	at com.kms.katalon.core.webui.keyword.internal.WebUIKeywordMain.stepFailed(WebUIKeywordMain.groovy:65)
	at com.kms.katalon.core.webui.keyword.internal.WebUIKeywordMain.runKeyword(WebUIKeywordMain.groovy:27)
	at com.kms.katalon.core.webui.keyword.builtin.ClickKeyword.click(ClickKeyword.groovy:86)
	at com.kms.katalon.core.webui.keyword.builtin.ClickKeyword.execute(ClickKeyword.groovy:67)
	at com.kms.katalon.core.keyword.internal.KeywordExecutor.executeKeywordForPlatform(KeywordExecutor.groovy:53)
	at com.kms.katalon.core.webui.keyword.WebUiBuiltInKeywords.click(WebUiBuiltInKeywords.groovy:616)
	at com.kms.katalon.core.webui.keyword.WebUiBuiltInKeywords$click$4.call(Unknown Source)
	at Cart flyout-price comparison.run(Cart flyout-price comparison:122)
	at com.kms.katalon.core.main.ScriptEngine.run(ScriptEngine.java:194)
	at com.kms.katalon.core.main.ScriptEngine.runScriptAsRawText(ScriptEngine.java:119)
	at com.kms.katalon.core.main.TestCaseExecutor.runScript(TestCaseExecutor.java:328)
	at com.kms.katalon.core.main.TestCaseExecutor.doExecute(TestCaseExecutor.java:319)
	at com.kms.katalon.core.main.TestCaseExecutor.processExecutionPhase(TestCaseExecutor.java:298)
	at com.kms.katalon.core.main.TestCaseExecutor.accessMainPhase(TestCaseExecutor.java:290)
	at com.kms.katalon.core.main.TestCaseExecutor.execute(TestCaseExecutor.java:224)
	at com.kms.katalon.core.main.TestSuiteExecutor.accessTestCaseMainPhase(TestSuiteExecutor.java:129)
	at com.kms.katalon.core.main.TestSuiteExecutor.accessTestSuiteMainPhase(TestSuiteExecutor.java:112)
	at com.kms.katalon.core.main.TestSuiteExecutor.execute(TestSuiteExecutor.java:81)
	at com.kms.katalon.core.main.TestCaseMain.startTestSuite(TestCaseMain.java:149)
	at com.kms.katalon.core.main.TestCaseMain$startTestSuite$0.call(Unknown Source)
	at TempTestSuite1562098461396.run(TempTestSuite1562098461396.groovy:36)


2019-07-02 16:38:52 - [MESSAGE][FAILED] - Unable to click on object 'Object Repository/OCS-MOBILE /Product page/Swatch_1g' (Root cause: org.openqa.selenium.WebDriverException: unknown error: Element <span class="swatch__title">...</span> is not clickable at point (41, 10). Other element would receive the click: <a class="logo" href="https://ocs.ca">...</a>
  (Session info: chrome=75.0.3770.100)
  (Driver info: chromedriver=2.43.600229 (3fae4d0cda5334b4f533bede5a4787f7b832d052),platform=Mac OS X 10.13.6 x86_64) (WARNING: The server did not provide any stacktrace information)
Command duration or timeout: 0 milliseconds
Build info: version: '3.7.1', revision: '8a0099a', time: '2017-11-06T21:07:36.161Z'
System info: host: 'sumans-MacBook-Pro.local', ip: 'fe80:0:0:0:98:5ae9:edb9:537f%en0', os.name: 'Mac OS X', os.arch: 'x86_64', os.version: '10.13.6', java.version: '1.8.0_181'
Driver info: com.kms.katalon.selenium.driver.CChromeDriver
Capabilities {acceptInsecureCerts: false, acceptSslCerts: false, applicationCacheEnabled: false, browserConnectionEnabled: false, browserName: chrome, chrome: {chromedriverVersion: 2.43.600229 (3fae4d0cda5334..., userDataDir: /var/folders/1t/c55l8xzs6gq...}, cssSelectorsEnabled: true, databaseEnabled: false, goog:chromeOptions: {debuggerAddress: localhost:61872}, handlesAlerts: true, hasTouchScreen: false, javascriptEnabled: true, locationContextEnabled: true, mobileEmulationEnabled: false, nativeEvents: true, networkConnectionEnabled: false, pageLoadStrategy: normal, platform: MAC, platformName: MAC, rotatable: false, setWindowRect: true, takesHeapSnapshot: true, takesScreenshot: true, unexpectedAlertBehaviour: , unhandledPromptBehavior: , version: 75.0.3770.100, webStorageEnabled: true}
Session ID: bd897bb63a12de5fc1f2c366347b8cc7)
[[ATTACHMENT|/Users/sumankompelly/Relative xpath-Mobile/Reports/1.11.1/20190702_161421/1562099932560.png]]

2019-07-02 16:38:52 - [MESSAGE][FAILED] - click(findTestObject("OCS-MOBILE /Product page/Swatch_1g")) FAILED.
Reason:
com.kms.katalon.core.exception.StepFailedException: Unable to click on object 'Object Repository/OCS-MOBILE /Product page/Swatch_1g' (Root cause: org.openqa.selenium.WebDriverException: unknown error: Element <span class="swatch__title">...</span> is not clickable at point (41, 10). Other element would receive the click: <a class="logo" href="https://ocs.ca">...</a>
  (Session info: chrome=75.0.3770.100)
  (Driver info: chromedriver=2.43.600229 (3fae4d0cda5334b4f533bede5a4787f7b832d052),platform=Mac OS X 10.13.6 x86_64) (WARNING: The server did not provide any stacktrace information)
Command duration or timeout: 0 milliseconds
Build info: version: '3.7.1', revision: '8a0099a', time: '2017-11-06T21:07:36.161Z'
System info: host: 'sumans-MacBook-Pro.local', ip: 'fe80:0:0:0:98:5ae9:edb9:537f%en0', os.name: 'Mac OS X', os.arch: 'x86_64', os.version: '10.13.6', java.version: '1.8.0_181'
Driver info: com.kms.katalon.selenium.driver.CChromeDriver
Capabilities {acceptInsecureCerts: false, acceptSslCerts: false, applicationCacheEnabled: false, browserConnectionEnabled: false, browserName: chrome, chrome: {chromedriverVersion: 2.43.600229 (3fae4d0cda5334..., userDataDir: /var/folders/1t/c55l8xzs6gq...}, cssSelectorsEnabled: true, databaseEnabled: false, goog:chromeOptions: {debuggerAddress: localhost:61872}, handlesAlerts: true, hasTouchScreen: false, javascriptEnabled: true, locationContextEnabled: true, mobileEmulationEnabled: false, nativeEvents: true, networkConnectionEnabled: false, pageLoadStrategy: normal, platform: MAC, platformName: MAC, rotatable: false, setWindowRect: true, takesHeapSnapshot: true, takesScreenshot: true, unexpectedAlertBehaviour: , unhandledPromptBehavior: , version: 75.0.3770.100, webStorageEnabled: true}
Session ID: bd897bb63a12de5fc1f2c366347b8cc7)
	at com.kms.katalon.core.keyword.internal.KeywordMain.stepFailed(KeywordMain.groovy:36)
	at com.kms.katalon.core.webui.keyword.internal.WebUIKeywordMain.stepFailed(WebUIKeywordMain.groovy:65)
	at com.kms.katalon.core.webui.keyword.internal.WebUIKeywordMain.runKeyword(WebUIKeywordMain.groovy:27)
	at com.kms.katalon.core.webui.keyword.builtin.ClickKeyword.click(ClickKeyword.groovy:86)
	at com.kms.katalon.core.webui.keyword.builtin.ClickKeyword.execute(ClickKeyword.groovy:67)
	at com.kms.katalon.core.keyword.internal.KeywordExecutor.executeKeywordForPlatform(KeywordExecutor.groovy:53)
	at com.kms.katalon.core.webui.keyword.WebUiBuiltInKeywords.click(WebUiBuiltInKeywords.groovy:616)
	at com.kms.katalon.core.webui.keyword.WebUiBuiltInKeywords$click$4.call(Unknown Source)
	at Cart flyout-price comparison.run(Cart flyout-price comparison:122)
	at com.kms.katalon.core.main.ScriptEngine.run(ScriptEngine.java:194)
	at com.kms.katalon.core.main.ScriptEngine.runScriptAsRawText(ScriptEngine.java:119)
	at com.kms.katalon.core.main.TestCaseExecutor.runScript(TestCaseExecutor.java:328)
	at com.kms.katalon.core.main.TestCaseExecutor.doExecute(TestCaseExecutor.java:319)
	at com.kms.katalon.core.main.TestCaseExecutor.processExecutionPhase(TestCaseExecutor.java:298)
	at com.kms.katalon.core.main.TestCaseExecutor.accessMainPhase(TestCaseExecutor.java:290)
	at com.kms.katalon.core.main.TestCaseExecutor.execute(TestCaseExecutor.java:224)
	at com.kms.katalon.core.main.TestSuiteExecutor.accessTestCaseMainPhase(TestSuiteExecutor.java:129)
	at com.kms.katalon.core.main.TestSuiteExecutor.accessTestSuiteMainPhase(TestSuiteExecutor.java:112)
	at com.kms.katalon.core.main.TestSuiteExecutor.execute(TestSuiteExecutor.java:81)
	at com.kms.katalon.core.main.TestCaseMain.startTestSuite(TestCaseMain.java:149)
	at com.kms.katalon.core.main.TestCaseMain$startTestSuite$0.call(Unknown Source)
	at TempTestSuite1562098461396.run(TempTestSuite1562098461396.groovy:36)]]></system-out>
         <system-err><![CDATA[2019-07-02 16:37:45 - [TEST_CASE][FAILED] - Test Cases/OCS - MOBILE/OCS- CRITICAL PATH/Cart flyout-price comparison: Test Cases/OCS - MOBILE/OCS- CRITICAL PATH/Cart flyout-price comparison FAILED.
Reason:
com.kms.katalon.core.exception.StepFailedException: Unable to click on object 'Object Repository/OCS-MOBILE /Product page/Swatch_1g' (Root cause: org.openqa.selenium.WebDriverException: unknown error: Element <span class="swatch__title">...</span> is not clickable at point (41, 10). Other element would receive the click: <a class="logo" href="https://ocs.ca">...</a>
  (Session info: chrome=75.0.3770.100)
  (Driver info: chromedriver=2.43.600229 (3fae4d0cda5334b4f533bede5a4787f7b832d052),platform=Mac OS X 10.13.6 x86_64) (WARNING: The server did not provide any stacktrace information)
Command duration or timeout: 0 milliseconds
Build info: version: '3.7.1', revision: '8a0099a', time: '2017-11-06T21:07:36.161Z'
System info: host: 'sumans-MacBook-Pro.local', ip: 'fe80:0:0:0:98:5ae9:edb9:537f%en0', os.name: 'Mac OS X', os.arch: 'x86_64', os.version: '10.13.6', java.version: '1.8.0_181'
Driver info: com.kms.katalon.selenium.driver.CChromeDriver
Capabilities {acceptInsecureCerts: false, acceptSslCerts: false, applicationCacheEnabled: false, browserConnectionEnabled: false, browserName: chrome, chrome: {chromedriverVersion: 2.43.600229 (3fae4d0cda5334..., userDataDir: /var/folders/1t/c55l8xzs6gq...}, cssSelectorsEnabled: true, databaseEnabled: false, goog:chromeOptions: {debuggerAddress: localhost:61872}, handlesAlerts: true, hasTouchScreen: false, javascriptEnabled: true, locationContextEnabled: true, mobileEmulationEnabled: false, nativeEvents: true, networkConnectionEnabled: false, pageLoadStrategy: normal, platform: MAC, platformName: MAC, rotatable: false, setWindowRect: true, takesHeapSnapshot: true, takesScreenshot: true, unexpectedAlertBehaviour: , unhandledPromptBehavior: , version: 75.0.3770.100, webStorageEnabled: true}
Session ID: bd897bb63a12de5fc1f2c366347b8cc7)
	at com.kms.katalon.core.keyword.internal.KeywordMain.stepFailed(KeywordMain.groovy:36)
	at com.kms.katalon.core.webui.keyword.internal.WebUIKeywordMain.stepFailed(WebUIKeywordMain.groovy:65)
	at com.kms.katalon.core.webui.keyword.internal.WebUIKeywordMain.runKeyword(WebUIKeywordMain.groovy:27)
	at com.kms.katalon.core.webui.keyword.builtin.ClickKeyword.click(ClickKeyword.groovy:86)
	at com.kms.katalon.core.webui.keyword.builtin.ClickKeyword.execute(ClickKeyword.groovy:67)
	at com.kms.katalon.core.keyword.internal.KeywordExecutor.executeKeywordForPlatform(KeywordExecutor.groovy:53)
	at com.kms.katalon.core.webui.keyword.WebUiBuiltInKeywords.click(WebUiBuiltInKeywords.groovy:616)
	at com.kms.katalon.core.webui.keyword.WebUiBuiltInKeywords$click$4.call(Unknown Source)
	at Cart flyout-price comparison.run(Cart flyout-price comparison:122)
	at com.kms.katalon.core.main.ScriptEngine.run(ScriptEngine.java:194)
	at com.kms.katalon.core.main.ScriptEngine.runScriptAsRawText(ScriptEngine.java:119)
	at com.kms.katalon.core.main.TestCaseExecutor.runScript(TestCaseExecutor.java:328)
	at com.kms.katalon.core.main.TestCaseExecutor.doExecute(TestCaseExecutor.java:319)
	at com.kms.katalon.core.main.TestCaseExecutor.processExecutionPhase(TestCaseExecutor.java:298)
	at com.kms.katalon.core.main.TestCaseExecutor.accessMainPhase(TestCaseExecutor.java:290)
	at com.kms.katalon.core.main.TestCaseExecutor.execute(TestCaseExecutor.java:224)
	at com.kms.katalon.core.main.TestSuiteExecutor.accessTestCaseMainPhase(TestSuiteExecutor.java:129)
	at com.kms.katalon.core.main.TestSuiteExecutor.accessTestSuiteMainPhase(TestSuiteExecutor.java:112)
	at com.kms.katalon.core.main.TestSuiteExecutor.execute(TestSuiteExecutor.java:81)
	at com.kms.katalon.core.main.TestCaseMain.startTestSuite(TestCaseMain.java:149)
	at com.kms.katalon.core.main.TestCaseMain$startTestSuite$0.call(Unknown Source)
	at TempTestSuite1562098461396.run(TempTestSuite1562098461396.groovy:36)]]></system-err>
      </testcase>
      <testcase name="Test Cases/OCS - MOBILE/OCS- CRITICAL PATH/Checkout - Shipping" classname="Test Cases/OCS - MOBILE/OCS- CRITICAL PATH/Checkout - Shipping" status="PASSED">
         <system-out><![CDATA[2019-07-02 16:38:52 - [TEST_CASE][PASSED] - Test Cases/OCS - MOBILE/OCS- CRITICAL PATH/Checkout - Shipping: Test Cases/OCS - MOBILE/OCS- CRITICAL PATH/Checkout - Shipping

2019-07-02 16:38:52 - [TEST_STEP][PASSED] - callTestCase(findTestCase("OCS - MOBILE/CALL - AGE GATE"), [:], STOP_ON_FAILURE): Call Test Case 'Test Cases/OCS - MOBILE/CALL - AGE GATE' successfully

2019-07-02 16:38:52 - [TEST_CASE][PASSED] - Test Cases/OCS - MOBILE/CALL - AGE GATE: Test Cases/OCS - MOBILE/CALL - AGE GATE

2019-07-02 16:38:52 - [TEST_STEP][PASSED] - openBrowser(""): Browser is opened with url: ''

2019-07-02 16:38:52 - [MESSAGE][WARNING] - A browser is already opened. Closing browser and opening a new one

2019-07-02 16:38:53 - [MESSAGE][INFO] - Starting 'Chrome' driver

2019-07-02 16:38:54 - [MESSAGE][PASSED] - Browser is opened with url: ''

2019-07-02 16:38:54 - [TEST_STEP][PASSED] - navigateToUrl("https://ocs.ca/?fts=0&preview_theme_id=74203301708"): Navigate to 'https://ocs.ca/?fts=0&preview_theme_id=74203301708' successfully

2019-07-02 16:38:59 - [MESSAGE][PASSED] - Navigate to 'https://ocs.ca/?fts=0&preview_theme_id=74203301708' successfully

2019-07-02 16:38:59 - [TEST_STEP][PASSED] - executeJavaScript("var previewBar = document.getElementById("preview-bar-iframe"); previewBar.style.display = "none";", []): Execute JavaScript 'var previewBar = document.getElementById("preview-bar-iframe"); previewBar.style.display = "none";' successfully

2019-07-02 16:38:59 - [MESSAGE][PASSED] - Execute JavaScript 'var previewBar = document.getElementById("preview-bar-iframe"); previewBar.style.display = "none";' successfully

2019-07-02 16:38:59 - [TEST_STEP][PASSED] - setViewPortSize(360, 800): Viewport is set to new size with width = 360 and height = 800

2019-07-02 16:39:00 - [MESSAGE][PASSED] - Viewport is set to new size with width = 360 and height = 800

2019-07-02 16:39:00 - [TEST_STEP][PASSED] - delay(4): Delayed 4 second(s)

2019-07-02 16:39:04 - [MESSAGE][PASSED] - Delayed 4 second(s)

2019-07-02 16:39:04 - [TEST_STEP][PASSED] - selectOptionByValue(findTestObject("OCS-MOBILE /Age gate and burger menu/Date"), "12", true): All options with value '12' are selected in object 'Object Repository/OCS-MOBILE /Age gate and burger menu/Date'  using regular expression

2019-07-02 16:39:04 - [MESSAGE][PASSED] - All options with value '12' are selected in object 'Object Repository/OCS-MOBILE /Age gate and burger menu/Date'  using regular expression

2019-07-02 16:39:04 - [TEST_STEP][PASSED] - selectOptionByValue(findTestObject("OCS-MOBILE /Age gate and burger menu/month"), "6", true): All options with value '6' are selected in object 'Object Repository/OCS-MOBILE /Age gate and burger menu/month'  using regular expression

2019-07-02 16:39:04 - [MESSAGE][PASSED] - All options with value '6' are selected in object 'Object Repository/OCS-MOBILE /Age gate and burger menu/month'  using regular expression

2019-07-02 16:39:04 - [TEST_STEP][PASSED] - delay(2): Delayed 2 second(s)

2019-07-02 16:39:06 - [MESSAGE][PASSED] - Delayed 2 second(s)

2019-07-02 16:39:06 - [TEST_STEP][PASSED] - selectOptionByValue(findTestObject("OCS-MOBILE /Age gate and burger menu/Year Dropdown"), "1990", true): All options with value '1990' are selected in object 'Object Repository/OCS-MOBILE /Age gate and burger menu/Year Dropdown'  using regular expression

2019-07-02 16:39:07 - [MESSAGE][PASSED] - All options with value '1990' are selected in object 'Object Repository/OCS-MOBILE /Age gate and burger menu/Year Dropdown'  using regular expression

2019-07-02 16:39:07 - [TEST_STEP][PASSED] - click(findTestObject("OCS-MOBILE /Age gate and Mega menu/button_Verify")): Object: 'Object Repository/OCS-MOBILE /Age gate and Mega menu/button_Verify' is clicked on

2019-07-02 16:39:07 - [MESSAGE][PASSED] - Object: 'Object Repository/OCS-MOBILE /Age gate and Mega menu/button_Verify' is clicked on

2019-07-02 16:39:07 - [TEST_STEP][PASSED] - click(findTestObject("OCS-MOBILE /Age gate and Mega menu/Checkbox_CONFIRM AND ACKNOWLEDGE")): Object: 'Object Repository/OCS-MOBILE /Age gate and Mega menu/Checkbox_CONFIRM AND ACKNOWLEDGE' is clicked on

2019-07-02 16:39:07 - [MESSAGE][PASSED] - Object: 'Object Repository/OCS-MOBILE /Age gate and Mega menu/Checkbox_CONFIRM AND ACKNOWLEDGE' is clicked on

2019-07-02 16:39:07 - [TEST_STEP][PASSED] - click(findTestObject("OCS-MOBILE /Age gate and Mega menu/button_CONFIRM")): Object: 'Object Repository/OCS-MOBILE /Age gate and Mega menu/button_CONFIRM' is clicked on

2019-07-02 16:39:07 - [MESSAGE][PASSED] - Object: 'Object Repository/OCS-MOBILE /Age gate and Mega menu/button_CONFIRM' is clicked on

2019-07-02 16:39:07 - [TEST_STEP][PASSED] - click(findTestObject("OCS-MOBILE /Age gate and Mega menu/button_Start Browsing")): Object: 'Object Repository/OCS-MOBILE /Age gate and Mega menu/button_Start Browsing' is clicked on

2019-07-02 16:39:07 - [MESSAGE][PASSED] - Object: 'Object Repository/OCS-MOBILE /Age gate and Mega menu/button_Start Browsing' is clicked on

2019-07-02 16:39:07 - [TEST_STEP][PASSED] - refresh(): Refresh successfully

2019-07-02 16:39:07 - [MESSAGE][PASSED] - Refresh successfully

2019-07-02 16:39:07 - [TEST_STEP][PASSED] - executeJavaScript("var previewBar = document.getElementById("preview-bar-iframe"); previewBar.style.display = "none";", []): Execute JavaScript 'var previewBar = document.getElementById("preview-bar-iframe"); previewBar.style.display = "none";' successfully

2019-07-02 16:39:11 - [MESSAGE][PASSED] - Execute JavaScript 'var previewBar = document.getElementById("preview-bar-iframe"); previewBar.style.display = "none";' successfully

2019-07-02 16:39:11 - [MESSAGE][PASSED] - Call Test Case 'Test Cases/OCS - MOBILE/CALL - AGE GATE' successfully

2019-07-02 16:39:11 - [TEST_STEP][PASSED] - delay(2): Delayed 2 second(s)

2019-07-02 16:39:13 - [MESSAGE][PASSED] - Delayed 2 second(s)

2019-07-02 16:39:13 - [TEST_STEP][PASSED] - refresh(): Refresh successfully

2019-07-02 16:39:13 - [MESSAGE][PASSED] - Refresh successfully

2019-07-02 16:39:13 - [TEST_STEP][PASSED] - click(findTestObject("OCS-MOBILE /Age gate and burger menu/Burger menu - English")): Object: 'Object Repository/OCS-MOBILE /Age gate and burger menu/Burger menu - English' is clicked on

2019-07-02 16:39:16 - [MESSAGE][PASSED] - Object: 'Object Repository/OCS-MOBILE /Age gate and burger menu/Burger menu - English' is clicked on

2019-07-02 16:39:16 - [TEST_STEP][PASSED] - delay(2): Delayed 2 second(s)

2019-07-02 16:39:18 - [MESSAGE][PASSED] - Delayed 2 second(s)

2019-07-02 16:39:18 - [TEST_STEP][PASSED] - click(findTestObject("OCS-MOBILE /Age gate and burger menu/Chevron_Cannabis")): Object: 'Object Repository/OCS-MOBILE /Age gate and burger menu/Chevron_Cannabis' is clicked on

2019-07-02 16:39:18 - [MESSAGE][PASSED] - Object: 'Object Repository/OCS-MOBILE /Age gate and burger menu/Chevron_Cannabis' is clicked on

2019-07-02 16:39:18 - [TEST_STEP][PASSED] - delay(2): Delayed 2 second(s)

2019-07-02 16:39:20 - [MESSAGE][PASSED] - Delayed 2 second(s)

2019-07-02 16:39:20 - [TEST_STEP][PASSED] - click(findTestObject("OCS-MOBILE /Age gate and burger menu/Dried Flower_Plus icon")): Object: 'Object Repository/OCS-MOBILE /Age gate and burger menu/Dried Flower_Plus icon' is clicked on

2019-07-02 16:39:20 - [MESSAGE][PASSED] - Object: 'Object Repository/OCS-MOBILE /Age gate and burger menu/Dried Flower_Plus icon' is clicked on

2019-07-02 16:39:20 - [TEST_STEP][PASSED] - delay(2): Delayed 2 second(s)

2019-07-02 16:39:22 - [MESSAGE][PASSED] - Delayed 2 second(s)

2019-07-02 16:39:22 - [TEST_STEP][PASSED] - click(findTestObject("OCS-MOBILE /Age gate and burger menu/Indica Dominant_Menu item")): Object: 'Object Repository/OCS-MOBILE /Age gate and burger menu/Indica Dominant_Menu item' is clicked on

2019-07-02 16:39:25 - [MESSAGE][PASSED] - Object: 'Object Repository/OCS-MOBILE /Age gate and burger menu/Indica Dominant_Menu item' is clicked on

2019-07-02 16:39:25 - [TEST_STEP][PASSED] - executeJavaScript("var previewBar = document.getElementById("preview-bar-iframe"); previewBar.style.display = "none";", []): Execute JavaScript 'var previewBar = document.getElementById("preview-bar-iframe"); previewBar.style.display = "none";' successfully

2019-07-02 16:39:25 - [MESSAGE][PASSED] - Execute JavaScript 'var previewBar = document.getElementById("preview-bar-iframe"); previewBar.style.display = "none";' successfully

2019-07-02 16:39:25 - [TEST_STEP][PASSED] - delay(2): Delayed 2 second(s)

2019-07-02 16:39:27 - [MESSAGE][PASSED] - Delayed 2 second(s)

2019-07-02 16:39:27 - [TEST_STEP][PASSED] - click(findTestObject("OCS-MOBILE /Collection page/Product image - 1st one")): Object: 'Object Repository/OCS-MOBILE /Collection page/Product image - 1st one' is clicked on

2019-07-02 16:39:31 - [MESSAGE][PASSED] - Object: 'Object Repository/OCS-MOBILE /Collection page/Product image - 1st one' is clicked on

2019-07-02 16:39:31 - [TEST_STEP][PASSED] - delay(1): Delayed 1 second(s)

2019-07-02 16:39:32 - [MESSAGE][PASSED] - Delayed 1 second(s)

2019-07-02 16:39:32 - [TEST_STEP][PASSED] - executeJavaScript("var previewBar = document.getElementById("preview-bar-iframe"); previewBar.style.display = "none";", []): Execute JavaScript 'var previewBar = document.getElementById("preview-bar-iframe"); previewBar.style.display = "none";' successfully

2019-07-02 16:39:32 - [MESSAGE][PASSED] - Execute JavaScript 'var previewBar = document.getElementById("preview-bar-iframe"); previewBar.style.display = "none";' successfully

2019-07-02 16:39:32 - [TEST_STEP][PASSED] - delay(3): Delayed 3 second(s)

2019-07-02 16:39:35 - [MESSAGE][PASSED] - Delayed 3 second(s)

2019-07-02 16:39:35 - [TEST_STEP][PASSED] - navigateToUrl("https://ocs.ca/products/dream-weaver"): Navigate to 'https://ocs.ca/products/dream-weaver' successfully

2019-07-02 16:39:39 - [MESSAGE][PASSED] - Navigate to 'https://ocs.ca/products/dream-weaver' successfully

2019-07-02 16:39:39 - [TEST_STEP][PASSED] - executeJavaScript("var previewBar = document.getElementById("preview-bar-iframe"); previewBar.style.display = "none";", []): Execute JavaScript 'var previewBar = document.getElementById("preview-bar-iframe"); previewBar.style.display = "none";' successfully

2019-07-02 16:39:39 - [MESSAGE][PASSED] - Execute JavaScript 'var previewBar = document.getElementById("preview-bar-iframe"); previewBar.style.display = "none";' successfully

2019-07-02 16:39:39 - [TEST_STEP][NOT_RUN] - scrollToElement(findTestObject("OCS-MOBILE /Product page/Product image"), 1): NOT_RUN: scrollToElement(findTestObject("OCS-MOBILE /Product page/Product image"), 1)

2019-07-02 16:39:39 - [MESSAGE][NOT_RUN] - NOT_RUN: scrollToElement(findTestObject("OCS-MOBILE /Product page/Product image"), 1)

2019-07-02 16:39:39 - [TEST_STEP][PASSED] - click(findTestObject("OCS-MOBILE /Product page/Swatch_3.5g")): Object: 'Object Repository/OCS-MOBILE /Product page/Swatch_3.5g' is clicked on

2019-07-02 16:39:39 - [MESSAGE][PASSED] - Object: 'Object Repository/OCS-MOBILE /Product page/Swatch_3.5g' is clicked on

2019-07-02 16:39:39 - [TEST_STEP][PASSED] - delay(2): Delayed 2 second(s)

2019-07-02 16:39:41 - [MESSAGE][PASSED] - Delayed 2 second(s)

2019-07-02 16:39:41 - [TEST_STEP][PASSED] - click(findTestObject("OCS-MOBILE /Product page/Add to Bag-button")): Object: 'Object Repository/OCS-MOBILE /Product page/Add to Bag-button' is clicked on

2019-07-02 16:39:41 - [MESSAGE][PASSED] - Object: 'Object Repository/OCS-MOBILE /Product page/Add to Bag-button' is clicked on

2019-07-02 16:39:41 - [TEST_STEP][PASSED] - delay(2): Delayed 2 second(s)

2019-07-02 16:39:43 - [MESSAGE][PASSED] - Delayed 2 second(s)

2019-07-02 16:39:43 - [TEST_STEP][PASSED] - click(findTestObject("OCS-MOBILE /Home - page/Cart icon -bag")): Object: 'Object Repository/OCS-MOBILE /Home - page/Cart icon -bag' is clicked on

2019-07-02 16:39:43 - [MESSAGE][PASSED] - Object: 'Object Repository/OCS-MOBILE /Home - page/Cart icon -bag' is clicked on

2019-07-02 16:39:43 - [TEST_STEP][PASSED] - delay(1): Delayed 1 second(s)

2019-07-02 16:39:44 - [MESSAGE][PASSED] - Delayed 1 second(s)

2019-07-02 16:39:44 - [TEST_STEP][PASSED] - click(findTestObject("OCS-MOBILE /Cart flyout/Checkbox_I confirm that")): Object: 'Object Repository/OCS-MOBILE /Cart flyout/Checkbox_I confirm that' is clicked on

2019-07-02 16:39:45 - [MESSAGE][PASSED] - Object: 'Object Repository/OCS-MOBILE /Cart flyout/Checkbox_I confirm that' is clicked on

2019-07-02 16:39:45 - [TEST_STEP][PASSED] - delay(2): Delayed 2 second(s)

2019-07-02 16:39:47 - [MESSAGE][PASSED] - Delayed 2 second(s)

2019-07-02 16:39:47 - [TEST_STEP][PASSED] - click(findTestObject("OCS-MOBILE /Cart flyout/Checkbox_Accept the Terms Condition")): Object: 'Object Repository/OCS-MOBILE /Cart flyout/Checkbox_Accept the Terms Condition' is clicked on

2019-07-02 16:39:47 - [MESSAGE][PASSED] - Object: 'Object Repository/OCS-MOBILE /Cart flyout/Checkbox_Accept the Terms Condition' is clicked on

2019-07-02 16:39:47 - [TEST_STEP][PASSED] - delay(1): Delayed 1 second(s)

2019-07-02 16:39:48 - [MESSAGE][PASSED] - Delayed 1 second(s)

2019-07-02 16:39:48 - [TEST_STEP][PASSED] - click(findTestObject("OCS-MOBILE /Cart flyout/Checkout - Button")): Object: 'Object Repository/OCS-MOBILE /Cart flyout/Checkout - Button' is clicked on

2019-07-02 16:39:54 - [MESSAGE][PASSED] - Object: 'Object Repository/OCS-MOBILE /Cart flyout/Checkout - Button' is clicked on

2019-07-02 16:39:54 - [TEST_STEP][PASSED] - delay(1): Delayed 1 second(s)

2019-07-02 16:39:55 - [MESSAGE][PASSED] - Delayed 1 second(s)

2019-07-02 16:39:55 - [TEST_STEP][PASSED] - executeJavaScript("var previewBar = document.getElementById("preview-bar-iframe"); previewBar.style.display = "none";", []): Execute JavaScript 'var previewBar = document.getElementById("preview-bar-iframe"); previewBar.style.display = "none";' successfully

2019-07-02 16:39:55 - [MESSAGE][PASSED] - Execute JavaScript 'var previewBar = document.getElementById("preview-bar-iframe"); previewBar.style.display = "none";' successfully

2019-07-02 16:39:55 - [TEST_STEP][PASSED] - delay(2): Delayed 2 second(s)

2019-07-02 16:39:57 - [MESSAGE][PASSED] - Delayed 2 second(s)

2019-07-02 16:39:57 - [TEST_STEP][PASSED] - scrollToElement(findTestObject("OCS-MOBILE /Customer info page/input_Email"), 0): Scroll to object 'Object Repository/OCS-MOBILE /Customer info page/input_Email' successfully

2019-07-02 16:39:57 - [MESSAGE][WARNING] - Timeout '0' is invalid. Using default page load timeout: '30'

2019-07-02 16:39:57 - [MESSAGE][PASSED] - Scroll to object 'Object Repository/OCS-MOBILE /Customer info page/input_Email' successfully

2019-07-02 16:39:57 - [TEST_STEP][PASSED] - setText(findTestObject("OCS-MOBILE /Customer info page/input_Email"), "suman.kompelly@diffagency.com"): Text 'suman.kompelly@diffagency.com' is set on object 'Object Repository/OCS-MOBILE /Customer info page/input_Email'

2019-07-02 16:39:57 - [MESSAGE][PASSED] - Text 'suman.kompelly@diffagency.com' is set on object 'Object Repository/OCS-MOBILE /Customer info page/input_Email'

2019-07-02 16:39:57 - [TEST_STEP][PASSED] - setText(findTestObject("OCS-MOBILE /Customer info page/input_First name"), "suman"): Text 'suman' is set on object 'Object Repository/OCS-MOBILE /Customer info page/input_First name'

2019-07-02 16:39:57 - [MESSAGE][PASSED] - Text 'suman' is set on object 'Object Repository/OCS-MOBILE /Customer info page/input_First name'

2019-07-02 16:39:57 - [TEST_STEP][PASSED] - setText(findTestObject("OCS-MOBILE /Customer info page/input_Last name"), "kompelly"): Text 'kompelly' is set on object 'Object Repository/OCS-MOBILE /Customer info page/input_Last name'

2019-07-02 16:39:58 - [MESSAGE][PASSED] - Text 'kompelly' is set on object 'Object Repository/OCS-MOBILE /Customer info page/input_Last name'

2019-07-02 16:39:58 - [TEST_STEP][PASSED] - setText(findTestObject("OCS-MOBILE /Customer info page/input_Address"), "300 saint alxendre"): Text '300 saint alxendre' is set on object 'Object Repository/OCS-MOBILE /Customer info page/input_Address'

2019-07-02 16:39:58 - [MESSAGE][PASSED] - Text '300 saint alxendre' is set on object 'Object Repository/OCS-MOBILE /Customer info page/input_Address'

2019-07-02 16:39:58 - [TEST_STEP][PASSED] - setText(findTestObject("OCS-MOBILE /Customer info page/input_Apartment suite etc. (op"), "199"): Text '199' is set on object 'Object Repository/OCS-MOBILE /Customer info page/input_Apartment suite etc. (op'

2019-07-02 16:39:58 - [MESSAGE][PASSED] - Text '199' is set on object 'Object Repository/OCS-MOBILE /Customer info page/input_Apartment suite etc. (op'

2019-07-02 16:39:58 - [TEST_STEP][PASSED] - setText(findTestObject("OCS-MOBILE /Customer info page/input_City"), "montreal"): Text 'montreal' is set on object 'Object Repository/OCS-MOBILE /Customer info page/input_City'

2019-07-02 16:39:58 - [MESSAGE][PASSED] - Text 'montreal' is set on object 'Object Repository/OCS-MOBILE /Customer info page/input_City'

2019-07-02 16:39:58 - [TEST_STEP][PASSED] - setText(findTestObject("OCS-MOBILE /Customer info page/input_Postal code"), "n0R1K0"): Text 'n0R1K0' is set on object 'Object Repository/OCS-MOBILE /Customer info page/input_Postal code'

2019-07-02 16:39:58 - [MESSAGE][PASSED] - Text 'n0R1K0' is set on object 'Object Repository/OCS-MOBILE /Customer info page/input_Postal code'

2019-07-02 16:39:58 - [TEST_STEP][PASSED] - setText(findTestObject("OCS-MOBILE /Customer info page/input_Phone"), "(514) 449-3882"): Text '(514) 449-3882' is set on object 'Object Repository/OCS-MOBILE /Customer info page/input_Phone'

2019-07-02 16:39:58 - [MESSAGE][PASSED] - Text '(514) 449-3882' is set on object 'Object Repository/OCS-MOBILE /Customer info page/input_Phone'

2019-07-02 16:39:58 - [TEST_STEP][PASSED] - delay(2): Delayed 2 second(s)

2019-07-02 16:40:00 - [MESSAGE][PASSED] - Delayed 2 second(s)

2019-07-02 16:40:00 - [TEST_STEP][PASSED] - click(findTestObject("OCS-MOBILE /Customer info page/Continue to shipping method - Button")): Object: 'Object Repository/OCS-MOBILE /Customer info page/Continue to shipping method - Button' is clicked on

2019-07-02 16:40:06 - [MESSAGE][PASSED] - Object: 'Object Repository/OCS-MOBILE /Customer info page/Continue to shipping method - Button' is clicked on

2019-07-02 16:40:06 - [TEST_STEP][PASSED] - delay(1): Delayed 1 second(s)

2019-07-02 16:40:07 - [MESSAGE][PASSED] - Delayed 1 second(s)

2019-07-02 16:40:07 - [TEST_STEP][PASSED] - click(findTestObject("OCS-MOBILE /Customer info page/Chevron_OrderSummary")): Object: 'Object Repository/OCS-MOBILE /Customer info page/Chevron_OrderSummary' is clicked on

2019-07-02 16:40:07 - [MESSAGE][PASSED] - Object: 'Object Repository/OCS-MOBILE /Customer info page/Chevron_OrderSummary' is clicked on

2019-07-02 16:40:07 - [TEST_STEP][PASSED] - executeJavaScript("var previewBar = document.getElementById("preview-bar-iframe"); previewBar.style.display = "none";", []): Execute JavaScript 'var previewBar = document.getElementById("preview-bar-iframe"); previewBar.style.display = "none";' successfully

2019-07-02 16:40:07 - [MESSAGE][PASSED] - Execute JavaScript 'var previewBar = document.getElementById("preview-bar-iframe"); previewBar.style.display = "none";' successfully

2019-07-02 16:40:07 - [TEST_STEP][PASSED] - delay(1): Delayed 1 second(s)

2019-07-02 16:40:08 - [MESSAGE][PASSED] - Delayed 1 second(s)

2019-07-02 16:40:08 - [TEST_STEP][PASSED] - click(findTestObject("OCS-MOBILE /Shipping page/Change link")): Object: 'Object Repository/OCS-MOBILE /Shipping page/Change link' is clicked on

2019-07-02 16:40:10 - [MESSAGE][PASSED] - Object: 'Object Repository/OCS-MOBILE /Shipping page/Change link' is clicked on

2019-07-02 16:40:10 - [TEST_STEP][PASSED] - delay(1): Delayed 1 second(s)

2019-07-02 16:40:11 - [MESSAGE][PASSED] - Delayed 1 second(s)

2019-07-02 16:40:11 - [TEST_STEP][PASSED] - executeJavaScript("var previewBar = document.getElementById("preview-bar-iframe"); previewBar.style.display = "none";", []): Execute JavaScript 'var previewBar = document.getElementById("preview-bar-iframe"); previewBar.style.display = "none";' successfully

2019-07-02 16:40:11 - [MESSAGE][PASSED] - Execute JavaScript 'var previewBar = document.getElementById("preview-bar-iframe"); previewBar.style.display = "none";' successfully

2019-07-02 16:40:11 - [TEST_STEP][NOT_RUN] - delay(1): NOT_RUN: delay(1)

2019-07-02 16:40:11 - [MESSAGE][NOT_RUN] - NOT_RUN: delay(1)

2019-07-02 16:40:11 - [TEST_STEP][PASSED] - click(findTestObject("OCS-MOBILE /Customer info page/Continue to shipping method - Button")): Object: 'Object Repository/OCS-MOBILE /Customer info page/Continue to shipping method - Button' is clicked on

2019-07-02 16:40:12 - [MESSAGE][PASSED] - Object: 'Object Repository/OCS-MOBILE /Customer info page/Continue to shipping method - Button' is clicked on

2019-07-02 16:40:12 - [TEST_STEP][PASSED] - delay(1): Delayed 1 second(s)

2019-07-02 16:40:13 - [MESSAGE][PASSED] - Delayed 1 second(s)

2019-07-02 16:40:13 - [TEST_STEP][PASSED] - click(findTestObject("OCS-MOBILE /Shipping page/Change link 2")): Object: 'Object Repository/OCS-MOBILE /Shipping page/Change link 2' is clicked on

2019-07-02 16:40:15 - [MESSAGE][PASSED] - Object: 'Object Repository/OCS-MOBILE /Shipping page/Change link 2' is clicked on

2019-07-02 16:40:15 - [TEST_STEP][PASSED] - delay(1): Delayed 1 second(s)

2019-07-02 16:40:16 - [MESSAGE][PASSED] - Delayed 1 second(s)

2019-07-02 16:40:16 - [TEST_STEP][PASSED] - executeJavaScript("var previewBar = document.getElementById("preview-bar-iframe"); previewBar.style.display = "none";", []): Execute JavaScript 'var previewBar = document.getElementById("preview-bar-iframe"); previewBar.style.display = "none";' successfully

2019-07-02 16:40:16 - [MESSAGE][PASSED] - Execute JavaScript 'var previewBar = document.getElementById("preview-bar-iframe"); previewBar.style.display = "none";' successfully

2019-07-02 16:40:16 - [TEST_STEP][NOT_RUN] - delay(1): NOT_RUN: delay(1)

2019-07-02 16:40:16 - [MESSAGE][NOT_RUN] - NOT_RUN: delay(1)

2019-07-02 16:40:16 - [TEST_STEP][PASSED] - click(findTestObject("OCS-MOBILE /Customer info page/Continue to shipping method - Button"), CONTINUE_ON_FAILURE): Object: 'Object Repository/OCS-MOBILE /Customer info page/Continue to shipping method - Button' is clicked on

2019-07-02 16:40:18 - [MESSAGE][PASSED] - Object: 'Object Repository/OCS-MOBILE /Customer info page/Continue to shipping method - Button' is clicked on

2019-07-02 16:40:18 - [TEST_STEP][PASSED] - executeJavaScript("var previewBar = document.getElementById("preview-bar-iframe"); previewBar.style.display = "none";", []): Execute JavaScript 'var previewBar = document.getElementById("preview-bar-iframe"); previewBar.style.display = "none";' successfully

2019-07-02 16:40:18 - [MESSAGE][PASSED] - Execute JavaScript 'var previewBar = document.getElementById("preview-bar-iframe"); previewBar.style.display = "none";' successfully

2019-07-02 16:40:18 - [TEST_STEP][PASSED] - delay(1): Delayed 1 second(s)

2019-07-02 16:40:19 - [MESSAGE][PASSED] - Delayed 1 second(s)

2019-07-02 16:40:19 - [TEST_STEP][PASSED] - click(findTestObject("OCS-MOBILE /Shipping page/Return to customer info")): Object: 'Object Repository/OCS-MOBILE /Shipping page/Return to customer info' is clicked on

2019-07-02 16:40:20 - [MESSAGE][PASSED] - Object: 'Object Repository/OCS-MOBILE /Shipping page/Return to customer info' is clicked on

2019-07-02 16:40:20 - [TEST_STEP][PASSED] - executeJavaScript("var previewBar = document.getElementById("preview-bar-iframe"); previewBar.style.display = "none";", []): Execute JavaScript 'var previewBar = document.getElementById("preview-bar-iframe"); previewBar.style.display = "none";' successfully

2019-07-02 16:40:20 - [MESSAGE][PASSED] - Execute JavaScript 'var previewBar = document.getElementById("preview-bar-iframe"); previewBar.style.display = "none";' successfully

2019-07-02 16:40:20 - [TEST_STEP][PASSED] - delay(1): Delayed 1 second(s)

2019-07-02 16:40:21 - [MESSAGE][PASSED] - Delayed 1 second(s)

2019-07-02 16:40:21 - [TEST_STEP][NOT_RUN] - delay(1): NOT_RUN: delay(1)

2019-07-02 16:40:21 - [MESSAGE][NOT_RUN] - NOT_RUN: delay(1)

2019-07-02 16:40:21 - [TEST_STEP][PASSED] - click(findTestObject("OCS-MOBILE /Customer info page/Continue to shipping method - Button")): Object: 'Object Repository/OCS-MOBILE /Customer info page/Continue to shipping method - Button' is clicked on

2019-07-02 16:40:22 - [MESSAGE][PASSED] - Object: 'Object Repository/OCS-MOBILE /Customer info page/Continue to shipping method - Button' is clicked on

2019-07-02 16:40:22 - [TEST_STEP][PASSED] - closeBrowser(): Browser is closed

2019-07-02 16:40:22 - [MESSAGE][PASSED] - Browser is closed]]></system-out>
         <system-err><![CDATA[]]></system-err>
      </testcase>
      <testcase name="Test Cases/OCS - MOBILE/OCS- CRITICAL PATH/Cart page- decrease qty" classname="Test Cases/OCS - MOBILE/OCS- CRITICAL PATH/Cart page- decrease qty" status="FAILED">
         <failure type="FAILED" message="Test Cases/OCS - MOBILE/OCS- CRITICAL PATH/Cart page- decrease qty FAILED.
Reason:
com.kms.katalon.core.exception.StepFailedException: Unable to click on object 'Object Repository/OCS-MOBILE /Cart flyout/Checkbox_I confirm that' (Root cause: org.openqa.selenium.ElementNotVisibleException: element not interactable
  (Session info: chrome=75.0.3770.100)
  (Driver info: chromedriver=2.43.600229 (3fae4d0cda5334b4f533bede5a4787f7b832d052),platform=Mac OS X 10.13.6 x86_64) (WARNING: The server did not provide any stacktrace information)
Command duration or timeout: 0 milliseconds
Build info: version: '3.7.1', revision: '8a0099a', time: '2017-11-06T21:07:36.161Z'
System info: host: 'sumans-MacBook-Pro.local', ip: 'fe80:0:0:0:98:5ae9:edb9:537f%en0', os.name: 'Mac OS X', os.arch: 'x86_64', os.version: '10.13.6', java.version: '1.8.0_181'
Driver info: com.kms.katalon.selenium.driver.CChromeDriver
Capabilities {acceptInsecureCerts: false, acceptSslCerts: false, applicationCacheEnabled: false, browserConnectionEnabled: false, browserName: chrome, chrome: {chromedriverVersion: 2.43.600229 (3fae4d0cda5334..., userDataDir: /var/folders/1t/c55l8xzs6gq...}, cssSelectorsEnabled: true, databaseEnabled: false, goog:chromeOptions: {debuggerAddress: localhost:62596}, handlesAlerts: true, hasTouchScreen: false, javascriptEnabled: true, locationContextEnabled: true, mobileEmulationEnabled: false, nativeEvents: true, networkConnectionEnabled: false, pageLoadStrategy: normal, platform: MAC, platformName: MAC, rotatable: false, setWindowRect: true, takesHeapSnapshot: true, takesScreenshot: true, unexpectedAlertBehaviour: , unhandledPromptBehavior: , version: 75.0.3770.100, webStorageEnabled: true}
Session ID: b783b64702ee0fa133b4a5da568d11c5)
	at com.kms.katalon.core.keyword.internal.KeywordMain.stepFailed(KeywordMain.groovy:36)
	at com.kms.katalon.core.webui.keyword.internal.WebUIKeywordMain.stepFailed(WebUIKeywordMain.groovy:65)
	at com.kms.katalon.core.webui.keyword.internal.WebUIKeywordMain.runKeyword(WebUIKeywordMain.groovy:27)
	at com.kms.katalon.core.webui.keyword.builtin.ClickKeyword.click(ClickKeyword.groovy:86)
	at com.kms.katalon.core.webui.keyword.builtin.ClickKeyword.execute(ClickKeyword.groovy:67)
	at com.kms.katalon.core.keyword.internal.KeywordExecutor.executeKeywordForPlatform(KeywordExecutor.groovy:53)
	at com.kms.katalon.core.webui.keyword.WebUiBuiltInKeywords.click(WebUiBuiltInKeywords.groovy:616)
	at com.kms.katalon.core.webui.keyword.WebUiBuiltInKeywords$click$4.call(Unknown Source)
	at Cart page- decrease qty.run(Cart page- decrease qty:83)
	at com.kms.katalon.core.main.ScriptEngine.run(ScriptEngine.java:194)
	at com.kms.katalon.core.main.ScriptEngine.runScriptAsRawText(ScriptEngine.java:119)
	at com.kms.katalon.core.main.TestCaseExecutor.runScript(TestCaseExecutor.java:328)
	at com.kms.katalon.core.main.TestCaseExecutor.doExecute(TestCaseExecutor.java:319)
	at com.kms.katalon.core.main.TestCaseExecutor.processExecutionPhase(TestCaseExecutor.java:298)
	at com.kms.katalon.core.main.TestCaseExecutor.accessMainPhase(TestCaseExecutor.java:290)
	at com.kms.katalon.core.main.TestCaseExecutor.execute(TestCaseExecutor.java:224)
	at com.kms.katalon.core.main.TestSuiteExecutor.accessTestCaseMainPhase(TestSuiteExecutor.java:129)
	at com.kms.katalon.core.main.TestSuiteExecutor.accessTestSuiteMainPhase(TestSuiteExecutor.java:112)
	at com.kms.katalon.core.main.TestSuiteExecutor.execute(TestSuiteExecutor.java:81)
	at com.kms.katalon.core.main.TestCaseMain.startTestSuite(TestCaseMain.java:149)
	at com.kms.katalon.core.main.TestCaseMain$startTestSuite$0.call(Unknown Source)
	at TempTestSuite1562098461396.run(TempTestSuite1562098461396.groovy:36)
"/>
         <system-out><![CDATA[2019-07-02 16:40:22 - [TEST_CASE][FAILED] - Test Cases/OCS - MOBILE/OCS- CRITICAL PATH/Cart page- decrease qty: Test Cases/OCS - MOBILE/OCS- CRITICAL PATH/Cart page- decrease qty FAILED.
Reason:
com.kms.katalon.core.exception.StepFailedException: Unable to click on object 'Object Repository/OCS-MOBILE /Cart flyout/Checkbox_I confirm that' (Root cause: org.openqa.selenium.ElementNotVisibleException: element not interactable
  (Session info: chrome=75.0.3770.100)
  (Driver info: chromedriver=2.43.600229 (3fae4d0cda5334b4f533bede5a4787f7b832d052),platform=Mac OS X 10.13.6 x86_64) (WARNING: The server did not provide any stacktrace information)
Command duration or timeout: 0 milliseconds
Build info: version: '3.7.1', revision: '8a0099a', time: '2017-11-06T21:07:36.161Z'
System info: host: 'sumans-MacBook-Pro.local', ip: 'fe80:0:0:0:98:5ae9:edb9:537f%en0', os.name: 'Mac OS X', os.arch: 'x86_64', os.version: '10.13.6', java.version: '1.8.0_181'
Driver info: com.kms.katalon.selenium.driver.CChromeDriver
Capabilities {acceptInsecureCerts: false, acceptSslCerts: false, applicationCacheEnabled: false, browserConnectionEnabled: false, browserName: chrome, chrome: {chromedriverVersion: 2.43.600229 (3fae4d0cda5334..., userDataDir: /var/folders/1t/c55l8xzs6gq...}, cssSelectorsEnabled: true, databaseEnabled: false, goog:chromeOptions: {debuggerAddress: localhost:62596}, handlesAlerts: true, hasTouchScreen: false, javascriptEnabled: true, locationContextEnabled: true, mobileEmulationEnabled: false, nativeEvents: true, networkConnectionEnabled: false, pageLoadStrategy: normal, platform: MAC, platformName: MAC, rotatable: false, setWindowRect: true, takesHeapSnapshot: true, takesScreenshot: true, unexpectedAlertBehaviour: , unhandledPromptBehavior: , version: 75.0.3770.100, webStorageEnabled: true}
Session ID: b783b64702ee0fa133b4a5da568d11c5)
	at com.kms.katalon.core.keyword.internal.KeywordMain.stepFailed(KeywordMain.groovy:36)
	at com.kms.katalon.core.webui.keyword.internal.WebUIKeywordMain.stepFailed(WebUIKeywordMain.groovy:65)
	at com.kms.katalon.core.webui.keyword.internal.WebUIKeywordMain.runKeyword(WebUIKeywordMain.groovy:27)
	at com.kms.katalon.core.webui.keyword.builtin.ClickKeyword.click(ClickKeyword.groovy:86)
	at com.kms.katalon.core.webui.keyword.builtin.ClickKeyword.execute(ClickKeyword.groovy:67)
	at com.kms.katalon.core.keyword.internal.KeywordExecutor.executeKeywordForPlatform(KeywordExecutor.groovy:53)
	at com.kms.katalon.core.webui.keyword.WebUiBuiltInKeywords.click(WebUiBuiltInKeywords.groovy:616)
	at com.kms.katalon.core.webui.keyword.WebUiBuiltInKeywords$click$4.call(Unknown Source)
	at Cart page- decrease qty.run(Cart page- decrease qty:83)
	at com.kms.katalon.core.main.ScriptEngine.run(ScriptEngine.java:194)
	at com.kms.katalon.core.main.ScriptEngine.runScriptAsRawText(ScriptEngine.java:119)
	at com.kms.katalon.core.main.TestCaseExecutor.runScript(TestCaseExecutor.java:328)
	at com.kms.katalon.core.main.TestCaseExecutor.doExecute(TestCaseExecutor.java:319)
	at com.kms.katalon.core.main.TestCaseExecutor.processExecutionPhase(TestCaseExecutor.java:298)
	at com.kms.katalon.core.main.TestCaseExecutor.accessMainPhase(TestCaseExecutor.java:290)
	at com.kms.katalon.core.main.TestCaseExecutor.execute(TestCaseExecutor.java:224)
	at com.kms.katalon.core.main.TestSuiteExecutor.accessTestCaseMainPhase(TestSuiteExecutor.java:129)
	at com.kms.katalon.core.main.TestSuiteExecutor.accessTestSuiteMainPhase(TestSuiteExecutor.java:112)
	at com.kms.katalon.core.main.TestSuiteExecutor.execute(TestSuiteExecutor.java:81)
	at com.kms.katalon.core.main.TestCaseMain.startTestSuite(TestCaseMain.java:149)
	at com.kms.katalon.core.main.TestCaseMain$startTestSuite$0.call(Unknown Source)
	at TempTestSuite1562098461396.run(TempTestSuite1562098461396.groovy:36)


2019-07-02 16:40:22 - [TEST_STEP][PASSED] - callTestCase(findTestCase("OCS - MOBILE/CALL - AGE GATE"), [:], STOP_ON_FAILURE): Call Test Case 'Test Cases/OCS - MOBILE/CALL - AGE GATE' successfully

2019-07-02 16:40:23 - [TEST_CASE][PASSED] - Test Cases/OCS - MOBILE/CALL - AGE GATE: Test Cases/OCS - MOBILE/CALL - AGE GATE

2019-07-02 16:40:23 - [TEST_STEP][PASSED] - openBrowser(""): Browser is opened with url: ''

2019-07-02 16:40:23 - [MESSAGE][INFO] - Starting 'Chrome' driver

2019-07-02 16:40:24 - [MESSAGE][PASSED] - Browser is opened with url: ''

2019-07-02 16:40:24 - [TEST_STEP][PASSED] - navigateToUrl("https://ocs.ca/?fts=0&preview_theme_id=74203301708"): Navigate to 'https://ocs.ca/?fts=0&preview_theme_id=74203301708' successfully

2019-07-02 16:40:29 - [MESSAGE][PASSED] - Navigate to 'https://ocs.ca/?fts=0&preview_theme_id=74203301708' successfully

2019-07-02 16:40:29 - [TEST_STEP][PASSED] - executeJavaScript("var previewBar = document.getElementById("preview-bar-iframe"); previewBar.style.display = "none";", []): Execute JavaScript 'var previewBar = document.getElementById("preview-bar-iframe"); previewBar.style.display = "none";' successfully

2019-07-02 16:40:29 - [MESSAGE][PASSED] - Execute JavaScript 'var previewBar = document.getElementById("preview-bar-iframe"); previewBar.style.display = "none";' successfully

2019-07-02 16:40:29 - [TEST_STEP][PASSED] - setViewPortSize(360, 800): Viewport is set to new size with width = 360 and height = 800

2019-07-02 16:40:29 - [MESSAGE][PASSED] - Viewport is set to new size with width = 360 and height = 800

2019-07-02 16:40:29 - [TEST_STEP][PASSED] - delay(4): Delayed 4 second(s)

2019-07-02 16:40:33 - [MESSAGE][PASSED] - Delayed 4 second(s)

2019-07-02 16:40:33 - [TEST_STEP][PASSED] - selectOptionByValue(findTestObject("OCS-MOBILE /Age gate and burger menu/Date"), "12", true): All options with value '12' are selected in object 'Object Repository/OCS-MOBILE /Age gate and burger menu/Date'  using regular expression

2019-07-02 16:40:33 - [MESSAGE][PASSED] - All options with value '12' are selected in object 'Object Repository/OCS-MOBILE /Age gate and burger menu/Date'  using regular expression

2019-07-02 16:40:33 - [TEST_STEP][PASSED] - selectOptionByValue(findTestObject("OCS-MOBILE /Age gate and burger menu/month"), "6", true): All options with value '6' are selected in object 'Object Repository/OCS-MOBILE /Age gate and burger menu/month'  using regular expression

2019-07-02 16:40:33 - [MESSAGE][PASSED] - All options with value '6' are selected in object 'Object Repository/OCS-MOBILE /Age gate and burger menu/month'  using regular expression

2019-07-02 16:40:33 - [TEST_STEP][PASSED] - delay(2): Delayed 2 second(s)

2019-07-02 16:40:35 - [MESSAGE][PASSED] - Delayed 2 second(s)

2019-07-02 16:40:35 - [TEST_STEP][PASSED] - selectOptionByValue(findTestObject("OCS-MOBILE /Age gate and burger menu/Year Dropdown"), "1990", true): All options with value '1990' are selected in object 'Object Repository/OCS-MOBILE /Age gate and burger menu/Year Dropdown'  using regular expression

2019-07-02 16:40:36 - [MESSAGE][PASSED] - All options with value '1990' are selected in object 'Object Repository/OCS-MOBILE /Age gate and burger menu/Year Dropdown'  using regular expression

2019-07-02 16:40:36 - [TEST_STEP][PASSED] - click(findTestObject("OCS-MOBILE /Age gate and Mega menu/button_Verify")): Object: 'Object Repository/OCS-MOBILE /Age gate and Mega menu/button_Verify' is clicked on

2019-07-02 16:40:36 - [MESSAGE][PASSED] - Object: 'Object Repository/OCS-MOBILE /Age gate and Mega menu/button_Verify' is clicked on

2019-07-02 16:40:36 - [TEST_STEP][PASSED] - click(findTestObject("OCS-MOBILE /Age gate and Mega menu/Checkbox_CONFIRM AND ACKNOWLEDGE")): Object: 'Object Repository/OCS-MOBILE /Age gate and Mega menu/Checkbox_CONFIRM AND ACKNOWLEDGE' is clicked on

2019-07-02 16:40:36 - [MESSAGE][PASSED] - Object: 'Object Repository/OCS-MOBILE /Age gate and Mega menu/Checkbox_CONFIRM AND ACKNOWLEDGE' is clicked on

2019-07-02 16:40:36 - [TEST_STEP][PASSED] - click(findTestObject("OCS-MOBILE /Age gate and Mega menu/button_CONFIRM")): Object: 'Object Repository/OCS-MOBILE /Age gate and Mega menu/button_CONFIRM' is clicked on

2019-07-02 16:40:36 - [MESSAGE][PASSED] - Object: 'Object Repository/OCS-MOBILE /Age gate and Mega menu/button_CONFIRM' is clicked on

2019-07-02 16:40:36 - [TEST_STEP][PASSED] - click(findTestObject("OCS-MOBILE /Age gate and Mega menu/button_Start Browsing")): Object: 'Object Repository/OCS-MOBILE /Age gate and Mega menu/button_Start Browsing' is clicked on

2019-07-02 16:40:37 - [MESSAGE][PASSED] - Object: 'Object Repository/OCS-MOBILE /Age gate and Mega menu/button_Start Browsing' is clicked on

2019-07-02 16:40:37 - [TEST_STEP][PASSED] - refresh(): Refresh successfully

2019-07-02 16:40:39 - [MESSAGE][PASSED] - Refresh successfully

2019-07-02 16:40:39 - [TEST_STEP][PASSED] - executeJavaScript("var previewBar = document.getElementById("preview-bar-iframe"); previewBar.style.display = "none";", []): Execute JavaScript 'var previewBar = document.getElementById("preview-bar-iframe"); previewBar.style.display = "none";' successfully

2019-07-02 16:40:39 - [MESSAGE][PASSED] - Execute JavaScript 'var previewBar = document.getElementById("preview-bar-iframe"); previewBar.style.display = "none";' successfully

2019-07-02 16:40:39 - [MESSAGE][PASSED] - Call Test Case 'Test Cases/OCS - MOBILE/CALL - AGE GATE' successfully

2019-07-02 16:40:39 - [TEST_STEP][PASSED] - delay(2): Delayed 2 second(s)

2019-07-02 16:40:42 - [MESSAGE][PASSED] - Delayed 2 second(s)

2019-07-02 16:40:42 - [TEST_STEP][PASSED] - click(findTestObject("OCS-MOBILE /Age gate and burger menu/Burger menu - English")): Object: 'Object Repository/OCS-MOBILE /Age gate and burger menu/Burger menu - English' is clicked on

2019-07-02 16:40:42 - [MESSAGE][PASSED] - Object: 'Object Repository/OCS-MOBILE /Age gate and burger menu/Burger menu - English' is clicked on

2019-07-02 16:40:42 - [TEST_STEP][PASSED] - delay(2): Delayed 2 second(s)

2019-07-02 16:40:44 - [MESSAGE][PASSED] - Delayed 2 second(s)

2019-07-02 16:40:44 - [TEST_STEP][PASSED] - click(findTestObject("OCS-MOBILE /Age gate and burger menu/Chevron_Cannabis")): Object: 'Object Repository/OCS-MOBILE /Age gate and burger menu/Chevron_Cannabis' is clicked on

2019-07-02 16:40:44 - [MESSAGE][PASSED] - Object: 'Object Repository/OCS-MOBILE /Age gate and burger menu/Chevron_Cannabis' is clicked on

2019-07-02 16:40:44 - [TEST_STEP][PASSED] - delay(2): Delayed 2 second(s)

2019-07-02 16:40:46 - [MESSAGE][PASSED] - Delayed 2 second(s)

2019-07-02 16:40:46 - [TEST_STEP][PASSED] - click(findTestObject("OCS-MOBILE /Age gate and burger menu/Dried Flower_Plus icon")): Object: 'Object Repository/OCS-MOBILE /Age gate and burger menu/Dried Flower_Plus icon' is clicked on

2019-07-02 16:40:46 - [MESSAGE][PASSED] - Object: 'Object Repository/OCS-MOBILE /Age gate and burger menu/Dried Flower_Plus icon' is clicked on

2019-07-02 16:40:46 - [TEST_STEP][PASSED] - delay(2): Delayed 2 second(s)

2019-07-02 16:40:48 - [MESSAGE][PASSED] - Delayed 2 second(s)

2019-07-02 16:40:48 - [TEST_STEP][PASSED] - click(findTestObject("OCS-MOBILE /Age gate and burger menu/Indica Dominant_Menu item")): Object: 'Object Repository/OCS-MOBILE /Age gate and burger menu/Indica Dominant_Menu item' is clicked on

2019-07-02 16:40:50 - [MESSAGE][PASSED] - Object: 'Object Repository/OCS-MOBILE /Age gate and burger menu/Indica Dominant_Menu item' is clicked on

2019-07-02 16:40:50 - [TEST_STEP][PASSED] - delay(2): Delayed 2 second(s)

2019-07-02 16:40:52 - [MESSAGE][PASSED] - Delayed 2 second(s)

2019-07-02 16:40:52 - [TEST_STEP][PASSED] - executeJavaScript("var previewBar = document.getElementById("preview-bar-iframe"); previewBar.style.display = "none";", []): Execute JavaScript 'var previewBar = document.getElementById("preview-bar-iframe"); previewBar.style.display = "none";' successfully

2019-07-02 16:40:52 - [MESSAGE][PASSED] - Execute JavaScript 'var previewBar = document.getElementById("preview-bar-iframe"); previewBar.style.display = "none";' successfully

2019-07-02 16:40:52 - [TEST_STEP][PASSED] - click(findTestObject("OCS-MOBILE /Collection page/Product image - 1st one")): Object: 'Object Repository/OCS-MOBILE /Collection page/Product image - 1st one' is clicked on

2019-07-02 16:40:58 - [MESSAGE][PASSED] - Object: 'Object Repository/OCS-MOBILE /Collection page/Product image - 1st one' is clicked on

2019-07-02 16:40:58 - [TEST_STEP][PASSED] - executeJavaScript("var previewBar = document.getElementById("preview-bar-iframe"); previewBar.style.display = "none";", []): Execute JavaScript 'var previewBar = document.getElementById("preview-bar-iframe"); previewBar.style.display = "none";' successfully

2019-07-02 16:40:58 - [MESSAGE][PASSED] - Execute JavaScript 'var previewBar = document.getElementById("preview-bar-iframe"); previewBar.style.display = "none";' successfully

2019-07-02 16:40:58 - [TEST_STEP][NOT_RUN] - scrollToElement(findTestObject("OCS-MOBILE /Product page/Product image"), 1): NOT_RUN: scrollToElement(findTestObject("OCS-MOBILE /Product page/Product image"), 1)

2019-07-02 16:40:58 - [MESSAGE][NOT_RUN] - NOT_RUN: scrollToElement(findTestObject("OCS-MOBILE /Product page/Product image"), 1)

2019-07-02 16:40:58 - [TEST_STEP][PASSED] - delay(2): Delayed 2 second(s)

2019-07-02 16:41:00 - [MESSAGE][PASSED] - Delayed 2 second(s)

2019-07-02 16:41:00 - [TEST_STEP][PASSED] - click(findTestObject("OCS-MOBILE /Product page/Swatch_1g")): Object: 'Object Repository/OCS-MOBILE /Product page/Swatch_1g' is clicked on

2019-07-02 16:41:00 - [MESSAGE][PASSED] - Object: 'Object Repository/OCS-MOBILE /Product page/Swatch_1g' is clicked on

2019-07-02 16:41:00 - [TEST_STEP][NOT_RUN] - scrollToElement(findTestObject("OCS-MOBILE /Product page/Swatch_1g"), 1): NOT_RUN: scrollToElement(findTestObject("OCS-MOBILE /Product page/Swatch_1g"), 1)

2019-07-02 16:41:00 - [MESSAGE][NOT_RUN] - NOT_RUN: scrollToElement(findTestObject("OCS-MOBILE /Product page/Swatch_1g"), 1)

2019-07-02 16:41:00 - [TEST_STEP][PASSED] - delay(2): Delayed 2 second(s)

2019-07-02 16:41:02 - [MESSAGE][PASSED] - Delayed 2 second(s)

2019-07-02 16:41:02 - [TEST_STEP][PASSED] - click(findTestObject("OCS-MOBILE /Product page/Quantity Increase - Button")): Object: 'Object Repository/OCS-MOBILE /Product page/Quantity Increase - Button' is clicked on

2019-07-02 16:41:02 - [MESSAGE][PASSED] - Object: 'Object Repository/OCS-MOBILE /Product page/Quantity Increase - Button' is clicked on

2019-07-02 16:41:02 - [TEST_STEP][PASSED] - delay(1): Delayed 1 second(s)

2019-07-02 16:41:03 - [MESSAGE][PASSED] - Delayed 1 second(s)

2019-07-02 16:41:03 - [TEST_STEP][PASSED] - click(findTestObject("OCS-MOBILE /Product page/Quantity Increase - Button")): Object: 'Object Repository/OCS-MOBILE /Product page/Quantity Increase - Button' is clicked on

2019-07-02 16:41:03 - [MESSAGE][PASSED] - Object: 'Object Repository/OCS-MOBILE /Product page/Quantity Increase - Button' is clicked on

2019-07-02 16:41:03 - [TEST_STEP][PASSED] - delay(1): Delayed 1 second(s)

2019-07-02 16:41:04 - [MESSAGE][PASSED] - Delayed 1 second(s)

2019-07-02 16:41:04 - [TEST_STEP][PASSED] - click(findTestObject("OCS-MOBILE /Product page/Quantity Increase - Button")): Object: 'Object Repository/OCS-MOBILE /Product page/Quantity Increase - Button' is clicked on

2019-07-02 16:41:04 - [MESSAGE][PASSED] - Object: 'Object Repository/OCS-MOBILE /Product page/Quantity Increase - Button' is clicked on

2019-07-02 16:41:04 - [TEST_STEP][PASSED] - delay(1): Delayed 1 second(s)

2019-07-02 16:41:05 - [MESSAGE][PASSED] - Delayed 1 second(s)

2019-07-02 16:41:05 - [TEST_STEP][PASSED] - click(findTestObject("OCS-MOBILE /Product page/Quantity Increase - Button")): Object: 'Object Repository/OCS-MOBILE /Product page/Quantity Increase - Button' is clicked on

2019-07-02 16:41:05 - [MESSAGE][PASSED] - Object: 'Object Repository/OCS-MOBILE /Product page/Quantity Increase - Button' is clicked on

2019-07-02 16:41:05 - [TEST_STEP][PASSED] - delay(1): Delayed 1 second(s)

2019-07-02 16:41:06 - [MESSAGE][PASSED] - Delayed 1 second(s)

2019-07-02 16:41:06 - [TEST_STEP][PASSED] - click(findTestObject("OCS-MOBILE /Product page/Quantity Increase - Button")): Object: 'Object Repository/OCS-MOBILE /Product page/Quantity Increase - Button' is clicked on

2019-07-02 16:41:06 - [MESSAGE][PASSED] - Object: 'Object Repository/OCS-MOBILE /Product page/Quantity Increase - Button' is clicked on

2019-07-02 16:41:06 - [TEST_STEP][PASSED] - delay(2): Delayed 2 second(s)

2019-07-02 16:41:08 - [MESSAGE][PASSED] - Delayed 2 second(s)

2019-07-02 16:41:08 - [TEST_STEP][PASSED] - click(findTestObject("OCS-MOBILE /Product page/Add to Bag-button")): Object: 'Object Repository/OCS-MOBILE /Product page/Add to Bag-button' is clicked on

2019-07-02 16:41:08 - [MESSAGE][PASSED] - Object: 'Object Repository/OCS-MOBILE /Product page/Add to Bag-button' is clicked on

2019-07-02 16:41:08 - [TEST_STEP][PASSED] - delay(1): Delayed 1 second(s)

2019-07-02 16:41:09 - [MESSAGE][PASSED] - Delayed 1 second(s)

2019-07-02 16:41:09 - [TEST_STEP][PASSED] - click(findTestObject("OCS-MOBILE /Home - page/Cart icon -bag")): Object: 'Object Repository/OCS-MOBILE /Home - page/Cart icon -bag' is clicked on

2019-07-02 16:41:09 - [MESSAGE][PASSED] - Object: 'Object Repository/OCS-MOBILE /Home - page/Cart icon -bag' is clicked on

2019-07-02 16:41:09 - [TEST_STEP][PASSED] - delay(1): Delayed 1 second(s)

2019-07-02 16:41:10 - [MESSAGE][PASSED] - Delayed 1 second(s)

2019-07-02 16:41:10 - [TEST_STEP][FAILED] - click(findTestObject("OCS-MOBILE /Cart flyout/Checkbox_I confirm that")): click(findTestObject("OCS-MOBILE /Cart flyout/Checkbox_I confirm that")) FAILED.
Reason:
com.kms.katalon.core.exception.StepFailedException: Unable to click on object 'Object Repository/OCS-MOBILE /Cart flyout/Checkbox_I confirm that' (Root cause: org.openqa.selenium.ElementNotVisibleException: element not interactable
  (Session info: chrome=75.0.3770.100)
  (Driver info: chromedriver=2.43.600229 (3fae4d0cda5334b4f533bede5a4787f7b832d052),platform=Mac OS X 10.13.6 x86_64) (WARNING: The server did not provide any stacktrace information)
Command duration or timeout: 0 milliseconds
Build info: version: '3.7.1', revision: '8a0099a', time: '2017-11-06T21:07:36.161Z'
System info: host: 'sumans-MacBook-Pro.local', ip: 'fe80:0:0:0:98:5ae9:edb9:537f%en0', os.name: 'Mac OS X', os.arch: 'x86_64', os.version: '10.13.6', java.version: '1.8.0_181'
Driver info: com.kms.katalon.selenium.driver.CChromeDriver
Capabilities {acceptInsecureCerts: false, acceptSslCerts: false, applicationCacheEnabled: false, browserConnectionEnabled: false, browserName: chrome, chrome: {chromedriverVersion: 2.43.600229 (3fae4d0cda5334..., userDataDir: /var/folders/1t/c55l8xzs6gq...}, cssSelectorsEnabled: true, databaseEnabled: false, goog:chromeOptions: {debuggerAddress: localhost:62596}, handlesAlerts: true, hasTouchScreen: false, javascriptEnabled: true, locationContextEnabled: true, mobileEmulationEnabled: false, nativeEvents: true, networkConnectionEnabled: false, pageLoadStrategy: normal, platform: MAC, platformName: MAC, rotatable: false, setWindowRect: true, takesHeapSnapshot: true, takesScreenshot: true, unexpectedAlertBehaviour: , unhandledPromptBehavior: , version: 75.0.3770.100, webStorageEnabled: true}
Session ID: b783b64702ee0fa133b4a5da568d11c5)
	at com.kms.katalon.core.keyword.internal.KeywordMain.stepFailed(KeywordMain.groovy:36)
	at com.kms.katalon.core.webui.keyword.internal.WebUIKeywordMain.stepFailed(WebUIKeywordMain.groovy:65)
	at com.kms.katalon.core.webui.keyword.internal.WebUIKeywordMain.runKeyword(WebUIKeywordMain.groovy:27)
	at com.kms.katalon.core.webui.keyword.builtin.ClickKeyword.click(ClickKeyword.groovy:86)
	at com.kms.katalon.core.webui.keyword.builtin.ClickKeyword.execute(ClickKeyword.groovy:67)
	at com.kms.katalon.core.keyword.internal.KeywordExecutor.executeKeywordForPlatform(KeywordExecutor.groovy:53)
	at com.kms.katalon.core.webui.keyword.WebUiBuiltInKeywords.click(WebUiBuiltInKeywords.groovy:616)
	at com.kms.katalon.core.webui.keyword.WebUiBuiltInKeywords$click$4.call(Unknown Source)
	at Cart page- decrease qty.run(Cart page- decrease qty:83)
	at com.kms.katalon.core.main.ScriptEngine.run(ScriptEngine.java:194)
	at com.kms.katalon.core.main.ScriptEngine.runScriptAsRawText(ScriptEngine.java:119)
	at com.kms.katalon.core.main.TestCaseExecutor.runScript(TestCaseExecutor.java:328)
	at com.kms.katalon.core.main.TestCaseExecutor.doExecute(TestCaseExecutor.java:319)
	at com.kms.katalon.core.main.TestCaseExecutor.processExecutionPhase(TestCaseExecutor.java:298)
	at com.kms.katalon.core.main.TestCaseExecutor.accessMainPhase(TestCaseExecutor.java:290)
	at com.kms.katalon.core.main.TestCaseExecutor.execute(TestCaseExecutor.java:224)
	at com.kms.katalon.core.main.TestSuiteExecutor.accessTestCaseMainPhase(TestSuiteExecutor.java:129)
	at com.kms.katalon.core.main.TestSuiteExecutor.accessTestSuiteMainPhase(TestSuiteExecutor.java:112)
	at com.kms.katalon.core.main.TestSuiteExecutor.execute(TestSuiteExecutor.java:81)
	at com.kms.katalon.core.main.TestCaseMain.startTestSuite(TestCaseMain.java:149)
	at com.kms.katalon.core.main.TestCaseMain$startTestSuite$0.call(Unknown Source)
	at TempTestSuite1562098461396.run(TempTestSuite1562098461396.groovy:36)


2019-07-02 16:41:10 - [MESSAGE][FAILED] - Unable to click on object 'Object Repository/OCS-MOBILE /Cart flyout/Checkbox_I confirm that' (Root cause: org.openqa.selenium.ElementNotVisibleException: element not interactable
  (Session info: chrome=75.0.3770.100)
  (Driver info: chromedriver=2.43.600229 (3fae4d0cda5334b4f533bede5a4787f7b832d052),platform=Mac OS X 10.13.6 x86_64) (WARNING: The server did not provide any stacktrace information)
Command duration or timeout: 0 milliseconds
Build info: version: '3.7.1', revision: '8a0099a', time: '2017-11-06T21:07:36.161Z'
System info: host: 'sumans-MacBook-Pro.local', ip: 'fe80:0:0:0:98:5ae9:edb9:537f%en0', os.name: 'Mac OS X', os.arch: 'x86_64', os.version: '10.13.6', java.version: '1.8.0_181'
Driver info: com.kms.katalon.selenium.driver.CChromeDriver
Capabilities {acceptInsecureCerts: false, acceptSslCerts: false, applicationCacheEnabled: false, browserConnectionEnabled: false, browserName: chrome, chrome: {chromedriverVersion: 2.43.600229 (3fae4d0cda5334..., userDataDir: /var/folders/1t/c55l8xzs6gq...}, cssSelectorsEnabled: true, databaseEnabled: false, goog:chromeOptions: {debuggerAddress: localhost:62596}, handlesAlerts: true, hasTouchScreen: false, javascriptEnabled: true, locationContextEnabled: true, mobileEmulationEnabled: false, nativeEvents: true, networkConnectionEnabled: false, pageLoadStrategy: normal, platform: MAC, platformName: MAC, rotatable: false, setWindowRect: true, takesHeapSnapshot: true, takesScreenshot: true, unexpectedAlertBehaviour: , unhandledPromptBehavior: , version: 75.0.3770.100, webStorageEnabled: true}
Session ID: b783b64702ee0fa133b4a5da568d11c5)
[[ATTACHMENT|/Users/sumankompelly/Relative xpath-Mobile/Reports/1.11.1/20190702_161421/1562100070703.png]]

2019-07-02 16:41:10 - [MESSAGE][FAILED] - click(findTestObject("OCS-MOBILE /Cart flyout/Checkbox_I confirm that")) FAILED.
Reason:
com.kms.katalon.core.exception.StepFailedException: Unable to click on object 'Object Repository/OCS-MOBILE /Cart flyout/Checkbox_I confirm that' (Root cause: org.openqa.selenium.ElementNotVisibleException: element not interactable
  (Session info: chrome=75.0.3770.100)
  (Driver info: chromedriver=2.43.600229 (3fae4d0cda5334b4f533bede5a4787f7b832d052),platform=Mac OS X 10.13.6 x86_64) (WARNING: The server did not provide any stacktrace information)
Command duration or timeout: 0 milliseconds
Build info: version: '3.7.1', revision: '8a0099a', time: '2017-11-06T21:07:36.161Z'
System info: host: 'sumans-MacBook-Pro.local', ip: 'fe80:0:0:0:98:5ae9:edb9:537f%en0', os.name: 'Mac OS X', os.arch: 'x86_64', os.version: '10.13.6', java.version: '1.8.0_181'
Driver info: com.kms.katalon.selenium.driver.CChromeDriver
Capabilities {acceptInsecureCerts: false, acceptSslCerts: false, applicationCacheEnabled: false, browserConnectionEnabled: false, browserName: chrome, chrome: {chromedriverVersion: 2.43.600229 (3fae4d0cda5334..., userDataDir: /var/folders/1t/c55l8xzs6gq...}, cssSelectorsEnabled: true, databaseEnabled: false, goog:chromeOptions: {debuggerAddress: localhost:62596}, handlesAlerts: true, hasTouchScreen: false, javascriptEnabled: true, locationContextEnabled: true, mobileEmulationEnabled: false, nativeEvents: true, networkConnectionEnabled: false, pageLoadStrategy: normal, platform: MAC, platformName: MAC, rotatable: false, setWindowRect: true, takesHeapSnapshot: true, takesScreenshot: true, unexpectedAlertBehaviour: , unhandledPromptBehavior: , version: 75.0.3770.100, webStorageEnabled: true}
Session ID: b783b64702ee0fa133b4a5da568d11c5)
	at com.kms.katalon.core.keyword.internal.KeywordMain.stepFailed(KeywordMain.groovy:36)
	at com.kms.katalon.core.webui.keyword.internal.WebUIKeywordMain.stepFailed(WebUIKeywordMain.groovy:65)
	at com.kms.katalon.core.webui.keyword.internal.WebUIKeywordMain.runKeyword(WebUIKeywordMain.groovy:27)
	at com.kms.katalon.core.webui.keyword.builtin.ClickKeyword.click(ClickKeyword.groovy:86)
	at com.kms.katalon.core.webui.keyword.builtin.ClickKeyword.execute(ClickKeyword.groovy:67)
	at com.kms.katalon.core.keyword.internal.KeywordExecutor.executeKeywordForPlatform(KeywordExecutor.groovy:53)
	at com.kms.katalon.core.webui.keyword.WebUiBuiltInKeywords.click(WebUiBuiltInKeywords.groovy:616)
	at com.kms.katalon.core.webui.keyword.WebUiBuiltInKeywords$click$4.call(Unknown Source)
	at Cart page- decrease qty.run(Cart page- decrease qty:83)
	at com.kms.katalon.core.main.ScriptEngine.run(ScriptEngine.java:194)
	at com.kms.katalon.core.main.ScriptEngine.runScriptAsRawText(ScriptEngine.java:119)
	at com.kms.katalon.core.main.TestCaseExecutor.runScript(TestCaseExecutor.java:328)
	at com.kms.katalon.core.main.TestCaseExecutor.doExecute(TestCaseExecutor.java:319)
	at com.kms.katalon.core.main.TestCaseExecutor.processExecutionPhase(TestCaseExecutor.java:298)
	at com.kms.katalon.core.main.TestCaseExecutor.accessMainPhase(TestCaseExecutor.java:290)
	at com.kms.katalon.core.main.TestCaseExecutor.execute(TestCaseExecutor.java:224)
	at com.kms.katalon.core.main.TestSuiteExecutor.accessTestCaseMainPhase(TestSuiteExecutor.java:129)
	at com.kms.katalon.core.main.TestSuiteExecutor.accessTestSuiteMainPhase(TestSuiteExecutor.java:112)
	at com.kms.katalon.core.main.TestSuiteExecutor.execute(TestSuiteExecutor.java:81)
	at com.kms.katalon.core.main.TestCaseMain.startTestSuite(TestCaseMain.java:149)
	at com.kms.katalon.core.main.TestCaseMain$startTestSuite$0.call(Unknown Source)
	at TempTestSuite1562098461396.run(TempTestSuite1562098461396.groovy:36)]]></system-out>
         <system-err><![CDATA[2019-07-02 16:40:22 - [TEST_CASE][FAILED] - Test Cases/OCS - MOBILE/OCS- CRITICAL PATH/Cart page- decrease qty: Test Cases/OCS - MOBILE/OCS- CRITICAL PATH/Cart page- decrease qty FAILED.
Reason:
com.kms.katalon.core.exception.StepFailedException: Unable to click on object 'Object Repository/OCS-MOBILE /Cart flyout/Checkbox_I confirm that' (Root cause: org.openqa.selenium.ElementNotVisibleException: element not interactable
  (Session info: chrome=75.0.3770.100)
  (Driver info: chromedriver=2.43.600229 (3fae4d0cda5334b4f533bede5a4787f7b832d052),platform=Mac OS X 10.13.6 x86_64) (WARNING: The server did not provide any stacktrace information)
Command duration or timeout: 0 milliseconds
Build info: version: '3.7.1', revision: '8a0099a', time: '2017-11-06T21:07:36.161Z'
System info: host: 'sumans-MacBook-Pro.local', ip: 'fe80:0:0:0:98:5ae9:edb9:537f%en0', os.name: 'Mac OS X', os.arch: 'x86_64', os.version: '10.13.6', java.version: '1.8.0_181'
Driver info: com.kms.katalon.selenium.driver.CChromeDriver
Capabilities {acceptInsecureCerts: false, acceptSslCerts: false, applicationCacheEnabled: false, browserConnectionEnabled: false, browserName: chrome, chrome: {chromedriverVersion: 2.43.600229 (3fae4d0cda5334..., userDataDir: /var/folders/1t/c55l8xzs6gq...}, cssSelectorsEnabled: true, databaseEnabled: false, goog:chromeOptions: {debuggerAddress: localhost:62596}, handlesAlerts: true, hasTouchScreen: false, javascriptEnabled: true, locationContextEnabled: true, mobileEmulationEnabled: false, nativeEvents: true, networkConnectionEnabled: false, pageLoadStrategy: normal, platform: MAC, platformName: MAC, rotatable: false, setWindowRect: true, takesHeapSnapshot: true, takesScreenshot: true, unexpectedAlertBehaviour: , unhandledPromptBehavior: , version: 75.0.3770.100, webStorageEnabled: true}
Session ID: b783b64702ee0fa133b4a5da568d11c5)
	at com.kms.katalon.core.keyword.internal.KeywordMain.stepFailed(KeywordMain.groovy:36)
	at com.kms.katalon.core.webui.keyword.internal.WebUIKeywordMain.stepFailed(WebUIKeywordMain.groovy:65)
	at com.kms.katalon.core.webui.keyword.internal.WebUIKeywordMain.runKeyword(WebUIKeywordMain.groovy:27)
	at com.kms.katalon.core.webui.keyword.builtin.ClickKeyword.click(ClickKeyword.groovy:86)
	at com.kms.katalon.core.webui.keyword.builtin.ClickKeyword.execute(ClickKeyword.groovy:67)
	at com.kms.katalon.core.keyword.internal.KeywordExecutor.executeKeywordForPlatform(KeywordExecutor.groovy:53)
	at com.kms.katalon.core.webui.keyword.WebUiBuiltInKeywords.click(WebUiBuiltInKeywords.groovy:616)
	at com.kms.katalon.core.webui.keyword.WebUiBuiltInKeywords$click$4.call(Unknown Source)
	at Cart page- decrease qty.run(Cart page- decrease qty:83)
	at com.kms.katalon.core.main.ScriptEngine.run(ScriptEngine.java:194)
	at com.kms.katalon.core.main.ScriptEngine.runScriptAsRawText(ScriptEngine.java:119)
	at com.kms.katalon.core.main.TestCaseExecutor.runScript(TestCaseExecutor.java:328)
	at com.kms.katalon.core.main.TestCaseExecutor.doExecute(TestCaseExecutor.java:319)
	at com.kms.katalon.core.main.TestCaseExecutor.processExecutionPhase(TestCaseExecutor.java:298)
	at com.kms.katalon.core.main.TestCaseExecutor.accessMainPhase(TestCaseExecutor.java:290)
	at com.kms.katalon.core.main.TestCaseExecutor.execute(TestCaseExecutor.java:224)
	at com.kms.katalon.core.main.TestSuiteExecutor.accessTestCaseMainPhase(TestSuiteExecutor.java:129)
	at com.kms.katalon.core.main.TestSuiteExecutor.accessTestSuiteMainPhase(TestSuiteExecutor.java:112)
	at com.kms.katalon.core.main.TestSuiteExecutor.execute(TestSuiteExecutor.java:81)
	at com.kms.katalon.core.main.TestCaseMain.startTestSuite(TestCaseMain.java:149)
	at com.kms.katalon.core.main.TestCaseMain$startTestSuite$0.call(Unknown Source)
	at TempTestSuite1562098461396.run(TempTestSuite1562098461396.groovy:36)]]></system-err>
      </testcase>
      <testcase name="Test Cases/OCS - MOBILE/OCS- CRITICAL PATH/cart page-increase qty" classname="Test Cases/OCS - MOBILE/OCS- CRITICAL PATH/cart page-increase qty" status="FAILED">
         <failure type="FAILED" message="Test Cases/OCS - MOBILE/OCS- CRITICAL PATH/cart page-increase qty FAILED.
Reason:
com.kms.katalon.core.exception.StepFailedException: Unable to click on object 'Object Repository/OCS-MOBILE /Cart page/Quantity Input field' (Root cause: com.kms.katalon.core.webui.exception.WebElementNotFoundException: Web element with id: 'Object Repository/OCS-MOBILE /Cart page/Quantity Input field' located by 'By.xpath: /html[1]/body[1]/div[3]/form[1]/section[1]/div[1]/div[2]/div[1]/div[2]/div[1]/div[1]/div[1]/div[1]/div[1]/input[1]' not found)
	at com.kms.katalon.core.keyword.internal.KeywordMain.stepFailed(KeywordMain.groovy:36)
	at com.kms.katalon.core.webui.keyword.internal.WebUIKeywordMain.stepFailed(WebUIKeywordMain.groovy:65)
	at com.kms.katalon.core.webui.keyword.internal.WebUIKeywordMain.runKeyword(WebUIKeywordMain.groovy:27)
	at com.kms.katalon.core.webui.keyword.builtin.ClickKeyword.click(ClickKeyword.groovy:86)
	at com.kms.katalon.core.webui.keyword.builtin.ClickKeyword.execute(ClickKeyword.groovy:67)
	at com.kms.katalon.core.keyword.internal.KeywordExecutor.executeKeywordForPlatform(KeywordExecutor.groovy:53)
	at com.kms.katalon.core.webui.keyword.WebUiBuiltInKeywords.click(WebUiBuiltInKeywords.groovy:616)
	at com.kms.katalon.core.webui.keyword.WebUiBuiltInKeywords$click$4.call(Unknown Source)
	at cart page-increase qty.run(cart page-increase qty:90)
	at com.kms.katalon.core.main.ScriptEngine.run(ScriptEngine.java:194)
	at com.kms.katalon.core.main.ScriptEngine.runScriptAsRawText(ScriptEngine.java:119)
	at com.kms.katalon.core.main.TestCaseExecutor.runScript(TestCaseExecutor.java:328)
	at com.kms.katalon.core.main.TestCaseExecutor.doExecute(TestCaseExecutor.java:319)
	at com.kms.katalon.core.main.TestCaseExecutor.processExecutionPhase(TestCaseExecutor.java:298)
	at com.kms.katalon.core.main.TestCaseExecutor.accessMainPhase(TestCaseExecutor.java:290)
	at com.kms.katalon.core.main.TestCaseExecutor.execute(TestCaseExecutor.java:224)
	at com.kms.katalon.core.main.TestSuiteExecutor.accessTestCaseMainPhase(TestSuiteExecutor.java:129)
	at com.kms.katalon.core.main.TestSuiteExecutor.accessTestSuiteMainPhase(TestSuiteExecutor.java:112)
	at com.kms.katalon.core.main.TestSuiteExecutor.execute(TestSuiteExecutor.java:81)
	at com.kms.katalon.core.main.TestCaseMain.startTestSuite(TestCaseMain.java:149)
	at com.kms.katalon.core.main.TestCaseMain$startTestSuite$0.call(Unknown Source)
	at TempTestSuite1562098461396.run(TempTestSuite1562098461396.groovy:36)
"/>
         <system-out><![CDATA[2019-07-02 16:41:10 - [TEST_CASE][FAILED] - Test Cases/OCS - MOBILE/OCS- CRITICAL PATH/cart page-increase qty: Test Cases/OCS - MOBILE/OCS- CRITICAL PATH/cart page-increase qty FAILED.
Reason:
com.kms.katalon.core.exception.StepFailedException: Unable to click on object 'Object Repository/OCS-MOBILE /Cart page/Quantity Input field' (Root cause: com.kms.katalon.core.webui.exception.WebElementNotFoundException: Web element with id: 'Object Repository/OCS-MOBILE /Cart page/Quantity Input field' located by 'By.xpath: /html[1]/body[1]/div[3]/form[1]/section[1]/div[1]/div[2]/div[1]/div[2]/div[1]/div[1]/div[1]/div[1]/div[1]/input[1]' not found)
	at com.kms.katalon.core.keyword.internal.KeywordMain.stepFailed(KeywordMain.groovy:36)
	at com.kms.katalon.core.webui.keyword.internal.WebUIKeywordMain.stepFailed(WebUIKeywordMain.groovy:65)
	at com.kms.katalon.core.webui.keyword.internal.WebUIKeywordMain.runKeyword(WebUIKeywordMain.groovy:27)
	at com.kms.katalon.core.webui.keyword.builtin.ClickKeyword.click(ClickKeyword.groovy:86)
	at com.kms.katalon.core.webui.keyword.builtin.ClickKeyword.execute(ClickKeyword.groovy:67)
	at com.kms.katalon.core.keyword.internal.KeywordExecutor.executeKeywordForPlatform(KeywordExecutor.groovy:53)
	at com.kms.katalon.core.webui.keyword.WebUiBuiltInKeywords.click(WebUiBuiltInKeywords.groovy:616)
	at com.kms.katalon.core.webui.keyword.WebUiBuiltInKeywords$click$4.call(Unknown Source)
	at cart page-increase qty.run(cart page-increase qty:90)
	at com.kms.katalon.core.main.ScriptEngine.run(ScriptEngine.java:194)
	at com.kms.katalon.core.main.ScriptEngine.runScriptAsRawText(ScriptEngine.java:119)
	at com.kms.katalon.core.main.TestCaseExecutor.runScript(TestCaseExecutor.java:328)
	at com.kms.katalon.core.main.TestCaseExecutor.doExecute(TestCaseExecutor.java:319)
	at com.kms.katalon.core.main.TestCaseExecutor.processExecutionPhase(TestCaseExecutor.java:298)
	at com.kms.katalon.core.main.TestCaseExecutor.accessMainPhase(TestCaseExecutor.java:290)
	at com.kms.katalon.core.main.TestCaseExecutor.execute(TestCaseExecutor.java:224)
	at com.kms.katalon.core.main.TestSuiteExecutor.accessTestCaseMainPhase(TestSuiteExecutor.java:129)
	at com.kms.katalon.core.main.TestSuiteExecutor.accessTestSuiteMainPhase(TestSuiteExecutor.java:112)
	at com.kms.katalon.core.main.TestSuiteExecutor.execute(TestSuiteExecutor.java:81)
	at com.kms.katalon.core.main.TestCaseMain.startTestSuite(TestCaseMain.java:149)
	at com.kms.katalon.core.main.TestCaseMain$startTestSuite$0.call(Unknown Source)
	at TempTestSuite1562098461396.run(TempTestSuite1562098461396.groovy:36)


2019-07-02 16:41:11 - [TEST_STEP][PASSED] - callTestCase(findTestCase("OCS - MOBILE/CALL - AGE GATE"), [:], STOP_ON_FAILURE): Call Test Case 'Test Cases/OCS - MOBILE/CALL - AGE GATE' successfully

2019-07-02 16:41:11 - [TEST_CASE][PASSED] - Test Cases/OCS - MOBILE/CALL - AGE GATE: Test Cases/OCS - MOBILE/CALL - AGE GATE

2019-07-02 16:41:11 - [TEST_STEP][PASSED] - openBrowser(""): Browser is opened with url: ''

2019-07-02 16:41:11 - [MESSAGE][WARNING] - A browser is already opened. Closing browser and opening a new one

2019-07-02 16:41:11 - [MESSAGE][INFO] - Starting 'Chrome' driver

2019-07-02 16:41:12 - [MESSAGE][PASSED] - Browser is opened with url: ''

2019-07-02 16:41:12 - [TEST_STEP][PASSED] - navigateToUrl("https://ocs.ca/?fts=0&preview_theme_id=74203301708"): Navigate to 'https://ocs.ca/?fts=0&preview_theme_id=74203301708' successfully

2019-07-02 16:41:18 - [MESSAGE][PASSED] - Navigate to 'https://ocs.ca/?fts=0&preview_theme_id=74203301708' successfully

2019-07-02 16:41:18 - [TEST_STEP][PASSED] - executeJavaScript("var previewBar = document.getElementById("preview-bar-iframe"); previewBar.style.display = "none";", []): Execute JavaScript 'var previewBar = document.getElementById("preview-bar-iframe"); previewBar.style.display = "none";' successfully

2019-07-02 16:41:18 - [MESSAGE][PASSED] - Execute JavaScript 'var previewBar = document.getElementById("preview-bar-iframe"); previewBar.style.display = "none";' successfully

2019-07-02 16:41:18 - [TEST_STEP][PASSED] - setViewPortSize(360, 800): Viewport is set to new size with width = 360 and height = 800

2019-07-02 16:41:18 - [MESSAGE][PASSED] - Viewport is set to new size with width = 360 and height = 800

2019-07-02 16:41:18 - [TEST_STEP][PASSED] - delay(4): Delayed 4 second(s)

2019-07-02 16:41:22 - [MESSAGE][PASSED] - Delayed 4 second(s)

2019-07-02 16:41:22 - [TEST_STEP][PASSED] - selectOptionByValue(findTestObject("OCS-MOBILE /Age gate and burger menu/Date"), "12", true): All options with value '12' are selected in object 'Object Repository/OCS-MOBILE /Age gate and burger menu/Date'  using regular expression

2019-07-02 16:41:22 - [MESSAGE][PASSED] - All options with value '12' are selected in object 'Object Repository/OCS-MOBILE /Age gate and burger menu/Date'  using regular expression

2019-07-02 16:41:22 - [TEST_STEP][PASSED] - selectOptionByValue(findTestObject("OCS-MOBILE /Age gate and burger menu/month"), "6", true): All options with value '6' are selected in object 'Object Repository/OCS-MOBILE /Age gate and burger menu/month'  using regular expression

2019-07-02 16:41:22 - [MESSAGE][PASSED] - All options with value '6' are selected in object 'Object Repository/OCS-MOBILE /Age gate and burger menu/month'  using regular expression

2019-07-02 16:41:22 - [TEST_STEP][PASSED] - delay(2): Delayed 2 second(s)

2019-07-02 16:41:24 - [MESSAGE][PASSED] - Delayed 2 second(s)

2019-07-02 16:41:24 - [TEST_STEP][PASSED] - selectOptionByValue(findTestObject("OCS-MOBILE /Age gate and burger menu/Year Dropdown"), "1990", true): All options with value '1990' are selected in object 'Object Repository/OCS-MOBILE /Age gate and burger menu/Year Dropdown'  using regular expression

2019-07-02 16:41:25 - [MESSAGE][PASSED] - All options with value '1990' are selected in object 'Object Repository/OCS-MOBILE /Age gate and burger menu/Year Dropdown'  using regular expression

2019-07-02 16:41:25 - [TEST_STEP][PASSED] - click(findTestObject("OCS-MOBILE /Age gate and Mega menu/button_Verify")): Object: 'Object Repository/OCS-MOBILE /Age gate and Mega menu/button_Verify' is clicked on

2019-07-02 16:41:25 - [MESSAGE][PASSED] - Object: 'Object Repository/OCS-MOBILE /Age gate and Mega menu/button_Verify' is clicked on

2019-07-02 16:41:25 - [TEST_STEP][PASSED] - click(findTestObject("OCS-MOBILE /Age gate and Mega menu/Checkbox_CONFIRM AND ACKNOWLEDGE")): Object: 'Object Repository/OCS-MOBILE /Age gate and Mega menu/Checkbox_CONFIRM AND ACKNOWLEDGE' is clicked on

2019-07-02 16:41:26 - [MESSAGE][PASSED] - Object: 'Object Repository/OCS-MOBILE /Age gate and Mega menu/Checkbox_CONFIRM AND ACKNOWLEDGE' is clicked on

2019-07-02 16:41:26 - [TEST_STEP][PASSED] - click(findTestObject("OCS-MOBILE /Age gate and Mega menu/button_CONFIRM")): Object: 'Object Repository/OCS-MOBILE /Age gate and Mega menu/button_CONFIRM' is clicked on

2019-07-02 16:41:26 - [MESSAGE][PASSED] - Object: 'Object Repository/OCS-MOBILE /Age gate and Mega menu/button_CONFIRM' is clicked on

2019-07-02 16:41:26 - [TEST_STEP][PASSED] - click(findTestObject("OCS-MOBILE /Age gate and Mega menu/button_Start Browsing")): Object: 'Object Repository/OCS-MOBILE /Age gate and Mega menu/button_Start Browsing' is clicked on

2019-07-02 16:41:26 - [MESSAGE][PASSED] - Object: 'Object Repository/OCS-MOBILE /Age gate and Mega menu/button_Start Browsing' is clicked on

2019-07-02 16:41:26 - [TEST_STEP][PASSED] - refresh(): Refresh successfully

2019-07-02 16:41:26 - [MESSAGE][PASSED] - Refresh successfully

2019-07-02 16:41:26 - [TEST_STEP][PASSED] - executeJavaScript("var previewBar = document.getElementById("preview-bar-iframe"); previewBar.style.display = "none";", []): Execute JavaScript 'var previewBar = document.getElementById("preview-bar-iframe"); previewBar.style.display = "none";' successfully

2019-07-02 16:41:29 - [MESSAGE][PASSED] - Execute JavaScript 'var previewBar = document.getElementById("preview-bar-iframe"); previewBar.style.display = "none";' successfully

2019-07-02 16:41:29 - [MESSAGE][PASSED] - Call Test Case 'Test Cases/OCS - MOBILE/CALL - AGE GATE' successfully

2019-07-02 16:41:29 - [TEST_STEP][PASSED] - delay(2): Delayed 2 second(s)

2019-07-02 16:41:31 - [MESSAGE][PASSED] - Delayed 2 second(s)

2019-07-02 16:41:31 - [TEST_STEP][PASSED] - click(findTestObject("OCS-MOBILE /Age gate and burger menu/Burger menu - English")): Object: 'Object Repository/OCS-MOBILE /Age gate and burger menu/Burger menu - English' is clicked on

2019-07-02 16:41:31 - [MESSAGE][PASSED] - Object: 'Object Repository/OCS-MOBILE /Age gate and burger menu/Burger menu - English' is clicked on

2019-07-02 16:41:31 - [TEST_STEP][PASSED] - delay(2): Delayed 2 second(s)

2019-07-02 16:41:33 - [MESSAGE][PASSED] - Delayed 2 second(s)

2019-07-02 16:41:33 - [TEST_STEP][PASSED] - click(findTestObject("OCS-MOBILE /Age gate and burger menu/Chevron_Cannabis")): Object: 'Object Repository/OCS-MOBILE /Age gate and burger menu/Chevron_Cannabis' is clicked on

2019-07-02 16:41:33 - [MESSAGE][PASSED] - Object: 'Object Repository/OCS-MOBILE /Age gate and burger menu/Chevron_Cannabis' is clicked on

2019-07-02 16:41:33 - [TEST_STEP][PASSED] - delay(2): Delayed 2 second(s)

2019-07-02 16:41:35 - [MESSAGE][PASSED] - Delayed 2 second(s)

2019-07-02 16:41:35 - [TEST_STEP][PASSED] - click(findTestObject("OCS-MOBILE /Age gate and burger menu/Dried Flower_Plus icon")): Object: 'Object Repository/OCS-MOBILE /Age gate and burger menu/Dried Flower_Plus icon' is clicked on

2019-07-02 16:41:35 - [MESSAGE][PASSED] - Object: 'Object Repository/OCS-MOBILE /Age gate and burger menu/Dried Flower_Plus icon' is clicked on

2019-07-02 16:41:35 - [TEST_STEP][PASSED] - delay(2): Delayed 2 second(s)

2019-07-02 16:41:37 - [MESSAGE][PASSED] - Delayed 2 second(s)

2019-07-02 16:41:37 - [TEST_STEP][PASSED] - click(findTestObject("OCS-MOBILE /Age gate and burger menu/Indica Dominant_Menu item")): Object: 'Object Repository/OCS-MOBILE /Age gate and burger menu/Indica Dominant_Menu item' is clicked on

2019-07-02 16:41:41 - [MESSAGE][PASSED] - Object: 'Object Repository/OCS-MOBILE /Age gate and burger menu/Indica Dominant_Menu item' is clicked on

2019-07-02 16:41:41 - [TEST_STEP][PASSED] - executeJavaScript("var previewBar = document.getElementById("preview-bar-iframe"); previewBar.style.display = "none";", []): Execute JavaScript 'var previewBar = document.getElementById("preview-bar-iframe"); previewBar.style.display = "none";' successfully

2019-07-02 16:41:41 - [MESSAGE][PASSED] - Execute JavaScript 'var previewBar = document.getElementById("preview-bar-iframe"); previewBar.style.display = "none";' successfully

2019-07-02 16:41:41 - [TEST_STEP][PASSED] - delay(2): Delayed 2 second(s)

2019-07-02 16:41:43 - [MESSAGE][PASSED] - Delayed 2 second(s)

2019-07-02 16:41:43 - [TEST_STEP][PASSED] - click(findTestObject("OCS-MOBILE /Collection page/Product image - 1st one")): Object: 'Object Repository/OCS-MOBILE /Collection page/Product image - 1st one' is clicked on

2019-07-02 16:41:47 - [MESSAGE][PASSED] - Object: 'Object Repository/OCS-MOBILE /Collection page/Product image - 1st one' is clicked on

2019-07-02 16:41:47 - [TEST_STEP][PASSED] - executeJavaScript("var previewBar = document.getElementById("preview-bar-iframe"); previewBar.style.display = "none";", []): Execute JavaScript 'var previewBar = document.getElementById("preview-bar-iframe"); previewBar.style.display = "none";' successfully

2019-07-02 16:41:47 - [MESSAGE][PASSED] - Execute JavaScript 'var previewBar = document.getElementById("preview-bar-iframe"); previewBar.style.display = "none";' successfully

2019-07-02 16:41:47 - [TEST_STEP][NOT_RUN] - scrollToElement(findTestObject("OCS-MOBILE /Product page/Product image"), 1): NOT_RUN: scrollToElement(findTestObject("OCS-MOBILE /Product page/Product image"), 1)

2019-07-02 16:41:47 - [MESSAGE][NOT_RUN] - NOT_RUN: scrollToElement(findTestObject("OCS-MOBILE /Product page/Product image"), 1)

2019-07-02 16:41:47 - [TEST_STEP][PASSED] - delay(2): Delayed 2 second(s)

2019-07-02 16:41:49 - [MESSAGE][PASSED] - Delayed 2 second(s)

2019-07-02 16:41:49 - [TEST_STEP][PASSED] - click(findTestObject("OCS-MOBILE /Product page/Swatch_1g")): Object: 'Object Repository/OCS-MOBILE /Product page/Swatch_1g' is clicked on

2019-07-02 16:41:49 - [MESSAGE][PASSED] - Object: 'Object Repository/OCS-MOBILE /Product page/Swatch_1g' is clicked on

2019-07-02 16:41:49 - [TEST_STEP][PASSED] - scrollToElement(findTestObject("OCS-MOBILE /Product page/Swatch_3.5g"), 1): Scroll to object 'Object Repository/OCS-MOBILE /Product page/Swatch_3.5g' successfully

2019-07-02 16:41:49 - [MESSAGE][PASSED] - Scroll to object 'Object Repository/OCS-MOBILE /Product page/Swatch_3.5g' successfully

2019-07-02 16:41:49 - [TEST_STEP][PASSED] - delay(2): Delayed 2 second(s)

2019-07-02 16:41:51 - [MESSAGE][PASSED] - Delayed 2 second(s)

2019-07-02 16:41:51 - [TEST_STEP][PASSED] - click(findTestObject("OCS-MOBILE /Product page/Add to Bag-button")): Object: 'Object Repository/OCS-MOBILE /Product page/Add to Bag-button' is clicked on

2019-07-02 16:41:51 - [MESSAGE][PASSED] - Object: 'Object Repository/OCS-MOBILE /Product page/Add to Bag-button' is clicked on

2019-07-02 16:41:51 - [TEST_STEP][PASSED] - delay(1): Delayed 1 second(s)

2019-07-02 16:41:52 - [MESSAGE][PASSED] - Delayed 1 second(s)

2019-07-02 16:41:52 - [TEST_STEP][PASSED] - click(findTestObject("OCS-MOBILE /Home - page/Cart icon -bag")): Object: 'Object Repository/OCS-MOBILE /Home - page/Cart icon -bag' is clicked on

2019-07-02 16:41:53 - [MESSAGE][PASSED] - Object: 'Object Repository/OCS-MOBILE /Home - page/Cart icon -bag' is clicked on

2019-07-02 16:41:53 - [TEST_STEP][PASSED] - delay(2): Delayed 2 second(s)

2019-07-02 16:41:55 - [MESSAGE][PASSED] - Delayed 2 second(s)

2019-07-02 16:41:55 - [TEST_STEP][PASSED] - click(findTestObject("OCS-MOBILE /Cart flyout/Checkbox_I confirm that")): Object: 'Object Repository/OCS-MOBILE /Cart flyout/Checkbox_I confirm that' is clicked on

2019-07-02 16:41:55 - [MESSAGE][PASSED] - Object: 'Object Repository/OCS-MOBILE /Cart flyout/Checkbox_I confirm that' is clicked on

2019-07-02 16:41:55 - [TEST_STEP][PASSED] - delay(2): Delayed 2 second(s)

2019-07-02 16:41:57 - [MESSAGE][PASSED] - Delayed 2 second(s)

2019-07-02 16:41:57 - [TEST_STEP][PASSED] - click(findTestObject("OCS-MOBILE /Cart flyout/Checkbox_Accept the Terms Condition")): Object: 'Object Repository/OCS-MOBILE /Cart flyout/Checkbox_Accept the Terms Condition' is clicked on

2019-07-02 16:41:57 - [MESSAGE][PASSED] - Object: 'Object Repository/OCS-MOBILE /Cart flyout/Checkbox_Accept the Terms Condition' is clicked on

2019-07-02 16:41:57 - [TEST_STEP][PASSED] - delay(1): Delayed 1 second(s)

2019-07-02 16:41:58 - [MESSAGE][PASSED] - Delayed 1 second(s)

2019-07-02 16:41:58 - [TEST_STEP][PASSED] - click(findTestObject("OCS-MOBILE /Cart flyout/Checkout - Button")): Object: 'Object Repository/OCS-MOBILE /Cart flyout/Checkout - Button' is clicked on

2019-07-02 16:42:05 - [MESSAGE][PASSED] - Object: 'Object Repository/OCS-MOBILE /Cart flyout/Checkout - Button' is clicked on

2019-07-02 16:42:05 - [TEST_STEP][PASSED] - delay(2): Delayed 2 second(s)

2019-07-02 16:42:07 - [MESSAGE][PASSED] - Delayed 2 second(s)

2019-07-02 16:42:07 - [TEST_STEP][PASSED] - executeJavaScript("var previewBar = document.getElementById("preview-bar-iframe"); previewBar.style.display = "none";", []): Execute JavaScript 'var previewBar = document.getElementById("preview-bar-iframe"); previewBar.style.display = "none";' successfully

2019-07-02 16:42:07 - [MESSAGE][PASSED] - Execute JavaScript 'var previewBar = document.getElementById("preview-bar-iframe"); previewBar.style.display = "none";' successfully

2019-07-02 16:42:07 - [TEST_STEP][PASSED] - delay(2): Delayed 2 second(s)

2019-07-02 16:42:09 - [MESSAGE][PASSED] - Delayed 2 second(s)

2019-07-02 16:42:09 - [TEST_STEP][PASSED] - scrollToElement(findTestObject("OCS-MOBILE /Customer info page/Return to Cart - Link"), 1): Scroll to object 'Object Repository/OCS-MOBILE /Customer info page/Return to Cart - Link' successfully

2019-07-02 16:42:09 - [MESSAGE][PASSED] - Scroll to object 'Object Repository/OCS-MOBILE /Customer info page/Return to Cart - Link' successfully

2019-07-02 16:42:09 - [TEST_STEP][PASSED] - click(findTestObject("OCS-MOBILE /Customer info page/Return to Cart - Link")): Object: 'Object Repository/OCS-MOBILE /Customer info page/Return to Cart - Link' is clicked on

2019-07-02 16:42:11 - [MESSAGE][PASSED] - Object: 'Object Repository/OCS-MOBILE /Customer info page/Return to Cart - Link' is clicked on

2019-07-02 16:42:11 - [TEST_STEP][PASSED] - delay(1): Delayed 1 second(s)

2019-07-02 16:42:12 - [MESSAGE][PASSED] - Delayed 1 second(s)

2019-07-02 16:42:12 - [TEST_STEP][PASSED] - a = getText(findTestObject("OCS-MOBILE /Cart page/Unit price - product - price in cart page")): Text of object 'Object Repository/OCS-MOBILE /Cart page/Unit price - product - price in cart page' is: '$10.25'

2019-07-02 16:42:12 - [MESSAGE][PASSED] - Text of object 'Object Repository/OCS-MOBILE /Cart page/Unit price - product - price in cart page' is: '$10.25'

2019-07-02 16:42:12 - [TEST_STEP][PASSED] - comment(a): $10.25

2019-07-02 16:42:12 - [MESSAGE][INFO] - $10.25

2019-07-02 16:42:12 - [TEST_STEP][FAILED] - click(findTestObject("OCS-MOBILE /Cart page/Quantity Input field")): click(findTestObject("OCS-MOBILE /Cart page/Quantity Input field")) FAILED.
Reason:
com.kms.katalon.core.exception.StepFailedException: Unable to click on object 'Object Repository/OCS-MOBILE /Cart page/Quantity Input field' (Root cause: com.kms.katalon.core.webui.exception.WebElementNotFoundException: Web element with id: 'Object Repository/OCS-MOBILE /Cart page/Quantity Input field' located by 'By.xpath: /html[1]/body[1]/div[3]/form[1]/section[1]/div[1]/div[2]/div[1]/div[2]/div[1]/div[1]/div[1]/div[1]/div[1]/input[1]' not found)
	at com.kms.katalon.core.keyword.internal.KeywordMain.stepFailed(KeywordMain.groovy:36)
	at com.kms.katalon.core.webui.keyword.internal.WebUIKeywordMain.stepFailed(WebUIKeywordMain.groovy:65)
	at com.kms.katalon.core.webui.keyword.internal.WebUIKeywordMain.runKeyword(WebUIKeywordMain.groovy:27)
	at com.kms.katalon.core.webui.keyword.builtin.ClickKeyword.click(ClickKeyword.groovy:86)
	at com.kms.katalon.core.webui.keyword.builtin.ClickKeyword.execute(ClickKeyword.groovy:67)
	at com.kms.katalon.core.keyword.internal.KeywordExecutor.executeKeywordForPlatform(KeywordExecutor.groovy:53)
	at com.kms.katalon.core.webui.keyword.WebUiBuiltInKeywords.click(WebUiBuiltInKeywords.groovy:616)
	at com.kms.katalon.core.webui.keyword.WebUiBuiltInKeywords$click$4.call(Unknown Source)
	at cart page-increase qty.run(cart page-increase qty:90)
	at com.kms.katalon.core.main.ScriptEngine.run(ScriptEngine.java:194)
	at com.kms.katalon.core.main.ScriptEngine.runScriptAsRawText(ScriptEngine.java:119)
	at com.kms.katalon.core.main.TestCaseExecutor.runScript(TestCaseExecutor.java:328)
	at com.kms.katalon.core.main.TestCaseExecutor.doExecute(TestCaseExecutor.java:319)
	at com.kms.katalon.core.main.TestCaseExecutor.processExecutionPhase(TestCaseExecutor.java:298)
	at com.kms.katalon.core.main.TestCaseExecutor.accessMainPhase(TestCaseExecutor.java:290)
	at com.kms.katalon.core.main.TestCaseExecutor.execute(TestCaseExecutor.java:224)
	at com.kms.katalon.core.main.TestSuiteExecutor.accessTestCaseMainPhase(TestSuiteExecutor.java:129)
	at com.kms.katalon.core.main.TestSuiteExecutor.accessTestSuiteMainPhase(TestSuiteExecutor.java:112)
	at com.kms.katalon.core.main.TestSuiteExecutor.execute(TestSuiteExecutor.java:81)
	at com.kms.katalon.core.main.TestCaseMain.startTestSuite(TestCaseMain.java:149)
	at com.kms.katalon.core.main.TestCaseMain$startTestSuite$0.call(Unknown Source)
	at TempTestSuite1562098461396.run(TempTestSuite1562098461396.groovy:36)


2019-07-02 16:42:42 - [MESSAGE][INFO] - Unable to find the element located by 'By.xpath: /html[1]/body[1]/div[3]/form[1]/section[1]/div[1]/div[2]/div[1]/div[2]/div[1]/div[1]/div[1]/div[1]/div[1]/input[1]'. Please recheck the objects properties to make sure the desired element is located. 

2019-07-02 16:42:43 - [MESSAGE][FAILED] - Unable to click on object 'Object Repository/OCS-MOBILE /Cart page/Quantity Input field' (Root cause: com.kms.katalon.core.webui.exception.WebElementNotFoundException: Web element with id: 'Object Repository/OCS-MOBILE /Cart page/Quantity Input field' located by 'By.xpath: /html[1]/body[1]/div[3]/form[1]/section[1]/div[1]/div[2]/div[1]/div[2]/div[1]/div[1]/div[1]/div[1]/div[1]/input[1]' not found)
[[ATTACHMENT|/Users/sumankompelly/Relative xpath-Mobile/Reports/1.11.1/20190702_161421/1562100162944.png]]

2019-07-02 16:42:43 - [MESSAGE][FAILED] - click(findTestObject("OCS-MOBILE /Cart page/Quantity Input field")) FAILED.
Reason:
com.kms.katalon.core.exception.StepFailedException: Unable to click on object 'Object Repository/OCS-MOBILE /Cart page/Quantity Input field' (Root cause: com.kms.katalon.core.webui.exception.WebElementNotFoundException: Web element with id: 'Object Repository/OCS-MOBILE /Cart page/Quantity Input field' located by 'By.xpath: /html[1]/body[1]/div[3]/form[1]/section[1]/div[1]/div[2]/div[1]/div[2]/div[1]/div[1]/div[1]/div[1]/div[1]/input[1]' not found)
	at com.kms.katalon.core.keyword.internal.KeywordMain.stepFailed(KeywordMain.groovy:36)
	at com.kms.katalon.core.webui.keyword.internal.WebUIKeywordMain.stepFailed(WebUIKeywordMain.groovy:65)
	at com.kms.katalon.core.webui.keyword.internal.WebUIKeywordMain.runKeyword(WebUIKeywordMain.groovy:27)
	at com.kms.katalon.core.webui.keyword.builtin.ClickKeyword.click(ClickKeyword.groovy:86)
	at com.kms.katalon.core.webui.keyword.builtin.ClickKeyword.execute(ClickKeyword.groovy:67)
	at com.kms.katalon.core.keyword.internal.KeywordExecutor.executeKeywordForPlatform(KeywordExecutor.groovy:53)
	at com.kms.katalon.core.webui.keyword.WebUiBuiltInKeywords.click(WebUiBuiltInKeywords.groovy:616)
	at com.kms.katalon.core.webui.keyword.WebUiBuiltInKeywords$click$4.call(Unknown Source)
	at cart page-increase qty.run(cart page-increase qty:90)
	at com.kms.katalon.core.main.ScriptEngine.run(ScriptEngine.java:194)
	at com.kms.katalon.core.main.ScriptEngine.runScriptAsRawText(ScriptEngine.java:119)
	at com.kms.katalon.core.main.TestCaseExecutor.runScript(TestCaseExecutor.java:328)
	at com.kms.katalon.core.main.TestCaseExecutor.doExecute(TestCaseExecutor.java:319)
	at com.kms.katalon.core.main.TestCaseExecutor.processExecutionPhase(TestCaseExecutor.java:298)
	at com.kms.katalon.core.main.TestCaseExecutor.accessMainPhase(TestCaseExecutor.java:290)
	at com.kms.katalon.core.main.TestCaseExecutor.execute(TestCaseExecutor.java:224)
	at com.kms.katalon.core.main.TestSuiteExecutor.accessTestCaseMainPhase(TestSuiteExecutor.java:129)
	at com.kms.katalon.core.main.TestSuiteExecutor.accessTestSuiteMainPhase(TestSuiteExecutor.java:112)
	at com.kms.katalon.core.main.TestSuiteExecutor.execute(TestSuiteExecutor.java:81)
	at com.kms.katalon.core.main.TestCaseMain.startTestSuite(TestCaseMain.java:149)
	at com.kms.katalon.core.main.TestCaseMain$startTestSuite$0.call(Unknown Source)
	at TempTestSuite1562098461396.run(TempTestSuite1562098461396.groovy:36)]]></system-out>
         <system-err><![CDATA[2019-07-02 16:41:10 - [TEST_CASE][FAILED] - Test Cases/OCS - MOBILE/OCS- CRITICAL PATH/cart page-increase qty: Test Cases/OCS - MOBILE/OCS- CRITICAL PATH/cart page-increase qty FAILED.
Reason:
com.kms.katalon.core.exception.StepFailedException: Unable to click on object 'Object Repository/OCS-MOBILE /Cart page/Quantity Input field' (Root cause: com.kms.katalon.core.webui.exception.WebElementNotFoundException: Web element with id: 'Object Repository/OCS-MOBILE /Cart page/Quantity Input field' located by 'By.xpath: /html[1]/body[1]/div[3]/form[1]/section[1]/div[1]/div[2]/div[1]/div[2]/div[1]/div[1]/div[1]/div[1]/div[1]/input[1]' not found)
	at com.kms.katalon.core.keyword.internal.KeywordMain.stepFailed(KeywordMain.groovy:36)
	at com.kms.katalon.core.webui.keyword.internal.WebUIKeywordMain.stepFailed(WebUIKeywordMain.groovy:65)
	at com.kms.katalon.core.webui.keyword.internal.WebUIKeywordMain.runKeyword(WebUIKeywordMain.groovy:27)
	at com.kms.katalon.core.webui.keyword.builtin.ClickKeyword.click(ClickKeyword.groovy:86)
	at com.kms.katalon.core.webui.keyword.builtin.ClickKeyword.execute(ClickKeyword.groovy:67)
	at com.kms.katalon.core.keyword.internal.KeywordExecutor.executeKeywordForPlatform(KeywordExecutor.groovy:53)
	at com.kms.katalon.core.webui.keyword.WebUiBuiltInKeywords.click(WebUiBuiltInKeywords.groovy:616)
	at com.kms.katalon.core.webui.keyword.WebUiBuiltInKeywords$click$4.call(Unknown Source)
	at cart page-increase qty.run(cart page-increase qty:90)
	at com.kms.katalon.core.main.ScriptEngine.run(ScriptEngine.java:194)
	at com.kms.katalon.core.main.ScriptEngine.runScriptAsRawText(ScriptEngine.java:119)
	at com.kms.katalon.core.main.TestCaseExecutor.runScript(TestCaseExecutor.java:328)
	at com.kms.katalon.core.main.TestCaseExecutor.doExecute(TestCaseExecutor.java:319)
	at com.kms.katalon.core.main.TestCaseExecutor.processExecutionPhase(TestCaseExecutor.java:298)
	at com.kms.katalon.core.main.TestCaseExecutor.accessMainPhase(TestCaseExecutor.java:290)
	at com.kms.katalon.core.main.TestCaseExecutor.execute(TestCaseExecutor.java:224)
	at com.kms.katalon.core.main.TestSuiteExecutor.accessTestCaseMainPhase(TestSuiteExecutor.java:129)
	at com.kms.katalon.core.main.TestSuiteExecutor.accessTestSuiteMainPhase(TestSuiteExecutor.java:112)
	at com.kms.katalon.core.main.TestSuiteExecutor.execute(TestSuiteExecutor.java:81)
	at com.kms.katalon.core.main.TestCaseMain.startTestSuite(TestCaseMain.java:149)
	at com.kms.katalon.core.main.TestCaseMain$startTestSuite$0.call(Unknown Source)
	at TempTestSuite1562098461396.run(TempTestSuite1562098461396.groovy:36)]]></system-err>
      </testcase>
      <testcase name="Test Cases/OCS - MOBILE/OCS- HOME PAGE/Toggling language" classname="Test Cases/OCS - MOBILE/OCS- HOME PAGE/Toggling language" status="PASSED">
         <system-out><![CDATA[2019-07-02 16:42:43 - [TEST_CASE][PASSED] - Test Cases/OCS - MOBILE/OCS- HOME PAGE/Toggling language: Test Cases/OCS - MOBILE/OCS- HOME PAGE/Toggling language

2019-07-02 16:42:43 - [TEST_STEP][PASSED] - callTestCase(findTestCase("OCS - MOBILE/CALL - AGE GATE"), [:], STOP_ON_FAILURE): Call Test Case 'Test Cases/OCS - MOBILE/CALL - AGE GATE' successfully

2019-07-02 16:42:43 - [TEST_CASE][PASSED] - Test Cases/OCS - MOBILE/CALL - AGE GATE: Test Cases/OCS - MOBILE/CALL - AGE GATE

2019-07-02 16:42:43 - [TEST_STEP][PASSED] - openBrowser(""): Browser is opened with url: ''

2019-07-02 16:42:43 - [MESSAGE][WARNING] - A browser is already opened. Closing browser and opening a new one

2019-07-02 16:42:43 - [MESSAGE][INFO] - Starting 'Chrome' driver

2019-07-02 16:42:44 - [MESSAGE][PASSED] - Browser is opened with url: ''

2019-07-02 16:42:44 - [TEST_STEP][PASSED] - navigateToUrl("https://ocs.ca/?fts=0&preview_theme_id=74203301708"): Navigate to 'https://ocs.ca/?fts=0&preview_theme_id=74203301708' successfully

2019-07-02 16:42:48 - [MESSAGE][PASSED] - Navigate to 'https://ocs.ca/?fts=0&preview_theme_id=74203301708' successfully

2019-07-02 16:42:48 - [TEST_STEP][PASSED] - executeJavaScript("var previewBar = document.getElementById("preview-bar-iframe"); previewBar.style.display = "none";", []): Execute JavaScript 'var previewBar = document.getElementById("preview-bar-iframe"); previewBar.style.display = "none";' successfully

2019-07-02 16:42:48 - [MESSAGE][PASSED] - Execute JavaScript 'var previewBar = document.getElementById("preview-bar-iframe"); previewBar.style.display = "none";' successfully

2019-07-02 16:42:48 - [TEST_STEP][PASSED] - setViewPortSize(360, 800): Viewport is set to new size with width = 360 and height = 800

2019-07-02 16:42:49 - [MESSAGE][PASSED] - Viewport is set to new size with width = 360 and height = 800

2019-07-02 16:42:49 - [TEST_STEP][PASSED] - delay(4): Delayed 4 second(s)

2019-07-02 16:42:53 - [MESSAGE][PASSED] - Delayed 4 second(s)

2019-07-02 16:42:53 - [TEST_STEP][PASSED] - selectOptionByValue(findTestObject("OCS-MOBILE /Age gate and burger menu/Date"), "12", true): All options with value '12' are selected in object 'Object Repository/OCS-MOBILE /Age gate and burger menu/Date'  using regular expression

2019-07-02 16:42:53 - [MESSAGE][PASSED] - All options with value '12' are selected in object 'Object Repository/OCS-MOBILE /Age gate and burger menu/Date'  using regular expression

2019-07-02 16:42:53 - [TEST_STEP][PASSED] - selectOptionByValue(findTestObject("OCS-MOBILE /Age gate and burger menu/month"), "6", true): All options with value '6' are selected in object 'Object Repository/OCS-MOBILE /Age gate and burger menu/month'  using regular expression

2019-07-02 16:42:53 - [MESSAGE][PASSED] - All options with value '6' are selected in object 'Object Repository/OCS-MOBILE /Age gate and burger menu/month'  using regular expression

2019-07-02 16:42:53 - [TEST_STEP][PASSED] - delay(2): Delayed 2 second(s)

2019-07-02 16:42:55 - [MESSAGE][PASSED] - Delayed 2 second(s)

2019-07-02 16:42:55 - [TEST_STEP][PASSED] - selectOptionByValue(findTestObject("OCS-MOBILE /Age gate and burger menu/Year Dropdown"), "1990", true): All options with value '1990' are selected in object 'Object Repository/OCS-MOBILE /Age gate and burger menu/Year Dropdown'  using regular expression

2019-07-02 16:42:56 - [MESSAGE][PASSED] - All options with value '1990' are selected in object 'Object Repository/OCS-MOBILE /Age gate and burger menu/Year Dropdown'  using regular expression

2019-07-02 16:42:56 - [TEST_STEP][PASSED] - click(findTestObject("OCS-MOBILE /Age gate and Mega menu/button_Verify")): Object: 'Object Repository/OCS-MOBILE /Age gate and Mega menu/button_Verify' is clicked on

2019-07-02 16:42:56 - [MESSAGE][PASSED] - Object: 'Object Repository/OCS-MOBILE /Age gate and Mega menu/button_Verify' is clicked on

2019-07-02 16:42:56 - [TEST_STEP][PASSED] - click(findTestObject("OCS-MOBILE /Age gate and Mega menu/Checkbox_CONFIRM AND ACKNOWLEDGE")): Object: 'Object Repository/OCS-MOBILE /Age gate and Mega menu/Checkbox_CONFIRM AND ACKNOWLEDGE' is clicked on

2019-07-02 16:42:56 - [MESSAGE][PASSED] - Object: 'Object Repository/OCS-MOBILE /Age gate and Mega menu/Checkbox_CONFIRM AND ACKNOWLEDGE' is clicked on

2019-07-02 16:42:56 - [TEST_STEP][PASSED] - click(findTestObject("OCS-MOBILE /Age gate and Mega menu/button_CONFIRM")): Object: 'Object Repository/OCS-MOBILE /Age gate and Mega menu/button_CONFIRM' is clicked on

2019-07-02 16:42:56 - [MESSAGE][PASSED] - Object: 'Object Repository/OCS-MOBILE /Age gate and Mega menu/button_CONFIRM' is clicked on

2019-07-02 16:42:56 - [TEST_STEP][PASSED] - click(findTestObject("OCS-MOBILE /Age gate and Mega menu/button_Start Browsing")): Object: 'Object Repository/OCS-MOBILE /Age gate and Mega menu/button_Start Browsing' is clicked on

2019-07-02 16:42:56 - [MESSAGE][PASSED] - Object: 'Object Repository/OCS-MOBILE /Age gate and Mega menu/button_Start Browsing' is clicked on

2019-07-02 16:42:56 - [TEST_STEP][PASSED] - refresh(): Refresh successfully

2019-07-02 16:42:56 - [MESSAGE][PASSED] - Refresh successfully

2019-07-02 16:42:56 - [TEST_STEP][PASSED] - executeJavaScript("var previewBar = document.getElementById("preview-bar-iframe"); previewBar.style.display = "none";", []): Execute JavaScript 'var previewBar = document.getElementById("preview-bar-iframe"); previewBar.style.display = "none";' successfully

2019-07-02 16:42:59 - [MESSAGE][PASSED] - Execute JavaScript 'var previewBar = document.getElementById("preview-bar-iframe"); previewBar.style.display = "none";' successfully

2019-07-02 16:42:59 - [MESSAGE][PASSED] - Call Test Case 'Test Cases/OCS - MOBILE/CALL - AGE GATE' successfully

2019-07-02 16:42:59 - [TEST_STEP][PASSED] - executeJavaScript("var previewBar = document.getElementById("preview-bar-iframe"); previewBar.style.display = "none";", []): Execute JavaScript 'var previewBar = document.getElementById("preview-bar-iframe"); previewBar.style.display = "none";' successfully

2019-07-02 16:42:59 - [MESSAGE][PASSED] - Execute JavaScript 'var previewBar = document.getElementById("preview-bar-iframe"); previewBar.style.display = "none";' successfully

2019-07-02 16:42:59 - [TEST_STEP][PASSED] - delay(2): Delayed 2 second(s)

2019-07-02 16:43:01 - [MESSAGE][PASSED] - Delayed 2 second(s)

2019-07-02 16:43:01 - [TEST_STEP][NOT_RUN] - refresh(): NOT_RUN: refresh()

2019-07-02 16:43:01 - [MESSAGE][NOT_RUN] - NOT_RUN: refresh()

2019-07-02 16:43:01 - [TEST_STEP][PASSED] - click(findTestObject("OCS-MOBILE /Age gate and burger menu/Burger menu - English")): Object: 'Object Repository/OCS-MOBILE /Age gate and burger menu/Burger menu - English' is clicked on

2019-07-02 16:43:01 - [MESSAGE][PASSED] - Object: 'Object Repository/OCS-MOBILE /Age gate and burger menu/Burger menu - English' is clicked on

2019-07-02 16:43:01 - [TEST_STEP][PASSED] - delay(2): Delayed 2 second(s)

2019-07-02 16:43:03 - [MESSAGE][PASSED] - Delayed 2 second(s)

2019-07-02 16:43:03 - [TEST_STEP][PASSED] - click(findTestObject("OCS-MOBILE /Cart flyout/English dropdown")): Object: 'Object Repository/OCS-MOBILE /Cart flyout/English dropdown' is clicked on

2019-07-02 16:43:03 - [MESSAGE][PASSED] - Object: 'Object Repository/OCS-MOBILE /Cart flyout/English dropdown' is clicked on

2019-07-02 16:43:03 - [TEST_STEP][PASSED] - delay(2): Delayed 2 second(s)

2019-07-02 16:43:05 - [MESSAGE][PASSED] - Delayed 2 second(s)

2019-07-02 16:43:05 - [TEST_STEP][PASSED] - executeJavaScript("var previewBar = document.getElementById("preview-bar-iframe"); previewBar.style.display = "none";", []): Execute JavaScript 'var previewBar = document.getElementById("preview-bar-iframe"); previewBar.style.display = "none";' successfully

2019-07-02 16:43:05 - [MESSAGE][PASSED] - Execute JavaScript 'var previewBar = document.getElementById("preview-bar-iframe"); previewBar.style.display = "none";' successfully

2019-07-02 16:43:05 - [TEST_STEP][PASSED] - click(findTestObject("OCS-MOBILE /Cart flyout/Select French")): Object: 'Object Repository/OCS-MOBILE /Cart flyout/Select French' is clicked on

2019-07-02 16:43:06 - [MESSAGE][PASSED] - Object: 'Object Repository/OCS-MOBILE /Cart flyout/Select French' is clicked on

2019-07-02 16:43:06 - [TEST_STEP][PASSED] - delay(5): Delayed 5 second(s)

2019-07-02 16:43:11 - [MESSAGE][PASSED] - Delayed 5 second(s)

2019-07-02 16:43:11 - [TEST_STEP][PASSED] - a = getWindowTitle(): Current window's title is: 'Magasin de Cannabis de l'Ontario | Ontario Cannabis Store'

2019-07-02 16:43:11 - [MESSAGE][PASSED] - Current window's title is: 'Magasin de Cannabis de l'Ontario | Ontario Cannabis Store'

2019-07-02 16:43:11 - [TEST_STEP][PASSED] - comment("a = " + a): a = Magasin de Cannabis de l'Ontario | Ontario Cannabis Store

2019-07-02 16:43:11 - [MESSAGE][INFO] - a = Magasin de Cannabis de l'Ontario | Ontario Cannabis Store

2019-07-02 16:43:11 - [TEST_STEP][PASSED] - b = "Magasin de Cannabis de l'Ontario | Ontario Cannabis Store": null

2019-07-02 16:43:11 - [TEST_STEP][PASSED] - delay(2): Delayed 2 second(s)

2019-07-02 16:43:13 - [MESSAGE][PASSED] - Delayed 2 second(s)

2019-07-02 16:43:13 - [TEST_STEP][PASSED] - flag1 = verifyMatch(a, b, false): Actual text 'Magasin de Cannabis de l'Ontario | Ontario Cannabis Store' and expected text 'Magasin de Cannabis de l'Ontario | Ontario Cannabis Store' are matched 

2019-07-02 16:43:13 - [MESSAGE][PASSED] - Actual text 'Magasin de Cannabis de l'Ontario | Ontario Cannabis Store' and expected text 'Magasin de Cannabis de l'Ontario | Ontario Cannabis Store' are matched 

2019-07-02 16:43:13 - [TEST_STEP][PASSED] - comment("flag = " + flag1): flag = true

2019-07-02 16:43:13 - [MESSAGE][INFO] - flag = true

2019-07-02 16:43:13 - [TEST_STEP][PASSED] - if (flag1 == true): translated  to french

2019-07-02 16:43:13 - [TEST_STEP][PASSED] - comment("translated  to french"): translated  to french

2019-07-02 16:43:13 - [MESSAGE][INFO] - translated  to french

2019-07-02 16:43:13 - [TEST_STEP][PASSED] - delay(2): Delayed 2 second(s)

2019-07-02 16:43:15 - [MESSAGE][PASSED] - Delayed 2 second(s)

2019-07-02 16:43:15 - [TEST_STEP][PASSED] - click(findTestObject("OCS-MOBILE /Age gate and burger menu/Burger menu - French")): Object: 'Object Repository/OCS-MOBILE /Age gate and burger menu/Burger menu - French' is clicked on

2019-07-02 16:43:15 - [MESSAGE][PASSED] - Object: 'Object Repository/OCS-MOBILE /Age gate and burger menu/Burger menu - French' is clicked on

2019-07-02 16:43:15 - [TEST_STEP][PASSED] - delay(2): Delayed 2 second(s)

2019-07-02 16:43:17 - [MESSAGE][PASSED] - Delayed 2 second(s)

2019-07-02 16:43:17 - [TEST_STEP][PASSED] - executeJavaScript("var previewBar = document.getElementById("preview-bar-iframe"); previewBar.style.display = "none";", []): Execute JavaScript 'var previewBar = document.getElementById("preview-bar-iframe"); previewBar.style.display = "none";' successfully

2019-07-02 16:43:17 - [MESSAGE][PASSED] - Execute JavaScript 'var previewBar = document.getElementById("preview-bar-iframe"); previewBar.style.display = "none";' successfully

2019-07-02 16:43:17 - [TEST_STEP][PASSED] - delay(1, OPTIONAL): Delayed 1 second(s)

2019-07-02 16:43:18 - [MESSAGE][PASSED] - Delayed 1 second(s)

2019-07-02 16:43:18 - [TEST_STEP][PASSED] - click(findTestObject("OCS-MOBILE /Cart flyout/French dropdown")): Object: 'Object Repository/OCS-MOBILE /Cart flyout/French dropdown' is clicked on

2019-07-02 16:43:18 - [MESSAGE][PASSED] - Object: 'Object Repository/OCS-MOBILE /Cart flyout/French dropdown' is clicked on

2019-07-02 16:43:18 - [TEST_STEP][PASSED] - delay(2): Delayed 2 second(s)

2019-07-02 16:43:20 - [MESSAGE][PASSED] - Delayed 2 second(s)

2019-07-02 16:43:20 - [TEST_STEP][PASSED] - click(findTestObject("OCS-MOBILE /Cart flyout/Select English")): Object: 'Object Repository/OCS-MOBILE /Cart flyout/Select English' is clicked on

2019-07-02 16:43:20 - [MESSAGE][PASSED] - Object: 'Object Repository/OCS-MOBILE /Cart flyout/Select English' is clicked on

2019-07-02 16:43:20 - [TEST_STEP][PASSED] - delay(5): Delayed 5 second(s)

2019-07-02 16:43:25 - [MESSAGE][PASSED] - Delayed 5 second(s)

2019-07-02 16:43:25 - [TEST_STEP][PASSED] - c = getWindowTitle(): Current window's title is: 'Ontario Cannabis Store | Ontario Cannabis Store'

2019-07-02 16:43:25 - [MESSAGE][PASSED] - Current window's title is: 'Ontario Cannabis Store | Ontario Cannabis Store'

2019-07-02 16:43:25 - [TEST_STEP][PASSED] - comment("c =" + c): c =Ontario Cannabis Store | Ontario Cannabis Store

2019-07-02 16:43:25 - [MESSAGE][INFO] - c =Ontario Cannabis Store | Ontario Cannabis Store

2019-07-02 16:43:25 - [TEST_STEP][PASSED] - d = "Ontario Cannabis Store | Ontario Cannabis Store": null

2019-07-02 16:43:25 - [TEST_STEP][PASSED] - comment("d =" + d): d =Ontario Cannabis Store | Ontario Cannabis Store

2019-07-02 16:43:25 - [MESSAGE][INFO] - d =Ontario Cannabis Store | Ontario Cannabis Store

2019-07-02 16:43:25 - [TEST_STEP][PASSED] - flag = verifyMatch(c, d, false): Actual text 'Ontario Cannabis Store | Ontario Cannabis Store' and expected text 'Ontario Cannabis Store | Ontario Cannabis Store' are matched 

2019-07-02 16:43:25 - [MESSAGE][PASSED] - Actual text 'Ontario Cannabis Store | Ontario Cannabis Store' and expected text 'Ontario Cannabis Store | Ontario Cannabis Store' are matched 

2019-07-02 16:43:25 - [TEST_STEP][PASSED] - comment(" flag = " + flag):  flag = true

2019-07-02 16:43:25 - [MESSAGE][INFO] -  flag = true

2019-07-02 16:43:25 - [TEST_STEP][PASSED] - if (flag == true):  Language changing is successful

2019-07-02 16:43:25 - [TEST_STEP][PASSED] - comment(" Language changing is successful"):  Language changing is successful

2019-07-02 16:43:25 - [MESSAGE][INFO] -  Language changing is successful]]></system-out>
         <system-err><![CDATA[]]></system-err>
      </testcase>
      <testcase name="Test Cases/OCS - MOBILE/OCS- HOME PAGE/HP-Burger menu-Accessories" classname="Test Cases/OCS - MOBILE/OCS- HOME PAGE/HP-Burger menu-Accessories" status="PASSED">
         <system-out><![CDATA[2019-07-02 16:43:25 - [TEST_CASE][PASSED] - Test Cases/OCS - MOBILE/OCS- HOME PAGE/HP-Burger menu-Accessories: Test Cases/OCS - MOBILE/OCS- HOME PAGE/HP-Burger menu-Accessories

2019-07-02 16:43:25 - [TEST_STEP][PASSED] - callTestCase(findTestCase("OCS - MOBILE/CALL - AGE GATE"), [:], STOP_ON_FAILURE): Call Test Case 'Test Cases/OCS - MOBILE/CALL - AGE GATE' successfully

2019-07-02 16:43:25 - [TEST_CASE][PASSED] - Test Cases/OCS - MOBILE/CALL - AGE GATE: Test Cases/OCS - MOBILE/CALL - AGE GATE

2019-07-02 16:43:25 - [TEST_STEP][PASSED] - openBrowser(""): Browser is opened with url: ''

2019-07-02 16:43:25 - [MESSAGE][WARNING] - A browser is already opened. Closing browser and opening a new one

2019-07-02 16:43:25 - [MESSAGE][INFO] - Starting 'Chrome' driver

2019-07-02 16:43:26 - [MESSAGE][PASSED] - Browser is opened with url: ''

2019-07-02 16:43:26 - [TEST_STEP][PASSED] - navigateToUrl("https://ocs.ca/?fts=0&preview_theme_id=74203301708"): Navigate to 'https://ocs.ca/?fts=0&preview_theme_id=74203301708' successfully

2019-07-02 16:43:31 - [MESSAGE][PASSED] - Navigate to 'https://ocs.ca/?fts=0&preview_theme_id=74203301708' successfully

2019-07-02 16:43:31 - [TEST_STEP][PASSED] - executeJavaScript("var previewBar = document.getElementById("preview-bar-iframe"); previewBar.style.display = "none";", []): Execute JavaScript 'var previewBar = document.getElementById("preview-bar-iframe"); previewBar.style.display = "none";' successfully

2019-07-02 16:43:31 - [MESSAGE][PASSED] - Execute JavaScript 'var previewBar = document.getElementById("preview-bar-iframe"); previewBar.style.display = "none";' successfully

2019-07-02 16:43:31 - [TEST_STEP][PASSED] - setViewPortSize(360, 800): Viewport is set to new size with width = 360 and height = 800

2019-07-02 16:43:31 - [MESSAGE][PASSED] - Viewport is set to new size with width = 360 and height = 800

2019-07-02 16:43:31 - [TEST_STEP][PASSED] - delay(4): Delayed 4 second(s)

2019-07-02 16:43:35 - [MESSAGE][PASSED] - Delayed 4 second(s)

2019-07-02 16:43:35 - [TEST_STEP][PASSED] - selectOptionByValue(findTestObject("OCS-MOBILE /Age gate and burger menu/Date"), "12", true): All options with value '12' are selected in object 'Object Repository/OCS-MOBILE /Age gate and burger menu/Date'  using regular expression

2019-07-02 16:43:36 - [MESSAGE][PASSED] - All options with value '12' are selected in object 'Object Repository/OCS-MOBILE /Age gate and burger menu/Date'  using regular expression

2019-07-02 16:43:36 - [TEST_STEP][PASSED] - selectOptionByValue(findTestObject("OCS-MOBILE /Age gate and burger menu/month"), "6", true): All options with value '6' are selected in object 'Object Repository/OCS-MOBILE /Age gate and burger menu/month'  using regular expression

2019-07-02 16:43:36 - [MESSAGE][PASSED] - All options with value '6' are selected in object 'Object Repository/OCS-MOBILE /Age gate and burger menu/month'  using regular expression

2019-07-02 16:43:36 - [TEST_STEP][PASSED] - delay(2): Delayed 2 second(s)

2019-07-02 16:43:38 - [MESSAGE][PASSED] - Delayed 2 second(s)

2019-07-02 16:43:38 - [TEST_STEP][PASSED] - selectOptionByValue(findTestObject("OCS-MOBILE /Age gate and burger menu/Year Dropdown"), "1990", true): All options with value '1990' are selected in object 'Object Repository/OCS-MOBILE /Age gate and burger menu/Year Dropdown'  using regular expression

2019-07-02 16:43:39 - [MESSAGE][PASSED] - All options with value '1990' are selected in object 'Object Repository/OCS-MOBILE /Age gate and burger menu/Year Dropdown'  using regular expression

2019-07-02 16:43:39 - [TEST_STEP][PASSED] - click(findTestObject("OCS-MOBILE /Age gate and Mega menu/button_Verify")): Object: 'Object Repository/OCS-MOBILE /Age gate and Mega menu/button_Verify' is clicked on

2019-07-02 16:43:39 - [MESSAGE][PASSED] - Object: 'Object Repository/OCS-MOBILE /Age gate and Mega menu/button_Verify' is clicked on

2019-07-02 16:43:39 - [TEST_STEP][PASSED] - click(findTestObject("OCS-MOBILE /Age gate and Mega menu/Checkbox_CONFIRM AND ACKNOWLEDGE")): Object: 'Object Repository/OCS-MOBILE /Age gate and Mega menu/Checkbox_CONFIRM AND ACKNOWLEDGE' is clicked on

2019-07-02 16:43:39 - [MESSAGE][PASSED] - Object: 'Object Repository/OCS-MOBILE /Age gate and Mega menu/Checkbox_CONFIRM AND ACKNOWLEDGE' is clicked on

2019-07-02 16:43:39 - [TEST_STEP][PASSED] - click(findTestObject("OCS-MOBILE /Age gate and Mega menu/button_CONFIRM")): Object: 'Object Repository/OCS-MOBILE /Age gate and Mega menu/button_CONFIRM' is clicked on

2019-07-02 16:43:39 - [MESSAGE][PASSED] - Object: 'Object Repository/OCS-MOBILE /Age gate and Mega menu/button_CONFIRM' is clicked on

2019-07-02 16:43:39 - [TEST_STEP][PASSED] - click(findTestObject("OCS-MOBILE /Age gate and Mega menu/button_Start Browsing")): Object: 'Object Repository/OCS-MOBILE /Age gate and Mega menu/button_Start Browsing' is clicked on

2019-07-02 16:43:39 - [MESSAGE][PASSED] - Object: 'Object Repository/OCS-MOBILE /Age gate and Mega menu/button_Start Browsing' is clicked on

2019-07-02 16:43:39 - [TEST_STEP][PASSED] - refresh(): Refresh successfully

2019-07-02 16:43:39 - [MESSAGE][PASSED] - Refresh successfully

2019-07-02 16:43:39 - [TEST_STEP][PASSED] - executeJavaScript("var previewBar = document.getElementById("preview-bar-iframe"); previewBar.style.display = "none";", []): Execute JavaScript 'var previewBar = document.getElementById("preview-bar-iframe"); previewBar.style.display = "none";' successfully

2019-07-02 16:43:42 - [MESSAGE][PASSED] - Execute JavaScript 'var previewBar = document.getElementById("preview-bar-iframe"); previewBar.style.display = "none";' successfully

2019-07-02 16:43:42 - [MESSAGE][PASSED] - Call Test Case 'Test Cases/OCS - MOBILE/CALL - AGE GATE' successfully

2019-07-02 16:43:42 - [TEST_STEP][PASSED] - delay(2, CONTINUE_ON_FAILURE): Delayed 2 second(s)

2019-07-02 16:43:44 - [MESSAGE][PASSED] - Delayed 2 second(s)

2019-07-02 16:43:44 - [TEST_STEP][PASSED] - click(findTestObject("OCS-MOBILE /Age gate and burger menu/Burger menu - English"), CONTINUE_ON_FAILURE): Object: 'Object Repository/OCS-MOBILE /Age gate and burger menu/Burger menu - English' is clicked on

2019-07-02 16:43:44 - [MESSAGE][PASSED] - Object: 'Object Repository/OCS-MOBILE /Age gate and burger menu/Burger menu - English' is clicked on

2019-07-02 16:43:44 - [TEST_STEP][PASSED] - delay(2, CONTINUE_ON_FAILURE): Delayed 2 second(s)

2019-07-02 16:43:46 - [MESSAGE][PASSED] - Delayed 2 second(s)

2019-07-02 16:43:46 - [TEST_STEP][PASSED] - click(findTestObject("OCS-MOBILE /Accessories page/accessories Chevron"), STOP_ON_FAILURE): Object: 'Object Repository/OCS-MOBILE /Accessories page/accessories Chevron' is clicked on

2019-07-02 16:43:46 - [MESSAGE][PASSED] - Object: 'Object Repository/OCS-MOBILE /Accessories page/accessories Chevron' is clicked on

2019-07-02 16:43:46 - [TEST_STEP][PASSED] - delay(1, CONTINUE_ON_FAILURE): Delayed 1 second(s)

2019-07-02 16:43:47 - [MESSAGE][PASSED] - Delayed 1 second(s)

2019-07-02 16:43:47 - [TEST_STEP][PASSED] - click(findTestObject("OCS-MOBILE /Accessories page/Vaporizers"), CONTINUE_ON_FAILURE): Object: 'Object Repository/OCS-MOBILE /Accessories page/Vaporizers' is clicked on

2019-07-02 16:43:49 - [MESSAGE][PASSED] - Object: 'Object Repository/OCS-MOBILE /Accessories page/Vaporizers' is clicked on

2019-07-02 16:43:49 - [TEST_STEP][PASSED] - delay(1, CONTINUE_ON_FAILURE): Delayed 1 second(s)

2019-07-02 16:43:50 - [MESSAGE][PASSED] - Delayed 1 second(s)

2019-07-02 16:43:50 - [TEST_STEP][PASSED] - a = getWindowTitle(CONTINUE_ON_FAILURE): Current window's title is: 'Vaporizers | Ontario Cannabis Store'

2019-07-02 16:43:50 - [MESSAGE][PASSED] - Current window's title is: 'Vaporizers | Ontario Cannabis Store'

2019-07-02 16:43:50 - [TEST_STEP][PASSED] - comment(a): Vaporizers | Ontario Cannabis Store

2019-07-02 16:43:50 - [MESSAGE][INFO] - Vaporizers | Ontario Cannabis Store

2019-07-02 16:43:50 - [TEST_STEP][PASSED] - b = "Vaporizers | Ontario Cannabis Store": null

2019-07-02 16:43:50 - [TEST_STEP][PASSED] - comment(b): Vaporizers | Ontario Cannabis Store

2019-07-02 16:43:50 - [MESSAGE][INFO] - Vaporizers | Ontario Cannabis Store

2019-07-02 16:43:50 - [TEST_STEP][PASSED] - if (a == b): correct window page 

2019-07-02 16:43:50 - [TEST_STEP][PASSED] - comment("correct window page "): correct window page 

2019-07-02 16:43:50 - [MESSAGE][INFO] - correct window page 

2019-07-02 16:43:50 - [TEST_STEP][PASSED] - delay(1, CONTINUE_ON_FAILURE): Delayed 1 second(s)

2019-07-02 16:43:51 - [MESSAGE][PASSED] - Delayed 1 second(s)

2019-07-02 16:43:51 - [TEST_STEP][PASSED] - click(findTestObject("OCS-MOBILE /Age gate and burger menu/Burger menu - English"), CONTINUE_ON_FAILURE): Object: 'Object Repository/OCS-MOBILE /Age gate and burger menu/Burger menu - English' is clicked on

2019-07-02 16:43:51 - [MESSAGE][PASSED] - Object: 'Object Repository/OCS-MOBILE /Age gate and burger menu/Burger menu - English' is clicked on

2019-07-02 16:43:51 - [TEST_STEP][PASSED] - delay(2, CONTINUE_ON_FAILURE): Delayed 2 second(s)

2019-07-02 16:43:53 - [MESSAGE][PASSED] - Delayed 2 second(s)

2019-07-02 16:43:53 - [TEST_STEP][PASSED] - click(findTestObject("OCS-MOBILE /Accessories page/accessories Chevron"), CONTINUE_ON_FAILURE): Object: 'Object Repository/OCS-MOBILE /Accessories page/accessories Chevron' is clicked on

2019-07-02 16:43:53 - [MESSAGE][PASSED] - Object: 'Object Repository/OCS-MOBILE /Accessories page/accessories Chevron' is clicked on

2019-07-02 16:43:53 - [TEST_STEP][PASSED] - delay(1, CONTINUE_ON_FAILURE): Delayed 1 second(s)

2019-07-02 16:43:54 - [MESSAGE][PASSED] - Delayed 1 second(s)

2019-07-02 16:43:54 - [TEST_STEP][PASSED] - click(findTestObject("OCS-MOBILE /Accessories page/Bongs - water pipes"), CONTINUE_ON_FAILURE): Object: 'Object Repository/OCS-MOBILE /Accessories page/Bongs - water pipes' is clicked on

2019-07-02 16:43:56 - [MESSAGE][PASSED] - Object: 'Object Repository/OCS-MOBILE /Accessories page/Bongs - water pipes' is clicked on

2019-07-02 16:43:56 - [TEST_STEP][PASSED] - delay(1, CONTINUE_ON_FAILURE): Delayed 1 second(s)

2019-07-02 16:43:57 - [MESSAGE][PASSED] - Delayed 1 second(s)

2019-07-02 16:43:57 - [TEST_STEP][PASSED] - a1 = getWindowTitle(CONTINUE_ON_FAILURE): Current window's title is: 'Bongs & Water Pipes | Ontario Cannabis Store'

2019-07-02 16:43:57 - [MESSAGE][PASSED] - Current window's title is: 'Bongs & Water Pipes | Ontario Cannabis Store'

2019-07-02 16:43:57 - [TEST_STEP][PASSED] - comment(a1): Bongs & Water Pipes | Ontario Cannabis Store

2019-07-02 16:43:57 - [MESSAGE][INFO] - Bongs & Water Pipes | Ontario Cannabis Store

2019-07-02 16:43:57 - [TEST_STEP][PASSED] - b1 = "Bongs & Water Pipes | Ontario Cannabis Store": null

2019-07-02 16:43:57 - [TEST_STEP][PASSED] - comment(b1): Bongs & Water Pipes | Ontario Cannabis Store

2019-07-02 16:43:57 - [MESSAGE][INFO] - Bongs & Water Pipes | Ontario Cannabis Store

2019-07-02 16:43:57 - [TEST_STEP][PASSED] - if (a1 == b1): correct window page 

2019-07-02 16:43:57 - [TEST_STEP][PASSED] - comment("correct window page "): correct window page 

2019-07-02 16:43:57 - [MESSAGE][INFO] - correct window page 

2019-07-02 16:43:57 - [TEST_STEP][PASSED] - delay(1, CONTINUE_ON_FAILURE): Delayed 1 second(s)

2019-07-02 16:43:58 - [MESSAGE][PASSED] - Delayed 1 second(s)

2019-07-02 16:43:58 - [TEST_STEP][PASSED] - click(findTestObject("OCS-MOBILE /Age gate and burger menu/Burger menu - English"), CONTINUE_ON_FAILURE): Object: 'Object Repository/OCS-MOBILE /Age gate and burger menu/Burger menu - English' is clicked on

2019-07-02 16:43:58 - [MESSAGE][PASSED] - Object: 'Object Repository/OCS-MOBILE /Age gate and burger menu/Burger menu - English' is clicked on

2019-07-02 16:43:58 - [TEST_STEP][PASSED] - delay(2, CONTINUE_ON_FAILURE): Delayed 2 second(s)

2019-07-02 16:44:00 - [MESSAGE][PASSED] - Delayed 2 second(s)

2019-07-02 16:44:00 - [TEST_STEP][PASSED] - click(findTestObject("OCS-MOBILE /Accessories page/accessories Chevron"), CONTINUE_ON_FAILURE): Object: 'Object Repository/OCS-MOBILE /Accessories page/accessories Chevron' is clicked on

2019-07-02 16:44:00 - [MESSAGE][PASSED] - Object: 'Object Repository/OCS-MOBILE /Accessories page/accessories Chevron' is clicked on

2019-07-02 16:44:00 - [TEST_STEP][PASSED] - delay(1, CONTINUE_ON_FAILURE): Delayed 1 second(s)

2019-07-02 16:44:01 - [MESSAGE][PASSED] - Delayed 1 second(s)

2019-07-02 16:44:01 - [TEST_STEP][PASSED] - click(findTestObject("OCS-MOBILE /Accessories page/Handheld pipes"), CONTINUE_ON_FAILURE): Object: 'Object Repository/OCS-MOBILE /Accessories page/Handheld pipes' is clicked on

2019-07-02 16:44:04 - [MESSAGE][PASSED] - Object: 'Object Repository/OCS-MOBILE /Accessories page/Handheld pipes' is clicked on

2019-07-02 16:44:04 - [TEST_STEP][PASSED] - delay(1, CONTINUE_ON_FAILURE): Delayed 1 second(s)

2019-07-02 16:44:05 - [MESSAGE][PASSED] - Delayed 1 second(s)

2019-07-02 16:44:05 - [TEST_STEP][PASSED] - a11 = getWindowTitle(CONTINUE_ON_FAILURE): Current window's title is: 'Handheld Pipes | Ontario Cannabis Store'

2019-07-02 16:44:05 - [MESSAGE][PASSED] - Current window's title is: 'Handheld Pipes | Ontario Cannabis Store'

2019-07-02 16:44:05 - [TEST_STEP][PASSED] - comment(a11): Handheld Pipes | Ontario Cannabis Store

2019-07-02 16:44:05 - [MESSAGE][INFO] - Handheld Pipes | Ontario Cannabis Store

2019-07-02 16:44:05 - [TEST_STEP][PASSED] - b11 = "Handheld Pipes | Ontario Cannabis Store": null

2019-07-02 16:44:05 - [TEST_STEP][PASSED] - comment(b11): Handheld Pipes | Ontario Cannabis Store

2019-07-02 16:44:05 - [MESSAGE][INFO] - Handheld Pipes | Ontario Cannabis Store

2019-07-02 16:44:05 - [TEST_STEP][PASSED] - if (a11 == b11): correct window page 

2019-07-02 16:44:05 - [TEST_STEP][PASSED] - comment("correct window page "): correct window page 

2019-07-02 16:44:05 - [MESSAGE][INFO] - correct window page 

2019-07-02 16:44:05 - [TEST_STEP][PASSED] - delay(1, CONTINUE_ON_FAILURE): Delayed 1 second(s)

2019-07-02 16:44:06 - [MESSAGE][PASSED] - Delayed 1 second(s)

2019-07-02 16:44:06 - [TEST_STEP][PASSED] - click(findTestObject("OCS-MOBILE /Age gate and burger menu/Burger menu - English"), CONTINUE_ON_FAILURE): Object: 'Object Repository/OCS-MOBILE /Age gate and burger menu/Burger menu - English' is clicked on

2019-07-02 16:44:06 - [MESSAGE][PASSED] - Object: 'Object Repository/OCS-MOBILE /Age gate and burger menu/Burger menu - English' is clicked on

2019-07-02 16:44:06 - [TEST_STEP][PASSED] - delay(2, CONTINUE_ON_FAILURE): Delayed 2 second(s)

2019-07-02 16:44:08 - [MESSAGE][PASSED] - Delayed 2 second(s)

2019-07-02 16:44:08 - [TEST_STEP][PASSED] - click(findTestObject("OCS-MOBILE /Accessories page/accessories chevron"), CONTINUE_ON_FAILURE): Object: 'Object Repository/OCS-MOBILE /Accessories page/accessories chevron' is clicked on

2019-07-02 16:44:08 - [MESSAGE][PASSED] - Object: 'Object Repository/OCS-MOBILE /Accessories page/accessories chevron' is clicked on

2019-07-02 16:44:08 - [TEST_STEP][PASSED] - delay(1, CONTINUE_ON_FAILURE): Delayed 1 second(s)

2019-07-02 16:44:09 - [MESSAGE][PASSED] - Delayed 1 second(s)

2019-07-02 16:44:09 - [TEST_STEP][PASSED] - click(findTestObject("OCS-MOBILE /Accessories page/Papers -filters"), CONTINUE_ON_FAILURE): Object: 'Object Repository/OCS-MOBILE /Accessories page/Papers -filters' is clicked on

2019-07-02 16:44:11 - [MESSAGE][PASSED] - Object: 'Object Repository/OCS-MOBILE /Accessories page/Papers -filters' is clicked on

2019-07-02 16:44:11 - [TEST_STEP][PASSED] - delay(1, CONTINUE_ON_FAILURE): Delayed 1 second(s)

2019-07-02 16:44:12 - [MESSAGE][PASSED] - Delayed 1 second(s)

2019-07-02 16:44:12 - [TEST_STEP][PASSED] - a111 = getWindowTitle(CONTINUE_ON_FAILURE): Current window's title is: 'Papers & Filters | Ontario Cannabis Store'

2019-07-02 16:44:12 - [MESSAGE][PASSED] - Current window's title is: 'Papers & Filters | Ontario Cannabis Store'

2019-07-02 16:44:12 - [TEST_STEP][PASSED] - comment(a111): Papers & Filters | Ontario Cannabis Store

2019-07-02 16:44:12 - [MESSAGE][INFO] - Papers & Filters | Ontario Cannabis Store

2019-07-02 16:44:12 - [TEST_STEP][PASSED] - b111 = "Papers & Filters | Ontario Cannabis Store": null

2019-07-02 16:44:12 - [TEST_STEP][PASSED] - comment(b111): Papers & Filters | Ontario Cannabis Store

2019-07-02 16:44:12 - [MESSAGE][INFO] - Papers & Filters | Ontario Cannabis Store

2019-07-02 16:44:12 - [TEST_STEP][PASSED] - if (a111 == b111): correct window page 

2019-07-02 16:44:12 - [TEST_STEP][PASSED] - comment("correct window page "): correct window page 

2019-07-02 16:44:12 - [MESSAGE][INFO] - correct window page 

2019-07-02 16:44:12 - [TEST_STEP][PASSED] - delay(1, CONTINUE_ON_FAILURE): Delayed 1 second(s)

2019-07-02 16:44:13 - [MESSAGE][PASSED] - Delayed 1 second(s)

2019-07-02 16:44:13 - [TEST_STEP][PASSED] - click(findTestObject("OCS-MOBILE /Age gate and burger menu/Burger menu - English"), CONTINUE_ON_FAILURE): Object: 'Object Repository/OCS-MOBILE /Age gate and burger menu/Burger menu - English' is clicked on

2019-07-02 16:44:13 - [MESSAGE][PASSED] - Object: 'Object Repository/OCS-MOBILE /Age gate and burger menu/Burger menu - English' is clicked on

2019-07-02 16:44:13 - [TEST_STEP][PASSED] - delay(2, CONTINUE_ON_FAILURE): Delayed 2 second(s)

2019-07-02 16:44:15 - [MESSAGE][PASSED] - Delayed 2 second(s)

2019-07-02 16:44:15 - [TEST_STEP][PASSED] - click(findTestObject("OCS-MOBILE /Accessories page/accessories Chevron"), CONTINUE_ON_FAILURE): Object: 'Object Repository/OCS-MOBILE /Accessories page/accessories Chevron' is clicked on

2019-07-02 16:44:15 - [MESSAGE][PASSED] - Object: 'Object Repository/OCS-MOBILE /Accessories page/accessories Chevron' is clicked on

2019-07-02 16:44:15 - [TEST_STEP][PASSED] - delay(1, CONTINUE_ON_FAILURE): Delayed 1 second(s)

2019-07-02 16:44:16 - [MESSAGE][PASSED] - Delayed 1 second(s)

2019-07-02 16:44:16 - [TEST_STEP][PASSED] - click(findTestObject("OCS-MOBILE /Accessories page/Grinders"), CONTINUE_ON_FAILURE): Object: 'Object Repository/OCS-MOBILE /Accessories page/Grinders' is clicked on

2019-07-02 16:44:18 - [MESSAGE][PASSED] - Object: 'Object Repository/OCS-MOBILE /Accessories page/Grinders' is clicked on

2019-07-02 16:44:18 - [TEST_STEP][PASSED] - delay(1, CONTINUE_ON_FAILURE): Delayed 1 second(s)

2019-07-02 16:44:19 - [MESSAGE][PASSED] - Delayed 1 second(s)

2019-07-02 16:44:19 - [TEST_STEP][PASSED] - a1111 = getWindowTitle(CONTINUE_ON_FAILURE): Current window's title is: 'Grinders | Ontario Cannabis Store'

2019-07-02 16:44:19 - [MESSAGE][PASSED] - Current window's title is: 'Grinders | Ontario Cannabis Store'

2019-07-02 16:44:19 - [TEST_STEP][PASSED] - comment(a1111): Grinders | Ontario Cannabis Store

2019-07-02 16:44:19 - [MESSAGE][INFO] - Grinders | Ontario Cannabis Store

2019-07-02 16:44:19 - [TEST_STEP][PASSED] - b1111 = "Grinders | Ontario Cannabis Store": null

2019-07-02 16:44:19 - [TEST_STEP][PASSED] - comment(b1111): Grinders | Ontario Cannabis Store

2019-07-02 16:44:19 - [MESSAGE][INFO] - Grinders | Ontario Cannabis Store

2019-07-02 16:44:19 - [TEST_STEP][PASSED] - if (a1111 == b1111): correct window page 

2019-07-02 16:44:19 - [TEST_STEP][PASSED] - comment("correct window page "): correct window page 

2019-07-02 16:44:19 - [MESSAGE][INFO] - correct window page 

2019-07-02 16:44:19 - [TEST_STEP][PASSED] - delay(1, CONTINUE_ON_FAILURE): Delayed 1 second(s)

2019-07-02 16:44:20 - [MESSAGE][PASSED] - Delayed 1 second(s)

2019-07-02 16:44:20 - [TEST_STEP][PASSED] - click(findTestObject("OCS-MOBILE /Age gate and burger menu/Burger menu - English"), CONTINUE_ON_FAILURE): Object: 'Object Repository/OCS-MOBILE /Age gate and burger menu/Burger menu - English' is clicked on

2019-07-02 16:44:20 - [MESSAGE][PASSED] - Object: 'Object Repository/OCS-MOBILE /Age gate and burger menu/Burger menu - English' is clicked on

2019-07-02 16:44:20 - [TEST_STEP][PASSED] - delay(2, CONTINUE_ON_FAILURE): Delayed 2 second(s)

2019-07-02 16:44:22 - [MESSAGE][PASSED] - Delayed 2 second(s)

2019-07-02 16:44:22 - [TEST_STEP][PASSED] - click(findTestObject("OCS-MOBILE /Accessories page/accessories chevron"), CONTINUE_ON_FAILURE): Object: 'Object Repository/OCS-MOBILE /Accessories page/accessories chevron' is clicked on

2019-07-02 16:44:22 - [MESSAGE][PASSED] - Object: 'Object Repository/OCS-MOBILE /Accessories page/accessories chevron' is clicked on

2019-07-02 16:44:22 - [TEST_STEP][PASSED] - delay(1, CONTINUE_ON_FAILURE): Delayed 1 second(s)

2019-07-02 16:44:23 - [MESSAGE][PASSED] - Delayed 1 second(s)

2019-07-02 16:44:23 - [TEST_STEP][PASSED] - click(findTestObject("OCS-MOBILE /Accessories page/Tools -kits"), CONTINUE_ON_FAILURE): Object: 'Object Repository/OCS-MOBILE /Accessories page/Tools -kits' is clicked on

2019-07-02 16:44:25 - [MESSAGE][PASSED] - Object: 'Object Repository/OCS-MOBILE /Accessories page/Tools -kits' is clicked on

2019-07-02 16:44:25 - [TEST_STEP][PASSED] - delay(1, CONTINUE_ON_FAILURE): Delayed 1 second(s)

2019-07-02 16:44:26 - [MESSAGE][PASSED] - Delayed 1 second(s)

2019-07-02 16:44:26 - [TEST_STEP][PASSED] - a11111 = getWindowTitle(CONTINUE_ON_FAILURE): Current window's title is: 'Multi-Tools & Kits | Ontario Cannabis Store'

2019-07-02 16:44:26 - [MESSAGE][PASSED] - Current window's title is: 'Multi-Tools & Kits | Ontario Cannabis Store'

2019-07-02 16:44:26 - [TEST_STEP][PASSED] - comment(a11111): Multi-Tools & Kits | Ontario Cannabis Store

2019-07-02 16:44:26 - [MESSAGE][INFO] - Multi-Tools & Kits | Ontario Cannabis Store

2019-07-02 16:44:26 - [TEST_STEP][PASSED] - b11111 = "Multi-Tools & Kits | Ontario Cannabis Store": null

2019-07-02 16:44:26 - [TEST_STEP][PASSED] - comment(b11111): Multi-Tools & Kits | Ontario Cannabis Store

2019-07-02 16:44:26 - [MESSAGE][INFO] - Multi-Tools & Kits | Ontario Cannabis Store

2019-07-02 16:44:26 - [TEST_STEP][PASSED] - if (a11111 == b11111): correct window page 

2019-07-02 16:44:26 - [TEST_STEP][PASSED] - comment("correct window page "): correct window page 

2019-07-02 16:44:26 - [MESSAGE][INFO] - correct window page 

2019-07-02 16:44:26 - [TEST_STEP][PASSED] - delay(1, CONTINUE_ON_FAILURE): Delayed 1 second(s)

2019-07-02 16:44:27 - [MESSAGE][PASSED] - Delayed 1 second(s)

2019-07-02 16:44:27 - [TEST_STEP][PASSED] - click(findTestObject("OCS-MOBILE /Age gate and burger menu/Burger menu - English"), CONTINUE_ON_FAILURE): Object: 'Object Repository/OCS-MOBILE /Age gate and burger menu/Burger menu - English' is clicked on

2019-07-02 16:44:27 - [MESSAGE][PASSED] - Object: 'Object Repository/OCS-MOBILE /Age gate and burger menu/Burger menu - English' is clicked on

2019-07-02 16:44:27 - [TEST_STEP][PASSED] - delay(2, CONTINUE_ON_FAILURE): Delayed 2 second(s)

2019-07-02 16:44:29 - [MESSAGE][PASSED] - Delayed 2 second(s)

2019-07-02 16:44:29 - [TEST_STEP][PASSED] - click(findTestObject("OCS-MOBILE /Accessories page/accessories chevron"), CONTINUE_ON_FAILURE): Object: 'Object Repository/OCS-MOBILE /Accessories page/accessories chevron' is clicked on

2019-07-02 16:44:29 - [MESSAGE][PASSED] - Object: 'Object Repository/OCS-MOBILE /Accessories page/accessories chevron' is clicked on

2019-07-02 16:44:29 - [TEST_STEP][PASSED] - delay(1, CONTINUE_ON_FAILURE): Delayed 1 second(s)

2019-07-02 16:44:30 - [MESSAGE][PASSED] - Delayed 1 second(s)

2019-07-02 16:44:30 - [TEST_STEP][PASSED] - click(findTestObject("OCS-MOBILE /Accessories page/Cleaning supplies"), CONTINUE_ON_FAILURE): Object: 'Object Repository/OCS-MOBILE /Accessories page/Cleaning supplies' is clicked on

2019-07-02 16:44:32 - [MESSAGE][PASSED] - Object: 'Object Repository/OCS-MOBILE /Accessories page/Cleaning supplies' is clicked on

2019-07-02 16:44:32 - [TEST_STEP][PASSED] - delay(1, CONTINUE_ON_FAILURE): Delayed 1 second(s)

2019-07-02 16:44:33 - [MESSAGE][PASSED] - Delayed 1 second(s)

2019-07-02 16:44:33 - [TEST_STEP][PASSED] - a12 = getWindowTitle(CONTINUE_ON_FAILURE): Current window's title is: 'Cleaning Supplies | Ontario Cannabis Store'

2019-07-02 16:44:33 - [MESSAGE][PASSED] - Current window's title is: 'Cleaning Supplies | Ontario Cannabis Store'

2019-07-02 16:44:33 - [TEST_STEP][PASSED] - comment(a12): Cleaning Supplies | Ontario Cannabis Store

2019-07-02 16:44:33 - [MESSAGE][INFO] - Cleaning Supplies | Ontario Cannabis Store

2019-07-02 16:44:33 - [TEST_STEP][PASSED] - b12 = "Cleaning Supplies | Ontario Cannabis Store": null

2019-07-02 16:44:33 - [TEST_STEP][PASSED] - comment(b12): Cleaning Supplies | Ontario Cannabis Store

2019-07-02 16:44:33 - [MESSAGE][INFO] - Cleaning Supplies | Ontario Cannabis Store

2019-07-02 16:44:33 - [TEST_STEP][PASSED] - if (a12 == b12): correct window page 

2019-07-02 16:44:33 - [TEST_STEP][PASSED] - comment("correct window page "): correct window page 

2019-07-02 16:44:33 - [MESSAGE][INFO] - correct window page 

2019-07-02 16:44:33 - [TEST_STEP][PASSED] - delay(1, CONTINUE_ON_FAILURE): Delayed 1 second(s)

2019-07-02 16:44:34 - [MESSAGE][PASSED] - Delayed 1 second(s)

2019-07-02 16:44:34 - [TEST_STEP][PASSED] - click(findTestObject("OCS-MOBILE /Age gate and burger menu/Burger menu - English"), CONTINUE_ON_FAILURE): Object: 'Object Repository/OCS-MOBILE /Age gate and burger menu/Burger menu - English' is clicked on

2019-07-02 16:44:34 - [MESSAGE][PASSED] - Object: 'Object Repository/OCS-MOBILE /Age gate and burger menu/Burger menu - English' is clicked on

2019-07-02 16:44:34 - [TEST_STEP][PASSED] - delay(2, CONTINUE_ON_FAILURE): Delayed 2 second(s)

2019-07-02 16:44:36 - [MESSAGE][PASSED] - Delayed 2 second(s)

2019-07-02 16:44:36 - [TEST_STEP][PASSED] - click(findTestObject("OCS-MOBILE /Accessories page/accessories chevron"), CONTINUE_ON_FAILURE): Object: 'Object Repository/OCS-MOBILE /Accessories page/accessories chevron' is clicked on

2019-07-02 16:44:36 - [MESSAGE][PASSED] - Object: 'Object Repository/OCS-MOBILE /Accessories page/accessories chevron' is clicked on

2019-07-02 16:44:36 - [TEST_STEP][PASSED] - delay(1, CONTINUE_ON_FAILURE): Delayed 1 second(s)

2019-07-02 16:44:37 - [MESSAGE][PASSED] - Delayed 1 second(s)

2019-07-02 16:44:37 - [TEST_STEP][PASSED] - click(findTestObject("OCS-MOBILE /Accessories page/Storage"), CONTINUE_ON_FAILURE): Object: 'Object Repository/OCS-MOBILE /Accessories page/Storage' is clicked on

2019-07-02 16:44:39 - [MESSAGE][PASSED] - Object: 'Object Repository/OCS-MOBILE /Accessories page/Storage' is clicked on

2019-07-02 16:44:39 - [TEST_STEP][PASSED] - delay(1, CONTINUE_ON_FAILURE): Delayed 1 second(s)

2019-07-02 16:44:40 - [MESSAGE][PASSED] - Delayed 1 second(s)

2019-07-02 16:44:40 - [TEST_STEP][PASSED] - a13 = getWindowTitle(CONTINUE_ON_FAILURE): Current window's title is: 'Storage | Ontario Cannabis Store'

2019-07-02 16:44:40 - [MESSAGE][PASSED] - Current window's title is: 'Storage | Ontario Cannabis Store'

2019-07-02 16:44:40 - [TEST_STEP][PASSED] - comment(a13): Storage | Ontario Cannabis Store

2019-07-02 16:44:40 - [MESSAGE][INFO] - Storage | Ontario Cannabis Store

2019-07-02 16:44:40 - [TEST_STEP][PASSED] - b13 = "Storage | Ontario Cannabis Store": null

2019-07-02 16:44:40 - [TEST_STEP][PASSED] - comment(b): Vaporizers | Ontario Cannabis Store

2019-07-02 16:44:40 - [MESSAGE][INFO] - Vaporizers | Ontario Cannabis Store

2019-07-02 16:44:40 - [TEST_STEP][PASSED] - if (a13 == b13): correct window page 

2019-07-02 16:44:40 - [TEST_STEP][PASSED] - comment("correct window page "): correct window page 

2019-07-02 16:44:40 - [MESSAGE][INFO] - correct window page 

2019-07-02 16:44:40 - [TEST_STEP][PASSED] - delay(1, CONTINUE_ON_FAILURE): Delayed 1 second(s)

2019-07-02 16:44:41 - [MESSAGE][PASSED] - Delayed 1 second(s)

2019-07-02 16:44:41 - [TEST_STEP][PASSED] - click(findTestObject("OCS-MOBILE /Age gate and burger menu/Burger menu - English"), CONTINUE_ON_FAILURE): Object: 'Object Repository/OCS-MOBILE /Age gate and burger menu/Burger menu - English' is clicked on

2019-07-02 16:44:41 - [MESSAGE][PASSED] - Object: 'Object Repository/OCS-MOBILE /Age gate and burger menu/Burger menu - English' is clicked on

2019-07-02 16:44:41 - [TEST_STEP][PASSED] - delay(2, CONTINUE_ON_FAILURE): Delayed 2 second(s)

2019-07-02 16:44:43 - [MESSAGE][PASSED] - Delayed 2 second(s)

2019-07-02 16:44:43 - [TEST_STEP][PASSED] - click(findTestObject("OCS-MOBILE /Accessories page/accessories chevron"), CONTINUE_ON_FAILURE): Object: 'Object Repository/OCS-MOBILE /Accessories page/accessories chevron' is clicked on

2019-07-02 16:44:43 - [MESSAGE][PASSED] - Object: 'Object Repository/OCS-MOBILE /Accessories page/accessories chevron' is clicked on

2019-07-02 16:44:43 - [TEST_STEP][PASSED] - delay(1, CONTINUE_ON_FAILURE): Delayed 1 second(s)

2019-07-02 16:44:44 - [MESSAGE][PASSED] - Delayed 1 second(s)

2019-07-02 16:44:44 - [TEST_STEP][PASSED] - click(findTestObject("OCS-MOBILE /Accessories page/Trays"), CONTINUE_ON_FAILURE): Object: 'Object Repository/OCS-MOBILE /Accessories page/Trays' is clicked on

2019-07-02 16:44:46 - [MESSAGE][PASSED] - Object: 'Object Repository/OCS-MOBILE /Accessories page/Trays' is clicked on

2019-07-02 16:44:46 - [TEST_STEP][PASSED] - delay(1, CONTINUE_ON_FAILURE): Delayed 1 second(s)

2019-07-02 16:44:47 - [MESSAGE][PASSED] - Delayed 1 second(s)

2019-07-02 16:44:47 - [TEST_STEP][PASSED] - a14 = getWindowTitle(CONTINUE_ON_FAILURE): Current window's title is: 'Trays | Ontario Cannabis Store'

2019-07-02 16:44:47 - [MESSAGE][PASSED] - Current window's title is: 'Trays | Ontario Cannabis Store'

2019-07-02 16:44:47 - [TEST_STEP][PASSED] - comment(a14): Trays | Ontario Cannabis Store

2019-07-02 16:44:47 - [MESSAGE][INFO] - Trays | Ontario Cannabis Store

2019-07-02 16:44:47 - [TEST_STEP][PASSED] - b14 = "Trays | Ontario Cannabis Store": null

2019-07-02 16:44:47 - [TEST_STEP][PASSED] - comment(b14): Trays | Ontario Cannabis Store

2019-07-02 16:44:47 - [MESSAGE][INFO] - Trays | Ontario Cannabis Store

2019-07-02 16:44:47 - [TEST_STEP][PASSED] - if (a14 == b14): correct window page 

2019-07-02 16:44:47 - [TEST_STEP][PASSED] - comment("correct window page "): correct window page 

2019-07-02 16:44:47 - [MESSAGE][INFO] - correct window page 

2019-07-02 16:44:47 - [TEST_STEP][PASSED] - delay(1, CONTINUE_ON_FAILURE): Delayed 1 second(s)

2019-07-02 16:44:48 - [MESSAGE][PASSED] - Delayed 1 second(s)

2019-07-02 16:44:48 - [TEST_STEP][PASSED] - click(findTestObject("OCS-MOBILE /Age gate and burger menu/Burger menu - English"), CONTINUE_ON_FAILURE): Object: 'Object Repository/OCS-MOBILE /Age gate and burger menu/Burger menu - English' is clicked on

2019-07-02 16:44:48 - [MESSAGE][PASSED] - Object: 'Object Repository/OCS-MOBILE /Age gate and burger menu/Burger menu - English' is clicked on

2019-07-02 16:44:48 - [TEST_STEP][PASSED] - delay(2, CONTINUE_ON_FAILURE): Delayed 2 second(s)

2019-07-02 16:44:50 - [MESSAGE][PASSED] - Delayed 2 second(s)

2019-07-02 16:44:50 - [TEST_STEP][PASSED] - click(findTestObject("OCS-MOBILE /Accessories page/accessories chevron"), CONTINUE_ON_FAILURE): Object: 'Object Repository/OCS-MOBILE /Accessories page/accessories chevron' is clicked on

2019-07-02 16:44:50 - [MESSAGE][PASSED] - Object: 'Object Repository/OCS-MOBILE /Accessories page/accessories chevron' is clicked on

2019-07-02 16:44:50 - [TEST_STEP][PASSED] - delay(1, CONTINUE_ON_FAILURE): Delayed 1 second(s)

2019-07-02 16:44:51 - [MESSAGE][PASSED] - Delayed 1 second(s)

2019-07-02 16:44:51 - [TEST_STEP][PASSED] - click(findTestObject("OCS-MOBILE /Accessories page/Infusers"), CONTINUE_ON_FAILURE): Object: 'Object Repository/OCS-MOBILE /Accessories page/Infusers' is clicked on

2019-07-02 16:44:52 - [MESSAGE][PASSED] - Object: 'Object Repository/OCS-MOBILE /Accessories page/Infusers' is clicked on

2019-07-02 16:44:52 - [TEST_STEP][PASSED] - delay(1, CONTINUE_ON_FAILURE): Delayed 1 second(s)

2019-07-02 16:44:53 - [MESSAGE][PASSED] - Delayed 1 second(s)

2019-07-02 16:44:53 - [TEST_STEP][PASSED] - a15 = getWindowTitle(CONTINUE_ON_FAILURE): Current window's title is: 'Infusers | Ontario Cannabis Store'

2019-07-02 16:44:53 - [MESSAGE][PASSED] - Current window's title is: 'Infusers | Ontario Cannabis Store'

2019-07-02 16:44:53 - [TEST_STEP][PASSED] - comment(a15): Infusers | Ontario Cannabis Store

2019-07-02 16:44:53 - [MESSAGE][INFO] - Infusers | Ontario Cannabis Store

2019-07-02 16:44:53 - [TEST_STEP][PASSED] - b15 = "Infusers | Ontario Cannabis Store": null

2019-07-02 16:44:53 - [TEST_STEP][PASSED] - comment(b15): Infusers | Ontario Cannabis Store

2019-07-02 16:44:53 - [MESSAGE][INFO] - Infusers | Ontario Cannabis Store

2019-07-02 16:44:53 - [TEST_STEP][PASSED] - if (a15 == b15): correct window page 

2019-07-02 16:44:53 - [TEST_STEP][PASSED] - comment("correct window page "): correct window page 

2019-07-02 16:44:53 - [MESSAGE][INFO] - correct window page 

2019-07-02 16:44:53 - [TEST_STEP][PASSED] - delay(1, CONTINUE_ON_FAILURE): Delayed 1 second(s)

2019-07-02 16:44:54 - [MESSAGE][PASSED] - Delayed 1 second(s)

2019-07-02 16:44:54 - [TEST_STEP][PASSED] - click(findTestObject("OCS-MOBILE /Age gate and burger menu/Burger menu - English"), CONTINUE_ON_FAILURE): Object: 'Object Repository/OCS-MOBILE /Age gate and burger menu/Burger menu - English' is clicked on

2019-07-02 16:44:54 - [MESSAGE][PASSED] - Object: 'Object Repository/OCS-MOBILE /Age gate and burger menu/Burger menu - English' is clicked on

2019-07-02 16:44:54 - [TEST_STEP][PASSED] - delay(2, CONTINUE_ON_FAILURE): Delayed 2 second(s)

2019-07-02 16:44:56 - [MESSAGE][PASSED] - Delayed 2 second(s)

2019-07-02 16:44:56 - [TEST_STEP][PASSED] - click(findTestObject("OCS-MOBILE /Accessories page/accessories chevron"), CONTINUE_ON_FAILURE): Object: 'Object Repository/OCS-MOBILE /Accessories page/accessories chevron' is clicked on

2019-07-02 16:44:56 - [MESSAGE][PASSED] - Object: 'Object Repository/OCS-MOBILE /Accessories page/accessories chevron' is clicked on

2019-07-02 16:44:56 - [TEST_STEP][PASSED] - delay(1, CONTINUE_ON_FAILURE): Delayed 1 second(s)

2019-07-02 16:44:57 - [MESSAGE][PASSED] - Delayed 1 second(s)

2019-07-02 16:44:57 - [TEST_STEP][PASSED] - executeJavaScript("var previewBar = document.getElementById("preview-bar-iframe"); previewBar.style.display = "none";", []): Execute JavaScript 'var previewBar = document.getElementById("preview-bar-iframe"); previewBar.style.display = "none";' successfully

2019-07-02 16:44:57 - [MESSAGE][PASSED] - Execute JavaScript 'var previewBar = document.getElementById("preview-bar-iframe"); previewBar.style.display = "none";' successfully

2019-07-02 16:44:57 - [TEST_STEP][PASSED] - delay(1, CONTINUE_ON_FAILURE): Delayed 1 second(s)

2019-07-02 16:44:58 - [MESSAGE][PASSED] - Delayed 1 second(s)

2019-07-02 16:44:58 - [TEST_STEP][PASSED] - click(findTestObject("OCS-MOBILE /Accessories page/new accessories")): Object: 'Object Repository/OCS-MOBILE /Accessories page/new accessories' is clicked on

2019-07-02 16:45:00 - [MESSAGE][PASSED] - Object: 'Object Repository/OCS-MOBILE /Accessories page/new accessories' is clicked on

2019-07-02 16:45:00 - [TEST_STEP][PASSED] - delay(1, OPTIONAL): Delayed 1 second(s)

2019-07-02 16:45:01 - [MESSAGE][PASSED] - Delayed 1 second(s)

2019-07-02 16:45:01 - [TEST_STEP][PASSED] - click(findTestObject("OCS-MOBILE /Age gate and burger menu/Burger menu - English"), CONTINUE_ON_FAILURE): Object: 'Object Repository/OCS-MOBILE /Age gate and burger menu/Burger menu - English' is clicked on

2019-07-02 16:45:01 - [MESSAGE][PASSED] - Object: 'Object Repository/OCS-MOBILE /Age gate and burger menu/Burger menu - English' is clicked on

2019-07-02 16:45:01 - [TEST_STEP][PASSED] - delay(2, CONTINUE_ON_FAILURE): Delayed 2 second(s)

2019-07-02 16:45:03 - [MESSAGE][PASSED] - Delayed 2 second(s)

2019-07-02 16:45:03 - [TEST_STEP][PASSED] - click(findTestObject("OCS-MOBILE /Accessories page/accessories chevron"), CONTINUE_ON_FAILURE): Object: 'Object Repository/OCS-MOBILE /Accessories page/accessories chevron' is clicked on

2019-07-02 16:45:03 - [MESSAGE][PASSED] - Object: 'Object Repository/OCS-MOBILE /Accessories page/accessories chevron' is clicked on

2019-07-02 16:45:03 - [TEST_STEP][PASSED] - delay(1, CONTINUE_ON_FAILURE): Delayed 1 second(s)

2019-07-02 16:45:04 - [MESSAGE][PASSED] - Delayed 1 second(s)

2019-07-02 16:45:04 - [TEST_STEP][PASSED] - executeJavaScript("var previewBar = document.getElementById("preview-bar-iframe"); previewBar.style.display = "none";", []): Execute JavaScript 'var previewBar = document.getElementById("preview-bar-iframe"); previewBar.style.display = "none";' successfully

2019-07-02 16:45:04 - [MESSAGE][PASSED] - Execute JavaScript 'var previewBar = document.getElementById("preview-bar-iframe"); previewBar.style.display = "none";' successfully

2019-07-02 16:45:04 - [TEST_STEP][PASSED] - click(findTestObject("OCS-MOBILE /Accessories page/Travel storage")): Object: 'Object Repository/OCS-MOBILE /Accessories page/Travel storage' is clicked on

2019-07-02 16:45:07 - [MESSAGE][PASSED] - Object: 'Object Repository/OCS-MOBILE /Accessories page/Travel storage' is clicked on

2019-07-02 16:45:07 - [TEST_STEP][PASSED] - delay(1, CONTINUE_ON_FAILURE): Delayed 1 second(s)

2019-07-02 16:45:08 - [MESSAGE][PASSED] - Delayed 1 second(s)

2019-07-02 16:45:08 - [TEST_STEP][PASSED] - click(findTestObject("OCS-MOBILE /Age gate and burger menu/Burger menu - English"), CONTINUE_ON_FAILURE): Object: 'Object Repository/OCS-MOBILE /Age gate and burger menu/Burger menu - English' is clicked on

2019-07-02 16:45:08 - [MESSAGE][PASSED] - Object: 'Object Repository/OCS-MOBILE /Age gate and burger menu/Burger menu - English' is clicked on

2019-07-02 16:45:08 - [TEST_STEP][PASSED] - delay(2, CONTINUE_ON_FAILURE): Delayed 2 second(s)

2019-07-02 16:45:10 - [MESSAGE][PASSED] - Delayed 2 second(s)

2019-07-02 16:45:10 - [TEST_STEP][PASSED] - click(findTestObject("OCS-MOBILE /Accessories page/accessories chevron"), CONTINUE_ON_FAILURE): Object: 'Object Repository/OCS-MOBILE /Accessories page/accessories chevron' is clicked on

2019-07-02 16:45:10 - [MESSAGE][PASSED] - Object: 'Object Repository/OCS-MOBILE /Accessories page/accessories chevron' is clicked on

2019-07-02 16:45:10 - [TEST_STEP][PASSED] - delay(1, OPTIONAL): Delayed 1 second(s)

2019-07-02 16:45:11 - [MESSAGE][PASSED] - Delayed 1 second(s)

2019-07-02 16:45:11 - [TEST_STEP][PASSED] - executeJavaScript("var previewBar = document.getElementById("preview-bar-iframe"); previewBar.style.display = "none";", []): Execute JavaScript 'var previewBar = document.getElementById("preview-bar-iframe"); previewBar.style.display = "none";' successfully

2019-07-02 16:45:11 - [MESSAGE][PASSED] - Execute JavaScript 'var previewBar = document.getElementById("preview-bar-iframe"); previewBar.style.display = "none";' successfully

2019-07-02 16:45:11 - [TEST_STEP][PASSED] - delay(2, CONTINUE_ON_FAILURE): Delayed 2 second(s)

2019-07-02 16:45:13 - [MESSAGE][PASSED] - Delayed 2 second(s)

2019-07-02 16:45:13 - [TEST_STEP][PASSED] - click(findTestObject("OCS-MOBILE /Accessories page/Shop all acessories")): Object: 'Object Repository/OCS-MOBILE /Accessories page/Shop all acessories' is clicked on

2019-07-02 16:45:16 - [MESSAGE][PASSED] - Object: 'Object Repository/OCS-MOBILE /Accessories page/Shop all acessories' is clicked on]]></system-out>
         <system-err><![CDATA[]]></system-err>
      </testcase>
      <testcase name="Test Cases/OCS - MOBILE/OCS- HOME PAGE/Announcement" classname="Test Cases/OCS - MOBILE/OCS- HOME PAGE/Announcement" status="FAILED">
         <failure type="FAILED" message="Test Cases/OCS - MOBILE/OCS- HOME PAGE/Announcement FAILED.
Reason:
com.kms.katalon.core.exception.StepFailedException: Text 'Due to holiday closures within the Canada Post network for Victoria Day, please expect some order delivery delays.' is not present on page 
	at com.kms.katalon.core.keyword.internal.KeywordMain.stepFailed(KeywordMain.groovy:32)
	at com.kms.katalon.core.webui.keyword.internal.WebUIKeywordMain.stepFailed(WebUIKeywordMain.groovy:65)
	at com.kms.katalon.core.webui.keyword.builtin.VerifyTextPresentKeyword$_verifyTextPresent_closure1.doCall(VerifyTextPresentKeyword.groovy:79)
	at com.kms.katalon.core.webui.keyword.builtin.VerifyTextPresentKeyword$_verifyTextPresent_closure1.call(VerifyTextPresentKeyword.groovy)
	at com.kms.katalon.core.webui.keyword.internal.WebUIKeywordMain.runKeyword(WebUIKeywordMain.groovy:21)
	at com.kms.katalon.core.webui.keyword.builtin.VerifyTextPresentKeyword.verifyTextPresent(VerifyTextPresentKeyword.groovy:83)
	at com.kms.katalon.core.webui.keyword.builtin.VerifyTextPresentKeyword.execute(VerifyTextPresentKeyword.groovy:68)
	at com.kms.katalon.core.keyword.internal.KeywordExecutor.executeKeywordForPlatform(KeywordExecutor.groovy:53)
	at com.kms.katalon.core.webui.keyword.WebUiBuiltInKeywords.verifyTextPresent(WebUiBuiltInKeywords.groovy:1677)
	at com.kms.katalon.core.webui.keyword.WebUiBuiltInKeywords$verifyTextPresent$18.call(Unknown Source)
	at Announcement.run(Announcement:18)
	at com.kms.katalon.core.main.ScriptEngine.run(ScriptEngine.java:194)
	at com.kms.katalon.core.main.ScriptEngine.runScriptAsRawText(ScriptEngine.java:119)
	at com.kms.katalon.core.main.TestCaseExecutor.runScript(TestCaseExecutor.java:328)
	at com.kms.katalon.core.main.TestCaseExecutor.doExecute(TestCaseExecutor.java:319)
	at com.kms.katalon.core.main.TestCaseExecutor.processExecutionPhase(TestCaseExecutor.java:298)
	at com.kms.katalon.core.main.TestCaseExecutor.accessMainPhase(TestCaseExecutor.java:290)
	at com.kms.katalon.core.main.TestCaseExecutor.execute(TestCaseExecutor.java:224)
	at com.kms.katalon.core.main.TestSuiteExecutor.accessTestCaseMainPhase(TestSuiteExecutor.java:129)
	at com.kms.katalon.core.main.TestSuiteExecutor.accessTestSuiteMainPhase(TestSuiteExecutor.java:112)
	at com.kms.katalon.core.main.TestSuiteExecutor.execute(TestSuiteExecutor.java:81)
	at com.kms.katalon.core.main.TestCaseMain.startTestSuite(TestCaseMain.java:149)
	at com.kms.katalon.core.main.TestCaseMain$startTestSuite$0.call(Unknown Source)
	at TempTestSuite1562098461396.run(TempTestSuite1562098461396.groovy:36)
"/>
         <system-out><![CDATA[2019-07-02 16:45:16 - [TEST_CASE][FAILED] - Test Cases/OCS - MOBILE/OCS- HOME PAGE/Announcement: Test Cases/OCS - MOBILE/OCS- HOME PAGE/Announcement FAILED.
Reason:
com.kms.katalon.core.exception.StepFailedException: Text 'Due to holiday closures within the Canada Post network for Victoria Day, please expect some order delivery delays.' is not present on page 
	at com.kms.katalon.core.keyword.internal.KeywordMain.stepFailed(KeywordMain.groovy:32)
	at com.kms.katalon.core.webui.keyword.internal.WebUIKeywordMain.stepFailed(WebUIKeywordMain.groovy:65)
	at com.kms.katalon.core.webui.keyword.builtin.VerifyTextPresentKeyword$_verifyTextPresent_closure1.doCall(VerifyTextPresentKeyword.groovy:79)
	at com.kms.katalon.core.webui.keyword.builtin.VerifyTextPresentKeyword$_verifyTextPresent_closure1.call(VerifyTextPresentKeyword.groovy)
	at com.kms.katalon.core.webui.keyword.internal.WebUIKeywordMain.runKeyword(WebUIKeywordMain.groovy:21)
	at com.kms.katalon.core.webui.keyword.builtin.VerifyTextPresentKeyword.verifyTextPresent(VerifyTextPresentKeyword.groovy:83)
	at com.kms.katalon.core.webui.keyword.builtin.VerifyTextPresentKeyword.execute(VerifyTextPresentKeyword.groovy:68)
	at com.kms.katalon.core.keyword.internal.KeywordExecutor.executeKeywordForPlatform(KeywordExecutor.groovy:53)
	at com.kms.katalon.core.webui.keyword.WebUiBuiltInKeywords.verifyTextPresent(WebUiBuiltInKeywords.groovy:1677)
	at com.kms.katalon.core.webui.keyword.WebUiBuiltInKeywords$verifyTextPresent$18.call(Unknown Source)
	at Announcement.run(Announcement:18)
	at com.kms.katalon.core.main.ScriptEngine.run(ScriptEngine.java:194)
	at com.kms.katalon.core.main.ScriptEngine.runScriptAsRawText(ScriptEngine.java:119)
	at com.kms.katalon.core.main.TestCaseExecutor.runScript(TestCaseExecutor.java:328)
	at com.kms.katalon.core.main.TestCaseExecutor.doExecute(TestCaseExecutor.java:319)
	at com.kms.katalon.core.main.TestCaseExecutor.processExecutionPhase(TestCaseExecutor.java:298)
	at com.kms.katalon.core.main.TestCaseExecutor.accessMainPhase(TestCaseExecutor.java:290)
	at com.kms.katalon.core.main.TestCaseExecutor.execute(TestCaseExecutor.java:224)
	at com.kms.katalon.core.main.TestSuiteExecutor.accessTestCaseMainPhase(TestSuiteExecutor.java:129)
	at com.kms.katalon.core.main.TestSuiteExecutor.accessTestSuiteMainPhase(TestSuiteExecutor.java:112)
	at com.kms.katalon.core.main.TestSuiteExecutor.execute(TestSuiteExecutor.java:81)
	at com.kms.katalon.core.main.TestCaseMain.startTestSuite(TestCaseMain.java:149)
	at com.kms.katalon.core.main.TestCaseMain$startTestSuite$0.call(Unknown Source)
	at TempTestSuite1562098461396.run(TempTestSuite1562098461396.groovy:36)


2019-07-02 16:45:16 - [TEST_STEP][PASSED] - callTestCase(findTestCase("OCS - MOBILE/CALL - AGE GATE"), [:], STOP_ON_FAILURE): Call Test Case 'Test Cases/OCS - MOBILE/CALL - AGE GATE' successfully

2019-07-02 16:45:16 - [TEST_CASE][PASSED] - Test Cases/OCS - MOBILE/CALL - AGE GATE: Test Cases/OCS - MOBILE/CALL - AGE GATE

2019-07-02 16:45:16 - [TEST_STEP][PASSED] - openBrowser(""): Browser is opened with url: ''

2019-07-02 16:45:16 - [MESSAGE][WARNING] - A browser is already opened. Closing browser and opening a new one

2019-07-02 16:45:16 - [MESSAGE][INFO] - Starting 'Chrome' driver

2019-07-02 16:45:17 - [MESSAGE][PASSED] - Browser is opened with url: ''

2019-07-02 16:45:17 - [TEST_STEP][PASSED] - navigateToUrl("https://ocs.ca/?fts=0&preview_theme_id=74203301708"): Navigate to 'https://ocs.ca/?fts=0&preview_theme_id=74203301708' successfully

2019-07-02 16:45:23 - [MESSAGE][PASSED] - Navigate to 'https://ocs.ca/?fts=0&preview_theme_id=74203301708' successfully

2019-07-02 16:45:23 - [TEST_STEP][PASSED] - executeJavaScript("var previewBar = document.getElementById("preview-bar-iframe"); previewBar.style.display = "none";", []): Execute JavaScript 'var previewBar = document.getElementById("preview-bar-iframe"); previewBar.style.display = "none";' successfully

2019-07-02 16:45:23 - [MESSAGE][PASSED] - Execute JavaScript 'var previewBar = document.getElementById("preview-bar-iframe"); previewBar.style.display = "none";' successfully

2019-07-02 16:45:23 - [TEST_STEP][PASSED] - setViewPortSize(360, 800): Viewport is set to new size with width = 360 and height = 800

2019-07-02 16:45:23 - [MESSAGE][PASSED] - Viewport is set to new size with width = 360 and height = 800

2019-07-02 16:45:23 - [TEST_STEP][PASSED] - delay(4): Delayed 4 second(s)

2019-07-02 16:45:27 - [MESSAGE][PASSED] - Delayed 4 second(s)

2019-07-02 16:45:27 - [TEST_STEP][PASSED] - selectOptionByValue(findTestObject("OCS-MOBILE /Age gate and burger menu/Date"), "12", true): All options with value '12' are selected in object 'Object Repository/OCS-MOBILE /Age gate and burger menu/Date'  using regular expression

2019-07-02 16:45:28 - [MESSAGE][PASSED] - All options with value '12' are selected in object 'Object Repository/OCS-MOBILE /Age gate and burger menu/Date'  using regular expression

2019-07-02 16:45:28 - [TEST_STEP][PASSED] - selectOptionByValue(findTestObject("OCS-MOBILE /Age gate and burger menu/month"), "6", true): All options with value '6' are selected in object 'Object Repository/OCS-MOBILE /Age gate and burger menu/month'  using regular expression

2019-07-02 16:45:28 - [MESSAGE][PASSED] - All options with value '6' are selected in object 'Object Repository/OCS-MOBILE /Age gate and burger menu/month'  using regular expression

2019-07-02 16:45:28 - [TEST_STEP][PASSED] - delay(2): Delayed 2 second(s)

2019-07-02 16:45:30 - [MESSAGE][PASSED] - Delayed 2 second(s)

2019-07-02 16:45:30 - [TEST_STEP][PASSED] - selectOptionByValue(findTestObject("OCS-MOBILE /Age gate and burger menu/Year Dropdown"), "1990", true): All options with value '1990' are selected in object 'Object Repository/OCS-MOBILE /Age gate and burger menu/Year Dropdown'  using regular expression

2019-07-02 16:45:31 - [MESSAGE][PASSED] - All options with value '1990' are selected in object 'Object Repository/OCS-MOBILE /Age gate and burger menu/Year Dropdown'  using regular expression

2019-07-02 16:45:31 - [TEST_STEP][PASSED] - click(findTestObject("OCS-MOBILE /Age gate and Mega menu/button_Verify")): Object: 'Object Repository/OCS-MOBILE /Age gate and Mega menu/button_Verify' is clicked on

2019-07-02 16:45:31 - [MESSAGE][PASSED] - Object: 'Object Repository/OCS-MOBILE /Age gate and Mega menu/button_Verify' is clicked on

2019-07-02 16:45:31 - [TEST_STEP][PASSED] - click(findTestObject("OCS-MOBILE /Age gate and Mega menu/Checkbox_CONFIRM AND ACKNOWLEDGE")): Object: 'Object Repository/OCS-MOBILE /Age gate and Mega menu/Checkbox_CONFIRM AND ACKNOWLEDGE' is clicked on

2019-07-02 16:45:31 - [MESSAGE][PASSED] - Object: 'Object Repository/OCS-MOBILE /Age gate and Mega menu/Checkbox_CONFIRM AND ACKNOWLEDGE' is clicked on

2019-07-02 16:45:31 - [TEST_STEP][PASSED] - click(findTestObject("OCS-MOBILE /Age gate and Mega menu/button_CONFIRM")): Object: 'Object Repository/OCS-MOBILE /Age gate and Mega menu/button_CONFIRM' is clicked on

2019-07-02 16:45:31 - [MESSAGE][PASSED] - Object: 'Object Repository/OCS-MOBILE /Age gate and Mega menu/button_CONFIRM' is clicked on

2019-07-02 16:45:31 - [TEST_STEP][PASSED] - click(findTestObject("OCS-MOBILE /Age gate and Mega menu/button_Start Browsing")): Object: 'Object Repository/OCS-MOBILE /Age gate and Mega menu/button_Start Browsing' is clicked on

2019-07-02 16:45:31 - [MESSAGE][PASSED] - Object: 'Object Repository/OCS-MOBILE /Age gate and Mega menu/button_Start Browsing' is clicked on

2019-07-02 16:45:31 - [TEST_STEP][PASSED] - refresh(): Refresh successfully

2019-07-02 16:45:31 - [MESSAGE][PASSED] - Refresh successfully

2019-07-02 16:45:31 - [TEST_STEP][PASSED] - executeJavaScript("var previewBar = document.getElementById("preview-bar-iframe"); previewBar.style.display = "none";", []): Execute JavaScript 'var previewBar = document.getElementById("preview-bar-iframe"); previewBar.style.display = "none";' successfully

2019-07-02 16:45:34 - [MESSAGE][PASSED] - Execute JavaScript 'var previewBar = document.getElementById("preview-bar-iframe"); previewBar.style.display = "none";' successfully

2019-07-02 16:45:34 - [MESSAGE][PASSED] - Call Test Case 'Test Cases/OCS - MOBILE/CALL - AGE GATE' successfully

2019-07-02 16:45:34 - [TEST_STEP][FAILED] - flag = verifyTextPresent("Due to holiday closures within the Canada Post network for Victoria Day, please expect some order delivery delays.", false, CONTINUE_ON_FAILURE): Text 'Due to holiday closures within the Canada Post network for Victoria Day, please expect some order delivery delays.' is not present on page 

2019-07-02 16:45:35 - [MESSAGE][FAILED] - Text 'Due to holiday closures within the Canada Post network for Victoria Day, please expect some order delivery delays.' is not present on page 

2019-07-02 16:45:35 - [TEST_STEP][PASSED] - delay(2): Delayed 2 second(s)

2019-07-02 16:45:37 - [MESSAGE][PASSED] - Delayed 2 second(s)

2019-07-02 16:45:37 - [TEST_STEP][PASSED] - comment("flag =" + flag): flag =false

2019-07-02 16:45:37 - [MESSAGE][INFO] - flag =false

2019-07-02 16:45:37 - [TEST_STEP][FAILED] - if (flag == false): if (flag == false) FAILED.
Reason:
com.kms.katalon.core.exception.StepFailedException: Text 'Due to holiday closures within the Canada Post network for Victoria Day, please expect some order delivery delays.' is not present on page 
	at com.kms.katalon.core.keyword.internal.KeywordMain.stepFailed(KeywordMain.groovy:32)
	at com.kms.katalon.core.webui.keyword.internal.WebUIKeywordMain.stepFailed(WebUIKeywordMain.groovy:65)
	at com.kms.katalon.core.webui.keyword.builtin.VerifyTextPresentKeyword$_verifyTextPresent_closure1.doCall(VerifyTextPresentKeyword.groovy:79)
	at com.kms.katalon.core.webui.keyword.builtin.VerifyTextPresentKeyword$_verifyTextPresent_closure1.call(VerifyTextPresentKeyword.groovy)
	at com.kms.katalon.core.webui.keyword.internal.WebUIKeywordMain.runKeyword(WebUIKeywordMain.groovy:21)
	at com.kms.katalon.core.webui.keyword.builtin.VerifyTextPresentKeyword.verifyTextPresent(VerifyTextPresentKeyword.groovy:83)
	at com.kms.katalon.core.webui.keyword.builtin.VerifyTextPresentKeyword.execute(VerifyTextPresentKeyword.groovy:68)
	at com.kms.katalon.core.keyword.internal.KeywordExecutor.executeKeywordForPlatform(KeywordExecutor.groovy:53)
	at com.kms.katalon.core.webui.keyword.WebUiBuiltInKeywords.verifyTextPresent(WebUiBuiltInKeywords.groovy:1677)
	at com.kms.katalon.core.webui.keyword.WebUiBuiltInKeywords$verifyTextPresent$18.call(Unknown Source)
	at Announcement.run(Announcement:18)
	at com.kms.katalon.core.main.ScriptEngine.run(ScriptEngine.java:194)
	at com.kms.katalon.core.main.ScriptEngine.runScriptAsRawText(ScriptEngine.java:119)
	at com.kms.katalon.core.main.TestCaseExecutor.runScript(TestCaseExecutor.java:328)
	at com.kms.katalon.core.main.TestCaseExecutor.doExecute(TestCaseExecutor.java:319)
	at com.kms.katalon.core.main.TestCaseExecutor.processExecutionPhase(TestCaseExecutor.java:298)
	at com.kms.katalon.core.main.TestCaseExecutor.accessMainPhase(TestCaseExecutor.java:290)
	at com.kms.katalon.core.main.TestCaseExecutor.execute(TestCaseExecutor.java:224)
	at com.kms.katalon.core.main.TestSuiteExecutor.accessTestCaseMainPhase(TestSuiteExecutor.java:129)
	at com.kms.katalon.core.main.TestSuiteExecutor.accessTestSuiteMainPhase(TestSuiteExecutor.java:112)
	at com.kms.katalon.core.main.TestSuiteExecutor.execute(TestSuiteExecutor.java:81)
	at com.kms.katalon.core.main.TestCaseMain.startTestSuite(TestCaseMain.java:149)
	at com.kms.katalon.core.main.TestCaseMain$startTestSuite$0.call(Unknown Source)
	at TempTestSuite1562098461396.run(TempTestSuite1562098461396.groovy:36)


2019-07-02 16:45:37 - [TEST_STEP][FAILED] - comment(" there is no  announcment "): if (flag == false) FAILED.
Reason:
com.kms.katalon.core.exception.StepFailedException: Text 'Due to holiday closures within the Canada Post network for Victoria Day, please expect some order delivery delays.' is not present on page 
	at com.kms.katalon.core.keyword.internal.KeywordMain.stepFailed(KeywordMain.groovy:32)
	at com.kms.katalon.core.webui.keyword.internal.WebUIKeywordMain.stepFailed(WebUIKeywordMain.groovy:65)
	at com.kms.katalon.core.webui.keyword.builtin.VerifyTextPresentKeyword$_verifyTextPresent_closure1.doCall(VerifyTextPresentKeyword.groovy:79)
	at com.kms.katalon.core.webui.keyword.builtin.VerifyTextPresentKeyword$_verifyTextPresent_closure1.call(VerifyTextPresentKeyword.groovy)
	at com.kms.katalon.core.webui.keyword.internal.WebUIKeywordMain.runKeyword(WebUIKeywordMain.groovy:21)
	at com.kms.katalon.core.webui.keyword.builtin.VerifyTextPresentKeyword.verifyTextPresent(VerifyTextPresentKeyword.groovy:83)
	at com.kms.katalon.core.webui.keyword.builtin.VerifyTextPresentKeyword.execute(VerifyTextPresentKeyword.groovy:68)
	at com.kms.katalon.core.keyword.internal.KeywordExecutor.executeKeywordForPlatform(KeywordExecutor.groovy:53)
	at com.kms.katalon.core.webui.keyword.WebUiBuiltInKeywords.verifyTextPresent(WebUiBuiltInKeywords.groovy:1677)
	at com.kms.katalon.core.webui.keyword.WebUiBuiltInKeywords$verifyTextPresent$18.call(Unknown Source)
	at Announcement.run(Announcement:18)
	at com.kms.katalon.core.main.ScriptEngine.run(ScriptEngine.java:194)
	at com.kms.katalon.core.main.ScriptEngine.runScriptAsRawText(ScriptEngine.java:119)
	at com.kms.katalon.core.main.TestCaseExecutor.runScript(TestCaseExecutor.java:328)
	at com.kms.katalon.core.main.TestCaseExecutor.doExecute(TestCaseExecutor.java:319)
	at com.kms.katalon.core.main.TestCaseExecutor.processExecutionPhase(TestCaseExecutor.java:298)
	at com.kms.katalon.core.main.TestCaseExecutor.accessMainPhase(TestCaseExecutor.java:290)
	at com.kms.katalon.core.main.TestCaseExecutor.execute(TestCaseExecutor.java:224)
	at com.kms.katalon.core.main.TestSuiteExecutor.accessTestCaseMainPhase(TestSuiteExecutor.java:129)
	at com.kms.katalon.core.main.TestSuiteExecutor.accessTestSuiteMainPhase(TestSuiteExecutor.java:112)
	at com.kms.katalon.core.main.TestSuiteExecutor.execute(TestSuiteExecutor.java:81)
	at com.kms.katalon.core.main.TestCaseMain.startTestSuite(TestCaseMain.java:149)
	at com.kms.katalon.core.main.TestCaseMain$startTestSuite$0.call(Unknown Source)
	at TempTestSuite1562098461396.run(TempTestSuite1562098461396.groovy:36)


2019-07-02 16:45:37 - [MESSAGE][INFO] -  there is no  announcment 

2019-07-02 16:45:37 - [MESSAGE][FAILED] - if (flag == false) FAILED.
Reason:
com.kms.katalon.core.exception.StepFailedException: Text 'Due to holiday closures within the Canada Post network for Victoria Day, please expect some order delivery delays.' is not present on page 
	at com.kms.katalon.core.keyword.internal.KeywordMain.stepFailed(KeywordMain.groovy:32)
	at com.kms.katalon.core.webui.keyword.internal.WebUIKeywordMain.stepFailed(WebUIKeywordMain.groovy:65)
	at com.kms.katalon.core.webui.keyword.builtin.VerifyTextPresentKeyword$_verifyTextPresent_closure1.doCall(VerifyTextPresentKeyword.groovy:79)
	at com.kms.katalon.core.webui.keyword.builtin.VerifyTextPresentKeyword$_verifyTextPresent_closure1.call(VerifyTextPresentKeyword.groovy)
	at com.kms.katalon.core.webui.keyword.internal.WebUIKeywordMain.runKeyword(WebUIKeywordMain.groovy:21)
	at com.kms.katalon.core.webui.keyword.builtin.VerifyTextPresentKeyword.verifyTextPresent(VerifyTextPresentKeyword.groovy:83)
	at com.kms.katalon.core.webui.keyword.builtin.VerifyTextPresentKeyword.execute(VerifyTextPresentKeyword.groovy:68)
	at com.kms.katalon.core.keyword.internal.KeywordExecutor.executeKeywordForPlatform(KeywordExecutor.groovy:53)
	at com.kms.katalon.core.webui.keyword.WebUiBuiltInKeywords.verifyTextPresent(WebUiBuiltInKeywords.groovy:1677)
	at com.kms.katalon.core.webui.keyword.WebUiBuiltInKeywords$verifyTextPresent$18.call(Unknown Source)
	at Announcement.run(Announcement:18)
	at com.kms.katalon.core.main.ScriptEngine.run(ScriptEngine.java:194)
	at com.kms.katalon.core.main.ScriptEngine.runScriptAsRawText(ScriptEngine.java:119)
	at com.kms.katalon.core.main.TestCaseExecutor.runScript(TestCaseExecutor.java:328)
	at com.kms.katalon.core.main.TestCaseExecutor.doExecute(TestCaseExecutor.java:319)
	at com.kms.katalon.core.main.TestCaseExecutor.processExecutionPhase(TestCaseExecutor.java:298)
	at com.kms.katalon.core.main.TestCaseExecutor.accessMainPhase(TestCaseExecutor.java:290)
	at com.kms.katalon.core.main.TestCaseExecutor.execute(TestCaseExecutor.java:224)
	at com.kms.katalon.core.main.TestSuiteExecutor.accessTestCaseMainPhase(TestSuiteExecutor.java:129)
	at com.kms.katalon.core.main.TestSuiteExecutor.accessTestSuiteMainPhase(TestSuiteExecutor.java:112)
	at com.kms.katalon.core.main.TestSuiteExecutor.execute(TestSuiteExecutor.java:81)
	at com.kms.katalon.core.main.TestCaseMain.startTestSuite(TestCaseMain.java:149)
	at com.kms.katalon.core.main.TestCaseMain$startTestSuite$0.call(Unknown Source)
	at TempTestSuite1562098461396.run(TempTestSuite1562098461396.groovy:36)]]></system-out>
         <system-err><![CDATA[2019-07-02 16:45:16 - [TEST_CASE][FAILED] - Test Cases/OCS - MOBILE/OCS- HOME PAGE/Announcement: Test Cases/OCS - MOBILE/OCS- HOME PAGE/Announcement FAILED.
Reason:
com.kms.katalon.core.exception.StepFailedException: Text 'Due to holiday closures within the Canada Post network for Victoria Day, please expect some order delivery delays.' is not present on page 
	at com.kms.katalon.core.keyword.internal.KeywordMain.stepFailed(KeywordMain.groovy:32)
	at com.kms.katalon.core.webui.keyword.internal.WebUIKeywordMain.stepFailed(WebUIKeywordMain.groovy:65)
	at com.kms.katalon.core.webui.keyword.builtin.VerifyTextPresentKeyword$_verifyTextPresent_closure1.doCall(VerifyTextPresentKeyword.groovy:79)
	at com.kms.katalon.core.webui.keyword.builtin.VerifyTextPresentKeyword$_verifyTextPresent_closure1.call(VerifyTextPresentKeyword.groovy)
	at com.kms.katalon.core.webui.keyword.internal.WebUIKeywordMain.runKeyword(WebUIKeywordMain.groovy:21)
	at com.kms.katalon.core.webui.keyword.builtin.VerifyTextPresentKeyword.verifyTextPresent(VerifyTextPresentKeyword.groovy:83)
	at com.kms.katalon.core.webui.keyword.builtin.VerifyTextPresentKeyword.execute(VerifyTextPresentKeyword.groovy:68)
	at com.kms.katalon.core.keyword.internal.KeywordExecutor.executeKeywordForPlatform(KeywordExecutor.groovy:53)
	at com.kms.katalon.core.webui.keyword.WebUiBuiltInKeywords.verifyTextPresent(WebUiBuiltInKeywords.groovy:1677)
	at com.kms.katalon.core.webui.keyword.WebUiBuiltInKeywords$verifyTextPresent$18.call(Unknown Source)
	at Announcement.run(Announcement:18)
	at com.kms.katalon.core.main.ScriptEngine.run(ScriptEngine.java:194)
	at com.kms.katalon.core.main.ScriptEngine.runScriptAsRawText(ScriptEngine.java:119)
	at com.kms.katalon.core.main.TestCaseExecutor.runScript(TestCaseExecutor.java:328)
	at com.kms.katalon.core.main.TestCaseExecutor.doExecute(TestCaseExecutor.java:319)
	at com.kms.katalon.core.main.TestCaseExecutor.processExecutionPhase(TestCaseExecutor.java:298)
	at com.kms.katalon.core.main.TestCaseExecutor.accessMainPhase(TestCaseExecutor.java:290)
	at com.kms.katalon.core.main.TestCaseExecutor.execute(TestCaseExecutor.java:224)
	at com.kms.katalon.core.main.TestSuiteExecutor.accessTestCaseMainPhase(TestSuiteExecutor.java:129)
	at com.kms.katalon.core.main.TestSuiteExecutor.accessTestSuiteMainPhase(TestSuiteExecutor.java:112)
	at com.kms.katalon.core.main.TestSuiteExecutor.execute(TestSuiteExecutor.java:81)
	at com.kms.katalon.core.main.TestCaseMain.startTestSuite(TestCaseMain.java:149)
	at com.kms.katalon.core.main.TestCaseMain$startTestSuite$0.call(Unknown Source)
	at TempTestSuite1562098461396.run(TempTestSuite1562098461396.groovy:36)]]></system-err>
      </testcase>
      <testcase name="Test Cases/OCS - MOBILE/OCS- HOME PAGE/cart flyout" classname="Test Cases/OCS - MOBILE/OCS- HOME PAGE/cart flyout" status="PASSED">
         <system-out><![CDATA[2019-07-02 16:45:37 - [TEST_CASE][PASSED] - Test Cases/OCS - MOBILE/OCS- HOME PAGE/cart flyout: Test Cases/OCS - MOBILE/OCS- HOME PAGE/cart flyout

2019-07-02 16:45:37 - [TEST_STEP][PASSED] - callTestCase(findTestCase("OCS - MOBILE/CALL - AGE GATE"), [:], STOP_ON_FAILURE): Call Test Case 'Test Cases/OCS - MOBILE/CALL - AGE GATE' successfully

2019-07-02 16:45:37 - [TEST_CASE][PASSED] - Test Cases/OCS - MOBILE/CALL - AGE GATE: Test Cases/OCS - MOBILE/CALL - AGE GATE

2019-07-02 16:45:37 - [TEST_STEP][PASSED] - openBrowser(""): Browser is opened with url: ''

2019-07-02 16:45:37 - [MESSAGE][WARNING] - A browser is already opened. Closing browser and opening a new one

2019-07-02 16:45:37 - [MESSAGE][INFO] - Starting 'Chrome' driver

2019-07-02 16:45:38 - [MESSAGE][PASSED] - Browser is opened with url: ''

2019-07-02 16:45:38 - [TEST_STEP][PASSED] - navigateToUrl("https://ocs.ca/?fts=0&preview_theme_id=74203301708"): Navigate to 'https://ocs.ca/?fts=0&preview_theme_id=74203301708' successfully

2019-07-02 16:45:43 - [MESSAGE][PASSED] - Navigate to 'https://ocs.ca/?fts=0&preview_theme_id=74203301708' successfully

2019-07-02 16:45:43 - [TEST_STEP][PASSED] - executeJavaScript("var previewBar = document.getElementById("preview-bar-iframe"); previewBar.style.display = "none";", []): Execute JavaScript 'var previewBar = document.getElementById("preview-bar-iframe"); previewBar.style.display = "none";' successfully

2019-07-02 16:45:43 - [MESSAGE][PASSED] - Execute JavaScript 'var previewBar = document.getElementById("preview-bar-iframe"); previewBar.style.display = "none";' successfully

2019-07-02 16:45:43 - [TEST_STEP][PASSED] - setViewPortSize(360, 800): Viewport is set to new size with width = 360 and height = 800

2019-07-02 16:45:43 - [MESSAGE][PASSED] - Viewport is set to new size with width = 360 and height = 800

2019-07-02 16:45:43 - [TEST_STEP][PASSED] - delay(4): Delayed 4 second(s)

2019-07-02 16:45:47 - [MESSAGE][PASSED] - Delayed 4 second(s)

2019-07-02 16:45:47 - [TEST_STEP][PASSED] - selectOptionByValue(findTestObject("OCS-MOBILE /Age gate and burger menu/Date"), "12", true): All options with value '12' are selected in object 'Object Repository/OCS-MOBILE /Age gate and burger menu/Date'  using regular expression

2019-07-02 16:45:47 - [MESSAGE][PASSED] - All options with value '12' are selected in object 'Object Repository/OCS-MOBILE /Age gate and burger menu/Date'  using regular expression

2019-07-02 16:45:47 - [TEST_STEP][PASSED] - selectOptionByValue(findTestObject("OCS-MOBILE /Age gate and burger menu/month"), "6", true): All options with value '6' are selected in object 'Object Repository/OCS-MOBILE /Age gate and burger menu/month'  using regular expression

2019-07-02 16:45:47 - [MESSAGE][PASSED] - All options with value '6' are selected in object 'Object Repository/OCS-MOBILE /Age gate and burger menu/month'  using regular expression

2019-07-02 16:45:47 - [TEST_STEP][PASSED] - delay(2): Delayed 2 second(s)

2019-07-02 16:45:49 - [MESSAGE][PASSED] - Delayed 2 second(s)

2019-07-02 16:45:49 - [TEST_STEP][PASSED] - selectOptionByValue(findTestObject("OCS-MOBILE /Age gate and burger menu/Year Dropdown"), "1990", true): All options with value '1990' are selected in object 'Object Repository/OCS-MOBILE /Age gate and burger menu/Year Dropdown'  using regular expression

2019-07-02 16:45:50 - [MESSAGE][PASSED] - All options with value '1990' are selected in object 'Object Repository/OCS-MOBILE /Age gate and burger menu/Year Dropdown'  using regular expression

2019-07-02 16:45:50 - [TEST_STEP][PASSED] - click(findTestObject("OCS-MOBILE /Age gate and Mega menu/button_Verify")): Object: 'Object Repository/OCS-MOBILE /Age gate and Mega menu/button_Verify' is clicked on

2019-07-02 16:45:51 - [MESSAGE][PASSED] - Object: 'Object Repository/OCS-MOBILE /Age gate and Mega menu/button_Verify' is clicked on

2019-07-02 16:45:51 - [TEST_STEP][PASSED] - click(findTestObject("OCS-MOBILE /Age gate and Mega menu/Checkbox_CONFIRM AND ACKNOWLEDGE")): Object: 'Object Repository/OCS-MOBILE /Age gate and Mega menu/Checkbox_CONFIRM AND ACKNOWLEDGE' is clicked on

2019-07-02 16:45:51 - [MESSAGE][PASSED] - Object: 'Object Repository/OCS-MOBILE /Age gate and Mega menu/Checkbox_CONFIRM AND ACKNOWLEDGE' is clicked on

2019-07-02 16:45:51 - [TEST_STEP][PASSED] - click(findTestObject("OCS-MOBILE /Age gate and Mega menu/button_CONFIRM")): Object: 'Object Repository/OCS-MOBILE /Age gate and Mega menu/button_CONFIRM' is clicked on

2019-07-02 16:45:51 - [MESSAGE][PASSED] - Object: 'Object Repository/OCS-MOBILE /Age gate and Mega menu/button_CONFIRM' is clicked on

2019-07-02 16:45:51 - [TEST_STEP][PASSED] - click(findTestObject("OCS-MOBILE /Age gate and Mega menu/button_Start Browsing")): Object: 'Object Repository/OCS-MOBILE /Age gate and Mega menu/button_Start Browsing' is clicked on

2019-07-02 16:45:51 - [MESSAGE][PASSED] - Object: 'Object Repository/OCS-MOBILE /Age gate and Mega menu/button_Start Browsing' is clicked on

2019-07-02 16:45:51 - [TEST_STEP][PASSED] - refresh(): Refresh successfully

2019-07-02 16:45:51 - [MESSAGE][PASSED] - Refresh successfully

2019-07-02 16:45:51 - [TEST_STEP][PASSED] - executeJavaScript("var previewBar = document.getElementById("preview-bar-iframe"); previewBar.style.display = "none";", []): Execute JavaScript 'var previewBar = document.getElementById("preview-bar-iframe"); previewBar.style.display = "none";' successfully

2019-07-02 16:45:54 - [MESSAGE][PASSED] - Execute JavaScript 'var previewBar = document.getElementById("preview-bar-iframe"); previewBar.style.display = "none";' successfully

2019-07-02 16:45:54 - [MESSAGE][PASSED] - Call Test Case 'Test Cases/OCS - MOBILE/CALL - AGE GATE' successfully

2019-07-02 16:45:54 - [TEST_STEP][PASSED] - delay(2): Delayed 2 second(s)

2019-07-02 16:45:56 - [MESSAGE][PASSED] - Delayed 2 second(s)

2019-07-02 16:45:56 - [TEST_STEP][PASSED] - click(findTestObject("OCS-MOBILE /Home - page/Cart icon -bag")): Object: 'Object Repository/OCS-MOBILE /Home - page/Cart icon -bag' is clicked on

2019-07-02 16:45:56 - [MESSAGE][PASSED] - Object: 'Object Repository/OCS-MOBILE /Home - page/Cart icon -bag' is clicked on

2019-07-02 16:45:56 - [TEST_STEP][PASSED] - delay(3): Delayed 3 second(s)

2019-07-02 16:45:59 - [MESSAGE][PASSED] - Delayed 3 second(s)

2019-07-02 16:45:59 - [TEST_STEP][PASSED] - verifyTextPresent("Bag", false, OPTIONAL): Text 'Bag' is present on page 

2019-07-02 16:46:00 - [MESSAGE][PASSED] - Text 'Bag' is present on page 

2019-07-02 16:46:00 - [TEST_STEP][PASSED] - if (true):  cart flyout opened 

2019-07-02 16:46:00 - [TEST_STEP][PASSED] - comment(" cart flyout opened "):  cart flyout opened 

2019-07-02 16:46:00 - [MESSAGE][INFO] -  cart flyout opened 

2019-07-02 16:46:00 - [TEST_STEP][PASSED] - delay(5): Delayed 5 second(s)

2019-07-02 16:46:05 - [MESSAGE][PASSED] - Delayed 5 second(s)

2019-07-02 16:46:05 - [TEST_STEP][PASSED] - click(findTestObject("OCS-MOBILE /Home - page/Collapse cart flyout")): Object: 'Object Repository/OCS-MOBILE /Home - page/Collapse cart flyout' is clicked on

2019-07-02 16:46:05 - [MESSAGE][PASSED] - Object: 'Object Repository/OCS-MOBILE /Home - page/Collapse cart flyout' is clicked on

2019-07-02 16:46:05 - [TEST_STEP][PASSED] - verifyTextPresent("Bag", false, OPTIONAL): Text 'Bag' is present on page 

2019-07-02 16:46:05 - [MESSAGE][PASSED] - Text 'Bag' is present on page 

2019-07-02 16:46:05 - [TEST_STEP][PASSED] - if (true):  cart flyout closed 

2019-07-02 16:46:05 - [TEST_STEP][PASSED] - comment(" cart flyout closed "):  cart flyout closed 

2019-07-02 16:46:05 - [MESSAGE][INFO] -  cart flyout closed]]></system-out>
         <system-err><![CDATA[]]></system-err>
      </testcase>
      <testcase name="Test Cases/OCS - MOBILE/OCS- HOME PAGE/Retail stores link" classname="Test Cases/OCS - MOBILE/OCS- HOME PAGE/Retail stores link" status="PASSED">
         <system-out><![CDATA[2019-07-02 16:46:05 - [TEST_CASE][PASSED] - Test Cases/OCS - MOBILE/OCS- HOME PAGE/Retail stores link: Test Cases/OCS - MOBILE/OCS- HOME PAGE/Retail stores link

2019-07-02 16:46:05 - [TEST_STEP][PASSED] - callTestCase(findTestCase("OCS - MOBILE/CALL - AGE GATE"), [:], STOP_ON_FAILURE): Call Test Case 'Test Cases/OCS - MOBILE/CALL - AGE GATE' successfully

2019-07-02 16:46:05 - [TEST_CASE][PASSED] - Test Cases/OCS - MOBILE/CALL - AGE GATE: Test Cases/OCS - MOBILE/CALL - AGE GATE

2019-07-02 16:46:06 - [TEST_STEP][PASSED] - openBrowser(""): Browser is opened with url: ''

2019-07-02 16:46:06 - [MESSAGE][WARNING] - A browser is already opened. Closing browser and opening a new one

2019-07-02 16:46:06 - [MESSAGE][INFO] - Starting 'Chrome' driver

2019-07-02 16:46:07 - [MESSAGE][PASSED] - Browser is opened with url: ''

2019-07-02 16:46:07 - [TEST_STEP][PASSED] - navigateToUrl("https://ocs.ca/?fts=0&preview_theme_id=74203301708"): Navigate to 'https://ocs.ca/?fts=0&preview_theme_id=74203301708' successfully

2019-07-02 16:46:12 - [MESSAGE][PASSED] - Navigate to 'https://ocs.ca/?fts=0&preview_theme_id=74203301708' successfully

2019-07-02 16:46:12 - [TEST_STEP][PASSED] - executeJavaScript("var previewBar = document.getElementById("preview-bar-iframe"); previewBar.style.display = "none";", []): Execute JavaScript 'var previewBar = document.getElementById("preview-bar-iframe"); previewBar.style.display = "none";' successfully

2019-07-02 16:46:12 - [MESSAGE][PASSED] - Execute JavaScript 'var previewBar = document.getElementById("preview-bar-iframe"); previewBar.style.display = "none";' successfully

2019-07-02 16:46:12 - [TEST_STEP][PASSED] - setViewPortSize(360, 800): Viewport is set to new size with width = 360 and height = 800

2019-07-02 16:46:12 - [MESSAGE][PASSED] - Viewport is set to new size with width = 360 and height = 800

2019-07-02 16:46:12 - [TEST_STEP][PASSED] - delay(4): Delayed 4 second(s)

2019-07-02 16:46:16 - [MESSAGE][PASSED] - Delayed 4 second(s)

2019-07-02 16:46:16 - [TEST_STEP][PASSED] - selectOptionByValue(findTestObject("OCS-MOBILE /Age gate and burger menu/Date"), "12", true): All options with value '12' are selected in object 'Object Repository/OCS-MOBILE /Age gate and burger menu/Date'  using regular expression

2019-07-02 16:46:16 - [MESSAGE][PASSED] - All options with value '12' are selected in object 'Object Repository/OCS-MOBILE /Age gate and burger menu/Date'  using regular expression

2019-07-02 16:46:16 - [TEST_STEP][PASSED] - selectOptionByValue(findTestObject("OCS-MOBILE /Age gate and burger menu/month"), "6", true): All options with value '6' are selected in object 'Object Repository/OCS-MOBILE /Age gate and burger menu/month'  using regular expression

2019-07-02 16:46:16 - [MESSAGE][PASSED] - All options with value '6' are selected in object 'Object Repository/OCS-MOBILE /Age gate and burger menu/month'  using regular expression

2019-07-02 16:46:16 - [TEST_STEP][PASSED] - delay(2): Delayed 2 second(s)

2019-07-02 16:46:18 - [MESSAGE][PASSED] - Delayed 2 second(s)

2019-07-02 16:46:18 - [TEST_STEP][PASSED] - selectOptionByValue(findTestObject("OCS-MOBILE /Age gate and burger menu/Year Dropdown"), "1990", true): All options with value '1990' are selected in object 'Object Repository/OCS-MOBILE /Age gate and burger menu/Year Dropdown'  using regular expression

2019-07-02 16:46:19 - [MESSAGE][PASSED] - All options with value '1990' are selected in object 'Object Repository/OCS-MOBILE /Age gate and burger menu/Year Dropdown'  using regular expression

2019-07-02 16:46:19 - [TEST_STEP][PASSED] - click(findTestObject("OCS-MOBILE /Age gate and Mega menu/button_Verify")): Object: 'Object Repository/OCS-MOBILE /Age gate and Mega menu/button_Verify' is clicked on

2019-07-02 16:46:20 - [MESSAGE][PASSED] - Object: 'Object Repository/OCS-MOBILE /Age gate and Mega menu/button_Verify' is clicked on

2019-07-02 16:46:20 - [TEST_STEP][PASSED] - click(findTestObject("OCS-MOBILE /Age gate and Mega menu/Checkbox_CONFIRM AND ACKNOWLEDGE")): Object: 'Object Repository/OCS-MOBILE /Age gate and Mega menu/Checkbox_CONFIRM AND ACKNOWLEDGE' is clicked on

2019-07-02 16:46:20 - [MESSAGE][PASSED] - Object: 'Object Repository/OCS-MOBILE /Age gate and Mega menu/Checkbox_CONFIRM AND ACKNOWLEDGE' is clicked on

2019-07-02 16:46:20 - [TEST_STEP][PASSED] - click(findTestObject("OCS-MOBILE /Age gate and Mega menu/button_CONFIRM")): Object: 'Object Repository/OCS-MOBILE /Age gate and Mega menu/button_CONFIRM' is clicked on

2019-07-02 16:46:20 - [MESSAGE][PASSED] - Object: 'Object Repository/OCS-MOBILE /Age gate and Mega menu/button_CONFIRM' is clicked on

2019-07-02 16:46:20 - [TEST_STEP][PASSED] - click(findTestObject("OCS-MOBILE /Age gate and Mega menu/button_Start Browsing")): Object: 'Object Repository/OCS-MOBILE /Age gate and Mega menu/button_Start Browsing' is clicked on

2019-07-02 16:46:20 - [MESSAGE][PASSED] - Object: 'Object Repository/OCS-MOBILE /Age gate and Mega menu/button_Start Browsing' is clicked on

2019-07-02 16:46:20 - [TEST_STEP][PASSED] - refresh(): Refresh successfully

2019-07-02 16:46:20 - [MESSAGE][PASSED] - Refresh successfully

2019-07-02 16:46:20 - [TEST_STEP][PASSED] - executeJavaScript("var previewBar = document.getElementById("preview-bar-iframe"); previewBar.style.display = "none";", []): Execute JavaScript 'var previewBar = document.getElementById("preview-bar-iframe"); previewBar.style.display = "none";' successfully

2019-07-02 16:46:23 - [MESSAGE][PASSED] - Execute JavaScript 'var previewBar = document.getElementById("preview-bar-iframe"); previewBar.style.display = "none";' successfully

2019-07-02 16:46:23 - [MESSAGE][PASSED] - Call Test Case 'Test Cases/OCS - MOBILE/CALL - AGE GATE' successfully

2019-07-02 16:46:23 - [TEST_STEP][PASSED] - delay(2): Delayed 2 second(s)

2019-07-02 16:46:25 - [MESSAGE][PASSED] - Delayed 2 second(s)

2019-07-02 16:46:25 - [TEST_STEP][PASSED] - flag = verifyElementPresent(findTestObject("OCS-MOBILE /Home - page/Retail stores link"), 0, CONTINUE_ON_FAILURE): Object 'Object Repository/OCS-MOBILE /Home - page/Retail stores link' is present

2019-07-02 16:46:25 - [MESSAGE][WARNING] - Timeout '0' is invalid. Using default page load timeout: '30'

2019-07-02 16:46:25 - [MESSAGE][PASSED] - Object 'Object Repository/OCS-MOBILE /Home - page/Retail stores link' is present

2019-07-02 16:46:25 - [TEST_STEP][PASSED] - comment("flag=" + flag): flag=true

2019-07-02 16:46:25 - [MESSAGE][INFO] - flag=true

2019-07-02 16:46:25 - [TEST_STEP][PASSED] - if (flag == true): Object: 'Object Repository/OCS-MOBILE /Home - page/Retail stores link' is clicked on

2019-07-02 16:46:25 - [TEST_STEP][PASSED] - delay(2): Delayed 2 second(s)

2019-07-02 16:46:27 - [MESSAGE][PASSED] - Delayed 2 second(s)

2019-07-02 16:46:27 - [TEST_STEP][PASSED] - click(findTestObject("OCS-MOBILE /Home - page/Retail stores link")): Object: 'Object Repository/OCS-MOBILE /Home - page/Retail stores link' is clicked on

2019-07-02 16:46:28 - [MESSAGE][PASSED] - Object: 'Object Repository/OCS-MOBILE /Home - page/Retail stores link' is clicked on]]></system-out>
         <system-err><![CDATA[]]></system-err>
      </testcase>
      <testcase name="Test Cases/OCS - MOBILE/OCS- HOME PAGE/Screen reader link" classname="Test Cases/OCS - MOBILE/OCS- HOME PAGE/Screen reader link" status="PASSED">
         <system-out><![CDATA[2019-07-02 16:46:28 - [TEST_CASE][PASSED] - Test Cases/OCS - MOBILE/OCS- HOME PAGE/Screen reader link: Test Cases/OCS - MOBILE/OCS- HOME PAGE/Screen reader link

2019-07-02 16:46:28 - [TEST_STEP][PASSED] - callTestCase(findTestCase("OCS - MOBILE/CALL - AGE GATE"), [:], STOP_ON_FAILURE): Call Test Case 'Test Cases/OCS - MOBILE/CALL - AGE GATE' successfully

2019-07-02 16:46:28 - [TEST_CASE][PASSED] - Test Cases/OCS - MOBILE/CALL - AGE GATE: Test Cases/OCS - MOBILE/CALL - AGE GATE

2019-07-02 16:46:28 - [TEST_STEP][PASSED] - openBrowser(""): Browser is opened with url: ''

2019-07-02 16:46:28 - [MESSAGE][WARNING] - A browser is already opened. Closing browser and opening a new one

2019-07-02 16:46:28 - [MESSAGE][INFO] - Starting 'Chrome' driver

2019-07-02 16:46:29 - [MESSAGE][PASSED] - Browser is opened with url: ''

2019-07-02 16:46:29 - [TEST_STEP][PASSED] - navigateToUrl("https://ocs.ca/?fts=0&preview_theme_id=74203301708"): Navigate to 'https://ocs.ca/?fts=0&preview_theme_id=74203301708' successfully

2019-07-02 16:46:33 - [MESSAGE][PASSED] - Navigate to 'https://ocs.ca/?fts=0&preview_theme_id=74203301708' successfully

2019-07-02 16:46:33 - [TEST_STEP][PASSED] - executeJavaScript("var previewBar = document.getElementById("preview-bar-iframe"); previewBar.style.display = "none";", []): Execute JavaScript 'var previewBar = document.getElementById("preview-bar-iframe"); previewBar.style.display = "none";' successfully

2019-07-02 16:46:33 - [MESSAGE][PASSED] - Execute JavaScript 'var previewBar = document.getElementById("preview-bar-iframe"); previewBar.style.display = "none";' successfully

2019-07-02 16:46:33 - [TEST_STEP][PASSED] - setViewPortSize(360, 800): Viewport is set to new size with width = 360 and height = 800

2019-07-02 16:46:34 - [MESSAGE][PASSED] - Viewport is set to new size with width = 360 and height = 800

2019-07-02 16:46:34 - [TEST_STEP][PASSED] - delay(4): Delayed 4 second(s)

2019-07-02 16:46:38 - [MESSAGE][PASSED] - Delayed 4 second(s)

2019-07-02 16:46:38 - [TEST_STEP][PASSED] - selectOptionByValue(findTestObject("OCS-MOBILE /Age gate and burger menu/Date"), "12", true): All options with value '12' are selected in object 'Object Repository/OCS-MOBILE /Age gate and burger menu/Date'  using regular expression

2019-07-02 16:46:38 - [MESSAGE][PASSED] - All options with value '12' are selected in object 'Object Repository/OCS-MOBILE /Age gate and burger menu/Date'  using regular expression

2019-07-02 16:46:38 - [TEST_STEP][PASSED] - selectOptionByValue(findTestObject("OCS-MOBILE /Age gate and burger menu/month"), "6", true): All options with value '6' are selected in object 'Object Repository/OCS-MOBILE /Age gate and burger menu/month'  using regular expression

2019-07-02 16:46:38 - [MESSAGE][PASSED] - All options with value '6' are selected in object 'Object Repository/OCS-MOBILE /Age gate and burger menu/month'  using regular expression

2019-07-02 16:46:38 - [TEST_STEP][PASSED] - delay(2): Delayed 2 second(s)

2019-07-02 16:46:40 - [MESSAGE][PASSED] - Delayed 2 second(s)

2019-07-02 16:46:40 - [TEST_STEP][PASSED] - selectOptionByValue(findTestObject("OCS-MOBILE /Age gate and burger menu/Year Dropdown"), "1990", true): All options with value '1990' are selected in object 'Object Repository/OCS-MOBILE /Age gate and burger menu/Year Dropdown'  using regular expression

2019-07-02 16:46:41 - [MESSAGE][PASSED] - All options with value '1990' are selected in object 'Object Repository/OCS-MOBILE /Age gate and burger menu/Year Dropdown'  using regular expression

2019-07-02 16:46:41 - [TEST_STEP][PASSED] - click(findTestObject("OCS-MOBILE /Age gate and Mega menu/button_Verify")): Object: 'Object Repository/OCS-MOBILE /Age gate and Mega menu/button_Verify' is clicked on

2019-07-02 16:46:41 - [MESSAGE][PASSED] - Object: 'Object Repository/OCS-MOBILE /Age gate and Mega menu/button_Verify' is clicked on

2019-07-02 16:46:41 - [TEST_STEP][PASSED] - click(findTestObject("OCS-MOBILE /Age gate and Mega menu/Checkbox_CONFIRM AND ACKNOWLEDGE")): Object: 'Object Repository/OCS-MOBILE /Age gate and Mega menu/Checkbox_CONFIRM AND ACKNOWLEDGE' is clicked on

2019-07-02 16:46:41 - [MESSAGE][PASSED] - Object: 'Object Repository/OCS-MOBILE /Age gate and Mega menu/Checkbox_CONFIRM AND ACKNOWLEDGE' is clicked on

2019-07-02 16:46:41 - [TEST_STEP][PASSED] - click(findTestObject("OCS-MOBILE /Age gate and Mega menu/button_CONFIRM")): Object: 'Object Repository/OCS-MOBILE /Age gate and Mega menu/button_CONFIRM' is clicked on

2019-07-02 16:46:41 - [MESSAGE][PASSED] - Object: 'Object Repository/OCS-MOBILE /Age gate and Mega menu/button_CONFIRM' is clicked on

2019-07-02 16:46:41 - [TEST_STEP][PASSED] - click(findTestObject("OCS-MOBILE /Age gate and Mega menu/button_Start Browsing")): Object: 'Object Repository/OCS-MOBILE /Age gate and Mega menu/button_Start Browsing' is clicked on

2019-07-02 16:46:41 - [MESSAGE][PASSED] - Object: 'Object Repository/OCS-MOBILE /Age gate and Mega menu/button_Start Browsing' is clicked on

2019-07-02 16:46:41 - [TEST_STEP][PASSED] - refresh(): Refresh successfully

2019-07-02 16:46:41 - [MESSAGE][PASSED] - Refresh successfully

2019-07-02 16:46:41 - [TEST_STEP][PASSED] - executeJavaScript("var previewBar = document.getElementById("preview-bar-iframe"); previewBar.style.display = "none";", []): Execute JavaScript 'var previewBar = document.getElementById("preview-bar-iframe"); previewBar.style.display = "none";' successfully

2019-07-02 16:46:45 - [MESSAGE][PASSED] - Execute JavaScript 'var previewBar = document.getElementById("preview-bar-iframe"); previewBar.style.display = "none";' successfully

2019-07-02 16:46:45 - [MESSAGE][PASSED] - Call Test Case 'Test Cases/OCS - MOBILE/CALL - AGE GATE' successfully

2019-07-02 16:46:45 - [TEST_STEP][PASSED] - delay(2): Delayed 2 second(s)

2019-07-02 16:46:47 - [MESSAGE][PASSED] - Delayed 2 second(s)

2019-07-02 16:46:47 - [TEST_STEP][PASSED] - click(findTestObject("OCS-MOBILE /Home - page/Screen readers link")): Object: 'Object Repository/OCS-MOBILE /Home - page/Screen readers link' is clicked on

2019-07-02 16:46:49 - [MESSAGE][PASSED] - Object: 'Object Repository/OCS-MOBILE /Home - page/Screen readers link' is clicked on

2019-07-02 16:46:49 - [TEST_STEP][PASSED] - flag = verifyTextPresent("Accessibility at the Ontario Cannabis Store (OCS)", false): Text 'Accessibility at the Ontario Cannabis Store (OCS)' is present on page 

2019-07-02 16:46:49 - [MESSAGE][PASSED] - Text 'Accessibility at the Ontario Cannabis Store (OCS)' is present on page 

2019-07-02 16:46:49 - [TEST_STEP][PASSED] - comment("flag =" + flag): flag =true

2019-07-02 16:46:49 - [MESSAGE][INFO] - flag =true

2019-07-02 16:46:49 - [TEST_STEP][PASSED] - if (flag == false): null

2019-07-02 16:46:49 - [TEST_STEP][PASSED] - else:  naviagtion is  on right page

2019-07-02 16:46:49 - [TEST_STEP][PASSED] - comment(" naviagtion is  on right page"):  naviagtion is  on right page

2019-07-02 16:46:49 - [MESSAGE][INFO] -  naviagtion is  on right page]]></system-out>
         <system-err><![CDATA[]]></system-err>
      </testcase>
      <testcase name="Test Cases/OCS - MOBILE/OCS- HOME PAGE/HP-Burger menu -cannabis" classname="Test Cases/OCS - MOBILE/OCS- HOME PAGE/HP-Burger menu -cannabis" status="FAILED">
         <failure type="FAILED" message="Test Cases/OCS - MOBILE/OCS- HOME PAGE/HP-Burger menu -cannabis FAILED.
Reason:
com.kms.katalon.core.exception.StepFailedException: Unable to click on object 'Object Repository/OCS-MOBILE /Cannabis page/Shop all cannabis Button' (Root cause: org.openqa.selenium.ElementNotVisibleException: element not interactable
  (Session info: chrome=75.0.3770.100)
  (Driver info: chromedriver=2.43.600229 (3fae4d0cda5334b4f533bede5a4787f7b832d052),platform=Mac OS X 10.13.6 x86_64) (WARNING: The server did not provide any stacktrace information)
Command duration or timeout: 0 milliseconds
Build info: version: '3.7.1', revision: '8a0099a', time: '2017-11-06T21:07:36.161Z'
System info: host: 'sumans-MacBook-Pro.local', ip: 'fe80:0:0:0:98:5ae9:edb9:537f%en0', os.name: 'Mac OS X', os.arch: 'x86_64', os.version: '10.13.6', java.version: '1.8.0_181'
Driver info: com.kms.katalon.selenium.driver.CChromeDriver
Capabilities {acceptInsecureCerts: false, acceptSslCerts: false, applicationCacheEnabled: false, browserConnectionEnabled: false, browserName: chrome, chrome: {chromedriverVersion: 2.43.600229 (3fae4d0cda5334..., userDataDir: /var/folders/1t/c55l8xzs6gq...}, cssSelectorsEnabled: true, databaseEnabled: false, goog:chromeOptions: {debuggerAddress: localhost:64513}, handlesAlerts: true, hasTouchScreen: false, javascriptEnabled: true, locationContextEnabled: true, mobileEmulationEnabled: false, nativeEvents: true, networkConnectionEnabled: false, pageLoadStrategy: normal, platform: MAC, platformName: MAC, rotatable: false, setWindowRect: true, takesHeapSnapshot: true, takesScreenshot: true, unexpectedAlertBehaviour: , unhandledPromptBehavior: , version: 75.0.3770.100, webStorageEnabled: true}
Session ID: 0d87ff6c05c72696f036868bf08459b9)
	at com.kms.katalon.core.keyword.internal.KeywordMain.stepFailed(KeywordMain.groovy:36)
	at com.kms.katalon.core.webui.keyword.internal.WebUIKeywordMain.stepFailed(WebUIKeywordMain.groovy:65)
	at com.kms.katalon.core.webui.keyword.internal.WebUIKeywordMain.runKeyword(WebUIKeywordMain.groovy:27)
	at com.kms.katalon.core.webui.keyword.builtin.ClickKeyword.click(ClickKeyword.groovy:86)
	at com.kms.katalon.core.webui.keyword.builtin.ClickKeyword.execute(ClickKeyword.groovy:67)
	at com.kms.katalon.core.keyword.internal.KeywordExecutor.executeKeywordForPlatform(KeywordExecutor.groovy:53)
	at com.kms.katalon.core.webui.keyword.WebUiBuiltInKeywords.click(WebUiBuiltInKeywords.groovy:616)
	at com.kms.katalon.core.webui.keyword.WebUiBuiltInKeywords$click$4.call(Unknown Source)
	at HP-Burger menu -cannabis.run(HP-Burger menu -cannabis:427)
	at com.kms.katalon.core.main.ScriptEngine.run(ScriptEngine.java:194)
	at com.kms.katalon.core.main.ScriptEngine.runScriptAsRawText(ScriptEngine.java:119)
	at com.kms.katalon.core.main.TestCaseExecutor.runScript(TestCaseExecutor.java:328)
	at com.kms.katalon.core.main.TestCaseExecutor.doExecute(TestCaseExecutor.java:319)
	at com.kms.katalon.core.main.TestCaseExecutor.processExecutionPhase(TestCaseExecutor.java:298)
	at com.kms.katalon.core.main.TestCaseExecutor.accessMainPhase(TestCaseExecutor.java:290)
	at com.kms.katalon.core.main.TestCaseExecutor.execute(TestCaseExecutor.java:224)
	at com.kms.katalon.core.main.TestSuiteExecutor.accessTestCaseMainPhase(TestSuiteExecutor.java:129)
	at com.kms.katalon.core.main.TestSuiteExecutor.accessTestSuiteMainPhase(TestSuiteExecutor.java:112)
	at com.kms.katalon.core.main.TestSuiteExecutor.execute(TestSuiteExecutor.java:81)
	at com.kms.katalon.core.main.TestCaseMain.startTestSuite(TestCaseMain.java:149)
	at com.kms.katalon.core.main.TestCaseMain$startTestSuite$0.call(Unknown Source)
	at TempTestSuite1562098461396.run(TempTestSuite1562098461396.groovy:36)
"/>
         <system-out><![CDATA[2019-07-02 16:46:49 - [TEST_CASE][FAILED] - Test Cases/OCS - MOBILE/OCS- HOME PAGE/HP-Burger menu -cannabis: Test Cases/OCS - MOBILE/OCS- HOME PAGE/HP-Burger menu -cannabis FAILED.
Reason:
com.kms.katalon.core.exception.StepFailedException: Unable to click on object 'Object Repository/OCS-MOBILE /Cannabis page/Shop all cannabis Button' (Root cause: org.openqa.selenium.ElementNotVisibleException: element not interactable
  (Session info: chrome=75.0.3770.100)
  (Driver info: chromedriver=2.43.600229 (3fae4d0cda5334b4f533bede5a4787f7b832d052),platform=Mac OS X 10.13.6 x86_64) (WARNING: The server did not provide any stacktrace information)
Command duration or timeout: 0 milliseconds
Build info: version: '3.7.1', revision: '8a0099a', time: '2017-11-06T21:07:36.161Z'
System info: host: 'sumans-MacBook-Pro.local', ip: 'fe80:0:0:0:98:5ae9:edb9:537f%en0', os.name: 'Mac OS X', os.arch: 'x86_64', os.version: '10.13.6', java.version: '1.8.0_181'
Driver info: com.kms.katalon.selenium.driver.CChromeDriver
Capabilities {acceptInsecureCerts: false, acceptSslCerts: false, applicationCacheEnabled: false, browserConnectionEnabled: false, browserName: chrome, chrome: {chromedriverVersion: 2.43.600229 (3fae4d0cda5334..., userDataDir: /var/folders/1t/c55l8xzs6gq...}, cssSelectorsEnabled: true, databaseEnabled: false, goog:chromeOptions: {debuggerAddress: localhost:64513}, handlesAlerts: true, hasTouchScreen: false, javascriptEnabled: true, locationContextEnabled: true, mobileEmulationEnabled: false, nativeEvents: true, networkConnectionEnabled: false, pageLoadStrategy: normal, platform: MAC, platformName: MAC, rotatable: false, setWindowRect: true, takesHeapSnapshot: true, takesScreenshot: true, unexpectedAlertBehaviour: , unhandledPromptBehavior: , version: 75.0.3770.100, webStorageEnabled: true}
Session ID: 0d87ff6c05c72696f036868bf08459b9)
	at com.kms.katalon.core.keyword.internal.KeywordMain.stepFailed(KeywordMain.groovy:36)
	at com.kms.katalon.core.webui.keyword.internal.WebUIKeywordMain.stepFailed(WebUIKeywordMain.groovy:65)
	at com.kms.katalon.core.webui.keyword.internal.WebUIKeywordMain.runKeyword(WebUIKeywordMain.groovy:27)
	at com.kms.katalon.core.webui.keyword.builtin.ClickKeyword.click(ClickKeyword.groovy:86)
	at com.kms.katalon.core.webui.keyword.builtin.ClickKeyword.execute(ClickKeyword.groovy:67)
	at com.kms.katalon.core.keyword.internal.KeywordExecutor.executeKeywordForPlatform(KeywordExecutor.groovy:53)
	at com.kms.katalon.core.webui.keyword.WebUiBuiltInKeywords.click(WebUiBuiltInKeywords.groovy:616)
	at com.kms.katalon.core.webui.keyword.WebUiBuiltInKeywords$click$4.call(Unknown Source)
	at HP-Burger menu -cannabis.run(HP-Burger menu -cannabis:427)
	at com.kms.katalon.core.main.ScriptEngine.run(ScriptEngine.java:194)
	at com.kms.katalon.core.main.ScriptEngine.runScriptAsRawText(ScriptEngine.java:119)
	at com.kms.katalon.core.main.TestCaseExecutor.runScript(TestCaseExecutor.java:328)
	at com.kms.katalon.core.main.TestCaseExecutor.doExecute(TestCaseExecutor.java:319)
	at com.kms.katalon.core.main.TestCaseExecutor.processExecutionPhase(TestCaseExecutor.java:298)
	at com.kms.katalon.core.main.TestCaseExecutor.accessMainPhase(TestCaseExecutor.java:290)
	at com.kms.katalon.core.main.TestCaseExecutor.execute(TestCaseExecutor.java:224)
	at com.kms.katalon.core.main.TestSuiteExecutor.accessTestCaseMainPhase(TestSuiteExecutor.java:129)
	at com.kms.katalon.core.main.TestSuiteExecutor.accessTestSuiteMainPhase(TestSuiteExecutor.java:112)
	at com.kms.katalon.core.main.TestSuiteExecutor.execute(TestSuiteExecutor.java:81)
	at com.kms.katalon.core.main.TestCaseMain.startTestSuite(TestCaseMain.java:149)
	at com.kms.katalon.core.main.TestCaseMain$startTestSuite$0.call(Unknown Source)
	at TempTestSuite1562098461396.run(TempTestSuite1562098461396.groovy:36)


2019-07-02 16:46:49 - [TEST_STEP][PASSED] - callTestCase(findTestCase("OCS - MOBILE/CALL - AGE GATE"), [:], STOP_ON_FAILURE): Call Test Case 'Test Cases/OCS - MOBILE/CALL - AGE GATE' successfully

2019-07-02 16:46:50 - [TEST_CASE][PASSED] - Test Cases/OCS - MOBILE/CALL - AGE GATE: Test Cases/OCS - MOBILE/CALL - AGE GATE

2019-07-02 16:46:50 - [TEST_STEP][PASSED] - openBrowser(""): Browser is opened with url: ''

2019-07-02 16:46:50 - [MESSAGE][WARNING] - A browser is already opened. Closing browser and opening a new one

2019-07-02 16:46:50 - [MESSAGE][INFO] - Starting 'Chrome' driver

2019-07-02 16:46:51 - [MESSAGE][PASSED] - Browser is opened with url: ''

2019-07-02 16:46:51 - [TEST_STEP][PASSED] - navigateToUrl("https://ocs.ca/?fts=0&preview_theme_id=74203301708"): Navigate to 'https://ocs.ca/?fts=0&preview_theme_id=74203301708' successfully

2019-07-02 16:46:56 - [MESSAGE][PASSED] - Navigate to 'https://ocs.ca/?fts=0&preview_theme_id=74203301708' successfully

2019-07-02 16:46:56 - [TEST_STEP][PASSED] - executeJavaScript("var previewBar = document.getElementById("preview-bar-iframe"); previewBar.style.display = "none";", []): Execute JavaScript 'var previewBar = document.getElementById("preview-bar-iframe"); previewBar.style.display = "none";' successfully

2019-07-02 16:46:56 - [MESSAGE][PASSED] - Execute JavaScript 'var previewBar = document.getElementById("preview-bar-iframe"); previewBar.style.display = "none";' successfully

2019-07-02 16:46:56 - [TEST_STEP][PASSED] - setViewPortSize(360, 800): Viewport is set to new size with width = 360 and height = 800

2019-07-02 16:46:56 - [MESSAGE][PASSED] - Viewport is set to new size with width = 360 and height = 800

2019-07-02 16:46:56 - [TEST_STEP][PASSED] - delay(4): Delayed 4 second(s)

2019-07-02 16:47:00 - [MESSAGE][PASSED] - Delayed 4 second(s)

2019-07-02 16:47:00 - [TEST_STEP][PASSED] - selectOptionByValue(findTestObject("OCS-MOBILE /Age gate and burger menu/Date"), "12", true): All options with value '12' are selected in object 'Object Repository/OCS-MOBILE /Age gate and burger menu/Date'  using regular expression

2019-07-02 16:47:00 - [MESSAGE][PASSED] - All options with value '12' are selected in object 'Object Repository/OCS-MOBILE /Age gate and burger menu/Date'  using regular expression

2019-07-02 16:47:00 - [TEST_STEP][PASSED] - selectOptionByValue(findTestObject("OCS-MOBILE /Age gate and burger menu/month"), "6", true): All options with value '6' are selected in object 'Object Repository/OCS-MOBILE /Age gate and burger menu/month'  using regular expression

2019-07-02 16:47:01 - [MESSAGE][PASSED] - All options with value '6' are selected in object 'Object Repository/OCS-MOBILE /Age gate and burger menu/month'  using regular expression

2019-07-02 16:47:01 - [TEST_STEP][PASSED] - delay(2): Delayed 2 second(s)

2019-07-02 16:47:03 - [MESSAGE][PASSED] - Delayed 2 second(s)

2019-07-02 16:47:03 - [TEST_STEP][PASSED] - selectOptionByValue(findTestObject("OCS-MOBILE /Age gate and burger menu/Year Dropdown"), "1990", true): All options with value '1990' are selected in object 'Object Repository/OCS-MOBILE /Age gate and burger menu/Year Dropdown'  using regular expression

2019-07-02 16:47:04 - [MESSAGE][PASSED] - All options with value '1990' are selected in object 'Object Repository/OCS-MOBILE /Age gate and burger menu/Year Dropdown'  using regular expression

2019-07-02 16:47:04 - [TEST_STEP][PASSED] - click(findTestObject("OCS-MOBILE /Age gate and Mega menu/button_Verify")): Object: 'Object Repository/OCS-MOBILE /Age gate and Mega menu/button_Verify' is clicked on

2019-07-02 16:47:04 - [MESSAGE][PASSED] - Object: 'Object Repository/OCS-MOBILE /Age gate and Mega menu/button_Verify' is clicked on

2019-07-02 16:47:04 - [TEST_STEP][PASSED] - click(findTestObject("OCS-MOBILE /Age gate and Mega menu/Checkbox_CONFIRM AND ACKNOWLEDGE")): Object: 'Object Repository/OCS-MOBILE /Age gate and Mega menu/Checkbox_CONFIRM AND ACKNOWLEDGE' is clicked on

2019-07-02 16:47:04 - [MESSAGE][PASSED] - Object: 'Object Repository/OCS-MOBILE /Age gate and Mega menu/Checkbox_CONFIRM AND ACKNOWLEDGE' is clicked on

2019-07-02 16:47:04 - [TEST_STEP][PASSED] - click(findTestObject("OCS-MOBILE /Age gate and Mega menu/button_CONFIRM")): Object: 'Object Repository/OCS-MOBILE /Age gate and Mega menu/button_CONFIRM' is clicked on

2019-07-02 16:47:04 - [MESSAGE][PASSED] - Object: 'Object Repository/OCS-MOBILE /Age gate and Mega menu/button_CONFIRM' is clicked on

2019-07-02 16:47:04 - [TEST_STEP][PASSED] - click(findTestObject("OCS-MOBILE /Age gate and Mega menu/button_Start Browsing")): Object: 'Object Repository/OCS-MOBILE /Age gate and Mega menu/button_Start Browsing' is clicked on

2019-07-02 16:47:04 - [MESSAGE][PASSED] - Object: 'Object Repository/OCS-MOBILE /Age gate and Mega menu/button_Start Browsing' is clicked on

2019-07-02 16:47:04 - [TEST_STEP][PASSED] - refresh(): Refresh successfully

2019-07-02 16:47:04 - [MESSAGE][PASSED] - Refresh successfully

2019-07-02 16:47:04 - [TEST_STEP][PASSED] - executeJavaScript("var previewBar = document.getElementById("preview-bar-iframe"); previewBar.style.display = "none";", []): Execute JavaScript 'var previewBar = document.getElementById("preview-bar-iframe"); previewBar.style.display = "none";' successfully

2019-07-02 16:47:07 - [MESSAGE][PASSED] - Execute JavaScript 'var previewBar = document.getElementById("preview-bar-iframe"); previewBar.style.display = "none";' successfully

2019-07-02 16:47:07 - [MESSAGE][PASSED] - Call Test Case 'Test Cases/OCS - MOBILE/CALL - AGE GATE' successfully

2019-07-02 16:47:07 - [TEST_STEP][PASSED] - delay(2): Delayed 2 second(s)

2019-07-02 16:47:09 - [MESSAGE][PASSED] - Delayed 2 second(s)

2019-07-02 16:47:09 - [TEST_STEP][PASSED] - click(findTestObject("OCS-MOBILE /Age gate and burger menu/Burger menu - English"), CONTINUE_ON_FAILURE): Object: 'Object Repository/OCS-MOBILE /Age gate and burger menu/Burger menu - English' is clicked on

2019-07-02 16:47:09 - [MESSAGE][PASSED] - Object: 'Object Repository/OCS-MOBILE /Age gate and burger menu/Burger menu - English' is clicked on

2019-07-02 16:47:09 - [TEST_STEP][PASSED] - delay(2, CONTINUE_ON_FAILURE): Delayed 2 second(s)

2019-07-02 16:47:11 - [MESSAGE][PASSED] - Delayed 2 second(s)

2019-07-02 16:47:11 - [TEST_STEP][PASSED] - click(findTestObject("OCS-MOBILE /Age gate and burger menu/Chevron_Cannabis")): Object: 'Object Repository/OCS-MOBILE /Age gate and burger menu/Chevron_Cannabis' is clicked on

2019-07-02 16:47:11 - [MESSAGE][PASSED] - Object: 'Object Repository/OCS-MOBILE /Age gate and burger menu/Chevron_Cannabis' is clicked on

2019-07-02 16:47:11 - [TEST_STEP][PASSED] - delay(1, CONTINUE_ON_FAILURE): Delayed 1 second(s)

2019-07-02 16:47:12 - [MESSAGE][PASSED] - Delayed 1 second(s)

2019-07-02 16:47:12 - [TEST_STEP][PASSED] - click(findTestObject("OCS-MOBILE /Cannabis page/Dried flower")): Object: 'Object Repository/OCS-MOBILE /Cannabis page/Dried flower' is clicked on

2019-07-02 16:47:12 - [MESSAGE][PASSED] - Object: 'Object Repository/OCS-MOBILE /Cannabis page/Dried flower' is clicked on

2019-07-02 16:47:12 - [TEST_STEP][PASSED] - delay(1, CONTINUE_ON_FAILURE): Delayed 1 second(s)

2019-07-02 16:47:13 - [MESSAGE][PASSED] - Delayed 1 second(s)

2019-07-02 16:47:13 - [TEST_STEP][PASSED] - click(findTestObject("OCS-MOBILE /Cannabis page/Dried flower")): Object: 'Object Repository/OCS-MOBILE /Cannabis page/Dried flower' is clicked on

2019-07-02 16:47:13 - [MESSAGE][PASSED] - Object: 'Object Repository/OCS-MOBILE /Cannabis page/Dried flower' is clicked on

2019-07-02 16:47:13 - [TEST_STEP][PASSED] - delay(1, CONTINUE_ON_FAILURE): Delayed 1 second(s)

2019-07-02 16:47:14 - [MESSAGE][PASSED] - Delayed 1 second(s)

2019-07-02 16:47:14 - [TEST_STEP][PASSED] - click(findTestObject("OCS-MOBILE /Cannabis page/Dried flower")): Object: 'Object Repository/OCS-MOBILE /Cannabis page/Dried flower' is clicked on

2019-07-02 16:47:14 - [MESSAGE][PASSED] - Object: 'Object Repository/OCS-MOBILE /Cannabis page/Dried flower' is clicked on

2019-07-02 16:47:14 - [TEST_STEP][PASSED] - delay(1, CONTINUE_ON_FAILURE): Delayed 1 second(s)

2019-07-02 16:47:15 - [MESSAGE][PASSED] - Delayed 1 second(s)

2019-07-02 16:47:15 - [TEST_STEP][PASSED] - click(findTestObject("OCS-MOBILE /Cannabis page/Dried flower - Indica dominant")): Object: 'Object Repository/OCS-MOBILE /Cannabis page/Dried flower - Indica dominant' is clicked on

2019-07-02 16:47:18 - [MESSAGE][PASSED] - Object: 'Object Repository/OCS-MOBILE /Cannabis page/Dried flower - Indica dominant' is clicked on

2019-07-02 16:47:18 - [TEST_STEP][PASSED] - delay(1, CONTINUE_ON_FAILURE): Delayed 1 second(s)

2019-07-02 16:47:19 - [MESSAGE][PASSED] - Delayed 1 second(s)

2019-07-02 16:47:19 - [TEST_STEP][PASSED] - click(findTestObject("OCS-MOBILE /Age gate and burger menu/Burger menu - English"), CONTINUE_ON_FAILURE): Object: 'Object Repository/OCS-MOBILE /Age gate and burger menu/Burger menu - English' is clicked on

2019-07-02 16:47:19 - [MESSAGE][PASSED] - Object: 'Object Repository/OCS-MOBILE /Age gate and burger menu/Burger menu - English' is clicked on

2019-07-02 16:47:19 - [TEST_STEP][PASSED] - delay(2, CONTINUE_ON_FAILURE): Delayed 2 second(s)

2019-07-02 16:47:21 - [MESSAGE][PASSED] - Delayed 2 second(s)

2019-07-02 16:47:21 - [TEST_STEP][PASSED] - click(findTestObject("OCS-MOBILE /Age gate and burger menu/Chevron_Cannabis")): Object: 'Object Repository/OCS-MOBILE /Age gate and burger menu/Chevron_Cannabis' is clicked on

2019-07-02 16:47:21 - [MESSAGE][PASSED] - Object: 'Object Repository/OCS-MOBILE /Age gate and burger menu/Chevron_Cannabis' is clicked on

2019-07-02 16:47:21 - [TEST_STEP][PASSED] - delay(1, CONTINUE_ON_FAILURE): Delayed 1 second(s)

2019-07-02 16:47:22 - [MESSAGE][PASSED] - Delayed 1 second(s)

2019-07-02 16:47:22 - [TEST_STEP][PASSED] - click(findTestObject("OCS-MOBILE /Cannabis page/Dried flower")): Object: 'Object Repository/OCS-MOBILE /Cannabis page/Dried flower' is clicked on

2019-07-02 16:47:22 - [MESSAGE][PASSED] - Object: 'Object Repository/OCS-MOBILE /Cannabis page/Dried flower' is clicked on

2019-07-02 16:47:22 - [TEST_STEP][PASSED] - delay(1, CONTINUE_ON_FAILURE): Delayed 1 second(s)

2019-07-02 16:47:23 - [MESSAGE][PASSED] - Delayed 1 second(s)

2019-07-02 16:47:23 - [TEST_STEP][PASSED] - click(findTestObject("OCS-MOBILE /Cannabis page/Dried flower - sativa dominant")): Object: 'Object Repository/OCS-MOBILE /Cannabis page/Dried flower - sativa dominant' is clicked on

2019-07-02 16:47:25 - [MESSAGE][PASSED] - Object: 'Object Repository/OCS-MOBILE /Cannabis page/Dried flower - sativa dominant' is clicked on

2019-07-02 16:47:25 - [TEST_STEP][PASSED] - delay(1, CONTINUE_ON_FAILURE): Delayed 1 second(s)

2019-07-02 16:47:26 - [MESSAGE][PASSED] - Delayed 1 second(s)

2019-07-02 16:47:26 - [TEST_STEP][PASSED] - delay(1, CONTINUE_ON_FAILURE): Delayed 1 second(s)

2019-07-02 16:47:27 - [MESSAGE][PASSED] - Delayed 1 second(s)

2019-07-02 16:47:27 - [TEST_STEP][PASSED] - click(findTestObject("OCS-MOBILE /Age gate and burger menu/Burger menu - English"), CONTINUE_ON_FAILURE): Object: 'Object Repository/OCS-MOBILE /Age gate and burger menu/Burger menu - English' is clicked on

2019-07-02 16:47:27 - [MESSAGE][PASSED] - Object: 'Object Repository/OCS-MOBILE /Age gate and burger menu/Burger menu - English' is clicked on

2019-07-02 16:47:27 - [TEST_STEP][PASSED] - delay(2, CONTINUE_ON_FAILURE): Delayed 2 second(s)

2019-07-02 16:47:29 - [MESSAGE][PASSED] - Delayed 2 second(s)

2019-07-02 16:47:29 - [TEST_STEP][PASSED] - click(findTestObject("OCS-MOBILE /Age gate and burger menu/Chevron_Cannabis")): Object: 'Object Repository/OCS-MOBILE /Age gate and burger menu/Chevron_Cannabis' is clicked on

2019-07-02 16:47:30 - [MESSAGE][PASSED] - Object: 'Object Repository/OCS-MOBILE /Age gate and burger menu/Chevron_Cannabis' is clicked on

2019-07-02 16:47:30 - [TEST_STEP][PASSED] - delay(1, CONTINUE_ON_FAILURE): Delayed 1 second(s)

2019-07-02 16:47:31 - [MESSAGE][PASSED] - Delayed 1 second(s)

2019-07-02 16:47:31 - [TEST_STEP][PASSED] - click(findTestObject("OCS-MOBILE /Cannabis page/Dried flower")): Object: 'Object Repository/OCS-MOBILE /Cannabis page/Dried flower' is clicked on

2019-07-02 16:47:31 - [MESSAGE][PASSED] - Object: 'Object Repository/OCS-MOBILE /Cannabis page/Dried flower' is clicked on

2019-07-02 16:47:31 - [TEST_STEP][PASSED] - delay(1, CONTINUE_ON_FAILURE): Delayed 1 second(s)

2019-07-02 16:47:32 - [MESSAGE][PASSED] - Delayed 1 second(s)

2019-07-02 16:47:32 - [TEST_STEP][PASSED] - click(findTestObject("OCS-MOBILE /Cannabis page/Dried flower - Hybrid")): Object: 'Object Repository/OCS-MOBILE /Cannabis page/Dried flower - Hybrid' is clicked on

2019-07-02 16:47:34 - [MESSAGE][PASSED] - Object: 'Object Repository/OCS-MOBILE /Cannabis page/Dried flower - Hybrid' is clicked on

2019-07-02 16:47:34 - [TEST_STEP][PASSED] - delay(1, CONTINUE_ON_FAILURE): Delayed 1 second(s)

2019-07-02 16:47:35 - [MESSAGE][PASSED] - Delayed 1 second(s)

2019-07-02 16:47:35 - [TEST_STEP][PASSED] - click(findTestObject("OCS-MOBILE /Age gate and burger menu/Burger menu - English"), CONTINUE_ON_FAILURE): Object: 'Object Repository/OCS-MOBILE /Age gate and burger menu/Burger menu - English' is clicked on

2019-07-02 16:47:35 - [MESSAGE][PASSED] - Object: 'Object Repository/OCS-MOBILE /Age gate and burger menu/Burger menu - English' is clicked on

2019-07-02 16:47:35 - [TEST_STEP][PASSED] - delay(2, CONTINUE_ON_FAILURE): Delayed 2 second(s)

2019-07-02 16:47:37 - [MESSAGE][PASSED] - Delayed 2 second(s)

2019-07-02 16:47:37 - [TEST_STEP][PASSED] - click(findTestObject("OCS-MOBILE /Age gate and burger menu/Chevron_Cannabis")): Object: 'Object Repository/OCS-MOBILE /Age gate and burger menu/Chevron_Cannabis' is clicked on

2019-07-02 16:47:37 - [MESSAGE][PASSED] - Object: 'Object Repository/OCS-MOBILE /Age gate and burger menu/Chevron_Cannabis' is clicked on

2019-07-02 16:47:37 - [TEST_STEP][PASSED] - delay(1, CONTINUE_ON_FAILURE): Delayed 1 second(s)

2019-07-02 16:47:38 - [MESSAGE][PASSED] - Delayed 1 second(s)

2019-07-02 16:47:38 - [TEST_STEP][PASSED] - click(findTestObject("OCS-MOBILE /Cannabis page/Dried flower")): Object: 'Object Repository/OCS-MOBILE /Cannabis page/Dried flower' is clicked on

2019-07-02 16:47:38 - [MESSAGE][PASSED] - Object: 'Object Repository/OCS-MOBILE /Cannabis page/Dried flower' is clicked on

2019-07-02 16:47:38 - [TEST_STEP][PASSED] - delay(1, CONTINUE_ON_FAILURE): Delayed 1 second(s)

2019-07-02 16:47:39 - [MESSAGE][PASSED] - Delayed 1 second(s)

2019-07-02 16:47:39 - [TEST_STEP][PASSED] - click(findTestObject("OCS-MOBILE /Cannabis page/Shop all dried flower")): Object: 'Object Repository/OCS-MOBILE /Cannabis page/Shop all dried flower' is clicked on

2019-07-02 16:47:42 - [MESSAGE][PASSED] - Object: 'Object Repository/OCS-MOBILE /Cannabis page/Shop all dried flower' is clicked on

2019-07-02 16:47:42 - [TEST_STEP][PASSED] - delay(1, CONTINUE_ON_FAILURE): Delayed 1 second(s)

2019-07-02 16:47:43 - [MESSAGE][PASSED] - Delayed 1 second(s)

2019-07-02 16:47:43 - [TEST_STEP][PASSED] - click(findTestObject("OCS-MOBILE /Age gate and burger menu/Burger menu - English"), CONTINUE_ON_FAILURE): Object: 'Object Repository/OCS-MOBILE /Age gate and burger menu/Burger menu - English' is clicked on

2019-07-02 16:47:43 - [MESSAGE][PASSED] - Object: 'Object Repository/OCS-MOBILE /Age gate and burger menu/Burger menu - English' is clicked on

2019-07-02 16:47:43 - [TEST_STEP][PASSED] - delay(2, CONTINUE_ON_FAILURE): Delayed 2 second(s)

2019-07-02 16:47:45 - [MESSAGE][PASSED] - Delayed 2 second(s)

2019-07-02 16:47:45 - [TEST_STEP][PASSED] - click(findTestObject("OCS-MOBILE /Age gate and burger menu/Chevron_Cannabis")): Object: 'Object Repository/OCS-MOBILE /Age gate and burger menu/Chevron_Cannabis' is clicked on

2019-07-02 16:47:45 - [MESSAGE][PASSED] - Object: 'Object Repository/OCS-MOBILE /Age gate and burger menu/Chevron_Cannabis' is clicked on

2019-07-02 16:47:45 - [TEST_STEP][PASSED] - delay(1, CONTINUE_ON_FAILURE): Delayed 1 second(s)

2019-07-02 16:47:46 - [MESSAGE][PASSED] - Delayed 1 second(s)

2019-07-02 16:47:46 - [TEST_STEP][PASSED] - click(findTestObject("OCS-MOBILE /Cannabis page/Prerolled - Plus accordian")): Object: 'Object Repository/OCS-MOBILE /Cannabis page/Prerolled - Plus accordian' is clicked on

2019-07-02 16:47:46 - [MESSAGE][PASSED] - Object: 'Object Repository/OCS-MOBILE /Cannabis page/Prerolled - Plus accordian' is clicked on

2019-07-02 16:47:46 - [TEST_STEP][PASSED] - delay(1, CONTINUE_ON_FAILURE): Delayed 1 second(s)

2019-07-02 16:47:47 - [MESSAGE][PASSED] - Delayed 1 second(s)

2019-07-02 16:47:47 - [TEST_STEP][PASSED] - click(findTestObject("OCS-MOBILE /Cannabis page/Prerolled - Plus accordian")): Object: 'Object Repository/OCS-MOBILE /Cannabis page/Prerolled - Plus accordian' is clicked on

2019-07-02 16:47:47 - [MESSAGE][PASSED] - Object: 'Object Repository/OCS-MOBILE /Cannabis page/Prerolled - Plus accordian' is clicked on

2019-07-02 16:47:47 - [TEST_STEP][PASSED] - delay(1, CONTINUE_ON_FAILURE): Delayed 1 second(s)

2019-07-02 16:47:48 - [MESSAGE][PASSED] - Delayed 1 second(s)

2019-07-02 16:47:48 - [TEST_STEP][PASSED] - click(findTestObject("OCS-MOBILE /Cannabis page/Prerolled - Plus accordian")): Object: 'Object Repository/OCS-MOBILE /Cannabis page/Prerolled - Plus accordian' is clicked on

2019-07-02 16:47:48 - [MESSAGE][PASSED] - Object: 'Object Repository/OCS-MOBILE /Cannabis page/Prerolled - Plus accordian' is clicked on

2019-07-02 16:47:48 - [TEST_STEP][PASSED] - delay(1, CONTINUE_ON_FAILURE): Delayed 1 second(s)

2019-07-02 16:47:49 - [MESSAGE][PASSED] - Delayed 1 second(s)

2019-07-02 16:47:49 - [TEST_STEP][PASSED] - click(findTestObject("OCS-MOBILE /Cannabis page/Prerolled - Indica dominant")): Object: 'Object Repository/OCS-MOBILE /Cannabis page/Prerolled - Indica dominant' is clicked on

2019-07-02 16:47:51 - [MESSAGE][PASSED] - Object: 'Object Repository/OCS-MOBILE /Cannabis page/Prerolled - Indica dominant' is clicked on

2019-07-02 16:47:51 - [TEST_STEP][PASSED] - delay(1, CONTINUE_ON_FAILURE): Delayed 1 second(s)

2019-07-02 16:47:52 - [MESSAGE][PASSED] - Delayed 1 second(s)

2019-07-02 16:47:52 - [TEST_STEP][PASSED] - click(findTestObject("OCS-MOBILE /Age gate and burger menu/Burger menu - English"), CONTINUE_ON_FAILURE): Object: 'Object Repository/OCS-MOBILE /Age gate and burger menu/Burger menu - English' is clicked on

2019-07-02 16:47:52 - [MESSAGE][PASSED] - Object: 'Object Repository/OCS-MOBILE /Age gate and burger menu/Burger menu - English' is clicked on

2019-07-02 16:47:52 - [TEST_STEP][PASSED] - delay(2, CONTINUE_ON_FAILURE): Delayed 2 second(s)

2019-07-02 16:47:54 - [MESSAGE][PASSED] - Delayed 2 second(s)

2019-07-02 16:47:54 - [TEST_STEP][PASSED] - click(findTestObject("OCS-MOBILE /Age gate and burger menu/Chevron_Cannabis")): Object: 'Object Repository/OCS-MOBILE /Age gate and burger menu/Chevron_Cannabis' is clicked on

2019-07-02 16:47:54 - [MESSAGE][PASSED] - Object: 'Object Repository/OCS-MOBILE /Age gate and burger menu/Chevron_Cannabis' is clicked on

2019-07-02 16:47:54 - [TEST_STEP][PASSED] - delay(1, CONTINUE_ON_FAILURE): Delayed 1 second(s)

2019-07-02 16:47:55 - [MESSAGE][PASSED] - Delayed 1 second(s)

2019-07-02 16:47:55 - [TEST_STEP][PASSED] - click(findTestObject("OCS-MOBILE /Cannabis page/Prerolled - Plus accordian")): Object: 'Object Repository/OCS-MOBILE /Cannabis page/Prerolled - Plus accordian' is clicked on

2019-07-02 16:47:55 - [MESSAGE][PASSED] - Object: 'Object Repository/OCS-MOBILE /Cannabis page/Prerolled - Plus accordian' is clicked on

2019-07-02 16:47:55 - [TEST_STEP][PASSED] - delay(1, CONTINUE_ON_FAILURE): Delayed 1 second(s)

2019-07-02 16:47:56 - [MESSAGE][PASSED] - Delayed 1 second(s)

2019-07-02 16:47:56 - [TEST_STEP][PASSED] - click(findTestObject("OCS-MOBILE /Cannabis page/Prerolled - sativa dominant")): Object: 'Object Repository/OCS-MOBILE /Cannabis page/Prerolled - sativa dominant' is clicked on

2019-07-02 16:47:58 - [MESSAGE][PASSED] - Object: 'Object Repository/OCS-MOBILE /Cannabis page/Prerolled - sativa dominant' is clicked on

2019-07-02 16:47:58 - [TEST_STEP][PASSED] - delay(1, CONTINUE_ON_FAILURE): Delayed 1 second(s)

2019-07-02 16:47:59 - [MESSAGE][PASSED] - Delayed 1 second(s)

2019-07-02 16:47:59 - [TEST_STEP][PASSED] - click(findTestObject("OCS-MOBILE /Age gate and burger menu/Burger menu - English"), CONTINUE_ON_FAILURE): Object: 'Object Repository/OCS-MOBILE /Age gate and burger menu/Burger menu - English' is clicked on

2019-07-02 16:47:59 - [MESSAGE][PASSED] - Object: 'Object Repository/OCS-MOBILE /Age gate and burger menu/Burger menu - English' is clicked on

2019-07-02 16:47:59 - [TEST_STEP][PASSED] - delay(2, CONTINUE_ON_FAILURE): Delayed 2 second(s)

2019-07-02 16:48:01 - [MESSAGE][PASSED] - Delayed 2 second(s)

2019-07-02 16:48:01 - [TEST_STEP][PASSED] - click(findTestObject("OCS-MOBILE /Age gate and burger menu/Chevron_Cannabis")): Object: 'Object Repository/OCS-MOBILE /Age gate and burger menu/Chevron_Cannabis' is clicked on

2019-07-02 16:48:01 - [MESSAGE][PASSED] - Object: 'Object Repository/OCS-MOBILE /Age gate and burger menu/Chevron_Cannabis' is clicked on

2019-07-02 16:48:01 - [TEST_STEP][PASSED] - delay(1, CONTINUE_ON_FAILURE): Delayed 1 second(s)

2019-07-02 16:48:02 - [MESSAGE][PASSED] - Delayed 1 second(s)

2019-07-02 16:48:02 - [TEST_STEP][PASSED] - click(findTestObject("OCS-MOBILE /Cannabis page/Prerolled - Plus accordian")): Object: 'Object Repository/OCS-MOBILE /Cannabis page/Prerolled - Plus accordian' is clicked on

2019-07-02 16:48:02 - [MESSAGE][PASSED] - Object: 'Object Repository/OCS-MOBILE /Cannabis page/Prerolled - Plus accordian' is clicked on

2019-07-02 16:48:02 - [TEST_STEP][PASSED] - delay(1, CONTINUE_ON_FAILURE): Delayed 1 second(s)

2019-07-02 16:48:03 - [MESSAGE][PASSED] - Delayed 1 second(s)

2019-07-02 16:48:03 - [TEST_STEP][PASSED] - click(findTestObject("OCS-MOBILE /Cannabis page/Prerolled - Hybrid")): Object: 'Object Repository/OCS-MOBILE /Cannabis page/Prerolled - Hybrid' is clicked on

2019-07-02 16:48:05 - [MESSAGE][PASSED] - Object: 'Object Repository/OCS-MOBILE /Cannabis page/Prerolled - Hybrid' is clicked on

2019-07-02 16:48:05 - [TEST_STEP][PASSED] - delay(1, CONTINUE_ON_FAILURE): Delayed 1 second(s)

2019-07-02 16:48:06 - [MESSAGE][PASSED] - Delayed 1 second(s)

2019-07-02 16:48:06 - [TEST_STEP][PASSED] - click(findTestObject("OCS-MOBILE /Age gate and burger menu/Burger menu - English"), CONTINUE_ON_FAILURE): Object: 'Object Repository/OCS-MOBILE /Age gate and burger menu/Burger menu - English' is clicked on

2019-07-02 16:48:06 - [MESSAGE][PASSED] - Object: 'Object Repository/OCS-MOBILE /Age gate and burger menu/Burger menu - English' is clicked on

2019-07-02 16:48:06 - [TEST_STEP][PASSED] - delay(2, CONTINUE_ON_FAILURE): Delayed 2 second(s)

2019-07-02 16:48:08 - [MESSAGE][PASSED] - Delayed 2 second(s)

2019-07-02 16:48:08 - [TEST_STEP][PASSED] - click(findTestObject("OCS-MOBILE /Age gate and burger menu/Chevron_Cannabis")): Object: 'Object Repository/OCS-MOBILE /Age gate and burger menu/Chevron_Cannabis' is clicked on

2019-07-02 16:48:09 - [MESSAGE][PASSED] - Object: 'Object Repository/OCS-MOBILE /Age gate and burger menu/Chevron_Cannabis' is clicked on

2019-07-02 16:48:09 - [TEST_STEP][PASSED] - delay(1, CONTINUE_ON_FAILURE): Delayed 1 second(s)

2019-07-02 16:48:10 - [MESSAGE][PASSED] - Delayed 1 second(s)

2019-07-02 16:48:10 - [TEST_STEP][PASSED] - click(findTestObject("OCS-MOBILE /Cannabis page/Prerolled - Plus accordian")): Object: 'Object Repository/OCS-MOBILE /Cannabis page/Prerolled - Plus accordian' is clicked on

2019-07-02 16:48:10 - [MESSAGE][PASSED] - Object: 'Object Repository/OCS-MOBILE /Cannabis page/Prerolled - Plus accordian' is clicked on

2019-07-02 16:48:10 - [TEST_STEP][PASSED] - delay(1, CONTINUE_ON_FAILURE): Delayed 1 second(s)

2019-07-02 16:48:11 - [MESSAGE][PASSED] - Delayed 1 second(s)

2019-07-02 16:48:11 - [TEST_STEP][PASSED] - click(findTestObject("OCS-MOBILE /Cannabis page/Shop all prerolled")): Object: 'Object Repository/OCS-MOBILE /Cannabis page/Shop all prerolled' is clicked on

2019-07-02 16:48:13 - [MESSAGE][PASSED] - Object: 'Object Repository/OCS-MOBILE /Cannabis page/Shop all prerolled' is clicked on

2019-07-02 16:48:13 - [TEST_STEP][PASSED] - delay(1, CONTINUE_ON_FAILURE): Delayed 1 second(s)

2019-07-02 16:48:14 - [MESSAGE][PASSED] - Delayed 1 second(s)

2019-07-02 16:48:14 - [TEST_STEP][PASSED] - click(findTestObject("OCS-MOBILE /Age gate and burger menu/Burger menu - English"), CONTINUE_ON_FAILURE): Object: 'Object Repository/OCS-MOBILE /Age gate and burger menu/Burger menu - English' is clicked on

2019-07-02 16:48:14 - [MESSAGE][PASSED] - Object: 'Object Repository/OCS-MOBILE /Age gate and burger menu/Burger menu - English' is clicked on

2019-07-02 16:48:14 - [TEST_STEP][PASSED] - delay(2, CONTINUE_ON_FAILURE): Delayed 2 second(s)

2019-07-02 16:48:16 - [MESSAGE][PASSED] - Delayed 2 second(s)

2019-07-02 16:48:16 - [TEST_STEP][PASSED] - click(findTestObject("OCS-MOBILE /Age gate and burger menu/Chevron_Cannabis")): Object: 'Object Repository/OCS-MOBILE /Age gate and burger menu/Chevron_Cannabis' is clicked on

2019-07-02 16:48:16 - [MESSAGE][PASSED] - Object: 'Object Repository/OCS-MOBILE /Age gate and burger menu/Chevron_Cannabis' is clicked on

2019-07-02 16:48:16 - [TEST_STEP][PASSED] - delay(1, CONTINUE_ON_FAILURE): Delayed 1 second(s)

2019-07-02 16:48:17 - [MESSAGE][PASSED] - Delayed 1 second(s)

2019-07-02 16:48:17 - [TEST_STEP][NOT_RUN] - click(findTestObject("OCS-MOBILE /Cannabis page/Prerolled - Plus accordian")): NOT_RUN: click(findTestObject("OCS-MOBILE /Cannabis page/Prerolled - Plus accordian"))

2019-07-02 16:48:17 - [MESSAGE][NOT_RUN] - NOT_RUN: click(findTestObject("OCS-MOBILE /Cannabis page/Prerolled - Plus accordian"))

2019-07-02 16:48:17 - [TEST_STEP][PASSED] - delay(1, CONTINUE_ON_FAILURE): Delayed 1 second(s)

2019-07-02 16:48:18 - [MESSAGE][PASSED] - Delayed 1 second(s)

2019-07-02 16:48:18 - [TEST_STEP][PASSED] - click(findTestObject("OCS-MOBILE /Cannabis page/Oils - plus accordian")): Object: 'Object Repository/OCS-MOBILE /Cannabis page/Oils - plus accordian' is clicked on

2019-07-02 16:48:18 - [MESSAGE][PASSED] - Object: 'Object Repository/OCS-MOBILE /Cannabis page/Oils - plus accordian' is clicked on

2019-07-02 16:48:18 - [TEST_STEP][PASSED] - delay(1, CONTINUE_ON_FAILURE): Delayed 1 second(s)

2019-07-02 16:48:19 - [MESSAGE][PASSED] - Delayed 1 second(s)

2019-07-02 16:48:19 - [TEST_STEP][PASSED] - click(findTestObject("OCS-MOBILE /Cannabis page/Oils - plus accordian")): Object: 'Object Repository/OCS-MOBILE /Cannabis page/Oils - plus accordian' is clicked on

2019-07-02 16:48:19 - [MESSAGE][PASSED] - Object: 'Object Repository/OCS-MOBILE /Cannabis page/Oils - plus accordian' is clicked on

2019-07-02 16:48:19 - [TEST_STEP][PASSED] - delay(1, CONTINUE_ON_FAILURE): Delayed 1 second(s)

2019-07-02 16:48:20 - [MESSAGE][PASSED] - Delayed 1 second(s)

2019-07-02 16:48:20 - [TEST_STEP][PASSED] - click(findTestObject("OCS-MOBILE /Cannabis page/Oils - plus accordian")): Object: 'Object Repository/OCS-MOBILE /Cannabis page/Oils - plus accordian' is clicked on

2019-07-02 16:48:20 - [MESSAGE][PASSED] - Object: 'Object Repository/OCS-MOBILE /Cannabis page/Oils - plus accordian' is clicked on

2019-07-02 16:48:20 - [TEST_STEP][PASSED] - delay(1, CONTINUE_ON_FAILURE): Delayed 1 second(s)

2019-07-02 16:48:21 - [MESSAGE][PASSED] - Delayed 1 second(s)

2019-07-02 16:48:21 - [TEST_STEP][PASSED] - click(findTestObject("OCS-MOBILE /Cannabis page/Oils - Bottled oils")): Object: 'Object Repository/OCS-MOBILE /Cannabis page/Oils - Bottled oils' is clicked on

2019-07-02 16:48:24 - [MESSAGE][PASSED] - Object: 'Object Repository/OCS-MOBILE /Cannabis page/Oils - Bottled oils' is clicked on

2019-07-02 16:48:24 - [TEST_STEP][PASSED] - delay(1, CONTINUE_ON_FAILURE): Delayed 1 second(s)

2019-07-02 16:48:25 - [MESSAGE][PASSED] - Delayed 1 second(s)

2019-07-02 16:48:25 - [TEST_STEP][PASSED] - click(findTestObject("OCS-MOBILE /Age gate and burger menu/Burger menu - English"), CONTINUE_ON_FAILURE): Object: 'Object Repository/OCS-MOBILE /Age gate and burger menu/Burger menu - English' is clicked on

2019-07-02 16:48:25 - [MESSAGE][PASSED] - Object: 'Object Repository/OCS-MOBILE /Age gate and burger menu/Burger menu - English' is clicked on

2019-07-02 16:48:25 - [TEST_STEP][PASSED] - delay(2, CONTINUE_ON_FAILURE): Delayed 2 second(s)

2019-07-02 16:48:27 - [MESSAGE][PASSED] - Delayed 2 second(s)

2019-07-02 16:48:27 - [TEST_STEP][PASSED] - click(findTestObject("OCS-MOBILE /Age gate and burger menu/Chevron_Cannabis")): Object: 'Object Repository/OCS-MOBILE /Age gate and burger menu/Chevron_Cannabis' is clicked on

2019-07-02 16:48:27 - [MESSAGE][PASSED] - Object: 'Object Repository/OCS-MOBILE /Age gate and burger menu/Chevron_Cannabis' is clicked on

2019-07-02 16:48:27 - [TEST_STEP][PASSED] - delay(1, CONTINUE_ON_FAILURE): Delayed 1 second(s)

2019-07-02 16:48:28 - [MESSAGE][PASSED] - Delayed 1 second(s)

2019-07-02 16:48:28 - [TEST_STEP][PASSED] - click(findTestObject("OCS-MOBILE /Cannabis page/Oils - plus accordian")): Object: 'Object Repository/OCS-MOBILE /Cannabis page/Oils - plus accordian' is clicked on

2019-07-02 16:48:29 - [MESSAGE][PASSED] - Object: 'Object Repository/OCS-MOBILE /Cannabis page/Oils - plus accordian' is clicked on

2019-07-02 16:48:29 - [TEST_STEP][PASSED] - delay(1, CONTINUE_ON_FAILURE): Delayed 1 second(s)

2019-07-02 16:48:30 - [MESSAGE][PASSED] - Delayed 1 second(s)

2019-07-02 16:48:30 - [TEST_STEP][PASSED] - click(findTestObject("OCS-MOBILE /Cannabis page/Oils - oral sprays")): Object: 'Object Repository/OCS-MOBILE /Cannabis page/Oils - oral sprays' is clicked on

2019-07-02 16:48:32 - [MESSAGE][PASSED] - Object: 'Object Repository/OCS-MOBILE /Cannabis page/Oils - oral sprays' is clicked on

2019-07-02 16:48:32 - [TEST_STEP][PASSED] - delay(1, CONTINUE_ON_FAILURE): Delayed 1 second(s)

2019-07-02 16:48:33 - [MESSAGE][PASSED] - Delayed 1 second(s)

2019-07-02 16:48:33 - [TEST_STEP][PASSED] - click(findTestObject("OCS-MOBILE /Age gate and burger menu/Burger menu - English"), CONTINUE_ON_FAILURE): Object: 'Object Repository/OCS-MOBILE /Age gate and burger menu/Burger menu - English' is clicked on

2019-07-02 16:48:33 - [MESSAGE][PASSED] - Object: 'Object Repository/OCS-MOBILE /Age gate and burger menu/Burger menu - English' is clicked on

2019-07-02 16:48:33 - [TEST_STEP][PASSED] - delay(2, CONTINUE_ON_FAILURE): Delayed 2 second(s)

2019-07-02 16:48:35 - [MESSAGE][PASSED] - Delayed 2 second(s)

2019-07-02 16:48:35 - [TEST_STEP][PASSED] - click(findTestObject("OCS-MOBILE /Age gate and burger menu/Chevron_Cannabis")): Object: 'Object Repository/OCS-MOBILE /Age gate and burger menu/Chevron_Cannabis' is clicked on

2019-07-02 16:48:35 - [MESSAGE][PASSED] - Object: 'Object Repository/OCS-MOBILE /Age gate and burger menu/Chevron_Cannabis' is clicked on

2019-07-02 16:48:35 - [TEST_STEP][PASSED] - delay(1, CONTINUE_ON_FAILURE): Delayed 1 second(s)

2019-07-02 16:48:36 - [MESSAGE][PASSED] - Delayed 1 second(s)

2019-07-02 16:48:36 - [TEST_STEP][PASSED] - click(findTestObject("OCS-MOBILE /Cannabis page/Oils - plus accordian")): Object: 'Object Repository/OCS-MOBILE /Cannabis page/Oils - plus accordian' is clicked on

2019-07-02 16:48:36 - [MESSAGE][PASSED] - Object: 'Object Repository/OCS-MOBILE /Cannabis page/Oils - plus accordian' is clicked on

2019-07-02 16:48:36 - [TEST_STEP][PASSED] - delay(1, CONTINUE_ON_FAILURE): Delayed 1 second(s)

2019-07-02 16:48:37 - [MESSAGE][PASSED] - Delayed 1 second(s)

2019-07-02 16:48:37 - [TEST_STEP][PASSED] - click(findTestObject("OCS-MOBILE /Cannabis page/shop all oils")): Object: 'Object Repository/OCS-MOBILE /Cannabis page/shop all oils' is clicked on

2019-07-02 16:48:39 - [MESSAGE][PASSED] - Object: 'Object Repository/OCS-MOBILE /Cannabis page/shop all oils' is clicked on

2019-07-02 16:48:39 - [TEST_STEP][PASSED] - delay(1, CONTINUE_ON_FAILURE): Delayed 1 second(s)

2019-07-02 16:48:40 - [MESSAGE][PASSED] - Delayed 1 second(s)

2019-07-02 16:48:40 - [TEST_STEP][PASSED] - click(findTestObject("OCS-MOBILE /Age gate and burger menu/Burger menu - English"), CONTINUE_ON_FAILURE): Object: 'Object Repository/OCS-MOBILE /Age gate and burger menu/Burger menu - English' is clicked on

2019-07-02 16:48:41 - [MESSAGE][PASSED] - Object: 'Object Repository/OCS-MOBILE /Age gate and burger menu/Burger menu - English' is clicked on

2019-07-02 16:48:41 - [TEST_STEP][PASSED] - delay(2, CONTINUE_ON_FAILURE): Delayed 2 second(s)

2019-07-02 16:48:43 - [MESSAGE][PASSED] - Delayed 2 second(s)

2019-07-02 16:48:43 - [TEST_STEP][PASSED] - click(findTestObject("OCS-MOBILE /Age gate and burger menu/Chevron_Cannabis")): Object: 'Object Repository/OCS-MOBILE /Age gate and burger menu/Chevron_Cannabis' is clicked on

2019-07-02 16:48:43 - [MESSAGE][PASSED] - Object: 'Object Repository/OCS-MOBILE /Age gate and burger menu/Chevron_Cannabis' is clicked on

2019-07-02 16:48:43 - [TEST_STEP][PASSED] - delay(1, CONTINUE_ON_FAILURE): Delayed 1 second(s)

2019-07-02 16:48:44 - [MESSAGE][PASSED] - Delayed 1 second(s)

2019-07-02 16:48:44 - [TEST_STEP][PASSED] - click(findTestObject("OCS-MOBILE /Cannabis page/Capsules chevron")): Object: 'Object Repository/OCS-MOBILE /Cannabis page/Capsules chevron' is clicked on

2019-07-02 16:48:47 - [MESSAGE][PASSED] - Object: 'Object Repository/OCS-MOBILE /Cannabis page/Capsules chevron' is clicked on

2019-07-02 16:48:47 - [TEST_STEP][PASSED] - delay(1, CONTINUE_ON_FAILURE): Delayed 1 second(s)

2019-07-02 16:48:49 - [MESSAGE][PASSED] - Delayed 1 second(s)

2019-07-02 16:48:49 - [TEST_STEP][PASSED] - click(findTestObject("OCS-MOBILE /Age gate and burger menu/Burger menu - English"), CONTINUE_ON_FAILURE): Object: 'Object Repository/OCS-MOBILE /Age gate and burger menu/Burger menu - English' is clicked on

2019-07-02 16:48:49 - [MESSAGE][PASSED] - Object: 'Object Repository/OCS-MOBILE /Age gate and burger menu/Burger menu - English' is clicked on

2019-07-02 16:48:49 - [TEST_STEP][PASSED] - delay(2, CONTINUE_ON_FAILURE): Delayed 2 second(s)

2019-07-02 16:48:51 - [MESSAGE][PASSED] - Delayed 2 second(s)

2019-07-02 16:48:51 - [TEST_STEP][PASSED] - click(findTestObject("OCS-MOBILE /Age gate and burger menu/Chevron_Cannabis")): Object: 'Object Repository/OCS-MOBILE /Age gate and burger menu/Chevron_Cannabis' is clicked on

2019-07-02 16:48:51 - [MESSAGE][PASSED] - Object: 'Object Repository/OCS-MOBILE /Age gate and burger menu/Chevron_Cannabis' is clicked on

2019-07-02 16:48:51 - [TEST_STEP][PASSED] - delay(1, CONTINUE_ON_FAILURE): Delayed 1 second(s)

2019-07-02 16:48:52 - [MESSAGE][PASSED] - Delayed 1 second(s)

2019-07-02 16:48:52 - [TEST_STEP][PASSED] - click(findTestObject("OCS-MOBILE /Cannabis page/Shop by plant type - plus accordian")): Object: 'Object Repository/OCS-MOBILE /Cannabis page/Shop by plant type - plus accordian' is clicked on

2019-07-02 16:48:52 - [MESSAGE][PASSED] - Object: 'Object Repository/OCS-MOBILE /Cannabis page/Shop by plant type - plus accordian' is clicked on

2019-07-02 16:48:52 - [TEST_STEP][PASSED] - delay(1, CONTINUE_ON_FAILURE): Delayed 1 second(s)

2019-07-02 16:48:53 - [MESSAGE][PASSED] - Delayed 1 second(s)

2019-07-02 16:48:53 - [TEST_STEP][PASSED] - click(findTestObject("OCS-MOBILE /Cannabis page/Shop by plant type - plus accordian")): Object: 'Object Repository/OCS-MOBILE /Cannabis page/Shop by plant type - plus accordian' is clicked on

2019-07-02 16:48:53 - [MESSAGE][PASSED] - Object: 'Object Repository/OCS-MOBILE /Cannabis page/Shop by plant type - plus accordian' is clicked on

2019-07-02 16:48:53 - [TEST_STEP][PASSED] - delay(1, CONTINUE_ON_FAILURE): Delayed 1 second(s)

2019-07-02 16:48:54 - [MESSAGE][PASSED] - Delayed 1 second(s)

2019-07-02 16:48:54 - [TEST_STEP][PASSED] - click(findTestObject("OCS-MOBILE /Cannabis page/Shop by plant type - plus accordian")): Object: 'Object Repository/OCS-MOBILE /Cannabis page/Shop by plant type - plus accordian' is clicked on

2019-07-02 16:48:54 - [MESSAGE][PASSED] - Object: 'Object Repository/OCS-MOBILE /Cannabis page/Shop by plant type - plus accordian' is clicked on

2019-07-02 16:48:54 - [TEST_STEP][PASSED] - delay(1, CONTINUE_ON_FAILURE): Delayed 1 second(s)

2019-07-02 16:48:55 - [MESSAGE][PASSED] - Delayed 1 second(s)

2019-07-02 16:48:55 - [TEST_STEP][PASSED] - click(findTestObject("OCS-MOBILE /Cannabis page/Shop by plant type - Indica dominant")): Object: 'Object Repository/OCS-MOBILE /Cannabis page/Shop by plant type - Indica dominant' is clicked on

2019-07-02 16:48:57 - [MESSAGE][PASSED] - Object: 'Object Repository/OCS-MOBILE /Cannabis page/Shop by plant type - Indica dominant' is clicked on

2019-07-02 16:48:57 - [TEST_STEP][PASSED] - delay(1, CONTINUE_ON_FAILURE): Delayed 1 second(s)

2019-07-02 16:48:58 - [MESSAGE][PASSED] - Delayed 1 second(s)

2019-07-02 16:48:58 - [TEST_STEP][PASSED] - click(findTestObject("OCS-MOBILE /Age gate and burger menu/Burger menu - English"), CONTINUE_ON_FAILURE): Object: 'Object Repository/OCS-MOBILE /Age gate and burger menu/Burger menu - English' is clicked on

2019-07-02 16:48:58 - [MESSAGE][PASSED] - Object: 'Object Repository/OCS-MOBILE /Age gate and burger menu/Burger menu - English' is clicked on

2019-07-02 16:48:58 - [TEST_STEP][PASSED] - delay(2, CONTINUE_ON_FAILURE): Delayed 2 second(s)

2019-07-02 16:49:00 - [MESSAGE][PASSED] - Delayed 2 second(s)

2019-07-02 16:49:00 - [TEST_STEP][PASSED] - click(findTestObject("OCS-MOBILE /Age gate and burger menu/Chevron_Cannabis")): Object: 'Object Repository/OCS-MOBILE /Age gate and burger menu/Chevron_Cannabis' is clicked on

2019-07-02 16:49:00 - [MESSAGE][PASSED] - Object: 'Object Repository/OCS-MOBILE /Age gate and burger menu/Chevron_Cannabis' is clicked on

2019-07-02 16:49:00 - [TEST_STEP][PASSED] - delay(1, CONTINUE_ON_FAILURE): Delayed 1 second(s)

2019-07-02 16:49:01 - [MESSAGE][PASSED] - Delayed 1 second(s)

2019-07-02 16:49:01 - [TEST_STEP][PASSED] - click(findTestObject("OCS-MOBILE /Cannabis page/Shop by plant type - plus accordian")): Object: 'Object Repository/OCS-MOBILE /Cannabis page/Shop by plant type - plus accordian' is clicked on

2019-07-02 16:49:01 - [MESSAGE][PASSED] - Object: 'Object Repository/OCS-MOBILE /Cannabis page/Shop by plant type - plus accordian' is clicked on

2019-07-02 16:49:01 - [TEST_STEP][NOT_RUN] - click(findTestObject("OCS-MOBILE /Cannabis page/Shop by plant type - plus accordian")): NOT_RUN: click(findTestObject("OCS-MOBILE /Cannabis page/Shop by plant type - plus accordian"))

2019-07-02 16:49:01 - [MESSAGE][NOT_RUN] - NOT_RUN: click(findTestObject("OCS-MOBILE /Cannabis page/Shop by plant type - plus accordian"))

2019-07-02 16:49:01 - [TEST_STEP][PASSED] - delay(1, CONTINUE_ON_FAILURE): Delayed 1 second(s)

2019-07-02 16:49:02 - [MESSAGE][PASSED] - Delayed 1 second(s)

2019-07-02 16:49:02 - [TEST_STEP][PASSED] - click(findTestObject("OCS-MOBILE /Cannabis page/Shop by plant type - sativa dominant")): Object: 'Object Repository/OCS-MOBILE /Cannabis page/Shop by plant type - sativa dominant' is clicked on

2019-07-02 16:49:05 - [MESSAGE][PASSED] - Object: 'Object Repository/OCS-MOBILE /Cannabis page/Shop by plant type - sativa dominant' is clicked on

2019-07-02 16:49:05 - [TEST_STEP][PASSED] - delay(1, CONTINUE_ON_FAILURE): Delayed 1 second(s)

2019-07-02 16:49:06 - [MESSAGE][PASSED] - Delayed 1 second(s)

2019-07-02 16:49:06 - [TEST_STEP][PASSED] - click(findTestObject("OCS-MOBILE /Age gate and burger menu/Burger menu - English"), CONTINUE_ON_FAILURE): Object: 'Object Repository/OCS-MOBILE /Age gate and burger menu/Burger menu - English' is clicked on

2019-07-02 16:49:06 - [MESSAGE][PASSED] - Object: 'Object Repository/OCS-MOBILE /Age gate and burger menu/Burger menu - English' is clicked on

2019-07-02 16:49:06 - [TEST_STEP][PASSED] - delay(2, CONTINUE_ON_FAILURE): Delayed 2 second(s)

2019-07-02 16:49:08 - [MESSAGE][PASSED] - Delayed 2 second(s)

2019-07-02 16:49:08 - [TEST_STEP][PASSED] - click(findTestObject("OCS-MOBILE /Age gate and burger menu/Chevron_Cannabis")): Object: 'Object Repository/OCS-MOBILE /Age gate and burger menu/Chevron_Cannabis' is clicked on

2019-07-02 16:49:08 - [MESSAGE][PASSED] - Object: 'Object Repository/OCS-MOBILE /Age gate and burger menu/Chevron_Cannabis' is clicked on

2019-07-02 16:49:08 - [TEST_STEP][PASSED] - delay(1, CONTINUE_ON_FAILURE): Delayed 1 second(s)

2019-07-02 16:49:09 - [MESSAGE][PASSED] - Delayed 1 second(s)

2019-07-02 16:49:09 - [TEST_STEP][PASSED] - click(findTestObject("OCS-MOBILE /Cannabis page/Shop by plant type - plus accordian")): Object: 'Object Repository/OCS-MOBILE /Cannabis page/Shop by plant type - plus accordian' is clicked on

2019-07-02 16:49:09 - [MESSAGE][PASSED] - Object: 'Object Repository/OCS-MOBILE /Cannabis page/Shop by plant type - plus accordian' is clicked on

2019-07-02 16:49:09 - [TEST_STEP][PASSED] - delay(1, CONTINUE_ON_FAILURE): Delayed 1 second(s)

2019-07-02 16:49:10 - [MESSAGE][PASSED] - Delayed 1 second(s)

2019-07-02 16:49:10 - [TEST_STEP][PASSED] - click(findTestObject("OCS-MOBILE /Cannabis page/Shop by plant type - Hybrid")): Object: 'Object Repository/OCS-MOBILE /Cannabis page/Shop by plant type - Hybrid' is clicked on

2019-07-02 16:49:14 - [MESSAGE][PASSED] - Object: 'Object Repository/OCS-MOBILE /Cannabis page/Shop by plant type - Hybrid' is clicked on

2019-07-02 16:49:14 - [TEST_STEP][PASSED] - delay(1, CONTINUE_ON_FAILURE): Delayed 1 second(s)

2019-07-02 16:49:15 - [MESSAGE][PASSED] - Delayed 1 second(s)

2019-07-02 16:49:15 - [TEST_STEP][PASSED] - click(findTestObject("OCS-MOBILE /Age gate and burger menu/Burger menu - English"), CONTINUE_ON_FAILURE): Object: 'Object Repository/OCS-MOBILE /Age gate and burger menu/Burger menu - English' is clicked on

2019-07-02 16:49:15 - [MESSAGE][PASSED] - Object: 'Object Repository/OCS-MOBILE /Age gate and burger menu/Burger menu - English' is clicked on

2019-07-02 16:49:15 - [TEST_STEP][PASSED] - delay(2, CONTINUE_ON_FAILURE): Delayed 2 second(s)

2019-07-02 16:49:17 - [MESSAGE][PASSED] - Delayed 2 second(s)

2019-07-02 16:49:17 - [TEST_STEP][PASSED] - click(findTestObject("OCS-MOBILE /Age gate and burger menu/Chevron_Cannabis")): Object: 'Object Repository/OCS-MOBILE /Age gate and burger menu/Chevron_Cannabis' is clicked on

2019-07-02 16:49:17 - [MESSAGE][PASSED] - Object: 'Object Repository/OCS-MOBILE /Age gate and burger menu/Chevron_Cannabis' is clicked on

2019-07-02 16:49:17 - [TEST_STEP][PASSED] - delay(1, CONTINUE_ON_FAILURE): Delayed 1 second(s)

2019-07-02 16:49:18 - [MESSAGE][PASSED] - Delayed 1 second(s)

2019-07-02 16:49:18 - [TEST_STEP][PASSED] - click(findTestObject("OCS-MOBILE /Cannabis page/Collections - plus accordian")): Object: 'Object Repository/OCS-MOBILE /Cannabis page/Collections - plus accordian' is clicked on

2019-07-02 16:49:18 - [MESSAGE][PASSED] - Object: 'Object Repository/OCS-MOBILE /Cannabis page/Collections - plus accordian' is clicked on

2019-07-02 16:49:18 - [TEST_STEP][PASSED] - delay(1, CONTINUE_ON_FAILURE): Delayed 1 second(s)

2019-07-02 16:49:19 - [MESSAGE][PASSED] - Delayed 1 second(s)

2019-07-02 16:49:19 - [TEST_STEP][PASSED] - click(findTestObject("OCS-MOBILE /Cannabis page/Collections - plus accordian")): Object: 'Object Repository/OCS-MOBILE /Cannabis page/Collections - plus accordian' is clicked on

2019-07-02 16:49:19 - [MESSAGE][PASSED] - Object: 'Object Repository/OCS-MOBILE /Cannabis page/Collections - plus accordian' is clicked on

2019-07-02 16:49:19 - [TEST_STEP][PASSED] - delay(1, CONTINUE_ON_FAILURE): Delayed 1 second(s)

2019-07-02 16:49:20 - [MESSAGE][PASSED] - Delayed 1 second(s)

2019-07-02 16:49:20 - [TEST_STEP][PASSED] - click(findTestObject("OCS-MOBILE /Cannabis page/Collections - plus accordian")): Object: 'Object Repository/OCS-MOBILE /Cannabis page/Collections - plus accordian' is clicked on

2019-07-02 16:49:20 - [MESSAGE][PASSED] - Object: 'Object Repository/OCS-MOBILE /Cannabis page/Collections - plus accordian' is clicked on

2019-07-02 16:49:20 - [TEST_STEP][PASSED] - delay(1, CONTINUE_ON_FAILURE): Delayed 1 second(s)

2019-07-02 16:49:21 - [MESSAGE][PASSED] - Delayed 1 second(s)

2019-07-02 16:49:21 - [TEST_STEP][PASSED] - click(findTestObject("OCS-MOBILE /Cannabis page/Collections- New products")): Object: 'Object Repository/OCS-MOBILE /Cannabis page/Collections- New products' is clicked on

2019-07-02 16:49:24 - [MESSAGE][PASSED] - Object: 'Object Repository/OCS-MOBILE /Cannabis page/Collections- New products' is clicked on

2019-07-02 16:49:24 - [TEST_STEP][PASSED] - delay(1, CONTINUE_ON_FAILURE): Delayed 1 second(s)

2019-07-02 16:49:25 - [MESSAGE][PASSED] - Delayed 1 second(s)

2019-07-02 16:49:25 - [TEST_STEP][PASSED] - click(findTestObject("OCS-MOBILE /Age gate and burger menu/Burger menu - English"), CONTINUE_ON_FAILURE): Object: 'Object Repository/OCS-MOBILE /Age gate and burger menu/Burger menu - English' is clicked on

2019-07-02 16:49:25 - [MESSAGE][PASSED] - Object: 'Object Repository/OCS-MOBILE /Age gate and burger menu/Burger menu - English' is clicked on

2019-07-02 16:49:25 - [TEST_STEP][PASSED] - delay(2, CONTINUE_ON_FAILURE): Delayed 2 second(s)

2019-07-02 16:49:27 - [MESSAGE][PASSED] - Delayed 2 second(s)

2019-07-02 16:49:27 - [TEST_STEP][PASSED] - click(findTestObject("OCS-MOBILE /Age gate and burger menu/Chevron_Cannabis")): Object: 'Object Repository/OCS-MOBILE /Age gate and burger menu/Chevron_Cannabis' is clicked on

2019-07-02 16:49:27 - [MESSAGE][PASSED] - Object: 'Object Repository/OCS-MOBILE /Age gate and burger menu/Chevron_Cannabis' is clicked on

2019-07-02 16:49:27 - [TEST_STEP][PASSED] - delay(1, CONTINUE_ON_FAILURE): Delayed 1 second(s)

2019-07-02 16:49:28 - [MESSAGE][PASSED] - Delayed 1 second(s)

2019-07-02 16:49:28 - [TEST_STEP][PASSED] - click(findTestObject("OCS-MOBILE /Cannabis page/Collections - plus accordian")): Object: 'Object Repository/OCS-MOBILE /Cannabis page/Collections - plus accordian' is clicked on

2019-07-02 16:49:28 - [MESSAGE][PASSED] - Object: 'Object Repository/OCS-MOBILE /Cannabis page/Collections - plus accordian' is clicked on

2019-07-02 16:49:28 - [TEST_STEP][PASSED] - delay(1, CONTINUE_ON_FAILURE): Delayed 1 second(s)

2019-07-02 16:49:29 - [MESSAGE][PASSED] - Delayed 1 second(s)

2019-07-02 16:49:29 - [TEST_STEP][PASSED] - click(findTestObject("OCS-MOBILE /Cannabis page/Collections- Shop by brand")): Object: 'Object Repository/OCS-MOBILE /Cannabis page/Collections- Shop by brand' is clicked on

2019-07-02 16:49:34 - [MESSAGE][PASSED] - Object: 'Object Repository/OCS-MOBILE /Cannabis page/Collections- Shop by brand' is clicked on

2019-07-02 16:49:34 - [TEST_STEP][PASSED] - delay(1, CONTINUE_ON_FAILURE): Delayed 1 second(s)

2019-07-02 16:49:35 - [MESSAGE][PASSED] - Delayed 1 second(s)

2019-07-02 16:49:35 - [TEST_STEP][PASSED] - click(findTestObject("OCS-MOBILE /Age gate and burger menu/Burger menu - English"), CONTINUE_ON_FAILURE): Object: 'Object Repository/OCS-MOBILE /Age gate and burger menu/Burger menu - English' is clicked on

2019-07-02 16:49:35 - [MESSAGE][PASSED] - Object: 'Object Repository/OCS-MOBILE /Age gate and burger menu/Burger menu - English' is clicked on

2019-07-02 16:49:35 - [TEST_STEP][PASSED] - delay(2, CONTINUE_ON_FAILURE): Delayed 2 second(s)

2019-07-02 16:49:37 - [MESSAGE][PASSED] - Delayed 2 second(s)

2019-07-02 16:49:37 - [TEST_STEP][PASSED] - click(findTestObject("OCS-MOBILE /Age gate and burger menu/Chevron_Cannabis")): Object: 'Object Repository/OCS-MOBILE /Age gate and burger menu/Chevron_Cannabis' is clicked on

2019-07-02 16:49:37 - [MESSAGE][PASSED] - Object: 'Object Repository/OCS-MOBILE /Age gate and burger menu/Chevron_Cannabis' is clicked on

2019-07-02 16:49:37 - [TEST_STEP][PASSED] - delay(1, CONTINUE_ON_FAILURE): Delayed 1 second(s)

2019-07-02 16:49:38 - [MESSAGE][PASSED] - Delayed 1 second(s)

2019-07-02 16:49:38 - [TEST_STEP][PASSED] - click(findTestObject("OCS-MOBILE /Cannabis page/Collections - plus accordian")): Object: 'Object Repository/OCS-MOBILE /Cannabis page/Collections - plus accordian' is clicked on

2019-07-02 16:49:38 - [MESSAGE][PASSED] - Object: 'Object Repository/OCS-MOBILE /Cannabis page/Collections - plus accordian' is clicked on

2019-07-02 16:49:38 - [TEST_STEP][PASSED] - delay(1, CONTINUE_ON_FAILURE): Delayed 1 second(s)

2019-07-02 16:49:39 - [MESSAGE][PASSED] - Delayed 1 second(s)

2019-07-02 16:49:39 - [TEST_STEP][PASSED] - click(findTestObject("OCS-MOBILE /Cannabis page/Collections - CBD Dominant")): Object: 'Object Repository/OCS-MOBILE /Cannabis page/Collections - CBD Dominant' is clicked on

2019-07-02 16:49:43 - [MESSAGE][PASSED] - Object: 'Object Repository/OCS-MOBILE /Cannabis page/Collections - CBD Dominant' is clicked on

2019-07-02 16:49:43 - [TEST_STEP][PASSED] - delay(1, CONTINUE_ON_FAILURE): Delayed 1 second(s)

2019-07-02 16:49:44 - [MESSAGE][PASSED] - Delayed 1 second(s)

2019-07-02 16:49:44 - [TEST_STEP][PASSED] - click(findTestObject("OCS-MOBILE /Age gate and burger menu/Burger menu - English"), CONTINUE_ON_FAILURE): Object: 'Object Repository/OCS-MOBILE /Age gate and burger menu/Burger menu - English' is clicked on

2019-07-02 16:49:44 - [MESSAGE][PASSED] - Object: 'Object Repository/OCS-MOBILE /Age gate and burger menu/Burger menu - English' is clicked on

2019-07-02 16:49:44 - [TEST_STEP][PASSED] - delay(2, CONTINUE_ON_FAILURE): Delayed 2 second(s)

2019-07-02 16:49:46 - [MESSAGE][PASSED] - Delayed 2 second(s)

2019-07-02 16:49:46 - [TEST_STEP][PASSED] - click(findTestObject("OCS-MOBILE /Age gate and burger menu/Chevron_Cannabis")): Object: 'Object Repository/OCS-MOBILE /Age gate and burger menu/Chevron_Cannabis' is clicked on

2019-07-02 16:49:46 - [MESSAGE][PASSED] - Object: 'Object Repository/OCS-MOBILE /Age gate and burger menu/Chevron_Cannabis' is clicked on

2019-07-02 16:49:46 - [TEST_STEP][PASSED] - delay(1, CONTINUE_ON_FAILURE): Delayed 1 second(s)

2019-07-02 16:49:47 - [MESSAGE][PASSED] - Delayed 1 second(s)

2019-07-02 16:49:47 - [TEST_STEP][PASSED] - click(findTestObject("OCS-MOBILE /Cannabis page/Collections - plus accordian")): Object: 'Object Repository/OCS-MOBILE /Cannabis page/Collections - plus accordian' is clicked on

2019-07-02 16:49:47 - [MESSAGE][PASSED] - Object: 'Object Repository/OCS-MOBILE /Cannabis page/Collections - plus accordian' is clicked on

2019-07-02 16:49:47 - [TEST_STEP][PASSED] - delay(1, CONTINUE_ON_FAILURE): Delayed 1 second(s)

2019-07-02 16:49:48 - [MESSAGE][PASSED] - Delayed 1 second(s)

2019-07-02 16:49:48 - [TEST_STEP][PASSED] - click(findTestObject("OCS-MOBILE /Cannabis page/Collections - seeds")): Object: 'Object Repository/OCS-MOBILE /Cannabis page/Collections - seeds' is clicked on

2019-07-02 16:49:50 - [MESSAGE][PASSED] - Object: 'Object Repository/OCS-MOBILE /Cannabis page/Collections - seeds' is clicked on

2019-07-02 16:49:50 - [TEST_STEP][PASSED] - delay(1, CONTINUE_ON_FAILURE): Delayed 1 second(s)

2019-07-02 16:49:51 - [MESSAGE][PASSED] - Delayed 1 second(s)

2019-07-02 16:49:51 - [TEST_STEP][PASSED] - click(findTestObject("OCS-MOBILE /Age gate and burger menu/Burger menu - English"), CONTINUE_ON_FAILURE): Object: 'Object Repository/OCS-MOBILE /Age gate and burger menu/Burger menu - English' is clicked on

2019-07-02 16:49:51 - [MESSAGE][PASSED] - Object: 'Object Repository/OCS-MOBILE /Age gate and burger menu/Burger menu - English' is clicked on

2019-07-02 16:49:51 - [TEST_STEP][PASSED] - delay(2, CONTINUE_ON_FAILURE): Delayed 2 second(s)

2019-07-02 16:49:53 - [MESSAGE][PASSED] - Delayed 2 second(s)

2019-07-02 16:49:53 - [TEST_STEP][PASSED] - click(findTestObject("OCS-MOBILE /Age gate and burger menu/Chevron_Cannabis")): Object: 'Object Repository/OCS-MOBILE /Age gate and burger menu/Chevron_Cannabis' is clicked on

2019-07-02 16:49:53 - [MESSAGE][PASSED] - Object: 'Object Repository/OCS-MOBILE /Age gate and burger menu/Chevron_Cannabis' is clicked on

2019-07-02 16:49:53 - [TEST_STEP][PASSED] - delay(1, CONTINUE_ON_FAILURE): Delayed 1 second(s)

2019-07-02 16:49:54 - [MESSAGE][PASSED] - Delayed 1 second(s)

2019-07-02 16:49:54 - [TEST_STEP][PASSED] - click(findTestObject("OCS-MOBILE /Cannabis page/Shop all cannabis")): Object: 'Object Repository/OCS-MOBILE /Cannabis page/Shop all cannabis' is clicked on

2019-07-02 16:49:57 - [MESSAGE][PASSED] - Object: 'Object Repository/OCS-MOBILE /Cannabis page/Shop all cannabis' is clicked on

2019-07-02 16:49:57 - [TEST_STEP][PASSED] - delay(1, CONTINUE_ON_FAILURE): Delayed 1 second(s)

2019-07-02 16:49:58 - [MESSAGE][PASSED] - Delayed 1 second(s)

2019-07-02 16:49:58 - [TEST_STEP][PASSED] - click(findTestObject("OCS-MOBILE /Age gate and burger menu/Burger menu - English"), CONTINUE_ON_FAILURE): Object: 'Object Repository/OCS-MOBILE /Age gate and burger menu/Burger menu - English' is clicked on

2019-07-02 16:49:58 - [MESSAGE][PASSED] - Object: 'Object Repository/OCS-MOBILE /Age gate and burger menu/Burger menu - English' is clicked on

2019-07-02 16:49:58 - [TEST_STEP][PASSED] - delay(2, CONTINUE_ON_FAILURE): Delayed 2 second(s)

2019-07-02 16:50:00 - [MESSAGE][PASSED] - Delayed 2 second(s)

2019-07-02 16:50:00 - [TEST_STEP][PASSED] - click(findTestObject("OCS-MOBILE /Age gate and burger menu/Chevron_Cannabis")): Object: 'Object Repository/OCS-MOBILE /Age gate and burger menu/Chevron_Cannabis' is clicked on

2019-07-02 16:50:00 - [MESSAGE][PASSED] - Object: 'Object Repository/OCS-MOBILE /Age gate and burger menu/Chevron_Cannabis' is clicked on

2019-07-02 16:50:00 - [TEST_STEP][PASSED] - delay(1, CONTINUE_ON_FAILURE): Delayed 1 second(s)

2019-07-02 16:50:01 - [MESSAGE][PASSED] - Delayed 1 second(s)

2019-07-02 16:50:01 - [TEST_STEP][PASSED] - click(findTestObject("OCS-MOBILE /Cannabis page/Shop all brands")): Object: 'Object Repository/OCS-MOBILE /Cannabis page/Shop all brands' is clicked on

2019-07-02 16:50:07 - [MESSAGE][PASSED] - Object: 'Object Repository/OCS-MOBILE /Cannabis page/Shop all brands' is clicked on

2019-07-02 16:50:07 - [TEST_STEP][PASSED] - delay(1, CONTINUE_ON_FAILURE): Delayed 1 second(s)

2019-07-02 16:50:08 - [MESSAGE][PASSED] - Delayed 1 second(s)

2019-07-02 16:50:08 - [TEST_STEP][PASSED] - click(findTestObject("OCS-MOBILE /Age gate and burger menu/Burger menu - English"), CONTINUE_ON_FAILURE): Object: 'Object Repository/OCS-MOBILE /Age gate and burger menu/Burger menu - English' is clicked on

2019-07-02 16:50:08 - [MESSAGE][PASSED] - Object: 'Object Repository/OCS-MOBILE /Age gate and burger menu/Burger menu - English' is clicked on

2019-07-02 16:50:08 - [TEST_STEP][PASSED] - delay(2, CONTINUE_ON_FAILURE): Delayed 2 second(s)

2019-07-02 16:50:10 - [MESSAGE][PASSED] - Delayed 2 second(s)

2019-07-02 16:50:10 - [TEST_STEP][PASSED] - click(findTestObject("OCS-MOBILE /Age gate and burger menu/Chevron_Cannabis")): Object: 'Object Repository/OCS-MOBILE /Age gate and burger menu/Chevron_Cannabis' is clicked on

2019-07-02 16:50:10 - [MESSAGE][PASSED] - Object: 'Object Repository/OCS-MOBILE /Age gate and burger menu/Chevron_Cannabis' is clicked on

2019-07-02 16:50:10 - [TEST_STEP][PASSED] - delay(1, CONTINUE_ON_FAILURE): Delayed 1 second(s)

2019-07-02 16:50:11 - [MESSAGE][PASSED] - Delayed 1 second(s)

2019-07-02 16:50:11 - [TEST_STEP][PASSED] - click(findTestObject("OCS-MOBILE /Cannabis page/CBD - Dominant products")): Object: 'Object Repository/OCS-MOBILE /Cannabis page/CBD - Dominant products' is clicked on

2019-07-02 16:50:12 - [MESSAGE][PASSED] - Object: 'Object Repository/OCS-MOBILE /Cannabis page/CBD - Dominant products' is clicked on

2019-07-02 16:50:12 - [TEST_STEP][PASSED] - delay(1, CONTINUE_ON_FAILURE): Delayed 1 second(s)

2019-07-02 16:50:13 - [MESSAGE][PASSED] - Delayed 1 second(s)

2019-07-02 16:50:13 - [TEST_STEP][PASSED] - click(findTestObject("OCS-MOBILE /Age gate and burger menu/Burger menu - English"), CONTINUE_ON_FAILURE): Object: 'Object Repository/OCS-MOBILE /Age gate and burger menu/Burger menu - English' is clicked on

2019-07-02 16:50:14 - [MESSAGE][PASSED] - Object: 'Object Repository/OCS-MOBILE /Age gate and burger menu/Burger menu - English' is clicked on

2019-07-02 16:50:14 - [TEST_STEP][PASSED] - delay(2, CONTINUE_ON_FAILURE): Delayed 2 second(s)

2019-07-02 16:50:16 - [MESSAGE][PASSED] - Delayed 2 second(s)

2019-07-02 16:50:16 - [TEST_STEP][PASSED] - click(findTestObject("OCS-MOBILE /Age gate and burger menu/Chevron_Cannabis")): Object: 'Object Repository/OCS-MOBILE /Age gate and burger menu/Chevron_Cannabis' is clicked on

2019-07-02 16:50:16 - [MESSAGE][PASSED] - Object: 'Object Repository/OCS-MOBILE /Age gate and burger menu/Chevron_Cannabis' is clicked on

2019-07-02 16:50:16 - [TEST_STEP][PASSED] - delay(1, CONTINUE_ON_FAILURE): Delayed 1 second(s)

2019-07-02 16:50:17 - [MESSAGE][PASSED] - Delayed 1 second(s)

2019-07-02 16:50:17 - [TEST_STEP][PASSED] - setViewPortSize(1000, 800, OPTIONAL): Viewport is set to new size with width = 1000 and height = 800

2019-07-02 16:50:17 - [MESSAGE][PASSED] - Viewport is set to new size with width = 1000 and height = 800

2019-07-02 16:50:17 - [TEST_STEP][PASSED] - delay(2, OPTIONAL): Delayed 2 second(s)

2019-07-02 16:50:19 - [MESSAGE][PASSED] - Delayed 2 second(s)

2019-07-02 16:50:19 - [TEST_STEP][PASSED] - click(findTestObject("Theme_oR/Page_Ontario Cannabis Store  Ontari/button_Hide bar"), OPTIONAL): Unable to click on object (Root cause: java.lang.IllegalArgumentException: Object is null)

2019-07-02 16:50:19 - [MESSAGE][WARNING] - Test object with id 'Object Repository/Theme_oR/Page_Ontario Cannabis Store  Ontari/button_Hide bar' does not exist

2019-07-02 16:50:19 - [MESSAGE][WARNING] - Test object with id 'Object Repository/' does not exist

2019-07-02 16:50:19 - [MESSAGE][WARNING] - Unable to click on object (Root cause: java.lang.IllegalArgumentException: Object is null)
[[ATTACHMENT|/Users/sumankompelly/Relative xpath-Mobile/Reports/1.11.1/20190702_161421/1562100619258.png]]

2019-07-02 16:50:19 - [TEST_STEP][PASSED] - delay(2, OPTIONAL): Delayed 2 second(s)

2019-07-02 16:50:21 - [MESSAGE][PASSED] - Delayed 2 second(s)

2019-07-02 16:50:21 - [TEST_STEP][PASSED] - setViewPortSize(360, 800, OPTIONAL): Viewport is set to new size with width = 360 and height = 800

2019-07-02 16:50:21 - [MESSAGE][PASSED] - Viewport is set to new size with width = 360 and height = 800

2019-07-02 16:50:21 - [TEST_STEP][PASSED] - executeJavaScript("var previewBar = document.getElementById("preview-bar-iframe"); previewBar.style.display = "none";", []): Execute JavaScript 'var previewBar = document.getElementById("preview-bar-iframe"); previewBar.style.display = "none";' successfully

2019-07-02 16:50:21 - [MESSAGE][PASSED] - Execute JavaScript 'var previewBar = document.getElementById("preview-bar-iframe"); previewBar.style.display = "none";' successfully

2019-07-02 16:50:21 - [TEST_STEP][PASSED] - delay(1, OPTIONAL): Delayed 1 second(s)

2019-07-02 16:50:22 - [MESSAGE][PASSED] - Delayed 1 second(s)

2019-07-02 16:50:22 - [TEST_STEP][FAILED] - click(findTestObject("OCS-MOBILE /Cannabis page/Shop all cannabis Button")): click(findTestObject("OCS-MOBILE /Cannabis page/Shop all cannabis Button")) FAILED.
Reason:
com.kms.katalon.core.exception.StepFailedException: Unable to click on object 'Object Repository/OCS-MOBILE /Cannabis page/Shop all cannabis Button' (Root cause: org.openqa.selenium.ElementNotVisibleException: element not interactable
  (Session info: chrome=75.0.3770.100)
  (Driver info: chromedriver=2.43.600229 (3fae4d0cda5334b4f533bede5a4787f7b832d052),platform=Mac OS X 10.13.6 x86_64) (WARNING: The server did not provide any stacktrace information)
Command duration or timeout: 0 milliseconds
Build info: version: '3.7.1', revision: '8a0099a', time: '2017-11-06T21:07:36.161Z'
System info: host: 'sumans-MacBook-Pro.local', ip: 'fe80:0:0:0:98:5ae9:edb9:537f%en0', os.name: 'Mac OS X', os.arch: 'x86_64', os.version: '10.13.6', java.version: '1.8.0_181'
Driver info: com.kms.katalon.selenium.driver.CChromeDriver
Capabilities {acceptInsecureCerts: false, acceptSslCerts: false, applicationCacheEnabled: false, browserConnectionEnabled: false, browserName: chrome, chrome: {chromedriverVersion: 2.43.600229 (3fae4d0cda5334..., userDataDir: /var/folders/1t/c55l8xzs6gq...}, cssSelectorsEnabled: true, databaseEnabled: false, goog:chromeOptions: {debuggerAddress: localhost:64513}, handlesAlerts: true, hasTouchScreen: false, javascriptEnabled: true, locationContextEnabled: true, mobileEmulationEnabled: false, nativeEvents: true, networkConnectionEnabled: false, pageLoadStrategy: normal, platform: MAC, platformName: MAC, rotatable: false, setWindowRect: true, takesHeapSnapshot: true, takesScreenshot: true, unexpectedAlertBehaviour: , unhandledPromptBehavior: , version: 75.0.3770.100, webStorageEnabled: true}
Session ID: 0d87ff6c05c72696f036868bf08459b9)
	at com.kms.katalon.core.keyword.internal.KeywordMain.stepFailed(KeywordMain.groovy:36)
	at com.kms.katalon.core.webui.keyword.internal.WebUIKeywordMain.stepFailed(WebUIKeywordMain.groovy:65)
	at com.kms.katalon.core.webui.keyword.internal.WebUIKeywordMain.runKeyword(WebUIKeywordMain.groovy:27)
	at com.kms.katalon.core.webui.keyword.builtin.ClickKeyword.click(ClickKeyword.groovy:86)
	at com.kms.katalon.core.webui.keyword.builtin.ClickKeyword.execute(ClickKeyword.groovy:67)
	at com.kms.katalon.core.keyword.internal.KeywordExecutor.executeKeywordForPlatform(KeywordExecutor.groovy:53)
	at com.kms.katalon.core.webui.keyword.WebUiBuiltInKeywords.click(WebUiBuiltInKeywords.groovy:616)
	at com.kms.katalon.core.webui.keyword.WebUiBuiltInKeywords$click$4.call(Unknown Source)
	at HP-Burger menu -cannabis.run(HP-Burger menu -cannabis:427)
	at com.kms.katalon.core.main.ScriptEngine.run(ScriptEngine.java:194)
	at com.kms.katalon.core.main.ScriptEngine.runScriptAsRawText(ScriptEngine.java:119)
	at com.kms.katalon.core.main.TestCaseExecutor.runScript(TestCaseExecutor.java:328)
	at com.kms.katalon.core.main.TestCaseExecutor.doExecute(TestCaseExecutor.java:319)
	at com.kms.katalon.core.main.TestCaseExecutor.processExecutionPhase(TestCaseExecutor.java:298)
	at com.kms.katalon.core.main.TestCaseExecutor.accessMainPhase(TestCaseExecutor.java:290)
	at com.kms.katalon.core.main.TestCaseExecutor.execute(TestCaseExecutor.java:224)
	at com.kms.katalon.core.main.TestSuiteExecutor.accessTestCaseMainPhase(TestSuiteExecutor.java:129)
	at com.kms.katalon.core.main.TestSuiteExecutor.accessTestSuiteMainPhase(TestSuiteExecutor.java:112)
	at com.kms.katalon.core.main.TestSuiteExecutor.execute(TestSuiteExecutor.java:81)
	at com.kms.katalon.core.main.TestCaseMain.startTestSuite(TestCaseMain.java:149)
	at com.kms.katalon.core.main.TestCaseMain$startTestSuite$0.call(Unknown Source)
	at TempTestSuite1562098461396.run(TempTestSuite1562098461396.groovy:36)


2019-07-02 16:50:22 - [MESSAGE][FAILED] - Unable to click on object 'Object Repository/OCS-MOBILE /Cannabis page/Shop all cannabis Button' (Root cause: org.openqa.selenium.ElementNotVisibleException: element not interactable
  (Session info: chrome=75.0.3770.100)
  (Driver info: chromedriver=2.43.600229 (3fae4d0cda5334b4f533bede5a4787f7b832d052),platform=Mac OS X 10.13.6 x86_64) (WARNING: The server did not provide any stacktrace information)
Command duration or timeout: 0 milliseconds
Build info: version: '3.7.1', revision: '8a0099a', time: '2017-11-06T21:07:36.161Z'
System info: host: 'sumans-MacBook-Pro.local', ip: 'fe80:0:0:0:98:5ae9:edb9:537f%en0', os.name: 'Mac OS X', os.arch: 'x86_64', os.version: '10.13.6', java.version: '1.8.0_181'
Driver info: com.kms.katalon.selenium.driver.CChromeDriver
Capabilities {acceptInsecureCerts: false, acceptSslCerts: false, applicationCacheEnabled: false, browserConnectionEnabled: false, browserName: chrome, chrome: {chromedriverVersion: 2.43.600229 (3fae4d0cda5334..., userDataDir: /var/folders/1t/c55l8xzs6gq...}, cssSelectorsEnabled: true, databaseEnabled: false, goog:chromeOptions: {debuggerAddress: localhost:64513}, handlesAlerts: true, hasTouchScreen: false, javascriptEnabled: true, locationContextEnabled: true, mobileEmulationEnabled: false, nativeEvents: true, networkConnectionEnabled: false, pageLoadStrategy: normal, platform: MAC, platformName: MAC, rotatable: false, setWindowRect: true, takesHeapSnapshot: true, takesScreenshot: true, unexpectedAlertBehaviour: , unhandledPromptBehavior: , version: 75.0.3770.100, webStorageEnabled: true}
Session ID: 0d87ff6c05c72696f036868bf08459b9)
[[ATTACHMENT|/Users/sumankompelly/Relative xpath-Mobile/Reports/1.11.1/20190702_161421/1562100622701.png]]

2019-07-02 16:50:22 - [MESSAGE][FAILED] - click(findTestObject("OCS-MOBILE /Cannabis page/Shop all cannabis Button")) FAILED.
Reason:
com.kms.katalon.core.exception.StepFailedException: Unable to click on object 'Object Repository/OCS-MOBILE /Cannabis page/Shop all cannabis Button' (Root cause: org.openqa.selenium.ElementNotVisibleException: element not interactable
  (Session info: chrome=75.0.3770.100)
  (Driver info: chromedriver=2.43.600229 (3fae4d0cda5334b4f533bede5a4787f7b832d052),platform=Mac OS X 10.13.6 x86_64) (WARNING: The server did not provide any stacktrace information)
Command duration or timeout: 0 milliseconds
Build info: version: '3.7.1', revision: '8a0099a', time: '2017-11-06T21:07:36.161Z'
System info: host: 'sumans-MacBook-Pro.local', ip: 'fe80:0:0:0:98:5ae9:edb9:537f%en0', os.name: 'Mac OS X', os.arch: 'x86_64', os.version: '10.13.6', java.version: '1.8.0_181'
Driver info: com.kms.katalon.selenium.driver.CChromeDriver
Capabilities {acceptInsecureCerts: false, acceptSslCerts: false, applicationCacheEnabled: false, browserConnectionEnabled: false, browserName: chrome, chrome: {chromedriverVersion: 2.43.600229 (3fae4d0cda5334..., userDataDir: /var/folders/1t/c55l8xzs6gq...}, cssSelectorsEnabled: true, databaseEnabled: false, goog:chromeOptions: {debuggerAddress: localhost:64513}, handlesAlerts: true, hasTouchScreen: false, javascriptEnabled: true, locationContextEnabled: true, mobileEmulationEnabled: false, nativeEvents: true, networkConnectionEnabled: false, pageLoadStrategy: normal, platform: MAC, platformName: MAC, rotatable: false, setWindowRect: true, takesHeapSnapshot: true, takesScreenshot: true, unexpectedAlertBehaviour: , unhandledPromptBehavior: , version: 75.0.3770.100, webStorageEnabled: true}
Session ID: 0d87ff6c05c72696f036868bf08459b9)
	at com.kms.katalon.core.keyword.internal.KeywordMain.stepFailed(KeywordMain.groovy:36)
	at com.kms.katalon.core.webui.keyword.internal.WebUIKeywordMain.stepFailed(WebUIKeywordMain.groovy:65)
	at com.kms.katalon.core.webui.keyword.internal.WebUIKeywordMain.runKeyword(WebUIKeywordMain.groovy:27)
	at com.kms.katalon.core.webui.keyword.builtin.ClickKeyword.click(ClickKeyword.groovy:86)
	at com.kms.katalon.core.webui.keyword.builtin.ClickKeyword.execute(ClickKeyword.groovy:67)
	at com.kms.katalon.core.keyword.internal.KeywordExecutor.executeKeywordForPlatform(KeywordExecutor.groovy:53)
	at com.kms.katalon.core.webui.keyword.WebUiBuiltInKeywords.click(WebUiBuiltInKeywords.groovy:616)
	at com.kms.katalon.core.webui.keyword.WebUiBuiltInKeywords$click$4.call(Unknown Source)
	at HP-Burger menu -cannabis.run(HP-Burger menu -cannabis:427)
	at com.kms.katalon.core.main.ScriptEngine.run(ScriptEngine.java:194)
	at com.kms.katalon.core.main.ScriptEngine.runScriptAsRawText(ScriptEngine.java:119)
	at com.kms.katalon.core.main.TestCaseExecutor.runScript(TestCaseExecutor.java:328)
	at com.kms.katalon.core.main.TestCaseExecutor.doExecute(TestCaseExecutor.java:319)
	at com.kms.katalon.core.main.TestCaseExecutor.processExecutionPhase(TestCaseExecutor.java:298)
	at com.kms.katalon.core.main.TestCaseExecutor.accessMainPhase(TestCaseExecutor.java:290)
	at com.kms.katalon.core.main.TestCaseExecutor.execute(TestCaseExecutor.java:224)
	at com.kms.katalon.core.main.TestSuiteExecutor.accessTestCaseMainPhase(TestSuiteExecutor.java:129)
	at com.kms.katalon.core.main.TestSuiteExecutor.accessTestSuiteMainPhase(TestSuiteExecutor.java:112)
	at com.kms.katalon.core.main.TestSuiteExecutor.execute(TestSuiteExecutor.java:81)
	at com.kms.katalon.core.main.TestCaseMain.startTestSuite(TestCaseMain.java:149)
	at com.kms.katalon.core.main.TestCaseMain$startTestSuite$0.call(Unknown Source)
	at TempTestSuite1562098461396.run(TempTestSuite1562098461396.groovy:36)]]></system-out>
         <system-err><![CDATA[2019-07-02 16:46:49 - [TEST_CASE][FAILED] - Test Cases/OCS - MOBILE/OCS- HOME PAGE/HP-Burger menu -cannabis: Test Cases/OCS - MOBILE/OCS- HOME PAGE/HP-Burger menu -cannabis FAILED.
Reason:
com.kms.katalon.core.exception.StepFailedException: Unable to click on object 'Object Repository/OCS-MOBILE /Cannabis page/Shop all cannabis Button' (Root cause: org.openqa.selenium.ElementNotVisibleException: element not interactable
  (Session info: chrome=75.0.3770.100)
  (Driver info: chromedriver=2.43.600229 (3fae4d0cda5334b4f533bede5a4787f7b832d052),platform=Mac OS X 10.13.6 x86_64) (WARNING: The server did not provide any stacktrace information)
Command duration or timeout: 0 milliseconds
Build info: version: '3.7.1', revision: '8a0099a', time: '2017-11-06T21:07:36.161Z'
System info: host: 'sumans-MacBook-Pro.local', ip: 'fe80:0:0:0:98:5ae9:edb9:537f%en0', os.name: 'Mac OS X', os.arch: 'x86_64', os.version: '10.13.6', java.version: '1.8.0_181'
Driver info: com.kms.katalon.selenium.driver.CChromeDriver
Capabilities {acceptInsecureCerts: false, acceptSslCerts: false, applicationCacheEnabled: false, browserConnectionEnabled: false, browserName: chrome, chrome: {chromedriverVersion: 2.43.600229 (3fae4d0cda5334..., userDataDir: /var/folders/1t/c55l8xzs6gq...}, cssSelectorsEnabled: true, databaseEnabled: false, goog:chromeOptions: {debuggerAddress: localhost:64513}, handlesAlerts: true, hasTouchScreen: false, javascriptEnabled: true, locationContextEnabled: true, mobileEmulationEnabled: false, nativeEvents: true, networkConnectionEnabled: false, pageLoadStrategy: normal, platform: MAC, platformName: MAC, rotatable: false, setWindowRect: true, takesHeapSnapshot: true, takesScreenshot: true, unexpectedAlertBehaviour: , unhandledPromptBehavior: , version: 75.0.3770.100, webStorageEnabled: true}
Session ID: 0d87ff6c05c72696f036868bf08459b9)
	at com.kms.katalon.core.keyword.internal.KeywordMain.stepFailed(KeywordMain.groovy:36)
	at com.kms.katalon.core.webui.keyword.internal.WebUIKeywordMain.stepFailed(WebUIKeywordMain.groovy:65)
	at com.kms.katalon.core.webui.keyword.internal.WebUIKeywordMain.runKeyword(WebUIKeywordMain.groovy:27)
	at com.kms.katalon.core.webui.keyword.builtin.ClickKeyword.click(ClickKeyword.groovy:86)
	at com.kms.katalon.core.webui.keyword.builtin.ClickKeyword.execute(ClickKeyword.groovy:67)
	at com.kms.katalon.core.keyword.internal.KeywordExecutor.executeKeywordForPlatform(KeywordExecutor.groovy:53)
	at com.kms.katalon.core.webui.keyword.WebUiBuiltInKeywords.click(WebUiBuiltInKeywords.groovy:616)
	at com.kms.katalon.core.webui.keyword.WebUiBuiltInKeywords$click$4.call(Unknown Source)
	at HP-Burger menu -cannabis.run(HP-Burger menu -cannabis:427)
	at com.kms.katalon.core.main.ScriptEngine.run(ScriptEngine.java:194)
	at com.kms.katalon.core.main.ScriptEngine.runScriptAsRawText(ScriptEngine.java:119)
	at com.kms.katalon.core.main.TestCaseExecutor.runScript(TestCaseExecutor.java:328)
	at com.kms.katalon.core.main.TestCaseExecutor.doExecute(TestCaseExecutor.java:319)
	at com.kms.katalon.core.main.TestCaseExecutor.processExecutionPhase(TestCaseExecutor.java:298)
	at com.kms.katalon.core.main.TestCaseExecutor.accessMainPhase(TestCaseExecutor.java:290)
	at com.kms.katalon.core.main.TestCaseExecutor.execute(TestCaseExecutor.java:224)
	at com.kms.katalon.core.main.TestSuiteExecutor.accessTestCaseMainPhase(TestSuiteExecutor.java:129)
	at com.kms.katalon.core.main.TestSuiteExecutor.accessTestSuiteMainPhase(TestSuiteExecutor.java:112)
	at com.kms.katalon.core.main.TestSuiteExecutor.execute(TestSuiteExecutor.java:81)
	at com.kms.katalon.core.main.TestCaseMain.startTestSuite(TestCaseMain.java:149)
	at com.kms.katalon.core.main.TestCaseMain$startTestSuite$0.call(Unknown Source)
	at TempTestSuite1562098461396.run(TempTestSuite1562098461396.groovy:36)]]></system-err>
      </testcase>
      <testcase name="Test Cases/OCS - MOBILE/OCS- HOME PAGE/footer" classname="Test Cases/OCS - MOBILE/OCS- HOME PAGE/footer" status="FAILED">
         <failure type="FAILED" message="Test Cases/OCS - MOBILE/OCS- HOME PAGE/footer FAILED.
Reason:
com.kms.katalon.core.exception.StepFailedException: Unable to click on object 'Object Repository/OCS-MOBILE /Home - page/Government of Canada - Canna' (Root cause: org.openqa.selenium.WebDriverException: unknown error: Element &lt;a href=&quot;https://www.canada.ca/en/services/health/campaigns/cannabis.html&quot; target=&quot;_blank&quot;>...&lt;/a> is not clickable at point (241, 55). Other element would receive the click: &lt;div class=&quot;menu-bar__left-wrapper&quot;>...&lt;/div>
  (Session info: chrome=75.0.3770.100)
  (Driver info: chromedriver=2.43.600229 (3fae4d0cda5334b4f533bede5a4787f7b832d052),platform=Mac OS X 10.13.6 x86_64) (WARNING: The server did not provide any stacktrace information)
Command duration or timeout: 0 milliseconds
Build info: version: '3.7.1', revision: '8a0099a', time: '2017-11-06T21:07:36.161Z'
System info: host: 'sumans-MacBook-Pro.local', ip: 'fe80:0:0:0:98:5ae9:edb9:537f%en0', os.name: 'Mac OS X', os.arch: 'x86_64', os.version: '10.13.6', java.version: '1.8.0_181'
Driver info: com.kms.katalon.selenium.driver.CChromeDriver
Capabilities {acceptInsecureCerts: false, acceptSslCerts: false, applicationCacheEnabled: false, browserConnectionEnabled: false, browserName: chrome, chrome: {chromedriverVersion: 2.43.600229 (3fae4d0cda5334..., userDataDir: /var/folders/1t/c55l8xzs6gq...}, cssSelectorsEnabled: true, databaseEnabled: false, goog:chromeOptions: {debuggerAddress: localhost:65423}, handlesAlerts: true, hasTouchScreen: false, javascriptEnabled: true, locationContextEnabled: true, mobileEmulationEnabled: false, nativeEvents: true, networkConnectionEnabled: false, pageLoadStrategy: normal, platform: MAC, platformName: MAC, rotatable: false, setWindowRect: true, takesHeapSnapshot: true, takesScreenshot: true, unexpectedAlertBehaviour: , unhandledPromptBehavior: , version: 75.0.3770.100, webStorageEnabled: true}
Session ID: a5dafcb1944ec0b46c679bc4d88e2dea)
	at com.kms.katalon.core.keyword.internal.KeywordMain.stepFailed(KeywordMain.groovy:36)
	at com.kms.katalon.core.webui.keyword.internal.WebUIKeywordMain.stepFailed(WebUIKeywordMain.groovy:65)
	at com.kms.katalon.core.webui.keyword.internal.WebUIKeywordMain.runKeyword(WebUIKeywordMain.groovy:27)
	at com.kms.katalon.core.webui.keyword.builtin.ClickKeyword.click(ClickKeyword.groovy:86)
	at com.kms.katalon.core.webui.keyword.builtin.ClickKeyword.execute(ClickKeyword.groovy:67)
	at com.kms.katalon.core.keyword.internal.KeywordExecutor.executeKeywordForPlatform(KeywordExecutor.groovy:53)
	at com.kms.katalon.core.webui.keyword.WebUiBuiltInKeywords.click(WebUiBuiltInKeywords.groovy:616)
	at com.kms.katalon.core.webui.keyword.WebUiBuiltInKeywords$click$4.call(Unknown Source)
	at footer.run(footer:74)
	at com.kms.katalon.core.main.ScriptEngine.run(ScriptEngine.java:194)
	at com.kms.katalon.core.main.ScriptEngine.runScriptAsRawText(ScriptEngine.java:119)
	at com.kms.katalon.core.main.TestCaseExecutor.runScript(TestCaseExecutor.java:328)
	at com.kms.katalon.core.main.TestCaseExecutor.doExecute(TestCaseExecutor.java:319)
	at com.kms.katalon.core.main.TestCaseExecutor.processExecutionPhase(TestCaseExecutor.java:298)
	at com.kms.katalon.core.main.TestCaseExecutor.accessMainPhase(TestCaseExecutor.java:290)
	at com.kms.katalon.core.main.TestCaseExecutor.execute(TestCaseExecutor.java:224)
	at com.kms.katalon.core.main.TestSuiteExecutor.accessTestCaseMainPhase(TestSuiteExecutor.java:129)
	at com.kms.katalon.core.main.TestSuiteExecutor.accessTestSuiteMainPhase(TestSuiteExecutor.java:112)
	at com.kms.katalon.core.main.TestSuiteExecutor.execute(TestSuiteExecutor.java:81)
	at com.kms.katalon.core.main.TestCaseMain.startTestSuite(TestCaseMain.java:149)
	at com.kms.katalon.core.main.TestCaseMain$startTestSuite$0.call(Unknown Source)
	at TempTestSuite1562098461396.run(TempTestSuite1562098461396.groovy:36)
"/>
         <system-out><![CDATA[2019-07-02 16:50:22 - [TEST_CASE][FAILED] - Test Cases/OCS - MOBILE/OCS- HOME PAGE/footer: Test Cases/OCS - MOBILE/OCS- HOME PAGE/footer FAILED.
Reason:
com.kms.katalon.core.exception.StepFailedException: Unable to click on object 'Object Repository/OCS-MOBILE /Home - page/Government of Canada - Canna' (Root cause: org.openqa.selenium.WebDriverException: unknown error: Element <a href="https://www.canada.ca/en/services/health/campaigns/cannabis.html" target="_blank">...</a> is not clickable at point (241, 55). Other element would receive the click: <div class="menu-bar__left-wrapper">...</div>
  (Session info: chrome=75.0.3770.100)
  (Driver info: chromedriver=2.43.600229 (3fae4d0cda5334b4f533bede5a4787f7b832d052),platform=Mac OS X 10.13.6 x86_64) (WARNING: The server did not provide any stacktrace information)
Command duration or timeout: 0 milliseconds
Build info: version: '3.7.1', revision: '8a0099a', time: '2017-11-06T21:07:36.161Z'
System info: host: 'sumans-MacBook-Pro.local', ip: 'fe80:0:0:0:98:5ae9:edb9:537f%en0', os.name: 'Mac OS X', os.arch: 'x86_64', os.version: '10.13.6', java.version: '1.8.0_181'
Driver info: com.kms.katalon.selenium.driver.CChromeDriver
Capabilities {acceptInsecureCerts: false, acceptSslCerts: false, applicationCacheEnabled: false, browserConnectionEnabled: false, browserName: chrome, chrome: {chromedriverVersion: 2.43.600229 (3fae4d0cda5334..., userDataDir: /var/folders/1t/c55l8xzs6gq...}, cssSelectorsEnabled: true, databaseEnabled: false, goog:chromeOptions: {debuggerAddress: localhost:65423}, handlesAlerts: true, hasTouchScreen: false, javascriptEnabled: true, locationContextEnabled: true, mobileEmulationEnabled: false, nativeEvents: true, networkConnectionEnabled: false, pageLoadStrategy: normal, platform: MAC, platformName: MAC, rotatable: false, setWindowRect: true, takesHeapSnapshot: true, takesScreenshot: true, unexpectedAlertBehaviour: , unhandledPromptBehavior: , version: 75.0.3770.100, webStorageEnabled: true}
Session ID: a5dafcb1944ec0b46c679bc4d88e2dea)
	at com.kms.katalon.core.keyword.internal.KeywordMain.stepFailed(KeywordMain.groovy:36)
	at com.kms.katalon.core.webui.keyword.internal.WebUIKeywordMain.stepFailed(WebUIKeywordMain.groovy:65)
	at com.kms.katalon.core.webui.keyword.internal.WebUIKeywordMain.runKeyword(WebUIKeywordMain.groovy:27)
	at com.kms.katalon.core.webui.keyword.builtin.ClickKeyword.click(ClickKeyword.groovy:86)
	at com.kms.katalon.core.webui.keyword.builtin.ClickKeyword.execute(ClickKeyword.groovy:67)
	at com.kms.katalon.core.keyword.internal.KeywordExecutor.executeKeywordForPlatform(KeywordExecutor.groovy:53)
	at com.kms.katalon.core.webui.keyword.WebUiBuiltInKeywords.click(WebUiBuiltInKeywords.groovy:616)
	at com.kms.katalon.core.webui.keyword.WebUiBuiltInKeywords$click$4.call(Unknown Source)
	at footer.run(footer:74)
	at com.kms.katalon.core.main.ScriptEngine.run(ScriptEngine.java:194)
	at com.kms.katalon.core.main.ScriptEngine.runScriptAsRawText(ScriptEngine.java:119)
	at com.kms.katalon.core.main.TestCaseExecutor.runScript(TestCaseExecutor.java:328)
	at com.kms.katalon.core.main.TestCaseExecutor.doExecute(TestCaseExecutor.java:319)
	at com.kms.katalon.core.main.TestCaseExecutor.processExecutionPhase(TestCaseExecutor.java:298)
	at com.kms.katalon.core.main.TestCaseExecutor.accessMainPhase(TestCaseExecutor.java:290)
	at com.kms.katalon.core.main.TestCaseExecutor.execute(TestCaseExecutor.java:224)
	at com.kms.katalon.core.main.TestSuiteExecutor.accessTestCaseMainPhase(TestSuiteExecutor.java:129)
	at com.kms.katalon.core.main.TestSuiteExecutor.accessTestSuiteMainPhase(TestSuiteExecutor.java:112)
	at com.kms.katalon.core.main.TestSuiteExecutor.execute(TestSuiteExecutor.java:81)
	at com.kms.katalon.core.main.TestCaseMain.startTestSuite(TestCaseMain.java:149)
	at com.kms.katalon.core.main.TestCaseMain$startTestSuite$0.call(Unknown Source)
	at TempTestSuite1562098461396.run(TempTestSuite1562098461396.groovy:36)


2019-07-02 16:50:23 - [TEST_STEP][PASSED] - callTestCase(findTestCase("OCS - MOBILE/CALL - AGE GATE"), [:], STOP_ON_FAILURE): Call Test Case 'Test Cases/OCS - MOBILE/CALL - AGE GATE' successfully

2019-07-02 16:50:23 - [TEST_CASE][PASSED] - Test Cases/OCS - MOBILE/CALL - AGE GATE: Test Cases/OCS - MOBILE/CALL - AGE GATE

2019-07-02 16:50:23 - [TEST_STEP][PASSED] - openBrowser(""): Browser is opened with url: ''

2019-07-02 16:50:23 - [MESSAGE][WARNING] - A browser is already opened. Closing browser and opening a new one

2019-07-02 16:50:23 - [MESSAGE][INFO] - Starting 'Chrome' driver

2019-07-02 16:50:24 - [MESSAGE][PASSED] - Browser is opened with url: ''

2019-07-02 16:50:24 - [TEST_STEP][PASSED] - navigateToUrl("https://ocs.ca/?fts=0&preview_theme_id=74203301708"): Navigate to 'https://ocs.ca/?fts=0&preview_theme_id=74203301708' successfully

2019-07-02 16:50:30 - [MESSAGE][PASSED] - Navigate to 'https://ocs.ca/?fts=0&preview_theme_id=74203301708' successfully

2019-07-02 16:50:30 - [TEST_STEP][PASSED] - executeJavaScript("var previewBar = document.getElementById("preview-bar-iframe"); previewBar.style.display = "none";", []): Execute JavaScript 'var previewBar = document.getElementById("preview-bar-iframe"); previewBar.style.display = "none";' successfully

2019-07-02 16:50:30 - [MESSAGE][PASSED] - Execute JavaScript 'var previewBar = document.getElementById("preview-bar-iframe"); previewBar.style.display = "none";' successfully

2019-07-02 16:50:30 - [TEST_STEP][PASSED] - setViewPortSize(360, 800): Viewport is set to new size with width = 360 and height = 800

2019-07-02 16:50:30 - [MESSAGE][PASSED] - Viewport is set to new size with width = 360 and height = 800

2019-07-02 16:50:30 - [TEST_STEP][PASSED] - delay(4): Delayed 4 second(s)

2019-07-02 16:50:34 - [MESSAGE][PASSED] - Delayed 4 second(s)

2019-07-02 16:50:34 - [TEST_STEP][PASSED] - selectOptionByValue(findTestObject("OCS-MOBILE /Age gate and burger menu/Date"), "12", true): All options with value '12' are selected in object 'Object Repository/OCS-MOBILE /Age gate and burger menu/Date'  using regular expression

2019-07-02 16:50:34 - [MESSAGE][PASSED] - All options with value '12' are selected in object 'Object Repository/OCS-MOBILE /Age gate and burger menu/Date'  using regular expression

2019-07-02 16:50:34 - [TEST_STEP][PASSED] - selectOptionByValue(findTestObject("OCS-MOBILE /Age gate and burger menu/month"), "6", true): All options with value '6' are selected in object 'Object Repository/OCS-MOBILE /Age gate and burger menu/month'  using regular expression

2019-07-02 16:50:35 - [MESSAGE][PASSED] - All options with value '6' are selected in object 'Object Repository/OCS-MOBILE /Age gate and burger menu/month'  using regular expression

2019-07-02 16:50:35 - [TEST_STEP][PASSED] - delay(2): Delayed 2 second(s)

2019-07-02 16:50:37 - [MESSAGE][PASSED] - Delayed 2 second(s)

2019-07-02 16:50:37 - [TEST_STEP][PASSED] - selectOptionByValue(findTestObject("OCS-MOBILE /Age gate and burger menu/Year Dropdown"), "1990", true): All options with value '1990' are selected in object 'Object Repository/OCS-MOBILE /Age gate and burger menu/Year Dropdown'  using regular expression

2019-07-02 16:50:38 - [MESSAGE][PASSED] - All options with value '1990' are selected in object 'Object Repository/OCS-MOBILE /Age gate and burger menu/Year Dropdown'  using regular expression

2019-07-02 16:50:38 - [TEST_STEP][PASSED] - click(findTestObject("OCS-MOBILE /Age gate and Mega menu/button_Verify")): Object: 'Object Repository/OCS-MOBILE /Age gate and Mega menu/button_Verify' is clicked on

2019-07-02 16:50:38 - [MESSAGE][PASSED] - Object: 'Object Repository/OCS-MOBILE /Age gate and Mega menu/button_Verify' is clicked on

2019-07-02 16:50:38 - [TEST_STEP][PASSED] - click(findTestObject("OCS-MOBILE /Age gate and Mega menu/Checkbox_CONFIRM AND ACKNOWLEDGE")): Object: 'Object Repository/OCS-MOBILE /Age gate and Mega menu/Checkbox_CONFIRM AND ACKNOWLEDGE' is clicked on

2019-07-02 16:50:38 - [MESSAGE][PASSED] - Object: 'Object Repository/OCS-MOBILE /Age gate and Mega menu/Checkbox_CONFIRM AND ACKNOWLEDGE' is clicked on

2019-07-02 16:50:38 - [TEST_STEP][PASSED] - click(findTestObject("OCS-MOBILE /Age gate and Mega menu/button_CONFIRM")): Object: 'Object Repository/OCS-MOBILE /Age gate and Mega menu/button_CONFIRM' is clicked on

2019-07-02 16:50:38 - [MESSAGE][PASSED] - Object: 'Object Repository/OCS-MOBILE /Age gate and Mega menu/button_CONFIRM' is clicked on

2019-07-02 16:50:38 - [TEST_STEP][PASSED] - click(findTestObject("OCS-MOBILE /Age gate and Mega menu/button_Start Browsing")): Object: 'Object Repository/OCS-MOBILE /Age gate and Mega menu/button_Start Browsing' is clicked on

2019-07-02 16:50:38 - [MESSAGE][PASSED] - Object: 'Object Repository/OCS-MOBILE /Age gate and Mega menu/button_Start Browsing' is clicked on

2019-07-02 16:50:38 - [TEST_STEP][PASSED] - refresh(): Refresh successfully

2019-07-02 16:50:38 - [MESSAGE][PASSED] - Refresh successfully

2019-07-02 16:50:38 - [TEST_STEP][PASSED] - executeJavaScript("var previewBar = document.getElementById("preview-bar-iframe"); previewBar.style.display = "none";", []): Execute JavaScript 'var previewBar = document.getElementById("preview-bar-iframe"); previewBar.style.display = "none";' successfully

2019-07-02 16:50:41 - [MESSAGE][PASSED] - Execute JavaScript 'var previewBar = document.getElementById("preview-bar-iframe"); previewBar.style.display = "none";' successfully

2019-07-02 16:50:41 - [MESSAGE][PASSED] - Call Test Case 'Test Cases/OCS - MOBILE/CALL - AGE GATE' successfully

2019-07-02 16:50:41 - [TEST_STEP][PASSED] - delay(2): Delayed 2 second(s)

2019-07-02 16:50:43 - [MESSAGE][PASSED] - Delayed 2 second(s)

2019-07-02 16:50:43 - [TEST_STEP][PASSED] - executeJavaScript("var previewBar = document.getElementById("preview-bar-iframe"); previewBar.style.display = "none";", []): Execute JavaScript 'var previewBar = document.getElementById("preview-bar-iframe"); previewBar.style.display = "none";' successfully

2019-07-02 16:50:43 - [MESSAGE][PASSED] - Execute JavaScript 'var previewBar = document.getElementById("preview-bar-iframe"); previewBar.style.display = "none";' successfully

2019-07-02 16:50:43 - [TEST_STEP][PASSED] - click(findTestObject("OCS-MOBILE /Home - page/Return Policy")): Object: 'Object Repository/OCS-MOBILE /Home - page/Return Policy' is clicked on

2019-07-02 16:50:47 - [MESSAGE][PASSED] - Object: 'Object Repository/OCS-MOBILE /Home - page/Return Policy' is clicked on

2019-07-02 16:50:47 - [TEST_STEP][PASSED] - delay(2): Delayed 2 second(s)

2019-07-02 16:50:49 - [MESSAGE][PASSED] - Delayed 2 second(s)

2019-07-02 16:50:49 - [TEST_STEP][PASSED] - setViewPortSize(1000, 800, OPTIONAL): Viewport is set to new size with width = 1000 and height = 800

2019-07-02 16:50:49 - [MESSAGE][PASSED] - Viewport is set to new size with width = 1000 and height = 800

2019-07-02 16:50:49 - [TEST_STEP][PASSED] - delay(2, OPTIONAL): Delayed 2 second(s)

2019-07-02 16:50:51 - [MESSAGE][PASSED] - Delayed 2 second(s)

2019-07-02 16:50:51 - [TEST_STEP][PASSED] - click(findTestObject("Theme_oR/Page_Ontario Cannabis Store  Ontari/button_Hide bar"), OPTIONAL): Unable to click on object (Root cause: java.lang.IllegalArgumentException: Object is null)

2019-07-02 16:50:51 - [MESSAGE][WARNING] - Test object with id 'Object Repository/Theme_oR/Page_Ontario Cannabis Store  Ontari/button_Hide bar' does not exist

2019-07-02 16:50:51 - [MESSAGE][WARNING] - Test object with id 'Object Repository/' does not exist

2019-07-02 16:50:52 - [MESSAGE][WARNING] - Unable to click on object (Root cause: java.lang.IllegalArgumentException: Object is null)
[[ATTACHMENT|/Users/sumankompelly/Relative xpath-Mobile/Reports/1.11.1/20190702_161421/1562100651701.png]]

2019-07-02 16:50:52 - [TEST_STEP][PASSED] - setViewPortSize(360, 800, OPTIONAL): Viewport is set to new size with width = 360 and height = 800

2019-07-02 16:50:52 - [MESSAGE][PASSED] - Viewport is set to new size with width = 360 and height = 800

2019-07-02 16:50:52 - [TEST_STEP][PASSED] - delay(2, OPTIONAL): Delayed 2 second(s)

2019-07-02 16:50:54 - [MESSAGE][PASSED] - Delayed 2 second(s)

2019-07-02 16:50:54 - [TEST_STEP][PASSED] - executeJavaScript("var previewBar = document.getElementById("preview-bar-iframe"); previewBar.style.display = "none";", []): Execute JavaScript 'var previewBar = document.getElementById("preview-bar-iframe"); previewBar.style.display = "none";' successfully

2019-07-02 16:50:54 - [MESSAGE][PASSED] - Execute JavaScript 'var previewBar = document.getElementById("preview-bar-iframe"); previewBar.style.display = "none";' successfully

2019-07-02 16:50:54 - [TEST_STEP][PASSED] - click(findTestObject("OCS-MOBILE /Home - page/Glossary of terms")): Object: 'Object Repository/OCS-MOBILE /Home - page/Glossary of terms' is clicked on

2019-07-02 16:50:57 - [MESSAGE][PASSED] - Object: 'Object Repository/OCS-MOBILE /Home - page/Glossary of terms' is clicked on

2019-07-02 16:50:57 - [TEST_STEP][PASSED] - delay(2): Delayed 2 second(s)

2019-07-02 16:50:59 - [MESSAGE][PASSED] - Delayed 2 second(s)

2019-07-02 16:50:59 - [TEST_STEP][PASSED] - setViewPortSize(1000, 800, OPTIONAL): Viewport is set to new size with width = 1000 and height = 800

2019-07-02 16:50:59 - [MESSAGE][PASSED] - Viewport is set to new size with width = 1000 and height = 800

2019-07-02 16:50:59 - [TEST_STEP][PASSED] - delay(2, OPTIONAL): Delayed 2 second(s)

2019-07-02 16:51:01 - [MESSAGE][PASSED] - Delayed 2 second(s)

2019-07-02 16:51:01 - [TEST_STEP][PASSED] - click(findTestObject("Theme_oR/Page_Ontario Cannabis Store  Ontari/button_Hide bar"), OPTIONAL): Unable to click on object (Root cause: java.lang.IllegalArgumentException: Object is null)

2019-07-02 16:51:01 - [MESSAGE][WARNING] - Test object with id 'Object Repository/Theme_oR/Page_Ontario Cannabis Store  Ontari/button_Hide bar' does not exist

2019-07-02 16:51:01 - [MESSAGE][WARNING] - Test object with id 'Object Repository/' does not exist

2019-07-02 16:51:01 - [MESSAGE][WARNING] - Unable to click on object (Root cause: java.lang.IllegalArgumentException: Object is null)
[[ATTACHMENT|/Users/sumankompelly/Relative xpath-Mobile/Reports/1.11.1/20190702_161421/1562100661683.png]]

2019-07-02 16:51:01 - [TEST_STEP][PASSED] - setViewPortSize(360, 800, OPTIONAL): Viewport is set to new size with width = 360 and height = 800

2019-07-02 16:51:02 - [MESSAGE][PASSED] - Viewport is set to new size with width = 360 and height = 800

2019-07-02 16:51:02 - [TEST_STEP][PASSED] - delay(2, OPTIONAL): Delayed 2 second(s)

2019-07-02 16:51:04 - [MESSAGE][PASSED] - Delayed 2 second(s)

2019-07-02 16:51:04 - [TEST_STEP][PASSED] - executeJavaScript("var previewBar = document.getElementById("preview-bar-iframe"); previewBar.style.display = "none";", []): Execute JavaScript 'var previewBar = document.getElementById("preview-bar-iframe"); previewBar.style.display = "none";' successfully

2019-07-02 16:51:04 - [MESSAGE][PASSED] - Execute JavaScript 'var previewBar = document.getElementById("preview-bar-iframe"); previewBar.style.display = "none";' successfully

2019-07-02 16:51:04 - [TEST_STEP][PASSED] - click(findTestObject("OCS-MOBILE /Home - page/Product Recall")): Object: 'Object Repository/OCS-MOBILE /Home - page/Product Recall' is clicked on

2019-07-02 16:51:04 - [MESSAGE][PASSED] - Object: 'Object Repository/OCS-MOBILE /Home - page/Product Recall' is clicked on

2019-07-02 16:51:04 - [TEST_STEP][PASSED] - delay(2): Delayed 2 second(s)

2019-07-02 16:51:06 - [MESSAGE][PASSED] - Delayed 2 second(s)

2019-07-02 16:51:06 - [TEST_STEP][PASSED] - setViewPortSize(1000, 800, OPTIONAL): Viewport is set to new size with width = 1000 and height = 800

2019-07-02 16:51:06 - [MESSAGE][PASSED] - Viewport is set to new size with width = 1000 and height = 800

2019-07-02 16:51:06 - [TEST_STEP][PASSED] - delay(2, OPTIONAL): Delayed 2 second(s)

2019-07-02 16:51:08 - [MESSAGE][PASSED] - Delayed 2 second(s)

2019-07-02 16:51:08 - [TEST_STEP][PASSED] - click(findTestObject("Theme_oR/Page_Ontario Cannabis Store  Ontari/button_Hide bar"), OPTIONAL): Unable to click on object (Root cause: java.lang.IllegalArgumentException: Object is null)

2019-07-02 16:51:08 - [MESSAGE][WARNING] - Test object with id 'Object Repository/Theme_oR/Page_Ontario Cannabis Store  Ontari/button_Hide bar' does not exist

2019-07-02 16:51:08 - [MESSAGE][WARNING] - Test object with id 'Object Repository/' does not exist

2019-07-02 16:51:08 - [MESSAGE][WARNING] - Unable to click on object (Root cause: java.lang.IllegalArgumentException: Object is null)
[[ATTACHMENT|/Users/sumankompelly/Relative xpath-Mobile/Reports/1.11.1/20190702_161421/1562100668306.png]]

2019-07-02 16:51:08 - [TEST_STEP][PASSED] - setViewPortSize(360, 800, OPTIONAL): Viewport is set to new size with width = 360 and height = 800

2019-07-02 16:51:08 - [MESSAGE][PASSED] - Viewport is set to new size with width = 360 and height = 800

2019-07-02 16:51:08 - [TEST_STEP][PASSED] - delay(2, OPTIONAL): Delayed 2 second(s)

2019-07-02 16:51:10 - [MESSAGE][PASSED] - Delayed 2 second(s)

2019-07-02 16:51:10 - [TEST_STEP][PASSED] - executeJavaScript("var previewBar = document.getElementById("preview-bar-iframe"); previewBar.style.display = "none";", []): Execute JavaScript 'var previewBar = document.getElementById("preview-bar-iframe"); previewBar.style.display = "none";' successfully

2019-07-02 16:51:10 - [MESSAGE][PASSED] - Execute JavaScript 'var previewBar = document.getElementById("preview-bar-iframe"); previewBar.style.display = "none";' successfully

2019-07-02 16:51:10 - [TEST_STEP][FAILED] - click(findTestObject("OCS-MOBILE /Home - page/Government of Canada - Canna")): click(findTestObject("OCS-MOBILE /Home - page/Government of Canada - Canna")) FAILED.
Reason:
com.kms.katalon.core.exception.StepFailedException: Unable to click on object 'Object Repository/OCS-MOBILE /Home - page/Government of Canada - Canna' (Root cause: org.openqa.selenium.WebDriverException: unknown error: Element <a href="https://www.canada.ca/en/services/health/campaigns/cannabis.html" target="_blank">...</a> is not clickable at point (241, 55). Other element would receive the click: <div class="menu-bar__left-wrapper">...</div>
  (Session info: chrome=75.0.3770.100)
  (Driver info: chromedriver=2.43.600229 (3fae4d0cda5334b4f533bede5a4787f7b832d052),platform=Mac OS X 10.13.6 x86_64) (WARNING: The server did not provide any stacktrace information)
Command duration or timeout: 0 milliseconds
Build info: version: '3.7.1', revision: '8a0099a', time: '2017-11-06T21:07:36.161Z'
System info: host: 'sumans-MacBook-Pro.local', ip: 'fe80:0:0:0:98:5ae9:edb9:537f%en0', os.name: 'Mac OS X', os.arch: 'x86_64', os.version: '10.13.6', java.version: '1.8.0_181'
Driver info: com.kms.katalon.selenium.driver.CChromeDriver
Capabilities {acceptInsecureCerts: false, acceptSslCerts: false, applicationCacheEnabled: false, browserConnectionEnabled: false, browserName: chrome, chrome: {chromedriverVersion: 2.43.600229 (3fae4d0cda5334..., userDataDir: /var/folders/1t/c55l8xzs6gq...}, cssSelectorsEnabled: true, databaseEnabled: false, goog:chromeOptions: {debuggerAddress: localhost:65423}, handlesAlerts: true, hasTouchScreen: false, javascriptEnabled: true, locationContextEnabled: true, mobileEmulationEnabled: false, nativeEvents: true, networkConnectionEnabled: false, pageLoadStrategy: normal, platform: MAC, platformName: MAC, rotatable: false, setWindowRect: true, takesHeapSnapshot: true, takesScreenshot: true, unexpectedAlertBehaviour: , unhandledPromptBehavior: , version: 75.0.3770.100, webStorageEnabled: true}
Session ID: a5dafcb1944ec0b46c679bc4d88e2dea)
	at com.kms.katalon.core.keyword.internal.KeywordMain.stepFailed(KeywordMain.groovy:36)
	at com.kms.katalon.core.webui.keyword.internal.WebUIKeywordMain.stepFailed(WebUIKeywordMain.groovy:65)
	at com.kms.katalon.core.webui.keyword.internal.WebUIKeywordMain.runKeyword(WebUIKeywordMain.groovy:27)
	at com.kms.katalon.core.webui.keyword.builtin.ClickKeyword.click(ClickKeyword.groovy:86)
	at com.kms.katalon.core.webui.keyword.builtin.ClickKeyword.execute(ClickKeyword.groovy:67)
	at com.kms.katalon.core.keyword.internal.KeywordExecutor.executeKeywordForPlatform(KeywordExecutor.groovy:53)
	at com.kms.katalon.core.webui.keyword.WebUiBuiltInKeywords.click(WebUiBuiltInKeywords.groovy:616)
	at com.kms.katalon.core.webui.keyword.WebUiBuiltInKeywords$click$4.call(Unknown Source)
	at footer.run(footer:74)
	at com.kms.katalon.core.main.ScriptEngine.run(ScriptEngine.java:194)
	at com.kms.katalon.core.main.ScriptEngine.runScriptAsRawText(ScriptEngine.java:119)
	at com.kms.katalon.core.main.TestCaseExecutor.runScript(TestCaseExecutor.java:328)
	at com.kms.katalon.core.main.TestCaseExecutor.doExecute(TestCaseExecutor.java:319)
	at com.kms.katalon.core.main.TestCaseExecutor.processExecutionPhase(TestCaseExecutor.java:298)
	at com.kms.katalon.core.main.TestCaseExecutor.accessMainPhase(TestCaseExecutor.java:290)
	at com.kms.katalon.core.main.TestCaseExecutor.execute(TestCaseExecutor.java:224)
	at com.kms.katalon.core.main.TestSuiteExecutor.accessTestCaseMainPhase(TestSuiteExecutor.java:129)
	at com.kms.katalon.core.main.TestSuiteExecutor.accessTestSuiteMainPhase(TestSuiteExecutor.java:112)
	at com.kms.katalon.core.main.TestSuiteExecutor.execute(TestSuiteExecutor.java:81)
	at com.kms.katalon.core.main.TestCaseMain.startTestSuite(TestCaseMain.java:149)
	at com.kms.katalon.core.main.TestCaseMain$startTestSuite$0.call(Unknown Source)
	at TempTestSuite1562098461396.run(TempTestSuite1562098461396.groovy:36)


2019-07-02 16:51:10 - [MESSAGE][FAILED] - Unable to click on object 'Object Repository/OCS-MOBILE /Home - page/Government of Canada - Canna' (Root cause: org.openqa.selenium.WebDriverException: unknown error: Element <a href="https://www.canada.ca/en/services/health/campaigns/cannabis.html" target="_blank">...</a> is not clickable at point (241, 55). Other element would receive the click: <div class="menu-bar__left-wrapper">...</div>
  (Session info: chrome=75.0.3770.100)
  (Driver info: chromedriver=2.43.600229 (3fae4d0cda5334b4f533bede5a4787f7b832d052),platform=Mac OS X 10.13.6 x86_64) (WARNING: The server did not provide any stacktrace information)
Command duration or timeout: 0 milliseconds
Build info: version: '3.7.1', revision: '8a0099a', time: '2017-11-06T21:07:36.161Z'
System info: host: 'sumans-MacBook-Pro.local', ip: 'fe80:0:0:0:98:5ae9:edb9:537f%en0', os.name: 'Mac OS X', os.arch: 'x86_64', os.version: '10.13.6', java.version: '1.8.0_181'
Driver info: com.kms.katalon.selenium.driver.CChromeDriver
Capabilities {acceptInsecureCerts: false, acceptSslCerts: false, applicationCacheEnabled: false, browserConnectionEnabled: false, browserName: chrome, chrome: {chromedriverVersion: 2.43.600229 (3fae4d0cda5334..., userDataDir: /var/folders/1t/c55l8xzs6gq...}, cssSelectorsEnabled: true, databaseEnabled: false, goog:chromeOptions: {debuggerAddress: localhost:65423}, handlesAlerts: true, hasTouchScreen: false, javascriptEnabled: true, locationContextEnabled: true, mobileEmulationEnabled: false, nativeEvents: true, networkConnectionEnabled: false, pageLoadStrategy: normal, platform: MAC, platformName: MAC, rotatable: false, setWindowRect: true, takesHeapSnapshot: true, takesScreenshot: true, unexpectedAlertBehaviour: , unhandledPromptBehavior: , version: 75.0.3770.100, webStorageEnabled: true}
Session ID: a5dafcb1944ec0b46c679bc4d88e2dea)
[[ATTACHMENT|/Users/sumankompelly/Relative xpath-Mobile/Reports/1.11.1/20190702_161421/1562100670723.png]]

2019-07-02 16:51:10 - [MESSAGE][FAILED] - click(findTestObject("OCS-MOBILE /Home - page/Government of Canada - Canna")) FAILED.
Reason:
com.kms.katalon.core.exception.StepFailedException: Unable to click on object 'Object Repository/OCS-MOBILE /Home - page/Government of Canada - Canna' (Root cause: org.openqa.selenium.WebDriverException: unknown error: Element <a href="https://www.canada.ca/en/services/health/campaigns/cannabis.html" target="_blank">...</a> is not clickable at point (241, 55). Other element would receive the click: <div class="menu-bar__left-wrapper">...</div>
  (Session info: chrome=75.0.3770.100)
  (Driver info: chromedriver=2.43.600229 (3fae4d0cda5334b4f533bede5a4787f7b832d052),platform=Mac OS X 10.13.6 x86_64) (WARNING: The server did not provide any stacktrace information)
Command duration or timeout: 0 milliseconds
Build info: version: '3.7.1', revision: '8a0099a', time: '2017-11-06T21:07:36.161Z'
System info: host: 'sumans-MacBook-Pro.local', ip: 'fe80:0:0:0:98:5ae9:edb9:537f%en0', os.name: 'Mac OS X', os.arch: 'x86_64', os.version: '10.13.6', java.version: '1.8.0_181'
Driver info: com.kms.katalon.selenium.driver.CChromeDriver
Capabilities {acceptInsecureCerts: false, acceptSslCerts: false, applicationCacheEnabled: false, browserConnectionEnabled: false, browserName: chrome, chrome: {chromedriverVersion: 2.43.600229 (3fae4d0cda5334..., userDataDir: /var/folders/1t/c55l8xzs6gq...}, cssSelectorsEnabled: true, databaseEnabled: false, goog:chromeOptions: {debuggerAddress: localhost:65423}, handlesAlerts: true, hasTouchScreen: false, javascriptEnabled: true, locationContextEnabled: true, mobileEmulationEnabled: false, nativeEvents: true, networkConnectionEnabled: false, pageLoadStrategy: normal, platform: MAC, platformName: MAC, rotatable: false, setWindowRect: true, takesHeapSnapshot: true, takesScreenshot: true, unexpectedAlertBehaviour: , unhandledPromptBehavior: , version: 75.0.3770.100, webStorageEnabled: true}
Session ID: a5dafcb1944ec0b46c679bc4d88e2dea)
	at com.kms.katalon.core.keyword.internal.KeywordMain.stepFailed(KeywordMain.groovy:36)
	at com.kms.katalon.core.webui.keyword.internal.WebUIKeywordMain.stepFailed(WebUIKeywordMain.groovy:65)
	at com.kms.katalon.core.webui.keyword.internal.WebUIKeywordMain.runKeyword(WebUIKeywordMain.groovy:27)
	at com.kms.katalon.core.webui.keyword.builtin.ClickKeyword.click(ClickKeyword.groovy:86)
	at com.kms.katalon.core.webui.keyword.builtin.ClickKeyword.execute(ClickKeyword.groovy:67)
	at com.kms.katalon.core.keyword.internal.KeywordExecutor.executeKeywordForPlatform(KeywordExecutor.groovy:53)
	at com.kms.katalon.core.webui.keyword.WebUiBuiltInKeywords.click(WebUiBuiltInKeywords.groovy:616)
	at com.kms.katalon.core.webui.keyword.WebUiBuiltInKeywords$click$4.call(Unknown Source)
	at footer.run(footer:74)
	at com.kms.katalon.core.main.ScriptEngine.run(ScriptEngine.java:194)
	at com.kms.katalon.core.main.ScriptEngine.runScriptAsRawText(ScriptEngine.java:119)
	at com.kms.katalon.core.main.TestCaseExecutor.runScript(TestCaseExecutor.java:328)
	at com.kms.katalon.core.main.TestCaseExecutor.doExecute(TestCaseExecutor.java:319)
	at com.kms.katalon.core.main.TestCaseExecutor.processExecutionPhase(TestCaseExecutor.java:298)
	at com.kms.katalon.core.main.TestCaseExecutor.accessMainPhase(TestCaseExecutor.java:290)
	at com.kms.katalon.core.main.TestCaseExecutor.execute(TestCaseExecutor.java:224)
	at com.kms.katalon.core.main.TestSuiteExecutor.accessTestCaseMainPhase(TestSuiteExecutor.java:129)
	at com.kms.katalon.core.main.TestSuiteExecutor.accessTestSuiteMainPhase(TestSuiteExecutor.java:112)
	at com.kms.katalon.core.main.TestSuiteExecutor.execute(TestSuiteExecutor.java:81)
	at com.kms.katalon.core.main.TestCaseMain.startTestSuite(TestCaseMain.java:149)
	at com.kms.katalon.core.main.TestCaseMain$startTestSuite$0.call(Unknown Source)
	at TempTestSuite1562098461396.run(TempTestSuite1562098461396.groovy:36)]]></system-out>
         <system-err><![CDATA[2019-07-02 16:50:22 - [TEST_CASE][FAILED] - Test Cases/OCS - MOBILE/OCS- HOME PAGE/footer: Test Cases/OCS - MOBILE/OCS- HOME PAGE/footer FAILED.
Reason:
com.kms.katalon.core.exception.StepFailedException: Unable to click on object 'Object Repository/OCS-MOBILE /Home - page/Government of Canada - Canna' (Root cause: org.openqa.selenium.WebDriverException: unknown error: Element <a href="https://www.canada.ca/en/services/health/campaigns/cannabis.html" target="_blank">...</a> is not clickable at point (241, 55). Other element would receive the click: <div class="menu-bar__left-wrapper">...</div>
  (Session info: chrome=75.0.3770.100)
  (Driver info: chromedriver=2.43.600229 (3fae4d0cda5334b4f533bede5a4787f7b832d052),platform=Mac OS X 10.13.6 x86_64) (WARNING: The server did not provide any stacktrace information)
Command duration or timeout: 0 milliseconds
Build info: version: '3.7.1', revision: '8a0099a', time: '2017-11-06T21:07:36.161Z'
System info: host: 'sumans-MacBook-Pro.local', ip: 'fe80:0:0:0:98:5ae9:edb9:537f%en0', os.name: 'Mac OS X', os.arch: 'x86_64', os.version: '10.13.6', java.version: '1.8.0_181'
Driver info: com.kms.katalon.selenium.driver.CChromeDriver
Capabilities {acceptInsecureCerts: false, acceptSslCerts: false, applicationCacheEnabled: false, browserConnectionEnabled: false, browserName: chrome, chrome: {chromedriverVersion: 2.43.600229 (3fae4d0cda5334..., userDataDir: /var/folders/1t/c55l8xzs6gq...}, cssSelectorsEnabled: true, databaseEnabled: false, goog:chromeOptions: {debuggerAddress: localhost:65423}, handlesAlerts: true, hasTouchScreen: false, javascriptEnabled: true, locationContextEnabled: true, mobileEmulationEnabled: false, nativeEvents: true, networkConnectionEnabled: false, pageLoadStrategy: normal, platform: MAC, platformName: MAC, rotatable: false, setWindowRect: true, takesHeapSnapshot: true, takesScreenshot: true, unexpectedAlertBehaviour: , unhandledPromptBehavior: , version: 75.0.3770.100, webStorageEnabled: true}
Session ID: a5dafcb1944ec0b46c679bc4d88e2dea)
	at com.kms.katalon.core.keyword.internal.KeywordMain.stepFailed(KeywordMain.groovy:36)
	at com.kms.katalon.core.webui.keyword.internal.WebUIKeywordMain.stepFailed(WebUIKeywordMain.groovy:65)
	at com.kms.katalon.core.webui.keyword.internal.WebUIKeywordMain.runKeyword(WebUIKeywordMain.groovy:27)
	at com.kms.katalon.core.webui.keyword.builtin.ClickKeyword.click(ClickKeyword.groovy:86)
	at com.kms.katalon.core.webui.keyword.builtin.ClickKeyword.execute(ClickKeyword.groovy:67)
	at com.kms.katalon.core.keyword.internal.KeywordExecutor.executeKeywordForPlatform(KeywordExecutor.groovy:53)
	at com.kms.katalon.core.webui.keyword.WebUiBuiltInKeywords.click(WebUiBuiltInKeywords.groovy:616)
	at com.kms.katalon.core.webui.keyword.WebUiBuiltInKeywords$click$4.call(Unknown Source)
	at footer.run(footer:74)
	at com.kms.katalon.core.main.ScriptEngine.run(ScriptEngine.java:194)
	at com.kms.katalon.core.main.ScriptEngine.runScriptAsRawText(ScriptEngine.java:119)
	at com.kms.katalon.core.main.TestCaseExecutor.runScript(TestCaseExecutor.java:328)
	at com.kms.katalon.core.main.TestCaseExecutor.doExecute(TestCaseExecutor.java:319)
	at com.kms.katalon.core.main.TestCaseExecutor.processExecutionPhase(TestCaseExecutor.java:298)
	at com.kms.katalon.core.main.TestCaseExecutor.accessMainPhase(TestCaseExecutor.java:290)
	at com.kms.katalon.core.main.TestCaseExecutor.execute(TestCaseExecutor.java:224)
	at com.kms.katalon.core.main.TestSuiteExecutor.accessTestCaseMainPhase(TestSuiteExecutor.java:129)
	at com.kms.katalon.core.main.TestSuiteExecutor.accessTestSuiteMainPhase(TestSuiteExecutor.java:112)
	at com.kms.katalon.core.main.TestSuiteExecutor.execute(TestSuiteExecutor.java:81)
	at com.kms.katalon.core.main.TestCaseMain.startTestSuite(TestCaseMain.java:149)
	at com.kms.katalon.core.main.TestCaseMain$startTestSuite$0.call(Unknown Source)
	at TempTestSuite1562098461396.run(TempTestSuite1562098461396.groovy:36)]]></system-err>
      </testcase>
      <testcase name="Test Cases/OCS - MOBILE/OCS- HOME PAGE/why trust OCS" classname="Test Cases/OCS - MOBILE/OCS- HOME PAGE/why trust OCS" status="PASSED">
         <system-out><![CDATA[2019-07-02 16:51:10 - [TEST_CASE][PASSED] - Test Cases/OCS - MOBILE/OCS- HOME PAGE/why trust OCS: Test Cases/OCS - MOBILE/OCS- HOME PAGE/why trust OCS

2019-07-02 16:51:11 - [TEST_STEP][PASSED] - callTestCase(findTestCase("OCS - MOBILE/CALL - AGE GATE"), [:], STOP_ON_FAILURE): Call Test Case 'Test Cases/OCS - MOBILE/CALL - AGE GATE' successfully

2019-07-02 16:51:11 - [TEST_CASE][PASSED] - Test Cases/OCS - MOBILE/CALL - AGE GATE: Test Cases/OCS - MOBILE/CALL - AGE GATE

2019-07-02 16:51:11 - [TEST_STEP][PASSED] - openBrowser(""): Browser is opened with url: ''

2019-07-02 16:51:11 - [MESSAGE][WARNING] - A browser is already opened. Closing browser and opening a new one

2019-07-02 16:51:11 - [MESSAGE][INFO] - Starting 'Chrome' driver

2019-07-02 16:51:12 - [MESSAGE][PASSED] - Browser is opened with url: ''

2019-07-02 16:51:12 - [TEST_STEP][PASSED] - navigateToUrl("https://ocs.ca/?fts=0&preview_theme_id=74203301708"): Navigate to 'https://ocs.ca/?fts=0&preview_theme_id=74203301708' successfully

2019-07-02 16:51:18 - [MESSAGE][PASSED] - Navigate to 'https://ocs.ca/?fts=0&preview_theme_id=74203301708' successfully

2019-07-02 16:51:18 - [TEST_STEP][PASSED] - executeJavaScript("var previewBar = document.getElementById("preview-bar-iframe"); previewBar.style.display = "none";", []): Execute JavaScript 'var previewBar = document.getElementById("preview-bar-iframe"); previewBar.style.display = "none";' successfully

2019-07-02 16:51:18 - [MESSAGE][PASSED] - Execute JavaScript 'var previewBar = document.getElementById("preview-bar-iframe"); previewBar.style.display = "none";' successfully

2019-07-02 16:51:18 - [TEST_STEP][PASSED] - setViewPortSize(360, 800): Viewport is set to new size with width = 360 and height = 800

2019-07-02 16:51:18 - [MESSAGE][PASSED] - Viewport is set to new size with width = 360 and height = 800

2019-07-02 16:51:18 - [TEST_STEP][PASSED] - delay(4): Delayed 4 second(s)

2019-07-02 16:51:22 - [MESSAGE][PASSED] - Delayed 4 second(s)

2019-07-02 16:51:22 - [TEST_STEP][PASSED] - selectOptionByValue(findTestObject("OCS-MOBILE /Age gate and burger menu/Date"), "12", true): All options with value '12' are selected in object 'Object Repository/OCS-MOBILE /Age gate and burger menu/Date'  using regular expression

2019-07-02 16:51:22 - [MESSAGE][PASSED] - All options with value '12' are selected in object 'Object Repository/OCS-MOBILE /Age gate and burger menu/Date'  using regular expression

2019-07-02 16:51:22 - [TEST_STEP][PASSED] - selectOptionByValue(findTestObject("OCS-MOBILE /Age gate and burger menu/month"), "6", true): All options with value '6' are selected in object 'Object Repository/OCS-MOBILE /Age gate and burger menu/month'  using regular expression

2019-07-02 16:51:23 - [MESSAGE][PASSED] - All options with value '6' are selected in object 'Object Repository/OCS-MOBILE /Age gate and burger menu/month'  using regular expression

2019-07-02 16:51:23 - [TEST_STEP][PASSED] - delay(2): Delayed 2 second(s)

2019-07-02 16:51:25 - [MESSAGE][PASSED] - Delayed 2 second(s)

2019-07-02 16:51:25 - [TEST_STEP][PASSED] - selectOptionByValue(findTestObject("OCS-MOBILE /Age gate and burger menu/Year Dropdown"), "1990", true): All options with value '1990' are selected in object 'Object Repository/OCS-MOBILE /Age gate and burger menu/Year Dropdown'  using regular expression

2019-07-02 16:51:26 - [MESSAGE][PASSED] - All options with value '1990' are selected in object 'Object Repository/OCS-MOBILE /Age gate and burger menu/Year Dropdown'  using regular expression

2019-07-02 16:51:26 - [TEST_STEP][PASSED] - click(findTestObject("OCS-MOBILE /Age gate and Mega menu/button_Verify")): Object: 'Object Repository/OCS-MOBILE /Age gate and Mega menu/button_Verify' is clicked on

2019-07-02 16:51:26 - [MESSAGE][PASSED] - Object: 'Object Repository/OCS-MOBILE /Age gate and Mega menu/button_Verify' is clicked on

2019-07-02 16:51:26 - [TEST_STEP][PASSED] - click(findTestObject("OCS-MOBILE /Age gate and Mega menu/Checkbox_CONFIRM AND ACKNOWLEDGE")): Object: 'Object Repository/OCS-MOBILE /Age gate and Mega menu/Checkbox_CONFIRM AND ACKNOWLEDGE' is clicked on

2019-07-02 16:51:26 - [MESSAGE][PASSED] - Object: 'Object Repository/OCS-MOBILE /Age gate and Mega menu/Checkbox_CONFIRM AND ACKNOWLEDGE' is clicked on

2019-07-02 16:51:26 - [TEST_STEP][PASSED] - click(findTestObject("OCS-MOBILE /Age gate and Mega menu/button_CONFIRM")): Object: 'Object Repository/OCS-MOBILE /Age gate and Mega menu/button_CONFIRM' is clicked on

2019-07-02 16:51:26 - [MESSAGE][PASSED] - Object: 'Object Repository/OCS-MOBILE /Age gate and Mega menu/button_CONFIRM' is clicked on

2019-07-02 16:51:26 - [TEST_STEP][PASSED] - click(findTestObject("OCS-MOBILE /Age gate and Mega menu/button_Start Browsing")): Object: 'Object Repository/OCS-MOBILE /Age gate and Mega menu/button_Start Browsing' is clicked on

2019-07-02 16:51:26 - [MESSAGE][PASSED] - Object: 'Object Repository/OCS-MOBILE /Age gate and Mega menu/button_Start Browsing' is clicked on

2019-07-02 16:51:26 - [TEST_STEP][PASSED] - refresh(): Refresh successfully

2019-07-02 16:51:26 - [MESSAGE][PASSED] - Refresh successfully

2019-07-02 16:51:26 - [TEST_STEP][PASSED] - executeJavaScript("var previewBar = document.getElementById("preview-bar-iframe"); previewBar.style.display = "none";", []): Execute JavaScript 'var previewBar = document.getElementById("preview-bar-iframe"); previewBar.style.display = "none";' successfully

2019-07-02 16:51:30 - [MESSAGE][PASSED] - Execute JavaScript 'var previewBar = document.getElementById("preview-bar-iframe"); previewBar.style.display = "none";' successfully

2019-07-02 16:51:30 - [MESSAGE][PASSED] - Call Test Case 'Test Cases/OCS - MOBILE/CALL - AGE GATE' successfully

2019-07-02 16:51:30 - [TEST_STEP][PASSED] - delay(2): Delayed 2 second(s)

2019-07-02 16:51:32 - [MESSAGE][PASSED] - Delayed 2 second(s)

2019-07-02 16:51:32 - [TEST_STEP][PASSED] - executeJavaScript("var previewBar = document.getElementById("preview-bar-iframe"); previewBar.style.display = "none";", []): Execute JavaScript 'var previewBar = document.getElementById("preview-bar-iframe"); previewBar.style.display = "none";' successfully

2019-07-02 16:51:32 - [MESSAGE][PASSED] - Execute JavaScript 'var previewBar = document.getElementById("preview-bar-iframe"); previewBar.style.display = "none";' successfully

2019-07-02 16:51:32 - [TEST_STEP][PASSED] - setViewPortSize(1000, 800, OPTIONAL): Viewport is set to new size with width = 1000 and height = 800

2019-07-02 16:51:32 - [MESSAGE][PASSED] - Viewport is set to new size with width = 1000 and height = 800

2019-07-02 16:51:32 - [TEST_STEP][PASSED] - delay(2, OPTIONAL): Delayed 2 second(s)

2019-07-02 16:51:34 - [MESSAGE][PASSED] - Delayed 2 second(s)

2019-07-02 16:51:34 - [TEST_STEP][PASSED] - click(findTestObject("Theme_oR/Page_Ontario Cannabis Store  Ontari/button_Hide bar"), OPTIONAL): Unable to click on object (Root cause: java.lang.IllegalArgumentException: Object is null)

2019-07-02 16:51:34 - [MESSAGE][WARNING] - Test object with id 'Object Repository/Theme_oR/Page_Ontario Cannabis Store  Ontari/button_Hide bar' does not exist

2019-07-02 16:51:34 - [MESSAGE][WARNING] - Test object with id 'Object Repository/' does not exist

2019-07-02 16:51:34 - [MESSAGE][WARNING] - Unable to click on object (Root cause: java.lang.IllegalArgumentException: Object is null)
[[ATTACHMENT|/Users/sumankompelly/Relative xpath-Mobile/Reports/1.11.1/20190702_161421/1562100694548.png]]

2019-07-02 16:51:34 - [TEST_STEP][PASSED] - delay(2, OPTIONAL): Delayed 2 second(s)

2019-07-02 16:51:36 - [MESSAGE][PASSED] - Delayed 2 second(s)

2019-07-02 16:51:36 - [TEST_STEP][PASSED] - setViewPortSize(360, 800, OPTIONAL): Viewport is set to new size with width = 360 and height = 800

2019-07-02 16:51:37 - [MESSAGE][PASSED] - Viewport is set to new size with width = 360 and height = 800

2019-07-02 16:51:37 - [TEST_STEP][PASSED] - delay(1, OPTIONAL): Delayed 1 second(s)

2019-07-02 16:51:38 - [MESSAGE][PASSED] - Delayed 1 second(s)

2019-07-02 16:51:38 - [TEST_STEP][PASSED] - click(findTestObject("OCS-MOBILE /Home - page/Why trust OCS -img")): Object: 'Object Repository/OCS-MOBILE /Home - page/Why trust OCS -img' is clicked on

2019-07-02 16:51:42 - [MESSAGE][PASSED] - Object: 'Object Repository/OCS-MOBILE /Home - page/Why trust OCS -img' is clicked on]]></system-out>
         <system-err><![CDATA[]]></system-err>
      </testcase>
      <testcase name="Test Cases/OCS - MOBILE/OCS- HOME PAGE/How to choose cannabis-learn more" classname="Test Cases/OCS - MOBILE/OCS- HOME PAGE/How to choose cannabis-learn more" status="PASSED">
         <system-out><![CDATA[2019-07-02 16:51:42 - [TEST_CASE][PASSED] - Test Cases/OCS - MOBILE/OCS- HOME PAGE/How to choose cannabis-learn more: Test Cases/OCS - MOBILE/OCS- HOME PAGE/How to choose cannabis-learn more

2019-07-02 16:51:42 - [TEST_STEP][PASSED] - callTestCase(findTestCase("OCS - MOBILE/CALL - AGE GATE"), [:], STOP_ON_FAILURE): Call Test Case 'Test Cases/OCS - MOBILE/CALL - AGE GATE' successfully

2019-07-02 16:51:42 - [TEST_CASE][PASSED] - Test Cases/OCS - MOBILE/CALL - AGE GATE: Test Cases/OCS - MOBILE/CALL - AGE GATE

2019-07-02 16:51:42 - [TEST_STEP][PASSED] - openBrowser(""): Browser is opened with url: ''

2019-07-02 16:51:42 - [MESSAGE][WARNING] - A browser is already opened. Closing browser and opening a new one

2019-07-02 16:51:42 - [MESSAGE][INFO] - Starting 'Chrome' driver

2019-07-02 16:51:43 - [MESSAGE][PASSED] - Browser is opened with url: ''

2019-07-02 16:51:43 - [TEST_STEP][PASSED] - navigateToUrl("https://ocs.ca/?fts=0&preview_theme_id=74203301708"): Navigate to 'https://ocs.ca/?fts=0&preview_theme_id=74203301708' successfully

2019-07-02 16:51:49 - [MESSAGE][PASSED] - Navigate to 'https://ocs.ca/?fts=0&preview_theme_id=74203301708' successfully

2019-07-02 16:51:49 - [TEST_STEP][PASSED] - executeJavaScript("var previewBar = document.getElementById("preview-bar-iframe"); previewBar.style.display = "none";", []): Execute JavaScript 'var previewBar = document.getElementById("preview-bar-iframe"); previewBar.style.display = "none";' successfully

2019-07-02 16:51:49 - [MESSAGE][PASSED] - Execute JavaScript 'var previewBar = document.getElementById("preview-bar-iframe"); previewBar.style.display = "none";' successfully

2019-07-02 16:51:49 - [TEST_STEP][PASSED] - setViewPortSize(360, 800): Viewport is set to new size with width = 360 and height = 800

2019-07-02 16:51:49 - [MESSAGE][PASSED] - Viewport is set to new size with width = 360 and height = 800

2019-07-02 16:51:49 - [TEST_STEP][PASSED] - delay(4): Delayed 4 second(s)

2019-07-02 16:51:53 - [MESSAGE][PASSED] - Delayed 4 second(s)

2019-07-02 16:51:53 - [TEST_STEP][PASSED] - selectOptionByValue(findTestObject("OCS-MOBILE /Age gate and burger menu/Date"), "12", true): All options with value '12' are selected in object 'Object Repository/OCS-MOBILE /Age gate and burger menu/Date'  using regular expression

2019-07-02 16:51:53 - [MESSAGE][PASSED] - All options with value '12' are selected in object 'Object Repository/OCS-MOBILE /Age gate and burger menu/Date'  using regular expression

2019-07-02 16:51:53 - [TEST_STEP][PASSED] - selectOptionByValue(findTestObject("OCS-MOBILE /Age gate and burger menu/month"), "6", true): All options with value '6' are selected in object 'Object Repository/OCS-MOBILE /Age gate and burger menu/month'  using regular expression

2019-07-02 16:51:54 - [MESSAGE][PASSED] - All options with value '6' are selected in object 'Object Repository/OCS-MOBILE /Age gate and burger menu/month'  using regular expression

2019-07-02 16:51:54 - [TEST_STEP][PASSED] - delay(2): Delayed 2 second(s)

2019-07-02 16:51:56 - [MESSAGE][PASSED] - Delayed 2 second(s)

2019-07-02 16:51:56 - [TEST_STEP][PASSED] - selectOptionByValue(findTestObject("OCS-MOBILE /Age gate and burger menu/Year Dropdown"), "1990", true): All options with value '1990' are selected in object 'Object Repository/OCS-MOBILE /Age gate and burger menu/Year Dropdown'  using regular expression

2019-07-02 16:51:57 - [MESSAGE][PASSED] - All options with value '1990' are selected in object 'Object Repository/OCS-MOBILE /Age gate and burger menu/Year Dropdown'  using regular expression

2019-07-02 16:51:57 - [TEST_STEP][PASSED] - click(findTestObject("OCS-MOBILE /Age gate and Mega menu/button_Verify")): Object: 'Object Repository/OCS-MOBILE /Age gate and Mega menu/button_Verify' is clicked on

2019-07-02 16:51:57 - [MESSAGE][PASSED] - Object: 'Object Repository/OCS-MOBILE /Age gate and Mega menu/button_Verify' is clicked on

2019-07-02 16:51:57 - [TEST_STEP][PASSED] - click(findTestObject("OCS-MOBILE /Age gate and Mega menu/Checkbox_CONFIRM AND ACKNOWLEDGE")): Object: 'Object Repository/OCS-MOBILE /Age gate and Mega menu/Checkbox_CONFIRM AND ACKNOWLEDGE' is clicked on

2019-07-02 16:51:57 - [MESSAGE][PASSED] - Object: 'Object Repository/OCS-MOBILE /Age gate and Mega menu/Checkbox_CONFIRM AND ACKNOWLEDGE' is clicked on

2019-07-02 16:51:57 - [TEST_STEP][PASSED] - click(findTestObject("OCS-MOBILE /Age gate and Mega menu/button_CONFIRM")): Object: 'Object Repository/OCS-MOBILE /Age gate and Mega menu/button_CONFIRM' is clicked on

2019-07-02 16:51:57 - [MESSAGE][PASSED] - Object: 'Object Repository/OCS-MOBILE /Age gate and Mega menu/button_CONFIRM' is clicked on

2019-07-02 16:51:57 - [TEST_STEP][PASSED] - click(findTestObject("OCS-MOBILE /Age gate and Mega menu/button_Start Browsing")): Object: 'Object Repository/OCS-MOBILE /Age gate and Mega menu/button_Start Browsing' is clicked on

2019-07-02 16:51:57 - [MESSAGE][PASSED] - Object: 'Object Repository/OCS-MOBILE /Age gate and Mega menu/button_Start Browsing' is clicked on

2019-07-02 16:51:57 - [TEST_STEP][PASSED] - refresh(): Refresh successfully

2019-07-02 16:51:57 - [MESSAGE][PASSED] - Refresh successfully

2019-07-02 16:51:57 - [TEST_STEP][PASSED] - executeJavaScript("var previewBar = document.getElementById("preview-bar-iframe"); previewBar.style.display = "none";", []): Execute JavaScript 'var previewBar = document.getElementById("preview-bar-iframe"); previewBar.style.display = "none";' successfully

2019-07-02 16:52:01 - [MESSAGE][PASSED] - Execute JavaScript 'var previewBar = document.getElementById("preview-bar-iframe"); previewBar.style.display = "none";' successfully

2019-07-02 16:52:01 - [MESSAGE][PASSED] - Call Test Case 'Test Cases/OCS - MOBILE/CALL - AGE GATE' successfully

2019-07-02 16:52:01 - [TEST_STEP][PASSED] - delay(2): Delayed 2 second(s)

2019-07-02 16:52:03 - [MESSAGE][PASSED] - Delayed 2 second(s)

2019-07-02 16:52:03 - [TEST_STEP][PASSED] - delay(2): Delayed 2 second(s)

2019-07-02 16:52:05 - [MESSAGE][PASSED] - Delayed 2 second(s)

2019-07-02 16:52:05 - [TEST_STEP][PASSED] - setViewPortSize(1000, 800, OPTIONAL): Viewport is set to new size with width = 1000 and height = 800

2019-07-02 16:52:05 - [MESSAGE][PASSED] - Viewport is set to new size with width = 1000 and height = 800

2019-07-02 16:52:05 - [TEST_STEP][PASSED] - delay(2, OPTIONAL): Delayed 2 second(s)

2019-07-02 16:52:07 - [MESSAGE][PASSED] - Delayed 2 second(s)

2019-07-02 16:52:07 - [TEST_STEP][PASSED] - click(findTestObject("Theme_oR/Page_Ontario Cannabis Store  Ontari/button_Hide bar"), OPTIONAL): Unable to click on object (Root cause: java.lang.IllegalArgumentException: Object is null)

2019-07-02 16:52:07 - [MESSAGE][WARNING] - Test object with id 'Object Repository/Theme_oR/Page_Ontario Cannabis Store  Ontari/button_Hide bar' does not exist

2019-07-02 16:52:07 - [MESSAGE][WARNING] - Test object with id 'Object Repository/' does not exist

2019-07-02 16:52:08 - [MESSAGE][WARNING] - Unable to click on object (Root cause: java.lang.IllegalArgumentException: Object is null)
[[ATTACHMENT|/Users/sumankompelly/Relative xpath-Mobile/Reports/1.11.1/20190702_161421/1562100727432.png]]

2019-07-02 16:52:08 - [TEST_STEP][PASSED] - delay(2, OPTIONAL): Delayed 2 second(s)

2019-07-02 16:52:10 - [MESSAGE][PASSED] - Delayed 2 second(s)

2019-07-02 16:52:10 - [TEST_STEP][PASSED] - setViewPortSize(360, 800, OPTIONAL): Viewport is set to new size with width = 360 and height = 800

2019-07-02 16:52:10 - [MESSAGE][PASSED] - Viewport is set to new size with width = 360 and height = 800

2019-07-02 16:52:10 - [TEST_STEP][PASSED] - delay(1, OPTIONAL): Delayed 1 second(s)

2019-07-02 16:52:11 - [MESSAGE][PASSED] - Delayed 1 second(s)

2019-07-02 16:52:11 - [TEST_STEP][PASSED] - executeJavaScript("var previewBar = document.getElementById("preview-bar-iframe"); previewBar.style.display = "none";", []): Execute JavaScript 'var previewBar = document.getElementById("preview-bar-iframe"); previewBar.style.display = "none";' successfully

2019-07-02 16:52:11 - [MESSAGE][PASSED] - Execute JavaScript 'var previewBar = document.getElementById("preview-bar-iframe"); previewBar.style.display = "none";' successfully

2019-07-02 16:52:11 - [TEST_STEP][PASSED] - click(findTestObject("OCS-MOBILE /Home - page/a_Learn more- A brief history of cannabis")): Object: 'Object Repository/OCS-MOBILE /Home - page/a_Learn more- A brief history of cannabis' is clicked on

2019-07-02 16:52:14 - [MESSAGE][PASSED] - Object: 'Object Repository/OCS-MOBILE /Home - page/a_Learn more- A brief history of cannabis' is clicked on

2019-07-02 16:52:14 - [TEST_STEP][PASSED] - click(findTestObject("OCS-MOBILE /Home - page/OCS icon"), STOP_ON_FAILURE): Object: 'Object Repository/OCS-MOBILE /Home - page/OCS icon' is clicked on

2019-07-02 16:52:19 - [MESSAGE][PASSED] - Object: 'Object Repository/OCS-MOBILE /Home - page/OCS icon' is clicked on

2019-07-02 16:52:19 - [TEST_STEP][NOT_RUN] - back(): NOT_RUN: back()

2019-07-02 16:52:19 - [MESSAGE][NOT_RUN] - NOT_RUN: back()

2019-07-02 16:52:19 - [TEST_STEP][PASSED] - delay(2): Delayed 2 second(s)

2019-07-02 16:52:21 - [MESSAGE][PASSED] - Delayed 2 second(s)

2019-07-02 16:52:21 - [TEST_STEP][PASSED] - setViewPortSize(1000, 800, OPTIONAL): Viewport is set to new size with width = 1000 and height = 800

2019-07-02 16:52:21 - [MESSAGE][PASSED] - Viewport is set to new size with width = 1000 and height = 800

2019-07-02 16:52:21 - [TEST_STEP][PASSED] - delay(2, OPTIONAL): Delayed 2 second(s)

2019-07-02 16:52:23 - [MESSAGE][PASSED] - Delayed 2 second(s)

2019-07-02 16:52:23 - [TEST_STEP][PASSED] - click(findTestObject("Theme_oR/Page_Ontario Cannabis Store  Ontari/button_Hide bar"), OPTIONAL): Unable to click on object (Root cause: java.lang.IllegalArgumentException: Object is null)

2019-07-02 16:52:23 - [MESSAGE][WARNING] - Test object with id 'Object Repository/Theme_oR/Page_Ontario Cannabis Store  Ontari/button_Hide bar' does not exist

2019-07-02 16:52:23 - [MESSAGE][WARNING] - Test object with id 'Object Repository/' does not exist

2019-07-02 16:52:24 - [MESSAGE][WARNING] - Unable to click on object (Root cause: java.lang.IllegalArgumentException: Object is null)
[[ATTACHMENT|/Users/sumankompelly/Relative xpath-Mobile/Reports/1.11.1/20190702_161421/1562100743330.png]]

2019-07-02 16:52:24 - [TEST_STEP][PASSED] - delay(2, OPTIONAL): Delayed 2 second(s)

2019-07-02 16:52:26 - [MESSAGE][PASSED] - Delayed 2 second(s)

2019-07-02 16:52:26 - [TEST_STEP][PASSED] - setViewPortSize(360, 800, OPTIONAL): Viewport is set to new size with width = 360 and height = 800

2019-07-02 16:52:26 - [MESSAGE][PASSED] - Viewport is set to new size with width = 360 and height = 800

2019-07-02 16:52:26 - [TEST_STEP][PASSED] - delay(3, OPTIONAL): Delayed 3 second(s)

2019-07-02 16:52:29 - [MESSAGE][PASSED] - Delayed 3 second(s)

2019-07-02 16:52:29 - [TEST_STEP][PASSED] - executeJavaScript("var previewBar = document.getElementById("preview-bar-iframe"); previewBar.style.display = "none";", []): Execute JavaScript 'var previewBar = document.getElementById("preview-bar-iframe"); previewBar.style.display = "none";' successfully

2019-07-02 16:52:29 - [MESSAGE][PASSED] - Execute JavaScript 'var previewBar = document.getElementById("preview-bar-iframe"); previewBar.style.display = "none";' successfully

2019-07-02 16:52:29 - [TEST_STEP][PASSED] - click(findTestObject("OCS-MOBILE /Home - page/a_Learn more- Tips for responsible use")): Object: 'Object Repository/OCS-MOBILE /Home - page/a_Learn more- Tips for responsible use' is clicked on

2019-07-02 16:52:32 - [MESSAGE][PASSED] - Object: 'Object Repository/OCS-MOBILE /Home - page/a_Learn more- Tips for responsible use' is clicked on]]></system-out>
         <system-err><![CDATA[]]></system-err>
      </testcase>
      <testcase name="Test Cases/OCS - MOBILE/OCS- HOME PAGE/HP -Burger menu-FAQ" classname="Test Cases/OCS - MOBILE/OCS- HOME PAGE/HP -Burger menu-FAQ" status="PASSED">
         <system-out><![CDATA[2019-07-02 16:52:32 - [TEST_CASE][PASSED] - Test Cases/OCS - MOBILE/OCS- HOME PAGE/HP -Burger menu-FAQ: Test Cases/OCS - MOBILE/OCS- HOME PAGE/HP -Burger menu-FAQ

2019-07-02 16:52:33 - [TEST_STEP][PASSED] - callTestCase(findTestCase("OCS - MOBILE/CALL - AGE GATE"), [:], STOP_ON_FAILURE): Call Test Case 'Test Cases/OCS - MOBILE/CALL - AGE GATE' successfully

2019-07-02 16:52:33 - [TEST_CASE][PASSED] - Test Cases/OCS - MOBILE/CALL - AGE GATE: Test Cases/OCS - MOBILE/CALL - AGE GATE

2019-07-02 16:52:33 - [TEST_STEP][PASSED] - openBrowser(""): Browser is opened with url: ''

2019-07-02 16:52:33 - [MESSAGE][WARNING] - A browser is already opened. Closing browser and opening a new one

2019-07-02 16:52:33 - [MESSAGE][INFO] - Starting 'Chrome' driver

2019-07-02 16:52:34 - [MESSAGE][PASSED] - Browser is opened with url: ''

2019-07-02 16:52:34 - [TEST_STEP][PASSED] - navigateToUrl("https://ocs.ca/?fts=0&preview_theme_id=74203301708"): Navigate to 'https://ocs.ca/?fts=0&preview_theme_id=74203301708' successfully

2019-07-02 16:52:42 - [MESSAGE][PASSED] - Navigate to 'https://ocs.ca/?fts=0&preview_theme_id=74203301708' successfully

2019-07-02 16:52:42 - [TEST_STEP][PASSED] - executeJavaScript("var previewBar = document.getElementById("preview-bar-iframe"); previewBar.style.display = "none";", []): Execute JavaScript 'var previewBar = document.getElementById("preview-bar-iframe"); previewBar.style.display = "none";' successfully

2019-07-02 16:52:42 - [MESSAGE][PASSED] - Execute JavaScript 'var previewBar = document.getElementById("preview-bar-iframe"); previewBar.style.display = "none";' successfully

2019-07-02 16:52:42 - [TEST_STEP][PASSED] - setViewPortSize(360, 800): Viewport is set to new size with width = 360 and height = 800

2019-07-02 16:52:42 - [MESSAGE][PASSED] - Viewport is set to new size with width = 360 and height = 800

2019-07-02 16:52:42 - [TEST_STEP][PASSED] - delay(4): Delayed 4 second(s)

2019-07-02 16:52:46 - [MESSAGE][PASSED] - Delayed 4 second(s)

2019-07-02 16:52:46 - [TEST_STEP][PASSED] - selectOptionByValue(findTestObject("OCS-MOBILE /Age gate and burger menu/Date"), "12", true): All options with value '12' are selected in object 'Object Repository/OCS-MOBILE /Age gate and burger menu/Date'  using regular expression

2019-07-02 16:52:47 - [MESSAGE][PASSED] - All options with value '12' are selected in object 'Object Repository/OCS-MOBILE /Age gate and burger menu/Date'  using regular expression

2019-07-02 16:52:47 - [TEST_STEP][PASSED] - selectOptionByValue(findTestObject("OCS-MOBILE /Age gate and burger menu/month"), "6", true): All options with value '6' are selected in object 'Object Repository/OCS-MOBILE /Age gate and burger menu/month'  using regular expression

2019-07-02 16:52:47 - [MESSAGE][PASSED] - All options with value '6' are selected in object 'Object Repository/OCS-MOBILE /Age gate and burger menu/month'  using regular expression

2019-07-02 16:52:47 - [TEST_STEP][PASSED] - delay(2): Delayed 2 second(s)

2019-07-02 16:52:49 - [MESSAGE][PASSED] - Delayed 2 second(s)

2019-07-02 16:52:49 - [TEST_STEP][PASSED] - selectOptionByValue(findTestObject("OCS-MOBILE /Age gate and burger menu/Year Dropdown"), "1990", true): All options with value '1990' are selected in object 'Object Repository/OCS-MOBILE /Age gate and burger menu/Year Dropdown'  using regular expression

2019-07-02 16:52:50 - [MESSAGE][PASSED] - All options with value '1990' are selected in object 'Object Repository/OCS-MOBILE /Age gate and burger menu/Year Dropdown'  using regular expression

2019-07-02 16:52:50 - [TEST_STEP][PASSED] - click(findTestObject("OCS-MOBILE /Age gate and Mega menu/button_Verify")): Object: 'Object Repository/OCS-MOBILE /Age gate and Mega menu/button_Verify' is clicked on

2019-07-02 16:52:50 - [MESSAGE][PASSED] - Object: 'Object Repository/OCS-MOBILE /Age gate and Mega menu/button_Verify' is clicked on

2019-07-02 16:52:50 - [TEST_STEP][PASSED] - click(findTestObject("OCS-MOBILE /Age gate and Mega menu/Checkbox_CONFIRM AND ACKNOWLEDGE")): Object: 'Object Repository/OCS-MOBILE /Age gate and Mega menu/Checkbox_CONFIRM AND ACKNOWLEDGE' is clicked on

2019-07-02 16:52:50 - [MESSAGE][PASSED] - Object: 'Object Repository/OCS-MOBILE /Age gate and Mega menu/Checkbox_CONFIRM AND ACKNOWLEDGE' is clicked on

2019-07-02 16:52:50 - [TEST_STEP][PASSED] - click(findTestObject("OCS-MOBILE /Age gate and Mega menu/button_CONFIRM")): Object: 'Object Repository/OCS-MOBILE /Age gate and Mega menu/button_CONFIRM' is clicked on

2019-07-02 16:52:50 - [MESSAGE][PASSED] - Object: 'Object Repository/OCS-MOBILE /Age gate and Mega menu/button_CONFIRM' is clicked on

2019-07-02 16:52:50 - [TEST_STEP][PASSED] - click(findTestObject("OCS-MOBILE /Age gate and Mega menu/button_Start Browsing")): Object: 'Object Repository/OCS-MOBILE /Age gate and Mega menu/button_Start Browsing' is clicked on

2019-07-02 16:52:50 - [MESSAGE][PASSED] - Object: 'Object Repository/OCS-MOBILE /Age gate and Mega menu/button_Start Browsing' is clicked on

2019-07-02 16:52:50 - [TEST_STEP][PASSED] - refresh(): Refresh successfully

2019-07-02 16:52:50 - [MESSAGE][PASSED] - Refresh successfully

2019-07-02 16:52:50 - [TEST_STEP][PASSED] - executeJavaScript("var previewBar = document.getElementById("preview-bar-iframe"); previewBar.style.display = "none";", []): Execute JavaScript 'var previewBar = document.getElementById("preview-bar-iframe"); previewBar.style.display = "none";' successfully

2019-07-02 16:52:54 - [MESSAGE][PASSED] - Execute JavaScript 'var previewBar = document.getElementById("preview-bar-iframe"); previewBar.style.display = "none";' successfully

2019-07-02 16:52:54 - [MESSAGE][PASSED] - Call Test Case 'Test Cases/OCS - MOBILE/CALL - AGE GATE' successfully

2019-07-02 16:52:54 - [TEST_STEP][PASSED] - delay(2): Delayed 2 second(s)

2019-07-02 16:52:56 - [MESSAGE][PASSED] - Delayed 2 second(s)

2019-07-02 16:52:56 - [TEST_STEP][PASSED] - executeJavaScript("var previewBar = document.getElementById("preview-bar-iframe"); previewBar.style.display = "none";", []): Execute JavaScript 'var previewBar = document.getElementById("preview-bar-iframe"); previewBar.style.display = "none";' successfully

2019-07-02 16:52:56 - [MESSAGE][PASSED] - Execute JavaScript 'var previewBar = document.getElementById("preview-bar-iframe"); previewBar.style.display = "none";' successfully

2019-07-02 16:52:56 - [TEST_STEP][PASSED] - delay(2): Delayed 2 second(s)

2019-07-02 16:52:58 - [MESSAGE][PASSED] - Delayed 2 second(s)

2019-07-02 16:52:58 - [TEST_STEP][PASSED] - click(findTestObject("OCS-MOBILE /Age gate and burger menu/Burger menu - English")): Object: 'Object Repository/OCS-MOBILE /Age gate and burger menu/Burger menu - English' is clicked on

2019-07-02 16:52:58 - [MESSAGE][PASSED] - Object: 'Object Repository/OCS-MOBILE /Age gate and burger menu/Burger menu - English' is clicked on

2019-07-02 16:52:58 - [TEST_STEP][PASSED] - delay(2): Delayed 2 second(s)

2019-07-02 16:53:00 - [MESSAGE][PASSED] - Delayed 2 second(s)

2019-07-02 16:53:00 - [TEST_STEP][PASSED] - click(findTestObject("OCS-MOBILE /FAQ page/FAQ")): Object: 'Object Repository/OCS-MOBILE /FAQ page/FAQ' is clicked on

2019-07-02 16:53:00 - [MESSAGE][PASSED] - Object: 'Object Repository/OCS-MOBILE /FAQ page/FAQ' is clicked on

2019-07-02 16:53:00 - [TEST_STEP][PASSED] - delay(1): Delayed 1 second(s)

2019-07-02 16:53:01 - [MESSAGE][PASSED] - Delayed 1 second(s)

2019-07-02 16:53:01 - [TEST_STEP][PASSED] - click(findTestObject("OCS-MOBILE /FAQ page/First chevron link")): Object: 'Object Repository/OCS-MOBILE /FAQ page/First chevron link' is clicked on

2019-07-02 16:53:04 - [MESSAGE][PASSED] - Object: 'Object Repository/OCS-MOBILE /FAQ page/First chevron link' is clicked on

2019-07-02 16:53:04 - [TEST_STEP][PASSED] - delay(1): Delayed 1 second(s)

2019-07-02 16:53:05 - [MESSAGE][PASSED] - Delayed 1 second(s)

2019-07-02 16:53:05 - [TEST_STEP][PASSED] - executeJavaScript("var previewBar = document.getElementById("preview-bar-iframe"); previewBar.style.display = "none";", []): Execute JavaScript 'var previewBar = document.getElementById("preview-bar-iframe"); previewBar.style.display = "none";' successfully

2019-07-02 16:53:06 - [MESSAGE][PASSED] - Execute JavaScript 'var previewBar = document.getElementById("preview-bar-iframe"); previewBar.style.display = "none";' successfully

2019-07-02 16:53:06 - [TEST_STEP][PASSED] - scrollToElement(findTestObject("OCS-MOBILE /FAQ page/scroll view element"), 0): Scroll to object 'Object Repository/OCS-MOBILE /FAQ page/scroll view element' successfully

2019-07-02 16:53:06 - [MESSAGE][WARNING] - Timeout '0' is invalid. Using default page load timeout: '30'

2019-07-02 16:53:06 - [MESSAGE][PASSED] - Scroll to object 'Object Repository/OCS-MOBILE /FAQ page/scroll view element' successfully

2019-07-02 16:53:06 - [TEST_STEP][PASSED] - delay(1): Delayed 1 second(s)

2019-07-02 16:53:07 - [MESSAGE][PASSED] - Delayed 1 second(s)

2019-07-02 16:53:07 - [TEST_STEP][PASSED] - click(findTestObject("OCS-MOBILE /FAQ page/Dropdown button -First chevron -open- FAQ")): Object: 'Object Repository/OCS-MOBILE /FAQ page/Dropdown button -First chevron -open- FAQ' is clicked on

2019-07-02 16:53:07 - [MESSAGE][PASSED] - Object: 'Object Repository/OCS-MOBILE /FAQ page/Dropdown button -First chevron -open- FAQ' is clicked on

2019-07-02 16:53:07 - [TEST_STEP][PASSED] - delay(1): Delayed 1 second(s)

2019-07-02 16:53:08 - [MESSAGE][PASSED] - Delayed 1 second(s)

2019-07-02 16:53:08 - [TEST_STEP][PASSED] - click(findTestObject("OCS-MOBILE /FAQ page/Dropdown button -First chevron - close -FAQ")): Object: 'Object Repository/OCS-MOBILE /FAQ page/Dropdown button -First chevron - close -FAQ' is clicked on

2019-07-02 16:53:08 - [MESSAGE][PASSED] - Object: 'Object Repository/OCS-MOBILE /FAQ page/Dropdown button -First chevron - close -FAQ' is clicked on

2019-07-02 16:53:08 - [TEST_STEP][PASSED] - delay(1, OPTIONAL): Delayed 1 second(s)

2019-07-02 16:53:09 - [MESSAGE][PASSED] - Delayed 1 second(s)

2019-07-02 16:53:09 - [TEST_STEP][PASSED] - setViewPortSize(1000, 800, OPTIONAL): Viewport is set to new size with width = 1000 and height = 800

2019-07-02 16:53:09 - [MESSAGE][PASSED] - Viewport is set to new size with width = 1000 and height = 800

2019-07-02 16:53:09 - [TEST_STEP][PASSED] - delay(2, OPTIONAL): Delayed 2 second(s)

2019-07-02 16:53:11 - [MESSAGE][PASSED] - Delayed 2 second(s)

2019-07-02 16:53:11 - [TEST_STEP][PASSED] - click(findTestObject("Theme_oR/Page_Ontario Cannabis Store  Ontari/button_Hide bar"), OPTIONAL): Unable to click on object (Root cause: java.lang.IllegalArgumentException: Object is null)

2019-07-02 16:53:11 - [MESSAGE][WARNING] - Test object with id 'Object Repository/Theme_oR/Page_Ontario Cannabis Store  Ontari/button_Hide bar' does not exist

2019-07-02 16:53:11 - [MESSAGE][WARNING] - Test object with id 'Object Repository/' does not exist

2019-07-02 16:53:11 - [MESSAGE][WARNING] - Unable to click on object (Root cause: java.lang.IllegalArgumentException: Object is null)
[[ATTACHMENT|/Users/sumankompelly/Relative xpath-Mobile/Reports/1.11.1/20190702_161421/1562100791248.png]]

2019-07-02 16:53:11 - [TEST_STEP][PASSED] - delay(2, OPTIONAL): Delayed 2 second(s)

2019-07-02 16:53:13 - [MESSAGE][PASSED] - Delayed 2 second(s)

2019-07-02 16:53:13 - [TEST_STEP][PASSED] - setViewPortSize(360, 800, OPTIONAL): Viewport is set to new size with width = 360 and height = 800

2019-07-02 16:53:13 - [MESSAGE][PASSED] - Viewport is set to new size with width = 360 and height = 800

2019-07-02 16:53:13 - [TEST_STEP][PASSED] - delay(1, OPTIONAL): Delayed 1 second(s)

2019-07-02 16:53:14 - [MESSAGE][PASSED] - Delayed 1 second(s)

2019-07-02 16:53:14 - [TEST_STEP][PASSED] - click(findTestObject("OCS-MOBILE /FAQ page/First accordian - add")): Object: 'Object Repository/OCS-MOBILE /FAQ page/First accordian - add' is clicked on

2019-07-02 16:53:14 - [MESSAGE][PASSED] - Object: 'Object Repository/OCS-MOBILE /FAQ page/First accordian - add' is clicked on

2019-07-02 16:53:14 - [TEST_STEP][PASSED] - delay(1): Delayed 1 second(s)

2019-07-02 16:53:15 - [MESSAGE][PASSED] - Delayed 1 second(s)

2019-07-02 16:53:15 - [TEST_STEP][PASSED] - click(findTestObject("OCS-MOBILE /FAQ page/First accordian - Subtract")): Object: 'Object Repository/OCS-MOBILE /FAQ page/First accordian - Subtract' is clicked on

2019-07-02 16:53:15 - [MESSAGE][PASSED] - Object: 'Object Repository/OCS-MOBILE /FAQ page/First accordian - Subtract' is clicked on

2019-07-02 16:53:15 - [TEST_STEP][PASSED] - delay(1): Delayed 1 second(s)

2019-07-02 16:53:16 - [MESSAGE][PASSED] - Delayed 1 second(s)

2019-07-02 16:53:16 - [TEST_STEP][PASSED] - click(findTestObject("OCS-MOBILE /FAQ page/Second accordian- add")): Object: 'Object Repository/OCS-MOBILE /FAQ page/Second accordian- add' is clicked on

2019-07-02 16:53:17 - [MESSAGE][PASSED] - Object: 'Object Repository/OCS-MOBILE /FAQ page/Second accordian- add' is clicked on

2019-07-02 16:53:17 - [TEST_STEP][PASSED] - delay(1): Delayed 1 second(s)

2019-07-02 16:53:18 - [MESSAGE][PASSED] - Delayed 1 second(s)

2019-07-02 16:53:18 - [TEST_STEP][PASSED] - click(findTestObject("OCS-MOBILE /FAQ page/Second accordian - subtract")): Object: 'Object Repository/OCS-MOBILE /FAQ page/Second accordian - subtract' is clicked on

2019-07-02 16:53:18 - [MESSAGE][PASSED] - Object: 'Object Repository/OCS-MOBILE /FAQ page/Second accordian - subtract' is clicked on

2019-07-02 16:53:18 - [TEST_STEP][PASSED] - delay(1): Delayed 1 second(s)

2019-07-02 16:53:19 - [MESSAGE][PASSED] - Delayed 1 second(s)

2019-07-02 16:53:19 - [TEST_STEP][PASSED] - click(findTestObject("OCS-MOBILE /FAQ page/Load more1")): Object: 'Object Repository/OCS-MOBILE /FAQ page/Load more1' is clicked on

2019-07-02 16:53:19 - [MESSAGE][PASSED] - Object: 'Object Repository/OCS-MOBILE /FAQ page/Load more1' is clicked on

2019-07-02 16:53:19 - [TEST_STEP][PASSED] - delay(1): Delayed 1 second(s)

2019-07-02 16:53:20 - [MESSAGE][PASSED] - Delayed 1 second(s)

2019-07-02 16:53:20 - [TEST_STEP][PASSED] - click(findTestObject("OCS-MOBILE /FAQ page/Loadmore2")): Object: 'Object Repository/OCS-MOBILE /FAQ page/Loadmore2' is clicked on

2019-07-02 16:53:20 - [MESSAGE][PASSED] - Object: 'Object Repository/OCS-MOBILE /FAQ page/Loadmore2' is clicked on

2019-07-02 16:53:20 - [TEST_STEP][PASSED] - delay(1): Delayed 1 second(s)

2019-07-02 16:53:21 - [MESSAGE][PASSED] - Delayed 1 second(s)

2019-07-02 16:53:21 - [TEST_STEP][PASSED] - click(findTestObject("OCS-MOBILE /FAQ page/Loadmore3")): Object: 'Object Repository/OCS-MOBILE /FAQ page/Loadmore3' is clicked on

2019-07-02 16:53:21 - [MESSAGE][PASSED] - Object: 'Object Repository/OCS-MOBILE /FAQ page/Loadmore3' is clicked on

2019-07-02 16:53:21 - [TEST_STEP][PASSED] - delay(1): Delayed 1 second(s)

2019-07-02 16:53:22 - [MESSAGE][PASSED] - Delayed 1 second(s)

2019-07-02 16:53:22 - [TEST_STEP][PASSED] - click(findTestObject("OCS-MOBILE /FAQ page/Learn about cannabis")): Object: 'Object Repository/OCS-MOBILE /FAQ page/Learn about cannabis' is clicked on

2019-07-02 16:53:24 - [MESSAGE][PASSED] - Object: 'Object Repository/OCS-MOBILE /FAQ page/Learn about cannabis' is clicked on

2019-07-02 16:53:24 - [TEST_STEP][PASSED] - delay(1): Delayed 1 second(s)

2019-07-02 16:53:25 - [MESSAGE][PASSED] - Delayed 1 second(s)

2019-07-02 16:53:25 - [TEST_STEP][PASSED] - back(): Navigate back successfully

2019-07-02 16:53:27 - [MESSAGE][PASSED] - Navigate back successfully

2019-07-02 16:53:27 - [TEST_STEP][PASSED] - delay(1): Delayed 1 second(s)

2019-07-02 16:53:28 - [MESSAGE][PASSED] - Delayed 1 second(s)

2019-07-02 16:53:28 - [TEST_STEP][PASSED] - setViewPortSize(1000, 800, OPTIONAL): Viewport is set to new size with width = 1000 and height = 800

2019-07-02 16:53:29 - [MESSAGE][PASSED] - Viewport is set to new size with width = 1000 and height = 800

2019-07-02 16:53:29 - [TEST_STEP][PASSED] - delay(2, OPTIONAL): Delayed 2 second(s)

2019-07-02 16:53:31 - [MESSAGE][PASSED] - Delayed 2 second(s)

2019-07-02 16:53:31 - [TEST_STEP][PASSED] - click(findTestObject("Theme_oR/Page_Ontario Cannabis Store  Ontari/button_Hide bar"), OPTIONAL): Unable to click on object (Root cause: java.lang.IllegalArgumentException: Object is null)

2019-07-02 16:53:31 - [MESSAGE][WARNING] - Test object with id 'Object Repository/Theme_oR/Page_Ontario Cannabis Store  Ontari/button_Hide bar' does not exist

2019-07-02 16:53:31 - [MESSAGE][WARNING] - Test object with id 'Object Repository/' does not exist

2019-07-02 16:53:31 - [MESSAGE][WARNING] - Unable to click on object (Root cause: java.lang.IllegalArgumentException: Object is null)
[[ATTACHMENT|/Users/sumankompelly/Relative xpath-Mobile/Reports/1.11.1/20190702_161421/1562100811069.png]]

2019-07-02 16:53:31 - [TEST_STEP][PASSED] - delay(2, OPTIONAL): Delayed 2 second(s)

2019-07-02 16:53:33 - [MESSAGE][PASSED] - Delayed 2 second(s)

2019-07-02 16:53:33 - [TEST_STEP][PASSED] - setViewPortSize(360, 800, OPTIONAL): Viewport is set to new size with width = 360 and height = 800

2019-07-02 16:53:33 - [MESSAGE][PASSED] - Viewport is set to new size with width = 360 and height = 800

2019-07-02 16:53:33 - [TEST_STEP][PASSED] - delay(1, OPTIONAL): Delayed 1 second(s)

2019-07-02 16:53:34 - [MESSAGE][PASSED] - Delayed 1 second(s)

2019-07-02 16:53:34 - [TEST_STEP][PASSED] - executeJavaScript("var previewBar = document.getElementById("preview-bar-iframe"); previewBar.style.display = "none";", []): Execute JavaScript 'var previewBar = document.getElementById("preview-bar-iframe"); previewBar.style.display = "none";' successfully

2019-07-02 16:53:34 - [MESSAGE][PASSED] - Execute JavaScript 'var previewBar = document.getElementById("preview-bar-iframe"); previewBar.style.display = "none";' successfully

2019-07-02 16:53:34 - [TEST_STEP][PASSED] - click(findTestObject("OCS-MOBILE /FAQ page/Loadmore4")): Object: 'Object Repository/OCS-MOBILE /FAQ page/Loadmore4' is clicked on

2019-07-02 16:53:34 - [MESSAGE][PASSED] - Object: 'Object Repository/OCS-MOBILE /FAQ page/Loadmore4' is clicked on

2019-07-02 16:53:34 - [TEST_STEP][PASSED] - delay(2, OPTIONAL): Delayed 2 second(s)

2019-07-02 16:53:36 - [MESSAGE][PASSED] - Delayed 2 second(s)

2019-07-02 16:53:36 - [TEST_STEP][PASSED] - setViewPortSize(1000, 800, OPTIONAL): Viewport is set to new size with width = 1000 and height = 800

2019-07-02 16:53:36 - [MESSAGE][PASSED] - Viewport is set to new size with width = 1000 and height = 800

2019-07-02 16:53:36 - [TEST_STEP][PASSED] - delay(2, OPTIONAL): Delayed 2 second(s)

2019-07-02 16:53:38 - [MESSAGE][PASSED] - Delayed 2 second(s)

2019-07-02 16:53:38 - [TEST_STEP][PASSED] - click(findTestObject("Theme_oR/Page_Ontario Cannabis Store  Ontari/button_Hide bar"), OPTIONAL): Unable to click on object (Root cause: java.lang.IllegalArgumentException: Object is null)

2019-07-02 16:53:38 - [MESSAGE][WARNING] - Test object with id 'Object Repository/Theme_oR/Page_Ontario Cannabis Store  Ontari/button_Hide bar' does not exist

2019-07-02 16:53:38 - [MESSAGE][WARNING] - Test object with id 'Object Repository/' does not exist

2019-07-02 16:53:39 - [MESSAGE][WARNING] - Unable to click on object (Root cause: java.lang.IllegalArgumentException: Object is null)
[[ATTACHMENT|/Users/sumankompelly/Relative xpath-Mobile/Reports/1.11.1/20190702_161421/1562100818803.png]]

2019-07-02 16:53:39 - [TEST_STEP][PASSED] - delay(2, OPTIONAL): Delayed 2 second(s)

2019-07-02 16:53:41 - [MESSAGE][PASSED] - Delayed 2 second(s)

2019-07-02 16:53:41 - [TEST_STEP][PASSED] - setViewPortSize(360, 800, OPTIONAL): Viewport is set to new size with width = 360 and height = 800

2019-07-02 16:53:41 - [MESSAGE][PASSED] - Viewport is set to new size with width = 360 and height = 800

2019-07-02 16:53:41 - [TEST_STEP][PASSED] - delay(1, OPTIONAL): Delayed 1 second(s)

2019-07-02 16:53:42 - [MESSAGE][PASSED] - Delayed 1 second(s)

2019-07-02 16:53:42 - [TEST_STEP][PASSED] - click(findTestObject("OCS-MOBILE /FAQ page/Learn about OCS")): Object: 'Object Repository/OCS-MOBILE /FAQ page/Learn about OCS' is clicked on

2019-07-02 16:53:45 - [MESSAGE][PASSED] - Object: 'Object Repository/OCS-MOBILE /FAQ page/Learn about OCS' is clicked on

2019-07-02 16:53:45 - [TEST_STEP][PASSED] - back(): Navigate back successfully

2019-07-02 16:53:46 - [MESSAGE][PASSED] - Navigate back successfully

2019-07-02 16:53:46 - [TEST_STEP][PASSED] - delay(2, OPTIONAL): Delayed 2 second(s)

2019-07-02 16:53:48 - [MESSAGE][PASSED] - Delayed 2 second(s)

2019-07-02 16:53:48 - [TEST_STEP][PASSED] - setViewPortSize(1000, 800, OPTIONAL): Viewport is set to new size with width = 1000 and height = 800

2019-07-02 16:53:48 - [MESSAGE][PASSED] - Viewport is set to new size with width = 1000 and height = 800

2019-07-02 16:53:48 - [TEST_STEP][PASSED] - delay(2, OPTIONAL): Delayed 2 second(s)

2019-07-02 16:53:50 - [MESSAGE][PASSED] - Delayed 2 second(s)

2019-07-02 16:53:50 - [TEST_STEP][PASSED] - click(findTestObject("Theme_oR/Page_Ontario Cannabis Store  Ontari/button_Hide bar"), OPTIONAL): Unable to click on object (Root cause: java.lang.IllegalArgumentException: Object is null)

2019-07-02 16:53:50 - [MESSAGE][WARNING] - Test object with id 'Object Repository/Theme_oR/Page_Ontario Cannabis Store  Ontari/button_Hide bar' does not exist

2019-07-02 16:53:50 - [MESSAGE][WARNING] - Test object with id 'Object Repository/' does not exist

2019-07-02 16:53:51 - [MESSAGE][WARNING] - Unable to click on object (Root cause: java.lang.IllegalArgumentException: Object is null)
[[ATTACHMENT|/Users/sumankompelly/Relative xpath-Mobile/Reports/1.11.1/20190702_161421/1562100830822.png]]

2019-07-02 16:53:51 - [TEST_STEP][PASSED] - delay(2, OPTIONAL): Delayed 2 second(s)

2019-07-02 16:53:53 - [MESSAGE][PASSED] - Delayed 2 second(s)

2019-07-02 16:53:53 - [TEST_STEP][PASSED] - setViewPortSize(360, 800, OPTIONAL): Viewport is set to new size with width = 360 and height = 800

2019-07-02 16:53:53 - [MESSAGE][PASSED] - Viewport is set to new size with width = 360 and height = 800

2019-07-02 16:53:53 - [TEST_STEP][PASSED] - delay(1, OPTIONAL): Delayed 1 second(s)

2019-07-02 16:53:54 - [MESSAGE][PASSED] - Delayed 1 second(s)

2019-07-02 16:53:54 - [TEST_STEP][PASSED] - executeJavaScript("var previewBar = document.getElementById("preview-bar-iframe"); previewBar.style.display = "none";", []): Execute JavaScript 'var previewBar = document.getElementById("preview-bar-iframe"); previewBar.style.display = "none";' successfully

2019-07-02 16:53:54 - [MESSAGE][PASSED] - Execute JavaScript 'var previewBar = document.getElementById("preview-bar-iframe"); previewBar.style.display = "none";' successfully

2019-07-02 16:53:54 - [TEST_STEP][PASSED] - click(findTestObject("OCS-MOBILE /FAQ page/Choose cannabis products")): Object: 'Object Repository/OCS-MOBILE /FAQ page/Choose cannabis products' is clicked on

2019-07-02 16:53:58 - [MESSAGE][PASSED] - Object: 'Object Repository/OCS-MOBILE /FAQ page/Choose cannabis products' is clicked on

2019-07-02 16:53:58 - [TEST_STEP][PASSED] - back(): Navigate back successfully

2019-07-02 16:54:00 - [MESSAGE][PASSED] - Navigate back successfully

2019-07-02 16:54:00 - [TEST_STEP][PASSED] - executeJavaScript("var previewBar = document.getElementById("preview-bar-iframe"); previewBar.style.display = "none";", []): Execute JavaScript 'var previewBar = document.getElementById("preview-bar-iframe"); previewBar.style.display = "none";' successfully

2019-07-02 16:54:00 - [MESSAGE][PASSED] - Execute JavaScript 'var previewBar = document.getElementById("preview-bar-iframe"); previewBar.style.display = "none";' successfully

2019-07-02 16:54:00 - [TEST_STEP][PASSED] - delay(2, OPTIONAL): Delayed 2 second(s)

2019-07-02 16:54:02 - [MESSAGE][PASSED] - Delayed 2 second(s)

2019-07-02 16:54:02 - [TEST_STEP][PASSED] - click(findTestObject("OCS-MOBILE /Age gate and burger menu/Burger menu - English")): Object: 'Object Repository/OCS-MOBILE /Age gate and burger menu/Burger menu - English' is clicked on

2019-07-02 16:54:02 - [MESSAGE][PASSED] - Object: 'Object Repository/OCS-MOBILE /Age gate and burger menu/Burger menu - English' is clicked on

2019-07-02 16:54:02 - [TEST_STEP][PASSED] - delay(1, OPTIONAL): Delayed 1 second(s)

2019-07-02 16:54:03 - [MESSAGE][PASSED] - Delayed 1 second(s)

2019-07-02 16:54:03 - [TEST_STEP][PASSED] - click(findTestObject("OCS-MOBILE /FAQ page/FAQ")): Object: 'Object Repository/OCS-MOBILE /FAQ page/FAQ' is clicked on

2019-07-02 16:54:03 - [MESSAGE][PASSED] - Object: 'Object Repository/OCS-MOBILE /FAQ page/FAQ' is clicked on

2019-07-02 16:54:03 - [TEST_STEP][PASSED] - delay(1, OPTIONAL): Delayed 1 second(s)

2019-07-02 16:54:04 - [MESSAGE][PASSED] - Delayed 1 second(s)

2019-07-02 16:54:04 - [TEST_STEP][PASSED] - click(findTestObject("OCS-MOBILE /FAQ page/Second chveron link")): Object: 'Object Repository/OCS-MOBILE /FAQ page/Second chveron link' is clicked on

2019-07-02 16:54:08 - [MESSAGE][PASSED] - Object: 'Object Repository/OCS-MOBILE /FAQ page/Second chveron link' is clicked on

2019-07-02 16:54:08 - [TEST_STEP][PASSED] - executeJavaScript("var previewBar = document.getElementById("preview-bar-iframe"); previewBar.style.display = "none";", []): Execute JavaScript 'var previewBar = document.getElementById("preview-bar-iframe"); previewBar.style.display = "none";' successfully

2019-07-02 16:54:08 - [MESSAGE][PASSED] - Execute JavaScript 'var previewBar = document.getElementById("preview-bar-iframe"); previewBar.style.display = "none";' successfully

2019-07-02 16:54:08 - [TEST_STEP][PASSED] - delay(1, OPTIONAL): Delayed 1 second(s)

2019-07-02 16:54:09 - [MESSAGE][PASSED] - Delayed 1 second(s)

2019-07-02 16:54:09 - [TEST_STEP][PASSED] - scrollToElement(findTestObject("OCS-MOBILE /FAQ page/scroll view element"), 0): Scroll to object 'Object Repository/OCS-MOBILE /FAQ page/scroll view element' successfully

2019-07-02 16:54:09 - [MESSAGE][WARNING] - Timeout '0' is invalid. Using default page load timeout: '30'

2019-07-02 16:54:09 - [MESSAGE][PASSED] - Scroll to object 'Object Repository/OCS-MOBILE /FAQ page/scroll view element' successfully

2019-07-02 16:54:09 - [TEST_STEP][PASSED] - delay(1, OPTIONAL): Delayed 1 second(s)

2019-07-02 16:54:10 - [MESSAGE][PASSED] - Delayed 1 second(s)

2019-07-02 16:54:10 - [TEST_STEP][PASSED] - click(findTestObject("OCS-MOBILE /FAQ page/Dropdown button -second chevron -open- FAQ")): Object: 'Object Repository/OCS-MOBILE /FAQ page/Dropdown button -second chevron -open- FAQ' is clicked on

2019-07-02 16:54:10 - [MESSAGE][PASSED] - Object: 'Object Repository/OCS-MOBILE /FAQ page/Dropdown button -second chevron -open- FAQ' is clicked on

2019-07-02 16:54:10 - [TEST_STEP][PASSED] - delay(1, OPTIONAL): Delayed 1 second(s)

2019-07-02 16:54:11 - [MESSAGE][PASSED] - Delayed 1 second(s)

2019-07-02 16:54:11 - [TEST_STEP][PASSED] - click(findTestObject("OCS-MOBILE /FAQ page/Dropdown button -second chevron -close - FAQ")): Object: 'Object Repository/OCS-MOBILE /FAQ page/Dropdown button -second chevron -close - FAQ' is clicked on

2019-07-02 16:54:11 - [MESSAGE][PASSED] - Object: 'Object Repository/OCS-MOBILE /FAQ page/Dropdown button -second chevron -close - FAQ' is clicked on

2019-07-02 16:54:11 - [TEST_STEP][PASSED] - delay(2, OPTIONAL): Delayed 2 second(s)

2019-07-02 16:54:13 - [MESSAGE][PASSED] - Delayed 2 second(s)

2019-07-02 16:54:13 - [TEST_STEP][PASSED] - setViewPortSize(1000, 800, OPTIONAL): Viewport is set to new size with width = 1000 and height = 800

2019-07-02 16:54:13 - [MESSAGE][PASSED] - Viewport is set to new size with width = 1000 and height = 800

2019-07-02 16:54:13 - [TEST_STEP][PASSED] - delay(2, OPTIONAL): Delayed 2 second(s)

2019-07-02 16:54:15 - [MESSAGE][PASSED] - Delayed 2 second(s)

2019-07-02 16:54:15 - [TEST_STEP][PASSED] - click(findTestObject("Theme_oR/Page_Ontario Cannabis Store  Ontari/button_Hide bar"), OPTIONAL): Unable to click on object (Root cause: java.lang.IllegalArgumentException: Object is null)

2019-07-02 16:54:15 - [MESSAGE][WARNING] - Test object with id 'Object Repository/Theme_oR/Page_Ontario Cannabis Store  Ontari/button_Hide bar' does not exist

2019-07-02 16:54:15 - [MESSAGE][WARNING] - Test object with id 'Object Repository/' does not exist

2019-07-02 16:54:15 - [MESSAGE][WARNING] - Unable to click on object (Root cause: java.lang.IllegalArgumentException: Object is null)
[[ATTACHMENT|/Users/sumankompelly/Relative xpath-Mobile/Reports/1.11.1/20190702_161421/1562100855613.png]]

2019-07-02 16:54:15 - [TEST_STEP][PASSED] - delay(2, OPTIONAL): Delayed 2 second(s)

2019-07-02 16:54:17 - [MESSAGE][PASSED] - Delayed 2 second(s)

2019-07-02 16:54:17 - [TEST_STEP][PASSED] - setViewPortSize(360, 800, OPTIONAL): Viewport is set to new size with width = 360 and height = 800

2019-07-02 16:54:18 - [MESSAGE][PASSED] - Viewport is set to new size with width = 360 and height = 800

2019-07-02 16:54:18 - [TEST_STEP][PASSED] - delay(1, OPTIONAL): Delayed 1 second(s)

2019-07-02 16:54:19 - [MESSAGE][PASSED] - Delayed 1 second(s)

2019-07-02 16:54:19 - [TEST_STEP][PASSED] - click(findTestObject("OCS-MOBILE /FAQ page/First accordian - add")): Object: 'Object Repository/OCS-MOBILE /FAQ page/First accordian - add' is clicked on

2019-07-02 16:54:19 - [MESSAGE][PASSED] - Object: 'Object Repository/OCS-MOBILE /FAQ page/First accordian - add' is clicked on

2019-07-02 16:54:19 - [TEST_STEP][PASSED] - delay(1): Delayed 1 second(s)

2019-07-02 16:54:20 - [MESSAGE][PASSED] - Delayed 1 second(s)

2019-07-02 16:54:20 - [TEST_STEP][PASSED] - click(findTestObject("OCS-MOBILE /FAQ page/First accordian - Subtract")): Object: 'Object Repository/OCS-MOBILE /FAQ page/First accordian - Subtract' is clicked on

2019-07-02 16:54:20 - [MESSAGE][PASSED] - Object: 'Object Repository/OCS-MOBILE /FAQ page/First accordian - Subtract' is clicked on

2019-07-02 16:54:20 - [TEST_STEP][PASSED] - delay(1): Delayed 1 second(s)

2019-07-02 16:54:21 - [MESSAGE][PASSED] - Delayed 1 second(s)

2019-07-02 16:54:21 - [TEST_STEP][PASSED] - click(findTestObject("OCS-MOBILE /FAQ page/Second accordian- add")): Object: 'Object Repository/OCS-MOBILE /FAQ page/Second accordian- add' is clicked on

2019-07-02 16:54:21 - [MESSAGE][PASSED] - Object: 'Object Repository/OCS-MOBILE /FAQ page/Second accordian- add' is clicked on

2019-07-02 16:54:21 - [TEST_STEP][PASSED] - delay(1): Delayed 1 second(s)

2019-07-02 16:54:22 - [MESSAGE][PASSED] - Delayed 1 second(s)

2019-07-02 16:54:22 - [TEST_STEP][PASSED] - click(findTestObject("OCS-MOBILE /FAQ page/Second accordian - subtract")): Object: 'Object Repository/OCS-MOBILE /FAQ page/Second accordian - subtract' is clicked on

2019-07-02 16:54:22 - [MESSAGE][PASSED] - Object: 'Object Repository/OCS-MOBILE /FAQ page/Second accordian - subtract' is clicked on

2019-07-02 16:54:22 - [TEST_STEP][PASSED] - delay(1): Delayed 1 second(s)

2019-07-02 16:54:23 - [MESSAGE][PASSED] - Delayed 1 second(s)

2019-07-02 16:54:23 - [TEST_STEP][PASSED] - click(findTestObject("OCS-MOBILE /FAQ page/Load more1")): Object: 'Object Repository/OCS-MOBILE /FAQ page/Load more1' is clicked on

2019-07-02 16:54:23 - [MESSAGE][PASSED] - Object: 'Object Repository/OCS-MOBILE /FAQ page/Load more1' is clicked on

2019-07-02 16:54:23 - [TEST_STEP][PASSED] - delay(1): Delayed 1 second(s)

2019-07-02 16:54:24 - [MESSAGE][PASSED] - Delayed 1 second(s)

2019-07-02 16:54:24 - [TEST_STEP][PASSED] - click(findTestObject("OCS-MOBILE /FAQ page/Loadmore2")): Object: 'Object Repository/OCS-MOBILE /FAQ page/Loadmore2' is clicked on

2019-07-02 16:54:24 - [MESSAGE][PASSED] - Object: 'Object Repository/OCS-MOBILE /FAQ page/Loadmore2' is clicked on

2019-07-02 16:54:24 - [TEST_STEP][PASSED] - delay(1): Delayed 1 second(s)

2019-07-02 16:54:25 - [MESSAGE][PASSED] - Delayed 1 second(s)

2019-07-02 16:54:25 - [TEST_STEP][PASSED] - click(findTestObject("OCS-MOBILE /FAQ page/Loadmore3")): Object: 'Object Repository/OCS-MOBILE /FAQ page/Loadmore3' is clicked on

2019-07-02 16:54:25 - [MESSAGE][PASSED] - Object: 'Object Repository/OCS-MOBILE /FAQ page/Loadmore3' is clicked on

2019-07-02 16:54:25 - [TEST_STEP][PASSED] - delay(1): Delayed 1 second(s)

2019-07-02 16:54:26 - [MESSAGE][PASSED] - Delayed 1 second(s)

2019-07-02 16:54:26 - [TEST_STEP][PASSED] - click(findTestObject("OCS-MOBILE /FAQ page/Learn about cannabis")): Object: 'Object Repository/OCS-MOBILE /FAQ page/Learn about cannabis' is clicked on

2019-07-02 16:54:30 - [MESSAGE][PASSED] - Object: 'Object Repository/OCS-MOBILE /FAQ page/Learn about cannabis' is clicked on

2019-07-02 16:54:30 - [TEST_STEP][PASSED] - delay(1): Delayed 1 second(s)

2019-07-02 16:54:31 - [MESSAGE][PASSED] - Delayed 1 second(s)

2019-07-02 16:54:31 - [TEST_STEP][PASSED] - back(): Navigate back successfully

2019-07-02 16:54:33 - [MESSAGE][PASSED] - Navigate back successfully

2019-07-02 16:54:33 - [TEST_STEP][PASSED] - delay(1): Delayed 1 second(s)

2019-07-02 16:54:34 - [MESSAGE][PASSED] - Delayed 1 second(s)

2019-07-02 16:54:34 - [TEST_STEP][PASSED] - setViewPortSize(1000, 800, OPTIONAL): Viewport is set to new size with width = 1000 and height = 800

2019-07-02 16:54:34 - [MESSAGE][PASSED] - Viewport is set to new size with width = 1000 and height = 800

2019-07-02 16:54:34 - [TEST_STEP][PASSED] - delay(2, OPTIONAL): Delayed 2 second(s)

2019-07-02 16:54:36 - [MESSAGE][PASSED] - Delayed 2 second(s)

2019-07-02 16:54:36 - [TEST_STEP][PASSED] - click(findTestObject("Theme_oR/Page_Ontario Cannabis Store  Ontari/button_Hide bar"), OPTIONAL): Unable to click on object (Root cause: java.lang.IllegalArgumentException: Object is null)

2019-07-02 16:54:36 - [MESSAGE][WARNING] - Test object with id 'Object Repository/Theme_oR/Page_Ontario Cannabis Store  Ontari/button_Hide bar' does not exist

2019-07-02 16:54:36 - [MESSAGE][WARNING] - Test object with id 'Object Repository/' does not exist

2019-07-02 16:54:36 - [MESSAGE][WARNING] - Unable to click on object (Root cause: java.lang.IllegalArgumentException: Object is null)
[[ATTACHMENT|/Users/sumankompelly/Relative xpath-Mobile/Reports/1.11.1/20190702_161421/1562100876606.png]]

2019-07-02 16:54:36 - [TEST_STEP][PASSED] - delay(2, OPTIONAL): Delayed 2 second(s)

2019-07-02 16:54:38 - [MESSAGE][PASSED] - Delayed 2 second(s)

2019-07-02 16:54:38 - [TEST_STEP][PASSED] - setViewPortSize(360, 800, OPTIONAL): Viewport is set to new size with width = 360 and height = 800

2019-07-02 16:54:39 - [MESSAGE][PASSED] - Viewport is set to new size with width = 360 and height = 800

2019-07-02 16:54:39 - [TEST_STEP][PASSED] - delay(1, OPTIONAL): Delayed 1 second(s)

2019-07-02 16:54:40 - [MESSAGE][PASSED] - Delayed 1 second(s)

2019-07-02 16:54:40 - [TEST_STEP][PASSED] - executeJavaScript("var previewBar = document.getElementById("preview-bar-iframe"); previewBar.style.display = "none";", []): Execute JavaScript 'var previewBar = document.getElementById("preview-bar-iframe"); previewBar.style.display = "none";' successfully

2019-07-02 16:54:40 - [MESSAGE][PASSED] - Execute JavaScript 'var previewBar = document.getElementById("preview-bar-iframe"); previewBar.style.display = "none";' successfully

2019-07-02 16:54:40 - [TEST_STEP][PASSED] - click(findTestObject("OCS-MOBILE /FAQ page/Loadmore4")): Object: 'Object Repository/OCS-MOBILE /FAQ page/Loadmore4' is clicked on

2019-07-02 16:54:40 - [MESSAGE][PASSED] - Object: 'Object Repository/OCS-MOBILE /FAQ page/Loadmore4' is clicked on

2019-07-02 16:54:40 - [TEST_STEP][PASSED] - delay(2, OPTIONAL): Delayed 2 second(s)

2019-07-02 16:54:42 - [MESSAGE][PASSED] - Delayed 2 second(s)

2019-07-02 16:54:42 - [TEST_STEP][PASSED] - setViewPortSize(1000, 800, OPTIONAL): Viewport is set to new size with width = 1000 and height = 800

2019-07-02 16:54:42 - [MESSAGE][PASSED] - Viewport is set to new size with width = 1000 and height = 800

2019-07-02 16:54:42 - [TEST_STEP][PASSED] - delay(2, OPTIONAL): Delayed 2 second(s)

2019-07-02 16:54:44 - [MESSAGE][PASSED] - Delayed 2 second(s)

2019-07-02 16:54:44 - [TEST_STEP][PASSED] - click(findTestObject("Theme_oR/Page_Ontario Cannabis Store  Ontari/button_Hide bar"), OPTIONAL): Unable to click on object (Root cause: java.lang.IllegalArgumentException: Object is null)

2019-07-02 16:54:44 - [MESSAGE][WARNING] - Test object with id 'Object Repository/Theme_oR/Page_Ontario Cannabis Store  Ontari/button_Hide bar' does not exist

2019-07-02 16:54:44 - [MESSAGE][WARNING] - Test object with id 'Object Repository/' does not exist

2019-07-02 16:54:44 - [MESSAGE][WARNING] - Unable to click on object (Root cause: java.lang.IllegalArgumentException: Object is null)
[[ATTACHMENT|/Users/sumankompelly/Relative xpath-Mobile/Reports/1.11.1/20190702_161421/1562100884299.png]]

2019-07-02 16:54:44 - [TEST_STEP][PASSED] - delay(2, OPTIONAL): Delayed 2 second(s)

2019-07-02 16:54:46 - [MESSAGE][PASSED] - Delayed 2 second(s)

2019-07-02 16:54:46 - [TEST_STEP][PASSED] - setViewPortSize(360, 800, OPTIONAL): Viewport is set to new size with width = 360 and height = 800

2019-07-02 16:54:46 - [MESSAGE][PASSED] - Viewport is set to new size with width = 360 and height = 800

2019-07-02 16:54:46 - [TEST_STEP][PASSED] - delay(1, OPTIONAL): Delayed 1 second(s)

2019-07-02 16:54:47 - [MESSAGE][PASSED] - Delayed 1 second(s)

2019-07-02 16:54:47 - [TEST_STEP][PASSED] - executeJavaScript("var previewBar = document.getElementById("preview-bar-iframe"); previewBar.style.display = "none";", []): Execute JavaScript 'var previewBar = document.getElementById("preview-bar-iframe"); previewBar.style.display = "none";' successfully

2019-07-02 16:54:47 - [MESSAGE][PASSED] - Execute JavaScript 'var previewBar = document.getElementById("preview-bar-iframe"); previewBar.style.display = "none";' successfully

2019-07-02 16:54:47 - [TEST_STEP][PASSED] - click(findTestObject("OCS-MOBILE /FAQ page/Learn about OCS")): Object: 'Object Repository/OCS-MOBILE /FAQ page/Learn about OCS' is clicked on

2019-07-02 16:54:51 - [MESSAGE][PASSED] - Object: 'Object Repository/OCS-MOBILE /FAQ page/Learn about OCS' is clicked on

2019-07-02 16:54:51 - [TEST_STEP][PASSED] - back(): Navigate back successfully

2019-07-02 16:54:52 - [MESSAGE][PASSED] - Navigate back successfully

2019-07-02 16:54:52 - [TEST_STEP][PASSED] - delay(2, OPTIONAL): Delayed 2 second(s)

2019-07-02 16:54:54 - [MESSAGE][PASSED] - Delayed 2 second(s)

2019-07-02 16:54:54 - [TEST_STEP][PASSED] - setViewPortSize(1000, 800, OPTIONAL): Viewport is set to new size with width = 1000 and height = 800

2019-07-02 16:54:54 - [MESSAGE][PASSED] - Viewport is set to new size with width = 1000 and height = 800

2019-07-02 16:54:54 - [TEST_STEP][PASSED] - delay(2, OPTIONAL): Delayed 2 second(s)

2019-07-02 16:54:56 - [MESSAGE][PASSED] - Delayed 2 second(s)

2019-07-02 16:54:56 - [TEST_STEP][PASSED] - click(findTestObject("Theme_oR/Page_Ontario Cannabis Store  Ontari/button_Hide bar"), OPTIONAL): Unable to click on object (Root cause: java.lang.IllegalArgumentException: Object is null)

2019-07-02 16:54:56 - [MESSAGE][WARNING] - Test object with id 'Object Repository/Theme_oR/Page_Ontario Cannabis Store  Ontari/button_Hide bar' does not exist

2019-07-02 16:54:56 - [MESSAGE][WARNING] - Test object with id 'Object Repository/' does not exist

2019-07-02 16:54:57 - [MESSAGE][WARNING] - Unable to click on object (Root cause: java.lang.IllegalArgumentException: Object is null)
[[ATTACHMENT|/Users/sumankompelly/Relative xpath-Mobile/Reports/1.11.1/20190702_161421/1562100896630.png]]

2019-07-02 16:54:57 - [TEST_STEP][PASSED] - delay(2, OPTIONAL): Delayed 2 second(s)

2019-07-02 16:54:59 - [MESSAGE][PASSED] - Delayed 2 second(s)

2019-07-02 16:54:59 - [TEST_STEP][PASSED] - setViewPortSize(360, 800, OPTIONAL): Viewport is set to new size with width = 360 and height = 800

2019-07-02 16:54:59 - [MESSAGE][PASSED] - Viewport is set to new size with width = 360 and height = 800

2019-07-02 16:54:59 - [TEST_STEP][PASSED] - delay(1, OPTIONAL): Delayed 1 second(s)

2019-07-02 16:55:00 - [MESSAGE][PASSED] - Delayed 1 second(s)

2019-07-02 16:55:00 - [TEST_STEP][PASSED] - executeJavaScript("var previewBar = document.getElementById("preview-bar-iframe"); previewBar.style.display = "none";", []): Execute JavaScript 'var previewBar = document.getElementById("preview-bar-iframe"); previewBar.style.display = "none";' successfully

2019-07-02 16:55:00 - [MESSAGE][PASSED] - Execute JavaScript 'var previewBar = document.getElementById("preview-bar-iframe"); previewBar.style.display = "none";' successfully

2019-07-02 16:55:00 - [TEST_STEP][PASSED] - click(findTestObject("OCS-MOBILE /FAQ page/Choose cannabis products")): Object: 'Object Repository/OCS-MOBILE /FAQ page/Choose cannabis products' is clicked on

2019-07-02 16:55:03 - [MESSAGE][PASSED] - Object: 'Object Repository/OCS-MOBILE /FAQ page/Choose cannabis products' is clicked on

2019-07-02 16:55:03 - [TEST_STEP][PASSED] - back(): Navigate back successfully

2019-07-02 16:55:05 - [MESSAGE][PASSED] - Navigate back successfully

2019-07-02 16:55:05 - [TEST_STEP][PASSED] - click(findTestObject("OCS-MOBILE /Age gate and burger menu/Burger menu - English")): Object: 'Object Repository/OCS-MOBILE /Age gate and burger menu/Burger menu - English' is clicked on

2019-07-02 16:55:05 - [MESSAGE][PASSED] - Object: 'Object Repository/OCS-MOBILE /Age gate and burger menu/Burger menu - English' is clicked on

2019-07-02 16:55:05 - [TEST_STEP][PASSED] - delay(2, OPTIONAL): Delayed 2 second(s)

2019-07-02 16:55:07 - [MESSAGE][PASSED] - Delayed 2 second(s)

2019-07-02 16:55:07 - [TEST_STEP][PASSED] - click(findTestObject("OCS-MOBILE /FAQ page/FAQ")): Object: 'Object Repository/OCS-MOBILE /FAQ page/FAQ' is clicked on

2019-07-02 16:55:07 - [MESSAGE][PASSED] - Object: 'Object Repository/OCS-MOBILE /FAQ page/FAQ' is clicked on

2019-07-02 16:55:07 - [TEST_STEP][PASSED] - delay(2, OPTIONAL): Delayed 2 second(s)

2019-07-02 16:55:09 - [MESSAGE][PASSED] - Delayed 2 second(s)

2019-07-02 16:55:09 - [TEST_STEP][PASSED] - click(findTestObject("OCS-MOBILE /FAQ page/third chevron link")): Object: 'Object Repository/OCS-MOBILE /FAQ page/third chevron link' is clicked on

2019-07-02 16:55:12 - [MESSAGE][PASSED] - Object: 'Object Repository/OCS-MOBILE /FAQ page/third chevron link' is clicked on

2019-07-02 16:55:12 - [TEST_STEP][PASSED] - executeJavaScript("var previewBar = document.getElementById("preview-bar-iframe"); previewBar.style.display = "none";", []): Execute JavaScript 'var previewBar = document.getElementById("preview-bar-iframe"); previewBar.style.display = "none";' successfully

2019-07-02 16:55:12 - [MESSAGE][PASSED] - Execute JavaScript 'var previewBar = document.getElementById("preview-bar-iframe"); previewBar.style.display = "none";' successfully

2019-07-02 16:55:12 - [TEST_STEP][PASSED] - delay(1, OPTIONAL): Delayed 1 second(s)

2019-07-02 16:55:13 - [MESSAGE][PASSED] - Delayed 1 second(s)

2019-07-02 16:55:13 - [TEST_STEP][PASSED] - scrollToElement(findTestObject("OCS-MOBILE /FAQ page/scroll view element"), 0): Scroll to object 'Object Repository/OCS-MOBILE /FAQ page/scroll view element' successfully

2019-07-02 16:55:13 - [MESSAGE][WARNING] - Timeout '0' is invalid. Using default page load timeout: '30'

2019-07-02 16:55:13 - [MESSAGE][PASSED] - Scroll to object 'Object Repository/OCS-MOBILE /FAQ page/scroll view element' successfully

2019-07-02 16:55:13 - [TEST_STEP][PASSED] - delay(1, OPTIONAL): Delayed 1 second(s)

2019-07-02 16:55:14 - [MESSAGE][PASSED] - Delayed 1 second(s)

2019-07-02 16:55:14 - [TEST_STEP][PASSED] - click(findTestObject("OCS-MOBILE /FAQ page/Dropdown button -First chevron -open- FAQ")): Object: 'Object Repository/OCS-MOBILE /FAQ page/Dropdown button -First chevron -open- FAQ' is clicked on

2019-07-02 16:55:14 - [MESSAGE][PASSED] - Object: 'Object Repository/OCS-MOBILE /FAQ page/Dropdown button -First chevron -open- FAQ' is clicked on

2019-07-02 16:55:14 - [TEST_STEP][PASSED] - delay(1, OPTIONAL): Delayed 1 second(s)

2019-07-02 16:55:15 - [MESSAGE][PASSED] - Delayed 1 second(s)

2019-07-02 16:55:15 - [TEST_STEP][PASSED] - click(findTestObject("OCS-MOBILE /FAQ page/Dropdown button -First chevron - close -FAQ")): Object: 'Object Repository/OCS-MOBILE /FAQ page/Dropdown button -First chevron - close -FAQ' is clicked on

2019-07-02 16:55:15 - [MESSAGE][PASSED] - Object: 'Object Repository/OCS-MOBILE /FAQ page/Dropdown button -First chevron - close -FAQ' is clicked on

2019-07-02 16:55:15 - [TEST_STEP][PASSED] - delay(1, OPTIONAL): Delayed 1 second(s)

2019-07-02 16:55:16 - [MESSAGE][PASSED] - Delayed 1 second(s)

2019-07-02 16:55:16 - [TEST_STEP][PASSED] - setViewPortSize(1000, 800, OPTIONAL): Viewport is set to new size with width = 1000 and height = 800

2019-07-02 16:55:16 - [MESSAGE][PASSED] - Viewport is set to new size with width = 1000 and height = 800

2019-07-02 16:55:16 - [TEST_STEP][PASSED] - delay(2, OPTIONAL): Delayed 2 second(s)

2019-07-02 16:55:18 - [MESSAGE][PASSED] - Delayed 2 second(s)

2019-07-02 16:55:18 - [TEST_STEP][PASSED] - click(findTestObject("Theme_oR/Page_Ontario Cannabis Store  Ontari/button_Hide bar"), OPTIONAL): Unable to click on object (Root cause: java.lang.IllegalArgumentException: Object is null)

2019-07-02 16:55:18 - [MESSAGE][WARNING] - Test object with id 'Object Repository/Theme_oR/Page_Ontario Cannabis Store  Ontari/button_Hide bar' does not exist

2019-07-02 16:55:18 - [MESSAGE][WARNING] - Test object with id 'Object Repository/' does not exist

2019-07-02 16:55:19 - [MESSAGE][WARNING] - Unable to click on object (Root cause: java.lang.IllegalArgumentException: Object is null)
[[ATTACHMENT|/Users/sumankompelly/Relative xpath-Mobile/Reports/1.11.1/20190702_161421/1562100918895.png]]

2019-07-02 16:55:19 - [TEST_STEP][PASSED] - delay(2, OPTIONAL): Delayed 2 second(s)

2019-07-02 16:55:21 - [MESSAGE][PASSED] - Delayed 2 second(s)

2019-07-02 16:55:21 - [TEST_STEP][PASSED] - setViewPortSize(360, 800, OPTIONAL): Viewport is set to new size with width = 360 and height = 800

2019-07-02 16:55:21 - [MESSAGE][PASSED] - Viewport is set to new size with width = 360 and height = 800

2019-07-02 16:55:21 - [TEST_STEP][PASSED] - delay(1, OPTIONAL): Delayed 1 second(s)

2019-07-02 16:55:22 - [MESSAGE][PASSED] - Delayed 1 second(s)

2019-07-02 16:55:22 - [TEST_STEP][PASSED] - click(findTestObject("OCS-MOBILE /FAQ page/First accordian - add")): Object: 'Object Repository/OCS-MOBILE /FAQ page/First accordian - add' is clicked on

2019-07-02 16:55:22 - [MESSAGE][PASSED] - Object: 'Object Repository/OCS-MOBILE /FAQ page/First accordian - add' is clicked on

2019-07-02 16:55:22 - [TEST_STEP][PASSED] - delay(1): Delayed 1 second(s)

2019-07-02 16:55:23 - [MESSAGE][PASSED] - Delayed 1 second(s)

2019-07-02 16:55:23 - [TEST_STEP][PASSED] - click(findTestObject("OCS-MOBILE /FAQ page/First accordian - Subtract")): Object: 'Object Repository/OCS-MOBILE /FAQ page/First accordian - Subtract' is clicked on

2019-07-02 16:55:23 - [MESSAGE][PASSED] - Object: 'Object Repository/OCS-MOBILE /FAQ page/First accordian - Subtract' is clicked on

2019-07-02 16:55:23 - [TEST_STEP][PASSED] - delay(1): Delayed 1 second(s)

2019-07-02 16:55:24 - [MESSAGE][PASSED] - Delayed 1 second(s)

2019-07-02 16:55:24 - [TEST_STEP][PASSED] - click(findTestObject("OCS-MOBILE /FAQ page/Second accordian- add")): Object: 'Object Repository/OCS-MOBILE /FAQ page/Second accordian- add' is clicked on

2019-07-02 16:55:24 - [MESSAGE][PASSED] - Object: 'Object Repository/OCS-MOBILE /FAQ page/Second accordian- add' is clicked on

2019-07-02 16:55:24 - [TEST_STEP][PASSED] - delay(1): Delayed 1 second(s)

2019-07-02 16:55:25 - [MESSAGE][PASSED] - Delayed 1 second(s)

2019-07-02 16:55:25 - [TEST_STEP][PASSED] - click(findTestObject("OCS-MOBILE /FAQ page/Second accordian - subtract")): Object: 'Object Repository/OCS-MOBILE /FAQ page/Second accordian - subtract' is clicked on

2019-07-02 16:55:25 - [MESSAGE][PASSED] - Object: 'Object Repository/OCS-MOBILE /FAQ page/Second accordian - subtract' is clicked on

2019-07-02 16:55:25 - [TEST_STEP][PASSED] - delay(1): Delayed 1 second(s)

2019-07-02 16:55:26 - [MESSAGE][PASSED] - Delayed 1 second(s)

2019-07-02 16:55:26 - [TEST_STEP][PASSED] - click(findTestObject("OCS-MOBILE /FAQ page/Load more1")): Object: 'Object Repository/OCS-MOBILE /FAQ page/Load more1' is clicked on

2019-07-02 16:55:26 - [MESSAGE][PASSED] - Object: 'Object Repository/OCS-MOBILE /FAQ page/Load more1' is clicked on

2019-07-02 16:55:26 - [TEST_STEP][PASSED] - delay(1): Delayed 1 second(s)

2019-07-02 16:55:27 - [MESSAGE][PASSED] - Delayed 1 second(s)

2019-07-02 16:55:27 - [TEST_STEP][PASSED] - click(findTestObject("OCS-MOBILE /FAQ page/Loadmore2")): Object: 'Object Repository/OCS-MOBILE /FAQ page/Loadmore2' is clicked on

2019-07-02 16:55:27 - [MESSAGE][PASSED] - Object: 'Object Repository/OCS-MOBILE /FAQ page/Loadmore2' is clicked on

2019-07-02 16:55:27 - [TEST_STEP][PASSED] - delay(1): Delayed 1 second(s)

2019-07-02 16:55:28 - [MESSAGE][PASSED] - Delayed 1 second(s)

2019-07-02 16:55:28 - [TEST_STEP][PASSED] - click(findTestObject("OCS-MOBILE /FAQ page/Loadmore3")): Object: 'Object Repository/OCS-MOBILE /FAQ page/Loadmore3' is clicked on

2019-07-02 16:55:28 - [MESSAGE][PASSED] - Object: 'Object Repository/OCS-MOBILE /FAQ page/Loadmore3' is clicked on

2019-07-02 16:55:28 - [TEST_STEP][PASSED] - delay(1): Delayed 1 second(s)

2019-07-02 16:55:29 - [MESSAGE][PASSED] - Delayed 1 second(s)

2019-07-02 16:55:29 - [TEST_STEP][PASSED] - click(findTestObject("OCS-MOBILE /FAQ page/Learn about cannabis")): Object: 'Object Repository/OCS-MOBILE /FAQ page/Learn about cannabis' is clicked on

2019-07-02 16:55:33 - [MESSAGE][PASSED] - Object: 'Object Repository/OCS-MOBILE /FAQ page/Learn about cannabis' is clicked on

2019-07-02 16:55:33 - [TEST_STEP][PASSED] - delay(1): Delayed 1 second(s)

2019-07-02 16:55:34 - [MESSAGE][PASSED] - Delayed 1 second(s)

2019-07-02 16:55:34 - [TEST_STEP][PASSED] - back(): Navigate back successfully

2019-07-02 16:55:35 - [MESSAGE][PASSED] - Navigate back successfully

2019-07-02 16:55:35 - [TEST_STEP][PASSED] - delay(1): Delayed 1 second(s)

2019-07-02 16:55:36 - [MESSAGE][PASSED] - Delayed 1 second(s)

2019-07-02 16:55:36 - [TEST_STEP][PASSED] - setViewPortSize(1000, 800, OPTIONAL): Viewport is set to new size with width = 1000 and height = 800

2019-07-02 16:55:37 - [MESSAGE][PASSED] - Viewport is set to new size with width = 1000 and height = 800

2019-07-02 16:55:37 - [TEST_STEP][PASSED] - delay(2, OPTIONAL): Delayed 2 second(s)

2019-07-02 16:55:39 - [MESSAGE][PASSED] - Delayed 2 second(s)

2019-07-02 16:55:39 - [TEST_STEP][PASSED] - click(findTestObject("Theme_oR/Page_Ontario Cannabis Store  Ontari/button_Hide bar"), OPTIONAL): Unable to click on object (Root cause: java.lang.IllegalArgumentException: Object is null)

2019-07-02 16:55:39 - [MESSAGE][WARNING] - Test object with id 'Object Repository/Theme_oR/Page_Ontario Cannabis Store  Ontari/button_Hide bar' does not exist

2019-07-02 16:55:39 - [MESSAGE][WARNING] - Test object with id 'Object Repository/' does not exist

2019-07-02 16:55:39 - [MESSAGE][WARNING] - Unable to click on object (Root cause: java.lang.IllegalArgumentException: Object is null)
[[ATTACHMENT|/Users/sumankompelly/Relative xpath-Mobile/Reports/1.11.1/20190702_161421/1562100939060.png]]

2019-07-02 16:55:39 - [TEST_STEP][PASSED] - delay(2, OPTIONAL): Delayed 2 second(s)

2019-07-02 16:55:41 - [MESSAGE][PASSED] - Delayed 2 second(s)

2019-07-02 16:55:41 - [TEST_STEP][PASSED] - setViewPortSize(360, 800, OPTIONAL): Viewport is set to new size with width = 360 and height = 800

2019-07-02 16:55:41 - [MESSAGE][PASSED] - Viewport is set to new size with width = 360 and height = 800

2019-07-02 16:55:41 - [TEST_STEP][PASSED] - delay(1, OPTIONAL): Delayed 1 second(s)

2019-07-02 16:55:42 - [MESSAGE][PASSED] - Delayed 1 second(s)

2019-07-02 16:55:42 - [TEST_STEP][PASSED] - executeJavaScript("var previewBar = document.getElementById("preview-bar-iframe"); previewBar.style.display = "none";", []): Execute JavaScript 'var previewBar = document.getElementById("preview-bar-iframe"); previewBar.style.display = "none";' successfully

2019-07-02 16:55:42 - [MESSAGE][PASSED] - Execute JavaScript 'var previewBar = document.getElementById("preview-bar-iframe"); previewBar.style.display = "none";' successfully

2019-07-02 16:55:42 - [TEST_STEP][PASSED] - click(findTestObject("OCS-MOBILE /FAQ page/Loadmore4")): Object: 'Object Repository/OCS-MOBILE /FAQ page/Loadmore4' is clicked on

2019-07-02 16:55:42 - [MESSAGE][PASSED] - Object: 'Object Repository/OCS-MOBILE /FAQ page/Loadmore4' is clicked on

2019-07-02 16:55:42 - [TEST_STEP][PASSED] - delay(2, OPTIONAL): Delayed 2 second(s)

2019-07-02 16:55:44 - [MESSAGE][PASSED] - Delayed 2 second(s)

2019-07-02 16:55:44 - [TEST_STEP][PASSED] - setViewPortSize(1000, 800, OPTIONAL): Viewport is set to new size with width = 1000 and height = 800

2019-07-02 16:55:44 - [MESSAGE][PASSED] - Viewport is set to new size with width = 1000 and height = 800

2019-07-02 16:55:44 - [TEST_STEP][PASSED] - delay(2, OPTIONAL): Delayed 2 second(s)

2019-07-02 16:55:46 - [MESSAGE][PASSED] - Delayed 2 second(s)

2019-07-02 16:55:46 - [TEST_STEP][PASSED] - click(findTestObject("Theme_oR/Page_Ontario Cannabis Store  Ontari/button_Hide bar"), OPTIONAL): Unable to click on object (Root cause: java.lang.IllegalArgumentException: Object is null)

2019-07-02 16:55:46 - [MESSAGE][WARNING] - Test object with id 'Object Repository/Theme_oR/Page_Ontario Cannabis Store  Ontari/button_Hide bar' does not exist

2019-07-02 16:55:46 - [MESSAGE][WARNING] - Test object with id 'Object Repository/' does not exist

2019-07-02 16:55:47 - [MESSAGE][WARNING] - Unable to click on object (Root cause: java.lang.IllegalArgumentException: Object is null)
[[ATTACHMENT|/Users/sumankompelly/Relative xpath-Mobile/Reports/1.11.1/20190702_161421/1562100946907.png]]

2019-07-02 16:55:47 - [TEST_STEP][PASSED] - delay(2, OPTIONAL): Delayed 2 second(s)

2019-07-02 16:55:49 - [MESSAGE][PASSED] - Delayed 2 second(s)

2019-07-02 16:55:49 - [TEST_STEP][PASSED] - setViewPortSize(360, 800, OPTIONAL): Viewport is set to new size with width = 360 and height = 800

2019-07-02 16:55:49 - [MESSAGE][PASSED] - Viewport is set to new size with width = 360 and height = 800

2019-07-02 16:55:49 - [TEST_STEP][PASSED] - delay(1, OPTIONAL): Delayed 1 second(s)

2019-07-02 16:55:50 - [MESSAGE][PASSED] - Delayed 1 second(s)

2019-07-02 16:55:50 - [TEST_STEP][PASSED] - click(findTestObject("OCS-MOBILE /FAQ page/Learn about OCS")): Object: 'Object Repository/OCS-MOBILE /FAQ page/Learn about OCS' is clicked on

2019-07-02 16:55:53 - [MESSAGE][PASSED] - Object: 'Object Repository/OCS-MOBILE /FAQ page/Learn about OCS' is clicked on

2019-07-02 16:55:53 - [TEST_STEP][PASSED] - back(): Navigate back successfully

2019-07-02 16:55:54 - [MESSAGE][PASSED] - Navigate back successfully

2019-07-02 16:55:54 - [TEST_STEP][PASSED] - delay(2, OPTIONAL): Delayed 2 second(s)

2019-07-02 16:55:56 - [MESSAGE][PASSED] - Delayed 2 second(s)

2019-07-02 16:55:56 - [TEST_STEP][PASSED] - setViewPortSize(1000, 800, OPTIONAL): Viewport is set to new size with width = 1000 and height = 800

2019-07-02 16:55:57 - [MESSAGE][PASSED] - Viewport is set to new size with width = 1000 and height = 800

2019-07-02 16:55:57 - [TEST_STEP][PASSED] - delay(2, OPTIONAL): Delayed 2 second(s)

2019-07-02 16:55:59 - [MESSAGE][PASSED] - Delayed 2 second(s)

2019-07-02 16:55:59 - [TEST_STEP][PASSED] - click(findTestObject("Theme_oR/Page_Ontario Cannabis Store  Ontari/button_Hide bar"), OPTIONAL): Unable to click on object (Root cause: java.lang.IllegalArgumentException: Object is null)

2019-07-02 16:55:59 - [MESSAGE][WARNING] - Test object with id 'Object Repository/Theme_oR/Page_Ontario Cannabis Store  Ontari/button_Hide bar' does not exist

2019-07-02 16:55:59 - [MESSAGE][WARNING] - Test object with id 'Object Repository/' does not exist

2019-07-02 16:55:59 - [MESSAGE][WARNING] - Unable to click on object (Root cause: java.lang.IllegalArgumentException: Object is null)
[[ATTACHMENT|/Users/sumankompelly/Relative xpath-Mobile/Reports/1.11.1/20190702_161421/1562100959071.png]]

2019-07-02 16:55:59 - [TEST_STEP][PASSED] - delay(2, OPTIONAL): Delayed 2 second(s)

2019-07-02 16:56:01 - [MESSAGE][PASSED] - Delayed 2 second(s)

2019-07-02 16:56:01 - [TEST_STEP][PASSED] - setViewPortSize(360, 800, OPTIONAL): Viewport is set to new size with width = 360 and height = 800

2019-07-02 16:56:01 - [MESSAGE][PASSED] - Viewport is set to new size with width = 360 and height = 800

2019-07-02 16:56:01 - [TEST_STEP][PASSED] - delay(1, OPTIONAL): Delayed 1 second(s)

2019-07-02 16:56:02 - [MESSAGE][PASSED] - Delayed 1 second(s)

2019-07-02 16:56:02 - [TEST_STEP][PASSED] - executeJavaScript("var previewBar = document.getElementById("preview-bar-iframe"); previewBar.style.display = "none";", []): Execute JavaScript 'var previewBar = document.getElementById("preview-bar-iframe"); previewBar.style.display = "none";' successfully

2019-07-02 16:56:02 - [MESSAGE][PASSED] - Execute JavaScript 'var previewBar = document.getElementById("preview-bar-iframe"); previewBar.style.display = "none";' successfully

2019-07-02 16:56:02 - [TEST_STEP][PASSED] - click(findTestObject("OCS-MOBILE /FAQ page/Choose cannabis products")): Object: 'Object Repository/OCS-MOBILE /FAQ page/Choose cannabis products' is clicked on

2019-07-02 16:56:05 - [MESSAGE][PASSED] - Object: 'Object Repository/OCS-MOBILE /FAQ page/Choose cannabis products' is clicked on

2019-07-02 16:56:05 - [TEST_STEP][NOT_RUN] - back(): NOT_RUN: back()

2019-07-02 16:56:05 - [MESSAGE][NOT_RUN] - NOT_RUN: back()

2019-07-02 16:56:05 - [TEST_STEP][NOT_RUN] - click(findTestObject("OCS-MOBILE /Age gate and burger menu/Burger menu - English")): NOT_RUN: click(findTestObject("OCS-MOBILE /Age gate and burger menu/Burger menu - English"))

2019-07-02 16:56:05 - [MESSAGE][NOT_RUN] - NOT_RUN: click(findTestObject("OCS-MOBILE /Age gate and burger menu/Burger menu - English"))

2019-07-02 16:56:05 - [TEST_STEP][NOT_RUN] - delay(1, OPTIONAL): NOT_RUN: delay(1, OPTIONAL)

2019-07-02 16:56:05 - [MESSAGE][NOT_RUN] - NOT_RUN: delay(1, OPTIONAL)

2019-07-02 16:56:05 - [TEST_STEP][NOT_RUN] - click(findTestObject("OCS-MOBILE /FAQ page/FAQ")): NOT_RUN: click(findTestObject("OCS-MOBILE /FAQ page/FAQ"))

2019-07-02 16:56:05 - [MESSAGE][NOT_RUN] - NOT_RUN: click(findTestObject("OCS-MOBILE /FAQ page/FAQ"))

2019-07-02 16:56:05 - [TEST_STEP][NOT_RUN] - delay(1, OPTIONAL): NOT_RUN: delay(1, OPTIONAL)

2019-07-02 16:56:05 - [MESSAGE][NOT_RUN] - NOT_RUN: delay(1, OPTIONAL)

2019-07-02 16:56:05 - [TEST_STEP][NOT_RUN] - click(findTestObject("OCS-MOBILE /FAQ page/See all FAQs")): NOT_RUN: click(findTestObject("OCS-MOBILE /FAQ page/See all FAQs"))

2019-07-02 16:56:05 - [MESSAGE][NOT_RUN] - NOT_RUN: click(findTestObject("OCS-MOBILE /FAQ page/See all FAQs"))

2019-07-02 16:56:05 - [TEST_STEP][NOT_RUN] - executeJavaScript("var previewBar = document.getElementById("preview-bar-iframe"); previewBar.style.display = "none";", []): NOT_RUN: executeJavaScript("var previewBar = document.getElementById("preview-bar-iframe"); previewBar.style.display = "none";", [])

2019-07-02 16:56:05 - [MESSAGE][NOT_RUN] - NOT_RUN: executeJavaScript("var previewBar = document.getElementById("preview-bar-iframe"); previewBar.style.display = "none";", [])]]></system-out>
         <system-err><![CDATA[]]></system-err>
      </testcase>
      <testcase name="Test Cases/OCS - MOBILE/OCS- HOME PAGE/HP- Burger menu- Learn" classname="Test Cases/OCS - MOBILE/OCS- HOME PAGE/HP- Burger menu- Learn" status="FAILED">
         <failure type="FAILED" message="Test Cases/OCS - MOBILE/OCS- HOME PAGE/HP- Burger menu- Learn FAILED.
Reason:
com.kms.katalon.core.exception.StepFailedException: Unable to click on object 'Object Repository/OCS-MOBILE /LEARN page/History -part 2 - chveron' (Root cause: org.openqa.selenium.TimeoutException: timeout
  (Session info: chrome=75.0.3770.100)
  (Driver info: chromedriver=2.43.600229 (3fae4d0cda5334b4f533bede5a4787f7b832d052),platform=Mac OS X 10.13.6 x86_64) (WARNING: The server did not provide any stacktrace information)
Command duration or timeout: 0 milliseconds
Build info: version: '3.7.1', revision: '8a0099a', time: '2017-11-06T21:07:36.161Z'
System info: host: 'sumans-MacBook-Pro.local', ip: 'fe80:0:0:0:98:5ae9:edb9:537f%en0', os.name: 'Mac OS X', os.arch: 'x86_64', os.version: '10.13.6', java.version: '1.8.0_181'
Driver info: com.kms.katalon.selenium.driver.CChromeDriver
Capabilities {acceptInsecureCerts: false, acceptSslCerts: false, applicationCacheEnabled: false, browserConnectionEnabled: false, browserName: chrome, chrome: {chromedriverVersion: 2.43.600229 (3fae4d0cda5334..., userDataDir: /var/folders/1t/c55l8xzs6gq...}, cssSelectorsEnabled: true, databaseEnabled: false, goog:chromeOptions: {debuggerAddress: localhost:50604}, handlesAlerts: true, hasTouchScreen: false, javascriptEnabled: true, locationContextEnabled: true, mobileEmulationEnabled: false, nativeEvents: true, networkConnectionEnabled: false, pageLoadStrategy: normal, platform: MAC, platformName: MAC, rotatable: false, setWindowRect: true, takesHeapSnapshot: true, takesScreenshot: true, unexpectedAlertBehaviour: , unhandledPromptBehavior: , version: 75.0.3770.100, webStorageEnabled: true}
Session ID: f653a94c002165ae9036e6e25d34751e)
	at com.kms.katalon.core.keyword.internal.KeywordMain.stepFailed(KeywordMain.groovy:36)
	at com.kms.katalon.core.webui.keyword.internal.WebUIKeywordMain.stepFailed(WebUIKeywordMain.groovy:65)
	at com.kms.katalon.core.webui.keyword.internal.WebUIKeywordMain.runKeyword(WebUIKeywordMain.groovy:27)
	at com.kms.katalon.core.webui.keyword.builtin.ClickKeyword.click(ClickKeyword.groovy:86)
	at com.kms.katalon.core.webui.keyword.builtin.ClickKeyword.execute(ClickKeyword.groovy:67)
	at com.kms.katalon.core.keyword.internal.KeywordExecutor.executeKeywordForPlatform(KeywordExecutor.groovy:53)
	at com.kms.katalon.core.webui.keyword.WebUiBuiltInKeywords.click(WebUiBuiltInKeywords.groovy:616)
	at com.kms.katalon.core.webui.keyword.WebUiBuiltInKeywords$click$4.call(Unknown Source)
	at HP- Burger menu- Learn.run(HP- Burger menu- Learn:460)
	at com.kms.katalon.core.main.ScriptEngine.run(ScriptEngine.java:194)
	at com.kms.katalon.core.main.ScriptEngine.runScriptAsRawText(ScriptEngine.java:119)
	at com.kms.katalon.core.main.TestCaseExecutor.runScript(TestCaseExecutor.java:328)
	at com.kms.katalon.core.main.TestCaseExecutor.doExecute(TestCaseExecutor.java:319)
	at com.kms.katalon.core.main.TestCaseExecutor.processExecutionPhase(TestCaseExecutor.java:298)
	at com.kms.katalon.core.main.TestCaseExecutor.accessMainPhase(TestCaseExecutor.java:290)
	at com.kms.katalon.core.main.TestCaseExecutor.execute(TestCaseExecutor.java:224)
	at com.kms.katalon.core.main.TestSuiteExecutor.accessTestCaseMainPhase(TestSuiteExecutor.java:129)
	at com.kms.katalon.core.main.TestSuiteExecutor.accessTestSuiteMainPhase(TestSuiteExecutor.java:112)
	at com.kms.katalon.core.main.TestSuiteExecutor.execute(TestSuiteExecutor.java:81)
	at com.kms.katalon.core.main.TestCaseMain.startTestSuite(TestCaseMain.java:149)
	at com.kms.katalon.core.main.TestCaseMain$startTestSuite$0.call(Unknown Source)
	at TempTestSuite1562098461396.run(TempTestSuite1562098461396.groovy:36)
"/>
         <system-out><![CDATA[2019-07-02 16:56:05 - [TEST_CASE][FAILED] - Test Cases/OCS - MOBILE/OCS- HOME PAGE/HP- Burger menu- Learn: Test Cases/OCS - MOBILE/OCS- HOME PAGE/HP- Burger menu- Learn FAILED.
Reason:
com.kms.katalon.core.exception.StepFailedException: Unable to click on object 'Object Repository/OCS-MOBILE /LEARN page/History -part 2 - chveron' (Root cause: org.openqa.selenium.TimeoutException: timeout
  (Session info: chrome=75.0.3770.100)
  (Driver info: chromedriver=2.43.600229 (3fae4d0cda5334b4f533bede5a4787f7b832d052),platform=Mac OS X 10.13.6 x86_64) (WARNING: The server did not provide any stacktrace information)
Command duration or timeout: 0 milliseconds
Build info: version: '3.7.1', revision: '8a0099a', time: '2017-11-06T21:07:36.161Z'
System info: host: 'sumans-MacBook-Pro.local', ip: 'fe80:0:0:0:98:5ae9:edb9:537f%en0', os.name: 'Mac OS X', os.arch: 'x86_64', os.version: '10.13.6', java.version: '1.8.0_181'
Driver info: com.kms.katalon.selenium.driver.CChromeDriver
Capabilities {acceptInsecureCerts: false, acceptSslCerts: false, applicationCacheEnabled: false, browserConnectionEnabled: false, browserName: chrome, chrome: {chromedriverVersion: 2.43.600229 (3fae4d0cda5334..., userDataDir: /var/folders/1t/c55l8xzs6gq...}, cssSelectorsEnabled: true, databaseEnabled: false, goog:chromeOptions: {debuggerAddress: localhost:50604}, handlesAlerts: true, hasTouchScreen: false, javascriptEnabled: true, locationContextEnabled: true, mobileEmulationEnabled: false, nativeEvents: true, networkConnectionEnabled: false, pageLoadStrategy: normal, platform: MAC, platformName: MAC, rotatable: false, setWindowRect: true, takesHeapSnapshot: true, takesScreenshot: true, unexpectedAlertBehaviour: , unhandledPromptBehavior: , version: 75.0.3770.100, webStorageEnabled: true}
Session ID: f653a94c002165ae9036e6e25d34751e)
	at com.kms.katalon.core.keyword.internal.KeywordMain.stepFailed(KeywordMain.groovy:36)
	at com.kms.katalon.core.webui.keyword.internal.WebUIKeywordMain.stepFailed(WebUIKeywordMain.groovy:65)
	at com.kms.katalon.core.webui.keyword.internal.WebUIKeywordMain.runKeyword(WebUIKeywordMain.groovy:27)
	at com.kms.katalon.core.webui.keyword.builtin.ClickKeyword.click(ClickKeyword.groovy:86)
	at com.kms.katalon.core.webui.keyword.builtin.ClickKeyword.execute(ClickKeyword.groovy:67)
	at com.kms.katalon.core.keyword.internal.KeywordExecutor.executeKeywordForPlatform(KeywordExecutor.groovy:53)
	at com.kms.katalon.core.webui.keyword.WebUiBuiltInKeywords.click(WebUiBuiltInKeywords.groovy:616)
	at com.kms.katalon.core.webui.keyword.WebUiBuiltInKeywords$click$4.call(Unknown Source)
	at HP- Burger menu- Learn.run(HP- Burger menu- Learn:460)
	at com.kms.katalon.core.main.ScriptEngine.run(ScriptEngine.java:194)
	at com.kms.katalon.core.main.ScriptEngine.runScriptAsRawText(ScriptEngine.java:119)
	at com.kms.katalon.core.main.TestCaseExecutor.runScript(TestCaseExecutor.java:328)
	at com.kms.katalon.core.main.TestCaseExecutor.doExecute(TestCaseExecutor.java:319)
	at com.kms.katalon.core.main.TestCaseExecutor.processExecutionPhase(TestCaseExecutor.java:298)
	at com.kms.katalon.core.main.TestCaseExecutor.accessMainPhase(TestCaseExecutor.java:290)
	at com.kms.katalon.core.main.TestCaseExecutor.execute(TestCaseExecutor.java:224)
	at com.kms.katalon.core.main.TestSuiteExecutor.accessTestCaseMainPhase(TestSuiteExecutor.java:129)
	at com.kms.katalon.core.main.TestSuiteExecutor.accessTestSuiteMainPhase(TestSuiteExecutor.java:112)
	at com.kms.katalon.core.main.TestSuiteExecutor.execute(TestSuiteExecutor.java:81)
	at com.kms.katalon.core.main.TestCaseMain.startTestSuite(TestCaseMain.java:149)
	at com.kms.katalon.core.main.TestCaseMain$startTestSuite$0.call(Unknown Source)
	at TempTestSuite1562098461396.run(TempTestSuite1562098461396.groovy:36)


2019-07-02 16:56:05 - [TEST_STEP][PASSED] - callTestCase(findTestCase("OCS - MOBILE/CALL - AGE GATE"), [:], STOP_ON_FAILURE): Call Test Case 'Test Cases/OCS - MOBILE/CALL - AGE GATE' successfully

2019-07-02 16:56:05 - [TEST_CASE][PASSED] - Test Cases/OCS - MOBILE/CALL - AGE GATE: Test Cases/OCS - MOBILE/CALL - AGE GATE

2019-07-02 16:56:05 - [TEST_STEP][PASSED] - openBrowser(""): Browser is opened with url: ''

2019-07-02 16:56:05 - [MESSAGE][WARNING] - A browser is already opened. Closing browser and opening a new one

2019-07-02 16:56:05 - [MESSAGE][INFO] - Starting 'Chrome' driver

2019-07-02 16:56:06 - [MESSAGE][PASSED] - Browser is opened with url: ''

2019-07-02 16:56:06 - [TEST_STEP][PASSED] - navigateToUrl("https://ocs.ca/?fts=0&preview_theme_id=74203301708"): Navigate to 'https://ocs.ca/?fts=0&preview_theme_id=74203301708' successfully

2019-07-02 16:56:11 - [MESSAGE][PASSED] - Navigate to 'https://ocs.ca/?fts=0&preview_theme_id=74203301708' successfully

2019-07-02 16:56:11 - [TEST_STEP][PASSED] - executeJavaScript("var previewBar = document.getElementById("preview-bar-iframe"); previewBar.style.display = "none";", []): Execute JavaScript 'var previewBar = document.getElementById("preview-bar-iframe"); previewBar.style.display = "none";' successfully

2019-07-02 16:56:11 - [MESSAGE][PASSED] - Execute JavaScript 'var previewBar = document.getElementById("preview-bar-iframe"); previewBar.style.display = "none";' successfully

2019-07-02 16:56:11 - [TEST_STEP][PASSED] - setViewPortSize(360, 800): Viewport is set to new size with width = 360 and height = 800

2019-07-02 16:56:11 - [MESSAGE][PASSED] - Viewport is set to new size with width = 360 and height = 800

2019-07-02 16:56:11 - [TEST_STEP][PASSED] - delay(4): Delayed 4 second(s)

2019-07-02 16:56:15 - [MESSAGE][PASSED] - Delayed 4 second(s)

2019-07-02 16:56:15 - [TEST_STEP][PASSED] - selectOptionByValue(findTestObject("OCS-MOBILE /Age gate and burger menu/Date"), "12", true): All options with value '12' are selected in object 'Object Repository/OCS-MOBILE /Age gate and burger menu/Date'  using regular expression

2019-07-02 16:56:16 - [MESSAGE][PASSED] - All options with value '12' are selected in object 'Object Repository/OCS-MOBILE /Age gate and burger menu/Date'  using regular expression

2019-07-02 16:56:16 - [TEST_STEP][PASSED] - selectOptionByValue(findTestObject("OCS-MOBILE /Age gate and burger menu/month"), "6", true): All options with value '6' are selected in object 'Object Repository/OCS-MOBILE /Age gate and burger menu/month'  using regular expression

2019-07-02 16:56:16 - [MESSAGE][PASSED] - All options with value '6' are selected in object 'Object Repository/OCS-MOBILE /Age gate and burger menu/month'  using regular expression

2019-07-02 16:56:16 - [TEST_STEP][PASSED] - delay(2): Delayed 2 second(s)

2019-07-02 16:56:18 - [MESSAGE][PASSED] - Delayed 2 second(s)

2019-07-02 16:56:18 - [TEST_STEP][PASSED] - selectOptionByValue(findTestObject("OCS-MOBILE /Age gate and burger menu/Year Dropdown"), "1990", true): All options with value '1990' are selected in object 'Object Repository/OCS-MOBILE /Age gate and burger menu/Year Dropdown'  using regular expression

2019-07-02 16:56:19 - [MESSAGE][PASSED] - All options with value '1990' are selected in object 'Object Repository/OCS-MOBILE /Age gate and burger menu/Year Dropdown'  using regular expression

2019-07-02 16:56:19 - [TEST_STEP][PASSED] - click(findTestObject("OCS-MOBILE /Age gate and Mega menu/button_Verify")): Object: 'Object Repository/OCS-MOBILE /Age gate and Mega menu/button_Verify' is clicked on

2019-07-02 16:56:20 - [MESSAGE][PASSED] - Object: 'Object Repository/OCS-MOBILE /Age gate and Mega menu/button_Verify' is clicked on

2019-07-02 16:56:20 - [TEST_STEP][PASSED] - click(findTestObject("OCS-MOBILE /Age gate and Mega menu/Checkbox_CONFIRM AND ACKNOWLEDGE")): Object: 'Object Repository/OCS-MOBILE /Age gate and Mega menu/Checkbox_CONFIRM AND ACKNOWLEDGE' is clicked on

2019-07-02 16:56:20 - [MESSAGE][PASSED] - Object: 'Object Repository/OCS-MOBILE /Age gate and Mega menu/Checkbox_CONFIRM AND ACKNOWLEDGE' is clicked on

2019-07-02 16:56:20 - [TEST_STEP][PASSED] - click(findTestObject("OCS-MOBILE /Age gate and Mega menu/button_CONFIRM")): Object: 'Object Repository/OCS-MOBILE /Age gate and Mega menu/button_CONFIRM' is clicked on

2019-07-02 16:56:20 - [MESSAGE][PASSED] - Object: 'Object Repository/OCS-MOBILE /Age gate and Mega menu/button_CONFIRM' is clicked on

2019-07-02 16:56:20 - [TEST_STEP][PASSED] - click(findTestObject("OCS-MOBILE /Age gate and Mega menu/button_Start Browsing")): Object: 'Object Repository/OCS-MOBILE /Age gate and Mega menu/button_Start Browsing' is clicked on

2019-07-02 16:56:20 - [MESSAGE][PASSED] - Object: 'Object Repository/OCS-MOBILE /Age gate and Mega menu/button_Start Browsing' is clicked on

2019-07-02 16:56:20 - [TEST_STEP][PASSED] - refresh(): Refresh successfully

2019-07-02 16:56:20 - [MESSAGE][PASSED] - Refresh successfully

2019-07-02 16:56:20 - [TEST_STEP][PASSED] - executeJavaScript("var previewBar = document.getElementById("preview-bar-iframe"); previewBar.style.display = "none";", []): Execute JavaScript 'var previewBar = document.getElementById("preview-bar-iframe"); previewBar.style.display = "none";' successfully

2019-07-02 16:56:23 - [MESSAGE][PASSED] - Execute JavaScript 'var previewBar = document.getElementById("preview-bar-iframe"); previewBar.style.display = "none";' successfully

2019-07-02 16:56:23 - [MESSAGE][PASSED] - Call Test Case 'Test Cases/OCS - MOBILE/CALL - AGE GATE' successfully

2019-07-02 16:56:23 - [TEST_STEP][PASSED] - delay(2): Delayed 2 second(s)

2019-07-02 16:56:25 - [MESSAGE][PASSED] - Delayed 2 second(s)

2019-07-02 16:56:25 - [TEST_STEP][PASSED] - click(findTestObject("OCS-MOBILE /Age gate and burger menu/Burger menu - English"), CONTINUE_ON_FAILURE): Object: 'Object Repository/OCS-MOBILE /Age gate and burger menu/Burger menu - English' is clicked on

2019-07-02 16:56:25 - [MESSAGE][PASSED] - Object: 'Object Repository/OCS-MOBILE /Age gate and burger menu/Burger menu - English' is clicked on

2019-07-02 16:56:25 - [TEST_STEP][PASSED] - delay(2, CONTINUE_ON_FAILURE): Delayed 2 second(s)

2019-07-02 16:56:27 - [MESSAGE][PASSED] - Delayed 2 second(s)

2019-07-02 16:56:27 - [TEST_STEP][PASSED] - click(findTestObject("OCS-MOBILE /LEARN page/Learn chevron")): Object: 'Object Repository/OCS-MOBILE /LEARN page/Learn chevron' is clicked on

2019-07-02 16:56:27 - [MESSAGE][PASSED] - Object: 'Object Repository/OCS-MOBILE /LEARN page/Learn chevron' is clicked on

2019-07-02 16:56:27 - [TEST_STEP][PASSED] - delay(2): Delayed 2 second(s)

2019-07-02 16:56:29 - [MESSAGE][PASSED] - Delayed 2 second(s)

2019-07-02 16:56:29 - [TEST_STEP][PASSED] - click(findTestObject("OCS-MOBILE /LEARN page/How Cannabis Works plus accordian")): Object: 'Object Repository/OCS-MOBILE /LEARN page/How Cannabis Works plus accordian' is clicked on

2019-07-02 16:56:29 - [MESSAGE][PASSED] - Object: 'Object Repository/OCS-MOBILE /LEARN page/How Cannabis Works plus accordian' is clicked on

2019-07-02 16:56:29 - [TEST_STEP][PASSED] - delay(2): Delayed 2 second(s)

2019-07-02 16:56:31 - [MESSAGE][PASSED] - Delayed 2 second(s)

2019-07-02 16:56:31 - [TEST_STEP][PASSED] - click(findTestObject("OCS-MOBILE /LEARN page/How Cannabis Works Subtract accordian")): Object: 'Object Repository/OCS-MOBILE /LEARN page/How Cannabis Works Subtract accordian' is clicked on

2019-07-02 16:56:31 - [MESSAGE][PASSED] - Object: 'Object Repository/OCS-MOBILE /LEARN page/How Cannabis Works Subtract accordian' is clicked on

2019-07-02 16:56:31 - [TEST_STEP][PASSED] - delay(2): Delayed 2 second(s)

2019-07-02 16:56:33 - [MESSAGE][PASSED] - Delayed 2 second(s)

2019-07-02 16:56:33 - [TEST_STEP][PASSED] - click(findTestObject("OCS-MOBILE /LEARN page/How Cannabis Works plus accordian")): Object: 'Object Repository/OCS-MOBILE /LEARN page/How Cannabis Works plus accordian' is clicked on

2019-07-02 16:56:34 - [MESSAGE][PASSED] - Object: 'Object Repository/OCS-MOBILE /LEARN page/How Cannabis Works plus accordian' is clicked on

2019-07-02 16:56:34 - [TEST_STEP][PASSED] - delay(2): Delayed 2 second(s)

2019-07-02 16:56:36 - [MESSAGE][PASSED] - Delayed 2 second(s)

2019-07-02 16:56:36 - [TEST_STEP][PASSED] - click(findTestObject("OCS-MOBILE /LEARN page/The Effects of Cannabis")): Object: 'Object Repository/OCS-MOBILE /LEARN page/The Effects of Cannabis' is clicked on

2019-07-02 16:56:42 - [MESSAGE][PASSED] - Object: 'Object Repository/OCS-MOBILE /LEARN page/The Effects of Cannabis' is clicked on

2019-07-02 16:56:42 - [TEST_STEP][PASSED] - verifyTextPresent("The Effects of Cannabis", true): Text 'The Effects of Cannabis' is present on page  using regular expression

2019-07-02 16:56:42 - [MESSAGE][PASSED] - Text 'The Effects of Cannabis' is present on page  using regular expression

2019-07-02 16:56:42 - [TEST_STEP][PASSED] - delay(2): Delayed 2 second(s)

2019-07-02 16:56:44 - [MESSAGE][PASSED] - Delayed 2 second(s)

2019-07-02 16:56:44 - [TEST_STEP][PASSED] - click(findTestObject("OCS-MOBILE /Age gate and burger menu/Burger menu - English"), CONTINUE_ON_FAILURE): Object: 'Object Repository/OCS-MOBILE /Age gate and burger menu/Burger menu - English' is clicked on

2019-07-02 16:56:45 - [MESSAGE][PASSED] - Object: 'Object Repository/OCS-MOBILE /Age gate and burger menu/Burger menu - English' is clicked on

2019-07-02 16:56:45 - [TEST_STEP][PASSED] - delay(2, CONTINUE_ON_FAILURE): Delayed 2 second(s)

2019-07-02 16:56:47 - [MESSAGE][PASSED] - Delayed 2 second(s)

2019-07-02 16:56:47 - [TEST_STEP][PASSED] - click(findTestObject("OCS-MOBILE /LEARN page/Learn chevron")): Object: 'Object Repository/OCS-MOBILE /LEARN page/Learn chevron' is clicked on

2019-07-02 16:56:47 - [MESSAGE][PASSED] - Object: 'Object Repository/OCS-MOBILE /LEARN page/Learn chevron' is clicked on

2019-07-02 16:56:47 - [TEST_STEP][PASSED] - delay(2): Delayed 2 second(s)

2019-07-02 16:56:49 - [MESSAGE][PASSED] - Delayed 2 second(s)

2019-07-02 16:56:49 - [TEST_STEP][PASSED] - click(findTestObject("OCS-MOBILE /LEARN page/How Cannabis Works plus accordian")): Object: 'Object Repository/OCS-MOBILE /LEARN page/How Cannabis Works plus accordian' is clicked on

2019-07-02 16:56:49 - [MESSAGE][PASSED] - Object: 'Object Repository/OCS-MOBILE /LEARN page/How Cannabis Works plus accordian' is clicked on

2019-07-02 16:56:49 - [TEST_STEP][PASSED] - delay(1): Delayed 1 second(s)

2019-07-02 16:56:50 - [MESSAGE][PASSED] - Delayed 1 second(s)

2019-07-02 16:56:50 - [TEST_STEP][PASSED] - click(findTestObject("OCS-MOBILE /LEARN page/Endocannabinoids chevron")): Object: 'Object Repository/OCS-MOBILE /LEARN page/Endocannabinoids chevron' is clicked on

2019-07-02 16:56:57 - [MESSAGE][PASSED] - Object: 'Object Repository/OCS-MOBILE /LEARN page/Endocannabinoids chevron' is clicked on

2019-07-02 16:56:57 - [TEST_STEP][PASSED] - verifyTextPresent("The Endocannabinoid System", true): Text 'The Endocannabinoid System' is present on page  using regular expression

2019-07-02 16:56:58 - [MESSAGE][PASSED] - Text 'The Endocannabinoid System' is present on page  using regular expression

2019-07-02 16:56:58 - [TEST_STEP][PASSED] - delay(2): Delayed 2 second(s)

2019-07-02 16:57:00 - [MESSAGE][PASSED] - Delayed 2 second(s)

2019-07-02 16:57:00 - [TEST_STEP][PASSED] - click(findTestObject("OCS-MOBILE /Age gate and burger menu/Burger menu - English"), CONTINUE_ON_FAILURE): Object: 'Object Repository/OCS-MOBILE /Age gate and burger menu/Burger menu - English' is clicked on

2019-07-02 16:57:00 - [MESSAGE][PASSED] - Object: 'Object Repository/OCS-MOBILE /Age gate and burger menu/Burger menu - English' is clicked on

2019-07-02 16:57:00 - [TEST_STEP][PASSED] - delay(2, CONTINUE_ON_FAILURE): Delayed 2 second(s)

2019-07-02 16:57:02 - [MESSAGE][PASSED] - Delayed 2 second(s)

2019-07-02 16:57:02 - [TEST_STEP][PASSED] - click(findTestObject("OCS-MOBILE /LEARN page/Learn chevron")): Object: 'Object Repository/OCS-MOBILE /LEARN page/Learn chevron' is clicked on

2019-07-02 16:57:02 - [MESSAGE][PASSED] - Object: 'Object Repository/OCS-MOBILE /LEARN page/Learn chevron' is clicked on

2019-07-02 16:57:02 - [TEST_STEP][PASSED] - delay(2): Delayed 2 second(s)

2019-07-02 16:57:04 - [MESSAGE][PASSED] - Delayed 2 second(s)

2019-07-02 16:57:04 - [TEST_STEP][PASSED] - click(findTestObject("OCS-MOBILE /LEARN page/How Cannabis Works plus accordian")): Object: 'Object Repository/OCS-MOBILE /LEARN page/How Cannabis Works plus accordian' is clicked on

2019-07-02 16:57:04 - [MESSAGE][PASSED] - Object: 'Object Repository/OCS-MOBILE /LEARN page/How Cannabis Works plus accordian' is clicked on

2019-07-02 16:57:04 - [TEST_STEP][PASSED] - delay(1): Delayed 1 second(s)

2019-07-02 16:57:05 - [MESSAGE][PASSED] - Delayed 1 second(s)

2019-07-02 16:57:05 - [TEST_STEP][PASSED] - click(findTestObject("OCS-MOBILE /LEARN page/Read More -1")): Object: 'Object Repository/OCS-MOBILE /LEARN page/Read More -1' is clicked on

2019-07-02 16:57:08 - [MESSAGE][PASSED] - Object: 'Object Repository/OCS-MOBILE /LEARN page/Read More -1' is clicked on

2019-07-02 16:57:08 - [TEST_STEP][PASSED] - delay(2): Delayed 2 second(s)

2019-07-02 16:57:10 - [MESSAGE][PASSED] - Delayed 2 second(s)

2019-07-02 16:57:10 - [TEST_STEP][PASSED] - verifyTextPresent("The human reaction to cannabis.", false): Text 'The human reaction to cannabis.' is present on page 

2019-07-02 16:57:10 - [MESSAGE][PASSED] - Text 'The human reaction to cannabis.' is present on page 

2019-07-02 16:57:10 - [TEST_STEP][PASSED] - delay(2): Delayed 2 second(s)

2019-07-02 16:57:12 - [MESSAGE][PASSED] - Delayed 2 second(s)

2019-07-02 16:57:12 - [TEST_STEP][PASSED] - click(findTestObject("OCS-MOBILE /Age gate and burger menu/Burger menu - English"), CONTINUE_ON_FAILURE): Object: 'Object Repository/OCS-MOBILE /Age gate and burger menu/Burger menu - English' is clicked on

2019-07-02 16:57:12 - [MESSAGE][PASSED] - Object: 'Object Repository/OCS-MOBILE /Age gate and burger menu/Burger menu - English' is clicked on

2019-07-02 16:57:12 - [TEST_STEP][PASSED] - delay(2, CONTINUE_ON_FAILURE): Delayed 2 second(s)

2019-07-02 16:57:14 - [MESSAGE][PASSED] - Delayed 2 second(s)

2019-07-02 16:57:14 - [TEST_STEP][PASSED] - click(findTestObject("OCS-MOBILE /LEARN page/Learn chevron")): Object: 'Object Repository/OCS-MOBILE /LEARN page/Learn chevron' is clicked on

2019-07-02 16:57:14 - [MESSAGE][PASSED] - Object: 'Object Repository/OCS-MOBILE /LEARN page/Learn chevron' is clicked on

2019-07-02 16:57:14 - [TEST_STEP][PASSED] - delay(2): Delayed 2 second(s)

2019-07-02 16:57:16 - [MESSAGE][PASSED] - Delayed 2 second(s)

2019-07-02 16:57:16 - [TEST_STEP][PASSED] - click(findTestObject("OCS-MOBILE /LEARN page/Cannabis Anatomy plus accordian")): Object: 'Object Repository/OCS-MOBILE /LEARN page/Cannabis Anatomy plus accordian' is clicked on

2019-07-02 16:57:16 - [MESSAGE][PASSED] - Object: 'Object Repository/OCS-MOBILE /LEARN page/Cannabis Anatomy plus accordian' is clicked on

2019-07-02 16:57:16 - [TEST_STEP][PASSED] - delay(2): Delayed 2 second(s)

2019-07-02 16:57:18 - [MESSAGE][PASSED] - Delayed 2 second(s)

2019-07-02 16:57:18 - [TEST_STEP][PASSED] - click(findTestObject("OCS-MOBILE /LEARN page/Cannabis Anatomy subtract accordian")): Object: 'Object Repository/OCS-MOBILE /LEARN page/Cannabis Anatomy subtract accordian' is clicked on

2019-07-02 16:57:18 - [MESSAGE][PASSED] - Object: 'Object Repository/OCS-MOBILE /LEARN page/Cannabis Anatomy subtract accordian' is clicked on

2019-07-02 16:57:18 - [TEST_STEP][PASSED] - delay(2): Delayed 2 second(s)

2019-07-02 16:57:20 - [MESSAGE][PASSED] - Delayed 2 second(s)

2019-07-02 16:57:20 - [TEST_STEP][PASSED] - click(findTestObject("OCS-MOBILE /LEARN page/Cannabis Anatomy plus accordian")): Object: 'Object Repository/OCS-MOBILE /LEARN page/Cannabis Anatomy plus accordian' is clicked on

2019-07-02 16:57:20 - [MESSAGE][PASSED] - Object: 'Object Repository/OCS-MOBILE /LEARN page/Cannabis Anatomy plus accordian' is clicked on

2019-07-02 16:57:20 - [TEST_STEP][PASSED] - delay(2): Delayed 2 second(s)

2019-07-02 16:57:22 - [MESSAGE][PASSED] - Delayed 2 second(s)

2019-07-02 16:57:22 - [TEST_STEP][PASSED] - click(findTestObject("OCS-MOBILE /LEARN page/CBD")): Object: 'Object Repository/OCS-MOBILE /LEARN page/CBD' is clicked on

2019-07-02 16:57:26 - [MESSAGE][PASSED] - Object: 'Object Repository/OCS-MOBILE /LEARN page/CBD' is clicked on

2019-07-02 16:57:26 - [TEST_STEP][PASSED] - delay(2): Delayed 2 second(s)

2019-07-02 16:57:28 - [MESSAGE][PASSED] - Delayed 2 second(s)

2019-07-02 16:57:28 - [TEST_STEP][PASSED] - verifyTextPresent("CANNABIS ANATOMY", false, CONTINUE_ON_FAILURE): Text 'CANNABIS ANATOMY' is present on page 

2019-07-02 16:57:28 - [MESSAGE][PASSED] - Text 'CANNABIS ANATOMY' is present on page 

2019-07-02 16:57:28 - [TEST_STEP][PASSED] - delay(2): Delayed 2 second(s)

2019-07-02 16:57:30 - [MESSAGE][PASSED] - Delayed 2 second(s)

2019-07-02 16:57:30 - [TEST_STEP][PASSED] - click(findTestObject("OCS-MOBILE /Age gate and burger menu/Burger menu - English"), CONTINUE_ON_FAILURE): Object: 'Object Repository/OCS-MOBILE /Age gate and burger menu/Burger menu - English' is clicked on

2019-07-02 16:57:30 - [MESSAGE][PASSED] - Object: 'Object Repository/OCS-MOBILE /Age gate and burger menu/Burger menu - English' is clicked on

2019-07-02 16:57:30 - [TEST_STEP][PASSED] - delay(2, CONTINUE_ON_FAILURE): Delayed 2 second(s)

2019-07-02 16:57:32 - [MESSAGE][PASSED] - Delayed 2 second(s)

2019-07-02 16:57:32 - [TEST_STEP][PASSED] - click(findTestObject("OCS-MOBILE /LEARN page/Learn chevron")): Object: 'Object Repository/OCS-MOBILE /LEARN page/Learn chevron' is clicked on

2019-07-02 16:57:32 - [MESSAGE][PASSED] - Object: 'Object Repository/OCS-MOBILE /LEARN page/Learn chevron' is clicked on

2019-07-02 16:57:32 - [TEST_STEP][PASSED] - delay(2): Delayed 2 second(s)

2019-07-02 16:57:34 - [MESSAGE][PASSED] - Delayed 2 second(s)

2019-07-02 16:57:34 - [TEST_STEP][PASSED] - click(findTestObject("OCS-MOBILE /LEARN page/Cannabis Anatomy plus accordian")): Object: 'Object Repository/OCS-MOBILE /LEARN page/Cannabis Anatomy plus accordian' is clicked on

2019-07-02 16:57:34 - [MESSAGE][PASSED] - Object: 'Object Repository/OCS-MOBILE /LEARN page/Cannabis Anatomy plus accordian' is clicked on

2019-07-02 16:57:34 - [TEST_STEP][PASSED] - delay(1): Delayed 1 second(s)

2019-07-02 16:57:35 - [MESSAGE][PASSED] - Delayed 1 second(s)

2019-07-02 16:57:35 - [TEST_STEP][PASSED] - click(findTestObject("OCS-MOBILE /LEARN page/Terpenes")): Object: 'Object Repository/OCS-MOBILE /LEARN page/Terpenes' is clicked on

2019-07-02 16:57:38 - [MESSAGE][PASSED] - Object: 'Object Repository/OCS-MOBILE /LEARN page/Terpenes' is clicked on

2019-07-02 16:57:38 - [TEST_STEP][NOT_RUN] - click(findTestObject("Learn_spy/Page_Ontario Cannabis Store  Ontari/h3_Learn")): NOT_RUN: click(findTestObject("Learn_spy/Page_Ontario Cannabis Store  Ontari/h3_Learn"))

2019-07-02 16:57:38 - [MESSAGE][NOT_RUN] - NOT_RUN: click(findTestObject("Learn_spy/Page_Ontario Cannabis Store  Ontari/h3_Learn"))

2019-07-02 16:57:38 - [TEST_STEP][NOT_RUN] - click(findTestObject("Object Repository/Learn_OR/Page_The Effects of Cannabis  Ontar/a_Read More")): NOT_RUN: click(findTestObject("Object Repository/Learn_OR/Page_The Effects of Cannabis  Ontar/a_Read More"))

2019-07-02 16:57:38 - [MESSAGE][NOT_RUN] - NOT_RUN: click(findTestObject("Object Repository/Learn_OR/Page_The Effects of Cannabis  Ontar/a_Read More"))

2019-07-02 16:57:38 - [TEST_STEP][PASSED] - verifyTextPresent("Terpenes give cannabis strains their unique aromas.", true): Text 'Terpenes give cannabis strains their unique aromas.' is present on page  using regular expression

2019-07-02 16:57:38 - [MESSAGE][PASSED] - Text 'Terpenes give cannabis strains their unique aromas.' is present on page  using regular expression

2019-07-02 16:57:38 - [TEST_STEP][NOT_RUN] - click(findTestObject("Learn_spy/Page_Ontario Cannabis Store  Ontari/h3_Learn")): NOT_RUN: click(findTestObject("Learn_spy/Page_Ontario Cannabis Store  Ontari/h3_Learn"))

2019-07-02 16:57:38 - [MESSAGE][NOT_RUN] - NOT_RUN: click(findTestObject("Learn_spy/Page_Ontario Cannabis Store  Ontari/h3_Learn"))

2019-07-02 16:57:38 - [TEST_STEP][NOT_RUN] - click(findTestObject("Object Repository/Learn_OR/Page_How Cannabis Works  Ontario Ca/span_Cannabis Anatomy")): NOT_RUN: click(findTestObject("Object Repository/Learn_OR/Page_How Cannabis Works  Ontario Ca/span_Cannabis Anatomy"))

2019-07-02 16:57:38 - [MESSAGE][NOT_RUN] - NOT_RUN: click(findTestObject("Object Repository/Learn_OR/Page_How Cannabis Works  Ontario Ca/span_Cannabis Anatomy"))

2019-07-02 16:57:38 - [TEST_STEP][NOT_RUN] - click(findTestObject("Learn_spy/Page_Ontario Cannabis Store  Ontari/h3_Learn")): NOT_RUN: click(findTestObject("Learn_spy/Page_Ontario Cannabis Store  Ontari/h3_Learn"))

2019-07-02 16:57:38 - [MESSAGE][NOT_RUN] - NOT_RUN: click(findTestObject("Learn_spy/Page_Ontario Cannabis Store  Ontari/h3_Learn"))

2019-07-02 16:57:38 - [TEST_STEP][NOT_RUN] - verifyTextPresent("Terpenes give cannabis strains their unique aromas.", true): NOT_RUN: verifyTextPresent("Terpenes give cannabis strains their unique aromas.", true)

2019-07-02 16:57:38 - [MESSAGE][NOT_RUN] - NOT_RUN: verifyTextPresent("Terpenes give cannabis strains their unique aromas.", true)

2019-07-02 16:57:38 - [TEST_STEP][PASSED] - delay(2): Delayed 2 second(s)

2019-07-02 16:57:40 - [MESSAGE][PASSED] - Delayed 2 second(s)

2019-07-02 16:57:40 - [TEST_STEP][PASSED] - click(findTestObject("OCS-MOBILE /Age gate and burger menu/Burger menu - English"), CONTINUE_ON_FAILURE): Object: 'Object Repository/OCS-MOBILE /Age gate and burger menu/Burger menu - English' is clicked on

2019-07-02 16:57:40 - [MESSAGE][PASSED] - Object: 'Object Repository/OCS-MOBILE /Age gate and burger menu/Burger menu - English' is clicked on

2019-07-02 16:57:40 - [TEST_STEP][PASSED] - delay(2, CONTINUE_ON_FAILURE): Delayed 2 second(s)

2019-07-02 16:57:42 - [MESSAGE][PASSED] - Delayed 2 second(s)

2019-07-02 16:57:42 - [TEST_STEP][PASSED] - click(findTestObject("OCS-MOBILE /LEARN page/Learn chevron")): Object: 'Object Repository/OCS-MOBILE /LEARN page/Learn chevron' is clicked on

2019-07-02 16:57:42 - [MESSAGE][PASSED] - Object: 'Object Repository/OCS-MOBILE /LEARN page/Learn chevron' is clicked on

2019-07-02 16:57:42 - [TEST_STEP][PASSED] - delay(2): Delayed 2 second(s)

2019-07-02 16:57:44 - [MESSAGE][PASSED] - Delayed 2 second(s)

2019-07-02 16:57:44 - [TEST_STEP][PASSED] - click(findTestObject("OCS-MOBILE /LEARN page/Cannabis Anatomy plus accordian")): Object: 'Object Repository/OCS-MOBILE /LEARN page/Cannabis Anatomy plus accordian' is clicked on

2019-07-02 16:57:44 - [MESSAGE][PASSED] - Object: 'Object Repository/OCS-MOBILE /LEARN page/Cannabis Anatomy plus accordian' is clicked on

2019-07-02 16:57:44 - [TEST_STEP][PASSED] - delay(1): Delayed 1 second(s)

2019-07-02 16:57:45 - [MESSAGE][PASSED] - Delayed 1 second(s)

2019-07-02 16:57:45 - [TEST_STEP][PASSED] - click(findTestObject("OCS-MOBILE /LEARN page/THC")): Object: 'Object Repository/OCS-MOBILE /LEARN page/THC' is clicked on

2019-07-02 16:57:49 - [MESSAGE][PASSED] - Object: 'Object Repository/OCS-MOBILE /LEARN page/THC' is clicked on

2019-07-02 16:57:49 - [TEST_STEP][PASSED] - verifyTextPresent("THC is the component in cannabis that is primarily responsible for its intoxicating, psychoactive effects.", true): Text 'THC is the component in cannabis that is primarily responsible for its intoxicating, psychoactive effects.' is present on page  using regular expression

2019-07-02 16:57:50 - [MESSAGE][PASSED] - Text 'THC is the component in cannabis that is primarily responsible for its intoxicating, psychoactive effects.' is present on page  using regular expression

2019-07-02 16:57:50 - [TEST_STEP][PASSED] - delay(2): Delayed 2 second(s)

2019-07-02 16:57:52 - [MESSAGE][PASSED] - Delayed 2 second(s)

2019-07-02 16:57:52 - [TEST_STEP][PASSED] - click(findTestObject("OCS-MOBILE /Age gate and burger menu/Burger menu - English"), CONTINUE_ON_FAILURE): Object: 'Object Repository/OCS-MOBILE /Age gate and burger menu/Burger menu - English' is clicked on

2019-07-02 16:57:52 - [MESSAGE][PASSED] - Object: 'Object Repository/OCS-MOBILE /Age gate and burger menu/Burger menu - English' is clicked on

2019-07-02 16:57:52 - [TEST_STEP][PASSED] - delay(2, CONTINUE_ON_FAILURE): Delayed 2 second(s)

2019-07-02 16:57:54 - [MESSAGE][PASSED] - Delayed 2 second(s)

2019-07-02 16:57:54 - [TEST_STEP][PASSED] - click(findTestObject("OCS-MOBILE /LEARN page/Learn chevron")): Object: 'Object Repository/OCS-MOBILE /LEARN page/Learn chevron' is clicked on

2019-07-02 16:57:54 - [MESSAGE][PASSED] - Object: 'Object Repository/OCS-MOBILE /LEARN page/Learn chevron' is clicked on

2019-07-02 16:57:54 - [TEST_STEP][PASSED] - delay(2): Delayed 2 second(s)

2019-07-02 16:57:56 - [MESSAGE][PASSED] - Delayed 2 second(s)

2019-07-02 16:57:56 - [TEST_STEP][PASSED] - click(findTestObject("OCS-MOBILE /LEARN page/Cannabis Anatomy plus accordian")): Object: 'Object Repository/OCS-MOBILE /LEARN page/Cannabis Anatomy plus accordian' is clicked on

2019-07-02 16:57:56 - [MESSAGE][PASSED] - Object: 'Object Repository/OCS-MOBILE /LEARN page/Cannabis Anatomy plus accordian' is clicked on

2019-07-02 16:57:56 - [TEST_STEP][PASSED] - delay(1): Delayed 1 second(s)

2019-07-02 16:57:57 - [MESSAGE][PASSED] - Delayed 1 second(s)

2019-07-02 16:57:57 - [TEST_STEP][PASSED] - click(findTestObject("OCS-MOBILE /LEARN page/Read More -2")): Object: 'Object Repository/OCS-MOBILE /LEARN page/Read More -2' is clicked on

2019-07-02 16:58:00 - [MESSAGE][PASSED] - Object: 'Object Repository/OCS-MOBILE /LEARN page/Read More -2' is clicked on

2019-07-02 16:58:00 - [TEST_STEP][PASSED] - verifyTextPresent("The components of a complex plant.", true): Text 'The components of a complex plant.' is present on page  using regular expression

2019-07-02 16:58:00 - [MESSAGE][PASSED] - Text 'The components of a complex plant.' is present on page  using regular expression

2019-07-02 16:58:00 - [TEST_STEP][PASSED] - delay(2): Delayed 2 second(s)

2019-07-02 16:58:02 - [MESSAGE][PASSED] - Delayed 2 second(s)

2019-07-02 16:58:02 - [TEST_STEP][PASSED] - click(findTestObject("OCS-MOBILE /Age gate and burger menu/Burger menu - English"), CONTINUE_ON_FAILURE): Object: 'Object Repository/OCS-MOBILE /Age gate and burger menu/Burger menu - English' is clicked on

2019-07-02 16:58:02 - [MESSAGE][PASSED] - Object: 'Object Repository/OCS-MOBILE /Age gate and burger menu/Burger menu - English' is clicked on

2019-07-02 16:58:02 - [TEST_STEP][PASSED] - delay(2, CONTINUE_ON_FAILURE): Delayed 2 second(s)

2019-07-02 16:58:04 - [MESSAGE][PASSED] - Delayed 2 second(s)

2019-07-02 16:58:04 - [TEST_STEP][PASSED] - click(findTestObject("OCS-MOBILE /LEARN page/Learn chevron")): Object: 'Object Repository/OCS-MOBILE /LEARN page/Learn chevron' is clicked on

2019-07-02 16:58:04 - [MESSAGE][PASSED] - Object: 'Object Repository/OCS-MOBILE /LEARN page/Learn chevron' is clicked on

2019-07-02 16:58:04 - [TEST_STEP][PASSED] - delay(2): Delayed 2 second(s)

2019-07-02 16:58:06 - [MESSAGE][PASSED] - Delayed 2 second(s)

2019-07-02 16:58:06 - [TEST_STEP][PASSED] - click(findTestObject("OCS-MOBILE /LEARN page/Cannabis Consumption")): Object: 'Object Repository/OCS-MOBILE /LEARN page/Cannabis Consumption' is clicked on

2019-07-02 16:58:06 - [MESSAGE][PASSED] - Object: 'Object Repository/OCS-MOBILE /LEARN page/Cannabis Consumption' is clicked on

2019-07-02 16:58:06 - [TEST_STEP][PASSED] - delay(1): Delayed 1 second(s)

2019-07-02 16:58:07 - [MESSAGE][PASSED] - Delayed 1 second(s)

2019-07-02 16:58:07 - [TEST_STEP][PASSED] - click(findTestObject("OCS-MOBILE /LEARN page/Cannabis Consumption subtract accordian")): Object: 'Object Repository/OCS-MOBILE /LEARN page/Cannabis Consumption subtract accordian' is clicked on

2019-07-02 16:58:07 - [MESSAGE][PASSED] - Object: 'Object Repository/OCS-MOBILE /LEARN page/Cannabis Consumption subtract accordian' is clicked on

2019-07-02 16:58:07 - [TEST_STEP][PASSED] - click(findTestObject("OCS-MOBILE /LEARN page/Cannabis Consumption")): Object: 'Object Repository/OCS-MOBILE /LEARN page/Cannabis Consumption' is clicked on

2019-07-02 16:58:07 - [MESSAGE][PASSED] - Object: 'Object Repository/OCS-MOBILE /LEARN page/Cannabis Consumption' is clicked on

2019-07-02 16:58:07 - [TEST_STEP][PASSED] - delay(1): Delayed 1 second(s)

2019-07-02 16:58:08 - [MESSAGE][PASSED] - Delayed 1 second(s)

2019-07-02 16:58:08 - [TEST_STEP][PASSED] - click(findTestObject("OCS-MOBILE /LEARN page/Cooking with cannabis")): Object: 'Object Repository/OCS-MOBILE /LEARN page/Cooking with cannabis' is clicked on

2019-07-02 16:58:10 - [MESSAGE][PASSED] - Object: 'Object Repository/OCS-MOBILE /LEARN page/Cooking with cannabis' is clicked on

2019-07-02 16:58:10 - [TEST_STEP][PASSED] - verifyTextPresent("Cannabis-infused foods are becoming more common, and careful preparation is required to avoid overconsumption.", true): Text 'Cannabis-infused foods are becoming more common, and careful preparation is required to avoid overconsumption.' is present on page  using regular expression

2019-07-02 16:58:11 - [MESSAGE][PASSED] - Text 'Cannabis-infused foods are becoming more common, and careful preparation is required to avoid overconsumption.' is present on page  using regular expression

2019-07-02 16:58:11 - [TEST_STEP][PASSED] - delay(2): Delayed 2 second(s)

2019-07-02 16:58:13 - [MESSAGE][PASSED] - Delayed 2 second(s)

2019-07-02 16:58:13 - [TEST_STEP][PASSED] - click(findTestObject("OCS-MOBILE /Age gate and burger menu/Burger menu - English"), CONTINUE_ON_FAILURE): Object: 'Object Repository/OCS-MOBILE /Age gate and burger menu/Burger menu - English' is clicked on

2019-07-02 16:58:13 - [MESSAGE][PASSED] - Object: 'Object Repository/OCS-MOBILE /Age gate and burger menu/Burger menu - English' is clicked on

2019-07-02 16:58:13 - [TEST_STEP][PASSED] - delay(2, CONTINUE_ON_FAILURE): Delayed 2 second(s)

2019-07-02 16:58:15 - [MESSAGE][PASSED] - Delayed 2 second(s)

2019-07-02 16:58:15 - [TEST_STEP][PASSED] - click(findTestObject("OCS-MOBILE /LEARN page/Learn chevron")): Object: 'Object Repository/OCS-MOBILE /LEARN page/Learn chevron' is clicked on

2019-07-02 16:58:15 - [MESSAGE][PASSED] - Object: 'Object Repository/OCS-MOBILE /LEARN page/Learn chevron' is clicked on

2019-07-02 16:58:15 - [TEST_STEP][PASSED] - delay(2): Delayed 2 second(s)

2019-07-02 16:58:17 - [MESSAGE][PASSED] - Delayed 2 second(s)

2019-07-02 16:58:17 - [TEST_STEP][PASSED] - click(findTestObject("OCS-MOBILE /LEARN page/Cannabis Consumption")): Object: 'Object Repository/OCS-MOBILE /LEARN page/Cannabis Consumption' is clicked on

2019-07-02 16:58:17 - [MESSAGE][PASSED] - Object: 'Object Repository/OCS-MOBILE /LEARN page/Cannabis Consumption' is clicked on

2019-07-02 16:58:17 - [TEST_STEP][PASSED] - delay(1): Delayed 1 second(s)

2019-07-02 16:58:18 - [MESSAGE][PASSED] - Delayed 1 second(s)

2019-07-02 16:58:18 - [TEST_STEP][PASSED] - click(findTestObject("OCS-MOBILE /LEARN page/storing cannabis - chevron")): Object: 'Object Repository/OCS-MOBILE /LEARN page/storing cannabis - chevron' is clicked on

2019-07-02 16:58:21 - [MESSAGE][PASSED] - Object: 'Object Repository/OCS-MOBILE /LEARN page/storing cannabis - chevron' is clicked on

2019-07-02 16:58:21 - [TEST_STEP][PASSED] - verifyTextPresent("How to keep your family safe and your cannabis from spoiling.", true): Text 'How to keep your family safe and your cannabis from spoiling.' is present on page  using regular expression

2019-07-02 16:58:21 - [MESSAGE][PASSED] - Text 'How to keep your family safe and your cannabis from spoiling.' is present on page  using regular expression

2019-07-02 16:58:21 - [TEST_STEP][PASSED] - delay(2): Delayed 2 second(s)

2019-07-02 16:58:23 - [MESSAGE][PASSED] - Delayed 2 second(s)

2019-07-02 16:58:23 - [TEST_STEP][PASSED] - click(findTestObject("OCS-MOBILE /Age gate and burger menu/Burger menu - English"), CONTINUE_ON_FAILURE): Object: 'Object Repository/OCS-MOBILE /Age gate and burger menu/Burger menu - English' is clicked on

2019-07-02 16:58:23 - [MESSAGE][PASSED] - Object: 'Object Repository/OCS-MOBILE /Age gate and burger menu/Burger menu - English' is clicked on

2019-07-02 16:58:23 - [TEST_STEP][PASSED] - delay(2, CONTINUE_ON_FAILURE): Delayed 2 second(s)

2019-07-02 16:58:25 - [MESSAGE][PASSED] - Delayed 2 second(s)

2019-07-02 16:58:25 - [TEST_STEP][PASSED] - click(findTestObject("OCS-MOBILE /LEARN page/Learn chevron")): Object: 'Object Repository/OCS-MOBILE /LEARN page/Learn chevron' is clicked on

2019-07-02 16:58:25 - [MESSAGE][PASSED] - Object: 'Object Repository/OCS-MOBILE /LEARN page/Learn chevron' is clicked on

2019-07-02 16:58:25 - [TEST_STEP][PASSED] - delay(2): Delayed 2 second(s)

2019-07-02 16:58:27 - [MESSAGE][PASSED] - Delayed 2 second(s)

2019-07-02 16:58:27 - [TEST_STEP][PASSED] - click(findTestObject("OCS-MOBILE /LEARN page/Cannabis Consumption")): Object: 'Object Repository/OCS-MOBILE /LEARN page/Cannabis Consumption' is clicked on

2019-07-02 16:58:27 - [MESSAGE][PASSED] - Object: 'Object Repository/OCS-MOBILE /LEARN page/Cannabis Consumption' is clicked on

2019-07-02 16:58:27 - [TEST_STEP][PASSED] - delay(1): Delayed 1 second(s)

2019-07-02 16:58:28 - [MESSAGE][PASSED] - Delayed 1 second(s)

2019-07-02 16:58:28 - [TEST_STEP][PASSED] - click(findTestObject("OCS-MOBILE /LEARN page/Growing cannabis - chevron")): Object: 'Object Repository/OCS-MOBILE /LEARN page/Growing cannabis - chevron' is clicked on

2019-07-02 16:58:31 - [MESSAGE][PASSED] - Object: 'Object Repository/OCS-MOBILE /LEARN page/Growing cannabis - chevron' is clicked on

2019-07-02 16:58:31 - [TEST_STEP][PASSED] - verifyTextPresent("It is legal in Ontario to own and grow up to 4 cannabis plants in your own residential dwelling. Get beginner growing tips here.", true): Text 'It is legal in Ontario to own and grow up to 4 cannabis plants in your own residential dwelling. Get beginner growing tips here.' is present on page  using regular expression

2019-07-02 16:58:31 - [MESSAGE][PASSED] - Text 'It is legal in Ontario to own and grow up to 4 cannabis plants in your own residential dwelling. Get beginner growing tips here.' is present on page  using regular expression

2019-07-02 16:58:31 - [TEST_STEP][PASSED] - delay(2): Delayed 2 second(s)

2019-07-02 16:58:33 - [MESSAGE][PASSED] - Delayed 2 second(s)

2019-07-02 16:58:33 - [TEST_STEP][PASSED] - click(findTestObject("OCS-MOBILE /Age gate and burger menu/Burger menu - English"), CONTINUE_ON_FAILURE): Object: 'Object Repository/OCS-MOBILE /Age gate and burger menu/Burger menu - English' is clicked on

2019-07-02 16:58:33 - [MESSAGE][PASSED] - Object: 'Object Repository/OCS-MOBILE /Age gate and burger menu/Burger menu - English' is clicked on

2019-07-02 16:58:33 - [TEST_STEP][PASSED] - delay(2, CONTINUE_ON_FAILURE): Delayed 2 second(s)

2019-07-02 16:58:35 - [MESSAGE][PASSED] - Delayed 2 second(s)

2019-07-02 16:58:35 - [TEST_STEP][PASSED] - click(findTestObject("OCS-MOBILE /LEARN page/Learn chevron")): Object: 'Object Repository/OCS-MOBILE /LEARN page/Learn chevron' is clicked on

2019-07-02 16:58:35 - [MESSAGE][PASSED] - Object: 'Object Repository/OCS-MOBILE /LEARN page/Learn chevron' is clicked on

2019-07-02 16:58:35 - [TEST_STEP][PASSED] - delay(2): Delayed 2 second(s)

2019-07-02 16:58:37 - [MESSAGE][PASSED] - Delayed 2 second(s)

2019-07-02 16:58:37 - [TEST_STEP][PASSED] - click(findTestObject("OCS-MOBILE /LEARN page/Cannabis Consumption")): Object: 'Object Repository/OCS-MOBILE /LEARN page/Cannabis Consumption' is clicked on

2019-07-02 16:58:37 - [MESSAGE][PASSED] - Object: 'Object Repository/OCS-MOBILE /LEARN page/Cannabis Consumption' is clicked on

2019-07-02 16:58:37 - [TEST_STEP][PASSED] - delay(1): Delayed 1 second(s)

2019-07-02 16:58:38 - [MESSAGE][PASSED] - Delayed 1 second(s)

2019-07-02 16:58:38 - [TEST_STEP][PASSED] - click(findTestObject("OCS-MOBILE /LEARN page/Read More -3")): Object: 'Object Repository/OCS-MOBILE /LEARN page/Read More -3' is clicked on

2019-07-02 16:58:41 - [MESSAGE][PASSED] - Object: 'Object Repository/OCS-MOBILE /LEARN page/Read More -3' is clicked on

2019-07-02 16:58:41 - [TEST_STEP][PASSED] - delay(2): Delayed 2 second(s)

2019-07-02 16:58:43 - [MESSAGE][PASSED] - Delayed 2 second(s)

2019-07-02 16:58:43 - [TEST_STEP][PASSED] - click(findTestObject("OCS-MOBILE /Age gate and burger menu/Burger menu - English"), CONTINUE_ON_FAILURE): Object: 'Object Repository/OCS-MOBILE /Age gate and burger menu/Burger menu - English' is clicked on

2019-07-02 16:58:43 - [MESSAGE][PASSED] - Object: 'Object Repository/OCS-MOBILE /Age gate and burger menu/Burger menu - English' is clicked on

2019-07-02 16:58:43 - [TEST_STEP][PASSED] - delay(2, CONTINUE_ON_FAILURE): Delayed 2 second(s)

2019-07-02 16:58:45 - [MESSAGE][PASSED] - Delayed 2 second(s)

2019-07-02 16:58:45 - [TEST_STEP][PASSED] - click(findTestObject("OCS-MOBILE /LEARN page/Learn chevron")): Object: 'Object Repository/OCS-MOBILE /LEARN page/Learn chevron' is clicked on

2019-07-02 16:58:45 - [MESSAGE][PASSED] - Object: 'Object Repository/OCS-MOBILE /LEARN page/Learn chevron' is clicked on

2019-07-02 16:58:45 - [TEST_STEP][PASSED] - delay(2): Delayed 2 second(s)

2019-07-02 16:58:47 - [MESSAGE][PASSED] - Delayed 2 second(s)

2019-07-02 16:58:47 - [TEST_STEP][NOT_RUN] - click(findTestObject("OCS-MOBILE /LEARN page/Cannabis Consumption plus accordian")): NOT_RUN: click(findTestObject("OCS-MOBILE /LEARN page/Cannabis Consumption plus accordian"))

2019-07-02 16:58:47 - [MESSAGE][NOT_RUN] - NOT_RUN: click(findTestObject("OCS-MOBILE /LEARN page/Cannabis Consumption plus accordian"))

2019-07-02 16:58:47 - [TEST_STEP][NOT_RUN] - click(findTestObject("Object Repository/Learn_OR/Page_Methods of Consumption  Ontari/li_LearnLearnHow Cannabis Work")): NOT_RUN: click(findTestObject("Object Repository/Learn_OR/Page_Methods of Consumption  Ontari/li_LearnLearnHow Cannabis Work"))

2019-07-02 16:58:47 - [MESSAGE][NOT_RUN] - NOT_RUN: click(findTestObject("Object Repository/Learn_OR/Page_Methods of Consumption  Ontari/li_LearnLearnHow Cannabis Work"))

2019-07-02 16:58:47 - [TEST_STEP][NOT_RUN] - verifyTextPresent("The Endocannabinoid System", true): NOT_RUN: verifyTextPresent("The Endocannabinoid System", true)

2019-07-02 16:58:47 - [MESSAGE][NOT_RUN] - NOT_RUN: verifyTextPresent("The Endocannabinoid System", true)

2019-07-02 16:58:47 - [TEST_STEP][PASSED] - click(findTestObject("OCS-MOBILE /LEARN page/How to Choose Cannabis Products")): Object: 'Object Repository/OCS-MOBILE /LEARN page/How to Choose Cannabis Products' is clicked on

2019-07-02 16:58:47 - [MESSAGE][PASSED] - Object: 'Object Repository/OCS-MOBILE /LEARN page/How to Choose Cannabis Products' is clicked on

2019-07-02 16:58:47 - [TEST_STEP][PASSED] - delay(1): Delayed 1 second(s)

2019-07-02 16:58:48 - [MESSAGE][PASSED] - Delayed 1 second(s)

2019-07-02 16:58:48 - [TEST_STEP][PASSED] - click(findTestObject("OCS-MOBILE /LEARN page/How to Choose Cannabis Products subtract accordian")): Object: 'Object Repository/OCS-MOBILE /LEARN page/How to Choose Cannabis Products subtract accordian' is clicked on

2019-07-02 16:58:48 - [MESSAGE][PASSED] - Object: 'Object Repository/OCS-MOBILE /LEARN page/How to Choose Cannabis Products subtract accordian' is clicked on

2019-07-02 16:58:48 - [TEST_STEP][PASSED] - delay(1): Delayed 1 second(s)

2019-07-02 16:58:49 - [MESSAGE][PASSED] - Delayed 1 second(s)

2019-07-02 16:58:49 - [TEST_STEP][PASSED] - click(findTestObject("OCS-MOBILE /LEARN page/How to Choose Cannabis Products")): Object: 'Object Repository/OCS-MOBILE /LEARN page/How to Choose Cannabis Products' is clicked on

2019-07-02 16:58:49 - [MESSAGE][PASSED] - Object: 'Object Repository/OCS-MOBILE /LEARN page/How to Choose Cannabis Products' is clicked on

2019-07-02 16:58:49 - [TEST_STEP][PASSED] - delay(1): Delayed 1 second(s)

2019-07-02 16:58:50 - [MESSAGE][PASSED] - Delayed 1 second(s)

2019-07-02 16:58:50 - [TEST_STEP][PASSED] - executeJavaScript("var previewBar = document.getElementById("preview-bar-iframe"); previewBar.style.display = "none";", []): Execute JavaScript 'var previewBar = document.getElementById("preview-bar-iframe"); previewBar.style.display = "none";' successfully

2019-07-02 16:58:50 - [MESSAGE][PASSED] - Execute JavaScript 'var previewBar = document.getElementById("preview-bar-iframe"); previewBar.style.display = "none";' successfully

2019-07-02 16:58:50 - [TEST_STEP][PASSED] - click(findTestObject("OCS-MOBILE /LEARN page/Reading a product label - chevron")): Object: 'Object Repository/OCS-MOBILE /LEARN page/Reading a product label - chevron' is clicked on

2019-07-02 16:58:53 - [MESSAGE][PASSED] - Object: 'Object Repository/OCS-MOBILE /LEARN page/Reading a product label - chevron' is clicked on

2019-07-02 16:58:53 - [TEST_STEP][PASSED] - delay(2): Delayed 2 second(s)

2019-07-02 16:58:55 - [MESSAGE][PASSED] - Delayed 2 second(s)

2019-07-02 16:58:55 - [TEST_STEP][PASSED] - click(findTestObject("OCS-MOBILE /Age gate and burger menu/Burger menu - English"), CONTINUE_ON_FAILURE): Object: 'Object Repository/OCS-MOBILE /Age gate and burger menu/Burger menu - English' is clicked on

2019-07-02 16:58:55 - [MESSAGE][PASSED] - Object: 'Object Repository/OCS-MOBILE /Age gate and burger menu/Burger menu - English' is clicked on

2019-07-02 16:58:55 - [TEST_STEP][PASSED] - delay(2, CONTINUE_ON_FAILURE): Delayed 2 second(s)

2019-07-02 16:58:57 - [MESSAGE][PASSED] - Delayed 2 second(s)

2019-07-02 16:58:57 - [TEST_STEP][PASSED] - click(findTestObject("OCS-MOBILE /LEARN page/Learn chevron")): Object: 'Object Repository/OCS-MOBILE /LEARN page/Learn chevron' is clicked on

2019-07-02 16:58:57 - [MESSAGE][PASSED] - Object: 'Object Repository/OCS-MOBILE /LEARN page/Learn chevron' is clicked on

2019-07-02 16:58:57 - [TEST_STEP][PASSED] - delay(2): Delayed 2 second(s)

2019-07-02 16:58:59 - [MESSAGE][PASSED] - Delayed 2 second(s)

2019-07-02 16:58:59 - [TEST_STEP][PASSED] - click(findTestObject("OCS-MOBILE /LEARN page/How to Choose Cannabis Products")): Object: 'Object Repository/OCS-MOBILE /LEARN page/How to Choose Cannabis Products' is clicked on

2019-07-02 16:58:59 - [MESSAGE][PASSED] - Object: 'Object Repository/OCS-MOBILE /LEARN page/How to Choose Cannabis Products' is clicked on

2019-07-02 16:58:59 - [TEST_STEP][PASSED] - delay(1): Delayed 1 second(s)

2019-07-02 16:59:00 - [MESSAGE][PASSED] - Delayed 1 second(s)

2019-07-02 16:59:00 - [TEST_STEP][PASSED] - click(findTestObject("OCS-MOBILE /LEARN page/cannabinoid content - chveron")): Object: 'Object Repository/OCS-MOBILE /LEARN page/cannabinoid content - chveron' is clicked on

2019-07-02 16:59:03 - [MESSAGE][PASSED] - Object: 'Object Repository/OCS-MOBILE /LEARN page/cannabinoid content - chveron' is clicked on

2019-07-02 16:59:03 - [TEST_STEP][PASSED] - verifyTextPresent("Understanding Cannabinoid Content on Product Labels", true): Text 'Understanding Cannabinoid Content on Product Labels' is present on page  using regular expression

2019-07-02 16:59:03 - [MESSAGE][PASSED] - Text 'Understanding Cannabinoid Content on Product Labels' is present on page  using regular expression

2019-07-02 16:59:03 - [TEST_STEP][PASSED] - delay(2): Delayed 2 second(s)

2019-07-02 16:59:05 - [MESSAGE][PASSED] - Delayed 2 second(s)

2019-07-02 16:59:05 - [TEST_STEP][PASSED] - click(findTestObject("OCS-MOBILE /Age gate and burger menu/Burger menu - English"), CONTINUE_ON_FAILURE): Object: 'Object Repository/OCS-MOBILE /Age gate and burger menu/Burger menu - English' is clicked on

2019-07-02 16:59:05 - [MESSAGE][PASSED] - Object: 'Object Repository/OCS-MOBILE /Age gate and burger menu/Burger menu - English' is clicked on

2019-07-02 16:59:05 - [TEST_STEP][PASSED] - delay(2, CONTINUE_ON_FAILURE): Delayed 2 second(s)

2019-07-02 16:59:07 - [MESSAGE][PASSED] - Delayed 2 second(s)

2019-07-02 16:59:07 - [TEST_STEP][PASSED] - click(findTestObject("OCS-MOBILE /LEARN page/Learn chevron")): Object: 'Object Repository/OCS-MOBILE /LEARN page/Learn chevron' is clicked on

2019-07-02 16:59:07 - [MESSAGE][PASSED] - Object: 'Object Repository/OCS-MOBILE /LEARN page/Learn chevron' is clicked on

2019-07-02 16:59:07 - [TEST_STEP][PASSED] - delay(2): Delayed 2 second(s)

2019-07-02 16:59:09 - [MESSAGE][PASSED] - Delayed 2 second(s)

2019-07-02 16:59:09 - [TEST_STEP][PASSED] - click(findTestObject("OCS-MOBILE /LEARN page/How to Choose Cannabis Products")): Object: 'Object Repository/OCS-MOBILE /LEARN page/How to Choose Cannabis Products' is clicked on

2019-07-02 16:59:09 - [MESSAGE][PASSED] - Object: 'Object Repository/OCS-MOBILE /LEARN page/How to Choose Cannabis Products' is clicked on

2019-07-02 16:59:09 - [TEST_STEP][PASSED] - delay(1): Delayed 1 second(s)

2019-07-02 16:59:10 - [MESSAGE][PASSED] - Delayed 1 second(s)

2019-07-02 16:59:10 - [TEST_STEP][PASSED] - click(findTestObject("OCS-MOBILE /LEARN page/Factors in Choosing Canna - chevron")): Object: 'Object Repository/OCS-MOBILE /LEARN page/Factors in Choosing Canna - chevron' is clicked on

2019-07-02 16:59:13 - [MESSAGE][PASSED] - Object: 'Object Repository/OCS-MOBILE /LEARN page/Factors in Choosing Canna - chevron' is clicked on

2019-07-02 16:59:13 - [TEST_STEP][PASSED] - verifyTextPresent("Six things to know before deciding to consume cannabis.", true): Text 'Six things to know before deciding to consume cannabis.' is present on page  using regular expression

2019-07-02 16:59:13 - [MESSAGE][PASSED] - Text 'Six things to know before deciding to consume cannabis.' is present on page  using regular expression

2019-07-02 16:59:13 - [TEST_STEP][PASSED] - delay(2): Delayed 2 second(s)

2019-07-02 16:59:15 - [MESSAGE][PASSED] - Delayed 2 second(s)

2019-07-02 16:59:15 - [TEST_STEP][PASSED] - click(findTestObject("OCS-MOBILE /Age gate and burger menu/Burger menu - English"), CONTINUE_ON_FAILURE): Object: 'Object Repository/OCS-MOBILE /Age gate and burger menu/Burger menu - English' is clicked on

2019-07-02 16:59:15 - [MESSAGE][PASSED] - Object: 'Object Repository/OCS-MOBILE /Age gate and burger menu/Burger menu - English' is clicked on

2019-07-02 16:59:15 - [TEST_STEP][PASSED] - delay(2, CONTINUE_ON_FAILURE): Delayed 2 second(s)

2019-07-02 16:59:17 - [MESSAGE][PASSED] - Delayed 2 second(s)

2019-07-02 16:59:17 - [TEST_STEP][PASSED] - click(findTestObject("OCS-MOBILE /LEARN page/Learn chevron")): Object: 'Object Repository/OCS-MOBILE /LEARN page/Learn chevron' is clicked on

2019-07-02 16:59:17 - [MESSAGE][PASSED] - Object: 'Object Repository/OCS-MOBILE /LEARN page/Learn chevron' is clicked on

2019-07-02 16:59:17 - [TEST_STEP][PASSED] - delay(2): Delayed 2 second(s)

2019-07-02 16:59:19 - [MESSAGE][PASSED] - Delayed 2 second(s)

2019-07-02 16:59:19 - [TEST_STEP][PASSED] - click(findTestObject("OCS-MOBILE /LEARN page/How to Choose Cannabis Products")): Object: 'Object Repository/OCS-MOBILE /LEARN page/How to Choose Cannabis Products' is clicked on

2019-07-02 16:59:19 - [MESSAGE][PASSED] - Object: 'Object Repository/OCS-MOBILE /LEARN page/How to Choose Cannabis Products' is clicked on

2019-07-02 16:59:19 - [TEST_STEP][PASSED] - delay(1): Delayed 1 second(s)

2019-07-02 16:59:20 - [MESSAGE][PASSED] - Delayed 1 second(s)

2019-07-02 16:59:20 - [TEST_STEP][PASSED] - click(findTestObject("OCS-MOBILE /LEARN page/Read More -5")): Object: 'Object Repository/OCS-MOBILE /LEARN page/Read More -5' is clicked on

2019-07-02 16:59:23 - [MESSAGE][PASSED] - Object: 'Object Repository/OCS-MOBILE /LEARN page/Read More -5' is clicked on

2019-07-02 16:59:23 - [TEST_STEP][PASSED] - delay(2): Delayed 2 second(s)

2019-07-02 16:59:25 - [MESSAGE][PASSED] - Delayed 2 second(s)

2019-07-02 16:59:25 - [TEST_STEP][PASSED] - click(findTestObject("OCS-MOBILE /Age gate and burger menu/Burger menu - English"), CONTINUE_ON_FAILURE): Object: 'Object Repository/OCS-MOBILE /Age gate and burger menu/Burger menu - English' is clicked on

2019-07-02 16:59:25 - [MESSAGE][PASSED] - Object: 'Object Repository/OCS-MOBILE /Age gate and burger menu/Burger menu - English' is clicked on

2019-07-02 16:59:25 - [TEST_STEP][PASSED] - delay(2, CONTINUE_ON_FAILURE): Delayed 2 second(s)

2019-07-02 16:59:27 - [MESSAGE][PASSED] - Delayed 2 second(s)

2019-07-02 16:59:27 - [TEST_STEP][PASSED] - click(findTestObject("OCS-MOBILE /LEARN page/Learn chevron")): Object: 'Object Repository/OCS-MOBILE /LEARN page/Learn chevron' is clicked on

2019-07-02 16:59:27 - [MESSAGE][PASSED] - Object: 'Object Repository/OCS-MOBILE /LEARN page/Learn chevron' is clicked on

2019-07-02 16:59:27 - [TEST_STEP][PASSED] - delay(2): Delayed 2 second(s)

2019-07-02 16:59:29 - [MESSAGE][PASSED] - Delayed 2 second(s)

2019-07-02 16:59:29 - [TEST_STEP][PASSED] - click(findTestObject("OCS-MOBILE /LEARN page/Buying Cannabis at OCS plus accordian")): Object: 'Object Repository/OCS-MOBILE /LEARN page/Buying Cannabis at OCS plus accordian' is clicked on

2019-07-02 16:59:29 - [MESSAGE][PASSED] - Object: 'Object Repository/OCS-MOBILE /LEARN page/Buying Cannabis at OCS plus accordian' is clicked on

2019-07-02 16:59:29 - [TEST_STEP][PASSED] - delay(1): Delayed 1 second(s)

2019-07-02 16:59:30 - [MESSAGE][PASSED] - Delayed 1 second(s)

2019-07-02 16:59:30 - [TEST_STEP][PASSED] - click(findTestObject("OCS-MOBILE /LEARN page/Buying Cannabis at OCS subtract accordian")): Object: 'Object Repository/OCS-MOBILE /LEARN page/Buying Cannabis at OCS subtract accordian' is clicked on

2019-07-02 16:59:30 - [MESSAGE][PASSED] - Object: 'Object Repository/OCS-MOBILE /LEARN page/Buying Cannabis at OCS subtract accordian' is clicked on

2019-07-02 16:59:30 - [TEST_STEP][PASSED] - delay(1): Delayed 1 second(s)

2019-07-02 16:59:31 - [MESSAGE][PASSED] - Delayed 1 second(s)

2019-07-02 16:59:31 - [TEST_STEP][PASSED] - click(findTestObject("OCS-MOBILE /LEARN page/Buying Cannabis at OCS plus accordian")): Object: 'Object Repository/OCS-MOBILE /LEARN page/Buying Cannabis at OCS plus accordian' is clicked on

2019-07-02 16:59:31 - [MESSAGE][PASSED] - Object: 'Object Repository/OCS-MOBILE /LEARN page/Buying Cannabis at OCS plus accordian' is clicked on

2019-07-02 16:59:31 - [TEST_STEP][PASSED] - delay(1): Delayed 1 second(s)

2019-07-02 16:59:32 - [MESSAGE][PASSED] - Delayed 1 second(s)

2019-07-02 16:59:32 - [TEST_STEP][PASSED] - click(findTestObject("OCS-MOBILE /LEARN page/Why Legal Cannabis Costs more - chevron")): Object: 'Object Repository/OCS-MOBILE /LEARN page/Why Legal Cannabis Costs more - chevron' is clicked on

2019-07-02 16:59:35 - [MESSAGE][PASSED] - Object: 'Object Repository/OCS-MOBILE /LEARN page/Why Legal Cannabis Costs more - chevron' is clicked on

2019-07-02 16:59:35 - [TEST_STEP][PASSED] - verifyTextPresent("Four Reasons Why Legal Cannabis Costs More", true): Text 'Four Reasons Why Legal Cannabis Costs More' is present on page  using regular expression

2019-07-02 16:59:35 - [MESSAGE][PASSED] - Text 'Four Reasons Why Legal Cannabis Costs More' is present on page  using regular expression

2019-07-02 16:59:35 - [TEST_STEP][PASSED] - delay(2): Delayed 2 second(s)

2019-07-02 16:59:37 - [MESSAGE][PASSED] - Delayed 2 second(s)

2019-07-02 16:59:37 - [TEST_STEP][PASSED] - click(findTestObject("OCS-MOBILE /Age gate and burger menu/Burger menu - English"), CONTINUE_ON_FAILURE): Object: 'Object Repository/OCS-MOBILE /Age gate and burger menu/Burger menu - English' is clicked on

2019-07-02 16:59:37 - [MESSAGE][PASSED] - Object: 'Object Repository/OCS-MOBILE /Age gate and burger menu/Burger menu - English' is clicked on

2019-07-02 16:59:37 - [TEST_STEP][PASSED] - delay(2, CONTINUE_ON_FAILURE): Delayed 2 second(s)

2019-07-02 16:59:39 - [MESSAGE][PASSED] - Delayed 2 second(s)

2019-07-02 16:59:39 - [TEST_STEP][PASSED] - click(findTestObject("OCS-MOBILE /LEARN page/Learn chevron")): Object: 'Object Repository/OCS-MOBILE /LEARN page/Learn chevron' is clicked on

2019-07-02 16:59:39 - [MESSAGE][PASSED] - Object: 'Object Repository/OCS-MOBILE /LEARN page/Learn chevron' is clicked on

2019-07-02 16:59:39 - [TEST_STEP][PASSED] - delay(2): Delayed 2 second(s)

2019-07-02 16:59:41 - [MESSAGE][PASSED] - Delayed 2 second(s)

2019-07-02 16:59:41 - [TEST_STEP][PASSED] - click(findTestObject("OCS-MOBILE /LEARN page/Buying Cannabis at OCS plus accordian")): Object: 'Object Repository/OCS-MOBILE /LEARN page/Buying Cannabis at OCS plus accordian' is clicked on

2019-07-02 16:59:41 - [MESSAGE][PASSED] - Object: 'Object Repository/OCS-MOBILE /LEARN page/Buying Cannabis at OCS plus accordian' is clicked on

2019-07-02 16:59:41 - [TEST_STEP][PASSED] - delay(1): Delayed 1 second(s)

2019-07-02 16:59:42 - [MESSAGE][PASSED] - Delayed 1 second(s)

2019-07-02 16:59:42 - [TEST_STEP][PASSED] - click(findTestObject("OCS-MOBILE /LEARN page/why trust us - chevron")): Object: 'Object Repository/OCS-MOBILE /LEARN page/why trust us - chevron' is clicked on

2019-07-02 16:59:45 - [MESSAGE][PASSED] - Object: 'Object Repository/OCS-MOBILE /LEARN page/why trust us - chevron' is clicked on

2019-07-02 16:59:45 - [TEST_STEP][PASSED] - verifyTextPresent("Legal products and reliable information.", true): Text 'Legal products and reliable information.' is present on page  using regular expression

2019-07-02 16:59:45 - [MESSAGE][PASSED] - Text 'Legal products and reliable information.' is present on page  using regular expression

2019-07-02 16:59:45 - [TEST_STEP][PASSED] - delay(2): Delayed 2 second(s)

2019-07-02 16:59:47 - [MESSAGE][PASSED] - Delayed 2 second(s)

2019-07-02 16:59:47 - [TEST_STEP][PASSED] - click(findTestObject("OCS-MOBILE /Age gate and burger menu/Burger menu - English"), CONTINUE_ON_FAILURE): Object: 'Object Repository/OCS-MOBILE /Age gate and burger menu/Burger menu - English' is clicked on

2019-07-02 16:59:47 - [MESSAGE][PASSED] - Object: 'Object Repository/OCS-MOBILE /Age gate and burger menu/Burger menu - English' is clicked on

2019-07-02 16:59:47 - [TEST_STEP][PASSED] - delay(2, CONTINUE_ON_FAILURE): Delayed 2 second(s)

2019-07-02 16:59:49 - [MESSAGE][PASSED] - Delayed 2 second(s)

2019-07-02 16:59:49 - [TEST_STEP][PASSED] - click(findTestObject("OCS-MOBILE /LEARN page/Learn chevron")): Object: 'Object Repository/OCS-MOBILE /LEARN page/Learn chevron' is clicked on

2019-07-02 16:59:49 - [MESSAGE][PASSED] - Object: 'Object Repository/OCS-MOBILE /LEARN page/Learn chevron' is clicked on

2019-07-02 16:59:49 - [TEST_STEP][PASSED] - delay(2): Delayed 2 second(s)

2019-07-02 16:59:51 - [MESSAGE][PASSED] - Delayed 2 second(s)

2019-07-02 16:59:51 - [TEST_STEP][PASSED] - click(findTestObject("OCS-MOBILE /LEARN page/Buying Cannabis at OCS plus accordian")): Object: 'Object Repository/OCS-MOBILE /LEARN page/Buying Cannabis at OCS plus accordian' is clicked on

2019-07-02 16:59:51 - [MESSAGE][PASSED] - Object: 'Object Repository/OCS-MOBILE /LEARN page/Buying Cannabis at OCS plus accordian' is clicked on

2019-07-02 16:59:51 - [TEST_STEP][PASSED] - delay(1): Delayed 1 second(s)

2019-07-02 16:59:52 - [MESSAGE][PASSED] - Delayed 1 second(s)

2019-07-02 16:59:52 - [TEST_STEP][PASSED] - click(findTestObject("OCS-MOBILE /LEARN page/about buying cannabis - chveron")): Object: 'Object Repository/OCS-MOBILE /LEARN page/about buying cannabis - chveron' is clicked on

2019-07-02 16:59:55 - [MESSAGE][PASSED] - Object: 'Object Repository/OCS-MOBILE /LEARN page/about buying cannabis - chveron' is clicked on

2019-07-02 16:59:55 - [TEST_STEP][PASSED] - delay(2): Delayed 2 second(s)

2019-07-02 16:59:57 - [MESSAGE][PASSED] - Delayed 2 second(s)

2019-07-02 16:59:57 - [TEST_STEP][PASSED] - verifyTextPresent("These facts are good to know before making a cannabis purchase.", true): Text 'These facts are good to know before making a cannabis purchase.' is present on page  using regular expression

2019-07-02 16:59:57 - [MESSAGE][PASSED] - Text 'These facts are good to know before making a cannabis purchase.' is present on page  using regular expression

2019-07-02 16:59:57 - [TEST_STEP][PASSED] - delay(2): Delayed 2 second(s)

2019-07-02 16:59:59 - [MESSAGE][PASSED] - Delayed 2 second(s)

2019-07-02 16:59:59 - [TEST_STEP][PASSED] - click(findTestObject("OCS-MOBILE /Age gate and burger menu/Burger menu - English"), CONTINUE_ON_FAILURE): Object: 'Object Repository/OCS-MOBILE /Age gate and burger menu/Burger menu - English' is clicked on

2019-07-02 16:59:59 - [MESSAGE][PASSED] - Object: 'Object Repository/OCS-MOBILE /Age gate and burger menu/Burger menu - English' is clicked on

2019-07-02 16:59:59 - [TEST_STEP][PASSED] - delay(2, CONTINUE_ON_FAILURE): Delayed 2 second(s)

2019-07-02 17:00:01 - [MESSAGE][PASSED] - Delayed 2 second(s)

2019-07-02 17:00:01 - [TEST_STEP][PASSED] - click(findTestObject("OCS-MOBILE /LEARN page/Learn chevron")): Object: 'Object Repository/OCS-MOBILE /LEARN page/Learn chevron' is clicked on

2019-07-02 17:00:01 - [MESSAGE][PASSED] - Object: 'Object Repository/OCS-MOBILE /LEARN page/Learn chevron' is clicked on

2019-07-02 17:00:01 - [TEST_STEP][PASSED] - delay(2): Delayed 2 second(s)

2019-07-02 17:00:03 - [MESSAGE][PASSED] - Delayed 2 second(s)

2019-07-02 17:00:03 - [TEST_STEP][NOT_RUN] - click(findTestObject("OCS-MOBILE /LEARN page/Buying Cannabis at OCS plus accordian")): NOT_RUN: click(findTestObject("OCS-MOBILE /LEARN page/Buying Cannabis at OCS plus accordian"))

2019-07-02 17:00:03 - [MESSAGE][NOT_RUN] - NOT_RUN: click(findTestObject("OCS-MOBILE /LEARN page/Buying Cannabis at OCS plus accordian"))

2019-07-02 17:00:03 - [TEST_STEP][NOT_RUN] - delay(1): NOT_RUN: delay(1)

2019-07-02 17:00:03 - [MESSAGE][NOT_RUN] - NOT_RUN: delay(1)

2019-07-02 17:00:03 - [TEST_STEP][NOT_RUN] - click(findTestObject("OCS-MOBILE /LEARN page/Read More -6")): NOT_RUN: click(findTestObject("OCS-MOBILE /LEARN page/Read More -6"))

2019-07-02 17:00:03 - [MESSAGE][NOT_RUN] - NOT_RUN: click(findTestObject("OCS-MOBILE /LEARN page/Read More -6"))

2019-07-02 17:00:03 - [TEST_STEP][NOT_RUN] - delay(1): NOT_RUN: delay(1)

2019-07-02 17:00:03 - [MESSAGE][NOT_RUN] - NOT_RUN: delay(1)

2019-07-02 17:00:03 - [TEST_STEP][NOT_RUN] - verifyTextPresent("How and why to shop with us.", true): NOT_RUN: verifyTextPresent("How and why to shop with us.", true)

2019-07-02 17:00:03 - [MESSAGE][NOT_RUN] - NOT_RUN: verifyTextPresent("How and why to shop with us.", true)

2019-07-02 17:00:03 - [TEST_STEP][PASSED] - delay(2): Delayed 2 second(s)

2019-07-02 17:00:05 - [MESSAGE][PASSED] - Delayed 2 second(s)

2019-07-02 17:00:05 - [TEST_STEP][NOT_RUN] - click(findTestObject("OCS-MOBILE /Age gate and burger menu/Burger menu - English"), CONTINUE_ON_FAILURE): NOT_RUN: click(findTestObject("OCS-MOBILE /Age gate and burger menu/Burger menu - English"), CONTINUE_ON_FAILURE)

2019-07-02 17:00:05 - [MESSAGE][NOT_RUN] - NOT_RUN: click(findTestObject("OCS-MOBILE /Age gate and burger menu/Burger menu - English"), CONTINUE_ON_FAILURE)

2019-07-02 17:00:05 - [TEST_STEP][NOT_RUN] - delay(2, CONTINUE_ON_FAILURE): NOT_RUN: delay(2, CONTINUE_ON_FAILURE)

2019-07-02 17:00:05 - [MESSAGE][NOT_RUN] - NOT_RUN: delay(2, CONTINUE_ON_FAILURE)

2019-07-02 17:00:05 - [TEST_STEP][NOT_RUN] - click(findTestObject("OCS-MOBILE /LEARN page/Learn chevron")): NOT_RUN: click(findTestObject("OCS-MOBILE /LEARN page/Learn chevron"))

2019-07-02 17:00:05 - [MESSAGE][NOT_RUN] - NOT_RUN: click(findTestObject("OCS-MOBILE /LEARN page/Learn chevron"))

2019-07-02 17:00:05 - [TEST_STEP][NOT_RUN] - delay(2): NOT_RUN: delay(2)

2019-07-02 17:00:05 - [MESSAGE][NOT_RUN] - NOT_RUN: delay(2)

2019-07-02 17:00:05 - [TEST_STEP][PASSED] - click(findTestObject("OCS-MOBILE /LEARN page/Whats Legal plus accordian")): Object: 'Object Repository/OCS-MOBILE /LEARN page/Whats Legal plus accordian' is clicked on

2019-07-02 17:00:05 - [MESSAGE][PASSED] - Object: 'Object Repository/OCS-MOBILE /LEARN page/Whats Legal plus accordian' is clicked on

2019-07-02 17:00:05 - [TEST_STEP][PASSED] - click(findTestObject("OCS-MOBILE /LEARN page/Whats Legal subtract accordian")): Object: 'Object Repository/OCS-MOBILE /LEARN page/Whats Legal subtract accordian' is clicked on

2019-07-02 17:00:06 - [MESSAGE][PASSED] - Object: 'Object Repository/OCS-MOBILE /LEARN page/Whats Legal subtract accordian' is clicked on

2019-07-02 17:00:06 - [TEST_STEP][PASSED] - click(findTestObject("OCS-MOBILE /LEARN page/Whats Legal plus accordian")): Object: 'Object Repository/OCS-MOBILE /LEARN page/Whats Legal plus accordian' is clicked on

2019-07-02 17:00:06 - [MESSAGE][PASSED] - Object: 'Object Repository/OCS-MOBILE /LEARN page/Whats Legal plus accordian' is clicked on

2019-07-02 17:00:06 - [TEST_STEP][PASSED] - delay(1): Delayed 1 second(s)

2019-07-02 17:00:07 - [MESSAGE][PASSED] - Delayed 1 second(s)

2019-07-02 17:00:07 - [TEST_STEP][PASSED] - click(findTestObject("OCS-MOBILE /LEARN page/History -part 1 - chveron")): Object: 'Object Repository/OCS-MOBILE /LEARN page/History -part 1 - chveron' is clicked on

2019-07-02 17:00:10 - [MESSAGE][PASSED] - Object: 'Object Repository/OCS-MOBILE /LEARN page/History -part 1 - chveron' is clicked on

2019-07-02 17:00:10 - [TEST_STEP][PASSED] - verifyTextPresent("A Brief History of Cannabis - Part 1", true): Text 'A Brief History of Cannabis - Part 1' is present on page  using regular expression

2019-07-02 17:00:10 - [MESSAGE][PASSED] - Text 'A Brief History of Cannabis - Part 1' is present on page  using regular expression

2019-07-02 17:00:10 - [TEST_STEP][PASSED] - delay(2): Delayed 2 second(s)

2019-07-02 17:00:12 - [MESSAGE][PASSED] - Delayed 2 second(s)

2019-07-02 17:00:12 - [TEST_STEP][PASSED] - click(findTestObject("OCS-MOBILE /Age gate and burger menu/Burger menu - English"), CONTINUE_ON_FAILURE): Object: 'Object Repository/OCS-MOBILE /Age gate and burger menu/Burger menu - English' is clicked on

2019-07-02 17:00:12 - [MESSAGE][PASSED] - Object: 'Object Repository/OCS-MOBILE /Age gate and burger menu/Burger menu - English' is clicked on

2019-07-02 17:00:12 - [TEST_STEP][PASSED] - delay(2, CONTINUE_ON_FAILURE): Delayed 2 second(s)

2019-07-02 17:00:14 - [MESSAGE][PASSED] - Delayed 2 second(s)

2019-07-02 17:00:14 - [TEST_STEP][PASSED] - click(findTestObject("OCS-MOBILE /LEARN page/Learn chevron")): Object: 'Object Repository/OCS-MOBILE /LEARN page/Learn chevron' is clicked on

2019-07-02 17:00:14 - [MESSAGE][PASSED] - Object: 'Object Repository/OCS-MOBILE /LEARN page/Learn chevron' is clicked on

2019-07-02 17:00:14 - [TEST_STEP][PASSED] - delay(2): Delayed 2 second(s)

2019-07-02 17:00:16 - [MESSAGE][PASSED] - Delayed 2 second(s)

2019-07-02 17:00:16 - [TEST_STEP][PASSED] - click(findTestObject("OCS-MOBILE /LEARN page/Whats Legal plus accordian")): Object: 'Object Repository/OCS-MOBILE /LEARN page/Whats Legal plus accordian' is clicked on

2019-07-02 17:00:16 - [MESSAGE][PASSED] - Object: 'Object Repository/OCS-MOBILE /LEARN page/Whats Legal plus accordian' is clicked on

2019-07-02 17:00:16 - [TEST_STEP][PASSED] - delay(1): Delayed 1 second(s)

2019-07-02 17:00:17 - [MESSAGE][PASSED] - Delayed 1 second(s)

2019-07-02 17:00:17 - [TEST_STEP][FAILED] - click(findTestObject("OCS-MOBILE /LEARN page/History -part 2 - chveron")): click(findTestObject("OCS-MOBILE /LEARN page/History -part 2 - chveron")) FAILED.
Reason:
com.kms.katalon.core.exception.StepFailedException: Unable to click on object 'Object Repository/OCS-MOBILE /LEARN page/History -part 2 - chveron' (Root cause: org.openqa.selenium.TimeoutException: timeout
  (Session info: chrome=75.0.3770.100)
  (Driver info: chromedriver=2.43.600229 (3fae4d0cda5334b4f533bede5a4787f7b832d052),platform=Mac OS X 10.13.6 x86_64) (WARNING: The server did not provide any stacktrace information)
Command duration or timeout: 0 milliseconds
Build info: version: '3.7.1', revision: '8a0099a', time: '2017-11-06T21:07:36.161Z'
System info: host: 'sumans-MacBook-Pro.local', ip: 'fe80:0:0:0:98:5ae9:edb9:537f%en0', os.name: 'Mac OS X', os.arch: 'x86_64', os.version: '10.13.6', java.version: '1.8.0_181'
Driver info: com.kms.katalon.selenium.driver.CChromeDriver
Capabilities {acceptInsecureCerts: false, acceptSslCerts: false, applicationCacheEnabled: false, browserConnectionEnabled: false, browserName: chrome, chrome: {chromedriverVersion: 2.43.600229 (3fae4d0cda5334..., userDataDir: /var/folders/1t/c55l8xzs6gq...}, cssSelectorsEnabled: true, databaseEnabled: false, goog:chromeOptions: {debuggerAddress: localhost:50604}, handlesAlerts: true, hasTouchScreen: false, javascriptEnabled: true, locationContextEnabled: true, mobileEmulationEnabled: false, nativeEvents: true, networkConnectionEnabled: false, pageLoadStrategy: normal, platform: MAC, platformName: MAC, rotatable: false, setWindowRect: true, takesHeapSnapshot: true, takesScreenshot: true, unexpectedAlertBehaviour: , unhandledPromptBehavior: , version: 75.0.3770.100, webStorageEnabled: true}
Session ID: f653a94c002165ae9036e6e25d34751e)
	at com.kms.katalon.core.keyword.internal.KeywordMain.stepFailed(KeywordMain.groovy:36)
	at com.kms.katalon.core.webui.keyword.internal.WebUIKeywordMain.stepFailed(WebUIKeywordMain.groovy:65)
	at com.kms.katalon.core.webui.keyword.internal.WebUIKeywordMain.runKeyword(WebUIKeywordMain.groovy:27)
	at com.kms.katalon.core.webui.keyword.builtin.ClickKeyword.click(ClickKeyword.groovy:86)
	at com.kms.katalon.core.webui.keyword.builtin.ClickKeyword.execute(ClickKeyword.groovy:67)
	at com.kms.katalon.core.keyword.internal.KeywordExecutor.executeKeywordForPlatform(KeywordExecutor.groovy:53)
	at com.kms.katalon.core.webui.keyword.WebUiBuiltInKeywords.click(WebUiBuiltInKeywords.groovy:616)
	at com.kms.katalon.core.webui.keyword.WebUiBuiltInKeywords$click$4.call(Unknown Source)
	at HP- Burger menu- Learn.run(HP- Burger menu- Learn:460)
	at com.kms.katalon.core.main.ScriptEngine.run(ScriptEngine.java:194)
	at com.kms.katalon.core.main.ScriptEngine.runScriptAsRawText(ScriptEngine.java:119)
	at com.kms.katalon.core.main.TestCaseExecutor.runScript(TestCaseExecutor.java:328)
	at com.kms.katalon.core.main.TestCaseExecutor.doExecute(TestCaseExecutor.java:319)
	at com.kms.katalon.core.main.TestCaseExecutor.processExecutionPhase(TestCaseExecutor.java:298)
	at com.kms.katalon.core.main.TestCaseExecutor.accessMainPhase(TestCaseExecutor.java:290)
	at com.kms.katalon.core.main.TestCaseExecutor.execute(TestCaseExecutor.java:224)
	at com.kms.katalon.core.main.TestSuiteExecutor.accessTestCaseMainPhase(TestSuiteExecutor.java:129)
	at com.kms.katalon.core.main.TestSuiteExecutor.accessTestSuiteMainPhase(TestSuiteExecutor.java:112)
	at com.kms.katalon.core.main.TestSuiteExecutor.execute(TestSuiteExecutor.java:81)
	at com.kms.katalon.core.main.TestCaseMain.startTestSuite(TestCaseMain.java:149)
	at com.kms.katalon.core.main.TestCaseMain$startTestSuite$0.call(Unknown Source)
	at TempTestSuite1562098461396.run(TempTestSuite1562098461396.groovy:36)


2019-07-02 17:10:17 - [MESSAGE][WARNING] - Cannot take screenshot

2019-07-02 17:10:17 - [MESSAGE][FAILED] - Unable to click on object 'Object Repository/OCS-MOBILE /LEARN page/History -part 2 - chveron' (Root cause: org.openqa.selenium.TimeoutException: timeout
  (Session info: chrome=75.0.3770.100)
  (Driver info: chromedriver=2.43.600229 (3fae4d0cda5334b4f533bede5a4787f7b832d052),platform=Mac OS X 10.13.6 x86_64) (WARNING: The server did not provide any stacktrace information)
Command duration or timeout: 0 milliseconds
Build info: version: '3.7.1', revision: '8a0099a', time: '2017-11-06T21:07:36.161Z'
System info: host: 'sumans-MacBook-Pro.local', ip: 'fe80:0:0:0:98:5ae9:edb9:537f%en0', os.name: 'Mac OS X', os.arch: 'x86_64', os.version: '10.13.6', java.version: '1.8.0_181'
Driver info: com.kms.katalon.selenium.driver.CChromeDriver
Capabilities {acceptInsecureCerts: false, acceptSslCerts: false, applicationCacheEnabled: false, browserConnectionEnabled: false, browserName: chrome, chrome: {chromedriverVersion: 2.43.600229 (3fae4d0cda5334..., userDataDir: /var/folders/1t/c55l8xzs6gq...}, cssSelectorsEnabled: true, databaseEnabled: false, goog:chromeOptions: {debuggerAddress: localhost:50604}, handlesAlerts: true, hasTouchScreen: false, javascriptEnabled: true, locationContextEnabled: true, mobileEmulationEnabled: false, nativeEvents: true, networkConnectionEnabled: false, pageLoadStrategy: normal, platform: MAC, platformName: MAC, rotatable: false, setWindowRect: true, takesHeapSnapshot: true, takesScreenshot: true, unexpectedAlertBehaviour: , unhandledPromptBehavior: , version: 75.0.3770.100, webStorageEnabled: true}
Session ID: f653a94c002165ae9036e6e25d34751e)

2019-07-02 17:10:17 - [MESSAGE][FAILED] - click(findTestObject("OCS-MOBILE /LEARN page/History -part 2 - chveron")) FAILED.
Reason:
com.kms.katalon.core.exception.StepFailedException: Unable to click on object 'Object Repository/OCS-MOBILE /LEARN page/History -part 2 - chveron' (Root cause: org.openqa.selenium.TimeoutException: timeout
  (Session info: chrome=75.0.3770.100)
  (Driver info: chromedriver=2.43.600229 (3fae4d0cda5334b4f533bede5a4787f7b832d052),platform=Mac OS X 10.13.6 x86_64) (WARNING: The server did not provide any stacktrace information)
Command duration or timeout: 0 milliseconds
Build info: version: '3.7.1', revision: '8a0099a', time: '2017-11-06T21:07:36.161Z'
System info: host: 'sumans-MacBook-Pro.local', ip: 'fe80:0:0:0:98:5ae9:edb9:537f%en0', os.name: 'Mac OS X', os.arch: 'x86_64', os.version: '10.13.6', java.version: '1.8.0_181'
Driver info: com.kms.katalon.selenium.driver.CChromeDriver
Capabilities {acceptInsecureCerts: false, acceptSslCerts: false, applicationCacheEnabled: false, browserConnectionEnabled: false, browserName: chrome, chrome: {chromedriverVersion: 2.43.600229 (3fae4d0cda5334..., userDataDir: /var/folders/1t/c55l8xzs6gq...}, cssSelectorsEnabled: true, databaseEnabled: false, goog:chromeOptions: {debuggerAddress: localhost:50604}, handlesAlerts: true, hasTouchScreen: false, javascriptEnabled: true, locationContextEnabled: true, mobileEmulationEnabled: false, nativeEvents: true, networkConnectionEnabled: false, pageLoadStrategy: normal, platform: MAC, platformName: MAC, rotatable: false, setWindowRect: true, takesHeapSnapshot: true, takesScreenshot: true, unexpectedAlertBehaviour: , unhandledPromptBehavior: , version: 75.0.3770.100, webStorageEnabled: true}
Session ID: f653a94c002165ae9036e6e25d34751e)
	at com.kms.katalon.core.keyword.internal.KeywordMain.stepFailed(KeywordMain.groovy:36)
	at com.kms.katalon.core.webui.keyword.internal.WebUIKeywordMain.stepFailed(WebUIKeywordMain.groovy:65)
	at com.kms.katalon.core.webui.keyword.internal.WebUIKeywordMain.runKeyword(WebUIKeywordMain.groovy:27)
	at com.kms.katalon.core.webui.keyword.builtin.ClickKeyword.click(ClickKeyword.groovy:86)
	at com.kms.katalon.core.webui.keyword.builtin.ClickKeyword.execute(ClickKeyword.groovy:67)
	at com.kms.katalon.core.keyword.internal.KeywordExecutor.executeKeywordForPlatform(KeywordExecutor.groovy:53)
	at com.kms.katalon.core.webui.keyword.WebUiBuiltInKeywords.click(WebUiBuiltInKeywords.groovy:616)
	at com.kms.katalon.core.webui.keyword.WebUiBuiltInKeywords$click$4.call(Unknown Source)
	at HP- Burger menu- Learn.run(HP- Burger menu- Learn:460)
	at com.kms.katalon.core.main.ScriptEngine.run(ScriptEngine.java:194)
	at com.kms.katalon.core.main.ScriptEngine.runScriptAsRawText(ScriptEngine.java:119)
	at com.kms.katalon.core.main.TestCaseExecutor.runScript(TestCaseExecutor.java:328)
	at com.kms.katalon.core.main.TestCaseExecutor.doExecute(TestCaseExecutor.java:319)
	at com.kms.katalon.core.main.TestCaseExecutor.processExecutionPhase(TestCaseExecutor.java:298)
	at com.kms.katalon.core.main.TestCaseExecutor.accessMainPhase(TestCaseExecutor.java:290)
	at com.kms.katalon.core.main.TestCaseExecutor.execute(TestCaseExecutor.java:224)
	at com.kms.katalon.core.main.TestSuiteExecutor.accessTestCaseMainPhase(TestSuiteExecutor.java:129)
	at com.kms.katalon.core.main.TestSuiteExecutor.accessTestSuiteMainPhase(TestSuiteExecutor.java:112)
	at com.kms.katalon.core.main.TestSuiteExecutor.execute(TestSuiteExecutor.java:81)
	at com.kms.katalon.core.main.TestCaseMain.startTestSuite(TestCaseMain.java:149)
	at com.kms.katalon.core.main.TestCaseMain$startTestSuite$0.call(Unknown Source)
	at TempTestSuite1562098461396.run(TempTestSuite1562098461396.groovy:36)]]></system-out>
         <system-err><![CDATA[2019-07-02 16:56:05 - [TEST_CASE][FAILED] - Test Cases/OCS - MOBILE/OCS- HOME PAGE/HP- Burger menu- Learn: Test Cases/OCS - MOBILE/OCS- HOME PAGE/HP- Burger menu- Learn FAILED.
Reason:
com.kms.katalon.core.exception.StepFailedException: Unable to click on object 'Object Repository/OCS-MOBILE /LEARN page/History -part 2 - chveron' (Root cause: org.openqa.selenium.TimeoutException: timeout
  (Session info: chrome=75.0.3770.100)
  (Driver info: chromedriver=2.43.600229 (3fae4d0cda5334b4f533bede5a4787f7b832d052),platform=Mac OS X 10.13.6 x86_64) (WARNING: The server did not provide any stacktrace information)
Command duration or timeout: 0 milliseconds
Build info: version: '3.7.1', revision: '8a0099a', time: '2017-11-06T21:07:36.161Z'
System info: host: 'sumans-MacBook-Pro.local', ip: 'fe80:0:0:0:98:5ae9:edb9:537f%en0', os.name: 'Mac OS X', os.arch: 'x86_64', os.version: '10.13.6', java.version: '1.8.0_181'
Driver info: com.kms.katalon.selenium.driver.CChromeDriver
Capabilities {acceptInsecureCerts: false, acceptSslCerts: false, applicationCacheEnabled: false, browserConnectionEnabled: false, browserName: chrome, chrome: {chromedriverVersion: 2.43.600229 (3fae4d0cda5334..., userDataDir: /var/folders/1t/c55l8xzs6gq...}, cssSelectorsEnabled: true, databaseEnabled: false, goog:chromeOptions: {debuggerAddress: localhost:50604}, handlesAlerts: true, hasTouchScreen: false, javascriptEnabled: true, locationContextEnabled: true, mobileEmulationEnabled: false, nativeEvents: true, networkConnectionEnabled: false, pageLoadStrategy: normal, platform: MAC, platformName: MAC, rotatable: false, setWindowRect: true, takesHeapSnapshot: true, takesScreenshot: true, unexpectedAlertBehaviour: , unhandledPromptBehavior: , version: 75.0.3770.100, webStorageEnabled: true}
Session ID: f653a94c002165ae9036e6e25d34751e)
	at com.kms.katalon.core.keyword.internal.KeywordMain.stepFailed(KeywordMain.groovy:36)
	at com.kms.katalon.core.webui.keyword.internal.WebUIKeywordMain.stepFailed(WebUIKeywordMain.groovy:65)
	at com.kms.katalon.core.webui.keyword.internal.WebUIKeywordMain.runKeyword(WebUIKeywordMain.groovy:27)
	at com.kms.katalon.core.webui.keyword.builtin.ClickKeyword.click(ClickKeyword.groovy:86)
	at com.kms.katalon.core.webui.keyword.builtin.ClickKeyword.execute(ClickKeyword.groovy:67)
	at com.kms.katalon.core.keyword.internal.KeywordExecutor.executeKeywordForPlatform(KeywordExecutor.groovy:53)
	at com.kms.katalon.core.webui.keyword.WebUiBuiltInKeywords.click(WebUiBuiltInKeywords.groovy:616)
	at com.kms.katalon.core.webui.keyword.WebUiBuiltInKeywords$click$4.call(Unknown Source)
	at HP- Burger menu- Learn.run(HP- Burger menu- Learn:460)
	at com.kms.katalon.core.main.ScriptEngine.run(ScriptEngine.java:194)
	at com.kms.katalon.core.main.ScriptEngine.runScriptAsRawText(ScriptEngine.java:119)
	at com.kms.katalon.core.main.TestCaseExecutor.runScript(TestCaseExecutor.java:328)
	at com.kms.katalon.core.main.TestCaseExecutor.doExecute(TestCaseExecutor.java:319)
	at com.kms.katalon.core.main.TestCaseExecutor.processExecutionPhase(TestCaseExecutor.java:298)
	at com.kms.katalon.core.main.TestCaseExecutor.accessMainPhase(TestCaseExecutor.java:290)
	at com.kms.katalon.core.main.TestCaseExecutor.execute(TestCaseExecutor.java:224)
	at com.kms.katalon.core.main.TestSuiteExecutor.accessTestCaseMainPhase(TestSuiteExecutor.java:129)
	at com.kms.katalon.core.main.TestSuiteExecutor.accessTestSuiteMainPhase(TestSuiteExecutor.java:112)
	at com.kms.katalon.core.main.TestSuiteExecutor.execute(TestSuiteExecutor.java:81)
	at com.kms.katalon.core.main.TestCaseMain.startTestSuite(TestCaseMain.java:149)
	at com.kms.katalon.core.main.TestCaseMain$startTestSuite$0.call(Unknown Source)
	at TempTestSuite1562098461396.run(TempTestSuite1562098461396.groovy:36)]]></system-err>
      </testcase>
      <testcase name="Test Cases/OCS - MOBILE/OCS- PRODUCT PAGE/Add to bag CTA" classname="Test Cases/OCS - MOBILE/OCS- PRODUCT PAGE/Add to bag CTA" status="PASSED">
         <system-out><![CDATA[2019-07-02 17:10:17 - [TEST_CASE][PASSED] - Test Cases/OCS - MOBILE/OCS- PRODUCT PAGE/Add to bag CTA: Test Cases/OCS - MOBILE/OCS- PRODUCT PAGE/Add to bag CTA

2019-07-02 17:10:17 - [TEST_STEP][PASSED] - callTestCase(findTestCase("OCS - MOBILE/CALL - PDP"), [:], STOP_ON_FAILURE): Call Test Case 'Test Cases/OCS - MOBILE/CALL - PDP' successfully

2019-07-02 17:10:17 - [TEST_CASE][PASSED] - Test Cases/OCS - MOBILE/CALL - PDP: Test Cases/OCS - MOBILE/CALL - PDP

2019-07-02 17:10:18 - [TEST_STEP][PASSED] - openBrowser(""): Browser is opened with url: ''

2019-07-02 17:10:18 - [MESSAGE][WARNING] - A browser is already opened. Closing browser and opening a new one

2019-07-02 17:10:18 - [MESSAGE][INFO] - Starting 'Chrome' driver

2019-07-02 17:10:19 - [MESSAGE][PASSED] - Browser is opened with url: ''

2019-07-02 17:10:19 - [TEST_STEP][PASSED] - navigateToUrl("https://ocs.ca/?fts=0&preview_theme_id=74203301708"): Navigate to 'https://ocs.ca/?fts=0&preview_theme_id=74203301708' successfully

2019-07-02 17:10:25 - [MESSAGE][PASSED] - Navigate to 'https://ocs.ca/?fts=0&preview_theme_id=74203301708' successfully

2019-07-02 17:10:25 - [TEST_STEP][PASSED] - executeJavaScript("var previewBar = document.getElementById("preview-bar-iframe"); previewBar.style.display = "none";", []): Execute JavaScript 'var previewBar = document.getElementById("preview-bar-iframe"); previewBar.style.display = "none";' successfully

2019-07-02 17:10:25 - [MESSAGE][PASSED] - Execute JavaScript 'var previewBar = document.getElementById("preview-bar-iframe"); previewBar.style.display = "none";' successfully

2019-07-02 17:10:25 - [TEST_STEP][PASSED] - setViewPortSize(360, 800): Viewport is set to new size with width = 360 and height = 800

2019-07-02 17:10:25 - [MESSAGE][PASSED] - Viewport is set to new size with width = 360 and height = 800

2019-07-02 17:10:25 - [TEST_STEP][PASSED] - delay(4): Delayed 4 second(s)

2019-07-02 17:10:29 - [MESSAGE][PASSED] - Delayed 4 second(s)

2019-07-02 17:10:29 - [TEST_STEP][PASSED] - selectOptionByValue(findTestObject("OCS-MOBILE /Age gate and burger menu/Date"), "12", true): All options with value '12' are selected in object 'Object Repository/OCS-MOBILE /Age gate and burger menu/Date'  using regular expression

2019-07-02 17:10:29 - [MESSAGE][PASSED] - All options with value '12' are selected in object 'Object Repository/OCS-MOBILE /Age gate and burger menu/Date'  using regular expression

2019-07-02 17:10:29 - [TEST_STEP][PASSED] - selectOptionByValue(findTestObject("OCS-MOBILE /Age gate and burger menu/month"), "6", true): All options with value '6' are selected in object 'Object Repository/OCS-MOBILE /Age gate and burger menu/month'  using regular expression

2019-07-02 17:10:29 - [MESSAGE][PASSED] - All options with value '6' are selected in object 'Object Repository/OCS-MOBILE /Age gate and burger menu/month'  using regular expression

2019-07-02 17:10:29 - [TEST_STEP][PASSED] - delay(2): Delayed 2 second(s)

2019-07-02 17:10:31 - [MESSAGE][PASSED] - Delayed 2 second(s)

2019-07-02 17:10:31 - [TEST_STEP][PASSED] - selectOptionByValue(findTestObject("OCS-MOBILE /Age gate and burger menu/Year Dropdown"), "1990", true): All options with value '1990' are selected in object 'Object Repository/OCS-MOBILE /Age gate and burger menu/Year Dropdown'  using regular expression

2019-07-02 17:10:33 - [MESSAGE][PASSED] - All options with value '1990' are selected in object 'Object Repository/OCS-MOBILE /Age gate and burger menu/Year Dropdown'  using regular expression

2019-07-02 17:10:33 - [TEST_STEP][PASSED] - click(findTestObject("OCS-MOBILE /Age gate and Mega menu/button_Verify")): Object: 'Object Repository/OCS-MOBILE /Age gate and Mega menu/button_Verify' is clicked on

2019-07-02 17:10:33 - [MESSAGE][PASSED] - Object: 'Object Repository/OCS-MOBILE /Age gate and Mega menu/button_Verify' is clicked on

2019-07-02 17:10:33 - [TEST_STEP][PASSED] - click(findTestObject("OCS-MOBILE /Age gate and Mega menu/Checkbox_CONFIRM AND ACKNOWLEDGE")): Object: 'Object Repository/OCS-MOBILE /Age gate and Mega menu/Checkbox_CONFIRM AND ACKNOWLEDGE' is clicked on

2019-07-02 17:10:33 - [MESSAGE][PASSED] - Object: 'Object Repository/OCS-MOBILE /Age gate and Mega menu/Checkbox_CONFIRM AND ACKNOWLEDGE' is clicked on

2019-07-02 17:10:33 - [TEST_STEP][PASSED] - click(findTestObject("OCS-MOBILE /Age gate and Mega menu/button_CONFIRM")): Object: 'Object Repository/OCS-MOBILE /Age gate and Mega menu/button_CONFIRM' is clicked on

2019-07-02 17:10:33 - [MESSAGE][PASSED] - Object: 'Object Repository/OCS-MOBILE /Age gate and Mega menu/button_CONFIRM' is clicked on

2019-07-02 17:10:33 - [TEST_STEP][PASSED] - click(findTestObject("OCS-MOBILE /Age gate and Mega menu/button_Start Browsing")): Object: 'Object Repository/OCS-MOBILE /Age gate and Mega menu/button_Start Browsing' is clicked on

2019-07-02 17:10:33 - [MESSAGE][PASSED] - Object: 'Object Repository/OCS-MOBILE /Age gate and Mega menu/button_Start Browsing' is clicked on

2019-07-02 17:10:33 - [TEST_STEP][PASSED] - refresh(): Refresh successfully

2019-07-02 17:10:37 - [MESSAGE][PASSED] - Refresh successfully

2019-07-02 17:10:37 - [TEST_STEP][PASSED] - delay(2): Delayed 2 second(s)

2019-07-02 17:10:39 - [MESSAGE][PASSED] - Delayed 2 second(s)

2019-07-02 17:10:39 - [TEST_STEP][PASSED] - click(findTestObject("OCS-MOBILE /Age gate and burger menu/Burger menu - English")): Object: 'Object Repository/OCS-MOBILE /Age gate and burger menu/Burger menu - English' is clicked on

2019-07-02 17:10:39 - [MESSAGE][PASSED] - Object: 'Object Repository/OCS-MOBILE /Age gate and burger menu/Burger menu - English' is clicked on

2019-07-02 17:10:39 - [TEST_STEP][PASSED] - delay(2): Delayed 2 second(s)

2019-07-02 17:10:41 - [MESSAGE][PASSED] - Delayed 2 second(s)

2019-07-02 17:10:41 - [TEST_STEP][PASSED] - click(findTestObject("OCS-MOBILE /Age gate and burger menu/Chevron_Cannabis")): Object: 'Object Repository/OCS-MOBILE /Age gate and burger menu/Chevron_Cannabis' is clicked on

2019-07-02 17:10:41 - [MESSAGE][PASSED] - Object: 'Object Repository/OCS-MOBILE /Age gate and burger menu/Chevron_Cannabis' is clicked on

2019-07-02 17:10:41 - [TEST_STEP][PASSED] - delay(2): Delayed 2 second(s)

2019-07-02 17:10:43 - [MESSAGE][PASSED] - Delayed 2 second(s)

2019-07-02 17:10:43 - [TEST_STEP][PASSED] - click(findTestObject("OCS-MOBILE /Age gate and burger menu/Dried Flower_Plus icon")): Object: 'Object Repository/OCS-MOBILE /Age gate and burger menu/Dried Flower_Plus icon' is clicked on

2019-07-02 17:10:43 - [MESSAGE][PASSED] - Object: 'Object Repository/OCS-MOBILE /Age gate and burger menu/Dried Flower_Plus icon' is clicked on

2019-07-02 17:10:43 - [TEST_STEP][PASSED] - delay(2): Delayed 2 second(s)

2019-07-02 17:10:45 - [MESSAGE][PASSED] - Delayed 2 second(s)

2019-07-02 17:10:45 - [TEST_STEP][PASSED] - click(findTestObject("OCS-MOBILE /Age gate and burger menu/Indica Dominant_Menu item")): Object: 'Object Repository/OCS-MOBILE /Age gate and burger menu/Indica Dominant_Menu item' is clicked on

2019-07-02 17:10:47 - [MESSAGE][PASSED] - Object: 'Object Repository/OCS-MOBILE /Age gate and burger menu/Indica Dominant_Menu item' is clicked on

2019-07-02 17:10:47 - [TEST_STEP][PASSED] - executeJavaScript("var previewBar = document.getElementById("preview-bar-iframe"); previewBar.style.display = "none";", []): Execute JavaScript 'var previewBar = document.getElementById("preview-bar-iframe"); previewBar.style.display = "none";' successfully

2019-07-02 17:10:47 - [MESSAGE][PASSED] - Execute JavaScript 'var previewBar = document.getElementById("preview-bar-iframe"); previewBar.style.display = "none";' successfully

2019-07-02 17:10:47 - [TEST_STEP][PASSED] - delay(2): Delayed 2 second(s)

2019-07-02 17:10:49 - [MESSAGE][PASSED] - Delayed 2 second(s)

2019-07-02 17:10:49 - [TEST_STEP][PASSED] - click(findTestObject("OCS-MOBILE /Collection page/Product image - 1st one")): Object: 'Object Repository/OCS-MOBILE /Collection page/Product image - 1st one' is clicked on

2019-07-02 17:10:53 - [MESSAGE][PASSED] - Object: 'Object Repository/OCS-MOBILE /Collection page/Product image - 1st one' is clicked on

2019-07-02 17:10:53 - [TEST_STEP][PASSED] - delay(2): Delayed 2 second(s)

2019-07-02 17:10:55 - [MESSAGE][PASSED] - Delayed 2 second(s)

2019-07-02 17:10:55 - [TEST_STEP][PASSED] - executeJavaScript("var previewBar = document.getElementById("preview-bar-iframe"); previewBar.style.display = "none";", []): Execute JavaScript 'var previewBar = document.getElementById("preview-bar-iframe"); previewBar.style.display = "none";' successfully

2019-07-02 17:10:55 - [MESSAGE][PASSED] - Execute JavaScript 'var previewBar = document.getElementById("preview-bar-iframe"); previewBar.style.display = "none";' successfully

2019-07-02 17:10:55 - [MESSAGE][PASSED] - Call Test Case 'Test Cases/OCS - MOBILE/CALL - PDP' successfully

2019-07-02 17:10:55 - [TEST_STEP][PASSED] - executeJavaScript("var previewBar = document.getElementById("preview-bar-iframe"); previewBar.style.display = "none";", []): Execute JavaScript 'var previewBar = document.getElementById("preview-bar-iframe"); previewBar.style.display = "none";' successfully

2019-07-02 17:10:55 - [MESSAGE][PASSED] - Execute JavaScript 'var previewBar = document.getElementById("preview-bar-iframe"); previewBar.style.display = "none";' successfully

2019-07-02 17:10:55 - [TEST_STEP][NOT_RUN] - scrollToElement(findTestObject("OCS-MOBILE /Product page/Product image"), 1): NOT_RUN: scrollToElement(findTestObject("OCS-MOBILE /Product page/Product image"), 1)

2019-07-02 17:10:55 - [MESSAGE][NOT_RUN] - NOT_RUN: scrollToElement(findTestObject("OCS-MOBILE /Product page/Product image"), 1)

2019-07-02 17:10:55 - [TEST_STEP][PASSED] - delay(2): Delayed 2 second(s)

2019-07-02 17:10:57 - [MESSAGE][PASSED] - Delayed 2 second(s)

2019-07-02 17:10:57 - [TEST_STEP][PASSED] - click(findTestObject("OCS-MOBILE /Product page/Swatch_1g")): Object: 'Object Repository/OCS-MOBILE /Product page/Swatch_1g' is clicked on

2019-07-02 17:10:57 - [MESSAGE][PASSED] - Object: 'Object Repository/OCS-MOBILE /Product page/Swatch_1g' is clicked on

2019-07-02 17:10:57 - [TEST_STEP][PASSED] - scrollToElement(findTestObject("OCS-MOBILE /Product page/Swatch_3.5g"), 1): Scroll to object 'Object Repository/OCS-MOBILE /Product page/Swatch_3.5g' successfully

2019-07-02 17:10:57 - [MESSAGE][PASSED] - Scroll to object 'Object Repository/OCS-MOBILE /Product page/Swatch_3.5g' successfully

2019-07-02 17:10:57 - [TEST_STEP][PASSED] - delay(2): Delayed 2 second(s)

2019-07-02 17:10:59 - [MESSAGE][PASSED] - Delayed 2 second(s)

2019-07-02 17:10:59 - [TEST_STEP][PASSED] - click(findTestObject("OCS-MOBILE /Product page/Add to Bag-button")): Object: 'Object Repository/OCS-MOBILE /Product page/Add to Bag-button' is clicked on

2019-07-02 17:10:59 - [MESSAGE][PASSED] - Object: 'Object Repository/OCS-MOBILE /Product page/Add to Bag-button' is clicked on

2019-07-02 17:10:59 - [TEST_STEP][PASSED] - delay(1): Delayed 1 second(s)

2019-07-02 17:11:00 - [MESSAGE][PASSED] - Delayed 1 second(s)

2019-07-02 17:11:00 - [TEST_STEP][PASSED] - click(findTestObject("OCS-MOBILE /Home - page/Cart icon -bag")): Object: 'Object Repository/OCS-MOBILE /Home - page/Cart icon -bag' is clicked on

2019-07-02 17:11:00 - [MESSAGE][PASSED] - Object: 'Object Repository/OCS-MOBILE /Home - page/Cart icon -bag' is clicked on

2019-07-02 17:11:00 - [TEST_STEP][PASSED] - delay(1): Delayed 1 second(s)

2019-07-02 17:11:01 - [MESSAGE][PASSED] - Delayed 1 second(s)

2019-07-02 17:11:01 - [TEST_STEP][PASSED] - verifyElementPresent(findTestObject("OCS-MOBILE /Cart flyout/Cart - 1st item"), 2): Object 'Object Repository/OCS-MOBILE /Cart flyout/Cart - 1st item' is present

2019-07-02 17:11:01 - [MESSAGE][PASSED] - Object 'Object Repository/OCS-MOBILE /Cart flyout/Cart - 1st item' is present

2019-07-02 17:11:01 - [TEST_STEP][PASSED] - delay(1): Delayed 1 second(s)

2019-07-02 17:11:02 - [MESSAGE][PASSED] - Delayed 1 second(s)

2019-07-02 17:11:02 - [TEST_STEP][PASSED] - click(findTestObject("OCS-MOBILE /Cart flyout/Back icon")): Object: 'Object Repository/OCS-MOBILE /Cart flyout/Back icon' is clicked on

2019-07-02 17:11:02 - [MESSAGE][PASSED] - Object: 'Object Repository/OCS-MOBILE /Cart flyout/Back icon' is clicked on

2019-07-02 17:11:02 - [TEST_STEP][PASSED] - closeBrowser(): Browser is closed

2019-07-02 17:11:02 - [MESSAGE][PASSED] - Browser is closed]]></system-out>
         <system-err><![CDATA[]]></system-err>
      </testcase>
      <testcase name="Test Cases/OCS - MOBILE/OCS- PRODUCT PAGE/Shop all of our products" classname="Test Cases/OCS - MOBILE/OCS- PRODUCT PAGE/Shop all of our products" status="PASSED">
         <system-out><![CDATA[2019-07-02 17:11:02 - [TEST_CASE][PASSED] - Test Cases/OCS - MOBILE/OCS- PRODUCT PAGE/Shop all of our products: Test Cases/OCS - MOBILE/OCS- PRODUCT PAGE/Shop all of our products

2019-07-02 17:11:02 - [TEST_STEP][PASSED] - callTestCase(findTestCase("OCS - MOBILE/CALL - PDP"), [:], STOP_ON_FAILURE): Call Test Case 'Test Cases/OCS - MOBILE/CALL - PDP' successfully

2019-07-02 17:11:02 - [TEST_CASE][PASSED] - Test Cases/OCS - MOBILE/CALL - PDP: Test Cases/OCS - MOBILE/CALL - PDP

2019-07-02 17:11:02 - [TEST_STEP][PASSED] - openBrowser(""): Browser is opened with url: ''

2019-07-02 17:11:02 - [MESSAGE][INFO] - Starting 'Chrome' driver

2019-07-02 17:11:04 - [MESSAGE][PASSED] - Browser is opened with url: ''

2019-07-02 17:11:04 - [TEST_STEP][PASSED] - navigateToUrl("https://ocs.ca/?fts=0&preview_theme_id=74203301708"): Navigate to 'https://ocs.ca/?fts=0&preview_theme_id=74203301708' successfully

2019-07-02 17:11:09 - [MESSAGE][PASSED] - Navigate to 'https://ocs.ca/?fts=0&preview_theme_id=74203301708' successfully

2019-07-02 17:11:09 - [TEST_STEP][PASSED] - executeJavaScript("var previewBar = document.getElementById("preview-bar-iframe"); previewBar.style.display = "none";", []): Execute JavaScript 'var previewBar = document.getElementById("preview-bar-iframe"); previewBar.style.display = "none";' successfully

2019-07-02 17:11:09 - [MESSAGE][PASSED] - Execute JavaScript 'var previewBar = document.getElementById("preview-bar-iframe"); previewBar.style.display = "none";' successfully

2019-07-02 17:11:09 - [TEST_STEP][PASSED] - setViewPortSize(360, 800): Viewport is set to new size with width = 360 and height = 800

2019-07-02 17:11:09 - [MESSAGE][PASSED] - Viewport is set to new size with width = 360 and height = 800

2019-07-02 17:11:09 - [TEST_STEP][PASSED] - delay(4): Delayed 4 second(s)

2019-07-02 17:11:13 - [MESSAGE][PASSED] - Delayed 4 second(s)

2019-07-02 17:11:13 - [TEST_STEP][PASSED] - selectOptionByValue(findTestObject("OCS-MOBILE /Age gate and burger menu/Date"), "12", true): All options with value '12' are selected in object 'Object Repository/OCS-MOBILE /Age gate and burger menu/Date'  using regular expression

2019-07-02 17:11:13 - [MESSAGE][PASSED] - All options with value '12' are selected in object 'Object Repository/OCS-MOBILE /Age gate and burger menu/Date'  using regular expression

2019-07-02 17:11:13 - [TEST_STEP][PASSED] - selectOptionByValue(findTestObject("OCS-MOBILE /Age gate and burger menu/month"), "6", true): All options with value '6' are selected in object 'Object Repository/OCS-MOBILE /Age gate and burger menu/month'  using regular expression

2019-07-02 17:11:14 - [MESSAGE][PASSED] - All options with value '6' are selected in object 'Object Repository/OCS-MOBILE /Age gate and burger menu/month'  using regular expression

2019-07-02 17:11:14 - [TEST_STEP][PASSED] - delay(2): Delayed 2 second(s)

2019-07-02 17:11:16 - [MESSAGE][PASSED] - Delayed 2 second(s)

2019-07-02 17:11:16 - [TEST_STEP][PASSED] - selectOptionByValue(findTestObject("OCS-MOBILE /Age gate and burger menu/Year Dropdown"), "1990", true): All options with value '1990' are selected in object 'Object Repository/OCS-MOBILE /Age gate and burger menu/Year Dropdown'  using regular expression

2019-07-02 17:11:17 - [MESSAGE][PASSED] - All options with value '1990' are selected in object 'Object Repository/OCS-MOBILE /Age gate and burger menu/Year Dropdown'  using regular expression

2019-07-02 17:11:17 - [TEST_STEP][PASSED] - click(findTestObject("OCS-MOBILE /Age gate and Mega menu/button_Verify")): Object: 'Object Repository/OCS-MOBILE /Age gate and Mega menu/button_Verify' is clicked on

2019-07-02 17:11:17 - [MESSAGE][PASSED] - Object: 'Object Repository/OCS-MOBILE /Age gate and Mega menu/button_Verify' is clicked on

2019-07-02 17:11:17 - [TEST_STEP][PASSED] - click(findTestObject("OCS-MOBILE /Age gate and Mega menu/Checkbox_CONFIRM AND ACKNOWLEDGE")): Object: 'Object Repository/OCS-MOBILE /Age gate and Mega menu/Checkbox_CONFIRM AND ACKNOWLEDGE' is clicked on

2019-07-02 17:11:17 - [MESSAGE][PASSED] - Object: 'Object Repository/OCS-MOBILE /Age gate and Mega menu/Checkbox_CONFIRM AND ACKNOWLEDGE' is clicked on

2019-07-02 17:11:17 - [TEST_STEP][PASSED] - click(findTestObject("OCS-MOBILE /Age gate and Mega menu/button_CONFIRM")): Object: 'Object Repository/OCS-MOBILE /Age gate and Mega menu/button_CONFIRM' is clicked on

2019-07-02 17:11:17 - [MESSAGE][PASSED] - Object: 'Object Repository/OCS-MOBILE /Age gate and Mega menu/button_CONFIRM' is clicked on

2019-07-02 17:11:17 - [TEST_STEP][PASSED] - click(findTestObject("OCS-MOBILE /Age gate and Mega menu/button_Start Browsing")): Object: 'Object Repository/OCS-MOBILE /Age gate and Mega menu/button_Start Browsing' is clicked on

2019-07-02 17:11:17 - [MESSAGE][PASSED] - Object: 'Object Repository/OCS-MOBILE /Age gate and Mega menu/button_Start Browsing' is clicked on

2019-07-02 17:11:17 - [TEST_STEP][PASSED] - refresh(): Refresh successfully

2019-07-02 17:11:20 - [MESSAGE][PASSED] - Refresh successfully

2019-07-02 17:11:20 - [TEST_STEP][PASSED] - delay(2): Delayed 2 second(s)

2019-07-02 17:11:22 - [MESSAGE][PASSED] - Delayed 2 second(s)

2019-07-02 17:11:22 - [TEST_STEP][PASSED] - click(findTestObject("OCS-MOBILE /Age gate and burger menu/Burger menu - English")): Object: 'Object Repository/OCS-MOBILE /Age gate and burger menu/Burger menu - English' is clicked on

2019-07-02 17:11:22 - [MESSAGE][PASSED] - Object: 'Object Repository/OCS-MOBILE /Age gate and burger menu/Burger menu - English' is clicked on

2019-07-02 17:11:22 - [TEST_STEP][PASSED] - delay(2): Delayed 2 second(s)

2019-07-02 17:11:24 - [MESSAGE][PASSED] - Delayed 2 second(s)

2019-07-02 17:11:24 - [TEST_STEP][PASSED] - click(findTestObject("OCS-MOBILE /Age gate and burger menu/Chevron_Cannabis")): Object: 'Object Repository/OCS-MOBILE /Age gate and burger menu/Chevron_Cannabis' is clicked on

2019-07-02 17:11:24 - [MESSAGE][PASSED] - Object: 'Object Repository/OCS-MOBILE /Age gate and burger menu/Chevron_Cannabis' is clicked on

2019-07-02 17:11:24 - [TEST_STEP][PASSED] - delay(2): Delayed 2 second(s)

2019-07-02 17:11:26 - [MESSAGE][PASSED] - Delayed 2 second(s)

2019-07-02 17:11:26 - [TEST_STEP][PASSED] - click(findTestObject("OCS-MOBILE /Age gate and burger menu/Dried Flower_Plus icon")): Object: 'Object Repository/OCS-MOBILE /Age gate and burger menu/Dried Flower_Plus icon' is clicked on

2019-07-02 17:11:26 - [MESSAGE][PASSED] - Object: 'Object Repository/OCS-MOBILE /Age gate and burger menu/Dried Flower_Plus icon' is clicked on

2019-07-02 17:11:26 - [TEST_STEP][PASSED] - delay(2): Delayed 2 second(s)

2019-07-02 17:11:28 - [MESSAGE][PASSED] - Delayed 2 second(s)

2019-07-02 17:11:28 - [TEST_STEP][PASSED] - click(findTestObject("OCS-MOBILE /Age gate and burger menu/Indica Dominant_Menu item")): Object: 'Object Repository/OCS-MOBILE /Age gate and burger menu/Indica Dominant_Menu item' is clicked on

2019-07-02 17:11:30 - [MESSAGE][PASSED] - Object: 'Object Repository/OCS-MOBILE /Age gate and burger menu/Indica Dominant_Menu item' is clicked on

2019-07-02 17:11:30 - [TEST_STEP][PASSED] - executeJavaScript("var previewBar = document.getElementById("preview-bar-iframe"); previewBar.style.display = "none";", []): Execute JavaScript 'var previewBar = document.getElementById("preview-bar-iframe"); previewBar.style.display = "none";' successfully

2019-07-02 17:11:30 - [MESSAGE][PASSED] - Execute JavaScript 'var previewBar = document.getElementById("preview-bar-iframe"); previewBar.style.display = "none";' successfully

2019-07-02 17:11:30 - [TEST_STEP][PASSED] - delay(2): Delayed 2 second(s)

2019-07-02 17:11:32 - [MESSAGE][PASSED] - Delayed 2 second(s)

2019-07-02 17:11:32 - [TEST_STEP][PASSED] - click(findTestObject("OCS-MOBILE /Collection page/Product image - 1st one")): Object: 'Object Repository/OCS-MOBILE /Collection page/Product image - 1st one' is clicked on

2019-07-02 17:11:36 - [MESSAGE][PASSED] - Object: 'Object Repository/OCS-MOBILE /Collection page/Product image - 1st one' is clicked on

2019-07-02 17:11:36 - [TEST_STEP][PASSED] - delay(2): Delayed 2 second(s)

2019-07-02 17:11:38 - [MESSAGE][PASSED] - Delayed 2 second(s)

2019-07-02 17:11:38 - [TEST_STEP][PASSED] - executeJavaScript("var previewBar = document.getElementById("preview-bar-iframe"); previewBar.style.display = "none";", []): Execute JavaScript 'var previewBar = document.getElementById("preview-bar-iframe"); previewBar.style.display = "none";' successfully

2019-07-02 17:11:38 - [MESSAGE][PASSED] - Execute JavaScript 'var previewBar = document.getElementById("preview-bar-iframe"); previewBar.style.display = "none";' successfully

2019-07-02 17:11:38 - [MESSAGE][PASSED] - Call Test Case 'Test Cases/OCS - MOBILE/CALL - PDP' successfully

2019-07-02 17:11:38 - [TEST_STEP][NOT_RUN] - scrollToElement(findTestObject("OCS-MOBILE /Product page/Recently Viewed/1st Product - Image"), 2): NOT_RUN: scrollToElement(findTestObject("OCS-MOBILE /Product page/Recently Viewed/1st Product - Image"), 2)

2019-07-02 17:11:38 - [MESSAGE][NOT_RUN] - NOT_RUN: scrollToElement(findTestObject("OCS-MOBILE /Product page/Recently Viewed/1st Product - Image"), 2)

2019-07-02 17:11:38 - [TEST_STEP][PASSED] - delay(1, OPTIONAL): Delayed 1 second(s)

2019-07-02 17:11:39 - [MESSAGE][PASSED] - Delayed 1 second(s)

2019-07-02 17:11:39 - [TEST_STEP][PASSED] - click(findTestObject("OCS-MOBILE /Product page/Shop all of our products - Button")): Object: 'Object Repository/OCS-MOBILE /Product page/Shop all of our products - Button' is clicked on

2019-07-02 17:11:41 - [MESSAGE][PASSED] - Object: 'Object Repository/OCS-MOBILE /Product page/Shop all of our products - Button' is clicked on

2019-07-02 17:11:41 - [TEST_STEP][PASSED] - a = getWindowTitle(): Current window's title is: 'All Products | Ontario Cannabis Store'

2019-07-02 17:11:41 - [MESSAGE][PASSED] - Current window's title is: 'All Products | Ontario Cannabis Store'

2019-07-02 17:11:41 - [TEST_STEP][PASSED] - b = "All Products | Ontario Cannabis Store": null

2019-07-02 17:11:41 - [TEST_STEP][PASSED] - comment("WINDOW TITLE: " + a): WINDOW TITLE: All Products | Ontario Cannabis Store

2019-07-02 17:11:41 - [MESSAGE][INFO] - WINDOW TITLE: All Products | Ontario Cannabis Store

2019-07-02 17:11:41 - [TEST_STEP][PASSED] - verifyEqual(a, b): Actual object 'All Products | Ontario Cannabis Store' and expected object 'All Products | Ontario Cannabis Store' are equal

2019-07-02 17:11:41 - [MESSAGE][PASSED] - Actual object 'All Products | Ontario Cannabis Store' and expected object 'All Products | Ontario Cannabis Store' are equal]]></system-out>
         <system-err><![CDATA[]]></system-err>
      </testcase>
      <testcase name="Test Cases/OCS - MOBILE/OCS- PRODUCT PAGE/Tooltip" classname="Test Cases/OCS - MOBILE/OCS- PRODUCT PAGE/Tooltip" status="FAILED">
         <failure type="FAILED" message="Test Cases/OCS - MOBILE/OCS- PRODUCT PAGE/Tooltip FAILED.
Reason:
com.kms.katalon.core.exception.StepFailedException: Unable to click on object 'Object Repository/OCS-MOBILE /Product page/Tooltips/CBD - Tooltip' (Root cause: org.openqa.selenium.WebDriverException: unknown error: Element &lt;i class=&quot;icon icon--question-mark&quot;>&lt;/i> is not clickable at point (381, 12). Other element would receive the click: &lt;div class=&quot;menu-bar__left-wrapper&quot;>...&lt;/div>
  (Session info: chrome=75.0.3770.100)
  (Driver info: chromedriver=2.43.600229 (3fae4d0cda5334b4f533bede5a4787f7b832d052),platform=Mac OS X 10.13.6 x86_64) (WARNING: The server did not provide any stacktrace information)
Command duration or timeout: 0 milliseconds
Build info: version: '3.7.1', revision: '8a0099a', time: '2017-11-06T21:07:36.161Z'
System info: host: 'sumans-MacBook-Pro.local', ip: 'fe80:0:0:0:98:5ae9:edb9:537f%en0', os.name: 'Mac OS X', os.arch: 'x86_64', os.version: '10.13.6', java.version: '1.8.0_181'
Driver info: com.kms.katalon.selenium.driver.CChromeDriver
Capabilities {acceptInsecureCerts: false, acceptSslCerts: false, applicationCacheEnabled: false, browserConnectionEnabled: false, browserName: chrome, chrome: {chromedriverVersion: 2.43.600229 (3fae4d0cda5334..., userDataDir: /var/folders/1t/c55l8xzs6gq...}, cssSelectorsEnabled: true, databaseEnabled: false, goog:chromeOptions: {debuggerAddress: localhost:54621}, handlesAlerts: true, hasTouchScreen: false, javascriptEnabled: true, locationContextEnabled: true, mobileEmulationEnabled: false, nativeEvents: true, networkConnectionEnabled: false, pageLoadStrategy: normal, platform: MAC, platformName: MAC, rotatable: false, setWindowRect: true, takesHeapSnapshot: true, takesScreenshot: true, unexpectedAlertBehaviour: , unhandledPromptBehavior: , version: 75.0.3770.100, webStorageEnabled: true}
Session ID: 9bfa396d55bf414416e36cf1f378e920)
	at com.kms.katalon.core.keyword.internal.KeywordMain.stepFailed(KeywordMain.groovy:36)
	at com.kms.katalon.core.webui.keyword.internal.WebUIKeywordMain.stepFailed(WebUIKeywordMain.groovy:65)
	at com.kms.katalon.core.webui.keyword.internal.WebUIKeywordMain.runKeyword(WebUIKeywordMain.groovy:27)
	at com.kms.katalon.core.webui.keyword.builtin.ClickKeyword.click(ClickKeyword.groovy:86)
	at com.kms.katalon.core.webui.keyword.builtin.ClickKeyword.execute(ClickKeyword.groovy:67)
	at com.kms.katalon.core.keyword.internal.KeywordExecutor.executeKeywordForPlatform(KeywordExecutor.groovy:53)
	at com.kms.katalon.core.webui.keyword.WebUiBuiltInKeywords.click(WebUiBuiltInKeywords.groovy:616)
	at com.kms.katalon.core.webui.keyword.WebUiBuiltInKeywords$click$4.call(Unknown Source)
	at Tooltip.run(Tooltip:24)
	at com.kms.katalon.core.main.ScriptEngine.run(ScriptEngine.java:194)
	at com.kms.katalon.core.main.ScriptEngine.runScriptAsRawText(ScriptEngine.java:119)
	at com.kms.katalon.core.main.TestCaseExecutor.runScript(TestCaseExecutor.java:328)
	at com.kms.katalon.core.main.TestCaseExecutor.doExecute(TestCaseExecutor.java:319)
	at com.kms.katalon.core.main.TestCaseExecutor.processExecutionPhase(TestCaseExecutor.java:298)
	at com.kms.katalon.core.main.TestCaseExecutor.accessMainPhase(TestCaseExecutor.java:290)
	at com.kms.katalon.core.main.TestCaseExecutor.execute(TestCaseExecutor.java:224)
	at com.kms.katalon.core.main.TestSuiteExecutor.accessTestCaseMainPhase(TestSuiteExecutor.java:129)
	at com.kms.katalon.core.main.TestSuiteExecutor.accessTestSuiteMainPhase(TestSuiteExecutor.java:112)
	at com.kms.katalon.core.main.TestSuiteExecutor.execute(TestSuiteExecutor.java:81)
	at com.kms.katalon.core.main.TestCaseMain.startTestSuite(TestCaseMain.java:149)
	at com.kms.katalon.core.main.TestCaseMain$startTestSuite$0.call(Unknown Source)
	at TempTestSuite1562098461396.run(TempTestSuite1562098461396.groovy:36)
"/>
         <system-out><![CDATA[2019-07-02 17:11:41 - [TEST_CASE][FAILED] - Test Cases/OCS - MOBILE/OCS- PRODUCT PAGE/Tooltip: Test Cases/OCS - MOBILE/OCS- PRODUCT PAGE/Tooltip FAILED.
Reason:
com.kms.katalon.core.exception.StepFailedException: Unable to click on object 'Object Repository/OCS-MOBILE /Product page/Tooltips/CBD - Tooltip' (Root cause: org.openqa.selenium.WebDriverException: unknown error: Element <i class="icon icon--question-mark"></i> is not clickable at point (381, 12). Other element would receive the click: <div class="menu-bar__left-wrapper">...</div>
  (Session info: chrome=75.0.3770.100)
  (Driver info: chromedriver=2.43.600229 (3fae4d0cda5334b4f533bede5a4787f7b832d052),platform=Mac OS X 10.13.6 x86_64) (WARNING: The server did not provide any stacktrace information)
Command duration or timeout: 0 milliseconds
Build info: version: '3.7.1', revision: '8a0099a', time: '2017-11-06T21:07:36.161Z'
System info: host: 'sumans-MacBook-Pro.local', ip: 'fe80:0:0:0:98:5ae9:edb9:537f%en0', os.name: 'Mac OS X', os.arch: 'x86_64', os.version: '10.13.6', java.version: '1.8.0_181'
Driver info: com.kms.katalon.selenium.driver.CChromeDriver
Capabilities {acceptInsecureCerts: false, acceptSslCerts: false, applicationCacheEnabled: false, browserConnectionEnabled: false, browserName: chrome, chrome: {chromedriverVersion: 2.43.600229 (3fae4d0cda5334..., userDataDir: /var/folders/1t/c55l8xzs6gq...}, cssSelectorsEnabled: true, databaseEnabled: false, goog:chromeOptions: {debuggerAddress: localhost:54621}, handlesAlerts: true, hasTouchScreen: false, javascriptEnabled: true, locationContextEnabled: true, mobileEmulationEnabled: false, nativeEvents: true, networkConnectionEnabled: false, pageLoadStrategy: normal, platform: MAC, platformName: MAC, rotatable: false, setWindowRect: true, takesHeapSnapshot: true, takesScreenshot: true, unexpectedAlertBehaviour: , unhandledPromptBehavior: , version: 75.0.3770.100, webStorageEnabled: true}
Session ID: 9bfa396d55bf414416e36cf1f378e920)
	at com.kms.katalon.core.keyword.internal.KeywordMain.stepFailed(KeywordMain.groovy:36)
	at com.kms.katalon.core.webui.keyword.internal.WebUIKeywordMain.stepFailed(WebUIKeywordMain.groovy:65)
	at com.kms.katalon.core.webui.keyword.internal.WebUIKeywordMain.runKeyword(WebUIKeywordMain.groovy:27)
	at com.kms.katalon.core.webui.keyword.builtin.ClickKeyword.click(ClickKeyword.groovy:86)
	at com.kms.katalon.core.webui.keyword.builtin.ClickKeyword.execute(ClickKeyword.groovy:67)
	at com.kms.katalon.core.keyword.internal.KeywordExecutor.executeKeywordForPlatform(KeywordExecutor.groovy:53)
	at com.kms.katalon.core.webui.keyword.WebUiBuiltInKeywords.click(WebUiBuiltInKeywords.groovy:616)
	at com.kms.katalon.core.webui.keyword.WebUiBuiltInKeywords$click$4.call(Unknown Source)
	at Tooltip.run(Tooltip:24)
	at com.kms.katalon.core.main.ScriptEngine.run(ScriptEngine.java:194)
	at com.kms.katalon.core.main.ScriptEngine.runScriptAsRawText(ScriptEngine.java:119)
	at com.kms.katalon.core.main.TestCaseExecutor.runScript(TestCaseExecutor.java:328)
	at com.kms.katalon.core.main.TestCaseExecutor.doExecute(TestCaseExecutor.java:319)
	at com.kms.katalon.core.main.TestCaseExecutor.processExecutionPhase(TestCaseExecutor.java:298)
	at com.kms.katalon.core.main.TestCaseExecutor.accessMainPhase(TestCaseExecutor.java:290)
	at com.kms.katalon.core.main.TestCaseExecutor.execute(TestCaseExecutor.java:224)
	at com.kms.katalon.core.main.TestSuiteExecutor.accessTestCaseMainPhase(TestSuiteExecutor.java:129)
	at com.kms.katalon.core.main.TestSuiteExecutor.accessTestSuiteMainPhase(TestSuiteExecutor.java:112)
	at com.kms.katalon.core.main.TestSuiteExecutor.execute(TestSuiteExecutor.java:81)
	at com.kms.katalon.core.main.TestCaseMain.startTestSuite(TestCaseMain.java:149)
	at com.kms.katalon.core.main.TestCaseMain$startTestSuite$0.call(Unknown Source)
	at TempTestSuite1562098461396.run(TempTestSuite1562098461396.groovy:36)


2019-07-02 17:11:42 - [TEST_STEP][PASSED] - callTestCase(findTestCase("OCS - MOBILE/CALL - PDP"), [:], STOP_ON_FAILURE): Call Test Case 'Test Cases/OCS - MOBILE/CALL - PDP' successfully

2019-07-02 17:11:42 - [TEST_CASE][PASSED] - Test Cases/OCS - MOBILE/CALL - PDP: Test Cases/OCS - MOBILE/CALL - PDP

2019-07-02 17:11:42 - [TEST_STEP][PASSED] - openBrowser(""): Browser is opened with url: ''

2019-07-02 17:11:42 - [MESSAGE][WARNING] - A browser is already opened. Closing browser and opening a new one

2019-07-02 17:11:42 - [MESSAGE][INFO] - Starting 'Chrome' driver

2019-07-02 17:11:43 - [MESSAGE][PASSED] - Browser is opened with url: ''

2019-07-02 17:11:43 - [TEST_STEP][PASSED] - navigateToUrl("https://ocs.ca/?fts=0&preview_theme_id=74203301708"): Navigate to 'https://ocs.ca/?fts=0&preview_theme_id=74203301708' successfully

2019-07-02 17:11:48 - [MESSAGE][PASSED] - Navigate to 'https://ocs.ca/?fts=0&preview_theme_id=74203301708' successfully

2019-07-02 17:11:48 - [TEST_STEP][PASSED] - executeJavaScript("var previewBar = document.getElementById("preview-bar-iframe"); previewBar.style.display = "none";", []): Execute JavaScript 'var previewBar = document.getElementById("preview-bar-iframe"); previewBar.style.display = "none";' successfully

2019-07-02 17:11:48 - [MESSAGE][PASSED] - Execute JavaScript 'var previewBar = document.getElementById("preview-bar-iframe"); previewBar.style.display = "none";' successfully

2019-07-02 17:11:48 - [TEST_STEP][PASSED] - setViewPortSize(360, 800): Viewport is set to new size with width = 360 and height = 800

2019-07-02 17:11:48 - [MESSAGE][PASSED] - Viewport is set to new size with width = 360 and height = 800

2019-07-02 17:11:48 - [TEST_STEP][PASSED] - delay(4): Delayed 4 second(s)

2019-07-02 17:11:52 - [MESSAGE][PASSED] - Delayed 4 second(s)

2019-07-02 17:11:52 - [TEST_STEP][PASSED] - selectOptionByValue(findTestObject("OCS-MOBILE /Age gate and burger menu/Date"), "12", true): All options with value '12' are selected in object 'Object Repository/OCS-MOBILE /Age gate and burger menu/Date'  using regular expression

2019-07-02 17:11:53 - [MESSAGE][PASSED] - All options with value '12' are selected in object 'Object Repository/OCS-MOBILE /Age gate and burger menu/Date'  using regular expression

2019-07-02 17:11:53 - [TEST_STEP][PASSED] - selectOptionByValue(findTestObject("OCS-MOBILE /Age gate and burger menu/month"), "6", true): All options with value '6' are selected in object 'Object Repository/OCS-MOBILE /Age gate and burger menu/month'  using regular expression

2019-07-02 17:11:53 - [MESSAGE][PASSED] - All options with value '6' are selected in object 'Object Repository/OCS-MOBILE /Age gate and burger menu/month'  using regular expression

2019-07-02 17:11:53 - [TEST_STEP][PASSED] - delay(2): Delayed 2 second(s)

2019-07-02 17:11:55 - [MESSAGE][PASSED] - Delayed 2 second(s)

2019-07-02 17:11:55 - [TEST_STEP][PASSED] - selectOptionByValue(findTestObject("OCS-MOBILE /Age gate and burger menu/Year Dropdown"), "1990", true): All options with value '1990' are selected in object 'Object Repository/OCS-MOBILE /Age gate and burger menu/Year Dropdown'  using regular expression

2019-07-02 17:11:56 - [MESSAGE][PASSED] - All options with value '1990' are selected in object 'Object Repository/OCS-MOBILE /Age gate and burger menu/Year Dropdown'  using regular expression

2019-07-02 17:11:56 - [TEST_STEP][PASSED] - click(findTestObject("OCS-MOBILE /Age gate and Mega menu/button_Verify")): Object: 'Object Repository/OCS-MOBILE /Age gate and Mega menu/button_Verify' is clicked on

2019-07-02 17:11:56 - [MESSAGE][PASSED] - Object: 'Object Repository/OCS-MOBILE /Age gate and Mega menu/button_Verify' is clicked on

2019-07-02 17:11:56 - [TEST_STEP][PASSED] - click(findTestObject("OCS-MOBILE /Age gate and Mega menu/Checkbox_CONFIRM AND ACKNOWLEDGE")): Object: 'Object Repository/OCS-MOBILE /Age gate and Mega menu/Checkbox_CONFIRM AND ACKNOWLEDGE' is clicked on

2019-07-02 17:11:56 - [MESSAGE][PASSED] - Object: 'Object Repository/OCS-MOBILE /Age gate and Mega menu/Checkbox_CONFIRM AND ACKNOWLEDGE' is clicked on

2019-07-02 17:11:56 - [TEST_STEP][PASSED] - click(findTestObject("OCS-MOBILE /Age gate and Mega menu/button_CONFIRM")): Object: 'Object Repository/OCS-MOBILE /Age gate and Mega menu/button_CONFIRM' is clicked on

2019-07-02 17:11:56 - [MESSAGE][PASSED] - Object: 'Object Repository/OCS-MOBILE /Age gate and Mega menu/button_CONFIRM' is clicked on

2019-07-02 17:11:56 - [TEST_STEP][PASSED] - click(findTestObject("OCS-MOBILE /Age gate and Mega menu/button_Start Browsing")): Object: 'Object Repository/OCS-MOBILE /Age gate and Mega menu/button_Start Browsing' is clicked on

2019-07-02 17:11:56 - [MESSAGE][PASSED] - Object: 'Object Repository/OCS-MOBILE /Age gate and Mega menu/button_Start Browsing' is clicked on

2019-07-02 17:11:56 - [TEST_STEP][PASSED] - refresh(): Refresh successfully

2019-07-02 17:11:56 - [MESSAGE][PASSED] - Refresh successfully

2019-07-02 17:11:56 - [TEST_STEP][PASSED] - delay(2): Delayed 2 second(s)

2019-07-02 17:11:58 - [MESSAGE][PASSED] - Delayed 2 second(s)

2019-07-02 17:11:58 - [TEST_STEP][PASSED] - click(findTestObject("OCS-MOBILE /Age gate and burger menu/Burger menu - English")): Object: 'Object Repository/OCS-MOBILE /Age gate and burger menu/Burger menu - English' is clicked on

2019-07-02 17:12:00 - [MESSAGE][PASSED] - Object: 'Object Repository/OCS-MOBILE /Age gate and burger menu/Burger menu - English' is clicked on

2019-07-02 17:12:00 - [TEST_STEP][PASSED] - delay(2): Delayed 2 second(s)

2019-07-02 17:12:02 - [MESSAGE][PASSED] - Delayed 2 second(s)

2019-07-02 17:12:02 - [TEST_STEP][PASSED] - click(findTestObject("OCS-MOBILE /Age gate and burger menu/Chevron_Cannabis")): Object: 'Object Repository/OCS-MOBILE /Age gate and burger menu/Chevron_Cannabis' is clicked on

2019-07-02 17:12:02 - [MESSAGE][PASSED] - Object: 'Object Repository/OCS-MOBILE /Age gate and burger menu/Chevron_Cannabis' is clicked on

2019-07-02 17:12:02 - [TEST_STEP][PASSED] - delay(2): Delayed 2 second(s)

2019-07-02 17:12:04 - [MESSAGE][PASSED] - Delayed 2 second(s)

2019-07-02 17:12:04 - [TEST_STEP][PASSED] - click(findTestObject("OCS-MOBILE /Age gate and burger menu/Dried Flower_Plus icon")): Object: 'Object Repository/OCS-MOBILE /Age gate and burger menu/Dried Flower_Plus icon' is clicked on

2019-07-02 17:12:04 - [MESSAGE][PASSED] - Object: 'Object Repository/OCS-MOBILE /Age gate and burger menu/Dried Flower_Plus icon' is clicked on

2019-07-02 17:12:04 - [TEST_STEP][PASSED] - delay(2): Delayed 2 second(s)

2019-07-02 17:12:06 - [MESSAGE][PASSED] - Delayed 2 second(s)

2019-07-02 17:12:06 - [TEST_STEP][PASSED] - click(findTestObject("OCS-MOBILE /Age gate and burger menu/Indica Dominant_Menu item")): Object: 'Object Repository/OCS-MOBILE /Age gate and burger menu/Indica Dominant_Menu item' is clicked on

2019-07-02 17:12:08 - [MESSAGE][PASSED] - Object: 'Object Repository/OCS-MOBILE /Age gate and burger menu/Indica Dominant_Menu item' is clicked on

2019-07-02 17:12:08 - [TEST_STEP][PASSED] - executeJavaScript("var previewBar = document.getElementById("preview-bar-iframe"); previewBar.style.display = "none";", []): Execute JavaScript 'var previewBar = document.getElementById("preview-bar-iframe"); previewBar.style.display = "none";' successfully

2019-07-02 17:12:08 - [MESSAGE][PASSED] - Execute JavaScript 'var previewBar = document.getElementById("preview-bar-iframe"); previewBar.style.display = "none";' successfully

2019-07-02 17:12:08 - [TEST_STEP][PASSED] - delay(2): Delayed 2 second(s)

2019-07-02 17:12:10 - [MESSAGE][PASSED] - Delayed 2 second(s)

2019-07-02 17:12:10 - [TEST_STEP][PASSED] - click(findTestObject("OCS-MOBILE /Collection page/Product image - 1st one")): Object: 'Object Repository/OCS-MOBILE /Collection page/Product image - 1st one' is clicked on

2019-07-02 17:12:14 - [MESSAGE][PASSED] - Object: 'Object Repository/OCS-MOBILE /Collection page/Product image - 1st one' is clicked on

2019-07-02 17:12:14 - [TEST_STEP][PASSED] - delay(2): Delayed 2 second(s)

2019-07-02 17:12:16 - [MESSAGE][PASSED] - Delayed 2 second(s)

2019-07-02 17:12:16 - [TEST_STEP][PASSED] - executeJavaScript("var previewBar = document.getElementById("preview-bar-iframe"); previewBar.style.display = "none";", []): Execute JavaScript 'var previewBar = document.getElementById("preview-bar-iframe"); previewBar.style.display = "none";' successfully

2019-07-02 17:12:16 - [MESSAGE][PASSED] - Execute JavaScript 'var previewBar = document.getElementById("preview-bar-iframe"); previewBar.style.display = "none";' successfully

2019-07-02 17:12:16 - [MESSAGE][PASSED] - Call Test Case 'Test Cases/OCS - MOBILE/CALL - PDP' successfully

2019-07-02 17:12:16 - [TEST_STEP][PASSED] - click(findTestObject("OCS-MOBILE /Product page/Tooltips/THC - Tooltip")): Object: 'Object Repository/OCS-MOBILE /Product page/Tooltips/THC - Tooltip' is clicked on

2019-07-02 17:12:16 - [MESSAGE][PASSED] - Object: 'Object Repository/OCS-MOBILE /Product page/Tooltips/THC - Tooltip' is clicked on

2019-07-02 17:12:16 - [TEST_STEP][PASSED] - takeScreenshot(): Taking screenshot successfully

2019-07-02 17:12:16 - [MESSAGE][PASSED] - Taking screenshot successfully
[[ATTACHMENT|/Users/sumankompelly/Relative xpath-Mobile/Reports/1.11.1/20190702_161421/1562101936316.png]]

2019-07-02 17:12:16 - [TEST_STEP][PASSED] - delay(2): Delayed 2 second(s)

2019-07-02 17:12:18 - [MESSAGE][PASSED] - Delayed 2 second(s)

2019-07-02 17:12:18 - [TEST_STEP][FAILED] - click(findTestObject("OCS-MOBILE /Product page/Tooltips/CBD - Tooltip")): click(findTestObject("OCS-MOBILE /Product page/Tooltips/CBD - Tooltip")) FAILED.
Reason:
com.kms.katalon.core.exception.StepFailedException: Unable to click on object 'Object Repository/OCS-MOBILE /Product page/Tooltips/CBD - Tooltip' (Root cause: org.openqa.selenium.WebDriverException: unknown error: Element <i class="icon icon--question-mark"></i> is not clickable at point (381, 12). Other element would receive the click: <div class="menu-bar__left-wrapper">...</div>
  (Session info: chrome=75.0.3770.100)
  (Driver info: chromedriver=2.43.600229 (3fae4d0cda5334b4f533bede5a4787f7b832d052),platform=Mac OS X 10.13.6 x86_64) (WARNING: The server did not provide any stacktrace information)
Command duration or timeout: 0 milliseconds
Build info: version: '3.7.1', revision: '8a0099a', time: '2017-11-06T21:07:36.161Z'
System info: host: 'sumans-MacBook-Pro.local', ip: 'fe80:0:0:0:98:5ae9:edb9:537f%en0', os.name: 'Mac OS X', os.arch: 'x86_64', os.version: '10.13.6', java.version: '1.8.0_181'
Driver info: com.kms.katalon.selenium.driver.CChromeDriver
Capabilities {acceptInsecureCerts: false, acceptSslCerts: false, applicationCacheEnabled: false, browserConnectionEnabled: false, browserName: chrome, chrome: {chromedriverVersion: 2.43.600229 (3fae4d0cda5334..., userDataDir: /var/folders/1t/c55l8xzs6gq...}, cssSelectorsEnabled: true, databaseEnabled: false, goog:chromeOptions: {debuggerAddress: localhost:54621}, handlesAlerts: true, hasTouchScreen: false, javascriptEnabled: true, locationContextEnabled: true, mobileEmulationEnabled: false, nativeEvents: true, networkConnectionEnabled: false, pageLoadStrategy: normal, platform: MAC, platformName: MAC, rotatable: false, setWindowRect: true, takesHeapSnapshot: true, takesScreenshot: true, unexpectedAlertBehaviour: , unhandledPromptBehavior: , version: 75.0.3770.100, webStorageEnabled: true}
Session ID: 9bfa396d55bf414416e36cf1f378e920)
	at com.kms.katalon.core.keyword.internal.KeywordMain.stepFailed(KeywordMain.groovy:36)
	at com.kms.katalon.core.webui.keyword.internal.WebUIKeywordMain.stepFailed(WebUIKeywordMain.groovy:65)
	at com.kms.katalon.core.webui.keyword.internal.WebUIKeywordMain.runKeyword(WebUIKeywordMain.groovy:27)
	at com.kms.katalon.core.webui.keyword.builtin.ClickKeyword.click(ClickKeyword.groovy:86)
	at com.kms.katalon.core.webui.keyword.builtin.ClickKeyword.execute(ClickKeyword.groovy:67)
	at com.kms.katalon.core.keyword.internal.KeywordExecutor.executeKeywordForPlatform(KeywordExecutor.groovy:53)
	at com.kms.katalon.core.webui.keyword.WebUiBuiltInKeywords.click(WebUiBuiltInKeywords.groovy:616)
	at com.kms.katalon.core.webui.keyword.WebUiBuiltInKeywords$click$4.call(Unknown Source)
	at Tooltip.run(Tooltip:24)
	at com.kms.katalon.core.main.ScriptEngine.run(ScriptEngine.java:194)
	at com.kms.katalon.core.main.ScriptEngine.runScriptAsRawText(ScriptEngine.java:119)
	at com.kms.katalon.core.main.TestCaseExecutor.runScript(TestCaseExecutor.java:328)
	at com.kms.katalon.core.main.TestCaseExecutor.doExecute(TestCaseExecutor.java:319)
	at com.kms.katalon.core.main.TestCaseExecutor.processExecutionPhase(TestCaseExecutor.java:298)
	at com.kms.katalon.core.main.TestCaseExecutor.accessMainPhase(TestCaseExecutor.java:290)
	at com.kms.katalon.core.main.TestCaseExecutor.execute(TestCaseExecutor.java:224)
	at com.kms.katalon.core.main.TestSuiteExecutor.accessTestCaseMainPhase(TestSuiteExecutor.java:129)
	at com.kms.katalon.core.main.TestSuiteExecutor.accessTestSuiteMainPhase(TestSuiteExecutor.java:112)
	at com.kms.katalon.core.main.TestSuiteExecutor.execute(TestSuiteExecutor.java:81)
	at com.kms.katalon.core.main.TestCaseMain.startTestSuite(TestCaseMain.java:149)
	at com.kms.katalon.core.main.TestCaseMain$startTestSuite$0.call(Unknown Source)
	at TempTestSuite1562098461396.run(TempTestSuite1562098461396.groovy:36)


2019-07-02 17:12:18 - [MESSAGE][FAILED] - Unable to click on object 'Object Repository/OCS-MOBILE /Product page/Tooltips/CBD - Tooltip' (Root cause: org.openqa.selenium.WebDriverException: unknown error: Element <i class="icon icon--question-mark"></i> is not clickable at point (381, 12). Other element would receive the click: <div class="menu-bar__left-wrapper">...</div>
  (Session info: chrome=75.0.3770.100)
  (Driver info: chromedriver=2.43.600229 (3fae4d0cda5334b4f533bede5a4787f7b832d052),platform=Mac OS X 10.13.6 x86_64) (WARNING: The server did not provide any stacktrace information)
Command duration or timeout: 0 milliseconds
Build info: version: '3.7.1', revision: '8a0099a', time: '2017-11-06T21:07:36.161Z'
System info: host: 'sumans-MacBook-Pro.local', ip: 'fe80:0:0:0:98:5ae9:edb9:537f%en0', os.name: 'Mac OS X', os.arch: 'x86_64', os.version: '10.13.6', java.version: '1.8.0_181'
Driver info: com.kms.katalon.selenium.driver.CChromeDriver
Capabilities {acceptInsecureCerts: false, acceptSslCerts: false, applicationCacheEnabled: false, browserConnectionEnabled: false, browserName: chrome, chrome: {chromedriverVersion: 2.43.600229 (3fae4d0cda5334..., userDataDir: /var/folders/1t/c55l8xzs6gq...}, cssSelectorsEnabled: true, databaseEnabled: false, goog:chromeOptions: {debuggerAddress: localhost:54621}, handlesAlerts: true, hasTouchScreen: false, javascriptEnabled: true, locationContextEnabled: true, mobileEmulationEnabled: false, nativeEvents: true, networkConnectionEnabled: false, pageLoadStrategy: normal, platform: MAC, platformName: MAC, rotatable: false, setWindowRect: true, takesHeapSnapshot: true, takesScreenshot: true, unexpectedAlertBehaviour: , unhandledPromptBehavior: , version: 75.0.3770.100, webStorageEnabled: true}
Session ID: 9bfa396d55bf414416e36cf1f378e920)
[[ATTACHMENT|/Users/sumankompelly/Relative xpath-Mobile/Reports/1.11.1/20190702_161421/1562101938673.png]]

2019-07-02 17:12:18 - [MESSAGE][FAILED] - click(findTestObject("OCS-MOBILE /Product page/Tooltips/CBD - Tooltip")) FAILED.
Reason:
com.kms.katalon.core.exception.StepFailedException: Unable to click on object 'Object Repository/OCS-MOBILE /Product page/Tooltips/CBD - Tooltip' (Root cause: org.openqa.selenium.WebDriverException: unknown error: Element <i class="icon icon--question-mark"></i> is not clickable at point (381, 12). Other element would receive the click: <div class="menu-bar__left-wrapper">...</div>
  (Session info: chrome=75.0.3770.100)
  (Driver info: chromedriver=2.43.600229 (3fae4d0cda5334b4f533bede5a4787f7b832d052),platform=Mac OS X 10.13.6 x86_64) (WARNING: The server did not provide any stacktrace information)
Command duration or timeout: 0 milliseconds
Build info: version: '3.7.1', revision: '8a0099a', time: '2017-11-06T21:07:36.161Z'
System info: host: 'sumans-MacBook-Pro.local', ip: 'fe80:0:0:0:98:5ae9:edb9:537f%en0', os.name: 'Mac OS X', os.arch: 'x86_64', os.version: '10.13.6', java.version: '1.8.0_181'
Driver info: com.kms.katalon.selenium.driver.CChromeDriver
Capabilities {acceptInsecureCerts: false, acceptSslCerts: false, applicationCacheEnabled: false, browserConnectionEnabled: false, browserName: chrome, chrome: {chromedriverVersion: 2.43.600229 (3fae4d0cda5334..., userDataDir: /var/folders/1t/c55l8xzs6gq...}, cssSelectorsEnabled: true, databaseEnabled: false, goog:chromeOptions: {debuggerAddress: localhost:54621}, handlesAlerts: true, hasTouchScreen: false, javascriptEnabled: true, locationContextEnabled: true, mobileEmulationEnabled: false, nativeEvents: true, networkConnectionEnabled: false, pageLoadStrategy: normal, platform: MAC, platformName: MAC, rotatable: false, setWindowRect: true, takesHeapSnapshot: true, takesScreenshot: true, unexpectedAlertBehaviour: , unhandledPromptBehavior: , version: 75.0.3770.100, webStorageEnabled: true}
Session ID: 9bfa396d55bf414416e36cf1f378e920)
	at com.kms.katalon.core.keyword.internal.KeywordMain.stepFailed(KeywordMain.groovy:36)
	at com.kms.katalon.core.webui.keyword.internal.WebUIKeywordMain.stepFailed(WebUIKeywordMain.groovy:65)
	at com.kms.katalon.core.webui.keyword.internal.WebUIKeywordMain.runKeyword(WebUIKeywordMain.groovy:27)
	at com.kms.katalon.core.webui.keyword.builtin.ClickKeyword.click(ClickKeyword.groovy:86)
	at com.kms.katalon.core.webui.keyword.builtin.ClickKeyword.execute(ClickKeyword.groovy:67)
	at com.kms.katalon.core.keyword.internal.KeywordExecutor.executeKeywordForPlatform(KeywordExecutor.groovy:53)
	at com.kms.katalon.core.webui.keyword.WebUiBuiltInKeywords.click(WebUiBuiltInKeywords.groovy:616)
	at com.kms.katalon.core.webui.keyword.WebUiBuiltInKeywords$click$4.call(Unknown Source)
	at Tooltip.run(Tooltip:24)
	at com.kms.katalon.core.main.ScriptEngine.run(ScriptEngine.java:194)
	at com.kms.katalon.core.main.ScriptEngine.runScriptAsRawText(ScriptEngine.java:119)
	at com.kms.katalon.core.main.TestCaseExecutor.runScript(TestCaseExecutor.java:328)
	at com.kms.katalon.core.main.TestCaseExecutor.doExecute(TestCaseExecutor.java:319)
	at com.kms.katalon.core.main.TestCaseExecutor.processExecutionPhase(TestCaseExecutor.java:298)
	at com.kms.katalon.core.main.TestCaseExecutor.accessMainPhase(TestCaseExecutor.java:290)
	at com.kms.katalon.core.main.TestCaseExecutor.execute(TestCaseExecutor.java:224)
	at com.kms.katalon.core.main.TestSuiteExecutor.accessTestCaseMainPhase(TestSuiteExecutor.java:129)
	at com.kms.katalon.core.main.TestSuiteExecutor.accessTestSuiteMainPhase(TestSuiteExecutor.java:112)
	at com.kms.katalon.core.main.TestSuiteExecutor.execute(TestSuiteExecutor.java:81)
	at com.kms.katalon.core.main.TestCaseMain.startTestSuite(TestCaseMain.java:149)
	at com.kms.katalon.core.main.TestCaseMain$startTestSuite$0.call(Unknown Source)
	at TempTestSuite1562098461396.run(TempTestSuite1562098461396.groovy:36)]]></system-out>
         <system-err><![CDATA[2019-07-02 17:11:41 - [TEST_CASE][FAILED] - Test Cases/OCS - MOBILE/OCS- PRODUCT PAGE/Tooltip: Test Cases/OCS - MOBILE/OCS- PRODUCT PAGE/Tooltip FAILED.
Reason:
com.kms.katalon.core.exception.StepFailedException: Unable to click on object 'Object Repository/OCS-MOBILE /Product page/Tooltips/CBD - Tooltip' (Root cause: org.openqa.selenium.WebDriverException: unknown error: Element <i class="icon icon--question-mark"></i> is not clickable at point (381, 12). Other element would receive the click: <div class="menu-bar__left-wrapper">...</div>
  (Session info: chrome=75.0.3770.100)
  (Driver info: chromedriver=2.43.600229 (3fae4d0cda5334b4f533bede5a4787f7b832d052),platform=Mac OS X 10.13.6 x86_64) (WARNING: The server did not provide any stacktrace information)
Command duration or timeout: 0 milliseconds
Build info: version: '3.7.1', revision: '8a0099a', time: '2017-11-06T21:07:36.161Z'
System info: host: 'sumans-MacBook-Pro.local', ip: 'fe80:0:0:0:98:5ae9:edb9:537f%en0', os.name: 'Mac OS X', os.arch: 'x86_64', os.version: '10.13.6', java.version: '1.8.0_181'
Driver info: com.kms.katalon.selenium.driver.CChromeDriver
Capabilities {acceptInsecureCerts: false, acceptSslCerts: false, applicationCacheEnabled: false, browserConnectionEnabled: false, browserName: chrome, chrome: {chromedriverVersion: 2.43.600229 (3fae4d0cda5334..., userDataDir: /var/folders/1t/c55l8xzs6gq...}, cssSelectorsEnabled: true, databaseEnabled: false, goog:chromeOptions: {debuggerAddress: localhost:54621}, handlesAlerts: true, hasTouchScreen: false, javascriptEnabled: true, locationContextEnabled: true, mobileEmulationEnabled: false, nativeEvents: true, networkConnectionEnabled: false, pageLoadStrategy: normal, platform: MAC, platformName: MAC, rotatable: false, setWindowRect: true, takesHeapSnapshot: true, takesScreenshot: true, unexpectedAlertBehaviour: , unhandledPromptBehavior: , version: 75.0.3770.100, webStorageEnabled: true}
Session ID: 9bfa396d55bf414416e36cf1f378e920)
	at com.kms.katalon.core.keyword.internal.KeywordMain.stepFailed(KeywordMain.groovy:36)
	at com.kms.katalon.core.webui.keyword.internal.WebUIKeywordMain.stepFailed(WebUIKeywordMain.groovy:65)
	at com.kms.katalon.core.webui.keyword.internal.WebUIKeywordMain.runKeyword(WebUIKeywordMain.groovy:27)
	at com.kms.katalon.core.webui.keyword.builtin.ClickKeyword.click(ClickKeyword.groovy:86)
	at com.kms.katalon.core.webui.keyword.builtin.ClickKeyword.execute(ClickKeyword.groovy:67)
	at com.kms.katalon.core.keyword.internal.KeywordExecutor.executeKeywordForPlatform(KeywordExecutor.groovy:53)
	at com.kms.katalon.core.webui.keyword.WebUiBuiltInKeywords.click(WebUiBuiltInKeywords.groovy:616)
	at com.kms.katalon.core.webui.keyword.WebUiBuiltInKeywords$click$4.call(Unknown Source)
	at Tooltip.run(Tooltip:24)
	at com.kms.katalon.core.main.ScriptEngine.run(ScriptEngine.java:194)
	at com.kms.katalon.core.main.ScriptEngine.runScriptAsRawText(ScriptEngine.java:119)
	at com.kms.katalon.core.main.TestCaseExecutor.runScript(TestCaseExecutor.java:328)
	at com.kms.katalon.core.main.TestCaseExecutor.doExecute(TestCaseExecutor.java:319)
	at com.kms.katalon.core.main.TestCaseExecutor.processExecutionPhase(TestCaseExecutor.java:298)
	at com.kms.katalon.core.main.TestCaseExecutor.accessMainPhase(TestCaseExecutor.java:290)
	at com.kms.katalon.core.main.TestCaseExecutor.execute(TestCaseExecutor.java:224)
	at com.kms.katalon.core.main.TestSuiteExecutor.accessTestCaseMainPhase(TestSuiteExecutor.java:129)
	at com.kms.katalon.core.main.TestSuiteExecutor.accessTestSuiteMainPhase(TestSuiteExecutor.java:112)
	at com.kms.katalon.core.main.TestSuiteExecutor.execute(TestSuiteExecutor.java:81)
	at com.kms.katalon.core.main.TestCaseMain.startTestSuite(TestCaseMain.java:149)
	at com.kms.katalon.core.main.TestCaseMain$startTestSuite$0.call(Unknown Source)
	at TempTestSuite1562098461396.run(TempTestSuite1562098461396.groovy:36)]]></system-err>
      </testcase>
      <testcase name="Test Cases/OCS - MOBILE/OCS- PRODUCT PAGE/Show all accessories" classname="Test Cases/OCS - MOBILE/OCS- PRODUCT PAGE/Show all accessories" status="FAILED">
         <failure type="FAILED" message="Test Cases/OCS - MOBILE/OCS- PRODUCT PAGE/Show all accessories FAILED.
Reason:
com.kms.katalon.core.exception.StepFailedException: Unable to click on object 'Object Repository/OCS-MOBILE /Product page/More items to consider section/Show all accessories - Link' (Root cause: org.openqa.selenium.WebDriverException: unknown error: Element &lt;a href=&quot;/collections/all-products&quot; aria-role=&quot;button&quot; class=&quot;btn btn--primary btn--outline&quot;>...&lt;/a> is not clickable at point (241, 21). Other element would receive the click: &lt;div class=&quot;menu-bar__left-wrapper&quot;>...&lt;/div>
  (Session info: chrome=75.0.3770.100)
  (Driver info: chromedriver=2.43.600229 (3fae4d0cda5334b4f533bede5a4787f7b832d052),platform=Mac OS X 10.13.6 x86_64) (WARNING: The server did not provide any stacktrace information)
Command duration or timeout: 0 milliseconds
Build info: version: '3.7.1', revision: '8a0099a', time: '2017-11-06T21:07:36.161Z'
System info: host: 'sumans-MacBook-Pro.local', ip: 'fe80:0:0:0:98:5ae9:edb9:537f%en0', os.name: 'Mac OS X', os.arch: 'x86_64', os.version: '10.13.6', java.version: '1.8.0_181'
Driver info: com.kms.katalon.selenium.driver.CChromeDriver
Capabilities {acceptInsecureCerts: false, acceptSslCerts: false, applicationCacheEnabled: false, browserConnectionEnabled: false, browserName: chrome, chrome: {chromedriverVersion: 2.43.600229 (3fae4d0cda5334..., userDataDir: /var/folders/1t/c55l8xzs6gq...}, cssSelectorsEnabled: true, databaseEnabled: false, goog:chromeOptions: {debuggerAddress: localhost:54813}, handlesAlerts: true, hasTouchScreen: false, javascriptEnabled: true, locationContextEnabled: true, mobileEmulationEnabled: false, nativeEvents: true, networkConnectionEnabled: false, pageLoadStrategy: normal, platform: MAC, platformName: MAC, rotatable: false, setWindowRect: true, takesHeapSnapshot: true, takesScreenshot: true, unexpectedAlertBehaviour: , unhandledPromptBehavior: , version: 75.0.3770.100, webStorageEnabled: true}
Session ID: 20b85cf190e609fec722b212b5097177)
	at com.kms.katalon.core.keyword.internal.KeywordMain.stepFailed(KeywordMain.groovy:36)
	at com.kms.katalon.core.webui.keyword.internal.WebUIKeywordMain.stepFailed(WebUIKeywordMain.groovy:65)
	at com.kms.katalon.core.webui.keyword.internal.WebUIKeywordMain.runKeyword(WebUIKeywordMain.groovy:27)
	at com.kms.katalon.core.webui.keyword.builtin.ClickKeyword.click(ClickKeyword.groovy:86)
	at com.kms.katalon.core.webui.keyword.builtin.ClickKeyword.execute(ClickKeyword.groovy:67)
	at com.kms.katalon.core.keyword.internal.KeywordExecutor.executeKeywordForPlatform(KeywordExecutor.groovy:53)
	at com.kms.katalon.core.webui.keyword.WebUiBuiltInKeywords.click(WebUiBuiltInKeywords.groovy:616)
	at com.kms.katalon.core.webui.keyword.WebUiBuiltInKeywords$click$4.call(Unknown Source)
	at Show all accessories.run(Show all accessories:22)
	at com.kms.katalon.core.main.ScriptEngine.run(ScriptEngine.java:194)
	at com.kms.katalon.core.main.ScriptEngine.runScriptAsRawText(ScriptEngine.java:119)
	at com.kms.katalon.core.main.TestCaseExecutor.runScript(TestCaseExecutor.java:328)
	at com.kms.katalon.core.main.TestCaseExecutor.doExecute(TestCaseExecutor.java:319)
	at com.kms.katalon.core.main.TestCaseExecutor.processExecutionPhase(TestCaseExecutor.java:298)
	at com.kms.katalon.core.main.TestCaseExecutor.accessMainPhase(TestCaseExecutor.java:290)
	at com.kms.katalon.core.main.TestCaseExecutor.execute(TestCaseExecutor.java:224)
	at com.kms.katalon.core.main.TestSuiteExecutor.accessTestCaseMainPhase(TestSuiteExecutor.java:129)
	at com.kms.katalon.core.main.TestSuiteExecutor.accessTestSuiteMainPhase(TestSuiteExecutor.java:112)
	at com.kms.katalon.core.main.TestSuiteExecutor.execute(TestSuiteExecutor.java:81)
	at com.kms.katalon.core.main.TestCaseMain.startTestSuite(TestCaseMain.java:149)
	at com.kms.katalon.core.main.TestCaseMain$startTestSuite$0.call(Unknown Source)
	at TempTestSuite1562098461396.run(TempTestSuite1562098461396.groovy:36)
"/>
         <system-out><![CDATA[2019-07-02 17:12:18 - [TEST_CASE][FAILED] - Test Cases/OCS - MOBILE/OCS- PRODUCT PAGE/Show all accessories: Test Cases/OCS - MOBILE/OCS- PRODUCT PAGE/Show all accessories FAILED.
Reason:
com.kms.katalon.core.exception.StepFailedException: Unable to click on object 'Object Repository/OCS-MOBILE /Product page/More items to consider section/Show all accessories - Link' (Root cause: org.openqa.selenium.WebDriverException: unknown error: Element <a href="/collections/all-products" aria-role="button" class="btn btn--primary btn--outline">...</a> is not clickable at point (241, 21). Other element would receive the click: <div class="menu-bar__left-wrapper">...</div>
  (Session info: chrome=75.0.3770.100)
  (Driver info: chromedriver=2.43.600229 (3fae4d0cda5334b4f533bede5a4787f7b832d052),platform=Mac OS X 10.13.6 x86_64) (WARNING: The server did not provide any stacktrace information)
Command duration or timeout: 0 milliseconds
Build info: version: '3.7.1', revision: '8a0099a', time: '2017-11-06T21:07:36.161Z'
System info: host: 'sumans-MacBook-Pro.local', ip: 'fe80:0:0:0:98:5ae9:edb9:537f%en0', os.name: 'Mac OS X', os.arch: 'x86_64', os.version: '10.13.6', java.version: '1.8.0_181'
Driver info: com.kms.katalon.selenium.driver.CChromeDriver
Capabilities {acceptInsecureCerts: false, acceptSslCerts: false, applicationCacheEnabled: false, browserConnectionEnabled: false, browserName: chrome, chrome: {chromedriverVersion: 2.43.600229 (3fae4d0cda5334..., userDataDir: /var/folders/1t/c55l8xzs6gq...}, cssSelectorsEnabled: true, databaseEnabled: false, goog:chromeOptions: {debuggerAddress: localhost:54813}, handlesAlerts: true, hasTouchScreen: false, javascriptEnabled: true, locationContextEnabled: true, mobileEmulationEnabled: false, nativeEvents: true, networkConnectionEnabled: false, pageLoadStrategy: normal, platform: MAC, platformName: MAC, rotatable: false, setWindowRect: true, takesHeapSnapshot: true, takesScreenshot: true, unexpectedAlertBehaviour: , unhandledPromptBehavior: , version: 75.0.3770.100, webStorageEnabled: true}
Session ID: 20b85cf190e609fec722b212b5097177)
	at com.kms.katalon.core.keyword.internal.KeywordMain.stepFailed(KeywordMain.groovy:36)
	at com.kms.katalon.core.webui.keyword.internal.WebUIKeywordMain.stepFailed(WebUIKeywordMain.groovy:65)
	at com.kms.katalon.core.webui.keyword.internal.WebUIKeywordMain.runKeyword(WebUIKeywordMain.groovy:27)
	at com.kms.katalon.core.webui.keyword.builtin.ClickKeyword.click(ClickKeyword.groovy:86)
	at com.kms.katalon.core.webui.keyword.builtin.ClickKeyword.execute(ClickKeyword.groovy:67)
	at com.kms.katalon.core.keyword.internal.KeywordExecutor.executeKeywordForPlatform(KeywordExecutor.groovy:53)
	at com.kms.katalon.core.webui.keyword.WebUiBuiltInKeywords.click(WebUiBuiltInKeywords.groovy:616)
	at com.kms.katalon.core.webui.keyword.WebUiBuiltInKeywords$click$4.call(Unknown Source)
	at Show all accessories.run(Show all accessories:22)
	at com.kms.katalon.core.main.ScriptEngine.run(ScriptEngine.java:194)
	at com.kms.katalon.core.main.ScriptEngine.runScriptAsRawText(ScriptEngine.java:119)
	at com.kms.katalon.core.main.TestCaseExecutor.runScript(TestCaseExecutor.java:328)
	at com.kms.katalon.core.main.TestCaseExecutor.doExecute(TestCaseExecutor.java:319)
	at com.kms.katalon.core.main.TestCaseExecutor.processExecutionPhase(TestCaseExecutor.java:298)
	at com.kms.katalon.core.main.TestCaseExecutor.accessMainPhase(TestCaseExecutor.java:290)
	at com.kms.katalon.core.main.TestCaseExecutor.execute(TestCaseExecutor.java:224)
	at com.kms.katalon.core.main.TestSuiteExecutor.accessTestCaseMainPhase(TestSuiteExecutor.java:129)
	at com.kms.katalon.core.main.TestSuiteExecutor.accessTestSuiteMainPhase(TestSuiteExecutor.java:112)
	at com.kms.katalon.core.main.TestSuiteExecutor.execute(TestSuiteExecutor.java:81)
	at com.kms.katalon.core.main.TestCaseMain.startTestSuite(TestCaseMain.java:149)
	at com.kms.katalon.core.main.TestCaseMain$startTestSuite$0.call(Unknown Source)
	at TempTestSuite1562098461396.run(TempTestSuite1562098461396.groovy:36)


2019-07-02 17:12:19 - [TEST_STEP][PASSED] - callTestCase(findTestCase("OCS - MOBILE/CALL - PDP"), [:], STOP_ON_FAILURE): Call Test Case 'Test Cases/OCS - MOBILE/CALL - PDP' successfully

2019-07-02 17:12:19 - [TEST_CASE][PASSED] - Test Cases/OCS - MOBILE/CALL - PDP: Test Cases/OCS - MOBILE/CALL - PDP

2019-07-02 17:12:19 - [TEST_STEP][PASSED] - openBrowser(""): Browser is opened with url: ''

2019-07-02 17:12:19 - [MESSAGE][WARNING] - A browser is already opened. Closing browser and opening a new one

2019-07-02 17:12:19 - [MESSAGE][INFO] - Starting 'Chrome' driver

2019-07-02 17:12:20 - [MESSAGE][PASSED] - Browser is opened with url: ''

2019-07-02 17:12:20 - [TEST_STEP][PASSED] - navigateToUrl("https://ocs.ca/?fts=0&preview_theme_id=74203301708"): Navigate to 'https://ocs.ca/?fts=0&preview_theme_id=74203301708' successfully

2019-07-02 17:12:25 - [MESSAGE][PASSED] - Navigate to 'https://ocs.ca/?fts=0&preview_theme_id=74203301708' successfully

2019-07-02 17:12:25 - [TEST_STEP][PASSED] - executeJavaScript("var previewBar = document.getElementById("preview-bar-iframe"); previewBar.style.display = "none";", []): Execute JavaScript 'var previewBar = document.getElementById("preview-bar-iframe"); previewBar.style.display = "none";' successfully

2019-07-02 17:12:26 - [MESSAGE][PASSED] - Execute JavaScript 'var previewBar = document.getElementById("preview-bar-iframe"); previewBar.style.display = "none";' successfully

2019-07-02 17:12:26 - [TEST_STEP][PASSED] - setViewPortSize(360, 800): Viewport is set to new size with width = 360 and height = 800

2019-07-02 17:12:26 - [MESSAGE][PASSED] - Viewport is set to new size with width = 360 and height = 800

2019-07-02 17:12:26 - [TEST_STEP][PASSED] - delay(4): Delayed 4 second(s)

2019-07-02 17:12:30 - [MESSAGE][PASSED] - Delayed 4 second(s)

2019-07-02 17:12:30 - [TEST_STEP][PASSED] - selectOptionByValue(findTestObject("OCS-MOBILE /Age gate and burger menu/Date"), "12", true): All options with value '12' are selected in object 'Object Repository/OCS-MOBILE /Age gate and burger menu/Date'  using regular expression

2019-07-02 17:12:30 - [MESSAGE][PASSED] - All options with value '12' are selected in object 'Object Repository/OCS-MOBILE /Age gate and burger menu/Date'  using regular expression

2019-07-02 17:12:30 - [TEST_STEP][PASSED] - selectOptionByValue(findTestObject("OCS-MOBILE /Age gate and burger menu/month"), "6", true): All options with value '6' are selected in object 'Object Repository/OCS-MOBILE /Age gate and burger menu/month'  using regular expression

2019-07-02 17:12:30 - [MESSAGE][PASSED] - All options with value '6' are selected in object 'Object Repository/OCS-MOBILE /Age gate and burger menu/month'  using regular expression

2019-07-02 17:12:30 - [TEST_STEP][PASSED] - delay(2): Delayed 2 second(s)

2019-07-02 17:12:32 - [MESSAGE][PASSED] - Delayed 2 second(s)

2019-07-02 17:12:32 - [TEST_STEP][PASSED] - selectOptionByValue(findTestObject("OCS-MOBILE /Age gate and burger menu/Year Dropdown"), "1990", true): All options with value '1990' are selected in object 'Object Repository/OCS-MOBILE /Age gate and burger menu/Year Dropdown'  using regular expression

2019-07-02 17:12:33 - [MESSAGE][PASSED] - All options with value '1990' are selected in object 'Object Repository/OCS-MOBILE /Age gate and burger menu/Year Dropdown'  using regular expression

2019-07-02 17:12:33 - [TEST_STEP][PASSED] - click(findTestObject("OCS-MOBILE /Age gate and Mega menu/button_Verify")): Object: 'Object Repository/OCS-MOBILE /Age gate and Mega menu/button_Verify' is clicked on

2019-07-02 17:12:33 - [MESSAGE][PASSED] - Object: 'Object Repository/OCS-MOBILE /Age gate and Mega menu/button_Verify' is clicked on

2019-07-02 17:12:33 - [TEST_STEP][PASSED] - click(findTestObject("OCS-MOBILE /Age gate and Mega menu/Checkbox_CONFIRM AND ACKNOWLEDGE")): Object: 'Object Repository/OCS-MOBILE /Age gate and Mega menu/Checkbox_CONFIRM AND ACKNOWLEDGE' is clicked on

2019-07-02 17:12:33 - [MESSAGE][PASSED] - Object: 'Object Repository/OCS-MOBILE /Age gate and Mega menu/Checkbox_CONFIRM AND ACKNOWLEDGE' is clicked on

2019-07-02 17:12:33 - [TEST_STEP][PASSED] - click(findTestObject("OCS-MOBILE /Age gate and Mega menu/button_CONFIRM")): Object: 'Object Repository/OCS-MOBILE /Age gate and Mega menu/button_CONFIRM' is clicked on

2019-07-02 17:12:33 - [MESSAGE][PASSED] - Object: 'Object Repository/OCS-MOBILE /Age gate and Mega menu/button_CONFIRM' is clicked on

2019-07-02 17:12:33 - [TEST_STEP][PASSED] - click(findTestObject("OCS-MOBILE /Age gate and Mega menu/button_Start Browsing")): Object: 'Object Repository/OCS-MOBILE /Age gate and Mega menu/button_Start Browsing' is clicked on

2019-07-02 17:12:33 - [MESSAGE][PASSED] - Object: 'Object Repository/OCS-MOBILE /Age gate and Mega menu/button_Start Browsing' is clicked on

2019-07-02 17:12:33 - [TEST_STEP][PASSED] - refresh(): Refresh successfully

2019-07-02 17:12:33 - [MESSAGE][PASSED] - Refresh successfully

2019-07-02 17:12:33 - [TEST_STEP][PASSED] - delay(2): Delayed 2 second(s)

2019-07-02 17:12:36 - [MESSAGE][PASSED] - Delayed 2 second(s)

2019-07-02 17:12:36 - [TEST_STEP][PASSED] - click(findTestObject("OCS-MOBILE /Age gate and burger menu/Burger menu - English")): Object: 'Object Repository/OCS-MOBILE /Age gate and burger menu/Burger menu - English' is clicked on

2019-07-02 17:12:37 - [MESSAGE][PASSED] - Object: 'Object Repository/OCS-MOBILE /Age gate and burger menu/Burger menu - English' is clicked on

2019-07-02 17:12:37 - [TEST_STEP][PASSED] - delay(2): Delayed 2 second(s)

2019-07-02 17:12:39 - [MESSAGE][PASSED] - Delayed 2 second(s)

2019-07-02 17:12:39 - [TEST_STEP][PASSED] - click(findTestObject("OCS-MOBILE /Age gate and burger menu/Chevron_Cannabis")): Object: 'Object Repository/OCS-MOBILE /Age gate and burger menu/Chevron_Cannabis' is clicked on

2019-07-02 17:12:39 - [MESSAGE][PASSED] - Object: 'Object Repository/OCS-MOBILE /Age gate and burger menu/Chevron_Cannabis' is clicked on

2019-07-02 17:12:39 - [TEST_STEP][PASSED] - delay(2): Delayed 2 second(s)

2019-07-02 17:12:41 - [MESSAGE][PASSED] - Delayed 2 second(s)

2019-07-02 17:12:41 - [TEST_STEP][PASSED] - click(findTestObject("OCS-MOBILE /Age gate and burger menu/Dried Flower_Plus icon")): Object: 'Object Repository/OCS-MOBILE /Age gate and burger menu/Dried Flower_Plus icon' is clicked on

2019-07-02 17:12:41 - [MESSAGE][PASSED] - Object: 'Object Repository/OCS-MOBILE /Age gate and burger menu/Dried Flower_Plus icon' is clicked on

2019-07-02 17:12:41 - [TEST_STEP][PASSED] - delay(2): Delayed 2 second(s)

2019-07-02 17:12:43 - [MESSAGE][PASSED] - Delayed 2 second(s)

2019-07-02 17:12:43 - [TEST_STEP][PASSED] - click(findTestObject("OCS-MOBILE /Age gate and burger menu/Indica Dominant_Menu item")): Object: 'Object Repository/OCS-MOBILE /Age gate and burger menu/Indica Dominant_Menu item' is clicked on

2019-07-02 17:12:46 - [MESSAGE][PASSED] - Object: 'Object Repository/OCS-MOBILE /Age gate and burger menu/Indica Dominant_Menu item' is clicked on

2019-07-02 17:12:46 - [TEST_STEP][PASSED] - executeJavaScript("var previewBar = document.getElementById("preview-bar-iframe"); previewBar.style.display = "none";", []): Execute JavaScript 'var previewBar = document.getElementById("preview-bar-iframe"); previewBar.style.display = "none";' successfully

2019-07-02 17:12:46 - [MESSAGE][PASSED] - Execute JavaScript 'var previewBar = document.getElementById("preview-bar-iframe"); previewBar.style.display = "none";' successfully

2019-07-02 17:12:46 - [TEST_STEP][PASSED] - delay(2): Delayed 2 second(s)

2019-07-02 17:12:48 - [MESSAGE][PASSED] - Delayed 2 second(s)

2019-07-02 17:12:48 - [TEST_STEP][PASSED] - click(findTestObject("OCS-MOBILE /Collection page/Product image - 1st one")): Object: 'Object Repository/OCS-MOBILE /Collection page/Product image - 1st one' is clicked on

2019-07-02 17:12:51 - [MESSAGE][PASSED] - Object: 'Object Repository/OCS-MOBILE /Collection page/Product image - 1st one' is clicked on

2019-07-02 17:12:51 - [TEST_STEP][PASSED] - delay(2): Delayed 2 second(s)

2019-07-02 17:12:53 - [MESSAGE][PASSED] - Delayed 2 second(s)

2019-07-02 17:12:53 - [TEST_STEP][PASSED] - executeJavaScript("var previewBar = document.getElementById("preview-bar-iframe"); previewBar.style.display = "none";", []): Execute JavaScript 'var previewBar = document.getElementById("preview-bar-iframe"); previewBar.style.display = "none";' successfully

2019-07-02 17:12:53 - [MESSAGE][PASSED] - Execute JavaScript 'var previewBar = document.getElementById("preview-bar-iframe"); previewBar.style.display = "none";' successfully

2019-07-02 17:12:53 - [MESSAGE][PASSED] - Call Test Case 'Test Cases/OCS - MOBILE/CALL - PDP' successfully

2019-07-02 17:12:53 - [TEST_STEP][PASSED] - scrollToElement(findTestObject("OCS-MOBILE /Product page/More items to consider section/Grinders - Tab"), 2): Scroll to object 'Object Repository/OCS-MOBILE /Product page/More items to consider section/Grinders - Tab' successfully

2019-07-02 17:12:53 - [MESSAGE][PASSED] - Scroll to object 'Object Repository/OCS-MOBILE /Product page/More items to consider section/Grinders - Tab' successfully

2019-07-02 17:12:53 - [TEST_STEP][PASSED] - delay(5): Delayed 5 second(s)

2019-07-02 17:12:58 - [MESSAGE][PASSED] - Delayed 5 second(s)

2019-07-02 17:12:58 - [TEST_STEP][FAILED] - click(findTestObject("OCS-MOBILE /Product page/More items to consider section/Show all accessories - Link")): click(findTestObject("OCS-MOBILE /Product page/More items to consider section/Show all accessories - Link")) FAILED.
Reason:
com.kms.katalon.core.exception.StepFailedException: Unable to click on object 'Object Repository/OCS-MOBILE /Product page/More items to consider section/Show all accessories - Link' (Root cause: org.openqa.selenium.WebDriverException: unknown error: Element <a href="/collections/all-products" aria-role="button" class="btn btn--primary btn--outline">...</a> is not clickable at point (241, 21). Other element would receive the click: <div class="menu-bar__left-wrapper">...</div>
  (Session info: chrome=75.0.3770.100)
  (Driver info: chromedriver=2.43.600229 (3fae4d0cda5334b4f533bede5a4787f7b832d052),platform=Mac OS X 10.13.6 x86_64) (WARNING: The server did not provide any stacktrace information)
Command duration or timeout: 0 milliseconds
Build info: version: '3.7.1', revision: '8a0099a', time: '2017-11-06T21:07:36.161Z'
System info: host: 'sumans-MacBook-Pro.local', ip: 'fe80:0:0:0:98:5ae9:edb9:537f%en0', os.name: 'Mac OS X', os.arch: 'x86_64', os.version: '10.13.6', java.version: '1.8.0_181'
Driver info: com.kms.katalon.selenium.driver.CChromeDriver
Capabilities {acceptInsecureCerts: false, acceptSslCerts: false, applicationCacheEnabled: false, browserConnectionEnabled: false, browserName: chrome, chrome: {chromedriverVersion: 2.43.600229 (3fae4d0cda5334..., userDataDir: /var/folders/1t/c55l8xzs6gq...}, cssSelectorsEnabled: true, databaseEnabled: false, goog:chromeOptions: {debuggerAddress: localhost:54813}, handlesAlerts: true, hasTouchScreen: false, javascriptEnabled: true, locationContextEnabled: true, mobileEmulationEnabled: false, nativeEvents: true, networkConnectionEnabled: false, pageLoadStrategy: normal, platform: MAC, platformName: MAC, rotatable: false, setWindowRect: true, takesHeapSnapshot: true, takesScreenshot: true, unexpectedAlertBehaviour: , unhandledPromptBehavior: , version: 75.0.3770.100, webStorageEnabled: true}
Session ID: 20b85cf190e609fec722b212b5097177)
	at com.kms.katalon.core.keyword.internal.KeywordMain.stepFailed(KeywordMain.groovy:36)
	at com.kms.katalon.core.webui.keyword.internal.WebUIKeywordMain.stepFailed(WebUIKeywordMain.groovy:65)
	at com.kms.katalon.core.webui.keyword.internal.WebUIKeywordMain.runKeyword(WebUIKeywordMain.groovy:27)
	at com.kms.katalon.core.webui.keyword.builtin.ClickKeyword.click(ClickKeyword.groovy:86)
	at com.kms.katalon.core.webui.keyword.builtin.ClickKeyword.execute(ClickKeyword.groovy:67)
	at com.kms.katalon.core.keyword.internal.KeywordExecutor.executeKeywordForPlatform(KeywordExecutor.groovy:53)
	at com.kms.katalon.core.webui.keyword.WebUiBuiltInKeywords.click(WebUiBuiltInKeywords.groovy:616)
	at com.kms.katalon.core.webui.keyword.WebUiBuiltInKeywords$click$4.call(Unknown Source)
	at Show all accessories.run(Show all accessories:22)
	at com.kms.katalon.core.main.ScriptEngine.run(ScriptEngine.java:194)
	at com.kms.katalon.core.main.ScriptEngine.runScriptAsRawText(ScriptEngine.java:119)
	at com.kms.katalon.core.main.TestCaseExecutor.runScript(TestCaseExecutor.java:328)
	at com.kms.katalon.core.main.TestCaseExecutor.doExecute(TestCaseExecutor.java:319)
	at com.kms.katalon.core.main.TestCaseExecutor.processExecutionPhase(TestCaseExecutor.java:298)
	at com.kms.katalon.core.main.TestCaseExecutor.accessMainPhase(TestCaseExecutor.java:290)
	at com.kms.katalon.core.main.TestCaseExecutor.execute(TestCaseExecutor.java:224)
	at com.kms.katalon.core.main.TestSuiteExecutor.accessTestCaseMainPhase(TestSuiteExecutor.java:129)
	at com.kms.katalon.core.main.TestSuiteExecutor.accessTestSuiteMainPhase(TestSuiteExecutor.java:112)
	at com.kms.katalon.core.main.TestSuiteExecutor.execute(TestSuiteExecutor.java:81)
	at com.kms.katalon.core.main.TestCaseMain.startTestSuite(TestCaseMain.java:149)
	at com.kms.katalon.core.main.TestCaseMain$startTestSuite$0.call(Unknown Source)
	at TempTestSuite1562098461396.run(TempTestSuite1562098461396.groovy:36)


2019-07-02 17:12:59 - [MESSAGE][FAILED] - Unable to click on object 'Object Repository/OCS-MOBILE /Product page/More items to consider section/Show all accessories - Link' (Root cause: org.openqa.selenium.WebDriverException: unknown error: Element <a href="/collections/all-products" aria-role="button" class="btn btn--primary btn--outline">...</a> is not clickable at point (241, 21). Other element would receive the click: <div class="menu-bar__left-wrapper">...</div>
  (Session info: chrome=75.0.3770.100)
  (Driver info: chromedriver=2.43.600229 (3fae4d0cda5334b4f533bede5a4787f7b832d052),platform=Mac OS X 10.13.6 x86_64) (WARNING: The server did not provide any stacktrace information)
Command duration or timeout: 0 milliseconds
Build info: version: '3.7.1', revision: '8a0099a', time: '2017-11-06T21:07:36.161Z'
System info: host: 'sumans-MacBook-Pro.local', ip: 'fe80:0:0:0:98:5ae9:edb9:537f%en0', os.name: 'Mac OS X', os.arch: 'x86_64', os.version: '10.13.6', java.version: '1.8.0_181'
Driver info: com.kms.katalon.selenium.driver.CChromeDriver
Capabilities {acceptInsecureCerts: false, acceptSslCerts: false, applicationCacheEnabled: false, browserConnectionEnabled: false, browserName: chrome, chrome: {chromedriverVersion: 2.43.600229 (3fae4d0cda5334..., userDataDir: /var/folders/1t/c55l8xzs6gq...}, cssSelectorsEnabled: true, databaseEnabled: false, goog:chromeOptions: {debuggerAddress: localhost:54813}, handlesAlerts: true, hasTouchScreen: false, javascriptEnabled: true, locationContextEnabled: true, mobileEmulationEnabled: false, nativeEvents: true, networkConnectionEnabled: false, pageLoadStrategy: normal, platform: MAC, platformName: MAC, rotatable: false, setWindowRect: true, takesHeapSnapshot: true, takesScreenshot: true, unexpectedAlertBehaviour: , unhandledPromptBehavior: , version: 75.0.3770.100, webStorageEnabled: true}
Session ID: 20b85cf190e609fec722b212b5097177)
[[ATTACHMENT|/Users/sumankompelly/Relative xpath-Mobile/Reports/1.11.1/20190702_161421/1562101978820.png]]

2019-07-02 17:12:59 - [MESSAGE][FAILED] - click(findTestObject("OCS-MOBILE /Product page/More items to consider section/Show all accessories - Link")) FAILED.
Reason:
com.kms.katalon.core.exception.StepFailedException: Unable to click on object 'Object Repository/OCS-MOBILE /Product page/More items to consider section/Show all accessories - Link' (Root cause: org.openqa.selenium.WebDriverException: unknown error: Element <a href="/collections/all-products" aria-role="button" class="btn btn--primary btn--outline">...</a> is not clickable at point (241, 21). Other element would receive the click: <div class="menu-bar__left-wrapper">...</div>
  (Session info: chrome=75.0.3770.100)
  (Driver info: chromedriver=2.43.600229 (3fae4d0cda5334b4f533bede5a4787f7b832d052),platform=Mac OS X 10.13.6 x86_64) (WARNING: The server did not provide any stacktrace information)
Command duration or timeout: 0 milliseconds
Build info: version: '3.7.1', revision: '8a0099a', time: '2017-11-06T21:07:36.161Z'
System info: host: 'sumans-MacBook-Pro.local', ip: 'fe80:0:0:0:98:5ae9:edb9:537f%en0', os.name: 'Mac OS X', os.arch: 'x86_64', os.version: '10.13.6', java.version: '1.8.0_181'
Driver info: com.kms.katalon.selenium.driver.CChromeDriver
Capabilities {acceptInsecureCerts: false, acceptSslCerts: false, applicationCacheEnabled: false, browserConnectionEnabled: false, browserName: chrome, chrome: {chromedriverVersion: 2.43.600229 (3fae4d0cda5334..., userDataDir: /var/folders/1t/c55l8xzs6gq...}, cssSelectorsEnabled: true, databaseEnabled: false, goog:chromeOptions: {debuggerAddress: localhost:54813}, handlesAlerts: true, hasTouchScreen: false, javascriptEnabled: true, locationContextEnabled: true, mobileEmulationEnabled: false, nativeEvents: true, networkConnectionEnabled: false, pageLoadStrategy: normal, platform: MAC, platformName: MAC, rotatable: false, setWindowRect: true, takesHeapSnapshot: true, takesScreenshot: true, unexpectedAlertBehaviour: , unhandledPromptBehavior: , version: 75.0.3770.100, webStorageEnabled: true}
Session ID: 20b85cf190e609fec722b212b5097177)
	at com.kms.katalon.core.keyword.internal.KeywordMain.stepFailed(KeywordMain.groovy:36)
	at com.kms.katalon.core.webui.keyword.internal.WebUIKeywordMain.stepFailed(WebUIKeywordMain.groovy:65)
	at com.kms.katalon.core.webui.keyword.internal.WebUIKeywordMain.runKeyword(WebUIKeywordMain.groovy:27)
	at com.kms.katalon.core.webui.keyword.builtin.ClickKeyword.click(ClickKeyword.groovy:86)
	at com.kms.katalon.core.webui.keyword.builtin.ClickKeyword.execute(ClickKeyword.groovy:67)
	at com.kms.katalon.core.keyword.internal.KeywordExecutor.executeKeywordForPlatform(KeywordExecutor.groovy:53)
	at com.kms.katalon.core.webui.keyword.WebUiBuiltInKeywords.click(WebUiBuiltInKeywords.groovy:616)
	at com.kms.katalon.core.webui.keyword.WebUiBuiltInKeywords$click$4.call(Unknown Source)
	at Show all accessories.run(Show all accessories:22)
	at com.kms.katalon.core.main.ScriptEngine.run(ScriptEngine.java:194)
	at com.kms.katalon.core.main.ScriptEngine.runScriptAsRawText(ScriptEngine.java:119)
	at com.kms.katalon.core.main.TestCaseExecutor.runScript(TestCaseExecutor.java:328)
	at com.kms.katalon.core.main.TestCaseExecutor.doExecute(TestCaseExecutor.java:319)
	at com.kms.katalon.core.main.TestCaseExecutor.processExecutionPhase(TestCaseExecutor.java:298)
	at com.kms.katalon.core.main.TestCaseExecutor.accessMainPhase(TestCaseExecutor.java:290)
	at com.kms.katalon.core.main.TestCaseExecutor.execute(TestCaseExecutor.java:224)
	at com.kms.katalon.core.main.TestSuiteExecutor.accessTestCaseMainPhase(TestSuiteExecutor.java:129)
	at com.kms.katalon.core.main.TestSuiteExecutor.accessTestSuiteMainPhase(TestSuiteExecutor.java:112)
	at com.kms.katalon.core.main.TestSuiteExecutor.execute(TestSuiteExecutor.java:81)
	at com.kms.katalon.core.main.TestCaseMain.startTestSuite(TestCaseMain.java:149)
	at com.kms.katalon.core.main.TestCaseMain$startTestSuite$0.call(Unknown Source)
	at TempTestSuite1562098461396.run(TempTestSuite1562098461396.groovy:36)]]></system-out>
         <system-err><![CDATA[2019-07-02 17:12:18 - [TEST_CASE][FAILED] - Test Cases/OCS - MOBILE/OCS- PRODUCT PAGE/Show all accessories: Test Cases/OCS - MOBILE/OCS- PRODUCT PAGE/Show all accessories FAILED.
Reason:
com.kms.katalon.core.exception.StepFailedException: Unable to click on object 'Object Repository/OCS-MOBILE /Product page/More items to consider section/Show all accessories - Link' (Root cause: org.openqa.selenium.WebDriverException: unknown error: Element <a href="/collections/all-products" aria-role="button" class="btn btn--primary btn--outline">...</a> is not clickable at point (241, 21). Other element would receive the click: <div class="menu-bar__left-wrapper">...</div>
  (Session info: chrome=75.0.3770.100)
  (Driver info: chromedriver=2.43.600229 (3fae4d0cda5334b4f533bede5a4787f7b832d052),platform=Mac OS X 10.13.6 x86_64) (WARNING: The server did not provide any stacktrace information)
Command duration or timeout: 0 milliseconds
Build info: version: '3.7.1', revision: '8a0099a', time: '2017-11-06T21:07:36.161Z'
System info: host: 'sumans-MacBook-Pro.local', ip: 'fe80:0:0:0:98:5ae9:edb9:537f%en0', os.name: 'Mac OS X', os.arch: 'x86_64', os.version: '10.13.6', java.version: '1.8.0_181'
Driver info: com.kms.katalon.selenium.driver.CChromeDriver
Capabilities {acceptInsecureCerts: false, acceptSslCerts: false, applicationCacheEnabled: false, browserConnectionEnabled: false, browserName: chrome, chrome: {chromedriverVersion: 2.43.600229 (3fae4d0cda5334..., userDataDir: /var/folders/1t/c55l8xzs6gq...}, cssSelectorsEnabled: true, databaseEnabled: false, goog:chromeOptions: {debuggerAddress: localhost:54813}, handlesAlerts: true, hasTouchScreen: false, javascriptEnabled: true, locationContextEnabled: true, mobileEmulationEnabled: false, nativeEvents: true, networkConnectionEnabled: false, pageLoadStrategy: normal, platform: MAC, platformName: MAC, rotatable: false, setWindowRect: true, takesHeapSnapshot: true, takesScreenshot: true, unexpectedAlertBehaviour: , unhandledPromptBehavior: , version: 75.0.3770.100, webStorageEnabled: true}
Session ID: 20b85cf190e609fec722b212b5097177)
	at com.kms.katalon.core.keyword.internal.KeywordMain.stepFailed(KeywordMain.groovy:36)
	at com.kms.katalon.core.webui.keyword.internal.WebUIKeywordMain.stepFailed(WebUIKeywordMain.groovy:65)
	at com.kms.katalon.core.webui.keyword.internal.WebUIKeywordMain.runKeyword(WebUIKeywordMain.groovy:27)
	at com.kms.katalon.core.webui.keyword.builtin.ClickKeyword.click(ClickKeyword.groovy:86)
	at com.kms.katalon.core.webui.keyword.builtin.ClickKeyword.execute(ClickKeyword.groovy:67)
	at com.kms.katalon.core.keyword.internal.KeywordExecutor.executeKeywordForPlatform(KeywordExecutor.groovy:53)
	at com.kms.katalon.core.webui.keyword.WebUiBuiltInKeywords.click(WebUiBuiltInKeywords.groovy:616)
	at com.kms.katalon.core.webui.keyword.WebUiBuiltInKeywords$click$4.call(Unknown Source)
	at Show all accessories.run(Show all accessories:22)
	at com.kms.katalon.core.main.ScriptEngine.run(ScriptEngine.java:194)
	at com.kms.katalon.core.main.ScriptEngine.runScriptAsRawText(ScriptEngine.java:119)
	at com.kms.katalon.core.main.TestCaseExecutor.runScript(TestCaseExecutor.java:328)
	at com.kms.katalon.core.main.TestCaseExecutor.doExecute(TestCaseExecutor.java:319)
	at com.kms.katalon.core.main.TestCaseExecutor.processExecutionPhase(TestCaseExecutor.java:298)
	at com.kms.katalon.core.main.TestCaseExecutor.accessMainPhase(TestCaseExecutor.java:290)
	at com.kms.katalon.core.main.TestCaseExecutor.execute(TestCaseExecutor.java:224)
	at com.kms.katalon.core.main.TestSuiteExecutor.accessTestCaseMainPhase(TestSuiteExecutor.java:129)
	at com.kms.katalon.core.main.TestSuiteExecutor.accessTestSuiteMainPhase(TestSuiteExecutor.java:112)
	at com.kms.katalon.core.main.TestSuiteExecutor.execute(TestSuiteExecutor.java:81)
	at com.kms.katalon.core.main.TestCaseMain.startTestSuite(TestCaseMain.java:149)
	at com.kms.katalon.core.main.TestCaseMain$startTestSuite$0.call(Unknown Source)
	at TempTestSuite1562098461396.run(TempTestSuite1562098461396.groovy:36)]]></system-err>
      </testcase>
      <testcase name="Test Cases/OCS - MOBILE/OCS- PRODUCT PAGE/More items to consider" classname="Test Cases/OCS - MOBILE/OCS- PRODUCT PAGE/More items to consider" status="FAILED">
         <failure type="FAILED" message="Test Cases/OCS - MOBILE/OCS- PRODUCT PAGE/More items to consider FAILED.
Reason:
com.kms.katalon.core.exception.StepFailedException: Unable to click on object 'Object Repository/OCS-MOBILE /Product page/More items to consider section/1st Product - image - Vaporizer' (Root cause: com.kms.katalon.core.webui.exception.WebElementNotFoundException: Web element with id: 'Object Repository/OCS-MOBILE /Product page/More items to consider section/1st Product - image - Vaporizer' located by 'By.xpath: //article[@id='product_1314104706892']//a//img' not found)
	at com.kms.katalon.core.keyword.internal.KeywordMain.stepFailed(KeywordMain.groovy:36)
	at com.kms.katalon.core.webui.keyword.internal.WebUIKeywordMain.stepFailed(WebUIKeywordMain.groovy:65)
	at com.kms.katalon.core.webui.keyword.internal.WebUIKeywordMain.runKeyword(WebUIKeywordMain.groovy:27)
	at com.kms.katalon.core.webui.keyword.builtin.ClickKeyword.click(ClickKeyword.groovy:86)
	at com.kms.katalon.core.webui.keyword.builtin.ClickKeyword.execute(ClickKeyword.groovy:67)
	at com.kms.katalon.core.keyword.internal.KeywordExecutor.executeKeywordForPlatform(KeywordExecutor.groovy:53)
	at com.kms.katalon.core.webui.keyword.WebUiBuiltInKeywords.click(WebUiBuiltInKeywords.groovy:616)
	at com.kms.katalon.core.webui.keyword.WebUiBuiltInKeywords$click$4.call(Unknown Source)
	at More items to consider.run(More items to consider:54)
	at com.kms.katalon.core.main.ScriptEngine.run(ScriptEngine.java:194)
	at com.kms.katalon.core.main.ScriptEngine.runScriptAsRawText(ScriptEngine.java:119)
	at com.kms.katalon.core.main.TestCaseExecutor.runScript(TestCaseExecutor.java:328)
	at com.kms.katalon.core.main.TestCaseExecutor.doExecute(TestCaseExecutor.java:319)
	at com.kms.katalon.core.main.TestCaseExecutor.processExecutionPhase(TestCaseExecutor.java:298)
	at com.kms.katalon.core.main.TestCaseExecutor.accessMainPhase(TestCaseExecutor.java:290)
	at com.kms.katalon.core.main.TestCaseExecutor.execute(TestCaseExecutor.java:224)
	at com.kms.katalon.core.main.TestSuiteExecutor.accessTestCaseMainPhase(TestSuiteExecutor.java:129)
	at com.kms.katalon.core.main.TestSuiteExecutor.accessTestSuiteMainPhase(TestSuiteExecutor.java:112)
	at com.kms.katalon.core.main.TestSuiteExecutor.execute(TestSuiteExecutor.java:81)
	at com.kms.katalon.core.main.TestCaseMain.startTestSuite(TestCaseMain.java:149)
	at com.kms.katalon.core.main.TestCaseMain$startTestSuite$0.call(Unknown Source)
	at TempTestSuite1562098461396.run(TempTestSuite1562098461396.groovy:36)
"/>
         <system-out><![CDATA[2019-07-02 17:12:59 - [TEST_CASE][FAILED] - Test Cases/OCS - MOBILE/OCS- PRODUCT PAGE/More items to consider: Test Cases/OCS - MOBILE/OCS- PRODUCT PAGE/More items to consider FAILED.
Reason:
com.kms.katalon.core.exception.StepFailedException: Unable to click on object 'Object Repository/OCS-MOBILE /Product page/More items to consider section/1st Product - image - Vaporizer' (Root cause: com.kms.katalon.core.webui.exception.WebElementNotFoundException: Web element with id: 'Object Repository/OCS-MOBILE /Product page/More items to consider section/1st Product - image - Vaporizer' located by 'By.xpath: //article[@id='product_1314104706892']//a//img' not found)
	at com.kms.katalon.core.keyword.internal.KeywordMain.stepFailed(KeywordMain.groovy:36)
	at com.kms.katalon.core.webui.keyword.internal.WebUIKeywordMain.stepFailed(WebUIKeywordMain.groovy:65)
	at com.kms.katalon.core.webui.keyword.internal.WebUIKeywordMain.runKeyword(WebUIKeywordMain.groovy:27)
	at com.kms.katalon.core.webui.keyword.builtin.ClickKeyword.click(ClickKeyword.groovy:86)
	at com.kms.katalon.core.webui.keyword.builtin.ClickKeyword.execute(ClickKeyword.groovy:67)
	at com.kms.katalon.core.keyword.internal.KeywordExecutor.executeKeywordForPlatform(KeywordExecutor.groovy:53)
	at com.kms.katalon.core.webui.keyword.WebUiBuiltInKeywords.click(WebUiBuiltInKeywords.groovy:616)
	at com.kms.katalon.core.webui.keyword.WebUiBuiltInKeywords$click$4.call(Unknown Source)
	at More items to consider.run(More items to consider:54)
	at com.kms.katalon.core.main.ScriptEngine.run(ScriptEngine.java:194)
	at com.kms.katalon.core.main.ScriptEngine.runScriptAsRawText(ScriptEngine.java:119)
	at com.kms.katalon.core.main.TestCaseExecutor.runScript(TestCaseExecutor.java:328)
	at com.kms.katalon.core.main.TestCaseExecutor.doExecute(TestCaseExecutor.java:319)
	at com.kms.katalon.core.main.TestCaseExecutor.processExecutionPhase(TestCaseExecutor.java:298)
	at com.kms.katalon.core.main.TestCaseExecutor.accessMainPhase(TestCaseExecutor.java:290)
	at com.kms.katalon.core.main.TestCaseExecutor.execute(TestCaseExecutor.java:224)
	at com.kms.katalon.core.main.TestSuiteExecutor.accessTestCaseMainPhase(TestSuiteExecutor.java:129)
	at com.kms.katalon.core.main.TestSuiteExecutor.accessTestSuiteMainPhase(TestSuiteExecutor.java:112)
	at com.kms.katalon.core.main.TestSuiteExecutor.execute(TestSuiteExecutor.java:81)
	at com.kms.katalon.core.main.TestCaseMain.startTestSuite(TestCaseMain.java:149)
	at com.kms.katalon.core.main.TestCaseMain$startTestSuite$0.call(Unknown Source)
	at TempTestSuite1562098461396.run(TempTestSuite1562098461396.groovy:36)


2019-07-02 17:12:59 - [TEST_STEP][PASSED] - callTestCase(findTestCase("OCS - MOBILE/CALL - PDP"), [:], STOP_ON_FAILURE): Call Test Case 'Test Cases/OCS - MOBILE/CALL - PDP' successfully

2019-07-02 17:12:59 - [TEST_CASE][PASSED] - Test Cases/OCS - MOBILE/CALL - PDP: Test Cases/OCS - MOBILE/CALL - PDP

2019-07-02 17:12:59 - [TEST_STEP][PASSED] - openBrowser(""): Browser is opened with url: ''

2019-07-02 17:12:59 - [MESSAGE][WARNING] - A browser is already opened. Closing browser and opening a new one

2019-07-02 17:12:59 - [MESSAGE][INFO] - Starting 'Chrome' driver

2019-07-02 17:13:00 - [MESSAGE][PASSED] - Browser is opened with url: ''

2019-07-02 17:13:00 - [TEST_STEP][PASSED] - navigateToUrl("https://ocs.ca/?fts=0&preview_theme_id=74203301708"): Navigate to 'https://ocs.ca/?fts=0&preview_theme_id=74203301708' successfully

2019-07-02 17:13:05 - [MESSAGE][PASSED] - Navigate to 'https://ocs.ca/?fts=0&preview_theme_id=74203301708' successfully

2019-07-02 17:13:05 - [TEST_STEP][PASSED] - executeJavaScript("var previewBar = document.getElementById("preview-bar-iframe"); previewBar.style.display = "none";", []): Execute JavaScript 'var previewBar = document.getElementById("preview-bar-iframe"); previewBar.style.display = "none";' successfully

2019-07-02 17:13:05 - [MESSAGE][PASSED] - Execute JavaScript 'var previewBar = document.getElementById("preview-bar-iframe"); previewBar.style.display = "none";' successfully

2019-07-02 17:13:05 - [TEST_STEP][PASSED] - setViewPortSize(360, 800): Viewport is set to new size with width = 360 and height = 800

2019-07-02 17:13:05 - [MESSAGE][PASSED] - Viewport is set to new size with width = 360 and height = 800

2019-07-02 17:13:05 - [TEST_STEP][PASSED] - delay(4): Delayed 4 second(s)

2019-07-02 17:13:09 - [MESSAGE][PASSED] - Delayed 4 second(s)

2019-07-02 17:13:09 - [TEST_STEP][PASSED] - selectOptionByValue(findTestObject("OCS-MOBILE /Age gate and burger menu/Date"), "12", true): All options with value '12' are selected in object 'Object Repository/OCS-MOBILE /Age gate and burger menu/Date'  using regular expression

2019-07-02 17:13:09 - [MESSAGE][PASSED] - All options with value '12' are selected in object 'Object Repository/OCS-MOBILE /Age gate and burger menu/Date'  using regular expression

2019-07-02 17:13:09 - [TEST_STEP][PASSED] - selectOptionByValue(findTestObject("OCS-MOBILE /Age gate and burger menu/month"), "6", true): All options with value '6' are selected in object 'Object Repository/OCS-MOBILE /Age gate and burger menu/month'  using regular expression

2019-07-02 17:13:10 - [MESSAGE][PASSED] - All options with value '6' are selected in object 'Object Repository/OCS-MOBILE /Age gate and burger menu/month'  using regular expression

2019-07-02 17:13:10 - [TEST_STEP][PASSED] - delay(2): Delayed 2 second(s)

2019-07-02 17:13:12 - [MESSAGE][PASSED] - Delayed 2 second(s)

2019-07-02 17:13:12 - [TEST_STEP][PASSED] - selectOptionByValue(findTestObject("OCS-MOBILE /Age gate and burger menu/Year Dropdown"), "1990", true): All options with value '1990' are selected in object 'Object Repository/OCS-MOBILE /Age gate and burger menu/Year Dropdown'  using regular expression

2019-07-02 17:13:13 - [MESSAGE][PASSED] - All options with value '1990' are selected in object 'Object Repository/OCS-MOBILE /Age gate and burger menu/Year Dropdown'  using regular expression

2019-07-02 17:13:13 - [TEST_STEP][PASSED] - click(findTestObject("OCS-MOBILE /Age gate and Mega menu/button_Verify")): Object: 'Object Repository/OCS-MOBILE /Age gate and Mega menu/button_Verify' is clicked on

2019-07-02 17:13:13 - [MESSAGE][PASSED] - Object: 'Object Repository/OCS-MOBILE /Age gate and Mega menu/button_Verify' is clicked on

2019-07-02 17:13:13 - [TEST_STEP][PASSED] - click(findTestObject("OCS-MOBILE /Age gate and Mega menu/Checkbox_CONFIRM AND ACKNOWLEDGE")): Object: 'Object Repository/OCS-MOBILE /Age gate and Mega menu/Checkbox_CONFIRM AND ACKNOWLEDGE' is clicked on

2019-07-02 17:13:13 - [MESSAGE][PASSED] - Object: 'Object Repository/OCS-MOBILE /Age gate and Mega menu/Checkbox_CONFIRM AND ACKNOWLEDGE' is clicked on

2019-07-02 17:13:13 - [TEST_STEP][PASSED] - click(findTestObject("OCS-MOBILE /Age gate and Mega menu/button_CONFIRM")): Object: 'Object Repository/OCS-MOBILE /Age gate and Mega menu/button_CONFIRM' is clicked on

2019-07-02 17:13:13 - [MESSAGE][PASSED] - Object: 'Object Repository/OCS-MOBILE /Age gate and Mega menu/button_CONFIRM' is clicked on

2019-07-02 17:13:13 - [TEST_STEP][PASSED] - click(findTestObject("OCS-MOBILE /Age gate and Mega menu/button_Start Browsing")): Object: 'Object Repository/OCS-MOBILE /Age gate and Mega menu/button_Start Browsing' is clicked on

2019-07-02 17:13:13 - [MESSAGE][PASSED] - Object: 'Object Repository/OCS-MOBILE /Age gate and Mega menu/button_Start Browsing' is clicked on

2019-07-02 17:13:13 - [TEST_STEP][PASSED] - refresh(): Refresh successfully

2019-07-02 17:13:13 - [MESSAGE][PASSED] - Refresh successfully

2019-07-02 17:13:13 - [TEST_STEP][PASSED] - delay(2): Delayed 2 second(s)

2019-07-02 17:13:15 - [MESSAGE][PASSED] - Delayed 2 second(s)

2019-07-02 17:13:15 - [TEST_STEP][PASSED] - click(findTestObject("OCS-MOBILE /Age gate and burger menu/Burger menu - English")): Object: 'Object Repository/OCS-MOBILE /Age gate and burger menu/Burger menu - English' is clicked on

2019-07-02 17:13:16 - [MESSAGE][PASSED] - Object: 'Object Repository/OCS-MOBILE /Age gate and burger menu/Burger menu - English' is clicked on

2019-07-02 17:13:16 - [TEST_STEP][PASSED] - delay(2): Delayed 2 second(s)

2019-07-02 17:13:18 - [MESSAGE][PASSED] - Delayed 2 second(s)

2019-07-02 17:13:18 - [TEST_STEP][PASSED] - click(findTestObject("OCS-MOBILE /Age gate and burger menu/Chevron_Cannabis")): Object: 'Object Repository/OCS-MOBILE /Age gate and burger menu/Chevron_Cannabis' is clicked on

2019-07-02 17:13:18 - [MESSAGE][PASSED] - Object: 'Object Repository/OCS-MOBILE /Age gate and burger menu/Chevron_Cannabis' is clicked on

2019-07-02 17:13:18 - [TEST_STEP][PASSED] - delay(2): Delayed 2 second(s)

2019-07-02 17:13:20 - [MESSAGE][PASSED] - Delayed 2 second(s)

2019-07-02 17:13:20 - [TEST_STEP][PASSED] - click(findTestObject("OCS-MOBILE /Age gate and burger menu/Dried Flower_Plus icon")): Object: 'Object Repository/OCS-MOBILE /Age gate and burger menu/Dried Flower_Plus icon' is clicked on

2019-07-02 17:13:20 - [MESSAGE][PASSED] - Object: 'Object Repository/OCS-MOBILE /Age gate and burger menu/Dried Flower_Plus icon' is clicked on

2019-07-02 17:13:20 - [TEST_STEP][PASSED] - delay(2): Delayed 2 second(s)

2019-07-02 17:13:22 - [MESSAGE][PASSED] - Delayed 2 second(s)

2019-07-02 17:13:22 - [TEST_STEP][PASSED] - click(findTestObject("OCS-MOBILE /Age gate and burger menu/Indica Dominant_Menu item")): Object: 'Object Repository/OCS-MOBILE /Age gate and burger menu/Indica Dominant_Menu item' is clicked on

2019-07-02 17:13:24 - [MESSAGE][PASSED] - Object: 'Object Repository/OCS-MOBILE /Age gate and burger menu/Indica Dominant_Menu item' is clicked on

2019-07-02 17:13:24 - [TEST_STEP][PASSED] - executeJavaScript("var previewBar = document.getElementById("preview-bar-iframe"); previewBar.style.display = "none";", []): Execute JavaScript 'var previewBar = document.getElementById("preview-bar-iframe"); previewBar.style.display = "none";' successfully

2019-07-02 17:13:25 - [MESSAGE][PASSED] - Execute JavaScript 'var previewBar = document.getElementById("preview-bar-iframe"); previewBar.style.display = "none";' successfully

2019-07-02 17:13:25 - [TEST_STEP][PASSED] - delay(2): Delayed 2 second(s)

2019-07-02 17:13:27 - [MESSAGE][PASSED] - Delayed 2 second(s)

2019-07-02 17:13:27 - [TEST_STEP][PASSED] - click(findTestObject("OCS-MOBILE /Collection page/Product image - 1st one")): Object: 'Object Repository/OCS-MOBILE /Collection page/Product image - 1st one' is clicked on

2019-07-02 17:13:30 - [MESSAGE][PASSED] - Object: 'Object Repository/OCS-MOBILE /Collection page/Product image - 1st one' is clicked on

2019-07-02 17:13:30 - [TEST_STEP][PASSED] - delay(2): Delayed 2 second(s)

2019-07-02 17:13:32 - [MESSAGE][PASSED] - Delayed 2 second(s)

2019-07-02 17:13:32 - [TEST_STEP][PASSED] - executeJavaScript("var previewBar = document.getElementById("preview-bar-iframe"); previewBar.style.display = "none";", []): Execute JavaScript 'var previewBar = document.getElementById("preview-bar-iframe"); previewBar.style.display = "none";' successfully

2019-07-02 17:13:32 - [MESSAGE][PASSED] - Execute JavaScript 'var previewBar = document.getElementById("preview-bar-iframe"); previewBar.style.display = "none";' successfully

2019-07-02 17:13:32 - [MESSAGE][PASSED] - Call Test Case 'Test Cases/OCS - MOBILE/CALL - PDP' successfully

2019-07-02 17:13:32 - [TEST_STEP][NOT_RUN] - scrollToElement(findTestObject("OCS-MOBILE /Product page/Product image"), 1): NOT_RUN: scrollToElement(findTestObject("OCS-MOBILE /Product page/Product image"), 1)

2019-07-02 17:13:32 - [MESSAGE][NOT_RUN] - NOT_RUN: scrollToElement(findTestObject("OCS-MOBILE /Product page/Product image"), 1)

2019-07-02 17:13:32 - [TEST_STEP][PASSED] - delay(2): Delayed 2 second(s)

2019-07-02 17:13:34 - [MESSAGE][PASSED] - Delayed 2 second(s)

2019-07-02 17:13:34 - [TEST_STEP][PASSED] - click(findTestObject("OCS-MOBILE /Product page/Learn More - Link")): Object: 'Object Repository/OCS-MOBILE /Product page/Learn More - Link' is clicked on

2019-07-02 17:13:34 - [MESSAGE][PASSED] - Object: 'Object Repository/OCS-MOBILE /Product page/Learn More - Link' is clicked on

2019-07-02 17:13:34 - [TEST_STEP][PASSED] - delay(1): Delayed 1 second(s)

2019-07-02 17:13:35 - [MESSAGE][PASSED] - Delayed 1 second(s)

2019-07-02 17:13:35 - [TEST_STEP][NOT_RUN] - scrollToElement(findTestObject("OCS-MOBILE /Product page/Last raw of the table"), 0): NOT_RUN: scrollToElement(findTestObject("OCS-MOBILE /Product page/Last raw of the table"), 0)

2019-07-02 17:13:35 - [MESSAGE][NOT_RUN] - NOT_RUN: scrollToElement(findTestObject("OCS-MOBILE /Product page/Last raw of the table"), 0)

2019-07-02 17:13:35 - [TEST_STEP][PASSED] - takeScreenshot(): Taking screenshot successfully

2019-07-02 17:13:35 - [MESSAGE][PASSED] - Taking screenshot successfully
[[ATTACHMENT|/Users/sumankompelly/Relative xpath-Mobile/Reports/1.11.1/20190702_161421/1562102015438.png]]

2019-07-02 17:13:35 - [TEST_STEP][PASSED] - delay(1): Delayed 1 second(s)

2019-07-02 17:13:36 - [MESSAGE][PASSED] - Delayed 1 second(s)

2019-07-02 17:13:36 - [TEST_STEP][PASSED] - click(findTestObject("OCS-MOBILE /Product page/More items to consider section/1st Product - image - Grinder")): Object: 'Object Repository/OCS-MOBILE /Product page/More items to consider section/1st Product - image - Grinder' is clicked on

2019-07-02 17:13:39 - [MESSAGE][PASSED] - Object: 'Object Repository/OCS-MOBILE /Product page/More items to consider section/1st Product - image - Grinder' is clicked on

2019-07-02 17:13:39 - [TEST_STEP][PASSED] - delay(2, STOP_ON_FAILURE): Delayed 2 second(s)

2019-07-02 17:13:41 - [MESSAGE][PASSED] - Delayed 2 second(s)

2019-07-02 17:13:41 - [TEST_STEP][PASSED] - takeScreenshot(): Taking screenshot successfully

2019-07-02 17:13:42 - [MESSAGE][PASSED] - Taking screenshot successfully
[[ATTACHMENT|/Users/sumankompelly/Relative xpath-Mobile/Reports/1.11.1/20190702_161421/1562102021790.png]]

2019-07-02 17:13:42 - [TEST_STEP][PASSED] - delay(1): Delayed 1 second(s)

2019-07-02 17:13:43 - [MESSAGE][PASSED] - Delayed 1 second(s)

2019-07-02 17:13:43 - [TEST_STEP][PASSED] - back(): Navigate back successfully

2019-07-02 17:13:46 - [MESSAGE][PASSED] - Navigate back successfully

2019-07-02 17:13:46 - [TEST_STEP][PASSED] - click(findTestObject("OCS-MOBILE /Product page/More items to consider section/Vaporizers - Tab")): Object: 'Object Repository/OCS-MOBILE /Product page/More items to consider section/Vaporizers - Tab' is clicked on

2019-07-02 17:13:46 - [MESSAGE][PASSED] - Object: 'Object Repository/OCS-MOBILE /Product page/More items to consider section/Vaporizers - Tab' is clicked on

2019-07-02 17:13:46 - [TEST_STEP][PASSED] - delay(2): Delayed 2 second(s)

2019-07-02 17:13:48 - [MESSAGE][PASSED] - Delayed 2 second(s)

2019-07-02 17:13:48 - [TEST_STEP][PASSED] - takeScreenshot(): Taking screenshot successfully

2019-07-02 17:13:48 - [MESSAGE][PASSED] - Taking screenshot successfully
[[ATTACHMENT|/Users/sumankompelly/Relative xpath-Mobile/Reports/1.11.1/20190702_161421/1562102028469.png]]

2019-07-02 17:13:48 - [TEST_STEP][PASSED] - executeJavaScript("var previewBar = document.getElementById("preview-bar-iframe"); previewBar.style.display = "none";", []): Execute JavaScript 'var previewBar = document.getElementById("preview-bar-iframe"); previewBar.style.display = "none";' successfully

2019-07-02 17:13:48 - [MESSAGE][PASSED] - Execute JavaScript 'var previewBar = document.getElementById("preview-bar-iframe"); previewBar.style.display = "none";' successfully

2019-07-02 17:13:48 - [TEST_STEP][PASSED] - delay(1): Delayed 1 second(s)

2019-07-02 17:13:49 - [MESSAGE][PASSED] - Delayed 1 second(s)

2019-07-02 17:13:49 - [TEST_STEP][FAILED] - click(findTestObject("OCS-MOBILE /Product page/More items to consider section/1st Product - image - Vaporizer")): click(findTestObject("OCS-MOBILE /Product page/More items to consider section/1st Product - image - Vaporizer")) FAILED.
Reason:
com.kms.katalon.core.exception.StepFailedException: Unable to click on object 'Object Repository/OCS-MOBILE /Product page/More items to consider section/1st Product - image - Vaporizer' (Root cause: com.kms.katalon.core.webui.exception.WebElementNotFoundException: Web element with id: 'Object Repository/OCS-MOBILE /Product page/More items to consider section/1st Product - image - Vaporizer' located by 'By.xpath: //article[@id='product_1314104706892']//a//img' not found)
	at com.kms.katalon.core.keyword.internal.KeywordMain.stepFailed(KeywordMain.groovy:36)
	at com.kms.katalon.core.webui.keyword.internal.WebUIKeywordMain.stepFailed(WebUIKeywordMain.groovy:65)
	at com.kms.katalon.core.webui.keyword.internal.WebUIKeywordMain.runKeyword(WebUIKeywordMain.groovy:27)
	at com.kms.katalon.core.webui.keyword.builtin.ClickKeyword.click(ClickKeyword.groovy:86)
	at com.kms.katalon.core.webui.keyword.builtin.ClickKeyword.execute(ClickKeyword.groovy:67)
	at com.kms.katalon.core.keyword.internal.KeywordExecutor.executeKeywordForPlatform(KeywordExecutor.groovy:53)
	at com.kms.katalon.core.webui.keyword.WebUiBuiltInKeywords.click(WebUiBuiltInKeywords.groovy:616)
	at com.kms.katalon.core.webui.keyword.WebUiBuiltInKeywords$click$4.call(Unknown Source)
	at More items to consider.run(More items to consider:54)
	at com.kms.katalon.core.main.ScriptEngine.run(ScriptEngine.java:194)
	at com.kms.katalon.core.main.ScriptEngine.runScriptAsRawText(ScriptEngine.java:119)
	at com.kms.katalon.core.main.TestCaseExecutor.runScript(TestCaseExecutor.java:328)
	at com.kms.katalon.core.main.TestCaseExecutor.doExecute(TestCaseExecutor.java:319)
	at com.kms.katalon.core.main.TestCaseExecutor.processExecutionPhase(TestCaseExecutor.java:298)
	at com.kms.katalon.core.main.TestCaseExecutor.accessMainPhase(TestCaseExecutor.java:290)
	at com.kms.katalon.core.main.TestCaseExecutor.execute(TestCaseExecutor.java:224)
	at com.kms.katalon.core.main.TestSuiteExecutor.accessTestCaseMainPhase(TestSuiteExecutor.java:129)
	at com.kms.katalon.core.main.TestSuiteExecutor.accessTestSuiteMainPhase(TestSuiteExecutor.java:112)
	at com.kms.katalon.core.main.TestSuiteExecutor.execute(TestSuiteExecutor.java:81)
	at com.kms.katalon.core.main.TestCaseMain.startTestSuite(TestCaseMain.java:149)
	at com.kms.katalon.core.main.TestCaseMain$startTestSuite$0.call(Unknown Source)
	at TempTestSuite1562098461396.run(TempTestSuite1562098461396.groovy:36)


2019-07-02 17:14:20 - [MESSAGE][INFO] - Unable to find the element located by 'By.xpath: //article[@id='product_1314104706892']//a//img'. Please recheck the objects properties to make sure the desired element is located. 

2019-07-02 17:14:20 - [MESSAGE][FAILED] - Unable to click on object 'Object Repository/OCS-MOBILE /Product page/More items to consider section/1st Product - image - Vaporizer' (Root cause: com.kms.katalon.core.webui.exception.WebElementNotFoundException: Web element with id: 'Object Repository/OCS-MOBILE /Product page/More items to consider section/1st Product - image - Vaporizer' located by 'By.xpath: //article[@id='product_1314104706892']//a//img' not found)
[[ATTACHMENT|/Users/sumankompelly/Relative xpath-Mobile/Reports/1.11.1/20190702_161421/1562102060426.png]]

2019-07-02 17:14:20 - [MESSAGE][FAILED] - click(findTestObject("OCS-MOBILE /Product page/More items to consider section/1st Product - image - Vaporizer")) FAILED.
Reason:
com.kms.katalon.core.exception.StepFailedException: Unable to click on object 'Object Repository/OCS-MOBILE /Product page/More items to consider section/1st Product - image - Vaporizer' (Root cause: com.kms.katalon.core.webui.exception.WebElementNotFoundException: Web element with id: 'Object Repository/OCS-MOBILE /Product page/More items to consider section/1st Product - image - Vaporizer' located by 'By.xpath: //article[@id='product_1314104706892']//a//img' not found)
	at com.kms.katalon.core.keyword.internal.KeywordMain.stepFailed(KeywordMain.groovy:36)
	at com.kms.katalon.core.webui.keyword.internal.WebUIKeywordMain.stepFailed(WebUIKeywordMain.groovy:65)
	at com.kms.katalon.core.webui.keyword.internal.WebUIKeywordMain.runKeyword(WebUIKeywordMain.groovy:27)
	at com.kms.katalon.core.webui.keyword.builtin.ClickKeyword.click(ClickKeyword.groovy:86)
	at com.kms.katalon.core.webui.keyword.builtin.ClickKeyword.execute(ClickKeyword.groovy:67)
	at com.kms.katalon.core.keyword.internal.KeywordExecutor.executeKeywordForPlatform(KeywordExecutor.groovy:53)
	at com.kms.katalon.core.webui.keyword.WebUiBuiltInKeywords.click(WebUiBuiltInKeywords.groovy:616)
	at com.kms.katalon.core.webui.keyword.WebUiBuiltInKeywords$click$4.call(Unknown Source)
	at More items to consider.run(More items to consider:54)
	at com.kms.katalon.core.main.ScriptEngine.run(ScriptEngine.java:194)
	at com.kms.katalon.core.main.ScriptEngine.runScriptAsRawText(ScriptEngine.java:119)
	at com.kms.katalon.core.main.TestCaseExecutor.runScript(TestCaseExecutor.java:328)
	at com.kms.katalon.core.main.TestCaseExecutor.doExecute(TestCaseExecutor.java:319)
	at com.kms.katalon.core.main.TestCaseExecutor.processExecutionPhase(TestCaseExecutor.java:298)
	at com.kms.katalon.core.main.TestCaseExecutor.accessMainPhase(TestCaseExecutor.java:290)
	at com.kms.katalon.core.main.TestCaseExecutor.execute(TestCaseExecutor.java:224)
	at com.kms.katalon.core.main.TestSuiteExecutor.accessTestCaseMainPhase(TestSuiteExecutor.java:129)
	at com.kms.katalon.core.main.TestSuiteExecutor.accessTestSuiteMainPhase(TestSuiteExecutor.java:112)
	at com.kms.katalon.core.main.TestSuiteExecutor.execute(TestSuiteExecutor.java:81)
	at com.kms.katalon.core.main.TestCaseMain.startTestSuite(TestCaseMain.java:149)
	at com.kms.katalon.core.main.TestCaseMain$startTestSuite$0.call(Unknown Source)
	at TempTestSuite1562098461396.run(TempTestSuite1562098461396.groovy:36)]]></system-out>
         <system-err><![CDATA[2019-07-02 17:12:59 - [TEST_CASE][FAILED] - Test Cases/OCS - MOBILE/OCS- PRODUCT PAGE/More items to consider: Test Cases/OCS - MOBILE/OCS- PRODUCT PAGE/More items to consider FAILED.
Reason:
com.kms.katalon.core.exception.StepFailedException: Unable to click on object 'Object Repository/OCS-MOBILE /Product page/More items to consider section/1st Product - image - Vaporizer' (Root cause: com.kms.katalon.core.webui.exception.WebElementNotFoundException: Web element with id: 'Object Repository/OCS-MOBILE /Product page/More items to consider section/1st Product - image - Vaporizer' located by 'By.xpath: //article[@id='product_1314104706892']//a//img' not found)
	at com.kms.katalon.core.keyword.internal.KeywordMain.stepFailed(KeywordMain.groovy:36)
	at com.kms.katalon.core.webui.keyword.internal.WebUIKeywordMain.stepFailed(WebUIKeywordMain.groovy:65)
	at com.kms.katalon.core.webui.keyword.internal.WebUIKeywordMain.runKeyword(WebUIKeywordMain.groovy:27)
	at com.kms.katalon.core.webui.keyword.builtin.ClickKeyword.click(ClickKeyword.groovy:86)
	at com.kms.katalon.core.webui.keyword.builtin.ClickKeyword.execute(ClickKeyword.groovy:67)
	at com.kms.katalon.core.keyword.internal.KeywordExecutor.executeKeywordForPlatform(KeywordExecutor.groovy:53)
	at com.kms.katalon.core.webui.keyword.WebUiBuiltInKeywords.click(WebUiBuiltInKeywords.groovy:616)
	at com.kms.katalon.core.webui.keyword.WebUiBuiltInKeywords$click$4.call(Unknown Source)
	at More items to consider.run(More items to consider:54)
	at com.kms.katalon.core.main.ScriptEngine.run(ScriptEngine.java:194)
	at com.kms.katalon.core.main.ScriptEngine.runScriptAsRawText(ScriptEngine.java:119)
	at com.kms.katalon.core.main.TestCaseExecutor.runScript(TestCaseExecutor.java:328)
	at com.kms.katalon.core.main.TestCaseExecutor.doExecute(TestCaseExecutor.java:319)
	at com.kms.katalon.core.main.TestCaseExecutor.processExecutionPhase(TestCaseExecutor.java:298)
	at com.kms.katalon.core.main.TestCaseExecutor.accessMainPhase(TestCaseExecutor.java:290)
	at com.kms.katalon.core.main.TestCaseExecutor.execute(TestCaseExecutor.java:224)
	at com.kms.katalon.core.main.TestSuiteExecutor.accessTestCaseMainPhase(TestSuiteExecutor.java:129)
	at com.kms.katalon.core.main.TestSuiteExecutor.accessTestSuiteMainPhase(TestSuiteExecutor.java:112)
	at com.kms.katalon.core.main.TestSuiteExecutor.execute(TestSuiteExecutor.java:81)
	at com.kms.katalon.core.main.TestCaseMain.startTestSuite(TestCaseMain.java:149)
	at com.kms.katalon.core.main.TestCaseMain$startTestSuite$0.call(Unknown Source)
	at TempTestSuite1562098461396.run(TempTestSuite1562098461396.groovy:36)]]></system-err>
      </testcase>
      <testcase name="Test Cases/OCS - MOBILE/OCS- PRODUCT PAGE/Price" classname="Test Cases/OCS - MOBILE/OCS- PRODUCT PAGE/Price" status="PASSED">
         <system-out><![CDATA[2019-07-02 17:14:20 - [TEST_CASE][PASSED] - Test Cases/OCS - MOBILE/OCS- PRODUCT PAGE/Price: Test Cases/OCS - MOBILE/OCS- PRODUCT PAGE/Price

2019-07-02 17:14:20 - [TEST_STEP][PASSED] - callTestCase(findTestCase("OCS - MOBILE/CALL - PDP"), [:], STOP_ON_FAILURE): Call Test Case 'Test Cases/OCS - MOBILE/CALL - PDP' successfully

2019-07-02 17:14:20 - [TEST_CASE][PASSED] - Test Cases/OCS - MOBILE/CALL - PDP: Test Cases/OCS - MOBILE/CALL - PDP

2019-07-02 17:14:20 - [TEST_STEP][PASSED] - openBrowser(""): Browser is opened with url: ''

2019-07-02 17:14:20 - [MESSAGE][WARNING] - A browser is already opened. Closing browser and opening a new one

2019-07-02 17:14:21 - [MESSAGE][INFO] - Starting 'Chrome' driver

2019-07-02 17:14:22 - [MESSAGE][PASSED] - Browser is opened with url: ''

2019-07-02 17:14:22 - [TEST_STEP][PASSED] - navigateToUrl("https://ocs.ca/?fts=0&preview_theme_id=74203301708"): Navigate to 'https://ocs.ca/?fts=0&preview_theme_id=74203301708' successfully

2019-07-02 17:14:26 - [MESSAGE][PASSED] - Navigate to 'https://ocs.ca/?fts=0&preview_theme_id=74203301708' successfully

2019-07-02 17:14:26 - [TEST_STEP][PASSED] - executeJavaScript("var previewBar = document.getElementById("preview-bar-iframe"); previewBar.style.display = "none";", []): Execute JavaScript 'var previewBar = document.getElementById("preview-bar-iframe"); previewBar.style.display = "none";' successfully

2019-07-02 17:14:26 - [MESSAGE][PASSED] - Execute JavaScript 'var previewBar = document.getElementById("preview-bar-iframe"); previewBar.style.display = "none";' successfully

2019-07-02 17:14:26 - [TEST_STEP][PASSED] - setViewPortSize(360, 800): Viewport is set to new size with width = 360 and height = 800

2019-07-02 17:14:26 - [MESSAGE][PASSED] - Viewport is set to new size with width = 360 and height = 800

2019-07-02 17:14:26 - [TEST_STEP][PASSED] - delay(4): Delayed 4 second(s)

2019-07-02 17:14:30 - [MESSAGE][PASSED] - Delayed 4 second(s)

2019-07-02 17:14:30 - [TEST_STEP][PASSED] - selectOptionByValue(findTestObject("OCS-MOBILE /Age gate and burger menu/Date"), "12", true): All options with value '12' are selected in object 'Object Repository/OCS-MOBILE /Age gate and burger menu/Date'  using regular expression

2019-07-02 17:14:30 - [MESSAGE][PASSED] - All options with value '12' are selected in object 'Object Repository/OCS-MOBILE /Age gate and burger menu/Date'  using regular expression

2019-07-02 17:14:30 - [TEST_STEP][PASSED] - selectOptionByValue(findTestObject("OCS-MOBILE /Age gate and burger menu/month"), "6", true): All options with value '6' are selected in object 'Object Repository/OCS-MOBILE /Age gate and burger menu/month'  using regular expression

2019-07-02 17:14:31 - [MESSAGE][PASSED] - All options with value '6' are selected in object 'Object Repository/OCS-MOBILE /Age gate and burger menu/month'  using regular expression

2019-07-02 17:14:31 - [TEST_STEP][PASSED] - delay(2): Delayed 2 second(s)

2019-07-02 17:14:33 - [MESSAGE][PASSED] - Delayed 2 second(s)

2019-07-02 17:14:33 - [TEST_STEP][PASSED] - selectOptionByValue(findTestObject("OCS-MOBILE /Age gate and burger menu/Year Dropdown"), "1990", true): All options with value '1990' are selected in object 'Object Repository/OCS-MOBILE /Age gate and burger menu/Year Dropdown'  using regular expression

2019-07-02 17:14:34 - [MESSAGE][PASSED] - All options with value '1990' are selected in object 'Object Repository/OCS-MOBILE /Age gate and burger menu/Year Dropdown'  using regular expression

2019-07-02 17:14:34 - [TEST_STEP][PASSED] - click(findTestObject("OCS-MOBILE /Age gate and Mega menu/button_Verify")): Object: 'Object Repository/OCS-MOBILE /Age gate and Mega menu/button_Verify' is clicked on

2019-07-02 17:14:34 - [MESSAGE][PASSED] - Object: 'Object Repository/OCS-MOBILE /Age gate and Mega menu/button_Verify' is clicked on

2019-07-02 17:14:34 - [TEST_STEP][PASSED] - click(findTestObject("OCS-MOBILE /Age gate and Mega menu/Checkbox_CONFIRM AND ACKNOWLEDGE")): Object: 'Object Repository/OCS-MOBILE /Age gate and Mega menu/Checkbox_CONFIRM AND ACKNOWLEDGE' is clicked on

2019-07-02 17:14:34 - [MESSAGE][PASSED] - Object: 'Object Repository/OCS-MOBILE /Age gate and Mega menu/Checkbox_CONFIRM AND ACKNOWLEDGE' is clicked on

2019-07-02 17:14:34 - [TEST_STEP][PASSED] - click(findTestObject("OCS-MOBILE /Age gate and Mega menu/button_CONFIRM")): Object: 'Object Repository/OCS-MOBILE /Age gate and Mega menu/button_CONFIRM' is clicked on

2019-07-02 17:14:34 - [MESSAGE][PASSED] - Object: 'Object Repository/OCS-MOBILE /Age gate and Mega menu/button_CONFIRM' is clicked on

2019-07-02 17:14:34 - [TEST_STEP][PASSED] - click(findTestObject("OCS-MOBILE /Age gate and Mega menu/button_Start Browsing")): Object: 'Object Repository/OCS-MOBILE /Age gate and Mega menu/button_Start Browsing' is clicked on

2019-07-02 17:14:34 - [MESSAGE][PASSED] - Object: 'Object Repository/OCS-MOBILE /Age gate and Mega menu/button_Start Browsing' is clicked on

2019-07-02 17:14:34 - [TEST_STEP][PASSED] - refresh(): Refresh successfully

2019-07-02 17:14:34 - [MESSAGE][PASSED] - Refresh successfully

2019-07-02 17:14:34 - [TEST_STEP][PASSED] - delay(2): Delayed 2 second(s)

2019-07-02 17:14:36 - [MESSAGE][PASSED] - Delayed 2 second(s)

2019-07-02 17:14:36 - [TEST_STEP][PASSED] - click(findTestObject("OCS-MOBILE /Age gate and burger menu/Burger menu - English")): Object: 'Object Repository/OCS-MOBILE /Age gate and burger menu/Burger menu - English' is clicked on

2019-07-02 17:14:37 - [MESSAGE][PASSED] - Object: 'Object Repository/OCS-MOBILE /Age gate and burger menu/Burger menu - English' is clicked on

2019-07-02 17:14:37 - [TEST_STEP][PASSED] - delay(2): Delayed 2 second(s)

2019-07-02 17:14:39 - [MESSAGE][PASSED] - Delayed 2 second(s)

2019-07-02 17:14:39 - [TEST_STEP][PASSED] - click(findTestObject("OCS-MOBILE /Age gate and burger menu/Chevron_Cannabis")): Object: 'Object Repository/OCS-MOBILE /Age gate and burger menu/Chevron_Cannabis' is clicked on

2019-07-02 17:14:39 - [MESSAGE][PASSED] - Object: 'Object Repository/OCS-MOBILE /Age gate and burger menu/Chevron_Cannabis' is clicked on

2019-07-02 17:14:39 - [TEST_STEP][PASSED] - delay(2): Delayed 2 second(s)

2019-07-02 17:14:41 - [MESSAGE][PASSED] - Delayed 2 second(s)

2019-07-02 17:14:41 - [TEST_STEP][PASSED] - click(findTestObject("OCS-MOBILE /Age gate and burger menu/Dried Flower_Plus icon")): Object: 'Object Repository/OCS-MOBILE /Age gate and burger menu/Dried Flower_Plus icon' is clicked on

2019-07-02 17:14:41 - [MESSAGE][PASSED] - Object: 'Object Repository/OCS-MOBILE /Age gate and burger menu/Dried Flower_Plus icon' is clicked on

2019-07-02 17:14:41 - [TEST_STEP][PASSED] - delay(2): Delayed 2 second(s)

2019-07-02 17:14:43 - [MESSAGE][PASSED] - Delayed 2 second(s)

2019-07-02 17:14:43 - [TEST_STEP][PASSED] - click(findTestObject("OCS-MOBILE /Age gate and burger menu/Indica Dominant_Menu item")): Object: 'Object Repository/OCS-MOBILE /Age gate and burger menu/Indica Dominant_Menu item' is clicked on

2019-07-02 17:14:46 - [MESSAGE][PASSED] - Object: 'Object Repository/OCS-MOBILE /Age gate and burger menu/Indica Dominant_Menu item' is clicked on

2019-07-02 17:14:46 - [TEST_STEP][PASSED] - executeJavaScript("var previewBar = document.getElementById("preview-bar-iframe"); previewBar.style.display = "none";", []): Execute JavaScript 'var previewBar = document.getElementById("preview-bar-iframe"); previewBar.style.display = "none";' successfully

2019-07-02 17:14:46 - [MESSAGE][PASSED] - Execute JavaScript 'var previewBar = document.getElementById("preview-bar-iframe"); previewBar.style.display = "none";' successfully

2019-07-02 17:14:46 - [TEST_STEP][PASSED] - delay(2): Delayed 2 second(s)

2019-07-02 17:14:48 - [MESSAGE][PASSED] - Delayed 2 second(s)

2019-07-02 17:14:48 - [TEST_STEP][PASSED] - click(findTestObject("OCS-MOBILE /Collection page/Product image - 1st one")): Object: 'Object Repository/OCS-MOBILE /Collection page/Product image - 1st one' is clicked on

2019-07-02 17:14:52 - [MESSAGE][PASSED] - Object: 'Object Repository/OCS-MOBILE /Collection page/Product image - 1st one' is clicked on

2019-07-02 17:14:52 - [TEST_STEP][PASSED] - delay(2): Delayed 2 second(s)

2019-07-02 17:14:54 - [MESSAGE][PASSED] - Delayed 2 second(s)

2019-07-02 17:14:54 - [TEST_STEP][PASSED] - executeJavaScript("var previewBar = document.getElementById("preview-bar-iframe"); previewBar.style.display = "none";", []): Execute JavaScript 'var previewBar = document.getElementById("preview-bar-iframe"); previewBar.style.display = "none";' successfully

2019-07-02 17:14:54 - [MESSAGE][PASSED] - Execute JavaScript 'var previewBar = document.getElementById("preview-bar-iframe"); previewBar.style.display = "none";' successfully

2019-07-02 17:14:54 - [MESSAGE][PASSED] - Call Test Case 'Test Cases/OCS - MOBILE/CALL - PDP' successfully

2019-07-02 17:14:54 - [TEST_STEP][NOT_RUN] - navigateToUrl("https://ocs.ca/?fts=0&preview_theme_id=53373863756"): NOT_RUN: navigateToUrl("https://ocs.ca/?fts=0&preview_theme_id=53373863756")

2019-07-02 17:14:54 - [MESSAGE][NOT_RUN] - NOT_RUN: navigateToUrl("https://ocs.ca/?fts=0&preview_theme_id=53373863756")

2019-07-02 17:14:54 - [TEST_STEP][PASSED] - delay(2): Delayed 2 second(s)

2019-07-02 17:14:56 - [MESSAGE][PASSED] - Delayed 2 second(s)

2019-07-02 17:14:56 - [TEST_STEP][NOT_RUN] - scrollToElement(findTestObject("OCS-MOBILE /Product page/Product image"), 1): NOT_RUN: scrollToElement(findTestObject("OCS-MOBILE /Product page/Product image"), 1)

2019-07-02 17:14:56 - [MESSAGE][NOT_RUN] - NOT_RUN: scrollToElement(findTestObject("OCS-MOBILE /Product page/Product image"), 1)

2019-07-02 17:14:56 - [TEST_STEP][PASSED] - delay(2): Delayed 2 second(s)

2019-07-02 17:14:58 - [MESSAGE][PASSED] - Delayed 2 second(s)

2019-07-02 17:14:58 - [TEST_STEP][PASSED] - click(findTestObject("OCS-MOBILE /Product page/Swatch_1g")): Object: 'Object Repository/OCS-MOBILE /Product page/Swatch_1g' is clicked on

2019-07-02 17:14:58 - [MESSAGE][PASSED] - Object: 'Object Repository/OCS-MOBILE /Product page/Swatch_1g' is clicked on

2019-07-02 17:14:58 - [TEST_STEP][PASSED] - delay(2): Delayed 2 second(s)

2019-07-02 17:15:00 - [MESSAGE][PASSED] - Delayed 2 second(s)

2019-07-02 17:15:00 - [TEST_STEP][PASSED] - a = getText(findTestObject("OCS-MOBILE /Product page/Price/1g Price - Swatch")): Text of object 'Object Repository/OCS-MOBILE /Product page/Price/1g Price - Swatch' is: '$10.25'

2019-07-02 17:15:00 - [MESSAGE][PASSED] - Text of object 'Object Repository/OCS-MOBILE /Product page/Price/1g Price - Swatch' is: '$10.25'

2019-07-02 17:15:00 - [TEST_STEP][PASSED] - comment("a =" + a): a =$10.25

2019-07-02 17:15:00 - [MESSAGE][INFO] - a =$10.25

2019-07-02 17:15:00 - [TEST_STEP][PASSED] - delay(1, OPTIONAL): Delayed 1 second(s)

2019-07-02 17:15:01 - [MESSAGE][PASSED] - Delayed 1 second(s)

2019-07-02 17:15:01 - [TEST_STEP][PASSED] - flag = verifyElementPresent(findTestObject("OCS-MOBILE /Product page/Price/Price - Add to cart button"), 0, CONTINUE_ON_FAILURE): Object 'Object Repository/OCS-MOBILE /Product page/Price/Price - Add to cart button' is present

2019-07-02 17:15:01 - [MESSAGE][WARNING] - Timeout '0' is invalid. Using default page load timeout: '30'

2019-07-02 17:15:01 - [MESSAGE][PASSED] - Object 'Object Repository/OCS-MOBILE /Product page/Price/Price - Add to cart button' is present

2019-07-02 17:15:01 - [TEST_STEP][PASSED] - comment("flag =" + flag): flag =true

2019-07-02 17:15:01 - [MESSAGE][INFO] - flag =true

2019-07-02 17:15:01 - [TEST_STEP][PASSED] - if (flag == true): Actual object '34.10' and expected object '34.10' are equal

2019-07-02 17:15:01 - [TEST_STEP][PASSED] - b = getText(findTestObject("OCS-MOBILE /Product page/Price/Price - Add to cart button")): Text of object 'Object Repository/OCS-MOBILE /Product page/Price/Price - Add to cart button' is: '$10.25'

2019-07-02 17:15:01 - [MESSAGE][PASSED] - Text of object 'Object Repository/OCS-MOBILE /Product page/Price/Price - Add to cart button' is: '$10.25'

2019-07-02 17:15:01 - [TEST_STEP][PASSED] - comment("a =" + a): a =$10.25

2019-07-02 17:15:01 - [MESSAGE][INFO] - a =$10.25

2019-07-02 17:15:01 - [TEST_STEP][PASSED] - a1 = a.substring(1): null

2019-07-02 17:15:01 - [TEST_STEP][PASSED] - comment("a1=" + a1): a1=10.25

2019-07-02 17:15:01 - [MESSAGE][INFO] - a1=10.25

2019-07-02 17:15:01 - [TEST_STEP][PASSED] - comment("b =" + b): b =$10.25

2019-07-02 17:15:01 - [MESSAGE][INFO] - b =$10.25

2019-07-02 17:15:01 - [TEST_STEP][PASSED] - b1 = a.substring(1): null

2019-07-02 17:15:01 - [TEST_STEP][PASSED] - comment("b1 =" + b1): b1 =10.25

2019-07-02 17:15:01 - [MESSAGE][INFO] - b1 =10.25

2019-07-02 17:15:01 - [TEST_STEP][PASSED] - verifyEqual(a1, b1): Actual object '10.25' and expected object '10.25' are equal

2019-07-02 17:15:01 - [MESSAGE][PASSED] - Actual object '10.25' and expected object '10.25' are equal

2019-07-02 17:15:01 - [TEST_STEP][PASSED] - click(findTestObject("OCS-MOBILE /Product page/Swatch_3.5g")): Object: 'Object Repository/OCS-MOBILE /Product page/Swatch_3.5g' is clicked on

2019-07-02 17:15:01 - [MESSAGE][PASSED] - Object: 'Object Repository/OCS-MOBILE /Product page/Swatch_3.5g' is clicked on

2019-07-02 17:15:01 - [TEST_STEP][PASSED] - c = getText(findTestObject("OCS-MOBILE /Product page/Price/3.5g Price - Swatch"), STOP_ON_FAILURE): Text of object 'Object Repository/OCS-MOBILE /Product page/Price/3.5g Price - Swatch' is: '$34.10'

2019-07-02 17:15:01 - [MESSAGE][PASSED] - Text of object 'Object Repository/OCS-MOBILE /Product page/Price/3.5g Price - Swatch' is: '$34.10'

2019-07-02 17:15:01 - [TEST_STEP][PASSED] - comment("c =" + c): c =$34.10

2019-07-02 17:15:01 - [MESSAGE][INFO] - c =$34.10

2019-07-02 17:15:01 - [TEST_STEP][PASSED] - c1 = c.substring(1): null

2019-07-02 17:15:01 - [TEST_STEP][PASSED] - comment("c1 =" + c1): c1 =34.10

2019-07-02 17:15:01 - [MESSAGE][INFO] - c1 =34.10

2019-07-02 17:15:01 - [TEST_STEP][PASSED] - d = getText(findTestObject("OCS-MOBILE /Product page/Price/Price - Add to cart button")): Text of object 'Object Repository/OCS-MOBILE /Product page/Price/Price - Add to cart button' is: '$34.10'

2019-07-02 17:15:01 - [MESSAGE][PASSED] - Text of object 'Object Repository/OCS-MOBILE /Product page/Price/Price - Add to cart button' is: '$34.10'

2019-07-02 17:15:01 - [TEST_STEP][PASSED] - comment("d =" + d): d =$34.10

2019-07-02 17:15:01 - [MESSAGE][INFO] - d =$34.10

2019-07-02 17:15:01 - [TEST_STEP][PASSED] - d1 = d.substring(1): null

2019-07-02 17:15:01 - [TEST_STEP][PASSED] - comment("d1 =" + d1): d1 =34.10

2019-07-02 17:15:01 - [MESSAGE][INFO] - d1 =34.10

2019-07-02 17:15:01 - [TEST_STEP][PASSED] - verifyEqual(c1, d1): Actual object '34.10' and expected object '34.10' are equal

2019-07-02 17:15:01 - [MESSAGE][PASSED] - Actual object '34.10' and expected object '34.10' are equal]]></system-out>
         <system-err><![CDATA[]]></system-err>
      </testcase>
      <testcase name="Test Cases/OCS - MOBILE/OCS- PRODUCT PAGE/Learn More" classname="Test Cases/OCS - MOBILE/OCS- PRODUCT PAGE/Learn More" status="PASSED">
         <system-out><![CDATA[2019-07-02 17:15:01 - [TEST_CASE][PASSED] - Test Cases/OCS - MOBILE/OCS- PRODUCT PAGE/Learn More: Test Cases/OCS - MOBILE/OCS- PRODUCT PAGE/Learn More

2019-07-02 17:15:01 - [TEST_STEP][PASSED] - callTestCase(findTestCase("OCS - MOBILE/CALL - PDP"), [:], STOP_ON_FAILURE): Call Test Case 'Test Cases/OCS - MOBILE/CALL - PDP' successfully

2019-07-02 17:15:01 - [TEST_CASE][PASSED] - Test Cases/OCS - MOBILE/CALL - PDP: Test Cases/OCS - MOBILE/CALL - PDP

2019-07-02 17:15:01 - [TEST_STEP][PASSED] - openBrowser(""): Browser is opened with url: ''

2019-07-02 17:15:01 - [MESSAGE][WARNING] - A browser is already opened. Closing browser and opening a new one

2019-07-02 17:15:01 - [MESSAGE][INFO] - Starting 'Chrome' driver

2019-07-02 17:15:03 - [MESSAGE][PASSED] - Browser is opened with url: ''

2019-07-02 17:15:03 - [TEST_STEP][PASSED] - navigateToUrl("https://ocs.ca/?fts=0&preview_theme_id=74203301708"): Navigate to 'https://ocs.ca/?fts=0&preview_theme_id=74203301708' successfully

2019-07-02 17:15:11 - [MESSAGE][PASSED] - Navigate to 'https://ocs.ca/?fts=0&preview_theme_id=74203301708' successfully

2019-07-02 17:15:11 - [TEST_STEP][PASSED] - executeJavaScript("var previewBar = document.getElementById("preview-bar-iframe"); previewBar.style.display = "none";", []): Execute JavaScript 'var previewBar = document.getElementById("preview-bar-iframe"); previewBar.style.display = "none";' successfully

2019-07-02 17:15:11 - [MESSAGE][PASSED] - Execute JavaScript 'var previewBar = document.getElementById("preview-bar-iframe"); previewBar.style.display = "none";' successfully

2019-07-02 17:15:11 - [TEST_STEP][PASSED] - setViewPortSize(360, 800): Viewport is set to new size with width = 360 and height = 800

2019-07-02 17:15:11 - [MESSAGE][PASSED] - Viewport is set to new size with width = 360 and height = 800

2019-07-02 17:15:11 - [TEST_STEP][PASSED] - delay(4): Delayed 4 second(s)

2019-07-02 17:15:15 - [MESSAGE][PASSED] - Delayed 4 second(s)

2019-07-02 17:15:15 - [TEST_STEP][PASSED] - selectOptionByValue(findTestObject("OCS-MOBILE /Age gate and burger menu/Date"), "12", true): All options with value '12' are selected in object 'Object Repository/OCS-MOBILE /Age gate and burger menu/Date'  using regular expression

2019-07-02 17:15:15 - [MESSAGE][PASSED] - All options with value '12' are selected in object 'Object Repository/OCS-MOBILE /Age gate and burger menu/Date'  using regular expression

2019-07-02 17:15:15 - [TEST_STEP][PASSED] - selectOptionByValue(findTestObject("OCS-MOBILE /Age gate and burger menu/month"), "6", true): All options with value '6' are selected in object 'Object Repository/OCS-MOBILE /Age gate and burger menu/month'  using regular expression

2019-07-02 17:15:15 - [MESSAGE][PASSED] - All options with value '6' are selected in object 'Object Repository/OCS-MOBILE /Age gate and burger menu/month'  using regular expression

2019-07-02 17:15:15 - [TEST_STEP][PASSED] - delay(2): Delayed 2 second(s)

2019-07-02 17:15:17 - [MESSAGE][PASSED] - Delayed 2 second(s)

2019-07-02 17:15:17 - [TEST_STEP][PASSED] - selectOptionByValue(findTestObject("OCS-MOBILE /Age gate and burger menu/Year Dropdown"), "1990", true): All options with value '1990' are selected in object 'Object Repository/OCS-MOBILE /Age gate and burger menu/Year Dropdown'  using regular expression

2019-07-02 17:15:18 - [MESSAGE][PASSED] - All options with value '1990' are selected in object 'Object Repository/OCS-MOBILE /Age gate and burger menu/Year Dropdown'  using regular expression

2019-07-02 17:15:18 - [TEST_STEP][PASSED] - click(findTestObject("OCS-MOBILE /Age gate and Mega menu/button_Verify")): Object: 'Object Repository/OCS-MOBILE /Age gate and Mega menu/button_Verify' is clicked on

2019-07-02 17:15:18 - [MESSAGE][PASSED] - Object: 'Object Repository/OCS-MOBILE /Age gate and Mega menu/button_Verify' is clicked on

2019-07-02 17:15:18 - [TEST_STEP][PASSED] - click(findTestObject("OCS-MOBILE /Age gate and Mega menu/Checkbox_CONFIRM AND ACKNOWLEDGE")): Object: 'Object Repository/OCS-MOBILE /Age gate and Mega menu/Checkbox_CONFIRM AND ACKNOWLEDGE' is clicked on

2019-07-02 17:15:18 - [MESSAGE][PASSED] - Object: 'Object Repository/OCS-MOBILE /Age gate and Mega menu/Checkbox_CONFIRM AND ACKNOWLEDGE' is clicked on

2019-07-02 17:15:18 - [TEST_STEP][PASSED] - click(findTestObject("OCS-MOBILE /Age gate and Mega menu/button_CONFIRM")): Object: 'Object Repository/OCS-MOBILE /Age gate and Mega menu/button_CONFIRM' is clicked on

2019-07-02 17:15:19 - [MESSAGE][PASSED] - Object: 'Object Repository/OCS-MOBILE /Age gate and Mega menu/button_CONFIRM' is clicked on

2019-07-02 17:15:19 - [TEST_STEP][PASSED] - click(findTestObject("OCS-MOBILE /Age gate and Mega menu/button_Start Browsing")): Object: 'Object Repository/OCS-MOBILE /Age gate and Mega menu/button_Start Browsing' is clicked on

2019-07-02 17:15:19 - [MESSAGE][PASSED] - Object: 'Object Repository/OCS-MOBILE /Age gate and Mega menu/button_Start Browsing' is clicked on

2019-07-02 17:15:19 - [TEST_STEP][PASSED] - refresh(): Refresh successfully

2019-07-02 17:15:19 - [MESSAGE][PASSED] - Refresh successfully

2019-07-02 17:15:19 - [TEST_STEP][PASSED] - delay(2): Delayed 2 second(s)

2019-07-02 17:15:21 - [MESSAGE][PASSED] - Delayed 2 second(s)

2019-07-02 17:15:21 - [TEST_STEP][PASSED] - click(findTestObject("OCS-MOBILE /Age gate and burger menu/Burger menu - English")): Object: 'Object Repository/OCS-MOBILE /Age gate and burger menu/Burger menu - English' is clicked on

2019-07-02 17:15:22 - [MESSAGE][PASSED] - Object: 'Object Repository/OCS-MOBILE /Age gate and burger menu/Burger menu - English' is clicked on

2019-07-02 17:15:22 - [TEST_STEP][PASSED] - delay(2): Delayed 2 second(s)

2019-07-02 17:15:24 - [MESSAGE][PASSED] - Delayed 2 second(s)

2019-07-02 17:15:24 - [TEST_STEP][PASSED] - click(findTestObject("OCS-MOBILE /Age gate and burger menu/Chevron_Cannabis")): Object: 'Object Repository/OCS-MOBILE /Age gate and burger menu/Chevron_Cannabis' is clicked on

2019-07-02 17:15:24 - [MESSAGE][PASSED] - Object: 'Object Repository/OCS-MOBILE /Age gate and burger menu/Chevron_Cannabis' is clicked on

2019-07-02 17:15:24 - [TEST_STEP][PASSED] - delay(2): Delayed 2 second(s)

2019-07-02 17:15:26 - [MESSAGE][PASSED] - Delayed 2 second(s)

2019-07-02 17:15:26 - [TEST_STEP][PASSED] - click(findTestObject("OCS-MOBILE /Age gate and burger menu/Dried Flower_Plus icon")): Object: 'Object Repository/OCS-MOBILE /Age gate and burger menu/Dried Flower_Plus icon' is clicked on

2019-07-02 17:15:26 - [MESSAGE][PASSED] - Object: 'Object Repository/OCS-MOBILE /Age gate and burger menu/Dried Flower_Plus icon' is clicked on

2019-07-02 17:15:26 - [TEST_STEP][PASSED] - delay(2): Delayed 2 second(s)

2019-07-02 17:15:28 - [MESSAGE][PASSED] - Delayed 2 second(s)

2019-07-02 17:15:28 - [TEST_STEP][PASSED] - click(findTestObject("OCS-MOBILE /Age gate and burger menu/Indica Dominant_Menu item")): Object: 'Object Repository/OCS-MOBILE /Age gate and burger menu/Indica Dominant_Menu item' is clicked on

2019-07-02 17:15:31 - [MESSAGE][PASSED] - Object: 'Object Repository/OCS-MOBILE /Age gate and burger menu/Indica Dominant_Menu item' is clicked on

2019-07-02 17:15:31 - [TEST_STEP][PASSED] - executeJavaScript("var previewBar = document.getElementById("preview-bar-iframe"); previewBar.style.display = "none";", []): Execute JavaScript 'var previewBar = document.getElementById("preview-bar-iframe"); previewBar.style.display = "none";' successfully

2019-07-02 17:15:31 - [MESSAGE][PASSED] - Execute JavaScript 'var previewBar = document.getElementById("preview-bar-iframe"); previewBar.style.display = "none";' successfully

2019-07-02 17:15:31 - [TEST_STEP][PASSED] - delay(2): Delayed 2 second(s)

2019-07-02 17:15:33 - [MESSAGE][PASSED] - Delayed 2 second(s)

2019-07-02 17:15:33 - [TEST_STEP][PASSED] - click(findTestObject("OCS-MOBILE /Collection page/Product image - 1st one")): Object: 'Object Repository/OCS-MOBILE /Collection page/Product image - 1st one' is clicked on

2019-07-02 17:15:36 - [MESSAGE][PASSED] - Object: 'Object Repository/OCS-MOBILE /Collection page/Product image - 1st one' is clicked on

2019-07-02 17:15:36 - [TEST_STEP][PASSED] - delay(2): Delayed 2 second(s)

2019-07-02 17:15:38 - [MESSAGE][PASSED] - Delayed 2 second(s)

2019-07-02 17:15:38 - [TEST_STEP][PASSED] - executeJavaScript("var previewBar = document.getElementById("preview-bar-iframe"); previewBar.style.display = "none";", []): Execute JavaScript 'var previewBar = document.getElementById("preview-bar-iframe"); previewBar.style.display = "none";' successfully

2019-07-02 17:15:38 - [MESSAGE][PASSED] - Execute JavaScript 'var previewBar = document.getElementById("preview-bar-iframe"); previewBar.style.display = "none";' successfully

2019-07-02 17:15:38 - [MESSAGE][PASSED] - Call Test Case 'Test Cases/OCS - MOBILE/CALL - PDP' successfully

2019-07-02 17:15:38 - [TEST_STEP][PASSED] - delay(2): Delayed 2 second(s)

2019-07-02 17:15:40 - [MESSAGE][PASSED] - Delayed 2 second(s)

2019-07-02 17:15:40 - [TEST_STEP][NOT_RUN] - scrollToElement(findTestObject("OCS-MOBILE /Product page/Product image"), 1): NOT_RUN: scrollToElement(findTestObject("OCS-MOBILE /Product page/Product image"), 1)

2019-07-02 17:15:40 - [MESSAGE][NOT_RUN] - NOT_RUN: scrollToElement(findTestObject("OCS-MOBILE /Product page/Product image"), 1)

2019-07-02 17:15:40 - [TEST_STEP][PASSED] - click(findTestObject("OCS-MOBILE /Product page/Learn More - Link")): Object: 'Object Repository/OCS-MOBILE /Product page/Learn More - Link' is clicked on

2019-07-02 17:15:40 - [MESSAGE][PASSED] - Object: 'Object Repository/OCS-MOBILE /Product page/Learn More - Link' is clicked on

2019-07-02 17:15:40 - [TEST_STEP][PASSED] - verifyElementPresent(findTestObject("OCS-MOBILE /Product page/About Product - Table"), 1): Object 'Object Repository/OCS-MOBILE /Product page/About Product - Table' is present

2019-07-02 17:15:40 - [MESSAGE][PASSED] - Object 'Object Repository/OCS-MOBILE /Product page/About Product - Table' is present

2019-07-02 17:15:40 - [TEST_STEP][PASSED] - takeScreenshot(): Taking screenshot successfully

2019-07-02 17:15:41 - [MESSAGE][PASSED] - Taking screenshot successfully
[[ATTACHMENT|/Users/sumankompelly/Relative xpath-Mobile/Reports/1.11.1/20190702_161421/1562102140960.png]]]]></system-out>
         <system-err><![CDATA[]]></system-err>
      </testcase>
      <testcase name="Test Cases/OCS - MOBILE/OCS- PRODUCT PAGE/Recently viewed" classname="Test Cases/OCS - MOBILE/OCS- PRODUCT PAGE/Recently viewed" status="PASSED">
         <system-out><![CDATA[2019-07-02 17:15:41 - [TEST_CASE][PASSED] - Test Cases/OCS - MOBILE/OCS- PRODUCT PAGE/Recently viewed: Test Cases/OCS - MOBILE/OCS- PRODUCT PAGE/Recently viewed

2019-07-02 17:15:41 - [TEST_STEP][PASSED] - callTestCase(findTestCase("OCS - MOBILE/CALL - PDP"), [:], STOP_ON_FAILURE): Call Test Case 'Test Cases/OCS - MOBILE/CALL - PDP' successfully

2019-07-02 17:15:41 - [TEST_CASE][PASSED] - Test Cases/OCS - MOBILE/CALL - PDP: Test Cases/OCS - MOBILE/CALL - PDP

2019-07-02 17:15:41 - [TEST_STEP][PASSED] - openBrowser(""): Browser is opened with url: ''

2019-07-02 17:15:41 - [MESSAGE][WARNING] - A browser is already opened. Closing browser and opening a new one

2019-07-02 17:15:41 - [MESSAGE][INFO] - Starting 'Chrome' driver

2019-07-02 17:15:42 - [MESSAGE][PASSED] - Browser is opened with url: ''

2019-07-02 17:15:42 - [TEST_STEP][PASSED] - navigateToUrl("https://ocs.ca/?fts=0&preview_theme_id=74203301708"): Navigate to 'https://ocs.ca/?fts=0&preview_theme_id=74203301708' successfully

2019-07-02 17:15:47 - [MESSAGE][PASSED] - Navigate to 'https://ocs.ca/?fts=0&preview_theme_id=74203301708' successfully

2019-07-02 17:15:47 - [TEST_STEP][PASSED] - executeJavaScript("var previewBar = document.getElementById("preview-bar-iframe"); previewBar.style.display = "none";", []): Execute JavaScript 'var previewBar = document.getElementById("preview-bar-iframe"); previewBar.style.display = "none";' successfully

2019-07-02 17:15:47 - [MESSAGE][PASSED] - Execute JavaScript 'var previewBar = document.getElementById("preview-bar-iframe"); previewBar.style.display = "none";' successfully

2019-07-02 17:15:47 - [TEST_STEP][PASSED] - setViewPortSize(360, 800): Viewport is set to new size with width = 360 and height = 800

2019-07-02 17:15:47 - [MESSAGE][PASSED] - Viewport is set to new size with width = 360 and height = 800

2019-07-02 17:15:47 - [TEST_STEP][PASSED] - delay(4): Delayed 4 second(s)

2019-07-02 17:15:51 - [MESSAGE][PASSED] - Delayed 4 second(s)

2019-07-02 17:15:51 - [TEST_STEP][PASSED] - selectOptionByValue(findTestObject("OCS-MOBILE /Age gate and burger menu/Date"), "12", true): All options with value '12' are selected in object 'Object Repository/OCS-MOBILE /Age gate and burger menu/Date'  using regular expression

2019-07-02 17:15:51 - [MESSAGE][PASSED] - All options with value '12' are selected in object 'Object Repository/OCS-MOBILE /Age gate and burger menu/Date'  using regular expression

2019-07-02 17:15:51 - [TEST_STEP][PASSED] - selectOptionByValue(findTestObject("OCS-MOBILE /Age gate and burger menu/month"), "6", true): All options with value '6' are selected in object 'Object Repository/OCS-MOBILE /Age gate and burger menu/month'  using regular expression

2019-07-02 17:15:52 - [MESSAGE][PASSED] - All options with value '6' are selected in object 'Object Repository/OCS-MOBILE /Age gate and burger menu/month'  using regular expression

2019-07-02 17:15:52 - [TEST_STEP][PASSED] - delay(2): Delayed 2 second(s)

2019-07-02 17:15:54 - [MESSAGE][PASSED] - Delayed 2 second(s)

2019-07-02 17:15:54 - [TEST_STEP][PASSED] - selectOptionByValue(findTestObject("OCS-MOBILE /Age gate and burger menu/Year Dropdown"), "1990", true): All options with value '1990' are selected in object 'Object Repository/OCS-MOBILE /Age gate and burger menu/Year Dropdown'  using regular expression

2019-07-02 17:15:55 - [MESSAGE][PASSED] - All options with value '1990' are selected in object 'Object Repository/OCS-MOBILE /Age gate and burger menu/Year Dropdown'  using regular expression

2019-07-02 17:15:55 - [TEST_STEP][PASSED] - click(findTestObject("OCS-MOBILE /Age gate and Mega menu/button_Verify")): Object: 'Object Repository/OCS-MOBILE /Age gate and Mega menu/button_Verify' is clicked on

2019-07-02 17:15:55 - [MESSAGE][PASSED] - Object: 'Object Repository/OCS-MOBILE /Age gate and Mega menu/button_Verify' is clicked on

2019-07-02 17:15:55 - [TEST_STEP][PASSED] - click(findTestObject("OCS-MOBILE /Age gate and Mega menu/Checkbox_CONFIRM AND ACKNOWLEDGE")): Object: 'Object Repository/OCS-MOBILE /Age gate and Mega menu/Checkbox_CONFIRM AND ACKNOWLEDGE' is clicked on

2019-07-02 17:15:55 - [MESSAGE][PASSED] - Object: 'Object Repository/OCS-MOBILE /Age gate and Mega menu/Checkbox_CONFIRM AND ACKNOWLEDGE' is clicked on

2019-07-02 17:15:55 - [TEST_STEP][PASSED] - click(findTestObject("OCS-MOBILE /Age gate and Mega menu/button_CONFIRM")): Object: 'Object Repository/OCS-MOBILE /Age gate and Mega menu/button_CONFIRM' is clicked on

2019-07-02 17:15:55 - [MESSAGE][PASSED] - Object: 'Object Repository/OCS-MOBILE /Age gate and Mega menu/button_CONFIRM' is clicked on

2019-07-02 17:15:55 - [TEST_STEP][PASSED] - click(findTestObject("OCS-MOBILE /Age gate and Mega menu/button_Start Browsing")): Object: 'Object Repository/OCS-MOBILE /Age gate and Mega menu/button_Start Browsing' is clicked on

2019-07-02 17:15:55 - [MESSAGE][PASSED] - Object: 'Object Repository/OCS-MOBILE /Age gate and Mega menu/button_Start Browsing' is clicked on

2019-07-02 17:15:55 - [TEST_STEP][PASSED] - refresh(): Refresh successfully

2019-07-02 17:15:55 - [MESSAGE][PASSED] - Refresh successfully

2019-07-02 17:15:55 - [TEST_STEP][PASSED] - delay(2): Delayed 2 second(s)

2019-07-02 17:15:57 - [MESSAGE][PASSED] - Delayed 2 second(s)

2019-07-02 17:15:57 - [TEST_STEP][PASSED] - click(findTestObject("OCS-MOBILE /Age gate and burger menu/Burger menu - English")): Object: 'Object Repository/OCS-MOBILE /Age gate and burger menu/Burger menu - English' is clicked on

2019-07-02 17:15:58 - [MESSAGE][PASSED] - Object: 'Object Repository/OCS-MOBILE /Age gate and burger menu/Burger menu - English' is clicked on

2019-07-02 17:15:58 - [TEST_STEP][PASSED] - delay(2): Delayed 2 second(s)

2019-07-02 17:16:00 - [MESSAGE][PASSED] - Delayed 2 second(s)

2019-07-02 17:16:00 - [TEST_STEP][PASSED] - click(findTestObject("OCS-MOBILE /Age gate and burger menu/Chevron_Cannabis")): Object: 'Object Repository/OCS-MOBILE /Age gate and burger menu/Chevron_Cannabis' is clicked on

2019-07-02 17:16:00 - [MESSAGE][PASSED] - Object: 'Object Repository/OCS-MOBILE /Age gate and burger menu/Chevron_Cannabis' is clicked on

2019-07-02 17:16:00 - [TEST_STEP][PASSED] - delay(2): Delayed 2 second(s)

2019-07-02 17:16:02 - [MESSAGE][PASSED] - Delayed 2 second(s)

2019-07-02 17:16:02 - [TEST_STEP][PASSED] - click(findTestObject("OCS-MOBILE /Age gate and burger menu/Dried Flower_Plus icon")): Object: 'Object Repository/OCS-MOBILE /Age gate and burger menu/Dried Flower_Plus icon' is clicked on

2019-07-02 17:16:03 - [MESSAGE][PASSED] - Object: 'Object Repository/OCS-MOBILE /Age gate and burger menu/Dried Flower_Plus icon' is clicked on

2019-07-02 17:16:03 - [TEST_STEP][PASSED] - delay(2): Delayed 2 second(s)

2019-07-02 17:16:05 - [MESSAGE][PASSED] - Delayed 2 second(s)

2019-07-02 17:16:05 - [TEST_STEP][PASSED] - click(findTestObject("OCS-MOBILE /Age gate and burger menu/Indica Dominant_Menu item")): Object: 'Object Repository/OCS-MOBILE /Age gate and burger menu/Indica Dominant_Menu item' is clicked on

2019-07-02 17:16:07 - [MESSAGE][PASSED] - Object: 'Object Repository/OCS-MOBILE /Age gate and burger menu/Indica Dominant_Menu item' is clicked on

2019-07-02 17:16:07 - [TEST_STEP][PASSED] - executeJavaScript("var previewBar = document.getElementById("preview-bar-iframe"); previewBar.style.display = "none";", []): Execute JavaScript 'var previewBar = document.getElementById("preview-bar-iframe"); previewBar.style.display = "none";' successfully

2019-07-02 17:16:07 - [MESSAGE][PASSED] - Execute JavaScript 'var previewBar = document.getElementById("preview-bar-iframe"); previewBar.style.display = "none";' successfully

2019-07-02 17:16:07 - [TEST_STEP][PASSED] - delay(2): Delayed 2 second(s)

2019-07-02 17:16:09 - [MESSAGE][PASSED] - Delayed 2 second(s)

2019-07-02 17:16:09 - [TEST_STEP][PASSED] - click(findTestObject("OCS-MOBILE /Collection page/Product image - 1st one")): Object: 'Object Repository/OCS-MOBILE /Collection page/Product image - 1st one' is clicked on

2019-07-02 17:16:13 - [MESSAGE][PASSED] - Object: 'Object Repository/OCS-MOBILE /Collection page/Product image - 1st one' is clicked on

2019-07-02 17:16:13 - [TEST_STEP][PASSED] - delay(2): Delayed 2 second(s)

2019-07-02 17:16:15 - [MESSAGE][PASSED] - Delayed 2 second(s)

2019-07-02 17:16:15 - [TEST_STEP][PASSED] - executeJavaScript("var previewBar = document.getElementById("preview-bar-iframe"); previewBar.style.display = "none";", []): Execute JavaScript 'var previewBar = document.getElementById("preview-bar-iframe"); previewBar.style.display = "none";' successfully

2019-07-02 17:16:15 - [MESSAGE][PASSED] - Execute JavaScript 'var previewBar = document.getElementById("preview-bar-iframe"); previewBar.style.display = "none";' successfully

2019-07-02 17:16:15 - [MESSAGE][PASSED] - Call Test Case 'Test Cases/OCS - MOBILE/CALL - PDP' successfully

2019-07-02 17:16:15 - [TEST_STEP][PASSED] - a = getWindowTitle(): Current window's title is: 'Dreamweaver | Ontario Cannabis Store'

2019-07-02 17:16:15 - [MESSAGE][PASSED] - Current window's title is: 'Dreamweaver | Ontario Cannabis Store'

2019-07-02 17:16:15 - [TEST_STEP][PASSED] - comment("WINDOW TITLE: " + a): WINDOW TITLE: Dreamweaver | Ontario Cannabis Store

2019-07-02 17:16:15 - [MESSAGE][INFO] - WINDOW TITLE: Dreamweaver | Ontario Cannabis Store

2019-07-02 17:16:15 - [TEST_STEP][PASSED] - scrollToElement(findTestObject("OCS-MOBILE /Product page/How to choose cannabis product - Button"), 2): Scroll to object 'Object Repository/OCS-MOBILE /Product page/How to choose cannabis product - Button' successfully

2019-07-02 17:16:15 - [MESSAGE][PASSED] - Scroll to object 'Object Repository/OCS-MOBILE /Product page/How to choose cannabis product - Button' successfully

2019-07-02 17:16:15 - [TEST_STEP][PASSED] - click(findTestObject("OCS-MOBILE /Product page/Recently Viewed/1st Product - Image")): Object: 'Object Repository/OCS-MOBILE /Product page/Recently Viewed/1st Product - Image' is clicked on

2019-07-02 17:16:19 - [MESSAGE][PASSED] - Object: 'Object Repository/OCS-MOBILE /Product page/Recently Viewed/1st Product - Image' is clicked on

2019-07-02 17:16:19 - [TEST_STEP][PASSED] - delay(2): Delayed 2 second(s)

2019-07-02 17:16:21 - [MESSAGE][PASSED] - Delayed 2 second(s)

2019-07-02 17:16:21 - [TEST_STEP][PASSED] - b = getWindowTitle(): Current window's title is: 'Dreamweaver | Ontario Cannabis Store'

2019-07-02 17:16:21 - [MESSAGE][PASSED] - Current window's title is: 'Dreamweaver | Ontario Cannabis Store'

2019-07-02 17:16:21 - [TEST_STEP][PASSED] - comment("WINDOW TITLE:" + b): WINDOW TITLE:Dreamweaver | Ontario Cannabis Store

2019-07-02 17:16:21 - [MESSAGE][INFO] - WINDOW TITLE:Dreamweaver | Ontario Cannabis Store

2019-07-02 17:16:21 - [TEST_STEP][PASSED] - if (a == b): WINDOW TITLES ARE SAME

2019-07-02 17:16:21 - [TEST_STEP][PASSED] - comment("WINDOW TITLES ARE SAME"): WINDOW TITLES ARE SAME

2019-07-02 17:16:21 - [MESSAGE][INFO] - WINDOW TITLES ARE SAME]]></system-out>
         <system-err><![CDATA[]]></system-err>
      </testcase>
      <testcase name="Test Cases/OCS - MOBILE/OCS- PRODUCT PAGE/variants selector" classname="Test Cases/OCS - MOBILE/OCS- PRODUCT PAGE/variants selector" status="FAILED">
         <failure type="FAILED" message="Test Cases/OCS - MOBILE/OCS- PRODUCT PAGE/variants selector FAILED.
Reason:
com.kms.katalon.core.exception.StepFailedException: Unable to click on object 'Object Repository/OCS-MOBILE /Product page/Swatch_7g' (Root cause: org.openqa.selenium.WebDriverException: unknown error: Element &lt;span class=&quot;swatch__title&quot;>...&lt;/span> is not clickable at point (172, 668). Other element would receive the click: &lt;li class=&quot;swatch swatch--weight&quot; aria-disabled=&quot;true&quot;>...&lt;/li>
  (Session info: chrome=75.0.3770.100)
  (Driver info: chromedriver=2.43.600229 (3fae4d0cda5334b4f533bede5a4787f7b832d052),platform=Mac OS X 10.13.6 x86_64) (WARNING: The server did not provide any stacktrace information)
Command duration or timeout: 0 milliseconds
Build info: version: '3.7.1', revision: '8a0099a', time: '2017-11-06T21:07:36.161Z'
System info: host: 'sumans-MacBook-Pro.local', ip: 'fe80:0:0:0:98:5ae9:edb9:537f%en0', os.name: 'Mac OS X', os.arch: 'x86_64', os.version: '10.13.6', java.version: '1.8.0_181'
Driver info: com.kms.katalon.selenium.driver.CChromeDriver
Capabilities {acceptInsecureCerts: false, acceptSslCerts: false, applicationCacheEnabled: false, browserConnectionEnabled: false, browserName: chrome, chrome: {chromedriverVersion: 2.43.600229 (3fae4d0cda5334..., userDataDir: /var/folders/1t/c55l8xzs6gq...}, cssSelectorsEnabled: true, databaseEnabled: false, goog:chromeOptions: {debuggerAddress: localhost:56002}, handlesAlerts: true, hasTouchScreen: false, javascriptEnabled: true, locationContextEnabled: true, mobileEmulationEnabled: false, nativeEvents: true, networkConnectionEnabled: false, pageLoadStrategy: normal, platform: MAC, platformName: MAC, rotatable: false, setWindowRect: true, takesHeapSnapshot: true, takesScreenshot: true, unexpectedAlertBehaviour: , unhandledPromptBehavior: , version: 75.0.3770.100, webStorageEnabled: true}
Session ID: 6899f22b17522ae247758b9bdc2d1242)
	at com.kms.katalon.core.keyword.internal.KeywordMain.stepFailed(KeywordMain.groovy:32)
	at com.kms.katalon.core.webui.keyword.internal.WebUIKeywordMain.stepFailed(WebUIKeywordMain.groovy:65)
	at com.kms.katalon.core.webui.keyword.internal.WebUIKeywordMain.runKeyword(WebUIKeywordMain.groovy:27)
	at com.kms.katalon.core.webui.keyword.builtin.ClickKeyword.click(ClickKeyword.groovy:86)
	at com.kms.katalon.core.webui.keyword.builtin.ClickKeyword.execute(ClickKeyword.groovy:67)
	at com.kms.katalon.core.keyword.internal.KeywordExecutor.executeKeywordForPlatform(KeywordExecutor.groovy:53)
	at com.kms.katalon.core.webui.keyword.WebUiBuiltInKeywords.click(WebUiBuiltInKeywords.groovy:604)
	at com.kms.katalon.core.webui.keyword.WebUiBuiltInKeywords$click$8.call(Unknown Source)
	at variants selector.run(variants selector:70)
	at com.kms.katalon.core.main.ScriptEngine.run(ScriptEngine.java:194)
	at com.kms.katalon.core.main.ScriptEngine.runScriptAsRawText(ScriptEngine.java:119)
	at com.kms.katalon.core.main.TestCaseExecutor.runScript(TestCaseExecutor.java:328)
	at com.kms.katalon.core.main.TestCaseExecutor.doExecute(TestCaseExecutor.java:319)
	at com.kms.katalon.core.main.TestCaseExecutor.processExecutionPhase(TestCaseExecutor.java:298)
	at com.kms.katalon.core.main.TestCaseExecutor.accessMainPhase(TestCaseExecutor.java:290)
	at com.kms.katalon.core.main.TestCaseExecutor.execute(TestCaseExecutor.java:224)
	at com.kms.katalon.core.main.TestSuiteExecutor.accessTestCaseMainPhase(TestSuiteExecutor.java:129)
	at com.kms.katalon.core.main.TestSuiteExecutor.accessTestSuiteMainPhase(TestSuiteExecutor.java:112)
	at com.kms.katalon.core.main.TestSuiteExecutor.execute(TestSuiteExecutor.java:81)
	at com.kms.katalon.core.main.TestCaseMain.startTestSuite(TestCaseMain.java:149)
	at com.kms.katalon.core.main.TestCaseMain$startTestSuite$0.call(Unknown Source)
	at TempTestSuite1562098461396.run(TempTestSuite1562098461396.groovy:36)
"/>
         <system-out><![CDATA[2019-07-02 17:16:21 - [TEST_CASE][FAILED] - Test Cases/OCS - MOBILE/OCS- PRODUCT PAGE/variants selector: Test Cases/OCS - MOBILE/OCS- PRODUCT PAGE/variants selector FAILED.
Reason:
com.kms.katalon.core.exception.StepFailedException: Unable to click on object 'Object Repository/OCS-MOBILE /Product page/Swatch_7g' (Root cause: org.openqa.selenium.WebDriverException: unknown error: Element <span class="swatch__title">...</span> is not clickable at point (172, 668). Other element would receive the click: <li class="swatch swatch--weight" aria-disabled="true">...</li>
  (Session info: chrome=75.0.3770.100)
  (Driver info: chromedriver=2.43.600229 (3fae4d0cda5334b4f533bede5a4787f7b832d052),platform=Mac OS X 10.13.6 x86_64) (WARNING: The server did not provide any stacktrace information)
Command duration or timeout: 0 milliseconds
Build info: version: '3.7.1', revision: '8a0099a', time: '2017-11-06T21:07:36.161Z'
System info: host: 'sumans-MacBook-Pro.local', ip: 'fe80:0:0:0:98:5ae9:edb9:537f%en0', os.name: 'Mac OS X', os.arch: 'x86_64', os.version: '10.13.6', java.version: '1.8.0_181'
Driver info: com.kms.katalon.selenium.driver.CChromeDriver
Capabilities {acceptInsecureCerts: false, acceptSslCerts: false, applicationCacheEnabled: false, browserConnectionEnabled: false, browserName: chrome, chrome: {chromedriverVersion: 2.43.600229 (3fae4d0cda5334..., userDataDir: /var/folders/1t/c55l8xzs6gq...}, cssSelectorsEnabled: true, databaseEnabled: false, goog:chromeOptions: {debuggerAddress: localhost:56002}, handlesAlerts: true, hasTouchScreen: false, javascriptEnabled: true, locationContextEnabled: true, mobileEmulationEnabled: false, nativeEvents: true, networkConnectionEnabled: false, pageLoadStrategy: normal, platform: MAC, platformName: MAC, rotatable: false, setWindowRect: true, takesHeapSnapshot: true, takesScreenshot: true, unexpectedAlertBehaviour: , unhandledPromptBehavior: , version: 75.0.3770.100, webStorageEnabled: true}
Session ID: 6899f22b17522ae247758b9bdc2d1242)
	at com.kms.katalon.core.keyword.internal.KeywordMain.stepFailed(KeywordMain.groovy:32)
	at com.kms.katalon.core.webui.keyword.internal.WebUIKeywordMain.stepFailed(WebUIKeywordMain.groovy:65)
	at com.kms.katalon.core.webui.keyword.internal.WebUIKeywordMain.runKeyword(WebUIKeywordMain.groovy:27)
	at com.kms.katalon.core.webui.keyword.builtin.ClickKeyword.click(ClickKeyword.groovy:86)
	at com.kms.katalon.core.webui.keyword.builtin.ClickKeyword.execute(ClickKeyword.groovy:67)
	at com.kms.katalon.core.keyword.internal.KeywordExecutor.executeKeywordForPlatform(KeywordExecutor.groovy:53)
	at com.kms.katalon.core.webui.keyword.WebUiBuiltInKeywords.click(WebUiBuiltInKeywords.groovy:604)
	at com.kms.katalon.core.webui.keyword.WebUiBuiltInKeywords$click$8.call(Unknown Source)
	at variants selector.run(variants selector:70)
	at com.kms.katalon.core.main.ScriptEngine.run(ScriptEngine.java:194)
	at com.kms.katalon.core.main.ScriptEngine.runScriptAsRawText(ScriptEngine.java:119)
	at com.kms.katalon.core.main.TestCaseExecutor.runScript(TestCaseExecutor.java:328)
	at com.kms.katalon.core.main.TestCaseExecutor.doExecute(TestCaseExecutor.java:319)
	at com.kms.katalon.core.main.TestCaseExecutor.processExecutionPhase(TestCaseExecutor.java:298)
	at com.kms.katalon.core.main.TestCaseExecutor.accessMainPhase(TestCaseExecutor.java:290)
	at com.kms.katalon.core.main.TestCaseExecutor.execute(TestCaseExecutor.java:224)
	at com.kms.katalon.core.main.TestSuiteExecutor.accessTestCaseMainPhase(TestSuiteExecutor.java:129)
	at com.kms.katalon.core.main.TestSuiteExecutor.accessTestSuiteMainPhase(TestSuiteExecutor.java:112)
	at com.kms.katalon.core.main.TestSuiteExecutor.execute(TestSuiteExecutor.java:81)
	at com.kms.katalon.core.main.TestCaseMain.startTestSuite(TestCaseMain.java:149)
	at com.kms.katalon.core.main.TestCaseMain$startTestSuite$0.call(Unknown Source)
	at TempTestSuite1562098461396.run(TempTestSuite1562098461396.groovy:36)


2019-07-02 17:16:21 - [TEST_STEP][PASSED] - callTestCase(findTestCase("OCS - MOBILE/CALL - PDP"), [:], STOP_ON_FAILURE): Call Test Case 'Test Cases/OCS - MOBILE/CALL - PDP' successfully

2019-07-02 17:16:21 - [TEST_CASE][PASSED] - Test Cases/OCS - MOBILE/CALL - PDP: Test Cases/OCS - MOBILE/CALL - PDP

2019-07-02 17:16:21 - [TEST_STEP][PASSED] - openBrowser(""): Browser is opened with url: ''

2019-07-02 17:16:21 - [MESSAGE][WARNING] - A browser is already opened. Closing browser and opening a new one

2019-07-02 17:16:21 - [MESSAGE][INFO] - Starting 'Chrome' driver

2019-07-02 17:16:22 - [MESSAGE][PASSED] - Browser is opened with url: ''

2019-07-02 17:16:22 - [TEST_STEP][PASSED] - navigateToUrl("https://ocs.ca/?fts=0&preview_theme_id=74203301708"): Navigate to 'https://ocs.ca/?fts=0&preview_theme_id=74203301708' successfully

2019-07-02 17:16:27 - [MESSAGE][PASSED] - Navigate to 'https://ocs.ca/?fts=0&preview_theme_id=74203301708' successfully

2019-07-02 17:16:27 - [TEST_STEP][PASSED] - executeJavaScript("var previewBar = document.getElementById("preview-bar-iframe"); previewBar.style.display = "none";", []): Execute JavaScript 'var previewBar = document.getElementById("preview-bar-iframe"); previewBar.style.display = "none";' successfully

2019-07-02 17:16:27 - [MESSAGE][PASSED] - Execute JavaScript 'var previewBar = document.getElementById("preview-bar-iframe"); previewBar.style.display = "none";' successfully

2019-07-02 17:16:27 - [TEST_STEP][PASSED] - setViewPortSize(360, 800): Viewport is set to new size with width = 360 and height = 800

2019-07-02 17:16:27 - [MESSAGE][PASSED] - Viewport is set to new size with width = 360 and height = 800

2019-07-02 17:16:27 - [TEST_STEP][PASSED] - delay(4): Delayed 4 second(s)

2019-07-02 17:16:31 - [MESSAGE][PASSED] - Delayed 4 second(s)

2019-07-02 17:16:31 - [TEST_STEP][PASSED] - selectOptionByValue(findTestObject("OCS-MOBILE /Age gate and burger menu/Date"), "12", true): All options with value '12' are selected in object 'Object Repository/OCS-MOBILE /Age gate and burger menu/Date'  using regular expression

2019-07-02 17:16:31 - [MESSAGE][PASSED] - All options with value '12' are selected in object 'Object Repository/OCS-MOBILE /Age gate and burger menu/Date'  using regular expression

2019-07-02 17:16:31 - [TEST_STEP][PASSED] - selectOptionByValue(findTestObject("OCS-MOBILE /Age gate and burger menu/month"), "6", true): All options with value '6' are selected in object 'Object Repository/OCS-MOBILE /Age gate and burger menu/month'  using regular expression

2019-07-02 17:16:32 - [MESSAGE][PASSED] - All options with value '6' are selected in object 'Object Repository/OCS-MOBILE /Age gate and burger menu/month'  using regular expression

2019-07-02 17:16:32 - [TEST_STEP][PASSED] - delay(2): Delayed 2 second(s)

2019-07-02 17:16:34 - [MESSAGE][PASSED] - Delayed 2 second(s)

2019-07-02 17:16:34 - [TEST_STEP][PASSED] - selectOptionByValue(findTestObject("OCS-MOBILE /Age gate and burger menu/Year Dropdown"), "1990", true): All options with value '1990' are selected in object 'Object Repository/OCS-MOBILE /Age gate and burger menu/Year Dropdown'  using regular expression

2019-07-02 17:16:35 - [MESSAGE][PASSED] - All options with value '1990' are selected in object 'Object Repository/OCS-MOBILE /Age gate and burger menu/Year Dropdown'  using regular expression

2019-07-02 17:16:35 - [TEST_STEP][PASSED] - click(findTestObject("OCS-MOBILE /Age gate and Mega menu/button_Verify")): Object: 'Object Repository/OCS-MOBILE /Age gate and Mega menu/button_Verify' is clicked on

2019-07-02 17:16:35 - [MESSAGE][PASSED] - Object: 'Object Repository/OCS-MOBILE /Age gate and Mega menu/button_Verify' is clicked on

2019-07-02 17:16:35 - [TEST_STEP][PASSED] - click(findTestObject("OCS-MOBILE /Age gate and Mega menu/Checkbox_CONFIRM AND ACKNOWLEDGE")): Object: 'Object Repository/OCS-MOBILE /Age gate and Mega menu/Checkbox_CONFIRM AND ACKNOWLEDGE' is clicked on

2019-07-02 17:16:35 - [MESSAGE][PASSED] - Object: 'Object Repository/OCS-MOBILE /Age gate and Mega menu/Checkbox_CONFIRM AND ACKNOWLEDGE' is clicked on

2019-07-02 17:16:35 - [TEST_STEP][PASSED] - click(findTestObject("OCS-MOBILE /Age gate and Mega menu/button_CONFIRM")): Object: 'Object Repository/OCS-MOBILE /Age gate and Mega menu/button_CONFIRM' is clicked on

2019-07-02 17:16:35 - [MESSAGE][PASSED] - Object: 'Object Repository/OCS-MOBILE /Age gate and Mega menu/button_CONFIRM' is clicked on

2019-07-02 17:16:35 - [TEST_STEP][PASSED] - click(findTestObject("OCS-MOBILE /Age gate and Mega menu/button_Start Browsing")): Object: 'Object Repository/OCS-MOBILE /Age gate and Mega menu/button_Start Browsing' is clicked on

2019-07-02 17:16:35 - [MESSAGE][PASSED] - Object: 'Object Repository/OCS-MOBILE /Age gate and Mega menu/button_Start Browsing' is clicked on

2019-07-02 17:16:35 - [TEST_STEP][PASSED] - refresh(): Refresh successfully

2019-07-02 17:16:35 - [MESSAGE][PASSED] - Refresh successfully

2019-07-02 17:16:35 - [TEST_STEP][PASSED] - delay(2): Delayed 2 second(s)

2019-07-02 17:16:37 - [MESSAGE][PASSED] - Delayed 2 second(s)

2019-07-02 17:16:37 - [TEST_STEP][PASSED] - click(findTestObject("OCS-MOBILE /Age gate and burger menu/Burger menu - English")): Object: 'Object Repository/OCS-MOBILE /Age gate and burger menu/Burger menu - English' is clicked on

2019-07-02 17:16:38 - [MESSAGE][PASSED] - Object: 'Object Repository/OCS-MOBILE /Age gate and burger menu/Burger menu - English' is clicked on

2019-07-02 17:16:38 - [TEST_STEP][PASSED] - delay(2): Delayed 2 second(s)

2019-07-02 17:16:40 - [MESSAGE][PASSED] - Delayed 2 second(s)

2019-07-02 17:16:40 - [TEST_STEP][PASSED] - click(findTestObject("OCS-MOBILE /Age gate and burger menu/Chevron_Cannabis")): Object: 'Object Repository/OCS-MOBILE /Age gate and burger menu/Chevron_Cannabis' is clicked on

2019-07-02 17:16:40 - [MESSAGE][PASSED] - Object: 'Object Repository/OCS-MOBILE /Age gate and burger menu/Chevron_Cannabis' is clicked on

2019-07-02 17:16:40 - [TEST_STEP][PASSED] - delay(2): Delayed 2 second(s)

2019-07-02 17:16:42 - [MESSAGE][PASSED] - Delayed 2 second(s)

2019-07-02 17:16:42 - [TEST_STEP][PASSED] - click(findTestObject("OCS-MOBILE /Age gate and burger menu/Dried Flower_Plus icon")): Object: 'Object Repository/OCS-MOBILE /Age gate and burger menu/Dried Flower_Plus icon' is clicked on

2019-07-02 17:16:42 - [MESSAGE][PASSED] - Object: 'Object Repository/OCS-MOBILE /Age gate and burger menu/Dried Flower_Plus icon' is clicked on

2019-07-02 17:16:42 - [TEST_STEP][PASSED] - delay(2): Delayed 2 second(s)

2019-07-02 17:16:44 - [MESSAGE][PASSED] - Delayed 2 second(s)

2019-07-02 17:16:44 - [TEST_STEP][PASSED] - click(findTestObject("OCS-MOBILE /Age gate and burger menu/Indica Dominant_Menu item")): Object: 'Object Repository/OCS-MOBILE /Age gate and burger menu/Indica Dominant_Menu item' is clicked on

2019-07-02 17:16:47 - [MESSAGE][PASSED] - Object: 'Object Repository/OCS-MOBILE /Age gate and burger menu/Indica Dominant_Menu item' is clicked on

2019-07-02 17:16:47 - [TEST_STEP][PASSED] - executeJavaScript("var previewBar = document.getElementById("preview-bar-iframe"); previewBar.style.display = "none";", []): Execute JavaScript 'var previewBar = document.getElementById("preview-bar-iframe"); previewBar.style.display = "none";' successfully

2019-07-02 17:16:47 - [MESSAGE][PASSED] - Execute JavaScript 'var previewBar = document.getElementById("preview-bar-iframe"); previewBar.style.display = "none";' successfully

2019-07-02 17:16:47 - [TEST_STEP][PASSED] - delay(2): Delayed 2 second(s)

2019-07-02 17:16:49 - [MESSAGE][PASSED] - Delayed 2 second(s)

2019-07-02 17:16:49 - [TEST_STEP][PASSED] - click(findTestObject("OCS-MOBILE /Collection page/Product image - 1st one")): Object: 'Object Repository/OCS-MOBILE /Collection page/Product image - 1st one' is clicked on

2019-07-02 17:16:52 - [MESSAGE][PASSED] - Object: 'Object Repository/OCS-MOBILE /Collection page/Product image - 1st one' is clicked on

2019-07-02 17:16:52 - [TEST_STEP][PASSED] - delay(2): Delayed 2 second(s)

2019-07-02 17:16:54 - [MESSAGE][PASSED] - Delayed 2 second(s)

2019-07-02 17:16:54 - [TEST_STEP][PASSED] - executeJavaScript("var previewBar = document.getElementById("preview-bar-iframe"); previewBar.style.display = "none";", []): Execute JavaScript 'var previewBar = document.getElementById("preview-bar-iframe"); previewBar.style.display = "none";' successfully

2019-07-02 17:16:54 - [MESSAGE][PASSED] - Execute JavaScript 'var previewBar = document.getElementById("preview-bar-iframe"); previewBar.style.display = "none";' successfully

2019-07-02 17:16:54 - [MESSAGE][PASSED] - Call Test Case 'Test Cases/OCS - MOBILE/CALL - PDP' successfully

2019-07-02 17:16:54 - [TEST_STEP][PASSED] - navigateToUrl("https://ocs.ca/products/lola-montes-edison"): Navigate to 'https://ocs.ca/products/lola-montes-edison' successfully

2019-07-02 17:16:57 - [MESSAGE][PASSED] - Navigate to 'https://ocs.ca/products/lola-montes-edison' successfully

2019-07-02 17:16:57 - [TEST_STEP][PASSED] - executeJavaScript("var previewBar = document.getElementById("preview-bar-iframe"); previewBar.style.display = "none";", []): Execute JavaScript 'var previewBar = document.getElementById("preview-bar-iframe"); previewBar.style.display = "none";' successfully

2019-07-02 17:16:57 - [MESSAGE][PASSED] - Execute JavaScript 'var previewBar = document.getElementById("preview-bar-iframe"); previewBar.style.display = "none";' successfully

2019-07-02 17:16:57 - [TEST_STEP][PASSED] - delay(2): Delayed 2 second(s)

2019-07-02 17:16:59 - [MESSAGE][PASSED] - Delayed 2 second(s)

2019-07-02 17:16:59 - [TEST_STEP][NOT_RUN] - scrollToElement(findTestObject("OCS-MOBILE /Product page/Product image"), 1): NOT_RUN: scrollToElement(findTestObject("OCS-MOBILE /Product page/Product image"), 1)

2019-07-02 17:16:59 - [MESSAGE][NOT_RUN] - NOT_RUN: scrollToElement(findTestObject("OCS-MOBILE /Product page/Product image"), 1)

2019-07-02 17:16:59 - [TEST_STEP][PASSED] - delay(2): Delayed 2 second(s)

2019-07-02 17:17:01 - [MESSAGE][PASSED] - Delayed 2 second(s)

2019-07-02 17:17:01 - [TEST_STEP][PASSED] - flag1 = verifyElementClickable(findTestObject("OCS-MOBILE /Product page/Swatch_1g")): Object 'Object Repository/OCS-MOBILE /Product page/Swatch_1g' is clickable

2019-07-02 17:17:02 - [MESSAGE][PASSED] - Object 'Object Repository/OCS-MOBILE /Product page/Swatch_1g' is clickable

2019-07-02 17:17:02 - [TEST_STEP][PASSED] - comment("flag1=" + flag1): flag1=true

2019-07-02 17:17:02 - [MESSAGE][INFO] - flag1=true

2019-07-02 17:17:02 - [TEST_STEP][PASSED] - if (flag1 == true): Delayed 1 second(s)

2019-07-02 17:17:02 - [TEST_STEP][PASSED] - delay(2): Delayed 2 second(s)

2019-07-02 17:17:04 - [MESSAGE][PASSED] - Delayed 2 second(s)

2019-07-02 17:17:04 - [TEST_STEP][PASSED] - click(findTestObject("OCS-MOBILE /Product page/Swatch_1g"), CONTINUE_ON_FAILURE): Object: 'Object Repository/OCS-MOBILE /Product page/Swatch_1g' is clicked on

2019-07-02 17:17:04 - [MESSAGE][PASSED] - Object: 'Object Repository/OCS-MOBILE /Product page/Swatch_1g' is clicked on

2019-07-02 17:17:04 - [TEST_STEP][PASSED] - delay(3): Delayed 3 second(s)

2019-07-02 17:17:07 - [MESSAGE][PASSED] - Delayed 3 second(s)

2019-07-02 17:17:07 - [TEST_STEP][PASSED] - delay(1): Delayed 1 second(s)

2019-07-02 17:17:08 - [MESSAGE][PASSED] - Delayed 1 second(s)

2019-07-02 17:17:08 - [TEST_STEP][PASSED] - takeScreenshot(): Taking screenshot successfully

2019-07-02 17:17:08 - [MESSAGE][PASSED] - Taking screenshot successfully
[[ATTACHMENT|/Users/sumankompelly/Relative xpath-Mobile/Reports/1.11.1/20190702_161421/1562102228100.png]]

2019-07-02 17:17:08 - [TEST_STEP][PASSED] - delay(1): Delayed 1 second(s)

2019-07-02 17:17:09 - [MESSAGE][PASSED] - Delayed 1 second(s)

2019-07-02 17:17:09 - [TEST_STEP][PASSED] - flag2 = verifyElementClickable(findTestObject("OCS-MOBILE /Product page/Swatch_3.5g")): Object 'Object Repository/OCS-MOBILE /Product page/Swatch_3.5g' is clickable

2019-07-02 17:17:09 - [MESSAGE][PASSED] - Object 'Object Repository/OCS-MOBILE /Product page/Swatch_3.5g' is clickable

2019-07-02 17:17:09 - [TEST_STEP][PASSED] - comment("flag2=" + flag2): flag2=true

2019-07-02 17:17:09 - [MESSAGE][INFO] - flag2=true

2019-07-02 17:17:09 - [TEST_STEP][PASSED] - if (flag2 == true): Delayed 1 second(s)

2019-07-02 17:17:09 - [TEST_STEP][PASSED] - click(findTestObject("OCS-MOBILE /Product page/Swatch_3.5g"), CONTINUE_ON_FAILURE): Object: 'Object Repository/OCS-MOBILE /Product page/Swatch_3.5g' is clicked on

2019-07-02 17:17:09 - [MESSAGE][PASSED] - Object: 'Object Repository/OCS-MOBILE /Product page/Swatch_3.5g' is clicked on

2019-07-02 17:17:09 - [TEST_STEP][PASSED] - delay(1): Delayed 1 second(s)

2019-07-02 17:17:10 - [MESSAGE][PASSED] - Delayed 1 second(s)

2019-07-02 17:17:10 - [TEST_STEP][PASSED] - takeScreenshot(): Taking screenshot successfully

2019-07-02 17:17:10 - [MESSAGE][PASSED] - Taking screenshot successfully
[[ATTACHMENT|/Users/sumankompelly/Relative xpath-Mobile/Reports/1.11.1/20190702_161421/1562102230450.png]]

2019-07-02 17:17:10 - [TEST_STEP][PASSED] - delay(1): Delayed 1 second(s)

2019-07-02 17:17:11 - [MESSAGE][PASSED] - Delayed 1 second(s)

2019-07-02 17:17:11 - [TEST_STEP][PASSED] - flag3 = verifyElementClickable(findTestObject("OCS-MOBILE /Product page/Swatch_7g")): Object 'Object Repository/OCS-MOBILE /Product page/Swatch_7g' is clickable

2019-07-02 17:17:11 - [MESSAGE][PASSED] - Object 'Object Repository/OCS-MOBILE /Product page/Swatch_7g' is clickable

2019-07-02 17:17:11 - [TEST_STEP][PASSED] - comment("flag3=" + flag3): flag3=true

2019-07-02 17:17:11 - [MESSAGE][INFO] - flag3=true

2019-07-02 17:17:11 - [TEST_STEP][FAILED] - if (flag3 == true): if (flag3 == true) FAILED.
Reason:
com.kms.katalon.core.exception.StepFailedException: Unable to click on object 'Object Repository/OCS-MOBILE /Product page/Swatch_7g' (Root cause: org.openqa.selenium.WebDriverException: unknown error: Element <span class="swatch__title">...</span> is not clickable at point (172, 668). Other element would receive the click: <li class="swatch swatch--weight" aria-disabled="true">...</li>
  (Session info: chrome=75.0.3770.100)
  (Driver info: chromedriver=2.43.600229 (3fae4d0cda5334b4f533bede5a4787f7b832d052),platform=Mac OS X 10.13.6 x86_64) (WARNING: The server did not provide any stacktrace information)
Command duration or timeout: 0 milliseconds
Build info: version: '3.7.1', revision: '8a0099a', time: '2017-11-06T21:07:36.161Z'
System info: host: 'sumans-MacBook-Pro.local', ip: 'fe80:0:0:0:98:5ae9:edb9:537f%en0', os.name: 'Mac OS X', os.arch: 'x86_64', os.version: '10.13.6', java.version: '1.8.0_181'
Driver info: com.kms.katalon.selenium.driver.CChromeDriver
Capabilities {acceptInsecureCerts: false, acceptSslCerts: false, applicationCacheEnabled: false, browserConnectionEnabled: false, browserName: chrome, chrome: {chromedriverVersion: 2.43.600229 (3fae4d0cda5334..., userDataDir: /var/folders/1t/c55l8xzs6gq...}, cssSelectorsEnabled: true, databaseEnabled: false, goog:chromeOptions: {debuggerAddress: localhost:56002}, handlesAlerts: true, hasTouchScreen: false, javascriptEnabled: true, locationContextEnabled: true, mobileEmulationEnabled: false, nativeEvents: true, networkConnectionEnabled: false, pageLoadStrategy: normal, platform: MAC, platformName: MAC, rotatable: false, setWindowRect: true, takesHeapSnapshot: true, takesScreenshot: true, unexpectedAlertBehaviour: , unhandledPromptBehavior: , version: 75.0.3770.100, webStorageEnabled: true}
Session ID: 6899f22b17522ae247758b9bdc2d1242)
	at com.kms.katalon.core.keyword.internal.KeywordMain.stepFailed(KeywordMain.groovy:32)
	at com.kms.katalon.core.webui.keyword.internal.WebUIKeywordMain.stepFailed(WebUIKeywordMain.groovy:65)
	at com.kms.katalon.core.webui.keyword.internal.WebUIKeywordMain.runKeyword(WebUIKeywordMain.groovy:27)
	at com.kms.katalon.core.webui.keyword.builtin.ClickKeyword.click(ClickKeyword.groovy:86)
	at com.kms.katalon.core.webui.keyword.builtin.ClickKeyword.execute(ClickKeyword.groovy:67)
	at com.kms.katalon.core.keyword.internal.KeywordExecutor.executeKeywordForPlatform(KeywordExecutor.groovy:53)
	at com.kms.katalon.core.webui.keyword.WebUiBuiltInKeywords.click(WebUiBuiltInKeywords.groovy:604)
	at com.kms.katalon.core.webui.keyword.WebUiBuiltInKeywords$click$8.call(Unknown Source)
	at variants selector.run(variants selector:70)
	at com.kms.katalon.core.main.ScriptEngine.run(ScriptEngine.java:194)
	at com.kms.katalon.core.main.ScriptEngine.runScriptAsRawText(ScriptEngine.java:119)
	at com.kms.katalon.core.main.TestCaseExecutor.runScript(TestCaseExecutor.java:328)
	at com.kms.katalon.core.main.TestCaseExecutor.doExecute(TestCaseExecutor.java:319)
	at com.kms.katalon.core.main.TestCaseExecutor.processExecutionPhase(TestCaseExecutor.java:298)
	at com.kms.katalon.core.main.TestCaseExecutor.accessMainPhase(TestCaseExecutor.java:290)
	at com.kms.katalon.core.main.TestCaseExecutor.execute(TestCaseExecutor.java:224)
	at com.kms.katalon.core.main.TestSuiteExecutor.accessTestCaseMainPhase(TestSuiteExecutor.java:129)
	at com.kms.katalon.core.main.TestSuiteExecutor.accessTestSuiteMainPhase(TestSuiteExecutor.java:112)
	at com.kms.katalon.core.main.TestSuiteExecutor.execute(TestSuiteExecutor.java:81)
	at com.kms.katalon.core.main.TestCaseMain.startTestSuite(TestCaseMain.java:149)
	at com.kms.katalon.core.main.TestCaseMain$startTestSuite$0.call(Unknown Source)
	at TempTestSuite1562098461396.run(TempTestSuite1562098461396.groovy:36)


2019-07-02 17:17:11 - [TEST_STEP][FAILED] - click(findTestObject("OCS-MOBILE /Product page/Swatch_7g"), CONTINUE_ON_FAILURE): Unable to click on object 'Object Repository/OCS-MOBILE /Product page/Swatch_7g' (Root cause: org.openqa.selenium.WebDriverException: unknown error: Element <span class="swatch__title">...</span> is not clickable at point (172, 668). Other element would receive the click: <li class="swatch swatch--weight" aria-disabled="true">...</li>
  (Session info: chrome=75.0.3770.100)
  (Driver info: chromedriver=2.43.600229 (3fae4d0cda5334b4f533bede5a4787f7b832d052),platform=Mac OS X 10.13.6 x86_64) (WARNING: The server did not provide any stacktrace information)
Command duration or timeout: 0 milliseconds
Build info: version: '3.7.1', revision: '8a0099a', time: '2017-11-06T21:07:36.161Z'
System info: host: 'sumans-MacBook-Pro.local', ip: 'fe80:0:0:0:98:5ae9:edb9:537f%en0', os.name: 'Mac OS X', os.arch: 'x86_64', os.version: '10.13.6', java.version: '1.8.0_181'
Driver info: com.kms.katalon.selenium.driver.CChromeDriver
Capabilities {acceptInsecureCerts: false, acceptSslCerts: false, applicationCacheEnabled: false, browserConnectionEnabled: false, browserName: chrome, chrome: {chromedriverVersion: 2.43.600229 (3fae4d0cda5334..., userDataDir: /var/folders/1t/c55l8xzs6gq...}, cssSelectorsEnabled: true, databaseEnabled: false, goog:chromeOptions: {debuggerAddress: localhost:56002}, handlesAlerts: true, hasTouchScreen: false, javascriptEnabled: true, locationContextEnabled: true, mobileEmulationEnabled: false, nativeEvents: true, networkConnectionEnabled: false, pageLoadStrategy: normal, platform: MAC, platformName: MAC, rotatable: false, setWindowRect: true, takesHeapSnapshot: true, takesScreenshot: true, unexpectedAlertBehaviour: , unhandledPromptBehavior: , version: 75.0.3770.100, webStorageEnabled: true}
Session ID: 6899f22b17522ae247758b9bdc2d1242)

2019-07-02 17:17:11 - [MESSAGE][FAILED] - Unable to click on object 'Object Repository/OCS-MOBILE /Product page/Swatch_7g' (Root cause: org.openqa.selenium.WebDriverException: unknown error: Element <span class="swatch__title">...</span> is not clickable at point (172, 668). Other element would receive the click: <li class="swatch swatch--weight" aria-disabled="true">...</li>
  (Session info: chrome=75.0.3770.100)
  (Driver info: chromedriver=2.43.600229 (3fae4d0cda5334b4f533bede5a4787f7b832d052),platform=Mac OS X 10.13.6 x86_64) (WARNING: The server did not provide any stacktrace information)
Command duration or timeout: 0 milliseconds
Build info: version: '3.7.1', revision: '8a0099a', time: '2017-11-06T21:07:36.161Z'
System info: host: 'sumans-MacBook-Pro.local', ip: 'fe80:0:0:0:98:5ae9:edb9:537f%en0', os.name: 'Mac OS X', os.arch: 'x86_64', os.version: '10.13.6', java.version: '1.8.0_181'
Driver info: com.kms.katalon.selenium.driver.CChromeDriver
Capabilities {acceptInsecureCerts: false, acceptSslCerts: false, applicationCacheEnabled: false, browserConnectionEnabled: false, browserName: chrome, chrome: {chromedriverVersion: 2.43.600229 (3fae4d0cda5334..., userDataDir: /var/folders/1t/c55l8xzs6gq...}, cssSelectorsEnabled: true, databaseEnabled: false, goog:chromeOptions: {debuggerAddress: localhost:56002}, handlesAlerts: true, hasTouchScreen: false, javascriptEnabled: true, locationContextEnabled: true, mobileEmulationEnabled: false, nativeEvents: true, networkConnectionEnabled: false, pageLoadStrategy: normal, platform: MAC, platformName: MAC, rotatable: false, setWindowRect: true, takesHeapSnapshot: true, takesScreenshot: true, unexpectedAlertBehaviour: , unhandledPromptBehavior: , version: 75.0.3770.100, webStorageEnabled: true}
Session ID: 6899f22b17522ae247758b9bdc2d1242)
[[ATTACHMENT|/Users/sumankompelly/Relative xpath-Mobile/Reports/1.11.1/20190702_161421/1562102231758.png]]

2019-07-02 17:17:11 - [TEST_STEP][PASSED] - delay(1): Delayed 1 second(s)

2019-07-02 17:17:12 - [MESSAGE][PASSED] - Delayed 1 second(s)

2019-07-02 17:17:12 - [TEST_STEP][PASSED] - takeScreenshot(): Taking screenshot successfully

2019-07-02 17:17:13 - [MESSAGE][PASSED] - Taking screenshot successfully
[[ATTACHMENT|/Users/sumankompelly/Relative xpath-Mobile/Reports/1.11.1/20190702_161421/1562102232989.png]]

2019-07-02 17:17:13 - [TEST_STEP][PASSED] - delay(1): Delayed 1 second(s)

2019-07-02 17:17:14 - [MESSAGE][PASSED] - Delayed 1 second(s)

2019-07-02 17:17:14 - [TEST_STEP][FAILED] - closeBrowser(): if (flag3 == true) FAILED.
Reason:
com.kms.katalon.core.exception.StepFailedException: Unable to click on object 'Object Repository/OCS-MOBILE /Product page/Swatch_7g' (Root cause: org.openqa.selenium.WebDriverException: unknown error: Element <span class="swatch__title">...</span> is not clickable at point (172, 668). Other element would receive the click: <li class="swatch swatch--weight" aria-disabled="true">...</li>
  (Session info: chrome=75.0.3770.100)
  (Driver info: chromedriver=2.43.600229 (3fae4d0cda5334b4f533bede5a4787f7b832d052),platform=Mac OS X 10.13.6 x86_64) (WARNING: The server did not provide any stacktrace information)
Command duration or timeout: 0 milliseconds
Build info: version: '3.7.1', revision: '8a0099a', time: '2017-11-06T21:07:36.161Z'
System info: host: 'sumans-MacBook-Pro.local', ip: 'fe80:0:0:0:98:5ae9:edb9:537f%en0', os.name: 'Mac OS X', os.arch: 'x86_64', os.version: '10.13.6', java.version: '1.8.0_181'
Driver info: com.kms.katalon.selenium.driver.CChromeDriver
Capabilities {acceptInsecureCerts: false, acceptSslCerts: false, applicationCacheEnabled: false, browserConnectionEnabled: false, browserName: chrome, chrome: {chromedriverVersion: 2.43.600229 (3fae4d0cda5334..., userDataDir: /var/folders/1t/c55l8xzs6gq...}, cssSelectorsEnabled: true, databaseEnabled: false, goog:chromeOptions: {debuggerAddress: localhost:56002}, handlesAlerts: true, hasTouchScreen: false, javascriptEnabled: true, locationContextEnabled: true, mobileEmulationEnabled: false, nativeEvents: true, networkConnectionEnabled: false, pageLoadStrategy: normal, platform: MAC, platformName: MAC, rotatable: false, setWindowRect: true, takesHeapSnapshot: true, takesScreenshot: true, unexpectedAlertBehaviour: , unhandledPromptBehavior: , version: 75.0.3770.100, webStorageEnabled: true}
Session ID: 6899f22b17522ae247758b9bdc2d1242)
	at com.kms.katalon.core.keyword.internal.KeywordMain.stepFailed(KeywordMain.groovy:32)
	at com.kms.katalon.core.webui.keyword.internal.WebUIKeywordMain.stepFailed(WebUIKeywordMain.groovy:65)
	at com.kms.katalon.core.webui.keyword.internal.WebUIKeywordMain.runKeyword(WebUIKeywordMain.groovy:27)
	at com.kms.katalon.core.webui.keyword.builtin.ClickKeyword.click(ClickKeyword.groovy:86)
	at com.kms.katalon.core.webui.keyword.builtin.ClickKeyword.execute(ClickKeyword.groovy:67)
	at com.kms.katalon.core.keyword.internal.KeywordExecutor.executeKeywordForPlatform(KeywordExecutor.groovy:53)
	at com.kms.katalon.core.webui.keyword.WebUiBuiltInKeywords.click(WebUiBuiltInKeywords.groovy:604)
	at com.kms.katalon.core.webui.keyword.WebUiBuiltInKeywords$click$8.call(Unknown Source)
	at variants selector.run(variants selector:70)
	at com.kms.katalon.core.main.ScriptEngine.run(ScriptEngine.java:194)
	at com.kms.katalon.core.main.ScriptEngine.runScriptAsRawText(ScriptEngine.java:119)
	at com.kms.katalon.core.main.TestCaseExecutor.runScript(TestCaseExecutor.java:328)
	at com.kms.katalon.core.main.TestCaseExecutor.doExecute(TestCaseExecutor.java:319)
	at com.kms.katalon.core.main.TestCaseExecutor.processExecutionPhase(TestCaseExecutor.java:298)
	at com.kms.katalon.core.main.TestCaseExecutor.accessMainPhase(TestCaseExecutor.java:290)
	at com.kms.katalon.core.main.TestCaseExecutor.execute(TestCaseExecutor.java:224)
	at com.kms.katalon.core.main.TestSuiteExecutor.accessTestCaseMainPhase(TestSuiteExecutor.java:129)
	at com.kms.katalon.core.main.TestSuiteExecutor.accessTestSuiteMainPhase(TestSuiteExecutor.java:112)
	at com.kms.katalon.core.main.TestSuiteExecutor.execute(TestSuiteExecutor.java:81)
	at com.kms.katalon.core.main.TestCaseMain.startTestSuite(TestCaseMain.java:149)
	at com.kms.katalon.core.main.TestCaseMain$startTestSuite$0.call(Unknown Source)
	at TempTestSuite1562098461396.run(TempTestSuite1562098461396.groovy:36)


2019-07-02 17:17:14 - [MESSAGE][NOT_RUN] - NOT_RUN: closeBrowser()

2019-07-02 17:17:14 - [MESSAGE][FAILED] - if (flag3 == true) FAILED.
Reason:
com.kms.katalon.core.exception.StepFailedException: Unable to click on object 'Object Repository/OCS-MOBILE /Product page/Swatch_7g' (Root cause: org.openqa.selenium.WebDriverException: unknown error: Element <span class="swatch__title">...</span> is not clickable at point (172, 668). Other element would receive the click: <li class="swatch swatch--weight" aria-disabled="true">...</li>
  (Session info: chrome=75.0.3770.100)
  (Driver info: chromedriver=2.43.600229 (3fae4d0cda5334b4f533bede5a4787f7b832d052),platform=Mac OS X 10.13.6 x86_64) (WARNING: The server did not provide any stacktrace information)
Command duration or timeout: 0 milliseconds
Build info: version: '3.7.1', revision: '8a0099a', time: '2017-11-06T21:07:36.161Z'
System info: host: 'sumans-MacBook-Pro.local', ip: 'fe80:0:0:0:98:5ae9:edb9:537f%en0', os.name: 'Mac OS X', os.arch: 'x86_64', os.version: '10.13.6', java.version: '1.8.0_181'
Driver info: com.kms.katalon.selenium.driver.CChromeDriver
Capabilities {acceptInsecureCerts: false, acceptSslCerts: false, applicationCacheEnabled: false, browserConnectionEnabled: false, browserName: chrome, chrome: {chromedriverVersion: 2.43.600229 (3fae4d0cda5334..., userDataDir: /var/folders/1t/c55l8xzs6gq...}, cssSelectorsEnabled: true, databaseEnabled: false, goog:chromeOptions: {debuggerAddress: localhost:56002}, handlesAlerts: true, hasTouchScreen: false, javascriptEnabled: true, locationContextEnabled: true, mobileEmulationEnabled: false, nativeEvents: true, networkConnectionEnabled: false, pageLoadStrategy: normal, platform: MAC, platformName: MAC, rotatable: false, setWindowRect: true, takesHeapSnapshot: true, takesScreenshot: true, unexpectedAlertBehaviour: , unhandledPromptBehavior: , version: 75.0.3770.100, webStorageEnabled: true}
Session ID: 6899f22b17522ae247758b9bdc2d1242)
	at com.kms.katalon.core.keyword.internal.KeywordMain.stepFailed(KeywordMain.groovy:32)
	at com.kms.katalon.core.webui.keyword.internal.WebUIKeywordMain.stepFailed(WebUIKeywordMain.groovy:65)
	at com.kms.katalon.core.webui.keyword.internal.WebUIKeywordMain.runKeyword(WebUIKeywordMain.groovy:27)
	at com.kms.katalon.core.webui.keyword.builtin.ClickKeyword.click(ClickKeyword.groovy:86)
	at com.kms.katalon.core.webui.keyword.builtin.ClickKeyword.execute(ClickKeyword.groovy:67)
	at com.kms.katalon.core.keyword.internal.KeywordExecutor.executeKeywordForPlatform(KeywordExecutor.groovy:53)
	at com.kms.katalon.core.webui.keyword.WebUiBuiltInKeywords.click(WebUiBuiltInKeywords.groovy:604)
	at com.kms.katalon.core.webui.keyword.WebUiBuiltInKeywords$click$8.call(Unknown Source)
	at variants selector.run(variants selector:70)
	at com.kms.katalon.core.main.ScriptEngine.run(ScriptEngine.java:194)
	at com.kms.katalon.core.main.ScriptEngine.runScriptAsRawText(ScriptEngine.java:119)
	at com.kms.katalon.core.main.TestCaseExecutor.runScript(TestCaseExecutor.java:328)
	at com.kms.katalon.core.main.TestCaseExecutor.doExecute(TestCaseExecutor.java:319)
	at com.kms.katalon.core.main.TestCaseExecutor.processExecutionPhase(TestCaseExecutor.java:298)
	at com.kms.katalon.core.main.TestCaseExecutor.accessMainPhase(TestCaseExecutor.java:290)
	at com.kms.katalon.core.main.TestCaseExecutor.execute(TestCaseExecutor.java:224)
	at com.kms.katalon.core.main.TestSuiteExecutor.accessTestCaseMainPhase(TestSuiteExecutor.java:129)
	at com.kms.katalon.core.main.TestSuiteExecutor.accessTestSuiteMainPhase(TestSuiteExecutor.java:112)
	at com.kms.katalon.core.main.TestSuiteExecutor.execute(TestSuiteExecutor.java:81)
	at com.kms.katalon.core.main.TestCaseMain.startTestSuite(TestCaseMain.java:149)
	at com.kms.katalon.core.main.TestCaseMain$startTestSuite$0.call(Unknown Source)
	at TempTestSuite1562098461396.run(TempTestSuite1562098461396.groovy:36)]]></system-out>
         <system-err><![CDATA[2019-07-02 17:16:21 - [TEST_CASE][FAILED] - Test Cases/OCS - MOBILE/OCS- PRODUCT PAGE/variants selector: Test Cases/OCS - MOBILE/OCS- PRODUCT PAGE/variants selector FAILED.
Reason:
com.kms.katalon.core.exception.StepFailedException: Unable to click on object 'Object Repository/OCS-MOBILE /Product page/Swatch_7g' (Root cause: org.openqa.selenium.WebDriverException: unknown error: Element <span class="swatch__title">...</span> is not clickable at point (172, 668). Other element would receive the click: <li class="swatch swatch--weight" aria-disabled="true">...</li>
  (Session info: chrome=75.0.3770.100)
  (Driver info: chromedriver=2.43.600229 (3fae4d0cda5334b4f533bede5a4787f7b832d052),platform=Mac OS X 10.13.6 x86_64) (WARNING: The server did not provide any stacktrace information)
Command duration or timeout: 0 milliseconds
Build info: version: '3.7.1', revision: '8a0099a', time: '2017-11-06T21:07:36.161Z'
System info: host: 'sumans-MacBook-Pro.local', ip: 'fe80:0:0:0:98:5ae9:edb9:537f%en0', os.name: 'Mac OS X', os.arch: 'x86_64', os.version: '10.13.6', java.version: '1.8.0_181'
Driver info: com.kms.katalon.selenium.driver.CChromeDriver
Capabilities {acceptInsecureCerts: false, acceptSslCerts: false, applicationCacheEnabled: false, browserConnectionEnabled: false, browserName: chrome, chrome: {chromedriverVersion: 2.43.600229 (3fae4d0cda5334..., userDataDir: /var/folders/1t/c55l8xzs6gq...}, cssSelectorsEnabled: true, databaseEnabled: false, goog:chromeOptions: {debuggerAddress: localhost:56002}, handlesAlerts: true, hasTouchScreen: false, javascriptEnabled: true, locationContextEnabled: true, mobileEmulationEnabled: false, nativeEvents: true, networkConnectionEnabled: false, pageLoadStrategy: normal, platform: MAC, platformName: MAC, rotatable: false, setWindowRect: true, takesHeapSnapshot: true, takesScreenshot: true, unexpectedAlertBehaviour: , unhandledPromptBehavior: , version: 75.0.3770.100, webStorageEnabled: true}
Session ID: 6899f22b17522ae247758b9bdc2d1242)
	at com.kms.katalon.core.keyword.internal.KeywordMain.stepFailed(KeywordMain.groovy:32)
	at com.kms.katalon.core.webui.keyword.internal.WebUIKeywordMain.stepFailed(WebUIKeywordMain.groovy:65)
	at com.kms.katalon.core.webui.keyword.internal.WebUIKeywordMain.runKeyword(WebUIKeywordMain.groovy:27)
	at com.kms.katalon.core.webui.keyword.builtin.ClickKeyword.click(ClickKeyword.groovy:86)
	at com.kms.katalon.core.webui.keyword.builtin.ClickKeyword.execute(ClickKeyword.groovy:67)
	at com.kms.katalon.core.keyword.internal.KeywordExecutor.executeKeywordForPlatform(KeywordExecutor.groovy:53)
	at com.kms.katalon.core.webui.keyword.WebUiBuiltInKeywords.click(WebUiBuiltInKeywords.groovy:604)
	at com.kms.katalon.core.webui.keyword.WebUiBuiltInKeywords$click$8.call(Unknown Source)
	at variants selector.run(variants selector:70)
	at com.kms.katalon.core.main.ScriptEngine.run(ScriptEngine.java:194)
	at com.kms.katalon.core.main.ScriptEngine.runScriptAsRawText(ScriptEngine.java:119)
	at com.kms.katalon.core.main.TestCaseExecutor.runScript(TestCaseExecutor.java:328)
	at com.kms.katalon.core.main.TestCaseExecutor.doExecute(TestCaseExecutor.java:319)
	at com.kms.katalon.core.main.TestCaseExecutor.processExecutionPhase(TestCaseExecutor.java:298)
	at com.kms.katalon.core.main.TestCaseExecutor.accessMainPhase(TestCaseExecutor.java:290)
	at com.kms.katalon.core.main.TestCaseExecutor.execute(TestCaseExecutor.java:224)
	at com.kms.katalon.core.main.TestSuiteExecutor.accessTestCaseMainPhase(TestSuiteExecutor.java:129)
	at com.kms.katalon.core.main.TestSuiteExecutor.accessTestSuiteMainPhase(TestSuiteExecutor.java:112)
	at com.kms.katalon.core.main.TestSuiteExecutor.execute(TestSuiteExecutor.java:81)
	at com.kms.katalon.core.main.TestCaseMain.startTestSuite(TestCaseMain.java:149)
	at com.kms.katalon.core.main.TestCaseMain$startTestSuite$0.call(Unknown Source)
	at TempTestSuite1562098461396.run(TempTestSuite1562098461396.groovy:36)]]></system-err>
      </testcase>
      <testcase name="Test Cases/OCS - MOBILE/OCS- PRODUCT PAGE/How to choose cannbis products" classname="Test Cases/OCS - MOBILE/OCS- PRODUCT PAGE/How to choose cannbis products" status="PASSED">
         <system-out><![CDATA[2019-07-02 17:17:14 - [TEST_CASE][PASSED] - Test Cases/OCS - MOBILE/OCS- PRODUCT PAGE/How to choose cannbis products: Test Cases/OCS - MOBILE/OCS- PRODUCT PAGE/How to choose cannbis products

2019-07-02 17:17:14 - [TEST_STEP][PASSED] - callTestCase(findTestCase("OCS - MOBILE/CALL - PDP"), [:], STOP_ON_FAILURE): Call Test Case 'Test Cases/OCS - MOBILE/CALL - PDP' successfully

2019-07-02 17:17:14 - [TEST_CASE][PASSED] - Test Cases/OCS - MOBILE/CALL - PDP: Test Cases/OCS - MOBILE/CALL - PDP

2019-07-02 17:17:14 - [TEST_STEP][PASSED] - openBrowser(""): Browser is opened with url: ''

2019-07-02 17:17:14 - [MESSAGE][WARNING] - A browser is already opened. Closing browser and opening a new one

2019-07-02 17:17:14 - [MESSAGE][INFO] - Starting 'Chrome' driver

2019-07-02 17:17:15 - [MESSAGE][PASSED] - Browser is opened with url: ''

2019-07-02 17:17:15 - [TEST_STEP][PASSED] - navigateToUrl("https://ocs.ca/?fts=0&preview_theme_id=74203301708"): Navigate to 'https://ocs.ca/?fts=0&preview_theme_id=74203301708' successfully

2019-07-02 17:17:20 - [MESSAGE][PASSED] - Navigate to 'https://ocs.ca/?fts=0&preview_theme_id=74203301708' successfully

2019-07-02 17:17:20 - [TEST_STEP][PASSED] - executeJavaScript("var previewBar = document.getElementById("preview-bar-iframe"); previewBar.style.display = "none";", []): Execute JavaScript 'var previewBar = document.getElementById("preview-bar-iframe"); previewBar.style.display = "none";' successfully

2019-07-02 17:17:20 - [MESSAGE][PASSED] - Execute JavaScript 'var previewBar = document.getElementById("preview-bar-iframe"); previewBar.style.display = "none";' successfully

2019-07-02 17:17:20 - [TEST_STEP][PASSED] - setViewPortSize(360, 800): Viewport is set to new size with width = 360 and height = 800

2019-07-02 17:17:20 - [MESSAGE][PASSED] - Viewport is set to new size with width = 360 and height = 800

2019-07-02 17:17:20 - [TEST_STEP][PASSED] - delay(4): Delayed 4 second(s)

2019-07-02 17:17:24 - [MESSAGE][PASSED] - Delayed 4 second(s)

2019-07-02 17:17:24 - [TEST_STEP][PASSED] - selectOptionByValue(findTestObject("OCS-MOBILE /Age gate and burger menu/Date"), "12", true): All options with value '12' are selected in object 'Object Repository/OCS-MOBILE /Age gate and burger menu/Date'  using regular expression

2019-07-02 17:17:25 - [MESSAGE][PASSED] - All options with value '12' are selected in object 'Object Repository/OCS-MOBILE /Age gate and burger menu/Date'  using regular expression

2019-07-02 17:17:25 - [TEST_STEP][PASSED] - selectOptionByValue(findTestObject("OCS-MOBILE /Age gate and burger menu/month"), "6", true): All options with value '6' are selected in object 'Object Repository/OCS-MOBILE /Age gate and burger menu/month'  using regular expression

2019-07-02 17:17:25 - [MESSAGE][PASSED] - All options with value '6' are selected in object 'Object Repository/OCS-MOBILE /Age gate and burger menu/month'  using regular expression

2019-07-02 17:17:25 - [TEST_STEP][PASSED] - delay(2): Delayed 2 second(s)

2019-07-02 17:17:27 - [MESSAGE][PASSED] - Delayed 2 second(s)

2019-07-02 17:17:27 - [TEST_STEP][PASSED] - selectOptionByValue(findTestObject("OCS-MOBILE /Age gate and burger menu/Year Dropdown"), "1990", true): All options with value '1990' are selected in object 'Object Repository/OCS-MOBILE /Age gate and burger menu/Year Dropdown'  using regular expression

2019-07-02 17:17:28 - [MESSAGE][PASSED] - All options with value '1990' are selected in object 'Object Repository/OCS-MOBILE /Age gate and burger menu/Year Dropdown'  using regular expression

2019-07-02 17:17:28 - [TEST_STEP][PASSED] - click(findTestObject("OCS-MOBILE /Age gate and Mega menu/button_Verify")): Object: 'Object Repository/OCS-MOBILE /Age gate and Mega menu/button_Verify' is clicked on

2019-07-02 17:17:28 - [MESSAGE][PASSED] - Object: 'Object Repository/OCS-MOBILE /Age gate and Mega menu/button_Verify' is clicked on

2019-07-02 17:17:28 - [TEST_STEP][PASSED] - click(findTestObject("OCS-MOBILE /Age gate and Mega menu/Checkbox_CONFIRM AND ACKNOWLEDGE")): Object: 'Object Repository/OCS-MOBILE /Age gate and Mega menu/Checkbox_CONFIRM AND ACKNOWLEDGE' is clicked on

2019-07-02 17:17:28 - [MESSAGE][PASSED] - Object: 'Object Repository/OCS-MOBILE /Age gate and Mega menu/Checkbox_CONFIRM AND ACKNOWLEDGE' is clicked on

2019-07-02 17:17:28 - [TEST_STEP][PASSED] - click(findTestObject("OCS-MOBILE /Age gate and Mega menu/button_CONFIRM")): Object: 'Object Repository/OCS-MOBILE /Age gate and Mega menu/button_CONFIRM' is clicked on

2019-07-02 17:17:28 - [MESSAGE][PASSED] - Object: 'Object Repository/OCS-MOBILE /Age gate and Mega menu/button_CONFIRM' is clicked on

2019-07-02 17:17:28 - [TEST_STEP][PASSED] - click(findTestObject("OCS-MOBILE /Age gate and Mega menu/button_Start Browsing")): Object: 'Object Repository/OCS-MOBILE /Age gate and Mega menu/button_Start Browsing' is clicked on

2019-07-02 17:17:28 - [MESSAGE][PASSED] - Object: 'Object Repository/OCS-MOBILE /Age gate and Mega menu/button_Start Browsing' is clicked on

2019-07-02 17:17:28 - [TEST_STEP][PASSED] - refresh(): Refresh successfully

2019-07-02 17:17:28 - [MESSAGE][PASSED] - Refresh successfully

2019-07-02 17:17:28 - [TEST_STEP][PASSED] - delay(2): Delayed 2 second(s)

2019-07-02 17:17:30 - [MESSAGE][PASSED] - Delayed 2 second(s)

2019-07-02 17:17:30 - [TEST_STEP][PASSED] - click(findTestObject("OCS-MOBILE /Age gate and burger menu/Burger menu - English")): Object: 'Object Repository/OCS-MOBILE /Age gate and burger menu/Burger menu - English' is clicked on

2019-07-02 17:17:32 - [MESSAGE][PASSED] - Object: 'Object Repository/OCS-MOBILE /Age gate and burger menu/Burger menu - English' is clicked on

2019-07-02 17:17:32 - [TEST_STEP][PASSED] - delay(2): Delayed 2 second(s)

2019-07-02 17:17:34 - [MESSAGE][PASSED] - Delayed 2 second(s)

2019-07-02 17:17:34 - [TEST_STEP][PASSED] - click(findTestObject("OCS-MOBILE /Age gate and burger menu/Chevron_Cannabis")): Object: 'Object Repository/OCS-MOBILE /Age gate and burger menu/Chevron_Cannabis' is clicked on

2019-07-02 17:17:34 - [MESSAGE][PASSED] - Object: 'Object Repository/OCS-MOBILE /Age gate and burger menu/Chevron_Cannabis' is clicked on

2019-07-02 17:17:34 - [TEST_STEP][PASSED] - delay(2): Delayed 2 second(s)

2019-07-02 17:17:36 - [MESSAGE][PASSED] - Delayed 2 second(s)

2019-07-02 17:17:36 - [TEST_STEP][PASSED] - click(findTestObject("OCS-MOBILE /Age gate and burger menu/Dried Flower_Plus icon")): Object: 'Object Repository/OCS-MOBILE /Age gate and burger menu/Dried Flower_Plus icon' is clicked on

2019-07-02 17:17:36 - [MESSAGE][PASSED] - Object: 'Object Repository/OCS-MOBILE /Age gate and burger menu/Dried Flower_Plus icon' is clicked on

2019-07-02 17:17:36 - [TEST_STEP][PASSED] - delay(2): Delayed 2 second(s)

2019-07-02 17:17:38 - [MESSAGE][PASSED] - Delayed 2 second(s)

2019-07-02 17:17:38 - [TEST_STEP][PASSED] - click(findTestObject("OCS-MOBILE /Age gate and burger menu/Indica Dominant_Menu item")): Object: 'Object Repository/OCS-MOBILE /Age gate and burger menu/Indica Dominant_Menu item' is clicked on

2019-07-02 17:17:40 - [MESSAGE][PASSED] - Object: 'Object Repository/OCS-MOBILE /Age gate and burger menu/Indica Dominant_Menu item' is clicked on

2019-07-02 17:17:40 - [TEST_STEP][PASSED] - executeJavaScript("var previewBar = document.getElementById("preview-bar-iframe"); previewBar.style.display = "none";", []): Execute JavaScript 'var previewBar = document.getElementById("preview-bar-iframe"); previewBar.style.display = "none";' successfully

2019-07-02 17:17:40 - [MESSAGE][PASSED] - Execute JavaScript 'var previewBar = document.getElementById("preview-bar-iframe"); previewBar.style.display = "none";' successfully

2019-07-02 17:17:40 - [TEST_STEP][PASSED] - delay(2): Delayed 2 second(s)

2019-07-02 17:17:42 - [MESSAGE][PASSED] - Delayed 2 second(s)

2019-07-02 17:17:42 - [TEST_STEP][PASSED] - click(findTestObject("OCS-MOBILE /Collection page/Product image - 1st one")): Object: 'Object Repository/OCS-MOBILE /Collection page/Product image - 1st one' is clicked on

2019-07-02 17:17:46 - [MESSAGE][PASSED] - Object: 'Object Repository/OCS-MOBILE /Collection page/Product image - 1st one' is clicked on

2019-07-02 17:17:46 - [TEST_STEP][PASSED] - delay(2): Delayed 2 second(s)

2019-07-02 17:17:48 - [MESSAGE][PASSED] - Delayed 2 second(s)

2019-07-02 17:17:48 - [TEST_STEP][PASSED] - executeJavaScript("var previewBar = document.getElementById("preview-bar-iframe"); previewBar.style.display = "none";", []): Execute JavaScript 'var previewBar = document.getElementById("preview-bar-iframe"); previewBar.style.display = "none";' successfully

2019-07-02 17:17:48 - [MESSAGE][PASSED] - Execute JavaScript 'var previewBar = document.getElementById("preview-bar-iframe"); previewBar.style.display = "none";' successfully

2019-07-02 17:17:48 - [MESSAGE][PASSED] - Call Test Case 'Test Cases/OCS - MOBILE/CALL - PDP' successfully

2019-07-02 17:17:48 - [TEST_STEP][PASSED] - scrollToElement(findTestObject("OCS-MOBILE /Product page/How to choose cannabis product - Section"), 2): Scroll to object 'Object Repository/OCS-MOBILE /Product page/How to choose cannabis product - Section' successfully

2019-07-02 17:17:48 - [MESSAGE][PASSED] - Scroll to object 'Object Repository/OCS-MOBILE /Product page/How to choose cannabis product - Section' successfully

2019-07-02 17:17:48 - [TEST_STEP][PASSED] - click(findTestObject("OCS-MOBILE /Product page/How to choose cannabis product - Button")): Object: 'Object Repository/OCS-MOBILE /Product page/How to choose cannabis product - Button' is clicked on

2019-07-02 17:17:51 - [MESSAGE][PASSED] - Object: 'Object Repository/OCS-MOBILE /Product page/How to choose cannabis product - Button' is clicked on

2019-07-02 17:17:51 - [TEST_STEP][PASSED] - a = getWindowTitle(): Current window's title is: 'Factors in Choosing Cannabis Products | Ontario Cannabis Store'

2019-07-02 17:17:51 - [MESSAGE][PASSED] - Current window's title is: 'Factors in Choosing Cannabis Products | Ontario Cannabis Store'

2019-07-02 17:17:51 - [TEST_STEP][PASSED] - b = "Factors in Choosing Cannabis Products | Ontario Cannabis Store": null

2019-07-02 17:17:51 - [TEST_STEP][PASSED] - comment("WINDOW TITLE IS: " + a): WINDOW TITLE IS: Factors in Choosing Cannabis Products | Ontario Cannabis Store

2019-07-02 17:17:51 - [MESSAGE][INFO] - WINDOW TITLE IS: Factors in Choosing Cannabis Products | Ontario Cannabis Store

2019-07-02 17:17:51 - [TEST_STEP][PASSED] - if (a == b): TITLE IS SAME

2019-07-02 17:17:51 - [TEST_STEP][PASSED] - comment("TITLE IS SAME"): TITLE IS SAME

2019-07-02 17:17:51 - [MESSAGE][INFO] - TITLE IS SAME

2019-07-02 17:17:51 - [TEST_STEP][PASSED] - back(): Navigate back successfully

2019-07-02 17:17:53 - [MESSAGE][PASSED] - Navigate back successfully]]></system-out>
         <system-err><![CDATA[]]></system-err>
      </testcase>
      <testcase name="Test Cases/OCS - MOBILE/OCS-AGE GATE/AG- Under Age" classname="Test Cases/OCS - MOBILE/OCS-AGE GATE/AG- Under Age" status="PASSED">
         <system-out><![CDATA[2019-07-02 17:17:53 - [TEST_CASE][PASSED] - Test Cases/OCS - MOBILE/OCS-AGE GATE/AG- Under Age: Test Cases/OCS - MOBILE/OCS-AGE GATE/AG- Under Age

2019-07-02 17:17:53 - [TEST_STEP][PASSED] - openBrowser(""): Browser is opened with url: ''

2019-07-02 17:17:53 - [MESSAGE][WARNING] - A browser is already opened. Closing browser and opening a new one

2019-07-02 17:17:53 - [MESSAGE][INFO] - Starting 'Chrome' driver

2019-07-02 17:17:54 - [MESSAGE][PASSED] - Browser is opened with url: ''

2019-07-02 17:17:54 - [TEST_STEP][PASSED] - navigateToUrl("https://ocs.ca/?fts=0&preview_theme_id=74203301708"): Navigate to 'https://ocs.ca/?fts=0&preview_theme_id=74203301708' successfully

2019-07-02 17:17:59 - [MESSAGE][PASSED] - Navigate to 'https://ocs.ca/?fts=0&preview_theme_id=74203301708' successfully

2019-07-02 17:17:59 - [TEST_STEP][PASSED] - executeJavaScript("var previewBar = document.getElementById("preview-bar-iframe"); previewBar.style.display = "none";", []): Execute JavaScript 'var previewBar = document.getElementById("preview-bar-iframe"); previewBar.style.display = "none";' successfully

2019-07-02 17:17:59 - [MESSAGE][PASSED] - Execute JavaScript 'var previewBar = document.getElementById("preview-bar-iframe"); previewBar.style.display = "none";' successfully

2019-07-02 17:17:59 - [TEST_STEP][PASSED] - setViewPortSize(360, 800): Viewport is set to new size with width = 360 and height = 800

2019-07-02 17:17:59 - [MESSAGE][PASSED] - Viewport is set to new size with width = 360 and height = 800

2019-07-02 17:17:59 - [TEST_STEP][PASSED] - delay(4): Delayed 4 second(s)

2019-07-02 17:18:03 - [MESSAGE][PASSED] - Delayed 4 second(s)

2019-07-02 17:18:03 - [TEST_STEP][PASSED] - selectOptionByValue(findTestObject("OCS-MOBILE /Age gate and Mega menu/Date"), "12", true): All options with value '12' are selected in object 'Object Repository/OCS-MOBILE /Age gate and Mega menu/Date'  using regular expression

2019-07-02 17:18:03 - [MESSAGE][PASSED] - All options with value '12' are selected in object 'Object Repository/OCS-MOBILE /Age gate and Mega menu/Date'  using regular expression

2019-07-02 17:18:03 - [TEST_STEP][PASSED] - selectOptionByValue(findTestObject("OCS-MOBILE /Age gate and Mega menu/month"), "6", true): All options with value '6' are selected in object 'Object Repository/OCS-MOBILE /Age gate and Mega menu/month'  using regular expression

2019-07-02 17:18:04 - [MESSAGE][PASSED] - All options with value '6' are selected in object 'Object Repository/OCS-MOBILE /Age gate and Mega menu/month'  using regular expression

2019-07-02 17:18:04 - [TEST_STEP][PASSED] - delay(2): Delayed 2 second(s)

2019-07-02 17:18:06 - [MESSAGE][PASSED] - Delayed 2 second(s)

2019-07-02 17:18:06 - [TEST_STEP][PASSED] - selectOptionByValue(findTestObject("OCS-MOBILE /Age gate and Mega menu/Year Dropdown"), "2017", true): All options with value '2017' are selected in object 'Object Repository/OCS-MOBILE /Age gate and Mega menu/Year Dropdown'  using regular expression

2019-07-02 17:18:06 - [MESSAGE][PASSED] - All options with value '2017' are selected in object 'Object Repository/OCS-MOBILE /Age gate and Mega menu/Year Dropdown'  using regular expression

2019-07-02 17:18:06 - [TEST_STEP][PASSED] - click(findTestObject("OCS-MOBILE /Age gate and Mega menu/button_Verify")): Object: 'Object Repository/OCS-MOBILE /Age gate and Mega menu/button_Verify' is clicked on

2019-07-02 17:18:07 - [MESSAGE][PASSED] - Object: 'Object Repository/OCS-MOBILE /Age gate and Mega menu/button_Verify' is clicked on

2019-07-02 17:18:07 - [TEST_STEP][PASSED] - click(findTestObject("OCS-MOBILE /Age gate and Mega menu/Checkbox_CONFIRM AND ACKNOWLEDGE")): Object: 'Object Repository/OCS-MOBILE /Age gate and Mega menu/Checkbox_CONFIRM AND ACKNOWLEDGE' is clicked on

2019-07-02 17:18:07 - [MESSAGE][PASSED] - Object: 'Object Repository/OCS-MOBILE /Age gate and Mega menu/Checkbox_CONFIRM AND ACKNOWLEDGE' is clicked on

2019-07-02 17:18:07 - [TEST_STEP][PASSED] - click(findTestObject("OCS-MOBILE /Age gate and Mega menu/button_CONFIRM")): Object: 'Object Repository/OCS-MOBILE /Age gate and Mega menu/button_CONFIRM' is clicked on

2019-07-02 17:18:07 - [MESSAGE][PASSED] - Object: 'Object Repository/OCS-MOBILE /Age gate and Mega menu/button_CONFIRM' is clicked on

2019-07-02 17:18:07 - [TEST_STEP][PASSED] - delay(3): Delayed 3 second(s)

2019-07-02 17:18:10 - [MESSAGE][PASSED] - Delayed 3 second(s)

2019-07-02 17:18:10 - [TEST_STEP][PASSED] - click(findTestObject("OCS-MOBILE /Age gate and Mega menu/Oops Im actually 19 or older - Link")): Object: 'Object Repository/OCS-MOBILE /Age gate and Mega menu/Oops Im actually 19 or older - Link' is clicked on

2019-07-02 17:18:10 - [MESSAGE][PASSED] - Object: 'Object Repository/OCS-MOBILE /Age gate and Mega menu/Oops Im actually 19 or older - Link' is clicked on

2019-07-02 17:18:10 - [TEST_STEP][PASSED] - selectOptionByValue(findTestObject("OCS-MOBILE /Age gate and burger menu/Date"), "5", true): All options with value '5' are selected in object 'Object Repository/OCS-MOBILE /Age gate and burger menu/Date'  using regular expression

2019-07-02 17:18:10 - [MESSAGE][PASSED] - All options with value '5' are selected in object 'Object Repository/OCS-MOBILE /Age gate and burger menu/Date'  using regular expression

2019-07-02 17:18:10 - [TEST_STEP][PASSED] - selectOptionByValue(findTestObject("OCS-MOBILE /Age gate and burger menu/month"), "6", true): All options with value '6' are selected in object 'Object Repository/OCS-MOBILE /Age gate and burger menu/month'  using regular expression

2019-07-02 17:18:10 - [MESSAGE][PASSED] - All options with value '6' are selected in object 'Object Repository/OCS-MOBILE /Age gate and burger menu/month'  using regular expression

2019-07-02 17:18:10 - [TEST_STEP][PASSED] - selectOptionByValue(findTestObject("OCS-MOBILE /Age gate and Mega menu/Year Dropdown"), "1970", true): All options with value '1970' are selected in object 'Object Repository/OCS-MOBILE /Age gate and Mega menu/Year Dropdown'  using regular expression

2019-07-02 17:18:11 - [MESSAGE][PASSED] - All options with value '1970' are selected in object 'Object Repository/OCS-MOBILE /Age gate and Mega menu/Year Dropdown'  using regular expression

2019-07-02 17:18:11 - [TEST_STEP][PASSED] - click(findTestObject("OCS-MOBILE /Age gate and Mega menu/button_Verify")): Object: 'Object Repository/OCS-MOBILE /Age gate and Mega menu/button_Verify' is clicked on

2019-07-02 17:18:11 - [MESSAGE][PASSED] - Object: 'Object Repository/OCS-MOBILE /Age gate and Mega menu/button_Verify' is clicked on

2019-07-02 17:18:11 - [TEST_STEP][PASSED] - click(findTestObject("OCS-MOBILE /Age gate and Mega menu/Checkbox_CONFIRM AND ACKNOWLEDGE")): Object: 'Object Repository/OCS-MOBILE /Age gate and Mega menu/Checkbox_CONFIRM AND ACKNOWLEDGE' is clicked on

2019-07-02 17:18:12 - [MESSAGE][PASSED] - Object: 'Object Repository/OCS-MOBILE /Age gate and Mega menu/Checkbox_CONFIRM AND ACKNOWLEDGE' is clicked on

2019-07-02 17:18:12 - [TEST_STEP][PASSED] - click(findTestObject("OCS-MOBILE /Age gate and Mega menu/button_CONFIRM")): Object: 'Object Repository/OCS-MOBILE /Age gate and Mega menu/button_CONFIRM' is clicked on

2019-07-02 17:18:12 - [MESSAGE][PASSED] - Object: 'Object Repository/OCS-MOBILE /Age gate and Mega menu/button_CONFIRM' is clicked on

2019-07-02 17:18:12 - [TEST_STEP][PASSED] - click(findTestObject("OCS-MOBILE /Age gate and Mega menu/button_Start Browsing")): Object: 'Object Repository/OCS-MOBILE /Age gate and Mega menu/button_Start Browsing' is clicked on

2019-07-02 17:18:12 - [MESSAGE][PASSED] - Object: 'Object Repository/OCS-MOBILE /Age gate and Mega menu/button_Start Browsing' is clicked on

2019-07-02 17:18:12 - [TEST_STEP][PASSED] - delay(3): Delayed 3 second(s)

2019-07-02 17:18:15 - [MESSAGE][PASSED] - Delayed 3 second(s)

2019-07-02 17:18:15 - [TEST_STEP][PASSED] - closeBrowser(): Browser is closed

2019-07-02 17:18:15 - [MESSAGE][PASSED] - Browser is closed]]></system-out>
         <system-err><![CDATA[]]></system-err>
      </testcase>
      <testcase name="Test Cases/OCS - MOBILE/OCS-AGE GATE/AG - Date correction" classname="Test Cases/OCS - MOBILE/OCS-AGE GATE/AG - Date correction" status="PASSED">
         <system-out><![CDATA[2019-07-02 17:18:15 - [TEST_CASE][PASSED] - Test Cases/OCS - MOBILE/OCS-AGE GATE/AG - Date correction: Test Cases/OCS - MOBILE/OCS-AGE GATE/AG - Date correction

2019-07-02 17:18:15 - [TEST_STEP][PASSED] - openBrowser(""): Browser is opened with url: ''

2019-07-02 17:18:15 - [MESSAGE][INFO] - Starting 'Chrome' driver

2019-07-02 17:18:16 - [MESSAGE][PASSED] - Browser is opened with url: ''

2019-07-02 17:18:16 - [TEST_STEP][PASSED] - navigateToUrl("https://ocs.ca/?fts=0&preview_theme_id=74203301708"): Navigate to 'https://ocs.ca/?fts=0&preview_theme_id=74203301708' successfully

2019-07-02 17:18:21 - [MESSAGE][PASSED] - Navigate to 'https://ocs.ca/?fts=0&preview_theme_id=74203301708' successfully

2019-07-02 17:18:21 - [TEST_STEP][PASSED] - executeJavaScript("var previewBar = document.getElementById("preview-bar-iframe"); previewBar.style.display = "none";", []): Execute JavaScript 'var previewBar = document.getElementById("preview-bar-iframe"); previewBar.style.display = "none";' successfully

2019-07-02 17:18:21 - [MESSAGE][PASSED] - Execute JavaScript 'var previewBar = document.getElementById("preview-bar-iframe"); previewBar.style.display = "none";' successfully

2019-07-02 17:18:21 - [TEST_STEP][PASSED] - setViewPortSize(360, 800): Viewport is set to new size with width = 360 and height = 800

2019-07-02 17:18:21 - [MESSAGE][PASSED] - Viewport is set to new size with width = 360 and height = 800

2019-07-02 17:18:21 - [TEST_STEP][PASSED] - delay(4): Delayed 4 second(s)

2019-07-02 17:18:25 - [MESSAGE][PASSED] - Delayed 4 second(s)

2019-07-02 17:18:25 - [TEST_STEP][PASSED] - selectOptionByValue(findTestObject("OCS-MOBILE /Age gate and Mega menu/Date"), "12", true): All options with value '12' are selected in object 'Object Repository/OCS-MOBILE /Age gate and Mega menu/Date'  using regular expression

2019-07-02 17:18:26 - [MESSAGE][PASSED] - All options with value '12' are selected in object 'Object Repository/OCS-MOBILE /Age gate and Mega menu/Date'  using regular expression

2019-07-02 17:18:26 - [TEST_STEP][PASSED] - selectOptionByValue(findTestObject("OCS-MOBILE /Age gate and Mega menu/month"), "6", true): All options with value '6' are selected in object 'Object Repository/OCS-MOBILE /Age gate and Mega menu/month'  using regular expression

2019-07-02 17:18:26 - [MESSAGE][PASSED] - All options with value '6' are selected in object 'Object Repository/OCS-MOBILE /Age gate and Mega menu/month'  using regular expression

2019-07-02 17:18:26 - [TEST_STEP][PASSED] - delay(2): Delayed 2 second(s)

2019-07-02 17:18:28 - [MESSAGE][PASSED] - Delayed 2 second(s)

2019-07-02 17:18:28 - [TEST_STEP][PASSED] - selectOptionByValue(findTestObject("OCS-MOBILE /Age gate and Mega menu/Year Dropdown"), "1990", true): All options with value '1990' are selected in object 'Object Repository/OCS-MOBILE /Age gate and Mega menu/Year Dropdown'  using regular expression

2019-07-02 17:18:29 - [MESSAGE][PASSED] - All options with value '1990' are selected in object 'Object Repository/OCS-MOBILE /Age gate and Mega menu/Year Dropdown'  using regular expression

2019-07-02 17:18:29 - [TEST_STEP][PASSED] - delay(3): Delayed 3 second(s)

2019-07-02 17:18:32 - [MESSAGE][PASSED] - Delayed 3 second(s)

2019-07-02 17:18:32 - [TEST_STEP][PASSED] - click(findTestObject("OCS-MOBILE /Age gate and Mega menu/button_Verify")): Object: 'Object Repository/OCS-MOBILE /Age gate and Mega menu/button_Verify' is clicked on

2019-07-02 17:18:32 - [MESSAGE][PASSED] - Object: 'Object Repository/OCS-MOBILE /Age gate and Mega menu/button_Verify' is clicked on

2019-07-02 17:18:32 - [TEST_STEP][PASSED] - delay(1): Delayed 1 second(s)

2019-07-02 17:18:33 - [MESSAGE][PASSED] - Delayed 1 second(s)

2019-07-02 17:18:33 - [TEST_STEP][PASSED] - click(findTestObject("OCS-MOBILE /Age gate and Mega menu/a_Correct your date of birth")): Object: 'Object Repository/OCS-MOBILE /Age gate and Mega menu/a_Correct your date of birth' is clicked on

2019-07-02 17:18:33 - [MESSAGE][PASSED] - Object: 'Object Repository/OCS-MOBILE /Age gate and Mega menu/a_Correct your date of birth' is clicked on

2019-07-02 17:18:33 - [TEST_STEP][PASSED] - selectOptionByValue(findTestObject("OCS-MOBILE /Age gate and Mega menu/Date"), "1", true): All options with value '1' are selected in object 'Object Repository/OCS-MOBILE /Age gate and Mega menu/Date'  using regular expression

2019-07-02 17:18:33 - [MESSAGE][PASSED] - All options with value '1' are selected in object 'Object Repository/OCS-MOBILE /Age gate and Mega menu/Date'  using regular expression

2019-07-02 17:18:33 - [TEST_STEP][PASSED] - selectOptionByValue(findTestObject("OCS-MOBILE /Age gate and Mega menu/month"), "5", true): All options with value '5' are selected in object 'Object Repository/OCS-MOBILE /Age gate and Mega menu/month'  using regular expression

2019-07-02 17:18:33 - [MESSAGE][PASSED] - All options with value '5' are selected in object 'Object Repository/OCS-MOBILE /Age gate and Mega menu/month'  using regular expression

2019-07-02 17:18:33 - [TEST_STEP][PASSED] - selectOptionByValue(findTestObject("OCS-MOBILE /Age gate and Mega menu/Year Dropdown"), "1980", true): All options with value '1980' are selected in object 'Object Repository/OCS-MOBILE /Age gate and Mega menu/Year Dropdown'  using regular expression

2019-07-02 17:18:34 - [MESSAGE][PASSED] - All options with value '1980' are selected in object 'Object Repository/OCS-MOBILE /Age gate and Mega menu/Year Dropdown'  using regular expression

2019-07-02 17:18:34 - [TEST_STEP][PASSED] - click(findTestObject("OCS-MOBILE /Age gate and Mega menu/button_Verify")): Object: 'Object Repository/OCS-MOBILE /Age gate and Mega menu/button_Verify' is clicked on

2019-07-02 17:18:34 - [MESSAGE][PASSED] - Object: 'Object Repository/OCS-MOBILE /Age gate and Mega menu/button_Verify' is clicked on

2019-07-02 17:18:34 - [TEST_STEP][PASSED] - closeBrowser(): Browser is closed

2019-07-02 17:18:34 - [MESSAGE][PASSED] - Browser is closed]]></system-out>
         <system-err><![CDATA[]]></system-err>
      </testcase>
      <testcase name="Test Cases/OCS - MOBILE/OCS-COLLECTION PAGE/Sort" classname="Test Cases/OCS - MOBILE/OCS-COLLECTION PAGE/Sort" status="FAILED">
         <failure type="FAILED" message="Test Cases/OCS - MOBILE/OCS-COLLECTION PAGE/Sort FAILED.
Reason:
com.kms.katalon.core.exception.StepFailedException: Unable to click on object 'Object Repository/OCS-MOBILE /Collection page/CBD Low to High' (Root cause: org.openqa.selenium.WebDriverException: unknown error: Element &lt;label for=&quot;sort-by-cbd-content-asc&quot; tabindex=&quot;0&quot;>...&lt;/label> is not clickable at point (241, 36). Other element would receive the click: &lt;div class=&quot;menu-bar__left-wrapper&quot;>...&lt;/div>
  (Session info: chrome=75.0.3770.100)
  (Driver info: chromedriver=2.43.600229 (3fae4d0cda5334b4f533bede5a4787f7b832d052),platform=Mac OS X 10.13.6 x86_64) (WARNING: The server did not provide any stacktrace information)
Command duration or timeout: 0 milliseconds
Build info: version: '3.7.1', revision: '8a0099a', time: '2017-11-06T21:07:36.161Z'
System info: host: 'sumans-MacBook-Pro.local', ip: 'fe80:0:0:0:98:5ae9:edb9:537f%en0', os.name: 'Mac OS X', os.arch: 'x86_64', os.version: '10.13.6', java.version: '1.8.0_181'
Driver info: com.kms.katalon.selenium.driver.CChromeDriver
Capabilities {acceptInsecureCerts: false, acceptSslCerts: false, applicationCacheEnabled: false, browserConnectionEnabled: false, browserName: chrome, chrome: {chromedriverVersion: 2.43.600229 (3fae4d0cda5334..., userDataDir: /var/folders/1t/c55l8xzs6gq...}, cssSelectorsEnabled: true, databaseEnabled: false, goog:chromeOptions: {debuggerAddress: localhost:56716}, handlesAlerts: true, hasTouchScreen: false, javascriptEnabled: true, locationContextEnabled: true, mobileEmulationEnabled: false, nativeEvents: true, networkConnectionEnabled: false, pageLoadStrategy: normal, platform: MAC, platformName: MAC, rotatable: false, setWindowRect: true, takesHeapSnapshot: true, takesScreenshot: true, unexpectedAlertBehaviour: , unhandledPromptBehavior: , version: 75.0.3770.100, webStorageEnabled: true}
Session ID: b21d17788aa540bf53a283262061025f)
	at com.kms.katalon.core.keyword.internal.KeywordMain.stepFailed(KeywordMain.groovy:36)
	at com.kms.katalon.core.webui.keyword.internal.WebUIKeywordMain.stepFailed(WebUIKeywordMain.groovy:65)
	at com.kms.katalon.core.webui.keyword.internal.WebUIKeywordMain.runKeyword(WebUIKeywordMain.groovy:27)
	at com.kms.katalon.core.webui.keyword.builtin.ClickKeyword.click(ClickKeyword.groovy:86)
	at com.kms.katalon.core.webui.keyword.builtin.ClickKeyword.execute(ClickKeyword.groovy:67)
	at com.kms.katalon.core.keyword.internal.KeywordExecutor.executeKeywordForPlatform(KeywordExecutor.groovy:53)
	at com.kms.katalon.core.webui.keyword.WebUiBuiltInKeywords.click(WebUiBuiltInKeywords.groovy:616)
	at com.kms.katalon.core.webui.keyword.WebUiBuiltInKeywords$click$4.call(Unknown Source)
	at Sort.run(Sort:112)
	at com.kms.katalon.core.main.ScriptEngine.run(ScriptEngine.java:194)
	at com.kms.katalon.core.main.ScriptEngine.runScriptAsRawText(ScriptEngine.java:119)
	at com.kms.katalon.core.main.TestCaseExecutor.runScript(TestCaseExecutor.java:328)
	at com.kms.katalon.core.main.TestCaseExecutor.doExecute(TestCaseExecutor.java:319)
	at com.kms.katalon.core.main.TestCaseExecutor.processExecutionPhase(TestCaseExecutor.java:298)
	at com.kms.katalon.core.main.TestCaseExecutor.accessMainPhase(TestCaseExecutor.java:290)
	at com.kms.katalon.core.main.TestCaseExecutor.execute(TestCaseExecutor.java:224)
	at com.kms.katalon.core.main.TestSuiteExecutor.accessTestCaseMainPhase(TestSuiteExecutor.java:129)
	at com.kms.katalon.core.main.TestSuiteExecutor.accessTestSuiteMainPhase(TestSuiteExecutor.java:112)
	at com.kms.katalon.core.main.TestSuiteExecutor.execute(TestSuiteExecutor.java:81)
	at com.kms.katalon.core.main.TestCaseMain.startTestSuite(TestCaseMain.java:149)
	at com.kms.katalon.core.main.TestCaseMain$startTestSuite$0.call(Unknown Source)
	at TempTestSuite1562098461396.run(TempTestSuite1562098461396.groovy:36)
"/>
         <system-out><![CDATA[2019-07-02 17:18:34 - [TEST_CASE][FAILED] - Test Cases/OCS - MOBILE/OCS-COLLECTION PAGE/Sort: Test Cases/OCS - MOBILE/OCS-COLLECTION PAGE/Sort FAILED.
Reason:
com.kms.katalon.core.exception.StepFailedException: Unable to click on object 'Object Repository/OCS-MOBILE /Collection page/CBD Low to High' (Root cause: org.openqa.selenium.WebDriverException: unknown error: Element <label for="sort-by-cbd-content-asc" tabindex="0">...</label> is not clickable at point (241, 36). Other element would receive the click: <div class="menu-bar__left-wrapper">...</div>
  (Session info: chrome=75.0.3770.100)
  (Driver info: chromedriver=2.43.600229 (3fae4d0cda5334b4f533bede5a4787f7b832d052),platform=Mac OS X 10.13.6 x86_64) (WARNING: The server did not provide any stacktrace information)
Command duration or timeout: 0 milliseconds
Build info: version: '3.7.1', revision: '8a0099a', time: '2017-11-06T21:07:36.161Z'
System info: host: 'sumans-MacBook-Pro.local', ip: 'fe80:0:0:0:98:5ae9:edb9:537f%en0', os.name: 'Mac OS X', os.arch: 'x86_64', os.version: '10.13.6', java.version: '1.8.0_181'
Driver info: com.kms.katalon.selenium.driver.CChromeDriver
Capabilities {acceptInsecureCerts: false, acceptSslCerts: false, applicationCacheEnabled: false, browserConnectionEnabled: false, browserName: chrome, chrome: {chromedriverVersion: 2.43.600229 (3fae4d0cda5334..., userDataDir: /var/folders/1t/c55l8xzs6gq...}, cssSelectorsEnabled: true, databaseEnabled: false, goog:chromeOptions: {debuggerAddress: localhost:56716}, handlesAlerts: true, hasTouchScreen: false, javascriptEnabled: true, locationContextEnabled: true, mobileEmulationEnabled: false, nativeEvents: true, networkConnectionEnabled: false, pageLoadStrategy: normal, platform: MAC, platformName: MAC, rotatable: false, setWindowRect: true, takesHeapSnapshot: true, takesScreenshot: true, unexpectedAlertBehaviour: , unhandledPromptBehavior: , version: 75.0.3770.100, webStorageEnabled: true}
Session ID: b21d17788aa540bf53a283262061025f)
	at com.kms.katalon.core.keyword.internal.KeywordMain.stepFailed(KeywordMain.groovy:36)
	at com.kms.katalon.core.webui.keyword.internal.WebUIKeywordMain.stepFailed(WebUIKeywordMain.groovy:65)
	at com.kms.katalon.core.webui.keyword.internal.WebUIKeywordMain.runKeyword(WebUIKeywordMain.groovy:27)
	at com.kms.katalon.core.webui.keyword.builtin.ClickKeyword.click(ClickKeyword.groovy:86)
	at com.kms.katalon.core.webui.keyword.builtin.ClickKeyword.execute(ClickKeyword.groovy:67)
	at com.kms.katalon.core.keyword.internal.KeywordExecutor.executeKeywordForPlatform(KeywordExecutor.groovy:53)
	at com.kms.katalon.core.webui.keyword.WebUiBuiltInKeywords.click(WebUiBuiltInKeywords.groovy:616)
	at com.kms.katalon.core.webui.keyword.WebUiBuiltInKeywords$click$4.call(Unknown Source)
	at Sort.run(Sort:112)
	at com.kms.katalon.core.main.ScriptEngine.run(ScriptEngine.java:194)
	at com.kms.katalon.core.main.ScriptEngine.runScriptAsRawText(ScriptEngine.java:119)
	at com.kms.katalon.core.main.TestCaseExecutor.runScript(TestCaseExecutor.java:328)
	at com.kms.katalon.core.main.TestCaseExecutor.doExecute(TestCaseExecutor.java:319)
	at com.kms.katalon.core.main.TestCaseExecutor.processExecutionPhase(TestCaseExecutor.java:298)
	at com.kms.katalon.core.main.TestCaseExecutor.accessMainPhase(TestCaseExecutor.java:290)
	at com.kms.katalon.core.main.TestCaseExecutor.execute(TestCaseExecutor.java:224)
	at com.kms.katalon.core.main.TestSuiteExecutor.accessTestCaseMainPhase(TestSuiteExecutor.java:129)
	at com.kms.katalon.core.main.TestSuiteExecutor.accessTestSuiteMainPhase(TestSuiteExecutor.java:112)
	at com.kms.katalon.core.main.TestSuiteExecutor.execute(TestSuiteExecutor.java:81)
	at com.kms.katalon.core.main.TestCaseMain.startTestSuite(TestCaseMain.java:149)
	at com.kms.katalon.core.main.TestCaseMain$startTestSuite$0.call(Unknown Source)
	at TempTestSuite1562098461396.run(TempTestSuite1562098461396.groovy:36)


2019-07-02 17:18:35 - [TEST_STEP][PASSED] - callTestCase(findTestCase("OCS - MOBILE/CALL - AGE GATE"), [:], STOP_ON_FAILURE): Call Test Case 'Test Cases/OCS - MOBILE/CALL - AGE GATE' successfully

2019-07-02 17:18:35 - [TEST_CASE][PASSED] - Test Cases/OCS - MOBILE/CALL - AGE GATE: Test Cases/OCS - MOBILE/CALL - AGE GATE

2019-07-02 17:18:35 - [TEST_STEP][PASSED] - openBrowser(""): Browser is opened with url: ''

2019-07-02 17:18:35 - [MESSAGE][INFO] - Starting 'Chrome' driver

2019-07-02 17:18:36 - [MESSAGE][PASSED] - Browser is opened with url: ''

2019-07-02 17:18:36 - [TEST_STEP][PASSED] - navigateToUrl("https://ocs.ca/?fts=0&preview_theme_id=74203301708"): Navigate to 'https://ocs.ca/?fts=0&preview_theme_id=74203301708' successfully

2019-07-02 17:18:40 - [MESSAGE][PASSED] - Navigate to 'https://ocs.ca/?fts=0&preview_theme_id=74203301708' successfully

2019-07-02 17:18:40 - [TEST_STEP][PASSED] - executeJavaScript("var previewBar = document.getElementById("preview-bar-iframe"); previewBar.style.display = "none";", []): Execute JavaScript 'var previewBar = document.getElementById("preview-bar-iframe"); previewBar.style.display = "none";' successfully

2019-07-02 17:18:40 - [MESSAGE][PASSED] - Execute JavaScript 'var previewBar = document.getElementById("preview-bar-iframe"); previewBar.style.display = "none";' successfully

2019-07-02 17:18:40 - [TEST_STEP][PASSED] - setViewPortSize(360, 800): Viewport is set to new size with width = 360 and height = 800

2019-07-02 17:18:40 - [MESSAGE][PASSED] - Viewport is set to new size with width = 360 and height = 800

2019-07-02 17:18:40 - [TEST_STEP][PASSED] - delay(4): Delayed 4 second(s)

2019-07-02 17:18:44 - [MESSAGE][PASSED] - Delayed 4 second(s)

2019-07-02 17:18:44 - [TEST_STEP][PASSED] - selectOptionByValue(findTestObject("OCS-MOBILE /Age gate and burger menu/Date"), "12", true): All options with value '12' are selected in object 'Object Repository/OCS-MOBILE /Age gate and burger menu/Date'  using regular expression

2019-07-02 17:18:45 - [MESSAGE][PASSED] - All options with value '12' are selected in object 'Object Repository/OCS-MOBILE /Age gate and burger menu/Date'  using regular expression

2019-07-02 17:18:45 - [TEST_STEP][PASSED] - selectOptionByValue(findTestObject("OCS-MOBILE /Age gate and burger menu/month"), "6", true): All options with value '6' are selected in object 'Object Repository/OCS-MOBILE /Age gate and burger menu/month'  using regular expression

2019-07-02 17:18:45 - [MESSAGE][PASSED] - All options with value '6' are selected in object 'Object Repository/OCS-MOBILE /Age gate and burger menu/month'  using regular expression

2019-07-02 17:18:45 - [TEST_STEP][PASSED] - delay(2): Delayed 2 second(s)

2019-07-02 17:18:47 - [MESSAGE][PASSED] - Delayed 2 second(s)

2019-07-02 17:18:47 - [TEST_STEP][PASSED] - selectOptionByValue(findTestObject("OCS-MOBILE /Age gate and burger menu/Year Dropdown"), "1990", true): All options with value '1990' are selected in object 'Object Repository/OCS-MOBILE /Age gate and burger menu/Year Dropdown'  using regular expression

2019-07-02 17:18:48 - [MESSAGE][PASSED] - All options with value '1990' are selected in object 'Object Repository/OCS-MOBILE /Age gate and burger menu/Year Dropdown'  using regular expression

2019-07-02 17:18:48 - [TEST_STEP][PASSED] - click(findTestObject("OCS-MOBILE /Age gate and Mega menu/button_Verify")): Object: 'Object Repository/OCS-MOBILE /Age gate and Mega menu/button_Verify' is clicked on

2019-07-02 17:18:48 - [MESSAGE][PASSED] - Object: 'Object Repository/OCS-MOBILE /Age gate and Mega menu/button_Verify' is clicked on

2019-07-02 17:18:48 - [TEST_STEP][PASSED] - click(findTestObject("OCS-MOBILE /Age gate and Mega menu/Checkbox_CONFIRM AND ACKNOWLEDGE")): Object: 'Object Repository/OCS-MOBILE /Age gate and Mega menu/Checkbox_CONFIRM AND ACKNOWLEDGE' is clicked on

2019-07-02 17:18:48 - [MESSAGE][PASSED] - Object: 'Object Repository/OCS-MOBILE /Age gate and Mega menu/Checkbox_CONFIRM AND ACKNOWLEDGE' is clicked on

2019-07-02 17:18:48 - [TEST_STEP][PASSED] - click(findTestObject("OCS-MOBILE /Age gate and Mega menu/button_CONFIRM")): Object: 'Object Repository/OCS-MOBILE /Age gate and Mega menu/button_CONFIRM' is clicked on

2019-07-02 17:18:48 - [MESSAGE][PASSED] - Object: 'Object Repository/OCS-MOBILE /Age gate and Mega menu/button_CONFIRM' is clicked on

2019-07-02 17:18:48 - [TEST_STEP][PASSED] - click(findTestObject("OCS-MOBILE /Age gate and Mega menu/button_Start Browsing")): Object: 'Object Repository/OCS-MOBILE /Age gate and Mega menu/button_Start Browsing' is clicked on

2019-07-02 17:18:48 - [MESSAGE][PASSED] - Object: 'Object Repository/OCS-MOBILE /Age gate and Mega menu/button_Start Browsing' is clicked on

2019-07-02 17:18:48 - [TEST_STEP][PASSED] - refresh(): Refresh successfully

2019-07-02 17:18:48 - [MESSAGE][PASSED] - Refresh successfully

2019-07-02 17:18:48 - [TEST_STEP][PASSED] - executeJavaScript("var previewBar = document.getElementById("preview-bar-iframe"); previewBar.style.display = "none";", []): Execute JavaScript 'var previewBar = document.getElementById("preview-bar-iframe"); previewBar.style.display = "none";' successfully

2019-07-02 17:18:51 - [MESSAGE][PASSED] - Execute JavaScript 'var previewBar = document.getElementById("preview-bar-iframe"); previewBar.style.display = "none";' successfully

2019-07-02 17:18:51 - [MESSAGE][PASSED] - Call Test Case 'Test Cases/OCS - MOBILE/CALL - AGE GATE' successfully

2019-07-02 17:18:51 - [TEST_STEP][PASSED] - delay(2): Delayed 2 second(s)

2019-07-02 17:18:53 - [MESSAGE][PASSED] - Delayed 2 second(s)

2019-07-02 17:18:53 - [TEST_STEP][PASSED] - click(findTestObject("OCS-MOBILE /Age gate and burger menu/Burger menu - English")): Object: 'Object Repository/OCS-MOBILE /Age gate and burger menu/Burger menu - English' is clicked on

2019-07-02 17:18:53 - [MESSAGE][PASSED] - Object: 'Object Repository/OCS-MOBILE /Age gate and burger menu/Burger menu - English' is clicked on

2019-07-02 17:18:53 - [TEST_STEP][PASSED] - delay(2): Delayed 2 second(s)

2019-07-02 17:18:55 - [MESSAGE][PASSED] - Delayed 2 second(s)

2019-07-02 17:18:55 - [TEST_STEP][PASSED] - click(findTestObject("OCS-MOBILE /Age gate and Mega menu/Chevron_Cannabis")): Object: 'Object Repository/OCS-MOBILE /Age gate and Mega menu/Chevron_Cannabis' is clicked on

2019-07-02 17:18:55 - [MESSAGE][PASSED] - Object: 'Object Repository/OCS-MOBILE /Age gate and Mega menu/Chevron_Cannabis' is clicked on

2019-07-02 17:18:55 - [TEST_STEP][PASSED] - delay(2): Delayed 2 second(s)

2019-07-02 17:18:57 - [MESSAGE][PASSED] - Delayed 2 second(s)

2019-07-02 17:18:57 - [TEST_STEP][PASSED] - click(findTestObject("OCS-MOBILE /Cannabis page/Dried flower")): Object: 'Object Repository/OCS-MOBILE /Cannabis page/Dried flower' is clicked on

2019-07-02 17:18:57 - [MESSAGE][PASSED] - Object: 'Object Repository/OCS-MOBILE /Cannabis page/Dried flower' is clicked on

2019-07-02 17:18:57 - [TEST_STEP][PASSED] - delay(2): Delayed 2 second(s)

2019-07-02 17:18:59 - [MESSAGE][PASSED] - Delayed 2 second(s)

2019-07-02 17:18:59 - [TEST_STEP][PASSED] - click(findTestObject("OCS-MOBILE /Cannabis page/Dried flower - Indica dominant")): Object: 'Object Repository/OCS-MOBILE /Cannabis page/Dried flower - Indica dominant' is clicked on

2019-07-02 17:19:02 - [MESSAGE][PASSED] - Object: 'Object Repository/OCS-MOBILE /Cannabis page/Dried flower - Indica dominant' is clicked on

2019-07-02 17:19:02 - [TEST_STEP][PASSED] - delay(2): Delayed 2 second(s)

2019-07-02 17:19:04 - [MESSAGE][PASSED] - Delayed 2 second(s)

2019-07-02 17:19:04 - [TEST_STEP][PASSED] - click(findTestObject("OCS-MOBILE /Collection page/sort option")): Object: 'Object Repository/OCS-MOBILE /Collection page/sort option' is clicked on

2019-07-02 17:19:04 - [MESSAGE][PASSED] - Object: 'Object Repository/OCS-MOBILE /Collection page/sort option' is clicked on

2019-07-02 17:19:04 - [TEST_STEP][PASSED] - delay(1): Delayed 1 second(s)

2019-07-02 17:19:05 - [MESSAGE][PASSED] - Delayed 1 second(s)

2019-07-02 17:19:05 - [TEST_STEP][PASSED] - click(findTestObject("OCS-MOBILE /Collection page/Price Low to High")): Object: 'Object Repository/OCS-MOBILE /Collection page/Price Low to High' is clicked on

2019-07-02 17:19:05 - [MESSAGE][PASSED] - Object: 'Object Repository/OCS-MOBILE /Collection page/Price Low to High' is clicked on

2019-07-02 17:19:05 - [TEST_STEP][PASSED] - delay(1): Delayed 1 second(s)

2019-07-02 17:19:06 - [MESSAGE][PASSED] - Delayed 1 second(s)

2019-07-02 17:19:06 - [TEST_STEP][PASSED] - refresh(): Refresh successfully

2019-07-02 17:19:06 - [MESSAGE][PASSED] - Refresh successfully

2019-07-02 17:19:06 - [TEST_STEP][PASSED] - delay(1): Delayed 1 second(s)

2019-07-02 17:19:07 - [MESSAGE][PASSED] - Delayed 1 second(s)

2019-07-02 17:19:07 - [TEST_STEP][PASSED] - callTestCase(findTestCase("OCS - MOBILE/OCS-COLLECTION PAGE/calling test case"), [:], STOP_ON_FAILURE): Call Test Case 'Test Cases/OCS - MOBILE/OCS-COLLECTION PAGE/calling test case' successfully

2019-07-02 17:19:07 - [TEST_CASE][PASSED] - Test Cases/OCS - MOBILE/OCS-COLLECTION PAGE/calling test case: Test Cases/OCS - MOBILE/OCS-COLLECTION PAGE/calling test case

2019-07-02 17:19:07 - [TEST_STEP][PASSED] - delay(2): Delayed 2 second(s)

2019-07-02 17:19:09 - [MESSAGE][PASSED] - Delayed 2 second(s)

2019-07-02 17:19:09 - [TEST_STEP][PASSED] - click(findTestObject("OCS-MOBILE /Age gate and burger menu/Burger menu - English")): Object: 'Object Repository/OCS-MOBILE /Age gate and burger menu/Burger menu - English' is clicked on

2019-07-02 17:19:09 - [MESSAGE][PASSED] - Object: 'Object Repository/OCS-MOBILE /Age gate and burger menu/Burger menu - English' is clicked on

2019-07-02 17:19:09 - [TEST_STEP][PASSED] - delay(2): Delayed 2 second(s)

2019-07-02 17:19:11 - [MESSAGE][PASSED] - Delayed 2 second(s)

2019-07-02 17:19:11 - [TEST_STEP][PASSED] - click(findTestObject("OCS-MOBILE /Age gate and Mega menu/Chevron_Cannabis")): Object: 'Object Repository/OCS-MOBILE /Age gate and Mega menu/Chevron_Cannabis' is clicked on

2019-07-02 17:19:11 - [MESSAGE][PASSED] - Object: 'Object Repository/OCS-MOBILE /Age gate and Mega menu/Chevron_Cannabis' is clicked on

2019-07-02 17:19:11 - [TEST_STEP][PASSED] - delay(2): Delayed 2 second(s)

2019-07-02 17:19:13 - [MESSAGE][PASSED] - Delayed 2 second(s)

2019-07-02 17:19:13 - [TEST_STEP][PASSED] - click(findTestObject("OCS-MOBILE /Cannabis page/Dried flower")): Object: 'Object Repository/OCS-MOBILE /Cannabis page/Dried flower' is clicked on

2019-07-02 17:19:13 - [MESSAGE][PASSED] - Object: 'Object Repository/OCS-MOBILE /Cannabis page/Dried flower' is clicked on

2019-07-02 17:19:13 - [TEST_STEP][PASSED] - delay(2): Delayed 2 second(s)

2019-07-02 17:19:15 - [MESSAGE][PASSED] - Delayed 2 second(s)

2019-07-02 17:19:15 - [TEST_STEP][PASSED] - click(findTestObject("OCS-MOBILE /Cannabis page/Dried flower - Indica dominant")): Object: 'Object Repository/OCS-MOBILE /Cannabis page/Dried flower - Indica dominant' is clicked on

2019-07-02 17:19:18 - [MESSAGE][PASSED] - Object: 'Object Repository/OCS-MOBILE /Cannabis page/Dried flower - Indica dominant' is clicked on

2019-07-02 17:19:18 - [TEST_STEP][PASSED] - delay(2): Delayed 2 second(s)

2019-07-02 17:19:20 - [MESSAGE][PASSED] - Delayed 2 second(s)

2019-07-02 17:19:20 - [MESSAGE][PASSED] - Call Test Case 'Test Cases/OCS - MOBILE/OCS-COLLECTION PAGE/calling test case' successfully

2019-07-02 17:19:20 - [TEST_STEP][NOT_RUN] - scrollToElement(findTestObject("OCS-MOBILE /Collection page/scroll element"), 0): NOT_RUN: scrollToElement(findTestObject("OCS-MOBILE /Collection page/scroll element"), 0)

2019-07-02 17:19:20 - [MESSAGE][NOT_RUN] - NOT_RUN: scrollToElement(findTestObject("OCS-MOBILE /Collection page/scroll element"), 0)

2019-07-02 17:19:20 - [TEST_STEP][PASSED] - delay(1): Delayed 1 second(s)

2019-07-02 17:19:21 - [MESSAGE][PASSED] - Delayed 1 second(s)

2019-07-02 17:19:21 - [TEST_STEP][PASSED] - click(findTestObject("OCS-MOBILE /Collection page/sort option")): Object: 'Object Repository/OCS-MOBILE /Collection page/sort option' is clicked on

2019-07-02 17:19:21 - [MESSAGE][PASSED] - Object: 'Object Repository/OCS-MOBILE /Collection page/sort option' is clicked on

2019-07-02 17:19:21 - [TEST_STEP][PASSED] - delay(1): Delayed 1 second(s)

2019-07-02 17:19:22 - [MESSAGE][PASSED] - Delayed 1 second(s)

2019-07-02 17:19:22 - [TEST_STEP][PASSED] - click(findTestObject("OCS-MOBILE /Collection page/Price High to Low")): Object: 'Object Repository/OCS-MOBILE /Collection page/Price High to Low' is clicked on

2019-07-02 17:19:22 - [MESSAGE][PASSED] - Object: 'Object Repository/OCS-MOBILE /Collection page/Price High to Low' is clicked on

2019-07-02 17:19:22 - [TEST_STEP][PASSED] - delay(1): Delayed 1 second(s)

2019-07-02 17:19:23 - [MESSAGE][PASSED] - Delayed 1 second(s)

2019-07-02 17:19:23 - [TEST_STEP][PASSED] - refresh(): Refresh successfully

2019-07-02 17:19:23 - [MESSAGE][PASSED] - Refresh successfully

2019-07-02 17:19:23 - [TEST_STEP][PASSED] - callTestCase(findTestCase("OCS - MOBILE/OCS-COLLECTION PAGE/calling test case"), [:], STOP_ON_FAILURE): Call Test Case 'Test Cases/OCS - MOBILE/OCS-COLLECTION PAGE/calling test case' successfully

2019-07-02 17:19:23 - [TEST_CASE][PASSED] - Test Cases/OCS - MOBILE/OCS-COLLECTION PAGE/calling test case: Test Cases/OCS - MOBILE/OCS-COLLECTION PAGE/calling test case

2019-07-02 17:19:23 - [TEST_STEP][PASSED] - delay(2): Delayed 2 second(s)

2019-07-02 17:19:25 - [MESSAGE][PASSED] - Delayed 2 second(s)

2019-07-02 17:19:25 - [TEST_STEP][PASSED] - click(findTestObject("OCS-MOBILE /Age gate and burger menu/Burger menu - English")): Object: 'Object Repository/OCS-MOBILE /Age gate and burger menu/Burger menu - English' is clicked on

2019-07-02 17:19:25 - [MESSAGE][PASSED] - Object: 'Object Repository/OCS-MOBILE /Age gate and burger menu/Burger menu - English' is clicked on

2019-07-02 17:19:25 - [TEST_STEP][PASSED] - delay(2): Delayed 2 second(s)

2019-07-02 17:19:27 - [MESSAGE][PASSED] - Delayed 2 second(s)

2019-07-02 17:19:27 - [TEST_STEP][PASSED] - click(findTestObject("OCS-MOBILE /Age gate and Mega menu/Chevron_Cannabis")): Object: 'Object Repository/OCS-MOBILE /Age gate and Mega menu/Chevron_Cannabis' is clicked on

2019-07-02 17:19:27 - [MESSAGE][PASSED] - Object: 'Object Repository/OCS-MOBILE /Age gate and Mega menu/Chevron_Cannabis' is clicked on

2019-07-02 17:19:27 - [TEST_STEP][PASSED] - delay(2): Delayed 2 second(s)

2019-07-02 17:19:29 - [MESSAGE][PASSED] - Delayed 2 second(s)

2019-07-02 17:19:29 - [TEST_STEP][PASSED] - click(findTestObject("OCS-MOBILE /Cannabis page/Dried flower")): Object: 'Object Repository/OCS-MOBILE /Cannabis page/Dried flower' is clicked on

2019-07-02 17:19:29 - [MESSAGE][PASSED] - Object: 'Object Repository/OCS-MOBILE /Cannabis page/Dried flower' is clicked on

2019-07-02 17:19:29 - [TEST_STEP][PASSED] - delay(2): Delayed 2 second(s)

2019-07-02 17:19:31 - [MESSAGE][PASSED] - Delayed 2 second(s)

2019-07-02 17:19:31 - [TEST_STEP][PASSED] - click(findTestObject("OCS-MOBILE /Cannabis page/Dried flower - Indica dominant")): Object: 'Object Repository/OCS-MOBILE /Cannabis page/Dried flower - Indica dominant' is clicked on

2019-07-02 17:19:33 - [MESSAGE][PASSED] - Object: 'Object Repository/OCS-MOBILE /Cannabis page/Dried flower - Indica dominant' is clicked on

2019-07-02 17:19:33 - [TEST_STEP][PASSED] - delay(2): Delayed 2 second(s)

2019-07-02 17:19:35 - [MESSAGE][PASSED] - Delayed 2 second(s)

2019-07-02 17:19:35 - [MESSAGE][PASSED] - Call Test Case 'Test Cases/OCS - MOBILE/OCS-COLLECTION PAGE/calling test case' successfully

2019-07-02 17:19:35 - [TEST_STEP][PASSED] - click(findTestObject("OCS-MOBILE /Collection page/sort option")): Object: 'Object Repository/OCS-MOBILE /Collection page/sort option' is clicked on

2019-07-02 17:19:35 - [MESSAGE][PASSED] - Object: 'Object Repository/OCS-MOBILE /Collection page/sort option' is clicked on

2019-07-02 17:19:35 - [TEST_STEP][PASSED] - delay(1): Delayed 1 second(s)

2019-07-02 17:19:36 - [MESSAGE][PASSED] - Delayed 1 second(s)

2019-07-02 17:19:36 - [TEST_STEP][PASSED] - click(findTestObject("OCS-MOBILE /Collection page/Alphabetically A - Z")): Object: 'Object Repository/OCS-MOBILE /Collection page/Alphabetically A - Z' is clicked on

2019-07-02 17:19:36 - [MESSAGE][PASSED] - Object: 'Object Repository/OCS-MOBILE /Collection page/Alphabetically A - Z' is clicked on

2019-07-02 17:19:36 - [TEST_STEP][PASSED] - delay(1): Delayed 1 second(s)

2019-07-02 17:19:37 - [MESSAGE][PASSED] - Delayed 1 second(s)

2019-07-02 17:19:37 - [TEST_STEP][PASSED] - refresh(): Refresh successfully

2019-07-02 17:19:37 - [MESSAGE][PASSED] - Refresh successfully

2019-07-02 17:19:37 - [TEST_STEP][PASSED] - callTestCase(findTestCase("OCS - MOBILE/OCS-COLLECTION PAGE/calling test case"), [:], STOP_ON_FAILURE): Call Test Case 'Test Cases/OCS - MOBILE/OCS-COLLECTION PAGE/calling test case' successfully

2019-07-02 17:19:37 - [TEST_CASE][PASSED] - Test Cases/OCS - MOBILE/OCS-COLLECTION PAGE/calling test case: Test Cases/OCS - MOBILE/OCS-COLLECTION PAGE/calling test case

2019-07-02 17:19:37 - [TEST_STEP][PASSED] - delay(2): Delayed 2 second(s)

2019-07-02 17:19:39 - [MESSAGE][PASSED] - Delayed 2 second(s)

2019-07-02 17:19:39 - [TEST_STEP][PASSED] - click(findTestObject("OCS-MOBILE /Age gate and burger menu/Burger menu - English")): Object: 'Object Repository/OCS-MOBILE /Age gate and burger menu/Burger menu - English' is clicked on

2019-07-02 17:19:39 - [MESSAGE][PASSED] - Object: 'Object Repository/OCS-MOBILE /Age gate and burger menu/Burger menu - English' is clicked on

2019-07-02 17:19:39 - [TEST_STEP][PASSED] - delay(2): Delayed 2 second(s)

2019-07-02 17:19:41 - [MESSAGE][PASSED] - Delayed 2 second(s)

2019-07-02 17:19:41 - [TEST_STEP][PASSED] - click(findTestObject("OCS-MOBILE /Age gate and Mega menu/Chevron_Cannabis")): Object: 'Object Repository/OCS-MOBILE /Age gate and Mega menu/Chevron_Cannabis' is clicked on

2019-07-02 17:19:41 - [MESSAGE][PASSED] - Object: 'Object Repository/OCS-MOBILE /Age gate and Mega menu/Chevron_Cannabis' is clicked on

2019-07-02 17:19:41 - [TEST_STEP][PASSED] - delay(2): Delayed 2 second(s)

2019-07-02 17:19:43 - [MESSAGE][PASSED] - Delayed 2 second(s)

2019-07-02 17:19:43 - [TEST_STEP][PASSED] - click(findTestObject("OCS-MOBILE /Cannabis page/Dried flower")): Object: 'Object Repository/OCS-MOBILE /Cannabis page/Dried flower' is clicked on

2019-07-02 17:19:44 - [MESSAGE][PASSED] - Object: 'Object Repository/OCS-MOBILE /Cannabis page/Dried flower' is clicked on

2019-07-02 17:19:44 - [TEST_STEP][PASSED] - delay(2): Delayed 2 second(s)

2019-07-02 17:19:46 - [MESSAGE][PASSED] - Delayed 2 second(s)

2019-07-02 17:19:46 - [TEST_STEP][PASSED] - click(findTestObject("OCS-MOBILE /Cannabis page/Dried flower - Indica dominant")): Object: 'Object Repository/OCS-MOBILE /Cannabis page/Dried flower - Indica dominant' is clicked on

2019-07-02 17:19:48 - [MESSAGE][PASSED] - Object: 'Object Repository/OCS-MOBILE /Cannabis page/Dried flower - Indica dominant' is clicked on

2019-07-02 17:19:48 - [TEST_STEP][PASSED] - delay(2): Delayed 2 second(s)

2019-07-02 17:19:50 - [MESSAGE][PASSED] - Delayed 2 second(s)

2019-07-02 17:19:50 - [MESSAGE][PASSED] - Call Test Case 'Test Cases/OCS - MOBILE/OCS-COLLECTION PAGE/calling test case' successfully

2019-07-02 17:19:50 - [TEST_STEP][PASSED] - click(findTestObject("OCS-MOBILE /Collection page/sort option")): Object: 'Object Repository/OCS-MOBILE /Collection page/sort option' is clicked on

2019-07-02 17:19:50 - [MESSAGE][PASSED] - Object: 'Object Repository/OCS-MOBILE /Collection page/sort option' is clicked on

2019-07-02 17:19:50 - [TEST_STEP][PASSED] - executeJavaScript("var previewBar = document.getElementById("preview-bar-iframe"); previewBar.style.display = "none";", []): Execute JavaScript 'var previewBar = document.getElementById("preview-bar-iframe"); previewBar.style.display = "none";' successfully

2019-07-02 17:19:50 - [MESSAGE][PASSED] - Execute JavaScript 'var previewBar = document.getElementById("preview-bar-iframe"); previewBar.style.display = "none";' successfully

2019-07-02 17:19:50 - [TEST_STEP][PASSED] - delay(1): Delayed 1 second(s)

2019-07-02 17:19:51 - [MESSAGE][PASSED] - Delayed 1 second(s)

2019-07-02 17:19:51 - [TEST_STEP][PASSED] - click(findTestObject("OCS-MOBILE /Collection page/Alphabetically Z - A")): Object: 'Object Repository/OCS-MOBILE /Collection page/Alphabetically Z - A' is clicked on

2019-07-02 17:19:51 - [MESSAGE][PASSED] - Object: 'Object Repository/OCS-MOBILE /Collection page/Alphabetically Z - A' is clicked on

2019-07-02 17:19:51 - [TEST_STEP][PASSED] - delay(1): Delayed 1 second(s)

2019-07-02 17:19:52 - [MESSAGE][PASSED] - Delayed 1 second(s)

2019-07-02 17:19:52 - [TEST_STEP][PASSED] - refresh(): Refresh successfully

2019-07-02 17:19:56 - [MESSAGE][PASSED] - Refresh successfully

2019-07-02 17:19:56 - [TEST_STEP][PASSED] - callTestCase(findTestCase("OCS - MOBILE/OCS-COLLECTION PAGE/calling test case"), [:], STOP_ON_FAILURE): Call Test Case 'Test Cases/OCS - MOBILE/OCS-COLLECTION PAGE/calling test case' successfully

2019-07-02 17:19:56 - [TEST_CASE][PASSED] - Test Cases/OCS - MOBILE/OCS-COLLECTION PAGE/calling test case: Test Cases/OCS - MOBILE/OCS-COLLECTION PAGE/calling test case

2019-07-02 17:19:56 - [TEST_STEP][PASSED] - delay(2): Delayed 2 second(s)

2019-07-02 17:19:58 - [MESSAGE][PASSED] - Delayed 2 second(s)

2019-07-02 17:19:58 - [TEST_STEP][PASSED] - click(findTestObject("OCS-MOBILE /Age gate and burger menu/Burger menu - English")): Object: 'Object Repository/OCS-MOBILE /Age gate and burger menu/Burger menu - English' is clicked on

2019-07-02 17:19:58 - [MESSAGE][PASSED] - Object: 'Object Repository/OCS-MOBILE /Age gate and burger menu/Burger menu - English' is clicked on

2019-07-02 17:19:58 - [TEST_STEP][PASSED] - delay(2): Delayed 2 second(s)

2019-07-02 17:20:00 - [MESSAGE][PASSED] - Delayed 2 second(s)

2019-07-02 17:20:00 - [TEST_STEP][PASSED] - click(findTestObject("OCS-MOBILE /Age gate and Mega menu/Chevron_Cannabis")): Object: 'Object Repository/OCS-MOBILE /Age gate and Mega menu/Chevron_Cannabis' is clicked on

2019-07-02 17:20:00 - [MESSAGE][PASSED] - Object: 'Object Repository/OCS-MOBILE /Age gate and Mega menu/Chevron_Cannabis' is clicked on

2019-07-02 17:20:00 - [TEST_STEP][PASSED] - delay(2): Delayed 2 second(s)

2019-07-02 17:20:02 - [MESSAGE][PASSED] - Delayed 2 second(s)

2019-07-02 17:20:02 - [TEST_STEP][PASSED] - click(findTestObject("OCS-MOBILE /Cannabis page/Dried flower")): Object: 'Object Repository/OCS-MOBILE /Cannabis page/Dried flower' is clicked on

2019-07-02 17:20:02 - [MESSAGE][PASSED] - Object: 'Object Repository/OCS-MOBILE /Cannabis page/Dried flower' is clicked on

2019-07-02 17:20:02 - [TEST_STEP][PASSED] - delay(2): Delayed 2 second(s)

2019-07-02 17:20:04 - [MESSAGE][PASSED] - Delayed 2 second(s)

2019-07-02 17:20:04 - [TEST_STEP][PASSED] - click(findTestObject("OCS-MOBILE /Cannabis page/Dried flower - Indica dominant")): Object: 'Object Repository/OCS-MOBILE /Cannabis page/Dried flower - Indica dominant' is clicked on

2019-07-02 17:20:06 - [MESSAGE][PASSED] - Object: 'Object Repository/OCS-MOBILE /Cannabis page/Dried flower - Indica dominant' is clicked on

2019-07-02 17:20:06 - [TEST_STEP][PASSED] - delay(2): Delayed 2 second(s)

2019-07-02 17:20:08 - [MESSAGE][PASSED] - Delayed 2 second(s)

2019-07-02 17:20:08 - [MESSAGE][PASSED] - Call Test Case 'Test Cases/OCS - MOBILE/OCS-COLLECTION PAGE/calling test case' successfully

2019-07-02 17:20:08 - [TEST_STEP][PASSED] - click(findTestObject("OCS-MOBILE /Collection page/sort option")): Object: 'Object Repository/OCS-MOBILE /Collection page/sort option' is clicked on

2019-07-02 17:20:08 - [MESSAGE][PASSED] - Object: 'Object Repository/OCS-MOBILE /Collection page/sort option' is clicked on

2019-07-02 17:20:08 - [TEST_STEP][PASSED] - delay(1): Delayed 1 second(s)

2019-07-02 17:20:09 - [MESSAGE][PASSED] - Delayed 1 second(s)

2019-07-02 17:20:09 - [TEST_STEP][PASSED] - setViewPortSize(1000, 800, OPTIONAL): Viewport is set to new size with width = 1000 and height = 800

2019-07-02 17:20:09 - [MESSAGE][PASSED] - Viewport is set to new size with width = 1000 and height = 800

2019-07-02 17:20:09 - [TEST_STEP][PASSED] - delay(2, OPTIONAL): Delayed 2 second(s)

2019-07-02 17:20:11 - [MESSAGE][PASSED] - Delayed 2 second(s)

2019-07-02 17:20:11 - [TEST_STEP][PASSED] - click(findTestObject("Theme_oR/Page_Ontario Cannabis Store  Ontari/button_Hide bar"), OPTIONAL): Unable to click on object (Root cause: java.lang.IllegalArgumentException: Object is null)

2019-07-02 17:20:11 - [MESSAGE][WARNING] - Test object with id 'Object Repository/Theme_oR/Page_Ontario Cannabis Store  Ontari/button_Hide bar' does not exist

2019-07-02 17:20:11 - [MESSAGE][WARNING] - Test object with id 'Object Repository/' does not exist

2019-07-02 17:20:12 - [MESSAGE][WARNING] - Unable to click on object (Root cause: java.lang.IllegalArgumentException: Object is null)
[[ATTACHMENT|/Users/sumankompelly/Relative xpath-Mobile/Reports/1.11.1/20190702_161421/1562102411829.png]]

2019-07-02 17:20:12 - [TEST_STEP][PASSED] - delay(2, OPTIONAL): Delayed 2 second(s)

2019-07-02 17:20:14 - [MESSAGE][PASSED] - Delayed 2 second(s)

2019-07-02 17:20:14 - [TEST_STEP][PASSED] - setViewPortSize(360, 800, OPTIONAL): Viewport is set to new size with width = 360 and height = 800

2019-07-02 17:20:14 - [MESSAGE][PASSED] - Viewport is set to new size with width = 360 and height = 800

2019-07-02 17:20:14 - [TEST_STEP][PASSED] - delay(1, OPTIONAL): Delayed 1 second(s)

2019-07-02 17:20:15 - [MESSAGE][PASSED] - Delayed 1 second(s)

2019-07-02 17:20:15 - [TEST_STEP][PASSED] - executeJavaScript("var previewBar = document.getElementById("preview-bar-iframe"); previewBar.style.display = "none";", []): Execute JavaScript 'var previewBar = document.getElementById("preview-bar-iframe"); previewBar.style.display = "none";' successfully

2019-07-02 17:20:15 - [MESSAGE][PASSED] - Execute JavaScript 'var previewBar = document.getElementById("preview-bar-iframe"); previewBar.style.display = "none";' successfully

2019-07-02 17:20:15 - [TEST_STEP][FAILED] - click(findTestObject("OCS-MOBILE /Collection page/CBD Low to High")): click(findTestObject("OCS-MOBILE /Collection page/CBD Low to High")) FAILED.
Reason:
com.kms.katalon.core.exception.StepFailedException: Unable to click on object 'Object Repository/OCS-MOBILE /Collection page/CBD Low to High' (Root cause: org.openqa.selenium.WebDriverException: unknown error: Element <label for="sort-by-cbd-content-asc" tabindex="0">...</label> is not clickable at point (241, 36). Other element would receive the click: <div class="menu-bar__left-wrapper">...</div>
  (Session info: chrome=75.0.3770.100)
  (Driver info: chromedriver=2.43.600229 (3fae4d0cda5334b4f533bede5a4787f7b832d052),platform=Mac OS X 10.13.6 x86_64) (WARNING: The server did not provide any stacktrace information)
Command duration or timeout: 0 milliseconds
Build info: version: '3.7.1', revision: '8a0099a', time: '2017-11-06T21:07:36.161Z'
System info: host: 'sumans-MacBook-Pro.local', ip: 'fe80:0:0:0:98:5ae9:edb9:537f%en0', os.name: 'Mac OS X', os.arch: 'x86_64', os.version: '10.13.6', java.version: '1.8.0_181'
Driver info: com.kms.katalon.selenium.driver.CChromeDriver
Capabilities {acceptInsecureCerts: false, acceptSslCerts: false, applicationCacheEnabled: false, browserConnectionEnabled: false, browserName: chrome, chrome: {chromedriverVersion: 2.43.600229 (3fae4d0cda5334..., userDataDir: /var/folders/1t/c55l8xzs6gq...}, cssSelectorsEnabled: true, databaseEnabled: false, goog:chromeOptions: {debuggerAddress: localhost:56716}, handlesAlerts: true, hasTouchScreen: false, javascriptEnabled: true, locationContextEnabled: true, mobileEmulationEnabled: false, nativeEvents: true, networkConnectionEnabled: false, pageLoadStrategy: normal, platform: MAC, platformName: MAC, rotatable: false, setWindowRect: true, takesHeapSnapshot: true, takesScreenshot: true, unexpectedAlertBehaviour: , unhandledPromptBehavior: , version: 75.0.3770.100, webStorageEnabled: true}
Session ID: b21d17788aa540bf53a283262061025f)
	at com.kms.katalon.core.keyword.internal.KeywordMain.stepFailed(KeywordMain.groovy:36)
	at com.kms.katalon.core.webui.keyword.internal.WebUIKeywordMain.stepFailed(WebUIKeywordMain.groovy:65)
	at com.kms.katalon.core.webui.keyword.internal.WebUIKeywordMain.runKeyword(WebUIKeywordMain.groovy:27)
	at com.kms.katalon.core.webui.keyword.builtin.ClickKeyword.click(ClickKeyword.groovy:86)
	at com.kms.katalon.core.webui.keyword.builtin.ClickKeyword.execute(ClickKeyword.groovy:67)
	at com.kms.katalon.core.keyword.internal.KeywordExecutor.executeKeywordForPlatform(KeywordExecutor.groovy:53)
	at com.kms.katalon.core.webui.keyword.WebUiBuiltInKeywords.click(WebUiBuiltInKeywords.groovy:616)
	at com.kms.katalon.core.webui.keyword.WebUiBuiltInKeywords$click$4.call(Unknown Source)
	at Sort.run(Sort:112)
	at com.kms.katalon.core.main.ScriptEngine.run(ScriptEngine.java:194)
	at com.kms.katalon.core.main.ScriptEngine.runScriptAsRawText(ScriptEngine.java:119)
	at com.kms.katalon.core.main.TestCaseExecutor.runScript(TestCaseExecutor.java:328)
	at com.kms.katalon.core.main.TestCaseExecutor.doExecute(TestCaseExecutor.java:319)
	at com.kms.katalon.core.main.TestCaseExecutor.processExecutionPhase(TestCaseExecutor.java:298)
	at com.kms.katalon.core.main.TestCaseExecutor.accessMainPhase(TestCaseExecutor.java:290)
	at com.kms.katalon.core.main.TestCaseExecutor.execute(TestCaseExecutor.java:224)
	at com.kms.katalon.core.main.TestSuiteExecutor.accessTestCaseMainPhase(TestSuiteExecutor.java:129)
	at com.kms.katalon.core.main.TestSuiteExecutor.accessTestSuiteMainPhase(TestSuiteExecutor.java:112)
	at com.kms.katalon.core.main.TestSuiteExecutor.execute(TestSuiteExecutor.java:81)
	at com.kms.katalon.core.main.TestCaseMain.startTestSuite(TestCaseMain.java:149)
	at com.kms.katalon.core.main.TestCaseMain$startTestSuite$0.call(Unknown Source)
	at TempTestSuite1562098461396.run(TempTestSuite1562098461396.groovy:36)


2019-07-02 17:20:15 - [MESSAGE][FAILED] - Unable to click on object 'Object Repository/OCS-MOBILE /Collection page/CBD Low to High' (Root cause: org.openqa.selenium.WebDriverException: unknown error: Element <label for="sort-by-cbd-content-asc" tabindex="0">...</label> is not clickable at point (241, 36). Other element would receive the click: <div class="menu-bar__left-wrapper">...</div>
  (Session info: chrome=75.0.3770.100)
  (Driver info: chromedriver=2.43.600229 (3fae4d0cda5334b4f533bede5a4787f7b832d052),platform=Mac OS X 10.13.6 x86_64) (WARNING: The server did not provide any stacktrace information)
Command duration or timeout: 0 milliseconds
Build info: version: '3.7.1', revision: '8a0099a', time: '2017-11-06T21:07:36.161Z'
System info: host: 'sumans-MacBook-Pro.local', ip: 'fe80:0:0:0:98:5ae9:edb9:537f%en0', os.name: 'Mac OS X', os.arch: 'x86_64', os.version: '10.13.6', java.version: '1.8.0_181'
Driver info: com.kms.katalon.selenium.driver.CChromeDriver
Capabilities {acceptInsecureCerts: false, acceptSslCerts: false, applicationCacheEnabled: false, browserConnectionEnabled: false, browserName: chrome, chrome: {chromedriverVersion: 2.43.600229 (3fae4d0cda5334..., userDataDir: /var/folders/1t/c55l8xzs6gq...}, cssSelectorsEnabled: true, databaseEnabled: false, goog:chromeOptions: {debuggerAddress: localhost:56716}, handlesAlerts: true, hasTouchScreen: false, javascriptEnabled: true, locationContextEnabled: true, mobileEmulationEnabled: false, nativeEvents: true, networkConnectionEnabled: false, pageLoadStrategy: normal, platform: MAC, platformName: MAC, rotatable: false, setWindowRect: true, takesHeapSnapshot: true, takesScreenshot: true, unexpectedAlertBehaviour: , unhandledPromptBehavior: , version: 75.0.3770.100, webStorageEnabled: true}
Session ID: b21d17788aa540bf53a283262061025f)
[[ATTACHMENT|/Users/sumankompelly/Relative xpath-Mobile/Reports/1.11.1/20190702_161421/1562102415263.png]]

2019-07-02 17:20:15 - [MESSAGE][FAILED] - click(findTestObject("OCS-MOBILE /Collection page/CBD Low to High")) FAILED.
Reason:
com.kms.katalon.core.exception.StepFailedException: Unable to click on object 'Object Repository/OCS-MOBILE /Collection page/CBD Low to High' (Root cause: org.openqa.selenium.WebDriverException: unknown error: Element <label for="sort-by-cbd-content-asc" tabindex="0">...</label> is not clickable at point (241, 36). Other element would receive the click: <div class="menu-bar__left-wrapper">...</div>
  (Session info: chrome=75.0.3770.100)
  (Driver info: chromedriver=2.43.600229 (3fae4d0cda5334b4f533bede5a4787f7b832d052),platform=Mac OS X 10.13.6 x86_64) (WARNING: The server did not provide any stacktrace information)
Command duration or timeout: 0 milliseconds
Build info: version: '3.7.1', revision: '8a0099a', time: '2017-11-06T21:07:36.161Z'
System info: host: 'sumans-MacBook-Pro.local', ip: 'fe80:0:0:0:98:5ae9:edb9:537f%en0', os.name: 'Mac OS X', os.arch: 'x86_64', os.version: '10.13.6', java.version: '1.8.0_181'
Driver info: com.kms.katalon.selenium.driver.CChromeDriver
Capabilities {acceptInsecureCerts: false, acceptSslCerts: false, applicationCacheEnabled: false, browserConnectionEnabled: false, browserName: chrome, chrome: {chromedriverVersion: 2.43.600229 (3fae4d0cda5334..., userDataDir: /var/folders/1t/c55l8xzs6gq...}, cssSelectorsEnabled: true, databaseEnabled: false, goog:chromeOptions: {debuggerAddress: localhost:56716}, handlesAlerts: true, hasTouchScreen: false, javascriptEnabled: true, locationContextEnabled: true, mobileEmulationEnabled: false, nativeEvents: true, networkConnectionEnabled: false, pageLoadStrategy: normal, platform: MAC, platformName: MAC, rotatable: false, setWindowRect: true, takesHeapSnapshot: true, takesScreenshot: true, unexpectedAlertBehaviour: , unhandledPromptBehavior: , version: 75.0.3770.100, webStorageEnabled: true}
Session ID: b21d17788aa540bf53a283262061025f)
	at com.kms.katalon.core.keyword.internal.KeywordMain.stepFailed(KeywordMain.groovy:36)
	at com.kms.katalon.core.webui.keyword.internal.WebUIKeywordMain.stepFailed(WebUIKeywordMain.groovy:65)
	at com.kms.katalon.core.webui.keyword.internal.WebUIKeywordMain.runKeyword(WebUIKeywordMain.groovy:27)
	at com.kms.katalon.core.webui.keyword.builtin.ClickKeyword.click(ClickKeyword.groovy:86)
	at com.kms.katalon.core.webui.keyword.builtin.ClickKeyword.execute(ClickKeyword.groovy:67)
	at com.kms.katalon.core.keyword.internal.KeywordExecutor.executeKeywordForPlatform(KeywordExecutor.groovy:53)
	at com.kms.katalon.core.webui.keyword.WebUiBuiltInKeywords.click(WebUiBuiltInKeywords.groovy:616)
	at com.kms.katalon.core.webui.keyword.WebUiBuiltInKeywords$click$4.call(Unknown Source)
	at Sort.run(Sort:112)
	at com.kms.katalon.core.main.ScriptEngine.run(ScriptEngine.java:194)
	at com.kms.katalon.core.main.ScriptEngine.runScriptAsRawText(ScriptEngine.java:119)
	at com.kms.katalon.core.main.TestCaseExecutor.runScript(TestCaseExecutor.java:328)
	at com.kms.katalon.core.main.TestCaseExecutor.doExecute(TestCaseExecutor.java:319)
	at com.kms.katalon.core.main.TestCaseExecutor.processExecutionPhase(TestCaseExecutor.java:298)
	at com.kms.katalon.core.main.TestCaseExecutor.accessMainPhase(TestCaseExecutor.java:290)
	at com.kms.katalon.core.main.TestCaseExecutor.execute(TestCaseExecutor.java:224)
	at com.kms.katalon.core.main.TestSuiteExecutor.accessTestCaseMainPhase(TestSuiteExecutor.java:129)
	at com.kms.katalon.core.main.TestSuiteExecutor.accessTestSuiteMainPhase(TestSuiteExecutor.java:112)
	at com.kms.katalon.core.main.TestSuiteExecutor.execute(TestSuiteExecutor.java:81)
	at com.kms.katalon.core.main.TestCaseMain.startTestSuite(TestCaseMain.java:149)
	at com.kms.katalon.core.main.TestCaseMain$startTestSuite$0.call(Unknown Source)
	at TempTestSuite1562098461396.run(TempTestSuite1562098461396.groovy:36)]]></system-out>
         <system-err><![CDATA[2019-07-02 17:18:34 - [TEST_CASE][FAILED] - Test Cases/OCS - MOBILE/OCS-COLLECTION PAGE/Sort: Test Cases/OCS - MOBILE/OCS-COLLECTION PAGE/Sort FAILED.
Reason:
com.kms.katalon.core.exception.StepFailedException: Unable to click on object 'Object Repository/OCS-MOBILE /Collection page/CBD Low to High' (Root cause: org.openqa.selenium.WebDriverException: unknown error: Element <label for="sort-by-cbd-content-asc" tabindex="0">...</label> is not clickable at point (241, 36). Other element would receive the click: <div class="menu-bar__left-wrapper">...</div>
  (Session info: chrome=75.0.3770.100)
  (Driver info: chromedriver=2.43.600229 (3fae4d0cda5334b4f533bede5a4787f7b832d052),platform=Mac OS X 10.13.6 x86_64) (WARNING: The server did not provide any stacktrace information)
Command duration or timeout: 0 milliseconds
Build info: version: '3.7.1', revision: '8a0099a', time: '2017-11-06T21:07:36.161Z'
System info: host: 'sumans-MacBook-Pro.local', ip: 'fe80:0:0:0:98:5ae9:edb9:537f%en0', os.name: 'Mac OS X', os.arch: 'x86_64', os.version: '10.13.6', java.version: '1.8.0_181'
Driver info: com.kms.katalon.selenium.driver.CChromeDriver
Capabilities {acceptInsecureCerts: false, acceptSslCerts: false, applicationCacheEnabled: false, browserConnectionEnabled: false, browserName: chrome, chrome: {chromedriverVersion: 2.43.600229 (3fae4d0cda5334..., userDataDir: /var/folders/1t/c55l8xzs6gq...}, cssSelectorsEnabled: true, databaseEnabled: false, goog:chromeOptions: {debuggerAddress: localhost:56716}, handlesAlerts: true, hasTouchScreen: false, javascriptEnabled: true, locationContextEnabled: true, mobileEmulationEnabled: false, nativeEvents: true, networkConnectionEnabled: false, pageLoadStrategy: normal, platform: MAC, platformName: MAC, rotatable: false, setWindowRect: true, takesHeapSnapshot: true, takesScreenshot: true, unexpectedAlertBehaviour: , unhandledPromptBehavior: , version: 75.0.3770.100, webStorageEnabled: true}
Session ID: b21d17788aa540bf53a283262061025f)
	at com.kms.katalon.core.keyword.internal.KeywordMain.stepFailed(KeywordMain.groovy:36)
	at com.kms.katalon.core.webui.keyword.internal.WebUIKeywordMain.stepFailed(WebUIKeywordMain.groovy:65)
	at com.kms.katalon.core.webui.keyword.internal.WebUIKeywordMain.runKeyword(WebUIKeywordMain.groovy:27)
	at com.kms.katalon.core.webui.keyword.builtin.ClickKeyword.click(ClickKeyword.groovy:86)
	at com.kms.katalon.core.webui.keyword.builtin.ClickKeyword.execute(ClickKeyword.groovy:67)
	at com.kms.katalon.core.keyword.internal.KeywordExecutor.executeKeywordForPlatform(KeywordExecutor.groovy:53)
	at com.kms.katalon.core.webui.keyword.WebUiBuiltInKeywords.click(WebUiBuiltInKeywords.groovy:616)
	at com.kms.katalon.core.webui.keyword.WebUiBuiltInKeywords$click$4.call(Unknown Source)
	at Sort.run(Sort:112)
	at com.kms.katalon.core.main.ScriptEngine.run(ScriptEngine.java:194)
	at com.kms.katalon.core.main.ScriptEngine.runScriptAsRawText(ScriptEngine.java:119)
	at com.kms.katalon.core.main.TestCaseExecutor.runScript(TestCaseExecutor.java:328)
	at com.kms.katalon.core.main.TestCaseExecutor.doExecute(TestCaseExecutor.java:319)
	at com.kms.katalon.core.main.TestCaseExecutor.processExecutionPhase(TestCaseExecutor.java:298)
	at com.kms.katalon.core.main.TestCaseExecutor.accessMainPhase(TestCaseExecutor.java:290)
	at com.kms.katalon.core.main.TestCaseExecutor.execute(TestCaseExecutor.java:224)
	at com.kms.katalon.core.main.TestSuiteExecutor.accessTestCaseMainPhase(TestSuiteExecutor.java:129)
	at com.kms.katalon.core.main.TestSuiteExecutor.accessTestSuiteMainPhase(TestSuiteExecutor.java:112)
	at com.kms.katalon.core.main.TestSuiteExecutor.execute(TestSuiteExecutor.java:81)
	at com.kms.katalon.core.main.TestCaseMain.startTestSuite(TestCaseMain.java:149)
	at com.kms.katalon.core.main.TestCaseMain$startTestSuite$0.call(Unknown Source)
	at TempTestSuite1562098461396.run(TempTestSuite1562098461396.groovy:36)]]></system-err>
      </testcase>
      <testcase name="Test Cases/OCS - MOBILE/OCS-COLLECTION PAGE/Chevron dropdown" classname="Test Cases/OCS - MOBILE/OCS-COLLECTION PAGE/Chevron dropdown" status="PASSED">
         <system-out><![CDATA[2019-07-02 17:20:15 - [TEST_CASE][PASSED] - Test Cases/OCS - MOBILE/OCS-COLLECTION PAGE/Chevron dropdown: Test Cases/OCS - MOBILE/OCS-COLLECTION PAGE/Chevron dropdown

2019-07-02 17:20:15 - [TEST_STEP][PASSED] - callTestCase(findTestCase("OCS - MOBILE/CALL - AGE GATE"), [:], STOP_ON_FAILURE): Call Test Case 'Test Cases/OCS - MOBILE/CALL - AGE GATE' successfully

2019-07-02 17:20:15 - [TEST_CASE][PASSED] - Test Cases/OCS - MOBILE/CALL - AGE GATE: Test Cases/OCS - MOBILE/CALL - AGE GATE

2019-07-02 17:20:15 - [TEST_STEP][PASSED] - openBrowser(""): Browser is opened with url: ''

2019-07-02 17:20:15 - [MESSAGE][WARNING] - A browser is already opened. Closing browser and opening a new one

2019-07-02 17:20:15 - [MESSAGE][INFO] - Starting 'Chrome' driver

2019-07-02 17:20:17 - [MESSAGE][PASSED] - Browser is opened with url: ''

2019-07-02 17:20:17 - [TEST_STEP][PASSED] - navigateToUrl("https://ocs.ca/?fts=0&preview_theme_id=74203301708"): Navigate to 'https://ocs.ca/?fts=0&preview_theme_id=74203301708' successfully

2019-07-02 17:20:21 - [MESSAGE][PASSED] - Navigate to 'https://ocs.ca/?fts=0&preview_theme_id=74203301708' successfully

2019-07-02 17:20:21 - [TEST_STEP][PASSED] - executeJavaScript("var previewBar = document.getElementById("preview-bar-iframe"); previewBar.style.display = "none";", []): Execute JavaScript 'var previewBar = document.getElementById("preview-bar-iframe"); previewBar.style.display = "none";' successfully

2019-07-02 17:20:21 - [MESSAGE][PASSED] - Execute JavaScript 'var previewBar = document.getElementById("preview-bar-iframe"); previewBar.style.display = "none";' successfully

2019-07-02 17:20:21 - [TEST_STEP][PASSED] - setViewPortSize(360, 800): Viewport is set to new size with width = 360 and height = 800

2019-07-02 17:20:21 - [MESSAGE][PASSED] - Viewport is set to new size with width = 360 and height = 800

2019-07-02 17:20:21 - [TEST_STEP][PASSED] - delay(4): Delayed 4 second(s)

2019-07-02 17:20:25 - [MESSAGE][PASSED] - Delayed 4 second(s)

2019-07-02 17:20:25 - [TEST_STEP][PASSED] - selectOptionByValue(findTestObject("OCS-MOBILE /Age gate and burger menu/Date"), "12", true): All options with value '12' are selected in object 'Object Repository/OCS-MOBILE /Age gate and burger menu/Date'  using regular expression

2019-07-02 17:20:25 - [MESSAGE][PASSED] - All options with value '12' are selected in object 'Object Repository/OCS-MOBILE /Age gate and burger menu/Date'  using regular expression

2019-07-02 17:20:25 - [TEST_STEP][PASSED] - selectOptionByValue(findTestObject("OCS-MOBILE /Age gate and burger menu/month"), "6", true): All options with value '6' are selected in object 'Object Repository/OCS-MOBILE /Age gate and burger menu/month'  using regular expression

2019-07-02 17:20:26 - [MESSAGE][PASSED] - All options with value '6' are selected in object 'Object Repository/OCS-MOBILE /Age gate and burger menu/month'  using regular expression

2019-07-02 17:20:26 - [TEST_STEP][PASSED] - delay(2): Delayed 2 second(s)

2019-07-02 17:20:28 - [MESSAGE][PASSED] - Delayed 2 second(s)

2019-07-02 17:20:28 - [TEST_STEP][PASSED] - selectOptionByValue(findTestObject("OCS-MOBILE /Age gate and burger menu/Year Dropdown"), "1990", true): All options with value '1990' are selected in object 'Object Repository/OCS-MOBILE /Age gate and burger menu/Year Dropdown'  using regular expression

2019-07-02 17:20:29 - [MESSAGE][PASSED] - All options with value '1990' are selected in object 'Object Repository/OCS-MOBILE /Age gate and burger menu/Year Dropdown'  using regular expression

2019-07-02 17:20:29 - [TEST_STEP][PASSED] - click(findTestObject("OCS-MOBILE /Age gate and Mega menu/button_Verify")): Object: 'Object Repository/OCS-MOBILE /Age gate and Mega menu/button_Verify' is clicked on

2019-07-02 17:20:29 - [MESSAGE][PASSED] - Object: 'Object Repository/OCS-MOBILE /Age gate and Mega menu/button_Verify' is clicked on

2019-07-02 17:20:29 - [TEST_STEP][PASSED] - click(findTestObject("OCS-MOBILE /Age gate and Mega menu/Checkbox_CONFIRM AND ACKNOWLEDGE")): Object: 'Object Repository/OCS-MOBILE /Age gate and Mega menu/Checkbox_CONFIRM AND ACKNOWLEDGE' is clicked on

2019-07-02 17:20:29 - [MESSAGE][PASSED] - Object: 'Object Repository/OCS-MOBILE /Age gate and Mega menu/Checkbox_CONFIRM AND ACKNOWLEDGE' is clicked on

2019-07-02 17:20:29 - [TEST_STEP][PASSED] - click(findTestObject("OCS-MOBILE /Age gate and Mega menu/button_CONFIRM")): Object: 'Object Repository/OCS-MOBILE /Age gate and Mega menu/button_CONFIRM' is clicked on

2019-07-02 17:20:29 - [MESSAGE][PASSED] - Object: 'Object Repository/OCS-MOBILE /Age gate and Mega menu/button_CONFIRM' is clicked on

2019-07-02 17:20:29 - [TEST_STEP][PASSED] - click(findTestObject("OCS-MOBILE /Age gate and Mega menu/button_Start Browsing")): Object: 'Object Repository/OCS-MOBILE /Age gate and Mega menu/button_Start Browsing' is clicked on

2019-07-02 17:20:29 - [MESSAGE][PASSED] - Object: 'Object Repository/OCS-MOBILE /Age gate and Mega menu/button_Start Browsing' is clicked on

2019-07-02 17:20:29 - [TEST_STEP][PASSED] - refresh(): Refresh successfully

2019-07-02 17:20:29 - [MESSAGE][PASSED] - Refresh successfully

2019-07-02 17:20:29 - [TEST_STEP][PASSED] - executeJavaScript("var previewBar = document.getElementById("preview-bar-iframe"); previewBar.style.display = "none";", []): Execute JavaScript 'var previewBar = document.getElementById("preview-bar-iframe"); previewBar.style.display = "none";' successfully

2019-07-02 17:20:32 - [MESSAGE][PASSED] - Execute JavaScript 'var previewBar = document.getElementById("preview-bar-iframe"); previewBar.style.display = "none";' successfully

2019-07-02 17:20:32 - [MESSAGE][PASSED] - Call Test Case 'Test Cases/OCS - MOBILE/CALL - AGE GATE' successfully

2019-07-02 17:20:32 - [TEST_STEP][PASSED] - delay(2): Delayed 2 second(s)

2019-07-02 17:20:34 - [MESSAGE][PASSED] - Delayed 2 second(s)

2019-07-02 17:20:34 - [TEST_STEP][PASSED] - click(findTestObject("OCS-MOBILE /Age gate and burger menu/Burger menu - English")): Object: 'Object Repository/OCS-MOBILE /Age gate and burger menu/Burger menu - English' is clicked on

2019-07-02 17:20:34 - [MESSAGE][PASSED] - Object: 'Object Repository/OCS-MOBILE /Age gate and burger menu/Burger menu - English' is clicked on

2019-07-02 17:20:34 - [TEST_STEP][PASSED] - delay(2): Delayed 2 second(s)

2019-07-02 17:20:36 - [MESSAGE][PASSED] - Delayed 2 second(s)

2019-07-02 17:20:36 - [TEST_STEP][PASSED] - click(findTestObject("OCS-MOBILE /Age gate and Mega menu/Chevron_Cannabis")): Object: 'Object Repository/OCS-MOBILE /Age gate and Mega menu/Chevron_Cannabis' is clicked on

2019-07-02 17:20:36 - [MESSAGE][PASSED] - Object: 'Object Repository/OCS-MOBILE /Age gate and Mega menu/Chevron_Cannabis' is clicked on

2019-07-02 17:20:36 - [TEST_STEP][PASSED] - delay(2): Delayed 2 second(s)

2019-07-02 17:20:38 - [MESSAGE][PASSED] - Delayed 2 second(s)

2019-07-02 17:20:38 - [TEST_STEP][PASSED] - click(findTestObject("OCS-MOBILE /Cannabis page/Dried flower")): Object: 'Object Repository/OCS-MOBILE /Cannabis page/Dried flower' is clicked on

2019-07-02 17:20:38 - [MESSAGE][PASSED] - Object: 'Object Repository/OCS-MOBILE /Cannabis page/Dried flower' is clicked on

2019-07-02 17:20:38 - [TEST_STEP][PASSED] - delay(2): Delayed 2 second(s)

2019-07-02 17:20:40 - [MESSAGE][PASSED] - Delayed 2 second(s)

2019-07-02 17:20:40 - [TEST_STEP][PASSED] - click(findTestObject("OCS-MOBILE /Cannabis page/Dried flower - Indica dominant")): Object: 'Object Repository/OCS-MOBILE /Cannabis page/Dried flower - Indica dominant' is clicked on

2019-07-02 17:20:42 - [MESSAGE][PASSED] - Object: 'Object Repository/OCS-MOBILE /Cannabis page/Dried flower - Indica dominant' is clicked on

2019-07-02 17:20:42 - [TEST_STEP][PASSED] - delay(2): Delayed 2 second(s)

2019-07-02 17:20:44 - [MESSAGE][PASSED] - Delayed 2 second(s)

2019-07-02 17:20:44 - [TEST_STEP][PASSED] - click(findTestObject("OCS-MOBILE /Collection page/dropdown")): Object: 'Object Repository/OCS-MOBILE /Collection page/dropdown' is clicked on

2019-07-02 17:20:44 - [MESSAGE][PASSED] - Object: 'Object Repository/OCS-MOBILE /Collection page/dropdown' is clicked on

2019-07-02 17:20:44 - [TEST_STEP][PASSED] - delay(2): Delayed 2 second(s)

2019-07-02 17:20:46 - [MESSAGE][PASSED] - Delayed 2 second(s)

2019-07-02 17:20:46 - [TEST_STEP][PASSED] - flag = verifyElementPresent(findTestObject("OCS-MOBILE /Collection page/element inside"), 0): Object 'Object Repository/OCS-MOBILE /Collection page/element inside' is present

2019-07-02 17:20:46 - [MESSAGE][WARNING] - Timeout '0' is invalid. Using default page load timeout: '30'

2019-07-02 17:20:46 - [MESSAGE][PASSED] - Object 'Object Repository/OCS-MOBILE /Collection page/element inside' is present

2019-07-02 17:20:46 - [TEST_STEP][PASSED] - comment("flag=" + flag): flag=true

2019-07-02 17:20:46 - [MESSAGE][INFO] - flag=true

2019-07-02 17:20:46 - [TEST_STEP][PASSED] - if (flag == true): a=Dried Flower

2019-07-02 17:20:46 - [TEST_STEP][PASSED] - a = getText(findTestObject("OCS-MOBILE /Collection page/print element inside")): Text of object 'Object Repository/OCS-MOBILE /Collection page/print element inside' is: 'Dried Flower'

2019-07-02 17:20:46 - [MESSAGE][PASSED] - Text of object 'Object Repository/OCS-MOBILE /Collection page/print element inside' is: 'Dried Flower'

2019-07-02 17:20:46 - [TEST_STEP][PASSED] - comment("a=" + a): a=Dried Flower

2019-07-02 17:20:46 - [MESSAGE][INFO] - a=Dried Flower

2019-07-02 17:20:46 - [TEST_STEP][PASSED] - delay(2): Delayed 2 second(s)

2019-07-02 17:20:48 - [MESSAGE][PASSED] - Delayed 2 second(s)

2019-07-02 17:20:48 - [TEST_STEP][PASSED] - click(findTestObject("OCS-MOBILE /Collection page/dropdown")): Object: 'Object Repository/OCS-MOBILE /Collection page/dropdown' is clicked on

2019-07-02 17:20:48 - [MESSAGE][PASSED] - Object: 'Object Repository/OCS-MOBILE /Collection page/dropdown' is clicked on]]></system-out>
         <system-err><![CDATA[]]></system-err>
      </testcase>
      <testcase name="Test Cases/OCS - MOBILE/OCS-COLLECTION PAGE/What to consider" classname="Test Cases/OCS - MOBILE/OCS-COLLECTION PAGE/What to consider" status="PASSED">
         <system-out><![CDATA[2019-07-02 17:20:48 - [TEST_CASE][PASSED] - Test Cases/OCS - MOBILE/OCS-COLLECTION PAGE/What to consider: Test Cases/OCS - MOBILE/OCS-COLLECTION PAGE/What to consider

2019-07-02 17:20:48 - [TEST_STEP][PASSED] - callTestCase(findTestCase("OCS - MOBILE/CALL - AGE GATE"), [:], STOP_ON_FAILURE): Call Test Case 'Test Cases/OCS - MOBILE/CALL - AGE GATE' successfully

2019-07-02 17:20:48 - [TEST_CASE][PASSED] - Test Cases/OCS - MOBILE/CALL - AGE GATE: Test Cases/OCS - MOBILE/CALL - AGE GATE

2019-07-02 17:20:48 - [TEST_STEP][PASSED] - openBrowser(""): Browser is opened with url: ''

2019-07-02 17:20:48 - [MESSAGE][WARNING] - A browser is already opened. Closing browser and opening a new one

2019-07-02 17:20:49 - [MESSAGE][INFO] - Starting 'Chrome' driver

2019-07-02 17:20:50 - [MESSAGE][PASSED] - Browser is opened with url: ''

2019-07-02 17:20:50 - [TEST_STEP][PASSED] - navigateToUrl("https://ocs.ca/?fts=0&preview_theme_id=74203301708"): Navigate to 'https://ocs.ca/?fts=0&preview_theme_id=74203301708' successfully

2019-07-02 17:20:54 - [MESSAGE][PASSED] - Navigate to 'https://ocs.ca/?fts=0&preview_theme_id=74203301708' successfully

2019-07-02 17:20:54 - [TEST_STEP][PASSED] - executeJavaScript("var previewBar = document.getElementById("preview-bar-iframe"); previewBar.style.display = "none";", []): Execute JavaScript 'var previewBar = document.getElementById("preview-bar-iframe"); previewBar.style.display = "none";' successfully

2019-07-02 17:20:54 - [MESSAGE][PASSED] - Execute JavaScript 'var previewBar = document.getElementById("preview-bar-iframe"); previewBar.style.display = "none";' successfully

2019-07-02 17:20:54 - [TEST_STEP][PASSED] - setViewPortSize(360, 800): Viewport is set to new size with width = 360 and height = 800

2019-07-02 17:20:55 - [MESSAGE][PASSED] - Viewport is set to new size with width = 360 and height = 800

2019-07-02 17:20:55 - [TEST_STEP][PASSED] - delay(4): Delayed 4 second(s)

2019-07-02 17:20:59 - [MESSAGE][PASSED] - Delayed 4 second(s)

2019-07-02 17:20:59 - [TEST_STEP][PASSED] - selectOptionByValue(findTestObject("OCS-MOBILE /Age gate and burger menu/Date"), "12", true): All options with value '12' are selected in object 'Object Repository/OCS-MOBILE /Age gate and burger menu/Date'  using regular expression

2019-07-02 17:20:59 - [MESSAGE][PASSED] - All options with value '12' are selected in object 'Object Repository/OCS-MOBILE /Age gate and burger menu/Date'  using regular expression

2019-07-02 17:20:59 - [TEST_STEP][PASSED] - selectOptionByValue(findTestObject("OCS-MOBILE /Age gate and burger menu/month"), "6", true): All options with value '6' are selected in object 'Object Repository/OCS-MOBILE /Age gate and burger menu/month'  using regular expression

2019-07-02 17:20:59 - [MESSAGE][PASSED] - All options with value '6' are selected in object 'Object Repository/OCS-MOBILE /Age gate and burger menu/month'  using regular expression

2019-07-02 17:20:59 - [TEST_STEP][PASSED] - delay(2): Delayed 2 second(s)

2019-07-02 17:21:01 - [MESSAGE][PASSED] - Delayed 2 second(s)

2019-07-02 17:21:01 - [TEST_STEP][PASSED] - selectOptionByValue(findTestObject("OCS-MOBILE /Age gate and burger menu/Year Dropdown"), "1990", true): All options with value '1990' are selected in object 'Object Repository/OCS-MOBILE /Age gate and burger menu/Year Dropdown'  using regular expression

2019-07-02 17:21:02 - [MESSAGE][PASSED] - All options with value '1990' are selected in object 'Object Repository/OCS-MOBILE /Age gate and burger menu/Year Dropdown'  using regular expression

2019-07-02 17:21:02 - [TEST_STEP][PASSED] - click(findTestObject("OCS-MOBILE /Age gate and Mega menu/button_Verify")): Object: 'Object Repository/OCS-MOBILE /Age gate and Mega menu/button_Verify' is clicked on

2019-07-02 17:21:02 - [MESSAGE][PASSED] - Object: 'Object Repository/OCS-MOBILE /Age gate and Mega menu/button_Verify' is clicked on

2019-07-02 17:21:02 - [TEST_STEP][PASSED] - click(findTestObject("OCS-MOBILE /Age gate and Mega menu/Checkbox_CONFIRM AND ACKNOWLEDGE")): Object: 'Object Repository/OCS-MOBILE /Age gate and Mega menu/Checkbox_CONFIRM AND ACKNOWLEDGE' is clicked on

2019-07-02 17:21:02 - [MESSAGE][PASSED] - Object: 'Object Repository/OCS-MOBILE /Age gate and Mega menu/Checkbox_CONFIRM AND ACKNOWLEDGE' is clicked on

2019-07-02 17:21:02 - [TEST_STEP][PASSED] - click(findTestObject("OCS-MOBILE /Age gate and Mega menu/button_CONFIRM")): Object: 'Object Repository/OCS-MOBILE /Age gate and Mega menu/button_CONFIRM' is clicked on

2019-07-02 17:21:02 - [MESSAGE][PASSED] - Object: 'Object Repository/OCS-MOBILE /Age gate and Mega menu/button_CONFIRM' is clicked on

2019-07-02 17:21:02 - [TEST_STEP][PASSED] - click(findTestObject("OCS-MOBILE /Age gate and Mega menu/button_Start Browsing")): Object: 'Object Repository/OCS-MOBILE /Age gate and Mega menu/button_Start Browsing' is clicked on

2019-07-02 17:21:02 - [MESSAGE][PASSED] - Object: 'Object Repository/OCS-MOBILE /Age gate and Mega menu/button_Start Browsing' is clicked on

2019-07-02 17:21:02 - [TEST_STEP][PASSED] - refresh(): Refresh successfully

2019-07-02 17:21:02 - [MESSAGE][PASSED] - Refresh successfully

2019-07-02 17:21:02 - [TEST_STEP][PASSED] - executeJavaScript("var previewBar = document.getElementById("preview-bar-iframe"); previewBar.style.display = "none";", []): Execute JavaScript 'var previewBar = document.getElementById("preview-bar-iframe"); previewBar.style.display = "none";' successfully

2019-07-02 17:21:06 - [MESSAGE][PASSED] - Execute JavaScript 'var previewBar = document.getElementById("preview-bar-iframe"); previewBar.style.display = "none";' successfully

2019-07-02 17:21:06 - [MESSAGE][PASSED] - Call Test Case 'Test Cases/OCS - MOBILE/CALL - AGE GATE' successfully

2019-07-02 17:21:06 - [TEST_STEP][PASSED] - delay(2): Delayed 2 second(s)

2019-07-02 17:21:08 - [MESSAGE][PASSED] - Delayed 2 second(s)

2019-07-02 17:21:08 - [TEST_STEP][PASSED] - click(findTestObject("OCS-MOBILE /Age gate and burger menu/Burger menu - English")): Object: 'Object Repository/OCS-MOBILE /Age gate and burger menu/Burger menu - English' is clicked on

2019-07-02 17:21:08 - [MESSAGE][PASSED] - Object: 'Object Repository/OCS-MOBILE /Age gate and burger menu/Burger menu - English' is clicked on

2019-07-02 17:21:08 - [TEST_STEP][PASSED] - delay(2): Delayed 2 second(s)

2019-07-02 17:21:10 - [MESSAGE][PASSED] - Delayed 2 second(s)

2019-07-02 17:21:10 - [TEST_STEP][PASSED] - click(findTestObject("OCS-MOBILE /Age gate and Mega menu/Chevron_Cannabis")): Object: 'Object Repository/OCS-MOBILE /Age gate and Mega menu/Chevron_Cannabis' is clicked on

2019-07-02 17:21:10 - [MESSAGE][PASSED] - Object: 'Object Repository/OCS-MOBILE /Age gate and Mega menu/Chevron_Cannabis' is clicked on

2019-07-02 17:21:10 - [TEST_STEP][PASSED] - delay(2): Delayed 2 second(s)

2019-07-02 17:21:12 - [MESSAGE][PASSED] - Delayed 2 second(s)

2019-07-02 17:21:12 - [TEST_STEP][PASSED] - click(findTestObject("OCS-MOBILE /Cannabis page/Dried flower")): Object: 'Object Repository/OCS-MOBILE /Cannabis page/Dried flower' is clicked on

2019-07-02 17:21:12 - [MESSAGE][PASSED] - Object: 'Object Repository/OCS-MOBILE /Cannabis page/Dried flower' is clicked on

2019-07-02 17:21:12 - [TEST_STEP][PASSED] - delay(2): Delayed 2 second(s)

2019-07-02 17:21:14 - [MESSAGE][PASSED] - Delayed 2 second(s)

2019-07-02 17:21:14 - [TEST_STEP][PASSED] - click(findTestObject("OCS-MOBILE /Cannabis page/Dried flower - Indica dominant")): Object: 'Object Repository/OCS-MOBILE /Cannabis page/Dried flower - Indica dominant' is clicked on

2019-07-02 17:21:17 - [MESSAGE][PASSED] - Object: 'Object Repository/OCS-MOBILE /Cannabis page/Dried flower - Indica dominant' is clicked on

2019-07-02 17:21:17 - [TEST_STEP][PASSED] - executeJavaScript("var previewBar = document.getElementById("preview-bar-iframe"); previewBar.style.display = "none";", []): Execute JavaScript 'var previewBar = document.getElementById("preview-bar-iframe"); previewBar.style.display = "none";' successfully

2019-07-02 17:21:17 - [MESSAGE][PASSED] - Execute JavaScript 'var previewBar = document.getElementById("preview-bar-iframe"); previewBar.style.display = "none";' successfully

2019-07-02 17:21:17 - [TEST_STEP][PASSED] - delay(2): Delayed 2 second(s)

2019-07-02 17:21:19 - [MESSAGE][PASSED] - Delayed 2 second(s)

2019-07-02 17:21:19 - [TEST_STEP][PASSED] - click(findTestObject("OCS-MOBILE /Collection page/loadmore")): Object: 'Object Repository/OCS-MOBILE /Collection page/loadmore' is clicked on

2019-07-02 17:21:19 - [MESSAGE][PASSED] - Object: 'Object Repository/OCS-MOBILE /Collection page/loadmore' is clicked on

2019-07-02 17:21:19 - [TEST_STEP][PASSED] - delay(2): Delayed 2 second(s)

2019-07-02 17:21:21 - [MESSAGE][PASSED] - Delayed 2 second(s)

2019-07-02 17:21:21 - [TEST_STEP][PASSED] - click(findTestObject("OCS-MOBILE /Collection page/What to consider")): Object: 'Object Repository/OCS-MOBILE /Collection page/What to consider' is clicked on

2019-07-02 17:21:24 - [MESSAGE][PASSED] - Object: 'Object Repository/OCS-MOBILE /Collection page/What to consider' is clicked on

2019-07-02 17:21:24 - [TEST_STEP][PASSED] - verifyTextPresent("Six things to know before deciding to consume cannabis.", false): Text 'Six things to know before deciding to consume cannabis.' is present on page 

2019-07-02 17:21:24 - [MESSAGE][PASSED] - Text 'Six things to know before deciding to consume cannabis.' is present on page]]></system-out>
         <system-err><![CDATA[]]></system-err>
      </testcase>
      <testcase name="Test Cases/OCS - MOBILE/OCS-COLLECTION PAGE/Filter" classname="Test Cases/OCS - MOBILE/OCS-COLLECTION PAGE/Filter" status="PASSED">
         <system-out><![CDATA[2019-07-02 17:21:24 - [TEST_CASE][PASSED] - Test Cases/OCS - MOBILE/OCS-COLLECTION PAGE/Filter: Test Cases/OCS - MOBILE/OCS-COLLECTION PAGE/Filter

2019-07-02 17:21:24 - [TEST_STEP][PASSED] - callTestCase(findTestCase("OCS - MOBILE/CALL - AGE GATE"), [:], STOP_ON_FAILURE): Call Test Case 'Test Cases/OCS - MOBILE/CALL - AGE GATE' successfully

2019-07-02 17:21:24 - [TEST_CASE][PASSED] - Test Cases/OCS - MOBILE/CALL - AGE GATE: Test Cases/OCS - MOBILE/CALL - AGE GATE

2019-07-02 17:21:24 - [TEST_STEP][PASSED] - openBrowser(""): Browser is opened with url: ''

2019-07-02 17:21:24 - [MESSAGE][WARNING] - A browser is already opened. Closing browser and opening a new one

2019-07-02 17:21:24 - [MESSAGE][INFO] - Starting 'Chrome' driver

2019-07-02 17:21:25 - [MESSAGE][PASSED] - Browser is opened with url: ''

2019-07-02 17:21:25 - [TEST_STEP][PASSED] - navigateToUrl("https://ocs.ca/?fts=0&preview_theme_id=74203301708"): Navigate to 'https://ocs.ca/?fts=0&preview_theme_id=74203301708' successfully

2019-07-02 17:21:30 - [MESSAGE][PASSED] - Navigate to 'https://ocs.ca/?fts=0&preview_theme_id=74203301708' successfully

2019-07-02 17:21:30 - [TEST_STEP][PASSED] - executeJavaScript("var previewBar = document.getElementById("preview-bar-iframe"); previewBar.style.display = "none";", []): Execute JavaScript 'var previewBar = document.getElementById("preview-bar-iframe"); previewBar.style.display = "none";' successfully

2019-07-02 17:21:30 - [MESSAGE][PASSED] - Execute JavaScript 'var previewBar = document.getElementById("preview-bar-iframe"); previewBar.style.display = "none";' successfully

2019-07-02 17:21:30 - [TEST_STEP][PASSED] - setViewPortSize(360, 800): Viewport is set to new size with width = 360 and height = 800

2019-07-02 17:21:30 - [MESSAGE][PASSED] - Viewport is set to new size with width = 360 and height = 800

2019-07-02 17:21:30 - [TEST_STEP][PASSED] - delay(4): Delayed 4 second(s)

2019-07-02 17:21:34 - [MESSAGE][PASSED] - Delayed 4 second(s)

2019-07-02 17:21:34 - [TEST_STEP][PASSED] - selectOptionByValue(findTestObject("OCS-MOBILE /Age gate and burger menu/Date"), "12", true): All options with value '12' are selected in object 'Object Repository/OCS-MOBILE /Age gate and burger menu/Date'  using regular expression

2019-07-02 17:21:34 - [MESSAGE][PASSED] - All options with value '12' are selected in object 'Object Repository/OCS-MOBILE /Age gate and burger menu/Date'  using regular expression

2019-07-02 17:21:34 - [TEST_STEP][PASSED] - selectOptionByValue(findTestObject("OCS-MOBILE /Age gate and burger menu/month"), "6", true): All options with value '6' are selected in object 'Object Repository/OCS-MOBILE /Age gate and burger menu/month'  using regular expression

2019-07-02 17:21:35 - [MESSAGE][PASSED] - All options with value '6' are selected in object 'Object Repository/OCS-MOBILE /Age gate and burger menu/month'  using regular expression

2019-07-02 17:21:35 - [TEST_STEP][PASSED] - delay(2): Delayed 2 second(s)

2019-07-02 17:21:37 - [MESSAGE][PASSED] - Delayed 2 second(s)

2019-07-02 17:21:37 - [TEST_STEP][PASSED] - selectOptionByValue(findTestObject("OCS-MOBILE /Age gate and burger menu/Year Dropdown"), "1990", true): All options with value '1990' are selected in object 'Object Repository/OCS-MOBILE /Age gate and burger menu/Year Dropdown'  using regular expression

2019-07-02 17:21:38 - [MESSAGE][PASSED] - All options with value '1990' are selected in object 'Object Repository/OCS-MOBILE /Age gate and burger menu/Year Dropdown'  using regular expression

2019-07-02 17:21:38 - [TEST_STEP][PASSED] - click(findTestObject("OCS-MOBILE /Age gate and Mega menu/button_Verify")): Object: 'Object Repository/OCS-MOBILE /Age gate and Mega menu/button_Verify' is clicked on

2019-07-02 17:21:38 - [MESSAGE][PASSED] - Object: 'Object Repository/OCS-MOBILE /Age gate and Mega menu/button_Verify' is clicked on

2019-07-02 17:21:38 - [TEST_STEP][PASSED] - click(findTestObject("OCS-MOBILE /Age gate and Mega menu/Checkbox_CONFIRM AND ACKNOWLEDGE")): Object: 'Object Repository/OCS-MOBILE /Age gate and Mega menu/Checkbox_CONFIRM AND ACKNOWLEDGE' is clicked on

2019-07-02 17:21:38 - [MESSAGE][PASSED] - Object: 'Object Repository/OCS-MOBILE /Age gate and Mega menu/Checkbox_CONFIRM AND ACKNOWLEDGE' is clicked on

2019-07-02 17:21:38 - [TEST_STEP][PASSED] - click(findTestObject("OCS-MOBILE /Age gate and Mega menu/button_CONFIRM")): Object: 'Object Repository/OCS-MOBILE /Age gate and Mega menu/button_CONFIRM' is clicked on

2019-07-02 17:21:38 - [MESSAGE][PASSED] - Object: 'Object Repository/OCS-MOBILE /Age gate and Mega menu/button_CONFIRM' is clicked on

2019-07-02 17:21:38 - [TEST_STEP][PASSED] - click(findTestObject("OCS-MOBILE /Age gate and Mega menu/button_Start Browsing")): Object: 'Object Repository/OCS-MOBILE /Age gate and Mega menu/button_Start Browsing' is clicked on

2019-07-02 17:21:38 - [MESSAGE][PASSED] - Object: 'Object Repository/OCS-MOBILE /Age gate and Mega menu/button_Start Browsing' is clicked on

2019-07-02 17:21:38 - [TEST_STEP][PASSED] - refresh(): Refresh successfully

2019-07-02 17:21:38 - [MESSAGE][PASSED] - Refresh successfully

2019-07-02 17:21:38 - [TEST_STEP][PASSED] - executeJavaScript("var previewBar = document.getElementById("preview-bar-iframe"); previewBar.style.display = "none";", []): Execute JavaScript 'var previewBar = document.getElementById("preview-bar-iframe"); previewBar.style.display = "none";' successfully

2019-07-02 17:21:42 - [MESSAGE][PASSED] - Execute JavaScript 'var previewBar = document.getElementById("preview-bar-iframe"); previewBar.style.display = "none";' successfully

2019-07-02 17:21:42 - [MESSAGE][PASSED] - Call Test Case 'Test Cases/OCS - MOBILE/CALL - AGE GATE' successfully

2019-07-02 17:21:42 - [TEST_STEP][PASSED] - click(findTestObject("OCS-MOBILE /Age gate and burger menu/Burger menu - English")): Object: 'Object Repository/OCS-MOBILE /Age gate and burger menu/Burger menu - English' is clicked on

2019-07-02 17:21:42 - [MESSAGE][PASSED] - Object: 'Object Repository/OCS-MOBILE /Age gate and burger menu/Burger menu - English' is clicked on

2019-07-02 17:21:42 - [TEST_STEP][PASSED] - delay(2): Delayed 2 second(s)

2019-07-02 17:21:44 - [MESSAGE][PASSED] - Delayed 2 second(s)

2019-07-02 17:21:44 - [TEST_STEP][PASSED] - click(findTestObject("OCS-MOBILE /Age gate and Mega menu/Chevron_Cannabis")): Object: 'Object Repository/OCS-MOBILE /Age gate and Mega menu/Chevron_Cannabis' is clicked on

2019-07-02 17:21:44 - [MESSAGE][PASSED] - Object: 'Object Repository/OCS-MOBILE /Age gate and Mega menu/Chevron_Cannabis' is clicked on

2019-07-02 17:21:44 - [TEST_STEP][PASSED] - delay(1): Delayed 1 second(s)

2019-07-02 17:21:45 - [MESSAGE][PASSED] - Delayed 1 second(s)

2019-07-02 17:21:45 - [TEST_STEP][PASSED] - click(findTestObject("OCS-MOBILE /Cannabis page/Dried flower")): Object: 'Object Repository/OCS-MOBILE /Cannabis page/Dried flower' is clicked on

2019-07-02 17:21:45 - [MESSAGE][PASSED] - Object: 'Object Repository/OCS-MOBILE /Cannabis page/Dried flower' is clicked on

2019-07-02 17:21:45 - [TEST_STEP][PASSED] - delay(1): Delayed 1 second(s)

2019-07-02 17:21:46 - [MESSAGE][PASSED] - Delayed 1 second(s)

2019-07-02 17:21:46 - [TEST_STEP][PASSED] - click(findTestObject("OCS-MOBILE /Cannabis page/Dried flower - Indica dominant")): Object: 'Object Repository/OCS-MOBILE /Cannabis page/Dried flower - Indica dominant' is clicked on

2019-07-02 17:21:48 - [MESSAGE][PASSED] - Object: 'Object Repository/OCS-MOBILE /Cannabis page/Dried flower - Indica dominant' is clicked on

2019-07-02 17:21:48 - [TEST_STEP][PASSED] - delay(1): Delayed 1 second(s)

2019-07-02 17:21:49 - [MESSAGE][PASSED] - Delayed 1 second(s)

2019-07-02 17:21:49 - [TEST_STEP][PASSED] - click(findTestObject("OCS-MOBILE /Filter flyout/Filter option")): Object: 'Object Repository/OCS-MOBILE /Filter flyout/Filter option' is clicked on

2019-07-02 17:21:49 - [MESSAGE][PASSED] - Object: 'Object Repository/OCS-MOBILE /Filter flyout/Filter option' is clicked on

2019-07-02 17:21:49 - [TEST_STEP][PASSED] - delay(2): Delayed 2 second(s)

2019-07-02 17:21:51 - [MESSAGE][PASSED] - Delayed 2 second(s)

2019-07-02 17:21:51 - [TEST_STEP][PASSED] - click(findTestObject("OCS-MOBILE /Filter flyout/THC - CBD Tool tip")): Object: 'Object Repository/OCS-MOBILE /Filter flyout/THC - CBD Tool tip' is clicked on

2019-07-02 17:21:51 - [MESSAGE][PASSED] - Object: 'Object Repository/OCS-MOBILE /Filter flyout/THC - CBD Tool tip' is clicked on

2019-07-02 17:21:51 - [TEST_STEP][PASSED] - delay(2): Delayed 2 second(s)

2019-07-02 17:21:53 - [MESSAGE][PASSED] - Delayed 2 second(s)

2019-07-02 17:21:53 - [TEST_STEP][PASSED] - click(findTestObject("OCS-MOBILE /Filter flyout/THC CBD plus accordian")): Object: 'Object Repository/OCS-MOBILE /Filter flyout/THC CBD plus accordian' is clicked on

2019-07-02 17:21:53 - [MESSAGE][PASSED] - Object: 'Object Repository/OCS-MOBILE /Filter flyout/THC CBD plus accordian' is clicked on

2019-07-02 17:21:53 - [TEST_STEP][PASSED] - delay(2): Delayed 2 second(s)

2019-07-02 17:21:55 - [MESSAGE][PASSED] - Delayed 2 second(s)

2019-07-02 17:21:55 - [TEST_STEP][PASSED] - click(findTestObject("OCS-MOBILE /Filter flyout/THC - CBD Subtract accordian")): Object: 'Object Repository/OCS-MOBILE /Filter flyout/THC - CBD Subtract accordian' is clicked on

2019-07-02 17:21:55 - [MESSAGE][PASSED] - Object: 'Object Repository/OCS-MOBILE /Filter flyout/THC - CBD Subtract accordian' is clicked on

2019-07-02 17:21:55 - [TEST_STEP][PASSED] - delay(2): Delayed 2 second(s)

2019-07-02 17:21:57 - [MESSAGE][PASSED] - Delayed 2 second(s)

2019-07-02 17:21:57 - [TEST_STEP][PASSED] - click(findTestObject("OCS-MOBILE /Filter flyout/THC CBD plus accordian")): Object: 'Object Repository/OCS-MOBILE /Filter flyout/THC CBD plus accordian' is clicked on

2019-07-02 17:21:57 - [MESSAGE][PASSED] - Object: 'Object Repository/OCS-MOBILE /Filter flyout/THC CBD plus accordian' is clicked on

2019-07-02 17:21:57 - [TEST_STEP][NOT_RUN] - click(findTestObject("OCS-MOBILE /Filter flyout/div_18.00")): NOT_RUN: click(findTestObject("OCS-MOBILE /Filter flyout/div_18.00"))

2019-07-02 17:21:57 - [MESSAGE][NOT_RUN] - NOT_RUN: click(findTestObject("OCS-MOBILE /Filter flyout/div_18.00"))

2019-07-02 17:21:57 - [TEST_STEP][NOT_RUN] - delay(2): NOT_RUN: delay(2)

2019-07-02 17:21:57 - [MESSAGE][NOT_RUN] - NOT_RUN: delay(2)

2019-07-02 17:21:57 - [TEST_STEP][NOT_RUN] - click(findTestObject("OCS-MOBILE /Filter flyout/div_25.00")): NOT_RUN: click(findTestObject("OCS-MOBILE /Filter flyout/div_25.00"))

2019-07-02 17:21:57 - [MESSAGE][NOT_RUN] - NOT_RUN: click(findTestObject("OCS-MOBILE /Filter flyout/div_25.00"))

2019-07-02 17:21:57 - [TEST_STEP][NOT_RUN] - delay(2): NOT_RUN: delay(2)

2019-07-02 17:21:57 - [MESSAGE][NOT_RUN] - NOT_RUN: delay(2)

2019-07-02 17:21:57 - [TEST_STEP][NOT_RUN] - click(findTestObject("OCS-MOBILE /Filter flyout/div_14.00")): NOT_RUN: click(findTestObject("OCS-MOBILE /Filter flyout/div_14.00"))

2019-07-02 17:21:57 - [MESSAGE][NOT_RUN] - NOT_RUN: click(findTestObject("OCS-MOBILE /Filter flyout/div_14.00"))

2019-07-02 17:21:57 - [TEST_STEP][NOT_RUN] - delay(2): NOT_RUN: delay(2)

2019-07-02 17:21:57 - [MESSAGE][NOT_RUN] - NOT_RUN: delay(2)

2019-07-02 17:21:57 - [TEST_STEP][NOT_RUN] - click(findTestObject("OCS-MOBILE /Filter flyout/div_19.00")): NOT_RUN: click(findTestObject("OCS-MOBILE /Filter flyout/div_19.00"))

2019-07-02 17:21:57 - [MESSAGE][NOT_RUN] - NOT_RUN: click(findTestObject("OCS-MOBILE /Filter flyout/div_19.00"))

2019-07-02 17:21:57 - [TEST_STEP][PASSED] - delay(2): Delayed 2 second(s)

2019-07-02 17:21:59 - [MESSAGE][PASSED] - Delayed 2 second(s)

2019-07-02 17:21:59 - [TEST_STEP][NOT_RUN] - click(findTestObject("OCS-MOBILE /Filter flyout/Learn More About THC CBD")): NOT_RUN: click(findTestObject("OCS-MOBILE /Filter flyout/Learn More About THC CBD"))

2019-07-02 17:21:59 - [MESSAGE][NOT_RUN] - NOT_RUN: click(findTestObject("OCS-MOBILE /Filter flyout/Learn More About THC CBD"))

2019-07-02 17:21:59 - [TEST_STEP][PASSED] - delay(4): Delayed 4 second(s)

2019-07-02 17:22:03 - [MESSAGE][PASSED] - Delayed 4 second(s)

2019-07-02 17:22:03 - [TEST_STEP][NOT_RUN] - callTestCase(findTestCase("OCS - MOBILE/OCS-COLLECTION PAGE/calling test case"), [:], STOP_ON_FAILURE): NOT_RUN: callTestCase(findTestCase("OCS - MOBILE/OCS-COLLECTION PAGE/calling test case"), [:], STOP_ON_FAILURE)

2019-07-02 17:22:03 - [MESSAGE][NOT_RUN] - NOT_RUN: callTestCase(findTestCase("OCS - MOBILE/OCS-COLLECTION PAGE/calling test case"), [:], STOP_ON_FAILURE)

2019-07-02 17:22:03 - [TEST_STEP][NOT_RUN] - click(findTestObject("OCS-MOBILE /Filter flyout/Filter option")): NOT_RUN: click(findTestObject("OCS-MOBILE /Filter flyout/Filter option"))

2019-07-02 17:22:03 - [MESSAGE][NOT_RUN] - NOT_RUN: click(findTestObject("OCS-MOBILE /Filter flyout/Filter option"))

2019-07-02 17:22:03 - [TEST_STEP][PASSED] - click(findTestObject("OCS-MOBILE /Filter flyout/Plant type tooltip")): Object: 'Object Repository/OCS-MOBILE /Filter flyout/Plant type tooltip' is clicked on

2019-07-02 17:22:03 - [MESSAGE][PASSED] - Object: 'Object Repository/OCS-MOBILE /Filter flyout/Plant type tooltip' is clicked on

2019-07-02 17:22:03 - [TEST_STEP][PASSED] - delay(2): Delayed 2 second(s)

2019-07-02 17:22:05 - [MESSAGE][PASSED] - Delayed 2 second(s)

2019-07-02 17:22:05 - [TEST_STEP][PASSED] - click(findTestObject("OCS-MOBILE /Filter flyout/Plant type plus accordian")): Object: 'Object Repository/OCS-MOBILE /Filter flyout/Plant type plus accordian' is clicked on

2019-07-02 17:22:05 - [MESSAGE][PASSED] - Object: 'Object Repository/OCS-MOBILE /Filter flyout/Plant type plus accordian' is clicked on

2019-07-02 17:22:05 - [TEST_STEP][PASSED] - delay(1): Delayed 1 second(s)

2019-07-02 17:22:06 - [MESSAGE][PASSED] - Delayed 1 second(s)

2019-07-02 17:22:06 - [TEST_STEP][PASSED] - click(findTestObject("OCS-MOBILE /Filter flyout/Plant type subtract accordian")): Object: 'Object Repository/OCS-MOBILE /Filter flyout/Plant type subtract accordian' is clicked on

2019-07-02 17:22:06 - [MESSAGE][PASSED] - Object: 'Object Repository/OCS-MOBILE /Filter flyout/Plant type subtract accordian' is clicked on

2019-07-02 17:22:06 - [TEST_STEP][PASSED] - delay(1): Delayed 1 second(s)

2019-07-02 17:22:07 - [MESSAGE][PASSED] - Delayed 1 second(s)

2019-07-02 17:22:07 - [TEST_STEP][PASSED] - click(findTestObject("OCS-MOBILE /Filter flyout/Plant type plus accordian")): Object: 'Object Repository/OCS-MOBILE /Filter flyout/Plant type plus accordian' is clicked on

2019-07-02 17:22:08 - [MESSAGE][PASSED] - Object: 'Object Repository/OCS-MOBILE /Filter flyout/Plant type plus accordian' is clicked on

2019-07-02 17:22:08 - [TEST_STEP][PASSED] - delay(2): Delayed 2 second(s)

2019-07-02 17:22:10 - [MESSAGE][PASSED] - Delayed 2 second(s)

2019-07-02 17:22:10 - [TEST_STEP][PASSED] - click(findTestObject("OCS-MOBILE /Filter flyout/Indica Dominant")): Object: 'Object Repository/OCS-MOBILE /Filter flyout/Indica Dominant' is clicked on

2019-07-02 17:22:10 - [MESSAGE][PASSED] - Object: 'Object Repository/OCS-MOBILE /Filter flyout/Indica Dominant' is clicked on

2019-07-02 17:22:10 - [TEST_STEP][PASSED] - delay(2): Delayed 2 second(s)

2019-07-02 17:22:12 - [MESSAGE][PASSED] - Delayed 2 second(s)

2019-07-02 17:22:12 - [TEST_STEP][PASSED] - click(findTestObject("OCS-MOBILE /Filter flyout/Sativa Dominant")): Object: 'Object Repository/OCS-MOBILE /Filter flyout/Sativa Dominant' is clicked on

2019-07-02 17:22:12 - [MESSAGE][PASSED] - Object: 'Object Repository/OCS-MOBILE /Filter flyout/Sativa Dominant' is clicked on

2019-07-02 17:22:12 - [TEST_STEP][PASSED] - delay(2): Delayed 2 second(s)

2019-07-02 17:22:14 - [MESSAGE][PASSED] - Delayed 2 second(s)

2019-07-02 17:22:14 - [TEST_STEP][PASSED] - click(findTestObject("OCS-MOBILE /Filter flyout/Hybrid")): Object: 'Object Repository/OCS-MOBILE /Filter flyout/Hybrid' is clicked on

2019-07-02 17:22:14 - [MESSAGE][PASSED] - Object: 'Object Repository/OCS-MOBILE /Filter flyout/Hybrid' is clicked on

2019-07-02 17:22:14 - [TEST_STEP][PASSED] - delay(2): Delayed 2 second(s)

2019-07-02 17:22:16 - [MESSAGE][PASSED] - Delayed 2 second(s)

2019-07-02 17:22:16 - [TEST_STEP][PASSED] - click(findTestObject("OCS-MOBILE /Filter flyout/Blend")): Object: 'Object Repository/OCS-MOBILE /Filter flyout/Blend' is clicked on

2019-07-02 17:22:16 - [MESSAGE][PASSED] - Object: 'Object Repository/OCS-MOBILE /Filter flyout/Blend' is clicked on

2019-07-02 17:22:16 - [TEST_STEP][PASSED] - delay(2): Delayed 2 second(s)

2019-07-02 17:22:18 - [MESSAGE][PASSED] - Delayed 2 second(s)

2019-07-02 17:22:18 - [TEST_STEP][NOT_RUN] - click(findTestObject("Object Repository/COLLECTION PAGE _OR/Filter_OR/Page_Pre-Rolled  Ontario Cannabis S/label_Sativa Dominant")): NOT_RUN: click(findTestObject("Object Repository/COLLECTION PAGE _OR/Filter_OR/Page_Pre-Rolled  Ontario Cannabis S/label_Sativa Dominant"))

2019-07-02 17:22:18 - [MESSAGE][NOT_RUN] - NOT_RUN: click(findTestObject("Object Repository/COLLECTION PAGE _OR/Filter_OR/Page_Pre-Rolled  Ontario Cannabis S/label_Sativa Dominant"))

2019-07-02 17:22:18 - [TEST_STEP][NOT_RUN] - delay(2): NOT_RUN: delay(2)

2019-07-02 17:22:18 - [MESSAGE][NOT_RUN] - NOT_RUN: delay(2)

2019-07-02 17:22:18 - [TEST_STEP][NOT_RUN] - click(findTestObject("Object Repository/COLLECTION PAGE _OR/Filter_OR/Page_Pre-Rolled  Ontario Cannabis S/label_Hybrid")): NOT_RUN: click(findTestObject("Object Repository/COLLECTION PAGE _OR/Filter_OR/Page_Pre-Rolled  Ontario Cannabis S/label_Hybrid"))

2019-07-02 17:22:18 - [MESSAGE][NOT_RUN] - NOT_RUN: click(findTestObject("Object Repository/COLLECTION PAGE _OR/Filter_OR/Page_Pre-Rolled  Ontario Cannabis S/label_Hybrid"))

2019-07-02 17:22:18 - [TEST_STEP][NOT_RUN] - delay(2): NOT_RUN: delay(2)

2019-07-02 17:22:18 - [MESSAGE][NOT_RUN] - NOT_RUN: delay(2)

2019-07-02 17:22:18 - [TEST_STEP][NOT_RUN] - click(findTestObject("Object Repository/COLLECTION PAGE _OR/Filter_OR/Page_Pre-Rolled  Ontario Cannabis S/label_Blend")): NOT_RUN: click(findTestObject("Object Repository/COLLECTION PAGE _OR/Filter_OR/Page_Pre-Rolled  Ontario Cannabis S/label_Blend"))

2019-07-02 17:22:18 - [MESSAGE][NOT_RUN] - NOT_RUN: click(findTestObject("Object Repository/COLLECTION PAGE _OR/Filter_OR/Page_Pre-Rolled  Ontario Cannabis S/label_Blend"))

2019-07-02 17:22:18 - [TEST_STEP][NOT_RUN] - delay(2): NOT_RUN: delay(2)

2019-07-02 17:22:18 - [MESSAGE][NOT_RUN] - NOT_RUN: delay(2)

2019-07-02 17:22:18 - [TEST_STEP][NOT_RUN] - click(findTestObject("OCS-MOBILE /Filter flyout/Learn More About Plant Type")): NOT_RUN: click(findTestObject("OCS-MOBILE /Filter flyout/Learn More About Plant Type"))

2019-07-02 17:22:18 - [MESSAGE][NOT_RUN] - NOT_RUN: click(findTestObject("OCS-MOBILE /Filter flyout/Learn More About Plant Type"))

2019-07-02 17:22:18 - [TEST_STEP][NOT_RUN] - delay(2): NOT_RUN: delay(2)

2019-07-02 17:22:18 - [MESSAGE][NOT_RUN] - NOT_RUN: delay(2)

2019-07-02 17:22:18 - [TEST_STEP][NOT_RUN] - callTestCase(findTestCase("OCS - MOBILE/OCS-COLLECTION PAGE/calling test case"), [:], STOP_ON_FAILURE): NOT_RUN: callTestCase(findTestCase("OCS - MOBILE/OCS-COLLECTION PAGE/calling test case"), [:], STOP_ON_FAILURE)

2019-07-02 17:22:18 - [MESSAGE][NOT_RUN] - NOT_RUN: callTestCase(findTestCase("OCS - MOBILE/OCS-COLLECTION PAGE/calling test case"), [:], STOP_ON_FAILURE)

2019-07-02 17:22:18 - [TEST_STEP][PASSED] - click(findTestObject("OCS-MOBILE /Filter flyout/Plant type subtract accordian")): Object: 'Object Repository/OCS-MOBILE /Filter flyout/Plant type subtract accordian' is clicked on

2019-07-02 17:22:18 - [MESSAGE][PASSED] - Object: 'Object Repository/OCS-MOBILE /Filter flyout/Plant type subtract accordian' is clicked on

2019-07-02 17:22:18 - [TEST_STEP][PASSED] - click(findTestObject("OCS-MOBILE /Filter flyout/Filter option"), OPTIONAL): Unable to click on object 'Object Repository/OCS-MOBILE /Filter flyout/Filter option' (Root cause: org.openqa.selenium.WebDriverException: unknown error: Element <a data-flyout="#flyout--filters" tabindex="0">...</a> is not clickable at point (24, 388). Other element would receive the click: <label for="plant_type--hybrid">...</label>
  (Session info: chrome=75.0.3770.100)
  (Driver info: chromedriver=2.43.600229 (3fae4d0cda5334b4f533bede5a4787f7b832d052),platform=Mac OS X 10.13.6 x86_64) (WARNING: The server did not provide any stacktrace information)
Command duration or timeout: 0 milliseconds
Build info: version: '3.7.1', revision: '8a0099a', time: '2017-11-06T21:07:36.161Z'
System info: host: 'sumans-MacBook-Pro.local', ip: 'fe80:0:0:0:98:5ae9:edb9:537f%en0', os.name: 'Mac OS X', os.arch: 'x86_64', os.version: '10.13.6', java.version: '1.8.0_181'
Driver info: com.kms.katalon.selenium.driver.CChromeDriver
Capabilities {acceptInsecureCerts: false, acceptSslCerts: false, applicationCacheEnabled: false, browserConnectionEnabled: false, browserName: chrome, chrome: {chromedriverVersion: 2.43.600229 (3fae4d0cda5334..., userDataDir: /var/folders/1t/c55l8xzs6gq...}, cssSelectorsEnabled: true, databaseEnabled: false, goog:chromeOptions: {debuggerAddress: localhost:57538}, handlesAlerts: true, hasTouchScreen: false, javascriptEnabled: true, locationContextEnabled: true, mobileEmulationEnabled: false, nativeEvents: true, networkConnectionEnabled: false, pageLoadStrategy: normal, platform: MAC, platformName: MAC, rotatable: false, setWindowRect: true, takesHeapSnapshot: true, takesScreenshot: true, unexpectedAlertBehaviour: , unhandledPromptBehavior: , version: 75.0.3770.100, webStorageEnabled: true}
Session ID: d741a756acb3fbb5da418413bc88b730)

2019-07-02 17:22:18 - [MESSAGE][WARNING] - Unable to click on object 'Object Repository/OCS-MOBILE /Filter flyout/Filter option' (Root cause: org.openqa.selenium.WebDriverException: unknown error: Element <a data-flyout="#flyout--filters" tabindex="0">...</a> is not clickable at point (24, 388). Other element would receive the click: <label for="plant_type--hybrid">...</label>
  (Session info: chrome=75.0.3770.100)
  (Driver info: chromedriver=2.43.600229 (3fae4d0cda5334b4f533bede5a4787f7b832d052),platform=Mac OS X 10.13.6 x86_64) (WARNING: The server did not provide any stacktrace information)
Command duration or timeout: 0 milliseconds
Build info: version: '3.7.1', revision: '8a0099a', time: '2017-11-06T21:07:36.161Z'
System info: host: 'sumans-MacBook-Pro.local', ip: 'fe80:0:0:0:98:5ae9:edb9:537f%en0', os.name: 'Mac OS X', os.arch: 'x86_64', os.version: '10.13.6', java.version: '1.8.0_181'
Driver info: com.kms.katalon.selenium.driver.CChromeDriver
Capabilities {acceptInsecureCerts: false, acceptSslCerts: false, applicationCacheEnabled: false, browserConnectionEnabled: false, browserName: chrome, chrome: {chromedriverVersion: 2.43.600229 (3fae4d0cda5334..., userDataDir: /var/folders/1t/c55l8xzs6gq...}, cssSelectorsEnabled: true, databaseEnabled: false, goog:chromeOptions: {debuggerAddress: localhost:57538}, handlesAlerts: true, hasTouchScreen: false, javascriptEnabled: true, locationContextEnabled: true, mobileEmulationEnabled: false, nativeEvents: true, networkConnectionEnabled: false, pageLoadStrategy: normal, platform: MAC, platformName: MAC, rotatable: false, setWindowRect: true, takesHeapSnapshot: true, takesScreenshot: true, unexpectedAlertBehaviour: , unhandledPromptBehavior: , version: 75.0.3770.100, webStorageEnabled: true}
Session ID: d741a756acb3fbb5da418413bc88b730)
[[ATTACHMENT|/Users/sumankompelly/Relative xpath-Mobile/Reports/1.11.1/20190702_161421/1562102538406.png]]

2019-07-02 17:22:18 - [TEST_STEP][PASSED] - executeJavaScript("var previewBar = document.getElementById("preview-bar-iframe"); previewBar.style.display = "none";", []): Execute JavaScript 'var previewBar = document.getElementById("preview-bar-iframe"); previewBar.style.display = "none";' successfully

2019-07-02 17:22:18 - [MESSAGE][PASSED] - Execute JavaScript 'var previewBar = document.getElementById("preview-bar-iframe"); previewBar.style.display = "none";' successfully

2019-07-02 17:22:18 - [TEST_STEP][PASSED] - click(findTestObject("OCS-MOBILE /Filter flyout/Brand tool tip")): Object: 'Object Repository/OCS-MOBILE /Filter flyout/Brand tool tip' is clicked on

2019-07-02 17:22:18 - [MESSAGE][PASSED] - Object: 'Object Repository/OCS-MOBILE /Filter flyout/Brand tool tip' is clicked on

2019-07-02 17:22:18 - [TEST_STEP][PASSED] - delay(1): Delayed 1 second(s)

2019-07-02 17:22:19 - [MESSAGE][PASSED] - Delayed 1 second(s)

2019-07-02 17:22:19 - [TEST_STEP][PASSED] - click(findTestObject("OCS-MOBILE /Filter flyout/Brand plus accordian")): Object: 'Object Repository/OCS-MOBILE /Filter flyout/Brand plus accordian' is clicked on

2019-07-02 17:22:19 - [MESSAGE][PASSED] - Object: 'Object Repository/OCS-MOBILE /Filter flyout/Brand plus accordian' is clicked on

2019-07-02 17:22:19 - [TEST_STEP][PASSED] - delay(2): Delayed 2 second(s)

2019-07-02 17:22:21 - [MESSAGE][PASSED] - Delayed 2 second(s)

2019-07-02 17:22:21 - [TEST_STEP][PASSED] - click(findTestObject("OCS-MOBILE /Filter flyout/Brand subtract accordian")): Object: 'Object Repository/OCS-MOBILE /Filter flyout/Brand subtract accordian' is clicked on

2019-07-02 17:22:21 - [MESSAGE][PASSED] - Object: 'Object Repository/OCS-MOBILE /Filter flyout/Brand subtract accordian' is clicked on

2019-07-02 17:22:21 - [TEST_STEP][PASSED] - delay(1): Delayed 1 second(s)

2019-07-02 17:22:22 - [MESSAGE][PASSED] - Delayed 1 second(s)

2019-07-02 17:22:22 - [TEST_STEP][PASSED] - click(findTestObject("OCS-MOBILE /Filter flyout/Brand plus accordian")): Object: 'Object Repository/OCS-MOBILE /Filter flyout/Brand plus accordian' is clicked on

2019-07-02 17:22:22 - [MESSAGE][PASSED] - Object: 'Object Repository/OCS-MOBILE /Filter flyout/Brand plus accordian' is clicked on

2019-07-02 17:22:22 - [TEST_STEP][PASSED] - delay(2): Delayed 2 second(s)

2019-07-02 17:22:24 - [MESSAGE][PASSED] - Delayed 2 second(s)

2019-07-02 17:22:24 - [TEST_STEP][PASSED] - click(findTestObject("OCS-MOBILE /Filter flyout/Edison"), OPTIONAL): Object: 'Object Repository/OCS-MOBILE /Filter flyout/Edison' is clicked on

2019-07-02 17:22:24 - [MESSAGE][PASSED] - Object: 'Object Repository/OCS-MOBILE /Filter flyout/Edison' is clicked on

2019-07-02 17:22:24 - [TEST_STEP][PASSED] - delay(2, OPTIONAL): Delayed 2 second(s)

2019-07-02 17:22:26 - [MESSAGE][PASSED] - Delayed 2 second(s)

2019-07-02 17:22:26 - [TEST_STEP][PASSED] - delay(2, OPTIONAL): Delayed 2 second(s)

2019-07-02 17:22:28 - [MESSAGE][PASSED] - Delayed 2 second(s)

2019-07-02 17:22:28 - [TEST_STEP][PASSED] - click(findTestObject("OCS-MOBILE /Filter flyout/Haven St"), OPTIONAL): Object: 'Object Repository/OCS-MOBILE /Filter flyout/Haven St' is clicked on

2019-07-02 17:22:29 - [MESSAGE][PASSED] - Object: 'Object Repository/OCS-MOBILE /Filter flyout/Haven St' is clicked on

2019-07-02 17:22:29 - [TEST_STEP][PASSED] - delay(2, OPTIONAL): Delayed 2 second(s)

2019-07-02 17:22:31 - [MESSAGE][PASSED] - Delayed 2 second(s)

2019-07-02 17:22:31 - [TEST_STEP][PASSED] - click(findTestObject("OCS-MOBILE /Filter flyout/Emerald"), OPTIONAL): Object: 'Object Repository/OCS-MOBILE /Filter flyout/Emerald' is clicked on

2019-07-02 17:22:31 - [MESSAGE][PASSED] - Object: 'Object Repository/OCS-MOBILE /Filter flyout/Emerald' is clicked on

2019-07-02 17:22:31 - [TEST_STEP][PASSED] - delay(2, OPTIONAL): Delayed 2 second(s)

2019-07-02 17:22:33 - [MESSAGE][PASSED] - Delayed 2 second(s)

2019-07-02 17:22:33 - [TEST_STEP][NOT_RUN] - click(findTestObject("OCS-MOBILE /Filter flyout/Gage Cannabis Co"), OPTIONAL): NOT_RUN: click(findTestObject("OCS-MOBILE /Filter flyout/Gage Cannabis Co"), OPTIONAL)

2019-07-02 17:22:33 - [MESSAGE][NOT_RUN] - NOT_RUN: click(findTestObject("OCS-MOBILE /Filter flyout/Gage Cannabis Co"), OPTIONAL)

2019-07-02 17:22:33 - [TEST_STEP][PASSED] - delay(2, OPTIONAL): Delayed 2 second(s)

2019-07-02 17:22:35 - [MESSAGE][PASSED] - Delayed 2 second(s)

2019-07-02 17:22:35 - [TEST_STEP][NOT_RUN] - click(findTestObject("OCS-MOBILE /Filter flyout/INDIVA"), OPTIONAL): NOT_RUN: click(findTestObject("OCS-MOBILE /Filter flyout/INDIVA"), OPTIONAL)

2019-07-02 17:22:35 - [MESSAGE][NOT_RUN] - NOT_RUN: click(findTestObject("OCS-MOBILE /Filter flyout/INDIVA"), OPTIONAL)

2019-07-02 17:22:35 - [TEST_STEP][PASSED] - delay(2, OPTIONAL): Delayed 2 second(s)

2019-07-02 17:22:37 - [MESSAGE][PASSED] - Delayed 2 second(s)

2019-07-02 17:22:37 - [TEST_STEP][PASSED] - click(findTestObject("OCS-MOBILE /Filter flyout/RIFF"), OPTIONAL): Unable to click on object 'Object Repository/OCS-MOBILE /Filter flyout/RIFF' (Root cause: com.kms.katalon.core.webui.exception.WebElementNotFoundException: Web element with id: 'Object Repository/OCS-MOBILE /Filter flyout/RIFF' located by 'By.xpath: //span[contains(text(),'RIFF')]' not found)

2019-07-02 17:23:07 - [MESSAGE][INFO] - Unable to find the element located by 'By.xpath: //span[contains(text(),'RIFF')]'. Please recheck the objects properties to make sure the desired element is located. 

2019-07-02 17:23:08 - [MESSAGE][WARNING] - Unable to click on object 'Object Repository/OCS-MOBILE /Filter flyout/RIFF' (Root cause: com.kms.katalon.core.webui.exception.WebElementNotFoundException: Web element with id: 'Object Repository/OCS-MOBILE /Filter flyout/RIFF' located by 'By.xpath: //span[contains(text(),'RIFF')]' not found)
[[ATTACHMENT|/Users/sumankompelly/Relative xpath-Mobile/Reports/1.11.1/20190702_161421/1562102587827.png]]

2019-07-02 17:23:08 - [TEST_STEP][PASSED] - delay(2, OPTIONAL): Delayed 2 second(s)

2019-07-02 17:23:10 - [MESSAGE][PASSED] - Delayed 2 second(s)

2019-07-02 17:23:10 - [TEST_STEP][PASSED] - click(findTestObject("OCS-MOBILE /Filter flyout/Seven Oaks"), OPTIONAL): Object: 'Object Repository/OCS-MOBILE /Filter flyout/Seven Oaks' is clicked on

2019-07-02 17:23:10 - [MESSAGE][PASSED] - Object: 'Object Repository/OCS-MOBILE /Filter flyout/Seven Oaks' is clicked on

2019-07-02 17:23:10 - [TEST_STEP][PASSED] - delay(2, OPTIONAL): Delayed 2 second(s)

2019-07-02 17:23:12 - [MESSAGE][PASSED] - Delayed 2 second(s)

2019-07-02 17:23:12 - [TEST_STEP][PASSED] - click(findTestObject("Object Repository/COLLECTION PAGE _OR/Filter_OR/Page_Pre-Rolled  Ontario Cannabis S/label_Synr.g"), OPTIONAL): Unable to click on object (Root cause: java.lang.IllegalArgumentException: Object is null)

2019-07-02 17:23:12 - [MESSAGE][WARNING] - Test object with id 'Object Repository/COLLECTION PAGE _OR/Filter_OR/Page_Pre-Rolled  Ontario Cannabis S/label_Synr.g' does not exist

2019-07-02 17:23:12 - [MESSAGE][WARNING] - Test object with id 'Object Repository/' does not exist

2019-07-02 17:23:12 - [MESSAGE][WARNING] - Unable to click on object (Root cause: java.lang.IllegalArgumentException: Object is null)
[[ATTACHMENT|/Users/sumankompelly/Relative xpath-Mobile/Reports/1.11.1/20190702_161421/1562102592177.png]]

2019-07-02 17:23:12 - [TEST_STEP][PASSED] - delay(2, OPTIONAL): Delayed 2 second(s)

2019-07-02 17:23:14 - [MESSAGE][PASSED] - Delayed 2 second(s)

2019-07-02 17:23:14 - [TEST_STEP][PASSED] - click(findTestObject("OCS-MOBILE /Filter flyout/Trailblazer"), OPTIONAL): Unable to click on object 'Object Repository/OCS-MOBILE /Filter flyout/Trailblazer' (Root cause: com.kms.katalon.core.webui.exception.WebElementNotFoundException: Web element with id: 'Object Repository/OCS-MOBILE /Filter flyout/Trailblazer' located by 'By.xpath: //span[contains(text(),'Trailblazer')]' not found)

2019-07-02 17:23:45 - [MESSAGE][INFO] - Unable to find the element located by 'By.xpath: //span[contains(text(),'Trailblazer')]'. Please recheck the objects properties to make sure the desired element is located. 

2019-07-02 17:23:45 - [MESSAGE][WARNING] - Unable to click on object 'Object Repository/OCS-MOBILE /Filter flyout/Trailblazer' (Root cause: com.kms.katalon.core.webui.exception.WebElementNotFoundException: Web element with id: 'Object Repository/OCS-MOBILE /Filter flyout/Trailblazer' located by 'By.xpath: //span[contains(text(),'Trailblazer')]' not found)
[[ATTACHMENT|/Users/sumankompelly/Relative xpath-Mobile/Reports/1.11.1/20190702_161421/1562102625186.png]]

2019-07-02 17:23:45 - [TEST_STEP][PASSED] - delay(2, OPTIONAL): Delayed 2 second(s)

2019-07-02 17:23:47 - [MESSAGE][PASSED] - Delayed 2 second(s)

2019-07-02 17:23:47 - [TEST_STEP][PASSED] - click(findTestObject("OCS-MOBILE /Filter flyout/_Xscape"), OPTIONAL): Unable to click on object 'Object Repository/OCS-MOBILE /Filter flyout/_Xscape' (Root cause: com.kms.katalon.core.webui.exception.WebElementNotFoundException: Web element with id: 'Object Repository/OCS-MOBILE /Filter flyout/_Xscape' located by 'By.xpath: //span[contains(text(),'Xscape')]' not found)

2019-07-02 17:24:18 - [MESSAGE][INFO] - Unable to find the element located by 'By.xpath: //span[contains(text(),'Xscape')]'. Please recheck the objects properties to make sure the desired element is located. 

2019-07-02 17:24:18 - [MESSAGE][WARNING] - Unable to click on object 'Object Repository/OCS-MOBILE /Filter flyout/_Xscape' (Root cause: com.kms.katalon.core.webui.exception.WebElementNotFoundException: Web element with id: 'Object Repository/OCS-MOBILE /Filter flyout/_Xscape' located by 'By.xpath: //span[contains(text(),'Xscape')]' not found)
[[ATTACHMENT|/Users/sumankompelly/Relative xpath-Mobile/Reports/1.11.1/20190702_161421/1562102658239.png]]

2019-07-02 17:24:18 - [TEST_STEP][PASSED] - delay(2, OPTIONAL): Delayed 2 second(s)

2019-07-02 17:24:20 - [MESSAGE][PASSED] - Delayed 2 second(s)

2019-07-02 17:24:20 - [TEST_STEP][PASSED] - click(findTestObject("OCS-MOBILE /Filter flyout/Aurora"), OPTIONAL): Object: 'Object Repository/OCS-MOBILE /Filter flyout/Aurora' is clicked on

2019-07-02 17:24:20 - [MESSAGE][PASSED] - Object: 'Object Repository/OCS-MOBILE /Filter flyout/Aurora' is clicked on

2019-07-02 17:24:20 - [TEST_STEP][PASSED] - click(findTestObject("OCS-MOBILE /Filter flyout/Canna Farms"), OPTIONAL): Object: 'Object Repository/OCS-MOBILE /Filter flyout/Canna Farms' is clicked on

2019-07-02 17:24:20 - [MESSAGE][PASSED] - Object: 'Object Repository/OCS-MOBILE /Filter flyout/Canna Farms' is clicked on

2019-07-02 17:24:20 - [TEST_STEP][PASSED] - click(findTestObject("OCS-MOBILE /Filter flyout/Edison"), OPTIONAL): Object: 'Object Repository/OCS-MOBILE /Filter flyout/Edison' is clicked on

2019-07-02 17:24:20 - [MESSAGE][PASSED] - Object: 'Object Repository/OCS-MOBILE /Filter flyout/Edison' is clicked on

2019-07-02 17:24:20 - [TEST_STEP][PASSED] - click(findTestObject("OCS-MOBILE /Filter flyout/Flowr"), OPTIONAL): Object: 'Object Repository/OCS-MOBILE /Filter flyout/Flowr' is clicked on

2019-07-02 17:24:20 - [MESSAGE][PASSED] - Object: 'Object Repository/OCS-MOBILE /Filter flyout/Flowr' is clicked on

2019-07-02 17:24:20 - [TEST_STEP][PASSED] - click(findTestObject("OCS-MOBILE /Filter flyout/Haven St"), OPTIONAL): Object: 'Object Repository/OCS-MOBILE /Filter flyout/Haven St' is clicked on

2019-07-02 17:24:20 - [MESSAGE][PASSED] - Object: 'Object Repository/OCS-MOBILE /Filter flyout/Haven St' is clicked on

2019-07-02 17:24:20 - [TEST_STEP][PASSED] - click(findTestObject("OCS-MOBILE /Filter flyout/liiv"), OPTIONAL): Unable to click on object 'Object Repository/OCS-MOBILE /Filter flyout/liiv' (Root cause: com.kms.katalon.core.webui.exception.WebElementNotFoundException: Web element with id: 'Object Repository/OCS-MOBILE /Filter flyout/liiv' located by 'By.xpath: //span[(text() = 'liiv' or . = 'liiv')]' not found)

2019-07-02 17:24:51 - [MESSAGE][INFO] - Unable to find the element located by 'By.xpath: //span[(text() = 'liiv' or . = 'liiv')]'. Please recheck the objects properties to make sure the desired element is located. 

2019-07-02 17:24:51 - [MESSAGE][WARNING] - Unable to click on object 'Object Repository/OCS-MOBILE /Filter flyout/liiv' (Root cause: com.kms.katalon.core.webui.exception.WebElementNotFoundException: Web element with id: 'Object Repository/OCS-MOBILE /Filter flyout/liiv' located by 'By.xpath: //span[(text() = 'liiv' or . = 'liiv')]' not found)
[[ATTACHMENT|/Users/sumankompelly/Relative xpath-Mobile/Reports/1.11.1/20190702_161421/1562102691680.png]]

2019-07-02 17:24:51 - [TEST_STEP][PASSED] - click(findTestObject("OCS-MOBILE /Filter flyout/Saturday"), OPTIONAL): Object: 'Object Repository/OCS-MOBILE /Filter flyout/Saturday' is clicked on

2019-07-02 17:24:51 - [MESSAGE][PASSED] - Object: 'Object Repository/OCS-MOBILE /Filter flyout/Saturday' is clicked on

2019-07-02 17:24:51 - [TEST_STEP][PASSED] - click(findTestObject("OCS-MOBILE /Filter flyout/Spinach"), OPTIONAL): Unable to click on object 'Object Repository/OCS-MOBILE /Filter flyout/Spinach' (Root cause: com.kms.katalon.core.webui.exception.WebElementNotFoundException: Web element with id: 'Object Repository/OCS-MOBILE /Filter flyout/Spinach' located by 'By.xpath: //span[contains(text(),'Spinach')][count(. | //label[(text() = 'Spinach' or . = 'Spinach')]) = count(//label[(text() = 'Spinach' or . = 'Spinach')])]' not found)

2019-07-02 17:25:22 - [MESSAGE][INFO] - Unable to find the element located by 'By.xpath: //span[contains(text(),'Spinach')][count(. | //label[(text() = 'Spinach' or . = 'Spinach')]) = count(//label[(text() = 'Spinach' or . = 'Spinach')])]'. Please recheck the objects properties to make sure the desired element is located. 

2019-07-02 17:25:22 - [MESSAGE][WARNING] - Unable to click on object 'Object Repository/OCS-MOBILE /Filter flyout/Spinach' (Root cause: com.kms.katalon.core.webui.exception.WebElementNotFoundException: Web element with id: 'Object Repository/OCS-MOBILE /Filter flyout/Spinach' located by 'By.xpath: //span[contains(text(),'Spinach')][count(. | //label[(text() = 'Spinach' or . = 'Spinach')]) = count(//label[(text() = 'Spinach' or . = 'Spinach')])]' not found)
[[ATTACHMENT|/Users/sumankompelly/Relative xpath-Mobile/Reports/1.11.1/20190702_161421/1562102722729.png]]

2019-07-02 17:25:22 - [TEST_STEP][PASSED] - click(findTestObject("Object Repository/COLLECTION PAGE _OR/Filter_OR/Page_Pre-Rolled  Ontario Cannabis S/label_Spinach"), OPTIONAL): Unable to click on object (Root cause: java.lang.IllegalArgumentException: Object is null)

2019-07-02 17:25:22 - [MESSAGE][WARNING] - Test object with id 'Object Repository/COLLECTION PAGE _OR/Filter_OR/Page_Pre-Rolled  Ontario Cannabis S/label_Spinach' does not exist

2019-07-02 17:25:22 - [MESSAGE][WARNING] - Test object with id 'Object Repository/' does not exist

2019-07-02 17:25:23 - [MESSAGE][WARNING] - Unable to click on object (Root cause: java.lang.IllegalArgumentException: Object is null)
[[ATTACHMENT|/Users/sumankompelly/Relative xpath-Mobile/Reports/1.11.1/20190702_161421/1562102722971.png]]

2019-07-02 17:25:23 - [TEST_STEP][PASSED] - click(findTestObject("OCS-MOBILE /Filter flyout/THC BioMed"), OPTIONAL): Object: 'Object Repository/OCS-MOBILE /Filter flyout/THC BioMed' is clicked on

2019-07-02 17:25:23 - [MESSAGE][PASSED] - Object: 'Object Repository/OCS-MOBILE /Filter flyout/THC BioMed' is clicked on

2019-07-02 17:25:23 - [TEST_STEP][PASSED] - click(findTestObject("OCS-MOBILE /Filter flyout/Whistler Cannabis Co"), OPTIONAL): Object: 'Object Repository/OCS-MOBILE /Filter flyout/Whistler Cannabis Co' is clicked on

2019-07-02 17:25:23 - [MESSAGE][PASSED] - Object: 'Object Repository/OCS-MOBILE /Filter flyout/Whistler Cannabis Co' is clicked on

2019-07-02 17:25:23 - [TEST_STEP][PASSED] - click(findTestObject("OCS-MOBILE /Filter flyout/Spinach"), OPTIONAL): Unable to click on object 'Object Repository/OCS-MOBILE /Filter flyout/Spinach' (Root cause: com.kms.katalon.core.webui.exception.WebElementNotFoundException: Web element with id: 'Object Repository/OCS-MOBILE /Filter flyout/Spinach' located by 'By.xpath: //span[contains(text(),'Spinach')][count(. | //label[(text() = 'Spinach' or . = 'Spinach')]) = count(//label[(text() = 'Spinach' or . = 'Spinach')])]' not found)

2019-07-02 17:25:54 - [MESSAGE][INFO] - Unable to find the element located by 'By.xpath: //span[contains(text(),'Spinach')][count(. | //label[(text() = 'Spinach' or . = 'Spinach')]) = count(//label[(text() = 'Spinach' or . = 'Spinach')])]'. Please recheck the objects properties to make sure the desired element is located. 

2019-07-02 17:25:54 - [MESSAGE][WARNING] - Unable to click on object 'Object Repository/OCS-MOBILE /Filter flyout/Spinach' (Root cause: com.kms.katalon.core.webui.exception.WebElementNotFoundException: Web element with id: 'Object Repository/OCS-MOBILE /Filter flyout/Spinach' located by 'By.xpath: //span[contains(text(),'Spinach')][count(. | //label[(text() = 'Spinach' or . = 'Spinach')]) = count(//label[(text() = 'Spinach' or . = 'Spinach')])]' not found)
[[ATTACHMENT|/Users/sumankompelly/Relative xpath-Mobile/Reports/1.11.1/20190702_161421/1562102754095.png]]

2019-07-02 17:25:54 - [TEST_STEP][PASSED] - click(findTestObject("OCS-MOBILE /Filter flyout/Spinach1"), OPTIONAL): Object: 'Object Repository/OCS-MOBILE /Filter flyout/Spinach1' is clicked on

2019-07-02 17:25:54 - [MESSAGE][PASSED] - Object: 'Object Repository/OCS-MOBILE /Filter flyout/Spinach1' is clicked on

2019-07-02 17:25:54 - [TEST_STEP][NOT_RUN] - click(findTestObject("OCS-MOBILE /Filter flyout/Learn More About brand"), OPTIONAL): NOT_RUN: click(findTestObject("OCS-MOBILE /Filter flyout/Learn More About brand"), OPTIONAL)

2019-07-02 17:25:54 - [MESSAGE][NOT_RUN] - NOT_RUN: click(findTestObject("OCS-MOBILE /Filter flyout/Learn More About brand"), OPTIONAL)

2019-07-02 17:25:54 - [TEST_STEP][NOT_RUN] - setText(findTestObject("OCS-MOBILE /Filter flyout/Input to search - brand"), "boveda", OPTIONAL): NOT_RUN: setText(findTestObject("OCS-MOBILE /Filter flyout/Input to search - brand"), "boveda", OPTIONAL)

2019-07-02 17:25:54 - [MESSAGE][NOT_RUN] - NOT_RUN: setText(findTestObject("OCS-MOBILE /Filter flyout/Input to search - brand"), "boveda", OPTIONAL)

2019-07-02 17:25:54 - [TEST_STEP][NOT_RUN] - verifyTextPresent("", Keys.chord(ENTER), OPTIONAL): NOT_RUN: verifyTextPresent("", Keys.chord(ENTER), OPTIONAL)

2019-07-02 17:25:54 - [MESSAGE][NOT_RUN] - NOT_RUN: verifyTextPresent("", Keys.chord(ENTER), OPTIONAL)

2019-07-02 17:25:54 - [TEST_STEP][NOT_RUN] - verifyTextPresent("Boveda", false, OPTIONAL): NOT_RUN: verifyTextPresent("Boveda", false, OPTIONAL)

2019-07-02 17:25:54 - [MESSAGE][NOT_RUN] - NOT_RUN: verifyTextPresent("Boveda", false, OPTIONAL)

2019-07-02 17:25:54 - [TEST_STEP][NOT_RUN] - setText(findTestObject("OCS-MOBILE /Filter flyout/Input to search - brand"), "ace valley", OPTIONAL): NOT_RUN: setText(findTestObject("OCS-MOBILE /Filter flyout/Input to search - brand"), "ace valley", OPTIONAL)

2019-07-02 17:25:54 - [MESSAGE][NOT_RUN] - NOT_RUN: setText(findTestObject("OCS-MOBILE /Filter flyout/Input to search - brand"), "ace valley", OPTIONAL)

2019-07-02 17:25:54 - [TEST_STEP][NOT_RUN] - sendKeys(findTestObject("Object Repository/COLLECTION PAGE _OR/Filter_OR/Page_Shop by Brands  Ontario Cannab/input_Shop by Brands_q"), Keys.chord(ENTER), OPTIONAL): NOT_RUN: sendKeys(findTestObject("Object Repository/COLLECTION PAGE _OR/Filter_OR/Page_Shop by Brands  Ontario Cannab/input_Shop by Brands_q"), Keys.chord(ENTER), OPTIONAL)

2019-07-02 17:25:54 - [MESSAGE][NOT_RUN] - NOT_RUN: sendKeys(findTestObject("Object Repository/COLLECTION PAGE _OR/Filter_OR/Page_Shop by Brands  Ontario Cannab/input_Shop by Brands_q"), Keys.chord(ENTER), OPTIONAL)

2019-07-02 17:25:54 - [TEST_STEP][NOT_RUN] - verifyTextPresent("Ace Valley", false, OPTIONAL): NOT_RUN: verifyTextPresent("Ace Valley", false, OPTIONAL)

2019-07-02 17:25:54 - [MESSAGE][NOT_RUN] - NOT_RUN: verifyTextPresent("Ace Valley", false, OPTIONAL)

2019-07-02 17:25:54 - [TEST_STEP][NOT_RUN] - back(OPTIONAL): NOT_RUN: back(OPTIONAL)

2019-07-02 17:25:54 - [MESSAGE][NOT_RUN] - NOT_RUN: back(OPTIONAL)

2019-07-02 17:25:54 - [TEST_STEP][NOT_RUN] - back(OPTIONAL): NOT_RUN: back(OPTIONAL)

2019-07-02 17:25:54 - [MESSAGE][NOT_RUN] - NOT_RUN: back(OPTIONAL)

2019-07-02 17:25:54 - [TEST_STEP][NOT_RUN] - click(findTestObject("OCS-MOBILE /Filter flyout/Filter option"), OPTIONAL): NOT_RUN: click(findTestObject("OCS-MOBILE /Filter flyout/Filter option"), OPTIONAL)

2019-07-02 17:25:54 - [MESSAGE][NOT_RUN] - NOT_RUN: click(findTestObject("OCS-MOBILE /Filter flyout/Filter option"), OPTIONAL)

2019-07-02 17:25:54 - [TEST_STEP][PASSED] - click(findTestObject("OCS-MOBILE /Filter flyout/Terpenes tooltip"), OPTIONAL): Object: 'Object Repository/OCS-MOBILE /Filter flyout/Terpenes tooltip' is clicked on

2019-07-02 17:25:54 - [MESSAGE][PASSED] - Object: 'Object Repository/OCS-MOBILE /Filter flyout/Terpenes tooltip' is clicked on

2019-07-02 17:25:54 - [TEST_STEP][PASSED] - click(findTestObject("OCS-MOBILE /Filter flyout/Terpenes plus accordian"), OPTIONAL): Object: 'Object Repository/OCS-MOBILE /Filter flyout/Terpenes plus accordian' is clicked on

2019-07-02 17:25:54 - [MESSAGE][PASSED] - Object: 'Object Repository/OCS-MOBILE /Filter flyout/Terpenes plus accordian' is clicked on

2019-07-02 17:25:54 - [TEST_STEP][PASSED] - click(findTestObject("OCS-MOBILE /Filter flyout/Terpenes subtract accordian"), OPTIONAL): Unable to click on object 'Object Repository/OCS-MOBILE /Filter flyout/Terpenes subtract accordian' (Root cause: com.kms.katalon.core.webui.exception.WebElementNotFoundException: Web element with id: 'Object Repository/OCS-MOBILE /Filter flyout/Terpenes subtract accordian' located by 'By.xpath: //div[@class='filter__group accordionize tags']//i[@class='icon icon--subtract']' not found)

2019-07-02 17:26:25 - [MESSAGE][INFO] - Unable to find the element located by 'By.xpath: //div[@class='filter__group accordionize tags']//i[@class='icon icon--subtract']'. Please recheck the objects properties to make sure the desired element is located. 

2019-07-02 17:26:25 - [MESSAGE][WARNING] - Unable to click on object 'Object Repository/OCS-MOBILE /Filter flyout/Terpenes subtract accordian' (Root cause: com.kms.katalon.core.webui.exception.WebElementNotFoundException: Web element with id: 'Object Repository/OCS-MOBILE /Filter flyout/Terpenes subtract accordian' located by 'By.xpath: //div[@class='filter__group accordionize tags']//i[@class='icon icon--subtract']' not found)
[[ATTACHMENT|/Users/sumankompelly/Relative xpath-Mobile/Reports/1.11.1/20190702_161421/1562102785298.png]]

2019-07-02 17:26:25 - [TEST_STEP][PASSED] - click(findTestObject("OCS-MOBILE /Filter flyout/Terpenes plus accordian"), OPTIONAL): Unable to click on object 'Object Repository/OCS-MOBILE /Filter flyout/Terpenes plus accordian' (Root cause: com.kms.katalon.core.webui.exception.WebElementNotFoundException: Web element with id: 'Object Repository/OCS-MOBILE /Filter flyout/Terpenes plus accordian' located by 'By.xpath: //div[@class='filter__group accordionize tags']//i[@class='icon icon--plus']' not found)

2019-07-02 17:26:56 - [MESSAGE][INFO] - Unable to find the element located by 'By.xpath: //div[@class='filter__group accordionize tags']//i[@class='icon icon--plus']'. Please recheck the objects properties to make sure the desired element is located. 

2019-07-02 17:26:56 - [MESSAGE][WARNING] - Unable to click on object 'Object Repository/OCS-MOBILE /Filter flyout/Terpenes plus accordian' (Root cause: com.kms.katalon.core.webui.exception.WebElementNotFoundException: Web element with id: 'Object Repository/OCS-MOBILE /Filter flyout/Terpenes plus accordian' located by 'By.xpath: //div[@class='filter__group accordionize tags']//i[@class='icon icon--plus']' not found)
[[ATTACHMENT|/Users/sumankompelly/Relative xpath-Mobile/Reports/1.11.1/20190702_161421/1562102816240.png]]

2019-07-02 17:26:56 - [TEST_STEP][PASSED] - click(findTestObject("OCS-MOBILE /Filter flyout/Alpha-bisabolol"), OPTIONAL): Object: 'Object Repository/OCS-MOBILE /Filter flyout/Alpha-bisabolol' is clicked on

2019-07-02 17:26:56 - [MESSAGE][PASSED] - Object: 'Object Repository/OCS-MOBILE /Filter flyout/Alpha-bisabolol' is clicked on

2019-07-02 17:26:56 - [TEST_STEP][PASSED] - click(findTestObject("OCS-MOBILE /Filter flyout/Alpha-pinene"), OPTIONAL): Object: 'Object Repository/OCS-MOBILE /Filter flyout/Alpha-pinene' is clicked on

2019-07-02 17:26:56 - [MESSAGE][PASSED] - Object: 'Object Repository/OCS-MOBILE /Filter flyout/Alpha-pinene' is clicked on

2019-07-02 17:26:56 - [TEST_STEP][PASSED] - click(findTestObject("Object Repository/COLLECTION PAGE _OR/Filter_OR/Page_Pre-Rolled  Ontario Cannabis S/label_Alpha-pinene"), OPTIONAL): Unable to click on object (Root cause: java.lang.IllegalArgumentException: Object is null)

2019-07-02 17:26:56 - [MESSAGE][WARNING] - Test object with id 'Object Repository/COLLECTION PAGE _OR/Filter_OR/Page_Pre-Rolled  Ontario Cannabis S/label_Alpha-pinene' does not exist

2019-07-02 17:26:56 - [MESSAGE][WARNING] - Test object with id 'Object Repository/' does not exist

2019-07-02 17:26:56 - [MESSAGE][WARNING] - Unable to click on object (Root cause: java.lang.IllegalArgumentException: Object is null)
[[ATTACHMENT|/Users/sumankompelly/Relative xpath-Mobile/Reports/1.11.1/20190702_161421/1562102816635.png]]

2019-07-02 17:26:56 - [TEST_STEP][PASSED] - click(findTestObject("OCS-MOBILE /Filter flyout/Beta-pinene"), OPTIONAL): Object: 'Object Repository/OCS-MOBILE /Filter flyout/Beta-pinene' is clicked on

2019-07-02 17:26:56 - [MESSAGE][PASSED] - Object: 'Object Repository/OCS-MOBILE /Filter flyout/Beta-pinene' is clicked on

2019-07-02 17:26:56 - [TEST_STEP][PASSED] - click(findTestObject("OCS-MOBILE /Filter flyout/Guaiol"), OPTIONAL): Object: 'Object Repository/OCS-MOBILE /Filter flyout/Guaiol' is clicked on

2019-07-02 17:26:57 - [MESSAGE][PASSED] - Object: 'Object Repository/OCS-MOBILE /Filter flyout/Guaiol' is clicked on

2019-07-02 17:26:57 - [TEST_STEP][PASSED] - click(findTestObject("OCS-MOBILE /Filter flyout/Limonene"), OPTIONAL): Object: 'Object Repository/OCS-MOBILE /Filter flyout/Limonene' is clicked on

2019-07-02 17:26:57 - [MESSAGE][PASSED] - Object: 'Object Repository/OCS-MOBILE /Filter flyout/Limonene' is clicked on

2019-07-02 17:26:57 - [TEST_STEP][PASSED] - delay(1, OPTIONAL): Delayed 1 second(s)

2019-07-02 17:26:58 - [MESSAGE][PASSED] - Delayed 1 second(s)

2019-07-02 17:26:58 - [TEST_STEP][PASSED] - click(findTestObject("OCS-MOBILE /Filter flyout/Myrcene"), OPTIONAL): Object: 'Object Repository/OCS-MOBILE /Filter flyout/Myrcene' is clicked on

2019-07-02 17:26:58 - [MESSAGE][PASSED] - Object: 'Object Repository/OCS-MOBILE /Filter flyout/Myrcene' is clicked on

2019-07-02 17:26:58 - [TEST_STEP][PASSED] - delay(1, OPTIONAL): Delayed 1 second(s)

2019-07-02 17:26:59 - [MESSAGE][PASSED] - Delayed 1 second(s)

2019-07-02 17:26:59 - [TEST_STEP][PASSED] - click(findTestObject("OCS-MOBILE /Filter flyout/Ocimene"), OPTIONAL): Object: 'Object Repository/OCS-MOBILE /Filter flyout/Ocimene' is clicked on

2019-07-02 17:26:59 - [MESSAGE][PASSED] - Object: 'Object Repository/OCS-MOBILE /Filter flyout/Ocimene' is clicked on

2019-07-02 17:26:59 - [TEST_STEP][PASSED] - click(findTestObject("OCS-MOBILE /Filter flyout/Terpinene"), OPTIONAL): Object: 'Object Repository/OCS-MOBILE /Filter flyout/Terpinene' is clicked on

2019-07-02 17:26:59 - [MESSAGE][PASSED] - Object: 'Object Repository/OCS-MOBILE /Filter flyout/Terpinene' is clicked on

2019-07-02 17:26:59 - [TEST_STEP][PASSED] - click(findTestObject("OCS-MOBILE /Filter flyout/Terpinolene"), OPTIONAL): Unable to click on object 'Object Repository/OCS-MOBILE /Filter flyout/Terpinolene' (Root cause: org.openqa.selenium.WebDriverException: unknown error: Element <span>...</span> is not clickable at point (288, 425). Other element would receive the click: <div class="filter__applied-filters" style="display: block;">...</div>
  (Session info: chrome=75.0.3770.100)
  (Driver info: chromedriver=2.43.600229 (3fae4d0cda5334b4f533bede5a4787f7b832d052),platform=Mac OS X 10.13.6 x86_64) (WARNING: The server did not provide any stacktrace information)
Command duration or timeout: 0 milliseconds
Build info: version: '3.7.1', revision: '8a0099a', time: '2017-11-06T21:07:36.161Z'
System info: host: 'sumans-MacBook-Pro.local', ip: 'fe80:0:0:0:98:5ae9:edb9:537f%en0', os.name: 'Mac OS X', os.arch: 'x86_64', os.version: '10.13.6', java.version: '1.8.0_181'
Driver info: com.kms.katalon.selenium.driver.CChromeDriver
Capabilities {acceptInsecureCerts: false, acceptSslCerts: false, applicationCacheEnabled: false, browserConnectionEnabled: false, browserName: chrome, chrome: {chromedriverVersion: 2.43.600229 (3fae4d0cda5334..., userDataDir: /var/folders/1t/c55l8xzs6gq...}, cssSelectorsEnabled: true, databaseEnabled: false, goog:chromeOptions: {debuggerAddress: localhost:57538}, handlesAlerts: true, hasTouchScreen: false, javascriptEnabled: true, locationContextEnabled: true, mobileEmulationEnabled: false, nativeEvents: true, networkConnectionEnabled: false, pageLoadStrategy: normal, platform: MAC, platformName: MAC, rotatable: false, setWindowRect: true, takesHeapSnapshot: true, takesScreenshot: true, unexpectedAlertBehaviour: , unhandledPromptBehavior: , version: 75.0.3770.100, webStorageEnabled: true}
Session ID: d741a756acb3fbb5da418413bc88b730)

2019-07-02 17:26:59 - [MESSAGE][WARNING] - Unable to click on object 'Object Repository/OCS-MOBILE /Filter flyout/Terpinolene' (Root cause: org.openqa.selenium.WebDriverException: unknown error: Element <span>...</span> is not clickable at point (288, 425). Other element would receive the click: <div class="filter__applied-filters" style="display: block;">...</div>
  (Session info: chrome=75.0.3770.100)
  (Driver info: chromedriver=2.43.600229 (3fae4d0cda5334b4f533bede5a4787f7b832d052),platform=Mac OS X 10.13.6 x86_64) (WARNING: The server did not provide any stacktrace information)
Command duration or timeout: 0 milliseconds
Build info: version: '3.7.1', revision: '8a0099a', time: '2017-11-06T21:07:36.161Z'
System info: host: 'sumans-MacBook-Pro.local', ip: 'fe80:0:0:0:98:5ae9:edb9:537f%en0', os.name: 'Mac OS X', os.arch: 'x86_64', os.version: '10.13.6', java.version: '1.8.0_181'
Driver info: com.kms.katalon.selenium.driver.CChromeDriver
Capabilities {acceptInsecureCerts: false, acceptSslCerts: false, applicationCacheEnabled: false, browserConnectionEnabled: false, browserName: chrome, chrome: {chromedriverVersion: 2.43.600229 (3fae4d0cda5334..., userDataDir: /var/folders/1t/c55l8xzs6gq...}, cssSelectorsEnabled: true, databaseEnabled: false, goog:chromeOptions: {debuggerAddress: localhost:57538}, handlesAlerts: true, hasTouchScreen: false, javascriptEnabled: true, locationContextEnabled: true, mobileEmulationEnabled: false, nativeEvents: true, networkConnectionEnabled: false, pageLoadStrategy: normal, platform: MAC, platformName: MAC, rotatable: false, setWindowRect: true, takesHeapSnapshot: true, takesScreenshot: true, unexpectedAlertBehaviour: , unhandledPromptBehavior: , version: 75.0.3770.100, webStorageEnabled: true}
Session ID: d741a756acb3fbb5da418413bc88b730)
[[ATTACHMENT|/Users/sumankompelly/Relative xpath-Mobile/Reports/1.11.1/20190702_161421/1562102819376.png]]

2019-07-02 17:26:59 - [TEST_STEP][PASSED] - delay(1, OPTIONAL): Delayed 1 second(s)

2019-07-02 17:27:00 - [MESSAGE][PASSED] - Delayed 1 second(s)

2019-07-02 17:27:00 - [TEST_STEP][NOT_RUN] - click(findTestObject("Object Repository/COLLECTION PAGE _OR/Filter_OR/Page_Pre-Rolled  Ontario Cannabis S/span_Trans-caryophyllene"), OPTIONAL): NOT_RUN: click(findTestObject("Object Repository/COLLECTION PAGE _OR/Filter_OR/Page_Pre-Rolled  Ontario Cannabis S/span_Trans-caryophyllene"), OPTIONAL)

2019-07-02 17:27:00 - [MESSAGE][NOT_RUN] - NOT_RUN: click(findTestObject("Object Repository/COLLECTION PAGE _OR/Filter_OR/Page_Pre-Rolled  Ontario Cannabis S/span_Trans-caryophyllene"), OPTIONAL)

2019-07-02 17:27:00 - [TEST_STEP][PASSED] - click(findTestObject("OCS-MOBILE /Filter flyout/Terpineol"), OPTIONAL): Object: 'Object Repository/OCS-MOBILE /Filter flyout/Terpineol' is clicked on

2019-07-02 17:27:00 - [MESSAGE][PASSED] - Object: 'Object Repository/OCS-MOBILE /Filter flyout/Terpineol' is clicked on

2019-07-02 17:27:00 - [TEST_STEP][PASSED] - click(findTestObject("OCS-MOBILE /Filter flyout/Para-cymenene"), OPTIONAL): Object: 'Object Repository/OCS-MOBILE /Filter flyout/Para-cymenene' is clicked on

2019-07-02 17:27:00 - [MESSAGE][PASSED] - Object: 'Object Repository/OCS-MOBILE /Filter flyout/Para-cymenene' is clicked on

2019-07-02 17:27:00 - [TEST_STEP][PASSED] - click(findTestObject("OCS-MOBILE /Filter flyout/Nerolidol"), OPTIONAL): Object: 'Object Repository/OCS-MOBILE /Filter flyout/Nerolidol' is clicked on

2019-07-02 17:27:00 - [MESSAGE][PASSED] - Object: 'Object Repository/OCS-MOBILE /Filter flyout/Nerolidol' is clicked on

2019-07-02 17:27:00 - [TEST_STEP][PASSED] - click(findTestObject("OCS-MOBILE /Filter flyout/Linalool"), OPTIONAL): Object: 'Object Repository/OCS-MOBILE /Filter flyout/Linalool' is clicked on

2019-07-02 17:27:00 - [MESSAGE][PASSED] - Object: 'Object Repository/OCS-MOBILE /Filter flyout/Linalool' is clicked on

2019-07-02 17:27:00 - [TEST_STEP][PASSED] - click(findTestObject("OCS-MOBILE /Filter flyout/Humulene"), OPTIONAL): Object: 'Object Repository/OCS-MOBILE /Filter flyout/Humulene' is clicked on

2019-07-02 17:27:01 - [MESSAGE][PASSED] - Object: 'Object Repository/OCS-MOBILE /Filter flyout/Humulene' is clicked on

2019-07-02 17:27:01 - [TEST_STEP][PASSED] - click(findTestObject("OCS-MOBILE /Filter flyout/Bisabolol"), OPTIONAL): Object: 'Object Repository/OCS-MOBILE /Filter flyout/Bisabolol' is clicked on

2019-07-02 17:27:01 - [MESSAGE][PASSED] - Object: 'Object Repository/OCS-MOBILE /Filter flyout/Bisabolol' is clicked on

2019-07-02 17:27:01 - [TEST_STEP][PASSED] - click(findTestObject("OCS-MOBILE /Filter flyout/Beta-caryophyllene"), OPTIONAL): Object: 'Object Repository/OCS-MOBILE /Filter flyout/Beta-caryophyllene' is clicked on

2019-07-02 17:27:01 - [MESSAGE][PASSED] - Object: 'Object Repository/OCS-MOBILE /Filter flyout/Beta-caryophyllene' is clicked on

2019-07-02 17:27:01 - [TEST_STEP][PASSED] - click(findTestObject("OCS-MOBILE /Filter flyout/Alpha-caryophyllene"), OPTIONAL): Object: 'Object Repository/OCS-MOBILE /Filter flyout/Alpha-caryophyllene' is clicked on

2019-07-02 17:27:01 - [MESSAGE][PASSED] - Object: 'Object Repository/OCS-MOBILE /Filter flyout/Alpha-caryophyllene' is clicked on

2019-07-02 17:27:01 - [TEST_STEP][PASSED] - click(findTestObject("OCS-MOBILE /Filter flyout/Trans-caryophyllene"), OPTIONAL): Object: 'Object Repository/OCS-MOBILE /Filter flyout/Trans-caryophyllene' is clicked on

2019-07-02 17:27:01 - [MESSAGE][PASSED] - Object: 'Object Repository/OCS-MOBILE /Filter flyout/Trans-caryophyllene' is clicked on

2019-07-02 17:27:01 - [TEST_STEP][PASSED] - delay(2): Delayed 2 second(s)

2019-07-02 17:27:03 - [MESSAGE][PASSED] - Delayed 2 second(s)

2019-07-02 17:27:03 - [TEST_STEP][PASSED] - delay(1, OPTIONAL): Delayed 1 second(s)

2019-07-02 17:27:04 - [MESSAGE][PASSED] - Delayed 1 second(s)

2019-07-02 17:27:04 - [TEST_STEP][PASSED] - click(findTestObject("OCS-MOBILE /Filter flyout/Done (43)")): Object: 'Object Repository/OCS-MOBILE /Filter flyout/Done (43)' is clicked on

2019-07-02 17:27:04 - [MESSAGE][PASSED] - Object: 'Object Repository/OCS-MOBILE /Filter flyout/Done (43)' is clicked on

2019-07-02 17:27:04 - [TEST_STEP][PASSED] - a = getText(findTestObject("OCS-MOBILE /Filter flyout/li_Pre-Rolled")): Text of object 'Object Repository/OCS-MOBILE /Filter flyout/li_Pre-Rolled' is: 'INDICA DOMINANT DRIED FLOWER'

2019-07-02 17:27:04 - [MESSAGE][PASSED] - Text of object 'Object Repository/OCS-MOBILE /Filter flyout/li_Pre-Rolled' is: 'INDICA DOMINANT DRIED FLOWER'

2019-07-02 17:27:04 - [TEST_STEP][PASSED] - comment(a): INDICA DOMINANT DRIED FLOWER

2019-07-02 17:27:04 - [MESSAGE][INFO] - INDICA DOMINANT DRIED FLOWER

2019-07-02 17:27:04 - [TEST_STEP][PASSED] - if (a == "40 Products"): null

2019-07-02 17:27:04 - [TEST_STEP][PASSED] - else: products filtered

2019-07-02 17:27:04 - [TEST_STEP][PASSED] - comment("products filtered"): products filtered

2019-07-02 17:27:04 - [MESSAGE][INFO] - products filtered]]></system-out>
         <system-err><![CDATA[]]></system-err>
      </testcase>
      <system-out><![CDATA[2019-07-02 16:14:23 - [TEST_SUITE][FAILED] - 1.11.1: Test Cases/OCS- FRENCH/CRITICAL PATH/cart page - decrease qty - fr FAILED.
Reason:
com.kms.katalon.core.exception.StepFailedException: Unable to click on object 'Object Repository/OCS-MOBILE /Cart flyout/Checkbox_I confirm that' (Root cause: org.openqa.selenium.ElementNotVisibleException: element not interactable
  (Session info: chrome=75.0.3770.100)
  (Driver info: chromedriver=2.43.600229 (3fae4d0cda5334b4f533bede5a4787f7b832d052),platform=Mac OS X 10.13.6 x86_64) (WARNING: The server did not provide any stacktrace information)
Command duration or timeout: 0 milliseconds
Build info: version: '3.7.1', revision: '8a0099a', time: '2017-11-06T21:07:36.161Z'
System info: host: 'sumans-MacBook-Pro.local', ip: 'fe80:0:0:0:98:5ae9:edb9:537f%en0', os.name: 'Mac OS X', os.arch: 'x86_64', os.version: '10.13.6', java.version: '1.8.0_181'
Driver info: com.kms.katalon.selenium.driver.CChromeDriver
Capabilities {acceptInsecureCerts: false, acceptSslCerts: false, applicationCacheEnabled: false, browserConnectionEnabled: false, browserName: chrome, chrome: {chromedriverVersion: 2.43.600229 (3fae4d0cda5334..., userDataDir: /var/folders/1t/c55l8xzs6gq...}, cssSelectorsEnabled: true, databaseEnabled: false, goog:chromeOptions: {debuggerAddress: localhost:56673}, handlesAlerts: true, hasTouchScreen: false, javascriptEnabled: true, locationContextEnabled: true, mobileEmulationEnabled: false, nativeEvents: true, networkConnectionEnabled: false, pageLoadStrategy: normal, platform: MAC, platformName: MAC, rotatable: false, setWindowRect: true, takesHeapSnapshot: true, takesScreenshot: true, unexpectedAlertBehaviour: , unhandledPromptBehavior: , version: 75.0.3770.100, webStorageEnabled: true}
Session ID: 40c38b91f7e7c719ffec299f454433b7)
	at com.kms.katalon.core.keyword.internal.KeywordMain.stepFailed(KeywordMain.groovy:36)
	at com.kms.katalon.core.webui.keyword.internal.WebUIKeywordMain.stepFailed(WebUIKeywordMain.groovy:65)
	at com.kms.katalon.core.webui.keyword.internal.WebUIKeywordMain.runKeyword(WebUIKeywordMain.groovy:27)
	at com.kms.katalon.core.webui.keyword.builtin.ClickKeyword.click(ClickKeyword.groovy:86)
	at com.kms.katalon.core.webui.keyword.builtin.ClickKeyword.execute(ClickKeyword.groovy:67)
	at com.kms.katalon.core.keyword.internal.KeywordExecutor.executeKeywordForPlatform(KeywordExecutor.groovy:53)
	at com.kms.katalon.core.webui.keyword.WebUiBuiltInKeywords.click(WebUiBuiltInKeywords.groovy:616)
	at com.kms.katalon.core.webui.keyword.WebUiBuiltInKeywords$click$4.call(Unknown Source)
	at cart page - decrease qty - fr.run(cart page - decrease qty - fr:80)
	at com.kms.katalon.core.main.ScriptEngine.run(ScriptEngine.java:194)
	at com.kms.katalon.core.main.ScriptEngine.runScriptAsRawText(ScriptEngine.java:119)
	at com.kms.katalon.core.main.TestCaseExecutor.runScript(TestCaseExecutor.java:328)
	at com.kms.katalon.core.main.TestCaseExecutor.doExecute(TestCaseExecutor.java:319)
	at com.kms.katalon.core.main.TestCaseExecutor.processExecutionPhase(TestCaseExecutor.java:298)
	at com.kms.katalon.core.main.TestCaseExecutor.accessMainPhase(TestCaseExecutor.java:290)
	at com.kms.katalon.core.main.TestCaseExecutor.execute(TestCaseExecutor.java:224)
	at com.kms.katalon.core.main.TestSuiteExecutor.accessTestCaseMainPhase(TestSuiteExecutor.java:129)
	at com.kms.katalon.core.main.TestSuiteExecutor.accessTestSuiteMainPhase(TestSuiteExecutor.java:112)
	at com.kms.katalon.core.main.TestSuiteExecutor.execute(TestSuiteExecutor.java:81)
	at com.kms.katalon.core.main.TestCaseMain.startTestSuite(TestCaseMain.java:149)
	at com.kms.katalon.core.main.TestCaseMain$startTestSuite$0.call(Unknown Source)
	at TempTestSuite1562098461396.run(TempTestSuite1562098461396.groovy:36)]]></system-out>
      <system-err><![CDATA[2019-07-02 16:14:23 - [TEST_SUITE][FAILED] - 1.11.1: Test Cases/OCS- FRENCH/CRITICAL PATH/cart page - decrease qty - fr FAILED.
Reason:
com.kms.katalon.core.exception.StepFailedException: Unable to click on object 'Object Repository/OCS-MOBILE /Cart flyout/Checkbox_I confirm that' (Root cause: org.openqa.selenium.ElementNotVisibleException: element not interactable
  (Session info: chrome=75.0.3770.100)
  (Driver info: chromedriver=2.43.600229 (3fae4d0cda5334b4f533bede5a4787f7b832d052),platform=Mac OS X 10.13.6 x86_64) (WARNING: The server did not provide any stacktrace information)
Command duration or timeout: 0 milliseconds
Build info: version: '3.7.1', revision: '8a0099a', time: '2017-11-06T21:07:36.161Z'
System info: host: 'sumans-MacBook-Pro.local', ip: 'fe80:0:0:0:98:5ae9:edb9:537f%en0', os.name: 'Mac OS X', os.arch: 'x86_64', os.version: '10.13.6', java.version: '1.8.0_181'
Driver info: com.kms.katalon.selenium.driver.CChromeDriver
Capabilities {acceptInsecureCerts: false, acceptSslCerts: false, applicationCacheEnabled: false, browserConnectionEnabled: false, browserName: chrome, chrome: {chromedriverVersion: 2.43.600229 (3fae4d0cda5334..., userDataDir: /var/folders/1t/c55l8xzs6gq...}, cssSelectorsEnabled: true, databaseEnabled: false, goog:chromeOptions: {debuggerAddress: localhost:56673}, handlesAlerts: true, hasTouchScreen: false, javascriptEnabled: true, locationContextEnabled: true, mobileEmulationEnabled: false, nativeEvents: true, networkConnectionEnabled: false, pageLoadStrategy: normal, platform: MAC, platformName: MAC, rotatable: false, setWindowRect: true, takesHeapSnapshot: true, takesScreenshot: true, unexpectedAlertBehaviour: , unhandledPromptBehavior: , version: 75.0.3770.100, webStorageEnabled: true}
Session ID: 40c38b91f7e7c719ffec299f454433b7)
	at com.kms.katalon.core.keyword.internal.KeywordMain.stepFailed(KeywordMain.groovy:36)
	at com.kms.katalon.core.webui.keyword.internal.WebUIKeywordMain.stepFailed(WebUIKeywordMain.groovy:65)
	at com.kms.katalon.core.webui.keyword.internal.WebUIKeywordMain.runKeyword(WebUIKeywordMain.groovy:27)
	at com.kms.katalon.core.webui.keyword.builtin.ClickKeyword.click(ClickKeyword.groovy:86)
	at com.kms.katalon.core.webui.keyword.builtin.ClickKeyword.execute(ClickKeyword.groovy:67)
	at com.kms.katalon.core.keyword.internal.KeywordExecutor.executeKeywordForPlatform(KeywordExecutor.groovy:53)
	at com.kms.katalon.core.webui.keyword.WebUiBuiltInKeywords.click(WebUiBuiltInKeywords.groovy:616)
	at com.kms.katalon.core.webui.keyword.WebUiBuiltInKeywords$click$4.call(Unknown Source)
	at cart page - decrease qty - fr.run(cart page - decrease qty - fr:80)
	at com.kms.katalon.core.main.ScriptEngine.run(ScriptEngine.java:194)
	at com.kms.katalon.core.main.ScriptEngine.runScriptAsRawText(ScriptEngine.java:119)
	at com.kms.katalon.core.main.TestCaseExecutor.runScript(TestCaseExecutor.java:328)
	at com.kms.katalon.core.main.TestCaseExecutor.doExecute(TestCaseExecutor.java:319)
	at com.kms.katalon.core.main.TestCaseExecutor.processExecutionPhase(TestCaseExecutor.java:298)
	at com.kms.katalon.core.main.TestCaseExecutor.accessMainPhase(TestCaseExecutor.java:290)
	at com.kms.katalon.core.main.TestCaseExecutor.execute(TestCaseExecutor.java:224)
	at com.kms.katalon.core.main.TestSuiteExecutor.accessTestCaseMainPhase(TestSuiteExecutor.java:129)
	at com.kms.katalon.core.main.TestSuiteExecutor.accessTestSuiteMainPhase(TestSuiteExecutor.java:112)
	at com.kms.katalon.core.main.TestSuiteExecutor.execute(TestSuiteExecutor.java:81)
	at com.kms.katalon.core.main.TestCaseMain.startTestSuite(TestCaseMain.java:149)
	at com.kms.katalon.core.main.TestCaseMain$startTestSuite$0.call(Unknown Source)
	at TempTestSuite1562098461396.run(TempTestSuite1562098461396.groovy:36)]]></system-err>
   </testsuite>
</testsuites>
