<?xml version="1.0" encoding="UTF-8"?>
<testsuites name="HP, PROD , AG,COLL" time="1504" tests="17" failures="2" errors="0">
   <testsuite name="HP, PROD , AG,COLL" tests="17" failures="2" errors="0" time="1504" timestamp="2019-05-27 17:44:19" hostname="sumankompelly - 10.0.126.233" id="Test Suites/QA ( 1.9.1)/HP, PROD , AG,COLL">
      <properties>
         <property name="deviceName" value=""/>
         <property name="devicePlatform" value=""/>
         <property name="logFolder" value="/Users/sumankompelly/Katalon Studio/OCS ( QA- 1.9.1 ) /Reports/QA ( 1.9.1)/HP, PROD , AG,COLL/20190527_174417"/>
         <property name="logFiles" value="/Users/sumankompelly/Katalon Studio/OCS ( QA- 1.9.1 ) /Reports/QA ( 1.9.1)/HP, PROD , AG,COLL/20190527_174417/execution0.log"/>
         <property name="attachments" value="/Users/sumankompelly/Katalon Studio/OCS ( QA- 1.9.1 ) /Reports/QA ( 1.9.1)/HP, PROD , AG,COLL/20190527_174417/1558993547315.png, /Users/sumankompelly/Katalon Studio/OCS ( QA- 1.9.1 ) /Reports/QA ( 1.9.1)/HP, PROD , AG,COLL/20190527_174417/1558993570238.png, /Users/sumankompelly/Katalon Studio/OCS ( QA- 1.9.1 ) /Reports/QA ( 1.9.1)/HP, PROD , AG,COLL/20190527_174417/1558993607777.png, /Users/sumankompelly/Katalon Studio/OCS ( QA- 1.9.1 ) /Reports/QA ( 1.9.1)/HP, PROD , AG,COLL/20190527_174417/1558993638838.png, /Users/sumankompelly/Katalon Studio/OCS ( QA- 1.9.1 ) /Reports/QA ( 1.9.1)/HP, PROD , AG,COLL/20190527_174417/1558993639113.png, /Users/sumankompelly/Katalon Studio/OCS ( QA- 1.9.1 ) /Reports/QA ( 1.9.1)/HP, PROD , AG,COLL/20190527_174417/1558993670249.png, /Users/sumankompelly/Katalon Studio/OCS ( QA- 1.9.1 ) /Reports/QA ( 1.9.1)/HP, PROD , AG,COLL/20190527_174417/1558993671053.png, /Users/sumankompelly/Katalon Studio/OCS ( QA- 1.9.1 ) /Reports/QA ( 1.9.1)/HP, PROD , AG,COLL/20190527_174417/1558993702182.png, /Users/sumankompelly/Katalon Studio/OCS ( QA- 1.9.1 ) /Reports/QA ( 1.9.1)/HP, PROD , AG,COLL/20190527_174417/1558993704716.png, /Users/sumankompelly/Katalon Studio/OCS ( QA- 1.9.1 ) /Reports/QA ( 1.9.1)/HP, PROD , AG,COLL/20190527_174417/1558993807226.png, /Users/sumankompelly/Katalon Studio/OCS ( QA- 1.9.1 ) /Reports/QA ( 1.9.1)/HP, PROD , AG,COLL/20190527_174417/1558993828383.png, /Users/sumankompelly/Katalon Studio/OCS ( QA- 1.9.1 ) /Reports/QA ( 1.9.1)/HP, PROD , AG,COLL/20190527_174417/1558994030246.png, /Users/sumankompelly/Katalon Studio/OCS ( QA- 1.9.1 ) /Reports/QA ( 1.9.1)/HP, PROD , AG,COLL/20190527_174417/1558994032790.png, /Users/sumankompelly/Katalon Studio/OCS ( QA- 1.9.1 ) /Reports/QA ( 1.9.1)/HP, PROD , AG,COLL/20190527_174417/1558994035236.png, /Users/sumankompelly/Katalon Studio/OCS ( QA- 1.9.1 ) /Reports/QA ( 1.9.1)/HP, PROD , AG,COLL/20190527_174417/1558994037657.png, /Users/sumankompelly/Katalon Studio/OCS ( QA- 1.9.1 ) /Reports/QA ( 1.9.1)/HP, PROD , AG,COLL/20190527_174417/1558994041163.png, /Users/sumankompelly/Katalon Studio/OCS ( QA- 1.9.1 ) /Reports/QA ( 1.9.1)/HP, PROD , AG,COLL/20190527_174417/1558994044622.png, /Users/sumankompelly/Katalon Studio/OCS ( QA- 1.9.1 ) /Reports/QA ( 1.9.1)/HP, PROD , AG,COLL/20190527_174417/1558994048089.png, /Users/sumankompelly/Katalon Studio/OCS ( QA- 1.9.1 ) /Reports/QA ( 1.9.1)/HP, PROD , AG,COLL/20190527_174417/1558994051502.png, /Users/sumankompelly/Katalon Studio/OCS ( QA- 1.9.1 ) /Reports/QA ( 1.9.1)/HP, PROD , AG,COLL/20190527_174417/1558994054945.png, /Users/sumankompelly/Katalon Studio/OCS ( QA- 1.9.1 ) /Reports/QA ( 1.9.1)/HP, PROD , AG,COLL/20190527_174417/1558994133671.png, /Users/sumankompelly/Katalon Studio/OCS ( QA- 1.9.1 ) /Reports/QA ( 1.9.1)/HP, PROD , AG,COLL/20190527_174417/1558994140793.png, /Users/sumankompelly/Katalon Studio/OCS ( QA- 1.9.1 ) /Reports/QA ( 1.9.1)/HP, PROD , AG,COLL/20190527_174417/1558994145982.png, /Users/sumankompelly/Katalon Studio/OCS ( QA- 1.9.1 ) /Reports/QA ( 1.9.1)/HP, PROD , AG,COLL/20190527_174417/1558994152735.png, /Users/sumankompelly/Katalon Studio/OCS ( QA- 1.9.1 ) /Reports/QA ( 1.9.1)/HP, PROD , AG,COLL/20190527_174417/1558994158444.png, /Users/sumankompelly/Katalon Studio/OCS ( QA- 1.9.1 ) /Reports/QA ( 1.9.1)/HP, PROD , AG,COLL/20190527_174417/1558994164661.png, /Users/sumankompelly/Katalon Studio/OCS ( QA- 1.9.1 ) /Reports/QA ( 1.9.1)/HP, PROD , AG,COLL/20190527_174417/1558994172432.png, /Users/sumankompelly/Katalon Studio/OCS ( QA- 1.9.1 ) /Reports/QA ( 1.9.1)/HP, PROD , AG,COLL/20190527_174417/1558994179481.png, /Users/sumankompelly/Katalon Studio/OCS ( QA- 1.9.1 ) /Reports/QA ( 1.9.1)/HP, PROD , AG,COLL/20190527_174417/1558994255950.png, /Users/sumankompelly/Katalon Studio/OCS ( QA- 1.9.1 ) /Reports/QA ( 1.9.1)/HP, PROD , AG,COLL/20190527_174417/1558994304538.png, /Users/sumankompelly/Katalon Studio/OCS ( QA- 1.9.1 ) /Reports/QA ( 1.9.1)/HP, PROD , AG,COLL/20190527_174417/1558994393261.png, /Users/sumankompelly/Katalon Studio/OCS ( QA- 1.9.1 ) /Reports/QA ( 1.9.1)/HP, PROD , AG,COLL/20190527_174417/1558994395665.png, /Users/sumankompelly/Katalon Studio/OCS ( QA- 1.9.1 ) /Reports/QA ( 1.9.1)/HP, PROD , AG,COLL/20190527_174417/1558994398028.png, /Users/sumankompelly/Katalon Studio/OCS ( QA- 1.9.1 ) /Reports/QA ( 1.9.1)/HP, PROD , AG,COLL/20190527_174417/1558994748080.png, /Users/sumankompelly/Katalon Studio/OCS ( QA- 1.9.1 ) /Reports/QA ( 1.9.1)/HP, PROD , AG,COLL/20190527_174417/1558994947998.png"/>
         <property name="hostName" value="sumankompelly - 10.0.126.233"/>
         <property name="os" value="Mac OS X 64bit"/>
         <property name="katalonVersion" value="5.10.1.1"/>
         <property name="browser" value="Chrome 74.0.3729.169"/>
         <property name="hostAddress" value="10.0.126.233"/>
         <property name="sessionId" value="11a5ed782cabf0fd3bd951836ef2d2b6"/>
         <property name="seleniumVersion" value="3.7.1"/>
         <property name="proxyInformation" value="ProxyInformation{proxyOption=NO_PROXY, proxyServerType=HTTP, password=, proxyServerAddress=, proxyServerPort=0}"/>
         <property name="platform" value="Mac OS X"/>
      </properties>
      <testcase name="Test Cases/OCS - MOBILE/OCS-COLLECTION PAGE/Chevron dropdown" classname="Test Cases/OCS - MOBILE/OCS-COLLECTION PAGE/Chevron dropdown" status="PASSED">
         <system-out><![CDATA[2019-05-27 17:44:19 - [TEST_CASE][PASSED] - Test Cases/OCS - MOBILE/OCS-COLLECTION PAGE/Chevron dropdown: Test Cases/OCS - MOBILE/OCS-COLLECTION PAGE/Chevron dropdown

2019-05-27 17:44:19 - [TEST_STEP][PASSED] - callTestCase(findTestCase("OCS - MOBILE/CALL - AGE GATE"), [:], STOP_ON_FAILURE): Call Test Case 'Test Cases/OCS - MOBILE/CALL - AGE GATE' successfully

2019-05-27 17:44:20 - [TEST_CASE][PASSED] - Test Cases/OCS - MOBILE/CALL - AGE GATE: Test Cases/OCS - MOBILE/CALL - AGE GATE

2019-05-27 17:44:20 - [TEST_STEP][PASSED] - openBrowser(""): Browser is opened with url: ''

2019-05-27 17:44:20 - [MESSAGE][INFO] - Starting 'Chrome' driver

2019-05-27 17:44:20 - [MESSAGE][INFO] - Action delay is set to 0 seconds

2019-05-27 17:44:22 - [MESSAGE][PASSED] - Browser is opened with url: ''

2019-05-27 17:44:22 - [TEST_STEP][PASSED] - navigateToUrl("https://ocs.ca/?fts=0&preview_theme_id=53376026444"): Navigate to 'https://ocs.ca/?fts=0&preview_theme_id=53376026444' successfully

2019-05-27 17:44:29 - [MESSAGE][PASSED] - Navigate to 'https://ocs.ca/?fts=0&preview_theme_id=53376026444' successfully

2019-05-27 17:44:29 - [TEST_STEP][NOT_RUN] - executeJavaScript("var previewBar = document.getElementById("preview-bar-iframe"); previewBar.style.display = "none";", []): NOT_RUN: executeJavaScript("var previewBar = document.getElementById("preview-bar-iframe"); previewBar.style.display = "none";", [])

2019-05-27 17:44:29 - [MESSAGE][NOT_RUN] - NOT_RUN: executeJavaScript("var previewBar = document.getElementById("preview-bar-iframe"); previewBar.style.display = "none";", [])

2019-05-27 17:44:29 - [TEST_STEP][PASSED] - setViewPortSize(360, 800): Viewport is set to new size with width = 360 and height = 800

2019-05-27 17:44:29 - [MESSAGE][PASSED] - Viewport is set to new size with width = 360 and height = 800

2019-05-27 17:44:29 - [TEST_STEP][PASSED] - delay(4): Delayed 4 second(s)

2019-05-27 17:44:33 - [MESSAGE][PASSED] - Delayed 4 second(s)

2019-05-27 17:44:33 - [TEST_STEP][PASSED] - selectOptionByValue(findTestObject("OCS-MOBILE /Age gate and burger menu/Date"), "12", true): All options with value '12' are selected in object 'Object Repository/OCS-MOBILE /Age gate and burger menu/Date'  using regular expression

2019-05-27 17:44:33 - [MESSAGE][PASSED] - All options with value '12' are selected in object 'Object Repository/OCS-MOBILE /Age gate and burger menu/Date'  using regular expression

2019-05-27 17:44:33 - [TEST_STEP][PASSED] - selectOptionByValue(findTestObject("OCS-MOBILE /Age gate and burger menu/month"), "6", true): All options with value '6' are selected in object 'Object Repository/OCS-MOBILE /Age gate and burger menu/month'  using regular expression

2019-05-27 17:44:33 - [MESSAGE][PASSED] - All options with value '6' are selected in object 'Object Repository/OCS-MOBILE /Age gate and burger menu/month'  using regular expression

2019-05-27 17:44:33 - [TEST_STEP][PASSED] - delay(2): Delayed 2 second(s)

2019-05-27 17:44:35 - [MESSAGE][PASSED] - Delayed 2 second(s)

2019-05-27 17:44:35 - [TEST_STEP][PASSED] - selectOptionByValue(findTestObject("OCS-MOBILE /Age gate and burger menu/Year Dropdown"), "1990", true): All options with value '1990' are selected in object 'Object Repository/OCS-MOBILE /Age gate and burger menu/Year Dropdown'  using regular expression

2019-05-27 17:44:36 - [MESSAGE][PASSED] - All options with value '1990' are selected in object 'Object Repository/OCS-MOBILE /Age gate and burger menu/Year Dropdown'  using regular expression

2019-05-27 17:44:36 - [TEST_STEP][PASSED] - click(findTestObject("OCS-MOBILE /Age gate and burger menu/button_Verify")): Object: 'Object Repository/OCS-MOBILE /Age gate and burger menu/button_Verify' is clicked on

2019-05-27 17:44:37 - [MESSAGE][PASSED] - Object: 'Object Repository/OCS-MOBILE /Age gate and burger menu/button_Verify' is clicked on

2019-05-27 17:44:37 - [TEST_STEP][PASSED] - click(findTestObject("OCS-MOBILE /Age gate and burger menu/Checkbox_CONFIRM AND ACKNOWLEDGE")): Object: 'Object Repository/OCS-MOBILE /Age gate and burger menu/Checkbox_CONFIRM AND ACKNOWLEDGE' is clicked on

2019-05-27 17:44:37 - [MESSAGE][PASSED] - Object: 'Object Repository/OCS-MOBILE /Age gate and burger menu/Checkbox_CONFIRM AND ACKNOWLEDGE' is clicked on

2019-05-27 17:44:37 - [TEST_STEP][PASSED] - click(findTestObject("OCS-MOBILE /Age gate and burger menu/button_CONFIRM")): Object: 'Object Repository/OCS-MOBILE /Age gate and burger menu/button_CONFIRM' is clicked on

2019-05-27 17:44:37 - [MESSAGE][PASSED] - Object: 'Object Repository/OCS-MOBILE /Age gate and burger menu/button_CONFIRM' is clicked on

2019-05-27 17:44:37 - [TEST_STEP][PASSED] - click(findTestObject("OCS-MOBILE /Age gate and burger menu/button_Start Browsing")): Object: 'Object Repository/OCS-MOBILE /Age gate and burger menu/button_Start Browsing' is clicked on

2019-05-27 17:44:37 - [MESSAGE][PASSED] - Object: 'Object Repository/OCS-MOBILE /Age gate and burger menu/button_Start Browsing' is clicked on

2019-05-27 17:44:37 - [MESSAGE][PASSED] - Call Test Case 'Test Cases/OCS - MOBILE/CALL - AGE GATE' successfully

2019-05-27 17:44:37 - [TEST_STEP][PASSED] - delay(2): Delayed 2 second(s)

2019-05-27 17:44:39 - [MESSAGE][PASSED] - Delayed 2 second(s)

2019-05-27 17:44:39 - [TEST_STEP][PASSED] - click(findTestObject("OCS-MOBILE /Age gate and burger menu/Burger menu - English")): Object: 'Object Repository/OCS-MOBILE /Age gate and burger menu/Burger menu - English' is clicked on

2019-05-27 17:44:39 - [MESSAGE][PASSED] - Object: 'Object Repository/OCS-MOBILE /Age gate and burger menu/Burger menu - English' is clicked on

2019-05-27 17:44:39 - [TEST_STEP][PASSED] - delay(2): Delayed 2 second(s)

2019-05-27 17:44:41 - [MESSAGE][PASSED] - Delayed 2 second(s)

2019-05-27 17:44:41 - [TEST_STEP][PASSED] - click(findTestObject("OCS-MOBILE /Cannabis page/Cannabis chevron")): Object: 'Object Repository/OCS-MOBILE /Cannabis page/Cannabis chevron' is clicked on

2019-05-27 17:44:41 - [MESSAGE][PASSED] - Object: 'Object Repository/OCS-MOBILE /Cannabis page/Cannabis chevron' is clicked on

2019-05-27 17:44:41 - [TEST_STEP][PASSED] - delay(2): Delayed 2 second(s)

2019-05-27 17:44:43 - [MESSAGE][PASSED] - Delayed 2 second(s)

2019-05-27 17:44:43 - [TEST_STEP][PASSED] - click(findTestObject("OCS-MOBILE /Cannabis page/Dried flower - plus accordian")): Object: 'Object Repository/OCS-MOBILE /Cannabis page/Dried flower - plus accordian' is clicked on

2019-05-27 17:44:43 - [MESSAGE][PASSED] - Object: 'Object Repository/OCS-MOBILE /Cannabis page/Dried flower - plus accordian' is clicked on

2019-05-27 17:44:43 - [TEST_STEP][PASSED] - delay(2): Delayed 2 second(s)

2019-05-27 17:44:45 - [MESSAGE][PASSED] - Delayed 2 second(s)

2019-05-27 17:44:45 - [TEST_STEP][PASSED] - click(findTestObject("OCS-MOBILE /Cannabis page/Dried flower - Indica dominant")): Object: 'Object Repository/OCS-MOBILE /Cannabis page/Dried flower - Indica dominant' is clicked on

2019-05-27 17:44:48 - [MESSAGE][PASSED] - Object: 'Object Repository/OCS-MOBILE /Cannabis page/Dried flower - Indica dominant' is clicked on

2019-05-27 17:44:48 - [TEST_STEP][PASSED] - delay(2): Delayed 2 second(s)

2019-05-27 17:44:51 - [MESSAGE][PASSED] - Delayed 2 second(s)

2019-05-27 17:44:51 - [TEST_STEP][PASSED] - click(findTestObject("OCS-MOBILE /Collection page/dropdown")): Object: 'Object Repository/OCS-MOBILE /Collection page/dropdown' is clicked on

2019-05-27 17:44:51 - [MESSAGE][PASSED] - Object: 'Object Repository/OCS-MOBILE /Collection page/dropdown' is clicked on

2019-05-27 17:44:51 - [TEST_STEP][PASSED] - delay(2): Delayed 2 second(s)

2019-05-27 17:44:53 - [MESSAGE][PASSED] - Delayed 2 second(s)

2019-05-27 17:44:53 - [TEST_STEP][PASSED] - verifyElementPresent(findTestObject("OCS-MOBILE /Collection page/element inside"), 0): Object 'Object Repository/OCS-MOBILE /Collection page/element inside' is present

2019-05-27 17:44:53 - [MESSAGE][WARNING] - Timeout '0' is invalid. Using default page load timeout: '30'

2019-05-27 17:44:53 - [MESSAGE][PASSED] - Object 'Object Repository/OCS-MOBILE /Collection page/element inside' is present

2019-05-27 17:44:53 - [TEST_STEP][PASSED] - delay(2): Delayed 2 second(s)

2019-05-27 17:44:55 - [MESSAGE][PASSED] - Delayed 2 second(s)

2019-05-27 17:44:55 - [TEST_STEP][PASSED] - click(findTestObject("OCS-MOBILE /Collection page/dropdown")): Object: 'Object Repository/OCS-MOBILE /Collection page/dropdown' is clicked on

2019-05-27 17:44:55 - [MESSAGE][PASSED] - Object: 'Object Repository/OCS-MOBILE /Collection page/dropdown' is clicked on]]></system-out>
         <system-err><![CDATA[]]></system-err>
      </testcase>
      <testcase name="Test Cases/OCS - MOBILE/OCS-COLLECTION PAGE/Filter" classname="Test Cases/OCS - MOBILE/OCS-COLLECTION PAGE/Filter" status="PASSED">
         <system-out><![CDATA[2019-05-27 17:44:55 - [TEST_CASE][PASSED] - Test Cases/OCS - MOBILE/OCS-COLLECTION PAGE/Filter: Test Cases/OCS - MOBILE/OCS-COLLECTION PAGE/Filter

2019-05-27 17:44:55 - [TEST_STEP][PASSED] - callTestCase(findTestCase("OCS - MOBILE/CALL - AGE GATE"), [:], STOP_ON_FAILURE): Call Test Case 'Test Cases/OCS - MOBILE/CALL - AGE GATE' successfully

2019-05-27 17:44:55 - [TEST_CASE][PASSED] - Test Cases/OCS - MOBILE/CALL - AGE GATE: Test Cases/OCS - MOBILE/CALL - AGE GATE

2019-05-27 17:44:55 - [TEST_STEP][PASSED] - openBrowser(""): Browser is opened with url: ''

2019-05-27 17:44:55 - [MESSAGE][WARNING] - A browser is already opened. Closing browser and opening a new one

2019-05-27 17:44:55 - [MESSAGE][INFO] - Starting 'Chrome' driver

2019-05-27 17:44:56 - [MESSAGE][PASSED] - Browser is opened with url: ''

2019-05-27 17:44:56 - [TEST_STEP][PASSED] - navigateToUrl("https://ocs.ca/?fts=0&preview_theme_id=53376026444"): Navigate to 'https://ocs.ca/?fts=0&preview_theme_id=53376026444' successfully

2019-05-27 17:45:02 - [MESSAGE][PASSED] - Navigate to 'https://ocs.ca/?fts=0&preview_theme_id=53376026444' successfully

2019-05-27 17:45:02 - [TEST_STEP][NOT_RUN] - executeJavaScript("var previewBar = document.getElementById("preview-bar-iframe"); previewBar.style.display = "none";", []): NOT_RUN: executeJavaScript("var previewBar = document.getElementById("preview-bar-iframe"); previewBar.style.display = "none";", [])

2019-05-27 17:45:02 - [MESSAGE][NOT_RUN] - NOT_RUN: executeJavaScript("var previewBar = document.getElementById("preview-bar-iframe"); previewBar.style.display = "none";", [])

2019-05-27 17:45:02 - [TEST_STEP][PASSED] - setViewPortSize(360, 800): Viewport is set to new size with width = 360 and height = 800

2019-05-27 17:45:02 - [MESSAGE][PASSED] - Viewport is set to new size with width = 360 and height = 800

2019-05-27 17:45:02 - [TEST_STEP][PASSED] - delay(4): Delayed 4 second(s)

2019-05-27 17:45:06 - [MESSAGE][PASSED] - Delayed 4 second(s)

2019-05-27 17:45:06 - [TEST_STEP][PASSED] - selectOptionByValue(findTestObject("OCS-MOBILE /Age gate and burger menu/Date"), "12", true): All options with value '12' are selected in object 'Object Repository/OCS-MOBILE /Age gate and burger menu/Date'  using regular expression

2019-05-27 17:45:07 - [MESSAGE][PASSED] - All options with value '12' are selected in object 'Object Repository/OCS-MOBILE /Age gate and burger menu/Date'  using regular expression

2019-05-27 17:45:07 - [TEST_STEP][PASSED] - selectOptionByValue(findTestObject("OCS-MOBILE /Age gate and burger menu/month"), "6", true): All options with value '6' are selected in object 'Object Repository/OCS-MOBILE /Age gate and burger menu/month'  using regular expression

2019-05-27 17:45:07 - [MESSAGE][PASSED] - All options with value '6' are selected in object 'Object Repository/OCS-MOBILE /Age gate and burger menu/month'  using regular expression

2019-05-27 17:45:07 - [TEST_STEP][PASSED] - delay(2): Delayed 2 second(s)

2019-05-27 17:45:09 - [MESSAGE][PASSED] - Delayed 2 second(s)

2019-05-27 17:45:09 - [TEST_STEP][PASSED] - selectOptionByValue(findTestObject("OCS-MOBILE /Age gate and burger menu/Year Dropdown"), "1990", true): All options with value '1990' are selected in object 'Object Repository/OCS-MOBILE /Age gate and burger menu/Year Dropdown'  using regular expression

2019-05-27 17:45:10 - [MESSAGE][PASSED] - All options with value '1990' are selected in object 'Object Repository/OCS-MOBILE /Age gate and burger menu/Year Dropdown'  using regular expression

2019-05-27 17:45:10 - [TEST_STEP][PASSED] - click(findTestObject("OCS-MOBILE /Age gate and burger menu/button_Verify")): Object: 'Object Repository/OCS-MOBILE /Age gate and burger menu/button_Verify' is clicked on

2019-05-27 17:45:10 - [MESSAGE][PASSED] - Object: 'Object Repository/OCS-MOBILE /Age gate and burger menu/button_Verify' is clicked on

2019-05-27 17:45:10 - [TEST_STEP][PASSED] - click(findTestObject("OCS-MOBILE /Age gate and burger menu/Checkbox_CONFIRM AND ACKNOWLEDGE")): Object: 'Object Repository/OCS-MOBILE /Age gate and burger menu/Checkbox_CONFIRM AND ACKNOWLEDGE' is clicked on

2019-05-27 17:45:10 - [MESSAGE][PASSED] - Object: 'Object Repository/OCS-MOBILE /Age gate and burger menu/Checkbox_CONFIRM AND ACKNOWLEDGE' is clicked on

2019-05-27 17:45:10 - [TEST_STEP][PASSED] - click(findTestObject("OCS-MOBILE /Age gate and burger menu/button_CONFIRM")): Object: 'Object Repository/OCS-MOBILE /Age gate and burger menu/button_CONFIRM' is clicked on

2019-05-27 17:45:10 - [MESSAGE][PASSED] - Object: 'Object Repository/OCS-MOBILE /Age gate and burger menu/button_CONFIRM' is clicked on

2019-05-27 17:45:10 - [TEST_STEP][PASSED] - click(findTestObject("OCS-MOBILE /Age gate and burger menu/button_Start Browsing")): Object: 'Object Repository/OCS-MOBILE /Age gate and burger menu/button_Start Browsing' is clicked on

2019-05-27 17:45:10 - [MESSAGE][PASSED] - Object: 'Object Repository/OCS-MOBILE /Age gate and burger menu/button_Start Browsing' is clicked on

2019-05-27 17:45:10 - [MESSAGE][PASSED] - Call Test Case 'Test Cases/OCS - MOBILE/CALL - AGE GATE' successfully

2019-05-27 17:45:10 - [TEST_STEP][PASSED] - click(findTestObject("OCS-MOBILE /Age gate and burger menu/Burger menu - English")): Object: 'Object Repository/OCS-MOBILE /Age gate and burger menu/Burger menu - English' is clicked on

2019-05-27 17:45:10 - [MESSAGE][PASSED] - Object: 'Object Repository/OCS-MOBILE /Age gate and burger menu/Burger menu - English' is clicked on

2019-05-27 17:45:10 - [TEST_STEP][PASSED] - delay(2): Delayed 2 second(s)

2019-05-27 17:45:12 - [MESSAGE][PASSED] - Delayed 2 second(s)

2019-05-27 17:45:12 - [TEST_STEP][PASSED] - click(findTestObject("OCS-MOBILE /Cannabis page/Cannabis chevron")): Object: 'Object Repository/OCS-MOBILE /Cannabis page/Cannabis chevron' is clicked on

2019-05-27 17:45:13 - [MESSAGE][PASSED] - Object: 'Object Repository/OCS-MOBILE /Cannabis page/Cannabis chevron' is clicked on

2019-05-27 17:45:13 - [TEST_STEP][PASSED] - delay(1): Delayed 1 second(s)

2019-05-27 17:45:14 - [MESSAGE][PASSED] - Delayed 1 second(s)

2019-05-27 17:45:14 - [TEST_STEP][PASSED] - click(findTestObject("OCS-MOBILE /Cannabis page/Dried flower - plus accordian")): Object: 'Object Repository/OCS-MOBILE /Cannabis page/Dried flower - plus accordian' is clicked on

2019-05-27 17:45:14 - [MESSAGE][PASSED] - Object: 'Object Repository/OCS-MOBILE /Cannabis page/Dried flower - plus accordian' is clicked on

2019-05-27 17:45:14 - [TEST_STEP][PASSED] - delay(1): Delayed 1 second(s)

2019-05-27 17:45:15 - [MESSAGE][PASSED] - Delayed 1 second(s)

2019-05-27 17:45:15 - [TEST_STEP][PASSED] - click(findTestObject("OCS-MOBILE /Cannabis page/Dried flower - Indica dominant")): Object: 'Object Repository/OCS-MOBILE /Cannabis page/Dried flower - Indica dominant' is clicked on

2019-05-27 17:45:17 - [MESSAGE][PASSED] - Object: 'Object Repository/OCS-MOBILE /Cannabis page/Dried flower - Indica dominant' is clicked on

2019-05-27 17:45:17 - [TEST_STEP][PASSED] - delay(1): Delayed 1 second(s)

2019-05-27 17:45:18 - [MESSAGE][PASSED] - Delayed 1 second(s)

2019-05-27 17:45:18 - [TEST_STEP][PASSED] - click(findTestObject("OCS-MOBILE /Filter flyout/Filter option")): Object: 'Object Repository/OCS-MOBILE /Filter flyout/Filter option' is clicked on

2019-05-27 17:45:18 - [MESSAGE][PASSED] - Object: 'Object Repository/OCS-MOBILE /Filter flyout/Filter option' is clicked on

2019-05-27 17:45:18 - [TEST_STEP][PASSED] - delay(2): Delayed 2 second(s)

2019-05-27 17:45:20 - [MESSAGE][PASSED] - Delayed 2 second(s)

2019-05-27 17:45:20 - [TEST_STEP][PASSED] - click(findTestObject("OCS-MOBILE /Filter flyout/THC - CBD Tool tip")): Object: 'Object Repository/OCS-MOBILE /Filter flyout/THC - CBD Tool tip' is clicked on

2019-05-27 17:45:20 - [MESSAGE][PASSED] - Object: 'Object Repository/OCS-MOBILE /Filter flyout/THC - CBD Tool tip' is clicked on

2019-05-27 17:45:20 - [TEST_STEP][PASSED] - delay(2): Delayed 2 second(s)

2019-05-27 17:45:22 - [MESSAGE][PASSED] - Delayed 2 second(s)

2019-05-27 17:45:22 - [TEST_STEP][PASSED] - click(findTestObject("OCS-MOBILE /Filter flyout/THC CBD plus accordian")): Object: 'Object Repository/OCS-MOBILE /Filter flyout/THC CBD plus accordian' is clicked on

2019-05-27 17:45:22 - [MESSAGE][PASSED] - Object: 'Object Repository/OCS-MOBILE /Filter flyout/THC CBD plus accordian' is clicked on

2019-05-27 17:45:22 - [TEST_STEP][PASSED] - delay(2): Delayed 2 second(s)

2019-05-27 17:45:24 - [MESSAGE][PASSED] - Delayed 2 second(s)

2019-05-27 17:45:24 - [TEST_STEP][PASSED] - click(findTestObject("OCS-MOBILE /Filter flyout/THC - CBD Subtract accordian")): Object: 'Object Repository/OCS-MOBILE /Filter flyout/THC - CBD Subtract accordian' is clicked on

2019-05-27 17:45:24 - [MESSAGE][PASSED] - Object: 'Object Repository/OCS-MOBILE /Filter flyout/THC - CBD Subtract accordian' is clicked on

2019-05-27 17:45:24 - [TEST_STEP][PASSED] - delay(2): Delayed 2 second(s)

2019-05-27 17:45:26 - [MESSAGE][PASSED] - Delayed 2 second(s)

2019-05-27 17:45:26 - [TEST_STEP][PASSED] - click(findTestObject("OCS-MOBILE /Filter flyout/THC CBD plus accordian")): Object: 'Object Repository/OCS-MOBILE /Filter flyout/THC CBD plus accordian' is clicked on

2019-05-27 17:45:26 - [MESSAGE][PASSED] - Object: 'Object Repository/OCS-MOBILE /Filter flyout/THC CBD plus accordian' is clicked on

2019-05-27 17:45:26 - [TEST_STEP][NOT_RUN] - click(findTestObject("OCS-MOBILE /Filter flyout/div_18.00")): NOT_RUN: click(findTestObject("OCS-MOBILE /Filter flyout/div_18.00"))

2019-05-27 17:45:26 - [MESSAGE][NOT_RUN] - NOT_RUN: click(findTestObject("OCS-MOBILE /Filter flyout/div_18.00"))

2019-05-27 17:45:26 - [TEST_STEP][NOT_RUN] - delay(2): NOT_RUN: delay(2)

2019-05-27 17:45:26 - [MESSAGE][NOT_RUN] - NOT_RUN: delay(2)

2019-05-27 17:45:26 - [TEST_STEP][NOT_RUN] - click(findTestObject("OCS-MOBILE /Filter flyout/div_25.00")): NOT_RUN: click(findTestObject("OCS-MOBILE /Filter flyout/div_25.00"))

2019-05-27 17:45:26 - [MESSAGE][NOT_RUN] - NOT_RUN: click(findTestObject("OCS-MOBILE /Filter flyout/div_25.00"))

2019-05-27 17:45:26 - [TEST_STEP][NOT_RUN] - delay(2): NOT_RUN: delay(2)

2019-05-27 17:45:26 - [MESSAGE][NOT_RUN] - NOT_RUN: delay(2)

2019-05-27 17:45:26 - [TEST_STEP][NOT_RUN] - click(findTestObject("OCS-MOBILE /Filter flyout/div_14.00")): NOT_RUN: click(findTestObject("OCS-MOBILE /Filter flyout/div_14.00"))

2019-05-27 17:45:26 - [MESSAGE][NOT_RUN] - NOT_RUN: click(findTestObject("OCS-MOBILE /Filter flyout/div_14.00"))

2019-05-27 17:45:26 - [TEST_STEP][NOT_RUN] - delay(2): NOT_RUN: delay(2)

2019-05-27 17:45:26 - [MESSAGE][NOT_RUN] - NOT_RUN: delay(2)

2019-05-27 17:45:26 - [TEST_STEP][NOT_RUN] - click(findTestObject("OCS-MOBILE /Filter flyout/div_19.00")): NOT_RUN: click(findTestObject("OCS-MOBILE /Filter flyout/div_19.00"))

2019-05-27 17:45:26 - [MESSAGE][NOT_RUN] - NOT_RUN: click(findTestObject("OCS-MOBILE /Filter flyout/div_19.00"))

2019-05-27 17:45:26 - [TEST_STEP][PASSED] - delay(2): Delayed 2 second(s)

2019-05-27 17:45:28 - [MESSAGE][PASSED] - Delayed 2 second(s)

2019-05-27 17:45:28 - [TEST_STEP][NOT_RUN] - click(findTestObject("OCS-MOBILE /Filter flyout/Learn More About THC CBD")): NOT_RUN: click(findTestObject("OCS-MOBILE /Filter flyout/Learn More About THC CBD"))

2019-05-27 17:45:28 - [MESSAGE][NOT_RUN] - NOT_RUN: click(findTestObject("OCS-MOBILE /Filter flyout/Learn More About THC CBD"))

2019-05-27 17:45:28 - [TEST_STEP][PASSED] - delay(4): Delayed 4 second(s)

2019-05-27 17:45:32 - [MESSAGE][PASSED] - Delayed 4 second(s)

2019-05-27 17:45:32 - [TEST_STEP][NOT_RUN] - callTestCase(findTestCase("OCS - MOBILE/OCS-COLLECTION PAGE/calling test case"), [:], STOP_ON_FAILURE): NOT_RUN: callTestCase(findTestCase("OCS - MOBILE/OCS-COLLECTION PAGE/calling test case"), [:], STOP_ON_FAILURE)

2019-05-27 17:45:32 - [MESSAGE][NOT_RUN] - NOT_RUN: callTestCase(findTestCase("OCS - MOBILE/OCS-COLLECTION PAGE/calling test case"), [:], STOP_ON_FAILURE)

2019-05-27 17:45:32 - [TEST_STEP][NOT_RUN] - click(findTestObject("OCS-MOBILE /Filter flyout/Filter option")): NOT_RUN: click(findTestObject("OCS-MOBILE /Filter flyout/Filter option"))

2019-05-27 17:45:32 - [MESSAGE][NOT_RUN] - NOT_RUN: click(findTestObject("OCS-MOBILE /Filter flyout/Filter option"))

2019-05-27 17:45:32 - [TEST_STEP][PASSED] - click(findTestObject("OCS-MOBILE /Filter flyout/Plant type tooltip")): Object: 'Object Repository/OCS-MOBILE /Filter flyout/Plant type tooltip' is clicked on

2019-05-27 17:45:32 - [MESSAGE][PASSED] - Object: 'Object Repository/OCS-MOBILE /Filter flyout/Plant type tooltip' is clicked on

2019-05-27 17:45:32 - [TEST_STEP][PASSED] - delay(2): Delayed 2 second(s)

2019-05-27 17:45:34 - [MESSAGE][PASSED] - Delayed 2 second(s)

2019-05-27 17:45:34 - [TEST_STEP][PASSED] - click(findTestObject("OCS-MOBILE /Filter flyout/Plant type plus accordian")): Object: 'Object Repository/OCS-MOBILE /Filter flyout/Plant type plus accordian' is clicked on

2019-05-27 17:45:34 - [MESSAGE][PASSED] - Object: 'Object Repository/OCS-MOBILE /Filter flyout/Plant type plus accordian' is clicked on

2019-05-27 17:45:34 - [TEST_STEP][PASSED] - delay(1): Delayed 1 second(s)

2019-05-27 17:45:35 - [MESSAGE][PASSED] - Delayed 1 second(s)

2019-05-27 17:45:35 - [TEST_STEP][PASSED] - click(findTestObject("OCS-MOBILE /Filter flyout/Plant type subtract accordian")): Object: 'Object Repository/OCS-MOBILE /Filter flyout/Plant type subtract accordian' is clicked on

2019-05-27 17:45:35 - [MESSAGE][PASSED] - Object: 'Object Repository/OCS-MOBILE /Filter flyout/Plant type subtract accordian' is clicked on

2019-05-27 17:45:35 - [TEST_STEP][PASSED] - delay(1): Delayed 1 second(s)

2019-05-27 17:45:36 - [MESSAGE][PASSED] - Delayed 1 second(s)

2019-05-27 17:45:36 - [TEST_STEP][PASSED] - click(findTestObject("OCS-MOBILE /Filter flyout/Plant type plus accordian")): Object: 'Object Repository/OCS-MOBILE /Filter flyout/Plant type plus accordian' is clicked on

2019-05-27 17:45:36 - [MESSAGE][PASSED] - Object: 'Object Repository/OCS-MOBILE /Filter flyout/Plant type plus accordian' is clicked on

2019-05-27 17:45:36 - [TEST_STEP][PASSED] - delay(2): Delayed 2 second(s)

2019-05-27 17:45:38 - [MESSAGE][PASSED] - Delayed 2 second(s)

2019-05-27 17:45:38 - [TEST_STEP][PASSED] - click(findTestObject("OCS-MOBILE /Filter flyout/Indica Dominant")): Object: 'Object Repository/OCS-MOBILE /Filter flyout/Indica Dominant' is clicked on

2019-05-27 17:45:38 - [MESSAGE][PASSED] - Object: 'Object Repository/OCS-MOBILE /Filter flyout/Indica Dominant' is clicked on

2019-05-27 17:45:38 - [TEST_STEP][PASSED] - delay(2): Delayed 2 second(s)

2019-05-27 17:45:40 - [MESSAGE][PASSED] - Delayed 2 second(s)

2019-05-27 17:45:40 - [TEST_STEP][PASSED] - click(findTestObject("OCS-MOBILE /Filter flyout/Sativa Dominant")): Object: 'Object Repository/OCS-MOBILE /Filter flyout/Sativa Dominant' is clicked on

2019-05-27 17:45:41 - [MESSAGE][PASSED] - Object: 'Object Repository/OCS-MOBILE /Filter flyout/Sativa Dominant' is clicked on

2019-05-27 17:45:41 - [TEST_STEP][PASSED] - delay(2): Delayed 2 second(s)

2019-05-27 17:45:43 - [MESSAGE][PASSED] - Delayed 2 second(s)

2019-05-27 17:45:43 - [TEST_STEP][PASSED] - click(findTestObject("OCS-MOBILE /Filter flyout/Hybrid")): Object: 'Object Repository/OCS-MOBILE /Filter flyout/Hybrid' is clicked on

2019-05-27 17:45:43 - [MESSAGE][PASSED] - Object: 'Object Repository/OCS-MOBILE /Filter flyout/Hybrid' is clicked on

2019-05-27 17:45:43 - [TEST_STEP][PASSED] - delay(2): Delayed 2 second(s)

2019-05-27 17:45:45 - [MESSAGE][PASSED] - Delayed 2 second(s)

2019-05-27 17:45:45 - [TEST_STEP][PASSED] - click(findTestObject("OCS-MOBILE /Filter flyout/Blend")): Object: 'Object Repository/OCS-MOBILE /Filter flyout/Blend' is clicked on

2019-05-27 17:45:45 - [MESSAGE][PASSED] - Object: 'Object Repository/OCS-MOBILE /Filter flyout/Blend' is clicked on

2019-05-27 17:45:45 - [TEST_STEP][PASSED] - delay(2): Delayed 2 second(s)

2019-05-27 17:45:47 - [MESSAGE][PASSED] - Delayed 2 second(s)

2019-05-27 17:45:47 - [TEST_STEP][NOT_RUN] - click(findTestObject("Object Repository/COLLECTION PAGE _OR/Filter_OR/Page_Pre-Rolled  Ontario Cannabis S/label_Sativa Dominant")): NOT_RUN: click(findTestObject("Object Repository/COLLECTION PAGE _OR/Filter_OR/Page_Pre-Rolled  Ontario Cannabis S/label_Sativa Dominant"))

2019-05-27 17:45:47 - [MESSAGE][NOT_RUN] - NOT_RUN: click(findTestObject("Object Repository/COLLECTION PAGE _OR/Filter_OR/Page_Pre-Rolled  Ontario Cannabis S/label_Sativa Dominant"))

2019-05-27 17:45:47 - [TEST_STEP][NOT_RUN] - delay(2): NOT_RUN: delay(2)

2019-05-27 17:45:47 - [MESSAGE][NOT_RUN] - NOT_RUN: delay(2)

2019-05-27 17:45:47 - [TEST_STEP][NOT_RUN] - click(findTestObject("Object Repository/COLLECTION PAGE _OR/Filter_OR/Page_Pre-Rolled  Ontario Cannabis S/label_Hybrid")): NOT_RUN: click(findTestObject("Object Repository/COLLECTION PAGE _OR/Filter_OR/Page_Pre-Rolled  Ontario Cannabis S/label_Hybrid"))

2019-05-27 17:45:47 - [MESSAGE][NOT_RUN] - NOT_RUN: click(findTestObject("Object Repository/COLLECTION PAGE _OR/Filter_OR/Page_Pre-Rolled  Ontario Cannabis S/label_Hybrid"))

2019-05-27 17:45:47 - [TEST_STEP][NOT_RUN] - delay(2): NOT_RUN: delay(2)

2019-05-27 17:45:47 - [MESSAGE][NOT_RUN] - NOT_RUN: delay(2)

2019-05-27 17:45:47 - [TEST_STEP][NOT_RUN] - click(findTestObject("Object Repository/COLLECTION PAGE _OR/Filter_OR/Page_Pre-Rolled  Ontario Cannabis S/label_Blend")): NOT_RUN: click(findTestObject("Object Repository/COLLECTION PAGE _OR/Filter_OR/Page_Pre-Rolled  Ontario Cannabis S/label_Blend"))

2019-05-27 17:45:47 - [MESSAGE][NOT_RUN] - NOT_RUN: click(findTestObject("Object Repository/COLLECTION PAGE _OR/Filter_OR/Page_Pre-Rolled  Ontario Cannabis S/label_Blend"))

2019-05-27 17:45:47 - [TEST_STEP][NOT_RUN] - delay(2): NOT_RUN: delay(2)

2019-05-27 17:45:47 - [MESSAGE][NOT_RUN] - NOT_RUN: delay(2)

2019-05-27 17:45:47 - [TEST_STEP][NOT_RUN] - click(findTestObject("OCS-MOBILE /Filter flyout/Learn More About Plant Type")): NOT_RUN: click(findTestObject("OCS-MOBILE /Filter flyout/Learn More About Plant Type"))

2019-05-27 17:45:47 - [MESSAGE][NOT_RUN] - NOT_RUN: click(findTestObject("OCS-MOBILE /Filter flyout/Learn More About Plant Type"))

2019-05-27 17:45:47 - [TEST_STEP][NOT_RUN] - delay(2): NOT_RUN: delay(2)

2019-05-27 17:45:47 - [MESSAGE][NOT_RUN] - NOT_RUN: delay(2)

2019-05-27 17:45:47 - [TEST_STEP][NOT_RUN] - callTestCase(findTestCase("OCS - MOBILE/OCS-COLLECTION PAGE/calling test case"), [:], STOP_ON_FAILURE): NOT_RUN: callTestCase(findTestCase("OCS - MOBILE/OCS-COLLECTION PAGE/calling test case"), [:], STOP_ON_FAILURE)

2019-05-27 17:45:47 - [MESSAGE][NOT_RUN] - NOT_RUN: callTestCase(findTestCase("OCS - MOBILE/OCS-COLLECTION PAGE/calling test case"), [:], STOP_ON_FAILURE)

2019-05-27 17:45:47 - [TEST_STEP][PASSED] - click(findTestObject("OCS-MOBILE /Filter flyout/Plant type subtract accordian")): Object: 'Object Repository/OCS-MOBILE /Filter flyout/Plant type subtract accordian' is clicked on

2019-05-27 17:45:47 - [MESSAGE][PASSED] - Object: 'Object Repository/OCS-MOBILE /Filter flyout/Plant type subtract accordian' is clicked on

2019-05-27 17:45:47 - [TEST_STEP][PASSED] - click(findTestObject("OCS-MOBILE /Filter flyout/Filter option"), OPTIONAL): Unable to click on object 'Object Repository/OCS-MOBILE /Filter flyout/Filter option' (Root cause: org.openqa.selenium.WebDriverException: unknown error: Element <i class="icon--filter"></i> is not clickable at point (24, 322). Other element would receive the click: <label for="plant_type--sativa">...</label>
  (Session info: chrome=74.0.3729.169)
  (Driver info: chromedriver=2.43.600229 (3fae4d0cda5334b4f533bede5a4787f7b832d052),platform=Mac OS X 10.13.6 x86_64) (WARNING: The server did not provide any stacktrace information)
Command duration or timeout: 0 milliseconds
Build info: version: '3.7.1', revision: '8a0099a', time: '2017-11-06T21:07:36.161Z'
System info: host: 'sumans-MacBook-Pro.local', ip: 'fe80:0:0:0:1c60:f35:3790:b4fa%en0', os.name: 'Mac OS X', os.arch: 'x86_64', os.version: '10.13.6', java.version: '1.8.0_181'
Driver info: com.kms.katalon.selenium.driver.CChromeDriver
Capabilities {acceptInsecureCerts: false, acceptSslCerts: false, applicationCacheEnabled: false, browserConnectionEnabled: false, browserName: chrome, chrome: {chromedriverVersion: 2.43.600229 (3fae4d0cda5334..., userDataDir: /var/folders/1t/c55l8xzs6gq...}, cssSelectorsEnabled: true, databaseEnabled: false, goog:chromeOptions: {debuggerAddress: localhost:51510}, handlesAlerts: true, hasTouchScreen: false, javascriptEnabled: true, locationContextEnabled: true, mobileEmulationEnabled: false, nativeEvents: true, networkConnectionEnabled: false, pageLoadStrategy: normal, platform: MAC, platformName: MAC, rotatable: false, setWindowRect: true, takesHeapSnapshot: true, takesScreenshot: true, unexpectedAlertBehaviour: , unhandledPromptBehavior: , version: 74.0.3729.169, webStorageEnabled: true}
Session ID: 4e85b80fe5a999ebedd9e42955e691ee)

2019-05-27 17:45:47 - [MESSAGE][WARNING] - Unable to click on object 'Object Repository/OCS-MOBILE /Filter flyout/Filter option' (Root cause: org.openqa.selenium.WebDriverException: unknown error: Element <i class="icon--filter"></i> is not clickable at point (24, 322). Other element would receive the click: <label for="plant_type--sativa">...</label>
  (Session info: chrome=74.0.3729.169)
  (Driver info: chromedriver=2.43.600229 (3fae4d0cda5334b4f533bede5a4787f7b832d052),platform=Mac OS X 10.13.6 x86_64) (WARNING: The server did not provide any stacktrace information)
Command duration or timeout: 0 milliseconds
Build info: version: '3.7.1', revision: '8a0099a', time: '2017-11-06T21:07:36.161Z'
System info: host: 'sumans-MacBook-Pro.local', ip: 'fe80:0:0:0:1c60:f35:3790:b4fa%en0', os.name: 'Mac OS X', os.arch: 'x86_64', os.version: '10.13.6', java.version: '1.8.0_181'
Driver info: com.kms.katalon.selenium.driver.CChromeDriver
Capabilities {acceptInsecureCerts: false, acceptSslCerts: false, applicationCacheEnabled: false, browserConnectionEnabled: false, browserName: chrome, chrome: {chromedriverVersion: 2.43.600229 (3fae4d0cda5334..., userDataDir: /var/folders/1t/c55l8xzs6gq...}, cssSelectorsEnabled: true, databaseEnabled: false, goog:chromeOptions: {debuggerAddress: localhost:51510}, handlesAlerts: true, hasTouchScreen: false, javascriptEnabled: true, locationContextEnabled: true, mobileEmulationEnabled: false, nativeEvents: true, networkConnectionEnabled: false, pageLoadStrategy: normal, platform: MAC, platformName: MAC, rotatable: false, setWindowRect: true, takesHeapSnapshot: true, takesScreenshot: true, unexpectedAlertBehaviour: , unhandledPromptBehavior: , version: 74.0.3729.169, webStorageEnabled: true}
Session ID: 4e85b80fe5a999ebedd9e42955e691ee)
[[ATTACHMENT|/Users/sumankompelly/Katalon Studio/OCS ( QA- 1.9.1 ) /Reports/QA ( 1.9.1)/HP, PROD , AG,COLL/20190527_174417/1558993547315.png]]

2019-05-27 17:45:47 - [TEST_STEP][PASSED] - executeJavaScript("var previewBar = document.getElementById("preview-bar-iframe"); previewBar.style.display = "none";", []): Execute JavaScript 'var previewBar = document.getElementById("preview-bar-iframe"); previewBar.style.display = "none";' successfully

2019-05-27 17:45:47 - [MESSAGE][PASSED] - Execute JavaScript 'var previewBar = document.getElementById("preview-bar-iframe"); previewBar.style.display = "none";' successfully

2019-05-27 17:45:47 - [TEST_STEP][PASSED] - click(findTestObject("OCS-MOBILE /Filter flyout/Brand tool tip")): Object: 'Object Repository/OCS-MOBILE /Filter flyout/Brand tool tip' is clicked on

2019-05-27 17:45:47 - [MESSAGE][PASSED] - Object: 'Object Repository/OCS-MOBILE /Filter flyout/Brand tool tip' is clicked on

2019-05-27 17:45:47 - [TEST_STEP][PASSED] - delay(1): Delayed 1 second(s)

2019-05-27 17:45:48 - [MESSAGE][PASSED] - Delayed 1 second(s)

2019-05-27 17:45:48 - [TEST_STEP][PASSED] - click(findTestObject("OCS-MOBILE /Filter flyout/Brand plus accordian")): Object: 'Object Repository/OCS-MOBILE /Filter flyout/Brand plus accordian' is clicked on

2019-05-27 17:45:48 - [MESSAGE][PASSED] - Object: 'Object Repository/OCS-MOBILE /Filter flyout/Brand plus accordian' is clicked on

2019-05-27 17:45:48 - [TEST_STEP][PASSED] - delay(2): Delayed 2 second(s)

2019-05-27 17:45:50 - [MESSAGE][PASSED] - Delayed 2 second(s)

2019-05-27 17:45:50 - [TEST_STEP][PASSED] - click(findTestObject("OCS-MOBILE /Filter flyout/Brand subtract accordian")): Object: 'Object Repository/OCS-MOBILE /Filter flyout/Brand subtract accordian' is clicked on

2019-05-27 17:45:50 - [MESSAGE][PASSED] - Object: 'Object Repository/OCS-MOBILE /Filter flyout/Brand subtract accordian' is clicked on

2019-05-27 17:45:50 - [TEST_STEP][PASSED] - delay(1): Delayed 1 second(s)

2019-05-27 17:45:51 - [MESSAGE][PASSED] - Delayed 1 second(s)

2019-05-27 17:45:51 - [TEST_STEP][PASSED] - click(findTestObject("OCS-MOBILE /Filter flyout/Brand plus accordian")): Object: 'Object Repository/OCS-MOBILE /Filter flyout/Brand plus accordian' is clicked on

2019-05-27 17:45:51 - [MESSAGE][PASSED] - Object: 'Object Repository/OCS-MOBILE /Filter flyout/Brand plus accordian' is clicked on

2019-05-27 17:45:51 - [TEST_STEP][PASSED] - delay(2): Delayed 2 second(s)

2019-05-27 17:45:53 - [MESSAGE][PASSED] - Delayed 2 second(s)

2019-05-27 17:45:53 - [TEST_STEP][PASSED] - click(findTestObject("OCS-MOBILE /Filter flyout/Edison"), OPTIONAL): Object: 'Object Repository/OCS-MOBILE /Filter flyout/Edison' is clicked on

2019-05-27 17:45:53 - [MESSAGE][PASSED] - Object: 'Object Repository/OCS-MOBILE /Filter flyout/Edison' is clicked on

2019-05-27 17:45:53 - [TEST_STEP][PASSED] - delay(2, OPTIONAL): Delayed 2 second(s)

2019-05-27 17:45:55 - [MESSAGE][PASSED] - Delayed 2 second(s)

2019-05-27 17:45:55 - [TEST_STEP][PASSED] - delay(2, OPTIONAL): Delayed 2 second(s)

2019-05-27 17:45:57 - [MESSAGE][PASSED] - Delayed 2 second(s)

2019-05-27 17:45:57 - [TEST_STEP][PASSED] - click(findTestObject("OCS-MOBILE /Filter flyout/Haven St"), OPTIONAL): Object: 'Object Repository/OCS-MOBILE /Filter flyout/Haven St' is clicked on

2019-05-27 17:45:58 - [MESSAGE][PASSED] - Object: 'Object Repository/OCS-MOBILE /Filter flyout/Haven St' is clicked on

2019-05-27 17:45:58 - [TEST_STEP][PASSED] - delay(2, OPTIONAL): Delayed 2 second(s)

2019-05-27 17:46:00 - [MESSAGE][PASSED] - Delayed 2 second(s)

2019-05-27 17:46:00 - [TEST_STEP][PASSED] - click(findTestObject("OCS-MOBILE /Filter flyout/Emerald"), OPTIONAL): Object: 'Object Repository/OCS-MOBILE /Filter flyout/Emerald' is clicked on

2019-05-27 17:46:00 - [MESSAGE][PASSED] - Object: 'Object Repository/OCS-MOBILE /Filter flyout/Emerald' is clicked on

2019-05-27 17:46:00 - [TEST_STEP][PASSED] - delay(2, OPTIONAL): Delayed 2 second(s)

2019-05-27 17:46:02 - [MESSAGE][PASSED] - Delayed 2 second(s)

2019-05-27 17:46:02 - [TEST_STEP][NOT_RUN] - click(findTestObject("OCS-MOBILE /Filter flyout/Gage Cannabis Co"), OPTIONAL): NOT_RUN: click(findTestObject("OCS-MOBILE /Filter flyout/Gage Cannabis Co"), OPTIONAL)

2019-05-27 17:46:02 - [MESSAGE][NOT_RUN] - NOT_RUN: click(findTestObject("OCS-MOBILE /Filter flyout/Gage Cannabis Co"), OPTIONAL)

2019-05-27 17:46:02 - [TEST_STEP][PASSED] - delay(2, OPTIONAL): Delayed 2 second(s)

2019-05-27 17:46:04 - [MESSAGE][PASSED] - Delayed 2 second(s)

2019-05-27 17:46:04 - [TEST_STEP][NOT_RUN] - click(findTestObject("OCS-MOBILE /Filter flyout/INDIVA"), OPTIONAL): NOT_RUN: click(findTestObject("OCS-MOBILE /Filter flyout/INDIVA"), OPTIONAL)

2019-05-27 17:46:04 - [MESSAGE][NOT_RUN] - NOT_RUN: click(findTestObject("OCS-MOBILE /Filter flyout/INDIVA"), OPTIONAL)

2019-05-27 17:46:04 - [TEST_STEP][PASSED] - delay(2, OPTIONAL): Delayed 2 second(s)

2019-05-27 17:46:06 - [MESSAGE][PASSED] - Delayed 2 second(s)

2019-05-27 17:46:06 - [TEST_STEP][PASSED] - click(findTestObject("OCS-MOBILE /Filter flyout/RIFF"), OPTIONAL): Object: 'Object Repository/OCS-MOBILE /Filter flyout/RIFF' is clicked on

2019-05-27 17:46:06 - [MESSAGE][PASSED] - Object: 'Object Repository/OCS-MOBILE /Filter flyout/RIFF' is clicked on

2019-05-27 17:46:06 - [TEST_STEP][PASSED] - delay(2, OPTIONAL): Delayed 2 second(s)

2019-05-27 17:46:08 - [MESSAGE][PASSED] - Delayed 2 second(s)

2019-05-27 17:46:08 - [TEST_STEP][PASSED] - click(findTestObject("OCS-MOBILE /Filter flyout/Seven Oaks"), OPTIONAL): Object: 'Object Repository/OCS-MOBILE /Filter flyout/Seven Oaks' is clicked on

2019-05-27 17:46:08 - [MESSAGE][PASSED] - Object: 'Object Repository/OCS-MOBILE /Filter flyout/Seven Oaks' is clicked on

2019-05-27 17:46:08 - [TEST_STEP][PASSED] - delay(2, OPTIONAL): Delayed 2 second(s)

2019-05-27 17:46:10 - [MESSAGE][PASSED] - Delayed 2 second(s)

2019-05-27 17:46:10 - [TEST_STEP][PASSED] - click(findTestObject("Object Repository/COLLECTION PAGE _OR/Filter_OR/Page_Pre-Rolled  Ontario Cannabis S/label_Synr.g"), OPTIONAL): Unable to click on object (Root cause: java.lang.IllegalArgumentException: Object is null)

2019-05-27 17:46:10 - [MESSAGE][WARNING] - Test object with id 'Object Repository/COLLECTION PAGE _OR/Filter_OR/Page_Pre-Rolled  Ontario Cannabis S/label_Synr.g' does not exist

2019-05-27 17:46:10 - [MESSAGE][WARNING] - Test object with id 'Object Repository/' does not exist

2019-05-27 17:46:10 - [MESSAGE][WARNING] - Unable to click on object (Root cause: java.lang.IllegalArgumentException: Object is null)
[[ATTACHMENT|/Users/sumankompelly/Katalon Studio/OCS ( QA- 1.9.1 ) /Reports/QA ( 1.9.1)/HP, PROD , AG,COLL/20190527_174417/1558993570238.png]]

2019-05-27 17:46:10 - [TEST_STEP][PASSED] - delay(2, OPTIONAL): Delayed 2 second(s)

2019-05-27 17:46:12 - [MESSAGE][PASSED] - Delayed 2 second(s)

2019-05-27 17:46:12 - [TEST_STEP][PASSED] - click(findTestObject("OCS-MOBILE /Filter flyout/Trailblazer"), OPTIONAL): Object: 'Object Repository/OCS-MOBILE /Filter flyout/Trailblazer' is clicked on

2019-05-27 17:46:12 - [MESSAGE][PASSED] - Object: 'Object Repository/OCS-MOBILE /Filter flyout/Trailblazer' is clicked on

2019-05-27 17:46:12 - [TEST_STEP][PASSED] - delay(2, OPTIONAL): Delayed 2 second(s)

2019-05-27 17:46:14 - [MESSAGE][PASSED] - Delayed 2 second(s)

2019-05-27 17:46:14 - [TEST_STEP][PASSED] - click(findTestObject("OCS-MOBILE /Filter flyout/_Xscape"), OPTIONAL): Object: 'Object Repository/OCS-MOBILE /Filter flyout/_Xscape' is clicked on

2019-05-27 17:46:14 - [MESSAGE][PASSED] - Object: 'Object Repository/OCS-MOBILE /Filter flyout/_Xscape' is clicked on

2019-05-27 17:46:14 - [TEST_STEP][PASSED] - delay(2, OPTIONAL): Delayed 2 second(s)

2019-05-27 17:46:16 - [MESSAGE][PASSED] - Delayed 2 second(s)

2019-05-27 17:46:16 - [TEST_STEP][PASSED] - click(findTestObject("OCS-MOBILE /Filter flyout/Aurora"), OPTIONAL): Object: 'Object Repository/OCS-MOBILE /Filter flyout/Aurora' is clicked on

2019-05-27 17:46:16 - [MESSAGE][PASSED] - Object: 'Object Repository/OCS-MOBILE /Filter flyout/Aurora' is clicked on

2019-05-27 17:46:16 - [TEST_STEP][PASSED] - click(findTestObject("OCS-MOBILE /Filter flyout/Canna Farms"), OPTIONAL): Object: 'Object Repository/OCS-MOBILE /Filter flyout/Canna Farms' is clicked on

2019-05-27 17:46:16 - [MESSAGE][PASSED] - Object: 'Object Repository/OCS-MOBILE /Filter flyout/Canna Farms' is clicked on

2019-05-27 17:46:16 - [TEST_STEP][PASSED] - click(findTestObject("OCS-MOBILE /Filter flyout/Edison"), OPTIONAL): Object: 'Object Repository/OCS-MOBILE /Filter flyout/Edison' is clicked on

2019-05-27 17:46:16 - [MESSAGE][PASSED] - Object: 'Object Repository/OCS-MOBILE /Filter flyout/Edison' is clicked on

2019-05-27 17:46:16 - [TEST_STEP][PASSED] - click(findTestObject("OCS-MOBILE /Filter flyout/Flowr"), OPTIONAL): Object: 'Object Repository/OCS-MOBILE /Filter flyout/Flowr' is clicked on

2019-05-27 17:46:16 - [MESSAGE][PASSED] - Object: 'Object Repository/OCS-MOBILE /Filter flyout/Flowr' is clicked on

2019-05-27 17:46:16 - [TEST_STEP][PASSED] - click(findTestObject("OCS-MOBILE /Filter flyout/Haven St"), OPTIONAL): Object: 'Object Repository/OCS-MOBILE /Filter flyout/Haven St' is clicked on

2019-05-27 17:46:17 - [MESSAGE][PASSED] - Object: 'Object Repository/OCS-MOBILE /Filter flyout/Haven St' is clicked on

2019-05-27 17:46:17 - [TEST_STEP][PASSED] - click(findTestObject("OCS-MOBILE /Filter flyout/liiv"), OPTIONAL): Unable to click on object 'Object Repository/OCS-MOBILE /Filter flyout/liiv' (Root cause: com.kms.katalon.core.webui.exception.WebElementNotFoundException: Web element with id: 'Object Repository/OCS-MOBILE /Filter flyout/liiv' located by 'By.xpath: //span[(text() = 'liiv' or . = 'liiv')]' not found)

2019-05-27 17:46:47 - [MESSAGE][INFO] - Unable to find the element located by 'By.xpath: //span[(text() = 'liiv' or . = 'liiv')]'. Please recheck the objects properties to make sure the desired element is located. 

2019-05-27 17:46:48 - [MESSAGE][WARNING] - Unable to click on object 'Object Repository/OCS-MOBILE /Filter flyout/liiv' (Root cause: com.kms.katalon.core.webui.exception.WebElementNotFoundException: Web element with id: 'Object Repository/OCS-MOBILE /Filter flyout/liiv' located by 'By.xpath: //span[(text() = 'liiv' or . = 'liiv')]' not found)
[[ATTACHMENT|/Users/sumankompelly/Katalon Studio/OCS ( QA- 1.9.1 ) /Reports/QA ( 1.9.1)/HP, PROD , AG,COLL/20190527_174417/1558993607777.png]]

2019-05-27 17:46:48 - [TEST_STEP][PASSED] - click(findTestObject("OCS-MOBILE /Filter flyout/Saturday"), OPTIONAL): Object: 'Object Repository/OCS-MOBILE /Filter flyout/Saturday' is clicked on

2019-05-27 17:46:48 - [MESSAGE][PASSED] - Object: 'Object Repository/OCS-MOBILE /Filter flyout/Saturday' is clicked on

2019-05-27 17:46:48 - [TEST_STEP][PASSED] - click(findTestObject("OCS-MOBILE /Filter flyout/Spinach"), OPTIONAL): Unable to click on object 'Object Repository/OCS-MOBILE /Filter flyout/Spinach' (Root cause: com.kms.katalon.core.webui.exception.WebElementNotFoundException: Web element with id: 'Object Repository/OCS-MOBILE /Filter flyout/Spinach' located by 'By.xpath: //label[(text() = 'Spinach' or . = 'Spinach')]' not found)

2019-05-27 17:47:18 - [MESSAGE][INFO] - Unable to find the element located by 'By.xpath: //label[(text() = 'Spinach' or . = 'Spinach')]'. Please recheck the objects properties to make sure the desired element is located. 

2019-05-27 17:47:19 - [MESSAGE][WARNING] - Unable to click on object 'Object Repository/OCS-MOBILE /Filter flyout/Spinach' (Root cause: com.kms.katalon.core.webui.exception.WebElementNotFoundException: Web element with id: 'Object Repository/OCS-MOBILE /Filter flyout/Spinach' located by 'By.xpath: //label[(text() = 'Spinach' or . = 'Spinach')]' not found)
[[ATTACHMENT|/Users/sumankompelly/Katalon Studio/OCS ( QA- 1.9.1 ) /Reports/QA ( 1.9.1)/HP, PROD , AG,COLL/20190527_174417/1558993638838.png]]

2019-05-27 17:47:19 - [TEST_STEP][PASSED] - click(findTestObject("Object Repository/COLLECTION PAGE _OR/Filter_OR/Page_Pre-Rolled  Ontario Cannabis S/label_Spinach"), OPTIONAL): Unable to click on object (Root cause: java.lang.IllegalArgumentException: Object is null)

2019-05-27 17:47:19 - [MESSAGE][WARNING] - Test object with id 'Object Repository/COLLECTION PAGE _OR/Filter_OR/Page_Pre-Rolled  Ontario Cannabis S/label_Spinach' does not exist

2019-05-27 17:47:19 - [MESSAGE][WARNING] - Test object with id 'Object Repository/' does not exist

2019-05-27 17:47:19 - [MESSAGE][WARNING] - Unable to click on object (Root cause: java.lang.IllegalArgumentException: Object is null)
[[ATTACHMENT|/Users/sumankompelly/Katalon Studio/OCS ( QA- 1.9.1 ) /Reports/QA ( 1.9.1)/HP, PROD , AG,COLL/20190527_174417/1558993639113.png]]

2019-05-27 17:47:19 - [TEST_STEP][PASSED] - click(findTestObject("OCS-MOBILE /Filter flyout/THC BioMed"), OPTIONAL): Object: 'Object Repository/OCS-MOBILE /Filter flyout/THC BioMed' is clicked on

2019-05-27 17:47:19 - [MESSAGE][PASSED] - Object: 'Object Repository/OCS-MOBILE /Filter flyout/THC BioMed' is clicked on

2019-05-27 17:47:19 - [TEST_STEP][PASSED] - click(findTestObject("OCS-MOBILE /Filter flyout/Whistler Cannabis Co"), OPTIONAL): Object: 'Object Repository/OCS-MOBILE /Filter flyout/Whistler Cannabis Co' is clicked on

2019-05-27 17:47:19 - [MESSAGE][PASSED] - Object: 'Object Repository/OCS-MOBILE /Filter flyout/Whistler Cannabis Co' is clicked on

2019-05-27 17:47:19 - [TEST_STEP][PASSED] - click(findTestObject("OCS-MOBILE /Filter flyout/Spinach"), OPTIONAL): Unable to click on object 'Object Repository/OCS-MOBILE /Filter flyout/Spinach' (Root cause: com.kms.katalon.core.webui.exception.WebElementNotFoundException: Web element with id: 'Object Repository/OCS-MOBILE /Filter flyout/Spinach' located by 'By.xpath: //label[(text() = 'Spinach' or . = 'Spinach')]' not found)

2019-05-27 17:47:50 - [MESSAGE][INFO] - Unable to find the element located by 'By.xpath: //label[(text() = 'Spinach' or . = 'Spinach')]'. Please recheck the objects properties to make sure the desired element is located. 

2019-05-27 17:47:50 - [MESSAGE][WARNING] - Unable to click on object 'Object Repository/OCS-MOBILE /Filter flyout/Spinach' (Root cause: com.kms.katalon.core.webui.exception.WebElementNotFoundException: Web element with id: 'Object Repository/OCS-MOBILE /Filter flyout/Spinach' located by 'By.xpath: //label[(text() = 'Spinach' or . = 'Spinach')]' not found)
[[ATTACHMENT|/Users/sumankompelly/Katalon Studio/OCS ( QA- 1.9.1 ) /Reports/QA ( 1.9.1)/HP, PROD , AG,COLL/20190527_174417/1558993670249.png]]

2019-05-27 17:47:50 - [TEST_STEP][PASSED] - click(findTestObject("OCS-MOBILE /Filter flyout/Spinach1"), OPTIONAL): Object: 'Object Repository/OCS-MOBILE /Filter flyout/Spinach1' is clicked on

2019-05-27 17:47:50 - [MESSAGE][PASSED] - Object: 'Object Repository/OCS-MOBILE /Filter flyout/Spinach1' is clicked on

2019-05-27 17:47:50 - [TEST_STEP][NOT_RUN] - click(findTestObject("OCS-MOBILE /Filter flyout/Learn More About brand"), OPTIONAL): NOT_RUN: click(findTestObject("OCS-MOBILE /Filter flyout/Learn More About brand"), OPTIONAL)

2019-05-27 17:47:50 - [MESSAGE][NOT_RUN] - NOT_RUN: click(findTestObject("OCS-MOBILE /Filter flyout/Learn More About brand"), OPTIONAL)

2019-05-27 17:47:50 - [TEST_STEP][NOT_RUN] - setText(findTestObject("OCS-MOBILE /Filter flyout/Input to search - brand"), "boveda", OPTIONAL): NOT_RUN: setText(findTestObject("OCS-MOBILE /Filter flyout/Input to search - brand"), "boveda", OPTIONAL)

2019-05-27 17:47:50 - [MESSAGE][NOT_RUN] - NOT_RUN: setText(findTestObject("OCS-MOBILE /Filter flyout/Input to search - brand"), "boveda", OPTIONAL)

2019-05-27 17:47:50 - [TEST_STEP][NOT_RUN] - verifyTextPresent("", Keys.chord(ENTER), OPTIONAL): NOT_RUN: verifyTextPresent("", Keys.chord(ENTER), OPTIONAL)

2019-05-27 17:47:50 - [MESSAGE][NOT_RUN] - NOT_RUN: verifyTextPresent("", Keys.chord(ENTER), OPTIONAL)

2019-05-27 17:47:50 - [TEST_STEP][NOT_RUN] - verifyTextPresent("Boveda", false, OPTIONAL): NOT_RUN: verifyTextPresent("Boveda", false, OPTIONAL)

2019-05-27 17:47:50 - [MESSAGE][NOT_RUN] - NOT_RUN: verifyTextPresent("Boveda", false, OPTIONAL)

2019-05-27 17:47:50 - [TEST_STEP][NOT_RUN] - setText(findTestObject("OCS-MOBILE /Filter flyout/Input to search - brand"), "ace valley", OPTIONAL): NOT_RUN: setText(findTestObject("OCS-MOBILE /Filter flyout/Input to search - brand"), "ace valley", OPTIONAL)

2019-05-27 17:47:50 - [MESSAGE][NOT_RUN] - NOT_RUN: setText(findTestObject("OCS-MOBILE /Filter flyout/Input to search - brand"), "ace valley", OPTIONAL)

2019-05-27 17:47:50 - [TEST_STEP][NOT_RUN] - sendKeys(findTestObject("Object Repository/COLLECTION PAGE _OR/Filter_OR/Page_Shop by Brands  Ontario Cannab/input_Shop by Brands_q"), Keys.chord(ENTER), OPTIONAL): NOT_RUN: sendKeys(findTestObject("Object Repository/COLLECTION PAGE _OR/Filter_OR/Page_Shop by Brands  Ontario Cannab/input_Shop by Brands_q"), Keys.chord(ENTER), OPTIONAL)

2019-05-27 17:47:50 - [MESSAGE][NOT_RUN] - NOT_RUN: sendKeys(findTestObject("Object Repository/COLLECTION PAGE _OR/Filter_OR/Page_Shop by Brands  Ontario Cannab/input_Shop by Brands_q"), Keys.chord(ENTER), OPTIONAL)

2019-05-27 17:47:50 - [TEST_STEP][NOT_RUN] - verifyTextPresent("Ace Valley", false, OPTIONAL): NOT_RUN: verifyTextPresent("Ace Valley", false, OPTIONAL)

2019-05-27 17:47:50 - [MESSAGE][NOT_RUN] - NOT_RUN: verifyTextPresent("Ace Valley", false, OPTIONAL)

2019-05-27 17:47:50 - [TEST_STEP][NOT_RUN] - back(OPTIONAL): NOT_RUN: back(OPTIONAL)

2019-05-27 17:47:50 - [MESSAGE][NOT_RUN] - NOT_RUN: back(OPTIONAL)

2019-05-27 17:47:50 - [TEST_STEP][NOT_RUN] - back(OPTIONAL): NOT_RUN: back(OPTIONAL)

2019-05-27 17:47:50 - [MESSAGE][NOT_RUN] - NOT_RUN: back(OPTIONAL)

2019-05-27 17:47:50 - [TEST_STEP][NOT_RUN] - click(findTestObject("OCS-MOBILE /Filter flyout/Filter option"), OPTIONAL): NOT_RUN: click(findTestObject("OCS-MOBILE /Filter flyout/Filter option"), OPTIONAL)

2019-05-27 17:47:50 - [MESSAGE][NOT_RUN] - NOT_RUN: click(findTestObject("OCS-MOBILE /Filter flyout/Filter option"), OPTIONAL)

2019-05-27 17:47:50 - [TEST_STEP][PASSED] - click(findTestObject("OCS-MOBILE /Filter flyout/Terpenes tooltip"), OPTIONAL): Object: 'Object Repository/OCS-MOBILE /Filter flyout/Terpenes tooltip' is clicked on

2019-05-27 17:47:50 - [MESSAGE][PASSED] - Object: 'Object Repository/OCS-MOBILE /Filter flyout/Terpenes tooltip' is clicked on

2019-05-27 17:47:50 - [TEST_STEP][PASSED] - click(findTestObject("OCS-MOBILE /Filter flyout/Terpenes plus accordian"), OPTIONAL): Object: 'Object Repository/OCS-MOBILE /Filter flyout/Terpenes plus accordian' is clicked on

2019-05-27 17:47:50 - [MESSAGE][PASSED] - Object: 'Object Repository/OCS-MOBILE /Filter flyout/Terpenes plus accordian' is clicked on

2019-05-27 17:47:50 - [TEST_STEP][PASSED] - click(findTestObject("OCS-MOBILE /Filter flyout/Terpenes subtract accordian"), OPTIONAL): Object: 'Object Repository/OCS-MOBILE /Filter flyout/Terpenes subtract accordian' is clicked on

2019-05-27 17:47:50 - [MESSAGE][PASSED] - Object: 'Object Repository/OCS-MOBILE /Filter flyout/Terpenes subtract accordian' is clicked on

2019-05-27 17:47:50 - [TEST_STEP][PASSED] - click(findTestObject("OCS-MOBILE /Filter flyout/Terpenes plus accordian"), OPTIONAL): Object: 'Object Repository/OCS-MOBILE /Filter flyout/Terpenes plus accordian' is clicked on

2019-05-27 17:47:50 - [MESSAGE][PASSED] - Object: 'Object Repository/OCS-MOBILE /Filter flyout/Terpenes plus accordian' is clicked on

2019-05-27 17:47:50 - [TEST_STEP][PASSED] - click(findTestObject("OCS-MOBILE /Filter flyout/Alpha-bisabolol"), OPTIONAL): Object: 'Object Repository/OCS-MOBILE /Filter flyout/Alpha-bisabolol' is clicked on

2019-05-27 17:47:50 - [MESSAGE][PASSED] - Object: 'Object Repository/OCS-MOBILE /Filter flyout/Alpha-bisabolol' is clicked on

2019-05-27 17:47:50 - [TEST_STEP][PASSED] - click(findTestObject("OCS-MOBILE /Filter flyout/Alpha-pinene"), OPTIONAL): Object: 'Object Repository/OCS-MOBILE /Filter flyout/Alpha-pinene' is clicked on

2019-05-27 17:47:51 - [MESSAGE][PASSED] - Object: 'Object Repository/OCS-MOBILE /Filter flyout/Alpha-pinene' is clicked on

2019-05-27 17:47:51 - [TEST_STEP][PASSED] - click(findTestObject("Object Repository/COLLECTION PAGE _OR/Filter_OR/Page_Pre-Rolled  Ontario Cannabis S/label_Alpha-pinene"), OPTIONAL): Unable to click on object (Root cause: java.lang.IllegalArgumentException: Object is null)

2019-05-27 17:47:51 - [MESSAGE][WARNING] - Test object with id 'Object Repository/COLLECTION PAGE _OR/Filter_OR/Page_Pre-Rolled  Ontario Cannabis S/label_Alpha-pinene' does not exist

2019-05-27 17:47:51 - [MESSAGE][WARNING] - Test object with id 'Object Repository/' does not exist

2019-05-27 17:47:51 - [MESSAGE][WARNING] - Unable to click on object (Root cause: java.lang.IllegalArgumentException: Object is null)
[[ATTACHMENT|/Users/sumankompelly/Katalon Studio/OCS ( QA- 1.9.1 ) /Reports/QA ( 1.9.1)/HP, PROD , AG,COLL/20190527_174417/1558993671053.png]]

2019-05-27 17:47:51 - [TEST_STEP][PASSED] - click(findTestObject("OCS-MOBILE /Filter flyout/Beta-pinene"), OPTIONAL): Object: 'Object Repository/OCS-MOBILE /Filter flyout/Beta-pinene' is clicked on

2019-05-27 17:47:51 - [MESSAGE][PASSED] - Object: 'Object Repository/OCS-MOBILE /Filter flyout/Beta-pinene' is clicked on

2019-05-27 17:47:51 - [TEST_STEP][PASSED] - click(findTestObject("OCS-MOBILE /Filter flyout/Guaiol"), OPTIONAL): Object: 'Object Repository/OCS-MOBILE /Filter flyout/Guaiol' is clicked on

2019-05-27 17:47:51 - [MESSAGE][PASSED] - Object: 'Object Repository/OCS-MOBILE /Filter flyout/Guaiol' is clicked on

2019-05-27 17:47:51 - [TEST_STEP][PASSED] - click(findTestObject("OCS-MOBILE /Filter flyout/Limonene"), OPTIONAL): Unable to click on object 'Object Repository/OCS-MOBILE /Filter flyout/Limonene' (Root cause: com.kms.katalon.core.webui.exception.WebElementNotFoundException: Web element with id: 'Object Repository/OCS-MOBILE /Filter flyout/Limonene' located by 'By.xpath: /html/body/div[2]/div[2]/div[2]/div/div[4]/div[2]/div/fieldset/div[17]/label/span' not found)

2019-05-27 17:48:22 - [MESSAGE][INFO] - Unable to find the element located by 'By.xpath: /html/body/div[2]/div[2]/div[2]/div/div[4]/div[2]/div/fieldset/div[17]/label/span'. Please recheck the objects properties to make sure the desired element is located. 

2019-05-27 17:48:22 - [MESSAGE][WARNING] - Unable to click on object 'Object Repository/OCS-MOBILE /Filter flyout/Limonene' (Root cause: com.kms.katalon.core.webui.exception.WebElementNotFoundException: Web element with id: 'Object Repository/OCS-MOBILE /Filter flyout/Limonene' located by 'By.xpath: /html/body/div[2]/div[2]/div[2]/div/div[4]/div[2]/div/fieldset/div[17]/label/span' not found)
[[ATTACHMENT|/Users/sumankompelly/Katalon Studio/OCS ( QA- 1.9.1 ) /Reports/QA ( 1.9.1)/HP, PROD , AG,COLL/20190527_174417/1558993702182.png]]

2019-05-27 17:48:22 - [TEST_STEP][PASSED] - delay(1, OPTIONAL): Delayed 1 second(s)

2019-05-27 17:48:23 - [MESSAGE][PASSED] - Delayed 1 second(s)

2019-05-27 17:48:23 - [TEST_STEP][PASSED] - click(findTestObject("OCS-MOBILE /Filter flyout/Myrcene"), OPTIONAL): Object: 'Object Repository/OCS-MOBILE /Filter flyout/Myrcene' is clicked on

2019-05-27 17:48:23 - [MESSAGE][PASSED] - Object: 'Object Repository/OCS-MOBILE /Filter flyout/Myrcene' is clicked on

2019-05-27 17:48:23 - [TEST_STEP][PASSED] - delay(1, OPTIONAL): Delayed 1 second(s)

2019-05-27 17:48:24 - [MESSAGE][PASSED] - Delayed 1 second(s)

2019-05-27 17:48:24 - [TEST_STEP][PASSED] - click(findTestObject("OCS-MOBILE /Filter flyout/Ocimene"), OPTIONAL): Object: 'Object Repository/OCS-MOBILE /Filter flyout/Ocimene' is clicked on

2019-05-27 17:48:24 - [MESSAGE][PASSED] - Object: 'Object Repository/OCS-MOBILE /Filter flyout/Ocimene' is clicked on

2019-05-27 17:48:24 - [TEST_STEP][PASSED] - click(findTestObject("OCS-MOBILE /Filter flyout/Terpinene"), OPTIONAL): Object: 'Object Repository/OCS-MOBILE /Filter flyout/Terpinene' is clicked on

2019-05-27 17:48:24 - [MESSAGE][PASSED] - Object: 'Object Repository/OCS-MOBILE /Filter flyout/Terpinene' is clicked on

2019-05-27 17:48:24 - [TEST_STEP][PASSED] - click(findTestObject("OCS-MOBILE /Filter flyout/Terpinolene"), OPTIONAL): Unable to click on object 'Object Repository/OCS-MOBILE /Filter flyout/Terpinolene' (Root cause: org.openqa.selenium.WebDriverException: unknown error: Element <span>...</span> is not clickable at point (282, 425). Other element would receive the click: <div class="filter__applied-filters" style="display: block;">...</div>
  (Session info: chrome=74.0.3729.169)
  (Driver info: chromedriver=2.43.600229 (3fae4d0cda5334b4f533bede5a4787f7b832d052),platform=Mac OS X 10.13.6 x86_64) (WARNING: The server did not provide any stacktrace information)
Command duration or timeout: 0 milliseconds
Build info: version: '3.7.1', revision: '8a0099a', time: '2017-11-06T21:07:36.161Z'
System info: host: 'sumans-MacBook-Pro.local', ip: 'fe80:0:0:0:1c60:f35:3790:b4fa%en0', os.name: 'Mac OS X', os.arch: 'x86_64', os.version: '10.13.6', java.version: '1.8.0_181'
Driver info: com.kms.katalon.selenium.driver.CChromeDriver
Capabilities {acceptInsecureCerts: false, acceptSslCerts: false, applicationCacheEnabled: false, browserConnectionEnabled: false, browserName: chrome, chrome: {chromedriverVersion: 2.43.600229 (3fae4d0cda5334..., userDataDir: /var/folders/1t/c55l8xzs6gq...}, cssSelectorsEnabled: true, databaseEnabled: false, goog:chromeOptions: {debuggerAddress: localhost:51510}, handlesAlerts: true, hasTouchScreen: false, javascriptEnabled: true, locationContextEnabled: true, mobileEmulationEnabled: false, nativeEvents: true, networkConnectionEnabled: false, pageLoadStrategy: normal, platform: MAC, platformName: MAC, rotatable: false, setWindowRect: true, takesHeapSnapshot: true, takesScreenshot: true, unexpectedAlertBehaviour: , unhandledPromptBehavior: , version: 74.0.3729.169, webStorageEnabled: true}
Session ID: 4e85b80fe5a999ebedd9e42955e691ee)

2019-05-27 17:48:25 - [MESSAGE][WARNING] - Unable to click on object 'Object Repository/OCS-MOBILE /Filter flyout/Terpinolene' (Root cause: org.openqa.selenium.WebDriverException: unknown error: Element <span>...</span> is not clickable at point (282, 425). Other element would receive the click: <div class="filter__applied-filters" style="display: block;">...</div>
  (Session info: chrome=74.0.3729.169)
  (Driver info: chromedriver=2.43.600229 (3fae4d0cda5334b4f533bede5a4787f7b832d052),platform=Mac OS X 10.13.6 x86_64) (WARNING: The server did not provide any stacktrace information)
Command duration or timeout: 0 milliseconds
Build info: version: '3.7.1', revision: '8a0099a', time: '2017-11-06T21:07:36.161Z'
System info: host: 'sumans-MacBook-Pro.local', ip: 'fe80:0:0:0:1c60:f35:3790:b4fa%en0', os.name: 'Mac OS X', os.arch: 'x86_64', os.version: '10.13.6', java.version: '1.8.0_181'
Driver info: com.kms.katalon.selenium.driver.CChromeDriver
Capabilities {acceptInsecureCerts: false, acceptSslCerts: false, applicationCacheEnabled: false, browserConnectionEnabled: false, browserName: chrome, chrome: {chromedriverVersion: 2.43.600229 (3fae4d0cda5334..., userDataDir: /var/folders/1t/c55l8xzs6gq...}, cssSelectorsEnabled: true, databaseEnabled: false, goog:chromeOptions: {debuggerAddress: localhost:51510}, handlesAlerts: true, hasTouchScreen: false, javascriptEnabled: true, locationContextEnabled: true, mobileEmulationEnabled: false, nativeEvents: true, networkConnectionEnabled: false, pageLoadStrategy: normal, platform: MAC, platformName: MAC, rotatable: false, setWindowRect: true, takesHeapSnapshot: true, takesScreenshot: true, unexpectedAlertBehaviour: , unhandledPromptBehavior: , version: 74.0.3729.169, webStorageEnabled: true}
Session ID: 4e85b80fe5a999ebedd9e42955e691ee)
[[ATTACHMENT|/Users/sumankompelly/Katalon Studio/OCS ( QA- 1.9.1 ) /Reports/QA ( 1.9.1)/HP, PROD , AG,COLL/20190527_174417/1558993704716.png]]

2019-05-27 17:48:25 - [TEST_STEP][PASSED] - delay(1, OPTIONAL): Delayed 1 second(s)

2019-05-27 17:48:26 - [MESSAGE][PASSED] - Delayed 1 second(s)

2019-05-27 17:48:26 - [TEST_STEP][NOT_RUN] - click(findTestObject("Object Repository/COLLECTION PAGE _OR/Filter_OR/Page_Pre-Rolled  Ontario Cannabis S/span_Trans-caryophyllene"), OPTIONAL): NOT_RUN: click(findTestObject("Object Repository/COLLECTION PAGE _OR/Filter_OR/Page_Pre-Rolled  Ontario Cannabis S/span_Trans-caryophyllene"), OPTIONAL)

2019-05-27 17:48:26 - [MESSAGE][NOT_RUN] - NOT_RUN: click(findTestObject("Object Repository/COLLECTION PAGE _OR/Filter_OR/Page_Pre-Rolled  Ontario Cannabis S/span_Trans-caryophyllene"), OPTIONAL)

2019-05-27 17:48:26 - [TEST_STEP][PASSED] - click(findTestObject("OCS-MOBILE /Filter flyout/Terpineol"), OPTIONAL): Object: 'Object Repository/OCS-MOBILE /Filter flyout/Terpineol' is clicked on

2019-05-27 17:48:26 - [MESSAGE][PASSED] - Object: 'Object Repository/OCS-MOBILE /Filter flyout/Terpineol' is clicked on

2019-05-27 17:48:26 - [TEST_STEP][PASSED] - click(findTestObject("OCS-MOBILE /Filter flyout/Para-cymenene"), OPTIONAL): Object: 'Object Repository/OCS-MOBILE /Filter flyout/Para-cymenene' is clicked on

2019-05-27 17:48:26 - [MESSAGE][PASSED] - Object: 'Object Repository/OCS-MOBILE /Filter flyout/Para-cymenene' is clicked on

2019-05-27 17:48:26 - [TEST_STEP][PASSED] - click(findTestObject("OCS-MOBILE /Filter flyout/Nerolidol"), OPTIONAL): Object: 'Object Repository/OCS-MOBILE /Filter flyout/Nerolidol' is clicked on

2019-05-27 17:48:26 - [MESSAGE][PASSED] - Object: 'Object Repository/OCS-MOBILE /Filter flyout/Nerolidol' is clicked on

2019-05-27 17:48:26 - [TEST_STEP][PASSED] - click(findTestObject("OCS-MOBILE /Filter flyout/Linalool"), OPTIONAL): Object: 'Object Repository/OCS-MOBILE /Filter flyout/Linalool' is clicked on

2019-05-27 17:48:26 - [MESSAGE][PASSED] - Object: 'Object Repository/OCS-MOBILE /Filter flyout/Linalool' is clicked on

2019-05-27 17:48:26 - [TEST_STEP][PASSED] - click(findTestObject("OCS-MOBILE /Filter flyout/Humulene"), OPTIONAL): Object: 'Object Repository/OCS-MOBILE /Filter flyout/Humulene' is clicked on

2019-05-27 17:48:26 - [MESSAGE][PASSED] - Object: 'Object Repository/OCS-MOBILE /Filter flyout/Humulene' is clicked on

2019-05-27 17:48:26 - [TEST_STEP][PASSED] - click(findTestObject("OCS-MOBILE /Filter flyout/Bisabolol"), OPTIONAL): Object: 'Object Repository/OCS-MOBILE /Filter flyout/Bisabolol' is clicked on

2019-05-27 17:48:26 - [MESSAGE][PASSED] - Object: 'Object Repository/OCS-MOBILE /Filter flyout/Bisabolol' is clicked on

2019-05-27 17:48:26 - [TEST_STEP][PASSED] - click(findTestObject("OCS-MOBILE /Filter flyout/Beta-caryophyllene"), OPTIONAL): Object: 'Object Repository/OCS-MOBILE /Filter flyout/Beta-caryophyllene' is clicked on

2019-05-27 17:48:26 - [MESSAGE][PASSED] - Object: 'Object Repository/OCS-MOBILE /Filter flyout/Beta-caryophyllene' is clicked on

2019-05-27 17:48:26 - [TEST_STEP][PASSED] - click(findTestObject("OCS-MOBILE /Filter flyout/Alpha-caryophyllene"), OPTIONAL): Object: 'Object Repository/OCS-MOBILE /Filter flyout/Alpha-caryophyllene' is clicked on

2019-05-27 17:48:26 - [MESSAGE][PASSED] - Object: 'Object Repository/OCS-MOBILE /Filter flyout/Alpha-caryophyllene' is clicked on

2019-05-27 17:48:26 - [TEST_STEP][PASSED] - click(findTestObject("OCS-MOBILE /Filter flyout/Trans-caryophyllene"), OPTIONAL): Object: 'Object Repository/OCS-MOBILE /Filter flyout/Trans-caryophyllene' is clicked on

2019-05-27 17:48:26 - [MESSAGE][PASSED] - Object: 'Object Repository/OCS-MOBILE /Filter flyout/Trans-caryophyllene' is clicked on

2019-05-27 17:48:26 - [TEST_STEP][PASSED] - delay(2): Delayed 2 second(s)

2019-05-27 17:48:28 - [MESSAGE][PASSED] - Delayed 2 second(s)

2019-05-27 17:48:28 - [TEST_STEP][PASSED] - delay(1, OPTIONAL): Delayed 1 second(s)

2019-05-27 17:48:29 - [MESSAGE][PASSED] - Delayed 1 second(s)

2019-05-27 17:48:29 - [TEST_STEP][PASSED] - click(findTestObject("OCS-MOBILE /Filter flyout/Done (43)")): Object: 'Object Repository/OCS-MOBILE /Filter flyout/Done (43)' is clicked on

2019-05-27 17:48:30 - [MESSAGE][PASSED] - Object: 'Object Repository/OCS-MOBILE /Filter flyout/Done (43)' is clicked on

2019-05-27 17:48:30 - [TEST_STEP][PASSED] - a = getText(findTestObject("OCS-MOBILE /Filter flyout/li_Pre-Rolled")): Text of object 'Object Repository/OCS-MOBILE /Filter flyout/li_Pre-Rolled' is: 'INDICA DOMINANT DRIED FLOWER'

2019-05-27 17:48:30 - [MESSAGE][PASSED] - Text of object 'Object Repository/OCS-MOBILE /Filter flyout/li_Pre-Rolled' is: 'INDICA DOMINANT DRIED FLOWER'

2019-05-27 17:48:30 - [TEST_STEP][PASSED] - comment(a): INDICA DOMINANT DRIED FLOWER

2019-05-27 17:48:30 - [MESSAGE][INFO] - INDICA DOMINANT DRIED FLOWER

2019-05-27 17:48:30 - [TEST_STEP][PASSED] - if (a == "40 Products"): null

2019-05-27 17:48:30 - [TEST_STEP][PASSED] - else: products filtered

2019-05-27 17:48:30 - [TEST_STEP][PASSED] - comment("products filtered"): products filtered

2019-05-27 17:48:30 - [MESSAGE][INFO] - products filtered

2019-05-27 17:48:30 - [TEST_STEP][NOT_RUN] - callTestCase(findTestCase("OCS - MOBILE/OCS-COLLECTION PAGE/calling test case"), [:], STOP_ON_FAILURE): NOT_RUN: callTestCase(findTestCase("OCS - MOBILE/OCS-COLLECTION PAGE/calling test case"), [:], STOP_ON_FAILURE)

2019-05-27 17:48:30 - [MESSAGE][NOT_RUN] - NOT_RUN: callTestCase(findTestCase("OCS - MOBILE/OCS-COLLECTION PAGE/calling test case"), [:], STOP_ON_FAILURE)

2019-05-27 17:48:30 - [TEST_STEP][NOT_RUN] - click(findTestObject("OCS-MOBILE /Filter flyout/Filter option")): NOT_RUN: click(findTestObject("OCS-MOBILE /Filter flyout/Filter option"))

2019-05-27 17:48:30 - [MESSAGE][NOT_RUN] - NOT_RUN: click(findTestObject("OCS-MOBILE /Filter flyout/Filter option"))

2019-05-27 17:48:30 - [TEST_STEP][NOT_RUN] - delay(2): NOT_RUN: delay(2)

2019-05-27 17:48:30 - [MESSAGE][NOT_RUN] - NOT_RUN: delay(2)

2019-05-27 17:48:30 - [TEST_STEP][NOT_RUN] - setViewPortSize(1000, 800, OPTIONAL): NOT_RUN: setViewPortSize(1000, 800, OPTIONAL)

2019-05-27 17:48:30 - [MESSAGE][NOT_RUN] - NOT_RUN: setViewPortSize(1000, 800, OPTIONAL)

2019-05-27 17:48:30 - [TEST_STEP][NOT_RUN] - delay(2, OPTIONAL): NOT_RUN: delay(2, OPTIONAL)

2019-05-27 17:48:30 - [MESSAGE][NOT_RUN] - NOT_RUN: delay(2, OPTIONAL)

2019-05-27 17:48:30 - [TEST_STEP][NOT_RUN] - click(findTestObject("Theme_oR/Page_Ontario Cannabis Store  Ontari/button_Hide bar"), OPTIONAL): NOT_RUN: click(findTestObject("Theme_oR/Page_Ontario Cannabis Store  Ontari/button_Hide bar"), OPTIONAL)

2019-05-27 17:48:30 - [MESSAGE][NOT_RUN] - NOT_RUN: click(findTestObject("Theme_oR/Page_Ontario Cannabis Store  Ontari/button_Hide bar"), OPTIONAL)

2019-05-27 17:48:30 - [TEST_STEP][NOT_RUN] - delay(2, OPTIONAL): NOT_RUN: delay(2, OPTIONAL)

2019-05-27 17:48:30 - [MESSAGE][NOT_RUN] - NOT_RUN: delay(2, OPTIONAL)

2019-05-27 17:48:30 - [TEST_STEP][NOT_RUN] - setViewPortSize(360, 800, OPTIONAL): NOT_RUN: setViewPortSize(360, 800, OPTIONAL)

2019-05-27 17:48:30 - [MESSAGE][NOT_RUN] - NOT_RUN: setViewPortSize(360, 800, OPTIONAL)

2019-05-27 17:48:30 - [TEST_STEP][NOT_RUN] - delay(1, OPTIONAL): NOT_RUN: delay(1, OPTIONAL)

2019-05-27 17:48:30 - [MESSAGE][NOT_RUN] - NOT_RUN: delay(1, OPTIONAL)

2019-05-27 17:48:30 - [TEST_STEP][NOT_RUN] - click(findTestObject("OCS-MOBILE /Filter flyout/Learn More About Terpenes")): NOT_RUN: click(findTestObject("OCS-MOBILE /Filter flyout/Learn More About Terpenes"))

2019-05-27 17:48:30 - [MESSAGE][NOT_RUN] - NOT_RUN: click(findTestObject("OCS-MOBILE /Filter flyout/Learn More About Terpenes"))]]></system-out>
         <system-err><![CDATA[]]></system-err>
      </testcase>
      <testcase name="Test Cases/OCS - MOBILE/OCS-COLLECTION PAGE/Sort" classname="Test Cases/OCS - MOBILE/OCS-COLLECTION PAGE/Sort" status="PASSED">
         <system-out><![CDATA[2019-05-27 17:48:30 - [TEST_CASE][PASSED] - Test Cases/OCS - MOBILE/OCS-COLLECTION PAGE/Sort: Test Cases/OCS - MOBILE/OCS-COLLECTION PAGE/Sort

2019-05-27 17:48:30 - [TEST_STEP][PASSED] - callTestCase(findTestCase("OCS - MOBILE/CALL - AGE GATE"), [:], STOP_ON_FAILURE): Call Test Case 'Test Cases/OCS - MOBILE/CALL - AGE GATE' successfully

2019-05-27 17:48:30 - [TEST_CASE][PASSED] - Test Cases/OCS - MOBILE/CALL - AGE GATE: Test Cases/OCS - MOBILE/CALL - AGE GATE

2019-05-27 17:48:30 - [TEST_STEP][PASSED] - openBrowser(""): Browser is opened with url: ''

2019-05-27 17:48:30 - [MESSAGE][WARNING] - A browser is already opened. Closing browser and opening a new one

2019-05-27 17:48:30 - [MESSAGE][INFO] - Starting 'Chrome' driver

2019-05-27 17:48:31 - [MESSAGE][PASSED] - Browser is opened with url: ''

2019-05-27 17:48:31 - [TEST_STEP][PASSED] - navigateToUrl("https://ocs.ca/?fts=0&preview_theme_id=53376026444"): Navigate to 'https://ocs.ca/?fts=0&preview_theme_id=53376026444' successfully

2019-05-27 17:48:38 - [MESSAGE][PASSED] - Navigate to 'https://ocs.ca/?fts=0&preview_theme_id=53376026444' successfully

2019-05-27 17:48:38 - [TEST_STEP][NOT_RUN] - executeJavaScript("var previewBar = document.getElementById("preview-bar-iframe"); previewBar.style.display = "none";", []): NOT_RUN: executeJavaScript("var previewBar = document.getElementById("preview-bar-iframe"); previewBar.style.display = "none";", [])

2019-05-27 17:48:38 - [MESSAGE][NOT_RUN] - NOT_RUN: executeJavaScript("var previewBar = document.getElementById("preview-bar-iframe"); previewBar.style.display = "none";", [])

2019-05-27 17:48:38 - [TEST_STEP][PASSED] - setViewPortSize(360, 800): Viewport is set to new size with width = 360 and height = 800

2019-05-27 17:48:38 - [MESSAGE][PASSED] - Viewport is set to new size with width = 360 and height = 800

2019-05-27 17:48:38 - [TEST_STEP][PASSED] - delay(4): Delayed 4 second(s)

2019-05-27 17:48:42 - [MESSAGE][PASSED] - Delayed 4 second(s)

2019-05-27 17:48:42 - [TEST_STEP][PASSED] - selectOptionByValue(findTestObject("OCS-MOBILE /Age gate and burger menu/Date"), "12", true): All options with value '12' are selected in object 'Object Repository/OCS-MOBILE /Age gate and burger menu/Date'  using regular expression

2019-05-27 17:48:42 - [MESSAGE][PASSED] - All options with value '12' are selected in object 'Object Repository/OCS-MOBILE /Age gate and burger menu/Date'  using regular expression

2019-05-27 17:48:42 - [TEST_STEP][PASSED] - selectOptionByValue(findTestObject("OCS-MOBILE /Age gate and burger menu/month"), "6", true): All options with value '6' are selected in object 'Object Repository/OCS-MOBILE /Age gate and burger menu/month'  using regular expression

2019-05-27 17:48:43 - [MESSAGE][PASSED] - All options with value '6' are selected in object 'Object Repository/OCS-MOBILE /Age gate and burger menu/month'  using regular expression

2019-05-27 17:48:43 - [TEST_STEP][PASSED] - delay(2): Delayed 2 second(s)

2019-05-27 17:48:45 - [MESSAGE][PASSED] - Delayed 2 second(s)

2019-05-27 17:48:45 - [TEST_STEP][PASSED] - selectOptionByValue(findTestObject("OCS-MOBILE /Age gate and burger menu/Year Dropdown"), "1990", true): All options with value '1990' are selected in object 'Object Repository/OCS-MOBILE /Age gate and burger menu/Year Dropdown'  using regular expression

2019-05-27 17:48:46 - [MESSAGE][PASSED] - All options with value '1990' are selected in object 'Object Repository/OCS-MOBILE /Age gate and burger menu/Year Dropdown'  using regular expression

2019-05-27 17:48:46 - [TEST_STEP][PASSED] - click(findTestObject("OCS-MOBILE /Age gate and burger menu/button_Verify")): Object: 'Object Repository/OCS-MOBILE /Age gate and burger menu/button_Verify' is clicked on

2019-05-27 17:48:46 - [MESSAGE][PASSED] - Object: 'Object Repository/OCS-MOBILE /Age gate and burger menu/button_Verify' is clicked on

2019-05-27 17:48:46 - [TEST_STEP][PASSED] - click(findTestObject("OCS-MOBILE /Age gate and burger menu/Checkbox_CONFIRM AND ACKNOWLEDGE")): Object: 'Object Repository/OCS-MOBILE /Age gate and burger menu/Checkbox_CONFIRM AND ACKNOWLEDGE' is clicked on

2019-05-27 17:48:46 - [MESSAGE][PASSED] - Object: 'Object Repository/OCS-MOBILE /Age gate and burger menu/Checkbox_CONFIRM AND ACKNOWLEDGE' is clicked on

2019-05-27 17:48:46 - [TEST_STEP][PASSED] - click(findTestObject("OCS-MOBILE /Age gate and burger menu/button_CONFIRM")): Object: 'Object Repository/OCS-MOBILE /Age gate and burger menu/button_CONFIRM' is clicked on

2019-05-27 17:48:46 - [MESSAGE][PASSED] - Object: 'Object Repository/OCS-MOBILE /Age gate and burger menu/button_CONFIRM' is clicked on

2019-05-27 17:48:46 - [TEST_STEP][PASSED] - click(findTestObject("OCS-MOBILE /Age gate and burger menu/button_Start Browsing")): Object: 'Object Repository/OCS-MOBILE /Age gate and burger menu/button_Start Browsing' is clicked on

2019-05-27 17:48:46 - [MESSAGE][PASSED] - Object: 'Object Repository/OCS-MOBILE /Age gate and burger menu/button_Start Browsing' is clicked on

2019-05-27 17:48:46 - [MESSAGE][PASSED] - Call Test Case 'Test Cases/OCS - MOBILE/CALL - AGE GATE' successfully

2019-05-27 17:48:46 - [TEST_STEP][PASSED] - delay(2): Delayed 2 second(s)

2019-05-27 17:48:48 - [MESSAGE][PASSED] - Delayed 2 second(s)

2019-05-27 17:48:48 - [TEST_STEP][PASSED] - click(findTestObject("OCS-MOBILE /Age gate and burger menu/Burger menu - English")): Object: 'Object Repository/OCS-MOBILE /Age gate and burger menu/Burger menu - English' is clicked on

2019-05-27 17:48:48 - [MESSAGE][PASSED] - Object: 'Object Repository/OCS-MOBILE /Age gate and burger menu/Burger menu - English' is clicked on

2019-05-27 17:48:48 - [TEST_STEP][PASSED] - delay(2): Delayed 2 second(s)

2019-05-27 17:48:50 - [MESSAGE][PASSED] - Delayed 2 second(s)

2019-05-27 17:48:50 - [TEST_STEP][PASSED] - click(findTestObject("OCS-MOBILE /Cannabis page/Cannabis chevron")): Object: 'Object Repository/OCS-MOBILE /Cannabis page/Cannabis chevron' is clicked on

2019-05-27 17:48:50 - [MESSAGE][PASSED] - Object: 'Object Repository/OCS-MOBILE /Cannabis page/Cannabis chevron' is clicked on

2019-05-27 17:48:50 - [TEST_STEP][PASSED] - delay(2): Delayed 2 second(s)

2019-05-27 17:48:52 - [MESSAGE][PASSED] - Delayed 2 second(s)

2019-05-27 17:48:52 - [TEST_STEP][PASSED] - click(findTestObject("OCS-MOBILE /Cannabis page/Dried flower - plus accordian")): Object: 'Object Repository/OCS-MOBILE /Cannabis page/Dried flower - plus accordian' is clicked on

2019-05-27 17:48:52 - [MESSAGE][PASSED] - Object: 'Object Repository/OCS-MOBILE /Cannabis page/Dried flower - plus accordian' is clicked on

2019-05-27 17:48:52 - [TEST_STEP][PASSED] - delay(2): Delayed 2 second(s)

2019-05-27 17:48:54 - [MESSAGE][PASSED] - Delayed 2 second(s)

2019-05-27 17:48:54 - [TEST_STEP][PASSED] - click(findTestObject("OCS-MOBILE /Cannabis page/Dried flower - Indica dominant")): Object: 'Object Repository/OCS-MOBILE /Cannabis page/Dried flower - Indica dominant' is clicked on

2019-05-27 17:48:57 - [MESSAGE][PASSED] - Object: 'Object Repository/OCS-MOBILE /Cannabis page/Dried flower - Indica dominant' is clicked on

2019-05-27 17:48:57 - [TEST_STEP][PASSED] - delay(2): Delayed 2 second(s)

2019-05-27 17:48:59 - [MESSAGE][PASSED] - Delayed 2 second(s)

2019-05-27 17:48:59 - [TEST_STEP][PASSED] - click(findTestObject("OCS-MOBILE /Collection page/sort option")): Object: 'Object Repository/OCS-MOBILE /Collection page/sort option' is clicked on

2019-05-27 17:48:59 - [MESSAGE][PASSED] - Object: 'Object Repository/OCS-MOBILE /Collection page/sort option' is clicked on

2019-05-27 17:48:59 - [TEST_STEP][PASSED] - delay(1): Delayed 1 second(s)

2019-05-27 17:49:00 - [MESSAGE][PASSED] - Delayed 1 second(s)

2019-05-27 17:49:00 - [TEST_STEP][PASSED] - click(findTestObject("OCS-MOBILE /Collection page/Price Low to High")): Object: 'Object Repository/OCS-MOBILE /Collection page/Price Low to High' is clicked on

2019-05-27 17:49:00 - [MESSAGE][PASSED] - Object: 'Object Repository/OCS-MOBILE /Collection page/Price Low to High' is clicked on

2019-05-27 17:49:00 - [TEST_STEP][PASSED] - delay(1): Delayed 1 second(s)

2019-05-27 17:49:01 - [MESSAGE][PASSED] - Delayed 1 second(s)

2019-05-27 17:49:01 - [TEST_STEP][PASSED] - refresh(): Refresh successfully

2019-05-27 17:49:03 - [MESSAGE][PASSED] - Refresh successfully

2019-05-27 17:49:03 - [TEST_STEP][PASSED] - delay(1): Delayed 1 second(s)

2019-05-27 17:49:04 - [MESSAGE][PASSED] - Delayed 1 second(s)

2019-05-27 17:49:04 - [TEST_STEP][PASSED] - callTestCase(findTestCase("OCS - MOBILE/OCS-COLLECTION PAGE/calling test case"), [:], STOP_ON_FAILURE): Call Test Case 'Test Cases/OCS - MOBILE/OCS-COLLECTION PAGE/calling test case' successfully

2019-05-27 17:49:04 - [TEST_CASE][PASSED] - Test Cases/OCS - MOBILE/OCS-COLLECTION PAGE/calling test case: Test Cases/OCS - MOBILE/OCS-COLLECTION PAGE/calling test case

2019-05-27 17:49:04 - [TEST_STEP][PASSED] - delay(2): Delayed 2 second(s)

2019-05-27 17:49:06 - [MESSAGE][PASSED] - Delayed 2 second(s)

2019-05-27 17:49:06 - [TEST_STEP][PASSED] - click(findTestObject("OCS-MOBILE /Age gate and burger menu/Burger menu - English")): Object: 'Object Repository/OCS-MOBILE /Age gate and burger menu/Burger menu - English' is clicked on

2019-05-27 17:49:06 - [MESSAGE][PASSED] - Object: 'Object Repository/OCS-MOBILE /Age gate and burger menu/Burger menu - English' is clicked on

2019-05-27 17:49:06 - [TEST_STEP][PASSED] - delay(2): Delayed 2 second(s)

2019-05-27 17:49:08 - [MESSAGE][PASSED] - Delayed 2 second(s)

2019-05-27 17:49:08 - [TEST_STEP][PASSED] - click(findTestObject("OCS-MOBILE /Cannabis page/Cannabis chevron")): Object: 'Object Repository/OCS-MOBILE /Cannabis page/Cannabis chevron' is clicked on

2019-05-27 17:49:09 - [MESSAGE][PASSED] - Object: 'Object Repository/OCS-MOBILE /Cannabis page/Cannabis chevron' is clicked on

2019-05-27 17:49:09 - [TEST_STEP][PASSED] - delay(2): Delayed 2 second(s)

2019-05-27 17:49:11 - [MESSAGE][PASSED] - Delayed 2 second(s)

2019-05-27 17:49:11 - [TEST_STEP][PASSED] - click(findTestObject("OCS-MOBILE /Cannabis page/Dried flower - plus accordian")): Object: 'Object Repository/OCS-MOBILE /Cannabis page/Dried flower - plus accordian' is clicked on

2019-05-27 17:49:11 - [MESSAGE][PASSED] - Object: 'Object Repository/OCS-MOBILE /Cannabis page/Dried flower - plus accordian' is clicked on

2019-05-27 17:49:11 - [TEST_STEP][PASSED] - delay(2): Delayed 2 second(s)

2019-05-27 17:49:13 - [MESSAGE][PASSED] - Delayed 2 second(s)

2019-05-27 17:49:13 - [TEST_STEP][PASSED] - click(findTestObject("OCS-MOBILE /Cannabis page/Dried flower - Indica dominant")): Object: 'Object Repository/OCS-MOBILE /Cannabis page/Dried flower - Indica dominant' is clicked on

2019-05-27 17:49:14 - [MESSAGE][PASSED] - Object: 'Object Repository/OCS-MOBILE /Cannabis page/Dried flower - Indica dominant' is clicked on

2019-05-27 17:49:14 - [TEST_STEP][PASSED] - delay(2): Delayed 2 second(s)

2019-05-27 17:49:16 - [MESSAGE][PASSED] - Delayed 2 second(s)

2019-05-27 17:49:16 - [MESSAGE][PASSED] - Call Test Case 'Test Cases/OCS - MOBILE/OCS-COLLECTION PAGE/calling test case' successfully

2019-05-27 17:49:16 - [TEST_STEP][NOT_RUN] - scrollToElement(findTestObject("OCS-MOBILE /Collection page/scroll element"), 0): NOT_RUN: scrollToElement(findTestObject("OCS-MOBILE /Collection page/scroll element"), 0)

2019-05-27 17:49:16 - [MESSAGE][NOT_RUN] - NOT_RUN: scrollToElement(findTestObject("OCS-MOBILE /Collection page/scroll element"), 0)

2019-05-27 17:49:16 - [TEST_STEP][PASSED] - delay(1): Delayed 1 second(s)

2019-05-27 17:49:17 - [MESSAGE][PASSED] - Delayed 1 second(s)

2019-05-27 17:49:17 - [TEST_STEP][PASSED] - click(findTestObject("OCS-MOBILE /Collection page/sort option")): Object: 'Object Repository/OCS-MOBILE /Collection page/sort option' is clicked on

2019-05-27 17:49:18 - [MESSAGE][PASSED] - Object: 'Object Repository/OCS-MOBILE /Collection page/sort option' is clicked on

2019-05-27 17:49:18 - [TEST_STEP][PASSED] - delay(1): Delayed 1 second(s)

2019-05-27 17:49:19 - [MESSAGE][PASSED] - Delayed 1 second(s)

2019-05-27 17:49:19 - [TEST_STEP][PASSED] - click(findTestObject("OCS-MOBILE /Collection page/Price High to Low")): Object: 'Object Repository/OCS-MOBILE /Collection page/Price High to Low' is clicked on

2019-05-27 17:49:19 - [MESSAGE][PASSED] - Object: 'Object Repository/OCS-MOBILE /Collection page/Price High to Low' is clicked on

2019-05-27 17:49:19 - [TEST_STEP][PASSED] - delay(1): Delayed 1 second(s)

2019-05-27 17:49:20 - [MESSAGE][PASSED] - Delayed 1 second(s)

2019-05-27 17:49:20 - [TEST_STEP][PASSED] - refresh(): Refresh successfully

2019-05-27 17:49:20 - [MESSAGE][PASSED] - Refresh successfully

2019-05-27 17:49:20 - [TEST_STEP][PASSED] - callTestCase(findTestCase("OCS - MOBILE/OCS-COLLECTION PAGE/calling test case"), [:], STOP_ON_FAILURE): Call Test Case 'Test Cases/OCS - MOBILE/OCS-COLLECTION PAGE/calling test case' successfully

2019-05-27 17:49:20 - [TEST_CASE][PASSED] - Test Cases/OCS - MOBILE/OCS-COLLECTION PAGE/calling test case: Test Cases/OCS - MOBILE/OCS-COLLECTION PAGE/calling test case

2019-05-27 17:49:20 - [TEST_STEP][PASSED] - delay(2): Delayed 2 second(s)

2019-05-27 17:49:22 - [MESSAGE][PASSED] - Delayed 2 second(s)

2019-05-27 17:49:22 - [TEST_STEP][PASSED] - click(findTestObject("OCS-MOBILE /Age gate and burger menu/Burger menu - English")): Object: 'Object Repository/OCS-MOBILE /Age gate and burger menu/Burger menu - English' is clicked on

2019-05-27 17:49:22 - [MESSAGE][PASSED] - Object: 'Object Repository/OCS-MOBILE /Age gate and burger menu/Burger menu - English' is clicked on

2019-05-27 17:49:22 - [TEST_STEP][PASSED] - delay(2): Delayed 2 second(s)

2019-05-27 17:49:24 - [MESSAGE][PASSED] - Delayed 2 second(s)

2019-05-27 17:49:24 - [TEST_STEP][PASSED] - click(findTestObject("OCS-MOBILE /Cannabis page/Cannabis chevron")): Object: 'Object Repository/OCS-MOBILE /Cannabis page/Cannabis chevron' is clicked on

2019-05-27 17:49:24 - [MESSAGE][PASSED] - Object: 'Object Repository/OCS-MOBILE /Cannabis page/Cannabis chevron' is clicked on

2019-05-27 17:49:24 - [TEST_STEP][PASSED] - delay(2): Delayed 2 second(s)

2019-05-27 17:49:26 - [MESSAGE][PASSED] - Delayed 2 second(s)

2019-05-27 17:49:26 - [TEST_STEP][PASSED] - click(findTestObject("OCS-MOBILE /Cannabis page/Dried flower - plus accordian")): Object: 'Object Repository/OCS-MOBILE /Cannabis page/Dried flower - plus accordian' is clicked on

2019-05-27 17:49:26 - [MESSAGE][PASSED] - Object: 'Object Repository/OCS-MOBILE /Cannabis page/Dried flower - plus accordian' is clicked on

2019-05-27 17:49:26 - [TEST_STEP][PASSED] - delay(2): Delayed 2 second(s)

2019-05-27 17:49:28 - [MESSAGE][PASSED] - Delayed 2 second(s)

2019-05-27 17:49:28 - [TEST_STEP][PASSED] - click(findTestObject("OCS-MOBILE /Cannabis page/Dried flower - Indica dominant")): Object: 'Object Repository/OCS-MOBILE /Cannabis page/Dried flower - Indica dominant' is clicked on

2019-05-27 17:49:30 - [MESSAGE][PASSED] - Object: 'Object Repository/OCS-MOBILE /Cannabis page/Dried flower - Indica dominant' is clicked on

2019-05-27 17:49:30 - [TEST_STEP][PASSED] - delay(2): Delayed 2 second(s)

2019-05-27 17:49:32 - [MESSAGE][PASSED] - Delayed 2 second(s)

2019-05-27 17:49:32 - [MESSAGE][PASSED] - Call Test Case 'Test Cases/OCS - MOBILE/OCS-COLLECTION PAGE/calling test case' successfully

2019-05-27 17:49:32 - [TEST_STEP][PASSED] - click(findTestObject("OCS-MOBILE /Collection page/sort option")): Object: 'Object Repository/OCS-MOBILE /Collection page/sort option' is clicked on

2019-05-27 17:49:32 - [MESSAGE][PASSED] - Object: 'Object Repository/OCS-MOBILE /Collection page/sort option' is clicked on

2019-05-27 17:49:32 - [TEST_STEP][PASSED] - delay(1): Delayed 1 second(s)

2019-05-27 17:49:33 - [MESSAGE][PASSED] - Delayed 1 second(s)

2019-05-27 17:49:33 - [TEST_STEP][PASSED] - click(findTestObject("OCS-MOBILE /Collection page/Alphabetically A - Z")): Object: 'Object Repository/OCS-MOBILE /Collection page/Alphabetically A - Z' is clicked on

2019-05-27 17:49:33 - [MESSAGE][PASSED] - Object: 'Object Repository/OCS-MOBILE /Collection page/Alphabetically A - Z' is clicked on

2019-05-27 17:49:33 - [TEST_STEP][PASSED] - delay(1): Delayed 1 second(s)

2019-05-27 17:49:34 - [MESSAGE][PASSED] - Delayed 1 second(s)

2019-05-27 17:49:34 - [TEST_STEP][PASSED] - refresh(): Refresh successfully

2019-05-27 17:49:34 - [MESSAGE][PASSED] - Refresh successfully

2019-05-27 17:49:34 - [TEST_STEP][PASSED] - callTestCase(findTestCase("OCS - MOBILE/OCS-COLLECTION PAGE/calling test case"), [:], STOP_ON_FAILURE): Call Test Case 'Test Cases/OCS - MOBILE/OCS-COLLECTION PAGE/calling test case' successfully

2019-05-27 17:49:34 - [TEST_CASE][PASSED] - Test Cases/OCS - MOBILE/OCS-COLLECTION PAGE/calling test case: Test Cases/OCS - MOBILE/OCS-COLLECTION PAGE/calling test case

2019-05-27 17:49:34 - [TEST_STEP][PASSED] - delay(2): Delayed 2 second(s)

2019-05-27 17:49:36 - [MESSAGE][PASSED] - Delayed 2 second(s)

2019-05-27 17:49:36 - [TEST_STEP][PASSED] - click(findTestObject("OCS-MOBILE /Age gate and burger menu/Burger menu - English")): Object: 'Object Repository/OCS-MOBILE /Age gate and burger menu/Burger menu - English' is clicked on

2019-05-27 17:49:36 - [MESSAGE][PASSED] - Object: 'Object Repository/OCS-MOBILE /Age gate and burger menu/Burger menu - English' is clicked on

2019-05-27 17:49:36 - [TEST_STEP][PASSED] - delay(2): Delayed 2 second(s)

2019-05-27 17:49:38 - [MESSAGE][PASSED] - Delayed 2 second(s)

2019-05-27 17:49:38 - [TEST_STEP][PASSED] - click(findTestObject("OCS-MOBILE /Cannabis page/Cannabis chevron")): Object: 'Object Repository/OCS-MOBILE /Cannabis page/Cannabis chevron' is clicked on

2019-05-27 17:49:38 - [MESSAGE][PASSED] - Object: 'Object Repository/OCS-MOBILE /Cannabis page/Cannabis chevron' is clicked on

2019-05-27 17:49:38 - [TEST_STEP][PASSED] - delay(2): Delayed 2 second(s)

2019-05-27 17:49:40 - [MESSAGE][PASSED] - Delayed 2 second(s)

2019-05-27 17:49:40 - [TEST_STEP][PASSED] - click(findTestObject("OCS-MOBILE /Cannabis page/Dried flower - plus accordian")): Object: 'Object Repository/OCS-MOBILE /Cannabis page/Dried flower - plus accordian' is clicked on

2019-05-27 17:49:40 - [MESSAGE][PASSED] - Object: 'Object Repository/OCS-MOBILE /Cannabis page/Dried flower - plus accordian' is clicked on

2019-05-27 17:49:40 - [TEST_STEP][PASSED] - delay(2): Delayed 2 second(s)

2019-05-27 17:49:42 - [MESSAGE][PASSED] - Delayed 2 second(s)

2019-05-27 17:49:42 - [TEST_STEP][PASSED] - click(findTestObject("OCS-MOBILE /Cannabis page/Dried flower - Indica dominant")): Object: 'Object Repository/OCS-MOBILE /Cannabis page/Dried flower - Indica dominant' is clicked on

2019-05-27 17:49:45 - [MESSAGE][PASSED] - Object: 'Object Repository/OCS-MOBILE /Cannabis page/Dried flower - Indica dominant' is clicked on

2019-05-27 17:49:45 - [TEST_STEP][PASSED] - delay(2): Delayed 2 second(s)

2019-05-27 17:49:47 - [MESSAGE][PASSED] - Delayed 2 second(s)

2019-05-27 17:49:47 - [MESSAGE][PASSED] - Call Test Case 'Test Cases/OCS - MOBILE/OCS-COLLECTION PAGE/calling test case' successfully

2019-05-27 17:49:47 - [TEST_STEP][PASSED] - click(findTestObject("OCS-MOBILE /Collection page/sort option")): Object: 'Object Repository/OCS-MOBILE /Collection page/sort option' is clicked on

2019-05-27 17:49:47 - [MESSAGE][PASSED] - Object: 'Object Repository/OCS-MOBILE /Collection page/sort option' is clicked on

2019-05-27 17:49:47 - [TEST_STEP][PASSED] - delay(1): Delayed 1 second(s)

2019-05-27 17:49:48 - [MESSAGE][PASSED] - Delayed 1 second(s)

2019-05-27 17:49:48 - [TEST_STEP][PASSED] - click(findTestObject("OCS-MOBILE /Collection page/Alphabetically Z - A")): Object: 'Object Repository/OCS-MOBILE /Collection page/Alphabetically Z - A' is clicked on

2019-05-27 17:49:48 - [MESSAGE][PASSED] - Object: 'Object Repository/OCS-MOBILE /Collection page/Alphabetically Z - A' is clicked on

2019-05-27 17:49:48 - [TEST_STEP][PASSED] - delay(1): Delayed 1 second(s)

2019-05-27 17:49:49 - [MESSAGE][PASSED] - Delayed 1 second(s)

2019-05-27 17:49:49 - [TEST_STEP][PASSED] - refresh(): Refresh successfully

2019-05-27 17:49:49 - [MESSAGE][PASSED] - Refresh successfully

2019-05-27 17:49:49 - [TEST_STEP][PASSED] - callTestCase(findTestCase("OCS - MOBILE/OCS-COLLECTION PAGE/calling test case"), [:], STOP_ON_FAILURE): Call Test Case 'Test Cases/OCS - MOBILE/OCS-COLLECTION PAGE/calling test case' successfully

2019-05-27 17:49:49 - [TEST_CASE][PASSED] - Test Cases/OCS - MOBILE/OCS-COLLECTION PAGE/calling test case: Test Cases/OCS - MOBILE/OCS-COLLECTION PAGE/calling test case

2019-05-27 17:49:49 - [TEST_STEP][PASSED] - delay(2): Delayed 2 second(s)

2019-05-27 17:49:51 - [MESSAGE][PASSED] - Delayed 2 second(s)

2019-05-27 17:49:51 - [TEST_STEP][PASSED] - click(findTestObject("OCS-MOBILE /Age gate and burger menu/Burger menu - English")): Object: 'Object Repository/OCS-MOBILE /Age gate and burger menu/Burger menu - English' is clicked on

2019-05-27 17:49:51 - [MESSAGE][PASSED] - Object: 'Object Repository/OCS-MOBILE /Age gate and burger menu/Burger menu - English' is clicked on

2019-05-27 17:49:51 - [TEST_STEP][PASSED] - delay(2): Delayed 2 second(s)

2019-05-27 17:49:53 - [MESSAGE][PASSED] - Delayed 2 second(s)

2019-05-27 17:49:53 - [TEST_STEP][PASSED] - click(findTestObject("OCS-MOBILE /Cannabis page/Cannabis chevron")): Object: 'Object Repository/OCS-MOBILE /Cannabis page/Cannabis chevron' is clicked on

2019-05-27 17:49:53 - [MESSAGE][PASSED] - Object: 'Object Repository/OCS-MOBILE /Cannabis page/Cannabis chevron' is clicked on

2019-05-27 17:49:53 - [TEST_STEP][PASSED] - delay(2): Delayed 2 second(s)

2019-05-27 17:49:55 - [MESSAGE][PASSED] - Delayed 2 second(s)

2019-05-27 17:49:55 - [TEST_STEP][PASSED] - click(findTestObject("OCS-MOBILE /Cannabis page/Dried flower - plus accordian")): Object: 'Object Repository/OCS-MOBILE /Cannabis page/Dried flower - plus accordian' is clicked on

2019-05-27 17:49:55 - [MESSAGE][PASSED] - Object: 'Object Repository/OCS-MOBILE /Cannabis page/Dried flower - plus accordian' is clicked on

2019-05-27 17:49:55 - [TEST_STEP][PASSED] - delay(2): Delayed 2 second(s)

2019-05-27 17:49:57 - [MESSAGE][PASSED] - Delayed 2 second(s)

2019-05-27 17:49:57 - [TEST_STEP][PASSED] - click(findTestObject("OCS-MOBILE /Cannabis page/Dried flower - Indica dominant")): Object: 'Object Repository/OCS-MOBILE /Cannabis page/Dried flower - Indica dominant' is clicked on

2019-05-27 17:50:01 - [MESSAGE][PASSED] - Object: 'Object Repository/OCS-MOBILE /Cannabis page/Dried flower - Indica dominant' is clicked on

2019-05-27 17:50:01 - [TEST_STEP][PASSED] - delay(2): Delayed 2 second(s)

2019-05-27 17:50:03 - [MESSAGE][PASSED] - Delayed 2 second(s)

2019-05-27 17:50:03 - [MESSAGE][PASSED] - Call Test Case 'Test Cases/OCS - MOBILE/OCS-COLLECTION PAGE/calling test case' successfully

2019-05-27 17:50:03 - [TEST_STEP][PASSED] - click(findTestObject("OCS-MOBILE /Collection page/sort option")): Object: 'Object Repository/OCS-MOBILE /Collection page/sort option' is clicked on

2019-05-27 17:50:04 - [MESSAGE][PASSED] - Object: 'Object Repository/OCS-MOBILE /Collection page/sort option' is clicked on

2019-05-27 17:50:04 - [TEST_STEP][PASSED] - delay(1): Delayed 1 second(s)

2019-05-27 17:50:05 - [MESSAGE][PASSED] - Delayed 1 second(s)

2019-05-27 17:50:05 - [TEST_STEP][PASSED] - setViewPortSize(1000, 800, OPTIONAL): Viewport is set to new size with width = 1000 and height = 800

2019-05-27 17:50:05 - [MESSAGE][PASSED] - Viewport is set to new size with width = 1000 and height = 800

2019-05-27 17:50:05 - [TEST_STEP][PASSED] - delay(2, OPTIONAL): Delayed 2 second(s)

2019-05-27 17:50:07 - [MESSAGE][PASSED] - Delayed 2 second(s)

2019-05-27 17:50:07 - [TEST_STEP][PASSED] - click(findTestObject("Theme_oR/Page_Ontario Cannabis Store  Ontari/button_Hide bar"), OPTIONAL): Unable to click on object (Root cause: java.lang.IllegalArgumentException: Object is null)

2019-05-27 17:50:07 - [MESSAGE][WARNING] - Test object with id 'Object Repository/Theme_oR/Page_Ontario Cannabis Store  Ontari/button_Hide bar' does not exist

2019-05-27 17:50:07 - [MESSAGE][WARNING] - Test object with id 'Object Repository/' does not exist

2019-05-27 17:50:07 - [MESSAGE][WARNING] - Unable to click on object (Root cause: java.lang.IllegalArgumentException: Object is null)
[[ATTACHMENT|/Users/sumankompelly/Katalon Studio/OCS ( QA- 1.9.1 ) /Reports/QA ( 1.9.1)/HP, PROD , AG,COLL/20190527_174417/1558993807226.png]]

2019-05-27 17:50:07 - [TEST_STEP][PASSED] - delay(2, OPTIONAL): Delayed 2 second(s)

2019-05-27 17:50:09 - [MESSAGE][PASSED] - Delayed 2 second(s)

2019-05-27 17:50:09 - [TEST_STEP][PASSED] - setViewPortSize(360, 800, OPTIONAL): Viewport is set to new size with width = 360 and height = 800

2019-05-27 17:50:09 - [MESSAGE][PASSED] - Viewport is set to new size with width = 360 and height = 800

2019-05-27 17:50:09 - [TEST_STEP][PASSED] - delay(1, OPTIONAL): Delayed 1 second(s)

2019-05-27 17:50:10 - [MESSAGE][PASSED] - Delayed 1 second(s)

2019-05-27 17:50:10 - [TEST_STEP][PASSED] - executeJavaScript("var previewBar = document.getElementById("preview-bar-iframe"); previewBar.style.display = "none";", []): Execute JavaScript 'var previewBar = document.getElementById("preview-bar-iframe"); previewBar.style.display = "none";' successfully

2019-05-27 17:50:10 - [MESSAGE][PASSED] - Execute JavaScript 'var previewBar = document.getElementById("preview-bar-iframe"); previewBar.style.display = "none";' successfully

2019-05-27 17:50:10 - [TEST_STEP][PASSED] - click(findTestObject("OCS-MOBILE /Collection page/CBD Low to High")): Object: 'Object Repository/OCS-MOBILE /Collection page/CBD Low to High' is clicked on

2019-05-27 17:50:10 - [MESSAGE][PASSED] - Object: 'Object Repository/OCS-MOBILE /Collection page/CBD Low to High' is clicked on

2019-05-27 17:50:10 - [TEST_STEP][PASSED] - delay(1): Delayed 1 second(s)

2019-05-27 17:50:11 - [MESSAGE][PASSED] - Delayed 1 second(s)

2019-05-27 17:50:11 - [TEST_STEP][PASSED] - refresh(): Refresh successfully

2019-05-27 17:50:11 - [MESSAGE][PASSED] - Refresh successfully

2019-05-27 17:50:11 - [TEST_STEP][PASSED] - callTestCase(findTestCase("OCS - MOBILE/OCS-COLLECTION PAGE/calling test case"), [:], STOP_ON_FAILURE): Call Test Case 'Test Cases/OCS - MOBILE/OCS-COLLECTION PAGE/calling test case' successfully

2019-05-27 17:50:11 - [TEST_CASE][PASSED] - Test Cases/OCS - MOBILE/OCS-COLLECTION PAGE/calling test case: Test Cases/OCS - MOBILE/OCS-COLLECTION PAGE/calling test case

2019-05-27 17:50:11 - [TEST_STEP][PASSED] - delay(2): Delayed 2 second(s)

2019-05-27 17:50:13 - [MESSAGE][PASSED] - Delayed 2 second(s)

2019-05-27 17:50:13 - [TEST_STEP][PASSED] - click(findTestObject("OCS-MOBILE /Age gate and burger menu/Burger menu - English")): Object: 'Object Repository/OCS-MOBILE /Age gate and burger menu/Burger menu - English' is clicked on

2019-05-27 17:50:14 - [MESSAGE][PASSED] - Object: 'Object Repository/OCS-MOBILE /Age gate and burger menu/Burger menu - English' is clicked on

2019-05-27 17:50:14 - [TEST_STEP][PASSED] - delay(2): Delayed 2 second(s)

2019-05-27 17:50:16 - [MESSAGE][PASSED] - Delayed 2 second(s)

2019-05-27 17:50:16 - [TEST_STEP][PASSED] - click(findTestObject("OCS-MOBILE /Cannabis page/Cannabis chevron")): Object: 'Object Repository/OCS-MOBILE /Cannabis page/Cannabis chevron' is clicked on

2019-05-27 17:50:16 - [MESSAGE][PASSED] - Object: 'Object Repository/OCS-MOBILE /Cannabis page/Cannabis chevron' is clicked on

2019-05-27 17:50:16 - [TEST_STEP][PASSED] - delay(2): Delayed 2 second(s)

2019-05-27 17:50:18 - [MESSAGE][PASSED] - Delayed 2 second(s)

2019-05-27 17:50:18 - [TEST_STEP][PASSED] - click(findTestObject("OCS-MOBILE /Cannabis page/Dried flower - plus accordian")): Object: 'Object Repository/OCS-MOBILE /Cannabis page/Dried flower - plus accordian' is clicked on

2019-05-27 17:50:18 - [MESSAGE][PASSED] - Object: 'Object Repository/OCS-MOBILE /Cannabis page/Dried flower - plus accordian' is clicked on

2019-05-27 17:50:18 - [TEST_STEP][PASSED] - delay(2): Delayed 2 second(s)

2019-05-27 17:50:20 - [MESSAGE][PASSED] - Delayed 2 second(s)

2019-05-27 17:50:20 - [TEST_STEP][PASSED] - click(findTestObject("OCS-MOBILE /Cannabis page/Dried flower - Indica dominant")): Object: 'Object Repository/OCS-MOBILE /Cannabis page/Dried flower - Indica dominant' is clicked on

2019-05-27 17:50:23 - [MESSAGE][PASSED] - Object: 'Object Repository/OCS-MOBILE /Cannabis page/Dried flower - Indica dominant' is clicked on

2019-05-27 17:50:23 - [TEST_STEP][PASSED] - delay(2): Delayed 2 second(s)

2019-05-27 17:50:25 - [MESSAGE][PASSED] - Delayed 2 second(s)

2019-05-27 17:50:25 - [MESSAGE][PASSED] - Call Test Case 'Test Cases/OCS - MOBILE/OCS-COLLECTION PAGE/calling test case' successfully

2019-05-27 17:50:25 - [TEST_STEP][PASSED] - click(findTestObject("OCS-MOBILE /Collection page/sort option")): Object: 'Object Repository/OCS-MOBILE /Collection page/sort option' is clicked on

2019-05-27 17:50:25 - [MESSAGE][PASSED] - Object: 'Object Repository/OCS-MOBILE /Collection page/sort option' is clicked on

2019-05-27 17:50:25 - [TEST_STEP][PASSED] - delay(1): Delayed 1 second(s)

2019-05-27 17:50:26 - [MESSAGE][PASSED] - Delayed 1 second(s)

2019-05-27 17:50:26 - [TEST_STEP][PASSED] - setViewPortSize(1000, 800, OPTIONAL): Viewport is set to new size with width = 1000 and height = 800

2019-05-27 17:50:26 - [MESSAGE][PASSED] - Viewport is set to new size with width = 1000 and height = 800

2019-05-27 17:50:26 - [TEST_STEP][PASSED] - delay(2, OPTIONAL): Delayed 2 second(s)

2019-05-27 17:50:28 - [MESSAGE][PASSED] - Delayed 2 second(s)

2019-05-27 17:50:28 - [TEST_STEP][PASSED] - click(findTestObject("Theme_oR/Page_Ontario Cannabis Store  Ontari/button_Hide bar"), OPTIONAL): Unable to click on object (Root cause: java.lang.IllegalArgumentException: Object is null)

2019-05-27 17:50:28 - [MESSAGE][WARNING] - Test object with id 'Object Repository/Theme_oR/Page_Ontario Cannabis Store  Ontari/button_Hide bar' does not exist

2019-05-27 17:50:28 - [MESSAGE][WARNING] - Test object with id 'Object Repository/' does not exist

2019-05-27 17:50:28 - [MESSAGE][WARNING] - Unable to click on object (Root cause: java.lang.IllegalArgumentException: Object is null)
[[ATTACHMENT|/Users/sumankompelly/Katalon Studio/OCS ( QA- 1.9.1 ) /Reports/QA ( 1.9.1)/HP, PROD , AG,COLL/20190527_174417/1558993828383.png]]

2019-05-27 17:50:28 - [TEST_STEP][PASSED] - delay(2, OPTIONAL): Delayed 2 second(s)

2019-05-27 17:50:30 - [MESSAGE][PASSED] - Delayed 2 second(s)

2019-05-27 17:50:30 - [TEST_STEP][PASSED] - setViewPortSize(360, 800, OPTIONAL): Viewport is set to new size with width = 360 and height = 800

2019-05-27 17:50:30 - [MESSAGE][PASSED] - Viewport is set to new size with width = 360 and height = 800

2019-05-27 17:50:30 - [TEST_STEP][PASSED] - delay(1, OPTIONAL): Delayed 1 second(s)

2019-05-27 17:50:31 - [MESSAGE][PASSED] - Delayed 1 second(s)

2019-05-27 17:50:31 - [TEST_STEP][PASSED] - executeJavaScript("var previewBar = document.getElementById("preview-bar-iframe"); previewBar.style.display = "none";", []): Execute JavaScript 'var previewBar = document.getElementById("preview-bar-iframe"); previewBar.style.display = "none";' successfully

2019-05-27 17:50:31 - [MESSAGE][PASSED] - Execute JavaScript 'var previewBar = document.getElementById("preview-bar-iframe"); previewBar.style.display = "none";' successfully

2019-05-27 17:50:31 - [TEST_STEP][PASSED] - click(findTestObject("OCS-MOBILE /Collection page/CBD High to Low")): Object: 'Object Repository/OCS-MOBILE /Collection page/CBD High to Low' is clicked on

2019-05-27 17:50:31 - [MESSAGE][PASSED] - Object: 'Object Repository/OCS-MOBILE /Collection page/CBD High to Low' is clicked on

2019-05-27 17:50:31 - [TEST_STEP][PASSED] - delay(1): Delayed 1 second(s)

2019-05-27 17:50:32 - [MESSAGE][PASSED] - Delayed 1 second(s)

2019-05-27 17:50:32 - [TEST_STEP][PASSED] - refresh(): Refresh successfully

2019-05-27 17:50:34 - [MESSAGE][PASSED] - Refresh successfully

2019-05-27 17:50:34 - [TEST_STEP][NOT_RUN] - callTestCase(findTestCase("OCS - MOBILE/OCS-COLLECTION PAGE/calling test case"), [:], STOP_ON_FAILURE): NOT_RUN: callTestCase(findTestCase("OCS - MOBILE/OCS-COLLECTION PAGE/calling test case"), [:], STOP_ON_FAILURE)

2019-05-27 17:50:34 - [MESSAGE][NOT_RUN] - NOT_RUN: callTestCase(findTestCase("OCS - MOBILE/OCS-COLLECTION PAGE/calling test case"), [:], STOP_ON_FAILURE)

2019-05-27 17:50:34 - [TEST_STEP][NOT_RUN] - click(findTestObject("OCS-MOBILE /Collection page/sort option")): NOT_RUN: click(findTestObject("OCS-MOBILE /Collection page/sort option"))

2019-05-27 17:50:34 - [MESSAGE][NOT_RUN] - NOT_RUN: click(findTestObject("OCS-MOBILE /Collection page/sort option"))

2019-05-27 17:50:34 - [TEST_STEP][NOT_RUN] - delay(1): NOT_RUN: delay(1)

2019-05-27 17:50:34 - [MESSAGE][NOT_RUN] - NOT_RUN: delay(1)

2019-05-27 17:50:34 - [TEST_STEP][NOT_RUN] - setViewPortSize(1000, 800, OPTIONAL): NOT_RUN: setViewPortSize(1000, 800, OPTIONAL)

2019-05-27 17:50:34 - [MESSAGE][NOT_RUN] - NOT_RUN: setViewPortSize(1000, 800, OPTIONAL)

2019-05-27 17:50:34 - [TEST_STEP][NOT_RUN] - delay(2, OPTIONAL): NOT_RUN: delay(2, OPTIONAL)

2019-05-27 17:50:34 - [MESSAGE][NOT_RUN] - NOT_RUN: delay(2, OPTIONAL)

2019-05-27 17:50:34 - [TEST_STEP][NOT_RUN] - click(findTestObject("Theme_oR/Page_Ontario Cannabis Store  Ontari/button_Hide bar"), OPTIONAL): NOT_RUN: click(findTestObject("Theme_oR/Page_Ontario Cannabis Store  Ontari/button_Hide bar"), OPTIONAL)

2019-05-27 17:50:34 - [MESSAGE][NOT_RUN] - NOT_RUN: click(findTestObject("Theme_oR/Page_Ontario Cannabis Store  Ontari/button_Hide bar"), OPTIONAL)

2019-05-27 17:50:34 - [TEST_STEP][NOT_RUN] - delay(2, OPTIONAL): NOT_RUN: delay(2, OPTIONAL)

2019-05-27 17:50:34 - [MESSAGE][NOT_RUN] - NOT_RUN: delay(2, OPTIONAL)

2019-05-27 17:50:34 - [TEST_STEP][NOT_RUN] - setViewPortSize(360, 800, OPTIONAL): NOT_RUN: setViewPortSize(360, 800, OPTIONAL)

2019-05-27 17:50:34 - [MESSAGE][NOT_RUN] - NOT_RUN: setViewPortSize(360, 800, OPTIONAL)

2019-05-27 17:50:34 - [TEST_STEP][NOT_RUN] - delay(1, OPTIONAL): NOT_RUN: delay(1, OPTIONAL)

2019-05-27 17:50:34 - [MESSAGE][NOT_RUN] - NOT_RUN: delay(1, OPTIONAL)

2019-05-27 17:50:34 - [TEST_STEP][NOT_RUN] - click(findTestObject("OCS-MOBILE /Collection page/label_THC  High to Low")): NOT_RUN: click(findTestObject("OCS-MOBILE /Collection page/label_THC  High to Low"))

2019-05-27 17:50:34 - [MESSAGE][NOT_RUN] - NOT_RUN: click(findTestObject("OCS-MOBILE /Collection page/label_THC  High to Low"))

2019-05-27 17:50:34 - [TEST_STEP][NOT_RUN] - delay(1): NOT_RUN: delay(1)

2019-05-27 17:50:34 - [MESSAGE][NOT_RUN] - NOT_RUN: delay(1)

2019-05-27 17:50:34 - [TEST_STEP][PASSED] - refresh(): Refresh successfully

2019-05-27 17:50:36 - [MESSAGE][PASSED] - Refresh successfully]]></system-out>
         <system-err><![CDATA[]]></system-err>
      </testcase>
      <testcase name="Test Cases/OCS - MOBILE/OCS-COLLECTION PAGE/What to consider" classname="Test Cases/OCS - MOBILE/OCS-COLLECTION PAGE/What to consider" status="PASSED">
         <system-out><![CDATA[2019-05-27 17:50:36 - [TEST_CASE][PASSED] - Test Cases/OCS - MOBILE/OCS-COLLECTION PAGE/What to consider: Test Cases/OCS - MOBILE/OCS-COLLECTION PAGE/What to consider

2019-05-27 17:50:36 - [TEST_STEP][PASSED] - callTestCase(findTestCase("OCS - MOBILE/CALL - AGE GATE"), [:], STOP_ON_FAILURE): Call Test Case 'Test Cases/OCS - MOBILE/CALL - AGE GATE' successfully

2019-05-27 17:50:36 - [TEST_CASE][PASSED] - Test Cases/OCS - MOBILE/CALL - AGE GATE: Test Cases/OCS - MOBILE/CALL - AGE GATE

2019-05-27 17:50:36 - [TEST_STEP][PASSED] - openBrowser(""): Browser is opened with url: ''

2019-05-27 17:50:36 - [MESSAGE][WARNING] - A browser is already opened. Closing browser and opening a new one

2019-05-27 17:50:37 - [MESSAGE][INFO] - Starting 'Chrome' driver

2019-05-27 17:50:38 - [MESSAGE][PASSED] - Browser is opened with url: ''

2019-05-27 17:50:38 - [TEST_STEP][PASSED] - navigateToUrl("https://ocs.ca/?fts=0&preview_theme_id=53376026444"): Navigate to 'https://ocs.ca/?fts=0&preview_theme_id=53376026444' successfully

2019-05-27 17:50:43 - [MESSAGE][PASSED] - Navigate to 'https://ocs.ca/?fts=0&preview_theme_id=53376026444' successfully

2019-05-27 17:50:43 - [TEST_STEP][NOT_RUN] - executeJavaScript("var previewBar = document.getElementById("preview-bar-iframe"); previewBar.style.display = "none";", []): NOT_RUN: executeJavaScript("var previewBar = document.getElementById("preview-bar-iframe"); previewBar.style.display = "none";", [])

2019-05-27 17:50:43 - [MESSAGE][NOT_RUN] - NOT_RUN: executeJavaScript("var previewBar = document.getElementById("preview-bar-iframe"); previewBar.style.display = "none";", [])

2019-05-27 17:50:43 - [TEST_STEP][PASSED] - setViewPortSize(360, 800): Viewport is set to new size with width = 360 and height = 800

2019-05-27 17:50:43 - [MESSAGE][PASSED] - Viewport is set to new size with width = 360 and height = 800

2019-05-27 17:50:43 - [TEST_STEP][PASSED] - delay(4): Delayed 4 second(s)

2019-05-27 17:50:47 - [MESSAGE][PASSED] - Delayed 4 second(s)

2019-05-27 17:50:47 - [TEST_STEP][PASSED] - selectOptionByValue(findTestObject("OCS-MOBILE /Age gate and burger menu/Date"), "12", true): All options with value '12' are selected in object 'Object Repository/OCS-MOBILE /Age gate and burger menu/Date'  using regular expression

2019-05-27 17:50:48 - [MESSAGE][PASSED] - All options with value '12' are selected in object 'Object Repository/OCS-MOBILE /Age gate and burger menu/Date'  using regular expression

2019-05-27 17:50:48 - [TEST_STEP][PASSED] - selectOptionByValue(findTestObject("OCS-MOBILE /Age gate and burger menu/month"), "6", true): All options with value '6' are selected in object 'Object Repository/OCS-MOBILE /Age gate and burger menu/month'  using regular expression

2019-05-27 17:50:48 - [MESSAGE][PASSED] - All options with value '6' are selected in object 'Object Repository/OCS-MOBILE /Age gate and burger menu/month'  using regular expression

2019-05-27 17:50:48 - [TEST_STEP][PASSED] - delay(2): Delayed 2 second(s)

2019-05-27 17:50:50 - [MESSAGE][PASSED] - Delayed 2 second(s)

2019-05-27 17:50:50 - [TEST_STEP][PASSED] - selectOptionByValue(findTestObject("OCS-MOBILE /Age gate and burger menu/Year Dropdown"), "1990", true): All options with value '1990' are selected in object 'Object Repository/OCS-MOBILE /Age gate and burger menu/Year Dropdown'  using regular expression

2019-05-27 17:50:51 - [MESSAGE][PASSED] - All options with value '1990' are selected in object 'Object Repository/OCS-MOBILE /Age gate and burger menu/Year Dropdown'  using regular expression

2019-05-27 17:50:51 - [TEST_STEP][PASSED] - click(findTestObject("OCS-MOBILE /Age gate and burger menu/button_Verify")): Object: 'Object Repository/OCS-MOBILE /Age gate and burger menu/button_Verify' is clicked on

2019-05-27 17:50:51 - [MESSAGE][PASSED] - Object: 'Object Repository/OCS-MOBILE /Age gate and burger menu/button_Verify' is clicked on

2019-05-27 17:50:51 - [TEST_STEP][PASSED] - click(findTestObject("OCS-MOBILE /Age gate and burger menu/Checkbox_CONFIRM AND ACKNOWLEDGE")): Object: 'Object Repository/OCS-MOBILE /Age gate and burger menu/Checkbox_CONFIRM AND ACKNOWLEDGE' is clicked on

2019-05-27 17:50:51 - [MESSAGE][PASSED] - Object: 'Object Repository/OCS-MOBILE /Age gate and burger menu/Checkbox_CONFIRM AND ACKNOWLEDGE' is clicked on

2019-05-27 17:50:51 - [TEST_STEP][PASSED] - click(findTestObject("OCS-MOBILE /Age gate and burger menu/button_CONFIRM")): Object: 'Object Repository/OCS-MOBILE /Age gate and burger menu/button_CONFIRM' is clicked on

2019-05-27 17:50:51 - [MESSAGE][PASSED] - Object: 'Object Repository/OCS-MOBILE /Age gate and burger menu/button_CONFIRM' is clicked on

2019-05-27 17:50:51 - [TEST_STEP][PASSED] - click(findTestObject("OCS-MOBILE /Age gate and burger menu/button_Start Browsing")): Object: 'Object Repository/OCS-MOBILE /Age gate and burger menu/button_Start Browsing' is clicked on

2019-05-27 17:50:51 - [MESSAGE][PASSED] - Object: 'Object Repository/OCS-MOBILE /Age gate and burger menu/button_Start Browsing' is clicked on

2019-05-27 17:50:51 - [MESSAGE][PASSED] - Call Test Case 'Test Cases/OCS - MOBILE/CALL - AGE GATE' successfully

2019-05-27 17:50:51 - [TEST_STEP][PASSED] - delay(2): Delayed 2 second(s)

2019-05-27 17:50:53 - [MESSAGE][PASSED] - Delayed 2 second(s)

2019-05-27 17:50:53 - [TEST_STEP][PASSED] - click(findTestObject("OCS-MOBILE /Age gate and burger menu/Burger menu - English")): Object: 'Object Repository/OCS-MOBILE /Age gate and burger menu/Burger menu - English' is clicked on

2019-05-27 17:50:54 - [MESSAGE][PASSED] - Object: 'Object Repository/OCS-MOBILE /Age gate and burger menu/Burger menu - English' is clicked on

2019-05-27 17:50:54 - [TEST_STEP][PASSED] - delay(2): Delayed 2 second(s)

2019-05-27 17:50:56 - [MESSAGE][PASSED] - Delayed 2 second(s)

2019-05-27 17:50:56 - [TEST_STEP][PASSED] - click(findTestObject("OCS-MOBILE /Cannabis page/Cannabis chevron")): Object: 'Object Repository/OCS-MOBILE /Cannabis page/Cannabis chevron' is clicked on

2019-05-27 17:50:56 - [MESSAGE][PASSED] - Object: 'Object Repository/OCS-MOBILE /Cannabis page/Cannabis chevron' is clicked on

2019-05-27 17:50:56 - [TEST_STEP][PASSED] - delay(2): Delayed 2 second(s)

2019-05-27 17:50:58 - [MESSAGE][PASSED] - Delayed 2 second(s)

2019-05-27 17:50:58 - [TEST_STEP][PASSED] - click(findTestObject("OCS-MOBILE /Cannabis page/Dried flower - plus accordian")): Object: 'Object Repository/OCS-MOBILE /Cannabis page/Dried flower - plus accordian' is clicked on

2019-05-27 17:50:58 - [MESSAGE][PASSED] - Object: 'Object Repository/OCS-MOBILE /Cannabis page/Dried flower - plus accordian' is clicked on

2019-05-27 17:50:58 - [TEST_STEP][PASSED] - delay(2): Delayed 2 second(s)

2019-05-27 17:51:00 - [MESSAGE][PASSED] - Delayed 2 second(s)

2019-05-27 17:51:00 - [TEST_STEP][PASSED] - click(findTestObject("OCS-MOBILE /Cannabis page/Dried flower - Indica dominant")): Object: 'Object Repository/OCS-MOBILE /Cannabis page/Dried flower - Indica dominant' is clicked on

2019-05-27 17:51:02 - [MESSAGE][PASSED] - Object: 'Object Repository/OCS-MOBILE /Cannabis page/Dried flower - Indica dominant' is clicked on

2019-05-27 17:51:02 - [TEST_STEP][PASSED] - executeJavaScript("var previewBar = document.getElementById("preview-bar-iframe"); previewBar.style.display = "none";", []): Execute JavaScript 'var previewBar = document.getElementById("preview-bar-iframe"); previewBar.style.display = "none";' successfully

2019-05-27 17:51:02 - [MESSAGE][PASSED] - Execute JavaScript 'var previewBar = document.getElementById("preview-bar-iframe"); previewBar.style.display = "none";' successfully

2019-05-27 17:51:02 - [TEST_STEP][PASSED] - delay(2): Delayed 2 second(s)

2019-05-27 17:51:04 - [MESSAGE][PASSED] - Delayed 2 second(s)

2019-05-27 17:51:04 - [TEST_STEP][PASSED] - click(findTestObject("OCS-MOBILE /Collection page/loadmore")): Object: 'Object Repository/OCS-MOBILE /Collection page/loadmore' is clicked on

2019-05-27 17:51:04 - [MESSAGE][PASSED] - Object: 'Object Repository/OCS-MOBILE /Collection page/loadmore' is clicked on

2019-05-27 17:51:04 - [TEST_STEP][PASSED] - delay(2): Delayed 2 second(s)

2019-05-27 17:51:06 - [MESSAGE][PASSED] - Delayed 2 second(s)

2019-05-27 17:51:06 - [TEST_STEP][PASSED] - click(findTestObject("OCS-MOBILE /Collection page/What to consider")): Object: 'Object Repository/OCS-MOBILE /Collection page/What to consider' is clicked on

2019-05-27 17:51:09 - [MESSAGE][PASSED] - Object: 'Object Repository/OCS-MOBILE /Collection page/What to consider' is clicked on

2019-05-27 17:51:09 - [TEST_STEP][PASSED] - verifyTextPresent("Six things to know before deciding to consume cannabis.", false): Text 'Six things to know before deciding to consume cannabis.' is present on page 

2019-05-27 17:51:09 - [MESSAGE][PASSED] - Text 'Six things to know before deciding to consume cannabis.' is present on page]]></system-out>
         <system-err><![CDATA[]]></system-err>
      </testcase>
      <testcase name="Test Cases/OCS - MOBILE/OCS-AGE GATE/AG - Date correction" classname="Test Cases/OCS - MOBILE/OCS-AGE GATE/AG - Date correction" status="PASSED">
         <system-out><![CDATA[2019-05-27 17:51:09 - [TEST_CASE][PASSED] - Test Cases/OCS - MOBILE/OCS-AGE GATE/AG - Date correction: Test Cases/OCS - MOBILE/OCS-AGE GATE/AG - Date correction

2019-05-27 17:51:09 - [TEST_STEP][PASSED] - openBrowser(""): Browser is opened with url: ''

2019-05-27 17:51:09 - [MESSAGE][WARNING] - A browser is already opened. Closing browser and opening a new one

2019-05-27 17:51:09 - [MESSAGE][INFO] - Starting 'Chrome' driver

2019-05-27 17:51:10 - [MESSAGE][PASSED] - Browser is opened with url: ''

2019-05-27 17:51:10 - [TEST_STEP][PASSED] - navigateToUrl("https://ocs.ca/?fts=0&preview_theme_id=53376026444"): Navigate to 'https://ocs.ca/?fts=0&preview_theme_id=53376026444' successfully

2019-05-27 17:51:16 - [MESSAGE][PASSED] - Navigate to 'https://ocs.ca/?fts=0&preview_theme_id=53376026444' successfully

2019-05-27 17:51:16 - [TEST_STEP][PASSED] - executeJavaScript("var previewBar = document.getElementById("preview-bar-iframe"); previewBar.style.display = "none";", []): Execute JavaScript 'var previewBar = document.getElementById("preview-bar-iframe"); previewBar.style.display = "none";' successfully

2019-05-27 17:51:16 - [MESSAGE][PASSED] - Execute JavaScript 'var previewBar = document.getElementById("preview-bar-iframe"); previewBar.style.display = "none";' successfully

2019-05-27 17:51:16 - [TEST_STEP][PASSED] - setViewPortSize(360, 800): Viewport is set to new size with width = 360 and height = 800

2019-05-27 17:51:16 - [MESSAGE][PASSED] - Viewport is set to new size with width = 360 and height = 800

2019-05-27 17:51:16 - [TEST_STEP][PASSED] - delay(4): Delayed 4 second(s)

2019-05-27 17:51:20 - [MESSAGE][PASSED] - Delayed 4 second(s)

2019-05-27 17:51:20 - [TEST_STEP][PASSED] - selectOptionByValue(findTestObject("OCS-MOBILE /Age gate and burger menu/Date"), "12", true): All options with value '12' are selected in object 'Object Repository/OCS-MOBILE /Age gate and burger menu/Date'  using regular expression

2019-05-27 17:51:21 - [MESSAGE][PASSED] - All options with value '12' are selected in object 'Object Repository/OCS-MOBILE /Age gate and burger menu/Date'  using regular expression

2019-05-27 17:51:21 - [TEST_STEP][PASSED] - selectOptionByValue(findTestObject("OCS-MOBILE /Age gate and burger menu/month"), "6", true): All options with value '6' are selected in object 'Object Repository/OCS-MOBILE /Age gate and burger menu/month'  using regular expression

2019-05-27 17:51:21 - [MESSAGE][PASSED] - All options with value '6' are selected in object 'Object Repository/OCS-MOBILE /Age gate and burger menu/month'  using regular expression

2019-05-27 17:51:21 - [TEST_STEP][PASSED] - delay(2): Delayed 2 second(s)

2019-05-27 17:51:23 - [MESSAGE][PASSED] - Delayed 2 second(s)

2019-05-27 17:51:23 - [TEST_STEP][PASSED] - selectOptionByValue(findTestObject("OCS-MOBILE /Age gate and burger menu/Year Dropdown"), "1990", true): All options with value '1990' are selected in object 'Object Repository/OCS-MOBILE /Age gate and burger menu/Year Dropdown'  using regular expression

2019-05-27 17:51:24 - [MESSAGE][PASSED] - All options with value '1990' are selected in object 'Object Repository/OCS-MOBILE /Age gate and burger menu/Year Dropdown'  using regular expression

2019-05-27 17:51:24 - [TEST_STEP][PASSED] - delay(3): Delayed 3 second(s)

2019-05-27 17:51:27 - [MESSAGE][PASSED] - Delayed 3 second(s)

2019-05-27 17:51:27 - [TEST_STEP][PASSED] - click(findTestObject("OCS-MOBILE /Age gate and burger menu/button_Verify")): Object: 'Object Repository/OCS-MOBILE /Age gate and burger menu/button_Verify' is clicked on

2019-05-27 17:51:27 - [MESSAGE][PASSED] - Object: 'Object Repository/OCS-MOBILE /Age gate and burger menu/button_Verify' is clicked on

2019-05-27 17:51:27 - [TEST_STEP][PASSED] - delay(1): Delayed 1 second(s)

2019-05-27 17:51:28 - [MESSAGE][PASSED] - Delayed 1 second(s)

2019-05-27 17:51:28 - [TEST_STEP][PASSED] - click(findTestObject("OCS-MOBILE /Age gate and burger menu/a_Correct your date of birth")): Object: 'Object Repository/OCS-MOBILE /Age gate and burger menu/a_Correct your date of birth' is clicked on

2019-05-27 17:51:28 - [MESSAGE][PASSED] - Object: 'Object Repository/OCS-MOBILE /Age gate and burger menu/a_Correct your date of birth' is clicked on

2019-05-27 17:51:28 - [TEST_STEP][PASSED] - selectOptionByValue(findTestObject("OCS-MOBILE /Age gate and burger menu/Date"), "1", true): All options with value '1' are selected in object 'Object Repository/OCS-MOBILE /Age gate and burger menu/Date'  using regular expression

2019-05-27 17:51:29 - [MESSAGE][PASSED] - All options with value '1' are selected in object 'Object Repository/OCS-MOBILE /Age gate and burger menu/Date'  using regular expression

2019-05-27 17:51:29 - [TEST_STEP][PASSED] - selectOptionByValue(findTestObject("OCS-MOBILE /Age gate and burger menu/month"), "5", true): All options with value '5' are selected in object 'Object Repository/OCS-MOBILE /Age gate and burger menu/month'  using regular expression

2019-05-27 17:51:29 - [MESSAGE][PASSED] - All options with value '5' are selected in object 'Object Repository/OCS-MOBILE /Age gate and burger menu/month'  using regular expression

2019-05-27 17:51:29 - [TEST_STEP][PASSED] - selectOptionByValue(findTestObject("OCS-MOBILE /Age gate and burger menu/Year Dropdown"), "1980", true): All options with value '1980' are selected in object 'Object Repository/OCS-MOBILE /Age gate and burger menu/Year Dropdown'  using regular expression

2019-05-27 17:51:30 - [MESSAGE][PASSED] - All options with value '1980' are selected in object 'Object Repository/OCS-MOBILE /Age gate and burger menu/Year Dropdown'  using regular expression

2019-05-27 17:51:30 - [TEST_STEP][PASSED] - click(findTestObject("OCS-MOBILE /Age gate and burger menu/button_Verify")): Object: 'Object Repository/OCS-MOBILE /Age gate and burger menu/button_Verify' is clicked on

2019-05-27 17:51:30 - [MESSAGE][PASSED] - Object: 'Object Repository/OCS-MOBILE /Age gate and burger menu/button_Verify' is clicked on

2019-05-27 17:51:30 - [TEST_STEP][PASSED] - closeBrowser(): Browser is closed

2019-05-27 17:51:30 - [MESSAGE][PASSED] - Browser is closed]]></system-out>
         <system-err><![CDATA[]]></system-err>
      </testcase>
      <testcase name="Test Cases/OCS - MOBILE/OCS-AGE GATE/AG- Under Age" classname="Test Cases/OCS - MOBILE/OCS-AGE GATE/AG- Under Age" status="PASSED">
         <system-out><![CDATA[2019-05-27 17:51:30 - [TEST_CASE][PASSED] - Test Cases/OCS - MOBILE/OCS-AGE GATE/AG- Under Age: Test Cases/OCS - MOBILE/OCS-AGE GATE/AG- Under Age

2019-05-27 17:51:31 - [TEST_STEP][PASSED] - openBrowser(""): Browser is opened with url: ''

2019-05-27 17:51:31 - [MESSAGE][INFO] - Starting 'Chrome' driver

2019-05-27 17:51:32 - [MESSAGE][PASSED] - Browser is opened with url: ''

2019-05-27 17:51:32 - [TEST_STEP][PASSED] - navigateToUrl("https://ocs.ca/?fts=0&preview_theme_id=53376026444"): Navigate to 'https://ocs.ca/?fts=0&preview_theme_id=53376026444' successfully

2019-05-27 17:51:37 - [MESSAGE][PASSED] - Navigate to 'https://ocs.ca/?fts=0&preview_theme_id=53376026444' successfully

2019-05-27 17:51:37 - [TEST_STEP][NOT_RUN] - executeJavaScript("var previewBar = document.getElementById("preview-bar-iframe"); previewBar.style.display = "none";", []): NOT_RUN: executeJavaScript("var previewBar = document.getElementById("preview-bar-iframe"); previewBar.style.display = "none";", [])

2019-05-27 17:51:37 - [MESSAGE][NOT_RUN] - NOT_RUN: executeJavaScript("var previewBar = document.getElementById("preview-bar-iframe"); previewBar.style.display = "none";", [])

2019-05-27 17:51:37 - [TEST_STEP][PASSED] - setViewPortSize(360, 800): Viewport is set to new size with width = 360 and height = 800

2019-05-27 17:51:37 - [MESSAGE][PASSED] - Viewport is set to new size with width = 360 and height = 800

2019-05-27 17:51:37 - [TEST_STEP][PASSED] - delay(4): Delayed 4 second(s)

2019-05-27 17:51:41 - [MESSAGE][PASSED] - Delayed 4 second(s)

2019-05-27 17:51:41 - [TEST_STEP][PASSED] - selectOptionByValue(findTestObject("OCS-MOBILE /Age gate and burger menu/Date"), "12", true): All options with value '12' are selected in object 'Object Repository/OCS-MOBILE /Age gate and burger menu/Date'  using regular expression

2019-05-27 17:51:41 - [MESSAGE][PASSED] - All options with value '12' are selected in object 'Object Repository/OCS-MOBILE /Age gate and burger menu/Date'  using regular expression

2019-05-27 17:51:41 - [TEST_STEP][PASSED] - selectOptionByValue(findTestObject("OCS-MOBILE /Age gate and burger menu/month"), "6", true): All options with value '6' are selected in object 'Object Repository/OCS-MOBILE /Age gate and burger menu/month'  using regular expression

2019-05-27 17:51:42 - [MESSAGE][PASSED] - All options with value '6' are selected in object 'Object Repository/OCS-MOBILE /Age gate and burger menu/month'  using regular expression

2019-05-27 17:51:42 - [TEST_STEP][PASSED] - delay(2): Delayed 2 second(s)

2019-05-27 17:51:44 - [MESSAGE][PASSED] - Delayed 2 second(s)

2019-05-27 17:51:44 - [TEST_STEP][PASSED] - selectOptionByValue(findTestObject("OCS-MOBILE /Age gate and burger menu/Year Dropdown"), "2017", true): All options with value '2017' are selected in object 'Object Repository/OCS-MOBILE /Age gate and burger menu/Year Dropdown'  using regular expression

2019-05-27 17:51:45 - [MESSAGE][PASSED] - All options with value '2017' are selected in object 'Object Repository/OCS-MOBILE /Age gate and burger menu/Year Dropdown'  using regular expression

2019-05-27 17:51:45 - [TEST_STEP][PASSED] - click(findTestObject("OCS-MOBILE /Age gate and burger menu/button_Verify")): Object: 'Object Repository/OCS-MOBILE /Age gate and burger menu/button_Verify' is clicked on

2019-05-27 17:51:45 - [MESSAGE][PASSED] - Object: 'Object Repository/OCS-MOBILE /Age gate and burger menu/button_Verify' is clicked on

2019-05-27 17:51:45 - [TEST_STEP][PASSED] - click(findTestObject("OCS-MOBILE /Age gate and burger menu/Checkbox_CONFIRM AND ACKNOWLEDGE")): Object: 'Object Repository/OCS-MOBILE /Age gate and burger menu/Checkbox_CONFIRM AND ACKNOWLEDGE' is clicked on

2019-05-27 17:51:45 - [MESSAGE][PASSED] - Object: 'Object Repository/OCS-MOBILE /Age gate and burger menu/Checkbox_CONFIRM AND ACKNOWLEDGE' is clicked on

2019-05-27 17:51:45 - [TEST_STEP][PASSED] - click(findTestObject("OCS-MOBILE /Age gate and burger menu/button_CONFIRM")): Object: 'Object Repository/OCS-MOBILE /Age gate and burger menu/button_CONFIRM' is clicked on

2019-05-27 17:51:45 - [MESSAGE][PASSED] - Object: 'Object Repository/OCS-MOBILE /Age gate and burger menu/button_CONFIRM' is clicked on

2019-05-27 17:51:45 - [TEST_STEP][PASSED] - delay(3): Delayed 3 second(s)

2019-05-27 17:51:48 - [MESSAGE][PASSED] - Delayed 3 second(s)

2019-05-27 17:51:48 - [TEST_STEP][PASSED] - click(findTestObject("OCS-MOBILE /Age gate and burger menu/Oops Im actually 19 or older - Link")): Object: 'Object Repository/OCS-MOBILE /Age gate and burger menu/Oops Im actually 19 or older - Link' is clicked on

2019-05-27 17:51:48 - [MESSAGE][PASSED] - Object: 'Object Repository/OCS-MOBILE /Age gate and burger menu/Oops Im actually 19 or older - Link' is clicked on

2019-05-27 17:51:48 - [TEST_STEP][PASSED] - selectOptionByValue(findTestObject("OCS-MOBILE /Age gate and burger menu/Date"), "5", true): All options with value '5' are selected in object 'Object Repository/OCS-MOBILE /Age gate and burger menu/Date'  using regular expression

2019-05-27 17:51:48 - [MESSAGE][PASSED] - All options with value '5' are selected in object 'Object Repository/OCS-MOBILE /Age gate and burger menu/Date'  using regular expression

2019-05-27 17:51:48 - [TEST_STEP][PASSED] - selectOptionByValue(findTestObject("OCS-MOBILE /Age gate and burger menu/month"), "6", true): All options with value '6' are selected in object 'Object Repository/OCS-MOBILE /Age gate and burger menu/month'  using regular expression

2019-05-27 17:51:49 - [MESSAGE][PASSED] - All options with value '6' are selected in object 'Object Repository/OCS-MOBILE /Age gate and burger menu/month'  using regular expression

2019-05-27 17:51:49 - [TEST_STEP][PASSED] - selectOptionByValue(findTestObject("OCS-MOBILE /Age gate and burger menu/Year Dropdown"), "1970", true): All options with value '1970' are selected in object 'Object Repository/OCS-MOBILE /Age gate and burger menu/Year Dropdown'  using regular expression

2019-05-27 17:51:50 - [MESSAGE][PASSED] - All options with value '1970' are selected in object 'Object Repository/OCS-MOBILE /Age gate and burger menu/Year Dropdown'  using regular expression

2019-05-27 17:51:50 - [TEST_STEP][PASSED] - click(findTestObject("OCS-MOBILE /Age gate and burger menu/button_Verify")): Object: 'Object Repository/OCS-MOBILE /Age gate and burger menu/button_Verify' is clicked on

2019-05-27 17:51:50 - [MESSAGE][PASSED] - Object: 'Object Repository/OCS-MOBILE /Age gate and burger menu/button_Verify' is clicked on

2019-05-27 17:51:50 - [TEST_STEP][PASSED] - click(findTestObject("OCS-MOBILE /Age gate and burger menu/Checkbox_CONFIRM AND ACKNOWLEDGE")): Object: 'Object Repository/OCS-MOBILE /Age gate and burger menu/Checkbox_CONFIRM AND ACKNOWLEDGE' is clicked on

2019-05-27 17:51:50 - [MESSAGE][PASSED] - Object: 'Object Repository/OCS-MOBILE /Age gate and burger menu/Checkbox_CONFIRM AND ACKNOWLEDGE' is clicked on

2019-05-27 17:51:50 - [TEST_STEP][PASSED] - click(findTestObject("OCS-MOBILE /Age gate and burger menu/button_CONFIRM")): Object: 'Object Repository/OCS-MOBILE /Age gate and burger menu/button_CONFIRM' is clicked on

2019-05-27 17:51:50 - [MESSAGE][PASSED] - Object: 'Object Repository/OCS-MOBILE /Age gate and burger menu/button_CONFIRM' is clicked on

2019-05-27 17:51:50 - [TEST_STEP][PASSED] - click(findTestObject("OCS-MOBILE /Age gate and burger menu/button_Start Browsing")): Object: 'Object Repository/OCS-MOBILE /Age gate and burger menu/button_Start Browsing' is clicked on

2019-05-27 17:51:50 - [MESSAGE][PASSED] - Object: 'Object Repository/OCS-MOBILE /Age gate and burger menu/button_Start Browsing' is clicked on

2019-05-27 17:51:50 - [TEST_STEP][PASSED] - delay(3): Delayed 3 second(s)

2019-05-27 17:51:53 - [MESSAGE][PASSED] - Delayed 3 second(s)

2019-05-27 17:51:53 - [TEST_STEP][PASSED] - closeBrowser(): Browser is closed

2019-05-27 17:51:53 - [MESSAGE][PASSED] - Browser is closed]]></system-out>
         <system-err><![CDATA[]]></system-err>
      </testcase>
      <testcase name="Test Cases/OCS - MOBILE/OCS- PRODUCT PAGE/Add to bag CTA" classname="Test Cases/OCS - MOBILE/OCS- PRODUCT PAGE/Add to bag CTA" status="PASSED">
         <system-out><![CDATA[2019-05-27 17:51:53 - [TEST_CASE][PASSED] - Test Cases/OCS - MOBILE/OCS- PRODUCT PAGE/Add to bag CTA: Test Cases/OCS - MOBILE/OCS- PRODUCT PAGE/Add to bag CTA

2019-05-27 17:51:53 - [TEST_STEP][PASSED] - callTestCase(findTestCase("OCS - MOBILE/CALL - PDP"), [:], STOP_ON_FAILURE): Call Test Case 'Test Cases/OCS - MOBILE/CALL - PDP' successfully

2019-05-27 17:51:54 - [TEST_CASE][PASSED] - Test Cases/OCS - MOBILE/CALL - PDP: Test Cases/OCS - MOBILE/CALL - PDP

2019-05-27 17:51:54 - [TEST_STEP][PASSED] - openBrowser(""): Browser is opened with url: ''

2019-05-27 17:51:54 - [MESSAGE][INFO] - Starting 'Chrome' driver

2019-05-27 17:51:55 - [MESSAGE][PASSED] - Browser is opened with url: ''

2019-05-27 17:51:55 - [TEST_STEP][PASSED] - navigateToUrl("https://ocs.ca/?fts=0&preview_theme_id=53376026444"): Navigate to 'https://ocs.ca/?fts=0&preview_theme_id=53376026444' successfully

2019-05-27 17:52:01 - [MESSAGE][PASSED] - Navigate to 'https://ocs.ca/?fts=0&preview_theme_id=53376026444' successfully

2019-05-27 17:52:01 - [TEST_STEP][NOT_RUN] - executeJavaScript("var previewBar = document.getElementById("preview-bar-iframe"); previewBar.style.display = "none";", []): NOT_RUN: executeJavaScript("var previewBar = document.getElementById("preview-bar-iframe"); previewBar.style.display = "none";", [])

2019-05-27 17:52:01 - [MESSAGE][NOT_RUN] - NOT_RUN: executeJavaScript("var previewBar = document.getElementById("preview-bar-iframe"); previewBar.style.display = "none";", [])

2019-05-27 17:52:01 - [TEST_STEP][PASSED] - setViewPortSize(360, 800): Viewport is set to new size with width = 360 and height = 800

2019-05-27 17:52:01 - [MESSAGE][PASSED] - Viewport is set to new size with width = 360 and height = 800

2019-05-27 17:52:01 - [TEST_STEP][PASSED] - delay(4): Delayed 4 second(s)

2019-05-27 17:52:05 - [MESSAGE][PASSED] - Delayed 4 second(s)

2019-05-27 17:52:05 - [TEST_STEP][PASSED] - selectOptionByValue(findTestObject("OCS-MOBILE /Age gate and burger menu/Date"), "12", true): All options with value '12' are selected in object 'Object Repository/OCS-MOBILE /Age gate and burger menu/Date'  using regular expression

2019-05-27 17:52:05 - [MESSAGE][PASSED] - All options with value '12' are selected in object 'Object Repository/OCS-MOBILE /Age gate and burger menu/Date'  using regular expression

2019-05-27 17:52:05 - [TEST_STEP][PASSED] - selectOptionByValue(findTestObject("OCS-MOBILE /Age gate and burger menu/month"), "6", true): All options with value '6' are selected in object 'Object Repository/OCS-MOBILE /Age gate and burger menu/month'  using regular expression

2019-05-27 17:52:06 - [MESSAGE][PASSED] - All options with value '6' are selected in object 'Object Repository/OCS-MOBILE /Age gate and burger menu/month'  using regular expression

2019-05-27 17:52:06 - [TEST_STEP][PASSED] - delay(2): Delayed 2 second(s)

2019-05-27 17:52:08 - [MESSAGE][PASSED] - Delayed 2 second(s)

2019-05-27 17:52:08 - [TEST_STEP][PASSED] - selectOptionByValue(findTestObject("OCS-MOBILE /Age gate and burger menu/Year Dropdown"), "1990", true): All options with value '1990' are selected in object 'Object Repository/OCS-MOBILE /Age gate and burger menu/Year Dropdown'  using regular expression

2019-05-27 17:52:09 - [MESSAGE][PASSED] - All options with value '1990' are selected in object 'Object Repository/OCS-MOBILE /Age gate and burger menu/Year Dropdown'  using regular expression

2019-05-27 17:52:09 - [TEST_STEP][PASSED] - click(findTestObject("OCS-MOBILE /Age gate and burger menu/button_Verify")): Object: 'Object Repository/OCS-MOBILE /Age gate and burger menu/button_Verify' is clicked on

2019-05-27 17:52:09 - [MESSAGE][PASSED] - Object: 'Object Repository/OCS-MOBILE /Age gate and burger menu/button_Verify' is clicked on

2019-05-27 17:52:09 - [TEST_STEP][PASSED] - click(findTestObject("OCS-MOBILE /Age gate and burger menu/Checkbox_CONFIRM AND ACKNOWLEDGE")): Object: 'Object Repository/OCS-MOBILE /Age gate and burger menu/Checkbox_CONFIRM AND ACKNOWLEDGE' is clicked on

2019-05-27 17:52:09 - [MESSAGE][PASSED] - Object: 'Object Repository/OCS-MOBILE /Age gate and burger menu/Checkbox_CONFIRM AND ACKNOWLEDGE' is clicked on

2019-05-27 17:52:09 - [TEST_STEP][PASSED] - click(findTestObject("OCS-MOBILE /Age gate and burger menu/button_CONFIRM")): Object: 'Object Repository/OCS-MOBILE /Age gate and burger menu/button_CONFIRM' is clicked on

2019-05-27 17:52:09 - [MESSAGE][PASSED] - Object: 'Object Repository/OCS-MOBILE /Age gate and burger menu/button_CONFIRM' is clicked on

2019-05-27 17:52:09 - [TEST_STEP][PASSED] - click(findTestObject("OCS-MOBILE /Age gate and burger menu/button_Start Browsing")): Object: 'Object Repository/OCS-MOBILE /Age gate and burger menu/button_Start Browsing' is clicked on

2019-05-27 17:52:09 - [MESSAGE][PASSED] - Object: 'Object Repository/OCS-MOBILE /Age gate and burger menu/button_Start Browsing' is clicked on

2019-05-27 17:52:09 - [TEST_STEP][PASSED] - delay(2): Delayed 2 second(s)

2019-05-27 17:52:11 - [MESSAGE][PASSED] - Delayed 2 second(s)

2019-05-27 17:52:11 - [TEST_STEP][PASSED] - click(findTestObject("OCS-MOBILE /Age gate and burger menu/Burger menu - English")): Object: 'Object Repository/OCS-MOBILE /Age gate and burger menu/Burger menu - English' is clicked on

2019-05-27 17:52:11 - [MESSAGE][PASSED] - Object: 'Object Repository/OCS-MOBILE /Age gate and burger menu/Burger menu - English' is clicked on

2019-05-27 17:52:11 - [TEST_STEP][PASSED] - delay(2): Delayed 2 second(s)

2019-05-27 17:52:13 - [MESSAGE][PASSED] - Delayed 2 second(s)

2019-05-27 17:52:13 - [TEST_STEP][PASSED] - click(findTestObject("OCS-MOBILE /Age gate and burger menu/Chevron_Cannabis")): Object: 'Object Repository/OCS-MOBILE /Age gate and burger menu/Chevron_Cannabis' is clicked on

2019-05-27 17:52:13 - [MESSAGE][PASSED] - Object: 'Object Repository/OCS-MOBILE /Age gate and burger menu/Chevron_Cannabis' is clicked on

2019-05-27 17:52:13 - [TEST_STEP][PASSED] - delay(2): Delayed 2 second(s)

2019-05-27 17:52:15 - [MESSAGE][PASSED] - Delayed 2 second(s)

2019-05-27 17:52:15 - [TEST_STEP][PASSED] - click(findTestObject("OCS-MOBILE /Age gate and burger menu/Dried Flower_Plus icon")): Object: 'Object Repository/OCS-MOBILE /Age gate and burger menu/Dried Flower_Plus icon' is clicked on

2019-05-27 17:52:15 - [MESSAGE][PASSED] - Object: 'Object Repository/OCS-MOBILE /Age gate and burger menu/Dried Flower_Plus icon' is clicked on

2019-05-27 17:52:15 - [TEST_STEP][PASSED] - delay(2): Delayed 2 second(s)

2019-05-27 17:52:17 - [MESSAGE][PASSED] - Delayed 2 second(s)

2019-05-27 17:52:17 - [TEST_STEP][PASSED] - click(findTestObject("OCS-MOBILE /Age gate and burger menu/Indica Dominant_Menu item")): Object: 'Object Repository/OCS-MOBILE /Age gate and burger menu/Indica Dominant_Menu item' is clicked on

2019-05-27 17:52:20 - [MESSAGE][PASSED] - Object: 'Object Repository/OCS-MOBILE /Age gate and burger menu/Indica Dominant_Menu item' is clicked on

2019-05-27 17:52:20 - [TEST_STEP][PASSED] - delay(2): Delayed 2 second(s)

2019-05-27 17:52:22 - [MESSAGE][PASSED] - Delayed 2 second(s)

2019-05-27 17:52:22 - [TEST_STEP][PASSED] - click(findTestObject("OCS-MOBILE /Collection page/Product image - 1st one")): Object: 'Object Repository/OCS-MOBILE /Collection page/Product image - 1st one' is clicked on

2019-05-27 17:52:26 - [MESSAGE][PASSED] - Object: 'Object Repository/OCS-MOBILE /Collection page/Product image - 1st one' is clicked on

2019-05-27 17:52:26 - [TEST_STEP][PASSED] - delay(2): Delayed 2 second(s)

2019-05-27 17:52:28 - [MESSAGE][PASSED] - Delayed 2 second(s)

2019-05-27 17:52:28 - [TEST_STEP][PASSED] - executeJavaScript("var previewBar = document.getElementById("preview-bar-iframe"); previewBar.style.display = "none";", []): Execute JavaScript 'var previewBar = document.getElementById("preview-bar-iframe"); previewBar.style.display = "none";' successfully

2019-05-27 17:52:28 - [MESSAGE][PASSED] - Execute JavaScript 'var previewBar = document.getElementById("preview-bar-iframe"); previewBar.style.display = "none";' successfully

2019-05-27 17:52:28 - [MESSAGE][PASSED] - Call Test Case 'Test Cases/OCS - MOBILE/CALL - PDP' successfully

2019-05-27 17:52:28 - [TEST_STEP][PASSED] - executeJavaScript("var previewBar = document.getElementById("preview-bar-iframe"); previewBar.style.display = "none";", []): Execute JavaScript 'var previewBar = document.getElementById("preview-bar-iframe"); previewBar.style.display = "none";' successfully

2019-05-27 17:52:28 - [MESSAGE][PASSED] - Execute JavaScript 'var previewBar = document.getElementById("preview-bar-iframe"); previewBar.style.display = "none";' successfully

2019-05-27 17:52:28 - [TEST_STEP][PASSED] - scrollToElement(findTestObject("OCS-MOBILE /Product page/Product image"), 1): Scroll to object 'Object Repository/OCS-MOBILE /Product page/Product image' successfully

2019-05-27 17:52:28 - [MESSAGE][PASSED] - Scroll to object 'Object Repository/OCS-MOBILE /Product page/Product image' successfully

2019-05-27 17:52:28 - [TEST_STEP][PASSED] - delay(2): Delayed 2 second(s)

2019-05-27 17:52:30 - [MESSAGE][PASSED] - Delayed 2 second(s)

2019-05-27 17:52:30 - [TEST_STEP][PASSED] - click(findTestObject("OCS-MOBILE /Product page/Swatch_1g")): Object: 'Object Repository/OCS-MOBILE /Product page/Swatch_1g' is clicked on

2019-05-27 17:52:30 - [MESSAGE][PASSED] - Object: 'Object Repository/OCS-MOBILE /Product page/Swatch_1g' is clicked on

2019-05-27 17:52:30 - [TEST_STEP][PASSED] - scrollToElement(findTestObject("OCS-MOBILE /Product page/Swatch_3.5g"), 1): Scroll to object 'Object Repository/OCS-MOBILE /Product page/Swatch_3.5g' successfully

2019-05-27 17:52:30 - [MESSAGE][PASSED] - Scroll to object 'Object Repository/OCS-MOBILE /Product page/Swatch_3.5g' successfully

2019-05-27 17:52:30 - [TEST_STEP][PASSED] - delay(2): Delayed 2 second(s)

2019-05-27 17:52:32 - [MESSAGE][PASSED] - Delayed 2 second(s)

2019-05-27 17:52:32 - [TEST_STEP][PASSED] - click(findTestObject("OCS-MOBILE /Product page/Add to Bag-button")): Object: 'Object Repository/OCS-MOBILE /Product page/Add to Bag-button' is clicked on

2019-05-27 17:52:32 - [MESSAGE][PASSED] - Object: 'Object Repository/OCS-MOBILE /Product page/Add to Bag-button' is clicked on

2019-05-27 17:52:32 - [TEST_STEP][PASSED] - delay(1): Delayed 1 second(s)

2019-05-27 17:52:33 - [MESSAGE][PASSED] - Delayed 1 second(s)

2019-05-27 17:52:33 - [TEST_STEP][PASSED] - click(findTestObject("OCS-MOBILE /Home - page/Cart icon -bag")): Object: 'Object Repository/OCS-MOBILE /Home - page/Cart icon -bag' is clicked on

2019-05-27 17:52:33 - [MESSAGE][PASSED] - Object: 'Object Repository/OCS-MOBILE /Home - page/Cart icon -bag' is clicked on

2019-05-27 17:52:33 - [TEST_STEP][PASSED] - delay(1): Delayed 1 second(s)

2019-05-27 17:52:34 - [MESSAGE][PASSED] - Delayed 1 second(s)

2019-05-27 17:52:34 - [TEST_STEP][PASSED] - verifyElementPresent(findTestObject("OCS-MOBILE /Cart flyout/Cart - 1st item"), 2): Object 'Object Repository/OCS-MOBILE /Cart flyout/Cart - 1st item' is present

2019-05-27 17:52:34 - [MESSAGE][PASSED] - Object 'Object Repository/OCS-MOBILE /Cart flyout/Cart - 1st item' is present

2019-05-27 17:52:34 - [TEST_STEP][PASSED] - delay(1): Delayed 1 second(s)

2019-05-27 17:52:35 - [MESSAGE][PASSED] - Delayed 1 second(s)

2019-05-27 17:52:35 - [TEST_STEP][PASSED] - click(findTestObject("OCS-MOBILE /Cart flyout/Back icon")): Object: 'Object Repository/OCS-MOBILE /Cart flyout/Back icon' is clicked on

2019-05-27 17:52:35 - [MESSAGE][PASSED] - Object: 'Object Repository/OCS-MOBILE /Cart flyout/Back icon' is clicked on

2019-05-27 17:52:35 - [TEST_STEP][PASSED] - closeBrowser(): Browser is closed

2019-05-27 17:52:35 - [MESSAGE][PASSED] - Browser is closed]]></system-out>
         <system-err><![CDATA[]]></system-err>
      </testcase>
      <testcase name="Test Cases/OCS - MOBILE/OCS- PRODUCT PAGE/Shop all of our products" classname="Test Cases/OCS - MOBILE/OCS- PRODUCT PAGE/Shop all of our products" status="PASSED">
         <system-out><![CDATA[2019-05-27 17:52:35 - [TEST_CASE][PASSED] - Test Cases/OCS - MOBILE/OCS- PRODUCT PAGE/Shop all of our products: Test Cases/OCS - MOBILE/OCS- PRODUCT PAGE/Shop all of our products

2019-05-27 17:52:35 - [TEST_STEP][PASSED] - callTestCase(findTestCase("OCS - MOBILE/CALL - PDP"), [:], STOP_ON_FAILURE): Call Test Case 'Test Cases/OCS - MOBILE/CALL - PDP' successfully

2019-05-27 17:52:35 - [TEST_CASE][PASSED] - Test Cases/OCS - MOBILE/CALL - PDP: Test Cases/OCS - MOBILE/CALL - PDP

2019-05-27 17:52:35 - [TEST_STEP][PASSED] - openBrowser(""): Browser is opened with url: ''

2019-05-27 17:52:36 - [MESSAGE][INFO] - Starting 'Chrome' driver

2019-05-27 17:52:37 - [MESSAGE][PASSED] - Browser is opened with url: ''

2019-05-27 17:52:37 - [TEST_STEP][PASSED] - navigateToUrl("https://ocs.ca/?fts=0&preview_theme_id=53376026444"): Navigate to 'https://ocs.ca/?fts=0&preview_theme_id=53376026444' successfully

2019-05-27 17:52:43 - [MESSAGE][PASSED] - Navigate to 'https://ocs.ca/?fts=0&preview_theme_id=53376026444' successfully

2019-05-27 17:52:43 - [TEST_STEP][NOT_RUN] - executeJavaScript("var previewBar = document.getElementById("preview-bar-iframe"); previewBar.style.display = "none";", []): NOT_RUN: executeJavaScript("var previewBar = document.getElementById("preview-bar-iframe"); previewBar.style.display = "none";", [])

2019-05-27 17:52:43 - [MESSAGE][NOT_RUN] - NOT_RUN: executeJavaScript("var previewBar = document.getElementById("preview-bar-iframe"); previewBar.style.display = "none";", [])

2019-05-27 17:52:43 - [TEST_STEP][PASSED] - setViewPortSize(360, 800): Viewport is set to new size with width = 360 and height = 800

2019-05-27 17:52:43 - [MESSAGE][PASSED] - Viewport is set to new size with width = 360 and height = 800

2019-05-27 17:52:43 - [TEST_STEP][PASSED] - delay(4): Delayed 4 second(s)

2019-05-27 17:52:47 - [MESSAGE][PASSED] - Delayed 4 second(s)

2019-05-27 17:52:47 - [TEST_STEP][PASSED] - selectOptionByValue(findTestObject("OCS-MOBILE /Age gate and burger menu/Date"), "12", true): All options with value '12' are selected in object 'Object Repository/OCS-MOBILE /Age gate and burger menu/Date'  using regular expression

2019-05-27 17:52:48 - [MESSAGE][PASSED] - All options with value '12' are selected in object 'Object Repository/OCS-MOBILE /Age gate and burger menu/Date'  using regular expression

2019-05-27 17:52:48 - [TEST_STEP][PASSED] - selectOptionByValue(findTestObject("OCS-MOBILE /Age gate and burger menu/month"), "6", true): All options with value '6' are selected in object 'Object Repository/OCS-MOBILE /Age gate and burger menu/month'  using regular expression

2019-05-27 17:52:48 - [MESSAGE][PASSED] - All options with value '6' are selected in object 'Object Repository/OCS-MOBILE /Age gate and burger menu/month'  using regular expression

2019-05-27 17:52:48 - [TEST_STEP][PASSED] - delay(2): Delayed 2 second(s)

2019-05-27 17:52:50 - [MESSAGE][PASSED] - Delayed 2 second(s)

2019-05-27 17:52:50 - [TEST_STEP][PASSED] - selectOptionByValue(findTestObject("OCS-MOBILE /Age gate and burger menu/Year Dropdown"), "1990", true): All options with value '1990' are selected in object 'Object Repository/OCS-MOBILE /Age gate and burger menu/Year Dropdown'  using regular expression

2019-05-27 17:52:51 - [MESSAGE][PASSED] - All options with value '1990' are selected in object 'Object Repository/OCS-MOBILE /Age gate and burger menu/Year Dropdown'  using regular expression

2019-05-27 17:52:51 - [TEST_STEP][PASSED] - click(findTestObject("OCS-MOBILE /Age gate and burger menu/button_Verify")): Object: 'Object Repository/OCS-MOBILE /Age gate and burger menu/button_Verify' is clicked on

2019-05-27 17:52:51 - [MESSAGE][PASSED] - Object: 'Object Repository/OCS-MOBILE /Age gate and burger menu/button_Verify' is clicked on

2019-05-27 17:52:51 - [TEST_STEP][PASSED] - click(findTestObject("OCS-MOBILE /Age gate and burger menu/Checkbox_CONFIRM AND ACKNOWLEDGE")): Object: 'Object Repository/OCS-MOBILE /Age gate and burger menu/Checkbox_CONFIRM AND ACKNOWLEDGE' is clicked on

2019-05-27 17:52:51 - [MESSAGE][PASSED] - Object: 'Object Repository/OCS-MOBILE /Age gate and burger menu/Checkbox_CONFIRM AND ACKNOWLEDGE' is clicked on

2019-05-27 17:52:51 - [TEST_STEP][PASSED] - click(findTestObject("OCS-MOBILE /Age gate and burger menu/button_CONFIRM")): Object: 'Object Repository/OCS-MOBILE /Age gate and burger menu/button_CONFIRM' is clicked on

2019-05-27 17:52:51 - [MESSAGE][PASSED] - Object: 'Object Repository/OCS-MOBILE /Age gate and burger menu/button_CONFIRM' is clicked on

2019-05-27 17:52:51 - [TEST_STEP][PASSED] - click(findTestObject("OCS-MOBILE /Age gate and burger menu/button_Start Browsing")): Object: 'Object Repository/OCS-MOBILE /Age gate and burger menu/button_Start Browsing' is clicked on

2019-05-27 17:52:51 - [MESSAGE][PASSED] - Object: 'Object Repository/OCS-MOBILE /Age gate and burger menu/button_Start Browsing' is clicked on

2019-05-27 17:52:51 - [TEST_STEP][PASSED] - delay(2): Delayed 2 second(s)

2019-05-27 17:52:53 - [MESSAGE][PASSED] - Delayed 2 second(s)

2019-05-27 17:52:53 - [TEST_STEP][PASSED] - click(findTestObject("OCS-MOBILE /Age gate and burger menu/Burger menu - English")): Object: 'Object Repository/OCS-MOBILE /Age gate and burger menu/Burger menu - English' is clicked on

2019-05-27 17:52:53 - [MESSAGE][PASSED] - Object: 'Object Repository/OCS-MOBILE /Age gate and burger menu/Burger menu - English' is clicked on

2019-05-27 17:52:53 - [TEST_STEP][PASSED] - delay(2): Delayed 2 second(s)

2019-05-27 17:52:55 - [MESSAGE][PASSED] - Delayed 2 second(s)

2019-05-27 17:52:55 - [TEST_STEP][PASSED] - click(findTestObject("OCS-MOBILE /Age gate and burger menu/Chevron_Cannabis")): Object: 'Object Repository/OCS-MOBILE /Age gate and burger menu/Chevron_Cannabis' is clicked on

2019-05-27 17:52:56 - [MESSAGE][PASSED] - Object: 'Object Repository/OCS-MOBILE /Age gate and burger menu/Chevron_Cannabis' is clicked on

2019-05-27 17:52:56 - [TEST_STEP][PASSED] - delay(2): Delayed 2 second(s)

2019-05-27 17:52:58 - [MESSAGE][PASSED] - Delayed 2 second(s)

2019-05-27 17:52:58 - [TEST_STEP][PASSED] - click(findTestObject("OCS-MOBILE /Age gate and burger menu/Dried Flower_Plus icon")): Object: 'Object Repository/OCS-MOBILE /Age gate and burger menu/Dried Flower_Plus icon' is clicked on

2019-05-27 17:52:58 - [MESSAGE][PASSED] - Object: 'Object Repository/OCS-MOBILE /Age gate and burger menu/Dried Flower_Plus icon' is clicked on

2019-05-27 17:52:58 - [TEST_STEP][PASSED] - delay(2): Delayed 2 second(s)

2019-05-27 17:53:00 - [MESSAGE][PASSED] - Delayed 2 second(s)

2019-05-27 17:53:00 - [TEST_STEP][PASSED] - click(findTestObject("OCS-MOBILE /Age gate and burger menu/Indica Dominant_Menu item")): Object: 'Object Repository/OCS-MOBILE /Age gate and burger menu/Indica Dominant_Menu item' is clicked on

2019-05-27 17:53:02 - [MESSAGE][PASSED] - Object: 'Object Repository/OCS-MOBILE /Age gate and burger menu/Indica Dominant_Menu item' is clicked on

2019-05-27 17:53:02 - [TEST_STEP][PASSED] - delay(2): Delayed 2 second(s)

2019-05-27 17:53:04 - [MESSAGE][PASSED] - Delayed 2 second(s)

2019-05-27 17:53:04 - [TEST_STEP][PASSED] - click(findTestObject("OCS-MOBILE /Collection page/Product image - 1st one")): Object: 'Object Repository/OCS-MOBILE /Collection page/Product image - 1st one' is clicked on

2019-05-27 17:53:08 - [MESSAGE][PASSED] - Object: 'Object Repository/OCS-MOBILE /Collection page/Product image - 1st one' is clicked on

2019-05-27 17:53:08 - [TEST_STEP][PASSED] - delay(2): Delayed 2 second(s)

2019-05-27 17:53:10 - [MESSAGE][PASSED] - Delayed 2 second(s)

2019-05-27 17:53:10 - [TEST_STEP][PASSED] - executeJavaScript("var previewBar = document.getElementById("preview-bar-iframe"); previewBar.style.display = "none";", []): Execute JavaScript 'var previewBar = document.getElementById("preview-bar-iframe"); previewBar.style.display = "none";' successfully

2019-05-27 17:53:10 - [MESSAGE][PASSED] - Execute JavaScript 'var previewBar = document.getElementById("preview-bar-iframe"); previewBar.style.display = "none";' successfully

2019-05-27 17:53:10 - [MESSAGE][PASSED] - Call Test Case 'Test Cases/OCS - MOBILE/CALL - PDP' successfully

2019-05-27 17:53:10 - [TEST_STEP][PASSED] - scrollToElement(findTestObject("OCS-MOBILE /Product page/Recently Viewed/1st Product - Image"), 2): Scroll to object 'Object Repository/OCS-MOBILE /Product page/Recently Viewed/1st Product - Image' successfully

2019-05-27 17:53:10 - [MESSAGE][PASSED] - Scroll to object 'Object Repository/OCS-MOBILE /Product page/Recently Viewed/1st Product - Image' successfully

2019-05-27 17:53:10 - [TEST_STEP][PASSED] - delay(1, OPTIONAL): Delayed 1 second(s)

2019-05-27 17:53:11 - [MESSAGE][PASSED] - Delayed 1 second(s)

2019-05-27 17:53:11 - [TEST_STEP][PASSED] - click(findTestObject("OCS-MOBILE /Product page/Shop all of our products - Button")): Object: 'Object Repository/OCS-MOBILE /Product page/Shop all of our products - Button' is clicked on

2019-05-27 17:53:14 - [MESSAGE][PASSED] - Object: 'Object Repository/OCS-MOBILE /Product page/Shop all of our products - Button' is clicked on

2019-05-27 17:53:14 - [TEST_STEP][PASSED] - a = getWindowTitle(): Current window's title is: 'All Products | Ontario Cannabis Store'

2019-05-27 17:53:14 - [MESSAGE][PASSED] - Current window's title is: 'All Products | Ontario Cannabis Store'

2019-05-27 17:53:14 - [TEST_STEP][PASSED] - b = "All Products | Ontario Cannabis Store": null

2019-05-27 17:53:14 - [TEST_STEP][PASSED] - comment("WINDOW TITLE: " + a): WINDOW TITLE: All Products | Ontario Cannabis Store

2019-05-27 17:53:14 - [MESSAGE][INFO] - WINDOW TITLE: All Products | Ontario Cannabis Store

2019-05-27 17:53:14 - [TEST_STEP][PASSED] - verifyEqual(a, b): Actual object 'All Products | Ontario Cannabis Store' and expected object 'All Products | Ontario Cannabis Store' are equal

2019-05-27 17:53:14 - [MESSAGE][PASSED] - Actual object 'All Products | Ontario Cannabis Store' and expected object 'All Products | Ontario Cannabis Store' are equal]]></system-out>
         <system-err><![CDATA[]]></system-err>
      </testcase>
      <testcase name="Test Cases/OCS - MOBILE/OCS- PRODUCT PAGE/Tooltip" classname="Test Cases/OCS - MOBILE/OCS- PRODUCT PAGE/Tooltip" status="PASSED">
         <system-out><![CDATA[2019-05-27 17:53:14 - [TEST_CASE][PASSED] - Test Cases/OCS - MOBILE/OCS- PRODUCT PAGE/Tooltip: Test Cases/OCS - MOBILE/OCS- PRODUCT PAGE/Tooltip

2019-05-27 17:53:14 - [TEST_STEP][PASSED] - callTestCase(findTestCase("OCS - MOBILE/CALL - PDP"), [:], STOP_ON_FAILURE): Call Test Case 'Test Cases/OCS - MOBILE/CALL - PDP' successfully

2019-05-27 17:53:14 - [TEST_CASE][PASSED] - Test Cases/OCS - MOBILE/CALL - PDP: Test Cases/OCS - MOBILE/CALL - PDP

2019-05-27 17:53:14 - [TEST_STEP][PASSED] - openBrowser(""): Browser is opened with url: ''

2019-05-27 17:53:14 - [MESSAGE][WARNING] - A browser is already opened. Closing browser and opening a new one

2019-05-27 17:53:14 - [MESSAGE][INFO] - Starting 'Chrome' driver

2019-05-27 17:53:15 - [MESSAGE][PASSED] - Browser is opened with url: ''

2019-05-27 17:53:15 - [TEST_STEP][PASSED] - navigateToUrl("https://ocs.ca/?fts=0&preview_theme_id=53376026444"): Navigate to 'https://ocs.ca/?fts=0&preview_theme_id=53376026444' successfully

2019-05-27 17:53:21 - [MESSAGE][PASSED] - Navigate to 'https://ocs.ca/?fts=0&preview_theme_id=53376026444' successfully

2019-05-27 17:53:21 - [TEST_STEP][NOT_RUN] - executeJavaScript("var previewBar = document.getElementById("preview-bar-iframe"); previewBar.style.display = "none";", []): NOT_RUN: executeJavaScript("var previewBar = document.getElementById("preview-bar-iframe"); previewBar.style.display = "none";", [])

2019-05-27 17:53:21 - [MESSAGE][NOT_RUN] - NOT_RUN: executeJavaScript("var previewBar = document.getElementById("preview-bar-iframe"); previewBar.style.display = "none";", [])

2019-05-27 17:53:21 - [TEST_STEP][PASSED] - setViewPortSize(360, 800): Viewport is set to new size with width = 360 and height = 800

2019-05-27 17:53:21 - [MESSAGE][PASSED] - Viewport is set to new size with width = 360 and height = 800

2019-05-27 17:53:21 - [TEST_STEP][PASSED] - delay(4): Delayed 4 second(s)

2019-05-27 17:53:25 - [MESSAGE][PASSED] - Delayed 4 second(s)

2019-05-27 17:53:25 - [TEST_STEP][PASSED] - selectOptionByValue(findTestObject("OCS-MOBILE /Age gate and burger menu/Date"), "12", true): All options with value '12' are selected in object 'Object Repository/OCS-MOBILE /Age gate and burger menu/Date'  using regular expression

2019-05-27 17:53:25 - [MESSAGE][PASSED] - All options with value '12' are selected in object 'Object Repository/OCS-MOBILE /Age gate and burger menu/Date'  using regular expression

2019-05-27 17:53:25 - [TEST_STEP][PASSED] - selectOptionByValue(findTestObject("OCS-MOBILE /Age gate and burger menu/month"), "6", true): All options with value '6' are selected in object 'Object Repository/OCS-MOBILE /Age gate and burger menu/month'  using regular expression

2019-05-27 17:53:26 - [MESSAGE][PASSED] - All options with value '6' are selected in object 'Object Repository/OCS-MOBILE /Age gate and burger menu/month'  using regular expression

2019-05-27 17:53:26 - [TEST_STEP][PASSED] - delay(2): Delayed 2 second(s)

2019-05-27 17:53:28 - [MESSAGE][PASSED] - Delayed 2 second(s)

2019-05-27 17:53:28 - [TEST_STEP][PASSED] - selectOptionByValue(findTestObject("OCS-MOBILE /Age gate and burger menu/Year Dropdown"), "1990", true): All options with value '1990' are selected in object 'Object Repository/OCS-MOBILE /Age gate and burger menu/Year Dropdown'  using regular expression

2019-05-27 17:53:29 - [MESSAGE][PASSED] - All options with value '1990' are selected in object 'Object Repository/OCS-MOBILE /Age gate and burger menu/Year Dropdown'  using regular expression

2019-05-27 17:53:29 - [TEST_STEP][PASSED] - click(findTestObject("OCS-MOBILE /Age gate and burger menu/button_Verify")): Object: 'Object Repository/OCS-MOBILE /Age gate and burger menu/button_Verify' is clicked on

2019-05-27 17:53:29 - [MESSAGE][PASSED] - Object: 'Object Repository/OCS-MOBILE /Age gate and burger menu/button_Verify' is clicked on

2019-05-27 17:53:29 - [TEST_STEP][PASSED] - click(findTestObject("OCS-MOBILE /Age gate and burger menu/Checkbox_CONFIRM AND ACKNOWLEDGE")): Object: 'Object Repository/OCS-MOBILE /Age gate and burger menu/Checkbox_CONFIRM AND ACKNOWLEDGE' is clicked on

2019-05-27 17:53:29 - [MESSAGE][PASSED] - Object: 'Object Repository/OCS-MOBILE /Age gate and burger menu/Checkbox_CONFIRM AND ACKNOWLEDGE' is clicked on

2019-05-27 17:53:29 - [TEST_STEP][PASSED] - click(findTestObject("OCS-MOBILE /Age gate and burger menu/button_CONFIRM")): Object: 'Object Repository/OCS-MOBILE /Age gate and burger menu/button_CONFIRM' is clicked on

2019-05-27 17:53:29 - [MESSAGE][PASSED] - Object: 'Object Repository/OCS-MOBILE /Age gate and burger menu/button_CONFIRM' is clicked on

2019-05-27 17:53:29 - [TEST_STEP][PASSED] - click(findTestObject("OCS-MOBILE /Age gate and burger menu/button_Start Browsing")): Object: 'Object Repository/OCS-MOBILE /Age gate and burger menu/button_Start Browsing' is clicked on

2019-05-27 17:53:29 - [MESSAGE][PASSED] - Object: 'Object Repository/OCS-MOBILE /Age gate and burger menu/button_Start Browsing' is clicked on

2019-05-27 17:53:29 - [TEST_STEP][PASSED] - delay(2): Delayed 2 second(s)

2019-05-27 17:53:31 - [MESSAGE][PASSED] - Delayed 2 second(s)

2019-05-27 17:53:31 - [TEST_STEP][PASSED] - click(findTestObject("OCS-MOBILE /Age gate and burger menu/Burger menu - English")): Object: 'Object Repository/OCS-MOBILE /Age gate and burger menu/Burger menu - English' is clicked on

2019-05-27 17:53:31 - [MESSAGE][PASSED] - Object: 'Object Repository/OCS-MOBILE /Age gate and burger menu/Burger menu - English' is clicked on

2019-05-27 17:53:31 - [TEST_STEP][PASSED] - delay(2): Delayed 2 second(s)

2019-05-27 17:53:33 - [MESSAGE][PASSED] - Delayed 2 second(s)

2019-05-27 17:53:33 - [TEST_STEP][PASSED] - click(findTestObject("OCS-MOBILE /Age gate and burger menu/Chevron_Cannabis")): Object: 'Object Repository/OCS-MOBILE /Age gate and burger menu/Chevron_Cannabis' is clicked on

2019-05-27 17:53:33 - [MESSAGE][PASSED] - Object: 'Object Repository/OCS-MOBILE /Age gate and burger menu/Chevron_Cannabis' is clicked on

2019-05-27 17:53:33 - [TEST_STEP][PASSED] - delay(2): Delayed 2 second(s)

2019-05-27 17:53:35 - [MESSAGE][PASSED] - Delayed 2 second(s)

2019-05-27 17:53:35 - [TEST_STEP][PASSED] - click(findTestObject("OCS-MOBILE /Age gate and burger menu/Dried Flower_Plus icon")): Object: 'Object Repository/OCS-MOBILE /Age gate and burger menu/Dried Flower_Plus icon' is clicked on

2019-05-27 17:53:35 - [MESSAGE][PASSED] - Object: 'Object Repository/OCS-MOBILE /Age gate and burger menu/Dried Flower_Plus icon' is clicked on

2019-05-27 17:53:35 - [TEST_STEP][PASSED] - delay(2): Delayed 2 second(s)

2019-05-27 17:53:37 - [MESSAGE][PASSED] - Delayed 2 second(s)

2019-05-27 17:53:37 - [TEST_STEP][PASSED] - click(findTestObject("OCS-MOBILE /Age gate and burger menu/Indica Dominant_Menu item")): Object: 'Object Repository/OCS-MOBILE /Age gate and burger menu/Indica Dominant_Menu item' is clicked on

2019-05-27 17:53:41 - [MESSAGE][PASSED] - Object: 'Object Repository/OCS-MOBILE /Age gate and burger menu/Indica Dominant_Menu item' is clicked on

2019-05-27 17:53:41 - [TEST_STEP][PASSED] - delay(2): Delayed 2 second(s)

2019-05-27 17:53:44 - [MESSAGE][PASSED] - Delayed 2 second(s)

2019-05-27 17:53:44 - [TEST_STEP][PASSED] - click(findTestObject("OCS-MOBILE /Collection page/Product image - 1st one")): Object: 'Object Repository/OCS-MOBILE /Collection page/Product image - 1st one' is clicked on

2019-05-27 17:53:48 - [MESSAGE][PASSED] - Object: 'Object Repository/OCS-MOBILE /Collection page/Product image - 1st one' is clicked on

2019-05-27 17:53:48 - [TEST_STEP][PASSED] - delay(2): Delayed 2 second(s)

2019-05-27 17:53:50 - [MESSAGE][PASSED] - Delayed 2 second(s)

2019-05-27 17:53:50 - [TEST_STEP][PASSED] - executeJavaScript("var previewBar = document.getElementById("preview-bar-iframe"); previewBar.style.display = "none";", []): Execute JavaScript 'var previewBar = document.getElementById("preview-bar-iframe"); previewBar.style.display = "none";' successfully

2019-05-27 17:53:50 - [MESSAGE][PASSED] - Execute JavaScript 'var previewBar = document.getElementById("preview-bar-iframe"); previewBar.style.display = "none";' successfully

2019-05-27 17:53:50 - [MESSAGE][PASSED] - Call Test Case 'Test Cases/OCS - MOBILE/CALL - PDP' successfully

2019-05-27 17:53:50 - [TEST_STEP][PASSED] - click(findTestObject("OCS-MOBILE /Product page/Tooltips/THC - Tooltip")): Object: 'Object Repository/OCS-MOBILE /Product page/Tooltips/THC - Tooltip' is clicked on

2019-05-27 17:53:50 - [MESSAGE][PASSED] - Object: 'Object Repository/OCS-MOBILE /Product page/Tooltips/THC - Tooltip' is clicked on

2019-05-27 17:53:50 - [TEST_STEP][PASSED] - takeScreenshot(): Taking screenshot successfully

2019-05-27 17:53:50 - [MESSAGE][PASSED] - Taking screenshot successfully
[[ATTACHMENT|/Users/sumankompelly/Katalon Studio/OCS ( QA- 1.9.1 ) /Reports/QA ( 1.9.1)/HP, PROD , AG,COLL/20190527_174417/1558994030246.png]]

2019-05-27 17:53:50 - [TEST_STEP][PASSED] - delay(2): Delayed 2 second(s)

2019-05-27 17:53:52 - [MESSAGE][PASSED] - Delayed 2 second(s)

2019-05-27 17:53:52 - [TEST_STEP][PASSED] - click(findTestObject("OCS-MOBILE /Product page/Tooltips/CBD - Tooltip")): Object: 'Object Repository/OCS-MOBILE /Product page/Tooltips/CBD - Tooltip' is clicked on

2019-05-27 17:53:52 - [MESSAGE][PASSED] - Object: 'Object Repository/OCS-MOBILE /Product page/Tooltips/CBD - Tooltip' is clicked on

2019-05-27 17:53:52 - [TEST_STEP][PASSED] - takeScreenshot(): Taking screenshot successfully

2019-05-27 17:53:53 - [MESSAGE][PASSED] - Taking screenshot successfully
[[ATTACHMENT|/Users/sumankompelly/Katalon Studio/OCS ( QA- 1.9.1 ) /Reports/QA ( 1.9.1)/HP, PROD , AG,COLL/20190527_174417/1558994032790.png]]

2019-05-27 17:53:53 - [TEST_STEP][PASSED] - delay(2): Delayed 2 second(s)

2019-05-27 17:53:55 - [MESSAGE][PASSED] - Delayed 2 second(s)

2019-05-27 17:53:55 - [TEST_STEP][PASSED] - click(findTestObject("OCS-MOBILE /Product page/Tooltips/Plant type - Tooltip")): Object: 'Object Repository/OCS-MOBILE /Product page/Tooltips/Plant type - Tooltip' is clicked on

2019-05-27 17:53:55 - [MESSAGE][PASSED] - Object: 'Object Repository/OCS-MOBILE /Product page/Tooltips/Plant type - Tooltip' is clicked on

2019-05-27 17:53:55 - [TEST_STEP][PASSED] - takeScreenshot(): Taking screenshot successfully

2019-05-27 17:53:55 - [MESSAGE][PASSED] - Taking screenshot successfully
[[ATTACHMENT|/Users/sumankompelly/Katalon Studio/OCS ( QA- 1.9.1 ) /Reports/QA ( 1.9.1)/HP, PROD , AG,COLL/20190527_174417/1558994035236.png]]

2019-05-27 17:53:55 - [TEST_STEP][PASSED] - delay(2): Delayed 2 second(s)

2019-05-27 17:53:57 - [MESSAGE][PASSED] - Delayed 2 second(s)

2019-05-27 17:53:57 - [TEST_STEP][PASSED] - click(findTestObject("OCS-MOBILE /Product page/Tooltips/Terpenes - Tooltip")): Object: 'Object Repository/OCS-MOBILE /Product page/Tooltips/Terpenes - Tooltip' is clicked on

2019-05-27 17:53:57 - [MESSAGE][PASSED] - Object: 'Object Repository/OCS-MOBILE /Product page/Tooltips/Terpenes - Tooltip' is clicked on

2019-05-27 17:53:57 - [TEST_STEP][PASSED] - takeScreenshot(): Taking screenshot successfully

2019-05-27 17:53:58 - [MESSAGE][PASSED] - Taking screenshot successfully
[[ATTACHMENT|/Users/sumankompelly/Katalon Studio/OCS ( QA- 1.9.1 ) /Reports/QA ( 1.9.1)/HP, PROD , AG,COLL/20190527_174417/1558994037657.png]]

2019-05-27 17:53:58 - [TEST_STEP][PASSED] - delay(2): Delayed 2 second(s)

2019-05-27 17:54:00 - [MESSAGE][PASSED] - Delayed 2 second(s)

2019-05-27 17:54:00 - [TEST_STEP][PASSED] - scrollToElement(findTestObject("OCS-MOBILE /Product page/About Product - Section"), 0): Scroll to object 'Object Repository/OCS-MOBILE /Product page/About Product - Section' successfully

2019-05-27 17:54:00 - [MESSAGE][WARNING] - Timeout '0' is invalid. Using default page load timeout: '30'

2019-05-27 17:54:00 - [MESSAGE][PASSED] - Scroll to object 'Object Repository/OCS-MOBILE /Product page/About Product - Section' successfully

2019-05-27 17:54:00 - [TEST_STEP][PASSED] - click(findTestObject("OCS-MOBILE /Product page/Tooltips/THC - Tooltip - About this product")): Object: 'Object Repository/OCS-MOBILE /Product page/Tooltips/THC - Tooltip - About this product' is clicked on

2019-05-27 17:54:00 - [MESSAGE][PASSED] - Object: 'Object Repository/OCS-MOBILE /Product page/Tooltips/THC - Tooltip - About this product' is clicked on

2019-05-27 17:54:00 - [TEST_STEP][PASSED] - delay(1): Delayed 1 second(s)

2019-05-27 17:54:01 - [MESSAGE][PASSED] - Delayed 1 second(s)

2019-05-27 17:54:01 - [TEST_STEP][PASSED] - takeScreenshot(): Taking screenshot successfully

2019-05-27 17:54:01 - [MESSAGE][PASSED] - Taking screenshot successfully
[[ATTACHMENT|/Users/sumankompelly/Katalon Studio/OCS ( QA- 1.9.1 ) /Reports/QA ( 1.9.1)/HP, PROD , AG,COLL/20190527_174417/1558994041163.png]]

2019-05-27 17:54:01 - [TEST_STEP][PASSED] - delay(1): Delayed 1 second(s)

2019-05-27 17:54:02 - [MESSAGE][PASSED] - Delayed 1 second(s)

2019-05-27 17:54:02 - [TEST_STEP][PASSED] - click(findTestObject("OCS-MOBILE /Product page/Tooltips/Close - Tooltip - THC")): Object: 'Object Repository/OCS-MOBILE /Product page/Tooltips/Close - Tooltip - THC' is clicked on

2019-05-27 17:54:02 - [MESSAGE][PASSED] - Object: 'Object Repository/OCS-MOBILE /Product page/Tooltips/Close - Tooltip - THC' is clicked on

2019-05-27 17:54:02 - [TEST_STEP][PASSED] - delay(1): Delayed 1 second(s)

2019-05-27 17:54:03 - [MESSAGE][PASSED] - Delayed 1 second(s)

2019-05-27 17:54:03 - [TEST_STEP][PASSED] - click(findTestObject("OCS-MOBILE /Product page/Tooltips/CBD - Tooltip - About this product")): Object: 'Object Repository/OCS-MOBILE /Product page/Tooltips/CBD - Tooltip - About this product' is clicked on

2019-05-27 17:54:03 - [MESSAGE][PASSED] - Object: 'Object Repository/OCS-MOBILE /Product page/Tooltips/CBD - Tooltip - About this product' is clicked on

2019-05-27 17:54:03 - [TEST_STEP][PASSED] - delay(1): Delayed 1 second(s)

2019-05-27 17:54:04 - [MESSAGE][PASSED] - Delayed 1 second(s)

2019-05-27 17:54:04 - [TEST_STEP][PASSED] - takeScreenshot(): Taking screenshot successfully

2019-05-27 17:54:04 - [MESSAGE][PASSED] - Taking screenshot successfully
[[ATTACHMENT|/Users/sumankompelly/Katalon Studio/OCS ( QA- 1.9.1 ) /Reports/QA ( 1.9.1)/HP, PROD , AG,COLL/20190527_174417/1558994044622.png]]

2019-05-27 17:54:04 - [TEST_STEP][PASSED] - delay(1): Delayed 1 second(s)

2019-05-27 17:54:05 - [MESSAGE][PASSED] - Delayed 1 second(s)

2019-05-27 17:54:05 - [TEST_STEP][PASSED] - click(findTestObject("OCS-MOBILE /Product page/Tooltips/Close - Tooltip - CBD")): Object: 'Object Repository/OCS-MOBILE /Product page/Tooltips/Close - Tooltip - CBD' is clicked on

2019-05-27 17:54:06 - [MESSAGE][PASSED] - Object: 'Object Repository/OCS-MOBILE /Product page/Tooltips/Close - Tooltip - CBD' is clicked on

2019-05-27 17:54:06 - [TEST_STEP][PASSED] - delay(1): Delayed 1 second(s)

2019-05-27 17:54:07 - [MESSAGE][PASSED] - Delayed 1 second(s)

2019-05-27 17:54:07 - [TEST_STEP][PASSED] - click(findTestObject("OCS-MOBILE /Product page/Tooltips/Plant type - Tooltip - About this product")): Object: 'Object Repository/OCS-MOBILE /Product page/Tooltips/Plant type - Tooltip - About this product' is clicked on

2019-05-27 17:54:07 - [MESSAGE][PASSED] - Object: 'Object Repository/OCS-MOBILE /Product page/Tooltips/Plant type - Tooltip - About this product' is clicked on

2019-05-27 17:54:07 - [TEST_STEP][PASSED] - delay(1): Delayed 1 second(s)

2019-05-27 17:54:08 - [MESSAGE][PASSED] - Delayed 1 second(s)

2019-05-27 17:54:08 - [TEST_STEP][PASSED] - takeScreenshot(): Taking screenshot successfully

2019-05-27 17:54:08 - [MESSAGE][PASSED] - Taking screenshot successfully
[[ATTACHMENT|/Users/sumankompelly/Katalon Studio/OCS ( QA- 1.9.1 ) /Reports/QA ( 1.9.1)/HP, PROD , AG,COLL/20190527_174417/1558994048089.png]]

2019-05-27 17:54:08 - [TEST_STEP][PASSED] - delay(1): Delayed 1 second(s)

2019-05-27 17:54:09 - [MESSAGE][PASSED] - Delayed 1 second(s)

2019-05-27 17:54:09 - [TEST_STEP][PASSED] - click(findTestObject("OCS-MOBILE /Product page/Tooltips/Close - Tooltip - Plant")): Object: 'Object Repository/OCS-MOBILE /Product page/Tooltips/Close - Tooltip - Plant' is clicked on

2019-05-27 17:54:09 - [MESSAGE][PASSED] - Object: 'Object Repository/OCS-MOBILE /Product page/Tooltips/Close - Tooltip - Plant' is clicked on

2019-05-27 17:54:09 - [TEST_STEP][PASSED] - delay(1): Delayed 1 second(s)

2019-05-27 17:54:10 - [MESSAGE][PASSED] - Delayed 1 second(s)

2019-05-27 17:54:10 - [TEST_STEP][PASSED] - click(findTestObject("OCS-MOBILE /Product page/Tooltips/Terpenes - Tooltip - About this product")): Object: 'Object Repository/OCS-MOBILE /Product page/Tooltips/Terpenes - Tooltip - About this product' is clicked on

2019-05-27 17:54:10 - [MESSAGE][PASSED] - Object: 'Object Repository/OCS-MOBILE /Product page/Tooltips/Terpenes - Tooltip - About this product' is clicked on

2019-05-27 17:54:10 - [TEST_STEP][PASSED] - delay(1): Delayed 1 second(s)

2019-05-27 17:54:11 - [MESSAGE][PASSED] - Delayed 1 second(s)

2019-05-27 17:54:11 - [TEST_STEP][PASSED] - takeScreenshot(): Taking screenshot successfully

2019-05-27 17:54:11 - [MESSAGE][PASSED] - Taking screenshot successfully
[[ATTACHMENT|/Users/sumankompelly/Katalon Studio/OCS ( QA- 1.9.1 ) /Reports/QA ( 1.9.1)/HP, PROD , AG,COLL/20190527_174417/1558994051502.png]]

2019-05-27 17:54:11 - [TEST_STEP][PASSED] - delay(1): Delayed 1 second(s)

2019-05-27 17:54:12 - [MESSAGE][PASSED] - Delayed 1 second(s)

2019-05-27 17:54:12 - [TEST_STEP][PASSED] - click(findTestObject("OCS-MOBILE /Product page/Tooltips/Close - Tooltip - Terepenes")): Object: 'Object Repository/OCS-MOBILE /Product page/Tooltips/Close - Tooltip - Terepenes' is clicked on

2019-05-27 17:54:12 - [MESSAGE][PASSED] - Object: 'Object Repository/OCS-MOBILE /Product page/Tooltips/Close - Tooltip - Terepenes' is clicked on

2019-05-27 17:54:12 - [TEST_STEP][PASSED] - delay(1): Delayed 1 second(s)

2019-05-27 17:54:13 - [MESSAGE][PASSED] - Delayed 1 second(s)

2019-05-27 17:54:13 - [TEST_STEP][PASSED] - click(findTestObject("OCS-MOBILE /Product page/Tooltips/GTIN - Tooltip - About this product")): Object: 'Object Repository/OCS-MOBILE /Product page/Tooltips/GTIN - Tooltip - About this product' is clicked on

2019-05-27 17:54:13 - [MESSAGE][PASSED] - Object: 'Object Repository/OCS-MOBILE /Product page/Tooltips/GTIN - Tooltip - About this product' is clicked on

2019-05-27 17:54:13 - [TEST_STEP][PASSED] - delay(1): Delayed 1 second(s)

2019-05-27 17:54:14 - [MESSAGE][PASSED] - Delayed 1 second(s)

2019-05-27 17:54:14 - [TEST_STEP][PASSED] - takeScreenshot(): Taking screenshot successfully

2019-05-27 17:54:15 - [MESSAGE][PASSED] - Taking screenshot successfully
[[ATTACHMENT|/Users/sumankompelly/Katalon Studio/OCS ( QA- 1.9.1 ) /Reports/QA ( 1.9.1)/HP, PROD , AG,COLL/20190527_174417/1558994054945.png]]

2019-05-27 17:54:15 - [TEST_STEP][PASSED] - delay(1): Delayed 1 second(s)

2019-05-27 17:54:16 - [MESSAGE][PASSED] - Delayed 1 second(s)

2019-05-27 17:54:16 - [TEST_STEP][PASSED] - click(findTestObject("OCS-MOBILE /Product page/Tooltips/Close - Tooltip - GTIN")): Object: 'Object Repository/OCS-MOBILE /Product page/Tooltips/Close - Tooltip - GTIN' is clicked on

2019-05-27 17:54:16 - [MESSAGE][PASSED] - Object: 'Object Repository/OCS-MOBILE /Product page/Tooltips/Close - Tooltip - GTIN' is clicked on

2019-05-27 17:54:16 - [TEST_STEP][PASSED] - delay(1): Delayed 1 second(s)

2019-05-27 17:54:17 - [MESSAGE][PASSED] - Delayed 1 second(s)]]></system-out>
         <system-err><![CDATA[]]></system-err>
      </testcase>
      <testcase name="Test Cases/OCS - MOBILE/OCS- PRODUCT PAGE/Show all accessories" classname="Test Cases/OCS - MOBILE/OCS- PRODUCT PAGE/Show all accessories" status="PASSED">
         <system-out><![CDATA[2019-05-27 17:54:17 - [TEST_CASE][PASSED] - Test Cases/OCS - MOBILE/OCS- PRODUCT PAGE/Show all accessories: Test Cases/OCS - MOBILE/OCS- PRODUCT PAGE/Show all accessories

2019-05-27 17:54:17 - [TEST_STEP][PASSED] - callTestCase(findTestCase("OCS - MOBILE/CALL - PDP"), [:], STOP_ON_FAILURE): Call Test Case 'Test Cases/OCS - MOBILE/CALL - PDP' successfully

2019-05-27 17:54:17 - [TEST_CASE][PASSED] - Test Cases/OCS - MOBILE/CALL - PDP: Test Cases/OCS - MOBILE/CALL - PDP

2019-05-27 17:54:17 - [TEST_STEP][PASSED] - openBrowser(""): Browser is opened with url: ''

2019-05-27 17:54:17 - [MESSAGE][WARNING] - A browser is already opened. Closing browser and opening a new one

2019-05-27 17:54:17 - [MESSAGE][INFO] - Starting 'Chrome' driver

2019-05-27 17:54:18 - [MESSAGE][PASSED] - Browser is opened with url: ''

2019-05-27 17:54:18 - [TEST_STEP][PASSED] - navigateToUrl("https://ocs.ca/?fts=0&preview_theme_id=53376026444"): Navigate to 'https://ocs.ca/?fts=0&preview_theme_id=53376026444' successfully

2019-05-27 17:54:24 - [MESSAGE][PASSED] - Navigate to 'https://ocs.ca/?fts=0&preview_theme_id=53376026444' successfully

2019-05-27 17:54:24 - [TEST_STEP][NOT_RUN] - executeJavaScript("var previewBar = document.getElementById("preview-bar-iframe"); previewBar.style.display = "none";", []): NOT_RUN: executeJavaScript("var previewBar = document.getElementById("preview-bar-iframe"); previewBar.style.display = "none";", [])

2019-05-27 17:54:24 - [MESSAGE][NOT_RUN] - NOT_RUN: executeJavaScript("var previewBar = document.getElementById("preview-bar-iframe"); previewBar.style.display = "none";", [])

2019-05-27 17:54:24 - [TEST_STEP][PASSED] - setViewPortSize(360, 800): Viewport is set to new size with width = 360 and height = 800

2019-05-27 17:54:24 - [MESSAGE][PASSED] - Viewport is set to new size with width = 360 and height = 800

2019-05-27 17:54:24 - [TEST_STEP][PASSED] - delay(4): Delayed 4 second(s)

2019-05-27 17:54:28 - [MESSAGE][PASSED] - Delayed 4 second(s)

2019-05-27 17:54:28 - [TEST_STEP][PASSED] - selectOptionByValue(findTestObject("OCS-MOBILE /Age gate and burger menu/Date"), "12", true): All options with value '12' are selected in object 'Object Repository/OCS-MOBILE /Age gate and burger menu/Date'  using regular expression

2019-05-27 17:54:28 - [MESSAGE][PASSED] - All options with value '12' are selected in object 'Object Repository/OCS-MOBILE /Age gate and burger menu/Date'  using regular expression

2019-05-27 17:54:28 - [TEST_STEP][PASSED] - selectOptionByValue(findTestObject("OCS-MOBILE /Age gate and burger menu/month"), "6", true): All options with value '6' are selected in object 'Object Repository/OCS-MOBILE /Age gate and burger menu/month'  using regular expression

2019-05-27 17:54:28 - [MESSAGE][PASSED] - All options with value '6' are selected in object 'Object Repository/OCS-MOBILE /Age gate and burger menu/month'  using regular expression

2019-05-27 17:54:28 - [TEST_STEP][PASSED] - delay(2): Delayed 2 second(s)

2019-05-27 17:54:30 - [MESSAGE][PASSED] - Delayed 2 second(s)

2019-05-27 17:54:30 - [TEST_STEP][PASSED] - selectOptionByValue(findTestObject("OCS-MOBILE /Age gate and burger menu/Year Dropdown"), "1990", true): All options with value '1990' are selected in object 'Object Repository/OCS-MOBILE /Age gate and burger menu/Year Dropdown'  using regular expression

2019-05-27 17:54:31 - [MESSAGE][PASSED] - All options with value '1990' are selected in object 'Object Repository/OCS-MOBILE /Age gate and burger menu/Year Dropdown'  using regular expression

2019-05-27 17:54:31 - [TEST_STEP][PASSED] - click(findTestObject("OCS-MOBILE /Age gate and burger menu/button_Verify")): Object: 'Object Repository/OCS-MOBILE /Age gate and burger menu/button_Verify' is clicked on

2019-05-27 17:54:31 - [MESSAGE][PASSED] - Object: 'Object Repository/OCS-MOBILE /Age gate and burger menu/button_Verify' is clicked on

2019-05-27 17:54:31 - [TEST_STEP][PASSED] - click(findTestObject("OCS-MOBILE /Age gate and burger menu/Checkbox_CONFIRM AND ACKNOWLEDGE")): Object: 'Object Repository/OCS-MOBILE /Age gate and burger menu/Checkbox_CONFIRM AND ACKNOWLEDGE' is clicked on

2019-05-27 17:54:31 - [MESSAGE][PASSED] - Object: 'Object Repository/OCS-MOBILE /Age gate and burger menu/Checkbox_CONFIRM AND ACKNOWLEDGE' is clicked on

2019-05-27 17:54:31 - [TEST_STEP][PASSED] - click(findTestObject("OCS-MOBILE /Age gate and burger menu/button_CONFIRM")): Object: 'Object Repository/OCS-MOBILE /Age gate and burger menu/button_CONFIRM' is clicked on

2019-05-27 17:54:31 - [MESSAGE][PASSED] - Object: 'Object Repository/OCS-MOBILE /Age gate and burger menu/button_CONFIRM' is clicked on

2019-05-27 17:54:31 - [TEST_STEP][PASSED] - click(findTestObject("OCS-MOBILE /Age gate and burger menu/button_Start Browsing")): Object: 'Object Repository/OCS-MOBILE /Age gate and burger menu/button_Start Browsing' is clicked on

2019-05-27 17:54:32 - [MESSAGE][PASSED] - Object: 'Object Repository/OCS-MOBILE /Age gate and burger menu/button_Start Browsing' is clicked on

2019-05-27 17:54:32 - [TEST_STEP][PASSED] - delay(2): Delayed 2 second(s)

2019-05-27 17:54:34 - [MESSAGE][PASSED] - Delayed 2 second(s)

2019-05-27 17:54:34 - [TEST_STEP][PASSED] - click(findTestObject("OCS-MOBILE /Age gate and burger menu/Burger menu - English")): Object: 'Object Repository/OCS-MOBILE /Age gate and burger menu/Burger menu - English' is clicked on

2019-05-27 17:54:34 - [MESSAGE][PASSED] - Object: 'Object Repository/OCS-MOBILE /Age gate and burger menu/Burger menu - English' is clicked on

2019-05-27 17:54:34 - [TEST_STEP][PASSED] - delay(2): Delayed 2 second(s)

2019-05-27 17:54:36 - [MESSAGE][PASSED] - Delayed 2 second(s)

2019-05-27 17:54:36 - [TEST_STEP][PASSED] - click(findTestObject("OCS-MOBILE /Age gate and burger menu/Chevron_Cannabis")): Object: 'Object Repository/OCS-MOBILE /Age gate and burger menu/Chevron_Cannabis' is clicked on

2019-05-27 17:54:36 - [MESSAGE][PASSED] - Object: 'Object Repository/OCS-MOBILE /Age gate and burger menu/Chevron_Cannabis' is clicked on

2019-05-27 17:54:36 - [TEST_STEP][PASSED] - delay(2): Delayed 2 second(s)

2019-05-27 17:54:38 - [MESSAGE][PASSED] - Delayed 2 second(s)

2019-05-27 17:54:38 - [TEST_STEP][PASSED] - click(findTestObject("OCS-MOBILE /Age gate and burger menu/Dried Flower_Plus icon")): Object: 'Object Repository/OCS-MOBILE /Age gate and burger menu/Dried Flower_Plus icon' is clicked on

2019-05-27 17:54:38 - [MESSAGE][PASSED] - Object: 'Object Repository/OCS-MOBILE /Age gate and burger menu/Dried Flower_Plus icon' is clicked on

2019-05-27 17:54:38 - [TEST_STEP][PASSED] - delay(2): Delayed 2 second(s)

2019-05-27 17:54:40 - [MESSAGE][PASSED] - Delayed 2 second(s)

2019-05-27 17:54:40 - [TEST_STEP][PASSED] - click(findTestObject("OCS-MOBILE /Age gate and burger menu/Indica Dominant_Menu item")): Object: 'Object Repository/OCS-MOBILE /Age gate and burger menu/Indica Dominant_Menu item' is clicked on

2019-05-27 17:54:43 - [MESSAGE][PASSED] - Object: 'Object Repository/OCS-MOBILE /Age gate and burger menu/Indica Dominant_Menu item' is clicked on

2019-05-27 17:54:43 - [TEST_STEP][PASSED] - delay(2): Delayed 2 second(s)

2019-05-27 17:54:45 - [MESSAGE][PASSED] - Delayed 2 second(s)

2019-05-27 17:54:45 - [TEST_STEP][PASSED] - click(findTestObject("OCS-MOBILE /Collection page/Product image - 1st one")): Object: 'Object Repository/OCS-MOBILE /Collection page/Product image - 1st one' is clicked on

2019-05-27 17:54:48 - [MESSAGE][PASSED] - Object: 'Object Repository/OCS-MOBILE /Collection page/Product image - 1st one' is clicked on

2019-05-27 17:54:48 - [TEST_STEP][PASSED] - delay(2): Delayed 2 second(s)

2019-05-27 17:54:50 - [MESSAGE][PASSED] - Delayed 2 second(s)

2019-05-27 17:54:50 - [TEST_STEP][PASSED] - executeJavaScript("var previewBar = document.getElementById("preview-bar-iframe"); previewBar.style.display = "none";", []): Execute JavaScript 'var previewBar = document.getElementById("preview-bar-iframe"); previewBar.style.display = "none";' successfully

2019-05-27 17:54:50 - [MESSAGE][PASSED] - Execute JavaScript 'var previewBar = document.getElementById("preview-bar-iframe"); previewBar.style.display = "none";' successfully

2019-05-27 17:54:50 - [MESSAGE][PASSED] - Call Test Case 'Test Cases/OCS - MOBILE/CALL - PDP' successfully

2019-05-27 17:54:50 - [TEST_STEP][PASSED] - scrollToElement(findTestObject("OCS-MOBILE /Product page/More items to consider section/Grinders - Tab"), 2): Scroll to object 'Object Repository/OCS-MOBILE /Product page/More items to consider section/Grinders - Tab' successfully

2019-05-27 17:54:50 - [MESSAGE][PASSED] - Scroll to object 'Object Repository/OCS-MOBILE /Product page/More items to consider section/Grinders - Tab' successfully

2019-05-27 17:54:50 - [TEST_STEP][PASSED] - delay(5): Delayed 5 second(s)

2019-05-27 17:54:55 - [MESSAGE][PASSED] - Delayed 5 second(s)

2019-05-27 17:54:55 - [TEST_STEP][PASSED] - click(findTestObject("OCS-MOBILE /Product page/More items to consider section/Show all accessories - Link")): Object: 'Object Repository/OCS-MOBILE /Product page/More items to consider section/Show all accessories - Link' is clicked on

2019-05-27 17:54:58 - [MESSAGE][PASSED] - Object: 'Object Repository/OCS-MOBILE /Product page/More items to consider section/Show all accessories - Link' is clicked on

2019-05-27 17:54:58 - [TEST_STEP][PASSED] - a = getWindowTitle(): Current window's title is: 'All Accessories | Ontario Cannabis Store'

2019-05-27 17:54:58 - [MESSAGE][PASSED] - Current window's title is: 'All Accessories | Ontario Cannabis Store'

2019-05-27 17:54:58 - [TEST_STEP][PASSED] - b = "All Accessories | Ontario Cannabis Store": null

2019-05-27 17:54:58 - [TEST_STEP][PASSED] - comment("WINDOW TITLE: " + a): WINDOW TITLE: All Accessories | Ontario Cannabis Store

2019-05-27 17:54:58 - [MESSAGE][INFO] - WINDOW TITLE: All Accessories | Ontario Cannabis Store

2019-05-27 17:54:58 - [TEST_STEP][PASSED] - verifyEqual(a, b): Actual object 'All Accessories | Ontario Cannabis Store' and expected object 'All Accessories | Ontario Cannabis Store' are equal

2019-05-27 17:54:58 - [MESSAGE][PASSED] - Actual object 'All Accessories | Ontario Cannabis Store' and expected object 'All Accessories | Ontario Cannabis Store' are equal]]></system-out>
         <system-err><![CDATA[]]></system-err>
      </testcase>
      <testcase name="Test Cases/OCS - MOBILE/OCS- PRODUCT PAGE/More items to consider" classname="Test Cases/OCS - MOBILE/OCS- PRODUCT PAGE/More items to consider" status="PASSED">
         <system-out><![CDATA[2019-05-27 17:54:58 - [TEST_CASE][PASSED] - Test Cases/OCS - MOBILE/OCS- PRODUCT PAGE/More items to consider: Test Cases/OCS - MOBILE/OCS- PRODUCT PAGE/More items to consider

2019-05-27 17:54:58 - [TEST_STEP][PASSED] - callTestCase(findTestCase("OCS - MOBILE/CALL - PDP"), [:], STOP_ON_FAILURE): Call Test Case 'Test Cases/OCS - MOBILE/CALL - PDP' successfully

2019-05-27 17:54:58 - [TEST_CASE][PASSED] - Test Cases/OCS - MOBILE/CALL - PDP: Test Cases/OCS - MOBILE/CALL - PDP

2019-05-27 17:54:58 - [TEST_STEP][PASSED] - openBrowser(""): Browser is opened with url: ''

2019-05-27 17:54:58 - [MESSAGE][WARNING] - A browser is already opened. Closing browser and opening a new one

2019-05-27 17:54:58 - [MESSAGE][INFO] - Starting 'Chrome' driver

2019-05-27 17:54:59 - [MESSAGE][PASSED] - Browser is opened with url: ''

2019-05-27 17:54:59 - [TEST_STEP][PASSED] - navigateToUrl("https://ocs.ca/?fts=0&preview_theme_id=53376026444"): Navigate to 'https://ocs.ca/?fts=0&preview_theme_id=53376026444' successfully

2019-05-27 17:55:05 - [MESSAGE][PASSED] - Navigate to 'https://ocs.ca/?fts=0&preview_theme_id=53376026444' successfully

2019-05-27 17:55:05 - [TEST_STEP][NOT_RUN] - executeJavaScript("var previewBar = document.getElementById("preview-bar-iframe"); previewBar.style.display = "none";", []): NOT_RUN: executeJavaScript("var previewBar = document.getElementById("preview-bar-iframe"); previewBar.style.display = "none";", [])

2019-05-27 17:55:05 - [MESSAGE][NOT_RUN] - NOT_RUN: executeJavaScript("var previewBar = document.getElementById("preview-bar-iframe"); previewBar.style.display = "none";", [])

2019-05-27 17:55:05 - [TEST_STEP][PASSED] - setViewPortSize(360, 800): Viewport is set to new size with width = 360 and height = 800

2019-05-27 17:55:05 - [MESSAGE][PASSED] - Viewport is set to new size with width = 360 and height = 800

2019-05-27 17:55:05 - [TEST_STEP][PASSED] - delay(4): Delayed 4 second(s)

2019-05-27 17:55:09 - [MESSAGE][PASSED] - Delayed 4 second(s)

2019-05-27 17:55:09 - [TEST_STEP][PASSED] - selectOptionByValue(findTestObject("OCS-MOBILE /Age gate and burger menu/Date"), "12", true): All options with value '12' are selected in object 'Object Repository/OCS-MOBILE /Age gate and burger menu/Date'  using regular expression

2019-05-27 17:55:09 - [MESSAGE][PASSED] - All options with value '12' are selected in object 'Object Repository/OCS-MOBILE /Age gate and burger menu/Date'  using regular expression

2019-05-27 17:55:09 - [TEST_STEP][PASSED] - selectOptionByValue(findTestObject("OCS-MOBILE /Age gate and burger menu/month"), "6", true): All options with value '6' are selected in object 'Object Repository/OCS-MOBILE /Age gate and burger menu/month'  using regular expression

2019-05-27 17:55:09 - [MESSAGE][PASSED] - All options with value '6' are selected in object 'Object Repository/OCS-MOBILE /Age gate and burger menu/month'  using regular expression

2019-05-27 17:55:09 - [TEST_STEP][PASSED] - delay(2): Delayed 2 second(s)

2019-05-27 17:55:11 - [MESSAGE][PASSED] - Delayed 2 second(s)

2019-05-27 17:55:11 - [TEST_STEP][PASSED] - selectOptionByValue(findTestObject("OCS-MOBILE /Age gate and burger menu/Year Dropdown"), "1990", true): All options with value '1990' are selected in object 'Object Repository/OCS-MOBILE /Age gate and burger menu/Year Dropdown'  using regular expression

2019-05-27 17:55:12 - [MESSAGE][PASSED] - All options with value '1990' are selected in object 'Object Repository/OCS-MOBILE /Age gate and burger menu/Year Dropdown'  using regular expression

2019-05-27 17:55:12 - [TEST_STEP][PASSED] - click(findTestObject("OCS-MOBILE /Age gate and burger menu/button_Verify")): Object: 'Object Repository/OCS-MOBILE /Age gate and burger menu/button_Verify' is clicked on

2019-05-27 17:55:13 - [MESSAGE][PASSED] - Object: 'Object Repository/OCS-MOBILE /Age gate and burger menu/button_Verify' is clicked on

2019-05-27 17:55:13 - [TEST_STEP][PASSED] - click(findTestObject("OCS-MOBILE /Age gate and burger menu/Checkbox_CONFIRM AND ACKNOWLEDGE")): Object: 'Object Repository/OCS-MOBILE /Age gate and burger menu/Checkbox_CONFIRM AND ACKNOWLEDGE' is clicked on

2019-05-27 17:55:13 - [MESSAGE][PASSED] - Object: 'Object Repository/OCS-MOBILE /Age gate and burger menu/Checkbox_CONFIRM AND ACKNOWLEDGE' is clicked on

2019-05-27 17:55:13 - [TEST_STEP][PASSED] - click(findTestObject("OCS-MOBILE /Age gate and burger menu/button_CONFIRM")): Object: 'Object Repository/OCS-MOBILE /Age gate and burger menu/button_CONFIRM' is clicked on

2019-05-27 17:55:13 - [MESSAGE][PASSED] - Object: 'Object Repository/OCS-MOBILE /Age gate and burger menu/button_CONFIRM' is clicked on

2019-05-27 17:55:13 - [TEST_STEP][PASSED] - click(findTestObject("OCS-MOBILE /Age gate and burger menu/button_Start Browsing")): Object: 'Object Repository/OCS-MOBILE /Age gate and burger menu/button_Start Browsing' is clicked on

2019-05-27 17:55:13 - [MESSAGE][PASSED] - Object: 'Object Repository/OCS-MOBILE /Age gate and burger menu/button_Start Browsing' is clicked on

2019-05-27 17:55:13 - [TEST_STEP][PASSED] - delay(2): Delayed 2 second(s)

2019-05-27 17:55:15 - [MESSAGE][PASSED] - Delayed 2 second(s)

2019-05-27 17:55:15 - [TEST_STEP][PASSED] - click(findTestObject("OCS-MOBILE /Age gate and burger menu/Burger menu - English")): Object: 'Object Repository/OCS-MOBILE /Age gate and burger menu/Burger menu - English' is clicked on

2019-05-27 17:55:15 - [MESSAGE][PASSED] - Object: 'Object Repository/OCS-MOBILE /Age gate and burger menu/Burger menu - English' is clicked on

2019-05-27 17:55:15 - [TEST_STEP][PASSED] - delay(2): Delayed 2 second(s)

2019-05-27 17:55:17 - [MESSAGE][PASSED] - Delayed 2 second(s)

2019-05-27 17:55:17 - [TEST_STEP][PASSED] - click(findTestObject("OCS-MOBILE /Age gate and burger menu/Chevron_Cannabis")): Object: 'Object Repository/OCS-MOBILE /Age gate and burger menu/Chevron_Cannabis' is clicked on

2019-05-27 17:55:17 - [MESSAGE][PASSED] - Object: 'Object Repository/OCS-MOBILE /Age gate and burger menu/Chevron_Cannabis' is clicked on

2019-05-27 17:55:17 - [TEST_STEP][PASSED] - delay(2): Delayed 2 second(s)

2019-05-27 17:55:19 - [MESSAGE][PASSED] - Delayed 2 second(s)

2019-05-27 17:55:19 - [TEST_STEP][PASSED] - click(findTestObject("OCS-MOBILE /Age gate and burger menu/Dried Flower_Plus icon")): Object: 'Object Repository/OCS-MOBILE /Age gate and burger menu/Dried Flower_Plus icon' is clicked on

2019-05-27 17:55:19 - [MESSAGE][PASSED] - Object: 'Object Repository/OCS-MOBILE /Age gate and burger menu/Dried Flower_Plus icon' is clicked on

2019-05-27 17:55:19 - [TEST_STEP][PASSED] - delay(2): Delayed 2 second(s)

2019-05-27 17:55:21 - [MESSAGE][PASSED] - Delayed 2 second(s)

2019-05-27 17:55:21 - [TEST_STEP][PASSED] - click(findTestObject("OCS-MOBILE /Age gate and burger menu/Indica Dominant_Menu item")): Object: 'Object Repository/OCS-MOBILE /Age gate and burger menu/Indica Dominant_Menu item' is clicked on

2019-05-27 17:55:24 - [MESSAGE][PASSED] - Object: 'Object Repository/OCS-MOBILE /Age gate and burger menu/Indica Dominant_Menu item' is clicked on

2019-05-27 17:55:24 - [TEST_STEP][PASSED] - delay(2): Delayed 2 second(s)

2019-05-27 17:55:26 - [MESSAGE][PASSED] - Delayed 2 second(s)

2019-05-27 17:55:26 - [TEST_STEP][PASSED] - click(findTestObject("OCS-MOBILE /Collection page/Product image - 1st one")): Object: 'Object Repository/OCS-MOBILE /Collection page/Product image - 1st one' is clicked on

2019-05-27 17:55:30 - [MESSAGE][PASSED] - Object: 'Object Repository/OCS-MOBILE /Collection page/Product image - 1st one' is clicked on

2019-05-27 17:55:30 - [TEST_STEP][PASSED] - delay(2): Delayed 2 second(s)

2019-05-27 17:55:32 - [MESSAGE][PASSED] - Delayed 2 second(s)

2019-05-27 17:55:32 - [TEST_STEP][PASSED] - executeJavaScript("var previewBar = document.getElementById("preview-bar-iframe"); previewBar.style.display = "none";", []): Execute JavaScript 'var previewBar = document.getElementById("preview-bar-iframe"); previewBar.style.display = "none";' successfully

2019-05-27 17:55:32 - [MESSAGE][PASSED] - Execute JavaScript 'var previewBar = document.getElementById("preview-bar-iframe"); previewBar.style.display = "none";' successfully

2019-05-27 17:55:32 - [MESSAGE][PASSED] - Call Test Case 'Test Cases/OCS - MOBILE/CALL - PDP' successfully

2019-05-27 17:55:32 - [TEST_STEP][PASSED] - scrollToElement(findTestObject("OCS-MOBILE /Product page/Product image"), 1): Scroll to object 'Object Repository/OCS-MOBILE /Product page/Product image' successfully

2019-05-27 17:55:32 - [MESSAGE][PASSED] - Scroll to object 'Object Repository/OCS-MOBILE /Product page/Product image' successfully

2019-05-27 17:55:32 - [TEST_STEP][PASSED] - click(findTestObject("OCS-MOBILE /Product page/Learn More - Link")): Object: 'Object Repository/OCS-MOBILE /Product page/Learn More - Link' is clicked on

2019-05-27 17:55:32 - [MESSAGE][PASSED] - Object: 'Object Repository/OCS-MOBILE /Product page/Learn More - Link' is clicked on

2019-05-27 17:55:32 - [TEST_STEP][PASSED] - delay(1): Delayed 1 second(s)

2019-05-27 17:55:33 - [MESSAGE][PASSED] - Delayed 1 second(s)

2019-05-27 17:55:33 - [TEST_STEP][PASSED] - scrollToElement(findTestObject("OCS-MOBILE /Product page/Last raw of the table"), 0): Scroll to object 'Object Repository/OCS-MOBILE /Product page/Last raw of the table' successfully

2019-05-27 17:55:33 - [MESSAGE][WARNING] - Timeout '0' is invalid. Using default page load timeout: '30'

2019-05-27 17:55:33 - [MESSAGE][PASSED] - Scroll to object 'Object Repository/OCS-MOBILE /Product page/Last raw of the table' successfully

2019-05-27 17:55:33 - [TEST_STEP][PASSED] - takeScreenshot(): Taking screenshot successfully

2019-05-27 17:55:34 - [MESSAGE][PASSED] - Taking screenshot successfully
[[ATTACHMENT|/Users/sumankompelly/Katalon Studio/OCS ( QA- 1.9.1 ) /Reports/QA ( 1.9.1)/HP, PROD , AG,COLL/20190527_174417/1558994133671.png]]

2019-05-27 17:55:34 - [TEST_STEP][PASSED] - delay(1): Delayed 1 second(s)

2019-05-27 17:55:35 - [MESSAGE][PASSED] - Delayed 1 second(s)

2019-05-27 17:55:35 - [TEST_STEP][PASSED] - click(findTestObject("OCS-MOBILE /Product page/More items to consider section/1st Product - image - Grinder")): Object: 'Object Repository/OCS-MOBILE /Product page/More items to consider section/1st Product - image - Grinder' is clicked on

2019-05-27 17:55:38 - [MESSAGE][PASSED] - Object: 'Object Repository/OCS-MOBILE /Product page/More items to consider section/1st Product - image - Grinder' is clicked on

2019-05-27 17:55:38 - [TEST_STEP][PASSED] - delay(2, STOP_ON_FAILURE): Delayed 2 second(s)

2019-05-27 17:55:40 - [MESSAGE][PASSED] - Delayed 2 second(s)

2019-05-27 17:55:40 - [TEST_STEP][PASSED] - takeScreenshot(): Taking screenshot successfully

2019-05-27 17:55:41 - [MESSAGE][PASSED] - Taking screenshot successfully
[[ATTACHMENT|/Users/sumankompelly/Katalon Studio/OCS ( QA- 1.9.1 ) /Reports/QA ( 1.9.1)/HP, PROD , AG,COLL/20190527_174417/1558994140793.png]]

2019-05-27 17:55:41 - [TEST_STEP][PASSED] - delay(1): Delayed 1 second(s)

2019-05-27 17:55:42 - [MESSAGE][PASSED] - Delayed 1 second(s)

2019-05-27 17:55:42 - [TEST_STEP][PASSED] - back(): Navigate back successfully

2019-05-27 17:55:43 - [MESSAGE][PASSED] - Navigate back successfully

2019-05-27 17:55:43 - [TEST_STEP][PASSED] - click(findTestObject("OCS-MOBILE /Product page/More items to consider section/Vaporizers - Tab")): Object: 'Object Repository/OCS-MOBILE /Product page/More items to consider section/Vaporizers - Tab' is clicked on

2019-05-27 17:55:43 - [MESSAGE][PASSED] - Object: 'Object Repository/OCS-MOBILE /Product page/More items to consider section/Vaporizers - Tab' is clicked on

2019-05-27 17:55:43 - [TEST_STEP][PASSED] - delay(2): Delayed 2 second(s)

2019-05-27 17:55:45 - [MESSAGE][PASSED] - Delayed 2 second(s)

2019-05-27 17:55:45 - [TEST_STEP][PASSED] - takeScreenshot(): Taking screenshot successfully

2019-05-27 17:55:46 - [MESSAGE][PASSED] - Taking screenshot successfully
[[ATTACHMENT|/Users/sumankompelly/Katalon Studio/OCS ( QA- 1.9.1 ) /Reports/QA ( 1.9.1)/HP, PROD , AG,COLL/20190527_174417/1558994145982.png]]

2019-05-27 17:55:46 - [TEST_STEP][PASSED] - delay(1): Delayed 1 second(s)

2019-05-27 17:55:47 - [MESSAGE][PASSED] - Delayed 1 second(s)

2019-05-27 17:55:47 - [TEST_STEP][PASSED] - click(findTestObject("OCS-MOBILE /Product page/More items to consider section/1st Product - image - Vaporizer")): Object: 'Object Repository/OCS-MOBILE /Product page/More items to consider section/1st Product - image - Vaporizer' is clicked on

2019-05-27 17:55:50 - [MESSAGE][PASSED] - Object: 'Object Repository/OCS-MOBILE /Product page/More items to consider section/1st Product - image - Vaporizer' is clicked on

2019-05-27 17:55:50 - [TEST_STEP][PASSED] - delay(2, STOP_ON_FAILURE): Delayed 2 second(s)

2019-05-27 17:55:52 - [MESSAGE][PASSED] - Delayed 2 second(s)

2019-05-27 17:55:52 - [TEST_STEP][PASSED] - takeScreenshot(): Taking screenshot successfully

2019-05-27 17:55:53 - [MESSAGE][PASSED] - Taking screenshot successfully
[[ATTACHMENT|/Users/sumankompelly/Katalon Studio/OCS ( QA- 1.9.1 ) /Reports/QA ( 1.9.1)/HP, PROD , AG,COLL/20190527_174417/1558994152735.png]]

2019-05-27 17:55:53 - [TEST_STEP][PASSED] - delay(1): Delayed 1 second(s)

2019-05-27 17:55:54 - [MESSAGE][PASSED] - Delayed 1 second(s)

2019-05-27 17:55:54 - [TEST_STEP][PASSED] - back(): Navigate back successfully

2019-05-27 17:55:56 - [MESSAGE][PASSED] - Navigate back successfully

2019-05-27 17:55:56 - [TEST_STEP][PASSED] - delay(2, STOP_ON_FAILURE): Delayed 2 second(s)

2019-05-27 17:55:58 - [MESSAGE][PASSED] - Delayed 2 second(s)

2019-05-27 17:55:58 - [TEST_STEP][PASSED] - click(findTestObject("OCS-MOBILE /Product page/More items to consider section/Papers Filters - Tab")): Object: 'Object Repository/OCS-MOBILE /Product page/More items to consider section/Papers Filters - Tab' is clicked on

2019-05-27 17:55:58 - [MESSAGE][PASSED] - Object: 'Object Repository/OCS-MOBILE /Product page/More items to consider section/Papers Filters - Tab' is clicked on

2019-05-27 17:55:58 - [TEST_STEP][PASSED] - takeScreenshot(): Taking screenshot successfully

2019-05-27 17:55:58 - [MESSAGE][PASSED] - Taking screenshot successfully
[[ATTACHMENT|/Users/sumankompelly/Katalon Studio/OCS ( QA- 1.9.1 ) /Reports/QA ( 1.9.1)/HP, PROD , AG,COLL/20190527_174417/1558994158444.png]]

2019-05-27 17:55:58 - [TEST_STEP][PASSED] - delay(1): Delayed 1 second(s)

2019-05-27 17:55:59 - [MESSAGE][PASSED] - Delayed 1 second(s)

2019-05-27 17:55:59 - [TEST_STEP][PASSED] - click(findTestObject("OCS-MOBILE /Product page/More items to consider section/1st Product - image - Paper Filter")): Object: 'Object Repository/OCS-MOBILE /Product page/More items to consider section/1st Product - image - Paper Filter' is clicked on

2019-05-27 17:56:02 - [MESSAGE][PASSED] - Object: 'Object Repository/OCS-MOBILE /Product page/More items to consider section/1st Product - image - Paper Filter' is clicked on

2019-05-27 17:56:02 - [TEST_STEP][PASSED] - delay(2, STOP_ON_FAILURE): Delayed 2 second(s)

2019-05-27 17:56:04 - [MESSAGE][PASSED] - Delayed 2 second(s)

2019-05-27 17:56:04 - [TEST_STEP][PASSED] - takeScreenshot(): Taking screenshot successfully

2019-05-27 17:56:04 - [MESSAGE][PASSED] - Taking screenshot successfully
[[ATTACHMENT|/Users/sumankompelly/Katalon Studio/OCS ( QA- 1.9.1 ) /Reports/QA ( 1.9.1)/HP, PROD , AG,COLL/20190527_174417/1558994164661.png]]

2019-05-27 17:56:04 - [TEST_STEP][PASSED] - delay(1): Delayed 1 second(s)

2019-05-27 17:56:05 - [MESSAGE][PASSED] - Delayed 1 second(s)

2019-05-27 17:56:05 - [TEST_STEP][PASSED] - back(): Navigate back successfully

2019-05-27 17:56:08 - [MESSAGE][PASSED] - Navigate back successfully

2019-05-27 17:56:08 - [TEST_STEP][PASSED] - delay(2): Delayed 2 second(s)

2019-05-27 17:56:10 - [MESSAGE][PASSED] - Delayed 2 second(s)

2019-05-27 17:56:10 - [TEST_STEP][PASSED] - click(findTestObject("OCS-MOBILE /Product page/More items to consider section/Bongs Pipes - Tab")): Object: 'Object Repository/OCS-MOBILE /Product page/More items to consider section/Bongs Pipes - Tab' is clicked on

2019-05-27 17:56:10 - [MESSAGE][PASSED] - Object: 'Object Repository/OCS-MOBILE /Product page/More items to consider section/Bongs Pipes - Tab' is clicked on

2019-05-27 17:56:10 - [TEST_STEP][PASSED] - delay(2): Delayed 2 second(s)

2019-05-27 17:56:12 - [MESSAGE][PASSED] - Delayed 2 second(s)

2019-05-27 17:56:12 - [TEST_STEP][PASSED] - takeScreenshot(): Taking screenshot successfully

2019-05-27 17:56:12 - [MESSAGE][PASSED] - Taking screenshot successfully
[[ATTACHMENT|/Users/sumankompelly/Katalon Studio/OCS ( QA- 1.9.1 ) /Reports/QA ( 1.9.1)/HP, PROD , AG,COLL/20190527_174417/1558994172432.png]]

2019-05-27 17:56:12 - [TEST_STEP][PASSED] - delay(1): Delayed 1 second(s)

2019-05-27 17:56:13 - [MESSAGE][PASSED] - Delayed 1 second(s)

2019-05-27 17:56:13 - [TEST_STEP][PASSED] - click(findTestObject("OCS-MOBILE /Product page/More items to consider section/1st Product - image - Bongs Pipes")): Object: 'Object Repository/OCS-MOBILE /Product page/More items to consider section/1st Product - image - Bongs Pipes' is clicked on

2019-05-27 17:56:17 - [MESSAGE][PASSED] - Object: 'Object Repository/OCS-MOBILE /Product page/More items to consider section/1st Product - image - Bongs Pipes' is clicked on

2019-05-27 17:56:17 - [TEST_STEP][PASSED] - delay(2, STOP_ON_FAILURE): Delayed 2 second(s)

2019-05-27 17:56:19 - [MESSAGE][PASSED] - Delayed 2 second(s)

2019-05-27 17:56:19 - [TEST_STEP][PASSED] - takeScreenshot(): Taking screenshot successfully

2019-05-27 17:56:19 - [MESSAGE][PASSED] - Taking screenshot successfully
[[ATTACHMENT|/Users/sumankompelly/Katalon Studio/OCS ( QA- 1.9.1 ) /Reports/QA ( 1.9.1)/HP, PROD , AG,COLL/20190527_174417/1558994179481.png]]

2019-05-27 17:56:19 - [TEST_STEP][PASSED] - delay(1): Delayed 1 second(s)

2019-05-27 17:56:20 - [MESSAGE][PASSED] - Delayed 1 second(s)

2019-05-27 17:56:20 - [TEST_STEP][PASSED] - back(): Navigate back successfully

2019-05-27 17:56:22 - [MESSAGE][PASSED] - Navigate back successfully]]></system-out>
         <system-err><![CDATA[]]></system-err>
      </testcase>
      <testcase name="Test Cases/OCS - MOBILE/OCS- PRODUCT PAGE/Price" classname="Test Cases/OCS - MOBILE/OCS- PRODUCT PAGE/Price" status="FAILED">
         <failure type="FAILED" message="Test Cases/OCS - MOBILE/OCS- PRODUCT PAGE/Price FAILED.
Reason:
com.kms.katalon.core.exception.StepFailedException: com.kms.katalon.core.webui.exception.WebElementNotFoundException: Web element with id: 'Object Repository/OCS-MOBILE /Product page/Price/Price - Add to cart button' located by 'By.xpath: /html/body/div/div[3]/section/div[1]/div[2]/div[2]/form/button/span[2]' not found
	at com.kms.katalon.core.keyword.internal.KeywordMain.stepFailed(KeywordMain.groovy:32)
	at com.kms.katalon.core.webui.keyword.internal.WebUIKeywordMain.stepFailed(WebUIKeywordMain.groovy:65)
	at com.kms.katalon.core.webui.keyword.builtin.VerifyElementPresentKeyword$_verifyElementPresent_closure1.doCall(VerifyElementPresentKeyword.groovy:85)
	at com.kms.katalon.core.webui.keyword.builtin.VerifyElementPresentKeyword$_verifyElementPresent_closure1.call(VerifyElementPresentKeyword.groovy)
	at com.kms.katalon.core.webui.keyword.internal.WebUIKeywordMain.runKeyword(WebUIKeywordMain.groovy:21)
	at com.kms.katalon.core.webui.keyword.builtin.VerifyElementPresentKeyword.verifyElementPresent(VerifyElementPresentKeyword.groovy:92)
	at com.kms.katalon.core.webui.keyword.builtin.VerifyElementPresentKeyword.execute(VerifyElementPresentKeyword.groovy:68)
	at com.kms.katalon.core.keyword.internal.KeywordExecutor.executeKeywordForPlatform(KeywordExecutor.groovy:53)
	at com.kms.katalon.core.webui.keyword.WebUiBuiltInKeywords.verifyElementPresent(WebUiBuiltInKeywords.groovy:1418)
	at com.kms.katalon.core.webui.keyword.WebUiBuiltInKeywords$verifyElementPresent$16.call(Unknown Source)
	at Price.run(Price:36)
	at com.kms.katalon.core.main.ScriptEngine.run(ScriptEngine.java:194)
	at com.kms.katalon.core.main.ScriptEngine.runScriptAsRawText(ScriptEngine.java:119)
	at com.kms.katalon.core.main.TestCaseExecutor.runScript(TestCaseExecutor.java:328)
	at com.kms.katalon.core.main.TestCaseExecutor.doExecute(TestCaseExecutor.java:319)
	at com.kms.katalon.core.main.TestCaseExecutor.processExecutionPhase(TestCaseExecutor.java:298)
	at com.kms.katalon.core.main.TestCaseExecutor.accessMainPhase(TestCaseExecutor.java:290)
	at com.kms.katalon.core.main.TestCaseExecutor.execute(TestCaseExecutor.java:224)
	at com.kms.katalon.core.main.TestSuiteExecutor.accessTestCaseMainPhase(TestSuiteExecutor.java:129)
	at com.kms.katalon.core.main.TestSuiteExecutor.accessTestSuiteMainPhase(TestSuiteExecutor.java:112)
	at com.kms.katalon.core.main.TestSuiteExecutor.execute(TestSuiteExecutor.java:81)
	at com.kms.katalon.core.main.TestCaseMain.startTestSuite(TestCaseMain.java:149)
	at com.kms.katalon.core.main.TestCaseMain$startTestSuite$0.call(Unknown Source)
	at TempTestSuite1558993457442.run(TempTestSuite1558993457442.groovy:36)
"/>
         <system-out><![CDATA[2019-05-27 17:56:22 - [TEST_CASE][FAILED] - Test Cases/OCS - MOBILE/OCS- PRODUCT PAGE/Price: Test Cases/OCS - MOBILE/OCS- PRODUCT PAGE/Price FAILED.
Reason:
com.kms.katalon.core.exception.StepFailedException: com.kms.katalon.core.webui.exception.WebElementNotFoundException: Web element with id: 'Object Repository/OCS-MOBILE /Product page/Price/Price - Add to cart button' located by 'By.xpath: /html/body/div/div[3]/section/div[1]/div[2]/div[2]/form/button/span[2]' not found
	at com.kms.katalon.core.keyword.internal.KeywordMain.stepFailed(KeywordMain.groovy:32)
	at com.kms.katalon.core.webui.keyword.internal.WebUIKeywordMain.stepFailed(WebUIKeywordMain.groovy:65)
	at com.kms.katalon.core.webui.keyword.builtin.VerifyElementPresentKeyword$_verifyElementPresent_closure1.doCall(VerifyElementPresentKeyword.groovy:85)
	at com.kms.katalon.core.webui.keyword.builtin.VerifyElementPresentKeyword$_verifyElementPresent_closure1.call(VerifyElementPresentKeyword.groovy)
	at com.kms.katalon.core.webui.keyword.internal.WebUIKeywordMain.runKeyword(WebUIKeywordMain.groovy:21)
	at com.kms.katalon.core.webui.keyword.builtin.VerifyElementPresentKeyword.verifyElementPresent(VerifyElementPresentKeyword.groovy:92)
	at com.kms.katalon.core.webui.keyword.builtin.VerifyElementPresentKeyword.execute(VerifyElementPresentKeyword.groovy:68)
	at com.kms.katalon.core.keyword.internal.KeywordExecutor.executeKeywordForPlatform(KeywordExecutor.groovy:53)
	at com.kms.katalon.core.webui.keyword.WebUiBuiltInKeywords.verifyElementPresent(WebUiBuiltInKeywords.groovy:1418)
	at com.kms.katalon.core.webui.keyword.WebUiBuiltInKeywords$verifyElementPresent$16.call(Unknown Source)
	at Price.run(Price:36)
	at com.kms.katalon.core.main.ScriptEngine.run(ScriptEngine.java:194)
	at com.kms.katalon.core.main.ScriptEngine.runScriptAsRawText(ScriptEngine.java:119)
	at com.kms.katalon.core.main.TestCaseExecutor.runScript(TestCaseExecutor.java:328)
	at com.kms.katalon.core.main.TestCaseExecutor.doExecute(TestCaseExecutor.java:319)
	at com.kms.katalon.core.main.TestCaseExecutor.processExecutionPhase(TestCaseExecutor.java:298)
	at com.kms.katalon.core.main.TestCaseExecutor.accessMainPhase(TestCaseExecutor.java:290)
	at com.kms.katalon.core.main.TestCaseExecutor.execute(TestCaseExecutor.java:224)
	at com.kms.katalon.core.main.TestSuiteExecutor.accessTestCaseMainPhase(TestSuiteExecutor.java:129)
	at com.kms.katalon.core.main.TestSuiteExecutor.accessTestSuiteMainPhase(TestSuiteExecutor.java:112)
	at com.kms.katalon.core.main.TestSuiteExecutor.execute(TestSuiteExecutor.java:81)
	at com.kms.katalon.core.main.TestCaseMain.startTestSuite(TestCaseMain.java:149)
	at com.kms.katalon.core.main.TestCaseMain$startTestSuite$0.call(Unknown Source)
	at TempTestSuite1558993457442.run(TempTestSuite1558993457442.groovy:36)


2019-05-27 17:56:23 - [TEST_STEP][PASSED] - callTestCase(findTestCase("OCS - MOBILE/CALL - PDP"), [:], STOP_ON_FAILURE): Call Test Case 'Test Cases/OCS - MOBILE/CALL - PDP' successfully

2019-05-27 17:56:23 - [TEST_CASE][PASSED] - Test Cases/OCS - MOBILE/CALL - PDP: Test Cases/OCS - MOBILE/CALL - PDP

2019-05-27 17:56:23 - [TEST_STEP][PASSED] - openBrowser(""): Browser is opened with url: ''

2019-05-27 17:56:23 - [MESSAGE][WARNING] - A browser is already opened. Closing browser and opening a new one

2019-05-27 17:56:23 - [MESSAGE][INFO] - Starting 'Chrome' driver

2019-05-27 17:56:24 - [MESSAGE][PASSED] - Browser is opened with url: ''

2019-05-27 17:56:24 - [TEST_STEP][PASSED] - navigateToUrl("https://ocs.ca/?fts=0&preview_theme_id=53376026444"): Navigate to 'https://ocs.ca/?fts=0&preview_theme_id=53376026444' successfully

2019-05-27 17:56:31 - [MESSAGE][PASSED] - Navigate to 'https://ocs.ca/?fts=0&preview_theme_id=53376026444' successfully

2019-05-27 17:56:31 - [TEST_STEP][NOT_RUN] - executeJavaScript("var previewBar = document.getElementById("preview-bar-iframe"); previewBar.style.display = "none";", []): NOT_RUN: executeJavaScript("var previewBar = document.getElementById("preview-bar-iframe"); previewBar.style.display = "none";", [])

2019-05-27 17:56:31 - [MESSAGE][NOT_RUN] - NOT_RUN: executeJavaScript("var previewBar = document.getElementById("preview-bar-iframe"); previewBar.style.display = "none";", [])

2019-05-27 17:56:31 - [TEST_STEP][PASSED] - setViewPortSize(360, 800): Viewport is set to new size with width = 360 and height = 800

2019-05-27 17:56:31 - [MESSAGE][PASSED] - Viewport is set to new size with width = 360 and height = 800

2019-05-27 17:56:31 - [TEST_STEP][PASSED] - delay(4): Delayed 4 second(s)

2019-05-27 17:56:35 - [MESSAGE][PASSED] - Delayed 4 second(s)

2019-05-27 17:56:35 - [TEST_STEP][PASSED] - selectOptionByValue(findTestObject("OCS-MOBILE /Age gate and burger menu/Date"), "12", true): All options with value '12' are selected in object 'Object Repository/OCS-MOBILE /Age gate and burger menu/Date'  using regular expression

2019-05-27 17:56:36 - [MESSAGE][PASSED] - All options with value '12' are selected in object 'Object Repository/OCS-MOBILE /Age gate and burger menu/Date'  using regular expression

2019-05-27 17:56:36 - [TEST_STEP][PASSED] - selectOptionByValue(findTestObject("OCS-MOBILE /Age gate and burger menu/month"), "6", true): All options with value '6' are selected in object 'Object Repository/OCS-MOBILE /Age gate and burger menu/month'  using regular expression

2019-05-27 17:56:36 - [MESSAGE][PASSED] - All options with value '6' are selected in object 'Object Repository/OCS-MOBILE /Age gate and burger menu/month'  using regular expression

2019-05-27 17:56:36 - [TEST_STEP][PASSED] - delay(2): Delayed 2 second(s)

2019-05-27 17:56:38 - [MESSAGE][PASSED] - Delayed 2 second(s)

2019-05-27 17:56:38 - [TEST_STEP][PASSED] - selectOptionByValue(findTestObject("OCS-MOBILE /Age gate and burger menu/Year Dropdown"), "1990", true): All options with value '1990' are selected in object 'Object Repository/OCS-MOBILE /Age gate and burger menu/Year Dropdown'  using regular expression

2019-05-27 17:56:39 - [MESSAGE][PASSED] - All options with value '1990' are selected in object 'Object Repository/OCS-MOBILE /Age gate and burger menu/Year Dropdown'  using regular expression

2019-05-27 17:56:39 - [TEST_STEP][PASSED] - click(findTestObject("OCS-MOBILE /Age gate and burger menu/button_Verify")): Object: 'Object Repository/OCS-MOBILE /Age gate and burger menu/button_Verify' is clicked on

2019-05-27 17:56:39 - [MESSAGE][PASSED] - Object: 'Object Repository/OCS-MOBILE /Age gate and burger menu/button_Verify' is clicked on

2019-05-27 17:56:39 - [TEST_STEP][PASSED] - click(findTestObject("OCS-MOBILE /Age gate and burger menu/Checkbox_CONFIRM AND ACKNOWLEDGE")): Object: 'Object Repository/OCS-MOBILE /Age gate and burger menu/Checkbox_CONFIRM AND ACKNOWLEDGE' is clicked on

2019-05-27 17:56:39 - [MESSAGE][PASSED] - Object: 'Object Repository/OCS-MOBILE /Age gate and burger menu/Checkbox_CONFIRM AND ACKNOWLEDGE' is clicked on

2019-05-27 17:56:39 - [TEST_STEP][PASSED] - click(findTestObject("OCS-MOBILE /Age gate and burger menu/button_CONFIRM")): Object: 'Object Repository/OCS-MOBILE /Age gate and burger menu/button_CONFIRM' is clicked on

2019-05-27 17:56:39 - [MESSAGE][PASSED] - Object: 'Object Repository/OCS-MOBILE /Age gate and burger menu/button_CONFIRM' is clicked on

2019-05-27 17:56:39 - [TEST_STEP][PASSED] - click(findTestObject("OCS-MOBILE /Age gate and burger menu/button_Start Browsing")): Object: 'Object Repository/OCS-MOBILE /Age gate and burger menu/button_Start Browsing' is clicked on

2019-05-27 17:56:39 - [MESSAGE][PASSED] - Object: 'Object Repository/OCS-MOBILE /Age gate and burger menu/button_Start Browsing' is clicked on

2019-05-27 17:56:39 - [TEST_STEP][PASSED] - delay(2): Delayed 2 second(s)

2019-05-27 17:56:41 - [MESSAGE][PASSED] - Delayed 2 second(s)

2019-05-27 17:56:41 - [TEST_STEP][PASSED] - click(findTestObject("OCS-MOBILE /Age gate and burger menu/Burger menu - English")): Object: 'Object Repository/OCS-MOBILE /Age gate and burger menu/Burger menu - English' is clicked on

2019-05-27 17:56:41 - [MESSAGE][PASSED] - Object: 'Object Repository/OCS-MOBILE /Age gate and burger menu/Burger menu - English' is clicked on

2019-05-27 17:56:41 - [TEST_STEP][PASSED] - delay(2): Delayed 2 second(s)

2019-05-27 17:56:43 - [MESSAGE][PASSED] - Delayed 2 second(s)

2019-05-27 17:56:43 - [TEST_STEP][PASSED] - click(findTestObject("OCS-MOBILE /Age gate and burger menu/Chevron_Cannabis")): Object: 'Object Repository/OCS-MOBILE /Age gate and burger menu/Chevron_Cannabis' is clicked on

2019-05-27 17:56:44 - [MESSAGE][PASSED] - Object: 'Object Repository/OCS-MOBILE /Age gate and burger menu/Chevron_Cannabis' is clicked on

2019-05-27 17:56:44 - [TEST_STEP][PASSED] - delay(2): Delayed 2 second(s)

2019-05-27 17:56:46 - [MESSAGE][PASSED] - Delayed 2 second(s)

2019-05-27 17:56:46 - [TEST_STEP][PASSED] - click(findTestObject("OCS-MOBILE /Age gate and burger menu/Dried Flower_Plus icon")): Object: 'Object Repository/OCS-MOBILE /Age gate and burger menu/Dried Flower_Plus icon' is clicked on

2019-05-27 17:56:46 - [MESSAGE][PASSED] - Object: 'Object Repository/OCS-MOBILE /Age gate and burger menu/Dried Flower_Plus icon' is clicked on

2019-05-27 17:56:46 - [TEST_STEP][PASSED] - delay(2): Delayed 2 second(s)

2019-05-27 17:56:48 - [MESSAGE][PASSED] - Delayed 2 second(s)

2019-05-27 17:56:48 - [TEST_STEP][PASSED] - click(findTestObject("OCS-MOBILE /Age gate and burger menu/Indica Dominant_Menu item")): Object: 'Object Repository/OCS-MOBILE /Age gate and burger menu/Indica Dominant_Menu item' is clicked on

2019-05-27 17:56:50 - [MESSAGE][PASSED] - Object: 'Object Repository/OCS-MOBILE /Age gate and burger menu/Indica Dominant_Menu item' is clicked on

2019-05-27 17:56:50 - [TEST_STEP][PASSED] - delay(2): Delayed 2 second(s)

2019-05-27 17:56:52 - [MESSAGE][PASSED] - Delayed 2 second(s)

2019-05-27 17:56:52 - [TEST_STEP][PASSED] - click(findTestObject("OCS-MOBILE /Collection page/Product image - 1st one")): Object: 'Object Repository/OCS-MOBILE /Collection page/Product image - 1st one' is clicked on

2019-05-27 17:56:56 - [MESSAGE][PASSED] - Object: 'Object Repository/OCS-MOBILE /Collection page/Product image - 1st one' is clicked on

2019-05-27 17:56:56 - [TEST_STEP][PASSED] - delay(2): Delayed 2 second(s)

2019-05-27 17:56:58 - [MESSAGE][PASSED] - Delayed 2 second(s)

2019-05-27 17:56:58 - [TEST_STEP][PASSED] - executeJavaScript("var previewBar = document.getElementById("preview-bar-iframe"); previewBar.style.display = "none";", []): Execute JavaScript 'var previewBar = document.getElementById("preview-bar-iframe"); previewBar.style.display = "none";' successfully

2019-05-27 17:56:58 - [MESSAGE][PASSED] - Execute JavaScript 'var previewBar = document.getElementById("preview-bar-iframe"); previewBar.style.display = "none";' successfully

2019-05-27 17:56:58 - [MESSAGE][PASSED] - Call Test Case 'Test Cases/OCS - MOBILE/CALL - PDP' successfully

2019-05-27 17:56:58 - [TEST_STEP][NOT_RUN] - navigateToUrl("https://ocs.ca/?fts=0&preview_theme_id=53373863756"): NOT_RUN: navigateToUrl("https://ocs.ca/?fts=0&preview_theme_id=53373863756")

2019-05-27 17:56:58 - [MESSAGE][NOT_RUN] - NOT_RUN: navigateToUrl("https://ocs.ca/?fts=0&preview_theme_id=53373863756")

2019-05-27 17:56:58 - [TEST_STEP][PASSED] - delay(2): Delayed 2 second(s)

2019-05-27 17:57:00 - [MESSAGE][PASSED] - Delayed 2 second(s)

2019-05-27 17:57:00 - [TEST_STEP][PASSED] - scrollToElement(findTestObject("OCS-MOBILE /Product page/Product image"), 1): Scroll to object 'Object Repository/OCS-MOBILE /Product page/Product image' successfully

2019-05-27 17:57:00 - [MESSAGE][PASSED] - Scroll to object 'Object Repository/OCS-MOBILE /Product page/Product image' successfully

2019-05-27 17:57:00 - [TEST_STEP][PASSED] - delay(2): Delayed 2 second(s)

2019-05-27 17:57:02 - [MESSAGE][PASSED] - Delayed 2 second(s)

2019-05-27 17:57:02 - [TEST_STEP][PASSED] - click(findTestObject("OCS-MOBILE /Product page/Swatch_1g")): Object: 'Object Repository/OCS-MOBILE /Product page/Swatch_1g' is clicked on

2019-05-27 17:57:02 - [MESSAGE][PASSED] - Object: 'Object Repository/OCS-MOBILE /Product page/Swatch_1g' is clicked on

2019-05-27 17:57:02 - [TEST_STEP][PASSED] - delay(2): Delayed 2 second(s)

2019-05-27 17:57:04 - [MESSAGE][PASSED] - Delayed 2 second(s)

2019-05-27 17:57:04 - [TEST_STEP][PASSED] - a = getText(findTestObject("OCS-MOBILE /Product page/Price/1g Price - Swatch")): Text of object 'Object Repository/OCS-MOBILE /Product page/Price/1g Price - Swatch' is: '$9.75'

2019-05-27 17:57:04 - [MESSAGE][PASSED] - Text of object 'Object Repository/OCS-MOBILE /Product page/Price/1g Price - Swatch' is: '$9.75'

2019-05-27 17:57:04 - [TEST_STEP][PASSED] - comment("a =" + a): a =$9.75

2019-05-27 17:57:04 - [MESSAGE][INFO] - a =$9.75

2019-05-27 17:57:04 - [TEST_STEP][PASSED] - delay(1, OPTIONAL): Delayed 1 second(s)

2019-05-27 17:57:05 - [MESSAGE][PASSED] - Delayed 1 second(s)

2019-05-27 17:57:05 - [TEST_STEP][FAILED] - flag = verifyElementPresent(findTestObject("OCS-MOBILE /Product page/Price/Price - Add to cart button"), 0, CONTINUE_ON_FAILURE): com.kms.katalon.core.webui.exception.WebElementNotFoundException: Web element with id: 'Object Repository/OCS-MOBILE /Product page/Price/Price - Add to cart button' located by 'By.xpath: /html/body/div/div[3]/section/div[1]/div[2]/div[2]/form/button/span[2]' not found

2019-05-27 17:57:05 - [MESSAGE][WARNING] - Timeout '0' is invalid. Using default page load timeout: '30'

2019-05-27 17:57:35 - [MESSAGE][INFO] - Unable to find the element located by 'By.xpath: /html/body/div/div[3]/section/div[1]/div[2]/div[2]/form/button/span[2]'. Please recheck the objects properties to make sure the desired element is located. 

2019-05-27 17:57:36 - [MESSAGE][FAILED] - com.kms.katalon.core.webui.exception.WebElementNotFoundException: Web element with id: 'Object Repository/OCS-MOBILE /Product page/Price/Price - Add to cart button' located by 'By.xpath: /html/body/div/div[3]/section/div[1]/div[2]/div[2]/form/button/span[2]' not found
[[ATTACHMENT|/Users/sumankompelly/Katalon Studio/OCS ( QA- 1.9.1 ) /Reports/QA ( 1.9.1)/HP, PROD , AG,COLL/20190527_174417/1558994255950.png]]

2019-05-27 17:57:36 - [TEST_STEP][PASSED] - comment("flag =" + flag): flag =false

2019-05-27 17:57:36 - [MESSAGE][INFO] - flag =false

2019-05-27 17:57:36 - [TEST_STEP][PASSED] - if (flag == true): null

2019-05-27 17:57:36 - [TEST_STEP][FAILED] - else: else FAILED.
Reason:
com.kms.katalon.core.exception.StepFailedException: com.kms.katalon.core.webui.exception.WebElementNotFoundException: Web element with id: 'Object Repository/OCS-MOBILE /Product page/Price/Price - Add to cart button' located by 'By.xpath: /html/body/div/div[3]/section/div[1]/div[2]/div[2]/form/button/span[2]' not found
	at com.kms.katalon.core.keyword.internal.KeywordMain.stepFailed(KeywordMain.groovy:32)
	at com.kms.katalon.core.webui.keyword.internal.WebUIKeywordMain.stepFailed(WebUIKeywordMain.groovy:65)
	at com.kms.katalon.core.webui.keyword.builtin.VerifyElementPresentKeyword$_verifyElementPresent_closure1.doCall(VerifyElementPresentKeyword.groovy:85)
	at com.kms.katalon.core.webui.keyword.builtin.VerifyElementPresentKeyword$_verifyElementPresent_closure1.call(VerifyElementPresentKeyword.groovy)
	at com.kms.katalon.core.webui.keyword.internal.WebUIKeywordMain.runKeyword(WebUIKeywordMain.groovy:21)
	at com.kms.katalon.core.webui.keyword.builtin.VerifyElementPresentKeyword.verifyElementPresent(VerifyElementPresentKeyword.groovy:92)
	at com.kms.katalon.core.webui.keyword.builtin.VerifyElementPresentKeyword.execute(VerifyElementPresentKeyword.groovy:68)
	at com.kms.katalon.core.keyword.internal.KeywordExecutor.executeKeywordForPlatform(KeywordExecutor.groovy:53)
	at com.kms.katalon.core.webui.keyword.WebUiBuiltInKeywords.verifyElementPresent(WebUiBuiltInKeywords.groovy:1418)
	at com.kms.katalon.core.webui.keyword.WebUiBuiltInKeywords$verifyElementPresent$16.call(Unknown Source)
	at Price.run(Price:36)
	at com.kms.katalon.core.main.ScriptEngine.run(ScriptEngine.java:194)
	at com.kms.katalon.core.main.ScriptEngine.runScriptAsRawText(ScriptEngine.java:119)
	at com.kms.katalon.core.main.TestCaseExecutor.runScript(TestCaseExecutor.java:328)
	at com.kms.katalon.core.main.TestCaseExecutor.doExecute(TestCaseExecutor.java:319)
	at com.kms.katalon.core.main.TestCaseExecutor.processExecutionPhase(TestCaseExecutor.java:298)
	at com.kms.katalon.core.main.TestCaseExecutor.accessMainPhase(TestCaseExecutor.java:290)
	at com.kms.katalon.core.main.TestCaseExecutor.execute(TestCaseExecutor.java:224)
	at com.kms.katalon.core.main.TestSuiteExecutor.accessTestCaseMainPhase(TestSuiteExecutor.java:129)
	at com.kms.katalon.core.main.TestSuiteExecutor.accessTestSuiteMainPhase(TestSuiteExecutor.java:112)
	at com.kms.katalon.core.main.TestSuiteExecutor.execute(TestSuiteExecutor.java:81)
	at com.kms.katalon.core.main.TestCaseMain.startTestSuite(TestCaseMain.java:149)
	at com.kms.katalon.core.main.TestCaseMain$startTestSuite$0.call(Unknown Source)
	at TempTestSuite1558993457442.run(TempTestSuite1558993457442.groovy:36)


2019-05-27 17:57:36 - [TEST_STEP][PASSED] - back(): Navigate back successfully

2019-05-27 17:57:38 - [MESSAGE][PASSED] - Navigate back successfully

2019-05-27 17:57:38 - [TEST_STEP][PASSED] - delay(1, OPTIONAL): Delayed 1 second(s)

2019-05-27 17:57:39 - [MESSAGE][PASSED] - Delayed 1 second(s)

2019-05-27 17:57:39 - [TEST_STEP][PASSED] - executeJavaScript("var previewBar = document.getElementById("preview-bar-iframe"); previewBar.style.display = "none";", []): Execute JavaScript 'var previewBar = document.getElementById("preview-bar-iframe"); previewBar.style.display = "none";' successfully

2019-05-27 17:57:39 - [MESSAGE][PASSED] - Execute JavaScript 'var previewBar = document.getElementById("preview-bar-iframe"); previewBar.style.display = "none";' successfully

2019-05-27 17:57:39 - [TEST_STEP][PASSED] - click(findTestObject("OCS-MOBILE /Collection page/Product image - 2nd one")): Object: 'Object Repository/OCS-MOBILE /Collection page/Product image - 2nd one' is clicked on

2019-05-27 17:57:43 - [MESSAGE][PASSED] - Object: 'Object Repository/OCS-MOBILE /Collection page/Product image - 2nd one' is clicked on

2019-05-27 17:57:43 - [TEST_STEP][PASSED] - executeJavaScript("var previewBar = document.getElementById("preview-bar-iframe"); previewBar.style.display = "none";", []): Execute JavaScript 'var previewBar = document.getElementById("preview-bar-iframe"); previewBar.style.display = "none";' successfully

2019-05-27 17:57:43 - [MESSAGE][PASSED] - Execute JavaScript 'var previewBar = document.getElementById("preview-bar-iframe"); previewBar.style.display = "none";' successfully

2019-05-27 17:57:43 - [TEST_STEP][PASSED] - delay(1, OPTIONAL): Delayed 1 second(s)

2019-05-27 17:57:44 - [MESSAGE][PASSED] - Delayed 1 second(s)

2019-05-27 17:57:44 - [TEST_STEP][PASSED] - click(findTestObject("OCS-MOBILE /Product page/Swatch_1g")): Object: 'Object Repository/OCS-MOBILE /Product page/Swatch_1g' is clicked on

2019-05-27 17:57:44 - [MESSAGE][PASSED] - Object: 'Object Repository/OCS-MOBILE /Product page/Swatch_1g' is clicked on

2019-05-27 17:57:44 - [TEST_STEP][PASSED] - delay(2): Delayed 2 second(s)

2019-05-27 17:57:46 - [MESSAGE][PASSED] - Delayed 2 second(s)

2019-05-27 17:57:46 - [TEST_STEP][PASSED] - p1 = getText(findTestObject("OCS-MOBILE /Product page/Price/1g Price - Swatch")): Text of object 'Object Repository/OCS-MOBILE /Product page/Price/1g Price - Swatch' is: '$10.25'

2019-05-27 17:57:46 - [MESSAGE][PASSED] - Text of object 'Object Repository/OCS-MOBILE /Product page/Price/1g Price - Swatch' is: '$10.25'

2019-05-27 17:57:46 - [TEST_STEP][PASSED] - comment("p1 =" + p1): p1 =$10.25

2019-05-27 17:57:46 - [MESSAGE][INFO] - p1 =$10.25

2019-05-27 17:57:46 - [TEST_STEP][PASSED] - delay(1, OPTIONAL): Delayed 1 second(s)

2019-05-27 17:57:47 - [MESSAGE][PASSED] - Delayed 1 second(s)

2019-05-27 17:57:47 - [TEST_STEP][PASSED] - flag1 = verifyElementPresent(findTestObject("OCS-MOBILE /Product page/Price/Price - Add to cart button"), 0, CONTINUE_ON_FAILURE): Object 'Object Repository/OCS-MOBILE /Product page/Price/Price - Add to cart button' is present

2019-05-27 17:57:47 - [MESSAGE][WARNING] - Timeout '0' is invalid. Using default page load timeout: '30'

2019-05-27 17:57:47 - [MESSAGE][PASSED] - Object 'Object Repository/OCS-MOBILE /Product page/Price/Price - Add to cart button' is present

2019-05-27 17:57:47 - [TEST_STEP][PASSED] - comment("flag1 =" + flag1): flag1 =true

2019-05-27 17:57:47 - [MESSAGE][INFO] - flag1 =true

2019-05-27 17:57:47 - [TEST_STEP][FAILED] - if (flag1 == true): else FAILED.
Reason:
com.kms.katalon.core.exception.StepFailedException: com.kms.katalon.core.webui.exception.WebElementNotFoundException: Web element with id: 'Object Repository/OCS-MOBILE /Product page/Price/Price - Add to cart button' located by 'By.xpath: /html/body/div/div[3]/section/div[1]/div[2]/div[2]/form/button/span[2]' not found
	at com.kms.katalon.core.keyword.internal.KeywordMain.stepFailed(KeywordMain.groovy:32)
	at com.kms.katalon.core.webui.keyword.internal.WebUIKeywordMain.stepFailed(WebUIKeywordMain.groovy:65)
	at com.kms.katalon.core.webui.keyword.builtin.VerifyElementPresentKeyword$_verifyElementPresent_closure1.doCall(VerifyElementPresentKeyword.groovy:85)
	at com.kms.katalon.core.webui.keyword.builtin.VerifyElementPresentKeyword$_verifyElementPresent_closure1.call(VerifyElementPresentKeyword.groovy)
	at com.kms.katalon.core.webui.keyword.internal.WebUIKeywordMain.runKeyword(WebUIKeywordMain.groovy:21)
	at com.kms.katalon.core.webui.keyword.builtin.VerifyElementPresentKeyword.verifyElementPresent(VerifyElementPresentKeyword.groovy:92)
	at com.kms.katalon.core.webui.keyword.builtin.VerifyElementPresentKeyword.execute(VerifyElementPresentKeyword.groovy:68)
	at com.kms.katalon.core.keyword.internal.KeywordExecutor.executeKeywordForPlatform(KeywordExecutor.groovy:53)
	at com.kms.katalon.core.webui.keyword.WebUiBuiltInKeywords.verifyElementPresent(WebUiBuiltInKeywords.groovy:1418)
	at com.kms.katalon.core.webui.keyword.WebUiBuiltInKeywords$verifyElementPresent$16.call(Unknown Source)
	at Price.run(Price:36)
	at com.kms.katalon.core.main.ScriptEngine.run(ScriptEngine.java:194)
	at com.kms.katalon.core.main.ScriptEngine.runScriptAsRawText(ScriptEngine.java:119)
	at com.kms.katalon.core.main.TestCaseExecutor.runScript(TestCaseExecutor.java:328)
	at com.kms.katalon.core.main.TestCaseExecutor.doExecute(TestCaseExecutor.java:319)
	at com.kms.katalon.core.main.TestCaseExecutor.processExecutionPhase(TestCaseExecutor.java:298)
	at com.kms.katalon.core.main.TestCaseExecutor.accessMainPhase(TestCaseExecutor.java:290)
	at com.kms.katalon.core.main.TestCaseExecutor.execute(TestCaseExecutor.java:224)
	at com.kms.katalon.core.main.TestSuiteExecutor.accessTestCaseMainPhase(TestSuiteExecutor.java:129)
	at com.kms.katalon.core.main.TestSuiteExecutor.accessTestSuiteMainPhase(TestSuiteExecutor.java:112)
	at com.kms.katalon.core.main.TestSuiteExecutor.execute(TestSuiteExecutor.java:81)
	at com.kms.katalon.core.main.TestCaseMain.startTestSuite(TestCaseMain.java:149)
	at com.kms.katalon.core.main.TestCaseMain$startTestSuite$0.call(Unknown Source)
	at TempTestSuite1558993457442.run(TempTestSuite1558993457442.groovy:36)


2019-05-27 17:57:47 - [TEST_STEP][PASSED] - b = getText(findTestObject("OCS-MOBILE /Product page/Price/Price - Add to cart button")): Text of object 'Object Repository/OCS-MOBILE /Product page/Price/Price - Add to cart button' is: '$10.25'

2019-05-27 17:57:47 - [MESSAGE][PASSED] - Text of object 'Object Repository/OCS-MOBILE /Product page/Price/Price - Add to cart button' is: '$10.25'

2019-05-27 17:57:47 - [TEST_STEP][PASSED] - comment("p1 =" + p1): p1 =$10.25

2019-05-27 17:57:47 - [MESSAGE][INFO] - p1 =$10.25

2019-05-27 17:57:47 - [TEST_STEP][PASSED] - a1 = p1.substring(1): null

2019-05-27 17:57:47 - [TEST_STEP][PASSED] - comment("a1=" + a1): a1=10.25

2019-05-27 17:57:47 - [MESSAGE][INFO] - a1=10.25

2019-05-27 17:57:47 - [TEST_STEP][PASSED] - comment("b =" + b): b =$10.25

2019-05-27 17:57:47 - [MESSAGE][INFO] - b =$10.25

2019-05-27 17:57:47 - [TEST_STEP][PASSED] - b1 = b.substring(1): null

2019-05-27 17:57:47 - [TEST_STEP][PASSED] - comment("b1 =" + b1): b1 =10.25

2019-05-27 17:57:47 - [MESSAGE][INFO] - b1 =10.25

2019-05-27 17:57:47 - [TEST_STEP][PASSED] - verifyEqual(a1, b1): Actual object '10.25' and expected object '10.25' are equal

2019-05-27 17:57:47 - [MESSAGE][PASSED] - Actual object '10.25' and expected object '10.25' are equal

2019-05-27 17:57:47 - [TEST_STEP][PASSED] - click(findTestObject("OCS-MOBILE /Product page/Swatch_3.5g")): Object: 'Object Repository/OCS-MOBILE /Product page/Swatch_3.5g' is clicked on

2019-05-27 17:57:47 - [MESSAGE][PASSED] - Object: 'Object Repository/OCS-MOBILE /Product page/Swatch_3.5g' is clicked on

2019-05-27 17:57:47 - [TEST_STEP][PASSED] - c = getText(findTestObject("OCS-MOBILE /Product page/Price/3.5g Price - Swatch"), STOP_ON_FAILURE): Text of object 'Object Repository/OCS-MOBILE /Product page/Price/3.5g Price - Swatch' is: '$34.10'

2019-05-27 17:57:47 - [MESSAGE][PASSED] - Text of object 'Object Repository/OCS-MOBILE /Product page/Price/3.5g Price - Swatch' is: '$34.10'

2019-05-27 17:57:47 - [TEST_STEP][PASSED] - comment("c =" + c): c =$34.10

2019-05-27 17:57:47 - [MESSAGE][INFO] - c =$34.10

2019-05-27 17:57:47 - [TEST_STEP][PASSED] - c1 = c.substring(1): null

2019-05-27 17:57:47 - [TEST_STEP][PASSED] - comment("c1 =" + c1): c1 =34.10

2019-05-27 17:57:47 - [MESSAGE][INFO] - c1 =34.10

2019-05-27 17:57:47 - [TEST_STEP][PASSED] - d = getText(findTestObject("OCS-MOBILE /Product page/Price/Price - Add to cart button")): Text of object 'Object Repository/OCS-MOBILE /Product page/Price/Price - Add to cart button' is: '$34.10'

2019-05-27 17:57:47 - [MESSAGE][PASSED] - Text of object 'Object Repository/OCS-MOBILE /Product page/Price/Price - Add to cart button' is: '$34.10'

2019-05-27 17:57:47 - [TEST_STEP][PASSED] - comment("d =" + d): d =$34.10

2019-05-27 17:57:47 - [MESSAGE][INFO] - d =$34.10

2019-05-27 17:57:47 - [TEST_STEP][PASSED] - d1 = d.substring(1): null

2019-05-27 17:57:47 - [TEST_STEP][PASSED] - comment("d1 =" + d1): d1 =34.10

2019-05-27 17:57:47 - [MESSAGE][INFO] - d1 =34.10

2019-05-27 17:57:47 - [TEST_STEP][PASSED] - delay(4): Delayed 4 second(s)

2019-05-27 17:57:51 - [MESSAGE][PASSED] - Delayed 4 second(s)

2019-05-27 17:57:51 - [TEST_STEP][FAILED] - verifyEqual(c1, d1): else FAILED.
Reason:
com.kms.katalon.core.exception.StepFailedException: com.kms.katalon.core.webui.exception.WebElementNotFoundException: Web element with id: 'Object Repository/OCS-MOBILE /Product page/Price/Price - Add to cart button' located by 'By.xpath: /html/body/div/div[3]/section/div[1]/div[2]/div[2]/form/button/span[2]' not found
	at com.kms.katalon.core.keyword.internal.KeywordMain.stepFailed(KeywordMain.groovy:32)
	at com.kms.katalon.core.webui.keyword.internal.WebUIKeywordMain.stepFailed(WebUIKeywordMain.groovy:65)
	at com.kms.katalon.core.webui.keyword.builtin.VerifyElementPresentKeyword$_verifyElementPresent_closure1.doCall(VerifyElementPresentKeyword.groovy:85)
	at com.kms.katalon.core.webui.keyword.builtin.VerifyElementPresentKeyword$_verifyElementPresent_closure1.call(VerifyElementPresentKeyword.groovy)
	at com.kms.katalon.core.webui.keyword.internal.WebUIKeywordMain.runKeyword(WebUIKeywordMain.groovy:21)
	at com.kms.katalon.core.webui.keyword.builtin.VerifyElementPresentKeyword.verifyElementPresent(VerifyElementPresentKeyword.groovy:92)
	at com.kms.katalon.core.webui.keyword.builtin.VerifyElementPresentKeyword.execute(VerifyElementPresentKeyword.groovy:68)
	at com.kms.katalon.core.keyword.internal.KeywordExecutor.executeKeywordForPlatform(KeywordExecutor.groovy:53)
	at com.kms.katalon.core.webui.keyword.WebUiBuiltInKeywords.verifyElementPresent(WebUiBuiltInKeywords.groovy:1418)
	at com.kms.katalon.core.webui.keyword.WebUiBuiltInKeywords$verifyElementPresent$16.call(Unknown Source)
	at Price.run(Price:36)
	at com.kms.katalon.core.main.ScriptEngine.run(ScriptEngine.java:194)
	at com.kms.katalon.core.main.ScriptEngine.runScriptAsRawText(ScriptEngine.java:119)
	at com.kms.katalon.core.main.TestCaseExecutor.runScript(TestCaseExecutor.java:328)
	at com.kms.katalon.core.main.TestCaseExecutor.doExecute(TestCaseExecutor.java:319)
	at com.kms.katalon.core.main.TestCaseExecutor.processExecutionPhase(TestCaseExecutor.java:298)
	at com.kms.katalon.core.main.TestCaseExecutor.accessMainPhase(TestCaseExecutor.java:290)
	at com.kms.katalon.core.main.TestCaseExecutor.execute(TestCaseExecutor.java:224)
	at com.kms.katalon.core.main.TestSuiteExecutor.accessTestCaseMainPhase(TestSuiteExecutor.java:129)
	at com.kms.katalon.core.main.TestSuiteExecutor.accessTestSuiteMainPhase(TestSuiteExecutor.java:112)
	at com.kms.katalon.core.main.TestSuiteExecutor.execute(TestSuiteExecutor.java:81)
	at com.kms.katalon.core.main.TestCaseMain.startTestSuite(TestCaseMain.java:149)
	at com.kms.katalon.core.main.TestCaseMain$startTestSuite$0.call(Unknown Source)
	at TempTestSuite1558993457442.run(TempTestSuite1558993457442.groovy:36)


2019-05-27 17:57:51 - [MESSAGE][PASSED] - Actual object '34.10' and expected object '34.10' are equal

2019-05-27 17:57:51 - [MESSAGE][FAILED] - else FAILED.
Reason:
com.kms.katalon.core.exception.StepFailedException: com.kms.katalon.core.webui.exception.WebElementNotFoundException: Web element with id: 'Object Repository/OCS-MOBILE /Product page/Price/Price - Add to cart button' located by 'By.xpath: /html/body/div/div[3]/section/div[1]/div[2]/div[2]/form/button/span[2]' not found
	at com.kms.katalon.core.keyword.internal.KeywordMain.stepFailed(KeywordMain.groovy:32)
	at com.kms.katalon.core.webui.keyword.internal.WebUIKeywordMain.stepFailed(WebUIKeywordMain.groovy:65)
	at com.kms.katalon.core.webui.keyword.builtin.VerifyElementPresentKeyword$_verifyElementPresent_closure1.doCall(VerifyElementPresentKeyword.groovy:85)
	at com.kms.katalon.core.webui.keyword.builtin.VerifyElementPresentKeyword$_verifyElementPresent_closure1.call(VerifyElementPresentKeyword.groovy)
	at com.kms.katalon.core.webui.keyword.internal.WebUIKeywordMain.runKeyword(WebUIKeywordMain.groovy:21)
	at com.kms.katalon.core.webui.keyword.builtin.VerifyElementPresentKeyword.verifyElementPresent(VerifyElementPresentKeyword.groovy:92)
	at com.kms.katalon.core.webui.keyword.builtin.VerifyElementPresentKeyword.execute(VerifyElementPresentKeyword.groovy:68)
	at com.kms.katalon.core.keyword.internal.KeywordExecutor.executeKeywordForPlatform(KeywordExecutor.groovy:53)
	at com.kms.katalon.core.webui.keyword.WebUiBuiltInKeywords.verifyElementPresent(WebUiBuiltInKeywords.groovy:1418)
	at com.kms.katalon.core.webui.keyword.WebUiBuiltInKeywords$verifyElementPresent$16.call(Unknown Source)
	at Price.run(Price:36)
	at com.kms.katalon.core.main.ScriptEngine.run(ScriptEngine.java:194)
	at com.kms.katalon.core.main.ScriptEngine.runScriptAsRawText(ScriptEngine.java:119)
	at com.kms.katalon.core.main.TestCaseExecutor.runScript(TestCaseExecutor.java:328)
	at com.kms.katalon.core.main.TestCaseExecutor.doExecute(TestCaseExecutor.java:319)
	at com.kms.katalon.core.main.TestCaseExecutor.processExecutionPhase(TestCaseExecutor.java:298)
	at com.kms.katalon.core.main.TestCaseExecutor.accessMainPhase(TestCaseExecutor.java:290)
	at com.kms.katalon.core.main.TestCaseExecutor.execute(TestCaseExecutor.java:224)
	at com.kms.katalon.core.main.TestSuiteExecutor.accessTestCaseMainPhase(TestSuiteExecutor.java:129)
	at com.kms.katalon.core.main.TestSuiteExecutor.accessTestSuiteMainPhase(TestSuiteExecutor.java:112)
	at com.kms.katalon.core.main.TestSuiteExecutor.execute(TestSuiteExecutor.java:81)
	at com.kms.katalon.core.main.TestCaseMain.startTestSuite(TestCaseMain.java:149)
	at com.kms.katalon.core.main.TestCaseMain$startTestSuite$0.call(Unknown Source)
	at TempTestSuite1558993457442.run(TempTestSuite1558993457442.groovy:36)]]></system-out>
         <system-err><![CDATA[2019-05-27 17:56:22 - [TEST_CASE][FAILED] - Test Cases/OCS - MOBILE/OCS- PRODUCT PAGE/Price: Test Cases/OCS - MOBILE/OCS- PRODUCT PAGE/Price FAILED.
Reason:
com.kms.katalon.core.exception.StepFailedException: com.kms.katalon.core.webui.exception.WebElementNotFoundException: Web element with id: 'Object Repository/OCS-MOBILE /Product page/Price/Price - Add to cart button' located by 'By.xpath: /html/body/div/div[3]/section/div[1]/div[2]/div[2]/form/button/span[2]' not found
	at com.kms.katalon.core.keyword.internal.KeywordMain.stepFailed(KeywordMain.groovy:32)
	at com.kms.katalon.core.webui.keyword.internal.WebUIKeywordMain.stepFailed(WebUIKeywordMain.groovy:65)
	at com.kms.katalon.core.webui.keyword.builtin.VerifyElementPresentKeyword$_verifyElementPresent_closure1.doCall(VerifyElementPresentKeyword.groovy:85)
	at com.kms.katalon.core.webui.keyword.builtin.VerifyElementPresentKeyword$_verifyElementPresent_closure1.call(VerifyElementPresentKeyword.groovy)
	at com.kms.katalon.core.webui.keyword.internal.WebUIKeywordMain.runKeyword(WebUIKeywordMain.groovy:21)
	at com.kms.katalon.core.webui.keyword.builtin.VerifyElementPresentKeyword.verifyElementPresent(VerifyElementPresentKeyword.groovy:92)
	at com.kms.katalon.core.webui.keyword.builtin.VerifyElementPresentKeyword.execute(VerifyElementPresentKeyword.groovy:68)
	at com.kms.katalon.core.keyword.internal.KeywordExecutor.executeKeywordForPlatform(KeywordExecutor.groovy:53)
	at com.kms.katalon.core.webui.keyword.WebUiBuiltInKeywords.verifyElementPresent(WebUiBuiltInKeywords.groovy:1418)
	at com.kms.katalon.core.webui.keyword.WebUiBuiltInKeywords$verifyElementPresent$16.call(Unknown Source)
	at Price.run(Price:36)
	at com.kms.katalon.core.main.ScriptEngine.run(ScriptEngine.java:194)
	at com.kms.katalon.core.main.ScriptEngine.runScriptAsRawText(ScriptEngine.java:119)
	at com.kms.katalon.core.main.TestCaseExecutor.runScript(TestCaseExecutor.java:328)
	at com.kms.katalon.core.main.TestCaseExecutor.doExecute(TestCaseExecutor.java:319)
	at com.kms.katalon.core.main.TestCaseExecutor.processExecutionPhase(TestCaseExecutor.java:298)
	at com.kms.katalon.core.main.TestCaseExecutor.accessMainPhase(TestCaseExecutor.java:290)
	at com.kms.katalon.core.main.TestCaseExecutor.execute(TestCaseExecutor.java:224)
	at com.kms.katalon.core.main.TestSuiteExecutor.accessTestCaseMainPhase(TestSuiteExecutor.java:129)
	at com.kms.katalon.core.main.TestSuiteExecutor.accessTestSuiteMainPhase(TestSuiteExecutor.java:112)
	at com.kms.katalon.core.main.TestSuiteExecutor.execute(TestSuiteExecutor.java:81)
	at com.kms.katalon.core.main.TestCaseMain.startTestSuite(TestCaseMain.java:149)
	at com.kms.katalon.core.main.TestCaseMain$startTestSuite$0.call(Unknown Source)
	at TempTestSuite1558993457442.run(TempTestSuite1558993457442.groovy:36)]]></system-err>
      </testcase>
      <testcase name="Test Cases/OCS - MOBILE/OCS- PRODUCT PAGE/Learn More" classname="Test Cases/OCS - MOBILE/OCS- PRODUCT PAGE/Learn More" status="PASSED">
         <system-out><![CDATA[2019-05-27 17:57:51 - [TEST_CASE][PASSED] - Test Cases/OCS - MOBILE/OCS- PRODUCT PAGE/Learn More: Test Cases/OCS - MOBILE/OCS- PRODUCT PAGE/Learn More

2019-05-27 17:57:51 - [TEST_STEP][PASSED] - callTestCase(findTestCase("OCS - MOBILE/CALL - PDP"), [:], STOP_ON_FAILURE): Call Test Case 'Test Cases/OCS - MOBILE/CALL - PDP' successfully

2019-05-27 17:57:51 - [TEST_CASE][PASSED] - Test Cases/OCS - MOBILE/CALL - PDP: Test Cases/OCS - MOBILE/CALL - PDP

2019-05-27 17:57:51 - [TEST_STEP][PASSED] - openBrowser(""): Browser is opened with url: ''

2019-05-27 17:57:51 - [MESSAGE][WARNING] - A browser is already opened. Closing browser and opening a new one

2019-05-27 17:57:51 - [MESSAGE][INFO] - Starting 'Chrome' driver

2019-05-27 17:57:53 - [MESSAGE][PASSED] - Browser is opened with url: ''

2019-05-27 17:57:53 - [TEST_STEP][PASSED] - navigateToUrl("https://ocs.ca/?fts=0&preview_theme_id=53376026444"): Navigate to 'https://ocs.ca/?fts=0&preview_theme_id=53376026444' successfully

2019-05-27 17:57:58 - [MESSAGE][PASSED] - Navigate to 'https://ocs.ca/?fts=0&preview_theme_id=53376026444' successfully

2019-05-27 17:57:58 - [TEST_STEP][NOT_RUN] - executeJavaScript("var previewBar = document.getElementById("preview-bar-iframe"); previewBar.style.display = "none";", []): NOT_RUN: executeJavaScript("var previewBar = document.getElementById("preview-bar-iframe"); previewBar.style.display = "none";", [])

2019-05-27 17:57:58 - [MESSAGE][NOT_RUN] - NOT_RUN: executeJavaScript("var previewBar = document.getElementById("preview-bar-iframe"); previewBar.style.display = "none";", [])

2019-05-27 17:57:58 - [TEST_STEP][PASSED] - setViewPortSize(360, 800): Viewport is set to new size with width = 360 and height = 800

2019-05-27 17:57:58 - [MESSAGE][PASSED] - Viewport is set to new size with width = 360 and height = 800

2019-05-27 17:57:58 - [TEST_STEP][PASSED] - delay(4): Delayed 4 second(s)

2019-05-27 17:58:02 - [MESSAGE][PASSED] - Delayed 4 second(s)

2019-05-27 17:58:02 - [TEST_STEP][PASSED] - selectOptionByValue(findTestObject("OCS-MOBILE /Age gate and burger menu/Date"), "12", true): All options with value '12' are selected in object 'Object Repository/OCS-MOBILE /Age gate and burger menu/Date'  using regular expression

2019-05-27 17:58:03 - [MESSAGE][PASSED] - All options with value '12' are selected in object 'Object Repository/OCS-MOBILE /Age gate and burger menu/Date'  using regular expression

2019-05-27 17:58:03 - [TEST_STEP][PASSED] - selectOptionByValue(findTestObject("OCS-MOBILE /Age gate and burger menu/month"), "6", true): All options with value '6' are selected in object 'Object Repository/OCS-MOBILE /Age gate and burger menu/month'  using regular expression

2019-05-27 17:58:03 - [MESSAGE][PASSED] - All options with value '6' are selected in object 'Object Repository/OCS-MOBILE /Age gate and burger menu/month'  using regular expression

2019-05-27 17:58:03 - [TEST_STEP][PASSED] - delay(2): Delayed 2 second(s)

2019-05-27 17:58:05 - [MESSAGE][PASSED] - Delayed 2 second(s)

2019-05-27 17:58:05 - [TEST_STEP][PASSED] - selectOptionByValue(findTestObject("OCS-MOBILE /Age gate and burger menu/Year Dropdown"), "1990", true): All options with value '1990' are selected in object 'Object Repository/OCS-MOBILE /Age gate and burger menu/Year Dropdown'  using regular expression

2019-05-27 17:58:06 - [MESSAGE][PASSED] - All options with value '1990' are selected in object 'Object Repository/OCS-MOBILE /Age gate and burger menu/Year Dropdown'  using regular expression

2019-05-27 17:58:06 - [TEST_STEP][PASSED] - click(findTestObject("OCS-MOBILE /Age gate and burger menu/button_Verify")): Object: 'Object Repository/OCS-MOBILE /Age gate and burger menu/button_Verify' is clicked on

2019-05-27 17:58:06 - [MESSAGE][PASSED] - Object: 'Object Repository/OCS-MOBILE /Age gate and burger menu/button_Verify' is clicked on

2019-05-27 17:58:06 - [TEST_STEP][PASSED] - click(findTestObject("OCS-MOBILE /Age gate and burger menu/Checkbox_CONFIRM AND ACKNOWLEDGE")): Object: 'Object Repository/OCS-MOBILE /Age gate and burger menu/Checkbox_CONFIRM AND ACKNOWLEDGE' is clicked on

2019-05-27 17:58:06 - [MESSAGE][PASSED] - Object: 'Object Repository/OCS-MOBILE /Age gate and burger menu/Checkbox_CONFIRM AND ACKNOWLEDGE' is clicked on

2019-05-27 17:58:06 - [TEST_STEP][PASSED] - click(findTestObject("OCS-MOBILE /Age gate and burger menu/button_CONFIRM")): Object: 'Object Repository/OCS-MOBILE /Age gate and burger menu/button_CONFIRM' is clicked on

2019-05-27 17:58:06 - [MESSAGE][PASSED] - Object: 'Object Repository/OCS-MOBILE /Age gate and burger menu/button_CONFIRM' is clicked on

2019-05-27 17:58:06 - [TEST_STEP][PASSED] - click(findTestObject("OCS-MOBILE /Age gate and burger menu/button_Start Browsing")): Object: 'Object Repository/OCS-MOBILE /Age gate and burger menu/button_Start Browsing' is clicked on

2019-05-27 17:58:06 - [MESSAGE][PASSED] - Object: 'Object Repository/OCS-MOBILE /Age gate and burger menu/button_Start Browsing' is clicked on

2019-05-27 17:58:06 - [TEST_STEP][PASSED] - delay(2): Delayed 2 second(s)

2019-05-27 17:58:08 - [MESSAGE][PASSED] - Delayed 2 second(s)

2019-05-27 17:58:08 - [TEST_STEP][PASSED] - click(findTestObject("OCS-MOBILE /Age gate and burger menu/Burger menu - English")): Object: 'Object Repository/OCS-MOBILE /Age gate and burger menu/Burger menu - English' is clicked on

2019-05-27 17:58:08 - [MESSAGE][PASSED] - Object: 'Object Repository/OCS-MOBILE /Age gate and burger menu/Burger menu - English' is clicked on

2019-05-27 17:58:08 - [TEST_STEP][PASSED] - delay(2): Delayed 2 second(s)

2019-05-27 17:58:10 - [MESSAGE][PASSED] - Delayed 2 second(s)

2019-05-27 17:58:10 - [TEST_STEP][PASSED] - click(findTestObject("OCS-MOBILE /Age gate and burger menu/Chevron_Cannabis")): Object: 'Object Repository/OCS-MOBILE /Age gate and burger menu/Chevron_Cannabis' is clicked on

2019-05-27 17:58:11 - [MESSAGE][PASSED] - Object: 'Object Repository/OCS-MOBILE /Age gate and burger menu/Chevron_Cannabis' is clicked on

2019-05-27 17:58:11 - [TEST_STEP][PASSED] - delay(2): Delayed 2 second(s)

2019-05-27 17:58:13 - [MESSAGE][PASSED] - Delayed 2 second(s)

2019-05-27 17:58:13 - [TEST_STEP][PASSED] - click(findTestObject("OCS-MOBILE /Age gate and burger menu/Dried Flower_Plus icon")): Object: 'Object Repository/OCS-MOBILE /Age gate and burger menu/Dried Flower_Plus icon' is clicked on

2019-05-27 17:58:13 - [MESSAGE][PASSED] - Object: 'Object Repository/OCS-MOBILE /Age gate and burger menu/Dried Flower_Plus icon' is clicked on

2019-05-27 17:58:13 - [TEST_STEP][PASSED] - delay(2): Delayed 2 second(s)

2019-05-27 17:58:15 - [MESSAGE][PASSED] - Delayed 2 second(s)

2019-05-27 17:58:15 - [TEST_STEP][PASSED] - click(findTestObject("OCS-MOBILE /Age gate and burger menu/Indica Dominant_Menu item")): Object: 'Object Repository/OCS-MOBILE /Age gate and burger menu/Indica Dominant_Menu item' is clicked on

2019-05-27 17:58:17 - [MESSAGE][PASSED] - Object: 'Object Repository/OCS-MOBILE /Age gate and burger menu/Indica Dominant_Menu item' is clicked on

2019-05-27 17:58:17 - [TEST_STEP][PASSED] - delay(2): Delayed 2 second(s)

2019-05-27 17:58:19 - [MESSAGE][PASSED] - Delayed 2 second(s)

2019-05-27 17:58:19 - [TEST_STEP][PASSED] - click(findTestObject("OCS-MOBILE /Collection page/Product image - 1st one")): Object: 'Object Repository/OCS-MOBILE /Collection page/Product image - 1st one' is clicked on

2019-05-27 17:58:22 - [MESSAGE][PASSED] - Object: 'Object Repository/OCS-MOBILE /Collection page/Product image - 1st one' is clicked on

2019-05-27 17:58:22 - [TEST_STEP][PASSED] - delay(2): Delayed 2 second(s)

2019-05-27 17:58:24 - [MESSAGE][PASSED] - Delayed 2 second(s)

2019-05-27 17:58:24 - [TEST_STEP][PASSED] - executeJavaScript("var previewBar = document.getElementById("preview-bar-iframe"); previewBar.style.display = "none";", []): Execute JavaScript 'var previewBar = document.getElementById("preview-bar-iframe"); previewBar.style.display = "none";' successfully

2019-05-27 17:58:24 - [MESSAGE][PASSED] - Execute JavaScript 'var previewBar = document.getElementById("preview-bar-iframe"); previewBar.style.display = "none";' successfully

2019-05-27 17:58:24 - [MESSAGE][PASSED] - Call Test Case 'Test Cases/OCS - MOBILE/CALL - PDP' successfully

2019-05-27 17:58:24 - [TEST_STEP][PASSED] - scrollToElement(findTestObject("OCS-MOBILE /Product page/Product image"), 1): Scroll to object 'Object Repository/OCS-MOBILE /Product page/Product image' successfully

2019-05-27 17:58:24 - [MESSAGE][PASSED] - Scroll to object 'Object Repository/OCS-MOBILE /Product page/Product image' successfully

2019-05-27 17:58:24 - [TEST_STEP][PASSED] - click(findTestObject("OCS-MOBILE /Product page/Learn More - Link")): Object: 'Object Repository/OCS-MOBILE /Product page/Learn More - Link' is clicked on

2019-05-27 17:58:24 - [MESSAGE][PASSED] - Object: 'Object Repository/OCS-MOBILE /Product page/Learn More - Link' is clicked on

2019-05-27 17:58:24 - [TEST_STEP][PASSED] - verifyElementPresent(findTestObject("OCS-MOBILE /Product page/About Product - Table"), 1): Object 'Object Repository/OCS-MOBILE /Product page/About Product - Table' is present

2019-05-27 17:58:24 - [MESSAGE][PASSED] - Object 'Object Repository/OCS-MOBILE /Product page/About Product - Table' is present

2019-05-27 17:58:24 - [TEST_STEP][PASSED] - takeScreenshot(): Taking screenshot successfully

2019-05-27 17:58:24 - [MESSAGE][PASSED] - Taking screenshot successfully
[[ATTACHMENT|/Users/sumankompelly/Katalon Studio/OCS ( QA- 1.9.1 ) /Reports/QA ( 1.9.1)/HP, PROD , AG,COLL/20190527_174417/1558994304538.png]]]]></system-out>
         <system-err><![CDATA[]]></system-err>
      </testcase>
      <testcase name="Test Cases/OCS - MOBILE/OCS- PRODUCT PAGE/Recently viewed" classname="Test Cases/OCS - MOBILE/OCS- PRODUCT PAGE/Recently viewed" status="PASSED">
         <system-out><![CDATA[2019-05-27 17:58:24 - [TEST_CASE][PASSED] - Test Cases/OCS - MOBILE/OCS- PRODUCT PAGE/Recently viewed: Test Cases/OCS - MOBILE/OCS- PRODUCT PAGE/Recently viewed

2019-05-27 17:58:24 - [TEST_STEP][PASSED] - callTestCase(findTestCase("OCS - MOBILE/CALL - PDP"), [:], STOP_ON_FAILURE): Call Test Case 'Test Cases/OCS - MOBILE/CALL - PDP' successfully

2019-05-27 17:58:25 - [TEST_CASE][PASSED] - Test Cases/OCS - MOBILE/CALL - PDP: Test Cases/OCS - MOBILE/CALL - PDP

2019-05-27 17:58:25 - [TEST_STEP][PASSED] - openBrowser(""): Browser is opened with url: ''

2019-05-27 17:58:25 - [MESSAGE][WARNING] - A browser is already opened. Closing browser and opening a new one

2019-05-27 17:58:25 - [MESSAGE][INFO] - Starting 'Chrome' driver

2019-05-27 17:58:26 - [MESSAGE][PASSED] - Browser is opened with url: ''

2019-05-27 17:58:26 - [TEST_STEP][PASSED] - navigateToUrl("https://ocs.ca/?fts=0&preview_theme_id=53376026444"): Navigate to 'https://ocs.ca/?fts=0&preview_theme_id=53376026444' successfully

2019-05-27 17:58:32 - [MESSAGE][PASSED] - Navigate to 'https://ocs.ca/?fts=0&preview_theme_id=53376026444' successfully

2019-05-27 17:58:32 - [TEST_STEP][NOT_RUN] - executeJavaScript("var previewBar = document.getElementById("preview-bar-iframe"); previewBar.style.display = "none";", []): NOT_RUN: executeJavaScript("var previewBar = document.getElementById("preview-bar-iframe"); previewBar.style.display = "none";", [])

2019-05-27 17:58:32 - [MESSAGE][NOT_RUN] - NOT_RUN: executeJavaScript("var previewBar = document.getElementById("preview-bar-iframe"); previewBar.style.display = "none";", [])

2019-05-27 17:58:32 - [TEST_STEP][PASSED] - setViewPortSize(360, 800): Viewport is set to new size with width = 360 and height = 800

2019-05-27 17:58:32 - [MESSAGE][PASSED] - Viewport is set to new size with width = 360 and height = 800

2019-05-27 17:58:32 - [TEST_STEP][PASSED] - delay(4): Delayed 4 second(s)

2019-05-27 17:58:36 - [MESSAGE][PASSED] - Delayed 4 second(s)

2019-05-27 17:58:36 - [TEST_STEP][PASSED] - selectOptionByValue(findTestObject("OCS-MOBILE /Age gate and burger menu/Date"), "12", true): All options with value '12' are selected in object 'Object Repository/OCS-MOBILE /Age gate and burger menu/Date'  using regular expression

2019-05-27 17:58:36 - [MESSAGE][PASSED] - All options with value '12' are selected in object 'Object Repository/OCS-MOBILE /Age gate and burger menu/Date'  using regular expression

2019-05-27 17:58:36 - [TEST_STEP][PASSED] - selectOptionByValue(findTestObject("OCS-MOBILE /Age gate and burger menu/month"), "6", true): All options with value '6' are selected in object 'Object Repository/OCS-MOBILE /Age gate and burger menu/month'  using regular expression

2019-05-27 17:58:36 - [MESSAGE][PASSED] - All options with value '6' are selected in object 'Object Repository/OCS-MOBILE /Age gate and burger menu/month'  using regular expression

2019-05-27 17:58:36 - [TEST_STEP][PASSED] - delay(2): Delayed 2 second(s)

2019-05-27 17:58:38 - [MESSAGE][PASSED] - Delayed 2 second(s)

2019-05-27 17:58:38 - [TEST_STEP][PASSED] - selectOptionByValue(findTestObject("OCS-MOBILE /Age gate and burger menu/Year Dropdown"), "1990", true): All options with value '1990' are selected in object 'Object Repository/OCS-MOBILE /Age gate and burger menu/Year Dropdown'  using regular expression

2019-05-27 17:58:39 - [MESSAGE][PASSED] - All options with value '1990' are selected in object 'Object Repository/OCS-MOBILE /Age gate and burger menu/Year Dropdown'  using regular expression

2019-05-27 17:58:39 - [TEST_STEP][PASSED] - click(findTestObject("OCS-MOBILE /Age gate and burger menu/button_Verify")): Object: 'Object Repository/OCS-MOBILE /Age gate and burger menu/button_Verify' is clicked on

2019-05-27 17:58:39 - [MESSAGE][PASSED] - Object: 'Object Repository/OCS-MOBILE /Age gate and burger menu/button_Verify' is clicked on

2019-05-27 17:58:39 - [TEST_STEP][PASSED] - click(findTestObject("OCS-MOBILE /Age gate and burger menu/Checkbox_CONFIRM AND ACKNOWLEDGE")): Object: 'Object Repository/OCS-MOBILE /Age gate and burger menu/Checkbox_CONFIRM AND ACKNOWLEDGE' is clicked on

2019-05-27 17:58:40 - [MESSAGE][PASSED] - Object: 'Object Repository/OCS-MOBILE /Age gate and burger menu/Checkbox_CONFIRM AND ACKNOWLEDGE' is clicked on

2019-05-27 17:58:40 - [TEST_STEP][PASSED] - click(findTestObject("OCS-MOBILE /Age gate and burger menu/button_CONFIRM")): Object: 'Object Repository/OCS-MOBILE /Age gate and burger menu/button_CONFIRM' is clicked on

2019-05-27 17:58:40 - [MESSAGE][PASSED] - Object: 'Object Repository/OCS-MOBILE /Age gate and burger menu/button_CONFIRM' is clicked on

2019-05-27 17:58:40 - [TEST_STEP][PASSED] - click(findTestObject("OCS-MOBILE /Age gate and burger menu/button_Start Browsing")): Object: 'Object Repository/OCS-MOBILE /Age gate and burger menu/button_Start Browsing' is clicked on

2019-05-27 17:58:40 - [MESSAGE][PASSED] - Object: 'Object Repository/OCS-MOBILE /Age gate and burger menu/button_Start Browsing' is clicked on

2019-05-27 17:58:40 - [TEST_STEP][PASSED] - delay(2): Delayed 2 second(s)

2019-05-27 17:58:42 - [MESSAGE][PASSED] - Delayed 2 second(s)

2019-05-27 17:58:42 - [TEST_STEP][PASSED] - click(findTestObject("OCS-MOBILE /Age gate and burger menu/Burger menu - English")): Object: 'Object Repository/OCS-MOBILE /Age gate and burger menu/Burger menu - English' is clicked on

2019-05-27 17:58:42 - [MESSAGE][PASSED] - Object: 'Object Repository/OCS-MOBILE /Age gate and burger menu/Burger menu - English' is clicked on

2019-05-27 17:58:42 - [TEST_STEP][PASSED] - delay(2): Delayed 2 second(s)

2019-05-27 17:58:44 - [MESSAGE][PASSED] - Delayed 2 second(s)

2019-05-27 17:58:44 - [TEST_STEP][PASSED] - click(findTestObject("OCS-MOBILE /Age gate and burger menu/Chevron_Cannabis")): Object: 'Object Repository/OCS-MOBILE /Age gate and burger menu/Chevron_Cannabis' is clicked on

2019-05-27 17:58:44 - [MESSAGE][PASSED] - Object: 'Object Repository/OCS-MOBILE /Age gate and burger menu/Chevron_Cannabis' is clicked on

2019-05-27 17:58:44 - [TEST_STEP][PASSED] - delay(2): Delayed 2 second(s)

2019-05-27 17:58:46 - [MESSAGE][PASSED] - Delayed 2 second(s)

2019-05-27 17:58:46 - [TEST_STEP][PASSED] - click(findTestObject("OCS-MOBILE /Age gate and burger menu/Dried Flower_Plus icon")): Object: 'Object Repository/OCS-MOBILE /Age gate and burger menu/Dried Flower_Plus icon' is clicked on

2019-05-27 17:58:46 - [MESSAGE][PASSED] - Object: 'Object Repository/OCS-MOBILE /Age gate and burger menu/Dried Flower_Plus icon' is clicked on

2019-05-27 17:58:46 - [TEST_STEP][PASSED] - delay(2): Delayed 2 second(s)

2019-05-27 17:58:48 - [MESSAGE][PASSED] - Delayed 2 second(s)

2019-05-27 17:58:48 - [TEST_STEP][PASSED] - click(findTestObject("OCS-MOBILE /Age gate and burger menu/Indica Dominant_Menu item")): Object: 'Object Repository/OCS-MOBILE /Age gate and burger menu/Indica Dominant_Menu item' is clicked on

2019-05-27 17:58:51 - [MESSAGE][PASSED] - Object: 'Object Repository/OCS-MOBILE /Age gate and burger menu/Indica Dominant_Menu item' is clicked on

2019-05-27 17:58:51 - [TEST_STEP][PASSED] - delay(2): Delayed 2 second(s)

2019-05-27 17:58:53 - [MESSAGE][PASSED] - Delayed 2 second(s)

2019-05-27 17:58:53 - [TEST_STEP][PASSED] - click(findTestObject("OCS-MOBILE /Collection page/Product image - 1st one")): Object: 'Object Repository/OCS-MOBILE /Collection page/Product image - 1st one' is clicked on

2019-05-27 17:58:56 - [MESSAGE][PASSED] - Object: 'Object Repository/OCS-MOBILE /Collection page/Product image - 1st one' is clicked on

2019-05-27 17:58:56 - [TEST_STEP][PASSED] - delay(2): Delayed 2 second(s)

2019-05-27 17:58:58 - [MESSAGE][PASSED] - Delayed 2 second(s)

2019-05-27 17:58:58 - [TEST_STEP][PASSED] - executeJavaScript("var previewBar = document.getElementById("preview-bar-iframe"); previewBar.style.display = "none";", []): Execute JavaScript 'var previewBar = document.getElementById("preview-bar-iframe"); previewBar.style.display = "none";' successfully

2019-05-27 17:58:58 - [MESSAGE][PASSED] - Execute JavaScript 'var previewBar = document.getElementById("preview-bar-iframe"); previewBar.style.display = "none";' successfully

2019-05-27 17:58:58 - [MESSAGE][PASSED] - Call Test Case 'Test Cases/OCS - MOBILE/CALL - PDP' successfully

2019-05-27 17:58:58 - [TEST_STEP][PASSED] - a = getWindowTitle(): Current window's title is: 'Shishkaberry | Ontario Cannabis Store'

2019-05-27 17:58:58 - [MESSAGE][PASSED] - Current window's title is: 'Shishkaberry | Ontario Cannabis Store'

2019-05-27 17:58:58 - [TEST_STEP][PASSED] - comment("WINDOW TITLE: " + a): WINDOW TITLE: Shishkaberry | Ontario Cannabis Store

2019-05-27 17:58:58 - [MESSAGE][INFO] - WINDOW TITLE: Shishkaberry | Ontario Cannabis Store

2019-05-27 17:58:58 - [TEST_STEP][PASSED] - scrollToElement(findTestObject("OCS-MOBILE /Product page/How to choose cannabis product - Button"), 2): Scroll to object 'Object Repository/OCS-MOBILE /Product page/How to choose cannabis product - Button' successfully

2019-05-27 17:58:58 - [MESSAGE][PASSED] - Scroll to object 'Object Repository/OCS-MOBILE /Product page/How to choose cannabis product - Button' successfully

2019-05-27 17:58:58 - [TEST_STEP][PASSED] - click(findTestObject("OCS-MOBILE /Product page/Recently Viewed/1st Product - Image")): Object: 'Object Repository/OCS-MOBILE /Product page/Recently Viewed/1st Product - Image' is clicked on

2019-05-27 17:59:01 - [MESSAGE][PASSED] - Object: 'Object Repository/OCS-MOBILE /Product page/Recently Viewed/1st Product - Image' is clicked on

2019-05-27 17:59:01 - [TEST_STEP][PASSED] - delay(2): Delayed 2 second(s)

2019-05-27 17:59:03 - [MESSAGE][PASSED] - Delayed 2 second(s)

2019-05-27 17:59:03 - [TEST_STEP][PASSED] - b = getWindowTitle(): Current window's title is: 'Shishkaberry | Ontario Cannabis Store'

2019-05-27 17:59:03 - [MESSAGE][PASSED] - Current window's title is: 'Shishkaberry | Ontario Cannabis Store'

2019-05-27 17:59:03 - [TEST_STEP][PASSED] - comment("WINDOW TITLE:" + b): WINDOW TITLE:Shishkaberry | Ontario Cannabis Store

2019-05-27 17:59:03 - [MESSAGE][INFO] - WINDOW TITLE:Shishkaberry | Ontario Cannabis Store

2019-05-27 17:59:03 - [TEST_STEP][PASSED] - if (a == b): WINDOW TITLES ARE SAME

2019-05-27 17:59:03 - [TEST_STEP][PASSED] - comment("WINDOW TITLES ARE SAME"): WINDOW TITLES ARE SAME

2019-05-27 17:59:03 - [MESSAGE][INFO] - WINDOW TITLES ARE SAME]]></system-out>
         <system-err><![CDATA[]]></system-err>
      </testcase>
      <testcase name="Test Cases/OCS - MOBILE/OCS- PRODUCT PAGE/variants selector" classname="Test Cases/OCS - MOBILE/OCS- PRODUCT PAGE/variants selector" status="PASSED">
         <system-out><![CDATA[2019-05-27 17:59:03 - [TEST_CASE][PASSED] - Test Cases/OCS - MOBILE/OCS- PRODUCT PAGE/variants selector: Test Cases/OCS - MOBILE/OCS- PRODUCT PAGE/variants selector

2019-05-27 17:59:03 - [TEST_STEP][PASSED] - callTestCase(findTestCase("OCS - MOBILE/CALL - PDP"), [:], STOP_ON_FAILURE): Call Test Case 'Test Cases/OCS - MOBILE/CALL - PDP' successfully

2019-05-27 17:59:03 - [TEST_CASE][PASSED] - Test Cases/OCS - MOBILE/CALL - PDP: Test Cases/OCS - MOBILE/CALL - PDP

2019-05-27 17:59:03 - [TEST_STEP][PASSED] - openBrowser(""): Browser is opened with url: ''

2019-05-27 17:59:03 - [MESSAGE][WARNING] - A browser is already opened. Closing browser and opening a new one

2019-05-27 17:59:03 - [MESSAGE][INFO] - Starting 'Chrome' driver

2019-05-27 17:59:05 - [MESSAGE][PASSED] - Browser is opened with url: ''

2019-05-27 17:59:05 - [TEST_STEP][PASSED] - navigateToUrl("https://ocs.ca/?fts=0&preview_theme_id=53376026444"): Navigate to 'https://ocs.ca/?fts=0&preview_theme_id=53376026444' successfully

2019-05-27 17:59:11 - [MESSAGE][PASSED] - Navigate to 'https://ocs.ca/?fts=0&preview_theme_id=53376026444' successfully

2019-05-27 17:59:11 - [TEST_STEP][NOT_RUN] - executeJavaScript("var previewBar = document.getElementById("preview-bar-iframe"); previewBar.style.display = "none";", []): NOT_RUN: executeJavaScript("var previewBar = document.getElementById("preview-bar-iframe"); previewBar.style.display = "none";", [])

2019-05-27 17:59:11 - [MESSAGE][NOT_RUN] - NOT_RUN: executeJavaScript("var previewBar = document.getElementById("preview-bar-iframe"); previewBar.style.display = "none";", [])

2019-05-27 17:59:11 - [TEST_STEP][PASSED] - setViewPortSize(360, 800): Viewport is set to new size with width = 360 and height = 800

2019-05-27 17:59:11 - [MESSAGE][PASSED] - Viewport is set to new size with width = 360 and height = 800

2019-05-27 17:59:11 - [TEST_STEP][PASSED] - delay(4): Delayed 4 second(s)

2019-05-27 17:59:15 - [MESSAGE][PASSED] - Delayed 4 second(s)

2019-05-27 17:59:15 - [TEST_STEP][PASSED] - selectOptionByValue(findTestObject("OCS-MOBILE /Age gate and burger menu/Date"), "12", true): All options with value '12' are selected in object 'Object Repository/OCS-MOBILE /Age gate and burger menu/Date'  using regular expression

2019-05-27 17:59:15 - [MESSAGE][PASSED] - All options with value '12' are selected in object 'Object Repository/OCS-MOBILE /Age gate and burger menu/Date'  using regular expression

2019-05-27 17:59:15 - [TEST_STEP][PASSED] - selectOptionByValue(findTestObject("OCS-MOBILE /Age gate and burger menu/month"), "6", true): All options with value '6' are selected in object 'Object Repository/OCS-MOBILE /Age gate and burger menu/month'  using regular expression

2019-05-27 17:59:15 - [MESSAGE][PASSED] - All options with value '6' are selected in object 'Object Repository/OCS-MOBILE /Age gate and burger menu/month'  using regular expression

2019-05-27 17:59:15 - [TEST_STEP][PASSED] - delay(2): Delayed 2 second(s)

2019-05-27 17:59:17 - [MESSAGE][PASSED] - Delayed 2 second(s)

2019-05-27 17:59:17 - [TEST_STEP][PASSED] - selectOptionByValue(findTestObject("OCS-MOBILE /Age gate and burger menu/Year Dropdown"), "1990", true): All options with value '1990' are selected in object 'Object Repository/OCS-MOBILE /Age gate and burger menu/Year Dropdown'  using regular expression

2019-05-27 17:59:18 - [MESSAGE][PASSED] - All options with value '1990' are selected in object 'Object Repository/OCS-MOBILE /Age gate and burger menu/Year Dropdown'  using regular expression

2019-05-27 17:59:18 - [TEST_STEP][PASSED] - click(findTestObject("OCS-MOBILE /Age gate and burger menu/button_Verify")): Object: 'Object Repository/OCS-MOBILE /Age gate and burger menu/button_Verify' is clicked on

2019-05-27 17:59:18 - [MESSAGE][PASSED] - Object: 'Object Repository/OCS-MOBILE /Age gate and burger menu/button_Verify' is clicked on

2019-05-27 17:59:18 - [TEST_STEP][PASSED] - click(findTestObject("OCS-MOBILE /Age gate and burger menu/Checkbox_CONFIRM AND ACKNOWLEDGE")): Object: 'Object Repository/OCS-MOBILE /Age gate and burger menu/Checkbox_CONFIRM AND ACKNOWLEDGE' is clicked on

2019-05-27 17:59:18 - [MESSAGE][PASSED] - Object: 'Object Repository/OCS-MOBILE /Age gate and burger menu/Checkbox_CONFIRM AND ACKNOWLEDGE' is clicked on

2019-05-27 17:59:18 - [TEST_STEP][PASSED] - click(findTestObject("OCS-MOBILE /Age gate and burger menu/button_CONFIRM")): Object: 'Object Repository/OCS-MOBILE /Age gate and burger menu/button_CONFIRM' is clicked on

2019-05-27 17:59:18 - [MESSAGE][PASSED] - Object: 'Object Repository/OCS-MOBILE /Age gate and burger menu/button_CONFIRM' is clicked on

2019-05-27 17:59:18 - [TEST_STEP][PASSED] - click(findTestObject("OCS-MOBILE /Age gate and burger menu/button_Start Browsing")): Object: 'Object Repository/OCS-MOBILE /Age gate and burger menu/button_Start Browsing' is clicked on

2019-05-27 17:59:19 - [MESSAGE][PASSED] - Object: 'Object Repository/OCS-MOBILE /Age gate and burger menu/button_Start Browsing' is clicked on

2019-05-27 17:59:19 - [TEST_STEP][PASSED] - delay(2): Delayed 2 second(s)

2019-05-27 17:59:21 - [MESSAGE][PASSED] - Delayed 2 second(s)

2019-05-27 17:59:21 - [TEST_STEP][PASSED] - click(findTestObject("OCS-MOBILE /Age gate and burger menu/Burger menu - English")): Object: 'Object Repository/OCS-MOBILE /Age gate and burger menu/Burger menu - English' is clicked on

2019-05-27 17:59:21 - [MESSAGE][PASSED] - Object: 'Object Repository/OCS-MOBILE /Age gate and burger menu/Burger menu - English' is clicked on

2019-05-27 17:59:21 - [TEST_STEP][PASSED] - delay(2): Delayed 2 second(s)

2019-05-27 17:59:23 - [MESSAGE][PASSED] - Delayed 2 second(s)

2019-05-27 17:59:23 - [TEST_STEP][PASSED] - click(findTestObject("OCS-MOBILE /Age gate and burger menu/Chevron_Cannabis")): Object: 'Object Repository/OCS-MOBILE /Age gate and burger menu/Chevron_Cannabis' is clicked on

2019-05-27 17:59:23 - [MESSAGE][PASSED] - Object: 'Object Repository/OCS-MOBILE /Age gate and burger menu/Chevron_Cannabis' is clicked on

2019-05-27 17:59:23 - [TEST_STEP][PASSED] - delay(2): Delayed 2 second(s)

2019-05-27 17:59:25 - [MESSAGE][PASSED] - Delayed 2 second(s)

2019-05-27 17:59:25 - [TEST_STEP][PASSED] - click(findTestObject("OCS-MOBILE /Age gate and burger menu/Dried Flower_Plus icon")): Object: 'Object Repository/OCS-MOBILE /Age gate and burger menu/Dried Flower_Plus icon' is clicked on

2019-05-27 17:59:25 - [MESSAGE][PASSED] - Object: 'Object Repository/OCS-MOBILE /Age gate and burger menu/Dried Flower_Plus icon' is clicked on

2019-05-27 17:59:25 - [TEST_STEP][PASSED] - delay(2): Delayed 2 second(s)

2019-05-27 17:59:27 - [MESSAGE][PASSED] - Delayed 2 second(s)

2019-05-27 17:59:27 - [TEST_STEP][PASSED] - click(findTestObject("OCS-MOBILE /Age gate and burger menu/Indica Dominant_Menu item")): Object: 'Object Repository/OCS-MOBILE /Age gate and burger menu/Indica Dominant_Menu item' is clicked on

2019-05-27 17:59:30 - [MESSAGE][PASSED] - Object: 'Object Repository/OCS-MOBILE /Age gate and burger menu/Indica Dominant_Menu item' is clicked on

2019-05-27 17:59:30 - [TEST_STEP][PASSED] - delay(2): Delayed 2 second(s)

2019-05-27 17:59:32 - [MESSAGE][PASSED] - Delayed 2 second(s)

2019-05-27 17:59:32 - [TEST_STEP][PASSED] - click(findTestObject("OCS-MOBILE /Collection page/Product image - 1st one")): Object: 'Object Repository/OCS-MOBILE /Collection page/Product image - 1st one' is clicked on

2019-05-27 17:59:36 - [MESSAGE][PASSED] - Object: 'Object Repository/OCS-MOBILE /Collection page/Product image - 1st one' is clicked on

2019-05-27 17:59:36 - [TEST_STEP][PASSED] - delay(2): Delayed 2 second(s)

2019-05-27 17:59:38 - [MESSAGE][PASSED] - Delayed 2 second(s)

2019-05-27 17:59:38 - [TEST_STEP][PASSED] - executeJavaScript("var previewBar = document.getElementById("preview-bar-iframe"); previewBar.style.display = "none";", []): Execute JavaScript 'var previewBar = document.getElementById("preview-bar-iframe"); previewBar.style.display = "none";' successfully

2019-05-27 17:59:38 - [MESSAGE][PASSED] - Execute JavaScript 'var previewBar = document.getElementById("preview-bar-iframe"); previewBar.style.display = "none";' successfully

2019-05-27 17:59:38 - [MESSAGE][PASSED] - Call Test Case 'Test Cases/OCS - MOBILE/CALL - PDP' successfully

2019-05-27 17:59:38 - [TEST_STEP][PASSED] - navigateToUrl("https://ocs.ca/products/lola-montes-edison"): Navigate to 'https://ocs.ca/products/lola-montes-edison' successfully

2019-05-27 17:59:43 - [MESSAGE][PASSED] - Navigate to 'https://ocs.ca/products/lola-montes-edison' successfully

2019-05-27 17:59:43 - [TEST_STEP][PASSED] - executeJavaScript("var previewBar = document.getElementById("preview-bar-iframe"); previewBar.style.display = "none";", []): Execute JavaScript 'var previewBar = document.getElementById("preview-bar-iframe"); previewBar.style.display = "none";' successfully

2019-05-27 17:59:43 - [MESSAGE][PASSED] - Execute JavaScript 'var previewBar = document.getElementById("preview-bar-iframe"); previewBar.style.display = "none";' successfully

2019-05-27 17:59:43 - [TEST_STEP][PASSED] - delay(2): Delayed 2 second(s)

2019-05-27 17:59:45 - [MESSAGE][PASSED] - Delayed 2 second(s)

2019-05-27 17:59:45 - [TEST_STEP][PASSED] - scrollToElement(findTestObject("OCS-MOBILE /Product page/Product image"), 1): Scroll to object 'Object Repository/OCS-MOBILE /Product page/Product image' successfully

2019-05-27 17:59:45 - [MESSAGE][PASSED] - Scroll to object 'Object Repository/OCS-MOBILE /Product page/Product image' successfully

2019-05-27 17:59:45 - [TEST_STEP][PASSED] - delay(2): Delayed 2 second(s)

2019-05-27 17:59:47 - [MESSAGE][PASSED] - Delayed 2 second(s)

2019-05-27 17:59:47 - [TEST_STEP][PASSED] - flag1 = verifyElementClickable(findTestObject("OCS-MOBILE /Product page/Swatch_1g")): Object 'Object Repository/OCS-MOBILE /Product page/Swatch_1g' is clickable

2019-05-27 17:59:47 - [MESSAGE][PASSED] - Object 'Object Repository/OCS-MOBILE /Product page/Swatch_1g' is clickable

2019-05-27 17:59:47 - [TEST_STEP][PASSED] - comment("flag1=" + flag1): flag1=true

2019-05-27 17:59:47 - [MESSAGE][INFO] - flag1=true

2019-05-27 17:59:47 - [TEST_STEP][PASSED] - if (flag1 == true): Delayed 1 second(s)

2019-05-27 17:59:47 - [TEST_STEP][PASSED] - delay(2): Delayed 2 second(s)

2019-05-27 17:59:49 - [MESSAGE][PASSED] - Delayed 2 second(s)

2019-05-27 17:59:49 - [TEST_STEP][PASSED] - click(findTestObject("OCS-MOBILE /Product page/Swatch_1g"), CONTINUE_ON_FAILURE): Object: 'Object Repository/OCS-MOBILE /Product page/Swatch_1g' is clicked on

2019-05-27 17:59:49 - [MESSAGE][PASSED] - Object: 'Object Repository/OCS-MOBILE /Product page/Swatch_1g' is clicked on

2019-05-27 17:59:49 - [TEST_STEP][PASSED] - delay(3): Delayed 3 second(s)

2019-05-27 17:59:52 - [MESSAGE][PASSED] - Delayed 3 second(s)

2019-05-27 17:59:52 - [TEST_STEP][PASSED] - delay(1): Delayed 1 second(s)

2019-05-27 17:59:53 - [MESSAGE][PASSED] - Delayed 1 second(s)

2019-05-27 17:59:53 - [TEST_STEP][PASSED] - takeScreenshot(): Taking screenshot successfully

2019-05-27 17:59:53 - [MESSAGE][PASSED] - Taking screenshot successfully
[[ATTACHMENT|/Users/sumankompelly/Katalon Studio/OCS ( QA- 1.9.1 ) /Reports/QA ( 1.9.1)/HP, PROD , AG,COLL/20190527_174417/1558994393261.png]]

2019-05-27 17:59:53 - [TEST_STEP][PASSED] - delay(1): Delayed 1 second(s)

2019-05-27 17:59:54 - [MESSAGE][PASSED] - Delayed 1 second(s)

2019-05-27 17:59:54 - [TEST_STEP][PASSED] - flag2 = verifyElementClickable(findTestObject("OCS-MOBILE /Product page/Swatch_3.5g")): Object 'Object Repository/OCS-MOBILE /Product page/Swatch_3.5g' is clickable

2019-05-27 17:59:54 - [MESSAGE][PASSED] - Object 'Object Repository/OCS-MOBILE /Product page/Swatch_3.5g' is clickable

2019-05-27 17:59:54 - [TEST_STEP][PASSED] - comment("flag2=" + flag2): flag2=true

2019-05-27 17:59:54 - [MESSAGE][INFO] - flag2=true

2019-05-27 17:59:54 - [TEST_STEP][PASSED] - if (flag2 == true): Delayed 1 second(s)

2019-05-27 17:59:54 - [TEST_STEP][PASSED] - click(findTestObject("OCS-MOBILE /Product page/Swatch_3.5g"), CONTINUE_ON_FAILURE): Object: 'Object Repository/OCS-MOBILE /Product page/Swatch_3.5g' is clicked on

2019-05-27 17:59:54 - [MESSAGE][PASSED] - Object: 'Object Repository/OCS-MOBILE /Product page/Swatch_3.5g' is clicked on

2019-05-27 17:59:54 - [TEST_STEP][PASSED] - delay(1): Delayed 1 second(s)

2019-05-27 17:59:55 - [MESSAGE][PASSED] - Delayed 1 second(s)

2019-05-27 17:59:55 - [TEST_STEP][PASSED] - takeScreenshot(): Taking screenshot successfully

2019-05-27 17:59:55 - [MESSAGE][PASSED] - Taking screenshot successfully
[[ATTACHMENT|/Users/sumankompelly/Katalon Studio/OCS ( QA- 1.9.1 ) /Reports/QA ( 1.9.1)/HP, PROD , AG,COLL/20190527_174417/1558994395665.png]]

2019-05-27 17:59:55 - [TEST_STEP][PASSED] - delay(1): Delayed 1 second(s)

2019-05-27 17:59:56 - [MESSAGE][PASSED] - Delayed 1 second(s)

2019-05-27 17:59:56 - [TEST_STEP][PASSED] - flag3 = verifyElementClickable(findTestObject("OCS-MOBILE /Product page/Swatch_7g")): Object 'Object Repository/OCS-MOBILE /Product page/Swatch_7g' is clickable

2019-05-27 17:59:56 - [MESSAGE][PASSED] - Object 'Object Repository/OCS-MOBILE /Product page/Swatch_7g' is clickable

2019-05-27 17:59:56 - [TEST_STEP][PASSED] - comment("flag3=" + flag3): flag3=true

2019-05-27 17:59:56 - [MESSAGE][INFO] - flag3=true

2019-05-27 17:59:56 - [TEST_STEP][PASSED] - if (flag3 == true): NOT_RUN: closeBrowser()

2019-05-27 17:59:56 - [TEST_STEP][PASSED] - click(findTestObject("OCS-MOBILE /Product page/Swatch_7g"), CONTINUE_ON_FAILURE): Object: 'Object Repository/OCS-MOBILE /Product page/Swatch_7g' is clicked on

2019-05-27 17:59:57 - [MESSAGE][PASSED] - Object: 'Object Repository/OCS-MOBILE /Product page/Swatch_7g' is clicked on

2019-05-27 17:59:57 - [TEST_STEP][PASSED] - delay(1): Delayed 1 second(s)

2019-05-27 17:59:58 - [MESSAGE][PASSED] - Delayed 1 second(s)

2019-05-27 17:59:58 - [TEST_STEP][PASSED] - takeScreenshot(): Taking screenshot successfully

2019-05-27 17:59:58 - [MESSAGE][PASSED] - Taking screenshot successfully
[[ATTACHMENT|/Users/sumankompelly/Katalon Studio/OCS ( QA- 1.9.1 ) /Reports/QA ( 1.9.1)/HP, PROD , AG,COLL/20190527_174417/1558994398028.png]]

2019-05-27 17:59:58 - [TEST_STEP][PASSED] - delay(1): Delayed 1 second(s)

2019-05-27 17:59:59 - [MESSAGE][PASSED] - Delayed 1 second(s)

2019-05-27 17:59:59 - [TEST_STEP][NOT_RUN] - closeBrowser(): NOT_RUN: closeBrowser()

2019-05-27 17:59:59 - [MESSAGE][NOT_RUN] - NOT_RUN: closeBrowser()]]></system-out>
         <system-err><![CDATA[]]></system-err>
      </testcase>
      <testcase name="Test Cases/OCS - MOBILE/OCS- PRODUCT PAGE/How to choose cannbis products" classname="Test Cases/OCS - MOBILE/OCS- PRODUCT PAGE/How to choose cannbis products" status="PASSED">
         <system-out><![CDATA[2019-05-27 17:59:59 - [TEST_CASE][PASSED] - Test Cases/OCS - MOBILE/OCS- PRODUCT PAGE/How to choose cannbis products: Test Cases/OCS - MOBILE/OCS- PRODUCT PAGE/How to choose cannbis products

2019-05-27 17:59:59 - [TEST_STEP][PASSED] - callTestCase(findTestCase("OCS - MOBILE/CALL - PDP"), [:], STOP_ON_FAILURE): Call Test Case 'Test Cases/OCS - MOBILE/CALL - PDP' successfully

2019-05-27 17:59:59 - [TEST_CASE][PASSED] - Test Cases/OCS - MOBILE/CALL - PDP: Test Cases/OCS - MOBILE/CALL - PDP

2019-05-27 17:59:59 - [TEST_STEP][PASSED] - openBrowser(""): Browser is opened with url: ''

2019-05-27 17:59:59 - [MESSAGE][WARNING] - A browser is already opened. Closing browser and opening a new one

2019-05-27 17:59:59 - [MESSAGE][INFO] - Starting 'Chrome' driver

2019-05-27 18:00:00 - [MESSAGE][PASSED] - Browser is opened with url: ''

2019-05-27 18:00:00 - [TEST_STEP][PASSED] - navigateToUrl("https://ocs.ca/?fts=0&preview_theme_id=53376026444"): Navigate to 'https://ocs.ca/?fts=0&preview_theme_id=53376026444' successfully

2019-05-27 18:00:08 - [MESSAGE][PASSED] - Navigate to 'https://ocs.ca/?fts=0&preview_theme_id=53376026444' successfully

2019-05-27 18:00:08 - [TEST_STEP][NOT_RUN] - executeJavaScript("var previewBar = document.getElementById("preview-bar-iframe"); previewBar.style.display = "none";", []): NOT_RUN: executeJavaScript("var previewBar = document.getElementById("preview-bar-iframe"); previewBar.style.display = "none";", [])

2019-05-27 18:00:08 - [MESSAGE][NOT_RUN] - NOT_RUN: executeJavaScript("var previewBar = document.getElementById("preview-bar-iframe"); previewBar.style.display = "none";", [])

2019-05-27 18:00:08 - [TEST_STEP][PASSED] - setViewPortSize(360, 800): Viewport is set to new size with width = 360 and height = 800

2019-05-27 18:00:08 - [MESSAGE][PASSED] - Viewport is set to new size with width = 360 and height = 800

2019-05-27 18:00:08 - [TEST_STEP][PASSED] - delay(4): Delayed 4 second(s)

2019-05-27 18:00:12 - [MESSAGE][PASSED] - Delayed 4 second(s)

2019-05-27 18:00:12 - [TEST_STEP][PASSED] - selectOptionByValue(findTestObject("OCS-MOBILE /Age gate and burger menu/Date"), "12", true): All options with value '12' are selected in object 'Object Repository/OCS-MOBILE /Age gate and burger menu/Date'  using regular expression

2019-05-27 18:00:13 - [MESSAGE][PASSED] - All options with value '12' are selected in object 'Object Repository/OCS-MOBILE /Age gate and burger menu/Date'  using regular expression

2019-05-27 18:00:13 - [TEST_STEP][PASSED] - selectOptionByValue(findTestObject("OCS-MOBILE /Age gate and burger menu/month"), "6", true): All options with value '6' are selected in object 'Object Repository/OCS-MOBILE /Age gate and burger menu/month'  using regular expression

2019-05-27 18:00:13 - [MESSAGE][PASSED] - All options with value '6' are selected in object 'Object Repository/OCS-MOBILE /Age gate and burger menu/month'  using regular expression

2019-05-27 18:00:13 - [TEST_STEP][PASSED] - delay(2): Delayed 2 second(s)

2019-05-27 18:00:15 - [MESSAGE][PASSED] - Delayed 2 second(s)

2019-05-27 18:00:15 - [TEST_STEP][PASSED] - selectOptionByValue(findTestObject("OCS-MOBILE /Age gate and burger menu/Year Dropdown"), "1990", true): All options with value '1990' are selected in object 'Object Repository/OCS-MOBILE /Age gate and burger menu/Year Dropdown'  using regular expression

2019-05-27 18:00:16 - [MESSAGE][PASSED] - All options with value '1990' are selected in object 'Object Repository/OCS-MOBILE /Age gate and burger menu/Year Dropdown'  using regular expression

2019-05-27 18:00:16 - [TEST_STEP][PASSED] - click(findTestObject("OCS-MOBILE /Age gate and burger menu/button_Verify")): Object: 'Object Repository/OCS-MOBILE /Age gate and burger menu/button_Verify' is clicked on

2019-05-27 18:00:16 - [MESSAGE][PASSED] - Object: 'Object Repository/OCS-MOBILE /Age gate and burger menu/button_Verify' is clicked on

2019-05-27 18:00:16 - [TEST_STEP][PASSED] - click(findTestObject("OCS-MOBILE /Age gate and burger menu/Checkbox_CONFIRM AND ACKNOWLEDGE")): Object: 'Object Repository/OCS-MOBILE /Age gate and burger menu/Checkbox_CONFIRM AND ACKNOWLEDGE' is clicked on

2019-05-27 18:00:16 - [MESSAGE][PASSED] - Object: 'Object Repository/OCS-MOBILE /Age gate and burger menu/Checkbox_CONFIRM AND ACKNOWLEDGE' is clicked on

2019-05-27 18:00:16 - [TEST_STEP][PASSED] - click(findTestObject("OCS-MOBILE /Age gate and burger menu/button_CONFIRM")): Object: 'Object Repository/OCS-MOBILE /Age gate and burger menu/button_CONFIRM' is clicked on

2019-05-27 18:00:16 - [MESSAGE][PASSED] - Object: 'Object Repository/OCS-MOBILE /Age gate and burger menu/button_CONFIRM' is clicked on

2019-05-27 18:00:16 - [TEST_STEP][PASSED] - click(findTestObject("OCS-MOBILE /Age gate and burger menu/button_Start Browsing")): Object: 'Object Repository/OCS-MOBILE /Age gate and burger menu/button_Start Browsing' is clicked on

2019-05-27 18:00:16 - [MESSAGE][PASSED] - Object: 'Object Repository/OCS-MOBILE /Age gate and burger menu/button_Start Browsing' is clicked on

2019-05-27 18:00:16 - [TEST_STEP][PASSED] - delay(2): Delayed 2 second(s)

2019-05-27 18:00:18 - [MESSAGE][PASSED] - Delayed 2 second(s)

2019-05-27 18:00:18 - [TEST_STEP][PASSED] - click(findTestObject("OCS-MOBILE /Age gate and burger menu/Burger menu - English")): Object: 'Object Repository/OCS-MOBILE /Age gate and burger menu/Burger menu - English' is clicked on

2019-05-27 18:00:18 - [MESSAGE][PASSED] - Object: 'Object Repository/OCS-MOBILE /Age gate and burger menu/Burger menu - English' is clicked on

2019-05-27 18:00:18 - [TEST_STEP][PASSED] - delay(2): Delayed 2 second(s)

2019-05-27 18:00:20 - [MESSAGE][PASSED] - Delayed 2 second(s)

2019-05-27 18:00:20 - [TEST_STEP][PASSED] - click(findTestObject("OCS-MOBILE /Age gate and burger menu/Chevron_Cannabis")): Object: 'Object Repository/OCS-MOBILE /Age gate and burger menu/Chevron_Cannabis' is clicked on

2019-05-27 18:00:20 - [MESSAGE][PASSED] - Object: 'Object Repository/OCS-MOBILE /Age gate and burger menu/Chevron_Cannabis' is clicked on

2019-05-27 18:00:20 - [TEST_STEP][PASSED] - delay(2): Delayed 2 second(s)

2019-05-27 18:00:22 - [MESSAGE][PASSED] - Delayed 2 second(s)

2019-05-27 18:00:22 - [TEST_STEP][PASSED] - click(findTestObject("OCS-MOBILE /Age gate and burger menu/Dried Flower_Plus icon")): Object: 'Object Repository/OCS-MOBILE /Age gate and burger menu/Dried Flower_Plus icon' is clicked on

2019-05-27 18:00:22 - [MESSAGE][PASSED] - Object: 'Object Repository/OCS-MOBILE /Age gate and burger menu/Dried Flower_Plus icon' is clicked on

2019-05-27 18:00:22 - [TEST_STEP][PASSED] - delay(2): Delayed 2 second(s)

2019-05-27 18:00:24 - [MESSAGE][PASSED] - Delayed 2 second(s)

2019-05-27 18:00:24 - [TEST_STEP][PASSED] - click(findTestObject("OCS-MOBILE /Age gate and burger menu/Indica Dominant_Menu item")): Object: 'Object Repository/OCS-MOBILE /Age gate and burger menu/Indica Dominant_Menu item' is clicked on

2019-05-27 18:00:27 - [MESSAGE][PASSED] - Object: 'Object Repository/OCS-MOBILE /Age gate and burger menu/Indica Dominant_Menu item' is clicked on

2019-05-27 18:00:27 - [TEST_STEP][PASSED] - delay(2): Delayed 2 second(s)

2019-05-27 18:00:29 - [MESSAGE][PASSED] - Delayed 2 second(s)

2019-05-27 18:00:29 - [TEST_STEP][PASSED] - click(findTestObject("OCS-MOBILE /Collection page/Product image - 1st one")): Object: 'Object Repository/OCS-MOBILE /Collection page/Product image - 1st one' is clicked on

2019-05-27 18:00:33 - [MESSAGE][PASSED] - Object: 'Object Repository/OCS-MOBILE /Collection page/Product image - 1st one' is clicked on

2019-05-27 18:00:33 - [TEST_STEP][PASSED] - delay(2): Delayed 2 second(s)

2019-05-27 18:00:35 - [MESSAGE][PASSED] - Delayed 2 second(s)

2019-05-27 18:00:35 - [TEST_STEP][PASSED] - executeJavaScript("var previewBar = document.getElementById("preview-bar-iframe"); previewBar.style.display = "none";", []): Execute JavaScript 'var previewBar = document.getElementById("preview-bar-iframe"); previewBar.style.display = "none";' successfully

2019-05-27 18:00:35 - [MESSAGE][PASSED] - Execute JavaScript 'var previewBar = document.getElementById("preview-bar-iframe"); previewBar.style.display = "none";' successfully

2019-05-27 18:00:35 - [MESSAGE][PASSED] - Call Test Case 'Test Cases/OCS - MOBILE/CALL - PDP' successfully

2019-05-27 18:00:35 - [TEST_STEP][PASSED] - scrollToElement(findTestObject("OCS-MOBILE /Product page/How to choose cannabis product - Section"), 2): Scroll to object 'Object Repository/OCS-MOBILE /Product page/How to choose cannabis product - Section' successfully

2019-05-27 18:00:35 - [MESSAGE][PASSED] - Scroll to object 'Object Repository/OCS-MOBILE /Product page/How to choose cannabis product - Section' successfully

2019-05-27 18:00:35 - [TEST_STEP][PASSED] - click(findTestObject("OCS-MOBILE /Product page/How to choose cannabis product - Button")): Object: 'Object Repository/OCS-MOBILE /Product page/How to choose cannabis product - Button' is clicked on

2019-05-27 18:00:38 - [MESSAGE][PASSED] - Object: 'Object Repository/OCS-MOBILE /Product page/How to choose cannabis product - Button' is clicked on

2019-05-27 18:00:38 - [TEST_STEP][PASSED] - a = getWindowTitle(): Current window's title is: 'Factors in Choosing Cannabis Products | Ontario Cannabis Store'

2019-05-27 18:00:38 - [MESSAGE][PASSED] - Current window's title is: 'Factors in Choosing Cannabis Products | Ontario Cannabis Store'

2019-05-27 18:00:38 - [TEST_STEP][PASSED] - b = "Factors in Choosing Cannabis Products | Ontario Cannabis Store": null

2019-05-27 18:00:38 - [TEST_STEP][PASSED] - comment("WINDOW TITLE IS: " + a): WINDOW TITLE IS: Factors in Choosing Cannabis Products | Ontario Cannabis Store

2019-05-27 18:00:38 - [MESSAGE][INFO] - WINDOW TITLE IS: Factors in Choosing Cannabis Products | Ontario Cannabis Store

2019-05-27 18:00:38 - [TEST_STEP][PASSED] - if (a == b): TITLE IS SAME

2019-05-27 18:00:38 - [TEST_STEP][PASSED] - comment("TITLE IS SAME"): TITLE IS SAME

2019-05-27 18:00:38 - [MESSAGE][INFO] - TITLE IS SAME

2019-05-27 18:00:38 - [TEST_STEP][PASSED] - back(): Navigate back successfully

2019-05-27 18:00:41 - [MESSAGE][PASSED] - Navigate back successfully]]></system-out>
         <system-err><![CDATA[]]></system-err>
      </testcase>
      <testcase name="Test Cases/OCS - MOBILE/OCS- HOME PAGE/HP-Burger menu-Accessories" classname="Test Cases/OCS - MOBILE/OCS- HOME PAGE/HP-Burger menu-Accessories" status="PASSED">
         <system-out><![CDATA[2019-05-27 18:00:41 - [TEST_CASE][PASSED] - Test Cases/OCS - MOBILE/OCS- HOME PAGE/HP-Burger menu-Accessories: Test Cases/OCS - MOBILE/OCS- HOME PAGE/HP-Burger menu-Accessories

2019-05-27 18:00:41 - [TEST_STEP][PASSED] - callTestCase(findTestCase("OCS - MOBILE/CALL - AGE GATE"), [:], STOP_ON_FAILURE): Call Test Case 'Test Cases/OCS - MOBILE/CALL - AGE GATE' successfully

2019-05-27 18:00:41 - [TEST_CASE][PASSED] - Test Cases/OCS - MOBILE/CALL - AGE GATE: Test Cases/OCS - MOBILE/CALL - AGE GATE

2019-05-27 18:00:41 - [TEST_STEP][PASSED] - openBrowser(""): Browser is opened with url: ''

2019-05-27 18:00:41 - [MESSAGE][WARNING] - A browser is already opened. Closing browser and opening a new one

2019-05-27 18:00:41 - [MESSAGE][INFO] - Starting 'Chrome' driver

2019-05-27 18:00:42 - [MESSAGE][PASSED] - Browser is opened with url: ''

2019-05-27 18:00:42 - [TEST_STEP][PASSED] - navigateToUrl("https://ocs.ca/?fts=0&preview_theme_id=53376026444"): Navigate to 'https://ocs.ca/?fts=0&preview_theme_id=53376026444' successfully

2019-05-27 18:00:47 - [MESSAGE][PASSED] - Navigate to 'https://ocs.ca/?fts=0&preview_theme_id=53376026444' successfully

2019-05-27 18:00:47 - [TEST_STEP][NOT_RUN] - executeJavaScript("var previewBar = document.getElementById("preview-bar-iframe"); previewBar.style.display = "none";", []): NOT_RUN: executeJavaScript("var previewBar = document.getElementById("preview-bar-iframe"); previewBar.style.display = "none";", [])

2019-05-27 18:00:47 - [MESSAGE][NOT_RUN] - NOT_RUN: executeJavaScript("var previewBar = document.getElementById("preview-bar-iframe"); previewBar.style.display = "none";", [])

2019-05-27 18:00:47 - [TEST_STEP][PASSED] - setViewPortSize(360, 800): Viewport is set to new size with width = 360 and height = 800

2019-05-27 18:00:48 - [MESSAGE][PASSED] - Viewport is set to new size with width = 360 and height = 800

2019-05-27 18:00:48 - [TEST_STEP][PASSED] - delay(4): Delayed 4 second(s)

2019-05-27 18:00:52 - [MESSAGE][PASSED] - Delayed 4 second(s)

2019-05-27 18:00:52 - [TEST_STEP][PASSED] - selectOptionByValue(findTestObject("OCS-MOBILE /Age gate and burger menu/Date"), "12", true): All options with value '12' are selected in object 'Object Repository/OCS-MOBILE /Age gate and burger menu/Date'  using regular expression

2019-05-27 18:00:52 - [MESSAGE][PASSED] - All options with value '12' are selected in object 'Object Repository/OCS-MOBILE /Age gate and burger menu/Date'  using regular expression

2019-05-27 18:00:52 - [TEST_STEP][PASSED] - selectOptionByValue(findTestObject("OCS-MOBILE /Age gate and burger menu/month"), "6", true): All options with value '6' are selected in object 'Object Repository/OCS-MOBILE /Age gate and burger menu/month'  using regular expression

2019-05-27 18:00:52 - [MESSAGE][PASSED] - All options with value '6' are selected in object 'Object Repository/OCS-MOBILE /Age gate and burger menu/month'  using regular expression

2019-05-27 18:00:52 - [TEST_STEP][PASSED] - delay(2): Delayed 2 second(s)

2019-05-27 18:00:54 - [MESSAGE][PASSED] - Delayed 2 second(s)

2019-05-27 18:00:54 - [TEST_STEP][PASSED] - selectOptionByValue(findTestObject("OCS-MOBILE /Age gate and burger menu/Year Dropdown"), "1990", true): All options with value '1990' are selected in object 'Object Repository/OCS-MOBILE /Age gate and burger menu/Year Dropdown'  using regular expression

2019-05-27 18:00:55 - [MESSAGE][PASSED] - All options with value '1990' are selected in object 'Object Repository/OCS-MOBILE /Age gate and burger menu/Year Dropdown'  using regular expression

2019-05-27 18:00:55 - [TEST_STEP][PASSED] - click(findTestObject("OCS-MOBILE /Age gate and burger menu/button_Verify")): Object: 'Object Repository/OCS-MOBILE /Age gate and burger menu/button_Verify' is clicked on

2019-05-27 18:00:56 - [MESSAGE][PASSED] - Object: 'Object Repository/OCS-MOBILE /Age gate and burger menu/button_Verify' is clicked on

2019-05-27 18:00:56 - [TEST_STEP][PASSED] - click(findTestObject("OCS-MOBILE /Age gate and burger menu/Checkbox_CONFIRM AND ACKNOWLEDGE")): Object: 'Object Repository/OCS-MOBILE /Age gate and burger menu/Checkbox_CONFIRM AND ACKNOWLEDGE' is clicked on

2019-05-27 18:00:56 - [MESSAGE][PASSED] - Object: 'Object Repository/OCS-MOBILE /Age gate and burger menu/Checkbox_CONFIRM AND ACKNOWLEDGE' is clicked on

2019-05-27 18:00:56 - [TEST_STEP][PASSED] - click(findTestObject("OCS-MOBILE /Age gate and burger menu/button_CONFIRM")): Object: 'Object Repository/OCS-MOBILE /Age gate and burger menu/button_CONFIRM' is clicked on

2019-05-27 18:00:56 - [MESSAGE][PASSED] - Object: 'Object Repository/OCS-MOBILE /Age gate and burger menu/button_CONFIRM' is clicked on

2019-05-27 18:00:56 - [TEST_STEP][PASSED] - click(findTestObject("OCS-MOBILE /Age gate and burger menu/button_Start Browsing")): Object: 'Object Repository/OCS-MOBILE /Age gate and burger menu/button_Start Browsing' is clicked on

2019-05-27 18:00:56 - [MESSAGE][PASSED] - Object: 'Object Repository/OCS-MOBILE /Age gate and burger menu/button_Start Browsing' is clicked on

2019-05-27 18:00:56 - [MESSAGE][PASSED] - Call Test Case 'Test Cases/OCS - MOBILE/CALL - AGE GATE' successfully

2019-05-27 18:00:56 - [TEST_STEP][PASSED] - delay(2, CONTINUE_ON_FAILURE): Delayed 2 second(s)

2019-05-27 18:00:58 - [MESSAGE][PASSED] - Delayed 2 second(s)

2019-05-27 18:00:58 - [TEST_STEP][PASSED] - click(findTestObject("OCS-MOBILE /Age gate and burger menu/Burger menu - English"), CONTINUE_ON_FAILURE): Object: 'Object Repository/OCS-MOBILE /Age gate and burger menu/Burger menu - English' is clicked on

2019-05-27 18:00:58 - [MESSAGE][PASSED] - Object: 'Object Repository/OCS-MOBILE /Age gate and burger menu/Burger menu - English' is clicked on

2019-05-27 18:00:58 - [TEST_STEP][PASSED] - delay(2, CONTINUE_ON_FAILURE): Delayed 2 second(s)

2019-05-27 18:01:00 - [MESSAGE][PASSED] - Delayed 2 second(s)

2019-05-27 18:01:00 - [TEST_STEP][PASSED] - click(findTestObject("OCS-MOBILE /Accessories page/accessories chevron"), STOP_ON_FAILURE): Object: 'Object Repository/OCS-MOBILE /Accessories page/accessories chevron' is clicked on

2019-05-27 18:01:00 - [MESSAGE][PASSED] - Object: 'Object Repository/OCS-MOBILE /Accessories page/accessories chevron' is clicked on

2019-05-27 18:01:00 - [TEST_STEP][PASSED] - delay(1, CONTINUE_ON_FAILURE): Delayed 1 second(s)

2019-05-27 18:01:01 - [MESSAGE][PASSED] - Delayed 1 second(s)

2019-05-27 18:01:01 - [TEST_STEP][PASSED] - click(findTestObject("OCS-MOBILE /Accessories page/Vaporizers"), CONTINUE_ON_FAILURE): Object: 'Object Repository/OCS-MOBILE /Accessories page/Vaporizers' is clicked on

2019-05-27 18:01:04 - [MESSAGE][PASSED] - Object: 'Object Repository/OCS-MOBILE /Accessories page/Vaporizers' is clicked on

2019-05-27 18:01:04 - [TEST_STEP][PASSED] - delay(1, CONTINUE_ON_FAILURE): Delayed 1 second(s)

2019-05-27 18:01:05 - [MESSAGE][PASSED] - Delayed 1 second(s)

2019-05-27 18:01:05 - [TEST_STEP][PASSED] - a = getWindowTitle(CONTINUE_ON_FAILURE): Current window's title is: 'Vaporizers | Ontario Cannabis Store'

2019-05-27 18:01:05 - [MESSAGE][PASSED] - Current window's title is: 'Vaporizers | Ontario Cannabis Store'

2019-05-27 18:01:05 - [TEST_STEP][PASSED] - comment(a): Vaporizers | Ontario Cannabis Store

2019-05-27 18:01:05 - [MESSAGE][INFO] - Vaporizers | Ontario Cannabis Store

2019-05-27 18:01:05 - [TEST_STEP][PASSED] - b = "Vaporizers | Ontario Cannabis Store": null

2019-05-27 18:01:05 - [TEST_STEP][PASSED] - comment(b): Vaporizers | Ontario Cannabis Store

2019-05-27 18:01:05 - [MESSAGE][INFO] - Vaporizers | Ontario Cannabis Store

2019-05-27 18:01:05 - [TEST_STEP][PASSED] - if (a == b): correct window page 

2019-05-27 18:01:05 - [TEST_STEP][PASSED] - comment("correct window page "): correct window page 

2019-05-27 18:01:05 - [MESSAGE][INFO] - correct window page 

2019-05-27 18:01:05 - [TEST_STEP][PASSED] - delay(1, CONTINUE_ON_FAILURE): Delayed 1 second(s)

2019-05-27 18:01:06 - [MESSAGE][PASSED] - Delayed 1 second(s)

2019-05-27 18:01:06 - [TEST_STEP][PASSED] - click(findTestObject("OCS-MOBILE /Age gate and burger menu/Burger menu - English"), CONTINUE_ON_FAILURE): Object: 'Object Repository/OCS-MOBILE /Age gate and burger menu/Burger menu - English' is clicked on

2019-05-27 18:01:06 - [MESSAGE][PASSED] - Object: 'Object Repository/OCS-MOBILE /Age gate and burger menu/Burger menu - English' is clicked on

2019-05-27 18:01:06 - [TEST_STEP][PASSED] - delay(2, CONTINUE_ON_FAILURE): Delayed 2 second(s)

2019-05-27 18:01:08 - [MESSAGE][PASSED] - Delayed 2 second(s)

2019-05-27 18:01:08 - [TEST_STEP][PASSED] - click(findTestObject("OCS-MOBILE /Accessories page/accessories chevron"), CONTINUE_ON_FAILURE): Object: 'Object Repository/OCS-MOBILE /Accessories page/accessories chevron' is clicked on

2019-05-27 18:01:08 - [MESSAGE][PASSED] - Object: 'Object Repository/OCS-MOBILE /Accessories page/accessories chevron' is clicked on

2019-05-27 18:01:08 - [TEST_STEP][PASSED] - delay(1, CONTINUE_ON_FAILURE): Delayed 1 second(s)

2019-05-27 18:01:09 - [MESSAGE][PASSED] - Delayed 1 second(s)

2019-05-27 18:01:09 - [TEST_STEP][PASSED] - click(findTestObject("OCS-MOBILE /Accessories page/Bongs - water pipes"), CONTINUE_ON_FAILURE): Object: 'Object Repository/OCS-MOBILE /Accessories page/Bongs - water pipes' is clicked on

2019-05-27 18:01:11 - [MESSAGE][PASSED] - Object: 'Object Repository/OCS-MOBILE /Accessories page/Bongs - water pipes' is clicked on

2019-05-27 18:01:11 - [TEST_STEP][PASSED] - delay(1, CONTINUE_ON_FAILURE): Delayed 1 second(s)

2019-05-27 18:01:12 - [MESSAGE][PASSED] - Delayed 1 second(s)

2019-05-27 18:01:12 - [TEST_STEP][PASSED] - a1 = getWindowTitle(CONTINUE_ON_FAILURE): Current window's title is: 'Bongs & Water Pipes | Ontario Cannabis Store'

2019-05-27 18:01:12 - [MESSAGE][PASSED] - Current window's title is: 'Bongs & Water Pipes | Ontario Cannabis Store'

2019-05-27 18:01:12 - [TEST_STEP][PASSED] - comment(a1): Bongs & Water Pipes | Ontario Cannabis Store

2019-05-27 18:01:12 - [MESSAGE][INFO] - Bongs & Water Pipes | Ontario Cannabis Store

2019-05-27 18:01:12 - [TEST_STEP][PASSED] - b1 = "Bongs & Water Pipes | Ontario Cannabis Store": null

2019-05-27 18:01:12 - [TEST_STEP][PASSED] - comment(b1): Bongs & Water Pipes | Ontario Cannabis Store

2019-05-27 18:01:12 - [MESSAGE][INFO] - Bongs & Water Pipes | Ontario Cannabis Store

2019-05-27 18:01:12 - [TEST_STEP][PASSED] - if (a1 == b1): correct window page 

2019-05-27 18:01:12 - [TEST_STEP][PASSED] - comment("correct window page "): correct window page 

2019-05-27 18:01:12 - [MESSAGE][INFO] - correct window page 

2019-05-27 18:01:12 - [TEST_STEP][PASSED] - delay(1, CONTINUE_ON_FAILURE): Delayed 1 second(s)

2019-05-27 18:01:13 - [MESSAGE][PASSED] - Delayed 1 second(s)

2019-05-27 18:01:13 - [TEST_STEP][PASSED] - click(findTestObject("OCS-MOBILE /Age gate and burger menu/Burger menu - English"), CONTINUE_ON_FAILURE): Object: 'Object Repository/OCS-MOBILE /Age gate and burger menu/Burger menu - English' is clicked on

2019-05-27 18:01:13 - [MESSAGE][PASSED] - Object: 'Object Repository/OCS-MOBILE /Age gate and burger menu/Burger menu - English' is clicked on

2019-05-27 18:01:13 - [TEST_STEP][PASSED] - delay(2, CONTINUE_ON_FAILURE): Delayed 2 second(s)

2019-05-27 18:01:15 - [MESSAGE][PASSED] - Delayed 2 second(s)

2019-05-27 18:01:15 - [TEST_STEP][PASSED] - click(findTestObject("OCS-MOBILE /Accessories page/accessories chevron"), CONTINUE_ON_FAILURE): Object: 'Object Repository/OCS-MOBILE /Accessories page/accessories chevron' is clicked on

2019-05-27 18:01:15 - [MESSAGE][PASSED] - Object: 'Object Repository/OCS-MOBILE /Accessories page/accessories chevron' is clicked on

2019-05-27 18:01:15 - [TEST_STEP][PASSED] - delay(1, CONTINUE_ON_FAILURE): Delayed 1 second(s)

2019-05-27 18:01:16 - [MESSAGE][PASSED] - Delayed 1 second(s)

2019-05-27 18:01:16 - [TEST_STEP][PASSED] - click(findTestObject("OCS-MOBILE /Accessories page/Handheld pipes"), CONTINUE_ON_FAILURE): Object: 'Object Repository/OCS-MOBILE /Accessories page/Handheld pipes' is clicked on

2019-05-27 18:01:18 - [MESSAGE][PASSED] - Object: 'Object Repository/OCS-MOBILE /Accessories page/Handheld pipes' is clicked on

2019-05-27 18:01:18 - [TEST_STEP][PASSED] - delay(1, CONTINUE_ON_FAILURE): Delayed 1 second(s)

2019-05-27 18:01:19 - [MESSAGE][PASSED] - Delayed 1 second(s)

2019-05-27 18:01:19 - [TEST_STEP][PASSED] - a11 = getWindowTitle(CONTINUE_ON_FAILURE): Current window's title is: 'Handheld Pipes | Ontario Cannabis Store'

2019-05-27 18:01:19 - [MESSAGE][PASSED] - Current window's title is: 'Handheld Pipes | Ontario Cannabis Store'

2019-05-27 18:01:19 - [TEST_STEP][PASSED] - comment(a11): Handheld Pipes | Ontario Cannabis Store

2019-05-27 18:01:19 - [MESSAGE][INFO] - Handheld Pipes | Ontario Cannabis Store

2019-05-27 18:01:19 - [TEST_STEP][PASSED] - b11 = "Handheld Pipes | Ontario Cannabis Store": null

2019-05-27 18:01:19 - [TEST_STEP][PASSED] - comment(b11): Handheld Pipes | Ontario Cannabis Store

2019-05-27 18:01:19 - [MESSAGE][INFO] - Handheld Pipes | Ontario Cannabis Store

2019-05-27 18:01:19 - [TEST_STEP][PASSED] - if (a11 == b11): correct window page 

2019-05-27 18:01:19 - [TEST_STEP][PASSED] - comment("correct window page "): correct window page 

2019-05-27 18:01:19 - [MESSAGE][INFO] - correct window page 

2019-05-27 18:01:19 - [TEST_STEP][PASSED] - delay(1, CONTINUE_ON_FAILURE): Delayed 1 second(s)

2019-05-27 18:01:20 - [MESSAGE][PASSED] - Delayed 1 second(s)

2019-05-27 18:01:20 - [TEST_STEP][PASSED] - click(findTestObject("OCS-MOBILE /Age gate and burger menu/Burger menu - English"), CONTINUE_ON_FAILURE): Object: 'Object Repository/OCS-MOBILE /Age gate and burger menu/Burger menu - English' is clicked on

2019-05-27 18:01:20 - [MESSAGE][PASSED] - Object: 'Object Repository/OCS-MOBILE /Age gate and burger menu/Burger menu - English' is clicked on

2019-05-27 18:01:20 - [TEST_STEP][PASSED] - delay(2, CONTINUE_ON_FAILURE): Delayed 2 second(s)

2019-05-27 18:01:22 - [MESSAGE][PASSED] - Delayed 2 second(s)

2019-05-27 18:01:22 - [TEST_STEP][PASSED] - click(findTestObject("OCS-MOBILE /Accessories page/accessories chevron"), CONTINUE_ON_FAILURE): Object: 'Object Repository/OCS-MOBILE /Accessories page/accessories chevron' is clicked on

2019-05-27 18:01:22 - [MESSAGE][PASSED] - Object: 'Object Repository/OCS-MOBILE /Accessories page/accessories chevron' is clicked on

2019-05-27 18:01:22 - [TEST_STEP][PASSED] - delay(1, CONTINUE_ON_FAILURE): Delayed 1 second(s)

2019-05-27 18:01:23 - [MESSAGE][PASSED] - Delayed 1 second(s)

2019-05-27 18:01:23 - [TEST_STEP][PASSED] - click(findTestObject("OCS-MOBILE /Accessories page/Papers -filters"), CONTINUE_ON_FAILURE): Object: 'Object Repository/OCS-MOBILE /Accessories page/Papers -filters' is clicked on

2019-05-27 18:01:25 - [MESSAGE][PASSED] - Object: 'Object Repository/OCS-MOBILE /Accessories page/Papers -filters' is clicked on

2019-05-27 18:01:25 - [TEST_STEP][PASSED] - delay(1, CONTINUE_ON_FAILURE): Delayed 1 second(s)

2019-05-27 18:01:26 - [MESSAGE][PASSED] - Delayed 1 second(s)

2019-05-27 18:01:26 - [TEST_STEP][PASSED] - a111 = getWindowTitle(CONTINUE_ON_FAILURE): Current window's title is: 'Papers & Filters | Ontario Cannabis Store'

2019-05-27 18:01:26 - [MESSAGE][PASSED] - Current window's title is: 'Papers & Filters | Ontario Cannabis Store'

2019-05-27 18:01:26 - [TEST_STEP][PASSED] - comment(a111): Papers & Filters | Ontario Cannabis Store

2019-05-27 18:01:26 - [MESSAGE][INFO] - Papers & Filters | Ontario Cannabis Store

2019-05-27 18:01:26 - [TEST_STEP][PASSED] - b111 = "Papers & Filters | Ontario Cannabis Store": null

2019-05-27 18:01:26 - [TEST_STEP][PASSED] - comment(b111): Papers & Filters | Ontario Cannabis Store

2019-05-27 18:01:26 - [MESSAGE][INFO] - Papers & Filters | Ontario Cannabis Store

2019-05-27 18:01:26 - [TEST_STEP][PASSED] - if (a111 == b111): correct window page 

2019-05-27 18:01:26 - [TEST_STEP][PASSED] - comment("correct window page "): correct window page 

2019-05-27 18:01:26 - [MESSAGE][INFO] - correct window page 

2019-05-27 18:01:26 - [TEST_STEP][PASSED] - delay(1, CONTINUE_ON_FAILURE): Delayed 1 second(s)

2019-05-27 18:01:27 - [MESSAGE][PASSED] - Delayed 1 second(s)

2019-05-27 18:01:27 - [TEST_STEP][PASSED] - click(findTestObject("OCS-MOBILE /Age gate and burger menu/Burger menu - English"), CONTINUE_ON_FAILURE): Object: 'Object Repository/OCS-MOBILE /Age gate and burger menu/Burger menu - English' is clicked on

2019-05-27 18:01:27 - [MESSAGE][PASSED] - Object: 'Object Repository/OCS-MOBILE /Age gate and burger menu/Burger menu - English' is clicked on

2019-05-27 18:01:27 - [TEST_STEP][PASSED] - delay(2, CONTINUE_ON_FAILURE): Delayed 2 second(s)

2019-05-27 18:01:29 - [MESSAGE][PASSED] - Delayed 2 second(s)

2019-05-27 18:01:29 - [TEST_STEP][PASSED] - click(findTestObject("OCS-MOBILE /Accessories page/accessories chevron"), CONTINUE_ON_FAILURE): Object: 'Object Repository/OCS-MOBILE /Accessories page/accessories chevron' is clicked on

2019-05-27 18:01:29 - [MESSAGE][PASSED] - Object: 'Object Repository/OCS-MOBILE /Accessories page/accessories chevron' is clicked on

2019-05-27 18:01:29 - [TEST_STEP][PASSED] - delay(1, CONTINUE_ON_FAILURE): Delayed 1 second(s)

2019-05-27 18:01:30 - [MESSAGE][PASSED] - Delayed 1 second(s)

2019-05-27 18:01:30 - [TEST_STEP][PASSED] - click(findTestObject("OCS-MOBILE /Accessories page/Grinders"), CONTINUE_ON_FAILURE): Object: 'Object Repository/OCS-MOBILE /Accessories page/Grinders' is clicked on

2019-05-27 18:01:32 - [MESSAGE][PASSED] - Object: 'Object Repository/OCS-MOBILE /Accessories page/Grinders' is clicked on

2019-05-27 18:01:32 - [TEST_STEP][PASSED] - delay(1, CONTINUE_ON_FAILURE): Delayed 1 second(s)

2019-05-27 18:01:33 - [MESSAGE][PASSED] - Delayed 1 second(s)

2019-05-27 18:01:33 - [TEST_STEP][PASSED] - a1111 = getWindowTitle(CONTINUE_ON_FAILURE): Current window's title is: 'Grinders | Ontario Cannabis Store'

2019-05-27 18:01:33 - [MESSAGE][PASSED] - Current window's title is: 'Grinders | Ontario Cannabis Store'

2019-05-27 18:01:33 - [TEST_STEP][PASSED] - comment(a1111): Grinders | Ontario Cannabis Store

2019-05-27 18:01:33 - [MESSAGE][INFO] - Grinders | Ontario Cannabis Store

2019-05-27 18:01:33 - [TEST_STEP][PASSED] - b1111 = "Grinders | Ontario Cannabis Store": null

2019-05-27 18:01:33 - [TEST_STEP][PASSED] - comment(b1111): Grinders | Ontario Cannabis Store

2019-05-27 18:01:33 - [MESSAGE][INFO] - Grinders | Ontario Cannabis Store

2019-05-27 18:01:33 - [TEST_STEP][PASSED] - if (a1111 == b1111): correct window page 

2019-05-27 18:01:33 - [TEST_STEP][PASSED] - comment("correct window page "): correct window page 

2019-05-27 18:01:33 - [MESSAGE][INFO] - correct window page 

2019-05-27 18:01:33 - [TEST_STEP][PASSED] - delay(1, CONTINUE_ON_FAILURE): Delayed 1 second(s)

2019-05-27 18:01:34 - [MESSAGE][PASSED] - Delayed 1 second(s)

2019-05-27 18:01:34 - [TEST_STEP][PASSED] - click(findTestObject("OCS-MOBILE /Age gate and burger menu/Burger menu - English"), CONTINUE_ON_FAILURE): Object: 'Object Repository/OCS-MOBILE /Age gate and burger menu/Burger menu - English' is clicked on

2019-05-27 18:01:35 - [MESSAGE][PASSED] - Object: 'Object Repository/OCS-MOBILE /Age gate and burger menu/Burger menu - English' is clicked on

2019-05-27 18:01:35 - [TEST_STEP][PASSED] - delay(2, CONTINUE_ON_FAILURE): Delayed 2 second(s)

2019-05-27 18:01:37 - [MESSAGE][PASSED] - Delayed 2 second(s)

2019-05-27 18:01:37 - [TEST_STEP][PASSED] - click(findTestObject("OCS-MOBILE /Accessories page/accessories chevron"), CONTINUE_ON_FAILURE): Object: 'Object Repository/OCS-MOBILE /Accessories page/accessories chevron' is clicked on

2019-05-27 18:01:37 - [MESSAGE][PASSED] - Object: 'Object Repository/OCS-MOBILE /Accessories page/accessories chevron' is clicked on

2019-05-27 18:01:37 - [TEST_STEP][PASSED] - delay(1, CONTINUE_ON_FAILURE): Delayed 1 second(s)

2019-05-27 18:01:38 - [MESSAGE][PASSED] - Delayed 1 second(s)

2019-05-27 18:01:38 - [TEST_STEP][PASSED] - click(findTestObject("OCS-MOBILE /Accessories page/Tools -kits"), CONTINUE_ON_FAILURE): Object: 'Object Repository/OCS-MOBILE /Accessories page/Tools -kits' is clicked on

2019-05-27 18:01:39 - [MESSAGE][PASSED] - Object: 'Object Repository/OCS-MOBILE /Accessories page/Tools -kits' is clicked on

2019-05-27 18:01:39 - [TEST_STEP][PASSED] - delay(1, CONTINUE_ON_FAILURE): Delayed 1 second(s)

2019-05-27 18:01:40 - [MESSAGE][PASSED] - Delayed 1 second(s)

2019-05-27 18:01:40 - [TEST_STEP][PASSED] - a11111 = getWindowTitle(CONTINUE_ON_FAILURE): Current window's title is: 'Multi-Tools & Kits | Ontario Cannabis Store'

2019-05-27 18:01:40 - [MESSAGE][PASSED] - Current window's title is: 'Multi-Tools & Kits | Ontario Cannabis Store'

2019-05-27 18:01:40 - [TEST_STEP][PASSED] - comment(a11111): Multi-Tools & Kits | Ontario Cannabis Store

2019-05-27 18:01:40 - [MESSAGE][INFO] - Multi-Tools & Kits | Ontario Cannabis Store

2019-05-27 18:01:40 - [TEST_STEP][PASSED] - b11111 = "Multi-Tools & Kits | Ontario Cannabis Store": null

2019-05-27 18:01:40 - [TEST_STEP][PASSED] - comment(b11111): Multi-Tools & Kits | Ontario Cannabis Store

2019-05-27 18:01:40 - [MESSAGE][INFO] - Multi-Tools & Kits | Ontario Cannabis Store

2019-05-27 18:01:40 - [TEST_STEP][PASSED] - if (a11111 == b11111): correct window page 

2019-05-27 18:01:40 - [TEST_STEP][PASSED] - comment("correct window page "): correct window page 

2019-05-27 18:01:40 - [MESSAGE][INFO] - correct window page 

2019-05-27 18:01:40 - [TEST_STEP][PASSED] - delay(1, CONTINUE_ON_FAILURE): Delayed 1 second(s)

2019-05-27 18:01:41 - [MESSAGE][PASSED] - Delayed 1 second(s)

2019-05-27 18:01:41 - [TEST_STEP][PASSED] - click(findTestObject("OCS-MOBILE /Age gate and burger menu/Burger menu - English"), CONTINUE_ON_FAILURE): Object: 'Object Repository/OCS-MOBILE /Age gate and burger menu/Burger menu - English' is clicked on

2019-05-27 18:01:41 - [MESSAGE][PASSED] - Object: 'Object Repository/OCS-MOBILE /Age gate and burger menu/Burger menu - English' is clicked on

2019-05-27 18:01:41 - [TEST_STEP][PASSED] - delay(2, CONTINUE_ON_FAILURE): Delayed 2 second(s)

2019-05-27 18:01:43 - [MESSAGE][PASSED] - Delayed 2 second(s)

2019-05-27 18:01:43 - [TEST_STEP][PASSED] - click(findTestObject("OCS-MOBILE /Accessories page/accessories chevron"), CONTINUE_ON_FAILURE): Object: 'Object Repository/OCS-MOBILE /Accessories page/accessories chevron' is clicked on

2019-05-27 18:01:44 - [MESSAGE][PASSED] - Object: 'Object Repository/OCS-MOBILE /Accessories page/accessories chevron' is clicked on

2019-05-27 18:01:44 - [TEST_STEP][PASSED] - delay(1, CONTINUE_ON_FAILURE): Delayed 1 second(s)

2019-05-27 18:01:45 - [MESSAGE][PASSED] - Delayed 1 second(s)

2019-05-27 18:01:45 - [TEST_STEP][PASSED] - click(findTestObject("OCS-MOBILE /Accessories page/Cleaning supplies"), CONTINUE_ON_FAILURE): Object: 'Object Repository/OCS-MOBILE /Accessories page/Cleaning supplies' is clicked on

2019-05-27 18:01:47 - [MESSAGE][PASSED] - Object: 'Object Repository/OCS-MOBILE /Accessories page/Cleaning supplies' is clicked on

2019-05-27 18:01:47 - [TEST_STEP][PASSED] - delay(1, CONTINUE_ON_FAILURE): Delayed 1 second(s)

2019-05-27 18:01:48 - [MESSAGE][PASSED] - Delayed 1 second(s)

2019-05-27 18:01:48 - [TEST_STEP][PASSED] - a12 = getWindowTitle(CONTINUE_ON_FAILURE): Current window's title is: 'Cleaning Supplies | Ontario Cannabis Store'

2019-05-27 18:01:48 - [MESSAGE][PASSED] - Current window's title is: 'Cleaning Supplies | Ontario Cannabis Store'

2019-05-27 18:01:48 - [TEST_STEP][PASSED] - comment(a12): Cleaning Supplies | Ontario Cannabis Store

2019-05-27 18:01:48 - [MESSAGE][INFO] - Cleaning Supplies | Ontario Cannabis Store

2019-05-27 18:01:48 - [TEST_STEP][PASSED] - b12 = "Cleaning Supplies | Ontario Cannabis Store": null

2019-05-27 18:01:48 - [TEST_STEP][PASSED] - comment(b12): Cleaning Supplies | Ontario Cannabis Store

2019-05-27 18:01:48 - [MESSAGE][INFO] - Cleaning Supplies | Ontario Cannabis Store

2019-05-27 18:01:48 - [TEST_STEP][PASSED] - if (a12 == b12): correct window page 

2019-05-27 18:01:48 - [TEST_STEP][PASSED] - comment("correct window page "): correct window page 

2019-05-27 18:01:48 - [MESSAGE][INFO] - correct window page 

2019-05-27 18:01:48 - [TEST_STEP][PASSED] - delay(1, CONTINUE_ON_FAILURE): Delayed 1 second(s)

2019-05-27 18:01:49 - [MESSAGE][PASSED] - Delayed 1 second(s)

2019-05-27 18:01:49 - [TEST_STEP][PASSED] - click(findTestObject("OCS-MOBILE /Age gate and burger menu/Burger menu - English"), CONTINUE_ON_FAILURE): Object: 'Object Repository/OCS-MOBILE /Age gate and burger menu/Burger menu - English' is clicked on

2019-05-27 18:01:49 - [MESSAGE][PASSED] - Object: 'Object Repository/OCS-MOBILE /Age gate and burger menu/Burger menu - English' is clicked on

2019-05-27 18:01:49 - [TEST_STEP][PASSED] - delay(2, CONTINUE_ON_FAILURE): Delayed 2 second(s)

2019-05-27 18:01:51 - [MESSAGE][PASSED] - Delayed 2 second(s)

2019-05-27 18:01:51 - [TEST_STEP][PASSED] - click(findTestObject("OCS-MOBILE /Accessories page/accessories chevron"), CONTINUE_ON_FAILURE): Object: 'Object Repository/OCS-MOBILE /Accessories page/accessories chevron' is clicked on

2019-05-27 18:01:51 - [MESSAGE][PASSED] - Object: 'Object Repository/OCS-MOBILE /Accessories page/accessories chevron' is clicked on

2019-05-27 18:01:51 - [TEST_STEP][PASSED] - delay(1, CONTINUE_ON_FAILURE): Delayed 1 second(s)

2019-05-27 18:01:52 - [MESSAGE][PASSED] - Delayed 1 second(s)

2019-05-27 18:01:52 - [TEST_STEP][PASSED] - click(findTestObject("OCS-MOBILE /Accessories page/Storage"), CONTINUE_ON_FAILURE): Object: 'Object Repository/OCS-MOBILE /Accessories page/Storage' is clicked on

2019-05-27 18:01:54 - [MESSAGE][PASSED] - Object: 'Object Repository/OCS-MOBILE /Accessories page/Storage' is clicked on

2019-05-27 18:01:54 - [TEST_STEP][PASSED] - delay(1, CONTINUE_ON_FAILURE): Delayed 1 second(s)

2019-05-27 18:01:55 - [MESSAGE][PASSED] - Delayed 1 second(s)

2019-05-27 18:01:55 - [TEST_STEP][PASSED] - a13 = getWindowTitle(CONTINUE_ON_FAILURE): Current window's title is: 'Storage | Ontario Cannabis Store'

2019-05-27 18:01:55 - [MESSAGE][PASSED] - Current window's title is: 'Storage | Ontario Cannabis Store'

2019-05-27 18:01:55 - [TEST_STEP][PASSED] - comment(a13): Storage | Ontario Cannabis Store

2019-05-27 18:01:55 - [MESSAGE][INFO] - Storage | Ontario Cannabis Store

2019-05-27 18:01:55 - [TEST_STEP][PASSED] - b13 = "Storage | Ontario Cannabis Store": null

2019-05-27 18:01:55 - [TEST_STEP][PASSED] - comment(b): Vaporizers | Ontario Cannabis Store

2019-05-27 18:01:55 - [MESSAGE][INFO] - Vaporizers | Ontario Cannabis Store

2019-05-27 18:01:55 - [TEST_STEP][PASSED] - if (a13 == b13): correct window page 

2019-05-27 18:01:55 - [TEST_STEP][PASSED] - comment("correct window page "): correct window page 

2019-05-27 18:01:55 - [MESSAGE][INFO] - correct window page 

2019-05-27 18:01:55 - [TEST_STEP][PASSED] - delay(1, CONTINUE_ON_FAILURE): Delayed 1 second(s)

2019-05-27 18:01:56 - [MESSAGE][PASSED] - Delayed 1 second(s)

2019-05-27 18:01:56 - [TEST_STEP][PASSED] - click(findTestObject("OCS-MOBILE /Age gate and burger menu/Burger menu - English"), CONTINUE_ON_FAILURE): Object: 'Object Repository/OCS-MOBILE /Age gate and burger menu/Burger menu - English' is clicked on

2019-05-27 18:01:56 - [MESSAGE][PASSED] - Object: 'Object Repository/OCS-MOBILE /Age gate and burger menu/Burger menu - English' is clicked on

2019-05-27 18:01:56 - [TEST_STEP][PASSED] - delay(2, CONTINUE_ON_FAILURE): Delayed 2 second(s)

2019-05-27 18:01:58 - [MESSAGE][PASSED] - Delayed 2 second(s)

2019-05-27 18:01:58 - [TEST_STEP][PASSED] - click(findTestObject("OCS-MOBILE /Accessories page/accessories chevron"), CONTINUE_ON_FAILURE): Object: 'Object Repository/OCS-MOBILE /Accessories page/accessories chevron' is clicked on

2019-05-27 18:01:58 - [MESSAGE][PASSED] - Object: 'Object Repository/OCS-MOBILE /Accessories page/accessories chevron' is clicked on

2019-05-27 18:01:58 - [TEST_STEP][PASSED] - delay(1, CONTINUE_ON_FAILURE): Delayed 1 second(s)

2019-05-27 18:01:59 - [MESSAGE][PASSED] - Delayed 1 second(s)

2019-05-27 18:01:59 - [TEST_STEP][PASSED] - click(findTestObject("OCS-MOBILE /Accessories page/Trays"), CONTINUE_ON_FAILURE): Object: 'Object Repository/OCS-MOBILE /Accessories page/Trays' is clicked on

2019-05-27 18:02:01 - [MESSAGE][PASSED] - Object: 'Object Repository/OCS-MOBILE /Accessories page/Trays' is clicked on

2019-05-27 18:02:01 - [TEST_STEP][PASSED] - delay(1, CONTINUE_ON_FAILURE): Delayed 1 second(s)

2019-05-27 18:02:02 - [MESSAGE][PASSED] - Delayed 1 second(s)

2019-05-27 18:02:02 - [TEST_STEP][PASSED] - a14 = getWindowTitle(CONTINUE_ON_FAILURE): Current window's title is: 'Trays | Ontario Cannabis Store'

2019-05-27 18:02:02 - [MESSAGE][PASSED] - Current window's title is: 'Trays | Ontario Cannabis Store'

2019-05-27 18:02:02 - [TEST_STEP][PASSED] - comment(a14): Trays | Ontario Cannabis Store

2019-05-27 18:02:02 - [MESSAGE][INFO] - Trays | Ontario Cannabis Store

2019-05-27 18:02:02 - [TEST_STEP][PASSED] - b14 = "Trays | Ontario Cannabis Store": null

2019-05-27 18:02:02 - [TEST_STEP][PASSED] - comment(b14): Trays | Ontario Cannabis Store

2019-05-27 18:02:02 - [MESSAGE][INFO] - Trays | Ontario Cannabis Store

2019-05-27 18:02:02 - [TEST_STEP][PASSED] - if (a14 == b14): correct window page 

2019-05-27 18:02:02 - [TEST_STEP][PASSED] - comment("correct window page "): correct window page 

2019-05-27 18:02:02 - [MESSAGE][INFO] - correct window page 

2019-05-27 18:02:02 - [TEST_STEP][PASSED] - delay(1, CONTINUE_ON_FAILURE): Delayed 1 second(s)

2019-05-27 18:02:03 - [MESSAGE][PASSED] - Delayed 1 second(s)

2019-05-27 18:02:03 - [TEST_STEP][PASSED] - click(findTestObject("OCS-MOBILE /Age gate and burger menu/Burger menu - English"), CONTINUE_ON_FAILURE): Object: 'Object Repository/OCS-MOBILE /Age gate and burger menu/Burger menu - English' is clicked on

2019-05-27 18:02:03 - [MESSAGE][PASSED] - Object: 'Object Repository/OCS-MOBILE /Age gate and burger menu/Burger menu - English' is clicked on

2019-05-27 18:02:03 - [TEST_STEP][PASSED] - delay(2, CONTINUE_ON_FAILURE): Delayed 2 second(s)

2019-05-27 18:02:05 - [MESSAGE][PASSED] - Delayed 2 second(s)

2019-05-27 18:02:05 - [TEST_STEP][PASSED] - click(findTestObject("OCS-MOBILE /Accessories page/accessories chevron"), CONTINUE_ON_FAILURE): Object: 'Object Repository/OCS-MOBILE /Accessories page/accessories chevron' is clicked on

2019-05-27 18:02:05 - [MESSAGE][PASSED] - Object: 'Object Repository/OCS-MOBILE /Accessories page/accessories chevron' is clicked on

2019-05-27 18:02:05 - [TEST_STEP][PASSED] - delay(1, CONTINUE_ON_FAILURE): Delayed 1 second(s)

2019-05-27 18:02:06 - [MESSAGE][PASSED] - Delayed 1 second(s)

2019-05-27 18:02:06 - [TEST_STEP][PASSED] - click(findTestObject("OCS-MOBILE /Accessories page/Infusers"), CONTINUE_ON_FAILURE): Object: 'Object Repository/OCS-MOBILE /Accessories page/Infusers' is clicked on

2019-05-27 18:02:07 - [MESSAGE][PASSED] - Object: 'Object Repository/OCS-MOBILE /Accessories page/Infusers' is clicked on

2019-05-27 18:02:07 - [TEST_STEP][PASSED] - delay(1, CONTINUE_ON_FAILURE): Delayed 1 second(s)

2019-05-27 18:02:08 - [MESSAGE][PASSED] - Delayed 1 second(s)

2019-05-27 18:02:08 - [TEST_STEP][PASSED] - a15 = getWindowTitle(CONTINUE_ON_FAILURE): Current window's title is: 'Infusers | Ontario Cannabis Store'

2019-05-27 18:02:08 - [MESSAGE][PASSED] - Current window's title is: 'Infusers | Ontario Cannabis Store'

2019-05-27 18:02:08 - [TEST_STEP][PASSED] - comment(a15): Infusers | Ontario Cannabis Store

2019-05-27 18:02:08 - [MESSAGE][INFO] - Infusers | Ontario Cannabis Store

2019-05-27 18:02:08 - [TEST_STEP][PASSED] - b15 = "Infusers | Ontario Cannabis Store": null

2019-05-27 18:02:08 - [TEST_STEP][PASSED] - comment(b15): Infusers | Ontario Cannabis Store

2019-05-27 18:02:08 - [MESSAGE][INFO] - Infusers | Ontario Cannabis Store

2019-05-27 18:02:08 - [TEST_STEP][PASSED] - if (a15 == b15): correct window page 

2019-05-27 18:02:08 - [TEST_STEP][PASSED] - comment("correct window page "): correct window page 

2019-05-27 18:02:08 - [MESSAGE][INFO] - correct window page 

2019-05-27 18:02:08 - [TEST_STEP][PASSED] - delay(1, CONTINUE_ON_FAILURE): Delayed 1 second(s)

2019-05-27 18:02:09 - [MESSAGE][PASSED] - Delayed 1 second(s)

2019-05-27 18:02:09 - [TEST_STEP][PASSED] - click(findTestObject("OCS-MOBILE /Age gate and burger menu/Burger menu - English"), CONTINUE_ON_FAILURE): Object: 'Object Repository/OCS-MOBILE /Age gate and burger menu/Burger menu - English' is clicked on

2019-05-27 18:02:09 - [MESSAGE][PASSED] - Object: 'Object Repository/OCS-MOBILE /Age gate and burger menu/Burger menu - English' is clicked on

2019-05-27 18:02:09 - [TEST_STEP][PASSED] - delay(2, CONTINUE_ON_FAILURE): Delayed 2 second(s)

2019-05-27 18:02:11 - [MESSAGE][PASSED] - Delayed 2 second(s)

2019-05-27 18:02:11 - [TEST_STEP][PASSED] - click(findTestObject("OCS-MOBILE /Accessories page/accessories chevron"), CONTINUE_ON_FAILURE): Object: 'Object Repository/OCS-MOBILE /Accessories page/accessories chevron' is clicked on

2019-05-27 18:02:11 - [MESSAGE][PASSED] - Object: 'Object Repository/OCS-MOBILE /Accessories page/accessories chevron' is clicked on

2019-05-27 18:02:11 - [TEST_STEP][PASSED] - delay(1, CONTINUE_ON_FAILURE): Delayed 1 second(s)

2019-05-27 18:02:12 - [MESSAGE][PASSED] - Delayed 1 second(s)

2019-05-27 18:02:12 - [TEST_STEP][PASSED] - executeJavaScript("var previewBar = document.getElementById("preview-bar-iframe"); previewBar.style.display = "none";", []): Execute JavaScript 'var previewBar = document.getElementById("preview-bar-iframe"); previewBar.style.display = "none";' successfully

2019-05-27 18:02:13 - [MESSAGE][PASSED] - Execute JavaScript 'var previewBar = document.getElementById("preview-bar-iframe"); previewBar.style.display = "none";' successfully

2019-05-27 18:02:13 - [TEST_STEP][PASSED] - delay(1, CONTINUE_ON_FAILURE): Delayed 1 second(s)

2019-05-27 18:02:14 - [MESSAGE][PASSED] - Delayed 1 second(s)

2019-05-27 18:02:14 - [TEST_STEP][PASSED] - click(findTestObject("OCS-MOBILE /Accessories page/New accessories")): Object: 'Object Repository/OCS-MOBILE /Accessories page/New accessories' is clicked on

2019-05-27 18:02:15 - [MESSAGE][PASSED] - Object: 'Object Repository/OCS-MOBILE /Accessories page/New accessories' is clicked on

2019-05-27 18:02:15 - [TEST_STEP][PASSED] - delay(1, OPTIONAL): Delayed 1 second(s)

2019-05-27 18:02:16 - [MESSAGE][PASSED] - Delayed 1 second(s)

2019-05-27 18:02:16 - [TEST_STEP][PASSED] - click(findTestObject("OCS-MOBILE /Age gate and burger menu/Burger menu - English"), CONTINUE_ON_FAILURE): Object: 'Object Repository/OCS-MOBILE /Age gate and burger menu/Burger menu - English' is clicked on

2019-05-27 18:02:16 - [MESSAGE][PASSED] - Object: 'Object Repository/OCS-MOBILE /Age gate and burger menu/Burger menu - English' is clicked on

2019-05-27 18:02:16 - [TEST_STEP][PASSED] - delay(2, CONTINUE_ON_FAILURE): Delayed 2 second(s)

2019-05-27 18:02:18 - [MESSAGE][PASSED] - Delayed 2 second(s)

2019-05-27 18:02:18 - [TEST_STEP][PASSED] - click(findTestObject("OCS-MOBILE /Accessories page/accessories chevron"), CONTINUE_ON_FAILURE): Object: 'Object Repository/OCS-MOBILE /Accessories page/accessories chevron' is clicked on

2019-05-27 18:02:18 - [MESSAGE][PASSED] - Object: 'Object Repository/OCS-MOBILE /Accessories page/accessories chevron' is clicked on

2019-05-27 18:02:18 - [TEST_STEP][PASSED] - delay(1, CONTINUE_ON_FAILURE): Delayed 1 second(s)

2019-05-27 18:02:19 - [MESSAGE][PASSED] - Delayed 1 second(s)

2019-05-27 18:02:19 - [TEST_STEP][PASSED] - executeJavaScript("var previewBar = document.getElementById("preview-bar-iframe"); previewBar.style.display = "none";", []): Execute JavaScript 'var previewBar = document.getElementById("preview-bar-iframe"); previewBar.style.display = "none";' successfully

2019-05-27 18:02:19 - [MESSAGE][PASSED] - Execute JavaScript 'var previewBar = document.getElementById("preview-bar-iframe"); previewBar.style.display = "none";' successfully

2019-05-27 18:02:19 - [TEST_STEP][PASSED] - click(findTestObject("OCS-MOBILE /Accessories page/Storage _img")): Object: 'Object Repository/OCS-MOBILE /Accessories page/Storage _img' is clicked on

2019-05-27 18:02:21 - [MESSAGE][PASSED] - Object: 'Object Repository/OCS-MOBILE /Accessories page/Storage _img' is clicked on

2019-05-27 18:02:21 - [TEST_STEP][PASSED] - delay(1, CONTINUE_ON_FAILURE): Delayed 1 second(s)

2019-05-27 18:02:22 - [MESSAGE][PASSED] - Delayed 1 second(s)

2019-05-27 18:02:22 - [TEST_STEP][PASSED] - click(findTestObject("OCS-MOBILE /Age gate and burger menu/Burger menu - English"), CONTINUE_ON_FAILURE): Object: 'Object Repository/OCS-MOBILE /Age gate and burger menu/Burger menu - English' is clicked on

2019-05-27 18:02:22 - [MESSAGE][PASSED] - Object: 'Object Repository/OCS-MOBILE /Age gate and burger menu/Burger menu - English' is clicked on

2019-05-27 18:02:22 - [TEST_STEP][PASSED] - delay(2, CONTINUE_ON_FAILURE): Delayed 2 second(s)

2019-05-27 18:02:24 - [MESSAGE][PASSED] - Delayed 2 second(s)

2019-05-27 18:02:24 - [TEST_STEP][PASSED] - click(findTestObject("OCS-MOBILE /Accessories page/accessories chevron"), CONTINUE_ON_FAILURE): Object: 'Object Repository/OCS-MOBILE /Accessories page/accessories chevron' is clicked on

2019-05-27 18:02:24 - [MESSAGE][PASSED] - Object: 'Object Repository/OCS-MOBILE /Accessories page/accessories chevron' is clicked on

2019-05-27 18:02:24 - [TEST_STEP][PASSED] - delay(1, OPTIONAL): Delayed 1 second(s)

2019-05-27 18:02:25 - [MESSAGE][PASSED] - Delayed 1 second(s)

2019-05-27 18:02:25 - [TEST_STEP][PASSED] - executeJavaScript("var previewBar = document.getElementById("preview-bar-iframe"); previewBar.style.display = "none";", []): Execute JavaScript 'var previewBar = document.getElementById("preview-bar-iframe"); previewBar.style.display = "none";' successfully

2019-05-27 18:02:25 - [MESSAGE][PASSED] - Execute JavaScript 'var previewBar = document.getElementById("preview-bar-iframe"); previewBar.style.display = "none";' successfully

2019-05-27 18:02:25 - [TEST_STEP][PASSED] - delay(2, CONTINUE_ON_FAILURE): Delayed 2 second(s)

2019-05-27 18:02:27 - [MESSAGE][PASSED] - Delayed 2 second(s)

2019-05-27 18:02:27 - [TEST_STEP][PASSED] - click(findTestObject("OCS-MOBILE /Accessories page/Shop all acessories")): Object: 'Object Repository/OCS-MOBILE /Accessories page/Shop all acessories' is clicked on

2019-05-27 18:02:29 - [MESSAGE][PASSED] - Object: 'Object Repository/OCS-MOBILE /Accessories page/Shop all acessories' is clicked on]]></system-out>
         <system-err><![CDATA[]]></system-err>
      </testcase>
      <testcase name="Test Cases/OCS - MOBILE/OCS- HOME PAGE/HP- Burger menu- Learn" classname="Test Cases/OCS - MOBILE/OCS- HOME PAGE/HP- Burger menu- Learn" status="FAILED">
         <failure type="FAILED" message="Test Cases/OCS - MOBILE/OCS- HOME PAGE/HP- Burger menu- Learn FAILED.
Reason:
com.kms.katalon.core.exception.StepFailedException: Unable to verify text 'These facts are good to know before making a cannabis purchase.' is present  using regular expression (Root cause: com.kms.katalon.core.exception.StepFailedException: Text 'These facts are good to know before making a cannabis purchase.' is not present on page  using regular expression)
	at com.kms.katalon.core.keyword.internal.KeywordMain.stepFailed(KeywordMain.groovy:36)
	at com.kms.katalon.core.webui.keyword.internal.WebUIKeywordMain.stepFailed(WebUIKeywordMain.groovy:65)
	at com.kms.katalon.core.webui.keyword.internal.WebUIKeywordMain.runKeyword(WebUIKeywordMain.groovy:27)
	at com.kms.katalon.core.webui.keyword.builtin.VerifyTextPresentKeyword.verifyTextPresent(VerifyTextPresentKeyword.groovy:83)
	at com.kms.katalon.core.webui.keyword.builtin.VerifyTextPresentKeyword.execute(VerifyTextPresentKeyword.groovy:68)
	at com.kms.katalon.core.keyword.internal.KeywordExecutor.executeKeywordForPlatform(KeywordExecutor.groovy:53)
	at com.kms.katalon.core.webui.keyword.WebUiBuiltInKeywords.verifyTextPresent(WebUiBuiltInKeywords.groovy:1693)
	at com.kms.katalon.core.webui.keyword.WebUiBuiltInKeywords$verifyTextPresent$10.call(Unknown Source)
	at HP- Burger menu- Learn.run(HP- Burger menu- Learn:377)
	at com.kms.katalon.core.main.ScriptEngine.run(ScriptEngine.java:194)
	at com.kms.katalon.core.main.ScriptEngine.runScriptAsRawText(ScriptEngine.java:119)
	at com.kms.katalon.core.main.TestCaseExecutor.runScript(TestCaseExecutor.java:328)
	at com.kms.katalon.core.main.TestCaseExecutor.doExecute(TestCaseExecutor.java:319)
	at com.kms.katalon.core.main.TestCaseExecutor.processExecutionPhase(TestCaseExecutor.java:298)
	at com.kms.katalon.core.main.TestCaseExecutor.accessMainPhase(TestCaseExecutor.java:290)
	at com.kms.katalon.core.main.TestCaseExecutor.execute(TestCaseExecutor.java:224)
	at com.kms.katalon.core.main.TestSuiteExecutor.accessTestCaseMainPhase(TestSuiteExecutor.java:129)
	at com.kms.katalon.core.main.TestSuiteExecutor.accessTestSuiteMainPhase(TestSuiteExecutor.java:112)
	at com.kms.katalon.core.main.TestSuiteExecutor.execute(TestSuiteExecutor.java:81)
	at com.kms.katalon.core.main.TestCaseMain.startTestSuite(TestCaseMain.java:149)
	at com.kms.katalon.core.main.TestCaseMain$startTestSuite$0.call(Unknown Source)
	at TempTestSuite1558993457442.run(TempTestSuite1558993457442.groovy:36)
"/>
         <system-out><![CDATA[2019-05-27 18:02:29 - [TEST_CASE][FAILED] - Test Cases/OCS - MOBILE/OCS- HOME PAGE/HP- Burger menu- Learn: Test Cases/OCS - MOBILE/OCS- HOME PAGE/HP- Burger menu- Learn FAILED.
Reason:
com.kms.katalon.core.exception.StepFailedException: Unable to verify text 'These facts are good to know before making a cannabis purchase.' is present  using regular expression (Root cause: com.kms.katalon.core.exception.StepFailedException: Text 'These facts are good to know before making a cannabis purchase.' is not present on page  using regular expression)
	at com.kms.katalon.core.keyword.internal.KeywordMain.stepFailed(KeywordMain.groovy:36)
	at com.kms.katalon.core.webui.keyword.internal.WebUIKeywordMain.stepFailed(WebUIKeywordMain.groovy:65)
	at com.kms.katalon.core.webui.keyword.internal.WebUIKeywordMain.runKeyword(WebUIKeywordMain.groovy:27)
	at com.kms.katalon.core.webui.keyword.builtin.VerifyTextPresentKeyword.verifyTextPresent(VerifyTextPresentKeyword.groovy:83)
	at com.kms.katalon.core.webui.keyword.builtin.VerifyTextPresentKeyword.execute(VerifyTextPresentKeyword.groovy:68)
	at com.kms.katalon.core.keyword.internal.KeywordExecutor.executeKeywordForPlatform(KeywordExecutor.groovy:53)
	at com.kms.katalon.core.webui.keyword.WebUiBuiltInKeywords.verifyTextPresent(WebUiBuiltInKeywords.groovy:1693)
	at com.kms.katalon.core.webui.keyword.WebUiBuiltInKeywords$verifyTextPresent$10.call(Unknown Source)
	at HP- Burger menu- Learn.run(HP- Burger menu- Learn:377)
	at com.kms.katalon.core.main.ScriptEngine.run(ScriptEngine.java:194)
	at com.kms.katalon.core.main.ScriptEngine.runScriptAsRawText(ScriptEngine.java:119)
	at com.kms.katalon.core.main.TestCaseExecutor.runScript(TestCaseExecutor.java:328)
	at com.kms.katalon.core.main.TestCaseExecutor.doExecute(TestCaseExecutor.java:319)
	at com.kms.katalon.core.main.TestCaseExecutor.processExecutionPhase(TestCaseExecutor.java:298)
	at com.kms.katalon.core.main.TestCaseExecutor.accessMainPhase(TestCaseExecutor.java:290)
	at com.kms.katalon.core.main.TestCaseExecutor.execute(TestCaseExecutor.java:224)
	at com.kms.katalon.core.main.TestSuiteExecutor.accessTestCaseMainPhase(TestSuiteExecutor.java:129)
	at com.kms.katalon.core.main.TestSuiteExecutor.accessTestSuiteMainPhase(TestSuiteExecutor.java:112)
	at com.kms.katalon.core.main.TestSuiteExecutor.execute(TestSuiteExecutor.java:81)
	at com.kms.katalon.core.main.TestCaseMain.startTestSuite(TestCaseMain.java:149)
	at com.kms.katalon.core.main.TestCaseMain$startTestSuite$0.call(Unknown Source)
	at TempTestSuite1558993457442.run(TempTestSuite1558993457442.groovy:36)


2019-05-27 18:02:29 - [TEST_STEP][PASSED] - callTestCase(findTestCase("OCS - MOBILE/CALL - AGE GATE"), [:], STOP_ON_FAILURE): Call Test Case 'Test Cases/OCS - MOBILE/CALL - AGE GATE' successfully

2019-05-27 18:02:29 - [TEST_CASE][PASSED] - Test Cases/OCS - MOBILE/CALL - AGE GATE: Test Cases/OCS - MOBILE/CALL - AGE GATE

2019-05-27 18:02:29 - [TEST_STEP][PASSED] - openBrowser(""): Browser is opened with url: ''

2019-05-27 18:02:29 - [MESSAGE][WARNING] - A browser is already opened. Closing browser and opening a new one

2019-05-27 18:02:29 - [MESSAGE][INFO] - Starting 'Chrome' driver

2019-05-27 18:02:30 - [MESSAGE][PASSED] - Browser is opened with url: ''

2019-05-27 18:02:30 - [TEST_STEP][PASSED] - navigateToUrl("https://ocs.ca/?fts=0&preview_theme_id=53376026444"): Navigate to 'https://ocs.ca/?fts=0&preview_theme_id=53376026444' successfully

2019-05-27 18:02:36 - [MESSAGE][PASSED] - Navigate to 'https://ocs.ca/?fts=0&preview_theme_id=53376026444' successfully

2019-05-27 18:02:36 - [TEST_STEP][NOT_RUN] - executeJavaScript("var previewBar = document.getElementById("preview-bar-iframe"); previewBar.style.display = "none";", []): NOT_RUN: executeJavaScript("var previewBar = document.getElementById("preview-bar-iframe"); previewBar.style.display = "none";", [])

2019-05-27 18:02:36 - [MESSAGE][NOT_RUN] - NOT_RUN: executeJavaScript("var previewBar = document.getElementById("preview-bar-iframe"); previewBar.style.display = "none";", [])

2019-05-27 18:02:36 - [TEST_STEP][PASSED] - setViewPortSize(360, 800): Viewport is set to new size with width = 360 and height = 800

2019-05-27 18:02:37 - [MESSAGE][PASSED] - Viewport is set to new size with width = 360 and height = 800

2019-05-27 18:02:37 - [TEST_STEP][PASSED] - delay(4): Delayed 4 second(s)

2019-05-27 18:02:41 - [MESSAGE][PASSED] - Delayed 4 second(s)

2019-05-27 18:02:41 - [TEST_STEP][PASSED] - selectOptionByValue(findTestObject("OCS-MOBILE /Age gate and burger menu/Date"), "12", true): All options with value '12' are selected in object 'Object Repository/OCS-MOBILE /Age gate and burger menu/Date'  using regular expression

2019-05-27 18:02:41 - [MESSAGE][PASSED] - All options with value '12' are selected in object 'Object Repository/OCS-MOBILE /Age gate and burger menu/Date'  using regular expression

2019-05-27 18:02:41 - [TEST_STEP][PASSED] - selectOptionByValue(findTestObject("OCS-MOBILE /Age gate and burger menu/month"), "6", true): All options with value '6' are selected in object 'Object Repository/OCS-MOBILE /Age gate and burger menu/month'  using regular expression

2019-05-27 18:02:41 - [MESSAGE][PASSED] - All options with value '6' are selected in object 'Object Repository/OCS-MOBILE /Age gate and burger menu/month'  using regular expression

2019-05-27 18:02:41 - [TEST_STEP][PASSED] - delay(2): Delayed 2 second(s)

2019-05-27 18:02:43 - [MESSAGE][PASSED] - Delayed 2 second(s)

2019-05-27 18:02:43 - [TEST_STEP][PASSED] - selectOptionByValue(findTestObject("OCS-MOBILE /Age gate and burger menu/Year Dropdown"), "1990", true): All options with value '1990' are selected in object 'Object Repository/OCS-MOBILE /Age gate and burger menu/Year Dropdown'  using regular expression

2019-05-27 18:02:44 - [MESSAGE][PASSED] - All options with value '1990' are selected in object 'Object Repository/OCS-MOBILE /Age gate and burger menu/Year Dropdown'  using regular expression

2019-05-27 18:02:44 - [TEST_STEP][PASSED] - click(findTestObject("OCS-MOBILE /Age gate and burger menu/button_Verify")): Object: 'Object Repository/OCS-MOBILE /Age gate and burger menu/button_Verify' is clicked on

2019-05-27 18:02:44 - [MESSAGE][PASSED] - Object: 'Object Repository/OCS-MOBILE /Age gate and burger menu/button_Verify' is clicked on

2019-05-27 18:02:44 - [TEST_STEP][PASSED] - click(findTestObject("OCS-MOBILE /Age gate and burger menu/Checkbox_CONFIRM AND ACKNOWLEDGE")): Object: 'Object Repository/OCS-MOBILE /Age gate and burger menu/Checkbox_CONFIRM AND ACKNOWLEDGE' is clicked on

2019-05-27 18:02:44 - [MESSAGE][PASSED] - Object: 'Object Repository/OCS-MOBILE /Age gate and burger menu/Checkbox_CONFIRM AND ACKNOWLEDGE' is clicked on

2019-05-27 18:02:44 - [TEST_STEP][PASSED] - click(findTestObject("OCS-MOBILE /Age gate and burger menu/button_CONFIRM")): Object: 'Object Repository/OCS-MOBILE /Age gate and burger menu/button_CONFIRM' is clicked on

2019-05-27 18:02:44 - [MESSAGE][PASSED] - Object: 'Object Repository/OCS-MOBILE /Age gate and burger menu/button_CONFIRM' is clicked on

2019-05-27 18:02:44 - [TEST_STEP][PASSED] - click(findTestObject("OCS-MOBILE /Age gate and burger menu/button_Start Browsing")): Object: 'Object Repository/OCS-MOBILE /Age gate and burger menu/button_Start Browsing' is clicked on

2019-05-27 18:02:44 - [MESSAGE][PASSED] - Object: 'Object Repository/OCS-MOBILE /Age gate and burger menu/button_Start Browsing' is clicked on

2019-05-27 18:02:44 - [MESSAGE][PASSED] - Call Test Case 'Test Cases/OCS - MOBILE/CALL - AGE GATE' successfully

2019-05-27 18:02:44 - [TEST_STEP][PASSED] - delay(2): Delayed 2 second(s)

2019-05-27 18:02:46 - [MESSAGE][PASSED] - Delayed 2 second(s)

2019-05-27 18:02:46 - [TEST_STEP][PASSED] - click(findTestObject("OCS-MOBILE /Age gate and burger menu/Burger menu - English"), CONTINUE_ON_FAILURE): Object: 'Object Repository/OCS-MOBILE /Age gate and burger menu/Burger menu - English' is clicked on

2019-05-27 18:02:47 - [MESSAGE][PASSED] - Object: 'Object Repository/OCS-MOBILE /Age gate and burger menu/Burger menu - English' is clicked on

2019-05-27 18:02:47 - [TEST_STEP][PASSED] - delay(2, CONTINUE_ON_FAILURE): Delayed 2 second(s)

2019-05-27 18:02:49 - [MESSAGE][PASSED] - Delayed 2 second(s)

2019-05-27 18:02:49 - [TEST_STEP][PASSED] - click(findTestObject("OCS-MOBILE /LEARN page/Learn chevron")): Object: 'Object Repository/OCS-MOBILE /LEARN page/Learn chevron' is clicked on

2019-05-27 18:02:49 - [MESSAGE][PASSED] - Object: 'Object Repository/OCS-MOBILE /LEARN page/Learn chevron' is clicked on

2019-05-27 18:02:49 - [TEST_STEP][PASSED] - delay(2): Delayed 2 second(s)

2019-05-27 18:02:51 - [MESSAGE][PASSED] - Delayed 2 second(s)

2019-05-27 18:02:51 - [TEST_STEP][PASSED] - click(findTestObject("OCS-MOBILE /LEARN page/How Cannabis Works plus accordian")): Object: 'Object Repository/OCS-MOBILE /LEARN page/How Cannabis Works plus accordian' is clicked on

2019-05-27 18:02:51 - [MESSAGE][PASSED] - Object: 'Object Repository/OCS-MOBILE /LEARN page/How Cannabis Works plus accordian' is clicked on

2019-05-27 18:02:51 - [TEST_STEP][PASSED] - click(findTestObject("OCS-MOBILE /LEARN page/How Cannabis Works Subtract accordian")): Object: 'Object Repository/OCS-MOBILE /LEARN page/How Cannabis Works Subtract accordian' is clicked on

2019-05-27 18:02:51 - [MESSAGE][PASSED] - Object: 'Object Repository/OCS-MOBILE /LEARN page/How Cannabis Works Subtract accordian' is clicked on

2019-05-27 18:02:51 - [TEST_STEP][PASSED] - click(findTestObject("OCS-MOBILE /LEARN page/How Cannabis Works plus accordian")): Object: 'Object Repository/OCS-MOBILE /LEARN page/How Cannabis Works plus accordian' is clicked on

2019-05-27 18:02:51 - [MESSAGE][PASSED] - Object: 'Object Repository/OCS-MOBILE /LEARN page/How Cannabis Works plus accordian' is clicked on

2019-05-27 18:02:51 - [TEST_STEP][PASSED] - click(findTestObject("OCS-MOBILE /LEARN page/The Effects of Cannabis Chevron")): Object: 'Object Repository/OCS-MOBILE /LEARN page/The Effects of Cannabis Chevron' is clicked on

2019-05-27 18:02:54 - [MESSAGE][PASSED] - Object: 'Object Repository/OCS-MOBILE /LEARN page/The Effects of Cannabis Chevron' is clicked on

2019-05-27 18:02:54 - [TEST_STEP][PASSED] - verifyTextPresent("The Effects of Cannabis", true): Text 'The Effects of Cannabis' is present on page  using regular expression

2019-05-27 18:02:54 - [MESSAGE][PASSED] - Text 'The Effects of Cannabis' is present on page  using regular expression

2019-05-27 18:02:54 - [TEST_STEP][PASSED] - delay(2): Delayed 2 second(s)

2019-05-27 18:02:56 - [MESSAGE][PASSED] - Delayed 2 second(s)

2019-05-27 18:02:56 - [TEST_STEP][PASSED] - click(findTestObject("OCS-MOBILE /Age gate and burger menu/Burger menu - English"), CONTINUE_ON_FAILURE): Object: 'Object Repository/OCS-MOBILE /Age gate and burger menu/Burger menu - English' is clicked on

2019-05-27 18:02:56 - [MESSAGE][PASSED] - Object: 'Object Repository/OCS-MOBILE /Age gate and burger menu/Burger menu - English' is clicked on

2019-05-27 18:02:56 - [TEST_STEP][PASSED] - delay(2, CONTINUE_ON_FAILURE): Delayed 2 second(s)

2019-05-27 18:02:58 - [MESSAGE][PASSED] - Delayed 2 second(s)

2019-05-27 18:02:58 - [TEST_STEP][PASSED] - click(findTestObject("OCS-MOBILE /LEARN page/Learn chevron")): Object: 'Object Repository/OCS-MOBILE /LEARN page/Learn chevron' is clicked on

2019-05-27 18:02:58 - [MESSAGE][PASSED] - Object: 'Object Repository/OCS-MOBILE /LEARN page/Learn chevron' is clicked on

2019-05-27 18:02:58 - [TEST_STEP][PASSED] - delay(2): Delayed 2 second(s)

2019-05-27 18:03:00 - [MESSAGE][PASSED] - Delayed 2 second(s)

2019-05-27 18:03:00 - [TEST_STEP][PASSED] - click(findTestObject("OCS-MOBILE /LEARN page/How Cannabis Works plus accordian")): Object: 'Object Repository/OCS-MOBILE /LEARN page/How Cannabis Works plus accordian' is clicked on

2019-05-27 18:03:00 - [MESSAGE][PASSED] - Object: 'Object Repository/OCS-MOBILE /LEARN page/How Cannabis Works plus accordian' is clicked on

2019-05-27 18:03:00 - [TEST_STEP][PASSED] - delay(1): Delayed 1 second(s)

2019-05-27 18:03:01 - [MESSAGE][PASSED] - Delayed 1 second(s)

2019-05-27 18:03:01 - [TEST_STEP][PASSED] - click(findTestObject("OCS-MOBILE /LEARN page/Endocannabinoids chevron")): Object: 'Object Repository/OCS-MOBILE /LEARN page/Endocannabinoids chevron' is clicked on

2019-05-27 18:03:04 - [MESSAGE][PASSED] - Object: 'Object Repository/OCS-MOBILE /LEARN page/Endocannabinoids chevron' is clicked on

2019-05-27 18:03:04 - [TEST_STEP][PASSED] - verifyTextPresent("The Endocannabinoid System", true): Text 'The Endocannabinoid System' is present on page  using regular expression

2019-05-27 18:03:04 - [MESSAGE][PASSED] - Text 'The Endocannabinoid System' is present on page  using regular expression

2019-05-27 18:03:04 - [TEST_STEP][PASSED] - delay(2): Delayed 2 second(s)

2019-05-27 18:03:06 - [MESSAGE][PASSED] - Delayed 2 second(s)

2019-05-27 18:03:06 - [TEST_STEP][PASSED] - click(findTestObject("OCS-MOBILE /Age gate and burger menu/Burger menu - English"), CONTINUE_ON_FAILURE): Object: 'Object Repository/OCS-MOBILE /Age gate and burger menu/Burger menu - English' is clicked on

2019-05-27 18:03:07 - [MESSAGE][PASSED] - Object: 'Object Repository/OCS-MOBILE /Age gate and burger menu/Burger menu - English' is clicked on

2019-05-27 18:03:07 - [TEST_STEP][PASSED] - delay(2, CONTINUE_ON_FAILURE): Delayed 2 second(s)

2019-05-27 18:03:09 - [MESSAGE][PASSED] - Delayed 2 second(s)

2019-05-27 18:03:09 - [TEST_STEP][PASSED] - click(findTestObject("OCS-MOBILE /LEARN page/Learn chevron")): Object: 'Object Repository/OCS-MOBILE /LEARN page/Learn chevron' is clicked on

2019-05-27 18:03:09 - [MESSAGE][PASSED] - Object: 'Object Repository/OCS-MOBILE /LEARN page/Learn chevron' is clicked on

2019-05-27 18:03:09 - [TEST_STEP][PASSED] - delay(2): Delayed 2 second(s)

2019-05-27 18:03:11 - [MESSAGE][PASSED] - Delayed 2 second(s)

2019-05-27 18:03:11 - [TEST_STEP][PASSED] - click(findTestObject("OCS-MOBILE /LEARN page/How Cannabis Works plus accordian")): Object: 'Object Repository/OCS-MOBILE /LEARN page/How Cannabis Works plus accordian' is clicked on

2019-05-27 18:03:11 - [MESSAGE][PASSED] - Object: 'Object Repository/OCS-MOBILE /LEARN page/How Cannabis Works plus accordian' is clicked on

2019-05-27 18:03:11 - [TEST_STEP][PASSED] - delay(1): Delayed 1 second(s)

2019-05-27 18:03:12 - [MESSAGE][PASSED] - Delayed 1 second(s)

2019-05-27 18:03:12 - [TEST_STEP][PASSED] - click(findTestObject("OCS-MOBILE /LEARN page/Read More -1")): Object: 'Object Repository/OCS-MOBILE /LEARN page/Read More -1' is clicked on

2019-05-27 18:03:14 - [MESSAGE][PASSED] - Object: 'Object Repository/OCS-MOBILE /LEARN page/Read More -1' is clicked on

2019-05-27 18:03:14 - [TEST_STEP][PASSED] - verifyTextPresent("The human reaction to cannabis.", false): Text 'The human reaction to cannabis.' is present on page 

2019-05-27 18:03:14 - [MESSAGE][PASSED] - Text 'The human reaction to cannabis.' is present on page 

2019-05-27 18:03:14 - [TEST_STEP][PASSED] - delay(2): Delayed 2 second(s)

2019-05-27 18:03:16 - [MESSAGE][PASSED] - Delayed 2 second(s)

2019-05-27 18:03:16 - [TEST_STEP][PASSED] - click(findTestObject("OCS-MOBILE /Age gate and burger menu/Burger menu - English"), CONTINUE_ON_FAILURE): Object: 'Object Repository/OCS-MOBILE /Age gate and burger menu/Burger menu - English' is clicked on

2019-05-27 18:03:16 - [MESSAGE][PASSED] - Object: 'Object Repository/OCS-MOBILE /Age gate and burger menu/Burger menu - English' is clicked on

2019-05-27 18:03:16 - [TEST_STEP][PASSED] - delay(2, CONTINUE_ON_FAILURE): Delayed 2 second(s)

2019-05-27 18:03:18 - [MESSAGE][PASSED] - Delayed 2 second(s)

2019-05-27 18:03:18 - [TEST_STEP][PASSED] - click(findTestObject("OCS-MOBILE /LEARN page/Learn chevron")): Object: 'Object Repository/OCS-MOBILE /LEARN page/Learn chevron' is clicked on

2019-05-27 18:03:18 - [MESSAGE][PASSED] - Object: 'Object Repository/OCS-MOBILE /LEARN page/Learn chevron' is clicked on

2019-05-27 18:03:18 - [TEST_STEP][PASSED] - delay(2): Delayed 2 second(s)

2019-05-27 18:03:20 - [MESSAGE][PASSED] - Delayed 2 second(s)

2019-05-27 18:03:20 - [TEST_STEP][PASSED] - click(findTestObject("OCS-MOBILE /LEARN page/Cannabis Anatomy plus accordian")): Object: 'Object Repository/OCS-MOBILE /LEARN page/Cannabis Anatomy plus accordian' is clicked on

2019-05-27 18:03:20 - [MESSAGE][PASSED] - Object: 'Object Repository/OCS-MOBILE /LEARN page/Cannabis Anatomy plus accordian' is clicked on

2019-05-27 18:03:20 - [TEST_STEP][PASSED] - click(findTestObject("OCS-MOBILE /LEARN page/Cannabis Anatomy subtract accordian")): Object: 'Object Repository/OCS-MOBILE /LEARN page/Cannabis Anatomy subtract accordian' is clicked on

2019-05-27 18:03:21 - [MESSAGE][PASSED] - Object: 'Object Repository/OCS-MOBILE /LEARN page/Cannabis Anatomy subtract accordian' is clicked on

2019-05-27 18:03:21 - [TEST_STEP][PASSED] - click(findTestObject("OCS-MOBILE /LEARN page/Cannabis Anatomy plus accordian")): Object: 'Object Repository/OCS-MOBILE /LEARN page/Cannabis Anatomy plus accordian' is clicked on

2019-05-27 18:03:21 - [MESSAGE][PASSED] - Object: 'Object Repository/OCS-MOBILE /LEARN page/Cannabis Anatomy plus accordian' is clicked on

2019-05-27 18:03:21 - [TEST_STEP][PASSED] - click(findTestObject("OCS-MOBILE /LEARN page/CBD Chevron")): Object: 'Object Repository/OCS-MOBILE /LEARN page/CBD Chevron' is clicked on

2019-05-27 18:03:23 - [MESSAGE][PASSED] - Object: 'Object Repository/OCS-MOBILE /LEARN page/CBD Chevron' is clicked on

2019-05-27 18:03:23 - [TEST_STEP][PASSED] - delay(2): Delayed 2 second(s)

2019-05-27 18:03:25 - [MESSAGE][PASSED] - Delayed 2 second(s)

2019-05-27 18:03:25 - [TEST_STEP][PASSED] - verifyTextPresent("CANNABIS ANATOMY", false, CONTINUE_ON_FAILURE): Text 'CANNABIS ANATOMY' is present on page 

2019-05-27 18:03:25 - [MESSAGE][PASSED] - Text 'CANNABIS ANATOMY' is present on page 

2019-05-27 18:03:25 - [TEST_STEP][PASSED] - delay(2): Delayed 2 second(s)

2019-05-27 18:03:27 - [MESSAGE][PASSED] - Delayed 2 second(s)

2019-05-27 18:03:27 - [TEST_STEP][PASSED] - click(findTestObject("OCS-MOBILE /Age gate and burger menu/Burger menu - English"), CONTINUE_ON_FAILURE): Object: 'Object Repository/OCS-MOBILE /Age gate and burger menu/Burger menu - English' is clicked on

2019-05-27 18:03:27 - [MESSAGE][PASSED] - Object: 'Object Repository/OCS-MOBILE /Age gate and burger menu/Burger menu - English' is clicked on

2019-05-27 18:03:27 - [TEST_STEP][PASSED] - delay(2, CONTINUE_ON_FAILURE): Delayed 2 second(s)

2019-05-27 18:03:29 - [MESSAGE][PASSED] - Delayed 2 second(s)

2019-05-27 18:03:29 - [TEST_STEP][PASSED] - click(findTestObject("OCS-MOBILE /LEARN page/Learn chevron")): Object: 'Object Repository/OCS-MOBILE /LEARN page/Learn chevron' is clicked on

2019-05-27 18:03:29 - [MESSAGE][PASSED] - Object: 'Object Repository/OCS-MOBILE /LEARN page/Learn chevron' is clicked on

2019-05-27 18:03:29 - [TEST_STEP][PASSED] - delay(2): Delayed 2 second(s)

2019-05-27 18:03:31 - [MESSAGE][PASSED] - Delayed 2 second(s)

2019-05-27 18:03:31 - [TEST_STEP][PASSED] - click(findTestObject("OCS-MOBILE /LEARN page/Cannabis Anatomy plus accordian")): Object: 'Object Repository/OCS-MOBILE /LEARN page/Cannabis Anatomy plus accordian' is clicked on

2019-05-27 18:03:31 - [MESSAGE][PASSED] - Object: 'Object Repository/OCS-MOBILE /LEARN page/Cannabis Anatomy plus accordian' is clicked on

2019-05-27 18:03:31 - [TEST_STEP][PASSED] - delay(1): Delayed 1 second(s)

2019-05-27 18:03:32 - [MESSAGE][PASSED] - Delayed 1 second(s)

2019-05-27 18:03:32 - [TEST_STEP][PASSED] - click(findTestObject("OCS-MOBILE /LEARN page/Terpenes chevron")): Object: 'Object Repository/OCS-MOBILE /LEARN page/Terpenes chevron' is clicked on

2019-05-27 18:03:35 - [MESSAGE][PASSED] - Object: 'Object Repository/OCS-MOBILE /LEARN page/Terpenes chevron' is clicked on

2019-05-27 18:03:35 - [TEST_STEP][NOT_RUN] - click(findTestObject("Learn_spy/Page_Ontario Cannabis Store  Ontari/h3_Learn")): NOT_RUN: click(findTestObject("Learn_spy/Page_Ontario Cannabis Store  Ontari/h3_Learn"))

2019-05-27 18:03:35 - [MESSAGE][NOT_RUN] - NOT_RUN: click(findTestObject("Learn_spy/Page_Ontario Cannabis Store  Ontari/h3_Learn"))

2019-05-27 18:03:35 - [TEST_STEP][NOT_RUN] - click(findTestObject("Object Repository/Learn_OR/Page_The Effects of Cannabis  Ontar/a_Read More")): NOT_RUN: click(findTestObject("Object Repository/Learn_OR/Page_The Effects of Cannabis  Ontar/a_Read More"))

2019-05-27 18:03:35 - [MESSAGE][NOT_RUN] - NOT_RUN: click(findTestObject("Object Repository/Learn_OR/Page_The Effects of Cannabis  Ontar/a_Read More"))

2019-05-27 18:03:35 - [TEST_STEP][PASSED] - verifyTextPresent("Terpenes give cannabis strains their unique aromas.", true): Text 'Terpenes give cannabis strains their unique aromas.' is present on page  using regular expression

2019-05-27 18:03:36 - [MESSAGE][PASSED] - Text 'Terpenes give cannabis strains their unique aromas.' is present on page  using regular expression

2019-05-27 18:03:36 - [TEST_STEP][NOT_RUN] - click(findTestObject("Learn_spy/Page_Ontario Cannabis Store  Ontari/h3_Learn")): NOT_RUN: click(findTestObject("Learn_spy/Page_Ontario Cannabis Store  Ontari/h3_Learn"))

2019-05-27 18:03:36 - [MESSAGE][NOT_RUN] - NOT_RUN: click(findTestObject("Learn_spy/Page_Ontario Cannabis Store  Ontari/h3_Learn"))

2019-05-27 18:03:36 - [TEST_STEP][NOT_RUN] - click(findTestObject("Object Repository/Learn_OR/Page_How Cannabis Works  Ontario Ca/span_Cannabis Anatomy")): NOT_RUN: click(findTestObject("Object Repository/Learn_OR/Page_How Cannabis Works  Ontario Ca/span_Cannabis Anatomy"))

2019-05-27 18:03:36 - [MESSAGE][NOT_RUN] - NOT_RUN: click(findTestObject("Object Repository/Learn_OR/Page_How Cannabis Works  Ontario Ca/span_Cannabis Anatomy"))

2019-05-27 18:03:36 - [TEST_STEP][NOT_RUN] - click(findTestObject("Learn_spy/Page_Ontario Cannabis Store  Ontari/h3_Learn")): NOT_RUN: click(findTestObject("Learn_spy/Page_Ontario Cannabis Store  Ontari/h3_Learn"))

2019-05-27 18:03:36 - [MESSAGE][NOT_RUN] - NOT_RUN: click(findTestObject("Learn_spy/Page_Ontario Cannabis Store  Ontari/h3_Learn"))

2019-05-27 18:03:36 - [TEST_STEP][NOT_RUN] - verifyTextPresent("Terpenes give cannabis strains their unique aromas.", true): NOT_RUN: verifyTextPresent("Terpenes give cannabis strains their unique aromas.", true)

2019-05-27 18:03:36 - [MESSAGE][NOT_RUN] - NOT_RUN: verifyTextPresent("Terpenes give cannabis strains their unique aromas.", true)

2019-05-27 18:03:36 - [TEST_STEP][PASSED] - delay(2): Delayed 2 second(s)

2019-05-27 18:03:38 - [MESSAGE][PASSED] - Delayed 2 second(s)

2019-05-27 18:03:38 - [TEST_STEP][PASSED] - click(findTestObject("OCS-MOBILE /Age gate and burger menu/Burger menu - English"), CONTINUE_ON_FAILURE): Object: 'Object Repository/OCS-MOBILE /Age gate and burger menu/Burger menu - English' is clicked on

2019-05-27 18:03:38 - [MESSAGE][PASSED] - Object: 'Object Repository/OCS-MOBILE /Age gate and burger menu/Burger menu - English' is clicked on

2019-05-27 18:03:38 - [TEST_STEP][PASSED] - delay(2, CONTINUE_ON_FAILURE): Delayed 2 second(s)

2019-05-27 18:03:40 - [MESSAGE][PASSED] - Delayed 2 second(s)

2019-05-27 18:03:40 - [TEST_STEP][PASSED] - click(findTestObject("OCS-MOBILE /LEARN page/Learn chevron")): Object: 'Object Repository/OCS-MOBILE /LEARN page/Learn chevron' is clicked on

2019-05-27 18:03:40 - [MESSAGE][PASSED] - Object: 'Object Repository/OCS-MOBILE /LEARN page/Learn chevron' is clicked on

2019-05-27 18:03:40 - [TEST_STEP][PASSED] - delay(2): Delayed 2 second(s)

2019-05-27 18:03:42 - [MESSAGE][PASSED] - Delayed 2 second(s)

2019-05-27 18:03:42 - [TEST_STEP][PASSED] - click(findTestObject("OCS-MOBILE /LEARN page/Cannabis Anatomy plus accordian")): Object: 'Object Repository/OCS-MOBILE /LEARN page/Cannabis Anatomy plus accordian' is clicked on

2019-05-27 18:03:42 - [MESSAGE][PASSED] - Object: 'Object Repository/OCS-MOBILE /LEARN page/Cannabis Anatomy plus accordian' is clicked on

2019-05-27 18:03:42 - [TEST_STEP][PASSED] - delay(1): Delayed 1 second(s)

2019-05-27 18:03:43 - [MESSAGE][PASSED] - Delayed 1 second(s)

2019-05-27 18:03:43 - [TEST_STEP][PASSED] - click(findTestObject("OCS-MOBILE /LEARN page/THC chevron")): Object: 'Object Repository/OCS-MOBILE /LEARN page/THC chevron' is clicked on

2019-05-27 18:03:46 - [MESSAGE][PASSED] - Object: 'Object Repository/OCS-MOBILE /LEARN page/THC chevron' is clicked on

2019-05-27 18:03:46 - [TEST_STEP][PASSED] - verifyTextPresent("THC is the component in cannabis that is primarily responsible for its intoxicating, psychoactive effects.", true): Text 'THC is the component in cannabis that is primarily responsible for its intoxicating, psychoactive effects.' is present on page  using regular expression

2019-05-27 18:03:46 - [MESSAGE][PASSED] - Text 'THC is the component in cannabis that is primarily responsible for its intoxicating, psychoactive effects.' is present on page  using regular expression

2019-05-27 18:03:46 - [TEST_STEP][PASSED] - delay(2): Delayed 2 second(s)

2019-05-27 18:03:48 - [MESSAGE][PASSED] - Delayed 2 second(s)

2019-05-27 18:03:48 - [TEST_STEP][PASSED] - click(findTestObject("OCS-MOBILE /Age gate and burger menu/Burger menu - English"), CONTINUE_ON_FAILURE): Object: 'Object Repository/OCS-MOBILE /Age gate and burger menu/Burger menu - English' is clicked on

2019-05-27 18:03:48 - [MESSAGE][PASSED] - Object: 'Object Repository/OCS-MOBILE /Age gate and burger menu/Burger menu - English' is clicked on

2019-05-27 18:03:48 - [TEST_STEP][PASSED] - delay(2, CONTINUE_ON_FAILURE): Delayed 2 second(s)

2019-05-27 18:03:50 - [MESSAGE][PASSED] - Delayed 2 second(s)

2019-05-27 18:03:50 - [TEST_STEP][PASSED] - click(findTestObject("OCS-MOBILE /LEARN page/Learn chevron")): Object: 'Object Repository/OCS-MOBILE /LEARN page/Learn chevron' is clicked on

2019-05-27 18:03:50 - [MESSAGE][PASSED] - Object: 'Object Repository/OCS-MOBILE /LEARN page/Learn chevron' is clicked on

2019-05-27 18:03:50 - [TEST_STEP][PASSED] - delay(2): Delayed 2 second(s)

2019-05-27 18:03:52 - [MESSAGE][PASSED] - Delayed 2 second(s)

2019-05-27 18:03:52 - [TEST_STEP][PASSED] - click(findTestObject("OCS-MOBILE /LEARN page/Cannabis Anatomy plus accordian")): Object: 'Object Repository/OCS-MOBILE /LEARN page/Cannabis Anatomy plus accordian' is clicked on

2019-05-27 18:03:52 - [MESSAGE][PASSED] - Object: 'Object Repository/OCS-MOBILE /LEARN page/Cannabis Anatomy plus accordian' is clicked on

2019-05-27 18:03:52 - [TEST_STEP][PASSED] - delay(1): Delayed 1 second(s)

2019-05-27 18:03:53 - [MESSAGE][PASSED] - Delayed 1 second(s)

2019-05-27 18:03:53 - [TEST_STEP][PASSED] - click(findTestObject("OCS-MOBILE /LEARN page/Read More -2")): Object: 'Object Repository/OCS-MOBILE /LEARN page/Read More -2' is clicked on

2019-05-27 18:03:55 - [MESSAGE][PASSED] - Object: 'Object Repository/OCS-MOBILE /LEARN page/Read More -2' is clicked on

2019-05-27 18:03:55 - [TEST_STEP][PASSED] - verifyTextPresent("The components of a complex plant.", true): Text 'The components of a complex plant.' is present on page  using regular expression

2019-05-27 18:03:55 - [MESSAGE][PASSED] - Text 'The components of a complex plant.' is present on page  using regular expression

2019-05-27 18:03:55 - [TEST_STEP][PASSED] - delay(2): Delayed 2 second(s)

2019-05-27 18:03:57 - [MESSAGE][PASSED] - Delayed 2 second(s)

2019-05-27 18:03:57 - [TEST_STEP][PASSED] - click(findTestObject("OCS-MOBILE /Age gate and burger menu/Burger menu - English"), CONTINUE_ON_FAILURE): Object: 'Object Repository/OCS-MOBILE /Age gate and burger menu/Burger menu - English' is clicked on

2019-05-27 18:03:57 - [MESSAGE][PASSED] - Object: 'Object Repository/OCS-MOBILE /Age gate and burger menu/Burger menu - English' is clicked on

2019-05-27 18:03:57 - [TEST_STEP][PASSED] - delay(2, CONTINUE_ON_FAILURE): Delayed 2 second(s)

2019-05-27 18:03:59 - [MESSAGE][PASSED] - Delayed 2 second(s)

2019-05-27 18:03:59 - [TEST_STEP][PASSED] - click(findTestObject("OCS-MOBILE /LEARN page/Learn chevron")): Object: 'Object Repository/OCS-MOBILE /LEARN page/Learn chevron' is clicked on

2019-05-27 18:04:00 - [MESSAGE][PASSED] - Object: 'Object Repository/OCS-MOBILE /LEARN page/Learn chevron' is clicked on

2019-05-27 18:04:00 - [TEST_STEP][PASSED] - delay(2): Delayed 2 second(s)

2019-05-27 18:04:02 - [MESSAGE][PASSED] - Delayed 2 second(s)

2019-05-27 18:04:02 - [TEST_STEP][PASSED] - click(findTestObject("OCS-MOBILE /LEARN page/Cannabis Consumption plus accordian")): Object: 'Object Repository/OCS-MOBILE /LEARN page/Cannabis Consumption plus accordian' is clicked on

2019-05-27 18:04:02 - [MESSAGE][PASSED] - Object: 'Object Repository/OCS-MOBILE /LEARN page/Cannabis Consumption plus accordian' is clicked on

2019-05-27 18:04:02 - [TEST_STEP][PASSED] - delay(1): Delayed 1 second(s)

2019-05-27 18:04:03 - [MESSAGE][PASSED] - Delayed 1 second(s)

2019-05-27 18:04:03 - [TEST_STEP][PASSED] - click(findTestObject("OCS-MOBILE /LEARN page/Cannabis Consumption subtract accordian")): Object: 'Object Repository/OCS-MOBILE /LEARN page/Cannabis Consumption subtract accordian' is clicked on

2019-05-27 18:04:03 - [MESSAGE][PASSED] - Object: 'Object Repository/OCS-MOBILE /LEARN page/Cannabis Consumption subtract accordian' is clicked on

2019-05-27 18:04:03 - [TEST_STEP][PASSED] - click(findTestObject("OCS-MOBILE /LEARN page/Cannabis Consumption plus accordian")): Object: 'Object Repository/OCS-MOBILE /LEARN page/Cannabis Consumption plus accordian' is clicked on

2019-05-27 18:04:03 - [MESSAGE][PASSED] - Object: 'Object Repository/OCS-MOBILE /LEARN page/Cannabis Consumption plus accordian' is clicked on

2019-05-27 18:04:03 - [TEST_STEP][PASSED] - delay(1): Delayed 1 second(s)

2019-05-27 18:04:04 - [MESSAGE][PASSED] - Delayed 1 second(s)

2019-05-27 18:04:04 - [TEST_STEP][PASSED] - click(findTestObject("OCS-MOBILE /LEARN page/Cooking with cannabis - chevron")): Object: 'Object Repository/OCS-MOBILE /LEARN page/Cooking with cannabis - chevron' is clicked on

2019-05-27 18:04:06 - [MESSAGE][PASSED] - Object: 'Object Repository/OCS-MOBILE /LEARN page/Cooking with cannabis - chevron' is clicked on

2019-05-27 18:04:06 - [TEST_STEP][PASSED] - verifyTextPresent("Cannabis-infused foods are becoming more common, and careful preparation is required to avoid overconsumption.", true): Text 'Cannabis-infused foods are becoming more common, and careful preparation is required to avoid overconsumption.' is present on page  using regular expression

2019-05-27 18:04:06 - [MESSAGE][PASSED] - Text 'Cannabis-infused foods are becoming more common, and careful preparation is required to avoid overconsumption.' is present on page  using regular expression

2019-05-27 18:04:06 - [TEST_STEP][PASSED] - delay(2): Delayed 2 second(s)

2019-05-27 18:04:08 - [MESSAGE][PASSED] - Delayed 2 second(s)

2019-05-27 18:04:08 - [TEST_STEP][PASSED] - click(findTestObject("OCS-MOBILE /Age gate and burger menu/Burger menu - English"), CONTINUE_ON_FAILURE): Object: 'Object Repository/OCS-MOBILE /Age gate and burger menu/Burger menu - English' is clicked on

2019-05-27 18:04:08 - [MESSAGE][PASSED] - Object: 'Object Repository/OCS-MOBILE /Age gate and burger menu/Burger menu - English' is clicked on

2019-05-27 18:04:08 - [TEST_STEP][PASSED] - delay(2, CONTINUE_ON_FAILURE): Delayed 2 second(s)

2019-05-27 18:04:10 - [MESSAGE][PASSED] - Delayed 2 second(s)

2019-05-27 18:04:10 - [TEST_STEP][PASSED] - click(findTestObject("OCS-MOBILE /LEARN page/Learn chevron")): Object: 'Object Repository/OCS-MOBILE /LEARN page/Learn chevron' is clicked on

2019-05-27 18:04:11 - [MESSAGE][PASSED] - Object: 'Object Repository/OCS-MOBILE /LEARN page/Learn chevron' is clicked on

2019-05-27 18:04:11 - [TEST_STEP][PASSED] - delay(2): Delayed 2 second(s)

2019-05-27 18:04:13 - [MESSAGE][PASSED] - Delayed 2 second(s)

2019-05-27 18:04:13 - [TEST_STEP][PASSED] - click(findTestObject("OCS-MOBILE /LEARN page/Cannabis Consumption plus accordian")): Object: 'Object Repository/OCS-MOBILE /LEARN page/Cannabis Consumption plus accordian' is clicked on

2019-05-27 18:04:13 - [MESSAGE][PASSED] - Object: 'Object Repository/OCS-MOBILE /LEARN page/Cannabis Consumption plus accordian' is clicked on

2019-05-27 18:04:13 - [TEST_STEP][PASSED] - delay(1): Delayed 1 second(s)

2019-05-27 18:04:14 - [MESSAGE][PASSED] - Delayed 1 second(s)

2019-05-27 18:04:14 - [TEST_STEP][PASSED] - click(findTestObject("OCS-MOBILE /LEARN page/storing cannabis - chevron")): Object: 'Object Repository/OCS-MOBILE /LEARN page/storing cannabis - chevron' is clicked on

2019-05-27 18:04:16 - [MESSAGE][PASSED] - Object: 'Object Repository/OCS-MOBILE /LEARN page/storing cannabis - chevron' is clicked on

2019-05-27 18:04:16 - [TEST_STEP][PASSED] - verifyTextPresent("How to keep your family safe and your cannabis from spoiling.", true): Text 'How to keep your family safe and your cannabis from spoiling.' is present on page  using regular expression

2019-05-27 18:04:16 - [MESSAGE][PASSED] - Text 'How to keep your family safe and your cannabis from spoiling.' is present on page  using regular expression

2019-05-27 18:04:16 - [TEST_STEP][PASSED] - delay(2): Delayed 2 second(s)

2019-05-27 18:04:18 - [MESSAGE][PASSED] - Delayed 2 second(s)

2019-05-27 18:04:18 - [TEST_STEP][PASSED] - click(findTestObject("OCS-MOBILE /Age gate and burger menu/Burger menu - English"), CONTINUE_ON_FAILURE): Object: 'Object Repository/OCS-MOBILE /Age gate and burger menu/Burger menu - English' is clicked on

2019-05-27 18:04:19 - [MESSAGE][PASSED] - Object: 'Object Repository/OCS-MOBILE /Age gate and burger menu/Burger menu - English' is clicked on

2019-05-27 18:04:19 - [TEST_STEP][PASSED] - delay(2, CONTINUE_ON_FAILURE): Delayed 2 second(s)

2019-05-27 18:04:21 - [MESSAGE][PASSED] - Delayed 2 second(s)

2019-05-27 18:04:21 - [TEST_STEP][PASSED] - click(findTestObject("OCS-MOBILE /LEARN page/Learn chevron")): Object: 'Object Repository/OCS-MOBILE /LEARN page/Learn chevron' is clicked on

2019-05-27 18:04:21 - [MESSAGE][PASSED] - Object: 'Object Repository/OCS-MOBILE /LEARN page/Learn chevron' is clicked on

2019-05-27 18:04:21 - [TEST_STEP][PASSED] - delay(2): Delayed 2 second(s)

2019-05-27 18:04:23 - [MESSAGE][PASSED] - Delayed 2 second(s)

2019-05-27 18:04:23 - [TEST_STEP][PASSED] - click(findTestObject("OCS-MOBILE /LEARN page/Cannabis Consumption plus accordian")): Object: 'Object Repository/OCS-MOBILE /LEARN page/Cannabis Consumption plus accordian' is clicked on

2019-05-27 18:04:23 - [MESSAGE][PASSED] - Object: 'Object Repository/OCS-MOBILE /LEARN page/Cannabis Consumption plus accordian' is clicked on

2019-05-27 18:04:23 - [TEST_STEP][PASSED] - delay(1): Delayed 1 second(s)

2019-05-27 18:04:24 - [MESSAGE][PASSED] - Delayed 1 second(s)

2019-05-27 18:04:24 - [TEST_STEP][PASSED] - click(findTestObject("OCS-MOBILE /LEARN page/Growing cannabis - chevron")): Object: 'Object Repository/OCS-MOBILE /LEARN page/Growing cannabis - chevron' is clicked on

2019-05-27 18:04:27 - [MESSAGE][PASSED] - Object: 'Object Repository/OCS-MOBILE /LEARN page/Growing cannabis - chevron' is clicked on

2019-05-27 18:04:27 - [TEST_STEP][PASSED] - verifyTextPresent("It is legal in Ontario to own and grow up to 4 cannabis plants in your own residential dwelling. Get beginner growing tips here.", true): Text 'It is legal in Ontario to own and grow up to 4 cannabis plants in your own residential dwelling. Get beginner growing tips here.' is present on page  using regular expression

2019-05-27 18:04:27 - [MESSAGE][PASSED] - Text 'It is legal in Ontario to own and grow up to 4 cannabis plants in your own residential dwelling. Get beginner growing tips here.' is present on page  using regular expression

2019-05-27 18:04:27 - [TEST_STEP][PASSED] - delay(2): Delayed 2 second(s)

2019-05-27 18:04:29 - [MESSAGE][PASSED] - Delayed 2 second(s)

2019-05-27 18:04:29 - [TEST_STEP][PASSED] - click(findTestObject("OCS-MOBILE /Age gate and burger menu/Burger menu - English"), CONTINUE_ON_FAILURE): Object: 'Object Repository/OCS-MOBILE /Age gate and burger menu/Burger menu - English' is clicked on

2019-05-27 18:04:29 - [MESSAGE][PASSED] - Object: 'Object Repository/OCS-MOBILE /Age gate and burger menu/Burger menu - English' is clicked on

2019-05-27 18:04:29 - [TEST_STEP][PASSED] - delay(2, CONTINUE_ON_FAILURE): Delayed 2 second(s)

2019-05-27 18:04:31 - [MESSAGE][PASSED] - Delayed 2 second(s)

2019-05-27 18:04:31 - [TEST_STEP][PASSED] - click(findTestObject("OCS-MOBILE /LEARN page/Learn chevron")): Object: 'Object Repository/OCS-MOBILE /LEARN page/Learn chevron' is clicked on

2019-05-27 18:04:31 - [MESSAGE][PASSED] - Object: 'Object Repository/OCS-MOBILE /LEARN page/Learn chevron' is clicked on

2019-05-27 18:04:31 - [TEST_STEP][PASSED] - delay(2): Delayed 2 second(s)

2019-05-27 18:04:33 - [MESSAGE][PASSED] - Delayed 2 second(s)

2019-05-27 18:04:33 - [TEST_STEP][PASSED] - click(findTestObject("OCS-MOBILE /LEARN page/Cannabis Consumption plus accordian")): Object: 'Object Repository/OCS-MOBILE /LEARN page/Cannabis Consumption plus accordian' is clicked on

2019-05-27 18:04:33 - [MESSAGE][PASSED] - Object: 'Object Repository/OCS-MOBILE /LEARN page/Cannabis Consumption plus accordian' is clicked on

2019-05-27 18:04:33 - [TEST_STEP][PASSED] - delay(1): Delayed 1 second(s)

2019-05-27 18:04:34 - [MESSAGE][PASSED] - Delayed 1 second(s)

2019-05-27 18:04:34 - [TEST_STEP][PASSED] - click(findTestObject("OCS-MOBILE /LEARN page/Read More -3")): Object: 'Object Repository/OCS-MOBILE /LEARN page/Read More -3' is clicked on

2019-05-27 18:04:36 - [MESSAGE][PASSED] - Object: 'Object Repository/OCS-MOBILE /LEARN page/Read More -3' is clicked on

2019-05-27 18:04:36 - [TEST_STEP][PASSED] - delay(2): Delayed 2 second(s)

2019-05-27 18:04:38 - [MESSAGE][PASSED] - Delayed 2 second(s)

2019-05-27 18:04:38 - [TEST_STEP][PASSED] - click(findTestObject("OCS-MOBILE /Age gate and burger menu/Burger menu - English"), CONTINUE_ON_FAILURE): Object: 'Object Repository/OCS-MOBILE /Age gate and burger menu/Burger menu - English' is clicked on

2019-05-27 18:04:39 - [MESSAGE][PASSED] - Object: 'Object Repository/OCS-MOBILE /Age gate and burger menu/Burger menu - English' is clicked on

2019-05-27 18:04:39 - [TEST_STEP][PASSED] - delay(2, CONTINUE_ON_FAILURE): Delayed 2 second(s)

2019-05-27 18:04:41 - [MESSAGE][PASSED] - Delayed 2 second(s)

2019-05-27 18:04:41 - [TEST_STEP][PASSED] - click(findTestObject("OCS-MOBILE /LEARN page/Learn chevron")): Object: 'Object Repository/OCS-MOBILE /LEARN page/Learn chevron' is clicked on

2019-05-27 18:04:41 - [MESSAGE][PASSED] - Object: 'Object Repository/OCS-MOBILE /LEARN page/Learn chevron' is clicked on

2019-05-27 18:04:41 - [TEST_STEP][PASSED] - delay(2): Delayed 2 second(s)

2019-05-27 18:04:43 - [MESSAGE][PASSED] - Delayed 2 second(s)

2019-05-27 18:04:43 - [TEST_STEP][NOT_RUN] - click(findTestObject("OCS-MOBILE /LEARN page/Cannabis Consumption plus accordian")): NOT_RUN: click(findTestObject("OCS-MOBILE /LEARN page/Cannabis Consumption plus accordian"))

2019-05-27 18:04:43 - [MESSAGE][NOT_RUN] - NOT_RUN: click(findTestObject("OCS-MOBILE /LEARN page/Cannabis Consumption plus accordian"))

2019-05-27 18:04:43 - [TEST_STEP][NOT_RUN] - click(findTestObject("Object Repository/Learn_OR/Page_Methods of Consumption  Ontari/li_LearnLearnHow Cannabis Work")): NOT_RUN: click(findTestObject("Object Repository/Learn_OR/Page_Methods of Consumption  Ontari/li_LearnLearnHow Cannabis Work"))

2019-05-27 18:04:43 - [MESSAGE][NOT_RUN] - NOT_RUN: click(findTestObject("Object Repository/Learn_OR/Page_Methods of Consumption  Ontari/li_LearnLearnHow Cannabis Work"))

2019-05-27 18:04:43 - [TEST_STEP][NOT_RUN] - verifyTextPresent("The Endocannabinoid System", true): NOT_RUN: verifyTextPresent("The Endocannabinoid System", true)

2019-05-27 18:04:43 - [MESSAGE][NOT_RUN] - NOT_RUN: verifyTextPresent("The Endocannabinoid System", true)

2019-05-27 18:04:43 - [TEST_STEP][PASSED] - click(findTestObject("OCS-MOBILE /LEARN page/How to Choose Cannabis Products plus accordian")): Object: 'Object Repository/OCS-MOBILE /LEARN page/How to Choose Cannabis Products plus accordian' is clicked on

2019-05-27 18:04:43 - [MESSAGE][PASSED] - Object: 'Object Repository/OCS-MOBILE /LEARN page/How to Choose Cannabis Products plus accordian' is clicked on

2019-05-27 18:04:43 - [TEST_STEP][PASSED] - click(findTestObject("OCS-MOBILE /LEARN page/How to Choose Cannabis Products subtract accordian")): Object: 'Object Repository/OCS-MOBILE /LEARN page/How to Choose Cannabis Products subtract accordian' is clicked on

2019-05-27 18:04:43 - [MESSAGE][PASSED] - Object: 'Object Repository/OCS-MOBILE /LEARN page/How to Choose Cannabis Products subtract accordian' is clicked on

2019-05-27 18:04:43 - [TEST_STEP][PASSED] - click(findTestObject("OCS-MOBILE /LEARN page/How to Choose Cannabis Products plus accordian")): Object: 'Object Repository/OCS-MOBILE /LEARN page/How to Choose Cannabis Products plus accordian' is clicked on

2019-05-27 18:04:43 - [MESSAGE][PASSED] - Object: 'Object Repository/OCS-MOBILE /LEARN page/How to Choose Cannabis Products plus accordian' is clicked on

2019-05-27 18:04:43 - [TEST_STEP][PASSED] - delay(1): Delayed 1 second(s)

2019-05-27 18:04:44 - [MESSAGE][PASSED] - Delayed 1 second(s)

2019-05-27 18:04:44 - [TEST_STEP][PASSED] - click(findTestObject("OCS-MOBILE /LEARN page/Reading a product label - chevron")): Object: 'Object Repository/OCS-MOBILE /LEARN page/Reading a product label - chevron' is clicked on

2019-05-27 18:04:47 - [MESSAGE][PASSED] - Object: 'Object Repository/OCS-MOBILE /LEARN page/Reading a product label - chevron' is clicked on

2019-05-27 18:04:47 - [TEST_STEP][PASSED] - delay(2): Delayed 2 second(s)

2019-05-27 18:04:49 - [MESSAGE][PASSED] - Delayed 2 second(s)

2019-05-27 18:04:49 - [TEST_STEP][PASSED] - click(findTestObject("OCS-MOBILE /Age gate and burger menu/Burger menu - English"), CONTINUE_ON_FAILURE): Object: 'Object Repository/OCS-MOBILE /Age gate and burger menu/Burger menu - English' is clicked on

2019-05-27 18:04:49 - [MESSAGE][PASSED] - Object: 'Object Repository/OCS-MOBILE /Age gate and burger menu/Burger menu - English' is clicked on

2019-05-27 18:04:49 - [TEST_STEP][PASSED] - delay(2, CONTINUE_ON_FAILURE): Delayed 2 second(s)

2019-05-27 18:04:51 - [MESSAGE][PASSED] - Delayed 2 second(s)

2019-05-27 18:04:51 - [TEST_STEP][PASSED] - click(findTestObject("OCS-MOBILE /LEARN page/Learn chevron")): Object: 'Object Repository/OCS-MOBILE /LEARN page/Learn chevron' is clicked on

2019-05-27 18:04:51 - [MESSAGE][PASSED] - Object: 'Object Repository/OCS-MOBILE /LEARN page/Learn chevron' is clicked on

2019-05-27 18:04:51 - [TEST_STEP][PASSED] - delay(2): Delayed 2 second(s)

2019-05-27 18:04:53 - [MESSAGE][PASSED] - Delayed 2 second(s)

2019-05-27 18:04:53 - [TEST_STEP][PASSED] - click(findTestObject("OCS-MOBILE /LEARN page/How to Choose Cannabis Products plus accordian")): Object: 'Object Repository/OCS-MOBILE /LEARN page/How to Choose Cannabis Products plus accordian' is clicked on

2019-05-27 18:04:53 - [MESSAGE][PASSED] - Object: 'Object Repository/OCS-MOBILE /LEARN page/How to Choose Cannabis Products plus accordian' is clicked on

2019-05-27 18:04:53 - [TEST_STEP][PASSED] - delay(1): Delayed 1 second(s)

2019-05-27 18:04:54 - [MESSAGE][PASSED] - Delayed 1 second(s)

2019-05-27 18:04:54 - [TEST_STEP][PASSED] - click(findTestObject("OCS-MOBILE /LEARN page/cannabinoid content - chveron")): Object: 'Object Repository/OCS-MOBILE /LEARN page/cannabinoid content - chveron' is clicked on

2019-05-27 18:04:57 - [MESSAGE][PASSED] - Object: 'Object Repository/OCS-MOBILE /LEARN page/cannabinoid content - chveron' is clicked on

2019-05-27 18:04:57 - [TEST_STEP][PASSED] - verifyTextPresent("Understanding Cannabinoid Content on Product Labels", true): Text 'Understanding Cannabinoid Content on Product Labels' is present on page  using regular expression

2019-05-27 18:04:57 - [MESSAGE][PASSED] - Text 'Understanding Cannabinoid Content on Product Labels' is present on page  using regular expression

2019-05-27 18:04:57 - [TEST_STEP][PASSED] - delay(2): Delayed 2 second(s)

2019-05-27 18:04:59 - [MESSAGE][PASSED] - Delayed 2 second(s)

2019-05-27 18:04:59 - [TEST_STEP][PASSED] - click(findTestObject("OCS-MOBILE /Age gate and burger menu/Burger menu - English"), CONTINUE_ON_FAILURE): Object: 'Object Repository/OCS-MOBILE /Age gate and burger menu/Burger menu - English' is clicked on

2019-05-27 18:04:59 - [MESSAGE][PASSED] - Object: 'Object Repository/OCS-MOBILE /Age gate and burger menu/Burger menu - English' is clicked on

2019-05-27 18:04:59 - [TEST_STEP][PASSED] - delay(2, CONTINUE_ON_FAILURE): Delayed 2 second(s)

2019-05-27 18:05:01 - [MESSAGE][PASSED] - Delayed 2 second(s)

2019-05-27 18:05:01 - [TEST_STEP][PASSED] - click(findTestObject("OCS-MOBILE /LEARN page/Learn chevron")): Object: 'Object Repository/OCS-MOBILE /LEARN page/Learn chevron' is clicked on

2019-05-27 18:05:01 - [MESSAGE][PASSED] - Object: 'Object Repository/OCS-MOBILE /LEARN page/Learn chevron' is clicked on

2019-05-27 18:05:01 - [TEST_STEP][PASSED] - delay(2): Delayed 2 second(s)

2019-05-27 18:05:03 - [MESSAGE][PASSED] - Delayed 2 second(s)

2019-05-27 18:05:03 - [TEST_STEP][PASSED] - click(findTestObject("OCS-MOBILE /LEARN page/How to Choose Cannabis Products plus accordian")): Object: 'Object Repository/OCS-MOBILE /LEARN page/How to Choose Cannabis Products plus accordian' is clicked on

2019-05-27 18:05:03 - [MESSAGE][PASSED] - Object: 'Object Repository/OCS-MOBILE /LEARN page/How to Choose Cannabis Products plus accordian' is clicked on

2019-05-27 18:05:03 - [TEST_STEP][PASSED] - delay(1): Delayed 1 second(s)

2019-05-27 18:05:04 - [MESSAGE][PASSED] - Delayed 1 second(s)

2019-05-27 18:05:04 - [TEST_STEP][PASSED] - click(findTestObject("OCS-MOBILE /LEARN page/Factors in Choosing Canna - chevron")): Object: 'Object Repository/OCS-MOBILE /LEARN page/Factors in Choosing Canna - chevron' is clicked on

2019-05-27 18:05:07 - [MESSAGE][PASSED] - Object: 'Object Repository/OCS-MOBILE /LEARN page/Factors in Choosing Canna - chevron' is clicked on

2019-05-27 18:05:07 - [TEST_STEP][PASSED] - verifyTextPresent("Six things to know before deciding to consume cannabis.", true): Text 'Six things to know before deciding to consume cannabis.' is present on page  using regular expression

2019-05-27 18:05:07 - [MESSAGE][PASSED] - Text 'Six things to know before deciding to consume cannabis.' is present on page  using regular expression

2019-05-27 18:05:07 - [TEST_STEP][PASSED] - delay(2): Delayed 2 second(s)

2019-05-27 18:05:09 - [MESSAGE][PASSED] - Delayed 2 second(s)

2019-05-27 18:05:09 - [TEST_STEP][PASSED] - click(findTestObject("OCS-MOBILE /Age gate and burger menu/Burger menu - English"), CONTINUE_ON_FAILURE): Object: 'Object Repository/OCS-MOBILE /Age gate and burger menu/Burger menu - English' is clicked on

2019-05-27 18:05:09 - [MESSAGE][PASSED] - Object: 'Object Repository/OCS-MOBILE /Age gate and burger menu/Burger menu - English' is clicked on

2019-05-27 18:05:09 - [TEST_STEP][PASSED] - delay(2, CONTINUE_ON_FAILURE): Delayed 2 second(s)

2019-05-27 18:05:11 - [MESSAGE][PASSED] - Delayed 2 second(s)

2019-05-27 18:05:11 - [TEST_STEP][PASSED] - click(findTestObject("OCS-MOBILE /LEARN page/Learn chevron")): Object: 'Object Repository/OCS-MOBILE /LEARN page/Learn chevron' is clicked on

2019-05-27 18:05:11 - [MESSAGE][PASSED] - Object: 'Object Repository/OCS-MOBILE /LEARN page/Learn chevron' is clicked on

2019-05-27 18:05:11 - [TEST_STEP][PASSED] - delay(2): Delayed 2 second(s)

2019-05-27 18:05:13 - [MESSAGE][PASSED] - Delayed 2 second(s)

2019-05-27 18:05:13 - [TEST_STEP][PASSED] - click(findTestObject("OCS-MOBILE /LEARN page/How to Choose Cannabis Products plus accordian")): Object: 'Object Repository/OCS-MOBILE /LEARN page/How to Choose Cannabis Products plus accordian' is clicked on

2019-05-27 18:05:13 - [MESSAGE][PASSED] - Object: 'Object Repository/OCS-MOBILE /LEARN page/How to Choose Cannabis Products plus accordian' is clicked on

2019-05-27 18:05:13 - [TEST_STEP][PASSED] - delay(1): Delayed 1 second(s)

2019-05-27 18:05:14 - [MESSAGE][PASSED] - Delayed 1 second(s)

2019-05-27 18:05:14 - [TEST_STEP][PASSED] - click(findTestObject("OCS-MOBILE /LEARN page/Read More -5")): Object: 'Object Repository/OCS-MOBILE /LEARN page/Read More -5' is clicked on

2019-05-27 18:05:17 - [MESSAGE][PASSED] - Object: 'Object Repository/OCS-MOBILE /LEARN page/Read More -5' is clicked on

2019-05-27 18:05:17 - [TEST_STEP][PASSED] - delay(2): Delayed 2 second(s)

2019-05-27 18:05:19 - [MESSAGE][PASSED] - Delayed 2 second(s)

2019-05-27 18:05:19 - [TEST_STEP][PASSED] - click(findTestObject("OCS-MOBILE /Age gate and burger menu/Burger menu - English"), CONTINUE_ON_FAILURE): Object: 'Object Repository/OCS-MOBILE /Age gate and burger menu/Burger menu - English' is clicked on

2019-05-27 18:05:19 - [MESSAGE][PASSED] - Object: 'Object Repository/OCS-MOBILE /Age gate and burger menu/Burger menu - English' is clicked on

2019-05-27 18:05:19 - [TEST_STEP][PASSED] - delay(2, CONTINUE_ON_FAILURE): Delayed 2 second(s)

2019-05-27 18:05:21 - [MESSAGE][PASSED] - Delayed 2 second(s)

2019-05-27 18:05:21 - [TEST_STEP][PASSED] - click(findTestObject("OCS-MOBILE /LEARN page/Learn chevron")): Object: 'Object Repository/OCS-MOBILE /LEARN page/Learn chevron' is clicked on

2019-05-27 18:05:21 - [MESSAGE][PASSED] - Object: 'Object Repository/OCS-MOBILE /LEARN page/Learn chevron' is clicked on

2019-05-27 18:05:21 - [TEST_STEP][PASSED] - delay(2): Delayed 2 second(s)

2019-05-27 18:05:23 - [MESSAGE][PASSED] - Delayed 2 second(s)

2019-05-27 18:05:23 - [TEST_STEP][PASSED] - click(findTestObject("OCS-MOBILE /LEARN page/Buying Cannabis at OCS plus accordian")): Object: 'Object Repository/OCS-MOBILE /LEARN page/Buying Cannabis at OCS plus accordian' is clicked on

2019-05-27 18:05:23 - [MESSAGE][PASSED] - Object: 'Object Repository/OCS-MOBILE /LEARN page/Buying Cannabis at OCS plus accordian' is clicked on

2019-05-27 18:05:23 - [TEST_STEP][PASSED] - click(findTestObject("OCS-MOBILE /LEARN page/Buying Cannabis at OCS subtract accordian")): Object: 'Object Repository/OCS-MOBILE /LEARN page/Buying Cannabis at OCS subtract accordian' is clicked on

2019-05-27 18:05:24 - [MESSAGE][PASSED] - Object: 'Object Repository/OCS-MOBILE /LEARN page/Buying Cannabis at OCS subtract accordian' is clicked on

2019-05-27 18:05:24 - [TEST_STEP][PASSED] - click(findTestObject("OCS-MOBILE /LEARN page/Buying Cannabis at OCS plus accordian")): Object: 'Object Repository/OCS-MOBILE /LEARN page/Buying Cannabis at OCS plus accordian' is clicked on

2019-05-27 18:05:24 - [MESSAGE][PASSED] - Object: 'Object Repository/OCS-MOBILE /LEARN page/Buying Cannabis at OCS plus accordian' is clicked on

2019-05-27 18:05:24 - [TEST_STEP][PASSED] - delay(1): Delayed 1 second(s)

2019-05-27 18:05:25 - [MESSAGE][PASSED] - Delayed 1 second(s)

2019-05-27 18:05:25 - [TEST_STEP][PASSED] - click(findTestObject("OCS-MOBILE /LEARN page/Why Legal Cannabis Costs more - chevron")): Object: 'Object Repository/OCS-MOBILE /LEARN page/Why Legal Cannabis Costs more - chevron' is clicked on

2019-05-27 18:05:27 - [MESSAGE][PASSED] - Object: 'Object Repository/OCS-MOBILE /LEARN page/Why Legal Cannabis Costs more - chevron' is clicked on

2019-05-27 18:05:27 - [TEST_STEP][PASSED] - verifyTextPresent("Four Reasons Why Legal Cannabis Costs More", true): Text 'Four Reasons Why Legal Cannabis Costs More' is present on page  using regular expression

2019-05-27 18:05:27 - [MESSAGE][PASSED] - Text 'Four Reasons Why Legal Cannabis Costs More' is present on page  using regular expression

2019-05-27 18:05:27 - [TEST_STEP][PASSED] - delay(2): Delayed 2 second(s)

2019-05-27 18:05:30 - [MESSAGE][PASSED] - Delayed 2 second(s)

2019-05-27 18:05:30 - [TEST_STEP][PASSED] - click(findTestObject("OCS-MOBILE /Age gate and burger menu/Burger menu - English"), CONTINUE_ON_FAILURE): Object: 'Object Repository/OCS-MOBILE /Age gate and burger menu/Burger menu - English' is clicked on

2019-05-27 18:05:30 - [MESSAGE][PASSED] - Object: 'Object Repository/OCS-MOBILE /Age gate and burger menu/Burger menu - English' is clicked on

2019-05-27 18:05:30 - [TEST_STEP][PASSED] - delay(2, CONTINUE_ON_FAILURE): Delayed 2 second(s)

2019-05-27 18:05:32 - [MESSAGE][PASSED] - Delayed 2 second(s)

2019-05-27 18:05:32 - [TEST_STEP][PASSED] - click(findTestObject("OCS-MOBILE /LEARN page/Learn chevron")): Object: 'Object Repository/OCS-MOBILE /LEARN page/Learn chevron' is clicked on

2019-05-27 18:05:32 - [MESSAGE][PASSED] - Object: 'Object Repository/OCS-MOBILE /LEARN page/Learn chevron' is clicked on

2019-05-27 18:05:32 - [TEST_STEP][PASSED] - delay(2): Delayed 2 second(s)

2019-05-27 18:05:34 - [MESSAGE][PASSED] - Delayed 2 second(s)

2019-05-27 18:05:34 - [TEST_STEP][PASSED] - click(findTestObject("OCS-MOBILE /LEARN page/Buying Cannabis at OCS plus accordian")): Object: 'Object Repository/OCS-MOBILE /LEARN page/Buying Cannabis at OCS plus accordian' is clicked on

2019-05-27 18:05:34 - [MESSAGE][PASSED] - Object: 'Object Repository/OCS-MOBILE /LEARN page/Buying Cannabis at OCS plus accordian' is clicked on

2019-05-27 18:05:34 - [TEST_STEP][PASSED] - delay(1): Delayed 1 second(s)

2019-05-27 18:05:35 - [MESSAGE][PASSED] - Delayed 1 second(s)

2019-05-27 18:05:35 - [TEST_STEP][PASSED] - click(findTestObject("OCS-MOBILE /LEARN page/why trust us - chevron")): Object: 'Object Repository/OCS-MOBILE /LEARN page/why trust us - chevron' is clicked on

2019-05-27 18:05:38 - [MESSAGE][PASSED] - Object: 'Object Repository/OCS-MOBILE /LEARN page/why trust us - chevron' is clicked on

2019-05-27 18:05:38 - [TEST_STEP][PASSED] - verifyTextPresent("Legal products and reliable information.", true): Text 'Legal products and reliable information.' is present on page  using regular expression

2019-05-27 18:05:38 - [MESSAGE][PASSED] - Text 'Legal products and reliable information.' is present on page  using regular expression

2019-05-27 18:05:38 - [TEST_STEP][PASSED] - delay(2): Delayed 2 second(s)

2019-05-27 18:05:40 - [MESSAGE][PASSED] - Delayed 2 second(s)

2019-05-27 18:05:40 - [TEST_STEP][PASSED] - click(findTestObject("OCS-MOBILE /Age gate and burger menu/Burger menu - English"), CONTINUE_ON_FAILURE): Object: 'Object Repository/OCS-MOBILE /Age gate and burger menu/Burger menu - English' is clicked on

2019-05-27 18:05:40 - [MESSAGE][PASSED] - Object: 'Object Repository/OCS-MOBILE /Age gate and burger menu/Burger menu - English' is clicked on

2019-05-27 18:05:40 - [TEST_STEP][PASSED] - delay(2, CONTINUE_ON_FAILURE): Delayed 2 second(s)

2019-05-27 18:05:42 - [MESSAGE][PASSED] - Delayed 2 second(s)

2019-05-27 18:05:42 - [TEST_STEP][PASSED] - click(findTestObject("OCS-MOBILE /LEARN page/Learn chevron")): Object: 'Object Repository/OCS-MOBILE /LEARN page/Learn chevron' is clicked on

2019-05-27 18:05:42 - [MESSAGE][PASSED] - Object: 'Object Repository/OCS-MOBILE /LEARN page/Learn chevron' is clicked on

2019-05-27 18:05:42 - [TEST_STEP][PASSED] - delay(2): Delayed 2 second(s)

2019-05-27 18:05:44 - [MESSAGE][PASSED] - Delayed 2 second(s)

2019-05-27 18:05:44 - [TEST_STEP][PASSED] - click(findTestObject("OCS-MOBILE /LEARN page/Buying Cannabis at OCS plus accordian")): Object: 'Object Repository/OCS-MOBILE /LEARN page/Buying Cannabis at OCS plus accordian' is clicked on

2019-05-27 18:05:44 - [MESSAGE][PASSED] - Object: 'Object Repository/OCS-MOBILE /LEARN page/Buying Cannabis at OCS plus accordian' is clicked on

2019-05-27 18:05:44 - [TEST_STEP][PASSED] - delay(1): Delayed 1 second(s)

2019-05-27 18:05:45 - [MESSAGE][PASSED] - Delayed 1 second(s)

2019-05-27 18:05:45 - [TEST_STEP][PASSED] - click(findTestObject("OCS-MOBILE /LEARN page/about buying cannabis - chveron")): Object: 'Object Repository/OCS-MOBILE /LEARN page/about buying cannabis - chveron' is clicked on

2019-05-27 18:05:45 - [MESSAGE][PASSED] - Object: 'Object Repository/OCS-MOBILE /LEARN page/about buying cannabis - chveron' is clicked on

2019-05-27 18:05:45 - [TEST_STEP][PASSED] - delay(2): Delayed 2 second(s)

2019-05-27 18:05:47 - [MESSAGE][PASSED] - Delayed 2 second(s)

2019-05-27 18:05:47 - [TEST_STEP][FAILED] - verifyTextPresent("These facts are good to know before making a cannabis purchase.", true): verifyTextPresent("These facts are good to know before making a cannabis purchase.", true) FAILED.
Reason:
com.kms.katalon.core.exception.StepFailedException: Unable to verify text 'These facts are good to know before making a cannabis purchase.' is present  using regular expression (Root cause: com.kms.katalon.core.exception.StepFailedException: Text 'These facts are good to know before making a cannabis purchase.' is not present on page  using regular expression)
	at com.kms.katalon.core.keyword.internal.KeywordMain.stepFailed(KeywordMain.groovy:36)
	at com.kms.katalon.core.webui.keyword.internal.WebUIKeywordMain.stepFailed(WebUIKeywordMain.groovy:65)
	at com.kms.katalon.core.webui.keyword.internal.WebUIKeywordMain.runKeyword(WebUIKeywordMain.groovy:27)
	at com.kms.katalon.core.webui.keyword.builtin.VerifyTextPresentKeyword.verifyTextPresent(VerifyTextPresentKeyword.groovy:83)
	at com.kms.katalon.core.webui.keyword.builtin.VerifyTextPresentKeyword.execute(VerifyTextPresentKeyword.groovy:68)
	at com.kms.katalon.core.keyword.internal.KeywordExecutor.executeKeywordForPlatform(KeywordExecutor.groovy:53)
	at com.kms.katalon.core.webui.keyword.WebUiBuiltInKeywords.verifyTextPresent(WebUiBuiltInKeywords.groovy:1693)
	at com.kms.katalon.core.webui.keyword.WebUiBuiltInKeywords$verifyTextPresent$10.call(Unknown Source)
	at HP- Burger menu- Learn.run(HP- Burger menu- Learn:377)
	at com.kms.katalon.core.main.ScriptEngine.run(ScriptEngine.java:194)
	at com.kms.katalon.core.main.ScriptEngine.runScriptAsRawText(ScriptEngine.java:119)
	at com.kms.katalon.core.main.TestCaseExecutor.runScript(TestCaseExecutor.java:328)
	at com.kms.katalon.core.main.TestCaseExecutor.doExecute(TestCaseExecutor.java:319)
	at com.kms.katalon.core.main.TestCaseExecutor.processExecutionPhase(TestCaseExecutor.java:298)
	at com.kms.katalon.core.main.TestCaseExecutor.accessMainPhase(TestCaseExecutor.java:290)
	at com.kms.katalon.core.main.TestCaseExecutor.execute(TestCaseExecutor.java:224)
	at com.kms.katalon.core.main.TestSuiteExecutor.accessTestCaseMainPhase(TestSuiteExecutor.java:129)
	at com.kms.katalon.core.main.TestSuiteExecutor.accessTestSuiteMainPhase(TestSuiteExecutor.java:112)
	at com.kms.katalon.core.main.TestSuiteExecutor.execute(TestSuiteExecutor.java:81)
	at com.kms.katalon.core.main.TestCaseMain.startTestSuite(TestCaseMain.java:149)
	at com.kms.katalon.core.main.TestCaseMain$startTestSuite$0.call(Unknown Source)
	at TempTestSuite1558993457442.run(TempTestSuite1558993457442.groovy:36)


2019-05-27 18:05:48 - [MESSAGE][FAILED] - Text 'These facts are good to know before making a cannabis purchase.' is not present on page  using regular expression

2019-05-27 18:05:48 - [MESSAGE][FAILED] - Unable to verify text 'These facts are good to know before making a cannabis purchase.' is present  using regular expression (Root cause: com.kms.katalon.core.exception.StepFailedException: Text 'These facts are good to know before making a cannabis purchase.' is not present on page  using regular expression)
[[ATTACHMENT|/Users/sumankompelly/Katalon Studio/OCS ( QA- 1.9.1 ) /Reports/QA ( 1.9.1)/HP, PROD , AG,COLL/20190527_174417/1558994748080.png]]

2019-05-27 18:05:48 - [MESSAGE][FAILED] - verifyTextPresent("These facts are good to know before making a cannabis purchase.", true) FAILED.
Reason:
com.kms.katalon.core.exception.StepFailedException: Unable to verify text 'These facts are good to know before making a cannabis purchase.' is present  using regular expression (Root cause: com.kms.katalon.core.exception.StepFailedException: Text 'These facts are good to know before making a cannabis purchase.' is not present on page  using regular expression)
	at com.kms.katalon.core.keyword.internal.KeywordMain.stepFailed(KeywordMain.groovy:36)
	at com.kms.katalon.core.webui.keyword.internal.WebUIKeywordMain.stepFailed(WebUIKeywordMain.groovy:65)
	at com.kms.katalon.core.webui.keyword.internal.WebUIKeywordMain.runKeyword(WebUIKeywordMain.groovy:27)
	at com.kms.katalon.core.webui.keyword.builtin.VerifyTextPresentKeyword.verifyTextPresent(VerifyTextPresentKeyword.groovy:83)
	at com.kms.katalon.core.webui.keyword.builtin.VerifyTextPresentKeyword.execute(VerifyTextPresentKeyword.groovy:68)
	at com.kms.katalon.core.keyword.internal.KeywordExecutor.executeKeywordForPlatform(KeywordExecutor.groovy:53)
	at com.kms.katalon.core.webui.keyword.WebUiBuiltInKeywords.verifyTextPresent(WebUiBuiltInKeywords.groovy:1693)
	at com.kms.katalon.core.webui.keyword.WebUiBuiltInKeywords$verifyTextPresent$10.call(Unknown Source)
	at HP- Burger menu- Learn.run(HP- Burger menu- Learn:377)
	at com.kms.katalon.core.main.ScriptEngine.run(ScriptEngine.java:194)
	at com.kms.katalon.core.main.ScriptEngine.runScriptAsRawText(ScriptEngine.java:119)
	at com.kms.katalon.core.main.TestCaseExecutor.runScript(TestCaseExecutor.java:328)
	at com.kms.katalon.core.main.TestCaseExecutor.doExecute(TestCaseExecutor.java:319)
	at com.kms.katalon.core.main.TestCaseExecutor.processExecutionPhase(TestCaseExecutor.java:298)
	at com.kms.katalon.core.main.TestCaseExecutor.accessMainPhase(TestCaseExecutor.java:290)
	at com.kms.katalon.core.main.TestCaseExecutor.execute(TestCaseExecutor.java:224)
	at com.kms.katalon.core.main.TestSuiteExecutor.accessTestCaseMainPhase(TestSuiteExecutor.java:129)
	at com.kms.katalon.core.main.TestSuiteExecutor.accessTestSuiteMainPhase(TestSuiteExecutor.java:112)
	at com.kms.katalon.core.main.TestSuiteExecutor.execute(TestSuiteExecutor.java:81)
	at com.kms.katalon.core.main.TestCaseMain.startTestSuite(TestCaseMain.java:149)
	at com.kms.katalon.core.main.TestCaseMain$startTestSuite$0.call(Unknown Source)
	at TempTestSuite1558993457442.run(TempTestSuite1558993457442.groovy:36)]]></system-out>
         <system-err><![CDATA[2019-05-27 18:02:29 - [TEST_CASE][FAILED] - Test Cases/OCS - MOBILE/OCS- HOME PAGE/HP- Burger menu- Learn: Test Cases/OCS - MOBILE/OCS- HOME PAGE/HP- Burger menu- Learn FAILED.
Reason:
com.kms.katalon.core.exception.StepFailedException: Unable to verify text 'These facts are good to know before making a cannabis purchase.' is present  using regular expression (Root cause: com.kms.katalon.core.exception.StepFailedException: Text 'These facts are good to know before making a cannabis purchase.' is not present on page  using regular expression)
	at com.kms.katalon.core.keyword.internal.KeywordMain.stepFailed(KeywordMain.groovy:36)
	at com.kms.katalon.core.webui.keyword.internal.WebUIKeywordMain.stepFailed(WebUIKeywordMain.groovy:65)
	at com.kms.katalon.core.webui.keyword.internal.WebUIKeywordMain.runKeyword(WebUIKeywordMain.groovy:27)
	at com.kms.katalon.core.webui.keyword.builtin.VerifyTextPresentKeyword.verifyTextPresent(VerifyTextPresentKeyword.groovy:83)
	at com.kms.katalon.core.webui.keyword.builtin.VerifyTextPresentKeyword.execute(VerifyTextPresentKeyword.groovy:68)
	at com.kms.katalon.core.keyword.internal.KeywordExecutor.executeKeywordForPlatform(KeywordExecutor.groovy:53)
	at com.kms.katalon.core.webui.keyword.WebUiBuiltInKeywords.verifyTextPresent(WebUiBuiltInKeywords.groovy:1693)
	at com.kms.katalon.core.webui.keyword.WebUiBuiltInKeywords$verifyTextPresent$10.call(Unknown Source)
	at HP- Burger menu- Learn.run(HP- Burger menu- Learn:377)
	at com.kms.katalon.core.main.ScriptEngine.run(ScriptEngine.java:194)
	at com.kms.katalon.core.main.ScriptEngine.runScriptAsRawText(ScriptEngine.java:119)
	at com.kms.katalon.core.main.TestCaseExecutor.runScript(TestCaseExecutor.java:328)
	at com.kms.katalon.core.main.TestCaseExecutor.doExecute(TestCaseExecutor.java:319)
	at com.kms.katalon.core.main.TestCaseExecutor.processExecutionPhase(TestCaseExecutor.java:298)
	at com.kms.katalon.core.main.TestCaseExecutor.accessMainPhase(TestCaseExecutor.java:290)
	at com.kms.katalon.core.main.TestCaseExecutor.execute(TestCaseExecutor.java:224)
	at com.kms.katalon.core.main.TestSuiteExecutor.accessTestCaseMainPhase(TestSuiteExecutor.java:129)
	at com.kms.katalon.core.main.TestSuiteExecutor.accessTestSuiteMainPhase(TestSuiteExecutor.java:112)
	at com.kms.katalon.core.main.TestSuiteExecutor.execute(TestSuiteExecutor.java:81)
	at com.kms.katalon.core.main.TestCaseMain.startTestSuite(TestCaseMain.java:149)
	at com.kms.katalon.core.main.TestCaseMain$startTestSuite$0.call(Unknown Source)
	at TempTestSuite1558993457442.run(TempTestSuite1558993457442.groovy:36)]]></system-err>
      </testcase>
      <testcase name="Test Cases/OCS - MOBILE/OCS- HOME PAGE/HP-Burger menu -cannabis" classname="Test Cases/OCS - MOBILE/OCS- HOME PAGE/HP-Burger menu -cannabis" status="PASSED">
         <system-out><![CDATA[2019-05-27 18:05:48 - [TEST_CASE][PASSED] - Test Cases/OCS - MOBILE/OCS- HOME PAGE/HP-Burger menu -cannabis: Test Cases/OCS - MOBILE/OCS- HOME PAGE/HP-Burger menu -cannabis

2019-05-27 18:05:48 - [TEST_STEP][PASSED] - callTestCase(findTestCase("OCS - MOBILE/CALL - AGE GATE"), [:], STOP_ON_FAILURE): Call Test Case 'Test Cases/OCS - MOBILE/CALL - AGE GATE' successfully

2019-05-27 18:05:48 - [TEST_CASE][PASSED] - Test Cases/OCS - MOBILE/CALL - AGE GATE: Test Cases/OCS - MOBILE/CALL - AGE GATE

2019-05-27 18:05:48 - [TEST_STEP][PASSED] - openBrowser(""): Browser is opened with url: ''

2019-05-27 18:05:48 - [MESSAGE][WARNING] - A browser is already opened. Closing browser and opening a new one

2019-05-27 18:05:48 - [MESSAGE][INFO] - Starting 'Chrome' driver

2019-05-27 18:05:50 - [MESSAGE][PASSED] - Browser is opened with url: ''

2019-05-27 18:05:50 - [TEST_STEP][PASSED] - navigateToUrl("https://ocs.ca/?fts=0&preview_theme_id=53376026444"): Navigate to 'https://ocs.ca/?fts=0&preview_theme_id=53376026444' successfully

2019-05-27 18:05:56 - [MESSAGE][PASSED] - Navigate to 'https://ocs.ca/?fts=0&preview_theme_id=53376026444' successfully

2019-05-27 18:05:56 - [TEST_STEP][NOT_RUN] - executeJavaScript("var previewBar = document.getElementById("preview-bar-iframe"); previewBar.style.display = "none";", []): NOT_RUN: executeJavaScript("var previewBar = document.getElementById("preview-bar-iframe"); previewBar.style.display = "none";", [])

2019-05-27 18:05:56 - [MESSAGE][NOT_RUN] - NOT_RUN: executeJavaScript("var previewBar = document.getElementById("preview-bar-iframe"); previewBar.style.display = "none";", [])

2019-05-27 18:05:56 - [TEST_STEP][PASSED] - setViewPortSize(360, 800): Viewport is set to new size with width = 360 and height = 800

2019-05-27 18:05:56 - [MESSAGE][PASSED] - Viewport is set to new size with width = 360 and height = 800

2019-05-27 18:05:56 - [TEST_STEP][PASSED] - delay(4): Delayed 4 second(s)

2019-05-27 18:06:00 - [MESSAGE][PASSED] - Delayed 4 second(s)

2019-05-27 18:06:00 - [TEST_STEP][PASSED] - selectOptionByValue(findTestObject("OCS-MOBILE /Age gate and burger menu/Date"), "12", true): All options with value '12' are selected in object 'Object Repository/OCS-MOBILE /Age gate and burger menu/Date'  using regular expression

2019-05-27 18:06:01 - [MESSAGE][PASSED] - All options with value '12' are selected in object 'Object Repository/OCS-MOBILE /Age gate and burger menu/Date'  using regular expression

2019-05-27 18:06:01 - [TEST_STEP][PASSED] - selectOptionByValue(findTestObject("OCS-MOBILE /Age gate and burger menu/month"), "6", true): All options with value '6' are selected in object 'Object Repository/OCS-MOBILE /Age gate and burger menu/month'  using regular expression

2019-05-27 18:06:01 - [MESSAGE][PASSED] - All options with value '6' are selected in object 'Object Repository/OCS-MOBILE /Age gate and burger menu/month'  using regular expression

2019-05-27 18:06:01 - [TEST_STEP][PASSED] - delay(2): Delayed 2 second(s)

2019-05-27 18:06:03 - [MESSAGE][PASSED] - Delayed 2 second(s)

2019-05-27 18:06:03 - [TEST_STEP][PASSED] - selectOptionByValue(findTestObject("OCS-MOBILE /Age gate and burger menu/Year Dropdown"), "1990", true): All options with value '1990' are selected in object 'Object Repository/OCS-MOBILE /Age gate and burger menu/Year Dropdown'  using regular expression

2019-05-27 18:06:04 - [MESSAGE][PASSED] - All options with value '1990' are selected in object 'Object Repository/OCS-MOBILE /Age gate and burger menu/Year Dropdown'  using regular expression

2019-05-27 18:06:04 - [TEST_STEP][PASSED] - click(findTestObject("OCS-MOBILE /Age gate and burger menu/button_Verify")): Object: 'Object Repository/OCS-MOBILE /Age gate and burger menu/button_Verify' is clicked on

2019-05-27 18:06:04 - [MESSAGE][PASSED] - Object: 'Object Repository/OCS-MOBILE /Age gate and burger menu/button_Verify' is clicked on

2019-05-27 18:06:04 - [TEST_STEP][PASSED] - click(findTestObject("OCS-MOBILE /Age gate and burger menu/Checkbox_CONFIRM AND ACKNOWLEDGE")): Object: 'Object Repository/OCS-MOBILE /Age gate and burger menu/Checkbox_CONFIRM AND ACKNOWLEDGE' is clicked on

2019-05-27 18:06:04 - [MESSAGE][PASSED] - Object: 'Object Repository/OCS-MOBILE /Age gate and burger menu/Checkbox_CONFIRM AND ACKNOWLEDGE' is clicked on

2019-05-27 18:06:04 - [TEST_STEP][PASSED] - click(findTestObject("OCS-MOBILE /Age gate and burger menu/button_CONFIRM")): Object: 'Object Repository/OCS-MOBILE /Age gate and burger menu/button_CONFIRM' is clicked on

2019-05-27 18:06:04 - [MESSAGE][PASSED] - Object: 'Object Repository/OCS-MOBILE /Age gate and burger menu/button_CONFIRM' is clicked on

2019-05-27 18:06:04 - [TEST_STEP][PASSED] - click(findTestObject("OCS-MOBILE /Age gate and burger menu/button_Start Browsing")): Object: 'Object Repository/OCS-MOBILE /Age gate and burger menu/button_Start Browsing' is clicked on

2019-05-27 18:06:04 - [MESSAGE][PASSED] - Object: 'Object Repository/OCS-MOBILE /Age gate and burger menu/button_Start Browsing' is clicked on

2019-05-27 18:06:04 - [MESSAGE][PASSED] - Call Test Case 'Test Cases/OCS - MOBILE/CALL - AGE GATE' successfully

2019-05-27 18:06:04 - [TEST_STEP][PASSED] - delay(2): Delayed 2 second(s)

2019-05-27 18:06:06 - [MESSAGE][PASSED] - Delayed 2 second(s)

2019-05-27 18:06:06 - [TEST_STEP][PASSED] - click(findTestObject("OCS-MOBILE /Age gate and burger menu/Burger menu - English"), CONTINUE_ON_FAILURE): Object: 'Object Repository/OCS-MOBILE /Age gate and burger menu/Burger menu - English' is clicked on

2019-05-27 18:06:06 - [MESSAGE][PASSED] - Object: 'Object Repository/OCS-MOBILE /Age gate and burger menu/Burger menu - English' is clicked on

2019-05-27 18:06:06 - [TEST_STEP][PASSED] - delay(2, CONTINUE_ON_FAILURE): Delayed 2 second(s)

2019-05-27 18:06:08 - [MESSAGE][PASSED] - Delayed 2 second(s)

2019-05-27 18:06:08 - [TEST_STEP][PASSED] - click(findTestObject("OCS-MOBILE /Cannabis page/Cannabis chevron")): Object: 'Object Repository/OCS-MOBILE /Cannabis page/Cannabis chevron' is clicked on

2019-05-27 18:06:08 - [MESSAGE][PASSED] - Object: 'Object Repository/OCS-MOBILE /Cannabis page/Cannabis chevron' is clicked on

2019-05-27 18:06:08 - [TEST_STEP][PASSED] - delay(1, CONTINUE_ON_FAILURE): Delayed 1 second(s)

2019-05-27 18:06:09 - [MESSAGE][PASSED] - Delayed 1 second(s)

2019-05-27 18:06:09 - [TEST_STEP][PASSED] - click(findTestObject("OCS-MOBILE /Cannabis page/Dried flower - plus accordian")): Object: 'Object Repository/OCS-MOBILE /Cannabis page/Dried flower - plus accordian' is clicked on

2019-05-27 18:06:09 - [MESSAGE][PASSED] - Object: 'Object Repository/OCS-MOBILE /Cannabis page/Dried flower - plus accordian' is clicked on

2019-05-27 18:06:09 - [TEST_STEP][PASSED] - delay(1, CONTINUE_ON_FAILURE): Delayed 1 second(s)

2019-05-27 18:06:10 - [MESSAGE][PASSED] - Delayed 1 second(s)

2019-05-27 18:06:10 - [TEST_STEP][PASSED] - click(findTestObject("OCS-MOBILE /Cannabis page/Dried flower -subtract accordian")): Object: 'Object Repository/OCS-MOBILE /Cannabis page/Dried flower -subtract accordian' is clicked on

2019-05-27 18:06:10 - [MESSAGE][PASSED] - Object: 'Object Repository/OCS-MOBILE /Cannabis page/Dried flower -subtract accordian' is clicked on

2019-05-27 18:06:10 - [TEST_STEP][PASSED] - delay(1, CONTINUE_ON_FAILURE): Delayed 1 second(s)

2019-05-27 18:06:11 - [MESSAGE][PASSED] - Delayed 1 second(s)

2019-05-27 18:06:11 - [TEST_STEP][PASSED] - click(findTestObject("OCS-MOBILE /Cannabis page/Dried flower - plus accordian")): Object: 'Object Repository/OCS-MOBILE /Cannabis page/Dried flower - plus accordian' is clicked on

2019-05-27 18:06:12 - [MESSAGE][PASSED] - Object: 'Object Repository/OCS-MOBILE /Cannabis page/Dried flower - plus accordian' is clicked on

2019-05-27 18:06:12 - [TEST_STEP][PASSED] - delay(1, CONTINUE_ON_FAILURE): Delayed 1 second(s)

2019-05-27 18:06:13 - [MESSAGE][PASSED] - Delayed 1 second(s)

2019-05-27 18:06:13 - [TEST_STEP][PASSED] - click(findTestObject("OCS-MOBILE /Cannabis page/Dried flower - Indica dominant")): Object: 'Object Repository/OCS-MOBILE /Cannabis page/Dried flower - Indica dominant' is clicked on

2019-05-27 18:06:15 - [MESSAGE][PASSED] - Object: 'Object Repository/OCS-MOBILE /Cannabis page/Dried flower - Indica dominant' is clicked on

2019-05-27 18:06:15 - [TEST_STEP][PASSED] - delay(1, CONTINUE_ON_FAILURE): Delayed 1 second(s)

2019-05-27 18:06:16 - [MESSAGE][PASSED] - Delayed 1 second(s)

2019-05-27 18:06:16 - [TEST_STEP][PASSED] - click(findTestObject("OCS-MOBILE /Age gate and burger menu/Burger menu - English"), CONTINUE_ON_FAILURE): Object: 'Object Repository/OCS-MOBILE /Age gate and burger menu/Burger menu - English' is clicked on

2019-05-27 18:06:17 - [MESSAGE][PASSED] - Object: 'Object Repository/OCS-MOBILE /Age gate and burger menu/Burger menu - English' is clicked on

2019-05-27 18:06:17 - [TEST_STEP][PASSED] - delay(2, CONTINUE_ON_FAILURE): Delayed 2 second(s)

2019-05-27 18:06:19 - [MESSAGE][PASSED] - Delayed 2 second(s)

2019-05-27 18:06:19 - [TEST_STEP][PASSED] - click(findTestObject("OCS-MOBILE /Cannabis page/Cannabis chevron")): Object: 'Object Repository/OCS-MOBILE /Cannabis page/Cannabis chevron' is clicked on

2019-05-27 18:06:19 - [MESSAGE][PASSED] - Object: 'Object Repository/OCS-MOBILE /Cannabis page/Cannabis chevron' is clicked on

2019-05-27 18:06:19 - [TEST_STEP][PASSED] - delay(1, CONTINUE_ON_FAILURE): Delayed 1 second(s)

2019-05-27 18:06:20 - [MESSAGE][PASSED] - Delayed 1 second(s)

2019-05-27 18:06:20 - [TEST_STEP][PASSED] - click(findTestObject("OCS-MOBILE /Cannabis page/Dried flower - plus accordian")): Object: 'Object Repository/OCS-MOBILE /Cannabis page/Dried flower - plus accordian' is clicked on

2019-05-27 18:06:20 - [MESSAGE][PASSED] - Object: 'Object Repository/OCS-MOBILE /Cannabis page/Dried flower - plus accordian' is clicked on

2019-05-27 18:06:20 - [TEST_STEP][PASSED] - delay(1, CONTINUE_ON_FAILURE): Delayed 1 second(s)

2019-05-27 18:06:21 - [MESSAGE][PASSED] - Delayed 1 second(s)

2019-05-27 18:06:21 - [TEST_STEP][PASSED] - click(findTestObject("OCS-MOBILE /Cannabis page/Dried flower - sativa dominant")): Object: 'Object Repository/OCS-MOBILE /Cannabis page/Dried flower - sativa dominant' is clicked on

2019-05-27 18:06:23 - [MESSAGE][PASSED] - Object: 'Object Repository/OCS-MOBILE /Cannabis page/Dried flower - sativa dominant' is clicked on

2019-05-27 18:06:23 - [TEST_STEP][PASSED] - delay(1, CONTINUE_ON_FAILURE): Delayed 1 second(s)

2019-05-27 18:06:24 - [MESSAGE][PASSED] - Delayed 1 second(s)

2019-05-27 18:06:24 - [TEST_STEP][PASSED] - delay(1, CONTINUE_ON_FAILURE): Delayed 1 second(s)

2019-05-27 18:06:25 - [MESSAGE][PASSED] - Delayed 1 second(s)

2019-05-27 18:06:25 - [TEST_STEP][PASSED] - click(findTestObject("OCS-MOBILE /Age gate and burger menu/Burger menu - English"), CONTINUE_ON_FAILURE): Object: 'Object Repository/OCS-MOBILE /Age gate and burger menu/Burger menu - English' is clicked on

2019-05-27 18:06:25 - [MESSAGE][PASSED] - Object: 'Object Repository/OCS-MOBILE /Age gate and burger menu/Burger menu - English' is clicked on

2019-05-27 18:06:25 - [TEST_STEP][PASSED] - delay(2, CONTINUE_ON_FAILURE): Delayed 2 second(s)

2019-05-27 18:06:27 - [MESSAGE][PASSED] - Delayed 2 second(s)

2019-05-27 18:06:27 - [TEST_STEP][PASSED] - click(findTestObject("OCS-MOBILE /Cannabis page/Cannabis chevron")): Object: 'Object Repository/OCS-MOBILE /Cannabis page/Cannabis chevron' is clicked on

2019-05-27 18:06:27 - [MESSAGE][PASSED] - Object: 'Object Repository/OCS-MOBILE /Cannabis page/Cannabis chevron' is clicked on

2019-05-27 18:06:27 - [TEST_STEP][PASSED] - delay(1, CONTINUE_ON_FAILURE): Delayed 1 second(s)

2019-05-27 18:06:28 - [MESSAGE][PASSED] - Delayed 1 second(s)

2019-05-27 18:06:28 - [TEST_STEP][PASSED] - click(findTestObject("OCS-MOBILE /Cannabis page/Dried flower - plus accordian")): Object: 'Object Repository/OCS-MOBILE /Cannabis page/Dried flower - plus accordian' is clicked on

2019-05-27 18:06:28 - [MESSAGE][PASSED] - Object: 'Object Repository/OCS-MOBILE /Cannabis page/Dried flower - plus accordian' is clicked on

2019-05-27 18:06:28 - [TEST_STEP][PASSED] - delay(1, CONTINUE_ON_FAILURE): Delayed 1 second(s)

2019-05-27 18:06:29 - [MESSAGE][PASSED] - Delayed 1 second(s)

2019-05-27 18:06:29 - [TEST_STEP][PASSED] - click(findTestObject("OCS-MOBILE /Cannabis page/Dried flower - Hybrid")): Object: 'Object Repository/OCS-MOBILE /Cannabis page/Dried flower - Hybrid' is clicked on

2019-05-27 18:06:31 - [MESSAGE][PASSED] - Object: 'Object Repository/OCS-MOBILE /Cannabis page/Dried flower - Hybrid' is clicked on

2019-05-27 18:06:31 - [TEST_STEP][PASSED] - delay(1, CONTINUE_ON_FAILURE): Delayed 1 second(s)

2019-05-27 18:06:32 - [MESSAGE][PASSED] - Delayed 1 second(s)

2019-05-27 18:06:32 - [TEST_STEP][PASSED] - click(findTestObject("OCS-MOBILE /Age gate and burger menu/Burger menu - English"), CONTINUE_ON_FAILURE): Object: 'Object Repository/OCS-MOBILE /Age gate and burger menu/Burger menu - English' is clicked on

2019-05-27 18:06:32 - [MESSAGE][PASSED] - Object: 'Object Repository/OCS-MOBILE /Age gate and burger menu/Burger menu - English' is clicked on

2019-05-27 18:06:32 - [TEST_STEP][PASSED] - delay(2, CONTINUE_ON_FAILURE): Delayed 2 second(s)

2019-05-27 18:06:34 - [MESSAGE][PASSED] - Delayed 2 second(s)

2019-05-27 18:06:34 - [TEST_STEP][PASSED] - click(findTestObject("OCS-MOBILE /Cannabis page/Cannabis chevron")): Object: 'Object Repository/OCS-MOBILE /Cannabis page/Cannabis chevron' is clicked on

2019-05-27 18:06:34 - [MESSAGE][PASSED] - Object: 'Object Repository/OCS-MOBILE /Cannabis page/Cannabis chevron' is clicked on

2019-05-27 18:06:34 - [TEST_STEP][PASSED] - delay(1, CONTINUE_ON_FAILURE): Delayed 1 second(s)

2019-05-27 18:06:35 - [MESSAGE][PASSED] - Delayed 1 second(s)

2019-05-27 18:06:35 - [TEST_STEP][PASSED] - click(findTestObject("OCS-MOBILE /Cannabis page/Dried flower - plus accordian")): Object: 'Object Repository/OCS-MOBILE /Cannabis page/Dried flower - plus accordian' is clicked on

2019-05-27 18:06:35 - [MESSAGE][PASSED] - Object: 'Object Repository/OCS-MOBILE /Cannabis page/Dried flower - plus accordian' is clicked on

2019-05-27 18:06:35 - [TEST_STEP][PASSED] - delay(1, CONTINUE_ON_FAILURE): Delayed 1 second(s)

2019-05-27 18:06:36 - [MESSAGE][PASSED] - Delayed 1 second(s)

2019-05-27 18:06:36 - [TEST_STEP][PASSED] - click(findTestObject("OCS-MOBILE /Cannabis page/Shop all dried flower")): Object: 'Object Repository/OCS-MOBILE /Cannabis page/Shop all dried flower' is clicked on

2019-05-27 18:06:38 - [MESSAGE][PASSED] - Object: 'Object Repository/OCS-MOBILE /Cannabis page/Shop all dried flower' is clicked on

2019-05-27 18:06:38 - [TEST_STEP][PASSED] - delay(1, CONTINUE_ON_FAILURE): Delayed 1 second(s)

2019-05-27 18:06:39 - [MESSAGE][PASSED] - Delayed 1 second(s)

2019-05-27 18:06:39 - [TEST_STEP][PASSED] - click(findTestObject("OCS-MOBILE /Age gate and burger menu/Burger menu - English"), CONTINUE_ON_FAILURE): Object: 'Object Repository/OCS-MOBILE /Age gate and burger menu/Burger menu - English' is clicked on

2019-05-27 18:06:39 - [MESSAGE][PASSED] - Object: 'Object Repository/OCS-MOBILE /Age gate and burger menu/Burger menu - English' is clicked on

2019-05-27 18:06:39 - [TEST_STEP][PASSED] - delay(2, CONTINUE_ON_FAILURE): Delayed 2 second(s)

2019-05-27 18:06:41 - [MESSAGE][PASSED] - Delayed 2 second(s)

2019-05-27 18:06:41 - [TEST_STEP][PASSED] - click(findTestObject("OCS-MOBILE /Cannabis page/Cannabis chevron")): Object: 'Object Repository/OCS-MOBILE /Cannabis page/Cannabis chevron' is clicked on

2019-05-27 18:06:41 - [MESSAGE][PASSED] - Object: 'Object Repository/OCS-MOBILE /Cannabis page/Cannabis chevron' is clicked on

2019-05-27 18:06:41 - [TEST_STEP][PASSED] - delay(1, CONTINUE_ON_FAILURE): Delayed 1 second(s)

2019-05-27 18:06:42 - [MESSAGE][PASSED] - Delayed 1 second(s)

2019-05-27 18:06:42 - [TEST_STEP][PASSED] - click(findTestObject("OCS-MOBILE /Cannabis page/Prerolled - Plus accordian")): Object: 'Object Repository/OCS-MOBILE /Cannabis page/Prerolled - Plus accordian' is clicked on

2019-05-27 18:06:42 - [MESSAGE][PASSED] - Object: 'Object Repository/OCS-MOBILE /Cannabis page/Prerolled - Plus accordian' is clicked on

2019-05-27 18:06:42 - [TEST_STEP][PASSED] - delay(1, CONTINUE_ON_FAILURE): Delayed 1 second(s)

2019-05-27 18:06:43 - [MESSAGE][PASSED] - Delayed 1 second(s)

2019-05-27 18:06:43 - [TEST_STEP][PASSED] - click(findTestObject("OCS-MOBILE /Cannabis page/Prerolled - subtract accordian")): Object: 'Object Repository/OCS-MOBILE /Cannabis page/Prerolled - subtract accordian' is clicked on

2019-05-27 18:06:43 - [MESSAGE][PASSED] - Object: 'Object Repository/OCS-MOBILE /Cannabis page/Prerolled - subtract accordian' is clicked on

2019-05-27 18:06:43 - [TEST_STEP][PASSED] - delay(1, CONTINUE_ON_FAILURE): Delayed 1 second(s)

2019-05-27 18:06:44 - [MESSAGE][PASSED] - Delayed 1 second(s)

2019-05-27 18:06:44 - [TEST_STEP][PASSED] - click(findTestObject("OCS-MOBILE /Cannabis page/Prerolled - Plus accordian")): Object: 'Object Repository/OCS-MOBILE /Cannabis page/Prerolled - Plus accordian' is clicked on

2019-05-27 18:06:44 - [MESSAGE][PASSED] - Object: 'Object Repository/OCS-MOBILE /Cannabis page/Prerolled - Plus accordian' is clicked on

2019-05-27 18:06:44 - [TEST_STEP][PASSED] - delay(1, CONTINUE_ON_FAILURE): Delayed 1 second(s)

2019-05-27 18:06:45 - [MESSAGE][PASSED] - Delayed 1 second(s)

2019-05-27 18:06:45 - [TEST_STEP][PASSED] - click(findTestObject("OCS-MOBILE /Cannabis page/Prerolled - Indica dominant")): Object: 'Object Repository/OCS-MOBILE /Cannabis page/Prerolled - Indica dominant' is clicked on

2019-05-27 18:06:47 - [MESSAGE][PASSED] - Object: 'Object Repository/OCS-MOBILE /Cannabis page/Prerolled - Indica dominant' is clicked on

2019-05-27 18:06:47 - [TEST_STEP][PASSED] - delay(1, CONTINUE_ON_FAILURE): Delayed 1 second(s)

2019-05-27 18:06:48 - [MESSAGE][PASSED] - Delayed 1 second(s)

2019-05-27 18:06:48 - [TEST_STEP][PASSED] - click(findTestObject("OCS-MOBILE /Age gate and burger menu/Burger menu - English"), CONTINUE_ON_FAILURE): Object: 'Object Repository/OCS-MOBILE /Age gate and burger menu/Burger menu - English' is clicked on

2019-05-27 18:06:48 - [MESSAGE][PASSED] - Object: 'Object Repository/OCS-MOBILE /Age gate and burger menu/Burger menu - English' is clicked on

2019-05-27 18:06:48 - [TEST_STEP][PASSED] - delay(2, CONTINUE_ON_FAILURE): Delayed 2 second(s)

2019-05-27 18:06:50 - [MESSAGE][PASSED] - Delayed 2 second(s)

2019-05-27 18:06:50 - [TEST_STEP][PASSED] - click(findTestObject("OCS-MOBILE /Cannabis page/Cannabis chevron")): Object: 'Object Repository/OCS-MOBILE /Cannabis page/Cannabis chevron' is clicked on

2019-05-27 18:06:50 - [MESSAGE][PASSED] - Object: 'Object Repository/OCS-MOBILE /Cannabis page/Cannabis chevron' is clicked on

2019-05-27 18:06:50 - [TEST_STEP][PASSED] - delay(1, CONTINUE_ON_FAILURE): Delayed 1 second(s)

2019-05-27 18:06:51 - [MESSAGE][PASSED] - Delayed 1 second(s)

2019-05-27 18:06:51 - [TEST_STEP][PASSED] - click(findTestObject("OCS-MOBILE /Cannabis page/Prerolled - Plus accordian")): Object: 'Object Repository/OCS-MOBILE /Cannabis page/Prerolled - Plus accordian' is clicked on

2019-05-27 18:06:51 - [MESSAGE][PASSED] - Object: 'Object Repository/OCS-MOBILE /Cannabis page/Prerolled - Plus accordian' is clicked on

2019-05-27 18:06:51 - [TEST_STEP][PASSED] - delay(1, CONTINUE_ON_FAILURE): Delayed 1 second(s)

2019-05-27 18:06:52 - [MESSAGE][PASSED] - Delayed 1 second(s)

2019-05-27 18:06:52 - [TEST_STEP][PASSED] - click(findTestObject("OCS-MOBILE /Cannabis page/Prerolled - sativa dominant")): Object: 'Object Repository/OCS-MOBILE /Cannabis page/Prerolled - sativa dominant' is clicked on

2019-05-27 18:06:55 - [MESSAGE][PASSED] - Object: 'Object Repository/OCS-MOBILE /Cannabis page/Prerolled - sativa dominant' is clicked on

2019-05-27 18:06:55 - [TEST_STEP][PASSED] - delay(1, CONTINUE_ON_FAILURE): Delayed 1 second(s)

2019-05-27 18:06:56 - [MESSAGE][PASSED] - Delayed 1 second(s)

2019-05-27 18:06:56 - [TEST_STEP][PASSED] - click(findTestObject("OCS-MOBILE /Age gate and burger menu/Burger menu - English"), CONTINUE_ON_FAILURE): Object: 'Object Repository/OCS-MOBILE /Age gate and burger menu/Burger menu - English' is clicked on

2019-05-27 18:06:56 - [MESSAGE][PASSED] - Object: 'Object Repository/OCS-MOBILE /Age gate and burger menu/Burger menu - English' is clicked on

2019-05-27 18:06:56 - [TEST_STEP][PASSED] - delay(2, CONTINUE_ON_FAILURE): Delayed 2 second(s)

2019-05-27 18:06:58 - [MESSAGE][PASSED] - Delayed 2 second(s)

2019-05-27 18:06:58 - [TEST_STEP][PASSED] - click(findTestObject("OCS-MOBILE /Cannabis page/Cannabis chevron")): Object: 'Object Repository/OCS-MOBILE /Cannabis page/Cannabis chevron' is clicked on

2019-05-27 18:06:58 - [MESSAGE][PASSED] - Object: 'Object Repository/OCS-MOBILE /Cannabis page/Cannabis chevron' is clicked on

2019-05-27 18:06:58 - [TEST_STEP][PASSED] - delay(1, CONTINUE_ON_FAILURE): Delayed 1 second(s)

2019-05-27 18:06:59 - [MESSAGE][PASSED] - Delayed 1 second(s)

2019-05-27 18:06:59 - [TEST_STEP][PASSED] - click(findTestObject("OCS-MOBILE /Cannabis page/Prerolled - Plus accordian")): Object: 'Object Repository/OCS-MOBILE /Cannabis page/Prerolled - Plus accordian' is clicked on

2019-05-27 18:06:59 - [MESSAGE][PASSED] - Object: 'Object Repository/OCS-MOBILE /Cannabis page/Prerolled - Plus accordian' is clicked on

2019-05-27 18:06:59 - [TEST_STEP][PASSED] - delay(1, CONTINUE_ON_FAILURE): Delayed 1 second(s)

2019-05-27 18:07:00 - [MESSAGE][PASSED] - Delayed 1 second(s)

2019-05-27 18:07:00 - [TEST_STEP][PASSED] - click(findTestObject("OCS-MOBILE /Cannabis page/Prerolled - Hybrid")): Object: 'Object Repository/OCS-MOBILE /Cannabis page/Prerolled - Hybrid' is clicked on

2019-05-27 18:07:02 - [MESSAGE][PASSED] - Object: 'Object Repository/OCS-MOBILE /Cannabis page/Prerolled - Hybrid' is clicked on

2019-05-27 18:07:02 - [TEST_STEP][PASSED] - delay(1, CONTINUE_ON_FAILURE): Delayed 1 second(s)

2019-05-27 18:07:03 - [MESSAGE][PASSED] - Delayed 1 second(s)

2019-05-27 18:07:03 - [TEST_STEP][PASSED] - click(findTestObject("OCS-MOBILE /Age gate and burger menu/Burger menu - English"), CONTINUE_ON_FAILURE): Object: 'Object Repository/OCS-MOBILE /Age gate and burger menu/Burger menu - English' is clicked on

2019-05-27 18:07:03 - [MESSAGE][PASSED] - Object: 'Object Repository/OCS-MOBILE /Age gate and burger menu/Burger menu - English' is clicked on

2019-05-27 18:07:03 - [TEST_STEP][PASSED] - delay(2, CONTINUE_ON_FAILURE): Delayed 2 second(s)

2019-05-27 18:07:05 - [MESSAGE][PASSED] - Delayed 2 second(s)

2019-05-27 18:07:05 - [TEST_STEP][PASSED] - click(findTestObject("OCS-MOBILE /Cannabis page/Cannabis chevron")): Object: 'Object Repository/OCS-MOBILE /Cannabis page/Cannabis chevron' is clicked on

2019-05-27 18:07:05 - [MESSAGE][PASSED] - Object: 'Object Repository/OCS-MOBILE /Cannabis page/Cannabis chevron' is clicked on

2019-05-27 18:07:05 - [TEST_STEP][PASSED] - delay(1, CONTINUE_ON_FAILURE): Delayed 1 second(s)

2019-05-27 18:07:06 - [MESSAGE][PASSED] - Delayed 1 second(s)

2019-05-27 18:07:06 - [TEST_STEP][PASSED] - click(findTestObject("OCS-MOBILE /Cannabis page/Prerolled - Plus accordian")): Object: 'Object Repository/OCS-MOBILE /Cannabis page/Prerolled - Plus accordian' is clicked on

2019-05-27 18:07:06 - [MESSAGE][PASSED] - Object: 'Object Repository/OCS-MOBILE /Cannabis page/Prerolled - Plus accordian' is clicked on

2019-05-27 18:07:06 - [TEST_STEP][PASSED] - delay(1, CONTINUE_ON_FAILURE): Delayed 1 second(s)

2019-05-27 18:07:07 - [MESSAGE][PASSED] - Delayed 1 second(s)

2019-05-27 18:07:07 - [TEST_STEP][PASSED] - click(findTestObject("OCS-MOBILE /Cannabis page/Shop all prerolled")): Object: 'Object Repository/OCS-MOBILE /Cannabis page/Shop all prerolled' is clicked on

2019-05-27 18:07:10 - [MESSAGE][PASSED] - Object: 'Object Repository/OCS-MOBILE /Cannabis page/Shop all prerolled' is clicked on

2019-05-27 18:07:10 - [TEST_STEP][PASSED] - delay(1, CONTINUE_ON_FAILURE): Delayed 1 second(s)

2019-05-27 18:07:11 - [MESSAGE][PASSED] - Delayed 1 second(s)

2019-05-27 18:07:11 - [TEST_STEP][PASSED] - click(findTestObject("OCS-MOBILE /Age gate and burger menu/Burger menu - English"), CONTINUE_ON_FAILURE): Object: 'Object Repository/OCS-MOBILE /Age gate and burger menu/Burger menu - English' is clicked on

2019-05-27 18:07:11 - [MESSAGE][PASSED] - Object: 'Object Repository/OCS-MOBILE /Age gate and burger menu/Burger menu - English' is clicked on

2019-05-27 18:07:11 - [TEST_STEP][PASSED] - delay(2, CONTINUE_ON_FAILURE): Delayed 2 second(s)

2019-05-27 18:07:13 - [MESSAGE][PASSED] - Delayed 2 second(s)

2019-05-27 18:07:13 - [TEST_STEP][PASSED] - click(findTestObject("OCS-MOBILE /Cannabis page/Cannabis chevron")): Object: 'Object Repository/OCS-MOBILE /Cannabis page/Cannabis chevron' is clicked on

2019-05-27 18:07:13 - [MESSAGE][PASSED] - Object: 'Object Repository/OCS-MOBILE /Cannabis page/Cannabis chevron' is clicked on

2019-05-27 18:07:13 - [TEST_STEP][PASSED] - delay(1, CONTINUE_ON_FAILURE): Delayed 1 second(s)

2019-05-27 18:07:14 - [MESSAGE][PASSED] - Delayed 1 second(s)

2019-05-27 18:07:14 - [TEST_STEP][NOT_RUN] - click(findTestObject("OCS-MOBILE /Cannabis page/Prerolled - Plus accordian")): NOT_RUN: click(findTestObject("OCS-MOBILE /Cannabis page/Prerolled - Plus accordian"))

2019-05-27 18:07:14 - [MESSAGE][NOT_RUN] - NOT_RUN: click(findTestObject("OCS-MOBILE /Cannabis page/Prerolled - Plus accordian"))

2019-05-27 18:07:14 - [TEST_STEP][PASSED] - delay(1, CONTINUE_ON_FAILURE): Delayed 1 second(s)

2019-05-27 18:07:15 - [MESSAGE][PASSED] - Delayed 1 second(s)

2019-05-27 18:07:15 - [TEST_STEP][PASSED] - click(findTestObject("OCS-MOBILE /Cannabis page/Oils - plus accordian")): Object: 'Object Repository/OCS-MOBILE /Cannabis page/Oils - plus accordian' is clicked on

2019-05-27 18:07:15 - [MESSAGE][PASSED] - Object: 'Object Repository/OCS-MOBILE /Cannabis page/Oils - plus accordian' is clicked on

2019-05-27 18:07:15 - [TEST_STEP][PASSED] - delay(1, CONTINUE_ON_FAILURE): Delayed 1 second(s)

2019-05-27 18:07:16 - [MESSAGE][PASSED] - Delayed 1 second(s)

2019-05-27 18:07:16 - [TEST_STEP][PASSED] - click(findTestObject("OCS-MOBILE /Cannabis page/Oils - subtract accordian")): Object: 'Object Repository/OCS-MOBILE /Cannabis page/Oils - subtract accordian' is clicked on

2019-05-27 18:07:16 - [MESSAGE][PASSED] - Object: 'Object Repository/OCS-MOBILE /Cannabis page/Oils - subtract accordian' is clicked on

2019-05-27 18:07:16 - [TEST_STEP][PASSED] - delay(1, CONTINUE_ON_FAILURE): Delayed 1 second(s)

2019-05-27 18:07:17 - [MESSAGE][PASSED] - Delayed 1 second(s)

2019-05-27 18:07:17 - [TEST_STEP][PASSED] - click(findTestObject("OCS-MOBILE /Cannabis page/Oils - plus accordian")): Object: 'Object Repository/OCS-MOBILE /Cannabis page/Oils - plus accordian' is clicked on

2019-05-27 18:07:17 - [MESSAGE][PASSED] - Object: 'Object Repository/OCS-MOBILE /Cannabis page/Oils - plus accordian' is clicked on

2019-05-27 18:07:17 - [TEST_STEP][PASSED] - delay(1, CONTINUE_ON_FAILURE): Delayed 1 second(s)

2019-05-27 18:07:18 - [MESSAGE][PASSED] - Delayed 1 second(s)

2019-05-27 18:07:18 - [TEST_STEP][PASSED] - click(findTestObject("OCS-MOBILE /Cannabis page/Oils - Bottled oils")): Object: 'Object Repository/OCS-MOBILE /Cannabis page/Oils - Bottled oils' is clicked on

2019-05-27 18:07:21 - [MESSAGE][PASSED] - Object: 'Object Repository/OCS-MOBILE /Cannabis page/Oils - Bottled oils' is clicked on

2019-05-27 18:07:21 - [TEST_STEP][PASSED] - delay(1, CONTINUE_ON_FAILURE): Delayed 1 second(s)

2019-05-27 18:07:22 - [MESSAGE][PASSED] - Delayed 1 second(s)

2019-05-27 18:07:22 - [TEST_STEP][PASSED] - click(findTestObject("OCS-MOBILE /Age gate and burger menu/Burger menu - English"), CONTINUE_ON_FAILURE): Object: 'Object Repository/OCS-MOBILE /Age gate and burger menu/Burger menu - English' is clicked on

2019-05-27 18:07:22 - [MESSAGE][PASSED] - Object: 'Object Repository/OCS-MOBILE /Age gate and burger menu/Burger menu - English' is clicked on

2019-05-27 18:07:22 - [TEST_STEP][PASSED] - delay(2, CONTINUE_ON_FAILURE): Delayed 2 second(s)

2019-05-27 18:07:24 - [MESSAGE][PASSED] - Delayed 2 second(s)

2019-05-27 18:07:24 - [TEST_STEP][PASSED] - click(findTestObject("OCS-MOBILE /Cannabis page/Cannabis chevron")): Object: 'Object Repository/OCS-MOBILE /Cannabis page/Cannabis chevron' is clicked on

2019-05-27 18:07:24 - [MESSAGE][PASSED] - Object: 'Object Repository/OCS-MOBILE /Cannabis page/Cannabis chevron' is clicked on

2019-05-27 18:07:24 - [TEST_STEP][PASSED] - delay(1, CONTINUE_ON_FAILURE): Delayed 1 second(s)

2019-05-27 18:07:25 - [MESSAGE][PASSED] - Delayed 1 second(s)

2019-05-27 18:07:25 - [TEST_STEP][PASSED] - click(findTestObject("OCS-MOBILE /Cannabis page/Oils - plus accordian")): Object: 'Object Repository/OCS-MOBILE /Cannabis page/Oils - plus accordian' is clicked on

2019-05-27 18:07:25 - [MESSAGE][PASSED] - Object: 'Object Repository/OCS-MOBILE /Cannabis page/Oils - plus accordian' is clicked on

2019-05-27 18:07:25 - [TEST_STEP][PASSED] - delay(1, CONTINUE_ON_FAILURE): Delayed 1 second(s)

2019-05-27 18:07:26 - [MESSAGE][PASSED] - Delayed 1 second(s)

2019-05-27 18:07:26 - [TEST_STEP][PASSED] - click(findTestObject("OCS-MOBILE /Cannabis page/Oils - oral sprays")): Object: 'Object Repository/OCS-MOBILE /Cannabis page/Oils - oral sprays' is clicked on

2019-05-27 18:07:28 - [MESSAGE][PASSED] - Object: 'Object Repository/OCS-MOBILE /Cannabis page/Oils - oral sprays' is clicked on

2019-05-27 18:07:28 - [TEST_STEP][PASSED] - delay(1, CONTINUE_ON_FAILURE): Delayed 1 second(s)

2019-05-27 18:07:29 - [MESSAGE][PASSED] - Delayed 1 second(s)

2019-05-27 18:07:29 - [TEST_STEP][PASSED] - click(findTestObject("OCS-MOBILE /Age gate and burger menu/Burger menu - English"), CONTINUE_ON_FAILURE): Object: 'Object Repository/OCS-MOBILE /Age gate and burger menu/Burger menu - English' is clicked on

2019-05-27 18:07:29 - [MESSAGE][PASSED] - Object: 'Object Repository/OCS-MOBILE /Age gate and burger menu/Burger menu - English' is clicked on

2019-05-27 18:07:29 - [TEST_STEP][PASSED] - delay(2, CONTINUE_ON_FAILURE): Delayed 2 second(s)

2019-05-27 18:07:31 - [MESSAGE][PASSED] - Delayed 2 second(s)

2019-05-27 18:07:31 - [TEST_STEP][PASSED] - click(findTestObject("OCS-MOBILE /Cannabis page/Cannabis chevron")): Object: 'Object Repository/OCS-MOBILE /Cannabis page/Cannabis chevron' is clicked on

2019-05-27 18:07:31 - [MESSAGE][PASSED] - Object: 'Object Repository/OCS-MOBILE /Cannabis page/Cannabis chevron' is clicked on

2019-05-27 18:07:31 - [TEST_STEP][PASSED] - delay(1, CONTINUE_ON_FAILURE): Delayed 1 second(s)

2019-05-27 18:07:32 - [MESSAGE][PASSED] - Delayed 1 second(s)

2019-05-27 18:07:32 - [TEST_STEP][PASSED] - click(findTestObject("OCS-MOBILE /Cannabis page/Oils - plus accordian")): Object: 'Object Repository/OCS-MOBILE /Cannabis page/Oils - plus accordian' is clicked on

2019-05-27 18:07:32 - [MESSAGE][PASSED] - Object: 'Object Repository/OCS-MOBILE /Cannabis page/Oils - plus accordian' is clicked on

2019-05-27 18:07:32 - [TEST_STEP][PASSED] - delay(1, CONTINUE_ON_FAILURE): Delayed 1 second(s)

2019-05-27 18:07:33 - [MESSAGE][PASSED] - Delayed 1 second(s)

2019-05-27 18:07:33 - [TEST_STEP][PASSED] - click(findTestObject("OCS-MOBILE /Cannabis page/shop all oils")): Object: 'Object Repository/OCS-MOBILE /Cannabis page/shop all oils' is clicked on

2019-05-27 18:07:35 - [MESSAGE][PASSED] - Object: 'Object Repository/OCS-MOBILE /Cannabis page/shop all oils' is clicked on

2019-05-27 18:07:35 - [TEST_STEP][PASSED] - delay(1, CONTINUE_ON_FAILURE): Delayed 1 second(s)

2019-05-27 18:07:36 - [MESSAGE][PASSED] - Delayed 1 second(s)

2019-05-27 18:07:36 - [TEST_STEP][PASSED] - click(findTestObject("OCS-MOBILE /Age gate and burger menu/Burger menu - English"), CONTINUE_ON_FAILURE): Object: 'Object Repository/OCS-MOBILE /Age gate and burger menu/Burger menu - English' is clicked on

2019-05-27 18:07:36 - [MESSAGE][PASSED] - Object: 'Object Repository/OCS-MOBILE /Age gate and burger menu/Burger menu - English' is clicked on

2019-05-27 18:07:36 - [TEST_STEP][PASSED] - delay(2, CONTINUE_ON_FAILURE): Delayed 2 second(s)

2019-05-27 18:07:38 - [MESSAGE][PASSED] - Delayed 2 second(s)

2019-05-27 18:07:38 - [TEST_STEP][PASSED] - click(findTestObject("OCS-MOBILE /Cannabis page/Cannabis chevron")): Object: 'Object Repository/OCS-MOBILE /Cannabis page/Cannabis chevron' is clicked on

2019-05-27 18:07:38 - [MESSAGE][PASSED] - Object: 'Object Repository/OCS-MOBILE /Cannabis page/Cannabis chevron' is clicked on

2019-05-27 18:07:38 - [TEST_STEP][PASSED] - delay(1, CONTINUE_ON_FAILURE): Delayed 1 second(s)

2019-05-27 18:07:39 - [MESSAGE][PASSED] - Delayed 1 second(s)

2019-05-27 18:07:39 - [TEST_STEP][PASSED] - click(findTestObject("OCS-MOBILE /Cannabis page/Capsules chevron")): Object: 'Object Repository/OCS-MOBILE /Cannabis page/Capsules chevron' is clicked on

2019-05-27 18:07:41 - [MESSAGE][PASSED] - Object: 'Object Repository/OCS-MOBILE /Cannabis page/Capsules chevron' is clicked on

2019-05-27 18:07:41 - [TEST_STEP][PASSED] - delay(1, CONTINUE_ON_FAILURE): Delayed 1 second(s)

2019-05-27 18:07:42 - [MESSAGE][PASSED] - Delayed 1 second(s)

2019-05-27 18:07:42 - [TEST_STEP][PASSED] - click(findTestObject("OCS-MOBILE /Age gate and burger menu/Burger menu - English"), CONTINUE_ON_FAILURE): Object: 'Object Repository/OCS-MOBILE /Age gate and burger menu/Burger menu - English' is clicked on

2019-05-27 18:07:42 - [MESSAGE][PASSED] - Object: 'Object Repository/OCS-MOBILE /Age gate and burger menu/Burger menu - English' is clicked on

2019-05-27 18:07:42 - [TEST_STEP][PASSED] - delay(2, CONTINUE_ON_FAILURE): Delayed 2 second(s)

2019-05-27 18:07:44 - [MESSAGE][PASSED] - Delayed 2 second(s)

2019-05-27 18:07:44 - [TEST_STEP][PASSED] - click(findTestObject("OCS-MOBILE /Cannabis page/Cannabis chevron")): Object: 'Object Repository/OCS-MOBILE /Cannabis page/Cannabis chevron' is clicked on

2019-05-27 18:07:44 - [MESSAGE][PASSED] - Object: 'Object Repository/OCS-MOBILE /Cannabis page/Cannabis chevron' is clicked on

2019-05-27 18:07:44 - [TEST_STEP][PASSED] - delay(1, CONTINUE_ON_FAILURE): Delayed 1 second(s)

2019-05-27 18:07:45 - [MESSAGE][PASSED] - Delayed 1 second(s)

2019-05-27 18:07:45 - [TEST_STEP][PASSED] - click(findTestObject("OCS-MOBILE /Cannabis page/Shop by plant type - plus accordian")): Object: 'Object Repository/OCS-MOBILE /Cannabis page/Shop by plant type - plus accordian' is clicked on

2019-05-27 18:07:45 - [MESSAGE][PASSED] - Object: 'Object Repository/OCS-MOBILE /Cannabis page/Shop by plant type - plus accordian' is clicked on

2019-05-27 18:07:45 - [TEST_STEP][PASSED] - delay(1, CONTINUE_ON_FAILURE): Delayed 1 second(s)

2019-05-27 18:07:46 - [MESSAGE][PASSED] - Delayed 1 second(s)

2019-05-27 18:07:46 - [TEST_STEP][PASSED] - click(findTestObject("OCS-MOBILE /Cannabis page/Shop by plant type - subtract accordian")): Object: 'Object Repository/OCS-MOBILE /Cannabis page/Shop by plant type - subtract accordian' is clicked on

2019-05-27 18:07:46 - [MESSAGE][PASSED] - Object: 'Object Repository/OCS-MOBILE /Cannabis page/Shop by plant type - subtract accordian' is clicked on

2019-05-27 18:07:46 - [TEST_STEP][PASSED] - delay(1, CONTINUE_ON_FAILURE): Delayed 1 second(s)

2019-05-27 18:07:47 - [MESSAGE][PASSED] - Delayed 1 second(s)

2019-05-27 18:07:47 - [TEST_STEP][PASSED] - click(findTestObject("OCS-MOBILE /Cannabis page/Shop by plant type - plus accordian")): Object: 'Object Repository/OCS-MOBILE /Cannabis page/Shop by plant type - plus accordian' is clicked on

2019-05-27 18:07:47 - [MESSAGE][PASSED] - Object: 'Object Repository/OCS-MOBILE /Cannabis page/Shop by plant type - plus accordian' is clicked on

2019-05-27 18:07:47 - [TEST_STEP][PASSED] - delay(1, CONTINUE_ON_FAILURE): Delayed 1 second(s)

2019-05-27 18:07:48 - [MESSAGE][PASSED] - Delayed 1 second(s)

2019-05-27 18:07:48 - [TEST_STEP][PASSED] - click(findTestObject("OCS-MOBILE /Cannabis page/Shop by plant type - Indica dominant")): Object: 'Object Repository/OCS-MOBILE /Cannabis page/Shop by plant type - Indica dominant' is clicked on

2019-05-27 18:07:50 - [MESSAGE][PASSED] - Object: 'Object Repository/OCS-MOBILE /Cannabis page/Shop by plant type - Indica dominant' is clicked on

2019-05-27 18:07:50 - [TEST_STEP][PASSED] - delay(1, CONTINUE_ON_FAILURE): Delayed 1 second(s)

2019-05-27 18:07:51 - [MESSAGE][PASSED] - Delayed 1 second(s)

2019-05-27 18:07:51 - [TEST_STEP][PASSED] - click(findTestObject("OCS-MOBILE /Age gate and burger menu/Burger menu - English"), CONTINUE_ON_FAILURE): Object: 'Object Repository/OCS-MOBILE /Age gate and burger menu/Burger menu - English' is clicked on

2019-05-27 18:07:51 - [MESSAGE][PASSED] - Object: 'Object Repository/OCS-MOBILE /Age gate and burger menu/Burger menu - English' is clicked on

2019-05-27 18:07:51 - [TEST_STEP][PASSED] - delay(2, CONTINUE_ON_FAILURE): Delayed 2 second(s)

2019-05-27 18:07:53 - [MESSAGE][PASSED] - Delayed 2 second(s)

2019-05-27 18:07:53 - [TEST_STEP][PASSED] - click(findTestObject("OCS-MOBILE /Cannabis page/Cannabis chevron")): Object: 'Object Repository/OCS-MOBILE /Cannabis page/Cannabis chevron' is clicked on

2019-05-27 18:07:54 - [MESSAGE][PASSED] - Object: 'Object Repository/OCS-MOBILE /Cannabis page/Cannabis chevron' is clicked on

2019-05-27 18:07:54 - [TEST_STEP][PASSED] - delay(1, CONTINUE_ON_FAILURE): Delayed 1 second(s)

2019-05-27 18:07:55 - [MESSAGE][PASSED] - Delayed 1 second(s)

2019-05-27 18:07:55 - [TEST_STEP][PASSED] - click(findTestObject("OCS-MOBILE /Cannabis page/Shop by plant type - plus accordian")): Object: 'Object Repository/OCS-MOBILE /Cannabis page/Shop by plant type - plus accordian' is clicked on

2019-05-27 18:07:55 - [MESSAGE][PASSED] - Object: 'Object Repository/OCS-MOBILE /Cannabis page/Shop by plant type - plus accordian' is clicked on

2019-05-27 18:07:55 - [TEST_STEP][NOT_RUN] - click(findTestObject("OCS-MOBILE /Cannabis page/Shop by plant type - plus accordian")): NOT_RUN: click(findTestObject("OCS-MOBILE /Cannabis page/Shop by plant type - plus accordian"))

2019-05-27 18:07:55 - [MESSAGE][NOT_RUN] - NOT_RUN: click(findTestObject("OCS-MOBILE /Cannabis page/Shop by plant type - plus accordian"))

2019-05-27 18:07:55 - [TEST_STEP][PASSED] - delay(1, CONTINUE_ON_FAILURE): Delayed 1 second(s)

2019-05-27 18:07:56 - [MESSAGE][PASSED] - Delayed 1 second(s)

2019-05-27 18:07:56 - [TEST_STEP][PASSED] - click(findTestObject("OCS-MOBILE /Cannabis page/Shop by plant type - sativa dominant")): Object: 'Object Repository/OCS-MOBILE /Cannabis page/Shop by plant type - sativa dominant' is clicked on

2019-05-27 18:07:57 - [MESSAGE][PASSED] - Object: 'Object Repository/OCS-MOBILE /Cannabis page/Shop by plant type - sativa dominant' is clicked on

2019-05-27 18:07:57 - [TEST_STEP][PASSED] - delay(1, CONTINUE_ON_FAILURE): Delayed 1 second(s)

2019-05-27 18:07:58 - [MESSAGE][PASSED] - Delayed 1 second(s)

2019-05-27 18:07:58 - [TEST_STEP][PASSED] - click(findTestObject("OCS-MOBILE /Age gate and burger menu/Burger menu - English"), CONTINUE_ON_FAILURE): Object: 'Object Repository/OCS-MOBILE /Age gate and burger menu/Burger menu - English' is clicked on

2019-05-27 18:07:58 - [MESSAGE][PASSED] - Object: 'Object Repository/OCS-MOBILE /Age gate and burger menu/Burger menu - English' is clicked on

2019-05-27 18:07:58 - [TEST_STEP][PASSED] - delay(2, CONTINUE_ON_FAILURE): Delayed 2 second(s)

2019-05-27 18:08:00 - [MESSAGE][PASSED] - Delayed 2 second(s)

2019-05-27 18:08:00 - [TEST_STEP][PASSED] - click(findTestObject("OCS-MOBILE /Cannabis page/Cannabis chevron")): Object: 'Object Repository/OCS-MOBILE /Cannabis page/Cannabis chevron' is clicked on

2019-05-27 18:08:00 - [MESSAGE][PASSED] - Object: 'Object Repository/OCS-MOBILE /Cannabis page/Cannabis chevron' is clicked on

2019-05-27 18:08:01 - [TEST_STEP][PASSED] - delay(1, CONTINUE_ON_FAILURE): Delayed 1 second(s)

2019-05-27 18:08:02 - [MESSAGE][PASSED] - Delayed 1 second(s)

2019-05-27 18:08:02 - [TEST_STEP][PASSED] - click(findTestObject("OCS-MOBILE /Cannabis page/Shop by plant type - plus accordian")): Object: 'Object Repository/OCS-MOBILE /Cannabis page/Shop by plant type - plus accordian' is clicked on

2019-05-27 18:08:02 - [MESSAGE][PASSED] - Object: 'Object Repository/OCS-MOBILE /Cannabis page/Shop by plant type - plus accordian' is clicked on

2019-05-27 18:08:02 - [TEST_STEP][PASSED] - delay(1, CONTINUE_ON_FAILURE): Delayed 1 second(s)

2019-05-27 18:08:03 - [MESSAGE][PASSED] - Delayed 1 second(s)

2019-05-27 18:08:03 - [TEST_STEP][PASSED] - click(findTestObject("OCS-MOBILE /Cannabis page/Shop by plant type - Hybrid")): Object: 'Object Repository/OCS-MOBILE /Cannabis page/Shop by plant type - Hybrid' is clicked on

2019-05-27 18:08:05 - [MESSAGE][PASSED] - Object: 'Object Repository/OCS-MOBILE /Cannabis page/Shop by plant type - Hybrid' is clicked on

2019-05-27 18:08:05 - [TEST_STEP][PASSED] - delay(1, CONTINUE_ON_FAILURE): Delayed 1 second(s)

2019-05-27 18:08:06 - [MESSAGE][PASSED] - Delayed 1 second(s)

2019-05-27 18:08:06 - [TEST_STEP][PASSED] - click(findTestObject("OCS-MOBILE /Age gate and burger menu/Burger menu - English"), CONTINUE_ON_FAILURE): Object: 'Object Repository/OCS-MOBILE /Age gate and burger menu/Burger menu - English' is clicked on

2019-05-27 18:08:06 - [MESSAGE][PASSED] - Object: 'Object Repository/OCS-MOBILE /Age gate and burger menu/Burger menu - English' is clicked on

2019-05-27 18:08:06 - [TEST_STEP][PASSED] - delay(2, CONTINUE_ON_FAILURE): Delayed 2 second(s)

2019-05-27 18:08:08 - [MESSAGE][PASSED] - Delayed 2 second(s)

2019-05-27 18:08:08 - [TEST_STEP][PASSED] - click(findTestObject("OCS-MOBILE /Cannabis page/Cannabis chevron")): Object: 'Object Repository/OCS-MOBILE /Cannabis page/Cannabis chevron' is clicked on

2019-05-27 18:08:08 - [MESSAGE][PASSED] - Object: 'Object Repository/OCS-MOBILE /Cannabis page/Cannabis chevron' is clicked on

2019-05-27 18:08:08 - [TEST_STEP][PASSED] - delay(1, CONTINUE_ON_FAILURE): Delayed 1 second(s)

2019-05-27 18:08:09 - [MESSAGE][PASSED] - Delayed 1 second(s)

2019-05-27 18:08:09 - [TEST_STEP][PASSED] - click(findTestObject("OCS-MOBILE /Cannabis page/Collections - plus accordian")): Object: 'Object Repository/OCS-MOBILE /Cannabis page/Collections - plus accordian' is clicked on

2019-05-27 18:08:09 - [MESSAGE][PASSED] - Object: 'Object Repository/OCS-MOBILE /Cannabis page/Collections - plus accordian' is clicked on

2019-05-27 18:08:09 - [TEST_STEP][PASSED] - delay(1, CONTINUE_ON_FAILURE): Delayed 1 second(s)

2019-05-27 18:08:10 - [MESSAGE][PASSED] - Delayed 1 second(s)

2019-05-27 18:08:10 - [TEST_STEP][PASSED] - click(findTestObject("OCS-MOBILE /Cannabis page/Collections- subtract accordian")): Object: 'Object Repository/OCS-MOBILE /Cannabis page/Collections- subtract accordian' is clicked on

2019-05-27 18:08:10 - [MESSAGE][PASSED] - Object: 'Object Repository/OCS-MOBILE /Cannabis page/Collections- subtract accordian' is clicked on

2019-05-27 18:08:10 - [TEST_STEP][PASSED] - delay(1, CONTINUE_ON_FAILURE): Delayed 1 second(s)

2019-05-27 18:08:11 - [MESSAGE][PASSED] - Delayed 1 second(s)

2019-05-27 18:08:11 - [TEST_STEP][PASSED] - click(findTestObject("OCS-MOBILE /Cannabis page/Collections - plus accordian")): Object: 'Object Repository/OCS-MOBILE /Cannabis page/Collections - plus accordian' is clicked on

2019-05-27 18:08:11 - [MESSAGE][PASSED] - Object: 'Object Repository/OCS-MOBILE /Cannabis page/Collections - plus accordian' is clicked on

2019-05-27 18:08:11 - [TEST_STEP][PASSED] - delay(1, CONTINUE_ON_FAILURE): Delayed 1 second(s)

2019-05-27 18:08:12 - [MESSAGE][PASSED] - Delayed 1 second(s)

2019-05-27 18:08:12 - [TEST_STEP][PASSED] - click(findTestObject("OCS-MOBILE /Cannabis page/Collections- New products")): Object: 'Object Repository/OCS-MOBILE /Cannabis page/Collections- New products' is clicked on

2019-05-27 18:08:15 - [MESSAGE][PASSED] - Object: 'Object Repository/OCS-MOBILE /Cannabis page/Collections- New products' is clicked on

2019-05-27 18:08:15 - [TEST_STEP][PASSED] - delay(1, CONTINUE_ON_FAILURE): Delayed 1 second(s)

2019-05-27 18:08:16 - [MESSAGE][PASSED] - Delayed 1 second(s)

2019-05-27 18:08:16 - [TEST_STEP][PASSED] - click(findTestObject("OCS-MOBILE /Age gate and burger menu/Burger menu - English"), CONTINUE_ON_FAILURE): Object: 'Object Repository/OCS-MOBILE /Age gate and burger menu/Burger menu - English' is clicked on

2019-05-27 18:08:16 - [MESSAGE][PASSED] - Object: 'Object Repository/OCS-MOBILE /Age gate and burger menu/Burger menu - English' is clicked on

2019-05-27 18:08:16 - [TEST_STEP][PASSED] - delay(2, CONTINUE_ON_FAILURE): Delayed 2 second(s)

2019-05-27 18:08:18 - [MESSAGE][PASSED] - Delayed 2 second(s)

2019-05-27 18:08:18 - [TEST_STEP][PASSED] - click(findTestObject("OCS-MOBILE /Cannabis page/Cannabis chevron")): Object: 'Object Repository/OCS-MOBILE /Cannabis page/Cannabis chevron' is clicked on

2019-05-27 18:08:18 - [MESSAGE][PASSED] - Object: 'Object Repository/OCS-MOBILE /Cannabis page/Cannabis chevron' is clicked on

2019-05-27 18:08:18 - [TEST_STEP][PASSED] - delay(1, CONTINUE_ON_FAILURE): Delayed 1 second(s)

2019-05-27 18:08:19 - [MESSAGE][PASSED] - Delayed 1 second(s)

2019-05-27 18:08:19 - [TEST_STEP][PASSED] - click(findTestObject("OCS-MOBILE /Cannabis page/Collections - plus accordian")): Object: 'Object Repository/OCS-MOBILE /Cannabis page/Collections - plus accordian' is clicked on

2019-05-27 18:08:19 - [MESSAGE][PASSED] - Object: 'Object Repository/OCS-MOBILE /Cannabis page/Collections - plus accordian' is clicked on

2019-05-27 18:08:19 - [TEST_STEP][PASSED] - delay(1, CONTINUE_ON_FAILURE): Delayed 1 second(s)

2019-05-27 18:08:20 - [MESSAGE][PASSED] - Delayed 1 second(s)

2019-05-27 18:08:20 - [TEST_STEP][PASSED] - click(findTestObject("OCS-MOBILE /Cannabis page/Collections- Shop by brand")): Object: 'Object Repository/OCS-MOBILE /Cannabis page/Collections- Shop by brand' is clicked on

2019-05-27 18:08:27 - [MESSAGE][PASSED] - Object: 'Object Repository/OCS-MOBILE /Cannabis page/Collections- Shop by brand' is clicked on

2019-05-27 18:08:27 - [TEST_STEP][PASSED] - delay(1, CONTINUE_ON_FAILURE): Delayed 1 second(s)

2019-05-27 18:08:28 - [MESSAGE][PASSED] - Delayed 1 second(s)

2019-05-27 18:08:28 - [TEST_STEP][PASSED] - click(findTestObject("OCS-MOBILE /Age gate and burger menu/Burger menu - English"), CONTINUE_ON_FAILURE): Object: 'Object Repository/OCS-MOBILE /Age gate and burger menu/Burger menu - English' is clicked on

2019-05-27 18:08:28 - [MESSAGE][PASSED] - Object: 'Object Repository/OCS-MOBILE /Age gate and burger menu/Burger menu - English' is clicked on

2019-05-27 18:08:28 - [TEST_STEP][PASSED] - delay(2, CONTINUE_ON_FAILURE): Delayed 2 second(s)

2019-05-27 18:08:30 - [MESSAGE][PASSED] - Delayed 2 second(s)

2019-05-27 18:08:30 - [TEST_STEP][PASSED] - click(findTestObject("OCS-MOBILE /Cannabis page/Cannabis chevron")): Object: 'Object Repository/OCS-MOBILE /Cannabis page/Cannabis chevron' is clicked on

2019-05-27 18:08:30 - [MESSAGE][PASSED] - Object: 'Object Repository/OCS-MOBILE /Cannabis page/Cannabis chevron' is clicked on

2019-05-27 18:08:30 - [TEST_STEP][PASSED] - delay(1, CONTINUE_ON_FAILURE): Delayed 1 second(s)

2019-05-27 18:08:31 - [MESSAGE][PASSED] - Delayed 1 second(s)

2019-05-27 18:08:31 - [TEST_STEP][PASSED] - click(findTestObject("OCS-MOBILE /Cannabis page/Collections - plus accordian")): Object: 'Object Repository/OCS-MOBILE /Cannabis page/Collections - plus accordian' is clicked on

2019-05-27 18:08:31 - [MESSAGE][PASSED] - Object: 'Object Repository/OCS-MOBILE /Cannabis page/Collections - plus accordian' is clicked on

2019-05-27 18:08:31 - [TEST_STEP][PASSED] - delay(1, CONTINUE_ON_FAILURE): Delayed 1 second(s)

2019-05-27 18:08:32 - [MESSAGE][PASSED] - Delayed 1 second(s)

2019-05-27 18:08:32 - [TEST_STEP][PASSED] - click(findTestObject("OCS-MOBILE /Cannabis page/Collections - CBD Dominant")): Object: 'Object Repository/OCS-MOBILE /Cannabis page/Collections - CBD Dominant' is clicked on

2019-05-27 18:08:34 - [MESSAGE][PASSED] - Object: 'Object Repository/OCS-MOBILE /Cannabis page/Collections - CBD Dominant' is clicked on

2019-05-27 18:08:34 - [TEST_STEP][PASSED] - delay(1, CONTINUE_ON_FAILURE): Delayed 1 second(s)

2019-05-27 18:08:35 - [MESSAGE][PASSED] - Delayed 1 second(s)

2019-05-27 18:08:35 - [TEST_STEP][PASSED] - click(findTestObject("OCS-MOBILE /Age gate and burger menu/Burger menu - English"), CONTINUE_ON_FAILURE): Object: 'Object Repository/OCS-MOBILE /Age gate and burger menu/Burger menu - English' is clicked on

2019-05-27 18:08:35 - [MESSAGE][PASSED] - Object: 'Object Repository/OCS-MOBILE /Age gate and burger menu/Burger menu - English' is clicked on

2019-05-27 18:08:35 - [TEST_STEP][PASSED] - delay(2, CONTINUE_ON_FAILURE): Delayed 2 second(s)

2019-05-27 18:08:37 - [MESSAGE][PASSED] - Delayed 2 second(s)

2019-05-27 18:08:37 - [TEST_STEP][PASSED] - click(findTestObject("OCS-MOBILE /Cannabis page/Cannabis chevron")): Object: 'Object Repository/OCS-MOBILE /Cannabis page/Cannabis chevron' is clicked on

2019-05-27 18:08:37 - [MESSAGE][PASSED] - Object: 'Object Repository/OCS-MOBILE /Cannabis page/Cannabis chevron' is clicked on

2019-05-27 18:08:37 - [TEST_STEP][PASSED] - delay(1, CONTINUE_ON_FAILURE): Delayed 1 second(s)

2019-05-27 18:08:38 - [MESSAGE][PASSED] - Delayed 1 second(s)

2019-05-27 18:08:38 - [TEST_STEP][PASSED] - click(findTestObject("OCS-MOBILE /Cannabis page/Collections - plus accordian")): Object: 'Object Repository/OCS-MOBILE /Cannabis page/Collections - plus accordian' is clicked on

2019-05-27 18:08:38 - [MESSAGE][PASSED] - Object: 'Object Repository/OCS-MOBILE /Cannabis page/Collections - plus accordian' is clicked on

2019-05-27 18:08:38 - [TEST_STEP][PASSED] - delay(1, CONTINUE_ON_FAILURE): Delayed 1 second(s)

2019-05-27 18:08:39 - [MESSAGE][PASSED] - Delayed 1 second(s)

2019-05-27 18:08:39 - [TEST_STEP][PASSED] - click(findTestObject("OCS-MOBILE /Cannabis page/Collections - seeds")): Object: 'Object Repository/OCS-MOBILE /Cannabis page/Collections - seeds' is clicked on

2019-05-27 18:08:41 - [MESSAGE][PASSED] - Object: 'Object Repository/OCS-MOBILE /Cannabis page/Collections - seeds' is clicked on

2019-05-27 18:08:41 - [TEST_STEP][PASSED] - delay(1, CONTINUE_ON_FAILURE): Delayed 1 second(s)

2019-05-27 18:08:42 - [MESSAGE][PASSED] - Delayed 1 second(s)

2019-05-27 18:08:42 - [TEST_STEP][PASSED] - click(findTestObject("OCS-MOBILE /Age gate and burger menu/Burger menu - English"), CONTINUE_ON_FAILURE): Object: 'Object Repository/OCS-MOBILE /Age gate and burger menu/Burger menu - English' is clicked on

2019-05-27 18:08:42 - [MESSAGE][PASSED] - Object: 'Object Repository/OCS-MOBILE /Age gate and burger menu/Burger menu - English' is clicked on

2019-05-27 18:08:42 - [TEST_STEP][PASSED] - delay(2, CONTINUE_ON_FAILURE): Delayed 2 second(s)

2019-05-27 18:08:44 - [MESSAGE][PASSED] - Delayed 2 second(s)

2019-05-27 18:08:44 - [TEST_STEP][PASSED] - click(findTestObject("OCS-MOBILE /Cannabis page/Cannabis chevron")): Object: 'Object Repository/OCS-MOBILE /Cannabis page/Cannabis chevron' is clicked on

2019-05-27 18:08:44 - [MESSAGE][PASSED] - Object: 'Object Repository/OCS-MOBILE /Cannabis page/Cannabis chevron' is clicked on

2019-05-27 18:08:44 - [TEST_STEP][PASSED] - delay(1, CONTINUE_ON_FAILURE): Delayed 1 second(s)

2019-05-27 18:08:45 - [MESSAGE][PASSED] - Delayed 1 second(s)

2019-05-27 18:08:45 - [TEST_STEP][PASSED] - click(findTestObject("OCS-MOBILE /Cannabis page/Shop all cannabis")): Object: 'Object Repository/OCS-MOBILE /Cannabis page/Shop all cannabis' is clicked on

2019-05-27 18:08:47 - [MESSAGE][PASSED] - Object: 'Object Repository/OCS-MOBILE /Cannabis page/Shop all cannabis' is clicked on

2019-05-27 18:08:47 - [TEST_STEP][PASSED] - delay(1, CONTINUE_ON_FAILURE): Delayed 1 second(s)

2019-05-27 18:08:48 - [MESSAGE][PASSED] - Delayed 1 second(s)

2019-05-27 18:08:48 - [TEST_STEP][PASSED] - click(findTestObject("OCS-MOBILE /Age gate and burger menu/Burger menu - English"), CONTINUE_ON_FAILURE): Object: 'Object Repository/OCS-MOBILE /Age gate and burger menu/Burger menu - English' is clicked on

2019-05-27 18:08:48 - [MESSAGE][PASSED] - Object: 'Object Repository/OCS-MOBILE /Age gate and burger menu/Burger menu - English' is clicked on

2019-05-27 18:08:48 - [TEST_STEP][PASSED] - delay(2, CONTINUE_ON_FAILURE): Delayed 2 second(s)

2019-05-27 18:08:50 - [MESSAGE][PASSED] - Delayed 2 second(s)

2019-05-27 18:08:50 - [TEST_STEP][PASSED] - click(findTestObject("OCS-MOBILE /Cannabis page/Cannabis chevron")): Object: 'Object Repository/OCS-MOBILE /Cannabis page/Cannabis chevron' is clicked on

2019-05-27 18:08:50 - [MESSAGE][PASSED] - Object: 'Object Repository/OCS-MOBILE /Cannabis page/Cannabis chevron' is clicked on

2019-05-27 18:08:50 - [TEST_STEP][PASSED] - delay(1, CONTINUE_ON_FAILURE): Delayed 1 second(s)

2019-05-27 18:08:51 - [MESSAGE][PASSED] - Delayed 1 second(s)

2019-05-27 18:08:51 - [TEST_STEP][PASSED] - click(findTestObject("OCS-MOBILE /Cannabis page/Shop all brands")): Object: 'Object Repository/OCS-MOBILE /Cannabis page/Shop all brands' is clicked on

2019-05-27 18:08:55 - [MESSAGE][PASSED] - Object: 'Object Repository/OCS-MOBILE /Cannabis page/Shop all brands' is clicked on

2019-05-27 18:08:55 - [TEST_STEP][PASSED] - delay(1, CONTINUE_ON_FAILURE): Delayed 1 second(s)

2019-05-27 18:08:56 - [MESSAGE][PASSED] - Delayed 1 second(s)

2019-05-27 18:08:56 - [TEST_STEP][PASSED] - click(findTestObject("OCS-MOBILE /Age gate and burger menu/Burger menu - English"), CONTINUE_ON_FAILURE): Object: 'Object Repository/OCS-MOBILE /Age gate and burger menu/Burger menu - English' is clicked on

2019-05-27 18:08:56 - [MESSAGE][PASSED] - Object: 'Object Repository/OCS-MOBILE /Age gate and burger menu/Burger menu - English' is clicked on

2019-05-27 18:08:56 - [TEST_STEP][PASSED] - delay(2, CONTINUE_ON_FAILURE): Delayed 2 second(s)

2019-05-27 18:08:58 - [MESSAGE][PASSED] - Delayed 2 second(s)

2019-05-27 18:08:58 - [TEST_STEP][PASSED] - click(findTestObject("OCS-MOBILE /Cannabis page/Cannabis chevron")): Object: 'Object Repository/OCS-MOBILE /Cannabis page/Cannabis chevron' is clicked on

2019-05-27 18:08:58 - [MESSAGE][PASSED] - Object: 'Object Repository/OCS-MOBILE /Cannabis page/Cannabis chevron' is clicked on

2019-05-27 18:08:58 - [TEST_STEP][PASSED] - delay(1, CONTINUE_ON_FAILURE): Delayed 1 second(s)

2019-05-27 18:08:59 - [MESSAGE][PASSED] - Delayed 1 second(s)

2019-05-27 18:08:59 - [TEST_STEP][PASSED] - click(findTestObject("OCS-MOBILE /Cannabis page/CBD - Dominant products")): Object: 'Object Repository/OCS-MOBILE /Cannabis page/CBD - Dominant products' is clicked on

2019-05-27 18:09:01 - [MESSAGE][PASSED] - Object: 'Object Repository/OCS-MOBILE /Cannabis page/CBD - Dominant products' is clicked on

2019-05-27 18:09:01 - [TEST_STEP][PASSED] - delay(1, CONTINUE_ON_FAILURE): Delayed 1 second(s)

2019-05-27 18:09:02 - [MESSAGE][PASSED] - Delayed 1 second(s)

2019-05-27 18:09:02 - [TEST_STEP][PASSED] - click(findTestObject("OCS-MOBILE /Age gate and burger menu/Burger menu - English"), CONTINUE_ON_FAILURE): Object: 'Object Repository/OCS-MOBILE /Age gate and burger menu/Burger menu - English' is clicked on

2019-05-27 18:09:02 - [MESSAGE][PASSED] - Object: 'Object Repository/OCS-MOBILE /Age gate and burger menu/Burger menu - English' is clicked on

2019-05-27 18:09:02 - [TEST_STEP][PASSED] - delay(2, CONTINUE_ON_FAILURE): Delayed 2 second(s)

2019-05-27 18:09:04 - [MESSAGE][PASSED] - Delayed 2 second(s)

2019-05-27 18:09:04 - [TEST_STEP][PASSED] - click(findTestObject("OCS-MOBILE /Cannabis page/Cannabis chevron")): Object: 'Object Repository/OCS-MOBILE /Cannabis page/Cannabis chevron' is clicked on

2019-05-27 18:09:04 - [MESSAGE][PASSED] - Object: 'Object Repository/OCS-MOBILE /Cannabis page/Cannabis chevron' is clicked on

2019-05-27 18:09:04 - [TEST_STEP][PASSED] - delay(1, CONTINUE_ON_FAILURE): Delayed 1 second(s)

2019-05-27 18:09:05 - [MESSAGE][PASSED] - Delayed 1 second(s)

2019-05-27 18:09:05 - [TEST_STEP][PASSED] - setViewPortSize(1000, 800, OPTIONAL): Viewport is set to new size with width = 1000 and height = 800

2019-05-27 18:09:05 - [MESSAGE][PASSED] - Viewport is set to new size with width = 1000 and height = 800

2019-05-27 18:09:05 - [TEST_STEP][PASSED] - delay(2, OPTIONAL): Delayed 2 second(s)

2019-05-27 18:09:07 - [MESSAGE][PASSED] - Delayed 2 second(s)

2019-05-27 18:09:07 - [TEST_STEP][PASSED] - click(findTestObject("Theme_oR/Page_Ontario Cannabis Store  Ontari/button_Hide bar"), OPTIONAL): Unable to click on object (Root cause: java.lang.IllegalArgumentException: Object is null)

2019-05-27 18:09:07 - [MESSAGE][WARNING] - Test object with id 'Object Repository/Theme_oR/Page_Ontario Cannabis Store  Ontari/button_Hide bar' does not exist

2019-05-27 18:09:07 - [MESSAGE][WARNING] - Test object with id 'Object Repository/' does not exist

2019-05-27 18:09:08 - [MESSAGE][WARNING] - Unable to click on object (Root cause: java.lang.IllegalArgumentException: Object is null)
[[ATTACHMENT|/Users/sumankompelly/Katalon Studio/OCS ( QA- 1.9.1 ) /Reports/QA ( 1.9.1)/HP, PROD , AG,COLL/20190527_174417/1558994947998.png]]

2019-05-27 18:09:08 - [TEST_STEP][PASSED] - delay(2, OPTIONAL): Delayed 2 second(s)

2019-05-27 18:09:10 - [MESSAGE][PASSED] - Delayed 2 second(s)

2019-05-27 18:09:10 - [TEST_STEP][PASSED] - setViewPortSize(360, 800, OPTIONAL): Viewport is set to new size with width = 360 and height = 800

2019-05-27 18:09:10 - [MESSAGE][PASSED] - Viewport is set to new size with width = 360 and height = 800

2019-05-27 18:09:10 - [TEST_STEP][PASSED] - executeJavaScript("var previewBar = document.getElementById("preview-bar-iframe"); previewBar.style.display = "none";", []): Execute JavaScript 'var previewBar = document.getElementById("preview-bar-iframe"); previewBar.style.display = "none";' successfully

2019-05-27 18:09:10 - [MESSAGE][PASSED] - Execute JavaScript 'var previewBar = document.getElementById("preview-bar-iframe"); previewBar.style.display = "none";' successfully

2019-05-27 18:09:10 - [TEST_STEP][PASSED] - delay(1, OPTIONAL): Delayed 1 second(s)

2019-05-27 18:09:11 - [MESSAGE][PASSED] - Delayed 1 second(s)

2019-05-27 18:09:11 - [TEST_STEP][PASSED] - click(findTestObject("OCS-MOBILE /Cannabis page/Shop all cannabis Button")): Object: 'Object Repository/OCS-MOBILE /Cannabis page/Shop all cannabis Button' is clicked on

2019-05-27 18:09:15 - [MESSAGE][PASSED] - Object: 'Object Repository/OCS-MOBILE /Cannabis page/Shop all cannabis Button' is clicked on

2019-05-27 18:09:15 - [TEST_STEP][PASSED] - delay(1, CONTINUE_ON_FAILURE): Delayed 1 second(s)

2019-05-27 18:09:16 - [MESSAGE][PASSED] - Delayed 1 second(s)

2019-05-27 18:09:16 - [TEST_STEP][PASSED] - click(findTestObject("OCS-MOBILE /Age gate and burger menu/Burger menu - English"), CONTINUE_ON_FAILURE): Object: 'Object Repository/OCS-MOBILE /Age gate and burger menu/Burger menu - English' is clicked on

2019-05-27 18:09:16 - [MESSAGE][PASSED] - Object: 'Object Repository/OCS-MOBILE /Age gate and burger menu/Burger menu - English' is clicked on

2019-05-27 18:09:16 - [TEST_STEP][PASSED] - delay(2, CONTINUE_ON_FAILURE): Delayed 2 second(s)

2019-05-27 18:09:18 - [MESSAGE][PASSED] - Delayed 2 second(s)

2019-05-27 18:09:18 - [TEST_STEP][PASSED] - click(findTestObject("OCS-MOBILE /Cannabis page/Cannabis chevron")): Object: 'Object Repository/OCS-MOBILE /Cannabis page/Cannabis chevron' is clicked on

2019-05-27 18:09:18 - [MESSAGE][PASSED] - Object: 'Object Repository/OCS-MOBILE /Cannabis page/Cannabis chevron' is clicked on

2019-05-27 18:09:18 - [TEST_STEP][PASSED] - executeJavaScript("var previewBar = document.getElementById("preview-bar-iframe"); previewBar.style.display = "none";", []): Execute JavaScript 'var previewBar = document.getElementById("preview-bar-iframe"); previewBar.style.display = "none";' successfully

2019-05-27 18:09:18 - [MESSAGE][PASSED] - Execute JavaScript 'var previewBar = document.getElementById("preview-bar-iframe"); previewBar.style.display = "none";' successfully

2019-05-27 18:09:18 - [TEST_STEP][PASSED] - delay(1, CONTINUE_ON_FAILURE): Delayed 1 second(s)

2019-05-27 18:09:19 - [MESSAGE][PASSED] - Delayed 1 second(s)

2019-05-27 18:09:19 - [TEST_STEP][PASSED] - click(findTestObject("OCS-MOBILE /Cannabis page/Shop all brands button")): Object: 'Object Repository/OCS-MOBILE /Cannabis page/Shop all brands button' is clicked on

2019-05-27 18:09:23 - [MESSAGE][PASSED] - Object: 'Object Repository/OCS-MOBILE /Cannabis page/Shop all brands button' is clicked on]]></system-out>
         <system-err><![CDATA[]]></system-err>
      </testcase>
      <system-out><![CDATA[2019-05-27 17:44:19 - [TEST_SUITE][FAILED] - HP, PROD , AG,COLL: Test Cases/OCS - MOBILE/OCS- PRODUCT PAGE/Price FAILED.
Reason:
com.kms.katalon.core.exception.StepFailedException: com.kms.katalon.core.webui.exception.WebElementNotFoundException: Web element with id: 'Object Repository/OCS-MOBILE /Product page/Price/Price - Add to cart button' located by 'By.xpath: /html/body/div/div[3]/section/div[1]/div[2]/div[2]/form/button/span[2]' not found
	at com.kms.katalon.core.keyword.internal.KeywordMain.stepFailed(KeywordMain.groovy:32)
	at com.kms.katalon.core.webui.keyword.internal.WebUIKeywordMain.stepFailed(WebUIKeywordMain.groovy:65)
	at com.kms.katalon.core.webui.keyword.builtin.VerifyElementPresentKeyword$_verifyElementPresent_closure1.doCall(VerifyElementPresentKeyword.groovy:85)
	at com.kms.katalon.core.webui.keyword.builtin.VerifyElementPresentKeyword$_verifyElementPresent_closure1.call(VerifyElementPresentKeyword.groovy)
	at com.kms.katalon.core.webui.keyword.internal.WebUIKeywordMain.runKeyword(WebUIKeywordMain.groovy:21)
	at com.kms.katalon.core.webui.keyword.builtin.VerifyElementPresentKeyword.verifyElementPresent(VerifyElementPresentKeyword.groovy:92)
	at com.kms.katalon.core.webui.keyword.builtin.VerifyElementPresentKeyword.execute(VerifyElementPresentKeyword.groovy:68)
	at com.kms.katalon.core.keyword.internal.KeywordExecutor.executeKeywordForPlatform(KeywordExecutor.groovy:53)
	at com.kms.katalon.core.webui.keyword.WebUiBuiltInKeywords.verifyElementPresent(WebUiBuiltInKeywords.groovy:1418)
	at com.kms.katalon.core.webui.keyword.WebUiBuiltInKeywords$verifyElementPresent$16.call(Unknown Source)
	at Price.run(Price:36)
	at com.kms.katalon.core.main.ScriptEngine.run(ScriptEngine.java:194)
	at com.kms.katalon.core.main.ScriptEngine.runScriptAsRawText(ScriptEngine.java:119)
	at com.kms.katalon.core.main.TestCaseExecutor.runScript(TestCaseExecutor.java:328)
	at com.kms.katalon.core.main.TestCaseExecutor.doExecute(TestCaseExecutor.java:319)
	at com.kms.katalon.core.main.TestCaseExecutor.processExecutionPhase(TestCaseExecutor.java:298)
	at com.kms.katalon.core.main.TestCaseExecutor.accessMainPhase(TestCaseExecutor.java:290)
	at com.kms.katalon.core.main.TestCaseExecutor.execute(TestCaseExecutor.java:224)
	at com.kms.katalon.core.main.TestSuiteExecutor.accessTestCaseMainPhase(TestSuiteExecutor.java:129)
	at com.kms.katalon.core.main.TestSuiteExecutor.accessTestSuiteMainPhase(TestSuiteExecutor.java:112)
	at com.kms.katalon.core.main.TestSuiteExecutor.execute(TestSuiteExecutor.java:81)
	at com.kms.katalon.core.main.TestCaseMain.startTestSuite(TestCaseMain.java:149)
	at com.kms.katalon.core.main.TestCaseMain$startTestSuite$0.call(Unknown Source)
	at TempTestSuite1558993457442.run(TempTestSuite1558993457442.groovy:36)]]></system-out>
      <system-err><![CDATA[2019-05-27 17:44:19 - [TEST_SUITE][FAILED] - HP, PROD , AG,COLL: Test Cases/OCS - MOBILE/OCS- PRODUCT PAGE/Price FAILED.
Reason:
com.kms.katalon.core.exception.StepFailedException: com.kms.katalon.core.webui.exception.WebElementNotFoundException: Web element with id: 'Object Repository/OCS-MOBILE /Product page/Price/Price - Add to cart button' located by 'By.xpath: /html/body/div/div[3]/section/div[1]/div[2]/div[2]/form/button/span[2]' not found
	at com.kms.katalon.core.keyword.internal.KeywordMain.stepFailed(KeywordMain.groovy:32)
	at com.kms.katalon.core.webui.keyword.internal.WebUIKeywordMain.stepFailed(WebUIKeywordMain.groovy:65)
	at com.kms.katalon.core.webui.keyword.builtin.VerifyElementPresentKeyword$_verifyElementPresent_closure1.doCall(VerifyElementPresentKeyword.groovy:85)
	at com.kms.katalon.core.webui.keyword.builtin.VerifyElementPresentKeyword$_verifyElementPresent_closure1.call(VerifyElementPresentKeyword.groovy)
	at com.kms.katalon.core.webui.keyword.internal.WebUIKeywordMain.runKeyword(WebUIKeywordMain.groovy:21)
	at com.kms.katalon.core.webui.keyword.builtin.VerifyElementPresentKeyword.verifyElementPresent(VerifyElementPresentKeyword.groovy:92)
	at com.kms.katalon.core.webui.keyword.builtin.VerifyElementPresentKeyword.execute(VerifyElementPresentKeyword.groovy:68)
	at com.kms.katalon.core.keyword.internal.KeywordExecutor.executeKeywordForPlatform(KeywordExecutor.groovy:53)
	at com.kms.katalon.core.webui.keyword.WebUiBuiltInKeywords.verifyElementPresent(WebUiBuiltInKeywords.groovy:1418)
	at com.kms.katalon.core.webui.keyword.WebUiBuiltInKeywords$verifyElementPresent$16.call(Unknown Source)
	at Price.run(Price:36)
	at com.kms.katalon.core.main.ScriptEngine.run(ScriptEngine.java:194)
	at com.kms.katalon.core.main.ScriptEngine.runScriptAsRawText(ScriptEngine.java:119)
	at com.kms.katalon.core.main.TestCaseExecutor.runScript(TestCaseExecutor.java:328)
	at com.kms.katalon.core.main.TestCaseExecutor.doExecute(TestCaseExecutor.java:319)
	at com.kms.katalon.core.main.TestCaseExecutor.processExecutionPhase(TestCaseExecutor.java:298)
	at com.kms.katalon.core.main.TestCaseExecutor.accessMainPhase(TestCaseExecutor.java:290)
	at com.kms.katalon.core.main.TestCaseExecutor.execute(TestCaseExecutor.java:224)
	at com.kms.katalon.core.main.TestSuiteExecutor.accessTestCaseMainPhase(TestSuiteExecutor.java:129)
	at com.kms.katalon.core.main.TestSuiteExecutor.accessTestSuiteMainPhase(TestSuiteExecutor.java:112)
	at com.kms.katalon.core.main.TestSuiteExecutor.execute(TestSuiteExecutor.java:81)
	at com.kms.katalon.core.main.TestCaseMain.startTestSuite(TestCaseMain.java:149)
	at com.kms.katalon.core.main.TestCaseMain$startTestSuite$0.call(Unknown Source)
	at TempTestSuite1558993457442.run(TempTestSuite1558993457442.groovy:36)]]></system-err>
   </testsuite>
</testsuites>
