<?xml version="1.0" encoding="UTF-8"?>
<testsuites name="Product page" time="230" tests="9" failures="2" errors="0">
   <testsuite name="Product page" tests="9" failures="2" errors="0" time="230" timestamp="2019-04-30 12:04:16" hostname="sumankompelly - 10.0.126.233" id="Test Suites/Product page">
      <properties>
         <property name="deviceName" value=""/>
         <property name="devicePlatform" value=""/>
         <property name="logFolder" value="/Users/sumankompelly/git/Sample-OCS/Reports/Product page/20190430_120414"/>
         <property name="logFiles" value="/Users/sumankompelly/git/Sample-OCS/Reports/Product page/20190430_120414/execution0.log"/>
         <property name="attachments" value="/Users/sumankompelly/git/Sample-OCS/Reports/Product page/20190430_120414/1556640415057.png, /Users/sumankompelly/git/Sample-OCS/Reports/Product page/20190430_120414/1556640438376.png, /Users/sumankompelly/git/Sample-OCS/Reports/Product page/20190430_120414/1556640451126.png"/>
         <property name="hostName" value="sumankompelly - 10.0.126.233"/>
         <property name="os" value="Mac OS X 64bit"/>
         <property name="katalonVersion" value="5.10.1.1"/>
         <property name="browser" value="Chrome 74.0.3729.108"/>
         <property name="hostAddress" value="10.0.126.233"/>
         <property name="sessionId" value="88195e013f196932f46d40e5ccc06ca2"/>
         <property name="seleniumVersion" value="3.7.1"/>
         <property name="proxyInformation" value="ProxyInformation{proxyOption=NO_PROXY, proxyServerType=HTTP, password=, proxyServerAddress=, proxyServerPort=0}"/>
         <property name="platform" value="Mac OS X"/>
      </properties>
      <testcase name="Test Cases/OCS- PRODUCT PAGE/Add to bag CTA" classname="Test Cases/OCS- PRODUCT PAGE/Add to bag CTA" status="PASSED">
         <system-out><![CDATA[2019-04-30 12:04:16 - [TEST_CASE][PASSED] - Test Cases/OCS- PRODUCT PAGE/Add to bag CTA: Test Cases/OCS- PRODUCT PAGE/Add to bag CTA

2019-04-30 12:04:16 - [TEST_STEP][PASSED] - openBrowser(""): Browser is opened with url: ''

2019-04-30 12:04:17 - [MESSAGE][INFO] - Starting 'Chrome (headless)' driver

2019-04-30 12:04:17 - [MESSAGE][INFO] - Action delay is set to 0 seconds

2019-04-30 12:04:18 - [MESSAGE][PASSED] - Browser is opened with url: ''

2019-04-30 12:04:18 - [TEST_STEP][PASSED] - navigateToUrl("http://ocs.ca/#/verify-age"): Navigate to 'http://ocs.ca/#/verify-age' successfully

2019-04-30 12:04:22 - [MESSAGE][PASSED] - Navigate to 'http://ocs.ca/#/verify-age' successfully

2019-04-30 12:04:22 - [TEST_STEP][PASSED] - maximizeWindow(): Current window maximized

2019-04-30 12:04:22 - [MESSAGE][PASSED] - Current window maximized

2019-04-30 12:04:22 - [TEST_STEP][PASSED] - selectOptionByValue(findTestObject("OCS_OR/Page_Ontario Cannabis Store  Ontari/select_Select01020304050607080"), "1", true): All options with value '1' are selected in object 'Object Repository/OCS_OR/Page_Ontario Cannabis Store  Ontari/select_Select01020304050607080'  using regular expression

2019-04-30 12:04:22 - [MESSAGE][PASSED] - All options with value '1' are selected in object 'Object Repository/OCS_OR/Page_Ontario Cannabis Store  Ontari/select_Select01020304050607080'  using regular expression

2019-04-30 12:04:22 - [TEST_STEP][PASSED] - selectOptionByValue(findTestObject("OCS_OR/Page_Ontario Cannabis Store  Ontari/select_SelectJanuary - 01Febru"), "0", true): All options with value '0' are selected in object 'Object Repository/OCS_OR/Page_Ontario Cannabis Store  Ontari/select_SelectJanuary - 01Febru'  using regular expression

2019-04-30 12:04:23 - [MESSAGE][PASSED] - All options with value '0' are selected in object 'Object Repository/OCS_OR/Page_Ontario Cannabis Store  Ontari/select_SelectJanuary - 01Febru'  using regular expression

2019-04-30 12:04:23 - [TEST_STEP][PASSED] - selectOptionByValue(findTestObject("OCS_OR/Page_Ontario Cannabis Store  Ontari/select_Select20182017201620152 (1)"), "1968", true): All options with value '1968' are selected in object 'Object Repository/OCS_OR/Page_Ontario Cannabis Store  Ontari/select_Select20182017201620152 (1)'  using regular expression

2019-04-30 12:04:24 - [MESSAGE][PASSED] - All options with value '1968' are selected in object 'Object Repository/OCS_OR/Page_Ontario Cannabis Store  Ontari/select_Select20182017201620152 (1)'  using regular expression

2019-04-30 12:04:24 - [TEST_STEP][PASSED] - click(findTestObject("OCS_OR/Page_Ontario Cannabis Store  Ontari/button_Verify")): Object: 'Object Repository/OCS_OR/Page_Ontario Cannabis Store  Ontari/button_Verify' is clicked on

2019-04-30 12:04:24 - [MESSAGE][PASSED] - Object: 'Object Repository/OCS_OR/Page_Ontario Cannabis Store  Ontari/button_Verify' is clicked on

2019-04-30 12:04:24 - [TEST_STEP][PASSED] - click(findTestObject("OCS_OR/Page_Ontario Cannabis Store  Ontari/span_CONFIRM AND ACKNOWLEDGE_c")): Object: 'Object Repository/OCS_OR/Page_Ontario Cannabis Store  Ontari/span_CONFIRM AND ACKNOWLEDGE_c' is clicked on

2019-04-30 12:04:24 - [MESSAGE][PASSED] - Object: 'Object Repository/OCS_OR/Page_Ontario Cannabis Store  Ontari/span_CONFIRM AND ACKNOWLEDGE_c' is clicked on

2019-04-30 12:04:24 - [TEST_STEP][PASSED] - click(findTestObject("OCS_OR/Page_Ontario Cannabis Store  Ontari/button_CONFIRM")): Object: 'Object Repository/OCS_OR/Page_Ontario Cannabis Store  Ontari/button_CONFIRM' is clicked on

2019-04-30 12:04:24 - [MESSAGE][PASSED] - Object: 'Object Repository/OCS_OR/Page_Ontario Cannabis Store  Ontari/button_CONFIRM' is clicked on

2019-04-30 12:04:24 - [TEST_STEP][PASSED] - click(findTestObject("OCS_OR/Page_Ontario Cannabis Store  Ontari/button_Start Browsing")): Object: 'Object Repository/OCS_OR/Page_Ontario Cannabis Store  Ontari/button_Start Browsing' is clicked on

2019-04-30 12:04:24 - [MESSAGE][PASSED] - Object: 'Object Repository/OCS_OR/Page_Ontario Cannabis Store  Ontari/button_Start Browsing' is clicked on

2019-04-30 12:04:24 - [TEST_STEP][PASSED] - mouseOver(findTestObject("PROD-breadcrumb_OR/Page_Ontario Cannabis Store  Ontari/h3_Cannabis")): Object: 'Object Repository/PROD-breadcrumb_OR/Page_Ontario Cannabis Store  Ontari/h3_Cannabis' is hovered

2019-04-30 12:04:24 - [MESSAGE][PASSED] - Object: 'Object Repository/PROD-breadcrumb_OR/Page_Ontario Cannabis Store  Ontari/h3_Cannabis' is hovered

2019-04-30 12:04:24 - [TEST_STEP][PASSED] - click(findTestObject("PROD-breadcrumb_OR/Page_Ontario Cannabis Store  Ontari/span_Indica Dominant")): Object: 'Object Repository/PROD-breadcrumb_OR/Page_Ontario Cannabis Store  Ontari/span_Indica Dominant' is clicked on

2019-04-30 12:04:25 - [MESSAGE][PASSED] - Object: 'Object Repository/PROD-breadcrumb_OR/Page_Ontario Cannabis Store  Ontari/span_Indica Dominant' is clicked on

2019-04-30 12:04:25 - [TEST_STEP][PASSED] - delay(3): Delayed 3 second(s)

2019-04-30 12:04:28 - [MESSAGE][PASSED] - Delayed 3 second(s)

2019-04-30 12:04:28 - [TEST_STEP][PASSED] - click(findTestObject("PROD-breadcrumb_OR/Page_Indica Dominant Dried Flower/h3_Shishkaberry")): Object: 'Object Repository/PROD-breadcrumb_OR/Page_Indica Dominant Dried Flower/h3_Shishkaberry' is clicked on

2019-04-30 12:04:32 - [MESSAGE][PASSED] - Object: 'Object Repository/PROD-breadcrumb_OR/Page_Indica Dominant Dried Flower/h3_Shishkaberry' is clicked on

2019-04-30 12:04:32 - [TEST_STEP][NOT_RUN] - click(findTestObject("Object Repository/Add to bag CTA_OR/Page_Shishkaberry  Ontario Cannabis/a_Shishkaberry")): NOT_RUN: click(findTestObject("Object Repository/Add to bag CTA_OR/Page_Shishkaberry  Ontario Cannabis/a_Shishkaberry"))

2019-04-30 12:04:32 - [MESSAGE][NOT_RUN] - NOT_RUN: click(findTestObject("Object Repository/Add to bag CTA_OR/Page_Shishkaberry  Ontario Cannabis/a_Shishkaberry"))

2019-04-30 12:04:32 - [TEST_STEP][NOT_RUN] - click(findTestObject("Object Repository/Add to bag CTA_OR/Page_Shishkaberry  Ontario Cannabis/a_Dried Flower")): NOT_RUN: click(findTestObject("Object Repository/Add to bag CTA_OR/Page_Shishkaberry  Ontario Cannabis/a_Dried Flower"))

2019-04-30 12:04:32 - [MESSAGE][NOT_RUN] - NOT_RUN: click(findTestObject("Object Repository/Add to bag CTA_OR/Page_Shishkaberry  Ontario Cannabis/a_Dried Flower"))

2019-04-30 12:04:32 - [TEST_STEP][NOT_RUN] - click(findTestObject("Page_Dried Flower  Ontario Cannabis/a_Cannabis")): NOT_RUN: click(findTestObject("Page_Dried Flower  Ontario Cannabis/a_Cannabis"))

2019-04-30 12:04:32 - [MESSAGE][NOT_RUN] - NOT_RUN: click(findTestObject("Page_Dried Flower  Ontario Cannabis/a_Cannabis"))

2019-04-30 12:04:32 - [TEST_STEP][NOT_RUN] - click(findTestObject("Page_All Cannabis Products  Ontario/a_Home")): NOT_RUN: click(findTestObject("Page_All Cannabis Products  Ontario/a_Home"))

2019-04-30 12:04:32 - [MESSAGE][NOT_RUN] - NOT_RUN: click(findTestObject("Page_All Cannabis Products  Ontario/a_Home"))

2019-04-30 12:04:32 - [TEST_STEP][NOT_RUN] - click(findTestObject("Object Repository/Add to bag CTA_OR/Page_Shishkaberry  Ontario Cannabis/label_1g")): NOT_RUN: click(findTestObject("Object Repository/Add to bag CTA_OR/Page_Shishkaberry  Ontario Cannabis/label_1g"))

2019-04-30 12:04:32 - [MESSAGE][NOT_RUN] - NOT_RUN: click(findTestObject("Object Repository/Add to bag CTA_OR/Page_Shishkaberry  Ontario Cannabis/label_1g"))

2019-04-30 12:04:32 - [TEST_STEP][PASSED] - click(findTestObject("price_OR/Page_Shishkaberry  Ontario Cannabis/label_3.5g")): Object: 'Object Repository/price_OR/Page_Shishkaberry  Ontario Cannabis/label_3.5g' is clicked on

2019-04-30 12:04:32 - [MESSAGE][PASSED] - Object: 'Object Repository/price_OR/Page_Shishkaberry  Ontario Cannabis/label_3.5g' is clicked on

2019-04-30 12:04:32 - [TEST_STEP][PASSED] - click(findTestObject("Add to bag CTA_OR/Page_Shishkaberry  Ontario Cannabis/button_Add to Bag32.40")): Object: 'Object Repository/Add to bag CTA_OR/Page_Shishkaberry  Ontario Cannabis/button_Add to Bag32.40' is clicked on

2019-04-30 12:04:32 - [MESSAGE][PASSED] - Object: 'Object Repository/Add to bag CTA_OR/Page_Shishkaberry  Ontario Cannabis/button_Add to Bag32.40' is clicked on

2019-04-30 12:04:32 - [TEST_STEP][PASSED] - delay(3): Delayed 3 second(s)

2019-04-30 12:04:35 - [MESSAGE][PASSED] - Delayed 3 second(s)

2019-04-30 12:04:35 - [TEST_STEP][PASSED] - verifyTextPresent("Bag", false): Text 'Bag' is present on page 

2019-04-30 12:04:36 - [MESSAGE][PASSED] - Text 'Bag' is present on page 

2019-04-30 12:04:36 - [TEST_STEP][PASSED] - click(findTestObject("Add to bag CTA_OR/Page_Shishkaberry  Ontario Cannabis/i_32.40_icon icon--back js-clo")): Object: 'Object Repository/Add to bag CTA_OR/Page_Shishkaberry  Ontario Cannabis/i_32.40_icon icon--back js-clo' is clicked on

2019-04-30 12:04:36 - [MESSAGE][PASSED] - Object: 'Object Repository/Add to bag CTA_OR/Page_Shishkaberry  Ontario Cannabis/i_32.40_icon icon--back js-clo' is clicked on

2019-04-30 12:04:36 - [TEST_STEP][PASSED] - closeBrowser(): Browser is closed

2019-04-30 12:04:36 - [MESSAGE][PASSED] - Browser is closed]]></system-out>
         <system-err><![CDATA[]]></system-err>
      </testcase>
      <testcase name="Test Cases/OCS- PRODUCT PAGE/Shop all of our products" classname="Test Cases/OCS- PRODUCT PAGE/Shop all of our products" status="PASSED">
         <system-out><![CDATA[2019-04-30 12:04:36 - [TEST_CASE][PASSED] - Test Cases/OCS- PRODUCT PAGE/Shop all of our products: Test Cases/OCS- PRODUCT PAGE/Shop all of our products

2019-04-30 12:04:37 - [TEST_STEP][PASSED] - openBrowser(""): Browser is opened with url: ''

2019-04-30 12:04:37 - [MESSAGE][INFO] - Starting 'Chrome (headless)' driver

2019-04-30 12:04:37 - [MESSAGE][PASSED] - Browser is opened with url: ''

2019-04-30 12:04:37 - [TEST_STEP][PASSED] - navigateToUrl("https://ocs.ca/#/verify-age"): Navigate to 'https://ocs.ca/#/verify-age' successfully

2019-04-30 12:04:39 - [MESSAGE][PASSED] - Navigate to 'https://ocs.ca/#/verify-age' successfully

2019-04-30 12:04:39 - [TEST_STEP][PASSED] - maximizeWindow(): Current window maximized

2019-04-30 12:04:40 - [MESSAGE][PASSED] - Current window maximized

2019-04-30 12:04:40 - [TEST_STEP][PASSED] - selectOptionByValue(findTestObject("Object Repository/all products_OR/Page_Ontario Cannabis Store  Ontari/select_Select01020304050607080"), "16", true): All options with value '16' are selected in object 'Object Repository/all products_OR/Page_Ontario Cannabis Store  Ontari/select_Select01020304050607080'  using regular expression

2019-04-30 12:04:40 - [MESSAGE][PASSED] - All options with value '16' are selected in object 'Object Repository/all products_OR/Page_Ontario Cannabis Store  Ontari/select_Select01020304050607080'  using regular expression

2019-04-30 12:04:40 - [TEST_STEP][PASSED] - selectOptionByValue(findTestObject("Object Repository/all products_OR/Page_Ontario Cannabis Store  Ontari/select_SelectJanuary - 01Febru"), "8", true): All options with value '8' are selected in object 'Object Repository/all products_OR/Page_Ontario Cannabis Store  Ontari/select_SelectJanuary - 01Febru'  using regular expression

2019-04-30 12:04:40 - [MESSAGE][PASSED] - All options with value '8' are selected in object 'Object Repository/all products_OR/Page_Ontario Cannabis Store  Ontari/select_SelectJanuary - 01Febru'  using regular expression

2019-04-30 12:04:40 - [TEST_STEP][PASSED] - selectOptionByValue(findTestObject("Object Repository/all products_OR/Page_Ontario Cannabis Store  Ontari/select_Select20182017201620152"), "1957", true): All options with value '1957' are selected in object 'Object Repository/all products_OR/Page_Ontario Cannabis Store  Ontari/select_Select20182017201620152'  using regular expression

2019-04-30 12:04:42 - [MESSAGE][PASSED] - All options with value '1957' are selected in object 'Object Repository/all products_OR/Page_Ontario Cannabis Store  Ontari/select_Select20182017201620152'  using regular expression

2019-04-30 12:04:42 - [TEST_STEP][PASSED] - click(findTestObject("Object Repository/all products_OR/Page_Ontario Cannabis Store  Ontari/button_Verify")): Object: 'Object Repository/all products_OR/Page_Ontario Cannabis Store  Ontari/button_Verify' is clicked on

2019-04-30 12:04:42 - [MESSAGE][PASSED] - Object: 'Object Repository/all products_OR/Page_Ontario Cannabis Store  Ontari/button_Verify' is clicked on

2019-04-30 12:04:42 - [TEST_STEP][PASSED] - click(findTestObject("Object Repository/all products_OR/Page_Ontario Cannabis Store  Ontari/span_CONFIRM AND ACKNOWLEDGE_c")): Object: 'Object Repository/all products_OR/Page_Ontario Cannabis Store  Ontari/span_CONFIRM AND ACKNOWLEDGE_c' is clicked on

2019-04-30 12:04:42 - [MESSAGE][PASSED] - Object: 'Object Repository/all products_OR/Page_Ontario Cannabis Store  Ontari/span_CONFIRM AND ACKNOWLEDGE_c' is clicked on

2019-04-30 12:04:42 - [TEST_STEP][PASSED] - click(findTestObject("Object Repository/all products_OR/Page_Ontario Cannabis Store  Ontari/button_CONFIRM")): Object: 'Object Repository/all products_OR/Page_Ontario Cannabis Store  Ontari/button_CONFIRM' is clicked on

2019-04-30 12:04:42 - [MESSAGE][PASSED] - Object: 'Object Repository/all products_OR/Page_Ontario Cannabis Store  Ontari/button_CONFIRM' is clicked on

2019-04-30 12:04:42 - [TEST_STEP][PASSED] - click(findTestObject("Object Repository/all products_OR/Page_Ontario Cannabis Store  Ontari/button_Start Browsing")): Object: 'Object Repository/all products_OR/Page_Ontario Cannabis Store  Ontari/button_Start Browsing' is clicked on

2019-04-30 12:04:42 - [MESSAGE][PASSED] - Object: 'Object Repository/all products_OR/Page_Ontario Cannabis Store  Ontari/button_Start Browsing' is clicked on

2019-04-30 12:04:42 - [TEST_STEP][PASSED] - delay(3): Delayed 3 second(s)

2019-04-30 12:04:45 - [MESSAGE][PASSED] - Delayed 3 second(s)

2019-04-30 12:04:45 - [TEST_STEP][PASSED] - click(findTestObject("Object Repository/all products_OR/Page_Ontario Cannabis Store  Ontari/h3_Cannabis")): Object: 'Object Repository/all products_OR/Page_Ontario Cannabis Store  Ontari/h3_Cannabis' is clicked on

2019-04-30 12:04:45 - [MESSAGE][PASSED] - Object: 'Object Repository/all products_OR/Page_Ontario Cannabis Store  Ontari/h3_Cannabis' is clicked on

2019-04-30 12:04:45 - [TEST_STEP][PASSED] - delay(3): Delayed 3 second(s)

2019-04-30 12:04:48 - [MESSAGE][PASSED] - Delayed 3 second(s)

2019-04-30 12:04:48 - [TEST_STEP][PASSED] - click(findTestObject("Object Repository/all products_OR/Page_Ontario Cannabis Store  Ontari/span_Indica Dominant")): Object: 'Object Repository/all products_OR/Page_Ontario Cannabis Store  Ontari/span_Indica Dominant' is clicked on

2019-04-30 12:04:50 - [MESSAGE][PASSED] - Object: 'Object Repository/all products_OR/Page_Ontario Cannabis Store  Ontari/span_Indica Dominant' is clicked on

2019-04-30 12:04:50 - [TEST_STEP][PASSED] - delay(3): Delayed 3 second(s)

2019-04-30 12:04:53 - [MESSAGE][PASSED] - Delayed 3 second(s)

2019-04-30 12:04:53 - [TEST_STEP][PASSED] - click(findTestObject("Object Repository/all products_OR/Page_Indica Dominant Dried Flower/h3_Shishkaberry")): Object: 'Object Repository/all products_OR/Page_Indica Dominant Dried Flower/h3_Shishkaberry' is clicked on

2019-04-30 12:04:57 - [MESSAGE][PASSED] - Object: 'Object Repository/all products_OR/Page_Indica Dominant Dried Flower/h3_Shishkaberry' is clicked on

2019-04-30 12:04:57 - [TEST_STEP][PASSED] - click(findTestObject("Object Repository/all products_OR/Page_Shishkaberry  Ontario Cannabis/a_Shop all of our products")): Object: 'Object Repository/all products_OR/Page_Shishkaberry  Ontario Cannabis/a_Shop all of our products' is clicked on

2019-04-30 12:04:59 - [MESSAGE][PASSED] - Object: 'Object Repository/all products_OR/Page_Shishkaberry  Ontario Cannabis/a_Shop all of our products' is clicked on

2019-04-30 12:04:59 - [TEST_STEP][PASSED] - verifyTextPresent("All Products", false): Text 'All Products' is present on page 

2019-04-30 12:04:59 - [MESSAGE][PASSED] - Text 'All Products' is present on page]]></system-out>
         <system-err><![CDATA[]]></system-err>
      </testcase>
      <testcase name="Test Cases/OCS- PRODUCT PAGE/Tooltip" classname="Test Cases/OCS- PRODUCT PAGE/Tooltip" status="PASSED">
         <system-out><![CDATA[2019-04-30 12:04:59 - [TEST_CASE][PASSED] - Test Cases/OCS- PRODUCT PAGE/Tooltip: Test Cases/OCS- PRODUCT PAGE/Tooltip

2019-04-30 12:04:59 - [TEST_STEP][PASSED] - openBrowser(""): Browser is opened with url: ''

2019-04-30 12:04:59 - [MESSAGE][WARNING] - A browser is already opened. Closing browser and opening a new one

2019-04-30 12:04:59 - [MESSAGE][INFO] - Starting 'Chrome (headless)' driver

2019-04-30 12:05:00 - [MESSAGE][PASSED] - Browser is opened with url: ''

2019-04-30 12:05:00 - [TEST_STEP][PASSED] - navigateToUrl("http://ocs.ca/#/verify-age"): Navigate to 'http://ocs.ca/#/verify-age' successfully

2019-04-30 12:05:01 - [MESSAGE][PASSED] - Navigate to 'http://ocs.ca/#/verify-age' successfully

2019-04-30 12:05:01 - [TEST_STEP][PASSED] - maximizeWindow(): Current window maximized

2019-04-30 12:05:01 - [MESSAGE][PASSED] - Current window maximized

2019-04-30 12:05:01 - [TEST_STEP][PASSED] - selectOptionByValue(findTestObject("PROD-breadcrumb_OR/Page_Ontario Cannabis Store  Ontari/select_Select01020304050607080"), "1", true): All options with value '1' are selected in object 'Object Repository/PROD-breadcrumb_OR/Page_Ontario Cannabis Store  Ontari/select_Select01020304050607080'  using regular expression

2019-04-30 12:05:02 - [MESSAGE][PASSED] - All options with value '1' are selected in object 'Object Repository/PROD-breadcrumb_OR/Page_Ontario Cannabis Store  Ontari/select_Select01020304050607080'  using regular expression

2019-04-30 12:05:02 - [TEST_STEP][PASSED] - selectOptionByValue(findTestObject("PROD-breadcrumb_OR/Page_Ontario Cannabis Store  Ontari/select_SelectJanuary - 01Febru"), "0", true): All options with value '0' are selected in object 'Object Repository/PROD-breadcrumb_OR/Page_Ontario Cannabis Store  Ontari/select_SelectJanuary - 01Febru'  using regular expression

2019-04-30 12:05:02 - [MESSAGE][PASSED] - All options with value '0' are selected in object 'Object Repository/PROD-breadcrumb_OR/Page_Ontario Cannabis Store  Ontari/select_SelectJanuary - 01Febru'  using regular expression

2019-04-30 12:05:02 - [TEST_STEP][PASSED] - selectOptionByValue(findTestObject("PROD-breadcrumb_OR/Page_Ontario Cannabis Store  Ontari/select_Select20182017201620152"), "1968", true): All options with value '1968' are selected in object 'Object Repository/PROD-breadcrumb_OR/Page_Ontario Cannabis Store  Ontari/select_Select20182017201620152'  using regular expression

2019-04-30 12:05:03 - [MESSAGE][PASSED] - All options with value '1968' are selected in object 'Object Repository/PROD-breadcrumb_OR/Page_Ontario Cannabis Store  Ontari/select_Select20182017201620152'  using regular expression

2019-04-30 12:05:03 - [TEST_STEP][PASSED] - click(findTestObject("PROD-breadcrumb_OR/Page_Ontario Cannabis Store  Ontari/button_Verify")): Object: 'Object Repository/PROD-breadcrumb_OR/Page_Ontario Cannabis Store  Ontari/button_Verify' is clicked on

2019-04-30 12:05:03 - [MESSAGE][PASSED] - Object: 'Object Repository/PROD-breadcrumb_OR/Page_Ontario Cannabis Store  Ontari/button_Verify' is clicked on

2019-04-30 12:05:03 - [TEST_STEP][PASSED] - click(findTestObject("PROD-breadcrumb_OR/Page_Ontario Cannabis Store  Ontari/span_CONFIRM AND ACKNOWLEDGE_c")): Object: 'Object Repository/PROD-breadcrumb_OR/Page_Ontario Cannabis Store  Ontari/span_CONFIRM AND ACKNOWLEDGE_c' is clicked on

2019-04-30 12:05:03 - [MESSAGE][PASSED] - Object: 'Object Repository/PROD-breadcrumb_OR/Page_Ontario Cannabis Store  Ontari/span_CONFIRM AND ACKNOWLEDGE_c' is clicked on

2019-04-30 12:05:03 - [TEST_STEP][PASSED] - click(findTestObject("PROD-breadcrumb_OR/Page_Ontario Cannabis Store  Ontari/button_CONFIRM")): Object: 'Object Repository/PROD-breadcrumb_OR/Page_Ontario Cannabis Store  Ontari/button_CONFIRM' is clicked on

2019-04-30 12:05:03 - [MESSAGE][PASSED] - Object: 'Object Repository/PROD-breadcrumb_OR/Page_Ontario Cannabis Store  Ontari/button_CONFIRM' is clicked on

2019-04-30 12:05:03 - [TEST_STEP][PASSED] - click(findTestObject("PROD-breadcrumb_OR/Page_Ontario Cannabis Store  Ontari/button_Start Browsing")): Object: 'Object Repository/PROD-breadcrumb_OR/Page_Ontario Cannabis Store  Ontari/button_Start Browsing' is clicked on

2019-04-30 12:05:03 - [MESSAGE][PASSED] - Object: 'Object Repository/PROD-breadcrumb_OR/Page_Ontario Cannabis Store  Ontari/button_Start Browsing' is clicked on

2019-04-30 12:05:03 - [TEST_STEP][PASSED] - mouseOver(findTestObject("PROD-breadcrumb_OR/Page_Ontario Cannabis Store  Ontari/h3_Cannabis")): Object: 'Object Repository/PROD-breadcrumb_OR/Page_Ontario Cannabis Store  Ontari/h3_Cannabis' is hovered

2019-04-30 12:05:04 - [MESSAGE][PASSED] - Object: 'Object Repository/PROD-breadcrumb_OR/Page_Ontario Cannabis Store  Ontari/h3_Cannabis' is hovered

2019-04-30 12:05:04 - [TEST_STEP][PASSED] - click(findTestObject("PROD-breadcrumb_OR/Page_Ontario Cannabis Store  Ontari/span_Indica Dominant")): Object: 'Object Repository/PROD-breadcrumb_OR/Page_Ontario Cannabis Store  Ontari/span_Indica Dominant' is clicked on

2019-04-30 12:05:06 - [MESSAGE][PASSED] - Object: 'Object Repository/PROD-breadcrumb_OR/Page_Ontario Cannabis Store  Ontari/span_Indica Dominant' is clicked on

2019-04-30 12:05:06 - [TEST_STEP][PASSED] - delay(3): Delayed 3 second(s)

2019-04-30 12:05:09 - [MESSAGE][PASSED] - Delayed 3 second(s)

2019-04-30 12:05:09 - [TEST_STEP][PASSED] - click(findTestObject("PROD-breadcrumb_OR/Page_Indica Dominant Dried Flower/h3_Shishkaberry")): Object: 'Object Repository/PROD-breadcrumb_OR/Page_Indica Dominant Dried Flower/h3_Shishkaberry' is clicked on

2019-04-30 12:05:11 - [MESSAGE][PASSED] - Object: 'Object Repository/PROD-breadcrumb_OR/Page_Indica Dominant Dried Flower/h3_Shishkaberry' is clicked on

2019-04-30 12:05:11 - [TEST_STEP][PASSED] - mouseOver(findTestObject("Tooltips_OR/Page_Shishkaberry  Ontario Cannabis/i_THC_icon icon--question-mark")): Object: 'Object Repository/Tooltips_OR/Page_Shishkaberry  Ontario Cannabis/i_THC_icon icon--question-mark' is hovered

2019-04-30 12:05:11 - [MESSAGE][PASSED] - Object: 'Object Repository/Tooltips_OR/Page_Shishkaberry  Ontario Cannabis/i_THC_icon icon--question-mark' is hovered

2019-04-30 12:05:11 - [TEST_STEP][PASSED] - delay(2): Delayed 2 second(s)

2019-04-30 12:05:13 - [MESSAGE][PASSED] - Delayed 2 second(s)

2019-04-30 12:05:13 - [TEST_STEP][PASSED] - click(findTestObject("Object Repository/Tooltips_OR/Page_Shishkaberry  Ontario Cannabis/i_CBD_icon icon--question-mark")): Object: 'Object Repository/Tooltips_OR/Page_Shishkaberry  Ontario Cannabis/i_CBD_icon icon--question-mark' is clicked on

2019-04-30 12:05:14 - [MESSAGE][PASSED] - Object: 'Object Repository/Tooltips_OR/Page_Shishkaberry  Ontario Cannabis/i_CBD_icon icon--question-mark' is clicked on

2019-04-30 12:05:14 - [TEST_STEP][PASSED] - delay(2): Delayed 2 second(s)

2019-04-30 12:05:16 - [MESSAGE][PASSED] - Delayed 2 second(s)

2019-04-30 12:05:16 - [TEST_STEP][PASSED] - click(findTestObject("Object Repository/Tooltips_OR/Page_Shishkaberry  Ontario Cannabis/i_Plant Type_icon icon--questi")): Object: 'Object Repository/Tooltips_OR/Page_Shishkaberry  Ontario Cannabis/i_Plant Type_icon icon--questi' is clicked on

2019-04-30 12:05:16 - [MESSAGE][PASSED] - Object: 'Object Repository/Tooltips_OR/Page_Shishkaberry  Ontario Cannabis/i_Plant Type_icon icon--questi' is clicked on

2019-04-30 12:05:16 - [TEST_STEP][PASSED] - delay(2): Delayed 2 second(s)

2019-04-30 12:05:18 - [MESSAGE][PASSED] - Delayed 2 second(s)

2019-04-30 12:05:18 - [TEST_STEP][PASSED] - click(findTestObject("Object Repository/Tooltips_OR/Page_Shishkaberry  Ontario Cannabis/i_Terpenes_icon icon--question")): Object: 'Object Repository/Tooltips_OR/Page_Shishkaberry  Ontario Cannabis/i_Terpenes_icon icon--question' is clicked on

2019-04-30 12:05:18 - [MESSAGE][PASSED] - Object: 'Object Repository/Tooltips_OR/Page_Shishkaberry  Ontario Cannabis/i_Terpenes_icon icon--question' is clicked on

2019-04-30 12:05:18 - [TEST_STEP][PASSED] - delay(2): Delayed 2 second(s)

2019-04-30 12:05:20 - [MESSAGE][PASSED] - Delayed 2 second(s)

2019-04-30 12:05:20 - [TEST_STEP][PASSED] - click(findTestObject("Object Repository/Tooltips_OR/Page_Shishkaberry  Ontario Cannabis/i_THC_icon icon--question-mark_1")): Object: 'Object Repository/Tooltips_OR/Page_Shishkaberry  Ontario Cannabis/i_THC_icon icon--question-mark_1' is clicked on

2019-04-30 12:05:20 - [MESSAGE][PASSED] - Object: 'Object Repository/Tooltips_OR/Page_Shishkaberry  Ontario Cannabis/i_THC_icon icon--question-mark_1' is clicked on

2019-04-30 12:05:20 - [TEST_STEP][PASSED] - delay(2): Delayed 2 second(s)

2019-04-30 12:05:22 - [MESSAGE][PASSED] - Delayed 2 second(s)

2019-04-30 12:05:22 - [TEST_STEP][PASSED] - click(findTestObject("Object Repository/Tooltips_OR/Page_Shishkaberry  Ontario Cannabis/i_CBD_icon icon--question-mark_1")): Object: 'Object Repository/Tooltips_OR/Page_Shishkaberry  Ontario Cannabis/i_CBD_icon icon--question-mark_1' is clicked on

2019-04-30 12:05:22 - [MESSAGE][PASSED] - Object: 'Object Repository/Tooltips_OR/Page_Shishkaberry  Ontario Cannabis/i_CBD_icon icon--question-mark_1' is clicked on

2019-04-30 12:05:22 - [TEST_STEP][PASSED] - delay(2): Delayed 2 second(s)

2019-04-30 12:05:24 - [MESSAGE][PASSED] - Delayed 2 second(s)

2019-04-30 12:05:24 - [TEST_STEP][PASSED] - click(findTestObject("Object Repository/Tooltips_OR/Page_Shishkaberry  Ontario Cannabis/i_Plant_icon icon--question-ma")): Object: 'Object Repository/Tooltips_OR/Page_Shishkaberry  Ontario Cannabis/i_Plant_icon icon--question-ma' is clicked on

2019-04-30 12:05:24 - [MESSAGE][PASSED] - Object: 'Object Repository/Tooltips_OR/Page_Shishkaberry  Ontario Cannabis/i_Plant_icon icon--question-ma' is clicked on

2019-04-30 12:05:24 - [TEST_STEP][PASSED] - delay(2): Delayed 2 second(s)

2019-04-30 12:05:26 - [MESSAGE][PASSED] - Delayed 2 second(s)

2019-04-30 12:05:26 - [TEST_STEP][PASSED] - click(findTestObject("Object Repository/Tooltips_OR/Page_Shishkaberry  Ontario Cannabis/i_Terpenes_icon icon--question_1")): Object: 'Object Repository/Tooltips_OR/Page_Shishkaberry  Ontario Cannabis/i_Terpenes_icon icon--question_1' is clicked on

2019-04-30 12:05:26 - [MESSAGE][PASSED] - Object: 'Object Repository/Tooltips_OR/Page_Shishkaberry  Ontario Cannabis/i_Terpenes_icon icon--question_1' is clicked on

2019-04-30 12:05:26 - [TEST_STEP][PASSED] - delay(2): Delayed 2 second(s)

2019-04-30 12:05:28 - [MESSAGE][PASSED] - Delayed 2 second(s)

2019-04-30 12:05:28 - [TEST_STEP][PASSED] - click(findTestObject("Object Repository/Tooltips_OR/Page_Shishkaberry  Ontario Cannabis/i_GTIN_icon icon--question-mar")): Object: 'Object Repository/Tooltips_OR/Page_Shishkaberry  Ontario Cannabis/i_GTIN_icon icon--question-mar' is clicked on

2019-04-30 12:05:28 - [MESSAGE][PASSED] - Object: 'Object Repository/Tooltips_OR/Page_Shishkaberry  Ontario Cannabis/i_GTIN_icon icon--question-mar' is clicked on

2019-04-30 12:05:28 - [TEST_STEP][PASSED] - delay(2): Delayed 2 second(s)

2019-04-30 12:05:30 - [MESSAGE][PASSED] - Delayed 2 second(s)

2019-04-30 12:05:30 - [TEST_STEP][PASSED] - closeBrowser(): Browser is closed

2019-04-30 12:05:30 - [MESSAGE][PASSED] - Browser is closed]]></system-out>
         <system-err><![CDATA[]]></system-err>
      </testcase>
      <testcase name="Test Cases/OCS- PRODUCT PAGE/Show all accessories" classname="Test Cases/OCS- PRODUCT PAGE/Show all accessories" status="PASSED">
         <system-out><![CDATA[2019-04-30 12:05:30 - [TEST_CASE][PASSED] - Test Cases/OCS- PRODUCT PAGE/Show all accessories: Test Cases/OCS- PRODUCT PAGE/Show all accessories

2019-04-30 12:05:30 - [TEST_STEP][PASSED] - openBrowser(""): Browser is opened with url: ''

2019-04-30 12:05:30 - [MESSAGE][INFO] - Starting 'Chrome (headless)' driver

2019-04-30 12:05:31 - [MESSAGE][PASSED] - Browser is opened with url: ''

2019-04-30 12:05:31 - [TEST_STEP][PASSED] - navigateToUrl("https://ocs.ca/#/verify-age"): Navigate to 'https://ocs.ca/#/verify-age' successfully

2019-04-30 12:05:32 - [MESSAGE][PASSED] - Navigate to 'https://ocs.ca/#/verify-age' successfully

2019-04-30 12:05:32 - [TEST_STEP][PASSED] - maximizeWindow(): Current window maximized

2019-04-30 12:05:32 - [MESSAGE][PASSED] - Current window maximized

2019-04-30 12:05:32 - [TEST_STEP][PASSED] - selectOptionByValue(findTestObject("Object Repository/Show all accessories_OR/Page_Ontario Cannabis Store  Ontari/select_Select01020304050607080"), "16", true): All options with value '16' are selected in object 'Object Repository/Show all accessories_OR/Page_Ontario Cannabis Store  Ontari/select_Select01020304050607080'  using regular expression

2019-04-30 12:05:33 - [MESSAGE][PASSED] - All options with value '16' are selected in object 'Object Repository/Show all accessories_OR/Page_Ontario Cannabis Store  Ontari/select_Select01020304050607080'  using regular expression

2019-04-30 12:05:33 - [TEST_STEP][PASSED] - selectOptionByValue(findTestObject("Object Repository/Show all accessories_OR/Page_Ontario Cannabis Store  Ontari/select_SelectJanuary - 01Febru"), "9", true): All options with value '9' are selected in object 'Object Repository/Show all accessories_OR/Page_Ontario Cannabis Store  Ontari/select_SelectJanuary - 01Febru'  using regular expression

2019-04-30 12:05:33 - [MESSAGE][PASSED] - All options with value '9' are selected in object 'Object Repository/Show all accessories_OR/Page_Ontario Cannabis Store  Ontari/select_SelectJanuary - 01Febru'  using regular expression

2019-04-30 12:05:33 - [TEST_STEP][PASSED] - selectOptionByValue(findTestObject("Object Repository/Show all accessories_OR/Page_Ontario Cannabis Store  Ontari/select_Select20182017201620152"), "1956", true): All options with value '1956' are selected in object 'Object Repository/Show all accessories_OR/Page_Ontario Cannabis Store  Ontari/select_Select20182017201620152'  using regular expression

2019-04-30 12:05:34 - [MESSAGE][PASSED] - All options with value '1956' are selected in object 'Object Repository/Show all accessories_OR/Page_Ontario Cannabis Store  Ontari/select_Select20182017201620152'  using regular expression

2019-04-30 12:05:34 - [TEST_STEP][PASSED] - click(findTestObject("Object Repository/Show all accessories_OR/Page_Ontario Cannabis Store  Ontari/button_Verify")): Object: 'Object Repository/Show all accessories_OR/Page_Ontario Cannabis Store  Ontari/button_Verify' is clicked on

2019-04-30 12:05:34 - [MESSAGE][PASSED] - Object: 'Object Repository/Show all accessories_OR/Page_Ontario Cannabis Store  Ontari/button_Verify' is clicked on

2019-04-30 12:05:34 - [TEST_STEP][PASSED] - click(findTestObject("Object Repository/Show all accessories_OR/Page_Ontario Cannabis Store  Ontari/span_CONFIRM AND ACKNOWLEDGE_c")): Object: 'Object Repository/Show all accessories_OR/Page_Ontario Cannabis Store  Ontari/span_CONFIRM AND ACKNOWLEDGE_c' is clicked on

2019-04-30 12:05:34 - [MESSAGE][PASSED] - Object: 'Object Repository/Show all accessories_OR/Page_Ontario Cannabis Store  Ontari/span_CONFIRM AND ACKNOWLEDGE_c' is clicked on

2019-04-30 12:05:34 - [TEST_STEP][PASSED] - click(findTestObject("Object Repository/Show all accessories_OR/Page_Ontario Cannabis Store  Ontari/button_CONFIRM")): Object: 'Object Repository/Show all accessories_OR/Page_Ontario Cannabis Store  Ontari/button_CONFIRM' is clicked on

2019-04-30 12:05:34 - [MESSAGE][PASSED] - Object: 'Object Repository/Show all accessories_OR/Page_Ontario Cannabis Store  Ontari/button_CONFIRM' is clicked on

2019-04-30 12:05:34 - [TEST_STEP][PASSED] - click(findTestObject("Object Repository/Show all accessories_OR/Page_Ontario Cannabis Store  Ontari/button_Start Browsing")): Object: 'Object Repository/Show all accessories_OR/Page_Ontario Cannabis Store  Ontari/button_Start Browsing' is clicked on

2019-04-30 12:05:34 - [MESSAGE][PASSED] - Object: 'Object Repository/Show all accessories_OR/Page_Ontario Cannabis Store  Ontari/button_Start Browsing' is clicked on

2019-04-30 12:05:34 - [TEST_STEP][PASSED] - delay(3): Delayed 3 second(s)

2019-04-30 12:05:37 - [MESSAGE][PASSED] - Delayed 3 second(s)

2019-04-30 12:05:37 - [TEST_STEP][PASSED] - click(findTestObject("Object Repository/Show all accessories_OR/Page_Ontario Cannabis Store  Ontari/h3_Cannabis")): Object: 'Object Repository/Show all accessories_OR/Page_Ontario Cannabis Store  Ontari/h3_Cannabis' is clicked on

2019-04-30 12:05:38 - [MESSAGE][PASSED] - Object: 'Object Repository/Show all accessories_OR/Page_Ontario Cannabis Store  Ontari/h3_Cannabis' is clicked on

2019-04-30 12:05:38 - [TEST_STEP][PASSED] - delay(3): Delayed 3 second(s)

2019-04-30 12:05:41 - [MESSAGE][PASSED] - Delayed 3 second(s)

2019-04-30 12:05:41 - [TEST_STEP][PASSED] - click(findTestObject("Object Repository/Show all accessories_OR/Page_Ontario Cannabis Store  Ontari/span_Indica Dominant")): Object: 'Object Repository/Show all accessories_OR/Page_Ontario Cannabis Store  Ontari/span_Indica Dominant' is clicked on

2019-04-30 12:05:42 - [MESSAGE][PASSED] - Object: 'Object Repository/Show all accessories_OR/Page_Ontario Cannabis Store  Ontari/span_Indica Dominant' is clicked on

2019-04-30 12:05:42 - [TEST_STEP][PASSED] - click(findTestObject("Object Repository/Show all accessories_OR/Page_Indica Dominant Dried Flower/h3_Shishkaberry")): Object: 'Object Repository/Show all accessories_OR/Page_Indica Dominant Dried Flower/h3_Shishkaberry' is clicked on

2019-04-30 12:05:46 - [MESSAGE][PASSED] - Object: 'Object Repository/Show all accessories_OR/Page_Indica Dominant Dried Flower/h3_Shishkaberry' is clicked on

2019-04-30 12:05:46 - [TEST_STEP][PASSED] - click(findTestObject("Object Repository/Show all accessories_OR/Page_Shishkaberry  Ontario Cannabis/a_Show all accessories")): Object: 'Object Repository/Show all accessories_OR/Page_Shishkaberry  Ontario Cannabis/a_Show all accessories' is clicked on

2019-04-30 12:05:47 - [MESSAGE][PASSED] - Object: 'Object Repository/Show all accessories_OR/Page_Shishkaberry  Ontario Cannabis/a_Show all accessories' is clicked on

2019-04-30 12:05:47 - [TEST_STEP][PASSED] - delay(3): Delayed 3 second(s)

2019-04-30 12:05:50 - [MESSAGE][PASSED] - Delayed 3 second(s)

2019-04-30 12:05:50 - [TEST_STEP][PASSED] - verifyTextPresent("All Accessories", false): Text 'All Accessories' is present on page 

2019-04-30 12:05:50 - [MESSAGE][PASSED] - Text 'All Accessories' is present on page]]></system-out>
         <system-err><![CDATA[]]></system-err>
      </testcase>
      <testcase name="Test Cases/OCS- PRODUCT PAGE/breadcrumb" classname="Test Cases/OCS- PRODUCT PAGE/breadcrumb" status="PASSED">
         <system-out><![CDATA[2019-04-30 12:05:50 - [TEST_CASE][PASSED] - Test Cases/OCS- PRODUCT PAGE/breadcrumb: Test Cases/OCS- PRODUCT PAGE/breadcrumb

2019-04-30 12:05:50 - [TEST_STEP][PASSED] - openBrowser(""): Browser is opened with url: ''

2019-04-30 12:05:50 - [MESSAGE][WARNING] - A browser is already opened. Closing browser and opening a new one

2019-04-30 12:05:51 - [MESSAGE][INFO] - Starting 'Chrome (headless)' driver

2019-04-30 12:05:51 - [MESSAGE][PASSED] - Browser is opened with url: ''

2019-04-30 12:05:51 - [TEST_STEP][PASSED] - navigateToUrl("http://ocs.ca/#/verify-age"): Navigate to 'http://ocs.ca/#/verify-age' successfully

2019-04-30 12:05:54 - [MESSAGE][PASSED] - Navigate to 'http://ocs.ca/#/verify-age' successfully

2019-04-30 12:05:54 - [TEST_STEP][PASSED] - maximizeWindow(): Current window maximized

2019-04-30 12:05:54 - [MESSAGE][PASSED] - Current window maximized

2019-04-30 12:05:54 - [TEST_STEP][PASSED] - selectOptionByValue(findTestObject("Object Repository/PROD-breadcrumb_OR/Page_Ontario Cannabis Store  Ontari/select_Select01020304050607080"), "1", true): All options with value '1' are selected in object 'Object Repository/PROD-breadcrumb_OR/Page_Ontario Cannabis Store  Ontari/select_Select01020304050607080'  using regular expression

2019-04-30 12:05:55 - [MESSAGE][PASSED] - All options with value '1' are selected in object 'Object Repository/PROD-breadcrumb_OR/Page_Ontario Cannabis Store  Ontari/select_Select01020304050607080'  using regular expression

2019-04-30 12:05:55 - [TEST_STEP][PASSED] - selectOptionByValue(findTestObject("Object Repository/PROD-breadcrumb_OR/Page_Ontario Cannabis Store  Ontari/select_SelectJanuary - 01Febru"), "0", true): All options with value '0' are selected in object 'Object Repository/PROD-breadcrumb_OR/Page_Ontario Cannabis Store  Ontari/select_SelectJanuary - 01Febru'  using regular expression

2019-04-30 12:05:55 - [MESSAGE][PASSED] - All options with value '0' are selected in object 'Object Repository/PROD-breadcrumb_OR/Page_Ontario Cannabis Store  Ontari/select_SelectJanuary - 01Febru'  using regular expression

2019-04-30 12:05:55 - [TEST_STEP][PASSED] - selectOptionByValue(findTestObject("Object Repository/PROD-breadcrumb_OR/Page_Ontario Cannabis Store  Ontari/select_Select20182017201620152"), "1968", true): All options with value '1968' are selected in object 'Object Repository/PROD-breadcrumb_OR/Page_Ontario Cannabis Store  Ontari/select_Select20182017201620152'  using regular expression

2019-04-30 12:05:56 - [MESSAGE][PASSED] - All options with value '1968' are selected in object 'Object Repository/PROD-breadcrumb_OR/Page_Ontario Cannabis Store  Ontari/select_Select20182017201620152'  using regular expression

2019-04-30 12:05:56 - [TEST_STEP][PASSED] - click(findTestObject("Object Repository/PROD-breadcrumb_OR/Page_Ontario Cannabis Store  Ontari/button_Verify")): Object: 'Object Repository/PROD-breadcrumb_OR/Page_Ontario Cannabis Store  Ontari/button_Verify' is clicked on

2019-04-30 12:05:56 - [MESSAGE][PASSED] - Object: 'Object Repository/PROD-breadcrumb_OR/Page_Ontario Cannabis Store  Ontari/button_Verify' is clicked on

2019-04-30 12:05:56 - [TEST_STEP][PASSED] - click(findTestObject("Object Repository/PROD-breadcrumb_OR/Page_Ontario Cannabis Store  Ontari/span_CONFIRM AND ACKNOWLEDGE_c")): Object: 'Object Repository/PROD-breadcrumb_OR/Page_Ontario Cannabis Store  Ontari/span_CONFIRM AND ACKNOWLEDGE_c' is clicked on

2019-04-30 12:05:56 - [MESSAGE][PASSED] - Object: 'Object Repository/PROD-breadcrumb_OR/Page_Ontario Cannabis Store  Ontari/span_CONFIRM AND ACKNOWLEDGE_c' is clicked on

2019-04-30 12:05:56 - [TEST_STEP][PASSED] - click(findTestObject("Object Repository/PROD-breadcrumb_OR/Page_Ontario Cannabis Store  Ontari/button_CONFIRM")): Object: 'Object Repository/PROD-breadcrumb_OR/Page_Ontario Cannabis Store  Ontari/button_CONFIRM' is clicked on

2019-04-30 12:05:56 - [MESSAGE][PASSED] - Object: 'Object Repository/PROD-breadcrumb_OR/Page_Ontario Cannabis Store  Ontari/button_CONFIRM' is clicked on

2019-04-30 12:05:56 - [TEST_STEP][PASSED] - click(findTestObject("Object Repository/PROD-breadcrumb_OR/Page_Ontario Cannabis Store  Ontari/button_Start Browsing")): Object: 'Object Repository/PROD-breadcrumb_OR/Page_Ontario Cannabis Store  Ontari/button_Start Browsing' is clicked on

2019-04-30 12:05:56 - [MESSAGE][PASSED] - Object: 'Object Repository/PROD-breadcrumb_OR/Page_Ontario Cannabis Store  Ontari/button_Start Browsing' is clicked on

2019-04-30 12:05:56 - [TEST_STEP][PASSED] - mouseOver(findTestObject("PROD-breadcrumb_OR/Page_Ontario Cannabis Store  Ontari/h3_Cannabis")): Object: 'Object Repository/PROD-breadcrumb_OR/Page_Ontario Cannabis Store  Ontari/h3_Cannabis' is hovered

2019-04-30 12:05:56 - [MESSAGE][PASSED] - Object: 'Object Repository/PROD-breadcrumb_OR/Page_Ontario Cannabis Store  Ontari/h3_Cannabis' is hovered

2019-04-30 12:05:56 - [TEST_STEP][PASSED] - click(findTestObject("Object Repository/PROD-breadcrumb_OR/Page_Ontario Cannabis Store  Ontari/span_Indica Dominant")): Object: 'Object Repository/PROD-breadcrumb_OR/Page_Ontario Cannabis Store  Ontari/span_Indica Dominant' is clicked on

2019-04-30 12:05:58 - [MESSAGE][PASSED] - Object: 'Object Repository/PROD-breadcrumb_OR/Page_Ontario Cannabis Store  Ontari/span_Indica Dominant' is clicked on

2019-04-30 12:05:58 - [TEST_STEP][PASSED] - delay(3): Delayed 3 second(s)

2019-04-30 12:06:01 - [MESSAGE][PASSED] - Delayed 3 second(s)

2019-04-30 12:06:01 - [TEST_STEP][PASSED] - click(findTestObject("PROD-breadcrumb_OR/Page_Indica Dominant Dried Flower/h3_Shishkaberry")): Object: 'Object Repository/PROD-breadcrumb_OR/Page_Indica Dominant Dried Flower/h3_Shishkaberry' is clicked on

2019-04-30 12:06:02 - [MESSAGE][PASSED] - Object: 'Object Repository/PROD-breadcrumb_OR/Page_Indica Dominant Dried Flower/h3_Shishkaberry' is clicked on

2019-04-30 12:06:02 - [TEST_STEP][PASSED] - click(findTestObject("PROD-breadcrumb_OR/Page_Shishkaberry  Ontario Cannabis/a_Shishkaberry")): Object: 'Object Repository/PROD-breadcrumb_OR/Page_Shishkaberry  Ontario Cannabis/a_Shishkaberry' is clicked on

2019-04-30 12:06:04 - [MESSAGE][PASSED] - Object: 'Object Repository/PROD-breadcrumb_OR/Page_Shishkaberry  Ontario Cannabis/a_Shishkaberry' is clicked on

2019-04-30 12:06:04 - [TEST_STEP][PASSED] - click(findTestObject("Object Repository/PROD-breadcrumb_OR/Page_Shishkaberry  Ontario Cannabis/a_Dried Flower")): Object: 'Object Repository/PROD-breadcrumb_OR/Page_Shishkaberry  Ontario Cannabis/a_Dried Flower' is clicked on

2019-04-30 12:06:05 - [MESSAGE][PASSED] - Object: 'Object Repository/PROD-breadcrumb_OR/Page_Shishkaberry  Ontario Cannabis/a_Dried Flower' is clicked on

2019-04-30 12:06:05 - [TEST_STEP][PASSED] - b = getWindowTitle(): Current window's title is: 'Dried Flower | Ontario Cannabis Store'

2019-04-30 12:06:05 - [MESSAGE][PASSED] - Current window's title is: 'Dried Flower | Ontario Cannabis Store'

2019-04-30 12:06:05 - [TEST_STEP][PASSED] - comment(" b= " + b):  b= Dried Flower | Ontario Cannabis Store

2019-04-30 12:06:05 - [MESSAGE][INFO] -  b= Dried Flower | Ontario Cannabis Store

2019-04-30 12:06:05 - [TEST_STEP][PASSED] - assert getWindowTitle() == b: Current window's title is: 'Dried Flower | Ontario Cannabis Store'

2019-04-30 12:06:05 - [MESSAGE][PASSED] - Current window's title is: 'Dried Flower | Ontario Cannabis Store'

2019-04-30 12:06:05 - [TEST_STEP][PASSED] - click(findTestObject("Object Repository/PROD-breadcrumb_OR/Page_Dried Flower  Ontario Cannabis/a_Cannabis")): Object: 'Object Repository/PROD-breadcrumb_OR/Page_Dried Flower  Ontario Cannabis/a_Cannabis' is clicked on

2019-04-30 12:06:07 - [MESSAGE][PASSED] - Object: 'Object Repository/PROD-breadcrumb_OR/Page_Dried Flower  Ontario Cannabis/a_Cannabis' is clicked on

2019-04-30 12:06:07 - [TEST_STEP][PASSED] - c = getWindowTitle(): Current window's title is: 'All Cannabis Products | Ontario Cannabis Store'

2019-04-30 12:06:07 - [MESSAGE][PASSED] - Current window's title is: 'All Cannabis Products | Ontario Cannabis Store'

2019-04-30 12:06:07 - [TEST_STEP][PASSED] - comment(" c= " + c):  c= All Cannabis Products | Ontario Cannabis Store

2019-04-30 12:06:07 - [MESSAGE][INFO] -  c= All Cannabis Products | Ontario Cannabis Store

2019-04-30 12:06:07 - [TEST_STEP][PASSED] - assert getWindowTitle() == c: Current window's title is: 'All Cannabis Products | Ontario Cannabis Store'

2019-04-30 12:06:07 - [MESSAGE][PASSED] - Current window's title is: 'All Cannabis Products | Ontario Cannabis Store'

2019-04-30 12:06:07 - [TEST_STEP][PASSED] - click(findTestObject("Object Repository/PROD-breadcrumb_OR/Page_All Cannabis Products  Ontario/a_Home")): Object: 'Object Repository/PROD-breadcrumb_OR/Page_All Cannabis Products  Ontario/a_Home' is clicked on

2019-04-30 12:06:10 - [MESSAGE][PASSED] - Object: 'Object Repository/PROD-breadcrumb_OR/Page_All Cannabis Products  Ontario/a_Home' is clicked on

2019-04-30 12:06:10 - [TEST_STEP][PASSED] - a = getWindowTitle(): Current window's title is: 'Ontario Cannabis Store | Ontario Cannabis Store'

2019-04-30 12:06:10 - [MESSAGE][PASSED] - Current window's title is: 'Ontario Cannabis Store | Ontario Cannabis Store'

2019-04-30 12:06:10 - [TEST_STEP][PASSED] - comment(" a= " + a):  a= Ontario Cannabis Store | Ontario Cannabis Store

2019-04-30 12:06:10 - [MESSAGE][INFO] -  a= Ontario Cannabis Store | Ontario Cannabis Store

2019-04-30 12:06:10 - [TEST_STEP][PASSED] - assert getWindowTitle() == a: Current window's title is: 'Ontario Cannabis Store | Ontario Cannabis Store'

2019-04-30 12:06:10 - [MESSAGE][PASSED] - Current window's title is: 'Ontario Cannabis Store | Ontario Cannabis Store']]></system-out>
         <system-err><![CDATA[]]></system-err>
      </testcase>
      <testcase name="Test Cases/OCS- PRODUCT PAGE/Price" classname="Test Cases/OCS- PRODUCT PAGE/Price" status="PASSED">
         <system-out><![CDATA[2019-04-30 12:06:10 - [TEST_CASE][PASSED] - Test Cases/OCS- PRODUCT PAGE/Price: Test Cases/OCS- PRODUCT PAGE/Price

2019-04-30 12:06:10 - [TEST_STEP][PASSED] - openBrowser(""): Browser is opened with url: ''

2019-04-30 12:06:10 - [MESSAGE][WARNING] - A browser is already opened. Closing browser and opening a new one

2019-04-30 12:06:10 - [MESSAGE][INFO] - Starting 'Chrome (headless)' driver

2019-04-30 12:06:10 - [MESSAGE][PASSED] - Browser is opened with url: ''

2019-04-30 12:06:10 - [TEST_STEP][PASSED] - navigateToUrl("http://ocs.ca/#/verify-age"): Navigate to 'http://ocs.ca/#/verify-age' successfully

2019-04-30 12:06:12 - [MESSAGE][PASSED] - Navigate to 'http://ocs.ca/#/verify-age' successfully

2019-04-30 12:06:12 - [TEST_STEP][PASSED] - maximizeWindow(): Current window maximized

2019-04-30 12:06:12 - [MESSAGE][PASSED] - Current window maximized

2019-04-30 12:06:12 - [TEST_STEP][PASSED] - selectOptionByValue(findTestObject("Object Repository/PROD-breadcrumb_OR/Page_Ontario Cannabis Store  Ontari/select_Select01020304050607080"), "1", true): All options with value '1' are selected in object 'Object Repository/PROD-breadcrumb_OR/Page_Ontario Cannabis Store  Ontari/select_Select01020304050607080'  using regular expression

2019-04-30 12:06:12 - [MESSAGE][PASSED] - All options with value '1' are selected in object 'Object Repository/PROD-breadcrumb_OR/Page_Ontario Cannabis Store  Ontari/select_Select01020304050607080'  using regular expression

2019-04-30 12:06:12 - [TEST_STEP][PASSED] - selectOptionByValue(findTestObject("Object Repository/PROD-breadcrumb_OR/Page_Ontario Cannabis Store  Ontari/select_SelectJanuary - 01Febru"), "0", true): All options with value '0' are selected in object 'Object Repository/PROD-breadcrumb_OR/Page_Ontario Cannabis Store  Ontari/select_SelectJanuary - 01Febru'  using regular expression

2019-04-30 12:06:13 - [MESSAGE][PASSED] - All options with value '0' are selected in object 'Object Repository/PROD-breadcrumb_OR/Page_Ontario Cannabis Store  Ontari/select_SelectJanuary - 01Febru'  using regular expression

2019-04-30 12:06:13 - [TEST_STEP][PASSED] - selectOptionByValue(findTestObject("Object Repository/PROD-breadcrumb_OR/Page_Ontario Cannabis Store  Ontari/select_Select20182017201620152"), "1968", true): All options with value '1968' are selected in object 'Object Repository/PROD-breadcrumb_OR/Page_Ontario Cannabis Store  Ontari/select_Select20182017201620152'  using regular expression

2019-04-30 12:06:14 - [MESSAGE][PASSED] - All options with value '1968' are selected in object 'Object Repository/PROD-breadcrumb_OR/Page_Ontario Cannabis Store  Ontari/select_Select20182017201620152'  using regular expression

2019-04-30 12:06:14 - [TEST_STEP][PASSED] - click(findTestObject("Object Repository/PROD-breadcrumb_OR/Page_Ontario Cannabis Store  Ontari/button_Verify")): Object: 'Object Repository/PROD-breadcrumb_OR/Page_Ontario Cannabis Store  Ontari/button_Verify' is clicked on

2019-04-30 12:06:14 - [MESSAGE][PASSED] - Object: 'Object Repository/PROD-breadcrumb_OR/Page_Ontario Cannabis Store  Ontari/button_Verify' is clicked on

2019-04-30 12:06:14 - [TEST_STEP][PASSED] - click(findTestObject("Object Repository/PROD-breadcrumb_OR/Page_Ontario Cannabis Store  Ontari/span_CONFIRM AND ACKNOWLEDGE_c")): Object: 'Object Repository/PROD-breadcrumb_OR/Page_Ontario Cannabis Store  Ontari/span_CONFIRM AND ACKNOWLEDGE_c' is clicked on

2019-04-30 12:06:14 - [MESSAGE][PASSED] - Object: 'Object Repository/PROD-breadcrumb_OR/Page_Ontario Cannabis Store  Ontari/span_CONFIRM AND ACKNOWLEDGE_c' is clicked on

2019-04-30 12:06:14 - [TEST_STEP][PASSED] - click(findTestObject("Object Repository/PROD-breadcrumb_OR/Page_Ontario Cannabis Store  Ontari/button_CONFIRM")): Object: 'Object Repository/PROD-breadcrumb_OR/Page_Ontario Cannabis Store  Ontari/button_CONFIRM' is clicked on

2019-04-30 12:06:14 - [MESSAGE][PASSED] - Object: 'Object Repository/PROD-breadcrumb_OR/Page_Ontario Cannabis Store  Ontari/button_CONFIRM' is clicked on

2019-04-30 12:06:14 - [TEST_STEP][PASSED] - click(findTestObject("Object Repository/PROD-breadcrumb_OR/Page_Ontario Cannabis Store  Ontari/button_Start Browsing")): Object: 'Object Repository/PROD-breadcrumb_OR/Page_Ontario Cannabis Store  Ontari/button_Start Browsing' is clicked on

2019-04-30 12:06:14 - [MESSAGE][PASSED] - Object: 'Object Repository/PROD-breadcrumb_OR/Page_Ontario Cannabis Store  Ontari/button_Start Browsing' is clicked on

2019-04-30 12:06:14 - [TEST_STEP][PASSED] - mouseOver(findTestObject("PROD-breadcrumb_OR/Page_Ontario Cannabis Store  Ontari/h3_Cannabis")): Object: 'Object Repository/PROD-breadcrumb_OR/Page_Ontario Cannabis Store  Ontari/h3_Cannabis' is hovered

2019-04-30 12:06:14 - [MESSAGE][PASSED] - Object: 'Object Repository/PROD-breadcrumb_OR/Page_Ontario Cannabis Store  Ontari/h3_Cannabis' is hovered

2019-04-30 12:06:14 - [TEST_STEP][PASSED] - click(findTestObject("PROD-breadcrumb_OR/Page_Ontario Cannabis Store  Ontari/span_Indica Dominant")): Object: 'Object Repository/PROD-breadcrumb_OR/Page_Ontario Cannabis Store  Ontari/span_Indica Dominant' is clicked on

2019-04-30 12:06:17 - [MESSAGE][PASSED] - Object: 'Object Repository/PROD-breadcrumb_OR/Page_Ontario Cannabis Store  Ontari/span_Indica Dominant' is clicked on

2019-04-30 12:06:17 - [TEST_STEP][PASSED] - delay(3): Delayed 3 second(s)

2019-04-30 12:06:20 - [MESSAGE][PASSED] - Delayed 3 second(s)

2019-04-30 12:06:20 - [TEST_STEP][PASSED] - click(findTestObject("PROD-breadcrumb_OR/Page_Indica Dominant Dried Flower/h3_Shishkaberry")): Object: 'Object Repository/PROD-breadcrumb_OR/Page_Indica Dominant Dried Flower/h3_Shishkaberry' is clicked on

2019-04-30 12:06:24 - [MESSAGE][PASSED] - Object: 'Object Repository/PROD-breadcrumb_OR/Page_Indica Dominant Dried Flower/h3_Shishkaberry' is clicked on

2019-04-30 12:06:24 - [TEST_STEP][NOT_RUN] - click(findTestObject("PROD-breadcrumb_OR/Page_Shishkaberry  Ontario Cannabis/a_Shishkaberry")): NOT_RUN: click(findTestObject("PROD-breadcrumb_OR/Page_Shishkaberry  Ontario Cannabis/a_Shishkaberry"))

2019-04-30 12:06:24 - [MESSAGE][NOT_RUN] - NOT_RUN: click(findTestObject("PROD-breadcrumb_OR/Page_Shishkaberry  Ontario Cannabis/a_Shishkaberry"))

2019-04-30 12:06:24 - [TEST_STEP][NOT_RUN] - click(findTestObject("Object Repository/PROD-breadcrumb_OR/Page_Shishkaberry  Ontario Cannabis/a_Dried Flower")): NOT_RUN: click(findTestObject("Object Repository/PROD-breadcrumb_OR/Page_Shishkaberry  Ontario Cannabis/a_Dried Flower"))

2019-04-30 12:06:24 - [MESSAGE][NOT_RUN] - NOT_RUN: click(findTestObject("Object Repository/PROD-breadcrumb_OR/Page_Shishkaberry  Ontario Cannabis/a_Dried Flower"))

2019-04-30 12:06:24 - [TEST_STEP][NOT_RUN] - click(findTestObject("Object Repository/PROD-breadcrumb_OR/Page_Dried Flower  Ontario Cannabis/a_Cannabis")): NOT_RUN: click(findTestObject("Object Repository/PROD-breadcrumb_OR/Page_Dried Flower  Ontario Cannabis/a_Cannabis"))

2019-04-30 12:06:24 - [MESSAGE][NOT_RUN] - NOT_RUN: click(findTestObject("Object Repository/PROD-breadcrumb_OR/Page_Dried Flower  Ontario Cannabis/a_Cannabis"))

2019-04-30 12:06:24 - [TEST_STEP][NOT_RUN] - click(findTestObject("Object Repository/PROD-breadcrumb_OR/Page_All Cannabis Products  Ontario/a_Home")): NOT_RUN: click(findTestObject("Object Repository/PROD-breadcrumb_OR/Page_All Cannabis Products  Ontario/a_Home"))

2019-04-30 12:06:24 - [MESSAGE][NOT_RUN] - NOT_RUN: click(findTestObject("Object Repository/PROD-breadcrumb_OR/Page_All Cannabis Products  Ontario/a_Home"))

2019-04-30 12:06:24 - [TEST_STEP][PASSED] - click(findTestObject("price_OR/Page_Shishkaberry  Ontario Cannabis/label_1g")): Object: 'Object Repository/price_OR/Page_Shishkaberry  Ontario Cannabis/label_1g' is clicked on

2019-04-30 12:06:24 - [MESSAGE][PASSED] - Object: 'Object Repository/price_OR/Page_Shishkaberry  Ontario Cannabis/label_1g' is clicked on

2019-04-30 12:06:24 - [TEST_STEP][PASSED] - click(findTestObject("price_OR/Page_Shishkaberry  Ontario Cannabis/label_3.5g")): Object: 'Object Repository/price_OR/Page_Shishkaberry  Ontario Cannabis/label_3.5g' is clicked on

2019-04-30 12:06:24 - [MESSAGE][PASSED] - Object: 'Object Repository/price_OR/Page_Shishkaberry  Ontario Cannabis/label_3.5g' is clicked on

2019-04-30 12:06:24 - [TEST_STEP][PASSED] - a = getText(findTestObject("price_OR/Page_Shishkaberry  Ontario Cannabis/span_9.75")): Text of object 'Object Repository/price_OR/Page_Shishkaberry  Ontario Cannabis/span_9.75' is: '$9.75'

2019-04-30 12:06:24 - [MESSAGE][PASSED] - Text of object 'Object Repository/price_OR/Page_Shishkaberry  Ontario Cannabis/span_9.75' is: '$9.75'

2019-04-30 12:06:24 - [TEST_STEP][PASSED] - comment("a =" + a): a =$9.75

2019-04-30 12:06:24 - [MESSAGE][INFO] - a =$9.75

2019-04-30 12:06:24 - [TEST_STEP][PASSED] - b = a.substring(1): null

2019-04-30 12:06:24 - [TEST_STEP][PASSED] - comment("b =" + b): b =9.75

2019-04-30 12:06:24 - [MESSAGE][INFO] - b =9.75

2019-04-30 12:06:24 - [TEST_STEP][PASSED] - c = getText(findTestObject("price_OR/Page_Shishkaberry  Ontario Cannabis/span_32.40"), STOP_ON_FAILURE): Text of object 'Object Repository/price_OR/Page_Shishkaberry  Ontario Cannabis/span_32.40' is: '$32.40'

2019-04-30 12:06:24 - [MESSAGE][PASSED] - Text of object 'Object Repository/price_OR/Page_Shishkaberry  Ontario Cannabis/span_32.40' is: '$32.40'

2019-04-30 12:06:24 - [TEST_STEP][PASSED] - comment("c =" + c): c =$32.40

2019-04-30 12:06:24 - [MESSAGE][INFO] - c =$32.40

2019-04-30 12:06:24 - [TEST_STEP][PASSED] - d = c.substring(1): null

2019-04-30 12:06:24 - [TEST_STEP][PASSED] - comment("d =" + d): d =32.40

2019-04-30 12:06:24 - [MESSAGE][INFO] - d =32.40

2019-04-30 12:06:24 - [TEST_STEP][PASSED] - closeBrowser(): Browser is closed

2019-04-30 12:06:24 - [MESSAGE][PASSED] - Browser is closed]]></system-out>
         <system-err><![CDATA[]]></system-err>
      </testcase>
      <testcase name="Test Cases/OCS- PRODUCT PAGE/Moreitems to consider" classname="Test Cases/OCS- PRODUCT PAGE/Moreitems to consider" status="FAILED">
         <failure type="FAILED" message="Test Cases/OCS- PRODUCT PAGE/Moreitems to consider FAILED.
Reason:
com.kms.katalon.core.exception.StepFailedException: Unable to click on object 'Object Repository/More items _OR/Page_Shishkaberry  Ontario Cannabis/img' (Root cause: org.openqa.selenium.ElementNotVisibleException: element not interactable
  (Session info: headless chrome=74.0.3729.108)
  (Driver info: chromedriver=2.43.600229 (3fae4d0cda5334b4f533bede5a4787f7b832d052),platform=Mac OS X 10.13.6 x86_64) (WARNING: The server did not provide any stacktrace information)
Command duration or timeout: 0 milliseconds
Build info: version: '3.7.1', revision: '8a0099a', time: '2017-11-06T21:07:36.161Z'
System info: host: 'sumans-MacBook-Pro.local', ip: 'fe80:0:0:0:1857:8f59:183b:9f0b%en0', os.name: 'Mac OS X', os.arch: 'x86_64', os.version: '10.13.6', java.version: '1.8.0_181'
Driver info: com.kms.katalon.selenium.driver.CChromeDriver
Capabilities {acceptInsecureCerts: false, acceptSslCerts: false, applicationCacheEnabled: false, browserConnectionEnabled: false, browserName: chrome, chrome: {chromedriverVersion: 2.43.600229 (3fae4d0cda5334..., userDataDir: /var/folders/1t/c55l8xzs6gq...}, cssSelectorsEnabled: true, databaseEnabled: false, goog:chromeOptions: {debuggerAddress: localhost:56338}, handlesAlerts: true, hasTouchScreen: false, javascriptEnabled: true, locationContextEnabled: true, mobileEmulationEnabled: false, nativeEvents: true, networkConnectionEnabled: false, pageLoadStrategy: normal, platform: MAC, platformName: MAC, rotatable: false, setWindowRect: true, takesHeapSnapshot: true, takesScreenshot: true, unexpectedAlertBehaviour: , unhandledPromptBehavior: , version: 74.0.3729.108, webStorageEnabled: true}
Session ID: dcdf117b61e9587b34836eeadcc671af)
	at com.kms.katalon.core.keyword.internal.KeywordMain.stepFailed(KeywordMain.groovy:36)
	at com.kms.katalon.core.webui.keyword.internal.WebUIKeywordMain.stepFailed(WebUIKeywordMain.groovy:65)
	at com.kms.katalon.core.webui.keyword.internal.WebUIKeywordMain.runKeyword(WebUIKeywordMain.groovy:27)
	at com.kms.katalon.core.webui.keyword.builtin.ClickKeyword.click(ClickKeyword.groovy:86)
	at com.kms.katalon.core.webui.keyword.builtin.ClickKeyword.execute(ClickKeyword.groovy:67)
	at com.kms.katalon.core.keyword.internal.KeywordExecutor.executeKeywordForPlatform(KeywordExecutor.groovy:53)
	at com.kms.katalon.core.webui.keyword.WebUiBuiltInKeywords.click(WebUiBuiltInKeywords.groovy:616)
	at com.kms.katalon.core.webui.keyword.WebUiBuiltInKeywords$click$3.call(Unknown Source)
	at Moreitems to consider.run(Moreitems to consider:73)
	at com.kms.katalon.core.main.ScriptEngine.run(ScriptEngine.java:194)
	at com.kms.katalon.core.main.ScriptEngine.runScriptAsRawText(ScriptEngine.java:119)
	at com.kms.katalon.core.main.TestCaseExecutor.runScript(TestCaseExecutor.java:328)
	at com.kms.katalon.core.main.TestCaseExecutor.doExecute(TestCaseExecutor.java:319)
	at com.kms.katalon.core.main.TestCaseExecutor.processExecutionPhase(TestCaseExecutor.java:298)
	at com.kms.katalon.core.main.TestCaseExecutor.accessMainPhase(TestCaseExecutor.java:290)
	at com.kms.katalon.core.main.TestCaseExecutor.execute(TestCaseExecutor.java:224)
	at com.kms.katalon.core.main.TestSuiteExecutor.accessTestCaseMainPhase(TestSuiteExecutor.java:129)
	at com.kms.katalon.core.main.TestSuiteExecutor.accessTestSuiteMainPhase(TestSuiteExecutor.java:112)
	at com.kms.katalon.core.main.TestSuiteExecutor.execute(TestSuiteExecutor.java:81)
	at com.kms.katalon.core.main.TestCaseMain.startTestSuite(TestCaseMain.java:149)
	at com.kms.katalon.core.main.TestCaseMain$startTestSuite$0.call(Unknown Source)
	at TempTestSuite1556640254199.run(TempTestSuite1556640254199.groovy:36)
"/>
         <system-out><![CDATA[2019-04-30 12:06:24 - [TEST_CASE][FAILED] - Test Cases/OCS- PRODUCT PAGE/Moreitems to consider: Test Cases/OCS- PRODUCT PAGE/Moreitems to consider FAILED.
Reason:
com.kms.katalon.core.exception.StepFailedException: Unable to click on object 'Object Repository/More items _OR/Page_Shishkaberry  Ontario Cannabis/img' (Root cause: org.openqa.selenium.ElementNotVisibleException: element not interactable
  (Session info: headless chrome=74.0.3729.108)
  (Driver info: chromedriver=2.43.600229 (3fae4d0cda5334b4f533bede5a4787f7b832d052),platform=Mac OS X 10.13.6 x86_64) (WARNING: The server did not provide any stacktrace information)
Command duration or timeout: 0 milliseconds
Build info: version: '3.7.1', revision: '8a0099a', time: '2017-11-06T21:07:36.161Z'
System info: host: 'sumans-MacBook-Pro.local', ip: 'fe80:0:0:0:1857:8f59:183b:9f0b%en0', os.name: 'Mac OS X', os.arch: 'x86_64', os.version: '10.13.6', java.version: '1.8.0_181'
Driver info: com.kms.katalon.selenium.driver.CChromeDriver
Capabilities {acceptInsecureCerts: false, acceptSslCerts: false, applicationCacheEnabled: false, browserConnectionEnabled: false, browserName: chrome, chrome: {chromedriverVersion: 2.43.600229 (3fae4d0cda5334..., userDataDir: /var/folders/1t/c55l8xzs6gq...}, cssSelectorsEnabled: true, databaseEnabled: false, goog:chromeOptions: {debuggerAddress: localhost:56338}, handlesAlerts: true, hasTouchScreen: false, javascriptEnabled: true, locationContextEnabled: true, mobileEmulationEnabled: false, nativeEvents: true, networkConnectionEnabled: false, pageLoadStrategy: normal, platform: MAC, platformName: MAC, rotatable: false, setWindowRect: true, takesHeapSnapshot: true, takesScreenshot: true, unexpectedAlertBehaviour: , unhandledPromptBehavior: , version: 74.0.3729.108, webStorageEnabled: true}
Session ID: dcdf117b61e9587b34836eeadcc671af)
	at com.kms.katalon.core.keyword.internal.KeywordMain.stepFailed(KeywordMain.groovy:36)
	at com.kms.katalon.core.webui.keyword.internal.WebUIKeywordMain.stepFailed(WebUIKeywordMain.groovy:65)
	at com.kms.katalon.core.webui.keyword.internal.WebUIKeywordMain.runKeyword(WebUIKeywordMain.groovy:27)
	at com.kms.katalon.core.webui.keyword.builtin.ClickKeyword.click(ClickKeyword.groovy:86)
	at com.kms.katalon.core.webui.keyword.builtin.ClickKeyword.execute(ClickKeyword.groovy:67)
	at com.kms.katalon.core.keyword.internal.KeywordExecutor.executeKeywordForPlatform(KeywordExecutor.groovy:53)
	at com.kms.katalon.core.webui.keyword.WebUiBuiltInKeywords.click(WebUiBuiltInKeywords.groovy:616)
	at com.kms.katalon.core.webui.keyword.WebUiBuiltInKeywords$click$3.call(Unknown Source)
	at Moreitems to consider.run(Moreitems to consider:73)
	at com.kms.katalon.core.main.ScriptEngine.run(ScriptEngine.java:194)
	at com.kms.katalon.core.main.ScriptEngine.runScriptAsRawText(ScriptEngine.java:119)
	at com.kms.katalon.core.main.TestCaseExecutor.runScript(TestCaseExecutor.java:328)
	at com.kms.katalon.core.main.TestCaseExecutor.doExecute(TestCaseExecutor.java:319)
	at com.kms.katalon.core.main.TestCaseExecutor.processExecutionPhase(TestCaseExecutor.java:298)
	at com.kms.katalon.core.main.TestCaseExecutor.accessMainPhase(TestCaseExecutor.java:290)
	at com.kms.katalon.core.main.TestCaseExecutor.execute(TestCaseExecutor.java:224)
	at com.kms.katalon.core.main.TestSuiteExecutor.accessTestCaseMainPhase(TestSuiteExecutor.java:129)
	at com.kms.katalon.core.main.TestSuiteExecutor.accessTestSuiteMainPhase(TestSuiteExecutor.java:112)
	at com.kms.katalon.core.main.TestSuiteExecutor.execute(TestSuiteExecutor.java:81)
	at com.kms.katalon.core.main.TestCaseMain.startTestSuite(TestCaseMain.java:149)
	at com.kms.katalon.core.main.TestCaseMain$startTestSuite$0.call(Unknown Source)
	at TempTestSuite1556640254199.run(TempTestSuite1556640254199.groovy:36)


2019-04-30 12:06:24 - [TEST_STEP][PASSED] - openBrowser(""): Browser is opened with url: ''

2019-04-30 12:06:24 - [MESSAGE][INFO] - Starting 'Chrome (headless)' driver

2019-04-30 12:06:25 - [MESSAGE][PASSED] - Browser is opened with url: ''

2019-04-30 12:06:25 - [TEST_STEP][PASSED] - navigateToUrl("https://ocs.ca/#/verify-age"): Navigate to 'https://ocs.ca/#/verify-age' successfully

2019-04-30 12:06:29 - [MESSAGE][PASSED] - Navigate to 'https://ocs.ca/#/verify-age' successfully

2019-04-30 12:06:29 - [TEST_STEP][PASSED] - maximizeWindow(): Current window maximized

2019-04-30 12:06:29 - [MESSAGE][PASSED] - Current window maximized

2019-04-30 12:06:29 - [TEST_STEP][PASSED] - selectOptionByValue(findTestObject("Object Repository/More items _OR/Page_Ontario Cannabis Store  Ontari/select_Select01020304050607080"), "18", true): All options with value '18' are selected in object 'Object Repository/More items _OR/Page_Ontario Cannabis Store  Ontari/select_Select01020304050607080'  using regular expression

2019-04-30 12:06:29 - [MESSAGE][PASSED] - All options with value '18' are selected in object 'Object Repository/More items _OR/Page_Ontario Cannabis Store  Ontari/select_Select01020304050607080'  using regular expression

2019-04-30 12:06:29 - [TEST_STEP][PASSED] - selectOptionByValue(findTestObject("Object Repository/More items _OR/Page_Ontario Cannabis Store  Ontari/select_SelectJanuary - 01Febru"), "9", true): All options with value '9' are selected in object 'Object Repository/More items _OR/Page_Ontario Cannabis Store  Ontari/select_SelectJanuary - 01Febru'  using regular expression

2019-04-30 12:06:29 - [MESSAGE][PASSED] - All options with value '9' are selected in object 'Object Repository/More items _OR/Page_Ontario Cannabis Store  Ontari/select_SelectJanuary - 01Febru'  using regular expression

2019-04-30 12:06:29 - [TEST_STEP][PASSED] - selectOptionByValue(findTestObject("Object Repository/More items _OR/Page_Ontario Cannabis Store  Ontari/select_Select20182017201620152"), "1949", true): All options with value '1949' are selected in object 'Object Repository/More items _OR/Page_Ontario Cannabis Store  Ontari/select_Select20182017201620152'  using regular expression

2019-04-30 12:06:31 - [MESSAGE][PASSED] - All options with value '1949' are selected in object 'Object Repository/More items _OR/Page_Ontario Cannabis Store  Ontari/select_Select20182017201620152'  using regular expression

2019-04-30 12:06:31 - [TEST_STEP][PASSED] - click(findTestObject("Object Repository/More items _OR/Page_Ontario Cannabis Store  Ontari/button_Verify")): Object: 'Object Repository/More items _OR/Page_Ontario Cannabis Store  Ontari/button_Verify' is clicked on

2019-04-30 12:06:31 - [MESSAGE][PASSED] - Object: 'Object Repository/More items _OR/Page_Ontario Cannabis Store  Ontari/button_Verify' is clicked on

2019-04-30 12:06:31 - [TEST_STEP][PASSED] - click(findTestObject("Object Repository/More items _OR/Page_Ontario Cannabis Store  Ontari/span_CONFIRM AND ACKNOWLEDGE_c")): Object: 'Object Repository/More items _OR/Page_Ontario Cannabis Store  Ontari/span_CONFIRM AND ACKNOWLEDGE_c' is clicked on

2019-04-30 12:06:31 - [MESSAGE][PASSED] - Object: 'Object Repository/More items _OR/Page_Ontario Cannabis Store  Ontari/span_CONFIRM AND ACKNOWLEDGE_c' is clicked on

2019-04-30 12:06:31 - [TEST_STEP][PASSED] - click(findTestObject("Object Repository/More items _OR/Page_Ontario Cannabis Store  Ontari/button_CONFIRM")): Object: 'Object Repository/More items _OR/Page_Ontario Cannabis Store  Ontari/button_CONFIRM' is clicked on

2019-04-30 12:06:31 - [MESSAGE][PASSED] - Object: 'Object Repository/More items _OR/Page_Ontario Cannabis Store  Ontari/button_CONFIRM' is clicked on

2019-04-30 12:06:31 - [TEST_STEP][PASSED] - click(findTestObject("Object Repository/More items _OR/Page_Ontario Cannabis Store  Ontari/button_Start Browsing")): Object: 'Object Repository/More items _OR/Page_Ontario Cannabis Store  Ontari/button_Start Browsing' is clicked on

2019-04-30 12:06:31 - [MESSAGE][PASSED] - Object: 'Object Repository/More items _OR/Page_Ontario Cannabis Store  Ontari/button_Start Browsing' is clicked on

2019-04-30 12:06:31 - [TEST_STEP][PASSED] - delay(3): Delayed 3 second(s)

2019-04-30 12:06:34 - [MESSAGE][PASSED] - Delayed 3 second(s)

2019-04-30 12:06:34 - [TEST_STEP][PASSED] - click(findTestObject("Object Repository/Show all accessories_OR/Page_Ontario Cannabis Store  Ontari/h3_Cannabis")): Object: 'Object Repository/Show all accessories_OR/Page_Ontario Cannabis Store  Ontari/h3_Cannabis' is clicked on

2019-04-30 12:06:34 - [MESSAGE][PASSED] - Object: 'Object Repository/Show all accessories_OR/Page_Ontario Cannabis Store  Ontari/h3_Cannabis' is clicked on

2019-04-30 12:06:34 - [TEST_STEP][PASSED] - delay(3): Delayed 3 second(s)

2019-04-30 12:06:37 - [MESSAGE][PASSED] - Delayed 3 second(s)

2019-04-30 12:06:37 - [TEST_STEP][PASSED] - click(findTestObject("Object Repository/More items _OR/Page_Ontario Cannabis Store  Ontari/span_Indica Dominant")): Object: 'Object Repository/More items _OR/Page_Ontario Cannabis Store  Ontari/span_Indica Dominant' is clicked on

2019-04-30 12:06:38 - [MESSAGE][PASSED] - Object: 'Object Repository/More items _OR/Page_Ontario Cannabis Store  Ontari/span_Indica Dominant' is clicked on

2019-04-30 12:06:38 - [TEST_STEP][PASSED] - delay(3): Delayed 3 second(s)

2019-04-30 12:06:41 - [MESSAGE][PASSED] - Delayed 3 second(s)

2019-04-30 12:06:41 - [TEST_STEP][PASSED] - delay(2): Delayed 2 second(s)

2019-04-30 12:06:43 - [MESSAGE][PASSED] - Delayed 2 second(s)

2019-04-30 12:06:43 - [TEST_STEP][PASSED] - click(findTestObject("More items _OR/Page_Indica Dominant Dried Flower/h3_Shishkaberry")): Object: 'Object Repository/More items _OR/Page_Indica Dominant Dried Flower/h3_Shishkaberry' is clicked on

2019-04-30 12:06:46 - [MESSAGE][PASSED] - Object: 'Object Repository/More items _OR/Page_Indica Dominant Dried Flower/h3_Shishkaberry' is clicked on

2019-04-30 12:06:46 - [TEST_STEP][PASSED] - delay(2): Delayed 2 second(s)

2019-04-30 12:06:48 - [MESSAGE][PASSED] - Delayed 2 second(s)

2019-04-30 12:06:48 - [TEST_STEP][PASSED] - click(findTestObject("Object Repository/More items _OR/Page_Shishkaberry  Ontario Cannabis/li_Vaporizers")): Object: 'Object Repository/More items _OR/Page_Shishkaberry  Ontario Cannabis/li_Vaporizers' is clicked on

2019-04-30 12:06:48 - [MESSAGE][PASSED] - Object: 'Object Repository/More items _OR/Page_Shishkaberry  Ontario Cannabis/li_Vaporizers' is clicked on

2019-04-30 12:06:48 - [TEST_STEP][PASSED] - click(findTestObject("Object Repository/More items _OR/Page_Shishkaberry  Ontario Cannabis/li_Papers  Filters")): Object: 'Object Repository/More items _OR/Page_Shishkaberry  Ontario Cannabis/li_Papers  Filters' is clicked on

2019-04-30 12:06:48 - [MESSAGE][PASSED] - Object: 'Object Repository/More items _OR/Page_Shishkaberry  Ontario Cannabis/li_Papers  Filters' is clicked on

2019-04-30 12:06:48 - [TEST_STEP][PASSED] - click(findTestObject("Object Repository/More items _OR/Page_Shishkaberry  Ontario Cannabis/li_Bongs  Pipes")): Object: 'Object Repository/More items _OR/Page_Shishkaberry  Ontario Cannabis/li_Bongs  Pipes' is clicked on

2019-04-30 12:06:48 - [MESSAGE][PASSED] - Object: 'Object Repository/More items _OR/Page_Shishkaberry  Ontario Cannabis/li_Bongs  Pipes' is clicked on

2019-04-30 12:06:48 - [TEST_STEP][PASSED] - delay(3): Delayed 3 second(s)

2019-04-30 12:06:51 - [MESSAGE][PASSED] - Delayed 3 second(s)

2019-04-30 12:06:51 - [TEST_STEP][PASSED] - click(findTestObject("Object Repository/More items _OR/Page_Shishkaberry  Ontario Cannabis/li_Grinders")): Object: 'Object Repository/More items _OR/Page_Shishkaberry  Ontario Cannabis/li_Grinders' is clicked on

2019-04-30 12:06:51 - [MESSAGE][PASSED] - Object: 'Object Repository/More items _OR/Page_Shishkaberry  Ontario Cannabis/li_Grinders' is clicked on

2019-04-30 12:06:51 - [TEST_STEP][PASSED] - click(findTestObject("Object Repository/More items _OR/Page_Shishkaberry  Ontario Cannabis/i_Bongs  Pipes_icon--back slic")): Object: 'Object Repository/More items _OR/Page_Shishkaberry  Ontario Cannabis/i_Bongs  Pipes_icon--back slic' is clicked on

2019-04-30 12:06:51 - [MESSAGE][PASSED] - Object: 'Object Repository/More items _OR/Page_Shishkaberry  Ontario Cannabis/i_Bongs  Pipes_icon--back slic' is clicked on

2019-04-30 12:06:51 - [TEST_STEP][PASSED] - click(findTestObject("Object Repository/More items _OR/Page_Shishkaberry  Ontario Cannabis/i_Dot Infinity Grinder Card_ic")): Object: 'Object Repository/More items _OR/Page_Shishkaberry  Ontario Cannabis/i_Dot Infinity Grinder Card_ic' is clicked on

2019-04-30 12:06:51 - [MESSAGE][PASSED] - Object: 'Object Repository/More items _OR/Page_Shishkaberry  Ontario Cannabis/i_Dot Infinity Grinder Card_ic' is clicked on

2019-04-30 12:06:51 - [TEST_STEP][PASSED] - click(findTestObject("Object Repository/More items _OR/Page_Shishkaberry  Ontario Cannabis/i_Dot Infinity Grinder Card_ic")): Object: 'Object Repository/More items _OR/Page_Shishkaberry  Ontario Cannabis/i_Dot Infinity Grinder Card_ic' is clicked on

2019-04-30 12:06:52 - [MESSAGE][PASSED] - Object: 'Object Repository/More items _OR/Page_Shishkaberry  Ontario Cannabis/i_Dot Infinity Grinder Card_ic' is clicked on

2019-04-30 12:06:52 - [TEST_STEP][PASSED] - delay(3): Delayed 3 second(s)

2019-04-30 12:06:55 - [MESSAGE][PASSED] - Delayed 3 second(s)

2019-04-30 12:06:55 - [TEST_STEP][FAILED] - click(findTestObject("More items _OR/Page_Shishkaberry  Ontario Cannabis/img")): click(findTestObject("More items _OR/Page_Shishkaberry  Ontario Cannabis/img")) FAILED.
Reason:
com.kms.katalon.core.exception.StepFailedException: Unable to click on object 'Object Repository/More items _OR/Page_Shishkaberry  Ontario Cannabis/img' (Root cause: org.openqa.selenium.ElementNotVisibleException: element not interactable
  (Session info: headless chrome=74.0.3729.108)
  (Driver info: chromedriver=2.43.600229 (3fae4d0cda5334b4f533bede5a4787f7b832d052),platform=Mac OS X 10.13.6 x86_64) (WARNING: The server did not provide any stacktrace information)
Command duration or timeout: 0 milliseconds
Build info: version: '3.7.1', revision: '8a0099a', time: '2017-11-06T21:07:36.161Z'
System info: host: 'sumans-MacBook-Pro.local', ip: 'fe80:0:0:0:1857:8f59:183b:9f0b%en0', os.name: 'Mac OS X', os.arch: 'x86_64', os.version: '10.13.6', java.version: '1.8.0_181'
Driver info: com.kms.katalon.selenium.driver.CChromeDriver
Capabilities {acceptInsecureCerts: false, acceptSslCerts: false, applicationCacheEnabled: false, browserConnectionEnabled: false, browserName: chrome, chrome: {chromedriverVersion: 2.43.600229 (3fae4d0cda5334..., userDataDir: /var/folders/1t/c55l8xzs6gq...}, cssSelectorsEnabled: true, databaseEnabled: false, goog:chromeOptions: {debuggerAddress: localhost:56338}, handlesAlerts: true, hasTouchScreen: false, javascriptEnabled: true, locationContextEnabled: true, mobileEmulationEnabled: false, nativeEvents: true, networkConnectionEnabled: false, pageLoadStrategy: normal, platform: MAC, platformName: MAC, rotatable: false, setWindowRect: true, takesHeapSnapshot: true, takesScreenshot: true, unexpectedAlertBehaviour: , unhandledPromptBehavior: , version: 74.0.3729.108, webStorageEnabled: true}
Session ID: dcdf117b61e9587b34836eeadcc671af)
	at com.kms.katalon.core.keyword.internal.KeywordMain.stepFailed(KeywordMain.groovy:36)
	at com.kms.katalon.core.webui.keyword.internal.WebUIKeywordMain.stepFailed(WebUIKeywordMain.groovy:65)
	at com.kms.katalon.core.webui.keyword.internal.WebUIKeywordMain.runKeyword(WebUIKeywordMain.groovy:27)
	at com.kms.katalon.core.webui.keyword.builtin.ClickKeyword.click(ClickKeyword.groovy:86)
	at com.kms.katalon.core.webui.keyword.builtin.ClickKeyword.execute(ClickKeyword.groovy:67)
	at com.kms.katalon.core.keyword.internal.KeywordExecutor.executeKeywordForPlatform(KeywordExecutor.groovy:53)
	at com.kms.katalon.core.webui.keyword.WebUiBuiltInKeywords.click(WebUiBuiltInKeywords.groovy:616)
	at com.kms.katalon.core.webui.keyword.WebUiBuiltInKeywords$click$3.call(Unknown Source)
	at Moreitems to consider.run(Moreitems to consider:73)
	at com.kms.katalon.core.main.ScriptEngine.run(ScriptEngine.java:194)
	at com.kms.katalon.core.main.ScriptEngine.runScriptAsRawText(ScriptEngine.java:119)
	at com.kms.katalon.core.main.TestCaseExecutor.runScript(TestCaseExecutor.java:328)
	at com.kms.katalon.core.main.TestCaseExecutor.doExecute(TestCaseExecutor.java:319)
	at com.kms.katalon.core.main.TestCaseExecutor.processExecutionPhase(TestCaseExecutor.java:298)
	at com.kms.katalon.core.main.TestCaseExecutor.accessMainPhase(TestCaseExecutor.java:290)
	at com.kms.katalon.core.main.TestCaseExecutor.execute(TestCaseExecutor.java:224)
	at com.kms.katalon.core.main.TestSuiteExecutor.accessTestCaseMainPhase(TestSuiteExecutor.java:129)
	at com.kms.katalon.core.main.TestSuiteExecutor.accessTestSuiteMainPhase(TestSuiteExecutor.java:112)
	at com.kms.katalon.core.main.TestSuiteExecutor.execute(TestSuiteExecutor.java:81)
	at com.kms.katalon.core.main.TestCaseMain.startTestSuite(TestCaseMain.java:149)
	at com.kms.katalon.core.main.TestCaseMain$startTestSuite$0.call(Unknown Source)
	at TempTestSuite1556640254199.run(TempTestSuite1556640254199.groovy:36)


2019-04-30 12:06:55 - [MESSAGE][FAILED] - Unable to click on object 'Object Repository/More items _OR/Page_Shishkaberry  Ontario Cannabis/img' (Root cause: org.openqa.selenium.ElementNotVisibleException: element not interactable
  (Session info: headless chrome=74.0.3729.108)
  (Driver info: chromedriver=2.43.600229 (3fae4d0cda5334b4f533bede5a4787f7b832d052),platform=Mac OS X 10.13.6 x86_64) (WARNING: The server did not provide any stacktrace information)
Command duration or timeout: 0 milliseconds
Build info: version: '3.7.1', revision: '8a0099a', time: '2017-11-06T21:07:36.161Z'
System info: host: 'sumans-MacBook-Pro.local', ip: 'fe80:0:0:0:1857:8f59:183b:9f0b%en0', os.name: 'Mac OS X', os.arch: 'x86_64', os.version: '10.13.6', java.version: '1.8.0_181'
Driver info: com.kms.katalon.selenium.driver.CChromeDriver
Capabilities {acceptInsecureCerts: false, acceptSslCerts: false, applicationCacheEnabled: false, browserConnectionEnabled: false, browserName: chrome, chrome: {chromedriverVersion: 2.43.600229 (3fae4d0cda5334..., userDataDir: /var/folders/1t/c55l8xzs6gq...}, cssSelectorsEnabled: true, databaseEnabled: false, goog:chromeOptions: {debuggerAddress: localhost:56338}, handlesAlerts: true, hasTouchScreen: false, javascriptEnabled: true, locationContextEnabled: true, mobileEmulationEnabled: false, nativeEvents: true, networkConnectionEnabled: false, pageLoadStrategy: normal, platform: MAC, platformName: MAC, rotatable: false, setWindowRect: true, takesHeapSnapshot: true, takesScreenshot: true, unexpectedAlertBehaviour: , unhandledPromptBehavior: , version: 74.0.3729.108, webStorageEnabled: true}
Session ID: dcdf117b61e9587b34836eeadcc671af)
[[ATTACHMENT|/Users/sumankompelly/git/Sample-OCS/Reports/Product page/20190430_120414/1556640415057.png]]

2019-04-30 12:06:55 - [MESSAGE][FAILED] - click(findTestObject("More items _OR/Page_Shishkaberry  Ontario Cannabis/img")) FAILED.
Reason:
com.kms.katalon.core.exception.StepFailedException: Unable to click on object 'Object Repository/More items _OR/Page_Shishkaberry  Ontario Cannabis/img' (Root cause: org.openqa.selenium.ElementNotVisibleException: element not interactable
  (Session info: headless chrome=74.0.3729.108)
  (Driver info: chromedriver=2.43.600229 (3fae4d0cda5334b4f533bede5a4787f7b832d052),platform=Mac OS X 10.13.6 x86_64) (WARNING: The server did not provide any stacktrace information)
Command duration or timeout: 0 milliseconds
Build info: version: '3.7.1', revision: '8a0099a', time: '2017-11-06T21:07:36.161Z'
System info: host: 'sumans-MacBook-Pro.local', ip: 'fe80:0:0:0:1857:8f59:183b:9f0b%en0', os.name: 'Mac OS X', os.arch: 'x86_64', os.version: '10.13.6', java.version: '1.8.0_181'
Driver info: com.kms.katalon.selenium.driver.CChromeDriver
Capabilities {acceptInsecureCerts: false, acceptSslCerts: false, applicationCacheEnabled: false, browserConnectionEnabled: false, browserName: chrome, chrome: {chromedriverVersion: 2.43.600229 (3fae4d0cda5334..., userDataDir: /var/folders/1t/c55l8xzs6gq...}, cssSelectorsEnabled: true, databaseEnabled: false, goog:chromeOptions: {debuggerAddress: localhost:56338}, handlesAlerts: true, hasTouchScreen: false, javascriptEnabled: true, locationContextEnabled: true, mobileEmulationEnabled: false, nativeEvents: true, networkConnectionEnabled: false, pageLoadStrategy: normal, platform: MAC, platformName: MAC, rotatable: false, setWindowRect: true, takesHeapSnapshot: true, takesScreenshot: true, unexpectedAlertBehaviour: , unhandledPromptBehavior: , version: 74.0.3729.108, webStorageEnabled: true}
Session ID: dcdf117b61e9587b34836eeadcc671af)
	at com.kms.katalon.core.keyword.internal.KeywordMain.stepFailed(KeywordMain.groovy:36)
	at com.kms.katalon.core.webui.keyword.internal.WebUIKeywordMain.stepFailed(WebUIKeywordMain.groovy:65)
	at com.kms.katalon.core.webui.keyword.internal.WebUIKeywordMain.runKeyword(WebUIKeywordMain.groovy:27)
	at com.kms.katalon.core.webui.keyword.builtin.ClickKeyword.click(ClickKeyword.groovy:86)
	at com.kms.katalon.core.webui.keyword.builtin.ClickKeyword.execute(ClickKeyword.groovy:67)
	at com.kms.katalon.core.keyword.internal.KeywordExecutor.executeKeywordForPlatform(KeywordExecutor.groovy:53)
	at com.kms.katalon.core.webui.keyword.WebUiBuiltInKeywords.click(WebUiBuiltInKeywords.groovy:616)
	at com.kms.katalon.core.webui.keyword.WebUiBuiltInKeywords$click$3.call(Unknown Source)
	at Moreitems to consider.run(Moreitems to consider:73)
	at com.kms.katalon.core.main.ScriptEngine.run(ScriptEngine.java:194)
	at com.kms.katalon.core.main.ScriptEngine.runScriptAsRawText(ScriptEngine.java:119)
	at com.kms.katalon.core.main.TestCaseExecutor.runScript(TestCaseExecutor.java:328)
	at com.kms.katalon.core.main.TestCaseExecutor.doExecute(TestCaseExecutor.java:319)
	at com.kms.katalon.core.main.TestCaseExecutor.processExecutionPhase(TestCaseExecutor.java:298)
	at com.kms.katalon.core.main.TestCaseExecutor.accessMainPhase(TestCaseExecutor.java:290)
	at com.kms.katalon.core.main.TestCaseExecutor.execute(TestCaseExecutor.java:224)
	at com.kms.katalon.core.main.TestSuiteExecutor.accessTestCaseMainPhase(TestSuiteExecutor.java:129)
	at com.kms.katalon.core.main.TestSuiteExecutor.accessTestSuiteMainPhase(TestSuiteExecutor.java:112)
	at com.kms.katalon.core.main.TestSuiteExecutor.execute(TestSuiteExecutor.java:81)
	at com.kms.katalon.core.main.TestCaseMain.startTestSuite(TestCaseMain.java:149)
	at com.kms.katalon.core.main.TestCaseMain$startTestSuite$0.call(Unknown Source)
	at TempTestSuite1556640254199.run(TempTestSuite1556640254199.groovy:36)]]></system-out>
         <system-err><![CDATA[2019-04-30 12:06:24 - [TEST_CASE][FAILED] - Test Cases/OCS- PRODUCT PAGE/Moreitems to consider: Test Cases/OCS- PRODUCT PAGE/Moreitems to consider FAILED.
Reason:
com.kms.katalon.core.exception.StepFailedException: Unable to click on object 'Object Repository/More items _OR/Page_Shishkaberry  Ontario Cannabis/img' (Root cause: org.openqa.selenium.ElementNotVisibleException: element not interactable
  (Session info: headless chrome=74.0.3729.108)
  (Driver info: chromedriver=2.43.600229 (3fae4d0cda5334b4f533bede5a4787f7b832d052),platform=Mac OS X 10.13.6 x86_64) (WARNING: The server did not provide any stacktrace information)
Command duration or timeout: 0 milliseconds
Build info: version: '3.7.1', revision: '8a0099a', time: '2017-11-06T21:07:36.161Z'
System info: host: 'sumans-MacBook-Pro.local', ip: 'fe80:0:0:0:1857:8f59:183b:9f0b%en0', os.name: 'Mac OS X', os.arch: 'x86_64', os.version: '10.13.6', java.version: '1.8.0_181'
Driver info: com.kms.katalon.selenium.driver.CChromeDriver
Capabilities {acceptInsecureCerts: false, acceptSslCerts: false, applicationCacheEnabled: false, browserConnectionEnabled: false, browserName: chrome, chrome: {chromedriverVersion: 2.43.600229 (3fae4d0cda5334..., userDataDir: /var/folders/1t/c55l8xzs6gq...}, cssSelectorsEnabled: true, databaseEnabled: false, goog:chromeOptions: {debuggerAddress: localhost:56338}, handlesAlerts: true, hasTouchScreen: false, javascriptEnabled: true, locationContextEnabled: true, mobileEmulationEnabled: false, nativeEvents: true, networkConnectionEnabled: false, pageLoadStrategy: normal, platform: MAC, platformName: MAC, rotatable: false, setWindowRect: true, takesHeapSnapshot: true, takesScreenshot: true, unexpectedAlertBehaviour: , unhandledPromptBehavior: , version: 74.0.3729.108, webStorageEnabled: true}
Session ID: dcdf117b61e9587b34836eeadcc671af)
	at com.kms.katalon.core.keyword.internal.KeywordMain.stepFailed(KeywordMain.groovy:36)
	at com.kms.katalon.core.webui.keyword.internal.WebUIKeywordMain.stepFailed(WebUIKeywordMain.groovy:65)
	at com.kms.katalon.core.webui.keyword.internal.WebUIKeywordMain.runKeyword(WebUIKeywordMain.groovy:27)
	at com.kms.katalon.core.webui.keyword.builtin.ClickKeyword.click(ClickKeyword.groovy:86)
	at com.kms.katalon.core.webui.keyword.builtin.ClickKeyword.execute(ClickKeyword.groovy:67)
	at com.kms.katalon.core.keyword.internal.KeywordExecutor.executeKeywordForPlatform(KeywordExecutor.groovy:53)
	at com.kms.katalon.core.webui.keyword.WebUiBuiltInKeywords.click(WebUiBuiltInKeywords.groovy:616)
	at com.kms.katalon.core.webui.keyword.WebUiBuiltInKeywords$click$3.call(Unknown Source)
	at Moreitems to consider.run(Moreitems to consider:73)
	at com.kms.katalon.core.main.ScriptEngine.run(ScriptEngine.java:194)
	at com.kms.katalon.core.main.ScriptEngine.runScriptAsRawText(ScriptEngine.java:119)
	at com.kms.katalon.core.main.TestCaseExecutor.runScript(TestCaseExecutor.java:328)
	at com.kms.katalon.core.main.TestCaseExecutor.doExecute(TestCaseExecutor.java:319)
	at com.kms.katalon.core.main.TestCaseExecutor.processExecutionPhase(TestCaseExecutor.java:298)
	at com.kms.katalon.core.main.TestCaseExecutor.accessMainPhase(TestCaseExecutor.java:290)
	at com.kms.katalon.core.main.TestCaseExecutor.execute(TestCaseExecutor.java:224)
	at com.kms.katalon.core.main.TestSuiteExecutor.accessTestCaseMainPhase(TestSuiteExecutor.java:129)
	at com.kms.katalon.core.main.TestSuiteExecutor.accessTestSuiteMainPhase(TestSuiteExecutor.java:112)
	at com.kms.katalon.core.main.TestSuiteExecutor.execute(TestSuiteExecutor.java:81)
	at com.kms.katalon.core.main.TestCaseMain.startTestSuite(TestCaseMain.java:149)
	at com.kms.katalon.core.main.TestCaseMain$startTestSuite$0.call(Unknown Source)
	at TempTestSuite1556640254199.run(TempTestSuite1556640254199.groovy:36)]]></system-err>
      </testcase>
      <testcase name="Test Cases/OCS- PRODUCT PAGE/Learn More" classname="Test Cases/OCS- PRODUCT PAGE/Learn More" status="PASSED">
         <system-out><![CDATA[2019-04-30 12:06:55 - [TEST_CASE][PASSED] - Test Cases/OCS- PRODUCT PAGE/Learn More: Test Cases/OCS- PRODUCT PAGE/Learn More

2019-04-30 12:06:55 - [TEST_STEP][NOT_RUN] - openBrowser(""): NOT_RUN: openBrowser("")

2019-04-30 12:06:55 - [MESSAGE][NOT_RUN] - NOT_RUN: openBrowser("")

2019-04-30 12:06:55 - [TEST_STEP][NOT_RUN] - navigateToUrl("http://ocs.ca/#/verify-age"): NOT_RUN: navigateToUrl("http://ocs.ca/#/verify-age")

2019-04-30 12:06:55 - [MESSAGE][NOT_RUN] - NOT_RUN: navigateToUrl("http://ocs.ca/#/verify-age")

2019-04-30 12:06:55 - [TEST_STEP][NOT_RUN] - maximizeWindow(): NOT_RUN: maximizeWindow()

2019-04-30 12:06:55 - [MESSAGE][NOT_RUN] - NOT_RUN: maximizeWindow()

2019-04-30 12:06:55 - [TEST_STEP][NOT_RUN] - selectOptionByValue(findTestObject("Object Repository/Leran more_OR/Page_Ontario Cannabis Store  Ontari/select_Select01020304050607080"), "1", true): NOT_RUN: selectOptionByValue(findTestObject("Object Repository/Leran more_OR/Page_Ontario Cannabis Store  Ontari/select_Select01020304050607080"), "1", true)

2019-04-30 12:06:55 - [MESSAGE][NOT_RUN] - NOT_RUN: selectOptionByValue(findTestObject("Object Repository/Leran more_OR/Page_Ontario Cannabis Store  Ontari/select_Select01020304050607080"), "1", true)

2019-04-30 12:06:55 - [TEST_STEP][NOT_RUN] - selectOptionByValue(findTestObject("Object Repository/Leran more_OR/Page_Ontario Cannabis Store  Ontari/select_SelectJanuary - 01Febru"), "0", true): NOT_RUN: selectOptionByValue(findTestObject("Object Repository/Leran more_OR/Page_Ontario Cannabis Store  Ontari/select_SelectJanuary - 01Febru"), "0", true)

2019-04-30 12:06:55 - [MESSAGE][NOT_RUN] - NOT_RUN: selectOptionByValue(findTestObject("Object Repository/Leran more_OR/Page_Ontario Cannabis Store  Ontari/select_SelectJanuary - 01Febru"), "0", true)

2019-04-30 12:06:55 - [TEST_STEP][NOT_RUN] - selectOptionByValue(findTestObject("Object Repository/Leran more_OR/Page_Ontario Cannabis Store  Ontari/select_Select20182017201620152"), "1968", true): NOT_RUN: selectOptionByValue(findTestObject("Object Repository/Leran more_OR/Page_Ontario Cannabis Store  Ontari/select_Select20182017201620152"), "1968", true)

2019-04-30 12:06:55 - [MESSAGE][NOT_RUN] - NOT_RUN: selectOptionByValue(findTestObject("Object Repository/Leran more_OR/Page_Ontario Cannabis Store  Ontari/select_Select20182017201620152"), "1968", true)

2019-04-30 12:06:55 - [TEST_STEP][NOT_RUN] - click(findTestObject("Object Repository/Leran more_OR/Page_Ontario Cannabis Store  Ontari/button_Verify")): NOT_RUN: click(findTestObject("Object Repository/Leran more_OR/Page_Ontario Cannabis Store  Ontari/button_Verify"))

2019-04-30 12:06:55 - [MESSAGE][NOT_RUN] - NOT_RUN: click(findTestObject("Object Repository/Leran more_OR/Page_Ontario Cannabis Store  Ontari/button_Verify"))

2019-04-30 12:06:55 - [TEST_STEP][NOT_RUN] - click(findTestObject("Object Repository/Leran more_OR/Page_Ontario Cannabis Store  Ontari/span_CONFIRM AND ACKNOWLEDGE_c")): NOT_RUN: click(findTestObject("Object Repository/Leran more_OR/Page_Ontario Cannabis Store  Ontari/span_CONFIRM AND ACKNOWLEDGE_c"))

2019-04-30 12:06:55 - [MESSAGE][NOT_RUN] - NOT_RUN: click(findTestObject("Object Repository/Leran more_OR/Page_Ontario Cannabis Store  Ontari/span_CONFIRM AND ACKNOWLEDGE_c"))

2019-04-30 12:06:55 - [TEST_STEP][NOT_RUN] - click(findTestObject("Object Repository/Leran more_OR/Page_Ontario Cannabis Store  Ontari/button_CONFIRM")): NOT_RUN: click(findTestObject("Object Repository/Leran more_OR/Page_Ontario Cannabis Store  Ontari/button_CONFIRM"))

2019-04-30 12:06:55 - [MESSAGE][NOT_RUN] - NOT_RUN: click(findTestObject("Object Repository/Leran more_OR/Page_Ontario Cannabis Store  Ontari/button_CONFIRM"))

2019-04-30 12:06:55 - [TEST_STEP][NOT_RUN] - click(findTestObject("Object Repository/Leran more_OR/Page_Ontario Cannabis Store  Ontari/button_Start Browsing")): NOT_RUN: click(findTestObject("Object Repository/Leran more_OR/Page_Ontario Cannabis Store  Ontari/button_Start Browsing"))

2019-04-30 12:06:55 - [MESSAGE][NOT_RUN] - NOT_RUN: click(findTestObject("Object Repository/Leran more_OR/Page_Ontario Cannabis Store  Ontari/button_Start Browsing"))

2019-04-30 12:06:55 - [TEST_STEP][NOT_RUN] - mouseOver(findTestObject("Object Repository/Leran more_OR/Page_Ontario Cannabis Store  Ontari/h3_Cannabis")): NOT_RUN: mouseOver(findTestObject("Object Repository/Leran more_OR/Page_Ontario Cannabis Store  Ontari/h3_Cannabis"))

2019-04-30 12:06:55 - [MESSAGE][NOT_RUN] - NOT_RUN: mouseOver(findTestObject("Object Repository/Leran more_OR/Page_Ontario Cannabis Store  Ontari/h3_Cannabis"))

2019-04-30 12:06:55 - [TEST_STEP][NOT_RUN] - click(findTestObject("Object Repository/Leran more_OR/Page_Ontario Cannabis Store  Ontari/span_Indica Dominant")): NOT_RUN: click(findTestObject("Object Repository/Leran more_OR/Page_Ontario Cannabis Store  Ontari/span_Indica Dominant"))

2019-04-30 12:06:55 - [MESSAGE][NOT_RUN] - NOT_RUN: click(findTestObject("Object Repository/Leran more_OR/Page_Ontario Cannabis Store  Ontari/span_Indica Dominant"))

2019-04-30 12:06:55 - [TEST_STEP][NOT_RUN] - delay(3): NOT_RUN: delay(3)

2019-04-30 12:06:55 - [MESSAGE][NOT_RUN] - NOT_RUN: delay(3)

2019-04-30 12:06:55 - [TEST_STEP][NOT_RUN] - click(findTestObject("Page_Indica Dominant Dried Flower/h3_Shishkaberry")): NOT_RUN: click(findTestObject("Page_Indica Dominant Dried Flower/h3_Shishkaberry"))

2019-04-30 12:06:55 - [MESSAGE][NOT_RUN] - NOT_RUN: click(findTestObject("Page_Indica Dominant Dried Flower/h3_Shishkaberry"))

2019-04-30 12:06:55 - [TEST_STEP][NOT_RUN] - closeBrowser(): NOT_RUN: closeBrowser()

2019-04-30 12:06:55 - [MESSAGE][NOT_RUN] - NOT_RUN: closeBrowser()

2019-04-30 12:06:55 - [TEST_STEP][PASSED] - openBrowser(""): Browser is opened with url: ''

2019-04-30 12:06:55 - [MESSAGE][WARNING] - A browser is already opened. Closing browser and opening a new one

2019-04-30 12:06:55 - [MESSAGE][INFO] - Starting 'Chrome (headless)' driver

2019-04-30 12:06:56 - [MESSAGE][PASSED] - Browser is opened with url: ''

2019-04-30 12:06:56 - [TEST_STEP][PASSED] - navigateToUrl("https://ocs.ca/#/verify-age"): Navigate to 'https://ocs.ca/#/verify-age' successfully

2019-04-30 12:07:01 - [MESSAGE][PASSED] - Navigate to 'https://ocs.ca/#/verify-age' successfully

2019-04-30 12:07:01 - [TEST_STEP][PASSED] - maximizeWindow(): Current window maximized

2019-04-30 12:07:01 - [MESSAGE][PASSED] - Current window maximized

2019-04-30 12:07:01 - [TEST_STEP][PASSED] - selectOptionByValue(findTestObject("Object Repository/Leran more_OR/Page_Ontario Cannabis Store  Ontari/select_Select01020304050607080"), "17", true): All options with value '17' are selected in object 'Object Repository/Leran more_OR/Page_Ontario Cannabis Store  Ontari/select_Select01020304050607080'  using regular expression

2019-04-30 12:07:02 - [MESSAGE][PASSED] - All options with value '17' are selected in object 'Object Repository/Leran more_OR/Page_Ontario Cannabis Store  Ontari/select_Select01020304050607080'  using regular expression

2019-04-30 12:07:02 - [TEST_STEP][PASSED] - selectOptionByValue(findTestObject("Object Repository/Leran more_OR/Page_Ontario Cannabis Store  Ontari/select_SelectJanuary - 01Febru"), "9", true): All options with value '9' are selected in object 'Object Repository/Leran more_OR/Page_Ontario Cannabis Store  Ontari/select_SelectJanuary - 01Febru'  using regular expression

2019-04-30 12:07:02 - [MESSAGE][PASSED] - All options with value '9' are selected in object 'Object Repository/Leran more_OR/Page_Ontario Cannabis Store  Ontari/select_SelectJanuary - 01Febru'  using regular expression

2019-04-30 12:07:02 - [TEST_STEP][PASSED] - selectOptionByValue(findTestObject("Object Repository/Leran more_OR/Page_Ontario Cannabis Store  Ontari/select_Select20182017201620152"), "1947", true): All options with value '1947' are selected in object 'Object Repository/Leran more_OR/Page_Ontario Cannabis Store  Ontari/select_Select20182017201620152'  using regular expression

2019-04-30 12:07:03 - [MESSAGE][PASSED] - All options with value '1947' are selected in object 'Object Repository/Leran more_OR/Page_Ontario Cannabis Store  Ontari/select_Select20182017201620152'  using regular expression

2019-04-30 12:07:03 - [TEST_STEP][PASSED] - click(findTestObject("Object Repository/Leran more_OR/Page_Ontario Cannabis Store  Ontari/button_Verify")): Object: 'Object Repository/Leran more_OR/Page_Ontario Cannabis Store  Ontari/button_Verify' is clicked on

2019-04-30 12:07:03 - [MESSAGE][PASSED] - Object: 'Object Repository/Leran more_OR/Page_Ontario Cannabis Store  Ontari/button_Verify' is clicked on

2019-04-30 12:07:03 - [TEST_STEP][PASSED] - click(findTestObject("Object Repository/Leran more_OR/Page_Ontario Cannabis Store  Ontari/span_CONFIRM AND ACKNOWLEDGE_c")): Object: 'Object Repository/Leran more_OR/Page_Ontario Cannabis Store  Ontari/span_CONFIRM AND ACKNOWLEDGE_c' is clicked on

2019-04-30 12:07:03 - [MESSAGE][PASSED] - Object: 'Object Repository/Leran more_OR/Page_Ontario Cannabis Store  Ontari/span_CONFIRM AND ACKNOWLEDGE_c' is clicked on

2019-04-30 12:07:03 - [TEST_STEP][PASSED] - click(findTestObject("Object Repository/Leran more_OR/Page_Ontario Cannabis Store  Ontari/button_CONFIRM")): Object: 'Object Repository/Leran more_OR/Page_Ontario Cannabis Store  Ontari/button_CONFIRM' is clicked on

2019-04-30 12:07:03 - [MESSAGE][PASSED] - Object: 'Object Repository/Leran more_OR/Page_Ontario Cannabis Store  Ontari/button_CONFIRM' is clicked on

2019-04-30 12:07:03 - [TEST_STEP][PASSED] - click(findTestObject("Object Repository/Leran more_OR/Page_Ontario Cannabis Store  Ontari/button_Start Browsing")): Object: 'Object Repository/Leran more_OR/Page_Ontario Cannabis Store  Ontari/button_Start Browsing' is clicked on

2019-04-30 12:07:03 - [MESSAGE][PASSED] - Object: 'Object Repository/Leran more_OR/Page_Ontario Cannabis Store  Ontari/button_Start Browsing' is clicked on

2019-04-30 12:07:03 - [TEST_STEP][PASSED] - click(findTestObject("Object Repository/Leran more_OR/Page_Ontario Cannabis Store  Ontari/h3_Cannabis")): Object: 'Object Repository/Leran more_OR/Page_Ontario Cannabis Store  Ontari/h3_Cannabis' is clicked on

2019-04-30 12:07:04 - [MESSAGE][PASSED] - Object: 'Object Repository/Leran more_OR/Page_Ontario Cannabis Store  Ontari/h3_Cannabis' is clicked on

2019-04-30 12:07:04 - [TEST_STEP][PASSED] - delay(3): Delayed 3 second(s)

2019-04-30 12:07:07 - [MESSAGE][PASSED] - Delayed 3 second(s)

2019-04-30 12:07:07 - [TEST_STEP][PASSED] - click(findTestObject("Object Repository/Leran more_OR/Page_Ontario Cannabis Store  Ontari/span_Indica Dominant")): Object: 'Object Repository/Leran more_OR/Page_Ontario Cannabis Store  Ontari/span_Indica Dominant' is clicked on

2019-04-30 12:07:08 - [MESSAGE][PASSED] - Object: 'Object Repository/Leran more_OR/Page_Ontario Cannabis Store  Ontari/span_Indica Dominant' is clicked on

2019-04-30 12:07:08 - [TEST_STEP][PASSED] - delay(3): Delayed 3 second(s)

2019-04-30 12:07:11 - [MESSAGE][PASSED] - Delayed 3 second(s)

2019-04-30 12:07:11 - [TEST_STEP][PASSED] - click(findTestObject("Object Repository/Leran more_OR/Page_Indica Dominant Dried Flower/h3_Shishkaberry")): Object: 'Object Repository/Leran more_OR/Page_Indica Dominant Dried Flower/h3_Shishkaberry' is clicked on

2019-04-30 12:07:15 - [MESSAGE][PASSED] - Object: 'Object Repository/Leran more_OR/Page_Indica Dominant Dried Flower/h3_Shishkaberry' is clicked on

2019-04-30 12:07:15 - [TEST_STEP][PASSED] - delay(3): Delayed 3 second(s)

2019-04-30 12:07:18 - [MESSAGE][PASSED] - Delayed 3 second(s)

2019-04-30 12:07:18 - [TEST_STEP][PASSED] - click(findTestObject("Object Repository/Leran more_OR/Page_Shishkaberry  Ontario Cannabis/a_Learn More")): Object: 'Object Repository/Leran more_OR/Page_Shishkaberry  Ontario Cannabis/a_Learn More' is clicked on

2019-04-30 12:07:18 - [MESSAGE][PASSED] - Object: 'Object Repository/Leran more_OR/Page_Shishkaberry  Ontario Cannabis/a_Learn More' is clicked on

2019-04-30 12:07:18 - [TEST_STEP][PASSED] - scrollToPosition(900, 38): Browser is scrolled to position x = 900, y = 38

2019-04-30 12:07:18 - [MESSAGE][PASSED] - Browser is scrolled to position x = 900, y = 38

2019-04-30 12:07:18 - [TEST_STEP][PASSED] - takeScreenshot(): Taking screenshot successfully

2019-04-30 12:07:18 - [MESSAGE][PASSED] - Taking screenshot successfully
[[ATTACHMENT|/Users/sumankompelly/git/Sample-OCS/Reports/Product page/20190430_120414/1556640438376.png]]

2019-04-30 12:07:18 - [TEST_STEP][PASSED] - closeBrowser(): Browser is closed

2019-04-30 12:07:19 - [MESSAGE][PASSED] - Browser is closed]]></system-out>
         <system-err><![CDATA[]]></system-err>
      </testcase>
      <testcase name="Test Cases/OCS- PRODUCT PAGE/Recently viewed" classname="Test Cases/OCS- PRODUCT PAGE/Recently viewed" status="FAILED">
         <failure type="FAILED" message="Test Cases/OCS- PRODUCT PAGE/Recently viewed FAILED.
Reason:
com.kms.katalon.core.exception.StepFailedException: Unable to click on object 'Object Repository/Recently viewed_OR/Page_Indica Dominant Dried Flower/h3_Shishkaberry' (Root cause: org.openqa.selenium.StaleElementReferenceException: stale element reference: element is not attached to the page document
  (Session info: headless chrome=74.0.3729.108)
  (Driver info: chromedriver=2.43.600229 (3fae4d0cda5334b4f533bede5a4787f7b832d052),platform=Mac OS X 10.13.6 x86_64) (WARNING: The server did not provide any stacktrace information)
Command duration or timeout: 0 milliseconds
For documentation on this error, please visit: http://seleniumhq.org/exceptions/stale_element_reference.html
Build info: version: '3.7.1', revision: '8a0099a', time: '2017-11-06T21:07:36.161Z'
System info: host: 'sumans-MacBook-Pro.local', ip: 'fe80:0:0:0:1857:8f59:183b:9f0b%en0', os.name: 'Mac OS X', os.arch: 'x86_64', os.version: '10.13.6', java.version: '1.8.0_181'
Driver info: com.kms.katalon.selenium.driver.CChromeDriver
Capabilities {acceptInsecureCerts: false, acceptSslCerts: false, applicationCacheEnabled: false, browserConnectionEnabled: false, browserName: chrome, chrome: {chromedriverVersion: 2.43.600229 (3fae4d0cda5334..., userDataDir: /var/folders/1t/c55l8xzs6gq...}, cssSelectorsEnabled: true, databaseEnabled: false, goog:chromeOptions: {debuggerAddress: localhost:56417}, handlesAlerts: true, hasTouchScreen: false, javascriptEnabled: true, locationContextEnabled: true, mobileEmulationEnabled: false, nativeEvents: true, networkConnectionEnabled: false, pageLoadStrategy: normal, platform: MAC, platformName: MAC, rotatable: false, setWindowRect: true, takesHeapSnapshot: true, takesScreenshot: true, unexpectedAlertBehaviour: , unhandledPromptBehavior: , version: 74.0.3729.108, webStorageEnabled: true}
Session ID: 7ba37f05f6c740eeae6e76f92bc89270)
	at com.kms.katalon.core.keyword.internal.KeywordMain.stepFailed(KeywordMain.groovy:36)
	at com.kms.katalon.core.webui.keyword.internal.WebUIKeywordMain.stepFailed(WebUIKeywordMain.groovy:65)
	at com.kms.katalon.core.webui.keyword.internal.WebUIKeywordMain.runKeyword(WebUIKeywordMain.groovy:27)
	at com.kms.katalon.core.webui.keyword.builtin.ClickKeyword.click(ClickKeyword.groovy:86)
	at com.kms.katalon.core.webui.keyword.builtin.ClickKeyword.execute(ClickKeyword.groovy:67)
	at com.kms.katalon.core.keyword.internal.KeywordExecutor.executeKeywordForPlatform(KeywordExecutor.groovy:53)
	at com.kms.katalon.core.webui.keyword.WebUiBuiltInKeywords.click(WebUiBuiltInKeywords.groovy:616)
	at com.kms.katalon.core.webui.keyword.WebUiBuiltInKeywords$click$3.call(Unknown Source)
	at Recently viewed.run(Recently viewed:47)
	at com.kms.katalon.core.main.ScriptEngine.run(ScriptEngine.java:194)
	at com.kms.katalon.core.main.ScriptEngine.runScriptAsRawText(ScriptEngine.java:119)
	at com.kms.katalon.core.main.TestCaseExecutor.runScript(TestCaseExecutor.java:328)
	at com.kms.katalon.core.main.TestCaseExecutor.doExecute(TestCaseExecutor.java:319)
	at com.kms.katalon.core.main.TestCaseExecutor.processExecutionPhase(TestCaseExecutor.java:298)
	at com.kms.katalon.core.main.TestCaseExecutor.accessMainPhase(TestCaseExecutor.java:290)
	at com.kms.katalon.core.main.TestCaseExecutor.execute(TestCaseExecutor.java:224)
	at com.kms.katalon.core.main.TestSuiteExecutor.accessTestCaseMainPhase(TestSuiteExecutor.java:129)
	at com.kms.katalon.core.main.TestSuiteExecutor.accessTestSuiteMainPhase(TestSuiteExecutor.java:112)
	at com.kms.katalon.core.main.TestSuiteExecutor.execute(TestSuiteExecutor.java:81)
	at com.kms.katalon.core.main.TestCaseMain.startTestSuite(TestCaseMain.java:149)
	at com.kms.katalon.core.main.TestCaseMain$startTestSuite$0.call(Unknown Source)
	at TempTestSuite1556640254199.run(TempTestSuite1556640254199.groovy:36)
"/>
         <system-out><![CDATA[2019-04-30 12:07:19 - [TEST_CASE][FAILED] - Test Cases/OCS- PRODUCT PAGE/Recently viewed: Test Cases/OCS- PRODUCT PAGE/Recently viewed FAILED.
Reason:
com.kms.katalon.core.exception.StepFailedException: Unable to click on object 'Object Repository/Recently viewed_OR/Page_Indica Dominant Dried Flower/h3_Shishkaberry' (Root cause: org.openqa.selenium.StaleElementReferenceException: stale element reference: element is not attached to the page document
  (Session info: headless chrome=74.0.3729.108)
  (Driver info: chromedriver=2.43.600229 (3fae4d0cda5334b4f533bede5a4787f7b832d052),platform=Mac OS X 10.13.6 x86_64) (WARNING: The server did not provide any stacktrace information)
Command duration or timeout: 0 milliseconds
For documentation on this error, please visit: http://seleniumhq.org/exceptions/stale_element_reference.html
Build info: version: '3.7.1', revision: '8a0099a', time: '2017-11-06T21:07:36.161Z'
System info: host: 'sumans-MacBook-Pro.local', ip: 'fe80:0:0:0:1857:8f59:183b:9f0b%en0', os.name: 'Mac OS X', os.arch: 'x86_64', os.version: '10.13.6', java.version: '1.8.0_181'
Driver info: com.kms.katalon.selenium.driver.CChromeDriver
Capabilities {acceptInsecureCerts: false, acceptSslCerts: false, applicationCacheEnabled: false, browserConnectionEnabled: false, browserName: chrome, chrome: {chromedriverVersion: 2.43.600229 (3fae4d0cda5334..., userDataDir: /var/folders/1t/c55l8xzs6gq...}, cssSelectorsEnabled: true, databaseEnabled: false, goog:chromeOptions: {debuggerAddress: localhost:56417}, handlesAlerts: true, hasTouchScreen: false, javascriptEnabled: true, locationContextEnabled: true, mobileEmulationEnabled: false, nativeEvents: true, networkConnectionEnabled: false, pageLoadStrategy: normal, platform: MAC, platformName: MAC, rotatable: false, setWindowRect: true, takesHeapSnapshot: true, takesScreenshot: true, unexpectedAlertBehaviour: , unhandledPromptBehavior: , version: 74.0.3729.108, webStorageEnabled: true}
Session ID: 7ba37f05f6c740eeae6e76f92bc89270)
	at com.kms.katalon.core.keyword.internal.KeywordMain.stepFailed(KeywordMain.groovy:36)
	at com.kms.katalon.core.webui.keyword.internal.WebUIKeywordMain.stepFailed(WebUIKeywordMain.groovy:65)
	at com.kms.katalon.core.webui.keyword.internal.WebUIKeywordMain.runKeyword(WebUIKeywordMain.groovy:27)
	at com.kms.katalon.core.webui.keyword.builtin.ClickKeyword.click(ClickKeyword.groovy:86)
	at com.kms.katalon.core.webui.keyword.builtin.ClickKeyword.execute(ClickKeyword.groovy:67)
	at com.kms.katalon.core.keyword.internal.KeywordExecutor.executeKeywordForPlatform(KeywordExecutor.groovy:53)
	at com.kms.katalon.core.webui.keyword.WebUiBuiltInKeywords.click(WebUiBuiltInKeywords.groovy:616)
	at com.kms.katalon.core.webui.keyword.WebUiBuiltInKeywords$click$3.call(Unknown Source)
	at Recently viewed.run(Recently viewed:47)
	at com.kms.katalon.core.main.ScriptEngine.run(ScriptEngine.java:194)
	at com.kms.katalon.core.main.ScriptEngine.runScriptAsRawText(ScriptEngine.java:119)
	at com.kms.katalon.core.main.TestCaseExecutor.runScript(TestCaseExecutor.java:328)
	at com.kms.katalon.core.main.TestCaseExecutor.doExecute(TestCaseExecutor.java:319)
	at com.kms.katalon.core.main.TestCaseExecutor.processExecutionPhase(TestCaseExecutor.java:298)
	at com.kms.katalon.core.main.TestCaseExecutor.accessMainPhase(TestCaseExecutor.java:290)
	at com.kms.katalon.core.main.TestCaseExecutor.execute(TestCaseExecutor.java:224)
	at com.kms.katalon.core.main.TestSuiteExecutor.accessTestCaseMainPhase(TestSuiteExecutor.java:129)
	at com.kms.katalon.core.main.TestSuiteExecutor.accessTestSuiteMainPhase(TestSuiteExecutor.java:112)
	at com.kms.katalon.core.main.TestSuiteExecutor.execute(TestSuiteExecutor.java:81)
	at com.kms.katalon.core.main.TestCaseMain.startTestSuite(TestCaseMain.java:149)
	at com.kms.katalon.core.main.TestCaseMain$startTestSuite$0.call(Unknown Source)
	at TempTestSuite1556640254199.run(TempTestSuite1556640254199.groovy:36)


2019-04-30 12:07:19 - [TEST_STEP][PASSED] - openBrowser(""): Browser is opened with url: ''

2019-04-30 12:07:19 - [MESSAGE][INFO] - Starting 'Chrome (headless)' driver

2019-04-30 12:07:19 - [MESSAGE][PASSED] - Browser is opened with url: ''

2019-04-30 12:07:19 - [TEST_STEP][PASSED] - navigateToUrl("https://ocs.ca/#/verify-age"): Navigate to 'https://ocs.ca/#/verify-age' successfully

2019-04-30 12:07:20 - [MESSAGE][PASSED] - Navigate to 'https://ocs.ca/#/verify-age' successfully

2019-04-30 12:07:20 - [TEST_STEP][PASSED] - maximizeWindow(): Current window maximized

2019-04-30 12:07:20 - [MESSAGE][PASSED] - Current window maximized

2019-04-30 12:07:20 - [TEST_STEP][PASSED] - selectOptionByValue(findTestObject("Object Repository/Recently viewed_OR/Page_Ontario Cannabis Store  Ontari/select_Select01020304050607080"), "18", true): All options with value '18' are selected in object 'Object Repository/Recently viewed_OR/Page_Ontario Cannabis Store  Ontari/select_Select01020304050607080'  using regular expression

2019-04-30 12:07:21 - [MESSAGE][PASSED] - All options with value '18' are selected in object 'Object Repository/Recently viewed_OR/Page_Ontario Cannabis Store  Ontari/select_Select01020304050607080'  using regular expression

2019-04-30 12:07:21 - [TEST_STEP][PASSED] - selectOptionByValue(findTestObject("Object Repository/Recently viewed_OR/Page_Ontario Cannabis Store  Ontari/select_SelectJanuary - 01Febru"), "9", true): All options with value '9' are selected in object 'Object Repository/Recently viewed_OR/Page_Ontario Cannabis Store  Ontari/select_SelectJanuary - 01Febru'  using regular expression

2019-04-30 12:07:21 - [MESSAGE][PASSED] - All options with value '9' are selected in object 'Object Repository/Recently viewed_OR/Page_Ontario Cannabis Store  Ontari/select_SelectJanuary - 01Febru'  using regular expression

2019-04-30 12:07:21 - [TEST_STEP][PASSED] - selectOptionByValue(findTestObject("Object Repository/Recently viewed_OR/Page_Ontario Cannabis Store  Ontari/select_Select20182017201620152"), "1949", true): All options with value '1949' are selected in object 'Object Repository/Recently viewed_OR/Page_Ontario Cannabis Store  Ontari/select_Select20182017201620152'  using regular expression

2019-04-30 12:07:22 - [MESSAGE][PASSED] - All options with value '1949' are selected in object 'Object Repository/Recently viewed_OR/Page_Ontario Cannabis Store  Ontari/select_Select20182017201620152'  using regular expression

2019-04-30 12:07:22 - [TEST_STEP][PASSED] - click(findTestObject("Object Repository/Recently viewed_OR/Page_Ontario Cannabis Store  Ontari/button_Verify")): Object: 'Object Repository/Recently viewed_OR/Page_Ontario Cannabis Store  Ontari/button_Verify' is clicked on

2019-04-30 12:07:23 - [MESSAGE][PASSED] - Object: 'Object Repository/Recently viewed_OR/Page_Ontario Cannabis Store  Ontari/button_Verify' is clicked on

2019-04-30 12:07:23 - [TEST_STEP][PASSED] - click(findTestObject("Object Repository/Recently viewed_OR/Page_Ontario Cannabis Store  Ontari/span_CONFIRM AND ACKNOWLEDGE_c")): Object: 'Object Repository/Recently viewed_OR/Page_Ontario Cannabis Store  Ontari/span_CONFIRM AND ACKNOWLEDGE_c' is clicked on

2019-04-30 12:07:23 - [MESSAGE][PASSED] - Object: 'Object Repository/Recently viewed_OR/Page_Ontario Cannabis Store  Ontari/span_CONFIRM AND ACKNOWLEDGE_c' is clicked on

2019-04-30 12:07:23 - [TEST_STEP][PASSED] - click(findTestObject("Object Repository/Recently viewed_OR/Page_Ontario Cannabis Store  Ontari/button_CONFIRM")): Object: 'Object Repository/Recently viewed_OR/Page_Ontario Cannabis Store  Ontari/button_CONFIRM' is clicked on

2019-04-30 12:07:23 - [MESSAGE][PASSED] - Object: 'Object Repository/Recently viewed_OR/Page_Ontario Cannabis Store  Ontari/button_CONFIRM' is clicked on

2019-04-30 12:07:23 - [TEST_STEP][PASSED] - click(findTestObject("Object Repository/Recently viewed_OR/Page_Ontario Cannabis Store  Ontari/button_Start Browsing")): Object: 'Object Repository/Recently viewed_OR/Page_Ontario Cannabis Store  Ontari/button_Start Browsing' is clicked on

2019-04-30 12:07:23 - [MESSAGE][PASSED] - Object: 'Object Repository/Recently viewed_OR/Page_Ontario Cannabis Store  Ontari/button_Start Browsing' is clicked on

2019-04-30 12:07:23 - [TEST_STEP][PASSED] - delay(3): Delayed 3 second(s)

2019-04-30 12:07:26 - [MESSAGE][PASSED] - Delayed 3 second(s)

2019-04-30 12:07:26 - [TEST_STEP][PASSED] - click(findTestObject("Object Repository/Recently viewed_OR/Page_Ontario Cannabis Store  Ontari/h3_Cannabis")): Object: 'Object Repository/Recently viewed_OR/Page_Ontario Cannabis Store  Ontari/h3_Cannabis' is clicked on

2019-04-30 12:07:26 - [MESSAGE][PASSED] - Object: 'Object Repository/Recently viewed_OR/Page_Ontario Cannabis Store  Ontari/h3_Cannabis' is clicked on

2019-04-30 12:07:26 - [TEST_STEP][PASSED] - delay(3): Delayed 3 second(s)

2019-04-30 12:07:29 - [MESSAGE][PASSED] - Delayed 3 second(s)

2019-04-30 12:07:29 - [TEST_STEP][PASSED] - click(findTestObject("Object Repository/Recently viewed_OR/Page_Ontario Cannabis Store  Ontari/span_Indica Dominant")): Object: 'Object Repository/Recently viewed_OR/Page_Ontario Cannabis Store  Ontari/span_Indica Dominant' is clicked on

2019-04-30 12:07:30 - [MESSAGE][PASSED] - Object: 'Object Repository/Recently viewed_OR/Page_Ontario Cannabis Store  Ontari/span_Indica Dominant' is clicked on

2019-04-30 12:07:30 - [TEST_STEP][FAILED] - click(findTestObject("Object Repository/Recently viewed_OR/Page_Indica Dominant Dried Flower/h3_Shishkaberry")): click(findTestObject("Object Repository/Recently viewed_OR/Page_Indica Dominant Dried Flower/h3_Shishkaberry")) FAILED.
Reason:
com.kms.katalon.core.exception.StepFailedException: Unable to click on object 'Object Repository/Recently viewed_OR/Page_Indica Dominant Dried Flower/h3_Shishkaberry' (Root cause: org.openqa.selenium.StaleElementReferenceException: stale element reference: element is not attached to the page document
  (Session info: headless chrome=74.0.3729.108)
  (Driver info: chromedriver=2.43.600229 (3fae4d0cda5334b4f533bede5a4787f7b832d052),platform=Mac OS X 10.13.6 x86_64) (WARNING: The server did not provide any stacktrace information)
Command duration or timeout: 0 milliseconds
For documentation on this error, please visit: http://seleniumhq.org/exceptions/stale_element_reference.html
Build info: version: '3.7.1', revision: '8a0099a', time: '2017-11-06T21:07:36.161Z'
System info: host: 'sumans-MacBook-Pro.local', ip: 'fe80:0:0:0:1857:8f59:183b:9f0b%en0', os.name: 'Mac OS X', os.arch: 'x86_64', os.version: '10.13.6', java.version: '1.8.0_181'
Driver info: com.kms.katalon.selenium.driver.CChromeDriver
Capabilities {acceptInsecureCerts: false, acceptSslCerts: false, applicationCacheEnabled: false, browserConnectionEnabled: false, browserName: chrome, chrome: {chromedriverVersion: 2.43.600229 (3fae4d0cda5334..., userDataDir: /var/folders/1t/c55l8xzs6gq...}, cssSelectorsEnabled: true, databaseEnabled: false, goog:chromeOptions: {debuggerAddress: localhost:56417}, handlesAlerts: true, hasTouchScreen: false, javascriptEnabled: true, locationContextEnabled: true, mobileEmulationEnabled: false, nativeEvents: true, networkConnectionEnabled: false, pageLoadStrategy: normal, platform: MAC, platformName: MAC, rotatable: false, setWindowRect: true, takesHeapSnapshot: true, takesScreenshot: true, unexpectedAlertBehaviour: , unhandledPromptBehavior: , version: 74.0.3729.108, webStorageEnabled: true}
Session ID: 7ba37f05f6c740eeae6e76f92bc89270)
	at com.kms.katalon.core.keyword.internal.KeywordMain.stepFailed(KeywordMain.groovy:36)
	at com.kms.katalon.core.webui.keyword.internal.WebUIKeywordMain.stepFailed(WebUIKeywordMain.groovy:65)
	at com.kms.katalon.core.webui.keyword.internal.WebUIKeywordMain.runKeyword(WebUIKeywordMain.groovy:27)
	at com.kms.katalon.core.webui.keyword.builtin.ClickKeyword.click(ClickKeyword.groovy:86)
	at com.kms.katalon.core.webui.keyword.builtin.ClickKeyword.execute(ClickKeyword.groovy:67)
	at com.kms.katalon.core.keyword.internal.KeywordExecutor.executeKeywordForPlatform(KeywordExecutor.groovy:53)
	at com.kms.katalon.core.webui.keyword.WebUiBuiltInKeywords.click(WebUiBuiltInKeywords.groovy:616)
	at com.kms.katalon.core.webui.keyword.WebUiBuiltInKeywords$click$3.call(Unknown Source)
	at Recently viewed.run(Recently viewed:47)
	at com.kms.katalon.core.main.ScriptEngine.run(ScriptEngine.java:194)
	at com.kms.katalon.core.main.ScriptEngine.runScriptAsRawText(ScriptEngine.java:119)
	at com.kms.katalon.core.main.TestCaseExecutor.runScript(TestCaseExecutor.java:328)
	at com.kms.katalon.core.main.TestCaseExecutor.doExecute(TestCaseExecutor.java:319)
	at com.kms.katalon.core.main.TestCaseExecutor.processExecutionPhase(TestCaseExecutor.java:298)
	at com.kms.katalon.core.main.TestCaseExecutor.accessMainPhase(TestCaseExecutor.java:290)
	at com.kms.katalon.core.main.TestCaseExecutor.execute(TestCaseExecutor.java:224)
	at com.kms.katalon.core.main.TestSuiteExecutor.accessTestCaseMainPhase(TestSuiteExecutor.java:129)
	at com.kms.katalon.core.main.TestSuiteExecutor.accessTestSuiteMainPhase(TestSuiteExecutor.java:112)
	at com.kms.katalon.core.main.TestSuiteExecutor.execute(TestSuiteExecutor.java:81)
	at com.kms.katalon.core.main.TestCaseMain.startTestSuite(TestCaseMain.java:149)
	at com.kms.katalon.core.main.TestCaseMain$startTestSuite$0.call(Unknown Source)
	at TempTestSuite1556640254199.run(TempTestSuite1556640254199.groovy:36)


2019-04-30 12:07:31 - [MESSAGE][FAILED] - Unable to click on object 'Object Repository/Recently viewed_OR/Page_Indica Dominant Dried Flower/h3_Shishkaberry' (Root cause: org.openqa.selenium.StaleElementReferenceException: stale element reference: element is not attached to the page document
  (Session info: headless chrome=74.0.3729.108)
  (Driver info: chromedriver=2.43.600229 (3fae4d0cda5334b4f533bede5a4787f7b832d052),platform=Mac OS X 10.13.6 x86_64) (WARNING: The server did not provide any stacktrace information)
Command duration or timeout: 0 milliseconds
For documentation on this error, please visit: http://seleniumhq.org/exceptions/stale_element_reference.html
Build info: version: '3.7.1', revision: '8a0099a', time: '2017-11-06T21:07:36.161Z'
System info: host: 'sumans-MacBook-Pro.local', ip: 'fe80:0:0:0:1857:8f59:183b:9f0b%en0', os.name: 'Mac OS X', os.arch: 'x86_64', os.version: '10.13.6', java.version: '1.8.0_181'
Driver info: com.kms.katalon.selenium.driver.CChromeDriver
Capabilities {acceptInsecureCerts: false, acceptSslCerts: false, applicationCacheEnabled: false, browserConnectionEnabled: false, browserName: chrome, chrome: {chromedriverVersion: 2.43.600229 (3fae4d0cda5334..., userDataDir: /var/folders/1t/c55l8xzs6gq...}, cssSelectorsEnabled: true, databaseEnabled: false, goog:chromeOptions: {debuggerAddress: localhost:56417}, handlesAlerts: true, hasTouchScreen: false, javascriptEnabled: true, locationContextEnabled: true, mobileEmulationEnabled: false, nativeEvents: true, networkConnectionEnabled: false, pageLoadStrategy: normal, platform: MAC, platformName: MAC, rotatable: false, setWindowRect: true, takesHeapSnapshot: true, takesScreenshot: true, unexpectedAlertBehaviour: , unhandledPromptBehavior: , version: 74.0.3729.108, webStorageEnabled: true}
Session ID: 7ba37f05f6c740eeae6e76f92bc89270)
[[ATTACHMENT|/Users/sumankompelly/git/Sample-OCS/Reports/Product page/20190430_120414/1556640451126.png]]

2019-04-30 12:07:31 - [MESSAGE][FAILED] - click(findTestObject("Object Repository/Recently viewed_OR/Page_Indica Dominant Dried Flower/h3_Shishkaberry")) FAILED.
Reason:
com.kms.katalon.core.exception.StepFailedException: Unable to click on object 'Object Repository/Recently viewed_OR/Page_Indica Dominant Dried Flower/h3_Shishkaberry' (Root cause: org.openqa.selenium.StaleElementReferenceException: stale element reference: element is not attached to the page document
  (Session info: headless chrome=74.0.3729.108)
  (Driver info: chromedriver=2.43.600229 (3fae4d0cda5334b4f533bede5a4787f7b832d052),platform=Mac OS X 10.13.6 x86_64) (WARNING: The server did not provide any stacktrace information)
Command duration or timeout: 0 milliseconds
For documentation on this error, please visit: http://seleniumhq.org/exceptions/stale_element_reference.html
Build info: version: '3.7.1', revision: '8a0099a', time: '2017-11-06T21:07:36.161Z'
System info: host: 'sumans-MacBook-Pro.local', ip: 'fe80:0:0:0:1857:8f59:183b:9f0b%en0', os.name: 'Mac OS X', os.arch: 'x86_64', os.version: '10.13.6', java.version: '1.8.0_181'
Driver info: com.kms.katalon.selenium.driver.CChromeDriver
Capabilities {acceptInsecureCerts: false, acceptSslCerts: false, applicationCacheEnabled: false, browserConnectionEnabled: false, browserName: chrome, chrome: {chromedriverVersion: 2.43.600229 (3fae4d0cda5334..., userDataDir: /var/folders/1t/c55l8xzs6gq...}, cssSelectorsEnabled: true, databaseEnabled: false, goog:chromeOptions: {debuggerAddress: localhost:56417}, handlesAlerts: true, hasTouchScreen: false, javascriptEnabled: true, locationContextEnabled: true, mobileEmulationEnabled: false, nativeEvents: true, networkConnectionEnabled: false, pageLoadStrategy: normal, platform: MAC, platformName: MAC, rotatable: false, setWindowRect: true, takesHeapSnapshot: true, takesScreenshot: true, unexpectedAlertBehaviour: , unhandledPromptBehavior: , version: 74.0.3729.108, webStorageEnabled: true}
Session ID: 7ba37f05f6c740eeae6e76f92bc89270)
	at com.kms.katalon.core.keyword.internal.KeywordMain.stepFailed(KeywordMain.groovy:36)
	at com.kms.katalon.core.webui.keyword.internal.WebUIKeywordMain.stepFailed(WebUIKeywordMain.groovy:65)
	at com.kms.katalon.core.webui.keyword.internal.WebUIKeywordMain.runKeyword(WebUIKeywordMain.groovy:27)
	at com.kms.katalon.core.webui.keyword.builtin.ClickKeyword.click(ClickKeyword.groovy:86)
	at com.kms.katalon.core.webui.keyword.builtin.ClickKeyword.execute(ClickKeyword.groovy:67)
	at com.kms.katalon.core.keyword.internal.KeywordExecutor.executeKeywordForPlatform(KeywordExecutor.groovy:53)
	at com.kms.katalon.core.webui.keyword.WebUiBuiltInKeywords.click(WebUiBuiltInKeywords.groovy:616)
	at com.kms.katalon.core.webui.keyword.WebUiBuiltInKeywords$click$3.call(Unknown Source)
	at Recently viewed.run(Recently viewed:47)
	at com.kms.katalon.core.main.ScriptEngine.run(ScriptEngine.java:194)
	at com.kms.katalon.core.main.ScriptEngine.runScriptAsRawText(ScriptEngine.java:119)
	at com.kms.katalon.core.main.TestCaseExecutor.runScript(TestCaseExecutor.java:328)
	at com.kms.katalon.core.main.TestCaseExecutor.doExecute(TestCaseExecutor.java:319)
	at com.kms.katalon.core.main.TestCaseExecutor.processExecutionPhase(TestCaseExecutor.java:298)
	at com.kms.katalon.core.main.TestCaseExecutor.accessMainPhase(TestCaseExecutor.java:290)
	at com.kms.katalon.core.main.TestCaseExecutor.execute(TestCaseExecutor.java:224)
	at com.kms.katalon.core.main.TestSuiteExecutor.accessTestCaseMainPhase(TestSuiteExecutor.java:129)
	at com.kms.katalon.core.main.TestSuiteExecutor.accessTestSuiteMainPhase(TestSuiteExecutor.java:112)
	at com.kms.katalon.core.main.TestSuiteExecutor.execute(TestSuiteExecutor.java:81)
	at com.kms.katalon.core.main.TestCaseMain.startTestSuite(TestCaseMain.java:149)
	at com.kms.katalon.core.main.TestCaseMain$startTestSuite$0.call(Unknown Source)
	at TempTestSuite1556640254199.run(TempTestSuite1556640254199.groovy:36)]]></system-out>
         <system-err><![CDATA[2019-04-30 12:07:19 - [TEST_CASE][FAILED] - Test Cases/OCS- PRODUCT PAGE/Recently viewed: Test Cases/OCS- PRODUCT PAGE/Recently viewed FAILED.
Reason:
com.kms.katalon.core.exception.StepFailedException: Unable to click on object 'Object Repository/Recently viewed_OR/Page_Indica Dominant Dried Flower/h3_Shishkaberry' (Root cause: org.openqa.selenium.StaleElementReferenceException: stale element reference: element is not attached to the page document
  (Session info: headless chrome=74.0.3729.108)
  (Driver info: chromedriver=2.43.600229 (3fae4d0cda5334b4f533bede5a4787f7b832d052),platform=Mac OS X 10.13.6 x86_64) (WARNING: The server did not provide any stacktrace information)
Command duration or timeout: 0 milliseconds
For documentation on this error, please visit: http://seleniumhq.org/exceptions/stale_element_reference.html
Build info: version: '3.7.1', revision: '8a0099a', time: '2017-11-06T21:07:36.161Z'
System info: host: 'sumans-MacBook-Pro.local', ip: 'fe80:0:0:0:1857:8f59:183b:9f0b%en0', os.name: 'Mac OS X', os.arch: 'x86_64', os.version: '10.13.6', java.version: '1.8.0_181'
Driver info: com.kms.katalon.selenium.driver.CChromeDriver
Capabilities {acceptInsecureCerts: false, acceptSslCerts: false, applicationCacheEnabled: false, browserConnectionEnabled: false, browserName: chrome, chrome: {chromedriverVersion: 2.43.600229 (3fae4d0cda5334..., userDataDir: /var/folders/1t/c55l8xzs6gq...}, cssSelectorsEnabled: true, databaseEnabled: false, goog:chromeOptions: {debuggerAddress: localhost:56417}, handlesAlerts: true, hasTouchScreen: false, javascriptEnabled: true, locationContextEnabled: true, mobileEmulationEnabled: false, nativeEvents: true, networkConnectionEnabled: false, pageLoadStrategy: normal, platform: MAC, platformName: MAC, rotatable: false, setWindowRect: true, takesHeapSnapshot: true, takesScreenshot: true, unexpectedAlertBehaviour: , unhandledPromptBehavior: , version: 74.0.3729.108, webStorageEnabled: true}
Session ID: 7ba37f05f6c740eeae6e76f92bc89270)
	at com.kms.katalon.core.keyword.internal.KeywordMain.stepFailed(KeywordMain.groovy:36)
	at com.kms.katalon.core.webui.keyword.internal.WebUIKeywordMain.stepFailed(WebUIKeywordMain.groovy:65)
	at com.kms.katalon.core.webui.keyword.internal.WebUIKeywordMain.runKeyword(WebUIKeywordMain.groovy:27)
	at com.kms.katalon.core.webui.keyword.builtin.ClickKeyword.click(ClickKeyword.groovy:86)
	at com.kms.katalon.core.webui.keyword.builtin.ClickKeyword.execute(ClickKeyword.groovy:67)
	at com.kms.katalon.core.keyword.internal.KeywordExecutor.executeKeywordForPlatform(KeywordExecutor.groovy:53)
	at com.kms.katalon.core.webui.keyword.WebUiBuiltInKeywords.click(WebUiBuiltInKeywords.groovy:616)
	at com.kms.katalon.core.webui.keyword.WebUiBuiltInKeywords$click$3.call(Unknown Source)
	at Recently viewed.run(Recently viewed:47)
	at com.kms.katalon.core.main.ScriptEngine.run(ScriptEngine.java:194)
	at com.kms.katalon.core.main.ScriptEngine.runScriptAsRawText(ScriptEngine.java:119)
	at com.kms.katalon.core.main.TestCaseExecutor.runScript(TestCaseExecutor.java:328)
	at com.kms.katalon.core.main.TestCaseExecutor.doExecute(TestCaseExecutor.java:319)
	at com.kms.katalon.core.main.TestCaseExecutor.processExecutionPhase(TestCaseExecutor.java:298)
	at com.kms.katalon.core.main.TestCaseExecutor.accessMainPhase(TestCaseExecutor.java:290)
	at com.kms.katalon.core.main.TestCaseExecutor.execute(TestCaseExecutor.java:224)
	at com.kms.katalon.core.main.TestSuiteExecutor.accessTestCaseMainPhase(TestSuiteExecutor.java:129)
	at com.kms.katalon.core.main.TestSuiteExecutor.accessTestSuiteMainPhase(TestSuiteExecutor.java:112)
	at com.kms.katalon.core.main.TestSuiteExecutor.execute(TestSuiteExecutor.java:81)
	at com.kms.katalon.core.main.TestCaseMain.startTestSuite(TestCaseMain.java:149)
	at com.kms.katalon.core.main.TestCaseMain$startTestSuite$0.call(Unknown Source)
	at TempTestSuite1556640254199.run(TempTestSuite1556640254199.groovy:36)]]></system-err>
      </testcase>
      <testcase name="Test Cases/OCS- PRODUCT PAGE/variants selector" classname="Test Cases/OCS- PRODUCT PAGE/variants selector" status="PASSED">
         <system-out><![CDATA[2019-04-30 12:07:31 - [TEST_CASE][PASSED] - Test Cases/OCS- PRODUCT PAGE/variants selector: Test Cases/OCS- PRODUCT PAGE/variants selector

2019-04-30 12:07:31 - [TEST_STEP][PASSED] - openBrowser(""): Browser is opened with url: ''

2019-04-30 12:07:31 - [MESSAGE][WARNING] - A browser is already opened. Closing browser and opening a new one

2019-04-30 12:07:31 - [MESSAGE][INFO] - Starting 'Chrome (headless)' driver

2019-04-30 12:07:32 - [MESSAGE][PASSED] - Browser is opened with url: ''

2019-04-30 12:07:32 - [TEST_STEP][PASSED] - navigateToUrl("http://ocs.ca/#/verify-age"): Navigate to 'http://ocs.ca/#/verify-age' successfully

2019-04-30 12:07:33 - [MESSAGE][PASSED] - Navigate to 'http://ocs.ca/#/verify-age' successfully

2019-04-30 12:07:33 - [TEST_STEP][PASSED] - maximizeWindow(): Current window maximized

2019-04-30 12:07:34 - [MESSAGE][PASSED] - Current window maximized

2019-04-30 12:07:34 - [TEST_STEP][PASSED] - selectOptionByValue(findTestObject("Object Repository/PROD-breadcrumb_OR/Page_Ontario Cannabis Store  Ontari/select_Select01020304050607080"), "1", true): All options with value '1' are selected in object 'Object Repository/PROD-breadcrumb_OR/Page_Ontario Cannabis Store  Ontari/select_Select01020304050607080'  using regular expression

2019-04-30 12:07:34 - [MESSAGE][PASSED] - All options with value '1' are selected in object 'Object Repository/PROD-breadcrumb_OR/Page_Ontario Cannabis Store  Ontari/select_Select01020304050607080'  using regular expression

2019-04-30 12:07:34 - [TEST_STEP][PASSED] - selectOptionByValue(findTestObject("Object Repository/PROD-breadcrumb_OR/Page_Ontario Cannabis Store  Ontari/select_SelectJanuary - 01Febru"), "0", true): All options with value '0' are selected in object 'Object Repository/PROD-breadcrumb_OR/Page_Ontario Cannabis Store  Ontari/select_SelectJanuary - 01Febru'  using regular expression

2019-04-30 12:07:34 - [MESSAGE][PASSED] - All options with value '0' are selected in object 'Object Repository/PROD-breadcrumb_OR/Page_Ontario Cannabis Store  Ontari/select_SelectJanuary - 01Febru'  using regular expression

2019-04-30 12:07:34 - [TEST_STEP][PASSED] - selectOptionByValue(findTestObject("Object Repository/PROD-breadcrumb_OR/Page_Ontario Cannabis Store  Ontari/select_Select20182017201620152"), "1968", true): All options with value '1968' are selected in object 'Object Repository/PROD-breadcrumb_OR/Page_Ontario Cannabis Store  Ontari/select_Select20182017201620152'  using regular expression

2019-04-30 12:07:35 - [MESSAGE][PASSED] - All options with value '1968' are selected in object 'Object Repository/PROD-breadcrumb_OR/Page_Ontario Cannabis Store  Ontari/select_Select20182017201620152'  using regular expression

2019-04-30 12:07:35 - [TEST_STEP][PASSED] - click(findTestObject("Object Repository/PROD-breadcrumb_OR/Page_Ontario Cannabis Store  Ontari/button_Verify")): Object: 'Object Repository/PROD-breadcrumb_OR/Page_Ontario Cannabis Store  Ontari/button_Verify' is clicked on

2019-04-30 12:07:35 - [MESSAGE][PASSED] - Object: 'Object Repository/PROD-breadcrumb_OR/Page_Ontario Cannabis Store  Ontari/button_Verify' is clicked on

2019-04-30 12:07:35 - [TEST_STEP][PASSED] - click(findTestObject("Object Repository/PROD-breadcrumb_OR/Page_Ontario Cannabis Store  Ontari/span_CONFIRM AND ACKNOWLEDGE_c")): Object: 'Object Repository/PROD-breadcrumb_OR/Page_Ontario Cannabis Store  Ontari/span_CONFIRM AND ACKNOWLEDGE_c' is clicked on

2019-04-30 12:07:35 - [MESSAGE][PASSED] - Object: 'Object Repository/PROD-breadcrumb_OR/Page_Ontario Cannabis Store  Ontari/span_CONFIRM AND ACKNOWLEDGE_c' is clicked on

2019-04-30 12:07:35 - [TEST_STEP][PASSED] - click(findTestObject("Object Repository/PROD-breadcrumb_OR/Page_Ontario Cannabis Store  Ontari/button_CONFIRM")): Object: 'Object Repository/PROD-breadcrumb_OR/Page_Ontario Cannabis Store  Ontari/button_CONFIRM' is clicked on

2019-04-30 12:07:36 - [MESSAGE][PASSED] - Object: 'Object Repository/PROD-breadcrumb_OR/Page_Ontario Cannabis Store  Ontari/button_CONFIRM' is clicked on

2019-04-30 12:07:36 - [TEST_STEP][PASSED] - click(findTestObject("Object Repository/PROD-breadcrumb_OR/Page_Ontario Cannabis Store  Ontari/button_Start Browsing")): Object: 'Object Repository/PROD-breadcrumb_OR/Page_Ontario Cannabis Store  Ontari/button_Start Browsing' is clicked on

2019-04-30 12:07:36 - [MESSAGE][PASSED] - Object: 'Object Repository/PROD-breadcrumb_OR/Page_Ontario Cannabis Store  Ontari/button_Start Browsing' is clicked on

2019-04-30 12:07:36 - [TEST_STEP][PASSED] - mouseOver(findTestObject("PROD-breadcrumb_OR/Page_Ontario Cannabis Store  Ontari/h3_Cannabis")): Object: 'Object Repository/PROD-breadcrumb_OR/Page_Ontario Cannabis Store  Ontari/h3_Cannabis' is hovered

2019-04-30 12:07:36 - [MESSAGE][PASSED] - Object: 'Object Repository/PROD-breadcrumb_OR/Page_Ontario Cannabis Store  Ontari/h3_Cannabis' is hovered

2019-04-30 12:07:36 - [TEST_STEP][PASSED] - click(findTestObject("Object Repository/PROD-breadcrumb_OR/Page_Ontario Cannabis Store  Ontari/span_Indica Dominant")): Object: 'Object Repository/PROD-breadcrumb_OR/Page_Ontario Cannabis Store  Ontari/span_Indica Dominant' is clicked on

2019-04-30 12:07:38 - [MESSAGE][PASSED] - Object: 'Object Repository/PROD-breadcrumb_OR/Page_Ontario Cannabis Store  Ontari/span_Indica Dominant' is clicked on

2019-04-30 12:07:38 - [TEST_STEP][PASSED] - delay(3): Delayed 3 second(s)

2019-04-30 12:07:41 - [MESSAGE][PASSED] - Delayed 3 second(s)

2019-04-30 12:07:41 - [TEST_STEP][PASSED] - click(findTestObject("PROD-breadcrumb_OR/Page_Indica Dominant Dried Flower/h3_Shishkaberry")): Object: 'Object Repository/PROD-breadcrumb_OR/Page_Indica Dominant Dried Flower/h3_Shishkaberry' is clicked on

2019-04-30 12:07:44 - [MESSAGE][PASSED] - Object: 'Object Repository/PROD-breadcrumb_OR/Page_Indica Dominant Dried Flower/h3_Shishkaberry' is clicked on

2019-04-30 12:07:44 - [TEST_STEP][NOT_RUN] - click(findTestObject("PROD-breadcrumb_OR/Page_Shishkaberry  Ontario Cannabis/a_Shishkaberry")): NOT_RUN: click(findTestObject("PROD-breadcrumb_OR/Page_Shishkaberry  Ontario Cannabis/a_Shishkaberry"))

2019-04-30 12:07:44 - [MESSAGE][NOT_RUN] - NOT_RUN: click(findTestObject("PROD-breadcrumb_OR/Page_Shishkaberry  Ontario Cannabis/a_Shishkaberry"))

2019-04-30 12:07:44 - [TEST_STEP][NOT_RUN] - click(findTestObject("Object Repository/PROD-breadcrumb_OR/Page_Shishkaberry  Ontario Cannabis/a_Dried Flower")): NOT_RUN: click(findTestObject("Object Repository/PROD-breadcrumb_OR/Page_Shishkaberry  Ontario Cannabis/a_Dried Flower"))

2019-04-30 12:07:44 - [MESSAGE][NOT_RUN] - NOT_RUN: click(findTestObject("Object Repository/PROD-breadcrumb_OR/Page_Shishkaberry  Ontario Cannabis/a_Dried Flower"))

2019-04-30 12:07:44 - [TEST_STEP][NOT_RUN] - click(findTestObject("Object Repository/PROD-breadcrumb_OR/Page_Dried Flower  Ontario Cannabis/a_Cannabis")): NOT_RUN: click(findTestObject("Object Repository/PROD-breadcrumb_OR/Page_Dried Flower  Ontario Cannabis/a_Cannabis"))

2019-04-30 12:07:44 - [MESSAGE][NOT_RUN] - NOT_RUN: click(findTestObject("Object Repository/PROD-breadcrumb_OR/Page_Dried Flower  Ontario Cannabis/a_Cannabis"))

2019-04-30 12:07:44 - [TEST_STEP][NOT_RUN] - click(findTestObject("Object Repository/PROD-breadcrumb_OR/Page_All Cannabis Products  Ontario/a_Home")): NOT_RUN: click(findTestObject("Object Repository/PROD-breadcrumb_OR/Page_All Cannabis Products  Ontario/a_Home"))

2019-04-30 12:07:44 - [MESSAGE][NOT_RUN] - NOT_RUN: click(findTestObject("Object Repository/PROD-breadcrumb_OR/Page_All Cannabis Products  Ontario/a_Home"))

2019-04-30 12:07:44 - [TEST_STEP][PASSED] - click(findTestObject("price_OR/Page_Shishkaberry  Ontario Cannabis/label_1g")): Object: 'Object Repository/price_OR/Page_Shishkaberry  Ontario Cannabis/label_1g' is clicked on

2019-04-30 12:07:44 - [MESSAGE][PASSED] - Object: 'Object Repository/price_OR/Page_Shishkaberry  Ontario Cannabis/label_1g' is clicked on

2019-04-30 12:07:44 - [TEST_STEP][PASSED] - click(findTestObject("price_OR/Page_Shishkaberry  Ontario Cannabis/label_3.5g")): Object: 'Object Repository/price_OR/Page_Shishkaberry  Ontario Cannabis/label_3.5g' is clicked on

2019-04-30 12:07:44 - [MESSAGE][PASSED] - Object: 'Object Repository/price_OR/Page_Shishkaberry  Ontario Cannabis/label_3.5g' is clicked on

2019-04-30 12:07:44 - [TEST_STEP][PASSED] - closeBrowser(): Browser is closed

2019-04-30 12:07:45 - [MESSAGE][PASSED] - Browser is closed]]></system-out>
         <system-err><![CDATA[]]></system-err>
      </testcase>
      <testcase name="Test Cases/OCS- PRODUCT PAGE/How to choose cannbis products" classname="Test Cases/OCS- PRODUCT PAGE/How to choose cannbis products" status="PASSED">
         <system-out><![CDATA[2019-04-30 12:07:45 - [TEST_CASE][PASSED] - Test Cases/OCS- PRODUCT PAGE/How to choose cannbis products: Test Cases/OCS- PRODUCT PAGE/How to choose cannbis products

2019-04-30 12:07:45 - [TEST_STEP][PASSED] - openBrowser(""): Browser is opened with url: ''

2019-04-30 12:07:45 - [MESSAGE][INFO] - Starting 'Chrome (headless)' driver

2019-04-30 12:07:45 - [MESSAGE][PASSED] - Browser is opened with url: ''

2019-04-30 12:07:45 - [TEST_STEP][PASSED] - navigateToUrl("https://ocs.ca/#/verify-age"): Navigate to 'https://ocs.ca/#/verify-age' successfully

2019-04-30 12:07:46 - [MESSAGE][PASSED] - Navigate to 'https://ocs.ca/#/verify-age' successfully

2019-04-30 12:07:46 - [TEST_STEP][PASSED] - maximizeWindow(): Current window maximized

2019-04-30 12:07:47 - [MESSAGE][PASSED] - Current window maximized

2019-04-30 12:07:47 - [TEST_STEP][PASSED] - selectOptionByValue(findTestObject("Object Repository/cannabis products_OR/Page_Ontario Cannabis Store  Ontari/select_Select01020304050607080"), "16", true): All options with value '16' are selected in object 'Object Repository/cannabis products_OR/Page_Ontario Cannabis Store  Ontari/select_Select01020304050607080'  using regular expression

2019-04-30 12:07:47 - [MESSAGE][PASSED] - All options with value '16' are selected in object 'Object Repository/cannabis products_OR/Page_Ontario Cannabis Store  Ontari/select_Select01020304050607080'  using regular expression

2019-04-30 12:07:47 - [TEST_STEP][PASSED] - selectOptionByValue(findTestObject("Object Repository/cannabis products_OR/Page_Ontario Cannabis Store  Ontari/select_SelectJanuary - 01Febru"), "8", true): All options with value '8' are selected in object 'Object Repository/cannabis products_OR/Page_Ontario Cannabis Store  Ontari/select_SelectJanuary - 01Febru'  using regular expression

2019-04-30 12:07:47 - [MESSAGE][PASSED] - All options with value '8' are selected in object 'Object Repository/cannabis products_OR/Page_Ontario Cannabis Store  Ontari/select_SelectJanuary - 01Febru'  using regular expression

2019-04-30 12:07:47 - [TEST_STEP][PASSED] - selectOptionByValue(findTestObject("Object Repository/cannabis products_OR/Page_Ontario Cannabis Store  Ontari/select_Select20182017201620152"), "1949", true): All options with value '1949' are selected in object 'Object Repository/cannabis products_OR/Page_Ontario Cannabis Store  Ontari/select_Select20182017201620152'  using regular expression

2019-04-30 12:07:49 - [MESSAGE][PASSED] - All options with value '1949' are selected in object 'Object Repository/cannabis products_OR/Page_Ontario Cannabis Store  Ontari/select_Select20182017201620152'  using regular expression

2019-04-30 12:07:49 - [TEST_STEP][PASSED] - click(findTestObject("Object Repository/cannabis products_OR/Page_Ontario Cannabis Store  Ontari/button_Verify")): Object: 'Object Repository/cannabis products_OR/Page_Ontario Cannabis Store  Ontari/button_Verify' is clicked on

2019-04-30 12:07:49 - [MESSAGE][PASSED] - Object: 'Object Repository/cannabis products_OR/Page_Ontario Cannabis Store  Ontari/button_Verify' is clicked on

2019-04-30 12:07:49 - [TEST_STEP][PASSED] - click(findTestObject("Object Repository/cannabis products_OR/Page_Ontario Cannabis Store  Ontari/span_CONFIRM AND ACKNOWLEDGE_c")): Object: 'Object Repository/cannabis products_OR/Page_Ontario Cannabis Store  Ontari/span_CONFIRM AND ACKNOWLEDGE_c' is clicked on

2019-04-30 12:07:49 - [MESSAGE][PASSED] - Object: 'Object Repository/cannabis products_OR/Page_Ontario Cannabis Store  Ontari/span_CONFIRM AND ACKNOWLEDGE_c' is clicked on

2019-04-30 12:07:49 - [TEST_STEP][PASSED] - click(findTestObject("Object Repository/cannabis products_OR/Page_Ontario Cannabis Store  Ontari/button_CONFIRM")): Object: 'Object Repository/cannabis products_OR/Page_Ontario Cannabis Store  Ontari/button_CONFIRM' is clicked on

2019-04-30 12:07:49 - [MESSAGE][PASSED] - Object: 'Object Repository/cannabis products_OR/Page_Ontario Cannabis Store  Ontari/button_CONFIRM' is clicked on

2019-04-30 12:07:49 - [TEST_STEP][PASSED] - click(findTestObject("Object Repository/cannabis products_OR/Page_Ontario Cannabis Store  Ontari/button_Start Browsing")): Object: 'Object Repository/cannabis products_OR/Page_Ontario Cannabis Store  Ontari/button_Start Browsing' is clicked on

2019-04-30 12:07:49 - [MESSAGE][PASSED] - Object: 'Object Repository/cannabis products_OR/Page_Ontario Cannabis Store  Ontari/button_Start Browsing' is clicked on

2019-04-30 12:07:49 - [TEST_STEP][PASSED] - delay(3): Delayed 3 second(s)

2019-04-30 12:07:52 - [MESSAGE][PASSED] - Delayed 3 second(s)

2019-04-30 12:07:52 - [TEST_STEP][PASSED] - click(findTestObject("COLLECTION PAGE _OR/breadcrumbs_OR/Page_Ontario Cannabis Store  Ontari/h3_Cannabis")): Object: 'Object Repository/COLLECTION PAGE _OR/breadcrumbs_OR/Page_Ontario Cannabis Store  Ontari/h3_Cannabis' is clicked on

2019-04-30 12:07:52 - [MESSAGE][PASSED] - Object: 'Object Repository/COLLECTION PAGE _OR/breadcrumbs_OR/Page_Ontario Cannabis Store  Ontari/h3_Cannabis' is clicked on

2019-04-30 12:07:52 - [TEST_STEP][PASSED] - delay(3): Delayed 3 second(s)

2019-04-30 12:07:55 - [MESSAGE][PASSED] - Delayed 3 second(s)

2019-04-30 12:07:55 - [TEST_STEP][PASSED] - click(findTestObject("Object Repository/cannabis products_OR/Page_Ontario Cannabis Store  Ontari/span_Indica Dominant")): Object: 'Object Repository/cannabis products_OR/Page_Ontario Cannabis Store  Ontari/span_Indica Dominant' is clicked on

2019-04-30 12:07:56 - [MESSAGE][PASSED] - Object: 'Object Repository/cannabis products_OR/Page_Ontario Cannabis Store  Ontari/span_Indica Dominant' is clicked on

2019-04-30 12:07:56 - [TEST_STEP][PASSED] - delay(2): Delayed 2 second(s)

2019-04-30 12:07:58 - [MESSAGE][PASSED] - Delayed 2 second(s)

2019-04-30 12:07:58 - [TEST_STEP][PASSED] - click(findTestObject("Object Repository/cannabis products_OR/Page_Indica Dominant Dried Flower/h3_Shishkaberry")): Object: 'Object Repository/cannabis products_OR/Page_Indica Dominant Dried Flower/h3_Shishkaberry' is clicked on

2019-04-30 12:08:02 - [MESSAGE][PASSED] - Object: 'Object Repository/cannabis products_OR/Page_Indica Dominant Dried Flower/h3_Shishkaberry' is clicked on

2019-04-30 12:08:02 - [TEST_STEP][PASSED] - delay(2): Delayed 2 second(s)

2019-04-30 12:08:04 - [MESSAGE][PASSED] - Delayed 2 second(s)

2019-04-30 12:08:04 - [TEST_STEP][PASSED] - click(findTestObject("Object Repository/cannabis products_OR/Page_Shishkaberry  Ontario Cannabis/a_How to choose cannabis produ")): Object: 'Object Repository/cannabis products_OR/Page_Shishkaberry  Ontario Cannabis/a_How to choose cannabis produ' is clicked on

2019-04-30 12:08:06 - [MESSAGE][PASSED] - Object: 'Object Repository/cannabis products_OR/Page_Shishkaberry  Ontario Cannabis/a_How to choose cannabis produ' is clicked on

2019-04-30 12:08:06 - [TEST_STEP][PASSED] - a = getWindowTitle(): Current window's title is: 'Factors in Choosing Cannabis Products | Ontario Cannabis Store'

2019-04-30 12:08:06 - [MESSAGE][PASSED] - Current window's title is: 'Factors in Choosing Cannabis Products | Ontario Cannabis Store'

2019-04-30 12:08:06 - [TEST_STEP][PASSED] - if (getWindowTitle() == a): title same

2019-04-30 12:08:06 - [MESSAGE][PASSED] - Current window's title is: 'Factors in Choosing Cannabis Products | Ontario Cannabis Store'

2019-04-30 12:08:06 - [TEST_STEP][PASSED] - comment("title same"): title same

2019-04-30 12:08:06 - [MESSAGE][INFO] - title same

2019-04-30 12:08:06 - [TEST_STEP][PASSED] - back(): Navigate back successfully

2019-04-30 12:08:07 - [MESSAGE][PASSED] - Navigate back successfully]]></system-out>
         <system-err><![CDATA[]]></system-err>
      </testcase>
      <system-out><![CDATA[2019-04-30 12:04:16 - [TEST_SUITE][FAILED] - Product page: Test Cases/OCS- PRODUCT PAGE/Moreitems to consider FAILED.
Reason:
com.kms.katalon.core.exception.StepFailedException: Unable to click on object 'Object Repository/More items _OR/Page_Shishkaberry  Ontario Cannabis/img' (Root cause: org.openqa.selenium.ElementNotVisibleException: element not interactable
  (Session info: headless chrome=74.0.3729.108)
  (Driver info: chromedriver=2.43.600229 (3fae4d0cda5334b4f533bede5a4787f7b832d052),platform=Mac OS X 10.13.6 x86_64) (WARNING: The server did not provide any stacktrace information)
Command duration or timeout: 0 milliseconds
Build info: version: '3.7.1', revision: '8a0099a', time: '2017-11-06T21:07:36.161Z'
System info: host: 'sumans-MacBook-Pro.local', ip: 'fe80:0:0:0:1857:8f59:183b:9f0b%en0', os.name: 'Mac OS X', os.arch: 'x86_64', os.version: '10.13.6', java.version: '1.8.0_181'
Driver info: com.kms.katalon.selenium.driver.CChromeDriver
Capabilities {acceptInsecureCerts: false, acceptSslCerts: false, applicationCacheEnabled: false, browserConnectionEnabled: false, browserName: chrome, chrome: {chromedriverVersion: 2.43.600229 (3fae4d0cda5334..., userDataDir: /var/folders/1t/c55l8xzs6gq...}, cssSelectorsEnabled: true, databaseEnabled: false, goog:chromeOptions: {debuggerAddress: localhost:56338}, handlesAlerts: true, hasTouchScreen: false, javascriptEnabled: true, locationContextEnabled: true, mobileEmulationEnabled: false, nativeEvents: true, networkConnectionEnabled: false, pageLoadStrategy: normal, platform: MAC, platformName: MAC, rotatable: false, setWindowRect: true, takesHeapSnapshot: true, takesScreenshot: true, unexpectedAlertBehaviour: , unhandledPromptBehavior: , version: 74.0.3729.108, webStorageEnabled: true}
Session ID: dcdf117b61e9587b34836eeadcc671af)
	at com.kms.katalon.core.keyword.internal.KeywordMain.stepFailed(KeywordMain.groovy:36)
	at com.kms.katalon.core.webui.keyword.internal.WebUIKeywordMain.stepFailed(WebUIKeywordMain.groovy:65)
	at com.kms.katalon.core.webui.keyword.internal.WebUIKeywordMain.runKeyword(WebUIKeywordMain.groovy:27)
	at com.kms.katalon.core.webui.keyword.builtin.ClickKeyword.click(ClickKeyword.groovy:86)
	at com.kms.katalon.core.webui.keyword.builtin.ClickKeyword.execute(ClickKeyword.groovy:67)
	at com.kms.katalon.core.keyword.internal.KeywordExecutor.executeKeywordForPlatform(KeywordExecutor.groovy:53)
	at com.kms.katalon.core.webui.keyword.WebUiBuiltInKeywords.click(WebUiBuiltInKeywords.groovy:616)
	at com.kms.katalon.core.webui.keyword.WebUiBuiltInKeywords$click$3.call(Unknown Source)
	at Moreitems to consider.run(Moreitems to consider:73)
	at com.kms.katalon.core.main.ScriptEngine.run(ScriptEngine.java:194)
	at com.kms.katalon.core.main.ScriptEngine.runScriptAsRawText(ScriptEngine.java:119)
	at com.kms.katalon.core.main.TestCaseExecutor.runScript(TestCaseExecutor.java:328)
	at com.kms.katalon.core.main.TestCaseExecutor.doExecute(TestCaseExecutor.java:319)
	at com.kms.katalon.core.main.TestCaseExecutor.processExecutionPhase(TestCaseExecutor.java:298)
	at com.kms.katalon.core.main.TestCaseExecutor.accessMainPhase(TestCaseExecutor.java:290)
	at com.kms.katalon.core.main.TestCaseExecutor.execute(TestCaseExecutor.java:224)
	at com.kms.katalon.core.main.TestSuiteExecutor.accessTestCaseMainPhase(TestSuiteExecutor.java:129)
	at com.kms.katalon.core.main.TestSuiteExecutor.accessTestSuiteMainPhase(TestSuiteExecutor.java:112)
	at com.kms.katalon.core.main.TestSuiteExecutor.execute(TestSuiteExecutor.java:81)
	at com.kms.katalon.core.main.TestCaseMain.startTestSuite(TestCaseMain.java:149)
	at com.kms.katalon.core.main.TestCaseMain$startTestSuite$0.call(Unknown Source)
	at TempTestSuite1556640254199.run(TempTestSuite1556640254199.groovy:36)]]></system-out>
      <system-err><![CDATA[2019-04-30 12:04:16 - [TEST_SUITE][FAILED] - Product page: Test Cases/OCS- PRODUCT PAGE/Moreitems to consider FAILED.
Reason:
com.kms.katalon.core.exception.StepFailedException: Unable to click on object 'Object Repository/More items _OR/Page_Shishkaberry  Ontario Cannabis/img' (Root cause: org.openqa.selenium.ElementNotVisibleException: element not interactable
  (Session info: headless chrome=74.0.3729.108)
  (Driver info: chromedriver=2.43.600229 (3fae4d0cda5334b4f533bede5a4787f7b832d052),platform=Mac OS X 10.13.6 x86_64) (WARNING: The server did not provide any stacktrace information)
Command duration or timeout: 0 milliseconds
Build info: version: '3.7.1', revision: '8a0099a', time: '2017-11-06T21:07:36.161Z'
System info: host: 'sumans-MacBook-Pro.local', ip: 'fe80:0:0:0:1857:8f59:183b:9f0b%en0', os.name: 'Mac OS X', os.arch: 'x86_64', os.version: '10.13.6', java.version: '1.8.0_181'
Driver info: com.kms.katalon.selenium.driver.CChromeDriver
Capabilities {acceptInsecureCerts: false, acceptSslCerts: false, applicationCacheEnabled: false, browserConnectionEnabled: false, browserName: chrome, chrome: {chromedriverVersion: 2.43.600229 (3fae4d0cda5334..., userDataDir: /var/folders/1t/c55l8xzs6gq...}, cssSelectorsEnabled: true, databaseEnabled: false, goog:chromeOptions: {debuggerAddress: localhost:56338}, handlesAlerts: true, hasTouchScreen: false, javascriptEnabled: true, locationContextEnabled: true, mobileEmulationEnabled: false, nativeEvents: true, networkConnectionEnabled: false, pageLoadStrategy: normal, platform: MAC, platformName: MAC, rotatable: false, setWindowRect: true, takesHeapSnapshot: true, takesScreenshot: true, unexpectedAlertBehaviour: , unhandledPromptBehavior: , version: 74.0.3729.108, webStorageEnabled: true}
Session ID: dcdf117b61e9587b34836eeadcc671af)
	at com.kms.katalon.core.keyword.internal.KeywordMain.stepFailed(KeywordMain.groovy:36)
	at com.kms.katalon.core.webui.keyword.internal.WebUIKeywordMain.stepFailed(WebUIKeywordMain.groovy:65)
	at com.kms.katalon.core.webui.keyword.internal.WebUIKeywordMain.runKeyword(WebUIKeywordMain.groovy:27)
	at com.kms.katalon.core.webui.keyword.builtin.ClickKeyword.click(ClickKeyword.groovy:86)
	at com.kms.katalon.core.webui.keyword.builtin.ClickKeyword.execute(ClickKeyword.groovy:67)
	at com.kms.katalon.core.keyword.internal.KeywordExecutor.executeKeywordForPlatform(KeywordExecutor.groovy:53)
	at com.kms.katalon.core.webui.keyword.WebUiBuiltInKeywords.click(WebUiBuiltInKeywords.groovy:616)
	at com.kms.katalon.core.webui.keyword.WebUiBuiltInKeywords$click$3.call(Unknown Source)
	at Moreitems to consider.run(Moreitems to consider:73)
	at com.kms.katalon.core.main.ScriptEngine.run(ScriptEngine.java:194)
	at com.kms.katalon.core.main.ScriptEngine.runScriptAsRawText(ScriptEngine.java:119)
	at com.kms.katalon.core.main.TestCaseExecutor.runScript(TestCaseExecutor.java:328)
	at com.kms.katalon.core.main.TestCaseExecutor.doExecute(TestCaseExecutor.java:319)
	at com.kms.katalon.core.main.TestCaseExecutor.processExecutionPhase(TestCaseExecutor.java:298)
	at com.kms.katalon.core.main.TestCaseExecutor.accessMainPhase(TestCaseExecutor.java:290)
	at com.kms.katalon.core.main.TestCaseExecutor.execute(TestCaseExecutor.java:224)
	at com.kms.katalon.core.main.TestSuiteExecutor.accessTestCaseMainPhase(TestSuiteExecutor.java:129)
	at com.kms.katalon.core.main.TestSuiteExecutor.accessTestSuiteMainPhase(TestSuiteExecutor.java:112)
	at com.kms.katalon.core.main.TestSuiteExecutor.execute(TestSuiteExecutor.java:81)
	at com.kms.katalon.core.main.TestCaseMain.startTestSuite(TestCaseMain.java:149)
	at com.kms.katalon.core.main.TestCaseMain$startTestSuite$0.call(Unknown Source)
	at TempTestSuite1556640254199.run(TempTestSuite1556640254199.groovy:36)]]></system-err>
   </testsuite>
</testsuites>
