<?xml version="1.0" encoding="UTF-8"?>
<testsuites name="Product page" time="285" tests="11" failures="0" errors="0">
   <testsuite name="Product page" tests="11" failures="0" errors="0" time="285" timestamp="2019-04-30 12:37:04" hostname="sumankompelly - 10.0.126.233" id="Test Suites/Product page">
      <properties>
         <property name="deviceName" value=""/>
         <property name="devicePlatform" value=""/>
         <property name="logFolder" value="/Users/sumankompelly/git/Sample-OCS/Reports/Product page/20190430_123701"/>
         <property name="logFiles" value="/Users/sumankompelly/git/Sample-OCS/Reports/Product page/20190430_123701/execution0.log"/>
         <property name="attachments" value="/Users/sumankompelly/git/Sample-OCS/Reports/Product page/20190430_123701/1556642441678.png"/>
         <property name="hostName" value="sumankompelly - 10.0.126.233"/>
         <property name="os" value="Mac OS X 64bit"/>
         <property name="katalonVersion" value="5.10.1.1"/>
         <property name="browser" value="Chrome 74.0.3729.108"/>
         <property name="hostAddress" value="10.0.126.233"/>
         <property name="sessionId" value="e4fd936234bb2d6c9a87eecd6bae793f"/>
         <property name="seleniumVersion" value="3.7.1"/>
         <property name="proxyInformation" value="ProxyInformation{proxyOption=NO_PROXY, proxyServerType=HTTP, password=, proxyServerAddress=, proxyServerPort=0}"/>
         <property name="platform" value="Mac OS X"/>
      </properties>
      <testcase name="Test Cases/OCS- PRODUCT PAGE/Add to bag CTA" classname="Test Cases/OCS- PRODUCT PAGE/Add to bag CTA" status="PASSED">
         <system-out><![CDATA[2019-04-30 12:37:04 - [TEST_CASE][PASSED] - Test Cases/OCS- PRODUCT PAGE/Add to bag CTA: Test Cases/OCS- PRODUCT PAGE/Add to bag CTA

2019-04-30 12:37:04 - [TEST_STEP][PASSED] - openBrowser(""): Browser is opened with url: ''

2019-04-30 12:37:05 - [MESSAGE][INFO] - Starting 'Chrome' driver

2019-04-30 12:37:05 - [MESSAGE][INFO] - Action delay is set to 0 seconds

2019-04-30 12:37:07 - [MESSAGE][PASSED] - Browser is opened with url: ''

2019-04-30 12:37:07 - [TEST_STEP][PASSED] - navigateToUrl("http://ocs.ca/#/verify-age"): Navigate to 'http://ocs.ca/#/verify-age' successfully

2019-04-30 12:37:10 - [MESSAGE][PASSED] - Navigate to 'http://ocs.ca/#/verify-age' successfully

2019-04-30 12:37:10 - [TEST_STEP][PASSED] - maximizeWindow(): Current window maximized

2019-04-30 12:37:11 - [MESSAGE][PASSED] - Current window maximized

2019-04-30 12:37:11 - [TEST_STEP][PASSED] - selectOptionByValue(findTestObject("OCS_OR/Page_Ontario Cannabis Store  Ontari/select_Select01020304050607080"), "1", true): All options with value '1' are selected in object 'Object Repository/OCS_OR/Page_Ontario Cannabis Store  Ontari/select_Select01020304050607080'  using regular expression

2019-04-30 12:37:11 - [MESSAGE][PASSED] - All options with value '1' are selected in object 'Object Repository/OCS_OR/Page_Ontario Cannabis Store  Ontari/select_Select01020304050607080'  using regular expression

2019-04-30 12:37:11 - [TEST_STEP][PASSED] - selectOptionByValue(findTestObject("OCS_OR/Page_Ontario Cannabis Store  Ontari/select_SelectJanuary - 01Febru"), "0", true): All options with value '0' are selected in object 'Object Repository/OCS_OR/Page_Ontario Cannabis Store  Ontari/select_SelectJanuary - 01Febru'  using regular expression

2019-04-30 12:37:11 - [MESSAGE][PASSED] - All options with value '0' are selected in object 'Object Repository/OCS_OR/Page_Ontario Cannabis Store  Ontari/select_SelectJanuary - 01Febru'  using regular expression

2019-04-30 12:37:11 - [TEST_STEP][PASSED] - selectOptionByValue(findTestObject("OCS_OR/Page_Ontario Cannabis Store  Ontari/select_Select20182017201620152 (1)"), "1968", true): All options with value '1968' are selected in object 'Object Repository/OCS_OR/Page_Ontario Cannabis Store  Ontari/select_Select20182017201620152 (1)'  using regular expression

2019-04-30 12:37:12 - [MESSAGE][PASSED] - All options with value '1968' are selected in object 'Object Repository/OCS_OR/Page_Ontario Cannabis Store  Ontari/select_Select20182017201620152 (1)'  using regular expression

2019-04-30 12:37:12 - [TEST_STEP][PASSED] - click(findTestObject("OCS_OR/Page_Ontario Cannabis Store  Ontari/button_Verify")): Object: 'Object Repository/OCS_OR/Page_Ontario Cannabis Store  Ontari/button_Verify' is clicked on

2019-04-30 12:37:13 - [MESSAGE][PASSED] - Object: 'Object Repository/OCS_OR/Page_Ontario Cannabis Store  Ontari/button_Verify' is clicked on

2019-04-30 12:37:13 - [TEST_STEP][PASSED] - click(findTestObject("OCS_OR/Page_Ontario Cannabis Store  Ontari/span_CONFIRM AND ACKNOWLEDGE_c")): Object: 'Object Repository/OCS_OR/Page_Ontario Cannabis Store  Ontari/span_CONFIRM AND ACKNOWLEDGE_c' is clicked on

2019-04-30 12:37:13 - [MESSAGE][PASSED] - Object: 'Object Repository/OCS_OR/Page_Ontario Cannabis Store  Ontari/span_CONFIRM AND ACKNOWLEDGE_c' is clicked on

2019-04-30 12:37:13 - [TEST_STEP][PASSED] - click(findTestObject("OCS_OR/Page_Ontario Cannabis Store  Ontari/button_CONFIRM")): Object: 'Object Repository/OCS_OR/Page_Ontario Cannabis Store  Ontari/button_CONFIRM' is clicked on

2019-04-30 12:37:13 - [MESSAGE][PASSED] - Object: 'Object Repository/OCS_OR/Page_Ontario Cannabis Store  Ontari/button_CONFIRM' is clicked on

2019-04-30 12:37:13 - [TEST_STEP][PASSED] - click(findTestObject("OCS_OR/Page_Ontario Cannabis Store  Ontari/button_Start Browsing")): Object: 'Object Repository/OCS_OR/Page_Ontario Cannabis Store  Ontari/button_Start Browsing' is clicked on

2019-04-30 12:37:13 - [MESSAGE][PASSED] - Object: 'Object Repository/OCS_OR/Page_Ontario Cannabis Store  Ontari/button_Start Browsing' is clicked on

2019-04-30 12:37:13 - [TEST_STEP][PASSED] - mouseOver(findTestObject("PROD-breadcrumb_OR/Page_Ontario Cannabis Store  Ontari/h3_Cannabis")): Object: 'Object Repository/PROD-breadcrumb_OR/Page_Ontario Cannabis Store  Ontari/h3_Cannabis' is hovered

2019-04-30 12:37:13 - [MESSAGE][PASSED] - Object: 'Object Repository/PROD-breadcrumb_OR/Page_Ontario Cannabis Store  Ontari/h3_Cannabis' is hovered

2019-04-30 12:37:13 - [TEST_STEP][PASSED] - click(findTestObject("PROD-breadcrumb_OR/Page_Ontario Cannabis Store  Ontari/span_Indica Dominant")): Object: 'Object Repository/PROD-breadcrumb_OR/Page_Ontario Cannabis Store  Ontari/span_Indica Dominant' is clicked on

2019-04-30 12:37:15 - [MESSAGE][PASSED] - Object: 'Object Repository/PROD-breadcrumb_OR/Page_Ontario Cannabis Store  Ontari/span_Indica Dominant' is clicked on

2019-04-30 12:37:15 - [TEST_STEP][PASSED] - delay(3): Delayed 3 second(s)

2019-04-30 12:37:18 - [MESSAGE][PASSED] - Delayed 3 second(s)

2019-04-30 12:37:18 - [TEST_STEP][PASSED] - click(findTestObject("PROD-breadcrumb_OR/Page_Indica Dominant Dried Flower/h3_Shishkaberry")): Object: 'Object Repository/PROD-breadcrumb_OR/Page_Indica Dominant Dried Flower/h3_Shishkaberry' is clicked on

2019-04-30 12:37:21 - [MESSAGE][PASSED] - Object: 'Object Repository/PROD-breadcrumb_OR/Page_Indica Dominant Dried Flower/h3_Shishkaberry' is clicked on

2019-04-30 12:37:21 - [TEST_STEP][NOT_RUN] - click(findTestObject("Object Repository/Add to bag CTA_OR/Page_Shishkaberry  Ontario Cannabis/a_Shishkaberry")): NOT_RUN: click(findTestObject("Object Repository/Add to bag CTA_OR/Page_Shishkaberry  Ontario Cannabis/a_Shishkaberry"))

2019-04-30 12:37:21 - [MESSAGE][NOT_RUN] - NOT_RUN: click(findTestObject("Object Repository/Add to bag CTA_OR/Page_Shishkaberry  Ontario Cannabis/a_Shishkaberry"))

2019-04-30 12:37:21 - [TEST_STEP][NOT_RUN] - click(findTestObject("Object Repository/Add to bag CTA_OR/Page_Shishkaberry  Ontario Cannabis/a_Dried Flower")): NOT_RUN: click(findTestObject("Object Repository/Add to bag CTA_OR/Page_Shishkaberry  Ontario Cannabis/a_Dried Flower"))

2019-04-30 12:37:21 - [MESSAGE][NOT_RUN] - NOT_RUN: click(findTestObject("Object Repository/Add to bag CTA_OR/Page_Shishkaberry  Ontario Cannabis/a_Dried Flower"))

2019-04-30 12:37:21 - [TEST_STEP][NOT_RUN] - click(findTestObject("Page_Dried Flower  Ontario Cannabis/a_Cannabis")): NOT_RUN: click(findTestObject("Page_Dried Flower  Ontario Cannabis/a_Cannabis"))

2019-04-30 12:37:21 - [MESSAGE][NOT_RUN] - NOT_RUN: click(findTestObject("Page_Dried Flower  Ontario Cannabis/a_Cannabis"))

2019-04-30 12:37:21 - [TEST_STEP][NOT_RUN] - click(findTestObject("Page_All Cannabis Products  Ontario/a_Home")): NOT_RUN: click(findTestObject("Page_All Cannabis Products  Ontario/a_Home"))

2019-04-30 12:37:21 - [MESSAGE][NOT_RUN] - NOT_RUN: click(findTestObject("Page_All Cannabis Products  Ontario/a_Home"))

2019-04-30 12:37:21 - [TEST_STEP][NOT_RUN] - click(findTestObject("Object Repository/Add to bag CTA_OR/Page_Shishkaberry  Ontario Cannabis/label_1g")): NOT_RUN: click(findTestObject("Object Repository/Add to bag CTA_OR/Page_Shishkaberry  Ontario Cannabis/label_1g"))

2019-04-30 12:37:21 - [MESSAGE][NOT_RUN] - NOT_RUN: click(findTestObject("Object Repository/Add to bag CTA_OR/Page_Shishkaberry  Ontario Cannabis/label_1g"))

2019-04-30 12:37:21 - [TEST_STEP][PASSED] - click(findTestObject("price_OR/Page_Shishkaberry  Ontario Cannabis/label_3.5g")): Object: 'Object Repository/price_OR/Page_Shishkaberry  Ontario Cannabis/label_3.5g' is clicked on

2019-04-30 12:37:21 - [MESSAGE][PASSED] - Object: 'Object Repository/price_OR/Page_Shishkaberry  Ontario Cannabis/label_3.5g' is clicked on

2019-04-30 12:37:21 - [TEST_STEP][PASSED] - click(findTestObject("Add to bag CTA_OR/Page_Shishkaberry  Ontario Cannabis/button_Add to Bag32.40")): Object: 'Object Repository/Add to bag CTA_OR/Page_Shishkaberry  Ontario Cannabis/button_Add to Bag32.40' is clicked on

2019-04-30 12:37:21 - [MESSAGE][PASSED] - Object: 'Object Repository/Add to bag CTA_OR/Page_Shishkaberry  Ontario Cannabis/button_Add to Bag32.40' is clicked on

2019-04-30 12:37:21 - [TEST_STEP][PASSED] - delay(3): Delayed 3 second(s)

2019-04-30 12:37:24 - [MESSAGE][PASSED] - Delayed 3 second(s)

2019-04-30 12:37:24 - [TEST_STEP][PASSED] - verifyTextPresent("Bag", false): Text 'Bag' is present on page 

2019-04-30 12:37:25 - [MESSAGE][PASSED] - Text 'Bag' is present on page 

2019-04-30 12:37:25 - [TEST_STEP][PASSED] - click(findTestObject("Add to bag CTA_OR/Page_Shishkaberry  Ontario Cannabis/i_32.40_icon icon--back js-clo")): Object: 'Object Repository/Add to bag CTA_OR/Page_Shishkaberry  Ontario Cannabis/i_32.40_icon icon--back js-clo' is clicked on

2019-04-30 12:37:25 - [MESSAGE][PASSED] - Object: 'Object Repository/Add to bag CTA_OR/Page_Shishkaberry  Ontario Cannabis/i_32.40_icon icon--back js-clo' is clicked on

2019-04-30 12:37:25 - [TEST_STEP][PASSED] - closeBrowser(): Browser is closed

2019-04-30 12:37:25 - [MESSAGE][PASSED] - Browser is closed]]></system-out>
         <system-err><![CDATA[]]></system-err>
      </testcase>
      <testcase name="Test Cases/OCS- PRODUCT PAGE/Shop all of our products" classname="Test Cases/OCS- PRODUCT PAGE/Shop all of our products" status="PASSED">
         <system-out><![CDATA[2019-04-30 12:37:25 - [TEST_CASE][PASSED] - Test Cases/OCS- PRODUCT PAGE/Shop all of our products: Test Cases/OCS- PRODUCT PAGE/Shop all of our products

2019-04-30 12:37:25 - [TEST_STEP][PASSED] - openBrowser(""): Browser is opened with url: ''

2019-04-30 12:37:25 - [MESSAGE][INFO] - Starting 'Chrome' driver

2019-04-30 12:37:26 - [MESSAGE][PASSED] - Browser is opened with url: ''

2019-04-30 12:37:26 - [TEST_STEP][PASSED] - navigateToUrl("https://ocs.ca/#/verify-age"): Navigate to 'https://ocs.ca/#/verify-age' successfully

2019-04-30 12:37:31 - [MESSAGE][PASSED] - Navigate to 'https://ocs.ca/#/verify-age' successfully

2019-04-30 12:37:31 - [TEST_STEP][PASSED] - maximizeWindow(): Current window maximized

2019-04-30 12:37:31 - [MESSAGE][PASSED] - Current window maximized

2019-04-30 12:37:31 - [TEST_STEP][PASSED] - selectOptionByValue(findTestObject("Object Repository/all products_OR/Page_Ontario Cannabis Store  Ontari/select_Select01020304050607080"), "16", true): All options with value '16' are selected in object 'Object Repository/all products_OR/Page_Ontario Cannabis Store  Ontari/select_Select01020304050607080'  using regular expression

2019-04-30 12:37:32 - [MESSAGE][PASSED] - All options with value '16' are selected in object 'Object Repository/all products_OR/Page_Ontario Cannabis Store  Ontari/select_Select01020304050607080'  using regular expression

2019-04-30 12:37:32 - [TEST_STEP][PASSED] - selectOptionByValue(findTestObject("Object Repository/all products_OR/Page_Ontario Cannabis Store  Ontari/select_SelectJanuary - 01Febru"), "8", true): All options with value '8' are selected in object 'Object Repository/all products_OR/Page_Ontario Cannabis Store  Ontari/select_SelectJanuary - 01Febru'  using regular expression

2019-04-30 12:37:32 - [MESSAGE][PASSED] - All options with value '8' are selected in object 'Object Repository/all products_OR/Page_Ontario Cannabis Store  Ontari/select_SelectJanuary - 01Febru'  using regular expression

2019-04-30 12:37:32 - [TEST_STEP][PASSED] - selectOptionByValue(findTestObject("Object Repository/all products_OR/Page_Ontario Cannabis Store  Ontari/select_Select20182017201620152"), "1957", true): All options with value '1957' are selected in object 'Object Repository/all products_OR/Page_Ontario Cannabis Store  Ontari/select_Select20182017201620152'  using regular expression

2019-04-30 12:37:33 - [MESSAGE][PASSED] - All options with value '1957' are selected in object 'Object Repository/all products_OR/Page_Ontario Cannabis Store  Ontari/select_Select20182017201620152'  using regular expression

2019-04-30 12:37:33 - [TEST_STEP][PASSED] - click(findTestObject("Object Repository/all products_OR/Page_Ontario Cannabis Store  Ontari/button_Verify")): Object: 'Object Repository/all products_OR/Page_Ontario Cannabis Store  Ontari/button_Verify' is clicked on

2019-04-30 12:37:33 - [MESSAGE][PASSED] - Object: 'Object Repository/all products_OR/Page_Ontario Cannabis Store  Ontari/button_Verify' is clicked on

2019-04-30 12:37:33 - [TEST_STEP][PASSED] - click(findTestObject("Object Repository/all products_OR/Page_Ontario Cannabis Store  Ontari/span_CONFIRM AND ACKNOWLEDGE_c")): Object: 'Object Repository/all products_OR/Page_Ontario Cannabis Store  Ontari/span_CONFIRM AND ACKNOWLEDGE_c' is clicked on

2019-04-30 12:37:33 - [MESSAGE][PASSED] - Object: 'Object Repository/all products_OR/Page_Ontario Cannabis Store  Ontari/span_CONFIRM AND ACKNOWLEDGE_c' is clicked on

2019-04-30 12:37:33 - [TEST_STEP][PASSED] - click(findTestObject("Object Repository/all products_OR/Page_Ontario Cannabis Store  Ontari/button_CONFIRM")): Object: 'Object Repository/all products_OR/Page_Ontario Cannabis Store  Ontari/button_CONFIRM' is clicked on

2019-04-30 12:37:33 - [MESSAGE][PASSED] - Object: 'Object Repository/all products_OR/Page_Ontario Cannabis Store  Ontari/button_CONFIRM' is clicked on

2019-04-30 12:37:33 - [TEST_STEP][PASSED] - click(findTestObject("Object Repository/all products_OR/Page_Ontario Cannabis Store  Ontari/button_Start Browsing")): Object: 'Object Repository/all products_OR/Page_Ontario Cannabis Store  Ontari/button_Start Browsing' is clicked on

2019-04-30 12:37:34 - [MESSAGE][PASSED] - Object: 'Object Repository/all products_OR/Page_Ontario Cannabis Store  Ontari/button_Start Browsing' is clicked on

2019-04-30 12:37:34 - [TEST_STEP][PASSED] - delay(3): Delayed 3 second(s)

2019-04-30 12:37:37 - [MESSAGE][PASSED] - Delayed 3 second(s)

2019-04-30 12:37:37 - [TEST_STEP][PASSED] - click(findTestObject("Object Repository/all products_OR/Page_Ontario Cannabis Store  Ontari/h3_Cannabis")): Object: 'Object Repository/all products_OR/Page_Ontario Cannabis Store  Ontari/h3_Cannabis' is clicked on

2019-04-30 12:37:37 - [MESSAGE][PASSED] - Object: 'Object Repository/all products_OR/Page_Ontario Cannabis Store  Ontari/h3_Cannabis' is clicked on

2019-04-30 12:37:37 - [TEST_STEP][PASSED] - delay(3): Delayed 3 second(s)

2019-04-30 12:37:40 - [MESSAGE][PASSED] - Delayed 3 second(s)

2019-04-30 12:37:40 - [TEST_STEP][PASSED] - click(findTestObject("all products_OR/Page_Ontario Cannabis Store  Ontari/span_Indica Dominant")): Object: 'Object Repository/all products_OR/Page_Ontario Cannabis Store  Ontari/span_Indica Dominant' is clicked on

2019-04-30 12:37:43 - [MESSAGE][PASSED] - Object: 'Object Repository/all products_OR/Page_Ontario Cannabis Store  Ontari/span_Indica Dominant' is clicked on

2019-04-30 12:37:43 - [TEST_STEP][PASSED] - delay(3): Delayed 3 second(s)

2019-04-30 12:37:46 - [MESSAGE][PASSED] - Delayed 3 second(s)

2019-04-30 12:37:46 - [TEST_STEP][PASSED] - click(findTestObject("Object Repository/all products_OR/Page_Indica Dominant Dried Flower/h3_Shishkaberry")): Object: 'Object Repository/all products_OR/Page_Indica Dominant Dried Flower/h3_Shishkaberry' is clicked on

2019-04-30 12:37:50 - [MESSAGE][PASSED] - Object: 'Object Repository/all products_OR/Page_Indica Dominant Dried Flower/h3_Shishkaberry' is clicked on

2019-04-30 12:37:50 - [TEST_STEP][PASSED] - click(findTestObject("Object Repository/all products_OR/Page_Shishkaberry  Ontario Cannabis/a_Shop all of our products")): Object: 'Object Repository/all products_OR/Page_Shishkaberry  Ontario Cannabis/a_Shop all of our products' is clicked on

2019-04-30 12:37:52 - [MESSAGE][PASSED] - Object: 'Object Repository/all products_OR/Page_Shishkaberry  Ontario Cannabis/a_Shop all of our products' is clicked on

2019-04-30 12:37:52 - [TEST_STEP][PASSED] - verifyTextPresent("All Products", false): Text 'All Products' is present on page 

2019-04-30 12:37:52 - [MESSAGE][PASSED] - Text 'All Products' is present on page]]></system-out>
         <system-err><![CDATA[]]></system-err>
      </testcase>
      <testcase name="Test Cases/OCS- PRODUCT PAGE/Tooltip" classname="Test Cases/OCS- PRODUCT PAGE/Tooltip" status="PASSED">
         <system-out><![CDATA[2019-04-30 12:37:52 - [TEST_CASE][PASSED] - Test Cases/OCS- PRODUCT PAGE/Tooltip: Test Cases/OCS- PRODUCT PAGE/Tooltip

2019-04-30 12:37:52 - [TEST_STEP][PASSED] - openBrowser(""): Browser is opened with url: ''

2019-04-30 12:37:52 - [MESSAGE][WARNING] - A browser is already opened. Closing browser and opening a new one

2019-04-30 12:37:52 - [MESSAGE][INFO] - Starting 'Chrome' driver

2019-04-30 12:37:53 - [MESSAGE][PASSED] - Browser is opened with url: ''

2019-04-30 12:37:53 - [TEST_STEP][PASSED] - navigateToUrl("http://ocs.ca/#/verify-age"): Navigate to 'http://ocs.ca/#/verify-age' successfully

2019-04-30 12:37:57 - [MESSAGE][PASSED] - Navigate to 'http://ocs.ca/#/verify-age' successfully

2019-04-30 12:37:57 - [TEST_STEP][PASSED] - maximizeWindow(): Current window maximized

2019-04-30 12:37:57 - [MESSAGE][PASSED] - Current window maximized

2019-04-30 12:37:57 - [TEST_STEP][PASSED] - selectOptionByValue(findTestObject("PROD-breadcrumb_OR/Page_Ontario Cannabis Store  Ontari/select_Select01020304050607080"), "1", true): All options with value '1' are selected in object 'Object Repository/PROD-breadcrumb_OR/Page_Ontario Cannabis Store  Ontari/select_Select01020304050607080'  using regular expression

2019-04-30 12:37:58 - [MESSAGE][PASSED] - All options with value '1' are selected in object 'Object Repository/PROD-breadcrumb_OR/Page_Ontario Cannabis Store  Ontari/select_Select01020304050607080'  using regular expression

2019-04-30 12:37:58 - [TEST_STEP][PASSED] - selectOptionByValue(findTestObject("PROD-breadcrumb_OR/Page_Ontario Cannabis Store  Ontari/select_SelectJanuary - 01Febru"), "0", true): All options with value '0' are selected in object 'Object Repository/PROD-breadcrumb_OR/Page_Ontario Cannabis Store  Ontari/select_SelectJanuary - 01Febru'  using regular expression

2019-04-30 12:37:58 - [MESSAGE][PASSED] - All options with value '0' are selected in object 'Object Repository/PROD-breadcrumb_OR/Page_Ontario Cannabis Store  Ontari/select_SelectJanuary - 01Febru'  using regular expression

2019-04-30 12:37:58 - [TEST_STEP][PASSED] - selectOptionByValue(findTestObject("PROD-breadcrumb_OR/Page_Ontario Cannabis Store  Ontari/select_Select20182017201620152"), "1968", true): All options with value '1968' are selected in object 'Object Repository/PROD-breadcrumb_OR/Page_Ontario Cannabis Store  Ontari/select_Select20182017201620152'  using regular expression

2019-04-30 12:37:59 - [MESSAGE][PASSED] - All options with value '1968' are selected in object 'Object Repository/PROD-breadcrumb_OR/Page_Ontario Cannabis Store  Ontari/select_Select20182017201620152'  using regular expression

2019-04-30 12:37:59 - [TEST_STEP][PASSED] - click(findTestObject("PROD-breadcrumb_OR/Page_Ontario Cannabis Store  Ontari/button_Verify")): Object: 'Object Repository/PROD-breadcrumb_OR/Page_Ontario Cannabis Store  Ontari/button_Verify' is clicked on

2019-04-30 12:37:59 - [MESSAGE][PASSED] - Object: 'Object Repository/PROD-breadcrumb_OR/Page_Ontario Cannabis Store  Ontari/button_Verify' is clicked on

2019-04-30 12:37:59 - [TEST_STEP][PASSED] - click(findTestObject("PROD-breadcrumb_OR/Page_Ontario Cannabis Store  Ontari/span_CONFIRM AND ACKNOWLEDGE_c")): Object: 'Object Repository/PROD-breadcrumb_OR/Page_Ontario Cannabis Store  Ontari/span_CONFIRM AND ACKNOWLEDGE_c' is clicked on

2019-04-30 12:37:59 - [MESSAGE][PASSED] - Object: 'Object Repository/PROD-breadcrumb_OR/Page_Ontario Cannabis Store  Ontari/span_CONFIRM AND ACKNOWLEDGE_c' is clicked on

2019-04-30 12:37:59 - [TEST_STEP][PASSED] - click(findTestObject("PROD-breadcrumb_OR/Page_Ontario Cannabis Store  Ontari/button_CONFIRM")): Object: 'Object Repository/PROD-breadcrumb_OR/Page_Ontario Cannabis Store  Ontari/button_CONFIRM' is clicked on

2019-04-30 12:37:59 - [MESSAGE][PASSED] - Object: 'Object Repository/PROD-breadcrumb_OR/Page_Ontario Cannabis Store  Ontari/button_CONFIRM' is clicked on

2019-04-30 12:37:59 - [TEST_STEP][PASSED] - click(findTestObject("PROD-breadcrumb_OR/Page_Ontario Cannabis Store  Ontari/button_Start Browsing")): Object: 'Object Repository/PROD-breadcrumb_OR/Page_Ontario Cannabis Store  Ontari/button_Start Browsing' is clicked on

2019-04-30 12:37:59 - [MESSAGE][PASSED] - Object: 'Object Repository/PROD-breadcrumb_OR/Page_Ontario Cannabis Store  Ontari/button_Start Browsing' is clicked on

2019-04-30 12:37:59 - [TEST_STEP][PASSED] - mouseOver(findTestObject("PROD-breadcrumb_OR/Page_Ontario Cannabis Store  Ontari/h3_Cannabis")): Object: 'Object Repository/PROD-breadcrumb_OR/Page_Ontario Cannabis Store  Ontari/h3_Cannabis' is hovered

2019-04-30 12:37:59 - [MESSAGE][PASSED] - Object: 'Object Repository/PROD-breadcrumb_OR/Page_Ontario Cannabis Store  Ontari/h3_Cannabis' is hovered

2019-04-30 12:37:59 - [TEST_STEP][PASSED] - click(findTestObject("PROD-breadcrumb_OR/Page_Ontario Cannabis Store  Ontari/span_Indica Dominant")): Object: 'Object Repository/PROD-breadcrumb_OR/Page_Ontario Cannabis Store  Ontari/span_Indica Dominant' is clicked on

2019-04-30 12:38:00 - [MESSAGE][PASSED] - Object: 'Object Repository/PROD-breadcrumb_OR/Page_Ontario Cannabis Store  Ontari/span_Indica Dominant' is clicked on

2019-04-30 12:38:00 - [TEST_STEP][PASSED] - delay(3): Delayed 3 second(s)

2019-04-30 12:38:03 - [MESSAGE][PASSED] - Delayed 3 second(s)

2019-04-30 12:38:03 - [TEST_STEP][PASSED] - click(findTestObject("PROD-breadcrumb_OR/Page_Indica Dominant Dried Flower/h3_Shishkaberry")): Object: 'Object Repository/PROD-breadcrumb_OR/Page_Indica Dominant Dried Flower/h3_Shishkaberry' is clicked on

2019-04-30 12:38:07 - [MESSAGE][PASSED] - Object: 'Object Repository/PROD-breadcrumb_OR/Page_Indica Dominant Dried Flower/h3_Shishkaberry' is clicked on

2019-04-30 12:38:07 - [TEST_STEP][PASSED] - mouseOver(findTestObject("Tooltips_OR/Page_Shishkaberry  Ontario Cannabis/i_THC_icon icon--question-mark")): Object: 'Object Repository/Tooltips_OR/Page_Shishkaberry  Ontario Cannabis/i_THC_icon icon--question-mark' is hovered

2019-04-30 12:38:07 - [MESSAGE][PASSED] - Object: 'Object Repository/Tooltips_OR/Page_Shishkaberry  Ontario Cannabis/i_THC_icon icon--question-mark' is hovered

2019-04-30 12:38:07 - [TEST_STEP][PASSED] - delay(2): Delayed 2 second(s)

2019-04-30 12:38:09 - [MESSAGE][PASSED] - Delayed 2 second(s)

2019-04-30 12:38:09 - [TEST_STEP][PASSED] - click(findTestObject("Object Repository/Tooltips_OR/Page_Shishkaberry  Ontario Cannabis/i_CBD_icon icon--question-mark")): Object: 'Object Repository/Tooltips_OR/Page_Shishkaberry  Ontario Cannabis/i_CBD_icon icon--question-mark' is clicked on

2019-04-30 12:38:09 - [MESSAGE][PASSED] - Object: 'Object Repository/Tooltips_OR/Page_Shishkaberry  Ontario Cannabis/i_CBD_icon icon--question-mark' is clicked on

2019-04-30 12:38:09 - [TEST_STEP][PASSED] - delay(2): Delayed 2 second(s)

2019-04-30 12:38:11 - [MESSAGE][PASSED] - Delayed 2 second(s)

2019-04-30 12:38:11 - [TEST_STEP][PASSED] - click(findTestObject("Object Repository/Tooltips_OR/Page_Shishkaberry  Ontario Cannabis/i_Plant Type_icon icon--questi")): Object: 'Object Repository/Tooltips_OR/Page_Shishkaberry  Ontario Cannabis/i_Plant Type_icon icon--questi' is clicked on

2019-04-30 12:38:11 - [MESSAGE][PASSED] - Object: 'Object Repository/Tooltips_OR/Page_Shishkaberry  Ontario Cannabis/i_Plant Type_icon icon--questi' is clicked on

2019-04-30 12:38:11 - [TEST_STEP][PASSED] - delay(2): Delayed 2 second(s)

2019-04-30 12:38:13 - [MESSAGE][PASSED] - Delayed 2 second(s)

2019-04-30 12:38:13 - [TEST_STEP][PASSED] - click(findTestObject("Object Repository/Tooltips_OR/Page_Shishkaberry  Ontario Cannabis/i_Terpenes_icon icon--question")): Object: 'Object Repository/Tooltips_OR/Page_Shishkaberry  Ontario Cannabis/i_Terpenes_icon icon--question' is clicked on

2019-04-30 12:38:13 - [MESSAGE][PASSED] - Object: 'Object Repository/Tooltips_OR/Page_Shishkaberry  Ontario Cannabis/i_Terpenes_icon icon--question' is clicked on

2019-04-30 12:38:13 - [TEST_STEP][PASSED] - delay(2): Delayed 2 second(s)

2019-04-30 12:38:15 - [MESSAGE][PASSED] - Delayed 2 second(s)

2019-04-30 12:38:15 - [TEST_STEP][PASSED] - click(findTestObject("Object Repository/Tooltips_OR/Page_Shishkaberry  Ontario Cannabis/i_THC_icon icon--question-mark_1")): Object: 'Object Repository/Tooltips_OR/Page_Shishkaberry  Ontario Cannabis/i_THC_icon icon--question-mark_1' is clicked on

2019-04-30 12:38:15 - [MESSAGE][PASSED] - Object: 'Object Repository/Tooltips_OR/Page_Shishkaberry  Ontario Cannabis/i_THC_icon icon--question-mark_1' is clicked on

2019-04-30 12:38:15 - [TEST_STEP][PASSED] - delay(2): Delayed 2 second(s)

2019-04-30 12:38:17 - [MESSAGE][PASSED] - Delayed 2 second(s)

2019-04-30 12:38:17 - [TEST_STEP][PASSED] - click(findTestObject("Object Repository/Tooltips_OR/Page_Shishkaberry  Ontario Cannabis/i_CBD_icon icon--question-mark_1")): Object: 'Object Repository/Tooltips_OR/Page_Shishkaberry  Ontario Cannabis/i_CBD_icon icon--question-mark_1' is clicked on

2019-04-30 12:38:17 - [MESSAGE][PASSED] - Object: 'Object Repository/Tooltips_OR/Page_Shishkaberry  Ontario Cannabis/i_CBD_icon icon--question-mark_1' is clicked on

2019-04-30 12:38:17 - [TEST_STEP][PASSED] - delay(2): Delayed 2 second(s)

2019-04-30 12:38:19 - [MESSAGE][PASSED] - Delayed 2 second(s)

2019-04-30 12:38:19 - [TEST_STEP][PASSED] - click(findTestObject("Object Repository/Tooltips_OR/Page_Shishkaberry  Ontario Cannabis/i_Plant_icon icon--question-ma")): Object: 'Object Repository/Tooltips_OR/Page_Shishkaberry  Ontario Cannabis/i_Plant_icon icon--question-ma' is clicked on

2019-04-30 12:38:19 - [MESSAGE][PASSED] - Object: 'Object Repository/Tooltips_OR/Page_Shishkaberry  Ontario Cannabis/i_Plant_icon icon--question-ma' is clicked on

2019-04-30 12:38:19 - [TEST_STEP][PASSED] - delay(2): Delayed 2 second(s)

2019-04-30 12:38:21 - [MESSAGE][PASSED] - Delayed 2 second(s)

2019-04-30 12:38:21 - [TEST_STEP][PASSED] - click(findTestObject("Object Repository/Tooltips_OR/Page_Shishkaberry  Ontario Cannabis/i_Terpenes_icon icon--question_1")): Object: 'Object Repository/Tooltips_OR/Page_Shishkaberry  Ontario Cannabis/i_Terpenes_icon icon--question_1' is clicked on

2019-04-30 12:38:21 - [MESSAGE][PASSED] - Object: 'Object Repository/Tooltips_OR/Page_Shishkaberry  Ontario Cannabis/i_Terpenes_icon icon--question_1' is clicked on

2019-04-30 12:38:21 - [TEST_STEP][PASSED] - delay(2): Delayed 2 second(s)

2019-04-30 12:38:23 - [MESSAGE][PASSED] - Delayed 2 second(s)

2019-04-30 12:38:23 - [TEST_STEP][PASSED] - click(findTestObject("Object Repository/Tooltips_OR/Page_Shishkaberry  Ontario Cannabis/i_GTIN_icon icon--question-mar")): Object: 'Object Repository/Tooltips_OR/Page_Shishkaberry  Ontario Cannabis/i_GTIN_icon icon--question-mar' is clicked on

2019-04-30 12:38:23 - [MESSAGE][PASSED] - Object: 'Object Repository/Tooltips_OR/Page_Shishkaberry  Ontario Cannabis/i_GTIN_icon icon--question-mar' is clicked on

2019-04-30 12:38:23 - [TEST_STEP][PASSED] - delay(2): Delayed 2 second(s)

2019-04-30 12:38:25 - [MESSAGE][PASSED] - Delayed 2 second(s)

2019-04-30 12:38:25 - [TEST_STEP][PASSED] - closeBrowser(): Browser is closed

2019-04-30 12:38:26 - [MESSAGE][PASSED] - Browser is closed]]></system-out>
         <system-err><![CDATA[]]></system-err>
      </testcase>
      <testcase name="Test Cases/OCS- PRODUCT PAGE/Show all accessories" classname="Test Cases/OCS- PRODUCT PAGE/Show all accessories" status="PASSED">
         <system-out><![CDATA[2019-04-30 12:38:26 - [TEST_CASE][PASSED] - Test Cases/OCS- PRODUCT PAGE/Show all accessories: Test Cases/OCS- PRODUCT PAGE/Show all accessories

2019-04-30 12:38:26 - [TEST_STEP][PASSED] - openBrowser(""): Browser is opened with url: ''

2019-04-30 12:38:26 - [MESSAGE][INFO] - Starting 'Chrome' driver

2019-04-30 12:38:27 - [MESSAGE][PASSED] - Browser is opened with url: ''

2019-04-30 12:38:27 - [TEST_STEP][PASSED] - navigateToUrl("https://ocs.ca/#/verify-age"): Navigate to 'https://ocs.ca/#/verify-age' successfully

2019-04-30 12:38:30 - [MESSAGE][PASSED] - Navigate to 'https://ocs.ca/#/verify-age' successfully

2019-04-30 12:38:30 - [TEST_STEP][PASSED] - maximizeWindow(): Current window maximized

2019-04-30 12:38:30 - [MESSAGE][PASSED] - Current window maximized

2019-04-30 12:38:30 - [TEST_STEP][PASSED] - selectOptionByValue(findTestObject("Object Repository/Show all accessories_OR/Page_Ontario Cannabis Store  Ontari/select_Select01020304050607080"), "16", true): All options with value '16' are selected in object 'Object Repository/Show all accessories_OR/Page_Ontario Cannabis Store  Ontari/select_Select01020304050607080'  using regular expression

2019-04-30 12:38:31 - [MESSAGE][PASSED] - All options with value '16' are selected in object 'Object Repository/Show all accessories_OR/Page_Ontario Cannabis Store  Ontari/select_Select01020304050607080'  using regular expression

2019-04-30 12:38:31 - [TEST_STEP][PASSED] - selectOptionByValue(findTestObject("Object Repository/Show all accessories_OR/Page_Ontario Cannabis Store  Ontari/select_SelectJanuary - 01Febru"), "9", true): All options with value '9' are selected in object 'Object Repository/Show all accessories_OR/Page_Ontario Cannabis Store  Ontari/select_SelectJanuary - 01Febru'  using regular expression

2019-04-30 12:38:31 - [MESSAGE][PASSED] - All options with value '9' are selected in object 'Object Repository/Show all accessories_OR/Page_Ontario Cannabis Store  Ontari/select_SelectJanuary - 01Febru'  using regular expression

2019-04-30 12:38:31 - [TEST_STEP][PASSED] - selectOptionByValue(findTestObject("Object Repository/Show all accessories_OR/Page_Ontario Cannabis Store  Ontari/select_Select20182017201620152"), "1956", true): All options with value '1956' are selected in object 'Object Repository/Show all accessories_OR/Page_Ontario Cannabis Store  Ontari/select_Select20182017201620152'  using regular expression

2019-04-30 12:38:32 - [MESSAGE][PASSED] - All options with value '1956' are selected in object 'Object Repository/Show all accessories_OR/Page_Ontario Cannabis Store  Ontari/select_Select20182017201620152'  using regular expression

2019-04-30 12:38:32 - [TEST_STEP][PASSED] - click(findTestObject("Object Repository/Show all accessories_OR/Page_Ontario Cannabis Store  Ontari/button_Verify")): Object: 'Object Repository/Show all accessories_OR/Page_Ontario Cannabis Store  Ontari/button_Verify' is clicked on

2019-04-30 12:38:32 - [MESSAGE][PASSED] - Object: 'Object Repository/Show all accessories_OR/Page_Ontario Cannabis Store  Ontari/button_Verify' is clicked on

2019-04-30 12:38:32 - [TEST_STEP][PASSED] - click(findTestObject("Object Repository/Show all accessories_OR/Page_Ontario Cannabis Store  Ontari/span_CONFIRM AND ACKNOWLEDGE_c")): Object: 'Object Repository/Show all accessories_OR/Page_Ontario Cannabis Store  Ontari/span_CONFIRM AND ACKNOWLEDGE_c' is clicked on

2019-04-30 12:38:32 - [MESSAGE][PASSED] - Object: 'Object Repository/Show all accessories_OR/Page_Ontario Cannabis Store  Ontari/span_CONFIRM AND ACKNOWLEDGE_c' is clicked on

2019-04-30 12:38:32 - [TEST_STEP][PASSED] - click(findTestObject("Object Repository/Show all accessories_OR/Page_Ontario Cannabis Store  Ontari/button_CONFIRM")): Object: 'Object Repository/Show all accessories_OR/Page_Ontario Cannabis Store  Ontari/button_CONFIRM' is clicked on

2019-04-30 12:38:32 - [MESSAGE][PASSED] - Object: 'Object Repository/Show all accessories_OR/Page_Ontario Cannabis Store  Ontari/button_CONFIRM' is clicked on

2019-04-30 12:38:32 - [TEST_STEP][PASSED] - click(findTestObject("Object Repository/Show all accessories_OR/Page_Ontario Cannabis Store  Ontari/button_Start Browsing")): Object: 'Object Repository/Show all accessories_OR/Page_Ontario Cannabis Store  Ontari/button_Start Browsing' is clicked on

2019-04-30 12:38:32 - [MESSAGE][PASSED] - Object: 'Object Repository/Show all accessories_OR/Page_Ontario Cannabis Store  Ontari/button_Start Browsing' is clicked on

2019-04-30 12:38:32 - [TEST_STEP][PASSED] - delay(3): Delayed 3 second(s)

2019-04-30 12:38:35 - [MESSAGE][PASSED] - Delayed 3 second(s)

2019-04-30 12:38:35 - [TEST_STEP][PASSED] - click(findTestObject("Object Repository/Show all accessories_OR/Page_Ontario Cannabis Store  Ontari/h3_Cannabis")): Object: 'Object Repository/Show all accessories_OR/Page_Ontario Cannabis Store  Ontari/h3_Cannabis' is clicked on

2019-04-30 12:38:36 - [MESSAGE][PASSED] - Object: 'Object Repository/Show all accessories_OR/Page_Ontario Cannabis Store  Ontari/h3_Cannabis' is clicked on

2019-04-30 12:38:36 - [TEST_STEP][PASSED] - delay(3): Delayed 3 second(s)

2019-04-30 12:38:39 - [MESSAGE][PASSED] - Delayed 3 second(s)

2019-04-30 12:38:39 - [TEST_STEP][PASSED] - click(findTestObject("Object Repository/Show all accessories_OR/Page_Ontario Cannabis Store  Ontari/span_Indica Dominant")): Object: 'Object Repository/Show all accessories_OR/Page_Ontario Cannabis Store  Ontari/span_Indica Dominant' is clicked on

2019-04-30 12:38:40 - [MESSAGE][PASSED] - Object: 'Object Repository/Show all accessories_OR/Page_Ontario Cannabis Store  Ontari/span_Indica Dominant' is clicked on

2019-04-30 12:38:40 - [TEST_STEP][PASSED] - click(findTestObject("Object Repository/Show all accessories_OR/Page_Indica Dominant Dried Flower/h3_Shishkaberry")): Object: 'Object Repository/Show all accessories_OR/Page_Indica Dominant Dried Flower/h3_Shishkaberry' is clicked on

2019-04-30 12:38:43 - [MESSAGE][PASSED] - Object: 'Object Repository/Show all accessories_OR/Page_Indica Dominant Dried Flower/h3_Shishkaberry' is clicked on

2019-04-30 12:38:43 - [TEST_STEP][PASSED] - click(findTestObject("Object Repository/Show all accessories_OR/Page_Shishkaberry  Ontario Cannabis/a_Show all accessories")): Object: 'Object Repository/Show all accessories_OR/Page_Shishkaberry  Ontario Cannabis/a_Show all accessories' is clicked on

2019-04-30 12:38:46 - [MESSAGE][PASSED] - Object: 'Object Repository/Show all accessories_OR/Page_Shishkaberry  Ontario Cannabis/a_Show all accessories' is clicked on

2019-04-30 12:38:46 - [TEST_STEP][PASSED] - delay(3): Delayed 3 second(s)

2019-04-30 12:38:49 - [MESSAGE][PASSED] - Delayed 3 second(s)

2019-04-30 12:38:49 - [TEST_STEP][PASSED] - verifyTextPresent("All Accessories", false): Text 'All Accessories' is present on page 

2019-04-30 12:38:49 - [MESSAGE][PASSED] - Text 'All Accessories' is present on page]]></system-out>
         <system-err><![CDATA[]]></system-err>
      </testcase>
      <testcase name="Test Cases/OCS- PRODUCT PAGE/breadcrumb" classname="Test Cases/OCS- PRODUCT PAGE/breadcrumb" status="PASSED">
         <system-out><![CDATA[2019-04-30 12:38:49 - [TEST_CASE][PASSED] - Test Cases/OCS- PRODUCT PAGE/breadcrumb: Test Cases/OCS- PRODUCT PAGE/breadcrumb

2019-04-30 12:38:49 - [TEST_STEP][PASSED] - openBrowser(""): Browser is opened with url: ''

2019-04-30 12:38:49 - [MESSAGE][WARNING] - A browser is already opened. Closing browser and opening a new one

2019-04-30 12:38:49 - [MESSAGE][INFO] - Starting 'Chrome' driver

2019-04-30 12:38:51 - [MESSAGE][PASSED] - Browser is opened with url: ''

2019-04-30 12:38:51 - [TEST_STEP][PASSED] - navigateToUrl("http://ocs.ca/#/verify-age"): Navigate to 'http://ocs.ca/#/verify-age' successfully

2019-04-30 12:38:54 - [MESSAGE][PASSED] - Navigate to 'http://ocs.ca/#/verify-age' successfully

2019-04-30 12:38:54 - [TEST_STEP][PASSED] - maximizeWindow(): Current window maximized

2019-04-30 12:38:55 - [MESSAGE][PASSED] - Current window maximized

2019-04-30 12:38:55 - [TEST_STEP][PASSED] - selectOptionByValue(findTestObject("Object Repository/PROD-breadcrumb_OR/Page_Ontario Cannabis Store  Ontari/select_Select01020304050607080"), "1", true): All options with value '1' are selected in object 'Object Repository/PROD-breadcrumb_OR/Page_Ontario Cannabis Store  Ontari/select_Select01020304050607080'  using regular expression

2019-04-30 12:38:55 - [MESSAGE][PASSED] - All options with value '1' are selected in object 'Object Repository/PROD-breadcrumb_OR/Page_Ontario Cannabis Store  Ontari/select_Select01020304050607080'  using regular expression

2019-04-30 12:38:55 - [TEST_STEP][PASSED] - selectOptionByValue(findTestObject("Object Repository/PROD-breadcrumb_OR/Page_Ontario Cannabis Store  Ontari/select_SelectJanuary - 01Febru"), "0", true): All options with value '0' are selected in object 'Object Repository/PROD-breadcrumb_OR/Page_Ontario Cannabis Store  Ontari/select_SelectJanuary - 01Febru'  using regular expression

2019-04-30 12:38:55 - [MESSAGE][PASSED] - All options with value '0' are selected in object 'Object Repository/PROD-breadcrumb_OR/Page_Ontario Cannabis Store  Ontari/select_SelectJanuary - 01Febru'  using regular expression

2019-04-30 12:38:55 - [TEST_STEP][PASSED] - selectOptionByValue(findTestObject("Object Repository/PROD-breadcrumb_OR/Page_Ontario Cannabis Store  Ontari/select_Select20182017201620152"), "1968", true): All options with value '1968' are selected in object 'Object Repository/PROD-breadcrumb_OR/Page_Ontario Cannabis Store  Ontari/select_Select20182017201620152'  using regular expression

2019-04-30 12:38:56 - [MESSAGE][PASSED] - All options with value '1968' are selected in object 'Object Repository/PROD-breadcrumb_OR/Page_Ontario Cannabis Store  Ontari/select_Select20182017201620152'  using regular expression

2019-04-30 12:38:56 - [TEST_STEP][PASSED] - click(findTestObject("Object Repository/PROD-breadcrumb_OR/Page_Ontario Cannabis Store  Ontari/button_Verify")): Object: 'Object Repository/PROD-breadcrumb_OR/Page_Ontario Cannabis Store  Ontari/button_Verify' is clicked on

2019-04-30 12:38:56 - [MESSAGE][PASSED] - Object: 'Object Repository/PROD-breadcrumb_OR/Page_Ontario Cannabis Store  Ontari/button_Verify' is clicked on

2019-04-30 12:38:56 - [TEST_STEP][PASSED] - click(findTestObject("Object Repository/PROD-breadcrumb_OR/Page_Ontario Cannabis Store  Ontari/span_CONFIRM AND ACKNOWLEDGE_c")): Object: 'Object Repository/PROD-breadcrumb_OR/Page_Ontario Cannabis Store  Ontari/span_CONFIRM AND ACKNOWLEDGE_c' is clicked on

2019-04-30 12:38:56 - [MESSAGE][PASSED] - Object: 'Object Repository/PROD-breadcrumb_OR/Page_Ontario Cannabis Store  Ontari/span_CONFIRM AND ACKNOWLEDGE_c' is clicked on

2019-04-30 12:38:56 - [TEST_STEP][PASSED] - click(findTestObject("Object Repository/PROD-breadcrumb_OR/Page_Ontario Cannabis Store  Ontari/button_CONFIRM")): Object: 'Object Repository/PROD-breadcrumb_OR/Page_Ontario Cannabis Store  Ontari/button_CONFIRM' is clicked on

2019-04-30 12:38:56 - [MESSAGE][PASSED] - Object: 'Object Repository/PROD-breadcrumb_OR/Page_Ontario Cannabis Store  Ontari/button_CONFIRM' is clicked on

2019-04-30 12:38:56 - [TEST_STEP][PASSED] - click(findTestObject("Object Repository/PROD-breadcrumb_OR/Page_Ontario Cannabis Store  Ontari/button_Start Browsing")): Object: 'Object Repository/PROD-breadcrumb_OR/Page_Ontario Cannabis Store  Ontari/button_Start Browsing' is clicked on

2019-04-30 12:38:57 - [MESSAGE][PASSED] - Object: 'Object Repository/PROD-breadcrumb_OR/Page_Ontario Cannabis Store  Ontari/button_Start Browsing' is clicked on

2019-04-30 12:38:57 - [TEST_STEP][PASSED] - mouseOver(findTestObject("PROD-breadcrumb_OR/Page_Ontario Cannabis Store  Ontari/h3_Cannabis")): Object: 'Object Repository/PROD-breadcrumb_OR/Page_Ontario Cannabis Store  Ontari/h3_Cannabis' is hovered

2019-04-30 12:38:57 - [MESSAGE][PASSED] - Object: 'Object Repository/PROD-breadcrumb_OR/Page_Ontario Cannabis Store  Ontari/h3_Cannabis' is hovered

2019-04-30 12:38:57 - [TEST_STEP][PASSED] - click(findTestObject("Object Repository/PROD-breadcrumb_OR/Page_Ontario Cannabis Store  Ontari/span_Indica Dominant")): Object: 'Object Repository/PROD-breadcrumb_OR/Page_Ontario Cannabis Store  Ontari/span_Indica Dominant' is clicked on

2019-04-30 12:38:57 - [MESSAGE][PASSED] - Object: 'Object Repository/PROD-breadcrumb_OR/Page_Ontario Cannabis Store  Ontari/span_Indica Dominant' is clicked on

2019-04-30 12:38:57 - [TEST_STEP][PASSED] - delay(3): Delayed 3 second(s)

2019-04-30 12:39:00 - [MESSAGE][PASSED] - Delayed 3 second(s)

2019-04-30 12:39:00 - [TEST_STEP][PASSED] - click(findTestObject("PROD-breadcrumb_OR/Page_Indica Dominant Dried Flower/h3_Shishkaberry")): Object: 'Object Repository/PROD-breadcrumb_OR/Page_Indica Dominant Dried Flower/h3_Shishkaberry' is clicked on

2019-04-30 12:39:02 - [MESSAGE][PASSED] - Object: 'Object Repository/PROD-breadcrumb_OR/Page_Indica Dominant Dried Flower/h3_Shishkaberry' is clicked on

2019-04-30 12:39:02 - [TEST_STEP][PASSED] - click(findTestObject("PROD-breadcrumb_OR/Page_Shishkaberry  Ontario Cannabis/a_Shishkaberry")): Object: 'Object Repository/PROD-breadcrumb_OR/Page_Shishkaberry  Ontario Cannabis/a_Shishkaberry' is clicked on

2019-04-30 12:39:04 - [MESSAGE][PASSED] - Object: 'Object Repository/PROD-breadcrumb_OR/Page_Shishkaberry  Ontario Cannabis/a_Shishkaberry' is clicked on

2019-04-30 12:39:04 - [TEST_STEP][PASSED] - click(findTestObject("Object Repository/PROD-breadcrumb_OR/Page_Shishkaberry  Ontario Cannabis/a_Dried Flower")): Object: 'Object Repository/PROD-breadcrumb_OR/Page_Shishkaberry  Ontario Cannabis/a_Dried Flower' is clicked on

2019-04-30 12:39:05 - [MESSAGE][PASSED] - Object: 'Object Repository/PROD-breadcrumb_OR/Page_Shishkaberry  Ontario Cannabis/a_Dried Flower' is clicked on

2019-04-30 12:39:05 - [TEST_STEP][PASSED] - b = getWindowTitle(): Current window's title is: 'Dried Flower | Ontario Cannabis Store'

2019-04-30 12:39:05 - [MESSAGE][PASSED] - Current window's title is: 'Dried Flower | Ontario Cannabis Store'

2019-04-30 12:39:05 - [TEST_STEP][PASSED] - comment(" b= " + b):  b= Dried Flower | Ontario Cannabis Store

2019-04-30 12:39:05 - [MESSAGE][INFO] -  b= Dried Flower | Ontario Cannabis Store

2019-04-30 12:39:05 - [TEST_STEP][PASSED] - assert getWindowTitle() == b: Current window's title is: 'Dried Flower | Ontario Cannabis Store'

2019-04-30 12:39:05 - [MESSAGE][PASSED] - Current window's title is: 'Dried Flower | Ontario Cannabis Store'

2019-04-30 12:39:05 - [TEST_STEP][PASSED] - click(findTestObject("Object Repository/PROD-breadcrumb_OR/Page_Dried Flower  Ontario Cannabis/a_Cannabis")): Object: 'Object Repository/PROD-breadcrumb_OR/Page_Dried Flower  Ontario Cannabis/a_Cannabis' is clicked on

2019-04-30 12:39:08 - [MESSAGE][PASSED] - Object: 'Object Repository/PROD-breadcrumb_OR/Page_Dried Flower  Ontario Cannabis/a_Cannabis' is clicked on

2019-04-30 12:39:08 - [TEST_STEP][PASSED] - c = getWindowTitle(): Current window's title is: 'All Cannabis Products | Ontario Cannabis Store'

2019-04-30 12:39:08 - [MESSAGE][PASSED] - Current window's title is: 'All Cannabis Products | Ontario Cannabis Store'

2019-04-30 12:39:08 - [TEST_STEP][PASSED] - comment(" c= " + c):  c= All Cannabis Products | Ontario Cannabis Store

2019-04-30 12:39:08 - [MESSAGE][INFO] -  c= All Cannabis Products | Ontario Cannabis Store

2019-04-30 12:39:08 - [TEST_STEP][PASSED] - assert getWindowTitle() == c: Current window's title is: 'All Cannabis Products | Ontario Cannabis Store'

2019-04-30 12:39:08 - [MESSAGE][PASSED] - Current window's title is: 'All Cannabis Products | Ontario Cannabis Store'

2019-04-30 12:39:08 - [TEST_STEP][PASSED] - click(findTestObject("Object Repository/PROD-breadcrumb_OR/Page_All Cannabis Products  Ontario/a_Home")): Object: 'Object Repository/PROD-breadcrumb_OR/Page_All Cannabis Products  Ontario/a_Home' is clicked on

2019-04-30 12:39:11 - [MESSAGE][PASSED] - Object: 'Object Repository/PROD-breadcrumb_OR/Page_All Cannabis Products  Ontario/a_Home' is clicked on

2019-04-30 12:39:11 - [TEST_STEP][PASSED] - a = getWindowTitle(): Current window's title is: 'Ontario Cannabis Store | Ontario Cannabis Store'

2019-04-30 12:39:11 - [MESSAGE][PASSED] - Current window's title is: 'Ontario Cannabis Store | Ontario Cannabis Store'

2019-04-30 12:39:11 - [TEST_STEP][PASSED] - comment(" a= " + a):  a= Ontario Cannabis Store | Ontario Cannabis Store

2019-04-30 12:39:11 - [MESSAGE][INFO] -  a= Ontario Cannabis Store | Ontario Cannabis Store

2019-04-30 12:39:11 - [TEST_STEP][PASSED] - assert getWindowTitle() == a: Current window's title is: 'Ontario Cannabis Store | Ontario Cannabis Store'

2019-04-30 12:39:11 - [MESSAGE][PASSED] - Current window's title is: 'Ontario Cannabis Store | Ontario Cannabis Store']]></system-out>
         <system-err><![CDATA[]]></system-err>
      </testcase>
      <testcase name="Test Cases/OCS- PRODUCT PAGE/Price" classname="Test Cases/OCS- PRODUCT PAGE/Price" status="PASSED">
         <system-out><![CDATA[2019-04-30 12:39:11 - [TEST_CASE][PASSED] - Test Cases/OCS- PRODUCT PAGE/Price: Test Cases/OCS- PRODUCT PAGE/Price

2019-04-30 12:39:11 - [TEST_STEP][PASSED] - openBrowser(""): Browser is opened with url: ''

2019-04-30 12:39:11 - [MESSAGE][WARNING] - A browser is already opened. Closing browser and opening a new one

2019-04-30 12:39:11 - [MESSAGE][INFO] - Starting 'Chrome' driver

2019-04-30 12:39:12 - [MESSAGE][PASSED] - Browser is opened with url: ''

2019-04-30 12:39:12 - [TEST_STEP][PASSED] - navigateToUrl("http://ocs.ca/#/verify-age"): Navigate to 'http://ocs.ca/#/verify-age' successfully

2019-04-30 12:39:15 - [MESSAGE][PASSED] - Navigate to 'http://ocs.ca/#/verify-age' successfully

2019-04-30 12:39:15 - [TEST_STEP][PASSED] - maximizeWindow(): Current window maximized

2019-04-30 12:39:16 - [MESSAGE][PASSED] - Current window maximized

2019-04-30 12:39:16 - [TEST_STEP][PASSED] - selectOptionByValue(findTestObject("Object Repository/PROD-breadcrumb_OR/Page_Ontario Cannabis Store  Ontari/select_Select01020304050607080"), "1", true): All options with value '1' are selected in object 'Object Repository/PROD-breadcrumb_OR/Page_Ontario Cannabis Store  Ontari/select_Select01020304050607080'  using regular expression

2019-04-30 12:39:16 - [MESSAGE][PASSED] - All options with value '1' are selected in object 'Object Repository/PROD-breadcrumb_OR/Page_Ontario Cannabis Store  Ontari/select_Select01020304050607080'  using regular expression

2019-04-30 12:39:16 - [TEST_STEP][PASSED] - selectOptionByValue(findTestObject("Object Repository/PROD-breadcrumb_OR/Page_Ontario Cannabis Store  Ontari/select_SelectJanuary - 01Febru"), "0", true): All options with value '0' are selected in object 'Object Repository/PROD-breadcrumb_OR/Page_Ontario Cannabis Store  Ontari/select_SelectJanuary - 01Febru'  using regular expression

2019-04-30 12:39:16 - [MESSAGE][PASSED] - All options with value '0' are selected in object 'Object Repository/PROD-breadcrumb_OR/Page_Ontario Cannabis Store  Ontari/select_SelectJanuary - 01Febru'  using regular expression

2019-04-30 12:39:16 - [TEST_STEP][PASSED] - selectOptionByValue(findTestObject("Object Repository/PROD-breadcrumb_OR/Page_Ontario Cannabis Store  Ontari/select_Select20182017201620152"), "1968", true): All options with value '1968' are selected in object 'Object Repository/PROD-breadcrumb_OR/Page_Ontario Cannabis Store  Ontari/select_Select20182017201620152'  using regular expression

2019-04-30 12:39:17 - [MESSAGE][PASSED] - All options with value '1968' are selected in object 'Object Repository/PROD-breadcrumb_OR/Page_Ontario Cannabis Store  Ontari/select_Select20182017201620152'  using regular expression

2019-04-30 12:39:17 - [TEST_STEP][PASSED] - click(findTestObject("Object Repository/PROD-breadcrumb_OR/Page_Ontario Cannabis Store  Ontari/button_Verify")): Object: 'Object Repository/PROD-breadcrumb_OR/Page_Ontario Cannabis Store  Ontari/button_Verify' is clicked on

2019-04-30 12:39:17 - [MESSAGE][PASSED] - Object: 'Object Repository/PROD-breadcrumb_OR/Page_Ontario Cannabis Store  Ontari/button_Verify' is clicked on

2019-04-30 12:39:17 - [TEST_STEP][PASSED] - click(findTestObject("Object Repository/PROD-breadcrumb_OR/Page_Ontario Cannabis Store  Ontari/span_CONFIRM AND ACKNOWLEDGE_c")): Object: 'Object Repository/PROD-breadcrumb_OR/Page_Ontario Cannabis Store  Ontari/span_CONFIRM AND ACKNOWLEDGE_c' is clicked on

2019-04-30 12:39:17 - [MESSAGE][PASSED] - Object: 'Object Repository/PROD-breadcrumb_OR/Page_Ontario Cannabis Store  Ontari/span_CONFIRM AND ACKNOWLEDGE_c' is clicked on

2019-04-30 12:39:17 - [TEST_STEP][PASSED] - click(findTestObject("Object Repository/PROD-breadcrumb_OR/Page_Ontario Cannabis Store  Ontari/button_CONFIRM")): Object: 'Object Repository/PROD-breadcrumb_OR/Page_Ontario Cannabis Store  Ontari/button_CONFIRM' is clicked on

2019-04-30 12:39:18 - [MESSAGE][PASSED] - Object: 'Object Repository/PROD-breadcrumb_OR/Page_Ontario Cannabis Store  Ontari/button_CONFIRM' is clicked on

2019-04-30 12:39:18 - [TEST_STEP][PASSED] - click(findTestObject("Object Repository/PROD-breadcrumb_OR/Page_Ontario Cannabis Store  Ontari/button_Start Browsing")): Object: 'Object Repository/PROD-breadcrumb_OR/Page_Ontario Cannabis Store  Ontari/button_Start Browsing' is clicked on

2019-04-30 12:39:18 - [MESSAGE][PASSED] - Object: 'Object Repository/PROD-breadcrumb_OR/Page_Ontario Cannabis Store  Ontari/button_Start Browsing' is clicked on

2019-04-30 12:39:18 - [TEST_STEP][PASSED] - mouseOver(findTestObject("PROD-breadcrumb_OR/Page_Ontario Cannabis Store  Ontari/h3_Cannabis")): Object: 'Object Repository/PROD-breadcrumb_OR/Page_Ontario Cannabis Store  Ontari/h3_Cannabis' is hovered

2019-04-30 12:39:18 - [MESSAGE][PASSED] - Object: 'Object Repository/PROD-breadcrumb_OR/Page_Ontario Cannabis Store  Ontari/h3_Cannabis' is hovered

2019-04-30 12:39:18 - [TEST_STEP][PASSED] - click(findTestObject("PROD-breadcrumb_OR/Page_Ontario Cannabis Store  Ontari/span_Indica Dominant")): Object: 'Object Repository/PROD-breadcrumb_OR/Page_Ontario Cannabis Store  Ontari/span_Indica Dominant' is clicked on

2019-04-30 12:39:18 - [MESSAGE][PASSED] - Object: 'Object Repository/PROD-breadcrumb_OR/Page_Ontario Cannabis Store  Ontari/span_Indica Dominant' is clicked on

2019-04-30 12:39:18 - [TEST_STEP][PASSED] - delay(3): Delayed 3 second(s)

2019-04-30 12:39:21 - [MESSAGE][PASSED] - Delayed 3 second(s)

2019-04-30 12:39:21 - [TEST_STEP][PASSED] - click(findTestObject("PROD-breadcrumb_OR/Page_Indica Dominant Dried Flower/h3_Shishkaberry")): Object: 'Object Repository/PROD-breadcrumb_OR/Page_Indica Dominant Dried Flower/h3_Shishkaberry' is clicked on

2019-04-30 12:39:24 - [MESSAGE][PASSED] - Object: 'Object Repository/PROD-breadcrumb_OR/Page_Indica Dominant Dried Flower/h3_Shishkaberry' is clicked on

2019-04-30 12:39:24 - [TEST_STEP][NOT_RUN] - click(findTestObject("PROD-breadcrumb_OR/Page_Shishkaberry  Ontario Cannabis/a_Shishkaberry")): NOT_RUN: click(findTestObject("PROD-breadcrumb_OR/Page_Shishkaberry  Ontario Cannabis/a_Shishkaberry"))

2019-04-30 12:39:24 - [MESSAGE][NOT_RUN] - NOT_RUN: click(findTestObject("PROD-breadcrumb_OR/Page_Shishkaberry  Ontario Cannabis/a_Shishkaberry"))

2019-04-30 12:39:24 - [TEST_STEP][NOT_RUN] - click(findTestObject("Object Repository/PROD-breadcrumb_OR/Page_Shishkaberry  Ontario Cannabis/a_Dried Flower")): NOT_RUN: click(findTestObject("Object Repository/PROD-breadcrumb_OR/Page_Shishkaberry  Ontario Cannabis/a_Dried Flower"))

2019-04-30 12:39:24 - [MESSAGE][NOT_RUN] - NOT_RUN: click(findTestObject("Object Repository/PROD-breadcrumb_OR/Page_Shishkaberry  Ontario Cannabis/a_Dried Flower"))

2019-04-30 12:39:24 - [TEST_STEP][NOT_RUN] - click(findTestObject("Object Repository/PROD-breadcrumb_OR/Page_Dried Flower  Ontario Cannabis/a_Cannabis")): NOT_RUN: click(findTestObject("Object Repository/PROD-breadcrumb_OR/Page_Dried Flower  Ontario Cannabis/a_Cannabis"))

2019-04-30 12:39:24 - [MESSAGE][NOT_RUN] - NOT_RUN: click(findTestObject("Object Repository/PROD-breadcrumb_OR/Page_Dried Flower  Ontario Cannabis/a_Cannabis"))

2019-04-30 12:39:24 - [TEST_STEP][NOT_RUN] - click(findTestObject("Object Repository/PROD-breadcrumb_OR/Page_All Cannabis Products  Ontario/a_Home")): NOT_RUN: click(findTestObject("Object Repository/PROD-breadcrumb_OR/Page_All Cannabis Products  Ontario/a_Home"))

2019-04-30 12:39:24 - [MESSAGE][NOT_RUN] - NOT_RUN: click(findTestObject("Object Repository/PROD-breadcrumb_OR/Page_All Cannabis Products  Ontario/a_Home"))

2019-04-30 12:39:24 - [TEST_STEP][PASSED] - click(findTestObject("price_OR/Page_Shishkaberry  Ontario Cannabis/label_1g")): Object: 'Object Repository/price_OR/Page_Shishkaberry  Ontario Cannabis/label_1g' is clicked on

2019-04-30 12:39:24 - [MESSAGE][PASSED] - Object: 'Object Repository/price_OR/Page_Shishkaberry  Ontario Cannabis/label_1g' is clicked on

2019-04-30 12:39:24 - [TEST_STEP][PASSED] - click(findTestObject("price_OR/Page_Shishkaberry  Ontario Cannabis/label_3.5g")): Object: 'Object Repository/price_OR/Page_Shishkaberry  Ontario Cannabis/label_3.5g' is clicked on

2019-04-30 12:39:25 - [MESSAGE][PASSED] - Object: 'Object Repository/price_OR/Page_Shishkaberry  Ontario Cannabis/label_3.5g' is clicked on

2019-04-30 12:39:25 - [TEST_STEP][PASSED] - a = getText(findTestObject("price_OR/Page_Shishkaberry  Ontario Cannabis/span_9.75")): Text of object 'Object Repository/price_OR/Page_Shishkaberry  Ontario Cannabis/span_9.75' is: '$9.75'

2019-04-30 12:39:25 - [MESSAGE][PASSED] - Text of object 'Object Repository/price_OR/Page_Shishkaberry  Ontario Cannabis/span_9.75' is: '$9.75'

2019-04-30 12:39:25 - [TEST_STEP][PASSED] - comment("a =" + a): a =$9.75

2019-04-30 12:39:25 - [MESSAGE][INFO] - a =$9.75

2019-04-30 12:39:25 - [TEST_STEP][PASSED] - b = a.substring(1): null

2019-04-30 12:39:25 - [TEST_STEP][PASSED] - comment("b =" + b): b =9.75

2019-04-30 12:39:25 - [MESSAGE][INFO] - b =9.75

2019-04-30 12:39:25 - [TEST_STEP][PASSED] - c = getText(findTestObject("price_OR/Page_Shishkaberry  Ontario Cannabis/span_32.40"), STOP_ON_FAILURE): Text of object 'Object Repository/price_OR/Page_Shishkaberry  Ontario Cannabis/span_32.40' is: '$32.40'

2019-04-30 12:39:25 - [MESSAGE][PASSED] - Text of object 'Object Repository/price_OR/Page_Shishkaberry  Ontario Cannabis/span_32.40' is: '$32.40'

2019-04-30 12:39:25 - [TEST_STEP][PASSED] - comment("c =" + c): c =$32.40

2019-04-30 12:39:25 - [MESSAGE][INFO] - c =$32.40

2019-04-30 12:39:25 - [TEST_STEP][PASSED] - d = c.substring(1): null

2019-04-30 12:39:25 - [TEST_STEP][PASSED] - comment("d =" + d): d =32.40

2019-04-30 12:39:25 - [MESSAGE][INFO] - d =32.40

2019-04-30 12:39:25 - [TEST_STEP][PASSED] - closeBrowser(): Browser is closed

2019-04-30 12:39:25 - [MESSAGE][PASSED] - Browser is closed]]></system-out>
         <system-err><![CDATA[]]></system-err>
      </testcase>
      <testcase name="Test Cases/OCS- PRODUCT PAGE/Moreitems to consider" classname="Test Cases/OCS- PRODUCT PAGE/Moreitems to consider" status="PASSED">
         <system-out><![CDATA[2019-04-30 12:39:25 - [TEST_CASE][PASSED] - Test Cases/OCS- PRODUCT PAGE/Moreitems to consider: Test Cases/OCS- PRODUCT PAGE/Moreitems to consider

2019-04-30 12:39:25 - [TEST_STEP][PASSED] - openBrowser(""): Browser is opened with url: ''

2019-04-30 12:39:25 - [MESSAGE][INFO] - Starting 'Chrome' driver

2019-04-30 12:39:26 - [MESSAGE][PASSED] - Browser is opened with url: ''

2019-04-30 12:39:26 - [TEST_STEP][PASSED] - navigateToUrl("https://ocs.ca/#/verify-age"): Navigate to 'https://ocs.ca/#/verify-age' successfully

2019-04-30 12:39:27 - [MESSAGE][PASSED] - Navigate to 'https://ocs.ca/#/verify-age' successfully

2019-04-30 12:39:27 - [TEST_STEP][PASSED] - maximizeWindow(): Current window maximized

2019-04-30 12:39:28 - [MESSAGE][PASSED] - Current window maximized

2019-04-30 12:39:28 - [TEST_STEP][PASSED] - selectOptionByValue(findTestObject("Object Repository/More items _OR/Page_Ontario Cannabis Store  Ontari/select_Select01020304050607080"), "18", true): All options with value '18' are selected in object 'Object Repository/More items _OR/Page_Ontario Cannabis Store  Ontari/select_Select01020304050607080'  using regular expression

2019-04-30 12:39:28 - [MESSAGE][PASSED] - All options with value '18' are selected in object 'Object Repository/More items _OR/Page_Ontario Cannabis Store  Ontari/select_Select01020304050607080'  using regular expression

2019-04-30 12:39:28 - [TEST_STEP][PASSED] - selectOptionByValue(findTestObject("Object Repository/More items _OR/Page_Ontario Cannabis Store  Ontari/select_SelectJanuary - 01Febru"), "9", true): All options with value '9' are selected in object 'Object Repository/More items _OR/Page_Ontario Cannabis Store  Ontari/select_SelectJanuary - 01Febru'  using regular expression

2019-04-30 12:39:28 - [MESSAGE][PASSED] - All options with value '9' are selected in object 'Object Repository/More items _OR/Page_Ontario Cannabis Store  Ontari/select_SelectJanuary - 01Febru'  using regular expression

2019-04-30 12:39:28 - [TEST_STEP][PASSED] - selectOptionByValue(findTestObject("Object Repository/More items _OR/Page_Ontario Cannabis Store  Ontari/select_Select20182017201620152"), "1949", true): All options with value '1949' are selected in object 'Object Repository/More items _OR/Page_Ontario Cannabis Store  Ontari/select_Select20182017201620152'  using regular expression

2019-04-30 12:39:30 - [MESSAGE][PASSED] - All options with value '1949' are selected in object 'Object Repository/More items _OR/Page_Ontario Cannabis Store  Ontari/select_Select20182017201620152'  using regular expression

2019-04-30 12:39:30 - [TEST_STEP][PASSED] - click(findTestObject("Object Repository/More items _OR/Page_Ontario Cannabis Store  Ontari/button_Verify")): Object: 'Object Repository/More items _OR/Page_Ontario Cannabis Store  Ontari/button_Verify' is clicked on

2019-04-30 12:39:30 - [MESSAGE][PASSED] - Object: 'Object Repository/More items _OR/Page_Ontario Cannabis Store  Ontari/button_Verify' is clicked on

2019-04-30 12:39:30 - [TEST_STEP][PASSED] - click(findTestObject("Object Repository/More items _OR/Page_Ontario Cannabis Store  Ontari/span_CONFIRM AND ACKNOWLEDGE_c")): Object: 'Object Repository/More items _OR/Page_Ontario Cannabis Store  Ontari/span_CONFIRM AND ACKNOWLEDGE_c' is clicked on

2019-04-30 12:39:30 - [MESSAGE][PASSED] - Object: 'Object Repository/More items _OR/Page_Ontario Cannabis Store  Ontari/span_CONFIRM AND ACKNOWLEDGE_c' is clicked on

2019-04-30 12:39:30 - [TEST_STEP][PASSED] - click(findTestObject("Object Repository/More items _OR/Page_Ontario Cannabis Store  Ontari/button_CONFIRM")): Object: 'Object Repository/More items _OR/Page_Ontario Cannabis Store  Ontari/button_CONFIRM' is clicked on

2019-04-30 12:39:30 - [MESSAGE][PASSED] - Object: 'Object Repository/More items _OR/Page_Ontario Cannabis Store  Ontari/button_CONFIRM' is clicked on

2019-04-30 12:39:30 - [TEST_STEP][PASSED] - click(findTestObject("Object Repository/More items _OR/Page_Ontario Cannabis Store  Ontari/button_Start Browsing")): Object: 'Object Repository/More items _OR/Page_Ontario Cannabis Store  Ontari/button_Start Browsing' is clicked on

2019-04-30 12:39:30 - [MESSAGE][PASSED] - Object: 'Object Repository/More items _OR/Page_Ontario Cannabis Store  Ontari/button_Start Browsing' is clicked on

2019-04-30 12:39:30 - [TEST_STEP][PASSED] - delay(3): Delayed 3 second(s)

2019-04-30 12:39:33 - [MESSAGE][PASSED] - Delayed 3 second(s)

2019-04-30 12:39:33 - [TEST_STEP][PASSED] - click(findTestObject("Object Repository/Show all accessories_OR/Page_Ontario Cannabis Store  Ontari/h3_Cannabis")): Object: 'Object Repository/Show all accessories_OR/Page_Ontario Cannabis Store  Ontari/h3_Cannabis' is clicked on

2019-04-30 12:39:33 - [MESSAGE][PASSED] - Object: 'Object Repository/Show all accessories_OR/Page_Ontario Cannabis Store  Ontari/h3_Cannabis' is clicked on

2019-04-30 12:39:33 - [TEST_STEP][PASSED] - delay(3): Delayed 3 second(s)

2019-04-30 12:39:36 - [MESSAGE][PASSED] - Delayed 3 second(s)

2019-04-30 12:39:36 - [TEST_STEP][PASSED] - click(findTestObject("Object Repository/More items _OR/Page_Ontario Cannabis Store  Ontari/span_Indica Dominant")): Object: 'Object Repository/More items _OR/Page_Ontario Cannabis Store  Ontari/span_Indica Dominant' is clicked on

2019-04-30 12:39:39 - [MESSAGE][PASSED] - Object: 'Object Repository/More items _OR/Page_Ontario Cannabis Store  Ontari/span_Indica Dominant' is clicked on

2019-04-30 12:39:39 - [TEST_STEP][PASSED] - delay(3): Delayed 3 second(s)

2019-04-30 12:39:42 - [MESSAGE][PASSED] - Delayed 3 second(s)

2019-04-30 12:39:42 - [TEST_STEP][PASSED] - delay(2): Delayed 2 second(s)

2019-04-30 12:39:44 - [MESSAGE][PASSED] - Delayed 2 second(s)

2019-04-30 12:39:44 - [TEST_STEP][PASSED] - click(findTestObject("More items _OR/Page_Indica Dominant Dried Flower/h3_Shishkaberry")): Object: 'Object Repository/More items _OR/Page_Indica Dominant Dried Flower/h3_Shishkaberry' is clicked on

2019-04-30 12:39:47 - [MESSAGE][PASSED] - Object: 'Object Repository/More items _OR/Page_Indica Dominant Dried Flower/h3_Shishkaberry' is clicked on

2019-04-30 12:39:47 - [TEST_STEP][PASSED] - delay(2): Delayed 2 second(s)

2019-04-30 12:39:49 - [MESSAGE][PASSED] - Delayed 2 second(s)

2019-04-30 12:39:49 - [TEST_STEP][PASSED] - click(findTestObject("Object Repository/More items _OR/Page_Shishkaberry  Ontario Cannabis/li_Vaporizers")): Object: 'Object Repository/More items _OR/Page_Shishkaberry  Ontario Cannabis/li_Vaporizers' is clicked on

2019-04-30 12:39:49 - [MESSAGE][PASSED] - Object: 'Object Repository/More items _OR/Page_Shishkaberry  Ontario Cannabis/li_Vaporizers' is clicked on

2019-04-30 12:39:49 - [TEST_STEP][PASSED] - click(findTestObject("Object Repository/More items _OR/Page_Shishkaberry  Ontario Cannabis/li_Papers  Filters")): Object: 'Object Repository/More items _OR/Page_Shishkaberry  Ontario Cannabis/li_Papers  Filters' is clicked on

2019-04-30 12:39:50 - [MESSAGE][PASSED] - Object: 'Object Repository/More items _OR/Page_Shishkaberry  Ontario Cannabis/li_Papers  Filters' is clicked on

2019-04-30 12:39:50 - [TEST_STEP][PASSED] - click(findTestObject("Object Repository/More items _OR/Page_Shishkaberry  Ontario Cannabis/li_Bongs  Pipes")): Object: 'Object Repository/More items _OR/Page_Shishkaberry  Ontario Cannabis/li_Bongs  Pipes' is clicked on

2019-04-30 12:39:50 - [MESSAGE][PASSED] - Object: 'Object Repository/More items _OR/Page_Shishkaberry  Ontario Cannabis/li_Bongs  Pipes' is clicked on

2019-04-30 12:39:50 - [TEST_STEP][PASSED] - delay(3): Delayed 3 second(s)

2019-04-30 12:39:53 - [MESSAGE][PASSED] - Delayed 3 second(s)

2019-04-30 12:39:53 - [TEST_STEP][PASSED] - click(findTestObject("Object Repository/More items _OR/Page_Shishkaberry  Ontario Cannabis/li_Grinders")): Object: 'Object Repository/More items _OR/Page_Shishkaberry  Ontario Cannabis/li_Grinders' is clicked on

2019-04-30 12:39:53 - [MESSAGE][PASSED] - Object: 'Object Repository/More items _OR/Page_Shishkaberry  Ontario Cannabis/li_Grinders' is clicked on

2019-04-30 12:39:53 - [TEST_STEP][PASSED] - delay(3): Delayed 3 second(s)

2019-04-30 12:39:56 - [MESSAGE][PASSED] - Delayed 3 second(s)

2019-04-30 12:39:56 - [TEST_STEP][PASSED] - click(findTestObject("Object Repository/More items _OR/Page_Shishkaberry  Ontario Cannabis/i_Bongs  Pipes_icon--back slic")): Object: 'Object Repository/More items _OR/Page_Shishkaberry  Ontario Cannabis/i_Bongs  Pipes_icon--back slic' is clicked on

2019-04-30 12:39:56 - [MESSAGE][PASSED] - Object: 'Object Repository/More items _OR/Page_Shishkaberry  Ontario Cannabis/i_Bongs  Pipes_icon--back slic' is clicked on

2019-04-30 12:39:56 - [TEST_STEP][PASSED] - delay(3): Delayed 3 second(s)

2019-04-30 12:39:59 - [MESSAGE][PASSED] - Delayed 3 second(s)

2019-04-30 12:39:59 - [TEST_STEP][PASSED] - click(findTestObject("Object Repository/More items _OR/Page_Shishkaberry  Ontario Cannabis/i_Dot Infinity Grinder Card_ic")): Object: 'Object Repository/More items _OR/Page_Shishkaberry  Ontario Cannabis/i_Dot Infinity Grinder Card_ic' is clicked on

2019-04-30 12:39:59 - [MESSAGE][PASSED] - Object: 'Object Repository/More items _OR/Page_Shishkaberry  Ontario Cannabis/i_Dot Infinity Grinder Card_ic' is clicked on

2019-04-30 12:39:59 - [TEST_STEP][PASSED] - delay(3): Delayed 3 second(s)

2019-04-30 12:40:02 - [MESSAGE][PASSED] - Delayed 3 second(s)

2019-04-30 12:40:02 - [TEST_STEP][PASSED] - click(findTestObject("Object Repository/More items _OR/Page_Shishkaberry  Ontario Cannabis/i_Dot Infinity Grinder Card_ic")): Object: 'Object Repository/More items _OR/Page_Shishkaberry  Ontario Cannabis/i_Dot Infinity Grinder Card_ic' is clicked on

2019-04-30 12:40:02 - [MESSAGE][PASSED] - Object: 'Object Repository/More items _OR/Page_Shishkaberry  Ontario Cannabis/i_Dot Infinity Grinder Card_ic' is clicked on

2019-04-30 12:40:02 - [TEST_STEP][PASSED] - delay(3, STOP_ON_FAILURE): Delayed 3 second(s)

2019-04-30 12:40:05 - [MESSAGE][PASSED] - Delayed 3 second(s)

2019-04-30 12:40:05 - [TEST_STEP][PASSED] - click(findTestObject("Object Repository/More items _OR/Page_Shishkaberry  Ontario Cannabis/li_Grinders")): Object: 'Object Repository/More items _OR/Page_Shishkaberry  Ontario Cannabis/li_Grinders' is clicked on

2019-04-30 12:40:05 - [MESSAGE][PASSED] - Object: 'Object Repository/More items _OR/Page_Shishkaberry  Ontario Cannabis/li_Grinders' is clicked on

2019-04-30 12:40:05 - [TEST_STEP][PASSED] - click(findTestObject("More items _OR/Page_Shishkaberry  Ontario Cannabis/img"), STOP_ON_FAILURE): Object: 'Object Repository/More items _OR/Page_Shishkaberry  Ontario Cannabis/img' is clicked on

2019-04-30 12:40:08 - [MESSAGE][PASSED] - Object: 'Object Repository/More items _OR/Page_Shishkaberry  Ontario Cannabis/img' is clicked on

2019-04-30 12:40:08 - [TEST_STEP][PASSED] - back(): Navigate back successfully

2019-04-30 12:40:09 - [MESSAGE][PASSED] - Navigate back successfully

2019-04-30 12:40:09 - [TEST_STEP][PASSED] - click(findTestObject("Object Repository/More items _OR/Page_Shishkaberry  Ontario Cannabis/li_Vaporizers")): Object: 'Object Repository/More items _OR/Page_Shishkaberry  Ontario Cannabis/li_Vaporizers' is clicked on

2019-04-30 12:40:09 - [MESSAGE][PASSED] - Object: 'Object Repository/More items _OR/Page_Shishkaberry  Ontario Cannabis/li_Vaporizers' is clicked on

2019-04-30 12:40:09 - [TEST_STEP][PASSED] - click(findTestObject("Object Repository/More items _OR/Page_Shishkaberry  Ontario Cannabis/i_Show all accessories_icon--b")): Object: 'Object Repository/More items _OR/Page_Shishkaberry  Ontario Cannabis/i_Show all accessories_icon--b' is clicked on

2019-04-30 12:40:09 - [MESSAGE][PASSED] - Object: 'Object Repository/More items _OR/Page_Shishkaberry  Ontario Cannabis/i_Show all accessories_icon--b' is clicked on

2019-04-30 12:40:09 - [TEST_STEP][PASSED] - click(findTestObject("Object Repository/More items _OR/Page_Shishkaberry  Ontario Cannabis/i_PAX 2_icon--forward slick-ar")): Object: 'Object Repository/More items _OR/Page_Shishkaberry  Ontario Cannabis/i_PAX 2_icon--forward slick-ar' is clicked on

2019-04-30 12:40:09 - [MESSAGE][PASSED] - Object: 'Object Repository/More items _OR/Page_Shishkaberry  Ontario Cannabis/i_PAX 2_icon--forward slick-ar' is clicked on

2019-04-30 12:40:09 - [TEST_STEP][PASSED] - click(findTestObject("Object Repository/More items _OR/Page_Shishkaberry  Ontario Cannabis/img_1")): Object: 'Object Repository/More items _OR/Page_Shishkaberry  Ontario Cannabis/img_1' is clicked on

2019-04-30 12:40:12 - [MESSAGE][PASSED] - Object: 'Object Repository/More items _OR/Page_Shishkaberry  Ontario Cannabis/img_1' is clicked on

2019-04-30 12:40:12 - [TEST_STEP][PASSED] - back(): Navigate back successfully

2019-04-30 12:40:12 - [MESSAGE][PASSED] - Navigate back successfully

2019-04-30 12:40:12 - [TEST_STEP][PASSED] - click(findTestObject("Object Repository/More items _OR/Page_Shishkaberry  Ontario Cannabis/li_Papers  Filters")): Object: 'Object Repository/More items _OR/Page_Shishkaberry  Ontario Cannabis/li_Papers  Filters' is clicked on

2019-04-30 12:40:12 - [MESSAGE][PASSED] - Object: 'Object Repository/More items _OR/Page_Shishkaberry  Ontario Cannabis/li_Papers  Filters' is clicked on

2019-04-30 12:40:12 - [TEST_STEP][PASSED] - click(findTestObject("Object Repository/More items _OR/Page_Shishkaberry  Ontario Cannabis/i_PAX 2_icon--back slick-arrow")): Object: 'Object Repository/More items _OR/Page_Shishkaberry  Ontario Cannabis/i_PAX 2_icon--back slick-arrow' is clicked on

2019-04-30 12:40:12 - [MESSAGE][PASSED] - Object: 'Object Repository/More items _OR/Page_Shishkaberry  Ontario Cannabis/i_PAX 2_icon--back slick-arrow' is clicked on

2019-04-30 12:40:12 - [TEST_STEP][PASSED] - click(findTestObject("Object Repository/More items _OR/Page_Shishkaberry  Ontario Cannabis/i_Kingsize Thin Rice Rolling P")): Object: 'Object Repository/More items _OR/Page_Shishkaberry  Ontario Cannabis/i_Kingsize Thin Rice Rolling P' is clicked on

2019-04-30 12:40:13 - [MESSAGE][PASSED] - Object: 'Object Repository/More items _OR/Page_Shishkaberry  Ontario Cannabis/i_Kingsize Thin Rice Rolling P' is clicked on

2019-04-30 12:40:13 - [TEST_STEP][PASSED] - click(findTestObject("Object Repository/More items _OR/Page_Shishkaberry  Ontario Cannabis/i_Kingsize Thin Rice Rolling P")): Object: 'Object Repository/More items _OR/Page_Shishkaberry  Ontario Cannabis/i_Kingsize Thin Rice Rolling P' is clicked on

2019-04-30 12:40:13 - [MESSAGE][PASSED] - Object: 'Object Repository/More items _OR/Page_Shishkaberry  Ontario Cannabis/i_Kingsize Thin Rice Rolling P' is clicked on

2019-04-30 12:40:13 - [TEST_STEP][PASSED] - click(findTestObject("Object Repository/More items _OR/Page_Shishkaberry  Ontario Cannabis/img_2")): Object: 'Object Repository/More items _OR/Page_Shishkaberry  Ontario Cannabis/img_2' is clicked on

2019-04-30 12:40:16 - [MESSAGE][PASSED] - Object: 'Object Repository/More items _OR/Page_Shishkaberry  Ontario Cannabis/img_2' is clicked on

2019-04-30 12:40:16 - [TEST_STEP][PASSED] - back(): Navigate back successfully

2019-04-30 12:40:16 - [MESSAGE][PASSED] - Navigate back successfully

2019-04-30 12:40:16 - [TEST_STEP][PASSED] - click(findTestObject("Object Repository/More items _OR/Page_Shishkaberry  Ontario Cannabis/li_Bongs  Pipes")): Object: 'Object Repository/More items _OR/Page_Shishkaberry  Ontario Cannabis/li_Bongs  Pipes' is clicked on

2019-04-30 12:40:16 - [MESSAGE][PASSED] - Object: 'Object Repository/More items _OR/Page_Shishkaberry  Ontario Cannabis/li_Bongs  Pipes' is clicked on

2019-04-30 12:40:16 - [TEST_STEP][PASSED] - click(findTestObject("Object Repository/More items _OR/Page_Shishkaberry  Ontario Cannabis/i_Kingsize Thin Rice Rolling P_1")): Object: 'Object Repository/More items _OR/Page_Shishkaberry  Ontario Cannabis/i_Kingsize Thin Rice Rolling P_1' is clicked on

2019-04-30 12:40:16 - [MESSAGE][PASSED] - Object: 'Object Repository/More items _OR/Page_Shishkaberry  Ontario Cannabis/i_Kingsize Thin Rice Rolling P_1' is clicked on

2019-04-30 12:40:16 - [TEST_STEP][PASSED] - click(findTestObject("Object Repository/More items _OR/Page_Shishkaberry  Ontario Cannabis/i_Kingsize Thin Rice Rolling P_2")): Object: 'Object Repository/More items _OR/Page_Shishkaberry  Ontario Cannabis/i_Kingsize Thin Rice Rolling P_2' is clicked on

2019-04-30 12:40:17 - [MESSAGE][PASSED] - Object: 'Object Repository/More items _OR/Page_Shishkaberry  Ontario Cannabis/i_Kingsize Thin Rice Rolling P_2' is clicked on

2019-04-30 12:40:17 - [TEST_STEP][PASSED] - click(findTestObject("Object Repository/More items _OR/Page_Shishkaberry  Ontario Cannabis/i_Small Taster_icon--forward s")): Object: 'Object Repository/More items _OR/Page_Shishkaberry  Ontario Cannabis/i_Small Taster_icon--forward s' is clicked on

2019-04-30 12:40:17 - [MESSAGE][PASSED] - Object: 'Object Repository/More items _OR/Page_Shishkaberry  Ontario Cannabis/i_Small Taster_icon--forward s' is clicked on

2019-04-30 12:40:17 - [TEST_STEP][PASSED] - click(findTestObject("Object Repository/More items _OR/Page_Shishkaberry  Ontario Cannabis/i_Small Taster_icon--forward s")): Object: 'Object Repository/More items _OR/Page_Shishkaberry  Ontario Cannabis/i_Small Taster_icon--forward s' is clicked on

2019-04-30 12:40:17 - [MESSAGE][PASSED] - Object: 'Object Repository/More items _OR/Page_Shishkaberry  Ontario Cannabis/i_Small Taster_icon--forward s' is clicked on

2019-04-30 12:40:17 - [TEST_STEP][PASSED] - click(findTestObject("Object Repository/More items _OR/Page_Shishkaberry  Ontario Cannabis/img_3")): Object: 'Object Repository/More items _OR/Page_Shishkaberry  Ontario Cannabis/img_3' is clicked on

2019-04-30 12:40:20 - [MESSAGE][PASSED] - Object: 'Object Repository/More items _OR/Page_Shishkaberry  Ontario Cannabis/img_3' is clicked on

2019-04-30 12:40:20 - [TEST_STEP][PASSED] - back(): Navigate back successfully

2019-04-30 12:40:21 - [MESSAGE][PASSED] - Navigate back successfully]]></system-out>
         <system-err><![CDATA[]]></system-err>
      </testcase>
      <testcase name="Test Cases/OCS- PRODUCT PAGE/Learn More" classname="Test Cases/OCS- PRODUCT PAGE/Learn More" status="PASSED">
         <system-out><![CDATA[2019-04-30 12:40:21 - [TEST_CASE][PASSED] - Test Cases/OCS- PRODUCT PAGE/Learn More: Test Cases/OCS- PRODUCT PAGE/Learn More

2019-04-30 12:40:21 - [TEST_STEP][NOT_RUN] - openBrowser(""): NOT_RUN: openBrowser("")

2019-04-30 12:40:21 - [MESSAGE][NOT_RUN] - NOT_RUN: openBrowser("")

2019-04-30 12:40:21 - [TEST_STEP][NOT_RUN] - navigateToUrl("http://ocs.ca/#/verify-age"): NOT_RUN: navigateToUrl("http://ocs.ca/#/verify-age")

2019-04-30 12:40:21 - [MESSAGE][NOT_RUN] - NOT_RUN: navigateToUrl("http://ocs.ca/#/verify-age")

2019-04-30 12:40:21 - [TEST_STEP][NOT_RUN] - maximizeWindow(): NOT_RUN: maximizeWindow()

2019-04-30 12:40:21 - [MESSAGE][NOT_RUN] - NOT_RUN: maximizeWindow()

2019-04-30 12:40:21 - [TEST_STEP][NOT_RUN] - selectOptionByValue(findTestObject("Object Repository/Leran more_OR/Page_Ontario Cannabis Store  Ontari/select_Select01020304050607080"), "1", true): NOT_RUN: selectOptionByValue(findTestObject("Object Repository/Leran more_OR/Page_Ontario Cannabis Store  Ontari/select_Select01020304050607080"), "1", true)

2019-04-30 12:40:21 - [MESSAGE][NOT_RUN] - NOT_RUN: selectOptionByValue(findTestObject("Object Repository/Leran more_OR/Page_Ontario Cannabis Store  Ontari/select_Select01020304050607080"), "1", true)

2019-04-30 12:40:21 - [TEST_STEP][NOT_RUN] - selectOptionByValue(findTestObject("Object Repository/Leran more_OR/Page_Ontario Cannabis Store  Ontari/select_SelectJanuary - 01Febru"), "0", true): NOT_RUN: selectOptionByValue(findTestObject("Object Repository/Leran more_OR/Page_Ontario Cannabis Store  Ontari/select_SelectJanuary - 01Febru"), "0", true)

2019-04-30 12:40:21 - [MESSAGE][NOT_RUN] - NOT_RUN: selectOptionByValue(findTestObject("Object Repository/Leran more_OR/Page_Ontario Cannabis Store  Ontari/select_SelectJanuary - 01Febru"), "0", true)

2019-04-30 12:40:21 - [TEST_STEP][NOT_RUN] - selectOptionByValue(findTestObject("Object Repository/Leran more_OR/Page_Ontario Cannabis Store  Ontari/select_Select20182017201620152"), "1968", true): NOT_RUN: selectOptionByValue(findTestObject("Object Repository/Leran more_OR/Page_Ontario Cannabis Store  Ontari/select_Select20182017201620152"), "1968", true)

2019-04-30 12:40:21 - [MESSAGE][NOT_RUN] - NOT_RUN: selectOptionByValue(findTestObject("Object Repository/Leran more_OR/Page_Ontario Cannabis Store  Ontari/select_Select20182017201620152"), "1968", true)

2019-04-30 12:40:21 - [TEST_STEP][NOT_RUN] - click(findTestObject("Object Repository/Leran more_OR/Page_Ontario Cannabis Store  Ontari/button_Verify")): NOT_RUN: click(findTestObject("Object Repository/Leran more_OR/Page_Ontario Cannabis Store  Ontari/button_Verify"))

2019-04-30 12:40:21 - [MESSAGE][NOT_RUN] - NOT_RUN: click(findTestObject("Object Repository/Leran more_OR/Page_Ontario Cannabis Store  Ontari/button_Verify"))

2019-04-30 12:40:21 - [TEST_STEP][NOT_RUN] - click(findTestObject("Object Repository/Leran more_OR/Page_Ontario Cannabis Store  Ontari/span_CONFIRM AND ACKNOWLEDGE_c")): NOT_RUN: click(findTestObject("Object Repository/Leran more_OR/Page_Ontario Cannabis Store  Ontari/span_CONFIRM AND ACKNOWLEDGE_c"))

2019-04-30 12:40:21 - [MESSAGE][NOT_RUN] - NOT_RUN: click(findTestObject("Object Repository/Leran more_OR/Page_Ontario Cannabis Store  Ontari/span_CONFIRM AND ACKNOWLEDGE_c"))

2019-04-30 12:40:21 - [TEST_STEP][NOT_RUN] - click(findTestObject("Object Repository/Leran more_OR/Page_Ontario Cannabis Store  Ontari/button_CONFIRM")): NOT_RUN: click(findTestObject("Object Repository/Leran more_OR/Page_Ontario Cannabis Store  Ontari/button_CONFIRM"))

2019-04-30 12:40:21 - [MESSAGE][NOT_RUN] - NOT_RUN: click(findTestObject("Object Repository/Leran more_OR/Page_Ontario Cannabis Store  Ontari/button_CONFIRM"))

2019-04-30 12:40:21 - [TEST_STEP][NOT_RUN] - click(findTestObject("Object Repository/Leran more_OR/Page_Ontario Cannabis Store  Ontari/button_Start Browsing")): NOT_RUN: click(findTestObject("Object Repository/Leran more_OR/Page_Ontario Cannabis Store  Ontari/button_Start Browsing"))

2019-04-30 12:40:21 - [MESSAGE][NOT_RUN] - NOT_RUN: click(findTestObject("Object Repository/Leran more_OR/Page_Ontario Cannabis Store  Ontari/button_Start Browsing"))

2019-04-30 12:40:21 - [TEST_STEP][NOT_RUN] - mouseOver(findTestObject("Object Repository/Leran more_OR/Page_Ontario Cannabis Store  Ontari/h3_Cannabis")): NOT_RUN: mouseOver(findTestObject("Object Repository/Leran more_OR/Page_Ontario Cannabis Store  Ontari/h3_Cannabis"))

2019-04-30 12:40:21 - [MESSAGE][NOT_RUN] - NOT_RUN: mouseOver(findTestObject("Object Repository/Leran more_OR/Page_Ontario Cannabis Store  Ontari/h3_Cannabis"))

2019-04-30 12:40:21 - [TEST_STEP][NOT_RUN] - click(findTestObject("Object Repository/Leran more_OR/Page_Ontario Cannabis Store  Ontari/span_Indica Dominant")): NOT_RUN: click(findTestObject("Object Repository/Leran more_OR/Page_Ontario Cannabis Store  Ontari/span_Indica Dominant"))

2019-04-30 12:40:21 - [MESSAGE][NOT_RUN] - NOT_RUN: click(findTestObject("Object Repository/Leran more_OR/Page_Ontario Cannabis Store  Ontari/span_Indica Dominant"))

2019-04-30 12:40:21 - [TEST_STEP][NOT_RUN] - delay(3): NOT_RUN: delay(3)

2019-04-30 12:40:21 - [MESSAGE][NOT_RUN] - NOT_RUN: delay(3)

2019-04-30 12:40:21 - [TEST_STEP][NOT_RUN] - click(findTestObject("Page_Indica Dominant Dried Flower/h3_Shishkaberry")): NOT_RUN: click(findTestObject("Page_Indica Dominant Dried Flower/h3_Shishkaberry"))

2019-04-30 12:40:21 - [MESSAGE][NOT_RUN] - NOT_RUN: click(findTestObject("Page_Indica Dominant Dried Flower/h3_Shishkaberry"))

2019-04-30 12:40:21 - [TEST_STEP][NOT_RUN] - closeBrowser(): NOT_RUN: closeBrowser()

2019-04-30 12:40:21 - [MESSAGE][NOT_RUN] - NOT_RUN: closeBrowser()

2019-04-30 12:40:21 - [TEST_STEP][PASSED] - openBrowser(""): Browser is opened with url: ''

2019-04-30 12:40:21 - [MESSAGE][WARNING] - A browser is already opened. Closing browser and opening a new one

2019-04-30 12:40:21 - [MESSAGE][INFO] - Starting 'Chrome' driver

2019-04-30 12:40:22 - [MESSAGE][PASSED] - Browser is opened with url: ''

2019-04-30 12:40:22 - [TEST_STEP][PASSED] - navigateToUrl("https://ocs.ca/#/verify-age"): Navigate to 'https://ocs.ca/#/verify-age' successfully

2019-04-30 12:40:26 - [MESSAGE][PASSED] - Navigate to 'https://ocs.ca/#/verify-age' successfully

2019-04-30 12:40:26 - [TEST_STEP][PASSED] - maximizeWindow(): Current window maximized

2019-04-30 12:40:26 - [MESSAGE][PASSED] - Current window maximized

2019-04-30 12:40:26 - [TEST_STEP][PASSED] - selectOptionByValue(findTestObject("Object Repository/Leran more_OR/Page_Ontario Cannabis Store  Ontari/select_Select01020304050607080"), "17", true): All options with value '17' are selected in object 'Object Repository/Leran more_OR/Page_Ontario Cannabis Store  Ontari/select_Select01020304050607080'  using regular expression

2019-04-30 12:40:27 - [MESSAGE][PASSED] - All options with value '17' are selected in object 'Object Repository/Leran more_OR/Page_Ontario Cannabis Store  Ontari/select_Select01020304050607080'  using regular expression

2019-04-30 12:40:27 - [TEST_STEP][PASSED] - selectOptionByValue(findTestObject("Object Repository/Leran more_OR/Page_Ontario Cannabis Store  Ontari/select_SelectJanuary - 01Febru"), "9", true): All options with value '9' are selected in object 'Object Repository/Leran more_OR/Page_Ontario Cannabis Store  Ontari/select_SelectJanuary - 01Febru'  using regular expression

2019-04-30 12:40:27 - [MESSAGE][PASSED] - All options with value '9' are selected in object 'Object Repository/Leran more_OR/Page_Ontario Cannabis Store  Ontari/select_SelectJanuary - 01Febru'  using regular expression

2019-04-30 12:40:27 - [TEST_STEP][PASSED] - selectOptionByValue(findTestObject("Object Repository/Leran more_OR/Page_Ontario Cannabis Store  Ontari/select_Select20182017201620152"), "1947", true): All options with value '1947' are selected in object 'Object Repository/Leran more_OR/Page_Ontario Cannabis Store  Ontari/select_Select20182017201620152'  using regular expression

2019-04-30 12:40:28 - [MESSAGE][PASSED] - All options with value '1947' are selected in object 'Object Repository/Leran more_OR/Page_Ontario Cannabis Store  Ontari/select_Select20182017201620152'  using regular expression

2019-04-30 12:40:28 - [TEST_STEP][PASSED] - click(findTestObject("Object Repository/Leran more_OR/Page_Ontario Cannabis Store  Ontari/button_Verify")): Object: 'Object Repository/Leran more_OR/Page_Ontario Cannabis Store  Ontari/button_Verify' is clicked on

2019-04-30 12:40:28 - [MESSAGE][PASSED] - Object: 'Object Repository/Leran more_OR/Page_Ontario Cannabis Store  Ontari/button_Verify' is clicked on

2019-04-30 12:40:28 - [TEST_STEP][PASSED] - click(findTestObject("Object Repository/Leran more_OR/Page_Ontario Cannabis Store  Ontari/span_CONFIRM AND ACKNOWLEDGE_c")): Object: 'Object Repository/Leran more_OR/Page_Ontario Cannabis Store  Ontari/span_CONFIRM AND ACKNOWLEDGE_c' is clicked on

2019-04-30 12:40:28 - [MESSAGE][PASSED] - Object: 'Object Repository/Leran more_OR/Page_Ontario Cannabis Store  Ontari/span_CONFIRM AND ACKNOWLEDGE_c' is clicked on

2019-04-30 12:40:28 - [TEST_STEP][PASSED] - click(findTestObject("Object Repository/Leran more_OR/Page_Ontario Cannabis Store  Ontari/button_CONFIRM")): Object: 'Object Repository/Leran more_OR/Page_Ontario Cannabis Store  Ontari/button_CONFIRM' is clicked on

2019-04-30 12:40:28 - [MESSAGE][PASSED] - Object: 'Object Repository/Leran more_OR/Page_Ontario Cannabis Store  Ontari/button_CONFIRM' is clicked on

2019-04-30 12:40:28 - [TEST_STEP][PASSED] - click(findTestObject("Object Repository/Leran more_OR/Page_Ontario Cannabis Store  Ontari/button_Start Browsing")): Object: 'Object Repository/Leran more_OR/Page_Ontario Cannabis Store  Ontari/button_Start Browsing' is clicked on

2019-04-30 12:40:28 - [MESSAGE][PASSED] - Object: 'Object Repository/Leran more_OR/Page_Ontario Cannabis Store  Ontari/button_Start Browsing' is clicked on

2019-04-30 12:40:28 - [TEST_STEP][PASSED] - click(findTestObject("Object Repository/Leran more_OR/Page_Ontario Cannabis Store  Ontari/h3_Cannabis")): Object: 'Object Repository/Leran more_OR/Page_Ontario Cannabis Store  Ontari/h3_Cannabis' is clicked on

2019-04-30 12:40:28 - [MESSAGE][PASSED] - Object: 'Object Repository/Leran more_OR/Page_Ontario Cannabis Store  Ontari/h3_Cannabis' is clicked on

2019-04-30 12:40:28 - [TEST_STEP][PASSED] - delay(3): Delayed 3 second(s)

2019-04-30 12:40:31 - [MESSAGE][PASSED] - Delayed 3 second(s)

2019-04-30 12:40:31 - [TEST_STEP][PASSED] - click(findTestObject("Object Repository/Leran more_OR/Page_Ontario Cannabis Store  Ontari/span_Indica Dominant")): Object: 'Object Repository/Leran more_OR/Page_Ontario Cannabis Store  Ontari/span_Indica Dominant' is clicked on

2019-04-30 12:40:32 - [MESSAGE][PASSED] - Object: 'Object Repository/Leran more_OR/Page_Ontario Cannabis Store  Ontari/span_Indica Dominant' is clicked on

2019-04-30 12:40:32 - [TEST_STEP][PASSED] - delay(3): Delayed 3 second(s)

2019-04-30 12:40:35 - [MESSAGE][PASSED] - Delayed 3 second(s)

2019-04-30 12:40:35 - [TEST_STEP][PASSED] - click(findTestObject("Object Repository/Leran more_OR/Page_Indica Dominant Dried Flower/h3_Shishkaberry")): Object: 'Object Repository/Leran more_OR/Page_Indica Dominant Dried Flower/h3_Shishkaberry' is clicked on

2019-04-30 12:40:38 - [MESSAGE][PASSED] - Object: 'Object Repository/Leran more_OR/Page_Indica Dominant Dried Flower/h3_Shishkaberry' is clicked on

2019-04-30 12:40:38 - [TEST_STEP][PASSED] - delay(3): Delayed 3 second(s)

2019-04-30 12:40:41 - [MESSAGE][PASSED] - Delayed 3 second(s)

2019-04-30 12:40:41 - [TEST_STEP][PASSED] - click(findTestObject("Object Repository/Leran more_OR/Page_Shishkaberry  Ontario Cannabis/a_Learn More")): Object: 'Object Repository/Leran more_OR/Page_Shishkaberry  Ontario Cannabis/a_Learn More' is clicked on

2019-04-30 12:40:41 - [MESSAGE][PASSED] - Object: 'Object Repository/Leran more_OR/Page_Shishkaberry  Ontario Cannabis/a_Learn More' is clicked on

2019-04-30 12:40:41 - [TEST_STEP][PASSED] - scrollToPosition(900, 38): Browser is scrolled to position x = 900, y = 38

2019-04-30 12:40:41 - [MESSAGE][PASSED] - Browser is scrolled to position x = 900, y = 38

2019-04-30 12:40:41 - [TEST_STEP][PASSED] - takeScreenshot(): Taking screenshot successfully

2019-04-30 12:40:42 - [MESSAGE][PASSED] - Taking screenshot successfully
[[ATTACHMENT|/Users/sumankompelly/git/Sample-OCS/Reports/Product page/20190430_123701/1556642441678.png]]

2019-04-30 12:40:42 - [TEST_STEP][PASSED] - closeBrowser(): Browser is closed

2019-04-30 12:40:42 - [MESSAGE][PASSED] - Browser is closed]]></system-out>
         <system-err><![CDATA[]]></system-err>
      </testcase>
      <testcase name="Test Cases/OCS- PRODUCT PAGE/Recently viewed" classname="Test Cases/OCS- PRODUCT PAGE/Recently viewed" status="PASSED">
         <system-out><![CDATA[2019-04-30 12:40:42 - [TEST_CASE][PASSED] - Test Cases/OCS- PRODUCT PAGE/Recently viewed: Test Cases/OCS- PRODUCT PAGE/Recently viewed

2019-04-30 12:40:42 - [TEST_STEP][PASSED] - openBrowser(""): Browser is opened with url: ''

2019-04-30 12:40:42 - [MESSAGE][INFO] - Starting 'Chrome' driver

2019-04-30 12:40:43 - [MESSAGE][PASSED] - Browser is opened with url: ''

2019-04-30 12:40:43 - [TEST_STEP][PASSED] - navigateToUrl("https://ocs.ca/#/verify-age"): Navigate to 'https://ocs.ca/#/verify-age' successfully

2019-04-30 12:40:48 - [MESSAGE][PASSED] - Navigate to 'https://ocs.ca/#/verify-age' successfully

2019-04-30 12:40:48 - [TEST_STEP][PASSED] - maximizeWindow(): Current window maximized

2019-04-30 12:40:48 - [MESSAGE][PASSED] - Current window maximized

2019-04-30 12:40:48 - [TEST_STEP][PASSED] - selectOptionByValue(findTestObject("Object Repository/Recently viewed_OR/Page_Ontario Cannabis Store  Ontari/select_Select01020304050607080"), "18", true): All options with value '18' are selected in object 'Object Repository/Recently viewed_OR/Page_Ontario Cannabis Store  Ontari/select_Select01020304050607080'  using regular expression

2019-04-30 12:40:48 - [MESSAGE][PASSED] - All options with value '18' are selected in object 'Object Repository/Recently viewed_OR/Page_Ontario Cannabis Store  Ontari/select_Select01020304050607080'  using regular expression

2019-04-30 12:40:48 - [TEST_STEP][PASSED] - selectOptionByValue(findTestObject("Object Repository/Recently viewed_OR/Page_Ontario Cannabis Store  Ontari/select_SelectJanuary - 01Febru"), "9", true): All options with value '9' are selected in object 'Object Repository/Recently viewed_OR/Page_Ontario Cannabis Store  Ontari/select_SelectJanuary - 01Febru'  using regular expression

2019-04-30 12:40:49 - [MESSAGE][PASSED] - All options with value '9' are selected in object 'Object Repository/Recently viewed_OR/Page_Ontario Cannabis Store  Ontari/select_SelectJanuary - 01Febru'  using regular expression

2019-04-30 12:40:49 - [TEST_STEP][PASSED] - selectOptionByValue(findTestObject("Object Repository/Recently viewed_OR/Page_Ontario Cannabis Store  Ontari/select_Select20182017201620152"), "1949", true): All options with value '1949' are selected in object 'Object Repository/Recently viewed_OR/Page_Ontario Cannabis Store  Ontari/select_Select20182017201620152'  using regular expression

2019-04-30 12:40:50 - [MESSAGE][PASSED] - All options with value '1949' are selected in object 'Object Repository/Recently viewed_OR/Page_Ontario Cannabis Store  Ontari/select_Select20182017201620152'  using regular expression

2019-04-30 12:40:50 - [TEST_STEP][PASSED] - click(findTestObject("Object Repository/Recently viewed_OR/Page_Ontario Cannabis Store  Ontari/button_Verify")): Object: 'Object Repository/Recently viewed_OR/Page_Ontario Cannabis Store  Ontari/button_Verify' is clicked on

2019-04-30 12:40:50 - [MESSAGE][PASSED] - Object: 'Object Repository/Recently viewed_OR/Page_Ontario Cannabis Store  Ontari/button_Verify' is clicked on

2019-04-30 12:40:50 - [TEST_STEP][PASSED] - click(findTestObject("Object Repository/Recently viewed_OR/Page_Ontario Cannabis Store  Ontari/span_CONFIRM AND ACKNOWLEDGE_c")): Object: 'Object Repository/Recently viewed_OR/Page_Ontario Cannabis Store  Ontari/span_CONFIRM AND ACKNOWLEDGE_c' is clicked on

2019-04-30 12:40:50 - [MESSAGE][PASSED] - Object: 'Object Repository/Recently viewed_OR/Page_Ontario Cannabis Store  Ontari/span_CONFIRM AND ACKNOWLEDGE_c' is clicked on

2019-04-30 12:40:50 - [TEST_STEP][PASSED] - click(findTestObject("Object Repository/Recently viewed_OR/Page_Ontario Cannabis Store  Ontari/button_CONFIRM")): Object: 'Object Repository/Recently viewed_OR/Page_Ontario Cannabis Store  Ontari/button_CONFIRM' is clicked on

2019-04-30 12:40:50 - [MESSAGE][PASSED] - Object: 'Object Repository/Recently viewed_OR/Page_Ontario Cannabis Store  Ontari/button_CONFIRM' is clicked on

2019-04-30 12:40:50 - [TEST_STEP][PASSED] - click(findTestObject("Object Repository/Recently viewed_OR/Page_Ontario Cannabis Store  Ontari/button_Start Browsing")): Object: 'Object Repository/Recently viewed_OR/Page_Ontario Cannabis Store  Ontari/button_Start Browsing' is clicked on

2019-04-30 12:40:50 - [MESSAGE][PASSED] - Object: 'Object Repository/Recently viewed_OR/Page_Ontario Cannabis Store  Ontari/button_Start Browsing' is clicked on

2019-04-30 12:40:50 - [TEST_STEP][PASSED] - delay(3): Delayed 3 second(s)

2019-04-30 12:40:53 - [MESSAGE][PASSED] - Delayed 3 second(s)

2019-04-30 12:40:53 - [TEST_STEP][PASSED] - click(findTestObject("Object Repository/Recently viewed_OR/Page_Ontario Cannabis Store  Ontari/h3_Cannabis")): Object: 'Object Repository/Recently viewed_OR/Page_Ontario Cannabis Store  Ontari/h3_Cannabis' is clicked on

2019-04-30 12:40:53 - [MESSAGE][PASSED] - Object: 'Object Repository/Recently viewed_OR/Page_Ontario Cannabis Store  Ontari/h3_Cannabis' is clicked on

2019-04-30 12:40:53 - [TEST_STEP][PASSED] - delay(3): Delayed 3 second(s)

2019-04-30 12:40:56 - [MESSAGE][PASSED] - Delayed 3 second(s)

2019-04-30 12:40:56 - [TEST_STEP][PASSED] - click(findTestObject("Object Repository/Recently viewed_OR/Page_Ontario Cannabis Store  Ontari/span_Indica Dominant")): Object: 'Object Repository/Recently viewed_OR/Page_Ontario Cannabis Store  Ontari/span_Indica Dominant' is clicked on

2019-04-30 12:40:57 - [MESSAGE][PASSED] - Object: 'Object Repository/Recently viewed_OR/Page_Ontario Cannabis Store  Ontari/span_Indica Dominant' is clicked on

2019-04-30 12:40:57 - [TEST_STEP][PASSED] - delay(3): Delayed 3 second(s)

2019-04-30 12:41:00 - [MESSAGE][PASSED] - Delayed 3 second(s)

2019-04-30 12:41:00 - [TEST_STEP][PASSED] - click(findTestObject("Object Repository/Recently viewed_OR/Page_Indica Dominant Dried Flower/h3_Shishkaberry")): Object: 'Object Repository/Recently viewed_OR/Page_Indica Dominant Dried Flower/h3_Shishkaberry' is clicked on

2019-04-30 12:41:03 - [MESSAGE][PASSED] - Object: 'Object Repository/Recently viewed_OR/Page_Indica Dominant Dried Flower/h3_Shishkaberry' is clicked on

2019-04-30 12:41:03 - [TEST_STEP][PASSED] - click(findTestObject("Object Repository/Recently viewed_OR/Page_Shishkaberry  Ontario Cannabis/img")): Object: 'Object Repository/Recently viewed_OR/Page_Shishkaberry  Ontario Cannabis/img' is clicked on

2019-04-30 12:41:05 - [MESSAGE][PASSED] - Object: 'Object Repository/Recently viewed_OR/Page_Shishkaberry  Ontario Cannabis/img' is clicked on

2019-04-30 12:41:05 - [TEST_STEP][PASSED] - a = getWindowTitle(): Current window's title is: 'Shishkaberry | Ontario Cannabis Store'

2019-04-30 12:41:05 - [MESSAGE][PASSED] - Current window's title is: 'Shishkaberry | Ontario Cannabis Store'

2019-04-30 12:41:05 - [TEST_STEP][PASSED] - if (a == getWindowTitle()):  tilte equals 

2019-04-30 12:41:05 - [MESSAGE][PASSED] - Current window's title is: 'Shishkaberry | Ontario Cannabis Store'

2019-04-30 12:41:05 - [TEST_STEP][PASSED] - comment(" tilte equals "):  tilte equals 

2019-04-30 12:41:05 - [MESSAGE][INFO] -  tilte equals]]></system-out>
         <system-err><![CDATA[]]></system-err>
      </testcase>
      <testcase name="Test Cases/OCS- PRODUCT PAGE/variants selector" classname="Test Cases/OCS- PRODUCT PAGE/variants selector" status="PASSED">
         <system-out><![CDATA[2019-04-30 12:41:05 - [TEST_CASE][PASSED] - Test Cases/OCS- PRODUCT PAGE/variants selector: Test Cases/OCS- PRODUCT PAGE/variants selector

2019-04-30 12:41:05 - [TEST_STEP][PASSED] - openBrowser(""): Browser is opened with url: ''

2019-04-30 12:41:05 - [MESSAGE][WARNING] - A browser is already opened. Closing browser and opening a new one

2019-04-30 12:41:05 - [MESSAGE][INFO] - Starting 'Chrome' driver

2019-04-30 12:41:06 - [MESSAGE][PASSED] - Browser is opened with url: ''

2019-04-30 12:41:06 - [TEST_STEP][PASSED] - navigateToUrl("http://ocs.ca/#/verify-age"): Navigate to 'http://ocs.ca/#/verify-age' successfully

2019-04-30 12:41:09 - [MESSAGE][PASSED] - Navigate to 'http://ocs.ca/#/verify-age' successfully

2019-04-30 12:41:09 - [TEST_STEP][PASSED] - maximizeWindow(): Current window maximized

2019-04-30 12:41:10 - [MESSAGE][PASSED] - Current window maximized

2019-04-30 12:41:10 - [TEST_STEP][PASSED] - selectOptionByValue(findTestObject("Object Repository/PROD-breadcrumb_OR/Page_Ontario Cannabis Store  Ontari/select_Select01020304050607080"), "1", true): All options with value '1' are selected in object 'Object Repository/PROD-breadcrumb_OR/Page_Ontario Cannabis Store  Ontari/select_Select01020304050607080'  using regular expression

2019-04-30 12:41:10 - [MESSAGE][PASSED] - All options with value '1' are selected in object 'Object Repository/PROD-breadcrumb_OR/Page_Ontario Cannabis Store  Ontari/select_Select01020304050607080'  using regular expression

2019-04-30 12:41:10 - [TEST_STEP][PASSED] - selectOptionByValue(findTestObject("Object Repository/PROD-breadcrumb_OR/Page_Ontario Cannabis Store  Ontari/select_SelectJanuary - 01Febru"), "0", true): All options with value '0' are selected in object 'Object Repository/PROD-breadcrumb_OR/Page_Ontario Cannabis Store  Ontari/select_SelectJanuary - 01Febru'  using regular expression

2019-04-30 12:41:10 - [MESSAGE][PASSED] - All options with value '0' are selected in object 'Object Repository/PROD-breadcrumb_OR/Page_Ontario Cannabis Store  Ontari/select_SelectJanuary - 01Febru'  using regular expression

2019-04-30 12:41:10 - [TEST_STEP][PASSED] - selectOptionByValue(findTestObject("Object Repository/PROD-breadcrumb_OR/Page_Ontario Cannabis Store  Ontari/select_Select20182017201620152"), "1968", true): All options with value '1968' are selected in object 'Object Repository/PROD-breadcrumb_OR/Page_Ontario Cannabis Store  Ontari/select_Select20182017201620152'  using regular expression

2019-04-30 12:41:11 - [MESSAGE][PASSED] - All options with value '1968' are selected in object 'Object Repository/PROD-breadcrumb_OR/Page_Ontario Cannabis Store  Ontari/select_Select20182017201620152'  using regular expression

2019-04-30 12:41:11 - [TEST_STEP][PASSED] - click(findTestObject("Object Repository/PROD-breadcrumb_OR/Page_Ontario Cannabis Store  Ontari/button_Verify")): Object: 'Object Repository/PROD-breadcrumb_OR/Page_Ontario Cannabis Store  Ontari/button_Verify' is clicked on

2019-04-30 12:41:11 - [MESSAGE][PASSED] - Object: 'Object Repository/PROD-breadcrumb_OR/Page_Ontario Cannabis Store  Ontari/button_Verify' is clicked on

2019-04-30 12:41:11 - [TEST_STEP][PASSED] - click(findTestObject("Object Repository/PROD-breadcrumb_OR/Page_Ontario Cannabis Store  Ontari/span_CONFIRM AND ACKNOWLEDGE_c")): Object: 'Object Repository/PROD-breadcrumb_OR/Page_Ontario Cannabis Store  Ontari/span_CONFIRM AND ACKNOWLEDGE_c' is clicked on

2019-04-30 12:41:11 - [MESSAGE][PASSED] - Object: 'Object Repository/PROD-breadcrumb_OR/Page_Ontario Cannabis Store  Ontari/span_CONFIRM AND ACKNOWLEDGE_c' is clicked on

2019-04-30 12:41:11 - [TEST_STEP][PASSED] - click(findTestObject("Object Repository/PROD-breadcrumb_OR/Page_Ontario Cannabis Store  Ontari/button_CONFIRM")): Object: 'Object Repository/PROD-breadcrumb_OR/Page_Ontario Cannabis Store  Ontari/button_CONFIRM' is clicked on

2019-04-30 12:41:12 - [MESSAGE][PASSED] - Object: 'Object Repository/PROD-breadcrumb_OR/Page_Ontario Cannabis Store  Ontari/button_CONFIRM' is clicked on

2019-04-30 12:41:12 - [TEST_STEP][PASSED] - click(findTestObject("Object Repository/PROD-breadcrumb_OR/Page_Ontario Cannabis Store  Ontari/button_Start Browsing")): Object: 'Object Repository/PROD-breadcrumb_OR/Page_Ontario Cannabis Store  Ontari/button_Start Browsing' is clicked on

2019-04-30 12:41:12 - [MESSAGE][PASSED] - Object: 'Object Repository/PROD-breadcrumb_OR/Page_Ontario Cannabis Store  Ontari/button_Start Browsing' is clicked on

2019-04-30 12:41:12 - [TEST_STEP][PASSED] - mouseOver(findTestObject("PROD-breadcrumb_OR/Page_Ontario Cannabis Store  Ontari/h3_Cannabis")): Object: 'Object Repository/PROD-breadcrumb_OR/Page_Ontario Cannabis Store  Ontari/h3_Cannabis' is hovered

2019-04-30 12:41:12 - [MESSAGE][PASSED] - Object: 'Object Repository/PROD-breadcrumb_OR/Page_Ontario Cannabis Store  Ontari/h3_Cannabis' is hovered

2019-04-30 12:41:12 - [TEST_STEP][PASSED] - click(findTestObject("Object Repository/PROD-breadcrumb_OR/Page_Ontario Cannabis Store  Ontari/span_Indica Dominant")): Object: 'Object Repository/PROD-breadcrumb_OR/Page_Ontario Cannabis Store  Ontari/span_Indica Dominant' is clicked on

2019-04-30 12:41:15 - [MESSAGE][PASSED] - Object: 'Object Repository/PROD-breadcrumb_OR/Page_Ontario Cannabis Store  Ontari/span_Indica Dominant' is clicked on

2019-04-30 12:41:15 - [TEST_STEP][PASSED] - delay(3): Delayed 3 second(s)

2019-04-30 12:41:18 - [MESSAGE][PASSED] - Delayed 3 second(s)

2019-04-30 12:41:18 - [TEST_STEP][PASSED] - click(findTestObject("PROD-breadcrumb_OR/Page_Indica Dominant Dried Flower/h3_Shishkaberry")): Object: 'Object Repository/PROD-breadcrumb_OR/Page_Indica Dominant Dried Flower/h3_Shishkaberry' is clicked on

2019-04-30 12:41:23 - [MESSAGE][PASSED] - Object: 'Object Repository/PROD-breadcrumb_OR/Page_Indica Dominant Dried Flower/h3_Shishkaberry' is clicked on

2019-04-30 12:41:23 - [TEST_STEP][NOT_RUN] - click(findTestObject("PROD-breadcrumb_OR/Page_Shishkaberry  Ontario Cannabis/a_Shishkaberry")): NOT_RUN: click(findTestObject("PROD-breadcrumb_OR/Page_Shishkaberry  Ontario Cannabis/a_Shishkaberry"))

2019-04-30 12:41:23 - [MESSAGE][NOT_RUN] - NOT_RUN: click(findTestObject("PROD-breadcrumb_OR/Page_Shishkaberry  Ontario Cannabis/a_Shishkaberry"))

2019-04-30 12:41:23 - [TEST_STEP][NOT_RUN] - click(findTestObject("Object Repository/PROD-breadcrumb_OR/Page_Shishkaberry  Ontario Cannabis/a_Dried Flower")): NOT_RUN: click(findTestObject("Object Repository/PROD-breadcrumb_OR/Page_Shishkaberry  Ontario Cannabis/a_Dried Flower"))

2019-04-30 12:41:23 - [MESSAGE][NOT_RUN] - NOT_RUN: click(findTestObject("Object Repository/PROD-breadcrumb_OR/Page_Shishkaberry  Ontario Cannabis/a_Dried Flower"))

2019-04-30 12:41:23 - [TEST_STEP][NOT_RUN] - click(findTestObject("Object Repository/PROD-breadcrumb_OR/Page_Dried Flower  Ontario Cannabis/a_Cannabis")): NOT_RUN: click(findTestObject("Object Repository/PROD-breadcrumb_OR/Page_Dried Flower  Ontario Cannabis/a_Cannabis"))

2019-04-30 12:41:23 - [MESSAGE][NOT_RUN] - NOT_RUN: click(findTestObject("Object Repository/PROD-breadcrumb_OR/Page_Dried Flower  Ontario Cannabis/a_Cannabis"))

2019-04-30 12:41:23 - [TEST_STEP][NOT_RUN] - click(findTestObject("Object Repository/PROD-breadcrumb_OR/Page_All Cannabis Products  Ontario/a_Home")): NOT_RUN: click(findTestObject("Object Repository/PROD-breadcrumb_OR/Page_All Cannabis Products  Ontario/a_Home"))

2019-04-30 12:41:23 - [MESSAGE][NOT_RUN] - NOT_RUN: click(findTestObject("Object Repository/PROD-breadcrumb_OR/Page_All Cannabis Products  Ontario/a_Home"))

2019-04-30 12:41:23 - [TEST_STEP][PASSED] - click(findTestObject("price_OR/Page_Shishkaberry  Ontario Cannabis/label_1g")): Object: 'Object Repository/price_OR/Page_Shishkaberry  Ontario Cannabis/label_1g' is clicked on

2019-04-30 12:41:23 - [MESSAGE][PASSED] - Object: 'Object Repository/price_OR/Page_Shishkaberry  Ontario Cannabis/label_1g' is clicked on

2019-04-30 12:41:23 - [TEST_STEP][PASSED] - click(findTestObject("price_OR/Page_Shishkaberry  Ontario Cannabis/label_3.5g")): Object: 'Object Repository/price_OR/Page_Shishkaberry  Ontario Cannabis/label_3.5g' is clicked on

2019-04-30 12:41:23 - [MESSAGE][PASSED] - Object: 'Object Repository/price_OR/Page_Shishkaberry  Ontario Cannabis/label_3.5g' is clicked on

2019-04-30 12:41:23 - [TEST_STEP][PASSED] - closeBrowser(): Browser is closed

2019-04-30 12:41:23 - [MESSAGE][PASSED] - Browser is closed]]></system-out>
         <system-err><![CDATA[]]></system-err>
      </testcase>
      <testcase name="Test Cases/OCS- PRODUCT PAGE/How to choose cannbis products" classname="Test Cases/OCS- PRODUCT PAGE/How to choose cannbis products" status="PASSED">
         <system-out><![CDATA[2019-04-30 12:41:23 - [TEST_CASE][PASSED] - Test Cases/OCS- PRODUCT PAGE/How to choose cannbis products: Test Cases/OCS- PRODUCT PAGE/How to choose cannbis products

2019-04-30 12:41:23 - [TEST_STEP][PASSED] - openBrowser(""): Browser is opened with url: ''

2019-04-30 12:41:23 - [MESSAGE][INFO] - Starting 'Chrome' driver

2019-04-30 12:41:24 - [MESSAGE][PASSED] - Browser is opened with url: ''

2019-04-30 12:41:24 - [TEST_STEP][PASSED] - navigateToUrl("https://ocs.ca/#/verify-age"): Navigate to 'https://ocs.ca/#/verify-age' successfully

2019-04-30 12:41:28 - [MESSAGE][PASSED] - Navigate to 'https://ocs.ca/#/verify-age' successfully

2019-04-30 12:41:28 - [TEST_STEP][PASSED] - maximizeWindow(): Current window maximized

2019-04-30 12:41:28 - [MESSAGE][PASSED] - Current window maximized

2019-04-30 12:41:28 - [TEST_STEP][PASSED] - selectOptionByValue(findTestObject("Object Repository/cannabis products_OR/Page_Ontario Cannabis Store  Ontari/select_Select01020304050607080"), "16", true): All options with value '16' are selected in object 'Object Repository/cannabis products_OR/Page_Ontario Cannabis Store  Ontari/select_Select01020304050607080'  using regular expression

2019-04-30 12:41:28 - [MESSAGE][PASSED] - All options with value '16' are selected in object 'Object Repository/cannabis products_OR/Page_Ontario Cannabis Store  Ontari/select_Select01020304050607080'  using regular expression

2019-04-30 12:41:28 - [TEST_STEP][PASSED] - selectOptionByValue(findTestObject("Object Repository/cannabis products_OR/Page_Ontario Cannabis Store  Ontari/select_SelectJanuary - 01Febru"), "8", true): All options with value '8' are selected in object 'Object Repository/cannabis products_OR/Page_Ontario Cannabis Store  Ontari/select_SelectJanuary - 01Febru'  using regular expression

2019-04-30 12:41:28 - [MESSAGE][PASSED] - All options with value '8' are selected in object 'Object Repository/cannabis products_OR/Page_Ontario Cannabis Store  Ontari/select_SelectJanuary - 01Febru'  using regular expression

2019-04-30 12:41:28 - [TEST_STEP][PASSED] - selectOptionByValue(findTestObject("Object Repository/cannabis products_OR/Page_Ontario Cannabis Store  Ontari/select_Select20182017201620152"), "1949", true): All options with value '1949' are selected in object 'Object Repository/cannabis products_OR/Page_Ontario Cannabis Store  Ontari/select_Select20182017201620152'  using regular expression

2019-04-30 12:41:30 - [MESSAGE][PASSED] - All options with value '1949' are selected in object 'Object Repository/cannabis products_OR/Page_Ontario Cannabis Store  Ontari/select_Select20182017201620152'  using regular expression

2019-04-30 12:41:30 - [TEST_STEP][PASSED] - click(findTestObject("Object Repository/cannabis products_OR/Page_Ontario Cannabis Store  Ontari/button_Verify")): Object: 'Object Repository/cannabis products_OR/Page_Ontario Cannabis Store  Ontari/button_Verify' is clicked on

2019-04-30 12:41:30 - [MESSAGE][PASSED] - Object: 'Object Repository/cannabis products_OR/Page_Ontario Cannabis Store  Ontari/button_Verify' is clicked on

2019-04-30 12:41:30 - [TEST_STEP][PASSED] - click(findTestObject("Object Repository/cannabis products_OR/Page_Ontario Cannabis Store  Ontari/span_CONFIRM AND ACKNOWLEDGE_c")): Object: 'Object Repository/cannabis products_OR/Page_Ontario Cannabis Store  Ontari/span_CONFIRM AND ACKNOWLEDGE_c' is clicked on

2019-04-30 12:41:30 - [MESSAGE][PASSED] - Object: 'Object Repository/cannabis products_OR/Page_Ontario Cannabis Store  Ontari/span_CONFIRM AND ACKNOWLEDGE_c' is clicked on

2019-04-30 12:41:30 - [TEST_STEP][PASSED] - click(findTestObject("Object Repository/cannabis products_OR/Page_Ontario Cannabis Store  Ontari/button_CONFIRM")): Object: 'Object Repository/cannabis products_OR/Page_Ontario Cannabis Store  Ontari/button_CONFIRM' is clicked on

2019-04-30 12:41:30 - [MESSAGE][PASSED] - Object: 'Object Repository/cannabis products_OR/Page_Ontario Cannabis Store  Ontari/button_CONFIRM' is clicked on

2019-04-30 12:41:30 - [TEST_STEP][PASSED] - click(findTestObject("Object Repository/cannabis products_OR/Page_Ontario Cannabis Store  Ontari/button_Start Browsing")): Object: 'Object Repository/cannabis products_OR/Page_Ontario Cannabis Store  Ontari/button_Start Browsing' is clicked on

2019-04-30 12:41:30 - [MESSAGE][PASSED] - Object: 'Object Repository/cannabis products_OR/Page_Ontario Cannabis Store  Ontari/button_Start Browsing' is clicked on

2019-04-30 12:41:30 - [TEST_STEP][PASSED] - delay(3): Delayed 3 second(s)

2019-04-30 12:41:33 - [MESSAGE][PASSED] - Delayed 3 second(s)

2019-04-30 12:41:33 - [TEST_STEP][PASSED] - click(findTestObject("COLLECTION PAGE _OR/breadcrumbs_OR/Page_Ontario Cannabis Store  Ontari/h3_Cannabis")): Object: 'Object Repository/COLLECTION PAGE _OR/breadcrumbs_OR/Page_Ontario Cannabis Store  Ontari/h3_Cannabis' is clicked on

2019-04-30 12:41:33 - [MESSAGE][PASSED] - Object: 'Object Repository/COLLECTION PAGE _OR/breadcrumbs_OR/Page_Ontario Cannabis Store  Ontari/h3_Cannabis' is clicked on

2019-04-30 12:41:33 - [TEST_STEP][PASSED] - delay(3): Delayed 3 second(s)

2019-04-30 12:41:36 - [MESSAGE][PASSED] - Delayed 3 second(s)

2019-04-30 12:41:36 - [TEST_STEP][PASSED] - click(findTestObject("Object Repository/cannabis products_OR/Page_Ontario Cannabis Store  Ontari/span_Indica Dominant")): Object: 'Object Repository/cannabis products_OR/Page_Ontario Cannabis Store  Ontari/span_Indica Dominant' is clicked on

2019-04-30 12:41:38 - [MESSAGE][PASSED] - Object: 'Object Repository/cannabis products_OR/Page_Ontario Cannabis Store  Ontari/span_Indica Dominant' is clicked on

2019-04-30 12:41:38 - [TEST_STEP][PASSED] - delay(2): Delayed 2 second(s)

2019-04-30 12:41:40 - [MESSAGE][PASSED] - Delayed 2 second(s)

2019-04-30 12:41:40 - [TEST_STEP][PASSED] - click(findTestObject("Object Repository/cannabis products_OR/Page_Indica Dominant Dried Flower/h3_Shishkaberry")): Object: 'Object Repository/cannabis products_OR/Page_Indica Dominant Dried Flower/h3_Shishkaberry' is clicked on

2019-04-30 12:41:43 - [MESSAGE][PASSED] - Object: 'Object Repository/cannabis products_OR/Page_Indica Dominant Dried Flower/h3_Shishkaberry' is clicked on

2019-04-30 12:41:43 - [TEST_STEP][PASSED] - delay(2): Delayed 2 second(s)

2019-04-30 12:41:45 - [MESSAGE][PASSED] - Delayed 2 second(s)

2019-04-30 12:41:45 - [TEST_STEP][PASSED] - click(findTestObject("Object Repository/cannabis products_OR/Page_Shishkaberry  Ontario Cannabis/a_How to choose cannabis produ")): Object: 'Object Repository/cannabis products_OR/Page_Shishkaberry  Ontario Cannabis/a_How to choose cannabis produ' is clicked on

2019-04-30 12:41:48 - [MESSAGE][PASSED] - Object: 'Object Repository/cannabis products_OR/Page_Shishkaberry  Ontario Cannabis/a_How to choose cannabis produ' is clicked on

2019-04-30 12:41:48 - [TEST_STEP][PASSED] - a = getWindowTitle(): Current window's title is: 'Factors in Choosing Cannabis Products | Ontario Cannabis Store'

2019-04-30 12:41:48 - [MESSAGE][PASSED] - Current window's title is: 'Factors in Choosing Cannabis Products | Ontario Cannabis Store'

2019-04-30 12:41:48 - [TEST_STEP][PASSED] - if (getWindowTitle() == a): title same

2019-04-30 12:41:48 - [MESSAGE][PASSED] - Current window's title is: 'Factors in Choosing Cannabis Products | Ontario Cannabis Store'

2019-04-30 12:41:48 - [TEST_STEP][PASSED] - comment("title same"): title same

2019-04-30 12:41:48 - [MESSAGE][INFO] - title same

2019-04-30 12:41:48 - [TEST_STEP][PASSED] - back(): Navigate back successfully

2019-04-30 12:41:48 - [MESSAGE][PASSED] - Navigate back successfully]]></system-out>
         <system-err><![CDATA[]]></system-err>
      </testcase>
      <system-out><![CDATA[2019-04-30 12:37:04 - [TEST_SUITE][PASSED] - Product page: Test Cases/OCS- PRODUCT PAGE/How to choose cannbis products]]></system-out>
      <system-err><![CDATA[]]></system-err>
   </testsuite>
</testsuites>
