<?xml version="1.0" encoding="UTF-8"?>
<testsuites name="AGE GATE-09-05-2019" time="152" tests="2" failures="0" errors="0">
   <testsuite name="AGE GATE-09-05-2019" tests="2" failures="0" errors="0" time="152" timestamp="2019-05-09 13:02:49" hostname="sumankompelly - 10.0.126.233" id="Test Suites/OCS-09-05-2019 - Theme2/AGE GATE-09-05-2019">
      <properties>
         <property name="deviceName" value=""/>
         <property name="devicePlatform" value=""/>
         <property name="logFolder" value="/Users/sumankompelly/git/Sample-OCS/Reports/OCS-09-05-2019 - Theme2/AGE GATE-09-05-2019/20190509_130247"/>
         <property name="logFiles" value="/Users/sumankompelly/git/Sample-OCS/Reports/OCS-09-05-2019 - Theme2/AGE GATE-09-05-2019/20190509_130247/execution0.log"/>
         <property name="attachments" value=""/>
         <property name="hostName" value="sumankompelly - 10.0.126.233"/>
         <property name="os" value="Mac OS X 64bit"/>
         <property name="katalonVersion" value="5.10.1.1"/>
         <property name="browser" value="Chrome 74.0.3729.131"/>
         <property name="hostAddress" value="10.0.126.233"/>
         <property name="sessionId" value="64b521afd9ae0358103689e3e2ff27444ca1bdba"/>
         <property name="seleniumVersion" value="3.7.1"/>
         <property name="proxyInformation" value="ProxyInformation{proxyOption=NO_PROXY, proxyServerType=HTTP, password=, proxyServerAddress=, proxyServerPort=0}"/>
         <property name="platform" value="Mac OS X"/>
      </properties>
      <testcase name="Test Cases/OCS-AGE GATE/AG- Under Age" classname="Test Cases/OCS-AGE GATE/AG- Under Age" status="PASSED">
         <system-out><![CDATA[2019-05-09 13:02:49 - [TEST_CASE][PASSED] - Test Cases/OCS-AGE GATE/AG- Under Age: Test Cases/OCS-AGE GATE/AG- Under Age

2019-05-09 13:02:50 - [TEST_STEP][PASSED] - openBrowser(""): Browser is opened with url: ''

2019-05-09 13:02:50 - [MESSAGE][INFO] - Starting 'Remote' driver

2019-05-09 13:02:50 - [MESSAGE][INFO] - User set preference: ['os', 'windows']

2019-05-09 13:02:50 - [MESSAGE][INFO] - User set preference: ['os_version', '10']

2019-05-09 13:02:50 - [MESSAGE][INFO] - User set preference: ['browser', 'Chrome']

2019-05-09 13:02:50 - [MESSAGE][INFO] - User set preference: ['browser_version', '74']

2019-05-09 13:02:50 - [MESSAGE][INFO] - User set preference: ['resolution', '1280x800']

2019-05-09 13:02:50 - [MESSAGE][INFO] - Connecting to remote web server 'https://dianatest3:Z3oqw9ysqTeRQJq5wFCp@hub-cloud.browserstack.com/wd/hub' with type 'Selenium'

2019-05-09 13:02:50 - [MESSAGE][INFO] - Action delay is set to 0 seconds

2019-05-09 13:03:02 - [MESSAGE][PASSED] - Browser is opened with url: ''

2019-05-09 13:03:02 - [TEST_STEP][PASSED] - navigateToUrl("https://ocs.ca/?fts=0&preview_theme_id=53373863756"): Navigate to 'https://ocs.ca/?fts=0&preview_theme_id=53373863756' successfully

2019-05-09 13:03:11 - [MESSAGE][PASSED] - Navigate to 'https://ocs.ca/?fts=0&preview_theme_id=53373863756' successfully

2019-05-09 13:03:11 - [TEST_STEP][PASSED] - click(findTestObject("Object Repository/Theme_oR/Page_Ontario Cannabis Store  Ontari/button_Close preview")): Object: 'Object Repository/Theme_oR/Page_Ontario Cannabis Store  Ontari/button_Close preview' is clicked on

2019-05-09 13:03:11 - [MESSAGE][PASSED] - Object: 'Object Repository/Theme_oR/Page_Ontario Cannabis Store  Ontari/button_Close preview' is clicked on

2019-05-09 13:03:14 - [TEST_STEP][NOT_RUN] - click(findTestObject("Object Repository/Theme_oR/Page_Ontario Cannabis Store  Ontari/button_Close preview")): NOT_RUN: click(findTestObject("Object Repository/Theme_oR/Page_Ontario Cannabis Store  Ontari/button_Close preview"))

2019-05-09 13:03:14 - [MESSAGE][NOT_RUN] - NOT_RUN: click(findTestObject("Object Repository/Theme_oR/Page_Ontario Cannabis Store  Ontari/button_Close preview"))

2019-05-09 13:03:14 - [TEST_STEP][PASSED] - selectOptionByValue(findTestObject("Object Repository/OCS_OR/UNDER AGE_OR/Page_Ontario Cannabis Store  Ontari/select_Select01020304050607080"), "2", true): All options with value '2' are selected in object 'Object Repository/OCS_OR/UNDER AGE_OR/Page_Ontario Cannabis Store  Ontari/select_Select01020304050607080'  using regular expression

2019-05-09 13:03:19 - [MESSAGE][PASSED] - All options with value '2' are selected in object 'Object Repository/OCS_OR/UNDER AGE_OR/Page_Ontario Cannabis Store  Ontari/select_Select01020304050607080'  using regular expression

2019-05-09 13:03:19 - [TEST_STEP][PASSED] - selectOptionByValue(findTestObject("Object Repository/OCS_OR/UNDER AGE_OR/Page_Ontario Cannabis Store  Ontari/select_SelectJanuary - 01Febru"), "4", true): All options with value '4' are selected in object 'Object Repository/OCS_OR/UNDER AGE_OR/Page_Ontario Cannabis Store  Ontari/select_SelectJanuary - 01Febru'  using regular expression

2019-05-09 13:03:21 - [MESSAGE][PASSED] - All options with value '4' are selected in object 'Object Repository/OCS_OR/UNDER AGE_OR/Page_Ontario Cannabis Store  Ontari/select_SelectJanuary - 01Febru'  using regular expression

2019-05-09 13:03:21 - [TEST_STEP][PASSED] - selectOptionByValue(findTestObject("Object Repository/OCS_OR/UNDER AGE_OR/Page_Ontario Cannabis Store  Ontari/select_Select20182017201620152"), "2017", true): All options with value '2017' are selected in object 'Object Repository/OCS_OR/UNDER AGE_OR/Page_Ontario Cannabis Store  Ontari/select_Select20182017201620152'  using regular expression

2019-05-09 13:03:35 - [MESSAGE][PASSED] - All options with value '2017' are selected in object 'Object Repository/OCS_OR/UNDER AGE_OR/Page_Ontario Cannabis Store  Ontari/select_Select20182017201620152'  using regular expression

2019-05-09 13:03:35 - [TEST_STEP][PASSED] - delay(2): Delayed 2 second(s)

2019-05-09 13:03:37 - [MESSAGE][PASSED] - Delayed 2 second(s)

2019-05-09 13:03:37 - [TEST_STEP][PASSED] - click(findTestObject("Object Repository/OCS_OR/UNDER AGE_OR/Page_Ontario Cannabis Store  Ontari/button_Verify")): Object: 'Object Repository/OCS_OR/UNDER AGE_OR/Page_Ontario Cannabis Store  Ontari/button_Verify' is clicked on

2019-05-09 13:03:38 - [MESSAGE][PASSED] - Object: 'Object Repository/OCS_OR/UNDER AGE_OR/Page_Ontario Cannabis Store  Ontari/button_Verify' is clicked on

2019-05-09 13:03:38 - [TEST_STEP][PASSED] - click(findTestObject("Object Repository/OCS_OR/UNDER AGE_OR/Page_Ontario Cannabis Store  Ontari/span_CONFIRM AND ACKNOWLEDGE_c")): Object: 'Object Repository/OCS_OR/UNDER AGE_OR/Page_Ontario Cannabis Store  Ontari/span_CONFIRM AND ACKNOWLEDGE_c' is clicked on

2019-05-09 13:03:38 - [MESSAGE][PASSED] - Object: 'Object Repository/OCS_OR/UNDER AGE_OR/Page_Ontario Cannabis Store  Ontari/span_CONFIRM AND ACKNOWLEDGE_c' is clicked on

2019-05-09 13:03:38 - [TEST_STEP][PASSED] - click(findTestObject("Object Repository/OCS_OR/UNDER AGE_OR/Page_Ontario Cannabis Store  Ontari/button_CONFIRM")): Object: 'Object Repository/OCS_OR/UNDER AGE_OR/Page_Ontario Cannabis Store  Ontari/button_CONFIRM' is clicked on

2019-05-09 13:03:39 - [MESSAGE][PASSED] - Object: 'Object Repository/OCS_OR/UNDER AGE_OR/Page_Ontario Cannabis Store  Ontari/button_CONFIRM' is clicked on

2019-05-09 13:03:39 - [TEST_STEP][PASSED] - click(findTestObject("Object Repository/OCS_OR/UNDER AGE_OR/Page_Ontario Cannabis Store  Ontari/a_Oops Im actually 19 or older")): Object: 'Object Repository/OCS_OR/UNDER AGE_OR/Page_Ontario Cannabis Store  Ontari/a_Oops Im actually 19 or older' is clicked on

2019-05-09 13:03:39 - [MESSAGE][PASSED] - Object: 'Object Repository/OCS_OR/UNDER AGE_OR/Page_Ontario Cannabis Store  Ontari/a_Oops Im actually 19 or older' is clicked on

2019-05-09 13:03:39 - [TEST_STEP][PASSED] - selectOptionByValue(findTestObject("Object Repository/OCS_OR/UNDER AGE_OR/Page_Ontario Cannabis Store  Ontari/select_Select01020304050607080"), "5", true): All options with value '5' are selected in object 'Object Repository/OCS_OR/UNDER AGE_OR/Page_Ontario Cannabis Store  Ontari/select_Select01020304050607080'  using regular expression

2019-05-09 13:03:44 - [MESSAGE][PASSED] - All options with value '5' are selected in object 'Object Repository/OCS_OR/UNDER AGE_OR/Page_Ontario Cannabis Store  Ontari/select_Select01020304050607080'  using regular expression

2019-05-09 13:03:44 - [TEST_STEP][PASSED] - selectOptionByValue(findTestObject("Object Repository/OCS_OR/UNDER AGE_OR/Page_Ontario Cannabis Store  Ontari/select_SelectJanuary - 01Febru"), "6", true): All options with value '6' are selected in object 'Object Repository/OCS_OR/UNDER AGE_OR/Page_Ontario Cannabis Store  Ontari/select_SelectJanuary - 01Febru'  using regular expression

2019-05-09 13:03:47 - [MESSAGE][PASSED] - All options with value '6' are selected in object 'Object Repository/OCS_OR/UNDER AGE_OR/Page_Ontario Cannabis Store  Ontari/select_SelectJanuary - 01Febru'  using regular expression

2019-05-09 13:03:47 - [TEST_STEP][PASSED] - selectOptionByValue(findTestObject("Object Repository/OCS_OR/UNDER AGE_OR/Page_Ontario Cannabis Store  Ontari/select_Select20182017201620152"), "1970", true): All options with value '1970' are selected in object 'Object Repository/OCS_OR/UNDER AGE_OR/Page_Ontario Cannabis Store  Ontari/select_Select20182017201620152'  using regular expression

2019-05-09 13:04:05 - [MESSAGE][PASSED] - All options with value '1970' are selected in object 'Object Repository/OCS_OR/UNDER AGE_OR/Page_Ontario Cannabis Store  Ontari/select_Select20182017201620152'  using regular expression

2019-05-09 13:04:05 - [TEST_STEP][PASSED] - click(findTestObject("Object Repository/OCS_OR/UNDER AGE_OR/Page_Ontario Cannabis Store  Ontari/button_Verify")): Object: 'Object Repository/OCS_OR/UNDER AGE_OR/Page_Ontario Cannabis Store  Ontari/button_Verify' is clicked on

2019-05-09 13:04:05 - [MESSAGE][PASSED] - Object: 'Object Repository/OCS_OR/UNDER AGE_OR/Page_Ontario Cannabis Store  Ontari/button_Verify' is clicked on

2019-05-09 13:04:05 - [TEST_STEP][PASSED] - click(findTestObject("Object Repository/OCS_OR/UNDER AGE_OR/Page_Ontario Cannabis Store  Ontari/span_CONFIRM AND ACKNOWLEDGE_c")): Object: 'Object Repository/OCS_OR/UNDER AGE_OR/Page_Ontario Cannabis Store  Ontari/span_CONFIRM AND ACKNOWLEDGE_c' is clicked on

2019-05-09 13:04:06 - [MESSAGE][PASSED] - Object: 'Object Repository/OCS_OR/UNDER AGE_OR/Page_Ontario Cannabis Store  Ontari/span_CONFIRM AND ACKNOWLEDGE_c' is clicked on

2019-05-09 13:04:06 - [TEST_STEP][PASSED] - click(findTestObject("Object Repository/OCS_OR/UNDER AGE_OR/Page_Ontario Cannabis Store  Ontari/button_CONFIRM")): Object: 'Object Repository/OCS_OR/UNDER AGE_OR/Page_Ontario Cannabis Store  Ontari/button_CONFIRM' is clicked on

2019-05-09 13:04:06 - [MESSAGE][PASSED] - Object: 'Object Repository/OCS_OR/UNDER AGE_OR/Page_Ontario Cannabis Store  Ontari/button_CONFIRM' is clicked on

2019-05-09 13:04:06 - [TEST_STEP][PASSED] - click(findTestObject("Object Repository/OCS_OR/UNDER AGE_OR/Page_Ontario Cannabis Store  Ontari/button_Start Browsing")): Object: 'Object Repository/OCS_OR/UNDER AGE_OR/Page_Ontario Cannabis Store  Ontari/button_Start Browsing' is clicked on

2019-05-09 13:04:06 - [MESSAGE][PASSED] - Object: 'Object Repository/OCS_OR/UNDER AGE_OR/Page_Ontario Cannabis Store  Ontari/button_Start Browsing' is clicked on

2019-05-09 13:04:06 - [TEST_STEP][PASSED] - closeBrowser(): Browser is closed

2019-05-09 13:04:08 - [MESSAGE][PASSED] - Browser is closed]]></system-out>
         <system-err><![CDATA[]]></system-err>
      </testcase>
      <testcase name="Test Cases/OCS-AGE GATE/AG - Date correction" classname="Test Cases/OCS-AGE GATE/AG - Date correction" status="PASSED">
         <system-out><![CDATA[2019-05-09 13:04:08 - [TEST_CASE][PASSED] - Test Cases/OCS-AGE GATE/AG - Date correction: Test Cases/OCS-AGE GATE/AG - Date correction

2019-05-09 13:04:08 - [TEST_STEP][PASSED] - openBrowser(""): Browser is opened with url: ''

2019-05-09 13:04:08 - [MESSAGE][INFO] - Starting 'Remote' driver

2019-05-09 13:04:08 - [MESSAGE][INFO] - User set preference: ['os', 'windows']

2019-05-09 13:04:08 - [MESSAGE][INFO] - User set preference: ['os_version', '10']

2019-05-09 13:04:08 - [MESSAGE][INFO] - User set preference: ['browser', 'Chrome']

2019-05-09 13:04:08 - [MESSAGE][INFO] - User set preference: ['browser_version', '74']

2019-05-09 13:04:08 - [MESSAGE][INFO] - User set preference: ['resolution', '1280x800']

2019-05-09 13:04:08 - [MESSAGE][INFO] - Connecting to remote web server 'https://dianatest3:Z3oqw9ysqTeRQJq5wFCp@hub-cloud.browserstack.com/wd/hub' with type 'Selenium'

2019-05-09 13:04:14 - [MESSAGE][PASSED] - Browser is opened with url: ''

2019-05-09 13:04:14 - [TEST_STEP][PASSED] - navigateToUrl("https://ocs.ca/?fts=0&preview_theme_id=53373863756"): Navigate to 'https://ocs.ca/?fts=0&preview_theme_id=53373863756' successfully

2019-05-09 13:04:20 - [MESSAGE][PASSED] - Navigate to 'https://ocs.ca/?fts=0&preview_theme_id=53373863756' successfully

2019-05-09 13:04:20 - [TEST_STEP][PASSED] - click(findTestObject("Object Repository/Theme_oR/Page_Ontario Cannabis Store  Ontari/button_Close preview")): Object: 'Object Repository/Theme_oR/Page_Ontario Cannabis Store  Ontari/button_Close preview' is clicked on

2019-05-09 13:04:24 - [MESSAGE][PASSED] - Object: 'Object Repository/Theme_oR/Page_Ontario Cannabis Store  Ontari/button_Close preview' is clicked on

2019-05-09 13:04:24 - [TEST_STEP][PASSED] - maximizeWindow(): Current window maximized

2019-05-09 13:04:25 - [MESSAGE][PASSED] - Current window maximized

2019-05-09 13:04:25 - [TEST_STEP][NOT_RUN] - click(findTestObject("Object Repository/Theme_oR/Page_Ontario Cannabis Store  Ontari/button_Close preview")): NOT_RUN: click(findTestObject("Object Repository/Theme_oR/Page_Ontario Cannabis Store  Ontari/button_Close preview"))

2019-05-09 13:04:25 - [MESSAGE][NOT_RUN] - NOT_RUN: click(findTestObject("Object Repository/Theme_oR/Page_Ontario Cannabis Store  Ontari/button_Close preview"))

2019-05-09 13:04:25 - [TEST_STEP][PASSED] - selectOptionByValue(findTestObject("OCS_OR/Page_Ontario Cannabis Store  Ontari/select_Select01020304050607080 (1)"), "2", true): All options with value '2' are selected in object 'Object Repository/OCS_OR/Page_Ontario Cannabis Store  Ontari/select_Select01020304050607080 (1)'  using regular expression

2019-05-09 13:04:30 - [MESSAGE][PASSED] - All options with value '2' are selected in object 'Object Repository/OCS_OR/Page_Ontario Cannabis Store  Ontari/select_Select01020304050607080 (1)'  using regular expression

2019-05-09 13:04:30 - [TEST_STEP][PASSED] - selectOptionByValue(findTestObject("OCS_OR/Page_Ontario Cannabis Store  Ontari/select_SelectJanuary - 01Febru (1)"), "0", true): All options with value '0' are selected in object 'Object Repository/OCS_OR/Page_Ontario Cannabis Store  Ontari/select_SelectJanuary - 01Febru (1)'  using regular expression

2019-05-09 13:04:32 - [MESSAGE][PASSED] - All options with value '0' are selected in object 'Object Repository/OCS_OR/Page_Ontario Cannabis Store  Ontari/select_SelectJanuary - 01Febru (1)'  using regular expression

2019-05-09 13:04:32 - [TEST_STEP][PASSED] - selectOptionByValue(findTestObject("Object Repository/OCS_OR/Page_Ontario Cannabis Store  Ontari/select_Select20182017201620152 (1)"), "1982", true): All options with value '1982' are selected in object 'Object Repository/OCS_OR/Page_Ontario Cannabis Store  Ontari/select_Select20182017201620152 (1)'  using regular expression

2019-05-09 13:04:50 - [MESSAGE][PASSED] - All options with value '1982' are selected in object 'Object Repository/OCS_OR/Page_Ontario Cannabis Store  Ontari/select_Select20182017201620152 (1)'  using regular expression

2019-05-09 13:04:50 - [TEST_STEP][PASSED] - delay(4): Delayed 4 second(s)

2019-05-09 13:04:54 - [MESSAGE][PASSED] - Delayed 4 second(s)

2019-05-09 13:04:54 - [TEST_STEP][PASSED] - click(findTestObject("OCS_OR/Page_Ontario Cannabis Store  Ontari/button_Verify (1)")): Object: 'Object Repository/OCS_OR/Page_Ontario Cannabis Store  Ontari/button_Verify (1)' is clicked on

2019-05-09 13:04:54 - [MESSAGE][PASSED] - Object: 'Object Repository/OCS_OR/Page_Ontario Cannabis Store  Ontari/button_Verify (1)' is clicked on

2019-05-09 13:04:54 - [TEST_STEP][PASSED] - click(findTestObject("OCS_OR/Page_Ontario Cannabis Store  Ontari/a_Correct Your Date of Birth")): Object: 'Object Repository/OCS_OR/Page_Ontario Cannabis Store  Ontari/a_Correct Your Date of Birth' is clicked on

2019-05-09 13:04:55 - [MESSAGE][PASSED] - Object: 'Object Repository/OCS_OR/Page_Ontario Cannabis Store  Ontari/a_Correct Your Date of Birth' is clicked on

2019-05-09 13:04:55 - [TEST_STEP][PASSED] - selectOptionByValue(findTestObject("Object Repository/OCS_OR/Page_Ontario Cannabis Store  Ontari/select_Select01020304050607080 (1)"), "1", true): All options with value '1' are selected in object 'Object Repository/OCS_OR/Page_Ontario Cannabis Store  Ontari/select_Select01020304050607080 (1)'  using regular expression

2019-05-09 13:04:59 - [MESSAGE][PASSED] - All options with value '1' are selected in object 'Object Repository/OCS_OR/Page_Ontario Cannabis Store  Ontari/select_Select01020304050607080 (1)'  using regular expression

2019-05-09 13:04:59 - [TEST_STEP][PASSED] - selectOptionByValue(findTestObject("Object Repository/OCS_OR/Page_Ontario Cannabis Store  Ontari/select_SelectJanuary - 01Febru (1)"), "5", true): All options with value '5' are selected in object 'Object Repository/OCS_OR/Page_Ontario Cannabis Store  Ontari/select_SelectJanuary - 01Febru (1)'  using regular expression

2019-05-09 13:05:02 - [MESSAGE][PASSED] - All options with value '5' are selected in object 'Object Repository/OCS_OR/Page_Ontario Cannabis Store  Ontari/select_SelectJanuary - 01Febru (1)'  using regular expression

2019-05-09 13:05:02 - [TEST_STEP][PASSED] - selectOptionByValue(findTestObject("Object Repository/OCS_OR/Page_Ontario Cannabis Store  Ontari/select_Select20182017201620152 (1)"), "1980", true): All options with value '1980' are selected in object 'Object Repository/OCS_OR/Page_Ontario Cannabis Store  Ontari/select_Select20182017201620152 (1)'  using regular expression

2019-05-09 13:05:19 - [MESSAGE][PASSED] - All options with value '1980' are selected in object 'Object Repository/OCS_OR/Page_Ontario Cannabis Store  Ontari/select_Select20182017201620152 (1)'  using regular expression

2019-05-09 13:05:19 - [TEST_STEP][PASSED] - click(findTestObject("OCS_OR/Page_Ontario Cannabis Store  Ontari/button_Verify (1)")): Object: 'Object Repository/OCS_OR/Page_Ontario Cannabis Store  Ontari/button_Verify (1)' is clicked on

2019-05-09 13:05:20 - [MESSAGE][PASSED] - Object: 'Object Repository/OCS_OR/Page_Ontario Cannabis Store  Ontari/button_Verify (1)' is clicked on

2019-05-09 13:05:20 - [TEST_STEP][PASSED] - closeBrowser(): Browser is closed

2019-05-09 13:05:21 - [MESSAGE][PASSED] - Browser is closed]]></system-out>
         <system-err><![CDATA[]]></system-err>
      </testcase>
      <system-out><![CDATA[2019-05-09 13:02:49 - [TEST_SUITE][PASSED] - AGE GATE-09-05-2019: Test Cases/OCS-AGE GATE/AG - Date correction]]></system-out>
      <system-err><![CDATA[]]></system-err>
   </testsuite>
</testsuites>
