<?xml version="1.0" encoding="UTF-8"?>
<testsuites name="HOMEPAGE" time="454" tests="6" failures="6" errors="0">
   <testsuite name="HOMEPAGE" tests="6" failures="6" errors="0" time="454" timestamp="2019-05-06 16:25:39" hostname="sumankompelly - 10.0.126.233" id="Test Suites/OCS-1.7.0/HOMEPAGE">
      <properties>
         <property name="deviceName" value=""/>
         <property name="devicePlatform" value=""/>
         <property name="logFolder" value="/Users/sumankompelly/git/Sample-OCS/Reports/OCS-1.7.0/HOMEPAGE/20190506_162537"/>
         <property name="logFiles" value="/Users/sumankompelly/git/Sample-OCS/Reports/OCS-1.7.0/HOMEPAGE/20190506_162537/execution0.log"/>
         <property name="attachments" value="/Users/sumankompelly/git/Sample-OCS/Reports/OCS-1.7.0/HOMEPAGE/20190506_162537/1557174385274.png, /Users/sumankompelly/git/Sample-OCS/Reports/OCS-1.7.0/HOMEPAGE/20190506_162537/1557174453391.png, /Users/sumankompelly/git/Sample-OCS/Reports/OCS-1.7.0/HOMEPAGE/20190506_162537/1557174494205.png, /Users/sumankompelly/git/Sample-OCS/Reports/OCS-1.7.0/HOMEPAGE/20190506_162537/1557174566232.png, /Users/sumankompelly/git/Sample-OCS/Reports/OCS-1.7.0/HOMEPAGE/20190506_162537/1557174709548.png, /Users/sumankompelly/git/Sample-OCS/Reports/OCS-1.7.0/HOMEPAGE/20190506_162537/1557174753796.png"/>
         <property name="hostName" value="sumankompelly - 10.0.126.233"/>
         <property name="os" value="Mac OS X 64bit"/>
         <property name="katalonVersion" value="5.10.1.1"/>
         <property name="browser" value="Chrome 74.0.3729.131"/>
         <property name="hostAddress" value="10.0.126.233"/>
         <property name="sessionId" value="e9167e982da9ef02ab9181da1f88f323"/>
         <property name="seleniumVersion" value="3.7.1"/>
         <property name="proxyInformation" value="ProxyInformation{proxyOption=NO_PROXY, proxyServerType=HTTP, password=, proxyServerAddress=, proxyServerPort=0}"/>
         <property name="platform" value="Mac OS X"/>
      </properties>
      <testcase name="Test Cases/OCS- HOME PAGE/Toggling language" classname="Test Cases/OCS- HOME PAGE/Toggling language" status="FAILED">
         <failure type="FAILED" message="Test Cases/OCS- HOME PAGE/Toggling language FAILED.
Reason:
com.kms.katalon.core.exception.StepFailedException: Unable to click on object 'Object Repository/language_OR/Page_Ontario Cannabis Store  Ontari/p_English' (Root cause: com.kms.katalon.core.webui.exception.WebElementNotFoundException: Web element with id: 'Object Repository/language_OR/Page_Ontario Cannabis Store  Ontari/p_English' located by 'By.xpath: //div[@id='shopify-section-en-header']/header/div/div/div/p' not found)
	at com.kms.katalon.core.keyword.internal.KeywordMain.stepFailed(KeywordMain.groovy:36)
	at com.kms.katalon.core.webui.keyword.internal.WebUIKeywordMain.stepFailed(WebUIKeywordMain.groovy:65)
	at com.kms.katalon.core.webui.keyword.internal.WebUIKeywordMain.runKeyword(WebUIKeywordMain.groovy:27)
	at com.kms.katalon.core.webui.keyword.builtin.ClickKeyword.click(ClickKeyword.groovy:86)
	at com.kms.katalon.core.webui.keyword.builtin.ClickKeyword.execute(ClickKeyword.groovy:67)
	at com.kms.katalon.core.keyword.internal.KeywordExecutor.executeKeywordForPlatform(KeywordExecutor.groovy:53)
	at com.kms.katalon.core.webui.keyword.WebUiBuiltInKeywords.click(WebUiBuiltInKeywords.groovy:616)
	at com.kms.katalon.core.webui.keyword.WebUiBuiltInKeywords$click$3.call(Unknown Source)
	at Toggling language.run(Toggling language:41)
	at com.kms.katalon.core.main.ScriptEngine.run(ScriptEngine.java:194)
	at com.kms.katalon.core.main.ScriptEngine.runScriptAsRawText(ScriptEngine.java:119)
	at com.kms.katalon.core.main.TestCaseExecutor.runScript(TestCaseExecutor.java:328)
	at com.kms.katalon.core.main.TestCaseExecutor.doExecute(TestCaseExecutor.java:319)
	at com.kms.katalon.core.main.TestCaseExecutor.processExecutionPhase(TestCaseExecutor.java:298)
	at com.kms.katalon.core.main.TestCaseExecutor.accessMainPhase(TestCaseExecutor.java:290)
	at com.kms.katalon.core.main.TestCaseExecutor.execute(TestCaseExecutor.java:224)
	at com.kms.katalon.core.main.TestSuiteExecutor.accessTestCaseMainPhase(TestSuiteExecutor.java:129)
	at com.kms.katalon.core.main.TestSuiteExecutor.accessTestSuiteMainPhase(TestSuiteExecutor.java:112)
	at com.kms.katalon.core.main.TestSuiteExecutor.execute(TestSuiteExecutor.java:81)
	at com.kms.katalon.core.main.TestCaseMain.startTestSuite(TestCaseMain.java:149)
	at com.kms.katalon.core.main.TestCaseMain$startTestSuite$0.call(Unknown Source)
	at TempTestSuite1557174337711.run(TempTestSuite1557174337711.groovy:36)
"/>
         <system-out><![CDATA[2019-05-06 16:25:40 - [TEST_CASE][FAILED] - Test Cases/OCS- HOME PAGE/Toggling language: Test Cases/OCS- HOME PAGE/Toggling language FAILED.
Reason:
com.kms.katalon.core.exception.StepFailedException: Unable to click on object 'Object Repository/language_OR/Page_Ontario Cannabis Store  Ontari/p_English' (Root cause: com.kms.katalon.core.webui.exception.WebElementNotFoundException: Web element with id: 'Object Repository/language_OR/Page_Ontario Cannabis Store  Ontari/p_English' located by 'By.xpath: //div[@id='shopify-section-en-header']/header/div/div/div/p' not found)
	at com.kms.katalon.core.keyword.internal.KeywordMain.stepFailed(KeywordMain.groovy:36)
	at com.kms.katalon.core.webui.keyword.internal.WebUIKeywordMain.stepFailed(WebUIKeywordMain.groovy:65)
	at com.kms.katalon.core.webui.keyword.internal.WebUIKeywordMain.runKeyword(WebUIKeywordMain.groovy:27)
	at com.kms.katalon.core.webui.keyword.builtin.ClickKeyword.click(ClickKeyword.groovy:86)
	at com.kms.katalon.core.webui.keyword.builtin.ClickKeyword.execute(ClickKeyword.groovy:67)
	at com.kms.katalon.core.keyword.internal.KeywordExecutor.executeKeywordForPlatform(KeywordExecutor.groovy:53)
	at com.kms.katalon.core.webui.keyword.WebUiBuiltInKeywords.click(WebUiBuiltInKeywords.groovy:616)
	at com.kms.katalon.core.webui.keyword.WebUiBuiltInKeywords$click$3.call(Unknown Source)
	at Toggling language.run(Toggling language:41)
	at com.kms.katalon.core.main.ScriptEngine.run(ScriptEngine.java:194)
	at com.kms.katalon.core.main.ScriptEngine.runScriptAsRawText(ScriptEngine.java:119)
	at com.kms.katalon.core.main.TestCaseExecutor.runScript(TestCaseExecutor.java:328)
	at com.kms.katalon.core.main.TestCaseExecutor.doExecute(TestCaseExecutor.java:319)
	at com.kms.katalon.core.main.TestCaseExecutor.processExecutionPhase(TestCaseExecutor.java:298)
	at com.kms.katalon.core.main.TestCaseExecutor.accessMainPhase(TestCaseExecutor.java:290)
	at com.kms.katalon.core.main.TestCaseExecutor.execute(TestCaseExecutor.java:224)
	at com.kms.katalon.core.main.TestSuiteExecutor.accessTestCaseMainPhase(TestSuiteExecutor.java:129)
	at com.kms.katalon.core.main.TestSuiteExecutor.accessTestSuiteMainPhase(TestSuiteExecutor.java:112)
	at com.kms.katalon.core.main.TestSuiteExecutor.execute(TestSuiteExecutor.java:81)
	at com.kms.katalon.core.main.TestCaseMain.startTestSuite(TestCaseMain.java:149)
	at com.kms.katalon.core.main.TestCaseMain$startTestSuite$0.call(Unknown Source)
	at TempTestSuite1557174337711.run(TempTestSuite1557174337711.groovy:36)


2019-05-06 16:25:40 - [TEST_STEP][PASSED] - openBrowser(""): Browser is opened with url: ''

2019-05-06 16:25:41 - [MESSAGE][INFO] - Starting 'Chrome' driver

2019-05-06 16:25:41 - [MESSAGE][INFO] - Action delay is set to 0 seconds

2019-05-06 16:25:42 - [MESSAGE][PASSED] - Browser is opened with url: ''

2019-05-06 16:25:42 - [TEST_STEP][PASSED] - navigateToUrl("http://ocs.ca/#/verify-age"): Navigate to 'http://ocs.ca/#/verify-age' successfully

2019-05-06 16:25:46 - [MESSAGE][PASSED] - Navigate to 'http://ocs.ca/#/verify-age' successfully

2019-05-06 16:25:46 - [TEST_STEP][PASSED] - maximizeWindow(): Current window maximized

2019-05-06 16:25:46 - [MESSAGE][PASSED] - Current window maximized

2019-05-06 16:25:46 - [TEST_STEP][PASSED] - selectOptionByValue(findTestObject("Object Repository/language_OR/Page_Ontario Cannabis Store  Ontari/select_Select01020304050607080"), "1", true): All options with value '1' are selected in object 'Object Repository/language_OR/Page_Ontario Cannabis Store  Ontari/select_Select01020304050607080'  using regular expression

2019-05-06 16:25:47 - [MESSAGE][PASSED] - All options with value '1' are selected in object 'Object Repository/language_OR/Page_Ontario Cannabis Store  Ontari/select_Select01020304050607080'  using regular expression

2019-05-06 16:25:47 - [TEST_STEP][PASSED] - selectOptionByValue(findTestObject("Object Repository/language_OR/Page_Ontario Cannabis Store  Ontari/select_SelectJanuary - 01Febru"), "0", true): All options with value '0' are selected in object 'Object Repository/language_OR/Page_Ontario Cannabis Store  Ontari/select_SelectJanuary - 01Febru'  using regular expression

2019-05-06 16:25:47 - [MESSAGE][PASSED] - All options with value '0' are selected in object 'Object Repository/language_OR/Page_Ontario Cannabis Store  Ontari/select_SelectJanuary - 01Febru'  using regular expression

2019-05-06 16:25:47 - [TEST_STEP][PASSED] - selectOptionByValue(findTestObject("Object Repository/language_OR/Page_Ontario Cannabis Store  Ontari/select_Select20182017201620152"), "1968", true): All options with value '1968' are selected in object 'Object Repository/language_OR/Page_Ontario Cannabis Store  Ontari/select_Select20182017201620152'  using regular expression

2019-05-06 16:25:49 - [MESSAGE][PASSED] - All options with value '1968' are selected in object 'Object Repository/language_OR/Page_Ontario Cannabis Store  Ontari/select_Select20182017201620152'  using regular expression

2019-05-06 16:25:49 - [TEST_STEP][PASSED] - click(findTestObject("Object Repository/language_OR/Page_Ontario Cannabis Store  Ontari/button_Verify")): Object: 'Object Repository/language_OR/Page_Ontario Cannabis Store  Ontari/button_Verify' is clicked on

2019-05-06 16:25:49 - [MESSAGE][PASSED] - Object: 'Object Repository/language_OR/Page_Ontario Cannabis Store  Ontari/button_Verify' is clicked on

2019-05-06 16:25:49 - [TEST_STEP][PASSED] - click(findTestObject("Object Repository/language_OR/Page_Ontario Cannabis Store  Ontari/span_CONFIRM AND ACKNOWLEDGE_c")): Object: 'Object Repository/language_OR/Page_Ontario Cannabis Store  Ontari/span_CONFIRM AND ACKNOWLEDGE_c' is clicked on

2019-05-06 16:25:49 - [MESSAGE][PASSED] - Object: 'Object Repository/language_OR/Page_Ontario Cannabis Store  Ontari/span_CONFIRM AND ACKNOWLEDGE_c' is clicked on

2019-05-06 16:25:49 - [TEST_STEP][PASSED] - click(findTestObject("Object Repository/language_OR/Page_Ontario Cannabis Store  Ontari/button_CONFIRM")): Object: 'Object Repository/language_OR/Page_Ontario Cannabis Store  Ontari/button_CONFIRM' is clicked on

2019-05-06 16:25:49 - [MESSAGE][PASSED] - Object: 'Object Repository/language_OR/Page_Ontario Cannabis Store  Ontari/button_CONFIRM' is clicked on

2019-05-06 16:25:49 - [TEST_STEP][PASSED] - click(findTestObject("Object Repository/language_OR/Page_Ontario Cannabis Store  Ontari/button_Start Browsing")): Object: 'Object Repository/language_OR/Page_Ontario Cannabis Store  Ontari/button_Start Browsing' is clicked on

2019-05-06 16:25:49 - [MESSAGE][PASSED] - Object: 'Object Repository/language_OR/Page_Ontario Cannabis Store  Ontari/button_Start Browsing' is clicked on

2019-05-06 16:25:49 - [TEST_STEP][PASSED] - delay(5): Delayed 5 second(s)

2019-05-06 16:25:54 - [MESSAGE][PASSED] - Delayed 5 second(s)

2019-05-06 16:25:54 - [TEST_STEP][FAILED] - click(findTestObject("Object Repository/language_OR/Page_Ontario Cannabis Store  Ontari/p_English")): click(findTestObject("Object Repository/language_OR/Page_Ontario Cannabis Store  Ontari/p_English")) FAILED.
Reason:
com.kms.katalon.core.exception.StepFailedException: Unable to click on object 'Object Repository/language_OR/Page_Ontario Cannabis Store  Ontari/p_English' (Root cause: com.kms.katalon.core.webui.exception.WebElementNotFoundException: Web element with id: 'Object Repository/language_OR/Page_Ontario Cannabis Store  Ontari/p_English' located by 'By.xpath: //div[@id='shopify-section-en-header']/header/div/div/div/p' not found)
	at com.kms.katalon.core.keyword.internal.KeywordMain.stepFailed(KeywordMain.groovy:36)
	at com.kms.katalon.core.webui.keyword.internal.WebUIKeywordMain.stepFailed(WebUIKeywordMain.groovy:65)
	at com.kms.katalon.core.webui.keyword.internal.WebUIKeywordMain.runKeyword(WebUIKeywordMain.groovy:27)
	at com.kms.katalon.core.webui.keyword.builtin.ClickKeyword.click(ClickKeyword.groovy:86)
	at com.kms.katalon.core.webui.keyword.builtin.ClickKeyword.execute(ClickKeyword.groovy:67)
	at com.kms.katalon.core.keyword.internal.KeywordExecutor.executeKeywordForPlatform(KeywordExecutor.groovy:53)
	at com.kms.katalon.core.webui.keyword.WebUiBuiltInKeywords.click(WebUiBuiltInKeywords.groovy:616)
	at com.kms.katalon.core.webui.keyword.WebUiBuiltInKeywords$click$3.call(Unknown Source)
	at Toggling language.run(Toggling language:41)
	at com.kms.katalon.core.main.ScriptEngine.run(ScriptEngine.java:194)
	at com.kms.katalon.core.main.ScriptEngine.runScriptAsRawText(ScriptEngine.java:119)
	at com.kms.katalon.core.main.TestCaseExecutor.runScript(TestCaseExecutor.java:328)
	at com.kms.katalon.core.main.TestCaseExecutor.doExecute(TestCaseExecutor.java:319)
	at com.kms.katalon.core.main.TestCaseExecutor.processExecutionPhase(TestCaseExecutor.java:298)
	at com.kms.katalon.core.main.TestCaseExecutor.accessMainPhase(TestCaseExecutor.java:290)
	at com.kms.katalon.core.main.TestCaseExecutor.execute(TestCaseExecutor.java:224)
	at com.kms.katalon.core.main.TestSuiteExecutor.accessTestCaseMainPhase(TestSuiteExecutor.java:129)
	at com.kms.katalon.core.main.TestSuiteExecutor.accessTestSuiteMainPhase(TestSuiteExecutor.java:112)
	at com.kms.katalon.core.main.TestSuiteExecutor.execute(TestSuiteExecutor.java:81)
	at com.kms.katalon.core.main.TestCaseMain.startTestSuite(TestCaseMain.java:149)
	at com.kms.katalon.core.main.TestCaseMain$startTestSuite$0.call(Unknown Source)
	at TempTestSuite1557174337711.run(TempTestSuite1557174337711.groovy:36)


2019-05-06 16:26:25 - [MESSAGE][INFO] - Unable to find the element located by 'By.xpath: //div[@id='shopify-section-en-header']/header/div/div/div/p'. Please recheck the objects properties to make sure the desired element is located. 

2019-05-06 16:26:26 - [MESSAGE][FAILED] - Unable to click on object 'Object Repository/language_OR/Page_Ontario Cannabis Store  Ontari/p_English' (Root cause: com.kms.katalon.core.webui.exception.WebElementNotFoundException: Web element with id: 'Object Repository/language_OR/Page_Ontario Cannabis Store  Ontari/p_English' located by 'By.xpath: //div[@id='shopify-section-en-header']/header/div/div/div/p' not found)
[[ATTACHMENT|/Users/sumankompelly/git/Sample-OCS/Reports/OCS-1.7.0/HOMEPAGE/20190506_162537/1557174385274.png]]

2019-05-06 16:26:26 - [MESSAGE][FAILED] - click(findTestObject("Object Repository/language_OR/Page_Ontario Cannabis Store  Ontari/p_English")) FAILED.
Reason:
com.kms.katalon.core.exception.StepFailedException: Unable to click on object 'Object Repository/language_OR/Page_Ontario Cannabis Store  Ontari/p_English' (Root cause: com.kms.katalon.core.webui.exception.WebElementNotFoundException: Web element with id: 'Object Repository/language_OR/Page_Ontario Cannabis Store  Ontari/p_English' located by 'By.xpath: //div[@id='shopify-section-en-header']/header/div/div/div/p' not found)
	at com.kms.katalon.core.keyword.internal.KeywordMain.stepFailed(KeywordMain.groovy:36)
	at com.kms.katalon.core.webui.keyword.internal.WebUIKeywordMain.stepFailed(WebUIKeywordMain.groovy:65)
	at com.kms.katalon.core.webui.keyword.internal.WebUIKeywordMain.runKeyword(WebUIKeywordMain.groovy:27)
	at com.kms.katalon.core.webui.keyword.builtin.ClickKeyword.click(ClickKeyword.groovy:86)
	at com.kms.katalon.core.webui.keyword.builtin.ClickKeyword.execute(ClickKeyword.groovy:67)
	at com.kms.katalon.core.keyword.internal.KeywordExecutor.executeKeywordForPlatform(KeywordExecutor.groovy:53)
	at com.kms.katalon.core.webui.keyword.WebUiBuiltInKeywords.click(WebUiBuiltInKeywords.groovy:616)
	at com.kms.katalon.core.webui.keyword.WebUiBuiltInKeywords$click$3.call(Unknown Source)
	at Toggling language.run(Toggling language:41)
	at com.kms.katalon.core.main.ScriptEngine.run(ScriptEngine.java:194)
	at com.kms.katalon.core.main.ScriptEngine.runScriptAsRawText(ScriptEngine.java:119)
	at com.kms.katalon.core.main.TestCaseExecutor.runScript(TestCaseExecutor.java:328)
	at com.kms.katalon.core.main.TestCaseExecutor.doExecute(TestCaseExecutor.java:319)
	at com.kms.katalon.core.main.TestCaseExecutor.processExecutionPhase(TestCaseExecutor.java:298)
	at com.kms.katalon.core.main.TestCaseExecutor.accessMainPhase(TestCaseExecutor.java:290)
	at com.kms.katalon.core.main.TestCaseExecutor.execute(TestCaseExecutor.java:224)
	at com.kms.katalon.core.main.TestSuiteExecutor.accessTestCaseMainPhase(TestSuiteExecutor.java:129)
	at com.kms.katalon.core.main.TestSuiteExecutor.accessTestSuiteMainPhase(TestSuiteExecutor.java:112)
	at com.kms.katalon.core.main.TestSuiteExecutor.execute(TestSuiteExecutor.java:81)
	at com.kms.katalon.core.main.TestCaseMain.startTestSuite(TestCaseMain.java:149)
	at com.kms.katalon.core.main.TestCaseMain$startTestSuite$0.call(Unknown Source)
	at TempTestSuite1557174337711.run(TempTestSuite1557174337711.groovy:36)]]></system-out>
         <system-err><![CDATA[2019-05-06 16:25:40 - [TEST_CASE][FAILED] - Test Cases/OCS- HOME PAGE/Toggling language: Test Cases/OCS- HOME PAGE/Toggling language FAILED.
Reason:
com.kms.katalon.core.exception.StepFailedException: Unable to click on object 'Object Repository/language_OR/Page_Ontario Cannabis Store  Ontari/p_English' (Root cause: com.kms.katalon.core.webui.exception.WebElementNotFoundException: Web element with id: 'Object Repository/language_OR/Page_Ontario Cannabis Store  Ontari/p_English' located by 'By.xpath: //div[@id='shopify-section-en-header']/header/div/div/div/p' not found)
	at com.kms.katalon.core.keyword.internal.KeywordMain.stepFailed(KeywordMain.groovy:36)
	at com.kms.katalon.core.webui.keyword.internal.WebUIKeywordMain.stepFailed(WebUIKeywordMain.groovy:65)
	at com.kms.katalon.core.webui.keyword.internal.WebUIKeywordMain.runKeyword(WebUIKeywordMain.groovy:27)
	at com.kms.katalon.core.webui.keyword.builtin.ClickKeyword.click(ClickKeyword.groovy:86)
	at com.kms.katalon.core.webui.keyword.builtin.ClickKeyword.execute(ClickKeyword.groovy:67)
	at com.kms.katalon.core.keyword.internal.KeywordExecutor.executeKeywordForPlatform(KeywordExecutor.groovy:53)
	at com.kms.katalon.core.webui.keyword.WebUiBuiltInKeywords.click(WebUiBuiltInKeywords.groovy:616)
	at com.kms.katalon.core.webui.keyword.WebUiBuiltInKeywords$click$3.call(Unknown Source)
	at Toggling language.run(Toggling language:41)
	at com.kms.katalon.core.main.ScriptEngine.run(ScriptEngine.java:194)
	at com.kms.katalon.core.main.ScriptEngine.runScriptAsRawText(ScriptEngine.java:119)
	at com.kms.katalon.core.main.TestCaseExecutor.runScript(TestCaseExecutor.java:328)
	at com.kms.katalon.core.main.TestCaseExecutor.doExecute(TestCaseExecutor.java:319)
	at com.kms.katalon.core.main.TestCaseExecutor.processExecutionPhase(TestCaseExecutor.java:298)
	at com.kms.katalon.core.main.TestCaseExecutor.accessMainPhase(TestCaseExecutor.java:290)
	at com.kms.katalon.core.main.TestCaseExecutor.execute(TestCaseExecutor.java:224)
	at com.kms.katalon.core.main.TestSuiteExecutor.accessTestCaseMainPhase(TestSuiteExecutor.java:129)
	at com.kms.katalon.core.main.TestSuiteExecutor.accessTestSuiteMainPhase(TestSuiteExecutor.java:112)
	at com.kms.katalon.core.main.TestSuiteExecutor.execute(TestSuiteExecutor.java:81)
	at com.kms.katalon.core.main.TestCaseMain.startTestSuite(TestCaseMain.java:149)
	at com.kms.katalon.core.main.TestCaseMain$startTestSuite$0.call(Unknown Source)
	at TempTestSuite1557174337711.run(TempTestSuite1557174337711.groovy:36)]]></system-err>
      </testcase>
      <testcase name="Test Cases/OCS- HOME PAGE/HP-Mega menu - Hover-cannabis" classname="Test Cases/OCS- HOME PAGE/HP-Mega menu - Hover-cannabis" status="FAILED">
         <failure type="FAILED" message="Test Cases/OCS- HOME PAGE/HP-Mega menu - Hover-cannabis FAILED.
Reason:
com.kms.katalon.core.exception.StepFailedException: Unable to click on object 'Object Repository/mega-menu - cannabis/Page_Sativa Dominant Dried Flower/span_Hybrid' (Root cause: com.kms.katalon.core.webui.exception.WebElementNotFoundException: Web element with id: 'Object Repository/mega-menu - cannabis/Page_Sativa Dominant Dried Flower/span_Hybrid' located by 'By.xpath: id(&quot;shopify-section-en-header&quot;)/header[@class=&quot;header&quot;]/div[@class=&quot;menu-bar&quot;]/div[@class=&quot;menu-bar__content&quot;]/div[@class=&quot;menu-bar__left-wrapper&quot;]/div[@class=&quot;mega-menu js-mega-menu&quot;]/nav[@class=&quot;menu js-menu&quot;]/ul[@class=&quot;menu__list unstyled&quot;]/li[@class=&quot;menu__tier-one js-menu__tier-one has-tier-two-open&quot;]/div[@class=&quot;menu__tier-two&quot;]/div[@class=&quot;menu__tier-two__content-container clearfix&quot;]/ul[@class=&quot;unstyled no-margin menu__tier-two__menu-primary&quot;]/li[@class=&quot;menu__tier-three menu--type-one js-menu__tier-three&quot;]/div[@class=&quot;accordion-item__nested-container accordionize__content accordionize__content--mega-menu&quot;]/div[1]/ul[@class=&quot;unstyled&quot;]/li[@class=&quot;menu__tier-four&quot;]/a[@class=&quot;menu__tier-four__link&quot;]/span[1][count(. | //span[(text() = 'Hybrid' or . = 'Hybrid')]) = count(//span[(text() = 'Hybrid' or . = 'Hybrid')])]' not found)
	at com.kms.katalon.core.keyword.internal.KeywordMain.stepFailed(KeywordMain.groovy:32)
	at com.kms.katalon.core.webui.keyword.internal.WebUIKeywordMain.stepFailed(WebUIKeywordMain.groovy:65)
	at com.kms.katalon.core.webui.keyword.internal.WebUIKeywordMain.runKeyword(WebUIKeywordMain.groovy:27)
	at com.kms.katalon.core.webui.keyword.builtin.ClickKeyword.click(ClickKeyword.groovy:86)
	at com.kms.katalon.core.webui.keyword.builtin.ClickKeyword.execute(ClickKeyword.groovy:67)
	at com.kms.katalon.core.keyword.internal.KeywordExecutor.executeKeywordForPlatform(KeywordExecutor.groovy:53)
	at com.kms.katalon.core.webui.keyword.WebUiBuiltInKeywords.click(WebUiBuiltInKeywords.groovy:604)
	at com.kms.katalon.core.webui.keyword.WebUiBuiltInKeywords$click$5.call(Unknown Source)
	at HP-Mega menu - Hover-cannabis.run(HP-Mega menu - Hover-cannabis:71)
	at com.kms.katalon.core.main.ScriptEngine.run(ScriptEngine.java:194)
	at com.kms.katalon.core.main.ScriptEngine.runScriptAsRawText(ScriptEngine.java:119)
	at com.kms.katalon.core.main.TestCaseExecutor.runScript(TestCaseExecutor.java:328)
	at com.kms.katalon.core.main.TestCaseExecutor.doExecute(TestCaseExecutor.java:319)
	at com.kms.katalon.core.main.TestCaseExecutor.processExecutionPhase(TestCaseExecutor.java:298)
	at com.kms.katalon.core.main.TestCaseExecutor.accessMainPhase(TestCaseExecutor.java:290)
	at com.kms.katalon.core.main.TestCaseExecutor.execute(TestCaseExecutor.java:224)
	at com.kms.katalon.core.main.TestSuiteExecutor.accessTestCaseMainPhase(TestSuiteExecutor.java:129)
	at com.kms.katalon.core.main.TestSuiteExecutor.accessTestSuiteMainPhase(TestSuiteExecutor.java:112)
	at com.kms.katalon.core.main.TestSuiteExecutor.execute(TestSuiteExecutor.java:81)
	at com.kms.katalon.core.main.TestCaseMain.startTestSuite(TestCaseMain.java:149)
	at com.kms.katalon.core.main.TestCaseMain$startTestSuite$0.call(Unknown Source)
	at TempTestSuite1557174337711.run(TempTestSuite1557174337711.groovy:36)
"/>
         <system-out><![CDATA[2019-05-06 16:26:26 - [TEST_CASE][FAILED] - Test Cases/OCS- HOME PAGE/HP-Mega menu - Hover-cannabis: Test Cases/OCS- HOME PAGE/HP-Mega menu - Hover-cannabis FAILED.
Reason:
com.kms.katalon.core.exception.StepFailedException: Unable to click on object 'Object Repository/mega-menu - cannabis/Page_Sativa Dominant Dried Flower/span_Hybrid' (Root cause: com.kms.katalon.core.webui.exception.WebElementNotFoundException: Web element with id: 'Object Repository/mega-menu - cannabis/Page_Sativa Dominant Dried Flower/span_Hybrid' located by 'By.xpath: id("shopify-section-en-header")/header[@class="header"]/div[@class="menu-bar"]/div[@class="menu-bar__content"]/div[@class="menu-bar__left-wrapper"]/div[@class="mega-menu js-mega-menu"]/nav[@class="menu js-menu"]/ul[@class="menu__list unstyled"]/li[@class="menu__tier-one js-menu__tier-one has-tier-two-open"]/div[@class="menu__tier-two"]/div[@class="menu__tier-two__content-container clearfix"]/ul[@class="unstyled no-margin menu__tier-two__menu-primary"]/li[@class="menu__tier-three menu--type-one js-menu__tier-three"]/div[@class="accordion-item__nested-container accordionize__content accordionize__content--mega-menu"]/div[1]/ul[@class="unstyled"]/li[@class="menu__tier-four"]/a[@class="menu__tier-four__link"]/span[1][count(. | //span[(text() = 'Hybrid' or . = 'Hybrid')]) = count(//span[(text() = 'Hybrid' or . = 'Hybrid')])]' not found)
	at com.kms.katalon.core.keyword.internal.KeywordMain.stepFailed(KeywordMain.groovy:32)
	at com.kms.katalon.core.webui.keyword.internal.WebUIKeywordMain.stepFailed(WebUIKeywordMain.groovy:65)
	at com.kms.katalon.core.webui.keyword.internal.WebUIKeywordMain.runKeyword(WebUIKeywordMain.groovy:27)
	at com.kms.katalon.core.webui.keyword.builtin.ClickKeyword.click(ClickKeyword.groovy:86)
	at com.kms.katalon.core.webui.keyword.builtin.ClickKeyword.execute(ClickKeyword.groovy:67)
	at com.kms.katalon.core.keyword.internal.KeywordExecutor.executeKeywordForPlatform(KeywordExecutor.groovy:53)
	at com.kms.katalon.core.webui.keyword.WebUiBuiltInKeywords.click(WebUiBuiltInKeywords.groovy:604)
	at com.kms.katalon.core.webui.keyword.WebUiBuiltInKeywords$click$5.call(Unknown Source)
	at HP-Mega menu - Hover-cannabis.run(HP-Mega menu - Hover-cannabis:71)
	at com.kms.katalon.core.main.ScriptEngine.run(ScriptEngine.java:194)
	at com.kms.katalon.core.main.ScriptEngine.runScriptAsRawText(ScriptEngine.java:119)
	at com.kms.katalon.core.main.TestCaseExecutor.runScript(TestCaseExecutor.java:328)
	at com.kms.katalon.core.main.TestCaseExecutor.doExecute(TestCaseExecutor.java:319)
	at com.kms.katalon.core.main.TestCaseExecutor.processExecutionPhase(TestCaseExecutor.java:298)
	at com.kms.katalon.core.main.TestCaseExecutor.accessMainPhase(TestCaseExecutor.java:290)
	at com.kms.katalon.core.main.TestCaseExecutor.execute(TestCaseExecutor.java:224)
	at com.kms.katalon.core.main.TestSuiteExecutor.accessTestCaseMainPhase(TestSuiteExecutor.java:129)
	at com.kms.katalon.core.main.TestSuiteExecutor.accessTestSuiteMainPhase(TestSuiteExecutor.java:112)
	at com.kms.katalon.core.main.TestSuiteExecutor.execute(TestSuiteExecutor.java:81)
	at com.kms.katalon.core.main.TestCaseMain.startTestSuite(TestCaseMain.java:149)
	at com.kms.katalon.core.main.TestCaseMain$startTestSuite$0.call(Unknown Source)
	at TempTestSuite1557174337711.run(TempTestSuite1557174337711.groovy:36)


2019-05-06 16:26:27 - [TEST_STEP][PASSED] - openBrowser(""): Browser is opened with url: ''

2019-05-06 16:26:27 - [MESSAGE][WARNING] - A browser is already opened. Closing browser and opening a new one

2019-05-06 16:26:27 - [MESSAGE][INFO] - Starting 'Chrome' driver

2019-05-06 16:26:28 - [MESSAGE][PASSED] - Browser is opened with url: ''

2019-05-06 16:26:28 - [TEST_STEP][PASSED] - navigateToUrl("https://ocs.ca/?fts=0&preview_theme_id=53372913484"): Navigate to 'https://ocs.ca/?fts=0&preview_theme_id=53372913484' successfully

2019-05-06 16:26:33 - [MESSAGE][PASSED] - Navigate to 'https://ocs.ca/?fts=0&preview_theme_id=53372913484' successfully

2019-05-06 16:26:33 - [TEST_STEP][PASSED] - maximizeWindow(): Current window maximized

2019-05-06 16:26:34 - [MESSAGE][PASSED] - Current window maximized

2019-05-06 16:26:34 - [TEST_STEP][PASSED] - selectOptionByValue(findTestObject("Object Repository/mega-menu - cannabis/Page_Ontario Cannabis Store  Ontari/select_Select01020304050607080"), "1", true): All options with value '1' are selected in object 'Object Repository/mega-menu - cannabis/Page_Ontario Cannabis Store  Ontari/select_Select01020304050607080'  using regular expression

2019-05-06 16:26:34 - [MESSAGE][PASSED] - All options with value '1' are selected in object 'Object Repository/mega-menu - cannabis/Page_Ontario Cannabis Store  Ontari/select_Select01020304050607080'  using regular expression

2019-05-06 16:26:34 - [TEST_STEP][PASSED] - selectOptionByValue(findTestObject("Object Repository/mega-menu - cannabis/Page_Ontario Cannabis Store  Ontari/select_SelectJanuary - 01Febru"), "0", true): All options with value '0' are selected in object 'Object Repository/mega-menu - cannabis/Page_Ontario Cannabis Store  Ontari/select_SelectJanuary - 01Febru'  using regular expression

2019-05-06 16:26:34 - [MESSAGE][PASSED] - All options with value '0' are selected in object 'Object Repository/mega-menu - cannabis/Page_Ontario Cannabis Store  Ontari/select_SelectJanuary - 01Febru'  using regular expression

2019-05-06 16:26:34 - [TEST_STEP][PASSED] - selectOptionByValue(findTestObject("Object Repository/mega-menu - cannabis/Page_Ontario Cannabis Store  Ontari/select_Select20182017201620152"), "1968", true): All options with value '1968' are selected in object 'Object Repository/mega-menu - cannabis/Page_Ontario Cannabis Store  Ontari/select_Select20182017201620152'  using regular expression

2019-05-06 16:26:36 - [MESSAGE][PASSED] - All options with value '1968' are selected in object 'Object Repository/mega-menu - cannabis/Page_Ontario Cannabis Store  Ontari/select_Select20182017201620152'  using regular expression

2019-05-06 16:26:36 - [TEST_STEP][PASSED] - click(findTestObject("Object Repository/mega-menu - cannabis/Page_Ontario Cannabis Store  Ontari/button_Verify")): Object: 'Object Repository/mega-menu - cannabis/Page_Ontario Cannabis Store  Ontari/button_Verify' is clicked on

2019-05-06 16:26:36 - [MESSAGE][PASSED] - Object: 'Object Repository/mega-menu - cannabis/Page_Ontario Cannabis Store  Ontari/button_Verify' is clicked on

2019-05-06 16:26:36 - [TEST_STEP][PASSED] - click(findTestObject("Object Repository/mega-menu - cannabis/Page_Ontario Cannabis Store  Ontari/span_CONFIRM AND ACKNOWLEDGE_c")): Object: 'Object Repository/mega-menu - cannabis/Page_Ontario Cannabis Store  Ontari/span_CONFIRM AND ACKNOWLEDGE_c' is clicked on

2019-05-06 16:26:36 - [MESSAGE][PASSED] - Object: 'Object Repository/mega-menu - cannabis/Page_Ontario Cannabis Store  Ontari/span_CONFIRM AND ACKNOWLEDGE_c' is clicked on

2019-05-06 16:26:36 - [TEST_STEP][PASSED] - click(findTestObject("Object Repository/mega-menu - cannabis/Page_Ontario Cannabis Store  Ontari/button_CONFIRM")): Object: 'Object Repository/mega-menu - cannabis/Page_Ontario Cannabis Store  Ontari/button_CONFIRM' is clicked on

2019-05-06 16:26:36 - [MESSAGE][PASSED] - Object: 'Object Repository/mega-menu - cannabis/Page_Ontario Cannabis Store  Ontari/button_CONFIRM' is clicked on

2019-05-06 16:26:36 - [TEST_STEP][PASSED] - click(findTestObject("Object Repository/mega-menu - cannabis/Page_Ontario Cannabis Store  Ontari/button_Start Browsing")): Object: 'Object Repository/mega-menu - cannabis/Page_Ontario Cannabis Store  Ontari/button_Start Browsing' is clicked on

2019-05-06 16:26:36 - [MESSAGE][PASSED] - Object: 'Object Repository/mega-menu - cannabis/Page_Ontario Cannabis Store  Ontari/button_Start Browsing' is clicked on

2019-05-06 16:26:36 - [TEST_STEP][PASSED] - delay(2): Delayed 2 second(s)

2019-05-06 16:26:38 - [MESSAGE][PASSED] - Delayed 2 second(s)

2019-05-06 16:26:38 - [TEST_STEP][PASSED] - click(findTestObject("mega-menu - cannabis/Page_Ontario Cannabis Store  Ontari/h3_Cannabis")): Object: 'Object Repository/mega-menu - cannabis/Page_Ontario Cannabis Store  Ontari/h3_Cannabis' is clicked on

2019-05-06 16:26:38 - [MESSAGE][PASSED] - Object: 'Object Repository/mega-menu - cannabis/Page_Ontario Cannabis Store  Ontari/h3_Cannabis' is clicked on

2019-05-06 16:26:38 - [TEST_STEP][PASSED] - delay(2): Delayed 2 second(s)

2019-05-06 16:26:40 - [MESSAGE][PASSED] - Delayed 2 second(s)

2019-05-06 16:26:40 - [TEST_STEP][PASSED] - click(findTestObject("mega-menu - cannabis/Page_Dried Flower  Ontario Cannabis/span_Indica Dominant")): Object: 'Object Repository/mega-menu - cannabis/Page_Dried Flower  Ontario Cannabis/span_Indica Dominant' is clicked on

2019-05-06 16:26:43 - [MESSAGE][PASSED] - Object: 'Object Repository/mega-menu - cannabis/Page_Dried Flower  Ontario Cannabis/span_Indica Dominant' is clicked on

2019-05-06 16:26:43 - [TEST_STEP][PASSED] - mouseOver(findTestObject("mega-menu - cannabis/Page_Ontario Cannabis Store  Ontari/h3_Cannabis")): Object: 'Object Repository/mega-menu - cannabis/Page_Ontario Cannabis Store  Ontari/h3_Cannabis' is hovered

2019-05-06 16:26:43 - [MESSAGE][PASSED] - Object: 'Object Repository/mega-menu - cannabis/Page_Ontario Cannabis Store  Ontari/h3_Cannabis' is hovered

2019-05-06 16:26:43 - [TEST_STEP][PASSED] - delay(3): Delayed 3 second(s)

2019-05-06 16:26:46 - [MESSAGE][PASSED] - Delayed 3 second(s)

2019-05-06 16:26:46 - [TEST_STEP][PASSED] - mouseOver(findTestObject("mega-menu - cannabis/Page_Ontario Cannabis Store  Ontari/span_Dried Flower")): Object: 'Object Repository/mega-menu - cannabis/Page_Ontario Cannabis Store  Ontari/span_Dried Flower' is hovered

2019-05-06 16:26:46 - [MESSAGE][PASSED] - Object: 'Object Repository/mega-menu - cannabis/Page_Ontario Cannabis Store  Ontari/span_Dried Flower' is hovered

2019-05-06 16:26:46 - [TEST_STEP][PASSED] - delay(2): Delayed 2 second(s)

2019-05-06 16:26:48 - [MESSAGE][PASSED] - Delayed 2 second(s)

2019-05-06 16:26:48 - [TEST_STEP][PASSED] - click(findTestObject("mega-menu - cannabis/Page_Ontario Cannabis Store  Ontari/span_Dried Flower")): Object: 'Object Repository/mega-menu - cannabis/Page_Ontario Cannabis Store  Ontari/span_Dried Flower' is clicked on

2019-05-06 16:26:52 - [MESSAGE][PASSED] - Object: 'Object Repository/mega-menu - cannabis/Page_Ontario Cannabis Store  Ontari/span_Dried Flower' is clicked on

2019-05-06 16:26:52 - [TEST_STEP][PASSED] - mouseOver(findTestObject("mega-menu - cannabis/Page_Ontario Cannabis Store  Ontari/h3_Cannabis")): Object: 'Object Repository/mega-menu - cannabis/Page_Ontario Cannabis Store  Ontari/h3_Cannabis' is hovered

2019-05-06 16:26:52 - [MESSAGE][PASSED] - Object: 'Object Repository/mega-menu - cannabis/Page_Ontario Cannabis Store  Ontari/h3_Cannabis' is hovered

2019-05-06 16:26:52 - [TEST_STEP][PASSED] - delay(2): Delayed 2 second(s)

2019-05-06 16:26:54 - [MESSAGE][PASSED] - Delayed 2 second(s)

2019-05-06 16:26:54 - [TEST_STEP][PASSED] - mouseOver(findTestObject("mega-menu - cannabis/Page_Ontario Cannabis Store  Ontari/h3_Cannabis")): Object: 'Object Repository/mega-menu - cannabis/Page_Ontario Cannabis Store  Ontari/h3_Cannabis' is hovered

2019-05-06 16:26:54 - [MESSAGE][PASSED] - Object: 'Object Repository/mega-menu - cannabis/Page_Ontario Cannabis Store  Ontari/h3_Cannabis' is hovered

2019-05-06 16:26:54 - [TEST_STEP][PASSED] - delay(2): Delayed 2 second(s)

2019-05-06 16:26:56 - [MESSAGE][PASSED] - Delayed 2 second(s)

2019-05-06 16:26:56 - [TEST_STEP][PASSED] - click(findTestObject("mega-menu - cannabis/Page_Indica Dominant Dried Flower/span_Sativa Dominant")): Object: 'Object Repository/mega-menu - cannabis/Page_Indica Dominant Dried Flower/span_Sativa Dominant' is clicked on

2019-05-06 16:27:00 - [MESSAGE][PASSED] - Object: 'Object Repository/mega-menu - cannabis/Page_Indica Dominant Dried Flower/span_Sativa Dominant' is clicked on

2019-05-06 16:27:00 - [TEST_STEP][PASSED] - mouseOver(findTestObject("mega-menu - cannabis/Page_Ontario Cannabis Store  Ontari/h3_Cannabis")): Object: 'Object Repository/mega-menu - cannabis/Page_Ontario Cannabis Store  Ontari/h3_Cannabis' is hovered

2019-05-06 16:27:00 - [MESSAGE][PASSED] - Object: 'Object Repository/mega-menu - cannabis/Page_Ontario Cannabis Store  Ontari/h3_Cannabis' is hovered

2019-05-06 16:27:00 - [TEST_STEP][PASSED] - delay(2): Delayed 2 second(s)

2019-05-06 16:27:02 - [MESSAGE][PASSED] - Delayed 2 second(s)

2019-05-06 16:27:02 - [TEST_STEP][FAILED] - click(findTestObject("mega-menu - cannabis/Page_Sativa Dominant Dried Flower/span_Hybrid"), CONTINUE_ON_FAILURE): Unable to click on object 'Object Repository/mega-menu - cannabis/Page_Sativa Dominant Dried Flower/span_Hybrid' (Root cause: com.kms.katalon.core.webui.exception.WebElementNotFoundException: Web element with id: 'Object Repository/mega-menu - cannabis/Page_Sativa Dominant Dried Flower/span_Hybrid' located by 'By.xpath: id("shopify-section-en-header")/header[@class="header"]/div[@class="menu-bar"]/div[@class="menu-bar__content"]/div[@class="menu-bar__left-wrapper"]/div[@class="mega-menu js-mega-menu"]/nav[@class="menu js-menu"]/ul[@class="menu__list unstyled"]/li[@class="menu__tier-one js-menu__tier-one has-tier-two-open"]/div[@class="menu__tier-two"]/div[@class="menu__tier-two__content-container clearfix"]/ul[@class="unstyled no-margin menu__tier-two__menu-primary"]/li[@class="menu__tier-three menu--type-one js-menu__tier-three"]/div[@class="accordion-item__nested-container accordionize__content accordionize__content--mega-menu"]/div[1]/ul[@class="unstyled"]/li[@class="menu__tier-four"]/a[@class="menu__tier-four__link"]/span[1][count(. | //span[(text() = 'Hybrid' or . = 'Hybrid')]) = count(//span[(text() = 'Hybrid' or . = 'Hybrid')])]' not found)

2019-05-06 16:27:33 - [MESSAGE][INFO] - Unable to find the element located by 'By.xpath: id("shopify-section-en-header")/header[@class="header"]/div[@class="menu-bar"]/div[@class="menu-bar__content"]/div[@class="menu-bar__left-wrapper"]/div[@class="mega-menu js-mega-menu"]/nav[@class="menu js-menu"]/ul[@class="menu__list unstyled"]/li[@class="menu__tier-one js-menu__tier-one has-tier-two-open"]/div[@class="menu__tier-two"]/div[@class="menu__tier-two__content-container clearfix"]/ul[@class="unstyled no-margin menu__tier-two__menu-primary"]/li[@class="menu__tier-three menu--type-one js-menu__tier-three"]/div[@class="accordion-item__nested-container accordionize__content accordionize__content--mega-menu"]/div[1]/ul[@class="unstyled"]/li[@class="menu__tier-four"]/a[@class="menu__tier-four__link"]/span[1][count(. | //span[(text() = 'Hybrid' or . = 'Hybrid')]) = count(//span[(text() = 'Hybrid' or . = 'Hybrid')])]'. Please recheck the objects properties to make sure the desired element is located. 

2019-05-06 16:27:34 - [MESSAGE][FAILED] - Unable to click on object 'Object Repository/mega-menu - cannabis/Page_Sativa Dominant Dried Flower/span_Hybrid' (Root cause: com.kms.katalon.core.webui.exception.WebElementNotFoundException: Web element with id: 'Object Repository/mega-menu - cannabis/Page_Sativa Dominant Dried Flower/span_Hybrid' located by 'By.xpath: id("shopify-section-en-header")/header[@class="header"]/div[@class="menu-bar"]/div[@class="menu-bar__content"]/div[@class="menu-bar__left-wrapper"]/div[@class="mega-menu js-mega-menu"]/nav[@class="menu js-menu"]/ul[@class="menu__list unstyled"]/li[@class="menu__tier-one js-menu__tier-one has-tier-two-open"]/div[@class="menu__tier-two"]/div[@class="menu__tier-two__content-container clearfix"]/ul[@class="unstyled no-margin menu__tier-two__menu-primary"]/li[@class="menu__tier-three menu--type-one js-menu__tier-three"]/div[@class="accordion-item__nested-container accordionize__content accordionize__content--mega-menu"]/div[1]/ul[@class="unstyled"]/li[@class="menu__tier-four"]/a[@class="menu__tier-four__link"]/span[1][count(. | //span[(text() = 'Hybrid' or . = 'Hybrid')]) = count(//span[(text() = 'Hybrid' or . = 'Hybrid')])]' not found)
[[ATTACHMENT|/Users/sumankompelly/git/Sample-OCS/Reports/OCS-1.7.0/HOMEPAGE/20190506_162537/1557174453391.png]]

2019-05-06 16:27:34 - [TEST_STEP][PASSED] - mouseOver(findTestObject("mega-menu - cannabis/Page_Ontario Cannabis Store  Ontari/h3_Cannabis")): Object: 'Object Repository/mega-menu - cannabis/Page_Ontario Cannabis Store  Ontari/h3_Cannabis' is hovered

2019-05-06 16:27:34 - [MESSAGE][PASSED] - Object: 'Object Repository/mega-menu - cannabis/Page_Ontario Cannabis Store  Ontari/h3_Cannabis' is hovered

2019-05-06 16:27:34 - [TEST_STEP][PASSED] - delay(2): Delayed 2 second(s)

2019-05-06 16:27:36 - [MESSAGE][PASSED] - Delayed 2 second(s)

2019-05-06 16:27:36 - [TEST_STEP][PASSED] - click(findTestObject("mega-menu - cannabis/Page_Hybrid Dried Flower  Ontario C/a_Shop AllDried Flower")): Object: 'Object Repository/mega-menu - cannabis/Page_Hybrid Dried Flower  Ontario C/a_Shop AllDried Flower' is clicked on

2019-05-06 16:27:38 - [MESSAGE][PASSED] - Object: 'Object Repository/mega-menu - cannabis/Page_Hybrid Dried Flower  Ontario C/a_Shop AllDried Flower' is clicked on

2019-05-06 16:27:38 - [TEST_STEP][PASSED] - mouseOver(findTestObject("Object Repository/mega-menu - cannabis/Page_Ontario Cannabis Store  Ontari/h3_Cannabis")): Object: 'Object Repository/mega-menu - cannabis/Page_Ontario Cannabis Store  Ontari/h3_Cannabis' is hovered

2019-05-06 16:27:38 - [MESSAGE][PASSED] - Object: 'Object Repository/mega-menu - cannabis/Page_Ontario Cannabis Store  Ontari/h3_Cannabis' is hovered

2019-05-06 16:27:38 - [TEST_STEP][PASSED] - delay(2): Delayed 2 second(s)

2019-05-06 16:27:40 - [MESSAGE][PASSED] - Delayed 2 second(s)

2019-05-06 16:27:40 - [TEST_STEP][NOT_RUN] - click(findTestObject("Object Repository/mega-menu - cannabis/Page_Dried Flower  Ontario Cannabis/span_Oils")): NOT_RUN: click(findTestObject("Object Repository/mega-menu - cannabis/Page_Dried Flower  Ontario Cannabis/span_Oils"))

2019-05-06 16:27:40 - [MESSAGE][NOT_RUN] - NOT_RUN: click(findTestObject("Object Repository/mega-menu - cannabis/Page_Dried Flower  Ontario Cannabis/span_Oils"))

2019-05-06 16:27:40 - [TEST_STEP][PASSED] - mouseOver(findTestObject("Object Repository/mega-menu - cannabis/Page_Ontario Cannabis Store  Ontari/h3_Cannabis")): Object: 'Object Repository/mega-menu - cannabis/Page_Ontario Cannabis Store  Ontari/h3_Cannabis' is hovered

2019-05-06 16:27:40 - [MESSAGE][PASSED] - Object: 'Object Repository/mega-menu - cannabis/Page_Ontario Cannabis Store  Ontari/h3_Cannabis' is hovered

2019-05-06 16:27:40 - [TEST_STEP][PASSED] - delay(2): Delayed 2 second(s)

2019-05-06 16:27:42 - [MESSAGE][PASSED] - Delayed 2 second(s)

2019-05-06 16:27:42 - [TEST_STEP][FAILED] - click(findTestObject("mega-menu - cannabis/Page_Oils  Ontario Cannabis Store/span_Bottled Oils")): click(findTestObject("mega-menu - cannabis/Page_Oils  Ontario Cannabis Store/span_Bottled Oils")) FAILED.
Reason:
com.kms.katalon.core.exception.StepFailedException: Unable to click on object 'Object Repository/mega-menu - cannabis/Page_Sativa Dominant Dried Flower/span_Hybrid' (Root cause: com.kms.katalon.core.webui.exception.WebElementNotFoundException: Web element with id: 'Object Repository/mega-menu - cannabis/Page_Sativa Dominant Dried Flower/span_Hybrid' located by 'By.xpath: id("shopify-section-en-header")/header[@class="header"]/div[@class="menu-bar"]/div[@class="menu-bar__content"]/div[@class="menu-bar__left-wrapper"]/div[@class="mega-menu js-mega-menu"]/nav[@class="menu js-menu"]/ul[@class="menu__list unstyled"]/li[@class="menu__tier-one js-menu__tier-one has-tier-two-open"]/div[@class="menu__tier-two"]/div[@class="menu__tier-two__content-container clearfix"]/ul[@class="unstyled no-margin menu__tier-two__menu-primary"]/li[@class="menu__tier-three menu--type-one js-menu__tier-three"]/div[@class="accordion-item__nested-container accordionize__content accordionize__content--mega-menu"]/div[1]/ul[@class="unstyled"]/li[@class="menu__tier-four"]/a[@class="menu__tier-four__link"]/span[1][count(. | //span[(text() = 'Hybrid' or . = 'Hybrid')]) = count(//span[(text() = 'Hybrid' or . = 'Hybrid')])]' not found)
	at com.kms.katalon.core.keyword.internal.KeywordMain.stepFailed(KeywordMain.groovy:32)
	at com.kms.katalon.core.webui.keyword.internal.WebUIKeywordMain.stepFailed(WebUIKeywordMain.groovy:65)
	at com.kms.katalon.core.webui.keyword.internal.WebUIKeywordMain.runKeyword(WebUIKeywordMain.groovy:27)
	at com.kms.katalon.core.webui.keyword.builtin.ClickKeyword.click(ClickKeyword.groovy:86)
	at com.kms.katalon.core.webui.keyword.builtin.ClickKeyword.execute(ClickKeyword.groovy:67)
	at com.kms.katalon.core.keyword.internal.KeywordExecutor.executeKeywordForPlatform(KeywordExecutor.groovy:53)
	at com.kms.katalon.core.webui.keyword.WebUiBuiltInKeywords.click(WebUiBuiltInKeywords.groovy:604)
	at com.kms.katalon.core.webui.keyword.WebUiBuiltInKeywords$click$5.call(Unknown Source)
	at HP-Mega menu - Hover-cannabis.run(HP-Mega menu - Hover-cannabis:71)
	at com.kms.katalon.core.main.ScriptEngine.run(ScriptEngine.java:194)
	at com.kms.katalon.core.main.ScriptEngine.runScriptAsRawText(ScriptEngine.java:119)
	at com.kms.katalon.core.main.TestCaseExecutor.runScript(TestCaseExecutor.java:328)
	at com.kms.katalon.core.main.TestCaseExecutor.doExecute(TestCaseExecutor.java:319)
	at com.kms.katalon.core.main.TestCaseExecutor.processExecutionPhase(TestCaseExecutor.java:298)
	at com.kms.katalon.core.main.TestCaseExecutor.accessMainPhase(TestCaseExecutor.java:290)
	at com.kms.katalon.core.main.TestCaseExecutor.execute(TestCaseExecutor.java:224)
	at com.kms.katalon.core.main.TestSuiteExecutor.accessTestCaseMainPhase(TestSuiteExecutor.java:129)
	at com.kms.katalon.core.main.TestSuiteExecutor.accessTestSuiteMainPhase(TestSuiteExecutor.java:112)
	at com.kms.katalon.core.main.TestSuiteExecutor.execute(TestSuiteExecutor.java:81)
	at com.kms.katalon.core.main.TestCaseMain.startTestSuite(TestCaseMain.java:149)
	at com.kms.katalon.core.main.TestCaseMain$startTestSuite$0.call(Unknown Source)
	at TempTestSuite1557174337711.run(TempTestSuite1557174337711.groovy:36)


2019-05-06 16:28:14 - [MESSAGE][INFO] - Unable to find the element located by 'By.xpath: id("shopify-section-en-header")/header[@class="header"]/div[@class="menu-bar"]/div[@class="menu-bar__content"]/div[@class="menu-bar__left-wrapper"]/div[@class="mega-menu js-mega-menu"]/nav[@class="menu js-menu"]/ul[@class="menu__list unstyled"]/li[@class="menu__tier-one js-menu__tier-one has-tier-two-open"]/div[@class="menu__tier-two"]/div[@class="menu__tier-two__content-container clearfix"]/ul[@class="unstyled no-margin menu__tier-two__menu-primary"]/li[@class="menu__tier-three menu--type-one js-menu__tier-three"]/div[@class="accordion-item__nested-container accordionize__content accordionize__content--mega-menu"]/div[1]/ul[@class="unstyled"]/li[@class="menu__tier-four"]/a[@class="menu__tier-four__link"]/span[1][count(. | //span[(text() = 'Bottled Oils' or . = 'Bottled Oils')]) = count(//span[(text() = 'Bottled Oils' or . = 'Bottled Oils')])]'. Please recheck the objects properties to make sure the desired element is located. 

2019-05-06 16:28:14 - [MESSAGE][FAILED] - Unable to click on object 'Object Repository/mega-menu - cannabis/Page_Oils  Ontario Cannabis Store/span_Bottled Oils' (Root cause: com.kms.katalon.core.webui.exception.WebElementNotFoundException: Web element with id: 'Object Repository/mega-menu - cannabis/Page_Oils  Ontario Cannabis Store/span_Bottled Oils' located by 'By.xpath: id("shopify-section-en-header")/header[@class="header"]/div[@class="menu-bar"]/div[@class="menu-bar__content"]/div[@class="menu-bar__left-wrapper"]/div[@class="mega-menu js-mega-menu"]/nav[@class="menu js-menu"]/ul[@class="menu__list unstyled"]/li[@class="menu__tier-one js-menu__tier-one has-tier-two-open"]/div[@class="menu__tier-two"]/div[@class="menu__tier-two__content-container clearfix"]/ul[@class="unstyled no-margin menu__tier-two__menu-primary"]/li[@class="menu__tier-three menu--type-one js-menu__tier-three"]/div[@class="accordion-item__nested-container accordionize__content accordionize__content--mega-menu"]/div[1]/ul[@class="unstyled"]/li[@class="menu__tier-four"]/a[@class="menu__tier-four__link"]/span[1][count(. | //span[(text() = 'Bottled Oils' or . = 'Bottled Oils')]) = count(//span[(text() = 'Bottled Oils' or . = 'Bottled Oils')])]' not found)
[[ATTACHMENT|/Users/sumankompelly/git/Sample-OCS/Reports/OCS-1.7.0/HOMEPAGE/20190506_162537/1557174494205.png]]

2019-05-06 16:28:14 - [MESSAGE][FAILED] - click(findTestObject("mega-menu - cannabis/Page_Oils  Ontario Cannabis Store/span_Bottled Oils")) FAILED.
Reason:
com.kms.katalon.core.exception.StepFailedException: Unable to click on object 'Object Repository/mega-menu - cannabis/Page_Sativa Dominant Dried Flower/span_Hybrid' (Root cause: com.kms.katalon.core.webui.exception.WebElementNotFoundException: Web element with id: 'Object Repository/mega-menu - cannabis/Page_Sativa Dominant Dried Flower/span_Hybrid' located by 'By.xpath: id("shopify-section-en-header")/header[@class="header"]/div[@class="menu-bar"]/div[@class="menu-bar__content"]/div[@class="menu-bar__left-wrapper"]/div[@class="mega-menu js-mega-menu"]/nav[@class="menu js-menu"]/ul[@class="menu__list unstyled"]/li[@class="menu__tier-one js-menu__tier-one has-tier-two-open"]/div[@class="menu__tier-two"]/div[@class="menu__tier-two__content-container clearfix"]/ul[@class="unstyled no-margin menu__tier-two__menu-primary"]/li[@class="menu__tier-three menu--type-one js-menu__tier-three"]/div[@class="accordion-item__nested-container accordionize__content accordionize__content--mega-menu"]/div[1]/ul[@class="unstyled"]/li[@class="menu__tier-four"]/a[@class="menu__tier-four__link"]/span[1][count(. | //span[(text() = 'Hybrid' or . = 'Hybrid')]) = count(//span[(text() = 'Hybrid' or . = 'Hybrid')])]' not found)
	at com.kms.katalon.core.keyword.internal.KeywordMain.stepFailed(KeywordMain.groovy:32)
	at com.kms.katalon.core.webui.keyword.internal.WebUIKeywordMain.stepFailed(WebUIKeywordMain.groovy:65)
	at com.kms.katalon.core.webui.keyword.internal.WebUIKeywordMain.runKeyword(WebUIKeywordMain.groovy:27)
	at com.kms.katalon.core.webui.keyword.builtin.ClickKeyword.click(ClickKeyword.groovy:86)
	at com.kms.katalon.core.webui.keyword.builtin.ClickKeyword.execute(ClickKeyword.groovy:67)
	at com.kms.katalon.core.keyword.internal.KeywordExecutor.executeKeywordForPlatform(KeywordExecutor.groovy:53)
	at com.kms.katalon.core.webui.keyword.WebUiBuiltInKeywords.click(WebUiBuiltInKeywords.groovy:604)
	at com.kms.katalon.core.webui.keyword.WebUiBuiltInKeywords$click$5.call(Unknown Source)
	at HP-Mega menu - Hover-cannabis.run(HP-Mega menu - Hover-cannabis:71)
	at com.kms.katalon.core.main.ScriptEngine.run(ScriptEngine.java:194)
	at com.kms.katalon.core.main.ScriptEngine.runScriptAsRawText(ScriptEngine.java:119)
	at com.kms.katalon.core.main.TestCaseExecutor.runScript(TestCaseExecutor.java:328)
	at com.kms.katalon.core.main.TestCaseExecutor.doExecute(TestCaseExecutor.java:319)
	at com.kms.katalon.core.main.TestCaseExecutor.processExecutionPhase(TestCaseExecutor.java:298)
	at com.kms.katalon.core.main.TestCaseExecutor.accessMainPhase(TestCaseExecutor.java:290)
	at com.kms.katalon.core.main.TestCaseExecutor.execute(TestCaseExecutor.java:224)
	at com.kms.katalon.core.main.TestSuiteExecutor.accessTestCaseMainPhase(TestSuiteExecutor.java:129)
	at com.kms.katalon.core.main.TestSuiteExecutor.accessTestSuiteMainPhase(TestSuiteExecutor.java:112)
	at com.kms.katalon.core.main.TestSuiteExecutor.execute(TestSuiteExecutor.java:81)
	at com.kms.katalon.core.main.TestCaseMain.startTestSuite(TestCaseMain.java:149)
	at com.kms.katalon.core.main.TestCaseMain$startTestSuite$0.call(Unknown Source)
	at TempTestSuite1557174337711.run(TempTestSuite1557174337711.groovy:36)]]></system-out>
         <system-err><![CDATA[2019-05-06 16:26:26 - [TEST_CASE][FAILED] - Test Cases/OCS- HOME PAGE/HP-Mega menu - Hover-cannabis: Test Cases/OCS- HOME PAGE/HP-Mega menu - Hover-cannabis FAILED.
Reason:
com.kms.katalon.core.exception.StepFailedException: Unable to click on object 'Object Repository/mega-menu - cannabis/Page_Sativa Dominant Dried Flower/span_Hybrid' (Root cause: com.kms.katalon.core.webui.exception.WebElementNotFoundException: Web element with id: 'Object Repository/mega-menu - cannabis/Page_Sativa Dominant Dried Flower/span_Hybrid' located by 'By.xpath: id("shopify-section-en-header")/header[@class="header"]/div[@class="menu-bar"]/div[@class="menu-bar__content"]/div[@class="menu-bar__left-wrapper"]/div[@class="mega-menu js-mega-menu"]/nav[@class="menu js-menu"]/ul[@class="menu__list unstyled"]/li[@class="menu__tier-one js-menu__tier-one has-tier-two-open"]/div[@class="menu__tier-two"]/div[@class="menu__tier-two__content-container clearfix"]/ul[@class="unstyled no-margin menu__tier-two__menu-primary"]/li[@class="menu__tier-three menu--type-one js-menu__tier-three"]/div[@class="accordion-item__nested-container accordionize__content accordionize__content--mega-menu"]/div[1]/ul[@class="unstyled"]/li[@class="menu__tier-four"]/a[@class="menu__tier-four__link"]/span[1][count(. | //span[(text() = 'Hybrid' or . = 'Hybrid')]) = count(//span[(text() = 'Hybrid' or . = 'Hybrid')])]' not found)
	at com.kms.katalon.core.keyword.internal.KeywordMain.stepFailed(KeywordMain.groovy:32)
	at com.kms.katalon.core.webui.keyword.internal.WebUIKeywordMain.stepFailed(WebUIKeywordMain.groovy:65)
	at com.kms.katalon.core.webui.keyword.internal.WebUIKeywordMain.runKeyword(WebUIKeywordMain.groovy:27)
	at com.kms.katalon.core.webui.keyword.builtin.ClickKeyword.click(ClickKeyword.groovy:86)
	at com.kms.katalon.core.webui.keyword.builtin.ClickKeyword.execute(ClickKeyword.groovy:67)
	at com.kms.katalon.core.keyword.internal.KeywordExecutor.executeKeywordForPlatform(KeywordExecutor.groovy:53)
	at com.kms.katalon.core.webui.keyword.WebUiBuiltInKeywords.click(WebUiBuiltInKeywords.groovy:604)
	at com.kms.katalon.core.webui.keyword.WebUiBuiltInKeywords$click$5.call(Unknown Source)
	at HP-Mega menu - Hover-cannabis.run(HP-Mega menu - Hover-cannabis:71)
	at com.kms.katalon.core.main.ScriptEngine.run(ScriptEngine.java:194)
	at com.kms.katalon.core.main.ScriptEngine.runScriptAsRawText(ScriptEngine.java:119)
	at com.kms.katalon.core.main.TestCaseExecutor.runScript(TestCaseExecutor.java:328)
	at com.kms.katalon.core.main.TestCaseExecutor.doExecute(TestCaseExecutor.java:319)
	at com.kms.katalon.core.main.TestCaseExecutor.processExecutionPhase(TestCaseExecutor.java:298)
	at com.kms.katalon.core.main.TestCaseExecutor.accessMainPhase(TestCaseExecutor.java:290)
	at com.kms.katalon.core.main.TestCaseExecutor.execute(TestCaseExecutor.java:224)
	at com.kms.katalon.core.main.TestSuiteExecutor.accessTestCaseMainPhase(TestSuiteExecutor.java:129)
	at com.kms.katalon.core.main.TestSuiteExecutor.accessTestSuiteMainPhase(TestSuiteExecutor.java:112)
	at com.kms.katalon.core.main.TestSuiteExecutor.execute(TestSuiteExecutor.java:81)
	at com.kms.katalon.core.main.TestCaseMain.startTestSuite(TestCaseMain.java:149)
	at com.kms.katalon.core.main.TestCaseMain$startTestSuite$0.call(Unknown Source)
	at TempTestSuite1557174337711.run(TempTestSuite1557174337711.groovy:36)]]></system-err>
      </testcase>
      <testcase name="Test Cases/OCS- HOME PAGE/Announcement" classname="Test Cases/OCS- HOME PAGE/Announcement" status="PASSED">
         <system-out><![CDATA[2019-05-06 16:28:14 - [TEST_CASE][PASSED] - Test Cases/OCS- HOME PAGE/Announcement: Test Cases/OCS- HOME PAGE/Announcement

2019-05-06 16:28:14 - [TEST_STEP][PASSED] - openBrowser(""): Browser is opened with url: ''

2019-05-06 16:28:14 - [MESSAGE][WARNING] - A browser is already opened. Closing browser and opening a new one

2019-05-06 16:28:14 - [MESSAGE][INFO] - Starting 'Chrome' driver

2019-05-06 16:28:16 - [MESSAGE][PASSED] - Browser is opened with url: ''

2019-05-06 16:28:16 - [TEST_STEP][PASSED] - navigateToUrl("https://ocs.ca/?fts=0&preview_theme_id=53372913484"): Navigate to 'https://ocs.ca/?fts=0&preview_theme_id=53372913484' successfully

2019-05-06 16:28:21 - [MESSAGE][PASSED] - Navigate to 'https://ocs.ca/?fts=0&preview_theme_id=53372913484' successfully

2019-05-06 16:28:21 - [TEST_STEP][PASSED] - maximizeWindow(): Current window maximized

2019-05-06 16:28:21 - [MESSAGE][PASSED] - Current window maximized

2019-05-06 16:28:21 - [TEST_STEP][PASSED] - selectOptionByValue(findTestObject("Object Repository/Announcement_OR/Page_Ontario Cannabis Store  Ontari/select_Select01020304050607080"), "1", true): All options with value '1' are selected in object 'Object Repository/Announcement_OR/Page_Ontario Cannabis Store  Ontari/select_Select01020304050607080'  using regular expression

2019-05-06 16:28:21 - [MESSAGE][PASSED] - All options with value '1' are selected in object 'Object Repository/Announcement_OR/Page_Ontario Cannabis Store  Ontari/select_Select01020304050607080'  using regular expression

2019-05-06 16:28:21 - [TEST_STEP][PASSED] - selectOptionByValue(findTestObject("Object Repository/Announcement_OR/Page_Ontario Cannabis Store  Ontari/select_SelectJanuary - 01Febru"), "0", true): All options with value '0' are selected in object 'Object Repository/Announcement_OR/Page_Ontario Cannabis Store  Ontari/select_SelectJanuary - 01Febru'  using regular expression

2019-05-06 16:28:22 - [MESSAGE][PASSED] - All options with value '0' are selected in object 'Object Repository/Announcement_OR/Page_Ontario Cannabis Store  Ontari/select_SelectJanuary - 01Febru'  using regular expression

2019-05-06 16:28:22 - [TEST_STEP][PASSED] - selectOptionByValue(findTestObject("Object Repository/Announcement_OR/Page_Ontario Cannabis Store  Ontari/select_Select20182017201620152"), "1968", true): All options with value '1968' are selected in object 'Object Repository/Announcement_OR/Page_Ontario Cannabis Store  Ontari/select_Select20182017201620152'  using regular expression

2019-05-06 16:28:23 - [MESSAGE][PASSED] - All options with value '1968' are selected in object 'Object Repository/Announcement_OR/Page_Ontario Cannabis Store  Ontari/select_Select20182017201620152'  using regular expression

2019-05-06 16:28:23 - [TEST_STEP][PASSED] - delay(2): Delayed 2 second(s)

2019-05-06 16:28:25 - [MESSAGE][PASSED] - Delayed 2 second(s)

2019-05-06 16:28:25 - [TEST_STEP][PASSED] - click(findTestObject("Announcement_OR/Page_Ontario Cannabis Store  Ontari/button_Verify")): Object: 'Object Repository/Announcement_OR/Page_Ontario Cannabis Store  Ontari/button_Verify' is clicked on

2019-05-06 16:28:25 - [MESSAGE][PASSED] - Object: 'Object Repository/Announcement_OR/Page_Ontario Cannabis Store  Ontari/button_Verify' is clicked on

2019-05-06 16:28:25 - [TEST_STEP][PASSED] - click(findTestObject("Object Repository/Announcement_OR/Page_Ontario Cannabis Store  Ontari/span_CONFIRM AND ACKNOWLEDGE_c")): Object: 'Object Repository/Announcement_OR/Page_Ontario Cannabis Store  Ontari/span_CONFIRM AND ACKNOWLEDGE_c' is clicked on

2019-05-06 16:28:25 - [MESSAGE][PASSED] - Object: 'Object Repository/Announcement_OR/Page_Ontario Cannabis Store  Ontari/span_CONFIRM AND ACKNOWLEDGE_c' is clicked on

2019-05-06 16:28:25 - [TEST_STEP][PASSED] - click(findTestObject("Object Repository/Announcement_OR/Page_Ontario Cannabis Store  Ontari/button_CONFIRM")): Object: 'Object Repository/Announcement_OR/Page_Ontario Cannabis Store  Ontari/button_CONFIRM' is clicked on

2019-05-06 16:28:25 - [MESSAGE][PASSED] - Object: 'Object Repository/Announcement_OR/Page_Ontario Cannabis Store  Ontari/button_CONFIRM' is clicked on

2019-05-06 16:28:25 - [TEST_STEP][PASSED] - click(findTestObject("Object Repository/Announcement_OR/Page_Ontario Cannabis Store  Ontari/button_Start Browsing")): Object: 'Object Repository/Announcement_OR/Page_Ontario Cannabis Store  Ontari/button_Start Browsing' is clicked on

2019-05-06 16:28:25 - [MESSAGE][PASSED] - Object: 'Object Repository/Announcement_OR/Page_Ontario Cannabis Store  Ontari/button_Start Browsing' is clicked on

2019-05-06 16:28:25 - [TEST_STEP][PASSED] - flag = verifyTextNotPresent("Due to holiday closures within the Canada Post network through Good Friday and Easter Monday, please expect some order delivery delays.", false): Text 'Due to holiday closures within the Canada Post network through Good Friday and Easter Monday, please expect some order delivery delays.' is not present on page

2019-05-06 16:28:26 - [MESSAGE][PASSED] - Text 'Due to holiday closures within the Canada Post network through Good Friday and Easter Monday, please expect some order delivery delays.' is not present on page

2019-05-06 16:28:26 - [TEST_STEP][PASSED] - comment("flag =" + flag): flag =true

2019-05-06 16:28:26 - [MESSAGE][INFO] - flag =true

2019-05-06 16:28:26 - [TEST_STEP][PASSED] - if (flag == false): null

2019-05-06 16:28:26 - [TEST_STEP][PASSED] - else:  there are announcemnts 

2019-05-06 16:28:26 - [TEST_STEP][PASSED] - comment(" there are announcemnts "):  there are announcemnts 

2019-05-06 16:28:26 - [MESSAGE][INFO] -  there are announcemnts 

2019-05-06 16:28:26 - [TEST_STEP][PASSED] - closeBrowser(): Browser is closed

2019-05-06 16:28:26 - [MESSAGE][PASSED] - Browser is closed]]></system-out>
         <system-err><![CDATA[]]></system-err>
      </testcase>
      <testcase name="Test Cases/OCS- HOME PAGE/cart flyout" classname="Test Cases/OCS- HOME PAGE/cart flyout" status="PASSED">
         <system-out><![CDATA[2019-05-06 16:28:26 - [TEST_CASE][PASSED] - Test Cases/OCS- HOME PAGE/cart flyout: Test Cases/OCS- HOME PAGE/cart flyout

2019-05-06 16:28:26 - [TEST_STEP][PASSED] - openBrowser(""): Browser is opened with url: ''

2019-05-06 16:28:26 - [MESSAGE][INFO] - Starting 'Chrome' driver

2019-05-06 16:28:27 - [MESSAGE][PASSED] - Browser is opened with url: ''

2019-05-06 16:28:27 - [TEST_STEP][PASSED] - delay(4): Delayed 4 second(s)

2019-05-06 16:28:31 - [MESSAGE][PASSED] - Delayed 4 second(s)

2019-05-06 16:28:31 - [TEST_STEP][PASSED] - navigateToUrl("https://ocs.ca/?fts=0&preview_theme_id=53372913484"): Navigate to 'https://ocs.ca/?fts=0&preview_theme_id=53372913484' successfully

2019-05-06 16:28:37 - [MESSAGE][PASSED] - Navigate to 'https://ocs.ca/?fts=0&preview_theme_id=53372913484' successfully

2019-05-06 16:28:37 - [TEST_STEP][PASSED] - maximizeWindow(): Current window maximized

2019-05-06 16:28:37 - [MESSAGE][PASSED] - Current window maximized

2019-05-06 16:28:37 - [TEST_STEP][PASSED] - selectOptionByValue(findTestObject("Object Repository/cart flyout_OR/Page_Ontario Cannabis Store  Ontari/select_Select01020304050607080"), "1", true): All options with value '1' are selected in object 'Object Repository/cart flyout_OR/Page_Ontario Cannabis Store  Ontari/select_Select01020304050607080'  using regular expression

2019-05-06 16:28:37 - [MESSAGE][PASSED] - All options with value '1' are selected in object 'Object Repository/cart flyout_OR/Page_Ontario Cannabis Store  Ontari/select_Select01020304050607080'  using regular expression

2019-05-06 16:28:37 - [TEST_STEP][PASSED] - selectOptionByValue(findTestObject("Object Repository/cart flyout_OR/Page_Ontario Cannabis Store  Ontari/select_SelectJanuary - 01Febru"), "0", true): All options with value '0' are selected in object 'Object Repository/cart flyout_OR/Page_Ontario Cannabis Store  Ontari/select_SelectJanuary - 01Febru'  using regular expression

2019-05-06 16:28:37 - [MESSAGE][PASSED] - All options with value '0' are selected in object 'Object Repository/cart flyout_OR/Page_Ontario Cannabis Store  Ontari/select_SelectJanuary - 01Febru'  using regular expression

2019-05-06 16:28:37 - [TEST_STEP][PASSED] - selectOptionByValue(findTestObject("Object Repository/cart flyout_OR/Page_Ontario Cannabis Store  Ontari/select_Select20182017201620152"), "1968", true): All options with value '1968' are selected in object 'Object Repository/cart flyout_OR/Page_Ontario Cannabis Store  Ontari/select_Select20182017201620152'  using regular expression

2019-05-06 16:28:39 - [MESSAGE][PASSED] - All options with value '1968' are selected in object 'Object Repository/cart flyout_OR/Page_Ontario Cannabis Store  Ontari/select_Select20182017201620152'  using regular expression

2019-05-06 16:28:39 - [TEST_STEP][PASSED] - click(findTestObject("Object Repository/cart flyout_OR/Page_Ontario Cannabis Store  Ontari/button_Verify")): Object: 'Object Repository/cart flyout_OR/Page_Ontario Cannabis Store  Ontari/button_Verify' is clicked on

2019-05-06 16:28:39 - [MESSAGE][PASSED] - Object: 'Object Repository/cart flyout_OR/Page_Ontario Cannabis Store  Ontari/button_Verify' is clicked on

2019-05-06 16:28:39 - [TEST_STEP][PASSED] - click(findTestObject("Object Repository/cart flyout_OR/Page_Ontario Cannabis Store  Ontari/span_CONFIRM AND ACKNOWLEDGE_c")): Object: 'Object Repository/cart flyout_OR/Page_Ontario Cannabis Store  Ontari/span_CONFIRM AND ACKNOWLEDGE_c' is clicked on

2019-05-06 16:28:39 - [MESSAGE][PASSED] - Object: 'Object Repository/cart flyout_OR/Page_Ontario Cannabis Store  Ontari/span_CONFIRM AND ACKNOWLEDGE_c' is clicked on

2019-05-06 16:28:39 - [TEST_STEP][PASSED] - click(findTestObject("Object Repository/cart flyout_OR/Page_Ontario Cannabis Store  Ontari/button_CONFIRM")): Object: 'Object Repository/cart flyout_OR/Page_Ontario Cannabis Store  Ontari/button_CONFIRM' is clicked on

2019-05-06 16:28:39 - [MESSAGE][PASSED] - Object: 'Object Repository/cart flyout_OR/Page_Ontario Cannabis Store  Ontari/button_CONFIRM' is clicked on

2019-05-06 16:28:39 - [TEST_STEP][PASSED] - click(findTestObject("Object Repository/cart flyout_OR/Page_Ontario Cannabis Store  Ontari/button_Start Browsing")): Object: 'Object Repository/cart flyout_OR/Page_Ontario Cannabis Store  Ontari/button_Start Browsing' is clicked on

2019-05-06 16:28:39 - [MESSAGE][PASSED] - Object: 'Object Repository/cart flyout_OR/Page_Ontario Cannabis Store  Ontari/button_Start Browsing' is clicked on

2019-05-06 16:28:39 - [TEST_STEP][PASSED] - delay(3): Delayed 3 second(s)

2019-05-06 16:28:42 - [MESSAGE][PASSED] - Delayed 3 second(s)

2019-05-06 16:28:42 - [TEST_STEP][NOT_RUN] - click(findTestObject("cart flyout_OR/Page_Ontario Cannabis Store  Ontari/div_00.00")): NOT_RUN: click(findTestObject("cart flyout_OR/Page_Ontario Cannabis Store  Ontari/div_00.00"))

2019-05-06 16:28:42 - [MESSAGE][NOT_RUN] - NOT_RUN: click(findTestObject("cart flyout_OR/Page_Ontario Cannabis Store  Ontari/div_00.00"))

2019-05-06 16:28:42 - [TEST_STEP][PASSED] - click(findTestObject("cart flyout_OR/Page_Ontario Cannabis Store  Ontari/div_00.00")): Object: 'Object Repository/cart flyout_OR/Page_Ontario Cannabis Store  Ontari/div_00.00' is clicked on

2019-05-06 16:28:42 - [MESSAGE][PASSED] - Object: 'Object Repository/cart flyout_OR/Page_Ontario Cannabis Store  Ontari/div_00.00' is clicked on

2019-05-06 16:28:42 - [TEST_STEP][PASSED] - delay(3): Delayed 3 second(s)

2019-05-06 16:28:45 - [MESSAGE][PASSED] - Delayed 3 second(s)

2019-05-06 16:28:45 - [TEST_STEP][PASSED] - verifyTextPresent("Bag", false): Text 'Bag' is present on page 

2019-05-06 16:28:46 - [MESSAGE][PASSED] - Text 'Bag' is present on page 

2019-05-06 16:28:46 - [TEST_STEP][PASSED] - if (true):  cart flyout opened 

2019-05-06 16:28:46 - [TEST_STEP][PASSED] - comment(" cart flyout opened "):  cart flyout opened 

2019-05-06 16:28:46 - [MESSAGE][INFO] -  cart flyout opened 

2019-05-06 16:28:46 - [TEST_STEP][PASSED] - delay(5): Delayed 5 second(s)

2019-05-06 16:28:51 - [MESSAGE][PASSED] - Delayed 5 second(s)

2019-05-06 16:28:51 - [TEST_STEP][PASSED] - click(findTestObject("cart flyout_OR/Page_Ontario Cannabis Store  Ontari/i_0.00_icon icon--back js-clos")): Object: 'Object Repository/cart flyout_OR/Page_Ontario Cannabis Store  Ontari/i_0.00_icon icon--back js-clos' is clicked on

2019-05-06 16:28:51 - [MESSAGE][PASSED] - Object: 'Object Repository/cart flyout_OR/Page_Ontario Cannabis Store  Ontari/i_0.00_icon icon--back js-clos' is clicked on

2019-05-06 16:28:51 - [TEST_STEP][PASSED] - verifyTextNotPresent("Bag", false): Text 'Bag' is not present on page

2019-05-06 16:28:52 - [MESSAGE][PASSED] - Text 'Bag' is not present on page

2019-05-06 16:28:52 - [TEST_STEP][PASSED] - if (true):  cart flyout closed 

2019-05-06 16:28:52 - [TEST_STEP][PASSED] - comment(" cart flyout closed "):  cart flyout closed 

2019-05-06 16:28:52 - [MESSAGE][INFO] -  cart flyout closed 

2019-05-06 16:28:52 - [TEST_STEP][PASSED] - closeBrowser(): Browser is closed

2019-05-06 16:28:52 - [MESSAGE][PASSED] - Browser is closed]]></system-out>
         <system-err><![CDATA[]]></system-err>
      </testcase>
      <testcase name="Test Cases/OCS- HOME PAGE/Retail stores link" classname="Test Cases/OCS- HOME PAGE/Retail stores link" status="PASSED">
         <system-out><![CDATA[2019-05-06 16:28:52 - [TEST_CASE][PASSED] - Test Cases/OCS- HOME PAGE/Retail stores link: Test Cases/OCS- HOME PAGE/Retail stores link

2019-05-06 16:28:52 - [TEST_STEP][PASSED] - openBrowser(""): Browser is opened with url: ''

2019-05-06 16:28:52 - [MESSAGE][INFO] - Starting 'Chrome' driver

2019-05-06 16:28:54 - [MESSAGE][PASSED] - Browser is opened with url: ''

2019-05-06 16:28:54 - [TEST_STEP][PASSED] - delay(10): Delayed 10 second(s)

2019-05-06 16:29:04 - [MESSAGE][PASSED] - Delayed 10 second(s)

2019-05-06 16:29:04 - [TEST_STEP][PASSED] - navigateToUrl("https://ocs.ca/?fts=0&preview_theme_id=53372913484"): Navigate to 'https://ocs.ca/?fts=0&preview_theme_id=53372913484' successfully

2019-05-06 16:29:10 - [MESSAGE][PASSED] - Navigate to 'https://ocs.ca/?fts=0&preview_theme_id=53372913484' successfully

2019-05-06 16:29:10 - [TEST_STEP][PASSED] - maximizeWindow(): Current window maximized

2019-05-06 16:29:10 - [MESSAGE][PASSED] - Current window maximized

2019-05-06 16:29:10 - [TEST_STEP][PASSED] - selectOptionByValue(findTestObject("Object Repository/Retail store_OR/Page_Ontario Cannabis Store  Ontari/select_Select01020304050607080"), "1", true): All options with value '1' are selected in object 'Object Repository/Retail store_OR/Page_Ontario Cannabis Store  Ontari/select_Select01020304050607080'  using regular expression

2019-05-06 16:29:10 - [MESSAGE][PASSED] - All options with value '1' are selected in object 'Object Repository/Retail store_OR/Page_Ontario Cannabis Store  Ontari/select_Select01020304050607080'  using regular expression

2019-05-06 16:29:10 - [TEST_STEP][PASSED] - selectOptionByValue(findTestObject("Object Repository/Retail store_OR/Page_Ontario Cannabis Store  Ontari/select_SelectJanuary - 01Febru"), "0", true): All options with value '0' are selected in object 'Object Repository/Retail store_OR/Page_Ontario Cannabis Store  Ontari/select_SelectJanuary - 01Febru'  using regular expression

2019-05-06 16:29:11 - [MESSAGE][PASSED] - All options with value '0' are selected in object 'Object Repository/Retail store_OR/Page_Ontario Cannabis Store  Ontari/select_SelectJanuary - 01Febru'  using regular expression

2019-05-06 16:29:11 - [TEST_STEP][PASSED] - selectOptionByValue(findTestObject("Object Repository/Retail store_OR/Page_Ontario Cannabis Store  Ontari/select_Select20182017201620152"), "1968", true): All options with value '1968' are selected in object 'Object Repository/Retail store_OR/Page_Ontario Cannabis Store  Ontari/select_Select20182017201620152'  using regular expression

2019-05-06 16:29:12 - [MESSAGE][PASSED] - All options with value '1968' are selected in object 'Object Repository/Retail store_OR/Page_Ontario Cannabis Store  Ontari/select_Select20182017201620152'  using regular expression

2019-05-06 16:29:12 - [TEST_STEP][PASSED] - click(findTestObject("Object Repository/Retail store_OR/Page_Ontario Cannabis Store  Ontari/button_Verify")): Object: 'Object Repository/Retail store_OR/Page_Ontario Cannabis Store  Ontari/button_Verify' is clicked on

2019-05-06 16:29:12 - [MESSAGE][PASSED] - Object: 'Object Repository/Retail store_OR/Page_Ontario Cannabis Store  Ontari/button_Verify' is clicked on

2019-05-06 16:29:12 - [TEST_STEP][PASSED] - click(findTestObject("Object Repository/Retail store_OR/Page_Ontario Cannabis Store  Ontari/span_CONFIRM AND ACKNOWLEDGE_c")): Object: 'Object Repository/Retail store_OR/Page_Ontario Cannabis Store  Ontari/span_CONFIRM AND ACKNOWLEDGE_c' is clicked on

2019-05-06 16:29:12 - [MESSAGE][PASSED] - Object: 'Object Repository/Retail store_OR/Page_Ontario Cannabis Store  Ontari/span_CONFIRM AND ACKNOWLEDGE_c' is clicked on

2019-05-06 16:29:12 - [TEST_STEP][PASSED] - click(findTestObject("Object Repository/Retail store_OR/Page_Ontario Cannabis Store  Ontari/button_CONFIRM")): Object: 'Object Repository/Retail store_OR/Page_Ontario Cannabis Store  Ontari/button_CONFIRM' is clicked on

2019-05-06 16:29:12 - [MESSAGE][PASSED] - Object: 'Object Repository/Retail store_OR/Page_Ontario Cannabis Store  Ontari/button_CONFIRM' is clicked on

2019-05-06 16:29:12 - [TEST_STEP][PASSED] - click(findTestObject("Object Repository/Retail store_OR/Page_Ontario Cannabis Store  Ontari/button_Start Browsing")): Object: 'Object Repository/Retail store_OR/Page_Ontario Cannabis Store  Ontari/button_Start Browsing' is clicked on

2019-05-06 16:29:12 - [MESSAGE][PASSED] - Object: 'Object Repository/Retail store_OR/Page_Ontario Cannabis Store  Ontari/button_Start Browsing' is clicked on

2019-05-06 16:29:12 - [TEST_STEP][PASSED] - click(findTestObject("Retail store_OR/Page_Ontario Cannabis Store  Ontari/a_AGCO authorized cannabis ret")): Object: 'Object Repository/Retail store_OR/Page_Ontario Cannabis Store  Ontari/a_AGCO authorized cannabis ret' is clicked on

2019-05-06 16:29:12 - [MESSAGE][PASSED] - Object: 'Object Repository/Retail store_OR/Page_Ontario Cannabis Store  Ontari/a_AGCO authorized cannabis ret' is clicked on

2019-05-06 16:29:12 - [TEST_STEP][PASSED] - delay(5): Delayed 5 second(s)

2019-05-06 16:29:17 - [MESSAGE][PASSED] - Delayed 5 second(s)

2019-05-06 16:29:17 - [TEST_STEP][NOT_RUN] - a = getUrl(): NOT_RUN: a = getUrl()

2019-05-06 16:29:17 - [MESSAGE][NOT_RUN] - NOT_RUN: a = getUrl()

2019-05-06 16:29:17 - [TEST_STEP][PASSED] - switchToWindowUrl("https://www.agco.ca/sites/default/files/map/ONT_CN_ST_E.html", STOP_ON_FAILURE): Switched to window with url: 'https://www.agco.ca/sites/default/files/map/ONT_CN_ST_E.html'

2019-05-06 16:29:17 - [MESSAGE][PASSED] - Switched to window with url: 'https://www.agco.ca/sites/default/files/map/ONT_CN_ST_E.html'

2019-05-06 16:29:17 - [TEST_STEP][PASSED] - verifyTextPresent("Cannabis Retail Stores in Ontario", false): Text 'Cannabis Retail Stores in Ontario' is present on page 

2019-05-06 16:29:17 - [MESSAGE][PASSED] - Text 'Cannabis Retail Stores in Ontario' is present on page 

2019-05-06 16:29:17 - [TEST_STEP][PASSED] - closeBrowser(): Browser is closed

2019-05-06 16:29:18 - [MESSAGE][PASSED] - Browser is closed]]></system-out>
         <system-err><![CDATA[]]></system-err>
      </testcase>
      <testcase name="Test Cases/OCS- HOME PAGE/footer" classname="Test Cases/OCS- HOME PAGE/footer" status="FAILED">
         <failure type="FAILED" message="Test Cases/OCS- HOME PAGE/footer FAILED.
Reason:
com.kms.katalon.core.exception.StepFailedException: Unable to click on object 'Object Repository/Footer_OR/Page_Ontario Cannabis Store  Ontari/a_Return Policy' (Root cause: org.openqa.selenium.WebDriverException: unknown error: Element &lt;a href=&quot;/pages/return-policy&quot;>...&lt;/a> is not clickable at point (163, 745). Other element would receive the click: &lt;iframe title=&quot;Preview Bar&quot; id=&quot;preview-bar-iframe&quot; src=&quot;https://ocs.ca/preview_bar&quot; sandbox=&quot;allow-same-origin allow-scripts&quot; style=&quot;position: fixed; bottom: 0px; left: 0px; z-index: 2147483647; width: 100%; border: none; box-shadow: rgba(0, 0, 0, 0.2) 0px -1px 3px; overflow: hidden; transform: translateY(0px); transition: transform 300ms ease 0s; height: 60px;&quot;>&lt;/iframe>
  (Session info: chrome=74.0.3729.131)
  (Driver info: chromedriver=2.43.600229 (3fae4d0cda5334b4f533bede5a4787f7b832d052),platform=Mac OS X 10.13.6 x86_64) (WARNING: The server did not provide any stacktrace information)
Command duration or timeout: 0 milliseconds
Build info: version: '3.7.1', revision: '8a0099a', time: '2017-11-06T21:07:36.161Z'
System info: host: 'sumans-MacBook-Pro.local', ip: 'fe80:0:0:0:cb0:6c11:f493:d0f6%en0', os.name: 'Mac OS X', os.arch: 'x86_64', os.version: '10.13.6', java.version: '1.8.0_181'
Driver info: com.kms.katalon.selenium.driver.CChromeDriver
Capabilities {acceptInsecureCerts: false, acceptSslCerts: false, applicationCacheEnabled: false, browserConnectionEnabled: false, browserName: chrome, chrome: {chromedriverVersion: 2.43.600229 (3fae4d0cda5334..., userDataDir: /var/folders/1t/c55l8xzs6gq...}, cssSelectorsEnabled: true, databaseEnabled: false, goog:chromeOptions: {debuggerAddress: localhost:51958}, handlesAlerts: true, hasTouchScreen: false, javascriptEnabled: true, locationContextEnabled: true, mobileEmulationEnabled: false, nativeEvents: true, networkConnectionEnabled: false, pageLoadStrategy: normal, platform: MAC, platformName: MAC, rotatable: false, setWindowRect: true, takesHeapSnapshot: true, takesScreenshot: true, unexpectedAlertBehaviour: , unhandledPromptBehavior: , version: 74.0.3729.131, webStorageEnabled: true}
Session ID: 8905bf6e63c58d6d11e279d87cac9337)
	at com.kms.katalon.core.keyword.internal.KeywordMain.stepFailed(KeywordMain.groovy:36)
	at com.kms.katalon.core.webui.keyword.internal.WebUIKeywordMain.stepFailed(WebUIKeywordMain.groovy:65)
	at com.kms.katalon.core.webui.keyword.internal.WebUIKeywordMain.runKeyword(WebUIKeywordMain.groovy:27)
	at com.kms.katalon.core.webui.keyword.builtin.ClickKeyword.click(ClickKeyword.groovy:86)
	at com.kms.katalon.core.webui.keyword.builtin.ClickKeyword.execute(ClickKeyword.groovy:67)
	at com.kms.katalon.core.keyword.internal.KeywordExecutor.executeKeywordForPlatform(KeywordExecutor.groovy:53)
	at com.kms.katalon.core.webui.keyword.WebUiBuiltInKeywords.click(WebUiBuiltInKeywords.groovy:616)
	at com.kms.katalon.core.webui.keyword.WebUiBuiltInKeywords$click$3.call(Unknown Source)
	at footer.run(footer:39)
	at com.kms.katalon.core.main.ScriptEngine.run(ScriptEngine.java:194)
	at com.kms.katalon.core.main.ScriptEngine.runScriptAsRawText(ScriptEngine.java:119)
	at com.kms.katalon.core.main.TestCaseExecutor.runScript(TestCaseExecutor.java:328)
	at com.kms.katalon.core.main.TestCaseExecutor.doExecute(TestCaseExecutor.java:319)
	at com.kms.katalon.core.main.TestCaseExecutor.processExecutionPhase(TestCaseExecutor.java:298)
	at com.kms.katalon.core.main.TestCaseExecutor.accessMainPhase(TestCaseExecutor.java:290)
	at com.kms.katalon.core.main.TestCaseExecutor.execute(TestCaseExecutor.java:224)
	at com.kms.katalon.core.main.TestSuiteExecutor.accessTestCaseMainPhase(TestSuiteExecutor.java:129)
	at com.kms.katalon.core.main.TestSuiteExecutor.accessTestSuiteMainPhase(TestSuiteExecutor.java:112)
	at com.kms.katalon.core.main.TestSuiteExecutor.execute(TestSuiteExecutor.java:81)
	at com.kms.katalon.core.main.TestCaseMain.startTestSuite(TestCaseMain.java:149)
	at com.kms.katalon.core.main.TestCaseMain$startTestSuite$0.call(Unknown Source)
	at TempTestSuite1557174337711.run(TempTestSuite1557174337711.groovy:36)
"/>
         <system-out><![CDATA[2019-05-06 16:29:18 - [TEST_CASE][FAILED] - Test Cases/OCS- HOME PAGE/footer: Test Cases/OCS- HOME PAGE/footer FAILED.
Reason:
com.kms.katalon.core.exception.StepFailedException: Unable to click on object 'Object Repository/Footer_OR/Page_Ontario Cannabis Store  Ontari/a_Return Policy' (Root cause: org.openqa.selenium.WebDriverException: unknown error: Element <a href="/pages/return-policy">...</a> is not clickable at point (163, 745). Other element would receive the click: <iframe title="Preview Bar" id="preview-bar-iframe" src="https://ocs.ca/preview_bar" sandbox="allow-same-origin allow-scripts" style="position: fixed; bottom: 0px; left: 0px; z-index: 2147483647; width: 100%; border: none; box-shadow: rgba(0, 0, 0, 0.2) 0px -1px 3px; overflow: hidden; transform: translateY(0px); transition: transform 300ms ease 0s; height: 60px;"></iframe>
  (Session info: chrome=74.0.3729.131)
  (Driver info: chromedriver=2.43.600229 (3fae4d0cda5334b4f533bede5a4787f7b832d052),platform=Mac OS X 10.13.6 x86_64) (WARNING: The server did not provide any stacktrace information)
Command duration or timeout: 0 milliseconds
Build info: version: '3.7.1', revision: '8a0099a', time: '2017-11-06T21:07:36.161Z'
System info: host: 'sumans-MacBook-Pro.local', ip: 'fe80:0:0:0:cb0:6c11:f493:d0f6%en0', os.name: 'Mac OS X', os.arch: 'x86_64', os.version: '10.13.6', java.version: '1.8.0_181'
Driver info: com.kms.katalon.selenium.driver.CChromeDriver
Capabilities {acceptInsecureCerts: false, acceptSslCerts: false, applicationCacheEnabled: false, browserConnectionEnabled: false, browserName: chrome, chrome: {chromedriverVersion: 2.43.600229 (3fae4d0cda5334..., userDataDir: /var/folders/1t/c55l8xzs6gq...}, cssSelectorsEnabled: true, databaseEnabled: false, goog:chromeOptions: {debuggerAddress: localhost:51958}, handlesAlerts: true, hasTouchScreen: false, javascriptEnabled: true, locationContextEnabled: true, mobileEmulationEnabled: false, nativeEvents: true, networkConnectionEnabled: false, pageLoadStrategy: normal, platform: MAC, platformName: MAC, rotatable: false, setWindowRect: true, takesHeapSnapshot: true, takesScreenshot: true, unexpectedAlertBehaviour: , unhandledPromptBehavior: , version: 74.0.3729.131, webStorageEnabled: true}
Session ID: 8905bf6e63c58d6d11e279d87cac9337)
	at com.kms.katalon.core.keyword.internal.KeywordMain.stepFailed(KeywordMain.groovy:36)
	at com.kms.katalon.core.webui.keyword.internal.WebUIKeywordMain.stepFailed(WebUIKeywordMain.groovy:65)
	at com.kms.katalon.core.webui.keyword.internal.WebUIKeywordMain.runKeyword(WebUIKeywordMain.groovy:27)
	at com.kms.katalon.core.webui.keyword.builtin.ClickKeyword.click(ClickKeyword.groovy:86)
	at com.kms.katalon.core.webui.keyword.builtin.ClickKeyword.execute(ClickKeyword.groovy:67)
	at com.kms.katalon.core.keyword.internal.KeywordExecutor.executeKeywordForPlatform(KeywordExecutor.groovy:53)
	at com.kms.katalon.core.webui.keyword.WebUiBuiltInKeywords.click(WebUiBuiltInKeywords.groovy:616)
	at com.kms.katalon.core.webui.keyword.WebUiBuiltInKeywords$click$3.call(Unknown Source)
	at footer.run(footer:39)
	at com.kms.katalon.core.main.ScriptEngine.run(ScriptEngine.java:194)
	at com.kms.katalon.core.main.ScriptEngine.runScriptAsRawText(ScriptEngine.java:119)
	at com.kms.katalon.core.main.TestCaseExecutor.runScript(TestCaseExecutor.java:328)
	at com.kms.katalon.core.main.TestCaseExecutor.doExecute(TestCaseExecutor.java:319)
	at com.kms.katalon.core.main.TestCaseExecutor.processExecutionPhase(TestCaseExecutor.java:298)
	at com.kms.katalon.core.main.TestCaseExecutor.accessMainPhase(TestCaseExecutor.java:290)
	at com.kms.katalon.core.main.TestCaseExecutor.execute(TestCaseExecutor.java:224)
	at com.kms.katalon.core.main.TestSuiteExecutor.accessTestCaseMainPhase(TestSuiteExecutor.java:129)
	at com.kms.katalon.core.main.TestSuiteExecutor.accessTestSuiteMainPhase(TestSuiteExecutor.java:112)
	at com.kms.katalon.core.main.TestSuiteExecutor.execute(TestSuiteExecutor.java:81)
	at com.kms.katalon.core.main.TestCaseMain.startTestSuite(TestCaseMain.java:149)
	at com.kms.katalon.core.main.TestCaseMain$startTestSuite$0.call(Unknown Source)
	at TempTestSuite1557174337711.run(TempTestSuite1557174337711.groovy:36)


2019-05-06 16:29:18 - [TEST_STEP][PASSED] - openBrowser(""): Browser is opened with url: ''

2019-05-06 16:29:18 - [MESSAGE][INFO] - Starting 'Chrome' driver

2019-05-06 16:29:19 - [MESSAGE][PASSED] - Browser is opened with url: ''

2019-05-06 16:29:19 - [TEST_STEP][PASSED] - navigateToUrl("https://ocs.ca/?fts=0&preview_theme_id=53372913484"): Navigate to 'https://ocs.ca/?fts=0&preview_theme_id=53372913484' successfully

2019-05-06 16:29:23 - [MESSAGE][PASSED] - Navigate to 'https://ocs.ca/?fts=0&preview_theme_id=53372913484' successfully

2019-05-06 16:29:23 - [TEST_STEP][PASSED] - maximizeWindow(): Current window maximized

2019-05-06 16:29:24 - [MESSAGE][PASSED] - Current window maximized

2019-05-06 16:29:24 - [TEST_STEP][PASSED] - selectOptionByValue(findTestObject("Object Repository/Footer_OR/Page_Ontario Cannabis Store  Ontari/select_Select01020304050607080"), "1", true): All options with value '1' are selected in object 'Object Repository/Footer_OR/Page_Ontario Cannabis Store  Ontari/select_Select01020304050607080'  using regular expression

2019-05-06 16:29:24 - [MESSAGE][PASSED] - All options with value '1' are selected in object 'Object Repository/Footer_OR/Page_Ontario Cannabis Store  Ontari/select_Select01020304050607080'  using regular expression

2019-05-06 16:29:24 - [TEST_STEP][PASSED] - selectOptionByValue(findTestObject("Object Repository/Footer_OR/Page_Ontario Cannabis Store  Ontari/select_SelectJanuary - 01Febru"), "0", true): All options with value '0' are selected in object 'Object Repository/Footer_OR/Page_Ontario Cannabis Store  Ontari/select_SelectJanuary - 01Febru'  using regular expression

2019-05-06 16:29:24 - [MESSAGE][PASSED] - All options with value '0' are selected in object 'Object Repository/Footer_OR/Page_Ontario Cannabis Store  Ontari/select_SelectJanuary - 01Febru'  using regular expression

2019-05-06 16:29:24 - [TEST_STEP][PASSED] - selectOptionByValue(findTestObject("Object Repository/Footer_OR/Page_Ontario Cannabis Store  Ontari/select_Select20182017201620152"), "1968", true): All options with value '1968' are selected in object 'Object Repository/Footer_OR/Page_Ontario Cannabis Store  Ontari/select_Select20182017201620152'  using regular expression

2019-05-06 16:29:25 - [MESSAGE][PASSED] - All options with value '1968' are selected in object 'Object Repository/Footer_OR/Page_Ontario Cannabis Store  Ontari/select_Select20182017201620152'  using regular expression

2019-05-06 16:29:25 - [TEST_STEP][PASSED] - click(findTestObject("Object Repository/Footer_OR/Page_Ontario Cannabis Store  Ontari/button_Verify")): Object: 'Object Repository/Footer_OR/Page_Ontario Cannabis Store  Ontari/button_Verify' is clicked on

2019-05-06 16:29:25 - [MESSAGE][PASSED] - Object: 'Object Repository/Footer_OR/Page_Ontario Cannabis Store  Ontari/button_Verify' is clicked on

2019-05-06 16:29:25 - [TEST_STEP][PASSED] - click(findTestObject("Object Repository/Footer_OR/Page_Ontario Cannabis Store  Ontari/span_CONFIRM AND ACKNOWLEDGE_c")): Object: 'Object Repository/Footer_OR/Page_Ontario Cannabis Store  Ontari/span_CONFIRM AND ACKNOWLEDGE_c' is clicked on

2019-05-06 16:29:26 - [MESSAGE][PASSED] - Object: 'Object Repository/Footer_OR/Page_Ontario Cannabis Store  Ontari/span_CONFIRM AND ACKNOWLEDGE_c' is clicked on

2019-05-06 16:29:26 - [TEST_STEP][PASSED] - click(findTestObject("Object Repository/Footer_OR/Page_Ontario Cannabis Store  Ontari/button_CONFIRM")): Object: 'Object Repository/Footer_OR/Page_Ontario Cannabis Store  Ontari/button_CONFIRM' is clicked on

2019-05-06 16:29:26 - [MESSAGE][PASSED] - Object: 'Object Repository/Footer_OR/Page_Ontario Cannabis Store  Ontari/button_CONFIRM' is clicked on

2019-05-06 16:29:26 - [TEST_STEP][PASSED] - click(findTestObject("Object Repository/Footer_OR/Page_Ontario Cannabis Store  Ontari/button_Start Browsing")): Object: 'Object Repository/Footer_OR/Page_Ontario Cannabis Store  Ontari/button_Start Browsing' is clicked on

2019-05-06 16:29:26 - [MESSAGE][PASSED] - Object: 'Object Repository/Footer_OR/Page_Ontario Cannabis Store  Ontari/button_Start Browsing' is clicked on

2019-05-06 16:29:26 - [TEST_STEP][FAILED] - click(findTestObject("Object Repository/Footer_OR/Page_Ontario Cannabis Store  Ontari/a_Return Policy")): click(findTestObject("Object Repository/Footer_OR/Page_Ontario Cannabis Store  Ontari/a_Return Policy")) FAILED.
Reason:
com.kms.katalon.core.exception.StepFailedException: Unable to click on object 'Object Repository/Footer_OR/Page_Ontario Cannabis Store  Ontari/a_Return Policy' (Root cause: org.openqa.selenium.WebDriverException: unknown error: Element <a href="/pages/return-policy">...</a> is not clickable at point (163, 745). Other element would receive the click: <iframe title="Preview Bar" id="preview-bar-iframe" src="https://ocs.ca/preview_bar" sandbox="allow-same-origin allow-scripts" style="position: fixed; bottom: 0px; left: 0px; z-index: 2147483647; width: 100%; border: none; box-shadow: rgba(0, 0, 0, 0.2) 0px -1px 3px; overflow: hidden; transform: translateY(0px); transition: transform 300ms ease 0s; height: 60px;"></iframe>
  (Session info: chrome=74.0.3729.131)
  (Driver info: chromedriver=2.43.600229 (3fae4d0cda5334b4f533bede5a4787f7b832d052),platform=Mac OS X 10.13.6 x86_64) (WARNING: The server did not provide any stacktrace information)
Command duration or timeout: 0 milliseconds
Build info: version: '3.7.1', revision: '8a0099a', time: '2017-11-06T21:07:36.161Z'
System info: host: 'sumans-MacBook-Pro.local', ip: 'fe80:0:0:0:cb0:6c11:f493:d0f6%en0', os.name: 'Mac OS X', os.arch: 'x86_64', os.version: '10.13.6', java.version: '1.8.0_181'
Driver info: com.kms.katalon.selenium.driver.CChromeDriver
Capabilities {acceptInsecureCerts: false, acceptSslCerts: false, applicationCacheEnabled: false, browserConnectionEnabled: false, browserName: chrome, chrome: {chromedriverVersion: 2.43.600229 (3fae4d0cda5334..., userDataDir: /var/folders/1t/c55l8xzs6gq...}, cssSelectorsEnabled: true, databaseEnabled: false, goog:chromeOptions: {debuggerAddress: localhost:51958}, handlesAlerts: true, hasTouchScreen: false, javascriptEnabled: true, locationContextEnabled: true, mobileEmulationEnabled: false, nativeEvents: true, networkConnectionEnabled: false, pageLoadStrategy: normal, platform: MAC, platformName: MAC, rotatable: false, setWindowRect: true, takesHeapSnapshot: true, takesScreenshot: true, unexpectedAlertBehaviour: , unhandledPromptBehavior: , version: 74.0.3729.131, webStorageEnabled: true}
Session ID: 8905bf6e63c58d6d11e279d87cac9337)
	at com.kms.katalon.core.keyword.internal.KeywordMain.stepFailed(KeywordMain.groovy:36)
	at com.kms.katalon.core.webui.keyword.internal.WebUIKeywordMain.stepFailed(WebUIKeywordMain.groovy:65)
	at com.kms.katalon.core.webui.keyword.internal.WebUIKeywordMain.runKeyword(WebUIKeywordMain.groovy:27)
	at com.kms.katalon.core.webui.keyword.builtin.ClickKeyword.click(ClickKeyword.groovy:86)
	at com.kms.katalon.core.webui.keyword.builtin.ClickKeyword.execute(ClickKeyword.groovy:67)
	at com.kms.katalon.core.keyword.internal.KeywordExecutor.executeKeywordForPlatform(KeywordExecutor.groovy:53)
	at com.kms.katalon.core.webui.keyword.WebUiBuiltInKeywords.click(WebUiBuiltInKeywords.groovy:616)
	at com.kms.katalon.core.webui.keyword.WebUiBuiltInKeywords$click$3.call(Unknown Source)
	at footer.run(footer:39)
	at com.kms.katalon.core.main.ScriptEngine.run(ScriptEngine.java:194)
	at com.kms.katalon.core.main.ScriptEngine.runScriptAsRawText(ScriptEngine.java:119)
	at com.kms.katalon.core.main.TestCaseExecutor.runScript(TestCaseExecutor.java:328)
	at com.kms.katalon.core.main.TestCaseExecutor.doExecute(TestCaseExecutor.java:319)
	at com.kms.katalon.core.main.TestCaseExecutor.processExecutionPhase(TestCaseExecutor.java:298)
	at com.kms.katalon.core.main.TestCaseExecutor.accessMainPhase(TestCaseExecutor.java:290)
	at com.kms.katalon.core.main.TestCaseExecutor.execute(TestCaseExecutor.java:224)
	at com.kms.katalon.core.main.TestSuiteExecutor.accessTestCaseMainPhase(TestSuiteExecutor.java:129)
	at com.kms.katalon.core.main.TestSuiteExecutor.accessTestSuiteMainPhase(TestSuiteExecutor.java:112)
	at com.kms.katalon.core.main.TestSuiteExecutor.execute(TestSuiteExecutor.java:81)
	at com.kms.katalon.core.main.TestCaseMain.startTestSuite(TestCaseMain.java:149)
	at com.kms.katalon.core.main.TestCaseMain$startTestSuite$0.call(Unknown Source)
	at TempTestSuite1557174337711.run(TempTestSuite1557174337711.groovy:36)


2019-05-06 16:29:26 - [MESSAGE][FAILED] - Unable to click on object 'Object Repository/Footer_OR/Page_Ontario Cannabis Store  Ontari/a_Return Policy' (Root cause: org.openqa.selenium.WebDriverException: unknown error: Element <a href="/pages/return-policy">...</a> is not clickable at point (163, 745). Other element would receive the click: <iframe title="Preview Bar" id="preview-bar-iframe" src="https://ocs.ca/preview_bar" sandbox="allow-same-origin allow-scripts" style="position: fixed; bottom: 0px; left: 0px; z-index: 2147483647; width: 100%; border: none; box-shadow: rgba(0, 0, 0, 0.2) 0px -1px 3px; overflow: hidden; transform: translateY(0px); transition: transform 300ms ease 0s; height: 60px;"></iframe>
  (Session info: chrome=74.0.3729.131)
  (Driver info: chromedriver=2.43.600229 (3fae4d0cda5334b4f533bede5a4787f7b832d052),platform=Mac OS X 10.13.6 x86_64) (WARNING: The server did not provide any stacktrace information)
Command duration or timeout: 0 milliseconds
Build info: version: '3.7.1', revision: '8a0099a', time: '2017-11-06T21:07:36.161Z'
System info: host: 'sumans-MacBook-Pro.local', ip: 'fe80:0:0:0:cb0:6c11:f493:d0f6%en0', os.name: 'Mac OS X', os.arch: 'x86_64', os.version: '10.13.6', java.version: '1.8.0_181'
Driver info: com.kms.katalon.selenium.driver.CChromeDriver
Capabilities {acceptInsecureCerts: false, acceptSslCerts: false, applicationCacheEnabled: false, browserConnectionEnabled: false, browserName: chrome, chrome: {chromedriverVersion: 2.43.600229 (3fae4d0cda5334..., userDataDir: /var/folders/1t/c55l8xzs6gq...}, cssSelectorsEnabled: true, databaseEnabled: false, goog:chromeOptions: {debuggerAddress: localhost:51958}, handlesAlerts: true, hasTouchScreen: false, javascriptEnabled: true, locationContextEnabled: true, mobileEmulationEnabled: false, nativeEvents: true, networkConnectionEnabled: false, pageLoadStrategy: normal, platform: MAC, platformName: MAC, rotatable: false, setWindowRect: true, takesHeapSnapshot: true, takesScreenshot: true, unexpectedAlertBehaviour: , unhandledPromptBehavior: , version: 74.0.3729.131, webStorageEnabled: true}
Session ID: 8905bf6e63c58d6d11e279d87cac9337)
[[ATTACHMENT|/Users/sumankompelly/git/Sample-OCS/Reports/OCS-1.7.0/HOMEPAGE/20190506_162537/1557174566232.png]]

2019-05-06 16:29:26 - [MESSAGE][FAILED] - click(findTestObject("Object Repository/Footer_OR/Page_Ontario Cannabis Store  Ontari/a_Return Policy")) FAILED.
Reason:
com.kms.katalon.core.exception.StepFailedException: Unable to click on object 'Object Repository/Footer_OR/Page_Ontario Cannabis Store  Ontari/a_Return Policy' (Root cause: org.openqa.selenium.WebDriverException: unknown error: Element <a href="/pages/return-policy">...</a> is not clickable at point (163, 745). Other element would receive the click: <iframe title="Preview Bar" id="preview-bar-iframe" src="https://ocs.ca/preview_bar" sandbox="allow-same-origin allow-scripts" style="position: fixed; bottom: 0px; left: 0px; z-index: 2147483647; width: 100%; border: none; box-shadow: rgba(0, 0, 0, 0.2) 0px -1px 3px; overflow: hidden; transform: translateY(0px); transition: transform 300ms ease 0s; height: 60px;"></iframe>
  (Session info: chrome=74.0.3729.131)
  (Driver info: chromedriver=2.43.600229 (3fae4d0cda5334b4f533bede5a4787f7b832d052),platform=Mac OS X 10.13.6 x86_64) (WARNING: The server did not provide any stacktrace information)
Command duration or timeout: 0 milliseconds
Build info: version: '3.7.1', revision: '8a0099a', time: '2017-11-06T21:07:36.161Z'
System info: host: 'sumans-MacBook-Pro.local', ip: 'fe80:0:0:0:cb0:6c11:f493:d0f6%en0', os.name: 'Mac OS X', os.arch: 'x86_64', os.version: '10.13.6', java.version: '1.8.0_181'
Driver info: com.kms.katalon.selenium.driver.CChromeDriver
Capabilities {acceptInsecureCerts: false, acceptSslCerts: false, applicationCacheEnabled: false, browserConnectionEnabled: false, browserName: chrome, chrome: {chromedriverVersion: 2.43.600229 (3fae4d0cda5334..., userDataDir: /var/folders/1t/c55l8xzs6gq...}, cssSelectorsEnabled: true, databaseEnabled: false, goog:chromeOptions: {debuggerAddress: localhost:51958}, handlesAlerts: true, hasTouchScreen: false, javascriptEnabled: true, locationContextEnabled: true, mobileEmulationEnabled: false, nativeEvents: true, networkConnectionEnabled: false, pageLoadStrategy: normal, platform: MAC, platformName: MAC, rotatable: false, setWindowRect: true, takesHeapSnapshot: true, takesScreenshot: true, unexpectedAlertBehaviour: , unhandledPromptBehavior: , version: 74.0.3729.131, webStorageEnabled: true}
Session ID: 8905bf6e63c58d6d11e279d87cac9337)
	at com.kms.katalon.core.keyword.internal.KeywordMain.stepFailed(KeywordMain.groovy:36)
	at com.kms.katalon.core.webui.keyword.internal.WebUIKeywordMain.stepFailed(WebUIKeywordMain.groovy:65)
	at com.kms.katalon.core.webui.keyword.internal.WebUIKeywordMain.runKeyword(WebUIKeywordMain.groovy:27)
	at com.kms.katalon.core.webui.keyword.builtin.ClickKeyword.click(ClickKeyword.groovy:86)
	at com.kms.katalon.core.webui.keyword.builtin.ClickKeyword.execute(ClickKeyword.groovy:67)
	at com.kms.katalon.core.keyword.internal.KeywordExecutor.executeKeywordForPlatform(KeywordExecutor.groovy:53)
	at com.kms.katalon.core.webui.keyword.WebUiBuiltInKeywords.click(WebUiBuiltInKeywords.groovy:616)
	at com.kms.katalon.core.webui.keyword.WebUiBuiltInKeywords$click$3.call(Unknown Source)
	at footer.run(footer:39)
	at com.kms.katalon.core.main.ScriptEngine.run(ScriptEngine.java:194)
	at com.kms.katalon.core.main.ScriptEngine.runScriptAsRawText(ScriptEngine.java:119)
	at com.kms.katalon.core.main.TestCaseExecutor.runScript(TestCaseExecutor.java:328)
	at com.kms.katalon.core.main.TestCaseExecutor.doExecute(TestCaseExecutor.java:319)
	at com.kms.katalon.core.main.TestCaseExecutor.processExecutionPhase(TestCaseExecutor.java:298)
	at com.kms.katalon.core.main.TestCaseExecutor.accessMainPhase(TestCaseExecutor.java:290)
	at com.kms.katalon.core.main.TestCaseExecutor.execute(TestCaseExecutor.java:224)
	at com.kms.katalon.core.main.TestSuiteExecutor.accessTestCaseMainPhase(TestSuiteExecutor.java:129)
	at com.kms.katalon.core.main.TestSuiteExecutor.accessTestSuiteMainPhase(TestSuiteExecutor.java:112)
	at com.kms.katalon.core.main.TestSuiteExecutor.execute(TestSuiteExecutor.java:81)
	at com.kms.katalon.core.main.TestCaseMain.startTestSuite(TestCaseMain.java:149)
	at com.kms.katalon.core.main.TestCaseMain$startTestSuite$0.call(Unknown Source)
	at TempTestSuite1557174337711.run(TempTestSuite1557174337711.groovy:36)]]></system-out>
         <system-err><![CDATA[2019-05-06 16:29:18 - [TEST_CASE][FAILED] - Test Cases/OCS- HOME PAGE/footer: Test Cases/OCS- HOME PAGE/footer FAILED.
Reason:
com.kms.katalon.core.exception.StepFailedException: Unable to click on object 'Object Repository/Footer_OR/Page_Ontario Cannabis Store  Ontari/a_Return Policy' (Root cause: org.openqa.selenium.WebDriverException: unknown error: Element <a href="/pages/return-policy">...</a> is not clickable at point (163, 745). Other element would receive the click: <iframe title="Preview Bar" id="preview-bar-iframe" src="https://ocs.ca/preview_bar" sandbox="allow-same-origin allow-scripts" style="position: fixed; bottom: 0px; left: 0px; z-index: 2147483647; width: 100%; border: none; box-shadow: rgba(0, 0, 0, 0.2) 0px -1px 3px; overflow: hidden; transform: translateY(0px); transition: transform 300ms ease 0s; height: 60px;"></iframe>
  (Session info: chrome=74.0.3729.131)
  (Driver info: chromedriver=2.43.600229 (3fae4d0cda5334b4f533bede5a4787f7b832d052),platform=Mac OS X 10.13.6 x86_64) (WARNING: The server did not provide any stacktrace information)
Command duration or timeout: 0 milliseconds
Build info: version: '3.7.1', revision: '8a0099a', time: '2017-11-06T21:07:36.161Z'
System info: host: 'sumans-MacBook-Pro.local', ip: 'fe80:0:0:0:cb0:6c11:f493:d0f6%en0', os.name: 'Mac OS X', os.arch: 'x86_64', os.version: '10.13.6', java.version: '1.8.0_181'
Driver info: com.kms.katalon.selenium.driver.CChromeDriver
Capabilities {acceptInsecureCerts: false, acceptSslCerts: false, applicationCacheEnabled: false, browserConnectionEnabled: false, browserName: chrome, chrome: {chromedriverVersion: 2.43.600229 (3fae4d0cda5334..., userDataDir: /var/folders/1t/c55l8xzs6gq...}, cssSelectorsEnabled: true, databaseEnabled: false, goog:chromeOptions: {debuggerAddress: localhost:51958}, handlesAlerts: true, hasTouchScreen: false, javascriptEnabled: true, locationContextEnabled: true, mobileEmulationEnabled: false, nativeEvents: true, networkConnectionEnabled: false, pageLoadStrategy: normal, platform: MAC, platformName: MAC, rotatable: false, setWindowRect: true, takesHeapSnapshot: true, takesScreenshot: true, unexpectedAlertBehaviour: , unhandledPromptBehavior: , version: 74.0.3729.131, webStorageEnabled: true}
Session ID: 8905bf6e63c58d6d11e279d87cac9337)
	at com.kms.katalon.core.keyword.internal.KeywordMain.stepFailed(KeywordMain.groovy:36)
	at com.kms.katalon.core.webui.keyword.internal.WebUIKeywordMain.stepFailed(WebUIKeywordMain.groovy:65)
	at com.kms.katalon.core.webui.keyword.internal.WebUIKeywordMain.runKeyword(WebUIKeywordMain.groovy:27)
	at com.kms.katalon.core.webui.keyword.builtin.ClickKeyword.click(ClickKeyword.groovy:86)
	at com.kms.katalon.core.webui.keyword.builtin.ClickKeyword.execute(ClickKeyword.groovy:67)
	at com.kms.katalon.core.keyword.internal.KeywordExecutor.executeKeywordForPlatform(KeywordExecutor.groovy:53)
	at com.kms.katalon.core.webui.keyword.WebUiBuiltInKeywords.click(WebUiBuiltInKeywords.groovy:616)
	at com.kms.katalon.core.webui.keyword.WebUiBuiltInKeywords$click$3.call(Unknown Source)
	at footer.run(footer:39)
	at com.kms.katalon.core.main.ScriptEngine.run(ScriptEngine.java:194)
	at com.kms.katalon.core.main.ScriptEngine.runScriptAsRawText(ScriptEngine.java:119)
	at com.kms.katalon.core.main.TestCaseExecutor.runScript(TestCaseExecutor.java:328)
	at com.kms.katalon.core.main.TestCaseExecutor.doExecute(TestCaseExecutor.java:319)
	at com.kms.katalon.core.main.TestCaseExecutor.processExecutionPhase(TestCaseExecutor.java:298)
	at com.kms.katalon.core.main.TestCaseExecutor.accessMainPhase(TestCaseExecutor.java:290)
	at com.kms.katalon.core.main.TestCaseExecutor.execute(TestCaseExecutor.java:224)
	at com.kms.katalon.core.main.TestSuiteExecutor.accessTestCaseMainPhase(TestSuiteExecutor.java:129)
	at com.kms.katalon.core.main.TestSuiteExecutor.accessTestSuiteMainPhase(TestSuiteExecutor.java:112)
	at com.kms.katalon.core.main.TestSuiteExecutor.execute(TestSuiteExecutor.java:81)
	at com.kms.katalon.core.main.TestCaseMain.startTestSuite(TestCaseMain.java:149)
	at com.kms.katalon.core.main.TestCaseMain$startTestSuite$0.call(Unknown Source)
	at TempTestSuite1557174337711.run(TempTestSuite1557174337711.groovy:36)]]></system-err>
      </testcase>
      <testcase name="Test Cases/OCS- HOME PAGE/why trust OCS" classname="Test Cases/OCS- HOME PAGE/why trust OCS" status="PASSED">
         <system-out><![CDATA[2019-05-06 16:29:26 - [TEST_CASE][PASSED] - Test Cases/OCS- HOME PAGE/why trust OCS: Test Cases/OCS- HOME PAGE/why trust OCS

2019-05-06 16:29:27 - [TEST_STEP][PASSED] - openBrowser(""): Browser is opened with url: ''

2019-05-06 16:29:27 - [MESSAGE][WARNING] - A browser is already opened. Closing browser and opening a new one

2019-05-06 16:29:27 - [MESSAGE][INFO] - Starting 'Chrome' driver

2019-05-06 16:29:28 - [MESSAGE][PASSED] - Browser is opened with url: ''

2019-05-06 16:29:28 - [TEST_STEP][PASSED] - navigateToUrl("https://ocs.ca/#/verify-age"): Navigate to 'https://ocs.ca/#/verify-age' successfully

2019-05-06 16:29:31 - [MESSAGE][PASSED] - Navigate to 'https://ocs.ca/#/verify-age' successfully

2019-05-06 16:29:31 - [TEST_STEP][PASSED] - selectOptionByValue(findTestObject("Object Repository/Why trust OCS_OR/Page_Ontario Cannabis Store  Ontari/select_Select01020304050607080"), "15", true): All options with value '15' are selected in object 'Object Repository/Why trust OCS_OR/Page_Ontario Cannabis Store  Ontari/select_Select01020304050607080'  using regular expression

2019-05-06 16:29:32 - [MESSAGE][PASSED] - All options with value '15' are selected in object 'Object Repository/Why trust OCS_OR/Page_Ontario Cannabis Store  Ontari/select_Select01020304050607080'  using regular expression

2019-05-06 16:29:32 - [TEST_STEP][PASSED] - selectOptionByValue(findTestObject("Object Repository/Why trust OCS_OR/Page_Ontario Cannabis Store  Ontari/select_SelectJanuary - 01Febru"), "7", true): All options with value '7' are selected in object 'Object Repository/Why trust OCS_OR/Page_Ontario Cannabis Store  Ontari/select_SelectJanuary - 01Febru'  using regular expression

2019-05-06 16:29:32 - [MESSAGE][PASSED] - All options with value '7' are selected in object 'Object Repository/Why trust OCS_OR/Page_Ontario Cannabis Store  Ontari/select_SelectJanuary - 01Febru'  using regular expression

2019-05-06 16:29:32 - [TEST_STEP][PASSED] - selectOptionByValue(findTestObject("Object Repository/Why trust OCS_OR/Page_Ontario Cannabis Store  Ontari/select_Select20182017201620152"), "1956", true): All options with value '1956' are selected in object 'Object Repository/Why trust OCS_OR/Page_Ontario Cannabis Store  Ontari/select_Select20182017201620152'  using regular expression

2019-05-06 16:29:33 - [MESSAGE][PASSED] - All options with value '1956' are selected in object 'Object Repository/Why trust OCS_OR/Page_Ontario Cannabis Store  Ontari/select_Select20182017201620152'  using regular expression

2019-05-06 16:29:33 - [TEST_STEP][PASSED] - click(findTestObject("Object Repository/Why trust OCS_OR/Page_Ontario Cannabis Store  Ontari/button_Verify")): Object: 'Object Repository/Why trust OCS_OR/Page_Ontario Cannabis Store  Ontari/button_Verify' is clicked on

2019-05-06 16:29:33 - [MESSAGE][PASSED] - Object: 'Object Repository/Why trust OCS_OR/Page_Ontario Cannabis Store  Ontari/button_Verify' is clicked on

2019-05-06 16:29:33 - [TEST_STEP][PASSED] - click(findTestObject("Object Repository/Why trust OCS_OR/Page_Ontario Cannabis Store  Ontari/span_CONFIRM AND ACKNOWLEDGE_c")): Object: 'Object Repository/Why trust OCS_OR/Page_Ontario Cannabis Store  Ontari/span_CONFIRM AND ACKNOWLEDGE_c' is clicked on

2019-05-06 16:29:33 - [MESSAGE][PASSED] - Object: 'Object Repository/Why trust OCS_OR/Page_Ontario Cannabis Store  Ontari/span_CONFIRM AND ACKNOWLEDGE_c' is clicked on

2019-05-06 16:29:33 - [TEST_STEP][PASSED] - click(findTestObject("Object Repository/Why trust OCS_OR/Page_Ontario Cannabis Store  Ontari/button_CONFIRM")): Object: 'Object Repository/Why trust OCS_OR/Page_Ontario Cannabis Store  Ontari/button_CONFIRM' is clicked on

2019-05-06 16:29:34 - [MESSAGE][PASSED] - Object: 'Object Repository/Why trust OCS_OR/Page_Ontario Cannabis Store  Ontari/button_CONFIRM' is clicked on

2019-05-06 16:29:34 - [TEST_STEP][PASSED] - click(findTestObject("Object Repository/Why trust OCS_OR/Page_Ontario Cannabis Store  Ontari/button_Start Browsing")): Object: 'Object Repository/Why trust OCS_OR/Page_Ontario Cannabis Store  Ontari/button_Start Browsing' is clicked on

2019-05-06 16:29:34 - [MESSAGE][PASSED] - Object: 'Object Repository/Why trust OCS_OR/Page_Ontario Cannabis Store  Ontari/button_Start Browsing' is clicked on

2019-05-06 16:29:34 - [TEST_STEP][PASSED] - click(findTestObject("Object Repository/Why trust OCS_OR/Page_Ontario Cannabis Store  Ontari/img")): Object: 'Object Repository/Why trust OCS_OR/Page_Ontario Cannabis Store  Ontari/img' is clicked on

2019-05-06 16:29:37 - [MESSAGE][PASSED] - Object: 'Object Repository/Why trust OCS_OR/Page_Ontario Cannabis Store  Ontari/img' is clicked on

2019-05-06 16:29:37 - [TEST_STEP][PASSED] - a = getWindowTitle(): Current window's title is: 'Why Trust Us? | Ontario Cannabis Store'

2019-05-06 16:29:37 - [MESSAGE][PASSED] - Current window's title is: 'Why Trust Us? | Ontario Cannabis Store'

2019-05-06 16:29:37 - [TEST_STEP][PASSED] - assert getWindowTitle() == a: Current window's title is: 'Why Trust Us? | Ontario Cannabis Store'

2019-05-06 16:29:37 - [MESSAGE][PASSED] - Current window's title is: 'Why Trust Us? | Ontario Cannabis Store'

2019-05-06 16:29:37 - [TEST_STEP][PASSED] - back(): Navigate back successfully

2019-05-06 16:29:37 - [MESSAGE][PASSED] - Navigate back successfully]]></system-out>
         <system-err><![CDATA[]]></system-err>
      </testcase>
      <testcase name="Test Cases/OCS- HOME PAGE/Mega-menu -" classname="Test Cases/OCS- HOME PAGE/Mega-menu -" status="FAILED">
         <failure type="FAILED" message="Test Cases/OCS- HOME PAGE/Mega-menu - FAILED.
Reason:
com.kms.katalon.core.exception.StepFailedException: Unable to click on object 'Object Repository/mega-menu - cannabis/Page_Dried Flower  Ontario Cannabis/h3_Cannabis' (Root cause: org.openqa.selenium.NoSuchWindowException: no such window: window was already closed
  (Session info: chrome=74.0.3729.131)
  (Driver info: chromedriver=2.43.600229 (3fae4d0cda5334b4f533bede5a4787f7b832d052),platform=Mac OS X 10.13.6 x86_64) (WARNING: The server did not provide any stacktrace information)
Command duration or timeout: 0 milliseconds
Build info: version: '3.7.1', revision: '8a0099a', time: '2017-11-06T21:07:36.161Z'
System info: host: 'sumans-MacBook-Pro.local', ip: 'fe80:0:0:0:cb0:6c11:f493:d0f6%en0', os.name: 'Mac OS X', os.arch: 'x86_64', os.version: '10.13.6', java.version: '1.8.0_181'
Driver info: com.kms.katalon.selenium.driver.CChromeDriver
Capabilities {acceptInsecureCerts: false, acceptSslCerts: false, applicationCacheEnabled: false, browserConnectionEnabled: false, browserName: chrome, chrome: {chromedriverVersion: 2.43.600229 (3fae4d0cda5334..., userDataDir: /var/folders/1t/c55l8xzs6gq...}, cssSelectorsEnabled: true, databaseEnabled: false, goog:chromeOptions: {debuggerAddress: localhost:52052}, handlesAlerts: true, hasTouchScreen: false, javascriptEnabled: true, locationContextEnabled: true, mobileEmulationEnabled: false, nativeEvents: true, networkConnectionEnabled: false, pageLoadStrategy: normal, platform: MAC, platformName: MAC, rotatable: false, setWindowRect: true, takesHeapSnapshot: true, takesScreenshot: true, unexpectedAlertBehaviour: , unhandledPromptBehavior: , version: 74.0.3729.131, webStorageEnabled: true}
Session ID: 65a91808df48e3d5130a319390b86728
*** Element info: {Using=xpath, value=//div[@id='shopify-section-en-header']/header/div[2]/div/div/div/nav/ul/li/a/div/h3})
	at com.kms.katalon.core.keyword.internal.KeywordMain.stepFailed(KeywordMain.groovy:36)
	at com.kms.katalon.core.webui.keyword.internal.WebUIKeywordMain.stepFailed(WebUIKeywordMain.groovy:65)
	at com.kms.katalon.core.webui.keyword.internal.WebUIKeywordMain.runKeyword(WebUIKeywordMain.groovy:27)
	at com.kms.katalon.core.webui.keyword.builtin.ClickKeyword.click(ClickKeyword.groovy:86)
	at com.kms.katalon.core.webui.keyword.builtin.ClickKeyword.execute(ClickKeyword.groovy:67)
	at com.kms.katalon.core.keyword.internal.KeywordExecutor.executeKeywordForPlatform(KeywordExecutor.groovy:53)
	at com.kms.katalon.core.webui.keyword.WebUiBuiltInKeywords.click(WebUiBuiltInKeywords.groovy:616)
	at com.kms.katalon.core.webui.keyword.WebUiBuiltInKeywords$click$3.call(Unknown Source)
	at Mega-menu -.run(Mega-menu -:49)
	at com.kms.katalon.core.main.ScriptEngine.run(ScriptEngine.java:194)
	at com.kms.katalon.core.main.ScriptEngine.runScriptAsRawText(ScriptEngine.java:119)
	at com.kms.katalon.core.main.TestCaseExecutor.runScript(TestCaseExecutor.java:328)
	at com.kms.katalon.core.main.TestCaseExecutor.doExecute(TestCaseExecutor.java:319)
	at com.kms.katalon.core.main.TestCaseExecutor.processExecutionPhase(TestCaseExecutor.java:298)
	at com.kms.katalon.core.main.TestCaseExecutor.accessMainPhase(TestCaseExecutor.java:290)
	at com.kms.katalon.core.main.TestCaseExecutor.execute(TestCaseExecutor.java:224)
	at com.kms.katalon.core.main.TestSuiteExecutor.accessTestCaseMainPhase(TestSuiteExecutor.java:129)
	at com.kms.katalon.core.main.TestSuiteExecutor.accessTestSuiteMainPhase(TestSuiteExecutor.java:112)
	at com.kms.katalon.core.main.TestSuiteExecutor.execute(TestSuiteExecutor.java:81)
	at com.kms.katalon.core.main.TestCaseMain.startTestSuite(TestCaseMain.java:149)
	at com.kms.katalon.core.main.TestCaseMain$startTestSuite$0.call(Unknown Source)
	at TempTestSuite1557174337711.run(TempTestSuite1557174337711.groovy:36)
"/>
         <system-out><![CDATA[2019-05-06 16:29:37 - [TEST_CASE][FAILED] - Test Cases/OCS- HOME PAGE/Mega-menu -: Test Cases/OCS- HOME PAGE/Mega-menu - FAILED.
Reason:
com.kms.katalon.core.exception.StepFailedException: Unable to click on object 'Object Repository/mega-menu - cannabis/Page_Dried Flower  Ontario Cannabis/h3_Cannabis' (Root cause: org.openqa.selenium.NoSuchWindowException: no such window: window was already closed
  (Session info: chrome=74.0.3729.131)
  (Driver info: chromedriver=2.43.600229 (3fae4d0cda5334b4f533bede5a4787f7b832d052),platform=Mac OS X 10.13.6 x86_64) (WARNING: The server did not provide any stacktrace information)
Command duration or timeout: 0 milliseconds
Build info: version: '3.7.1', revision: '8a0099a', time: '2017-11-06T21:07:36.161Z'
System info: host: 'sumans-MacBook-Pro.local', ip: 'fe80:0:0:0:cb0:6c11:f493:d0f6%en0', os.name: 'Mac OS X', os.arch: 'x86_64', os.version: '10.13.6', java.version: '1.8.0_181'
Driver info: com.kms.katalon.selenium.driver.CChromeDriver
Capabilities {acceptInsecureCerts: false, acceptSslCerts: false, applicationCacheEnabled: false, browserConnectionEnabled: false, browserName: chrome, chrome: {chromedriverVersion: 2.43.600229 (3fae4d0cda5334..., userDataDir: /var/folders/1t/c55l8xzs6gq...}, cssSelectorsEnabled: true, databaseEnabled: false, goog:chromeOptions: {debuggerAddress: localhost:52052}, handlesAlerts: true, hasTouchScreen: false, javascriptEnabled: true, locationContextEnabled: true, mobileEmulationEnabled: false, nativeEvents: true, networkConnectionEnabled: false, pageLoadStrategy: normal, platform: MAC, platformName: MAC, rotatable: false, setWindowRect: true, takesHeapSnapshot: true, takesScreenshot: true, unexpectedAlertBehaviour: , unhandledPromptBehavior: , version: 74.0.3729.131, webStorageEnabled: true}
Session ID: 65a91808df48e3d5130a319390b86728
*** Element info: {Using=xpath, value=//div[@id='shopify-section-en-header']/header/div[2]/div/div/div/nav/ul/li/a/div/h3})
	at com.kms.katalon.core.keyword.internal.KeywordMain.stepFailed(KeywordMain.groovy:36)
	at com.kms.katalon.core.webui.keyword.internal.WebUIKeywordMain.stepFailed(WebUIKeywordMain.groovy:65)
	at com.kms.katalon.core.webui.keyword.internal.WebUIKeywordMain.runKeyword(WebUIKeywordMain.groovy:27)
	at com.kms.katalon.core.webui.keyword.builtin.ClickKeyword.click(ClickKeyword.groovy:86)
	at com.kms.katalon.core.webui.keyword.builtin.ClickKeyword.execute(ClickKeyword.groovy:67)
	at com.kms.katalon.core.keyword.internal.KeywordExecutor.executeKeywordForPlatform(KeywordExecutor.groovy:53)
	at com.kms.katalon.core.webui.keyword.WebUiBuiltInKeywords.click(WebUiBuiltInKeywords.groovy:616)
	at com.kms.katalon.core.webui.keyword.WebUiBuiltInKeywords$click$3.call(Unknown Source)
	at Mega-menu -.run(Mega-menu -:49)
	at com.kms.katalon.core.main.ScriptEngine.run(ScriptEngine.java:194)
	at com.kms.katalon.core.main.ScriptEngine.runScriptAsRawText(ScriptEngine.java:119)
	at com.kms.katalon.core.main.TestCaseExecutor.runScript(TestCaseExecutor.java:328)
	at com.kms.katalon.core.main.TestCaseExecutor.doExecute(TestCaseExecutor.java:319)
	at com.kms.katalon.core.main.TestCaseExecutor.processExecutionPhase(TestCaseExecutor.java:298)
	at com.kms.katalon.core.main.TestCaseExecutor.accessMainPhase(TestCaseExecutor.java:290)
	at com.kms.katalon.core.main.TestCaseExecutor.execute(TestCaseExecutor.java:224)
	at com.kms.katalon.core.main.TestSuiteExecutor.accessTestCaseMainPhase(TestSuiteExecutor.java:129)
	at com.kms.katalon.core.main.TestSuiteExecutor.accessTestSuiteMainPhase(TestSuiteExecutor.java:112)
	at com.kms.katalon.core.main.TestSuiteExecutor.execute(TestSuiteExecutor.java:81)
	at com.kms.katalon.core.main.TestCaseMain.startTestSuite(TestCaseMain.java:149)
	at com.kms.katalon.core.main.TestCaseMain$startTestSuite$0.call(Unknown Source)
	at TempTestSuite1557174337711.run(TempTestSuite1557174337711.groovy:36)


2019-05-06 16:29:37 - [TEST_STEP][PASSED] - openBrowser(""): Browser is opened with url: ''

2019-05-06 16:29:37 - [MESSAGE][WARNING] - A browser is already opened. Closing browser and opening a new one

2019-05-06 16:29:37 - [MESSAGE][INFO] - Starting 'Chrome' driver

2019-05-06 16:29:38 - [MESSAGE][PASSED] - Browser is opened with url: ''

2019-05-06 16:29:38 - [TEST_STEP][PASSED] - navigateToUrl("http://ocs.ca/#/verify-age"): Navigate to 'http://ocs.ca/#/verify-age' successfully

2019-05-06 16:29:42 - [MESSAGE][PASSED] - Navigate to 'http://ocs.ca/#/verify-age' successfully

2019-05-06 16:29:42 - [TEST_STEP][PASSED] - maximizeWindow(): Current window maximized

2019-05-06 16:29:42 - [MESSAGE][PASSED] - Current window maximized

2019-05-06 16:29:42 - [TEST_STEP][PASSED] - selectOptionByValue(findTestObject("Object Repository/mega-menu - cannabis/Page_Ontario Cannabis Store  Ontari/select_Select01020304050607080"), "1", true): All options with value '1' are selected in object 'Object Repository/mega-menu - cannabis/Page_Ontario Cannabis Store  Ontari/select_Select01020304050607080'  using regular expression

2019-05-06 16:29:42 - [MESSAGE][PASSED] - All options with value '1' are selected in object 'Object Repository/mega-menu - cannabis/Page_Ontario Cannabis Store  Ontari/select_Select01020304050607080'  using regular expression

2019-05-06 16:29:42 - [TEST_STEP][PASSED] - selectOptionByValue(findTestObject("Object Repository/mega-menu - cannabis/Page_Ontario Cannabis Store  Ontari/select_SelectJanuary - 01Febru"), "0", true): All options with value '0' are selected in object 'Object Repository/mega-menu - cannabis/Page_Ontario Cannabis Store  Ontari/select_SelectJanuary - 01Febru'  using regular expression

2019-05-06 16:29:42 - [MESSAGE][PASSED] - All options with value '0' are selected in object 'Object Repository/mega-menu - cannabis/Page_Ontario Cannabis Store  Ontari/select_SelectJanuary - 01Febru'  using regular expression

2019-05-06 16:29:42 - [TEST_STEP][PASSED] - selectOptionByValue(findTestObject("Object Repository/mega-menu - cannabis/Page_Ontario Cannabis Store  Ontari/select_Select20182017201620152"), "1968", true): All options with value '1968' are selected in object 'Object Repository/mega-menu - cannabis/Page_Ontario Cannabis Store  Ontari/select_Select20182017201620152'  using regular expression

2019-05-06 16:29:43 - [MESSAGE][PASSED] - All options with value '1968' are selected in object 'Object Repository/mega-menu - cannabis/Page_Ontario Cannabis Store  Ontari/select_Select20182017201620152'  using regular expression

2019-05-06 16:29:43 - [TEST_STEP][PASSED] - click(findTestObject("Object Repository/mega-menu - cannabis/Page_Ontario Cannabis Store  Ontari/button_Verify")): Object: 'Object Repository/mega-menu - cannabis/Page_Ontario Cannabis Store  Ontari/button_Verify' is clicked on

2019-05-06 16:29:44 - [MESSAGE][PASSED] - Object: 'Object Repository/mega-menu - cannabis/Page_Ontario Cannabis Store  Ontari/button_Verify' is clicked on

2019-05-06 16:29:44 - [TEST_STEP][PASSED] - click(findTestObject("Object Repository/mega-menu - cannabis/Page_Ontario Cannabis Store  Ontari/span_CONFIRM AND ACKNOWLEDGE_c")): Object: 'Object Repository/mega-menu - cannabis/Page_Ontario Cannabis Store  Ontari/span_CONFIRM AND ACKNOWLEDGE_c' is clicked on

2019-05-06 16:29:44 - [MESSAGE][PASSED] - Object: 'Object Repository/mega-menu - cannabis/Page_Ontario Cannabis Store  Ontari/span_CONFIRM AND ACKNOWLEDGE_c' is clicked on

2019-05-06 16:29:44 - [TEST_STEP][PASSED] - click(findTestObject("Object Repository/mega-menu - cannabis/Page_Ontario Cannabis Store  Ontari/button_CONFIRM")): Object: 'Object Repository/mega-menu - cannabis/Page_Ontario Cannabis Store  Ontari/button_CONFIRM' is clicked on

2019-05-06 16:29:44 - [MESSAGE][PASSED] - Object: 'Object Repository/mega-menu - cannabis/Page_Ontario Cannabis Store  Ontari/button_CONFIRM' is clicked on

2019-05-06 16:29:44 - [TEST_STEP][PASSED] - click(findTestObject("Object Repository/mega-menu - cannabis/Page_Ontario Cannabis Store  Ontari/button_Start Browsing")): Object: 'Object Repository/mega-menu - cannabis/Page_Ontario Cannabis Store  Ontari/button_Start Browsing' is clicked on

2019-05-06 16:29:44 - [MESSAGE][PASSED] - Object: 'Object Repository/mega-menu - cannabis/Page_Ontario Cannabis Store  Ontari/button_Start Browsing' is clicked on

2019-05-06 16:29:44 - [TEST_STEP][PASSED] - delay(2): Delayed 2 second(s)

2019-05-06 16:29:46 - [MESSAGE][PASSED] - Delayed 2 second(s)

2019-05-06 16:29:46 - [TEST_STEP][PASSED] - click(findTestObject("mega-menu - cannabis/Page_Ontario Cannabis Store  Ontari/h3_Cannabis")): Object: 'Object Repository/mega-menu - cannabis/Page_Ontario Cannabis Store  Ontari/h3_Cannabis' is clicked on

2019-05-06 16:29:46 - [MESSAGE][PASSED] - Object: 'Object Repository/mega-menu - cannabis/Page_Ontario Cannabis Store  Ontari/h3_Cannabis' is clicked on

2019-05-06 16:29:46 - [TEST_STEP][PASSED] - click(findTestObject("mega-menu - cannabis/Page_Ontario Cannabis Store  Ontari/h3_Cannabis")): Object: 'Object Repository/mega-menu - cannabis/Page_Ontario Cannabis Store  Ontari/h3_Cannabis' is clicked on

2019-05-06 16:29:46 - [MESSAGE][PASSED] - Object: 'Object Repository/mega-menu - cannabis/Page_Ontario Cannabis Store  Ontari/h3_Cannabis' is clicked on

2019-05-06 16:29:46 - [TEST_STEP][PASSED] - click(findTestObject("Object Repository/mega-menu - cannabis/Page_Ontario Cannabis Store  Ontari/span_Dried Flower")): Object: 'Object Repository/mega-menu - cannabis/Page_Ontario Cannabis Store  Ontari/span_Dried Flower' is clicked on

2019-05-06 16:29:48 - [MESSAGE][PASSED] - Object: 'Object Repository/mega-menu - cannabis/Page_Ontario Cannabis Store  Ontari/span_Dried Flower' is clicked on

2019-05-06 16:29:48 - [TEST_STEP][PASSED] - click(findTestObject("mega-menu - cannabis/Page_Ontario Cannabis Store  Ontari/h3_Cannabis")): Object: 'Object Repository/mega-menu - cannabis/Page_Ontario Cannabis Store  Ontari/h3_Cannabis' is clicked on

2019-05-06 16:29:48 - [MESSAGE][PASSED] - Object: 'Object Repository/mega-menu - cannabis/Page_Ontario Cannabis Store  Ontari/h3_Cannabis' is clicked on

2019-05-06 16:29:48 - [TEST_STEP][FAILED] - click(findTestObject("Object Repository/mega-menu - cannabis/Page_Dried Flower  Ontario Cannabis/h3_Cannabis")): click(findTestObject("Object Repository/mega-menu - cannabis/Page_Dried Flower  Ontario Cannabis/h3_Cannabis")) FAILED.
Reason:
com.kms.katalon.core.exception.StepFailedException: Unable to click on object 'Object Repository/mega-menu - cannabis/Page_Dried Flower  Ontario Cannabis/h3_Cannabis' (Root cause: org.openqa.selenium.NoSuchWindowException: no such window: window was already closed
  (Session info: chrome=74.0.3729.131)
  (Driver info: chromedriver=2.43.600229 (3fae4d0cda5334b4f533bede5a4787f7b832d052),platform=Mac OS X 10.13.6 x86_64) (WARNING: The server did not provide any stacktrace information)
Command duration or timeout: 0 milliseconds
Build info: version: '3.7.1', revision: '8a0099a', time: '2017-11-06T21:07:36.161Z'
System info: host: 'sumans-MacBook-Pro.local', ip: 'fe80:0:0:0:cb0:6c11:f493:d0f6%en0', os.name: 'Mac OS X', os.arch: 'x86_64', os.version: '10.13.6', java.version: '1.8.0_181'
Driver info: com.kms.katalon.selenium.driver.CChromeDriver
Capabilities {acceptInsecureCerts: false, acceptSslCerts: false, applicationCacheEnabled: false, browserConnectionEnabled: false, browserName: chrome, chrome: {chromedriverVersion: 2.43.600229 (3fae4d0cda5334..., userDataDir: /var/folders/1t/c55l8xzs6gq...}, cssSelectorsEnabled: true, databaseEnabled: false, goog:chromeOptions: {debuggerAddress: localhost:52052}, handlesAlerts: true, hasTouchScreen: false, javascriptEnabled: true, locationContextEnabled: true, mobileEmulationEnabled: false, nativeEvents: true, networkConnectionEnabled: false, pageLoadStrategy: normal, platform: MAC, platformName: MAC, rotatable: false, setWindowRect: true, takesHeapSnapshot: true, takesScreenshot: true, unexpectedAlertBehaviour: , unhandledPromptBehavior: , version: 74.0.3729.131, webStorageEnabled: true}
Session ID: 65a91808df48e3d5130a319390b86728
*** Element info: {Using=xpath, value=//div[@id='shopify-section-en-header']/header/div[2]/div/div/div/nav/ul/li/a/div/h3})
	at com.kms.katalon.core.keyword.internal.KeywordMain.stepFailed(KeywordMain.groovy:36)
	at com.kms.katalon.core.webui.keyword.internal.WebUIKeywordMain.stepFailed(WebUIKeywordMain.groovy:65)
	at com.kms.katalon.core.webui.keyword.internal.WebUIKeywordMain.runKeyword(WebUIKeywordMain.groovy:27)
	at com.kms.katalon.core.webui.keyword.builtin.ClickKeyword.click(ClickKeyword.groovy:86)
	at com.kms.katalon.core.webui.keyword.builtin.ClickKeyword.execute(ClickKeyword.groovy:67)
	at com.kms.katalon.core.keyword.internal.KeywordExecutor.executeKeywordForPlatform(KeywordExecutor.groovy:53)
	at com.kms.katalon.core.webui.keyword.WebUiBuiltInKeywords.click(WebUiBuiltInKeywords.groovy:616)
	at com.kms.katalon.core.webui.keyword.WebUiBuiltInKeywords$click$3.call(Unknown Source)
	at Mega-menu -.run(Mega-menu -:49)
	at com.kms.katalon.core.main.ScriptEngine.run(ScriptEngine.java:194)
	at com.kms.katalon.core.main.ScriptEngine.runScriptAsRawText(ScriptEngine.java:119)
	at com.kms.katalon.core.main.TestCaseExecutor.runScript(TestCaseExecutor.java:328)
	at com.kms.katalon.core.main.TestCaseExecutor.doExecute(TestCaseExecutor.java:319)
	at com.kms.katalon.core.main.TestCaseExecutor.processExecutionPhase(TestCaseExecutor.java:298)
	at com.kms.katalon.core.main.TestCaseExecutor.accessMainPhase(TestCaseExecutor.java:290)
	at com.kms.katalon.core.main.TestCaseExecutor.execute(TestCaseExecutor.java:224)
	at com.kms.katalon.core.main.TestSuiteExecutor.accessTestCaseMainPhase(TestSuiteExecutor.java:129)
	at com.kms.katalon.core.main.TestSuiteExecutor.accessTestSuiteMainPhase(TestSuiteExecutor.java:112)
	at com.kms.katalon.core.main.TestSuiteExecutor.execute(TestSuiteExecutor.java:81)
	at com.kms.katalon.core.main.TestCaseMain.startTestSuite(TestCaseMain.java:149)
	at com.kms.katalon.core.main.TestCaseMain$startTestSuite$0.call(Unknown Source)
	at TempTestSuite1557174337711.run(TempTestSuite1557174337711.groovy:36)


2019-05-06 16:30:08 - [MESSAGE][WARNING] - Cannot take screenshot

2019-05-06 16:30:08 - [MESSAGE][FAILED] - Unable to click on object 'Object Repository/mega-menu - cannabis/Page_Dried Flower  Ontario Cannabis/h3_Cannabis' (Root cause: org.openqa.selenium.NoSuchWindowException: no such window: window was already closed
  (Session info: chrome=74.0.3729.131)
  (Driver info: chromedriver=2.43.600229 (3fae4d0cda5334b4f533bede5a4787f7b832d052),platform=Mac OS X 10.13.6 x86_64) (WARNING: The server did not provide any stacktrace information)
Command duration or timeout: 0 milliseconds
Build info: version: '3.7.1', revision: '8a0099a', time: '2017-11-06T21:07:36.161Z'
System info: host: 'sumans-MacBook-Pro.local', ip: 'fe80:0:0:0:cb0:6c11:f493:d0f6%en0', os.name: 'Mac OS X', os.arch: 'x86_64', os.version: '10.13.6', java.version: '1.8.0_181'
Driver info: com.kms.katalon.selenium.driver.CChromeDriver
Capabilities {acceptInsecureCerts: false, acceptSslCerts: false, applicationCacheEnabled: false, browserConnectionEnabled: false, browserName: chrome, chrome: {chromedriverVersion: 2.43.600229 (3fae4d0cda5334..., userDataDir: /var/folders/1t/c55l8xzs6gq...}, cssSelectorsEnabled: true, databaseEnabled: false, goog:chromeOptions: {debuggerAddress: localhost:52052}, handlesAlerts: true, hasTouchScreen: false, javascriptEnabled: true, locationContextEnabled: true, mobileEmulationEnabled: false, nativeEvents: true, networkConnectionEnabled: false, pageLoadStrategy: normal, platform: MAC, platformName: MAC, rotatable: false, setWindowRect: true, takesHeapSnapshot: true, takesScreenshot: true, unexpectedAlertBehaviour: , unhandledPromptBehavior: , version: 74.0.3729.131, webStorageEnabled: true}
Session ID: 65a91808df48e3d5130a319390b86728
*** Element info: {Using=xpath, value=//div[@id='shopify-section-en-header']/header/div[2]/div/div/div/nav/ul/li/a/div/h3})

2019-05-06 16:30:08 - [MESSAGE][FAILED] - click(findTestObject("Object Repository/mega-menu - cannabis/Page_Dried Flower  Ontario Cannabis/h3_Cannabis")) FAILED.
Reason:
com.kms.katalon.core.exception.StepFailedException: Unable to click on object 'Object Repository/mega-menu - cannabis/Page_Dried Flower  Ontario Cannabis/h3_Cannabis' (Root cause: org.openqa.selenium.NoSuchWindowException: no such window: window was already closed
  (Session info: chrome=74.0.3729.131)
  (Driver info: chromedriver=2.43.600229 (3fae4d0cda5334b4f533bede5a4787f7b832d052),platform=Mac OS X 10.13.6 x86_64) (WARNING: The server did not provide any stacktrace information)
Command duration or timeout: 0 milliseconds
Build info: version: '3.7.1', revision: '8a0099a', time: '2017-11-06T21:07:36.161Z'
System info: host: 'sumans-MacBook-Pro.local', ip: 'fe80:0:0:0:cb0:6c11:f493:d0f6%en0', os.name: 'Mac OS X', os.arch: 'x86_64', os.version: '10.13.6', java.version: '1.8.0_181'
Driver info: com.kms.katalon.selenium.driver.CChromeDriver
Capabilities {acceptInsecureCerts: false, acceptSslCerts: false, applicationCacheEnabled: false, browserConnectionEnabled: false, browserName: chrome, chrome: {chromedriverVersion: 2.43.600229 (3fae4d0cda5334..., userDataDir: /var/folders/1t/c55l8xzs6gq...}, cssSelectorsEnabled: true, databaseEnabled: false, goog:chromeOptions: {debuggerAddress: localhost:52052}, handlesAlerts: true, hasTouchScreen: false, javascriptEnabled: true, locationContextEnabled: true, mobileEmulationEnabled: false, nativeEvents: true, networkConnectionEnabled: false, pageLoadStrategy: normal, platform: MAC, platformName: MAC, rotatable: false, setWindowRect: true, takesHeapSnapshot: true, takesScreenshot: true, unexpectedAlertBehaviour: , unhandledPromptBehavior: , version: 74.0.3729.131, webStorageEnabled: true}
Session ID: 65a91808df48e3d5130a319390b86728
*** Element info: {Using=xpath, value=//div[@id='shopify-section-en-header']/header/div[2]/div/div/div/nav/ul/li/a/div/h3})
	at com.kms.katalon.core.keyword.internal.KeywordMain.stepFailed(KeywordMain.groovy:36)
	at com.kms.katalon.core.webui.keyword.internal.WebUIKeywordMain.stepFailed(WebUIKeywordMain.groovy:65)
	at com.kms.katalon.core.webui.keyword.internal.WebUIKeywordMain.runKeyword(WebUIKeywordMain.groovy:27)
	at com.kms.katalon.core.webui.keyword.builtin.ClickKeyword.click(ClickKeyword.groovy:86)
	at com.kms.katalon.core.webui.keyword.builtin.ClickKeyword.execute(ClickKeyword.groovy:67)
	at com.kms.katalon.core.keyword.internal.KeywordExecutor.executeKeywordForPlatform(KeywordExecutor.groovy:53)
	at com.kms.katalon.core.webui.keyword.WebUiBuiltInKeywords.click(WebUiBuiltInKeywords.groovy:616)
	at com.kms.katalon.core.webui.keyword.WebUiBuiltInKeywords$click$3.call(Unknown Source)
	at Mega-menu -.run(Mega-menu -:49)
	at com.kms.katalon.core.main.ScriptEngine.run(ScriptEngine.java:194)
	at com.kms.katalon.core.main.ScriptEngine.runScriptAsRawText(ScriptEngine.java:119)
	at com.kms.katalon.core.main.TestCaseExecutor.runScript(TestCaseExecutor.java:328)
	at com.kms.katalon.core.main.TestCaseExecutor.doExecute(TestCaseExecutor.java:319)
	at com.kms.katalon.core.main.TestCaseExecutor.processExecutionPhase(TestCaseExecutor.java:298)
	at com.kms.katalon.core.main.TestCaseExecutor.accessMainPhase(TestCaseExecutor.java:290)
	at com.kms.katalon.core.main.TestCaseExecutor.execute(TestCaseExecutor.java:224)
	at com.kms.katalon.core.main.TestSuiteExecutor.accessTestCaseMainPhase(TestSuiteExecutor.java:129)
	at com.kms.katalon.core.main.TestSuiteExecutor.accessTestSuiteMainPhase(TestSuiteExecutor.java:112)
	at com.kms.katalon.core.main.TestSuiteExecutor.execute(TestSuiteExecutor.java:81)
	at com.kms.katalon.core.main.TestCaseMain.startTestSuite(TestCaseMain.java:149)
	at com.kms.katalon.core.main.TestCaseMain$startTestSuite$0.call(Unknown Source)
	at TempTestSuite1557174337711.run(TempTestSuite1557174337711.groovy:36)]]></system-out>
         <system-err><![CDATA[2019-05-06 16:29:37 - [TEST_CASE][FAILED] - Test Cases/OCS- HOME PAGE/Mega-menu -: Test Cases/OCS- HOME PAGE/Mega-menu - FAILED.
Reason:
com.kms.katalon.core.exception.StepFailedException: Unable to click on object 'Object Repository/mega-menu - cannabis/Page_Dried Flower  Ontario Cannabis/h3_Cannabis' (Root cause: org.openqa.selenium.NoSuchWindowException: no such window: window was already closed
  (Session info: chrome=74.0.3729.131)
  (Driver info: chromedriver=2.43.600229 (3fae4d0cda5334b4f533bede5a4787f7b832d052),platform=Mac OS X 10.13.6 x86_64) (WARNING: The server did not provide any stacktrace information)
Command duration or timeout: 0 milliseconds
Build info: version: '3.7.1', revision: '8a0099a', time: '2017-11-06T21:07:36.161Z'
System info: host: 'sumans-MacBook-Pro.local', ip: 'fe80:0:0:0:cb0:6c11:f493:d0f6%en0', os.name: 'Mac OS X', os.arch: 'x86_64', os.version: '10.13.6', java.version: '1.8.0_181'
Driver info: com.kms.katalon.selenium.driver.CChromeDriver
Capabilities {acceptInsecureCerts: false, acceptSslCerts: false, applicationCacheEnabled: false, browserConnectionEnabled: false, browserName: chrome, chrome: {chromedriverVersion: 2.43.600229 (3fae4d0cda5334..., userDataDir: /var/folders/1t/c55l8xzs6gq...}, cssSelectorsEnabled: true, databaseEnabled: false, goog:chromeOptions: {debuggerAddress: localhost:52052}, handlesAlerts: true, hasTouchScreen: false, javascriptEnabled: true, locationContextEnabled: true, mobileEmulationEnabled: false, nativeEvents: true, networkConnectionEnabled: false, pageLoadStrategy: normal, platform: MAC, platformName: MAC, rotatable: false, setWindowRect: true, takesHeapSnapshot: true, takesScreenshot: true, unexpectedAlertBehaviour: , unhandledPromptBehavior: , version: 74.0.3729.131, webStorageEnabled: true}
Session ID: 65a91808df48e3d5130a319390b86728
*** Element info: {Using=xpath, value=//div[@id='shopify-section-en-header']/header/div[2]/div/div/div/nav/ul/li/a/div/h3})
	at com.kms.katalon.core.keyword.internal.KeywordMain.stepFailed(KeywordMain.groovy:36)
	at com.kms.katalon.core.webui.keyword.internal.WebUIKeywordMain.stepFailed(WebUIKeywordMain.groovy:65)
	at com.kms.katalon.core.webui.keyword.internal.WebUIKeywordMain.runKeyword(WebUIKeywordMain.groovy:27)
	at com.kms.katalon.core.webui.keyword.builtin.ClickKeyword.click(ClickKeyword.groovy:86)
	at com.kms.katalon.core.webui.keyword.builtin.ClickKeyword.execute(ClickKeyword.groovy:67)
	at com.kms.katalon.core.keyword.internal.KeywordExecutor.executeKeywordForPlatform(KeywordExecutor.groovy:53)
	at com.kms.katalon.core.webui.keyword.WebUiBuiltInKeywords.click(WebUiBuiltInKeywords.groovy:616)
	at com.kms.katalon.core.webui.keyword.WebUiBuiltInKeywords$click$3.call(Unknown Source)
	at Mega-menu -.run(Mega-menu -:49)
	at com.kms.katalon.core.main.ScriptEngine.run(ScriptEngine.java:194)
	at com.kms.katalon.core.main.ScriptEngine.runScriptAsRawText(ScriptEngine.java:119)
	at com.kms.katalon.core.main.TestCaseExecutor.runScript(TestCaseExecutor.java:328)
	at com.kms.katalon.core.main.TestCaseExecutor.doExecute(TestCaseExecutor.java:319)
	at com.kms.katalon.core.main.TestCaseExecutor.processExecutionPhase(TestCaseExecutor.java:298)
	at com.kms.katalon.core.main.TestCaseExecutor.accessMainPhase(TestCaseExecutor.java:290)
	at com.kms.katalon.core.main.TestCaseExecutor.execute(TestCaseExecutor.java:224)
	at com.kms.katalon.core.main.TestSuiteExecutor.accessTestCaseMainPhase(TestSuiteExecutor.java:129)
	at com.kms.katalon.core.main.TestSuiteExecutor.accessTestSuiteMainPhase(TestSuiteExecutor.java:112)
	at com.kms.katalon.core.main.TestSuiteExecutor.execute(TestSuiteExecutor.java:81)
	at com.kms.katalon.core.main.TestCaseMain.startTestSuite(TestCaseMain.java:149)
	at com.kms.katalon.core.main.TestCaseMain$startTestSuite$0.call(Unknown Source)
	at TempTestSuite1557174337711.run(TempTestSuite1557174337711.groovy:36)]]></system-err>
      </testcase>
      <testcase name="Test Cases/OCS- HOME PAGE/HP- Mega menu-Hover- Learn" classname="Test Cases/OCS- HOME PAGE/HP- Mega menu-Hover- Learn" status="PASSED">
         <system-out><![CDATA[2019-05-06 16:30:08 - [TEST_CASE][PASSED] - Test Cases/OCS- HOME PAGE/HP- Mega menu-Hover- Learn: Test Cases/OCS- HOME PAGE/HP- Mega menu-Hover- Learn

2019-05-06 16:30:08 - [TEST_STEP][PASSED] - openBrowser(""): Browser is opened with url: ''

2019-05-06 16:30:08 - [MESSAGE][WARNING] - A browser is already opened. Closing browser and opening a new one

2019-05-06 16:30:09 - [MESSAGE][INFO] - Starting 'Chrome' driver

2019-05-06 16:30:10 - [MESSAGE][PASSED] - Browser is opened with url: ''

2019-05-06 16:30:10 - [TEST_STEP][PASSED] - navigateToUrl("https://ocs.ca/?fts=0&preview_theme_id=53372913484"): Navigate to 'https://ocs.ca/?fts=0&preview_theme_id=53372913484' successfully

2019-05-06 16:30:14 - [MESSAGE][PASSED] - Navigate to 'https://ocs.ca/?fts=0&preview_theme_id=53372913484' successfully

2019-05-06 16:30:14 - [TEST_STEP][PASSED] - maximizeWindow(): Current window maximized

2019-05-06 16:30:15 - [MESSAGE][PASSED] - Current window maximized

2019-05-06 16:30:15 - [TEST_STEP][PASSED] - selectOptionByValue(findTestObject("Object Repository/Learn_OR/Page_Ontario Cannabis Store  Ontari/select_Select01020304050607080"), "1", true): All options with value '1' are selected in object 'Object Repository/Learn_OR/Page_Ontario Cannabis Store  Ontari/select_Select01020304050607080'  using regular expression

2019-05-06 16:30:15 - [MESSAGE][PASSED] - All options with value '1' are selected in object 'Object Repository/Learn_OR/Page_Ontario Cannabis Store  Ontari/select_Select01020304050607080'  using regular expression

2019-05-06 16:30:15 - [TEST_STEP][PASSED] - selectOptionByValue(findTestObject("Object Repository/Learn_OR/Page_Ontario Cannabis Store  Ontari/select_SelectJanuary - 01Febru"), "0", true): All options with value '0' are selected in object 'Object Repository/Learn_OR/Page_Ontario Cannabis Store  Ontari/select_SelectJanuary - 01Febru'  using regular expression

2019-05-06 16:30:15 - [MESSAGE][PASSED] - All options with value '0' are selected in object 'Object Repository/Learn_OR/Page_Ontario Cannabis Store  Ontari/select_SelectJanuary - 01Febru'  using regular expression

2019-05-06 16:30:15 - [TEST_STEP][PASSED] - selectOptionByValue(findTestObject("Object Repository/Learn_OR/Page_Ontario Cannabis Store  Ontari/select_Select20182017201620152"), "1968", true): All options with value '1968' are selected in object 'Object Repository/Learn_OR/Page_Ontario Cannabis Store  Ontari/select_Select20182017201620152'  using regular expression

2019-05-06 16:30:16 - [MESSAGE][PASSED] - All options with value '1968' are selected in object 'Object Repository/Learn_OR/Page_Ontario Cannabis Store  Ontari/select_Select20182017201620152'  using regular expression

2019-05-06 16:30:16 - [TEST_STEP][PASSED] - click(findTestObject("Object Repository/Learn_OR/Page_Ontario Cannabis Store  Ontari/button_Verify")): Object: 'Object Repository/Learn_OR/Page_Ontario Cannabis Store  Ontari/button_Verify' is clicked on

2019-05-06 16:30:16 - [MESSAGE][PASSED] - Object: 'Object Repository/Learn_OR/Page_Ontario Cannabis Store  Ontari/button_Verify' is clicked on

2019-05-06 16:30:16 - [TEST_STEP][PASSED] - click(findTestObject("Object Repository/Learn_OR/Page_Ontario Cannabis Store  Ontari/span_CONFIRM AND ACKNOWLEDGE_c")): Object: 'Object Repository/Learn_OR/Page_Ontario Cannabis Store  Ontari/span_CONFIRM AND ACKNOWLEDGE_c' is clicked on

2019-05-06 16:30:16 - [MESSAGE][PASSED] - Object: 'Object Repository/Learn_OR/Page_Ontario Cannabis Store  Ontari/span_CONFIRM AND ACKNOWLEDGE_c' is clicked on

2019-05-06 16:30:16 - [TEST_STEP][PASSED] - click(findTestObject("Object Repository/Learn_OR/Page_Ontario Cannabis Store  Ontari/button_CONFIRM")): Object: 'Object Repository/Learn_OR/Page_Ontario Cannabis Store  Ontari/button_CONFIRM' is clicked on

2019-05-06 16:30:16 - [MESSAGE][PASSED] - Object: 'Object Repository/Learn_OR/Page_Ontario Cannabis Store  Ontari/button_CONFIRM' is clicked on

2019-05-06 16:30:16 - [TEST_STEP][PASSED] - click(findTestObject("Object Repository/Learn_OR/Page_Ontario Cannabis Store  Ontari/button_Start Browsing")): Object: 'Object Repository/Learn_OR/Page_Ontario Cannabis Store  Ontari/button_Start Browsing' is clicked on

2019-05-06 16:30:16 - [MESSAGE][PASSED] - Object: 'Object Repository/Learn_OR/Page_Ontario Cannabis Store  Ontari/button_Start Browsing' is clicked on

2019-05-06 16:30:16 - [TEST_STEP][PASSED] - mouseOver(findTestObject("Learn_spy/Page_Ontario Cannabis Store  Ontari/h3_Learn")): Object: 'Object Repository/Learn_spy/Page_Ontario Cannabis Store  Ontari/h3_Learn' is hovered

2019-05-06 16:30:17 - [MESSAGE][PASSED] - Object: 'Object Repository/Learn_spy/Page_Ontario Cannabis Store  Ontari/h3_Learn' is hovered

2019-05-06 16:30:17 - [TEST_STEP][PASSED] - delay(2): Delayed 2 second(s)

2019-05-06 16:30:19 - [MESSAGE][PASSED] - Delayed 2 second(s)

2019-05-06 16:30:19 - [TEST_STEP][PASSED] - click(findTestObject("Object Repository/Learn_OR/Page_Ontario Cannabis Store  Ontari/span_How Cannabis Works")): Object: 'Object Repository/Learn_OR/Page_Ontario Cannabis Store  Ontari/span_How Cannabis Works' is clicked on

2019-05-06 16:30:21 - [MESSAGE][PASSED] - Object: 'Object Repository/Learn_OR/Page_Ontario Cannabis Store  Ontari/span_How Cannabis Works' is clicked on

2019-05-06 16:30:21 - [TEST_STEP][PASSED] - verifyTextPresent("The human reaction to cannabis.", false): Text 'The human reaction to cannabis.' is present on page 

2019-05-06 16:30:22 - [MESSAGE][PASSED] - Text 'The human reaction to cannabis.' is present on page 

2019-05-06 16:30:22 - [TEST_STEP][PASSED] - click(findTestObject("Learn_spy/Page_Ontario Cannabis Store  Ontari/h3_Learn")): Object: 'Object Repository/Learn_spy/Page_Ontario Cannabis Store  Ontari/h3_Learn' is clicked on

2019-05-06 16:30:22 - [MESSAGE][PASSED] - Object: 'Object Repository/Learn_spy/Page_Ontario Cannabis Store  Ontari/h3_Learn' is clicked on

2019-05-06 16:30:22 - [TEST_STEP][PASSED] - click(findTestObject("Object Repository/Learn_OR/Page_How Cannabis Works  Ontario Ca/span_Endocannabinoids")): Object: 'Object Repository/Learn_OR/Page_How Cannabis Works  Ontario Ca/span_Endocannabinoids' is clicked on

2019-05-06 16:30:25 - [MESSAGE][PASSED] - Object: 'Object Repository/Learn_OR/Page_How Cannabis Works  Ontario Ca/span_Endocannabinoids' is clicked on

2019-05-06 16:30:25 - [TEST_STEP][PASSED] - verifyTextPresent("The Endocannabinoid System", true): Text 'The Endocannabinoid System' is present on page  using regular expression

2019-05-06 16:30:25 - [MESSAGE][PASSED] - Text 'The Endocannabinoid System' is present on page  using regular expression

2019-05-06 16:30:25 - [TEST_STEP][PASSED] - click(findTestObject("Learn_spy/Page_Ontario Cannabis Store  Ontari/h3_Learn")): Object: 'Object Repository/Learn_spy/Page_Ontario Cannabis Store  Ontari/h3_Learn' is clicked on

2019-05-06 16:30:25 - [MESSAGE][PASSED] - Object: 'Object Repository/Learn_spy/Page_Ontario Cannabis Store  Ontari/h3_Learn' is clicked on

2019-05-06 16:30:25 - [TEST_STEP][PASSED] - click(findTestObject("Object Repository/Learn_OR/Page_The Endocannabinoid System  On/span_The Effects of Cannabis")): Object: 'Object Repository/Learn_OR/Page_The Endocannabinoid System  On/span_The Effects of Cannabis' is clicked on

2019-05-06 16:30:28 - [MESSAGE][PASSED] - Object: 'Object Repository/Learn_OR/Page_The Endocannabinoid System  On/span_The Effects of Cannabis' is clicked on

2019-05-06 16:30:28 - [TEST_STEP][PASSED] - verifyTextPresent("The Effects of Cannabis", true): Text 'The Effects of Cannabis' is present on page  using regular expression

2019-05-06 16:30:28 - [MESSAGE][PASSED] - Text 'The Effects of Cannabis' is present on page  using regular expression

2019-05-06 16:30:28 - [TEST_STEP][PASSED] - click(findTestObject("Learn_spy/Page_Ontario Cannabis Store  Ontari/h3_Learn")): Object: 'Object Repository/Learn_spy/Page_Ontario Cannabis Store  Ontari/h3_Learn' is clicked on

2019-05-06 16:30:28 - [MESSAGE][PASSED] - Object: 'Object Repository/Learn_spy/Page_Ontario Cannabis Store  Ontari/h3_Learn' is clicked on

2019-05-06 16:30:28 - [TEST_STEP][PASSED] - click(findTestObject("Object Repository/Learn_OR/Page_The Effects of Cannabis  Ontar/a_Read More")): Object: 'Object Repository/Learn_OR/Page_The Effects of Cannabis  Ontar/a_Read More' is clicked on

2019-05-06 16:30:31 - [MESSAGE][PASSED] - Object: 'Object Repository/Learn_OR/Page_The Effects of Cannabis  Ontar/a_Read More' is clicked on

2019-05-06 16:30:31 - [TEST_STEP][PASSED] - verifyTextPresent("The human reaction to cannabis.", true): Text 'The human reaction to cannabis.' is present on page  using regular expression

2019-05-06 16:30:31 - [MESSAGE][PASSED] - Text 'The human reaction to cannabis.' is present on page  using regular expression

2019-05-06 16:30:31 - [TEST_STEP][PASSED] - click(findTestObject("Learn_spy/Page_Ontario Cannabis Store  Ontari/h3_Learn")): Object: 'Object Repository/Learn_spy/Page_Ontario Cannabis Store  Ontari/h3_Learn' is clicked on

2019-05-06 16:30:31 - [MESSAGE][PASSED] - Object: 'Object Repository/Learn_spy/Page_Ontario Cannabis Store  Ontari/h3_Learn' is clicked on

2019-05-06 16:30:31 - [TEST_STEP][PASSED] - click(findTestObject("Object Repository/Learn_OR/Page_How Cannabis Works  Ontario Ca/span_Cannabis Anatomy")): Object: 'Object Repository/Learn_OR/Page_How Cannabis Works  Ontario Ca/span_Cannabis Anatomy' is clicked on

2019-05-06 16:30:35 - [MESSAGE][PASSED] - Object: 'Object Repository/Learn_OR/Page_How Cannabis Works  Ontario Ca/span_Cannabis Anatomy' is clicked on

2019-05-06 16:30:35 - [TEST_STEP][PASSED] - verifyTextPresent("Cannabis Anatomy", true): Text 'Cannabis Anatomy' is present on page  using regular expression

2019-05-06 16:30:35 - [MESSAGE][PASSED] - Text 'Cannabis Anatomy' is present on page  using regular expression

2019-05-06 16:30:35 - [TEST_STEP][PASSED] - click(findTestObject("Learn_spy/Page_Ontario Cannabis Store  Ontari/h3_Learn")): Object: 'Object Repository/Learn_spy/Page_Ontario Cannabis Store  Ontari/h3_Learn' is clicked on

2019-05-06 16:30:35 - [MESSAGE][PASSED] - Object: 'Object Repository/Learn_spy/Page_Ontario Cannabis Store  Ontari/h3_Learn' is clicked on

2019-05-06 16:30:35 - [TEST_STEP][PASSED] - click(findTestObject("Object Repository/Learn_OR/Page_Cannabis Anatomy  Ontario Cann/span_Cannabis Plant Types")): Object: 'Object Repository/Learn_OR/Page_Cannabis Anatomy  Ontario Cann/span_Cannabis Plant Types' is clicked on

2019-05-06 16:30:38 - [MESSAGE][PASSED] - Object: 'Object Repository/Learn_OR/Page_Cannabis Anatomy  Ontario Cann/span_Cannabis Plant Types' is clicked on

2019-05-06 16:30:38 - [TEST_STEP][PASSED] - verifyTextPresent("Cannabis Plant Types", true): Text 'Cannabis Plant Types' is present on page  using regular expression

2019-05-06 16:30:38 - [MESSAGE][PASSED] - Text 'Cannabis Plant Types' is present on page  using regular expression

2019-05-06 16:30:38 - [TEST_STEP][PASSED] - click(findTestObject("Object Repository/Learn_OR/Page_Cannabis Plant Types  Ontario/h3_Learn")): Object: 'Object Repository/Learn_OR/Page_Cannabis Plant Types  Ontario/h3_Learn' is clicked on

2019-05-06 16:30:38 - [MESSAGE][PASSED] - Object: 'Object Repository/Learn_OR/Page_Cannabis Plant Types  Ontario/h3_Learn' is clicked on

2019-05-06 16:30:38 - [TEST_STEP][PASSED] - click(findTestObject("Object Repository/Learn_OR/Page_Cannabis Plant Types  Ontario/span_Terpenes")): Object: 'Object Repository/Learn_OR/Page_Cannabis Plant Types  Ontario/span_Terpenes' is clicked on

2019-05-06 16:30:41 - [MESSAGE][PASSED] - Object: 'Object Repository/Learn_OR/Page_Cannabis Plant Types  Ontario/span_Terpenes' is clicked on

2019-05-06 16:30:41 - [TEST_STEP][PASSED] - verifyTextPresent("Terpenes give cannabis strains their unique aromas.", true): Text 'Terpenes give cannabis strains their unique aromas.' is present on page  using regular expression

2019-05-06 16:30:41 - [MESSAGE][PASSED] - Text 'Terpenes give cannabis strains their unique aromas.' is present on page  using regular expression

2019-05-06 16:30:41 - [TEST_STEP][PASSED] - click(findTestObject("Learn_spy/Page_Ontario Cannabis Store  Ontari/h3_Learn")): Object: 'Object Repository/Learn_spy/Page_Ontario Cannabis Store  Ontari/h3_Learn' is clicked on

2019-05-06 16:30:41 - [MESSAGE][PASSED] - Object: 'Object Repository/Learn_spy/Page_Ontario Cannabis Store  Ontari/h3_Learn' is clicked on

2019-05-06 16:30:41 - [TEST_STEP][PASSED] - click(findTestObject("Object Repository/Learn_OR/Page_Terpenes  Ontario Cannabis Sto/a_Read More")): Object: 'Object Repository/Learn_OR/Page_Terpenes  Ontario Cannabis Sto/a_Read More' is clicked on

2019-05-06 16:30:43 - [MESSAGE][PASSED] - Object: 'Object Repository/Learn_OR/Page_Terpenes  Ontario Cannabis Sto/a_Read More' is clicked on

2019-05-06 16:30:43 - [TEST_STEP][PASSED] - verifyTextPresent("The components of a complex plant.", true): Text 'The components of a complex plant.' is present on page  using regular expression

2019-05-06 16:30:43 - [MESSAGE][PASSED] - Text 'The components of a complex plant.' is present on page  using regular expression

2019-05-06 16:30:43 - [TEST_STEP][PASSED] - click(findTestObject("Learn_spy/Page_Ontario Cannabis Store  Ontari/h3_Learn")): Object: 'Object Repository/Learn_spy/Page_Ontario Cannabis Store  Ontari/h3_Learn' is clicked on

2019-05-06 16:30:43 - [MESSAGE][PASSED] - Object: 'Object Repository/Learn_spy/Page_Ontario Cannabis Store  Ontari/h3_Learn' is clicked on

2019-05-06 16:30:43 - [TEST_STEP][PASSED] - click(findTestObject("Object Repository/Learn_OR/Page_Cannabis Anatomy  Ontario Cann/span_Cannabis Consumption")): Object: 'Object Repository/Learn_OR/Page_Cannabis Anatomy  Ontario Cann/span_Cannabis Consumption' is clicked on

2019-05-06 16:30:46 - [MESSAGE][PASSED] - Object: 'Object Repository/Learn_OR/Page_Cannabis Anatomy  Ontario Cann/span_Cannabis Consumption' is clicked on

2019-05-06 16:30:46 - [TEST_STEP][PASSED] - verifyTextPresent("Facts About Cannabis Consumption", true): Text 'Facts About Cannabis Consumption' is present on page  using regular expression

2019-05-06 16:30:46 - [MESSAGE][PASSED] - Text 'Facts About Cannabis Consumption' is present on page  using regular expression

2019-05-06 16:30:46 - [TEST_STEP][PASSED] - click(findTestObject("Learn_spy/Page_Ontario Cannabis Store  Ontari/h3_Learn")): Object: 'Object Repository/Learn_spy/Page_Ontario Cannabis Store  Ontari/h3_Learn' is clicked on

2019-05-06 16:30:47 - [MESSAGE][PASSED] - Object: 'Object Repository/Learn_spy/Page_Ontario Cannabis Store  Ontari/h3_Learn' is clicked on

2019-05-06 16:30:47 - [TEST_STEP][PASSED] - click(findTestObject("Object Repository/Learn_OR/Page_Facts About Cannabis Consumpti/span_Methods of Consumption")): Object: 'Object Repository/Learn_OR/Page_Facts About Cannabis Consumpti/span_Methods of Consumption' is clicked on

2019-05-06 16:30:49 - [MESSAGE][PASSED] - Object: 'Object Repository/Learn_OR/Page_Facts About Cannabis Consumpti/span_Methods of Consumption' is clicked on

2019-05-06 16:30:49 - [TEST_STEP][PASSED] - verifyTextPresent("Methods of Consumption", true): Text 'Methods of Consumption' is present on page  using regular expression

2019-05-06 16:30:49 - [MESSAGE][PASSED] - Text 'Methods of Consumption' is present on page  using regular expression

2019-05-06 16:30:49 - [TEST_STEP][PASSED] - click(findTestObject("Learn_spy/Page_Ontario Cannabis Store  Ontari/h3_Learn")): Object: 'Object Repository/Learn_spy/Page_Ontario Cannabis Store  Ontari/h3_Learn' is clicked on

2019-05-06 16:30:50 - [MESSAGE][PASSED] - Object: 'Object Repository/Learn_spy/Page_Ontario Cannabis Store  Ontari/h3_Learn' is clicked on

2019-05-06 16:30:50 - [TEST_STEP][NOT_RUN] - click(findTestObject("Object Repository/Learn_OR/Page_Methods of Consumption  Ontari/li_LearnLearnHow Cannabis Work")): NOT_RUN: click(findTestObject("Object Repository/Learn_OR/Page_Methods of Consumption  Ontari/li_LearnLearnHow Cannabis Work"))

2019-05-06 16:30:50 - [MESSAGE][NOT_RUN] - NOT_RUN: click(findTestObject("Object Repository/Learn_OR/Page_Methods of Consumption  Ontari/li_LearnLearnHow Cannabis Work"))

2019-05-06 16:30:50 - [TEST_STEP][NOT_RUN] - verifyTextPresent("The Endocannabinoid System", true): NOT_RUN: verifyTextPresent("The Endocannabinoid System", true)

2019-05-06 16:30:50 - [MESSAGE][NOT_RUN] - NOT_RUN: verifyTextPresent("The Endocannabinoid System", true)

2019-05-06 16:30:50 - [TEST_STEP][PASSED] - click(findTestObject("Object Repository/Learn_OR/Page_Methods of Consumption  Ontari/span_Tips for Responsible Use")): Object: 'Object Repository/Learn_OR/Page_Methods of Consumption  Ontari/span_Tips for Responsible Use' is clicked on

2019-05-06 16:30:52 - [MESSAGE][PASSED] - Object: 'Object Repository/Learn_OR/Page_Methods of Consumption  Ontari/span_Tips for Responsible Use' is clicked on

2019-05-06 16:30:52 - [TEST_STEP][PASSED] - verifyTextPresent("Tips for Responsible Use", true): Text 'Tips for Responsible Use' is present on page  using regular expression

2019-05-06 16:30:52 - [MESSAGE][PASSED] - Text 'Tips for Responsible Use' is present on page  using regular expression

2019-05-06 16:30:52 - [TEST_STEP][PASSED] - click(findTestObject("Learn_spy/Page_Ontario Cannabis Store  Ontari/h3_Learn")): Object: 'Object Repository/Learn_spy/Page_Ontario Cannabis Store  Ontari/h3_Learn' is clicked on

2019-05-06 16:30:52 - [MESSAGE][PASSED] - Object: 'Object Repository/Learn_spy/Page_Ontario Cannabis Store  Ontari/h3_Learn' is clicked on

2019-05-06 16:30:52 - [TEST_STEP][PASSED] - click(findTestObject("Object Repository/Learn_OR/Page_Tips for Responsible Use  Onta/a_Read More")): Object: 'Object Repository/Learn_OR/Page_Tips for Responsible Use  Onta/a_Read More' is clicked on

2019-05-06 16:30:55 - [MESSAGE][PASSED] - Object: 'Object Repository/Learn_OR/Page_Tips for Responsible Use  Onta/a_Read More' is clicked on

2019-05-06 16:30:55 - [TEST_STEP][PASSED] - verifyTextPresent("Tips for Responsible Use", true): Text 'Tips for Responsible Use' is present on page  using regular expression

2019-05-06 16:30:55 - [MESSAGE][PASSED] - Text 'Tips for Responsible Use' is present on page  using regular expression

2019-05-06 16:30:55 - [TEST_STEP][PASSED] - click(findTestObject("Learn_spy/Page_Ontario Cannabis Store  Ontari/h3_Learn")): Object: 'Object Repository/Learn_spy/Page_Ontario Cannabis Store  Ontari/h3_Learn' is clicked on

2019-05-06 16:30:56 - [MESSAGE][PASSED] - Object: 'Object Repository/Learn_spy/Page_Ontario Cannabis Store  Ontari/h3_Learn' is clicked on

2019-05-06 16:30:56 - [TEST_STEP][PASSED] - click(findTestObject("Object Repository/Learn_OR/Page_Facts About Cannabis Consumpti/span_How to Choose Cannabis Pr")): Object: 'Object Repository/Learn_OR/Page_Facts About Cannabis Consumpti/span_How to Choose Cannabis Pr' is clicked on

2019-05-06 16:30:58 - [MESSAGE][PASSED] - Object: 'Object Repository/Learn_OR/Page_Facts About Cannabis Consumpti/span_How to Choose Cannabis Pr' is clicked on

2019-05-06 16:30:58 - [TEST_STEP][PASSED] - verifyTextPresent("How To Choose Cannabis Products", true): Text 'How To Choose Cannabis Products' is present on page  using regular expression

2019-05-06 16:30:58 - [MESSAGE][PASSED] - Text 'How To Choose Cannabis Products' is present on page  using regular expression

2019-05-06 16:30:58 - [TEST_STEP][PASSED] - click(findTestObject("Learn_spy/Page_Ontario Cannabis Store  Ontari/h3_Learn")): Object: 'Object Repository/Learn_spy/Page_Ontario Cannabis Store  Ontari/h3_Learn' is clicked on

2019-05-06 16:30:59 - [MESSAGE][PASSED] - Object: 'Object Repository/Learn_spy/Page_Ontario Cannabis Store  Ontari/h3_Learn' is clicked on

2019-05-06 16:30:59 - [TEST_STEP][PASSED] - click(findTestObject("Object Repository/Learn_OR/Page_How To Choose Cannabis Product/span_Factors in Choosing Canna")): Object: 'Object Repository/Learn_OR/Page_How To Choose Cannabis Product/span_Factors in Choosing Canna' is clicked on

2019-05-06 16:31:01 - [MESSAGE][PASSED] - Object: 'Object Repository/Learn_OR/Page_How To Choose Cannabis Product/span_Factors in Choosing Canna' is clicked on

2019-05-06 16:31:01 - [TEST_STEP][PASSED] - verifyTextPresent("Factors in Choosing Cannabis Products", true): Text 'Factors in Choosing Cannabis Products' is present on page  using regular expression

2019-05-06 16:31:02 - [MESSAGE][PASSED] - Text 'Factors in Choosing Cannabis Products' is present on page  using regular expression

2019-05-06 16:31:02 - [TEST_STEP][PASSED] - click(findTestObject("Learn_spy/Page_Ontario Cannabis Store  Ontari/h3_Learn")): Object: 'Object Repository/Learn_spy/Page_Ontario Cannabis Store  Ontari/h3_Learn' is clicked on

2019-05-06 16:31:02 - [MESSAGE][PASSED] - Object: 'Object Repository/Learn_spy/Page_Ontario Cannabis Store  Ontari/h3_Learn' is clicked on

2019-05-06 16:31:02 - [TEST_STEP][PASSED] - click(findTestObject("Object Repository/Learn_OR/Page_Factors in Choosing Cannabis P/a_Read More")): Object: 'Object Repository/Learn_OR/Page_Factors in Choosing Cannabis P/a_Read More' is clicked on

2019-05-06 16:31:04 - [MESSAGE][PASSED] - Object: 'Object Repository/Learn_OR/Page_Factors in Choosing Cannabis P/a_Read More' is clicked on

2019-05-06 16:31:04 - [TEST_STEP][PASSED] - verifyTextPresent("Facts to inform your choices.", true): Text 'Facts to inform your choices.' is present on page  using regular expression

2019-05-06 16:31:04 - [MESSAGE][PASSED] - Text 'Facts to inform your choices.' is present on page  using regular expression

2019-05-06 16:31:04 - [TEST_STEP][PASSED] - click(findTestObject("Object Repository/Learn_OR/Page_How To Choose Cannabis Product/h3_Learn")): Object: 'Object Repository/Learn_OR/Page_How To Choose Cannabis Product/h3_Learn' is clicked on

2019-05-06 16:31:04 - [MESSAGE][PASSED] - Object: 'Object Repository/Learn_OR/Page_How To Choose Cannabis Product/h3_Learn' is clicked on

2019-05-06 16:31:04 - [TEST_STEP][PASSED] - click(findTestObject("Object Repository/Learn_OR/Page_How To Choose Cannabis Product/span_Buying Cannabis at OCS")): Object: 'Object Repository/Learn_OR/Page_How To Choose Cannabis Product/span_Buying Cannabis at OCS' is clicked on

2019-05-06 16:31:07 - [MESSAGE][PASSED] - Object: 'Object Repository/Learn_OR/Page_How To Choose Cannabis Product/span_Buying Cannabis at OCS' is clicked on

2019-05-06 16:31:07 - [TEST_STEP][PASSED] - verifyTextPresent("Buying Cannabis at OCS", true): Text 'Buying Cannabis at OCS' is present on page  using regular expression

2019-05-06 16:31:07 - [MESSAGE][PASSED] - Text 'Buying Cannabis at OCS' is present on page  using regular expression

2019-05-06 16:31:07 - [TEST_STEP][PASSED] - click(findTestObject("Learn_spy/Page_Ontario Cannabis Store  Ontari/h3_Learn")): Object: 'Object Repository/Learn_spy/Page_Ontario Cannabis Store  Ontari/h3_Learn' is clicked on

2019-05-06 16:31:07 - [MESSAGE][PASSED] - Object: 'Object Repository/Learn_spy/Page_Ontario Cannabis Store  Ontari/h3_Learn' is clicked on

2019-05-06 16:31:07 - [TEST_STEP][PASSED] - click(findTestObject("Object Repository/Learn_OR/Page_Buying Cannabis at OCS  Ontari/span_Why Legal Cannabis Costs")): Object: 'Object Repository/Learn_OR/Page_Buying Cannabis at OCS  Ontari/span_Why Legal Cannabis Costs' is clicked on

2019-05-06 16:31:11 - [MESSAGE][PASSED] - Object: 'Object Repository/Learn_OR/Page_Buying Cannabis at OCS  Ontari/span_Why Legal Cannabis Costs' is clicked on

2019-05-06 16:31:11 - [TEST_STEP][PASSED] - verifyTextPresent("Four Reasons Why Legal Cannabis Costs More", true): Text 'Four Reasons Why Legal Cannabis Costs More' is present on page  using regular expression

2019-05-06 16:31:11 - [MESSAGE][PASSED] - Text 'Four Reasons Why Legal Cannabis Costs More' is present on page  using regular expression

2019-05-06 16:31:11 - [TEST_STEP][PASSED] - click(findTestObject("Learn_spy/Page_Ontario Cannabis Store  Ontari/h3_Learn")): Object: 'Object Repository/Learn_spy/Page_Ontario Cannabis Store  Ontari/h3_Learn' is clicked on

2019-05-06 16:31:11 - [MESSAGE][PASSED] - Object: 'Object Repository/Learn_spy/Page_Ontario Cannabis Store  Ontari/h3_Learn' is clicked on

2019-05-06 16:31:11 - [TEST_STEP][PASSED] - click(findTestObject("Object Repository/Learn_OR/Page_Four Reasons Why Legal Cannabi/span_Shopping Shipping  Delive")): Object: 'Object Repository/Learn_OR/Page_Four Reasons Why Legal Cannabi/span_Shopping Shipping  Delive' is clicked on

2019-05-06 16:31:14 - [MESSAGE][PASSED] - Object: 'Object Repository/Learn_OR/Page_Four Reasons Why Legal Cannabi/span_Shopping Shipping  Delive' is clicked on

2019-05-06 16:31:14 - [TEST_STEP][PASSED] - verifyTextPresent("Shopping, Shipping & Delivery", true): Text 'Shopping, Shipping & Delivery' is present on page  using regular expression

2019-05-06 16:31:14 - [MESSAGE][PASSED] - Text 'Shopping, Shipping & Delivery' is present on page  using regular expression

2019-05-06 16:31:14 - [TEST_STEP][PASSED] - click(findTestObject("Learn_spy/Page_Ontario Cannabis Store  Ontari/h3_Learn")): Object: 'Object Repository/Learn_spy/Page_Ontario Cannabis Store  Ontari/h3_Learn' is clicked on

2019-05-06 16:31:14 - [MESSAGE][PASSED] - Object: 'Object Repository/Learn_spy/Page_Ontario Cannabis Store  Ontari/h3_Learn' is clicked on

2019-05-06 16:31:14 - [TEST_STEP][PASSED] - click(findTestObject("Object Repository/Learn_OR/Page_Shopping Shipping  Delivery  O/span_Privacy at OCS")): Object: 'Object Repository/Learn_OR/Page_Shopping Shipping  Delivery  O/span_Privacy at OCS' is clicked on

2019-05-06 16:31:17 - [MESSAGE][PASSED] - Object: 'Object Repository/Learn_OR/Page_Shopping Shipping  Delivery  O/span_Privacy at OCS' is clicked on

2019-05-06 16:31:17 - [TEST_STEP][PASSED] - verifyTextPresent("Privacy at OCS", true): Text 'Privacy at OCS' is present on page  using regular expression

2019-05-06 16:31:17 - [MESSAGE][PASSED] - Text 'Privacy at OCS' is present on page  using regular expression

2019-05-06 16:31:17 - [TEST_STEP][PASSED] - click(findTestObject("Learn_spy/Page_Ontario Cannabis Store  Ontari/h3_Learn")): Object: 'Object Repository/Learn_spy/Page_Ontario Cannabis Store  Ontari/h3_Learn' is clicked on

2019-05-06 16:31:17 - [MESSAGE][PASSED] - Object: 'Object Repository/Learn_spy/Page_Ontario Cannabis Store  Ontari/h3_Learn' is clicked on

2019-05-06 16:31:17 - [TEST_STEP][PASSED] - click(findTestObject("Object Repository/Learn_OR/Page_Privacy at OCS  Ontario Cannab/a_Read More")): Object: 'Object Repository/Learn_OR/Page_Privacy at OCS  Ontario Cannab/a_Read More' is clicked on

2019-05-06 16:31:21 - [MESSAGE][PASSED] - Object: 'Object Repository/Learn_OR/Page_Privacy at OCS  Ontario Cannab/a_Read More' is clicked on

2019-05-06 16:31:21 - [TEST_STEP][PASSED] - verifyTextPresent("How and why to shop with us.", true): Text 'How and why to shop with us.' is present on page  using regular expression

2019-05-06 16:31:21 - [MESSAGE][PASSED] - Text 'How and why to shop with us.' is present on page  using regular expression

2019-05-06 16:31:21 - [TEST_STEP][PASSED] - click(findTestObject("Learn_spy/Page_Ontario Cannabis Store  Ontari/h3_Learn")): Object: 'Object Repository/Learn_spy/Page_Ontario Cannabis Store  Ontari/h3_Learn' is clicked on

2019-05-06 16:31:21 - [MESSAGE][PASSED] - Object: 'Object Repository/Learn_spy/Page_Ontario Cannabis Store  Ontari/h3_Learn' is clicked on

2019-05-06 16:31:21 - [TEST_STEP][PASSED] - click(findTestObject("Object Repository/Learn_OR/Page_Buying Cannabis at OCS  Ontari/span_Whats Legal")): Object: 'Object Repository/Learn_OR/Page_Buying Cannabis at OCS  Ontari/span_Whats Legal' is clicked on

2019-05-06 16:31:24 - [MESSAGE][PASSED] - Object: 'Object Repository/Learn_OR/Page_Buying Cannabis at OCS  Ontari/span_Whats Legal' is clicked on

2019-05-06 16:31:24 - [TEST_STEP][PASSED] - verifyTextPresent("What's Legal", true): Text 'What's Legal' is present on page  using regular expression

2019-05-06 16:31:24 - [MESSAGE][PASSED] - Text 'What's Legal' is present on page  using regular expression

2019-05-06 16:31:24 - [TEST_STEP][PASSED] - click(findTestObject("Learn_spy/Page_Ontario Cannabis Store  Ontari/h3_Learn")): Object: 'Object Repository/Learn_spy/Page_Ontario Cannabis Store  Ontari/h3_Learn' is clicked on

2019-05-06 16:31:24 - [MESSAGE][PASSED] - Object: 'Object Repository/Learn_spy/Page_Ontario Cannabis Store  Ontari/h3_Learn' is clicked on

2019-05-06 16:31:24 - [TEST_STEP][NOT_RUN] - click(findTestObject("Object Repository/Learn_OR/Page_Whats Legal  Ontario Cannabis/li_LearnLearnHow Cannabis Work")): NOT_RUN: click(findTestObject("Object Repository/Learn_OR/Page_Whats Legal  Ontario Cannabis/li_LearnLearnHow Cannabis Work"))

2019-05-06 16:31:24 - [MESSAGE][NOT_RUN] - NOT_RUN: click(findTestObject("Object Repository/Learn_OR/Page_Whats Legal  Ontario Cannabis/li_LearnLearnHow Cannabis Work"))

2019-05-06 16:31:24 - [TEST_STEP][PASSED] - click(findTestObject("Object Repository/Learn_OR/Page_Whats Legal  Ontario Cannabis/span_Legal Use of Cannabis in")): Object: 'Object Repository/Learn_OR/Page_Whats Legal  Ontario Cannabis/span_Legal Use of Cannabis in' is clicked on

2019-05-06 16:31:27 - [MESSAGE][PASSED] - Object: 'Object Repository/Learn_OR/Page_Whats Legal  Ontario Cannabis/span_Legal Use of Cannabis in' is clicked on

2019-05-06 16:31:27 - [TEST_STEP][PASSED] - verifyTextPresent("Legal Use of Cannabis in Ontario", true): Text 'Legal Use of Cannabis in Ontario' is present on page  using regular expression

2019-05-06 16:31:27 - [MESSAGE][PASSED] - Text 'Legal Use of Cannabis in Ontario' is present on page  using regular expression

2019-05-06 16:31:27 - [TEST_STEP][PASSED] - click(findTestObject("Learn_spy/Page_Ontario Cannabis Store  Ontari/h3_Learn")): Object: 'Object Repository/Learn_spy/Page_Ontario Cannabis Store  Ontari/h3_Learn' is clicked on

2019-05-06 16:31:27 - [MESSAGE][PASSED] - Object: 'Object Repository/Learn_spy/Page_Ontario Cannabis Store  Ontari/h3_Learn' is clicked on

2019-05-06 16:31:27 - [TEST_STEP][PASSED] - click(findTestObject("Object Repository/Learn_OR/Page_Legal Use of Cannabis in Ontar/a_Read More")): Object: 'Object Repository/Learn_OR/Page_Legal Use of Cannabis in Ontar/a_Read More' is clicked on

2019-05-06 16:31:30 - [MESSAGE][PASSED] - Object: 'Object Repository/Learn_OR/Page_Legal Use of Cannabis in Ontar/a_Read More' is clicked on

2019-05-06 16:31:30 - [TEST_STEP][PASSED] - verifyTextPresent("Learn about cannabis laws.", true): Text 'Learn about cannabis laws.' is present on page  using regular expression

2019-05-06 16:31:30 - [MESSAGE][PASSED] - Text 'Learn about cannabis laws.' is present on page  using regular expression

2019-05-06 16:31:30 - [TEST_STEP][NOT_RUN] - click(findTestObject("Object Repository/Learn_OR/Page_Whats Legal  Ontario Cannabis/h3_Learn")): NOT_RUN: click(findTestObject("Object Repository/Learn_OR/Page_Whats Legal  Ontario Cannabis/h3_Learn"))

2019-05-06 16:31:30 - [MESSAGE][NOT_RUN] - NOT_RUN: click(findTestObject("Object Repository/Learn_OR/Page_Whats Legal  Ontario Cannabis/h3_Learn"))

2019-05-06 16:31:30 - [TEST_STEP][NOT_RUN] - click(findTestObject("Object Repository/Learn_OR/Page_Whats Legal  Ontario Cannabis/span_Legal Use of Cannabis in")): NOT_RUN: click(findTestObject("Object Repository/Learn_OR/Page_Whats Legal  Ontario Cannabis/span_Legal Use of Cannabis in"))

2019-05-06 16:31:30 - [MESSAGE][NOT_RUN] - NOT_RUN: click(findTestObject("Object Repository/Learn_OR/Page_Whats Legal  Ontario Cannabis/span_Legal Use of Cannabis in"))

2019-05-06 16:31:30 - [TEST_STEP][PASSED] - click(findTestObject("Learn_spy/Page_Ontario Cannabis Store  Ontari/h3_Learn")): Object: 'Object Repository/Learn_spy/Page_Ontario Cannabis Store  Ontari/h3_Learn' is clicked on

2019-05-06 16:31:30 - [MESSAGE][PASSED] - Object: 'Object Repository/Learn_spy/Page_Ontario Cannabis Store  Ontari/h3_Learn' is clicked on

2019-05-06 16:31:30 - [TEST_STEP][PASSED] - click(findTestObject("Object Repository/Learn_OR/Page_Legal Use of Cannabis in Ontar/p_The Value of Legal Cannabis")): Object: 'Object Repository/Learn_OR/Page_Legal Use of Cannabis in Ontar/p_The Value of Legal Cannabis' is clicked on

2019-05-06 16:31:33 - [MESSAGE][PASSED] - Object: 'Object Repository/Learn_OR/Page_Legal Use of Cannabis in Ontar/p_The Value of Legal Cannabis' is clicked on

2019-05-06 16:31:33 - [TEST_STEP][PASSED] - verifyTextPresent("Legal Use of Cannabis in Ontario", true): Text 'Legal Use of Cannabis in Ontario' is present on page  using regular expression

2019-05-06 16:31:33 - [MESSAGE][PASSED] - Text 'Legal Use of Cannabis in Ontario' is present on page  using regular expression

2019-05-06 16:31:33 - [TEST_STEP][PASSED] - click(findTestObject("Learn_spy/Page_Ontario Cannabis Store  Ontari/h3_Learn")): Object: 'Object Repository/Learn_spy/Page_Ontario Cannabis Store  Ontari/h3_Learn' is clicked on

2019-05-06 16:31:33 - [MESSAGE][PASSED] - Object: 'Object Repository/Learn_spy/Page_Ontario Cannabis Store  Ontari/h3_Learn' is clicked on

2019-05-06 16:31:33 - [TEST_STEP][PASSED] - click(findTestObject("Object Repository/Learn_OR/Page_Four Reasons Why Legal Cannabi/a_SEE OUR FAQ")): Object: 'Object Repository/Learn_OR/Page_Four Reasons Why Legal Cannabi/a_SEE OUR FAQ' is clicked on

2019-05-06 16:31:37 - [MESSAGE][PASSED] - Object: 'Object Repository/Learn_OR/Page_Four Reasons Why Legal Cannabi/a_SEE OUR FAQ' is clicked on

2019-05-06 16:31:37 - [TEST_STEP][PASSED] - verifyTextPresent("FAQ", true): Text 'FAQ' is present on page  using regular expression

2019-05-06 16:31:37 - [MESSAGE][PASSED] - Text 'FAQ' is present on page  using regular expression

2019-05-06 16:31:37 - [TEST_STEP][PASSED] - if (false): null

2019-05-06 16:31:37 - [TEST_STEP][NOT_RUN] - click(findTestObject("Object Repository/Learn_OR/Page_Ontario Cannabis Store  Ontari/a_SEE OUR FAQ")): NOT_RUN: click(findTestObject("Object Repository/Learn_OR/Page_Ontario Cannabis Store  Ontari/a_SEE OUR FAQ"))

2019-05-06 16:31:37 - [MESSAGE][NOT_RUN] - NOT_RUN: click(findTestObject("Object Repository/Learn_OR/Page_Ontario Cannabis Store  Ontari/a_SEE OUR FAQ"))

2019-05-06 16:31:37 - [TEST_STEP][PASSED] - click(findTestObject("Learn_spy/Page_Ontario Cannabis Store  Ontari/h3_Learn")): Object: 'Object Repository/Learn_spy/Page_Ontario Cannabis Store  Ontari/h3_Learn' is clicked on

2019-05-06 16:31:38 - [MESSAGE][PASSED] - Object: 'Object Repository/Learn_spy/Page_Ontario Cannabis Store  Ontari/h3_Learn' is clicked on

2019-05-06 16:31:38 - [TEST_STEP][PASSED] - click(findTestObject("Object Repository/Learn_OR/Page_Ontario Cannabis Store  Ontari/a_SEE OUR GLOSSARY")): Object: 'Object Repository/Learn_OR/Page_Ontario Cannabis Store  Ontari/a_SEE OUR GLOSSARY' is clicked on

2019-05-06 16:31:40 - [MESSAGE][PASSED] - Object: 'Object Repository/Learn_OR/Page_Ontario Cannabis Store  Ontari/a_SEE OUR GLOSSARY' is clicked on

2019-05-06 16:31:40 - [TEST_STEP][PASSED] - verifyTextPresent("Glossary of Terms", true): Text 'Glossary of Terms' is present on page  using regular expression

2019-05-06 16:31:40 - [MESSAGE][PASSED] - Text 'Glossary of Terms' is present on page  using regular expression]]></system-out>
         <system-err><![CDATA[]]></system-err>
      </testcase>
      <testcase name="Test Cases/OCS- HOME PAGE/How to choose cannabis-learn more" classname="Test Cases/OCS- HOME PAGE/How to choose cannabis-learn more" status="FAILED">
         <failure type="FAILED" message="Test Cases/OCS- HOME PAGE/How to choose cannabis-learn more FAILED.
Reason:
com.kms.katalon.core.exception.StepFailedException: Unable to click on object 'Object Repository/Tips and how _OR/Page_Ontario Cannabis Store  Ontari/button_Verify' (Root cause: org.openqa.selenium.WebDriverException: unknown error: Element &lt;button type=&quot;submit&quot; data-hover=&quot;fade&quot; aria-pressed=&quot;false&quot; class=&quot;btn btn--outline&quot;>...&lt;/button> is not clickable at point (585, 687). Other element would receive the click: &lt;iframe title=&quot;Preview Bar&quot; id=&quot;preview-bar-iframe&quot; src=&quot;https://ocs.ca/preview_bar&quot; sandbox=&quot;allow-same-origin allow-scripts&quot; style=&quot;position: fixed; bottom: 0px; left: 0px; z-index: 2147483647; width: 100%; border: none; box-shadow: rgba(0, 0, 0, 0.2) 0px -1px 3px; overflow: hidden; transform: translateY(0px); transition: transform 300ms ease 0s; height: 60px;&quot;>&lt;/iframe>
  (Session info: chrome=74.0.3729.131)
  (Driver info: chromedriver=2.43.600229 (3fae4d0cda5334b4f533bede5a4787f7b832d052),platform=Mac OS X 10.13.6 x86_64) (WARNING: The server did not provide any stacktrace information)
Command duration or timeout: 0 milliseconds
Build info: version: '3.7.1', revision: '8a0099a', time: '2017-11-06T21:07:36.161Z'
System info: host: 'sumans-MacBook-Pro.local', ip: 'fe80:0:0:0:cb0:6c11:f493:d0f6%en0', os.name: 'Mac OS X', os.arch: 'x86_64', os.version: '10.13.6', java.version: '1.8.0_181'
Driver info: com.kms.katalon.selenium.driver.CChromeDriver
Capabilities {acceptInsecureCerts: false, acceptSslCerts: false, applicationCacheEnabled: false, browserConnectionEnabled: false, browserName: chrome, chrome: {chromedriverVersion: 2.43.600229 (3fae4d0cda5334..., userDataDir: /var/folders/1t/c55l8xzs6gq...}, cssSelectorsEnabled: true, databaseEnabled: false, goog:chromeOptions: {debuggerAddress: localhost:52158}, handlesAlerts: true, hasTouchScreen: false, javascriptEnabled: true, locationContextEnabled: true, mobileEmulationEnabled: false, nativeEvents: true, networkConnectionEnabled: false, pageLoadStrategy: normal, platform: MAC, platformName: MAC, rotatable: false, setWindowRect: true, takesHeapSnapshot: true, takesScreenshot: true, unexpectedAlertBehaviour: , unhandledPromptBehavior: , version: 74.0.3729.131, webStorageEnabled: true}
Session ID: eff8ad0e4ed1810846549832fd6fe362)
	at com.kms.katalon.core.keyword.internal.KeywordMain.stepFailed(KeywordMain.groovy:36)
	at com.kms.katalon.core.webui.keyword.internal.WebUIKeywordMain.stepFailed(WebUIKeywordMain.groovy:65)
	at com.kms.katalon.core.webui.keyword.internal.WebUIKeywordMain.runKeyword(WebUIKeywordMain.groovy:27)
	at com.kms.katalon.core.webui.keyword.builtin.ClickKeyword.click(ClickKeyword.groovy:86)
	at com.kms.katalon.core.webui.keyword.builtin.ClickKeyword.execute(ClickKeyword.groovy:67)
	at com.kms.katalon.core.keyword.internal.KeywordExecutor.executeKeywordForPlatform(KeywordExecutor.groovy:53)
	at com.kms.katalon.core.webui.keyword.WebUiBuiltInKeywords.click(WebUiBuiltInKeywords.groovy:616)
	at com.kms.katalon.core.webui.keyword.WebUiBuiltInKeywords$click$3.call(Unknown Source)
	at How to choose cannabis-learn more.run(How to choose cannabis-learn more:29)
	at com.kms.katalon.core.main.ScriptEngine.run(ScriptEngine.java:194)
	at com.kms.katalon.core.main.ScriptEngine.runScriptAsRawText(ScriptEngine.java:119)
	at com.kms.katalon.core.main.TestCaseExecutor.runScript(TestCaseExecutor.java:328)
	at com.kms.katalon.core.main.TestCaseExecutor.doExecute(TestCaseExecutor.java:319)
	at com.kms.katalon.core.main.TestCaseExecutor.processExecutionPhase(TestCaseExecutor.java:298)
	at com.kms.katalon.core.main.TestCaseExecutor.accessMainPhase(TestCaseExecutor.java:290)
	at com.kms.katalon.core.main.TestCaseExecutor.execute(TestCaseExecutor.java:224)
	at com.kms.katalon.core.main.TestSuiteExecutor.accessTestCaseMainPhase(TestSuiteExecutor.java:129)
	at com.kms.katalon.core.main.TestSuiteExecutor.accessTestSuiteMainPhase(TestSuiteExecutor.java:112)
	at com.kms.katalon.core.main.TestSuiteExecutor.execute(TestSuiteExecutor.java:81)
	at com.kms.katalon.core.main.TestCaseMain.startTestSuite(TestCaseMain.java:149)
	at com.kms.katalon.core.main.TestCaseMain$startTestSuite$0.call(Unknown Source)
	at TempTestSuite1557174337711.run(TempTestSuite1557174337711.groovy:36)
"/>
         <system-out><![CDATA[2019-05-06 16:31:40 - [TEST_CASE][FAILED] - Test Cases/OCS- HOME PAGE/How to choose cannabis-learn more: Test Cases/OCS- HOME PAGE/How to choose cannabis-learn more FAILED.
Reason:
com.kms.katalon.core.exception.StepFailedException: Unable to click on object 'Object Repository/Tips and how _OR/Page_Ontario Cannabis Store  Ontari/button_Verify' (Root cause: org.openqa.selenium.WebDriverException: unknown error: Element <button type="submit" data-hover="fade" aria-pressed="false" class="btn btn--outline">...</button> is not clickable at point (585, 687). Other element would receive the click: <iframe title="Preview Bar" id="preview-bar-iframe" src="https://ocs.ca/preview_bar" sandbox="allow-same-origin allow-scripts" style="position: fixed; bottom: 0px; left: 0px; z-index: 2147483647; width: 100%; border: none; box-shadow: rgba(0, 0, 0, 0.2) 0px -1px 3px; overflow: hidden; transform: translateY(0px); transition: transform 300ms ease 0s; height: 60px;"></iframe>
  (Session info: chrome=74.0.3729.131)
  (Driver info: chromedriver=2.43.600229 (3fae4d0cda5334b4f533bede5a4787f7b832d052),platform=Mac OS X 10.13.6 x86_64) (WARNING: The server did not provide any stacktrace information)
Command duration or timeout: 0 milliseconds
Build info: version: '3.7.1', revision: '8a0099a', time: '2017-11-06T21:07:36.161Z'
System info: host: 'sumans-MacBook-Pro.local', ip: 'fe80:0:0:0:cb0:6c11:f493:d0f6%en0', os.name: 'Mac OS X', os.arch: 'x86_64', os.version: '10.13.6', java.version: '1.8.0_181'
Driver info: com.kms.katalon.selenium.driver.CChromeDriver
Capabilities {acceptInsecureCerts: false, acceptSslCerts: false, applicationCacheEnabled: false, browserConnectionEnabled: false, browserName: chrome, chrome: {chromedriverVersion: 2.43.600229 (3fae4d0cda5334..., userDataDir: /var/folders/1t/c55l8xzs6gq...}, cssSelectorsEnabled: true, databaseEnabled: false, goog:chromeOptions: {debuggerAddress: localhost:52158}, handlesAlerts: true, hasTouchScreen: false, javascriptEnabled: true, locationContextEnabled: true, mobileEmulationEnabled: false, nativeEvents: true, networkConnectionEnabled: false, pageLoadStrategy: normal, platform: MAC, platformName: MAC, rotatable: false, setWindowRect: true, takesHeapSnapshot: true, takesScreenshot: true, unexpectedAlertBehaviour: , unhandledPromptBehavior: , version: 74.0.3729.131, webStorageEnabled: true}
Session ID: eff8ad0e4ed1810846549832fd6fe362)
	at com.kms.katalon.core.keyword.internal.KeywordMain.stepFailed(KeywordMain.groovy:36)
	at com.kms.katalon.core.webui.keyword.internal.WebUIKeywordMain.stepFailed(WebUIKeywordMain.groovy:65)
	at com.kms.katalon.core.webui.keyword.internal.WebUIKeywordMain.runKeyword(WebUIKeywordMain.groovy:27)
	at com.kms.katalon.core.webui.keyword.builtin.ClickKeyword.click(ClickKeyword.groovy:86)
	at com.kms.katalon.core.webui.keyword.builtin.ClickKeyword.execute(ClickKeyword.groovy:67)
	at com.kms.katalon.core.keyword.internal.KeywordExecutor.executeKeywordForPlatform(KeywordExecutor.groovy:53)
	at com.kms.katalon.core.webui.keyword.WebUiBuiltInKeywords.click(WebUiBuiltInKeywords.groovy:616)
	at com.kms.katalon.core.webui.keyword.WebUiBuiltInKeywords$click$3.call(Unknown Source)
	at How to choose cannabis-learn more.run(How to choose cannabis-learn more:29)
	at com.kms.katalon.core.main.ScriptEngine.run(ScriptEngine.java:194)
	at com.kms.katalon.core.main.ScriptEngine.runScriptAsRawText(ScriptEngine.java:119)
	at com.kms.katalon.core.main.TestCaseExecutor.runScript(TestCaseExecutor.java:328)
	at com.kms.katalon.core.main.TestCaseExecutor.doExecute(TestCaseExecutor.java:319)
	at com.kms.katalon.core.main.TestCaseExecutor.processExecutionPhase(TestCaseExecutor.java:298)
	at com.kms.katalon.core.main.TestCaseExecutor.accessMainPhase(TestCaseExecutor.java:290)
	at com.kms.katalon.core.main.TestCaseExecutor.execute(TestCaseExecutor.java:224)
	at com.kms.katalon.core.main.TestSuiteExecutor.accessTestCaseMainPhase(TestSuiteExecutor.java:129)
	at com.kms.katalon.core.main.TestSuiteExecutor.accessTestSuiteMainPhase(TestSuiteExecutor.java:112)
	at com.kms.katalon.core.main.TestSuiteExecutor.execute(TestSuiteExecutor.java:81)
	at com.kms.katalon.core.main.TestCaseMain.startTestSuite(TestCaseMain.java:149)
	at com.kms.katalon.core.main.TestCaseMain$startTestSuite$0.call(Unknown Source)
	at TempTestSuite1557174337711.run(TempTestSuite1557174337711.groovy:36)


2019-05-06 16:31:40 - [TEST_STEP][PASSED] - openBrowser(""): Browser is opened with url: ''

2019-05-06 16:31:40 - [MESSAGE][WARNING] - A browser is already opened. Closing browser and opening a new one

2019-05-06 16:31:41 - [MESSAGE][INFO] - Starting 'Chrome' driver

2019-05-06 16:31:42 - [MESSAGE][PASSED] - Browser is opened with url: ''

2019-05-06 16:31:42 - [TEST_STEP][PASSED] - navigateToUrl("https://ocs.ca/?fts=0&preview_theme_id=53372913484"): Navigate to 'https://ocs.ca/?fts=0&preview_theme_id=53372913484' successfully

2019-05-06 16:31:47 - [MESSAGE][PASSED] - Navigate to 'https://ocs.ca/?fts=0&preview_theme_id=53372913484' successfully

2019-05-06 16:31:47 - [TEST_STEP][PASSED] - selectOptionByValue(findTestObject("Object Repository/Tips and how _OR/Page_Ontario Cannabis Store  Ontari/select_Select01020304050607080"), "16", true): All options with value '16' are selected in object 'Object Repository/Tips and how _OR/Page_Ontario Cannabis Store  Ontari/select_Select01020304050607080'  using regular expression

2019-05-06 16:31:47 - [MESSAGE][PASSED] - All options with value '16' are selected in object 'Object Repository/Tips and how _OR/Page_Ontario Cannabis Store  Ontari/select_Select01020304050607080'  using regular expression

2019-05-06 16:31:47 - [TEST_STEP][PASSED] - selectOptionByValue(findTestObject("Object Repository/Tips and how _OR/Page_Ontario Cannabis Store  Ontari/select_SelectJanuary - 01Febru"), "9", true): All options with value '9' are selected in object 'Object Repository/Tips and how _OR/Page_Ontario Cannabis Store  Ontari/select_SelectJanuary - 01Febru'  using regular expression

2019-05-06 16:31:48 - [MESSAGE][PASSED] - All options with value '9' are selected in object 'Object Repository/Tips and how _OR/Page_Ontario Cannabis Store  Ontari/select_SelectJanuary - 01Febru'  using regular expression

2019-05-06 16:31:48 - [TEST_STEP][PASSED] - selectOptionByValue(findTestObject("Object Repository/Tips and how _OR/Page_Ontario Cannabis Store  Ontari/select_Select20182017201620152"), "1948", true): All options with value '1948' are selected in object 'Object Repository/Tips and how _OR/Page_Ontario Cannabis Store  Ontari/select_Select20182017201620152'  using regular expression

2019-05-06 16:31:49 - [MESSAGE][PASSED] - All options with value '1948' are selected in object 'Object Repository/Tips and how _OR/Page_Ontario Cannabis Store  Ontari/select_Select20182017201620152'  using regular expression

2019-05-06 16:31:49 - [TEST_STEP][FAILED] - click(findTestObject("Object Repository/Tips and how _OR/Page_Ontario Cannabis Store  Ontari/button_Verify")): click(findTestObject("Object Repository/Tips and how _OR/Page_Ontario Cannabis Store  Ontari/button_Verify")) FAILED.
Reason:
com.kms.katalon.core.exception.StepFailedException: Unable to click on object 'Object Repository/Tips and how _OR/Page_Ontario Cannabis Store  Ontari/button_Verify' (Root cause: org.openqa.selenium.WebDriverException: unknown error: Element <button type="submit" data-hover="fade" aria-pressed="false" class="btn btn--outline">...</button> is not clickable at point (585, 687). Other element would receive the click: <iframe title="Preview Bar" id="preview-bar-iframe" src="https://ocs.ca/preview_bar" sandbox="allow-same-origin allow-scripts" style="position: fixed; bottom: 0px; left: 0px; z-index: 2147483647; width: 100%; border: none; box-shadow: rgba(0, 0, 0, 0.2) 0px -1px 3px; overflow: hidden; transform: translateY(0px); transition: transform 300ms ease 0s; height: 60px;"></iframe>
  (Session info: chrome=74.0.3729.131)
  (Driver info: chromedriver=2.43.600229 (3fae4d0cda5334b4f533bede5a4787f7b832d052),platform=Mac OS X 10.13.6 x86_64) (WARNING: The server did not provide any stacktrace information)
Command duration or timeout: 0 milliseconds
Build info: version: '3.7.1', revision: '8a0099a', time: '2017-11-06T21:07:36.161Z'
System info: host: 'sumans-MacBook-Pro.local', ip: 'fe80:0:0:0:cb0:6c11:f493:d0f6%en0', os.name: 'Mac OS X', os.arch: 'x86_64', os.version: '10.13.6', java.version: '1.8.0_181'
Driver info: com.kms.katalon.selenium.driver.CChromeDriver
Capabilities {acceptInsecureCerts: false, acceptSslCerts: false, applicationCacheEnabled: false, browserConnectionEnabled: false, browserName: chrome, chrome: {chromedriverVersion: 2.43.600229 (3fae4d0cda5334..., userDataDir: /var/folders/1t/c55l8xzs6gq...}, cssSelectorsEnabled: true, databaseEnabled: false, goog:chromeOptions: {debuggerAddress: localhost:52158}, handlesAlerts: true, hasTouchScreen: false, javascriptEnabled: true, locationContextEnabled: true, mobileEmulationEnabled: false, nativeEvents: true, networkConnectionEnabled: false, pageLoadStrategy: normal, platform: MAC, platformName: MAC, rotatable: false, setWindowRect: true, takesHeapSnapshot: true, takesScreenshot: true, unexpectedAlertBehaviour: , unhandledPromptBehavior: , version: 74.0.3729.131, webStorageEnabled: true}
Session ID: eff8ad0e4ed1810846549832fd6fe362)
	at com.kms.katalon.core.keyword.internal.KeywordMain.stepFailed(KeywordMain.groovy:36)
	at com.kms.katalon.core.webui.keyword.internal.WebUIKeywordMain.stepFailed(WebUIKeywordMain.groovy:65)
	at com.kms.katalon.core.webui.keyword.internal.WebUIKeywordMain.runKeyword(WebUIKeywordMain.groovy:27)
	at com.kms.katalon.core.webui.keyword.builtin.ClickKeyword.click(ClickKeyword.groovy:86)
	at com.kms.katalon.core.webui.keyword.builtin.ClickKeyword.execute(ClickKeyword.groovy:67)
	at com.kms.katalon.core.keyword.internal.KeywordExecutor.executeKeywordForPlatform(KeywordExecutor.groovy:53)
	at com.kms.katalon.core.webui.keyword.WebUiBuiltInKeywords.click(WebUiBuiltInKeywords.groovy:616)
	at com.kms.katalon.core.webui.keyword.WebUiBuiltInKeywords$click$3.call(Unknown Source)
	at How to choose cannabis-learn more.run(How to choose cannabis-learn more:29)
	at com.kms.katalon.core.main.ScriptEngine.run(ScriptEngine.java:194)
	at com.kms.katalon.core.main.ScriptEngine.runScriptAsRawText(ScriptEngine.java:119)
	at com.kms.katalon.core.main.TestCaseExecutor.runScript(TestCaseExecutor.java:328)
	at com.kms.katalon.core.main.TestCaseExecutor.doExecute(TestCaseExecutor.java:319)
	at com.kms.katalon.core.main.TestCaseExecutor.processExecutionPhase(TestCaseExecutor.java:298)
	at com.kms.katalon.core.main.TestCaseExecutor.accessMainPhase(TestCaseExecutor.java:290)
	at com.kms.katalon.core.main.TestCaseExecutor.execute(TestCaseExecutor.java:224)
	at com.kms.katalon.core.main.TestSuiteExecutor.accessTestCaseMainPhase(TestSuiteExecutor.java:129)
	at com.kms.katalon.core.main.TestSuiteExecutor.accessTestSuiteMainPhase(TestSuiteExecutor.java:112)
	at com.kms.katalon.core.main.TestSuiteExecutor.execute(TestSuiteExecutor.java:81)
	at com.kms.katalon.core.main.TestCaseMain.startTestSuite(TestCaseMain.java:149)
	at com.kms.katalon.core.main.TestCaseMain$startTestSuite$0.call(Unknown Source)
	at TempTestSuite1557174337711.run(TempTestSuite1557174337711.groovy:36)


2019-05-06 16:31:49 - [MESSAGE][FAILED] - Unable to click on object 'Object Repository/Tips and how _OR/Page_Ontario Cannabis Store  Ontari/button_Verify' (Root cause: org.openqa.selenium.WebDriverException: unknown error: Element <button type="submit" data-hover="fade" aria-pressed="false" class="btn btn--outline">...</button> is not clickable at point (585, 687). Other element would receive the click: <iframe title="Preview Bar" id="preview-bar-iframe" src="https://ocs.ca/preview_bar" sandbox="allow-same-origin allow-scripts" style="position: fixed; bottom: 0px; left: 0px; z-index: 2147483647; width: 100%; border: none; box-shadow: rgba(0, 0, 0, 0.2) 0px -1px 3px; overflow: hidden; transform: translateY(0px); transition: transform 300ms ease 0s; height: 60px;"></iframe>
  (Session info: chrome=74.0.3729.131)
  (Driver info: chromedriver=2.43.600229 (3fae4d0cda5334b4f533bede5a4787f7b832d052),platform=Mac OS X 10.13.6 x86_64) (WARNING: The server did not provide any stacktrace information)
Command duration or timeout: 0 milliseconds
Build info: version: '3.7.1', revision: '8a0099a', time: '2017-11-06T21:07:36.161Z'
System info: host: 'sumans-MacBook-Pro.local', ip: 'fe80:0:0:0:cb0:6c11:f493:d0f6%en0', os.name: 'Mac OS X', os.arch: 'x86_64', os.version: '10.13.6', java.version: '1.8.0_181'
Driver info: com.kms.katalon.selenium.driver.CChromeDriver
Capabilities {acceptInsecureCerts: false, acceptSslCerts: false, applicationCacheEnabled: false, browserConnectionEnabled: false, browserName: chrome, chrome: {chromedriverVersion: 2.43.600229 (3fae4d0cda5334..., userDataDir: /var/folders/1t/c55l8xzs6gq...}, cssSelectorsEnabled: true, databaseEnabled: false, goog:chromeOptions: {debuggerAddress: localhost:52158}, handlesAlerts: true, hasTouchScreen: false, javascriptEnabled: true, locationContextEnabled: true, mobileEmulationEnabled: false, nativeEvents: true, networkConnectionEnabled: false, pageLoadStrategy: normal, platform: MAC, platformName: MAC, rotatable: false, setWindowRect: true, takesHeapSnapshot: true, takesScreenshot: true, unexpectedAlertBehaviour: , unhandledPromptBehavior: , version: 74.0.3729.131, webStorageEnabled: true}
Session ID: eff8ad0e4ed1810846549832fd6fe362)
[[ATTACHMENT|/Users/sumankompelly/git/Sample-OCS/Reports/OCS-1.7.0/HOMEPAGE/20190506_162537/1557174709548.png]]

2019-05-06 16:31:49 - [MESSAGE][FAILED] - click(findTestObject("Object Repository/Tips and how _OR/Page_Ontario Cannabis Store  Ontari/button_Verify")) FAILED.
Reason:
com.kms.katalon.core.exception.StepFailedException: Unable to click on object 'Object Repository/Tips and how _OR/Page_Ontario Cannabis Store  Ontari/button_Verify' (Root cause: org.openqa.selenium.WebDriverException: unknown error: Element <button type="submit" data-hover="fade" aria-pressed="false" class="btn btn--outline">...</button> is not clickable at point (585, 687). Other element would receive the click: <iframe title="Preview Bar" id="preview-bar-iframe" src="https://ocs.ca/preview_bar" sandbox="allow-same-origin allow-scripts" style="position: fixed; bottom: 0px; left: 0px; z-index: 2147483647; width: 100%; border: none; box-shadow: rgba(0, 0, 0, 0.2) 0px -1px 3px; overflow: hidden; transform: translateY(0px); transition: transform 300ms ease 0s; height: 60px;"></iframe>
  (Session info: chrome=74.0.3729.131)
  (Driver info: chromedriver=2.43.600229 (3fae4d0cda5334b4f533bede5a4787f7b832d052),platform=Mac OS X 10.13.6 x86_64) (WARNING: The server did not provide any stacktrace information)
Command duration or timeout: 0 milliseconds
Build info: version: '3.7.1', revision: '8a0099a', time: '2017-11-06T21:07:36.161Z'
System info: host: 'sumans-MacBook-Pro.local', ip: 'fe80:0:0:0:cb0:6c11:f493:d0f6%en0', os.name: 'Mac OS X', os.arch: 'x86_64', os.version: '10.13.6', java.version: '1.8.0_181'
Driver info: com.kms.katalon.selenium.driver.CChromeDriver
Capabilities {acceptInsecureCerts: false, acceptSslCerts: false, applicationCacheEnabled: false, browserConnectionEnabled: false, browserName: chrome, chrome: {chromedriverVersion: 2.43.600229 (3fae4d0cda5334..., userDataDir: /var/folders/1t/c55l8xzs6gq...}, cssSelectorsEnabled: true, databaseEnabled: false, goog:chromeOptions: {debuggerAddress: localhost:52158}, handlesAlerts: true, hasTouchScreen: false, javascriptEnabled: true, locationContextEnabled: true, mobileEmulationEnabled: false, nativeEvents: true, networkConnectionEnabled: false, pageLoadStrategy: normal, platform: MAC, platformName: MAC, rotatable: false, setWindowRect: true, takesHeapSnapshot: true, takesScreenshot: true, unexpectedAlertBehaviour: , unhandledPromptBehavior: , version: 74.0.3729.131, webStorageEnabled: true}
Session ID: eff8ad0e4ed1810846549832fd6fe362)
	at com.kms.katalon.core.keyword.internal.KeywordMain.stepFailed(KeywordMain.groovy:36)
	at com.kms.katalon.core.webui.keyword.internal.WebUIKeywordMain.stepFailed(WebUIKeywordMain.groovy:65)
	at com.kms.katalon.core.webui.keyword.internal.WebUIKeywordMain.runKeyword(WebUIKeywordMain.groovy:27)
	at com.kms.katalon.core.webui.keyword.builtin.ClickKeyword.click(ClickKeyword.groovy:86)
	at com.kms.katalon.core.webui.keyword.builtin.ClickKeyword.execute(ClickKeyword.groovy:67)
	at com.kms.katalon.core.keyword.internal.KeywordExecutor.executeKeywordForPlatform(KeywordExecutor.groovy:53)
	at com.kms.katalon.core.webui.keyword.WebUiBuiltInKeywords.click(WebUiBuiltInKeywords.groovy:616)
	at com.kms.katalon.core.webui.keyword.WebUiBuiltInKeywords$click$3.call(Unknown Source)
	at How to choose cannabis-learn more.run(How to choose cannabis-learn more:29)
	at com.kms.katalon.core.main.ScriptEngine.run(ScriptEngine.java:194)
	at com.kms.katalon.core.main.ScriptEngine.runScriptAsRawText(ScriptEngine.java:119)
	at com.kms.katalon.core.main.TestCaseExecutor.runScript(TestCaseExecutor.java:328)
	at com.kms.katalon.core.main.TestCaseExecutor.doExecute(TestCaseExecutor.java:319)
	at com.kms.katalon.core.main.TestCaseExecutor.processExecutionPhase(TestCaseExecutor.java:298)
	at com.kms.katalon.core.main.TestCaseExecutor.accessMainPhase(TestCaseExecutor.java:290)
	at com.kms.katalon.core.main.TestCaseExecutor.execute(TestCaseExecutor.java:224)
	at com.kms.katalon.core.main.TestSuiteExecutor.accessTestCaseMainPhase(TestSuiteExecutor.java:129)
	at com.kms.katalon.core.main.TestSuiteExecutor.accessTestSuiteMainPhase(TestSuiteExecutor.java:112)
	at com.kms.katalon.core.main.TestSuiteExecutor.execute(TestSuiteExecutor.java:81)
	at com.kms.katalon.core.main.TestCaseMain.startTestSuite(TestCaseMain.java:149)
	at com.kms.katalon.core.main.TestCaseMain$startTestSuite$0.call(Unknown Source)
	at TempTestSuite1557174337711.run(TempTestSuite1557174337711.groovy:36)]]></system-out>
         <system-err><![CDATA[2019-05-06 16:31:40 - [TEST_CASE][FAILED] - Test Cases/OCS- HOME PAGE/How to choose cannabis-learn more: Test Cases/OCS- HOME PAGE/How to choose cannabis-learn more FAILED.
Reason:
com.kms.katalon.core.exception.StepFailedException: Unable to click on object 'Object Repository/Tips and how _OR/Page_Ontario Cannabis Store  Ontari/button_Verify' (Root cause: org.openqa.selenium.WebDriverException: unknown error: Element <button type="submit" data-hover="fade" aria-pressed="false" class="btn btn--outline">...</button> is not clickable at point (585, 687). Other element would receive the click: <iframe title="Preview Bar" id="preview-bar-iframe" src="https://ocs.ca/preview_bar" sandbox="allow-same-origin allow-scripts" style="position: fixed; bottom: 0px; left: 0px; z-index: 2147483647; width: 100%; border: none; box-shadow: rgba(0, 0, 0, 0.2) 0px -1px 3px; overflow: hidden; transform: translateY(0px); transition: transform 300ms ease 0s; height: 60px;"></iframe>
  (Session info: chrome=74.0.3729.131)
  (Driver info: chromedriver=2.43.600229 (3fae4d0cda5334b4f533bede5a4787f7b832d052),platform=Mac OS X 10.13.6 x86_64) (WARNING: The server did not provide any stacktrace information)
Command duration or timeout: 0 milliseconds
Build info: version: '3.7.1', revision: '8a0099a', time: '2017-11-06T21:07:36.161Z'
System info: host: 'sumans-MacBook-Pro.local', ip: 'fe80:0:0:0:cb0:6c11:f493:d0f6%en0', os.name: 'Mac OS X', os.arch: 'x86_64', os.version: '10.13.6', java.version: '1.8.0_181'
Driver info: com.kms.katalon.selenium.driver.CChromeDriver
Capabilities {acceptInsecureCerts: false, acceptSslCerts: false, applicationCacheEnabled: false, browserConnectionEnabled: false, browserName: chrome, chrome: {chromedriverVersion: 2.43.600229 (3fae4d0cda5334..., userDataDir: /var/folders/1t/c55l8xzs6gq...}, cssSelectorsEnabled: true, databaseEnabled: false, goog:chromeOptions: {debuggerAddress: localhost:52158}, handlesAlerts: true, hasTouchScreen: false, javascriptEnabled: true, locationContextEnabled: true, mobileEmulationEnabled: false, nativeEvents: true, networkConnectionEnabled: false, pageLoadStrategy: normal, platform: MAC, platformName: MAC, rotatable: false, setWindowRect: true, takesHeapSnapshot: true, takesScreenshot: true, unexpectedAlertBehaviour: , unhandledPromptBehavior: , version: 74.0.3729.131, webStorageEnabled: true}
Session ID: eff8ad0e4ed1810846549832fd6fe362)
	at com.kms.katalon.core.keyword.internal.KeywordMain.stepFailed(KeywordMain.groovy:36)
	at com.kms.katalon.core.webui.keyword.internal.WebUIKeywordMain.stepFailed(WebUIKeywordMain.groovy:65)
	at com.kms.katalon.core.webui.keyword.internal.WebUIKeywordMain.runKeyword(WebUIKeywordMain.groovy:27)
	at com.kms.katalon.core.webui.keyword.builtin.ClickKeyword.click(ClickKeyword.groovy:86)
	at com.kms.katalon.core.webui.keyword.builtin.ClickKeyword.execute(ClickKeyword.groovy:67)
	at com.kms.katalon.core.keyword.internal.KeywordExecutor.executeKeywordForPlatform(KeywordExecutor.groovy:53)
	at com.kms.katalon.core.webui.keyword.WebUiBuiltInKeywords.click(WebUiBuiltInKeywords.groovy:616)
	at com.kms.katalon.core.webui.keyword.WebUiBuiltInKeywords$click$3.call(Unknown Source)
	at How to choose cannabis-learn more.run(How to choose cannabis-learn more:29)
	at com.kms.katalon.core.main.ScriptEngine.run(ScriptEngine.java:194)
	at com.kms.katalon.core.main.ScriptEngine.runScriptAsRawText(ScriptEngine.java:119)
	at com.kms.katalon.core.main.TestCaseExecutor.runScript(TestCaseExecutor.java:328)
	at com.kms.katalon.core.main.TestCaseExecutor.doExecute(TestCaseExecutor.java:319)
	at com.kms.katalon.core.main.TestCaseExecutor.processExecutionPhase(TestCaseExecutor.java:298)
	at com.kms.katalon.core.main.TestCaseExecutor.accessMainPhase(TestCaseExecutor.java:290)
	at com.kms.katalon.core.main.TestCaseExecutor.execute(TestCaseExecutor.java:224)
	at com.kms.katalon.core.main.TestSuiteExecutor.accessTestCaseMainPhase(TestSuiteExecutor.java:129)
	at com.kms.katalon.core.main.TestSuiteExecutor.accessTestSuiteMainPhase(TestSuiteExecutor.java:112)
	at com.kms.katalon.core.main.TestSuiteExecutor.execute(TestSuiteExecutor.java:81)
	at com.kms.katalon.core.main.TestCaseMain.startTestSuite(TestCaseMain.java:149)
	at com.kms.katalon.core.main.TestCaseMain$startTestSuite$0.call(Unknown Source)
	at TempTestSuite1557174337711.run(TempTestSuite1557174337711.groovy:36)]]></system-err>
      </testcase>
      <testcase name="Test Cases/OCS- HOME PAGE/HP -Mega menu-Hover-FAQ" classname="Test Cases/OCS- HOME PAGE/HP -Mega menu-Hover-FAQ" status="FAILED">
         <failure type="FAILED" message="Test Cases/OCS- HOME PAGE/HP -Mega menu-Hover-FAQ FAILED.
Reason:
com.kms.katalon.core.exception.StepFailedException: Unable to click on object 'Object Repository/Accessories_OR/Page_Ontario Cannabis Store  Ontari/h3_FAQ (1)' (Root cause: com.kms.katalon.core.webui.exception.WebElementNotFoundException: Web element with id: 'Object Repository/Accessories_OR/Page_Ontario Cannabis Store  Ontari/h3_FAQ (1)' located by 'By.xpath: id(&quot;shopify-section-en-header&quot;)/div[@class=&quot;header&quot;]/div[@class=&quot;menu-bar&quot;]/div[@class=&quot;menu-bar__content&quot;]/div[@class=&quot;menu-bar__left-wrapper&quot;]/div[@class=&quot;mega-menu js-mega-menu&quot;]/nav[@class=&quot;menu js-menu&quot;]/ul[@class=&quot;menu__list unstyled&quot;]/li[@class=&quot;menu__tier-one js-menu__tier-one no-desktop-hover&quot;]/a[@class=&quot;menu__item--link only-desktop--block js-menu__faq-link&quot;]/h3[@class=&quot;menu__item--title&quot;][count(. | //h3[@class = 'menu__item--title' and (text() = 'FAQ' or . = 'FAQ')]) = count(//h3[@class = 'menu__item--title' and (text() = 'FAQ' or . = 'FAQ')])]' not found)
	at com.kms.katalon.core.keyword.internal.KeywordMain.stepFailed(KeywordMain.groovy:36)
	at com.kms.katalon.core.webui.keyword.internal.WebUIKeywordMain.stepFailed(WebUIKeywordMain.groovy:65)
	at com.kms.katalon.core.webui.keyword.internal.WebUIKeywordMain.runKeyword(WebUIKeywordMain.groovy:27)
	at com.kms.katalon.core.webui.keyword.builtin.ClickKeyword.click(ClickKeyword.groovy:86)
	at com.kms.katalon.core.webui.keyword.builtin.ClickKeyword.execute(ClickKeyword.groovy:67)
	at com.kms.katalon.core.keyword.internal.KeywordExecutor.executeKeywordForPlatform(KeywordExecutor.groovy:53)
	at com.kms.katalon.core.webui.keyword.WebUiBuiltInKeywords.click(WebUiBuiltInKeywords.groovy:616)
	at com.kms.katalon.core.webui.keyword.WebUiBuiltInKeywords$click$3.call(Unknown Source)
	at HP -Mega menu-Hover-FAQ.run(HP -Mega menu-Hover-FAQ:41)
	at com.kms.katalon.core.main.ScriptEngine.run(ScriptEngine.java:194)
	at com.kms.katalon.core.main.ScriptEngine.runScriptAsRawText(ScriptEngine.java:119)
	at com.kms.katalon.core.main.TestCaseExecutor.runScript(TestCaseExecutor.java:328)
	at com.kms.katalon.core.main.TestCaseExecutor.doExecute(TestCaseExecutor.java:319)
	at com.kms.katalon.core.main.TestCaseExecutor.processExecutionPhase(TestCaseExecutor.java:298)
	at com.kms.katalon.core.main.TestCaseExecutor.accessMainPhase(TestCaseExecutor.java:290)
	at com.kms.katalon.core.main.TestCaseExecutor.execute(TestCaseExecutor.java:224)
	at com.kms.katalon.core.main.TestSuiteExecutor.accessTestCaseMainPhase(TestSuiteExecutor.java:129)
	at com.kms.katalon.core.main.TestSuiteExecutor.accessTestSuiteMainPhase(TestSuiteExecutor.java:112)
	at com.kms.katalon.core.main.TestSuiteExecutor.execute(TestSuiteExecutor.java:81)
	at com.kms.katalon.core.main.TestCaseMain.startTestSuite(TestCaseMain.java:149)
	at com.kms.katalon.core.main.TestCaseMain$startTestSuite$0.call(Unknown Source)
	at TempTestSuite1557174337711.run(TempTestSuite1557174337711.groovy:36)
"/>
         <system-out><![CDATA[2019-05-06 16:31:49 - [TEST_CASE][FAILED] - Test Cases/OCS- HOME PAGE/HP -Mega menu-Hover-FAQ: Test Cases/OCS- HOME PAGE/HP -Mega menu-Hover-FAQ FAILED.
Reason:
com.kms.katalon.core.exception.StepFailedException: Unable to click on object 'Object Repository/Accessories_OR/Page_Ontario Cannabis Store  Ontari/h3_FAQ (1)' (Root cause: com.kms.katalon.core.webui.exception.WebElementNotFoundException: Web element with id: 'Object Repository/Accessories_OR/Page_Ontario Cannabis Store  Ontari/h3_FAQ (1)' located by 'By.xpath: id("shopify-section-en-header")/div[@class="header"]/div[@class="menu-bar"]/div[@class="menu-bar__content"]/div[@class="menu-bar__left-wrapper"]/div[@class="mega-menu js-mega-menu"]/nav[@class="menu js-menu"]/ul[@class="menu__list unstyled"]/li[@class="menu__tier-one js-menu__tier-one no-desktop-hover"]/a[@class="menu__item--link only-desktop--block js-menu__faq-link"]/h3[@class="menu__item--title"][count(. | //h3[@class = 'menu__item--title' and (text() = 'FAQ' or . = 'FAQ')]) = count(//h3[@class = 'menu__item--title' and (text() = 'FAQ' or . = 'FAQ')])]' not found)
	at com.kms.katalon.core.keyword.internal.KeywordMain.stepFailed(KeywordMain.groovy:36)
	at com.kms.katalon.core.webui.keyword.internal.WebUIKeywordMain.stepFailed(WebUIKeywordMain.groovy:65)
	at com.kms.katalon.core.webui.keyword.internal.WebUIKeywordMain.runKeyword(WebUIKeywordMain.groovy:27)
	at com.kms.katalon.core.webui.keyword.builtin.ClickKeyword.click(ClickKeyword.groovy:86)
	at com.kms.katalon.core.webui.keyword.builtin.ClickKeyword.execute(ClickKeyword.groovy:67)
	at com.kms.katalon.core.keyword.internal.KeywordExecutor.executeKeywordForPlatform(KeywordExecutor.groovy:53)
	at com.kms.katalon.core.webui.keyword.WebUiBuiltInKeywords.click(WebUiBuiltInKeywords.groovy:616)
	at com.kms.katalon.core.webui.keyword.WebUiBuiltInKeywords$click$3.call(Unknown Source)
	at HP -Mega menu-Hover-FAQ.run(HP -Mega menu-Hover-FAQ:41)
	at com.kms.katalon.core.main.ScriptEngine.run(ScriptEngine.java:194)
	at com.kms.katalon.core.main.ScriptEngine.runScriptAsRawText(ScriptEngine.java:119)
	at com.kms.katalon.core.main.TestCaseExecutor.runScript(TestCaseExecutor.java:328)
	at com.kms.katalon.core.main.TestCaseExecutor.doExecute(TestCaseExecutor.java:319)
	at com.kms.katalon.core.main.TestCaseExecutor.processExecutionPhase(TestCaseExecutor.java:298)
	at com.kms.katalon.core.main.TestCaseExecutor.accessMainPhase(TestCaseExecutor.java:290)
	at com.kms.katalon.core.main.TestCaseExecutor.execute(TestCaseExecutor.java:224)
	at com.kms.katalon.core.main.TestSuiteExecutor.accessTestCaseMainPhase(TestSuiteExecutor.java:129)
	at com.kms.katalon.core.main.TestSuiteExecutor.accessTestSuiteMainPhase(TestSuiteExecutor.java:112)
	at com.kms.katalon.core.main.TestSuiteExecutor.execute(TestSuiteExecutor.java:81)
	at com.kms.katalon.core.main.TestCaseMain.startTestSuite(TestCaseMain.java:149)
	at com.kms.katalon.core.main.TestCaseMain$startTestSuite$0.call(Unknown Source)
	at TempTestSuite1557174337711.run(TempTestSuite1557174337711.groovy:36)


2019-05-06 16:31:50 - [TEST_STEP][PASSED] - openBrowser(""): Browser is opened with url: ''

2019-05-06 16:31:50 - [MESSAGE][WARNING] - A browser is already opened. Closing browser and opening a new one

2019-05-06 16:31:50 - [MESSAGE][INFO] - Starting 'Chrome' driver

2019-05-06 16:31:51 - [MESSAGE][PASSED] - Browser is opened with url: ''

2019-05-06 16:31:51 - [TEST_STEP][PASSED] - navigateToUrl("https://ocs.ca/?fts=0&preview_theme_id=53372913484"): Navigate to 'https://ocs.ca/?fts=0&preview_theme_id=53372913484' successfully

2019-05-06 16:31:56 - [MESSAGE][PASSED] - Navigate to 'https://ocs.ca/?fts=0&preview_theme_id=53372913484' successfully

2019-05-06 16:31:56 - [TEST_STEP][PASSED] - maximizeWindow(): Current window maximized

2019-05-06 16:31:56 - [MESSAGE][PASSED] - Current window maximized

2019-05-06 16:31:56 - [TEST_STEP][PASSED] - selectOptionByValue(findTestObject("Object Repository/Accessories_OR/Page_Ontario Cannabis Store  Ontari/select_Select01020304050607080 (1)"), "1", true): All options with value '1' are selected in object 'Object Repository/Accessories_OR/Page_Ontario Cannabis Store  Ontari/select_Select01020304050607080 (1)'  using regular expression

2019-05-06 16:31:57 - [MESSAGE][PASSED] - All options with value '1' are selected in object 'Object Repository/Accessories_OR/Page_Ontario Cannabis Store  Ontari/select_Select01020304050607080 (1)'  using regular expression

2019-05-06 16:31:57 - [TEST_STEP][PASSED] - selectOptionByValue(findTestObject("Object Repository/Accessories_OR/Page_Ontario Cannabis Store  Ontari/select_SelectJanuary - 01Febru (1)"), "0", true): All options with value '0' are selected in object 'Object Repository/Accessories_OR/Page_Ontario Cannabis Store  Ontari/select_SelectJanuary - 01Febru (1)'  using regular expression

2019-05-06 16:31:57 - [MESSAGE][PASSED] - All options with value '0' are selected in object 'Object Repository/Accessories_OR/Page_Ontario Cannabis Store  Ontari/select_SelectJanuary - 01Febru (1)'  using regular expression

2019-05-06 16:31:57 - [TEST_STEP][PASSED] - selectOptionByValue(findTestObject("Object Repository/Accessories_OR/Page_Ontario Cannabis Store  Ontari/select_Select20182017201620152 (1)"), "1968", true): All options with value '1968' are selected in object 'Object Repository/Accessories_OR/Page_Ontario Cannabis Store  Ontari/select_Select20182017201620152 (1)'  using regular expression

2019-05-06 16:31:58 - [MESSAGE][PASSED] - All options with value '1968' are selected in object 'Object Repository/Accessories_OR/Page_Ontario Cannabis Store  Ontari/select_Select20182017201620152 (1)'  using regular expression

2019-05-06 16:31:58 - [TEST_STEP][PASSED] - click(findTestObject("Object Repository/Accessories_OR/Page_Ontario Cannabis Store  Ontari/button_Verify (1)")): Object: 'Object Repository/Accessories_OR/Page_Ontario Cannabis Store  Ontari/button_Verify (1)' is clicked on

2019-05-06 16:31:58 - [MESSAGE][PASSED] - Object: 'Object Repository/Accessories_OR/Page_Ontario Cannabis Store  Ontari/button_Verify (1)' is clicked on

2019-05-06 16:31:58 - [TEST_STEP][PASSED] - click(findTestObject("Object Repository/Accessories_OR/Page_Ontario Cannabis Store  Ontari/span_CONFIRM AND ACKNOWLEDGE_c (1)")): Object: 'Object Repository/Accessories_OR/Page_Ontario Cannabis Store  Ontari/span_CONFIRM AND ACKNOWLEDGE_c (1)' is clicked on

2019-05-06 16:31:58 - [MESSAGE][PASSED] - Object: 'Object Repository/Accessories_OR/Page_Ontario Cannabis Store  Ontari/span_CONFIRM AND ACKNOWLEDGE_c (1)' is clicked on

2019-05-06 16:31:58 - [TEST_STEP][PASSED] - click(findTestObject("Object Repository/Accessories_OR/Page_Ontario Cannabis Store  Ontari/button_CONFIRM (1)")): Object: 'Object Repository/Accessories_OR/Page_Ontario Cannabis Store  Ontari/button_CONFIRM (1)' is clicked on

2019-05-06 16:31:58 - [MESSAGE][PASSED] - Object: 'Object Repository/Accessories_OR/Page_Ontario Cannabis Store  Ontari/button_CONFIRM (1)' is clicked on

2019-05-06 16:31:58 - [TEST_STEP][PASSED] - click(findTestObject("Object Repository/Accessories_OR/Page_Ontario Cannabis Store  Ontari/button_Start Browsing (1)")): Object: 'Object Repository/Accessories_OR/Page_Ontario Cannabis Store  Ontari/button_Start Browsing (1)' is clicked on

2019-05-06 16:31:59 - [MESSAGE][PASSED] - Object: 'Object Repository/Accessories_OR/Page_Ontario Cannabis Store  Ontari/button_Start Browsing (1)' is clicked on

2019-05-06 16:31:59 - [TEST_STEP][PASSED] - delay(4): Delayed 4 second(s)

2019-05-06 16:32:03 - [MESSAGE][PASSED] - Delayed 4 second(s)

2019-05-06 16:32:03 - [TEST_STEP][FAILED] - click(findTestObject("Accessories_OR/Page_Ontario Cannabis Store  Ontari/h3_FAQ (1)")): click(findTestObject("Accessories_OR/Page_Ontario Cannabis Store  Ontari/h3_FAQ (1)")) FAILED.
Reason:
com.kms.katalon.core.exception.StepFailedException: Unable to click on object 'Object Repository/Accessories_OR/Page_Ontario Cannabis Store  Ontari/h3_FAQ (1)' (Root cause: com.kms.katalon.core.webui.exception.WebElementNotFoundException: Web element with id: 'Object Repository/Accessories_OR/Page_Ontario Cannabis Store  Ontari/h3_FAQ (1)' located by 'By.xpath: id("shopify-section-en-header")/div[@class="header"]/div[@class="menu-bar"]/div[@class="menu-bar__content"]/div[@class="menu-bar__left-wrapper"]/div[@class="mega-menu js-mega-menu"]/nav[@class="menu js-menu"]/ul[@class="menu__list unstyled"]/li[@class="menu__tier-one js-menu__tier-one no-desktop-hover"]/a[@class="menu__item--link only-desktop--block js-menu__faq-link"]/h3[@class="menu__item--title"][count(. | //h3[@class = 'menu__item--title' and (text() = 'FAQ' or . = 'FAQ')]) = count(//h3[@class = 'menu__item--title' and (text() = 'FAQ' or . = 'FAQ')])]' not found)
	at com.kms.katalon.core.keyword.internal.KeywordMain.stepFailed(KeywordMain.groovy:36)
	at com.kms.katalon.core.webui.keyword.internal.WebUIKeywordMain.stepFailed(WebUIKeywordMain.groovy:65)
	at com.kms.katalon.core.webui.keyword.internal.WebUIKeywordMain.runKeyword(WebUIKeywordMain.groovy:27)
	at com.kms.katalon.core.webui.keyword.builtin.ClickKeyword.click(ClickKeyword.groovy:86)
	at com.kms.katalon.core.webui.keyword.builtin.ClickKeyword.execute(ClickKeyword.groovy:67)
	at com.kms.katalon.core.keyword.internal.KeywordExecutor.executeKeywordForPlatform(KeywordExecutor.groovy:53)
	at com.kms.katalon.core.webui.keyword.WebUiBuiltInKeywords.click(WebUiBuiltInKeywords.groovy:616)
	at com.kms.katalon.core.webui.keyword.WebUiBuiltInKeywords$click$3.call(Unknown Source)
	at HP -Mega menu-Hover-FAQ.run(HP -Mega menu-Hover-FAQ:41)
	at com.kms.katalon.core.main.ScriptEngine.run(ScriptEngine.java:194)
	at com.kms.katalon.core.main.ScriptEngine.runScriptAsRawText(ScriptEngine.java:119)
	at com.kms.katalon.core.main.TestCaseExecutor.runScript(TestCaseExecutor.java:328)
	at com.kms.katalon.core.main.TestCaseExecutor.doExecute(TestCaseExecutor.java:319)
	at com.kms.katalon.core.main.TestCaseExecutor.processExecutionPhase(TestCaseExecutor.java:298)
	at com.kms.katalon.core.main.TestCaseExecutor.accessMainPhase(TestCaseExecutor.java:290)
	at com.kms.katalon.core.main.TestCaseExecutor.execute(TestCaseExecutor.java:224)
	at com.kms.katalon.core.main.TestSuiteExecutor.accessTestCaseMainPhase(TestSuiteExecutor.java:129)
	at com.kms.katalon.core.main.TestSuiteExecutor.accessTestSuiteMainPhase(TestSuiteExecutor.java:112)
	at com.kms.katalon.core.main.TestSuiteExecutor.execute(TestSuiteExecutor.java:81)
	at com.kms.katalon.core.main.TestCaseMain.startTestSuite(TestCaseMain.java:149)
	at com.kms.katalon.core.main.TestCaseMain$startTestSuite$0.call(Unknown Source)
	at TempTestSuite1557174337711.run(TempTestSuite1557174337711.groovy:36)


2019-05-06 16:32:33 - [MESSAGE][INFO] - Unable to find the element located by 'By.xpath: id("shopify-section-en-header")/div[@class="header"]/div[@class="menu-bar"]/div[@class="menu-bar__content"]/div[@class="menu-bar__left-wrapper"]/div[@class="mega-menu js-mega-menu"]/nav[@class="menu js-menu"]/ul[@class="menu__list unstyled"]/li[@class="menu__tier-one js-menu__tier-one no-desktop-hover"]/a[@class="menu__item--link only-desktop--block js-menu__faq-link"]/h3[@class="menu__item--title"][count(. | //h3[@class = 'menu__item--title' and (text() = 'FAQ' or . = 'FAQ')]) = count(//h3[@class = 'menu__item--title' and (text() = 'FAQ' or . = 'FAQ')])]'. Please recheck the objects properties to make sure the desired element is located. 

2019-05-06 16:32:35 - [MESSAGE][FAILED] - Unable to click on object 'Object Repository/Accessories_OR/Page_Ontario Cannabis Store  Ontari/h3_FAQ (1)' (Root cause: com.kms.katalon.core.webui.exception.WebElementNotFoundException: Web element with id: 'Object Repository/Accessories_OR/Page_Ontario Cannabis Store  Ontari/h3_FAQ (1)' located by 'By.xpath: id("shopify-section-en-header")/div[@class="header"]/div[@class="menu-bar"]/div[@class="menu-bar__content"]/div[@class="menu-bar__left-wrapper"]/div[@class="mega-menu js-mega-menu"]/nav[@class="menu js-menu"]/ul[@class="menu__list unstyled"]/li[@class="menu__tier-one js-menu__tier-one no-desktop-hover"]/a[@class="menu__item--link only-desktop--block js-menu__faq-link"]/h3[@class="menu__item--title"][count(. | //h3[@class = 'menu__item--title' and (text() = 'FAQ' or . = 'FAQ')]) = count(//h3[@class = 'menu__item--title' and (text() = 'FAQ' or . = 'FAQ')])]' not found)
[[ATTACHMENT|/Users/sumankompelly/git/Sample-OCS/Reports/OCS-1.7.0/HOMEPAGE/20190506_162537/1557174753796.png]]

2019-05-06 16:32:35 - [MESSAGE][FAILED] - click(findTestObject("Accessories_OR/Page_Ontario Cannabis Store  Ontari/h3_FAQ (1)")) FAILED.
Reason:
com.kms.katalon.core.exception.StepFailedException: Unable to click on object 'Object Repository/Accessories_OR/Page_Ontario Cannabis Store  Ontari/h3_FAQ (1)' (Root cause: com.kms.katalon.core.webui.exception.WebElementNotFoundException: Web element with id: 'Object Repository/Accessories_OR/Page_Ontario Cannabis Store  Ontari/h3_FAQ (1)' located by 'By.xpath: id("shopify-section-en-header")/div[@class="header"]/div[@class="menu-bar"]/div[@class="menu-bar__content"]/div[@class="menu-bar__left-wrapper"]/div[@class="mega-menu js-mega-menu"]/nav[@class="menu js-menu"]/ul[@class="menu__list unstyled"]/li[@class="menu__tier-one js-menu__tier-one no-desktop-hover"]/a[@class="menu__item--link only-desktop--block js-menu__faq-link"]/h3[@class="menu__item--title"][count(. | //h3[@class = 'menu__item--title' and (text() = 'FAQ' or . = 'FAQ')]) = count(//h3[@class = 'menu__item--title' and (text() = 'FAQ' or . = 'FAQ')])]' not found)
	at com.kms.katalon.core.keyword.internal.KeywordMain.stepFailed(KeywordMain.groovy:36)
	at com.kms.katalon.core.webui.keyword.internal.WebUIKeywordMain.stepFailed(WebUIKeywordMain.groovy:65)
	at com.kms.katalon.core.webui.keyword.internal.WebUIKeywordMain.runKeyword(WebUIKeywordMain.groovy:27)
	at com.kms.katalon.core.webui.keyword.builtin.ClickKeyword.click(ClickKeyword.groovy:86)
	at com.kms.katalon.core.webui.keyword.builtin.ClickKeyword.execute(ClickKeyword.groovy:67)
	at com.kms.katalon.core.keyword.internal.KeywordExecutor.executeKeywordForPlatform(KeywordExecutor.groovy:53)
	at com.kms.katalon.core.webui.keyword.WebUiBuiltInKeywords.click(WebUiBuiltInKeywords.groovy:616)
	at com.kms.katalon.core.webui.keyword.WebUiBuiltInKeywords$click$3.call(Unknown Source)
	at HP -Mega menu-Hover-FAQ.run(HP -Mega menu-Hover-FAQ:41)
	at com.kms.katalon.core.main.ScriptEngine.run(ScriptEngine.java:194)
	at com.kms.katalon.core.main.ScriptEngine.runScriptAsRawText(ScriptEngine.java:119)
	at com.kms.katalon.core.main.TestCaseExecutor.runScript(TestCaseExecutor.java:328)
	at com.kms.katalon.core.main.TestCaseExecutor.doExecute(TestCaseExecutor.java:319)
	at com.kms.katalon.core.main.TestCaseExecutor.processExecutionPhase(TestCaseExecutor.java:298)
	at com.kms.katalon.core.main.TestCaseExecutor.accessMainPhase(TestCaseExecutor.java:290)
	at com.kms.katalon.core.main.TestCaseExecutor.execute(TestCaseExecutor.java:224)
	at com.kms.katalon.core.main.TestSuiteExecutor.accessTestCaseMainPhase(TestSuiteExecutor.java:129)
	at com.kms.katalon.core.main.TestSuiteExecutor.accessTestSuiteMainPhase(TestSuiteExecutor.java:112)
	at com.kms.katalon.core.main.TestSuiteExecutor.execute(TestSuiteExecutor.java:81)
	at com.kms.katalon.core.main.TestCaseMain.startTestSuite(TestCaseMain.java:149)
	at com.kms.katalon.core.main.TestCaseMain$startTestSuite$0.call(Unknown Source)
	at TempTestSuite1557174337711.run(TempTestSuite1557174337711.groovy:36)]]></system-out>
         <system-err><![CDATA[2019-05-06 16:31:49 - [TEST_CASE][FAILED] - Test Cases/OCS- HOME PAGE/HP -Mega menu-Hover-FAQ: Test Cases/OCS- HOME PAGE/HP -Mega menu-Hover-FAQ FAILED.
Reason:
com.kms.katalon.core.exception.StepFailedException: Unable to click on object 'Object Repository/Accessories_OR/Page_Ontario Cannabis Store  Ontari/h3_FAQ (1)' (Root cause: com.kms.katalon.core.webui.exception.WebElementNotFoundException: Web element with id: 'Object Repository/Accessories_OR/Page_Ontario Cannabis Store  Ontari/h3_FAQ (1)' located by 'By.xpath: id("shopify-section-en-header")/div[@class="header"]/div[@class="menu-bar"]/div[@class="menu-bar__content"]/div[@class="menu-bar__left-wrapper"]/div[@class="mega-menu js-mega-menu"]/nav[@class="menu js-menu"]/ul[@class="menu__list unstyled"]/li[@class="menu__tier-one js-menu__tier-one no-desktop-hover"]/a[@class="menu__item--link only-desktop--block js-menu__faq-link"]/h3[@class="menu__item--title"][count(. | //h3[@class = 'menu__item--title' and (text() = 'FAQ' or . = 'FAQ')]) = count(//h3[@class = 'menu__item--title' and (text() = 'FAQ' or . = 'FAQ')])]' not found)
	at com.kms.katalon.core.keyword.internal.KeywordMain.stepFailed(KeywordMain.groovy:36)
	at com.kms.katalon.core.webui.keyword.internal.WebUIKeywordMain.stepFailed(WebUIKeywordMain.groovy:65)
	at com.kms.katalon.core.webui.keyword.internal.WebUIKeywordMain.runKeyword(WebUIKeywordMain.groovy:27)
	at com.kms.katalon.core.webui.keyword.builtin.ClickKeyword.click(ClickKeyword.groovy:86)
	at com.kms.katalon.core.webui.keyword.builtin.ClickKeyword.execute(ClickKeyword.groovy:67)
	at com.kms.katalon.core.keyword.internal.KeywordExecutor.executeKeywordForPlatform(KeywordExecutor.groovy:53)
	at com.kms.katalon.core.webui.keyword.WebUiBuiltInKeywords.click(WebUiBuiltInKeywords.groovy:616)
	at com.kms.katalon.core.webui.keyword.WebUiBuiltInKeywords$click$3.call(Unknown Source)
	at HP -Mega menu-Hover-FAQ.run(HP -Mega menu-Hover-FAQ:41)
	at com.kms.katalon.core.main.ScriptEngine.run(ScriptEngine.java:194)
	at com.kms.katalon.core.main.ScriptEngine.runScriptAsRawText(ScriptEngine.java:119)
	at com.kms.katalon.core.main.TestCaseExecutor.runScript(TestCaseExecutor.java:328)
	at com.kms.katalon.core.main.TestCaseExecutor.doExecute(TestCaseExecutor.java:319)
	at com.kms.katalon.core.main.TestCaseExecutor.processExecutionPhase(TestCaseExecutor.java:298)
	at com.kms.katalon.core.main.TestCaseExecutor.accessMainPhase(TestCaseExecutor.java:290)
	at com.kms.katalon.core.main.TestCaseExecutor.execute(TestCaseExecutor.java:224)
	at com.kms.katalon.core.main.TestSuiteExecutor.accessTestCaseMainPhase(TestSuiteExecutor.java:129)
	at com.kms.katalon.core.main.TestSuiteExecutor.accessTestSuiteMainPhase(TestSuiteExecutor.java:112)
	at com.kms.katalon.core.main.TestSuiteExecutor.execute(TestSuiteExecutor.java:81)
	at com.kms.katalon.core.main.TestCaseMain.startTestSuite(TestCaseMain.java:149)
	at com.kms.katalon.core.main.TestCaseMain$startTestSuite$0.call(Unknown Source)
	at TempTestSuite1557174337711.run(TempTestSuite1557174337711.groovy:36)]]></system-err>
      </testcase>
      <testcase name="Test Cases/OCS- HOME PAGE/HP-Mega menu- Hover-Accessories" classname="Test Cases/OCS- HOME PAGE/HP-Mega menu- Hover-Accessories" status="PASSED">
         <system-out><![CDATA[2019-05-06 16:32:35 - [TEST_CASE][PASSED] - Test Cases/OCS- HOME PAGE/HP-Mega menu- Hover-Accessories: Test Cases/OCS- HOME PAGE/HP-Mega menu- Hover-Accessories

2019-05-06 16:32:35 - [TEST_STEP][PASSED] - openBrowser(""): Browser is opened with url: ''

2019-05-06 16:32:35 - [MESSAGE][WARNING] - A browser is already opened. Closing browser and opening a new one

2019-05-06 16:32:35 - [MESSAGE][INFO] - Starting 'Chrome' driver

2019-05-06 16:32:36 - [MESSAGE][PASSED] - Browser is opened with url: ''

2019-05-06 16:32:36 - [TEST_STEP][PASSED] - navigateToUrl("https://ocs.ca/?fts=0&preview_theme_id=53372913484"): Navigate to 'https://ocs.ca/?fts=0&preview_theme_id=53372913484' successfully

2019-05-06 16:32:41 - [MESSAGE][PASSED] - Navigate to 'https://ocs.ca/?fts=0&preview_theme_id=53372913484' successfully

2019-05-06 16:32:41 - [TEST_STEP][PASSED] - maximizeWindow(): Current window maximized

2019-05-06 16:32:41 - [MESSAGE][PASSED] - Current window maximized

2019-05-06 16:32:41 - [TEST_STEP][PASSED] - selectOptionByValue(findTestObject("Object Repository/Accessories_OR/Page_Ontario Cannabis Store  Ontari/select_Select01020304050607080"), "1", true): All options with value '1' are selected in object 'Object Repository/Accessories_OR/Page_Ontario Cannabis Store  Ontari/select_Select01020304050607080'  using regular expression

2019-05-06 16:32:41 - [MESSAGE][PASSED] - All options with value '1' are selected in object 'Object Repository/Accessories_OR/Page_Ontario Cannabis Store  Ontari/select_Select01020304050607080'  using regular expression

2019-05-06 16:32:41 - [TEST_STEP][PASSED] - selectOptionByValue(findTestObject("Object Repository/Accessories_OR/Page_Ontario Cannabis Store  Ontari/select_SelectJanuary - 01Febru"), "0", true): All options with value '0' are selected in object 'Object Repository/Accessories_OR/Page_Ontario Cannabis Store  Ontari/select_SelectJanuary - 01Febru'  using regular expression

2019-05-06 16:32:41 - [MESSAGE][PASSED] - All options with value '0' are selected in object 'Object Repository/Accessories_OR/Page_Ontario Cannabis Store  Ontari/select_SelectJanuary - 01Febru'  using regular expression

2019-05-06 16:32:41 - [TEST_STEP][PASSED] - selectOptionByValue(findTestObject("Object Repository/Accessories_OR/Page_Ontario Cannabis Store  Ontari/select_Select20182017201620152"), "1968", true): All options with value '1968' are selected in object 'Object Repository/Accessories_OR/Page_Ontario Cannabis Store  Ontari/select_Select20182017201620152'  using regular expression

2019-05-06 16:32:43 - [MESSAGE][PASSED] - All options with value '1968' are selected in object 'Object Repository/Accessories_OR/Page_Ontario Cannabis Store  Ontari/select_Select20182017201620152'  using regular expression

2019-05-06 16:32:43 - [TEST_STEP][PASSED] - click(findTestObject("Object Repository/Accessories_OR/Page_Ontario Cannabis Store  Ontari/button_Verify")): Object: 'Object Repository/Accessories_OR/Page_Ontario Cannabis Store  Ontari/button_Verify' is clicked on

2019-05-06 16:32:43 - [MESSAGE][PASSED] - Object: 'Object Repository/Accessories_OR/Page_Ontario Cannabis Store  Ontari/button_Verify' is clicked on

2019-05-06 16:32:43 - [TEST_STEP][PASSED] - click(findTestObject("Object Repository/Accessories_OR/Page_Ontario Cannabis Store  Ontari/span_CONFIRM AND ACKNOWLEDGE_c")): Object: 'Object Repository/Accessories_OR/Page_Ontario Cannabis Store  Ontari/span_CONFIRM AND ACKNOWLEDGE_c' is clicked on

2019-05-06 16:32:43 - [MESSAGE][PASSED] - Object: 'Object Repository/Accessories_OR/Page_Ontario Cannabis Store  Ontari/span_CONFIRM AND ACKNOWLEDGE_c' is clicked on

2019-05-06 16:32:43 - [TEST_STEP][PASSED] - click(findTestObject("Object Repository/Accessories_OR/Page_Ontario Cannabis Store  Ontari/button_CONFIRM")): Object: 'Object Repository/Accessories_OR/Page_Ontario Cannabis Store  Ontari/button_CONFIRM' is clicked on

2019-05-06 16:32:43 - [MESSAGE][PASSED] - Object: 'Object Repository/Accessories_OR/Page_Ontario Cannabis Store  Ontari/button_CONFIRM' is clicked on

2019-05-06 16:32:43 - [TEST_STEP][PASSED] - click(findTestObject("Object Repository/Accessories_OR/Page_Ontario Cannabis Store  Ontari/button_Start Browsing")): Object: 'Object Repository/Accessories_OR/Page_Ontario Cannabis Store  Ontari/button_Start Browsing' is clicked on

2019-05-06 16:32:43 - [MESSAGE][PASSED] - Object: 'Object Repository/Accessories_OR/Page_Ontario Cannabis Store  Ontari/button_Start Browsing' is clicked on

2019-05-06 16:32:43 - [TEST_STEP][PASSED] - mouseOver(findTestObject("Object Repository/Accessories_OR/Page_Ontario Cannabis Store  Ontari/h3_Accessories")): Object: 'Object Repository/Accessories_OR/Page_Ontario Cannabis Store  Ontari/h3_Accessories' is hovered

2019-05-06 16:32:43 - [MESSAGE][PASSED] - Object: 'Object Repository/Accessories_OR/Page_Ontario Cannabis Store  Ontari/h3_Accessories' is hovered

2019-05-06 16:32:43 - [TEST_STEP][PASSED] - click(findTestObject("Object Repository/Accessories_OR/Page_Ontario Cannabis Store  Ontari/span_Vaporizers")): Object: 'Object Repository/Accessories_OR/Page_Ontario Cannabis Store  Ontari/span_Vaporizers' is clicked on

2019-05-06 16:32:45 - [MESSAGE][PASSED] - Object: 'Object Repository/Accessories_OR/Page_Ontario Cannabis Store  Ontari/span_Vaporizers' is clicked on

2019-05-06 16:32:45 - [TEST_STEP][PASSED] - click(findTestObject("Object Repository/Accessories_OR/Page_Vaporizers  Ontario Cannabis S/h3_Accessories")): Object: 'Object Repository/Accessories_OR/Page_Vaporizers  Ontario Cannabis S/h3_Accessories' is clicked on

2019-05-06 16:32:45 - [MESSAGE][PASSED] - Object: 'Object Repository/Accessories_OR/Page_Vaporizers  Ontario Cannabis S/h3_Accessories' is clicked on

2019-05-06 16:32:45 - [TEST_STEP][PASSED] - click(findTestObject("Object Repository/Accessories_OR/Page_Vaporizers  Ontario Cannabis S/span_Bongs  Water Pipes")): Object: 'Object Repository/Accessories_OR/Page_Vaporizers  Ontario Cannabis S/span_Bongs  Water Pipes' is clicked on

2019-05-06 16:32:47 - [MESSAGE][PASSED] - Object: 'Object Repository/Accessories_OR/Page_Vaporizers  Ontario Cannabis S/span_Bongs  Water Pipes' is clicked on

2019-05-06 16:32:47 - [TEST_STEP][PASSED] - click(findTestObject("Object Repository/Accessories_OR/Page_Bongs  Water Pipes  Ontario Ca/h3_Accessories")): Object: 'Object Repository/Accessories_OR/Page_Bongs  Water Pipes  Ontario Ca/h3_Accessories' is clicked on

2019-05-06 16:32:47 - [MESSAGE][PASSED] - Object: 'Object Repository/Accessories_OR/Page_Bongs  Water Pipes  Ontario Ca/h3_Accessories' is clicked on

2019-05-06 16:32:47 - [TEST_STEP][PASSED] - click(findTestObject("Object Repository/Accessories_OR/Page_Bongs  Water Pipes  Ontario Ca/span_Handheld Pipes")): Object: 'Object Repository/Accessories_OR/Page_Bongs  Water Pipes  Ontario Ca/span_Handheld Pipes' is clicked on

2019-05-06 16:32:49 - [MESSAGE][PASSED] - Object: 'Object Repository/Accessories_OR/Page_Bongs  Water Pipes  Ontario Ca/span_Handheld Pipes' is clicked on

2019-05-06 16:32:49 - [TEST_STEP][PASSED] - click(findTestObject("Object Repository/Accessories_OR/Page_Handheld Pipes  Ontario Cannab/h3_Accessories")): Object: 'Object Repository/Accessories_OR/Page_Handheld Pipes  Ontario Cannab/h3_Accessories' is clicked on

2019-05-06 16:32:49 - [MESSAGE][PASSED] - Object: 'Object Repository/Accessories_OR/Page_Handheld Pipes  Ontario Cannab/h3_Accessories' is clicked on

2019-05-06 16:32:49 - [TEST_STEP][PASSED] - click(findTestObject("Object Repository/Accessories_OR/Page_Handheld Pipes  Ontario Cannab/span_Papers  Filters")): Object: 'Object Repository/Accessories_OR/Page_Handheld Pipes  Ontario Cannab/span_Papers  Filters' is clicked on

2019-05-06 16:32:51 - [MESSAGE][PASSED] - Object: 'Object Repository/Accessories_OR/Page_Handheld Pipes  Ontario Cannab/span_Papers  Filters' is clicked on

2019-05-06 16:32:51 - [TEST_STEP][PASSED] - click(findTestObject("Object Repository/Accessories_OR/Page_Papers  Filters  Ontario Canna/h3_Accessories")): Object: 'Object Repository/Accessories_OR/Page_Papers  Filters  Ontario Canna/h3_Accessories' is clicked on

2019-05-06 16:32:52 - [MESSAGE][PASSED] - Object: 'Object Repository/Accessories_OR/Page_Papers  Filters  Ontario Canna/h3_Accessories' is clicked on

2019-05-06 16:32:52 - [TEST_STEP][PASSED] - click(findTestObject("Object Repository/Accessories_OR/Page_Papers  Filters  Ontario Canna/span_Grinders")): Object: 'Object Repository/Accessories_OR/Page_Papers  Filters  Ontario Canna/span_Grinders' is clicked on

2019-05-06 16:32:56 - [MESSAGE][PASSED] - Object: 'Object Repository/Accessories_OR/Page_Papers  Filters  Ontario Canna/span_Grinders' is clicked on

2019-05-06 16:32:56 - [TEST_STEP][PASSED] - click(findTestObject("Object Repository/Accessories_OR/Page_Grinders  Ontario Cannabis Sto/h3_Accessories")): Object: 'Object Repository/Accessories_OR/Page_Grinders  Ontario Cannabis Sto/h3_Accessories' is clicked on

2019-05-06 16:32:56 - [MESSAGE][PASSED] - Object: 'Object Repository/Accessories_OR/Page_Grinders  Ontario Cannabis Sto/h3_Accessories' is clicked on

2019-05-06 16:32:56 - [TEST_STEP][PASSED] - click(findTestObject("Object Repository/Accessories_OR/Page_Grinders  Ontario Cannabis Sto/span_Tools  Kits")): Object: 'Object Repository/Accessories_OR/Page_Grinders  Ontario Cannabis Sto/span_Tools  Kits' is clicked on

2019-05-06 16:32:58 - [MESSAGE][PASSED] - Object: 'Object Repository/Accessories_OR/Page_Grinders  Ontario Cannabis Sto/span_Tools  Kits' is clicked on

2019-05-06 16:32:58 - [TEST_STEP][PASSED] - click(findTestObject("Object Repository/Accessories_OR/Page_Multi-Tools  Kits  Ontario Can/h3_Accessories")): Object: 'Object Repository/Accessories_OR/Page_Multi-Tools  Kits  Ontario Can/h3_Accessories' is clicked on

2019-05-06 16:32:58 - [MESSAGE][PASSED] - Object: 'Object Repository/Accessories_OR/Page_Multi-Tools  Kits  Ontario Can/h3_Accessories' is clicked on

2019-05-06 16:32:58 - [TEST_STEP][PASSED] - click(findTestObject("Object Repository/Accessories_OR/Page_Multi-Tools  Kits  Ontario Can/span_Cleaning Supplies")): Object: 'Object Repository/Accessories_OR/Page_Multi-Tools  Kits  Ontario Can/span_Cleaning Supplies' is clicked on

2019-05-06 16:33:00 - [MESSAGE][PASSED] - Object: 'Object Repository/Accessories_OR/Page_Multi-Tools  Kits  Ontario Can/span_Cleaning Supplies' is clicked on

2019-05-06 16:33:01 - [TEST_STEP][PASSED] - click(findTestObject("Object Repository/Accessories_OR/Page_Cleaning Supplies  Ontario Can/h3_Accessories")): Object: 'Object Repository/Accessories_OR/Page_Cleaning Supplies  Ontario Can/h3_Accessories' is clicked on

2019-05-06 16:33:01 - [MESSAGE][PASSED] - Object: 'Object Repository/Accessories_OR/Page_Cleaning Supplies  Ontario Can/h3_Accessories' is clicked on

2019-05-06 16:33:01 - [TEST_STEP][PASSED] - click(findTestObject("Object Repository/Accessories_OR/Page_Cleaning Supplies  Ontario Can/span_Storage")): Object: 'Object Repository/Accessories_OR/Page_Cleaning Supplies  Ontario Can/span_Storage' is clicked on

2019-05-06 16:33:03 - [MESSAGE][PASSED] - Object: 'Object Repository/Accessories_OR/Page_Cleaning Supplies  Ontario Can/span_Storage' is clicked on

2019-05-06 16:33:03 - [TEST_STEP][PASSED] - click(findTestObject("Object Repository/Accessories_OR/Page_Storage  Ontario Cannabis Stor/h3_Accessories")): Object: 'Object Repository/Accessories_OR/Page_Storage  Ontario Cannabis Stor/h3_Accessories' is clicked on

2019-05-06 16:33:03 - [MESSAGE][PASSED] - Object: 'Object Repository/Accessories_OR/Page_Storage  Ontario Cannabis Stor/h3_Accessories' is clicked on

2019-05-06 16:33:03 - [TEST_STEP][PASSED] - click(findTestObject("Object Repository/Accessories_OR/Page_Storage  Ontario Cannabis Stor/span_Trays")): Object: 'Object Repository/Accessories_OR/Page_Storage  Ontario Cannabis Stor/span_Trays' is clicked on

2019-05-06 16:33:04 - [MESSAGE][PASSED] - Object: 'Object Repository/Accessories_OR/Page_Storage  Ontario Cannabis Stor/span_Trays' is clicked on

2019-05-06 16:33:04 - [TEST_STEP][PASSED] - click(findTestObject("Object Repository/Accessories_OR/Page_Trays  Ontario Cannabis Store/h3_Accessories")): Object: 'Object Repository/Accessories_OR/Page_Trays  Ontario Cannabis Store/h3_Accessories' is clicked on

2019-05-06 16:33:04 - [MESSAGE][PASSED] - Object: 'Object Repository/Accessories_OR/Page_Trays  Ontario Cannabis Store/h3_Accessories' is clicked on

2019-05-06 16:33:04 - [TEST_STEP][PASSED] - click(findTestObject("Object Repository/Accessories_OR/Page_Trays  Ontario Cannabis Store/span_Infusers")): Object: 'Object Repository/Accessories_OR/Page_Trays  Ontario Cannabis Store/span_Infusers' is clicked on

2019-05-06 16:33:06 - [MESSAGE][PASSED] - Object: 'Object Repository/Accessories_OR/Page_Trays  Ontario Cannabis Store/span_Infusers' is clicked on

2019-05-06 16:33:06 - [TEST_STEP][PASSED] - click(findTestObject("Object Repository/Accessories_OR/Page_Infusers  Ontario Cannabis Sto/h3_Accessories")): Object: 'Object Repository/Accessories_OR/Page_Infusers  Ontario Cannabis Sto/h3_Accessories' is clicked on

2019-05-06 16:33:06 - [MESSAGE][PASSED] - Object: 'Object Repository/Accessories_OR/Page_Infusers  Ontario Cannabis Sto/h3_Accessories' is clicked on

2019-05-06 16:33:06 - [TEST_STEP][PASSED] - click(findTestObject("Object Repository/Accessories_OR/Page_Infusers  Ontario Cannabis Sto/p_Bongs  Water Pipes")): Object: 'Object Repository/Accessories_OR/Page_Infusers  Ontario Cannabis Sto/p_Bongs  Water Pipes' is clicked on

2019-05-06 16:33:08 - [MESSAGE][PASSED] - Object: 'Object Repository/Accessories_OR/Page_Infusers  Ontario Cannabis Sto/p_Bongs  Water Pipes' is clicked on

2019-05-06 16:33:08 - [TEST_STEP][PASSED] - click(findTestObject("Object Repository/Accessories_OR/Page_Bongs  Water Pipes  Ontario Ca/h3_Accessories")): Object: 'Object Repository/Accessories_OR/Page_Bongs  Water Pipes  Ontario Ca/h3_Accessories' is clicked on

2019-05-06 16:33:08 - [MESSAGE][PASSED] - Object: 'Object Repository/Accessories_OR/Page_Bongs  Water Pipes  Ontario Ca/h3_Accessories' is clicked on

2019-05-06 16:33:08 - [TEST_STEP][PASSED] - click(findTestObject("Object Repository/Accessories_OR/Page_Bongs  Water Pipes  Ontario Ca/p_Papers  Filters")): Object: 'Object Repository/Accessories_OR/Page_Bongs  Water Pipes  Ontario Ca/p_Papers  Filters' is clicked on

2019-05-06 16:33:10 - [MESSAGE][PASSED] - Object: 'Object Repository/Accessories_OR/Page_Bongs  Water Pipes  Ontario Ca/p_Papers  Filters' is clicked on

2019-05-06 16:33:10 - [TEST_STEP][PASSED] - click(findTestObject("Object Repository/Accessories_OR/Page_Papers  Filters  Ontario Canna/h3_Accessories")): Object: 'Object Repository/Accessories_OR/Page_Papers  Filters  Ontario Canna/h3_Accessories' is clicked on

2019-05-06 16:33:10 - [MESSAGE][PASSED] - Object: 'Object Repository/Accessories_OR/Page_Papers  Filters  Ontario Canna/h3_Accessories' is clicked on

2019-05-06 16:33:10 - [TEST_STEP][PASSED] - click(findTestObject("Object Repository/Accessories_OR/Page_Papers  Filters  Ontario Canna/a_SHOP ALL ACCESSORIES")): Object: 'Object Repository/Accessories_OR/Page_Papers  Filters  Ontario Canna/a_SHOP ALL ACCESSORIES' is clicked on

2019-05-06 16:33:13 - [MESSAGE][PASSED] - Object: 'Object Repository/Accessories_OR/Page_Papers  Filters  Ontario Canna/a_SHOP ALL ACCESSORIES' is clicked on

2019-05-06 16:33:13 - [TEST_STEP][PASSED] - click(findTestObject("Object Repository/Accessories_OR/Page_All Accessories  Ontario Canna/h3_Accessories")): Object: 'Object Repository/Accessories_OR/Page_All Accessories  Ontario Canna/h3_Accessories' is clicked on

2019-05-06 16:33:13 - [MESSAGE][PASSED] - Object: 'Object Repository/Accessories_OR/Page_All Accessories  Ontario Canna/h3_Accessories' is clicked on

2019-05-06 16:33:13 - [TEST_STEP][PASSED] - closeBrowser(): Browser is closed

2019-05-06 16:33:13 - [MESSAGE][PASSED] - Browser is closed]]></system-out>
         <system-err><![CDATA[]]></system-err>
      </testcase>
      <system-out><![CDATA[2019-05-06 16:25:39 - [TEST_SUITE][FAILED] - HOMEPAGE: Test Cases/OCS- HOME PAGE/Toggling language FAILED.
Reason:
com.kms.katalon.core.exception.StepFailedException: Unable to click on object 'Object Repository/language_OR/Page_Ontario Cannabis Store  Ontari/p_English' (Root cause: com.kms.katalon.core.webui.exception.WebElementNotFoundException: Web element with id: 'Object Repository/language_OR/Page_Ontario Cannabis Store  Ontari/p_English' located by 'By.xpath: //div[@id='shopify-section-en-header']/header/div/div/div/p' not found)
	at com.kms.katalon.core.keyword.internal.KeywordMain.stepFailed(KeywordMain.groovy:36)
	at com.kms.katalon.core.webui.keyword.internal.WebUIKeywordMain.stepFailed(WebUIKeywordMain.groovy:65)
	at com.kms.katalon.core.webui.keyword.internal.WebUIKeywordMain.runKeyword(WebUIKeywordMain.groovy:27)
	at com.kms.katalon.core.webui.keyword.builtin.ClickKeyword.click(ClickKeyword.groovy:86)
	at com.kms.katalon.core.webui.keyword.builtin.ClickKeyword.execute(ClickKeyword.groovy:67)
	at com.kms.katalon.core.keyword.internal.KeywordExecutor.executeKeywordForPlatform(KeywordExecutor.groovy:53)
	at com.kms.katalon.core.webui.keyword.WebUiBuiltInKeywords.click(WebUiBuiltInKeywords.groovy:616)
	at com.kms.katalon.core.webui.keyword.WebUiBuiltInKeywords$click$3.call(Unknown Source)
	at Toggling language.run(Toggling language:41)
	at com.kms.katalon.core.main.ScriptEngine.run(ScriptEngine.java:194)
	at com.kms.katalon.core.main.ScriptEngine.runScriptAsRawText(ScriptEngine.java:119)
	at com.kms.katalon.core.main.TestCaseExecutor.runScript(TestCaseExecutor.java:328)
	at com.kms.katalon.core.main.TestCaseExecutor.doExecute(TestCaseExecutor.java:319)
	at com.kms.katalon.core.main.TestCaseExecutor.processExecutionPhase(TestCaseExecutor.java:298)
	at com.kms.katalon.core.main.TestCaseExecutor.accessMainPhase(TestCaseExecutor.java:290)
	at com.kms.katalon.core.main.TestCaseExecutor.execute(TestCaseExecutor.java:224)
	at com.kms.katalon.core.main.TestSuiteExecutor.accessTestCaseMainPhase(TestSuiteExecutor.java:129)
	at com.kms.katalon.core.main.TestSuiteExecutor.accessTestSuiteMainPhase(TestSuiteExecutor.java:112)
	at com.kms.katalon.core.main.TestSuiteExecutor.execute(TestSuiteExecutor.java:81)
	at com.kms.katalon.core.main.TestCaseMain.startTestSuite(TestCaseMain.java:149)
	at com.kms.katalon.core.main.TestCaseMain$startTestSuite$0.call(Unknown Source)
	at TempTestSuite1557174337711.run(TempTestSuite1557174337711.groovy:36)]]></system-out>
      <system-err><![CDATA[2019-05-06 16:25:39 - [TEST_SUITE][FAILED] - HOMEPAGE: Test Cases/OCS- HOME PAGE/Toggling language FAILED.
Reason:
com.kms.katalon.core.exception.StepFailedException: Unable to click on object 'Object Repository/language_OR/Page_Ontario Cannabis Store  Ontari/p_English' (Root cause: com.kms.katalon.core.webui.exception.WebElementNotFoundException: Web element with id: 'Object Repository/language_OR/Page_Ontario Cannabis Store  Ontari/p_English' located by 'By.xpath: //div[@id='shopify-section-en-header']/header/div/div/div/p' not found)
	at com.kms.katalon.core.keyword.internal.KeywordMain.stepFailed(KeywordMain.groovy:36)
	at com.kms.katalon.core.webui.keyword.internal.WebUIKeywordMain.stepFailed(WebUIKeywordMain.groovy:65)
	at com.kms.katalon.core.webui.keyword.internal.WebUIKeywordMain.runKeyword(WebUIKeywordMain.groovy:27)
	at com.kms.katalon.core.webui.keyword.builtin.ClickKeyword.click(ClickKeyword.groovy:86)
	at com.kms.katalon.core.webui.keyword.builtin.ClickKeyword.execute(ClickKeyword.groovy:67)
	at com.kms.katalon.core.keyword.internal.KeywordExecutor.executeKeywordForPlatform(KeywordExecutor.groovy:53)
	at com.kms.katalon.core.webui.keyword.WebUiBuiltInKeywords.click(WebUiBuiltInKeywords.groovy:616)
	at com.kms.katalon.core.webui.keyword.WebUiBuiltInKeywords$click$3.call(Unknown Source)
	at Toggling language.run(Toggling language:41)
	at com.kms.katalon.core.main.ScriptEngine.run(ScriptEngine.java:194)
	at com.kms.katalon.core.main.ScriptEngine.runScriptAsRawText(ScriptEngine.java:119)
	at com.kms.katalon.core.main.TestCaseExecutor.runScript(TestCaseExecutor.java:328)
	at com.kms.katalon.core.main.TestCaseExecutor.doExecute(TestCaseExecutor.java:319)
	at com.kms.katalon.core.main.TestCaseExecutor.processExecutionPhase(TestCaseExecutor.java:298)
	at com.kms.katalon.core.main.TestCaseExecutor.accessMainPhase(TestCaseExecutor.java:290)
	at com.kms.katalon.core.main.TestCaseExecutor.execute(TestCaseExecutor.java:224)
	at com.kms.katalon.core.main.TestSuiteExecutor.accessTestCaseMainPhase(TestSuiteExecutor.java:129)
	at com.kms.katalon.core.main.TestSuiteExecutor.accessTestSuiteMainPhase(TestSuiteExecutor.java:112)
	at com.kms.katalon.core.main.TestSuiteExecutor.execute(TestSuiteExecutor.java:81)
	at com.kms.katalon.core.main.TestCaseMain.startTestSuite(TestCaseMain.java:149)
	at com.kms.katalon.core.main.TestCaseMain$startTestSuite$0.call(Unknown Source)
	at TempTestSuite1557174337711.run(TempTestSuite1557174337711.groovy:36)]]></system-err>
   </testsuite>
</testsuites>
