<?xml version="1.0" encoding="UTF-8"?>
<testsuites name="CRITICAL PATH - 21- 05-19" time="726" tests="10" failures="1" errors="0">
   <testsuite name="CRITICAL PATH - 21- 05-19" tests="10" failures="1" errors="0" time="726" timestamp="2019-05-21 17:50:10" hostname="sumankompelly - 10.0.126.233" id="Test Suites/OCS- MOBILE/CRITICAL PATH - 21- 05-19">
      <properties>
         <property name="deviceName" value=""/>
         <property name="devicePlatform" value=""/>
         <property name="logFolder" value="/Users/sumankompelly/git/Ontario-cannbis-store/Reports/OCS- MOBILE/CRITICAL PATH - 21- 05-19/20190521_175008"/>
         <property name="logFiles" value="/Users/sumankompelly/git/Ontario-cannbis-store/Reports/OCS- MOBILE/CRITICAL PATH - 21- 05-19/20190521_175008/execution0.log"/>
         <property name="attachments" value="/Users/sumankompelly/git/Ontario-cannbis-store/Reports/OCS- MOBILE/CRITICAL PATH - 21- 05-19/20190521_175008/1558475462024.png, /Users/sumankompelly/git/Ontario-cannbis-store/Reports/OCS- MOBILE/CRITICAL PATH - 21- 05-19/20190521_175008/1558475580483.png, /Users/sumankompelly/git/Ontario-cannbis-store/Reports/OCS- MOBILE/CRITICAL PATH - 21- 05-19/20190521_175008/1558475725868.png, /Users/sumankompelly/git/Ontario-cannbis-store/Reports/OCS- MOBILE/CRITICAL PATH - 21- 05-19/20190521_175008/1558476059701.png"/>
         <property name="hostName" value="sumankompelly - 10.0.126.233"/>
         <property name="os" value="Mac OS X 64bit"/>
         <property name="katalonVersion" value="5.10.1.1"/>
         <property name="browser" value="Chrome 74.0.3729.157"/>
         <property name="hostAddress" value="10.0.126.233"/>
         <property name="sessionId" value="e76fbd1757d64b40c8539f7341eca6cd"/>
         <property name="seleniumVersion" value="3.7.1"/>
         <property name="proxyInformation" value="ProxyInformation{proxyOption=NO_PROXY, proxyServerType=HTTP, password=, proxyServerAddress=, proxyServerPort=0}"/>
         <property name="platform" value="Mac OS X"/>
      </properties>
      <testcase name="Test Cases/OCS - MOBILE/OCS- CRITICAL PATH/Cart" classname="Test Cases/OCS - MOBILE/OCS- CRITICAL PATH/Cart" status="PASSED">
         <system-out><![CDATA[2019-05-21 17:50:11 - [TEST_CASE][PASSED] - Test Cases/OCS - MOBILE/OCS- CRITICAL PATH/Cart: Test Cases/OCS - MOBILE/OCS- CRITICAL PATH/Cart

2019-05-21 17:50:11 - [TEST_STEP][PASSED] - openBrowser(""): Browser is opened with url: ''

2019-05-21 17:50:12 - [MESSAGE][INFO] - Starting 'Chrome' driver

2019-05-21 17:50:12 - [MESSAGE][INFO] - Action delay is set to 0 seconds

2019-05-21 17:50:14 - [MESSAGE][PASSED] - Browser is opened with url: ''

2019-05-21 17:50:14 - [TEST_STEP][PASSED] - navigateToUrl("https://ocs.ca/?fts=0&preview_theme_id=53373863756"): Navigate to 'https://ocs.ca/?fts=0&preview_theme_id=53373863756' successfully

2019-05-21 17:50:20 - [MESSAGE][PASSED] - Navigate to 'https://ocs.ca/?fts=0&preview_theme_id=53373863756' successfully

2019-05-21 17:50:20 - [TEST_STEP][PASSED] - setViewPortSize(360, 800): Viewport is set to new size with width = 360 and height = 800

2019-05-21 17:50:20 - [MESSAGE][PASSED] - Viewport is set to new size with width = 360 and height = 800

2019-05-21 17:50:20 - [TEST_STEP][PASSED] - delay(4): Delayed 4 second(s)

2019-05-21 17:50:24 - [MESSAGE][PASSED] - Delayed 4 second(s)

2019-05-21 17:50:24 - [TEST_STEP][PASSED] - selectOptionByValue(findTestObject("OCS-MOBILE /Age gate and burger menu/Date"), "12", true): All options with value '12' are selected in object 'Object Repository/OCS-MOBILE /Age gate and burger menu/Date'  using regular expression

2019-05-21 17:50:24 - [MESSAGE][PASSED] - All options with value '12' are selected in object 'Object Repository/OCS-MOBILE /Age gate and burger menu/Date'  using regular expression

2019-05-21 17:50:24 - [TEST_STEP][PASSED] - selectOptionByValue(findTestObject("OCS-MOBILE /Age gate and burger menu/month"), "6", true): All options with value '6' are selected in object 'Object Repository/OCS-MOBILE /Age gate and burger menu/month'  using regular expression

2019-05-21 17:50:25 - [MESSAGE][PASSED] - All options with value '6' are selected in object 'Object Repository/OCS-MOBILE /Age gate and burger menu/month'  using regular expression

2019-05-21 17:50:25 - [TEST_STEP][PASSED] - delay(2): Delayed 2 second(s)

2019-05-21 17:50:27 - [MESSAGE][PASSED] - Delayed 2 second(s)

2019-05-21 17:50:27 - [TEST_STEP][PASSED] - selectOptionByValue(findTestObject("OCS-MOBILE /Age gate and burger menu/Year Dropdown"), "1990", true): All options with value '1990' are selected in object 'Object Repository/OCS-MOBILE /Age gate and burger menu/Year Dropdown'  using regular expression

2019-05-21 17:50:28 - [MESSAGE][PASSED] - All options with value '1990' are selected in object 'Object Repository/OCS-MOBILE /Age gate and burger menu/Year Dropdown'  using regular expression

2019-05-21 17:50:28 - [TEST_STEP][PASSED] - click(findTestObject("OCS-MOBILE /Age gate and burger menu/button_Verify")): Object: 'Object Repository/OCS-MOBILE /Age gate and burger menu/button_Verify' is clicked on

2019-05-21 17:50:28 - [MESSAGE][PASSED] - Object: 'Object Repository/OCS-MOBILE /Age gate and burger menu/button_Verify' is clicked on

2019-05-21 17:50:28 - [TEST_STEP][PASSED] - click(findTestObject("OCS-MOBILE /Age gate and burger menu/Checkbox_CONFIRM AND ACKNOWLEDGE")): Object: 'Object Repository/OCS-MOBILE /Age gate and burger menu/Checkbox_CONFIRM AND ACKNOWLEDGE' is clicked on

2019-05-21 17:50:28 - [MESSAGE][PASSED] - Object: 'Object Repository/OCS-MOBILE /Age gate and burger menu/Checkbox_CONFIRM AND ACKNOWLEDGE' is clicked on

2019-05-21 17:50:28 - [TEST_STEP][PASSED] - click(findTestObject("OCS-MOBILE /Age gate and burger menu/button_CONFIRM")): Object: 'Object Repository/OCS-MOBILE /Age gate and burger menu/button_CONFIRM' is clicked on

2019-05-21 17:50:28 - [MESSAGE][PASSED] - Object: 'Object Repository/OCS-MOBILE /Age gate and burger menu/button_CONFIRM' is clicked on

2019-05-21 17:50:28 - [TEST_STEP][PASSED] - click(findTestObject("OCS-MOBILE /Age gate and burger menu/button_Start Browsing")): Object: 'Object Repository/OCS-MOBILE /Age gate and burger menu/button_Start Browsing' is clicked on

2019-05-21 17:50:28 - [MESSAGE][PASSED] - Object: 'Object Repository/OCS-MOBILE /Age gate and burger menu/button_Start Browsing' is clicked on

2019-05-21 17:50:28 - [TEST_STEP][PASSED] - delay(2): Delayed 2 second(s)

2019-05-21 17:50:30 - [MESSAGE][PASSED] - Delayed 2 second(s)

2019-05-21 17:50:30 - [TEST_STEP][PASSED] - click(findTestObject("OCS-MOBILE /Age gate and burger menu/Burger menu - English")): Object: 'Object Repository/OCS-MOBILE /Age gate and burger menu/Burger menu - English' is clicked on

2019-05-21 17:50:30 - [MESSAGE][PASSED] - Object: 'Object Repository/OCS-MOBILE /Age gate and burger menu/Burger menu - English' is clicked on

2019-05-21 17:50:30 - [TEST_STEP][PASSED] - delay(2): Delayed 2 second(s)

2019-05-21 17:50:32 - [MESSAGE][PASSED] - Delayed 2 second(s)

2019-05-21 17:50:32 - [TEST_STEP][PASSED] - click(findTestObject("OCS-MOBILE /Age gate and burger menu/Chevron_Cannabis")): Object: 'Object Repository/OCS-MOBILE /Age gate and burger menu/Chevron_Cannabis' is clicked on

2019-05-21 17:50:32 - [MESSAGE][PASSED] - Object: 'Object Repository/OCS-MOBILE /Age gate and burger menu/Chevron_Cannabis' is clicked on

2019-05-21 17:50:32 - [TEST_STEP][PASSED] - delay(2): Delayed 2 second(s)

2019-05-21 17:50:34 - [MESSAGE][PASSED] - Delayed 2 second(s)

2019-05-21 17:50:34 - [TEST_STEP][PASSED] - click(findTestObject("OCS-MOBILE /Age gate and burger menu/Dried Flower_Plus icon")): Object: 'Object Repository/OCS-MOBILE /Age gate and burger menu/Dried Flower_Plus icon' is clicked on

2019-05-21 17:50:34 - [MESSAGE][PASSED] - Object: 'Object Repository/OCS-MOBILE /Age gate and burger menu/Dried Flower_Plus icon' is clicked on

2019-05-21 17:50:34 - [TEST_STEP][PASSED] - delay(2): Delayed 2 second(s)

2019-05-21 17:50:36 - [MESSAGE][PASSED] - Delayed 2 second(s)

2019-05-21 17:50:36 - [TEST_STEP][PASSED] - click(findTestObject("OCS-MOBILE /Age gate and burger menu/Indica Dominant_Menu item")): Object: 'Object Repository/OCS-MOBILE /Age gate and burger menu/Indica Dominant_Menu item' is clicked on

2019-05-21 17:50:39 - [MESSAGE][PASSED] - Object: 'Object Repository/OCS-MOBILE /Age gate and burger menu/Indica Dominant_Menu item' is clicked on

2019-05-21 17:50:39 - [TEST_STEP][PASSED] - delay(2): Delayed 2 second(s)

2019-05-21 17:50:41 - [MESSAGE][PASSED] - Delayed 2 second(s)

2019-05-21 17:50:41 - [TEST_STEP][PASSED] - click(findTestObject("OCS-MOBILE /Collection page/Product image - 1st one")): Object: 'Object Repository/OCS-MOBILE /Collection page/Product image - 1st one' is clicked on

2019-05-21 17:50:45 - [MESSAGE][PASSED] - Object: 'Object Repository/OCS-MOBILE /Collection page/Product image - 1st one' is clicked on

2019-05-21 17:50:45 - [TEST_STEP][PASSED] - scrollToElement(findTestObject("OCS-MOBILE /Product page/Product image"), 1): Scroll to object 'Object Repository/OCS-MOBILE /Product page/Product image' successfully

2019-05-21 17:50:45 - [MESSAGE][PASSED] - Scroll to object 'Object Repository/OCS-MOBILE /Product page/Product image' successfully

2019-05-21 17:50:45 - [TEST_STEP][PASSED] - delay(2): Delayed 2 second(s)

2019-05-21 17:50:47 - [MESSAGE][PASSED] - Delayed 2 second(s)

2019-05-21 17:50:47 - [TEST_STEP][PASSED] - click(findTestObject("OCS-MOBILE /Product page/Swatch_1g")): Object: 'Object Repository/OCS-MOBILE /Product page/Swatch_1g' is clicked on

2019-05-21 17:50:47 - [MESSAGE][PASSED] - Object: 'Object Repository/OCS-MOBILE /Product page/Swatch_1g' is clicked on

2019-05-21 17:50:47 - [TEST_STEP][PASSED] - scrollToElement(findTestObject("OCS-MOBILE /Product page/Swatch_3.5g"), 1): Scroll to object 'Object Repository/OCS-MOBILE /Product page/Swatch_3.5g' successfully

2019-05-21 17:50:47 - [MESSAGE][PASSED] - Scroll to object 'Object Repository/OCS-MOBILE /Product page/Swatch_3.5g' successfully

2019-05-21 17:50:47 - [TEST_STEP][PASSED] - delay(2): Delayed 2 second(s)

2019-05-21 17:50:49 - [MESSAGE][PASSED] - Delayed 2 second(s)

2019-05-21 17:50:49 - [TEST_STEP][PASSED] - click(findTestObject("OCS-MOBILE /Product page/Add to Bag-button")): Object: 'Object Repository/OCS-MOBILE /Product page/Add to Bag-button' is clicked on

2019-05-21 17:50:49 - [MESSAGE][PASSED] - Object: 'Object Repository/OCS-MOBILE /Product page/Add to Bag-button' is clicked on

2019-05-21 17:50:49 - [TEST_STEP][PASSED] - delay(2): Delayed 2 second(s)

2019-05-21 17:50:51 - [MESSAGE][PASSED] - Delayed 2 second(s)

2019-05-21 17:50:51 - [TEST_STEP][PASSED] - setViewPortSize(1000, 800, OPTIONAL): Viewport is set to new size with width = 1000 and height = 800

2019-05-21 17:50:51 - [MESSAGE][PASSED] - Viewport is set to new size with width = 1000 and height = 800

2019-05-21 17:50:51 - [TEST_STEP][PASSED] - delay(2, OPTIONAL): Delayed 2 second(s)

2019-05-21 17:50:53 - [MESSAGE][PASSED] - Delayed 2 second(s)

2019-05-21 17:50:53 - [TEST_STEP][PASSED] - click(findTestObject("Theme_oR/Page_Ontario Cannabis Store  Ontari/button_Hide bar"), OPTIONAL): Object: 'Object Repository/Theme_oR/Page_Ontario Cannabis Store  Ontari/button_Hide bar' is clicked on

2019-05-21 17:50:53 - [MESSAGE][PASSED] - Object: 'Object Repository/Theme_oR/Page_Ontario Cannabis Store  Ontari/button_Hide bar' is clicked on

2019-05-21 17:50:53 - [TEST_STEP][PASSED] - delay(2, OPTIONAL): Delayed 2 second(s)

2019-05-21 17:50:55 - [MESSAGE][PASSED] - Delayed 2 second(s)

2019-05-21 17:50:55 - [TEST_STEP][PASSED] - setViewPortSize(360, 800, OPTIONAL): Viewport is set to new size with width = 360 and height = 800

2019-05-21 17:50:55 - [MESSAGE][PASSED] - Viewport is set to new size with width = 360 and height = 800

2019-05-21 17:50:55 - [TEST_STEP][PASSED] - delay(2): Delayed 2 second(s)

2019-05-21 17:50:57 - [MESSAGE][PASSED] - Delayed 2 second(s)

2019-05-21 17:50:57 - [TEST_STEP][PASSED] - click(findTestObject("OCS-MOBILE /Cart flyout/Back icon")): Object: 'Object Repository/OCS-MOBILE /Cart flyout/Back icon' is clicked on

2019-05-21 17:50:57 - [MESSAGE][PASSED] - Object: 'Object Repository/OCS-MOBILE /Cart flyout/Back icon' is clicked on

2019-05-21 17:50:57 - [TEST_STEP][PASSED] - delay(2): Delayed 2 second(s)

2019-05-21 17:50:59 - [MESSAGE][PASSED] - Delayed 2 second(s)

2019-05-21 17:50:59 - [TEST_STEP][PASSED] - scrollToElement(findTestObject("OCS-MOBILE /Product page/Product image"), 1): Scroll to object 'Object Repository/OCS-MOBILE /Product page/Product image' successfully

2019-05-21 17:50:59 - [MESSAGE][PASSED] - Scroll to object 'Object Repository/OCS-MOBILE /Product page/Product image' successfully

2019-05-21 17:50:59 - [TEST_STEP][PASSED] - delay(2): Delayed 2 second(s)

2019-05-21 17:51:01 - [MESSAGE][PASSED] - Delayed 2 second(s)

2019-05-21 17:51:01 - [TEST_STEP][PASSED] - flag = verifyElementPresent(findTestObject("OCS-MOBILE /Product page/Swatch_3.5g"), 0): Object 'Object Repository/OCS-MOBILE /Product page/Swatch_3.5g' is present

2019-05-21 17:51:01 - [MESSAGE][WARNING] - Timeout '0' is invalid. Using default page load timeout: '30'

2019-05-21 17:51:02 - [MESSAGE][PASSED] - Object 'Object Repository/OCS-MOBILE /Product page/Swatch_3.5g' is present

2019-05-21 17:51:02 - [TEST_STEP][PASSED] - comment(" flag=" + flag):  flag=true

2019-05-21 17:51:02 - [MESSAGE][INFO] -  flag=true

2019-05-21 17:51:02 - [TEST_STEP][PASSED] - takeScreenshot(): Taking screenshot successfully

2019-05-21 17:51:02 - [MESSAGE][PASSED] - Taking screenshot successfully
[[ATTACHMENT|/Users/sumankompelly/git/Ontario-cannbis-store/Reports/OCS- MOBILE/CRITICAL PATH - 21- 05-19/20190521_175008/1558475462024.png]]

2019-05-21 17:51:02 - [TEST_STEP][PASSED] - if (flag == true): Actual object '9.75' and expected object '9.75' are equal

2019-05-21 17:51:02 - [TEST_STEP][PASSED] - delay(2): Delayed 2 second(s)

2019-05-21 17:51:04 - [MESSAGE][PASSED] - Delayed 2 second(s)

2019-05-21 17:51:04 - [TEST_STEP][PASSED] - click(findTestObject("OCS-MOBILE /Product page/Swatch_3.5g"), CONTINUE_ON_FAILURE): Object: 'Object Repository/OCS-MOBILE /Product page/Swatch_3.5g' is clicked on

2019-05-21 17:51:04 - [MESSAGE][PASSED] - Object: 'Object Repository/OCS-MOBILE /Product page/Swatch_3.5g' is clicked on

2019-05-21 17:51:04 - [TEST_STEP][PASSED] - click(findTestObject("OCS-MOBILE /Product page/Add to Bag-button")): Object: 'Object Repository/OCS-MOBILE /Product page/Add to Bag-button' is clicked on

2019-05-21 17:51:04 - [MESSAGE][PASSED] - Object: 'Object Repository/OCS-MOBILE /Product page/Add to Bag-button' is clicked on

2019-05-21 17:51:04 - [TEST_STEP][PASSED] - delay(2): Delayed 2 second(s)

2019-05-21 17:51:06 - [MESSAGE][PASSED] - Delayed 2 second(s)

2019-05-21 17:51:06 - [TEST_STEP][PASSED] - click(findTestObject("OCS-MOBILE /Cart flyout/Checkbox_I confirm that")): Object: 'Object Repository/OCS-MOBILE /Cart flyout/Checkbox_I confirm that' is clicked on

2019-05-21 17:51:06 - [MESSAGE][PASSED] - Object: 'Object Repository/OCS-MOBILE /Cart flyout/Checkbox_I confirm that' is clicked on

2019-05-21 17:51:06 - [TEST_STEP][PASSED] - click(findTestObject("OCS-MOBILE /Cart flyout/Checkbox_Accept the Terms Condition")): Object: 'Object Repository/OCS-MOBILE /Cart flyout/Checkbox_Accept the Terms Condition' is clicked on

2019-05-21 17:51:06 - [MESSAGE][PASSED] - Object: 'Object Repository/OCS-MOBILE /Cart flyout/Checkbox_Accept the Terms Condition' is clicked on

2019-05-21 17:51:06 - [TEST_STEP][PASSED] - delay(2): Delayed 2 second(s)

2019-05-21 17:51:08 - [MESSAGE][PASSED] - Delayed 2 second(s)

2019-05-21 17:51:08 - [TEST_STEP][PASSED] - click(findTestObject("OCS-MOBILE /Cart flyout/Checkout - Button")): Object: 'Object Repository/OCS-MOBILE /Cart flyout/Checkout - Button' is clicked on

2019-05-21 17:51:14 - [MESSAGE][PASSED] - Object: 'Object Repository/OCS-MOBILE /Cart flyout/Checkout - Button' is clicked on

2019-05-21 17:51:14 - [TEST_STEP][PASSED] - delay(2): Delayed 2 second(s)

2019-05-21 17:51:16 - [MESSAGE][PASSED] - Delayed 2 second(s)

2019-05-21 17:51:16 - [TEST_STEP][PASSED] - scrollToElement(findTestObject("OCS-MOBILE /Customer info page/Return to Cart - Link"), 1): Scroll to object 'Object Repository/OCS-MOBILE /Customer info page/Return to Cart - Link' successfully

2019-05-21 17:51:16 - [MESSAGE][PASSED] - Scroll to object 'Object Repository/OCS-MOBILE /Customer info page/Return to Cart - Link' successfully

2019-05-21 17:51:16 - [TEST_STEP][PASSED] - delay(2): Delayed 2 second(s)

2019-05-21 17:51:18 - [MESSAGE][PASSED] - Delayed 2 second(s)

2019-05-21 17:51:18 - [TEST_STEP][PASSED] - setViewPortSize(1000, 800, OPTIONAL): Viewport is set to new size with width = 1000 and height = 800

2019-05-21 17:51:18 - [MESSAGE][PASSED] - Viewport is set to new size with width = 1000 and height = 800

2019-05-21 17:51:18 - [TEST_STEP][PASSED] - delay(2, OPTIONAL): Delayed 2 second(s)

2019-05-21 17:51:20 - [MESSAGE][PASSED] - Delayed 2 second(s)

2019-05-21 17:51:20 - [TEST_STEP][PASSED] - click(findTestObject("Theme_oR/Page_Ontario Cannabis Store  Ontari/button_Hide bar"), OPTIONAL): Object: 'Object Repository/Theme_oR/Page_Ontario Cannabis Store  Ontari/button_Hide bar' is clicked on

2019-05-21 17:51:20 - [MESSAGE][PASSED] - Object: 'Object Repository/Theme_oR/Page_Ontario Cannabis Store  Ontari/button_Hide bar' is clicked on

2019-05-21 17:51:20 - [TEST_STEP][PASSED] - delay(2, OPTIONAL): Delayed 2 second(s)

2019-05-21 17:51:22 - [MESSAGE][PASSED] - Delayed 2 second(s)

2019-05-21 17:51:22 - [TEST_STEP][PASSED] - setViewPortSize(360, 800, OPTIONAL): Viewport is set to new size with width = 360 and height = 800

2019-05-21 17:51:22 - [MESSAGE][PASSED] - Viewport is set to new size with width = 360 and height = 800

2019-05-21 17:51:22 - [TEST_STEP][PASSED] - delay(1): Delayed 1 second(s)

2019-05-21 17:51:23 - [MESSAGE][PASSED] - Delayed 1 second(s)

2019-05-21 17:51:23 - [TEST_STEP][PASSED] - click(findTestObject("OCS-MOBILE /Customer info page/Return to Cart - Link")): Object: 'Object Repository/OCS-MOBILE /Customer info page/Return to Cart - Link' is clicked on

2019-05-21 17:51:25 - [MESSAGE][PASSED] - Object: 'Object Repository/OCS-MOBILE /Customer info page/Return to Cart - Link' is clicked on

2019-05-21 17:51:25 - [TEST_STEP][PASSED] - delay(2): Delayed 2 second(s)

2019-05-21 17:51:27 - [MESSAGE][PASSED] - Delayed 2 second(s)

2019-05-21 17:51:27 - [TEST_STEP][PASSED] - setViewPortSize(1000, 800, OPTIONAL): Viewport is set to new size with width = 1000 and height = 800

2019-05-21 17:51:27 - [MESSAGE][PASSED] - Viewport is set to new size with width = 1000 and height = 800

2019-05-21 17:51:27 - [TEST_STEP][PASSED] - delay(2, OPTIONAL): Delayed 2 second(s)

2019-05-21 17:51:29 - [MESSAGE][PASSED] - Delayed 2 second(s)

2019-05-21 17:51:29 - [TEST_STEP][PASSED] - click(findTestObject("Theme_oR/Page_Ontario Cannabis Store  Ontari/button_Hide bar"), OPTIONAL): Object: 'Object Repository/Theme_oR/Page_Ontario Cannabis Store  Ontari/button_Hide bar' is clicked on

2019-05-21 17:51:29 - [MESSAGE][PASSED] - Object: 'Object Repository/Theme_oR/Page_Ontario Cannabis Store  Ontari/button_Hide bar' is clicked on

2019-05-21 17:51:29 - [TEST_STEP][PASSED] - delay(2, OPTIONAL): Delayed 2 second(s)

2019-05-21 17:51:31 - [MESSAGE][PASSED] - Delayed 2 second(s)

2019-05-21 17:51:31 - [TEST_STEP][PASSED] - setViewPortSize(360, 800, OPTIONAL): Viewport is set to new size with width = 360 and height = 800

2019-05-21 17:51:31 - [MESSAGE][PASSED] - Viewport is set to new size with width = 360 and height = 800

2019-05-21 17:51:31 - [TEST_STEP][PASSED] - delay(1, OPTIONAL): Delayed 1 second(s)

2019-05-21 17:51:32 - [MESSAGE][PASSED] - Delayed 1 second(s)

2019-05-21 17:51:32 - [TEST_STEP][PASSED] - a = getText(findTestObject("OCS-MOBILE /Cart page/Unit price - 1st product")): Text of object 'Object Repository/OCS-MOBILE /Cart page/Unit price - 1st product' is: '$32.40'

2019-05-21 17:51:32 - [MESSAGE][PASSED] - Text of object 'Object Repository/OCS-MOBILE /Cart page/Unit price - 1st product' is: '$32.40'

2019-05-21 17:51:32 - [TEST_STEP][PASSED] - comment(a): $32.40

2019-05-21 17:51:32 - [MESSAGE][INFO] - $32.40

2019-05-21 17:51:32 - [TEST_STEP][PASSED] - a1 = a.substring(1): null

2019-05-21 17:51:32 - [TEST_STEP][PASSED] - comment("a1 = " + a1): a1 = 32.40

2019-05-21 17:51:32 - [MESSAGE][INFO] - a1 = 32.40

2019-05-21 17:51:32 - [TEST_STEP][PASSED] - delay(2): Delayed 2 second(s)

2019-05-21 17:51:34 - [MESSAGE][PASSED] - Delayed 2 second(s)

2019-05-21 17:51:34 - [TEST_STEP][PASSED] - b = getText(findTestObject("OCS-MOBILE /Cart page/Unit price - 2nd product")): Text of object 'Object Repository/OCS-MOBILE /Cart page/Unit price - 2nd product' is: '$9.75'

2019-05-21 17:51:35 - [MESSAGE][PASSED] - Text of object 'Object Repository/OCS-MOBILE /Cart page/Unit price - 2nd product' is: '$9.75'

2019-05-21 17:51:35 - [TEST_STEP][PASSED] - comment(b): $9.75

2019-05-21 17:51:35 - [MESSAGE][INFO] - $9.75

2019-05-21 17:51:35 - [TEST_STEP][PASSED] - a2 = b.substring(1): null

2019-05-21 17:51:35 - [TEST_STEP][PASSED] - comment("a2 = " + a2): a2 = 9.75

2019-05-21 17:51:35 - [MESSAGE][INFO] - a2 = 9.75

2019-05-21 17:51:35 - [TEST_STEP][PASSED] - c = getText(findTestObject("OCS-MOBILE /Cart page/Sub-total")): Text of object 'Object Repository/OCS-MOBILE /Cart page/Sub-total' is: '$42.15'

2019-05-21 17:51:35 - [MESSAGE][PASSED] - Text of object 'Object Repository/OCS-MOBILE /Cart page/Sub-total' is: '$42.15'

2019-05-21 17:51:35 - [TEST_STEP][PASSED] - comment(c): $42.15

2019-05-21 17:51:35 - [MESSAGE][INFO] - $42.15

2019-05-21 17:51:35 - [TEST_STEP][PASSED] - a3 = c.substring(1): null

2019-05-21 17:51:35 - [TEST_STEP][PASSED] - comment("a3 = " + a3): a3 = 42.15

2019-05-21 17:51:35 - [MESSAGE][INFO] - a3 = 42.15

2019-05-21 17:51:35 - [TEST_STEP][PASSED] - p2 = <not implemented yet for class: org.codehaus.groovy.ast.expr.EmptyExpression>: null

2019-05-21 17:51:35 - [TEST_STEP][PASSED] - p3 = <not implemented yet for class: org.codehaus.groovy.ast.expr.EmptyExpression>: null

2019-05-21 17:51:35 - [TEST_STEP][PASSED] - try: p2=32.4

2019-05-21 17:51:35 - [TEST_STEP][PASSED] - x1 = a1: null

2019-05-21 17:51:35 - [TEST_STEP][PASSED] - comment("x1=" + x1): x1=32.40

2019-05-21 17:51:35 - [MESSAGE][INFO] - x1=32.40

2019-05-21 17:51:35 - [TEST_STEP][PASSED] - p2 = Double.valueOf(x1): null

2019-05-21 17:51:35 - [TEST_STEP][PASSED] - comment("p2=" + p2): p2=32.4

2019-05-21 17:51:35 - [MESSAGE][INFO] - p2=32.4

2019-05-21 17:51:35 - [TEST_STEP][PASSED] - try: p3=9.75

2019-05-21 17:51:35 - [TEST_STEP][PASSED] - x2 = a2: null

2019-05-21 17:51:35 - [TEST_STEP][PASSED] - comment("x2=" + x2): x2=9.75

2019-05-21 17:51:35 - [MESSAGE][INFO] - x2=9.75

2019-05-21 17:51:35 - [TEST_STEP][PASSED] - p3 = Double.valueOf(x2): null

2019-05-21 17:51:35 - [TEST_STEP][PASSED] - comment("p3=" + p3): p3=9.75

2019-05-21 17:51:35 - [MESSAGE][INFO] - p3=9.75

2019-05-21 17:51:35 - [TEST_STEP][PASSED] - comment("p2=" + p2): p2=32.4

2019-05-21 17:51:35 - [MESSAGE][INFO] - p2=32.4

2019-05-21 17:51:35 - [TEST_STEP][PASSED] - comment("p3=" + p3): p3=9.75

2019-05-21 17:51:35 - [MESSAGE][INFO] - p3=9.75

2019-05-21 17:51:35 - [TEST_STEP][PASSED] - total = p2 + p3: null

2019-05-21 17:51:35 - [TEST_STEP][PASSED] - comment("total=" + total): total=42.15

2019-05-21 17:51:35 - [MESSAGE][INFO] - total=42.15

2019-05-21 17:51:35 - [TEST_STEP][PASSED] - verifyEqual(total, a3): Actual object '42.15' and expected object '42.15' are equal

2019-05-21 17:51:35 - [MESSAGE][PASSED] - Actual object '42.15' and expected object '42.15' are equal

2019-05-21 17:51:35 - [TEST_STEP][PASSED] - click(findTestObject("OCS-MOBILE /Cart page/Remove icon - 1st Product")): Object: 'Object Repository/OCS-MOBILE /Cart page/Remove icon - 1st Product' is clicked on

2019-05-21 17:51:36 - [MESSAGE][PASSED] - Object: 'Object Repository/OCS-MOBILE /Cart page/Remove icon - 1st Product' is clicked on

2019-05-21 17:51:36 - [TEST_STEP][PASSED] - delay(2): Delayed 2 second(s)

2019-05-21 17:51:38 - [MESSAGE][PASSED] - Delayed 2 second(s)

2019-05-21 17:51:38 - [TEST_STEP][PASSED] - c23 = getText(findTestObject("OCS-MOBILE /Cart page/Sub-total")): Text of object 'Object Repository/OCS-MOBILE /Cart page/Sub-total' is: '$9.75'

2019-05-21 17:51:38 - [MESSAGE][PASSED] - Text of object 'Object Repository/OCS-MOBILE /Cart page/Sub-total' is: '$9.75'

2019-05-21 17:51:38 - [TEST_STEP][PASSED] - comment(c23): $9.75

2019-05-21 17:51:38 - [MESSAGE][INFO] - $9.75

2019-05-21 17:51:38 - [TEST_STEP][PASSED] - a4 = c23.substring(1): null

2019-05-21 17:51:38 - [TEST_STEP][PASSED] - comment("a4= " + a4): a4= 9.75

2019-05-21 17:51:38 - [MESSAGE][INFO] - a4= 9.75

2019-05-21 17:51:38 - [TEST_STEP][PASSED] - b25 = getText(findTestObject("OCS-MOBILE /Cart page/Unit price - 1st product")): Text of object 'Object Repository/OCS-MOBILE /Cart page/Unit price - 1st product' is: '$9.75'

2019-05-21 17:51:38 - [MESSAGE][PASSED] - Text of object 'Object Repository/OCS-MOBILE /Cart page/Unit price - 1st product' is: '$9.75'

2019-05-21 17:51:38 - [TEST_STEP][PASSED] - comment(b25): $9.75

2019-05-21 17:51:38 - [MESSAGE][INFO] - $9.75

2019-05-21 17:51:38 - [TEST_STEP][PASSED] - a25 = b25.substring(1): null

2019-05-21 17:51:38 - [TEST_STEP][PASSED] - comment("a25 = " + a25): a25 = 9.75

2019-05-21 17:51:38 - [MESSAGE][INFO] - a25 = 9.75

2019-05-21 17:51:38 - [TEST_STEP][PASSED] - verifyEqual(a4, a25): Actual object '9.75' and expected object '9.75' are equal

2019-05-21 17:51:38 - [MESSAGE][PASSED] - Actual object '9.75' and expected object '9.75' are equal]]></system-out>
         <system-err><![CDATA[]]></system-err>
      </testcase>
      <testcase name="Test Cases/OCS - MOBILE/OCS- CRITICAL PATH/cart flyout- accessories" classname="Test Cases/OCS - MOBILE/OCS- CRITICAL PATH/cart flyout- accessories" status="PASSED">
         <system-out><![CDATA[2019-05-21 17:51:38 - [TEST_CASE][PASSED] - Test Cases/OCS - MOBILE/OCS- CRITICAL PATH/cart flyout- accessories: Test Cases/OCS - MOBILE/OCS- CRITICAL PATH/cart flyout- accessories

2019-05-21 17:51:38 - [TEST_STEP][PASSED] - openBrowser(""): Browser is opened with url: ''

2019-05-21 17:51:38 - [MESSAGE][WARNING] - A browser is already opened. Closing browser and opening a new one

2019-05-21 17:51:38 - [MESSAGE][INFO] - Starting 'Chrome' driver

2019-05-21 17:51:39 - [MESSAGE][PASSED] - Browser is opened with url: ''

2019-05-21 17:51:39 - [TEST_STEP][PASSED] - navigateToUrl("https://ocs.ca/?fts=0&preview_theme_id=53373863756"): Navigate to 'https://ocs.ca/?fts=0&preview_theme_id=53373863756' successfully

2019-05-21 17:51:45 - [MESSAGE][PASSED] - Navigate to 'https://ocs.ca/?fts=0&preview_theme_id=53373863756' successfully

2019-05-21 17:51:45 - [TEST_STEP][PASSED] - setViewPortSize(360, 800): Viewport is set to new size with width = 360 and height = 800

2019-05-21 17:51:45 - [MESSAGE][PASSED] - Viewport is set to new size with width = 360 and height = 800

2019-05-21 17:51:45 - [TEST_STEP][PASSED] - delay(4): Delayed 4 second(s)

2019-05-21 17:51:49 - [MESSAGE][PASSED] - Delayed 4 second(s)

2019-05-21 17:51:49 - [TEST_STEP][PASSED] - selectOptionByValue(findTestObject("OCS-MOBILE /Age gate and burger menu/Date"), "12", true): All options with value '12' are selected in object 'Object Repository/OCS-MOBILE /Age gate and burger menu/Date'  using regular expression

2019-05-21 17:51:50 - [MESSAGE][PASSED] - All options with value '12' are selected in object 'Object Repository/OCS-MOBILE /Age gate and burger menu/Date'  using regular expression

2019-05-21 17:51:50 - [TEST_STEP][PASSED] - selectOptionByValue(findTestObject("OCS-MOBILE /Age gate and burger menu/month"), "6", true): All options with value '6' are selected in object 'Object Repository/OCS-MOBILE /Age gate and burger menu/month'  using regular expression

2019-05-21 17:51:50 - [MESSAGE][PASSED] - All options with value '6' are selected in object 'Object Repository/OCS-MOBILE /Age gate and burger menu/month'  using regular expression

2019-05-21 17:51:50 - [TEST_STEP][PASSED] - delay(2): Delayed 2 second(s)

2019-05-21 17:51:52 - [MESSAGE][PASSED] - Delayed 2 second(s)

2019-05-21 17:51:52 - [TEST_STEP][PASSED] - selectOptionByValue(findTestObject("OCS-MOBILE /Age gate and burger menu/Year Dropdown"), "1990", true): All options with value '1990' are selected in object 'Object Repository/OCS-MOBILE /Age gate and burger menu/Year Dropdown'  using regular expression

2019-05-21 17:51:53 - [MESSAGE][PASSED] - All options with value '1990' are selected in object 'Object Repository/OCS-MOBILE /Age gate and burger menu/Year Dropdown'  using regular expression

2019-05-21 17:51:53 - [TEST_STEP][PASSED] - click(findTestObject("OCS-MOBILE /Age gate and burger menu/button_Verify")): Object: 'Object Repository/OCS-MOBILE /Age gate and burger menu/button_Verify' is clicked on

2019-05-21 17:51:53 - [MESSAGE][PASSED] - Object: 'Object Repository/OCS-MOBILE /Age gate and burger menu/button_Verify' is clicked on

2019-05-21 17:51:53 - [TEST_STEP][PASSED] - click(findTestObject("OCS-MOBILE /Age gate and burger menu/Checkbox_CONFIRM AND ACKNOWLEDGE")): Object: 'Object Repository/OCS-MOBILE /Age gate and burger menu/Checkbox_CONFIRM AND ACKNOWLEDGE' is clicked on

2019-05-21 17:51:53 - [MESSAGE][PASSED] - Object: 'Object Repository/OCS-MOBILE /Age gate and burger menu/Checkbox_CONFIRM AND ACKNOWLEDGE' is clicked on

2019-05-21 17:51:53 - [TEST_STEP][PASSED] - click(findTestObject("OCS-MOBILE /Age gate and burger menu/button_CONFIRM")): Object: 'Object Repository/OCS-MOBILE /Age gate and burger menu/button_CONFIRM' is clicked on

2019-05-21 17:51:53 - [MESSAGE][PASSED] - Object: 'Object Repository/OCS-MOBILE /Age gate and burger menu/button_CONFIRM' is clicked on

2019-05-21 17:51:53 - [TEST_STEP][PASSED] - click(findTestObject("OCS-MOBILE /Age gate and burger menu/button_Start Browsing")): Object: 'Object Repository/OCS-MOBILE /Age gate and burger menu/button_Start Browsing' is clicked on

2019-05-21 17:51:53 - [MESSAGE][PASSED] - Object: 'Object Repository/OCS-MOBILE /Age gate and burger menu/button_Start Browsing' is clicked on

2019-05-21 17:51:53 - [TEST_STEP][PASSED] - delay(2): Delayed 2 second(s)

2019-05-21 17:51:55 - [MESSAGE][PASSED] - Delayed 2 second(s)

2019-05-21 17:51:55 - [TEST_STEP][PASSED] - click(findTestObject("OCS-MOBILE /Age gate and burger menu/Burger menu - English")): Object: 'Object Repository/OCS-MOBILE /Age gate and burger menu/Burger menu - English' is clicked on

2019-05-21 17:51:55 - [MESSAGE][PASSED] - Object: 'Object Repository/OCS-MOBILE /Age gate and burger menu/Burger menu - English' is clicked on

2019-05-21 17:51:55 - [TEST_STEP][PASSED] - delay(2): Delayed 2 second(s)

2019-05-21 17:51:57 - [MESSAGE][PASSED] - Delayed 2 second(s)

2019-05-21 17:51:57 - [TEST_STEP][PASSED] - click(findTestObject("OCS-MOBILE /Age gate and burger menu/Chevron_Cannabis")): Object: 'Object Repository/OCS-MOBILE /Age gate and burger menu/Chevron_Cannabis' is clicked on

2019-05-21 17:51:57 - [MESSAGE][PASSED] - Object: 'Object Repository/OCS-MOBILE /Age gate and burger menu/Chevron_Cannabis' is clicked on

2019-05-21 17:51:57 - [TEST_STEP][PASSED] - delay(2): Delayed 2 second(s)

2019-05-21 17:51:59 - [MESSAGE][PASSED] - Delayed 2 second(s)

2019-05-21 17:51:59 - [TEST_STEP][PASSED] - click(findTestObject("OCS-MOBILE /Age gate and burger menu/Dried Flower_Plus icon")): Object: 'Object Repository/OCS-MOBILE /Age gate and burger menu/Dried Flower_Plus icon' is clicked on

2019-05-21 17:51:59 - [MESSAGE][PASSED] - Object: 'Object Repository/OCS-MOBILE /Age gate and burger menu/Dried Flower_Plus icon' is clicked on

2019-05-21 17:51:59 - [TEST_STEP][PASSED] - delay(2): Delayed 2 second(s)

2019-05-21 17:52:01 - [MESSAGE][PASSED] - Delayed 2 second(s)

2019-05-21 17:52:01 - [TEST_STEP][PASSED] - click(findTestObject("OCS-MOBILE /Age gate and burger menu/Indica Dominant_Menu item")): Object: 'Object Repository/OCS-MOBILE /Age gate and burger menu/Indica Dominant_Menu item' is clicked on

2019-05-21 17:52:03 - [MESSAGE][PASSED] - Object: 'Object Repository/OCS-MOBILE /Age gate and burger menu/Indica Dominant_Menu item' is clicked on

2019-05-21 17:52:03 - [TEST_STEP][PASSED] - delay(2): Delayed 2 second(s)

2019-05-21 17:52:05 - [MESSAGE][PASSED] - Delayed 2 second(s)

2019-05-21 17:52:05 - [TEST_STEP][PASSED] - click(findTestObject("OCS-MOBILE /Collection page/Product image - 1st one")): Object: 'Object Repository/OCS-MOBILE /Collection page/Product image - 1st one' is clicked on

2019-05-21 17:52:10 - [MESSAGE][PASSED] - Object: 'Object Repository/OCS-MOBILE /Collection page/Product image - 1st one' is clicked on

2019-05-21 17:52:10 - [TEST_STEP][PASSED] - scrollToElement(findTestObject("OCS-MOBILE /Product page/Product image"), 1): Scroll to object 'Object Repository/OCS-MOBILE /Product page/Product image' successfully

2019-05-21 17:52:10 - [MESSAGE][PASSED] - Scroll to object 'Object Repository/OCS-MOBILE /Product page/Product image' successfully

2019-05-21 17:52:10 - [TEST_STEP][PASSED] - delay(2): Delayed 2 second(s)

2019-05-21 17:52:12 - [MESSAGE][PASSED] - Delayed 2 second(s)

2019-05-21 17:52:12 - [TEST_STEP][PASSED] - click(findTestObject("OCS-MOBILE /Product page/Swatch_1g")): Object: 'Object Repository/OCS-MOBILE /Product page/Swatch_1g' is clicked on

2019-05-21 17:52:12 - [MESSAGE][PASSED] - Object: 'Object Repository/OCS-MOBILE /Product page/Swatch_1g' is clicked on

2019-05-21 17:52:12 - [TEST_STEP][PASSED] - scrollToElement(findTestObject("OCS-MOBILE /Product page/Swatch_3.5g"), 1): Scroll to object 'Object Repository/OCS-MOBILE /Product page/Swatch_3.5g' successfully

2019-05-21 17:52:12 - [MESSAGE][PASSED] - Scroll to object 'Object Repository/OCS-MOBILE /Product page/Swatch_3.5g' successfully

2019-05-21 17:52:12 - [TEST_STEP][PASSED] - delay(2): Delayed 2 second(s)

2019-05-21 17:52:14 - [MESSAGE][PASSED] - Delayed 2 second(s)

2019-05-21 17:52:14 - [TEST_STEP][PASSED] - click(findTestObject("OCS-MOBILE /Product page/Add to Bag-button")): Object: 'Object Repository/OCS-MOBILE /Product page/Add to Bag-button' is clicked on

2019-05-21 17:52:14 - [MESSAGE][PASSED] - Object: 'Object Repository/OCS-MOBILE /Product page/Add to Bag-button' is clicked on

2019-05-21 17:52:14 - [TEST_STEP][PASSED] - delay(1): Delayed 1 second(s)

2019-05-21 17:52:15 - [MESSAGE][PASSED] - Delayed 1 second(s)

2019-05-21 17:52:15 - [TEST_STEP][PASSED] - maximizeWindow(): Current window maximized

2019-05-21 17:52:15 - [MESSAGE][PASSED] - Current window maximized

2019-05-21 17:52:15 - [TEST_STEP][PASSED] - delay(2): Delayed 2 second(s)

2019-05-21 17:52:17 - [MESSAGE][PASSED] - Delayed 2 second(s)

2019-05-21 17:52:17 - [TEST_STEP][PASSED] - click(findTestObject("Theme_oR/Page_Ontario Cannabis Store  Ontari/button_Hide bar")): Object: 'Object Repository/Theme_oR/Page_Ontario Cannabis Store  Ontari/button_Hide bar' is clicked on

2019-05-21 17:52:17 - [MESSAGE][PASSED] - Object: 'Object Repository/Theme_oR/Page_Ontario Cannabis Store  Ontari/button_Hide bar' is clicked on

2019-05-21 17:52:17 - [TEST_STEP][PASSED] - delay(2): Delayed 2 second(s)

2019-05-21 17:52:19 - [MESSAGE][PASSED] - Delayed 2 second(s)

2019-05-21 17:52:19 - [TEST_STEP][PASSED] - setViewPortSize(360, 800): Viewport is set to new size with width = 360 and height = 800

2019-05-21 17:52:19 - [MESSAGE][PASSED] - Viewport is set to new size with width = 360 and height = 800

2019-05-21 17:52:19 - [TEST_STEP][PASSED] - delay(2): Delayed 2 second(s)

2019-05-21 17:52:21 - [MESSAGE][PASSED] - Delayed 2 second(s)

2019-05-21 17:52:21 - [TEST_STEP][PASSED] - click(findTestObject("OCS-MOBILE /Cart flyout/Up Chevron - Accessories you might need")): Object: 'Object Repository/OCS-MOBILE /Cart flyout/Up Chevron - Accessories you might need' is clicked on

2019-05-21 17:52:21 - [MESSAGE][PASSED] - Object: 'Object Repository/OCS-MOBILE /Cart flyout/Up Chevron - Accessories you might need' is clicked on

2019-05-21 17:52:21 - [TEST_STEP][PASSED] - delay(4): Delayed 4 second(s)

2019-05-21 17:52:25 - [MESSAGE][PASSED] - Delayed 4 second(s)

2019-05-21 17:52:25 - [TEST_STEP][PASSED] - click(findTestObject("OCS-MOBILE /Cart flyout/Down Chevron - Accessories you might need")): Object: 'Object Repository/OCS-MOBILE /Cart flyout/Down Chevron - Accessories you might need' is clicked on

2019-05-21 17:52:25 - [MESSAGE][PASSED] - Object: 'Object Repository/OCS-MOBILE /Cart flyout/Down Chevron - Accessories you might need' is clicked on]]></system-out>
         <system-err><![CDATA[]]></system-err>
      </testcase>
      <testcase name="Test Cases/OCS - MOBILE/OCS- CRITICAL PATH/Cart flyout- decrease qty" classname="Test Cases/OCS - MOBILE/OCS- CRITICAL PATH/Cart flyout- decrease qty" status="PASSED">
         <system-out><![CDATA[2019-05-21 17:52:25 - [TEST_CASE][PASSED] - Test Cases/OCS - MOBILE/OCS- CRITICAL PATH/Cart flyout- decrease qty: Test Cases/OCS - MOBILE/OCS- CRITICAL PATH/Cart flyout- decrease qty

2019-05-21 17:52:26 - [TEST_STEP][PASSED] - openBrowser(""): Browser is opened with url: ''

2019-05-21 17:52:26 - [MESSAGE][WARNING] - A browser is already opened. Closing browser and opening a new one

2019-05-21 17:52:26 - [MESSAGE][INFO] - Starting 'Chrome' driver

2019-05-21 17:52:27 - [MESSAGE][PASSED] - Browser is opened with url: ''

2019-05-21 17:52:27 - [TEST_STEP][PASSED] - navigateToUrl("https://ocs.ca/?fts=0&preview_theme_id=53373863756"): Navigate to 'https://ocs.ca/?fts=0&preview_theme_id=53373863756' successfully

2019-05-21 17:52:31 - [MESSAGE][PASSED] - Navigate to 'https://ocs.ca/?fts=0&preview_theme_id=53373863756' successfully

2019-05-21 17:52:31 - [TEST_STEP][PASSED] - setViewPortSize(360, 800): Viewport is set to new size with width = 360 and height = 800

2019-05-21 17:52:31 - [MESSAGE][PASSED] - Viewport is set to new size with width = 360 and height = 800

2019-05-21 17:52:31 - [TEST_STEP][PASSED] - delay(4): Delayed 4 second(s)

2019-05-21 17:52:35 - [MESSAGE][PASSED] - Delayed 4 second(s)

2019-05-21 17:52:35 - [TEST_STEP][PASSED] - selectOptionByValue(findTestObject("OCS-MOBILE /Age gate and burger menu/Date"), "12", true): All options with value '12' are selected in object 'Object Repository/OCS-MOBILE /Age gate and burger menu/Date'  using regular expression

2019-05-21 17:52:35 - [MESSAGE][PASSED] - All options with value '12' are selected in object 'Object Repository/OCS-MOBILE /Age gate and burger menu/Date'  using regular expression

2019-05-21 17:52:35 - [TEST_STEP][PASSED] - selectOptionByValue(findTestObject("OCS-MOBILE /Age gate and burger menu/month"), "6", true): All options with value '6' are selected in object 'Object Repository/OCS-MOBILE /Age gate and burger menu/month'  using regular expression

2019-05-21 17:52:36 - [MESSAGE][PASSED] - All options with value '6' are selected in object 'Object Repository/OCS-MOBILE /Age gate and burger menu/month'  using regular expression

2019-05-21 17:52:36 - [TEST_STEP][PASSED] - delay(2): Delayed 2 second(s)

2019-05-21 17:52:38 - [MESSAGE][PASSED] - Delayed 2 second(s)

2019-05-21 17:52:38 - [TEST_STEP][PASSED] - selectOptionByValue(findTestObject("OCS-MOBILE /Age gate and burger menu/Year Dropdown"), "1990", true): All options with value '1990' are selected in object 'Object Repository/OCS-MOBILE /Age gate and burger menu/Year Dropdown'  using regular expression

2019-05-21 17:52:39 - [MESSAGE][PASSED] - All options with value '1990' are selected in object 'Object Repository/OCS-MOBILE /Age gate and burger menu/Year Dropdown'  using regular expression

2019-05-21 17:52:39 - [TEST_STEP][PASSED] - click(findTestObject("OCS-MOBILE /Age gate and burger menu/button_Verify")): Object: 'Object Repository/OCS-MOBILE /Age gate and burger menu/button_Verify' is clicked on

2019-05-21 17:52:39 - [MESSAGE][PASSED] - Object: 'Object Repository/OCS-MOBILE /Age gate and burger menu/button_Verify' is clicked on

2019-05-21 17:52:39 - [TEST_STEP][PASSED] - click(findTestObject("OCS-MOBILE /Age gate and burger menu/Checkbox_CONFIRM AND ACKNOWLEDGE")): Object: 'Object Repository/OCS-MOBILE /Age gate and burger menu/Checkbox_CONFIRM AND ACKNOWLEDGE' is clicked on

2019-05-21 17:52:39 - [MESSAGE][PASSED] - Object: 'Object Repository/OCS-MOBILE /Age gate and burger menu/Checkbox_CONFIRM AND ACKNOWLEDGE' is clicked on

2019-05-21 17:52:39 - [TEST_STEP][PASSED] - click(findTestObject("OCS-MOBILE /Age gate and burger menu/button_CONFIRM")): Object: 'Object Repository/OCS-MOBILE /Age gate and burger menu/button_CONFIRM' is clicked on

2019-05-21 17:52:39 - [MESSAGE][PASSED] - Object: 'Object Repository/OCS-MOBILE /Age gate and burger menu/button_CONFIRM' is clicked on

2019-05-21 17:52:39 - [TEST_STEP][PASSED] - click(findTestObject("OCS-MOBILE /Age gate and burger menu/button_Start Browsing")): Object: 'Object Repository/OCS-MOBILE /Age gate and burger menu/button_Start Browsing' is clicked on

2019-05-21 17:52:39 - [MESSAGE][PASSED] - Object: 'Object Repository/OCS-MOBILE /Age gate and burger menu/button_Start Browsing' is clicked on

2019-05-21 17:52:39 - [TEST_STEP][PASSED] - delay(2): Delayed 2 second(s)

2019-05-21 17:52:41 - [MESSAGE][PASSED] - Delayed 2 second(s)

2019-05-21 17:52:41 - [TEST_STEP][PASSED] - click(findTestObject("OCS-MOBILE /Age gate and burger menu/Burger menu - English")): Object: 'Object Repository/OCS-MOBILE /Age gate and burger menu/Burger menu - English' is clicked on

2019-05-21 17:52:41 - [MESSAGE][PASSED] - Object: 'Object Repository/OCS-MOBILE /Age gate and burger menu/Burger menu - English' is clicked on

2019-05-21 17:52:41 - [TEST_STEP][PASSED] - delay(2): Delayed 2 second(s)

2019-05-21 17:52:43 - [MESSAGE][PASSED] - Delayed 2 second(s)

2019-05-21 17:52:43 - [TEST_STEP][PASSED] - click(findTestObject("OCS-MOBILE /Age gate and burger menu/Chevron_Cannabis")): Object: 'Object Repository/OCS-MOBILE /Age gate and burger menu/Chevron_Cannabis' is clicked on

2019-05-21 17:52:43 - [MESSAGE][PASSED] - Object: 'Object Repository/OCS-MOBILE /Age gate and burger menu/Chevron_Cannabis' is clicked on

2019-05-21 17:52:43 - [TEST_STEP][PASSED] - delay(2): Delayed 2 second(s)

2019-05-21 17:52:45 - [MESSAGE][PASSED] - Delayed 2 second(s)

2019-05-21 17:52:45 - [TEST_STEP][PASSED] - click(findTestObject("OCS-MOBILE /Age gate and burger menu/Dried Flower_Plus icon")): Object: 'Object Repository/OCS-MOBILE /Age gate and burger menu/Dried Flower_Plus icon' is clicked on

2019-05-21 17:52:45 - [MESSAGE][PASSED] - Object: 'Object Repository/OCS-MOBILE /Age gate and burger menu/Dried Flower_Plus icon' is clicked on

2019-05-21 17:52:45 - [TEST_STEP][PASSED] - delay(2): Delayed 2 second(s)

2019-05-21 17:52:47 - [MESSAGE][PASSED] - Delayed 2 second(s)

2019-05-21 17:52:47 - [TEST_STEP][PASSED] - click(findTestObject("OCS-MOBILE /Age gate and burger menu/Indica Dominant_Menu item")): Object: 'Object Repository/OCS-MOBILE /Age gate and burger menu/Indica Dominant_Menu item' is clicked on

2019-05-21 17:52:51 - [MESSAGE][PASSED] - Object: 'Object Repository/OCS-MOBILE /Age gate and burger menu/Indica Dominant_Menu item' is clicked on

2019-05-21 17:52:51 - [TEST_STEP][PASSED] - delay(2): Delayed 2 second(s)

2019-05-21 17:52:53 - [MESSAGE][PASSED] - Delayed 2 second(s)

2019-05-21 17:52:53 - [TEST_STEP][PASSED] - click(findTestObject("OCS-MOBILE /Collection page/Product image - 1st one")): Object: 'Object Repository/OCS-MOBILE /Collection page/Product image - 1st one' is clicked on

2019-05-21 17:52:58 - [MESSAGE][PASSED] - Object: 'Object Repository/OCS-MOBILE /Collection page/Product image - 1st one' is clicked on

2019-05-21 17:52:58 - [TEST_STEP][PASSED] - scrollToElement(findTestObject("OCS-MOBILE /Product page/Product image"), 1): Scroll to object 'Object Repository/OCS-MOBILE /Product page/Product image' successfully

2019-05-21 17:52:58 - [MESSAGE][PASSED] - Scroll to object 'Object Repository/OCS-MOBILE /Product page/Product image' successfully

2019-05-21 17:52:58 - [TEST_STEP][PASSED] - delay(2): Delayed 2 second(s)

2019-05-21 17:53:00 - [MESSAGE][PASSED] - Delayed 2 second(s)

2019-05-21 17:53:00 - [TEST_STEP][PASSED] - flag = click(findTestObject("OCS-MOBILE /Product page/Swatch_3.5g"), CONTINUE_ON_FAILURE): Object: 'Object Repository/OCS-MOBILE /Product page/Swatch_3.5g' is clicked on

2019-05-21 17:53:00 - [MESSAGE][PASSED] - Object: 'Object Repository/OCS-MOBILE /Product page/Swatch_3.5g' is clicked on

2019-05-21 17:53:00 - [TEST_STEP][PASSED] - takeScreenshot(): Taking screenshot successfully

2019-05-21 17:53:00 - [MESSAGE][PASSED] - Taking screenshot successfully
[[ATTACHMENT|/Users/sumankompelly/git/Ontario-cannbis-store/Reports/OCS- MOBILE/CRITICAL PATH - 21- 05-19/20190521_175008/1558475580483.png]]

2019-05-21 17:53:00 - [TEST_STEP][PASSED] - comment(" flag =" + flag):  flag =false

2019-05-21 17:53:00 - [MESSAGE][INFO] -  flag =false

2019-05-21 17:53:00 - [TEST_STEP][PASSED] - if (flag == true): null

2019-05-21 17:53:00 - [TEST_STEP][PASSED] - else:  price changed . Quantity selector is working

2019-05-21 17:53:00 - [TEST_STEP][PASSED] - back(): Navigate back successfully

2019-05-21 17:53:03 - [MESSAGE][PASSED] - Navigate back successfully

2019-05-21 17:53:03 - [TEST_STEP][PASSED] - delay(2): Delayed 2 second(s)

2019-05-21 17:53:05 - [MESSAGE][PASSED] - Delayed 2 second(s)

2019-05-21 17:53:05 - [TEST_STEP][PASSED] - setViewPortSize(1000, 800, OPTIONAL): Viewport is set to new size with width = 1000 and height = 800

2019-05-21 17:53:05 - [MESSAGE][PASSED] - Viewport is set to new size with width = 1000 and height = 800

2019-05-21 17:53:05 - [TEST_STEP][PASSED] - delay(2, OPTIONAL): Delayed 2 second(s)

2019-05-21 17:53:07 - [MESSAGE][PASSED] - Delayed 2 second(s)

2019-05-21 17:53:07 - [TEST_STEP][PASSED] - click(findTestObject("Theme_oR/Page_Ontario Cannabis Store  Ontari/button_Hide bar"), OPTIONAL): Object: 'Object Repository/Theme_oR/Page_Ontario Cannabis Store  Ontari/button_Hide bar' is clicked on

2019-05-21 17:53:07 - [MESSAGE][PASSED] - Object: 'Object Repository/Theme_oR/Page_Ontario Cannabis Store  Ontari/button_Hide bar' is clicked on

2019-05-21 17:53:07 - [TEST_STEP][PASSED] - delay(2, OPTIONAL): Delayed 2 second(s)

2019-05-21 17:53:09 - [MESSAGE][PASSED] - Delayed 2 second(s)

2019-05-21 17:53:09 - [TEST_STEP][PASSED] - setViewPortSize(360, 800, OPTIONAL): Viewport is set to new size with width = 360 and height = 800

2019-05-21 17:53:09 - [MESSAGE][PASSED] - Viewport is set to new size with width = 360 and height = 800

2019-05-21 17:53:09 - [TEST_STEP][PASSED] - delay(2): Delayed 2 second(s)

2019-05-21 17:53:11 - [MESSAGE][PASSED] - Delayed 2 second(s)

2019-05-21 17:53:11 - [TEST_STEP][PASSED] - click(findTestObject("OCS-MOBILE /Collection page/Shishkaberry")): Object: 'Object Repository/OCS-MOBILE /Collection page/Shishkaberry' is clicked on

2019-05-21 17:53:17 - [MESSAGE][PASSED] - Object: 'Object Repository/OCS-MOBILE /Collection page/Shishkaberry' is clicked on

2019-05-21 17:53:17 - [TEST_STEP][PASSED] - delay(2): Delayed 2 second(s)

2019-05-21 17:53:19 - [MESSAGE][PASSED] - Delayed 2 second(s)

2019-05-21 17:53:19 - [TEST_STEP][PASSED] - setViewPortSize(1000, 800, OPTIONAL): Viewport is set to new size with width = 1000 and height = 800

2019-05-21 17:53:19 - [MESSAGE][PASSED] - Viewport is set to new size with width = 1000 and height = 800

2019-05-21 17:53:19 - [TEST_STEP][PASSED] - delay(2, OPTIONAL): Delayed 2 second(s)

2019-05-21 17:53:21 - [MESSAGE][PASSED] - Delayed 2 second(s)

2019-05-21 17:53:21 - [TEST_STEP][PASSED] - click(findTestObject("Theme_oR/Page_Ontario Cannabis Store  Ontari/button_Hide bar"), OPTIONAL): Object: 'Object Repository/Theme_oR/Page_Ontario Cannabis Store  Ontari/button_Hide bar' is clicked on

2019-05-21 17:53:21 - [MESSAGE][PASSED] - Object: 'Object Repository/Theme_oR/Page_Ontario Cannabis Store  Ontari/button_Hide bar' is clicked on

2019-05-21 17:53:21 - [TEST_STEP][PASSED] - delay(2, OPTIONAL): Delayed 2 second(s)

2019-05-21 17:53:23 - [MESSAGE][PASSED] - Delayed 2 second(s)

2019-05-21 17:53:23 - [TEST_STEP][PASSED] - setViewPortSize(360, 800, OPTIONAL): Viewport is set to new size with width = 360 and height = 800

2019-05-21 17:53:23 - [MESSAGE][PASSED] - Viewport is set to new size with width = 360 and height = 800

2019-05-21 17:53:23 - [TEST_STEP][PASSED] - delay(2): Delayed 2 second(s)

2019-05-21 17:53:25 - [MESSAGE][PASSED] - Delayed 2 second(s)

2019-05-21 17:53:25 - [TEST_STEP][PASSED] - click(findTestObject("OCS-MOBILE /Product page/Swatch_3.5g")): Object: 'Object Repository/OCS-MOBILE /Product page/Swatch_3.5g' is clicked on

2019-05-21 17:53:25 - [MESSAGE][PASSED] - Object: 'Object Repository/OCS-MOBILE /Product page/Swatch_3.5g' is clicked on

2019-05-21 17:53:25 - [TEST_STEP][PASSED] - scrollToElement(findTestObject("OCS-MOBILE /Product page/Swatch_3.5g"), 1): Scroll to object 'Object Repository/OCS-MOBILE /Product page/Swatch_3.5g' successfully

2019-05-21 17:53:25 - [MESSAGE][PASSED] - Scroll to object 'Object Repository/OCS-MOBILE /Product page/Swatch_3.5g' successfully

2019-05-21 17:53:25 - [TEST_STEP][PASSED] - delay(2): Delayed 2 second(s)

2019-05-21 17:53:27 - [MESSAGE][PASSED] - Delayed 2 second(s)

2019-05-21 17:53:27 - [TEST_STEP][PASSED] - click(findTestObject("OCS-MOBILE /Product page/Quantity Increase - Button")): Object: 'Object Repository/OCS-MOBILE /Product page/Quantity Increase - Button' is clicked on

2019-05-21 17:53:27 - [MESSAGE][PASSED] - Object: 'Object Repository/OCS-MOBILE /Product page/Quantity Increase - Button' is clicked on

2019-05-21 17:53:27 - [TEST_STEP][PASSED] - delay(1): Delayed 1 second(s)

2019-05-21 17:53:28 - [MESSAGE][PASSED] - Delayed 1 second(s)

2019-05-21 17:53:28 - [TEST_STEP][PASSED] - click(findTestObject("OCS-MOBILE /Product page/Quantity Increase - Button")): Object: 'Object Repository/OCS-MOBILE /Product page/Quantity Increase - Button' is clicked on

2019-05-21 17:53:28 - [MESSAGE][PASSED] - Object: 'Object Repository/OCS-MOBILE /Product page/Quantity Increase - Button' is clicked on

2019-05-21 17:53:28 - [TEST_STEP][PASSED] - delay(1): Delayed 1 second(s)

2019-05-21 17:53:29 - [MESSAGE][PASSED] - Delayed 1 second(s)

2019-05-21 17:53:29 - [TEST_STEP][PASSED] - click(findTestObject("OCS-MOBILE /Product page/Quantity Increase - Button")): Object: 'Object Repository/OCS-MOBILE /Product page/Quantity Increase - Button' is clicked on

2019-05-21 17:53:29 - [MESSAGE][PASSED] - Object: 'Object Repository/OCS-MOBILE /Product page/Quantity Increase - Button' is clicked on

2019-05-21 17:53:29 - [TEST_STEP][PASSED] - delay(1): Delayed 1 second(s)

2019-05-21 17:53:30 - [MESSAGE][PASSED] - Delayed 1 second(s)

2019-05-21 17:53:30 - [TEST_STEP][PASSED] - click(findTestObject("OCS-MOBILE /Product page/Quantity Increase - Button")): Object: 'Object Repository/OCS-MOBILE /Product page/Quantity Increase - Button' is clicked on

2019-05-21 17:53:30 - [MESSAGE][PASSED] - Object: 'Object Repository/OCS-MOBILE /Product page/Quantity Increase - Button' is clicked on

2019-05-21 17:53:30 - [TEST_STEP][PASSED] - delay(1): Delayed 1 second(s)

2019-05-21 17:53:31 - [MESSAGE][PASSED] - Delayed 1 second(s)

2019-05-21 17:53:31 - [TEST_STEP][PASSED] - click(findTestObject("OCS-MOBILE /Product page/Quantity Increase - Button")): Object: 'Object Repository/OCS-MOBILE /Product page/Quantity Increase - Button' is clicked on

2019-05-21 17:53:32 - [MESSAGE][PASSED] - Object: 'Object Repository/OCS-MOBILE /Product page/Quantity Increase - Button' is clicked on

2019-05-21 17:53:32 - [TEST_STEP][PASSED] - delay(2): Delayed 2 second(s)

2019-05-21 17:53:34 - [MESSAGE][PASSED] - Delayed 2 second(s)

2019-05-21 17:53:34 - [TEST_STEP][PASSED] - click(findTestObject("OCS-MOBILE /Product page/Add to Bag-button")): Object: 'Object Repository/OCS-MOBILE /Product page/Add to Bag-button' is clicked on

2019-05-21 17:53:34 - [MESSAGE][PASSED] - Object: 'Object Repository/OCS-MOBILE /Product page/Add to Bag-button' is clicked on

2019-05-21 17:53:34 - [TEST_STEP][PASSED] - delay(1): Delayed 1 second(s)

2019-05-21 17:53:35 - [MESSAGE][PASSED] - Delayed 1 second(s)

2019-05-21 17:53:35 - [TEST_STEP][PASSED] - click(findTestObject("OCS-MOBILE /Cart flyout/Quantity decrease - Product")): Object: 'Object Repository/OCS-MOBILE /Cart flyout/Quantity decrease - Product' is clicked on

2019-05-21 17:53:35 - [MESSAGE][PASSED] - Object: 'Object Repository/OCS-MOBILE /Cart flyout/Quantity decrease - Product' is clicked on

2019-05-21 17:53:35 - [TEST_STEP][PASSED] - delay(2): Delayed 2 second(s)

2019-05-21 17:53:37 - [MESSAGE][PASSED] - Delayed 2 second(s)

2019-05-21 17:53:37 - [TEST_STEP][PASSED] - a = getText(findTestObject("OCS-MOBILE /Cart page/Unit price - product")): Text of object 'Object Repository/OCS-MOBILE /Cart page/Unit price - product' is: '$162.00'

2019-05-21 17:53:37 - [MESSAGE][PASSED] - Text of object 'Object Repository/OCS-MOBILE /Cart page/Unit price - product' is: '$162.00'

2019-05-21 17:53:37 - [TEST_STEP][PASSED] - comment(a): $162.00

2019-05-21 17:53:37 - [MESSAGE][INFO] - $162.00

2019-05-21 17:53:37 - [TEST_STEP][PASSED] - b = a.substring(1): null

2019-05-21 17:53:37 - [TEST_STEP][PASSED] - comment(b): 162.00

2019-05-21 17:53:37 - [MESSAGE][INFO] - 162.00

2019-05-21 17:53:37 - [TEST_STEP][PASSED] - setText(findTestObject("OCS_CRITICAL PATH/Cartflyout-decrease qty _OR/Page_Shishkaberry  Ontario Cannabis/input_-_updates"), "5"): Text '5' is set on object 'Object Repository/OCS_CRITICAL PATH/Cartflyout-decrease qty _OR/Page_Shishkaberry  Ontario Cannabis/input_-_updates'

2019-05-21 17:53:37 - [MESSAGE][PASSED] - Text '5' is set on object 'Object Repository/OCS_CRITICAL PATH/Cartflyout-decrease qty _OR/Page_Shishkaberry  Ontario Cannabis/input_-_updates'

2019-05-21 17:53:37 - [TEST_STEP][PASSED] - setText(findTestObject("OCS_CRITICAL PATH/Cartflyout-decrease qty _OR/Page_Shishkaberry  Ontario Cannabis/input_-_updates"), "4"): Text '4' is set on object 'Object Repository/OCS_CRITICAL PATH/Cartflyout-decrease qty _OR/Page_Shishkaberry  Ontario Cannabis/input_-_updates'

2019-05-21 17:53:37 - [MESSAGE][PASSED] - Text '4' is set on object 'Object Repository/OCS_CRITICAL PATH/Cartflyout-decrease qty _OR/Page_Shishkaberry  Ontario Cannabis/input_-_updates'

2019-05-21 17:53:37 - [TEST_STEP][PASSED] - click(findTestObject("OCS_CRITICAL PATH/Cartflyout-decrease qty _OR/Page_Shishkaberry  Ontario Cannabis/i_-_icon--subtract")): Object: 'Object Repository/OCS_CRITICAL PATH/Cartflyout-decrease qty _OR/Page_Shishkaberry  Ontario Cannabis/i_-_icon--subtract' is clicked on

2019-05-21 17:53:37 - [MESSAGE][PASSED] - Object: 'Object Repository/OCS_CRITICAL PATH/Cartflyout-decrease qty _OR/Page_Shishkaberry  Ontario Cannabis/i_-_icon--subtract' is clicked on

2019-05-21 17:53:37 - [TEST_STEP][PASSED] - click(findTestObject("OCS_CRITICAL PATH/Cartflyout-decrease qty _OR/Page_Shishkaberry  Ontario Cannabis/i_-_icon--subtract")): Object: 'Object Repository/OCS_CRITICAL PATH/Cartflyout-decrease qty _OR/Page_Shishkaberry  Ontario Cannabis/i_-_icon--subtract' is clicked on

2019-05-21 17:53:37 - [MESSAGE][PASSED] - Object: 'Object Repository/OCS_CRITICAL PATH/Cartflyout-decrease qty _OR/Page_Shishkaberry  Ontario Cannabis/i_-_icon--subtract' is clicked on

2019-05-21 17:53:37 - [TEST_STEP][PASSED] - click(findTestObject("OCS_CRITICAL PATH/Cartflyout-decrease qty _OR/Page_Shishkaberry  Ontario Cannabis/i_-_icon--subtract")): Object: 'Object Repository/OCS_CRITICAL PATH/Cartflyout-decrease qty _OR/Page_Shishkaberry  Ontario Cannabis/i_-_icon--subtract' is clicked on

2019-05-21 17:53:37 - [MESSAGE][PASSED] - Object: 'Object Repository/OCS_CRITICAL PATH/Cartflyout-decrease qty _OR/Page_Shishkaberry  Ontario Cannabis/i_-_icon--subtract' is clicked on

2019-05-21 17:53:37 - [TEST_STEP][PASSED] - delay(5): Delayed 5 second(s)

2019-05-21 17:53:42 - [MESSAGE][PASSED] - Delayed 5 second(s)

2019-05-21 17:53:42 - [TEST_STEP][PASSED] - c = getText(findTestObject("OCS_CRITICAL PATH/Cartflyout-decrease qty _OR/Page_Shishkaberry  Ontario Cannabis/Page_Shishkaberry  Ontario Cannabis/div_129.60")): Text of object 'Object Repository/OCS_CRITICAL PATH/Cartflyout-decrease qty _OR/Page_Shishkaberry  Ontario Cannabis/Page_Shishkaberry  Ontario Cannabis/div_129.60' is: '$32.40'

2019-05-21 17:53:42 - [MESSAGE][PASSED] - Text of object 'Object Repository/OCS_CRITICAL PATH/Cartflyout-decrease qty _OR/Page_Shishkaberry  Ontario Cannabis/Page_Shishkaberry  Ontario Cannabis/div_129.60' is: '$32.40'

2019-05-21 17:53:42 - [TEST_STEP][PASSED] - comment(c): $32.40

2019-05-21 17:53:42 - [MESSAGE][INFO] - $32.40

2019-05-21 17:53:42 - [TEST_STEP][PASSED] - d = c.substring(1): null

2019-05-21 17:53:42 - [TEST_STEP][PASSED] - comment(d): 32.40

2019-05-21 17:53:42 - [MESSAGE][INFO] - 32.40

2019-05-21 17:53:42 - [TEST_STEP][PASSED] - verifyNotEqual("c", "d"): Actual object 'c' and expected object 'd' are not equal

2019-05-21 17:53:42 - [MESSAGE][PASSED] - Actual object 'c' and expected object 'd' are not equal

2019-05-21 17:53:42 - [TEST_STEP][PASSED] - comment(" price changed . Quantity selector is working"):  price changed . Quantity selector is working

2019-05-21 17:53:42 - [MESSAGE][INFO] -  price changed . Quantity selector is working]]></system-out>
         <system-err><![CDATA[]]></system-err>
      </testcase>
      <testcase name="Test Cases/OCS - MOBILE/OCS- CRITICAL PATH/Cart flyout- increase qty" classname="Test Cases/OCS - MOBILE/OCS- CRITICAL PATH/Cart flyout- increase qty" status="PASSED">
         <system-out><![CDATA[2019-05-21 17:53:42 - [TEST_CASE][PASSED] - Test Cases/OCS - MOBILE/OCS- CRITICAL PATH/Cart flyout- increase qty: Test Cases/OCS - MOBILE/OCS- CRITICAL PATH/Cart flyout- increase qty

2019-05-21 17:53:42 - [TEST_STEP][PASSED] - openBrowser(""): Browser is opened with url: ''

2019-05-21 17:53:42 - [MESSAGE][WARNING] - A browser is already opened. Closing browser and opening a new one

2019-05-21 17:53:42 - [MESSAGE][INFO] - Starting 'Chrome' driver

2019-05-21 17:53:44 - [MESSAGE][PASSED] - Browser is opened with url: ''

2019-05-21 17:53:44 - [TEST_STEP][PASSED] - navigateToUrl("https://ocs.ca/?fts=0&preview_theme_id=53373863756"): Navigate to 'https://ocs.ca/?fts=0&preview_theme_id=53373863756' successfully

2019-05-21 17:53:48 - [MESSAGE][PASSED] - Navigate to 'https://ocs.ca/?fts=0&preview_theme_id=53373863756' successfully

2019-05-21 17:53:48 - [TEST_STEP][PASSED] - setViewPortSize(360, 800): Viewport is set to new size with width = 360 and height = 800

2019-05-21 17:53:48 - [MESSAGE][PASSED] - Viewport is set to new size with width = 360 and height = 800

2019-05-21 17:53:48 - [TEST_STEP][PASSED] - delay(4): Delayed 4 second(s)

2019-05-21 17:53:52 - [MESSAGE][PASSED] - Delayed 4 second(s)

2019-05-21 17:53:52 - [TEST_STEP][PASSED] - selectOptionByValue(findTestObject("OCS-MOBILE /Age gate and burger menu/Date"), "12", true): All options with value '12' are selected in object 'Object Repository/OCS-MOBILE /Age gate and burger menu/Date'  using regular expression

2019-05-21 17:53:52 - [MESSAGE][PASSED] - All options with value '12' are selected in object 'Object Repository/OCS-MOBILE /Age gate and burger menu/Date'  using regular expression

2019-05-21 17:53:52 - [TEST_STEP][PASSED] - selectOptionByValue(findTestObject("OCS-MOBILE /Age gate and burger menu/month"), "6", true): All options with value '6' are selected in object 'Object Repository/OCS-MOBILE /Age gate and burger menu/month'  using regular expression

2019-05-21 17:53:53 - [MESSAGE][PASSED] - All options with value '6' are selected in object 'Object Repository/OCS-MOBILE /Age gate and burger menu/month'  using regular expression

2019-05-21 17:53:53 - [TEST_STEP][PASSED] - delay(2): Delayed 2 second(s)

2019-05-21 17:53:55 - [MESSAGE][PASSED] - Delayed 2 second(s)

2019-05-21 17:53:55 - [TEST_STEP][PASSED] - selectOptionByValue(findTestObject("OCS-MOBILE /Age gate and burger menu/Year Dropdown"), "1990", true): All options with value '1990' are selected in object 'Object Repository/OCS-MOBILE /Age gate and burger menu/Year Dropdown'  using regular expression

2019-05-21 17:53:56 - [MESSAGE][PASSED] - All options with value '1990' are selected in object 'Object Repository/OCS-MOBILE /Age gate and burger menu/Year Dropdown'  using regular expression

2019-05-21 17:53:56 - [TEST_STEP][PASSED] - click(findTestObject("OCS-MOBILE /Age gate and burger menu/button_Verify")): Object: 'Object Repository/OCS-MOBILE /Age gate and burger menu/button_Verify' is clicked on

2019-05-21 17:53:56 - [MESSAGE][PASSED] - Object: 'Object Repository/OCS-MOBILE /Age gate and burger menu/button_Verify' is clicked on

2019-05-21 17:53:56 - [TEST_STEP][PASSED] - click(findTestObject("OCS-MOBILE /Age gate and burger menu/Checkbox_CONFIRM AND ACKNOWLEDGE")): Object: 'Object Repository/OCS-MOBILE /Age gate and burger menu/Checkbox_CONFIRM AND ACKNOWLEDGE' is clicked on

2019-05-21 17:53:56 - [MESSAGE][PASSED] - Object: 'Object Repository/OCS-MOBILE /Age gate and burger menu/Checkbox_CONFIRM AND ACKNOWLEDGE' is clicked on

2019-05-21 17:53:56 - [TEST_STEP][PASSED] - click(findTestObject("OCS-MOBILE /Age gate and burger menu/button_CONFIRM")): Object: 'Object Repository/OCS-MOBILE /Age gate and burger menu/button_CONFIRM' is clicked on

2019-05-21 17:53:56 - [MESSAGE][PASSED] - Object: 'Object Repository/OCS-MOBILE /Age gate and burger menu/button_CONFIRM' is clicked on

2019-05-21 17:53:56 - [TEST_STEP][PASSED] - click(findTestObject("OCS-MOBILE /Age gate and burger menu/button_Start Browsing")): Object: 'Object Repository/OCS-MOBILE /Age gate and burger menu/button_Start Browsing' is clicked on

2019-05-21 17:53:56 - [MESSAGE][PASSED] - Object: 'Object Repository/OCS-MOBILE /Age gate and burger menu/button_Start Browsing' is clicked on

2019-05-21 17:53:56 - [TEST_STEP][PASSED] - delay(2): Delayed 2 second(s)

2019-05-21 17:53:58 - [MESSAGE][PASSED] - Delayed 2 second(s)

2019-05-21 17:53:58 - [TEST_STEP][PASSED] - click(findTestObject("OCS-MOBILE /Age gate and burger menu/Burger menu - English")): Object: 'Object Repository/OCS-MOBILE /Age gate and burger menu/Burger menu - English' is clicked on

2019-05-21 17:53:58 - [MESSAGE][PASSED] - Object: 'Object Repository/OCS-MOBILE /Age gate and burger menu/Burger menu - English' is clicked on

2019-05-21 17:53:58 - [TEST_STEP][PASSED] - delay(2): Delayed 2 second(s)

2019-05-21 17:54:00 - [MESSAGE][PASSED] - Delayed 2 second(s)

2019-05-21 17:54:00 - [TEST_STEP][PASSED] - click(findTestObject("OCS-MOBILE /Age gate and burger menu/Chevron_Cannabis")): Object: 'Object Repository/OCS-MOBILE /Age gate and burger menu/Chevron_Cannabis' is clicked on

2019-05-21 17:54:00 - [MESSAGE][PASSED] - Object: 'Object Repository/OCS-MOBILE /Age gate and burger menu/Chevron_Cannabis' is clicked on

2019-05-21 17:54:00 - [TEST_STEP][PASSED] - delay(2): Delayed 2 second(s)

2019-05-21 17:54:02 - [MESSAGE][PASSED] - Delayed 2 second(s)

2019-05-21 17:54:02 - [TEST_STEP][PASSED] - click(findTestObject("OCS-MOBILE /Age gate and burger menu/Dried Flower_Plus icon")): Object: 'Object Repository/OCS-MOBILE /Age gate and burger menu/Dried Flower_Plus icon' is clicked on

2019-05-21 17:54:03 - [MESSAGE][PASSED] - Object: 'Object Repository/OCS-MOBILE /Age gate and burger menu/Dried Flower_Plus icon' is clicked on

2019-05-21 17:54:03 - [TEST_STEP][PASSED] - delay(2): Delayed 2 second(s)

2019-05-21 17:54:05 - [MESSAGE][PASSED] - Delayed 2 second(s)

2019-05-21 17:54:05 - [TEST_STEP][PASSED] - click(findTestObject("OCS-MOBILE /Age gate and burger menu/Indica Dominant_Menu item")): Object: 'Object Repository/OCS-MOBILE /Age gate and burger menu/Indica Dominant_Menu item' is clicked on

2019-05-21 17:54:07 - [MESSAGE][PASSED] - Object: 'Object Repository/OCS-MOBILE /Age gate and burger menu/Indica Dominant_Menu item' is clicked on

2019-05-21 17:54:07 - [TEST_STEP][PASSED] - delay(2): Delayed 2 second(s)

2019-05-21 17:54:09 - [MESSAGE][PASSED] - Delayed 2 second(s)

2019-05-21 17:54:09 - [TEST_STEP][PASSED] - click(findTestObject("OCS-MOBILE /Collection page/Product image - 1st one")): Object: 'Object Repository/OCS-MOBILE /Collection page/Product image - 1st one' is clicked on

2019-05-21 17:54:12 - [MESSAGE][PASSED] - Object: 'Object Repository/OCS-MOBILE /Collection page/Product image - 1st one' is clicked on

2019-05-21 17:54:12 - [TEST_STEP][PASSED] - scrollToElement(findTestObject("OCS-MOBILE /Product page/Product image"), 1): Scroll to object 'Object Repository/OCS-MOBILE /Product page/Product image' successfully

2019-05-21 17:54:13 - [MESSAGE][PASSED] - Scroll to object 'Object Repository/OCS-MOBILE /Product page/Product image' successfully

2019-05-21 17:54:13 - [TEST_STEP][PASSED] - delay(2): Delayed 2 second(s)

2019-05-21 17:54:15 - [MESSAGE][PASSED] - Delayed 2 second(s)

2019-05-21 17:54:15 - [TEST_STEP][PASSED] - flag = click(findTestObject("OCS-MOBILE /Product page/Swatch_3.5g"), CONTINUE_ON_FAILURE): Object: 'Object Repository/OCS-MOBILE /Product page/Swatch_3.5g' is clicked on

2019-05-21 17:54:15 - [MESSAGE][PASSED] - Object: 'Object Repository/OCS-MOBILE /Product page/Swatch_3.5g' is clicked on

2019-05-21 17:54:15 - [TEST_STEP][PASSED] - comment(" flag =" + flag):  flag =false

2019-05-21 17:54:15 - [MESSAGE][INFO] -  flag =false

2019-05-21 17:54:15 - [TEST_STEP][PASSED] - if (flag == true): null

2019-05-21 17:54:15 - [TEST_STEP][PASSED] - else:  price changed . Quantity selector is working

2019-05-21 17:54:15 - [TEST_STEP][PASSED] - back(): Navigate back successfully

2019-05-21 17:54:17 - [MESSAGE][PASSED] - Navigate back successfully

2019-05-21 17:54:17 - [TEST_STEP][PASSED] - delay(2): Delayed 2 second(s)

2019-05-21 17:54:19 - [MESSAGE][PASSED] - Delayed 2 second(s)

2019-05-21 17:54:19 - [TEST_STEP][PASSED] - setViewPortSize(1000, 800, OPTIONAL): Viewport is set to new size with width = 1000 and height = 800

2019-05-21 17:54:19 - [MESSAGE][PASSED] - Viewport is set to new size with width = 1000 and height = 800

2019-05-21 17:54:19 - [TEST_STEP][PASSED] - delay(2, OPTIONAL): Delayed 2 second(s)

2019-05-21 17:54:21 - [MESSAGE][PASSED] - Delayed 2 second(s)

2019-05-21 17:54:21 - [TEST_STEP][PASSED] - click(findTestObject("Theme_oR/Page_Ontario Cannabis Store  Ontari/button_Hide bar"), OPTIONAL): Object: 'Object Repository/Theme_oR/Page_Ontario Cannabis Store  Ontari/button_Hide bar' is clicked on

2019-05-21 17:54:21 - [MESSAGE][PASSED] - Object: 'Object Repository/Theme_oR/Page_Ontario Cannabis Store  Ontari/button_Hide bar' is clicked on

2019-05-21 17:54:21 - [TEST_STEP][PASSED] - delay(2, OPTIONAL): Delayed 2 second(s)

2019-05-21 17:54:23 - [MESSAGE][PASSED] - Delayed 2 second(s)

2019-05-21 17:54:23 - [TEST_STEP][PASSED] - setViewPortSize(360, 800, OPTIONAL): Viewport is set to new size with width = 360 and height = 800

2019-05-21 17:54:23 - [MESSAGE][PASSED] - Viewport is set to new size with width = 360 and height = 800

2019-05-21 17:54:23 - [TEST_STEP][PASSED] - delay(2): Delayed 2 second(s)

2019-05-21 17:54:25 - [MESSAGE][PASSED] - Delayed 2 second(s)

2019-05-21 17:54:25 - [TEST_STEP][PASSED] - click(findTestObject("OCS-MOBILE /Collection page/Shishkaberry")): Object: 'Object Repository/OCS-MOBILE /Collection page/Shishkaberry' is clicked on

2019-05-21 17:54:29 - [MESSAGE][PASSED] - Object: 'Object Repository/OCS-MOBILE /Collection page/Shishkaberry' is clicked on

2019-05-21 17:54:29 - [TEST_STEP][PASSED] - delay(2): Delayed 2 second(s)

2019-05-21 17:54:31 - [MESSAGE][PASSED] - Delayed 2 second(s)

2019-05-21 17:54:31 - [TEST_STEP][PASSED] - setViewPortSize(1000, 800, OPTIONAL): Viewport is set to new size with width = 1000 and height = 800

2019-05-21 17:54:31 - [MESSAGE][PASSED] - Viewport is set to new size with width = 1000 and height = 800

2019-05-21 17:54:31 - [TEST_STEP][PASSED] - delay(2, OPTIONAL): Delayed 2 second(s)

2019-05-21 17:54:33 - [MESSAGE][PASSED] - Delayed 2 second(s)

2019-05-21 17:54:33 - [TEST_STEP][PASSED] - click(findTestObject("Theme_oR/Page_Ontario Cannabis Store  Ontari/button_Hide bar"), OPTIONAL): Object: 'Object Repository/Theme_oR/Page_Ontario Cannabis Store  Ontari/button_Hide bar' is clicked on

2019-05-21 17:54:33 - [MESSAGE][PASSED] - Object: 'Object Repository/Theme_oR/Page_Ontario Cannabis Store  Ontari/button_Hide bar' is clicked on

2019-05-21 17:54:33 - [TEST_STEP][PASSED] - delay(2, OPTIONAL): Delayed 2 second(s)

2019-05-21 17:54:35 - [MESSAGE][PASSED] - Delayed 2 second(s)

2019-05-21 17:54:35 - [TEST_STEP][PASSED] - setViewPortSize(360, 800, OPTIONAL): Viewport is set to new size with width = 360 and height = 800

2019-05-21 17:54:35 - [MESSAGE][PASSED] - Viewport is set to new size with width = 360 and height = 800

2019-05-21 17:54:35 - [TEST_STEP][PASSED] - delay(2): Delayed 2 second(s)

2019-05-21 17:54:37 - [MESSAGE][PASSED] - Delayed 2 second(s)

2019-05-21 17:54:37 - [TEST_STEP][PASSED] - click(findTestObject("OCS-MOBILE /Product page/Swatch_3.5g")): Object: 'Object Repository/OCS-MOBILE /Product page/Swatch_3.5g' is clicked on

2019-05-21 17:54:38 - [MESSAGE][PASSED] - Object: 'Object Repository/OCS-MOBILE /Product page/Swatch_3.5g' is clicked on

2019-05-21 17:54:38 - [TEST_STEP][PASSED] - scrollToElement(findTestObject("OCS-MOBILE /Product page/Swatch_3.5g"), 1): Scroll to object 'Object Repository/OCS-MOBILE /Product page/Swatch_3.5g' successfully

2019-05-21 17:54:38 - [MESSAGE][PASSED] - Scroll to object 'Object Repository/OCS-MOBILE /Product page/Swatch_3.5g' successfully

2019-05-21 17:54:38 - [TEST_STEP][PASSED] - delay(2): Delayed 2 second(s)

2019-05-21 17:54:40 - [MESSAGE][PASSED] - Delayed 2 second(s)

2019-05-21 17:54:40 - [TEST_STEP][PASSED] - click(findTestObject("OCS-MOBILE /Product page/Quantity Increase - Button")): Object: 'Object Repository/OCS-MOBILE /Product page/Quantity Increase - Button' is clicked on

2019-05-21 17:54:40 - [MESSAGE][PASSED] - Object: 'Object Repository/OCS-MOBILE /Product page/Quantity Increase - Button' is clicked on

2019-05-21 17:54:40 - [TEST_STEP][PASSED] - delay(2): Delayed 2 second(s)

2019-05-21 17:54:42 - [MESSAGE][PASSED] - Delayed 2 second(s)

2019-05-21 17:54:42 - [TEST_STEP][PASSED] - click(findTestObject("OCS-MOBILE /Product page/Add to Bag-button")): Object: 'Object Repository/OCS-MOBILE /Product page/Add to Bag-button' is clicked on

2019-05-21 17:54:42 - [MESSAGE][PASSED] - Object: 'Object Repository/OCS-MOBILE /Product page/Add to Bag-button' is clicked on

2019-05-21 17:54:42 - [TEST_STEP][PASSED] - delay(1): Delayed 1 second(s)

2019-05-21 17:54:43 - [MESSAGE][PASSED] - Delayed 1 second(s)

2019-05-21 17:54:43 - [TEST_STEP][PASSED] - click(findTestObject("OCS-MOBILE /Cart flyout/Quantity increase - Product")): Object: 'Object Repository/OCS-MOBILE /Cart flyout/Quantity increase - Product' is clicked on

2019-05-21 17:54:43 - [MESSAGE][PASSED] - Object: 'Object Repository/OCS-MOBILE /Cart flyout/Quantity increase - Product' is clicked on

2019-05-21 17:54:43 - [TEST_STEP][PASSED] - click(findTestObject("OCS-MOBILE /Cart flyout/Quantity increase - Product")): Object: 'Object Repository/OCS-MOBILE /Cart flyout/Quantity increase - Product' is clicked on

2019-05-21 17:54:43 - [MESSAGE][PASSED] - Object: 'Object Repository/OCS-MOBILE /Cart flyout/Quantity increase - Product' is clicked on

2019-05-21 17:54:43 - [TEST_STEP][PASSED] - delay(2): Delayed 2 second(s)

2019-05-21 17:54:45 - [MESSAGE][PASSED] - Delayed 2 second(s)

2019-05-21 17:54:45 - [TEST_STEP][PASSED] - a = getText(findTestObject("OCS-MOBILE /Cart flyout/Unit price - Product")): Text of object 'Object Repository/OCS-MOBILE /Cart flyout/Unit price - Product' is: '$129.60'

2019-05-21 17:54:45 - [MESSAGE][PASSED] - Text of object 'Object Repository/OCS-MOBILE /Cart flyout/Unit price - Product' is: '$129.60'

2019-05-21 17:54:45 - [TEST_STEP][PASSED] - comment(a): $129.60

2019-05-21 17:54:45 - [MESSAGE][INFO] - $129.60

2019-05-21 17:54:45 - [TEST_STEP][PASSED] - b = a.substring(1): null

2019-05-21 17:54:45 - [TEST_STEP][PASSED] - comment(b): 129.60

2019-05-21 17:54:45 - [MESSAGE][INFO] - 129.60

2019-05-21 17:54:45 - [TEST_STEP][PASSED] - setText(findTestObject("cart flyout_OR/Page_Shishkaberry  Ontario Cannabis/input_-_updates"), "3"): Text '3' is set on object 'Object Repository/cart flyout_OR/Page_Shishkaberry  Ontario Cannabis/input_-_updates'

2019-05-21 17:54:46 - [MESSAGE][PASSED] - Text '3' is set on object 'Object Repository/cart flyout_OR/Page_Shishkaberry  Ontario Cannabis/input_-_updates'

2019-05-21 17:54:46 - [TEST_STEP][PASSED] - delay(2): Delayed 2 second(s)

2019-05-21 17:54:48 - [MESSAGE][PASSED] - Delayed 2 second(s)

2019-05-21 17:54:48 - [TEST_STEP][PASSED] - click(findTestObject("cart flyout_OR/Page_Shishkaberry  Ontario Cannabis/i__icon--plus")): Object: 'Object Repository/cart flyout_OR/Page_Shishkaberry  Ontario Cannabis/i__icon--plus' is clicked on

2019-05-21 17:54:48 - [MESSAGE][PASSED] - Object: 'Object Repository/cart flyout_OR/Page_Shishkaberry  Ontario Cannabis/i__icon--plus' is clicked on

2019-05-21 17:54:48 - [TEST_STEP][PASSED] - delay(2): Delayed 2 second(s)

2019-05-21 17:54:50 - [MESSAGE][PASSED] - Delayed 2 second(s)

2019-05-21 17:54:50 - [TEST_STEP][PASSED] - click(findTestObject("cart flyout_OR/Page_Shishkaberry  Ontario Cannabis/i__icon--plus")): Object: 'Object Repository/cart flyout_OR/Page_Shishkaberry  Ontario Cannabis/i__icon--plus' is clicked on

2019-05-21 17:54:50 - [MESSAGE][PASSED] - Object: 'Object Repository/cart flyout_OR/Page_Shishkaberry  Ontario Cannabis/i__icon--plus' is clicked on

2019-05-21 17:54:50 - [TEST_STEP][PASSED] - delay(2): Delayed 2 second(s)

2019-05-21 17:54:52 - [MESSAGE][PASSED] - Delayed 2 second(s)

2019-05-21 17:54:52 - [TEST_STEP][PASSED] - click(findTestObject("cart flyout_OR/Page_Shishkaberry  Ontario Cannabis/i__icon--plus")): Object: 'Object Repository/cart flyout_OR/Page_Shishkaberry  Ontario Cannabis/i__icon--plus' is clicked on

2019-05-21 17:54:52 - [MESSAGE][PASSED] - Object: 'Object Repository/cart flyout_OR/Page_Shishkaberry  Ontario Cannabis/i__icon--plus' is clicked on

2019-05-21 17:54:52 - [TEST_STEP][PASSED] - delay(2): Delayed 2 second(s)

2019-05-21 17:54:54 - [MESSAGE][PASSED] - Delayed 2 second(s)

2019-05-21 17:54:54 - [TEST_STEP][PASSED] - c = getText(findTestObject("cart flyout_OR/Page_Shishkaberry  Ontario Cannabis/div_129.60 (1)")): Text of object 'Object Repository/cart flyout_OR/Page_Shishkaberry  Ontario Cannabis/div_129.60 (1)' is: '$129.60'

2019-05-21 17:54:54 - [MESSAGE][PASSED] - Text of object 'Object Repository/cart flyout_OR/Page_Shishkaberry  Ontario Cannabis/div_129.60 (1)' is: '$129.60'

2019-05-21 17:54:54 - [TEST_STEP][PASSED] - comment(c): $129.60

2019-05-21 17:54:54 - [MESSAGE][INFO] - $129.60

2019-05-21 17:54:54 - [TEST_STEP][PASSED] - d = c.substring(1): null

2019-05-21 17:54:54 - [TEST_STEP][PASSED] - comment(d): 129.60

2019-05-21 17:54:54 - [MESSAGE][INFO] - 129.60

2019-05-21 17:54:54 - [TEST_STEP][PASSED] - verifyNotEqual("c", "d"): Actual object 'c' and expected object 'd' are not equal

2019-05-21 17:54:54 - [MESSAGE][PASSED] - Actual object 'c' and expected object 'd' are not equal

2019-05-21 17:54:54 - [TEST_STEP][PASSED] - comment(" price changed . Quantity selector is working"):  price changed . Quantity selector is working

2019-05-21 17:54:54 - [MESSAGE][INFO] -  price changed . Quantity selector is working]]></system-out>
         <system-err><![CDATA[]]></system-err>
      </testcase>
      <testcase name="Test Cases/OCS - MOBILE/OCS- CRITICAL PATH/Cart flyout-price comparison" classname="Test Cases/OCS - MOBILE/OCS- CRITICAL PATH/Cart flyout-price comparison" status="PASSED">
         <system-out><![CDATA[2019-05-21 17:54:54 - [TEST_CASE][PASSED] - Test Cases/OCS - MOBILE/OCS- CRITICAL PATH/Cart flyout-price comparison: Test Cases/OCS - MOBILE/OCS- CRITICAL PATH/Cart flyout-price comparison

2019-05-21 17:54:54 - [TEST_STEP][PASSED] - openBrowser(""): Browser is opened with url: ''

2019-05-21 17:54:54 - [MESSAGE][WARNING] - A browser is already opened. Closing browser and opening a new one

2019-05-21 17:54:54 - [MESSAGE][INFO] - Starting 'Chrome' driver

2019-05-21 17:54:55 - [MESSAGE][PASSED] - Browser is opened with url: ''

2019-05-21 17:54:55 - [TEST_STEP][PASSED] - navigateToUrl("https://ocs.ca/?fts=0&preview_theme_id=53373863756"): Navigate to 'https://ocs.ca/?fts=0&preview_theme_id=53373863756' successfully

2019-05-21 17:54:59 - [MESSAGE][PASSED] - Navigate to 'https://ocs.ca/?fts=0&preview_theme_id=53373863756' successfully

2019-05-21 17:54:59 - [TEST_STEP][PASSED] - setViewPortSize(360, 800): Viewport is set to new size with width = 360 and height = 800

2019-05-21 17:54:59 - [MESSAGE][PASSED] - Viewport is set to new size with width = 360 and height = 800

2019-05-21 17:54:59 - [TEST_STEP][PASSED] - delay(4): Delayed 4 second(s)

2019-05-21 17:55:03 - [MESSAGE][PASSED] - Delayed 4 second(s)

2019-05-21 17:55:03 - [TEST_STEP][PASSED] - selectOptionByValue(findTestObject("OCS-MOBILE /Age gate and burger menu/Date"), "12", true): All options with value '12' are selected in object 'Object Repository/OCS-MOBILE /Age gate and burger menu/Date'  using regular expression

2019-05-21 17:55:03 - [MESSAGE][PASSED] - All options with value '12' are selected in object 'Object Repository/OCS-MOBILE /Age gate and burger menu/Date'  using regular expression

2019-05-21 17:55:03 - [TEST_STEP][PASSED] - selectOptionByValue(findTestObject("OCS-MOBILE /Age gate and burger menu/month"), "6", true): All options with value '6' are selected in object 'Object Repository/OCS-MOBILE /Age gate and burger menu/month'  using regular expression

2019-05-21 17:55:04 - [MESSAGE][PASSED] - All options with value '6' are selected in object 'Object Repository/OCS-MOBILE /Age gate and burger menu/month'  using regular expression

2019-05-21 17:55:04 - [TEST_STEP][PASSED] - delay(2): Delayed 2 second(s)

2019-05-21 17:55:06 - [MESSAGE][PASSED] - Delayed 2 second(s)

2019-05-21 17:55:06 - [TEST_STEP][PASSED] - selectOptionByValue(findTestObject("OCS-MOBILE /Age gate and burger menu/Year Dropdown"), "1990", true): All options with value '1990' are selected in object 'Object Repository/OCS-MOBILE /Age gate and burger menu/Year Dropdown'  using regular expression

2019-05-21 17:55:07 - [MESSAGE][PASSED] - All options with value '1990' are selected in object 'Object Repository/OCS-MOBILE /Age gate and burger menu/Year Dropdown'  using regular expression

2019-05-21 17:55:07 - [TEST_STEP][PASSED] - click(findTestObject("OCS-MOBILE /Age gate and burger menu/button_Verify")): Object: 'Object Repository/OCS-MOBILE /Age gate and burger menu/button_Verify' is clicked on

2019-05-21 17:55:07 - [MESSAGE][PASSED] - Object: 'Object Repository/OCS-MOBILE /Age gate and burger menu/button_Verify' is clicked on

2019-05-21 17:55:07 - [TEST_STEP][PASSED] - click(findTestObject("OCS-MOBILE /Age gate and burger menu/Checkbox_CONFIRM AND ACKNOWLEDGE")): Object: 'Object Repository/OCS-MOBILE /Age gate and burger menu/Checkbox_CONFIRM AND ACKNOWLEDGE' is clicked on

2019-05-21 17:55:07 - [MESSAGE][PASSED] - Object: 'Object Repository/OCS-MOBILE /Age gate and burger menu/Checkbox_CONFIRM AND ACKNOWLEDGE' is clicked on

2019-05-21 17:55:07 - [TEST_STEP][PASSED] - click(findTestObject("OCS-MOBILE /Age gate and burger menu/button_CONFIRM")): Object: 'Object Repository/OCS-MOBILE /Age gate and burger menu/button_CONFIRM' is clicked on

2019-05-21 17:55:07 - [MESSAGE][PASSED] - Object: 'Object Repository/OCS-MOBILE /Age gate and burger menu/button_CONFIRM' is clicked on

2019-05-21 17:55:07 - [TEST_STEP][PASSED] - click(findTestObject("OCS-MOBILE /Age gate and burger menu/button_Start Browsing")): Object: 'Object Repository/OCS-MOBILE /Age gate and burger menu/button_Start Browsing' is clicked on

2019-05-21 17:55:07 - [MESSAGE][PASSED] - Object: 'Object Repository/OCS-MOBILE /Age gate and burger menu/button_Start Browsing' is clicked on

2019-05-21 17:55:07 - [TEST_STEP][PASSED] - delay(2): Delayed 2 second(s)

2019-05-21 17:55:09 - [MESSAGE][PASSED] - Delayed 2 second(s)

2019-05-21 17:55:09 - [TEST_STEP][PASSED] - click(findTestObject("OCS-MOBILE /Age gate and burger menu/Burger menu - English")): Object: 'Object Repository/OCS-MOBILE /Age gate and burger menu/Burger menu - English' is clicked on

2019-05-21 17:55:09 - [MESSAGE][PASSED] - Object: 'Object Repository/OCS-MOBILE /Age gate and burger menu/Burger menu - English' is clicked on

2019-05-21 17:55:09 - [TEST_STEP][PASSED] - delay(2): Delayed 2 second(s)

2019-05-21 17:55:11 - [MESSAGE][PASSED] - Delayed 2 second(s)

2019-05-21 17:55:11 - [TEST_STEP][PASSED] - click(findTestObject("OCS-MOBILE /Age gate and burger menu/Chevron_Cannabis")): Object: 'Object Repository/OCS-MOBILE /Age gate and burger menu/Chevron_Cannabis' is clicked on

2019-05-21 17:55:11 - [MESSAGE][PASSED] - Object: 'Object Repository/OCS-MOBILE /Age gate and burger menu/Chevron_Cannabis' is clicked on

2019-05-21 17:55:11 - [TEST_STEP][PASSED] - delay(2): Delayed 2 second(s)

2019-05-21 17:55:13 - [MESSAGE][PASSED] - Delayed 2 second(s)

2019-05-21 17:55:13 - [TEST_STEP][PASSED] - click(findTestObject("OCS-MOBILE /Age gate and burger menu/Dried Flower_Plus icon")): Object: 'Object Repository/OCS-MOBILE /Age gate and burger menu/Dried Flower_Plus icon' is clicked on

2019-05-21 17:55:13 - [MESSAGE][PASSED] - Object: 'Object Repository/OCS-MOBILE /Age gate and burger menu/Dried Flower_Plus icon' is clicked on

2019-05-21 17:55:13 - [TEST_STEP][PASSED] - delay(2): Delayed 2 second(s)

2019-05-21 17:55:15 - [MESSAGE][PASSED] - Delayed 2 second(s)

2019-05-21 17:55:15 - [TEST_STEP][PASSED] - click(findTestObject("OCS-MOBILE /Age gate and burger menu/Indica Dominant_Menu item")): Object: 'Object Repository/OCS-MOBILE /Age gate and burger menu/Indica Dominant_Menu item' is clicked on

2019-05-21 17:55:17 - [MESSAGE][PASSED] - Object: 'Object Repository/OCS-MOBILE /Age gate and burger menu/Indica Dominant_Menu item' is clicked on

2019-05-21 17:55:17 - [TEST_STEP][PASSED] - delay(2): Delayed 2 second(s)

2019-05-21 17:55:19 - [MESSAGE][PASSED] - Delayed 2 second(s)

2019-05-21 17:55:19 - [TEST_STEP][PASSED] - click(findTestObject("OCS-MOBILE /Collection page/Product image - 1st one")): Object: 'Object Repository/OCS-MOBILE /Collection page/Product image - 1st one' is clicked on

2019-05-21 17:55:23 - [MESSAGE][PASSED] - Object: 'Object Repository/OCS-MOBILE /Collection page/Product image - 1st one' is clicked on

2019-05-21 17:55:23 - [TEST_STEP][PASSED] - scrollToElement(findTestObject("OCS-MOBILE /Product page/Product image"), 1): Scroll to object 'Object Repository/OCS-MOBILE /Product page/Product image' successfully

2019-05-21 17:55:23 - [MESSAGE][PASSED] - Scroll to object 'Object Repository/OCS-MOBILE /Product page/Product image' successfully

2019-05-21 17:55:23 - [TEST_STEP][PASSED] - delay(2): Delayed 2 second(s)

2019-05-21 17:55:25 - [MESSAGE][PASSED] - Delayed 2 second(s)

2019-05-21 17:55:25 - [TEST_STEP][PASSED] - flag = verifyElementPresent(findTestObject("OCS-MOBILE /Product page/Swatch_3.5g"), 0): Object 'Object Repository/OCS-MOBILE /Product page/Swatch_3.5g' is present

2019-05-21 17:55:25 - [MESSAGE][WARNING] - Timeout '0' is invalid. Using default page load timeout: '30'

2019-05-21 17:55:25 - [MESSAGE][PASSED] - Object 'Object Repository/OCS-MOBILE /Product page/Swatch_3.5g' is present

2019-05-21 17:55:25 - [TEST_STEP][PASSED] - comment(" flag=" + flag):  flag=true

2019-05-21 17:55:25 - [MESSAGE][INFO] -  flag=true

2019-05-21 17:55:25 - [TEST_STEP][PASSED] - takeScreenshot(): Taking screenshot successfully

2019-05-21 17:55:26 - [MESSAGE][PASSED] - Taking screenshot successfully
[[ATTACHMENT|/Users/sumankompelly/git/Ontario-cannbis-store/Reports/OCS- MOBILE/CRITICAL PATH - 21- 05-19/20190521_175008/1558475725868.png]]

2019-05-21 17:55:26 - [TEST_STEP][PASSED] - if (flag == true): Text 'Payment' is present on page 

2019-05-21 17:55:26 - [TEST_STEP][NOT_RUN] - scrollToElement(findTestObject("OCS-MOBILE /Product page/Swatch_3.5g"), 1): NOT_RUN: scrollToElement(findTestObject("OCS-MOBILE /Product page/Swatch_3.5g"), 1)

2019-05-21 17:55:26 - [MESSAGE][NOT_RUN] - NOT_RUN: scrollToElement(findTestObject("OCS-MOBILE /Product page/Swatch_3.5g"), 1)

2019-05-21 17:55:26 - [TEST_STEP][PASSED] - click(findTestObject("OCS-MOBILE /Product page/Swatch_3.5g"), CONTINUE_ON_FAILURE): Object: 'Object Repository/OCS-MOBILE /Product page/Swatch_3.5g' is clicked on

2019-05-21 17:55:26 - [MESSAGE][PASSED] - Object: 'Object Repository/OCS-MOBILE /Product page/Swatch_3.5g' is clicked on

2019-05-21 17:55:26 - [TEST_STEP][PASSED] - delay(2): Delayed 2 second(s)

2019-05-21 17:55:28 - [MESSAGE][PASSED] - Delayed 2 second(s)

2019-05-21 17:55:28 - [TEST_STEP][PASSED] - setViewPortSize(1000, 800, OPTIONAL): Viewport is set to new size with width = 1000 and height = 800

2019-05-21 17:55:28 - [MESSAGE][PASSED] - Viewport is set to new size with width = 1000 and height = 800

2019-05-21 17:55:28 - [TEST_STEP][PASSED] - delay(2, OPTIONAL): Delayed 2 second(s)

2019-05-21 17:55:30 - [MESSAGE][PASSED] - Delayed 2 second(s)

2019-05-21 17:55:30 - [TEST_STEP][PASSED] - click(findTestObject("Theme_oR/Page_Ontario Cannabis Store  Ontari/button_Hide bar"), OPTIONAL): Object: 'Object Repository/Theme_oR/Page_Ontario Cannabis Store  Ontari/button_Hide bar' is clicked on

2019-05-21 17:55:30 - [MESSAGE][PASSED] - Object: 'Object Repository/Theme_oR/Page_Ontario Cannabis Store  Ontari/button_Hide bar' is clicked on

2019-05-21 17:55:30 - [TEST_STEP][PASSED] - delay(2, OPTIONAL): Delayed 2 second(s)

2019-05-21 17:55:32 - [MESSAGE][PASSED] - Delayed 2 second(s)

2019-05-21 17:55:32 - [TEST_STEP][PASSED] - setViewPortSize(360, 800, OPTIONAL): Viewport is set to new size with width = 360 and height = 800

2019-05-21 17:55:32 - [MESSAGE][PASSED] - Viewport is set to new size with width = 360 and height = 800

2019-05-21 17:55:32 - [TEST_STEP][PASSED] - delay(1, OPTIONAL): Delayed 1 second(s)

2019-05-21 17:55:33 - [MESSAGE][PASSED] - Delayed 1 second(s)

2019-05-21 17:55:33 - [TEST_STEP][PASSED] - click(findTestObject("OCS-MOBILE /Product page/Add to Bag-button")): Object: 'Object Repository/OCS-MOBILE /Product page/Add to Bag-button' is clicked on

2019-05-21 17:55:33 - [MESSAGE][PASSED] - Object: 'Object Repository/OCS-MOBILE /Product page/Add to Bag-button' is clicked on

2019-05-21 17:55:33 - [TEST_STEP][PASSED] - delay(1): Delayed 1 second(s)

2019-05-21 17:55:34 - [MESSAGE][PASSED] - Delayed 1 second(s)

2019-05-21 17:55:34 - [TEST_STEP][PASSED] - click(findTestObject("OCS-MOBILE /Cart flyout/Back icon")): Object: 'Object Repository/OCS-MOBILE /Cart flyout/Back icon' is clicked on

2019-05-21 17:55:34 - [MESSAGE][PASSED] - Object: 'Object Repository/OCS-MOBILE /Cart flyout/Back icon' is clicked on

2019-05-21 17:55:34 - [TEST_STEP][PASSED] - delay(2): Delayed 2 second(s)

2019-05-21 17:55:36 - [MESSAGE][PASSED] - Delayed 2 second(s)

2019-05-21 17:55:36 - [TEST_STEP][PASSED] - click(findTestObject("OCS-MOBILE /Age gate and burger menu/Burger menu - English")): Object: 'Object Repository/OCS-MOBILE /Age gate and burger menu/Burger menu - English' is clicked on

2019-05-21 17:55:37 - [MESSAGE][PASSED] - Object: 'Object Repository/OCS-MOBILE /Age gate and burger menu/Burger menu - English' is clicked on

2019-05-21 17:55:37 - [TEST_STEP][PASSED] - delay(2): Delayed 2 second(s)

2019-05-21 17:55:39 - [MESSAGE][PASSED] - Delayed 2 second(s)

2019-05-21 17:55:39 - [TEST_STEP][PASSED] - click(findTestObject("OCS-MOBILE /Age gate and burger menu/Chevron_Cannabis")): Object: 'Object Repository/OCS-MOBILE /Age gate and burger menu/Chevron_Cannabis' is clicked on

2019-05-21 17:55:39 - [MESSAGE][PASSED] - Object: 'Object Repository/OCS-MOBILE /Age gate and burger menu/Chevron_Cannabis' is clicked on

2019-05-21 17:55:39 - [TEST_STEP][PASSED] - delay(2): Delayed 2 second(s)

2019-05-21 17:55:41 - [MESSAGE][PASSED] - Delayed 2 second(s)

2019-05-21 17:55:41 - [TEST_STEP][PASSED] - click(findTestObject("OCS-MOBILE /Age gate and burger menu/Dried Flower_Plus icon")): Object: 'Object Repository/OCS-MOBILE /Age gate and burger menu/Dried Flower_Plus icon' is clicked on

2019-05-21 17:55:41 - [MESSAGE][PASSED] - Object: 'Object Repository/OCS-MOBILE /Age gate and burger menu/Dried Flower_Plus icon' is clicked on

2019-05-21 17:55:41 - [TEST_STEP][PASSED] - delay(2): Delayed 2 second(s)

2019-05-21 17:55:43 - [MESSAGE][PASSED] - Delayed 2 second(s)

2019-05-21 17:55:43 - [TEST_STEP][PASSED] - click(findTestObject("OCS-MOBILE /Age gate and burger menu/Indica Dominant_Menu item")): Object: 'Object Repository/OCS-MOBILE /Age gate and burger menu/Indica Dominant_Menu item' is clicked on

2019-05-21 17:55:45 - [MESSAGE][PASSED] - Object: 'Object Repository/OCS-MOBILE /Age gate and burger menu/Indica Dominant_Menu item' is clicked on

2019-05-21 17:55:45 - [TEST_STEP][PASSED] - delay(2): Delayed 2 second(s)

2019-05-21 17:55:47 - [MESSAGE][PASSED] - Delayed 2 second(s)

2019-05-21 17:55:47 - [TEST_STEP][PASSED] - scrollToElement(findTestObject("OCS-MOBILE /Collection page/Product image - 1st one"), 1): Scroll to object 'Object Repository/OCS-MOBILE /Collection page/Product image - 1st one' successfully

2019-05-21 17:55:47 - [MESSAGE][PASSED] - Scroll to object 'Object Repository/OCS-MOBILE /Collection page/Product image - 1st one' successfully

2019-05-21 17:55:47 - [TEST_STEP][PASSED] - delay(1): Delayed 1 second(s)

2019-05-21 17:55:48 - [MESSAGE][PASSED] - Delayed 1 second(s)

2019-05-21 17:55:48 - [TEST_STEP][PASSED] - click(findTestObject("OCS-MOBILE /Collection page/Product image - 2nd one")): Object: 'Object Repository/OCS-MOBILE /Collection page/Product image - 2nd one' is clicked on

2019-05-21 17:55:52 - [MESSAGE][PASSED] - Object: 'Object Repository/OCS-MOBILE /Collection page/Product image - 2nd one' is clicked on

2019-05-21 17:55:52 - [TEST_STEP][PASSED] - delay(2): Delayed 2 second(s)

2019-05-21 17:55:54 - [MESSAGE][PASSED] - Delayed 2 second(s)

2019-05-21 17:55:54 - [TEST_STEP][PASSED] - scrollToElement(findTestObject("OCS-MOBILE /Product page/Product image"), 1): Scroll to object 'Object Repository/OCS-MOBILE /Product page/Product image' successfully

2019-05-21 17:55:54 - [MESSAGE][PASSED] - Scroll to object 'Object Repository/OCS-MOBILE /Product page/Product image' successfully

2019-05-21 17:55:54 - [TEST_STEP][PASSED] - delay(2): Delayed 2 second(s)

2019-05-21 17:55:56 - [MESSAGE][PASSED] - Delayed 2 second(s)

2019-05-21 17:55:56 - [TEST_STEP][PASSED] - click(findTestObject("OCS-MOBILE /Product page/Swatch_3.5g")): Object: 'Object Repository/OCS-MOBILE /Product page/Swatch_3.5g' is clicked on

2019-05-21 17:55:56 - [MESSAGE][PASSED] - Object: 'Object Repository/OCS-MOBILE /Product page/Swatch_3.5g' is clicked on

2019-05-21 17:55:56 - [TEST_STEP][PASSED] - scrollToElement(findTestObject("OCS-MOBILE /Product page/Swatch_3.5g"), 1): Scroll to object 'Object Repository/OCS-MOBILE /Product page/Swatch_3.5g' successfully

2019-05-21 17:55:56 - [MESSAGE][PASSED] - Scroll to object 'Object Repository/OCS-MOBILE /Product page/Swatch_3.5g' successfully

2019-05-21 17:55:56 - [TEST_STEP][PASSED] - delay(2): Delayed 2 second(s)

2019-05-21 17:55:58 - [MESSAGE][PASSED] - Delayed 2 second(s)

2019-05-21 17:55:58 - [TEST_STEP][PASSED] - click(findTestObject("OCS-MOBILE /Product page/Add to Bag-button")): Object: 'Object Repository/OCS-MOBILE /Product page/Add to Bag-button' is clicked on

2019-05-21 17:55:58 - [MESSAGE][PASSED] - Object: 'Object Repository/OCS-MOBILE /Product page/Add to Bag-button' is clicked on

2019-05-21 17:55:58 - [TEST_STEP][PASSED] - delay(1): Delayed 1 second(s)

2019-05-21 17:55:59 - [MESSAGE][PASSED] - Delayed 1 second(s)

2019-05-21 17:55:59 - [TEST_STEP][PASSED] - maximizeWindow(): Current window maximized

2019-05-21 17:56:00 - [MESSAGE][PASSED] - Current window maximized

2019-05-21 17:56:00 - [TEST_STEP][PASSED] - delay(2): Delayed 2 second(s)

2019-05-21 17:56:02 - [MESSAGE][PASSED] - Delayed 2 second(s)

2019-05-21 17:56:02 - [TEST_STEP][PASSED] - click(findTestObject("Theme_oR/Page_Ontario Cannabis Store  Ontari/button_Hide bar")): Object: 'Object Repository/Theme_oR/Page_Ontario Cannabis Store  Ontari/button_Hide bar' is clicked on

2019-05-21 17:56:02 - [MESSAGE][PASSED] - Object: 'Object Repository/Theme_oR/Page_Ontario Cannabis Store  Ontari/button_Hide bar' is clicked on

2019-05-21 17:56:02 - [TEST_STEP][PASSED] - delay(2): Delayed 2 second(s)

2019-05-21 17:56:04 - [MESSAGE][PASSED] - Delayed 2 second(s)

2019-05-21 17:56:04 - [TEST_STEP][PASSED] - setViewPortSize(360, 800): Viewport is set to new size with width = 360 and height = 800

2019-05-21 17:56:04 - [MESSAGE][PASSED] - Viewport is set to new size with width = 360 and height = 800

2019-05-21 17:56:04 - [TEST_STEP][PASSED] - delay(2): Delayed 2 second(s)

2019-05-21 17:56:06 - [MESSAGE][PASSED] - Delayed 2 second(s)

2019-05-21 17:56:06 - [TEST_STEP][PASSED] - k = getText(findTestObject("OCS-MOBILE /Cart flyout/Unit price - 1st Product")): Text of object 'Object Repository/OCS-MOBILE /Cart flyout/Unit price - 1st Product' is: '$35.00'

2019-05-21 17:56:06 - [MESSAGE][PASSED] - Text of object 'Object Repository/OCS-MOBILE /Cart flyout/Unit price - 1st Product' is: '$35.00'

2019-05-21 17:56:06 - [TEST_STEP][PASSED] - delay(2): Delayed 2 second(s)

2019-05-21 17:56:08 - [MESSAGE][PASSED] - Delayed 2 second(s)

2019-05-21 17:56:08 - [TEST_STEP][PASSED] - a = getText(findTestObject("OCS-MOBILE /Cart flyout/Unit price - 2nd Product")): Text of object 'Object Repository/OCS-MOBILE /Cart flyout/Unit price - 2nd Product' is: '$32.40'

2019-05-21 17:56:08 - [MESSAGE][PASSED] - Text of object 'Object Repository/OCS-MOBILE /Cart flyout/Unit price - 2nd Product' is: '$32.40'

2019-05-21 17:56:08 - [TEST_STEP][PASSED] - delay(2): Delayed 2 second(s)

2019-05-21 17:56:10 - [MESSAGE][PASSED] - Delayed 2 second(s)

2019-05-21 17:56:10 - [TEST_STEP][PASSED] - comment("a=" + a): a=$32.40

2019-05-21 17:56:10 - [MESSAGE][INFO] - a=$32.40

2019-05-21 17:56:10 - [TEST_STEP][PASSED] - without = a.substring(1): null

2019-05-21 17:56:10 - [TEST_STEP][PASSED] - comment("without = " + without): without = 32.40

2019-05-21 17:56:10 - [MESSAGE][INFO] - without = 32.40

2019-05-21 17:56:10 - [TEST_STEP][PASSED] - last = without.substring(0, without.length() - 1): null

2019-05-21 17:56:10 - [TEST_STEP][PASSED] - comment("last=" + last): last=32.4

2019-05-21 17:56:10 - [MESSAGE][INFO] - last=32.4

2019-05-21 17:56:10 - [TEST_STEP][PASSED] - comment("k=" + k): k=$35.00

2019-05-21 17:56:10 - [MESSAGE][INFO] - k=$35.00

2019-05-21 17:56:10 - [TEST_STEP][PASSED] - without1 = k.substring(1): null

2019-05-21 17:56:10 - [TEST_STEP][PASSED] - comment("without1 = " + without1): without1 = 35.00

2019-05-21 17:56:10 - [MESSAGE][INFO] - without1 = 35.00

2019-05-21 17:56:10 - [TEST_STEP][PASSED] - p1 = <not implemented yet for class: org.codehaus.groovy.ast.expr.EmptyExpression>: null

2019-05-21 17:56:10 - [TEST_STEP][PASSED] - p2 = <not implemented yet for class: org.codehaus.groovy.ast.expr.EmptyExpression>: null

2019-05-21 17:56:10 - [TEST_STEP][PASSED] - try: p1=32.4

2019-05-21 17:56:10 - [TEST_STEP][PASSED] - str = last: null

2019-05-21 17:56:10 - [TEST_STEP][PASSED] - comment("str=" + str): str=32.4

2019-05-21 17:56:10 - [MESSAGE][INFO] - str=32.4

2019-05-21 17:56:10 - [TEST_STEP][PASSED] - p1 = Double.valueOf(str): null

2019-05-21 17:56:10 - [TEST_STEP][PASSED] - comment("p1=" + p1): p1=32.4

2019-05-21 17:56:10 - [MESSAGE][INFO] - p1=32.4

2019-05-21 17:56:10 - [TEST_STEP][PASSED] - try: p2=35.0

2019-05-21 17:56:10 - [TEST_STEP][PASSED] - str5 = without1: null

2019-05-21 17:56:10 - [TEST_STEP][PASSED] - comment("str5=" + str5): str5=35.00

2019-05-21 17:56:10 - [MESSAGE][INFO] - str5=35.00

2019-05-21 17:56:10 - [TEST_STEP][PASSED] - p2 = Double.valueOf(str5): null

2019-05-21 17:56:10 - [TEST_STEP][PASSED] - comment("p2=" + p2): p2=35.0

2019-05-21 17:56:10 - [MESSAGE][INFO] - p2=35.0

2019-05-21 17:56:10 - [TEST_STEP][PASSED] - total = p1 + p2: null

2019-05-21 17:56:10 - [TEST_STEP][PASSED] - comment("total =" + total): total =67.4

2019-05-21 17:56:10 - [MESSAGE][INFO] - total =67.4

2019-05-21 17:56:10 - [TEST_STEP][PASSED] - amount = getText(findTestObject("OCS-MOBILE /Cart flyout/Sub-total Price")): Text of object 'Object Repository/OCS-MOBILE /Cart flyout/Sub-total Price' is: '$67.40'

2019-05-21 17:56:10 - [MESSAGE][PASSED] - Text of object 'Object Repository/OCS-MOBILE /Cart flyout/Sub-total Price' is: '$67.40'

2019-05-21 17:56:10 - [TEST_STEP][PASSED] - delay(2): Delayed 2 second(s)

2019-05-21 17:56:12 - [MESSAGE][PASSED] - Delayed 2 second(s)

2019-05-21 17:56:12 - [TEST_STEP][PASSED] - comment("amount =" + amount): amount =$67.40

2019-05-21 17:56:12 - [MESSAGE][INFO] - amount =$67.40

2019-05-21 17:56:12 - [TEST_STEP][PASSED] - soustotal = amount.substring(1): null

2019-05-21 17:56:12 - [TEST_STEP][PASSED] - comment("soustotal= " + soustotal): soustotal= 67.40

2019-05-21 17:56:12 - [MESSAGE][INFO] - soustotal= 67.40

2019-05-21 17:56:12 - [TEST_STEP][PASSED] - p = <not implemented yet for class: org.codehaus.groovy.ast.expr.EmptyExpression>: null

2019-05-21 17:56:12 - [TEST_STEP][PASSED] - try: p=67.4

2019-05-21 17:56:12 - [TEST_STEP][PASSED] - finalprice = soustotal: null

2019-05-21 17:56:12 - [TEST_STEP][PASSED] - comment("finalprice=" + finalprice): finalprice=67.40

2019-05-21 17:56:12 - [MESSAGE][INFO] - finalprice=67.40

2019-05-21 17:56:12 - [TEST_STEP][PASSED] - p = Double.valueOf(finalprice): null

2019-05-21 17:56:12 - [TEST_STEP][PASSED] - comment("p=" + p): p=67.4

2019-05-21 17:56:12 - [MESSAGE][INFO] - p=67.4

2019-05-21 17:56:12 - [TEST_STEP][PASSED] - finalprice = soustotal: null

2019-05-21 17:56:12 - [TEST_STEP][PASSED] - comment("finalprice=" + finalprice): finalprice=67.40

2019-05-21 17:56:12 - [MESSAGE][INFO] - finalprice=67.40

2019-05-21 17:56:12 - [TEST_STEP][PASSED] - p = Double.valueOf(finalprice): null

2019-05-21 17:56:12 - [TEST_STEP][PASSED] - comment("p=" + p): p=67.4

2019-05-21 17:56:12 - [MESSAGE][INFO] - p=67.4

2019-05-21 17:56:12 - [TEST_STEP][PASSED] - verifyEqual(total, p): Actual object '67.4' and expected object '67.4' are equal

2019-05-21 17:56:12 - [MESSAGE][PASSED] - Actual object '67.4' and expected object '67.4' are equal

2019-05-21 17:56:12 - [TEST_STEP][PASSED] - comment("cart items price equal"): cart items price equal

2019-05-21 17:56:12 - [MESSAGE][INFO] - cart items price equal

2019-05-21 17:56:12 - [TEST_STEP][PASSED] - click(findTestObject("OCS-MOBILE /Cart flyout/Checkbox_I confirm that")): Object: 'Object Repository/OCS-MOBILE /Cart flyout/Checkbox_I confirm that' is clicked on

2019-05-21 17:56:12 - [MESSAGE][PASSED] - Object: 'Object Repository/OCS-MOBILE /Cart flyout/Checkbox_I confirm that' is clicked on

2019-05-21 17:56:12 - [TEST_STEP][PASSED] - click(findTestObject("OCS-MOBILE /Cart flyout/Checkbox_Accept the Terms Condition")): Object: 'Object Repository/OCS-MOBILE /Cart flyout/Checkbox_Accept the Terms Condition' is clicked on

2019-05-21 17:56:12 - [MESSAGE][PASSED] - Object: 'Object Repository/OCS-MOBILE /Cart flyout/Checkbox_Accept the Terms Condition' is clicked on

2019-05-21 17:56:12 - [TEST_STEP][PASSED] - delay(2): Delayed 2 second(s)

2019-05-21 17:56:14 - [MESSAGE][PASSED] - Delayed 2 second(s)

2019-05-21 17:56:14 - [TEST_STEP][PASSED] - click(findTestObject("OCS-MOBILE /Cart flyout/Checkout - Button")): Object: 'Object Repository/OCS-MOBILE /Cart flyout/Checkout - Button' is clicked on

2019-05-21 17:56:20 - [MESSAGE][PASSED] - Object: 'Object Repository/OCS-MOBILE /Cart flyout/Checkout - Button' is clicked on

2019-05-21 17:56:20 - [TEST_STEP][PASSED] - scrollToElement(findTestObject("OCS-MOBILE /Customer info page/input_Email"), 0): Scroll to object 'Object Repository/OCS-MOBILE /Customer info page/input_Email' successfully

2019-05-21 17:56:20 - [MESSAGE][WARNING] - Timeout '0' is invalid. Using default page load timeout: '30'

2019-05-21 17:56:20 - [MESSAGE][PASSED] - Scroll to object 'Object Repository/OCS-MOBILE /Customer info page/input_Email' successfully

2019-05-21 17:56:20 - [TEST_STEP][PASSED] - setText(findTestObject("OCS-MOBILE /Customer info page/input_Email"), "suman.kompelly@diffagency.com"): Text 'suman.kompelly@diffagency.com' is set on object 'Object Repository/OCS-MOBILE /Customer info page/input_Email'

2019-05-21 17:56:20 - [MESSAGE][PASSED] - Text 'suman.kompelly@diffagency.com' is set on object 'Object Repository/OCS-MOBILE /Customer info page/input_Email'

2019-05-21 17:56:20 - [TEST_STEP][PASSED] - setText(findTestObject("OCS-MOBILE /Customer info page/input_First name"), "suman"): Text 'suman' is set on object 'Object Repository/OCS-MOBILE /Customer info page/input_First name'

2019-05-21 17:56:20 - [MESSAGE][PASSED] - Text 'suman' is set on object 'Object Repository/OCS-MOBILE /Customer info page/input_First name'

2019-05-21 17:56:20 - [TEST_STEP][PASSED] - setText(findTestObject("OCS-MOBILE /Customer info page/input_Last name"), "kompelly"): Text 'kompelly' is set on object 'Object Repository/OCS-MOBILE /Customer info page/input_Last name'

2019-05-21 17:56:21 - [MESSAGE][PASSED] - Text 'kompelly' is set on object 'Object Repository/OCS-MOBILE /Customer info page/input_Last name'

2019-05-21 17:56:21 - [TEST_STEP][PASSED] - setText(findTestObject("OCS-MOBILE /Customer info page/input_Address"), "300 saint alxendre"): Text '300 saint alxendre' is set on object 'Object Repository/OCS-MOBILE /Customer info page/input_Address'

2019-05-21 17:56:21 - [MESSAGE][PASSED] - Text '300 saint alxendre' is set on object 'Object Repository/OCS-MOBILE /Customer info page/input_Address'

2019-05-21 17:56:21 - [TEST_STEP][PASSED] - setText(findTestObject("OCS-MOBILE /Customer info page/input_Apartment suite etc. (op"), "199"): Text '199' is set on object 'Object Repository/OCS-MOBILE /Customer info page/input_Apartment suite etc. (op'

2019-05-21 17:56:21 - [MESSAGE][PASSED] - Text '199' is set on object 'Object Repository/OCS-MOBILE /Customer info page/input_Apartment suite etc. (op'

2019-05-21 17:56:21 - [TEST_STEP][PASSED] - setText(findTestObject("OCS-MOBILE /Customer info page/input_City"), "montreal"): Text 'montreal' is set on object 'Object Repository/OCS-MOBILE /Customer info page/input_City'

2019-05-21 17:56:21 - [MESSAGE][PASSED] - Text 'montreal' is set on object 'Object Repository/OCS-MOBILE /Customer info page/input_City'

2019-05-21 17:56:21 - [TEST_STEP][PASSED] - setText(findTestObject("OCS-MOBILE /Customer info page/input_Postal code"), "n0R1K0"): Text 'n0R1K0' is set on object 'Object Repository/OCS-MOBILE /Customer info page/input_Postal code'

2019-05-21 17:56:21 - [MESSAGE][PASSED] - Text 'n0R1K0' is set on object 'Object Repository/OCS-MOBILE /Customer info page/input_Postal code'

2019-05-21 17:56:21 - [TEST_STEP][PASSED] - setText(findTestObject("OCS-MOBILE /Customer info page/input_Phone"), "(514) 449-3882"): Text '(514) 449-3882' is set on object 'Object Repository/OCS-MOBILE /Customer info page/input_Phone'

2019-05-21 17:56:21 - [MESSAGE][PASSED] - Text '(514) 449-3882' is set on object 'Object Repository/OCS-MOBILE /Customer info page/input_Phone'

2019-05-21 17:56:21 - [TEST_STEP][PASSED] - delay(1): Delayed 1 second(s)

2019-05-21 17:56:22 - [MESSAGE][PASSED] - Delayed 1 second(s)

2019-05-21 17:56:22 - [TEST_STEP][PASSED] - maximizeWindow(): Current window maximized

2019-05-21 17:56:23 - [MESSAGE][PASSED] - Current window maximized

2019-05-21 17:56:23 - [TEST_STEP][PASSED] - delay(2): Delayed 2 second(s)

2019-05-21 17:56:25 - [MESSAGE][PASSED] - Delayed 2 second(s)

2019-05-21 17:56:25 - [TEST_STEP][PASSED] - click(findTestObject("Theme_oR/Page_Ontario Cannabis Store  Ontari/button_Hide bar")): Object: 'Object Repository/Theme_oR/Page_Ontario Cannabis Store  Ontari/button_Hide bar' is clicked on

2019-05-21 17:56:25 - [MESSAGE][PASSED] - Object: 'Object Repository/Theme_oR/Page_Ontario Cannabis Store  Ontari/button_Hide bar' is clicked on

2019-05-21 17:56:25 - [TEST_STEP][PASSED] - delay(2): Delayed 2 second(s)

2019-05-21 17:56:27 - [MESSAGE][PASSED] - Delayed 2 second(s)

2019-05-21 17:56:27 - [TEST_STEP][PASSED] - setViewPortSize(360, 800): Viewport is set to new size with width = 360 and height = 800

2019-05-21 17:56:27 - [MESSAGE][PASSED] - Viewport is set to new size with width = 360 and height = 800

2019-05-21 17:56:27 - [TEST_STEP][PASSED] - click(findTestObject("OCS-MOBILE /Customer info page/Continue to shipping method - Button")): Object: 'Object Repository/OCS-MOBILE /Customer info page/Continue to shipping method - Button' is clicked on

2019-05-21 17:56:29 - [MESSAGE][PASSED] - Object: 'Object Repository/OCS-MOBILE /Customer info page/Continue to shipping method - Button' is clicked on

2019-05-21 17:56:29 - [TEST_STEP][PASSED] - delay(2): Delayed 2 second(s)

2019-05-21 17:56:31 - [MESSAGE][PASSED] - Delayed 2 second(s)

2019-05-21 17:56:31 - [TEST_STEP][PASSED] - refresh(): Refresh successfully

2019-05-21 17:56:31 - [MESSAGE][PASSED] - Refresh successfully

2019-05-21 17:56:31 - [TEST_STEP][PASSED] - delay(2): Delayed 2 second(s)

2019-05-21 17:56:33 - [MESSAGE][PASSED] - Delayed 2 second(s)

2019-05-21 17:56:33 - [TEST_STEP][PASSED] - click(findTestObject("OCS-MOBILE /Shipping page/Continue to payment method - Button")): Object: 'Object Repository/OCS-MOBILE /Shipping page/Continue to payment method - Button' is clicked on

2019-05-21 17:56:36 - [MESSAGE][PASSED] - Object: 'Object Repository/OCS-MOBILE /Shipping page/Continue to payment method - Button' is clicked on

2019-05-21 17:56:36 - [TEST_STEP][PASSED] - verifyTextPresent("Payment", false): Text 'Payment' is present on page 

2019-05-21 17:56:36 - [MESSAGE][PASSED] - Text 'Payment' is present on page]]></system-out>
         <system-err><![CDATA[]]></system-err>
      </testcase>
      <testcase name="Test Cases/OCS - MOBILE/OCS- CRITICAL PATH/Cart flyout-tooltips" classname="Test Cases/OCS - MOBILE/OCS- CRITICAL PATH/Cart flyout-tooltips" status="PASSED">
         <system-out><![CDATA[2019-05-21 17:56:36 - [TEST_CASE][PASSED] - Test Cases/OCS - MOBILE/OCS- CRITICAL PATH/Cart flyout-tooltips: Test Cases/OCS - MOBILE/OCS- CRITICAL PATH/Cart flyout-tooltips

2019-05-21 17:56:37 - [TEST_STEP][PASSED] - openBrowser(""): Browser is opened with url: ''

2019-05-21 17:56:37 - [MESSAGE][WARNING] - A browser is already opened. Closing browser and opening a new one

2019-05-21 17:56:37 - [MESSAGE][INFO] - Starting 'Chrome' driver

2019-05-21 17:56:38 - [MESSAGE][PASSED] - Browser is opened with url: ''

2019-05-21 17:56:38 - [TEST_STEP][PASSED] - navigateToUrl("https://ocs.ca/?fts=0&preview_theme_id=53373863756"): Navigate to 'https://ocs.ca/?fts=0&preview_theme_id=53373863756' successfully

2019-05-21 17:56:41 - [MESSAGE][PASSED] - Navigate to 'https://ocs.ca/?fts=0&preview_theme_id=53373863756' successfully

2019-05-21 17:56:41 - [TEST_STEP][PASSED] - delay(4): Delayed 4 second(s)

2019-05-21 17:56:45 - [MESSAGE][PASSED] - Delayed 4 second(s)

2019-05-21 17:56:45 - [TEST_STEP][PASSED] - setViewPortSize(360, 1000): Viewport is set to new size with width = 360 and height = 1000

2019-05-21 17:56:46 - [MESSAGE][PASSED] - Viewport is set to new size with width = 360 and height = 1000

2019-05-21 17:56:46 - [TEST_STEP][NOT_RUN] - click(findTestObject("Theme_oR/Page_Ontario Cannabis Store  Ontari/button_Hide bar")): NOT_RUN: click(findTestObject("Theme_oR/Page_Ontario Cannabis Store  Ontari/button_Hide bar"))

2019-05-21 17:56:46 - [MESSAGE][NOT_RUN] - NOT_RUN: click(findTestObject("Theme_oR/Page_Ontario Cannabis Store  Ontari/button_Hide bar"))

2019-05-21 17:56:46 - [TEST_STEP][PASSED] - selectOptionByValue(findTestObject("OCS-MOBILE /Age gate and burger menu/Date"), "17", true): All options with value '17' are selected in object 'Object Repository/OCS-MOBILE /Age gate and burger menu/Date'  using regular expression

2019-05-21 17:56:46 - [MESSAGE][PASSED] - All options with value '17' are selected in object 'Object Repository/OCS-MOBILE /Age gate and burger menu/Date'  using regular expression

2019-05-21 17:56:46 - [TEST_STEP][PASSED] - selectOptionByValue(findTestObject("OCS-MOBILE /Age gate and burger menu/month"), "7", true): All options with value '7' are selected in object 'Object Repository/OCS-MOBILE /Age gate and burger menu/month'  using regular expression

2019-05-21 17:56:46 - [MESSAGE][PASSED] - All options with value '7' are selected in object 'Object Repository/OCS-MOBILE /Age gate and burger menu/month'  using regular expression

2019-05-21 17:56:46 - [TEST_STEP][PASSED] - selectOptionByValue(findTestObject("OCS-MOBILE /Age gate and burger menu/Year Dropdown"), "1949", true): All options with value '1949' are selected in object 'Object Repository/OCS-MOBILE /Age gate and burger menu/Year Dropdown'  using regular expression

2019-05-21 17:56:48 - [MESSAGE][PASSED] - All options with value '1949' are selected in object 'Object Repository/OCS-MOBILE /Age gate and burger menu/Year Dropdown'  using regular expression

2019-05-21 17:56:48 - [TEST_STEP][PASSED] - click(findTestObject("OCS-MOBILE /Age gate and burger menu/button_Verify")): Object: 'Object Repository/OCS-MOBILE /Age gate and burger menu/button_Verify' is clicked on

2019-05-21 17:56:48 - [MESSAGE][PASSED] - Object: 'Object Repository/OCS-MOBILE /Age gate and burger menu/button_Verify' is clicked on

2019-05-21 17:56:48 - [TEST_STEP][PASSED] - click(findTestObject("OCS-MOBILE /Age gate and burger menu/Checkbox_CONFIRM AND ACKNOWLEDGE")): Object: 'Object Repository/OCS-MOBILE /Age gate and burger menu/Checkbox_CONFIRM AND ACKNOWLEDGE' is clicked on

2019-05-21 17:56:48 - [MESSAGE][PASSED] - Object: 'Object Repository/OCS-MOBILE /Age gate and burger menu/Checkbox_CONFIRM AND ACKNOWLEDGE' is clicked on

2019-05-21 17:56:48 - [TEST_STEP][PASSED] - click(findTestObject("OCS-MOBILE /Age gate and burger menu/button_CONFIRM")): Object: 'Object Repository/OCS-MOBILE /Age gate and burger menu/button_CONFIRM' is clicked on

2019-05-21 17:56:48 - [MESSAGE][PASSED] - Object: 'Object Repository/OCS-MOBILE /Age gate and burger menu/button_CONFIRM' is clicked on

2019-05-21 17:56:48 - [TEST_STEP][PASSED] - click(findTestObject("OCS-MOBILE /Age gate and burger menu/button_Start Browsing")): Object: 'Object Repository/OCS-MOBILE /Age gate and burger menu/button_Start Browsing' is clicked on

2019-05-21 17:56:48 - [MESSAGE][PASSED] - Object: 'Object Repository/OCS-MOBILE /Age gate and burger menu/button_Start Browsing' is clicked on

2019-05-21 17:56:48 - [TEST_STEP][PASSED] - delay(2): Delayed 2 second(s)

2019-05-21 17:56:50 - [MESSAGE][PASSED] - Delayed 2 second(s)

2019-05-21 17:56:50 - [TEST_STEP][PASSED] - click(findTestObject("OCS-MOBILE /Age gate and burger menu/Burger menu - English")): Object: 'Object Repository/OCS-MOBILE /Age gate and burger menu/Burger menu - English' is clicked on

2019-05-21 17:56:50 - [MESSAGE][PASSED] - Object: 'Object Repository/OCS-MOBILE /Age gate and burger menu/Burger menu - English' is clicked on

2019-05-21 17:56:50 - [TEST_STEP][PASSED] - delay(2): Delayed 2 second(s)

2019-05-21 17:56:52 - [MESSAGE][PASSED] - Delayed 2 second(s)

2019-05-21 17:56:52 - [TEST_STEP][PASSED] - click(findTestObject("OCS-MOBILE /Age gate and burger menu/Chevron_Cannabis")): Object: 'Object Repository/OCS-MOBILE /Age gate and burger menu/Chevron_Cannabis' is clicked on

2019-05-21 17:56:52 - [MESSAGE][PASSED] - Object: 'Object Repository/OCS-MOBILE /Age gate and burger menu/Chevron_Cannabis' is clicked on

2019-05-21 17:56:52 - [TEST_STEP][PASSED] - delay(2): Delayed 2 second(s)

2019-05-21 17:56:54 - [MESSAGE][PASSED] - Delayed 2 second(s)

2019-05-21 17:56:54 - [TEST_STEP][PASSED] - click(findTestObject("OCS-MOBILE /Age gate and burger menu/Dried Flower_Plus icon")): Object: 'Object Repository/OCS-MOBILE /Age gate and burger menu/Dried Flower_Plus icon' is clicked on

2019-05-21 17:56:54 - [MESSAGE][PASSED] - Object: 'Object Repository/OCS-MOBILE /Age gate and burger menu/Dried Flower_Plus icon' is clicked on

2019-05-21 17:56:54 - [TEST_STEP][PASSED] - delay(2): Delayed 2 second(s)

2019-05-21 17:56:56 - [MESSAGE][PASSED] - Delayed 2 second(s)

2019-05-21 17:56:56 - [TEST_STEP][PASSED] - click(findTestObject("OCS-MOBILE /Age gate and burger menu/Indica Dominant_Menu item")): Object: 'Object Repository/OCS-MOBILE /Age gate and burger menu/Indica Dominant_Menu item' is clicked on

2019-05-21 17:56:58 - [MESSAGE][PASSED] - Object: 'Object Repository/OCS-MOBILE /Age gate and burger menu/Indica Dominant_Menu item' is clicked on

2019-05-21 17:56:58 - [TEST_STEP][PASSED] - delay(2): Delayed 2 second(s)

2019-05-21 17:57:00 - [MESSAGE][PASSED] - Delayed 2 second(s)

2019-05-21 17:57:00 - [TEST_STEP][PASSED] - click(findTestObject("OCS-MOBILE /Collection page/Product image - 1st one")): Object: 'Object Repository/OCS-MOBILE /Collection page/Product image - 1st one' is clicked on

2019-05-21 17:57:04 - [MESSAGE][PASSED] - Object: 'Object Repository/OCS-MOBILE /Collection page/Product image - 1st one' is clicked on

2019-05-21 17:57:04 - [TEST_STEP][NOT_RUN] - click(findTestObject("Object Repository/Cart flyout-tooltips_OR/Page_Ontario Cannabis Store  Ontari/h3_Cannabis")): NOT_RUN: click(findTestObject("Object Repository/Cart flyout-tooltips_OR/Page_Ontario Cannabis Store  Ontari/h3_Cannabis"))

2019-05-21 17:57:04 - [MESSAGE][NOT_RUN] - NOT_RUN: click(findTestObject("Object Repository/Cart flyout-tooltips_OR/Page_Ontario Cannabis Store  Ontari/h3_Cannabis"))

2019-05-21 17:57:04 - [TEST_STEP][NOT_RUN] - click(findTestObject("Object Repository/Cart flyout-tooltips_OR/Page_Ontario Cannabis Store  Ontari/span_Indica Dominant")): NOT_RUN: click(findTestObject("Object Repository/Cart flyout-tooltips_OR/Page_Ontario Cannabis Store  Ontari/span_Indica Dominant"))

2019-05-21 17:57:04 - [MESSAGE][NOT_RUN] - NOT_RUN: click(findTestObject("Object Repository/Cart flyout-tooltips_OR/Page_Ontario Cannabis Store  Ontari/span_Indica Dominant"))

2019-05-21 17:57:04 - [TEST_STEP][NOT_RUN] - click(findTestObject("Object Repository/Cart flyout-tooltips_OR/Page_Indica Dominant Dried Flower/h3_Shishkaberry")): NOT_RUN: click(findTestObject("Object Repository/Cart flyout-tooltips_OR/Page_Indica Dominant Dried Flower/h3_Shishkaberry"))

2019-05-21 17:57:04 - [MESSAGE][NOT_RUN] - NOT_RUN: click(findTestObject("Object Repository/Cart flyout-tooltips_OR/Page_Indica Dominant Dried Flower/h3_Shishkaberry"))

2019-05-21 17:57:04 - [TEST_STEP][NOT_RUN] - click(findTestObject("Object Repository/Cart flyout-tooltips_OR/Page_Shishkaberry  Ontario Cannabis/label_1g")): NOT_RUN: click(findTestObject("Object Repository/Cart flyout-tooltips_OR/Page_Shishkaberry  Ontario Cannabis/label_1g"))

2019-05-21 17:57:04 - [MESSAGE][NOT_RUN] - NOT_RUN: click(findTestObject("Object Repository/Cart flyout-tooltips_OR/Page_Shishkaberry  Ontario Cannabis/label_1g"))

2019-05-21 17:57:04 - [TEST_STEP][NOT_RUN] - click(findTestObject("Object Repository/Cart flyout-tooltips_OR/Page_Shishkaberry  Ontario Cannabis/button_Add to Bag9.75")): NOT_RUN: click(findTestObject("Object Repository/Cart flyout-tooltips_OR/Page_Shishkaberry  Ontario Cannabis/button_Add to Bag9.75"))

2019-05-21 17:57:04 - [MESSAGE][NOT_RUN] - NOT_RUN: click(findTestObject("Object Repository/Cart flyout-tooltips_OR/Page_Shishkaberry  Ontario Cannabis/button_Add to Bag9.75"))

2019-05-21 17:57:04 - [TEST_STEP][PASSED] - delay(3): Delayed 3 second(s)

2019-05-21 17:57:07 - [MESSAGE][PASSED] - Delayed 3 second(s)

2019-05-21 17:57:07 - [TEST_STEP][PASSED] - scrollToElement(findTestObject("OCS-MOBILE /Product page/Product image"), 1): Scroll to object 'Object Repository/OCS-MOBILE /Product page/Product image' successfully

2019-05-21 17:57:07 - [MESSAGE][PASSED] - Scroll to object 'Object Repository/OCS-MOBILE /Product page/Product image' successfully

2019-05-21 17:57:07 - [TEST_STEP][PASSED] - click(findTestObject("OCS-MOBILE /Product page/Swatch_3.5g")): Object: 'Object Repository/OCS-MOBILE /Product page/Swatch_3.5g' is clicked on

2019-05-21 17:57:07 - [MESSAGE][PASSED] - Object: 'Object Repository/OCS-MOBILE /Product page/Swatch_3.5g' is clicked on

2019-05-21 17:57:07 - [TEST_STEP][PASSED] - delay(2): Delayed 2 second(s)

2019-05-21 17:57:09 - [MESSAGE][PASSED] - Delayed 2 second(s)

2019-05-21 17:57:09 - [TEST_STEP][PASSED] - click(findTestObject("OCS-MOBILE /Product page/Add to Bag-button")): Object: 'Object Repository/OCS-MOBILE /Product page/Add to Bag-button' is clicked on

2019-05-21 17:57:09 - [MESSAGE][PASSED] - Object: 'Object Repository/OCS-MOBILE /Product page/Add to Bag-button' is clicked on

2019-05-21 17:57:09 - [TEST_STEP][PASSED] - delay(1): Delayed 1 second(s)

2019-05-21 17:57:10 - [MESSAGE][PASSED] - Delayed 1 second(s)

2019-05-21 17:57:10 - [TEST_STEP][PASSED] - click(findTestObject("OCS-MOBILE /Cart flyout/tool tip - TOP")): Object: 'Object Repository/OCS-MOBILE /Cart flyout/tool tip - TOP' is clicked on

2019-05-21 17:57:10 - [MESSAGE][PASSED] - Object: 'Object Repository/OCS-MOBILE /Cart flyout/tool tip - TOP' is clicked on

2019-05-21 17:57:10 - [TEST_STEP][PASSED] - delay(3): Delayed 3 second(s)

2019-05-21 17:57:13 - [MESSAGE][PASSED] - Delayed 3 second(s)

2019-05-21 17:57:13 - [TEST_STEP][PASSED] - click(findTestObject("OCS-MOBILE /Cart flyout/tool tip -DOWN")): Object: 'Object Repository/OCS-MOBILE /Cart flyout/tool tip -DOWN' is clicked on

2019-05-21 17:57:13 - [MESSAGE][PASSED] - Object: 'Object Repository/OCS-MOBILE /Cart flyout/tool tip -DOWN' is clicked on

2019-05-21 17:57:13 - [TEST_STEP][PASSED] - closeBrowser(): Browser is closed

2019-05-21 17:57:14 - [MESSAGE][PASSED] - Browser is closed]]></system-out>
         <system-err><![CDATA[]]></system-err>
      </testcase>
      <testcase name="Test Cases/OCS - MOBILE/OCS- CRITICAL PATH/Cart page- decrease qty" classname="Test Cases/OCS - MOBILE/OCS- CRITICAL PATH/Cart page- decrease qty" status="PASSED">
         <system-out><![CDATA[2019-05-21 17:57:14 - [TEST_CASE][PASSED] - Test Cases/OCS - MOBILE/OCS- CRITICAL PATH/Cart page- decrease qty: Test Cases/OCS - MOBILE/OCS- CRITICAL PATH/Cart page- decrease qty

2019-05-21 17:57:14 - [TEST_STEP][PASSED] - openBrowser(""): Browser is opened with url: ''

2019-05-21 17:57:14 - [MESSAGE][INFO] - Starting 'Chrome' driver

2019-05-21 17:57:15 - [MESSAGE][PASSED] - Browser is opened with url: ''

2019-05-21 17:57:15 - [TEST_STEP][PASSED] - navigateToUrl("https://ocs.ca/?fts=0&preview_theme_id=53373863756"): Navigate to 'https://ocs.ca/?fts=0&preview_theme_id=53373863756' successfully

2019-05-21 17:57:19 - [MESSAGE][PASSED] - Navigate to 'https://ocs.ca/?fts=0&preview_theme_id=53373863756' successfully

2019-05-21 17:57:19 - [TEST_STEP][PASSED] - setViewPortSize(360, 800): Viewport is set to new size with width = 360 and height = 800

2019-05-21 17:57:19 - [MESSAGE][PASSED] - Viewport is set to new size with width = 360 and height = 800

2019-05-21 17:57:19 - [TEST_STEP][PASSED] - delay(4): Delayed 4 second(s)

2019-05-21 17:57:23 - [MESSAGE][PASSED] - Delayed 4 second(s)

2019-05-21 17:57:23 - [TEST_STEP][PASSED] - selectOptionByValue(findTestObject("OCS-MOBILE /Age gate and burger menu/Date"), "12", true): All options with value '12' are selected in object 'Object Repository/OCS-MOBILE /Age gate and burger menu/Date'  using regular expression

2019-05-21 17:57:23 - [MESSAGE][PASSED] - All options with value '12' are selected in object 'Object Repository/OCS-MOBILE /Age gate and burger menu/Date'  using regular expression

2019-05-21 17:57:23 - [TEST_STEP][PASSED] - selectOptionByValue(findTestObject("OCS-MOBILE /Age gate and burger menu/month"), "6", true): All options with value '6' are selected in object 'Object Repository/OCS-MOBILE /Age gate and burger menu/month'  using regular expression

2019-05-21 17:57:23 - [MESSAGE][PASSED] - All options with value '6' are selected in object 'Object Repository/OCS-MOBILE /Age gate and burger menu/month'  using regular expression

2019-05-21 17:57:23 - [TEST_STEP][PASSED] - delay(2): Delayed 2 second(s)

2019-05-21 17:57:25 - [MESSAGE][PASSED] - Delayed 2 second(s)

2019-05-21 17:57:25 - [TEST_STEP][PASSED] - selectOptionByValue(findTestObject("OCS-MOBILE /Age gate and burger menu/Year Dropdown"), "1990", true): All options with value '1990' are selected in object 'Object Repository/OCS-MOBILE /Age gate and burger menu/Year Dropdown'  using regular expression

2019-05-21 17:57:26 - [MESSAGE][PASSED] - All options with value '1990' are selected in object 'Object Repository/OCS-MOBILE /Age gate and burger menu/Year Dropdown'  using regular expression

2019-05-21 17:57:26 - [TEST_STEP][PASSED] - click(findTestObject("OCS-MOBILE /Age gate and burger menu/button_Verify")): Object: 'Object Repository/OCS-MOBILE /Age gate and burger menu/button_Verify' is clicked on

2019-05-21 17:57:27 - [MESSAGE][PASSED] - Object: 'Object Repository/OCS-MOBILE /Age gate and burger menu/button_Verify' is clicked on

2019-05-21 17:57:27 - [TEST_STEP][PASSED] - click(findTestObject("OCS-MOBILE /Age gate and burger menu/Checkbox_CONFIRM AND ACKNOWLEDGE")): Object: 'Object Repository/OCS-MOBILE /Age gate and burger menu/Checkbox_CONFIRM AND ACKNOWLEDGE' is clicked on

2019-05-21 17:57:27 - [MESSAGE][PASSED] - Object: 'Object Repository/OCS-MOBILE /Age gate and burger menu/Checkbox_CONFIRM AND ACKNOWLEDGE' is clicked on

2019-05-21 17:57:27 - [TEST_STEP][PASSED] - click(findTestObject("OCS-MOBILE /Age gate and burger menu/button_CONFIRM")): Object: 'Object Repository/OCS-MOBILE /Age gate and burger menu/button_CONFIRM' is clicked on

2019-05-21 17:57:27 - [MESSAGE][PASSED] - Object: 'Object Repository/OCS-MOBILE /Age gate and burger menu/button_CONFIRM' is clicked on

2019-05-21 17:57:27 - [TEST_STEP][PASSED] - click(findTestObject("OCS-MOBILE /Age gate and burger menu/button_Start Browsing")): Object: 'Object Repository/OCS-MOBILE /Age gate and burger menu/button_Start Browsing' is clicked on

2019-05-21 17:57:27 - [MESSAGE][PASSED] - Object: 'Object Repository/OCS-MOBILE /Age gate and burger menu/button_Start Browsing' is clicked on

2019-05-21 17:57:27 - [TEST_STEP][PASSED] - delay(2): Delayed 2 second(s)

2019-05-21 17:57:29 - [MESSAGE][PASSED] - Delayed 2 second(s)

2019-05-21 17:57:29 - [TEST_STEP][PASSED] - click(findTestObject("OCS-MOBILE /Age gate and burger menu/Burger menu - English")): Object: 'Object Repository/OCS-MOBILE /Age gate and burger menu/Burger menu - English' is clicked on

2019-05-21 17:57:29 - [MESSAGE][PASSED] - Object: 'Object Repository/OCS-MOBILE /Age gate and burger menu/Burger menu - English' is clicked on

2019-05-21 17:57:29 - [TEST_STEP][PASSED] - delay(2): Delayed 2 second(s)

2019-05-21 17:57:31 - [MESSAGE][PASSED] - Delayed 2 second(s)

2019-05-21 17:57:31 - [TEST_STEP][PASSED] - click(findTestObject("OCS-MOBILE /Age gate and burger menu/Chevron_Cannabis")): Object: 'Object Repository/OCS-MOBILE /Age gate and burger menu/Chevron_Cannabis' is clicked on

2019-05-21 17:57:31 - [MESSAGE][PASSED] - Object: 'Object Repository/OCS-MOBILE /Age gate and burger menu/Chevron_Cannabis' is clicked on

2019-05-21 17:57:31 - [TEST_STEP][PASSED] - delay(2): Delayed 2 second(s)

2019-05-21 17:57:33 - [MESSAGE][PASSED] - Delayed 2 second(s)

2019-05-21 17:57:33 - [TEST_STEP][PASSED] - click(findTestObject("OCS-MOBILE /Age gate and burger menu/Dried Flower_Plus icon")): Object: 'Object Repository/OCS-MOBILE /Age gate and burger menu/Dried Flower_Plus icon' is clicked on

2019-05-21 17:57:33 - [MESSAGE][PASSED] - Object: 'Object Repository/OCS-MOBILE /Age gate and burger menu/Dried Flower_Plus icon' is clicked on

2019-05-21 17:57:33 - [TEST_STEP][PASSED] - delay(2): Delayed 2 second(s)

2019-05-21 17:57:35 - [MESSAGE][PASSED] - Delayed 2 second(s)

2019-05-21 17:57:35 - [TEST_STEP][PASSED] - click(findTestObject("OCS-MOBILE /Age gate and burger menu/Indica Dominant_Menu item")): Object: 'Object Repository/OCS-MOBILE /Age gate and burger menu/Indica Dominant_Menu item' is clicked on

2019-05-21 17:57:38 - [MESSAGE][PASSED] - Object: 'Object Repository/OCS-MOBILE /Age gate and burger menu/Indica Dominant_Menu item' is clicked on

2019-05-21 17:57:38 - [TEST_STEP][PASSED] - delay(2): Delayed 2 second(s)

2019-05-21 17:57:40 - [MESSAGE][PASSED] - Delayed 2 second(s)

2019-05-21 17:57:40 - [TEST_STEP][PASSED] - click(findTestObject("OCS-MOBILE /Collection page/Product image - 1st one")): Object: 'Object Repository/OCS-MOBILE /Collection page/Product image - 1st one' is clicked on

2019-05-21 17:57:44 - [MESSAGE][PASSED] - Object: 'Object Repository/OCS-MOBILE /Collection page/Product image - 1st one' is clicked on

2019-05-21 17:57:44 - [TEST_STEP][PASSED] - scrollToElement(findTestObject("OCS-MOBILE /Product page/Product image"), 1): Scroll to object 'Object Repository/OCS-MOBILE /Product page/Product image' successfully

2019-05-21 17:57:44 - [MESSAGE][PASSED] - Scroll to object 'Object Repository/OCS-MOBILE /Product page/Product image' successfully

2019-05-21 17:57:44 - [TEST_STEP][PASSED] - delay(2): Delayed 2 second(s)

2019-05-21 17:57:46 - [MESSAGE][PASSED] - Delayed 2 second(s)

2019-05-21 17:57:46 - [TEST_STEP][PASSED] - click(findTestObject("OCS-MOBILE /Product page/Swatch_3.5g")): Object: 'Object Repository/OCS-MOBILE /Product page/Swatch_3.5g' is clicked on

2019-05-21 17:57:46 - [MESSAGE][PASSED] - Object: 'Object Repository/OCS-MOBILE /Product page/Swatch_3.5g' is clicked on

2019-05-21 17:57:46 - [TEST_STEP][PASSED] - scrollToElement(findTestObject("OCS-MOBILE /Product page/Swatch_3.5g"), 1): Scroll to object 'Object Repository/OCS-MOBILE /Product page/Swatch_3.5g' successfully

2019-05-21 17:57:46 - [MESSAGE][PASSED] - Scroll to object 'Object Repository/OCS-MOBILE /Product page/Swatch_3.5g' successfully

2019-05-21 17:57:46 - [TEST_STEP][PASSED] - delay(2): Delayed 2 second(s)

2019-05-21 17:57:48 - [MESSAGE][PASSED] - Delayed 2 second(s)

2019-05-21 17:57:48 - [TEST_STEP][PASSED] - click(findTestObject("OCS-MOBILE /Product page/Quantity Increase - Button")): Object: 'Object Repository/OCS-MOBILE /Product page/Quantity Increase - Button' is clicked on

2019-05-21 17:57:48 - [MESSAGE][PASSED] - Object: 'Object Repository/OCS-MOBILE /Product page/Quantity Increase - Button' is clicked on

2019-05-21 17:57:48 - [TEST_STEP][PASSED] - delay(1): Delayed 1 second(s)

2019-05-21 17:57:49 - [MESSAGE][PASSED] - Delayed 1 second(s)

2019-05-21 17:57:49 - [TEST_STEP][PASSED] - click(findTestObject("OCS-MOBILE /Product page/Quantity Increase - Button")): Object: 'Object Repository/OCS-MOBILE /Product page/Quantity Increase - Button' is clicked on

2019-05-21 17:57:49 - [MESSAGE][PASSED] - Object: 'Object Repository/OCS-MOBILE /Product page/Quantity Increase - Button' is clicked on

2019-05-21 17:57:49 - [TEST_STEP][PASSED] - delay(1): Delayed 1 second(s)

2019-05-21 17:57:50 - [MESSAGE][PASSED] - Delayed 1 second(s)

2019-05-21 17:57:50 - [TEST_STEP][PASSED] - click(findTestObject("OCS-MOBILE /Product page/Quantity Increase - Button")): Object: 'Object Repository/OCS-MOBILE /Product page/Quantity Increase - Button' is clicked on

2019-05-21 17:57:50 - [MESSAGE][PASSED] - Object: 'Object Repository/OCS-MOBILE /Product page/Quantity Increase - Button' is clicked on

2019-05-21 17:57:50 - [TEST_STEP][PASSED] - delay(1): Delayed 1 second(s)

2019-05-21 17:57:51 - [MESSAGE][PASSED] - Delayed 1 second(s)

2019-05-21 17:57:51 - [TEST_STEP][PASSED] - click(findTestObject("OCS-MOBILE /Product page/Quantity Increase - Button")): Object: 'Object Repository/OCS-MOBILE /Product page/Quantity Increase - Button' is clicked on

2019-05-21 17:57:51 - [MESSAGE][PASSED] - Object: 'Object Repository/OCS-MOBILE /Product page/Quantity Increase - Button' is clicked on

2019-05-21 17:57:51 - [TEST_STEP][PASSED] - delay(1): Delayed 1 second(s)

2019-05-21 17:57:52 - [MESSAGE][PASSED] - Delayed 1 second(s)

2019-05-21 17:57:52 - [TEST_STEP][PASSED] - click(findTestObject("OCS-MOBILE /Product page/Quantity Increase - Button")): Object: 'Object Repository/OCS-MOBILE /Product page/Quantity Increase - Button' is clicked on

2019-05-21 17:57:52 - [MESSAGE][PASSED] - Object: 'Object Repository/OCS-MOBILE /Product page/Quantity Increase - Button' is clicked on

2019-05-21 17:57:52 - [TEST_STEP][PASSED] - delay(2): Delayed 2 second(s)

2019-05-21 17:57:54 - [MESSAGE][PASSED] - Delayed 2 second(s)

2019-05-21 17:57:54 - [TEST_STEP][PASSED] - click(findTestObject("OCS-MOBILE /Product page/Add to Bag-button")): Object: 'Object Repository/OCS-MOBILE /Product page/Add to Bag-button' is clicked on

2019-05-21 17:57:54 - [MESSAGE][PASSED] - Object: 'Object Repository/OCS-MOBILE /Product page/Add to Bag-button' is clicked on

2019-05-21 17:57:54 - [TEST_STEP][PASSED] - delay(1): Delayed 1 second(s)

2019-05-21 17:57:55 - [MESSAGE][PASSED] - Delayed 1 second(s)

2019-05-21 17:57:55 - [TEST_STEP][PASSED] - maximizeWindow(): Current window maximized

2019-05-21 17:57:55 - [MESSAGE][PASSED] - Current window maximized

2019-05-21 17:57:55 - [TEST_STEP][PASSED] - delay(2): Delayed 2 second(s)

2019-05-21 17:57:57 - [MESSAGE][PASSED] - Delayed 2 second(s)

2019-05-21 17:57:57 - [TEST_STEP][PASSED] - click(findTestObject("Theme_oR/Page_Ontario Cannabis Store  Ontari/button_Hide bar")): Object: 'Object Repository/Theme_oR/Page_Ontario Cannabis Store  Ontari/button_Hide bar' is clicked on

2019-05-21 17:57:58 - [MESSAGE][PASSED] - Object: 'Object Repository/Theme_oR/Page_Ontario Cannabis Store  Ontari/button_Hide bar' is clicked on

2019-05-21 17:57:58 - [TEST_STEP][PASSED] - delay(2): Delayed 2 second(s)

2019-05-21 17:58:00 - [MESSAGE][PASSED] - Delayed 2 second(s)

2019-05-21 17:58:00 - [TEST_STEP][PASSED] - setViewPortSize(360, 800): Viewport is set to new size with width = 360 and height = 800

2019-05-21 17:58:00 - [MESSAGE][PASSED] - Viewport is set to new size with width = 360 and height = 800

2019-05-21 17:58:00 - [TEST_STEP][PASSED] - delay(1): Delayed 1 second(s)

2019-05-21 17:58:01 - [MESSAGE][PASSED] - Delayed 1 second(s)

2019-05-21 17:58:01 - [TEST_STEP][PASSED] - click(findTestObject("OCS-MOBILE /Cart flyout/Checkbox_I confirm that")): Object: 'Object Repository/OCS-MOBILE /Cart flyout/Checkbox_I confirm that' is clicked on

2019-05-21 17:58:01 - [MESSAGE][PASSED] - Object: 'Object Repository/OCS-MOBILE /Cart flyout/Checkbox_I confirm that' is clicked on

2019-05-21 17:58:01 - [TEST_STEP][PASSED] - click(findTestObject("OCS-MOBILE /Cart flyout/Checkbox_Accept the Terms Condition")): Object: 'Object Repository/OCS-MOBILE /Cart flyout/Checkbox_Accept the Terms Condition' is clicked on

2019-05-21 17:58:01 - [MESSAGE][PASSED] - Object: 'Object Repository/OCS-MOBILE /Cart flyout/Checkbox_Accept the Terms Condition' is clicked on

2019-05-21 17:58:01 - [TEST_STEP][PASSED] - delay(1): Delayed 1 second(s)

2019-05-21 17:58:02 - [MESSAGE][PASSED] - Delayed 1 second(s)

2019-05-21 17:58:02 - [TEST_STEP][PASSED] - click(findTestObject("OCS-MOBILE /Cart flyout/Checkout - Button")): Object: 'Object Repository/OCS-MOBILE /Cart flyout/Checkout - Button' is clicked on

2019-05-21 17:58:05 - [MESSAGE][PASSED] - Object: 'Object Repository/OCS-MOBILE /Cart flyout/Checkout - Button' is clicked on

2019-05-21 17:58:05 - [TEST_STEP][PASSED] - delay(2): Delayed 2 second(s)

2019-05-21 17:58:07 - [MESSAGE][PASSED] - Delayed 2 second(s)

2019-05-21 17:58:07 - [TEST_STEP][PASSED] - scrollToElement(findTestObject("OCS-MOBILE /Customer info page/Return to Cart - Link"), 1): Scroll to object 'Object Repository/OCS-MOBILE /Customer info page/Return to Cart - Link' successfully

2019-05-21 17:58:07 - [MESSAGE][PASSED] - Scroll to object 'Object Repository/OCS-MOBILE /Customer info page/Return to Cart - Link' successfully

2019-05-21 17:58:07 - [TEST_STEP][PASSED] - delay(1): Delayed 1 second(s)

2019-05-21 17:58:08 - [MESSAGE][PASSED] - Delayed 1 second(s)

2019-05-21 17:58:08 - [TEST_STEP][PASSED] - maximizeWindow(): Current window maximized

2019-05-21 17:58:08 - [MESSAGE][PASSED] - Current window maximized

2019-05-21 17:58:08 - [TEST_STEP][PASSED] - delay(2): Delayed 2 second(s)

2019-05-21 17:58:10 - [MESSAGE][PASSED] - Delayed 2 second(s)

2019-05-21 17:58:10 - [TEST_STEP][PASSED] - click(findTestObject("Theme_oR/Page_Ontario Cannabis Store  Ontari/button_Hide bar")): Object: 'Object Repository/Theme_oR/Page_Ontario Cannabis Store  Ontari/button_Hide bar' is clicked on

2019-05-21 17:58:10 - [MESSAGE][PASSED] - Object: 'Object Repository/Theme_oR/Page_Ontario Cannabis Store  Ontari/button_Hide bar' is clicked on

2019-05-21 17:58:10 - [TEST_STEP][PASSED] - delay(2): Delayed 2 second(s)

2019-05-21 17:58:12 - [MESSAGE][PASSED] - Delayed 2 second(s)

2019-05-21 17:58:12 - [TEST_STEP][PASSED] - setViewPortSize(360, 800): Viewport is set to new size with width = 360 and height = 800

2019-05-21 17:58:12 - [MESSAGE][PASSED] - Viewport is set to new size with width = 360 and height = 800

2019-05-21 17:58:12 - [TEST_STEP][PASSED] - delay(1): Delayed 1 second(s)

2019-05-21 17:58:13 - [MESSAGE][PASSED] - Delayed 1 second(s)

2019-05-21 17:58:13 - [TEST_STEP][PASSED] - click(findTestObject("OCS-MOBILE /Customer info page/Return to Cart - Link")): Object: 'Object Repository/OCS-MOBILE /Customer info page/Return to Cart - Link' is clicked on

2019-05-21 17:58:15 - [MESSAGE][PASSED] - Object: 'Object Repository/OCS-MOBILE /Customer info page/Return to Cart - Link' is clicked on

2019-05-21 17:58:15 - [TEST_STEP][PASSED] - delay(1): Delayed 1 second(s)

2019-05-21 17:58:16 - [MESSAGE][PASSED] - Delayed 1 second(s)

2019-05-21 17:58:16 - [TEST_STEP][PASSED] - maximizeWindow(): Current window maximized

2019-05-21 17:58:16 - [MESSAGE][PASSED] - Current window maximized

2019-05-21 17:58:16 - [TEST_STEP][PASSED] - delay(2): Delayed 2 second(s)

2019-05-21 17:58:18 - [MESSAGE][PASSED] - Delayed 2 second(s)

2019-05-21 17:58:18 - [TEST_STEP][PASSED] - click(findTestObject("Theme_oR/Page_Ontario Cannabis Store  Ontari/button_Hide bar")): Object: 'Object Repository/Theme_oR/Page_Ontario Cannabis Store  Ontari/button_Hide bar' is clicked on

2019-05-21 17:58:18 - [MESSAGE][PASSED] - Object: 'Object Repository/Theme_oR/Page_Ontario Cannabis Store  Ontari/button_Hide bar' is clicked on

2019-05-21 17:58:18 - [TEST_STEP][PASSED] - delay(2): Delayed 2 second(s)

2019-05-21 17:58:20 - [MESSAGE][PASSED] - Delayed 2 second(s)

2019-05-21 17:58:20 - [TEST_STEP][PASSED] - setViewPortSize(360, 800): Viewport is set to new size with width = 360 and height = 800

2019-05-21 17:58:20 - [MESSAGE][PASSED] - Viewport is set to new size with width = 360 and height = 800

2019-05-21 17:58:20 - [TEST_STEP][PASSED] - delay(1): Delayed 1 second(s)

2019-05-21 17:58:21 - [MESSAGE][PASSED] - Delayed 1 second(s)

2019-05-21 17:58:21 - [TEST_STEP][PASSED] - a = getText(findTestObject("OCS-MOBILE /Cart page/Unit price - product - price in cart page")): Text of object 'Object Repository/OCS-MOBILE /Cart page/Unit price - product - price in cart page' is: '$194.40'

2019-05-21 17:58:21 - [MESSAGE][PASSED] - Text of object 'Object Repository/OCS-MOBILE /Cart page/Unit price - product - price in cart page' is: '$194.40'

2019-05-21 17:58:21 - [TEST_STEP][PASSED] - comment(a): $194.40

2019-05-21 17:58:21 - [MESSAGE][INFO] - $194.40

2019-05-21 17:58:21 - [TEST_STEP][PASSED] - click(findTestObject("OCS-MOBILE /Cart page/Quantity Input field")): Object: 'Object Repository/OCS-MOBILE /Cart page/Quantity Input field' is clicked on

2019-05-21 17:58:21 - [MESSAGE][PASSED] - Object: 'Object Repository/OCS-MOBILE /Cart page/Quantity Input field' is clicked on

2019-05-21 17:58:21 - [TEST_STEP][PASSED] - sendKeys(findTestObject("OCS-MOBILE /Cart page/Quantity Input field"), Keys.chord(CLEAR)): Keys 'CLEAR + ' sent to object: 'Object Repository/OCS-MOBILE /Cart page/Quantity Input field'

2019-05-21 17:58:21 - [MESSAGE][PASSED] - Keys 'CLEAR + ' sent to object: 'Object Repository/OCS-MOBILE /Cart page/Quantity Input field'

2019-05-21 17:58:21 - [TEST_STEP][PASSED] - setText(findTestObject("OCS-MOBILE /Cart page/Quantity Input field"), "10"): Text '10' is set on object 'Object Repository/OCS-MOBILE /Cart page/Quantity Input field'

2019-05-21 17:58:21 - [MESSAGE][PASSED] - Text '10' is set on object 'Object Repository/OCS-MOBILE /Cart page/Quantity Input field'

2019-05-21 17:58:21 - [TEST_STEP][PASSED] - delay(2): Delayed 2 second(s)

2019-05-21 17:58:23 - [MESSAGE][PASSED] - Delayed 2 second(s)

2019-05-21 17:58:23 - [TEST_STEP][PASSED] - sendKeys(findTestObject("OCS-MOBILE /Cart page/Quantity Input field"), Keys.chord(CLEAR)): Keys 'CLEAR + ' sent to object: 'Object Repository/OCS-MOBILE /Cart page/Quantity Input field'

2019-05-21 17:58:23 - [MESSAGE][PASSED] - Keys 'CLEAR + ' sent to object: 'Object Repository/OCS-MOBILE /Cart page/Quantity Input field'

2019-05-21 17:58:23 - [TEST_STEP][NOT_RUN] - click(findTestObject("OCS-MOBILE /Cart page/enter quantity")): NOT_RUN: click(findTestObject("OCS-MOBILE /Cart page/enter quantity"))

2019-05-21 17:58:23 - [MESSAGE][NOT_RUN] - NOT_RUN: click(findTestObject("OCS-MOBILE /Cart page/enter quantity"))

2019-05-21 17:58:23 - [TEST_STEP][PASSED] - delay(2): Delayed 2 second(s)

2019-05-21 17:58:25 - [MESSAGE][PASSED] - Delayed 2 second(s)

2019-05-21 17:58:25 - [TEST_STEP][PASSED] - setText(findTestObject("OCS-MOBILE /Cart page/Quantity Input field"), "7"): Text '7' is set on object 'Object Repository/OCS-MOBILE /Cart page/Quantity Input field'

2019-05-21 17:58:25 - [MESSAGE][PASSED] - Text '7' is set on object 'Object Repository/OCS-MOBILE /Cart page/Quantity Input field'

2019-05-21 17:58:25 - [TEST_STEP][PASSED] - delay(2): Delayed 2 second(s)

2019-05-21 17:58:27 - [MESSAGE][PASSED] - Delayed 2 second(s)

2019-05-21 17:58:27 - [TEST_STEP][NOT_RUN] - click(findTestObject("OCS-MOBILE /Cart page/Unit price - product")): NOT_RUN: click(findTestObject("OCS-MOBILE /Cart page/Unit price - product"))

2019-05-21 17:58:27 - [MESSAGE][NOT_RUN] - NOT_RUN: click(findTestObject("OCS-MOBILE /Cart page/Unit price - product"))

2019-05-21 17:58:27 - [TEST_STEP][PASSED] - delay(2): Delayed 2 second(s)

2019-05-21 17:58:29 - [MESSAGE][PASSED] - Delayed 2 second(s)

2019-05-21 17:58:29 - [TEST_STEP][PASSED] - click(findTestObject("OCS-MOBILE /Cart page/Qty Decrease icon")): Object: 'Object Repository/OCS-MOBILE /Cart page/Qty Decrease icon' is clicked on

2019-05-21 17:58:29 - [MESSAGE][PASSED] - Object: 'Object Repository/OCS-MOBILE /Cart page/Qty Decrease icon' is clicked on

2019-05-21 17:58:29 - [TEST_STEP][PASSED] - delay(2): Delayed 2 second(s)

2019-05-21 17:58:31 - [MESSAGE][PASSED] - Delayed 2 second(s)

2019-05-21 17:58:31 - [TEST_STEP][PASSED] - click(findTestObject("OCS-MOBILE /Cart page/Qty Decrease icon")): Object: 'Object Repository/OCS-MOBILE /Cart page/Qty Decrease icon' is clicked on

2019-05-21 17:58:31 - [MESSAGE][PASSED] - Object: 'Object Repository/OCS-MOBILE /Cart page/Qty Decrease icon' is clicked on

2019-05-21 17:58:31 - [TEST_STEP][PASSED] - delay(2): Delayed 2 second(s)

2019-05-21 17:58:33 - [MESSAGE][PASSED] - Delayed 2 second(s)

2019-05-21 17:58:33 - [TEST_STEP][PASSED] - click(findTestObject("OCS-MOBILE /Cart page/Qty Decrease icon")): Object: 'Object Repository/OCS-MOBILE /Cart page/Qty Decrease icon' is clicked on

2019-05-21 17:58:34 - [MESSAGE][PASSED] - Object: 'Object Repository/OCS-MOBILE /Cart page/Qty Decrease icon' is clicked on

2019-05-21 17:58:34 - [TEST_STEP][PASSED] - delay(2): Delayed 2 second(s)

2019-05-21 17:58:36 - [MESSAGE][PASSED] - Delayed 2 second(s)

2019-05-21 17:58:36 - [TEST_STEP][PASSED] - b = getText(findTestObject("OCS_CRITICAL PATH/cartpage- decrease qty _OR/Page_Your Shopping Cart  Ontario Ca/p_194.40")): Text of object 'Object Repository/OCS_CRITICAL PATH/cartpage- decrease qty _OR/Page_Your Shopping Cart  Ontario Ca/p_194.40' is: '$129.60'

2019-05-21 17:58:36 - [MESSAGE][PASSED] - Text of object 'Object Repository/OCS_CRITICAL PATH/cartpage- decrease qty _OR/Page_Your Shopping Cart  Ontario Ca/p_194.40' is: '$129.60'

2019-05-21 17:58:36 - [TEST_STEP][PASSED] - comment(b): $129.60

2019-05-21 17:58:36 - [MESSAGE][INFO] - $129.60

2019-05-21 17:58:36 - [TEST_STEP][PASSED] - verifyNotEqual("a", "b"): Actual object 'a' and expected object 'b' are not equal

2019-05-21 17:58:36 - [MESSAGE][PASSED] - Actual object 'a' and expected object 'b' are not equal

2019-05-21 17:58:36 - [TEST_STEP][PASSED] - comment(" price changed . Quantity selector is working"):  price changed . Quantity selector is working

2019-05-21 17:58:36 - [MESSAGE][INFO] -  price changed . Quantity selector is working]]></system-out>
         <system-err><![CDATA[]]></system-err>
      </testcase>
      <testcase name="Test Cases/OCS - MOBILE/OCS- CRITICAL PATH/cart page-increase qty" classname="Test Cases/OCS - MOBILE/OCS- CRITICAL PATH/cart page-increase qty" status="PASSED">
         <system-out><![CDATA[2019-05-21 17:58:36 - [TEST_CASE][PASSED] - Test Cases/OCS - MOBILE/OCS- CRITICAL PATH/cart page-increase qty: Test Cases/OCS - MOBILE/OCS- CRITICAL PATH/cart page-increase qty

2019-05-21 17:58:36 - [TEST_STEP][PASSED] - delay(2): Delayed 2 second(s)

2019-05-21 17:58:38 - [MESSAGE][PASSED] - Delayed 2 second(s)

2019-05-21 17:58:38 - [TEST_STEP][PASSED] - openBrowser(""): Browser is opened with url: ''

2019-05-21 17:58:38 - [MESSAGE][WARNING] - A browser is already opened. Closing browser and opening a new one

2019-05-21 17:58:38 - [MESSAGE][INFO] - Starting 'Chrome' driver

2019-05-21 17:58:39 - [MESSAGE][PASSED] - Browser is opened with url: ''

2019-05-21 17:58:39 - [TEST_STEP][PASSED] - navigateToUrl("https://ocs.ca/?fts=0&preview_theme_id=53373863756"): Navigate to 'https://ocs.ca/?fts=0&preview_theme_id=53373863756' successfully

2019-05-21 17:58:43 - [MESSAGE][PASSED] - Navigate to 'https://ocs.ca/?fts=0&preview_theme_id=53373863756' successfully

2019-05-21 17:58:43 - [TEST_STEP][PASSED] - setViewPortSize(360, 800): Viewport is set to new size with width = 360 and height = 800

2019-05-21 17:58:43 - [MESSAGE][PASSED] - Viewport is set to new size with width = 360 and height = 800

2019-05-21 17:58:43 - [TEST_STEP][PASSED] - delay(4): Delayed 4 second(s)

2019-05-21 17:58:47 - [MESSAGE][PASSED] - Delayed 4 second(s)

2019-05-21 17:58:47 - [TEST_STEP][PASSED] - selectOptionByValue(findTestObject("OCS-MOBILE /Age gate and burger menu/Date"), "12", true): All options with value '12' are selected in object 'Object Repository/OCS-MOBILE /Age gate and burger menu/Date'  using regular expression

2019-05-21 17:58:47 - [MESSAGE][PASSED] - All options with value '12' are selected in object 'Object Repository/OCS-MOBILE /Age gate and burger menu/Date'  using regular expression

2019-05-21 17:58:47 - [TEST_STEP][PASSED] - selectOptionByValue(findTestObject("OCS-MOBILE /Age gate and burger menu/month"), "6", true): All options with value '6' are selected in object 'Object Repository/OCS-MOBILE /Age gate and burger menu/month'  using regular expression

2019-05-21 17:58:47 - [MESSAGE][PASSED] - All options with value '6' are selected in object 'Object Repository/OCS-MOBILE /Age gate and burger menu/month'  using regular expression

2019-05-21 17:58:47 - [TEST_STEP][PASSED] - delay(2): Delayed 2 second(s)

2019-05-21 17:58:49 - [MESSAGE][PASSED] - Delayed 2 second(s)

2019-05-21 17:58:49 - [TEST_STEP][PASSED] - selectOptionByValue(findTestObject("OCS-MOBILE /Age gate and burger menu/Year Dropdown"), "1990", true): All options with value '1990' are selected in object 'Object Repository/OCS-MOBILE /Age gate and burger menu/Year Dropdown'  using regular expression

2019-05-21 17:58:50 - [MESSAGE][PASSED] - All options with value '1990' are selected in object 'Object Repository/OCS-MOBILE /Age gate and burger menu/Year Dropdown'  using regular expression

2019-05-21 17:58:50 - [TEST_STEP][PASSED] - click(findTestObject("OCS-MOBILE /Age gate and burger menu/button_Verify")): Object: 'Object Repository/OCS-MOBILE /Age gate and burger menu/button_Verify' is clicked on

2019-05-21 17:58:50 - [MESSAGE][PASSED] - Object: 'Object Repository/OCS-MOBILE /Age gate and burger menu/button_Verify' is clicked on

2019-05-21 17:58:50 - [TEST_STEP][PASSED] - click(findTestObject("OCS-MOBILE /Age gate and burger menu/Checkbox_CONFIRM AND ACKNOWLEDGE")): Object: 'Object Repository/OCS-MOBILE /Age gate and burger menu/Checkbox_CONFIRM AND ACKNOWLEDGE' is clicked on

2019-05-21 17:58:51 - [MESSAGE][PASSED] - Object: 'Object Repository/OCS-MOBILE /Age gate and burger menu/Checkbox_CONFIRM AND ACKNOWLEDGE' is clicked on

2019-05-21 17:58:51 - [TEST_STEP][PASSED] - click(findTestObject("OCS-MOBILE /Age gate and burger menu/button_CONFIRM")): Object: 'Object Repository/OCS-MOBILE /Age gate and burger menu/button_CONFIRM' is clicked on

2019-05-21 17:58:51 - [MESSAGE][PASSED] - Object: 'Object Repository/OCS-MOBILE /Age gate and burger menu/button_CONFIRM' is clicked on

2019-05-21 17:58:51 - [TEST_STEP][PASSED] - click(findTestObject("OCS-MOBILE /Age gate and burger menu/button_Start Browsing")): Object: 'Object Repository/OCS-MOBILE /Age gate and burger menu/button_Start Browsing' is clicked on

2019-05-21 17:58:51 - [MESSAGE][PASSED] - Object: 'Object Repository/OCS-MOBILE /Age gate and burger menu/button_Start Browsing' is clicked on

2019-05-21 17:58:51 - [TEST_STEP][PASSED] - delay(2): Delayed 2 second(s)

2019-05-21 17:58:53 - [MESSAGE][PASSED] - Delayed 2 second(s)

2019-05-21 17:58:53 - [TEST_STEP][PASSED] - click(findTestObject("OCS-MOBILE /Age gate and burger menu/Burger menu - English")): Object: 'Object Repository/OCS-MOBILE /Age gate and burger menu/Burger menu - English' is clicked on

2019-05-21 17:58:53 - [MESSAGE][PASSED] - Object: 'Object Repository/OCS-MOBILE /Age gate and burger menu/Burger menu - English' is clicked on

2019-05-21 17:58:53 - [TEST_STEP][PASSED] - delay(2): Delayed 2 second(s)

2019-05-21 17:58:55 - [MESSAGE][PASSED] - Delayed 2 second(s)

2019-05-21 17:58:55 - [TEST_STEP][PASSED] - click(findTestObject("OCS-MOBILE /Age gate and burger menu/Chevron_Cannabis")): Object: 'Object Repository/OCS-MOBILE /Age gate and burger menu/Chevron_Cannabis' is clicked on

2019-05-21 17:58:55 - [MESSAGE][PASSED] - Object: 'Object Repository/OCS-MOBILE /Age gate and burger menu/Chevron_Cannabis' is clicked on

2019-05-21 17:58:55 - [TEST_STEP][PASSED] - delay(2): Delayed 2 second(s)

2019-05-21 17:58:57 - [MESSAGE][PASSED] - Delayed 2 second(s)

2019-05-21 17:58:57 - [TEST_STEP][PASSED] - click(findTestObject("OCS-MOBILE /Age gate and burger menu/Dried Flower_Plus icon")): Object: 'Object Repository/OCS-MOBILE /Age gate and burger menu/Dried Flower_Plus icon' is clicked on

2019-05-21 17:58:57 - [MESSAGE][PASSED] - Object: 'Object Repository/OCS-MOBILE /Age gate and burger menu/Dried Flower_Plus icon' is clicked on

2019-05-21 17:58:57 - [TEST_STEP][PASSED] - delay(2): Delayed 2 second(s)

2019-05-21 17:58:59 - [MESSAGE][PASSED] - Delayed 2 second(s)

2019-05-21 17:58:59 - [TEST_STEP][PASSED] - click(findTestObject("OCS-MOBILE /Age gate and burger menu/Indica Dominant_Menu item")): Object: 'Object Repository/OCS-MOBILE /Age gate and burger menu/Indica Dominant_Menu item' is clicked on

2019-05-21 17:59:01 - [MESSAGE][PASSED] - Object: 'Object Repository/OCS-MOBILE /Age gate and burger menu/Indica Dominant_Menu item' is clicked on

2019-05-21 17:59:01 - [TEST_STEP][PASSED] - delay(2): Delayed 2 second(s)

2019-05-21 17:59:03 - [MESSAGE][PASSED] - Delayed 2 second(s)

2019-05-21 17:59:03 - [TEST_STEP][PASSED] - click(findTestObject("OCS-MOBILE /Collection page/Product image - 1st one")): Object: 'Object Repository/OCS-MOBILE /Collection page/Product image - 1st one' is clicked on

2019-05-21 17:59:07 - [MESSAGE][PASSED] - Object: 'Object Repository/OCS-MOBILE /Collection page/Product image - 1st one' is clicked on

2019-05-21 17:59:07 - [TEST_STEP][PASSED] - scrollToElement(findTestObject("OCS-MOBILE /Product page/Product image"), 1): Scroll to object 'Object Repository/OCS-MOBILE /Product page/Product image' successfully

2019-05-21 17:59:07 - [MESSAGE][PASSED] - Scroll to object 'Object Repository/OCS-MOBILE /Product page/Product image' successfully

2019-05-21 17:59:07 - [TEST_STEP][PASSED] - delay(2): Delayed 2 second(s)

2019-05-21 17:59:09 - [MESSAGE][PASSED] - Delayed 2 second(s)

2019-05-21 17:59:09 - [TEST_STEP][PASSED] - click(findTestObject("OCS-MOBILE /Product page/Swatch_3.5g")): Object: 'Object Repository/OCS-MOBILE /Product page/Swatch_3.5g' is clicked on

2019-05-21 17:59:09 - [MESSAGE][PASSED] - Object: 'Object Repository/OCS-MOBILE /Product page/Swatch_3.5g' is clicked on

2019-05-21 17:59:09 - [TEST_STEP][PASSED] - scrollToElement(findTestObject("OCS-MOBILE /Product page/Swatch_3.5g"), 1): Scroll to object 'Object Repository/OCS-MOBILE /Product page/Swatch_3.5g' successfully

2019-05-21 17:59:09 - [MESSAGE][PASSED] - Scroll to object 'Object Repository/OCS-MOBILE /Product page/Swatch_3.5g' successfully

2019-05-21 17:59:09 - [TEST_STEP][PASSED] - delay(2): Delayed 2 second(s)

2019-05-21 17:59:11 - [MESSAGE][PASSED] - Delayed 2 second(s)

2019-05-21 17:59:11 - [TEST_STEP][PASSED] - click(findTestObject("OCS-MOBILE /Product page/Add to Bag-button")): Object: 'Object Repository/OCS-MOBILE /Product page/Add to Bag-button' is clicked on

2019-05-21 17:59:11 - [MESSAGE][PASSED] - Object: 'Object Repository/OCS-MOBILE /Product page/Add to Bag-button' is clicked on

2019-05-21 17:59:11 - [TEST_STEP][PASSED] - delay(1): Delayed 1 second(s)

2019-05-21 17:59:12 - [MESSAGE][PASSED] - Delayed 1 second(s)

2019-05-21 17:59:12 - [TEST_STEP][PASSED] - maximizeWindow(): Current window maximized

2019-05-21 17:59:12 - [MESSAGE][PASSED] - Current window maximized

2019-05-21 17:59:12 - [TEST_STEP][PASSED] - delay(2): Delayed 2 second(s)

2019-05-21 17:59:14 - [MESSAGE][PASSED] - Delayed 2 second(s)

2019-05-21 17:59:14 - [TEST_STEP][PASSED] - click(findTestObject("Theme_oR/Page_Ontario Cannabis Store  Ontari/button_Hide bar")): Object: 'Object Repository/Theme_oR/Page_Ontario Cannabis Store  Ontari/button_Hide bar' is clicked on

2019-05-21 17:59:14 - [MESSAGE][PASSED] - Object: 'Object Repository/Theme_oR/Page_Ontario Cannabis Store  Ontari/button_Hide bar' is clicked on

2019-05-21 17:59:14 - [TEST_STEP][PASSED] - delay(2): Delayed 2 second(s)

2019-05-21 17:59:16 - [MESSAGE][PASSED] - Delayed 2 second(s)

2019-05-21 17:59:16 - [TEST_STEP][PASSED] - setViewPortSize(360, 800): Viewport is set to new size with width = 360 and height = 800

2019-05-21 17:59:16 - [MESSAGE][PASSED] - Viewport is set to new size with width = 360 and height = 800

2019-05-21 17:59:16 - [TEST_STEP][PASSED] - delay(1): Delayed 1 second(s)

2019-05-21 17:59:17 - [MESSAGE][PASSED] - Delayed 1 second(s)

2019-05-21 17:59:17 - [TEST_STEP][PASSED] - click(findTestObject("OCS-MOBILE /Cart flyout/Checkbox_I confirm that")): Object: 'Object Repository/OCS-MOBILE /Cart flyout/Checkbox_I confirm that' is clicked on

2019-05-21 17:59:17 - [MESSAGE][PASSED] - Object: 'Object Repository/OCS-MOBILE /Cart flyout/Checkbox_I confirm that' is clicked on

2019-05-21 17:59:17 - [TEST_STEP][PASSED] - click(findTestObject("OCS-MOBILE /Cart flyout/Checkbox_Accept the Terms Condition")): Object: 'Object Repository/OCS-MOBILE /Cart flyout/Checkbox_Accept the Terms Condition' is clicked on

2019-05-21 17:59:17 - [MESSAGE][PASSED] - Object: 'Object Repository/OCS-MOBILE /Cart flyout/Checkbox_Accept the Terms Condition' is clicked on

2019-05-21 17:59:17 - [TEST_STEP][PASSED] - delay(1): Delayed 1 second(s)

2019-05-21 17:59:18 - [MESSAGE][PASSED] - Delayed 1 second(s)

2019-05-21 17:59:18 - [TEST_STEP][PASSED] - click(findTestObject("OCS-MOBILE /Cart flyout/Checkout - Button")): Object: 'Object Repository/OCS-MOBILE /Cart flyout/Checkout - Button' is clicked on

2019-05-21 17:59:21 - [MESSAGE][PASSED] - Object: 'Object Repository/OCS-MOBILE /Cart flyout/Checkout - Button' is clicked on

2019-05-21 17:59:21 - [TEST_STEP][PASSED] - delay(2): Delayed 2 second(s)

2019-05-21 17:59:23 - [MESSAGE][PASSED] - Delayed 2 second(s)

2019-05-21 17:59:23 - [TEST_STEP][PASSED] - scrollToElement(findTestObject("OCS-MOBILE /Customer info page/Return to Cart - Link"), 1): Scroll to object 'Object Repository/OCS-MOBILE /Customer info page/Return to Cart - Link' successfully

2019-05-21 17:59:23 - [MESSAGE][PASSED] - Scroll to object 'Object Repository/OCS-MOBILE /Customer info page/Return to Cart - Link' successfully

2019-05-21 17:59:23 - [TEST_STEP][PASSED] - delay(1): Delayed 1 second(s)

2019-05-21 17:59:24 - [MESSAGE][PASSED] - Delayed 1 second(s)

2019-05-21 17:59:24 - [TEST_STEP][PASSED] - maximizeWindow(): Current window maximized

2019-05-21 17:59:24 - [MESSAGE][PASSED] - Current window maximized

2019-05-21 17:59:24 - [TEST_STEP][PASSED] - delay(2): Delayed 2 second(s)

2019-05-21 17:59:26 - [MESSAGE][PASSED] - Delayed 2 second(s)

2019-05-21 17:59:26 - [TEST_STEP][PASSED] - click(findTestObject("Theme_oR/Page_Ontario Cannabis Store  Ontari/button_Hide bar")): Object: 'Object Repository/Theme_oR/Page_Ontario Cannabis Store  Ontari/button_Hide bar' is clicked on

2019-05-21 17:59:26 - [MESSAGE][PASSED] - Object: 'Object Repository/Theme_oR/Page_Ontario Cannabis Store  Ontari/button_Hide bar' is clicked on

2019-05-21 17:59:26 - [TEST_STEP][PASSED] - delay(2): Delayed 2 second(s)

2019-05-21 17:59:28 - [MESSAGE][PASSED] - Delayed 2 second(s)

2019-05-21 17:59:28 - [TEST_STEP][PASSED] - setViewPortSize(360, 800): Viewport is set to new size with width = 360 and height = 800

2019-05-21 17:59:29 - [MESSAGE][PASSED] - Viewport is set to new size with width = 360 and height = 800

2019-05-21 17:59:29 - [TEST_STEP][PASSED] - delay(1): Delayed 1 second(s)

2019-05-21 17:59:30 - [MESSAGE][PASSED] - Delayed 1 second(s)

2019-05-21 17:59:30 - [TEST_STEP][PASSED] - click(findTestObject("OCS-MOBILE /Customer info page/Return to Cart - Link")): Object: 'Object Repository/OCS-MOBILE /Customer info page/Return to Cart - Link' is clicked on

2019-05-21 17:59:31 - [MESSAGE][PASSED] - Object: 'Object Repository/OCS-MOBILE /Customer info page/Return to Cart - Link' is clicked on

2019-05-21 17:59:31 - [TEST_STEP][PASSED] - delay(1): Delayed 1 second(s)

2019-05-21 17:59:32 - [MESSAGE][PASSED] - Delayed 1 second(s)

2019-05-21 17:59:32 - [TEST_STEP][PASSED] - maximizeWindow(): Current window maximized

2019-05-21 17:59:32 - [MESSAGE][PASSED] - Current window maximized

2019-05-21 17:59:32 - [TEST_STEP][PASSED] - delay(2): Delayed 2 second(s)

2019-05-21 17:59:34 - [MESSAGE][PASSED] - Delayed 2 second(s)

2019-05-21 17:59:34 - [TEST_STEP][PASSED] - click(findTestObject("Theme_oR/Page_Ontario Cannabis Store  Ontari/button_Hide bar")): Object: 'Object Repository/Theme_oR/Page_Ontario Cannabis Store  Ontari/button_Hide bar' is clicked on

2019-05-21 17:59:34 - [MESSAGE][PASSED] - Object: 'Object Repository/Theme_oR/Page_Ontario Cannabis Store  Ontari/button_Hide bar' is clicked on

2019-05-21 17:59:34 - [TEST_STEP][PASSED] - delay(2): Delayed 2 second(s)

2019-05-21 17:59:36 - [MESSAGE][PASSED] - Delayed 2 second(s)

2019-05-21 17:59:36 - [TEST_STEP][PASSED] - setViewPortSize(360, 800): Viewport is set to new size with width = 360 and height = 800

2019-05-21 17:59:36 - [MESSAGE][PASSED] - Viewport is set to new size with width = 360 and height = 800

2019-05-21 17:59:36 - [TEST_STEP][PASSED] - delay(1): Delayed 1 second(s)

2019-05-21 17:59:37 - [MESSAGE][PASSED] - Delayed 1 second(s)

2019-05-21 17:59:37 - [TEST_STEP][PASSED] - a = getText(findTestObject("OCS_CRITICAL PATH/cartpage- decrease qty _OR/Page_Your Shopping Cart  Ontario Ca/p_194.40 (1)")): Text of object 'Object Repository/OCS_CRITICAL PATH/cartpage- decrease qty _OR/Page_Your Shopping Cart  Ontario Ca/p_194.40 (1)' is: '$32.40'

2019-05-21 17:59:37 - [MESSAGE][PASSED] - Text of object 'Object Repository/OCS_CRITICAL PATH/cartpage- decrease qty _OR/Page_Your Shopping Cart  Ontario Ca/p_194.40 (1)' is: '$32.40'

2019-05-21 17:59:37 - [TEST_STEP][PASSED] - comment(a): $32.40

2019-05-21 17:59:37 - [MESSAGE][INFO] - $32.40

2019-05-21 17:59:37 - [TEST_STEP][PASSED] - click(findTestObject("OCS-MOBILE /Cart page/Quantity Input field")): Object: 'Object Repository/OCS-MOBILE /Cart page/Quantity Input field' is clicked on

2019-05-21 17:59:37 - [MESSAGE][PASSED] - Object: 'Object Repository/OCS-MOBILE /Cart page/Quantity Input field' is clicked on

2019-05-21 17:59:37 - [TEST_STEP][PASSED] - sendKeys(findTestObject("OCS-MOBILE /Cart page/Quantity Input field"), Keys.chord(CLEAR)): Keys 'CLEAR + ' sent to object: 'Object Repository/OCS-MOBILE /Cart page/Quantity Input field'

2019-05-21 17:59:37 - [MESSAGE][PASSED] - Keys 'CLEAR + ' sent to object: 'Object Repository/OCS-MOBILE /Cart page/Quantity Input field'

2019-05-21 17:59:37 - [TEST_STEP][PASSED] - setText(findTestObject("OCS-MOBILE /Cart page/Quantity Input field"), "5"): Text '5' is set on object 'Object Repository/OCS-MOBILE /Cart page/Quantity Input field'

2019-05-21 17:59:37 - [MESSAGE][PASSED] - Text '5' is set on object 'Object Repository/OCS-MOBILE /Cart page/Quantity Input field'

2019-05-21 17:59:37 - [TEST_STEP][NOT_RUN] - click(findTestObject("OCS-MOBILE /Cart page/Unit price - product")): NOT_RUN: click(findTestObject("OCS-MOBILE /Cart page/Unit price - product"))

2019-05-21 17:59:37 - [MESSAGE][NOT_RUN] - NOT_RUN: click(findTestObject("OCS-MOBILE /Cart page/Unit price - product"))

2019-05-21 17:59:37 - [TEST_STEP][PASSED] - delay(2): Delayed 2 second(s)

2019-05-21 17:59:39 - [MESSAGE][PASSED] - Delayed 2 second(s)

2019-05-21 17:59:39 - [TEST_STEP][PASSED] - sendKeys(findTestObject("OCS-MOBILE /Cart page/Quantity Input field"), Keys.chord(CLEAR)): Keys 'CLEAR + ' sent to object: 'Object Repository/OCS-MOBILE /Cart page/Quantity Input field'

2019-05-21 17:59:39 - [MESSAGE][PASSED] - Keys 'CLEAR + ' sent to object: 'Object Repository/OCS-MOBILE /Cart page/Quantity Input field'

2019-05-21 17:59:39 - [TEST_STEP][PASSED] - setText(findTestObject("OCS-MOBILE /Cart page/Quantity Input field"), "7"): Text '7' is set on object 'Object Repository/OCS-MOBILE /Cart page/Quantity Input field'

2019-05-21 17:59:39 - [MESSAGE][PASSED] - Text '7' is set on object 'Object Repository/OCS-MOBILE /Cart page/Quantity Input field'

2019-05-21 17:59:39 - [TEST_STEP][NOT_RUN] - click(findTestObject("OCS-MOBILE /Cart page/Unit price - product")): NOT_RUN: click(findTestObject("OCS-MOBILE /Cart page/Unit price - product"))

2019-05-21 17:59:39 - [MESSAGE][NOT_RUN] - NOT_RUN: click(findTestObject("OCS-MOBILE /Cart page/Unit price - product"))

2019-05-21 17:59:39 - [TEST_STEP][PASSED] - delay(2): Delayed 2 second(s)

2019-05-21 17:59:41 - [MESSAGE][PASSED] - Delayed 2 second(s)

2019-05-21 17:59:41 - [TEST_STEP][PASSED] - click(findTestObject("OCS-MOBILE /Cart page/Qty Increase icon")): Object: 'Object Repository/OCS-MOBILE /Cart page/Qty Increase icon' is clicked on

2019-05-21 17:59:42 - [MESSAGE][PASSED] - Object: 'Object Repository/OCS-MOBILE /Cart page/Qty Increase icon' is clicked on

2019-05-21 17:59:42 - [TEST_STEP][PASSED] - delay(2): Delayed 2 second(s)

2019-05-21 17:59:44 - [MESSAGE][PASSED] - Delayed 2 second(s)

2019-05-21 17:59:44 - [TEST_STEP][PASSED] - click(findTestObject("OCS-MOBILE /Cart page/Qty Increase icon")): Object: 'Object Repository/OCS-MOBILE /Cart page/Qty Increase icon' is clicked on

2019-05-21 17:59:44 - [MESSAGE][PASSED] - Object: 'Object Repository/OCS-MOBILE /Cart page/Qty Increase icon' is clicked on

2019-05-21 17:59:44 - [TEST_STEP][PASSED] - delay(2): Delayed 2 second(s)

2019-05-21 17:59:46 - [MESSAGE][PASSED] - Delayed 2 second(s)

2019-05-21 17:59:46 - [TEST_STEP][PASSED] - click(findTestObject("OCS-MOBILE /Cart page/Qty Increase icon")): Object: 'Object Repository/OCS-MOBILE /Cart page/Qty Increase icon' is clicked on

2019-05-21 17:59:46 - [MESSAGE][PASSED] - Object: 'Object Repository/OCS-MOBILE /Cart page/Qty Increase icon' is clicked on

2019-05-21 17:59:46 - [TEST_STEP][PASSED] - delay(2): Delayed 2 second(s)

2019-05-21 17:59:48 - [MESSAGE][PASSED] - Delayed 2 second(s)

2019-05-21 17:59:48 - [TEST_STEP][PASSED] - b = getText(findTestObject("OCS_CRITICAL PATH/cartpage- decrease qty _OR/Page_Your Shopping Cart  Ontario Ca/p_194.40 (1)")): Text of object 'Object Repository/OCS_CRITICAL PATH/cartpage- decrease qty _OR/Page_Your Shopping Cart  Ontario Ca/p_194.40 (1)' is: '$129.60'

2019-05-21 17:59:48 - [MESSAGE][PASSED] - Text of object 'Object Repository/OCS_CRITICAL PATH/cartpage- decrease qty _OR/Page_Your Shopping Cart  Ontario Ca/p_194.40 (1)' is: '$129.60'

2019-05-21 17:59:48 - [TEST_STEP][PASSED] - comment(b): $129.60

2019-05-21 17:59:48 - [MESSAGE][INFO] - $129.60

2019-05-21 17:59:48 - [TEST_STEP][PASSED] - verifyNotEqual("a", "b"): Actual object 'a' and expected object 'b' are not equal

2019-05-21 17:59:48 - [MESSAGE][PASSED] - Actual object 'a' and expected object 'b' are not equal

2019-05-21 17:59:48 - [TEST_STEP][PASSED] - comment(" price changed . Quantity selector is working"):  price changed . Quantity selector is working

2019-05-21 17:59:48 - [MESSAGE][INFO] -  price changed . Quantity selector is working]]></system-out>
         <system-err><![CDATA[]]></system-err>
      </testcase>
      <testcase name="Test Cases/OCS - MOBILE/OCS- CRITICAL PATH/Checkout - customer information page" classname="Test Cases/OCS - MOBILE/OCS- CRITICAL PATH/Checkout - customer information page" status="PASSED">
         <system-out><![CDATA[2019-05-21 17:59:48 - [TEST_CASE][PASSED] - Test Cases/OCS - MOBILE/OCS- CRITICAL PATH/Checkout - customer information page: Test Cases/OCS - MOBILE/OCS- CRITICAL PATH/Checkout - customer information page

2019-05-21 17:59:48 - [TEST_STEP][PASSED] - openBrowser(""): Browser is opened with url: ''

2019-05-21 17:59:48 - [MESSAGE][WARNING] - A browser is already opened. Closing browser and opening a new one

2019-05-21 17:59:48 - [MESSAGE][INFO] - Starting 'Chrome' driver

2019-05-21 17:59:49 - [MESSAGE][PASSED] - Browser is opened with url: ''

2019-05-21 17:59:49 - [TEST_STEP][PASSED] - navigateToUrl("https://ocs.ca/?fts=0&preview_theme_id=53373863756"): Navigate to 'https://ocs.ca/?fts=0&preview_theme_id=53373863756' successfully

2019-05-21 17:59:53 - [MESSAGE][PASSED] - Navigate to 'https://ocs.ca/?fts=0&preview_theme_id=53373863756' successfully

2019-05-21 17:59:53 - [TEST_STEP][PASSED] - delay(4): Delayed 4 second(s)

2019-05-21 17:59:57 - [MESSAGE][PASSED] - Delayed 4 second(s)

2019-05-21 17:59:57 - [TEST_STEP][PASSED] - setViewPortSize(360, 1000): Viewport is set to new size with width = 360 and height = 1000

2019-05-21 17:59:57 - [MESSAGE][PASSED] - Viewport is set to new size with width = 360 and height = 1000

2019-05-21 17:59:57 - [TEST_STEP][PASSED] - selectOptionByValue(findTestObject("OCS-MOBILE /Age gate and burger menu/Date"), "17", true): All options with value '17' are selected in object 'Object Repository/OCS-MOBILE /Age gate and burger menu/Date'  using regular expression

2019-05-21 17:59:58 - [MESSAGE][PASSED] - All options with value '17' are selected in object 'Object Repository/OCS-MOBILE /Age gate and burger menu/Date'  using regular expression

2019-05-21 17:59:58 - [TEST_STEP][PASSED] - selectOptionByValue(findTestObject("OCS-MOBILE /Age gate and burger menu/month"), "7", true): All options with value '7' are selected in object 'Object Repository/OCS-MOBILE /Age gate and burger menu/month'  using regular expression

2019-05-21 17:59:58 - [MESSAGE][PASSED] - All options with value '7' are selected in object 'Object Repository/OCS-MOBILE /Age gate and burger menu/month'  using regular expression

2019-05-21 17:59:58 - [TEST_STEP][PASSED] - selectOptionByValue(findTestObject("OCS-MOBILE /Age gate and burger menu/Year Dropdown"), "1949", true): All options with value '1949' are selected in object 'Object Repository/OCS-MOBILE /Age gate and burger menu/Year Dropdown'  using regular expression

2019-05-21 17:59:59 - [MESSAGE][PASSED] - All options with value '1949' are selected in object 'Object Repository/OCS-MOBILE /Age gate and burger menu/Year Dropdown'  using regular expression

2019-05-21 17:59:59 - [TEST_STEP][PASSED] - click(findTestObject("OCS-MOBILE /Age gate and burger menu/button_Verify")): Object: 'Object Repository/OCS-MOBILE /Age gate and burger menu/button_Verify' is clicked on

2019-05-21 17:59:59 - [MESSAGE][PASSED] - Object: 'Object Repository/OCS-MOBILE /Age gate and burger menu/button_Verify' is clicked on

2019-05-21 17:59:59 - [TEST_STEP][PASSED] - click(findTestObject("OCS-MOBILE /Age gate and burger menu/Checkbox_CONFIRM AND ACKNOWLEDGE")): Object: 'Object Repository/OCS-MOBILE /Age gate and burger menu/Checkbox_CONFIRM AND ACKNOWLEDGE' is clicked on

2019-05-21 17:59:59 - [MESSAGE][PASSED] - Object: 'Object Repository/OCS-MOBILE /Age gate and burger menu/Checkbox_CONFIRM AND ACKNOWLEDGE' is clicked on

2019-05-21 17:59:59 - [TEST_STEP][PASSED] - click(findTestObject("OCS-MOBILE /Age gate and burger menu/button_CONFIRM")): Object: 'Object Repository/OCS-MOBILE /Age gate and burger menu/button_CONFIRM' is clicked on

2019-05-21 17:59:59 - [MESSAGE][PASSED] - Object: 'Object Repository/OCS-MOBILE /Age gate and burger menu/button_CONFIRM' is clicked on

2019-05-21 17:59:59 - [TEST_STEP][PASSED] - click(findTestObject("OCS-MOBILE /Age gate and burger menu/button_Start Browsing")): Object: 'Object Repository/OCS-MOBILE /Age gate and burger menu/button_Start Browsing' is clicked on

2019-05-21 17:59:59 - [MESSAGE][PASSED] - Object: 'Object Repository/OCS-MOBILE /Age gate and burger menu/button_Start Browsing' is clicked on

2019-05-21 17:59:59 - [TEST_STEP][PASSED] - delay(2): Delayed 2 second(s)

2019-05-21 18:00:01 - [MESSAGE][PASSED] - Delayed 2 second(s)

2019-05-21 18:00:01 - [TEST_STEP][PASSED] - refresh(): Refresh successfully

2019-05-21 18:00:01 - [MESSAGE][PASSED] - Refresh successfully

2019-05-21 18:00:01 - [TEST_STEP][PASSED] - click(findTestObject("OCS-MOBILE /Age gate and burger menu/Burger menu - English")): Object: 'Object Repository/OCS-MOBILE /Age gate and burger menu/Burger menu - English' is clicked on

2019-05-21 18:00:04 - [MESSAGE][PASSED] - Object: 'Object Repository/OCS-MOBILE /Age gate and burger menu/Burger menu - English' is clicked on

2019-05-21 18:00:04 - [TEST_STEP][PASSED] - delay(2): Delayed 2 second(s)

2019-05-21 18:00:06 - [MESSAGE][PASSED] - Delayed 2 second(s)

2019-05-21 18:00:06 - [TEST_STEP][PASSED] - click(findTestObject("OCS-MOBILE /Age gate and burger menu/Chevron_Cannabis")): Object: 'Object Repository/OCS-MOBILE /Age gate and burger menu/Chevron_Cannabis' is clicked on

2019-05-21 18:00:07 - [MESSAGE][PASSED] - Object: 'Object Repository/OCS-MOBILE /Age gate and burger menu/Chevron_Cannabis' is clicked on

2019-05-21 18:00:07 - [TEST_STEP][PASSED] - delay(2): Delayed 2 second(s)

2019-05-21 18:00:09 - [MESSAGE][PASSED] - Delayed 2 second(s)

2019-05-21 18:00:09 - [TEST_STEP][PASSED] - click(findTestObject("OCS-MOBILE /Age gate and burger menu/Dried Flower_Plus icon")): Object: 'Object Repository/OCS-MOBILE /Age gate and burger menu/Dried Flower_Plus icon' is clicked on

2019-05-21 18:00:09 - [MESSAGE][PASSED] - Object: 'Object Repository/OCS-MOBILE /Age gate and burger menu/Dried Flower_Plus icon' is clicked on

2019-05-21 18:00:09 - [TEST_STEP][PASSED] - delay(2): Delayed 2 second(s)

2019-05-21 18:00:11 - [MESSAGE][PASSED] - Delayed 2 second(s)

2019-05-21 18:00:11 - [TEST_STEP][PASSED] - click(findTestObject("OCS-MOBILE /Age gate and burger menu/Indica Dominant_Menu item")): Object: 'Object Repository/OCS-MOBILE /Age gate and burger menu/Indica Dominant_Menu item' is clicked on

2019-05-21 18:00:12 - [MESSAGE][PASSED] - Object: 'Object Repository/OCS-MOBILE /Age gate and burger menu/Indica Dominant_Menu item' is clicked on

2019-05-21 18:00:12 - [TEST_STEP][PASSED] - delay(2): Delayed 2 second(s)

2019-05-21 18:00:14 - [MESSAGE][PASSED] - Delayed 2 second(s)

2019-05-21 18:00:14 - [TEST_STEP][PASSED] - click(findTestObject("OCS-MOBILE /Collection page/Product image - 1st one")): Object: 'Object Repository/OCS-MOBILE /Collection page/Product image - 1st one' is clicked on

2019-05-21 18:00:19 - [MESSAGE][PASSED] - Object: 'Object Repository/OCS-MOBILE /Collection page/Product image - 1st one' is clicked on

2019-05-21 18:00:19 - [TEST_STEP][PASSED] - delay(1): Delayed 1 second(s)

2019-05-21 18:00:20 - [MESSAGE][PASSED] - Delayed 1 second(s)

2019-05-21 18:00:20 - [TEST_STEP][PASSED] - delay(3): Delayed 3 second(s)

2019-05-21 18:00:23 - [MESSAGE][PASSED] - Delayed 3 second(s)

2019-05-21 18:00:23 - [TEST_STEP][PASSED] - scrollToElement(findTestObject("OCS-MOBILE /Product page/Product image"), 1): Scroll to object 'Object Repository/OCS-MOBILE /Product page/Product image' successfully

2019-05-21 18:00:23 - [MESSAGE][PASSED] - Scroll to object 'Object Repository/OCS-MOBILE /Product page/Product image' successfully

2019-05-21 18:00:23 - [TEST_STEP][PASSED] - click(findTestObject("OCS-MOBILE /Product page/Swatch_3.5g")): Object: 'Object Repository/OCS-MOBILE /Product page/Swatch_3.5g' is clicked on

2019-05-21 18:00:23 - [MESSAGE][PASSED] - Object: 'Object Repository/OCS-MOBILE /Product page/Swatch_3.5g' is clicked on

2019-05-21 18:00:23 - [TEST_STEP][PASSED] - delay(2): Delayed 2 second(s)

2019-05-21 18:00:25 - [MESSAGE][PASSED] - Delayed 2 second(s)

2019-05-21 18:00:25 - [TEST_STEP][PASSED] - click(findTestObject("OCS-MOBILE /Product page/Add to Bag-button")): Object: 'Object Repository/OCS-MOBILE /Product page/Add to Bag-button' is clicked on

2019-05-21 18:00:25 - [MESSAGE][PASSED] - Object: 'Object Repository/OCS-MOBILE /Product page/Add to Bag-button' is clicked on

2019-05-21 18:00:25 - [TEST_STEP][PASSED] - setViewPortSize(1000, 1000): Viewport is set to new size with width = 1000 and height = 1000

2019-05-21 18:00:25 - [MESSAGE][PASSED] - Viewport is set to new size with width = 1000 and height = 1000

2019-05-21 18:00:25 - [TEST_STEP][PASSED] - delay(2): Delayed 2 second(s)

2019-05-21 18:00:27 - [MESSAGE][PASSED] - Delayed 2 second(s)

2019-05-21 18:00:27 - [TEST_STEP][PASSED] - click(findTestObject("Theme_oR/Page_Ontario Cannabis Store  Ontari/button_Hide bar")): Object: 'Object Repository/Theme_oR/Page_Ontario Cannabis Store  Ontari/button_Hide bar' is clicked on

2019-05-21 18:00:27 - [MESSAGE][PASSED] - Object: 'Object Repository/Theme_oR/Page_Ontario Cannabis Store  Ontari/button_Hide bar' is clicked on

2019-05-21 18:00:27 - [TEST_STEP][PASSED] - setViewPortSize(360, 1000): Viewport is set to new size with width = 360 and height = 1000

2019-05-21 18:00:28 - [MESSAGE][PASSED] - Viewport is set to new size with width = 360 and height = 1000

2019-05-21 18:00:28 - [TEST_STEP][PASSED] - click(findTestObject("OCS-MOBILE /Cart flyout/Checkbox_I confirm that")): Object: 'Object Repository/OCS-MOBILE /Cart flyout/Checkbox_I confirm that' is clicked on

2019-05-21 18:00:28 - [MESSAGE][PASSED] - Object: 'Object Repository/OCS-MOBILE /Cart flyout/Checkbox_I confirm that' is clicked on

2019-05-21 18:00:28 - [TEST_STEP][PASSED] - click(findTestObject("OCS-MOBILE /Cart flyout/Checkbox_Accept the Terms Condition")): Object: 'Object Repository/OCS-MOBILE /Cart flyout/Checkbox_Accept the Terms Condition' is clicked on

2019-05-21 18:00:28 - [MESSAGE][PASSED] - Object: 'Object Repository/OCS-MOBILE /Cart flyout/Checkbox_Accept the Terms Condition' is clicked on

2019-05-21 18:00:28 - [TEST_STEP][PASSED] - delay(1): Delayed 1 second(s)

2019-05-21 18:00:29 - [MESSAGE][PASSED] - Delayed 1 second(s)

2019-05-21 18:00:29 - [TEST_STEP][PASSED] - click(findTestObject("OCS-MOBILE /Cart flyout/Checkout - Button")): Object: 'Object Repository/OCS-MOBILE /Cart flyout/Checkout - Button' is clicked on

2019-05-21 18:00:31 - [MESSAGE][PASSED] - Object: 'Object Repository/OCS-MOBILE /Cart flyout/Checkout - Button' is clicked on

2019-05-21 18:00:31 - [TEST_STEP][PASSED] - delay(1): Delayed 1 second(s)

2019-05-21 18:00:32 - [MESSAGE][PASSED] - Delayed 1 second(s)

2019-05-21 18:00:32 - [TEST_STEP][PASSED] - click(findTestObject("OCS-MOBILE /Customer info page/Chevron_OrderSummary")): Object: 'Object Repository/OCS-MOBILE /Customer info page/Chevron_OrderSummary' is clicked on

2019-05-21 18:00:32 - [MESSAGE][PASSED] - Object: 'Object Repository/OCS-MOBILE /Customer info page/Chevron_OrderSummary' is clicked on

2019-05-21 18:00:32 - [TEST_STEP][PASSED] - delay(2): Delayed 2 second(s)

2019-05-21 18:00:34 - [MESSAGE][PASSED] - Delayed 2 second(s)

2019-05-21 18:00:34 - [TEST_STEP][PASSED] - scrollToElement(findTestObject("OCS-MOBILE /Customer info page/input_Email"), 0): Scroll to object 'Object Repository/OCS-MOBILE /Customer info page/input_Email' successfully

2019-05-21 18:00:34 - [MESSAGE][WARNING] - Timeout '0' is invalid. Using default page load timeout: '30'

2019-05-21 18:00:34 - [MESSAGE][PASSED] - Scroll to object 'Object Repository/OCS-MOBILE /Customer info page/input_Email' successfully

2019-05-21 18:00:34 - [TEST_STEP][PASSED] - setText(findTestObject("OCS-MOBILE /Customer info page/input_Email"), "suman.kompelly@diffagency.com"): Text 'suman.kompelly@diffagency.com' is set on object 'Object Repository/OCS-MOBILE /Customer info page/input_Email'

2019-05-21 18:00:34 - [MESSAGE][PASSED] - Text 'suman.kompelly@diffagency.com' is set on object 'Object Repository/OCS-MOBILE /Customer info page/input_Email'

2019-05-21 18:00:34 - [TEST_STEP][PASSED] - setText(findTestObject("OCS-MOBILE /Customer info page/input_First name"), "suman"): Text 'suman' is set on object 'Object Repository/OCS-MOBILE /Customer info page/input_First name'

2019-05-21 18:00:34 - [MESSAGE][PASSED] - Text 'suman' is set on object 'Object Repository/OCS-MOBILE /Customer info page/input_First name'

2019-05-21 18:00:34 - [TEST_STEP][PASSED] - setText(findTestObject("OCS-MOBILE /Customer info page/input_Last name"), "kompelly"): Text 'kompelly' is set on object 'Object Repository/OCS-MOBILE /Customer info page/input_Last name'

2019-05-21 18:00:34 - [MESSAGE][PASSED] - Text 'kompelly' is set on object 'Object Repository/OCS-MOBILE /Customer info page/input_Last name'

2019-05-21 18:00:34 - [TEST_STEP][PASSED] - setText(findTestObject("OCS-MOBILE /Customer info page/input_Address"), "300 saint alxendre"): Text '300 saint alxendre' is set on object 'Object Repository/OCS-MOBILE /Customer info page/input_Address'

2019-05-21 18:00:34 - [MESSAGE][PASSED] - Text '300 saint alxendre' is set on object 'Object Repository/OCS-MOBILE /Customer info page/input_Address'

2019-05-21 18:00:34 - [TEST_STEP][PASSED] - setText(findTestObject("OCS-MOBILE /Customer info page/input_Apartment suite etc. (op"), "199"): Text '199' is set on object 'Object Repository/OCS-MOBILE /Customer info page/input_Apartment suite etc. (op'

2019-05-21 18:00:34 - [MESSAGE][PASSED] - Text '199' is set on object 'Object Repository/OCS-MOBILE /Customer info page/input_Apartment suite etc. (op'

2019-05-21 18:00:34 - [TEST_STEP][PASSED] - setText(findTestObject("OCS-MOBILE /Customer info page/input_City"), "montreal"): Text 'montreal' is set on object 'Object Repository/OCS-MOBILE /Customer info page/input_City'

2019-05-21 18:00:35 - [MESSAGE][PASSED] - Text 'montreal' is set on object 'Object Repository/OCS-MOBILE /Customer info page/input_City'

2019-05-21 18:00:35 - [TEST_STEP][PASSED] - setText(findTestObject("OCS-MOBILE /Customer info page/input_Postal code"), "n0R1K0"): Text 'n0R1K0' is set on object 'Object Repository/OCS-MOBILE /Customer info page/input_Postal code'

2019-05-21 18:00:35 - [MESSAGE][PASSED] - Text 'n0R1K0' is set on object 'Object Repository/OCS-MOBILE /Customer info page/input_Postal code'

2019-05-21 18:00:35 - [TEST_STEP][PASSED] - setText(findTestObject("OCS-MOBILE /Customer info page/input_Phone"), "(514) 449-3882"): Text '(514) 449-3882' is set on object 'Object Repository/OCS-MOBILE /Customer info page/input_Phone'

2019-05-21 18:00:35 - [MESSAGE][PASSED] - Text '(514) 449-3882' is set on object 'Object Repository/OCS-MOBILE /Customer info page/input_Phone'

2019-05-21 18:00:35 - [TEST_STEP][PASSED] - delay(1): Delayed 1 second(s)

2019-05-21 18:00:36 - [MESSAGE][PASSED] - Delayed 1 second(s)

2019-05-21 18:00:36 - [TEST_STEP][PASSED] - setViewPortSize(1000, 1000): Viewport is set to new size with width = 1000 and height = 1000

2019-05-21 18:00:36 - [MESSAGE][PASSED] - Viewport is set to new size with width = 1000 and height = 1000

2019-05-21 18:00:36 - [TEST_STEP][PASSED] - click(findTestObject("Theme_oR/Page_Ontario Cannabis Store  Ontari/button_Hide bar")): Object: 'Object Repository/Theme_oR/Page_Ontario Cannabis Store  Ontari/button_Hide bar' is clicked on

2019-05-21 18:00:36 - [MESSAGE][PASSED] - Object: 'Object Repository/Theme_oR/Page_Ontario Cannabis Store  Ontari/button_Hide bar' is clicked on

2019-05-21 18:00:36 - [TEST_STEP][PASSED] - setViewPortSize(360, 1000): Viewport is set to new size with width = 360 and height = 1000

2019-05-21 18:00:36 - [MESSAGE][PASSED] - Viewport is set to new size with width = 360 and height = 1000

2019-05-21 18:00:36 - [TEST_STEP][PASSED] - click(findTestObject("OCS-MOBILE /Customer info page/Return to Cart - Link")): Object: 'Object Repository/OCS-MOBILE /Customer info page/Return to Cart - Link' is clicked on

2019-05-21 18:00:38 - [MESSAGE][PASSED] - Object: 'Object Repository/OCS-MOBILE /Customer info page/Return to Cart - Link' is clicked on

2019-05-21 18:00:38 - [TEST_STEP][PASSED] - delay(2): Delayed 2 second(s)

2019-05-21 18:00:40 - [MESSAGE][PASSED] - Delayed 2 second(s)

2019-05-21 18:00:40 - [TEST_STEP][PASSED] - click(findTestObject("OCS-MOBILE /Cart page/cart page-Checkbox_I confirm that")): Object: 'Object Repository/OCS-MOBILE /Cart page/cart page-Checkbox_I confirm that' is clicked on

2019-05-21 18:00:40 - [MESSAGE][PASSED] - Object: 'Object Repository/OCS-MOBILE /Cart page/cart page-Checkbox_I confirm that' is clicked on

2019-05-21 18:00:40 - [TEST_STEP][PASSED] - click(findTestObject("OCS-MOBILE /Cart page/cart page - Checkbox_Accept the Terms Condition")): Object: 'Object Repository/OCS-MOBILE /Cart page/cart page - Checkbox_Accept the Terms Condition' is clicked on

2019-05-21 18:00:40 - [MESSAGE][PASSED] - Object: 'Object Repository/OCS-MOBILE /Cart page/cart page - Checkbox_Accept the Terms Condition' is clicked on

2019-05-21 18:00:40 - [TEST_STEP][PASSED] - delay(1): Delayed 1 second(s)

2019-05-21 18:00:41 - [MESSAGE][PASSED] - Delayed 1 second(s)

2019-05-21 18:00:41 - [TEST_STEP][PASSED] - setViewPortSize(1000, 1000, CONTINUE_ON_FAILURE): Viewport is set to new size with width = 1000 and height = 1000

2019-05-21 18:00:41 - [MESSAGE][PASSED] - Viewport is set to new size with width = 1000 and height = 1000

2019-05-21 18:00:41 - [TEST_STEP][PASSED] - click(findTestObject("Theme_oR/Page_Ontario Cannabis Store  Ontari/button_Hide bar"), CONTINUE_ON_FAILURE): Object: 'Object Repository/Theme_oR/Page_Ontario Cannabis Store  Ontari/button_Hide bar' is clicked on

2019-05-21 18:00:41 - [MESSAGE][PASSED] - Object: 'Object Repository/Theme_oR/Page_Ontario Cannabis Store  Ontari/button_Hide bar' is clicked on

2019-05-21 18:00:41 - [TEST_STEP][PASSED] - setViewPortSize(360, 1000, CONTINUE_ON_FAILURE): Viewport is set to new size with width = 360 and height = 1000

2019-05-21 18:00:41 - [MESSAGE][PASSED] - Viewport is set to new size with width = 360 and height = 1000

2019-05-21 18:00:41 - [TEST_STEP][PASSED] - delay(1): Delayed 1 second(s)

2019-05-21 18:00:42 - [MESSAGE][PASSED] - Delayed 1 second(s)

2019-05-21 18:00:42 - [TEST_STEP][PASSED] - click(findTestObject("OCS-MOBILE /Cart page/Cart page -checkout button")): Object: 'Object Repository/OCS-MOBILE /Cart page/Cart page -checkout button' is clicked on

2019-05-21 18:00:44 - [MESSAGE][PASSED] - Object: 'Object Repository/OCS-MOBILE /Cart page/Cart page -checkout button' is clicked on

2019-05-21 18:00:44 - [TEST_STEP][PASSED] - setText(findTestObject("OCS-MOBILE /Customer info page/input_Email"), "suman.kompelly@diffagency.com"): Text 'suman.kompelly@diffagency.com' is set on object 'Object Repository/OCS-MOBILE /Customer info page/input_Email'

2019-05-21 18:00:44 - [MESSAGE][PASSED] - Text 'suman.kompelly@diffagency.com' is set on object 'Object Repository/OCS-MOBILE /Customer info page/input_Email'

2019-05-21 18:00:44 - [TEST_STEP][PASSED] - setText(findTestObject("OCS-MOBILE /Customer info page/input_First name"), "suman"): Text 'suman' is set on object 'Object Repository/OCS-MOBILE /Customer info page/input_First name'

2019-05-21 18:00:44 - [MESSAGE][PASSED] - Text 'suman' is set on object 'Object Repository/OCS-MOBILE /Customer info page/input_First name'

2019-05-21 18:00:44 - [TEST_STEP][PASSED] - setText(findTestObject("OCS-MOBILE /Customer info page/input_Last name"), "kompelly"): Text 'kompelly' is set on object 'Object Repository/OCS-MOBILE /Customer info page/input_Last name'

2019-05-21 18:00:44 - [MESSAGE][PASSED] - Text 'kompelly' is set on object 'Object Repository/OCS-MOBILE /Customer info page/input_Last name'

2019-05-21 18:00:44 - [TEST_STEP][PASSED] - setText(findTestObject("OCS-MOBILE /Customer info page/input_Address"), "300 saint alxendre"): Text '300 saint alxendre' is set on object 'Object Repository/OCS-MOBILE /Customer info page/input_Address'

2019-05-21 18:00:44 - [MESSAGE][PASSED] - Text '300 saint alxendre' is set on object 'Object Repository/OCS-MOBILE /Customer info page/input_Address'

2019-05-21 18:00:44 - [TEST_STEP][PASSED] - setText(findTestObject("OCS-MOBILE /Customer info page/input_Apartment suite etc. (op"), "199"): Text '199' is set on object 'Object Repository/OCS-MOBILE /Customer info page/input_Apartment suite etc. (op'

2019-05-21 18:00:44 - [MESSAGE][PASSED] - Text '199' is set on object 'Object Repository/OCS-MOBILE /Customer info page/input_Apartment suite etc. (op'

2019-05-21 18:00:44 - [TEST_STEP][PASSED] - setText(findTestObject("OCS-MOBILE /Customer info page/input_City"), "montreal"): Text 'montreal' is set on object 'Object Repository/OCS-MOBILE /Customer info page/input_City'

2019-05-21 18:00:45 - [MESSAGE][PASSED] - Text 'montreal' is set on object 'Object Repository/OCS-MOBILE /Customer info page/input_City'

2019-05-21 18:00:45 - [TEST_STEP][PASSED] - setText(findTestObject("OCS-MOBILE /Customer info page/input_Postal code"), "n0R1K0"): Text 'n0R1K0' is set on object 'Object Repository/OCS-MOBILE /Customer info page/input_Postal code'

2019-05-21 18:00:45 - [MESSAGE][PASSED] - Text 'n0R1K0' is set on object 'Object Repository/OCS-MOBILE /Customer info page/input_Postal code'

2019-05-21 18:00:45 - [TEST_STEP][PASSED] - setText(findTestObject("OCS-MOBILE /Customer info page/input_Phone"), "(514) 449-3882"): Text '(514) 449-3882' is set on object 'Object Repository/OCS-MOBILE /Customer info page/input_Phone'

2019-05-21 18:00:45 - [MESSAGE][PASSED] - Text '(514) 449-3882' is set on object 'Object Repository/OCS-MOBILE /Customer info page/input_Phone'

2019-05-21 18:00:45 - [TEST_STEP][PASSED] - delay(1): Delayed 1 second(s)

2019-05-21 18:00:46 - [MESSAGE][PASSED] - Delayed 1 second(s)

2019-05-21 18:00:46 - [TEST_STEP][PASSED] - setViewPortSize(1000, 1000): Viewport is set to new size with width = 1000 and height = 1000

2019-05-21 18:00:46 - [MESSAGE][PASSED] - Viewport is set to new size with width = 1000 and height = 1000

2019-05-21 18:00:46 - [TEST_STEP][PASSED] - delay(1): Delayed 1 second(s)

2019-05-21 18:00:47 - [MESSAGE][PASSED] - Delayed 1 second(s)

2019-05-21 18:00:47 - [TEST_STEP][PASSED] - click(findTestObject("Theme_oR/Page_Ontario Cannabis Store  Ontari/button_Hide bar")): Object: 'Object Repository/Theme_oR/Page_Ontario Cannabis Store  Ontari/button_Hide bar' is clicked on

2019-05-21 18:00:47 - [MESSAGE][PASSED] - Object: 'Object Repository/Theme_oR/Page_Ontario Cannabis Store  Ontari/button_Hide bar' is clicked on

2019-05-21 18:00:47 - [TEST_STEP][PASSED] - setViewPortSize(360, 1000): Viewport is set to new size with width = 360 and height = 1000

2019-05-21 18:00:47 - [MESSAGE][PASSED] - Viewport is set to new size with width = 360 and height = 1000

2019-05-21 18:00:47 - [TEST_STEP][PASSED] - click(findTestObject("OCS-MOBILE /Customer info page/Continue to shipping method - Button")): Object: 'Object Repository/OCS-MOBILE /Customer info page/Continue to shipping method - Button' is clicked on

2019-05-21 18:00:49 - [MESSAGE][PASSED] - Object: 'Object Repository/OCS-MOBILE /Customer info page/Continue to shipping method - Button' is clicked on

2019-05-21 18:00:49 - [TEST_STEP][PASSED] - closeBrowser(): Browser is closed

2019-05-21 18:00:49 - [MESSAGE][PASSED] - Browser is closed]]></system-out>
         <system-err><![CDATA[]]></system-err>
      </testcase>
      <testcase name="Test Cases/OCS - MOBILE/OCS- CRITICAL PATH/Checkout - Shipping" classname="Test Cases/OCS - MOBILE/OCS- CRITICAL PATH/Checkout - Shipping" status="FAILED">
         <failure type="FAILED" message="Test Cases/OCS - MOBILE/OCS- CRITICAL PATH/Checkout - Shipping FAILED.
Reason:
com.kms.katalon.core.exception.StepFailedException: Unable to select option by value  using regular expression (Root cause: java.lang.IllegalArgumentException: Object is null)
	at com.kms.katalon.core.keyword.internal.KeywordMain.stepFailed(KeywordMain.groovy:36)
	at com.kms.katalon.core.webui.keyword.internal.WebUIKeywordMain.stepFailed(WebUIKeywordMain.groovy:65)
	at com.kms.katalon.core.webui.keyword.internal.WebUIKeywordMain.runKeyword(WebUIKeywordMain.groovy:27)
	at com.kms.katalon.core.webui.keyword.builtin.SelectOptionByValueKeyword.selectOptionByValue(SelectOptionByValueKeyword.groovy:99)
	at com.kms.katalon.core.webui.keyword.builtin.SelectOptionByValueKeyword.execute(SelectOptionByValueKeyword.groovy:71)
	at com.kms.katalon.core.keyword.internal.KeywordExecutor.executeKeywordForPlatform(KeywordExecutor.groovy:53)
	at com.kms.katalon.core.webui.keyword.WebUiBuiltInKeywords.selectOptionByValue(WebUiBuiltInKeywords.groovy:1138)
	at com.kms.katalon.core.webui.keyword.WebUiBuiltInKeywords$selectOptionByValue$2.call(Unknown Source)
	at Checkout - Shipping.run(Checkout - Shipping:28)
	at com.kms.katalon.core.main.ScriptEngine.run(ScriptEngine.java:194)
	at com.kms.katalon.core.main.ScriptEngine.runScriptAsRawText(ScriptEngine.java:119)
	at com.kms.katalon.core.main.TestCaseExecutor.runScript(TestCaseExecutor.java:328)
	at com.kms.katalon.core.main.TestCaseExecutor.doExecute(TestCaseExecutor.java:319)
	at com.kms.katalon.core.main.TestCaseExecutor.processExecutionPhase(TestCaseExecutor.java:298)
	at com.kms.katalon.core.main.TestCaseExecutor.accessMainPhase(TestCaseExecutor.java:290)
	at com.kms.katalon.core.main.TestCaseExecutor.execute(TestCaseExecutor.java:224)
	at com.kms.katalon.core.main.TestSuiteExecutor.accessTestCaseMainPhase(TestSuiteExecutor.java:129)
	at com.kms.katalon.core.main.TestSuiteExecutor.accessTestSuiteMainPhase(TestSuiteExecutor.java:112)
	at com.kms.katalon.core.main.TestSuiteExecutor.execute(TestSuiteExecutor.java:81)
	at com.kms.katalon.core.main.TestCaseMain.startTestSuite(TestCaseMain.java:149)
	at com.kms.katalon.core.main.TestCaseMain$startTestSuite$0.call(Unknown Source)
	at TempTestSuite1558475408987.run(TempTestSuite1558475408987.groovy:36)
"/>
         <system-out><![CDATA[2019-05-21 18:00:49 - [TEST_CASE][FAILED] - Test Cases/OCS - MOBILE/OCS- CRITICAL PATH/Checkout - Shipping: Test Cases/OCS - MOBILE/OCS- CRITICAL PATH/Checkout - Shipping FAILED.
Reason:
com.kms.katalon.core.exception.StepFailedException: Unable to select option by value  using regular expression (Root cause: java.lang.IllegalArgumentException: Object is null)
	at com.kms.katalon.core.keyword.internal.KeywordMain.stepFailed(KeywordMain.groovy:36)
	at com.kms.katalon.core.webui.keyword.internal.WebUIKeywordMain.stepFailed(WebUIKeywordMain.groovy:65)
	at com.kms.katalon.core.webui.keyword.internal.WebUIKeywordMain.runKeyword(WebUIKeywordMain.groovy:27)
	at com.kms.katalon.core.webui.keyword.builtin.SelectOptionByValueKeyword.selectOptionByValue(SelectOptionByValueKeyword.groovy:99)
	at com.kms.katalon.core.webui.keyword.builtin.SelectOptionByValueKeyword.execute(SelectOptionByValueKeyword.groovy:71)
	at com.kms.katalon.core.keyword.internal.KeywordExecutor.executeKeywordForPlatform(KeywordExecutor.groovy:53)
	at com.kms.katalon.core.webui.keyword.WebUiBuiltInKeywords.selectOptionByValue(WebUiBuiltInKeywords.groovy:1138)
	at com.kms.katalon.core.webui.keyword.WebUiBuiltInKeywords$selectOptionByValue$2.call(Unknown Source)
	at Checkout - Shipping.run(Checkout - Shipping:28)
	at com.kms.katalon.core.main.ScriptEngine.run(ScriptEngine.java:194)
	at com.kms.katalon.core.main.ScriptEngine.runScriptAsRawText(ScriptEngine.java:119)
	at com.kms.katalon.core.main.TestCaseExecutor.runScript(TestCaseExecutor.java:328)
	at com.kms.katalon.core.main.TestCaseExecutor.doExecute(TestCaseExecutor.java:319)
	at com.kms.katalon.core.main.TestCaseExecutor.processExecutionPhase(TestCaseExecutor.java:298)
	at com.kms.katalon.core.main.TestCaseExecutor.accessMainPhase(TestCaseExecutor.java:290)
	at com.kms.katalon.core.main.TestCaseExecutor.execute(TestCaseExecutor.java:224)
	at com.kms.katalon.core.main.TestSuiteExecutor.accessTestCaseMainPhase(TestSuiteExecutor.java:129)
	at com.kms.katalon.core.main.TestSuiteExecutor.accessTestSuiteMainPhase(TestSuiteExecutor.java:112)
	at com.kms.katalon.core.main.TestSuiteExecutor.execute(TestSuiteExecutor.java:81)
	at com.kms.katalon.core.main.TestCaseMain.startTestSuite(TestCaseMain.java:149)
	at com.kms.katalon.core.main.TestCaseMain$startTestSuite$0.call(Unknown Source)
	at TempTestSuite1558475408987.run(TempTestSuite1558475408987.groovy:36)


2019-05-21 18:00:49 - [TEST_STEP][PASSED] - openBrowser(""): Browser is opened with url: ''

2019-05-21 18:00:49 - [MESSAGE][INFO] - Starting 'Chrome' driver

2019-05-21 18:00:50 - [MESSAGE][PASSED] - Browser is opened with url: ''

2019-05-21 18:00:50 - [TEST_STEP][PASSED] - navigateToUrl("https://ocs.ca/?fts=0&preview_theme_id=53373863756"): Navigate to 'https://ocs.ca/?fts=0&preview_theme_id=53373863756' successfully

2019-05-21 18:00:54 - [MESSAGE][PASSED] - Navigate to 'https://ocs.ca/?fts=0&preview_theme_id=53373863756' successfully

2019-05-21 18:00:54 - [TEST_STEP][PASSED] - delay(4): Delayed 4 second(s)

2019-05-21 18:00:58 - [MESSAGE][PASSED] - Delayed 4 second(s)

2019-05-21 18:00:58 - [TEST_STEP][PASSED] - setViewPortSize(360, 1000): Viewport is set to new size with width = 360 and height = 1000

2019-05-21 18:00:59 - [MESSAGE][PASSED] - Viewport is set to new size with width = 360 and height = 1000

2019-05-21 18:00:59 - [TEST_STEP][PASSED] - selectOptionByValue(findTestObject("OCS-MOBILE /Age gate and burger menu/Date"), "17", true): All options with value '17' are selected in object 'Object Repository/OCS-MOBILE /Age gate and burger menu/Date'  using regular expression

2019-05-21 18:00:59 - [MESSAGE][PASSED] - All options with value '17' are selected in object 'Object Repository/OCS-MOBILE /Age gate and burger menu/Date'  using regular expression

2019-05-21 18:00:59 - [TEST_STEP][PASSED] - selectOptionByValue(findTestObject("OCS-MOBILE /Age gate and burger menu/month"), "7", true): All options with value '7' are selected in object 'Object Repository/OCS-MOBILE /Age gate and burger menu/month'  using regular expression

2019-05-21 18:00:59 - [MESSAGE][PASSED] - All options with value '7' are selected in object 'Object Repository/OCS-MOBILE /Age gate and burger menu/month'  using regular expression

2019-05-21 18:00:59 - [TEST_STEP][FAILED] - selectOptionByValue(findTestObject("OCS-MOBILE/Age gate and burger menu/Year Dropdown"), "1949", true): selectOptionByValue(findTestObject("OCS-MOBILE/Age gate and burger menu/Year Dropdown"), "1949", true) FAILED.
Reason:
com.kms.katalon.core.exception.StepFailedException: Unable to select option by value  using regular expression (Root cause: java.lang.IllegalArgumentException: Object is null)
	at com.kms.katalon.core.keyword.internal.KeywordMain.stepFailed(KeywordMain.groovy:36)
	at com.kms.katalon.core.webui.keyword.internal.WebUIKeywordMain.stepFailed(WebUIKeywordMain.groovy:65)
	at com.kms.katalon.core.webui.keyword.internal.WebUIKeywordMain.runKeyword(WebUIKeywordMain.groovy:27)
	at com.kms.katalon.core.webui.keyword.builtin.SelectOptionByValueKeyword.selectOptionByValue(SelectOptionByValueKeyword.groovy:99)
	at com.kms.katalon.core.webui.keyword.builtin.SelectOptionByValueKeyword.execute(SelectOptionByValueKeyword.groovy:71)
	at com.kms.katalon.core.keyword.internal.KeywordExecutor.executeKeywordForPlatform(KeywordExecutor.groovy:53)
	at com.kms.katalon.core.webui.keyword.WebUiBuiltInKeywords.selectOptionByValue(WebUiBuiltInKeywords.groovy:1138)
	at com.kms.katalon.core.webui.keyword.WebUiBuiltInKeywords$selectOptionByValue$2.call(Unknown Source)
	at Checkout - Shipping.run(Checkout - Shipping:28)
	at com.kms.katalon.core.main.ScriptEngine.run(ScriptEngine.java:194)
	at com.kms.katalon.core.main.ScriptEngine.runScriptAsRawText(ScriptEngine.java:119)
	at com.kms.katalon.core.main.TestCaseExecutor.runScript(TestCaseExecutor.java:328)
	at com.kms.katalon.core.main.TestCaseExecutor.doExecute(TestCaseExecutor.java:319)
	at com.kms.katalon.core.main.TestCaseExecutor.processExecutionPhase(TestCaseExecutor.java:298)
	at com.kms.katalon.core.main.TestCaseExecutor.accessMainPhase(TestCaseExecutor.java:290)
	at com.kms.katalon.core.main.TestCaseExecutor.execute(TestCaseExecutor.java:224)
	at com.kms.katalon.core.main.TestSuiteExecutor.accessTestCaseMainPhase(TestSuiteExecutor.java:129)
	at com.kms.katalon.core.main.TestSuiteExecutor.accessTestSuiteMainPhase(TestSuiteExecutor.java:112)
	at com.kms.katalon.core.main.TestSuiteExecutor.execute(TestSuiteExecutor.java:81)
	at com.kms.katalon.core.main.TestCaseMain.startTestSuite(TestCaseMain.java:149)
	at com.kms.katalon.core.main.TestCaseMain$startTestSuite$0.call(Unknown Source)
	at TempTestSuite1558475408987.run(TempTestSuite1558475408987.groovy:36)


2019-05-21 18:00:59 - [MESSAGE][WARNING] - Test object with id 'Object Repository/OCS-MOBILE/Age gate and burger menu/Year Dropdown' does not exist

2019-05-21 18:00:59 - [MESSAGE][WARNING] - Test object with id 'Object Repository/' does not exist

2019-05-21 18:01:00 - [MESSAGE][FAILED] - Unable to select option by value  using regular expression (Root cause: java.lang.IllegalArgumentException: Object is null)
[[ATTACHMENT|/Users/sumankompelly/git/Ontario-cannbis-store/Reports/OCS- MOBILE/CRITICAL PATH - 21- 05-19/20190521_175008/1558476059701.png]]

2019-05-21 18:01:00 - [MESSAGE][FAILED] - selectOptionByValue(findTestObject("OCS-MOBILE/Age gate and burger menu/Year Dropdown"), "1949", true) FAILED.
Reason:
com.kms.katalon.core.exception.StepFailedException: Unable to select option by value  using regular expression (Root cause: java.lang.IllegalArgumentException: Object is null)
	at com.kms.katalon.core.keyword.internal.KeywordMain.stepFailed(KeywordMain.groovy:36)
	at com.kms.katalon.core.webui.keyword.internal.WebUIKeywordMain.stepFailed(WebUIKeywordMain.groovy:65)
	at com.kms.katalon.core.webui.keyword.internal.WebUIKeywordMain.runKeyword(WebUIKeywordMain.groovy:27)
	at com.kms.katalon.core.webui.keyword.builtin.SelectOptionByValueKeyword.selectOptionByValue(SelectOptionByValueKeyword.groovy:99)
	at com.kms.katalon.core.webui.keyword.builtin.SelectOptionByValueKeyword.execute(SelectOptionByValueKeyword.groovy:71)
	at com.kms.katalon.core.keyword.internal.KeywordExecutor.executeKeywordForPlatform(KeywordExecutor.groovy:53)
	at com.kms.katalon.core.webui.keyword.WebUiBuiltInKeywords.selectOptionByValue(WebUiBuiltInKeywords.groovy:1138)
	at com.kms.katalon.core.webui.keyword.WebUiBuiltInKeywords$selectOptionByValue$2.call(Unknown Source)
	at Checkout - Shipping.run(Checkout - Shipping:28)
	at com.kms.katalon.core.main.ScriptEngine.run(ScriptEngine.java:194)
	at com.kms.katalon.core.main.ScriptEngine.runScriptAsRawText(ScriptEngine.java:119)
	at com.kms.katalon.core.main.TestCaseExecutor.runScript(TestCaseExecutor.java:328)
	at com.kms.katalon.core.main.TestCaseExecutor.doExecute(TestCaseExecutor.java:319)
	at com.kms.katalon.core.main.TestCaseExecutor.processExecutionPhase(TestCaseExecutor.java:298)
	at com.kms.katalon.core.main.TestCaseExecutor.accessMainPhase(TestCaseExecutor.java:290)
	at com.kms.katalon.core.main.TestCaseExecutor.execute(TestCaseExecutor.java:224)
	at com.kms.katalon.core.main.TestSuiteExecutor.accessTestCaseMainPhase(TestSuiteExecutor.java:129)
	at com.kms.katalon.core.main.TestSuiteExecutor.accessTestSuiteMainPhase(TestSuiteExecutor.java:112)
	at com.kms.katalon.core.main.TestSuiteExecutor.execute(TestSuiteExecutor.java:81)
	at com.kms.katalon.core.main.TestCaseMain.startTestSuite(TestCaseMain.java:149)
	at com.kms.katalon.core.main.TestCaseMain$startTestSuite$0.call(Unknown Source)
	at TempTestSuite1558475408987.run(TempTestSuite1558475408987.groovy:36)]]></system-out>
         <system-err><![CDATA[2019-05-21 18:00:49 - [TEST_CASE][FAILED] - Test Cases/OCS - MOBILE/OCS- CRITICAL PATH/Checkout - Shipping: Test Cases/OCS - MOBILE/OCS- CRITICAL PATH/Checkout - Shipping FAILED.
Reason:
com.kms.katalon.core.exception.StepFailedException: Unable to select option by value  using regular expression (Root cause: java.lang.IllegalArgumentException: Object is null)
	at com.kms.katalon.core.keyword.internal.KeywordMain.stepFailed(KeywordMain.groovy:36)
	at com.kms.katalon.core.webui.keyword.internal.WebUIKeywordMain.stepFailed(WebUIKeywordMain.groovy:65)
	at com.kms.katalon.core.webui.keyword.internal.WebUIKeywordMain.runKeyword(WebUIKeywordMain.groovy:27)
	at com.kms.katalon.core.webui.keyword.builtin.SelectOptionByValueKeyword.selectOptionByValue(SelectOptionByValueKeyword.groovy:99)
	at com.kms.katalon.core.webui.keyword.builtin.SelectOptionByValueKeyword.execute(SelectOptionByValueKeyword.groovy:71)
	at com.kms.katalon.core.keyword.internal.KeywordExecutor.executeKeywordForPlatform(KeywordExecutor.groovy:53)
	at com.kms.katalon.core.webui.keyword.WebUiBuiltInKeywords.selectOptionByValue(WebUiBuiltInKeywords.groovy:1138)
	at com.kms.katalon.core.webui.keyword.WebUiBuiltInKeywords$selectOptionByValue$2.call(Unknown Source)
	at Checkout - Shipping.run(Checkout - Shipping:28)
	at com.kms.katalon.core.main.ScriptEngine.run(ScriptEngine.java:194)
	at com.kms.katalon.core.main.ScriptEngine.runScriptAsRawText(ScriptEngine.java:119)
	at com.kms.katalon.core.main.TestCaseExecutor.runScript(TestCaseExecutor.java:328)
	at com.kms.katalon.core.main.TestCaseExecutor.doExecute(TestCaseExecutor.java:319)
	at com.kms.katalon.core.main.TestCaseExecutor.processExecutionPhase(TestCaseExecutor.java:298)
	at com.kms.katalon.core.main.TestCaseExecutor.accessMainPhase(TestCaseExecutor.java:290)
	at com.kms.katalon.core.main.TestCaseExecutor.execute(TestCaseExecutor.java:224)
	at com.kms.katalon.core.main.TestSuiteExecutor.accessTestCaseMainPhase(TestSuiteExecutor.java:129)
	at com.kms.katalon.core.main.TestSuiteExecutor.accessTestSuiteMainPhase(TestSuiteExecutor.java:112)
	at com.kms.katalon.core.main.TestSuiteExecutor.execute(TestSuiteExecutor.java:81)
	at com.kms.katalon.core.main.TestCaseMain.startTestSuite(TestCaseMain.java:149)
	at com.kms.katalon.core.main.TestCaseMain$startTestSuite$0.call(Unknown Source)
	at TempTestSuite1558475408987.run(TempTestSuite1558475408987.groovy:36)]]></system-err>
      </testcase>
      <testcase name="Test Cases/OCS - MOBILE/OCS- CRITICAL PATH/Checkout- Payment" classname="Test Cases/OCS - MOBILE/OCS- CRITICAL PATH/Checkout- Payment" status="PASSED">
         <system-out><![CDATA[2019-05-21 18:01:00 - [TEST_CASE][PASSED] - Test Cases/OCS - MOBILE/OCS- CRITICAL PATH/Checkout- Payment: Test Cases/OCS - MOBILE/OCS- CRITICAL PATH/Checkout- Payment

2019-05-21 18:01:00 - [TEST_STEP][PASSED] - openBrowser(""): Browser is opened with url: ''

2019-05-21 18:01:00 - [MESSAGE][WARNING] - A browser is already opened. Closing browser and opening a new one

2019-05-21 18:01:00 - [MESSAGE][INFO] - Starting 'Chrome' driver

2019-05-21 18:01:01 - [MESSAGE][PASSED] - Browser is opened with url: ''

2019-05-21 18:01:01 - [TEST_STEP][PASSED] - navigateToUrl("https://ocs.ca/?fts=0&preview_theme_id=53373863756"): Navigate to 'https://ocs.ca/?fts=0&preview_theme_id=53373863756' successfully

2019-05-21 18:01:05 - [MESSAGE][PASSED] - Navigate to 'https://ocs.ca/?fts=0&preview_theme_id=53373863756' successfully

2019-05-21 18:01:05 - [TEST_STEP][PASSED] - delay(4): Delayed 4 second(s)

2019-05-21 18:01:09 - [MESSAGE][PASSED] - Delayed 4 second(s)

2019-05-21 18:01:09 - [TEST_STEP][PASSED] - setViewPortSize(360, 1000): Viewport is set to new size with width = 360 and height = 1000

2019-05-21 18:01:09 - [MESSAGE][PASSED] - Viewport is set to new size with width = 360 and height = 1000

2019-05-21 18:01:09 - [TEST_STEP][PASSED] - selectOptionByValue(findTestObject("OCS-MOBILE /Age gate and burger menu/Date"), "17", true): All options with value '17' are selected in object 'Object Repository/OCS-MOBILE /Age gate and burger menu/Date'  using regular expression

2019-05-21 18:01:09 - [MESSAGE][PASSED] - All options with value '17' are selected in object 'Object Repository/OCS-MOBILE /Age gate and burger menu/Date'  using regular expression

2019-05-21 18:01:09 - [TEST_STEP][PASSED] - selectOptionByValue(findTestObject("OCS-MOBILE /Age gate and burger menu/month"), "7", true): All options with value '7' are selected in object 'Object Repository/OCS-MOBILE /Age gate and burger menu/month'  using regular expression

2019-05-21 18:01:10 - [MESSAGE][PASSED] - All options with value '7' are selected in object 'Object Repository/OCS-MOBILE /Age gate and burger menu/month'  using regular expression

2019-05-21 18:01:10 - [TEST_STEP][PASSED] - selectOptionByValue(findTestObject("OCS-MOBILE /Age gate and burger menu/Year Dropdown"), "1949", true): All options with value '1949' are selected in object 'Object Repository/OCS-MOBILE /Age gate and burger menu/Year Dropdown'  using regular expression

2019-05-21 18:01:11 - [MESSAGE][PASSED] - All options with value '1949' are selected in object 'Object Repository/OCS-MOBILE /Age gate and burger menu/Year Dropdown'  using regular expression

2019-05-21 18:01:11 - [TEST_STEP][PASSED] - click(findTestObject("OCS-MOBILE /Age gate and burger menu/button_Verify")): Object: 'Object Repository/OCS-MOBILE /Age gate and burger menu/button_Verify' is clicked on

2019-05-21 18:01:11 - [MESSAGE][PASSED] - Object: 'Object Repository/OCS-MOBILE /Age gate and burger menu/button_Verify' is clicked on

2019-05-21 18:01:11 - [TEST_STEP][PASSED] - click(findTestObject("OCS-MOBILE /Age gate and burger menu/Checkbox_CONFIRM AND ACKNOWLEDGE")): Object: 'Object Repository/OCS-MOBILE /Age gate and burger menu/Checkbox_CONFIRM AND ACKNOWLEDGE' is clicked on

2019-05-21 18:01:11 - [MESSAGE][PASSED] - Object: 'Object Repository/OCS-MOBILE /Age gate and burger menu/Checkbox_CONFIRM AND ACKNOWLEDGE' is clicked on

2019-05-21 18:01:11 - [TEST_STEP][PASSED] - click(findTestObject("OCS-MOBILE /Age gate and burger menu/button_CONFIRM")): Object: 'Object Repository/OCS-MOBILE /Age gate and burger menu/button_CONFIRM' is clicked on

2019-05-21 18:01:11 - [MESSAGE][PASSED] - Object: 'Object Repository/OCS-MOBILE /Age gate and burger menu/button_CONFIRM' is clicked on

2019-05-21 18:01:11 - [TEST_STEP][PASSED] - click(findTestObject("OCS-MOBILE /Age gate and burger menu/button_Start Browsing")): Object: 'Object Repository/OCS-MOBILE /Age gate and burger menu/button_Start Browsing' is clicked on

2019-05-21 18:01:11 - [MESSAGE][PASSED] - Object: 'Object Repository/OCS-MOBILE /Age gate and burger menu/button_Start Browsing' is clicked on

2019-05-21 18:01:11 - [TEST_STEP][PASSED] - delay(2): Delayed 2 second(s)

2019-05-21 18:01:13 - [MESSAGE][PASSED] - Delayed 2 second(s)

2019-05-21 18:01:13 - [TEST_STEP][PASSED] - refresh(): Refresh successfully

2019-05-21 18:01:15 - [MESSAGE][PASSED] - Refresh successfully

2019-05-21 18:01:15 - [TEST_STEP][PASSED] - click(findTestObject("OCS-MOBILE /Age gate and burger menu/Burger menu - English")): Object: 'Object Repository/OCS-MOBILE /Age gate and burger menu/Burger menu - English' is clicked on

2019-05-21 18:01:16 - [MESSAGE][PASSED] - Object: 'Object Repository/OCS-MOBILE /Age gate and burger menu/Burger menu - English' is clicked on

2019-05-21 18:01:16 - [TEST_STEP][PASSED] - delay(2): Delayed 2 second(s)

2019-05-21 18:01:18 - [MESSAGE][PASSED] - Delayed 2 second(s)

2019-05-21 18:01:18 - [TEST_STEP][PASSED] - click(findTestObject("OCS-MOBILE /Age gate and burger menu/Chevron_Cannabis")): Object: 'Object Repository/OCS-MOBILE /Age gate and burger menu/Chevron_Cannabis' is clicked on

2019-05-21 18:01:18 - [MESSAGE][PASSED] - Object: 'Object Repository/OCS-MOBILE /Age gate and burger menu/Chevron_Cannabis' is clicked on

2019-05-21 18:01:18 - [TEST_STEP][PASSED] - delay(2): Delayed 2 second(s)

2019-05-21 18:01:20 - [MESSAGE][PASSED] - Delayed 2 second(s)

2019-05-21 18:01:20 - [TEST_STEP][PASSED] - click(findTestObject("OCS-MOBILE /Age gate and burger menu/Dried Flower_Plus icon")): Object: 'Object Repository/OCS-MOBILE /Age gate and burger menu/Dried Flower_Plus icon' is clicked on

2019-05-21 18:01:20 - [MESSAGE][PASSED] - Object: 'Object Repository/OCS-MOBILE /Age gate and burger menu/Dried Flower_Plus icon' is clicked on

2019-05-21 18:01:20 - [TEST_STEP][PASSED] - delay(2): Delayed 2 second(s)

2019-05-21 18:01:22 - [MESSAGE][PASSED] - Delayed 2 second(s)

2019-05-21 18:01:22 - [TEST_STEP][PASSED] - click(findTestObject("OCS-MOBILE /Age gate and burger menu/Indica Dominant_Menu item")): Object: 'Object Repository/OCS-MOBILE /Age gate and burger menu/Indica Dominant_Menu item' is clicked on

2019-05-21 18:01:24 - [MESSAGE][PASSED] - Object: 'Object Repository/OCS-MOBILE /Age gate and burger menu/Indica Dominant_Menu item' is clicked on

2019-05-21 18:01:24 - [TEST_STEP][PASSED] - delay(2): Delayed 2 second(s)

2019-05-21 18:01:26 - [MESSAGE][PASSED] - Delayed 2 second(s)

2019-05-21 18:01:26 - [TEST_STEP][PASSED] - click(findTestObject("OCS-MOBILE /Collection page/Product image - 1st one")): Object: 'Object Repository/OCS-MOBILE /Collection page/Product image - 1st one' is clicked on

2019-05-21 18:01:30 - [MESSAGE][PASSED] - Object: 'Object Repository/OCS-MOBILE /Collection page/Product image - 1st one' is clicked on

2019-05-21 18:01:30 - [TEST_STEP][PASSED] - delay(1): Delayed 1 second(s)

2019-05-21 18:01:31 - [MESSAGE][PASSED] - Delayed 1 second(s)

2019-05-21 18:01:31 - [TEST_STEP][PASSED] - delay(3): Delayed 3 second(s)

2019-05-21 18:01:34 - [MESSAGE][PASSED] - Delayed 3 second(s)

2019-05-21 18:01:34 - [TEST_STEP][PASSED] - scrollToElement(findTestObject("OCS-MOBILE /Product page/Product image"), 1): Scroll to object 'Object Repository/OCS-MOBILE /Product page/Product image' successfully

2019-05-21 18:01:34 - [MESSAGE][PASSED] - Scroll to object 'Object Repository/OCS-MOBILE /Product page/Product image' successfully

2019-05-21 18:01:34 - [TEST_STEP][PASSED] - click(findTestObject("OCS-MOBILE /Product page/Swatch_3.5g")): Object: 'Object Repository/OCS-MOBILE /Product page/Swatch_3.5g' is clicked on

2019-05-21 18:01:34 - [MESSAGE][PASSED] - Object: 'Object Repository/OCS-MOBILE /Product page/Swatch_3.5g' is clicked on

2019-05-21 18:01:34 - [TEST_STEP][PASSED] - delay(2): Delayed 2 second(s)

2019-05-21 18:01:36 - [MESSAGE][PASSED] - Delayed 2 second(s)

2019-05-21 18:01:36 - [TEST_STEP][PASSED] - click(findTestObject("OCS-MOBILE /Product page/Add to Bag-button")): Object: 'Object Repository/OCS-MOBILE /Product page/Add to Bag-button' is clicked on

2019-05-21 18:01:36 - [MESSAGE][PASSED] - Object: 'Object Repository/OCS-MOBILE /Product page/Add to Bag-button' is clicked on

2019-05-21 18:01:36 - [TEST_STEP][PASSED] - setViewPortSize(1000, 1000, CONTINUE_ON_FAILURE): Viewport is set to new size with width = 1000 and height = 1000

2019-05-21 18:01:36 - [MESSAGE][PASSED] - Viewport is set to new size with width = 1000 and height = 1000

2019-05-21 18:01:36 - [TEST_STEP][PASSED] - delay(2): Delayed 2 second(s)

2019-05-21 18:01:38 - [MESSAGE][PASSED] - Delayed 2 second(s)

2019-05-21 18:01:38 - [TEST_STEP][PASSED] - click(findTestObject("Theme_oR/Page_Ontario Cannabis Store  Ontari/button_Hide bar"), CONTINUE_ON_FAILURE): Object: 'Object Repository/Theme_oR/Page_Ontario Cannabis Store  Ontari/button_Hide bar' is clicked on

2019-05-21 18:01:39 - [MESSAGE][PASSED] - Object: 'Object Repository/Theme_oR/Page_Ontario Cannabis Store  Ontari/button_Hide bar' is clicked on

2019-05-21 18:01:39 - [TEST_STEP][PASSED] - setViewPortSize(360, 1000, CONTINUE_ON_FAILURE): Viewport is set to new size with width = 360 and height = 1000

2019-05-21 18:01:39 - [MESSAGE][PASSED] - Viewport is set to new size with width = 360 and height = 1000

2019-05-21 18:01:39 - [TEST_STEP][PASSED] - click(findTestObject("OCS-MOBILE /Cart flyout/Checkbox_I confirm that")): Object: 'Object Repository/OCS-MOBILE /Cart flyout/Checkbox_I confirm that' is clicked on

2019-05-21 18:01:39 - [MESSAGE][PASSED] - Object: 'Object Repository/OCS-MOBILE /Cart flyout/Checkbox_I confirm that' is clicked on

2019-05-21 18:01:39 - [TEST_STEP][PASSED] - click(findTestObject("OCS-MOBILE /Cart flyout/Checkbox_Accept the Terms Condition")): Object: 'Object Repository/OCS-MOBILE /Cart flyout/Checkbox_Accept the Terms Condition' is clicked on

2019-05-21 18:01:39 - [MESSAGE][PASSED] - Object: 'Object Repository/OCS-MOBILE /Cart flyout/Checkbox_Accept the Terms Condition' is clicked on

2019-05-21 18:01:39 - [TEST_STEP][PASSED] - delay(1): Delayed 1 second(s)

2019-05-21 18:01:40 - [MESSAGE][PASSED] - Delayed 1 second(s)

2019-05-21 18:01:40 - [TEST_STEP][PASSED] - click(findTestObject("OCS-MOBILE /Cart flyout/Checkout - Button")): Object: 'Object Repository/OCS-MOBILE /Cart flyout/Checkout - Button' is clicked on

2019-05-21 18:01:43 - [MESSAGE][PASSED] - Object: 'Object Repository/OCS-MOBILE /Cart flyout/Checkout - Button' is clicked on

2019-05-21 18:01:43 - [TEST_STEP][PASSED] - delay(1): Delayed 1 second(s)

2019-05-21 18:01:44 - [MESSAGE][PASSED] - Delayed 1 second(s)

2019-05-21 18:01:44 - [TEST_STEP][NOT_RUN] - click(findTestObject("OCS-MOBILE/Customer info page/Chevron_OrderSummary")): NOT_RUN: click(findTestObject("OCS-MOBILE/Customer info page/Chevron_OrderSummary"))

2019-05-21 18:01:44 - [MESSAGE][NOT_RUN] - NOT_RUN: click(findTestObject("OCS-MOBILE/Customer info page/Chevron_OrderSummary"))

2019-05-21 18:01:44 - [TEST_STEP][PASSED] - delay(2): Delayed 2 second(s)

2019-05-21 18:01:46 - [MESSAGE][PASSED] - Delayed 2 second(s)

2019-05-21 18:01:46 - [TEST_STEP][PASSED] - scrollToElement(findTestObject("OCS-MOBILE /Customer info page/input_Email"), 0): Scroll to object 'Object Repository/OCS-MOBILE /Customer info page/input_Email' successfully

2019-05-21 18:01:46 - [MESSAGE][WARNING] - Timeout '0' is invalid. Using default page load timeout: '30'

2019-05-21 18:01:46 - [MESSAGE][PASSED] - Scroll to object 'Object Repository/OCS-MOBILE /Customer info page/input_Email' successfully

2019-05-21 18:01:46 - [TEST_STEP][PASSED] - setText(findTestObject("OCS-MOBILE /Customer info page/input_Email"), "suman.kompelly@diffagency.com"): Text 'suman.kompelly@diffagency.com' is set on object 'Object Repository/OCS-MOBILE /Customer info page/input_Email'

2019-05-21 18:01:46 - [MESSAGE][PASSED] - Text 'suman.kompelly@diffagency.com' is set on object 'Object Repository/OCS-MOBILE /Customer info page/input_Email'

2019-05-21 18:01:46 - [TEST_STEP][PASSED] - setText(findTestObject("OCS-MOBILE /Customer info page/input_First name"), "suman"): Text 'suman' is set on object 'Object Repository/OCS-MOBILE /Customer info page/input_First name'

2019-05-21 18:01:46 - [MESSAGE][PASSED] - Text 'suman' is set on object 'Object Repository/OCS-MOBILE /Customer info page/input_First name'

2019-05-21 18:01:46 - [TEST_STEP][PASSED] - setText(findTestObject("OCS-MOBILE /Customer info page/input_Last name"), "kompelly"): Text 'kompelly' is set on object 'Object Repository/OCS-MOBILE /Customer info page/input_Last name'

2019-05-21 18:01:46 - [MESSAGE][PASSED] - Text 'kompelly' is set on object 'Object Repository/OCS-MOBILE /Customer info page/input_Last name'

2019-05-21 18:01:46 - [TEST_STEP][PASSED] - setText(findTestObject("OCS-MOBILE /Customer info page/input_Address"), "300 saint alxendre"): Text '300 saint alxendre' is set on object 'Object Repository/OCS-MOBILE /Customer info page/input_Address'

2019-05-21 18:01:46 - [MESSAGE][PASSED] - Text '300 saint alxendre' is set on object 'Object Repository/OCS-MOBILE /Customer info page/input_Address'

2019-05-21 18:01:46 - [TEST_STEP][PASSED] - setText(findTestObject("OCS-MOBILE /Customer info page/input_Apartment suite etc. (op"), "199"): Text '199' is set on object 'Object Repository/OCS-MOBILE /Customer info page/input_Apartment suite etc. (op'

2019-05-21 18:01:46 - [MESSAGE][PASSED] - Text '199' is set on object 'Object Repository/OCS-MOBILE /Customer info page/input_Apartment suite etc. (op'

2019-05-21 18:01:46 - [TEST_STEP][PASSED] - setText(findTestObject("OCS-MOBILE /Customer info page/input_City"), "montreal"): Text 'montreal' is set on object 'Object Repository/OCS-MOBILE /Customer info page/input_City'

2019-05-21 18:01:47 - [MESSAGE][PASSED] - Text 'montreal' is set on object 'Object Repository/OCS-MOBILE /Customer info page/input_City'

2019-05-21 18:01:47 - [TEST_STEP][PASSED] - setText(findTestObject("OCS-MOBILE /Customer info page/input_Postal code"), "n0R1K0"): Text 'n0R1K0' is set on object 'Object Repository/OCS-MOBILE /Customer info page/input_Postal code'

2019-05-21 18:01:47 - [MESSAGE][PASSED] - Text 'n0R1K0' is set on object 'Object Repository/OCS-MOBILE /Customer info page/input_Postal code'

2019-05-21 18:01:47 - [TEST_STEP][PASSED] - setText(findTestObject("OCS-MOBILE /Customer info page/input_Phone"), "(514) 449-3882"): Text '(514) 449-3882' is set on object 'Object Repository/OCS-MOBILE /Customer info page/input_Phone'

2019-05-21 18:01:47 - [MESSAGE][PASSED] - Text '(514) 449-3882' is set on object 'Object Repository/OCS-MOBILE /Customer info page/input_Phone'

2019-05-21 18:01:47 - [TEST_STEP][PASSED] - delay(1): Delayed 1 second(s)

2019-05-21 18:01:48 - [MESSAGE][PASSED] - Delayed 1 second(s)

2019-05-21 18:01:48 - [TEST_STEP][NOT_RUN] - setViewPortSize(1000, 1000): NOT_RUN: setViewPortSize(1000, 1000)

2019-05-21 18:01:48 - [MESSAGE][NOT_RUN] - NOT_RUN: setViewPortSize(1000, 1000)

2019-05-21 18:01:48 - [TEST_STEP][NOT_RUN] - click(findTestObject("Theme_oR/Page_Ontario Cannabis Store  Ontari/button_Hide bar")): NOT_RUN: click(findTestObject("Theme_oR/Page_Ontario Cannabis Store  Ontari/button_Hide bar"))

2019-05-21 18:01:48 - [MESSAGE][NOT_RUN] - NOT_RUN: click(findTestObject("Theme_oR/Page_Ontario Cannabis Store  Ontari/button_Hide bar"))

2019-05-21 18:01:48 - [TEST_STEP][NOT_RUN] - setViewPortSize(360, 1000): NOT_RUN: setViewPortSize(360, 1000)

2019-05-21 18:01:48 - [MESSAGE][NOT_RUN] - NOT_RUN: setViewPortSize(360, 1000)

2019-05-21 18:01:48 - [TEST_STEP][NOT_RUN] - click(findTestObject("OCS-MOBILE/Customer info page/Return to Cart - Link")): NOT_RUN: click(findTestObject("OCS-MOBILE/Customer info page/Return to Cart - Link"))

2019-05-21 18:01:48 - [MESSAGE][NOT_RUN] - NOT_RUN: click(findTestObject("OCS-MOBILE/Customer info page/Return to Cart - Link"))

2019-05-21 18:01:48 - [TEST_STEP][NOT_RUN] - delay(2): NOT_RUN: delay(2)

2019-05-21 18:01:48 - [MESSAGE][NOT_RUN] - NOT_RUN: delay(2)

2019-05-21 18:01:48 - [TEST_STEP][NOT_RUN] - click(findTestObject("OCS-MOBILE/Cart page/Cart page - Checkbox_I confirm that")): NOT_RUN: click(findTestObject("OCS-MOBILE/Cart page/Cart page - Checkbox_I confirm that"))

2019-05-21 18:01:48 - [MESSAGE][NOT_RUN] - NOT_RUN: click(findTestObject("OCS-MOBILE/Cart page/Cart page - Checkbox_I confirm that"))

2019-05-21 18:01:48 - [TEST_STEP][NOT_RUN] - click(findTestObject("OCS-MOBILE/Cart page/Cart page- Checkbox_Accept the Terms Condition")): NOT_RUN: click(findTestObject("OCS-MOBILE/Cart page/Cart page- Checkbox_Accept the Terms Condition"))

2019-05-21 18:01:48 - [MESSAGE][NOT_RUN] - NOT_RUN: click(findTestObject("OCS-MOBILE/Cart page/Cart page- Checkbox_Accept the Terms Condition"))

2019-05-21 18:01:48 - [TEST_STEP][NOT_RUN] - delay(1): NOT_RUN: delay(1)

2019-05-21 18:01:48 - [MESSAGE][NOT_RUN] - NOT_RUN: delay(1)

2019-05-21 18:01:48 - [TEST_STEP][NOT_RUN] - setViewPortSize(1000, 1000, CONTINUE_ON_FAILURE): NOT_RUN: setViewPortSize(1000, 1000, CONTINUE_ON_FAILURE)

2019-05-21 18:01:48 - [MESSAGE][NOT_RUN] - NOT_RUN: setViewPortSize(1000, 1000, CONTINUE_ON_FAILURE)

2019-05-21 18:01:48 - [TEST_STEP][NOT_RUN] - click(findTestObject("Theme_oR/Page_Ontario Cannabis Store  Ontari/button_Hide bar"), CONTINUE_ON_FAILURE): NOT_RUN: click(findTestObject("Theme_oR/Page_Ontario Cannabis Store  Ontari/button_Hide bar"), CONTINUE_ON_FAILURE)

2019-05-21 18:01:48 - [MESSAGE][NOT_RUN] - NOT_RUN: click(findTestObject("Theme_oR/Page_Ontario Cannabis Store  Ontari/button_Hide bar"), CONTINUE_ON_FAILURE)

2019-05-21 18:01:48 - [TEST_STEP][NOT_RUN] - setViewPortSize(360, 1000, CONTINUE_ON_FAILURE): NOT_RUN: setViewPortSize(360, 1000, CONTINUE_ON_FAILURE)

2019-05-21 18:01:48 - [MESSAGE][NOT_RUN] - NOT_RUN: setViewPortSize(360, 1000, CONTINUE_ON_FAILURE)

2019-05-21 18:01:48 - [TEST_STEP][NOT_RUN] - delay(1): NOT_RUN: delay(1)

2019-05-21 18:01:48 - [MESSAGE][NOT_RUN] - NOT_RUN: delay(1)

2019-05-21 18:01:48 - [TEST_STEP][NOT_RUN] - click(findTestObject("OCS-MOBILE/Cart page/cart page- Checkout - Button")): NOT_RUN: click(findTestObject("OCS-MOBILE/Cart page/cart page- Checkout - Button"))

2019-05-21 18:01:48 - [MESSAGE][NOT_RUN] - NOT_RUN: click(findTestObject("OCS-MOBILE/Cart page/cart page- Checkout - Button"))

2019-05-21 18:01:48 - [TEST_STEP][NOT_RUN] - setText(findTestObject("OCS-MOBILE/Customer info page/input_Email"), "suman.kompelly@diffagency.com"): NOT_RUN: setText(findTestObject("OCS-MOBILE/Customer info page/input_Email"), "suman.kompelly@diffagency.com")

2019-05-21 18:01:48 - [MESSAGE][NOT_RUN] - NOT_RUN: setText(findTestObject("OCS-MOBILE/Customer info page/input_Email"), "suman.kompelly@diffagency.com")

2019-05-21 18:01:48 - [TEST_STEP][NOT_RUN] - setText(findTestObject("OCS-MOBILE/Customer info page/input_First name"), "suman"): NOT_RUN: setText(findTestObject("OCS-MOBILE/Customer info page/input_First name"), "suman")

2019-05-21 18:01:48 - [MESSAGE][NOT_RUN] - NOT_RUN: setText(findTestObject("OCS-MOBILE/Customer info page/input_First name"), "suman")

2019-05-21 18:01:48 - [TEST_STEP][NOT_RUN] - setText(findTestObject("OCS-MOBILE/Customer info page/input_Last name"), "kompelly"): NOT_RUN: setText(findTestObject("OCS-MOBILE/Customer info page/input_Last name"), "kompelly")

2019-05-21 18:01:48 - [MESSAGE][NOT_RUN] - NOT_RUN: setText(findTestObject("OCS-MOBILE/Customer info page/input_Last name"), "kompelly")

2019-05-21 18:01:48 - [TEST_STEP][NOT_RUN] - setText(findTestObject("OCS-MOBILE/Customer info page/input_Address"), "300 saint alxendre"): NOT_RUN: setText(findTestObject("OCS-MOBILE/Customer info page/input_Address"), "300 saint alxendre")

2019-05-21 18:01:48 - [MESSAGE][NOT_RUN] - NOT_RUN: setText(findTestObject("OCS-MOBILE/Customer info page/input_Address"), "300 saint alxendre")

2019-05-21 18:01:48 - [TEST_STEP][NOT_RUN] - setText(findTestObject("OCS-MOBILE/Customer info page/input_Apartment suite etc. (op"), "199"): NOT_RUN: setText(findTestObject("OCS-MOBILE/Customer info page/input_Apartment suite etc. (op"), "199")

2019-05-21 18:01:48 - [MESSAGE][NOT_RUN] - NOT_RUN: setText(findTestObject("OCS-MOBILE/Customer info page/input_Apartment suite etc. (op"), "199")

2019-05-21 18:01:48 - [TEST_STEP][NOT_RUN] - setText(findTestObject("OCS-MOBILE/Customer info page/input_City"), "montreal"): NOT_RUN: setText(findTestObject("OCS-MOBILE/Customer info page/input_City"), "montreal")

2019-05-21 18:01:48 - [MESSAGE][NOT_RUN] - NOT_RUN: setText(findTestObject("OCS-MOBILE/Customer info page/input_City"), "montreal")

2019-05-21 18:01:48 - [TEST_STEP][NOT_RUN] - setText(findTestObject("OCS-MOBILE/Customer info page/input_Postal code"), "n0R1K0"): NOT_RUN: setText(findTestObject("OCS-MOBILE/Customer info page/input_Postal code"), "n0R1K0")

2019-05-21 18:01:48 - [MESSAGE][NOT_RUN] - NOT_RUN: setText(findTestObject("OCS-MOBILE/Customer info page/input_Postal code"), "n0R1K0")

2019-05-21 18:01:48 - [TEST_STEP][NOT_RUN] - setText(findTestObject("OCS-MOBILE/Customer info page/input_Phone"), "(514) 449-3882"): NOT_RUN: setText(findTestObject("OCS-MOBILE/Customer info page/input_Phone"), "(514) 449-3882")

2019-05-21 18:01:48 - [MESSAGE][NOT_RUN] - NOT_RUN: setText(findTestObject("OCS-MOBILE/Customer info page/input_Phone"), "(514) 449-3882")

2019-05-21 18:01:48 - [TEST_STEP][NOT_RUN] - delay(1): NOT_RUN: delay(1)

2019-05-21 18:01:48 - [MESSAGE][NOT_RUN] - NOT_RUN: delay(1)

2019-05-21 18:01:48 - [TEST_STEP][PASSED] - setViewPortSize(1000, 1000): Viewport is set to new size with width = 1000 and height = 1000

2019-05-21 18:01:48 - [MESSAGE][PASSED] - Viewport is set to new size with width = 1000 and height = 1000

2019-05-21 18:01:48 - [TEST_STEP][PASSED] - delay(1): Delayed 1 second(s)

2019-05-21 18:01:49 - [MESSAGE][PASSED] - Delayed 1 second(s)

2019-05-21 18:01:49 - [TEST_STEP][PASSED] - click(findTestObject("Theme_oR/Page_Ontario Cannabis Store  Ontari/button_Hide bar"), CONTINUE_ON_FAILURE): Object: 'Object Repository/Theme_oR/Page_Ontario Cannabis Store  Ontari/button_Hide bar' is clicked on

2019-05-21 18:01:49 - [MESSAGE][PASSED] - Object: 'Object Repository/Theme_oR/Page_Ontario Cannabis Store  Ontari/button_Hide bar' is clicked on

2019-05-21 18:01:49 - [TEST_STEP][PASSED] - setViewPortSize(360, 1000): Viewport is set to new size with width = 360 and height = 1000

2019-05-21 18:01:49 - [MESSAGE][PASSED] - Viewport is set to new size with width = 360 and height = 1000

2019-05-21 18:01:49 - [TEST_STEP][PASSED] - click(findTestObject("OCS-MOBILE /Customer info page/Continue to shipping method - Button")): Object: 'Object Repository/OCS-MOBILE /Customer info page/Continue to shipping method - Button' is clicked on

2019-05-21 18:01:52 - [MESSAGE][PASSED] - Object: 'Object Repository/OCS-MOBILE /Customer info page/Continue to shipping method - Button' is clicked on

2019-05-21 18:01:52 - [TEST_STEP][PASSED] - delay(1): Delayed 1 second(s)

2019-05-21 18:01:53 - [MESSAGE][PASSED] - Delayed 1 second(s)

2019-05-21 18:01:53 - [TEST_STEP][NOT_RUN] - click(findTestObject("OCS-MOBILE/Customer info page/Chevron_OrderSummary")): NOT_RUN: click(findTestObject("OCS-MOBILE/Customer info page/Chevron_OrderSummary"))

2019-05-21 18:01:53 - [MESSAGE][NOT_RUN] - NOT_RUN: click(findTestObject("OCS-MOBILE/Customer info page/Chevron_OrderSummary"))

2019-05-21 18:01:53 - [TEST_STEP][NOT_RUN] - delay(1): NOT_RUN: delay(1)

2019-05-21 18:01:53 - [MESSAGE][NOT_RUN] - NOT_RUN: delay(1)

2019-05-21 18:01:53 - [TEST_STEP][NOT_RUN] - click(findTestObject("OCS-MOBILE/Payment -page/Change link span 1")): NOT_RUN: click(findTestObject("OCS-MOBILE/Payment -page/Change link span 1"))

2019-05-21 18:01:53 - [MESSAGE][NOT_RUN] - NOT_RUN: click(findTestObject("OCS-MOBILE/Payment -page/Change link span 1"))

2019-05-21 18:01:53 - [TEST_STEP][NOT_RUN] - delay(1): NOT_RUN: delay(1)

2019-05-21 18:01:53 - [MESSAGE][NOT_RUN] - NOT_RUN: delay(1)

2019-05-21 18:01:53 - [TEST_STEP][NOT_RUN] - delay(1): NOT_RUN: delay(1)

2019-05-21 18:01:53 - [MESSAGE][NOT_RUN] - NOT_RUN: delay(1)

2019-05-21 18:01:53 - [TEST_STEP][NOT_RUN] - setViewPortSize(1000, 1000, CONTINUE_ON_FAILURE): NOT_RUN: setViewPortSize(1000, 1000, CONTINUE_ON_FAILURE)

2019-05-21 18:01:53 - [MESSAGE][NOT_RUN] - NOT_RUN: setViewPortSize(1000, 1000, CONTINUE_ON_FAILURE)

2019-05-21 18:01:53 - [TEST_STEP][NOT_RUN] - delay(1): NOT_RUN: delay(1)

2019-05-21 18:01:53 - [MESSAGE][NOT_RUN] - NOT_RUN: delay(1)

2019-05-21 18:01:53 - [TEST_STEP][NOT_RUN] - click(findTestObject("Theme_oR/Page_Ontario Cannabis Store  Ontari/button_Hide bar"), CONTINUE_ON_FAILURE): NOT_RUN: click(findTestObject("Theme_oR/Page_Ontario Cannabis Store  Ontari/button_Hide bar"), CONTINUE_ON_FAILURE)

2019-05-21 18:01:53 - [MESSAGE][NOT_RUN] - NOT_RUN: click(findTestObject("Theme_oR/Page_Ontario Cannabis Store  Ontari/button_Hide bar"), CONTINUE_ON_FAILURE)

2019-05-21 18:01:53 - [TEST_STEP][NOT_RUN] - setViewPortSize(360, 1000, CONTINUE_ON_FAILURE): NOT_RUN: setViewPortSize(360, 1000, CONTINUE_ON_FAILURE)

2019-05-21 18:01:53 - [MESSAGE][NOT_RUN] - NOT_RUN: setViewPortSize(360, 1000, CONTINUE_ON_FAILURE)

2019-05-21 18:01:53 - [TEST_STEP][NOT_RUN] - click(findTestObject("OCS-MOBILE/Customer info page/Continue to shipping method - Button")): NOT_RUN: click(findTestObject("OCS-MOBILE/Customer info page/Continue to shipping method - Button"))

2019-05-21 18:01:53 - [MESSAGE][NOT_RUN] - NOT_RUN: click(findTestObject("OCS-MOBILE/Customer info page/Continue to shipping method - Button"))

2019-05-21 18:01:53 - [TEST_STEP][NOT_RUN] - delay(1): NOT_RUN: delay(1)

2019-05-21 18:01:53 - [MESSAGE][NOT_RUN] - NOT_RUN: delay(1)

2019-05-21 18:01:53 - [TEST_STEP][NOT_RUN] - click(findTestObject("OCS-MOBILE/Payment -page/Change link 2")): NOT_RUN: click(findTestObject("OCS-MOBILE/Payment -page/Change link 2"))

2019-05-21 18:01:53 - [MESSAGE][NOT_RUN] - NOT_RUN: click(findTestObject("OCS-MOBILE/Payment -page/Change link 2"))

2019-05-21 18:01:53 - [TEST_STEP][NOT_RUN] - delay(1): NOT_RUN: delay(1)

2019-05-21 18:01:53 - [MESSAGE][NOT_RUN] - NOT_RUN: delay(1)

2019-05-21 18:01:53 - [TEST_STEP][NOT_RUN] - delay(1): NOT_RUN: delay(1)

2019-05-21 18:01:53 - [MESSAGE][NOT_RUN] - NOT_RUN: delay(1)

2019-05-21 18:01:53 - [TEST_STEP][NOT_RUN] - setViewPortSize(1000, 1000, CONTINUE_ON_FAILURE): NOT_RUN: setViewPortSize(1000, 1000, CONTINUE_ON_FAILURE)

2019-05-21 18:01:53 - [MESSAGE][NOT_RUN] - NOT_RUN: setViewPortSize(1000, 1000, CONTINUE_ON_FAILURE)

2019-05-21 18:01:53 - [TEST_STEP][NOT_RUN] - delay(1): NOT_RUN: delay(1)

2019-05-21 18:01:53 - [MESSAGE][NOT_RUN] - NOT_RUN: delay(1)

2019-05-21 18:01:53 - [TEST_STEP][NOT_RUN] - click(findTestObject("Theme_oR/Page_Ontario Cannabis Store  Ontari/button_Hide bar"), CONTINUE_ON_FAILURE): NOT_RUN: click(findTestObject("Theme_oR/Page_Ontario Cannabis Store  Ontari/button_Hide bar"), CONTINUE_ON_FAILURE)

2019-05-21 18:01:53 - [MESSAGE][NOT_RUN] - NOT_RUN: click(findTestObject("Theme_oR/Page_Ontario Cannabis Store  Ontari/button_Hide bar"), CONTINUE_ON_FAILURE)

2019-05-21 18:01:53 - [TEST_STEP][NOT_RUN] - setViewPortSize(360, 1000, CONTINUE_ON_FAILURE): NOT_RUN: setViewPortSize(360, 1000, CONTINUE_ON_FAILURE)

2019-05-21 18:01:53 - [MESSAGE][NOT_RUN] - NOT_RUN: setViewPortSize(360, 1000, CONTINUE_ON_FAILURE)

2019-05-21 18:01:53 - [TEST_STEP][NOT_RUN] - click(findTestObject("OCS-MOBILE/Customer info page/Continue to shipping method - Button"), CONTINUE_ON_FAILURE): NOT_RUN: click(findTestObject("OCS-MOBILE/Customer info page/Continue to shipping method - Button"), CONTINUE_ON_FAILURE)

2019-05-21 18:01:53 - [MESSAGE][NOT_RUN] - NOT_RUN: click(findTestObject("OCS-MOBILE/Customer info page/Continue to shipping method - Button"), CONTINUE_ON_FAILURE)

2019-05-21 18:01:53 - [TEST_STEP][NOT_RUN] - delay(1): NOT_RUN: delay(1)

2019-05-21 18:01:53 - [MESSAGE][NOT_RUN] - NOT_RUN: delay(1)

2019-05-21 18:01:53 - [TEST_STEP][NOT_RUN] - click(findTestObject("OCS-MOBILE/Payment -page/Return to customer info")): NOT_RUN: click(findTestObject("OCS-MOBILE/Payment -page/Return to customer info"))

2019-05-21 18:01:53 - [MESSAGE][NOT_RUN] - NOT_RUN: click(findTestObject("OCS-MOBILE/Payment -page/Return to customer info"))

2019-05-21 18:01:53 - [TEST_STEP][NOT_RUN] - delay(1): NOT_RUN: delay(1)

2019-05-21 18:01:53 - [MESSAGE][NOT_RUN] - NOT_RUN: delay(1)

2019-05-21 18:01:53 - [TEST_STEP][NOT_RUN] - delay(1): NOT_RUN: delay(1)

2019-05-21 18:01:53 - [MESSAGE][NOT_RUN] - NOT_RUN: delay(1)

2019-05-21 18:01:53 - [TEST_STEP][NOT_RUN] - setViewPortSize(1000, 1000, CONTINUE_ON_FAILURE): NOT_RUN: setViewPortSize(1000, 1000, CONTINUE_ON_FAILURE)

2019-05-21 18:01:53 - [MESSAGE][NOT_RUN] - NOT_RUN: setViewPortSize(1000, 1000, CONTINUE_ON_FAILURE)

2019-05-21 18:01:53 - [TEST_STEP][NOT_RUN] - delay(1, CONTINUE_ON_FAILURE): NOT_RUN: delay(1, CONTINUE_ON_FAILURE)

2019-05-21 18:01:53 - [MESSAGE][NOT_RUN] - NOT_RUN: delay(1, CONTINUE_ON_FAILURE)

2019-05-21 18:01:53 - [TEST_STEP][NOT_RUN] - click(findTestObject("Theme_oR/Page_Ontario Cannabis Store  Ontari/button_Hide bar"), CONTINUE_ON_FAILURE): NOT_RUN: click(findTestObject("Theme_oR/Page_Ontario Cannabis Store  Ontari/button_Hide bar"), CONTINUE_ON_FAILURE)

2019-05-21 18:01:53 - [MESSAGE][NOT_RUN] - NOT_RUN: click(findTestObject("Theme_oR/Page_Ontario Cannabis Store  Ontari/button_Hide bar"), CONTINUE_ON_FAILURE)

2019-05-21 18:01:53 - [TEST_STEP][NOT_RUN] - setViewPortSize(360, 1000, CONTINUE_ON_FAILURE): NOT_RUN: setViewPortSize(360, 1000, CONTINUE_ON_FAILURE)

2019-05-21 18:01:53 - [MESSAGE][NOT_RUN] - NOT_RUN: setViewPortSize(360, 1000, CONTINUE_ON_FAILURE)

2019-05-21 18:01:53 - [TEST_STEP][NOT_RUN] - click(findTestObject("OCS-MOBILE/Customer info page/Continue to shipping method - Button")): NOT_RUN: click(findTestObject("OCS-MOBILE/Customer info page/Continue to shipping method - Button"))

2019-05-21 18:01:53 - [MESSAGE][NOT_RUN] - NOT_RUN: click(findTestObject("OCS-MOBILE/Customer info page/Continue to shipping method - Button"))

2019-05-21 18:01:53 - [TEST_STEP][PASSED] - delay(1): Delayed 1 second(s)

2019-05-21 18:01:54 - [MESSAGE][PASSED] - Delayed 1 second(s)

2019-05-21 18:01:54 - [TEST_STEP][PASSED] - click(findTestObject("OCS-MOBILE /Shipping page/Continue to payment method - Button")): Object: 'Object Repository/OCS-MOBILE /Shipping page/Continue to payment method - Button' is clicked on

2019-05-21 18:01:56 - [MESSAGE][PASSED] - Object: 'Object Repository/OCS-MOBILE /Shipping page/Continue to payment method - Button' is clicked on

2019-05-21 18:01:56 - [TEST_STEP][PASSED] - delay(1): Delayed 1 second(s)

2019-05-21 18:01:57 - [MESSAGE][PASSED] - Delayed 1 second(s)

2019-05-21 18:01:57 - [TEST_STEP][PASSED] - click(findTestObject("OCS-MOBILE /Payment -page/Change link span 1")): Object: 'Object Repository/OCS-MOBILE /Payment -page/Change link span 1' is clicked on

2019-05-21 18:01:58 - [MESSAGE][PASSED] - Object: 'Object Repository/OCS-MOBILE /Payment -page/Change link span 1' is clicked on

2019-05-21 18:01:58 - [TEST_STEP][PASSED] - delay(1): Delayed 1 second(s)

2019-05-21 18:01:59 - [MESSAGE][PASSED] - Delayed 1 second(s)

2019-05-21 18:01:59 - [TEST_STEP][PASSED] - delay(1): Delayed 1 second(s)

2019-05-21 18:02:00 - [MESSAGE][PASSED] - Delayed 1 second(s)

2019-05-21 18:02:00 - [TEST_STEP][PASSED] - setViewPortSize(1000, 1000, CONTINUE_ON_FAILURE): Viewport is set to new size with width = 1000 and height = 1000

2019-05-21 18:02:00 - [MESSAGE][PASSED] - Viewport is set to new size with width = 1000 and height = 1000

2019-05-21 18:02:00 - [TEST_STEP][PASSED] - delay(1): Delayed 1 second(s)

2019-05-21 18:02:01 - [MESSAGE][PASSED] - Delayed 1 second(s)

2019-05-21 18:02:01 - [TEST_STEP][PASSED] - click(findTestObject("Theme_oR/Page_Ontario Cannabis Store  Ontari/button_Hide bar"), CONTINUE_ON_FAILURE): Object: 'Object Repository/Theme_oR/Page_Ontario Cannabis Store  Ontari/button_Hide bar' is clicked on

2019-05-21 18:02:02 - [MESSAGE][PASSED] - Object: 'Object Repository/Theme_oR/Page_Ontario Cannabis Store  Ontari/button_Hide bar' is clicked on

2019-05-21 18:02:02 - [TEST_STEP][PASSED] - setViewPortSize(360, 1000, CONTINUE_ON_FAILURE): Viewport is set to new size with width = 360 and height = 1000

2019-05-21 18:02:02 - [MESSAGE][PASSED] - Viewport is set to new size with width = 360 and height = 1000

2019-05-21 18:02:02 - [TEST_STEP][PASSED] - click(findTestObject("OCS-MOBILE /Shipping page/Continue to payment method - Button")): Object: 'Object Repository/OCS-MOBILE /Shipping page/Continue to payment method - Button' is clicked on

2019-05-21 18:02:05 - [MESSAGE][PASSED] - Object: 'Object Repository/OCS-MOBILE /Shipping page/Continue to payment method - Button' is clicked on

2019-05-21 18:02:05 - [TEST_STEP][NOT_RUN] - delay(1): NOT_RUN: delay(1)

2019-05-21 18:02:05 - [MESSAGE][NOT_RUN] - NOT_RUN: delay(1)

2019-05-21 18:02:05 - [TEST_STEP][PASSED] - setViewPortSize(1000, 1000, CONTINUE_ON_FAILURE): Viewport is set to new size with width = 1000 and height = 1000

2019-05-21 18:02:05 - [MESSAGE][PASSED] - Viewport is set to new size with width = 1000 and height = 1000

2019-05-21 18:02:05 - [TEST_STEP][PASSED] - delay(1): Delayed 1 second(s)

2019-05-21 18:02:06 - [MESSAGE][PASSED] - Delayed 1 second(s)

2019-05-21 18:02:06 - [TEST_STEP][PASSED] - click(findTestObject("Theme_oR/Page_Ontario Cannabis Store  Ontari/button_Hide bar"), CONTINUE_ON_FAILURE): Object: 'Object Repository/Theme_oR/Page_Ontario Cannabis Store  Ontari/button_Hide bar' is clicked on

2019-05-21 18:02:06 - [MESSAGE][PASSED] - Object: 'Object Repository/Theme_oR/Page_Ontario Cannabis Store  Ontari/button_Hide bar' is clicked on

2019-05-21 18:02:06 - [TEST_STEP][PASSED] - setViewPortSize(360, 1000, CONTINUE_ON_FAILURE): Viewport is set to new size with width = 360 and height = 1000

2019-05-21 18:02:06 - [MESSAGE][PASSED] - Viewport is set to new size with width = 360 and height = 1000

2019-05-21 18:02:06 - [TEST_STEP][PASSED] - click(findTestObject("OCS-MOBILE /Shipping page/Continue to payment method - Button")): Object: 'Object Repository/OCS-MOBILE /Shipping page/Continue to payment method - Button' is clicked on

2019-05-21 18:02:09 - [MESSAGE][PASSED] - Object: 'Object Repository/OCS-MOBILE /Shipping page/Continue to payment method - Button' is clicked on

2019-05-21 18:02:09 - [TEST_STEP][PASSED] - click(findTestObject("OCS-MOBILE /Payment -page/Change link span 2")): Object: 'Object Repository/OCS-MOBILE /Payment -page/Change link span 2' is clicked on

2019-05-21 18:02:10 - [MESSAGE][PASSED] - Object: 'Object Repository/OCS-MOBILE /Payment -page/Change link span 2' is clicked on

2019-05-21 18:02:10 - [TEST_STEP][PASSED] - delay(1): Delayed 1 second(s)

2019-05-21 18:02:11 - [MESSAGE][PASSED] - Delayed 1 second(s)

2019-05-21 18:02:11 - [TEST_STEP][PASSED] - delay(1): Delayed 1 second(s)

2019-05-21 18:02:12 - [MESSAGE][PASSED] - Delayed 1 second(s)

2019-05-21 18:02:12 - [TEST_STEP][PASSED] - setViewPortSize(1000, 1000, CONTINUE_ON_FAILURE): Viewport is set to new size with width = 1000 and height = 1000

2019-05-21 18:02:12 - [MESSAGE][PASSED] - Viewport is set to new size with width = 1000 and height = 1000

2019-05-21 18:02:12 - [TEST_STEP][PASSED] - delay(1): Delayed 1 second(s)

2019-05-21 18:02:13 - [MESSAGE][PASSED] - Delayed 1 second(s)

2019-05-21 18:02:13 - [TEST_STEP][PASSED] - click(findTestObject("Theme_oR/Page_Ontario Cannabis Store  Ontari/button_Hide bar"), CONTINUE_ON_FAILURE): Object: 'Object Repository/Theme_oR/Page_Ontario Cannabis Store  Ontari/button_Hide bar' is clicked on

2019-05-21 18:02:14 - [MESSAGE][PASSED] - Object: 'Object Repository/Theme_oR/Page_Ontario Cannabis Store  Ontari/button_Hide bar' is clicked on

2019-05-21 18:02:14 - [TEST_STEP][PASSED] - setViewPortSize(360, 1000, CONTINUE_ON_FAILURE): Viewport is set to new size with width = 360 and height = 1000

2019-05-21 18:02:14 - [MESSAGE][PASSED] - Viewport is set to new size with width = 360 and height = 1000

2019-05-21 18:02:14 - [TEST_STEP][PASSED] - delay(1): Delayed 1 second(s)

2019-05-21 18:02:15 - [MESSAGE][PASSED] - Delayed 1 second(s)

2019-05-21 18:02:15 - [TEST_STEP][PASSED] - click(findTestObject("OCS-MOBILE /Shipping page/Continue to payment method - Button")): Object: 'Object Repository/OCS-MOBILE /Shipping page/Continue to payment method - Button' is clicked on

2019-05-21 18:02:17 - [MESSAGE][PASSED] - Object: 'Object Repository/OCS-MOBILE /Shipping page/Continue to payment method - Button' is clicked on]]></system-out>
         <system-err><![CDATA[]]></system-err>
      </testcase>
      <system-out><![CDATA[2019-05-21 17:50:10 - [TEST_SUITE][FAILED] - CRITICAL PATH - 21- 05-19: Test Cases/OCS - MOBILE/OCS- CRITICAL PATH/Checkout - Shipping FAILED.
Reason:
com.kms.katalon.core.exception.StepFailedException: Unable to select option by value  using regular expression (Root cause: java.lang.IllegalArgumentException: Object is null)
	at com.kms.katalon.core.keyword.internal.KeywordMain.stepFailed(KeywordMain.groovy:36)
	at com.kms.katalon.core.webui.keyword.internal.WebUIKeywordMain.stepFailed(WebUIKeywordMain.groovy:65)
	at com.kms.katalon.core.webui.keyword.internal.WebUIKeywordMain.runKeyword(WebUIKeywordMain.groovy:27)
	at com.kms.katalon.core.webui.keyword.builtin.SelectOptionByValueKeyword.selectOptionByValue(SelectOptionByValueKeyword.groovy:99)
	at com.kms.katalon.core.webui.keyword.builtin.SelectOptionByValueKeyword.execute(SelectOptionByValueKeyword.groovy:71)
	at com.kms.katalon.core.keyword.internal.KeywordExecutor.executeKeywordForPlatform(KeywordExecutor.groovy:53)
	at com.kms.katalon.core.webui.keyword.WebUiBuiltInKeywords.selectOptionByValue(WebUiBuiltInKeywords.groovy:1138)
	at com.kms.katalon.core.webui.keyword.WebUiBuiltInKeywords$selectOptionByValue$2.call(Unknown Source)
	at Checkout - Shipping.run(Checkout - Shipping:28)
	at com.kms.katalon.core.main.ScriptEngine.run(ScriptEngine.java:194)
	at com.kms.katalon.core.main.ScriptEngine.runScriptAsRawText(ScriptEngine.java:119)
	at com.kms.katalon.core.main.TestCaseExecutor.runScript(TestCaseExecutor.java:328)
	at com.kms.katalon.core.main.TestCaseExecutor.doExecute(TestCaseExecutor.java:319)
	at com.kms.katalon.core.main.TestCaseExecutor.processExecutionPhase(TestCaseExecutor.java:298)
	at com.kms.katalon.core.main.TestCaseExecutor.accessMainPhase(TestCaseExecutor.java:290)
	at com.kms.katalon.core.main.TestCaseExecutor.execute(TestCaseExecutor.java:224)
	at com.kms.katalon.core.main.TestSuiteExecutor.accessTestCaseMainPhase(TestSuiteExecutor.java:129)
	at com.kms.katalon.core.main.TestSuiteExecutor.accessTestSuiteMainPhase(TestSuiteExecutor.java:112)
	at com.kms.katalon.core.main.TestSuiteExecutor.execute(TestSuiteExecutor.java:81)
	at com.kms.katalon.core.main.TestCaseMain.startTestSuite(TestCaseMain.java:149)
	at com.kms.katalon.core.main.TestCaseMain$startTestSuite$0.call(Unknown Source)
	at TempTestSuite1558475408987.run(TempTestSuite1558475408987.groovy:36)]]></system-out>
      <system-err><![CDATA[2019-05-21 17:50:10 - [TEST_SUITE][FAILED] - CRITICAL PATH - 21- 05-19: Test Cases/OCS - MOBILE/OCS- CRITICAL PATH/Checkout - Shipping FAILED.
Reason:
com.kms.katalon.core.exception.StepFailedException: Unable to select option by value  using regular expression (Root cause: java.lang.IllegalArgumentException: Object is null)
	at com.kms.katalon.core.keyword.internal.KeywordMain.stepFailed(KeywordMain.groovy:36)
	at com.kms.katalon.core.webui.keyword.internal.WebUIKeywordMain.stepFailed(WebUIKeywordMain.groovy:65)
	at com.kms.katalon.core.webui.keyword.internal.WebUIKeywordMain.runKeyword(WebUIKeywordMain.groovy:27)
	at com.kms.katalon.core.webui.keyword.builtin.SelectOptionByValueKeyword.selectOptionByValue(SelectOptionByValueKeyword.groovy:99)
	at com.kms.katalon.core.webui.keyword.builtin.SelectOptionByValueKeyword.execute(SelectOptionByValueKeyword.groovy:71)
	at com.kms.katalon.core.keyword.internal.KeywordExecutor.executeKeywordForPlatform(KeywordExecutor.groovy:53)
	at com.kms.katalon.core.webui.keyword.WebUiBuiltInKeywords.selectOptionByValue(WebUiBuiltInKeywords.groovy:1138)
	at com.kms.katalon.core.webui.keyword.WebUiBuiltInKeywords$selectOptionByValue$2.call(Unknown Source)
	at Checkout - Shipping.run(Checkout - Shipping:28)
	at com.kms.katalon.core.main.ScriptEngine.run(ScriptEngine.java:194)
	at com.kms.katalon.core.main.ScriptEngine.runScriptAsRawText(ScriptEngine.java:119)
	at com.kms.katalon.core.main.TestCaseExecutor.runScript(TestCaseExecutor.java:328)
	at com.kms.katalon.core.main.TestCaseExecutor.doExecute(TestCaseExecutor.java:319)
	at com.kms.katalon.core.main.TestCaseExecutor.processExecutionPhase(TestCaseExecutor.java:298)
	at com.kms.katalon.core.main.TestCaseExecutor.accessMainPhase(TestCaseExecutor.java:290)
	at com.kms.katalon.core.main.TestCaseExecutor.execute(TestCaseExecutor.java:224)
	at com.kms.katalon.core.main.TestSuiteExecutor.accessTestCaseMainPhase(TestSuiteExecutor.java:129)
	at com.kms.katalon.core.main.TestSuiteExecutor.accessTestSuiteMainPhase(TestSuiteExecutor.java:112)
	at com.kms.katalon.core.main.TestSuiteExecutor.execute(TestSuiteExecutor.java:81)
	at com.kms.katalon.core.main.TestCaseMain.startTestSuite(TestCaseMain.java:149)
	at com.kms.katalon.core.main.TestCaseMain$startTestSuite$0.call(Unknown Source)
	at TempTestSuite1558475408987.run(TempTestSuite1558475408987.groovy:36)]]></system-err>
   </testsuite>
</testsuites>
