<?xml version="1.0" encoding="UTF-8"?>
<testsuites name="CRITICAL PATH" time="965" tests="7" failures="5" errors="0">
   <testsuite name="CRITICAL PATH" tests="7" failures="5" errors="0" time="965" timestamp="2019-05-06 15:20:17" hostname="sumankompelly - 10.0.126.233" id="Test Suites/OCS-1.7.0/CRITICAL PATH">
      <properties>
         <property name="deviceName" value=""/>
         <property name="devicePlatform" value=""/>
         <property name="logFolder" value="/Users/sumankompelly/git/Sample-OCS/Reports/OCS-1.7.0/CRITICAL PATH/20190506_152014"/>
         <property name="logFiles" value="/Users/sumankompelly/git/Sample-OCS/Reports/OCS-1.7.0/CRITICAL PATH/20190506_152014/execution0.log"/>
         <property name="attachments" value="/Users/sumankompelly/git/Sample-OCS/Reports/OCS-1.7.0/CRITICAL PATH/20190506_152014/1557170501183.png, /Users/sumankompelly/git/Sample-OCS/Reports/OCS-1.7.0/CRITICAL PATH/20190506_152014/1557170702696.png, /Users/sumankompelly/git/Sample-OCS/Reports/OCS-1.7.0/CRITICAL PATH/20190506_152014/1557170750671.png, /Users/sumankompelly/git/Sample-OCS/Reports/OCS-1.7.0/CRITICAL PATH/20190506_152014/1557170821972.png, /Users/sumankompelly/git/Sample-OCS/Reports/OCS-1.7.0/CRITICAL PATH/20190506_152014/1557171072055.png, /Users/sumankompelly/git/Sample-OCS/Reports/OCS-1.7.0/CRITICAL PATH/20190506_152014/1557171103121.png, /Users/sumankompelly/git/Sample-OCS/Reports/OCS-1.7.0/CRITICAL PATH/20190506_152014/1557171134057.png, /Users/sumankompelly/git/Sample-OCS/Reports/OCS-1.7.0/CRITICAL PATH/20190506_152014/1557171137488.png, /Users/sumankompelly/git/Sample-OCS/Reports/OCS-1.7.0/CRITICAL PATH/20190506_152014/1557171175241.png, /Users/sumankompelly/git/Sample-OCS/Reports/OCS-1.7.0/CRITICAL PATH/20190506_152014/1557171206458.png, /Users/sumankompelly/git/Sample-OCS/Reports/OCS-1.7.0/CRITICAL PATH/20190506_152014/1557171240676.png, /Users/sumankompelly/git/Sample-OCS/Reports/OCS-1.7.0/CRITICAL PATH/20190506_152014/1557171271821.png, /Users/sumankompelly/git/Sample-OCS/Reports/OCS-1.7.0/CRITICAL PATH/20190506_152014/1557171303028.png, /Users/sumankompelly/git/Sample-OCS/Reports/OCS-1.7.0/CRITICAL PATH/20190506_152014/1557171337250.png"/>
         <property name="hostName" value="sumankompelly - 10.0.126.233"/>
         <property name="os" value="Mac OS X 64bit"/>
         <property name="katalonVersion" value="5.10.1.1"/>
         <property name="browser" value="Firefox 66.0"/>
         <property name="hostAddress" value="10.0.126.233"/>
         <property name="sessionId" value="85ae2e08-223e-4f42-afbb-289866320726"/>
         <property name="seleniumVersion" value="3.7.1"/>
         <property name="proxyInformation" value="ProxyInformation{proxyOption=NO_PROXY, proxyServerType=HTTP, password=, proxyServerAddress=, proxyServerPort=0}"/>
         <property name="platform" value="Mac OS X"/>
      </properties>
      <testcase name="Test Cases/OCS- CRITICAL PATH/Cart flyout- increase qty" classname="Test Cases/OCS- CRITICAL PATH/Cart flyout- increase qty" status="PASSED">
         <system-out><![CDATA[2019-05-06 15:20:17 - [TEST_CASE][PASSED] - Test Cases/OCS- CRITICAL PATH/Cart flyout- increase qty: Test Cases/OCS- CRITICAL PATH/Cart flyout- increase qty

2019-05-06 15:20:17 - [TEST_STEP][PASSED] - openBrowser(""): Browser is opened with url: ''

2019-05-06 15:20:18 - [MESSAGE][INFO] - Starting 'Firefox' driver

2019-05-06 15:20:18 - [MESSAGE][INFO] - Action delay is set to 0 seconds

2019-05-06 15:20:22 - [MESSAGE][PASSED] - Browser is opened with url: ''

2019-05-06 15:20:22 - [TEST_STEP][PASSED] - navigateToUrl("https://ocs.ca/?fts=0&preview_theme_id=53372913484"): Navigate to 'https://ocs.ca/?fts=0&preview_theme_id=53372913484' successfully

2019-05-06 15:20:31 - [MESSAGE][PASSED] - Navigate to 'https://ocs.ca/?fts=0&preview_theme_id=53372913484' successfully

2019-05-06 15:20:31 - [TEST_STEP][PASSED] - click(findTestObject("Object Repository/Theme_oR/Page_Ontario Cannabis Store  Ontari/button_Close preview")): Object: 'Object Repository/Theme_oR/Page_Ontario Cannabis Store  Ontari/button_Close preview' is clicked on

2019-05-06 15:20:34 - [MESSAGE][PASSED] - Object: 'Object Repository/Theme_oR/Page_Ontario Cannabis Store  Ontari/button_Close preview' is clicked on

2019-05-06 15:20:34 - [TEST_STEP][PASSED] - maximizeWindow(): Current window maximized

2019-05-06 15:20:35 - [MESSAGE][PASSED] - Current window maximized

2019-05-06 15:20:35 - [TEST_STEP][PASSED] - selectOptionByValue(findTestObject("cart flyout_OR/Page_Ontario Cannabis Store  Ontari/select_Select01020304050607080"), "18", true): All options with value '18' are selected in object 'Object Repository/cart flyout_OR/Page_Ontario Cannabis Store  Ontari/select_Select01020304050607080'  using regular expression

2019-05-06 15:20:37 - [MESSAGE][PASSED] - All options with value '18' are selected in object 'Object Repository/cart flyout_OR/Page_Ontario Cannabis Store  Ontari/select_Select01020304050607080'  using regular expression

2019-05-06 15:20:37 - [TEST_STEP][PASSED] - selectOptionByValue(findTestObject("cart flyout_OR/Page_Ontario Cannabis Store  Ontari/select_SelectJanuary - 01Febru"), "9", true): All options with value '9' are selected in object 'Object Repository/cart flyout_OR/Page_Ontario Cannabis Store  Ontari/select_SelectJanuary - 01Febru'  using regular expression

2019-05-06 15:20:37 - [MESSAGE][PASSED] - All options with value '9' are selected in object 'Object Repository/cart flyout_OR/Page_Ontario Cannabis Store  Ontari/select_SelectJanuary - 01Febru'  using regular expression

2019-05-06 15:20:37 - [TEST_STEP][PASSED] - selectOptionByValue(findTestObject("cart flyout_OR/Page_Ontario Cannabis Store  Ontari/select_Select20182017201620152"), "1933", true): All options with value '1933' are selected in object 'Object Repository/cart flyout_OR/Page_Ontario Cannabis Store  Ontari/select_Select20182017201620152'  using regular expression

2019-05-06 15:20:40 - [MESSAGE][PASSED] - All options with value '1933' are selected in object 'Object Repository/cart flyout_OR/Page_Ontario Cannabis Store  Ontari/select_Select20182017201620152'  using regular expression

2019-05-06 15:20:40 - [TEST_STEP][PASSED] - click(findTestObject("cart flyout_OR/Page_Ontario Cannabis Store  Ontari/button_Verify")): Object: 'Object Repository/cart flyout_OR/Page_Ontario Cannabis Store  Ontari/button_Verify' is clicked on

2019-05-06 15:20:40 - [MESSAGE][PASSED] - Object: 'Object Repository/cart flyout_OR/Page_Ontario Cannabis Store  Ontari/button_Verify' is clicked on

2019-05-06 15:20:40 - [TEST_STEP][PASSED] - click(findTestObject("cart flyout_OR/Page_Ontario Cannabis Store  Ontari/span_CONFIRM AND ACKNOWLEDGE_c")): Object: 'Object Repository/cart flyout_OR/Page_Ontario Cannabis Store  Ontari/span_CONFIRM AND ACKNOWLEDGE_c' is clicked on

2019-05-06 15:20:40 - [MESSAGE][PASSED] - Object: 'Object Repository/cart flyout_OR/Page_Ontario Cannabis Store  Ontari/span_CONFIRM AND ACKNOWLEDGE_c' is clicked on

2019-05-06 15:20:41 - [TEST_STEP][PASSED] - click(findTestObject("cart flyout_OR/Page_Ontario Cannabis Store  Ontari/button_CONFIRM")): Object: 'Object Repository/cart flyout_OR/Page_Ontario Cannabis Store  Ontari/button_CONFIRM' is clicked on

2019-05-06 15:20:41 - [MESSAGE][PASSED] - Object: 'Object Repository/cart flyout_OR/Page_Ontario Cannabis Store  Ontari/button_CONFIRM' is clicked on

2019-05-06 15:20:41 - [TEST_STEP][PASSED] - click(findTestObject("cart flyout_OR/Page_Ontario Cannabis Store  Ontari/button_Start Browsing")): Object: 'Object Repository/cart flyout_OR/Page_Ontario Cannabis Store  Ontari/button_Start Browsing' is clicked on

2019-05-06 15:20:41 - [MESSAGE][PASSED] - Object: 'Object Repository/cart flyout_OR/Page_Ontario Cannabis Store  Ontari/button_Start Browsing' is clicked on

2019-05-06 15:20:41 - [TEST_STEP][PASSED] - mouseOver(findTestObject("OCS_CRITICAL PATH/Cartflyout-decrease qty _OR/Page_Ontario Cannabis Store  Ontari/h3_Cannabis")): Object: 'Object Repository/OCS_CRITICAL PATH/Cartflyout-decrease qty _OR/Page_Ontario Cannabis Store  Ontari/h3_Cannabis' is hovered

2019-05-06 15:20:41 - [MESSAGE][PASSED] - Object: 'Object Repository/OCS_CRITICAL PATH/Cartflyout-decrease qty _OR/Page_Ontario Cannabis Store  Ontari/h3_Cannabis' is hovered

2019-05-06 15:20:41 - [TEST_STEP][PASSED] - delay(2): Delayed 2 second(s)

2019-05-06 15:20:43 - [MESSAGE][PASSED] - Delayed 2 second(s)

2019-05-06 15:20:43 - [TEST_STEP][PASSED] - click(findTestObject("OCS_CRITICAL PATH/Cartflyout-decrease qty _OR/Page_Ontario Cannabis Store  Ontari/span_Indica Dominant")): Object: 'Object Repository/OCS_CRITICAL PATH/Cartflyout-decrease qty _OR/Page_Ontario Cannabis Store  Ontari/span_Indica Dominant' is clicked on

2019-05-06 15:20:45 - [MESSAGE][PASSED] - Object: 'Object Repository/OCS_CRITICAL PATH/Cartflyout-decrease qty _OR/Page_Ontario Cannabis Store  Ontari/span_Indica Dominant' is clicked on

2019-05-06 15:20:45 - [TEST_STEP][PASSED] - delay(3): Delayed 3 second(s)

2019-05-06 15:20:48 - [MESSAGE][PASSED] - Delayed 3 second(s)

2019-05-06 15:20:48 - [TEST_STEP][PASSED] - click(findTestObject("OCS_CRITICAL PATH/Cartflyout-decrease qty _OR/Page_Indica Dominant Dried Flower/h3_Shishkaberry")): Object: 'Object Repository/OCS_CRITICAL PATH/Cartflyout-decrease qty _OR/Page_Indica Dominant Dried Flower/h3_Shishkaberry' is clicked on

2019-05-06 15:20:50 - [MESSAGE][PASSED] - Object: 'Object Repository/OCS_CRITICAL PATH/Cartflyout-decrease qty _OR/Page_Indica Dominant Dried Flower/h3_Shishkaberry' is clicked on

2019-05-06 15:20:50 - [TEST_STEP][PASSED] - click(findTestObject("OCS_CRITICAL PATH/Cartflyout-decrease qty _OR/Page_Shishkaberry  Ontario Cannabis/div_3.5g")): Object: 'Object Repository/OCS_CRITICAL PATH/Cartflyout-decrease qty _OR/Page_Shishkaberry  Ontario Cannabis/div_3.5g' is clicked on

2019-05-06 15:20:51 - [MESSAGE][PASSED] - Object: 'Object Repository/OCS_CRITICAL PATH/Cartflyout-decrease qty _OR/Page_Shishkaberry  Ontario Cannabis/div_3.5g' is clicked on

2019-05-06 15:20:51 - [TEST_STEP][PASSED] - delay(2): Delayed 2 second(s)

2019-05-06 15:20:53 - [MESSAGE][PASSED] - Delayed 2 second(s)

2019-05-06 15:20:53 - [TEST_STEP][NOT_RUN] - click(findTestObject("Object Repository/cart flyout_OR/Page_Shishkaberry  Ontario Cannabis/button_")): NOT_RUN: click(findTestObject("Object Repository/cart flyout_OR/Page_Shishkaberry  Ontario Cannabis/button_"))

2019-05-06 15:20:53 - [MESSAGE][NOT_RUN] - NOT_RUN: click(findTestObject("Object Repository/cart flyout_OR/Page_Shishkaberry  Ontario Cannabis/button_"))

2019-05-06 15:20:53 - [TEST_STEP][PASSED] - click(findTestObject("OCS_CRITICAL PATH/Cartflyout-decrease qty _OR/Page_Shishkaberry  Ontario Cannabis/span_Add to Bag")): Object: 'Object Repository/OCS_CRITICAL PATH/Cartflyout-decrease qty _OR/Page_Shishkaberry  Ontario Cannabis/span_Add to Bag' is clicked on

2019-05-06 15:20:53 - [MESSAGE][PASSED] - Object: 'Object Repository/OCS_CRITICAL PATH/Cartflyout-decrease qty _OR/Page_Shishkaberry  Ontario Cannabis/span_Add to Bag' is clicked on

2019-05-06 15:20:53 - [TEST_STEP][PASSED] - a = getText(findTestObject("cart flyout_OR/Page_Shishkaberry  Ontario Cannabis/div_129.60 (1)")): Text of object 'Object Repository/cart flyout_OR/Page_Shishkaberry  Ontario Cannabis/div_129.60 (1)' is: '$32.40'

2019-05-06 15:20:54 - [MESSAGE][PASSED] - Text of object 'Object Repository/cart flyout_OR/Page_Shishkaberry  Ontario Cannabis/div_129.60 (1)' is: '$32.40'

2019-05-06 15:20:54 - [TEST_STEP][PASSED] - comment(a): $32.40

2019-05-06 15:20:54 - [MESSAGE][INFO] - $32.40

2019-05-06 15:20:54 - [TEST_STEP][PASSED] - b = a.substring(1): null

2019-05-06 15:20:54 - [TEST_STEP][PASSED] - comment(b): 32.40

2019-05-06 15:20:54 - [MESSAGE][INFO] - 32.40

2019-05-06 15:20:54 - [TEST_STEP][PASSED] - setText(findTestObject("cart flyout_OR/Page_Shishkaberry  Ontario Cannabis/input_-_updates"), "3"): Text '3' is set on object 'Object Repository/cart flyout_OR/Page_Shishkaberry  Ontario Cannabis/input_-_updates'

2019-05-06 15:20:54 - [MESSAGE][PASSED] - Text '3' is set on object 'Object Repository/cart flyout_OR/Page_Shishkaberry  Ontario Cannabis/input_-_updates'

2019-05-06 15:20:54 - [TEST_STEP][PASSED] - delay(2): Delayed 2 second(s)

2019-05-06 15:20:56 - [MESSAGE][PASSED] - Delayed 2 second(s)

2019-05-06 15:20:56 - [TEST_STEP][PASSED] - click(findTestObject("Object Repository/cart flyout_OR/Page_Shishkaberry  Ontario Cannabis/i__icon--plus")): Object: 'Object Repository/cart flyout_OR/Page_Shishkaberry  Ontario Cannabis/i__icon--plus' is clicked on

2019-05-06 15:20:56 - [MESSAGE][PASSED] - Object: 'Object Repository/cart flyout_OR/Page_Shishkaberry  Ontario Cannabis/i__icon--plus' is clicked on

2019-05-06 15:20:56 - [TEST_STEP][PASSED] - delay(2): Delayed 2 second(s)

2019-05-06 15:20:58 - [MESSAGE][PASSED] - Delayed 2 second(s)

2019-05-06 15:20:58 - [TEST_STEP][PASSED] - click(findTestObject("Object Repository/cart flyout_OR/Page_Shishkaberry  Ontario Cannabis/i__icon--plus")): Object: 'Object Repository/cart flyout_OR/Page_Shishkaberry  Ontario Cannabis/i__icon--plus' is clicked on

2019-05-06 15:20:59 - [MESSAGE][PASSED] - Object: 'Object Repository/cart flyout_OR/Page_Shishkaberry  Ontario Cannabis/i__icon--plus' is clicked on

2019-05-06 15:20:59 - [TEST_STEP][PASSED] - delay(2): Delayed 2 second(s)

2019-05-06 15:21:01 - [MESSAGE][PASSED] - Delayed 2 second(s)

2019-05-06 15:21:01 - [TEST_STEP][PASSED] - click(findTestObject("Object Repository/cart flyout_OR/Page_Shishkaberry  Ontario Cannabis/i__icon--plus")): Object: 'Object Repository/cart flyout_OR/Page_Shishkaberry  Ontario Cannabis/i__icon--plus' is clicked on

2019-05-06 15:21:01 - [MESSAGE][PASSED] - Object: 'Object Repository/cart flyout_OR/Page_Shishkaberry  Ontario Cannabis/i__icon--plus' is clicked on

2019-05-06 15:21:01 - [TEST_STEP][PASSED] - delay(2): Delayed 2 second(s)

2019-05-06 15:21:03 - [MESSAGE][PASSED] - Delayed 2 second(s)

2019-05-06 15:21:03 - [TEST_STEP][PASSED] - c = getText(findTestObject("Object Repository/cart flyout_OR/Page_Shishkaberry  Ontario Cannabis/div_129.60 (1)")): Text of object 'Object Repository/cart flyout_OR/Page_Shishkaberry  Ontario Cannabis/div_129.60 (1)' is: '$129.60'

2019-05-06 15:21:03 - [MESSAGE][PASSED] - Text of object 'Object Repository/cart flyout_OR/Page_Shishkaberry  Ontario Cannabis/div_129.60 (1)' is: '$129.60'

2019-05-06 15:21:03 - [TEST_STEP][PASSED] - comment(c): $129.60

2019-05-06 15:21:03 - [MESSAGE][INFO] - $129.60

2019-05-06 15:21:03 - [TEST_STEP][PASSED] - d = c.substring(1): null

2019-05-06 15:21:03 - [TEST_STEP][PASSED] - comment(d): 129.60

2019-05-06 15:21:03 - [MESSAGE][INFO] - 129.60

2019-05-06 15:21:03 - [TEST_STEP][PASSED] - verifyNotEqual("c", "d"): Actual object 'c' and expected object 'd' are not equal

2019-05-06 15:21:03 - [MESSAGE][PASSED] - Actual object 'c' and expected object 'd' are not equal

2019-05-06 15:21:03 - [TEST_STEP][PASSED] - comment(" price changed . Quantity selector is working"):  price changed . Quantity selector is working

2019-05-06 15:21:03 - [MESSAGE][INFO] -  price changed . Quantity selector is working

2019-05-06 15:21:03 - [TEST_STEP][PASSED] - openBrowser(""): Browser is opened with url: ''

2019-05-06 15:21:03 - [MESSAGE][WARNING] - A browser is already opened. Closing browser and opening a new one

2019-05-06 15:21:04 - [MESSAGE][INFO] - Starting 'Firefox' driver

2019-05-06 15:21:06 - [MESSAGE][PASSED] - Browser is opened with url: '']]></system-out>
         <system-err><![CDATA[]]></system-err>
      </testcase>
      <testcase name="Test Cases/OCS- CRITICAL PATH/Cart flyout- decrease qty" classname="Test Cases/OCS- CRITICAL PATH/Cart flyout- decrease qty" status="FAILED">
         <failure type="FAILED" message="Test Cases/OCS- CRITICAL PATH/Cart flyout- decrease qty FAILED.
Reason:
com.kms.katalon.core.exception.StepFailedException: Unable to click on object 'Object Repository/OCS_CRITICAL PATH/Cartflyout-decrease qty _OR/Page_Ontario Cannabis Store  Ontari/span_CONFIRM AND ACKNOWLEDGE_c' (Root cause: org.openqa.selenium.ElementNotInteractableException: Element &lt;span class=&quot;checkbox&quot;> could not be scrolled into view
Build info: version: '3.7.1', revision: '8a0099a', time: '2017-11-06T21:07:36.161Z'
System info: host: 'sumans-MacBook-Pro.local', ip: 'fe80:0:0:0:cb0:6c11:f493:d0f6%en0', os.name: 'Mac OS X', os.arch: 'x86_64', os.version: '10.13.6', java.version: '1.8.0_181'
Driver info: com.kms.katalon.core.webui.driver.firefox.CGeckoDriver
Capabilities {acceptInsecureCerts: true, browserName: firefox, browserVersion: 66.0.3, javascriptEnabled: true, moz:accessibilityChecks: false, moz:geckodriverVersion: 0.23.0, moz:headless: false, moz:processID: 3917, moz:profile: /var/folders/1t/c55l8xzs6gq..., moz:shutdownTimeout: 60000, moz:useNonSpecCompliantPointerOrigin: false, moz:webdriverClick: true, pageLoadStrategy: normal, platform: MAC, platformName: MAC, platformVersion: 17.7.0, proxy: Proxy(direct), rotatable: false, setWindowRect: true, strictFileInteractability: false, timeouts: {implicit: 0, pageLoad: 300000, script: 30000}, unhandledPromptBehavior: dismiss and notify}
Session ID: db08ea86-5c9c-6c4c-a6dc-8204d37e6a59)
	at com.kms.katalon.core.keyword.internal.KeywordMain.stepFailed(KeywordMain.groovy:36)
	at com.kms.katalon.core.webui.keyword.internal.WebUIKeywordMain.stepFailed(WebUIKeywordMain.groovy:65)
	at com.kms.katalon.core.webui.keyword.internal.WebUIKeywordMain.runKeyword(WebUIKeywordMain.groovy:27)
	at com.kms.katalon.core.webui.keyword.builtin.ClickKeyword.click(ClickKeyword.groovy:86)
	at com.kms.katalon.core.webui.keyword.builtin.ClickKeyword.execute(ClickKeyword.groovy:67)
	at com.kms.katalon.core.keyword.internal.KeywordExecutor.executeKeywordForPlatform(KeywordExecutor.groovy:53)
	at com.kms.katalon.core.webui.keyword.WebUiBuiltInKeywords.click(WebUiBuiltInKeywords.groovy:616)
	at com.kms.katalon.core.webui.keyword.WebUiBuiltInKeywords$click$1.call(Unknown Source)
	at Cart flyout- decrease qty.run(Cart flyout- decrease qty:35)
	at com.kms.katalon.core.main.ScriptEngine.run(ScriptEngine.java:194)
	at com.kms.katalon.core.main.ScriptEngine.runScriptAsRawText(ScriptEngine.java:119)
	at com.kms.katalon.core.main.TestCaseExecutor.runScript(TestCaseExecutor.java:328)
	at com.kms.katalon.core.main.TestCaseExecutor.doExecute(TestCaseExecutor.java:319)
	at com.kms.katalon.core.main.TestCaseExecutor.processExecutionPhase(TestCaseExecutor.java:298)
	at com.kms.katalon.core.main.TestCaseExecutor.accessMainPhase(TestCaseExecutor.java:290)
	at com.kms.katalon.core.main.TestCaseExecutor.execute(TestCaseExecutor.java:224)
	at com.kms.katalon.core.main.TestSuiteExecutor.accessTestCaseMainPhase(TestSuiteExecutor.java:129)
	at com.kms.katalon.core.main.TestSuiteExecutor.accessTestSuiteMainPhase(TestSuiteExecutor.java:112)
	at com.kms.katalon.core.main.TestSuiteExecutor.execute(TestSuiteExecutor.java:81)
	at com.kms.katalon.core.main.TestCaseMain.startTestSuite(TestCaseMain.java:149)
	at com.kms.katalon.core.main.TestCaseMain$startTestSuite$0.call(Unknown Source)
	at TempTestSuite1557170415012.run(TempTestSuite1557170415012.groovy:36)
"/>
         <system-out><![CDATA[2019-05-06 15:21:06 - [TEST_CASE][FAILED] - Test Cases/OCS- CRITICAL PATH/Cart flyout- decrease qty: Test Cases/OCS- CRITICAL PATH/Cart flyout- decrease qty FAILED.
Reason:
com.kms.katalon.core.exception.StepFailedException: Unable to click on object 'Object Repository/OCS_CRITICAL PATH/Cartflyout-decrease qty _OR/Page_Ontario Cannabis Store  Ontari/span_CONFIRM AND ACKNOWLEDGE_c' (Root cause: org.openqa.selenium.ElementNotInteractableException: Element <span class="checkbox"> could not be scrolled into view
Build info: version: '3.7.1', revision: '8a0099a', time: '2017-11-06T21:07:36.161Z'
System info: host: 'sumans-MacBook-Pro.local', ip: 'fe80:0:0:0:cb0:6c11:f493:d0f6%en0', os.name: 'Mac OS X', os.arch: 'x86_64', os.version: '10.13.6', java.version: '1.8.0_181'
Driver info: com.kms.katalon.core.webui.driver.firefox.CGeckoDriver
Capabilities {acceptInsecureCerts: true, browserName: firefox, browserVersion: 66.0.3, javascriptEnabled: true, moz:accessibilityChecks: false, moz:geckodriverVersion: 0.23.0, moz:headless: false, moz:processID: 3917, moz:profile: /var/folders/1t/c55l8xzs6gq..., moz:shutdownTimeout: 60000, moz:useNonSpecCompliantPointerOrigin: false, moz:webdriverClick: true, pageLoadStrategy: normal, platform: MAC, platformName: MAC, platformVersion: 17.7.0, proxy: Proxy(direct), rotatable: false, setWindowRect: true, strictFileInteractability: false, timeouts: {implicit: 0, pageLoad: 300000, script: 30000}, unhandledPromptBehavior: dismiss and notify}
Session ID: db08ea86-5c9c-6c4c-a6dc-8204d37e6a59)
	at com.kms.katalon.core.keyword.internal.KeywordMain.stepFailed(KeywordMain.groovy:36)
	at com.kms.katalon.core.webui.keyword.internal.WebUIKeywordMain.stepFailed(WebUIKeywordMain.groovy:65)
	at com.kms.katalon.core.webui.keyword.internal.WebUIKeywordMain.runKeyword(WebUIKeywordMain.groovy:27)
	at com.kms.katalon.core.webui.keyword.builtin.ClickKeyword.click(ClickKeyword.groovy:86)
	at com.kms.katalon.core.webui.keyword.builtin.ClickKeyword.execute(ClickKeyword.groovy:67)
	at com.kms.katalon.core.keyword.internal.KeywordExecutor.executeKeywordForPlatform(KeywordExecutor.groovy:53)
	at com.kms.katalon.core.webui.keyword.WebUiBuiltInKeywords.click(WebUiBuiltInKeywords.groovy:616)
	at com.kms.katalon.core.webui.keyword.WebUiBuiltInKeywords$click$1.call(Unknown Source)
	at Cart flyout- decrease qty.run(Cart flyout- decrease qty:35)
	at com.kms.katalon.core.main.ScriptEngine.run(ScriptEngine.java:194)
	at com.kms.katalon.core.main.ScriptEngine.runScriptAsRawText(ScriptEngine.java:119)
	at com.kms.katalon.core.main.TestCaseExecutor.runScript(TestCaseExecutor.java:328)
	at com.kms.katalon.core.main.TestCaseExecutor.doExecute(TestCaseExecutor.java:319)
	at com.kms.katalon.core.main.TestCaseExecutor.processExecutionPhase(TestCaseExecutor.java:298)
	at com.kms.katalon.core.main.TestCaseExecutor.accessMainPhase(TestCaseExecutor.java:290)
	at com.kms.katalon.core.main.TestCaseExecutor.execute(TestCaseExecutor.java:224)
	at com.kms.katalon.core.main.TestSuiteExecutor.accessTestCaseMainPhase(TestSuiteExecutor.java:129)
	at com.kms.katalon.core.main.TestSuiteExecutor.accessTestSuiteMainPhase(TestSuiteExecutor.java:112)
	at com.kms.katalon.core.main.TestSuiteExecutor.execute(TestSuiteExecutor.java:81)
	at com.kms.katalon.core.main.TestCaseMain.startTestSuite(TestCaseMain.java:149)
	at com.kms.katalon.core.main.TestCaseMain$startTestSuite$0.call(Unknown Source)
	at TempTestSuite1557170415012.run(TempTestSuite1557170415012.groovy:36)


2019-05-06 15:21:06 - [TEST_STEP][PASSED] - openBrowser(""): Browser is opened with url: ''

2019-05-06 15:21:06 - [MESSAGE][WARNING] - A browser is already opened. Closing browser and opening a new one

2019-05-06 15:21:07 - [MESSAGE][INFO] - Starting 'Firefox' driver

2019-05-06 15:21:09 - [MESSAGE][PASSED] - Browser is opened with url: ''

2019-05-06 15:21:09 - [TEST_STEP][PASSED] - navigateToUrl("https://ocs.ca/?fts=0&preview_theme_id=53372913484"): Navigate to 'https://ocs.ca/?fts=0&preview_theme_id=53372913484' successfully

2019-05-06 15:21:35 - [MESSAGE][PASSED] - Navigate to 'https://ocs.ca/?fts=0&preview_theme_id=53372913484' successfully

2019-05-06 15:21:35 - [TEST_STEP][PASSED] - click(findTestObject("Object Repository/Theme_oR/Page_Ontario Cannabis Store  Ontari/button_Close preview")): Object: 'Object Repository/Theme_oR/Page_Ontario Cannabis Store  Ontari/button_Close preview' is clicked on

2019-05-06 15:21:36 - [MESSAGE][PASSED] - Object: 'Object Repository/Theme_oR/Page_Ontario Cannabis Store  Ontari/button_Close preview' is clicked on

2019-05-06 15:21:36 - [TEST_STEP][PASSED] - maximizeWindow(): Current window maximized

2019-05-06 15:21:37 - [MESSAGE][PASSED] - Current window maximized

2019-05-06 15:21:37 - [TEST_STEP][PASSED] - selectOptionByValue(findTestObject("OCS_CRITICAL PATH/Cartflyout-decrease qty _OR/Page_Ontario Cannabis Store  Ontari/select_Select01020304050607080"), "18", true): All options with value '18' are selected in object 'Object Repository/OCS_CRITICAL PATH/Cartflyout-decrease qty _OR/Page_Ontario Cannabis Store  Ontari/select_Select01020304050607080'  using regular expression

2019-05-06 15:21:38 - [MESSAGE][PASSED] - All options with value '18' are selected in object 'Object Repository/OCS_CRITICAL PATH/Cartflyout-decrease qty _OR/Page_Ontario Cannabis Store  Ontari/select_Select01020304050607080'  using regular expression

2019-05-06 15:21:38 - [TEST_STEP][PASSED] - selectOptionByValue(findTestObject("OCS_CRITICAL PATH/Cartflyout-decrease qty _OR/Page_Ontario Cannabis Store  Ontari/select_SelectJanuary - 01Febru"), "9", true): All options with value '9' are selected in object 'Object Repository/OCS_CRITICAL PATH/Cartflyout-decrease qty _OR/Page_Ontario Cannabis Store  Ontari/select_SelectJanuary - 01Febru'  using regular expression

2019-05-06 15:21:38 - [MESSAGE][PASSED] - All options with value '9' are selected in object 'Object Repository/OCS_CRITICAL PATH/Cartflyout-decrease qty _OR/Page_Ontario Cannabis Store  Ontari/select_SelectJanuary - 01Febru'  using regular expression

2019-05-06 15:21:38 - [TEST_STEP][PASSED] - selectOptionByValue(findTestObject("OCS_CRITICAL PATH/Cartflyout-decrease qty _OR/Page_Ontario Cannabis Store  Ontari/select_Select20182017201620152"), "1933", true): All options with value '1933' are selected in object 'Object Repository/OCS_CRITICAL PATH/Cartflyout-decrease qty _OR/Page_Ontario Cannabis Store  Ontari/select_Select20182017201620152'  using regular expression

2019-05-06 15:21:40 - [MESSAGE][PASSED] - All options with value '1933' are selected in object 'Object Repository/OCS_CRITICAL PATH/Cartflyout-decrease qty _OR/Page_Ontario Cannabis Store  Ontari/select_Select20182017201620152'  using regular expression

2019-05-06 15:21:40 - [TEST_STEP][PASSED] - click(findTestObject("OCS_CRITICAL PATH/Cartflyout-decrease qty _OR/Page_Ontario Cannabis Store  Ontari/button_Verify")): Object: 'Object Repository/OCS_CRITICAL PATH/Cartflyout-decrease qty _OR/Page_Ontario Cannabis Store  Ontari/button_Verify' is clicked on

2019-05-06 15:21:41 - [MESSAGE][PASSED] - Object: 'Object Repository/OCS_CRITICAL PATH/Cartflyout-decrease qty _OR/Page_Ontario Cannabis Store  Ontari/button_Verify' is clicked on

2019-05-06 15:21:41 - [TEST_STEP][FAILED] - click(findTestObject("OCS_CRITICAL PATH/Cartflyout-decrease qty _OR/Page_Ontario Cannabis Store  Ontari/span_CONFIRM AND ACKNOWLEDGE_c")): click(findTestObject("OCS_CRITICAL PATH/Cartflyout-decrease qty _OR/Page_Ontario Cannabis Store  Ontari/span_CONFIRM AND ACKNOWLEDGE_c")) FAILED.
Reason:
com.kms.katalon.core.exception.StepFailedException: Unable to click on object 'Object Repository/OCS_CRITICAL PATH/Cartflyout-decrease qty _OR/Page_Ontario Cannabis Store  Ontari/span_CONFIRM AND ACKNOWLEDGE_c' (Root cause: org.openqa.selenium.ElementNotInteractableException: Element <span class="checkbox"> could not be scrolled into view
Build info: version: '3.7.1', revision: '8a0099a', time: '2017-11-06T21:07:36.161Z'
System info: host: 'sumans-MacBook-Pro.local', ip: 'fe80:0:0:0:cb0:6c11:f493:d0f6%en0', os.name: 'Mac OS X', os.arch: 'x86_64', os.version: '10.13.6', java.version: '1.8.0_181'
Driver info: com.kms.katalon.core.webui.driver.firefox.CGeckoDriver
Capabilities {acceptInsecureCerts: true, browserName: firefox, browserVersion: 66.0.3, javascriptEnabled: true, moz:accessibilityChecks: false, moz:geckodriverVersion: 0.23.0, moz:headless: false, moz:processID: 3917, moz:profile: /var/folders/1t/c55l8xzs6gq..., moz:shutdownTimeout: 60000, moz:useNonSpecCompliantPointerOrigin: false, moz:webdriverClick: true, pageLoadStrategy: normal, platform: MAC, platformName: MAC, platformVersion: 17.7.0, proxy: Proxy(direct), rotatable: false, setWindowRect: true, strictFileInteractability: false, timeouts: {implicit: 0, pageLoad: 300000, script: 30000}, unhandledPromptBehavior: dismiss and notify}
Session ID: db08ea86-5c9c-6c4c-a6dc-8204d37e6a59)
	at com.kms.katalon.core.keyword.internal.KeywordMain.stepFailed(KeywordMain.groovy:36)
	at com.kms.katalon.core.webui.keyword.internal.WebUIKeywordMain.stepFailed(WebUIKeywordMain.groovy:65)
	at com.kms.katalon.core.webui.keyword.internal.WebUIKeywordMain.runKeyword(WebUIKeywordMain.groovy:27)
	at com.kms.katalon.core.webui.keyword.builtin.ClickKeyword.click(ClickKeyword.groovy:86)
	at com.kms.katalon.core.webui.keyword.builtin.ClickKeyword.execute(ClickKeyword.groovy:67)
	at com.kms.katalon.core.keyword.internal.KeywordExecutor.executeKeywordForPlatform(KeywordExecutor.groovy:53)
	at com.kms.katalon.core.webui.keyword.WebUiBuiltInKeywords.click(WebUiBuiltInKeywords.groovy:616)
	at com.kms.katalon.core.webui.keyword.WebUiBuiltInKeywords$click$1.call(Unknown Source)
	at Cart flyout- decrease qty.run(Cart flyout- decrease qty:35)
	at com.kms.katalon.core.main.ScriptEngine.run(ScriptEngine.java:194)
	at com.kms.katalon.core.main.ScriptEngine.runScriptAsRawText(ScriptEngine.java:119)
	at com.kms.katalon.core.main.TestCaseExecutor.runScript(TestCaseExecutor.java:328)
	at com.kms.katalon.core.main.TestCaseExecutor.doExecute(TestCaseExecutor.java:319)
	at com.kms.katalon.core.main.TestCaseExecutor.processExecutionPhase(TestCaseExecutor.java:298)
	at com.kms.katalon.core.main.TestCaseExecutor.accessMainPhase(TestCaseExecutor.java:290)
	at com.kms.katalon.core.main.TestCaseExecutor.execute(TestCaseExecutor.java:224)
	at com.kms.katalon.core.main.TestSuiteExecutor.accessTestCaseMainPhase(TestSuiteExecutor.java:129)
	at com.kms.katalon.core.main.TestSuiteExecutor.accessTestSuiteMainPhase(TestSuiteExecutor.java:112)
	at com.kms.katalon.core.main.TestSuiteExecutor.execute(TestSuiteExecutor.java:81)
	at com.kms.katalon.core.main.TestCaseMain.startTestSuite(TestCaseMain.java:149)
	at com.kms.katalon.core.main.TestCaseMain$startTestSuite$0.call(Unknown Source)
	at TempTestSuite1557170415012.run(TempTestSuite1557170415012.groovy:36)


2019-05-06 15:21:41 - [MESSAGE][FAILED] - Unable to click on object 'Object Repository/OCS_CRITICAL PATH/Cartflyout-decrease qty _OR/Page_Ontario Cannabis Store  Ontari/span_CONFIRM AND ACKNOWLEDGE_c' (Root cause: org.openqa.selenium.ElementNotInteractableException: Element <span class="checkbox"> could not be scrolled into view
Build info: version: '3.7.1', revision: '8a0099a', time: '2017-11-06T21:07:36.161Z'
System info: host: 'sumans-MacBook-Pro.local', ip: 'fe80:0:0:0:cb0:6c11:f493:d0f6%en0', os.name: 'Mac OS X', os.arch: 'x86_64', os.version: '10.13.6', java.version: '1.8.0_181'
Driver info: com.kms.katalon.core.webui.driver.firefox.CGeckoDriver
Capabilities {acceptInsecureCerts: true, browserName: firefox, browserVersion: 66.0.3, javascriptEnabled: true, moz:accessibilityChecks: false, moz:geckodriverVersion: 0.23.0, moz:headless: false, moz:processID: 3917, moz:profile: /var/folders/1t/c55l8xzs6gq..., moz:shutdownTimeout: 60000, moz:useNonSpecCompliantPointerOrigin: false, moz:webdriverClick: true, pageLoadStrategy: normal, platform: MAC, platformName: MAC, platformVersion: 17.7.0, proxy: Proxy(direct), rotatable: false, setWindowRect: true, strictFileInteractability: false, timeouts: {implicit: 0, pageLoad: 300000, script: 30000}, unhandledPromptBehavior: dismiss and notify}
Session ID: db08ea86-5c9c-6c4c-a6dc-8204d37e6a59)
[[ATTACHMENT|/Users/sumankompelly/git/Sample-OCS/Reports/OCS-1.7.0/CRITICAL PATH/20190506_152014/1557170501183.png]]

2019-05-06 15:21:41 - [MESSAGE][FAILED] - click(findTestObject("OCS_CRITICAL PATH/Cartflyout-decrease qty _OR/Page_Ontario Cannabis Store  Ontari/span_CONFIRM AND ACKNOWLEDGE_c")) FAILED.
Reason:
com.kms.katalon.core.exception.StepFailedException: Unable to click on object 'Object Repository/OCS_CRITICAL PATH/Cartflyout-decrease qty _OR/Page_Ontario Cannabis Store  Ontari/span_CONFIRM AND ACKNOWLEDGE_c' (Root cause: org.openqa.selenium.ElementNotInteractableException: Element <span class="checkbox"> could not be scrolled into view
Build info: version: '3.7.1', revision: '8a0099a', time: '2017-11-06T21:07:36.161Z'
System info: host: 'sumans-MacBook-Pro.local', ip: 'fe80:0:0:0:cb0:6c11:f493:d0f6%en0', os.name: 'Mac OS X', os.arch: 'x86_64', os.version: '10.13.6', java.version: '1.8.0_181'
Driver info: com.kms.katalon.core.webui.driver.firefox.CGeckoDriver
Capabilities {acceptInsecureCerts: true, browserName: firefox, browserVersion: 66.0.3, javascriptEnabled: true, moz:accessibilityChecks: false, moz:geckodriverVersion: 0.23.0, moz:headless: false, moz:processID: 3917, moz:profile: /var/folders/1t/c55l8xzs6gq..., moz:shutdownTimeout: 60000, moz:useNonSpecCompliantPointerOrigin: false, moz:webdriverClick: true, pageLoadStrategy: normal, platform: MAC, platformName: MAC, platformVersion: 17.7.0, proxy: Proxy(direct), rotatable: false, setWindowRect: true, strictFileInteractability: false, timeouts: {implicit: 0, pageLoad: 300000, script: 30000}, unhandledPromptBehavior: dismiss and notify}
Session ID: db08ea86-5c9c-6c4c-a6dc-8204d37e6a59)
	at com.kms.katalon.core.keyword.internal.KeywordMain.stepFailed(KeywordMain.groovy:36)
	at com.kms.katalon.core.webui.keyword.internal.WebUIKeywordMain.stepFailed(WebUIKeywordMain.groovy:65)
	at com.kms.katalon.core.webui.keyword.internal.WebUIKeywordMain.runKeyword(WebUIKeywordMain.groovy:27)
	at com.kms.katalon.core.webui.keyword.builtin.ClickKeyword.click(ClickKeyword.groovy:86)
	at com.kms.katalon.core.webui.keyword.builtin.ClickKeyword.execute(ClickKeyword.groovy:67)
	at com.kms.katalon.core.keyword.internal.KeywordExecutor.executeKeywordForPlatform(KeywordExecutor.groovy:53)
	at com.kms.katalon.core.webui.keyword.WebUiBuiltInKeywords.click(WebUiBuiltInKeywords.groovy:616)
	at com.kms.katalon.core.webui.keyword.WebUiBuiltInKeywords$click$1.call(Unknown Source)
	at Cart flyout- decrease qty.run(Cart flyout- decrease qty:35)
	at com.kms.katalon.core.main.ScriptEngine.run(ScriptEngine.java:194)
	at com.kms.katalon.core.main.ScriptEngine.runScriptAsRawText(ScriptEngine.java:119)
	at com.kms.katalon.core.main.TestCaseExecutor.runScript(TestCaseExecutor.java:328)
	at com.kms.katalon.core.main.TestCaseExecutor.doExecute(TestCaseExecutor.java:319)
	at com.kms.katalon.core.main.TestCaseExecutor.processExecutionPhase(TestCaseExecutor.java:298)
	at com.kms.katalon.core.main.TestCaseExecutor.accessMainPhase(TestCaseExecutor.java:290)
	at com.kms.katalon.core.main.TestCaseExecutor.execute(TestCaseExecutor.java:224)
	at com.kms.katalon.core.main.TestSuiteExecutor.accessTestCaseMainPhase(TestSuiteExecutor.java:129)
	at com.kms.katalon.core.main.TestSuiteExecutor.accessTestSuiteMainPhase(TestSuiteExecutor.java:112)
	at com.kms.katalon.core.main.TestSuiteExecutor.execute(TestSuiteExecutor.java:81)
	at com.kms.katalon.core.main.TestCaseMain.startTestSuite(TestCaseMain.java:149)
	at com.kms.katalon.core.main.TestCaseMain$startTestSuite$0.call(Unknown Source)
	at TempTestSuite1557170415012.run(TempTestSuite1557170415012.groovy:36)]]></system-out>
         <system-err><![CDATA[2019-05-06 15:21:06 - [TEST_CASE][FAILED] - Test Cases/OCS- CRITICAL PATH/Cart flyout- decrease qty: Test Cases/OCS- CRITICAL PATH/Cart flyout- decrease qty FAILED.
Reason:
com.kms.katalon.core.exception.StepFailedException: Unable to click on object 'Object Repository/OCS_CRITICAL PATH/Cartflyout-decrease qty _OR/Page_Ontario Cannabis Store  Ontari/span_CONFIRM AND ACKNOWLEDGE_c' (Root cause: org.openqa.selenium.ElementNotInteractableException: Element <span class="checkbox"> could not be scrolled into view
Build info: version: '3.7.1', revision: '8a0099a', time: '2017-11-06T21:07:36.161Z'
System info: host: 'sumans-MacBook-Pro.local', ip: 'fe80:0:0:0:cb0:6c11:f493:d0f6%en0', os.name: 'Mac OS X', os.arch: 'x86_64', os.version: '10.13.6', java.version: '1.8.0_181'
Driver info: com.kms.katalon.core.webui.driver.firefox.CGeckoDriver
Capabilities {acceptInsecureCerts: true, browserName: firefox, browserVersion: 66.0.3, javascriptEnabled: true, moz:accessibilityChecks: false, moz:geckodriverVersion: 0.23.0, moz:headless: false, moz:processID: 3917, moz:profile: /var/folders/1t/c55l8xzs6gq..., moz:shutdownTimeout: 60000, moz:useNonSpecCompliantPointerOrigin: false, moz:webdriverClick: true, pageLoadStrategy: normal, platform: MAC, platformName: MAC, platformVersion: 17.7.0, proxy: Proxy(direct), rotatable: false, setWindowRect: true, strictFileInteractability: false, timeouts: {implicit: 0, pageLoad: 300000, script: 30000}, unhandledPromptBehavior: dismiss and notify}
Session ID: db08ea86-5c9c-6c4c-a6dc-8204d37e6a59)
	at com.kms.katalon.core.keyword.internal.KeywordMain.stepFailed(KeywordMain.groovy:36)
	at com.kms.katalon.core.webui.keyword.internal.WebUIKeywordMain.stepFailed(WebUIKeywordMain.groovy:65)
	at com.kms.katalon.core.webui.keyword.internal.WebUIKeywordMain.runKeyword(WebUIKeywordMain.groovy:27)
	at com.kms.katalon.core.webui.keyword.builtin.ClickKeyword.click(ClickKeyword.groovy:86)
	at com.kms.katalon.core.webui.keyword.builtin.ClickKeyword.execute(ClickKeyword.groovy:67)
	at com.kms.katalon.core.keyword.internal.KeywordExecutor.executeKeywordForPlatform(KeywordExecutor.groovy:53)
	at com.kms.katalon.core.webui.keyword.WebUiBuiltInKeywords.click(WebUiBuiltInKeywords.groovy:616)
	at com.kms.katalon.core.webui.keyword.WebUiBuiltInKeywords$click$1.call(Unknown Source)
	at Cart flyout- decrease qty.run(Cart flyout- decrease qty:35)
	at com.kms.katalon.core.main.ScriptEngine.run(ScriptEngine.java:194)
	at com.kms.katalon.core.main.ScriptEngine.runScriptAsRawText(ScriptEngine.java:119)
	at com.kms.katalon.core.main.TestCaseExecutor.runScript(TestCaseExecutor.java:328)
	at com.kms.katalon.core.main.TestCaseExecutor.doExecute(TestCaseExecutor.java:319)
	at com.kms.katalon.core.main.TestCaseExecutor.processExecutionPhase(TestCaseExecutor.java:298)
	at com.kms.katalon.core.main.TestCaseExecutor.accessMainPhase(TestCaseExecutor.java:290)
	at com.kms.katalon.core.main.TestCaseExecutor.execute(TestCaseExecutor.java:224)
	at com.kms.katalon.core.main.TestSuiteExecutor.accessTestCaseMainPhase(TestSuiteExecutor.java:129)
	at com.kms.katalon.core.main.TestSuiteExecutor.accessTestSuiteMainPhase(TestSuiteExecutor.java:112)
	at com.kms.katalon.core.main.TestSuiteExecutor.execute(TestSuiteExecutor.java:81)
	at com.kms.katalon.core.main.TestCaseMain.startTestSuite(TestCaseMain.java:149)
	at com.kms.katalon.core.main.TestCaseMain$startTestSuite$0.call(Unknown Source)
	at TempTestSuite1557170415012.run(TempTestSuite1557170415012.groovy:36)]]></system-err>
      </testcase>
      <testcase name="Test Cases/OCS- CRITICAL PATH/Checkout - payment" classname="Test Cases/OCS- CRITICAL PATH/Checkout - payment" status="PASSED">
         <system-out><![CDATA[2019-05-06 15:21:41 - [TEST_CASE][PASSED] - Test Cases/OCS- CRITICAL PATH/Checkout - payment: Test Cases/OCS- CRITICAL PATH/Checkout - payment

2019-05-06 15:21:41 - [TEST_STEP][PASSED] - openBrowser(""): Browser is opened with url: ''

2019-05-06 15:21:41 - [MESSAGE][WARNING] - A browser is already opened. Closing browser and opening a new one

2019-05-06 15:21:42 - [MESSAGE][INFO] - Starting 'Firefox' driver

2019-05-06 15:21:44 - [MESSAGE][PASSED] - Browser is opened with url: ''

2019-05-06 15:21:44 - [TEST_STEP][PASSED] - navigateToUrl("https://ocs.ca/?fts=0&preview_theme_id=53372913484"): Navigate to 'https://ocs.ca/?fts=0&preview_theme_id=53372913484' successfully

2019-05-06 15:21:53 - [MESSAGE][PASSED] - Navigate to 'https://ocs.ca/?fts=0&preview_theme_id=53372913484' successfully

2019-05-06 15:21:53 - [TEST_STEP][PASSED] - click(findTestObject("Object Repository/Theme_oR/Page_Ontario Cannabis Store  Ontari/button_Close preview")): Object: 'Object Repository/Theme_oR/Page_Ontario Cannabis Store  Ontari/button_Close preview' is clicked on

2019-05-06 15:21:54 - [MESSAGE][PASSED] - Object: 'Object Repository/Theme_oR/Page_Ontario Cannabis Store  Ontari/button_Close preview' is clicked on

2019-05-06 15:21:54 - [TEST_STEP][PASSED] - maximizeWindow(): Current window maximized

2019-05-06 15:21:55 - [MESSAGE][PASSED] - Current window maximized

2019-05-06 15:21:55 - [TEST_STEP][NOT_RUN] - click(findTestObject("Object Repository/Theme_oR/Page_Ontario Cannabis Store  Ontari/button_Close preview")): NOT_RUN: click(findTestObject("Object Repository/Theme_oR/Page_Ontario Cannabis Store  Ontari/button_Close preview"))

2019-05-06 15:21:55 - [MESSAGE][NOT_RUN] - NOT_RUN: click(findTestObject("Object Repository/Theme_oR/Page_Ontario Cannabis Store  Ontari/button_Close preview"))

2019-05-06 15:21:55 - [TEST_STEP][PASSED] - delay(3): Delayed 3 second(s)

2019-05-06 15:21:58 - [MESSAGE][PASSED] - Delayed 3 second(s)

2019-05-06 15:21:58 - [TEST_STEP][PASSED] - selectOptionByValue(findTestObject("OCS_CRITICAL PATH/Checkout - payment/Page_Ontario Cannabis Store  Ontari/select_Select01020304050607080"), "19", true): All options with value '19' are selected in object 'Object Repository/OCS_CRITICAL PATH/Checkout - payment/Page_Ontario Cannabis Store  Ontari/select_Select01020304050607080'  using regular expression

2019-05-06 15:21:59 - [MESSAGE][PASSED] - All options with value '19' are selected in object 'Object Repository/OCS_CRITICAL PATH/Checkout - payment/Page_Ontario Cannabis Store  Ontari/select_Select01020304050607080'  using regular expression

2019-05-06 15:21:59 - [TEST_STEP][PASSED] - selectOptionByValue(findTestObject("OCS_CRITICAL PATH/Checkout - payment/Page_Ontario Cannabis Store  Ontari/select_SelectJanuary - 01Febru"), "9", true): All options with value '9' are selected in object 'Object Repository/OCS_CRITICAL PATH/Checkout - payment/Page_Ontario Cannabis Store  Ontari/select_SelectJanuary - 01Febru'  using regular expression

2019-05-06 15:21:59 - [MESSAGE][PASSED] - All options with value '9' are selected in object 'Object Repository/OCS_CRITICAL PATH/Checkout - payment/Page_Ontario Cannabis Store  Ontari/select_SelectJanuary - 01Febru'  using regular expression

2019-05-06 15:21:59 - [TEST_STEP][PASSED] - selectOptionByValue(findTestObject("OCS_CRITICAL PATH/Checkout - payment/Page_Ontario Cannabis Store  Ontari/select_Select20182017201620152"), "1966", true): All options with value '1966' are selected in object 'Object Repository/OCS_CRITICAL PATH/Checkout - payment/Page_Ontario Cannabis Store  Ontari/select_Select20182017201620152'  using regular expression

2019-05-06 15:22:01 - [MESSAGE][PASSED] - All options with value '1966' are selected in object 'Object Repository/OCS_CRITICAL PATH/Checkout - payment/Page_Ontario Cannabis Store  Ontari/select_Select20182017201620152'  using regular expression

2019-05-06 15:22:01 - [TEST_STEP][PASSED] - delay(3): Delayed 3 second(s)

2019-05-06 15:22:04 - [MESSAGE][PASSED] - Delayed 3 second(s)

2019-05-06 15:22:04 - [TEST_STEP][PASSED] - click(findTestObject("OCS_CRITICAL PATH/Checkout - payment/Page_Ontario Cannabis Store  Ontari/button_Verify")): Object: 'Object Repository/OCS_CRITICAL PATH/Checkout - payment/Page_Ontario Cannabis Store  Ontari/button_Verify' is clicked on

2019-05-06 15:22:05 - [MESSAGE][PASSED] - Object: 'Object Repository/OCS_CRITICAL PATH/Checkout - payment/Page_Ontario Cannabis Store  Ontari/button_Verify' is clicked on

2019-05-06 15:22:05 - [TEST_STEP][PASSED] - click(findTestObject("OCS_CRITICAL PATH/Checkout - payment/Page_Ontario Cannabis Store  Ontari/span_CONFIRM AND ACKNOWLEDGE_c")): Object: 'Object Repository/OCS_CRITICAL PATH/Checkout - payment/Page_Ontario Cannabis Store  Ontari/span_CONFIRM AND ACKNOWLEDGE_c' is clicked on

2019-05-06 15:22:05 - [MESSAGE][PASSED] - Object: 'Object Repository/OCS_CRITICAL PATH/Checkout - payment/Page_Ontario Cannabis Store  Ontari/span_CONFIRM AND ACKNOWLEDGE_c' is clicked on

2019-05-06 15:22:05 - [TEST_STEP][PASSED] - click(findTestObject("OCS_CRITICAL PATH/Checkout - payment/Page_Ontario Cannabis Store  Ontari/button_CONFIRM")): Object: 'Object Repository/OCS_CRITICAL PATH/Checkout - payment/Page_Ontario Cannabis Store  Ontari/button_CONFIRM' is clicked on

2019-05-06 15:22:05 - [MESSAGE][PASSED] - Object: 'Object Repository/OCS_CRITICAL PATH/Checkout - payment/Page_Ontario Cannabis Store  Ontari/button_CONFIRM' is clicked on

2019-05-06 15:22:05 - [TEST_STEP][PASSED] - click(findTestObject("OCS_CRITICAL PATH/Checkout - payment/Page_Ontario Cannabis Store  Ontari/button_Start Browsing")): Object: 'Object Repository/OCS_CRITICAL PATH/Checkout - payment/Page_Ontario Cannabis Store  Ontari/button_Start Browsing' is clicked on

2019-05-06 15:22:05 - [MESSAGE][PASSED] - Object: 'Object Repository/OCS_CRITICAL PATH/Checkout - payment/Page_Ontario Cannabis Store  Ontari/button_Start Browsing' is clicked on

2019-05-06 15:22:05 - [TEST_STEP][PASSED] - delay(2): Delayed 2 second(s)

2019-05-06 15:22:07 - [MESSAGE][PASSED] - Delayed 2 second(s)

2019-05-06 15:22:07 - [TEST_STEP][PASSED] - mouseOver(findTestObject("OCS_CRITICAL PATH/Checkout - payment/Page_Ontario Cannabis Store  Ontari/h3_Cannabis")): Object: 'Object Repository/OCS_CRITICAL PATH/Checkout - payment/Page_Ontario Cannabis Store  Ontari/h3_Cannabis' is hovered

2019-05-06 15:22:08 - [MESSAGE][PASSED] - Object: 'Object Repository/OCS_CRITICAL PATH/Checkout - payment/Page_Ontario Cannabis Store  Ontari/h3_Cannabis' is hovered

2019-05-06 15:22:08 - [TEST_STEP][PASSED] - delay(2): Delayed 2 second(s)

2019-05-06 15:22:10 - [MESSAGE][PASSED] - Delayed 2 second(s)

2019-05-06 15:22:10 - [TEST_STEP][PASSED] - click(findTestObject("OCS_CRITICAL PATH/Checkout - payment/Page_Ontario Cannabis Store  Ontari/span_Indica Dominant")): Object: 'Object Repository/OCS_CRITICAL PATH/Checkout - payment/Page_Ontario Cannabis Store  Ontari/span_Indica Dominant' is clicked on

2019-05-06 15:22:11 - [MESSAGE][PASSED] - Object: 'Object Repository/OCS_CRITICAL PATH/Checkout - payment/Page_Ontario Cannabis Store  Ontari/span_Indica Dominant' is clicked on

2019-05-06 15:22:12 - [TEST_STEP][PASSED] - click(findTestObject("OCS_CRITICAL PATH/Checkout - payment/Page_Indica Dominant Dried Flower/h3_Shishkaberry")): Object: 'Object Repository/OCS_CRITICAL PATH/Checkout - payment/Page_Indica Dominant Dried Flower/h3_Shishkaberry' is clicked on

2019-05-06 15:22:14 - [MESSAGE][PASSED] - Object: 'Object Repository/OCS_CRITICAL PATH/Checkout - payment/Page_Indica Dominant Dried Flower/h3_Shishkaberry' is clicked on

2019-05-06 15:22:14 - [TEST_STEP][PASSED] - click(findTestObject("OCS_CRITICAL PATH/Checkout - payment/Page_Shishkaberry  Ontario Cannabis/label_3.5g")): Object: 'Object Repository/OCS_CRITICAL PATH/Checkout - payment/Page_Shishkaberry  Ontario Cannabis/label_3.5g' is clicked on

2019-05-06 15:22:15 - [MESSAGE][PASSED] - Object: 'Object Repository/OCS_CRITICAL PATH/Checkout - payment/Page_Shishkaberry  Ontario Cannabis/label_3.5g' is clicked on

2019-05-06 15:22:15 - [TEST_STEP][PASSED] - click(findTestObject("OCS_CRITICAL PATH/Checkout - payment/Page_Shishkaberry  Ontario Cannabis/button_")): Object: 'Object Repository/OCS_CRITICAL PATH/Checkout - payment/Page_Shishkaberry  Ontario Cannabis/button_' is clicked on

2019-05-06 15:22:15 - [MESSAGE][PASSED] - Object: 'Object Repository/OCS_CRITICAL PATH/Checkout - payment/Page_Shishkaberry  Ontario Cannabis/button_' is clicked on

2019-05-06 15:22:15 - [TEST_STEP][PASSED] - click(findTestObject("OCS_CRITICAL PATH/Checkout - payment/Page_Shishkaberry  Ontario Cannabis/button_")): Object: 'Object Repository/OCS_CRITICAL PATH/Checkout - payment/Page_Shishkaberry  Ontario Cannabis/button_' is clicked on

2019-05-06 15:22:15 - [MESSAGE][PASSED] - Object: 'Object Repository/OCS_CRITICAL PATH/Checkout - payment/Page_Shishkaberry  Ontario Cannabis/button_' is clicked on

2019-05-06 15:22:15 - [TEST_STEP][PASSED] - click(findTestObject("OCS_CRITICAL PATH/Checkout - payment/Page_Shishkaberry  Ontario Cannabis/button_")): Object: 'Object Repository/OCS_CRITICAL PATH/Checkout - payment/Page_Shishkaberry  Ontario Cannabis/button_' is clicked on

2019-05-06 15:22:15 - [MESSAGE][PASSED] - Object: 'Object Repository/OCS_CRITICAL PATH/Checkout - payment/Page_Shishkaberry  Ontario Cannabis/button_' is clicked on

2019-05-06 15:22:15 - [TEST_STEP][PASSED] - click(findTestObject("OCS_CRITICAL PATH/Checkout - payment/Page_Shishkaberry  Ontario Cannabis/button_Add to Bag129.60")): Object: 'Object Repository/OCS_CRITICAL PATH/Checkout - payment/Page_Shishkaberry  Ontario Cannabis/button_Add to Bag129.60' is clicked on

2019-05-06 15:22:16 - [MESSAGE][PASSED] - Object: 'Object Repository/OCS_CRITICAL PATH/Checkout - payment/Page_Shishkaberry  Ontario Cannabis/button_Add to Bag129.60' is clicked on

2019-05-06 15:22:16 - [TEST_STEP][PASSED] - click(findTestObject("OCS_CRITICAL PATH/Checkout - payment/Page_Shishkaberry  Ontario Cannabis/span_concat(I confirm that I")): Object: 'Object Repository/OCS_CRITICAL PATH/Checkout - payment/Page_Shishkaberry  Ontario Cannabis/span_concat(I confirm that I' is clicked on

2019-05-06 15:22:17 - [MESSAGE][PASSED] - Object: 'Object Repository/OCS_CRITICAL PATH/Checkout - payment/Page_Shishkaberry  Ontario Cannabis/span_concat(I confirm that I' is clicked on

2019-05-06 15:22:17 - [TEST_STEP][PASSED] - click(findTestObject("OCS_CRITICAL PATH/Checkout - payment/Page_Shishkaberry  Ontario Cannabis/span_Accept the_checkbox")): Object: 'Object Repository/OCS_CRITICAL PATH/Checkout - payment/Page_Shishkaberry  Ontario Cannabis/span_Accept the_checkbox' is clicked on

2019-05-06 15:22:17 - [MESSAGE][PASSED] - Object: 'Object Repository/OCS_CRITICAL PATH/Checkout - payment/Page_Shishkaberry  Ontario Cannabis/span_Accept the_checkbox' is clicked on

2019-05-06 15:22:17 - [TEST_STEP][PASSED] - delay(2): Delayed 2 second(s)

2019-05-06 15:22:19 - [MESSAGE][PASSED] - Delayed 2 second(s)

2019-05-06 15:22:19 - [TEST_STEP][PASSED] - click(findTestObject("OCS_CRITICAL PATH/Checkout - payment/Page_Shishkaberry  Ontario Cannabis/a_Checkout")): Object: 'Object Repository/OCS_CRITICAL PATH/Checkout - payment/Page_Shishkaberry  Ontario Cannabis/a_Checkout' is clicked on

2019-05-06 15:22:21 - [MESSAGE][PASSED] - Object: 'Object Repository/OCS_CRITICAL PATH/Checkout - payment/Page_Shishkaberry  Ontario Cannabis/a_Checkout' is clicked on

2019-05-06 15:22:21 - [TEST_STEP][PASSED] - setText(findTestObject("OCS_CRITICAL PATH/Checkout - payment/Page_Ontario Cannabis Store - Infor/input_Email_checkoutemail"), "suman@gmail.com"): Text 'suman@gmail.com' is set on object 'Object Repository/OCS_CRITICAL PATH/Checkout - payment/Page_Ontario Cannabis Store - Infor/input_Email_checkoutemail'

2019-05-06 15:22:22 - [MESSAGE][PASSED] - Text 'suman@gmail.com' is set on object 'Object Repository/OCS_CRITICAL PATH/Checkout - payment/Page_Ontario Cannabis Store - Infor/input_Email_checkoutemail'

2019-05-06 15:22:22 - [TEST_STEP][PASSED] - setText(findTestObject("OCS_CRITICAL PATH/Checkout - payment/Page_Ontario Cannabis Store - Infor/input_First name_checkoutshipp"), "suman"): Text 'suman' is set on object 'Object Repository/OCS_CRITICAL PATH/Checkout - payment/Page_Ontario Cannabis Store - Infor/input_First name_checkoutshipp'

2019-05-06 15:22:22 - [MESSAGE][PASSED] - Text 'suman' is set on object 'Object Repository/OCS_CRITICAL PATH/Checkout - payment/Page_Ontario Cannabis Store - Infor/input_First name_checkoutshipp'

2019-05-06 15:22:22 - [TEST_STEP][PASSED] - setText(findTestObject("OCS_CRITICAL PATH/Checkout - payment/Page_Ontario Cannabis Store - Infor/input_Last name_checkoutshippi"), "kompelly"): Text 'kompelly' is set on object 'Object Repository/OCS_CRITICAL PATH/Checkout - payment/Page_Ontario Cannabis Store - Infor/input_Last name_checkoutshippi'

2019-05-06 15:22:22 - [MESSAGE][PASSED] - Text 'kompelly' is set on object 'Object Repository/OCS_CRITICAL PATH/Checkout - payment/Page_Ontario Cannabis Store - Infor/input_Last name_checkoutshippi'

2019-05-06 15:22:22 - [TEST_STEP][PASSED] - setText(findTestObject("OCS_CRITICAL PATH/Checkout - payment/Page_Ontario Cannabis Store - Infor/input_Address_checkoutshipping"), "dfsbfmnsbfmnsbf"): Text 'dfsbfmnsbfmnsbf' is set on object 'Object Repository/OCS_CRITICAL PATH/Checkout - payment/Page_Ontario Cannabis Store - Infor/input_Address_checkoutshipping'

2019-05-06 15:22:22 - [MESSAGE][PASSED] - Text 'dfsbfmnsbfmnsbf' is set on object 'Object Repository/OCS_CRITICAL PATH/Checkout - payment/Page_Ontario Cannabis Store - Infor/input_Address_checkoutshipping'

2019-05-06 15:22:22 - [TEST_STEP][PASSED] - setText(findTestObject("OCS_CRITICAL PATH/Checkout - payment/Page_Ontario Cannabis Store - Infor/input_Apartment suite etc. (op"), "bnmbnb"): Text 'bnmbnb' is set on object 'Object Repository/OCS_CRITICAL PATH/Checkout - payment/Page_Ontario Cannabis Store - Infor/input_Apartment suite etc. (op'

2019-05-06 15:22:23 - [MESSAGE][PASSED] - Text 'bnmbnb' is set on object 'Object Repository/OCS_CRITICAL PATH/Checkout - payment/Page_Ontario Cannabis Store - Infor/input_Apartment suite etc. (op'

2019-05-06 15:22:23 - [TEST_STEP][PASSED] - setText(findTestObject("OCS_CRITICAL PATH/Checkout - payment/Page_Ontario Cannabis Store - Infor/input_City_checkoutshipping_ad"), "montreal"): Text 'montreal' is set on object 'Object Repository/OCS_CRITICAL PATH/Checkout - payment/Page_Ontario Cannabis Store - Infor/input_City_checkoutshipping_ad'

2019-05-06 15:22:23 - [MESSAGE][PASSED] - Text 'montreal' is set on object 'Object Repository/OCS_CRITICAL PATH/Checkout - payment/Page_Ontario Cannabis Store - Infor/input_City_checkoutshipping_ad'

2019-05-06 15:22:23 - [TEST_STEP][PASSED] - setText(findTestObject("OCS_CRITICAL PATH/Checkout - payment/Page_Ontario Cannabis Store - Infor/input_Postal code_checkoutship"), "n0r1k0"): Text 'n0r1k0' is set on object 'Object Repository/OCS_CRITICAL PATH/Checkout - payment/Page_Ontario Cannabis Store - Infor/input_Postal code_checkoutship'

2019-05-06 15:22:23 - [MESSAGE][PASSED] - Text 'n0r1k0' is set on object 'Object Repository/OCS_CRITICAL PATH/Checkout - payment/Page_Ontario Cannabis Store - Infor/input_Postal code_checkoutship'

2019-05-06 15:22:23 - [TEST_STEP][PASSED] - setText(findTestObject("OCS_CRITICAL PATH/Checkout - payment/Page_Ontario Cannabis Store - Infor/input_Phone_checkoutshipping_a"), "(514) 449-3882"): Text '(514) 449-3882' is set on object 'Object Repository/OCS_CRITICAL PATH/Checkout - payment/Page_Ontario Cannabis Store - Infor/input_Phone_checkoutshipping_a'

2019-05-06 15:22:23 - [MESSAGE][PASSED] - Text '(514) 449-3882' is set on object 'Object Repository/OCS_CRITICAL PATH/Checkout - payment/Page_Ontario Cannabis Store - Infor/input_Phone_checkoutshipping_a'

2019-05-06 15:22:23 - [TEST_STEP][PASSED] - delay(2): Delayed 2 second(s)

2019-05-06 15:22:25 - [MESSAGE][PASSED] - Delayed 2 second(s)

2019-05-06 15:22:25 - [TEST_STEP][PASSED] - click(findTestObject("OCS_CRITICAL PATH/Checkout - payment/Page_Ontario Cannabis Store - Infor/button_Continue to shipping me")): Object: 'Object Repository/OCS_CRITICAL PATH/Checkout - payment/Page_Ontario Cannabis Store - Infor/button_Continue to shipping me' is clicked on

2019-05-06 15:22:28 - [MESSAGE][PASSED] - Object: 'Object Repository/OCS_CRITICAL PATH/Checkout - payment/Page_Ontario Cannabis Store - Infor/button_Continue to shipping me' is clicked on

2019-05-06 15:22:28 - [TEST_STEP][PASSED] - delay(2): Delayed 2 second(s)

2019-05-06 15:22:30 - [MESSAGE][PASSED] - Delayed 2 second(s)

2019-05-06 15:22:30 - [TEST_STEP][PASSED] - click(findTestObject("OCS_CRITICAL PATH/Checkout - payment/Page_Ontario Cannabis Store - Shipp/button_Continue to payment met")): Object: 'Object Repository/OCS_CRITICAL PATH/Checkout - payment/Page_Ontario Cannabis Store - Shipp/button_Continue to payment met' is clicked on

2019-05-06 15:22:32 - [MESSAGE][PASSED] - Object: 'Object Repository/OCS_CRITICAL PATH/Checkout - payment/Page_Ontario Cannabis Store - Shipp/button_Continue to payment met' is clicked on

2019-05-06 15:22:32 - [TEST_STEP][PASSED] - click(findTestObject("OCS_CRITICAL PATH/Checkout - payment/Page_Ontario Cannabis Store - Payme/a_Shipping")): Object: 'Object Repository/OCS_CRITICAL PATH/Checkout - payment/Page_Ontario Cannabis Store - Payme/a_Shipping' is clicked on

2019-05-06 15:22:35 - [MESSAGE][PASSED] - Object: 'Object Repository/OCS_CRITICAL PATH/Checkout - payment/Page_Ontario Cannabis Store - Payme/a_Shipping' is clicked on

2019-05-06 15:22:35 - [TEST_STEP][PASSED] - click(findTestObject("OCS_CRITICAL PATH/Checkout - payment/Page_Ontario Cannabis Store - Shipp/button_Continue to payment met")): Object: 'Object Repository/OCS_CRITICAL PATH/Checkout - payment/Page_Ontario Cannabis Store - Shipp/button_Continue to payment met' is clicked on

2019-05-06 15:22:36 - [MESSAGE][PASSED] - Object: 'Object Repository/OCS_CRITICAL PATH/Checkout - payment/Page_Ontario Cannabis Store - Shipp/button_Continue to payment met' is clicked on

2019-05-06 15:22:36 - [TEST_STEP][PASSED] - click(findTestObject("OCS_CRITICAL PATH/Checkout - payment/Page_Ontario Cannabis Store - Payme/a_Information")): Object: 'Object Repository/OCS_CRITICAL PATH/Checkout - payment/Page_Ontario Cannabis Store - Payme/a_Information' is clicked on

2019-05-06 15:22:38 - [MESSAGE][PASSED] - Object: 'Object Repository/OCS_CRITICAL PATH/Checkout - payment/Page_Ontario Cannabis Store - Payme/a_Information' is clicked on

2019-05-06 15:22:38 - [TEST_STEP][PASSED] - click(findTestObject("OCS_CRITICAL PATH/Checkout - payment/Page_Ontario Cannabis Store - Infor/button_Continue to shipping me")): Object: 'Object Repository/OCS_CRITICAL PATH/Checkout - payment/Page_Ontario Cannabis Store - Infor/button_Continue to shipping me' is clicked on

2019-05-06 15:22:41 - [MESSAGE][PASSED] - Object: 'Object Repository/OCS_CRITICAL PATH/Checkout - payment/Page_Ontario Cannabis Store - Infor/button_Continue to shipping me' is clicked on

2019-05-06 15:22:41 - [TEST_STEP][PASSED] - click(findTestObject("OCS_CRITICAL PATH/Checkout - payment/Page_Ontario Cannabis Store - Shipp/a_Cart")): Object: 'Object Repository/OCS_CRITICAL PATH/Checkout - payment/Page_Ontario Cannabis Store - Shipp/a_Cart' is clicked on

2019-05-06 15:22:43 - [MESSAGE][PASSED] - Object: 'Object Repository/OCS_CRITICAL PATH/Checkout - payment/Page_Ontario Cannabis Store - Shipp/a_Cart' is clicked on

2019-05-06 15:22:43 - [TEST_STEP][PASSED] - delay(2): Delayed 2 second(s)

2019-05-06 15:22:45 - [MESSAGE][PASSED] - Delayed 2 second(s)

2019-05-06 15:22:45 - [TEST_STEP][PASSED] - click(findTestObject("OCS_CRITICAL PATH/Checkout - payment/Page_Your Shopping Cart  Ontario Ca/span_concat(I confirm that I")): Object: 'Object Repository/OCS_CRITICAL PATH/Checkout - payment/Page_Your Shopping Cart  Ontario Ca/span_concat(I confirm that I' is clicked on

2019-05-06 15:22:46 - [MESSAGE][PASSED] - Object: 'Object Repository/OCS_CRITICAL PATH/Checkout - payment/Page_Your Shopping Cart  Ontario Ca/span_concat(I confirm that I' is clicked on

2019-05-06 15:22:46 - [TEST_STEP][PASSED] - delay(2): Delayed 2 second(s)

2019-05-06 15:22:48 - [MESSAGE][PASSED] - Delayed 2 second(s)

2019-05-06 15:22:48 - [TEST_STEP][PASSED] - click(findTestObject("OCS_CRITICAL PATH/Checkout - payment/Page_Your Shopping Cart  Ontario Ca/span_Accept the_checkbox")): Object: 'Object Repository/OCS_CRITICAL PATH/Checkout - payment/Page_Your Shopping Cart  Ontario Ca/span_Accept the_checkbox' is clicked on

2019-05-06 15:22:48 - [MESSAGE][PASSED] - Object: 'Object Repository/OCS_CRITICAL PATH/Checkout - payment/Page_Your Shopping Cart  Ontario Ca/span_Accept the_checkbox' is clicked on

2019-05-06 15:22:48 - [TEST_STEP][PASSED] - delay(2): Delayed 2 second(s)

2019-05-06 15:22:50 - [MESSAGE][PASSED] - Delayed 2 second(s)

2019-05-06 15:22:50 - [TEST_STEP][PASSED] - click(findTestObject("OCS_CRITICAL PATH/Checkout - payment/Page_Your Shopping Cart  Ontario Ca/a_Checkout")): Object: 'Object Repository/OCS_CRITICAL PATH/Checkout - payment/Page_Your Shopping Cart  Ontario Ca/a_Checkout' is clicked on

2019-05-06 15:22:52 - [MESSAGE][PASSED] - Object: 'Object Repository/OCS_CRITICAL PATH/Checkout - payment/Page_Your Shopping Cart  Ontario Ca/a_Checkout' is clicked on

2019-05-06 15:22:52 - [TEST_STEP][PASSED] - delay(2): Delayed 2 second(s)

2019-05-06 15:22:54 - [MESSAGE][PASSED] - Delayed 2 second(s)

2019-05-06 15:22:54 - [TEST_STEP][PASSED] - click(findTestObject("OCS_CRITICAL PATH/Checkout - payment/Page_Ontario Cannabis Store - Payme/span_Change")): Object: 'Object Repository/OCS_CRITICAL PATH/Checkout - payment/Page_Ontario Cannabis Store - Payme/span_Change' is clicked on

2019-05-06 15:22:56 - [MESSAGE][PASSED] - Object: 'Object Repository/OCS_CRITICAL PATH/Checkout - payment/Page_Ontario Cannabis Store - Payme/span_Change' is clicked on

2019-05-06 15:22:56 - [TEST_STEP][PASSED] - delay(2): Delayed 2 second(s)

2019-05-06 15:22:58 - [MESSAGE][PASSED] - Delayed 2 second(s)

2019-05-06 15:22:58 - [TEST_STEP][PASSED] - click(findTestObject("OCS_CRITICAL PATH/Checkout - payment/Page_Ontario Cannabis Store - Infor/button_Continue to shipping me")): Object: 'Object Repository/OCS_CRITICAL PATH/Checkout - payment/Page_Ontario Cannabis Store - Infor/button_Continue to shipping me' is clicked on

2019-05-06 15:23:00 - [MESSAGE][PASSED] - Object: 'Object Repository/OCS_CRITICAL PATH/Checkout - payment/Page_Ontario Cannabis Store - Infor/button_Continue to shipping me' is clicked on

2019-05-06 15:23:00 - [TEST_STEP][PASSED] - click(findTestObject("OCS_CRITICAL PATH/Checkout - payment/Page_Ontario Cannabis Store - Shipp/button_Continue to payment met")): Object: 'Object Repository/OCS_CRITICAL PATH/Checkout - payment/Page_Ontario Cannabis Store - Shipp/button_Continue to payment met' is clicked on

2019-05-06 15:23:02 - [MESSAGE][PASSED] - Object: 'Object Repository/OCS_CRITICAL PATH/Checkout - payment/Page_Ontario Cannabis Store - Shipp/button_Continue to payment met' is clicked on

2019-05-06 15:23:02 - [TEST_STEP][PASSED] - delay(2): Delayed 2 second(s)

2019-05-06 15:23:04 - [MESSAGE][PASSED] - Delayed 2 second(s)

2019-05-06 15:23:04 - [TEST_STEP][PASSED] - click(findTestObject("OCS_CRITICAL PATH/Checkout - payment/Page_Ontario Cannabis Store - Payme/span_Change")): Object: 'Object Repository/OCS_CRITICAL PATH/Checkout - payment/Page_Ontario Cannabis Store - Payme/span_Change' is clicked on

2019-05-06 15:23:06 - [MESSAGE][PASSED] - Object: 'Object Repository/OCS_CRITICAL PATH/Checkout - payment/Page_Ontario Cannabis Store - Payme/span_Change' is clicked on

2019-05-06 15:23:06 - [TEST_STEP][PASSED] - delay(2): Delayed 2 second(s)

2019-05-06 15:23:08 - [MESSAGE][PASSED] - Delayed 2 second(s)

2019-05-06 15:23:08 - [TEST_STEP][PASSED] - click(findTestObject("OCS_CRITICAL PATH/Checkout - payment/Page_Ontario Cannabis Store - Infor/button_Continue to shipping me")): Object: 'Object Repository/OCS_CRITICAL PATH/Checkout - payment/Page_Ontario Cannabis Store - Infor/button_Continue to shipping me' is clicked on

2019-05-06 15:23:09 - [MESSAGE][PASSED] - Object: 'Object Repository/OCS_CRITICAL PATH/Checkout - payment/Page_Ontario Cannabis Store - Infor/button_Continue to shipping me' is clicked on

2019-05-06 15:23:09 - [TEST_STEP][PASSED] - click(findTestObject("OCS_CRITICAL PATH/Checkout - payment/Page_Ontario Cannabis Store - Shipp/button_Continue to payment met")): Object: 'Object Repository/OCS_CRITICAL PATH/Checkout - payment/Page_Ontario Cannabis Store - Shipp/button_Continue to payment met' is clicked on

2019-05-06 15:23:12 - [MESSAGE][PASSED] - Object: 'Object Repository/OCS_CRITICAL PATH/Checkout - payment/Page_Ontario Cannabis Store - Shipp/button_Continue to payment met' is clicked on

2019-05-06 15:23:12 - [TEST_STEP][PASSED] - click(findTestObject("OCS_CRITICAL PATH/Checkout - payment/Page_Ontario Cannabis Store - Payme/input_Same as shipping address")): Object: 'Object Repository/OCS_CRITICAL PATH/Checkout - payment/Page_Ontario Cannabis Store - Payme/input_Same as shipping address' is clicked on

2019-05-06 15:23:12 - [MESSAGE][PASSED] - Object: 'Object Repository/OCS_CRITICAL PATH/Checkout - payment/Page_Ontario Cannabis Store - Payme/input_Same as shipping address' is clicked on

2019-05-06 15:23:12 - [TEST_STEP][PASSED] - setText(findTestObject("OCS_CRITICAL PATH/Checkout - payment/Page_Ontario Cannabis Store - Payme/input_Address_checkoutbilling_"), "1650 de maoisonnueve"): Text '1650 de maoisonnueve' is set on object 'Object Repository/OCS_CRITICAL PATH/Checkout - payment/Page_Ontario Cannabis Store - Payme/input_Address_checkoutbilling_'

2019-05-06 15:23:12 - [MESSAGE][PASSED] - Text '1650 de maoisonnueve' is set on object 'Object Repository/OCS_CRITICAL PATH/Checkout - payment/Page_Ontario Cannabis Store - Payme/input_Address_checkoutbilling_'

2019-05-06 15:23:12 - [TEST_STEP][PASSED] - setText(findTestObject("OCS_CRITICAL PATH/Checkout - payment/Page_Ontario Cannabis Store - Payme/input_Apartment suite etc. (op"), "8"): Text '8' is set on object 'Object Repository/OCS_CRITICAL PATH/Checkout - payment/Page_Ontario Cannabis Store - Payme/input_Apartment suite etc. (op'

2019-05-06 15:23:13 - [MESSAGE][PASSED] - Text '8' is set on object 'Object Repository/OCS_CRITICAL PATH/Checkout - payment/Page_Ontario Cannabis Store - Payme/input_Apartment suite etc. (op'

2019-05-06 15:23:13 - [TEST_STEP][PASSED] - setText(findTestObject("OCS_CRITICAL PATH/Checkout - payment/Page_Ontario Cannabis Store - Payme/input_City_checkoutbilling_add"), "montreal"): Text 'montreal' is set on object 'Object Repository/OCS_CRITICAL PATH/Checkout - payment/Page_Ontario Cannabis Store - Payme/input_City_checkoutbilling_add'

2019-05-06 15:23:13 - [MESSAGE][PASSED] - Text 'montreal' is set on object 'Object Repository/OCS_CRITICAL PATH/Checkout - payment/Page_Ontario Cannabis Store - Payme/input_City_checkoutbilling_add'

2019-05-06 15:23:13 - [TEST_STEP][PASSED] - setText(findTestObject("OCS_CRITICAL PATH/Checkout - payment/Page_Ontario Cannabis Store - Payme/input_Postal code_checkoutbill"), "h3h2p3"): Text 'h3h2p3' is set on object 'Object Repository/OCS_CRITICAL PATH/Checkout - payment/Page_Ontario Cannabis Store - Payme/input_Postal code_checkoutbill'

2019-05-06 15:23:13 - [MESSAGE][PASSED] - Text 'h3h2p3' is set on object 'Object Repository/OCS_CRITICAL PATH/Checkout - payment/Page_Ontario Cannabis Store - Payme/input_Postal code_checkoutbill'

2019-05-06 15:23:13 - [TEST_STEP][PASSED] - setText(findTestObject("OCS_CRITICAL PATH/Checkout - payment/Page_Ontario Cannabis Store - Payme/input_Phone_checkoutbilling_ad"), "(514) 449-3882"): Text '(514) 449-3882' is set on object 'Object Repository/OCS_CRITICAL PATH/Checkout - payment/Page_Ontario Cannabis Store - Payme/input_Phone_checkoutbilling_ad'

2019-05-06 15:23:13 - [MESSAGE][PASSED] - Text '(514) 449-3882' is set on object 'Object Repository/OCS_CRITICAL PATH/Checkout - payment/Page_Ontario Cannabis Store - Payme/input_Phone_checkoutbilling_ad'

2019-05-06 15:23:13 - [TEST_STEP][PASSED] - click(findTestObject("OCS_CRITICAL PATH/Checkout - payment/Page_Ontario Cannabis Store - Payme/button_Complete order")): Object: 'Object Repository/OCS_CRITICAL PATH/Checkout - payment/Page_Ontario Cannabis Store - Payme/button_Complete order' is clicked on

2019-05-06 15:23:14 - [MESSAGE][PASSED] - Object: 'Object Repository/OCS_CRITICAL PATH/Checkout - payment/Page_Ontario Cannabis Store - Payme/button_Complete order' is clicked on

2019-05-06 15:23:14 - [TEST_STEP][PASSED] - getText(findTestObject("OCS_CRITICAL PATH/Checkout - payment/Page_Ontario Cannabis Store - Payme/div_Your payment details could")): Text of object 'Object Repository/OCS_CRITICAL PATH/Checkout - payment/Page_Ontario Cannabis Store - Payme/div_Your payment details could' is: 'Credit card
Pay with:
Visa,
Mastercard,
American Express,'

2019-05-06 15:23:14 - [MESSAGE][PASSED] - Text of object 'Object Repository/OCS_CRITICAL PATH/Checkout - payment/Page_Ontario Cannabis Store - Payme/div_Your payment details could' is: 'Credit card
Pay with:
Visa,
Mastercard,
American Express,']]></system-out>
         <system-err><![CDATA[]]></system-err>
      </testcase>
      <testcase name="Test Cases/OCS- CRITICAL PATH/Checkout - customer information page" classname="Test Cases/OCS- CRITICAL PATH/Checkout - customer information page" status="PASSED">
         <system-out><![CDATA[2019-05-06 15:23:14 - [TEST_CASE][PASSED] - Test Cases/OCS- CRITICAL PATH/Checkout - customer information page: Test Cases/OCS- CRITICAL PATH/Checkout - customer information page

2019-05-06 15:23:14 - [TEST_STEP][PASSED] - openBrowser(""): Browser is opened with url: ''

2019-05-06 15:23:14 - [MESSAGE][WARNING] - A browser is already opened. Closing browser and opening a new one

2019-05-06 15:23:15 - [MESSAGE][INFO] - Starting 'Firefox' driver

2019-05-06 15:23:18 - [MESSAGE][PASSED] - Browser is opened with url: ''

2019-05-06 15:23:18 - [TEST_STEP][PASSED] - navigateToUrl("https://ocs.ca/?fts=0&preview_theme_id=53372913484"): Navigate to 'https://ocs.ca/?fts=0&preview_theme_id=53372913484' successfully

2019-05-06 15:23:44 - [MESSAGE][PASSED] - Navigate to 'https://ocs.ca/?fts=0&preview_theme_id=53372913484' successfully

2019-05-06 15:23:44 - [TEST_STEP][PASSED] - click(findTestObject("Object Repository/Theme_oR/Page_Ontario Cannabis Store  Ontari/button_Close preview")): Object: 'Object Repository/Theme_oR/Page_Ontario Cannabis Store  Ontari/button_Close preview' is clicked on

2019-05-06 15:23:45 - [MESSAGE][PASSED] - Object: 'Object Repository/Theme_oR/Page_Ontario Cannabis Store  Ontari/button_Close preview' is clicked on

2019-05-06 15:23:45 - [TEST_STEP][PASSED] - selectOptionByValue(findTestObject("OCS_CRITICAL PATH/Checkout-customer/Page_Ontario Cannabis Store  Ontari/select_Select01020304050607080"), "16", true): All options with value '16' are selected in object 'Object Repository/OCS_CRITICAL PATH/Checkout-customer/Page_Ontario Cannabis Store  Ontari/select_Select01020304050607080'  using regular expression

2019-05-06 15:23:47 - [MESSAGE][PASSED] - All options with value '16' are selected in object 'Object Repository/OCS_CRITICAL PATH/Checkout-customer/Page_Ontario Cannabis Store  Ontari/select_Select01020304050607080'  using regular expression

2019-05-06 15:23:47 - [TEST_STEP][PASSED] - selectOptionByValue(findTestObject("OCS_CRITICAL PATH/Checkout-customer/Page_Ontario Cannabis Store  Ontari/select_SelectJanuary - 01Febru"), "8", true): All options with value '8' are selected in object 'Object Repository/OCS_CRITICAL PATH/Checkout-customer/Page_Ontario Cannabis Store  Ontari/select_SelectJanuary - 01Febru'  using regular expression

2019-05-06 15:23:48 - [MESSAGE][PASSED] - All options with value '8' are selected in object 'Object Repository/OCS_CRITICAL PATH/Checkout-customer/Page_Ontario Cannabis Store  Ontari/select_SelectJanuary - 01Febru'  using regular expression

2019-05-06 15:23:48 - [TEST_STEP][PASSED] - selectOptionByValue(findTestObject("OCS_CRITICAL PATH/Checkout-customer/Page_Ontario Cannabis Store  Ontari/select_Select20182017201620152"), "1955", true): All options with value '1955' are selected in object 'Object Repository/OCS_CRITICAL PATH/Checkout-customer/Page_Ontario Cannabis Store  Ontari/select_Select20182017201620152'  using regular expression

2019-05-06 15:23:51 - [MESSAGE][PASSED] - All options with value '1955' are selected in object 'Object Repository/OCS_CRITICAL PATH/Checkout-customer/Page_Ontario Cannabis Store  Ontari/select_Select20182017201620152'  using regular expression

2019-05-06 15:23:51 - [TEST_STEP][PASSED] - click(findTestObject("OCS_CRITICAL PATH/Checkout-customer/Page_Ontario Cannabis Store  Ontari/button_Verify")): Object: 'Object Repository/OCS_CRITICAL PATH/Checkout-customer/Page_Ontario Cannabis Store  Ontari/button_Verify' is clicked on

2019-05-06 15:23:51 - [MESSAGE][PASSED] - Object: 'Object Repository/OCS_CRITICAL PATH/Checkout-customer/Page_Ontario Cannabis Store  Ontari/button_Verify' is clicked on

2019-05-06 15:23:51 - [TEST_STEP][PASSED] - click(findTestObject("OCS_CRITICAL PATH/Checkout-customer/Page_Ontario Cannabis Store  Ontari/span_CONFIRM AND ACKNOWLEDGE_c")): Object: 'Object Repository/OCS_CRITICAL PATH/Checkout-customer/Page_Ontario Cannabis Store  Ontari/span_CONFIRM AND ACKNOWLEDGE_c' is clicked on

2019-05-06 15:23:51 - [MESSAGE][PASSED] - Object: 'Object Repository/OCS_CRITICAL PATH/Checkout-customer/Page_Ontario Cannabis Store  Ontari/span_CONFIRM AND ACKNOWLEDGE_c' is clicked on

2019-05-06 15:23:51 - [TEST_STEP][PASSED] - click(findTestObject("OCS_CRITICAL PATH/Checkout-customer/Page_Ontario Cannabis Store  Ontari/button_CONFIRM")): Object: 'Object Repository/OCS_CRITICAL PATH/Checkout-customer/Page_Ontario Cannabis Store  Ontari/button_CONFIRM' is clicked on

2019-05-06 15:23:51 - [MESSAGE][PASSED] - Object: 'Object Repository/OCS_CRITICAL PATH/Checkout-customer/Page_Ontario Cannabis Store  Ontari/button_CONFIRM' is clicked on

2019-05-06 15:23:51 - [TEST_STEP][PASSED] - click(findTestObject("OCS_CRITICAL PATH/Checkout-customer/Page_Ontario Cannabis Store  Ontari/button_Start Browsing")): Object: 'Object Repository/OCS_CRITICAL PATH/Checkout-customer/Page_Ontario Cannabis Store  Ontari/button_Start Browsing' is clicked on

2019-05-06 15:23:52 - [MESSAGE][PASSED] - Object: 'Object Repository/OCS_CRITICAL PATH/Checkout-customer/Page_Ontario Cannabis Store  Ontari/button_Start Browsing' is clicked on

2019-05-06 15:23:52 - [TEST_STEP][PASSED] - delay(2): Delayed 2 second(s)

2019-05-06 15:23:54 - [MESSAGE][PASSED] - Delayed 2 second(s)

2019-05-06 15:23:54 - [TEST_STEP][PASSED] - mouseOver(findTestObject("OCS_CRITICAL PATH/Checkout-customer/Page_Ontario Cannabis Store  Ontari/h3_Cannabis")): Object: 'Object Repository/OCS_CRITICAL PATH/Checkout-customer/Page_Ontario Cannabis Store  Ontari/h3_Cannabis' is hovered

2019-05-06 15:23:54 - [MESSAGE][PASSED] - Object: 'Object Repository/OCS_CRITICAL PATH/Checkout-customer/Page_Ontario Cannabis Store  Ontari/h3_Cannabis' is hovered

2019-05-06 15:23:54 - [TEST_STEP][PASSED] - delay(2): Delayed 2 second(s)

2019-05-06 15:23:56 - [MESSAGE][PASSED] - Delayed 2 second(s)

2019-05-06 15:23:56 - [TEST_STEP][PASSED] - click(findTestObject("OCS_CRITICAL PATH/Checkout-customer/Page_Ontario Cannabis Store  Ontari/span_Indica Dominant")): Object: 'Object Repository/OCS_CRITICAL PATH/Checkout-customer/Page_Ontario Cannabis Store  Ontari/span_Indica Dominant' is clicked on

2019-05-06 15:23:57 - [MESSAGE][PASSED] - Object: 'Object Repository/OCS_CRITICAL PATH/Checkout-customer/Page_Ontario Cannabis Store  Ontari/span_Indica Dominant' is clicked on

2019-05-06 15:23:57 - [TEST_STEP][PASSED] - click(findTestObject("OCS_CRITICAL PATH/Checkout-customer/Page_Indica Dominant Dried Flower/h3_Shishkaberry")): Object: 'Object Repository/OCS_CRITICAL PATH/Checkout-customer/Page_Indica Dominant Dried Flower/h3_Shishkaberry' is clicked on

2019-05-06 15:24:00 - [MESSAGE][PASSED] - Object: 'Object Repository/OCS_CRITICAL PATH/Checkout-customer/Page_Indica Dominant Dried Flower/h3_Shishkaberry' is clicked on

2019-05-06 15:24:00 - [TEST_STEP][NOT_RUN] - click(findTestObject("OCS_CRITICAL PATH/Checkout-customer/Page_Shishkaberry  Ontario Cannabis/span_3.5g")): NOT_RUN: click(findTestObject("OCS_CRITICAL PATH/Checkout-customer/Page_Shishkaberry  Ontario Cannabis/span_3.5g"))

2019-05-06 15:24:00 - [MESSAGE][NOT_RUN] - NOT_RUN: click(findTestObject("OCS_CRITICAL PATH/Checkout-customer/Page_Shishkaberry  Ontario Cannabis/span_3.5g"))

2019-05-06 15:24:00 - [TEST_STEP][PASSED] - click(findTestObject("OCS_CRITICAL PATH/Checkout-customer/Page_Shishkaberry  Ontario Cannabis/label_3.5g")): Object: 'Object Repository/OCS_CRITICAL PATH/Checkout-customer/Page_Shishkaberry  Ontario Cannabis/label_3.5g' is clicked on

2019-05-06 15:24:00 - [MESSAGE][PASSED] - Object: 'Object Repository/OCS_CRITICAL PATH/Checkout-customer/Page_Shishkaberry  Ontario Cannabis/label_3.5g' is clicked on

2019-05-06 15:24:00 - [TEST_STEP][PASSED] - click(findTestObject("OCS_CRITICAL PATH/Checkout-customer/Page_Shishkaberry  Ontario Cannabis/button_")): Object: 'Object Repository/OCS_CRITICAL PATH/Checkout-customer/Page_Shishkaberry  Ontario Cannabis/button_' is clicked on

2019-05-06 15:24:01 - [MESSAGE][PASSED] - Object: 'Object Repository/OCS_CRITICAL PATH/Checkout-customer/Page_Shishkaberry  Ontario Cannabis/button_' is clicked on

2019-05-06 15:24:01 - [TEST_STEP][PASSED] - click(findTestObject("OCS_CRITICAL PATH/Checkout-customer/Page_Shishkaberry  Ontario Cannabis/button_")): Object: 'Object Repository/OCS_CRITICAL PATH/Checkout-customer/Page_Shishkaberry  Ontario Cannabis/button_' is clicked on

2019-05-06 15:24:01 - [MESSAGE][PASSED] - Object: 'Object Repository/OCS_CRITICAL PATH/Checkout-customer/Page_Shishkaberry  Ontario Cannabis/button_' is clicked on

2019-05-06 15:24:01 - [TEST_STEP][PASSED] - click(findTestObject("OCS_CRITICAL PATH/Checkout-customer/Page_Shishkaberry  Ontario Cannabis/button_")): Object: 'Object Repository/OCS_CRITICAL PATH/Checkout-customer/Page_Shishkaberry  Ontario Cannabis/button_' is clicked on

2019-05-06 15:24:01 - [MESSAGE][PASSED] - Object: 'Object Repository/OCS_CRITICAL PATH/Checkout-customer/Page_Shishkaberry  Ontario Cannabis/button_' is clicked on

2019-05-06 15:24:01 - [TEST_STEP][PASSED] - click(findTestObject("OCS_CRITICAL PATH/Checkout-customer/Page_Shishkaberry  Ontario Cannabis/button_Add to Bag129.60")): Object: 'Object Repository/OCS_CRITICAL PATH/Checkout-customer/Page_Shishkaberry  Ontario Cannabis/button_Add to Bag129.60' is clicked on

2019-05-06 15:24:01 - [MESSAGE][PASSED] - Object: 'Object Repository/OCS_CRITICAL PATH/Checkout-customer/Page_Shishkaberry  Ontario Cannabis/button_Add to Bag129.60' is clicked on

2019-05-06 15:24:01 - [TEST_STEP][PASSED] - click(findTestObject("OCS_CRITICAL PATH/Checkout-customer/Page_Shishkaberry  Ontario Cannabis/span_concat(I confirm that I")): Object: 'Object Repository/OCS_CRITICAL PATH/Checkout-customer/Page_Shishkaberry  Ontario Cannabis/span_concat(I confirm that I' is clicked on

2019-05-06 15:24:04 - [MESSAGE][PASSED] - Object: 'Object Repository/OCS_CRITICAL PATH/Checkout-customer/Page_Shishkaberry  Ontario Cannabis/span_concat(I confirm that I' is clicked on

2019-05-06 15:24:04 - [TEST_STEP][PASSED] - click(findTestObject("OCS_CRITICAL PATH/Checkout-customer/Page_Shishkaberry  Ontario Cannabis/span_Accept the_checkbox")): Object: 'Object Repository/OCS_CRITICAL PATH/Checkout-customer/Page_Shishkaberry  Ontario Cannabis/span_Accept the_checkbox' is clicked on

2019-05-06 15:24:04 - [MESSAGE][PASSED] - Object: 'Object Repository/OCS_CRITICAL PATH/Checkout-customer/Page_Shishkaberry  Ontario Cannabis/span_Accept the_checkbox' is clicked on

2019-05-06 15:24:04 - [TEST_STEP][PASSED] - delay(3): Delayed 3 second(s)

2019-05-06 15:24:07 - [MESSAGE][PASSED] - Delayed 3 second(s)

2019-05-06 15:24:07 - [TEST_STEP][PASSED] - click(findTestObject("OCS_CRITICAL PATH/Checkout-customer/Page_Shishkaberry  Ontario Cannabis/a_Checkout")): Object: 'Object Repository/OCS_CRITICAL PATH/Checkout-customer/Page_Shishkaberry  Ontario Cannabis/a_Checkout' is clicked on

2019-05-06 15:24:26 - [MESSAGE][PASSED] - Object: 'Object Repository/OCS_CRITICAL PATH/Checkout-customer/Page_Shishkaberry  Ontario Cannabis/a_Checkout' is clicked on

2019-05-06 15:24:26 - [TEST_STEP][PASSED] - setText(findTestObject("OCS_CRITICAL PATH/Checkout-customer/Page_Ontario Cannabis Store - Infor/input_Email_checkoutemail"), "sumankompelly@diffagency.com"): Text 'sumankompelly@diffagency.com' is set on object 'Object Repository/OCS_CRITICAL PATH/Checkout-customer/Page_Ontario Cannabis Store - Infor/input_Email_checkoutemail'

2019-05-06 15:24:27 - [MESSAGE][PASSED] - Text 'sumankompelly@diffagency.com' is set on object 'Object Repository/OCS_CRITICAL PATH/Checkout-customer/Page_Ontario Cannabis Store - Infor/input_Email_checkoutemail'

2019-05-06 15:24:27 - [TEST_STEP][PASSED] - setText(findTestObject("OCS_CRITICAL PATH/Checkout-customer/Page_Ontario Cannabis Store - Infor/input_First name_checkoutshipp"), "suman"): Text 'suman' is set on object 'Object Repository/OCS_CRITICAL PATH/Checkout-customer/Page_Ontario Cannabis Store - Infor/input_First name_checkoutshipp'

2019-05-06 15:24:27 - [MESSAGE][PASSED] - Text 'suman' is set on object 'Object Repository/OCS_CRITICAL PATH/Checkout-customer/Page_Ontario Cannabis Store - Infor/input_First name_checkoutshipp'

2019-05-06 15:24:27 - [TEST_STEP][PASSED] - setText(findTestObject("OCS_CRITICAL PATH/Checkout-customer/Page_Ontario Cannabis Store - Infor/input_Last name_checkoutshippi"), "kompelly"): Text 'kompelly' is set on object 'Object Repository/OCS_CRITICAL PATH/Checkout-customer/Page_Ontario Cannabis Store - Infor/input_Last name_checkoutshippi'

2019-05-06 15:24:27 - [MESSAGE][PASSED] - Text 'kompelly' is set on object 'Object Repository/OCS_CRITICAL PATH/Checkout-customer/Page_Ontario Cannabis Store - Infor/input_Last name_checkoutshippi'

2019-05-06 15:24:27 - [TEST_STEP][PASSED] - setText(findTestObject("OCS_CRITICAL PATH/Checkout-customer/Page_Ontario Cannabis Store - Infor/input_Address_checkoutshipping"), "399 st alxendre"): Text '399 st alxendre' is set on object 'Object Repository/OCS_CRITICAL PATH/Checkout-customer/Page_Ontario Cannabis Store - Infor/input_Address_checkoutshipping'

2019-05-06 15:24:27 - [MESSAGE][PASSED] - Text '399 st alxendre' is set on object 'Object Repository/OCS_CRITICAL PATH/Checkout-customer/Page_Ontario Cannabis Store - Infor/input_Address_checkoutshipping'

2019-05-06 15:24:27 - [TEST_STEP][PASSED] - setText(findTestObject("OCS_CRITICAL PATH/Checkout-customer/Page_Ontario Cannabis Store - Infor/input_Apartment suite etc. (op"), "38"): Text '38' is set on object 'Object Repository/OCS_CRITICAL PATH/Checkout-customer/Page_Ontario Cannabis Store - Infor/input_Apartment suite etc. (op'

2019-05-06 15:24:27 - [MESSAGE][PASSED] - Text '38' is set on object 'Object Repository/OCS_CRITICAL PATH/Checkout-customer/Page_Ontario Cannabis Store - Infor/input_Apartment suite etc. (op'

2019-05-06 15:24:27 - [TEST_STEP][PASSED] - setText(findTestObject("OCS_CRITICAL PATH/Checkout-customer/Page_Ontario Cannabis Store - Infor/input_City_checkoutshipping_ad"), "montreal"): Text 'montreal' is set on object 'Object Repository/OCS_CRITICAL PATH/Checkout-customer/Page_Ontario Cannabis Store - Infor/input_City_checkoutshipping_ad'

2019-05-06 15:24:27 - [MESSAGE][PASSED] - Text 'montreal' is set on object 'Object Repository/OCS_CRITICAL PATH/Checkout-customer/Page_Ontario Cannabis Store - Infor/input_City_checkoutshipping_ad'

2019-05-06 15:24:27 - [TEST_STEP][PASSED] - setText(findTestObject("OCS_CRITICAL PATH/Checkout-customer/Page_Ontario Cannabis Store - Infor/input_Postal code_checkoutship"), "n0r1k0"): Text 'n0r1k0' is set on object 'Object Repository/OCS_CRITICAL PATH/Checkout-customer/Page_Ontario Cannabis Store - Infor/input_Postal code_checkoutship'

2019-05-06 15:24:28 - [MESSAGE][PASSED] - Text 'n0r1k0' is set on object 'Object Repository/OCS_CRITICAL PATH/Checkout-customer/Page_Ontario Cannabis Store - Infor/input_Postal code_checkoutship'

2019-05-06 15:24:28 - [TEST_STEP][PASSED] - setText(findTestObject("OCS_CRITICAL PATH/Checkout-customer/Page_Ontario Cannabis Store - Infor/input_Phone_checkoutshipping_a"), "(514) 449-3882"): Text '(514) 449-3882' is set on object 'Object Repository/OCS_CRITICAL PATH/Checkout-customer/Page_Ontario Cannabis Store - Infor/input_Phone_checkoutshipping_a'

2019-05-06 15:24:28 - [MESSAGE][PASSED] - Text '(514) 449-3882' is set on object 'Object Repository/OCS_CRITICAL PATH/Checkout-customer/Page_Ontario Cannabis Store - Infor/input_Phone_checkoutshipping_a'

2019-05-06 15:24:28 - [TEST_STEP][PASSED] - click(findTestObject("OCS_CRITICAL PATH/Checkout-customer/Page_Ontario Cannabis Store - Infor/button_Continue to shipping me")): Object: 'Object Repository/OCS_CRITICAL PATH/Checkout-customer/Page_Ontario Cannabis Store - Infor/button_Continue to shipping me' is clicked on

2019-05-06 15:24:28 - [MESSAGE][PASSED] - Object: 'Object Repository/OCS_CRITICAL PATH/Checkout-customer/Page_Ontario Cannabis Store - Infor/button_Continue to shipping me' is clicked on

2019-05-06 15:24:28 - [TEST_STEP][PASSED] - a = getWindowTitle(): Current window's title is: 'Concurrent updates'

2019-05-06 15:24:28 - [MESSAGE][PASSED] - Current window's title is: 'Concurrent updates'

2019-05-06 15:24:28 - [TEST_STEP][PASSED] - comment(a): Concurrent updates

2019-05-06 15:24:28 - [MESSAGE][INFO] - Concurrent updates

2019-05-06 15:24:28 - [TEST_STEP][PASSED] - assert getWindowTitle() == a: Current window's title is: 'Concurrent updates'

2019-05-06 15:24:28 - [MESSAGE][PASSED] - Current window's title is: 'Concurrent updates'

2019-05-06 15:24:28 - [TEST_STEP][PASSED] - comment(" navigation is on the right page "):  navigation is on the right page 

2019-05-06 15:24:28 - [MESSAGE][INFO] -  navigation is on the right page]]></system-out>
         <system-err><![CDATA[]]></system-err>
      </testcase>
      <testcase name="Test Cases/OCS- CRITICAL PATH/Cart flyout-tooltips" classname="Test Cases/OCS- CRITICAL PATH/Cart flyout-tooltips" status="FAILED">
         <failure type="FAILED" message="Test Cases/OCS- CRITICAL PATH/Cart flyout-tooltips FAILED.
Reason:
com.kms.katalon.core.exception.StepFailedException: Unable to click on object 'Object Repository/Cart flyout-tooltips_OR/Page_Ontario Cannabis Store  Ontari/span_Indica Dominant' (Root cause: org.openqa.selenium.ElementNotInteractableException: Element &lt;span> could not be scrolled into view
Build info: version: '3.7.1', revision: '8a0099a', time: '2017-11-06T21:07:36.161Z'
System info: host: 'sumans-MacBook-Pro.local', ip: 'fe80:0:0:0:cb0:6c11:f493:d0f6%en0', os.name: 'Mac OS X', os.arch: 'x86_64', os.version: '10.13.6', java.version: '1.8.0_181'
Driver info: com.kms.katalon.core.webui.driver.firefox.CGeckoDriver
Capabilities {acceptInsecureCerts: true, browserName: firefox, browserVersion: 66.0.3, javascriptEnabled: true, moz:accessibilityChecks: false, moz:geckodriverVersion: 0.23.0, moz:headless: false, moz:processID: 3962, moz:profile: /var/folders/1t/c55l8xzs6gq..., moz:shutdownTimeout: 60000, moz:useNonSpecCompliantPointerOrigin: false, moz:webdriverClick: true, pageLoadStrategy: normal, platform: MAC, platformName: MAC, platformVersion: 17.7.0, proxy: Proxy(direct), rotatable: false, setWindowRect: true, strictFileInteractability: false, timeouts: {implicit: 0, pageLoad: 300000, script: 30000}, unhandledPromptBehavior: dismiss and notify}
Session ID: 06771538-6b51-1048-8326-7b2b738be475)
	at com.kms.katalon.core.keyword.internal.KeywordMain.stepFailed(KeywordMain.groovy:36)
	at com.kms.katalon.core.webui.keyword.internal.WebUIKeywordMain.stepFailed(WebUIKeywordMain.groovy:65)
	at com.kms.katalon.core.webui.keyword.internal.WebUIKeywordMain.runKeyword(WebUIKeywordMain.groovy:27)
	at com.kms.katalon.core.webui.keyword.builtin.ClickKeyword.click(ClickKeyword.groovy:86)
	at com.kms.katalon.core.webui.keyword.builtin.ClickKeyword.execute(ClickKeyword.groovy:67)
	at com.kms.katalon.core.keyword.internal.KeywordExecutor.executeKeywordForPlatform(KeywordExecutor.groovy:53)
	at com.kms.katalon.core.webui.keyword.WebUiBuiltInKeywords.click(WebUiBuiltInKeywords.groovy:616)
	at com.kms.katalon.core.webui.keyword.WebUiBuiltInKeywords$click$1.call(Unknown Source)
	at Cart flyout-tooltips.run(Cart flyout-tooltips:41)
	at com.kms.katalon.core.main.ScriptEngine.run(ScriptEngine.java:194)
	at com.kms.katalon.core.main.ScriptEngine.runScriptAsRawText(ScriptEngine.java:119)
	at com.kms.katalon.core.main.TestCaseExecutor.runScript(TestCaseExecutor.java:328)
	at com.kms.katalon.core.main.TestCaseExecutor.doExecute(TestCaseExecutor.java:319)
	at com.kms.katalon.core.main.TestCaseExecutor.processExecutionPhase(TestCaseExecutor.java:298)
	at com.kms.katalon.core.main.TestCaseExecutor.accessMainPhase(TestCaseExecutor.java:290)
	at com.kms.katalon.core.main.TestCaseExecutor.execute(TestCaseExecutor.java:224)
	at com.kms.katalon.core.main.TestSuiteExecutor.accessTestCaseMainPhase(TestSuiteExecutor.java:129)
	at com.kms.katalon.core.main.TestSuiteExecutor.accessTestSuiteMainPhase(TestSuiteExecutor.java:112)
	at com.kms.katalon.core.main.TestSuiteExecutor.execute(TestSuiteExecutor.java:81)
	at com.kms.katalon.core.main.TestCaseMain.startTestSuite(TestCaseMain.java:149)
	at com.kms.katalon.core.main.TestCaseMain$startTestSuite$0.call(Unknown Source)
	at TempTestSuite1557170415012.run(TempTestSuite1557170415012.groovy:36)
"/>
         <system-out><![CDATA[2019-05-06 15:24:28 - [TEST_CASE][FAILED] - Test Cases/OCS- CRITICAL PATH/Cart flyout-tooltips: Test Cases/OCS- CRITICAL PATH/Cart flyout-tooltips FAILED.
Reason:
com.kms.katalon.core.exception.StepFailedException: Unable to click on object 'Object Repository/Cart flyout-tooltips_OR/Page_Ontario Cannabis Store  Ontari/span_Indica Dominant' (Root cause: org.openqa.selenium.ElementNotInteractableException: Element <span> could not be scrolled into view
Build info: version: '3.7.1', revision: '8a0099a', time: '2017-11-06T21:07:36.161Z'
System info: host: 'sumans-MacBook-Pro.local', ip: 'fe80:0:0:0:cb0:6c11:f493:d0f6%en0', os.name: 'Mac OS X', os.arch: 'x86_64', os.version: '10.13.6', java.version: '1.8.0_181'
Driver info: com.kms.katalon.core.webui.driver.firefox.CGeckoDriver
Capabilities {acceptInsecureCerts: true, browserName: firefox, browserVersion: 66.0.3, javascriptEnabled: true, moz:accessibilityChecks: false, moz:geckodriverVersion: 0.23.0, moz:headless: false, moz:processID: 3962, moz:profile: /var/folders/1t/c55l8xzs6gq..., moz:shutdownTimeout: 60000, moz:useNonSpecCompliantPointerOrigin: false, moz:webdriverClick: true, pageLoadStrategy: normal, platform: MAC, platformName: MAC, platformVersion: 17.7.0, proxy: Proxy(direct), rotatable: false, setWindowRect: true, strictFileInteractability: false, timeouts: {implicit: 0, pageLoad: 300000, script: 30000}, unhandledPromptBehavior: dismiss and notify}
Session ID: 06771538-6b51-1048-8326-7b2b738be475)
	at com.kms.katalon.core.keyword.internal.KeywordMain.stepFailed(KeywordMain.groovy:36)
	at com.kms.katalon.core.webui.keyword.internal.WebUIKeywordMain.stepFailed(WebUIKeywordMain.groovy:65)
	at com.kms.katalon.core.webui.keyword.internal.WebUIKeywordMain.runKeyword(WebUIKeywordMain.groovy:27)
	at com.kms.katalon.core.webui.keyword.builtin.ClickKeyword.click(ClickKeyword.groovy:86)
	at com.kms.katalon.core.webui.keyword.builtin.ClickKeyword.execute(ClickKeyword.groovy:67)
	at com.kms.katalon.core.keyword.internal.KeywordExecutor.executeKeywordForPlatform(KeywordExecutor.groovy:53)
	at com.kms.katalon.core.webui.keyword.WebUiBuiltInKeywords.click(WebUiBuiltInKeywords.groovy:616)
	at com.kms.katalon.core.webui.keyword.WebUiBuiltInKeywords$click$1.call(Unknown Source)
	at Cart flyout-tooltips.run(Cart flyout-tooltips:41)
	at com.kms.katalon.core.main.ScriptEngine.run(ScriptEngine.java:194)
	at com.kms.katalon.core.main.ScriptEngine.runScriptAsRawText(ScriptEngine.java:119)
	at com.kms.katalon.core.main.TestCaseExecutor.runScript(TestCaseExecutor.java:328)
	at com.kms.katalon.core.main.TestCaseExecutor.doExecute(TestCaseExecutor.java:319)
	at com.kms.katalon.core.main.TestCaseExecutor.processExecutionPhase(TestCaseExecutor.java:298)
	at com.kms.katalon.core.main.TestCaseExecutor.accessMainPhase(TestCaseExecutor.java:290)
	at com.kms.katalon.core.main.TestCaseExecutor.execute(TestCaseExecutor.java:224)
	at com.kms.katalon.core.main.TestSuiteExecutor.accessTestCaseMainPhase(TestSuiteExecutor.java:129)
	at com.kms.katalon.core.main.TestSuiteExecutor.accessTestSuiteMainPhase(TestSuiteExecutor.java:112)
	at com.kms.katalon.core.main.TestSuiteExecutor.execute(TestSuiteExecutor.java:81)
	at com.kms.katalon.core.main.TestCaseMain.startTestSuite(TestCaseMain.java:149)
	at com.kms.katalon.core.main.TestCaseMain$startTestSuite$0.call(Unknown Source)
	at TempTestSuite1557170415012.run(TempTestSuite1557170415012.groovy:36)


2019-05-06 15:24:29 - [TEST_STEP][PASSED] - openBrowser(""): Browser is opened with url: ''

2019-05-06 15:24:29 - [MESSAGE][WARNING] - A browser is already opened. Closing browser and opening a new one

2019-05-06 15:24:29 - [MESSAGE][INFO] - Starting 'Firefox' driver

2019-05-06 15:24:32 - [MESSAGE][PASSED] - Browser is opened with url: ''

2019-05-06 15:24:32 - [TEST_STEP][PASSED] - navigateToUrl("https://ocs.ca/?fts=0&preview_theme_id=53372913484"): Navigate to 'https://ocs.ca/?fts=0&preview_theme_id=53372913484' successfully

2019-05-06 15:24:55 - [MESSAGE][PASSED] - Navigate to 'https://ocs.ca/?fts=0&preview_theme_id=53372913484' successfully

2019-05-06 15:24:55 - [TEST_STEP][PASSED] - click(findTestObject("Object Repository/Theme_oR/Page_Ontario Cannabis Store  Ontari/button_Close preview")): Object: 'Object Repository/Theme_oR/Page_Ontario Cannabis Store  Ontari/button_Close preview' is clicked on

2019-05-06 15:24:56 - [MESSAGE][PASSED] - Object: 'Object Repository/Theme_oR/Page_Ontario Cannabis Store  Ontari/button_Close preview' is clicked on

2019-05-06 15:24:56 - [TEST_STEP][PASSED] - selectOptionByValue(findTestObject("Object Repository/Cart flyout-tooltips_OR/Page_Ontario Cannabis Store  Ontari/select_Select01020304050607080"), "17", true): All options with value '17' are selected in object 'Object Repository/Cart flyout-tooltips_OR/Page_Ontario Cannabis Store  Ontari/select_Select01020304050607080'  using regular expression

2019-05-06 15:24:58 - [MESSAGE][PASSED] - All options with value '17' are selected in object 'Object Repository/Cart flyout-tooltips_OR/Page_Ontario Cannabis Store  Ontari/select_Select01020304050607080'  using regular expression

2019-05-06 15:24:58 - [TEST_STEP][PASSED] - selectOptionByValue(findTestObject("Object Repository/Cart flyout-tooltips_OR/Page_Ontario Cannabis Store  Ontari/select_SelectJanuary - 01Febru"), "7", true): All options with value '7' are selected in object 'Object Repository/Cart flyout-tooltips_OR/Page_Ontario Cannabis Store  Ontari/select_SelectJanuary - 01Febru'  using regular expression

2019-05-06 15:24:58 - [MESSAGE][PASSED] - All options with value '7' are selected in object 'Object Repository/Cart flyout-tooltips_OR/Page_Ontario Cannabis Store  Ontari/select_SelectJanuary - 01Febru'  using regular expression

2019-05-06 15:24:58 - [TEST_STEP][PASSED] - selectOptionByValue(findTestObject("Object Repository/Cart flyout-tooltips_OR/Page_Ontario Cannabis Store  Ontari/select_Select20182017201620152"), "1949", true): All options with value '1949' are selected in object 'Object Repository/Cart flyout-tooltips_OR/Page_Ontario Cannabis Store  Ontari/select_Select20182017201620152'  using regular expression

2019-05-06 15:25:01 - [MESSAGE][PASSED] - All options with value '1949' are selected in object 'Object Repository/Cart flyout-tooltips_OR/Page_Ontario Cannabis Store  Ontari/select_Select20182017201620152'  using regular expression

2019-05-06 15:25:01 - [TEST_STEP][PASSED] - click(findTestObject("Object Repository/Cart flyout-tooltips_OR/Page_Ontario Cannabis Store  Ontari/button_Verify")): Object: 'Object Repository/Cart flyout-tooltips_OR/Page_Ontario Cannabis Store  Ontari/button_Verify' is clicked on

2019-05-06 15:25:01 - [MESSAGE][PASSED] - Object: 'Object Repository/Cart flyout-tooltips_OR/Page_Ontario Cannabis Store  Ontari/button_Verify' is clicked on

2019-05-06 15:25:01 - [TEST_STEP][PASSED] - click(findTestObject("Object Repository/Cart flyout-tooltips_OR/Page_Ontario Cannabis Store  Ontari/span_CONFIRM AND ACKNOWLEDGE_c")): Object: 'Object Repository/Cart flyout-tooltips_OR/Page_Ontario Cannabis Store  Ontari/span_CONFIRM AND ACKNOWLEDGE_c' is clicked on

2019-05-06 15:25:01 - [MESSAGE][PASSED] - Object: 'Object Repository/Cart flyout-tooltips_OR/Page_Ontario Cannabis Store  Ontari/span_CONFIRM AND ACKNOWLEDGE_c' is clicked on

2019-05-06 15:25:01 - [TEST_STEP][PASSED] - click(findTestObject("Object Repository/Cart flyout-tooltips_OR/Page_Ontario Cannabis Store  Ontari/button_CONFIRM")): Object: 'Object Repository/Cart flyout-tooltips_OR/Page_Ontario Cannabis Store  Ontari/button_CONFIRM' is clicked on

2019-05-06 15:25:02 - [MESSAGE][PASSED] - Object: 'Object Repository/Cart flyout-tooltips_OR/Page_Ontario Cannabis Store  Ontari/button_CONFIRM' is clicked on

2019-05-06 15:25:02 - [TEST_STEP][PASSED] - click(findTestObject("Object Repository/Cart flyout-tooltips_OR/Page_Ontario Cannabis Store  Ontari/button_Start Browsing")): Object: 'Object Repository/Cart flyout-tooltips_OR/Page_Ontario Cannabis Store  Ontari/button_Start Browsing' is clicked on

2019-05-06 15:25:02 - [MESSAGE][PASSED] - Object: 'Object Repository/Cart flyout-tooltips_OR/Page_Ontario Cannabis Store  Ontari/button_Start Browsing' is clicked on

2019-05-06 15:25:02 - [TEST_STEP][PASSED] - click(findTestObject("Object Repository/Cart flyout-tooltips_OR/Page_Ontario Cannabis Store  Ontari/h3_Cannabis")): Object: 'Object Repository/Cart flyout-tooltips_OR/Page_Ontario Cannabis Store  Ontari/h3_Cannabis' is clicked on

2019-05-06 15:25:02 - [MESSAGE][PASSED] - Object: 'Object Repository/Cart flyout-tooltips_OR/Page_Ontario Cannabis Store  Ontari/h3_Cannabis' is clicked on

2019-05-06 15:25:02 - [TEST_STEP][FAILED] - click(findTestObject("Object Repository/Cart flyout-tooltips_OR/Page_Ontario Cannabis Store  Ontari/span_Indica Dominant")): click(findTestObject("Object Repository/Cart flyout-tooltips_OR/Page_Ontario Cannabis Store  Ontari/span_Indica Dominant")) FAILED.
Reason:
com.kms.katalon.core.exception.StepFailedException: Unable to click on object 'Object Repository/Cart flyout-tooltips_OR/Page_Ontario Cannabis Store  Ontari/span_Indica Dominant' (Root cause: org.openqa.selenium.ElementNotInteractableException: Element <span> could not be scrolled into view
Build info: version: '3.7.1', revision: '8a0099a', time: '2017-11-06T21:07:36.161Z'
System info: host: 'sumans-MacBook-Pro.local', ip: 'fe80:0:0:0:cb0:6c11:f493:d0f6%en0', os.name: 'Mac OS X', os.arch: 'x86_64', os.version: '10.13.6', java.version: '1.8.0_181'
Driver info: com.kms.katalon.core.webui.driver.firefox.CGeckoDriver
Capabilities {acceptInsecureCerts: true, browserName: firefox, browserVersion: 66.0.3, javascriptEnabled: true, moz:accessibilityChecks: false, moz:geckodriverVersion: 0.23.0, moz:headless: false, moz:processID: 3962, moz:profile: /var/folders/1t/c55l8xzs6gq..., moz:shutdownTimeout: 60000, moz:useNonSpecCompliantPointerOrigin: false, moz:webdriverClick: true, pageLoadStrategy: normal, platform: MAC, platformName: MAC, platformVersion: 17.7.0, proxy: Proxy(direct), rotatable: false, setWindowRect: true, strictFileInteractability: false, timeouts: {implicit: 0, pageLoad: 300000, script: 30000}, unhandledPromptBehavior: dismiss and notify}
Session ID: 06771538-6b51-1048-8326-7b2b738be475)
	at com.kms.katalon.core.keyword.internal.KeywordMain.stepFailed(KeywordMain.groovy:36)
	at com.kms.katalon.core.webui.keyword.internal.WebUIKeywordMain.stepFailed(WebUIKeywordMain.groovy:65)
	at com.kms.katalon.core.webui.keyword.internal.WebUIKeywordMain.runKeyword(WebUIKeywordMain.groovy:27)
	at com.kms.katalon.core.webui.keyword.builtin.ClickKeyword.click(ClickKeyword.groovy:86)
	at com.kms.katalon.core.webui.keyword.builtin.ClickKeyword.execute(ClickKeyword.groovy:67)
	at com.kms.katalon.core.keyword.internal.KeywordExecutor.executeKeywordForPlatform(KeywordExecutor.groovy:53)
	at com.kms.katalon.core.webui.keyword.WebUiBuiltInKeywords.click(WebUiBuiltInKeywords.groovy:616)
	at com.kms.katalon.core.webui.keyword.WebUiBuiltInKeywords$click$1.call(Unknown Source)
	at Cart flyout-tooltips.run(Cart flyout-tooltips:41)
	at com.kms.katalon.core.main.ScriptEngine.run(ScriptEngine.java:194)
	at com.kms.katalon.core.main.ScriptEngine.runScriptAsRawText(ScriptEngine.java:119)
	at com.kms.katalon.core.main.TestCaseExecutor.runScript(TestCaseExecutor.java:328)
	at com.kms.katalon.core.main.TestCaseExecutor.doExecute(TestCaseExecutor.java:319)
	at com.kms.katalon.core.main.TestCaseExecutor.processExecutionPhase(TestCaseExecutor.java:298)
	at com.kms.katalon.core.main.TestCaseExecutor.accessMainPhase(TestCaseExecutor.java:290)
	at com.kms.katalon.core.main.TestCaseExecutor.execute(TestCaseExecutor.java:224)
	at com.kms.katalon.core.main.TestSuiteExecutor.accessTestCaseMainPhase(TestSuiteExecutor.java:129)
	at com.kms.katalon.core.main.TestSuiteExecutor.accessTestSuiteMainPhase(TestSuiteExecutor.java:112)
	at com.kms.katalon.core.main.TestSuiteExecutor.execute(TestSuiteExecutor.java:81)
	at com.kms.katalon.core.main.TestCaseMain.startTestSuite(TestCaseMain.java:149)
	at com.kms.katalon.core.main.TestCaseMain$startTestSuite$0.call(Unknown Source)
	at TempTestSuite1557170415012.run(TempTestSuite1557170415012.groovy:36)


2019-05-06 15:25:03 - [MESSAGE][FAILED] - Unable to click on object 'Object Repository/Cart flyout-tooltips_OR/Page_Ontario Cannabis Store  Ontari/span_Indica Dominant' (Root cause: org.openqa.selenium.ElementNotInteractableException: Element <span> could not be scrolled into view
Build info: version: '3.7.1', revision: '8a0099a', time: '2017-11-06T21:07:36.161Z'
System info: host: 'sumans-MacBook-Pro.local', ip: 'fe80:0:0:0:cb0:6c11:f493:d0f6%en0', os.name: 'Mac OS X', os.arch: 'x86_64', os.version: '10.13.6', java.version: '1.8.0_181'
Driver info: com.kms.katalon.core.webui.driver.firefox.CGeckoDriver
Capabilities {acceptInsecureCerts: true, browserName: firefox, browserVersion: 66.0.3, javascriptEnabled: true, moz:accessibilityChecks: false, moz:geckodriverVersion: 0.23.0, moz:headless: false, moz:processID: 3962, moz:profile: /var/folders/1t/c55l8xzs6gq..., moz:shutdownTimeout: 60000, moz:useNonSpecCompliantPointerOrigin: false, moz:webdriverClick: true, pageLoadStrategy: normal, platform: MAC, platformName: MAC, platformVersion: 17.7.0, proxy: Proxy(direct), rotatable: false, setWindowRect: true, strictFileInteractability: false, timeouts: {implicit: 0, pageLoad: 300000, script: 30000}, unhandledPromptBehavior: dismiss and notify}
Session ID: 06771538-6b51-1048-8326-7b2b738be475)
[[ATTACHMENT|/Users/sumankompelly/git/Sample-OCS/Reports/OCS-1.7.0/CRITICAL PATH/20190506_152014/1557170702696.png]]

2019-05-06 15:25:03 - [MESSAGE][FAILED] - click(findTestObject("Object Repository/Cart flyout-tooltips_OR/Page_Ontario Cannabis Store  Ontari/span_Indica Dominant")) FAILED.
Reason:
com.kms.katalon.core.exception.StepFailedException: Unable to click on object 'Object Repository/Cart flyout-tooltips_OR/Page_Ontario Cannabis Store  Ontari/span_Indica Dominant' (Root cause: org.openqa.selenium.ElementNotInteractableException: Element <span> could not be scrolled into view
Build info: version: '3.7.1', revision: '8a0099a', time: '2017-11-06T21:07:36.161Z'
System info: host: 'sumans-MacBook-Pro.local', ip: 'fe80:0:0:0:cb0:6c11:f493:d0f6%en0', os.name: 'Mac OS X', os.arch: 'x86_64', os.version: '10.13.6', java.version: '1.8.0_181'
Driver info: com.kms.katalon.core.webui.driver.firefox.CGeckoDriver
Capabilities {acceptInsecureCerts: true, browserName: firefox, browserVersion: 66.0.3, javascriptEnabled: true, moz:accessibilityChecks: false, moz:geckodriverVersion: 0.23.0, moz:headless: false, moz:processID: 3962, moz:profile: /var/folders/1t/c55l8xzs6gq..., moz:shutdownTimeout: 60000, moz:useNonSpecCompliantPointerOrigin: false, moz:webdriverClick: true, pageLoadStrategy: normal, platform: MAC, platformName: MAC, platformVersion: 17.7.0, proxy: Proxy(direct), rotatable: false, setWindowRect: true, strictFileInteractability: false, timeouts: {implicit: 0, pageLoad: 300000, script: 30000}, unhandledPromptBehavior: dismiss and notify}
Session ID: 06771538-6b51-1048-8326-7b2b738be475)
	at com.kms.katalon.core.keyword.internal.KeywordMain.stepFailed(KeywordMain.groovy:36)
	at com.kms.katalon.core.webui.keyword.internal.WebUIKeywordMain.stepFailed(WebUIKeywordMain.groovy:65)
	at com.kms.katalon.core.webui.keyword.internal.WebUIKeywordMain.runKeyword(WebUIKeywordMain.groovy:27)
	at com.kms.katalon.core.webui.keyword.builtin.ClickKeyword.click(ClickKeyword.groovy:86)
	at com.kms.katalon.core.webui.keyword.builtin.ClickKeyword.execute(ClickKeyword.groovy:67)
	at com.kms.katalon.core.keyword.internal.KeywordExecutor.executeKeywordForPlatform(KeywordExecutor.groovy:53)
	at com.kms.katalon.core.webui.keyword.WebUiBuiltInKeywords.click(WebUiBuiltInKeywords.groovy:616)
	at com.kms.katalon.core.webui.keyword.WebUiBuiltInKeywords$click$1.call(Unknown Source)
	at Cart flyout-tooltips.run(Cart flyout-tooltips:41)
	at com.kms.katalon.core.main.ScriptEngine.run(ScriptEngine.java:194)
	at com.kms.katalon.core.main.ScriptEngine.runScriptAsRawText(ScriptEngine.java:119)
	at com.kms.katalon.core.main.TestCaseExecutor.runScript(TestCaseExecutor.java:328)
	at com.kms.katalon.core.main.TestCaseExecutor.doExecute(TestCaseExecutor.java:319)
	at com.kms.katalon.core.main.TestCaseExecutor.processExecutionPhase(TestCaseExecutor.java:298)
	at com.kms.katalon.core.main.TestCaseExecutor.accessMainPhase(TestCaseExecutor.java:290)
	at com.kms.katalon.core.main.TestCaseExecutor.execute(TestCaseExecutor.java:224)
	at com.kms.katalon.core.main.TestSuiteExecutor.accessTestCaseMainPhase(TestSuiteExecutor.java:129)
	at com.kms.katalon.core.main.TestSuiteExecutor.accessTestSuiteMainPhase(TestSuiteExecutor.java:112)
	at com.kms.katalon.core.main.TestSuiteExecutor.execute(TestSuiteExecutor.java:81)
	at com.kms.katalon.core.main.TestCaseMain.startTestSuite(TestCaseMain.java:149)
	at com.kms.katalon.core.main.TestCaseMain$startTestSuite$0.call(Unknown Source)
	at TempTestSuite1557170415012.run(TempTestSuite1557170415012.groovy:36)]]></system-out>
         <system-err><![CDATA[2019-05-06 15:24:28 - [TEST_CASE][FAILED] - Test Cases/OCS- CRITICAL PATH/Cart flyout-tooltips: Test Cases/OCS- CRITICAL PATH/Cart flyout-tooltips FAILED.
Reason:
com.kms.katalon.core.exception.StepFailedException: Unable to click on object 'Object Repository/Cart flyout-tooltips_OR/Page_Ontario Cannabis Store  Ontari/span_Indica Dominant' (Root cause: org.openqa.selenium.ElementNotInteractableException: Element <span> could not be scrolled into view
Build info: version: '3.7.1', revision: '8a0099a', time: '2017-11-06T21:07:36.161Z'
System info: host: 'sumans-MacBook-Pro.local', ip: 'fe80:0:0:0:cb0:6c11:f493:d0f6%en0', os.name: 'Mac OS X', os.arch: 'x86_64', os.version: '10.13.6', java.version: '1.8.0_181'
Driver info: com.kms.katalon.core.webui.driver.firefox.CGeckoDriver
Capabilities {acceptInsecureCerts: true, browserName: firefox, browserVersion: 66.0.3, javascriptEnabled: true, moz:accessibilityChecks: false, moz:geckodriverVersion: 0.23.0, moz:headless: false, moz:processID: 3962, moz:profile: /var/folders/1t/c55l8xzs6gq..., moz:shutdownTimeout: 60000, moz:useNonSpecCompliantPointerOrigin: false, moz:webdriverClick: true, pageLoadStrategy: normal, platform: MAC, platformName: MAC, platformVersion: 17.7.0, proxy: Proxy(direct), rotatable: false, setWindowRect: true, strictFileInteractability: false, timeouts: {implicit: 0, pageLoad: 300000, script: 30000}, unhandledPromptBehavior: dismiss and notify}
Session ID: 06771538-6b51-1048-8326-7b2b738be475)
	at com.kms.katalon.core.keyword.internal.KeywordMain.stepFailed(KeywordMain.groovy:36)
	at com.kms.katalon.core.webui.keyword.internal.WebUIKeywordMain.stepFailed(WebUIKeywordMain.groovy:65)
	at com.kms.katalon.core.webui.keyword.internal.WebUIKeywordMain.runKeyword(WebUIKeywordMain.groovy:27)
	at com.kms.katalon.core.webui.keyword.builtin.ClickKeyword.click(ClickKeyword.groovy:86)
	at com.kms.katalon.core.webui.keyword.builtin.ClickKeyword.execute(ClickKeyword.groovy:67)
	at com.kms.katalon.core.keyword.internal.KeywordExecutor.executeKeywordForPlatform(KeywordExecutor.groovy:53)
	at com.kms.katalon.core.webui.keyword.WebUiBuiltInKeywords.click(WebUiBuiltInKeywords.groovy:616)
	at com.kms.katalon.core.webui.keyword.WebUiBuiltInKeywords$click$1.call(Unknown Source)
	at Cart flyout-tooltips.run(Cart flyout-tooltips:41)
	at com.kms.katalon.core.main.ScriptEngine.run(ScriptEngine.java:194)
	at com.kms.katalon.core.main.ScriptEngine.runScriptAsRawText(ScriptEngine.java:119)
	at com.kms.katalon.core.main.TestCaseExecutor.runScript(TestCaseExecutor.java:328)
	at com.kms.katalon.core.main.TestCaseExecutor.doExecute(TestCaseExecutor.java:319)
	at com.kms.katalon.core.main.TestCaseExecutor.processExecutionPhase(TestCaseExecutor.java:298)
	at com.kms.katalon.core.main.TestCaseExecutor.accessMainPhase(TestCaseExecutor.java:290)
	at com.kms.katalon.core.main.TestCaseExecutor.execute(TestCaseExecutor.java:224)
	at com.kms.katalon.core.main.TestSuiteExecutor.accessTestCaseMainPhase(TestSuiteExecutor.java:129)
	at com.kms.katalon.core.main.TestSuiteExecutor.accessTestSuiteMainPhase(TestSuiteExecutor.java:112)
	at com.kms.katalon.core.main.TestSuiteExecutor.execute(TestSuiteExecutor.java:81)
	at com.kms.katalon.core.main.TestCaseMain.startTestSuite(TestCaseMain.java:149)
	at com.kms.katalon.core.main.TestCaseMain$startTestSuite$0.call(Unknown Source)
	at TempTestSuite1557170415012.run(TempTestSuite1557170415012.groovy:36)]]></system-err>
      </testcase>
      <testcase name="Test Cases/OCS- CRITICAL PATH/Cart" classname="Test Cases/OCS- CRITICAL PATH/Cart" status="FAILED">
         <failure type="FAILED" message="Test Cases/OCS- CRITICAL PATH/Cart FAILED.
Reason:
com.kms.katalon.core.exception.StepFailedException: Unable to move mouse over object 'Object Repository/OCS_CRITICAL PATH/cart flyout- price/Page_Ontario Cannabis Store  Ontari/h3_Cannabis' (Root cause: com.kms.katalon.core.webui.exception.WebElementNotFoundException: Web element with id: 'Object Repository/OCS_CRITICAL PATH/cart flyout- price/Page_Ontario Cannabis Store  Ontari/h3_Cannabis' located by 'By.xpath: /html/body/header/div[2]/div/div[2]/div/div[1]/div[1]/nav/ul/li[1]/a/div/h3' not found)
	at com.kms.katalon.core.keyword.internal.KeywordMain.stepFailed(KeywordMain.groovy:36)
	at com.kms.katalon.core.webui.keyword.internal.WebUIKeywordMain.stepFailed(WebUIKeywordMain.groovy:65)
	at com.kms.katalon.core.webui.keyword.internal.WebUIKeywordMain.runKeyword(WebUIKeywordMain.groovy:27)
	at com.kms.katalon.core.webui.keyword.builtin.MouseOverKeyword.mouseOver(MouseOverKeyword.groovy:90)
	at com.kms.katalon.core.webui.keyword.builtin.MouseOverKeyword.execute(MouseOverKeyword.groovy:67)
	at com.kms.katalon.core.keyword.internal.KeywordExecutor.executeKeywordForPlatform(KeywordExecutor.groovy:53)
	at com.kms.katalon.core.webui.keyword.WebUiBuiltInKeywords.mouseOver(WebUiBuiltInKeywords.groovy:776)
	at com.kms.katalon.core.webui.keyword.WebUiBuiltInKeywords$mouseOver$4.call(Unknown Source)
	at Cart.run(Cart:43)
	at com.kms.katalon.core.main.ScriptEngine.run(ScriptEngine.java:194)
	at com.kms.katalon.core.main.ScriptEngine.runScriptAsRawText(ScriptEngine.java:119)
	at com.kms.katalon.core.main.TestCaseExecutor.runScript(TestCaseExecutor.java:328)
	at com.kms.katalon.core.main.TestCaseExecutor.doExecute(TestCaseExecutor.java:319)
	at com.kms.katalon.core.main.TestCaseExecutor.processExecutionPhase(TestCaseExecutor.java:298)
	at com.kms.katalon.core.main.TestCaseExecutor.accessMainPhase(TestCaseExecutor.java:290)
	at com.kms.katalon.core.main.TestCaseExecutor.execute(TestCaseExecutor.java:224)
	at com.kms.katalon.core.main.TestSuiteExecutor.accessTestCaseMainPhase(TestSuiteExecutor.java:129)
	at com.kms.katalon.core.main.TestSuiteExecutor.accessTestSuiteMainPhase(TestSuiteExecutor.java:112)
	at com.kms.katalon.core.main.TestSuiteExecutor.execute(TestSuiteExecutor.java:81)
	at com.kms.katalon.core.main.TestCaseMain.startTestSuite(TestCaseMain.java:149)
	at com.kms.katalon.core.main.TestCaseMain$startTestSuite$0.call(Unknown Source)
	at TempTestSuite1557170415012.run(TempTestSuite1557170415012.groovy:36)
"/>
         <system-out><![CDATA[2019-05-06 15:25:03 - [TEST_CASE][FAILED] - Test Cases/OCS- CRITICAL PATH/Cart: Test Cases/OCS- CRITICAL PATH/Cart FAILED.
Reason:
com.kms.katalon.core.exception.StepFailedException: Unable to move mouse over object 'Object Repository/OCS_CRITICAL PATH/cart flyout- price/Page_Ontario Cannabis Store  Ontari/h3_Cannabis' (Root cause: com.kms.katalon.core.webui.exception.WebElementNotFoundException: Web element with id: 'Object Repository/OCS_CRITICAL PATH/cart flyout- price/Page_Ontario Cannabis Store  Ontari/h3_Cannabis' located by 'By.xpath: /html/body/header/div[2]/div/div[2]/div/div[1]/div[1]/nav/ul/li[1]/a/div/h3' not found)
	at com.kms.katalon.core.keyword.internal.KeywordMain.stepFailed(KeywordMain.groovy:36)
	at com.kms.katalon.core.webui.keyword.internal.WebUIKeywordMain.stepFailed(WebUIKeywordMain.groovy:65)
	at com.kms.katalon.core.webui.keyword.internal.WebUIKeywordMain.runKeyword(WebUIKeywordMain.groovy:27)
	at com.kms.katalon.core.webui.keyword.builtin.MouseOverKeyword.mouseOver(MouseOverKeyword.groovy:90)
	at com.kms.katalon.core.webui.keyword.builtin.MouseOverKeyword.execute(MouseOverKeyword.groovy:67)
	at com.kms.katalon.core.keyword.internal.KeywordExecutor.executeKeywordForPlatform(KeywordExecutor.groovy:53)
	at com.kms.katalon.core.webui.keyword.WebUiBuiltInKeywords.mouseOver(WebUiBuiltInKeywords.groovy:776)
	at com.kms.katalon.core.webui.keyword.WebUiBuiltInKeywords$mouseOver$4.call(Unknown Source)
	at Cart.run(Cart:43)
	at com.kms.katalon.core.main.ScriptEngine.run(ScriptEngine.java:194)
	at com.kms.katalon.core.main.ScriptEngine.runScriptAsRawText(ScriptEngine.java:119)
	at com.kms.katalon.core.main.TestCaseExecutor.runScript(TestCaseExecutor.java:328)
	at com.kms.katalon.core.main.TestCaseExecutor.doExecute(TestCaseExecutor.java:319)
	at com.kms.katalon.core.main.TestCaseExecutor.processExecutionPhase(TestCaseExecutor.java:298)
	at com.kms.katalon.core.main.TestCaseExecutor.accessMainPhase(TestCaseExecutor.java:290)
	at com.kms.katalon.core.main.TestCaseExecutor.execute(TestCaseExecutor.java:224)
	at com.kms.katalon.core.main.TestSuiteExecutor.accessTestCaseMainPhase(TestSuiteExecutor.java:129)
	at com.kms.katalon.core.main.TestSuiteExecutor.accessTestSuiteMainPhase(TestSuiteExecutor.java:112)
	at com.kms.katalon.core.main.TestSuiteExecutor.execute(TestSuiteExecutor.java:81)
	at com.kms.katalon.core.main.TestCaseMain.startTestSuite(TestCaseMain.java:149)
	at com.kms.katalon.core.main.TestCaseMain$startTestSuite$0.call(Unknown Source)
	at TempTestSuite1557170415012.run(TempTestSuite1557170415012.groovy:36)


2019-05-06 15:25:03 - [TEST_STEP][PASSED] - openBrowser(""): Browser is opened with url: ''

2019-05-06 15:25:03 - [MESSAGE][WARNING] - A browser is already opened. Closing browser and opening a new one

2019-05-06 15:25:04 - [MESSAGE][INFO] - Starting 'Firefox' driver

2019-05-06 15:25:06 - [MESSAGE][PASSED] - Browser is opened with url: ''

2019-05-06 15:25:06 - [TEST_STEP][PASSED] - navigateToUrl("https://ocs.ca/?fts=0&preview_theme_id=53372913484"): Navigate to 'https://ocs.ca/?fts=0&preview_theme_id=53372913484' successfully

2019-05-06 15:25:10 - [MESSAGE][PASSED] - Navigate to 'https://ocs.ca/?fts=0&preview_theme_id=53372913484' successfully

2019-05-06 15:25:10 - [TEST_STEP][PASSED] - click(findTestObject("Object Repository/Theme_oR/Page_Ontario Cannabis Store  Ontari/button_Close preview")): Object: 'Object Repository/Theme_oR/Page_Ontario Cannabis Store  Ontari/button_Close preview' is clicked on

2019-05-06 15:25:11 - [MESSAGE][PASSED] - Object: 'Object Repository/Theme_oR/Page_Ontario Cannabis Store  Ontari/button_Close preview' is clicked on

2019-05-06 15:25:11 - [TEST_STEP][PASSED] - maximizeWindow(): Current window maximized

2019-05-06 15:25:12 - [MESSAGE][PASSED] - Current window maximized

2019-05-06 15:25:12 - [TEST_STEP][PASSED] - selectOptionByValue(findTestObject("OCS_CRITICAL PATH/cart flyout- price/Page_Ontario Cannabis Store  Ontari/select_Select01020304050607080"), "17", true): All options with value '17' are selected in object 'Object Repository/OCS_CRITICAL PATH/cart flyout- price/Page_Ontario Cannabis Store  Ontari/select_Select01020304050607080'  using regular expression

2019-05-06 15:25:12 - [MESSAGE][PASSED] - All options with value '17' are selected in object 'Object Repository/OCS_CRITICAL PATH/cart flyout- price/Page_Ontario Cannabis Store  Ontari/select_Select01020304050607080'  using regular expression

2019-05-06 15:25:12 - [TEST_STEP][PASSED] - selectOptionByValue(findTestObject("OCS_CRITICAL PATH/cart flyout- price/Page_Ontario Cannabis Store  Ontari/select_SelectJanuary - 01Febru"), "8", true): All options with value '8' are selected in object 'Object Repository/OCS_CRITICAL PATH/cart flyout- price/Page_Ontario Cannabis Store  Ontari/select_SelectJanuary - 01Febru'  using regular expression

2019-05-06 15:25:13 - [MESSAGE][PASSED] - All options with value '8' are selected in object 'Object Repository/OCS_CRITICAL PATH/cart flyout- price/Page_Ontario Cannabis Store  Ontari/select_SelectJanuary - 01Febru'  using regular expression

2019-05-06 15:25:13 - [TEST_STEP][PASSED] - selectOptionByValue(findTestObject("OCS_CRITICAL PATH/cart flyout- price/Page_Ontario Cannabis Store  Ontari/select_Select20182017201620152"), "1950", true): All options with value '1950' are selected in object 'Object Repository/OCS_CRITICAL PATH/cart flyout- price/Page_Ontario Cannabis Store  Ontari/select_Select20182017201620152'  using regular expression

2019-05-06 15:25:15 - [MESSAGE][PASSED] - All options with value '1950' are selected in object 'Object Repository/OCS_CRITICAL PATH/cart flyout- price/Page_Ontario Cannabis Store  Ontari/select_Select20182017201620152'  using regular expression

2019-05-06 15:25:15 - [TEST_STEP][PASSED] - click(findTestObject("OCS_CRITICAL PATH/cart flyout- price/Page_Ontario Cannabis Store  Ontari/button_Verify")): Object: 'Object Repository/OCS_CRITICAL PATH/cart flyout- price/Page_Ontario Cannabis Store  Ontari/button_Verify' is clicked on

2019-05-06 15:25:16 - [MESSAGE][PASSED] - Object: 'Object Repository/OCS_CRITICAL PATH/cart flyout- price/Page_Ontario Cannabis Store  Ontari/button_Verify' is clicked on

2019-05-06 15:25:16 - [TEST_STEP][PASSED] - click(findTestObject("OCS_CRITICAL PATH/cart flyout- price/Page_Ontario Cannabis Store  Ontari/span_CONFIRM AND ACKNOWLEDGE_c")): Object: 'Object Repository/OCS_CRITICAL PATH/cart flyout- price/Page_Ontario Cannabis Store  Ontari/span_CONFIRM AND ACKNOWLEDGE_c' is clicked on

2019-05-06 15:25:16 - [MESSAGE][PASSED] - Object: 'Object Repository/OCS_CRITICAL PATH/cart flyout- price/Page_Ontario Cannabis Store  Ontari/span_CONFIRM AND ACKNOWLEDGE_c' is clicked on

2019-05-06 15:25:16 - [TEST_STEP][PASSED] - click(findTestObject("OCS_CRITICAL PATH/cart flyout- price/Page_Ontario Cannabis Store  Ontari/button_CONFIRM")): Object: 'Object Repository/OCS_CRITICAL PATH/cart flyout- price/Page_Ontario Cannabis Store  Ontari/button_CONFIRM' is clicked on

2019-05-06 15:25:16 - [MESSAGE][PASSED] - Object: 'Object Repository/OCS_CRITICAL PATH/cart flyout- price/Page_Ontario Cannabis Store  Ontari/button_CONFIRM' is clicked on

2019-05-06 15:25:16 - [TEST_STEP][PASSED] - click(findTestObject("OCS_CRITICAL PATH/cart flyout- price/Page_Ontario Cannabis Store  Ontari/button_Start Browsing")): Object: 'Object Repository/OCS_CRITICAL PATH/cart flyout- price/Page_Ontario Cannabis Store  Ontari/button_Start Browsing' is clicked on

2019-05-06 15:25:16 - [MESSAGE][PASSED] - Object: 'Object Repository/OCS_CRITICAL PATH/cart flyout- price/Page_Ontario Cannabis Store  Ontari/button_Start Browsing' is clicked on

2019-05-06 15:25:16 - [TEST_STEP][PASSED] - delay(3): Delayed 3 second(s)

2019-05-06 15:25:19 - [MESSAGE][PASSED] - Delayed 3 second(s)

2019-05-06 15:25:19 - [TEST_STEP][FAILED] - mouseOver(findTestObject("OCS_CRITICAL PATH/cart flyout- price/Page_Ontario Cannabis Store  Ontari/h3_Cannabis")): mouseOver(findTestObject("OCS_CRITICAL PATH/cart flyout- price/Page_Ontario Cannabis Store  Ontari/h3_Cannabis")) FAILED.
Reason:
com.kms.katalon.core.exception.StepFailedException: Unable to move mouse over object 'Object Repository/OCS_CRITICAL PATH/cart flyout- price/Page_Ontario Cannabis Store  Ontari/h3_Cannabis' (Root cause: com.kms.katalon.core.webui.exception.WebElementNotFoundException: Web element with id: 'Object Repository/OCS_CRITICAL PATH/cart flyout- price/Page_Ontario Cannabis Store  Ontari/h3_Cannabis' located by 'By.xpath: /html/body/header/div[2]/div/div[2]/div/div[1]/div[1]/nav/ul/li[1]/a/div/h3' not found)
	at com.kms.katalon.core.keyword.internal.KeywordMain.stepFailed(KeywordMain.groovy:36)
	at com.kms.katalon.core.webui.keyword.internal.WebUIKeywordMain.stepFailed(WebUIKeywordMain.groovy:65)
	at com.kms.katalon.core.webui.keyword.internal.WebUIKeywordMain.runKeyword(WebUIKeywordMain.groovy:27)
	at com.kms.katalon.core.webui.keyword.builtin.MouseOverKeyword.mouseOver(MouseOverKeyword.groovy:90)
	at com.kms.katalon.core.webui.keyword.builtin.MouseOverKeyword.execute(MouseOverKeyword.groovy:67)
	at com.kms.katalon.core.keyword.internal.KeywordExecutor.executeKeywordForPlatform(KeywordExecutor.groovy:53)
	at com.kms.katalon.core.webui.keyword.WebUiBuiltInKeywords.mouseOver(WebUiBuiltInKeywords.groovy:776)
	at com.kms.katalon.core.webui.keyword.WebUiBuiltInKeywords$mouseOver$4.call(Unknown Source)
	at Cart.run(Cart:43)
	at com.kms.katalon.core.main.ScriptEngine.run(ScriptEngine.java:194)
	at com.kms.katalon.core.main.ScriptEngine.runScriptAsRawText(ScriptEngine.java:119)
	at com.kms.katalon.core.main.TestCaseExecutor.runScript(TestCaseExecutor.java:328)
	at com.kms.katalon.core.main.TestCaseExecutor.doExecute(TestCaseExecutor.java:319)
	at com.kms.katalon.core.main.TestCaseExecutor.processExecutionPhase(TestCaseExecutor.java:298)
	at com.kms.katalon.core.main.TestCaseExecutor.accessMainPhase(TestCaseExecutor.java:290)
	at com.kms.katalon.core.main.TestCaseExecutor.execute(TestCaseExecutor.java:224)
	at com.kms.katalon.core.main.TestSuiteExecutor.accessTestCaseMainPhase(TestSuiteExecutor.java:129)
	at com.kms.katalon.core.main.TestSuiteExecutor.accessTestSuiteMainPhase(TestSuiteExecutor.java:112)
	at com.kms.katalon.core.main.TestSuiteExecutor.execute(TestSuiteExecutor.java:81)
	at com.kms.katalon.core.main.TestCaseMain.startTestSuite(TestCaseMain.java:149)
	at com.kms.katalon.core.main.TestCaseMain$startTestSuite$0.call(Unknown Source)
	at TempTestSuite1557170415012.run(TempTestSuite1557170415012.groovy:36)


2019-05-06 15:25:50 - [MESSAGE][INFO] - Unable to find the element located by 'By.xpath: /html/body/header/div[2]/div/div[2]/div/div[1]/div[1]/nav/ul/li[1]/a/div/h3'. Please recheck the objects properties to make sure the desired element is located. 

2019-05-06 15:25:51 - [MESSAGE][FAILED] - Unable to move mouse over object 'Object Repository/OCS_CRITICAL PATH/cart flyout- price/Page_Ontario Cannabis Store  Ontari/h3_Cannabis' (Root cause: com.kms.katalon.core.webui.exception.WebElementNotFoundException: Web element with id: 'Object Repository/OCS_CRITICAL PATH/cart flyout- price/Page_Ontario Cannabis Store  Ontari/h3_Cannabis' located by 'By.xpath: /html/body/header/div[2]/div/div[2]/div/div[1]/div[1]/nav/ul/li[1]/a/div/h3' not found)
[[ATTACHMENT|/Users/sumankompelly/git/Sample-OCS/Reports/OCS-1.7.0/CRITICAL PATH/20190506_152014/1557170750671.png]]

2019-05-06 15:25:51 - [MESSAGE][FAILED] - mouseOver(findTestObject("OCS_CRITICAL PATH/cart flyout- price/Page_Ontario Cannabis Store  Ontari/h3_Cannabis")) FAILED.
Reason:
com.kms.katalon.core.exception.StepFailedException: Unable to move mouse over object 'Object Repository/OCS_CRITICAL PATH/cart flyout- price/Page_Ontario Cannabis Store  Ontari/h3_Cannabis' (Root cause: com.kms.katalon.core.webui.exception.WebElementNotFoundException: Web element with id: 'Object Repository/OCS_CRITICAL PATH/cart flyout- price/Page_Ontario Cannabis Store  Ontari/h3_Cannabis' located by 'By.xpath: /html/body/header/div[2]/div/div[2]/div/div[1]/div[1]/nav/ul/li[1]/a/div/h3' not found)
	at com.kms.katalon.core.keyword.internal.KeywordMain.stepFailed(KeywordMain.groovy:36)
	at com.kms.katalon.core.webui.keyword.internal.WebUIKeywordMain.stepFailed(WebUIKeywordMain.groovy:65)
	at com.kms.katalon.core.webui.keyword.internal.WebUIKeywordMain.runKeyword(WebUIKeywordMain.groovy:27)
	at com.kms.katalon.core.webui.keyword.builtin.MouseOverKeyword.mouseOver(MouseOverKeyword.groovy:90)
	at com.kms.katalon.core.webui.keyword.builtin.MouseOverKeyword.execute(MouseOverKeyword.groovy:67)
	at com.kms.katalon.core.keyword.internal.KeywordExecutor.executeKeywordForPlatform(KeywordExecutor.groovy:53)
	at com.kms.katalon.core.webui.keyword.WebUiBuiltInKeywords.mouseOver(WebUiBuiltInKeywords.groovy:776)
	at com.kms.katalon.core.webui.keyword.WebUiBuiltInKeywords$mouseOver$4.call(Unknown Source)
	at Cart.run(Cart:43)
	at com.kms.katalon.core.main.ScriptEngine.run(ScriptEngine.java:194)
	at com.kms.katalon.core.main.ScriptEngine.runScriptAsRawText(ScriptEngine.java:119)
	at com.kms.katalon.core.main.TestCaseExecutor.runScript(TestCaseExecutor.java:328)
	at com.kms.katalon.core.main.TestCaseExecutor.doExecute(TestCaseExecutor.java:319)
	at com.kms.katalon.core.main.TestCaseExecutor.processExecutionPhase(TestCaseExecutor.java:298)
	at com.kms.katalon.core.main.TestCaseExecutor.accessMainPhase(TestCaseExecutor.java:290)
	at com.kms.katalon.core.main.TestCaseExecutor.execute(TestCaseExecutor.java:224)
	at com.kms.katalon.core.main.TestSuiteExecutor.accessTestCaseMainPhase(TestSuiteExecutor.java:129)
	at com.kms.katalon.core.main.TestSuiteExecutor.accessTestSuiteMainPhase(TestSuiteExecutor.java:112)
	at com.kms.katalon.core.main.TestSuiteExecutor.execute(TestSuiteExecutor.java:81)
	at com.kms.katalon.core.main.TestCaseMain.startTestSuite(TestCaseMain.java:149)
	at com.kms.katalon.core.main.TestCaseMain$startTestSuite$0.call(Unknown Source)
	at TempTestSuite1557170415012.run(TempTestSuite1557170415012.groovy:36)]]></system-out>
         <system-err><![CDATA[2019-05-06 15:25:03 - [TEST_CASE][FAILED] - Test Cases/OCS- CRITICAL PATH/Cart: Test Cases/OCS- CRITICAL PATH/Cart FAILED.
Reason:
com.kms.katalon.core.exception.StepFailedException: Unable to move mouse over object 'Object Repository/OCS_CRITICAL PATH/cart flyout- price/Page_Ontario Cannabis Store  Ontari/h3_Cannabis' (Root cause: com.kms.katalon.core.webui.exception.WebElementNotFoundException: Web element with id: 'Object Repository/OCS_CRITICAL PATH/cart flyout- price/Page_Ontario Cannabis Store  Ontari/h3_Cannabis' located by 'By.xpath: /html/body/header/div[2]/div/div[2]/div/div[1]/div[1]/nav/ul/li[1]/a/div/h3' not found)
	at com.kms.katalon.core.keyword.internal.KeywordMain.stepFailed(KeywordMain.groovy:36)
	at com.kms.katalon.core.webui.keyword.internal.WebUIKeywordMain.stepFailed(WebUIKeywordMain.groovy:65)
	at com.kms.katalon.core.webui.keyword.internal.WebUIKeywordMain.runKeyword(WebUIKeywordMain.groovy:27)
	at com.kms.katalon.core.webui.keyword.builtin.MouseOverKeyword.mouseOver(MouseOverKeyword.groovy:90)
	at com.kms.katalon.core.webui.keyword.builtin.MouseOverKeyword.execute(MouseOverKeyword.groovy:67)
	at com.kms.katalon.core.keyword.internal.KeywordExecutor.executeKeywordForPlatform(KeywordExecutor.groovy:53)
	at com.kms.katalon.core.webui.keyword.WebUiBuiltInKeywords.mouseOver(WebUiBuiltInKeywords.groovy:776)
	at com.kms.katalon.core.webui.keyword.WebUiBuiltInKeywords$mouseOver$4.call(Unknown Source)
	at Cart.run(Cart:43)
	at com.kms.katalon.core.main.ScriptEngine.run(ScriptEngine.java:194)
	at com.kms.katalon.core.main.ScriptEngine.runScriptAsRawText(ScriptEngine.java:119)
	at com.kms.katalon.core.main.TestCaseExecutor.runScript(TestCaseExecutor.java:328)
	at com.kms.katalon.core.main.TestCaseExecutor.doExecute(TestCaseExecutor.java:319)
	at com.kms.katalon.core.main.TestCaseExecutor.processExecutionPhase(TestCaseExecutor.java:298)
	at com.kms.katalon.core.main.TestCaseExecutor.accessMainPhase(TestCaseExecutor.java:290)
	at com.kms.katalon.core.main.TestCaseExecutor.execute(TestCaseExecutor.java:224)
	at com.kms.katalon.core.main.TestSuiteExecutor.accessTestCaseMainPhase(TestSuiteExecutor.java:129)
	at com.kms.katalon.core.main.TestSuiteExecutor.accessTestSuiteMainPhase(TestSuiteExecutor.java:112)
	at com.kms.katalon.core.main.TestSuiteExecutor.execute(TestSuiteExecutor.java:81)
	at com.kms.katalon.core.main.TestCaseMain.startTestSuite(TestCaseMain.java:149)
	at com.kms.katalon.core.main.TestCaseMain$startTestSuite$0.call(Unknown Source)
	at TempTestSuite1557170415012.run(TempTestSuite1557170415012.groovy:36)]]></system-err>
      </testcase>
      <testcase name="Test Cases/OCS- CRITICAL PATH/cart flyout- accessories" classname="Test Cases/OCS- CRITICAL PATH/cart flyout- accessories" status="PASSED">
         <system-out><![CDATA[2019-05-06 15:25:51 - [TEST_CASE][PASSED] - Test Cases/OCS- CRITICAL PATH/cart flyout- accessories: Test Cases/OCS- CRITICAL PATH/cart flyout- accessories

2019-05-06 15:25:51 - [TEST_STEP][PASSED] - openBrowser(""): Browser is opened with url: ''

2019-05-06 15:25:51 - [MESSAGE][WARNING] - A browser is already opened. Closing browser and opening a new one

2019-05-06 15:25:52 - [MESSAGE][INFO] - Starting 'Firefox' driver

2019-05-06 15:25:54 - [MESSAGE][PASSED] - Browser is opened with url: ''

2019-05-06 15:25:54 - [TEST_STEP][PASSED] - navigateToUrl("https://ocs.ca/?fts=0&preview_theme_id=53372913484"): Navigate to 'https://ocs.ca/?fts=0&preview_theme_id=53372913484' successfully

2019-05-06 15:26:01 - [MESSAGE][PASSED] - Navigate to 'https://ocs.ca/?fts=0&preview_theme_id=53372913484' successfully

2019-05-06 15:26:01 - [TEST_STEP][PASSED] - delay(2): Delayed 2 second(s)

2019-05-06 15:26:03 - [MESSAGE][PASSED] - Delayed 2 second(s)

2019-05-06 15:26:03 - [TEST_STEP][PASSED] - click(findTestObject("Object Repository/CART FLYOUT-accessories_OR/Page_Ontario Cannabis Store  Ontari/button_Close preview")): Object: 'Object Repository/CART FLYOUT-accessories_OR/Page_Ontario Cannabis Store  Ontari/button_Close preview' is clicked on

2019-05-06 15:26:05 - [MESSAGE][PASSED] - Object: 'Object Repository/CART FLYOUT-accessories_OR/Page_Ontario Cannabis Store  Ontari/button_Close preview' is clicked on

2019-05-06 15:26:05 - [TEST_STEP][PASSED] - maximizeWindow(): Current window maximized

2019-05-06 15:26:05 - [MESSAGE][PASSED] - Current window maximized

2019-05-06 15:26:05 - [TEST_STEP][PASSED] - selectOptionByValue(findTestObject("Object Repository/CART FLYOUT-accessories_OR/Page_Ontario Cannabis Store  Ontari/select_Select01020304050607080"), "3", true): All options with value '3' are selected in object 'Object Repository/CART FLYOUT-accessories_OR/Page_Ontario Cannabis Store  Ontari/select_Select01020304050607080'  using regular expression

2019-05-06 15:26:07 - [MESSAGE][PASSED] - All options with value '3' are selected in object 'Object Repository/CART FLYOUT-accessories_OR/Page_Ontario Cannabis Store  Ontari/select_Select01020304050607080'  using regular expression

2019-05-06 15:26:07 - [TEST_STEP][PASSED] - selectOptionByValue(findTestObject("Object Repository/CART FLYOUT-accessories_OR/Page_Ontario Cannabis Store  Ontari/select_SelectJanuary - 01Febru"), "3", true): All options with value '3' are selected in object 'Object Repository/CART FLYOUT-accessories_OR/Page_Ontario Cannabis Store  Ontari/select_SelectJanuary - 01Febru'  using regular expression

2019-05-06 15:26:07 - [MESSAGE][PASSED] - All options with value '3' are selected in object 'Object Repository/CART FLYOUT-accessories_OR/Page_Ontario Cannabis Store  Ontari/select_SelectJanuary - 01Febru'  using regular expression

2019-05-06 15:26:07 - [TEST_STEP][PASSED] - selectOptionByValue(findTestObject("Object Repository/CART FLYOUT-accessories_OR/Page_Ontario Cannabis Store  Ontari/select_Select20182017201620152"), "1991", true): All options with value '1991' are selected in object 'Object Repository/CART FLYOUT-accessories_OR/Page_Ontario Cannabis Store  Ontari/select_Select20182017201620152'  using regular expression

2019-05-06 15:26:09 - [MESSAGE][PASSED] - All options with value '1991' are selected in object 'Object Repository/CART FLYOUT-accessories_OR/Page_Ontario Cannabis Store  Ontari/select_Select20182017201620152'  using regular expression

2019-05-06 15:26:09 - [TEST_STEP][PASSED] - click(findTestObject("Object Repository/CART FLYOUT-accessories_OR/Page_Ontario Cannabis Store  Ontari/button_Verify")): Object: 'Object Repository/CART FLYOUT-accessories_OR/Page_Ontario Cannabis Store  Ontari/button_Verify' is clicked on

2019-05-06 15:26:09 - [MESSAGE][PASSED] - Object: 'Object Repository/CART FLYOUT-accessories_OR/Page_Ontario Cannabis Store  Ontari/button_Verify' is clicked on

2019-05-06 15:26:09 - [TEST_STEP][PASSED] - click(findTestObject("Object Repository/CART FLYOUT-accessories_OR/Page_Ontario Cannabis Store  Ontari/span_CONFIRM AND ACKNOWLEDGE_c")): Object: 'Object Repository/CART FLYOUT-accessories_OR/Page_Ontario Cannabis Store  Ontari/span_CONFIRM AND ACKNOWLEDGE_c' is clicked on

2019-05-06 15:26:09 - [MESSAGE][PASSED] - Object: 'Object Repository/CART FLYOUT-accessories_OR/Page_Ontario Cannabis Store  Ontari/span_CONFIRM AND ACKNOWLEDGE_c' is clicked on

2019-05-06 15:26:09 - [TEST_STEP][PASSED] - click(findTestObject("Object Repository/CART FLYOUT-accessories_OR/Page_Ontario Cannabis Store  Ontari/button_CONFIRM")): Object: 'Object Repository/CART FLYOUT-accessories_OR/Page_Ontario Cannabis Store  Ontari/button_CONFIRM' is clicked on

2019-05-06 15:26:10 - [MESSAGE][PASSED] - Object: 'Object Repository/CART FLYOUT-accessories_OR/Page_Ontario Cannabis Store  Ontari/button_CONFIRM' is clicked on

2019-05-06 15:26:10 - [TEST_STEP][PASSED] - click(findTestObject("Object Repository/CART FLYOUT-accessories_OR/Page_Ontario Cannabis Store  Ontari/button_Start Browsing")): Object: 'Object Repository/CART FLYOUT-accessories_OR/Page_Ontario Cannabis Store  Ontari/button_Start Browsing' is clicked on

2019-05-06 15:26:10 - [MESSAGE][PASSED] - Object: 'Object Repository/CART FLYOUT-accessories_OR/Page_Ontario Cannabis Store  Ontari/button_Start Browsing' is clicked on

2019-05-06 15:26:10 - [TEST_STEP][PASSED] - delay(3): Delayed 3 second(s)

2019-05-06 15:26:13 - [MESSAGE][PASSED] - Delayed 3 second(s)

2019-05-06 15:26:13 - [TEST_STEP][PASSED] - mouseOver(findTestObject("Object Repository/CART FLYOUT-accessories_OR/Page_Ontario Cannabis Store  Ontari/h3_Cannabis")): Object: 'Object Repository/CART FLYOUT-accessories_OR/Page_Ontario Cannabis Store  Ontari/h3_Cannabis' is hovered

2019-05-06 15:26:13 - [MESSAGE][PASSED] - Object: 'Object Repository/CART FLYOUT-accessories_OR/Page_Ontario Cannabis Store  Ontari/h3_Cannabis' is hovered

2019-05-06 15:26:13 - [TEST_STEP][PASSED] - click(findTestObject("Object Repository/CART FLYOUT-accessories_OR/Page_Ontario Cannabis Store  Ontari/span_Indica Dominant")): Object: 'Object Repository/CART FLYOUT-accessories_OR/Page_Ontario Cannabis Store  Ontari/span_Indica Dominant' is clicked on

2019-05-06 15:26:15 - [MESSAGE][PASSED] - Object: 'Object Repository/CART FLYOUT-accessories_OR/Page_Ontario Cannabis Store  Ontari/span_Indica Dominant' is clicked on

2019-05-06 15:26:15 - [TEST_STEP][PASSED] - click(findTestObject("Object Repository/CART FLYOUT-accessories_OR/Page_Indica Dominant Dried Flower/h3_Shishkaberry")): Object: 'Object Repository/CART FLYOUT-accessories_OR/Page_Indica Dominant Dried Flower/h3_Shishkaberry' is clicked on

2019-05-06 15:26:16 - [MESSAGE][PASSED] - Object: 'Object Repository/CART FLYOUT-accessories_OR/Page_Indica Dominant Dried Flower/h3_Shishkaberry' is clicked on

2019-05-06 15:26:16 - [TEST_STEP][PASSED] - click(findTestObject("Object Repository/CART FLYOUT-accessories_OR/Page_Shishkaberry  Ontario Cannabis/label_1g")): Object: 'Object Repository/CART FLYOUT-accessories_OR/Page_Shishkaberry  Ontario Cannabis/label_1g' is clicked on

2019-05-06 15:26:16 - [MESSAGE][PASSED] - Object: 'Object Repository/CART FLYOUT-accessories_OR/Page_Shishkaberry  Ontario Cannabis/label_1g' is clicked on

2019-05-06 15:26:16 - [TEST_STEP][PASSED] - click(findTestObject("Object Repository/CART FLYOUT-accessories_OR/Page_Shishkaberry  Ontario Cannabis/button_Add to Bag9.75")): Object: 'Object Repository/CART FLYOUT-accessories_OR/Page_Shishkaberry  Ontario Cannabis/button_Add to Bag9.75' is clicked on

2019-05-06 15:26:17 - [MESSAGE][PASSED] - Object: 'Object Repository/CART FLYOUT-accessories_OR/Page_Shishkaberry  Ontario Cannabis/button_Add to Bag9.75' is clicked on

2019-05-06 15:26:17 - [TEST_STEP][PASSED] - delay(2): Delayed 2 second(s)

2019-05-06 15:26:19 - [MESSAGE][PASSED] - Delayed 2 second(s)

2019-05-06 15:26:19 - [TEST_STEP][PASSED] - click(findTestObject("Object Repository/CART FLYOUT-accessories_OR/Page_Shishkaberry  Ontario Cannabis/i_Accessories you might need_i")): Object: 'Object Repository/CART FLYOUT-accessories_OR/Page_Shishkaberry  Ontario Cannabis/i_Accessories you might need_i' is clicked on

2019-05-06 15:26:19 - [MESSAGE][PASSED] - Object: 'Object Repository/CART FLYOUT-accessories_OR/Page_Shishkaberry  Ontario Cannabis/i_Accessories you might need_i' is clicked on

2019-05-06 15:26:19 - [TEST_STEP][PASSED] - delay(2): Delayed 2 second(s)

2019-05-06 15:26:21 - [MESSAGE][PASSED] - Delayed 2 second(s)

2019-05-06 15:26:21 - [TEST_STEP][PASSED] - click(findTestObject("Object Repository/CART FLYOUT-accessories_OR/Page_Shishkaberry  Ontario Cannabis/i_Accessories you might need_i_1")): Object: 'Object Repository/CART FLYOUT-accessories_OR/Page_Shishkaberry  Ontario Cannabis/i_Accessories you might need_i_1' is clicked on

2019-05-06 15:26:21 - [MESSAGE][PASSED] - Object: 'Object Repository/CART FLYOUT-accessories_OR/Page_Shishkaberry  Ontario Cannabis/i_Accessories you might need_i_1' is clicked on]]></system-out>
         <system-err><![CDATA[]]></system-err>
      </testcase>
      <testcase name="Test Cases/OCS- CRITICAL PATH/Cart flyout-price comparison" classname="Test Cases/OCS- CRITICAL PATH/Cart flyout-price comparison" status="FAILED">
         <failure type="FAILED" message="Test Cases/OCS- CRITICAL PATH/Cart flyout-price comparison FAILED.
Reason:
com.kms.katalon.core.exception.StepFailedException: Unable to click on object 'Object Repository/OCS_CRITICAL PATH/cart flyout- price/Page_Ontario Cannabis Store  Ontari/span_Indica Dominant' (Root cause: org.openqa.selenium.ElementNotInteractableException: Element &lt;span> could not be scrolled into view
Build info: version: '3.7.1', revision: '8a0099a', time: '2017-11-06T21:07:36.161Z'
System info: host: 'sumans-MacBook-Pro.local', ip: 'fe80:0:0:0:cb0:6c11:f493:d0f6%en0', os.name: 'Mac OS X', os.arch: 'x86_64', os.version: '10.13.6', java.version: '1.8.0_181'
Driver info: com.kms.katalon.core.webui.driver.firefox.CGeckoDriver
Capabilities {acceptInsecureCerts: true, browserName: firefox, browserVersion: 66.0.3, javascriptEnabled: true, moz:accessibilityChecks: false, moz:geckodriverVersion: 0.23.0, moz:headless: false, moz:processID: 3994, moz:profile: /var/folders/1t/c55l8xzs6gq..., moz:shutdownTimeout: 60000, moz:useNonSpecCompliantPointerOrigin: false, moz:webdriverClick: true, pageLoadStrategy: normal, platform: MAC, platformName: MAC, platformVersion: 17.7.0, proxy: Proxy(direct), rotatable: false, setWindowRect: true, strictFileInteractability: false, timeouts: {implicit: 0, pageLoad: 300000, script: 30000}, unhandledPromptBehavior: dismiss and notify}
Session ID: e62e3b0a-25f5-1548-9aa6-0af27e879cbd)
	at com.kms.katalon.core.keyword.internal.KeywordMain.stepFailed(KeywordMain.groovy:36)
	at com.kms.katalon.core.webui.keyword.internal.WebUIKeywordMain.stepFailed(WebUIKeywordMain.groovy:65)
	at com.kms.katalon.core.webui.keyword.internal.WebUIKeywordMain.runKeyword(WebUIKeywordMain.groovy:27)
	at com.kms.katalon.core.webui.keyword.builtin.ClickKeyword.click(ClickKeyword.groovy:86)
	at com.kms.katalon.core.webui.keyword.builtin.ClickKeyword.execute(ClickKeyword.groovy:67)
	at com.kms.katalon.core.keyword.internal.KeywordExecutor.executeKeywordForPlatform(KeywordExecutor.groovy:53)
	at com.kms.katalon.core.webui.keyword.WebUiBuiltInKeywords.click(WebUiBuiltInKeywords.groovy:616)
	at com.kms.katalon.core.webui.keyword.WebUiBuiltInKeywords$click$1.call(Unknown Source)
	at Cart flyout-price comparison.run(Cart flyout-price comparison:65)
	at com.kms.katalon.core.main.ScriptEngine.run(ScriptEngine.java:194)
	at com.kms.katalon.core.main.ScriptEngine.runScriptAsRawText(ScriptEngine.java:119)
	at com.kms.katalon.core.main.TestCaseExecutor.runScript(TestCaseExecutor.java:328)
	at com.kms.katalon.core.main.TestCaseExecutor.doExecute(TestCaseExecutor.java:319)
	at com.kms.katalon.core.main.TestCaseExecutor.processExecutionPhase(TestCaseExecutor.java:298)
	at com.kms.katalon.core.main.TestCaseExecutor.accessMainPhase(TestCaseExecutor.java:290)
	at com.kms.katalon.core.main.TestCaseExecutor.execute(TestCaseExecutor.java:224)
	at com.kms.katalon.core.main.TestSuiteExecutor.accessTestCaseMainPhase(TestSuiteExecutor.java:129)
	at com.kms.katalon.core.main.TestSuiteExecutor.accessTestSuiteMainPhase(TestSuiteExecutor.java:112)
	at com.kms.katalon.core.main.TestSuiteExecutor.execute(TestSuiteExecutor.java:81)
	at com.kms.katalon.core.main.TestCaseMain.startTestSuite(TestCaseMain.java:149)
	at com.kms.katalon.core.main.TestCaseMain$startTestSuite$0.call(Unknown Source)
	at TempTestSuite1557170415012.run(TempTestSuite1557170415012.groovy:36)
"/>
         <system-out><![CDATA[2019-05-06 15:26:21 - [TEST_CASE][FAILED] - Test Cases/OCS- CRITICAL PATH/Cart flyout-price comparison: Test Cases/OCS- CRITICAL PATH/Cart flyout-price comparison FAILED.
Reason:
com.kms.katalon.core.exception.StepFailedException: Unable to click on object 'Object Repository/OCS_CRITICAL PATH/cart flyout- price/Page_Ontario Cannabis Store  Ontari/span_Indica Dominant' (Root cause: org.openqa.selenium.ElementNotInteractableException: Element <span> could not be scrolled into view
Build info: version: '3.7.1', revision: '8a0099a', time: '2017-11-06T21:07:36.161Z'
System info: host: 'sumans-MacBook-Pro.local', ip: 'fe80:0:0:0:cb0:6c11:f493:d0f6%en0', os.name: 'Mac OS X', os.arch: 'x86_64', os.version: '10.13.6', java.version: '1.8.0_181'
Driver info: com.kms.katalon.core.webui.driver.firefox.CGeckoDriver
Capabilities {acceptInsecureCerts: true, browserName: firefox, browserVersion: 66.0.3, javascriptEnabled: true, moz:accessibilityChecks: false, moz:geckodriverVersion: 0.23.0, moz:headless: false, moz:processID: 3994, moz:profile: /var/folders/1t/c55l8xzs6gq..., moz:shutdownTimeout: 60000, moz:useNonSpecCompliantPointerOrigin: false, moz:webdriverClick: true, pageLoadStrategy: normal, platform: MAC, platformName: MAC, platformVersion: 17.7.0, proxy: Proxy(direct), rotatable: false, setWindowRect: true, strictFileInteractability: false, timeouts: {implicit: 0, pageLoad: 300000, script: 30000}, unhandledPromptBehavior: dismiss and notify}
Session ID: e62e3b0a-25f5-1548-9aa6-0af27e879cbd)
	at com.kms.katalon.core.keyword.internal.KeywordMain.stepFailed(KeywordMain.groovy:36)
	at com.kms.katalon.core.webui.keyword.internal.WebUIKeywordMain.stepFailed(WebUIKeywordMain.groovy:65)
	at com.kms.katalon.core.webui.keyword.internal.WebUIKeywordMain.runKeyword(WebUIKeywordMain.groovy:27)
	at com.kms.katalon.core.webui.keyword.builtin.ClickKeyword.click(ClickKeyword.groovy:86)
	at com.kms.katalon.core.webui.keyword.builtin.ClickKeyword.execute(ClickKeyword.groovy:67)
	at com.kms.katalon.core.keyword.internal.KeywordExecutor.executeKeywordForPlatform(KeywordExecutor.groovy:53)
	at com.kms.katalon.core.webui.keyword.WebUiBuiltInKeywords.click(WebUiBuiltInKeywords.groovy:616)
	at com.kms.katalon.core.webui.keyword.WebUiBuiltInKeywords$click$1.call(Unknown Source)
	at Cart flyout-price comparison.run(Cart flyout-price comparison:65)
	at com.kms.katalon.core.main.ScriptEngine.run(ScriptEngine.java:194)
	at com.kms.katalon.core.main.ScriptEngine.runScriptAsRawText(ScriptEngine.java:119)
	at com.kms.katalon.core.main.TestCaseExecutor.runScript(TestCaseExecutor.java:328)
	at com.kms.katalon.core.main.TestCaseExecutor.doExecute(TestCaseExecutor.java:319)
	at com.kms.katalon.core.main.TestCaseExecutor.processExecutionPhase(TestCaseExecutor.java:298)
	at com.kms.katalon.core.main.TestCaseExecutor.accessMainPhase(TestCaseExecutor.java:290)
	at com.kms.katalon.core.main.TestCaseExecutor.execute(TestCaseExecutor.java:224)
	at com.kms.katalon.core.main.TestSuiteExecutor.accessTestCaseMainPhase(TestSuiteExecutor.java:129)
	at com.kms.katalon.core.main.TestSuiteExecutor.accessTestSuiteMainPhase(TestSuiteExecutor.java:112)
	at com.kms.katalon.core.main.TestSuiteExecutor.execute(TestSuiteExecutor.java:81)
	at com.kms.katalon.core.main.TestCaseMain.startTestSuite(TestCaseMain.java:149)
	at com.kms.katalon.core.main.TestCaseMain$startTestSuite$0.call(Unknown Source)
	at TempTestSuite1557170415012.run(TempTestSuite1557170415012.groovy:36)


2019-05-06 15:26:21 - [TEST_STEP][PASSED] - openBrowser(""): Browser is opened with url: ''

2019-05-06 15:26:21 - [MESSAGE][WARNING] - A browser is already opened. Closing browser and opening a new one

2019-05-06 15:26:22 - [MESSAGE][INFO] - Starting 'Firefox' driver

2019-05-06 15:26:24 - [MESSAGE][PASSED] - Browser is opened with url: ''

2019-05-06 15:26:24 - [TEST_STEP][PASSED] - navigateToUrl("https://ocs.ca/?fts=0&preview_theme_id=53372913484"): Navigate to 'https://ocs.ca/?fts=0&preview_theme_id=53372913484' successfully

2019-05-06 15:26:34 - [MESSAGE][PASSED] - Navigate to 'https://ocs.ca/?fts=0&preview_theme_id=53372913484' successfully

2019-05-06 15:26:34 - [TEST_STEP][PASSED] - click(findTestObject("Object Repository/Theme_oR/Page_Ontario Cannabis Store  Ontari/button_Close preview")): Object: 'Object Repository/Theme_oR/Page_Ontario Cannabis Store  Ontari/button_Close preview' is clicked on

2019-05-06 15:26:35 - [MESSAGE][PASSED] - Object: 'Object Repository/Theme_oR/Page_Ontario Cannabis Store  Ontari/button_Close preview' is clicked on

2019-05-06 15:26:35 - [TEST_STEP][PASSED] - selectOptionByValue(findTestObject("OCS_CRITICAL PATH/cart flyout- price/Page_Ontario Cannabis Store  Ontari/select_Select01020304050607080"), "17", true): All options with value '17' are selected in object 'Object Repository/OCS_CRITICAL PATH/cart flyout- price/Page_Ontario Cannabis Store  Ontari/select_Select01020304050607080'  using regular expression

2019-05-06 15:26:37 - [MESSAGE][PASSED] - All options with value '17' are selected in object 'Object Repository/OCS_CRITICAL PATH/cart flyout- price/Page_Ontario Cannabis Store  Ontari/select_Select01020304050607080'  using regular expression

2019-05-06 15:26:37 - [TEST_STEP][PASSED] - selectOptionByValue(findTestObject("OCS_CRITICAL PATH/cart flyout- price/Page_Ontario Cannabis Store  Ontari/select_SelectJanuary - 01Febru"), "4", true): All options with value '4' are selected in object 'Object Repository/OCS_CRITICAL PATH/cart flyout- price/Page_Ontario Cannabis Store  Ontari/select_SelectJanuary - 01Febru'  using regular expression

2019-05-06 15:26:37 - [MESSAGE][PASSED] - All options with value '4' are selected in object 'Object Repository/OCS_CRITICAL PATH/cart flyout- price/Page_Ontario Cannabis Store  Ontari/select_SelectJanuary - 01Febru'  using regular expression

2019-05-06 15:26:37 - [TEST_STEP][PASSED] - selectOptionByValue(findTestObject("OCS_CRITICAL PATH/cart flyout- price/Page_Ontario Cannabis Store  Ontari/select_Select20182017201620152"), "1959", true): All options with value '1959' are selected in object 'Object Repository/OCS_CRITICAL PATH/cart flyout- price/Page_Ontario Cannabis Store  Ontari/select_Select20182017201620152'  using regular expression

2019-05-06 15:26:40 - [MESSAGE][PASSED] - All options with value '1959' are selected in object 'Object Repository/OCS_CRITICAL PATH/cart flyout- price/Page_Ontario Cannabis Store  Ontari/select_Select20182017201620152'  using regular expression

2019-05-06 15:26:40 - [TEST_STEP][PASSED] - click(findTestObject("OCS_CRITICAL PATH/cart flyout- price/Page_Ontario Cannabis Store  Ontari/button_Verify")): Object: 'Object Repository/OCS_CRITICAL PATH/cart flyout- price/Page_Ontario Cannabis Store  Ontari/button_Verify' is clicked on

2019-05-06 15:26:40 - [MESSAGE][PASSED] - Object: 'Object Repository/OCS_CRITICAL PATH/cart flyout- price/Page_Ontario Cannabis Store  Ontari/button_Verify' is clicked on

2019-05-06 15:26:40 - [TEST_STEP][PASSED] - click(findTestObject("OCS_CRITICAL PATH/cart flyout- price/Page_Ontario Cannabis Store  Ontari/span_CONFIRM AND ACKNOWLEDGE_c")): Object: 'Object Repository/OCS_CRITICAL PATH/cart flyout- price/Page_Ontario Cannabis Store  Ontari/span_CONFIRM AND ACKNOWLEDGE_c' is clicked on

2019-05-06 15:26:40 - [MESSAGE][PASSED] - Object: 'Object Repository/OCS_CRITICAL PATH/cart flyout- price/Page_Ontario Cannabis Store  Ontari/span_CONFIRM AND ACKNOWLEDGE_c' is clicked on

2019-05-06 15:26:40 - [TEST_STEP][PASSED] - click(findTestObject("OCS_CRITICAL PATH/cart flyout- price/Page_Ontario Cannabis Store  Ontari/button_CONFIRM")): Object: 'Object Repository/OCS_CRITICAL PATH/cart flyout- price/Page_Ontario Cannabis Store  Ontari/button_CONFIRM' is clicked on

2019-05-06 15:26:41 - [MESSAGE][PASSED] - Object: 'Object Repository/OCS_CRITICAL PATH/cart flyout- price/Page_Ontario Cannabis Store  Ontari/button_CONFIRM' is clicked on

2019-05-06 15:26:41 - [TEST_STEP][PASSED] - click(findTestObject("OCS_CRITICAL PATH/cart flyout- price/Page_Ontario Cannabis Store  Ontari/button_Start Browsing")): Object: 'Object Repository/OCS_CRITICAL PATH/cart flyout- price/Page_Ontario Cannabis Store  Ontari/button_Start Browsing' is clicked on

2019-05-06 15:26:41 - [MESSAGE][PASSED] - Object: 'Object Repository/OCS_CRITICAL PATH/cart flyout- price/Page_Ontario Cannabis Store  Ontari/button_Start Browsing' is clicked on

2019-05-06 15:26:41 - [TEST_STEP][PASSED] - delay(2): Delayed 2 second(s)

2019-05-06 15:26:43 - [MESSAGE][PASSED] - Delayed 2 second(s)

2019-05-06 15:26:43 - [TEST_STEP][PASSED] - mouseOver(findTestObject("OCS_CRITICAL PATH/cart flyout- price/Page_Ontario Cannabis Store  Ontari/h3_Cannabis")): Object: 'Object Repository/OCS_CRITICAL PATH/cart flyout- price/Page_Ontario Cannabis Store  Ontari/h3_Cannabis' is hovered

2019-05-06 15:26:43 - [MESSAGE][PASSED] - Object: 'Object Repository/OCS_CRITICAL PATH/cart flyout- price/Page_Ontario Cannabis Store  Ontari/h3_Cannabis' is hovered

2019-05-06 15:26:43 - [TEST_STEP][PASSED] - delay(2): Delayed 2 second(s)

2019-05-06 15:26:45 - [MESSAGE][PASSED] - Delayed 2 second(s)

2019-05-06 15:26:45 - [TEST_STEP][PASSED] - click(findTestObject("OCS_CRITICAL PATH/cart flyout- price/Page_Ontario Cannabis Store  Ontari/span_Indica Dominant")): Object: 'Object Repository/OCS_CRITICAL PATH/cart flyout- price/Page_Ontario Cannabis Store  Ontari/span_Indica Dominant' is clicked on

2019-05-06 15:26:47 - [MESSAGE][PASSED] - Object: 'Object Repository/OCS_CRITICAL PATH/cart flyout- price/Page_Ontario Cannabis Store  Ontari/span_Indica Dominant' is clicked on

2019-05-06 15:26:47 - [TEST_STEP][NOT_RUN] - click(findTestObject("Recently viewed_OR/Page_Shishkaberry  Ontario Cannabis/img")): NOT_RUN: click(findTestObject("Recently viewed_OR/Page_Shishkaberry  Ontario Cannabis/img"))

2019-05-06 15:26:47 - [MESSAGE][NOT_RUN] - NOT_RUN: click(findTestObject("Recently viewed_OR/Page_Shishkaberry  Ontario Cannabis/img"))

2019-05-06 15:26:47 - [TEST_STEP][PASSED] - click(findTestObject("Object Repository/CART FLYOUT-accessories_OR/Page_Indica Dominant Dried Flower/h3_Shishkaberry")): Object: 'Object Repository/CART FLYOUT-accessories_OR/Page_Indica Dominant Dried Flower/h3_Shishkaberry' is clicked on

2019-05-06 15:26:51 - [MESSAGE][PASSED] - Object: 'Object Repository/CART FLYOUT-accessories_OR/Page_Indica Dominant Dried Flower/h3_Shishkaberry' is clicked on

2019-05-06 15:26:51 - [TEST_STEP][PASSED] - click(findTestObject("OCS_CRITICAL PATH/cart flyout- price/Page_Shishkaberry  Ontario Cannabis/label_3.5g")): Object: 'Object Repository/OCS_CRITICAL PATH/cart flyout- price/Page_Shishkaberry  Ontario Cannabis/label_3.5g' is clicked on

2019-05-06 15:26:52 - [MESSAGE][PASSED] - Object: 'Object Repository/OCS_CRITICAL PATH/cart flyout- price/Page_Shishkaberry  Ontario Cannabis/label_3.5g' is clicked on

2019-05-06 15:26:52 - [TEST_STEP][PASSED] - click(findTestObject("OCS_CRITICAL PATH/cart flyout- price/Page_Shishkaberry  Ontario Cannabis/button_Add to Bag32.40")): Object: 'Object Repository/OCS_CRITICAL PATH/cart flyout- price/Page_Shishkaberry  Ontario Cannabis/button_Add to Bag32.40' is clicked on

2019-05-06 15:26:52 - [MESSAGE][PASSED] - Object: 'Object Repository/OCS_CRITICAL PATH/cart flyout- price/Page_Shishkaberry  Ontario Cannabis/button_Add to Bag32.40' is clicked on

2019-05-06 15:26:52 - [TEST_STEP][PASSED] - delay(2): Delayed 2 second(s)

2019-05-06 15:26:54 - [MESSAGE][PASSED] - Delayed 2 second(s)

2019-05-06 15:26:54 - [TEST_STEP][PASSED] - click(findTestObject("OCS_CRITICAL PATH/cart flyout- price/Page_Shishkaberry  Ontario Cannabis/i_9.75_icon icon--back js-clos")): Object: 'Object Repository/OCS_CRITICAL PATH/cart flyout- price/Page_Shishkaberry  Ontario Cannabis/i_9.75_icon icon--back js-clos' is clicked on

2019-05-06 15:26:54 - [MESSAGE][PASSED] - Object: 'Object Repository/OCS_CRITICAL PATH/cart flyout- price/Page_Shishkaberry  Ontario Cannabis/i_9.75_icon icon--back js-clos' is clicked on

2019-05-06 15:26:54 - [TEST_STEP][PASSED] - delay(2): Delayed 2 second(s)

2019-05-06 15:26:56 - [MESSAGE][PASSED] - Delayed 2 second(s)

2019-05-06 15:26:56 - [TEST_STEP][PASSED] - click(findTestObject("OCS_CRITICAL PATH/cart flyout- price/Page_Ontario Cannabis Store  Ontari/h3_Cannabis")): Object: 'Object Repository/OCS_CRITICAL PATH/cart flyout- price/Page_Ontario Cannabis Store  Ontari/h3_Cannabis' is clicked on

2019-05-06 15:26:56 - [MESSAGE][PASSED] - Object: 'Object Repository/OCS_CRITICAL PATH/cart flyout- price/Page_Ontario Cannabis Store  Ontari/h3_Cannabis' is clicked on

2019-05-06 15:26:56 - [TEST_STEP][PASSED] - delay(5): Delayed 5 second(s)

2019-05-06 15:27:01 - [MESSAGE][PASSED] - Delayed 5 second(s)

2019-05-06 15:27:01 - [TEST_STEP][FAILED] - click(findTestObject("OCS_CRITICAL PATH/cart flyout- price/Page_Ontario Cannabis Store  Ontari/span_Indica Dominant")): click(findTestObject("OCS_CRITICAL PATH/cart flyout- price/Page_Ontario Cannabis Store  Ontari/span_Indica Dominant")) FAILED.
Reason:
com.kms.katalon.core.exception.StepFailedException: Unable to click on object 'Object Repository/OCS_CRITICAL PATH/cart flyout- price/Page_Ontario Cannabis Store  Ontari/span_Indica Dominant' (Root cause: org.openqa.selenium.ElementNotInteractableException: Element <span> could not be scrolled into view
Build info: version: '3.7.1', revision: '8a0099a', time: '2017-11-06T21:07:36.161Z'
System info: host: 'sumans-MacBook-Pro.local', ip: 'fe80:0:0:0:cb0:6c11:f493:d0f6%en0', os.name: 'Mac OS X', os.arch: 'x86_64', os.version: '10.13.6', java.version: '1.8.0_181'
Driver info: com.kms.katalon.core.webui.driver.firefox.CGeckoDriver
Capabilities {acceptInsecureCerts: true, browserName: firefox, browserVersion: 66.0.3, javascriptEnabled: true, moz:accessibilityChecks: false, moz:geckodriverVersion: 0.23.0, moz:headless: false, moz:processID: 3994, moz:profile: /var/folders/1t/c55l8xzs6gq..., moz:shutdownTimeout: 60000, moz:useNonSpecCompliantPointerOrigin: false, moz:webdriverClick: true, pageLoadStrategy: normal, platform: MAC, platformName: MAC, platformVersion: 17.7.0, proxy: Proxy(direct), rotatable: false, setWindowRect: true, strictFileInteractability: false, timeouts: {implicit: 0, pageLoad: 300000, script: 30000}, unhandledPromptBehavior: dismiss and notify}
Session ID: e62e3b0a-25f5-1548-9aa6-0af27e879cbd)
	at com.kms.katalon.core.keyword.internal.KeywordMain.stepFailed(KeywordMain.groovy:36)
	at com.kms.katalon.core.webui.keyword.internal.WebUIKeywordMain.stepFailed(WebUIKeywordMain.groovy:65)
	at com.kms.katalon.core.webui.keyword.internal.WebUIKeywordMain.runKeyword(WebUIKeywordMain.groovy:27)
	at com.kms.katalon.core.webui.keyword.builtin.ClickKeyword.click(ClickKeyword.groovy:86)
	at com.kms.katalon.core.webui.keyword.builtin.ClickKeyword.execute(ClickKeyword.groovy:67)
	at com.kms.katalon.core.keyword.internal.KeywordExecutor.executeKeywordForPlatform(KeywordExecutor.groovy:53)
	at com.kms.katalon.core.webui.keyword.WebUiBuiltInKeywords.click(WebUiBuiltInKeywords.groovy:616)
	at com.kms.katalon.core.webui.keyword.WebUiBuiltInKeywords$click$1.call(Unknown Source)
	at Cart flyout-price comparison.run(Cart flyout-price comparison:65)
	at com.kms.katalon.core.main.ScriptEngine.run(ScriptEngine.java:194)
	at com.kms.katalon.core.main.ScriptEngine.runScriptAsRawText(ScriptEngine.java:119)
	at com.kms.katalon.core.main.TestCaseExecutor.runScript(TestCaseExecutor.java:328)
	at com.kms.katalon.core.main.TestCaseExecutor.doExecute(TestCaseExecutor.java:319)
	at com.kms.katalon.core.main.TestCaseExecutor.processExecutionPhase(TestCaseExecutor.java:298)
	at com.kms.katalon.core.main.TestCaseExecutor.accessMainPhase(TestCaseExecutor.java:290)
	at com.kms.katalon.core.main.TestCaseExecutor.execute(TestCaseExecutor.java:224)
	at com.kms.katalon.core.main.TestSuiteExecutor.accessTestCaseMainPhase(TestSuiteExecutor.java:129)
	at com.kms.katalon.core.main.TestSuiteExecutor.accessTestSuiteMainPhase(TestSuiteExecutor.java:112)
	at com.kms.katalon.core.main.TestSuiteExecutor.execute(TestSuiteExecutor.java:81)
	at com.kms.katalon.core.main.TestCaseMain.startTestSuite(TestCaseMain.java:149)
	at com.kms.katalon.core.main.TestCaseMain$startTestSuite$0.call(Unknown Source)
	at TempTestSuite1557170415012.run(TempTestSuite1557170415012.groovy:36)


2019-05-06 15:27:02 - [MESSAGE][FAILED] - Unable to click on object 'Object Repository/OCS_CRITICAL PATH/cart flyout- price/Page_Ontario Cannabis Store  Ontari/span_Indica Dominant' (Root cause: org.openqa.selenium.ElementNotInteractableException: Element <span> could not be scrolled into view
Build info: version: '3.7.1', revision: '8a0099a', time: '2017-11-06T21:07:36.161Z'
System info: host: 'sumans-MacBook-Pro.local', ip: 'fe80:0:0:0:cb0:6c11:f493:d0f6%en0', os.name: 'Mac OS X', os.arch: 'x86_64', os.version: '10.13.6', java.version: '1.8.0_181'
Driver info: com.kms.katalon.core.webui.driver.firefox.CGeckoDriver
Capabilities {acceptInsecureCerts: true, browserName: firefox, browserVersion: 66.0.3, javascriptEnabled: true, moz:accessibilityChecks: false, moz:geckodriverVersion: 0.23.0, moz:headless: false, moz:processID: 3994, moz:profile: /var/folders/1t/c55l8xzs6gq..., moz:shutdownTimeout: 60000, moz:useNonSpecCompliantPointerOrigin: false, moz:webdriverClick: true, pageLoadStrategy: normal, platform: MAC, platformName: MAC, platformVersion: 17.7.0, proxy: Proxy(direct), rotatable: false, setWindowRect: true, strictFileInteractability: false, timeouts: {implicit: 0, pageLoad: 300000, script: 30000}, unhandledPromptBehavior: dismiss and notify}
Session ID: e62e3b0a-25f5-1548-9aa6-0af27e879cbd)
[[ATTACHMENT|/Users/sumankompelly/git/Sample-OCS/Reports/OCS-1.7.0/CRITICAL PATH/20190506_152014/1557170821972.png]]

2019-05-06 15:27:02 - [MESSAGE][FAILED] - click(findTestObject("OCS_CRITICAL PATH/cart flyout- price/Page_Ontario Cannabis Store  Ontari/span_Indica Dominant")) FAILED.
Reason:
com.kms.katalon.core.exception.StepFailedException: Unable to click on object 'Object Repository/OCS_CRITICAL PATH/cart flyout- price/Page_Ontario Cannabis Store  Ontari/span_Indica Dominant' (Root cause: org.openqa.selenium.ElementNotInteractableException: Element <span> could not be scrolled into view
Build info: version: '3.7.1', revision: '8a0099a', time: '2017-11-06T21:07:36.161Z'
System info: host: 'sumans-MacBook-Pro.local', ip: 'fe80:0:0:0:cb0:6c11:f493:d0f6%en0', os.name: 'Mac OS X', os.arch: 'x86_64', os.version: '10.13.6', java.version: '1.8.0_181'
Driver info: com.kms.katalon.core.webui.driver.firefox.CGeckoDriver
Capabilities {acceptInsecureCerts: true, browserName: firefox, browserVersion: 66.0.3, javascriptEnabled: true, moz:accessibilityChecks: false, moz:geckodriverVersion: 0.23.0, moz:headless: false, moz:processID: 3994, moz:profile: /var/folders/1t/c55l8xzs6gq..., moz:shutdownTimeout: 60000, moz:useNonSpecCompliantPointerOrigin: false, moz:webdriverClick: true, pageLoadStrategy: normal, platform: MAC, platformName: MAC, platformVersion: 17.7.0, proxy: Proxy(direct), rotatable: false, setWindowRect: true, strictFileInteractability: false, timeouts: {implicit: 0, pageLoad: 300000, script: 30000}, unhandledPromptBehavior: dismiss and notify}
Session ID: e62e3b0a-25f5-1548-9aa6-0af27e879cbd)
	at com.kms.katalon.core.keyword.internal.KeywordMain.stepFailed(KeywordMain.groovy:36)
	at com.kms.katalon.core.webui.keyword.internal.WebUIKeywordMain.stepFailed(WebUIKeywordMain.groovy:65)
	at com.kms.katalon.core.webui.keyword.internal.WebUIKeywordMain.runKeyword(WebUIKeywordMain.groovy:27)
	at com.kms.katalon.core.webui.keyword.builtin.ClickKeyword.click(ClickKeyword.groovy:86)
	at com.kms.katalon.core.webui.keyword.builtin.ClickKeyword.execute(ClickKeyword.groovy:67)
	at com.kms.katalon.core.keyword.internal.KeywordExecutor.executeKeywordForPlatform(KeywordExecutor.groovy:53)
	at com.kms.katalon.core.webui.keyword.WebUiBuiltInKeywords.click(WebUiBuiltInKeywords.groovy:616)
	at com.kms.katalon.core.webui.keyword.WebUiBuiltInKeywords$click$1.call(Unknown Source)
	at Cart flyout-price comparison.run(Cart flyout-price comparison:65)
	at com.kms.katalon.core.main.ScriptEngine.run(ScriptEngine.java:194)
	at com.kms.katalon.core.main.ScriptEngine.runScriptAsRawText(ScriptEngine.java:119)
	at com.kms.katalon.core.main.TestCaseExecutor.runScript(TestCaseExecutor.java:328)
	at com.kms.katalon.core.main.TestCaseExecutor.doExecute(TestCaseExecutor.java:319)
	at com.kms.katalon.core.main.TestCaseExecutor.processExecutionPhase(TestCaseExecutor.java:298)
	at com.kms.katalon.core.main.TestCaseExecutor.accessMainPhase(TestCaseExecutor.java:290)
	at com.kms.katalon.core.main.TestCaseExecutor.execute(TestCaseExecutor.java:224)
	at com.kms.katalon.core.main.TestSuiteExecutor.accessTestCaseMainPhase(TestSuiteExecutor.java:129)
	at com.kms.katalon.core.main.TestSuiteExecutor.accessTestSuiteMainPhase(TestSuiteExecutor.java:112)
	at com.kms.katalon.core.main.TestSuiteExecutor.execute(TestSuiteExecutor.java:81)
	at com.kms.katalon.core.main.TestCaseMain.startTestSuite(TestCaseMain.java:149)
	at com.kms.katalon.core.main.TestCaseMain$startTestSuite$0.call(Unknown Source)
	at TempTestSuite1557170415012.run(TempTestSuite1557170415012.groovy:36)]]></system-out>
         <system-err><![CDATA[2019-05-06 15:26:21 - [TEST_CASE][FAILED] - Test Cases/OCS- CRITICAL PATH/Cart flyout-price comparison: Test Cases/OCS- CRITICAL PATH/Cart flyout-price comparison FAILED.
Reason:
com.kms.katalon.core.exception.StepFailedException: Unable to click on object 'Object Repository/OCS_CRITICAL PATH/cart flyout- price/Page_Ontario Cannabis Store  Ontari/span_Indica Dominant' (Root cause: org.openqa.selenium.ElementNotInteractableException: Element <span> could not be scrolled into view
Build info: version: '3.7.1', revision: '8a0099a', time: '2017-11-06T21:07:36.161Z'
System info: host: 'sumans-MacBook-Pro.local', ip: 'fe80:0:0:0:cb0:6c11:f493:d0f6%en0', os.name: 'Mac OS X', os.arch: 'x86_64', os.version: '10.13.6', java.version: '1.8.0_181'
Driver info: com.kms.katalon.core.webui.driver.firefox.CGeckoDriver
Capabilities {acceptInsecureCerts: true, browserName: firefox, browserVersion: 66.0.3, javascriptEnabled: true, moz:accessibilityChecks: false, moz:geckodriverVersion: 0.23.0, moz:headless: false, moz:processID: 3994, moz:profile: /var/folders/1t/c55l8xzs6gq..., moz:shutdownTimeout: 60000, moz:useNonSpecCompliantPointerOrigin: false, moz:webdriverClick: true, pageLoadStrategy: normal, platform: MAC, platformName: MAC, platformVersion: 17.7.0, proxy: Proxy(direct), rotatable: false, setWindowRect: true, strictFileInteractability: false, timeouts: {implicit: 0, pageLoad: 300000, script: 30000}, unhandledPromptBehavior: dismiss and notify}
Session ID: e62e3b0a-25f5-1548-9aa6-0af27e879cbd)
	at com.kms.katalon.core.keyword.internal.KeywordMain.stepFailed(KeywordMain.groovy:36)
	at com.kms.katalon.core.webui.keyword.internal.WebUIKeywordMain.stepFailed(WebUIKeywordMain.groovy:65)
	at com.kms.katalon.core.webui.keyword.internal.WebUIKeywordMain.runKeyword(WebUIKeywordMain.groovy:27)
	at com.kms.katalon.core.webui.keyword.builtin.ClickKeyword.click(ClickKeyword.groovy:86)
	at com.kms.katalon.core.webui.keyword.builtin.ClickKeyword.execute(ClickKeyword.groovy:67)
	at com.kms.katalon.core.keyword.internal.KeywordExecutor.executeKeywordForPlatform(KeywordExecutor.groovy:53)
	at com.kms.katalon.core.webui.keyword.WebUiBuiltInKeywords.click(WebUiBuiltInKeywords.groovy:616)
	at com.kms.katalon.core.webui.keyword.WebUiBuiltInKeywords$click$1.call(Unknown Source)
	at Cart flyout-price comparison.run(Cart flyout-price comparison:65)
	at com.kms.katalon.core.main.ScriptEngine.run(ScriptEngine.java:194)
	at com.kms.katalon.core.main.ScriptEngine.runScriptAsRawText(ScriptEngine.java:119)
	at com.kms.katalon.core.main.TestCaseExecutor.runScript(TestCaseExecutor.java:328)
	at com.kms.katalon.core.main.TestCaseExecutor.doExecute(TestCaseExecutor.java:319)
	at com.kms.katalon.core.main.TestCaseExecutor.processExecutionPhase(TestCaseExecutor.java:298)
	at com.kms.katalon.core.main.TestCaseExecutor.accessMainPhase(TestCaseExecutor.java:290)
	at com.kms.katalon.core.main.TestCaseExecutor.execute(TestCaseExecutor.java:224)
	at com.kms.katalon.core.main.TestSuiteExecutor.accessTestCaseMainPhase(TestSuiteExecutor.java:129)
	at com.kms.katalon.core.main.TestSuiteExecutor.accessTestSuiteMainPhase(TestSuiteExecutor.java:112)
	at com.kms.katalon.core.main.TestSuiteExecutor.execute(TestSuiteExecutor.java:81)
	at com.kms.katalon.core.main.TestCaseMain.startTestSuite(TestCaseMain.java:149)
	at com.kms.katalon.core.main.TestCaseMain$startTestSuite$0.call(Unknown Source)
	at TempTestSuite1557170415012.run(TempTestSuite1557170415012.groovy:36)]]></system-err>
      </testcase>
      <testcase name="Test Cases/OCS- CRITICAL PATH/Checkout-shipping method" classname="Test Cases/OCS- CRITICAL PATH/Checkout-shipping method" status="PASSED">
         <system-out><![CDATA[2019-05-06 15:27:02 - [TEST_CASE][PASSED] - Test Cases/OCS- CRITICAL PATH/Checkout-shipping method: Test Cases/OCS- CRITICAL PATH/Checkout-shipping method

2019-05-06 15:27:02 - [TEST_STEP][PASSED] - openBrowser(""): Browser is opened with url: ''

2019-05-06 15:27:02 - [MESSAGE][WARNING] - A browser is already opened. Closing browser and opening a new one

2019-05-06 15:27:03 - [MESSAGE][INFO] - Starting 'Firefox' driver

2019-05-06 15:27:05 - [MESSAGE][PASSED] - Browser is opened with url: ''

2019-05-06 15:27:05 - [TEST_STEP][PASSED] - navigateToUrl("https://ocs.ca/?fts=0&preview_theme_id=53372913484"): Navigate to 'https://ocs.ca/?fts=0&preview_theme_id=53372913484' successfully

2019-05-06 15:27:22 - [MESSAGE][PASSED] - Navigate to 'https://ocs.ca/?fts=0&preview_theme_id=53372913484' successfully

2019-05-06 15:27:22 - [TEST_STEP][PASSED] - click(findTestObject("Object Repository/Theme_oR/Page_Ontario Cannabis Store  Ontari/button_Close preview")): Object: 'Object Repository/Theme_oR/Page_Ontario Cannabis Store  Ontari/button_Close preview' is clicked on

2019-05-06 15:27:23 - [MESSAGE][PASSED] - Object: 'Object Repository/Theme_oR/Page_Ontario Cannabis Store  Ontari/button_Close preview' is clicked on

2019-05-06 15:27:24 - [TEST_STEP][PASSED] - selectOptionByValue(findTestObject("OCS_CRITICAL PATH/Checkout-customer/Page_Ontario Cannabis Store  Ontari/select_Select01020304050607080"), "16", true): All options with value '16' are selected in object 'Object Repository/OCS_CRITICAL PATH/Checkout-customer/Page_Ontario Cannabis Store  Ontari/select_Select01020304050607080'  using regular expression

2019-05-06 15:27:25 - [MESSAGE][PASSED] - All options with value '16' are selected in object 'Object Repository/OCS_CRITICAL PATH/Checkout-customer/Page_Ontario Cannabis Store  Ontari/select_Select01020304050607080'  using regular expression

2019-05-06 15:27:25 - [TEST_STEP][PASSED] - selectOptionByValue(findTestObject("OCS_CRITICAL PATH/Checkout-customer/Page_Ontario Cannabis Store  Ontari/select_SelectJanuary - 01Febru"), "8", true): All options with value '8' are selected in object 'Object Repository/OCS_CRITICAL PATH/Checkout-customer/Page_Ontario Cannabis Store  Ontari/select_SelectJanuary - 01Febru'  using regular expression

2019-05-06 15:27:26 - [MESSAGE][PASSED] - All options with value '8' are selected in object 'Object Repository/OCS_CRITICAL PATH/Checkout-customer/Page_Ontario Cannabis Store  Ontari/select_SelectJanuary - 01Febru'  using regular expression

2019-05-06 15:27:26 - [TEST_STEP][PASSED] - selectOptionByValue(findTestObject("OCS_CRITICAL PATH/Checkout-customer/Page_Ontario Cannabis Store  Ontari/select_Select20182017201620152"), "1955", true): All options with value '1955' are selected in object 'Object Repository/OCS_CRITICAL PATH/Checkout-customer/Page_Ontario Cannabis Store  Ontari/select_Select20182017201620152'  using regular expression

2019-05-06 15:27:29 - [MESSAGE][PASSED] - All options with value '1955' are selected in object 'Object Repository/OCS_CRITICAL PATH/Checkout-customer/Page_Ontario Cannabis Store  Ontari/select_Select20182017201620152'  using regular expression

2019-05-06 15:27:29 - [TEST_STEP][PASSED] - click(findTestObject("OCS_CRITICAL PATH/Checkout-customer/Page_Ontario Cannabis Store  Ontari/button_Verify")): Object: 'Object Repository/OCS_CRITICAL PATH/Checkout-customer/Page_Ontario Cannabis Store  Ontari/button_Verify' is clicked on

2019-05-06 15:27:29 - [MESSAGE][PASSED] - Object: 'Object Repository/OCS_CRITICAL PATH/Checkout-customer/Page_Ontario Cannabis Store  Ontari/button_Verify' is clicked on

2019-05-06 15:27:29 - [TEST_STEP][PASSED] - click(findTestObject("OCS_CRITICAL PATH/Checkout-customer/Page_Ontario Cannabis Store  Ontari/span_CONFIRM AND ACKNOWLEDGE_c")): Object: 'Object Repository/OCS_CRITICAL PATH/Checkout-customer/Page_Ontario Cannabis Store  Ontari/span_CONFIRM AND ACKNOWLEDGE_c' is clicked on

2019-05-06 15:27:29 - [MESSAGE][PASSED] - Object: 'Object Repository/OCS_CRITICAL PATH/Checkout-customer/Page_Ontario Cannabis Store  Ontari/span_CONFIRM AND ACKNOWLEDGE_c' is clicked on

2019-05-06 15:27:29 - [TEST_STEP][PASSED] - click(findTestObject("OCS_CRITICAL PATH/Checkout-customer/Page_Ontario Cannabis Store  Ontari/button_CONFIRM")): Object: 'Object Repository/OCS_CRITICAL PATH/Checkout-customer/Page_Ontario Cannabis Store  Ontari/button_CONFIRM' is clicked on

2019-05-06 15:27:30 - [MESSAGE][PASSED] - Object: 'Object Repository/OCS_CRITICAL PATH/Checkout-customer/Page_Ontario Cannabis Store  Ontari/button_CONFIRM' is clicked on

2019-05-06 15:27:30 - [TEST_STEP][PASSED] - click(findTestObject("OCS_CRITICAL PATH/Checkout-customer/Page_Ontario Cannabis Store  Ontari/button_Start Browsing")): Object: 'Object Repository/OCS_CRITICAL PATH/Checkout-customer/Page_Ontario Cannabis Store  Ontari/button_Start Browsing' is clicked on

2019-05-06 15:27:30 - [MESSAGE][PASSED] - Object: 'Object Repository/OCS_CRITICAL PATH/Checkout-customer/Page_Ontario Cannabis Store  Ontari/button_Start Browsing' is clicked on

2019-05-06 15:27:30 - [TEST_STEP][PASSED] - delay(3): Delayed 3 second(s)

2019-05-06 15:27:33 - [MESSAGE][PASSED] - Delayed 3 second(s)

2019-05-06 15:27:33 - [TEST_STEP][PASSED] - mouseOver(findTestObject("OCS_CRITICAL PATH/Checkout-customer/Page_Ontario Cannabis Store  Ontari/h3_Cannabis")): Object: 'Object Repository/OCS_CRITICAL PATH/Checkout-customer/Page_Ontario Cannabis Store  Ontari/h3_Cannabis' is hovered

2019-05-06 15:27:33 - [MESSAGE][PASSED] - Object: 'Object Repository/OCS_CRITICAL PATH/Checkout-customer/Page_Ontario Cannabis Store  Ontari/h3_Cannabis' is hovered

2019-05-06 15:27:33 - [TEST_STEP][PASSED] - delay(3): Delayed 3 second(s)

2019-05-06 15:27:36 - [MESSAGE][PASSED] - Delayed 3 second(s)

2019-05-06 15:27:36 - [TEST_STEP][PASSED] - click(findTestObject("OCS_CRITICAL PATH/Checkout-customer/Page_Ontario Cannabis Store  Ontari/span_Indica Dominant")): Object: 'Object Repository/OCS_CRITICAL PATH/Checkout-customer/Page_Ontario Cannabis Store  Ontari/span_Indica Dominant' is clicked on

2019-05-06 15:27:43 - [MESSAGE][PASSED] - Object: 'Object Repository/OCS_CRITICAL PATH/Checkout-customer/Page_Ontario Cannabis Store  Ontari/span_Indica Dominant' is clicked on

2019-05-06 15:27:43 - [TEST_STEP][PASSED] - delay(3): Delayed 3 second(s)

2019-05-06 15:27:46 - [MESSAGE][PASSED] - Delayed 3 second(s)

2019-05-06 15:27:46 - [TEST_STEP][PASSED] - click(findTestObject("OCS_CRITICAL PATH/Checkout-customer/Page_Indica Dominant Dried Flower/h3_Shishkaberry")): Object: 'Object Repository/OCS_CRITICAL PATH/Checkout-customer/Page_Indica Dominant Dried Flower/h3_Shishkaberry' is clicked on

2019-05-06 15:27:58 - [MESSAGE][PASSED] - Object: 'Object Repository/OCS_CRITICAL PATH/Checkout-customer/Page_Indica Dominant Dried Flower/h3_Shishkaberry' is clicked on

2019-05-06 15:27:58 - [TEST_STEP][NOT_RUN] - click(findTestObject("Page_Shishkaberry  Ontario Cannabis/span_3.5g")): NOT_RUN: click(findTestObject("Page_Shishkaberry  Ontario Cannabis/span_3.5g"))

2019-05-06 15:27:58 - [MESSAGE][NOT_RUN] - NOT_RUN: click(findTestObject("Page_Shishkaberry  Ontario Cannabis/span_3.5g"))

2019-05-06 15:27:58 - [TEST_STEP][PASSED] - click(findTestObject("OCS_CRITICAL PATH/Checkout-customer/Page_Shishkaberry  Ontario Cannabis/label_3.5g")): Object: 'Object Repository/OCS_CRITICAL PATH/Checkout-customer/Page_Shishkaberry  Ontario Cannabis/label_3.5g' is clicked on

2019-05-06 15:27:58 - [MESSAGE][PASSED] - Object: 'Object Repository/OCS_CRITICAL PATH/Checkout-customer/Page_Shishkaberry  Ontario Cannabis/label_3.5g' is clicked on

2019-05-06 15:27:58 - [TEST_STEP][PASSED] - click(findTestObject("OCS_CRITICAL PATH/Checkout-customer/Page_Shishkaberry  Ontario Cannabis/button_")): Object: 'Object Repository/OCS_CRITICAL PATH/Checkout-customer/Page_Shishkaberry  Ontario Cannabis/button_' is clicked on

2019-05-06 15:27:59 - [MESSAGE][PASSED] - Object: 'Object Repository/OCS_CRITICAL PATH/Checkout-customer/Page_Shishkaberry  Ontario Cannabis/button_' is clicked on

2019-05-06 15:27:59 - [TEST_STEP][PASSED] - click(findTestObject("OCS_CRITICAL PATH/Checkout-customer/Page_Shishkaberry  Ontario Cannabis/button_")): Object: 'Object Repository/OCS_CRITICAL PATH/Checkout-customer/Page_Shishkaberry  Ontario Cannabis/button_' is clicked on

2019-05-06 15:27:59 - [MESSAGE][PASSED] - Object: 'Object Repository/OCS_CRITICAL PATH/Checkout-customer/Page_Shishkaberry  Ontario Cannabis/button_' is clicked on

2019-05-06 15:27:59 - [TEST_STEP][PASSED] - click(findTestObject("OCS_CRITICAL PATH/Checkout-customer/Page_Shishkaberry  Ontario Cannabis/button_")): Object: 'Object Repository/OCS_CRITICAL PATH/Checkout-customer/Page_Shishkaberry  Ontario Cannabis/button_' is clicked on

2019-05-06 15:27:59 - [MESSAGE][PASSED] - Object: 'Object Repository/OCS_CRITICAL PATH/Checkout-customer/Page_Shishkaberry  Ontario Cannabis/button_' is clicked on

2019-05-06 15:27:59 - [TEST_STEP][PASSED] - click(findTestObject("OCS_CRITICAL PATH/Checkout-customer/Page_Shishkaberry  Ontario Cannabis/button_Add to Bag129.60")): Object: 'Object Repository/OCS_CRITICAL PATH/Checkout-customer/Page_Shishkaberry  Ontario Cannabis/button_Add to Bag129.60' is clicked on

2019-05-06 15:27:59 - [MESSAGE][PASSED] - Object: 'Object Repository/OCS_CRITICAL PATH/Checkout-customer/Page_Shishkaberry  Ontario Cannabis/button_Add to Bag129.60' is clicked on

2019-05-06 15:27:59 - [TEST_STEP][PASSED] - click(findTestObject("OCS_CRITICAL PATH/Checkout-customer/Page_Shishkaberry  Ontario Cannabis/span_concat(I confirm that I")): Object: 'Object Repository/OCS_CRITICAL PATH/Checkout-customer/Page_Shishkaberry  Ontario Cannabis/span_concat(I confirm that I' is clicked on

2019-05-06 15:28:01 - [MESSAGE][PASSED] - Object: 'Object Repository/OCS_CRITICAL PATH/Checkout-customer/Page_Shishkaberry  Ontario Cannabis/span_concat(I confirm that I' is clicked on

2019-05-06 15:28:01 - [TEST_STEP][PASSED] - click(findTestObject("OCS_CRITICAL PATH/Checkout-customer/Page_Shishkaberry  Ontario Cannabis/span_Accept the_checkbox")): Object: 'Object Repository/OCS_CRITICAL PATH/Checkout-customer/Page_Shishkaberry  Ontario Cannabis/span_Accept the_checkbox' is clicked on

2019-05-06 15:28:01 - [MESSAGE][PASSED] - Object: 'Object Repository/OCS_CRITICAL PATH/Checkout-customer/Page_Shishkaberry  Ontario Cannabis/span_Accept the_checkbox' is clicked on

2019-05-06 15:28:01 - [TEST_STEP][PASSED] - delay(3): Delayed 3 second(s)

2019-05-06 15:28:04 - [MESSAGE][PASSED] - Delayed 3 second(s)

2019-05-06 15:28:04 - [TEST_STEP][PASSED] - click(findTestObject("OCS_CRITICAL PATH/Checkout-customer/Page_Shishkaberry  Ontario Cannabis/a_Checkout")): Object: 'Object Repository/OCS_CRITICAL PATH/Checkout-customer/Page_Shishkaberry  Ontario Cannabis/a_Checkout' is clicked on

2019-05-06 15:28:39 - [MESSAGE][PASSED] - Object: 'Object Repository/OCS_CRITICAL PATH/Checkout-customer/Page_Shishkaberry  Ontario Cannabis/a_Checkout' is clicked on

2019-05-06 15:28:39 - [TEST_STEP][PASSED] - setText(findTestObject("OCS_CRITICAL PATH/Checkout-shipping method/Page_Ontario Cannabis Store - Infor/input_Email_checkoutemail"), "sumankompelly@diffagency.com"): Text 'sumankompelly@diffagency.com' is set on object 'Object Repository/OCS_CRITICAL PATH/Checkout-shipping method/Page_Ontario Cannabis Store - Infor/input_Email_checkoutemail'

2019-05-06 15:28:39 - [MESSAGE][PASSED] - Text 'sumankompelly@diffagency.com' is set on object 'Object Repository/OCS_CRITICAL PATH/Checkout-shipping method/Page_Ontario Cannabis Store - Infor/input_Email_checkoutemail'

2019-05-06 15:28:39 - [TEST_STEP][PASSED] - setText(findTestObject("OCS_CRITICAL PATH/Checkout-shipping method/Page_Ontario Cannabis Store - Infor/input_First name_checkoutshipp"), "suman"): Text 'suman' is set on object 'Object Repository/OCS_CRITICAL PATH/Checkout-shipping method/Page_Ontario Cannabis Store - Infor/input_First name_checkoutshipp'

2019-05-06 15:28:39 - [MESSAGE][PASSED] - Text 'suman' is set on object 'Object Repository/OCS_CRITICAL PATH/Checkout-shipping method/Page_Ontario Cannabis Store - Infor/input_First name_checkoutshipp'

2019-05-06 15:28:39 - [TEST_STEP][PASSED] - setText(findTestObject("OCS_CRITICAL PATH/Checkout-shipping method/Page_Ontario Cannabis Store - Infor/input_Last name_checkoutshippi"), "kompelly"): Text 'kompelly' is set on object 'Object Repository/OCS_CRITICAL PATH/Checkout-shipping method/Page_Ontario Cannabis Store - Infor/input_Last name_checkoutshippi'

2019-05-06 15:28:40 - [MESSAGE][PASSED] - Text 'kompelly' is set on object 'Object Repository/OCS_CRITICAL PATH/Checkout-shipping method/Page_Ontario Cannabis Store - Infor/input_Last name_checkoutshippi'

2019-05-06 15:28:40 - [TEST_STEP][PASSED] - setText(findTestObject("OCS_CRITICAL PATH/Checkout-shipping method/Page_Ontario Cannabis Store - Infor/input_Address_checkoutshipping"), "399 st alxendre"): Text '399 st alxendre' is set on object 'Object Repository/OCS_CRITICAL PATH/Checkout-shipping method/Page_Ontario Cannabis Store - Infor/input_Address_checkoutshipping'

2019-05-06 15:28:40 - [MESSAGE][PASSED] - Text '399 st alxendre' is set on object 'Object Repository/OCS_CRITICAL PATH/Checkout-shipping method/Page_Ontario Cannabis Store - Infor/input_Address_checkoutshipping'

2019-05-06 15:28:40 - [TEST_STEP][PASSED] - setText(findTestObject("OCS_CRITICAL PATH/Checkout-shipping method/Page_Ontario Cannabis Store - Infor/input_Apartment suite etc. (op"), "38"): Text '38' is set on object 'Object Repository/OCS_CRITICAL PATH/Checkout-shipping method/Page_Ontario Cannabis Store - Infor/input_Apartment suite etc. (op'

2019-05-06 15:28:40 - [MESSAGE][PASSED] - Text '38' is set on object 'Object Repository/OCS_CRITICAL PATH/Checkout-shipping method/Page_Ontario Cannabis Store - Infor/input_Apartment suite etc. (op'

2019-05-06 15:28:40 - [TEST_STEP][PASSED] - setText(findTestObject("OCS_CRITICAL PATH/Checkout-shipping method/Page_Ontario Cannabis Store - Infor/input_City_checkoutshipping_ad"), "montreal"): Text 'montreal' is set on object 'Object Repository/OCS_CRITICAL PATH/Checkout-shipping method/Page_Ontario Cannabis Store - Infor/input_City_checkoutshipping_ad'

2019-05-06 15:28:40 - [MESSAGE][PASSED] - Text 'montreal' is set on object 'Object Repository/OCS_CRITICAL PATH/Checkout-shipping method/Page_Ontario Cannabis Store - Infor/input_City_checkoutshipping_ad'

2019-05-06 15:28:40 - [TEST_STEP][PASSED] - setText(findTestObject("OCS_CRITICAL PATH/Checkout-shipping method/Page_Ontario Cannabis Store - Infor/input_Postal code_checkoutship"), "n0r1k0"): Text 'n0r1k0' is set on object 'Object Repository/OCS_CRITICAL PATH/Checkout-shipping method/Page_Ontario Cannabis Store - Infor/input_Postal code_checkoutship'

2019-05-06 15:28:40 - [MESSAGE][PASSED] - Text 'n0r1k0' is set on object 'Object Repository/OCS_CRITICAL PATH/Checkout-shipping method/Page_Ontario Cannabis Store - Infor/input_Postal code_checkoutship'

2019-05-06 15:28:40 - [TEST_STEP][PASSED] - setText(findTestObject("OCS_CRITICAL PATH/Checkout-shipping method/Page_Ontario Cannabis Store - Infor/input_Phone_checkoutshipping_a"), "(514) 449-3882"): Text '(514) 449-3882' is set on object 'Object Repository/OCS_CRITICAL PATH/Checkout-shipping method/Page_Ontario Cannabis Store - Infor/input_Phone_checkoutshipping_a'

2019-05-06 15:28:41 - [MESSAGE][PASSED] - Text '(514) 449-3882' is set on object 'Object Repository/OCS_CRITICAL PATH/Checkout-shipping method/Page_Ontario Cannabis Store - Infor/input_Phone_checkoutshipping_a'

2019-05-06 15:28:41 - [TEST_STEP][PASSED] - delay(3): Delayed 3 second(s)

2019-05-06 15:28:44 - [MESSAGE][PASSED] - Delayed 3 second(s)

2019-05-06 15:28:44 - [TEST_STEP][PASSED] - click(findTestObject("OCS_CRITICAL PATH/Checkout-shipping method/Page_Ontario Cannabis Store - Infor/button_Continue to shipping me")): Object: 'Object Repository/OCS_CRITICAL PATH/Checkout-shipping method/Page_Ontario Cannabis Store - Infor/button_Continue to shipping me' is clicked on

2019-05-06 15:28:55 - [MESSAGE][PASSED] - Object: 'Object Repository/OCS_CRITICAL PATH/Checkout-shipping method/Page_Ontario Cannabis Store - Infor/button_Continue to shipping me' is clicked on

2019-05-06 15:28:55 - [TEST_STEP][NOT_RUN] - a = getWindowTitle(): NOT_RUN: a = getWindowTitle()

2019-05-06 15:28:55 - [MESSAGE][NOT_RUN] - NOT_RUN: a = getWindowTitle()

2019-05-06 15:28:55 - [TEST_STEP][NOT_RUN] - comment(a): NOT_RUN: comment(a)

2019-05-06 15:28:55 - [MESSAGE][NOT_RUN] - NOT_RUN: comment(a)

2019-05-06 15:28:55 - [TEST_STEP][NOT_RUN] - assert getWindowTitle() == a: NOT_RUN: assert getWindowTitle() == a

2019-05-06 15:28:55 - [MESSAGE][NOT_RUN] - NOT_RUN: assert getWindowTitle() == a

2019-05-06 15:28:55 - [TEST_STEP][NOT_RUN] - comment(" navigation is on the right page "): NOT_RUN: comment(" navigation is on the right page ")

2019-05-06 15:28:55 - [MESSAGE][NOT_RUN] - NOT_RUN: comment(" navigation is on the right page ")

2019-05-06 15:28:55 - [TEST_STEP][PASSED] - click(findTestObject("OCS_CRITICAL PATH/Checkout-shipping method/Page_Ontario Cannabis Store - Shipp/a_Information")): Object: 'Object Repository/OCS_CRITICAL PATH/Checkout-shipping method/Page_Ontario Cannabis Store - Shipp/a_Information' is clicked on

2019-05-06 15:28:56 - [MESSAGE][PASSED] - Object: 'Object Repository/OCS_CRITICAL PATH/Checkout-shipping method/Page_Ontario Cannabis Store - Shipp/a_Information' is clicked on

2019-05-06 15:28:56 - [TEST_STEP][PASSED] - click(findTestObject("OCS_CRITICAL PATH/Checkout-shipping method/Page_Ontario Cannabis Store - Infor/a_Shipping")): Object: 'Object Repository/OCS_CRITICAL PATH/Checkout-shipping method/Page_Ontario Cannabis Store - Infor/a_Shipping' is clicked on

2019-05-06 15:28:57 - [MESSAGE][PASSED] - Object: 'Object Repository/OCS_CRITICAL PATH/Checkout-shipping method/Page_Ontario Cannabis Store - Infor/a_Shipping' is clicked on

2019-05-06 15:28:57 - [TEST_STEP][PASSED] - click(findTestObject("OCS_CRITICAL PATH/Checkout-shipping method/Page_Ontario Cannabis Store - Shipp/a_Cart")): Object: 'Object Repository/OCS_CRITICAL PATH/Checkout-shipping method/Page_Ontario Cannabis Store - Shipp/a_Cart' is clicked on

2019-05-06 15:29:01 - [MESSAGE][PASSED] - Object: 'Object Repository/OCS_CRITICAL PATH/Checkout-shipping method/Page_Ontario Cannabis Store - Shipp/a_Cart' is clicked on

2019-05-06 15:29:01 - [TEST_STEP][PASSED] - delay(2): Delayed 2 second(s)

2019-05-06 15:29:03 - [MESSAGE][PASSED] - Delayed 2 second(s)

2019-05-06 15:29:03 - [TEST_STEP][PASSED] - click(findTestObject("OCS_CRITICAL PATH/Checkout-shipping method/Page_Your Shopping Cart  Ontario Ca/span_concat(I confirm that I")): Object: 'Object Repository/OCS_CRITICAL PATH/Checkout-shipping method/Page_Your Shopping Cart  Ontario Ca/span_concat(I confirm that I' is clicked on

2019-05-06 15:29:03 - [MESSAGE][PASSED] - Object: 'Object Repository/OCS_CRITICAL PATH/Checkout-shipping method/Page_Your Shopping Cart  Ontario Ca/span_concat(I confirm that I' is clicked on

2019-05-06 15:29:03 - [TEST_STEP][PASSED] - delay(2): Delayed 2 second(s)

2019-05-06 15:29:05 - [MESSAGE][PASSED] - Delayed 2 second(s)

2019-05-06 15:29:05 - [TEST_STEP][PASSED] - click(findTestObject("OCS_CRITICAL PATH/Checkout-shipping method/Page_Your Shopping Cart  Ontario Ca/span_Accept the_checkbox")): Object: 'Object Repository/OCS_CRITICAL PATH/Checkout-shipping method/Page_Your Shopping Cart  Ontario Ca/span_Accept the_checkbox' is clicked on

2019-05-06 15:29:05 - [MESSAGE][PASSED] - Object: 'Object Repository/OCS_CRITICAL PATH/Checkout-shipping method/Page_Your Shopping Cart  Ontario Ca/span_Accept the_checkbox' is clicked on

2019-05-06 15:29:05 - [TEST_STEP][PASSED] - delay(2): Delayed 2 second(s)

2019-05-06 15:29:07 - [MESSAGE][PASSED] - Delayed 2 second(s)

2019-05-06 15:29:07 - [TEST_STEP][PASSED] - click(findTestObject("OCS_CRITICAL PATH/Checkout-shipping method/Page_Your Shopping Cart  Ontario Ca/a_Checkout")): Object: 'Object Repository/OCS_CRITICAL PATH/Checkout-shipping method/Page_Your Shopping Cart  Ontario Ca/a_Checkout' is clicked on

2019-05-06 15:29:09 - [MESSAGE][PASSED] - Object: 'Object Repository/OCS_CRITICAL PATH/Checkout-shipping method/Page_Your Shopping Cart  Ontario Ca/a_Checkout' is clicked on

2019-05-06 15:29:09 - [TEST_STEP][PASSED] - delay(2): Delayed 2 second(s)

2019-05-06 15:29:11 - [MESSAGE][PASSED] - Delayed 2 second(s)

2019-05-06 15:29:11 - [TEST_STEP][PASSED] - click(findTestObject("OCS_CRITICAL PATH/Checkout-shipping method/Page_Ontario Cannabis Store - Shipp/span_Change")): Object: 'Object Repository/OCS_CRITICAL PATH/Checkout-shipping method/Page_Ontario Cannabis Store - Shipp/span_Change' is clicked on

2019-05-06 15:29:12 - [MESSAGE][PASSED] - Object: 'Object Repository/OCS_CRITICAL PATH/Checkout-shipping method/Page_Ontario Cannabis Store - Shipp/span_Change' is clicked on

2019-05-06 15:29:12 - [TEST_STEP][PASSED] - click(findTestObject("OCS_CRITICAL PATH/Checkout-shipping method/Page_Ontario Cannabis Store - Infor/button_Continue to shipping me")): Object: 'Object Repository/OCS_CRITICAL PATH/Checkout-shipping method/Page_Ontario Cannabis Store - Infor/button_Continue to shipping me' is clicked on

2019-05-06 15:29:14 - [MESSAGE][PASSED] - Object: 'Object Repository/OCS_CRITICAL PATH/Checkout-shipping method/Page_Ontario Cannabis Store - Infor/button_Continue to shipping me' is clicked on

2019-05-06 15:29:14 - [TEST_STEP][PASSED] - delay(2): Delayed 2 second(s)

2019-05-06 15:29:16 - [MESSAGE][PASSED] - Delayed 2 second(s)

2019-05-06 15:29:16 - [TEST_STEP][PASSED] - click(findTestObject("OCS_CRITICAL PATH/Checkout-shipping method/Page_Ontario Cannabis Store - Shipp/span_Change")): Object: 'Object Repository/OCS_CRITICAL PATH/Checkout-shipping method/Page_Ontario Cannabis Store - Shipp/span_Change' is clicked on

2019-05-06 15:29:17 - [MESSAGE][PASSED] - Object: 'Object Repository/OCS_CRITICAL PATH/Checkout-shipping method/Page_Ontario Cannabis Store - Shipp/span_Change' is clicked on

2019-05-06 15:29:17 - [TEST_STEP][PASSED] - delay(2): Delayed 2 second(s)

2019-05-06 15:29:19 - [MESSAGE][PASSED] - Delayed 2 second(s)

2019-05-06 15:29:19 - [TEST_STEP][PASSED] - click(findTestObject("OCS_CRITICAL PATH/Checkout-shipping method/Page_Ontario Cannabis Store - Infor/button_Continue to shipping me")): Object: 'Object Repository/OCS_CRITICAL PATH/Checkout-shipping method/Page_Ontario Cannabis Store - Infor/button_Continue to shipping me' is clicked on

2019-05-06 15:29:21 - [MESSAGE][PASSED] - Object: 'Object Repository/OCS_CRITICAL PATH/Checkout-shipping method/Page_Ontario Cannabis Store - Infor/button_Continue to shipping me' is clicked on

2019-05-06 15:29:21 - [TEST_STEP][PASSED] - click(findTestObject("OCS_CRITICAL PATH/Checkout-shipping method/Page_Ontario Cannabis Store - Shipp/span_Return to customer inform")): Object: 'Object Repository/OCS_CRITICAL PATH/Checkout-shipping method/Page_Ontario Cannabis Store - Shipp/span_Return to customer inform' is clicked on

2019-05-06 15:29:23 - [MESSAGE][PASSED] - Object: 'Object Repository/OCS_CRITICAL PATH/Checkout-shipping method/Page_Ontario Cannabis Store - Shipp/span_Return to customer inform' is clicked on

2019-05-06 15:29:23 - [TEST_STEP][PASSED] - click(findTestObject("OCS_CRITICAL PATH/Checkout-shipping method/Page_Ontario Cannabis Store - Infor/button_Continue to shipping me")): Object: 'Object Repository/OCS_CRITICAL PATH/Checkout-shipping method/Page_Ontario Cannabis Store - Infor/button_Continue to shipping me' is clicked on

2019-05-06 15:29:24 - [MESSAGE][PASSED] - Object: 'Object Repository/OCS_CRITICAL PATH/Checkout-shipping method/Page_Ontario Cannabis Store - Infor/button_Continue to shipping me' is clicked on

2019-05-06 15:29:24 - [TEST_STEP][PASSED] - click(findTestObject("OCS_CRITICAL PATH/Checkout-shipping method/Page_Ontario Cannabis Store - Shipp/button_Continue to payment met")): Object: 'Object Repository/OCS_CRITICAL PATH/Checkout-shipping method/Page_Ontario Cannabis Store - Shipp/button_Continue to payment met' is clicked on

2019-05-06 15:29:28 - [MESSAGE][PASSED] - Object: 'Object Repository/OCS_CRITICAL PATH/Checkout-shipping method/Page_Ontario Cannabis Store - Shipp/button_Continue to payment met' is clicked on

2019-05-06 15:29:28 - [TEST_STEP][PASSED] - r = getWindowTitle(): Current window's title is: 'Ontario Cannabis Store - Payment - Ontario Cannabis Store - Checkout'

2019-05-06 15:29:28 - [MESSAGE][PASSED] - Current window's title is: 'Ontario Cannabis Store - Payment - Ontario Cannabis Store - Checkout'

2019-05-06 15:29:28 - [TEST_STEP][PASSED] - comment(r): Ontario Cannabis Store - Payment - Ontario Cannabis Store - Checkout

2019-05-06 15:29:28 - [MESSAGE][INFO] - Ontario Cannabis Store - Payment - Ontario Cannabis Store - Checkout

2019-05-06 15:29:28 - [TEST_STEP][PASSED] - assert getWindowTitle() == r: Current window's title is: 'Ontario Cannabis Store - Payment - Ontario Cannabis Store - Checkout'

2019-05-06 15:29:28 - [MESSAGE][PASSED] - Current window's title is: 'Ontario Cannabis Store - Payment - Ontario Cannabis Store - Checkout'

2019-05-06 15:29:28 - [TEST_STEP][PASSED] - comment(" navigation is on the right page "):  navigation is on the right page 

2019-05-06 15:29:28 - [MESSAGE][INFO] -  navigation is on the right page]]></system-out>
         <system-err><![CDATA[]]></system-err>
      </testcase>
      <testcase name="Test Cases/OCS- CRITICAL PATH/Cart page- decrease qty" classname="Test Cases/OCS- CRITICAL PATH/Cart page- decrease qty" status="PASSED">
         <system-out><![CDATA[2019-05-06 15:29:28 - [TEST_CASE][PASSED] - Test Cases/OCS- CRITICAL PATH/Cart page- decrease qty: Test Cases/OCS- CRITICAL PATH/Cart page- decrease qty

2019-05-06 15:29:29 - [TEST_STEP][PASSED] - openBrowser(""): Browser is opened with url: ''

2019-05-06 15:29:29 - [MESSAGE][WARNING] - A browser is already opened. Closing browser and opening a new one

2019-05-06 15:29:29 - [MESSAGE][INFO] - Starting 'Firefox' driver

2019-05-06 15:29:32 - [MESSAGE][PASSED] - Browser is opened with url: ''

2019-05-06 15:29:32 - [TEST_STEP][PASSED] - navigateToUrl("https://ocs.ca/?fts=0&preview_theme_id=53372913484"): Navigate to 'https://ocs.ca/?fts=0&preview_theme_id=53372913484' successfully

2019-05-06 15:29:38 - [MESSAGE][PASSED] - Navigate to 'https://ocs.ca/?fts=0&preview_theme_id=53372913484' successfully

2019-05-06 15:29:38 - [TEST_STEP][PASSED] - click(findTestObject("Object Repository/Theme_oR/Page_Ontario Cannabis Store  Ontari/button_Close preview")): Object: 'Object Repository/Theme_oR/Page_Ontario Cannabis Store  Ontari/button_Close preview' is clicked on

2019-05-06 15:29:39 - [MESSAGE][PASSED] - Object: 'Object Repository/Theme_oR/Page_Ontario Cannabis Store  Ontari/button_Close preview' is clicked on

2019-05-06 15:29:39 - [TEST_STEP][PASSED] - maximizeWindow(): Current window maximized

2019-05-06 15:29:39 - [MESSAGE][PASSED] - Current window maximized

2019-05-06 15:29:39 - [TEST_STEP][PASSED] - selectOptionByValue(findTestObject("OCS_CRITICAL PATH/Cartflyout-decrease qty _OR/Page_Ontario Cannabis Store  Ontari/select_Select01020304050607080"), "18", true): All options with value '18' are selected in object 'Object Repository/OCS_CRITICAL PATH/Cartflyout-decrease qty _OR/Page_Ontario Cannabis Store  Ontari/select_Select01020304050607080'  using regular expression

2019-05-06 15:29:41 - [MESSAGE][PASSED] - All options with value '18' are selected in object 'Object Repository/OCS_CRITICAL PATH/Cartflyout-decrease qty _OR/Page_Ontario Cannabis Store  Ontari/select_Select01020304050607080'  using regular expression

2019-05-06 15:29:41 - [TEST_STEP][PASSED] - selectOptionByValue(findTestObject("OCS_CRITICAL PATH/Cartflyout-decrease qty _OR/Page_Ontario Cannabis Store  Ontari/select_SelectJanuary - 01Febru"), "9", true): All options with value '9' are selected in object 'Object Repository/OCS_CRITICAL PATH/Cartflyout-decrease qty _OR/Page_Ontario Cannabis Store  Ontari/select_SelectJanuary - 01Febru'  using regular expression

2019-05-06 15:29:42 - [MESSAGE][PASSED] - All options with value '9' are selected in object 'Object Repository/OCS_CRITICAL PATH/Cartflyout-decrease qty _OR/Page_Ontario Cannabis Store  Ontari/select_SelectJanuary - 01Febru'  using regular expression

2019-05-06 15:29:42 - [TEST_STEP][PASSED] - selectOptionByValue(findTestObject("OCS_CRITICAL PATH/Cartflyout-decrease qty _OR/Page_Ontario Cannabis Store  Ontari/select_Select20182017201620152"), "1933", true): All options with value '1933' are selected in object 'Object Repository/OCS_CRITICAL PATH/Cartflyout-decrease qty _OR/Page_Ontario Cannabis Store  Ontari/select_Select20182017201620152'  using regular expression

2019-05-06 15:29:44 - [MESSAGE][PASSED] - All options with value '1933' are selected in object 'Object Repository/OCS_CRITICAL PATH/Cartflyout-decrease qty _OR/Page_Ontario Cannabis Store  Ontari/select_Select20182017201620152'  using regular expression

2019-05-06 15:29:44 - [TEST_STEP][PASSED] - click(findTestObject("OCS_CRITICAL PATH/Cartflyout-decrease qty _OR/Page_Ontario Cannabis Store  Ontari/button_Verify")): Object: 'Object Repository/OCS_CRITICAL PATH/Cartflyout-decrease qty _OR/Page_Ontario Cannabis Store  Ontari/button_Verify' is clicked on

2019-05-06 15:29:44 - [MESSAGE][PASSED] - Object: 'Object Repository/OCS_CRITICAL PATH/Cartflyout-decrease qty _OR/Page_Ontario Cannabis Store  Ontari/button_Verify' is clicked on

2019-05-06 15:29:44 - [TEST_STEP][PASSED] - click(findTestObject("OCS_CRITICAL PATH/Cartflyout-decrease qty _OR/Page_Ontario Cannabis Store  Ontari/span_CONFIRM AND ACKNOWLEDGE_c")): Object: 'Object Repository/OCS_CRITICAL PATH/Cartflyout-decrease qty _OR/Page_Ontario Cannabis Store  Ontari/span_CONFIRM AND ACKNOWLEDGE_c' is clicked on

2019-05-06 15:29:45 - [MESSAGE][PASSED] - Object: 'Object Repository/OCS_CRITICAL PATH/Cartflyout-decrease qty _OR/Page_Ontario Cannabis Store  Ontari/span_CONFIRM AND ACKNOWLEDGE_c' is clicked on

2019-05-06 15:29:45 - [TEST_STEP][PASSED] - click(findTestObject("OCS_CRITICAL PATH/Cartflyout-decrease qty _OR/Page_Ontario Cannabis Store  Ontari/button_CONFIRM")): Object: 'Object Repository/OCS_CRITICAL PATH/Cartflyout-decrease qty _OR/Page_Ontario Cannabis Store  Ontari/button_CONFIRM' is clicked on

2019-05-06 15:29:45 - [MESSAGE][PASSED] - Object: 'Object Repository/OCS_CRITICAL PATH/Cartflyout-decrease qty _OR/Page_Ontario Cannabis Store  Ontari/button_CONFIRM' is clicked on

2019-05-06 15:29:45 - [TEST_STEP][PASSED] - click(findTestObject("OCS_CRITICAL PATH/Cartflyout-decrease qty _OR/Page_Ontario Cannabis Store  Ontari/button_Start Browsing")): Object: 'Object Repository/OCS_CRITICAL PATH/Cartflyout-decrease qty _OR/Page_Ontario Cannabis Store  Ontari/button_Start Browsing' is clicked on

2019-05-06 15:29:45 - [MESSAGE][PASSED] - Object: 'Object Repository/OCS_CRITICAL PATH/Cartflyout-decrease qty _OR/Page_Ontario Cannabis Store  Ontari/button_Start Browsing' is clicked on

2019-05-06 15:29:45 - [TEST_STEP][PASSED] - delay(2): Delayed 2 second(s)

2019-05-06 15:29:47 - [MESSAGE][PASSED] - Delayed 2 second(s)

2019-05-06 15:29:47 - [TEST_STEP][PASSED] - mouseOver(findTestObject("OCS_CRITICAL PATH/Cartflyout-decrease qty _OR/Page_Ontario Cannabis Store  Ontari/h3_Cannabis")): Object: 'Object Repository/OCS_CRITICAL PATH/Cartflyout-decrease qty _OR/Page_Ontario Cannabis Store  Ontari/h3_Cannabis' is hovered

2019-05-06 15:29:47 - [MESSAGE][PASSED] - Object: 'Object Repository/OCS_CRITICAL PATH/Cartflyout-decrease qty _OR/Page_Ontario Cannabis Store  Ontari/h3_Cannabis' is hovered

2019-05-06 15:29:47 - [TEST_STEP][PASSED] - delay(2): Delayed 2 second(s)

2019-05-06 15:29:49 - [MESSAGE][PASSED] - Delayed 2 second(s)

2019-05-06 15:29:49 - [TEST_STEP][PASSED] - click(findTestObject("OCS_CRITICAL PATH/Cartflyout-decrease qty _OR/Page_Ontario Cannabis Store  Ontari/span_Indica Dominant")): Object: 'Object Repository/OCS_CRITICAL PATH/Cartflyout-decrease qty _OR/Page_Ontario Cannabis Store  Ontari/span_Indica Dominant' is clicked on

2019-05-06 15:29:51 - [MESSAGE][PASSED] - Object: 'Object Repository/OCS_CRITICAL PATH/Cartflyout-decrease qty _OR/Page_Ontario Cannabis Store  Ontari/span_Indica Dominant' is clicked on

2019-05-06 15:29:51 - [TEST_STEP][PASSED] - delay(3): Delayed 3 second(s)

2019-05-06 15:29:54 - [MESSAGE][PASSED] - Delayed 3 second(s)

2019-05-06 15:29:54 - [TEST_STEP][PASSED] - click(findTestObject("OCS_CRITICAL PATH/Cartflyout-decrease qty _OR/Page_Indica Dominant Dried Flower/h3_Shishkaberry")): Object: 'Object Repository/OCS_CRITICAL PATH/Cartflyout-decrease qty _OR/Page_Indica Dominant Dried Flower/h3_Shishkaberry' is clicked on

2019-05-06 15:29:56 - [MESSAGE][PASSED] - Object: 'Object Repository/OCS_CRITICAL PATH/Cartflyout-decrease qty _OR/Page_Indica Dominant Dried Flower/h3_Shishkaberry' is clicked on

2019-05-06 15:29:56 - [TEST_STEP][PASSED] - click(findTestObject("OCS_CRITICAL PATH/Cartflyout-decrease qty _OR/Page_Shishkaberry  Ontario Cannabis/div_3.5g")): Object: 'Object Repository/OCS_CRITICAL PATH/Cartflyout-decrease qty _OR/Page_Shishkaberry  Ontario Cannabis/div_3.5g' is clicked on

2019-05-06 15:29:57 - [MESSAGE][PASSED] - Object: 'Object Repository/OCS_CRITICAL PATH/Cartflyout-decrease qty _OR/Page_Shishkaberry  Ontario Cannabis/div_3.5g' is clicked on

2019-05-06 15:29:57 - [TEST_STEP][PASSED] - click(findTestObject("OCS_CRITICAL PATH/cartpage- decrease qty _OR/Page_Shishkaberry  Ontario Cannabis/button_")): Object: 'Object Repository/OCS_CRITICAL PATH/cartpage- decrease qty _OR/Page_Shishkaberry  Ontario Cannabis/button_' is clicked on

2019-05-06 15:29:57 - [MESSAGE][PASSED] - Object: 'Object Repository/OCS_CRITICAL PATH/cartpage- decrease qty _OR/Page_Shishkaberry  Ontario Cannabis/button_' is clicked on

2019-05-06 15:29:57 - [TEST_STEP][PASSED] - click(findTestObject("OCS_CRITICAL PATH/cartpage- decrease qty _OR/Page_Shishkaberry  Ontario Cannabis/button_")): Object: 'Object Repository/OCS_CRITICAL PATH/cartpage- decrease qty _OR/Page_Shishkaberry  Ontario Cannabis/button_' is clicked on

2019-05-06 15:29:57 - [MESSAGE][PASSED] - Object: 'Object Repository/OCS_CRITICAL PATH/cartpage- decrease qty _OR/Page_Shishkaberry  Ontario Cannabis/button_' is clicked on

2019-05-06 15:29:57 - [TEST_STEP][PASSED] - click(findTestObject("OCS_CRITICAL PATH/cartpage- decrease qty _OR/Page_Shishkaberry  Ontario Cannabis/button_")): Object: 'Object Repository/OCS_CRITICAL PATH/cartpage- decrease qty _OR/Page_Shishkaberry  Ontario Cannabis/button_' is clicked on

2019-05-06 15:29:58 - [MESSAGE][PASSED] - Object: 'Object Repository/OCS_CRITICAL PATH/cartpage- decrease qty _OR/Page_Shishkaberry  Ontario Cannabis/button_' is clicked on

2019-05-06 15:29:58 - [TEST_STEP][PASSED] - click(findTestObject("OCS_CRITICAL PATH/cartpage- decrease qty _OR/Page_Shishkaberry  Ontario Cannabis/button_")): Object: 'Object Repository/OCS_CRITICAL PATH/cartpage- decrease qty _OR/Page_Shishkaberry  Ontario Cannabis/button_' is clicked on

2019-05-06 15:29:58 - [MESSAGE][PASSED] - Object: 'Object Repository/OCS_CRITICAL PATH/cartpage- decrease qty _OR/Page_Shishkaberry  Ontario Cannabis/button_' is clicked on

2019-05-06 15:29:58 - [TEST_STEP][PASSED] - click(findTestObject("OCS_CRITICAL PATH/cartpage- decrease qty _OR/Page_Shishkaberry  Ontario Cannabis/button_")): Object: 'Object Repository/OCS_CRITICAL PATH/cartpage- decrease qty _OR/Page_Shishkaberry  Ontario Cannabis/button_' is clicked on

2019-05-06 15:29:58 - [MESSAGE][PASSED] - Object: 'Object Repository/OCS_CRITICAL PATH/cartpage- decrease qty _OR/Page_Shishkaberry  Ontario Cannabis/button_' is clicked on

2019-05-06 15:29:58 - [TEST_STEP][PASSED] - click(findTestObject("OCS_CRITICAL PATH/cartpage- decrease qty _OR/Page_Shishkaberry  Ontario Cannabis/button_Add to Bag194.40")): Object: 'Object Repository/OCS_CRITICAL PATH/cartpage- decrease qty _OR/Page_Shishkaberry  Ontario Cannabis/button_Add to Bag194.40' is clicked on

2019-05-06 15:29:58 - [MESSAGE][PASSED] - Object: 'Object Repository/OCS_CRITICAL PATH/cartpage- decrease qty _OR/Page_Shishkaberry  Ontario Cannabis/button_Add to Bag194.40' is clicked on

2019-05-06 15:29:58 - [TEST_STEP][PASSED] - click(findTestObject("OCS_CRITICAL PATH/cartpage- decrease qty _OR/Page_Shishkaberry  Ontario Cannabis/span_concat(I confirm that I")): Object: 'Object Repository/OCS_CRITICAL PATH/cartpage- decrease qty _OR/Page_Shishkaberry  Ontario Cannabis/span_concat(I confirm that I' is clicked on

2019-05-06 15:30:00 - [MESSAGE][PASSED] - Object: 'Object Repository/OCS_CRITICAL PATH/cartpage- decrease qty _OR/Page_Shishkaberry  Ontario Cannabis/span_concat(I confirm that I' is clicked on

2019-05-06 15:30:00 - [TEST_STEP][PASSED] - click(findTestObject("OCS_CRITICAL PATH/cartpage- decrease qty _OR/Page_Shishkaberry  Ontario Cannabis/span_Accept the_checkbox")): Object: 'Object Repository/OCS_CRITICAL PATH/cartpage- decrease qty _OR/Page_Shishkaberry  Ontario Cannabis/span_Accept the_checkbox' is clicked on

2019-05-06 15:30:00 - [MESSAGE][PASSED] - Object: 'Object Repository/OCS_CRITICAL PATH/cartpage- decrease qty _OR/Page_Shishkaberry  Ontario Cannabis/span_Accept the_checkbox' is clicked on

2019-05-06 15:30:00 - [TEST_STEP][PASSED] - delay(3): Delayed 3 second(s)

2019-05-06 15:30:03 - [MESSAGE][PASSED] - Delayed 3 second(s)

2019-05-06 15:30:03 - [TEST_STEP][PASSED] - click(findTestObject("OCS_CRITICAL PATH/cartpage- decrease qty _OR/Page_Shishkaberry  Ontario Cannabis/a_Checkout")): Object: 'Object Repository/OCS_CRITICAL PATH/cartpage- decrease qty _OR/Page_Shishkaberry  Ontario Cannabis/a_Checkout' is clicked on

2019-05-06 15:30:06 - [MESSAGE][PASSED] - Object: 'Object Repository/OCS_CRITICAL PATH/cartpage- decrease qty _OR/Page_Shishkaberry  Ontario Cannabis/a_Checkout' is clicked on

2019-05-06 15:30:06 - [TEST_STEP][PASSED] - click(findTestObject("OCS_CRITICAL PATH/cartpage- decrease qty _OR/Page_Ontario Cannabis Store - Infor/a_Cart")): Object: 'Object Repository/OCS_CRITICAL PATH/cartpage- decrease qty _OR/Page_Ontario Cannabis Store - Infor/a_Cart' is clicked on

2019-05-06 15:30:08 - [MESSAGE][PASSED] - Object: 'Object Repository/OCS_CRITICAL PATH/cartpage- decrease qty _OR/Page_Ontario Cannabis Store - Infor/a_Cart' is clicked on

2019-05-06 15:30:08 - [TEST_STEP][PASSED] - a = getText(findTestObject("OCS_CRITICAL PATH/cartpage- decrease qty _OR/Page_Your Shopping Cart  Ontario Ca/p_194.40")): Text of object 'Object Repository/OCS_CRITICAL PATH/cartpage- decrease qty _OR/Page_Your Shopping Cart  Ontario Ca/p_194.40' is: '$194.40'

2019-05-06 15:30:08 - [MESSAGE][PASSED] - Text of object 'Object Repository/OCS_CRITICAL PATH/cartpage- decrease qty _OR/Page_Your Shopping Cart  Ontario Ca/p_194.40' is: '$194.40'

2019-05-06 15:30:08 - [TEST_STEP][PASSED] - comment(a): $194.40

2019-05-06 15:30:08 - [MESSAGE][INFO] - $194.40

2019-05-06 15:30:08 - [TEST_STEP][PASSED] - click(findTestObject("OCS_CRITICAL PATH/cartpage- decrease qty _OR/Page_Your Shopping Cart  Ontario Ca/button_-")): Object: 'Object Repository/OCS_CRITICAL PATH/cartpage- decrease qty _OR/Page_Your Shopping Cart  Ontario Ca/button_-' is clicked on

2019-05-06 15:30:08 - [MESSAGE][PASSED] - Object: 'Object Repository/OCS_CRITICAL PATH/cartpage- decrease qty _OR/Page_Your Shopping Cart  Ontario Ca/button_-' is clicked on

2019-05-06 15:30:08 - [TEST_STEP][PASSED] - setText(findTestObject("OCS_CRITICAL PATH/cartpage- decrease qty _OR/Page_Your Shopping Cart  Ontario Ca/input_-_updates"), "7"): Text '7' is set on object 'Object Repository/OCS_CRITICAL PATH/cartpage- decrease qty _OR/Page_Your Shopping Cart  Ontario Ca/input_-_updates'

2019-05-06 15:30:09 - [MESSAGE][PASSED] - Text '7' is set on object 'Object Repository/OCS_CRITICAL PATH/cartpage- decrease qty _OR/Page_Your Shopping Cart  Ontario Ca/input_-_updates'

2019-05-06 15:30:09 - [TEST_STEP][NOT_RUN] - click(findTestObject("OCS_CRITICAL PATH/cartpage- decrease qty _OR/Page_Your Shopping Cart  Ontario Ca/div_3.5g")): NOT_RUN: click(findTestObject("OCS_CRITICAL PATH/cartpage- decrease qty _OR/Page_Your Shopping Cart  Ontario Ca/div_3.5g"))

2019-05-06 15:30:09 - [MESSAGE][NOT_RUN] - NOT_RUN: click(findTestObject("OCS_CRITICAL PATH/cartpage- decrease qty _OR/Page_Your Shopping Cart  Ontario Ca/div_3.5g"))

2019-05-06 15:30:09 - [TEST_STEP][PASSED] - setText(findTestObject("OCS_CRITICAL PATH/cartpage- decrease qty _OR/Page_Your Shopping Cart  Ontario Ca/input_-_updates"), "6"): Text '6' is set on object 'Object Repository/OCS_CRITICAL PATH/cartpage- decrease qty _OR/Page_Your Shopping Cart  Ontario Ca/input_-_updates'

2019-05-06 15:30:09 - [MESSAGE][PASSED] - Text '6' is set on object 'Object Repository/OCS_CRITICAL PATH/cartpage- decrease qty _OR/Page_Your Shopping Cart  Ontario Ca/input_-_updates'

2019-05-06 15:30:09 - [TEST_STEP][NOT_RUN] - click(findTestObject("OCS_CRITICAL PATH/cartpage- decrease qty _OR/Page_Your Shopping Cart  Ontario Ca/div_3.5g                      _1")): NOT_RUN: click(findTestObject("OCS_CRITICAL PATH/cartpage- decrease qty _OR/Page_Your Shopping Cart  Ontario Ca/div_3.5g                      _1"))

2019-05-06 15:30:09 - [MESSAGE][NOT_RUN] - NOT_RUN: click(findTestObject("OCS_CRITICAL PATH/cartpage- decrease qty _OR/Page_Your Shopping Cart  Ontario Ca/div_3.5g                      _1"))

2019-05-06 15:30:09 - [TEST_STEP][PASSED] - delay(3): Delayed 3 second(s)

2019-05-06 15:30:12 - [MESSAGE][PASSED] - Delayed 3 second(s)

2019-05-06 15:30:12 - [TEST_STEP][PASSED] - click(findTestObject("OCS_CRITICAL PATH/cartpage- decrease qty _OR/Page_Your Shopping Cart  Ontario Ca/button_-")): Object: 'Object Repository/OCS_CRITICAL PATH/cartpage- decrease qty _OR/Page_Your Shopping Cart  Ontario Ca/button_-' is clicked on

2019-05-06 15:30:12 - [MESSAGE][PASSED] - Object: 'Object Repository/OCS_CRITICAL PATH/cartpage- decrease qty _OR/Page_Your Shopping Cart  Ontario Ca/button_-' is clicked on

2019-05-06 15:30:12 - [TEST_STEP][PASSED] - click(findTestObject("OCS_CRITICAL PATH/cartpage- decrease qty _OR/Page_Your Shopping Cart  Ontario Ca/button_-")): Object: 'Object Repository/OCS_CRITICAL PATH/cartpage- decrease qty _OR/Page_Your Shopping Cart  Ontario Ca/button_-' is clicked on

2019-05-06 15:30:12 - [MESSAGE][PASSED] - Object: 'Object Repository/OCS_CRITICAL PATH/cartpage- decrease qty _OR/Page_Your Shopping Cart  Ontario Ca/button_-' is clicked on

2019-05-06 15:30:12 - [TEST_STEP][PASSED] - click(findTestObject("OCS_CRITICAL PATH/cartpage- decrease qty _OR/Page_Your Shopping Cart  Ontario Ca/button_-")): Object: 'Object Repository/OCS_CRITICAL PATH/cartpage- decrease qty _OR/Page_Your Shopping Cart  Ontario Ca/button_-' is clicked on

2019-05-06 15:30:12 - [MESSAGE][PASSED] - Object: 'Object Repository/OCS_CRITICAL PATH/cartpage- decrease qty _OR/Page_Your Shopping Cart  Ontario Ca/button_-' is clicked on

2019-05-06 15:30:12 - [TEST_STEP][PASSED] - delay(5): Delayed 5 second(s)

2019-05-06 15:30:17 - [MESSAGE][PASSED] - Delayed 5 second(s)

2019-05-06 15:30:17 - [TEST_STEP][PASSED] - b = getText(findTestObject("OCS_CRITICAL PATH/cartpage- decrease qty _OR/Page_Your Shopping Cart  Ontario Ca/p_194.40")): Text of object 'Object Repository/OCS_CRITICAL PATH/cartpage- decrease qty _OR/Page_Your Shopping Cart  Ontario Ca/p_194.40' is: '$32.40'

2019-05-06 15:30:17 - [MESSAGE][PASSED] - Text of object 'Object Repository/OCS_CRITICAL PATH/cartpage- decrease qty _OR/Page_Your Shopping Cart  Ontario Ca/p_194.40' is: '$32.40'

2019-05-06 15:30:17 - [TEST_STEP][NOT_RUN] - click(findTestObject("OCS_CRITICAL PATH/cartpage- decrease qty _OR/Page_Your Shopping Cart  Ontario Ca/span_My Bag 3")): NOT_RUN: click(findTestObject("OCS_CRITICAL PATH/cartpage- decrease qty _OR/Page_Your Shopping Cart  Ontario Ca/span_My Bag 3"))

2019-05-06 15:30:17 - [MESSAGE][NOT_RUN] - NOT_RUN: click(findTestObject("OCS_CRITICAL PATH/cartpage- decrease qty _OR/Page_Your Shopping Cart  Ontario Ca/span_My Bag 3"))

2019-05-06 15:30:17 - [TEST_STEP][PASSED] - comment(b): $32.40

2019-05-06 15:30:17 - [MESSAGE][INFO] - $32.40

2019-05-06 15:30:17 - [TEST_STEP][NOT_RUN] - d = c.substring(1): NOT_RUN: d = c.substring(1)

2019-05-06 15:30:17 - [MESSAGE][NOT_RUN] - NOT_RUN: d = c.substring(1)

2019-05-06 15:30:17 - [TEST_STEP][NOT_RUN] - comment(d): NOT_RUN: comment(d)

2019-05-06 15:30:17 - [MESSAGE][NOT_RUN] - NOT_RUN: comment(d)

2019-05-06 15:30:17 - [TEST_STEP][PASSED] - verifyNotEqual("a", "b"): Actual object 'a' and expected object 'b' are not equal

2019-05-06 15:30:17 - [MESSAGE][PASSED] - Actual object 'a' and expected object 'b' are not equal

2019-05-06 15:30:17 - [TEST_STEP][PASSED] - comment(" price changed . Quantity selector is working"):  price changed . Quantity selector is working

2019-05-06 15:30:17 - [MESSAGE][INFO] -  price changed . Quantity selector is working]]></system-out>
         <system-err><![CDATA[]]></system-err>
      </testcase>
      <testcase name="Test Cases/OCS- CRITICAL PATH/Miscellaneous" classname="Test Cases/OCS- CRITICAL PATH/Miscellaneous" status="FAILED">
         <failure type="FAILED" message="Test Cases/OCS- CRITICAL PATH/Miscellaneous FAILED.
Reason:
com.kms.katalon.core.exception.StepFailedException: Unable to click on object 'Object Repository/miscellaneous_OR/Page_Ontario Cannabis Store  Ontari/img' (Root cause: com.kms.katalon.core.webui.exception.WebElementNotFoundException: Web element with id: 'Object Repository/miscellaneous_OR/Page_Ontario Cannabis Store  Ontari/img' located by 'By.xpath: //img[@src = 'https://cdn.shopify.com/s/files/1/2636/1928/products/http-52-60-121-34-upload-200372-185506000010-a1c0_large.png?v=1553624547' and @alt = 'Blue Goldstone Pipe']' not found)
	at com.kms.katalon.core.keyword.internal.KeywordMain.stepFailed(KeywordMain.groovy:32)
	at com.kms.katalon.core.webui.keyword.internal.WebUIKeywordMain.stepFailed(WebUIKeywordMain.groovy:65)
	at com.kms.katalon.core.webui.keyword.internal.WebUIKeywordMain.runKeyword(WebUIKeywordMain.groovy:27)
	at com.kms.katalon.core.webui.keyword.builtin.ClickKeyword.click(ClickKeyword.groovy:86)
	at com.kms.katalon.core.webui.keyword.builtin.ClickKeyword.execute(ClickKeyword.groovy:67)
	at com.kms.katalon.core.keyword.internal.KeywordExecutor.executeKeywordForPlatform(KeywordExecutor.groovy:53)
	at com.kms.katalon.core.webui.keyword.WebUiBuiltInKeywords.click(WebUiBuiltInKeywords.groovy:604)
	at com.kms.katalon.core.webui.keyword.WebUiBuiltInKeywords$click$8.call(Unknown Source)
	at Miscellaneous.run(Miscellaneous:45)
	at com.kms.katalon.core.main.ScriptEngine.run(ScriptEngine.java:194)
	at com.kms.katalon.core.main.ScriptEngine.runScriptAsRawText(ScriptEngine.java:119)
	at com.kms.katalon.core.main.TestCaseExecutor.runScript(TestCaseExecutor.java:328)
	at com.kms.katalon.core.main.TestCaseExecutor.doExecute(TestCaseExecutor.java:319)
	at com.kms.katalon.core.main.TestCaseExecutor.processExecutionPhase(TestCaseExecutor.java:298)
	at com.kms.katalon.core.main.TestCaseExecutor.accessMainPhase(TestCaseExecutor.java:290)
	at com.kms.katalon.core.main.TestCaseExecutor.execute(TestCaseExecutor.java:224)
	at com.kms.katalon.core.main.TestSuiteExecutor.accessTestCaseMainPhase(TestSuiteExecutor.java:129)
	at com.kms.katalon.core.main.TestSuiteExecutor.accessTestSuiteMainPhase(TestSuiteExecutor.java:112)
	at com.kms.katalon.core.main.TestSuiteExecutor.execute(TestSuiteExecutor.java:81)
	at com.kms.katalon.core.main.TestCaseMain.startTestSuite(TestCaseMain.java:149)
	at com.kms.katalon.core.main.TestCaseMain$startTestSuite$0.call(Unknown Source)
	at TempTestSuite1557170415012.run(TempTestSuite1557170415012.groovy:36)
"/>
         <system-out><![CDATA[2019-05-06 15:30:17 - [TEST_CASE][FAILED] - Test Cases/OCS- CRITICAL PATH/Miscellaneous: Test Cases/OCS- CRITICAL PATH/Miscellaneous FAILED.
Reason:
com.kms.katalon.core.exception.StepFailedException: Unable to click on object 'Object Repository/miscellaneous_OR/Page_Ontario Cannabis Store  Ontari/img' (Root cause: com.kms.katalon.core.webui.exception.WebElementNotFoundException: Web element with id: 'Object Repository/miscellaneous_OR/Page_Ontario Cannabis Store  Ontari/img' located by 'By.xpath: //img[@src = 'https://cdn.shopify.com/s/files/1/2636/1928/products/http-52-60-121-34-upload-200372-185506000010-a1c0_large.png?v=1553624547' and @alt = 'Blue Goldstone Pipe']' not found)
	at com.kms.katalon.core.keyword.internal.KeywordMain.stepFailed(KeywordMain.groovy:32)
	at com.kms.katalon.core.webui.keyword.internal.WebUIKeywordMain.stepFailed(WebUIKeywordMain.groovy:65)
	at com.kms.katalon.core.webui.keyword.internal.WebUIKeywordMain.runKeyword(WebUIKeywordMain.groovy:27)
	at com.kms.katalon.core.webui.keyword.builtin.ClickKeyword.click(ClickKeyword.groovy:86)
	at com.kms.katalon.core.webui.keyword.builtin.ClickKeyword.execute(ClickKeyword.groovy:67)
	at com.kms.katalon.core.keyword.internal.KeywordExecutor.executeKeywordForPlatform(KeywordExecutor.groovy:53)
	at com.kms.katalon.core.webui.keyword.WebUiBuiltInKeywords.click(WebUiBuiltInKeywords.groovy:604)
	at com.kms.katalon.core.webui.keyword.WebUiBuiltInKeywords$click$8.call(Unknown Source)
	at Miscellaneous.run(Miscellaneous:45)
	at com.kms.katalon.core.main.ScriptEngine.run(ScriptEngine.java:194)
	at com.kms.katalon.core.main.ScriptEngine.runScriptAsRawText(ScriptEngine.java:119)
	at com.kms.katalon.core.main.TestCaseExecutor.runScript(TestCaseExecutor.java:328)
	at com.kms.katalon.core.main.TestCaseExecutor.doExecute(TestCaseExecutor.java:319)
	at com.kms.katalon.core.main.TestCaseExecutor.processExecutionPhase(TestCaseExecutor.java:298)
	at com.kms.katalon.core.main.TestCaseExecutor.accessMainPhase(TestCaseExecutor.java:290)
	at com.kms.katalon.core.main.TestCaseExecutor.execute(TestCaseExecutor.java:224)
	at com.kms.katalon.core.main.TestSuiteExecutor.accessTestCaseMainPhase(TestSuiteExecutor.java:129)
	at com.kms.katalon.core.main.TestSuiteExecutor.accessTestSuiteMainPhase(TestSuiteExecutor.java:112)
	at com.kms.katalon.core.main.TestSuiteExecutor.execute(TestSuiteExecutor.java:81)
	at com.kms.katalon.core.main.TestCaseMain.startTestSuite(TestCaseMain.java:149)
	at com.kms.katalon.core.main.TestCaseMain$startTestSuite$0.call(Unknown Source)
	at TempTestSuite1557170415012.run(TempTestSuite1557170415012.groovy:36)


2019-05-06 15:30:18 - [TEST_STEP][PASSED] - openBrowser(""): Browser is opened with url: ''

2019-05-06 15:30:18 - [MESSAGE][WARNING] - A browser is already opened. Closing browser and opening a new one

2019-05-06 15:30:18 - [MESSAGE][INFO] - Starting 'Firefox' driver

2019-05-06 15:30:21 - [MESSAGE][PASSED] - Browser is opened with url: ''

2019-05-06 15:30:21 - [TEST_STEP][PASSED] - navigateToUrl("https://ocs.ca/?fts=0&preview_theme_id=53372913484"): Navigate to 'https://ocs.ca/?fts=0&preview_theme_id=53372913484' successfully

2019-05-06 15:30:27 - [MESSAGE][PASSED] - Navigate to 'https://ocs.ca/?fts=0&preview_theme_id=53372913484' successfully

2019-05-06 15:30:27 - [TEST_STEP][PASSED] - click(findTestObject("Object Repository/Theme_oR/Page_Ontario Cannabis Store  Ontari/button_Close preview")): Object: 'Object Repository/Theme_oR/Page_Ontario Cannabis Store  Ontari/button_Close preview' is clicked on

2019-05-06 15:30:28 - [MESSAGE][PASSED] - Object: 'Object Repository/Theme_oR/Page_Ontario Cannabis Store  Ontari/button_Close preview' is clicked on

2019-05-06 15:30:29 - [TEST_STEP][PASSED] - selectOptionByValue(findTestObject("Object Repository/miscellaneous_OR/Page_Ontario Cannabis Store  Ontari/select_Select01020304050607080"), "17", true): All options with value '17' are selected in object 'Object Repository/miscellaneous_OR/Page_Ontario Cannabis Store  Ontari/select_Select01020304050607080'  using regular expression

2019-05-06 15:30:31 - [MESSAGE][PASSED] - All options with value '17' are selected in object 'Object Repository/miscellaneous_OR/Page_Ontario Cannabis Store  Ontari/select_Select01020304050607080'  using regular expression

2019-05-06 15:30:31 - [TEST_STEP][PASSED] - selectOptionByValue(findTestObject("Object Repository/miscellaneous_OR/Page_Ontario Cannabis Store  Ontari/select_SelectJanuary - 01Febru"), "9", true): All options with value '9' are selected in object 'Object Repository/miscellaneous_OR/Page_Ontario Cannabis Store  Ontari/select_SelectJanuary - 01Febru'  using regular expression

2019-05-06 15:30:31 - [MESSAGE][PASSED] - All options with value '9' are selected in object 'Object Repository/miscellaneous_OR/Page_Ontario Cannabis Store  Ontari/select_SelectJanuary - 01Febru'  using regular expression

2019-05-06 15:30:31 - [TEST_STEP][PASSED] - selectOptionByValue(findTestObject("Object Repository/miscellaneous_OR/Page_Ontario Cannabis Store  Ontari/select_Select20182017201620152"), "1949", true): All options with value '1949' are selected in object 'Object Repository/miscellaneous_OR/Page_Ontario Cannabis Store  Ontari/select_Select20182017201620152'  using regular expression

2019-05-06 15:30:34 - [MESSAGE][PASSED] - All options with value '1949' are selected in object 'Object Repository/miscellaneous_OR/Page_Ontario Cannabis Store  Ontari/select_Select20182017201620152'  using regular expression

2019-05-06 15:30:34 - [TEST_STEP][PASSED] - click(findTestObject("Object Repository/miscellaneous_OR/Page_Ontario Cannabis Store  Ontari/button_Verify")): Object: 'Object Repository/miscellaneous_OR/Page_Ontario Cannabis Store  Ontari/button_Verify' is clicked on

2019-05-06 15:30:35 - [MESSAGE][PASSED] - Object: 'Object Repository/miscellaneous_OR/Page_Ontario Cannabis Store  Ontari/button_Verify' is clicked on

2019-05-06 15:30:35 - [TEST_STEP][PASSED] - click(findTestObject("Object Repository/miscellaneous_OR/Page_Ontario Cannabis Store  Ontari/span_CONFIRM AND ACKNOWLEDGE_c")): Object: 'Object Repository/miscellaneous_OR/Page_Ontario Cannabis Store  Ontari/span_CONFIRM AND ACKNOWLEDGE_c' is clicked on

2019-05-06 15:30:35 - [MESSAGE][PASSED] - Object: 'Object Repository/miscellaneous_OR/Page_Ontario Cannabis Store  Ontari/span_CONFIRM AND ACKNOWLEDGE_c' is clicked on

2019-05-06 15:30:35 - [TEST_STEP][PASSED] - click(findTestObject("Object Repository/miscellaneous_OR/Page_Ontario Cannabis Store  Ontari/button_CONFIRM")): Object: 'Object Repository/miscellaneous_OR/Page_Ontario Cannabis Store  Ontari/button_CONFIRM' is clicked on

2019-05-06 15:30:36 - [MESSAGE][PASSED] - Object: 'Object Repository/miscellaneous_OR/Page_Ontario Cannabis Store  Ontari/button_CONFIRM' is clicked on

2019-05-06 15:30:36 - [TEST_STEP][PASSED] - click(findTestObject("Object Repository/miscellaneous_OR/Page_Ontario Cannabis Store  Ontari/button_Start Browsing")): Object: 'Object Repository/miscellaneous_OR/Page_Ontario Cannabis Store  Ontari/button_Start Browsing' is clicked on

2019-05-06 15:30:37 - [MESSAGE][PASSED] - Object: 'Object Repository/miscellaneous_OR/Page_Ontario Cannabis Store  Ontari/button_Start Browsing' is clicked on

2019-05-06 15:30:37 - [TEST_STEP][NOT_RUN] - click(findTestObject("Object Repository/miscellaneous_OR/Page_Ontario Cannabis Store  Ontari/span_Indica Dominant")): NOT_RUN: click(findTestObject("Object Repository/miscellaneous_OR/Page_Ontario Cannabis Store  Ontari/span_Indica Dominant"))

2019-05-06 15:30:37 - [MESSAGE][NOT_RUN] - NOT_RUN: click(findTestObject("Object Repository/miscellaneous_OR/Page_Ontario Cannabis Store  Ontari/span_Indica Dominant"))

2019-05-06 15:30:37 - [TEST_STEP][PASSED] - click(findTestObject("Object Repository/miscellaneous_OR/Page_Ontario Cannabis Store  Ontari/i_Hoss Glass_icon--forward sli")): Object: 'Object Repository/miscellaneous_OR/Page_Ontario Cannabis Store  Ontari/i_Hoss Glass_icon--forward sli' is clicked on

2019-05-06 15:30:37 - [MESSAGE][PASSED] - Object: 'Object Repository/miscellaneous_OR/Page_Ontario Cannabis Store  Ontari/i_Hoss Glass_icon--forward sli' is clicked on

2019-05-06 15:30:37 - [TEST_STEP][PASSED] - delay(3): Delayed 3 second(s)

2019-05-06 15:30:40 - [MESSAGE][PASSED] - Delayed 3 second(s)

2019-05-06 15:30:40 - [TEST_STEP][FAILED] - click(findTestObject("miscellaneous_OR/Page_Ontario Cannabis Store  Ontari/img"), CONTINUE_ON_FAILURE): Unable to click on object 'Object Repository/miscellaneous_OR/Page_Ontario Cannabis Store  Ontari/img' (Root cause: com.kms.katalon.core.webui.exception.WebElementNotFoundException: Web element with id: 'Object Repository/miscellaneous_OR/Page_Ontario Cannabis Store  Ontari/img' located by 'By.xpath: //img[@src = 'https://cdn.shopify.com/s/files/1/2636/1928/products/http-52-60-121-34-upload-200372-185506000010-a1c0_large.png?v=1553624547' and @alt = 'Blue Goldstone Pipe']' not found)

2019-05-06 15:31:12 - [MESSAGE][INFO] - Unable to find the element located by 'By.xpath: //img[@src = 'https://cdn.shopify.com/s/files/1/2636/1928/products/http-52-60-121-34-upload-200372-185506000010-a1c0_large.png?v=1553624547' and @alt = 'Blue Goldstone Pipe']'. Please recheck the objects properties to make sure the desired element is located. 

2019-05-06 15:31:12 - [MESSAGE][FAILED] - Unable to click on object 'Object Repository/miscellaneous_OR/Page_Ontario Cannabis Store  Ontari/img' (Root cause: com.kms.katalon.core.webui.exception.WebElementNotFoundException: Web element with id: 'Object Repository/miscellaneous_OR/Page_Ontario Cannabis Store  Ontari/img' located by 'By.xpath: //img[@src = 'https://cdn.shopify.com/s/files/1/2636/1928/products/http-52-60-121-34-upload-200372-185506000010-a1c0_large.png?v=1553624547' and @alt = 'Blue Goldstone Pipe']' not found)
[[ATTACHMENT|/Users/sumankompelly/git/Sample-OCS/Reports/OCS-1.7.0/CRITICAL PATH/20190506_152014/1557171072055.png]]

2019-05-06 15:31:12 - [TEST_STEP][FAILED] - click(findTestObject("Object Repository/miscellaneous_OR/Page_Blue Goldstone Pipe  Ontario C/button_"), CONTINUE_ON_FAILURE): Unable to click on object 'Object Repository/miscellaneous_OR/Page_Blue Goldstone Pipe  Ontario C/button_' (Root cause: com.kms.katalon.core.webui.exception.WebElementNotFoundException: Web element with id: 'Object Repository/miscellaneous_OR/Page_Blue Goldstone Pipe  Ontario C/button_' located by 'By.xpath: //form[@id='product_2109211510604_pdp']/div/div[2]/button[2]' not found)

2019-05-06 15:31:43 - [MESSAGE][INFO] - Unable to find the element located by 'By.xpath: //form[@id='product_2109211510604_pdp']/div/div[2]/button[2]'. Please recheck the objects properties to make sure the desired element is located. 

2019-05-06 15:31:43 - [MESSAGE][FAILED] - Unable to click on object 'Object Repository/miscellaneous_OR/Page_Blue Goldstone Pipe  Ontario C/button_' (Root cause: com.kms.katalon.core.webui.exception.WebElementNotFoundException: Web element with id: 'Object Repository/miscellaneous_OR/Page_Blue Goldstone Pipe  Ontario C/button_' located by 'By.xpath: //form[@id='product_2109211510604_pdp']/div/div[2]/button[2]' not found)
[[ATTACHMENT|/Users/sumankompelly/git/Sample-OCS/Reports/OCS-1.7.0/CRITICAL PATH/20190506_152014/1557171103121.png]]

2019-05-06 15:31:43 - [TEST_STEP][FAILED] - click(findTestObject("Object Repository/miscellaneous_OR/Page_Blue Goldstone Pipe  Ontario C/button_Add to Bag"), CONTINUE_ON_FAILURE): Unable to click on object 'Object Repository/miscellaneous_OR/Page_Blue Goldstone Pipe  Ontario C/button_Add to Bag' (Root cause: com.kms.katalon.core.webui.exception.WebElementNotFoundException: Web element with id: 'Object Repository/miscellaneous_OR/Page_Blue Goldstone Pipe  Ontario C/button_Add to Bag' located by 'By.xpath: (//button[@type='submit'])[2]' not found)

2019-05-06 15:32:14 - [MESSAGE][INFO] - Unable to find the element located by 'By.xpath: (//button[@type='submit'])[2]'. Please recheck the objects properties to make sure the desired element is located. 

2019-05-06 15:32:14 - [MESSAGE][FAILED] - Unable to click on object 'Object Repository/miscellaneous_OR/Page_Blue Goldstone Pipe  Ontario C/button_Add to Bag' (Root cause: com.kms.katalon.core.webui.exception.WebElementNotFoundException: Web element with id: 'Object Repository/miscellaneous_OR/Page_Blue Goldstone Pipe  Ontario C/button_Add to Bag' located by 'By.xpath: (//button[@type='submit'])[2]' not found)
[[ATTACHMENT|/Users/sumankompelly/git/Sample-OCS/Reports/OCS-1.7.0/CRITICAL PATH/20190506_152014/1557171134057.png]]

2019-05-06 15:32:14 - [TEST_STEP][PASSED] - delay(3): Delayed 3 second(s)

2019-05-06 15:32:17 - [MESSAGE][PASSED] - Delayed 3 second(s)

2019-05-06 15:32:17 - [TEST_STEP][FAILED] - click(findTestObject("Object Repository/miscellaneous_OR/Page_Blue Goldstone Pipe  Ontario C/i_136.00_icon icon--back js-cl"), CONTINUE_ON_FAILURE): Unable to click on object 'Object Repository/miscellaneous_OR/Page_Blue Goldstone Pipe  Ontario C/i_136.00_icon icon--back js-cl' (Root cause: org.openqa.selenium.ElementNotInteractableException: Element <i class="icon icon--back js-close-flyout"> could not be scrolled into view
Build info: version: '3.7.1', revision: '8a0099a', time: '2017-11-06T21:07:36.161Z'
System info: host: 'sumans-MacBook-Pro.local', ip: 'fe80:0:0:0:cb0:6c11:f493:d0f6%en0', os.name: 'Mac OS X', os.arch: 'x86_64', os.version: '10.13.6', java.version: '1.8.0_181'
Driver info: com.kms.katalon.core.webui.driver.firefox.CGeckoDriver
Capabilities {acceptInsecureCerts: true, browserName: firefox, browserVersion: 66.0.3, javascriptEnabled: true, moz:accessibilityChecks: false, moz:geckodriverVersion: 0.23.0, moz:headless: false, moz:processID: 4046, moz:profile: /var/folders/1t/c55l8xzs6gq..., moz:shutdownTimeout: 60000, moz:useNonSpecCompliantPointerOrigin: false, moz:webdriverClick: true, pageLoadStrategy: normal, platform: MAC, platformName: MAC, platformVersion: 17.7.0, proxy: Proxy(direct), rotatable: false, setWindowRect: true, strictFileInteractability: false, timeouts: {implicit: 0, pageLoad: 300000, script: 30000}, unhandledPromptBehavior: dismiss and notify}
Session ID: eb8b2f46-df22-8a4d-8060-ed7a1bf1cd9d)

2019-05-06 15:32:17 - [MESSAGE][FAILED] - Unable to click on object 'Object Repository/miscellaneous_OR/Page_Blue Goldstone Pipe  Ontario C/i_136.00_icon icon--back js-cl' (Root cause: org.openqa.selenium.ElementNotInteractableException: Element <i class="icon icon--back js-close-flyout"> could not be scrolled into view
Build info: version: '3.7.1', revision: '8a0099a', time: '2017-11-06T21:07:36.161Z'
System info: host: 'sumans-MacBook-Pro.local', ip: 'fe80:0:0:0:cb0:6c11:f493:d0f6%en0', os.name: 'Mac OS X', os.arch: 'x86_64', os.version: '10.13.6', java.version: '1.8.0_181'
Driver info: com.kms.katalon.core.webui.driver.firefox.CGeckoDriver
Capabilities {acceptInsecureCerts: true, browserName: firefox, browserVersion: 66.0.3, javascriptEnabled: true, moz:accessibilityChecks: false, moz:geckodriverVersion: 0.23.0, moz:headless: false, moz:processID: 4046, moz:profile: /var/folders/1t/c55l8xzs6gq..., moz:shutdownTimeout: 60000, moz:useNonSpecCompliantPointerOrigin: false, moz:webdriverClick: true, pageLoadStrategy: normal, platform: MAC, platformName: MAC, platformVersion: 17.7.0, proxy: Proxy(direct), rotatable: false, setWindowRect: true, strictFileInteractability: false, timeouts: {implicit: 0, pageLoad: 300000, script: 30000}, unhandledPromptBehavior: dismiss and notify}
Session ID: eb8b2f46-df22-8a4d-8060-ed7a1bf1cd9d)
[[ATTACHMENT|/Users/sumankompelly/git/Sample-OCS/Reports/OCS-1.7.0/CRITICAL PATH/20190506_152014/1557171137488.png]]

2019-05-06 15:32:17 - [TEST_STEP][PASSED] - delay(3, CONTINUE_ON_FAILURE): Delayed 3 second(s)

2019-05-06 15:32:20 - [MESSAGE][PASSED] - Delayed 3 second(s)

2019-05-06 15:32:20 - [TEST_STEP][PASSED] - click(findTestObject("Object Repository/miscellaneous_OR/Page_Blue Goldstone Pipe  Ontario C/img"), CONTINUE_ON_FAILURE): Object: 'Object Repository/miscellaneous_OR/Page_Blue Goldstone Pipe  Ontario C/img' is clicked on

2019-05-06 15:32:21 - [MESSAGE][PASSED] - Object: 'Object Repository/miscellaneous_OR/Page_Blue Goldstone Pipe  Ontario C/img' is clicked on

2019-05-06 15:32:21 - [TEST_STEP][PASSED] - delay(3, CONTINUE_ON_FAILURE): Delayed 3 second(s)

2019-05-06 15:32:24 - [MESSAGE][PASSED] - Delayed 3 second(s)

2019-05-06 15:32:24 - [TEST_STEP][FAILED] - click(findTestObject("Object Repository/miscellaneous_OR/Page_Ontario Cannabis Store  Ontari/img_1"), CONTINUE_ON_FAILURE): Unable to click on object 'Object Repository/miscellaneous_OR/Page_Ontario Cannabis Store  Ontari/img_1' (Root cause: com.kms.katalon.core.webui.exception.WebElementNotFoundException: Web element with id: 'Object Repository/miscellaneous_OR/Page_Ontario Cannabis Store  Ontari/img_1' located by 'By.xpath: //img[@src = 'https://cdn.shopify.com/s/files/1/2636/1928/products/http-52-60-121-34-upload-200120-886708620029-a1c0-c01-compressed_large.jpg?v=1555098068' and @alt = 'Prana Pipe']' not found)

2019-05-06 15:32:55 - [MESSAGE][INFO] - Unable to find the element located by 'By.xpath: //img[@src = 'https://cdn.shopify.com/s/files/1/2636/1928/products/http-52-60-121-34-upload-200120-886708620029-a1c0-c01-compressed_large.jpg?v=1555098068' and @alt = 'Prana Pipe']'. Please recheck the objects properties to make sure the desired element is located. 

2019-05-06 15:32:55 - [MESSAGE][FAILED] - Unable to click on object 'Object Repository/miscellaneous_OR/Page_Ontario Cannabis Store  Ontari/img_1' (Root cause: com.kms.katalon.core.webui.exception.WebElementNotFoundException: Web element with id: 'Object Repository/miscellaneous_OR/Page_Ontario Cannabis Store  Ontari/img_1' located by 'By.xpath: //img[@src = 'https://cdn.shopify.com/s/files/1/2636/1928/products/http-52-60-121-34-upload-200120-886708620029-a1c0-c01-compressed_large.jpg?v=1555098068' and @alt = 'Prana Pipe']' not found)
[[ATTACHMENT|/Users/sumankompelly/git/Sample-OCS/Reports/OCS-1.7.0/CRITICAL PATH/20190506_152014/1557171175241.png]]

2019-05-06 15:32:55 - [TEST_STEP][FAILED] - click(findTestObject("Object Repository/miscellaneous_OR/Page_Prana Pipe  Ontario Cannabis S/label_Astro"), CONTINUE_ON_FAILURE): Unable to click on object 'Object Repository/miscellaneous_OR/Page_Prana Pipe  Ontario Cannabis S/label_Astro' (Root cause: com.kms.katalon.core.webui.exception.WebElementNotFoundException: Web element with id: 'Object Repository/miscellaneous_OR/Page_Prana Pipe  Ontario Cannabis S/label_Astro' located by 'By.xpath: //form[@id='product_1849606997836_pdp']/div/div/div/div/div/label' not found)

2019-05-06 15:33:26 - [MESSAGE][INFO] - Unable to find the element located by 'By.xpath: //form[@id='product_1849606997836_pdp']/div/div/div/div/div/label'. Please recheck the objects properties to make sure the desired element is located. 

2019-05-06 15:33:27 - [MESSAGE][FAILED] - Unable to click on object 'Object Repository/miscellaneous_OR/Page_Prana Pipe  Ontario Cannabis S/label_Astro' (Root cause: com.kms.katalon.core.webui.exception.WebElementNotFoundException: Web element with id: 'Object Repository/miscellaneous_OR/Page_Prana Pipe  Ontario Cannabis S/label_Astro' located by 'By.xpath: //form[@id='product_1849606997836_pdp']/div/div/div/div/div/label' not found)
[[ATTACHMENT|/Users/sumankompelly/git/Sample-OCS/Reports/OCS-1.7.0/CRITICAL PATH/20190506_152014/1557171206458.png]]

2019-05-06 15:33:27 - [TEST_STEP][PASSED] - delay(3, CONTINUE_ON_FAILURE): Delayed 3 second(s)

2019-05-06 15:33:30 - [MESSAGE][PASSED] - Delayed 3 second(s)

2019-05-06 15:33:30 - [TEST_STEP][FAILED] - click(findTestObject("Object Repository/miscellaneous_OR/Page_Prana Pipe  Ontario Cannabis S/label_Pepper"), CONTINUE_ON_FAILURE): Unable to click on object 'Object Repository/miscellaneous_OR/Page_Prana Pipe  Ontario Cannabis S/label_Pepper' (Root cause: com.kms.katalon.core.webui.exception.WebElementNotFoundException: Web element with id: 'Object Repository/miscellaneous_OR/Page_Prana Pipe  Ontario Cannabis S/label_Pepper' located by 'By.xpath: //form[@id='product_1849606997836_pdp']/div/div/div/div/div[3]/label' not found)

2019-05-06 15:34:00 - [MESSAGE][INFO] - Unable to find the element located by 'By.xpath: //form[@id='product_1849606997836_pdp']/div/div/div/div/div[3]/label'. Please recheck the objects properties to make sure the desired element is located. 

2019-05-06 15:34:01 - [MESSAGE][FAILED] - Unable to click on object 'Object Repository/miscellaneous_OR/Page_Prana Pipe  Ontario Cannabis S/label_Pepper' (Root cause: com.kms.katalon.core.webui.exception.WebElementNotFoundException: Web element with id: 'Object Repository/miscellaneous_OR/Page_Prana Pipe  Ontario Cannabis S/label_Pepper' located by 'By.xpath: //form[@id='product_1849606997836_pdp']/div/div/div/div/div[3]/label' not found)
[[ATTACHMENT|/Users/sumankompelly/git/Sample-OCS/Reports/OCS-1.7.0/CRITICAL PATH/20190506_152014/1557171240676.png]]

2019-05-06 15:34:01 - [TEST_STEP][FAILED] - click(findTestObject("miscellaneous_OR/Page_Prana Pipe  Ontario Cannabis S/label_Zebra"), CONTINUE_ON_FAILURE): Unable to click on object 'Object Repository/miscellaneous_OR/Page_Prana Pipe  Ontario Cannabis S/label_Zebra' (Root cause: com.kms.katalon.core.webui.exception.WebElementNotFoundException: Web element with id: 'Object Repository/miscellaneous_OR/Page_Prana Pipe  Ontario Cannabis S/label_Zebra' located by 'By.xpath: //form[@id='product_1849606997836_pdp']/div/div/div/div/div[4]/label' not found)

2019-05-06 15:34:31 - [MESSAGE][INFO] - Unable to find the element located by 'By.xpath: //form[@id='product_1849606997836_pdp']/div/div/div/div/div[4]/label'. Please recheck the objects properties to make sure the desired element is located. 

2019-05-06 15:34:32 - [MESSAGE][FAILED] - Unable to click on object 'Object Repository/miscellaneous_OR/Page_Prana Pipe  Ontario Cannabis S/label_Zebra' (Root cause: com.kms.katalon.core.webui.exception.WebElementNotFoundException: Web element with id: 'Object Repository/miscellaneous_OR/Page_Prana Pipe  Ontario Cannabis S/label_Zebra' located by 'By.xpath: //form[@id='product_1849606997836_pdp']/div/div/div/div/div[4]/label' not found)
[[ATTACHMENT|/Users/sumankompelly/git/Sample-OCS/Reports/OCS-1.7.0/CRITICAL PATH/20190506_152014/1557171271821.png]]

2019-05-06 15:34:32 - [TEST_STEP][FAILED] - click(findTestObject("Object Repository/miscellaneous_OR/Page_Prana Pipe  Ontario Cannabis S/label_Pepper"), CONTINUE_ON_FAILURE): Unable to click on object 'Object Repository/miscellaneous_OR/Page_Prana Pipe  Ontario Cannabis S/label_Pepper' (Root cause: com.kms.katalon.core.webui.exception.WebElementNotFoundException: Web element with id: 'Object Repository/miscellaneous_OR/Page_Prana Pipe  Ontario Cannabis S/label_Pepper' located by 'By.xpath: //form[@id='product_1849606997836_pdp']/div/div/div/div/div[3]/label' not found)

2019-05-06 15:35:03 - [MESSAGE][INFO] - Unable to find the element located by 'By.xpath: //form[@id='product_1849606997836_pdp']/div/div/div/div/div[3]/label'. Please recheck the objects properties to make sure the desired element is located. 

2019-05-06 15:35:03 - [MESSAGE][FAILED] - Unable to click on object 'Object Repository/miscellaneous_OR/Page_Prana Pipe  Ontario Cannabis S/label_Pepper' (Root cause: com.kms.katalon.core.webui.exception.WebElementNotFoundException: Web element with id: 'Object Repository/miscellaneous_OR/Page_Prana Pipe  Ontario Cannabis S/label_Pepper' located by 'By.xpath: //form[@id='product_1849606997836_pdp']/div/div/div/div/div[3]/label' not found)
[[ATTACHMENT|/Users/sumankompelly/git/Sample-OCS/Reports/OCS-1.7.0/CRITICAL PATH/20190506_152014/1557171303028.png]]

2019-05-06 15:35:03 - [TEST_STEP][PASSED] - delay(3, CONTINUE_ON_FAILURE): Delayed 3 second(s)

2019-05-06 15:35:06 - [MESSAGE][PASSED] - Delayed 3 second(s)

2019-05-06 15:35:06 - [TEST_STEP][FAILED] - click(findTestObject("Object Repository/miscellaneous_OR/Page_Prana Pipe  Ontario Cannabis S/button_Add to Bag87.00"), CONTINUE_ON_FAILURE): click(findTestObject("Object Repository/miscellaneous_OR/Page_Prana Pipe  Ontario Cannabis S/button_Add to Bag87.00"), CONTINUE_ON_FAILURE) FAILED.
Reason:
com.kms.katalon.core.exception.StepFailedException: Unable to click on object 'Object Repository/miscellaneous_OR/Page_Ontario Cannabis Store  Ontari/img' (Root cause: com.kms.katalon.core.webui.exception.WebElementNotFoundException: Web element with id: 'Object Repository/miscellaneous_OR/Page_Ontario Cannabis Store  Ontari/img' located by 'By.xpath: //img[@src = 'https://cdn.shopify.com/s/files/1/2636/1928/products/http-52-60-121-34-upload-200372-185506000010-a1c0_large.png?v=1553624547' and @alt = 'Blue Goldstone Pipe']' not found)
	at com.kms.katalon.core.keyword.internal.KeywordMain.stepFailed(KeywordMain.groovy:32)
	at com.kms.katalon.core.webui.keyword.internal.WebUIKeywordMain.stepFailed(WebUIKeywordMain.groovy:65)
	at com.kms.katalon.core.webui.keyword.internal.WebUIKeywordMain.runKeyword(WebUIKeywordMain.groovy:27)
	at com.kms.katalon.core.webui.keyword.builtin.ClickKeyword.click(ClickKeyword.groovy:86)
	at com.kms.katalon.core.webui.keyword.builtin.ClickKeyword.execute(ClickKeyword.groovy:67)
	at com.kms.katalon.core.keyword.internal.KeywordExecutor.executeKeywordForPlatform(KeywordExecutor.groovy:53)
	at com.kms.katalon.core.webui.keyword.WebUiBuiltInKeywords.click(WebUiBuiltInKeywords.groovy:604)
	at com.kms.katalon.core.webui.keyword.WebUiBuiltInKeywords$click$8.call(Unknown Source)
	at Miscellaneous.run(Miscellaneous:45)
	at com.kms.katalon.core.main.ScriptEngine.run(ScriptEngine.java:194)
	at com.kms.katalon.core.main.ScriptEngine.runScriptAsRawText(ScriptEngine.java:119)
	at com.kms.katalon.core.main.TestCaseExecutor.runScript(TestCaseExecutor.java:328)
	at com.kms.katalon.core.main.TestCaseExecutor.doExecute(TestCaseExecutor.java:319)
	at com.kms.katalon.core.main.TestCaseExecutor.processExecutionPhase(TestCaseExecutor.java:298)
	at com.kms.katalon.core.main.TestCaseExecutor.accessMainPhase(TestCaseExecutor.java:290)
	at com.kms.katalon.core.main.TestCaseExecutor.execute(TestCaseExecutor.java:224)
	at com.kms.katalon.core.main.TestSuiteExecutor.accessTestCaseMainPhase(TestSuiteExecutor.java:129)
	at com.kms.katalon.core.main.TestSuiteExecutor.accessTestSuiteMainPhase(TestSuiteExecutor.java:112)
	at com.kms.katalon.core.main.TestSuiteExecutor.execute(TestSuiteExecutor.java:81)
	at com.kms.katalon.core.main.TestCaseMain.startTestSuite(TestCaseMain.java:149)
	at com.kms.katalon.core.main.TestCaseMain$startTestSuite$0.call(Unknown Source)
	at TempTestSuite1557170415012.run(TempTestSuite1557170415012.groovy:36)


2019-05-06 15:35:37 - [MESSAGE][INFO] - Unable to find the element located by 'By.xpath: (//button[@type='submit'])[2]'. Please recheck the objects properties to make sure the desired element is located. 

2019-05-06 15:35:37 - [MESSAGE][FAILED] - Unable to click on object 'Object Repository/miscellaneous_OR/Page_Prana Pipe  Ontario Cannabis S/button_Add to Bag87.00' (Root cause: com.kms.katalon.core.webui.exception.WebElementNotFoundException: Web element with id: 'Object Repository/miscellaneous_OR/Page_Prana Pipe  Ontario Cannabis S/button_Add to Bag87.00' located by 'By.xpath: (//button[@type='submit'])[2]' not found)
[[ATTACHMENT|/Users/sumankompelly/git/Sample-OCS/Reports/OCS-1.7.0/CRITICAL PATH/20190506_152014/1557171337250.png]]

2019-05-06 15:35:37 - [MESSAGE][FAILED] - click(findTestObject("Object Repository/miscellaneous_OR/Page_Prana Pipe  Ontario Cannabis S/button_Add to Bag87.00"), CONTINUE_ON_FAILURE) FAILED.
Reason:
com.kms.katalon.core.exception.StepFailedException: Unable to click on object 'Object Repository/miscellaneous_OR/Page_Ontario Cannabis Store  Ontari/img' (Root cause: com.kms.katalon.core.webui.exception.WebElementNotFoundException: Web element with id: 'Object Repository/miscellaneous_OR/Page_Ontario Cannabis Store  Ontari/img' located by 'By.xpath: //img[@src = 'https://cdn.shopify.com/s/files/1/2636/1928/products/http-52-60-121-34-upload-200372-185506000010-a1c0_large.png?v=1553624547' and @alt = 'Blue Goldstone Pipe']' not found)
	at com.kms.katalon.core.keyword.internal.KeywordMain.stepFailed(KeywordMain.groovy:32)
	at com.kms.katalon.core.webui.keyword.internal.WebUIKeywordMain.stepFailed(WebUIKeywordMain.groovy:65)
	at com.kms.katalon.core.webui.keyword.internal.WebUIKeywordMain.runKeyword(WebUIKeywordMain.groovy:27)
	at com.kms.katalon.core.webui.keyword.builtin.ClickKeyword.click(ClickKeyword.groovy:86)
	at com.kms.katalon.core.webui.keyword.builtin.ClickKeyword.execute(ClickKeyword.groovy:67)
	at com.kms.katalon.core.keyword.internal.KeywordExecutor.executeKeywordForPlatform(KeywordExecutor.groovy:53)
	at com.kms.katalon.core.webui.keyword.WebUiBuiltInKeywords.click(WebUiBuiltInKeywords.groovy:604)
	at com.kms.katalon.core.webui.keyword.WebUiBuiltInKeywords$click$8.call(Unknown Source)
	at Miscellaneous.run(Miscellaneous:45)
	at com.kms.katalon.core.main.ScriptEngine.run(ScriptEngine.java:194)
	at com.kms.katalon.core.main.ScriptEngine.runScriptAsRawText(ScriptEngine.java:119)
	at com.kms.katalon.core.main.TestCaseExecutor.runScript(TestCaseExecutor.java:328)
	at com.kms.katalon.core.main.TestCaseExecutor.doExecute(TestCaseExecutor.java:319)
	at com.kms.katalon.core.main.TestCaseExecutor.processExecutionPhase(TestCaseExecutor.java:298)
	at com.kms.katalon.core.main.TestCaseExecutor.accessMainPhase(TestCaseExecutor.java:290)
	at com.kms.katalon.core.main.TestCaseExecutor.execute(TestCaseExecutor.java:224)
	at com.kms.katalon.core.main.TestSuiteExecutor.accessTestCaseMainPhase(TestSuiteExecutor.java:129)
	at com.kms.katalon.core.main.TestSuiteExecutor.accessTestSuiteMainPhase(TestSuiteExecutor.java:112)
	at com.kms.katalon.core.main.TestSuiteExecutor.execute(TestSuiteExecutor.java:81)
	at com.kms.katalon.core.main.TestCaseMain.startTestSuite(TestCaseMain.java:149)
	at com.kms.katalon.core.main.TestCaseMain$startTestSuite$0.call(Unknown Source)
	at TempTestSuite1557170415012.run(TempTestSuite1557170415012.groovy:36)]]></system-out>
         <system-err><![CDATA[2019-05-06 15:30:17 - [TEST_CASE][FAILED] - Test Cases/OCS- CRITICAL PATH/Miscellaneous: Test Cases/OCS- CRITICAL PATH/Miscellaneous FAILED.
Reason:
com.kms.katalon.core.exception.StepFailedException: Unable to click on object 'Object Repository/miscellaneous_OR/Page_Ontario Cannabis Store  Ontari/img' (Root cause: com.kms.katalon.core.webui.exception.WebElementNotFoundException: Web element with id: 'Object Repository/miscellaneous_OR/Page_Ontario Cannabis Store  Ontari/img' located by 'By.xpath: //img[@src = 'https://cdn.shopify.com/s/files/1/2636/1928/products/http-52-60-121-34-upload-200372-185506000010-a1c0_large.png?v=1553624547' and @alt = 'Blue Goldstone Pipe']' not found)
	at com.kms.katalon.core.keyword.internal.KeywordMain.stepFailed(KeywordMain.groovy:32)
	at com.kms.katalon.core.webui.keyword.internal.WebUIKeywordMain.stepFailed(WebUIKeywordMain.groovy:65)
	at com.kms.katalon.core.webui.keyword.internal.WebUIKeywordMain.runKeyword(WebUIKeywordMain.groovy:27)
	at com.kms.katalon.core.webui.keyword.builtin.ClickKeyword.click(ClickKeyword.groovy:86)
	at com.kms.katalon.core.webui.keyword.builtin.ClickKeyword.execute(ClickKeyword.groovy:67)
	at com.kms.katalon.core.keyword.internal.KeywordExecutor.executeKeywordForPlatform(KeywordExecutor.groovy:53)
	at com.kms.katalon.core.webui.keyword.WebUiBuiltInKeywords.click(WebUiBuiltInKeywords.groovy:604)
	at com.kms.katalon.core.webui.keyword.WebUiBuiltInKeywords$click$8.call(Unknown Source)
	at Miscellaneous.run(Miscellaneous:45)
	at com.kms.katalon.core.main.ScriptEngine.run(ScriptEngine.java:194)
	at com.kms.katalon.core.main.ScriptEngine.runScriptAsRawText(ScriptEngine.java:119)
	at com.kms.katalon.core.main.TestCaseExecutor.runScript(TestCaseExecutor.java:328)
	at com.kms.katalon.core.main.TestCaseExecutor.doExecute(TestCaseExecutor.java:319)
	at com.kms.katalon.core.main.TestCaseExecutor.processExecutionPhase(TestCaseExecutor.java:298)
	at com.kms.katalon.core.main.TestCaseExecutor.accessMainPhase(TestCaseExecutor.java:290)
	at com.kms.katalon.core.main.TestCaseExecutor.execute(TestCaseExecutor.java:224)
	at com.kms.katalon.core.main.TestSuiteExecutor.accessTestCaseMainPhase(TestSuiteExecutor.java:129)
	at com.kms.katalon.core.main.TestSuiteExecutor.accessTestSuiteMainPhase(TestSuiteExecutor.java:112)
	at com.kms.katalon.core.main.TestSuiteExecutor.execute(TestSuiteExecutor.java:81)
	at com.kms.katalon.core.main.TestCaseMain.startTestSuite(TestCaseMain.java:149)
	at com.kms.katalon.core.main.TestCaseMain$startTestSuite$0.call(Unknown Source)
	at TempTestSuite1557170415012.run(TempTestSuite1557170415012.groovy:36)]]></system-err>
      </testcase>
      <testcase name="Test Cases/OCS- CRITICAL PATH/cart page-increase qty" classname="Test Cases/OCS- CRITICAL PATH/cart page-increase qty" status="PASSED">
         <system-out><![CDATA[2019-05-06 15:35:37 - [TEST_CASE][PASSED] - Test Cases/OCS- CRITICAL PATH/cart page-increase qty: Test Cases/OCS- CRITICAL PATH/cart page-increase qty

2019-05-06 15:35:38 - [TEST_STEP][PASSED] - openBrowser(""): Browser is opened with url: ''

2019-05-06 15:35:38 - [MESSAGE][WARNING] - A browser is already opened. Closing browser and opening a new one

2019-05-06 15:35:38 - [MESSAGE][INFO] - Starting 'Firefox' driver

2019-05-06 15:35:41 - [MESSAGE][PASSED] - Browser is opened with url: ''

2019-05-06 15:35:41 - [TEST_STEP][PASSED] - navigateToUrl("https://ocs.ca/?fts=0&preview_theme_id=53372913484"): Navigate to 'https://ocs.ca/?fts=0&preview_theme_id=53372913484' successfully

2019-05-06 15:35:47 - [MESSAGE][PASSED] - Navigate to 'https://ocs.ca/?fts=0&preview_theme_id=53372913484' successfully

2019-05-06 15:35:47 - [TEST_STEP][PASSED] - click(findTestObject("Object Repository/Theme_oR/Page_Ontario Cannabis Store  Ontari/button_Close preview")): Object: 'Object Repository/Theme_oR/Page_Ontario Cannabis Store  Ontari/button_Close preview' is clicked on

2019-05-06 15:35:48 - [MESSAGE][PASSED] - Object: 'Object Repository/Theme_oR/Page_Ontario Cannabis Store  Ontari/button_Close preview' is clicked on

2019-05-06 15:35:48 - [TEST_STEP][PASSED] - maximizeWindow(): Current window maximized

2019-05-06 15:35:48 - [MESSAGE][PASSED] - Current window maximized

2019-05-06 15:35:48 - [TEST_STEP][PASSED] - selectOptionByValue(findTestObject("OCS_CRITICAL PATH/Cartflyout-decrease qty _OR/Page_Ontario Cannabis Store  Ontari/select_Select01020304050607080"), "18", true): All options with value '18' are selected in object 'Object Repository/OCS_CRITICAL PATH/Cartflyout-decrease qty _OR/Page_Ontario Cannabis Store  Ontari/select_Select01020304050607080'  using regular expression

2019-05-06 15:35:50 - [MESSAGE][PASSED] - All options with value '18' are selected in object 'Object Repository/OCS_CRITICAL PATH/Cartflyout-decrease qty _OR/Page_Ontario Cannabis Store  Ontari/select_Select01020304050607080'  using regular expression

2019-05-06 15:35:50 - [TEST_STEP][PASSED] - selectOptionByValue(findTestObject("OCS_CRITICAL PATH/Cartflyout-decrease qty _OR/Page_Ontario Cannabis Store  Ontari/select_SelectJanuary - 01Febru"), "9", true): All options with value '9' are selected in object 'Object Repository/OCS_CRITICAL PATH/Cartflyout-decrease qty _OR/Page_Ontario Cannabis Store  Ontari/select_SelectJanuary - 01Febru'  using regular expression

2019-05-06 15:35:51 - [MESSAGE][PASSED] - All options with value '9' are selected in object 'Object Repository/OCS_CRITICAL PATH/Cartflyout-decrease qty _OR/Page_Ontario Cannabis Store  Ontari/select_SelectJanuary - 01Febru'  using regular expression

2019-05-06 15:35:51 - [TEST_STEP][PASSED] - selectOptionByValue(findTestObject("OCS_CRITICAL PATH/Cartflyout-decrease qty _OR/Page_Ontario Cannabis Store  Ontari/select_Select20182017201620152"), "1933", true): All options with value '1933' are selected in object 'Object Repository/OCS_CRITICAL PATH/Cartflyout-decrease qty _OR/Page_Ontario Cannabis Store  Ontari/select_Select20182017201620152'  using regular expression

2019-05-06 15:35:53 - [MESSAGE][PASSED] - All options with value '1933' are selected in object 'Object Repository/OCS_CRITICAL PATH/Cartflyout-decrease qty _OR/Page_Ontario Cannabis Store  Ontari/select_Select20182017201620152'  using regular expression

2019-05-06 15:35:53 - [TEST_STEP][PASSED] - click(findTestObject("OCS_CRITICAL PATH/Cartflyout-decrease qty _OR/Page_Ontario Cannabis Store  Ontari/button_Verify")): Object: 'Object Repository/OCS_CRITICAL PATH/Cartflyout-decrease qty _OR/Page_Ontario Cannabis Store  Ontari/button_Verify' is clicked on

2019-05-06 15:35:54 - [MESSAGE][PASSED] - Object: 'Object Repository/OCS_CRITICAL PATH/Cartflyout-decrease qty _OR/Page_Ontario Cannabis Store  Ontari/button_Verify' is clicked on

2019-05-06 15:35:54 - [TEST_STEP][PASSED] - click(findTestObject("OCS_CRITICAL PATH/Cartflyout-decrease qty _OR/Page_Ontario Cannabis Store  Ontari/span_CONFIRM AND ACKNOWLEDGE_c")): Object: 'Object Repository/OCS_CRITICAL PATH/Cartflyout-decrease qty _OR/Page_Ontario Cannabis Store  Ontari/span_CONFIRM AND ACKNOWLEDGE_c' is clicked on

2019-05-06 15:35:54 - [MESSAGE][PASSED] - Object: 'Object Repository/OCS_CRITICAL PATH/Cartflyout-decrease qty _OR/Page_Ontario Cannabis Store  Ontari/span_CONFIRM AND ACKNOWLEDGE_c' is clicked on

2019-05-06 15:35:54 - [TEST_STEP][PASSED] - click(findTestObject("OCS_CRITICAL PATH/Cartflyout-decrease qty _OR/Page_Ontario Cannabis Store  Ontari/button_CONFIRM")): Object: 'Object Repository/OCS_CRITICAL PATH/Cartflyout-decrease qty _OR/Page_Ontario Cannabis Store  Ontari/button_CONFIRM' is clicked on

2019-05-06 15:35:54 - [MESSAGE][PASSED] - Object: 'Object Repository/OCS_CRITICAL PATH/Cartflyout-decrease qty _OR/Page_Ontario Cannabis Store  Ontari/button_CONFIRM' is clicked on

2019-05-06 15:35:54 - [TEST_STEP][PASSED] - click(findTestObject("OCS_CRITICAL PATH/Cartflyout-decrease qty _OR/Page_Ontario Cannabis Store  Ontari/button_Start Browsing")): Object: 'Object Repository/OCS_CRITICAL PATH/Cartflyout-decrease qty _OR/Page_Ontario Cannabis Store  Ontari/button_Start Browsing' is clicked on

2019-05-06 15:35:54 - [MESSAGE][PASSED] - Object: 'Object Repository/OCS_CRITICAL PATH/Cartflyout-decrease qty _OR/Page_Ontario Cannabis Store  Ontari/button_Start Browsing' is clicked on

2019-05-06 15:35:54 - [TEST_STEP][PASSED] - delay(2): Delayed 2 second(s)

2019-05-06 15:35:56 - [MESSAGE][PASSED] - Delayed 2 second(s)

2019-05-06 15:35:56 - [TEST_STEP][PASSED] - mouseOver(findTestObject("OCS_CRITICAL PATH/Cartflyout-decrease qty _OR/Page_Ontario Cannabis Store  Ontari/h3_Cannabis")): Object: 'Object Repository/OCS_CRITICAL PATH/Cartflyout-decrease qty _OR/Page_Ontario Cannabis Store  Ontari/h3_Cannabis' is hovered

2019-05-06 15:35:56 - [MESSAGE][PASSED] - Object: 'Object Repository/OCS_CRITICAL PATH/Cartflyout-decrease qty _OR/Page_Ontario Cannabis Store  Ontari/h3_Cannabis' is hovered

2019-05-06 15:35:56 - [TEST_STEP][PASSED] - delay(2): Delayed 2 second(s)

2019-05-06 15:35:58 - [MESSAGE][PASSED] - Delayed 2 second(s)

2019-05-06 15:35:58 - [TEST_STEP][PASSED] - click(findTestObject("OCS_CRITICAL PATH/Cartflyout-decrease qty _OR/Page_Ontario Cannabis Store  Ontari/span_Indica Dominant")): Object: 'Object Repository/OCS_CRITICAL PATH/Cartflyout-decrease qty _OR/Page_Ontario Cannabis Store  Ontari/span_Indica Dominant' is clicked on

2019-05-06 15:35:59 - [MESSAGE][PASSED] - Object: 'Object Repository/OCS_CRITICAL PATH/Cartflyout-decrease qty _OR/Page_Ontario Cannabis Store  Ontari/span_Indica Dominant' is clicked on

2019-05-06 15:35:59 - [TEST_STEP][PASSED] - delay(3): Delayed 3 second(s)

2019-05-06 15:36:02 - [MESSAGE][PASSED] - Delayed 3 second(s)

2019-05-06 15:36:02 - [TEST_STEP][PASSED] - click(findTestObject("OCS_CRITICAL PATH/Cartflyout-decrease qty _OR/Page_Indica Dominant Dried Flower/h3_Shishkaberry")): Object: 'Object Repository/OCS_CRITICAL PATH/Cartflyout-decrease qty _OR/Page_Indica Dominant Dried Flower/h3_Shishkaberry' is clicked on

2019-05-06 15:36:04 - [MESSAGE][PASSED] - Object: 'Object Repository/OCS_CRITICAL PATH/Cartflyout-decrease qty _OR/Page_Indica Dominant Dried Flower/h3_Shishkaberry' is clicked on

2019-05-06 15:36:04 - [TEST_STEP][PASSED] - click(findTestObject("OCS_CRITICAL PATH/Cartflyout-decrease qty _OR/Page_Shishkaberry  Ontario Cannabis/div_3.5g")): Object: 'Object Repository/OCS_CRITICAL PATH/Cartflyout-decrease qty _OR/Page_Shishkaberry  Ontario Cannabis/div_3.5g' is clicked on

2019-05-06 15:36:04 - [MESSAGE][PASSED] - Object: 'Object Repository/OCS_CRITICAL PATH/Cartflyout-decrease qty _OR/Page_Shishkaberry  Ontario Cannabis/div_3.5g' is clicked on

2019-05-06 15:36:04 - [TEST_STEP][NOT_RUN] - click(findTestObject("Page_Shishkaberry  Ontario Cannabis/button_")): NOT_RUN: click(findTestObject("Page_Shishkaberry  Ontario Cannabis/button_"))

2019-05-06 15:36:04 - [MESSAGE][NOT_RUN] - NOT_RUN: click(findTestObject("Page_Shishkaberry  Ontario Cannabis/button_"))

2019-05-06 15:36:04 - [TEST_STEP][NOT_RUN] - click(findTestObject("Page_Shishkaberry  Ontario Cannabis/button_")): NOT_RUN: click(findTestObject("Page_Shishkaberry  Ontario Cannabis/button_"))

2019-05-06 15:36:04 - [MESSAGE][NOT_RUN] - NOT_RUN: click(findTestObject("Page_Shishkaberry  Ontario Cannabis/button_"))

2019-05-06 15:36:04 - [TEST_STEP][NOT_RUN] - click(findTestObject("Page_Shishkaberry  Ontario Cannabis/button_")): NOT_RUN: click(findTestObject("Page_Shishkaberry  Ontario Cannabis/button_"))

2019-05-06 15:36:04 - [MESSAGE][NOT_RUN] - NOT_RUN: click(findTestObject("Page_Shishkaberry  Ontario Cannabis/button_"))

2019-05-06 15:36:04 - [TEST_STEP][NOT_RUN] - click(findTestObject("Page_Shishkaberry  Ontario Cannabis/button_")): NOT_RUN: click(findTestObject("Page_Shishkaberry  Ontario Cannabis/button_"))

2019-05-06 15:36:04 - [MESSAGE][NOT_RUN] - NOT_RUN: click(findTestObject("Page_Shishkaberry  Ontario Cannabis/button_"))

2019-05-06 15:36:04 - [TEST_STEP][NOT_RUN] - click(findTestObject("Page_Shishkaberry  Ontario Cannabis/button_")): NOT_RUN: click(findTestObject("Page_Shishkaberry  Ontario Cannabis/button_"))

2019-05-06 15:36:04 - [MESSAGE][NOT_RUN] - NOT_RUN: click(findTestObject("Page_Shishkaberry  Ontario Cannabis/button_"))

2019-05-06 15:36:04 - [TEST_STEP][PASSED] - click(findTestObject("OCS_CRITICAL PATH/cartpage- decrease qty _OR/Page_Shishkaberry  Ontario Cannabis/button_Add to Bag194.40")): Object: 'Object Repository/OCS_CRITICAL PATH/cartpage- decrease qty _OR/Page_Shishkaberry  Ontario Cannabis/button_Add to Bag194.40' is clicked on

2019-05-06 15:36:04 - [MESSAGE][PASSED] - Object: 'Object Repository/OCS_CRITICAL PATH/cartpage- decrease qty _OR/Page_Shishkaberry  Ontario Cannabis/button_Add to Bag194.40' is clicked on

2019-05-06 15:36:04 - [TEST_STEP][PASSED] - click(findTestObject("OCS_CRITICAL PATH/cartpage- decrease qty _OR/Page_Shishkaberry  Ontario Cannabis/span_concat(I confirm that I")): Object: 'Object Repository/OCS_CRITICAL PATH/cartpage- decrease qty _OR/Page_Shishkaberry  Ontario Cannabis/span_concat(I confirm that I' is clicked on

2019-05-06 15:36:06 - [MESSAGE][PASSED] - Object: 'Object Repository/OCS_CRITICAL PATH/cartpage- decrease qty _OR/Page_Shishkaberry  Ontario Cannabis/span_concat(I confirm that I' is clicked on

2019-05-06 15:36:06 - [TEST_STEP][PASSED] - click(findTestObject("OCS_CRITICAL PATH/cartpage- decrease qty _OR/Page_Shishkaberry  Ontario Cannabis/span_Accept the_checkbox")): Object: 'Object Repository/OCS_CRITICAL PATH/cartpage- decrease qty _OR/Page_Shishkaberry  Ontario Cannabis/span_Accept the_checkbox' is clicked on

2019-05-06 15:36:06 - [MESSAGE][PASSED] - Object: 'Object Repository/OCS_CRITICAL PATH/cartpage- decrease qty _OR/Page_Shishkaberry  Ontario Cannabis/span_Accept the_checkbox' is clicked on

2019-05-06 15:36:06 - [TEST_STEP][PASSED] - delay(3): Delayed 3 second(s)

2019-05-06 15:36:09 - [MESSAGE][PASSED] - Delayed 3 second(s)

2019-05-06 15:36:09 - [TEST_STEP][PASSED] - click(findTestObject("OCS_CRITICAL PATH/cartpage- decrease qty _OR/Page_Shishkaberry  Ontario Cannabis/a_Checkout")): Object: 'Object Repository/OCS_CRITICAL PATH/cartpage- decrease qty _OR/Page_Shishkaberry  Ontario Cannabis/a_Checkout' is clicked on

2019-05-06 15:36:11 - [MESSAGE][PASSED] - Object: 'Object Repository/OCS_CRITICAL PATH/cartpage- decrease qty _OR/Page_Shishkaberry  Ontario Cannabis/a_Checkout' is clicked on

2019-05-06 15:36:11 - [TEST_STEP][PASSED] - click(findTestObject("OCS_CRITICAL PATH/cartpage- decrease qty _OR/Page_Ontario Cannabis Store - Infor/a_Cart")): Object: 'Object Repository/OCS_CRITICAL PATH/cartpage- decrease qty _OR/Page_Ontario Cannabis Store - Infor/a_Cart' is clicked on

2019-05-06 15:36:13 - [MESSAGE][PASSED] - Object: 'Object Repository/OCS_CRITICAL PATH/cartpage- decrease qty _OR/Page_Ontario Cannabis Store - Infor/a_Cart' is clicked on

2019-05-06 15:36:13 - [TEST_STEP][PASSED] - a = getText(findTestObject("OCS_CRITICAL PATH/cartpage- decrease qty _OR/Page_Your Shopping Cart  Ontario Ca/p_194.40 (1)")): Text of object 'Object Repository/OCS_CRITICAL PATH/cartpage- decrease qty _OR/Page_Your Shopping Cart  Ontario Ca/p_194.40 (1)' is: '$32.40'

2019-05-06 15:36:13 - [MESSAGE][PASSED] - Text of object 'Object Repository/OCS_CRITICAL PATH/cartpage- decrease qty _OR/Page_Your Shopping Cart  Ontario Ca/p_194.40 (1)' is: '$32.40'

2019-05-06 15:36:13 - [TEST_STEP][PASSED] - comment(a): $32.40

2019-05-06 15:36:13 - [MESSAGE][INFO] - $32.40

2019-05-06 15:36:13 - [TEST_STEP][PASSED] - setText(findTestObject("Object Repository/OCS_CRITICAL PATH/cartpage- decrease qty _OR/Page_Your Shopping Cart  Ontario Ca/input_-_updates (1)"), "2"): Text '2' is set on object 'Object Repository/OCS_CRITICAL PATH/cartpage- decrease qty _OR/Page_Your Shopping Cart  Ontario Ca/input_-_updates (1)'

2019-05-06 15:36:13 - [MESSAGE][PASSED] - Text '2' is set on object 'Object Repository/OCS_CRITICAL PATH/cartpage- decrease qty _OR/Page_Your Shopping Cart  Ontario Ca/input_-_updates (1)'

2019-05-06 15:36:13 - [TEST_STEP][PASSED] - setText(findTestObject("Object Repository/OCS_CRITICAL PATH/cartpage- decrease qty _OR/Page_Your Shopping Cart  Ontario Ca/input_-_updates (1)"), "3"): Text '3' is set on object 'Object Repository/OCS_CRITICAL PATH/cartpage- decrease qty _OR/Page_Your Shopping Cart  Ontario Ca/input_-_updates (1)'

2019-05-06 15:36:13 - [MESSAGE][PASSED] - Text '3' is set on object 'Object Repository/OCS_CRITICAL PATH/cartpage- decrease qty _OR/Page_Your Shopping Cart  Ontario Ca/input_-_updates (1)'

2019-05-06 15:36:13 - [TEST_STEP][NOT_RUN] - click(findTestObject("Object Repository/OCS_CRITICAL PATH/cartpage- decrease qty _OR/Page_Your Shopping Cart  Ontario Ca/div_3.5g (1)")): NOT_RUN: click(findTestObject("Object Repository/OCS_CRITICAL PATH/cartpage- decrease qty _OR/Page_Your Shopping Cart  Ontario Ca/div_3.5g (1)"))

2019-05-06 15:36:13 - [MESSAGE][NOT_RUN] - NOT_RUN: click(findTestObject("Object Repository/OCS_CRITICAL PATH/cartpage- decrease qty _OR/Page_Your Shopping Cart  Ontario Ca/div_3.5g (1)"))

2019-05-06 15:36:13 - [TEST_STEP][NOT_RUN] - click(findTestObject("Object Repository/OCS_CRITICAL PATH/cartpage- decrease qty _OR/Page_Your Shopping Cart  Ontario Ca/div_3.5g                      _1 (1)")): NOT_RUN: click(findTestObject("Object Repository/OCS_CRITICAL PATH/cartpage- decrease qty _OR/Page_Your Shopping Cart  Ontario Ca/div_3.5g                      _1 (1)"))

2019-05-06 15:36:13 - [MESSAGE][NOT_RUN] - NOT_RUN: click(findTestObject("Object Repository/OCS_CRITICAL PATH/cartpage- decrease qty _OR/Page_Your Shopping Cart  Ontario Ca/div_3.5g                      _1 (1)"))

2019-05-06 15:36:13 - [TEST_STEP][PASSED] - delay(3): Delayed 3 second(s)

2019-05-06 15:36:16 - [MESSAGE][PASSED] - Delayed 3 second(s)

2019-05-06 15:36:16 - [TEST_STEP][PASSED] - click(findTestObject("Object Repository/OCS_CRITICAL PATH/cartpage- decrease qty _OR/Page_Your Shopping Cart  Ontario Ca/i__icon--plus")): Object: 'Object Repository/OCS_CRITICAL PATH/cartpage- decrease qty _OR/Page_Your Shopping Cart  Ontario Ca/i__icon--plus' is clicked on

2019-05-06 15:36:16 - [MESSAGE][PASSED] - Object: 'Object Repository/OCS_CRITICAL PATH/cartpage- decrease qty _OR/Page_Your Shopping Cart  Ontario Ca/i__icon--plus' is clicked on

2019-05-06 15:36:16 - [TEST_STEP][PASSED] - click(findTestObject("Object Repository/OCS_CRITICAL PATH/cartpage- decrease qty _OR/Page_Your Shopping Cart  Ontario Ca/i__icon--plus")): Object: 'Object Repository/OCS_CRITICAL PATH/cartpage- decrease qty _OR/Page_Your Shopping Cart  Ontario Ca/i__icon--plus' is clicked on

2019-05-06 15:36:17 - [MESSAGE][PASSED] - Object: 'Object Repository/OCS_CRITICAL PATH/cartpage- decrease qty _OR/Page_Your Shopping Cart  Ontario Ca/i__icon--plus' is clicked on

2019-05-06 15:36:17 - [TEST_STEP][PASSED] - click(findTestObject("Object Repository/OCS_CRITICAL PATH/cartpage- decrease qty _OR/Page_Your Shopping Cart  Ontario Ca/i__icon--plus")): Object: 'Object Repository/OCS_CRITICAL PATH/cartpage- decrease qty _OR/Page_Your Shopping Cart  Ontario Ca/i__icon--plus' is clicked on

2019-05-06 15:36:17 - [MESSAGE][PASSED] - Object: 'Object Repository/OCS_CRITICAL PATH/cartpage- decrease qty _OR/Page_Your Shopping Cart  Ontario Ca/i__icon--plus' is clicked on

2019-05-06 15:36:17 - [TEST_STEP][PASSED] - delay(5): Delayed 5 second(s)

2019-05-06 15:36:22 - [MESSAGE][PASSED] - Delayed 5 second(s)

2019-05-06 15:36:22 - [TEST_STEP][PASSED] - b = getText(findTestObject("Object Repository/OCS_CRITICAL PATH/cartpage- decrease qty _OR/Page_Your Shopping Cart  Ontario Ca/p_194.40 (1)")): Text of object 'Object Repository/OCS_CRITICAL PATH/cartpage- decrease qty _OR/Page_Your Shopping Cart  Ontario Ca/p_194.40 (1)' is: '$97.20'

2019-05-06 15:36:22 - [MESSAGE][PASSED] - Text of object 'Object Repository/OCS_CRITICAL PATH/cartpage- decrease qty _OR/Page_Your Shopping Cart  Ontario Ca/p_194.40 (1)' is: '$97.20'

2019-05-06 15:36:22 - [TEST_STEP][NOT_RUN] - click(findTestObject("Object Repository/OCS_CRITICAL PATH/cartpage- decrease qty _OR/Page_Your Shopping Cart  Ontario Ca/span_My Bag 3 (1)")): NOT_RUN: click(findTestObject("Object Repository/OCS_CRITICAL PATH/cartpage- decrease qty _OR/Page_Your Shopping Cart  Ontario Ca/span_My Bag 3 (1)"))

2019-05-06 15:36:22 - [MESSAGE][NOT_RUN] - NOT_RUN: click(findTestObject("Object Repository/OCS_CRITICAL PATH/cartpage- decrease qty _OR/Page_Your Shopping Cart  Ontario Ca/span_My Bag 3 (1)"))

2019-05-06 15:36:22 - [TEST_STEP][PASSED] - comment(b): $97.20

2019-05-06 15:36:22 - [MESSAGE][INFO] - $97.20

2019-05-06 15:36:22 - [TEST_STEP][NOT_RUN] - d = c.substring(1): NOT_RUN: d = c.substring(1)

2019-05-06 15:36:22 - [MESSAGE][NOT_RUN] - NOT_RUN: d = c.substring(1)

2019-05-06 15:36:22 - [TEST_STEP][NOT_RUN] - comment(d): NOT_RUN: comment(d)

2019-05-06 15:36:22 - [MESSAGE][NOT_RUN] - NOT_RUN: comment(d)

2019-05-06 15:36:22 - [TEST_STEP][PASSED] - verifyNotEqual("a", "b"): Actual object 'a' and expected object 'b' are not equal

2019-05-06 15:36:22 - [MESSAGE][PASSED] - Actual object 'a' and expected object 'b' are not equal

2019-05-06 15:36:22 - [TEST_STEP][PASSED] - comment(" price changed . Quantity selector is working"):  price changed . Quantity selector is working

2019-05-06 15:36:22 - [MESSAGE][INFO] -  price changed . Quantity selector is working]]></system-out>
         <system-err><![CDATA[]]></system-err>
      </testcase>
      <system-out><![CDATA[2019-05-06 15:20:17 - [TEST_SUITE][FAILED] - CRITICAL PATH: Test Cases/OCS- CRITICAL PATH/Cart flyout- decrease qty FAILED.
Reason:
com.kms.katalon.core.exception.StepFailedException: Unable to click on object 'Object Repository/OCS_CRITICAL PATH/Cartflyout-decrease qty _OR/Page_Ontario Cannabis Store  Ontari/span_CONFIRM AND ACKNOWLEDGE_c' (Root cause: org.openqa.selenium.ElementNotInteractableException: Element <span class="checkbox"> could not be scrolled into view
Build info: version: '3.7.1', revision: '8a0099a', time: '2017-11-06T21:07:36.161Z'
System info: host: 'sumans-MacBook-Pro.local', ip: 'fe80:0:0:0:cb0:6c11:f493:d0f6%en0', os.name: 'Mac OS X', os.arch: 'x86_64', os.version: '10.13.6', java.version: '1.8.0_181'
Driver info: com.kms.katalon.core.webui.driver.firefox.CGeckoDriver
Capabilities {acceptInsecureCerts: true, browserName: firefox, browserVersion: 66.0.3, javascriptEnabled: true, moz:accessibilityChecks: false, moz:geckodriverVersion: 0.23.0, moz:headless: false, moz:processID: 3917, moz:profile: /var/folders/1t/c55l8xzs6gq..., moz:shutdownTimeout: 60000, moz:useNonSpecCompliantPointerOrigin: false, moz:webdriverClick: true, pageLoadStrategy: normal, platform: MAC, platformName: MAC, platformVersion: 17.7.0, proxy: Proxy(direct), rotatable: false, setWindowRect: true, strictFileInteractability: false, timeouts: {implicit: 0, pageLoad: 300000, script: 30000}, unhandledPromptBehavior: dismiss and notify}
Session ID: db08ea86-5c9c-6c4c-a6dc-8204d37e6a59)
	at com.kms.katalon.core.keyword.internal.KeywordMain.stepFailed(KeywordMain.groovy:36)
	at com.kms.katalon.core.webui.keyword.internal.WebUIKeywordMain.stepFailed(WebUIKeywordMain.groovy:65)
	at com.kms.katalon.core.webui.keyword.internal.WebUIKeywordMain.runKeyword(WebUIKeywordMain.groovy:27)
	at com.kms.katalon.core.webui.keyword.builtin.ClickKeyword.click(ClickKeyword.groovy:86)
	at com.kms.katalon.core.webui.keyword.builtin.ClickKeyword.execute(ClickKeyword.groovy:67)
	at com.kms.katalon.core.keyword.internal.KeywordExecutor.executeKeywordForPlatform(KeywordExecutor.groovy:53)
	at com.kms.katalon.core.webui.keyword.WebUiBuiltInKeywords.click(WebUiBuiltInKeywords.groovy:616)
	at com.kms.katalon.core.webui.keyword.WebUiBuiltInKeywords$click$1.call(Unknown Source)
	at Cart flyout- decrease qty.run(Cart flyout- decrease qty:35)
	at com.kms.katalon.core.main.ScriptEngine.run(ScriptEngine.java:194)
	at com.kms.katalon.core.main.ScriptEngine.runScriptAsRawText(ScriptEngine.java:119)
	at com.kms.katalon.core.main.TestCaseExecutor.runScript(TestCaseExecutor.java:328)
	at com.kms.katalon.core.main.TestCaseExecutor.doExecute(TestCaseExecutor.java:319)
	at com.kms.katalon.core.main.TestCaseExecutor.processExecutionPhase(TestCaseExecutor.java:298)
	at com.kms.katalon.core.main.TestCaseExecutor.accessMainPhase(TestCaseExecutor.java:290)
	at com.kms.katalon.core.main.TestCaseExecutor.execute(TestCaseExecutor.java:224)
	at com.kms.katalon.core.main.TestSuiteExecutor.accessTestCaseMainPhase(TestSuiteExecutor.java:129)
	at com.kms.katalon.core.main.TestSuiteExecutor.accessTestSuiteMainPhase(TestSuiteExecutor.java:112)
	at com.kms.katalon.core.main.TestSuiteExecutor.execute(TestSuiteExecutor.java:81)
	at com.kms.katalon.core.main.TestCaseMain.startTestSuite(TestCaseMain.java:149)
	at com.kms.katalon.core.main.TestCaseMain$startTestSuite$0.call(Unknown Source)
	at TempTestSuite1557170415012.run(TempTestSuite1557170415012.groovy:36)]]></system-out>
      <system-err><![CDATA[2019-05-06 15:20:17 - [TEST_SUITE][FAILED] - CRITICAL PATH: Test Cases/OCS- CRITICAL PATH/Cart flyout- decrease qty FAILED.
Reason:
com.kms.katalon.core.exception.StepFailedException: Unable to click on object 'Object Repository/OCS_CRITICAL PATH/Cartflyout-decrease qty _OR/Page_Ontario Cannabis Store  Ontari/span_CONFIRM AND ACKNOWLEDGE_c' (Root cause: org.openqa.selenium.ElementNotInteractableException: Element <span class="checkbox"> could not be scrolled into view
Build info: version: '3.7.1', revision: '8a0099a', time: '2017-11-06T21:07:36.161Z'
System info: host: 'sumans-MacBook-Pro.local', ip: 'fe80:0:0:0:cb0:6c11:f493:d0f6%en0', os.name: 'Mac OS X', os.arch: 'x86_64', os.version: '10.13.6', java.version: '1.8.0_181'
Driver info: com.kms.katalon.core.webui.driver.firefox.CGeckoDriver
Capabilities {acceptInsecureCerts: true, browserName: firefox, browserVersion: 66.0.3, javascriptEnabled: true, moz:accessibilityChecks: false, moz:geckodriverVersion: 0.23.0, moz:headless: false, moz:processID: 3917, moz:profile: /var/folders/1t/c55l8xzs6gq..., moz:shutdownTimeout: 60000, moz:useNonSpecCompliantPointerOrigin: false, moz:webdriverClick: true, pageLoadStrategy: normal, platform: MAC, platformName: MAC, platformVersion: 17.7.0, proxy: Proxy(direct), rotatable: false, setWindowRect: true, strictFileInteractability: false, timeouts: {implicit: 0, pageLoad: 300000, script: 30000}, unhandledPromptBehavior: dismiss and notify}
Session ID: db08ea86-5c9c-6c4c-a6dc-8204d37e6a59)
	at com.kms.katalon.core.keyword.internal.KeywordMain.stepFailed(KeywordMain.groovy:36)
	at com.kms.katalon.core.webui.keyword.internal.WebUIKeywordMain.stepFailed(WebUIKeywordMain.groovy:65)
	at com.kms.katalon.core.webui.keyword.internal.WebUIKeywordMain.runKeyword(WebUIKeywordMain.groovy:27)
	at com.kms.katalon.core.webui.keyword.builtin.ClickKeyword.click(ClickKeyword.groovy:86)
	at com.kms.katalon.core.webui.keyword.builtin.ClickKeyword.execute(ClickKeyword.groovy:67)
	at com.kms.katalon.core.keyword.internal.KeywordExecutor.executeKeywordForPlatform(KeywordExecutor.groovy:53)
	at com.kms.katalon.core.webui.keyword.WebUiBuiltInKeywords.click(WebUiBuiltInKeywords.groovy:616)
	at com.kms.katalon.core.webui.keyword.WebUiBuiltInKeywords$click$1.call(Unknown Source)
	at Cart flyout- decrease qty.run(Cart flyout- decrease qty:35)
	at com.kms.katalon.core.main.ScriptEngine.run(ScriptEngine.java:194)
	at com.kms.katalon.core.main.ScriptEngine.runScriptAsRawText(ScriptEngine.java:119)
	at com.kms.katalon.core.main.TestCaseExecutor.runScript(TestCaseExecutor.java:328)
	at com.kms.katalon.core.main.TestCaseExecutor.doExecute(TestCaseExecutor.java:319)
	at com.kms.katalon.core.main.TestCaseExecutor.processExecutionPhase(TestCaseExecutor.java:298)
	at com.kms.katalon.core.main.TestCaseExecutor.accessMainPhase(TestCaseExecutor.java:290)
	at com.kms.katalon.core.main.TestCaseExecutor.execute(TestCaseExecutor.java:224)
	at com.kms.katalon.core.main.TestSuiteExecutor.accessTestCaseMainPhase(TestSuiteExecutor.java:129)
	at com.kms.katalon.core.main.TestSuiteExecutor.accessTestSuiteMainPhase(TestSuiteExecutor.java:112)
	at com.kms.katalon.core.main.TestSuiteExecutor.execute(TestSuiteExecutor.java:81)
	at com.kms.katalon.core.main.TestCaseMain.startTestSuite(TestCaseMain.java:149)
	at com.kms.katalon.core.main.TestCaseMain$startTestSuite$0.call(Unknown Source)
	at TempTestSuite1557170415012.run(TempTestSuite1557170415012.groovy:36)]]></system-err>
   </testsuite>
</testsuites>
