<?xml version="1.0" encoding="UTF-8"?>
<testsuites name="CRITICAL PATH" time="1246" tests="7" failures="5" errors="0">
   <testsuite name="CRITICAL PATH" tests="7" failures="5" errors="0" time="1246" timestamp="2019-05-06 15:50:22" hostname="sumankompelly - 10.0.126.233" id="Test Suites/OCS-1.7.0/CRITICAL PATH">
      <properties>
         <property name="deviceName" value=""/>
         <property name="devicePlatform" value=""/>
         <property name="logFolder" value="/Users/sumankompelly/git/Sample-OCS/Reports/OCS-1.7.0/CRITICAL PATH/20190506_155020"/>
         <property name="logFiles" value="/Users/sumankompelly/git/Sample-OCS/Reports/OCS-1.7.0/CRITICAL PATH/20190506_155020/execution0.log"/>
         <property name="attachments" value="/Users/sumankompelly/git/Sample-OCS/Reports/OCS-1.7.0/CRITICAL PATH/20190506_155020/1557172564742.png, /Users/sumankompelly/git/Sample-OCS/Reports/OCS-1.7.0/CRITICAL PATH/20190506_155020/1557173058021.png, /Users/sumankompelly/git/Sample-OCS/Reports/OCS-1.7.0/CRITICAL PATH/20190506_155020/1557173293759.png, /Users/sumankompelly/git/Sample-OCS/Reports/OCS-1.7.0/CRITICAL PATH/20190506_155020/1557173386337.png, /Users/sumankompelly/git/Sample-OCS/Reports/OCS-1.7.0/CRITICAL PATH/20190506_155020/1557173467303.png"/>
         <property name="hostName" value="sumankompelly - 10.0.126.233"/>
         <property name="os" value="Mac OS X 64bit"/>
         <property name="katalonVersion" value="5.10.1.1"/>
         <property name="browser" value="Chrome 74.0.3729.108"/>
         <property name="hostAddress" value="10.0.126.233"/>
         <property name="sessionId" value="51bde25315e94a443dc71ac040b8c7de3e809242"/>
         <property name="seleniumVersion" value="3.7.1"/>
         <property name="proxyInformation" value="ProxyInformation{proxyOption=NO_PROXY, proxyServerType=HTTP, password=, proxyServerAddress=, proxyServerPort=0}"/>
         <property name="platform" value="Mac OS X"/>
      </properties>
      <testcase name="Test Cases/OCS- CRITICAL PATH/Cart flyout- increase qty" classname="Test Cases/OCS- CRITICAL PATH/Cart flyout- increase qty" status="PASSED">
         <system-out><![CDATA[2019-05-06 15:50:23 - [TEST_CASE][PASSED] - Test Cases/OCS- CRITICAL PATH/Cart flyout- increase qty: Test Cases/OCS- CRITICAL PATH/Cart flyout- increase qty

2019-05-06 15:50:23 - [TEST_STEP][PASSED] - openBrowser(""): Browser is opened with url: ''

2019-05-06 15:50:24 - [MESSAGE][INFO] - Starting 'Remote' driver

2019-05-06 15:50:24 - [MESSAGE][INFO] - User set preference: ['os', 'windows']

2019-05-06 15:50:24 - [MESSAGE][INFO] - User set preference: ['os_version', '10']

2019-05-06 15:50:24 - [MESSAGE][INFO] - User set preference: ['browser', 'Chrome']

2019-05-06 15:50:24 - [MESSAGE][INFO] - User set preference: ['browser_version', '74']

2019-05-06 15:50:24 - [MESSAGE][INFO] - User set preference: ['resolution', '1280x800']

2019-05-06 15:50:24 - [MESSAGE][INFO] - Connecting to remote web server 'https://dianatest3:Z3oqw9ysqTeRQJq5wFCp@hub-cloud.browserstack.com/wd/hub' with type 'Selenium'

2019-05-06 15:50:24 - [MESSAGE][INFO] - Action delay is set to 0 seconds

2019-05-06 15:50:30 - [MESSAGE][PASSED] - Browser is opened with url: ''

2019-05-06 15:50:30 - [TEST_STEP][PASSED] - navigateToUrl("https://ocs.ca/?fts=0&preview_theme_id=53372913484"): Navigate to 'https://ocs.ca/?fts=0&preview_theme_id=53372913484' successfully

2019-05-06 15:50:37 - [MESSAGE][PASSED] - Navigate to 'https://ocs.ca/?fts=0&preview_theme_id=53372913484' successfully

2019-05-06 15:50:37 - [TEST_STEP][PASSED] - click(findTestObject("Object Repository/Theme_oR/Page_Ontario Cannabis Store  Ontari/button_Close preview")): Object: 'Object Repository/Theme_oR/Page_Ontario Cannabis Store  Ontari/button_Close preview' is clicked on

2019-05-06 15:50:40 - [MESSAGE][PASSED] - Object: 'Object Repository/Theme_oR/Page_Ontario Cannabis Store  Ontari/button_Close preview' is clicked on

2019-05-06 15:50:40 - [TEST_STEP][PASSED] - maximizeWindow(): Current window maximized

2019-05-06 15:50:42 - [MESSAGE][PASSED] - Current window maximized

2019-05-06 15:50:42 - [TEST_STEP][PASSED] - selectOptionByValue(findTestObject("cart flyout_OR/Page_Ontario Cannabis Store  Ontari/select_Select01020304050607080"), "18", true): All options with value '18' are selected in object 'Object Repository/cart flyout_OR/Page_Ontario Cannabis Store  Ontari/select_Select01020304050607080'  using regular expression

2019-05-06 15:50:47 - [MESSAGE][PASSED] - All options with value '18' are selected in object 'Object Repository/cart flyout_OR/Page_Ontario Cannabis Store  Ontari/select_Select01020304050607080'  using regular expression

2019-05-06 15:50:47 - [TEST_STEP][PASSED] - selectOptionByValue(findTestObject("cart flyout_OR/Page_Ontario Cannabis Store  Ontari/select_SelectJanuary - 01Febru"), "9", true): All options with value '9' are selected in object 'Object Repository/cart flyout_OR/Page_Ontario Cannabis Store  Ontari/select_SelectJanuary - 01Febru'  using regular expression

2019-05-06 15:50:50 - [MESSAGE][PASSED] - All options with value '9' are selected in object 'Object Repository/cart flyout_OR/Page_Ontario Cannabis Store  Ontari/select_SelectJanuary - 01Febru'  using regular expression

2019-05-06 15:50:50 - [TEST_STEP][PASSED] - selectOptionByValue(findTestObject("cart flyout_OR/Page_Ontario Cannabis Store  Ontari/select_Select20182017201620152"), "1933", true): All options with value '1933' are selected in object 'Object Repository/cart flyout_OR/Page_Ontario Cannabis Store  Ontari/select_Select20182017201620152'  using regular expression

2019-05-06 15:51:12 - [MESSAGE][PASSED] - All options with value '1933' are selected in object 'Object Repository/cart flyout_OR/Page_Ontario Cannabis Store  Ontari/select_Select20182017201620152'  using regular expression

2019-05-06 15:51:12 - [TEST_STEP][PASSED] - click(findTestObject("cart flyout_OR/Page_Ontario Cannabis Store  Ontari/button_Verify")): Object: 'Object Repository/cart flyout_OR/Page_Ontario Cannabis Store  Ontari/button_Verify' is clicked on

2019-05-06 15:51:12 - [MESSAGE][PASSED] - Object: 'Object Repository/cart flyout_OR/Page_Ontario Cannabis Store  Ontari/button_Verify' is clicked on

2019-05-06 15:51:12 - [TEST_STEP][PASSED] - click(findTestObject("cart flyout_OR/Page_Ontario Cannabis Store  Ontari/span_CONFIRM AND ACKNOWLEDGE_c")): Object: 'Object Repository/cart flyout_OR/Page_Ontario Cannabis Store  Ontari/span_CONFIRM AND ACKNOWLEDGE_c' is clicked on

2019-05-06 15:51:12 - [MESSAGE][PASSED] - Object: 'Object Repository/cart flyout_OR/Page_Ontario Cannabis Store  Ontari/span_CONFIRM AND ACKNOWLEDGE_c' is clicked on

2019-05-06 15:51:12 - [TEST_STEP][PASSED] - click(findTestObject("cart flyout_OR/Page_Ontario Cannabis Store  Ontari/button_CONFIRM")): Object: 'Object Repository/cart flyout_OR/Page_Ontario Cannabis Store  Ontari/button_CONFIRM' is clicked on

2019-05-06 15:51:13 - [MESSAGE][PASSED] - Object: 'Object Repository/cart flyout_OR/Page_Ontario Cannabis Store  Ontari/button_CONFIRM' is clicked on

2019-05-06 15:51:13 - [TEST_STEP][PASSED] - click(findTestObject("cart flyout_OR/Page_Ontario Cannabis Store  Ontari/button_Start Browsing")): Object: 'Object Repository/cart flyout_OR/Page_Ontario Cannabis Store  Ontari/button_Start Browsing' is clicked on

2019-05-06 15:51:13 - [MESSAGE][PASSED] - Object: 'Object Repository/cart flyout_OR/Page_Ontario Cannabis Store  Ontari/button_Start Browsing' is clicked on

2019-05-06 15:51:13 - [TEST_STEP][PASSED] - mouseOver(findTestObject("OCS_CRITICAL PATH/Cartflyout-decrease qty _OR/Page_Ontario Cannabis Store  Ontari/h3_Cannabis")): Object: 'Object Repository/OCS_CRITICAL PATH/Cartflyout-decrease qty _OR/Page_Ontario Cannabis Store  Ontari/h3_Cannabis' is hovered

2019-05-06 15:51:14 - [MESSAGE][PASSED] - Object: 'Object Repository/OCS_CRITICAL PATH/Cartflyout-decrease qty _OR/Page_Ontario Cannabis Store  Ontari/h3_Cannabis' is hovered

2019-05-06 15:51:14 - [TEST_STEP][PASSED] - delay(2): Delayed 2 second(s)

2019-05-06 15:51:16 - [MESSAGE][PASSED] - Delayed 2 second(s)

2019-05-06 15:51:16 - [TEST_STEP][PASSED] - click(findTestObject("OCS_CRITICAL PATH/Cartflyout-decrease qty _OR/Page_Ontario Cannabis Store  Ontari/span_Indica Dominant")): Object: 'Object Repository/OCS_CRITICAL PATH/Cartflyout-decrease qty _OR/Page_Ontario Cannabis Store  Ontari/span_Indica Dominant' is clicked on

2019-05-06 15:51:19 - [MESSAGE][PASSED] - Object: 'Object Repository/OCS_CRITICAL PATH/Cartflyout-decrease qty _OR/Page_Ontario Cannabis Store  Ontari/span_Indica Dominant' is clicked on

2019-05-06 15:51:19 - [TEST_STEP][PASSED] - delay(3): Delayed 3 second(s)

2019-05-06 15:51:22 - [MESSAGE][PASSED] - Delayed 3 second(s)

2019-05-06 15:51:22 - [TEST_STEP][PASSED] - click(findTestObject("OCS_CRITICAL PATH/Cartflyout-decrease qty _OR/Page_Indica Dominant Dried Flower/h3_Shishkaberry")): Object: 'Object Repository/OCS_CRITICAL PATH/Cartflyout-decrease qty _OR/Page_Indica Dominant Dried Flower/h3_Shishkaberry' is clicked on

2019-05-06 15:51:26 - [MESSAGE][PASSED] - Object: 'Object Repository/OCS_CRITICAL PATH/Cartflyout-decrease qty _OR/Page_Indica Dominant Dried Flower/h3_Shishkaberry' is clicked on

2019-05-06 15:51:26 - [TEST_STEP][PASSED] - click(findTestObject("OCS_CRITICAL PATH/Cartflyout-decrease qty _OR/Page_Shishkaberry  Ontario Cannabis/div_3.5g")): Object: 'Object Repository/OCS_CRITICAL PATH/Cartflyout-decrease qty _OR/Page_Shishkaberry  Ontario Cannabis/div_3.5g' is clicked on

2019-05-06 15:51:26 - [MESSAGE][PASSED] - Object: 'Object Repository/OCS_CRITICAL PATH/Cartflyout-decrease qty _OR/Page_Shishkaberry  Ontario Cannabis/div_3.5g' is clicked on

2019-05-06 15:51:26 - [TEST_STEP][PASSED] - delay(2): Delayed 2 second(s)

2019-05-06 15:51:28 - [MESSAGE][PASSED] - Delayed 2 second(s)

2019-05-06 15:51:28 - [TEST_STEP][NOT_RUN] - click(findTestObject("Object Repository/cart flyout_OR/Page_Shishkaberry  Ontario Cannabis/button_")): NOT_RUN: click(findTestObject("Object Repository/cart flyout_OR/Page_Shishkaberry  Ontario Cannabis/button_"))

2019-05-06 15:51:28 - [MESSAGE][NOT_RUN] - NOT_RUN: click(findTestObject("Object Repository/cart flyout_OR/Page_Shishkaberry  Ontario Cannabis/button_"))

2019-05-06 15:51:28 - [TEST_STEP][PASSED] - click(findTestObject("OCS_CRITICAL PATH/Cartflyout-decrease qty _OR/Page_Shishkaberry  Ontario Cannabis/span_Add to Bag")): Object: 'Object Repository/OCS_CRITICAL PATH/Cartflyout-decrease qty _OR/Page_Shishkaberry  Ontario Cannabis/span_Add to Bag' is clicked on

2019-05-06 15:51:29 - [MESSAGE][PASSED] - Object: 'Object Repository/OCS_CRITICAL PATH/Cartflyout-decrease qty _OR/Page_Shishkaberry  Ontario Cannabis/span_Add to Bag' is clicked on

2019-05-06 15:51:29 - [TEST_STEP][PASSED] - a = getText(findTestObject("cart flyout_OR/Page_Shishkaberry  Ontario Cannabis/div_129.60 (1)")): Text of object 'Object Repository/cart flyout_OR/Page_Shishkaberry  Ontario Cannabis/div_129.60 (1)' is: '$32.40'

2019-05-06 15:51:30 - [MESSAGE][PASSED] - Text of object 'Object Repository/cart flyout_OR/Page_Shishkaberry  Ontario Cannabis/div_129.60 (1)' is: '$32.40'

2019-05-06 15:51:30 - [TEST_STEP][PASSED] - comment(a): $32.40

2019-05-06 15:51:30 - [MESSAGE][INFO] - $32.40

2019-05-06 15:51:30 - [TEST_STEP][PASSED] - b = a.substring(1): null

2019-05-06 15:51:30 - [TEST_STEP][PASSED] - comment(b): 32.40

2019-05-06 15:51:30 - [MESSAGE][INFO] - 32.40

2019-05-06 15:51:30 - [TEST_STEP][PASSED] - setText(findTestObject("cart flyout_OR/Page_Shishkaberry  Ontario Cannabis/input_-_updates"), "3"): Text '3' is set on object 'Object Repository/cart flyout_OR/Page_Shishkaberry  Ontario Cannabis/input_-_updates'

2019-05-06 15:51:31 - [MESSAGE][PASSED] - Text '3' is set on object 'Object Repository/cart flyout_OR/Page_Shishkaberry  Ontario Cannabis/input_-_updates'

2019-05-06 15:51:31 - [TEST_STEP][PASSED] - delay(2): Delayed 2 second(s)

2019-05-06 15:51:33 - [MESSAGE][PASSED] - Delayed 2 second(s)

2019-05-06 15:51:33 - [TEST_STEP][PASSED] - click(findTestObject("Object Repository/cart flyout_OR/Page_Shishkaberry  Ontario Cannabis/i__icon--plus")): Object: 'Object Repository/cart flyout_OR/Page_Shishkaberry  Ontario Cannabis/i__icon--plus' is clicked on

2019-05-06 15:51:33 - [MESSAGE][PASSED] - Object: 'Object Repository/cart flyout_OR/Page_Shishkaberry  Ontario Cannabis/i__icon--plus' is clicked on

2019-05-06 15:51:33 - [TEST_STEP][PASSED] - delay(2): Delayed 2 second(s)

2019-05-06 15:51:35 - [MESSAGE][PASSED] - Delayed 2 second(s)

2019-05-06 15:51:35 - [TEST_STEP][PASSED] - click(findTestObject("Object Repository/cart flyout_OR/Page_Shishkaberry  Ontario Cannabis/i__icon--plus")): Object: 'Object Repository/cart flyout_OR/Page_Shishkaberry  Ontario Cannabis/i__icon--plus' is clicked on

2019-05-06 15:51:35 - [MESSAGE][PASSED] - Object: 'Object Repository/cart flyout_OR/Page_Shishkaberry  Ontario Cannabis/i__icon--plus' is clicked on

2019-05-06 15:51:35 - [TEST_STEP][PASSED] - delay(2): Delayed 2 second(s)

2019-05-06 15:51:37 - [MESSAGE][PASSED] - Delayed 2 second(s)

2019-05-06 15:51:37 - [TEST_STEP][PASSED] - click(findTestObject("Object Repository/cart flyout_OR/Page_Shishkaberry  Ontario Cannabis/i__icon--plus")): Object: 'Object Repository/cart flyout_OR/Page_Shishkaberry  Ontario Cannabis/i__icon--plus' is clicked on

2019-05-06 15:51:37 - [MESSAGE][PASSED] - Object: 'Object Repository/cart flyout_OR/Page_Shishkaberry  Ontario Cannabis/i__icon--plus' is clicked on

2019-05-06 15:51:37 - [TEST_STEP][PASSED] - delay(2): Delayed 2 second(s)

2019-05-06 15:51:39 - [MESSAGE][PASSED] - Delayed 2 second(s)

2019-05-06 15:51:39 - [TEST_STEP][PASSED] - c = getText(findTestObject("Object Repository/cart flyout_OR/Page_Shishkaberry  Ontario Cannabis/div_129.60 (1)")): Text of object 'Object Repository/cart flyout_OR/Page_Shishkaberry  Ontario Cannabis/div_129.60 (1)' is: '$194.40'

2019-05-06 15:51:40 - [MESSAGE][PASSED] - Text of object 'Object Repository/cart flyout_OR/Page_Shishkaberry  Ontario Cannabis/div_129.60 (1)' is: '$194.40'

2019-05-06 15:51:40 - [TEST_STEP][PASSED] - comment(c): $194.40

2019-05-06 15:51:40 - [MESSAGE][INFO] - $194.40

2019-05-06 15:51:40 - [TEST_STEP][PASSED] - d = c.substring(1): null

2019-05-06 15:51:40 - [TEST_STEP][PASSED] - comment(d): 194.40

2019-05-06 15:51:40 - [MESSAGE][INFO] - 194.40

2019-05-06 15:51:40 - [TEST_STEP][PASSED] - verifyNotEqual("c", "d"): Actual object 'c' and expected object 'd' are not equal

2019-05-06 15:51:40 - [MESSAGE][PASSED] - Actual object 'c' and expected object 'd' are not equal

2019-05-06 15:51:40 - [TEST_STEP][PASSED] - comment(" price changed . Quantity selector is working"):  price changed . Quantity selector is working

2019-05-06 15:51:40 - [MESSAGE][INFO] -  price changed . Quantity selector is working

2019-05-06 15:51:40 - [TEST_STEP][PASSED] - openBrowser(""): Browser is opened with url: ''

2019-05-06 15:51:40 - [MESSAGE][WARNING] - A browser is already opened. Closing browser and opening a new one

2019-05-06 15:51:41 - [MESSAGE][INFO] - Starting 'Remote' driver

2019-05-06 15:51:41 - [MESSAGE][INFO] - User set preference: ['os', 'windows']

2019-05-06 15:51:41 - [MESSAGE][INFO] - User set preference: ['os_version', '10']

2019-05-06 15:51:41 - [MESSAGE][INFO] - User set preference: ['browser', 'Chrome']

2019-05-06 15:51:41 - [MESSAGE][INFO] - User set preference: ['browser_version', '74']

2019-05-06 15:51:41 - [MESSAGE][INFO] - User set preference: ['resolution', '1280x800']

2019-05-06 15:51:41 - [MESSAGE][INFO] - Connecting to remote web server 'https://dianatest3:Z3oqw9ysqTeRQJq5wFCp@hub-cloud.browserstack.com/wd/hub' with type 'Selenium'

2019-05-06 15:51:47 - [MESSAGE][PASSED] - Browser is opened with url: '']]></system-out>
         <system-err><![CDATA[]]></system-err>
      </testcase>
      <testcase name="Test Cases/OCS- CRITICAL PATH/Cart flyout- decrease qty" classname="Test Cases/OCS- CRITICAL PATH/Cart flyout- decrease qty" status="PASSED">
         <system-out><![CDATA[2019-05-06 15:51:47 - [TEST_CASE][PASSED] - Test Cases/OCS- CRITICAL PATH/Cart flyout- decrease qty: Test Cases/OCS- CRITICAL PATH/Cart flyout- decrease qty

2019-05-06 15:51:48 - [TEST_STEP][PASSED] - openBrowser(""): Browser is opened with url: ''

2019-05-06 15:51:48 - [MESSAGE][WARNING] - A browser is already opened. Closing browser and opening a new one

2019-05-06 15:51:53 - [MESSAGE][INFO] - Starting 'Remote' driver

2019-05-06 15:51:53 - [MESSAGE][INFO] - User set preference: ['os', 'windows']

2019-05-06 15:51:53 - [MESSAGE][INFO] - User set preference: ['os_version', '10']

2019-05-06 15:51:53 - [MESSAGE][INFO] - User set preference: ['browser', 'Chrome']

2019-05-06 15:51:53 - [MESSAGE][INFO] - User set preference: ['browser_version', '74']

2019-05-06 15:51:53 - [MESSAGE][INFO] - User set preference: ['resolution', '1280x800']

2019-05-06 15:51:53 - [MESSAGE][INFO] - Connecting to remote web server 'https://dianatest3:Z3oqw9ysqTeRQJq5wFCp@hub-cloud.browserstack.com/wd/hub' with type 'Selenium'

2019-05-06 15:51:59 - [MESSAGE][PASSED] - Browser is opened with url: ''

2019-05-06 15:51:59 - [TEST_STEP][PASSED] - navigateToUrl("https://ocs.ca/?fts=0&preview_theme_id=53372913484"): Navigate to 'https://ocs.ca/?fts=0&preview_theme_id=53372913484' successfully

2019-05-06 15:52:09 - [MESSAGE][PASSED] - Navigate to 'https://ocs.ca/?fts=0&preview_theme_id=53372913484' successfully

2019-05-06 15:52:09 - [TEST_STEP][PASSED] - click(findTestObject("Object Repository/Theme_oR/Page_Ontario Cannabis Store  Ontari/button_Close preview")): Object: 'Object Repository/Theme_oR/Page_Ontario Cannabis Store  Ontari/button_Close preview' is clicked on

2019-05-06 15:52:14 - [MESSAGE][PASSED] - Object: 'Object Repository/Theme_oR/Page_Ontario Cannabis Store  Ontari/button_Close preview' is clicked on

2019-05-06 15:52:14 - [TEST_STEP][PASSED] - maximizeWindow(): Current window maximized

2019-05-06 15:52:15 - [MESSAGE][PASSED] - Current window maximized

2019-05-06 15:52:15 - [TEST_STEP][PASSED] - selectOptionByValue(findTestObject("OCS_CRITICAL PATH/Cartflyout-decrease qty _OR/Page_Ontario Cannabis Store  Ontari/select_Select01020304050607080"), "18", true): All options with value '18' are selected in object 'Object Repository/OCS_CRITICAL PATH/Cartflyout-decrease qty _OR/Page_Ontario Cannabis Store  Ontari/select_Select01020304050607080'  using regular expression

2019-05-06 15:52:23 - [MESSAGE][PASSED] - All options with value '18' are selected in object 'Object Repository/OCS_CRITICAL PATH/Cartflyout-decrease qty _OR/Page_Ontario Cannabis Store  Ontari/select_Select01020304050607080'  using regular expression

2019-05-06 15:52:23 - [TEST_STEP][PASSED] - selectOptionByValue(findTestObject("OCS_CRITICAL PATH/Cartflyout-decrease qty _OR/Page_Ontario Cannabis Store  Ontari/select_SelectJanuary - 01Febru"), "9", true): All options with value '9' are selected in object 'Object Repository/OCS_CRITICAL PATH/Cartflyout-decrease qty _OR/Page_Ontario Cannabis Store  Ontari/select_SelectJanuary - 01Febru'  using regular expression

2019-05-06 15:52:26 - [MESSAGE][PASSED] - All options with value '9' are selected in object 'Object Repository/OCS_CRITICAL PATH/Cartflyout-decrease qty _OR/Page_Ontario Cannabis Store  Ontari/select_SelectJanuary - 01Febru'  using regular expression

2019-05-06 15:52:26 - [TEST_STEP][PASSED] - selectOptionByValue(findTestObject("OCS_CRITICAL PATH/Cartflyout-decrease qty _OR/Page_Ontario Cannabis Store  Ontari/select_Select20182017201620152"), "1933", true): All options with value '1933' are selected in object 'Object Repository/OCS_CRITICAL PATH/Cartflyout-decrease qty _OR/Page_Ontario Cannabis Store  Ontari/select_Select20182017201620152'  using regular expression

2019-05-06 15:52:45 - [MESSAGE][PASSED] - All options with value '1933' are selected in object 'Object Repository/OCS_CRITICAL PATH/Cartflyout-decrease qty _OR/Page_Ontario Cannabis Store  Ontari/select_Select20182017201620152'  using regular expression

2019-05-06 15:52:45 - [TEST_STEP][PASSED] - click(findTestObject("OCS_CRITICAL PATH/Cartflyout-decrease qty _OR/Page_Ontario Cannabis Store  Ontari/button_Verify")): Object: 'Object Repository/OCS_CRITICAL PATH/Cartflyout-decrease qty _OR/Page_Ontario Cannabis Store  Ontari/button_Verify' is clicked on

2019-05-06 15:52:45 - [MESSAGE][PASSED] - Object: 'Object Repository/OCS_CRITICAL PATH/Cartflyout-decrease qty _OR/Page_Ontario Cannabis Store  Ontari/button_Verify' is clicked on

2019-05-06 15:52:45 - [TEST_STEP][PASSED] - click(findTestObject("OCS_CRITICAL PATH/Cartflyout-decrease qty _OR/Page_Ontario Cannabis Store  Ontari/span_CONFIRM AND ACKNOWLEDGE_c")): Object: 'Object Repository/OCS_CRITICAL PATH/Cartflyout-decrease qty _OR/Page_Ontario Cannabis Store  Ontari/span_CONFIRM AND ACKNOWLEDGE_c' is clicked on

2019-05-06 15:52:46 - [MESSAGE][PASSED] - Object: 'Object Repository/OCS_CRITICAL PATH/Cartflyout-decrease qty _OR/Page_Ontario Cannabis Store  Ontari/span_CONFIRM AND ACKNOWLEDGE_c' is clicked on

2019-05-06 15:52:46 - [TEST_STEP][PASSED] - click(findTestObject("OCS_CRITICAL PATH/Cartflyout-decrease qty _OR/Page_Ontario Cannabis Store  Ontari/button_CONFIRM")): Object: 'Object Repository/OCS_CRITICAL PATH/Cartflyout-decrease qty _OR/Page_Ontario Cannabis Store  Ontari/button_CONFIRM' is clicked on

2019-05-06 15:52:46 - [MESSAGE][PASSED] - Object: 'Object Repository/OCS_CRITICAL PATH/Cartflyout-decrease qty _OR/Page_Ontario Cannabis Store  Ontari/button_CONFIRM' is clicked on

2019-05-06 15:52:46 - [TEST_STEP][PASSED] - click(findTestObject("OCS_CRITICAL PATH/Cartflyout-decrease qty _OR/Page_Ontario Cannabis Store  Ontari/button_Start Browsing")): Object: 'Object Repository/OCS_CRITICAL PATH/Cartflyout-decrease qty _OR/Page_Ontario Cannabis Store  Ontari/button_Start Browsing' is clicked on

2019-05-06 15:52:46 - [MESSAGE][PASSED] - Object: 'Object Repository/OCS_CRITICAL PATH/Cartflyout-decrease qty _OR/Page_Ontario Cannabis Store  Ontari/button_Start Browsing' is clicked on

2019-05-06 15:52:46 - [TEST_STEP][PASSED] - delay(3): Delayed 3 second(s)

2019-05-06 15:52:49 - [MESSAGE][PASSED] - Delayed 3 second(s)

2019-05-06 15:52:49 - [TEST_STEP][PASSED] - mouseOver(findTestObject("OCS_CRITICAL PATH/Cartflyout-decrease qty _OR/Page_Ontario Cannabis Store  Ontari/h3_Cannabis")): Object: 'Object Repository/OCS_CRITICAL PATH/Cartflyout-decrease qty _OR/Page_Ontario Cannabis Store  Ontari/h3_Cannabis' is hovered

2019-05-06 15:52:50 - [MESSAGE][PASSED] - Object: 'Object Repository/OCS_CRITICAL PATH/Cartflyout-decrease qty _OR/Page_Ontario Cannabis Store  Ontari/h3_Cannabis' is hovered

2019-05-06 15:52:50 - [TEST_STEP][PASSED] - click(findTestObject("OCS_CRITICAL PATH/Cartflyout-decrease qty _OR/Page_Ontario Cannabis Store  Ontari/span_Indica Dominant")): Object: 'Object Repository/OCS_CRITICAL PATH/Cartflyout-decrease qty _OR/Page_Ontario Cannabis Store  Ontari/span_Indica Dominant' is clicked on

2019-05-06 15:52:52 - [MESSAGE][PASSED] - Object: 'Object Repository/OCS_CRITICAL PATH/Cartflyout-decrease qty _OR/Page_Ontario Cannabis Store  Ontari/span_Indica Dominant' is clicked on

2019-05-06 15:52:52 - [TEST_STEP][PASSED] - delay(3): Delayed 3 second(s)

2019-05-06 15:52:55 - [MESSAGE][PASSED] - Delayed 3 second(s)

2019-05-06 15:52:55 - [TEST_STEP][PASSED] - click(findTestObject("OCS_CRITICAL PATH/Cartflyout-decrease qty _OR/Page_Indica Dominant Dried Flower/h3_Shishkaberry")): Object: 'Object Repository/OCS_CRITICAL PATH/Cartflyout-decrease qty _OR/Page_Indica Dominant Dried Flower/h3_Shishkaberry' is clicked on

2019-05-06 15:53:01 - [MESSAGE][PASSED] - Object: 'Object Repository/OCS_CRITICAL PATH/Cartflyout-decrease qty _OR/Page_Indica Dominant Dried Flower/h3_Shishkaberry' is clicked on

2019-05-06 15:53:01 - [TEST_STEP][PASSED] - click(findTestObject("OCS_CRITICAL PATH/Cartflyout-decrease qty _OR/Page_Shishkaberry  Ontario Cannabis/div_3.5g")): Object: 'Object Repository/OCS_CRITICAL PATH/Cartflyout-decrease qty _OR/Page_Shishkaberry  Ontario Cannabis/div_3.5g' is clicked on

2019-05-06 15:53:01 - [MESSAGE][PASSED] - Object: 'Object Repository/OCS_CRITICAL PATH/Cartflyout-decrease qty _OR/Page_Shishkaberry  Ontario Cannabis/div_3.5g' is clicked on

2019-05-06 15:53:01 - [TEST_STEP][PASSED] - delay(3): Delayed 3 second(s)

2019-05-06 15:53:04 - [MESSAGE][PASSED] - Delayed 3 second(s)

2019-05-06 15:53:04 - [TEST_STEP][PASSED] - click(findTestObject("OCS_CRITICAL PATH/Cartflyout-decrease qty _OR/Page_Shishkaberry  Ontario Cannabis/button_")): Object: 'Object Repository/OCS_CRITICAL PATH/Cartflyout-decrease qty _OR/Page_Shishkaberry  Ontario Cannabis/button_' is clicked on

2019-05-06 15:53:05 - [MESSAGE][PASSED] - Object: 'Object Repository/OCS_CRITICAL PATH/Cartflyout-decrease qty _OR/Page_Shishkaberry  Ontario Cannabis/button_' is clicked on

2019-05-06 15:53:05 - [TEST_STEP][PASSED] - click(findTestObject("OCS_CRITICAL PATH/Cartflyout-decrease qty _OR/Page_Shishkaberry  Ontario Cannabis/button_")): Object: 'Object Repository/OCS_CRITICAL PATH/Cartflyout-decrease qty _OR/Page_Shishkaberry  Ontario Cannabis/button_' is clicked on

2019-05-06 15:53:05 - [MESSAGE][PASSED] - Object: 'Object Repository/OCS_CRITICAL PATH/Cartflyout-decrease qty _OR/Page_Shishkaberry  Ontario Cannabis/button_' is clicked on

2019-05-06 15:53:05 - [TEST_STEP][PASSED] - click(findTestObject("OCS_CRITICAL PATH/Cartflyout-decrease qty _OR/Page_Shishkaberry  Ontario Cannabis/button_")): Object: 'Object Repository/OCS_CRITICAL PATH/Cartflyout-decrease qty _OR/Page_Shishkaberry  Ontario Cannabis/button_' is clicked on

2019-05-06 15:53:05 - [MESSAGE][PASSED] - Object: 'Object Repository/OCS_CRITICAL PATH/Cartflyout-decrease qty _OR/Page_Shishkaberry  Ontario Cannabis/button_' is clicked on

2019-05-06 15:53:05 - [TEST_STEP][PASSED] - click(findTestObject("OCS_CRITICAL PATH/Cartflyout-decrease qty _OR/Page_Shishkaberry  Ontario Cannabis/button_")): Object: 'Object Repository/OCS_CRITICAL PATH/Cartflyout-decrease qty _OR/Page_Shishkaberry  Ontario Cannabis/button_' is clicked on

2019-05-06 15:53:06 - [MESSAGE][PASSED] - Object: 'Object Repository/OCS_CRITICAL PATH/Cartflyout-decrease qty _OR/Page_Shishkaberry  Ontario Cannabis/button_' is clicked on

2019-05-06 15:53:06 - [TEST_STEP][PASSED] - click(findTestObject("OCS_CRITICAL PATH/Cartflyout-decrease qty _OR/Page_Shishkaberry  Ontario Cannabis/button_")): Object: 'Object Repository/OCS_CRITICAL PATH/Cartflyout-decrease qty _OR/Page_Shishkaberry  Ontario Cannabis/button_' is clicked on

2019-05-06 15:53:06 - [MESSAGE][PASSED] - Object: 'Object Repository/OCS_CRITICAL PATH/Cartflyout-decrease qty _OR/Page_Shishkaberry  Ontario Cannabis/button_' is clicked on

2019-05-06 15:53:06 - [TEST_STEP][PASSED] - click(findTestObject("OCS_CRITICAL PATH/Cartflyout-decrease qty _OR/Page_Shishkaberry  Ontario Cannabis/span_Add to Bag")): Object: 'Object Repository/OCS_CRITICAL PATH/Cartflyout-decrease qty _OR/Page_Shishkaberry  Ontario Cannabis/span_Add to Bag' is clicked on

2019-05-06 15:53:06 - [MESSAGE][PASSED] - Object: 'Object Repository/OCS_CRITICAL PATH/Cartflyout-decrease qty _OR/Page_Shishkaberry  Ontario Cannabis/span_Add to Bag' is clicked on

2019-05-06 15:53:06 - [TEST_STEP][PASSED] - click(findTestObject("OCS_CRITICAL PATH/Cartflyout-decrease qty _OR/Page_Shishkaberry  Ontario Cannabis/div_-                         _1")): Object: 'Object Repository/OCS_CRITICAL PATH/Cartflyout-decrease qty _OR/Page_Shishkaberry  Ontario Cannabis/div_-                         _1' is clicked on

2019-05-06 15:53:08 - [MESSAGE][PASSED] - Object: 'Object Repository/OCS_CRITICAL PATH/Cartflyout-decrease qty _OR/Page_Shishkaberry  Ontario Cannabis/div_-                         _1' is clicked on

2019-05-06 15:53:08 - [TEST_STEP][PASSED] - a = getText(findTestObject("OCS_CRITICAL PATH/Cartflyout-decrease qty _OR/Page_Shishkaberry  Ontario Cannabis/Page_Shishkaberry  Ontario Cannabis/div_129.60")): Text of object 'Object Repository/OCS_CRITICAL PATH/Cartflyout-decrease qty _OR/Page_Shishkaberry  Ontario Cannabis/Page_Shishkaberry  Ontario Cannabis/div_129.60' is: '$194.40'

2019-05-06 15:53:08 - [MESSAGE][PASSED] - Text of object 'Object Repository/OCS_CRITICAL PATH/Cartflyout-decrease qty _OR/Page_Shishkaberry  Ontario Cannabis/Page_Shishkaberry  Ontario Cannabis/div_129.60' is: '$194.40'

2019-05-06 15:53:08 - [TEST_STEP][PASSED] - comment(a): $194.40

2019-05-06 15:53:08 - [MESSAGE][INFO] - $194.40

2019-05-06 15:53:08 - [TEST_STEP][PASSED] - b = a.substring(1): null

2019-05-06 15:53:08 - [TEST_STEP][PASSED] - comment(b): 194.40

2019-05-06 15:53:08 - [MESSAGE][INFO] - 194.40

2019-05-06 15:53:08 - [TEST_STEP][PASSED] - setText(findTestObject("OCS_CRITICAL PATH/Cartflyout-decrease qty _OR/Page_Shishkaberry  Ontario Cannabis/input_-_updates"), "5"): Text '5' is set on object 'Object Repository/OCS_CRITICAL PATH/Cartflyout-decrease qty _OR/Page_Shishkaberry  Ontario Cannabis/input_-_updates'

2019-05-06 15:53:08 - [MESSAGE][PASSED] - Text '5' is set on object 'Object Repository/OCS_CRITICAL PATH/Cartflyout-decrease qty _OR/Page_Shishkaberry  Ontario Cannabis/input_-_updates'

2019-05-06 15:53:08 - [TEST_STEP][PASSED] - setText(findTestObject("OCS_CRITICAL PATH/Cartflyout-decrease qty _OR/Page_Shishkaberry  Ontario Cannabis/input_-_updates"), "4"): Text '4' is set on object 'Object Repository/OCS_CRITICAL PATH/Cartflyout-decrease qty _OR/Page_Shishkaberry  Ontario Cannabis/input_-_updates'

2019-05-06 15:53:09 - [MESSAGE][PASSED] - Text '4' is set on object 'Object Repository/OCS_CRITICAL PATH/Cartflyout-decrease qty _OR/Page_Shishkaberry  Ontario Cannabis/input_-_updates'

2019-05-06 15:53:09 - [TEST_STEP][PASSED] - click(findTestObject("OCS_CRITICAL PATH/Cartflyout-decrease qty _OR/Page_Shishkaberry  Ontario Cannabis/i_-_icon--subtract")): Object: 'Object Repository/OCS_CRITICAL PATH/Cartflyout-decrease qty _OR/Page_Shishkaberry  Ontario Cannabis/i_-_icon--subtract' is clicked on

2019-05-06 15:53:09 - [MESSAGE][PASSED] - Object: 'Object Repository/OCS_CRITICAL PATH/Cartflyout-decrease qty _OR/Page_Shishkaberry  Ontario Cannabis/i_-_icon--subtract' is clicked on

2019-05-06 15:53:09 - [TEST_STEP][PASSED] - click(findTestObject("OCS_CRITICAL PATH/Cartflyout-decrease qty _OR/Page_Shishkaberry  Ontario Cannabis/i_-_icon--subtract")): Object: 'Object Repository/OCS_CRITICAL PATH/Cartflyout-decrease qty _OR/Page_Shishkaberry  Ontario Cannabis/i_-_icon--subtract' is clicked on

2019-05-06 15:53:10 - [MESSAGE][PASSED] - Object: 'Object Repository/OCS_CRITICAL PATH/Cartflyout-decrease qty _OR/Page_Shishkaberry  Ontario Cannabis/i_-_icon--subtract' is clicked on

2019-05-06 15:53:10 - [TEST_STEP][PASSED] - click(findTestObject("OCS_CRITICAL PATH/Cartflyout-decrease qty _OR/Page_Shishkaberry  Ontario Cannabis/i_-_icon--subtract")): Object: 'Object Repository/OCS_CRITICAL PATH/Cartflyout-decrease qty _OR/Page_Shishkaberry  Ontario Cannabis/i_-_icon--subtract' is clicked on

2019-05-06 15:53:10 - [MESSAGE][PASSED] - Object: 'Object Repository/OCS_CRITICAL PATH/Cartflyout-decrease qty _OR/Page_Shishkaberry  Ontario Cannabis/i_-_icon--subtract' is clicked on

2019-05-06 15:53:10 - [TEST_STEP][PASSED] - delay(5): Delayed 5 second(s)

2019-05-06 15:53:15 - [MESSAGE][PASSED] - Delayed 5 second(s)

2019-05-06 15:53:15 - [TEST_STEP][PASSED] - c = getText(findTestObject("OCS_CRITICAL PATH/Cartflyout-decrease qty _OR/Page_Shishkaberry  Ontario Cannabis/Page_Shishkaberry  Ontario Cannabis/div_129.60")): Text of object 'Object Repository/OCS_CRITICAL PATH/Cartflyout-decrease qty _OR/Page_Shishkaberry  Ontario Cannabis/Page_Shishkaberry  Ontario Cannabis/div_129.60' is: '$32.40'

2019-05-06 15:53:15 - [MESSAGE][PASSED] - Text of object 'Object Repository/OCS_CRITICAL PATH/Cartflyout-decrease qty _OR/Page_Shishkaberry  Ontario Cannabis/Page_Shishkaberry  Ontario Cannabis/div_129.60' is: '$32.40'

2019-05-06 15:53:15 - [TEST_STEP][PASSED] - comment(c): $32.40

2019-05-06 15:53:15 - [MESSAGE][INFO] - $32.40

2019-05-06 15:53:15 - [TEST_STEP][PASSED] - d = c.substring(1): null

2019-05-06 15:53:15 - [TEST_STEP][PASSED] - comment(d): 32.40

2019-05-06 15:53:15 - [MESSAGE][INFO] - 32.40

2019-05-06 15:53:15 - [TEST_STEP][PASSED] - verifyNotEqual("c", "d"): Actual object 'c' and expected object 'd' are not equal

2019-05-06 15:53:15 - [MESSAGE][PASSED] - Actual object 'c' and expected object 'd' are not equal

2019-05-06 15:53:15 - [TEST_STEP][PASSED] - comment(" price changed . Quantity selector is working"):  price changed . Quantity selector is working

2019-05-06 15:53:15 - [MESSAGE][INFO] -  price changed . Quantity selector is working]]></system-out>
         <system-err><![CDATA[]]></system-err>
      </testcase>
      <testcase name="Test Cases/OCS- CRITICAL PATH/Checkout - payment" classname="Test Cases/OCS- CRITICAL PATH/Checkout - payment" status="FAILED">
         <failure type="FAILED" message="Test Cases/OCS- CRITICAL PATH/Checkout - payment FAILED.
Reason:
com.kms.katalon.core.exception.StepFailedException: Unable to get text of object 'Object Repository/OCS_CRITICAL PATH/Checkout - payment/Page_Ontario Cannabis Store - Payme/div_Your payment details could' (Root cause: org.openqa.selenium.StaleElementReferenceException: stale element reference: element is not attached to the page document
  (Session info: chrome=74.0.3729.108)
  (Driver info: chromedriver=74.0.3729.6 (255758eccf3d244491b8a1317aa76e1ce10d57e9-refs/branch-heads/3729@{#29}),platform=Windows NT 10.0.17763 x86_64) (WARNING: The server did not provide any stacktrace information)
Command duration or timeout: 8.48 seconds
For documentation on this error, please visit: http://seleniumhq.org/exceptions/stale_element_reference.html
Build info: version: '2.53.0', revision: '35ae25b', time: '2016-03-15 17:00:58'
System info: host: '207-254-10-250', ip: '207.254.10.250', os.name: 'windows', os.arch: 'x86', os.version: '10.0', java.version: '1.8.0_181'
Driver info: org.openqa.selenium.chrome.ChromeDriver
Capabilities [{mobileEmulationEnabled=false, timeouts={implicit=0, pageLoad=300000, script=30000}, hasTouchScreen=false, platform=XP, acceptSslCerts=false, goog:chromeOptions={debuggerAddress=localhost:1704}, acceptInsecureCerts=false, webStorageEnabled=true, browserName=chrome, takesScreenshot=true, javascriptEnabled=true, setWindowRect=true, unexpectedAlertBehaviour=ignore, applicationCacheEnabled=false, rotatable=false, networkConnectionEnabled=false, chrome={chromedriverVersion=74.0.3729.6 (255758eccf3d244491b8a1317aa76e1ce10d57e9-refs/branch-heads/3729@{#29}), userDataDir=C:\Windows\proxy\scoped_dir10076_24824}, takesHeapSnapshot=true, pageLoadStrategy=normal, strictFileInteractability=false, databaseEnabled=false, handlesAlerts=true, version=74.0.3729.108, browserConnectionEnabled=false, proxy={}, nativeEvents=true, locationContextEnabled=true, cssSelectorsEnabled=true}]
Session ID: 4697706dc4bfc28c65f1bce1970e33f1
Command duration or timeout: 0 milliseconds)
	at com.kms.katalon.core.keyword.internal.KeywordMain.stepFailed(KeywordMain.groovy:36)
	at com.kms.katalon.core.webui.keyword.internal.WebUIKeywordMain.stepFailed(WebUIKeywordMain.groovy:65)
	at com.kms.katalon.core.webui.keyword.internal.WebUIKeywordMain.runKeyword(WebUIKeywordMain.groovy:27)
	at com.kms.katalon.core.webui.keyword.builtin.GetTextKeyword.getText(GetTextKeyword.groovy:88)
	at com.kms.katalon.core.webui.keyword.builtin.GetTextKeyword.execute(GetTextKeyword.groovy:67)
	at com.kms.katalon.core.keyword.internal.KeywordExecutor.executeKeywordForPlatform(KeywordExecutor.groovy:53)
	at com.kms.katalon.core.webui.keyword.WebUiBuiltInKeywords.getText(WebUiBuiltInKeywords.groovy:888)
	at com.kms.katalon.core.webui.keyword.WebUiBuiltInKeywords$getText$5.call(Unknown Source)
	at Checkout - payment.run(Checkout - payment:168)
	at com.kms.katalon.core.main.ScriptEngine.run(ScriptEngine.java:194)
	at com.kms.katalon.core.main.ScriptEngine.runScriptAsRawText(ScriptEngine.java:119)
	at com.kms.katalon.core.main.TestCaseExecutor.runScript(TestCaseExecutor.java:328)
	at com.kms.katalon.core.main.TestCaseExecutor.doExecute(TestCaseExecutor.java:319)
	at com.kms.katalon.core.main.TestCaseExecutor.processExecutionPhase(TestCaseExecutor.java:298)
	at com.kms.katalon.core.main.TestCaseExecutor.accessMainPhase(TestCaseExecutor.java:290)
	at com.kms.katalon.core.main.TestCaseExecutor.execute(TestCaseExecutor.java:224)
	at com.kms.katalon.core.main.TestSuiteExecutor.accessTestCaseMainPhase(TestSuiteExecutor.java:129)
	at com.kms.katalon.core.main.TestSuiteExecutor.accessTestSuiteMainPhase(TestSuiteExecutor.java:112)
	at com.kms.katalon.core.main.TestSuiteExecutor.execute(TestSuiteExecutor.java:81)
	at com.kms.katalon.core.main.TestCaseMain.startTestSuite(TestCaseMain.java:149)
	at com.kms.katalon.core.main.TestCaseMain$startTestSuite$0.call(Unknown Source)
	at TempTestSuite1557172220501.run(TempTestSuite1557172220501.groovy:36)
"/>
         <system-out><![CDATA[2019-05-06 15:53:15 - [TEST_CASE][FAILED] - Test Cases/OCS- CRITICAL PATH/Checkout - payment: Test Cases/OCS- CRITICAL PATH/Checkout - payment FAILED.
Reason:
com.kms.katalon.core.exception.StepFailedException: Unable to get text of object 'Object Repository/OCS_CRITICAL PATH/Checkout - payment/Page_Ontario Cannabis Store - Payme/div_Your payment details could' (Root cause: org.openqa.selenium.StaleElementReferenceException: stale element reference: element is not attached to the page document
  (Session info: chrome=74.0.3729.108)
  (Driver info: chromedriver=74.0.3729.6 (255758eccf3d244491b8a1317aa76e1ce10d57e9-refs/branch-heads/3729@{#29}),platform=Windows NT 10.0.17763 x86_64) (WARNING: The server did not provide any stacktrace information)
Command duration or timeout: 8.48 seconds
For documentation on this error, please visit: http://seleniumhq.org/exceptions/stale_element_reference.html
Build info: version: '2.53.0', revision: '35ae25b', time: '2016-03-15 17:00:58'
System info: host: '207-254-10-250', ip: '207.254.10.250', os.name: 'windows', os.arch: 'x86', os.version: '10.0', java.version: '1.8.0_181'
Driver info: org.openqa.selenium.chrome.ChromeDriver
Capabilities [{mobileEmulationEnabled=false, timeouts={implicit=0, pageLoad=300000, script=30000}, hasTouchScreen=false, platform=XP, acceptSslCerts=false, goog:chromeOptions={debuggerAddress=localhost:1704}, acceptInsecureCerts=false, webStorageEnabled=true, browserName=chrome, takesScreenshot=true, javascriptEnabled=true, setWindowRect=true, unexpectedAlertBehaviour=ignore, applicationCacheEnabled=false, rotatable=false, networkConnectionEnabled=false, chrome={chromedriverVersion=74.0.3729.6 (255758eccf3d244491b8a1317aa76e1ce10d57e9-refs/branch-heads/3729@{#29}), userDataDir=C:\Windows\proxy\scoped_dir10076_24824}, takesHeapSnapshot=true, pageLoadStrategy=normal, strictFileInteractability=false, databaseEnabled=false, handlesAlerts=true, version=74.0.3729.108, browserConnectionEnabled=false, proxy={}, nativeEvents=true, locationContextEnabled=true, cssSelectorsEnabled=true}]
Session ID: 4697706dc4bfc28c65f1bce1970e33f1
Command duration or timeout: 0 milliseconds)
	at com.kms.katalon.core.keyword.internal.KeywordMain.stepFailed(KeywordMain.groovy:36)
	at com.kms.katalon.core.webui.keyword.internal.WebUIKeywordMain.stepFailed(WebUIKeywordMain.groovy:65)
	at com.kms.katalon.core.webui.keyword.internal.WebUIKeywordMain.runKeyword(WebUIKeywordMain.groovy:27)
	at com.kms.katalon.core.webui.keyword.builtin.GetTextKeyword.getText(GetTextKeyword.groovy:88)
	at com.kms.katalon.core.webui.keyword.builtin.GetTextKeyword.execute(GetTextKeyword.groovy:67)
	at com.kms.katalon.core.keyword.internal.KeywordExecutor.executeKeywordForPlatform(KeywordExecutor.groovy:53)
	at com.kms.katalon.core.webui.keyword.WebUiBuiltInKeywords.getText(WebUiBuiltInKeywords.groovy:888)
	at com.kms.katalon.core.webui.keyword.WebUiBuiltInKeywords$getText$5.call(Unknown Source)
	at Checkout - payment.run(Checkout - payment:168)
	at com.kms.katalon.core.main.ScriptEngine.run(ScriptEngine.java:194)
	at com.kms.katalon.core.main.ScriptEngine.runScriptAsRawText(ScriptEngine.java:119)
	at com.kms.katalon.core.main.TestCaseExecutor.runScript(TestCaseExecutor.java:328)
	at com.kms.katalon.core.main.TestCaseExecutor.doExecute(TestCaseExecutor.java:319)
	at com.kms.katalon.core.main.TestCaseExecutor.processExecutionPhase(TestCaseExecutor.java:298)
	at com.kms.katalon.core.main.TestCaseExecutor.accessMainPhase(TestCaseExecutor.java:290)
	at com.kms.katalon.core.main.TestCaseExecutor.execute(TestCaseExecutor.java:224)
	at com.kms.katalon.core.main.TestSuiteExecutor.accessTestCaseMainPhase(TestSuiteExecutor.java:129)
	at com.kms.katalon.core.main.TestSuiteExecutor.accessTestSuiteMainPhase(TestSuiteExecutor.java:112)
	at com.kms.katalon.core.main.TestSuiteExecutor.execute(TestSuiteExecutor.java:81)
	at com.kms.katalon.core.main.TestCaseMain.startTestSuite(TestCaseMain.java:149)
	at com.kms.katalon.core.main.TestCaseMain$startTestSuite$0.call(Unknown Source)
	at TempTestSuite1557172220501.run(TempTestSuite1557172220501.groovy:36)


2019-05-06 15:53:15 - [TEST_STEP][PASSED] - openBrowser(""): Browser is opened with url: ''

2019-05-06 15:53:15 - [MESSAGE][WARNING] - A browser is already opened. Closing browser and opening a new one

2019-05-06 15:53:18 - [MESSAGE][INFO] - Starting 'Remote' driver

2019-05-06 15:53:18 - [MESSAGE][INFO] - User set preference: ['os', 'windows']

2019-05-06 15:53:18 - [MESSAGE][INFO] - User set preference: ['os_version', '10']

2019-05-06 15:53:18 - [MESSAGE][INFO] - User set preference: ['browser', 'Chrome']

2019-05-06 15:53:18 - [MESSAGE][INFO] - User set preference: ['browser_version', '74']

2019-05-06 15:53:18 - [MESSAGE][INFO] - User set preference: ['resolution', '1280x800']

2019-05-06 15:53:18 - [MESSAGE][INFO] - Connecting to remote web server 'https://dianatest3:Z3oqw9ysqTeRQJq5wFCp@hub-cloud.browserstack.com/wd/hub' with type 'Selenium'

2019-05-06 15:53:24 - [MESSAGE][PASSED] - Browser is opened with url: ''

2019-05-06 15:53:24 - [TEST_STEP][PASSED] - navigateToUrl("https://ocs.ca/?fts=0&preview_theme_id=53372913484"): Navigate to 'https://ocs.ca/?fts=0&preview_theme_id=53372913484' successfully

2019-05-06 15:53:31 - [MESSAGE][PASSED] - Navigate to 'https://ocs.ca/?fts=0&preview_theme_id=53372913484' successfully

2019-05-06 15:53:31 - [TEST_STEP][PASSED] - click(findTestObject("Object Repository/Theme_oR/Page_Ontario Cannabis Store  Ontari/button_Close preview")): Object: 'Object Repository/Theme_oR/Page_Ontario Cannabis Store  Ontari/button_Close preview' is clicked on

2019-05-06 15:53:36 - [MESSAGE][PASSED] - Object: 'Object Repository/Theme_oR/Page_Ontario Cannabis Store  Ontari/button_Close preview' is clicked on

2019-05-06 15:53:37 - [TEST_STEP][PASSED] - maximizeWindow(): Current window maximized

2019-05-06 15:53:38 - [MESSAGE][PASSED] - Current window maximized

2019-05-06 15:53:38 - [TEST_STEP][NOT_RUN] - click(findTestObject("Object Repository/Theme_oR/Page_Ontario Cannabis Store  Ontari/button_Close preview")): NOT_RUN: click(findTestObject("Object Repository/Theme_oR/Page_Ontario Cannabis Store  Ontari/button_Close preview"))

2019-05-06 15:53:38 - [MESSAGE][NOT_RUN] - NOT_RUN: click(findTestObject("Object Repository/Theme_oR/Page_Ontario Cannabis Store  Ontari/button_Close preview"))

2019-05-06 15:53:38 - [TEST_STEP][PASSED] - delay(3): Delayed 3 second(s)

2019-05-06 15:53:41 - [MESSAGE][PASSED] - Delayed 3 second(s)

2019-05-06 15:53:41 - [TEST_STEP][PASSED] - selectOptionByValue(findTestObject("OCS_CRITICAL PATH/Checkout - payment/Page_Ontario Cannabis Store  Ontari/select_Select01020304050607080"), "19", true): All options with value '19' are selected in object 'Object Repository/OCS_CRITICAL PATH/Checkout - payment/Page_Ontario Cannabis Store  Ontari/select_Select01020304050607080'  using regular expression

2019-05-06 15:53:46 - [MESSAGE][PASSED] - All options with value '19' are selected in object 'Object Repository/OCS_CRITICAL PATH/Checkout - payment/Page_Ontario Cannabis Store  Ontari/select_Select01020304050607080'  using regular expression

2019-05-06 15:53:46 - [TEST_STEP][PASSED] - selectOptionByValue(findTestObject("OCS_CRITICAL PATH/Checkout - payment/Page_Ontario Cannabis Store  Ontari/select_SelectJanuary - 01Febru"), "9", true): All options with value '9' are selected in object 'Object Repository/OCS_CRITICAL PATH/Checkout - payment/Page_Ontario Cannabis Store  Ontari/select_SelectJanuary - 01Febru'  using regular expression

2019-05-06 15:53:49 - [MESSAGE][PASSED] - All options with value '9' are selected in object 'Object Repository/OCS_CRITICAL PATH/Checkout - payment/Page_Ontario Cannabis Store  Ontari/select_SelectJanuary - 01Febru'  using regular expression

2019-05-06 15:53:49 - [TEST_STEP][PASSED] - selectOptionByValue(findTestObject("OCS_CRITICAL PATH/Checkout - payment/Page_Ontario Cannabis Store  Ontari/select_Select20182017201620152"), "1966", true): All options with value '1966' are selected in object 'Object Repository/OCS_CRITICAL PATH/Checkout - payment/Page_Ontario Cannabis Store  Ontari/select_Select20182017201620152'  using regular expression

2019-05-06 15:54:04 - [MESSAGE][PASSED] - All options with value '1966' are selected in object 'Object Repository/OCS_CRITICAL PATH/Checkout - payment/Page_Ontario Cannabis Store  Ontari/select_Select20182017201620152'  using regular expression

2019-05-06 15:54:04 - [TEST_STEP][PASSED] - delay(3): Delayed 3 second(s)

2019-05-06 15:54:07 - [MESSAGE][PASSED] - Delayed 3 second(s)

2019-05-06 15:54:07 - [TEST_STEP][PASSED] - click(findTestObject("OCS_CRITICAL PATH/Checkout - payment/Page_Ontario Cannabis Store  Ontari/button_Verify")): Object: 'Object Repository/OCS_CRITICAL PATH/Checkout - payment/Page_Ontario Cannabis Store  Ontari/button_Verify' is clicked on

2019-05-06 15:54:08 - [MESSAGE][PASSED] - Object: 'Object Repository/OCS_CRITICAL PATH/Checkout - payment/Page_Ontario Cannabis Store  Ontari/button_Verify' is clicked on

2019-05-06 15:54:08 - [TEST_STEP][PASSED] - click(findTestObject("OCS_CRITICAL PATH/Checkout - payment/Page_Ontario Cannabis Store  Ontari/span_CONFIRM AND ACKNOWLEDGE_c")): Object: 'Object Repository/OCS_CRITICAL PATH/Checkout - payment/Page_Ontario Cannabis Store  Ontari/span_CONFIRM AND ACKNOWLEDGE_c' is clicked on

2019-05-06 15:54:08 - [MESSAGE][PASSED] - Object: 'Object Repository/OCS_CRITICAL PATH/Checkout - payment/Page_Ontario Cannabis Store  Ontari/span_CONFIRM AND ACKNOWLEDGE_c' is clicked on

2019-05-06 15:54:08 - [TEST_STEP][PASSED] - click(findTestObject("OCS_CRITICAL PATH/Checkout - payment/Page_Ontario Cannabis Store  Ontari/button_CONFIRM")): Object: 'Object Repository/OCS_CRITICAL PATH/Checkout - payment/Page_Ontario Cannabis Store  Ontari/button_CONFIRM' is clicked on

2019-05-06 15:54:09 - [MESSAGE][PASSED] - Object: 'Object Repository/OCS_CRITICAL PATH/Checkout - payment/Page_Ontario Cannabis Store  Ontari/button_CONFIRM' is clicked on

2019-05-06 15:54:09 - [TEST_STEP][PASSED] - click(findTestObject("OCS_CRITICAL PATH/Checkout - payment/Page_Ontario Cannabis Store  Ontari/button_Start Browsing")): Object: 'Object Repository/OCS_CRITICAL PATH/Checkout - payment/Page_Ontario Cannabis Store  Ontari/button_Start Browsing' is clicked on

2019-05-06 15:54:09 - [MESSAGE][PASSED] - Object: 'Object Repository/OCS_CRITICAL PATH/Checkout - payment/Page_Ontario Cannabis Store  Ontari/button_Start Browsing' is clicked on

2019-05-06 15:54:09 - [TEST_STEP][PASSED] - delay(2): Delayed 2 second(s)

2019-05-06 15:54:11 - [MESSAGE][PASSED] - Delayed 2 second(s)

2019-05-06 15:54:11 - [TEST_STEP][PASSED] - mouseOver(findTestObject("OCS_CRITICAL PATH/Checkout - payment/Page_Ontario Cannabis Store  Ontari/h3_Cannabis")): Object: 'Object Repository/OCS_CRITICAL PATH/Checkout - payment/Page_Ontario Cannabis Store  Ontari/h3_Cannabis' is hovered

2019-05-06 15:54:11 - [MESSAGE][PASSED] - Object: 'Object Repository/OCS_CRITICAL PATH/Checkout - payment/Page_Ontario Cannabis Store  Ontari/h3_Cannabis' is hovered

2019-05-06 15:54:11 - [TEST_STEP][PASSED] - delay(2): Delayed 2 second(s)

2019-05-06 15:54:13 - [MESSAGE][PASSED] - Delayed 2 second(s)

2019-05-06 15:54:13 - [TEST_STEP][PASSED] - click(findTestObject("OCS_CRITICAL PATH/Checkout - payment/Page_Ontario Cannabis Store  Ontari/span_Indica Dominant")): Object: 'Object Repository/OCS_CRITICAL PATH/Checkout - payment/Page_Ontario Cannabis Store  Ontari/span_Indica Dominant' is clicked on

2019-05-06 15:54:17 - [MESSAGE][PASSED] - Object: 'Object Repository/OCS_CRITICAL PATH/Checkout - payment/Page_Ontario Cannabis Store  Ontari/span_Indica Dominant' is clicked on

2019-05-06 15:54:17 - [TEST_STEP][PASSED] - click(findTestObject("OCS_CRITICAL PATH/Checkout - payment/Page_Indica Dominant Dried Flower/h3_Shishkaberry")): Object: 'Object Repository/OCS_CRITICAL PATH/Checkout - payment/Page_Indica Dominant Dried Flower/h3_Shishkaberry' is clicked on

2019-05-06 15:54:23 - [MESSAGE][PASSED] - Object: 'Object Repository/OCS_CRITICAL PATH/Checkout - payment/Page_Indica Dominant Dried Flower/h3_Shishkaberry' is clicked on

2019-05-06 15:54:23 - [TEST_STEP][PASSED] - click(findTestObject("OCS_CRITICAL PATH/Checkout - payment/Page_Shishkaberry  Ontario Cannabis/label_3.5g")): Object: 'Object Repository/OCS_CRITICAL PATH/Checkout - payment/Page_Shishkaberry  Ontario Cannabis/label_3.5g' is clicked on

2019-05-06 15:54:23 - [MESSAGE][PASSED] - Object: 'Object Repository/OCS_CRITICAL PATH/Checkout - payment/Page_Shishkaberry  Ontario Cannabis/label_3.5g' is clicked on

2019-05-06 15:54:23 - [TEST_STEP][PASSED] - click(findTestObject("OCS_CRITICAL PATH/Checkout - payment/Page_Shishkaberry  Ontario Cannabis/button_")): Object: 'Object Repository/OCS_CRITICAL PATH/Checkout - payment/Page_Shishkaberry  Ontario Cannabis/button_' is clicked on

2019-05-06 15:54:23 - [MESSAGE][PASSED] - Object: 'Object Repository/OCS_CRITICAL PATH/Checkout - payment/Page_Shishkaberry  Ontario Cannabis/button_' is clicked on

2019-05-06 15:54:23 - [TEST_STEP][PASSED] - click(findTestObject("OCS_CRITICAL PATH/Checkout - payment/Page_Shishkaberry  Ontario Cannabis/button_")): Object: 'Object Repository/OCS_CRITICAL PATH/Checkout - payment/Page_Shishkaberry  Ontario Cannabis/button_' is clicked on

2019-05-06 15:54:24 - [MESSAGE][PASSED] - Object: 'Object Repository/OCS_CRITICAL PATH/Checkout - payment/Page_Shishkaberry  Ontario Cannabis/button_' is clicked on

2019-05-06 15:54:24 - [TEST_STEP][PASSED] - click(findTestObject("OCS_CRITICAL PATH/Checkout - payment/Page_Shishkaberry  Ontario Cannabis/button_")): Object: 'Object Repository/OCS_CRITICAL PATH/Checkout - payment/Page_Shishkaberry  Ontario Cannabis/button_' is clicked on

2019-05-06 15:54:24 - [MESSAGE][PASSED] - Object: 'Object Repository/OCS_CRITICAL PATH/Checkout - payment/Page_Shishkaberry  Ontario Cannabis/button_' is clicked on

2019-05-06 15:54:24 - [TEST_STEP][PASSED] - click(findTestObject("OCS_CRITICAL PATH/Checkout - payment/Page_Shishkaberry  Ontario Cannabis/button_Add to Bag129.60")): Object: 'Object Repository/OCS_CRITICAL PATH/Checkout - payment/Page_Shishkaberry  Ontario Cannabis/button_Add to Bag129.60' is clicked on

2019-05-06 15:54:24 - [MESSAGE][PASSED] - Object: 'Object Repository/OCS_CRITICAL PATH/Checkout - payment/Page_Shishkaberry  Ontario Cannabis/button_Add to Bag129.60' is clicked on

2019-05-06 15:54:24 - [TEST_STEP][PASSED] - click(findTestObject("OCS_CRITICAL PATH/Checkout - payment/Page_Shishkaberry  Ontario Cannabis/span_concat(I confirm that I")): Object: 'Object Repository/OCS_CRITICAL PATH/Checkout - payment/Page_Shishkaberry  Ontario Cannabis/span_concat(I confirm that I' is clicked on

2019-05-06 15:54:26 - [MESSAGE][PASSED] - Object: 'Object Repository/OCS_CRITICAL PATH/Checkout - payment/Page_Shishkaberry  Ontario Cannabis/span_concat(I confirm that I' is clicked on

2019-05-06 15:54:26 - [TEST_STEP][PASSED] - click(findTestObject("OCS_CRITICAL PATH/Checkout - payment/Page_Shishkaberry  Ontario Cannabis/span_Accept the_checkbox")): Object: 'Object Repository/OCS_CRITICAL PATH/Checkout - payment/Page_Shishkaberry  Ontario Cannabis/span_Accept the_checkbox' is clicked on

2019-05-06 15:54:26 - [MESSAGE][PASSED] - Object: 'Object Repository/OCS_CRITICAL PATH/Checkout - payment/Page_Shishkaberry  Ontario Cannabis/span_Accept the_checkbox' is clicked on

2019-05-06 15:54:26 - [TEST_STEP][PASSED] - delay(2): Delayed 2 second(s)

2019-05-06 15:54:28 - [MESSAGE][PASSED] - Delayed 2 second(s)

2019-05-06 15:54:28 - [TEST_STEP][PASSED] - click(findTestObject("OCS_CRITICAL PATH/Checkout - payment/Page_Shishkaberry  Ontario Cannabis/a_Checkout")): Object: 'Object Repository/OCS_CRITICAL PATH/Checkout - payment/Page_Shishkaberry  Ontario Cannabis/a_Checkout' is clicked on

2019-05-06 15:54:34 - [MESSAGE][PASSED] - Object: 'Object Repository/OCS_CRITICAL PATH/Checkout - payment/Page_Shishkaberry  Ontario Cannabis/a_Checkout' is clicked on

2019-05-06 15:54:34 - [TEST_STEP][PASSED] - setText(findTestObject("OCS_CRITICAL PATH/Checkout - payment/Page_Ontario Cannabis Store - Infor/input_Email_checkoutemail"), "suman@gmail.com"): Text 'suman@gmail.com' is set on object 'Object Repository/OCS_CRITICAL PATH/Checkout - payment/Page_Ontario Cannabis Store - Infor/input_Email_checkoutemail'

2019-05-06 15:54:35 - [MESSAGE][PASSED] - Text 'suman@gmail.com' is set on object 'Object Repository/OCS_CRITICAL PATH/Checkout - payment/Page_Ontario Cannabis Store - Infor/input_Email_checkoutemail'

2019-05-06 15:54:35 - [TEST_STEP][PASSED] - setText(findTestObject("OCS_CRITICAL PATH/Checkout - payment/Page_Ontario Cannabis Store - Infor/input_First name_checkoutshipp"), "suman"): Text 'suman' is set on object 'Object Repository/OCS_CRITICAL PATH/Checkout - payment/Page_Ontario Cannabis Store - Infor/input_First name_checkoutshipp'

2019-05-06 15:54:35 - [MESSAGE][PASSED] - Text 'suman' is set on object 'Object Repository/OCS_CRITICAL PATH/Checkout - payment/Page_Ontario Cannabis Store - Infor/input_First name_checkoutshipp'

2019-05-06 15:54:35 - [TEST_STEP][PASSED] - setText(findTestObject("OCS_CRITICAL PATH/Checkout - payment/Page_Ontario Cannabis Store - Infor/input_Last name_checkoutshippi"), "kompelly"): Text 'kompelly' is set on object 'Object Repository/OCS_CRITICAL PATH/Checkout - payment/Page_Ontario Cannabis Store - Infor/input_Last name_checkoutshippi'

2019-05-06 15:54:36 - [MESSAGE][PASSED] - Text 'kompelly' is set on object 'Object Repository/OCS_CRITICAL PATH/Checkout - payment/Page_Ontario Cannabis Store - Infor/input_Last name_checkoutshippi'

2019-05-06 15:54:36 - [TEST_STEP][PASSED] - setText(findTestObject("OCS_CRITICAL PATH/Checkout - payment/Page_Ontario Cannabis Store - Infor/input_Address_checkoutshipping"), "dfsbfmnsbfmnsbf"): Text 'dfsbfmnsbfmnsbf' is set on object 'Object Repository/OCS_CRITICAL PATH/Checkout - payment/Page_Ontario Cannabis Store - Infor/input_Address_checkoutshipping'

2019-05-06 15:54:36 - [MESSAGE][PASSED] - Text 'dfsbfmnsbfmnsbf' is set on object 'Object Repository/OCS_CRITICAL PATH/Checkout - payment/Page_Ontario Cannabis Store - Infor/input_Address_checkoutshipping'

2019-05-06 15:54:36 - [TEST_STEP][PASSED] - setText(findTestObject("OCS_CRITICAL PATH/Checkout - payment/Page_Ontario Cannabis Store - Infor/input_Apartment suite etc. (op"), "bnmbnb"): Text 'bnmbnb' is set on object 'Object Repository/OCS_CRITICAL PATH/Checkout - payment/Page_Ontario Cannabis Store - Infor/input_Apartment suite etc. (op'

2019-05-06 15:54:37 - [MESSAGE][PASSED] - Text 'bnmbnb' is set on object 'Object Repository/OCS_CRITICAL PATH/Checkout - payment/Page_Ontario Cannabis Store - Infor/input_Apartment suite etc. (op'

2019-05-06 15:54:37 - [TEST_STEP][PASSED] - setText(findTestObject("OCS_CRITICAL PATH/Checkout - payment/Page_Ontario Cannabis Store - Infor/input_City_checkoutshipping_ad"), "montreal"): Text 'montreal' is set on object 'Object Repository/OCS_CRITICAL PATH/Checkout - payment/Page_Ontario Cannabis Store - Infor/input_City_checkoutshipping_ad'

2019-05-06 15:54:38 - [MESSAGE][PASSED] - Text 'montreal' is set on object 'Object Repository/OCS_CRITICAL PATH/Checkout - payment/Page_Ontario Cannabis Store - Infor/input_City_checkoutshipping_ad'

2019-05-06 15:54:38 - [TEST_STEP][PASSED] - setText(findTestObject("OCS_CRITICAL PATH/Checkout - payment/Page_Ontario Cannabis Store - Infor/input_Postal code_checkoutship"), "n0r1k0"): Text 'n0r1k0' is set on object 'Object Repository/OCS_CRITICAL PATH/Checkout - payment/Page_Ontario Cannabis Store - Infor/input_Postal code_checkoutship'

2019-05-06 15:54:38 - [MESSAGE][PASSED] - Text 'n0r1k0' is set on object 'Object Repository/OCS_CRITICAL PATH/Checkout - payment/Page_Ontario Cannabis Store - Infor/input_Postal code_checkoutship'

2019-05-06 15:54:38 - [TEST_STEP][PASSED] - setText(findTestObject("OCS_CRITICAL PATH/Checkout - payment/Page_Ontario Cannabis Store - Infor/input_Phone_checkoutshipping_a"), "(514) 449-3882"): Text '(514) 449-3882' is set on object 'Object Repository/OCS_CRITICAL PATH/Checkout - payment/Page_Ontario Cannabis Store - Infor/input_Phone_checkoutshipping_a'

2019-05-06 15:54:39 - [MESSAGE][PASSED] - Text '(514) 449-3882' is set on object 'Object Repository/OCS_CRITICAL PATH/Checkout - payment/Page_Ontario Cannabis Store - Infor/input_Phone_checkoutshipping_a'

2019-05-06 15:54:39 - [TEST_STEP][PASSED] - delay(2): Delayed 2 second(s)

2019-05-06 15:54:41 - [MESSAGE][PASSED] - Delayed 2 second(s)

2019-05-06 15:54:41 - [TEST_STEP][PASSED] - click(findTestObject("OCS_CRITICAL PATH/Checkout - payment/Page_Ontario Cannabis Store - Infor/button_Continue to shipping me")): Object: 'Object Repository/OCS_CRITICAL PATH/Checkout - payment/Page_Ontario Cannabis Store - Infor/button_Continue to shipping me' is clicked on

2019-05-06 15:54:43 - [MESSAGE][PASSED] - Object: 'Object Repository/OCS_CRITICAL PATH/Checkout - payment/Page_Ontario Cannabis Store - Infor/button_Continue to shipping me' is clicked on

2019-05-06 15:54:43 - [TEST_STEP][PASSED] - delay(2): Delayed 2 second(s)

2019-05-06 15:54:45 - [MESSAGE][PASSED] - Delayed 2 second(s)

2019-05-06 15:54:45 - [TEST_STEP][PASSED] - click(findTestObject("OCS_CRITICAL PATH/Checkout - payment/Page_Ontario Cannabis Store - Shipp/button_Continue to payment met")): Object: 'Object Repository/OCS_CRITICAL PATH/Checkout - payment/Page_Ontario Cannabis Store - Shipp/button_Continue to payment met' is clicked on

2019-05-06 15:54:48 - [MESSAGE][PASSED] - Object: 'Object Repository/OCS_CRITICAL PATH/Checkout - payment/Page_Ontario Cannabis Store - Shipp/button_Continue to payment met' is clicked on

2019-05-06 15:54:48 - [TEST_STEP][PASSED] - click(findTestObject("OCS_CRITICAL PATH/Checkout - payment/Page_Ontario Cannabis Store - Payme/a_Shipping")): Object: 'Object Repository/OCS_CRITICAL PATH/Checkout - payment/Page_Ontario Cannabis Store - Payme/a_Shipping' is clicked on

2019-05-06 15:54:50 - [MESSAGE][PASSED] - Object: 'Object Repository/OCS_CRITICAL PATH/Checkout - payment/Page_Ontario Cannabis Store - Payme/a_Shipping' is clicked on

2019-05-06 15:54:50 - [TEST_STEP][PASSED] - click(findTestObject("OCS_CRITICAL PATH/Checkout - payment/Page_Ontario Cannabis Store - Shipp/button_Continue to payment met")): Object: 'Object Repository/OCS_CRITICAL PATH/Checkout - payment/Page_Ontario Cannabis Store - Shipp/button_Continue to payment met' is clicked on

2019-05-06 15:54:52 - [MESSAGE][PASSED] - Object: 'Object Repository/OCS_CRITICAL PATH/Checkout - payment/Page_Ontario Cannabis Store - Shipp/button_Continue to payment met' is clicked on

2019-05-06 15:54:52 - [TEST_STEP][PASSED] - click(findTestObject("OCS_CRITICAL PATH/Checkout - payment/Page_Ontario Cannabis Store - Payme/a_Information")): Object: 'Object Repository/OCS_CRITICAL PATH/Checkout - payment/Page_Ontario Cannabis Store - Payme/a_Information' is clicked on

2019-05-06 15:54:54 - [MESSAGE][PASSED] - Object: 'Object Repository/OCS_CRITICAL PATH/Checkout - payment/Page_Ontario Cannabis Store - Payme/a_Information' is clicked on

2019-05-06 15:54:54 - [TEST_STEP][PASSED] - click(findTestObject("OCS_CRITICAL PATH/Checkout - payment/Page_Ontario Cannabis Store - Infor/button_Continue to shipping me")): Object: 'Object Repository/OCS_CRITICAL PATH/Checkout - payment/Page_Ontario Cannabis Store - Infor/button_Continue to shipping me' is clicked on

2019-05-06 15:54:56 - [MESSAGE][PASSED] - Object: 'Object Repository/OCS_CRITICAL PATH/Checkout - payment/Page_Ontario Cannabis Store - Infor/button_Continue to shipping me' is clicked on

2019-05-06 15:54:56 - [TEST_STEP][PASSED] - click(findTestObject("OCS_CRITICAL PATH/Checkout - payment/Page_Ontario Cannabis Store - Shipp/a_Cart")): Object: 'Object Repository/OCS_CRITICAL PATH/Checkout - payment/Page_Ontario Cannabis Store - Shipp/a_Cart' is clicked on

2019-05-06 15:54:58 - [MESSAGE][PASSED] - Object: 'Object Repository/OCS_CRITICAL PATH/Checkout - payment/Page_Ontario Cannabis Store - Shipp/a_Cart' is clicked on

2019-05-06 15:54:58 - [TEST_STEP][PASSED] - delay(2): Delayed 2 second(s)

2019-05-06 15:55:00 - [MESSAGE][PASSED] - Delayed 2 second(s)

2019-05-06 15:55:00 - [TEST_STEP][PASSED] - click(findTestObject("OCS_CRITICAL PATH/Checkout - payment/Page_Your Shopping Cart  Ontario Ca/span_concat(I confirm that I")): Object: 'Object Repository/OCS_CRITICAL PATH/Checkout - payment/Page_Your Shopping Cart  Ontario Ca/span_concat(I confirm that I' is clicked on

2019-05-06 15:55:00 - [MESSAGE][PASSED] - Object: 'Object Repository/OCS_CRITICAL PATH/Checkout - payment/Page_Your Shopping Cart  Ontario Ca/span_concat(I confirm that I' is clicked on

2019-05-06 15:55:00 - [TEST_STEP][PASSED] - delay(2): Delayed 2 second(s)

2019-05-06 15:55:02 - [MESSAGE][PASSED] - Delayed 2 second(s)

2019-05-06 15:55:02 - [TEST_STEP][PASSED] - click(findTestObject("OCS_CRITICAL PATH/Checkout - payment/Page_Your Shopping Cart  Ontario Ca/span_Accept the_checkbox")): Object: 'Object Repository/OCS_CRITICAL PATH/Checkout - payment/Page_Your Shopping Cart  Ontario Ca/span_Accept the_checkbox' is clicked on

2019-05-06 15:55:02 - [MESSAGE][PASSED] - Object: 'Object Repository/OCS_CRITICAL PATH/Checkout - payment/Page_Your Shopping Cart  Ontario Ca/span_Accept the_checkbox' is clicked on

2019-05-06 15:55:02 - [TEST_STEP][PASSED] - delay(2): Delayed 2 second(s)

2019-05-06 15:55:04 - [MESSAGE][PASSED] - Delayed 2 second(s)

2019-05-06 15:55:04 - [TEST_STEP][PASSED] - click(findTestObject("OCS_CRITICAL PATH/Checkout - payment/Page_Your Shopping Cart  Ontario Ca/a_Checkout")): Object: 'Object Repository/OCS_CRITICAL PATH/Checkout - payment/Page_Your Shopping Cart  Ontario Ca/a_Checkout' is clicked on

2019-05-06 15:55:07 - [MESSAGE][PASSED] - Object: 'Object Repository/OCS_CRITICAL PATH/Checkout - payment/Page_Your Shopping Cart  Ontario Ca/a_Checkout' is clicked on

2019-05-06 15:55:07 - [TEST_STEP][PASSED] - delay(2): Delayed 2 second(s)

2019-05-06 15:55:09 - [MESSAGE][PASSED] - Delayed 2 second(s)

2019-05-06 15:55:09 - [TEST_STEP][PASSED] - click(findTestObject("OCS_CRITICAL PATH/Checkout - payment/Page_Ontario Cannabis Store - Payme/span_Change")): Object: 'Object Repository/OCS_CRITICAL PATH/Checkout - payment/Page_Ontario Cannabis Store - Payme/span_Change' is clicked on

2019-05-06 15:55:11 - [MESSAGE][PASSED] - Object: 'Object Repository/OCS_CRITICAL PATH/Checkout - payment/Page_Ontario Cannabis Store - Payme/span_Change' is clicked on

2019-05-06 15:55:11 - [TEST_STEP][PASSED] - delay(2): Delayed 2 second(s)

2019-05-06 15:55:13 - [MESSAGE][PASSED] - Delayed 2 second(s)

2019-05-06 15:55:13 - [TEST_STEP][PASSED] - click(findTestObject("OCS_CRITICAL PATH/Checkout - payment/Page_Ontario Cannabis Store - Infor/button_Continue to shipping me")): Object: 'Object Repository/OCS_CRITICAL PATH/Checkout - payment/Page_Ontario Cannabis Store - Infor/button_Continue to shipping me' is clicked on

2019-05-06 15:55:15 - [MESSAGE][PASSED] - Object: 'Object Repository/OCS_CRITICAL PATH/Checkout - payment/Page_Ontario Cannabis Store - Infor/button_Continue to shipping me' is clicked on

2019-05-06 15:55:15 - [TEST_STEP][PASSED] - click(findTestObject("OCS_CRITICAL PATH/Checkout - payment/Page_Ontario Cannabis Store - Shipp/button_Continue to payment met")): Object: 'Object Repository/OCS_CRITICAL PATH/Checkout - payment/Page_Ontario Cannabis Store - Shipp/button_Continue to payment met' is clicked on

2019-05-06 15:55:21 - [MESSAGE][PASSED] - Object: 'Object Repository/OCS_CRITICAL PATH/Checkout - payment/Page_Ontario Cannabis Store - Shipp/button_Continue to payment met' is clicked on

2019-05-06 15:55:21 - [TEST_STEP][PASSED] - delay(2): Delayed 2 second(s)

2019-05-06 15:55:23 - [MESSAGE][PASSED] - Delayed 2 second(s)

2019-05-06 15:55:23 - [TEST_STEP][PASSED] - click(findTestObject("OCS_CRITICAL PATH/Checkout - payment/Page_Ontario Cannabis Store - Payme/span_Change")): Object: 'Object Repository/OCS_CRITICAL PATH/Checkout - payment/Page_Ontario Cannabis Store - Payme/span_Change' is clicked on

2019-05-06 15:55:30 - [MESSAGE][PASSED] - Object: 'Object Repository/OCS_CRITICAL PATH/Checkout - payment/Page_Ontario Cannabis Store - Payme/span_Change' is clicked on

2019-05-06 15:55:30 - [TEST_STEP][PASSED] - delay(2): Delayed 2 second(s)

2019-05-06 15:55:32 - [MESSAGE][PASSED] - Delayed 2 second(s)

2019-05-06 15:55:32 - [TEST_STEP][PASSED] - click(findTestObject("OCS_CRITICAL PATH/Checkout - payment/Page_Ontario Cannabis Store - Infor/button_Continue to shipping me")): Object: 'Object Repository/OCS_CRITICAL PATH/Checkout - payment/Page_Ontario Cannabis Store - Infor/button_Continue to shipping me' is clicked on

2019-05-06 15:55:40 - [MESSAGE][PASSED] - Object: 'Object Repository/OCS_CRITICAL PATH/Checkout - payment/Page_Ontario Cannabis Store - Infor/button_Continue to shipping me' is clicked on

2019-05-06 15:55:40 - [TEST_STEP][PASSED] - click(findTestObject("OCS_CRITICAL PATH/Checkout - payment/Page_Ontario Cannabis Store - Shipp/button_Continue to payment met")): Object: 'Object Repository/OCS_CRITICAL PATH/Checkout - payment/Page_Ontario Cannabis Store - Shipp/button_Continue to payment met' is clicked on

2019-05-06 15:55:49 - [MESSAGE][PASSED] - Object: 'Object Repository/OCS_CRITICAL PATH/Checkout - payment/Page_Ontario Cannabis Store - Shipp/button_Continue to payment met' is clicked on

2019-05-06 15:55:49 - [TEST_STEP][PASSED] - click(findTestObject("OCS_CRITICAL PATH/Checkout - payment/Page_Ontario Cannabis Store - Payme/input_Same as shipping address")): Object: 'Object Repository/OCS_CRITICAL PATH/Checkout - payment/Page_Ontario Cannabis Store - Payme/input_Same as shipping address' is clicked on

2019-05-06 15:55:50 - [MESSAGE][PASSED] - Object: 'Object Repository/OCS_CRITICAL PATH/Checkout - payment/Page_Ontario Cannabis Store - Payme/input_Same as shipping address' is clicked on

2019-05-06 15:55:50 - [TEST_STEP][PASSED] - setText(findTestObject("OCS_CRITICAL PATH/Checkout - payment/Page_Ontario Cannabis Store - Payme/input_Address_checkoutbilling_"), "1650 de maoisonnueve"): Text '1650 de maoisonnueve' is set on object 'Object Repository/OCS_CRITICAL PATH/Checkout - payment/Page_Ontario Cannabis Store - Payme/input_Address_checkoutbilling_'

2019-05-06 15:55:51 - [MESSAGE][PASSED] - Text '1650 de maoisonnueve' is set on object 'Object Repository/OCS_CRITICAL PATH/Checkout - payment/Page_Ontario Cannabis Store - Payme/input_Address_checkoutbilling_'

2019-05-06 15:55:51 - [TEST_STEP][PASSED] - setText(findTestObject("OCS_CRITICAL PATH/Checkout - payment/Page_Ontario Cannabis Store - Payme/input_Apartment suite etc. (op"), "8"): Text '8' is set on object 'Object Repository/OCS_CRITICAL PATH/Checkout - payment/Page_Ontario Cannabis Store - Payme/input_Apartment suite etc. (op'

2019-05-06 15:55:51 - [MESSAGE][PASSED] - Text '8' is set on object 'Object Repository/OCS_CRITICAL PATH/Checkout - payment/Page_Ontario Cannabis Store - Payme/input_Apartment suite etc. (op'

2019-05-06 15:55:51 - [TEST_STEP][PASSED] - setText(findTestObject("OCS_CRITICAL PATH/Checkout - payment/Page_Ontario Cannabis Store - Payme/input_City_checkoutbilling_add"), "montreal"): Text 'montreal' is set on object 'Object Repository/OCS_CRITICAL PATH/Checkout - payment/Page_Ontario Cannabis Store - Payme/input_City_checkoutbilling_add'

2019-05-06 15:55:52 - [MESSAGE][PASSED] - Text 'montreal' is set on object 'Object Repository/OCS_CRITICAL PATH/Checkout - payment/Page_Ontario Cannabis Store - Payme/input_City_checkoutbilling_add'

2019-05-06 15:55:52 - [TEST_STEP][PASSED] - setText(findTestObject("OCS_CRITICAL PATH/Checkout - payment/Page_Ontario Cannabis Store - Payme/input_Postal code_checkoutbill"), "h3h2p3"): Text 'h3h2p3' is set on object 'Object Repository/OCS_CRITICAL PATH/Checkout - payment/Page_Ontario Cannabis Store - Payme/input_Postal code_checkoutbill'

2019-05-06 15:55:53 - [MESSAGE][PASSED] - Text 'h3h2p3' is set on object 'Object Repository/OCS_CRITICAL PATH/Checkout - payment/Page_Ontario Cannabis Store - Payme/input_Postal code_checkoutbill'

2019-05-06 15:55:53 - [TEST_STEP][PASSED] - setText(findTestObject("OCS_CRITICAL PATH/Checkout - payment/Page_Ontario Cannabis Store - Payme/input_Phone_checkoutbilling_ad"), "(514) 449-3882"): Text '(514) 449-3882' is set on object 'Object Repository/OCS_CRITICAL PATH/Checkout - payment/Page_Ontario Cannabis Store - Payme/input_Phone_checkoutbilling_ad'

2019-05-06 15:55:54 - [MESSAGE][PASSED] - Text '(514) 449-3882' is set on object 'Object Repository/OCS_CRITICAL PATH/Checkout - payment/Page_Ontario Cannabis Store - Payme/input_Phone_checkoutbilling_ad'

2019-05-06 15:55:54 - [TEST_STEP][PASSED] - click(findTestObject("OCS_CRITICAL PATH/Checkout - payment/Page_Ontario Cannabis Store - Payme/button_Complete order")): Object: 'Object Repository/OCS_CRITICAL PATH/Checkout - payment/Page_Ontario Cannabis Store - Payme/button_Complete order' is clicked on

2019-05-06 15:55:54 - [MESSAGE][PASSED] - Object: 'Object Repository/OCS_CRITICAL PATH/Checkout - payment/Page_Ontario Cannabis Store - Payme/button_Complete order' is clicked on

2019-05-06 15:55:54 - [TEST_STEP][FAILED] - getText(findTestObject("OCS_CRITICAL PATH/Checkout - payment/Page_Ontario Cannabis Store - Payme/div_Your payment details could")): getText(findTestObject("OCS_CRITICAL PATH/Checkout - payment/Page_Ontario Cannabis Store - Payme/div_Your payment details could")) FAILED.
Reason:
com.kms.katalon.core.exception.StepFailedException: Unable to get text of object 'Object Repository/OCS_CRITICAL PATH/Checkout - payment/Page_Ontario Cannabis Store - Payme/div_Your payment details could' (Root cause: org.openqa.selenium.StaleElementReferenceException: stale element reference: element is not attached to the page document
  (Session info: chrome=74.0.3729.108)
  (Driver info: chromedriver=74.0.3729.6 (255758eccf3d244491b8a1317aa76e1ce10d57e9-refs/branch-heads/3729@{#29}),platform=Windows NT 10.0.17763 x86_64) (WARNING: The server did not provide any stacktrace information)
Command duration or timeout: 8.48 seconds
For documentation on this error, please visit: http://seleniumhq.org/exceptions/stale_element_reference.html
Build info: version: '2.53.0', revision: '35ae25b', time: '2016-03-15 17:00:58'
System info: host: '207-254-10-250', ip: '207.254.10.250', os.name: 'windows', os.arch: 'x86', os.version: '10.0', java.version: '1.8.0_181'
Driver info: org.openqa.selenium.chrome.ChromeDriver
Capabilities [{mobileEmulationEnabled=false, timeouts={implicit=0, pageLoad=300000, script=30000}, hasTouchScreen=false, platform=XP, acceptSslCerts=false, goog:chromeOptions={debuggerAddress=localhost:1704}, acceptInsecureCerts=false, webStorageEnabled=true, browserName=chrome, takesScreenshot=true, javascriptEnabled=true, setWindowRect=true, unexpectedAlertBehaviour=ignore, applicationCacheEnabled=false, rotatable=false, networkConnectionEnabled=false, chrome={chromedriverVersion=74.0.3729.6 (255758eccf3d244491b8a1317aa76e1ce10d57e9-refs/branch-heads/3729@{#29}), userDataDir=C:\Windows\proxy\scoped_dir10076_24824}, takesHeapSnapshot=true, pageLoadStrategy=normal, strictFileInteractability=false, databaseEnabled=false, handlesAlerts=true, version=74.0.3729.108, browserConnectionEnabled=false, proxy={}, nativeEvents=true, locationContextEnabled=true, cssSelectorsEnabled=true}]
Session ID: 4697706dc4bfc28c65f1bce1970e33f1
Command duration or timeout: 0 milliseconds)
	at com.kms.katalon.core.keyword.internal.KeywordMain.stepFailed(KeywordMain.groovy:36)
	at com.kms.katalon.core.webui.keyword.internal.WebUIKeywordMain.stepFailed(WebUIKeywordMain.groovy:65)
	at com.kms.katalon.core.webui.keyword.internal.WebUIKeywordMain.runKeyword(WebUIKeywordMain.groovy:27)
	at com.kms.katalon.core.webui.keyword.builtin.GetTextKeyword.getText(GetTextKeyword.groovy:88)
	at com.kms.katalon.core.webui.keyword.builtin.GetTextKeyword.execute(GetTextKeyword.groovy:67)
	at com.kms.katalon.core.keyword.internal.KeywordExecutor.executeKeywordForPlatform(KeywordExecutor.groovy:53)
	at com.kms.katalon.core.webui.keyword.WebUiBuiltInKeywords.getText(WebUiBuiltInKeywords.groovy:888)
	at com.kms.katalon.core.webui.keyword.WebUiBuiltInKeywords$getText$5.call(Unknown Source)
	at Checkout - payment.run(Checkout - payment:168)
	at com.kms.katalon.core.main.ScriptEngine.run(ScriptEngine.java:194)
	at com.kms.katalon.core.main.ScriptEngine.runScriptAsRawText(ScriptEngine.java:119)
	at com.kms.katalon.core.main.TestCaseExecutor.runScript(TestCaseExecutor.java:328)
	at com.kms.katalon.core.main.TestCaseExecutor.doExecute(TestCaseExecutor.java:319)
	at com.kms.katalon.core.main.TestCaseExecutor.processExecutionPhase(TestCaseExecutor.java:298)
	at com.kms.katalon.core.main.TestCaseExecutor.accessMainPhase(TestCaseExecutor.java:290)
	at com.kms.katalon.core.main.TestCaseExecutor.execute(TestCaseExecutor.java:224)
	at com.kms.katalon.core.main.TestSuiteExecutor.accessTestCaseMainPhase(TestSuiteExecutor.java:129)
	at com.kms.katalon.core.main.TestSuiteExecutor.accessTestSuiteMainPhase(TestSuiteExecutor.java:112)
	at com.kms.katalon.core.main.TestSuiteExecutor.execute(TestSuiteExecutor.java:81)
	at com.kms.katalon.core.main.TestCaseMain.startTestSuite(TestCaseMain.java:149)
	at com.kms.katalon.core.main.TestCaseMain$startTestSuite$0.call(Unknown Source)
	at TempTestSuite1557172220501.run(TempTestSuite1557172220501.groovy:36)


2019-05-06 15:56:05 - [MESSAGE][FAILED] - Unable to get text of object 'Object Repository/OCS_CRITICAL PATH/Checkout - payment/Page_Ontario Cannabis Store - Payme/div_Your payment details could' (Root cause: org.openqa.selenium.StaleElementReferenceException: stale element reference: element is not attached to the page document
  (Session info: chrome=74.0.3729.108)
  (Driver info: chromedriver=74.0.3729.6 (255758eccf3d244491b8a1317aa76e1ce10d57e9-refs/branch-heads/3729@{#29}),platform=Windows NT 10.0.17763 x86_64) (WARNING: The server did not provide any stacktrace information)
Command duration or timeout: 8.48 seconds
For documentation on this error, please visit: http://seleniumhq.org/exceptions/stale_element_reference.html
Build info: version: '2.53.0', revision: '35ae25b', time: '2016-03-15 17:00:58'
System info: host: '207-254-10-250', ip: '207.254.10.250', os.name: 'windows', os.arch: 'x86', os.version: '10.0', java.version: '1.8.0_181'
Driver info: org.openqa.selenium.chrome.ChromeDriver
Capabilities [{mobileEmulationEnabled=false, timeouts={implicit=0, pageLoad=300000, script=30000}, hasTouchScreen=false, platform=XP, acceptSslCerts=false, goog:chromeOptions={debuggerAddress=localhost:1704}, acceptInsecureCerts=false, webStorageEnabled=true, browserName=chrome, takesScreenshot=true, javascriptEnabled=true, setWindowRect=true, unexpectedAlertBehaviour=ignore, applicationCacheEnabled=false, rotatable=false, networkConnectionEnabled=false, chrome={chromedriverVersion=74.0.3729.6 (255758eccf3d244491b8a1317aa76e1ce10d57e9-refs/branch-heads/3729@{#29}), userDataDir=C:\Windows\proxy\scoped_dir10076_24824}, takesHeapSnapshot=true, pageLoadStrategy=normal, strictFileInteractability=false, databaseEnabled=false, handlesAlerts=true, version=74.0.3729.108, browserConnectionEnabled=false, proxy={}, nativeEvents=true, locationContextEnabled=true, cssSelectorsEnabled=true}]
Session ID: 4697706dc4bfc28c65f1bce1970e33f1
Command duration or timeout: 0 milliseconds)
[[ATTACHMENT|/Users/sumankompelly/git/Sample-OCS/Reports/OCS-1.7.0/CRITICAL PATH/20190506_155020/1557172564742.png]]

2019-05-06 15:56:05 - [MESSAGE][FAILED] - getText(findTestObject("OCS_CRITICAL PATH/Checkout - payment/Page_Ontario Cannabis Store - Payme/div_Your payment details could")) FAILED.
Reason:
com.kms.katalon.core.exception.StepFailedException: Unable to get text of object 'Object Repository/OCS_CRITICAL PATH/Checkout - payment/Page_Ontario Cannabis Store - Payme/div_Your payment details could' (Root cause: org.openqa.selenium.StaleElementReferenceException: stale element reference: element is not attached to the page document
  (Session info: chrome=74.0.3729.108)
  (Driver info: chromedriver=74.0.3729.6 (255758eccf3d244491b8a1317aa76e1ce10d57e9-refs/branch-heads/3729@{#29}),platform=Windows NT 10.0.17763 x86_64) (WARNING: The server did not provide any stacktrace information)
Command duration or timeout: 8.48 seconds
For documentation on this error, please visit: http://seleniumhq.org/exceptions/stale_element_reference.html
Build info: version: '2.53.0', revision: '35ae25b', time: '2016-03-15 17:00:58'
System info: host: '207-254-10-250', ip: '207.254.10.250', os.name: 'windows', os.arch: 'x86', os.version: '10.0', java.version: '1.8.0_181'
Driver info: org.openqa.selenium.chrome.ChromeDriver
Capabilities [{mobileEmulationEnabled=false, timeouts={implicit=0, pageLoad=300000, script=30000}, hasTouchScreen=false, platform=XP, acceptSslCerts=false, goog:chromeOptions={debuggerAddress=localhost:1704}, acceptInsecureCerts=false, webStorageEnabled=true, browserName=chrome, takesScreenshot=true, javascriptEnabled=true, setWindowRect=true, unexpectedAlertBehaviour=ignore, applicationCacheEnabled=false, rotatable=false, networkConnectionEnabled=false, chrome={chromedriverVersion=74.0.3729.6 (255758eccf3d244491b8a1317aa76e1ce10d57e9-refs/branch-heads/3729@{#29}), userDataDir=C:\Windows\proxy\scoped_dir10076_24824}, takesHeapSnapshot=true, pageLoadStrategy=normal, strictFileInteractability=false, databaseEnabled=false, handlesAlerts=true, version=74.0.3729.108, browserConnectionEnabled=false, proxy={}, nativeEvents=true, locationContextEnabled=true, cssSelectorsEnabled=true}]
Session ID: 4697706dc4bfc28c65f1bce1970e33f1
Command duration or timeout: 0 milliseconds)
	at com.kms.katalon.core.keyword.internal.KeywordMain.stepFailed(KeywordMain.groovy:36)
	at com.kms.katalon.core.webui.keyword.internal.WebUIKeywordMain.stepFailed(WebUIKeywordMain.groovy:65)
	at com.kms.katalon.core.webui.keyword.internal.WebUIKeywordMain.runKeyword(WebUIKeywordMain.groovy:27)
	at com.kms.katalon.core.webui.keyword.builtin.GetTextKeyword.getText(GetTextKeyword.groovy:88)
	at com.kms.katalon.core.webui.keyword.builtin.GetTextKeyword.execute(GetTextKeyword.groovy:67)
	at com.kms.katalon.core.keyword.internal.KeywordExecutor.executeKeywordForPlatform(KeywordExecutor.groovy:53)
	at com.kms.katalon.core.webui.keyword.WebUiBuiltInKeywords.getText(WebUiBuiltInKeywords.groovy:888)
	at com.kms.katalon.core.webui.keyword.WebUiBuiltInKeywords$getText$5.call(Unknown Source)
	at Checkout - payment.run(Checkout - payment:168)
	at com.kms.katalon.core.main.ScriptEngine.run(ScriptEngine.java:194)
	at com.kms.katalon.core.main.ScriptEngine.runScriptAsRawText(ScriptEngine.java:119)
	at com.kms.katalon.core.main.TestCaseExecutor.runScript(TestCaseExecutor.java:328)
	at com.kms.katalon.core.main.TestCaseExecutor.doExecute(TestCaseExecutor.java:319)
	at com.kms.katalon.core.main.TestCaseExecutor.processExecutionPhase(TestCaseExecutor.java:298)
	at com.kms.katalon.core.main.TestCaseExecutor.accessMainPhase(TestCaseExecutor.java:290)
	at com.kms.katalon.core.main.TestCaseExecutor.execute(TestCaseExecutor.java:224)
	at com.kms.katalon.core.main.TestSuiteExecutor.accessTestCaseMainPhase(TestSuiteExecutor.java:129)
	at com.kms.katalon.core.main.TestSuiteExecutor.accessTestSuiteMainPhase(TestSuiteExecutor.java:112)
	at com.kms.katalon.core.main.TestSuiteExecutor.execute(TestSuiteExecutor.java:81)
	at com.kms.katalon.core.main.TestCaseMain.startTestSuite(TestCaseMain.java:149)
	at com.kms.katalon.core.main.TestCaseMain$startTestSuite$0.call(Unknown Source)
	at TempTestSuite1557172220501.run(TempTestSuite1557172220501.groovy:36)]]></system-out>
         <system-err><![CDATA[2019-05-06 15:53:15 - [TEST_CASE][FAILED] - Test Cases/OCS- CRITICAL PATH/Checkout - payment: Test Cases/OCS- CRITICAL PATH/Checkout - payment FAILED.
Reason:
com.kms.katalon.core.exception.StepFailedException: Unable to get text of object 'Object Repository/OCS_CRITICAL PATH/Checkout - payment/Page_Ontario Cannabis Store - Payme/div_Your payment details could' (Root cause: org.openqa.selenium.StaleElementReferenceException: stale element reference: element is not attached to the page document
  (Session info: chrome=74.0.3729.108)
  (Driver info: chromedriver=74.0.3729.6 (255758eccf3d244491b8a1317aa76e1ce10d57e9-refs/branch-heads/3729@{#29}),platform=Windows NT 10.0.17763 x86_64) (WARNING: The server did not provide any stacktrace information)
Command duration or timeout: 8.48 seconds
For documentation on this error, please visit: http://seleniumhq.org/exceptions/stale_element_reference.html
Build info: version: '2.53.0', revision: '35ae25b', time: '2016-03-15 17:00:58'
System info: host: '207-254-10-250', ip: '207.254.10.250', os.name: 'windows', os.arch: 'x86', os.version: '10.0', java.version: '1.8.0_181'
Driver info: org.openqa.selenium.chrome.ChromeDriver
Capabilities [{mobileEmulationEnabled=false, timeouts={implicit=0, pageLoad=300000, script=30000}, hasTouchScreen=false, platform=XP, acceptSslCerts=false, goog:chromeOptions={debuggerAddress=localhost:1704}, acceptInsecureCerts=false, webStorageEnabled=true, browserName=chrome, takesScreenshot=true, javascriptEnabled=true, setWindowRect=true, unexpectedAlertBehaviour=ignore, applicationCacheEnabled=false, rotatable=false, networkConnectionEnabled=false, chrome={chromedriverVersion=74.0.3729.6 (255758eccf3d244491b8a1317aa76e1ce10d57e9-refs/branch-heads/3729@{#29}), userDataDir=C:\Windows\proxy\scoped_dir10076_24824}, takesHeapSnapshot=true, pageLoadStrategy=normal, strictFileInteractability=false, databaseEnabled=false, handlesAlerts=true, version=74.0.3729.108, browserConnectionEnabled=false, proxy={}, nativeEvents=true, locationContextEnabled=true, cssSelectorsEnabled=true}]
Session ID: 4697706dc4bfc28c65f1bce1970e33f1
Command duration or timeout: 0 milliseconds)
	at com.kms.katalon.core.keyword.internal.KeywordMain.stepFailed(KeywordMain.groovy:36)
	at com.kms.katalon.core.webui.keyword.internal.WebUIKeywordMain.stepFailed(WebUIKeywordMain.groovy:65)
	at com.kms.katalon.core.webui.keyword.internal.WebUIKeywordMain.runKeyword(WebUIKeywordMain.groovy:27)
	at com.kms.katalon.core.webui.keyword.builtin.GetTextKeyword.getText(GetTextKeyword.groovy:88)
	at com.kms.katalon.core.webui.keyword.builtin.GetTextKeyword.execute(GetTextKeyword.groovy:67)
	at com.kms.katalon.core.keyword.internal.KeywordExecutor.executeKeywordForPlatform(KeywordExecutor.groovy:53)
	at com.kms.katalon.core.webui.keyword.WebUiBuiltInKeywords.getText(WebUiBuiltInKeywords.groovy:888)
	at com.kms.katalon.core.webui.keyword.WebUiBuiltInKeywords$getText$5.call(Unknown Source)
	at Checkout - payment.run(Checkout - payment:168)
	at com.kms.katalon.core.main.ScriptEngine.run(ScriptEngine.java:194)
	at com.kms.katalon.core.main.ScriptEngine.runScriptAsRawText(ScriptEngine.java:119)
	at com.kms.katalon.core.main.TestCaseExecutor.runScript(TestCaseExecutor.java:328)
	at com.kms.katalon.core.main.TestCaseExecutor.doExecute(TestCaseExecutor.java:319)
	at com.kms.katalon.core.main.TestCaseExecutor.processExecutionPhase(TestCaseExecutor.java:298)
	at com.kms.katalon.core.main.TestCaseExecutor.accessMainPhase(TestCaseExecutor.java:290)
	at com.kms.katalon.core.main.TestCaseExecutor.execute(TestCaseExecutor.java:224)
	at com.kms.katalon.core.main.TestSuiteExecutor.accessTestCaseMainPhase(TestSuiteExecutor.java:129)
	at com.kms.katalon.core.main.TestSuiteExecutor.accessTestSuiteMainPhase(TestSuiteExecutor.java:112)
	at com.kms.katalon.core.main.TestSuiteExecutor.execute(TestSuiteExecutor.java:81)
	at com.kms.katalon.core.main.TestCaseMain.startTestSuite(TestCaseMain.java:149)
	at com.kms.katalon.core.main.TestCaseMain$startTestSuite$0.call(Unknown Source)
	at TempTestSuite1557172220501.run(TempTestSuite1557172220501.groovy:36)]]></system-err>
      </testcase>
      <testcase name="Test Cases/OCS- CRITICAL PATH/Checkout - customer information page" classname="Test Cases/OCS- CRITICAL PATH/Checkout - customer information page" status="PASSED">
         <system-out><![CDATA[2019-05-06 15:56:05 - [TEST_CASE][PASSED] - Test Cases/OCS- CRITICAL PATH/Checkout - customer information page: Test Cases/OCS- CRITICAL PATH/Checkout - customer information page

2019-05-06 15:56:05 - [TEST_STEP][PASSED] - openBrowser(""): Browser is opened with url: ''

2019-05-06 15:56:05 - [MESSAGE][WARNING] - A browser is already opened. Closing browser and opening a new one

2019-05-06 15:56:07 - [MESSAGE][INFO] - Starting 'Remote' driver

2019-05-06 15:56:07 - [MESSAGE][INFO] - User set preference: ['os', 'windows']

2019-05-06 15:56:07 - [MESSAGE][INFO] - User set preference: ['os_version', '10']

2019-05-06 15:56:07 - [MESSAGE][INFO] - User set preference: ['browser', 'Chrome']

2019-05-06 15:56:07 - [MESSAGE][INFO] - User set preference: ['browser_version', '74']

2019-05-06 15:56:07 - [MESSAGE][INFO] - User set preference: ['resolution', '1280x800']

2019-05-06 15:56:07 - [MESSAGE][INFO] - Connecting to remote web server 'https://dianatest3:Z3oqw9ysqTeRQJq5wFCp@hub-cloud.browserstack.com/wd/hub' with type 'Selenium'

2019-05-06 15:56:13 - [MESSAGE][PASSED] - Browser is opened with url: ''

2019-05-06 15:56:13 - [TEST_STEP][PASSED] - navigateToUrl("https://ocs.ca/?fts=0&preview_theme_id=53372913484"): Navigate to 'https://ocs.ca/?fts=0&preview_theme_id=53372913484' successfully

2019-05-06 15:56:22 - [MESSAGE][PASSED] - Navigate to 'https://ocs.ca/?fts=0&preview_theme_id=53372913484' successfully

2019-05-06 15:56:22 - [TEST_STEP][PASSED] - click(findTestObject("Object Repository/Theme_oR/Page_Ontario Cannabis Store  Ontari/button_Close preview")): Object: 'Object Repository/Theme_oR/Page_Ontario Cannabis Store  Ontari/button_Close preview' is clicked on

2019-05-06 15:56:30 - [MESSAGE][PASSED] - Object: 'Object Repository/Theme_oR/Page_Ontario Cannabis Store  Ontari/button_Close preview' is clicked on

2019-05-06 15:56:31 - [TEST_STEP][PASSED] - selectOptionByValue(findTestObject("OCS_CRITICAL PATH/Checkout-customer/Page_Ontario Cannabis Store  Ontari/select_Select01020304050607080"), "16", true): All options with value '16' are selected in object 'Object Repository/OCS_CRITICAL PATH/Checkout-customer/Page_Ontario Cannabis Store  Ontari/select_Select01020304050607080'  using regular expression

2019-05-06 15:56:37 - [MESSAGE][PASSED] - All options with value '16' are selected in object 'Object Repository/OCS_CRITICAL PATH/Checkout-customer/Page_Ontario Cannabis Store  Ontari/select_Select01020304050607080'  using regular expression

2019-05-06 15:56:37 - [TEST_STEP][PASSED] - selectOptionByValue(findTestObject("OCS_CRITICAL PATH/Checkout-customer/Page_Ontario Cannabis Store  Ontari/select_SelectJanuary - 01Febru"), "8", true): All options with value '8' are selected in object 'Object Repository/OCS_CRITICAL PATH/Checkout-customer/Page_Ontario Cannabis Store  Ontari/select_SelectJanuary - 01Febru'  using regular expression

2019-05-06 15:56:40 - [MESSAGE][PASSED] - All options with value '8' are selected in object 'Object Repository/OCS_CRITICAL PATH/Checkout-customer/Page_Ontario Cannabis Store  Ontari/select_SelectJanuary - 01Febru'  using regular expression

2019-05-06 15:56:40 - [TEST_STEP][PASSED] - selectOptionByValue(findTestObject("OCS_CRITICAL PATH/Checkout-customer/Page_Ontario Cannabis Store  Ontari/select_Select20182017201620152"), "1955", true): All options with value '1955' are selected in object 'Object Repository/OCS_CRITICAL PATH/Checkout-customer/Page_Ontario Cannabis Store  Ontari/select_Select20182017201620152'  using regular expression

2019-05-06 15:56:57 - [MESSAGE][PASSED] - All options with value '1955' are selected in object 'Object Repository/OCS_CRITICAL PATH/Checkout-customer/Page_Ontario Cannabis Store  Ontari/select_Select20182017201620152'  using regular expression

2019-05-06 15:56:57 - [TEST_STEP][PASSED] - click(findTestObject("OCS_CRITICAL PATH/Checkout-customer/Page_Ontario Cannabis Store  Ontari/button_Verify")): Object: 'Object Repository/OCS_CRITICAL PATH/Checkout-customer/Page_Ontario Cannabis Store  Ontari/button_Verify' is clicked on

2019-05-06 15:56:57 - [MESSAGE][PASSED] - Object: 'Object Repository/OCS_CRITICAL PATH/Checkout-customer/Page_Ontario Cannabis Store  Ontari/button_Verify' is clicked on

2019-05-06 15:56:57 - [TEST_STEP][PASSED] - click(findTestObject("OCS_CRITICAL PATH/Checkout-customer/Page_Ontario Cannabis Store  Ontari/span_CONFIRM AND ACKNOWLEDGE_c")): Object: 'Object Repository/OCS_CRITICAL PATH/Checkout-customer/Page_Ontario Cannabis Store  Ontari/span_CONFIRM AND ACKNOWLEDGE_c' is clicked on

2019-05-06 15:56:57 - [MESSAGE][PASSED] - Object: 'Object Repository/OCS_CRITICAL PATH/Checkout-customer/Page_Ontario Cannabis Store  Ontari/span_CONFIRM AND ACKNOWLEDGE_c' is clicked on

2019-05-06 15:56:57 - [TEST_STEP][PASSED] - click(findTestObject("OCS_CRITICAL PATH/Checkout-customer/Page_Ontario Cannabis Store  Ontari/button_CONFIRM")): Object: 'Object Repository/OCS_CRITICAL PATH/Checkout-customer/Page_Ontario Cannabis Store  Ontari/button_CONFIRM' is clicked on

2019-05-06 15:56:58 - [MESSAGE][PASSED] - Object: 'Object Repository/OCS_CRITICAL PATH/Checkout-customer/Page_Ontario Cannabis Store  Ontari/button_CONFIRM' is clicked on

2019-05-06 15:56:58 - [TEST_STEP][PASSED] - click(findTestObject("OCS_CRITICAL PATH/Checkout-customer/Page_Ontario Cannabis Store  Ontari/button_Start Browsing")): Object: 'Object Repository/OCS_CRITICAL PATH/Checkout-customer/Page_Ontario Cannabis Store  Ontari/button_Start Browsing' is clicked on

2019-05-06 15:56:58 - [MESSAGE][PASSED] - Object: 'Object Repository/OCS_CRITICAL PATH/Checkout-customer/Page_Ontario Cannabis Store  Ontari/button_Start Browsing' is clicked on

2019-05-06 15:56:58 - [TEST_STEP][PASSED] - delay(2): Delayed 2 second(s)

2019-05-06 15:57:00 - [MESSAGE][PASSED] - Delayed 2 second(s)

2019-05-06 15:57:00 - [TEST_STEP][PASSED] - mouseOver(findTestObject("OCS_CRITICAL PATH/Checkout-customer/Page_Ontario Cannabis Store  Ontari/h3_Cannabis")): Object: 'Object Repository/OCS_CRITICAL PATH/Checkout-customer/Page_Ontario Cannabis Store  Ontari/h3_Cannabis' is hovered

2019-05-06 15:57:00 - [MESSAGE][PASSED] - Object: 'Object Repository/OCS_CRITICAL PATH/Checkout-customer/Page_Ontario Cannabis Store  Ontari/h3_Cannabis' is hovered

2019-05-06 15:57:00 - [TEST_STEP][PASSED] - delay(2): Delayed 2 second(s)

2019-05-06 15:57:02 - [MESSAGE][PASSED] - Delayed 2 second(s)

2019-05-06 15:57:02 - [TEST_STEP][PASSED] - click(findTestObject("OCS_CRITICAL PATH/Checkout-customer/Page_Ontario Cannabis Store  Ontari/span_Indica Dominant")): Object: 'Object Repository/OCS_CRITICAL PATH/Checkout-customer/Page_Ontario Cannabis Store  Ontari/span_Indica Dominant' is clicked on

2019-05-06 15:57:07 - [MESSAGE][PASSED] - Object: 'Object Repository/OCS_CRITICAL PATH/Checkout-customer/Page_Ontario Cannabis Store  Ontari/span_Indica Dominant' is clicked on

2019-05-06 15:57:07 - [TEST_STEP][PASSED] - click(findTestObject("OCS_CRITICAL PATH/Checkout-customer/Page_Indica Dominant Dried Flower/h3_Shishkaberry")): Object: 'Object Repository/OCS_CRITICAL PATH/Checkout-customer/Page_Indica Dominant Dried Flower/h3_Shishkaberry' is clicked on

2019-05-06 15:57:11 - [MESSAGE][PASSED] - Object: 'Object Repository/OCS_CRITICAL PATH/Checkout-customer/Page_Indica Dominant Dried Flower/h3_Shishkaberry' is clicked on

2019-05-06 15:57:11 - [TEST_STEP][NOT_RUN] - click(findTestObject("OCS_CRITICAL PATH/Checkout-customer/Page_Shishkaberry  Ontario Cannabis/span_3.5g")): NOT_RUN: click(findTestObject("OCS_CRITICAL PATH/Checkout-customer/Page_Shishkaberry  Ontario Cannabis/span_3.5g"))

2019-05-06 15:57:11 - [MESSAGE][NOT_RUN] - NOT_RUN: click(findTestObject("OCS_CRITICAL PATH/Checkout-customer/Page_Shishkaberry  Ontario Cannabis/span_3.5g"))

2019-05-06 15:57:11 - [TEST_STEP][PASSED] - click(findTestObject("OCS_CRITICAL PATH/Checkout-customer/Page_Shishkaberry  Ontario Cannabis/label_3.5g")): Object: 'Object Repository/OCS_CRITICAL PATH/Checkout-customer/Page_Shishkaberry  Ontario Cannabis/label_3.5g' is clicked on

2019-05-06 15:57:12 - [MESSAGE][PASSED] - Object: 'Object Repository/OCS_CRITICAL PATH/Checkout-customer/Page_Shishkaberry  Ontario Cannabis/label_3.5g' is clicked on

2019-05-06 15:57:12 - [TEST_STEP][PASSED] - click(findTestObject("OCS_CRITICAL PATH/Checkout-customer/Page_Shishkaberry  Ontario Cannabis/button_")): Object: 'Object Repository/OCS_CRITICAL PATH/Checkout-customer/Page_Shishkaberry  Ontario Cannabis/button_' is clicked on

2019-05-06 15:57:12 - [MESSAGE][PASSED] - Object: 'Object Repository/OCS_CRITICAL PATH/Checkout-customer/Page_Shishkaberry  Ontario Cannabis/button_' is clicked on

2019-05-06 15:57:12 - [TEST_STEP][PASSED] - click(findTestObject("OCS_CRITICAL PATH/Checkout-customer/Page_Shishkaberry  Ontario Cannabis/button_")): Object: 'Object Repository/OCS_CRITICAL PATH/Checkout-customer/Page_Shishkaberry  Ontario Cannabis/button_' is clicked on

2019-05-06 15:57:12 - [MESSAGE][PASSED] - Object: 'Object Repository/OCS_CRITICAL PATH/Checkout-customer/Page_Shishkaberry  Ontario Cannabis/button_' is clicked on

2019-05-06 15:57:12 - [TEST_STEP][PASSED] - click(findTestObject("OCS_CRITICAL PATH/Checkout-customer/Page_Shishkaberry  Ontario Cannabis/button_")): Object: 'Object Repository/OCS_CRITICAL PATH/Checkout-customer/Page_Shishkaberry  Ontario Cannabis/button_' is clicked on

2019-05-06 15:57:13 - [MESSAGE][PASSED] - Object: 'Object Repository/OCS_CRITICAL PATH/Checkout-customer/Page_Shishkaberry  Ontario Cannabis/button_' is clicked on

2019-05-06 15:57:13 - [TEST_STEP][PASSED] - click(findTestObject("OCS_CRITICAL PATH/Checkout-customer/Page_Shishkaberry  Ontario Cannabis/button_Add to Bag129.60")): Object: 'Object Repository/OCS_CRITICAL PATH/Checkout-customer/Page_Shishkaberry  Ontario Cannabis/button_Add to Bag129.60' is clicked on

2019-05-06 15:57:13 - [MESSAGE][PASSED] - Object: 'Object Repository/OCS_CRITICAL PATH/Checkout-customer/Page_Shishkaberry  Ontario Cannabis/button_Add to Bag129.60' is clicked on

2019-05-06 15:57:13 - [TEST_STEP][PASSED] - click(findTestObject("OCS_CRITICAL PATH/Checkout-customer/Page_Shishkaberry  Ontario Cannabis/span_concat(I confirm that I")): Object: 'Object Repository/OCS_CRITICAL PATH/Checkout-customer/Page_Shishkaberry  Ontario Cannabis/span_concat(I confirm that I' is clicked on

2019-05-06 15:57:15 - [MESSAGE][PASSED] - Object: 'Object Repository/OCS_CRITICAL PATH/Checkout-customer/Page_Shishkaberry  Ontario Cannabis/span_concat(I confirm that I' is clicked on

2019-05-06 15:57:15 - [TEST_STEP][PASSED] - click(findTestObject("OCS_CRITICAL PATH/Checkout-customer/Page_Shishkaberry  Ontario Cannabis/span_Accept the_checkbox")): Object: 'Object Repository/OCS_CRITICAL PATH/Checkout-customer/Page_Shishkaberry  Ontario Cannabis/span_Accept the_checkbox' is clicked on

2019-05-06 15:57:15 - [MESSAGE][PASSED] - Object: 'Object Repository/OCS_CRITICAL PATH/Checkout-customer/Page_Shishkaberry  Ontario Cannabis/span_Accept the_checkbox' is clicked on

2019-05-06 15:57:15 - [TEST_STEP][PASSED] - delay(3): Delayed 3 second(s)

2019-05-06 15:57:18 - [MESSAGE][PASSED] - Delayed 3 second(s)

2019-05-06 15:57:18 - [TEST_STEP][PASSED] - click(findTestObject("OCS_CRITICAL PATH/Checkout-customer/Page_Shishkaberry  Ontario Cannabis/a_Checkout")): Object: 'Object Repository/OCS_CRITICAL PATH/Checkout-customer/Page_Shishkaberry  Ontario Cannabis/a_Checkout' is clicked on

2019-05-06 15:57:25 - [MESSAGE][PASSED] - Object: 'Object Repository/OCS_CRITICAL PATH/Checkout-customer/Page_Shishkaberry  Ontario Cannabis/a_Checkout' is clicked on

2019-05-06 15:57:25 - [TEST_STEP][PASSED] - setText(findTestObject("OCS_CRITICAL PATH/Checkout-customer/Page_Ontario Cannabis Store - Infor/input_Email_checkoutemail"), "sumankompelly@diffagency.com"): Text 'sumankompelly@diffagency.com' is set on object 'Object Repository/OCS_CRITICAL PATH/Checkout-customer/Page_Ontario Cannabis Store - Infor/input_Email_checkoutemail'

2019-05-06 15:57:26 - [MESSAGE][PASSED] - Text 'sumankompelly@diffagency.com' is set on object 'Object Repository/OCS_CRITICAL PATH/Checkout-customer/Page_Ontario Cannabis Store - Infor/input_Email_checkoutemail'

2019-05-06 15:57:26 - [TEST_STEP][PASSED] - setText(findTestObject("OCS_CRITICAL PATH/Checkout-customer/Page_Ontario Cannabis Store - Infor/input_First name_checkoutshipp"), "suman"): Text 'suman' is set on object 'Object Repository/OCS_CRITICAL PATH/Checkout-customer/Page_Ontario Cannabis Store - Infor/input_First name_checkoutshipp'

2019-05-06 15:57:27 - [MESSAGE][PASSED] - Text 'suman' is set on object 'Object Repository/OCS_CRITICAL PATH/Checkout-customer/Page_Ontario Cannabis Store - Infor/input_First name_checkoutshipp'

2019-05-06 15:57:27 - [TEST_STEP][PASSED] - setText(findTestObject("OCS_CRITICAL PATH/Checkout-customer/Page_Ontario Cannabis Store - Infor/input_Last name_checkoutshippi"), "kompelly"): Text 'kompelly' is set on object 'Object Repository/OCS_CRITICAL PATH/Checkout-customer/Page_Ontario Cannabis Store - Infor/input_Last name_checkoutshippi'

2019-05-06 15:57:28 - [MESSAGE][PASSED] - Text 'kompelly' is set on object 'Object Repository/OCS_CRITICAL PATH/Checkout-customer/Page_Ontario Cannabis Store - Infor/input_Last name_checkoutshippi'

2019-05-06 15:57:28 - [TEST_STEP][PASSED] - setText(findTestObject("OCS_CRITICAL PATH/Checkout-customer/Page_Ontario Cannabis Store - Infor/input_Address_checkoutshipping"), "399 st alxendre"): Text '399 st alxendre' is set on object 'Object Repository/OCS_CRITICAL PATH/Checkout-customer/Page_Ontario Cannabis Store - Infor/input_Address_checkoutshipping'

2019-05-06 15:57:28 - [MESSAGE][PASSED] - Text '399 st alxendre' is set on object 'Object Repository/OCS_CRITICAL PATH/Checkout-customer/Page_Ontario Cannabis Store - Infor/input_Address_checkoutshipping'

2019-05-06 15:57:28 - [TEST_STEP][PASSED] - setText(findTestObject("OCS_CRITICAL PATH/Checkout-customer/Page_Ontario Cannabis Store - Infor/input_Apartment suite etc. (op"), "38"): Text '38' is set on object 'Object Repository/OCS_CRITICAL PATH/Checkout-customer/Page_Ontario Cannabis Store - Infor/input_Apartment suite etc. (op'

2019-05-06 15:57:29 - [MESSAGE][PASSED] - Text '38' is set on object 'Object Repository/OCS_CRITICAL PATH/Checkout-customer/Page_Ontario Cannabis Store - Infor/input_Apartment suite etc. (op'

2019-05-06 15:57:29 - [TEST_STEP][PASSED] - setText(findTestObject("OCS_CRITICAL PATH/Checkout-customer/Page_Ontario Cannabis Store - Infor/input_City_checkoutshipping_ad"), "montreal"): Text 'montreal' is set on object 'Object Repository/OCS_CRITICAL PATH/Checkout-customer/Page_Ontario Cannabis Store - Infor/input_City_checkoutshipping_ad'

2019-05-06 15:57:30 - [MESSAGE][PASSED] - Text 'montreal' is set on object 'Object Repository/OCS_CRITICAL PATH/Checkout-customer/Page_Ontario Cannabis Store - Infor/input_City_checkoutshipping_ad'

2019-05-06 15:57:30 - [TEST_STEP][PASSED] - setText(findTestObject("OCS_CRITICAL PATH/Checkout-customer/Page_Ontario Cannabis Store - Infor/input_Postal code_checkoutship"), "n0r1k0"): Text 'n0r1k0' is set on object 'Object Repository/OCS_CRITICAL PATH/Checkout-customer/Page_Ontario Cannabis Store - Infor/input_Postal code_checkoutship'

2019-05-06 15:57:30 - [MESSAGE][PASSED] - Text 'n0r1k0' is set on object 'Object Repository/OCS_CRITICAL PATH/Checkout-customer/Page_Ontario Cannabis Store - Infor/input_Postal code_checkoutship'

2019-05-06 15:57:30 - [TEST_STEP][PASSED] - setText(findTestObject("OCS_CRITICAL PATH/Checkout-customer/Page_Ontario Cannabis Store - Infor/input_Phone_checkoutshipping_a"), "(514) 449-3882"): Text '(514) 449-3882' is set on object 'Object Repository/OCS_CRITICAL PATH/Checkout-customer/Page_Ontario Cannabis Store - Infor/input_Phone_checkoutshipping_a'

2019-05-06 15:57:31 - [MESSAGE][PASSED] - Text '(514) 449-3882' is set on object 'Object Repository/OCS_CRITICAL PATH/Checkout-customer/Page_Ontario Cannabis Store - Infor/input_Phone_checkoutshipping_a'

2019-05-06 15:57:31 - [TEST_STEP][PASSED] - click(findTestObject("OCS_CRITICAL PATH/Checkout-customer/Page_Ontario Cannabis Store - Infor/button_Continue to shipping me")): Object: 'Object Repository/OCS_CRITICAL PATH/Checkout-customer/Page_Ontario Cannabis Store - Infor/button_Continue to shipping me' is clicked on

2019-05-06 15:57:41 - [MESSAGE][PASSED] - Object: 'Object Repository/OCS_CRITICAL PATH/Checkout-customer/Page_Ontario Cannabis Store - Infor/button_Continue to shipping me' is clicked on

2019-05-06 15:57:41 - [TEST_STEP][PASSED] - a = getWindowTitle(): Current window's title is: 'Ontario Cannabis Store - Shipping - Ontario Cannabis Store - Checkout'

2019-05-06 15:57:41 - [MESSAGE][PASSED] - Current window's title is: 'Ontario Cannabis Store - Shipping - Ontario Cannabis Store - Checkout'

2019-05-06 15:57:41 - [TEST_STEP][PASSED] - comment(a): Ontario Cannabis Store - Shipping - Ontario Cannabis Store - Checkout

2019-05-06 15:57:41 - [MESSAGE][INFO] - Ontario Cannabis Store - Shipping - Ontario Cannabis Store - Checkout

2019-05-06 15:57:41 - [TEST_STEP][PASSED] - assert getWindowTitle() == a: Current window's title is: 'Ontario Cannabis Store - Shipping - Ontario Cannabis Store - Checkout'

2019-05-06 15:57:41 - [MESSAGE][PASSED] - Current window's title is: 'Ontario Cannabis Store - Shipping - Ontario Cannabis Store - Checkout'

2019-05-06 15:57:41 - [TEST_STEP][PASSED] - comment(" navigation is on the right page "):  navigation is on the right page 

2019-05-06 15:57:41 - [MESSAGE][INFO] -  navigation is on the right page]]></system-out>
         <system-err><![CDATA[]]></system-err>
      </testcase>
      <testcase name="Test Cases/OCS- CRITICAL PATH/Cart flyout-tooltips" classname="Test Cases/OCS- CRITICAL PATH/Cart flyout-tooltips" status="PASSED">
         <system-out><![CDATA[2019-05-06 15:57:41 - [TEST_CASE][PASSED] - Test Cases/OCS- CRITICAL PATH/Cart flyout-tooltips: Test Cases/OCS- CRITICAL PATH/Cart flyout-tooltips

2019-05-06 15:57:42 - [TEST_STEP][PASSED] - openBrowser(""): Browser is opened with url: ''

2019-05-06 15:57:42 - [MESSAGE][WARNING] - A browser is already opened. Closing browser and opening a new one

2019-05-06 15:57:43 - [MESSAGE][INFO] - Starting 'Remote' driver

2019-05-06 15:57:43 - [MESSAGE][INFO] - User set preference: ['os', 'windows']

2019-05-06 15:57:43 - [MESSAGE][INFO] - User set preference: ['os_version', '10']

2019-05-06 15:57:43 - [MESSAGE][INFO] - User set preference: ['browser', 'Chrome']

2019-05-06 15:57:43 - [MESSAGE][INFO] - User set preference: ['browser_version', '74']

2019-05-06 15:57:43 - [MESSAGE][INFO] - User set preference: ['resolution', '1280x800']

2019-05-06 15:57:43 - [MESSAGE][INFO] - Connecting to remote web server 'https://dianatest3:Z3oqw9ysqTeRQJq5wFCp@hub-cloud.browserstack.com/wd/hub' with type 'Selenium'

2019-05-06 15:57:53 - [MESSAGE][PASSED] - Browser is opened with url: ''

2019-05-06 15:57:53 - [TEST_STEP][PASSED] - navigateToUrl("https://ocs.ca/?fts=0&preview_theme_id=53372913484"): Navigate to 'https://ocs.ca/?fts=0&preview_theme_id=53372913484' successfully

2019-05-06 15:58:05 - [MESSAGE][PASSED] - Navigate to 'https://ocs.ca/?fts=0&preview_theme_id=53372913484' successfully

2019-05-06 15:58:05 - [TEST_STEP][PASSED] - click(findTestObject("Object Repository/Theme_oR/Page_Ontario Cannabis Store  Ontari/button_Close preview")): Object: 'Object Repository/Theme_oR/Page_Ontario Cannabis Store  Ontari/button_Close preview' is clicked on

2019-05-06 15:58:06 - [MESSAGE][PASSED] - Object: 'Object Repository/Theme_oR/Page_Ontario Cannabis Store  Ontari/button_Close preview' is clicked on

2019-05-06 15:58:12 - [TEST_STEP][PASSED] - selectOptionByValue(findTestObject("Object Repository/Cart flyout-tooltips_OR/Page_Ontario Cannabis Store  Ontari/select_Select01020304050607080"), "17", true): All options with value '17' are selected in object 'Object Repository/Cart flyout-tooltips_OR/Page_Ontario Cannabis Store  Ontari/select_Select01020304050607080'  using regular expression

2019-05-06 15:58:18 - [MESSAGE][PASSED] - All options with value '17' are selected in object 'Object Repository/Cart flyout-tooltips_OR/Page_Ontario Cannabis Store  Ontari/select_Select01020304050607080'  using regular expression

2019-05-06 15:58:18 - [TEST_STEP][PASSED] - selectOptionByValue(findTestObject("Object Repository/Cart flyout-tooltips_OR/Page_Ontario Cannabis Store  Ontari/select_SelectJanuary - 01Febru"), "7", true): All options with value '7' are selected in object 'Object Repository/Cart flyout-tooltips_OR/Page_Ontario Cannabis Store  Ontari/select_SelectJanuary - 01Febru'  using regular expression

2019-05-06 15:58:21 - [MESSAGE][PASSED] - All options with value '7' are selected in object 'Object Repository/Cart flyout-tooltips_OR/Page_Ontario Cannabis Store  Ontari/select_SelectJanuary - 01Febru'  using regular expression

2019-05-06 15:58:21 - [TEST_STEP][PASSED] - selectOptionByValue(findTestObject("Object Repository/Cart flyout-tooltips_OR/Page_Ontario Cannabis Store  Ontari/select_Select20182017201620152"), "1949", true): All options with value '1949' are selected in object 'Object Repository/Cart flyout-tooltips_OR/Page_Ontario Cannabis Store  Ontari/select_Select20182017201620152'  using regular expression

2019-05-06 15:58:44 - [MESSAGE][PASSED] - All options with value '1949' are selected in object 'Object Repository/Cart flyout-tooltips_OR/Page_Ontario Cannabis Store  Ontari/select_Select20182017201620152'  using regular expression

2019-05-06 15:58:44 - [TEST_STEP][PASSED] - click(findTestObject("Object Repository/Cart flyout-tooltips_OR/Page_Ontario Cannabis Store  Ontari/button_Verify")): Object: 'Object Repository/Cart flyout-tooltips_OR/Page_Ontario Cannabis Store  Ontari/button_Verify' is clicked on

2019-05-06 15:58:45 - [MESSAGE][PASSED] - Object: 'Object Repository/Cart flyout-tooltips_OR/Page_Ontario Cannabis Store  Ontari/button_Verify' is clicked on

2019-05-06 15:58:45 - [TEST_STEP][PASSED] - click(findTestObject("Object Repository/Cart flyout-tooltips_OR/Page_Ontario Cannabis Store  Ontari/span_CONFIRM AND ACKNOWLEDGE_c")): Object: 'Object Repository/Cart flyout-tooltips_OR/Page_Ontario Cannabis Store  Ontari/span_CONFIRM AND ACKNOWLEDGE_c' is clicked on

2019-05-06 15:58:45 - [MESSAGE][PASSED] - Object: 'Object Repository/Cart flyout-tooltips_OR/Page_Ontario Cannabis Store  Ontari/span_CONFIRM AND ACKNOWLEDGE_c' is clicked on

2019-05-06 15:58:45 - [TEST_STEP][PASSED] - click(findTestObject("Object Repository/Cart flyout-tooltips_OR/Page_Ontario Cannabis Store  Ontari/button_CONFIRM")): Object: 'Object Repository/Cart flyout-tooltips_OR/Page_Ontario Cannabis Store  Ontari/button_CONFIRM' is clicked on

2019-05-06 15:58:45 - [MESSAGE][PASSED] - Object: 'Object Repository/Cart flyout-tooltips_OR/Page_Ontario Cannabis Store  Ontari/button_CONFIRM' is clicked on

2019-05-06 15:58:45 - [TEST_STEP][PASSED] - click(findTestObject("Object Repository/Cart flyout-tooltips_OR/Page_Ontario Cannabis Store  Ontari/button_Start Browsing")): Object: 'Object Repository/Cart flyout-tooltips_OR/Page_Ontario Cannabis Store  Ontari/button_Start Browsing' is clicked on

2019-05-06 15:58:46 - [MESSAGE][PASSED] - Object: 'Object Repository/Cart flyout-tooltips_OR/Page_Ontario Cannabis Store  Ontari/button_Start Browsing' is clicked on

2019-05-06 15:58:46 - [TEST_STEP][PASSED] - click(findTestObject("Object Repository/Cart flyout-tooltips_OR/Page_Ontario Cannabis Store  Ontari/h3_Cannabis")): Object: 'Object Repository/Cart flyout-tooltips_OR/Page_Ontario Cannabis Store  Ontari/h3_Cannabis' is clicked on

2019-05-06 15:58:46 - [MESSAGE][PASSED] - Object: 'Object Repository/Cart flyout-tooltips_OR/Page_Ontario Cannabis Store  Ontari/h3_Cannabis' is clicked on

2019-05-06 15:58:46 - [TEST_STEP][PASSED] - click(findTestObject("Object Repository/Cart flyout-tooltips_OR/Page_Ontario Cannabis Store  Ontari/span_Indica Dominant")): Object: 'Object Repository/Cart flyout-tooltips_OR/Page_Ontario Cannabis Store  Ontari/span_Indica Dominant' is clicked on

2019-05-06 15:58:50 - [MESSAGE][PASSED] - Object: 'Object Repository/Cart flyout-tooltips_OR/Page_Ontario Cannabis Store  Ontari/span_Indica Dominant' is clicked on

2019-05-06 15:58:50 - [TEST_STEP][PASSED] - click(findTestObject("Object Repository/Cart flyout-tooltips_OR/Page_Indica Dominant Dried Flower/h3_Shishkaberry")): Object: 'Object Repository/Cart flyout-tooltips_OR/Page_Indica Dominant Dried Flower/h3_Shishkaberry' is clicked on

2019-05-06 15:58:58 - [MESSAGE][PASSED] - Object: 'Object Repository/Cart flyout-tooltips_OR/Page_Indica Dominant Dried Flower/h3_Shishkaberry' is clicked on

2019-05-06 15:58:58 - [TEST_STEP][PASSED] - click(findTestObject("Object Repository/Cart flyout-tooltips_OR/Page_Shishkaberry  Ontario Cannabis/label_1g")): Object: 'Object Repository/Cart flyout-tooltips_OR/Page_Shishkaberry  Ontario Cannabis/label_1g' is clicked on

2019-05-06 15:58:59 - [MESSAGE][PASSED] - Object: 'Object Repository/Cart flyout-tooltips_OR/Page_Shishkaberry  Ontario Cannabis/label_1g' is clicked on

2019-05-06 15:58:59 - [TEST_STEP][PASSED] - click(findTestObject("Object Repository/Cart flyout-tooltips_OR/Page_Shishkaberry  Ontario Cannabis/button_Add to Bag9.75")): Object: 'Object Repository/Cart flyout-tooltips_OR/Page_Shishkaberry  Ontario Cannabis/button_Add to Bag9.75' is clicked on

2019-05-06 15:58:59 - [MESSAGE][PASSED] - Object: 'Object Repository/Cart flyout-tooltips_OR/Page_Shishkaberry  Ontario Cannabis/button_Add to Bag9.75' is clicked on

2019-05-06 15:58:59 - [TEST_STEP][PASSED] - delay(3): Delayed 3 second(s)

2019-05-06 15:59:02 - [MESSAGE][PASSED] - Delayed 3 second(s)

2019-05-06 15:59:02 - [TEST_STEP][PASSED] - click(findTestObject("Object Repository/Cart flyout-tooltips_OR/Page_Shishkaberry  Ontario Cannabis/i_limit_icon icon--question-ma")): Object: 'Object Repository/Cart flyout-tooltips_OR/Page_Shishkaberry  Ontario Cannabis/i_limit_icon icon--question-ma' is clicked on

2019-05-06 15:59:03 - [MESSAGE][PASSED] - Object: 'Object Repository/Cart flyout-tooltips_OR/Page_Shishkaberry  Ontario Cannabis/i_limit_icon icon--question-ma' is clicked on

2019-05-06 15:59:03 - [TEST_STEP][PASSED] - delay(3): Delayed 3 second(s)

2019-05-06 15:59:06 - [MESSAGE][PASSED] - Delayed 3 second(s)

2019-05-06 15:59:06 - [TEST_STEP][PASSED] - click(findTestObject("Object Repository/Cart flyout-tooltips_OR/Page_Shishkaberry  Ontario Cannabis/i_Grams of cannabis_icon icon-")): Object: 'Object Repository/Cart flyout-tooltips_OR/Page_Shishkaberry  Ontario Cannabis/i_Grams of cannabis_icon icon-' is clicked on

2019-05-06 15:59:06 - [MESSAGE][PASSED] - Object: 'Object Repository/Cart flyout-tooltips_OR/Page_Shishkaberry  Ontario Cannabis/i_Grams of cannabis_icon icon-' is clicked on]]></system-out>
         <system-err><![CDATA[]]></system-err>
      </testcase>
      <testcase name="Test Cases/OCS- CRITICAL PATH/Cart" classname="Test Cases/OCS- CRITICAL PATH/Cart" status="PASSED">
         <system-out><![CDATA[2019-05-06 15:59:06 - [TEST_CASE][PASSED] - Test Cases/OCS- CRITICAL PATH/Cart: Test Cases/OCS- CRITICAL PATH/Cart

2019-05-06 15:59:06 - [TEST_STEP][PASSED] - openBrowser(""): Browser is opened with url: ''

2019-05-06 15:59:06 - [MESSAGE][WARNING] - A browser is already opened. Closing browser and opening a new one

2019-05-06 15:59:09 - [MESSAGE][INFO] - Starting 'Remote' driver

2019-05-06 15:59:09 - [MESSAGE][INFO] - User set preference: ['os', 'windows']

2019-05-06 15:59:09 - [MESSAGE][INFO] - User set preference: ['os_version', '10']

2019-05-06 15:59:09 - [MESSAGE][INFO] - User set preference: ['browser', 'Chrome']

2019-05-06 15:59:09 - [MESSAGE][INFO] - User set preference: ['browser_version', '74']

2019-05-06 15:59:09 - [MESSAGE][INFO] - User set preference: ['resolution', '1280x800']

2019-05-06 15:59:09 - [MESSAGE][INFO] - Connecting to remote web server 'https://dianatest3:Z3oqw9ysqTeRQJq5wFCp@hub-cloud.browserstack.com/wd/hub' with type 'Selenium'

2019-05-06 15:59:15 - [MESSAGE][PASSED] - Browser is opened with url: ''

2019-05-06 15:59:15 - [TEST_STEP][PASSED] - navigateToUrl("https://ocs.ca/?fts=0&preview_theme_id=53372913484"): Navigate to 'https://ocs.ca/?fts=0&preview_theme_id=53372913484' successfully

2019-05-06 15:59:23 - [MESSAGE][PASSED] - Navigate to 'https://ocs.ca/?fts=0&preview_theme_id=53372913484' successfully

2019-05-06 15:59:23 - [TEST_STEP][PASSED] - click(findTestObject("Object Repository/Theme_oR/Page_Ontario Cannabis Store  Ontari/button_Close preview")): Object: 'Object Repository/Theme_oR/Page_Ontario Cannabis Store  Ontari/button_Close preview' is clicked on

2019-05-06 15:59:24 - [MESSAGE][PASSED] - Object: 'Object Repository/Theme_oR/Page_Ontario Cannabis Store  Ontari/button_Close preview' is clicked on

2019-05-06 15:59:26 - [TEST_STEP][PASSED] - maximizeWindow(): Current window maximized

2019-05-06 15:59:28 - [MESSAGE][PASSED] - Current window maximized

2019-05-06 15:59:28 - [TEST_STEP][PASSED] - selectOptionByValue(findTestObject("OCS_CRITICAL PATH/cart flyout- price/Page_Ontario Cannabis Store  Ontari/select_Select01020304050607080"), "17", true): All options with value '17' are selected in object 'Object Repository/OCS_CRITICAL PATH/cart flyout- price/Page_Ontario Cannabis Store  Ontari/select_Select01020304050607080'  using regular expression

2019-05-06 15:59:34 - [MESSAGE][PASSED] - All options with value '17' are selected in object 'Object Repository/OCS_CRITICAL PATH/cart flyout- price/Page_Ontario Cannabis Store  Ontari/select_Select01020304050607080'  using regular expression

2019-05-06 15:59:34 - [TEST_STEP][PASSED] - selectOptionByValue(findTestObject("OCS_CRITICAL PATH/cart flyout- price/Page_Ontario Cannabis Store  Ontari/select_SelectJanuary - 01Febru"), "8", true): All options with value '8' are selected in object 'Object Repository/OCS_CRITICAL PATH/cart flyout- price/Page_Ontario Cannabis Store  Ontari/select_SelectJanuary - 01Febru'  using regular expression

2019-05-06 15:59:38 - [MESSAGE][PASSED] - All options with value '8' are selected in object 'Object Repository/OCS_CRITICAL PATH/cart flyout- price/Page_Ontario Cannabis Store  Ontari/select_SelectJanuary - 01Febru'  using regular expression

2019-05-06 15:59:38 - [TEST_STEP][PASSED] - selectOptionByValue(findTestObject("OCS_CRITICAL PATH/cart flyout- price/Page_Ontario Cannabis Store  Ontari/select_Select20182017201620152"), "1950", true): All options with value '1950' are selected in object 'Object Repository/OCS_CRITICAL PATH/cart flyout- price/Page_Ontario Cannabis Store  Ontari/select_Select20182017201620152'  using regular expression

2019-05-06 15:59:54 - [MESSAGE][PASSED] - All options with value '1950' are selected in object 'Object Repository/OCS_CRITICAL PATH/cart flyout- price/Page_Ontario Cannabis Store  Ontari/select_Select20182017201620152'  using regular expression

2019-05-06 15:59:54 - [TEST_STEP][PASSED] - click(findTestObject("OCS_CRITICAL PATH/cart flyout- price/Page_Ontario Cannabis Store  Ontari/button_Verify")): Object: 'Object Repository/OCS_CRITICAL PATH/cart flyout- price/Page_Ontario Cannabis Store  Ontari/button_Verify' is clicked on

2019-05-06 15:59:55 - [MESSAGE][PASSED] - Object: 'Object Repository/OCS_CRITICAL PATH/cart flyout- price/Page_Ontario Cannabis Store  Ontari/button_Verify' is clicked on

2019-05-06 15:59:55 - [TEST_STEP][PASSED] - click(findTestObject("OCS_CRITICAL PATH/cart flyout- price/Page_Ontario Cannabis Store  Ontari/span_CONFIRM AND ACKNOWLEDGE_c")): Object: 'Object Repository/OCS_CRITICAL PATH/cart flyout- price/Page_Ontario Cannabis Store  Ontari/span_CONFIRM AND ACKNOWLEDGE_c' is clicked on

2019-05-06 15:59:55 - [MESSAGE][PASSED] - Object: 'Object Repository/OCS_CRITICAL PATH/cart flyout- price/Page_Ontario Cannabis Store  Ontari/span_CONFIRM AND ACKNOWLEDGE_c' is clicked on

2019-05-06 15:59:55 - [TEST_STEP][PASSED] - click(findTestObject("OCS_CRITICAL PATH/cart flyout- price/Page_Ontario Cannabis Store  Ontari/button_CONFIRM")): Object: 'Object Repository/OCS_CRITICAL PATH/cart flyout- price/Page_Ontario Cannabis Store  Ontari/button_CONFIRM' is clicked on

2019-05-06 15:59:56 - [MESSAGE][PASSED] - Object: 'Object Repository/OCS_CRITICAL PATH/cart flyout- price/Page_Ontario Cannabis Store  Ontari/button_CONFIRM' is clicked on

2019-05-06 15:59:56 - [TEST_STEP][PASSED] - click(findTestObject("OCS_CRITICAL PATH/cart flyout- price/Page_Ontario Cannabis Store  Ontari/button_Start Browsing")): Object: 'Object Repository/OCS_CRITICAL PATH/cart flyout- price/Page_Ontario Cannabis Store  Ontari/button_Start Browsing' is clicked on

2019-05-06 15:59:56 - [MESSAGE][PASSED] - Object: 'Object Repository/OCS_CRITICAL PATH/cart flyout- price/Page_Ontario Cannabis Store  Ontari/button_Start Browsing' is clicked on

2019-05-06 15:59:56 - [TEST_STEP][PASSED] - delay(3): Delayed 3 second(s)

2019-05-06 15:59:59 - [MESSAGE][PASSED] - Delayed 3 second(s)

2019-05-06 15:59:59 - [TEST_STEP][PASSED] - mouseOver(findTestObject("OCS_CRITICAL PATH/cart flyout- price/Page_Ontario Cannabis Store  Ontari/h3_Cannabis")): Object: 'Object Repository/OCS_CRITICAL PATH/cart flyout- price/Page_Ontario Cannabis Store  Ontari/h3_Cannabis' is hovered

2019-05-06 15:59:59 - [MESSAGE][PASSED] - Object: 'Object Repository/OCS_CRITICAL PATH/cart flyout- price/Page_Ontario Cannabis Store  Ontari/h3_Cannabis' is hovered

2019-05-06 15:59:59 - [TEST_STEP][PASSED] - delay(3): Delayed 3 second(s)

2019-05-06 16:00:02 - [MESSAGE][PASSED] - Delayed 3 second(s)

2019-05-06 16:00:02 - [TEST_STEP][PASSED] - click(findTestObject("OCS_CRITICAL PATH/cart flyout- price/Page_Ontario Cannabis Store  Ontari/span_Indica Dominant")): Object: 'Object Repository/OCS_CRITICAL PATH/cart flyout- price/Page_Ontario Cannabis Store  Ontari/span_Indica Dominant' is clicked on

2019-05-06 16:00:05 - [MESSAGE][PASSED] - Object: 'Object Repository/OCS_CRITICAL PATH/cart flyout- price/Page_Ontario Cannabis Store  Ontari/span_Indica Dominant' is clicked on

2019-05-06 16:00:05 - [TEST_STEP][PASSED] - delay(3): Delayed 3 second(s)

2019-05-06 16:00:08 - [MESSAGE][PASSED] - Delayed 3 second(s)

2019-05-06 16:00:08 - [TEST_STEP][PASSED] - click(findTestObject("OCS_CRITICAL PATH/cart flyout- price/Page_Indica Dominant Dried Flower/h3_Shishkaberry")): Object: 'Object Repository/OCS_CRITICAL PATH/cart flyout- price/Page_Indica Dominant Dried Flower/h3_Shishkaberry' is clicked on

2019-05-06 16:00:13 - [MESSAGE][PASSED] - Object: 'Object Repository/OCS_CRITICAL PATH/cart flyout- price/Page_Indica Dominant Dried Flower/h3_Shishkaberry' is clicked on

2019-05-06 16:00:13 - [TEST_STEP][PASSED] - delay(3): Delayed 3 second(s)

2019-05-06 16:00:16 - [MESSAGE][PASSED] - Delayed 3 second(s)

2019-05-06 16:00:16 - [TEST_STEP][PASSED] - click(findTestObject("OCS_CRITICAL PATH/cart flyout- price/Page_Shishkaberry  Ontario Cannabis/label_1g")): Object: 'Object Repository/OCS_CRITICAL PATH/cart flyout- price/Page_Shishkaberry  Ontario Cannabis/label_1g' is clicked on

2019-05-06 16:00:16 - [MESSAGE][PASSED] - Object: 'Object Repository/OCS_CRITICAL PATH/cart flyout- price/Page_Shishkaberry  Ontario Cannabis/label_1g' is clicked on

2019-05-06 16:00:16 - [TEST_STEP][PASSED] - delay(3): Delayed 3 second(s)

2019-05-06 16:00:19 - [MESSAGE][PASSED] - Delayed 3 second(s)

2019-05-06 16:00:19 - [TEST_STEP][PASSED] - click(findTestObject("OCS_CRITICAL PATH/cart flyout- price/Page_Shishkaberry  Ontario Cannabis/button_Add to Bag9.75")): Object: 'Object Repository/OCS_CRITICAL PATH/cart flyout- price/Page_Shishkaberry  Ontario Cannabis/button_Add to Bag9.75' is clicked on

2019-05-06 16:00:20 - [MESSAGE][PASSED] - Object: 'Object Repository/OCS_CRITICAL PATH/cart flyout- price/Page_Shishkaberry  Ontario Cannabis/button_Add to Bag9.75' is clicked on

2019-05-06 16:00:20 - [TEST_STEP][PASSED] - delay(2): Delayed 2 second(s)

2019-05-06 16:00:22 - [MESSAGE][PASSED] - Delayed 2 second(s)

2019-05-06 16:00:22 - [TEST_STEP][PASSED] - click(findTestObject("OCS_CRITICAL PATH/cart flyout- price/Page_Shishkaberry  Ontario Cannabis/i_9.75_icon icon--back js-clos")): Object: 'Object Repository/OCS_CRITICAL PATH/cart flyout- price/Page_Shishkaberry  Ontario Cannabis/i_9.75_icon icon--back js-clos' is clicked on

2019-05-06 16:00:22 - [MESSAGE][PASSED] - Object: 'Object Repository/OCS_CRITICAL PATH/cart flyout- price/Page_Shishkaberry  Ontario Cannabis/i_9.75_icon icon--back js-clos' is clicked on

2019-05-06 16:00:22 - [TEST_STEP][PASSED] - delay(3): Delayed 3 second(s)

2019-05-06 16:00:25 - [MESSAGE][PASSED] - Delayed 3 second(s)

2019-05-06 16:00:25 - [TEST_STEP][PASSED] - click(findTestObject("OCS_CRITICAL PATH/cart flyout- price/Page_Shishkaberry  Ontario Cannabis/label_3.5g")): Object: 'Object Repository/OCS_CRITICAL PATH/cart flyout- price/Page_Shishkaberry  Ontario Cannabis/label_3.5g' is clicked on

2019-05-06 16:00:26 - [MESSAGE][PASSED] - Object: 'Object Repository/OCS_CRITICAL PATH/cart flyout- price/Page_Shishkaberry  Ontario Cannabis/label_3.5g' is clicked on

2019-05-06 16:00:26 - [TEST_STEP][PASSED] - delay(2): Delayed 2 second(s)

2019-05-06 16:00:28 - [MESSAGE][PASSED] - Delayed 2 second(s)

2019-05-06 16:00:28 - [TEST_STEP][PASSED] - click(findTestObject("OCS_CRITICAL PATH/cart flyout- price/Page_Shishkaberry  Ontario Cannabis/button_Add to Bag32.40")): Object: 'Object Repository/OCS_CRITICAL PATH/cart flyout- price/Page_Shishkaberry  Ontario Cannabis/button_Add to Bag32.40' is clicked on

2019-05-06 16:00:28 - [MESSAGE][PASSED] - Object: 'Object Repository/OCS_CRITICAL PATH/cart flyout- price/Page_Shishkaberry  Ontario Cannabis/button_Add to Bag32.40' is clicked on

2019-05-06 16:00:28 - [TEST_STEP][PASSED] - delay(2): Delayed 2 second(s)

2019-05-06 16:00:30 - [MESSAGE][PASSED] - Delayed 2 second(s)

2019-05-06 16:00:30 - [TEST_STEP][PASSED] - click(findTestObject("OCS_CRITICAL PATH/cartpage- decrease qty _OR/Page_Shishkaberry  Ontario Cannabis/span_concat(I confirm that I")): Object: 'Object Repository/OCS_CRITICAL PATH/cartpage- decrease qty _OR/Page_Shishkaberry  Ontario Cannabis/span_concat(I confirm that I' is clicked on

2019-05-06 16:00:31 - [MESSAGE][PASSED] - Object: 'Object Repository/OCS_CRITICAL PATH/cartpage- decrease qty _OR/Page_Shishkaberry  Ontario Cannabis/span_concat(I confirm that I' is clicked on

2019-05-06 16:00:31 - [TEST_STEP][PASSED] - click(findTestObject("OCS_CRITICAL PATH/cartpage- decrease qty _OR/Page_Shishkaberry  Ontario Cannabis/span_Accept the_checkbox")): Object: 'Object Repository/OCS_CRITICAL PATH/cartpage- decrease qty _OR/Page_Shishkaberry  Ontario Cannabis/span_Accept the_checkbox' is clicked on

2019-05-06 16:00:31 - [MESSAGE][PASSED] - Object: 'Object Repository/OCS_CRITICAL PATH/cartpage- decrease qty _OR/Page_Shishkaberry  Ontario Cannabis/span_Accept the_checkbox' is clicked on

2019-05-06 16:00:31 - [TEST_STEP][PASSED] - delay(3): Delayed 3 second(s)

2019-05-06 16:00:34 - [MESSAGE][PASSED] - Delayed 3 second(s)

2019-05-06 16:00:34 - [TEST_STEP][PASSED] - click(findTestObject("OCS_CRITICAL PATH/cartpage- decrease qty _OR/Page_Shishkaberry  Ontario Cannabis/a_Checkout")): Object: 'Object Repository/OCS_CRITICAL PATH/cartpage- decrease qty _OR/Page_Shishkaberry  Ontario Cannabis/a_Checkout' is clicked on

2019-05-06 16:00:40 - [MESSAGE][PASSED] - Object: 'Object Repository/OCS_CRITICAL PATH/cartpage- decrease qty _OR/Page_Shishkaberry  Ontario Cannabis/a_Checkout' is clicked on

2019-05-06 16:00:40 - [TEST_STEP][PASSED] - click(findTestObject("OCS_CRITICAL PATH/cartpage- decrease qty _OR/Page_Ontario Cannabis Store - Infor/a_Cart")): Object: 'Object Repository/OCS_CRITICAL PATH/cartpage- decrease qty _OR/Page_Ontario Cannabis Store - Infor/a_Cart' is clicked on

2019-05-06 16:00:42 - [MESSAGE][PASSED] - Object: 'Object Repository/OCS_CRITICAL PATH/cartpage- decrease qty _OR/Page_Ontario Cannabis Store - Infor/a_Cart' is clicked on

2019-05-06 16:00:42 - [TEST_STEP][PASSED] - a = getText(findTestObject("OCS_CRITICAL PATH/cart flyout- price/Page_Your Shopping Cart  Ontario Ca/span_9.75")): Text of object 'Object Repository/OCS_CRITICAL PATH/cart flyout- price/Page_Your Shopping Cart  Ontario Ca/span_9.75' is: '$9.75'

2019-05-06 16:00:42 - [MESSAGE][PASSED] - Text of object 'Object Repository/OCS_CRITICAL PATH/cart flyout- price/Page_Your Shopping Cart  Ontario Ca/span_9.75' is: '$9.75'

2019-05-06 16:00:42 - [TEST_STEP][PASSED] - comment(a): $9.75

2019-05-06 16:00:42 - [MESSAGE][INFO] - $9.75

2019-05-06 16:00:42 - [TEST_STEP][PASSED] - a1 = a.substring(1): null

2019-05-06 16:00:42 - [TEST_STEP][PASSED] - comment("a1 = " + a1): a1 = 9.75

2019-05-06 16:00:42 - [MESSAGE][INFO] - a1 = 9.75

2019-05-06 16:00:42 - [TEST_STEP][PASSED] - delay(2): Delayed 2 second(s)

2019-05-06 16:00:44 - [MESSAGE][PASSED] - Delayed 2 second(s)

2019-05-06 16:00:44 - [TEST_STEP][PASSED] - b = getText(findTestObject("OCS_CRITICAL PATH/cart flyout- price/Page_Your Shopping Cart  Ontario Ca/span_32.40")): Text of object 'Object Repository/OCS_CRITICAL PATH/cart flyout- price/Page_Your Shopping Cart  Ontario Ca/span_32.40' is: '$32.40'

2019-05-06 16:00:45 - [MESSAGE][PASSED] - Text of object 'Object Repository/OCS_CRITICAL PATH/cart flyout- price/Page_Your Shopping Cart  Ontario Ca/span_32.40' is: '$32.40'

2019-05-06 16:00:45 - [TEST_STEP][PASSED] - comment(b): $32.40

2019-05-06 16:00:45 - [MESSAGE][INFO] - $32.40

2019-05-06 16:00:45 - [TEST_STEP][PASSED] - a2 = b.substring(1): null

2019-05-06 16:00:45 - [TEST_STEP][PASSED] - comment("a2 = " + a2): a2 = 32.40

2019-05-06 16:00:45 - [MESSAGE][INFO] - a2 = 32.40

2019-05-06 16:00:45 - [TEST_STEP][PASSED] - c = getText(findTestObject("OCS_CRITICAL PATH/cart flyout- price/Page_Your Shopping Cart  Ontario Ca/p_42.15")): Text of object 'Object Repository/OCS_CRITICAL PATH/cart flyout- price/Page_Your Shopping Cart  Ontario Ca/p_42.15' is: '$42.15'

2019-05-06 16:00:45 - [MESSAGE][PASSED] - Text of object 'Object Repository/OCS_CRITICAL PATH/cart flyout- price/Page_Your Shopping Cart  Ontario Ca/p_42.15' is: '$42.15'

2019-05-06 16:00:45 - [TEST_STEP][PASSED] - comment(c): $42.15

2019-05-06 16:00:45 - [MESSAGE][INFO] - $42.15

2019-05-06 16:00:45 - [TEST_STEP][PASSED] - a3 = c.substring(1): null

2019-05-06 16:00:45 - [TEST_STEP][PASSED] - comment("a3 = " + a3): a3 = 42.15

2019-05-06 16:00:45 - [MESSAGE][INFO] - a3 = 42.15

2019-05-06 16:00:45 - [TEST_STEP][PASSED] - p2 = <not implemented yet for class: org.codehaus.groovy.ast.expr.EmptyExpression>: null

2019-05-06 16:00:45 - [TEST_STEP][PASSED] - p3 = <not implemented yet for class: org.codehaus.groovy.ast.expr.EmptyExpression>: null

2019-05-06 16:00:45 - [TEST_STEP][PASSED] - try: p2=9.75

2019-05-06 16:00:45 - [TEST_STEP][PASSED] - x1 = a1: null

2019-05-06 16:00:45 - [TEST_STEP][PASSED] - comment("x1=" + x1): x1=9.75

2019-05-06 16:00:45 - [MESSAGE][INFO] - x1=9.75

2019-05-06 16:00:45 - [TEST_STEP][PASSED] - p2 = Double.valueOf(x1): null

2019-05-06 16:00:45 - [TEST_STEP][PASSED] - comment("p2=" + p2): p2=9.75

2019-05-06 16:00:45 - [MESSAGE][INFO] - p2=9.75

2019-05-06 16:00:45 - [TEST_STEP][PASSED] - try: p3=32.4

2019-05-06 16:00:45 - [TEST_STEP][PASSED] - x2 = a2: null

2019-05-06 16:00:45 - [TEST_STEP][PASSED] - comment("x2=" + x2): x2=32.40

2019-05-06 16:00:45 - [MESSAGE][INFO] - x2=32.40

2019-05-06 16:00:45 - [TEST_STEP][PASSED] - p3 = Double.valueOf(x2): null

2019-05-06 16:00:45 - [TEST_STEP][PASSED] - comment("p3=" + p3): p3=32.4

2019-05-06 16:00:45 - [MESSAGE][INFO] - p3=32.4

2019-05-06 16:00:45 - [TEST_STEP][PASSED] - comment("p2=" + p2): p2=9.75

2019-05-06 16:00:45 - [MESSAGE][INFO] - p2=9.75

2019-05-06 16:00:45 - [TEST_STEP][PASSED] - comment("p3=" + p3): p3=32.4

2019-05-06 16:00:45 - [MESSAGE][INFO] - p3=32.4

2019-05-06 16:00:45 - [TEST_STEP][PASSED] - total = p2 + p3: null

2019-05-06 16:00:45 - [TEST_STEP][PASSED] - comment("total=" + total): total=42.15

2019-05-06 16:00:45 - [MESSAGE][INFO] - total=42.15

2019-05-06 16:00:45 - [TEST_STEP][PASSED] - verifyEqual(total, a3): Actual object '42.15' and expected object '42.15' are equal

2019-05-06 16:00:45 - [MESSAGE][PASSED] - Actual object '42.15' and expected object '42.15' are equal

2019-05-06 16:00:45 - [TEST_STEP][PASSED] - click(findTestObject("Object Repository/OCS_CRITICAL PATH/cart flyout- price/Page_Your Shopping Cart  Ontario Ca/i_Remove_icon icon--close-thic")): Object: 'Object Repository/OCS_CRITICAL PATH/cart flyout- price/Page_Your Shopping Cart  Ontario Ca/i_Remove_icon icon--close-thic' is clicked on

2019-05-06 16:00:47 - [MESSAGE][PASSED] - Object: 'Object Repository/OCS_CRITICAL PATH/cart flyout- price/Page_Your Shopping Cart  Ontario Ca/i_Remove_icon icon--close-thic' is clicked on

2019-05-06 16:00:47 - [TEST_STEP][PASSED] - delay(2): Delayed 2 second(s)

2019-05-06 16:00:49 - [MESSAGE][PASSED] - Delayed 2 second(s)

2019-05-06 16:00:49 - [TEST_STEP][PASSED] - c23 = getText(findTestObject("OCS_CRITICAL PATH/cart flyout- price/Page_Your Shopping Cart  Ontario Ca/p_42.15")): Text of object 'Object Repository/OCS_CRITICAL PATH/cart flyout- price/Page_Your Shopping Cart  Ontario Ca/p_42.15' is: '$32.40'

2019-05-06 16:00:49 - [MESSAGE][PASSED] - Text of object 'Object Repository/OCS_CRITICAL PATH/cart flyout- price/Page_Your Shopping Cart  Ontario Ca/p_42.15' is: '$32.40'

2019-05-06 16:00:49 - [TEST_STEP][PASSED] - comment(c23): $32.40

2019-05-06 16:00:49 - [MESSAGE][INFO] - $32.40

2019-05-06 16:00:49 - [TEST_STEP][PASSED] - a4 = c23.substring(1): null

2019-05-06 16:00:49 - [TEST_STEP][PASSED] - comment("a4= " + a4): a4= 32.40

2019-05-06 16:00:49 - [MESSAGE][INFO] - a4= 32.40

2019-05-06 16:00:49 - [TEST_STEP][PASSED] - b25 = getText(findTestObject("OCS_CRITICAL PATH/cart flyout- price/Page_Your Shopping Cart  Ontario Ca/span_32.40")): Text of object 'Object Repository/OCS_CRITICAL PATH/cart flyout- price/Page_Your Shopping Cart  Ontario Ca/span_32.40' is: '$32.40'

2019-05-06 16:00:49 - [MESSAGE][PASSED] - Text of object 'Object Repository/OCS_CRITICAL PATH/cart flyout- price/Page_Your Shopping Cart  Ontario Ca/span_32.40' is: '$32.40'

2019-05-06 16:00:49 - [TEST_STEP][PASSED] - comment(b25): $32.40

2019-05-06 16:00:49 - [MESSAGE][INFO] - $32.40

2019-05-06 16:00:49 - [TEST_STEP][PASSED] - a25 = b25.substring(1): null

2019-05-06 16:00:49 - [TEST_STEP][PASSED] - comment("a25 = " + a25): a25 = 32.40

2019-05-06 16:00:49 - [MESSAGE][INFO] - a25 = 32.40

2019-05-06 16:00:49 - [TEST_STEP][PASSED] - verifyEqual(a4, a25): Actual object '32.40' and expected object '32.40' are equal

2019-05-06 16:00:49 - [MESSAGE][PASSED] - Actual object '32.40' and expected object '32.40' are equal]]></system-out>
         <system-err><![CDATA[]]></system-err>
      </testcase>
      <testcase name="Test Cases/OCS- CRITICAL PATH/cart flyout- accessories" classname="Test Cases/OCS- CRITICAL PATH/cart flyout- accessories" status="PASSED">
         <system-out><![CDATA[2019-05-06 16:00:49 - [TEST_CASE][PASSED] - Test Cases/OCS- CRITICAL PATH/cart flyout- accessories: Test Cases/OCS- CRITICAL PATH/cart flyout- accessories

2019-05-06 16:00:49 - [TEST_STEP][PASSED] - openBrowser(""): Browser is opened with url: ''

2019-05-06 16:00:49 - [MESSAGE][WARNING] - A browser is already opened. Closing browser and opening a new one

2019-05-06 16:00:51 - [MESSAGE][INFO] - Starting 'Remote' driver

2019-05-06 16:00:51 - [MESSAGE][INFO] - User set preference: ['os', 'windows']

2019-05-06 16:00:51 - [MESSAGE][INFO] - User set preference: ['os_version', '10']

2019-05-06 16:00:51 - [MESSAGE][INFO] - User set preference: ['browser', 'Chrome']

2019-05-06 16:00:51 - [MESSAGE][INFO] - User set preference: ['browser_version', '74']

2019-05-06 16:00:51 - [MESSAGE][INFO] - User set preference: ['resolution', '1280x800']

2019-05-06 16:00:51 - [MESSAGE][INFO] - Connecting to remote web server 'https://dianatest3:Z3oqw9ysqTeRQJq5wFCp@hub-cloud.browserstack.com/wd/hub' with type 'Selenium'

2019-05-06 16:01:01 - [MESSAGE][PASSED] - Browser is opened with url: ''

2019-05-06 16:01:01 - [TEST_STEP][PASSED] - navigateToUrl("https://ocs.ca/?fts=0&preview_theme_id=53372913484"): Navigate to 'https://ocs.ca/?fts=0&preview_theme_id=53372913484' successfully

2019-05-06 16:01:08 - [MESSAGE][PASSED] - Navigate to 'https://ocs.ca/?fts=0&preview_theme_id=53372913484' successfully

2019-05-06 16:01:08 - [TEST_STEP][PASSED] - delay(2): Delayed 2 second(s)

2019-05-06 16:01:10 - [MESSAGE][PASSED] - Delayed 2 second(s)

2019-05-06 16:01:10 - [TEST_STEP][PASSED] - click(findTestObject("Object Repository/CART FLYOUT-accessories_OR/Page_Ontario Cannabis Store  Ontari/button_Close preview")): Object: 'Object Repository/CART FLYOUT-accessories_OR/Page_Ontario Cannabis Store  Ontari/button_Close preview' is clicked on

2019-05-06 16:01:19 - [MESSAGE][PASSED] - Object: 'Object Repository/CART FLYOUT-accessories_OR/Page_Ontario Cannabis Store  Ontari/button_Close preview' is clicked on

2019-05-06 16:01:19 - [TEST_STEP][PASSED] - maximizeWindow(): Current window maximized

2019-05-06 16:01:21 - [MESSAGE][PASSED] - Current window maximized

2019-05-06 16:01:21 - [TEST_STEP][PASSED] - selectOptionByValue(findTestObject("Object Repository/CART FLYOUT-accessories_OR/Page_Ontario Cannabis Store  Ontari/select_Select01020304050607080"), "3", true): All options with value '3' are selected in object 'Object Repository/CART FLYOUT-accessories_OR/Page_Ontario Cannabis Store  Ontari/select_Select01020304050607080'  using regular expression

2019-05-06 16:01:26 - [MESSAGE][PASSED] - All options with value '3' are selected in object 'Object Repository/CART FLYOUT-accessories_OR/Page_Ontario Cannabis Store  Ontari/select_Select01020304050607080'  using regular expression

2019-05-06 16:01:26 - [TEST_STEP][PASSED] - selectOptionByValue(findTestObject("Object Repository/CART FLYOUT-accessories_OR/Page_Ontario Cannabis Store  Ontari/select_SelectJanuary - 01Febru"), "3", true): All options with value '3' are selected in object 'Object Repository/CART FLYOUT-accessories_OR/Page_Ontario Cannabis Store  Ontari/select_SelectJanuary - 01Febru'  using regular expression

2019-05-06 16:01:28 - [MESSAGE][PASSED] - All options with value '3' are selected in object 'Object Repository/CART FLYOUT-accessories_OR/Page_Ontario Cannabis Store  Ontari/select_SelectJanuary - 01Febru'  using regular expression

2019-05-06 16:01:28 - [TEST_STEP][PASSED] - selectOptionByValue(findTestObject("Object Repository/CART FLYOUT-accessories_OR/Page_Ontario Cannabis Store  Ontari/select_Select20182017201620152"), "1991", true): All options with value '1991' are selected in object 'Object Repository/CART FLYOUT-accessories_OR/Page_Ontario Cannabis Store  Ontari/select_Select20182017201620152'  using regular expression

2019-05-06 16:01:44 - [MESSAGE][PASSED] - All options with value '1991' are selected in object 'Object Repository/CART FLYOUT-accessories_OR/Page_Ontario Cannabis Store  Ontari/select_Select20182017201620152'  using regular expression

2019-05-06 16:01:44 - [TEST_STEP][PASSED] - click(findTestObject("Object Repository/CART FLYOUT-accessories_OR/Page_Ontario Cannabis Store  Ontari/button_Verify")): Object: 'Object Repository/CART FLYOUT-accessories_OR/Page_Ontario Cannabis Store  Ontari/button_Verify' is clicked on

2019-05-06 16:01:45 - [MESSAGE][PASSED] - Object: 'Object Repository/CART FLYOUT-accessories_OR/Page_Ontario Cannabis Store  Ontari/button_Verify' is clicked on

2019-05-06 16:01:45 - [TEST_STEP][PASSED] - click(findTestObject("Object Repository/CART FLYOUT-accessories_OR/Page_Ontario Cannabis Store  Ontari/span_CONFIRM AND ACKNOWLEDGE_c")): Object: 'Object Repository/CART FLYOUT-accessories_OR/Page_Ontario Cannabis Store  Ontari/span_CONFIRM AND ACKNOWLEDGE_c' is clicked on

2019-05-06 16:01:45 - [MESSAGE][PASSED] - Object: 'Object Repository/CART FLYOUT-accessories_OR/Page_Ontario Cannabis Store  Ontari/span_CONFIRM AND ACKNOWLEDGE_c' is clicked on

2019-05-06 16:01:45 - [TEST_STEP][PASSED] - click(findTestObject("Object Repository/CART FLYOUT-accessories_OR/Page_Ontario Cannabis Store  Ontari/button_CONFIRM")): Object: 'Object Repository/CART FLYOUT-accessories_OR/Page_Ontario Cannabis Store  Ontari/button_CONFIRM' is clicked on

2019-05-06 16:01:45 - [MESSAGE][PASSED] - Object: 'Object Repository/CART FLYOUT-accessories_OR/Page_Ontario Cannabis Store  Ontari/button_CONFIRM' is clicked on

2019-05-06 16:01:45 - [TEST_STEP][PASSED] - click(findTestObject("Object Repository/CART FLYOUT-accessories_OR/Page_Ontario Cannabis Store  Ontari/button_Start Browsing")): Object: 'Object Repository/CART FLYOUT-accessories_OR/Page_Ontario Cannabis Store  Ontari/button_Start Browsing' is clicked on

2019-05-06 16:01:45 - [MESSAGE][PASSED] - Object: 'Object Repository/CART FLYOUT-accessories_OR/Page_Ontario Cannabis Store  Ontari/button_Start Browsing' is clicked on

2019-05-06 16:01:45 - [TEST_STEP][PASSED] - delay(3): Delayed 3 second(s)

2019-05-06 16:01:48 - [MESSAGE][PASSED] - Delayed 3 second(s)

2019-05-06 16:01:48 - [TEST_STEP][PASSED] - mouseOver(findTestObject("Object Repository/CART FLYOUT-accessories_OR/Page_Ontario Cannabis Store  Ontari/h3_Cannabis")): Object: 'Object Repository/CART FLYOUT-accessories_OR/Page_Ontario Cannabis Store  Ontari/h3_Cannabis' is hovered

2019-05-06 16:01:49 - [MESSAGE][PASSED] - Object: 'Object Repository/CART FLYOUT-accessories_OR/Page_Ontario Cannabis Store  Ontari/h3_Cannabis' is hovered

2019-05-06 16:01:49 - [TEST_STEP][PASSED] - click(findTestObject("Object Repository/CART FLYOUT-accessories_OR/Page_Ontario Cannabis Store  Ontari/span_Indica Dominant")): Object: 'Object Repository/CART FLYOUT-accessories_OR/Page_Ontario Cannabis Store  Ontari/span_Indica Dominant' is clicked on

2019-05-06 16:01:52 - [MESSAGE][PASSED] - Object: 'Object Repository/CART FLYOUT-accessories_OR/Page_Ontario Cannabis Store  Ontari/span_Indica Dominant' is clicked on

2019-05-06 16:01:52 - [TEST_STEP][PASSED] - click(findTestObject("Object Repository/CART FLYOUT-accessories_OR/Page_Indica Dominant Dried Flower/h3_Shishkaberry")): Object: 'Object Repository/CART FLYOUT-accessories_OR/Page_Indica Dominant Dried Flower/h3_Shishkaberry' is clicked on

2019-05-06 16:01:58 - [MESSAGE][PASSED] - Object: 'Object Repository/CART FLYOUT-accessories_OR/Page_Indica Dominant Dried Flower/h3_Shishkaberry' is clicked on

2019-05-06 16:01:58 - [TEST_STEP][PASSED] - click(findTestObject("Object Repository/CART FLYOUT-accessories_OR/Page_Shishkaberry  Ontario Cannabis/label_1g")): Object: 'Object Repository/CART FLYOUT-accessories_OR/Page_Shishkaberry  Ontario Cannabis/label_1g' is clicked on

2019-05-06 16:01:58 - [MESSAGE][PASSED] - Object: 'Object Repository/CART FLYOUT-accessories_OR/Page_Shishkaberry  Ontario Cannabis/label_1g' is clicked on

2019-05-06 16:01:58 - [TEST_STEP][PASSED] - click(findTestObject("Object Repository/CART FLYOUT-accessories_OR/Page_Shishkaberry  Ontario Cannabis/button_Add to Bag9.75")): Object: 'Object Repository/CART FLYOUT-accessories_OR/Page_Shishkaberry  Ontario Cannabis/button_Add to Bag9.75' is clicked on

2019-05-06 16:01:58 - [MESSAGE][PASSED] - Object: 'Object Repository/CART FLYOUT-accessories_OR/Page_Shishkaberry  Ontario Cannabis/button_Add to Bag9.75' is clicked on

2019-05-06 16:01:58 - [TEST_STEP][PASSED] - delay(2): Delayed 2 second(s)

2019-05-06 16:02:00 - [MESSAGE][PASSED] - Delayed 2 second(s)

2019-05-06 16:02:00 - [TEST_STEP][PASSED] - click(findTestObject("Object Repository/CART FLYOUT-accessories_OR/Page_Shishkaberry  Ontario Cannabis/i_Accessories you might need_i")): Object: 'Object Repository/CART FLYOUT-accessories_OR/Page_Shishkaberry  Ontario Cannabis/i_Accessories you might need_i' is clicked on

2019-05-06 16:02:01 - [MESSAGE][PASSED] - Object: 'Object Repository/CART FLYOUT-accessories_OR/Page_Shishkaberry  Ontario Cannabis/i_Accessories you might need_i' is clicked on

2019-05-06 16:02:01 - [TEST_STEP][PASSED] - delay(2): Delayed 2 second(s)

2019-05-06 16:02:03 - [MESSAGE][PASSED] - Delayed 2 second(s)

2019-05-06 16:02:03 - [TEST_STEP][PASSED] - click(findTestObject("Object Repository/CART FLYOUT-accessories_OR/Page_Shishkaberry  Ontario Cannabis/i_Accessories you might need_i_1")): Object: 'Object Repository/CART FLYOUT-accessories_OR/Page_Shishkaberry  Ontario Cannabis/i_Accessories you might need_i_1' is clicked on

2019-05-06 16:02:03 - [MESSAGE][PASSED] - Object: 'Object Repository/CART FLYOUT-accessories_OR/Page_Shishkaberry  Ontario Cannabis/i_Accessories you might need_i_1' is clicked on]]></system-out>
         <system-err><![CDATA[]]></system-err>
      </testcase>
      <testcase name="Test Cases/OCS- CRITICAL PATH/Cart flyout-price comparison" classname="Test Cases/OCS- CRITICAL PATH/Cart flyout-price comparison" status="FAILED">
         <failure type="FAILED" message="Test Cases/OCS- CRITICAL PATH/Cart flyout-price comparison FAILED.
Reason:
com.kms.katalon.core.exception.StepFailedException: Unable to click on object 'Object Repository/OCS_CRITICAL PATH/cart flyout- price/Page_Shishkaberry  Ontario Cannabis/label_3.5g' (Root cause: com.kms.katalon.core.webui.exception.WebElementNotFoundException: Web element with id: 'Object Repository/OCS_CRITICAL PATH/cart flyout- price/Page_Shishkaberry  Ontario Cannabis/label_3.5g' located by 'By.xpath: //form[@id='product_1314098120524_pdp']/div/div/div/ul/li[2]/label' not found)
	at com.kms.katalon.core.keyword.internal.KeywordMain.stepFailed(KeywordMain.groovy:36)
	at com.kms.katalon.core.webui.keyword.internal.WebUIKeywordMain.stepFailed(WebUIKeywordMain.groovy:65)
	at com.kms.katalon.core.webui.keyword.internal.WebUIKeywordMain.runKeyword(WebUIKeywordMain.groovy:27)
	at com.kms.katalon.core.webui.keyword.builtin.ClickKeyword.click(ClickKeyword.groovy:86)
	at com.kms.katalon.core.webui.keyword.builtin.ClickKeyword.execute(ClickKeyword.groovy:67)
	at com.kms.katalon.core.keyword.internal.KeywordExecutor.executeKeywordForPlatform(KeywordExecutor.groovy:53)
	at com.kms.katalon.core.webui.keyword.WebUiBuiltInKeywords.click(WebUiBuiltInKeywords.groovy:616)
	at com.kms.katalon.core.webui.keyword.WebUiBuiltInKeywords$click$1.call(Unknown Source)
	at Cart flyout-price comparison.run(Cart flyout-price comparison:75)
	at com.kms.katalon.core.main.ScriptEngine.run(ScriptEngine.java:194)
	at com.kms.katalon.core.main.ScriptEngine.runScriptAsRawText(ScriptEngine.java:119)
	at com.kms.katalon.core.main.TestCaseExecutor.runScript(TestCaseExecutor.java:328)
	at com.kms.katalon.core.main.TestCaseExecutor.doExecute(TestCaseExecutor.java:319)
	at com.kms.katalon.core.main.TestCaseExecutor.processExecutionPhase(TestCaseExecutor.java:298)
	at com.kms.katalon.core.main.TestCaseExecutor.accessMainPhase(TestCaseExecutor.java:290)
	at com.kms.katalon.core.main.TestCaseExecutor.execute(TestCaseExecutor.java:224)
	at com.kms.katalon.core.main.TestSuiteExecutor.accessTestCaseMainPhase(TestSuiteExecutor.java:129)
	at com.kms.katalon.core.main.TestSuiteExecutor.accessTestSuiteMainPhase(TestSuiteExecutor.java:112)
	at com.kms.katalon.core.main.TestSuiteExecutor.execute(TestSuiteExecutor.java:81)
	at com.kms.katalon.core.main.TestCaseMain.startTestSuite(TestCaseMain.java:149)
	at com.kms.katalon.core.main.TestCaseMain$startTestSuite$0.call(Unknown Source)
	at TempTestSuite1557172220501.run(TempTestSuite1557172220501.groovy:36)
"/>
         <system-out><![CDATA[2019-05-06 16:02:03 - [TEST_CASE][FAILED] - Test Cases/OCS- CRITICAL PATH/Cart flyout-price comparison: Test Cases/OCS- CRITICAL PATH/Cart flyout-price comparison FAILED.
Reason:
com.kms.katalon.core.exception.StepFailedException: Unable to click on object 'Object Repository/OCS_CRITICAL PATH/cart flyout- price/Page_Shishkaberry  Ontario Cannabis/label_3.5g' (Root cause: com.kms.katalon.core.webui.exception.WebElementNotFoundException: Web element with id: 'Object Repository/OCS_CRITICAL PATH/cart flyout- price/Page_Shishkaberry  Ontario Cannabis/label_3.5g' located by 'By.xpath: //form[@id='product_1314098120524_pdp']/div/div/div/ul/li[2]/label' not found)
	at com.kms.katalon.core.keyword.internal.KeywordMain.stepFailed(KeywordMain.groovy:36)
	at com.kms.katalon.core.webui.keyword.internal.WebUIKeywordMain.stepFailed(WebUIKeywordMain.groovy:65)
	at com.kms.katalon.core.webui.keyword.internal.WebUIKeywordMain.runKeyword(WebUIKeywordMain.groovy:27)
	at com.kms.katalon.core.webui.keyword.builtin.ClickKeyword.click(ClickKeyword.groovy:86)
	at com.kms.katalon.core.webui.keyword.builtin.ClickKeyword.execute(ClickKeyword.groovy:67)
	at com.kms.katalon.core.keyword.internal.KeywordExecutor.executeKeywordForPlatform(KeywordExecutor.groovy:53)
	at com.kms.katalon.core.webui.keyword.WebUiBuiltInKeywords.click(WebUiBuiltInKeywords.groovy:616)
	at com.kms.katalon.core.webui.keyword.WebUiBuiltInKeywords$click$1.call(Unknown Source)
	at Cart flyout-price comparison.run(Cart flyout-price comparison:75)
	at com.kms.katalon.core.main.ScriptEngine.run(ScriptEngine.java:194)
	at com.kms.katalon.core.main.ScriptEngine.runScriptAsRawText(ScriptEngine.java:119)
	at com.kms.katalon.core.main.TestCaseExecutor.runScript(TestCaseExecutor.java:328)
	at com.kms.katalon.core.main.TestCaseExecutor.doExecute(TestCaseExecutor.java:319)
	at com.kms.katalon.core.main.TestCaseExecutor.processExecutionPhase(TestCaseExecutor.java:298)
	at com.kms.katalon.core.main.TestCaseExecutor.accessMainPhase(TestCaseExecutor.java:290)
	at com.kms.katalon.core.main.TestCaseExecutor.execute(TestCaseExecutor.java:224)
	at com.kms.katalon.core.main.TestSuiteExecutor.accessTestCaseMainPhase(TestSuiteExecutor.java:129)
	at com.kms.katalon.core.main.TestSuiteExecutor.accessTestSuiteMainPhase(TestSuiteExecutor.java:112)
	at com.kms.katalon.core.main.TestSuiteExecutor.execute(TestSuiteExecutor.java:81)
	at com.kms.katalon.core.main.TestCaseMain.startTestSuite(TestCaseMain.java:149)
	at com.kms.katalon.core.main.TestCaseMain$startTestSuite$0.call(Unknown Source)
	at TempTestSuite1557172220501.run(TempTestSuite1557172220501.groovy:36)


2019-05-06 16:02:03 - [TEST_STEP][PASSED] - openBrowser(""): Browser is opened with url: ''

2019-05-06 16:02:03 - [MESSAGE][WARNING] - A browser is already opened. Closing browser and opening a new one

2019-05-06 16:02:05 - [MESSAGE][INFO] - Starting 'Remote' driver

2019-05-06 16:02:05 - [MESSAGE][INFO] - User set preference: ['os', 'windows']

2019-05-06 16:02:05 - [MESSAGE][INFO] - User set preference: ['os_version', '10']

2019-05-06 16:02:05 - [MESSAGE][INFO] - User set preference: ['browser', 'Chrome']

2019-05-06 16:02:05 - [MESSAGE][INFO] - User set preference: ['browser_version', '74']

2019-05-06 16:02:05 - [MESSAGE][INFO] - User set preference: ['resolution', '1280x800']

2019-05-06 16:02:05 - [MESSAGE][INFO] - Connecting to remote web server 'https://dianatest3:Z3oqw9ysqTeRQJq5wFCp@hub-cloud.browserstack.com/wd/hub' with type 'Selenium'

2019-05-06 16:02:11 - [MESSAGE][PASSED] - Browser is opened with url: ''

2019-05-06 16:02:11 - [TEST_STEP][PASSED] - navigateToUrl("https://ocs.ca/?fts=0&preview_theme_id=53372913484"): Navigate to 'https://ocs.ca/?fts=0&preview_theme_id=53372913484' successfully

2019-05-06 16:02:20 - [MESSAGE][PASSED] - Navigate to 'https://ocs.ca/?fts=0&preview_theme_id=53372913484' successfully

2019-05-06 16:02:20 - [TEST_STEP][PASSED] - click(findTestObject("Object Repository/Theme_oR/Page_Ontario Cannabis Store  Ontari/button_Close preview")): Object: 'Object Repository/Theme_oR/Page_Ontario Cannabis Store  Ontari/button_Close preview' is clicked on

2019-05-06 16:02:26 - [MESSAGE][PASSED] - Object: 'Object Repository/Theme_oR/Page_Ontario Cannabis Store  Ontari/button_Close preview' is clicked on

2019-05-06 16:02:26 - [TEST_STEP][PASSED] - selectOptionByValue(findTestObject("OCS_CRITICAL PATH/cart flyout- price/Page_Ontario Cannabis Store  Ontari/select_Select01020304050607080"), "17", true): All options with value '17' are selected in object 'Object Repository/OCS_CRITICAL PATH/cart flyout- price/Page_Ontario Cannabis Store  Ontari/select_Select01020304050607080'  using regular expression

2019-05-06 16:02:32 - [MESSAGE][PASSED] - All options with value '17' are selected in object 'Object Repository/OCS_CRITICAL PATH/cart flyout- price/Page_Ontario Cannabis Store  Ontari/select_Select01020304050607080'  using regular expression

2019-05-06 16:02:32 - [TEST_STEP][PASSED] - selectOptionByValue(findTestObject("OCS_CRITICAL PATH/cart flyout- price/Page_Ontario Cannabis Store  Ontari/select_SelectJanuary - 01Febru"), "4", true): All options with value '4' are selected in object 'Object Repository/OCS_CRITICAL PATH/cart flyout- price/Page_Ontario Cannabis Store  Ontari/select_SelectJanuary - 01Febru'  using regular expression

2019-05-06 16:02:35 - [MESSAGE][PASSED] - All options with value '4' are selected in object 'Object Repository/OCS_CRITICAL PATH/cart flyout- price/Page_Ontario Cannabis Store  Ontari/select_SelectJanuary - 01Febru'  using regular expression

2019-05-06 16:02:35 - [TEST_STEP][PASSED] - selectOptionByValue(findTestObject("OCS_CRITICAL PATH/cart flyout- price/Page_Ontario Cannabis Store  Ontari/select_Select20182017201620152"), "1959", true): All options with value '1959' are selected in object 'Object Repository/OCS_CRITICAL PATH/cart flyout- price/Page_Ontario Cannabis Store  Ontari/select_Select20182017201620152'  using regular expression

2019-05-06 16:02:53 - [MESSAGE][PASSED] - All options with value '1959' are selected in object 'Object Repository/OCS_CRITICAL PATH/cart flyout- price/Page_Ontario Cannabis Store  Ontari/select_Select20182017201620152'  using regular expression

2019-05-06 16:02:53 - [TEST_STEP][PASSED] - click(findTestObject("OCS_CRITICAL PATH/cart flyout- price/Page_Ontario Cannabis Store  Ontari/button_Verify")): Object: 'Object Repository/OCS_CRITICAL PATH/cart flyout- price/Page_Ontario Cannabis Store  Ontari/button_Verify' is clicked on

2019-05-06 16:02:53 - [MESSAGE][PASSED] - Object: 'Object Repository/OCS_CRITICAL PATH/cart flyout- price/Page_Ontario Cannabis Store  Ontari/button_Verify' is clicked on

2019-05-06 16:02:53 - [TEST_STEP][PASSED] - click(findTestObject("OCS_CRITICAL PATH/cart flyout- price/Page_Ontario Cannabis Store  Ontari/span_CONFIRM AND ACKNOWLEDGE_c")): Object: 'Object Repository/OCS_CRITICAL PATH/cart flyout- price/Page_Ontario Cannabis Store  Ontari/span_CONFIRM AND ACKNOWLEDGE_c' is clicked on

2019-05-06 16:02:54 - [MESSAGE][PASSED] - Object: 'Object Repository/OCS_CRITICAL PATH/cart flyout- price/Page_Ontario Cannabis Store  Ontari/span_CONFIRM AND ACKNOWLEDGE_c' is clicked on

2019-05-06 16:02:54 - [TEST_STEP][PASSED] - click(findTestObject("OCS_CRITICAL PATH/cart flyout- price/Page_Ontario Cannabis Store  Ontari/button_CONFIRM")): Object: 'Object Repository/OCS_CRITICAL PATH/cart flyout- price/Page_Ontario Cannabis Store  Ontari/button_CONFIRM' is clicked on

2019-05-06 16:02:54 - [MESSAGE][PASSED] - Object: 'Object Repository/OCS_CRITICAL PATH/cart flyout- price/Page_Ontario Cannabis Store  Ontari/button_CONFIRM' is clicked on

2019-05-06 16:02:54 - [TEST_STEP][PASSED] - click(findTestObject("OCS_CRITICAL PATH/cart flyout- price/Page_Ontario Cannabis Store  Ontari/button_Start Browsing")): Object: 'Object Repository/OCS_CRITICAL PATH/cart flyout- price/Page_Ontario Cannabis Store  Ontari/button_Start Browsing' is clicked on

2019-05-06 16:02:55 - [MESSAGE][PASSED] - Object: 'Object Repository/OCS_CRITICAL PATH/cart flyout- price/Page_Ontario Cannabis Store  Ontari/button_Start Browsing' is clicked on

2019-05-06 16:02:55 - [TEST_STEP][PASSED] - delay(2): Delayed 2 second(s)

2019-05-06 16:02:57 - [MESSAGE][PASSED] - Delayed 2 second(s)

2019-05-06 16:02:57 - [TEST_STEP][PASSED] - mouseOver(findTestObject("OCS_CRITICAL PATH/cart flyout- price/Page_Ontario Cannabis Store  Ontari/h3_Cannabis")): Object: 'Object Repository/OCS_CRITICAL PATH/cart flyout- price/Page_Ontario Cannabis Store  Ontari/h3_Cannabis' is hovered

2019-05-06 16:02:57 - [MESSAGE][PASSED] - Object: 'Object Repository/OCS_CRITICAL PATH/cart flyout- price/Page_Ontario Cannabis Store  Ontari/h3_Cannabis' is hovered

2019-05-06 16:02:57 - [TEST_STEP][PASSED] - delay(2): Delayed 2 second(s)

2019-05-06 16:02:59 - [MESSAGE][PASSED] - Delayed 2 second(s)

2019-05-06 16:02:59 - [TEST_STEP][PASSED] - click(findTestObject("OCS_CRITICAL PATH/cart flyout- price/Page_Ontario Cannabis Store  Ontari/span_Indica Dominant")): Object: 'Object Repository/OCS_CRITICAL PATH/cart flyout- price/Page_Ontario Cannabis Store  Ontari/span_Indica Dominant' is clicked on

2019-05-06 16:03:02 - [MESSAGE][PASSED] - Object: 'Object Repository/OCS_CRITICAL PATH/cart flyout- price/Page_Ontario Cannabis Store  Ontari/span_Indica Dominant' is clicked on

2019-05-06 16:03:02 - [TEST_STEP][NOT_RUN] - click(findTestObject("Recently viewed_OR/Page_Shishkaberry  Ontario Cannabis/img")): NOT_RUN: click(findTestObject("Recently viewed_OR/Page_Shishkaberry  Ontario Cannabis/img"))

2019-05-06 16:03:02 - [MESSAGE][NOT_RUN] - NOT_RUN: click(findTestObject("Recently viewed_OR/Page_Shishkaberry  Ontario Cannabis/img"))

2019-05-06 16:03:02 - [TEST_STEP][PASSED] - click(findTestObject("Object Repository/CART FLYOUT-accessories_OR/Page_Indica Dominant Dried Flower/h3_Shishkaberry")): Object: 'Object Repository/CART FLYOUT-accessories_OR/Page_Indica Dominant Dried Flower/h3_Shishkaberry' is clicked on

2019-05-06 16:03:09 - [MESSAGE][PASSED] - Object: 'Object Repository/CART FLYOUT-accessories_OR/Page_Indica Dominant Dried Flower/h3_Shishkaberry' is clicked on

2019-05-06 16:03:09 - [TEST_STEP][PASSED] - click(findTestObject("OCS_CRITICAL PATH/cart flyout- price/Page_Shishkaberry  Ontario Cannabis/label_3.5g")): Object: 'Object Repository/OCS_CRITICAL PATH/cart flyout- price/Page_Shishkaberry  Ontario Cannabis/label_3.5g' is clicked on

2019-05-06 16:03:09 - [MESSAGE][PASSED] - Object: 'Object Repository/OCS_CRITICAL PATH/cart flyout- price/Page_Shishkaberry  Ontario Cannabis/label_3.5g' is clicked on

2019-05-06 16:03:09 - [TEST_STEP][PASSED] - click(findTestObject("OCS_CRITICAL PATH/cart flyout- price/Page_Shishkaberry  Ontario Cannabis/button_Add to Bag32.40")): Object: 'Object Repository/OCS_CRITICAL PATH/cart flyout- price/Page_Shishkaberry  Ontario Cannabis/button_Add to Bag32.40' is clicked on

2019-05-06 16:03:09 - [MESSAGE][PASSED] - Object: 'Object Repository/OCS_CRITICAL PATH/cart flyout- price/Page_Shishkaberry  Ontario Cannabis/button_Add to Bag32.40' is clicked on

2019-05-06 16:03:09 - [TEST_STEP][PASSED] - delay(2): Delayed 2 second(s)

2019-05-06 16:03:11 - [MESSAGE][PASSED] - Delayed 2 second(s)

2019-05-06 16:03:11 - [TEST_STEP][PASSED] - click(findTestObject("OCS_CRITICAL PATH/cart flyout- price/Page_Shishkaberry  Ontario Cannabis/i_9.75_icon icon--back js-clos")): Object: 'Object Repository/OCS_CRITICAL PATH/cart flyout- price/Page_Shishkaberry  Ontario Cannabis/i_9.75_icon icon--back js-clos' is clicked on

2019-05-06 16:03:12 - [MESSAGE][PASSED] - Object: 'Object Repository/OCS_CRITICAL PATH/cart flyout- price/Page_Shishkaberry  Ontario Cannabis/i_9.75_icon icon--back js-clos' is clicked on

2019-05-06 16:03:12 - [TEST_STEP][PASSED] - delay(2): Delayed 2 second(s)

2019-05-06 16:03:14 - [MESSAGE][PASSED] - Delayed 2 second(s)

2019-05-06 16:03:14 - [TEST_STEP][PASSED] - click(findTestObject("OCS_CRITICAL PATH/cart flyout- price/Page_Ontario Cannabis Store  Ontari/h3_Cannabis")): Object: 'Object Repository/OCS_CRITICAL PATH/cart flyout- price/Page_Ontario Cannabis Store  Ontari/h3_Cannabis' is clicked on

2019-05-06 16:03:15 - [MESSAGE][PASSED] - Object: 'Object Repository/OCS_CRITICAL PATH/cart flyout- price/Page_Ontario Cannabis Store  Ontari/h3_Cannabis' is clicked on

2019-05-06 16:03:15 - [TEST_STEP][PASSED] - delay(5): Delayed 5 second(s)

2019-05-06 16:03:20 - [MESSAGE][PASSED] - Delayed 5 second(s)

2019-05-06 16:03:20 - [TEST_STEP][PASSED] - click(findTestObject("OCS_CRITICAL PATH/cart flyout- price/Page_Ontario Cannabis Store  Ontari/span_Indica Dominant")): Object: 'Object Repository/OCS_CRITICAL PATH/cart flyout- price/Page_Ontario Cannabis Store  Ontari/span_Indica Dominant' is clicked on

2019-05-06 16:03:23 - [MESSAGE][PASSED] - Object: 'Object Repository/OCS_CRITICAL PATH/cart flyout- price/Page_Ontario Cannabis Store  Ontari/span_Indica Dominant' is clicked on

2019-05-06 16:03:23 - [TEST_STEP][PASSED] - delay(5): Delayed 5 second(s)

2019-05-06 16:03:28 - [MESSAGE][PASSED] - Delayed 5 second(s)

2019-05-06 16:03:28 - [TEST_STEP][NOT_RUN] - click(findTestObject("OCS_PRICE COMPARISON/Page_Indica Dominant Dried Flower/img_1")): NOT_RUN: click(findTestObject("OCS_PRICE COMPARISON/Page_Indica Dominant Dried Flower/img_1"))

2019-05-06 16:03:28 - [MESSAGE][NOT_RUN] - NOT_RUN: click(findTestObject("OCS_PRICE COMPARISON/Page_Indica Dominant Dried Flower/img_1"))

2019-05-06 16:03:28 - [TEST_STEP][PASSED] - click(findTestObject("Object Repository/sample/Page_Indica Dominant Dried Flower/h3_Wappa")): Object: 'Object Repository/sample/Page_Indica Dominant Dried Flower/h3_Wappa' is clicked on

2019-05-06 16:03:35 - [MESSAGE][PASSED] - Object: 'Object Repository/sample/Page_Indica Dominant Dried Flower/h3_Wappa' is clicked on

2019-05-06 16:03:35 - [TEST_STEP][PASSED] - delay(5): Delayed 5 second(s)

2019-05-06 16:03:40 - [MESSAGE][PASSED] - Delayed 5 second(s)

2019-05-06 16:03:40 - [TEST_STEP][FAILED] - click(findTestObject("OCS_CRITICAL PATH/cart flyout- price/Page_Shishkaberry  Ontario Cannabis/label_3.5g")): click(findTestObject("OCS_CRITICAL PATH/cart flyout- price/Page_Shishkaberry  Ontario Cannabis/label_3.5g")) FAILED.
Reason:
com.kms.katalon.core.exception.StepFailedException: Unable to click on object 'Object Repository/OCS_CRITICAL PATH/cart flyout- price/Page_Shishkaberry  Ontario Cannabis/label_3.5g' (Root cause: com.kms.katalon.core.webui.exception.WebElementNotFoundException: Web element with id: 'Object Repository/OCS_CRITICAL PATH/cart flyout- price/Page_Shishkaberry  Ontario Cannabis/label_3.5g' located by 'By.xpath: //form[@id='product_1314098120524_pdp']/div/div/div/ul/li[2]/label' not found)
	at com.kms.katalon.core.keyword.internal.KeywordMain.stepFailed(KeywordMain.groovy:36)
	at com.kms.katalon.core.webui.keyword.internal.WebUIKeywordMain.stepFailed(WebUIKeywordMain.groovy:65)
	at com.kms.katalon.core.webui.keyword.internal.WebUIKeywordMain.runKeyword(WebUIKeywordMain.groovy:27)
	at com.kms.katalon.core.webui.keyword.builtin.ClickKeyword.click(ClickKeyword.groovy:86)
	at com.kms.katalon.core.webui.keyword.builtin.ClickKeyword.execute(ClickKeyword.groovy:67)
	at com.kms.katalon.core.keyword.internal.KeywordExecutor.executeKeywordForPlatform(KeywordExecutor.groovy:53)
	at com.kms.katalon.core.webui.keyword.WebUiBuiltInKeywords.click(WebUiBuiltInKeywords.groovy:616)
	at com.kms.katalon.core.webui.keyword.WebUiBuiltInKeywords$click$1.call(Unknown Source)
	at Cart flyout-price comparison.run(Cart flyout-price comparison:75)
	at com.kms.katalon.core.main.ScriptEngine.run(ScriptEngine.java:194)
	at com.kms.katalon.core.main.ScriptEngine.runScriptAsRawText(ScriptEngine.java:119)
	at com.kms.katalon.core.main.TestCaseExecutor.runScript(TestCaseExecutor.java:328)
	at com.kms.katalon.core.main.TestCaseExecutor.doExecute(TestCaseExecutor.java:319)
	at com.kms.katalon.core.main.TestCaseExecutor.processExecutionPhase(TestCaseExecutor.java:298)
	at com.kms.katalon.core.main.TestCaseExecutor.accessMainPhase(TestCaseExecutor.java:290)
	at com.kms.katalon.core.main.TestCaseExecutor.execute(TestCaseExecutor.java:224)
	at com.kms.katalon.core.main.TestSuiteExecutor.accessTestCaseMainPhase(TestSuiteExecutor.java:129)
	at com.kms.katalon.core.main.TestSuiteExecutor.accessTestSuiteMainPhase(TestSuiteExecutor.java:112)
	at com.kms.katalon.core.main.TestSuiteExecutor.execute(TestSuiteExecutor.java:81)
	at com.kms.katalon.core.main.TestCaseMain.startTestSuite(TestCaseMain.java:149)
	at com.kms.katalon.core.main.TestCaseMain$startTestSuite$0.call(Unknown Source)
	at TempTestSuite1557172220501.run(TempTestSuite1557172220501.groovy:36)


2019-05-06 16:04:18 - [MESSAGE][INFO] - Unable to find the element located by 'By.xpath: //form[@id='product_1314098120524_pdp']/div/div/div/ul/li[2]/label'. Please recheck the objects properties to make sure the desired element is located. 

2019-05-06 16:04:18 - [MESSAGE][FAILED] - Unable to click on object 'Object Repository/OCS_CRITICAL PATH/cart flyout- price/Page_Shishkaberry  Ontario Cannabis/label_3.5g' (Root cause: com.kms.katalon.core.webui.exception.WebElementNotFoundException: Web element with id: 'Object Repository/OCS_CRITICAL PATH/cart flyout- price/Page_Shishkaberry  Ontario Cannabis/label_3.5g' located by 'By.xpath: //form[@id='product_1314098120524_pdp']/div/div/div/ul/li[2]/label' not found)
[[ATTACHMENT|/Users/sumankompelly/git/Sample-OCS/Reports/OCS-1.7.0/CRITICAL PATH/20190506_155020/1557173058021.png]]

2019-05-06 16:04:19 - [MESSAGE][FAILED] - click(findTestObject("OCS_CRITICAL PATH/cart flyout- price/Page_Shishkaberry  Ontario Cannabis/label_3.5g")) FAILED.
Reason:
com.kms.katalon.core.exception.StepFailedException: Unable to click on object 'Object Repository/OCS_CRITICAL PATH/cart flyout- price/Page_Shishkaberry  Ontario Cannabis/label_3.5g' (Root cause: com.kms.katalon.core.webui.exception.WebElementNotFoundException: Web element with id: 'Object Repository/OCS_CRITICAL PATH/cart flyout- price/Page_Shishkaberry  Ontario Cannabis/label_3.5g' located by 'By.xpath: //form[@id='product_1314098120524_pdp']/div/div/div/ul/li[2]/label' not found)
	at com.kms.katalon.core.keyword.internal.KeywordMain.stepFailed(KeywordMain.groovy:36)
	at com.kms.katalon.core.webui.keyword.internal.WebUIKeywordMain.stepFailed(WebUIKeywordMain.groovy:65)
	at com.kms.katalon.core.webui.keyword.internal.WebUIKeywordMain.runKeyword(WebUIKeywordMain.groovy:27)
	at com.kms.katalon.core.webui.keyword.builtin.ClickKeyword.click(ClickKeyword.groovy:86)
	at com.kms.katalon.core.webui.keyword.builtin.ClickKeyword.execute(ClickKeyword.groovy:67)
	at com.kms.katalon.core.keyword.internal.KeywordExecutor.executeKeywordForPlatform(KeywordExecutor.groovy:53)
	at com.kms.katalon.core.webui.keyword.WebUiBuiltInKeywords.click(WebUiBuiltInKeywords.groovy:616)
	at com.kms.katalon.core.webui.keyword.WebUiBuiltInKeywords$click$1.call(Unknown Source)
	at Cart flyout-price comparison.run(Cart flyout-price comparison:75)
	at com.kms.katalon.core.main.ScriptEngine.run(ScriptEngine.java:194)
	at com.kms.katalon.core.main.ScriptEngine.runScriptAsRawText(ScriptEngine.java:119)
	at com.kms.katalon.core.main.TestCaseExecutor.runScript(TestCaseExecutor.java:328)
	at com.kms.katalon.core.main.TestCaseExecutor.doExecute(TestCaseExecutor.java:319)
	at com.kms.katalon.core.main.TestCaseExecutor.processExecutionPhase(TestCaseExecutor.java:298)
	at com.kms.katalon.core.main.TestCaseExecutor.accessMainPhase(TestCaseExecutor.java:290)
	at com.kms.katalon.core.main.TestCaseExecutor.execute(TestCaseExecutor.java:224)
	at com.kms.katalon.core.main.TestSuiteExecutor.accessTestCaseMainPhase(TestSuiteExecutor.java:129)
	at com.kms.katalon.core.main.TestSuiteExecutor.accessTestSuiteMainPhase(TestSuiteExecutor.java:112)
	at com.kms.katalon.core.main.TestSuiteExecutor.execute(TestSuiteExecutor.java:81)
	at com.kms.katalon.core.main.TestCaseMain.startTestSuite(TestCaseMain.java:149)
	at com.kms.katalon.core.main.TestCaseMain$startTestSuite$0.call(Unknown Source)
	at TempTestSuite1557172220501.run(TempTestSuite1557172220501.groovy:36)]]></system-out>
         <system-err><![CDATA[2019-05-06 16:02:03 - [TEST_CASE][FAILED] - Test Cases/OCS- CRITICAL PATH/Cart flyout-price comparison: Test Cases/OCS- CRITICAL PATH/Cart flyout-price comparison FAILED.
Reason:
com.kms.katalon.core.exception.StepFailedException: Unable to click on object 'Object Repository/OCS_CRITICAL PATH/cart flyout- price/Page_Shishkaberry  Ontario Cannabis/label_3.5g' (Root cause: com.kms.katalon.core.webui.exception.WebElementNotFoundException: Web element with id: 'Object Repository/OCS_CRITICAL PATH/cart flyout- price/Page_Shishkaberry  Ontario Cannabis/label_3.5g' located by 'By.xpath: //form[@id='product_1314098120524_pdp']/div/div/div/ul/li[2]/label' not found)
	at com.kms.katalon.core.keyword.internal.KeywordMain.stepFailed(KeywordMain.groovy:36)
	at com.kms.katalon.core.webui.keyword.internal.WebUIKeywordMain.stepFailed(WebUIKeywordMain.groovy:65)
	at com.kms.katalon.core.webui.keyword.internal.WebUIKeywordMain.runKeyword(WebUIKeywordMain.groovy:27)
	at com.kms.katalon.core.webui.keyword.builtin.ClickKeyword.click(ClickKeyword.groovy:86)
	at com.kms.katalon.core.webui.keyword.builtin.ClickKeyword.execute(ClickKeyword.groovy:67)
	at com.kms.katalon.core.keyword.internal.KeywordExecutor.executeKeywordForPlatform(KeywordExecutor.groovy:53)
	at com.kms.katalon.core.webui.keyword.WebUiBuiltInKeywords.click(WebUiBuiltInKeywords.groovy:616)
	at com.kms.katalon.core.webui.keyword.WebUiBuiltInKeywords$click$1.call(Unknown Source)
	at Cart flyout-price comparison.run(Cart flyout-price comparison:75)
	at com.kms.katalon.core.main.ScriptEngine.run(ScriptEngine.java:194)
	at com.kms.katalon.core.main.ScriptEngine.runScriptAsRawText(ScriptEngine.java:119)
	at com.kms.katalon.core.main.TestCaseExecutor.runScript(TestCaseExecutor.java:328)
	at com.kms.katalon.core.main.TestCaseExecutor.doExecute(TestCaseExecutor.java:319)
	at com.kms.katalon.core.main.TestCaseExecutor.processExecutionPhase(TestCaseExecutor.java:298)
	at com.kms.katalon.core.main.TestCaseExecutor.accessMainPhase(TestCaseExecutor.java:290)
	at com.kms.katalon.core.main.TestCaseExecutor.execute(TestCaseExecutor.java:224)
	at com.kms.katalon.core.main.TestSuiteExecutor.accessTestCaseMainPhase(TestSuiteExecutor.java:129)
	at com.kms.katalon.core.main.TestSuiteExecutor.accessTestSuiteMainPhase(TestSuiteExecutor.java:112)
	at com.kms.katalon.core.main.TestSuiteExecutor.execute(TestSuiteExecutor.java:81)
	at com.kms.katalon.core.main.TestCaseMain.startTestSuite(TestCaseMain.java:149)
	at com.kms.katalon.core.main.TestCaseMain$startTestSuite$0.call(Unknown Source)
	at TempTestSuite1557172220501.run(TempTestSuite1557172220501.groovy:36)]]></system-err>
      </testcase>
      <testcase name="Test Cases/OCS- CRITICAL PATH/Checkout-shipping method" classname="Test Cases/OCS- CRITICAL PATH/Checkout-shipping method" status="PASSED">
         <system-out><![CDATA[2019-05-06 16:04:19 - [TEST_CASE][PASSED] - Test Cases/OCS- CRITICAL PATH/Checkout-shipping method: Test Cases/OCS- CRITICAL PATH/Checkout-shipping method

2019-05-06 16:04:19 - [TEST_STEP][PASSED] - openBrowser(""): Browser is opened with url: ''

2019-05-06 16:04:19 - [MESSAGE][WARNING] - A browser is already opened. Closing browser and opening a new one

2019-05-06 16:04:21 - [MESSAGE][INFO] - Starting 'Remote' driver

2019-05-06 16:04:21 - [MESSAGE][INFO] - User set preference: ['os', 'windows']

2019-05-06 16:04:21 - [MESSAGE][INFO] - User set preference: ['os_version', '10']

2019-05-06 16:04:21 - [MESSAGE][INFO] - User set preference: ['browser', 'Chrome']

2019-05-06 16:04:21 - [MESSAGE][INFO] - User set preference: ['browser_version', '74']

2019-05-06 16:04:21 - [MESSAGE][INFO] - User set preference: ['resolution', '1280x800']

2019-05-06 16:04:21 - [MESSAGE][INFO] - Connecting to remote web server 'https://dianatest3:Z3oqw9ysqTeRQJq5wFCp@hub-cloud.browserstack.com/wd/hub' with type 'Selenium'

2019-05-06 16:04:27 - [MESSAGE][PASSED] - Browser is opened with url: ''

2019-05-06 16:04:27 - [TEST_STEP][PASSED] - navigateToUrl("https://ocs.ca/?fts=0&preview_theme_id=53372913484"): Navigate to 'https://ocs.ca/?fts=0&preview_theme_id=53372913484' successfully

2019-05-06 16:04:36 - [MESSAGE][PASSED] - Navigate to 'https://ocs.ca/?fts=0&preview_theme_id=53372913484' successfully

2019-05-06 16:04:36 - [TEST_STEP][PASSED] - click(findTestObject("Object Repository/Theme_oR/Page_Ontario Cannabis Store  Ontari/button_Close preview")): Object: 'Object Repository/Theme_oR/Page_Ontario Cannabis Store  Ontari/button_Close preview' is clicked on

2019-05-06 16:04:41 - [MESSAGE][PASSED] - Object: 'Object Repository/Theme_oR/Page_Ontario Cannabis Store  Ontari/button_Close preview' is clicked on

2019-05-06 16:04:41 - [TEST_STEP][PASSED] - selectOptionByValue(findTestObject("OCS_CRITICAL PATH/Checkout-customer/Page_Ontario Cannabis Store  Ontari/select_Select01020304050607080"), "16", true): All options with value '16' are selected in object 'Object Repository/OCS_CRITICAL PATH/Checkout-customer/Page_Ontario Cannabis Store  Ontari/select_Select01020304050607080'  using regular expression

2019-05-06 16:04:47 - [MESSAGE][PASSED] - All options with value '16' are selected in object 'Object Repository/OCS_CRITICAL PATH/Checkout-customer/Page_Ontario Cannabis Store  Ontari/select_Select01020304050607080'  using regular expression

2019-05-06 16:04:47 - [TEST_STEP][PASSED] - selectOptionByValue(findTestObject("OCS_CRITICAL PATH/Checkout-customer/Page_Ontario Cannabis Store  Ontari/select_SelectJanuary - 01Febru"), "8", true): All options with value '8' are selected in object 'Object Repository/OCS_CRITICAL PATH/Checkout-customer/Page_Ontario Cannabis Store  Ontari/select_SelectJanuary - 01Febru'  using regular expression

2019-05-06 16:04:50 - [MESSAGE][PASSED] - All options with value '8' are selected in object 'Object Repository/OCS_CRITICAL PATH/Checkout-customer/Page_Ontario Cannabis Store  Ontari/select_SelectJanuary - 01Febru'  using regular expression

2019-05-06 16:04:50 - [TEST_STEP][PASSED] - selectOptionByValue(findTestObject("OCS_CRITICAL PATH/Checkout-customer/Page_Ontario Cannabis Store  Ontari/select_Select20182017201620152"), "1955", true): All options with value '1955' are selected in object 'Object Repository/OCS_CRITICAL PATH/Checkout-customer/Page_Ontario Cannabis Store  Ontari/select_Select20182017201620152'  using regular expression

2019-05-06 16:05:11 - [MESSAGE][PASSED] - All options with value '1955' are selected in object 'Object Repository/OCS_CRITICAL PATH/Checkout-customer/Page_Ontario Cannabis Store  Ontari/select_Select20182017201620152'  using regular expression

2019-05-06 16:05:11 - [TEST_STEP][PASSED] - click(findTestObject("OCS_CRITICAL PATH/Checkout-customer/Page_Ontario Cannabis Store  Ontari/button_Verify")): Object: 'Object Repository/OCS_CRITICAL PATH/Checkout-customer/Page_Ontario Cannabis Store  Ontari/button_Verify' is clicked on

2019-05-06 16:05:12 - [MESSAGE][PASSED] - Object: 'Object Repository/OCS_CRITICAL PATH/Checkout-customer/Page_Ontario Cannabis Store  Ontari/button_Verify' is clicked on

2019-05-06 16:05:12 - [TEST_STEP][PASSED] - click(findTestObject("OCS_CRITICAL PATH/Checkout-customer/Page_Ontario Cannabis Store  Ontari/span_CONFIRM AND ACKNOWLEDGE_c")): Object: 'Object Repository/OCS_CRITICAL PATH/Checkout-customer/Page_Ontario Cannabis Store  Ontari/span_CONFIRM AND ACKNOWLEDGE_c' is clicked on

2019-05-06 16:05:12 - [MESSAGE][PASSED] - Object: 'Object Repository/OCS_CRITICAL PATH/Checkout-customer/Page_Ontario Cannabis Store  Ontari/span_CONFIRM AND ACKNOWLEDGE_c' is clicked on

2019-05-06 16:05:12 - [TEST_STEP][PASSED] - click(findTestObject("OCS_CRITICAL PATH/Checkout-customer/Page_Ontario Cannabis Store  Ontari/button_CONFIRM")): Object: 'Object Repository/OCS_CRITICAL PATH/Checkout-customer/Page_Ontario Cannabis Store  Ontari/button_CONFIRM' is clicked on

2019-05-06 16:05:13 - [MESSAGE][PASSED] - Object: 'Object Repository/OCS_CRITICAL PATH/Checkout-customer/Page_Ontario Cannabis Store  Ontari/button_CONFIRM' is clicked on

2019-05-06 16:05:13 - [TEST_STEP][PASSED] - click(findTestObject("OCS_CRITICAL PATH/Checkout-customer/Page_Ontario Cannabis Store  Ontari/button_Start Browsing")): Object: 'Object Repository/OCS_CRITICAL PATH/Checkout-customer/Page_Ontario Cannabis Store  Ontari/button_Start Browsing' is clicked on

2019-05-06 16:05:13 - [MESSAGE][PASSED] - Object: 'Object Repository/OCS_CRITICAL PATH/Checkout-customer/Page_Ontario Cannabis Store  Ontari/button_Start Browsing' is clicked on

2019-05-06 16:05:13 - [TEST_STEP][PASSED] - delay(3): Delayed 3 second(s)

2019-05-06 16:05:16 - [MESSAGE][PASSED] - Delayed 3 second(s)

2019-05-06 16:05:16 - [TEST_STEP][PASSED] - mouseOver(findTestObject("OCS_CRITICAL PATH/Checkout-customer/Page_Ontario Cannabis Store  Ontari/h3_Cannabis")): Object: 'Object Repository/OCS_CRITICAL PATH/Checkout-customer/Page_Ontario Cannabis Store  Ontari/h3_Cannabis' is hovered

2019-05-06 16:05:16 - [MESSAGE][PASSED] - Object: 'Object Repository/OCS_CRITICAL PATH/Checkout-customer/Page_Ontario Cannabis Store  Ontari/h3_Cannabis' is hovered

2019-05-06 16:05:16 - [TEST_STEP][PASSED] - delay(3): Delayed 3 second(s)

2019-05-06 16:05:19 - [MESSAGE][PASSED] - Delayed 3 second(s)

2019-05-06 16:05:19 - [TEST_STEP][PASSED] - click(findTestObject("OCS_CRITICAL PATH/Checkout-customer/Page_Ontario Cannabis Store  Ontari/span_Indica Dominant")): Object: 'Object Repository/OCS_CRITICAL PATH/Checkout-customer/Page_Ontario Cannabis Store  Ontari/span_Indica Dominant' is clicked on

2019-05-06 16:05:23 - [MESSAGE][PASSED] - Object: 'Object Repository/OCS_CRITICAL PATH/Checkout-customer/Page_Ontario Cannabis Store  Ontari/span_Indica Dominant' is clicked on

2019-05-06 16:05:23 - [TEST_STEP][PASSED] - delay(3): Delayed 3 second(s)

2019-05-06 16:05:26 - [MESSAGE][PASSED] - Delayed 3 second(s)

2019-05-06 16:05:26 - [TEST_STEP][PASSED] - click(findTestObject("OCS_CRITICAL PATH/Checkout-customer/Page_Indica Dominant Dried Flower/h3_Shishkaberry")): Object: 'Object Repository/OCS_CRITICAL PATH/Checkout-customer/Page_Indica Dominant Dried Flower/h3_Shishkaberry' is clicked on

2019-05-06 16:05:31 - [MESSAGE][PASSED] - Object: 'Object Repository/OCS_CRITICAL PATH/Checkout-customer/Page_Indica Dominant Dried Flower/h3_Shishkaberry' is clicked on

2019-05-06 16:05:31 - [TEST_STEP][NOT_RUN] - click(findTestObject("Page_Shishkaberry  Ontario Cannabis/span_3.5g")): NOT_RUN: click(findTestObject("Page_Shishkaberry  Ontario Cannabis/span_3.5g"))

2019-05-06 16:05:31 - [MESSAGE][NOT_RUN] - NOT_RUN: click(findTestObject("Page_Shishkaberry  Ontario Cannabis/span_3.5g"))

2019-05-06 16:05:31 - [TEST_STEP][PASSED] - click(findTestObject("OCS_CRITICAL PATH/Checkout-customer/Page_Shishkaberry  Ontario Cannabis/label_3.5g")): Object: 'Object Repository/OCS_CRITICAL PATH/Checkout-customer/Page_Shishkaberry  Ontario Cannabis/label_3.5g' is clicked on

2019-05-06 16:05:32 - [MESSAGE][PASSED] - Object: 'Object Repository/OCS_CRITICAL PATH/Checkout-customer/Page_Shishkaberry  Ontario Cannabis/label_3.5g' is clicked on

2019-05-06 16:05:32 - [TEST_STEP][PASSED] - click(findTestObject("OCS_CRITICAL PATH/Checkout-customer/Page_Shishkaberry  Ontario Cannabis/button_")): Object: 'Object Repository/OCS_CRITICAL PATH/Checkout-customer/Page_Shishkaberry  Ontario Cannabis/button_' is clicked on

2019-05-06 16:05:32 - [MESSAGE][PASSED] - Object: 'Object Repository/OCS_CRITICAL PATH/Checkout-customer/Page_Shishkaberry  Ontario Cannabis/button_' is clicked on

2019-05-06 16:05:32 - [TEST_STEP][PASSED] - click(findTestObject("OCS_CRITICAL PATH/Checkout-customer/Page_Shishkaberry  Ontario Cannabis/button_")): Object: 'Object Repository/OCS_CRITICAL PATH/Checkout-customer/Page_Shishkaberry  Ontario Cannabis/button_' is clicked on

2019-05-06 16:05:32 - [MESSAGE][PASSED] - Object: 'Object Repository/OCS_CRITICAL PATH/Checkout-customer/Page_Shishkaberry  Ontario Cannabis/button_' is clicked on

2019-05-06 16:05:32 - [TEST_STEP][PASSED] - click(findTestObject("OCS_CRITICAL PATH/Checkout-customer/Page_Shishkaberry  Ontario Cannabis/button_")): Object: 'Object Repository/OCS_CRITICAL PATH/Checkout-customer/Page_Shishkaberry  Ontario Cannabis/button_' is clicked on

2019-05-06 16:05:33 - [MESSAGE][PASSED] - Object: 'Object Repository/OCS_CRITICAL PATH/Checkout-customer/Page_Shishkaberry  Ontario Cannabis/button_' is clicked on

2019-05-06 16:05:33 - [TEST_STEP][PASSED] - click(findTestObject("OCS_CRITICAL PATH/Checkout-customer/Page_Shishkaberry  Ontario Cannabis/button_Add to Bag129.60")): Object: 'Object Repository/OCS_CRITICAL PATH/Checkout-customer/Page_Shishkaberry  Ontario Cannabis/button_Add to Bag129.60' is clicked on

2019-05-06 16:05:33 - [MESSAGE][PASSED] - Object: 'Object Repository/OCS_CRITICAL PATH/Checkout-customer/Page_Shishkaberry  Ontario Cannabis/button_Add to Bag129.60' is clicked on

2019-05-06 16:05:33 - [TEST_STEP][PASSED] - click(findTestObject("OCS_CRITICAL PATH/Checkout-customer/Page_Shishkaberry  Ontario Cannabis/span_concat(I confirm that I")): Object: 'Object Repository/OCS_CRITICAL PATH/Checkout-customer/Page_Shishkaberry  Ontario Cannabis/span_concat(I confirm that I' is clicked on

2019-05-06 16:05:35 - [MESSAGE][PASSED] - Object: 'Object Repository/OCS_CRITICAL PATH/Checkout-customer/Page_Shishkaberry  Ontario Cannabis/span_concat(I confirm that I' is clicked on

2019-05-06 16:05:35 - [TEST_STEP][PASSED] - click(findTestObject("OCS_CRITICAL PATH/Checkout-customer/Page_Shishkaberry  Ontario Cannabis/span_Accept the_checkbox")): Object: 'Object Repository/OCS_CRITICAL PATH/Checkout-customer/Page_Shishkaberry  Ontario Cannabis/span_Accept the_checkbox' is clicked on

2019-05-06 16:05:36 - [MESSAGE][PASSED] - Object: 'Object Repository/OCS_CRITICAL PATH/Checkout-customer/Page_Shishkaberry  Ontario Cannabis/span_Accept the_checkbox' is clicked on

2019-05-06 16:05:36 - [TEST_STEP][PASSED] - delay(3): Delayed 3 second(s)

2019-05-06 16:05:39 - [MESSAGE][PASSED] - Delayed 3 second(s)

2019-05-06 16:05:39 - [TEST_STEP][PASSED] - click(findTestObject("OCS_CRITICAL PATH/Checkout-customer/Page_Shishkaberry  Ontario Cannabis/a_Checkout")): Object: 'Object Repository/OCS_CRITICAL PATH/Checkout-customer/Page_Shishkaberry  Ontario Cannabis/a_Checkout' is clicked on

2019-05-06 16:05:42 - [MESSAGE][PASSED] - Object: 'Object Repository/OCS_CRITICAL PATH/Checkout-customer/Page_Shishkaberry  Ontario Cannabis/a_Checkout' is clicked on

2019-05-06 16:05:42 - [TEST_STEP][PASSED] - setText(findTestObject("OCS_CRITICAL PATH/Checkout-shipping method/Page_Ontario Cannabis Store - Infor/input_Email_checkoutemail"), "sumankompelly@diffagency.com"): Text 'sumankompelly@diffagency.com' is set on object 'Object Repository/OCS_CRITICAL PATH/Checkout-shipping method/Page_Ontario Cannabis Store - Infor/input_Email_checkoutemail'

2019-05-06 16:05:44 - [MESSAGE][PASSED] - Text 'sumankompelly@diffagency.com' is set on object 'Object Repository/OCS_CRITICAL PATH/Checkout-shipping method/Page_Ontario Cannabis Store - Infor/input_Email_checkoutemail'

2019-05-06 16:05:44 - [TEST_STEP][PASSED] - setText(findTestObject("OCS_CRITICAL PATH/Checkout-shipping method/Page_Ontario Cannabis Store - Infor/input_First name_checkoutshipp"), "suman"): Text 'suman' is set on object 'Object Repository/OCS_CRITICAL PATH/Checkout-shipping method/Page_Ontario Cannabis Store - Infor/input_First name_checkoutshipp'

2019-05-06 16:05:44 - [MESSAGE][PASSED] - Text 'suman' is set on object 'Object Repository/OCS_CRITICAL PATH/Checkout-shipping method/Page_Ontario Cannabis Store - Infor/input_First name_checkoutshipp'

2019-05-06 16:05:44 - [TEST_STEP][PASSED] - setText(findTestObject("OCS_CRITICAL PATH/Checkout-shipping method/Page_Ontario Cannabis Store - Infor/input_Last name_checkoutshippi"), "kompelly"): Text 'kompelly' is set on object 'Object Repository/OCS_CRITICAL PATH/Checkout-shipping method/Page_Ontario Cannabis Store - Infor/input_Last name_checkoutshippi'

2019-05-06 16:05:45 - [MESSAGE][PASSED] - Text 'kompelly' is set on object 'Object Repository/OCS_CRITICAL PATH/Checkout-shipping method/Page_Ontario Cannabis Store - Infor/input_Last name_checkoutshippi'

2019-05-06 16:05:45 - [TEST_STEP][PASSED] - setText(findTestObject("OCS_CRITICAL PATH/Checkout-shipping method/Page_Ontario Cannabis Store - Infor/input_Address_checkoutshipping"), "399 st alxendre"): Text '399 st alxendre' is set on object 'Object Repository/OCS_CRITICAL PATH/Checkout-shipping method/Page_Ontario Cannabis Store - Infor/input_Address_checkoutshipping'

2019-05-06 16:05:47 - [MESSAGE][PASSED] - Text '399 st alxendre' is set on object 'Object Repository/OCS_CRITICAL PATH/Checkout-shipping method/Page_Ontario Cannabis Store - Infor/input_Address_checkoutshipping'

2019-05-06 16:05:47 - [TEST_STEP][PASSED] - setText(findTestObject("OCS_CRITICAL PATH/Checkout-shipping method/Page_Ontario Cannabis Store - Infor/input_Apartment suite etc. (op"), "38"): Text '38' is set on object 'Object Repository/OCS_CRITICAL PATH/Checkout-shipping method/Page_Ontario Cannabis Store - Infor/input_Apartment suite etc. (op'

2019-05-06 16:05:47 - [MESSAGE][PASSED] - Text '38' is set on object 'Object Repository/OCS_CRITICAL PATH/Checkout-shipping method/Page_Ontario Cannabis Store - Infor/input_Apartment suite etc. (op'

2019-05-06 16:05:47 - [TEST_STEP][PASSED] - setText(findTestObject("OCS_CRITICAL PATH/Checkout-shipping method/Page_Ontario Cannabis Store - Infor/input_City_checkoutshipping_ad"), "montreal"): Text 'montreal' is set on object 'Object Repository/OCS_CRITICAL PATH/Checkout-shipping method/Page_Ontario Cannabis Store - Infor/input_City_checkoutshipping_ad'

2019-05-06 16:05:48 - [MESSAGE][PASSED] - Text 'montreal' is set on object 'Object Repository/OCS_CRITICAL PATH/Checkout-shipping method/Page_Ontario Cannabis Store - Infor/input_City_checkoutshipping_ad'

2019-05-06 16:05:48 - [TEST_STEP][PASSED] - setText(findTestObject("OCS_CRITICAL PATH/Checkout-shipping method/Page_Ontario Cannabis Store - Infor/input_Postal code_checkoutship"), "n0r1k0"): Text 'n0r1k0' is set on object 'Object Repository/OCS_CRITICAL PATH/Checkout-shipping method/Page_Ontario Cannabis Store - Infor/input_Postal code_checkoutship'

2019-05-06 16:05:49 - [MESSAGE][PASSED] - Text 'n0r1k0' is set on object 'Object Repository/OCS_CRITICAL PATH/Checkout-shipping method/Page_Ontario Cannabis Store - Infor/input_Postal code_checkoutship'

2019-05-06 16:05:49 - [TEST_STEP][PASSED] - setText(findTestObject("OCS_CRITICAL PATH/Checkout-shipping method/Page_Ontario Cannabis Store - Infor/input_Phone_checkoutshipping_a"), "(514) 449-3882"): Text '(514) 449-3882' is set on object 'Object Repository/OCS_CRITICAL PATH/Checkout-shipping method/Page_Ontario Cannabis Store - Infor/input_Phone_checkoutshipping_a'

2019-05-06 16:05:50 - [MESSAGE][PASSED] - Text '(514) 449-3882' is set on object 'Object Repository/OCS_CRITICAL PATH/Checkout-shipping method/Page_Ontario Cannabis Store - Infor/input_Phone_checkoutshipping_a'

2019-05-06 16:05:50 - [TEST_STEP][PASSED] - delay(3): Delayed 3 second(s)

2019-05-06 16:05:53 - [MESSAGE][PASSED] - Delayed 3 second(s)

2019-05-06 16:05:53 - [TEST_STEP][PASSED] - click(findTestObject("OCS_CRITICAL PATH/Checkout-shipping method/Page_Ontario Cannabis Store - Infor/button_Continue to shipping me")): Object: 'Object Repository/OCS_CRITICAL PATH/Checkout-shipping method/Page_Ontario Cannabis Store - Infor/button_Continue to shipping me' is clicked on

2019-05-06 16:05:55 - [MESSAGE][PASSED] - Object: 'Object Repository/OCS_CRITICAL PATH/Checkout-shipping method/Page_Ontario Cannabis Store - Infor/button_Continue to shipping me' is clicked on

2019-05-06 16:05:55 - [TEST_STEP][NOT_RUN] - a = getWindowTitle(): NOT_RUN: a = getWindowTitle()

2019-05-06 16:05:55 - [MESSAGE][NOT_RUN] - NOT_RUN: a = getWindowTitle()

2019-05-06 16:05:55 - [TEST_STEP][NOT_RUN] - comment(a): NOT_RUN: comment(a)

2019-05-06 16:05:55 - [MESSAGE][NOT_RUN] - NOT_RUN: comment(a)

2019-05-06 16:05:55 - [TEST_STEP][NOT_RUN] - assert getWindowTitle() == a: NOT_RUN: assert getWindowTitle() == a

2019-05-06 16:05:55 - [MESSAGE][NOT_RUN] - NOT_RUN: assert getWindowTitle() == a

2019-05-06 16:05:55 - [TEST_STEP][NOT_RUN] - comment(" navigation is on the right page "): NOT_RUN: comment(" navigation is on the right page ")

2019-05-06 16:05:55 - [MESSAGE][NOT_RUN] - NOT_RUN: comment(" navigation is on the right page ")

2019-05-06 16:05:55 - [TEST_STEP][PASSED] - click(findTestObject("OCS_CRITICAL PATH/Checkout-shipping method/Page_Ontario Cannabis Store - Shipp/a_Information")): Object: 'Object Repository/OCS_CRITICAL PATH/Checkout-shipping method/Page_Ontario Cannabis Store - Shipp/a_Information' is clicked on

2019-05-06 16:05:57 - [MESSAGE][PASSED] - Object: 'Object Repository/OCS_CRITICAL PATH/Checkout-shipping method/Page_Ontario Cannabis Store - Shipp/a_Information' is clicked on

2019-05-06 16:05:57 - [TEST_STEP][PASSED] - click(findTestObject("OCS_CRITICAL PATH/Checkout-shipping method/Page_Ontario Cannabis Store - Infor/a_Shipping")): Object: 'Object Repository/OCS_CRITICAL PATH/Checkout-shipping method/Page_Ontario Cannabis Store - Infor/a_Shipping' is clicked on

2019-05-06 16:05:59 - [MESSAGE][PASSED] - Object: 'Object Repository/OCS_CRITICAL PATH/Checkout-shipping method/Page_Ontario Cannabis Store - Infor/a_Shipping' is clicked on

2019-05-06 16:05:59 - [TEST_STEP][PASSED] - click(findTestObject("OCS_CRITICAL PATH/Checkout-shipping method/Page_Ontario Cannabis Store - Shipp/a_Cart")): Object: 'Object Repository/OCS_CRITICAL PATH/Checkout-shipping method/Page_Ontario Cannabis Store - Shipp/a_Cart' is clicked on

2019-05-06 16:06:01 - [MESSAGE][PASSED] - Object: 'Object Repository/OCS_CRITICAL PATH/Checkout-shipping method/Page_Ontario Cannabis Store - Shipp/a_Cart' is clicked on

2019-05-06 16:06:01 - [TEST_STEP][PASSED] - delay(2): Delayed 2 second(s)

2019-05-06 16:06:03 - [MESSAGE][PASSED] - Delayed 2 second(s)

2019-05-06 16:06:03 - [TEST_STEP][PASSED] - click(findTestObject("OCS_CRITICAL PATH/Checkout-shipping method/Page_Your Shopping Cart  Ontario Ca/span_concat(I confirm that I")): Object: 'Object Repository/OCS_CRITICAL PATH/Checkout-shipping method/Page_Your Shopping Cart  Ontario Ca/span_concat(I confirm that I' is clicked on

2019-05-06 16:06:03 - [MESSAGE][PASSED] - Object: 'Object Repository/OCS_CRITICAL PATH/Checkout-shipping method/Page_Your Shopping Cart  Ontario Ca/span_concat(I confirm that I' is clicked on

2019-05-06 16:06:03 - [TEST_STEP][PASSED] - delay(2): Delayed 2 second(s)

2019-05-06 16:06:05 - [MESSAGE][PASSED] - Delayed 2 second(s)

2019-05-06 16:06:05 - [TEST_STEP][PASSED] - click(findTestObject("OCS_CRITICAL PATH/Checkout-shipping method/Page_Your Shopping Cart  Ontario Ca/span_Accept the_checkbox")): Object: 'Object Repository/OCS_CRITICAL PATH/Checkout-shipping method/Page_Your Shopping Cart  Ontario Ca/span_Accept the_checkbox' is clicked on

2019-05-06 16:06:05 - [MESSAGE][PASSED] - Object: 'Object Repository/OCS_CRITICAL PATH/Checkout-shipping method/Page_Your Shopping Cart  Ontario Ca/span_Accept the_checkbox' is clicked on

2019-05-06 16:06:05 - [TEST_STEP][PASSED] - delay(2): Delayed 2 second(s)

2019-05-06 16:06:07 - [MESSAGE][PASSED] - Delayed 2 second(s)

2019-05-06 16:06:07 - [TEST_STEP][PASSED] - click(findTestObject("OCS_CRITICAL PATH/Checkout-shipping method/Page_Your Shopping Cart  Ontario Ca/a_Checkout")): Object: 'Object Repository/OCS_CRITICAL PATH/Checkout-shipping method/Page_Your Shopping Cart  Ontario Ca/a_Checkout' is clicked on

2019-05-06 16:06:09 - [MESSAGE][PASSED] - Object: 'Object Repository/OCS_CRITICAL PATH/Checkout-shipping method/Page_Your Shopping Cart  Ontario Ca/a_Checkout' is clicked on

2019-05-06 16:06:09 - [TEST_STEP][PASSED] - delay(2): Delayed 2 second(s)

2019-05-06 16:06:11 - [MESSAGE][PASSED] - Delayed 2 second(s)

2019-05-06 16:06:11 - [TEST_STEP][PASSED] - click(findTestObject("OCS_CRITICAL PATH/Checkout-shipping method/Page_Ontario Cannabis Store - Shipp/span_Change")): Object: 'Object Repository/OCS_CRITICAL PATH/Checkout-shipping method/Page_Ontario Cannabis Store - Shipp/span_Change' is clicked on

2019-05-06 16:06:13 - [MESSAGE][PASSED] - Object: 'Object Repository/OCS_CRITICAL PATH/Checkout-shipping method/Page_Ontario Cannabis Store - Shipp/span_Change' is clicked on

2019-05-06 16:06:13 - [TEST_STEP][PASSED] - click(findTestObject("OCS_CRITICAL PATH/Checkout-shipping method/Page_Ontario Cannabis Store - Infor/button_Continue to shipping me")): Object: 'Object Repository/OCS_CRITICAL PATH/Checkout-shipping method/Page_Ontario Cannabis Store - Infor/button_Continue to shipping me' is clicked on

2019-05-06 16:06:15 - [MESSAGE][PASSED] - Object: 'Object Repository/OCS_CRITICAL PATH/Checkout-shipping method/Page_Ontario Cannabis Store - Infor/button_Continue to shipping me' is clicked on

2019-05-06 16:06:15 - [TEST_STEP][PASSED] - delay(2): Delayed 2 second(s)

2019-05-06 16:06:17 - [MESSAGE][PASSED] - Delayed 2 second(s)

2019-05-06 16:06:17 - [TEST_STEP][PASSED] - click(findTestObject("OCS_CRITICAL PATH/Checkout-shipping method/Page_Ontario Cannabis Store - Shipp/span_Change")): Object: 'Object Repository/OCS_CRITICAL PATH/Checkout-shipping method/Page_Ontario Cannabis Store - Shipp/span_Change' is clicked on

2019-05-06 16:06:19 - [MESSAGE][PASSED] - Object: 'Object Repository/OCS_CRITICAL PATH/Checkout-shipping method/Page_Ontario Cannabis Store - Shipp/span_Change' is clicked on

2019-05-06 16:06:19 - [TEST_STEP][PASSED] - delay(2): Delayed 2 second(s)

2019-05-06 16:06:21 - [MESSAGE][PASSED] - Delayed 2 second(s)

2019-05-06 16:06:21 - [TEST_STEP][PASSED] - click(findTestObject("OCS_CRITICAL PATH/Checkout-shipping method/Page_Ontario Cannabis Store - Infor/button_Continue to shipping me")): Object: 'Object Repository/OCS_CRITICAL PATH/Checkout-shipping method/Page_Ontario Cannabis Store - Infor/button_Continue to shipping me' is clicked on

2019-05-06 16:06:24 - [MESSAGE][PASSED] - Object: 'Object Repository/OCS_CRITICAL PATH/Checkout-shipping method/Page_Ontario Cannabis Store - Infor/button_Continue to shipping me' is clicked on

2019-05-06 16:06:24 - [TEST_STEP][PASSED] - click(findTestObject("OCS_CRITICAL PATH/Checkout-shipping method/Page_Ontario Cannabis Store - Shipp/span_Return to customer inform")): Object: 'Object Repository/OCS_CRITICAL PATH/Checkout-shipping method/Page_Ontario Cannabis Store - Shipp/span_Return to customer inform' is clicked on

2019-05-06 16:06:32 - [MESSAGE][PASSED] - Object: 'Object Repository/OCS_CRITICAL PATH/Checkout-shipping method/Page_Ontario Cannabis Store - Shipp/span_Return to customer inform' is clicked on

2019-05-06 16:06:32 - [TEST_STEP][PASSED] - click(findTestObject("OCS_CRITICAL PATH/Checkout-shipping method/Page_Ontario Cannabis Store - Infor/button_Continue to shipping me")): Object: 'Object Repository/OCS_CRITICAL PATH/Checkout-shipping method/Page_Ontario Cannabis Store - Infor/button_Continue to shipping me' is clicked on

2019-05-06 16:06:40 - [MESSAGE][PASSED] - Object: 'Object Repository/OCS_CRITICAL PATH/Checkout-shipping method/Page_Ontario Cannabis Store - Infor/button_Continue to shipping me' is clicked on

2019-05-06 16:06:40 - [TEST_STEP][PASSED] - click(findTestObject("OCS_CRITICAL PATH/Checkout-shipping method/Page_Ontario Cannabis Store - Shipp/button_Continue to payment met")): Object: 'Object Repository/OCS_CRITICAL PATH/Checkout-shipping method/Page_Ontario Cannabis Store - Shipp/button_Continue to payment met' is clicked on

2019-05-06 16:06:43 - [MESSAGE][PASSED] - Object: 'Object Repository/OCS_CRITICAL PATH/Checkout-shipping method/Page_Ontario Cannabis Store - Shipp/button_Continue to payment met' is clicked on

2019-05-06 16:06:43 - [TEST_STEP][PASSED] - r = getWindowTitle(): Current window's title is: 'Ontario Cannabis Store - Payment - Ontario Cannabis Store - Checkout'

2019-05-06 16:06:43 - [MESSAGE][PASSED] - Current window's title is: 'Ontario Cannabis Store - Payment - Ontario Cannabis Store - Checkout'

2019-05-06 16:06:43 - [TEST_STEP][PASSED] - comment(r): Ontario Cannabis Store - Payment - Ontario Cannabis Store - Checkout

2019-05-06 16:06:43 - [MESSAGE][INFO] - Ontario Cannabis Store - Payment - Ontario Cannabis Store - Checkout

2019-05-06 16:06:43 - [TEST_STEP][PASSED] - assert getWindowTitle() == r: Current window's title is: 'Ontario Cannabis Store - Payment - Ontario Cannabis Store - Checkout'

2019-05-06 16:06:43 - [MESSAGE][PASSED] - Current window's title is: 'Ontario Cannabis Store - Payment - Ontario Cannabis Store - Checkout'

2019-05-06 16:06:43 - [TEST_STEP][PASSED] - comment(" navigation is on the right page "):  navigation is on the right page 

2019-05-06 16:06:43 - [MESSAGE][INFO] -  navigation is on the right page]]></system-out>
         <system-err><![CDATA[]]></system-err>
      </testcase>
      <testcase name="Test Cases/OCS- CRITICAL PATH/Cart page- decrease qty" classname="Test Cases/OCS- CRITICAL PATH/Cart page- decrease qty" status="FAILED">
         <failure type="FAILED" message="Test Cases/OCS- CRITICAL PATH/Cart page- decrease qty FAILED.
Reason:
com.kms.katalon.core.exception.StepFailedException: Unable to set text '6' of object 'Object Repository/OCS_CRITICAL PATH/cartpage- decrease qty _OR/Page_Your Shopping Cart  Ontario Ca/input_-_updates' (Root cause: org.openqa.selenium.StaleElementReferenceException: stale element reference: element is not attached to the page document
  (Session info: chrome=74.0.3729.108)
  (Driver info: chromedriver=74.0.3729.6 (255758eccf3d244491b8a1317aa76e1ce10d57e9-refs/branch-heads/3729@{#29}),platform=Windows NT 10.0.17134 x86_64) (WARNING: The server did not provide any stacktrace information)
Command duration or timeout: 98 milliseconds
For documentation on this error, please visit: http://seleniumhq.org/exceptions/stale_element_reference.html
Build info: version: '2.53.0', revision: '35ae25b', time: '2016-03-15 17:00:58'
System info: host: '207-254-7-235', ip: '207.254.7.235', os.name: 'windows', os.arch: 'x86', os.version: '10.0', java.version: '1.8.0_181'
Driver info: org.openqa.selenium.chrome.ChromeDriver
Capabilities [{mobileEmulationEnabled=false, timeouts={implicit=0, pageLoad=300000, script=30000}, hasTouchScreen=false, platform=XP, acceptSslCerts=false, goog:chromeOptions={debuggerAddress=localhost:1648}, acceptInsecureCerts=false, webStorageEnabled=true, browserName=chrome, takesScreenshot=true, javascriptEnabled=true, setWindowRect=true, unexpectedAlertBehaviour=ignore, applicationCacheEnabled=false, rotatable=false, networkConnectionEnabled=false, chrome={chromedriverVersion=74.0.3729.6 (255758eccf3d244491b8a1317aa76e1ce10d57e9-refs/branch-heads/3729@{#29}), userDataDir=C:\Windows\proxy\scoped_dir7068_18544}, takesHeapSnapshot=true, pageLoadStrategy=normal, strictFileInteractability=false, databaseEnabled=false, handlesAlerts=true, version=74.0.3729.108, browserConnectionEnabled=false, proxy={}, nativeEvents=true, locationContextEnabled=true, cssSelectorsEnabled=true}]
Session ID: e4521acf3c7c8fb7c18d6a2b19bcdb96
Command duration or timeout: 0 milliseconds)
	at com.kms.katalon.core.keyword.internal.KeywordMain.stepFailed(KeywordMain.groovy:36)
	at com.kms.katalon.core.webui.keyword.internal.WebUIKeywordMain.stepFailed(WebUIKeywordMain.groovy:65)
	at com.kms.katalon.core.webui.keyword.internal.WebUIKeywordMain.runKeyword(WebUIKeywordMain.groovy:27)
	at com.kms.katalon.core.webui.keyword.builtin.SetTextKeyword.setText(SetTextKeyword.groovy:65)
	at com.kms.katalon.core.webui.keyword.builtin.SetTextKeyword.execute(SetTextKeyword.groovy:37)
	at com.kms.katalon.core.keyword.internal.KeywordExecutor.executeKeywordForPlatform(KeywordExecutor.groovy:53)
	at com.kms.katalon.core.webui.keyword.WebUiBuiltInKeywords.setText(WebUiBuiltInKeywords.groovy:950)
	at com.kms.katalon.core.webui.keyword.WebUiBuiltInKeywords$setText$6.call(Unknown Source)
	at Cart page- decrease qty.run(Cart page- decrease qty:88)
	at com.kms.katalon.core.main.ScriptEngine.run(ScriptEngine.java:194)
	at com.kms.katalon.core.main.ScriptEngine.runScriptAsRawText(ScriptEngine.java:119)
	at com.kms.katalon.core.main.TestCaseExecutor.runScript(TestCaseExecutor.java:328)
	at com.kms.katalon.core.main.TestCaseExecutor.doExecute(TestCaseExecutor.java:319)
	at com.kms.katalon.core.main.TestCaseExecutor.processExecutionPhase(TestCaseExecutor.java:298)
	at com.kms.katalon.core.main.TestCaseExecutor.accessMainPhase(TestCaseExecutor.java:290)
	at com.kms.katalon.core.main.TestCaseExecutor.execute(TestCaseExecutor.java:224)
	at com.kms.katalon.core.main.TestSuiteExecutor.accessTestCaseMainPhase(TestSuiteExecutor.java:129)
	at com.kms.katalon.core.main.TestSuiteExecutor.accessTestSuiteMainPhase(TestSuiteExecutor.java:112)
	at com.kms.katalon.core.main.TestSuiteExecutor.execute(TestSuiteExecutor.java:81)
	at com.kms.katalon.core.main.TestCaseMain.startTestSuite(TestCaseMain.java:149)
	at com.kms.katalon.core.main.TestCaseMain$startTestSuite$0.call(Unknown Source)
	at TempTestSuite1557172220501.run(TempTestSuite1557172220501.groovy:36)
"/>
         <system-out><![CDATA[2019-05-06 16:06:43 - [TEST_CASE][FAILED] - Test Cases/OCS- CRITICAL PATH/Cart page- decrease qty: Test Cases/OCS- CRITICAL PATH/Cart page- decrease qty FAILED.
Reason:
com.kms.katalon.core.exception.StepFailedException: Unable to set text '6' of object 'Object Repository/OCS_CRITICAL PATH/cartpage- decrease qty _OR/Page_Your Shopping Cart  Ontario Ca/input_-_updates' (Root cause: org.openqa.selenium.StaleElementReferenceException: stale element reference: element is not attached to the page document
  (Session info: chrome=74.0.3729.108)
  (Driver info: chromedriver=74.0.3729.6 (255758eccf3d244491b8a1317aa76e1ce10d57e9-refs/branch-heads/3729@{#29}),platform=Windows NT 10.0.17134 x86_64) (WARNING: The server did not provide any stacktrace information)
Command duration or timeout: 98 milliseconds
For documentation on this error, please visit: http://seleniumhq.org/exceptions/stale_element_reference.html
Build info: version: '2.53.0', revision: '35ae25b', time: '2016-03-15 17:00:58'
System info: host: '207-254-7-235', ip: '207.254.7.235', os.name: 'windows', os.arch: 'x86', os.version: '10.0', java.version: '1.8.0_181'
Driver info: org.openqa.selenium.chrome.ChromeDriver
Capabilities [{mobileEmulationEnabled=false, timeouts={implicit=0, pageLoad=300000, script=30000}, hasTouchScreen=false, platform=XP, acceptSslCerts=false, goog:chromeOptions={debuggerAddress=localhost:1648}, acceptInsecureCerts=false, webStorageEnabled=true, browserName=chrome, takesScreenshot=true, javascriptEnabled=true, setWindowRect=true, unexpectedAlertBehaviour=ignore, applicationCacheEnabled=false, rotatable=false, networkConnectionEnabled=false, chrome={chromedriverVersion=74.0.3729.6 (255758eccf3d244491b8a1317aa76e1ce10d57e9-refs/branch-heads/3729@{#29}), userDataDir=C:\Windows\proxy\scoped_dir7068_18544}, takesHeapSnapshot=true, pageLoadStrategy=normal, strictFileInteractability=false, databaseEnabled=false, handlesAlerts=true, version=74.0.3729.108, browserConnectionEnabled=false, proxy={}, nativeEvents=true, locationContextEnabled=true, cssSelectorsEnabled=true}]
Session ID: e4521acf3c7c8fb7c18d6a2b19bcdb96
Command duration or timeout: 0 milliseconds)
	at com.kms.katalon.core.keyword.internal.KeywordMain.stepFailed(KeywordMain.groovy:36)
	at com.kms.katalon.core.webui.keyword.internal.WebUIKeywordMain.stepFailed(WebUIKeywordMain.groovy:65)
	at com.kms.katalon.core.webui.keyword.internal.WebUIKeywordMain.runKeyword(WebUIKeywordMain.groovy:27)
	at com.kms.katalon.core.webui.keyword.builtin.SetTextKeyword.setText(SetTextKeyword.groovy:65)
	at com.kms.katalon.core.webui.keyword.builtin.SetTextKeyword.execute(SetTextKeyword.groovy:37)
	at com.kms.katalon.core.keyword.internal.KeywordExecutor.executeKeywordForPlatform(KeywordExecutor.groovy:53)
	at com.kms.katalon.core.webui.keyword.WebUiBuiltInKeywords.setText(WebUiBuiltInKeywords.groovy:950)
	at com.kms.katalon.core.webui.keyword.WebUiBuiltInKeywords$setText$6.call(Unknown Source)
	at Cart page- decrease qty.run(Cart page- decrease qty:88)
	at com.kms.katalon.core.main.ScriptEngine.run(ScriptEngine.java:194)
	at com.kms.katalon.core.main.ScriptEngine.runScriptAsRawText(ScriptEngine.java:119)
	at com.kms.katalon.core.main.TestCaseExecutor.runScript(TestCaseExecutor.java:328)
	at com.kms.katalon.core.main.TestCaseExecutor.doExecute(TestCaseExecutor.java:319)
	at com.kms.katalon.core.main.TestCaseExecutor.processExecutionPhase(TestCaseExecutor.java:298)
	at com.kms.katalon.core.main.TestCaseExecutor.accessMainPhase(TestCaseExecutor.java:290)
	at com.kms.katalon.core.main.TestCaseExecutor.execute(TestCaseExecutor.java:224)
	at com.kms.katalon.core.main.TestSuiteExecutor.accessTestCaseMainPhase(TestSuiteExecutor.java:129)
	at com.kms.katalon.core.main.TestSuiteExecutor.accessTestSuiteMainPhase(TestSuiteExecutor.java:112)
	at com.kms.katalon.core.main.TestSuiteExecutor.execute(TestSuiteExecutor.java:81)
	at com.kms.katalon.core.main.TestCaseMain.startTestSuite(TestCaseMain.java:149)
	at com.kms.katalon.core.main.TestCaseMain$startTestSuite$0.call(Unknown Source)
	at TempTestSuite1557172220501.run(TempTestSuite1557172220501.groovy:36)


2019-05-06 16:06:43 - [TEST_STEP][PASSED] - openBrowser(""): Browser is opened with url: ''

2019-05-06 16:06:43 - [MESSAGE][WARNING] - A browser is already opened. Closing browser and opening a new one

2019-05-06 16:06:45 - [MESSAGE][INFO] - Starting 'Remote' driver

2019-05-06 16:06:45 - [MESSAGE][INFO] - User set preference: ['os', 'windows']

2019-05-06 16:06:45 - [MESSAGE][INFO] - User set preference: ['os_version', '10']

2019-05-06 16:06:45 - [MESSAGE][INFO] - User set preference: ['browser', 'Chrome']

2019-05-06 16:06:45 - [MESSAGE][INFO] - User set preference: ['browser_version', '74']

2019-05-06 16:06:45 - [MESSAGE][INFO] - User set preference: ['resolution', '1280x800']

2019-05-06 16:06:45 - [MESSAGE][INFO] - Connecting to remote web server 'https://dianatest3:Z3oqw9ysqTeRQJq5wFCp@hub-cloud.browserstack.com/wd/hub' with type 'Selenium'

2019-05-06 16:06:54 - [MESSAGE][PASSED] - Browser is opened with url: ''

2019-05-06 16:06:54 - [TEST_STEP][PASSED] - navigateToUrl("https://ocs.ca/?fts=0&preview_theme_id=53372913484"): Navigate to 'https://ocs.ca/?fts=0&preview_theme_id=53372913484' successfully

2019-05-06 16:07:02 - [MESSAGE][PASSED] - Navigate to 'https://ocs.ca/?fts=0&preview_theme_id=53372913484' successfully

2019-05-06 16:07:02 - [TEST_STEP][PASSED] - click(findTestObject("Object Repository/Theme_oR/Page_Ontario Cannabis Store  Ontari/button_Close preview")): Object: 'Object Repository/Theme_oR/Page_Ontario Cannabis Store  Ontari/button_Close preview' is clicked on

2019-05-06 16:07:02 - [MESSAGE][PASSED] - Object: 'Object Repository/Theme_oR/Page_Ontario Cannabis Store  Ontari/button_Close preview' is clicked on

2019-05-06 16:07:07 - [TEST_STEP][PASSED] - maximizeWindow(): Current window maximized

2019-05-06 16:07:08 - [MESSAGE][PASSED] - Current window maximized

2019-05-06 16:07:08 - [TEST_STEP][PASSED] - selectOptionByValue(findTestObject("OCS_CRITICAL PATH/Cartflyout-decrease qty _OR/Page_Ontario Cannabis Store  Ontari/select_Select01020304050607080"), "18", true): All options with value '18' are selected in object 'Object Repository/OCS_CRITICAL PATH/Cartflyout-decrease qty _OR/Page_Ontario Cannabis Store  Ontari/select_Select01020304050607080'  using regular expression

2019-05-06 16:07:14 - [MESSAGE][PASSED] - All options with value '18' are selected in object 'Object Repository/OCS_CRITICAL PATH/Cartflyout-decrease qty _OR/Page_Ontario Cannabis Store  Ontari/select_Select01020304050607080'  using regular expression

2019-05-06 16:07:14 - [TEST_STEP][PASSED] - selectOptionByValue(findTestObject("OCS_CRITICAL PATH/Cartflyout-decrease qty _OR/Page_Ontario Cannabis Store  Ontari/select_SelectJanuary - 01Febru"), "9", true): All options with value '9' are selected in object 'Object Repository/OCS_CRITICAL PATH/Cartflyout-decrease qty _OR/Page_Ontario Cannabis Store  Ontari/select_SelectJanuary - 01Febru'  using regular expression

2019-05-06 16:07:18 - [MESSAGE][PASSED] - All options with value '9' are selected in object 'Object Repository/OCS_CRITICAL PATH/Cartflyout-decrease qty _OR/Page_Ontario Cannabis Store  Ontari/select_SelectJanuary - 01Febru'  using regular expression

2019-05-06 16:07:18 - [TEST_STEP][PASSED] - selectOptionByValue(findTestObject("OCS_CRITICAL PATH/Cartflyout-decrease qty _OR/Page_Ontario Cannabis Store  Ontari/select_Select20182017201620152"), "1933", true): All options with value '1933' are selected in object 'Object Repository/OCS_CRITICAL PATH/Cartflyout-decrease qty _OR/Page_Ontario Cannabis Store  Ontari/select_Select20182017201620152'  using regular expression

2019-05-06 16:07:40 - [MESSAGE][PASSED] - All options with value '1933' are selected in object 'Object Repository/OCS_CRITICAL PATH/Cartflyout-decrease qty _OR/Page_Ontario Cannabis Store  Ontari/select_Select20182017201620152'  using regular expression

2019-05-06 16:07:40 - [TEST_STEP][PASSED] - click(findTestObject("OCS_CRITICAL PATH/Cartflyout-decrease qty _OR/Page_Ontario Cannabis Store  Ontari/button_Verify")): Object: 'Object Repository/OCS_CRITICAL PATH/Cartflyout-decrease qty _OR/Page_Ontario Cannabis Store  Ontari/button_Verify' is clicked on

2019-05-06 16:07:41 - [MESSAGE][PASSED] - Object: 'Object Repository/OCS_CRITICAL PATH/Cartflyout-decrease qty _OR/Page_Ontario Cannabis Store  Ontari/button_Verify' is clicked on

2019-05-06 16:07:41 - [TEST_STEP][PASSED] - click(findTestObject("OCS_CRITICAL PATH/Cartflyout-decrease qty _OR/Page_Ontario Cannabis Store  Ontari/span_CONFIRM AND ACKNOWLEDGE_c")): Object: 'Object Repository/OCS_CRITICAL PATH/Cartflyout-decrease qty _OR/Page_Ontario Cannabis Store  Ontari/span_CONFIRM AND ACKNOWLEDGE_c' is clicked on

2019-05-06 16:07:41 - [MESSAGE][PASSED] - Object: 'Object Repository/OCS_CRITICAL PATH/Cartflyout-decrease qty _OR/Page_Ontario Cannabis Store  Ontari/span_CONFIRM AND ACKNOWLEDGE_c' is clicked on

2019-05-06 16:07:41 - [TEST_STEP][PASSED] - click(findTestObject("OCS_CRITICAL PATH/Cartflyout-decrease qty _OR/Page_Ontario Cannabis Store  Ontari/button_CONFIRM")): Object: 'Object Repository/OCS_CRITICAL PATH/Cartflyout-decrease qty _OR/Page_Ontario Cannabis Store  Ontari/button_CONFIRM' is clicked on

2019-05-06 16:07:41 - [MESSAGE][PASSED] - Object: 'Object Repository/OCS_CRITICAL PATH/Cartflyout-decrease qty _OR/Page_Ontario Cannabis Store  Ontari/button_CONFIRM' is clicked on

2019-05-06 16:07:41 - [TEST_STEP][PASSED] - click(findTestObject("OCS_CRITICAL PATH/Cartflyout-decrease qty _OR/Page_Ontario Cannabis Store  Ontari/button_Start Browsing")): Object: 'Object Repository/OCS_CRITICAL PATH/Cartflyout-decrease qty _OR/Page_Ontario Cannabis Store  Ontari/button_Start Browsing' is clicked on

2019-05-06 16:07:42 - [MESSAGE][PASSED] - Object: 'Object Repository/OCS_CRITICAL PATH/Cartflyout-decrease qty _OR/Page_Ontario Cannabis Store  Ontari/button_Start Browsing' is clicked on

2019-05-06 16:07:42 - [TEST_STEP][PASSED] - delay(2): Delayed 2 second(s)

2019-05-06 16:07:44 - [MESSAGE][PASSED] - Delayed 2 second(s)

2019-05-06 16:07:44 - [TEST_STEP][PASSED] - mouseOver(findTestObject("OCS_CRITICAL PATH/Cartflyout-decrease qty _OR/Page_Ontario Cannabis Store  Ontari/h3_Cannabis")): Object: 'Object Repository/OCS_CRITICAL PATH/Cartflyout-decrease qty _OR/Page_Ontario Cannabis Store  Ontari/h3_Cannabis' is hovered

2019-05-06 16:07:44 - [MESSAGE][PASSED] - Object: 'Object Repository/OCS_CRITICAL PATH/Cartflyout-decrease qty _OR/Page_Ontario Cannabis Store  Ontari/h3_Cannabis' is hovered

2019-05-06 16:07:44 - [TEST_STEP][PASSED] - delay(2): Delayed 2 second(s)

2019-05-06 16:07:46 - [MESSAGE][PASSED] - Delayed 2 second(s)

2019-05-06 16:07:46 - [TEST_STEP][PASSED] - click(findTestObject("OCS_CRITICAL PATH/Cartflyout-decrease qty _OR/Page_Ontario Cannabis Store  Ontari/span_Indica Dominant")): Object: 'Object Repository/OCS_CRITICAL PATH/Cartflyout-decrease qty _OR/Page_Ontario Cannabis Store  Ontari/span_Indica Dominant' is clicked on

2019-05-06 16:07:50 - [MESSAGE][PASSED] - Object: 'Object Repository/OCS_CRITICAL PATH/Cartflyout-decrease qty _OR/Page_Ontario Cannabis Store  Ontari/span_Indica Dominant' is clicked on

2019-05-06 16:07:50 - [TEST_STEP][PASSED] - delay(3): Delayed 3 second(s)

2019-05-06 16:07:53 - [MESSAGE][PASSED] - Delayed 3 second(s)

2019-05-06 16:07:53 - [TEST_STEP][PASSED] - click(findTestObject("OCS_CRITICAL PATH/Cartflyout-decrease qty _OR/Page_Indica Dominant Dried Flower/h3_Shishkaberry")): Object: 'Object Repository/OCS_CRITICAL PATH/Cartflyout-decrease qty _OR/Page_Indica Dominant Dried Flower/h3_Shishkaberry' is clicked on

2019-05-06 16:07:59 - [MESSAGE][PASSED] - Object: 'Object Repository/OCS_CRITICAL PATH/Cartflyout-decrease qty _OR/Page_Indica Dominant Dried Flower/h3_Shishkaberry' is clicked on

2019-05-06 16:07:59 - [TEST_STEP][PASSED] - click(findTestObject("OCS_CRITICAL PATH/Cartflyout-decrease qty _OR/Page_Shishkaberry  Ontario Cannabis/div_3.5g")): Object: 'Object Repository/OCS_CRITICAL PATH/Cartflyout-decrease qty _OR/Page_Shishkaberry  Ontario Cannabis/div_3.5g' is clicked on

2019-05-06 16:07:59 - [MESSAGE][PASSED] - Object: 'Object Repository/OCS_CRITICAL PATH/Cartflyout-decrease qty _OR/Page_Shishkaberry  Ontario Cannabis/div_3.5g' is clicked on

2019-05-06 16:07:59 - [TEST_STEP][PASSED] - click(findTestObject("OCS_CRITICAL PATH/cartpage- decrease qty _OR/Page_Shishkaberry  Ontario Cannabis/button_")): Object: 'Object Repository/OCS_CRITICAL PATH/cartpage- decrease qty _OR/Page_Shishkaberry  Ontario Cannabis/button_' is clicked on

2019-05-06 16:08:00 - [MESSAGE][PASSED] - Object: 'Object Repository/OCS_CRITICAL PATH/cartpage- decrease qty _OR/Page_Shishkaberry  Ontario Cannabis/button_' is clicked on

2019-05-06 16:08:00 - [TEST_STEP][PASSED] - click(findTestObject("OCS_CRITICAL PATH/cartpage- decrease qty _OR/Page_Shishkaberry  Ontario Cannabis/button_")): Object: 'Object Repository/OCS_CRITICAL PATH/cartpage- decrease qty _OR/Page_Shishkaberry  Ontario Cannabis/button_' is clicked on

2019-05-06 16:08:00 - [MESSAGE][PASSED] - Object: 'Object Repository/OCS_CRITICAL PATH/cartpage- decrease qty _OR/Page_Shishkaberry  Ontario Cannabis/button_' is clicked on

2019-05-06 16:08:00 - [TEST_STEP][PASSED] - click(findTestObject("OCS_CRITICAL PATH/cartpage- decrease qty _OR/Page_Shishkaberry  Ontario Cannabis/button_")): Object: 'Object Repository/OCS_CRITICAL PATH/cartpage- decrease qty _OR/Page_Shishkaberry  Ontario Cannabis/button_' is clicked on

2019-05-06 16:08:00 - [MESSAGE][PASSED] - Object: 'Object Repository/OCS_CRITICAL PATH/cartpage- decrease qty _OR/Page_Shishkaberry  Ontario Cannabis/button_' is clicked on

2019-05-06 16:08:00 - [TEST_STEP][PASSED] - click(findTestObject("OCS_CRITICAL PATH/cartpage- decrease qty _OR/Page_Shishkaberry  Ontario Cannabis/button_")): Object: 'Object Repository/OCS_CRITICAL PATH/cartpage- decrease qty _OR/Page_Shishkaberry  Ontario Cannabis/button_' is clicked on

2019-05-06 16:08:01 - [MESSAGE][PASSED] - Object: 'Object Repository/OCS_CRITICAL PATH/cartpage- decrease qty _OR/Page_Shishkaberry  Ontario Cannabis/button_' is clicked on

2019-05-06 16:08:01 - [TEST_STEP][PASSED] - click(findTestObject("OCS_CRITICAL PATH/cartpage- decrease qty _OR/Page_Shishkaberry  Ontario Cannabis/button_")): Object: 'Object Repository/OCS_CRITICAL PATH/cartpage- decrease qty _OR/Page_Shishkaberry  Ontario Cannabis/button_' is clicked on

2019-05-06 16:08:01 - [MESSAGE][PASSED] - Object: 'Object Repository/OCS_CRITICAL PATH/cartpage- decrease qty _OR/Page_Shishkaberry  Ontario Cannabis/button_' is clicked on

2019-05-06 16:08:01 - [TEST_STEP][PASSED] - click(findTestObject("OCS_CRITICAL PATH/cartpage- decrease qty _OR/Page_Shishkaberry  Ontario Cannabis/button_Add to Bag194.40")): Object: 'Object Repository/OCS_CRITICAL PATH/cartpage- decrease qty _OR/Page_Shishkaberry  Ontario Cannabis/button_Add to Bag194.40' is clicked on

2019-05-06 16:08:01 - [MESSAGE][PASSED] - Object: 'Object Repository/OCS_CRITICAL PATH/cartpage- decrease qty _OR/Page_Shishkaberry  Ontario Cannabis/button_Add to Bag194.40' is clicked on

2019-05-06 16:08:01 - [TEST_STEP][PASSED] - click(findTestObject("OCS_CRITICAL PATH/cartpage- decrease qty _OR/Page_Shishkaberry  Ontario Cannabis/span_concat(I confirm that I")): Object: 'Object Repository/OCS_CRITICAL PATH/cartpage- decrease qty _OR/Page_Shishkaberry  Ontario Cannabis/span_concat(I confirm that I' is clicked on

2019-05-06 16:08:03 - [MESSAGE][PASSED] - Object: 'Object Repository/OCS_CRITICAL PATH/cartpage- decrease qty _OR/Page_Shishkaberry  Ontario Cannabis/span_concat(I confirm that I' is clicked on

2019-05-06 16:08:03 - [TEST_STEP][PASSED] - click(findTestObject("OCS_CRITICAL PATH/cartpage- decrease qty _OR/Page_Shishkaberry  Ontario Cannabis/span_Accept the_checkbox")): Object: 'Object Repository/OCS_CRITICAL PATH/cartpage- decrease qty _OR/Page_Shishkaberry  Ontario Cannabis/span_Accept the_checkbox' is clicked on

2019-05-06 16:08:04 - [MESSAGE][PASSED] - Object: 'Object Repository/OCS_CRITICAL PATH/cartpage- decrease qty _OR/Page_Shishkaberry  Ontario Cannabis/span_Accept the_checkbox' is clicked on

2019-05-06 16:08:04 - [TEST_STEP][PASSED] - delay(3): Delayed 3 second(s)

2019-05-06 16:08:07 - [MESSAGE][PASSED] - Delayed 3 second(s)

2019-05-06 16:08:07 - [TEST_STEP][PASSED] - click(findTestObject("OCS_CRITICAL PATH/cartpage- decrease qty _OR/Page_Shishkaberry  Ontario Cannabis/a_Checkout")): Object: 'Object Repository/OCS_CRITICAL PATH/cartpage- decrease qty _OR/Page_Shishkaberry  Ontario Cannabis/a_Checkout' is clicked on

2019-05-06 16:08:09 - [MESSAGE][PASSED] - Object: 'Object Repository/OCS_CRITICAL PATH/cartpage- decrease qty _OR/Page_Shishkaberry  Ontario Cannabis/a_Checkout' is clicked on

2019-05-06 16:08:09 - [TEST_STEP][PASSED] - click(findTestObject("OCS_CRITICAL PATH/cartpage- decrease qty _OR/Page_Ontario Cannabis Store - Infor/a_Cart")): Object: 'Object Repository/OCS_CRITICAL PATH/cartpage- decrease qty _OR/Page_Ontario Cannabis Store - Infor/a_Cart' is clicked on

2019-05-06 16:08:11 - [MESSAGE][PASSED] - Object: 'Object Repository/OCS_CRITICAL PATH/cartpage- decrease qty _OR/Page_Ontario Cannabis Store - Infor/a_Cart' is clicked on

2019-05-06 16:08:11 - [TEST_STEP][PASSED] - a = getText(findTestObject("OCS_CRITICAL PATH/cartpage- decrease qty _OR/Page_Your Shopping Cart  Ontario Ca/p_194.40")): Text of object 'Object Repository/OCS_CRITICAL PATH/cartpage- decrease qty _OR/Page_Your Shopping Cart  Ontario Ca/p_194.40' is: '$194.40'

2019-05-06 16:08:11 - [MESSAGE][PASSED] - Text of object 'Object Repository/OCS_CRITICAL PATH/cartpage- decrease qty _OR/Page_Your Shopping Cart  Ontario Ca/p_194.40' is: '$194.40'

2019-05-06 16:08:11 - [TEST_STEP][PASSED] - comment(a): $194.40

2019-05-06 16:08:11 - [MESSAGE][INFO] - $194.40

2019-05-06 16:08:11 - [TEST_STEP][PASSED] - click(findTestObject("OCS_CRITICAL PATH/cartpage- decrease qty _OR/Page_Your Shopping Cart  Ontario Ca/button_-")): Object: 'Object Repository/OCS_CRITICAL PATH/cartpage- decrease qty _OR/Page_Your Shopping Cart  Ontario Ca/button_-' is clicked on

2019-05-06 16:08:12 - [MESSAGE][PASSED] - Object: 'Object Repository/OCS_CRITICAL PATH/cartpage- decrease qty _OR/Page_Your Shopping Cart  Ontario Ca/button_-' is clicked on

2019-05-06 16:08:12 - [TEST_STEP][PASSED] - setText(findTestObject("OCS_CRITICAL PATH/cartpage- decrease qty _OR/Page_Your Shopping Cart  Ontario Ca/input_-_updates"), "7"): Text '7' is set on object 'Object Repository/OCS_CRITICAL PATH/cartpage- decrease qty _OR/Page_Your Shopping Cart  Ontario Ca/input_-_updates'

2019-05-06 16:08:12 - [MESSAGE][PASSED] - Text '7' is set on object 'Object Repository/OCS_CRITICAL PATH/cartpage- decrease qty _OR/Page_Your Shopping Cart  Ontario Ca/input_-_updates'

2019-05-06 16:08:12 - [TEST_STEP][NOT_RUN] - click(findTestObject("OCS_CRITICAL PATH/cartpage- decrease qty _OR/Page_Your Shopping Cart  Ontario Ca/div_3.5g")): NOT_RUN: click(findTestObject("OCS_CRITICAL PATH/cartpage- decrease qty _OR/Page_Your Shopping Cart  Ontario Ca/div_3.5g"))

2019-05-06 16:08:12 - [MESSAGE][NOT_RUN] - NOT_RUN: click(findTestObject("OCS_CRITICAL PATH/cartpage- decrease qty _OR/Page_Your Shopping Cart  Ontario Ca/div_3.5g"))

2019-05-06 16:08:12 - [TEST_STEP][FAILED] - setText(findTestObject("OCS_CRITICAL PATH/cartpage- decrease qty _OR/Page_Your Shopping Cart  Ontario Ca/input_-_updates"), "6"): setText(findTestObject("OCS_CRITICAL PATH/cartpage- decrease qty _OR/Page_Your Shopping Cart  Ontario Ca/input_-_updates"), "6") FAILED.
Reason:
com.kms.katalon.core.exception.StepFailedException: Unable to set text '6' of object 'Object Repository/OCS_CRITICAL PATH/cartpage- decrease qty _OR/Page_Your Shopping Cart  Ontario Ca/input_-_updates' (Root cause: org.openqa.selenium.StaleElementReferenceException: stale element reference: element is not attached to the page document
  (Session info: chrome=74.0.3729.108)
  (Driver info: chromedriver=74.0.3729.6 (255758eccf3d244491b8a1317aa76e1ce10d57e9-refs/branch-heads/3729@{#29}),platform=Windows NT 10.0.17134 x86_64) (WARNING: The server did not provide any stacktrace information)
Command duration or timeout: 98 milliseconds
For documentation on this error, please visit: http://seleniumhq.org/exceptions/stale_element_reference.html
Build info: version: '2.53.0', revision: '35ae25b', time: '2016-03-15 17:00:58'
System info: host: '207-254-7-235', ip: '207.254.7.235', os.name: 'windows', os.arch: 'x86', os.version: '10.0', java.version: '1.8.0_181'
Driver info: org.openqa.selenium.chrome.ChromeDriver
Capabilities [{mobileEmulationEnabled=false, timeouts={implicit=0, pageLoad=300000, script=30000}, hasTouchScreen=false, platform=XP, acceptSslCerts=false, goog:chromeOptions={debuggerAddress=localhost:1648}, acceptInsecureCerts=false, webStorageEnabled=true, browserName=chrome, takesScreenshot=true, javascriptEnabled=true, setWindowRect=true, unexpectedAlertBehaviour=ignore, applicationCacheEnabled=false, rotatable=false, networkConnectionEnabled=false, chrome={chromedriverVersion=74.0.3729.6 (255758eccf3d244491b8a1317aa76e1ce10d57e9-refs/branch-heads/3729@{#29}), userDataDir=C:\Windows\proxy\scoped_dir7068_18544}, takesHeapSnapshot=true, pageLoadStrategy=normal, strictFileInteractability=false, databaseEnabled=false, handlesAlerts=true, version=74.0.3729.108, browserConnectionEnabled=false, proxy={}, nativeEvents=true, locationContextEnabled=true, cssSelectorsEnabled=true}]
Session ID: e4521acf3c7c8fb7c18d6a2b19bcdb96
Command duration or timeout: 0 milliseconds)
	at com.kms.katalon.core.keyword.internal.KeywordMain.stepFailed(KeywordMain.groovy:36)
	at com.kms.katalon.core.webui.keyword.internal.WebUIKeywordMain.stepFailed(WebUIKeywordMain.groovy:65)
	at com.kms.katalon.core.webui.keyword.internal.WebUIKeywordMain.runKeyword(WebUIKeywordMain.groovy:27)
	at com.kms.katalon.core.webui.keyword.builtin.SetTextKeyword.setText(SetTextKeyword.groovy:65)
	at com.kms.katalon.core.webui.keyword.builtin.SetTextKeyword.execute(SetTextKeyword.groovy:37)
	at com.kms.katalon.core.keyword.internal.KeywordExecutor.executeKeywordForPlatform(KeywordExecutor.groovy:53)
	at com.kms.katalon.core.webui.keyword.WebUiBuiltInKeywords.setText(WebUiBuiltInKeywords.groovy:950)
	at com.kms.katalon.core.webui.keyword.WebUiBuiltInKeywords$setText$6.call(Unknown Source)
	at Cart page- decrease qty.run(Cart page- decrease qty:88)
	at com.kms.katalon.core.main.ScriptEngine.run(ScriptEngine.java:194)
	at com.kms.katalon.core.main.ScriptEngine.runScriptAsRawText(ScriptEngine.java:119)
	at com.kms.katalon.core.main.TestCaseExecutor.runScript(TestCaseExecutor.java:328)
	at com.kms.katalon.core.main.TestCaseExecutor.doExecute(TestCaseExecutor.java:319)
	at com.kms.katalon.core.main.TestCaseExecutor.processExecutionPhase(TestCaseExecutor.java:298)
	at com.kms.katalon.core.main.TestCaseExecutor.accessMainPhase(TestCaseExecutor.java:290)
	at com.kms.katalon.core.main.TestCaseExecutor.execute(TestCaseExecutor.java:224)
	at com.kms.katalon.core.main.TestSuiteExecutor.accessTestCaseMainPhase(TestSuiteExecutor.java:129)
	at com.kms.katalon.core.main.TestSuiteExecutor.accessTestSuiteMainPhase(TestSuiteExecutor.java:112)
	at com.kms.katalon.core.main.TestSuiteExecutor.execute(TestSuiteExecutor.java:81)
	at com.kms.katalon.core.main.TestCaseMain.startTestSuite(TestCaseMain.java:149)
	at com.kms.katalon.core.main.TestCaseMain$startTestSuite$0.call(Unknown Source)
	at TempTestSuite1557172220501.run(TempTestSuite1557172220501.groovy:36)


2019-05-06 16:08:14 - [MESSAGE][FAILED] - Unable to set text '6' of object 'Object Repository/OCS_CRITICAL PATH/cartpage- decrease qty _OR/Page_Your Shopping Cart  Ontario Ca/input_-_updates' (Root cause: org.openqa.selenium.StaleElementReferenceException: stale element reference: element is not attached to the page document
  (Session info: chrome=74.0.3729.108)
  (Driver info: chromedriver=74.0.3729.6 (255758eccf3d244491b8a1317aa76e1ce10d57e9-refs/branch-heads/3729@{#29}),platform=Windows NT 10.0.17134 x86_64) (WARNING: The server did not provide any stacktrace information)
Command duration or timeout: 98 milliseconds
For documentation on this error, please visit: http://seleniumhq.org/exceptions/stale_element_reference.html
Build info: version: '2.53.0', revision: '35ae25b', time: '2016-03-15 17:00:58'
System info: host: '207-254-7-235', ip: '207.254.7.235', os.name: 'windows', os.arch: 'x86', os.version: '10.0', java.version: '1.8.0_181'
Driver info: org.openqa.selenium.chrome.ChromeDriver
Capabilities [{mobileEmulationEnabled=false, timeouts={implicit=0, pageLoad=300000, script=30000}, hasTouchScreen=false, platform=XP, acceptSslCerts=false, goog:chromeOptions={debuggerAddress=localhost:1648}, acceptInsecureCerts=false, webStorageEnabled=true, browserName=chrome, takesScreenshot=true, javascriptEnabled=true, setWindowRect=true, unexpectedAlertBehaviour=ignore, applicationCacheEnabled=false, rotatable=false, networkConnectionEnabled=false, chrome={chromedriverVersion=74.0.3729.6 (255758eccf3d244491b8a1317aa76e1ce10d57e9-refs/branch-heads/3729@{#29}), userDataDir=C:\Windows\proxy\scoped_dir7068_18544}, takesHeapSnapshot=true, pageLoadStrategy=normal, strictFileInteractability=false, databaseEnabled=false, handlesAlerts=true, version=74.0.3729.108, browserConnectionEnabled=false, proxy={}, nativeEvents=true, locationContextEnabled=true, cssSelectorsEnabled=true}]
Session ID: e4521acf3c7c8fb7c18d6a2b19bcdb96
Command duration or timeout: 0 milliseconds)
[[ATTACHMENT|/Users/sumankompelly/git/Sample-OCS/Reports/OCS-1.7.0/CRITICAL PATH/20190506_155020/1557173293759.png]]

2019-05-06 16:08:14 - [MESSAGE][FAILED] - setText(findTestObject("OCS_CRITICAL PATH/cartpage- decrease qty _OR/Page_Your Shopping Cart  Ontario Ca/input_-_updates"), "6") FAILED.
Reason:
com.kms.katalon.core.exception.StepFailedException: Unable to set text '6' of object 'Object Repository/OCS_CRITICAL PATH/cartpage- decrease qty _OR/Page_Your Shopping Cart  Ontario Ca/input_-_updates' (Root cause: org.openqa.selenium.StaleElementReferenceException: stale element reference: element is not attached to the page document
  (Session info: chrome=74.0.3729.108)
  (Driver info: chromedriver=74.0.3729.6 (255758eccf3d244491b8a1317aa76e1ce10d57e9-refs/branch-heads/3729@{#29}),platform=Windows NT 10.0.17134 x86_64) (WARNING: The server did not provide any stacktrace information)
Command duration or timeout: 98 milliseconds
For documentation on this error, please visit: http://seleniumhq.org/exceptions/stale_element_reference.html
Build info: version: '2.53.0', revision: '35ae25b', time: '2016-03-15 17:00:58'
System info: host: '207-254-7-235', ip: '207.254.7.235', os.name: 'windows', os.arch: 'x86', os.version: '10.0', java.version: '1.8.0_181'
Driver info: org.openqa.selenium.chrome.ChromeDriver
Capabilities [{mobileEmulationEnabled=false, timeouts={implicit=0, pageLoad=300000, script=30000}, hasTouchScreen=false, platform=XP, acceptSslCerts=false, goog:chromeOptions={debuggerAddress=localhost:1648}, acceptInsecureCerts=false, webStorageEnabled=true, browserName=chrome, takesScreenshot=true, javascriptEnabled=true, setWindowRect=true, unexpectedAlertBehaviour=ignore, applicationCacheEnabled=false, rotatable=false, networkConnectionEnabled=false, chrome={chromedriverVersion=74.0.3729.6 (255758eccf3d244491b8a1317aa76e1ce10d57e9-refs/branch-heads/3729@{#29}), userDataDir=C:\Windows\proxy\scoped_dir7068_18544}, takesHeapSnapshot=true, pageLoadStrategy=normal, strictFileInteractability=false, databaseEnabled=false, handlesAlerts=true, version=74.0.3729.108, browserConnectionEnabled=false, proxy={}, nativeEvents=true, locationContextEnabled=true, cssSelectorsEnabled=true}]
Session ID: e4521acf3c7c8fb7c18d6a2b19bcdb96
Command duration or timeout: 0 milliseconds)
	at com.kms.katalon.core.keyword.internal.KeywordMain.stepFailed(KeywordMain.groovy:36)
	at com.kms.katalon.core.webui.keyword.internal.WebUIKeywordMain.stepFailed(WebUIKeywordMain.groovy:65)
	at com.kms.katalon.core.webui.keyword.internal.WebUIKeywordMain.runKeyword(WebUIKeywordMain.groovy:27)
	at com.kms.katalon.core.webui.keyword.builtin.SetTextKeyword.setText(SetTextKeyword.groovy:65)
	at com.kms.katalon.core.webui.keyword.builtin.SetTextKeyword.execute(SetTextKeyword.groovy:37)
	at com.kms.katalon.core.keyword.internal.KeywordExecutor.executeKeywordForPlatform(KeywordExecutor.groovy:53)
	at com.kms.katalon.core.webui.keyword.WebUiBuiltInKeywords.setText(WebUiBuiltInKeywords.groovy:950)
	at com.kms.katalon.core.webui.keyword.WebUiBuiltInKeywords$setText$6.call(Unknown Source)
	at Cart page- decrease qty.run(Cart page- decrease qty:88)
	at com.kms.katalon.core.main.ScriptEngine.run(ScriptEngine.java:194)
	at com.kms.katalon.core.main.ScriptEngine.runScriptAsRawText(ScriptEngine.java:119)
	at com.kms.katalon.core.main.TestCaseExecutor.runScript(TestCaseExecutor.java:328)
	at com.kms.katalon.core.main.TestCaseExecutor.doExecute(TestCaseExecutor.java:319)
	at com.kms.katalon.core.main.TestCaseExecutor.processExecutionPhase(TestCaseExecutor.java:298)
	at com.kms.katalon.core.main.TestCaseExecutor.accessMainPhase(TestCaseExecutor.java:290)
	at com.kms.katalon.core.main.TestCaseExecutor.execute(TestCaseExecutor.java:224)
	at com.kms.katalon.core.main.TestSuiteExecutor.accessTestCaseMainPhase(TestSuiteExecutor.java:129)
	at com.kms.katalon.core.main.TestSuiteExecutor.accessTestSuiteMainPhase(TestSuiteExecutor.java:112)
	at com.kms.katalon.core.main.TestSuiteExecutor.execute(TestSuiteExecutor.java:81)
	at com.kms.katalon.core.main.TestCaseMain.startTestSuite(TestCaseMain.java:149)
	at com.kms.katalon.core.main.TestCaseMain$startTestSuite$0.call(Unknown Source)
	at TempTestSuite1557172220501.run(TempTestSuite1557172220501.groovy:36)]]></system-out>
         <system-err><![CDATA[2019-05-06 16:06:43 - [TEST_CASE][FAILED] - Test Cases/OCS- CRITICAL PATH/Cart page- decrease qty: Test Cases/OCS- CRITICAL PATH/Cart page- decrease qty FAILED.
Reason:
com.kms.katalon.core.exception.StepFailedException: Unable to set text '6' of object 'Object Repository/OCS_CRITICAL PATH/cartpage- decrease qty _OR/Page_Your Shopping Cart  Ontario Ca/input_-_updates' (Root cause: org.openqa.selenium.StaleElementReferenceException: stale element reference: element is not attached to the page document
  (Session info: chrome=74.0.3729.108)
  (Driver info: chromedriver=74.0.3729.6 (255758eccf3d244491b8a1317aa76e1ce10d57e9-refs/branch-heads/3729@{#29}),platform=Windows NT 10.0.17134 x86_64) (WARNING: The server did not provide any stacktrace information)
Command duration or timeout: 98 milliseconds
For documentation on this error, please visit: http://seleniumhq.org/exceptions/stale_element_reference.html
Build info: version: '2.53.0', revision: '35ae25b', time: '2016-03-15 17:00:58'
System info: host: '207-254-7-235', ip: '207.254.7.235', os.name: 'windows', os.arch: 'x86', os.version: '10.0', java.version: '1.8.0_181'
Driver info: org.openqa.selenium.chrome.ChromeDriver
Capabilities [{mobileEmulationEnabled=false, timeouts={implicit=0, pageLoad=300000, script=30000}, hasTouchScreen=false, platform=XP, acceptSslCerts=false, goog:chromeOptions={debuggerAddress=localhost:1648}, acceptInsecureCerts=false, webStorageEnabled=true, browserName=chrome, takesScreenshot=true, javascriptEnabled=true, setWindowRect=true, unexpectedAlertBehaviour=ignore, applicationCacheEnabled=false, rotatable=false, networkConnectionEnabled=false, chrome={chromedriverVersion=74.0.3729.6 (255758eccf3d244491b8a1317aa76e1ce10d57e9-refs/branch-heads/3729@{#29}), userDataDir=C:\Windows\proxy\scoped_dir7068_18544}, takesHeapSnapshot=true, pageLoadStrategy=normal, strictFileInteractability=false, databaseEnabled=false, handlesAlerts=true, version=74.0.3729.108, browserConnectionEnabled=false, proxy={}, nativeEvents=true, locationContextEnabled=true, cssSelectorsEnabled=true}]
Session ID: e4521acf3c7c8fb7c18d6a2b19bcdb96
Command duration or timeout: 0 milliseconds)
	at com.kms.katalon.core.keyword.internal.KeywordMain.stepFailed(KeywordMain.groovy:36)
	at com.kms.katalon.core.webui.keyword.internal.WebUIKeywordMain.stepFailed(WebUIKeywordMain.groovy:65)
	at com.kms.katalon.core.webui.keyword.internal.WebUIKeywordMain.runKeyword(WebUIKeywordMain.groovy:27)
	at com.kms.katalon.core.webui.keyword.builtin.SetTextKeyword.setText(SetTextKeyword.groovy:65)
	at com.kms.katalon.core.webui.keyword.builtin.SetTextKeyword.execute(SetTextKeyword.groovy:37)
	at com.kms.katalon.core.keyword.internal.KeywordExecutor.executeKeywordForPlatform(KeywordExecutor.groovy:53)
	at com.kms.katalon.core.webui.keyword.WebUiBuiltInKeywords.setText(WebUiBuiltInKeywords.groovy:950)
	at com.kms.katalon.core.webui.keyword.WebUiBuiltInKeywords$setText$6.call(Unknown Source)
	at Cart page- decrease qty.run(Cart page- decrease qty:88)
	at com.kms.katalon.core.main.ScriptEngine.run(ScriptEngine.java:194)
	at com.kms.katalon.core.main.ScriptEngine.runScriptAsRawText(ScriptEngine.java:119)
	at com.kms.katalon.core.main.TestCaseExecutor.runScript(TestCaseExecutor.java:328)
	at com.kms.katalon.core.main.TestCaseExecutor.doExecute(TestCaseExecutor.java:319)
	at com.kms.katalon.core.main.TestCaseExecutor.processExecutionPhase(TestCaseExecutor.java:298)
	at com.kms.katalon.core.main.TestCaseExecutor.accessMainPhase(TestCaseExecutor.java:290)
	at com.kms.katalon.core.main.TestCaseExecutor.execute(TestCaseExecutor.java:224)
	at com.kms.katalon.core.main.TestSuiteExecutor.accessTestCaseMainPhase(TestSuiteExecutor.java:129)
	at com.kms.katalon.core.main.TestSuiteExecutor.accessTestSuiteMainPhase(TestSuiteExecutor.java:112)
	at com.kms.katalon.core.main.TestSuiteExecutor.execute(TestSuiteExecutor.java:81)
	at com.kms.katalon.core.main.TestCaseMain.startTestSuite(TestCaseMain.java:149)
	at com.kms.katalon.core.main.TestCaseMain$startTestSuite$0.call(Unknown Source)
	at TempTestSuite1557172220501.run(TempTestSuite1557172220501.groovy:36)]]></system-err>
      </testcase>
      <testcase name="Test Cases/OCS- CRITICAL PATH/Miscellaneous" classname="Test Cases/OCS- CRITICAL PATH/Miscellaneous" status="FAILED">
         <failure type="FAILED" message="Test Cases/OCS- CRITICAL PATH/Miscellaneous FAILED.
Reason:
com.kms.katalon.core.exception.StepFailedException: Unable to click on object 'Object Repository/miscellaneous_OR/Page_Ontario Cannabis Store  Ontari/i_Hoss Glass_icon--forward sli' (Root cause: com.kms.katalon.core.webui.exception.WebElementNotFoundException: Web element with id: 'Object Repository/miscellaneous_OR/Page_Ontario Cannabis Store  Ontari/i_Hoss Glass_icon--forward sli' located by 'By.xpath: //div[@id='shopify-section-1549488936323']/section/div/div/i[2]' not found)
	at com.kms.katalon.core.keyword.internal.KeywordMain.stepFailed(KeywordMain.groovy:36)
	at com.kms.katalon.core.webui.keyword.internal.WebUIKeywordMain.stepFailed(WebUIKeywordMain.groovy:65)
	at com.kms.katalon.core.webui.keyword.internal.WebUIKeywordMain.runKeyword(WebUIKeywordMain.groovy:27)
	at com.kms.katalon.core.webui.keyword.builtin.ClickKeyword.click(ClickKeyword.groovy:86)
	at com.kms.katalon.core.webui.keyword.builtin.ClickKeyword.execute(ClickKeyword.groovy:67)
	at com.kms.katalon.core.keyword.internal.KeywordExecutor.executeKeywordForPlatform(KeywordExecutor.groovy:53)
	at com.kms.katalon.core.webui.keyword.WebUiBuiltInKeywords.click(WebUiBuiltInKeywords.groovy:616)
	at com.kms.katalon.core.webui.keyword.WebUiBuiltInKeywords$click$1.call(Unknown Source)
	at Miscellaneous.run(Miscellaneous:41)
	at com.kms.katalon.core.main.ScriptEngine.run(ScriptEngine.java:194)
	at com.kms.katalon.core.main.ScriptEngine.runScriptAsRawText(ScriptEngine.java:119)
	at com.kms.katalon.core.main.TestCaseExecutor.runScript(TestCaseExecutor.java:328)
	at com.kms.katalon.core.main.TestCaseExecutor.doExecute(TestCaseExecutor.java:319)
	at com.kms.katalon.core.main.TestCaseExecutor.processExecutionPhase(TestCaseExecutor.java:298)
	at com.kms.katalon.core.main.TestCaseExecutor.accessMainPhase(TestCaseExecutor.java:290)
	at com.kms.katalon.core.main.TestCaseExecutor.execute(TestCaseExecutor.java:224)
	at com.kms.katalon.core.main.TestSuiteExecutor.accessTestCaseMainPhase(TestSuiteExecutor.java:129)
	at com.kms.katalon.core.main.TestSuiteExecutor.accessTestSuiteMainPhase(TestSuiteExecutor.java:112)
	at com.kms.katalon.core.main.TestSuiteExecutor.execute(TestSuiteExecutor.java:81)
	at com.kms.katalon.core.main.TestCaseMain.startTestSuite(TestCaseMain.java:149)
	at com.kms.katalon.core.main.TestCaseMain$startTestSuite$0.call(Unknown Source)
	at TempTestSuite1557172220501.run(TempTestSuite1557172220501.groovy:36)
"/>
         <system-out><![CDATA[2019-05-06 16:08:14 - [TEST_CASE][FAILED] - Test Cases/OCS- CRITICAL PATH/Miscellaneous: Test Cases/OCS- CRITICAL PATH/Miscellaneous FAILED.
Reason:
com.kms.katalon.core.exception.StepFailedException: Unable to click on object 'Object Repository/miscellaneous_OR/Page_Ontario Cannabis Store  Ontari/i_Hoss Glass_icon--forward sli' (Root cause: com.kms.katalon.core.webui.exception.WebElementNotFoundException: Web element with id: 'Object Repository/miscellaneous_OR/Page_Ontario Cannabis Store  Ontari/i_Hoss Glass_icon--forward sli' located by 'By.xpath: //div[@id='shopify-section-1549488936323']/section/div/div/i[2]' not found)
	at com.kms.katalon.core.keyword.internal.KeywordMain.stepFailed(KeywordMain.groovy:36)
	at com.kms.katalon.core.webui.keyword.internal.WebUIKeywordMain.stepFailed(WebUIKeywordMain.groovy:65)
	at com.kms.katalon.core.webui.keyword.internal.WebUIKeywordMain.runKeyword(WebUIKeywordMain.groovy:27)
	at com.kms.katalon.core.webui.keyword.builtin.ClickKeyword.click(ClickKeyword.groovy:86)
	at com.kms.katalon.core.webui.keyword.builtin.ClickKeyword.execute(ClickKeyword.groovy:67)
	at com.kms.katalon.core.keyword.internal.KeywordExecutor.executeKeywordForPlatform(KeywordExecutor.groovy:53)
	at com.kms.katalon.core.webui.keyword.WebUiBuiltInKeywords.click(WebUiBuiltInKeywords.groovy:616)
	at com.kms.katalon.core.webui.keyword.WebUiBuiltInKeywords$click$1.call(Unknown Source)
	at Miscellaneous.run(Miscellaneous:41)
	at com.kms.katalon.core.main.ScriptEngine.run(ScriptEngine.java:194)
	at com.kms.katalon.core.main.ScriptEngine.runScriptAsRawText(ScriptEngine.java:119)
	at com.kms.katalon.core.main.TestCaseExecutor.runScript(TestCaseExecutor.java:328)
	at com.kms.katalon.core.main.TestCaseExecutor.doExecute(TestCaseExecutor.java:319)
	at com.kms.katalon.core.main.TestCaseExecutor.processExecutionPhase(TestCaseExecutor.java:298)
	at com.kms.katalon.core.main.TestCaseExecutor.accessMainPhase(TestCaseExecutor.java:290)
	at com.kms.katalon.core.main.TestCaseExecutor.execute(TestCaseExecutor.java:224)
	at com.kms.katalon.core.main.TestSuiteExecutor.accessTestCaseMainPhase(TestSuiteExecutor.java:129)
	at com.kms.katalon.core.main.TestSuiteExecutor.accessTestSuiteMainPhase(TestSuiteExecutor.java:112)
	at com.kms.katalon.core.main.TestSuiteExecutor.execute(TestSuiteExecutor.java:81)
	at com.kms.katalon.core.main.TestCaseMain.startTestSuite(TestCaseMain.java:149)
	at com.kms.katalon.core.main.TestCaseMain$startTestSuite$0.call(Unknown Source)
	at TempTestSuite1557172220501.run(TempTestSuite1557172220501.groovy:36)


2019-05-06 16:08:14 - [TEST_STEP][PASSED] - openBrowser(""): Browser is opened with url: ''

2019-05-06 16:08:14 - [MESSAGE][WARNING] - A browser is already opened. Closing browser and opening a new one

2019-05-06 16:08:16 - [MESSAGE][INFO] - Starting 'Remote' driver

2019-05-06 16:08:16 - [MESSAGE][INFO] - User set preference: ['os', 'windows']

2019-05-06 16:08:16 - [MESSAGE][INFO] - User set preference: ['os_version', '10']

2019-05-06 16:08:16 - [MESSAGE][INFO] - User set preference: ['browser', 'Chrome']

2019-05-06 16:08:16 - [MESSAGE][INFO] - User set preference: ['browser_version', '74']

2019-05-06 16:08:16 - [MESSAGE][INFO] - User set preference: ['resolution', '1280x800']

2019-05-06 16:08:16 - [MESSAGE][INFO] - Connecting to remote web server 'https://dianatest3:Z3oqw9ysqTeRQJq5wFCp@hub-cloud.browserstack.com/wd/hub' with type 'Selenium'

2019-05-06 16:08:23 - [MESSAGE][PASSED] - Browser is opened with url: ''

2019-05-06 16:08:23 - [TEST_STEP][PASSED] - navigateToUrl("https://ocs.ca/?fts=0&preview_theme_id=53372913484"): Navigate to 'https://ocs.ca/?fts=0&preview_theme_id=53372913484' successfully

2019-05-06 16:08:30 - [MESSAGE][PASSED] - Navigate to 'https://ocs.ca/?fts=0&preview_theme_id=53372913484' successfully

2019-05-06 16:08:30 - [TEST_STEP][PASSED] - click(findTestObject("Object Repository/Theme_oR/Page_Ontario Cannabis Store  Ontari/button_Close preview")): Object: 'Object Repository/Theme_oR/Page_Ontario Cannabis Store  Ontari/button_Close preview' is clicked on

2019-05-06 16:08:31 - [MESSAGE][PASSED] - Object: 'Object Repository/Theme_oR/Page_Ontario Cannabis Store  Ontari/button_Close preview' is clicked on

2019-05-06 16:08:36 - [TEST_STEP][PASSED] - selectOptionByValue(findTestObject("Object Repository/miscellaneous_OR/Page_Ontario Cannabis Store  Ontari/select_Select01020304050607080"), "17", true): All options with value '17' are selected in object 'Object Repository/miscellaneous_OR/Page_Ontario Cannabis Store  Ontari/select_Select01020304050607080'  using regular expression

2019-05-06 16:08:44 - [MESSAGE][PASSED] - All options with value '17' are selected in object 'Object Repository/miscellaneous_OR/Page_Ontario Cannabis Store  Ontari/select_Select01020304050607080'  using regular expression

2019-05-06 16:08:44 - [TEST_STEP][PASSED] - selectOptionByValue(findTestObject("Object Repository/miscellaneous_OR/Page_Ontario Cannabis Store  Ontari/select_SelectJanuary - 01Febru"), "9", true): All options with value '9' are selected in object 'Object Repository/miscellaneous_OR/Page_Ontario Cannabis Store  Ontari/select_SelectJanuary - 01Febru'  using regular expression

2019-05-06 16:08:48 - [MESSAGE][PASSED] - All options with value '9' are selected in object 'Object Repository/miscellaneous_OR/Page_Ontario Cannabis Store  Ontari/select_SelectJanuary - 01Febru'  using regular expression

2019-05-06 16:08:48 - [TEST_STEP][PASSED] - selectOptionByValue(findTestObject("Object Repository/miscellaneous_OR/Page_Ontario Cannabis Store  Ontari/select_Select20182017201620152"), "1949", true): All options with value '1949' are selected in object 'Object Repository/miscellaneous_OR/Page_Ontario Cannabis Store  Ontari/select_Select20182017201620152'  using regular expression

2019-05-06 16:09:06 - [MESSAGE][PASSED] - All options with value '1949' are selected in object 'Object Repository/miscellaneous_OR/Page_Ontario Cannabis Store  Ontari/select_Select20182017201620152'  using regular expression

2019-05-06 16:09:06 - [TEST_STEP][PASSED] - click(findTestObject("Object Repository/miscellaneous_OR/Page_Ontario Cannabis Store  Ontari/button_Verify")): Object: 'Object Repository/miscellaneous_OR/Page_Ontario Cannabis Store  Ontari/button_Verify' is clicked on

2019-05-06 16:09:06 - [MESSAGE][PASSED] - Object: 'Object Repository/miscellaneous_OR/Page_Ontario Cannabis Store  Ontari/button_Verify' is clicked on

2019-05-06 16:09:06 - [TEST_STEP][PASSED] - click(findTestObject("Object Repository/miscellaneous_OR/Page_Ontario Cannabis Store  Ontari/span_CONFIRM AND ACKNOWLEDGE_c")): Object: 'Object Repository/miscellaneous_OR/Page_Ontario Cannabis Store  Ontari/span_CONFIRM AND ACKNOWLEDGE_c' is clicked on

2019-05-06 16:09:07 - [MESSAGE][PASSED] - Object: 'Object Repository/miscellaneous_OR/Page_Ontario Cannabis Store  Ontari/span_CONFIRM AND ACKNOWLEDGE_c' is clicked on

2019-05-06 16:09:07 - [TEST_STEP][PASSED] - click(findTestObject("Object Repository/miscellaneous_OR/Page_Ontario Cannabis Store  Ontari/button_CONFIRM")): Object: 'Object Repository/miscellaneous_OR/Page_Ontario Cannabis Store  Ontari/button_CONFIRM' is clicked on

2019-05-06 16:09:08 - [MESSAGE][PASSED] - Object: 'Object Repository/miscellaneous_OR/Page_Ontario Cannabis Store  Ontari/button_CONFIRM' is clicked on

2019-05-06 16:09:08 - [TEST_STEP][PASSED] - click(findTestObject("Object Repository/miscellaneous_OR/Page_Ontario Cannabis Store  Ontari/button_Start Browsing")): Object: 'Object Repository/miscellaneous_OR/Page_Ontario Cannabis Store  Ontari/button_Start Browsing' is clicked on

2019-05-06 16:09:08 - [MESSAGE][PASSED] - Object: 'Object Repository/miscellaneous_OR/Page_Ontario Cannabis Store  Ontari/button_Start Browsing' is clicked on

2019-05-06 16:09:08 - [TEST_STEP][NOT_RUN] - click(findTestObject("Object Repository/miscellaneous_OR/Page_Ontario Cannabis Store  Ontari/span_Indica Dominant")): NOT_RUN: click(findTestObject("Object Repository/miscellaneous_OR/Page_Ontario Cannabis Store  Ontari/span_Indica Dominant"))

2019-05-06 16:09:08 - [MESSAGE][NOT_RUN] - NOT_RUN: click(findTestObject("Object Repository/miscellaneous_OR/Page_Ontario Cannabis Store  Ontari/span_Indica Dominant"))

2019-05-06 16:09:08 - [TEST_STEP][FAILED] - click(findTestObject("Object Repository/miscellaneous_OR/Page_Ontario Cannabis Store  Ontari/i_Hoss Glass_icon--forward sli")): click(findTestObject("Object Repository/miscellaneous_OR/Page_Ontario Cannabis Store  Ontari/i_Hoss Glass_icon--forward sli")) FAILED.
Reason:
com.kms.katalon.core.exception.StepFailedException: Unable to click on object 'Object Repository/miscellaneous_OR/Page_Ontario Cannabis Store  Ontari/i_Hoss Glass_icon--forward sli' (Root cause: com.kms.katalon.core.webui.exception.WebElementNotFoundException: Web element with id: 'Object Repository/miscellaneous_OR/Page_Ontario Cannabis Store  Ontari/i_Hoss Glass_icon--forward sli' located by 'By.xpath: //div[@id='shopify-section-1549488936323']/section/div/div/i[2]' not found)
	at com.kms.katalon.core.keyword.internal.KeywordMain.stepFailed(KeywordMain.groovy:36)
	at com.kms.katalon.core.webui.keyword.internal.WebUIKeywordMain.stepFailed(WebUIKeywordMain.groovy:65)
	at com.kms.katalon.core.webui.keyword.internal.WebUIKeywordMain.runKeyword(WebUIKeywordMain.groovy:27)
	at com.kms.katalon.core.webui.keyword.builtin.ClickKeyword.click(ClickKeyword.groovy:86)
	at com.kms.katalon.core.webui.keyword.builtin.ClickKeyword.execute(ClickKeyword.groovy:67)
	at com.kms.katalon.core.keyword.internal.KeywordExecutor.executeKeywordForPlatform(KeywordExecutor.groovy:53)
	at com.kms.katalon.core.webui.keyword.WebUiBuiltInKeywords.click(WebUiBuiltInKeywords.groovy:616)
	at com.kms.katalon.core.webui.keyword.WebUiBuiltInKeywords$click$1.call(Unknown Source)
	at Miscellaneous.run(Miscellaneous:41)
	at com.kms.katalon.core.main.ScriptEngine.run(ScriptEngine.java:194)
	at com.kms.katalon.core.main.ScriptEngine.runScriptAsRawText(ScriptEngine.java:119)
	at com.kms.katalon.core.main.TestCaseExecutor.runScript(TestCaseExecutor.java:328)
	at com.kms.katalon.core.main.TestCaseExecutor.doExecute(TestCaseExecutor.java:319)
	at com.kms.katalon.core.main.TestCaseExecutor.processExecutionPhase(TestCaseExecutor.java:298)
	at com.kms.katalon.core.main.TestCaseExecutor.accessMainPhase(TestCaseExecutor.java:290)
	at com.kms.katalon.core.main.TestCaseExecutor.execute(TestCaseExecutor.java:224)
	at com.kms.katalon.core.main.TestSuiteExecutor.accessTestCaseMainPhase(TestSuiteExecutor.java:129)
	at com.kms.katalon.core.main.TestSuiteExecutor.accessTestSuiteMainPhase(TestSuiteExecutor.java:112)
	at com.kms.katalon.core.main.TestSuiteExecutor.execute(TestSuiteExecutor.java:81)
	at com.kms.katalon.core.main.TestCaseMain.startTestSuite(TestCaseMain.java:149)
	at com.kms.katalon.core.main.TestCaseMain$startTestSuite$0.call(Unknown Source)
	at TempTestSuite1557172220501.run(TempTestSuite1557172220501.groovy:36)


2019-05-06 16:09:46 - [MESSAGE][INFO] - Unable to find the element located by 'By.xpath: //div[@id='shopify-section-1549488936323']/section/div/div/i[2]'. Please recheck the objects properties to make sure the desired element is located. 

2019-05-06 16:09:49 - [MESSAGE][FAILED] - Unable to click on object 'Object Repository/miscellaneous_OR/Page_Ontario Cannabis Store  Ontari/i_Hoss Glass_icon--forward sli' (Root cause: com.kms.katalon.core.webui.exception.WebElementNotFoundException: Web element with id: 'Object Repository/miscellaneous_OR/Page_Ontario Cannabis Store  Ontari/i_Hoss Glass_icon--forward sli' located by 'By.xpath: //div[@id='shopify-section-1549488936323']/section/div/div/i[2]' not found)
[[ATTACHMENT|/Users/sumankompelly/git/Sample-OCS/Reports/OCS-1.7.0/CRITICAL PATH/20190506_155020/1557173386337.png]]

2019-05-06 16:09:49 - [MESSAGE][FAILED] - click(findTestObject("Object Repository/miscellaneous_OR/Page_Ontario Cannabis Store  Ontari/i_Hoss Glass_icon--forward sli")) FAILED.
Reason:
com.kms.katalon.core.exception.StepFailedException: Unable to click on object 'Object Repository/miscellaneous_OR/Page_Ontario Cannabis Store  Ontari/i_Hoss Glass_icon--forward sli' (Root cause: com.kms.katalon.core.webui.exception.WebElementNotFoundException: Web element with id: 'Object Repository/miscellaneous_OR/Page_Ontario Cannabis Store  Ontari/i_Hoss Glass_icon--forward sli' located by 'By.xpath: //div[@id='shopify-section-1549488936323']/section/div/div/i[2]' not found)
	at com.kms.katalon.core.keyword.internal.KeywordMain.stepFailed(KeywordMain.groovy:36)
	at com.kms.katalon.core.webui.keyword.internal.WebUIKeywordMain.stepFailed(WebUIKeywordMain.groovy:65)
	at com.kms.katalon.core.webui.keyword.internal.WebUIKeywordMain.runKeyword(WebUIKeywordMain.groovy:27)
	at com.kms.katalon.core.webui.keyword.builtin.ClickKeyword.click(ClickKeyword.groovy:86)
	at com.kms.katalon.core.webui.keyword.builtin.ClickKeyword.execute(ClickKeyword.groovy:67)
	at com.kms.katalon.core.keyword.internal.KeywordExecutor.executeKeywordForPlatform(KeywordExecutor.groovy:53)
	at com.kms.katalon.core.webui.keyword.WebUiBuiltInKeywords.click(WebUiBuiltInKeywords.groovy:616)
	at com.kms.katalon.core.webui.keyword.WebUiBuiltInKeywords$click$1.call(Unknown Source)
	at Miscellaneous.run(Miscellaneous:41)
	at com.kms.katalon.core.main.ScriptEngine.run(ScriptEngine.java:194)
	at com.kms.katalon.core.main.ScriptEngine.runScriptAsRawText(ScriptEngine.java:119)
	at com.kms.katalon.core.main.TestCaseExecutor.runScript(TestCaseExecutor.java:328)
	at com.kms.katalon.core.main.TestCaseExecutor.doExecute(TestCaseExecutor.java:319)
	at com.kms.katalon.core.main.TestCaseExecutor.processExecutionPhase(TestCaseExecutor.java:298)
	at com.kms.katalon.core.main.TestCaseExecutor.accessMainPhase(TestCaseExecutor.java:290)
	at com.kms.katalon.core.main.TestCaseExecutor.execute(TestCaseExecutor.java:224)
	at com.kms.katalon.core.main.TestSuiteExecutor.accessTestCaseMainPhase(TestSuiteExecutor.java:129)
	at com.kms.katalon.core.main.TestSuiteExecutor.accessTestSuiteMainPhase(TestSuiteExecutor.java:112)
	at com.kms.katalon.core.main.TestSuiteExecutor.execute(TestSuiteExecutor.java:81)
	at com.kms.katalon.core.main.TestCaseMain.startTestSuite(TestCaseMain.java:149)
	at com.kms.katalon.core.main.TestCaseMain$startTestSuite$0.call(Unknown Source)
	at TempTestSuite1557172220501.run(TempTestSuite1557172220501.groovy:36)]]></system-out>
         <system-err><![CDATA[2019-05-06 16:08:14 - [TEST_CASE][FAILED] - Test Cases/OCS- CRITICAL PATH/Miscellaneous: Test Cases/OCS- CRITICAL PATH/Miscellaneous FAILED.
Reason:
com.kms.katalon.core.exception.StepFailedException: Unable to click on object 'Object Repository/miscellaneous_OR/Page_Ontario Cannabis Store  Ontari/i_Hoss Glass_icon--forward sli' (Root cause: com.kms.katalon.core.webui.exception.WebElementNotFoundException: Web element with id: 'Object Repository/miscellaneous_OR/Page_Ontario Cannabis Store  Ontari/i_Hoss Glass_icon--forward sli' located by 'By.xpath: //div[@id='shopify-section-1549488936323']/section/div/div/i[2]' not found)
	at com.kms.katalon.core.keyword.internal.KeywordMain.stepFailed(KeywordMain.groovy:36)
	at com.kms.katalon.core.webui.keyword.internal.WebUIKeywordMain.stepFailed(WebUIKeywordMain.groovy:65)
	at com.kms.katalon.core.webui.keyword.internal.WebUIKeywordMain.runKeyword(WebUIKeywordMain.groovy:27)
	at com.kms.katalon.core.webui.keyword.builtin.ClickKeyword.click(ClickKeyword.groovy:86)
	at com.kms.katalon.core.webui.keyword.builtin.ClickKeyword.execute(ClickKeyword.groovy:67)
	at com.kms.katalon.core.keyword.internal.KeywordExecutor.executeKeywordForPlatform(KeywordExecutor.groovy:53)
	at com.kms.katalon.core.webui.keyword.WebUiBuiltInKeywords.click(WebUiBuiltInKeywords.groovy:616)
	at com.kms.katalon.core.webui.keyword.WebUiBuiltInKeywords$click$1.call(Unknown Source)
	at Miscellaneous.run(Miscellaneous:41)
	at com.kms.katalon.core.main.ScriptEngine.run(ScriptEngine.java:194)
	at com.kms.katalon.core.main.ScriptEngine.runScriptAsRawText(ScriptEngine.java:119)
	at com.kms.katalon.core.main.TestCaseExecutor.runScript(TestCaseExecutor.java:328)
	at com.kms.katalon.core.main.TestCaseExecutor.doExecute(TestCaseExecutor.java:319)
	at com.kms.katalon.core.main.TestCaseExecutor.processExecutionPhase(TestCaseExecutor.java:298)
	at com.kms.katalon.core.main.TestCaseExecutor.accessMainPhase(TestCaseExecutor.java:290)
	at com.kms.katalon.core.main.TestCaseExecutor.execute(TestCaseExecutor.java:224)
	at com.kms.katalon.core.main.TestSuiteExecutor.accessTestCaseMainPhase(TestSuiteExecutor.java:129)
	at com.kms.katalon.core.main.TestSuiteExecutor.accessTestSuiteMainPhase(TestSuiteExecutor.java:112)
	at com.kms.katalon.core.main.TestSuiteExecutor.execute(TestSuiteExecutor.java:81)
	at com.kms.katalon.core.main.TestCaseMain.startTestSuite(TestCaseMain.java:149)
	at com.kms.katalon.core.main.TestCaseMain$startTestSuite$0.call(Unknown Source)
	at TempTestSuite1557172220501.run(TempTestSuite1557172220501.groovy:36)]]></system-err>
      </testcase>
      <testcase name="Test Cases/OCS- CRITICAL PATH/cart page-increase qty" classname="Test Cases/OCS- CRITICAL PATH/cart page-increase qty" status="FAILED">
         <failure type="FAILED" message="Test Cases/OCS- CRITICAL PATH/cart page-increase qty FAILED.
Reason:
com.kms.katalon.core.exception.StepFailedException: Unable to click on object 'Object Repository/OCS_CRITICAL PATH/cartpage- decrease qty _OR/Page_Your Shopping Cart  Ontario Ca/i__icon--plus' (Root cause: org.openqa.selenium.StaleElementReferenceException: stale element reference: element is not attached to the page document
  (Session info: chrome=74.0.3729.108)
  (Driver info: chromedriver=74.0.3729.6 (255758eccf3d244491b8a1317aa76e1ce10d57e9-refs/branch-heads/3729@{#29}),platform=Windows NT 10.0.16299 x86_64) (WARNING: The server did not provide any stacktrace information)
Command duration or timeout: 79 milliseconds
For documentation on this error, please visit: http://seleniumhq.org/exceptions/stale_element_reference.html
Build info: version: '2.53.0', revision: '35ae25b', time: '2016-03-15 17:00:58'
System info: host: '199-7-164-214', ip: '199.7.164.214', os.name: 'windows', os.arch: 'x86', os.version: '10.0', java.version: '1.8.0_181'
Driver info: org.openqa.selenium.chrome.ChromeDriver
Capabilities [{mobileEmulationEnabled=false, timeouts={implicit=0, pageLoad=300000, script=30000}, hasTouchScreen=false, platform=XP, acceptSslCerts=false, goog:chromeOptions={debuggerAddress=localhost:1644}, acceptInsecureCerts=false, webStorageEnabled=true, browserName=chrome, takesScreenshot=true, javascriptEnabled=true, setWindowRect=true, unexpectedAlertBehaviour=ignore, applicationCacheEnabled=false, rotatable=false, networkConnectionEnabled=false, chrome={chromedriverVersion=74.0.3729.6 (255758eccf3d244491b8a1317aa76e1ce10d57e9-refs/branch-heads/3729@{#29}), userDataDir=C:\Windows\proxy\scoped_dir1180_22793}, takesHeapSnapshot=true, pageLoadStrategy=normal, strictFileInteractability=false, databaseEnabled=false, handlesAlerts=true, version=74.0.3729.108, browserConnectionEnabled=false, proxy={}, nativeEvents=true, locationContextEnabled=true, cssSelectorsEnabled=true}]
Session ID: 04967bf75847b38685869403bde963e1
Command duration or timeout: 0 milliseconds)
	at com.kms.katalon.core.keyword.internal.KeywordMain.stepFailed(KeywordMain.groovy:36)
	at com.kms.katalon.core.webui.keyword.internal.WebUIKeywordMain.stepFailed(WebUIKeywordMain.groovy:65)
	at com.kms.katalon.core.webui.keyword.internal.WebUIKeywordMain.runKeyword(WebUIKeywordMain.groovy:27)
	at com.kms.katalon.core.webui.keyword.builtin.ClickKeyword.click(ClickKeyword.groovy:86)
	at com.kms.katalon.core.webui.keyword.builtin.ClickKeyword.execute(ClickKeyword.groovy:67)
	at com.kms.katalon.core.keyword.internal.KeywordExecutor.executeKeywordForPlatform(KeywordExecutor.groovy:53)
	at com.kms.katalon.core.webui.keyword.WebUiBuiltInKeywords.click(WebUiBuiltInKeywords.groovy:616)
	at com.kms.katalon.core.webui.keyword.WebUiBuiltInKeywords$click$1.call(Unknown Source)
	at cart page-increase qty.run(cart page-increase qty:97)
	at com.kms.katalon.core.main.ScriptEngine.run(ScriptEngine.java:194)
	at com.kms.katalon.core.main.ScriptEngine.runScriptAsRawText(ScriptEngine.java:119)
	at com.kms.katalon.core.main.TestCaseExecutor.runScript(TestCaseExecutor.java:328)
	at com.kms.katalon.core.main.TestCaseExecutor.doExecute(TestCaseExecutor.java:319)
	at com.kms.katalon.core.main.TestCaseExecutor.processExecutionPhase(TestCaseExecutor.java:298)
	at com.kms.katalon.core.main.TestCaseExecutor.accessMainPhase(TestCaseExecutor.java:290)
	at com.kms.katalon.core.main.TestCaseExecutor.execute(TestCaseExecutor.java:224)
	at com.kms.katalon.core.main.TestSuiteExecutor.accessTestCaseMainPhase(TestSuiteExecutor.java:129)
	at com.kms.katalon.core.main.TestSuiteExecutor.accessTestSuiteMainPhase(TestSuiteExecutor.java:112)
	at com.kms.katalon.core.main.TestSuiteExecutor.execute(TestSuiteExecutor.java:81)
	at com.kms.katalon.core.main.TestCaseMain.startTestSuite(TestCaseMain.java:149)
	at com.kms.katalon.core.main.TestCaseMain$startTestSuite$0.call(Unknown Source)
	at TempTestSuite1557172220501.run(TempTestSuite1557172220501.groovy:36)
"/>
         <system-out><![CDATA[2019-05-06 16:09:49 - [TEST_CASE][FAILED] - Test Cases/OCS- CRITICAL PATH/cart page-increase qty: Test Cases/OCS- CRITICAL PATH/cart page-increase qty FAILED.
Reason:
com.kms.katalon.core.exception.StepFailedException: Unable to click on object 'Object Repository/OCS_CRITICAL PATH/cartpage- decrease qty _OR/Page_Your Shopping Cart  Ontario Ca/i__icon--plus' (Root cause: org.openqa.selenium.StaleElementReferenceException: stale element reference: element is not attached to the page document
  (Session info: chrome=74.0.3729.108)
  (Driver info: chromedriver=74.0.3729.6 (255758eccf3d244491b8a1317aa76e1ce10d57e9-refs/branch-heads/3729@{#29}),platform=Windows NT 10.0.16299 x86_64) (WARNING: The server did not provide any stacktrace information)
Command duration or timeout: 79 milliseconds
For documentation on this error, please visit: http://seleniumhq.org/exceptions/stale_element_reference.html
Build info: version: '2.53.0', revision: '35ae25b', time: '2016-03-15 17:00:58'
System info: host: '199-7-164-214', ip: '199.7.164.214', os.name: 'windows', os.arch: 'x86', os.version: '10.0', java.version: '1.8.0_181'
Driver info: org.openqa.selenium.chrome.ChromeDriver
Capabilities [{mobileEmulationEnabled=false, timeouts={implicit=0, pageLoad=300000, script=30000}, hasTouchScreen=false, platform=XP, acceptSslCerts=false, goog:chromeOptions={debuggerAddress=localhost:1644}, acceptInsecureCerts=false, webStorageEnabled=true, browserName=chrome, takesScreenshot=true, javascriptEnabled=true, setWindowRect=true, unexpectedAlertBehaviour=ignore, applicationCacheEnabled=false, rotatable=false, networkConnectionEnabled=false, chrome={chromedriverVersion=74.0.3729.6 (255758eccf3d244491b8a1317aa76e1ce10d57e9-refs/branch-heads/3729@{#29}), userDataDir=C:\Windows\proxy\scoped_dir1180_22793}, takesHeapSnapshot=true, pageLoadStrategy=normal, strictFileInteractability=false, databaseEnabled=false, handlesAlerts=true, version=74.0.3729.108, browserConnectionEnabled=false, proxy={}, nativeEvents=true, locationContextEnabled=true, cssSelectorsEnabled=true}]
Session ID: 04967bf75847b38685869403bde963e1
Command duration or timeout: 0 milliseconds)
	at com.kms.katalon.core.keyword.internal.KeywordMain.stepFailed(KeywordMain.groovy:36)
	at com.kms.katalon.core.webui.keyword.internal.WebUIKeywordMain.stepFailed(WebUIKeywordMain.groovy:65)
	at com.kms.katalon.core.webui.keyword.internal.WebUIKeywordMain.runKeyword(WebUIKeywordMain.groovy:27)
	at com.kms.katalon.core.webui.keyword.builtin.ClickKeyword.click(ClickKeyword.groovy:86)
	at com.kms.katalon.core.webui.keyword.builtin.ClickKeyword.execute(ClickKeyword.groovy:67)
	at com.kms.katalon.core.keyword.internal.KeywordExecutor.executeKeywordForPlatform(KeywordExecutor.groovy:53)
	at com.kms.katalon.core.webui.keyword.WebUiBuiltInKeywords.click(WebUiBuiltInKeywords.groovy:616)
	at com.kms.katalon.core.webui.keyword.WebUiBuiltInKeywords$click$1.call(Unknown Source)
	at cart page-increase qty.run(cart page-increase qty:97)
	at com.kms.katalon.core.main.ScriptEngine.run(ScriptEngine.java:194)
	at com.kms.katalon.core.main.ScriptEngine.runScriptAsRawText(ScriptEngine.java:119)
	at com.kms.katalon.core.main.TestCaseExecutor.runScript(TestCaseExecutor.java:328)
	at com.kms.katalon.core.main.TestCaseExecutor.doExecute(TestCaseExecutor.java:319)
	at com.kms.katalon.core.main.TestCaseExecutor.processExecutionPhase(TestCaseExecutor.java:298)
	at com.kms.katalon.core.main.TestCaseExecutor.accessMainPhase(TestCaseExecutor.java:290)
	at com.kms.katalon.core.main.TestCaseExecutor.execute(TestCaseExecutor.java:224)
	at com.kms.katalon.core.main.TestSuiteExecutor.accessTestCaseMainPhase(TestSuiteExecutor.java:129)
	at com.kms.katalon.core.main.TestSuiteExecutor.accessTestSuiteMainPhase(TestSuiteExecutor.java:112)
	at com.kms.katalon.core.main.TestSuiteExecutor.execute(TestSuiteExecutor.java:81)
	at com.kms.katalon.core.main.TestCaseMain.startTestSuite(TestCaseMain.java:149)
	at com.kms.katalon.core.main.TestCaseMain$startTestSuite$0.call(Unknown Source)
	at TempTestSuite1557172220501.run(TempTestSuite1557172220501.groovy:36)


2019-05-06 16:09:49 - [TEST_STEP][PASSED] - openBrowser(""): Browser is opened with url: ''

2019-05-06 16:09:49 - [MESSAGE][WARNING] - A browser is already opened. Closing browser and opening a new one

2019-05-06 16:09:51 - [MESSAGE][INFO] - Starting 'Remote' driver

2019-05-06 16:09:51 - [MESSAGE][INFO] - User set preference: ['os', 'windows']

2019-05-06 16:09:51 - [MESSAGE][INFO] - User set preference: ['os_version', '10']

2019-05-06 16:09:51 - [MESSAGE][INFO] - User set preference: ['browser', 'Chrome']

2019-05-06 16:09:51 - [MESSAGE][INFO] - User set preference: ['browser_version', '74']

2019-05-06 16:09:51 - [MESSAGE][INFO] - User set preference: ['resolution', '1280x800']

2019-05-06 16:09:51 - [MESSAGE][INFO] - Connecting to remote web server 'https://dianatest3:Z3oqw9ysqTeRQJq5wFCp@hub-cloud.browserstack.com/wd/hub' with type 'Selenium'

2019-05-06 16:09:57 - [MESSAGE][PASSED] - Browser is opened with url: ''

2019-05-06 16:09:57 - [TEST_STEP][PASSED] - navigateToUrl("https://ocs.ca/?fts=0&preview_theme_id=53372913484"): Navigate to 'https://ocs.ca/?fts=0&preview_theme_id=53372913484' successfully

2019-05-06 16:10:05 - [MESSAGE][PASSED] - Navigate to 'https://ocs.ca/?fts=0&preview_theme_id=53372913484' successfully

2019-05-06 16:10:05 - [TEST_STEP][PASSED] - click(findTestObject("Object Repository/Theme_oR/Page_Ontario Cannabis Store  Ontari/button_Close preview")): Object: 'Object Repository/Theme_oR/Page_Ontario Cannabis Store  Ontari/button_Close preview' is clicked on

2019-05-06 16:10:09 - [MESSAGE][PASSED] - Object: 'Object Repository/Theme_oR/Page_Ontario Cannabis Store  Ontari/button_Close preview' is clicked on

2019-05-06 16:10:09 - [TEST_STEP][PASSED] - maximizeWindow(): Current window maximized

2019-05-06 16:10:11 - [MESSAGE][PASSED] - Current window maximized

2019-05-06 16:10:11 - [TEST_STEP][PASSED] - selectOptionByValue(findTestObject("OCS_CRITICAL PATH/Cartflyout-decrease qty _OR/Page_Ontario Cannabis Store  Ontari/select_Select01020304050607080"), "18", true): All options with value '18' are selected in object 'Object Repository/OCS_CRITICAL PATH/Cartflyout-decrease qty _OR/Page_Ontario Cannabis Store  Ontari/select_Select01020304050607080'  using regular expression

2019-05-06 16:10:16 - [MESSAGE][PASSED] - All options with value '18' are selected in object 'Object Repository/OCS_CRITICAL PATH/Cartflyout-decrease qty _OR/Page_Ontario Cannabis Store  Ontari/select_Select01020304050607080'  using regular expression

2019-05-06 16:10:16 - [TEST_STEP][PASSED] - selectOptionByValue(findTestObject("OCS_CRITICAL PATH/Cartflyout-decrease qty _OR/Page_Ontario Cannabis Store  Ontari/select_SelectJanuary - 01Febru"), "9", true): All options with value '9' are selected in object 'Object Repository/OCS_CRITICAL PATH/Cartflyout-decrease qty _OR/Page_Ontario Cannabis Store  Ontari/select_SelectJanuary - 01Febru'  using regular expression

2019-05-06 16:10:19 - [MESSAGE][PASSED] - All options with value '9' are selected in object 'Object Repository/OCS_CRITICAL PATH/Cartflyout-decrease qty _OR/Page_Ontario Cannabis Store  Ontari/select_SelectJanuary - 01Febru'  using regular expression

2019-05-06 16:10:19 - [TEST_STEP][PASSED] - selectOptionByValue(findTestObject("OCS_CRITICAL PATH/Cartflyout-decrease qty _OR/Page_Ontario Cannabis Store  Ontari/select_Select20182017201620152"), "1933", true): All options with value '1933' are selected in object 'Object Repository/OCS_CRITICAL PATH/Cartflyout-decrease qty _OR/Page_Ontario Cannabis Store  Ontari/select_Select20182017201620152'  using regular expression

2019-05-06 16:10:37 - [MESSAGE][PASSED] - All options with value '1933' are selected in object 'Object Repository/OCS_CRITICAL PATH/Cartflyout-decrease qty _OR/Page_Ontario Cannabis Store  Ontari/select_Select20182017201620152'  using regular expression

2019-05-06 16:10:37 - [TEST_STEP][PASSED] - click(findTestObject("OCS_CRITICAL PATH/Cartflyout-decrease qty _OR/Page_Ontario Cannabis Store  Ontari/button_Verify")): Object: 'Object Repository/OCS_CRITICAL PATH/Cartflyout-decrease qty _OR/Page_Ontario Cannabis Store  Ontari/button_Verify' is clicked on

2019-05-06 16:10:37 - [MESSAGE][PASSED] - Object: 'Object Repository/OCS_CRITICAL PATH/Cartflyout-decrease qty _OR/Page_Ontario Cannabis Store  Ontari/button_Verify' is clicked on

2019-05-06 16:10:37 - [TEST_STEP][PASSED] - click(findTestObject("OCS_CRITICAL PATH/Cartflyout-decrease qty _OR/Page_Ontario Cannabis Store  Ontari/span_CONFIRM AND ACKNOWLEDGE_c")): Object: 'Object Repository/OCS_CRITICAL PATH/Cartflyout-decrease qty _OR/Page_Ontario Cannabis Store  Ontari/span_CONFIRM AND ACKNOWLEDGE_c' is clicked on

2019-05-06 16:10:37 - [MESSAGE][PASSED] - Object: 'Object Repository/OCS_CRITICAL PATH/Cartflyout-decrease qty _OR/Page_Ontario Cannabis Store  Ontari/span_CONFIRM AND ACKNOWLEDGE_c' is clicked on

2019-05-06 16:10:37 - [TEST_STEP][PASSED] - click(findTestObject("OCS_CRITICAL PATH/Cartflyout-decrease qty _OR/Page_Ontario Cannabis Store  Ontari/button_CONFIRM")): Object: 'Object Repository/OCS_CRITICAL PATH/Cartflyout-decrease qty _OR/Page_Ontario Cannabis Store  Ontari/button_CONFIRM' is clicked on

2019-05-06 16:10:38 - [MESSAGE][PASSED] - Object: 'Object Repository/OCS_CRITICAL PATH/Cartflyout-decrease qty _OR/Page_Ontario Cannabis Store  Ontari/button_CONFIRM' is clicked on

2019-05-06 16:10:38 - [TEST_STEP][PASSED] - click(findTestObject("OCS_CRITICAL PATH/Cartflyout-decrease qty _OR/Page_Ontario Cannabis Store  Ontari/button_Start Browsing")): Object: 'Object Repository/OCS_CRITICAL PATH/Cartflyout-decrease qty _OR/Page_Ontario Cannabis Store  Ontari/button_Start Browsing' is clicked on

2019-05-06 16:10:38 - [MESSAGE][PASSED] - Object: 'Object Repository/OCS_CRITICAL PATH/Cartflyout-decrease qty _OR/Page_Ontario Cannabis Store  Ontari/button_Start Browsing' is clicked on

2019-05-06 16:10:38 - [TEST_STEP][PASSED] - delay(2): Delayed 2 second(s)

2019-05-06 16:10:40 - [MESSAGE][PASSED] - Delayed 2 second(s)

2019-05-06 16:10:40 - [TEST_STEP][PASSED] - mouseOver(findTestObject("OCS_CRITICAL PATH/Cartflyout-decrease qty _OR/Page_Ontario Cannabis Store  Ontari/h3_Cannabis")): Object: 'Object Repository/OCS_CRITICAL PATH/Cartflyout-decrease qty _OR/Page_Ontario Cannabis Store  Ontari/h3_Cannabis' is hovered

2019-05-06 16:10:40 - [MESSAGE][PASSED] - Object: 'Object Repository/OCS_CRITICAL PATH/Cartflyout-decrease qty _OR/Page_Ontario Cannabis Store  Ontari/h3_Cannabis' is hovered

2019-05-06 16:10:40 - [TEST_STEP][PASSED] - delay(2): Delayed 2 second(s)

2019-05-06 16:10:42 - [MESSAGE][PASSED] - Delayed 2 second(s)

2019-05-06 16:10:42 - [TEST_STEP][PASSED] - click(findTestObject("OCS_CRITICAL PATH/Cartflyout-decrease qty _OR/Page_Ontario Cannabis Store  Ontari/span_Indica Dominant")): Object: 'Object Repository/OCS_CRITICAL PATH/Cartflyout-decrease qty _OR/Page_Ontario Cannabis Store  Ontari/span_Indica Dominant' is clicked on

2019-05-06 16:10:44 - [MESSAGE][PASSED] - Object: 'Object Repository/OCS_CRITICAL PATH/Cartflyout-decrease qty _OR/Page_Ontario Cannabis Store  Ontari/span_Indica Dominant' is clicked on

2019-05-06 16:10:44 - [TEST_STEP][PASSED] - delay(3): Delayed 3 second(s)

2019-05-06 16:10:47 - [MESSAGE][PASSED] - Delayed 3 second(s)

2019-05-06 16:10:47 - [TEST_STEP][PASSED] - click(findTestObject("OCS_CRITICAL PATH/Cartflyout-decrease qty _OR/Page_Indica Dominant Dried Flower/h3_Shishkaberry")): Object: 'Object Repository/OCS_CRITICAL PATH/Cartflyout-decrease qty _OR/Page_Indica Dominant Dried Flower/h3_Shishkaberry' is clicked on

2019-05-06 16:10:50 - [MESSAGE][PASSED] - Object: 'Object Repository/OCS_CRITICAL PATH/Cartflyout-decrease qty _OR/Page_Indica Dominant Dried Flower/h3_Shishkaberry' is clicked on

2019-05-06 16:10:50 - [TEST_STEP][PASSED] - click(findTestObject("OCS_CRITICAL PATH/Cartflyout-decrease qty _OR/Page_Shishkaberry  Ontario Cannabis/div_3.5g")): Object: 'Object Repository/OCS_CRITICAL PATH/Cartflyout-decrease qty _OR/Page_Shishkaberry  Ontario Cannabis/div_3.5g' is clicked on

2019-05-06 16:10:51 - [MESSAGE][PASSED] - Object: 'Object Repository/OCS_CRITICAL PATH/Cartflyout-decrease qty _OR/Page_Shishkaberry  Ontario Cannabis/div_3.5g' is clicked on

2019-05-06 16:10:51 - [TEST_STEP][NOT_RUN] - click(findTestObject("Page_Shishkaberry  Ontario Cannabis/button_")): NOT_RUN: click(findTestObject("Page_Shishkaberry  Ontario Cannabis/button_"))

2019-05-06 16:10:51 - [MESSAGE][NOT_RUN] - NOT_RUN: click(findTestObject("Page_Shishkaberry  Ontario Cannabis/button_"))

2019-05-06 16:10:51 - [TEST_STEP][NOT_RUN] - click(findTestObject("Page_Shishkaberry  Ontario Cannabis/button_")): NOT_RUN: click(findTestObject("Page_Shishkaberry  Ontario Cannabis/button_"))

2019-05-06 16:10:51 - [MESSAGE][NOT_RUN] - NOT_RUN: click(findTestObject("Page_Shishkaberry  Ontario Cannabis/button_"))

2019-05-06 16:10:51 - [TEST_STEP][NOT_RUN] - click(findTestObject("Page_Shishkaberry  Ontario Cannabis/button_")): NOT_RUN: click(findTestObject("Page_Shishkaberry  Ontario Cannabis/button_"))

2019-05-06 16:10:51 - [MESSAGE][NOT_RUN] - NOT_RUN: click(findTestObject("Page_Shishkaberry  Ontario Cannabis/button_"))

2019-05-06 16:10:51 - [TEST_STEP][NOT_RUN] - click(findTestObject("Page_Shishkaberry  Ontario Cannabis/button_")): NOT_RUN: click(findTestObject("Page_Shishkaberry  Ontario Cannabis/button_"))

2019-05-06 16:10:51 - [MESSAGE][NOT_RUN] - NOT_RUN: click(findTestObject("Page_Shishkaberry  Ontario Cannabis/button_"))

2019-05-06 16:10:51 - [TEST_STEP][NOT_RUN] - click(findTestObject("Page_Shishkaberry  Ontario Cannabis/button_")): NOT_RUN: click(findTestObject("Page_Shishkaberry  Ontario Cannabis/button_"))

2019-05-06 16:10:51 - [MESSAGE][NOT_RUN] - NOT_RUN: click(findTestObject("Page_Shishkaberry  Ontario Cannabis/button_"))

2019-05-06 16:10:51 - [TEST_STEP][PASSED] - click(findTestObject("OCS_CRITICAL PATH/cartpage- decrease qty _OR/Page_Shishkaberry  Ontario Cannabis/button_Add to Bag194.40")): Object: 'Object Repository/OCS_CRITICAL PATH/cartpage- decrease qty _OR/Page_Shishkaberry  Ontario Cannabis/button_Add to Bag194.40' is clicked on

2019-05-06 16:10:51 - [MESSAGE][PASSED] - Object: 'Object Repository/OCS_CRITICAL PATH/cartpage- decrease qty _OR/Page_Shishkaberry  Ontario Cannabis/button_Add to Bag194.40' is clicked on

2019-05-06 16:10:51 - [TEST_STEP][PASSED] - click(findTestObject("OCS_CRITICAL PATH/cartpage- decrease qty _OR/Page_Shishkaberry  Ontario Cannabis/span_concat(I confirm that I")): Object: 'Object Repository/OCS_CRITICAL PATH/cartpage- decrease qty _OR/Page_Shishkaberry  Ontario Cannabis/span_concat(I confirm that I' is clicked on

2019-05-06 16:10:53 - [MESSAGE][PASSED] - Object: 'Object Repository/OCS_CRITICAL PATH/cartpage- decrease qty _OR/Page_Shishkaberry  Ontario Cannabis/span_concat(I confirm that I' is clicked on

2019-05-06 16:10:53 - [TEST_STEP][PASSED] - click(findTestObject("OCS_CRITICAL PATH/cartpage- decrease qty _OR/Page_Shishkaberry  Ontario Cannabis/span_Accept the_checkbox")): Object: 'Object Repository/OCS_CRITICAL PATH/cartpage- decrease qty _OR/Page_Shishkaberry  Ontario Cannabis/span_Accept the_checkbox' is clicked on

2019-05-06 16:10:53 - [MESSAGE][PASSED] - Object: 'Object Repository/OCS_CRITICAL PATH/cartpage- decrease qty _OR/Page_Shishkaberry  Ontario Cannabis/span_Accept the_checkbox' is clicked on

2019-05-06 16:10:53 - [TEST_STEP][PASSED] - delay(3): Delayed 3 second(s)

2019-05-06 16:10:56 - [MESSAGE][PASSED] - Delayed 3 second(s)

2019-05-06 16:10:56 - [TEST_STEP][PASSED] - click(findTestObject("OCS_CRITICAL PATH/cartpage- decrease qty _OR/Page_Shishkaberry  Ontario Cannabis/a_Checkout")): Object: 'Object Repository/OCS_CRITICAL PATH/cartpage- decrease qty _OR/Page_Shishkaberry  Ontario Cannabis/a_Checkout' is clicked on

2019-05-06 16:10:59 - [MESSAGE][PASSED] - Object: 'Object Repository/OCS_CRITICAL PATH/cartpage- decrease qty _OR/Page_Shishkaberry  Ontario Cannabis/a_Checkout' is clicked on

2019-05-06 16:10:59 - [TEST_STEP][PASSED] - click(findTestObject("OCS_CRITICAL PATH/cartpage- decrease qty _OR/Page_Ontario Cannabis Store - Infor/a_Cart")): Object: 'Object Repository/OCS_CRITICAL PATH/cartpage- decrease qty _OR/Page_Ontario Cannabis Store - Infor/a_Cart' is clicked on

2019-05-06 16:11:01 - [MESSAGE][PASSED] - Object: 'Object Repository/OCS_CRITICAL PATH/cartpage- decrease qty _OR/Page_Ontario Cannabis Store - Infor/a_Cart' is clicked on

2019-05-06 16:11:01 - [TEST_STEP][PASSED] - a = getText(findTestObject("OCS_CRITICAL PATH/cartpage- decrease qty _OR/Page_Your Shopping Cart  Ontario Ca/p_194.40 (1)")): Text of object 'Object Repository/OCS_CRITICAL PATH/cartpage- decrease qty _OR/Page_Your Shopping Cart  Ontario Ca/p_194.40 (1)' is: '$32.40'

2019-05-06 16:11:01 - [MESSAGE][PASSED] - Text of object 'Object Repository/OCS_CRITICAL PATH/cartpage- decrease qty _OR/Page_Your Shopping Cart  Ontario Ca/p_194.40 (1)' is: '$32.40'

2019-05-06 16:11:01 - [TEST_STEP][PASSED] - comment(a): $32.40

2019-05-06 16:11:01 - [MESSAGE][INFO] - $32.40

2019-05-06 16:11:01 - [TEST_STEP][PASSED] - setText(findTestObject("Object Repository/OCS_CRITICAL PATH/cartpage- decrease qty _OR/Page_Your Shopping Cart  Ontario Ca/input_-_updates (1)"), "2"): Text '2' is set on object 'Object Repository/OCS_CRITICAL PATH/cartpage- decrease qty _OR/Page_Your Shopping Cart  Ontario Ca/input_-_updates (1)'

2019-05-06 16:11:02 - [MESSAGE][PASSED] - Text '2' is set on object 'Object Repository/OCS_CRITICAL PATH/cartpage- decrease qty _OR/Page_Your Shopping Cart  Ontario Ca/input_-_updates (1)'

2019-05-06 16:11:02 - [TEST_STEP][PASSED] - setText(findTestObject("Object Repository/OCS_CRITICAL PATH/cartpage- decrease qty _OR/Page_Your Shopping Cart  Ontario Ca/input_-_updates (1)"), "3"): Text '3' is set on object 'Object Repository/OCS_CRITICAL PATH/cartpage- decrease qty _OR/Page_Your Shopping Cart  Ontario Ca/input_-_updates (1)'

2019-05-06 16:11:02 - [MESSAGE][PASSED] - Text '3' is set on object 'Object Repository/OCS_CRITICAL PATH/cartpage- decrease qty _OR/Page_Your Shopping Cart  Ontario Ca/input_-_updates (1)'

2019-05-06 16:11:02 - [TEST_STEP][NOT_RUN] - click(findTestObject("Object Repository/OCS_CRITICAL PATH/cartpage- decrease qty _OR/Page_Your Shopping Cart  Ontario Ca/div_3.5g (1)")): NOT_RUN: click(findTestObject("Object Repository/OCS_CRITICAL PATH/cartpage- decrease qty _OR/Page_Your Shopping Cart  Ontario Ca/div_3.5g (1)"))

2019-05-06 16:11:02 - [MESSAGE][NOT_RUN] - NOT_RUN: click(findTestObject("Object Repository/OCS_CRITICAL PATH/cartpage- decrease qty _OR/Page_Your Shopping Cart  Ontario Ca/div_3.5g (1)"))

2019-05-06 16:11:02 - [TEST_STEP][NOT_RUN] - click(findTestObject("Object Repository/OCS_CRITICAL PATH/cartpage- decrease qty _OR/Page_Your Shopping Cart  Ontario Ca/div_3.5g                      _1 (1)")): NOT_RUN: click(findTestObject("Object Repository/OCS_CRITICAL PATH/cartpage- decrease qty _OR/Page_Your Shopping Cart  Ontario Ca/div_3.5g                      _1 (1)"))

2019-05-06 16:11:02 - [MESSAGE][NOT_RUN] - NOT_RUN: click(findTestObject("Object Repository/OCS_CRITICAL PATH/cartpage- decrease qty _OR/Page_Your Shopping Cart  Ontario Ca/div_3.5g                      _1 (1)"))

2019-05-06 16:11:02 - [TEST_STEP][PASSED] - delay(3): Delayed 3 second(s)

2019-05-06 16:11:05 - [MESSAGE][PASSED] - Delayed 3 second(s)

2019-05-06 16:11:05 - [TEST_STEP][PASSED] - click(findTestObject("Object Repository/OCS_CRITICAL PATH/cartpage- decrease qty _OR/Page_Your Shopping Cart  Ontario Ca/i__icon--plus")): Object: 'Object Repository/OCS_CRITICAL PATH/cartpage- decrease qty _OR/Page_Your Shopping Cart  Ontario Ca/i__icon--plus' is clicked on

2019-05-06 16:11:06 - [MESSAGE][PASSED] - Object: 'Object Repository/OCS_CRITICAL PATH/cartpage- decrease qty _OR/Page_Your Shopping Cart  Ontario Ca/i__icon--plus' is clicked on

2019-05-06 16:11:06 - [TEST_STEP][PASSED] - click(findTestObject("Object Repository/OCS_CRITICAL PATH/cartpage- decrease qty _OR/Page_Your Shopping Cart  Ontario Ca/i__icon--plus")): Object: 'Object Repository/OCS_CRITICAL PATH/cartpage- decrease qty _OR/Page_Your Shopping Cart  Ontario Ca/i__icon--plus' is clicked on

2019-05-06 16:11:06 - [MESSAGE][PASSED] - Object: 'Object Repository/OCS_CRITICAL PATH/cartpage- decrease qty _OR/Page_Your Shopping Cart  Ontario Ca/i__icon--plus' is clicked on

2019-05-06 16:11:06 - [TEST_STEP][FAILED] - click(findTestObject("Object Repository/OCS_CRITICAL PATH/cartpage- decrease qty _OR/Page_Your Shopping Cart  Ontario Ca/i__icon--plus")): click(findTestObject("Object Repository/OCS_CRITICAL PATH/cartpage- decrease qty _OR/Page_Your Shopping Cart  Ontario Ca/i__icon--plus")) FAILED.
Reason:
com.kms.katalon.core.exception.StepFailedException: Unable to click on object 'Object Repository/OCS_CRITICAL PATH/cartpage- decrease qty _OR/Page_Your Shopping Cart  Ontario Ca/i__icon--plus' (Root cause: org.openqa.selenium.StaleElementReferenceException: stale element reference: element is not attached to the page document
  (Session info: chrome=74.0.3729.108)
  (Driver info: chromedriver=74.0.3729.6 (255758eccf3d244491b8a1317aa76e1ce10d57e9-refs/branch-heads/3729@{#29}),platform=Windows NT 10.0.16299 x86_64) (WARNING: The server did not provide any stacktrace information)
Command duration or timeout: 79 milliseconds
For documentation on this error, please visit: http://seleniumhq.org/exceptions/stale_element_reference.html
Build info: version: '2.53.0', revision: '35ae25b', time: '2016-03-15 17:00:58'
System info: host: '199-7-164-214', ip: '199.7.164.214', os.name: 'windows', os.arch: 'x86', os.version: '10.0', java.version: '1.8.0_181'
Driver info: org.openqa.selenium.chrome.ChromeDriver
Capabilities [{mobileEmulationEnabled=false, timeouts={implicit=0, pageLoad=300000, script=30000}, hasTouchScreen=false, platform=XP, acceptSslCerts=false, goog:chromeOptions={debuggerAddress=localhost:1644}, acceptInsecureCerts=false, webStorageEnabled=true, browserName=chrome, takesScreenshot=true, javascriptEnabled=true, setWindowRect=true, unexpectedAlertBehaviour=ignore, applicationCacheEnabled=false, rotatable=false, networkConnectionEnabled=false, chrome={chromedriverVersion=74.0.3729.6 (255758eccf3d244491b8a1317aa76e1ce10d57e9-refs/branch-heads/3729@{#29}), userDataDir=C:\Windows\proxy\scoped_dir1180_22793}, takesHeapSnapshot=true, pageLoadStrategy=normal, strictFileInteractability=false, databaseEnabled=false, handlesAlerts=true, version=74.0.3729.108, browserConnectionEnabled=false, proxy={}, nativeEvents=true, locationContextEnabled=true, cssSelectorsEnabled=true}]
Session ID: 04967bf75847b38685869403bde963e1
Command duration or timeout: 0 milliseconds)
	at com.kms.katalon.core.keyword.internal.KeywordMain.stepFailed(KeywordMain.groovy:36)
	at com.kms.katalon.core.webui.keyword.internal.WebUIKeywordMain.stepFailed(WebUIKeywordMain.groovy:65)
	at com.kms.katalon.core.webui.keyword.internal.WebUIKeywordMain.runKeyword(WebUIKeywordMain.groovy:27)
	at com.kms.katalon.core.webui.keyword.builtin.ClickKeyword.click(ClickKeyword.groovy:86)
	at com.kms.katalon.core.webui.keyword.builtin.ClickKeyword.execute(ClickKeyword.groovy:67)
	at com.kms.katalon.core.keyword.internal.KeywordExecutor.executeKeywordForPlatform(KeywordExecutor.groovy:53)
	at com.kms.katalon.core.webui.keyword.WebUiBuiltInKeywords.click(WebUiBuiltInKeywords.groovy:616)
	at com.kms.katalon.core.webui.keyword.WebUiBuiltInKeywords$click$1.call(Unknown Source)
	at cart page-increase qty.run(cart page-increase qty:97)
	at com.kms.katalon.core.main.ScriptEngine.run(ScriptEngine.java:194)
	at com.kms.katalon.core.main.ScriptEngine.runScriptAsRawText(ScriptEngine.java:119)
	at com.kms.katalon.core.main.TestCaseExecutor.runScript(TestCaseExecutor.java:328)
	at com.kms.katalon.core.main.TestCaseExecutor.doExecute(TestCaseExecutor.java:319)
	at com.kms.katalon.core.main.TestCaseExecutor.processExecutionPhase(TestCaseExecutor.java:298)
	at com.kms.katalon.core.main.TestCaseExecutor.accessMainPhase(TestCaseExecutor.java:290)
	at com.kms.katalon.core.main.TestCaseExecutor.execute(TestCaseExecutor.java:224)
	at com.kms.katalon.core.main.TestSuiteExecutor.accessTestCaseMainPhase(TestSuiteExecutor.java:129)
	at com.kms.katalon.core.main.TestSuiteExecutor.accessTestSuiteMainPhase(TestSuiteExecutor.java:112)
	at com.kms.katalon.core.main.TestSuiteExecutor.execute(TestSuiteExecutor.java:81)
	at com.kms.katalon.core.main.TestCaseMain.startTestSuite(TestCaseMain.java:149)
	at com.kms.katalon.core.main.TestCaseMain$startTestSuite$0.call(Unknown Source)
	at TempTestSuite1557172220501.run(TempTestSuite1557172220501.groovy:36)


2019-05-06 16:11:08 - [MESSAGE][FAILED] - Unable to click on object 'Object Repository/OCS_CRITICAL PATH/cartpage- decrease qty _OR/Page_Your Shopping Cart  Ontario Ca/i__icon--plus' (Root cause: org.openqa.selenium.StaleElementReferenceException: stale element reference: element is not attached to the page document
  (Session info: chrome=74.0.3729.108)
  (Driver info: chromedriver=74.0.3729.6 (255758eccf3d244491b8a1317aa76e1ce10d57e9-refs/branch-heads/3729@{#29}),platform=Windows NT 10.0.16299 x86_64) (WARNING: The server did not provide any stacktrace information)
Command duration or timeout: 79 milliseconds
For documentation on this error, please visit: http://seleniumhq.org/exceptions/stale_element_reference.html
Build info: version: '2.53.0', revision: '35ae25b', time: '2016-03-15 17:00:58'
System info: host: '199-7-164-214', ip: '199.7.164.214', os.name: 'windows', os.arch: 'x86', os.version: '10.0', java.version: '1.8.0_181'
Driver info: org.openqa.selenium.chrome.ChromeDriver
Capabilities [{mobileEmulationEnabled=false, timeouts={implicit=0, pageLoad=300000, script=30000}, hasTouchScreen=false, platform=XP, acceptSslCerts=false, goog:chromeOptions={debuggerAddress=localhost:1644}, acceptInsecureCerts=false, webStorageEnabled=true, browserName=chrome, takesScreenshot=true, javascriptEnabled=true, setWindowRect=true, unexpectedAlertBehaviour=ignore, applicationCacheEnabled=false, rotatable=false, networkConnectionEnabled=false, chrome={chromedriverVersion=74.0.3729.6 (255758eccf3d244491b8a1317aa76e1ce10d57e9-refs/branch-heads/3729@{#29}), userDataDir=C:\Windows\proxy\scoped_dir1180_22793}, takesHeapSnapshot=true, pageLoadStrategy=normal, strictFileInteractability=false, databaseEnabled=false, handlesAlerts=true, version=74.0.3729.108, browserConnectionEnabled=false, proxy={}, nativeEvents=true, locationContextEnabled=true, cssSelectorsEnabled=true}]
Session ID: 04967bf75847b38685869403bde963e1
Command duration or timeout: 0 milliseconds)
[[ATTACHMENT|/Users/sumankompelly/git/Sample-OCS/Reports/OCS-1.7.0/CRITICAL PATH/20190506_155020/1557173467303.png]]

2019-05-06 16:11:08 - [MESSAGE][FAILED] - click(findTestObject("Object Repository/OCS_CRITICAL PATH/cartpage- decrease qty _OR/Page_Your Shopping Cart  Ontario Ca/i__icon--plus")) FAILED.
Reason:
com.kms.katalon.core.exception.StepFailedException: Unable to click on object 'Object Repository/OCS_CRITICAL PATH/cartpage- decrease qty _OR/Page_Your Shopping Cart  Ontario Ca/i__icon--plus' (Root cause: org.openqa.selenium.StaleElementReferenceException: stale element reference: element is not attached to the page document
  (Session info: chrome=74.0.3729.108)
  (Driver info: chromedriver=74.0.3729.6 (255758eccf3d244491b8a1317aa76e1ce10d57e9-refs/branch-heads/3729@{#29}),platform=Windows NT 10.0.16299 x86_64) (WARNING: The server did not provide any stacktrace information)
Command duration or timeout: 79 milliseconds
For documentation on this error, please visit: http://seleniumhq.org/exceptions/stale_element_reference.html
Build info: version: '2.53.0', revision: '35ae25b', time: '2016-03-15 17:00:58'
System info: host: '199-7-164-214', ip: '199.7.164.214', os.name: 'windows', os.arch: 'x86', os.version: '10.0', java.version: '1.8.0_181'
Driver info: org.openqa.selenium.chrome.ChromeDriver
Capabilities [{mobileEmulationEnabled=false, timeouts={implicit=0, pageLoad=300000, script=30000}, hasTouchScreen=false, platform=XP, acceptSslCerts=false, goog:chromeOptions={debuggerAddress=localhost:1644}, acceptInsecureCerts=false, webStorageEnabled=true, browserName=chrome, takesScreenshot=true, javascriptEnabled=true, setWindowRect=true, unexpectedAlertBehaviour=ignore, applicationCacheEnabled=false, rotatable=false, networkConnectionEnabled=false, chrome={chromedriverVersion=74.0.3729.6 (255758eccf3d244491b8a1317aa76e1ce10d57e9-refs/branch-heads/3729@{#29}), userDataDir=C:\Windows\proxy\scoped_dir1180_22793}, takesHeapSnapshot=true, pageLoadStrategy=normal, strictFileInteractability=false, databaseEnabled=false, handlesAlerts=true, version=74.0.3729.108, browserConnectionEnabled=false, proxy={}, nativeEvents=true, locationContextEnabled=true, cssSelectorsEnabled=true}]
Session ID: 04967bf75847b38685869403bde963e1
Command duration or timeout: 0 milliseconds)
	at com.kms.katalon.core.keyword.internal.KeywordMain.stepFailed(KeywordMain.groovy:36)
	at com.kms.katalon.core.webui.keyword.internal.WebUIKeywordMain.stepFailed(WebUIKeywordMain.groovy:65)
	at com.kms.katalon.core.webui.keyword.internal.WebUIKeywordMain.runKeyword(WebUIKeywordMain.groovy:27)
	at com.kms.katalon.core.webui.keyword.builtin.ClickKeyword.click(ClickKeyword.groovy:86)
	at com.kms.katalon.core.webui.keyword.builtin.ClickKeyword.execute(ClickKeyword.groovy:67)
	at com.kms.katalon.core.keyword.internal.KeywordExecutor.executeKeywordForPlatform(KeywordExecutor.groovy:53)
	at com.kms.katalon.core.webui.keyword.WebUiBuiltInKeywords.click(WebUiBuiltInKeywords.groovy:616)
	at com.kms.katalon.core.webui.keyword.WebUiBuiltInKeywords$click$1.call(Unknown Source)
	at cart page-increase qty.run(cart page-increase qty:97)
	at com.kms.katalon.core.main.ScriptEngine.run(ScriptEngine.java:194)
	at com.kms.katalon.core.main.ScriptEngine.runScriptAsRawText(ScriptEngine.java:119)
	at com.kms.katalon.core.main.TestCaseExecutor.runScript(TestCaseExecutor.java:328)
	at com.kms.katalon.core.main.TestCaseExecutor.doExecute(TestCaseExecutor.java:319)
	at com.kms.katalon.core.main.TestCaseExecutor.processExecutionPhase(TestCaseExecutor.java:298)
	at com.kms.katalon.core.main.TestCaseExecutor.accessMainPhase(TestCaseExecutor.java:290)
	at com.kms.katalon.core.main.TestCaseExecutor.execute(TestCaseExecutor.java:224)
	at com.kms.katalon.core.main.TestSuiteExecutor.accessTestCaseMainPhase(TestSuiteExecutor.java:129)
	at com.kms.katalon.core.main.TestSuiteExecutor.accessTestSuiteMainPhase(TestSuiteExecutor.java:112)
	at com.kms.katalon.core.main.TestSuiteExecutor.execute(TestSuiteExecutor.java:81)
	at com.kms.katalon.core.main.TestCaseMain.startTestSuite(TestCaseMain.java:149)
	at com.kms.katalon.core.main.TestCaseMain$startTestSuite$0.call(Unknown Source)
	at TempTestSuite1557172220501.run(TempTestSuite1557172220501.groovy:36)]]></system-out>
         <system-err><![CDATA[2019-05-06 16:09:49 - [TEST_CASE][FAILED] - Test Cases/OCS- CRITICAL PATH/cart page-increase qty: Test Cases/OCS- CRITICAL PATH/cart page-increase qty FAILED.
Reason:
com.kms.katalon.core.exception.StepFailedException: Unable to click on object 'Object Repository/OCS_CRITICAL PATH/cartpage- decrease qty _OR/Page_Your Shopping Cart  Ontario Ca/i__icon--plus' (Root cause: org.openqa.selenium.StaleElementReferenceException: stale element reference: element is not attached to the page document
  (Session info: chrome=74.0.3729.108)
  (Driver info: chromedriver=74.0.3729.6 (255758eccf3d244491b8a1317aa76e1ce10d57e9-refs/branch-heads/3729@{#29}),platform=Windows NT 10.0.16299 x86_64) (WARNING: The server did not provide any stacktrace information)
Command duration or timeout: 79 milliseconds
For documentation on this error, please visit: http://seleniumhq.org/exceptions/stale_element_reference.html
Build info: version: '2.53.0', revision: '35ae25b', time: '2016-03-15 17:00:58'
System info: host: '199-7-164-214', ip: '199.7.164.214', os.name: 'windows', os.arch: 'x86', os.version: '10.0', java.version: '1.8.0_181'
Driver info: org.openqa.selenium.chrome.ChromeDriver
Capabilities [{mobileEmulationEnabled=false, timeouts={implicit=0, pageLoad=300000, script=30000}, hasTouchScreen=false, platform=XP, acceptSslCerts=false, goog:chromeOptions={debuggerAddress=localhost:1644}, acceptInsecureCerts=false, webStorageEnabled=true, browserName=chrome, takesScreenshot=true, javascriptEnabled=true, setWindowRect=true, unexpectedAlertBehaviour=ignore, applicationCacheEnabled=false, rotatable=false, networkConnectionEnabled=false, chrome={chromedriverVersion=74.0.3729.6 (255758eccf3d244491b8a1317aa76e1ce10d57e9-refs/branch-heads/3729@{#29}), userDataDir=C:\Windows\proxy\scoped_dir1180_22793}, takesHeapSnapshot=true, pageLoadStrategy=normal, strictFileInteractability=false, databaseEnabled=false, handlesAlerts=true, version=74.0.3729.108, browserConnectionEnabled=false, proxy={}, nativeEvents=true, locationContextEnabled=true, cssSelectorsEnabled=true}]
Session ID: 04967bf75847b38685869403bde963e1
Command duration or timeout: 0 milliseconds)
	at com.kms.katalon.core.keyword.internal.KeywordMain.stepFailed(KeywordMain.groovy:36)
	at com.kms.katalon.core.webui.keyword.internal.WebUIKeywordMain.stepFailed(WebUIKeywordMain.groovy:65)
	at com.kms.katalon.core.webui.keyword.internal.WebUIKeywordMain.runKeyword(WebUIKeywordMain.groovy:27)
	at com.kms.katalon.core.webui.keyword.builtin.ClickKeyword.click(ClickKeyword.groovy:86)
	at com.kms.katalon.core.webui.keyword.builtin.ClickKeyword.execute(ClickKeyword.groovy:67)
	at com.kms.katalon.core.keyword.internal.KeywordExecutor.executeKeywordForPlatform(KeywordExecutor.groovy:53)
	at com.kms.katalon.core.webui.keyword.WebUiBuiltInKeywords.click(WebUiBuiltInKeywords.groovy:616)
	at com.kms.katalon.core.webui.keyword.WebUiBuiltInKeywords$click$1.call(Unknown Source)
	at cart page-increase qty.run(cart page-increase qty:97)
	at com.kms.katalon.core.main.ScriptEngine.run(ScriptEngine.java:194)
	at com.kms.katalon.core.main.ScriptEngine.runScriptAsRawText(ScriptEngine.java:119)
	at com.kms.katalon.core.main.TestCaseExecutor.runScript(TestCaseExecutor.java:328)
	at com.kms.katalon.core.main.TestCaseExecutor.doExecute(TestCaseExecutor.java:319)
	at com.kms.katalon.core.main.TestCaseExecutor.processExecutionPhase(TestCaseExecutor.java:298)
	at com.kms.katalon.core.main.TestCaseExecutor.accessMainPhase(TestCaseExecutor.java:290)
	at com.kms.katalon.core.main.TestCaseExecutor.execute(TestCaseExecutor.java:224)
	at com.kms.katalon.core.main.TestSuiteExecutor.accessTestCaseMainPhase(TestSuiteExecutor.java:129)
	at com.kms.katalon.core.main.TestSuiteExecutor.accessTestSuiteMainPhase(TestSuiteExecutor.java:112)
	at com.kms.katalon.core.main.TestSuiteExecutor.execute(TestSuiteExecutor.java:81)
	at com.kms.katalon.core.main.TestCaseMain.startTestSuite(TestCaseMain.java:149)
	at com.kms.katalon.core.main.TestCaseMain$startTestSuite$0.call(Unknown Source)
	at TempTestSuite1557172220501.run(TempTestSuite1557172220501.groovy:36)]]></system-err>
      </testcase>
      <system-out><![CDATA[2019-05-06 15:50:22 - [TEST_SUITE][FAILED] - CRITICAL PATH: Test Cases/OCS- CRITICAL PATH/Checkout - payment FAILED.
Reason:
com.kms.katalon.core.exception.StepFailedException: Unable to get text of object 'Object Repository/OCS_CRITICAL PATH/Checkout - payment/Page_Ontario Cannabis Store - Payme/div_Your payment details could' (Root cause: org.openqa.selenium.StaleElementReferenceException: stale element reference: element is not attached to the page document
  (Session info: chrome=74.0.3729.108)
  (Driver info: chromedriver=74.0.3729.6 (255758eccf3d244491b8a1317aa76e1ce10d57e9-refs/branch-heads/3729@{#29}),platform=Windows NT 10.0.17763 x86_64) (WARNING: The server did not provide any stacktrace information)
Command duration or timeout: 8.48 seconds
For documentation on this error, please visit: http://seleniumhq.org/exceptions/stale_element_reference.html
Build info: version: '2.53.0', revision: '35ae25b', time: '2016-03-15 17:00:58'
System info: host: '207-254-10-250', ip: '207.254.10.250', os.name: 'windows', os.arch: 'x86', os.version: '10.0', java.version: '1.8.0_181'
Driver info: org.openqa.selenium.chrome.ChromeDriver
Capabilities [{mobileEmulationEnabled=false, timeouts={implicit=0, pageLoad=300000, script=30000}, hasTouchScreen=false, platform=XP, acceptSslCerts=false, goog:chromeOptions={debuggerAddress=localhost:1704}, acceptInsecureCerts=false, webStorageEnabled=true, browserName=chrome, takesScreenshot=true, javascriptEnabled=true, setWindowRect=true, unexpectedAlertBehaviour=ignore, applicationCacheEnabled=false, rotatable=false, networkConnectionEnabled=false, chrome={chromedriverVersion=74.0.3729.6 (255758eccf3d244491b8a1317aa76e1ce10d57e9-refs/branch-heads/3729@{#29}), userDataDir=C:\Windows\proxy\scoped_dir10076_24824}, takesHeapSnapshot=true, pageLoadStrategy=normal, strictFileInteractability=false, databaseEnabled=false, handlesAlerts=true, version=74.0.3729.108, browserConnectionEnabled=false, proxy={}, nativeEvents=true, locationContextEnabled=true, cssSelectorsEnabled=true}]
Session ID: 4697706dc4bfc28c65f1bce1970e33f1
Command duration or timeout: 0 milliseconds)
	at com.kms.katalon.core.keyword.internal.KeywordMain.stepFailed(KeywordMain.groovy:36)
	at com.kms.katalon.core.webui.keyword.internal.WebUIKeywordMain.stepFailed(WebUIKeywordMain.groovy:65)
	at com.kms.katalon.core.webui.keyword.internal.WebUIKeywordMain.runKeyword(WebUIKeywordMain.groovy:27)
	at com.kms.katalon.core.webui.keyword.builtin.GetTextKeyword.getText(GetTextKeyword.groovy:88)
	at com.kms.katalon.core.webui.keyword.builtin.GetTextKeyword.execute(GetTextKeyword.groovy:67)
	at com.kms.katalon.core.keyword.internal.KeywordExecutor.executeKeywordForPlatform(KeywordExecutor.groovy:53)
	at com.kms.katalon.core.webui.keyword.WebUiBuiltInKeywords.getText(WebUiBuiltInKeywords.groovy:888)
	at com.kms.katalon.core.webui.keyword.WebUiBuiltInKeywords$getText$5.call(Unknown Source)
	at Checkout - payment.run(Checkout - payment:168)
	at com.kms.katalon.core.main.ScriptEngine.run(ScriptEngine.java:194)
	at com.kms.katalon.core.main.ScriptEngine.runScriptAsRawText(ScriptEngine.java:119)
	at com.kms.katalon.core.main.TestCaseExecutor.runScript(TestCaseExecutor.java:328)
	at com.kms.katalon.core.main.TestCaseExecutor.doExecute(TestCaseExecutor.java:319)
	at com.kms.katalon.core.main.TestCaseExecutor.processExecutionPhase(TestCaseExecutor.java:298)
	at com.kms.katalon.core.main.TestCaseExecutor.accessMainPhase(TestCaseExecutor.java:290)
	at com.kms.katalon.core.main.TestCaseExecutor.execute(TestCaseExecutor.java:224)
	at com.kms.katalon.core.main.TestSuiteExecutor.accessTestCaseMainPhase(TestSuiteExecutor.java:129)
	at com.kms.katalon.core.main.TestSuiteExecutor.accessTestSuiteMainPhase(TestSuiteExecutor.java:112)
	at com.kms.katalon.core.main.TestSuiteExecutor.execute(TestSuiteExecutor.java:81)
	at com.kms.katalon.core.main.TestCaseMain.startTestSuite(TestCaseMain.java:149)
	at com.kms.katalon.core.main.TestCaseMain$startTestSuite$0.call(Unknown Source)
	at TempTestSuite1557172220501.run(TempTestSuite1557172220501.groovy:36)]]></system-out>
      <system-err><![CDATA[2019-05-06 15:50:22 - [TEST_SUITE][FAILED] - CRITICAL PATH: Test Cases/OCS- CRITICAL PATH/Checkout - payment FAILED.
Reason:
com.kms.katalon.core.exception.StepFailedException: Unable to get text of object 'Object Repository/OCS_CRITICAL PATH/Checkout - payment/Page_Ontario Cannabis Store - Payme/div_Your payment details could' (Root cause: org.openqa.selenium.StaleElementReferenceException: stale element reference: element is not attached to the page document
  (Session info: chrome=74.0.3729.108)
  (Driver info: chromedriver=74.0.3729.6 (255758eccf3d244491b8a1317aa76e1ce10d57e9-refs/branch-heads/3729@{#29}),platform=Windows NT 10.0.17763 x86_64) (WARNING: The server did not provide any stacktrace information)
Command duration or timeout: 8.48 seconds
For documentation on this error, please visit: http://seleniumhq.org/exceptions/stale_element_reference.html
Build info: version: '2.53.0', revision: '35ae25b', time: '2016-03-15 17:00:58'
System info: host: '207-254-10-250', ip: '207.254.10.250', os.name: 'windows', os.arch: 'x86', os.version: '10.0', java.version: '1.8.0_181'
Driver info: org.openqa.selenium.chrome.ChromeDriver
Capabilities [{mobileEmulationEnabled=false, timeouts={implicit=0, pageLoad=300000, script=30000}, hasTouchScreen=false, platform=XP, acceptSslCerts=false, goog:chromeOptions={debuggerAddress=localhost:1704}, acceptInsecureCerts=false, webStorageEnabled=true, browserName=chrome, takesScreenshot=true, javascriptEnabled=true, setWindowRect=true, unexpectedAlertBehaviour=ignore, applicationCacheEnabled=false, rotatable=false, networkConnectionEnabled=false, chrome={chromedriverVersion=74.0.3729.6 (255758eccf3d244491b8a1317aa76e1ce10d57e9-refs/branch-heads/3729@{#29}), userDataDir=C:\Windows\proxy\scoped_dir10076_24824}, takesHeapSnapshot=true, pageLoadStrategy=normal, strictFileInteractability=false, databaseEnabled=false, handlesAlerts=true, version=74.0.3729.108, browserConnectionEnabled=false, proxy={}, nativeEvents=true, locationContextEnabled=true, cssSelectorsEnabled=true}]
Session ID: 4697706dc4bfc28c65f1bce1970e33f1
Command duration or timeout: 0 milliseconds)
	at com.kms.katalon.core.keyword.internal.KeywordMain.stepFailed(KeywordMain.groovy:36)
	at com.kms.katalon.core.webui.keyword.internal.WebUIKeywordMain.stepFailed(WebUIKeywordMain.groovy:65)
	at com.kms.katalon.core.webui.keyword.internal.WebUIKeywordMain.runKeyword(WebUIKeywordMain.groovy:27)
	at com.kms.katalon.core.webui.keyword.builtin.GetTextKeyword.getText(GetTextKeyword.groovy:88)
	at com.kms.katalon.core.webui.keyword.builtin.GetTextKeyword.execute(GetTextKeyword.groovy:67)
	at com.kms.katalon.core.keyword.internal.KeywordExecutor.executeKeywordForPlatform(KeywordExecutor.groovy:53)
	at com.kms.katalon.core.webui.keyword.WebUiBuiltInKeywords.getText(WebUiBuiltInKeywords.groovy:888)
	at com.kms.katalon.core.webui.keyword.WebUiBuiltInKeywords$getText$5.call(Unknown Source)
	at Checkout - payment.run(Checkout - payment:168)
	at com.kms.katalon.core.main.ScriptEngine.run(ScriptEngine.java:194)
	at com.kms.katalon.core.main.ScriptEngine.runScriptAsRawText(ScriptEngine.java:119)
	at com.kms.katalon.core.main.TestCaseExecutor.runScript(TestCaseExecutor.java:328)
	at com.kms.katalon.core.main.TestCaseExecutor.doExecute(TestCaseExecutor.java:319)
	at com.kms.katalon.core.main.TestCaseExecutor.processExecutionPhase(TestCaseExecutor.java:298)
	at com.kms.katalon.core.main.TestCaseExecutor.accessMainPhase(TestCaseExecutor.java:290)
	at com.kms.katalon.core.main.TestCaseExecutor.execute(TestCaseExecutor.java:224)
	at com.kms.katalon.core.main.TestSuiteExecutor.accessTestCaseMainPhase(TestSuiteExecutor.java:129)
	at com.kms.katalon.core.main.TestSuiteExecutor.accessTestSuiteMainPhase(TestSuiteExecutor.java:112)
	at com.kms.katalon.core.main.TestSuiteExecutor.execute(TestSuiteExecutor.java:81)
	at com.kms.katalon.core.main.TestCaseMain.startTestSuite(TestCaseMain.java:149)
	at com.kms.katalon.core.main.TestCaseMain$startTestSuite$0.call(Unknown Source)
	at TempTestSuite1557172220501.run(TempTestSuite1557172220501.groovy:36)]]></system-err>
   </testsuite>
</testsuites>
