<?xml version="1.0" encoding="UTF-8"?>
<testsuites name="Live site" time="4180" tests="41" failures="9" errors="0">
   <testsuite name="Live site" tests="41" failures="9" errors="0" time="4180" timestamp="2019-06-28 15:18:44" hostname="sumankompelly - 10.0.126.233" id="Test Suites/Live site">
      <properties>
         <property name="deviceName" value=""/>
         <property name="devicePlatform" value=""/>
         <property name="logFolder" value="/Users/sumankompelly/Relative xpath-Mobile/Reports/Live site/20190628_151842"/>
         <property name="logFiles" value="/Users/sumankompelly/Relative xpath-Mobile/Reports/Live site/20190628_151842/execution0.log"/>
         <property name="attachments" value="/Users/sumankompelly/Relative xpath-Mobile/Reports/Live site/20190628_151842/1561749613660.png, /Users/sumankompelly/Relative xpath-Mobile/Reports/Live site/20190628_151842/1561749821959.png, /Users/sumankompelly/Relative xpath-Mobile/Reports/Live site/20190628_151842/1561749825294.png, /Users/sumankompelly/Relative xpath-Mobile/Reports/Live site/20190628_151842/1561749844898.png, /Users/sumankompelly/Relative xpath-Mobile/Reports/Live site/20190628_151842/1561749863538.png, /Users/sumankompelly/Relative xpath-Mobile/Reports/Live site/20190628_151842/1561749883319.png, /Users/sumankompelly/Relative xpath-Mobile/Reports/Live site/20190628_151842/1561749894071.png, /Users/sumankompelly/Relative xpath-Mobile/Reports/Live site/20190628_151842/1561749983432.png, /Users/sumankompelly/Relative xpath-Mobile/Reports/Live site/20190628_151842/1561750036375.png, /Users/sumankompelly/Relative xpath-Mobile/Reports/Live site/20190628_151842/1561750565834.png, /Users/sumankompelly/Relative xpath-Mobile/Reports/Live site/20190628_151842/1561750937515.png, /Users/sumankompelly/Relative xpath-Mobile/Reports/Live site/20190628_151842/1561750940812.png, /Users/sumankompelly/Relative xpath-Mobile/Reports/Live site/20190628_151842/1561751504414.png, /Users/sumankompelly/Relative xpath-Mobile/Reports/Live site/20190628_151842/1561751552186.png, /Users/sumankompelly/Relative xpath-Mobile/Reports/Live site/20190628_151842/1561751743102.png, /Users/sumankompelly/Relative xpath-Mobile/Reports/Live site/20190628_151842/1561751780803.png, /Users/sumankompelly/Relative xpath-Mobile/Reports/Live site/20190628_151842/1561751790952.png, /Users/sumankompelly/Relative xpath-Mobile/Reports/Live site/20190628_151842/1561751797602.png, /Users/sumankompelly/Relative xpath-Mobile/Reports/Live site/20190628_151842/1561751804321.png, /Users/sumankompelly/Relative xpath-Mobile/Reports/Live site/20190628_151842/1561751811383.png, /Users/sumankompelly/Relative xpath-Mobile/Reports/Live site/20190628_151842/1561751820678.png, /Users/sumankompelly/Relative xpath-Mobile/Reports/Live site/20190628_151842/1561751827365.png, /Users/sumankompelly/Relative xpath-Mobile/Reports/Live site/20190628_151842/1561751838443.png, /Users/sumankompelly/Relative xpath-Mobile/Reports/Live site/20190628_151842/1561751845123.png, /Users/sumankompelly/Relative xpath-Mobile/Reports/Live site/20190628_151842/1561751853848.png, /Users/sumankompelly/Relative xpath-Mobile/Reports/Live site/20190628_151842/1561751865966.png, /Users/sumankompelly/Relative xpath-Mobile/Reports/Live site/20190628_151842/1561751877101.png, /Users/sumankompelly/Relative xpath-Mobile/Reports/Live site/20190628_151842/1561751888110.png, /Users/sumankompelly/Relative xpath-Mobile/Reports/Live site/20190628_151842/1561751899733.png, /Users/sumankompelly/Relative xpath-Mobile/Reports/Live site/20190628_151842/1561751908441.png, /Users/sumankompelly/Relative xpath-Mobile/Reports/Live site/20190628_151842/1561751931032.png, /Users/sumankompelly/Relative xpath-Mobile/Reports/Live site/20190628_151842/1561751962079.png, /Users/sumankompelly/Relative xpath-Mobile/Reports/Live site/20190628_151842/1561751974475.png, /Users/sumankompelly/Relative xpath-Mobile/Reports/Live site/20190628_151842/1561752016465.png, /Users/sumankompelly/Relative xpath-Mobile/Reports/Live site/20190628_151842/1561752034775.png, /Users/sumankompelly/Relative xpath-Mobile/Reports/Live site/20190628_151842/1561752042326.png, /Users/sumankompelly/Relative xpath-Mobile/Reports/Live site/20190628_151842/1561752052853.png, /Users/sumankompelly/Relative xpath-Mobile/Reports/Live site/20190628_151842/1561752076088.png, /Users/sumankompelly/Relative xpath-Mobile/Reports/Live site/20190628_151842/1561752096300.png, /Users/sumankompelly/Relative xpath-Mobile/Reports/Live site/20190628_151842/1561752103824.png, /Users/sumankompelly/Relative xpath-Mobile/Reports/Live site/20190628_151842/1561752115013.png, /Users/sumankompelly/Relative xpath-Mobile/Reports/Live site/20190628_151842/1561752135474.png, /Users/sumankompelly/Relative xpath-Mobile/Reports/Live site/20190628_151842/1561752153793.png, /Users/sumankompelly/Relative xpath-Mobile/Reports/Live site/20190628_151842/1561752161359.png, /Users/sumankompelly/Relative xpath-Mobile/Reports/Live site/20190628_151842/1561752172758.png, /Users/sumankompelly/Relative xpath-Mobile/Reports/Live site/20190628_151842/1561752456150.png, /Users/sumankompelly/Relative xpath-Mobile/Reports/Live site/20190628_151842/1561752705850.png, /Users/sumankompelly/Relative xpath-Mobile/Reports/Live site/20190628_151842/1561752819738.png, /Users/sumankompelly/Relative xpath-Mobile/Reports/Live site/20190628_151842/1561752825993.png, /Users/sumankompelly/Relative xpath-Mobile/Reports/Live site/20190628_151842/1561752829879.png, /Users/sumankompelly/Relative xpath-Mobile/Reports/Live site/20190628_151842/1561752836578.png, /Users/sumankompelly/Relative xpath-Mobile/Reports/Live site/20190628_151842/1561752846001.png, /Users/sumankompelly/Relative xpath-Mobile/Reports/Live site/20190628_151842/1561752855492.png, /Users/sumankompelly/Relative xpath-Mobile/Reports/Live site/20190628_151842/1561752862344.png, /Users/sumankompelly/Relative xpath-Mobile/Reports/Live site/20190628_151842/1561752868185.png, /Users/sumankompelly/Relative xpath-Mobile/Reports/Live site/20190628_151842/1561752943260.png, /Users/sumankompelly/Relative xpath-Mobile/Reports/Live site/20190628_151842/1561753021536.png, /Users/sumankompelly/Relative xpath-Mobile/Reports/Live site/20190628_151842/1561753023992.png, /Users/sumankompelly/Relative xpath-Mobile/Reports/Live site/20190628_151842/1561753025391.png, /Users/sumankompelly/Relative xpath-Mobile/Reports/Live site/20190628_151842/1561753026748.png, /Users/sumankompelly/Relative xpath-Mobile/Reports/Live site/20190628_151842/1561753104845.png, /Users/sumankompelly/Relative xpath-Mobile/Reports/Live site/20190628_151842/1561753219490.png, /Users/sumankompelly/Relative xpath-Mobile/Reports/Live site/20190628_151842/1561753239127.png, /Users/sumankompelly/Relative xpath-Mobile/Reports/Live site/20190628_151842/1561753355384.png, /Users/sumankompelly/Relative xpath-Mobile/Reports/Live site/20190628_151842/1561753404840.png, /Users/sumankompelly/Relative xpath-Mobile/Reports/Live site/20190628_151842/1561753409222.png, /Users/sumankompelly/Relative xpath-Mobile/Reports/Live site/20190628_151842/1561753442313.png, /Users/sumankompelly/Relative xpath-Mobile/Reports/Live site/20190628_151842/1561753475389.png, /Users/sumankompelly/Relative xpath-Mobile/Reports/Live site/20190628_151842/1561753508872.png, /Users/sumankompelly/Relative xpath-Mobile/Reports/Live site/20190628_151842/1561753539898.png, /Users/sumankompelly/Relative xpath-Mobile/Reports/Live site/20190628_151842/1561753570974.png, /Users/sumankompelly/Relative xpath-Mobile/Reports/Live site/20190628_151842/1561753571358.png, /Users/sumankompelly/Relative xpath-Mobile/Reports/Live site/20190628_151842/1561753602682.png, /Users/sumankompelly/Relative xpath-Mobile/Reports/Live site/20190628_151842/1561753634052.png, /Users/sumankompelly/Relative xpath-Mobile/Reports/Live site/20190628_151842/1561753665164.png, /Users/sumankompelly/Relative xpath-Mobile/Reports/Live site/20190628_151842/1561753665742.png, /Users/sumankompelly/Relative xpath-Mobile/Reports/Live site/20190628_151842/1561753700762.png"/>
         <property name="hostName" value="sumankompelly - 10.0.126.233"/>
         <property name="os" value="Mac OS X 64bit"/>
         <property name="katalonVersion" value="5.10.1.1"/>
         <property name="browser" value="Chrome 75.0.3770.100"/>
         <property name="hostAddress" value="10.0.126.233"/>
         <property name="sessionId" value="414a212ccd2c3898c5cf7bc29f84e26e"/>
         <property name="seleniumVersion" value="3.7.1"/>
         <property name="proxyInformation" value="ProxyInformation{proxyOption=NO_PROXY, proxyServerType=HTTP, password=, proxyServerAddress=, proxyServerPort=0}"/>
         <property name="platform" value="Mac OS X"/>
      </properties>
      <testcase name="Test Cases/OCS - MOBILE/OCS- CRITICAL PATH/Cart flyout- increase qty" classname="Test Cases/OCS - MOBILE/OCS- CRITICAL PATH/Cart flyout- increase qty" status="PASSED">
         <system-out><![CDATA[2019-06-28 15:18:45 - [TEST_CASE][PASSED] - Test Cases/OCS - MOBILE/OCS- CRITICAL PATH/Cart flyout- increase qty: Test Cases/OCS - MOBILE/OCS- CRITICAL PATH/Cart flyout- increase qty

2019-06-28 15:18:45 - [TEST_STEP][PASSED] - callTestCase(findTestCase("OCS - MOBILE/CALL - AGE GATE"), [:], STOP_ON_FAILURE): Call Test Case 'Test Cases/OCS - MOBILE/CALL - AGE GATE' successfully

2019-06-28 15:18:46 - [TEST_CASE][PASSED] - Test Cases/OCS - MOBILE/CALL - AGE GATE: Test Cases/OCS - MOBILE/CALL - AGE GATE

2019-06-28 15:18:46 - [TEST_STEP][PASSED] - openBrowser(""): Browser is opened with url: ''

2019-06-28 15:18:47 - [MESSAGE][INFO] - Starting 'Chrome' driver

2019-06-28 15:18:47 - [MESSAGE][INFO] - Action delay is set to 0 seconds

2019-06-28 15:18:49 - [MESSAGE][PASSED] - Browser is opened with url: ''

2019-06-28 15:18:49 - [TEST_STEP][PASSED] - navigateToUrl("ocs.ca"): Navigate to 'http://ocs.ca' successfully

2019-06-28 15:18:55 - [MESSAGE][PASSED] - Navigate to 'http://ocs.ca' successfully

2019-06-28 15:18:55 - [TEST_STEP][NOT_RUN] - executeJavaScript("var previewBar = document.getElementById("preview-bar-iframe"); previewBar.style.display = "none";", []): NOT_RUN: executeJavaScript("var previewBar = document.getElementById("preview-bar-iframe"); previewBar.style.display = "none";", [])

2019-06-28 15:18:55 - [MESSAGE][NOT_RUN] - NOT_RUN: executeJavaScript("var previewBar = document.getElementById("preview-bar-iframe"); previewBar.style.display = "none";", [])

2019-06-28 15:18:55 - [TEST_STEP][PASSED] - setViewPortSize(360, 800): Viewport is set to new size with width = 360 and height = 800

2019-06-28 15:18:55 - [MESSAGE][PASSED] - Viewport is set to new size with width = 360 and height = 800

2019-06-28 15:18:55 - [TEST_STEP][PASSED] - delay(4): Delayed 4 second(s)

2019-06-28 15:18:59 - [MESSAGE][PASSED] - Delayed 4 second(s)

2019-06-28 15:18:59 - [TEST_STEP][PASSED] - selectOptionByValue(findTestObject("OCS-MOBILE /Age gate and burger menu/Date"), "12", true): All options with value '12' are selected in object 'Object Repository/OCS-MOBILE /Age gate and burger menu/Date'  using regular expression

2019-06-28 15:19:00 - [MESSAGE][PASSED] - All options with value '12' are selected in object 'Object Repository/OCS-MOBILE /Age gate and burger menu/Date'  using regular expression

2019-06-28 15:19:00 - [TEST_STEP][PASSED] - selectOptionByValue(findTestObject("OCS-MOBILE /Age gate and burger menu/month"), "6", true): All options with value '6' are selected in object 'Object Repository/OCS-MOBILE /Age gate and burger menu/month'  using regular expression

2019-06-28 15:19:00 - [MESSAGE][PASSED] - All options with value '6' are selected in object 'Object Repository/OCS-MOBILE /Age gate and burger menu/month'  using regular expression

2019-06-28 15:19:00 - [TEST_STEP][PASSED] - delay(2): Delayed 2 second(s)

2019-06-28 15:19:02 - [MESSAGE][PASSED] - Delayed 2 second(s)

2019-06-28 15:19:02 - [TEST_STEP][PASSED] - selectOptionByValue(findTestObject("OCS-MOBILE /Age gate and burger menu/Year Dropdown"), "1990", true): All options with value '1990' are selected in object 'Object Repository/OCS-MOBILE /Age gate and burger menu/Year Dropdown'  using regular expression

2019-06-28 15:19:03 - [MESSAGE][PASSED] - All options with value '1990' are selected in object 'Object Repository/OCS-MOBILE /Age gate and burger menu/Year Dropdown'  using regular expression

2019-06-28 15:19:03 - [TEST_STEP][PASSED] - click(findTestObject("OCS-MOBILE /Age gate and Mega menu/button_Verify")): Object: 'Object Repository/OCS-MOBILE /Age gate and Mega menu/button_Verify' is clicked on

2019-06-28 15:19:03 - [MESSAGE][PASSED] - Object: 'Object Repository/OCS-MOBILE /Age gate and Mega menu/button_Verify' is clicked on

2019-06-28 15:19:03 - [TEST_STEP][PASSED] - click(findTestObject("OCS-MOBILE /Age gate and Mega menu/Checkbox_CONFIRM AND ACKNOWLEDGE")): Object: 'Object Repository/OCS-MOBILE /Age gate and Mega menu/Checkbox_CONFIRM AND ACKNOWLEDGE' is clicked on

2019-06-28 15:19:04 - [MESSAGE][PASSED] - Object: 'Object Repository/OCS-MOBILE /Age gate and Mega menu/Checkbox_CONFIRM AND ACKNOWLEDGE' is clicked on

2019-06-28 15:19:04 - [TEST_STEP][PASSED] - click(findTestObject("OCS-MOBILE /Age gate and Mega menu/button_CONFIRM")): Object: 'Object Repository/OCS-MOBILE /Age gate and Mega menu/button_CONFIRM' is clicked on

2019-06-28 15:19:04 - [MESSAGE][PASSED] - Object: 'Object Repository/OCS-MOBILE /Age gate and Mega menu/button_CONFIRM' is clicked on

2019-06-28 15:19:04 - [TEST_STEP][PASSED] - click(findTestObject("OCS-MOBILE /Age gate and Mega menu/button_Start Browsing")): Object: 'Object Repository/OCS-MOBILE /Age gate and Mega menu/button_Start Browsing' is clicked on

2019-06-28 15:19:04 - [MESSAGE][PASSED] - Object: 'Object Repository/OCS-MOBILE /Age gate and Mega menu/button_Start Browsing' is clicked on

2019-06-28 15:19:04 - [TEST_STEP][PASSED] - refresh(): Refresh successfully

2019-06-28 15:19:04 - [MESSAGE][PASSED] - Refresh successfully

2019-06-28 15:19:04 - [TEST_STEP][NOT_RUN] - executeJavaScript("var previewBar = document.getElementById("preview-bar-iframe"); previewBar.style.display = "none";", []): NOT_RUN: executeJavaScript("var previewBar = document.getElementById("preview-bar-iframe"); previewBar.style.display = "none";", [])

2019-06-28 15:19:04 - [MESSAGE][NOT_RUN] - NOT_RUN: executeJavaScript("var previewBar = document.getElementById("preview-bar-iframe"); previewBar.style.display = "none";", [])

2019-06-28 15:19:04 - [MESSAGE][PASSED] - Call Test Case 'Test Cases/OCS - MOBILE/CALL - AGE GATE' successfully

2019-06-28 15:19:04 - [TEST_STEP][PASSED] - delay(2): Delayed 2 second(s)

2019-06-28 15:19:06 - [MESSAGE][PASSED] - Delayed 2 second(s)

2019-06-28 15:19:06 - [TEST_STEP][PASSED] - click(findTestObject("OCS-MOBILE /Age gate and burger menu/Burger menu - English")): Object: 'Object Repository/OCS-MOBILE /Age gate and burger menu/Burger menu - English' is clicked on

2019-06-28 15:19:06 - [MESSAGE][PASSED] - Object: 'Object Repository/OCS-MOBILE /Age gate and burger menu/Burger menu - English' is clicked on

2019-06-28 15:19:06 - [TEST_STEP][PASSED] - delay(2): Delayed 2 second(s)

2019-06-28 15:19:08 - [MESSAGE][PASSED] - Delayed 2 second(s)

2019-06-28 15:19:08 - [TEST_STEP][PASSED] - click(findTestObject("OCS-MOBILE /Age gate and burger menu/Chevron_Cannabis")): Object: 'Object Repository/OCS-MOBILE /Age gate and burger menu/Chevron_Cannabis' is clicked on

2019-06-28 15:19:08 - [MESSAGE][PASSED] - Object: 'Object Repository/OCS-MOBILE /Age gate and burger menu/Chevron_Cannabis' is clicked on

2019-06-28 15:19:08 - [TEST_STEP][PASSED] - delay(2): Delayed 2 second(s)

2019-06-28 15:19:10 - [MESSAGE][PASSED] - Delayed 2 second(s)

2019-06-28 15:19:10 - [TEST_STEP][PASSED] - click(findTestObject("OCS-MOBILE /Age gate and burger menu/Dried Flower_Plus icon")): Object: 'Object Repository/OCS-MOBILE /Age gate and burger menu/Dried Flower_Plus icon' is clicked on

2019-06-28 15:19:10 - [MESSAGE][PASSED] - Object: 'Object Repository/OCS-MOBILE /Age gate and burger menu/Dried Flower_Plus icon' is clicked on

2019-06-28 15:19:10 - [TEST_STEP][PASSED] - delay(2): Delayed 2 second(s)

2019-06-28 15:19:12 - [MESSAGE][PASSED] - Delayed 2 second(s)

2019-06-28 15:19:12 - [TEST_STEP][PASSED] - click(findTestObject("OCS-MOBILE /Age gate and burger menu/Indica Dominant_Menu item")): Object: 'Object Repository/OCS-MOBILE /Age gate and burger menu/Indica Dominant_Menu item' is clicked on

2019-06-28 15:19:14 - [MESSAGE][PASSED] - Object: 'Object Repository/OCS-MOBILE /Age gate and burger menu/Indica Dominant_Menu item' is clicked on

2019-06-28 15:19:14 - [TEST_STEP][PASSED] - delay(2): Delayed 2 second(s)

2019-06-28 15:19:16 - [MESSAGE][PASSED] - Delayed 2 second(s)

2019-06-28 15:19:16 - [TEST_STEP][NOT_RUN] - executeJavaScript("var previewBar = document.getElementById("preview-bar-iframe"); previewBar.style.display = "none";", []): NOT_RUN: executeJavaScript("var previewBar = document.getElementById("preview-bar-iframe"); previewBar.style.display = "none";", [])

2019-06-28 15:19:16 - [MESSAGE][NOT_RUN] - NOT_RUN: executeJavaScript("var previewBar = document.getElementById("preview-bar-iframe"); previewBar.style.display = "none";", [])

2019-06-28 15:19:16 - [TEST_STEP][PASSED] - click(findTestObject("OCS-MOBILE /Collection page/Product image - 1st one")): Object: 'Object Repository/OCS-MOBILE /Collection page/Product image - 1st one' is clicked on

2019-06-28 15:19:21 - [MESSAGE][PASSED] - Object: 'Object Repository/OCS-MOBILE /Collection page/Product image - 1st one' is clicked on

2019-06-28 15:19:21 - [TEST_STEP][NOT_RUN] - executeJavaScript("var previewBar = document.getElementById("preview-bar-iframe"); previewBar.style.display = "none";", []): NOT_RUN: executeJavaScript("var previewBar = document.getElementById("preview-bar-iframe"); previewBar.style.display = "none";", [])

2019-06-28 15:19:21 - [MESSAGE][NOT_RUN] - NOT_RUN: executeJavaScript("var previewBar = document.getElementById("preview-bar-iframe"); previewBar.style.display = "none";", [])

2019-06-28 15:19:21 - [TEST_STEP][NOT_RUN] - scrollToElement(findTestObject("OCS-MOBILE /Product page/Product image"), 1): NOT_RUN: scrollToElement(findTestObject("OCS-MOBILE /Product page/Product image"), 1)

2019-06-28 15:19:21 - [MESSAGE][NOT_RUN] - NOT_RUN: scrollToElement(findTestObject("OCS-MOBILE /Product page/Product image"), 1)

2019-06-28 15:19:21 - [TEST_STEP][PASSED] - delay(2): Delayed 2 second(s)

2019-06-28 15:19:23 - [MESSAGE][PASSED] - Delayed 2 second(s)

2019-06-28 15:19:23 - [TEST_STEP][PASSED] - flag = verifyElementClickable(findTestObject("OCS-MOBILE /Product page/Swatch_3.5g")): Object 'Object Repository/OCS-MOBILE /Product page/Swatch_3.5g' is clickable

2019-06-28 15:19:23 - [MESSAGE][PASSED] - Object 'Object Repository/OCS-MOBILE /Product page/Swatch_3.5g' is clickable

2019-06-28 15:19:23 - [TEST_STEP][PASSED] - comment(" flag =" + flag):  flag =true

2019-06-28 15:19:23 - [MESSAGE][INFO] -  flag =true

2019-06-28 15:19:23 - [TEST_STEP][PASSED] - if (flag == true): Delayed 2 second(s)

2019-06-28 15:19:23 - [TEST_STEP][PASSED] - click(findTestObject("OCS-MOBILE /Product page/Swatch_1g"), STOP_ON_FAILURE): Object: 'Object Repository/OCS-MOBILE /Product page/Swatch_1g' is clicked on

2019-06-28 15:19:23 - [MESSAGE][PASSED] - Object: 'Object Repository/OCS-MOBILE /Product page/Swatch_1g' is clicked on

2019-06-28 15:19:23 - [TEST_STEP][PASSED] - delay(2): Delayed 2 second(s)

2019-06-28 15:19:25 - [MESSAGE][PASSED] - Delayed 2 second(s)

2019-06-28 15:19:25 - [TEST_STEP][PASSED] - click(findTestObject("OCS-MOBILE /Product page/Quantity Increase - Button")): Object: 'Object Repository/OCS-MOBILE /Product page/Quantity Increase - Button' is clicked on

2019-06-28 15:19:25 - [MESSAGE][PASSED] - Object: 'Object Repository/OCS-MOBILE /Product page/Quantity Increase - Button' is clicked on

2019-06-28 15:19:25 - [TEST_STEP][PASSED] - delay(2): Delayed 2 second(s)

2019-06-28 15:19:27 - [MESSAGE][PASSED] - Delayed 2 second(s)

2019-06-28 15:19:27 - [TEST_STEP][PASSED] - click(findTestObject("OCS-MOBILE /Product page/Add to Bag-button")): Object: 'Object Repository/OCS-MOBILE /Product page/Add to Bag-button' is clicked on

2019-06-28 15:19:27 - [MESSAGE][PASSED] - Object: 'Object Repository/OCS-MOBILE /Product page/Add to Bag-button' is clicked on

2019-06-28 15:19:27 - [TEST_STEP][PASSED] - delay(1): Delayed 1 second(s)

2019-06-28 15:19:28 - [MESSAGE][PASSED] - Delayed 1 second(s)

2019-06-28 15:19:28 - [TEST_STEP][NOT_RUN] - click(findTestObject("OCS-MOBILE /Home - page/Cart icon -bag")): NOT_RUN: click(findTestObject("OCS-MOBILE /Home - page/Cart icon -bag"))

2019-06-28 15:19:28 - [MESSAGE][NOT_RUN] - NOT_RUN: click(findTestObject("OCS-MOBILE /Home - page/Cart icon -bag"))

2019-06-28 15:19:28 - [TEST_STEP][PASSED] - delay(2): Delayed 2 second(s)

2019-06-28 15:19:30 - [MESSAGE][PASSED] - Delayed 2 second(s)

2019-06-28 15:19:30 - [TEST_STEP][PASSED] - click(findTestObject("OCS-MOBILE /Cart flyout/Quantity increase - Product")): Object: 'Object Repository/OCS-MOBILE /Cart flyout/Quantity increase - Product' is clicked on

2019-06-28 15:19:30 - [MESSAGE][PASSED] - Object: 'Object Repository/OCS-MOBILE /Cart flyout/Quantity increase - Product' is clicked on

2019-06-28 15:19:30 - [TEST_STEP][PASSED] - delay(2): Delayed 2 second(s)

2019-06-28 15:19:32 - [MESSAGE][PASSED] - Delayed 2 second(s)

2019-06-28 15:19:32 - [TEST_STEP][PASSED] - click(findTestObject("OCS-MOBILE /Cart flyout/Quantity increase - Product")): Object: 'Object Repository/OCS-MOBILE /Cart flyout/Quantity increase - Product' is clicked on

2019-06-28 15:19:32 - [MESSAGE][PASSED] - Object: 'Object Repository/OCS-MOBILE /Cart flyout/Quantity increase - Product' is clicked on

2019-06-28 15:19:32 - [TEST_STEP][PASSED] - delay(2): Delayed 2 second(s)

2019-06-28 15:19:34 - [MESSAGE][PASSED] - Delayed 2 second(s)

2019-06-28 15:19:34 - [TEST_STEP][PASSED] - a = getText(findTestObject("OCS-MOBILE /Cart flyout/Unit price - Product")): Text of object 'Object Repository/OCS-MOBILE /Cart flyout/Unit price - Product' is: '$41.00'

2019-06-28 15:19:34 - [MESSAGE][PASSED] - Text of object 'Object Repository/OCS-MOBILE /Cart flyout/Unit price - Product' is: '$41.00'

2019-06-28 15:19:34 - [TEST_STEP][PASSED] - comment(a): $41.00

2019-06-28 15:19:34 - [MESSAGE][INFO] - $41.00

2019-06-28 15:19:34 - [TEST_STEP][PASSED] - b = a.substring(1): null

2019-06-28 15:19:34 - [TEST_STEP][PASSED] - comment(b): 41.00

2019-06-28 15:19:34 - [MESSAGE][INFO] - 41.00

2019-06-28 15:19:34 - [TEST_STEP][PASSED] - setText(findTestObject("OCS-MOBILE /Cart flyout/input_-_updates"), "3"): Text '3' is set on object 'Object Repository/OCS-MOBILE /Cart flyout/input_-_updates'

2019-06-28 15:19:34 - [MESSAGE][PASSED] - Text '3' is set on object 'Object Repository/OCS-MOBILE /Cart flyout/input_-_updates'

2019-06-28 15:19:34 - [TEST_STEP][PASSED] - delay(2): Delayed 2 second(s)

2019-06-28 15:19:36 - [MESSAGE][PASSED] - Delayed 2 second(s)

2019-06-28 15:19:36 - [TEST_STEP][PASSED] - click(findTestObject("OCS-MOBILE /Cart flyout/i_-_icon--plus")): Object: 'Object Repository/OCS-MOBILE /Cart flyout/i_-_icon--plus' is clicked on

2019-06-28 15:19:37 - [MESSAGE][PASSED] - Object: 'Object Repository/OCS-MOBILE /Cart flyout/i_-_icon--plus' is clicked on

2019-06-28 15:19:37 - [TEST_STEP][PASSED] - delay(2): Delayed 2 second(s)

2019-06-28 15:19:39 - [MESSAGE][PASSED] - Delayed 2 second(s)

2019-06-28 15:19:39 - [TEST_STEP][PASSED] - click(findTestObject("OCS-MOBILE /Cart flyout/i_-_icon--plus")): Object: 'Object Repository/OCS-MOBILE /Cart flyout/i_-_icon--plus' is clicked on

2019-06-28 15:19:39 - [MESSAGE][PASSED] - Object: 'Object Repository/OCS-MOBILE /Cart flyout/i_-_icon--plus' is clicked on

2019-06-28 15:19:39 - [TEST_STEP][PASSED] - delay(2): Delayed 2 second(s)

2019-06-28 15:19:41 - [MESSAGE][PASSED] - Delayed 2 second(s)

2019-06-28 15:19:41 - [TEST_STEP][PASSED] - click(findTestObject("OCS-MOBILE /Cart flyout/i_-_icon--plus")): Object: 'Object Repository/OCS-MOBILE /Cart flyout/i_-_icon--plus' is clicked on

2019-06-28 15:19:41 - [MESSAGE][PASSED] - Object: 'Object Repository/OCS-MOBILE /Cart flyout/i_-_icon--plus' is clicked on

2019-06-28 15:19:41 - [TEST_STEP][PASSED] - delay(2): Delayed 2 second(s)

2019-06-28 15:19:43 - [MESSAGE][PASSED] - Delayed 2 second(s)

2019-06-28 15:19:43 - [TEST_STEP][PASSED] - c = getText(findTestObject("OCS-MOBILE /Cart flyout/Unit price - Product")): Text of object 'Object Repository/OCS-MOBILE /Cart flyout/Unit price - Product' is: '$61.50'

2019-06-28 15:19:43 - [MESSAGE][PASSED] - Text of object 'Object Repository/OCS-MOBILE /Cart flyout/Unit price - Product' is: '$61.50'

2019-06-28 15:19:43 - [TEST_STEP][PASSED] - comment(c): $61.50

2019-06-28 15:19:43 - [MESSAGE][INFO] - $61.50

2019-06-28 15:19:43 - [TEST_STEP][PASSED] - d = c.substring(1): null

2019-06-28 15:19:43 - [TEST_STEP][PASSED] - comment(d): 61.50

2019-06-28 15:19:43 - [MESSAGE][INFO] - 61.50

2019-06-28 15:19:43 - [TEST_STEP][PASSED] - verifyNotEqual("b", "d"): Actual object 'b' and expected object 'd' are not equal

2019-06-28 15:19:43 - [MESSAGE][PASSED] - Actual object 'b' and expected object 'd' are not equal

2019-06-28 15:19:43 - [TEST_STEP][PASSED] - comment(" price changed . Quantity selector is working"):  price changed . Quantity selector is working

2019-06-28 15:19:43 - [MESSAGE][INFO] -  price changed . Quantity selector is working]]></system-out>
         <system-err><![CDATA[]]></system-err>
      </testcase>
      <testcase name="Test Cases/OCS - MOBILE/OCS- CRITICAL PATH/Cart flyout- decrease qty" classname="Test Cases/OCS - MOBILE/OCS- CRITICAL PATH/Cart flyout- decrease qty" status="PASSED">
         <system-out><![CDATA[2019-06-28 15:19:43 - [TEST_CASE][PASSED] - Test Cases/OCS - MOBILE/OCS- CRITICAL PATH/Cart flyout- decrease qty: Test Cases/OCS - MOBILE/OCS- CRITICAL PATH/Cart flyout- decrease qty

2019-06-28 15:19:43 - [TEST_STEP][PASSED] - callTestCase(findTestCase("OCS - MOBILE/CALL - AGE GATE"), [:], STOP_ON_FAILURE): Call Test Case 'Test Cases/OCS - MOBILE/CALL - AGE GATE' successfully

2019-06-28 15:19:43 - [TEST_CASE][PASSED] - Test Cases/OCS - MOBILE/CALL - AGE GATE: Test Cases/OCS - MOBILE/CALL - AGE GATE

2019-06-28 15:19:43 - [TEST_STEP][PASSED] - openBrowser(""): Browser is opened with url: ''

2019-06-28 15:19:43 - [MESSAGE][WARNING] - A browser is already opened. Closing browser and opening a new one

2019-06-28 15:19:43 - [MESSAGE][INFO] - Starting 'Chrome' driver

2019-06-28 15:19:45 - [MESSAGE][PASSED] - Browser is opened with url: ''

2019-06-28 15:19:45 - [TEST_STEP][PASSED] - navigateToUrl("ocs.ca"): Navigate to 'http://ocs.ca' successfully

2019-06-28 15:19:49 - [MESSAGE][PASSED] - Navigate to 'http://ocs.ca' successfully

2019-06-28 15:19:49 - [TEST_STEP][NOT_RUN] - executeJavaScript("var previewBar = document.getElementById("preview-bar-iframe"); previewBar.style.display = "none";", []): NOT_RUN: executeJavaScript("var previewBar = document.getElementById("preview-bar-iframe"); previewBar.style.display = "none";", [])

2019-06-28 15:19:49 - [MESSAGE][NOT_RUN] - NOT_RUN: executeJavaScript("var previewBar = document.getElementById("preview-bar-iframe"); previewBar.style.display = "none";", [])

2019-06-28 15:19:49 - [TEST_STEP][PASSED] - setViewPortSize(360, 800): Viewport is set to new size with width = 360 and height = 800

2019-06-28 15:19:49 - [MESSAGE][PASSED] - Viewport is set to new size with width = 360 and height = 800

2019-06-28 15:19:49 - [TEST_STEP][PASSED] - delay(4): Delayed 4 second(s)

2019-06-28 15:19:53 - [MESSAGE][PASSED] - Delayed 4 second(s)

2019-06-28 15:19:53 - [TEST_STEP][PASSED] - selectOptionByValue(findTestObject("OCS-MOBILE /Age gate and burger menu/Date"), "12", true): All options with value '12' are selected in object 'Object Repository/OCS-MOBILE /Age gate and burger menu/Date'  using regular expression

2019-06-28 15:19:54 - [MESSAGE][PASSED] - All options with value '12' are selected in object 'Object Repository/OCS-MOBILE /Age gate and burger menu/Date'  using regular expression

2019-06-28 15:19:54 - [TEST_STEP][PASSED] - selectOptionByValue(findTestObject("OCS-MOBILE /Age gate and burger menu/month"), "6", true): All options with value '6' are selected in object 'Object Repository/OCS-MOBILE /Age gate and burger menu/month'  using regular expression

2019-06-28 15:19:54 - [MESSAGE][PASSED] - All options with value '6' are selected in object 'Object Repository/OCS-MOBILE /Age gate and burger menu/month'  using regular expression

2019-06-28 15:19:54 - [TEST_STEP][PASSED] - delay(2): Delayed 2 second(s)

2019-06-28 15:19:56 - [MESSAGE][PASSED] - Delayed 2 second(s)

2019-06-28 15:19:56 - [TEST_STEP][PASSED] - selectOptionByValue(findTestObject("OCS-MOBILE /Age gate and burger menu/Year Dropdown"), "1990", true): All options with value '1990' are selected in object 'Object Repository/OCS-MOBILE /Age gate and burger menu/Year Dropdown'  using regular expression

2019-06-28 15:19:57 - [MESSAGE][PASSED] - All options with value '1990' are selected in object 'Object Repository/OCS-MOBILE /Age gate and burger menu/Year Dropdown'  using regular expression

2019-06-28 15:19:57 - [TEST_STEP][PASSED] - click(findTestObject("OCS-MOBILE /Age gate and Mega menu/button_Verify")): Object: 'Object Repository/OCS-MOBILE /Age gate and Mega menu/button_Verify' is clicked on

2019-06-28 15:19:57 - [MESSAGE][PASSED] - Object: 'Object Repository/OCS-MOBILE /Age gate and Mega menu/button_Verify' is clicked on

2019-06-28 15:19:57 - [TEST_STEP][PASSED] - click(findTestObject("OCS-MOBILE /Age gate and Mega menu/Checkbox_CONFIRM AND ACKNOWLEDGE")): Object: 'Object Repository/OCS-MOBILE /Age gate and Mega menu/Checkbox_CONFIRM AND ACKNOWLEDGE' is clicked on

2019-06-28 15:19:57 - [MESSAGE][PASSED] - Object: 'Object Repository/OCS-MOBILE /Age gate and Mega menu/Checkbox_CONFIRM AND ACKNOWLEDGE' is clicked on

2019-06-28 15:19:57 - [TEST_STEP][PASSED] - click(findTestObject("OCS-MOBILE /Age gate and Mega menu/button_CONFIRM")): Object: 'Object Repository/OCS-MOBILE /Age gate and Mega menu/button_CONFIRM' is clicked on

2019-06-28 15:19:57 - [MESSAGE][PASSED] - Object: 'Object Repository/OCS-MOBILE /Age gate and Mega menu/button_CONFIRM' is clicked on

2019-06-28 15:19:57 - [TEST_STEP][PASSED] - click(findTestObject("OCS-MOBILE /Age gate and Mega menu/button_Start Browsing")): Object: 'Object Repository/OCS-MOBILE /Age gate and Mega menu/button_Start Browsing' is clicked on

2019-06-28 15:19:57 - [MESSAGE][PASSED] - Object: 'Object Repository/OCS-MOBILE /Age gate and Mega menu/button_Start Browsing' is clicked on

2019-06-28 15:19:57 - [TEST_STEP][PASSED] - refresh(): Refresh successfully

2019-06-28 15:19:57 - [MESSAGE][PASSED] - Refresh successfully

2019-06-28 15:19:57 - [TEST_STEP][NOT_RUN] - executeJavaScript("var previewBar = document.getElementById("preview-bar-iframe"); previewBar.style.display = "none";", []): NOT_RUN: executeJavaScript("var previewBar = document.getElementById("preview-bar-iframe"); previewBar.style.display = "none";", [])

2019-06-28 15:19:57 - [MESSAGE][NOT_RUN] - NOT_RUN: executeJavaScript("var previewBar = document.getElementById("preview-bar-iframe"); previewBar.style.display = "none";", [])

2019-06-28 15:19:57 - [MESSAGE][PASSED] - Call Test Case 'Test Cases/OCS - MOBILE/CALL - AGE GATE' successfully

2019-06-28 15:19:57 - [TEST_STEP][PASSED] - delay(2): Delayed 2 second(s)

2019-06-28 15:19:59 - [MESSAGE][PASSED] - Delayed 2 second(s)

2019-06-28 15:19:59 - [TEST_STEP][PASSED] - click(findTestObject("OCS-MOBILE /Age gate and burger menu/Burger menu - English")): Object: 'Object Repository/OCS-MOBILE /Age gate and burger menu/Burger menu - English' is clicked on

2019-06-28 15:19:59 - [MESSAGE][PASSED] - Object: 'Object Repository/OCS-MOBILE /Age gate and burger menu/Burger menu - English' is clicked on

2019-06-28 15:19:59 - [TEST_STEP][PASSED] - delay(2): Delayed 2 second(s)

2019-06-28 15:20:01 - [MESSAGE][PASSED] - Delayed 2 second(s)

2019-06-28 15:20:01 - [TEST_STEP][PASSED] - click(findTestObject("OCS-MOBILE /Age gate and burger menu/Chevron_Cannabis")): Object: 'Object Repository/OCS-MOBILE /Age gate and burger menu/Chevron_Cannabis' is clicked on

2019-06-28 15:20:01 - [MESSAGE][PASSED] - Object: 'Object Repository/OCS-MOBILE /Age gate and burger menu/Chevron_Cannabis' is clicked on

2019-06-28 15:20:01 - [TEST_STEP][PASSED] - delay(2): Delayed 2 second(s)

2019-06-28 15:20:03 - [MESSAGE][PASSED] - Delayed 2 second(s)

2019-06-28 15:20:03 - [TEST_STEP][PASSED] - click(findTestObject("OCS-MOBILE /Age gate and burger menu/Dried Flower_Plus icon")): Object: 'Object Repository/OCS-MOBILE /Age gate and burger menu/Dried Flower_Plus icon' is clicked on

2019-06-28 15:20:04 - [MESSAGE][PASSED] - Object: 'Object Repository/OCS-MOBILE /Age gate and burger menu/Dried Flower_Plus icon' is clicked on

2019-06-28 15:20:04 - [TEST_STEP][PASSED] - delay(2): Delayed 2 second(s)

2019-06-28 15:20:06 - [MESSAGE][PASSED] - Delayed 2 second(s)

2019-06-28 15:20:06 - [TEST_STEP][PASSED] - click(findTestObject("OCS-MOBILE /Age gate and burger menu/Indica Dominant_Menu item")): Object: 'Object Repository/OCS-MOBILE /Age gate and burger menu/Indica Dominant_Menu item' is clicked on

2019-06-28 15:20:06 - [MESSAGE][PASSED] - Object: 'Object Repository/OCS-MOBILE /Age gate and burger menu/Indica Dominant_Menu item' is clicked on

2019-06-28 15:20:06 - [TEST_STEP][NOT_RUN] - executeJavaScript("var previewBar = document.getElementById("preview-bar-iframe"); previewBar.style.display = "none";", []): NOT_RUN: executeJavaScript("var previewBar = document.getElementById("preview-bar-iframe"); previewBar.style.display = "none";", [])

2019-06-28 15:20:06 - [MESSAGE][NOT_RUN] - NOT_RUN: executeJavaScript("var previewBar = document.getElementById("preview-bar-iframe"); previewBar.style.display = "none";", [])

2019-06-28 15:20:06 - [TEST_STEP][PASSED] - delay(2): Delayed 2 second(s)

2019-06-28 15:20:08 - [MESSAGE][PASSED] - Delayed 2 second(s)

2019-06-28 15:20:08 - [TEST_STEP][PASSED] - click(findTestObject("OCS-MOBILE /Collection page/Product image - 1st one")): Object: 'Object Repository/OCS-MOBILE /Collection page/Product image - 1st one' is clicked on

2019-06-28 15:20:11 - [MESSAGE][PASSED] - Object: 'Object Repository/OCS-MOBILE /Collection page/Product image - 1st one' is clicked on

2019-06-28 15:20:11 - [TEST_STEP][NOT_RUN] - executeJavaScript("var previewBar = document.getElementById("preview-bar-iframe"); previewBar.style.display = "none";", []): NOT_RUN: executeJavaScript("var previewBar = document.getElementById("preview-bar-iframe"); previewBar.style.display = "none";", [])

2019-06-28 15:20:11 - [MESSAGE][NOT_RUN] - NOT_RUN: executeJavaScript("var previewBar = document.getElementById("preview-bar-iframe"); previewBar.style.display = "none";", [])

2019-06-28 15:20:11 - [TEST_STEP][NOT_RUN] - scrollToElement(findTestObject("OCS-MOBILE /Product page/Product image"), 1): NOT_RUN: scrollToElement(findTestObject("OCS-MOBILE /Product page/Product image"), 1)

2019-06-28 15:20:11 - [MESSAGE][NOT_RUN] - NOT_RUN: scrollToElement(findTestObject("OCS-MOBILE /Product page/Product image"), 1)

2019-06-28 15:20:11 - [TEST_STEP][PASSED] - delay(2): Delayed 2 second(s)

2019-06-28 15:20:13 - [MESSAGE][PASSED] - Delayed 2 second(s)

2019-06-28 15:20:13 - [TEST_STEP][PASSED] - flag = verifyElementClickable(findTestObject("OCS-MOBILE /Product page/Swatch_3.5g")): Object 'Object Repository/OCS-MOBILE /Product page/Swatch_3.5g' is clickable

2019-06-28 15:20:13 - [MESSAGE][PASSED] - Object 'Object Repository/OCS-MOBILE /Product page/Swatch_3.5g' is clickable

2019-06-28 15:20:13 - [TEST_STEP][PASSED] - takeScreenshot(): Taking screenshot successfully

2019-06-28 15:20:13 - [MESSAGE][PASSED] - Taking screenshot successfully
[[ATTACHMENT|/Users/sumankompelly/Relative xpath-Mobile/Reports/Live site/20190628_151842/1561749613660.png]]

2019-06-28 15:20:13 - [TEST_STEP][PASSED] - comment(" flag =" + flag):  flag =true

2019-06-28 15:20:13 - [MESSAGE][INFO] -  flag =true

2019-06-28 15:20:13 - [TEST_STEP][PASSED] - if (flag == true):  price changed . Quantity selector is working

2019-06-28 15:20:13 - [TEST_STEP][NOT_RUN] - scrollToElement(findTestObject("OCS-MOBILE /Product page/Swatch_3.5g"), 1): NOT_RUN: scrollToElement(findTestObject("OCS-MOBILE /Product page/Swatch_3.5g"), 1)

2019-06-28 15:20:13 - [MESSAGE][NOT_RUN] - NOT_RUN: scrollToElement(findTestObject("OCS-MOBILE /Product page/Swatch_3.5g"), 1)

2019-06-28 15:20:13 - [TEST_STEP][PASSED] - delay(2): Delayed 2 second(s)

2019-06-28 15:20:15 - [MESSAGE][PASSED] - Delayed 2 second(s)

2019-06-28 15:20:15 - [TEST_STEP][PASSED] - click(findTestObject("OCS-MOBILE /Product page/Swatch_1g"), CONTINUE_ON_FAILURE): Object: 'Object Repository/OCS-MOBILE /Product page/Swatch_1g' is clicked on

2019-06-28 15:20:16 - [MESSAGE][PASSED] - Object: 'Object Repository/OCS-MOBILE /Product page/Swatch_1g' is clicked on

2019-06-28 15:20:16 - [TEST_STEP][PASSED] - delay(2): Delayed 2 second(s)

2019-06-28 15:20:18 - [MESSAGE][PASSED] - Delayed 2 second(s)

2019-06-28 15:20:18 - [TEST_STEP][PASSED] - click(findTestObject("OCS-MOBILE /Product page/Quantity Increase - Button")): Object: 'Object Repository/OCS-MOBILE /Product page/Quantity Increase - Button' is clicked on

2019-06-28 15:20:18 - [MESSAGE][PASSED] - Object: 'Object Repository/OCS-MOBILE /Product page/Quantity Increase - Button' is clicked on

2019-06-28 15:20:18 - [TEST_STEP][PASSED] - click(findTestObject("OCS-MOBILE /Product page/Quantity Increase - Button")): Object: 'Object Repository/OCS-MOBILE /Product page/Quantity Increase - Button' is clicked on

2019-06-28 15:20:18 - [MESSAGE][PASSED] - Object: 'Object Repository/OCS-MOBILE /Product page/Quantity Increase - Button' is clicked on

2019-06-28 15:20:18 - [TEST_STEP][PASSED] - click(findTestObject("OCS-MOBILE /Product page/Quantity Increase - Button")): Object: 'Object Repository/OCS-MOBILE /Product page/Quantity Increase - Button' is clicked on

2019-06-28 15:20:18 - [MESSAGE][PASSED] - Object: 'Object Repository/OCS-MOBILE /Product page/Quantity Increase - Button' is clicked on

2019-06-28 15:20:18 - [TEST_STEP][PASSED] - click(findTestObject("OCS-MOBILE /Product page/Quantity Increase - Button")): Object: 'Object Repository/OCS-MOBILE /Product page/Quantity Increase - Button' is clicked on

2019-06-28 15:20:18 - [MESSAGE][PASSED] - Object: 'Object Repository/OCS-MOBILE /Product page/Quantity Increase - Button' is clicked on

2019-06-28 15:20:18 - [TEST_STEP][PASSED] - click(findTestObject("OCS-MOBILE /Product page/Quantity Increase - Button")): Object: 'Object Repository/OCS-MOBILE /Product page/Quantity Increase - Button' is clicked on

2019-06-28 15:20:18 - [MESSAGE][PASSED] - Object: 'Object Repository/OCS-MOBILE /Product page/Quantity Increase - Button' is clicked on

2019-06-28 15:20:18 - [TEST_STEP][PASSED] - delay(2): Delayed 2 second(s)

2019-06-28 15:20:20 - [MESSAGE][PASSED] - Delayed 2 second(s)

2019-06-28 15:20:20 - [TEST_STEP][PASSED] - click(findTestObject("OCS-MOBILE /Product page/Add to Bag-button")): Object: 'Object Repository/OCS-MOBILE /Product page/Add to Bag-button' is clicked on

2019-06-28 15:20:20 - [MESSAGE][PASSED] - Object: 'Object Repository/OCS-MOBILE /Product page/Add to Bag-button' is clicked on

2019-06-28 15:20:20 - [TEST_STEP][PASSED] - delay(1): Delayed 1 second(s)

2019-06-28 15:20:21 - [MESSAGE][PASSED] - Delayed 1 second(s)

2019-06-28 15:20:21 - [TEST_STEP][NOT_RUN] - click(findTestObject("OCS-MOBILE /Home - page/Cart icon -bag")): NOT_RUN: click(findTestObject("OCS-MOBILE /Home - page/Cart icon -bag"))

2019-06-28 15:20:21 - [MESSAGE][NOT_RUN] - NOT_RUN: click(findTestObject("OCS-MOBILE /Home - page/Cart icon -bag"))

2019-06-28 15:20:21 - [TEST_STEP][PASSED] - delay(2): Delayed 2 second(s)

2019-06-28 15:20:23 - [MESSAGE][PASSED] - Delayed 2 second(s)

2019-06-28 15:20:23 - [TEST_STEP][PASSED] - click(findTestObject("OCS-MOBILE /Cart flyout/Quantity decrease - Product")): Object: 'Object Repository/OCS-MOBILE /Cart flyout/Quantity decrease - Product' is clicked on

2019-06-28 15:20:23 - [MESSAGE][PASSED] - Object: 'Object Repository/OCS-MOBILE /Cart flyout/Quantity decrease - Product' is clicked on

2019-06-28 15:20:23 - [TEST_STEP][PASSED] - delay(2): Delayed 2 second(s)

2019-06-28 15:20:25 - [MESSAGE][PASSED] - Delayed 2 second(s)

2019-06-28 15:20:25 - [TEST_STEP][PASSED] - a = getText(findTestObject("OCS-MOBILE /Cart flyout/Unit price - Product")): Text of object 'Object Repository/OCS-MOBILE /Cart flyout/Unit price - Product' is: '$51.25'

2019-06-28 15:20:25 - [MESSAGE][PASSED] - Text of object 'Object Repository/OCS-MOBILE /Cart flyout/Unit price - Product' is: '$51.25'

2019-06-28 15:20:25 - [TEST_STEP][PASSED] - comment(a): $51.25

2019-06-28 15:20:25 - [MESSAGE][INFO] - $51.25

2019-06-28 15:20:25 - [TEST_STEP][PASSED] - b = a.substring(1): null

2019-06-28 15:20:25 - [TEST_STEP][PASSED] - comment(b): 51.25

2019-06-28 15:20:25 - [MESSAGE][INFO] - 51.25

2019-06-28 15:20:25 - [TEST_STEP][PASSED] - setText(findTestObject("OCS-MOBILE /Cart flyout/input_-_updates"), "5"): Text '5' is set on object 'Object Repository/OCS-MOBILE /Cart flyout/input_-_updates'

2019-06-28 15:20:25 - [MESSAGE][PASSED] - Text '5' is set on object 'Object Repository/OCS-MOBILE /Cart flyout/input_-_updates'

2019-06-28 15:20:25 - [TEST_STEP][PASSED] - delay(2): Delayed 2 second(s)

2019-06-28 15:20:27 - [MESSAGE][PASSED] - Delayed 2 second(s)

2019-06-28 15:20:27 - [TEST_STEP][PASSED] - setText(findTestObject("OCS-MOBILE /Cart flyout/input_-_updates"), "4"): Text '4' is set on object 'Object Repository/OCS-MOBILE /Cart flyout/input_-_updates'

2019-06-28 15:20:27 - [MESSAGE][PASSED] - Text '4' is set on object 'Object Repository/OCS-MOBILE /Cart flyout/input_-_updates'

2019-06-28 15:20:27 - [TEST_STEP][PASSED] - delay(2): Delayed 2 second(s)

2019-06-28 15:20:29 - [MESSAGE][PASSED] - Delayed 2 second(s)

2019-06-28 15:20:29 - [TEST_STEP][PASSED] - click(findTestObject("OCS-MOBILE /Cart flyout/i_-_icon--subtract")): Object: 'Object Repository/OCS-MOBILE /Cart flyout/i_-_icon--subtract' is clicked on

2019-06-28 15:20:29 - [MESSAGE][PASSED] - Object: 'Object Repository/OCS-MOBILE /Cart flyout/i_-_icon--subtract' is clicked on

2019-06-28 15:20:29 - [TEST_STEP][PASSED] - delay(2): Delayed 2 second(s)

2019-06-28 15:20:31 - [MESSAGE][PASSED] - Delayed 2 second(s)

2019-06-28 15:20:31 - [TEST_STEP][PASSED] - click(findTestObject("OCS-MOBILE /Cart flyout/i_-_icon--subtract")): Object: 'Object Repository/OCS-MOBILE /Cart flyout/i_-_icon--subtract' is clicked on

2019-06-28 15:20:31 - [MESSAGE][PASSED] - Object: 'Object Repository/OCS-MOBILE /Cart flyout/i_-_icon--subtract' is clicked on

2019-06-28 15:20:31 - [TEST_STEP][PASSED] - delay(2): Delayed 2 second(s)

2019-06-28 15:20:34 - [MESSAGE][PASSED] - Delayed 2 second(s)

2019-06-28 15:20:34 - [TEST_STEP][PASSED] - click(findTestObject("OCS-MOBILE /Cart flyout/i_-_icon--subtract")): Object: 'Object Repository/OCS-MOBILE /Cart flyout/i_-_icon--subtract' is clicked on

2019-06-28 15:20:34 - [MESSAGE][PASSED] - Object: 'Object Repository/OCS-MOBILE /Cart flyout/i_-_icon--subtract' is clicked on

2019-06-28 15:20:34 - [TEST_STEP][PASSED] - delay(5): Delayed 5 second(s)

2019-06-28 15:20:39 - [MESSAGE][PASSED] - Delayed 5 second(s)

2019-06-28 15:20:39 - [TEST_STEP][PASSED] - c = getText(findTestObject("OCS-MOBILE /Cart flyout/Unit price - Product")): Text of object 'Object Repository/OCS-MOBILE /Cart flyout/Unit price - Product' is: '$10.25'

2019-06-28 15:20:39 - [MESSAGE][PASSED] - Text of object 'Object Repository/OCS-MOBILE /Cart flyout/Unit price - Product' is: '$10.25'

2019-06-28 15:20:39 - [TEST_STEP][PASSED] - comment(c): $10.25

2019-06-28 15:20:39 - [MESSAGE][INFO] - $10.25

2019-06-28 15:20:39 - [TEST_STEP][PASSED] - d = c.substring(1): null

2019-06-28 15:20:39 - [TEST_STEP][PASSED] - comment(d): 10.25

2019-06-28 15:20:39 - [MESSAGE][INFO] - 10.25

2019-06-28 15:20:39 - [TEST_STEP][PASSED] - verifyNotEqual("c", "d"): Actual object 'c' and expected object 'd' are not equal

2019-06-28 15:20:39 - [MESSAGE][PASSED] - Actual object 'c' and expected object 'd' are not equal

2019-06-28 15:20:39 - [TEST_STEP][PASSED] - comment(" price changed . Quantity selector is working"):  price changed . Quantity selector is working

2019-06-28 15:20:39 - [MESSAGE][INFO] -  price changed . Quantity selector is working]]></system-out>
         <system-err><![CDATA[]]></system-err>
      </testcase>
      <testcase name="Test Cases/OCS - MOBILE/OCS- CRITICAL PATH/Checkout- Payment" classname="Test Cases/OCS - MOBILE/OCS- CRITICAL PATH/Checkout- Payment" status="PASSED">
         <system-out><![CDATA[2019-06-28 15:20:39 - [TEST_CASE][PASSED] - Test Cases/OCS - MOBILE/OCS- CRITICAL PATH/Checkout- Payment: Test Cases/OCS - MOBILE/OCS- CRITICAL PATH/Checkout- Payment

2019-06-28 15:20:39 - [TEST_STEP][PASSED] - callTestCase(findTestCase("OCS - MOBILE/CALL - AGE GATE"), [:], STOP_ON_FAILURE): Call Test Case 'Test Cases/OCS - MOBILE/CALL - AGE GATE' successfully

2019-06-28 15:20:39 - [TEST_CASE][PASSED] - Test Cases/OCS - MOBILE/CALL - AGE GATE: Test Cases/OCS - MOBILE/CALL - AGE GATE

2019-06-28 15:20:39 - [TEST_STEP][PASSED] - openBrowser(""): Browser is opened with url: ''

2019-06-28 15:20:39 - [MESSAGE][WARNING] - A browser is already opened. Closing browser and opening a new one

2019-06-28 15:20:39 - [MESSAGE][INFO] - Starting 'Chrome' driver

2019-06-28 15:20:40 - [MESSAGE][PASSED] - Browser is opened with url: ''

2019-06-28 15:20:40 - [TEST_STEP][PASSED] - navigateToUrl("ocs.ca"): Navigate to 'http://ocs.ca' successfully

2019-06-28 15:20:44 - [MESSAGE][PASSED] - Navigate to 'http://ocs.ca' successfully

2019-06-28 15:20:44 - [TEST_STEP][NOT_RUN] - executeJavaScript("var previewBar = document.getElementById("preview-bar-iframe"); previewBar.style.display = "none";", []): NOT_RUN: executeJavaScript("var previewBar = document.getElementById("preview-bar-iframe"); previewBar.style.display = "none";", [])

2019-06-28 15:20:44 - [MESSAGE][NOT_RUN] - NOT_RUN: executeJavaScript("var previewBar = document.getElementById("preview-bar-iframe"); previewBar.style.display = "none";", [])

2019-06-28 15:20:44 - [TEST_STEP][PASSED] - setViewPortSize(360, 800): Viewport is set to new size with width = 360 and height = 800

2019-06-28 15:20:44 - [MESSAGE][PASSED] - Viewport is set to new size with width = 360 and height = 800

2019-06-28 15:20:44 - [TEST_STEP][PASSED] - delay(4): Delayed 4 second(s)

2019-06-28 15:20:48 - [MESSAGE][PASSED] - Delayed 4 second(s)

2019-06-28 15:20:48 - [TEST_STEP][PASSED] - selectOptionByValue(findTestObject("OCS-MOBILE /Age gate and burger menu/Date"), "12", true): All options with value '12' are selected in object 'Object Repository/OCS-MOBILE /Age gate and burger menu/Date'  using regular expression

2019-06-28 15:20:49 - [MESSAGE][PASSED] - All options with value '12' are selected in object 'Object Repository/OCS-MOBILE /Age gate and burger menu/Date'  using regular expression

2019-06-28 15:20:49 - [TEST_STEP][PASSED] - selectOptionByValue(findTestObject("OCS-MOBILE /Age gate and burger menu/month"), "6", true): All options with value '6' are selected in object 'Object Repository/OCS-MOBILE /Age gate and burger menu/month'  using regular expression

2019-06-28 15:20:49 - [MESSAGE][PASSED] - All options with value '6' are selected in object 'Object Repository/OCS-MOBILE /Age gate and burger menu/month'  using regular expression

2019-06-28 15:20:49 - [TEST_STEP][PASSED] - delay(2): Delayed 2 second(s)

2019-06-28 15:20:51 - [MESSAGE][PASSED] - Delayed 2 second(s)

2019-06-28 15:20:51 - [TEST_STEP][PASSED] - selectOptionByValue(findTestObject("OCS-MOBILE /Age gate and burger menu/Year Dropdown"), "1990", true): All options with value '1990' are selected in object 'Object Repository/OCS-MOBILE /Age gate and burger menu/Year Dropdown'  using regular expression

2019-06-28 15:20:52 - [MESSAGE][PASSED] - All options with value '1990' are selected in object 'Object Repository/OCS-MOBILE /Age gate and burger menu/Year Dropdown'  using regular expression

2019-06-28 15:20:52 - [TEST_STEP][PASSED] - click(findTestObject("OCS-MOBILE /Age gate and Mega menu/button_Verify")): Object: 'Object Repository/OCS-MOBILE /Age gate and Mega menu/button_Verify' is clicked on

2019-06-28 15:20:52 - [MESSAGE][PASSED] - Object: 'Object Repository/OCS-MOBILE /Age gate and Mega menu/button_Verify' is clicked on

2019-06-28 15:20:52 - [TEST_STEP][PASSED] - click(findTestObject("OCS-MOBILE /Age gate and Mega menu/Checkbox_CONFIRM AND ACKNOWLEDGE")): Object: 'Object Repository/OCS-MOBILE /Age gate and Mega menu/Checkbox_CONFIRM AND ACKNOWLEDGE' is clicked on

2019-06-28 15:20:52 - [MESSAGE][PASSED] - Object: 'Object Repository/OCS-MOBILE /Age gate and Mega menu/Checkbox_CONFIRM AND ACKNOWLEDGE' is clicked on

2019-06-28 15:20:52 - [TEST_STEP][PASSED] - click(findTestObject("OCS-MOBILE /Age gate and Mega menu/button_CONFIRM")): Object: 'Object Repository/OCS-MOBILE /Age gate and Mega menu/button_CONFIRM' is clicked on

2019-06-28 15:20:52 - [MESSAGE][PASSED] - Object: 'Object Repository/OCS-MOBILE /Age gate and Mega menu/button_CONFIRM' is clicked on

2019-06-28 15:20:52 - [TEST_STEP][PASSED] - click(findTestObject("OCS-MOBILE /Age gate and Mega menu/button_Start Browsing")): Object: 'Object Repository/OCS-MOBILE /Age gate and Mega menu/button_Start Browsing' is clicked on

2019-06-28 15:20:53 - [MESSAGE][PASSED] - Object: 'Object Repository/OCS-MOBILE /Age gate and Mega menu/button_Start Browsing' is clicked on

2019-06-28 15:20:53 - [TEST_STEP][PASSED] - refresh(): Refresh successfully

2019-06-28 15:20:53 - [MESSAGE][PASSED] - Refresh successfully

2019-06-28 15:20:53 - [TEST_STEP][NOT_RUN] - executeJavaScript("var previewBar = document.getElementById("preview-bar-iframe"); previewBar.style.display = "none";", []): NOT_RUN: executeJavaScript("var previewBar = document.getElementById("preview-bar-iframe"); previewBar.style.display = "none";", [])

2019-06-28 15:20:53 - [MESSAGE][NOT_RUN] - NOT_RUN: executeJavaScript("var previewBar = document.getElementById("preview-bar-iframe"); previewBar.style.display = "none";", [])

2019-06-28 15:20:53 - [MESSAGE][PASSED] - Call Test Case 'Test Cases/OCS - MOBILE/CALL - AGE GATE' successfully

2019-06-28 15:20:53 - [TEST_STEP][PASSED] - delay(2): Delayed 2 second(s)

2019-06-28 15:20:55 - [MESSAGE][PASSED] - Delayed 2 second(s)

2019-06-28 15:20:55 - [TEST_STEP][PASSED] - refresh(): Refresh successfully

2019-06-28 15:20:55 - [MESSAGE][PASSED] - Refresh successfully

2019-06-28 15:20:55 - [TEST_STEP][PASSED] - click(findTestObject("OCS-MOBILE /Age gate and burger menu/Burger menu - English")): Object: 'Object Repository/OCS-MOBILE /Age gate and burger menu/Burger menu - English' is clicked on

2019-06-28 15:20:58 - [MESSAGE][PASSED] - Object: 'Object Repository/OCS-MOBILE /Age gate and burger menu/Burger menu - English' is clicked on

2019-06-28 15:20:58 - [TEST_STEP][PASSED] - delay(2): Delayed 2 second(s)

2019-06-28 15:21:00 - [MESSAGE][PASSED] - Delayed 2 second(s)

2019-06-28 15:21:00 - [TEST_STEP][PASSED] - click(findTestObject("OCS-MOBILE /Age gate and burger menu/Chevron_Cannabis")): Object: 'Object Repository/OCS-MOBILE /Age gate and burger menu/Chevron_Cannabis' is clicked on

2019-06-28 15:21:00 - [MESSAGE][PASSED] - Object: 'Object Repository/OCS-MOBILE /Age gate and burger menu/Chevron_Cannabis' is clicked on

2019-06-28 15:21:00 - [TEST_STEP][PASSED] - delay(2): Delayed 2 second(s)

2019-06-28 15:21:02 - [MESSAGE][PASSED] - Delayed 2 second(s)

2019-06-28 15:21:02 - [TEST_STEP][PASSED] - click(findTestObject("OCS-MOBILE /Age gate and burger menu/Dried Flower_Plus icon")): Object: 'Object Repository/OCS-MOBILE /Age gate and burger menu/Dried Flower_Plus icon' is clicked on

2019-06-28 15:21:02 - [MESSAGE][PASSED] - Object: 'Object Repository/OCS-MOBILE /Age gate and burger menu/Dried Flower_Plus icon' is clicked on

2019-06-28 15:21:02 - [TEST_STEP][PASSED] - delay(2): Delayed 2 second(s)

2019-06-28 15:21:04 - [MESSAGE][PASSED] - Delayed 2 second(s)

2019-06-28 15:21:04 - [TEST_STEP][PASSED] - click(findTestObject("OCS-MOBILE /Age gate and burger menu/Indica Dominant_Menu item")): Object: 'Object Repository/OCS-MOBILE /Age gate and burger menu/Indica Dominant_Menu item' is clicked on

2019-06-28 15:21:06 - [MESSAGE][PASSED] - Object: 'Object Repository/OCS-MOBILE /Age gate and burger menu/Indica Dominant_Menu item' is clicked on

2019-06-28 15:21:06 - [TEST_STEP][NOT_RUN] - executeJavaScript("var previewBar = document.getElementById("preview-bar-iframe"); previewBar.style.display = "none";", []): NOT_RUN: executeJavaScript("var previewBar = document.getElementById("preview-bar-iframe"); previewBar.style.display = "none";", [])

2019-06-28 15:21:06 - [MESSAGE][NOT_RUN] - NOT_RUN: executeJavaScript("var previewBar = document.getElementById("preview-bar-iframe"); previewBar.style.display = "none";", [])

2019-06-28 15:21:06 - [TEST_STEP][PASSED] - delay(2): Delayed 2 second(s)

2019-06-28 15:21:08 - [MESSAGE][PASSED] - Delayed 2 second(s)

2019-06-28 15:21:08 - [TEST_STEP][PASSED] - click(findTestObject("OCS-MOBILE /Collection page/Product image - 1st one")): Object: 'Object Repository/OCS-MOBILE /Collection page/Product image - 1st one' is clicked on

2019-06-28 15:21:10 - [MESSAGE][PASSED] - Object: 'Object Repository/OCS-MOBILE /Collection page/Product image - 1st one' is clicked on

2019-06-28 15:21:10 - [TEST_STEP][NOT_RUN] - executeJavaScript("var previewBar = document.getElementById("preview-bar-iframe"); previewBar.style.display = "none";", []): NOT_RUN: executeJavaScript("var previewBar = document.getElementById("preview-bar-iframe"); previewBar.style.display = "none";", [])

2019-06-28 15:21:10 - [MESSAGE][NOT_RUN] - NOT_RUN: executeJavaScript("var previewBar = document.getElementById("preview-bar-iframe"); previewBar.style.display = "none";", [])

2019-06-28 15:21:10 - [TEST_STEP][PASSED] - delay(1): Delayed 1 second(s)

2019-06-28 15:21:11 - [MESSAGE][PASSED] - Delayed 1 second(s)

2019-06-28 15:21:11 - [TEST_STEP][PASSED] - delay(3): Delayed 3 second(s)

2019-06-28 15:21:14 - [MESSAGE][PASSED] - Delayed 3 second(s)

2019-06-28 15:21:14 - [TEST_STEP][PASSED] - navigateToUrl("https://ocs.ca/products/dream-weaver"): Navigate to 'https://ocs.ca/products/dream-weaver' successfully

2019-06-28 15:21:17 - [MESSAGE][PASSED] - Navigate to 'https://ocs.ca/products/dream-weaver' successfully

2019-06-28 15:21:17 - [TEST_STEP][NOT_RUN] - executeJavaScript("var previewBar = document.getElementById("preview-bar-iframe"); previewBar.style.display = "none";", []): NOT_RUN: executeJavaScript("var previewBar = document.getElementById("preview-bar-iframe"); previewBar.style.display = "none";", [])

2019-06-28 15:21:17 - [MESSAGE][NOT_RUN] - NOT_RUN: executeJavaScript("var previewBar = document.getElementById("preview-bar-iframe"); previewBar.style.display = "none";", [])

2019-06-28 15:21:17 - [TEST_STEP][NOT_RUN] - scrollToElement(findTestObject("OCS-MOBILE /Product page/Product image"), 1): NOT_RUN: scrollToElement(findTestObject("OCS-MOBILE /Product page/Product image"), 1)

2019-06-28 15:21:17 - [MESSAGE][NOT_RUN] - NOT_RUN: scrollToElement(findTestObject("OCS-MOBILE /Product page/Product image"), 1)

2019-06-28 15:21:17 - [TEST_STEP][PASSED] - delay(2): Delayed 2 second(s)

2019-06-28 15:21:19 - [MESSAGE][PASSED] - Delayed 2 second(s)

2019-06-28 15:21:19 - [TEST_STEP][PASSED] - click(findTestObject("OCS-MOBILE /Product page/Swatch_3.5g")): Object: 'Object Repository/OCS-MOBILE /Product page/Swatch_3.5g' is clicked on

2019-06-28 15:21:19 - [MESSAGE][PASSED] - Object: 'Object Repository/OCS-MOBILE /Product page/Swatch_3.5g' is clicked on

2019-06-28 15:21:19 - [TEST_STEP][PASSED] - click(findTestObject("OCS-MOBILE /Product page/Add to Bag-button")): Object: 'Object Repository/OCS-MOBILE /Product page/Add to Bag-button' is clicked on

2019-06-28 15:21:19 - [MESSAGE][PASSED] - Object: 'Object Repository/OCS-MOBILE /Product page/Add to Bag-button' is clicked on

2019-06-28 15:21:19 - [TEST_STEP][PASSED] - delay(2): Delayed 2 second(s)

2019-06-28 15:21:21 - [MESSAGE][PASSED] - Delayed 2 second(s)

2019-06-28 15:21:21 - [TEST_STEP][NOT_RUN] - click(findTestObject("OCS-MOBILE /Home - page/Cart icon -bag")): NOT_RUN: click(findTestObject("OCS-MOBILE /Home - page/Cart icon -bag"))

2019-06-28 15:21:21 - [MESSAGE][NOT_RUN] - NOT_RUN: click(findTestObject("OCS-MOBILE /Home - page/Cart icon -bag"))

2019-06-28 15:21:21 - [TEST_STEP][PASSED] - delay(1): Delayed 1 second(s)

2019-06-28 15:21:22 - [MESSAGE][PASSED] - Delayed 1 second(s)

2019-06-28 15:21:22 - [TEST_STEP][PASSED] - click(findTestObject("OCS-MOBILE /Cart flyout/Checkbox_I confirm that")): Object: 'Object Repository/OCS-MOBILE /Cart flyout/Checkbox_I confirm that' is clicked on

2019-06-28 15:21:22 - [MESSAGE][PASSED] - Object: 'Object Repository/OCS-MOBILE /Cart flyout/Checkbox_I confirm that' is clicked on

2019-06-28 15:21:22 - [TEST_STEP][PASSED] - delay(2): Delayed 2 second(s)

2019-06-28 15:21:24 - [MESSAGE][PASSED] - Delayed 2 second(s)

2019-06-28 15:21:24 - [TEST_STEP][PASSED] - click(findTestObject("OCS-MOBILE /Cart flyout/Checkbox_Accept the Terms Condition")): Object: 'Object Repository/OCS-MOBILE /Cart flyout/Checkbox_Accept the Terms Condition' is clicked on

2019-06-28 15:21:24 - [MESSAGE][PASSED] - Object: 'Object Repository/OCS-MOBILE /Cart flyout/Checkbox_Accept the Terms Condition' is clicked on

2019-06-28 15:21:24 - [TEST_STEP][PASSED] - delay(1): Delayed 1 second(s)

2019-06-28 15:21:25 - [MESSAGE][PASSED] - Delayed 1 second(s)

2019-06-28 15:21:25 - [TEST_STEP][PASSED] - click(findTestObject("OCS-MOBILE /Cart flyout/Checkout - Button")): Object: 'Object Repository/OCS-MOBILE /Cart flyout/Checkout - Button' is clicked on

2019-06-28 15:21:27 - [MESSAGE][PASSED] - Object: 'Object Repository/OCS-MOBILE /Cart flyout/Checkout - Button' is clicked on

2019-06-28 15:21:27 - [TEST_STEP][NOT_RUN] - executeJavaScript("var previewBar = document.getElementById("preview-bar-iframe"); previewBar.style.display = "none";", []): NOT_RUN: executeJavaScript("var previewBar = document.getElementById("preview-bar-iframe"); previewBar.style.display = "none";", [])

2019-06-28 15:21:27 - [MESSAGE][NOT_RUN] - NOT_RUN: executeJavaScript("var previewBar = document.getElementById("preview-bar-iframe"); previewBar.style.display = "none";", [])

2019-06-28 15:21:27 - [TEST_STEP][PASSED] - delay(1): Delayed 1 second(s)

2019-06-28 15:21:28 - [MESSAGE][PASSED] - Delayed 1 second(s)

2019-06-28 15:21:28 - [TEST_STEP][PASSED] - delay(2): Delayed 2 second(s)

2019-06-28 15:21:30 - [MESSAGE][PASSED] - Delayed 2 second(s)

2019-06-28 15:21:30 - [TEST_STEP][PASSED] - scrollToElement(findTestObject("OCS-MOBILE /Customer info page/input_Email"), 0): Scroll to object 'Object Repository/OCS-MOBILE /Customer info page/input_Email' successfully

2019-06-28 15:21:30 - [MESSAGE][WARNING] - Timeout '0' is invalid. Using default page load timeout: '30'

2019-06-28 15:21:30 - [MESSAGE][PASSED] - Scroll to object 'Object Repository/OCS-MOBILE /Customer info page/input_Email' successfully

2019-06-28 15:21:30 - [TEST_STEP][PASSED] - setText(findTestObject("OCS-MOBILE /Customer info page/input_Email"), "suman.kompelly@diffagency.com"): Text 'suman.kompelly@diffagency.com' is set on object 'Object Repository/OCS-MOBILE /Customer info page/input_Email'

2019-06-28 15:21:30 - [MESSAGE][PASSED] - Text 'suman.kompelly@diffagency.com' is set on object 'Object Repository/OCS-MOBILE /Customer info page/input_Email'

2019-06-28 15:21:30 - [TEST_STEP][PASSED] - setText(findTestObject("OCS-MOBILE /Customer info page/input_First name"), "suman"): Text 'suman' is set on object 'Object Repository/OCS-MOBILE /Customer info page/input_First name'

2019-06-28 15:21:30 - [MESSAGE][PASSED] - Text 'suman' is set on object 'Object Repository/OCS-MOBILE /Customer info page/input_First name'

2019-06-28 15:21:30 - [TEST_STEP][PASSED] - setText(findTestObject("OCS-MOBILE /Customer info page/input_Last name"), "kompelly"): Text 'kompelly' is set on object 'Object Repository/OCS-MOBILE /Customer info page/input_Last name'

2019-06-28 15:21:31 - [MESSAGE][PASSED] - Text 'kompelly' is set on object 'Object Repository/OCS-MOBILE /Customer info page/input_Last name'

2019-06-28 15:21:31 - [TEST_STEP][PASSED] - setText(findTestObject("OCS-MOBILE /Customer info page/input_Address"), "300 saint alxendre"): Text '300 saint alxendre' is set on object 'Object Repository/OCS-MOBILE /Customer info page/input_Address'

2019-06-28 15:21:31 - [MESSAGE][PASSED] - Text '300 saint alxendre' is set on object 'Object Repository/OCS-MOBILE /Customer info page/input_Address'

2019-06-28 15:21:31 - [TEST_STEP][PASSED] - setText(findTestObject("OCS-MOBILE /Customer info page/input_Apartment suite etc. (op"), "199"): Text '199' is set on object 'Object Repository/OCS-MOBILE /Customer info page/input_Apartment suite etc. (op'

2019-06-28 15:21:31 - [MESSAGE][PASSED] - Text '199' is set on object 'Object Repository/OCS-MOBILE /Customer info page/input_Apartment suite etc. (op'

2019-06-28 15:21:31 - [TEST_STEP][PASSED] - setText(findTestObject("OCS-MOBILE /Customer info page/input_City"), "montreal"): Text 'montreal' is set on object 'Object Repository/OCS-MOBILE /Customer info page/input_City'

2019-06-28 15:21:31 - [MESSAGE][PASSED] - Text 'montreal' is set on object 'Object Repository/OCS-MOBILE /Customer info page/input_City'

2019-06-28 15:21:31 - [TEST_STEP][PASSED] - setText(findTestObject("OCS-MOBILE /Customer info page/input_Postal code"), "n0R1K0"): Text 'n0R1K0' is set on object 'Object Repository/OCS-MOBILE /Customer info page/input_Postal code'

2019-06-28 15:21:31 - [MESSAGE][PASSED] - Text 'n0R1K0' is set on object 'Object Repository/OCS-MOBILE /Customer info page/input_Postal code'

2019-06-28 15:21:31 - [TEST_STEP][PASSED] - setText(findTestObject("OCS-MOBILE /Customer info page/input_Phone"), "(514) 449-3882"): Text '(514) 449-3882' is set on object 'Object Repository/OCS-MOBILE /Customer info page/input_Phone'

2019-06-28 15:21:31 - [MESSAGE][PASSED] - Text '(514) 449-3882' is set on object 'Object Repository/OCS-MOBILE /Customer info page/input_Phone'

2019-06-28 15:21:31 - [TEST_STEP][PASSED] - delay(1): Delayed 1 second(s)

2019-06-28 15:21:32 - [MESSAGE][PASSED] - Delayed 1 second(s)

2019-06-28 15:21:32 - [TEST_STEP][NOT_RUN] - executeJavaScript("var previewBar = document.getElementById("preview-bar-iframe"); previewBar.style.display = "none";", []): NOT_RUN: executeJavaScript("var previewBar = document.getElementById("preview-bar-iframe"); previewBar.style.display = "none";", [])

2019-06-28 15:21:32 - [MESSAGE][NOT_RUN] - NOT_RUN: executeJavaScript("var previewBar = document.getElementById("preview-bar-iframe"); previewBar.style.display = "none";", [])

2019-06-28 15:21:32 - [TEST_STEP][PASSED] - click(findTestObject("OCS-MOBILE /Customer info page/Continue to shipping method - Button")): Object: 'Object Repository/OCS-MOBILE /Customer info page/Continue to shipping method - Button' is clicked on

2019-06-28 15:21:34 - [MESSAGE][PASSED] - Object: 'Object Repository/OCS-MOBILE /Customer info page/Continue to shipping method - Button' is clicked on

2019-06-28 15:21:34 - [TEST_STEP][PASSED] - delay(1): Delayed 1 second(s)

2019-06-28 15:21:35 - [MESSAGE][PASSED] - Delayed 1 second(s)

2019-06-28 15:21:35 - [TEST_STEP][PASSED] - delay(1): Delayed 1 second(s)

2019-06-28 15:21:36 - [MESSAGE][PASSED] - Delayed 1 second(s)

2019-06-28 15:21:36 - [TEST_STEP][PASSED] - click(findTestObject("OCS-MOBILE /Shipping page/Continue to payment method - Button")): Object: 'Object Repository/OCS-MOBILE /Shipping page/Continue to payment method - Button' is clicked on

2019-06-28 15:21:39 - [MESSAGE][PASSED] - Object: 'Object Repository/OCS-MOBILE /Shipping page/Continue to payment method - Button' is clicked on

2019-06-28 15:21:39 - [TEST_STEP][PASSED] - delay(1): Delayed 1 second(s)

2019-06-28 15:21:40 - [MESSAGE][PASSED] - Delayed 1 second(s)

2019-06-28 15:21:40 - [TEST_STEP][PASSED] - click(findTestObject("OCS-MOBILE /Payment -page/Change link span 1")): Object: 'Object Repository/OCS-MOBILE /Payment -page/Change link span 1' is clicked on

2019-06-28 15:21:41 - [MESSAGE][PASSED] - Object: 'Object Repository/OCS-MOBILE /Payment -page/Change link span 1' is clicked on

2019-06-28 15:21:41 - [TEST_STEP][NOT_RUN] - executeJavaScript("var previewBar = document.getElementById("preview-bar-iframe"); previewBar.style.display = "none";", []): NOT_RUN: executeJavaScript("var previewBar = document.getElementById("preview-bar-iframe"); previewBar.style.display = "none";", [])

2019-06-28 15:21:41 - [MESSAGE][NOT_RUN] - NOT_RUN: executeJavaScript("var previewBar = document.getElementById("preview-bar-iframe"); previewBar.style.display = "none";", [])

2019-06-28 15:21:41 - [TEST_STEP][PASSED] - setViewPortSize(360, 1000, CONTINUE_ON_FAILURE): Viewport is set to new size with width = 360 and height = 1000

2019-06-28 15:21:41 - [MESSAGE][PASSED] - Viewport is set to new size with width = 360 and height = 1000

2019-06-28 15:21:41 - [TEST_STEP][PASSED] - click(findTestObject("OCS-MOBILE /Shipping page/Continue to payment method - Button")): Object: 'Object Repository/OCS-MOBILE /Shipping page/Continue to payment method - Button' is clicked on

2019-06-28 15:21:42 - [MESSAGE][PASSED] - Object: 'Object Repository/OCS-MOBILE /Shipping page/Continue to payment method - Button' is clicked on

2019-06-28 15:21:42 - [TEST_STEP][NOT_RUN] - delay(1): NOT_RUN: delay(1)

2019-06-28 15:21:42 - [MESSAGE][NOT_RUN] - NOT_RUN: delay(1)

2019-06-28 15:21:42 - [TEST_STEP][NOT_RUN] - executeJavaScript("var previewBar = document.getElementById("preview-bar-iframe"); previewBar.style.display = "none";", []): NOT_RUN: executeJavaScript("var previewBar = document.getElementById("preview-bar-iframe"); previewBar.style.display = "none";", [])

2019-06-28 15:21:42 - [MESSAGE][NOT_RUN] - NOT_RUN: executeJavaScript("var previewBar = document.getElementById("preview-bar-iframe"); previewBar.style.display = "none";", [])

2019-06-28 15:21:42 - [TEST_STEP][PASSED] - delay(1): Delayed 1 second(s)

2019-06-28 15:21:43 - [MESSAGE][PASSED] - Delayed 1 second(s)

2019-06-28 15:21:43 - [TEST_STEP][PASSED] - click(findTestObject("OCS-MOBILE /Shipping page/Continue to payment method - Button")): Object: 'Object Repository/OCS-MOBILE /Shipping page/Continue to payment method - Button' is clicked on

2019-06-28 15:21:44 - [MESSAGE][PASSED] - Object: 'Object Repository/OCS-MOBILE /Shipping page/Continue to payment method - Button' is clicked on

2019-06-28 15:21:44 - [TEST_STEP][PASSED] - click(findTestObject("OCS-MOBILE /Payment -page/Change link span 2")): Object: 'Object Repository/OCS-MOBILE /Payment -page/Change link span 2' is clicked on

2019-06-28 15:21:48 - [MESSAGE][PASSED] - Object: 'Object Repository/OCS-MOBILE /Payment -page/Change link span 2' is clicked on

2019-06-28 15:21:48 - [TEST_STEP][NOT_RUN] - executeJavaScript("var previewBar = document.getElementById("preview-bar-iframe"); previewBar.style.display = "none";", []): NOT_RUN: executeJavaScript("var previewBar = document.getElementById("preview-bar-iframe"); previewBar.style.display = "none";", [])

2019-06-28 15:21:48 - [MESSAGE][NOT_RUN] - NOT_RUN: executeJavaScript("var previewBar = document.getElementById("preview-bar-iframe"); previewBar.style.display = "none";", [])

2019-06-28 15:21:48 - [TEST_STEP][PASSED] - delay(1): Delayed 1 second(s)

2019-06-28 15:21:49 - [MESSAGE][PASSED] - Delayed 1 second(s)

2019-06-28 15:21:49 - [TEST_STEP][PASSED] - delay(1): Delayed 1 second(s)

2019-06-28 15:21:50 - [MESSAGE][PASSED] - Delayed 1 second(s)

2019-06-28 15:21:50 - [TEST_STEP][PASSED] - click(findTestObject("OCS-MOBILE /Shipping page/Continue to payment method - Button")): Object: 'Object Repository/OCS-MOBILE /Shipping page/Continue to payment method - Button' is clicked on

2019-06-28 15:21:50 - [MESSAGE][PASSED] - Object: 'Object Repository/OCS-MOBILE /Shipping page/Continue to payment method - Button' is clicked on]]></system-out>
         <system-err><![CDATA[]]></system-err>
      </testcase>
      <testcase name="Test Cases/OCS - MOBILE/OCS- CRITICAL PATH/Checkout - customer information page" classname="Test Cases/OCS - MOBILE/OCS- CRITICAL PATH/Checkout - customer information page" status="PASSED">
         <system-out><![CDATA[2019-06-28 15:21:50 - [TEST_CASE][PASSED] - Test Cases/OCS - MOBILE/OCS- CRITICAL PATH/Checkout - customer information page: Test Cases/OCS - MOBILE/OCS- CRITICAL PATH/Checkout - customer information page

2019-06-28 15:21:51 - [TEST_STEP][PASSED] - callTestCase(findTestCase("OCS - MOBILE/CALL - AGE GATE"), [:], STOP_ON_FAILURE): Call Test Case 'Test Cases/OCS - MOBILE/CALL - AGE GATE' successfully

2019-06-28 15:21:51 - [TEST_CASE][PASSED] - Test Cases/OCS - MOBILE/CALL - AGE GATE: Test Cases/OCS - MOBILE/CALL - AGE GATE

2019-06-28 15:21:51 - [TEST_STEP][PASSED] - openBrowser(""): Browser is opened with url: ''

2019-06-28 15:21:51 - [MESSAGE][WARNING] - A browser is already opened. Closing browser and opening a new one

2019-06-28 15:21:51 - [MESSAGE][INFO] - Starting 'Chrome' driver

2019-06-28 15:21:52 - [MESSAGE][PASSED] - Browser is opened with url: ''

2019-06-28 15:21:52 - [TEST_STEP][PASSED] - navigateToUrl("ocs.ca"): Navigate to 'http://ocs.ca' successfully

2019-06-28 15:21:57 - [MESSAGE][PASSED] - Navigate to 'http://ocs.ca' successfully

2019-06-28 15:21:57 - [TEST_STEP][NOT_RUN] - executeJavaScript("var previewBar = document.getElementById("preview-bar-iframe"); previewBar.style.display = "none";", []): NOT_RUN: executeJavaScript("var previewBar = document.getElementById("preview-bar-iframe"); previewBar.style.display = "none";", [])

2019-06-28 15:21:57 - [MESSAGE][NOT_RUN] - NOT_RUN: executeJavaScript("var previewBar = document.getElementById("preview-bar-iframe"); previewBar.style.display = "none";", [])

2019-06-28 15:21:57 - [TEST_STEP][PASSED] - setViewPortSize(360, 800): Viewport is set to new size with width = 360 and height = 800

2019-06-28 15:21:57 - [MESSAGE][PASSED] - Viewport is set to new size with width = 360 and height = 800

2019-06-28 15:21:57 - [TEST_STEP][PASSED] - delay(4): Delayed 4 second(s)

2019-06-28 15:22:01 - [MESSAGE][PASSED] - Delayed 4 second(s)

2019-06-28 15:22:01 - [TEST_STEP][PASSED] - selectOptionByValue(findTestObject("OCS-MOBILE /Age gate and burger menu/Date"), "12", true): All options with value '12' are selected in object 'Object Repository/OCS-MOBILE /Age gate and burger menu/Date'  using regular expression

2019-06-28 15:22:01 - [MESSAGE][PASSED] - All options with value '12' are selected in object 'Object Repository/OCS-MOBILE /Age gate and burger menu/Date'  using regular expression

2019-06-28 15:22:01 - [TEST_STEP][PASSED] - selectOptionByValue(findTestObject("OCS-MOBILE /Age gate and burger menu/month"), "6", true): All options with value '6' are selected in object 'Object Repository/OCS-MOBILE /Age gate and burger menu/month'  using regular expression

2019-06-28 15:22:02 - [MESSAGE][PASSED] - All options with value '6' are selected in object 'Object Repository/OCS-MOBILE /Age gate and burger menu/month'  using regular expression

2019-06-28 15:22:02 - [TEST_STEP][PASSED] - delay(2): Delayed 2 second(s)

2019-06-28 15:22:04 - [MESSAGE][PASSED] - Delayed 2 second(s)

2019-06-28 15:22:04 - [TEST_STEP][PASSED] - selectOptionByValue(findTestObject("OCS-MOBILE /Age gate and burger menu/Year Dropdown"), "1990", true): All options with value '1990' are selected in object 'Object Repository/OCS-MOBILE /Age gate and burger menu/Year Dropdown'  using regular expression

2019-06-28 15:22:05 - [MESSAGE][PASSED] - All options with value '1990' are selected in object 'Object Repository/OCS-MOBILE /Age gate and burger menu/Year Dropdown'  using regular expression

2019-06-28 15:22:05 - [TEST_STEP][PASSED] - click(findTestObject("OCS-MOBILE /Age gate and Mega menu/button_Verify")): Object: 'Object Repository/OCS-MOBILE /Age gate and Mega menu/button_Verify' is clicked on

2019-06-28 15:22:05 - [MESSAGE][PASSED] - Object: 'Object Repository/OCS-MOBILE /Age gate and Mega menu/button_Verify' is clicked on

2019-06-28 15:22:05 - [TEST_STEP][PASSED] - click(findTestObject("OCS-MOBILE /Age gate and Mega menu/Checkbox_CONFIRM AND ACKNOWLEDGE")): Object: 'Object Repository/OCS-MOBILE /Age gate and Mega menu/Checkbox_CONFIRM AND ACKNOWLEDGE' is clicked on

2019-06-28 15:22:05 - [MESSAGE][PASSED] - Object: 'Object Repository/OCS-MOBILE /Age gate and Mega menu/Checkbox_CONFIRM AND ACKNOWLEDGE' is clicked on

2019-06-28 15:22:05 - [TEST_STEP][PASSED] - click(findTestObject("OCS-MOBILE /Age gate and Mega menu/button_CONFIRM")): Object: 'Object Repository/OCS-MOBILE /Age gate and Mega menu/button_CONFIRM' is clicked on

2019-06-28 15:22:05 - [MESSAGE][PASSED] - Object: 'Object Repository/OCS-MOBILE /Age gate and Mega menu/button_CONFIRM' is clicked on

2019-06-28 15:22:05 - [TEST_STEP][PASSED] - click(findTestObject("OCS-MOBILE /Age gate and Mega menu/button_Start Browsing")): Object: 'Object Repository/OCS-MOBILE /Age gate and Mega menu/button_Start Browsing' is clicked on

2019-06-28 15:22:05 - [MESSAGE][PASSED] - Object: 'Object Repository/OCS-MOBILE /Age gate and Mega menu/button_Start Browsing' is clicked on

2019-06-28 15:22:05 - [TEST_STEP][PASSED] - refresh(): Refresh successfully

2019-06-28 15:22:05 - [MESSAGE][PASSED] - Refresh successfully

2019-06-28 15:22:05 - [TEST_STEP][NOT_RUN] - executeJavaScript("var previewBar = document.getElementById("preview-bar-iframe"); previewBar.style.display = "none";", []): NOT_RUN: executeJavaScript("var previewBar = document.getElementById("preview-bar-iframe"); previewBar.style.display = "none";", [])

2019-06-28 15:22:05 - [MESSAGE][NOT_RUN] - NOT_RUN: executeJavaScript("var previewBar = document.getElementById("preview-bar-iframe"); previewBar.style.display = "none";", [])

2019-06-28 15:22:05 - [MESSAGE][PASSED] - Call Test Case 'Test Cases/OCS - MOBILE/CALL - AGE GATE' successfully

2019-06-28 15:22:05 - [TEST_STEP][PASSED] - delay(2): Delayed 2 second(s)

2019-06-28 15:22:07 - [MESSAGE][PASSED] - Delayed 2 second(s)

2019-06-28 15:22:07 - [TEST_STEP][PASSED] - refresh(): Refresh successfully

2019-06-28 15:22:10 - [MESSAGE][PASSED] - Refresh successfully

2019-06-28 15:22:10 - [TEST_STEP][PASSED] - click(findTestObject("OCS-MOBILE /Age gate and burger menu/Burger menu - English")): Object: 'Object Repository/OCS-MOBILE /Age gate and burger menu/Burger menu - English' is clicked on

2019-06-28 15:22:10 - [MESSAGE][PASSED] - Object: 'Object Repository/OCS-MOBILE /Age gate and burger menu/Burger menu - English' is clicked on

2019-06-28 15:22:10 - [TEST_STEP][PASSED] - delay(2): Delayed 2 second(s)

2019-06-28 15:22:12 - [MESSAGE][PASSED] - Delayed 2 second(s)

2019-06-28 15:22:12 - [TEST_STEP][PASSED] - click(findTestObject("OCS-MOBILE /Age gate and burger menu/Chevron_Cannabis")): Object: 'Object Repository/OCS-MOBILE /Age gate and burger menu/Chevron_Cannabis' is clicked on

2019-06-28 15:22:12 - [MESSAGE][PASSED] - Object: 'Object Repository/OCS-MOBILE /Age gate and burger menu/Chevron_Cannabis' is clicked on

2019-06-28 15:22:12 - [TEST_STEP][PASSED] - delay(2): Delayed 2 second(s)

2019-06-28 15:22:14 - [MESSAGE][PASSED] - Delayed 2 second(s)

2019-06-28 15:22:14 - [TEST_STEP][PASSED] - click(findTestObject("OCS-MOBILE /Age gate and burger menu/Dried Flower_Plus icon")): Object: 'Object Repository/OCS-MOBILE /Age gate and burger menu/Dried Flower_Plus icon' is clicked on

2019-06-28 15:22:14 - [MESSAGE][PASSED] - Object: 'Object Repository/OCS-MOBILE /Age gate and burger menu/Dried Flower_Plus icon' is clicked on

2019-06-28 15:22:14 - [TEST_STEP][PASSED] - delay(2): Delayed 2 second(s)

2019-06-28 15:22:16 - [MESSAGE][PASSED] - Delayed 2 second(s)

2019-06-28 15:22:16 - [TEST_STEP][PASSED] - click(findTestObject("OCS-MOBILE /Age gate and burger menu/Indica Dominant_Menu item")): Object: 'Object Repository/OCS-MOBILE /Age gate and burger menu/Indica Dominant_Menu item' is clicked on

2019-06-28 15:22:20 - [MESSAGE][PASSED] - Object: 'Object Repository/OCS-MOBILE /Age gate and burger menu/Indica Dominant_Menu item' is clicked on

2019-06-28 15:22:20 - [TEST_STEP][NOT_RUN] - executeJavaScript("var previewBar = document.getElementById("preview-bar-iframe"); previewBar.style.display = "none";", []): NOT_RUN: executeJavaScript("var previewBar = document.getElementById("preview-bar-iframe"); previewBar.style.display = "none";", [])

2019-06-28 15:22:20 - [MESSAGE][NOT_RUN] - NOT_RUN: executeJavaScript("var previewBar = document.getElementById("preview-bar-iframe"); previewBar.style.display = "none";", [])

2019-06-28 15:22:20 - [TEST_STEP][PASSED] - delay(2): Delayed 2 second(s)

2019-06-28 15:22:22 - [MESSAGE][PASSED] - Delayed 2 second(s)

2019-06-28 15:22:22 - [TEST_STEP][PASSED] - click(findTestObject("OCS-MOBILE /Collection page/Product image - 1st one")): Object: 'Object Repository/OCS-MOBILE /Collection page/Product image - 1st one' is clicked on

2019-06-28 15:22:26 - [MESSAGE][PASSED] - Object: 'Object Repository/OCS-MOBILE /Collection page/Product image - 1st one' is clicked on

2019-06-28 15:22:26 - [TEST_STEP][NOT_RUN] - executeJavaScript("var previewBar = document.getElementById("preview-bar-iframe"); previewBar.style.display = "none";", []): NOT_RUN: executeJavaScript("var previewBar = document.getElementById("preview-bar-iframe"); previewBar.style.display = "none";", [])

2019-06-28 15:22:26 - [MESSAGE][NOT_RUN] - NOT_RUN: executeJavaScript("var previewBar = document.getElementById("preview-bar-iframe"); previewBar.style.display = "none";", [])

2019-06-28 15:22:26 - [TEST_STEP][PASSED] - delay(1): Delayed 1 second(s)

2019-06-28 15:22:27 - [MESSAGE][PASSED] - Delayed 1 second(s)

2019-06-28 15:22:27 - [TEST_STEP][PASSED] - delay(3): Delayed 3 second(s)

2019-06-28 15:22:30 - [MESSAGE][PASSED] - Delayed 3 second(s)

2019-06-28 15:22:30 - [TEST_STEP][NOT_RUN] - scrollToElement(findTestObject("OCS-MOBILE /Product page/Product image"), 1): NOT_RUN: scrollToElement(findTestObject("OCS-MOBILE /Product page/Product image"), 1)

2019-06-28 15:22:30 - [MESSAGE][NOT_RUN] - NOT_RUN: scrollToElement(findTestObject("OCS-MOBILE /Product page/Product image"), 1)

2019-06-28 15:22:30 - [TEST_STEP][PASSED] - navigateToUrl("https://ocs.ca/products/dream-weaver"): Navigate to 'https://ocs.ca/products/dream-weaver' successfully

2019-06-28 15:22:32 - [MESSAGE][PASSED] - Navigate to 'https://ocs.ca/products/dream-weaver' successfully

2019-06-28 15:22:32 - [TEST_STEP][NOT_RUN] - executeJavaScript("var previewBar = document.getElementById("preview-bar-iframe"); previewBar.style.display = "none";", []): NOT_RUN: executeJavaScript("var previewBar = document.getElementById("preview-bar-iframe"); previewBar.style.display = "none";", [])

2019-06-28 15:22:32 - [MESSAGE][NOT_RUN] - NOT_RUN: executeJavaScript("var previewBar = document.getElementById("preview-bar-iframe"); previewBar.style.display = "none";", [])

2019-06-28 15:22:32 - [TEST_STEP][PASSED] - click(findTestObject("OCS-MOBILE /Product page/Swatch_3.5g")): Object: 'Object Repository/OCS-MOBILE /Product page/Swatch_3.5g' is clicked on

2019-06-28 15:22:32 - [MESSAGE][PASSED] - Object: 'Object Repository/OCS-MOBILE /Product page/Swatch_3.5g' is clicked on

2019-06-28 15:22:32 - [TEST_STEP][PASSED] - delay(2): Delayed 2 second(s)

2019-06-28 15:22:34 - [MESSAGE][PASSED] - Delayed 2 second(s)

2019-06-28 15:22:34 - [TEST_STEP][PASSED] - click(findTestObject("OCS-MOBILE /Product page/Add to Bag-button")): Object: 'Object Repository/OCS-MOBILE /Product page/Add to Bag-button' is clicked on

2019-06-28 15:22:34 - [MESSAGE][PASSED] - Object: 'Object Repository/OCS-MOBILE /Product page/Add to Bag-button' is clicked on

2019-06-28 15:22:34 - [TEST_STEP][PASSED] - delay(2): Delayed 2 second(s)

2019-06-28 15:22:36 - [MESSAGE][PASSED] - Delayed 2 second(s)

2019-06-28 15:22:36 - [TEST_STEP][NOT_RUN] - click(findTestObject("OCS-MOBILE /Home - page/Cart icon -bag")): NOT_RUN: click(findTestObject("OCS-MOBILE /Home - page/Cart icon -bag"))

2019-06-28 15:22:36 - [MESSAGE][NOT_RUN] - NOT_RUN: click(findTestObject("OCS-MOBILE /Home - page/Cart icon -bag"))

2019-06-28 15:22:36 - [TEST_STEP][PASSED] - delay(2): Delayed 2 second(s)

2019-06-28 15:22:38 - [MESSAGE][PASSED] - Delayed 2 second(s)

2019-06-28 15:22:38 - [TEST_STEP][PASSED] - click(findTestObject("OCS-MOBILE /Cart flyout/Checkbox_I confirm that")): Object: 'Object Repository/OCS-MOBILE /Cart flyout/Checkbox_I confirm that' is clicked on

2019-06-28 15:22:38 - [MESSAGE][PASSED] - Object: 'Object Repository/OCS-MOBILE /Cart flyout/Checkbox_I confirm that' is clicked on

2019-06-28 15:22:38 - [TEST_STEP][PASSED] - delay(2): Delayed 2 second(s)

2019-06-28 15:22:40 - [MESSAGE][PASSED] - Delayed 2 second(s)

2019-06-28 15:22:40 - [TEST_STEP][PASSED] - click(findTestObject("OCS-MOBILE /Cart flyout/Checkbox_Accept the Terms Condition")): Object: 'Object Repository/OCS-MOBILE /Cart flyout/Checkbox_Accept the Terms Condition' is clicked on

2019-06-28 15:22:40 - [MESSAGE][PASSED] - Object: 'Object Repository/OCS-MOBILE /Cart flyout/Checkbox_Accept the Terms Condition' is clicked on

2019-06-28 15:22:40 - [TEST_STEP][PASSED] - delay(1): Delayed 1 second(s)

2019-06-28 15:22:41 - [MESSAGE][PASSED] - Delayed 1 second(s)

2019-06-28 15:22:41 - [TEST_STEP][PASSED] - click(findTestObject("OCS-MOBILE /Cart flyout/Checkout - Button")): Object: 'Object Repository/OCS-MOBILE /Cart flyout/Checkout - Button' is clicked on

2019-06-28 15:22:43 - [MESSAGE][PASSED] - Object: 'Object Repository/OCS-MOBILE /Cart flyout/Checkout - Button' is clicked on

2019-06-28 15:22:43 - [TEST_STEP][PASSED] - delay(2): Delayed 2 second(s)

2019-06-28 15:22:45 - [MESSAGE][PASSED] - Delayed 2 second(s)

2019-06-28 15:22:45 - [TEST_STEP][NOT_RUN] - executeJavaScript("var previewBar = document.getElementById("preview-bar-iframe"); previewBar.style.display = "none";", []): NOT_RUN: executeJavaScript("var previewBar = document.getElementById("preview-bar-iframe"); previewBar.style.display = "none";", [])

2019-06-28 15:22:45 - [MESSAGE][NOT_RUN] - NOT_RUN: executeJavaScript("var previewBar = document.getElementById("preview-bar-iframe"); previewBar.style.display = "none";", [])

2019-06-28 15:22:45 - [TEST_STEP][PASSED] - delay(1): Delayed 1 second(s)

2019-06-28 15:22:46 - [MESSAGE][PASSED] - Delayed 1 second(s)

2019-06-28 15:22:46 - [TEST_STEP][PASSED] - click(findTestObject("OCS-MOBILE /Customer info page/Chevron_OrderSummary")): Object: 'Object Repository/OCS-MOBILE /Customer info page/Chevron_OrderSummary' is clicked on

2019-06-28 15:22:46 - [MESSAGE][PASSED] - Object: 'Object Repository/OCS-MOBILE /Customer info page/Chevron_OrderSummary' is clicked on

2019-06-28 15:22:46 - [TEST_STEP][PASSED] - delay(2): Delayed 2 second(s)

2019-06-28 15:22:48 - [MESSAGE][PASSED] - Delayed 2 second(s)

2019-06-28 15:22:48 - [TEST_STEP][PASSED] - scrollToElement(findTestObject("OCS-MOBILE /Customer info page/input_Email"), 0): Scroll to object 'Object Repository/OCS-MOBILE /Customer info page/input_Email' successfully

2019-06-28 15:22:48 - [MESSAGE][WARNING] - Timeout '0' is invalid. Using default page load timeout: '30'

2019-06-28 15:22:48 - [MESSAGE][PASSED] - Scroll to object 'Object Repository/OCS-MOBILE /Customer info page/input_Email' successfully

2019-06-28 15:22:48 - [TEST_STEP][PASSED] - setText(findTestObject("OCS-MOBILE /Customer info page/input_Email"), "suman.kompelly@diffagency.com"): Text 'suman.kompelly@diffagency.com' is set on object 'Object Repository/OCS-MOBILE /Customer info page/input_Email'

2019-06-28 15:22:49 - [MESSAGE][PASSED] - Text 'suman.kompelly@diffagency.com' is set on object 'Object Repository/OCS-MOBILE /Customer info page/input_Email'

2019-06-28 15:22:49 - [TEST_STEP][PASSED] - setText(findTestObject("OCS-MOBILE /Customer info page/input_First name"), "suman"): Text 'suman' is set on object 'Object Repository/OCS-MOBILE /Customer info page/input_First name'

2019-06-28 15:22:49 - [MESSAGE][PASSED] - Text 'suman' is set on object 'Object Repository/OCS-MOBILE /Customer info page/input_First name'

2019-06-28 15:22:49 - [TEST_STEP][PASSED] - setText(findTestObject("OCS-MOBILE /Customer info page/input_Last name"), "kompelly"): Text 'kompelly' is set on object 'Object Repository/OCS-MOBILE /Customer info page/input_Last name'

2019-06-28 15:22:49 - [MESSAGE][PASSED] - Text 'kompelly' is set on object 'Object Repository/OCS-MOBILE /Customer info page/input_Last name'

2019-06-28 15:22:49 - [TEST_STEP][PASSED] - setText(findTestObject("OCS-MOBILE /Customer info page/input_Address"), "300 saint alxendre"): Text '300 saint alxendre' is set on object 'Object Repository/OCS-MOBILE /Customer info page/input_Address'

2019-06-28 15:22:49 - [MESSAGE][PASSED] - Text '300 saint alxendre' is set on object 'Object Repository/OCS-MOBILE /Customer info page/input_Address'

2019-06-28 15:22:49 - [TEST_STEP][PASSED] - setText(findTestObject("OCS-MOBILE /Customer info page/input_Apartment suite etc. (op"), "199"): Text '199' is set on object 'Object Repository/OCS-MOBILE /Customer info page/input_Apartment suite etc. (op'

2019-06-28 15:22:49 - [MESSAGE][PASSED] - Text '199' is set on object 'Object Repository/OCS-MOBILE /Customer info page/input_Apartment suite etc. (op'

2019-06-28 15:22:49 - [TEST_STEP][PASSED] - setText(findTestObject("OCS-MOBILE /Customer info page/input_City"), "montreal"): Text 'montreal' is set on object 'Object Repository/OCS-MOBILE /Customer info page/input_City'

2019-06-28 15:22:50 - [MESSAGE][PASSED] - Text 'montreal' is set on object 'Object Repository/OCS-MOBILE /Customer info page/input_City'

2019-06-28 15:22:50 - [TEST_STEP][PASSED] - setText(findTestObject("OCS-MOBILE /Customer info page/input_Postal code"), "n0R1K0"): Text 'n0R1K0' is set on object 'Object Repository/OCS-MOBILE /Customer info page/input_Postal code'

2019-06-28 15:22:50 - [MESSAGE][PASSED] - Text 'n0R1K0' is set on object 'Object Repository/OCS-MOBILE /Customer info page/input_Postal code'

2019-06-28 15:22:50 - [TEST_STEP][PASSED] - setText(findTestObject("OCS-MOBILE /Customer info page/input_Phone"), "(514) 449-3882"): Text '(514) 449-3882' is set on object 'Object Repository/OCS-MOBILE /Customer info page/input_Phone'

2019-06-28 15:22:50 - [MESSAGE][PASSED] - Text '(514) 449-3882' is set on object 'Object Repository/OCS-MOBILE /Customer info page/input_Phone'

2019-06-28 15:22:50 - [TEST_STEP][PASSED] - delay(1): Delayed 1 second(s)

2019-06-28 15:22:51 - [MESSAGE][PASSED] - Delayed 1 second(s)

2019-06-28 15:22:51 - [TEST_STEP][PASSED] - scrollToElement(findTestObject("OCS-MOBILE /Customer info page/Return to Cart - Link"), 1): Scroll to object 'Object Repository/OCS-MOBILE /Customer info page/Return to Cart - Link' successfully

2019-06-28 15:22:51 - [MESSAGE][PASSED] - Scroll to object 'Object Repository/OCS-MOBILE /Customer info page/Return to Cart - Link' successfully

2019-06-28 15:22:51 - [TEST_STEP][PASSED] - delay(1): Delayed 1 second(s)

2019-06-28 15:22:52 - [MESSAGE][PASSED] - Delayed 1 second(s)

2019-06-28 15:22:52 - [TEST_STEP][PASSED] - click(findTestObject("OCS-MOBILE /Customer info page/Return to Cart - Link")): Object: 'Object Repository/OCS-MOBILE /Customer info page/Return to Cart - Link' is clicked on

2019-06-28 15:22:53 - [MESSAGE][PASSED] - Object: 'Object Repository/OCS-MOBILE /Customer info page/Return to Cart - Link' is clicked on

2019-06-28 15:22:53 - [TEST_STEP][NOT_RUN] - executeJavaScript("var previewBar = document.getElementById("preview-bar-iframe"); previewBar.style.display = "none";", []): NOT_RUN: executeJavaScript("var previewBar = document.getElementById("preview-bar-iframe"); previewBar.style.display = "none";", [])

2019-06-28 15:22:53 - [MESSAGE][NOT_RUN] - NOT_RUN: executeJavaScript("var previewBar = document.getElementById("preview-bar-iframe"); previewBar.style.display = "none";", [])

2019-06-28 15:22:53 - [TEST_STEP][PASSED] - delay(1): Delayed 1 second(s)

2019-06-28 15:22:54 - [MESSAGE][PASSED] - Delayed 1 second(s)

2019-06-28 15:22:54 - [TEST_STEP][PASSED] - click(findTestObject("OCS-MOBILE /Cart page/cart page-Checkbox_I confirm that")): Object: 'Object Repository/OCS-MOBILE /Cart page/cart page-Checkbox_I confirm that' is clicked on

2019-06-28 15:22:55 - [MESSAGE][PASSED] - Object: 'Object Repository/OCS-MOBILE /Cart page/cart page-Checkbox_I confirm that' is clicked on

2019-06-28 15:22:55 - [TEST_STEP][PASSED] - delay(1): Delayed 1 second(s)

2019-06-28 15:22:56 - [MESSAGE][PASSED] - Delayed 1 second(s)

2019-06-28 15:22:56 - [TEST_STEP][PASSED] - click(findTestObject("OCS-MOBILE /Cart page/cart page - Checkbox_Accept the Terms Condition")): Object: 'Object Repository/OCS-MOBILE /Cart page/cart page - Checkbox_Accept the Terms Condition' is clicked on

2019-06-28 15:22:56 - [MESSAGE][PASSED] - Object: 'Object Repository/OCS-MOBILE /Cart page/cart page - Checkbox_Accept the Terms Condition' is clicked on

2019-06-28 15:22:56 - [TEST_STEP][NOT_RUN] - executeJavaScript("var previewBar = document.getElementById("preview-bar-iframe"); previewBar.style.display = "none";", []): NOT_RUN: executeJavaScript("var previewBar = document.getElementById("preview-bar-iframe"); previewBar.style.display = "none";", [])

2019-06-28 15:22:56 - [MESSAGE][NOT_RUN] - NOT_RUN: executeJavaScript("var previewBar = document.getElementById("preview-bar-iframe"); previewBar.style.display = "none";", [])

2019-06-28 15:22:56 - [TEST_STEP][PASSED] - delay(1): Delayed 1 second(s)

2019-06-28 15:22:57 - [MESSAGE][PASSED] - Delayed 1 second(s)

2019-06-28 15:22:57 - [TEST_STEP][PASSED] - click(findTestObject("OCS-MOBILE /Cart page/Cart page -checkout button")): Object: 'Object Repository/OCS-MOBILE /Cart page/Cart page -checkout button' is clicked on

2019-06-28 15:22:58 - [MESSAGE][PASSED] - Object: 'Object Repository/OCS-MOBILE /Cart page/Cart page -checkout button' is clicked on

2019-06-28 15:22:58 - [TEST_STEP][PASSED] - delay(1): Delayed 1 second(s)

2019-06-28 15:22:59 - [MESSAGE][PASSED] - Delayed 1 second(s)

2019-06-28 15:22:59 - [TEST_STEP][NOT_RUN] - executeJavaScript("var previewBar = document.getElementById("preview-bar-iframe"); previewBar.style.display = "none";", []): NOT_RUN: executeJavaScript("var previewBar = document.getElementById("preview-bar-iframe"); previewBar.style.display = "none";", [])

2019-06-28 15:22:59 - [MESSAGE][NOT_RUN] - NOT_RUN: executeJavaScript("var previewBar = document.getElementById("preview-bar-iframe"); previewBar.style.display = "none";", [])

2019-06-28 15:22:59 - [TEST_STEP][PASSED] - setText(findTestObject("OCS-MOBILE /Customer info page/input_Email"), "suman.kompelly@diffagency.com"): Text 'suman.kompelly@diffagency.com' is set on object 'Object Repository/OCS-MOBILE /Customer info page/input_Email'

2019-06-28 15:23:00 - [MESSAGE][PASSED] - Text 'suman.kompelly@diffagency.com' is set on object 'Object Repository/OCS-MOBILE /Customer info page/input_Email'

2019-06-28 15:23:00 - [TEST_STEP][PASSED] - setText(findTestObject("OCS-MOBILE /Customer info page/input_First name"), "suman"): Text 'suman' is set on object 'Object Repository/OCS-MOBILE /Customer info page/input_First name'

2019-06-28 15:23:00 - [MESSAGE][PASSED] - Text 'suman' is set on object 'Object Repository/OCS-MOBILE /Customer info page/input_First name'

2019-06-28 15:23:00 - [TEST_STEP][PASSED] - setText(findTestObject("OCS-MOBILE /Customer info page/input_Last name"), "kompelly"): Text 'kompelly' is set on object 'Object Repository/OCS-MOBILE /Customer info page/input_Last name'

2019-06-28 15:23:00 - [MESSAGE][PASSED] - Text 'kompelly' is set on object 'Object Repository/OCS-MOBILE /Customer info page/input_Last name'

2019-06-28 15:23:00 - [TEST_STEP][PASSED] - setText(findTestObject("OCS-MOBILE /Customer info page/input_Address"), "300 saint alxendre"): Text '300 saint alxendre' is set on object 'Object Repository/OCS-MOBILE /Customer info page/input_Address'

2019-06-28 15:23:00 - [MESSAGE][PASSED] - Text '300 saint alxendre' is set on object 'Object Repository/OCS-MOBILE /Customer info page/input_Address'

2019-06-28 15:23:00 - [TEST_STEP][PASSED] - setText(findTestObject("OCS-MOBILE /Customer info page/input_Apartment suite etc. (op"), "199"): Text '199' is set on object 'Object Repository/OCS-MOBILE /Customer info page/input_Apartment suite etc. (op'

2019-06-28 15:23:00 - [MESSAGE][PASSED] - Text '199' is set on object 'Object Repository/OCS-MOBILE /Customer info page/input_Apartment suite etc. (op'

2019-06-28 15:23:00 - [TEST_STEP][PASSED] - setText(findTestObject("OCS-MOBILE /Customer info page/input_City"), "montreal"): Text 'montreal' is set on object 'Object Repository/OCS-MOBILE /Customer info page/input_City'

2019-06-28 15:23:00 - [MESSAGE][PASSED] - Text 'montreal' is set on object 'Object Repository/OCS-MOBILE /Customer info page/input_City'

2019-06-28 15:23:00 - [TEST_STEP][PASSED] - setText(findTestObject("OCS-MOBILE /Customer info page/input_Postal code"), "n0R1K0"): Text 'n0R1K0' is set on object 'Object Repository/OCS-MOBILE /Customer info page/input_Postal code'

2019-06-28 15:23:01 - [MESSAGE][PASSED] - Text 'n0R1K0' is set on object 'Object Repository/OCS-MOBILE /Customer info page/input_Postal code'

2019-06-28 15:23:01 - [TEST_STEP][PASSED] - setText(findTestObject("OCS-MOBILE /Customer info page/input_Phone"), "(514) 449-3882"): Text '(514) 449-3882' is set on object 'Object Repository/OCS-MOBILE /Customer info page/input_Phone'

2019-06-28 15:23:01 - [MESSAGE][PASSED] - Text '(514) 449-3882' is set on object 'Object Repository/OCS-MOBILE /Customer info page/input_Phone'

2019-06-28 15:23:01 - [TEST_STEP][PASSED] - delay(1): Delayed 1 second(s)

2019-06-28 15:23:02 - [MESSAGE][PASSED] - Delayed 1 second(s)

2019-06-28 15:23:02 - [TEST_STEP][PASSED] - click(findTestObject("OCS-MOBILE /Customer info page/Continue to shipping method - Button")): Object: 'Object Repository/OCS-MOBILE /Customer info page/Continue to shipping method - Button' is clicked on

2019-06-28 15:23:02 - [MESSAGE][PASSED] - Object: 'Object Repository/OCS-MOBILE /Customer info page/Continue to shipping method - Button' is clicked on]]></system-out>
         <system-err><![CDATA[]]></system-err>
      </testcase>
      <testcase name="Test Cases/OCS - MOBILE/OCS- CRITICAL PATH/Cart flyout-tooltips" classname="Test Cases/OCS - MOBILE/OCS- CRITICAL PATH/Cart flyout-tooltips" status="PASSED">
         <system-out><![CDATA[2019-06-28 15:23:02 - [TEST_CASE][PASSED] - Test Cases/OCS - MOBILE/OCS- CRITICAL PATH/Cart flyout-tooltips: Test Cases/OCS - MOBILE/OCS- CRITICAL PATH/Cart flyout-tooltips

2019-06-28 15:23:03 - [TEST_STEP][PASSED] - callTestCase(findTestCase("OCS - MOBILE/CALL - AGE GATE"), [:], STOP_ON_FAILURE): Call Test Case 'Test Cases/OCS - MOBILE/CALL - AGE GATE' successfully

2019-06-28 15:23:03 - [TEST_CASE][PASSED] - Test Cases/OCS - MOBILE/CALL - AGE GATE: Test Cases/OCS - MOBILE/CALL - AGE GATE

2019-06-28 15:23:03 - [TEST_STEP][PASSED] - openBrowser(""): Browser is opened with url: ''

2019-06-28 15:23:03 - [MESSAGE][WARNING] - A browser is already opened. Closing browser and opening a new one

2019-06-28 15:23:03 - [MESSAGE][INFO] - Starting 'Chrome' driver

2019-06-28 15:23:04 - [MESSAGE][PASSED] - Browser is opened with url: ''

2019-06-28 15:23:04 - [TEST_STEP][PASSED] - navigateToUrl("ocs.ca"): Navigate to 'http://ocs.ca' successfully

2019-06-28 15:23:08 - [MESSAGE][PASSED] - Navigate to 'http://ocs.ca' successfully

2019-06-28 15:23:08 - [TEST_STEP][NOT_RUN] - executeJavaScript("var previewBar = document.getElementById("preview-bar-iframe"); previewBar.style.display = "none";", []): NOT_RUN: executeJavaScript("var previewBar = document.getElementById("preview-bar-iframe"); previewBar.style.display = "none";", [])

2019-06-28 15:23:08 - [MESSAGE][NOT_RUN] - NOT_RUN: executeJavaScript("var previewBar = document.getElementById("preview-bar-iframe"); previewBar.style.display = "none";", [])

2019-06-28 15:23:08 - [TEST_STEP][PASSED] - setViewPortSize(360, 800): Viewport is set to new size with width = 360 and height = 800

2019-06-28 15:23:08 - [MESSAGE][PASSED] - Viewport is set to new size with width = 360 and height = 800

2019-06-28 15:23:08 - [TEST_STEP][PASSED] - delay(4): Delayed 4 second(s)

2019-06-28 15:23:12 - [MESSAGE][PASSED] - Delayed 4 second(s)

2019-06-28 15:23:12 - [TEST_STEP][PASSED] - selectOptionByValue(findTestObject("OCS-MOBILE /Age gate and burger menu/Date"), "12", true): All options with value '12' are selected in object 'Object Repository/OCS-MOBILE /Age gate and burger menu/Date'  using regular expression

2019-06-28 15:23:12 - [MESSAGE][PASSED] - All options with value '12' are selected in object 'Object Repository/OCS-MOBILE /Age gate and burger menu/Date'  using regular expression

2019-06-28 15:23:12 - [TEST_STEP][PASSED] - selectOptionByValue(findTestObject("OCS-MOBILE /Age gate and burger menu/month"), "6", true): All options with value '6' are selected in object 'Object Repository/OCS-MOBILE /Age gate and burger menu/month'  using regular expression

2019-06-28 15:23:12 - [MESSAGE][PASSED] - All options with value '6' are selected in object 'Object Repository/OCS-MOBILE /Age gate and burger menu/month'  using regular expression

2019-06-28 15:23:12 - [TEST_STEP][PASSED] - delay(2): Delayed 2 second(s)

2019-06-28 15:23:14 - [MESSAGE][PASSED] - Delayed 2 second(s)

2019-06-28 15:23:14 - [TEST_STEP][PASSED] - selectOptionByValue(findTestObject("OCS-MOBILE /Age gate and burger menu/Year Dropdown"), "1990", true): All options with value '1990' are selected in object 'Object Repository/OCS-MOBILE /Age gate and burger menu/Year Dropdown'  using regular expression

2019-06-28 15:23:15 - [MESSAGE][PASSED] - All options with value '1990' are selected in object 'Object Repository/OCS-MOBILE /Age gate and burger menu/Year Dropdown'  using regular expression

2019-06-28 15:23:15 - [TEST_STEP][PASSED] - click(findTestObject("OCS-MOBILE /Age gate and Mega menu/button_Verify")): Object: 'Object Repository/OCS-MOBILE /Age gate and Mega menu/button_Verify' is clicked on

2019-06-28 15:23:16 - [MESSAGE][PASSED] - Object: 'Object Repository/OCS-MOBILE /Age gate and Mega menu/button_Verify' is clicked on

2019-06-28 15:23:16 - [TEST_STEP][PASSED] - click(findTestObject("OCS-MOBILE /Age gate and Mega menu/Checkbox_CONFIRM AND ACKNOWLEDGE")): Object: 'Object Repository/OCS-MOBILE /Age gate and Mega menu/Checkbox_CONFIRM AND ACKNOWLEDGE' is clicked on

2019-06-28 15:23:16 - [MESSAGE][PASSED] - Object: 'Object Repository/OCS-MOBILE /Age gate and Mega menu/Checkbox_CONFIRM AND ACKNOWLEDGE' is clicked on

2019-06-28 15:23:16 - [TEST_STEP][PASSED] - click(findTestObject("OCS-MOBILE /Age gate and Mega menu/button_CONFIRM")): Object: 'Object Repository/OCS-MOBILE /Age gate and Mega menu/button_CONFIRM' is clicked on

2019-06-28 15:23:16 - [MESSAGE][PASSED] - Object: 'Object Repository/OCS-MOBILE /Age gate and Mega menu/button_CONFIRM' is clicked on

2019-06-28 15:23:16 - [TEST_STEP][PASSED] - click(findTestObject("OCS-MOBILE /Age gate and Mega menu/button_Start Browsing")): Object: 'Object Repository/OCS-MOBILE /Age gate and Mega menu/button_Start Browsing' is clicked on

2019-06-28 15:23:16 - [MESSAGE][PASSED] - Object: 'Object Repository/OCS-MOBILE /Age gate and Mega menu/button_Start Browsing' is clicked on

2019-06-28 15:23:16 - [TEST_STEP][PASSED] - refresh(): Refresh successfully

2019-06-28 15:23:19 - [MESSAGE][PASSED] - Refresh successfully

2019-06-28 15:23:19 - [TEST_STEP][NOT_RUN] - executeJavaScript("var previewBar = document.getElementById("preview-bar-iframe"); previewBar.style.display = "none";", []): NOT_RUN: executeJavaScript("var previewBar = document.getElementById("preview-bar-iframe"); previewBar.style.display = "none";", [])

2019-06-28 15:23:19 - [MESSAGE][NOT_RUN] - NOT_RUN: executeJavaScript("var previewBar = document.getElementById("preview-bar-iframe"); previewBar.style.display = "none";", [])

2019-06-28 15:23:19 - [MESSAGE][PASSED] - Call Test Case 'Test Cases/OCS - MOBILE/CALL - AGE GATE' successfully

2019-06-28 15:23:19 - [TEST_STEP][PASSED] - delay(2): Delayed 2 second(s)

2019-06-28 15:23:21 - [MESSAGE][PASSED] - Delayed 2 second(s)

2019-06-28 15:23:21 - [TEST_STEP][PASSED] - click(findTestObject("OCS-MOBILE /Age gate and burger menu/Burger menu - English")): Object: 'Object Repository/OCS-MOBILE /Age gate and burger menu/Burger menu - English' is clicked on

2019-06-28 15:23:21 - [MESSAGE][PASSED] - Object: 'Object Repository/OCS-MOBILE /Age gate and burger menu/Burger menu - English' is clicked on

2019-06-28 15:23:21 - [TEST_STEP][PASSED] - delay(2): Delayed 2 second(s)

2019-06-28 15:23:23 - [MESSAGE][PASSED] - Delayed 2 second(s)

2019-06-28 15:23:23 - [TEST_STEP][PASSED] - click(findTestObject("OCS-MOBILE /Age gate and burger menu/Chevron_Cannabis")): Object: 'Object Repository/OCS-MOBILE /Age gate and burger menu/Chevron_Cannabis' is clicked on

2019-06-28 15:23:23 - [MESSAGE][PASSED] - Object: 'Object Repository/OCS-MOBILE /Age gate and burger menu/Chevron_Cannabis' is clicked on

2019-06-28 15:23:23 - [TEST_STEP][PASSED] - delay(2): Delayed 2 second(s)

2019-06-28 15:23:25 - [MESSAGE][PASSED] - Delayed 2 second(s)

2019-06-28 15:23:25 - [TEST_STEP][PASSED] - click(findTestObject("OCS-MOBILE /Age gate and burger menu/Dried Flower_Plus icon")): Object: 'Object Repository/OCS-MOBILE /Age gate and burger menu/Dried Flower_Plus icon' is clicked on

2019-06-28 15:23:25 - [MESSAGE][PASSED] - Object: 'Object Repository/OCS-MOBILE /Age gate and burger menu/Dried Flower_Plus icon' is clicked on

2019-06-28 15:23:25 - [TEST_STEP][PASSED] - delay(2): Delayed 2 second(s)

2019-06-28 15:23:27 - [MESSAGE][PASSED] - Delayed 2 second(s)

2019-06-28 15:23:27 - [TEST_STEP][PASSED] - click(findTestObject("OCS-MOBILE /Age gate and burger menu/Indica Dominant_Menu item")): Object: 'Object Repository/OCS-MOBILE /Age gate and burger menu/Indica Dominant_Menu item' is clicked on

2019-06-28 15:23:28 - [MESSAGE][PASSED] - Object: 'Object Repository/OCS-MOBILE /Age gate and burger menu/Indica Dominant_Menu item' is clicked on

2019-06-28 15:23:28 - [TEST_STEP][NOT_RUN] - executeJavaScript("var previewBar = document.getElementById("preview-bar-iframe"); previewBar.style.display = "none";", []): NOT_RUN: executeJavaScript("var previewBar = document.getElementById("preview-bar-iframe"); previewBar.style.display = "none";", [])

2019-06-28 15:23:28 - [MESSAGE][NOT_RUN] - NOT_RUN: executeJavaScript("var previewBar = document.getElementById("preview-bar-iframe"); previewBar.style.display = "none";", [])

2019-06-28 15:23:28 - [TEST_STEP][PASSED] - delay(2): Delayed 2 second(s)

2019-06-28 15:23:30 - [MESSAGE][PASSED] - Delayed 2 second(s)

2019-06-28 15:23:30 - [TEST_STEP][PASSED] - click(findTestObject("OCS-MOBILE /Collection page/Product image - 1st one")): Object: 'Object Repository/OCS-MOBILE /Collection page/Product image - 1st one' is clicked on

2019-06-28 15:23:32 - [MESSAGE][PASSED] - Object: 'Object Repository/OCS-MOBILE /Collection page/Product image - 1st one' is clicked on

2019-06-28 15:23:32 - [TEST_STEP][NOT_RUN] - executeJavaScript("var previewBar = document.getElementById("preview-bar-iframe"); previewBar.style.display = "none";", []): NOT_RUN: executeJavaScript("var previewBar = document.getElementById("preview-bar-iframe"); previewBar.style.display = "none";", [])

2019-06-28 15:23:32 - [MESSAGE][NOT_RUN] - NOT_RUN: executeJavaScript("var previewBar = document.getElementById("preview-bar-iframe"); previewBar.style.display = "none";", [])

2019-06-28 15:23:32 - [TEST_STEP][NOT_RUN] - click(findTestObject("Object Repository/Cart flyout-tooltips_OR/Page_Ontario Cannabis Store  Ontari/h3_Cannabis")): NOT_RUN: click(findTestObject("Object Repository/Cart flyout-tooltips_OR/Page_Ontario Cannabis Store  Ontari/h3_Cannabis"))

2019-06-28 15:23:32 - [MESSAGE][NOT_RUN] - NOT_RUN: click(findTestObject("Object Repository/Cart flyout-tooltips_OR/Page_Ontario Cannabis Store  Ontari/h3_Cannabis"))

2019-06-28 15:23:32 - [TEST_STEP][NOT_RUN] - click(findTestObject("Object Repository/Cart flyout-tooltips_OR/Page_Ontario Cannabis Store  Ontari/span_Indica Dominant")): NOT_RUN: click(findTestObject("Object Repository/Cart flyout-tooltips_OR/Page_Ontario Cannabis Store  Ontari/span_Indica Dominant"))

2019-06-28 15:23:32 - [MESSAGE][NOT_RUN] - NOT_RUN: click(findTestObject("Object Repository/Cart flyout-tooltips_OR/Page_Ontario Cannabis Store  Ontari/span_Indica Dominant"))

2019-06-28 15:23:32 - [TEST_STEP][NOT_RUN] - click(findTestObject("Object Repository/Cart flyout-tooltips_OR/Page_Indica Dominant Dried Flower/h3_Shishkaberry")): NOT_RUN: click(findTestObject("Object Repository/Cart flyout-tooltips_OR/Page_Indica Dominant Dried Flower/h3_Shishkaberry"))

2019-06-28 15:23:32 - [MESSAGE][NOT_RUN] - NOT_RUN: click(findTestObject("Object Repository/Cart flyout-tooltips_OR/Page_Indica Dominant Dried Flower/h3_Shishkaberry"))

2019-06-28 15:23:32 - [TEST_STEP][NOT_RUN] - click(findTestObject("Object Repository/Cart flyout-tooltips_OR/Page_Shishkaberry  Ontario Cannabis/label_1g")): NOT_RUN: click(findTestObject("Object Repository/Cart flyout-tooltips_OR/Page_Shishkaberry  Ontario Cannabis/label_1g"))

2019-06-28 15:23:32 - [MESSAGE][NOT_RUN] - NOT_RUN: click(findTestObject("Object Repository/Cart flyout-tooltips_OR/Page_Shishkaberry  Ontario Cannabis/label_1g"))

2019-06-28 15:23:32 - [TEST_STEP][NOT_RUN] - click(findTestObject("Object Repository/Cart flyout-tooltips_OR/Page_Shishkaberry  Ontario Cannabis/button_Add to Bag9.75")): NOT_RUN: click(findTestObject("Object Repository/Cart flyout-tooltips_OR/Page_Shishkaberry  Ontario Cannabis/button_Add to Bag9.75"))

2019-06-28 15:23:32 - [MESSAGE][NOT_RUN] - NOT_RUN: click(findTestObject("Object Repository/Cart flyout-tooltips_OR/Page_Shishkaberry  Ontario Cannabis/button_Add to Bag9.75"))

2019-06-28 15:23:32 - [TEST_STEP][PASSED] - delay(3): Delayed 3 second(s)

2019-06-28 15:23:35 - [MESSAGE][PASSED] - Delayed 3 second(s)

2019-06-28 15:23:35 - [TEST_STEP][NOT_RUN] - executeJavaScript("var previewBar = document.getElementById("preview-bar-iframe"); previewBar.style.display = "none";", []): NOT_RUN: executeJavaScript("var previewBar = document.getElementById("preview-bar-iframe"); previewBar.style.display = "none";", [])

2019-06-28 15:23:35 - [MESSAGE][NOT_RUN] - NOT_RUN: executeJavaScript("var previewBar = document.getElementById("preview-bar-iframe"); previewBar.style.display = "none";", [])

2019-06-28 15:23:35 - [TEST_STEP][NOT_RUN] - scrollToElement(findTestObject("OCS-MOBILE /Product page/Product image"), 1): NOT_RUN: scrollToElement(findTestObject("OCS-MOBILE /Product page/Product image"), 1)

2019-06-28 15:23:35 - [MESSAGE][NOT_RUN] - NOT_RUN: scrollToElement(findTestObject("OCS-MOBILE /Product page/Product image"), 1)

2019-06-28 15:23:35 - [TEST_STEP][PASSED] - click(findTestObject("OCS-MOBILE /Product page/Swatch_1g")): Object: 'Object Repository/OCS-MOBILE /Product page/Swatch_1g' is clicked on

2019-06-28 15:23:35 - [MESSAGE][PASSED] - Object: 'Object Repository/OCS-MOBILE /Product page/Swatch_1g' is clicked on

2019-06-28 15:23:35 - [TEST_STEP][PASSED] - delay(2): Delayed 2 second(s)

2019-06-28 15:23:37 - [MESSAGE][PASSED] - Delayed 2 second(s)

2019-06-28 15:23:37 - [TEST_STEP][PASSED] - click(findTestObject("OCS-MOBILE /Product page/Add to Bag-button")): Object: 'Object Repository/OCS-MOBILE /Product page/Add to Bag-button' is clicked on

2019-06-28 15:23:37 - [MESSAGE][PASSED] - Object: 'Object Repository/OCS-MOBILE /Product page/Add to Bag-button' is clicked on

2019-06-28 15:23:37 - [TEST_STEP][NOT_RUN] - click(findTestObject("OCS-MOBILE /Home - page/Cart icon -bag")): NOT_RUN: click(findTestObject("OCS-MOBILE /Home - page/Cart icon -bag"))

2019-06-28 15:23:37 - [MESSAGE][NOT_RUN] - NOT_RUN: click(findTestObject("OCS-MOBILE /Home - page/Cart icon -bag"))

2019-06-28 15:23:37 - [TEST_STEP][PASSED] - delay(4): Delayed 4 second(s)

2019-06-28 15:23:41 - [MESSAGE][PASSED] - Delayed 4 second(s)

2019-06-28 15:23:41 - [TEST_STEP][PASSED] - click(findTestObject("OCS-MOBILE /Cart flyout/tool tip - TOP")): Object: 'Object Repository/OCS-MOBILE /Cart flyout/tool tip - TOP' is clicked on

2019-06-28 15:23:41 - [MESSAGE][PASSED] - Object: 'Object Repository/OCS-MOBILE /Cart flyout/tool tip - TOP' is clicked on

2019-06-28 15:23:41 - [TEST_STEP][PASSED] - takeScreenshot(): Taking screenshot successfully

2019-06-28 15:23:42 - [MESSAGE][PASSED] - Taking screenshot successfully
[[ATTACHMENT|/Users/sumankompelly/Relative xpath-Mobile/Reports/Live site/20190628_151842/1561749821959.png]]

2019-06-28 15:23:42 - [TEST_STEP][PASSED] - delay(3): Delayed 3 second(s)

2019-06-28 15:23:45 - [MESSAGE][PASSED] - Delayed 3 second(s)

2019-06-28 15:23:45 - [TEST_STEP][PASSED] - click(findTestObject("OCS-MOBILE /Cart flyout/tool tip -DOWN")): Object: 'Object Repository/OCS-MOBILE /Cart flyout/tool tip -DOWN' is clicked on

2019-06-28 15:23:45 - [MESSAGE][PASSED] - Object: 'Object Repository/OCS-MOBILE /Cart flyout/tool tip -DOWN' is clicked on

2019-06-28 15:23:45 - [TEST_STEP][PASSED] - takeScreenshot(): Taking screenshot successfully

2019-06-28 15:23:45 - [MESSAGE][PASSED] - Taking screenshot successfully
[[ATTACHMENT|/Users/sumankompelly/Relative xpath-Mobile/Reports/Live site/20190628_151842/1561749825294.png]]

2019-06-28 15:23:45 - [TEST_STEP][NOT_RUN] - closeBrowser(): NOT_RUN: closeBrowser()

2019-06-28 15:23:45 - [MESSAGE][NOT_RUN] - NOT_RUN: closeBrowser()]]></system-out>
         <system-err><![CDATA[]]></system-err>
      </testcase>
      <testcase name="Test Cases/OCS - MOBILE/OCS- CRITICAL PATH/Cart" classname="Test Cases/OCS - MOBILE/OCS- CRITICAL PATH/Cart" status="PASSED">
         <system-out><![CDATA[2019-06-28 15:23:45 - [TEST_CASE][PASSED] - Test Cases/OCS - MOBILE/OCS- CRITICAL PATH/Cart: Test Cases/OCS - MOBILE/OCS- CRITICAL PATH/Cart

2019-06-28 15:23:45 - [TEST_STEP][PASSED] - callTestCase(findTestCase("OCS - MOBILE/CALL- SWATCH- NO INVENTORY"), [:], STOP_ON_FAILURE): Call Test Case 'Test Cases/OCS - MOBILE/CALL- SWATCH- NO INVENTORY' successfully

2019-06-28 15:23:45 - [TEST_CASE][PASSED] - Test Cases/OCS - MOBILE/CALL- SWATCH- NO INVENTORY: Test Cases/OCS - MOBILE/CALL- SWATCH- NO INVENTORY

2019-06-28 15:23:45 - [TEST_STEP][PASSED] - openBrowser(""): Browser is opened with url: ''

2019-06-28 15:23:45 - [MESSAGE][WARNING] - A browser is already opened. Closing browser and opening a new one

2019-06-28 15:23:46 - [MESSAGE][INFO] - Starting 'Chrome' driver

2019-06-28 15:23:47 - [MESSAGE][PASSED] - Browser is opened with url: ''

2019-06-28 15:23:47 - [TEST_STEP][PASSED] - navigateToUrl("ocs.ca"): Navigate to 'http://ocs.ca' successfully

2019-06-28 15:23:50 - [MESSAGE][PASSED] - Navigate to 'http://ocs.ca' successfully

2019-06-28 15:23:50 - [TEST_STEP][NOT_RUN] - executeJavaScript("var previewBar = document.getElementById("preview-bar-iframe"); previewBar.style.display = "none";", []): NOT_RUN: executeJavaScript("var previewBar = document.getElementById("preview-bar-iframe"); previewBar.style.display = "none";", [])

2019-06-28 15:23:50 - [MESSAGE][NOT_RUN] - NOT_RUN: executeJavaScript("var previewBar = document.getElementById("preview-bar-iframe"); previewBar.style.display = "none";", [])

2019-06-28 15:23:50 - [TEST_STEP][PASSED] - setViewPortSize(360, 800): Viewport is set to new size with width = 360 and height = 800

2019-06-28 15:23:50 - [MESSAGE][PASSED] - Viewport is set to new size with width = 360 and height = 800

2019-06-28 15:23:50 - [TEST_STEP][PASSED] - delay(4): Delayed 4 second(s)

2019-06-28 15:23:54 - [MESSAGE][PASSED] - Delayed 4 second(s)

2019-06-28 15:23:54 - [TEST_STEP][PASSED] - selectOptionByValue(findTestObject("OCS-MOBILE /Age gate and burger menu/Date"), "12", true): All options with value '12' are selected in object 'Object Repository/OCS-MOBILE /Age gate and burger menu/Date'  using regular expression

2019-06-28 15:23:55 - [MESSAGE][PASSED] - All options with value '12' are selected in object 'Object Repository/OCS-MOBILE /Age gate and burger menu/Date'  using regular expression

2019-06-28 15:23:55 - [TEST_STEP][PASSED] - selectOptionByValue(findTestObject("OCS-MOBILE /Age gate and burger menu/month"), "6", true): All options with value '6' are selected in object 'Object Repository/OCS-MOBILE /Age gate and burger menu/month'  using regular expression

2019-06-28 15:23:55 - [MESSAGE][PASSED] - All options with value '6' are selected in object 'Object Repository/OCS-MOBILE /Age gate and burger menu/month'  using regular expression

2019-06-28 15:23:55 - [TEST_STEP][PASSED] - delay(2): Delayed 2 second(s)

2019-06-28 15:23:57 - [MESSAGE][PASSED] - Delayed 2 second(s)

2019-06-28 15:23:57 - [TEST_STEP][PASSED] - selectOptionByValue(findTestObject("OCS-MOBILE /Age gate and burger menu/Year Dropdown"), "1990", true): All options with value '1990' are selected in object 'Object Repository/OCS-MOBILE /Age gate and burger menu/Year Dropdown'  using regular expression

2019-06-28 15:23:58 - [MESSAGE][PASSED] - All options with value '1990' are selected in object 'Object Repository/OCS-MOBILE /Age gate and burger menu/Year Dropdown'  using regular expression

2019-06-28 15:23:58 - [TEST_STEP][PASSED] - click(findTestObject("OCS-MOBILE /Age gate and Mega menu/button_Verify")): Object: 'Object Repository/OCS-MOBILE /Age gate and Mega menu/button_Verify' is clicked on

2019-06-28 15:23:58 - [MESSAGE][PASSED] - Object: 'Object Repository/OCS-MOBILE /Age gate and Mega menu/button_Verify' is clicked on

2019-06-28 15:23:58 - [TEST_STEP][PASSED] - click(findTestObject("OCS-MOBILE /Age gate and Mega menu/Checkbox_CONFIRM AND ACKNOWLEDGE")): Object: 'Object Repository/OCS-MOBILE /Age gate and Mega menu/Checkbox_CONFIRM AND ACKNOWLEDGE' is clicked on

2019-06-28 15:23:58 - [MESSAGE][PASSED] - Object: 'Object Repository/OCS-MOBILE /Age gate and Mega menu/Checkbox_CONFIRM AND ACKNOWLEDGE' is clicked on

2019-06-28 15:23:58 - [TEST_STEP][PASSED] - click(findTestObject("OCS-MOBILE /Age gate and Mega menu/button_CONFIRM")): Object: 'Object Repository/OCS-MOBILE /Age gate and Mega menu/button_CONFIRM' is clicked on

2019-06-28 15:23:58 - [MESSAGE][PASSED] - Object: 'Object Repository/OCS-MOBILE /Age gate and Mega menu/button_CONFIRM' is clicked on

2019-06-28 15:23:58 - [TEST_STEP][PASSED] - click(findTestObject("OCS-MOBILE /Age gate and Mega menu/button_Start Browsing")): Object: 'Object Repository/OCS-MOBILE /Age gate and Mega menu/button_Start Browsing' is clicked on

2019-06-28 15:23:58 - [MESSAGE][PASSED] - Object: 'Object Repository/OCS-MOBILE /Age gate and Mega menu/button_Start Browsing' is clicked on

2019-06-28 15:23:58 - [TEST_STEP][PASSED] - navigateToUrl("https://ocs.ca/products/dream-weaver", STOP_ON_FAILURE): Navigate to 'https://ocs.ca/products/dream-weaver' successfully

2019-06-28 15:24:00 - [MESSAGE][PASSED] - Navigate to 'https://ocs.ca/products/dream-weaver' successfully

2019-06-28 15:24:00 - [TEST_STEP][NOT_RUN] - executeJavaScript("var previewBar = document.getElementById("preview-bar-iframe"); previewBar.style.display = "none";", []): NOT_RUN: executeJavaScript("var previewBar = document.getElementById("preview-bar-iframe"); previewBar.style.display = "none";", [])

2019-06-28 15:24:00 - [MESSAGE][NOT_RUN] - NOT_RUN: executeJavaScript("var previewBar = document.getElementById("preview-bar-iframe"); previewBar.style.display = "none";", [])

2019-06-28 15:24:00 - [MESSAGE][PASSED] - Call Test Case 'Test Cases/OCS - MOBILE/CALL- SWATCH- NO INVENTORY' successfully

2019-06-28 15:24:00 - [TEST_STEP][PASSED] - delay(2): Delayed 2 second(s)

2019-06-28 15:24:02 - [MESSAGE][PASSED] - Delayed 2 second(s)

2019-06-28 15:24:02 - [TEST_STEP][NOT_RUN] - click(findTestObject("OCS-MOBILE /Age gate and burger menu/Burger menu - English")): NOT_RUN: click(findTestObject("OCS-MOBILE /Age gate and burger menu/Burger menu - English"))

2019-06-28 15:24:02 - [MESSAGE][NOT_RUN] - NOT_RUN: click(findTestObject("OCS-MOBILE /Age gate and burger menu/Burger menu - English"))

2019-06-28 15:24:02 - [TEST_STEP][NOT_RUN] - delay(2): NOT_RUN: delay(2)

2019-06-28 15:24:02 - [MESSAGE][NOT_RUN] - NOT_RUN: delay(2)

2019-06-28 15:24:02 - [TEST_STEP][NOT_RUN] - click(findTestObject("OCS-MOBILE /Cannabis page/Cannabis chevron")): NOT_RUN: click(findTestObject("OCS-MOBILE /Cannabis page/Cannabis chevron"))

2019-06-28 15:24:02 - [MESSAGE][NOT_RUN] - NOT_RUN: click(findTestObject("OCS-MOBILE /Cannabis page/Cannabis chevron"))

2019-06-28 15:24:02 - [TEST_STEP][NOT_RUN] - delay(2): NOT_RUN: delay(2)

2019-06-28 15:24:02 - [MESSAGE][NOT_RUN] - NOT_RUN: delay(2)

2019-06-28 15:24:02 - [TEST_STEP][NOT_RUN] - click(findTestObject("OCS-MOBILE /Cannabis page/Dried flower - plus accordian")): NOT_RUN: click(findTestObject("OCS-MOBILE /Cannabis page/Dried flower - plus accordian"))

2019-06-28 15:24:02 - [MESSAGE][NOT_RUN] - NOT_RUN: click(findTestObject("OCS-MOBILE /Cannabis page/Dried flower - plus accordian"))

2019-06-28 15:24:02 - [TEST_STEP][NOT_RUN] - delay(2): NOT_RUN: delay(2)

2019-06-28 15:24:02 - [MESSAGE][NOT_RUN] - NOT_RUN: delay(2)

2019-06-28 15:24:02 - [TEST_STEP][NOT_RUN] - click(findTestObject("OCS-MOBILE /Cannabis page/Dried flower - Indica dominant")): NOT_RUN: click(findTestObject("OCS-MOBILE /Cannabis page/Dried flower - Indica dominant"))

2019-06-28 15:24:02 - [MESSAGE][NOT_RUN] - NOT_RUN: click(findTestObject("OCS-MOBILE /Cannabis page/Dried flower - Indica dominant"))

2019-06-28 15:24:02 - [TEST_STEP][NOT_RUN] - delay(2): NOT_RUN: delay(2)

2019-06-28 15:24:02 - [MESSAGE][NOT_RUN] - NOT_RUN: delay(2)

2019-06-28 15:24:02 - [TEST_STEP][NOT_RUN] - click(findTestObject("OCS-MOBILE /Collection page/Product image - 1st one")): NOT_RUN: click(findTestObject("OCS-MOBILE /Collection page/Product image - 1st one"))

2019-06-28 15:24:02 - [MESSAGE][NOT_RUN] - NOT_RUN: click(findTestObject("OCS-MOBILE /Collection page/Product image - 1st one"))

2019-06-28 15:24:02 - [TEST_STEP][NOT_RUN] - scrollToElement(findTestObject("OCS-MOBILE /Product page/Product image"), 1): NOT_RUN: scrollToElement(findTestObject("OCS-MOBILE /Product page/Product image"), 1)

2019-06-28 15:24:02 - [MESSAGE][NOT_RUN] - NOT_RUN: scrollToElement(findTestObject("OCS-MOBILE /Product page/Product image"), 1)

2019-06-28 15:24:02 - [TEST_STEP][PASSED] - delay(2): Delayed 2 second(s)

2019-06-28 15:24:04 - [MESSAGE][PASSED] - Delayed 2 second(s)

2019-06-28 15:24:04 - [TEST_STEP][PASSED] - click(findTestObject("OCS-MOBILE /Product page/Swatch_1g"), STOP_ON_FAILURE): Object: 'Object Repository/OCS-MOBILE /Product page/Swatch_1g' is clicked on

2019-06-28 15:24:04 - [MESSAGE][PASSED] - Object: 'Object Repository/OCS-MOBILE /Product page/Swatch_1g' is clicked on

2019-06-28 15:24:04 - [TEST_STEP][PASSED] - takeScreenshot(): Taking screenshot successfully

2019-06-28 15:24:05 - [MESSAGE][PASSED] - Taking screenshot successfully
[[ATTACHMENT|/Users/sumankompelly/Relative xpath-Mobile/Reports/Live site/20190628_151842/1561749844898.png]]

2019-06-28 15:24:05 - [TEST_STEP][PASSED] - scrollToElement(findTestObject("OCS-MOBILE /Product page/Swatch_3.5g"), 1): Scroll to object 'Object Repository/OCS-MOBILE /Product page/Swatch_3.5g' successfully

2019-06-28 15:24:05 - [MESSAGE][PASSED] - Scroll to object 'Object Repository/OCS-MOBILE /Product page/Swatch_3.5g' successfully

2019-06-28 15:24:05 - [TEST_STEP][PASSED] - delay(2): Delayed 2 second(s)

2019-06-28 15:24:07 - [MESSAGE][PASSED] - Delayed 2 second(s)

2019-06-28 15:24:07 - [TEST_STEP][PASSED] - click(findTestObject("OCS-MOBILE /Product page/Add to Bag-button")): Object: 'Object Repository/OCS-MOBILE /Product page/Add to Bag-button' is clicked on

2019-06-28 15:24:07 - [MESSAGE][PASSED] - Object: 'Object Repository/OCS-MOBILE /Product page/Add to Bag-button' is clicked on

2019-06-28 15:24:07 - [TEST_STEP][PASSED] - delay(4): Delayed 4 second(s)

2019-06-28 15:24:11 - [MESSAGE][PASSED] - Delayed 4 second(s)

2019-06-28 15:24:11 - [TEST_STEP][NOT_RUN] - click(findTestObject("OCS-MOBILE /Home - page/Cart icon -bag")): NOT_RUN: click(findTestObject("OCS-MOBILE /Home - page/Cart icon -bag"))

2019-06-28 15:24:11 - [MESSAGE][NOT_RUN] - NOT_RUN: click(findTestObject("OCS-MOBILE /Home - page/Cart icon -bag"))

2019-06-28 15:24:11 - [TEST_STEP][PASSED] - delay(4, OPTIONAL): Delayed 4 second(s)

2019-06-28 15:24:15 - [MESSAGE][PASSED] - Delayed 4 second(s)

2019-06-28 15:24:15 - [TEST_STEP][NOT_RUN] - click(findTestObject("OCS-MOBILE /Age gate and burger menu/button_Hide bar"), OPTIONAL): NOT_RUN: click(findTestObject("OCS-MOBILE /Age gate and burger menu/button_Hide bar"), OPTIONAL)

2019-06-28 15:24:15 - [MESSAGE][NOT_RUN] - NOT_RUN: click(findTestObject("OCS-MOBILE /Age gate and burger menu/button_Hide bar"), OPTIONAL)

2019-06-28 15:24:15 - [TEST_STEP][PASSED] - delay(2, OPTIONAL): Delayed 2 second(s)

2019-06-28 15:24:17 - [MESSAGE][PASSED] - Delayed 2 second(s)

2019-06-28 15:24:17 - [TEST_STEP][PASSED] - setViewPortSize(360, 800, OPTIONAL): Viewport is set to new size with width = 360 and height = 800

2019-06-28 15:24:17 - [MESSAGE][PASSED] - Viewport is set to new size with width = 360 and height = 800

2019-06-28 15:24:17 - [TEST_STEP][PASSED] - delay(2): Delayed 2 second(s)

2019-06-28 15:24:19 - [MESSAGE][PASSED] - Delayed 2 second(s)

2019-06-28 15:24:19 - [TEST_STEP][PASSED] - click(findTestObject("OCS-MOBILE /Cart flyout/Back icon")): Object: 'Object Repository/OCS-MOBILE /Cart flyout/Back icon' is clicked on

2019-06-28 15:24:19 - [MESSAGE][PASSED] - Object: 'Object Repository/OCS-MOBILE /Cart flyout/Back icon' is clicked on

2019-06-28 15:24:19 - [TEST_STEP][PASSED] - delay(2): Delayed 2 second(s)

2019-06-28 15:24:21 - [MESSAGE][PASSED] - Delayed 2 second(s)

2019-06-28 15:24:21 - [TEST_STEP][NOT_RUN] - scrollToElement(findTestObject("OCS-MOBILE /Product page/Product image"), 1): NOT_RUN: scrollToElement(findTestObject("OCS-MOBILE /Product page/Product image"), 1)

2019-06-28 15:24:21 - [MESSAGE][NOT_RUN] - NOT_RUN: scrollToElement(findTestObject("OCS-MOBILE /Product page/Product image"), 1)

2019-06-28 15:24:21 - [TEST_STEP][PASSED] - delay(2): Delayed 2 second(s)

2019-06-28 15:24:23 - [MESSAGE][PASSED] - Delayed 2 second(s)

2019-06-28 15:24:23 - [TEST_STEP][PASSED] - flag = verifyElementPresent(findTestObject("OCS-MOBILE /Product page/Swatch_3.5g"), 0): Object 'Object Repository/OCS-MOBILE /Product page/Swatch_3.5g' is present

2019-06-28 15:24:23 - [MESSAGE][WARNING] - Timeout '0' is invalid. Using default page load timeout: '30'

2019-06-28 15:24:23 - [MESSAGE][PASSED] - Object 'Object Repository/OCS-MOBILE /Product page/Swatch_3.5g' is present

2019-06-28 15:24:23 - [TEST_STEP][PASSED] - comment(" flag=" + flag):  flag=true

2019-06-28 15:24:23 - [MESSAGE][INFO] -  flag=true

2019-06-28 15:24:23 - [TEST_STEP][PASSED] - takeScreenshot(): Taking screenshot successfully

2019-06-28 15:24:23 - [MESSAGE][PASSED] - Taking screenshot successfully
[[ATTACHMENT|/Users/sumankompelly/Relative xpath-Mobile/Reports/Live site/20190628_151842/1561749863538.png]]

2019-06-28 15:24:23 - [TEST_STEP][PASSED] - if (flag == true): Actual object '10.25' and expected object '10.25' are equal

2019-06-28 15:24:23 - [TEST_STEP][PASSED] - delay(2): Delayed 2 second(s)

2019-06-28 15:24:25 - [MESSAGE][PASSED] - Delayed 2 second(s)

2019-06-28 15:24:25 - [TEST_STEP][PASSED] - click(findTestObject("OCS-MOBILE /Product page/Swatch_3.5g"), CONTINUE_ON_FAILURE): Object: 'Object Repository/OCS-MOBILE /Product page/Swatch_3.5g' is clicked on

2019-06-28 15:24:25 - [MESSAGE][PASSED] - Object: 'Object Repository/OCS-MOBILE /Product page/Swatch_3.5g' is clicked on

2019-06-28 15:24:25 - [TEST_STEP][PASSED] - delay(2): Delayed 2 second(s)

2019-06-28 15:24:27 - [MESSAGE][PASSED] - Delayed 2 second(s)

2019-06-28 15:24:27 - [TEST_STEP][PASSED] - click(findTestObject("OCS-MOBILE /Product page/Add to Bag-button")): Object: 'Object Repository/OCS-MOBILE /Product page/Add to Bag-button' is clicked on

2019-06-28 15:24:27 - [MESSAGE][PASSED] - Object: 'Object Repository/OCS-MOBILE /Product page/Add to Bag-button' is clicked on

2019-06-28 15:24:27 - [TEST_STEP][PASSED] - delay(3): Delayed 3 second(s)

2019-06-28 15:24:30 - [MESSAGE][PASSED] - Delayed 3 second(s)

2019-06-28 15:24:30 - [TEST_STEP][NOT_RUN] - click(findTestObject("OCS-MOBILE /Home - page/Cart icon -bag")): NOT_RUN: click(findTestObject("OCS-MOBILE /Home - page/Cart icon -bag"))

2019-06-28 15:24:30 - [MESSAGE][NOT_RUN] - NOT_RUN: click(findTestObject("OCS-MOBILE /Home - page/Cart icon -bag"))

2019-06-28 15:24:30 - [TEST_STEP][PASSED] - delay(2): Delayed 2 second(s)

2019-06-28 15:24:32 - [MESSAGE][PASSED] - Delayed 2 second(s)

2019-06-28 15:24:32 - [TEST_STEP][PASSED] - click(findTestObject("OCS-MOBILE /Cart flyout/Checkbox_I confirm that")): Object: 'Object Repository/OCS-MOBILE /Cart flyout/Checkbox_I confirm that' is clicked on

2019-06-28 15:24:33 - [MESSAGE][PASSED] - Object: 'Object Repository/OCS-MOBILE /Cart flyout/Checkbox_I confirm that' is clicked on

2019-06-28 15:24:33 - [TEST_STEP][PASSED] - click(findTestObject("OCS-MOBILE /Cart flyout/Checkbox_Accept the Terms Condition")): Object: 'Object Repository/OCS-MOBILE /Cart flyout/Checkbox_Accept the Terms Condition' is clicked on

2019-06-28 15:24:33 - [MESSAGE][PASSED] - Object: 'Object Repository/OCS-MOBILE /Cart flyout/Checkbox_Accept the Terms Condition' is clicked on

2019-06-28 15:24:33 - [TEST_STEP][PASSED] - delay(2): Delayed 2 second(s)

2019-06-28 15:24:35 - [MESSAGE][PASSED] - Delayed 2 second(s)

2019-06-28 15:24:35 - [TEST_STEP][PASSED] - click(findTestObject("OCS-MOBILE /Cart flyout/Checkout - Button")): Object: 'Object Repository/OCS-MOBILE /Cart flyout/Checkout - Button' is clicked on

2019-06-28 15:24:37 - [MESSAGE][PASSED] - Object: 'Object Repository/OCS-MOBILE /Cart flyout/Checkout - Button' is clicked on

2019-06-28 15:24:37 - [TEST_STEP][NOT_RUN] - executeJavaScript("var previewBar = document.getElementById("preview-bar-iframe"); previewBar.style.display = "none";", []): NOT_RUN: executeJavaScript("var previewBar = document.getElementById("preview-bar-iframe"); previewBar.style.display = "none";", [])

2019-06-28 15:24:37 - [MESSAGE][NOT_RUN] - NOT_RUN: executeJavaScript("var previewBar = document.getElementById("preview-bar-iframe"); previewBar.style.display = "none";", [])

2019-06-28 15:24:37 - [TEST_STEP][PASSED] - delay(2): Delayed 2 second(s)

2019-06-28 15:24:39 - [MESSAGE][PASSED] - Delayed 2 second(s)

2019-06-28 15:24:39 - [TEST_STEP][PASSED] - scrollToElement(findTestObject("OCS-MOBILE /Customer info page/Return to Cart - Link"), 1): Scroll to object 'Object Repository/OCS-MOBILE /Customer info page/Return to Cart - Link' successfully

2019-06-28 15:24:39 - [MESSAGE][PASSED] - Scroll to object 'Object Repository/OCS-MOBILE /Customer info page/Return to Cart - Link' successfully

2019-06-28 15:24:39 - [TEST_STEP][PASSED] - delay(2): Delayed 2 second(s)

2019-06-28 15:24:41 - [MESSAGE][PASSED] - Delayed 2 second(s)

2019-06-28 15:24:41 - [TEST_STEP][PASSED] - setViewPortSize(1000, 800, OPTIONAL): Viewport is set to new size with width = 1000 and height = 800

2019-06-28 15:24:41 - [MESSAGE][PASSED] - Viewport is set to new size with width = 1000 and height = 800

2019-06-28 15:24:41 - [TEST_STEP][PASSED] - delay(2, OPTIONAL): Delayed 2 second(s)

2019-06-28 15:24:43 - [MESSAGE][PASSED] - Delayed 2 second(s)

2019-06-28 15:24:43 - [TEST_STEP][PASSED] - click(findTestObject("Theme_oR/Page_Ontario Cannabis Store  Ontari/button_Hide bar"), OPTIONAL): Unable to click on object (Root cause: java.lang.IllegalArgumentException: Object is null)

2019-06-28 15:24:43 - [MESSAGE][WARNING] - Test object with id 'Object Repository/Theme_oR/Page_Ontario Cannabis Store  Ontari/button_Hide bar' does not exist

2019-06-28 15:24:43 - [MESSAGE][WARNING] - Test object with id 'Object Repository/' does not exist

2019-06-28 15:24:43 - [MESSAGE][WARNING] - Unable to click on object (Root cause: java.lang.IllegalArgumentException: Object is null)
[[ATTACHMENT|/Users/sumankompelly/Relative xpath-Mobile/Reports/Live site/20190628_151842/1561749883319.png]]

2019-06-28 15:24:43 - [TEST_STEP][PASSED] - delay(2, OPTIONAL): Delayed 2 second(s)

2019-06-28 15:24:45 - [MESSAGE][PASSED] - Delayed 2 second(s)

2019-06-28 15:24:45 - [TEST_STEP][PASSED] - setViewPortSize(360, 800, OPTIONAL): Viewport is set to new size with width = 360 and height = 800

2019-06-28 15:24:45 - [MESSAGE][PASSED] - Viewport is set to new size with width = 360 and height = 800

2019-06-28 15:24:45 - [TEST_STEP][PASSED] - delay(1): Delayed 1 second(s)

2019-06-28 15:24:46 - [MESSAGE][PASSED] - Delayed 1 second(s)

2019-06-28 15:24:46 - [TEST_STEP][PASSED] - click(findTestObject("OCS-MOBILE /Customer info page/Return to Cart - Link")): Object: 'Object Repository/OCS-MOBILE /Customer info page/Return to Cart - Link' is clicked on

2019-06-28 15:24:47 - [MESSAGE][PASSED] - Object: 'Object Repository/OCS-MOBILE /Customer info page/Return to Cart - Link' is clicked on

2019-06-28 15:24:47 - [TEST_STEP][PASSED] - delay(2): Delayed 2 second(s)

2019-06-28 15:24:49 - [MESSAGE][PASSED] - Delayed 2 second(s)

2019-06-28 15:24:49 - [TEST_STEP][NOT_RUN] - executeJavaScript("var previewBar = document.getElementById("preview-bar-iframe"); previewBar.style.display = "none";", []): NOT_RUN: executeJavaScript("var previewBar = document.getElementById("preview-bar-iframe"); previewBar.style.display = "none";", [])

2019-06-28 15:24:49 - [MESSAGE][NOT_RUN] - NOT_RUN: executeJavaScript("var previewBar = document.getElementById("preview-bar-iframe"); previewBar.style.display = "none";", [])

2019-06-28 15:24:49 - [TEST_STEP][PASSED] - delay(2): Delayed 2 second(s)

2019-06-28 15:24:51 - [MESSAGE][PASSED] - Delayed 2 second(s)

2019-06-28 15:24:51 - [TEST_STEP][PASSED] - setViewPortSize(1000, 800, OPTIONAL): Viewport is set to new size with width = 1000 and height = 800

2019-06-28 15:24:52 - [MESSAGE][PASSED] - Viewport is set to new size with width = 1000 and height = 800

2019-06-28 15:24:52 - [TEST_STEP][PASSED] - delay(2, OPTIONAL): Delayed 2 second(s)

2019-06-28 15:24:54 - [MESSAGE][PASSED] - Delayed 2 second(s)

2019-06-28 15:24:54 - [TEST_STEP][PASSED] - click(findTestObject("Theme_oR/Page_Ontario Cannabis Store  Ontari/button_Hide bar"), OPTIONAL): Unable to click on object (Root cause: java.lang.IllegalArgumentException: Object is null)

2019-06-28 15:24:54 - [MESSAGE][WARNING] - Test object with id 'Object Repository/Theme_oR/Page_Ontario Cannabis Store  Ontari/button_Hide bar' does not exist

2019-06-28 15:24:54 - [MESSAGE][WARNING] - Test object with id 'Object Repository/' does not exist

2019-06-28 15:24:54 - [MESSAGE][WARNING] - Unable to click on object (Root cause: java.lang.IllegalArgumentException: Object is null)
[[ATTACHMENT|/Users/sumankompelly/Relative xpath-Mobile/Reports/Live site/20190628_151842/1561749894071.png]]

2019-06-28 15:24:54 - [TEST_STEP][PASSED] - delay(2, OPTIONAL): Delayed 2 second(s)

2019-06-28 15:24:56 - [MESSAGE][PASSED] - Delayed 2 second(s)

2019-06-28 15:24:56 - [TEST_STEP][PASSED] - setViewPortSize(360, 800, OPTIONAL): Viewport is set to new size with width = 360 and height = 800

2019-06-28 15:24:56 - [MESSAGE][PASSED] - Viewport is set to new size with width = 360 and height = 800

2019-06-28 15:24:56 - [TEST_STEP][PASSED] - delay(1, OPTIONAL): Delayed 1 second(s)

2019-06-28 15:24:57 - [MESSAGE][PASSED] - Delayed 1 second(s)

2019-06-28 15:24:57 - [TEST_STEP][PASSED] - a = getText(findTestObject("OCS-MOBILE /Cart page/Unit price - 1st product")): Text of object 'Object Repository/OCS-MOBILE /Cart page/Unit price - 1st product' is: '$34.10'

2019-06-28 15:24:57 - [MESSAGE][PASSED] - Text of object 'Object Repository/OCS-MOBILE /Cart page/Unit price - 1st product' is: '$34.10'

2019-06-28 15:24:57 - [TEST_STEP][PASSED] - comment(a): $34.10

2019-06-28 15:24:57 - [MESSAGE][INFO] - $34.10

2019-06-28 15:24:57 - [TEST_STEP][PASSED] - a1 = a.substring(1): null

2019-06-28 15:24:57 - [TEST_STEP][PASSED] - comment("a1 = " + a1): a1 = 34.10

2019-06-28 15:24:57 - [MESSAGE][INFO] - a1 = 34.10

2019-06-28 15:24:57 - [TEST_STEP][PASSED] - delay(2): Delayed 2 second(s)

2019-06-28 15:24:59 - [MESSAGE][PASSED] - Delayed 2 second(s)

2019-06-28 15:24:59 - [TEST_STEP][PASSED] - b = getText(findTestObject("OCS-MOBILE /Cart page/Unit price - 2nd product")): Text of object 'Object Repository/OCS-MOBILE /Cart page/Unit price - 2nd product' is: '$10.25'

2019-06-28 15:24:59 - [MESSAGE][PASSED] - Text of object 'Object Repository/OCS-MOBILE /Cart page/Unit price - 2nd product' is: '$10.25'

2019-06-28 15:24:59 - [TEST_STEP][PASSED] - comment(b): $10.25

2019-06-28 15:24:59 - [MESSAGE][INFO] - $10.25

2019-06-28 15:24:59 - [TEST_STEP][PASSED] - a2 = b.substring(1): null

2019-06-28 15:24:59 - [TEST_STEP][PASSED] - comment("a2 = " + a2): a2 = 10.25

2019-06-28 15:24:59 - [MESSAGE][INFO] - a2 = 10.25

2019-06-28 15:24:59 - [TEST_STEP][PASSED] - c = getText(findTestObject("OCS-MOBILE /Cart page/Sub-total")): Text of object 'Object Repository/OCS-MOBILE /Cart page/Sub-total' is: '$44.35'

2019-06-28 15:24:59 - [MESSAGE][PASSED] - Text of object 'Object Repository/OCS-MOBILE /Cart page/Sub-total' is: '$44.35'

2019-06-28 15:24:59 - [TEST_STEP][PASSED] - comment(c): $44.35

2019-06-28 15:24:59 - [MESSAGE][INFO] - $44.35

2019-06-28 15:24:59 - [TEST_STEP][PASSED] - a3 = c.substring(1): null

2019-06-28 15:24:59 - [TEST_STEP][PASSED] - comment("a3 = " + a3): a3 = 44.35

2019-06-28 15:24:59 - [MESSAGE][INFO] - a3 = 44.35

2019-06-28 15:24:59 - [TEST_STEP][PASSED] - p2 = <not implemented yet for class: org.codehaus.groovy.ast.expr.EmptyExpression>: null

2019-06-28 15:24:59 - [TEST_STEP][PASSED] - p3 = <not implemented yet for class: org.codehaus.groovy.ast.expr.EmptyExpression>: null

2019-06-28 15:24:59 - [TEST_STEP][PASSED] - try: p2=34.1

2019-06-28 15:24:59 - [TEST_STEP][PASSED] - x1 = a1: null

2019-06-28 15:24:59 - [TEST_STEP][PASSED] - comment("x1=" + x1): x1=34.10

2019-06-28 15:24:59 - [MESSAGE][INFO] - x1=34.10

2019-06-28 15:24:59 - [TEST_STEP][PASSED] - p2 = Double.valueOf(x1): null

2019-06-28 15:24:59 - [TEST_STEP][PASSED] - comment("p2=" + p2): p2=34.1

2019-06-28 15:24:59 - [MESSAGE][INFO] - p2=34.1

2019-06-28 15:24:59 - [TEST_STEP][PASSED] - try: p3=10.25

2019-06-28 15:24:59 - [TEST_STEP][PASSED] - x2 = a2: null

2019-06-28 15:24:59 - [TEST_STEP][PASSED] - comment("x2=" + x2): x2=10.25

2019-06-28 15:24:59 - [MESSAGE][INFO] - x2=10.25

2019-06-28 15:24:59 - [TEST_STEP][PASSED] - p3 = Double.valueOf(x2): null

2019-06-28 15:24:59 - [TEST_STEP][PASSED] - comment("p3=" + p3): p3=10.25

2019-06-28 15:24:59 - [MESSAGE][INFO] - p3=10.25

2019-06-28 15:24:59 - [TEST_STEP][PASSED] - comment("p2=" + p2): p2=34.1

2019-06-28 15:24:59 - [MESSAGE][INFO] - p2=34.1

2019-06-28 15:24:59 - [TEST_STEP][PASSED] - comment("p3=" + p3): p3=10.25

2019-06-28 15:24:59 - [MESSAGE][INFO] - p3=10.25

2019-06-28 15:24:59 - [TEST_STEP][PASSED] - total = p2 + p3: null

2019-06-28 15:24:59 - [TEST_STEP][PASSED] - comment("total=" + total): total=44.35

2019-06-28 15:24:59 - [MESSAGE][INFO] - total=44.35

2019-06-28 15:24:59 - [TEST_STEP][PASSED] - verifyEqual(total, a3): Actual object '44.35' and expected object '44.35' are equal

2019-06-28 15:24:59 - [MESSAGE][PASSED] - Actual object '44.35' and expected object '44.35' are equal

2019-06-28 15:24:59 - [TEST_STEP][PASSED] - delay(2): Delayed 2 second(s)

2019-06-28 15:25:01 - [MESSAGE][PASSED] - Delayed 2 second(s)

2019-06-28 15:25:01 - [TEST_STEP][PASSED] - click(findTestObject("OCS-MOBILE /Cart page/Remove icon - 1st Product")): Object: 'Object Repository/OCS-MOBILE /Cart page/Remove icon - 1st Product' is clicked on

2019-06-28 15:25:02 - [MESSAGE][PASSED] - Object: 'Object Repository/OCS-MOBILE /Cart page/Remove icon - 1st Product' is clicked on

2019-06-28 15:25:02 - [TEST_STEP][PASSED] - delay(2): Delayed 2 second(s)

2019-06-28 15:25:04 - [MESSAGE][PASSED] - Delayed 2 second(s)

2019-06-28 15:25:04 - [TEST_STEP][PASSED] - c23 = getText(findTestObject("OCS-MOBILE /Cart page/Sub-total")): Text of object 'Object Repository/OCS-MOBILE /Cart page/Sub-total' is: '$10.25'

2019-06-28 15:25:04 - [MESSAGE][PASSED] - Text of object 'Object Repository/OCS-MOBILE /Cart page/Sub-total' is: '$10.25'

2019-06-28 15:25:04 - [TEST_STEP][PASSED] - comment(c23): $10.25

2019-06-28 15:25:04 - [MESSAGE][INFO] - $10.25

2019-06-28 15:25:04 - [TEST_STEP][PASSED] - a4 = c23.substring(1): null

2019-06-28 15:25:04 - [TEST_STEP][PASSED] - comment("a4= " + a4): a4= 10.25

2019-06-28 15:25:04 - [MESSAGE][INFO] - a4= 10.25

2019-06-28 15:25:04 - [TEST_STEP][PASSED] - b25 = getText(findTestObject("OCS-MOBILE /Cart page/Unit price - 1st product")): Text of object 'Object Repository/OCS-MOBILE /Cart page/Unit price - 1st product' is: '$10.25'

2019-06-28 15:25:04 - [MESSAGE][PASSED] - Text of object 'Object Repository/OCS-MOBILE /Cart page/Unit price - 1st product' is: '$10.25'

2019-06-28 15:25:04 - [TEST_STEP][PASSED] - comment(b25): $10.25

2019-06-28 15:25:04 - [MESSAGE][INFO] - $10.25

2019-06-28 15:25:04 - [TEST_STEP][PASSED] - a25 = b25.substring(1): null

2019-06-28 15:25:04 - [TEST_STEP][PASSED] - comment("a25 = " + a25): a25 = 10.25

2019-06-28 15:25:04 - [MESSAGE][INFO] - a25 = 10.25

2019-06-28 15:25:04 - [TEST_STEP][PASSED] - verifyEqual(a4, a25): Actual object '10.25' and expected object '10.25' are equal

2019-06-28 15:25:04 - [MESSAGE][PASSED] - Actual object '10.25' and expected object '10.25' are equal]]></system-out>
         <system-err><![CDATA[]]></system-err>
      </testcase>
      <testcase name="Test Cases/OCS - MOBILE/OCS- CRITICAL PATH/cart flyout- accessories" classname="Test Cases/OCS - MOBILE/OCS- CRITICAL PATH/cart flyout- accessories" status="PASSED">
         <system-out><![CDATA[2019-06-28 15:25:04 - [TEST_CASE][PASSED] - Test Cases/OCS - MOBILE/OCS- CRITICAL PATH/cart flyout- accessories: Test Cases/OCS - MOBILE/OCS- CRITICAL PATH/cart flyout- accessories

2019-06-28 15:25:05 - [TEST_STEP][PASSED] - callTestCase(findTestCase("OCS - MOBILE/CALL - AGE GATE"), [:], STOP_ON_FAILURE): Call Test Case 'Test Cases/OCS - MOBILE/CALL - AGE GATE' successfully

2019-06-28 15:25:05 - [TEST_CASE][PASSED] - Test Cases/OCS - MOBILE/CALL - AGE GATE: Test Cases/OCS - MOBILE/CALL - AGE GATE

2019-06-28 15:25:05 - [TEST_STEP][PASSED] - openBrowser(""): Browser is opened with url: ''

2019-06-28 15:25:05 - [MESSAGE][WARNING] - A browser is already opened. Closing browser and opening a new one

2019-06-28 15:25:05 - [MESSAGE][INFO] - Starting 'Chrome' driver

2019-06-28 15:25:06 - [MESSAGE][PASSED] - Browser is opened with url: ''

2019-06-28 15:25:06 - [TEST_STEP][PASSED] - navigateToUrl("ocs.ca"): Navigate to 'http://ocs.ca' successfully

2019-06-28 15:25:10 - [MESSAGE][PASSED] - Navigate to 'http://ocs.ca' successfully

2019-06-28 15:25:10 - [TEST_STEP][NOT_RUN] - executeJavaScript("var previewBar = document.getElementById("preview-bar-iframe"); previewBar.style.display = "none";", []): NOT_RUN: executeJavaScript("var previewBar = document.getElementById("preview-bar-iframe"); previewBar.style.display = "none";", [])

2019-06-28 15:25:10 - [MESSAGE][NOT_RUN] - NOT_RUN: executeJavaScript("var previewBar = document.getElementById("preview-bar-iframe"); previewBar.style.display = "none";", [])

2019-06-28 15:25:10 - [TEST_STEP][PASSED] - setViewPortSize(360, 800): Viewport is set to new size with width = 360 and height = 800

2019-06-28 15:25:10 - [MESSAGE][PASSED] - Viewport is set to new size with width = 360 and height = 800

2019-06-28 15:25:10 - [TEST_STEP][PASSED] - delay(4): Delayed 4 second(s)

2019-06-28 15:25:14 - [MESSAGE][PASSED] - Delayed 4 second(s)

2019-06-28 15:25:14 - [TEST_STEP][PASSED] - selectOptionByValue(findTestObject("OCS-MOBILE /Age gate and burger menu/Date"), "12", true): All options with value '12' are selected in object 'Object Repository/OCS-MOBILE /Age gate and burger menu/Date'  using regular expression

2019-06-28 15:25:14 - [MESSAGE][PASSED] - All options with value '12' are selected in object 'Object Repository/OCS-MOBILE /Age gate and burger menu/Date'  using regular expression

2019-06-28 15:25:14 - [TEST_STEP][PASSED] - selectOptionByValue(findTestObject("OCS-MOBILE /Age gate and burger menu/month"), "6", true): All options with value '6' are selected in object 'Object Repository/OCS-MOBILE /Age gate and burger menu/month'  using regular expression

2019-06-28 15:25:14 - [MESSAGE][PASSED] - All options with value '6' are selected in object 'Object Repository/OCS-MOBILE /Age gate and burger menu/month'  using regular expression

2019-06-28 15:25:14 - [TEST_STEP][PASSED] - delay(2): Delayed 2 second(s)

2019-06-28 15:25:16 - [MESSAGE][PASSED] - Delayed 2 second(s)

2019-06-28 15:25:16 - [TEST_STEP][PASSED] - selectOptionByValue(findTestObject("OCS-MOBILE /Age gate and burger menu/Year Dropdown"), "1990", true): All options with value '1990' are selected in object 'Object Repository/OCS-MOBILE /Age gate and burger menu/Year Dropdown'  using regular expression

2019-06-28 15:25:17 - [MESSAGE][PASSED] - All options with value '1990' are selected in object 'Object Repository/OCS-MOBILE /Age gate and burger menu/Year Dropdown'  using regular expression

2019-06-28 15:25:17 - [TEST_STEP][PASSED] - click(findTestObject("OCS-MOBILE /Age gate and Mega menu/button_Verify")): Object: 'Object Repository/OCS-MOBILE /Age gate and Mega menu/button_Verify' is clicked on

2019-06-28 15:25:17 - [MESSAGE][PASSED] - Object: 'Object Repository/OCS-MOBILE /Age gate and Mega menu/button_Verify' is clicked on

2019-06-28 15:25:17 - [TEST_STEP][PASSED] - click(findTestObject("OCS-MOBILE /Age gate and Mega menu/Checkbox_CONFIRM AND ACKNOWLEDGE")): Object: 'Object Repository/OCS-MOBILE /Age gate and Mega menu/Checkbox_CONFIRM AND ACKNOWLEDGE' is clicked on

2019-06-28 15:25:17 - [MESSAGE][PASSED] - Object: 'Object Repository/OCS-MOBILE /Age gate and Mega menu/Checkbox_CONFIRM AND ACKNOWLEDGE' is clicked on

2019-06-28 15:25:17 - [TEST_STEP][PASSED] - click(findTestObject("OCS-MOBILE /Age gate and Mega menu/button_CONFIRM")): Object: 'Object Repository/OCS-MOBILE /Age gate and Mega menu/button_CONFIRM' is clicked on

2019-06-28 15:25:18 - [MESSAGE][PASSED] - Object: 'Object Repository/OCS-MOBILE /Age gate and Mega menu/button_CONFIRM' is clicked on

2019-06-28 15:25:18 - [TEST_STEP][PASSED] - click(findTestObject("OCS-MOBILE /Age gate and Mega menu/button_Start Browsing")): Object: 'Object Repository/OCS-MOBILE /Age gate and Mega menu/button_Start Browsing' is clicked on

2019-06-28 15:25:18 - [MESSAGE][PASSED] - Object: 'Object Repository/OCS-MOBILE /Age gate and Mega menu/button_Start Browsing' is clicked on

2019-06-28 15:25:18 - [TEST_STEP][PASSED] - refresh(): Refresh successfully

2019-06-28 15:25:18 - [MESSAGE][PASSED] - Refresh successfully

2019-06-28 15:25:18 - [TEST_STEP][NOT_RUN] - executeJavaScript("var previewBar = document.getElementById("preview-bar-iframe"); previewBar.style.display = "none";", []): NOT_RUN: executeJavaScript("var previewBar = document.getElementById("preview-bar-iframe"); previewBar.style.display = "none";", [])

2019-06-28 15:25:18 - [MESSAGE][NOT_RUN] - NOT_RUN: executeJavaScript("var previewBar = document.getElementById("preview-bar-iframe"); previewBar.style.display = "none";", [])

2019-06-28 15:25:18 - [MESSAGE][PASSED] - Call Test Case 'Test Cases/OCS - MOBILE/CALL - AGE GATE' successfully

2019-06-28 15:25:18 - [TEST_STEP][PASSED] - delay(2): Delayed 2 second(s)

2019-06-28 15:25:20 - [MESSAGE][PASSED] - Delayed 2 second(s)

2019-06-28 15:25:20 - [TEST_STEP][PASSED] - click(findTestObject("OCS-MOBILE /Age gate and burger menu/Burger menu - English")): Object: 'Object Repository/OCS-MOBILE /Age gate and burger menu/Burger menu - English' is clicked on

2019-06-28 15:25:20 - [MESSAGE][PASSED] - Object: 'Object Repository/OCS-MOBILE /Age gate and burger menu/Burger menu - English' is clicked on

2019-06-28 15:25:20 - [TEST_STEP][PASSED] - delay(2): Delayed 2 second(s)

2019-06-28 15:25:22 - [MESSAGE][PASSED] - Delayed 2 second(s)

2019-06-28 15:25:22 - [TEST_STEP][PASSED] - click(findTestObject("OCS-MOBILE /Age gate and burger menu/Chevron_Cannabis")): Object: 'Object Repository/OCS-MOBILE /Age gate and burger menu/Chevron_Cannabis' is clicked on

2019-06-28 15:25:22 - [MESSAGE][PASSED] - Object: 'Object Repository/OCS-MOBILE /Age gate and burger menu/Chevron_Cannabis' is clicked on

2019-06-28 15:25:22 - [TEST_STEP][PASSED] - delay(2): Delayed 2 second(s)

2019-06-28 15:25:24 - [MESSAGE][PASSED] - Delayed 2 second(s)

2019-06-28 15:25:24 - [TEST_STEP][PASSED] - click(findTestObject("OCS-MOBILE /Age gate and burger menu/Dried Flower_Plus icon")): Object: 'Object Repository/OCS-MOBILE /Age gate and burger menu/Dried Flower_Plus icon' is clicked on

2019-06-28 15:25:24 - [MESSAGE][PASSED] - Object: 'Object Repository/OCS-MOBILE /Age gate and burger menu/Dried Flower_Plus icon' is clicked on

2019-06-28 15:25:24 - [TEST_STEP][PASSED] - delay(2): Delayed 2 second(s)

2019-06-28 15:25:26 - [MESSAGE][PASSED] - Delayed 2 second(s)

2019-06-28 15:25:26 - [TEST_STEP][PASSED] - click(findTestObject("OCS-MOBILE /Age gate and burger menu/Indica Dominant_Menu item")): Object: 'Object Repository/OCS-MOBILE /Age gate and burger menu/Indica Dominant_Menu item' is clicked on

2019-06-28 15:25:28 - [MESSAGE][PASSED] - Object: 'Object Repository/OCS-MOBILE /Age gate and burger menu/Indica Dominant_Menu item' is clicked on

2019-06-28 15:25:28 - [TEST_STEP][NOT_RUN] - executeJavaScript("var previewBar = document.getElementById("preview-bar-iframe"); previewBar.style.display = "none";", []): NOT_RUN: executeJavaScript("var previewBar = document.getElementById("preview-bar-iframe"); previewBar.style.display = "none";", [])

2019-06-28 15:25:28 - [MESSAGE][NOT_RUN] - NOT_RUN: executeJavaScript("var previewBar = document.getElementById("preview-bar-iframe"); previewBar.style.display = "none";", [])

2019-06-28 15:25:28 - [TEST_STEP][PASSED] - delay(2): Delayed 2 second(s)

2019-06-28 15:25:30 - [MESSAGE][PASSED] - Delayed 2 second(s)

2019-06-28 15:25:30 - [TEST_STEP][PASSED] - click(findTestObject("OCS-MOBILE /Collection page/Product image - 1st one")): Object: 'Object Repository/OCS-MOBILE /Collection page/Product image - 1st one' is clicked on

2019-06-28 15:25:34 - [MESSAGE][PASSED] - Object: 'Object Repository/OCS-MOBILE /Collection page/Product image - 1st one' is clicked on

2019-06-28 15:25:34 - [TEST_STEP][NOT_RUN] - scrollToElement(findTestObject("OCS-MOBILE /Product page/Product image"), 1): NOT_RUN: scrollToElement(findTestObject("OCS-MOBILE /Product page/Product image"), 1)

2019-06-28 15:25:34 - [MESSAGE][NOT_RUN] - NOT_RUN: scrollToElement(findTestObject("OCS-MOBILE /Product page/Product image"), 1)

2019-06-28 15:25:34 - [TEST_STEP][PASSED] - delay(2): Delayed 2 second(s)

2019-06-28 15:25:36 - [MESSAGE][PASSED] - Delayed 2 second(s)

2019-06-28 15:25:36 - [TEST_STEP][NOT_RUN] - executeJavaScript("var previewBar = document.getElementById("preview-bar-iframe"); previewBar.style.display = "none";", []): NOT_RUN: executeJavaScript("var previewBar = document.getElementById("preview-bar-iframe"); previewBar.style.display = "none";", [])

2019-06-28 15:25:36 - [MESSAGE][NOT_RUN] - NOT_RUN: executeJavaScript("var previewBar = document.getElementById("preview-bar-iframe"); previewBar.style.display = "none";", [])

2019-06-28 15:25:36 - [TEST_STEP][PASSED] - click(findTestObject("OCS-MOBILE /Product page/Swatch_1g")): Object: 'Object Repository/OCS-MOBILE /Product page/Swatch_1g' is clicked on

2019-06-28 15:25:36 - [MESSAGE][PASSED] - Object: 'Object Repository/OCS-MOBILE /Product page/Swatch_1g' is clicked on

2019-06-28 15:25:36 - [TEST_STEP][PASSED] - scrollToElement(findTestObject("OCS-MOBILE /Product page/Swatch_3.5g"), 1): Scroll to object 'Object Repository/OCS-MOBILE /Product page/Swatch_3.5g' successfully

2019-06-28 15:25:36 - [MESSAGE][PASSED] - Scroll to object 'Object Repository/OCS-MOBILE /Product page/Swatch_3.5g' successfully

2019-06-28 15:25:36 - [TEST_STEP][PASSED] - delay(2): Delayed 2 second(s)

2019-06-28 15:25:38 - [MESSAGE][PASSED] - Delayed 2 second(s)

2019-06-28 15:25:38 - [TEST_STEP][PASSED] - click(findTestObject("OCS-MOBILE /Product page/Add to Bag-button")): Object: 'Object Repository/OCS-MOBILE /Product page/Add to Bag-button' is clicked on

2019-06-28 15:25:38 - [MESSAGE][PASSED] - Object: 'Object Repository/OCS-MOBILE /Product page/Add to Bag-button' is clicked on

2019-06-28 15:25:38 - [TEST_STEP][PASSED] - delay(2): Delayed 2 second(s)

2019-06-28 15:25:40 - [MESSAGE][PASSED] - Delayed 2 second(s)

2019-06-28 15:25:40 - [TEST_STEP][NOT_RUN] - click(findTestObject("OCS-MOBILE /Home - page/Cart icon -bag")): NOT_RUN: click(findTestObject("OCS-MOBILE /Home - page/Cart icon -bag"))

2019-06-28 15:25:40 - [MESSAGE][NOT_RUN] - NOT_RUN: click(findTestObject("OCS-MOBILE /Home - page/Cart icon -bag"))

2019-06-28 15:25:40 - [TEST_STEP][PASSED] - delay(2): Delayed 2 second(s)

2019-06-28 15:25:42 - [MESSAGE][PASSED] - Delayed 2 second(s)

2019-06-28 15:25:42 - [TEST_STEP][PASSED] - click(findTestObject("OCS-MOBILE /Cart flyout/Up Chevron - Accessories you might need")): Object: 'Object Repository/OCS-MOBILE /Cart flyout/Up Chevron - Accessories you might need' is clicked on

2019-06-28 15:25:42 - [MESSAGE][PASSED] - Object: 'Object Repository/OCS-MOBILE /Cart flyout/Up Chevron - Accessories you might need' is clicked on

2019-06-28 15:25:42 - [TEST_STEP][PASSED] - delay(4): Delayed 4 second(s)

2019-06-28 15:25:46 - [MESSAGE][PASSED] - Delayed 4 second(s)

2019-06-28 15:25:46 - [TEST_STEP][PASSED] - click(findTestObject("OCS-MOBILE /Cart flyout/Down Chevron - Accessories you might need")): Object: 'Object Repository/OCS-MOBILE /Cart flyout/Down Chevron - Accessories you might need' is clicked on

2019-06-28 15:25:46 - [MESSAGE][PASSED] - Object: 'Object Repository/OCS-MOBILE /Cart flyout/Down Chevron - Accessories you might need' is clicked on]]></system-out>
         <system-err><![CDATA[]]></system-err>
      </testcase>
      <testcase name="Test Cases/OCS - MOBILE/OCS- CRITICAL PATH/Cart flyout-price comparison" classname="Test Cases/OCS - MOBILE/OCS- CRITICAL PATH/Cart flyout-price comparison" status="FAILED">
         <failure type="FAILED" message="Test Cases/OCS - MOBILE/OCS- CRITICAL PATH/Cart flyout-price comparison FAILED.
Reason:
com.kms.katalon.core.exception.StepFailedException: Unable to verify text 'Payment' is present  (Root cause: com.kms.katalon.core.exception.StepFailedException: Text 'Payment' is not present on page )
	at com.kms.katalon.core.keyword.internal.KeywordMain.stepFailed(KeywordMain.groovy:36)
	at com.kms.katalon.core.webui.keyword.internal.WebUIKeywordMain.stepFailed(WebUIKeywordMain.groovy:65)
	at com.kms.katalon.core.webui.keyword.internal.WebUIKeywordMain.runKeyword(WebUIKeywordMain.groovy:27)
	at com.kms.katalon.core.webui.keyword.builtin.VerifyTextPresentKeyword.verifyTextPresent(VerifyTextPresentKeyword.groovy:83)
	at com.kms.katalon.core.webui.keyword.builtin.VerifyTextPresentKeyword.execute(VerifyTextPresentKeyword.groovy:68)
	at com.kms.katalon.core.keyword.internal.KeywordExecutor.executeKeywordForPlatform(KeywordExecutor.groovy:53)
	at com.kms.katalon.core.webui.keyword.WebUiBuiltInKeywords.verifyTextPresent(WebUiBuiltInKeywords.groovy:1693)
	at com.kms.katalon.core.webui.keyword.WebUiBuiltInKeywords$verifyTextPresent$14.call(Unknown Source)
	at Cart flyout-price comparison.run(Cart flyout-price comparison:270)
	at com.kms.katalon.core.main.ScriptEngine.run(ScriptEngine.java:194)
	at com.kms.katalon.core.main.ScriptEngine.runScriptAsRawText(ScriptEngine.java:119)
	at com.kms.katalon.core.main.TestCaseExecutor.runScript(TestCaseExecutor.java:328)
	at com.kms.katalon.core.main.TestCaseExecutor.doExecute(TestCaseExecutor.java:319)
	at com.kms.katalon.core.main.TestCaseExecutor.processExecutionPhase(TestCaseExecutor.java:298)
	at com.kms.katalon.core.main.TestCaseExecutor.accessMainPhase(TestCaseExecutor.java:290)
	at com.kms.katalon.core.main.TestCaseExecutor.execute(TestCaseExecutor.java:224)
	at com.kms.katalon.core.main.TestSuiteExecutor.accessTestCaseMainPhase(TestSuiteExecutor.java:129)
	at com.kms.katalon.core.main.TestSuiteExecutor.accessTestSuiteMainPhase(TestSuiteExecutor.java:112)
	at com.kms.katalon.core.main.TestSuiteExecutor.execute(TestSuiteExecutor.java:81)
	at com.kms.katalon.core.main.TestCaseMain.startTestSuite(TestCaseMain.java:149)
	at com.kms.katalon.core.main.TestCaseMain$startTestSuite$0.call(Unknown Source)
	at TempTestSuite1561749522497.run(TempTestSuite1561749522497.groovy:36)
"/>
         <system-out><![CDATA[2019-06-28 15:25:46 - [TEST_CASE][FAILED] - Test Cases/OCS - MOBILE/OCS- CRITICAL PATH/Cart flyout-price comparison: Test Cases/OCS - MOBILE/OCS- CRITICAL PATH/Cart flyout-price comparison FAILED.
Reason:
com.kms.katalon.core.exception.StepFailedException: Unable to verify text 'Payment' is present  (Root cause: com.kms.katalon.core.exception.StepFailedException: Text 'Payment' is not present on page )
	at com.kms.katalon.core.keyword.internal.KeywordMain.stepFailed(KeywordMain.groovy:36)
	at com.kms.katalon.core.webui.keyword.internal.WebUIKeywordMain.stepFailed(WebUIKeywordMain.groovy:65)
	at com.kms.katalon.core.webui.keyword.internal.WebUIKeywordMain.runKeyword(WebUIKeywordMain.groovy:27)
	at com.kms.katalon.core.webui.keyword.builtin.VerifyTextPresentKeyword.verifyTextPresent(VerifyTextPresentKeyword.groovy:83)
	at com.kms.katalon.core.webui.keyword.builtin.VerifyTextPresentKeyword.execute(VerifyTextPresentKeyword.groovy:68)
	at com.kms.katalon.core.keyword.internal.KeywordExecutor.executeKeywordForPlatform(KeywordExecutor.groovy:53)
	at com.kms.katalon.core.webui.keyword.WebUiBuiltInKeywords.verifyTextPresent(WebUiBuiltInKeywords.groovy:1693)
	at com.kms.katalon.core.webui.keyword.WebUiBuiltInKeywords$verifyTextPresent$14.call(Unknown Source)
	at Cart flyout-price comparison.run(Cart flyout-price comparison:270)
	at com.kms.katalon.core.main.ScriptEngine.run(ScriptEngine.java:194)
	at com.kms.katalon.core.main.ScriptEngine.runScriptAsRawText(ScriptEngine.java:119)
	at com.kms.katalon.core.main.TestCaseExecutor.runScript(TestCaseExecutor.java:328)
	at com.kms.katalon.core.main.TestCaseExecutor.doExecute(TestCaseExecutor.java:319)
	at com.kms.katalon.core.main.TestCaseExecutor.processExecutionPhase(TestCaseExecutor.java:298)
	at com.kms.katalon.core.main.TestCaseExecutor.accessMainPhase(TestCaseExecutor.java:290)
	at com.kms.katalon.core.main.TestCaseExecutor.execute(TestCaseExecutor.java:224)
	at com.kms.katalon.core.main.TestSuiteExecutor.accessTestCaseMainPhase(TestSuiteExecutor.java:129)
	at com.kms.katalon.core.main.TestSuiteExecutor.accessTestSuiteMainPhase(TestSuiteExecutor.java:112)
	at com.kms.katalon.core.main.TestSuiteExecutor.execute(TestSuiteExecutor.java:81)
	at com.kms.katalon.core.main.TestCaseMain.startTestSuite(TestCaseMain.java:149)
	at com.kms.katalon.core.main.TestCaseMain$startTestSuite$0.call(Unknown Source)
	at TempTestSuite1561749522497.run(TempTestSuite1561749522497.groovy:36)


2019-06-28 15:25:46 - [TEST_STEP][PASSED] - callTestCase(findTestCase("OCS - MOBILE/CALL - AGE GATE"), [:], STOP_ON_FAILURE): Call Test Case 'Test Cases/OCS - MOBILE/CALL - AGE GATE' successfully

2019-06-28 15:25:46 - [TEST_CASE][PASSED] - Test Cases/OCS - MOBILE/CALL - AGE GATE: Test Cases/OCS - MOBILE/CALL - AGE GATE

2019-06-28 15:25:46 - [TEST_STEP][PASSED] - openBrowser(""): Browser is opened with url: ''

2019-06-28 15:25:46 - [MESSAGE][WARNING] - A browser is already opened. Closing browser and opening a new one

2019-06-28 15:25:46 - [MESSAGE][INFO] - Starting 'Chrome' driver

2019-06-28 15:25:47 - [MESSAGE][PASSED] - Browser is opened with url: ''

2019-06-28 15:25:47 - [TEST_STEP][PASSED] - navigateToUrl("ocs.ca"): Navigate to 'http://ocs.ca' successfully

2019-06-28 15:25:54 - [MESSAGE][PASSED] - Navigate to 'http://ocs.ca' successfully

2019-06-28 15:25:54 - [TEST_STEP][NOT_RUN] - executeJavaScript("var previewBar = document.getElementById("preview-bar-iframe"); previewBar.style.display = "none";", []): NOT_RUN: executeJavaScript("var previewBar = document.getElementById("preview-bar-iframe"); previewBar.style.display = "none";", [])

2019-06-28 15:25:54 - [MESSAGE][NOT_RUN] - NOT_RUN: executeJavaScript("var previewBar = document.getElementById("preview-bar-iframe"); previewBar.style.display = "none";", [])

2019-06-28 15:25:54 - [TEST_STEP][PASSED] - setViewPortSize(360, 800): Viewport is set to new size with width = 360 and height = 800

2019-06-28 15:25:54 - [MESSAGE][PASSED] - Viewport is set to new size with width = 360 and height = 800

2019-06-28 15:25:54 - [TEST_STEP][PASSED] - delay(4): Delayed 4 second(s)

2019-06-28 15:25:58 - [MESSAGE][PASSED] - Delayed 4 second(s)

2019-06-28 15:25:58 - [TEST_STEP][PASSED] - selectOptionByValue(findTestObject("OCS-MOBILE /Age gate and burger menu/Date"), "12", true): All options with value '12' are selected in object 'Object Repository/OCS-MOBILE /Age gate and burger menu/Date'  using regular expression

2019-06-28 15:25:58 - [MESSAGE][PASSED] - All options with value '12' are selected in object 'Object Repository/OCS-MOBILE /Age gate and burger menu/Date'  using regular expression

2019-06-28 15:25:58 - [TEST_STEP][PASSED] - selectOptionByValue(findTestObject("OCS-MOBILE /Age gate and burger menu/month"), "6", true): All options with value '6' are selected in object 'Object Repository/OCS-MOBILE /Age gate and burger menu/month'  using regular expression

2019-06-28 15:25:58 - [MESSAGE][PASSED] - All options with value '6' are selected in object 'Object Repository/OCS-MOBILE /Age gate and burger menu/month'  using regular expression

2019-06-28 15:25:58 - [TEST_STEP][PASSED] - delay(2): Delayed 2 second(s)

2019-06-28 15:26:00 - [MESSAGE][PASSED] - Delayed 2 second(s)

2019-06-28 15:26:00 - [TEST_STEP][PASSED] - selectOptionByValue(findTestObject("OCS-MOBILE /Age gate and burger menu/Year Dropdown"), "1990", true): All options with value '1990' are selected in object 'Object Repository/OCS-MOBILE /Age gate and burger menu/Year Dropdown'  using regular expression

2019-06-28 15:26:01 - [MESSAGE][PASSED] - All options with value '1990' are selected in object 'Object Repository/OCS-MOBILE /Age gate and burger menu/Year Dropdown'  using regular expression

2019-06-28 15:26:01 - [TEST_STEP][PASSED] - click(findTestObject("OCS-MOBILE /Age gate and Mega menu/button_Verify")): Object: 'Object Repository/OCS-MOBILE /Age gate and Mega menu/button_Verify' is clicked on

2019-06-28 15:26:01 - [MESSAGE][PASSED] - Object: 'Object Repository/OCS-MOBILE /Age gate and Mega menu/button_Verify' is clicked on

2019-06-28 15:26:01 - [TEST_STEP][PASSED] - click(findTestObject("OCS-MOBILE /Age gate and Mega menu/Checkbox_CONFIRM AND ACKNOWLEDGE")): Object: 'Object Repository/OCS-MOBILE /Age gate and Mega menu/Checkbox_CONFIRM AND ACKNOWLEDGE' is clicked on

2019-06-28 15:26:02 - [MESSAGE][PASSED] - Object: 'Object Repository/OCS-MOBILE /Age gate and Mega menu/Checkbox_CONFIRM AND ACKNOWLEDGE' is clicked on

2019-06-28 15:26:02 - [TEST_STEP][PASSED] - click(findTestObject("OCS-MOBILE /Age gate and Mega menu/button_CONFIRM")): Object: 'Object Repository/OCS-MOBILE /Age gate and Mega menu/button_CONFIRM' is clicked on

2019-06-28 15:26:02 - [MESSAGE][PASSED] - Object: 'Object Repository/OCS-MOBILE /Age gate and Mega menu/button_CONFIRM' is clicked on

2019-06-28 15:26:02 - [TEST_STEP][PASSED] - click(findTestObject("OCS-MOBILE /Age gate and Mega menu/button_Start Browsing")): Object: 'Object Repository/OCS-MOBILE /Age gate and Mega menu/button_Start Browsing' is clicked on

2019-06-28 15:26:02 - [MESSAGE][PASSED] - Object: 'Object Repository/OCS-MOBILE /Age gate and Mega menu/button_Start Browsing' is clicked on

2019-06-28 15:26:02 - [TEST_STEP][PASSED] - refresh(): Refresh successfully

2019-06-28 15:26:05 - [MESSAGE][PASSED] - Refresh successfully

2019-06-28 15:26:05 - [TEST_STEP][NOT_RUN] - executeJavaScript("var previewBar = document.getElementById("preview-bar-iframe"); previewBar.style.display = "none";", []): NOT_RUN: executeJavaScript("var previewBar = document.getElementById("preview-bar-iframe"); previewBar.style.display = "none";", [])

2019-06-28 15:26:05 - [MESSAGE][NOT_RUN] - NOT_RUN: executeJavaScript("var previewBar = document.getElementById("preview-bar-iframe"); previewBar.style.display = "none";", [])

2019-06-28 15:26:05 - [MESSAGE][PASSED] - Call Test Case 'Test Cases/OCS - MOBILE/CALL - AGE GATE' successfully

2019-06-28 15:26:05 - [TEST_STEP][PASSED] - delay(2): Delayed 2 second(s)

2019-06-28 15:26:07 - [MESSAGE][PASSED] - Delayed 2 second(s)

2019-06-28 15:26:07 - [TEST_STEP][PASSED] - click(findTestObject("OCS-MOBILE /Age gate and burger menu/Burger menu - English")): Object: 'Object Repository/OCS-MOBILE /Age gate and burger menu/Burger menu - English' is clicked on

2019-06-28 15:26:07 - [MESSAGE][PASSED] - Object: 'Object Repository/OCS-MOBILE /Age gate and burger menu/Burger menu - English' is clicked on

2019-06-28 15:26:07 - [TEST_STEP][PASSED] - delay(2): Delayed 2 second(s)

2019-06-28 15:26:09 - [MESSAGE][PASSED] - Delayed 2 second(s)

2019-06-28 15:26:09 - [TEST_STEP][PASSED] - click(findTestObject("OCS-MOBILE /Age gate and burger menu/Chevron_Cannabis")): Object: 'Object Repository/OCS-MOBILE /Age gate and burger menu/Chevron_Cannabis' is clicked on

2019-06-28 15:26:09 - [MESSAGE][PASSED] - Object: 'Object Repository/OCS-MOBILE /Age gate and burger menu/Chevron_Cannabis' is clicked on

2019-06-28 15:26:09 - [TEST_STEP][PASSED] - delay(2): Delayed 2 second(s)

2019-06-28 15:26:11 - [MESSAGE][PASSED] - Delayed 2 second(s)

2019-06-28 15:26:11 - [TEST_STEP][PASSED] - click(findTestObject("OCS-MOBILE /Age gate and burger menu/Dried Flower_Plus icon")): Object: 'Object Repository/OCS-MOBILE /Age gate and burger menu/Dried Flower_Plus icon' is clicked on

2019-06-28 15:26:11 - [MESSAGE][PASSED] - Object: 'Object Repository/OCS-MOBILE /Age gate and burger menu/Dried Flower_Plus icon' is clicked on

2019-06-28 15:26:11 - [TEST_STEP][PASSED] - delay(2): Delayed 2 second(s)

2019-06-28 15:26:13 - [MESSAGE][PASSED] - Delayed 2 second(s)

2019-06-28 15:26:13 - [TEST_STEP][PASSED] - click(findTestObject("OCS-MOBILE /Age gate and burger menu/Indica Dominant_Menu item")): Object: 'Object Repository/OCS-MOBILE /Age gate and burger menu/Indica Dominant_Menu item' is clicked on

2019-06-28 15:26:15 - [MESSAGE][PASSED] - Object: 'Object Repository/OCS-MOBILE /Age gate and burger menu/Indica Dominant_Menu item' is clicked on

2019-06-28 15:26:15 - [TEST_STEP][PASSED] - delay(2): Delayed 2 second(s)

2019-06-28 15:26:18 - [MESSAGE][PASSED] - Delayed 2 second(s)

2019-06-28 15:26:18 - [TEST_STEP][NOT_RUN] - executeJavaScript("var previewBar = document.getElementById("preview-bar-iframe"); previewBar.style.display = "none";", []): NOT_RUN: executeJavaScript("var previewBar = document.getElementById("preview-bar-iframe"); previewBar.style.display = "none";", [])

2019-06-28 15:26:18 - [MESSAGE][NOT_RUN] - NOT_RUN: executeJavaScript("var previewBar = document.getElementById("preview-bar-iframe"); previewBar.style.display = "none";", [])

2019-06-28 15:26:18 - [TEST_STEP][PASSED] - click(findTestObject("OCS-MOBILE /Collection page/Product image - 1st one")): Object: 'Object Repository/OCS-MOBILE /Collection page/Product image - 1st one' is clicked on

2019-06-28 15:26:21 - [MESSAGE][PASSED] - Object: 'Object Repository/OCS-MOBILE /Collection page/Product image - 1st one' is clicked on

2019-06-28 15:26:21 - [TEST_STEP][NOT_RUN] - executeJavaScript("var previewBar = document.getElementById("preview-bar-iframe"); previewBar.style.display = "none";", []): NOT_RUN: executeJavaScript("var previewBar = document.getElementById("preview-bar-iframe"); previewBar.style.display = "none";", [])

2019-06-28 15:26:21 - [MESSAGE][NOT_RUN] - NOT_RUN: executeJavaScript("var previewBar = document.getElementById("preview-bar-iframe"); previewBar.style.display = "none";", [])

2019-06-28 15:26:21 - [TEST_STEP][NOT_RUN] - scrollToElement(findTestObject("OCS-MOBILE /Product page/Product image"), 1): NOT_RUN: scrollToElement(findTestObject("OCS-MOBILE /Product page/Product image"), 1)

2019-06-28 15:26:21 - [MESSAGE][NOT_RUN] - NOT_RUN: scrollToElement(findTestObject("OCS-MOBILE /Product page/Product image"), 1)

2019-06-28 15:26:21 - [TEST_STEP][PASSED] - delay(2): Delayed 2 second(s)

2019-06-28 15:26:23 - [MESSAGE][PASSED] - Delayed 2 second(s)

2019-06-28 15:26:23 - [TEST_STEP][PASSED] - flag = verifyElementPresent(findTestObject("OCS-MOBILE /Product page/Swatch_3.5g"), 0): Object 'Object Repository/OCS-MOBILE /Product page/Swatch_3.5g' is present

2019-06-28 15:26:23 - [MESSAGE][WARNING] - Timeout '0' is invalid. Using default page load timeout: '30'

2019-06-28 15:26:23 - [MESSAGE][PASSED] - Object 'Object Repository/OCS-MOBILE /Product page/Swatch_3.5g' is present

2019-06-28 15:26:23 - [TEST_STEP][PASSED] - comment(" flag=" + flag):  flag=true

2019-06-28 15:26:23 - [MESSAGE][INFO] -  flag=true

2019-06-28 15:26:23 - [TEST_STEP][PASSED] - takeScreenshot(): Taking screenshot successfully

2019-06-28 15:26:23 - [MESSAGE][PASSED] - Taking screenshot successfully
[[ATTACHMENT|/Users/sumankompelly/Relative xpath-Mobile/Reports/Live site/20190628_151842/1561749983432.png]]

2019-06-28 15:26:23 - [TEST_STEP][PASSED] - if (flag == true): Delayed 2 second(s)

2019-06-28 15:26:23 - [TEST_STEP][NOT_RUN] - scrollToElement(findTestObject("OCS-MOBILE /Product page/Swatch_3.5g"), 1): NOT_RUN: scrollToElement(findTestObject("OCS-MOBILE /Product page/Swatch_3.5g"), 1)

2019-06-28 15:26:23 - [MESSAGE][NOT_RUN] - NOT_RUN: scrollToElement(findTestObject("OCS-MOBILE /Product page/Swatch_3.5g"), 1)

2019-06-28 15:26:23 - [TEST_STEP][PASSED] - click(findTestObject("OCS-MOBILE /Product page/Swatch_3.5g"), CONTINUE_ON_FAILURE): Object: 'Object Repository/OCS-MOBILE /Product page/Swatch_3.5g' is clicked on

2019-06-28 15:26:23 - [MESSAGE][PASSED] - Object: 'Object Repository/OCS-MOBILE /Product page/Swatch_3.5g' is clicked on

2019-06-28 15:26:23 - [TEST_STEP][PASSED] - delay(2): Delayed 2 second(s)

2019-06-28 15:26:25 - [MESSAGE][PASSED] - Delayed 2 second(s)

2019-06-28 15:26:25 - [TEST_STEP][NOT_RUN] - executeJavaScript("var previewBar = document.getElementById("preview-bar-iframe"); previewBar.style.display = "none";", []): NOT_RUN: executeJavaScript("var previewBar = document.getElementById("preview-bar-iframe"); previewBar.style.display = "none";", [])

2019-06-28 15:26:25 - [MESSAGE][NOT_RUN] - NOT_RUN: executeJavaScript("var previewBar = document.getElementById("preview-bar-iframe"); previewBar.style.display = "none";", [])

2019-06-28 15:26:25 - [TEST_STEP][PASSED] - delay(1, OPTIONAL): Delayed 1 second(s)

2019-06-28 15:26:26 - [MESSAGE][PASSED] - Delayed 1 second(s)

2019-06-28 15:26:26 - [TEST_STEP][PASSED] - click(findTestObject("OCS-MOBILE /Product page/Add to Bag-button")): Object: 'Object Repository/OCS-MOBILE /Product page/Add to Bag-button' is clicked on

2019-06-28 15:26:26 - [MESSAGE][PASSED] - Object: 'Object Repository/OCS-MOBILE /Product page/Add to Bag-button' is clicked on

2019-06-28 15:26:26 - [TEST_STEP][PASSED] - delay(1): Delayed 1 second(s)

2019-06-28 15:26:27 - [MESSAGE][PASSED] - Delayed 1 second(s)

2019-06-28 15:26:27 - [TEST_STEP][PASSED] - click(findTestObject("OCS-MOBILE /Cart flyout/Back icon")): Object: 'Object Repository/OCS-MOBILE /Cart flyout/Back icon' is clicked on

2019-06-28 15:26:27 - [MESSAGE][PASSED] - Object: 'Object Repository/OCS-MOBILE /Cart flyout/Back icon' is clicked on

2019-06-28 15:26:27 - [TEST_STEP][PASSED] - delay(2): Delayed 2 second(s)

2019-06-28 15:26:29 - [MESSAGE][PASSED] - Delayed 2 second(s)

2019-06-28 15:26:29 - [TEST_STEP][PASSED] - click(findTestObject("OCS-MOBILE /Age gate and burger menu/Burger menu - English")): Object: 'Object Repository/OCS-MOBILE /Age gate and burger menu/Burger menu - English' is clicked on

2019-06-28 15:26:30 - [MESSAGE][PASSED] - Object: 'Object Repository/OCS-MOBILE /Age gate and burger menu/Burger menu - English' is clicked on

2019-06-28 15:26:30 - [TEST_STEP][PASSED] - delay(2): Delayed 2 second(s)

2019-06-28 15:26:32 - [MESSAGE][PASSED] - Delayed 2 second(s)

2019-06-28 15:26:32 - [TEST_STEP][PASSED] - click(findTestObject("OCS-MOBILE /Age gate and burger menu/Chevron_Cannabis")): Object: 'Object Repository/OCS-MOBILE /Age gate and burger menu/Chevron_Cannabis' is clicked on

2019-06-28 15:26:32 - [MESSAGE][PASSED] - Object: 'Object Repository/OCS-MOBILE /Age gate and burger menu/Chevron_Cannabis' is clicked on

2019-06-28 15:26:32 - [TEST_STEP][PASSED] - delay(2): Delayed 2 second(s)

2019-06-28 15:26:34 - [MESSAGE][PASSED] - Delayed 2 second(s)

2019-06-28 15:26:34 - [TEST_STEP][PASSED] - click(findTestObject("OCS-MOBILE /Cannabis page/Dried flower")): Object: 'Object Repository/OCS-MOBILE /Cannabis page/Dried flower' is clicked on

2019-06-28 15:26:34 - [MESSAGE][PASSED] - Object: 'Object Repository/OCS-MOBILE /Cannabis page/Dried flower' is clicked on

2019-06-28 15:26:34 - [TEST_STEP][PASSED] - delay(2): Delayed 2 second(s)

2019-06-28 15:26:36 - [MESSAGE][PASSED] - Delayed 2 second(s)

2019-06-28 15:26:36 - [TEST_STEP][PASSED] - click(findTestObject("OCS-MOBILE /Age gate and burger menu/Indica Dominant_Menu item")): Object: 'Object Repository/OCS-MOBILE /Age gate and burger menu/Indica Dominant_Menu item' is clicked on

2019-06-28 15:26:38 - [MESSAGE][PASSED] - Object: 'Object Repository/OCS-MOBILE /Age gate and burger menu/Indica Dominant_Menu item' is clicked on

2019-06-28 15:26:38 - [TEST_STEP][PASSED] - delay(2): Delayed 2 second(s)

2019-06-28 15:26:40 - [MESSAGE][PASSED] - Delayed 2 second(s)

2019-06-28 15:26:40 - [TEST_STEP][PASSED] - scrollToElement(findTestObject("OCS-MOBILE /Collection page/Product image - 1st one"), 1): Scroll to object 'Object Repository/OCS-MOBILE /Collection page/Product image - 1st one' successfully

2019-06-28 15:26:40 - [MESSAGE][PASSED] - Scroll to object 'Object Repository/OCS-MOBILE /Collection page/Product image - 1st one' successfully

2019-06-28 15:26:40 - [TEST_STEP][PASSED] - delay(1): Delayed 1 second(s)

2019-06-28 15:26:41 - [MESSAGE][PASSED] - Delayed 1 second(s)

2019-06-28 15:26:41 - [TEST_STEP][PASSED] - navigateToUrl("https://ocs.ca/products/dream-weaver"): Navigate to 'https://ocs.ca/products/dream-weaver' successfully

2019-06-28 15:26:44 - [MESSAGE][PASSED] - Navigate to 'https://ocs.ca/products/dream-weaver' successfully

2019-06-28 15:26:44 - [TEST_STEP][NOT_RUN] - click(findTestObject("OCS-MOBILE /Collection page/Product image - 2nd one")): NOT_RUN: click(findTestObject("OCS-MOBILE /Collection page/Product image - 2nd one"))

2019-06-28 15:26:44 - [MESSAGE][NOT_RUN] - NOT_RUN: click(findTestObject("OCS-MOBILE /Collection page/Product image - 2nd one"))

2019-06-28 15:26:44 - [TEST_STEP][PASSED] - delay(2): Delayed 2 second(s)

2019-06-28 15:26:46 - [MESSAGE][PASSED] - Delayed 2 second(s)

2019-06-28 15:26:46 - [TEST_STEP][NOT_RUN] - scrollToElement(findTestObject("OCS-MOBILE /Product page/Product image"), 1): NOT_RUN: scrollToElement(findTestObject("OCS-MOBILE /Product page/Product image"), 1)

2019-06-28 15:26:46 - [MESSAGE][NOT_RUN] - NOT_RUN: scrollToElement(findTestObject("OCS-MOBILE /Product page/Product image"), 1)

2019-06-28 15:26:46 - [TEST_STEP][PASSED] - delay(2): Delayed 2 second(s)

2019-06-28 15:26:48 - [MESSAGE][PASSED] - Delayed 2 second(s)

2019-06-28 15:26:48 - [TEST_STEP][NOT_RUN] - executeJavaScript("var previewBar = document.getElementById("preview-bar-iframe"); previewBar.style.display = "none";", []): NOT_RUN: executeJavaScript("var previewBar = document.getElementById("preview-bar-iframe"); previewBar.style.display = "none";", [])

2019-06-28 15:26:48 - [MESSAGE][NOT_RUN] - NOT_RUN: executeJavaScript("var previewBar = document.getElementById("preview-bar-iframe"); previewBar.style.display = "none";", [])

2019-06-28 15:26:48 - [TEST_STEP][PASSED] - scrollToElement(findTestObject("OCS-MOBILE /Product page/Swatch_3.5g"), 1): Scroll to object 'Object Repository/OCS-MOBILE /Product page/Swatch_3.5g' successfully

2019-06-28 15:26:48 - [MESSAGE][PASSED] - Scroll to object 'Object Repository/OCS-MOBILE /Product page/Swatch_3.5g' successfully

2019-06-28 15:26:48 - [TEST_STEP][PASSED] - delay(2): Delayed 2 second(s)

2019-06-28 15:26:50 - [MESSAGE][PASSED] - Delayed 2 second(s)

2019-06-28 15:26:50 - [TEST_STEP][PASSED] - click(findTestObject("OCS-MOBILE /Product page/Swatch_1g")): Object: 'Object Repository/OCS-MOBILE /Product page/Swatch_1g' is clicked on

2019-06-28 15:26:51 - [MESSAGE][PASSED] - Object: 'Object Repository/OCS-MOBILE /Product page/Swatch_1g' is clicked on

2019-06-28 15:26:51 - [TEST_STEP][PASSED] - delay(2): Delayed 2 second(s)

2019-06-28 15:26:53 - [MESSAGE][PASSED] - Delayed 2 second(s)

2019-06-28 15:26:53 - [TEST_STEP][PASSED] - click(findTestObject("OCS-MOBILE /Product page/Add to Bag-button")): Object: 'Object Repository/OCS-MOBILE /Product page/Add to Bag-button' is clicked on

2019-06-28 15:26:53 - [MESSAGE][PASSED] - Object: 'Object Repository/OCS-MOBILE /Product page/Add to Bag-button' is clicked on

2019-06-28 15:26:53 - [TEST_STEP][PASSED] - delay(1): Delayed 1 second(s)

2019-06-28 15:26:54 - [MESSAGE][PASSED] - Delayed 1 second(s)

2019-06-28 15:26:54 - [TEST_STEP][NOT_RUN] - click(findTestObject("OCS-MOBILE /Home - page/Cart icon -bag")): NOT_RUN: click(findTestObject("OCS-MOBILE /Home - page/Cart icon -bag"))

2019-06-28 15:26:54 - [MESSAGE][NOT_RUN] - NOT_RUN: click(findTestObject("OCS-MOBILE /Home - page/Cart icon -bag"))

2019-06-28 15:26:54 - [TEST_STEP][PASSED] - delay(2): Delayed 2 second(s)

2019-06-28 15:26:56 - [MESSAGE][PASSED] - Delayed 2 second(s)

2019-06-28 15:26:56 - [TEST_STEP][PASSED] - k = getText(findTestObject("OCS-MOBILE /Cart flyout/Unit price - 1st Product")): Text of object 'Object Repository/OCS-MOBILE /Cart flyout/Unit price - 1st Product' is: '$10.25'

2019-06-28 15:26:56 - [MESSAGE][PASSED] - Text of object 'Object Repository/OCS-MOBILE /Cart flyout/Unit price - 1st Product' is: '$10.25'

2019-06-28 15:26:56 - [TEST_STEP][PASSED] - delay(2): Delayed 2 second(s)

2019-06-28 15:26:58 - [MESSAGE][PASSED] - Delayed 2 second(s)

2019-06-28 15:26:58 - [TEST_STEP][PASSED] - a = getText(findTestObject("OCS-MOBILE /Cart flyout/Unit price - 2nd Product")): Text of object 'Object Repository/OCS-MOBILE /Cart flyout/Unit price - 2nd Product' is: '$34.10'

2019-06-28 15:26:58 - [MESSAGE][PASSED] - Text of object 'Object Repository/OCS-MOBILE /Cart flyout/Unit price - 2nd Product' is: '$34.10'

2019-06-28 15:26:58 - [TEST_STEP][PASSED] - delay(2): Delayed 2 second(s)

2019-06-28 15:27:00 - [MESSAGE][PASSED] - Delayed 2 second(s)

2019-06-28 15:27:00 - [TEST_STEP][PASSED] - comment("a=" + a): a=$34.10

2019-06-28 15:27:00 - [MESSAGE][INFO] - a=$34.10

2019-06-28 15:27:00 - [TEST_STEP][PASSED] - without = a.substring(1): null

2019-06-28 15:27:00 - [TEST_STEP][PASSED] - comment("without = " + without): without = 34.10

2019-06-28 15:27:00 - [MESSAGE][INFO] - without = 34.10

2019-06-28 15:27:00 - [TEST_STEP][PASSED] - comment("k=" + k): k=$10.25

2019-06-28 15:27:00 - [MESSAGE][INFO] - k=$10.25

2019-06-28 15:27:00 - [TEST_STEP][PASSED] - without1 = k.substring(1): null

2019-06-28 15:27:00 - [TEST_STEP][PASSED] - comment("without1 = " + without1): without1 = 10.25

2019-06-28 15:27:00 - [MESSAGE][INFO] - without1 = 10.25

2019-06-28 15:27:00 - [TEST_STEP][PASSED] - p1 = <not implemented yet for class: org.codehaus.groovy.ast.expr.EmptyExpression>: null

2019-06-28 15:27:00 - [TEST_STEP][PASSED] - p2 = <not implemented yet for class: org.codehaus.groovy.ast.expr.EmptyExpression>: null

2019-06-28 15:27:00 - [TEST_STEP][PASSED] - try: p1=34.1

2019-06-28 15:27:00 - [TEST_STEP][PASSED] - str = without: null

2019-06-28 15:27:00 - [TEST_STEP][PASSED] - comment("str=" + str): str=34.10

2019-06-28 15:27:00 - [MESSAGE][INFO] - str=34.10

2019-06-28 15:27:00 - [TEST_STEP][PASSED] - p1 = Double.valueOf(str): null

2019-06-28 15:27:00 - [TEST_STEP][PASSED] - comment("p1=" + p1): p1=34.1

2019-06-28 15:27:00 - [MESSAGE][INFO] - p1=34.1

2019-06-28 15:27:00 - [TEST_STEP][PASSED] - try: p2=10.25

2019-06-28 15:27:00 - [TEST_STEP][PASSED] - str5 = without1: null

2019-06-28 15:27:00 - [TEST_STEP][PASSED] - comment("str5=" + str5): str5=10.25

2019-06-28 15:27:00 - [MESSAGE][INFO] - str5=10.25

2019-06-28 15:27:00 - [TEST_STEP][PASSED] - p2 = Double.valueOf(str5): null

2019-06-28 15:27:00 - [TEST_STEP][PASSED] - comment("p2=" + p2): p2=10.25

2019-06-28 15:27:00 - [MESSAGE][INFO] - p2=10.25

2019-06-28 15:27:00 - [TEST_STEP][PASSED] - total = p1 + p2: null

2019-06-28 15:27:00 - [TEST_STEP][PASSED] - comment("total =" + total): total =44.35

2019-06-28 15:27:00 - [MESSAGE][INFO] - total =44.35

2019-06-28 15:27:00 - [TEST_STEP][NOT_RUN] - executeJavaScript("var previewBar = document.getElementById("preview-bar-iframe"); previewBar.style.display = "none";", []): NOT_RUN: executeJavaScript("var previewBar = document.getElementById("preview-bar-iframe"); previewBar.style.display = "none";", [])

2019-06-28 15:27:00 - [MESSAGE][NOT_RUN] - NOT_RUN: executeJavaScript("var previewBar = document.getElementById("preview-bar-iframe"); previewBar.style.display = "none";", [])

2019-06-28 15:27:00 - [TEST_STEP][PASSED] - amount = getText(findTestObject("OCS-MOBILE /Cart flyout/Sub-total Price")): Text of object 'Object Repository/OCS-MOBILE /Cart flyout/Sub-total Price' is: '$44.35'

2019-06-28 15:27:00 - [MESSAGE][PASSED] - Text of object 'Object Repository/OCS-MOBILE /Cart flyout/Sub-total Price' is: '$44.35'

2019-06-28 15:27:00 - [TEST_STEP][PASSED] - delay(2): Delayed 2 second(s)

2019-06-28 15:27:02 - [MESSAGE][PASSED] - Delayed 2 second(s)

2019-06-28 15:27:02 - [TEST_STEP][PASSED] - comment("amount =" + amount): amount =$44.35

2019-06-28 15:27:02 - [MESSAGE][INFO] - amount =$44.35

2019-06-28 15:27:02 - [TEST_STEP][PASSED] - soustotal = amount.substring(1): null

2019-06-28 15:27:02 - [TEST_STEP][PASSED] - comment("soustotal= " + soustotal): soustotal= 44.35

2019-06-28 15:27:02 - [MESSAGE][INFO] - soustotal= 44.35

2019-06-28 15:27:02 - [TEST_STEP][PASSED] - p = <not implemented yet for class: org.codehaus.groovy.ast.expr.EmptyExpression>: null

2019-06-28 15:27:02 - [TEST_STEP][PASSED] - try: p=44.35

2019-06-28 15:27:02 - [TEST_STEP][PASSED] - finalprice = soustotal: null

2019-06-28 15:27:02 - [TEST_STEP][PASSED] - comment("finalprice=" + finalprice): finalprice=44.35

2019-06-28 15:27:02 - [MESSAGE][INFO] - finalprice=44.35

2019-06-28 15:27:02 - [TEST_STEP][PASSED] - p = Double.valueOf(finalprice): null

2019-06-28 15:27:02 - [TEST_STEP][PASSED] - comment("p=" + p): p=44.35

2019-06-28 15:27:02 - [MESSAGE][INFO] - p=44.35

2019-06-28 15:27:02 - [TEST_STEP][PASSED] - finalprice = soustotal: null

2019-06-28 15:27:02 - [TEST_STEP][PASSED] - comment("finalprice=" + finalprice): finalprice=44.35

2019-06-28 15:27:02 - [MESSAGE][INFO] - finalprice=44.35

2019-06-28 15:27:02 - [TEST_STEP][PASSED] - p = Double.valueOf(finalprice): null

2019-06-28 15:27:02 - [TEST_STEP][PASSED] - comment("p=" + p): p=44.35

2019-06-28 15:27:02 - [MESSAGE][INFO] - p=44.35

2019-06-28 15:27:02 - [TEST_STEP][PASSED] - verifyEqual(total, p): Actual object '44.35' and expected object '44.35' are equal

2019-06-28 15:27:02 - [MESSAGE][PASSED] - Actual object '44.35' and expected object '44.35' are equal

2019-06-28 15:27:02 - [TEST_STEP][PASSED] - comment("cart items price equal"): cart items price equal

2019-06-28 15:27:02 - [MESSAGE][INFO] - cart items price equal

2019-06-28 15:27:02 - [TEST_STEP][PASSED] - click(findTestObject("OCS-MOBILE /Cart flyout/Checkbox_I confirm that")): Object: 'Object Repository/OCS-MOBILE /Cart flyout/Checkbox_I confirm that' is clicked on

2019-06-28 15:27:02 - [MESSAGE][PASSED] - Object: 'Object Repository/OCS-MOBILE /Cart flyout/Checkbox_I confirm that' is clicked on

2019-06-28 15:27:02 - [TEST_STEP][PASSED] - click(findTestObject("OCS-MOBILE /Cart flyout/Checkbox_Accept the Terms Condition")): Object: 'Object Repository/OCS-MOBILE /Cart flyout/Checkbox_Accept the Terms Condition' is clicked on

2019-06-28 15:27:02 - [MESSAGE][PASSED] - Object: 'Object Repository/OCS-MOBILE /Cart flyout/Checkbox_Accept the Terms Condition' is clicked on

2019-06-28 15:27:02 - [TEST_STEP][PASSED] - delay(2): Delayed 2 second(s)

2019-06-28 15:27:04 - [MESSAGE][PASSED] - Delayed 2 second(s)

2019-06-28 15:27:04 - [TEST_STEP][PASSED] - click(findTestObject("OCS-MOBILE /Cart flyout/Checkout - Button")): Object: 'Object Repository/OCS-MOBILE /Cart flyout/Checkout - Button' is clicked on

2019-06-28 15:27:06 - [MESSAGE][PASSED] - Object: 'Object Repository/OCS-MOBILE /Cart flyout/Checkout - Button' is clicked on

2019-06-28 15:27:06 - [TEST_STEP][NOT_RUN] - executeJavaScript("var previewBar = document.getElementById("preview-bar-iframe"); previewBar.style.display = "none";", []): NOT_RUN: executeJavaScript("var previewBar = document.getElementById("preview-bar-iframe"); previewBar.style.display = "none";", [])

2019-06-28 15:27:06 - [MESSAGE][NOT_RUN] - NOT_RUN: executeJavaScript("var previewBar = document.getElementById("preview-bar-iframe"); previewBar.style.display = "none";", [])

2019-06-28 15:27:06 - [TEST_STEP][PASSED] - scrollToElement(findTestObject("OCS-MOBILE /Customer info page/input_Email"), 0): Scroll to object 'Object Repository/OCS-MOBILE /Customer info page/input_Email' successfully

2019-06-28 15:27:06 - [MESSAGE][WARNING] - Timeout '0' is invalid. Using default page load timeout: '30'

2019-06-28 15:27:06 - [MESSAGE][PASSED] - Scroll to object 'Object Repository/OCS-MOBILE /Customer info page/input_Email' successfully

2019-06-28 15:27:06 - [TEST_STEP][PASSED] - setText(findTestObject("OCS-MOBILE /Customer info page/input_Email"), "suman.kompelly@diffagency.com"): Text 'suman.kompelly@diffagency.com' is set on object 'Object Repository/OCS-MOBILE /Customer info page/input_Email'

2019-06-28 15:27:06 - [MESSAGE][PASSED] - Text 'suman.kompelly@diffagency.com' is set on object 'Object Repository/OCS-MOBILE /Customer info page/input_Email'

2019-06-28 15:27:06 - [TEST_STEP][PASSED] - setText(findTestObject("OCS-MOBILE /Customer info page/input_First name"), "suman"): Text 'suman' is set on object 'Object Repository/OCS-MOBILE /Customer info page/input_First name'

2019-06-28 15:27:07 - [MESSAGE][PASSED] - Text 'suman' is set on object 'Object Repository/OCS-MOBILE /Customer info page/input_First name'

2019-06-28 15:27:07 - [TEST_STEP][PASSED] - setText(findTestObject("OCS-MOBILE /Customer info page/input_Last name"), "kompelly"): Text 'kompelly' is set on object 'Object Repository/OCS-MOBILE /Customer info page/input_Last name'

2019-06-28 15:27:07 - [MESSAGE][PASSED] - Text 'kompelly' is set on object 'Object Repository/OCS-MOBILE /Customer info page/input_Last name'

2019-06-28 15:27:07 - [TEST_STEP][PASSED] - setText(findTestObject("OCS-MOBILE /Customer info page/input_Address"), "300 saint alxendre"): Text '300 saint alxendre' is set on object 'Object Repository/OCS-MOBILE /Customer info page/input_Address'

2019-06-28 15:27:07 - [MESSAGE][PASSED] - Text '300 saint alxendre' is set on object 'Object Repository/OCS-MOBILE /Customer info page/input_Address'

2019-06-28 15:27:07 - [TEST_STEP][PASSED] - setText(findTestObject("OCS-MOBILE /Customer info page/input_Apartment suite etc. (op"), "199"): Text '199' is set on object 'Object Repository/OCS-MOBILE /Customer info page/input_Apartment suite etc. (op'

2019-06-28 15:27:07 - [MESSAGE][PASSED] - Text '199' is set on object 'Object Repository/OCS-MOBILE /Customer info page/input_Apartment suite etc. (op'

2019-06-28 15:27:07 - [TEST_STEP][PASSED] - setText(findTestObject("OCS-MOBILE /Customer info page/input_City"), "montreal"): Text 'montreal' is set on object 'Object Repository/OCS-MOBILE /Customer info page/input_City'

2019-06-28 15:27:07 - [MESSAGE][PASSED] - Text 'montreal' is set on object 'Object Repository/OCS-MOBILE /Customer info page/input_City'

2019-06-28 15:27:07 - [TEST_STEP][PASSED] - setText(findTestObject("OCS-MOBILE /Customer info page/input_Postal code"), "n0R1K0"): Text 'n0R1K0' is set on object 'Object Repository/OCS-MOBILE /Customer info page/input_Postal code'

2019-06-28 15:27:07 - [MESSAGE][PASSED] - Text 'n0R1K0' is set on object 'Object Repository/OCS-MOBILE /Customer info page/input_Postal code'

2019-06-28 15:27:07 - [TEST_STEP][PASSED] - setText(findTestObject("OCS-MOBILE /Customer info page/input_Phone"), "(514) 449-3882"): Text '(514) 449-3882' is set on object 'Object Repository/OCS-MOBILE /Customer info page/input_Phone'

2019-06-28 15:27:07 - [MESSAGE][PASSED] - Text '(514) 449-3882' is set on object 'Object Repository/OCS-MOBILE /Customer info page/input_Phone'

2019-06-28 15:27:07 - [TEST_STEP][PASSED] - delay(2): Delayed 2 second(s)

2019-06-28 15:27:09 - [MESSAGE][PASSED] - Delayed 2 second(s)

2019-06-28 15:27:09 - [TEST_STEP][PASSED] - click(findTestObject("OCS-MOBILE /Customer info page/Continue to shipping method - Button")): Object: 'Object Repository/OCS-MOBILE /Customer info page/Continue to shipping method - Button' is clicked on

2019-06-28 15:27:11 - [MESSAGE][PASSED] - Object: 'Object Repository/OCS-MOBILE /Customer info page/Continue to shipping method - Button' is clicked on

2019-06-28 15:27:11 - [TEST_STEP][PASSED] - delay(2): Delayed 2 second(s)

2019-06-28 15:27:13 - [MESSAGE][PASSED] - Delayed 2 second(s)

2019-06-28 15:27:13 - [TEST_STEP][NOT_RUN] - refresh(): NOT_RUN: refresh()

2019-06-28 15:27:13 - [MESSAGE][NOT_RUN] - NOT_RUN: refresh()

2019-06-28 15:27:13 - [TEST_STEP][PASSED] - delay(2): Delayed 2 second(s)

2019-06-28 15:27:15 - [MESSAGE][PASSED] - Delayed 2 second(s)

2019-06-28 15:27:15 - [TEST_STEP][PASSED] - click(findTestObject("OCS-MOBILE /Shipping page/Continue to payment method - Button")): Object: 'Object Repository/OCS-MOBILE /Shipping page/Continue to payment method - Button' is clicked on

2019-06-28 15:27:16 - [MESSAGE][PASSED] - Object: 'Object Repository/OCS-MOBILE /Shipping page/Continue to payment method - Button' is clicked on

2019-06-28 15:27:16 - [TEST_STEP][FAILED] - verifyTextPresent("Payment", false): verifyTextPresent("Payment", false) FAILED.
Reason:
com.kms.katalon.core.exception.StepFailedException: Unable to verify text 'Payment' is present  (Root cause: com.kms.katalon.core.exception.StepFailedException: Text 'Payment' is not present on page )
	at com.kms.katalon.core.keyword.internal.KeywordMain.stepFailed(KeywordMain.groovy:36)
	at com.kms.katalon.core.webui.keyword.internal.WebUIKeywordMain.stepFailed(WebUIKeywordMain.groovy:65)
	at com.kms.katalon.core.webui.keyword.internal.WebUIKeywordMain.runKeyword(WebUIKeywordMain.groovy:27)
	at com.kms.katalon.core.webui.keyword.builtin.VerifyTextPresentKeyword.verifyTextPresent(VerifyTextPresentKeyword.groovy:83)
	at com.kms.katalon.core.webui.keyword.builtin.VerifyTextPresentKeyword.execute(VerifyTextPresentKeyword.groovy:68)
	at com.kms.katalon.core.keyword.internal.KeywordExecutor.executeKeywordForPlatform(KeywordExecutor.groovy:53)
	at com.kms.katalon.core.webui.keyword.WebUiBuiltInKeywords.verifyTextPresent(WebUiBuiltInKeywords.groovy:1693)
	at com.kms.katalon.core.webui.keyword.WebUiBuiltInKeywords$verifyTextPresent$14.call(Unknown Source)
	at Cart flyout-price comparison.run(Cart flyout-price comparison:270)
	at com.kms.katalon.core.main.ScriptEngine.run(ScriptEngine.java:194)
	at com.kms.katalon.core.main.ScriptEngine.runScriptAsRawText(ScriptEngine.java:119)
	at com.kms.katalon.core.main.TestCaseExecutor.runScript(TestCaseExecutor.java:328)
	at com.kms.katalon.core.main.TestCaseExecutor.doExecute(TestCaseExecutor.java:319)
	at com.kms.katalon.core.main.TestCaseExecutor.processExecutionPhase(TestCaseExecutor.java:298)
	at com.kms.katalon.core.main.TestCaseExecutor.accessMainPhase(TestCaseExecutor.java:290)
	at com.kms.katalon.core.main.TestCaseExecutor.execute(TestCaseExecutor.java:224)
	at com.kms.katalon.core.main.TestSuiteExecutor.accessTestCaseMainPhase(TestSuiteExecutor.java:129)
	at com.kms.katalon.core.main.TestSuiteExecutor.accessTestSuiteMainPhase(TestSuiteExecutor.java:112)
	at com.kms.katalon.core.main.TestSuiteExecutor.execute(TestSuiteExecutor.java:81)
	at com.kms.katalon.core.main.TestCaseMain.startTestSuite(TestCaseMain.java:149)
	at com.kms.katalon.core.main.TestCaseMain$startTestSuite$0.call(Unknown Source)
	at TempTestSuite1561749522497.run(TempTestSuite1561749522497.groovy:36)


2019-06-28 15:27:16 - [MESSAGE][FAILED] - Text 'Payment' is not present on page 

2019-06-28 15:27:16 - [MESSAGE][FAILED] - Unable to verify text 'Payment' is present  (Root cause: com.kms.katalon.core.exception.StepFailedException: Text 'Payment' is not present on page )
[[ATTACHMENT|/Users/sumankompelly/Relative xpath-Mobile/Reports/Live site/20190628_151842/1561750036375.png]]

2019-06-28 15:27:16 - [MESSAGE][FAILED] - verifyTextPresent("Payment", false) FAILED.
Reason:
com.kms.katalon.core.exception.StepFailedException: Unable to verify text 'Payment' is present  (Root cause: com.kms.katalon.core.exception.StepFailedException: Text 'Payment' is not present on page )
	at com.kms.katalon.core.keyword.internal.KeywordMain.stepFailed(KeywordMain.groovy:36)
	at com.kms.katalon.core.webui.keyword.internal.WebUIKeywordMain.stepFailed(WebUIKeywordMain.groovy:65)
	at com.kms.katalon.core.webui.keyword.internal.WebUIKeywordMain.runKeyword(WebUIKeywordMain.groovy:27)
	at com.kms.katalon.core.webui.keyword.builtin.VerifyTextPresentKeyword.verifyTextPresent(VerifyTextPresentKeyword.groovy:83)
	at com.kms.katalon.core.webui.keyword.builtin.VerifyTextPresentKeyword.execute(VerifyTextPresentKeyword.groovy:68)
	at com.kms.katalon.core.keyword.internal.KeywordExecutor.executeKeywordForPlatform(KeywordExecutor.groovy:53)
	at com.kms.katalon.core.webui.keyword.WebUiBuiltInKeywords.verifyTextPresent(WebUiBuiltInKeywords.groovy:1693)
	at com.kms.katalon.core.webui.keyword.WebUiBuiltInKeywords$verifyTextPresent$14.call(Unknown Source)
	at Cart flyout-price comparison.run(Cart flyout-price comparison:270)
	at com.kms.katalon.core.main.ScriptEngine.run(ScriptEngine.java:194)
	at com.kms.katalon.core.main.ScriptEngine.runScriptAsRawText(ScriptEngine.java:119)
	at com.kms.katalon.core.main.TestCaseExecutor.runScript(TestCaseExecutor.java:328)
	at com.kms.katalon.core.main.TestCaseExecutor.doExecute(TestCaseExecutor.java:319)
	at com.kms.katalon.core.main.TestCaseExecutor.processExecutionPhase(TestCaseExecutor.java:298)
	at com.kms.katalon.core.main.TestCaseExecutor.accessMainPhase(TestCaseExecutor.java:290)
	at com.kms.katalon.core.main.TestCaseExecutor.execute(TestCaseExecutor.java:224)
	at com.kms.katalon.core.main.TestSuiteExecutor.accessTestCaseMainPhase(TestSuiteExecutor.java:129)
	at com.kms.katalon.core.main.TestSuiteExecutor.accessTestSuiteMainPhase(TestSuiteExecutor.java:112)
	at com.kms.katalon.core.main.TestSuiteExecutor.execute(TestSuiteExecutor.java:81)
	at com.kms.katalon.core.main.TestCaseMain.startTestSuite(TestCaseMain.java:149)
	at com.kms.katalon.core.main.TestCaseMain$startTestSuite$0.call(Unknown Source)
	at TempTestSuite1561749522497.run(TempTestSuite1561749522497.groovy:36)]]></system-out>
         <system-err><![CDATA[2019-06-28 15:25:46 - [TEST_CASE][FAILED] - Test Cases/OCS - MOBILE/OCS- CRITICAL PATH/Cart flyout-price comparison: Test Cases/OCS - MOBILE/OCS- CRITICAL PATH/Cart flyout-price comparison FAILED.
Reason:
com.kms.katalon.core.exception.StepFailedException: Unable to verify text 'Payment' is present  (Root cause: com.kms.katalon.core.exception.StepFailedException: Text 'Payment' is not present on page )
	at com.kms.katalon.core.keyword.internal.KeywordMain.stepFailed(KeywordMain.groovy:36)
	at com.kms.katalon.core.webui.keyword.internal.WebUIKeywordMain.stepFailed(WebUIKeywordMain.groovy:65)
	at com.kms.katalon.core.webui.keyword.internal.WebUIKeywordMain.runKeyword(WebUIKeywordMain.groovy:27)
	at com.kms.katalon.core.webui.keyword.builtin.VerifyTextPresentKeyword.verifyTextPresent(VerifyTextPresentKeyword.groovy:83)
	at com.kms.katalon.core.webui.keyword.builtin.VerifyTextPresentKeyword.execute(VerifyTextPresentKeyword.groovy:68)
	at com.kms.katalon.core.keyword.internal.KeywordExecutor.executeKeywordForPlatform(KeywordExecutor.groovy:53)
	at com.kms.katalon.core.webui.keyword.WebUiBuiltInKeywords.verifyTextPresent(WebUiBuiltInKeywords.groovy:1693)
	at com.kms.katalon.core.webui.keyword.WebUiBuiltInKeywords$verifyTextPresent$14.call(Unknown Source)
	at Cart flyout-price comparison.run(Cart flyout-price comparison:270)
	at com.kms.katalon.core.main.ScriptEngine.run(ScriptEngine.java:194)
	at com.kms.katalon.core.main.ScriptEngine.runScriptAsRawText(ScriptEngine.java:119)
	at com.kms.katalon.core.main.TestCaseExecutor.runScript(TestCaseExecutor.java:328)
	at com.kms.katalon.core.main.TestCaseExecutor.doExecute(TestCaseExecutor.java:319)
	at com.kms.katalon.core.main.TestCaseExecutor.processExecutionPhase(TestCaseExecutor.java:298)
	at com.kms.katalon.core.main.TestCaseExecutor.accessMainPhase(TestCaseExecutor.java:290)
	at com.kms.katalon.core.main.TestCaseExecutor.execute(TestCaseExecutor.java:224)
	at com.kms.katalon.core.main.TestSuiteExecutor.accessTestCaseMainPhase(TestSuiteExecutor.java:129)
	at com.kms.katalon.core.main.TestSuiteExecutor.accessTestSuiteMainPhase(TestSuiteExecutor.java:112)
	at com.kms.katalon.core.main.TestSuiteExecutor.execute(TestSuiteExecutor.java:81)
	at com.kms.katalon.core.main.TestCaseMain.startTestSuite(TestCaseMain.java:149)
	at com.kms.katalon.core.main.TestCaseMain$startTestSuite$0.call(Unknown Source)
	at TempTestSuite1561749522497.run(TempTestSuite1561749522497.groovy:36)]]></system-err>
      </testcase>
      <testcase name="Test Cases/OCS - MOBILE/OCS- CRITICAL PATH/Checkout - Shipping" classname="Test Cases/OCS - MOBILE/OCS- CRITICAL PATH/Checkout - Shipping" status="PASSED">
         <system-out><![CDATA[2019-06-28 15:27:16 - [TEST_CASE][PASSED] - Test Cases/OCS - MOBILE/OCS- CRITICAL PATH/Checkout - Shipping: Test Cases/OCS - MOBILE/OCS- CRITICAL PATH/Checkout - Shipping

2019-06-28 15:27:16 - [TEST_STEP][PASSED] - callTestCase(findTestCase("OCS - MOBILE/CALL - AGE GATE"), [:], STOP_ON_FAILURE): Call Test Case 'Test Cases/OCS - MOBILE/CALL - AGE GATE' successfully

2019-06-28 15:27:16 - [TEST_CASE][PASSED] - Test Cases/OCS - MOBILE/CALL - AGE GATE: Test Cases/OCS - MOBILE/CALL - AGE GATE

2019-06-28 15:27:16 - [TEST_STEP][PASSED] - openBrowser(""): Browser is opened with url: ''

2019-06-28 15:27:16 - [MESSAGE][WARNING] - A browser is already opened. Closing browser and opening a new one

2019-06-28 15:27:16 - [MESSAGE][INFO] - Starting 'Chrome' driver

2019-06-28 15:27:18 - [MESSAGE][PASSED] - Browser is opened with url: ''

2019-06-28 15:27:18 - [TEST_STEP][PASSED] - navigateToUrl("ocs.ca"): Navigate to 'http://ocs.ca' successfully

2019-06-28 15:27:21 - [MESSAGE][PASSED] - Navigate to 'http://ocs.ca' successfully

2019-06-28 15:27:21 - [TEST_STEP][NOT_RUN] - executeJavaScript("var previewBar = document.getElementById("preview-bar-iframe"); previewBar.style.display = "none";", []): NOT_RUN: executeJavaScript("var previewBar = document.getElementById("preview-bar-iframe"); previewBar.style.display = "none";", [])

2019-06-28 15:27:21 - [MESSAGE][NOT_RUN] - NOT_RUN: executeJavaScript("var previewBar = document.getElementById("preview-bar-iframe"); previewBar.style.display = "none";", [])

2019-06-28 15:27:21 - [TEST_STEP][PASSED] - setViewPortSize(360, 800): Viewport is set to new size with width = 360 and height = 800

2019-06-28 15:27:21 - [MESSAGE][PASSED] - Viewport is set to new size with width = 360 and height = 800

2019-06-28 15:27:21 - [TEST_STEP][PASSED] - delay(4): Delayed 4 second(s)

2019-06-28 15:27:25 - [MESSAGE][PASSED] - Delayed 4 second(s)

2019-06-28 15:27:25 - [TEST_STEP][PASSED] - selectOptionByValue(findTestObject("OCS-MOBILE /Age gate and burger menu/Date"), "12", true): All options with value '12' are selected in object 'Object Repository/OCS-MOBILE /Age gate and burger menu/Date'  using regular expression

2019-06-28 15:27:26 - [MESSAGE][PASSED] - All options with value '12' are selected in object 'Object Repository/OCS-MOBILE /Age gate and burger menu/Date'  using regular expression

2019-06-28 15:27:26 - [TEST_STEP][PASSED] - selectOptionByValue(findTestObject("OCS-MOBILE /Age gate and burger menu/month"), "6", true): All options with value '6' are selected in object 'Object Repository/OCS-MOBILE /Age gate and burger menu/month'  using regular expression

2019-06-28 15:27:26 - [MESSAGE][PASSED] - All options with value '6' are selected in object 'Object Repository/OCS-MOBILE /Age gate and burger menu/month'  using regular expression

2019-06-28 15:27:26 - [TEST_STEP][PASSED] - delay(2): Delayed 2 second(s)

2019-06-28 15:27:28 - [MESSAGE][PASSED] - Delayed 2 second(s)

2019-06-28 15:27:28 - [TEST_STEP][PASSED] - selectOptionByValue(findTestObject("OCS-MOBILE /Age gate and burger menu/Year Dropdown"), "1990", true): All options with value '1990' are selected in object 'Object Repository/OCS-MOBILE /Age gate and burger menu/Year Dropdown'  using regular expression

2019-06-28 15:27:29 - [MESSAGE][PASSED] - All options with value '1990' are selected in object 'Object Repository/OCS-MOBILE /Age gate and burger menu/Year Dropdown'  using regular expression

2019-06-28 15:27:29 - [TEST_STEP][PASSED] - click(findTestObject("OCS-MOBILE /Age gate and Mega menu/button_Verify")): Object: 'Object Repository/OCS-MOBILE /Age gate and Mega menu/button_Verify' is clicked on

2019-06-28 15:27:29 - [MESSAGE][PASSED] - Object: 'Object Repository/OCS-MOBILE /Age gate and Mega menu/button_Verify' is clicked on

2019-06-28 15:27:29 - [TEST_STEP][PASSED] - click(findTestObject("OCS-MOBILE /Age gate and Mega menu/Checkbox_CONFIRM AND ACKNOWLEDGE")): Object: 'Object Repository/OCS-MOBILE /Age gate and Mega menu/Checkbox_CONFIRM AND ACKNOWLEDGE' is clicked on

2019-06-28 15:27:29 - [MESSAGE][PASSED] - Object: 'Object Repository/OCS-MOBILE /Age gate and Mega menu/Checkbox_CONFIRM AND ACKNOWLEDGE' is clicked on

2019-06-28 15:27:29 - [TEST_STEP][PASSED] - click(findTestObject("OCS-MOBILE /Age gate and Mega menu/button_CONFIRM")): Object: 'Object Repository/OCS-MOBILE /Age gate and Mega menu/button_CONFIRM' is clicked on

2019-06-28 15:27:29 - [MESSAGE][PASSED] - Object: 'Object Repository/OCS-MOBILE /Age gate and Mega menu/button_CONFIRM' is clicked on

2019-06-28 15:27:29 - [TEST_STEP][PASSED] - click(findTestObject("OCS-MOBILE /Age gate and Mega menu/button_Start Browsing")): Object: 'Object Repository/OCS-MOBILE /Age gate and Mega menu/button_Start Browsing' is clicked on

2019-06-28 15:27:29 - [MESSAGE][PASSED] - Object: 'Object Repository/OCS-MOBILE /Age gate and Mega menu/button_Start Browsing' is clicked on

2019-06-28 15:27:29 - [TEST_STEP][PASSED] - refresh(): Refresh successfully

2019-06-28 15:27:29 - [MESSAGE][PASSED] - Refresh successfully

2019-06-28 15:27:29 - [TEST_STEP][NOT_RUN] - executeJavaScript("var previewBar = document.getElementById("preview-bar-iframe"); previewBar.style.display = "none";", []): NOT_RUN: executeJavaScript("var previewBar = document.getElementById("preview-bar-iframe"); previewBar.style.display = "none";", [])

2019-06-28 15:27:29 - [MESSAGE][NOT_RUN] - NOT_RUN: executeJavaScript("var previewBar = document.getElementById("preview-bar-iframe"); previewBar.style.display = "none";", [])

2019-06-28 15:27:29 - [MESSAGE][PASSED] - Call Test Case 'Test Cases/OCS - MOBILE/CALL - AGE GATE' successfully

2019-06-28 15:27:29 - [TEST_STEP][PASSED] - delay(2): Delayed 2 second(s)

2019-06-28 15:27:31 - [MESSAGE][PASSED] - Delayed 2 second(s)

2019-06-28 15:27:31 - [TEST_STEP][PASSED] - refresh(): Refresh successfully

2019-06-28 15:27:34 - [MESSAGE][PASSED] - Refresh successfully

2019-06-28 15:27:34 - [TEST_STEP][PASSED] - click(findTestObject("OCS-MOBILE /Age gate and burger menu/Burger menu - English")): Object: 'Object Repository/OCS-MOBILE /Age gate and burger menu/Burger menu - English' is clicked on

2019-06-28 15:27:34 - [MESSAGE][PASSED] - Object: 'Object Repository/OCS-MOBILE /Age gate and burger menu/Burger menu - English' is clicked on

2019-06-28 15:27:34 - [TEST_STEP][PASSED] - delay(2): Delayed 2 second(s)

2019-06-28 15:27:36 - [MESSAGE][PASSED] - Delayed 2 second(s)

2019-06-28 15:27:36 - [TEST_STEP][PASSED] - click(findTestObject("OCS-MOBILE /Age gate and burger menu/Chevron_Cannabis")): Object: 'Object Repository/OCS-MOBILE /Age gate and burger menu/Chevron_Cannabis' is clicked on

2019-06-28 15:27:36 - [MESSAGE][PASSED] - Object: 'Object Repository/OCS-MOBILE /Age gate and burger menu/Chevron_Cannabis' is clicked on

2019-06-28 15:27:36 - [TEST_STEP][PASSED] - delay(2): Delayed 2 second(s)

2019-06-28 15:27:38 - [MESSAGE][PASSED] - Delayed 2 second(s)

2019-06-28 15:27:38 - [TEST_STEP][PASSED] - click(findTestObject("OCS-MOBILE /Age gate and burger menu/Dried Flower_Plus icon")): Object: 'Object Repository/OCS-MOBILE /Age gate and burger menu/Dried Flower_Plus icon' is clicked on

2019-06-28 15:27:38 - [MESSAGE][PASSED] - Object: 'Object Repository/OCS-MOBILE /Age gate and burger menu/Dried Flower_Plus icon' is clicked on

2019-06-28 15:27:38 - [TEST_STEP][PASSED] - delay(2): Delayed 2 second(s)

2019-06-28 15:27:40 - [MESSAGE][PASSED] - Delayed 2 second(s)

2019-06-28 15:27:40 - [TEST_STEP][PASSED] - click(findTestObject("OCS-MOBILE /Age gate and burger menu/Indica Dominant_Menu item")): Object: 'Object Repository/OCS-MOBILE /Age gate and burger menu/Indica Dominant_Menu item' is clicked on

2019-06-28 15:27:41 - [MESSAGE][PASSED] - Object: 'Object Repository/OCS-MOBILE /Age gate and burger menu/Indica Dominant_Menu item' is clicked on

2019-06-28 15:27:41 - [TEST_STEP][NOT_RUN] - executeJavaScript("var previewBar = document.getElementById("preview-bar-iframe"); previewBar.style.display = "none";", []): NOT_RUN: executeJavaScript("var previewBar = document.getElementById("preview-bar-iframe"); previewBar.style.display = "none";", [])

2019-06-28 15:27:41 - [MESSAGE][NOT_RUN] - NOT_RUN: executeJavaScript("var previewBar = document.getElementById("preview-bar-iframe"); previewBar.style.display = "none";", [])

2019-06-28 15:27:41 - [TEST_STEP][PASSED] - delay(2): Delayed 2 second(s)

2019-06-28 15:27:43 - [MESSAGE][PASSED] - Delayed 2 second(s)

2019-06-28 15:27:43 - [TEST_STEP][PASSED] - click(findTestObject("OCS-MOBILE /Collection page/Product image - 1st one")): Object: 'Object Repository/OCS-MOBILE /Collection page/Product image - 1st one' is clicked on

2019-06-28 15:27:47 - [MESSAGE][PASSED] - Object: 'Object Repository/OCS-MOBILE /Collection page/Product image - 1st one' is clicked on

2019-06-28 15:27:47 - [TEST_STEP][PASSED] - delay(1): Delayed 1 second(s)

2019-06-28 15:27:48 - [MESSAGE][PASSED] - Delayed 1 second(s)

2019-06-28 15:27:48 - [TEST_STEP][NOT_RUN] - executeJavaScript("var previewBar = document.getElementById("preview-bar-iframe"); previewBar.style.display = "none";", []): NOT_RUN: executeJavaScript("var previewBar = document.getElementById("preview-bar-iframe"); previewBar.style.display = "none";", [])

2019-06-28 15:27:48 - [MESSAGE][NOT_RUN] - NOT_RUN: executeJavaScript("var previewBar = document.getElementById("preview-bar-iframe"); previewBar.style.display = "none";", [])

2019-06-28 15:27:48 - [TEST_STEP][PASSED] - delay(3): Delayed 3 second(s)

2019-06-28 15:27:51 - [MESSAGE][PASSED] - Delayed 3 second(s)

2019-06-28 15:27:51 - [TEST_STEP][PASSED] - navigateToUrl("https://ocs.ca/products/dream-weaver"): Navigate to 'https://ocs.ca/products/dream-weaver' successfully

2019-06-28 15:27:53 - [MESSAGE][PASSED] - Navigate to 'https://ocs.ca/products/dream-weaver' successfully

2019-06-28 15:27:53 - [TEST_STEP][NOT_RUN] - executeJavaScript("var previewBar = document.getElementById("preview-bar-iframe"); previewBar.style.display = "none";", []): NOT_RUN: executeJavaScript("var previewBar = document.getElementById("preview-bar-iframe"); previewBar.style.display = "none";", [])

2019-06-28 15:27:53 - [MESSAGE][NOT_RUN] - NOT_RUN: executeJavaScript("var previewBar = document.getElementById("preview-bar-iframe"); previewBar.style.display = "none";", [])

2019-06-28 15:27:53 - [TEST_STEP][NOT_RUN] - scrollToElement(findTestObject("OCS-MOBILE /Product page/Product image"), 1): NOT_RUN: scrollToElement(findTestObject("OCS-MOBILE /Product page/Product image"), 1)

2019-06-28 15:27:53 - [MESSAGE][NOT_RUN] - NOT_RUN: scrollToElement(findTestObject("OCS-MOBILE /Product page/Product image"), 1)

2019-06-28 15:27:53 - [TEST_STEP][PASSED] - click(findTestObject("OCS-MOBILE /Product page/Swatch_3.5g")): Object: 'Object Repository/OCS-MOBILE /Product page/Swatch_3.5g' is clicked on

2019-06-28 15:27:53 - [MESSAGE][PASSED] - Object: 'Object Repository/OCS-MOBILE /Product page/Swatch_3.5g' is clicked on

2019-06-28 15:27:53 - [TEST_STEP][PASSED] - delay(2): Delayed 2 second(s)

2019-06-28 15:27:55 - [MESSAGE][PASSED] - Delayed 2 second(s)

2019-06-28 15:27:55 - [TEST_STEP][PASSED] - click(findTestObject("OCS-MOBILE /Product page/Add to Bag-button")): Object: 'Object Repository/OCS-MOBILE /Product page/Add to Bag-button' is clicked on

2019-06-28 15:27:55 - [MESSAGE][PASSED] - Object: 'Object Repository/OCS-MOBILE /Product page/Add to Bag-button' is clicked on

2019-06-28 15:27:55 - [TEST_STEP][PASSED] - delay(2): Delayed 2 second(s)

2019-06-28 15:27:57 - [MESSAGE][PASSED] - Delayed 2 second(s)

2019-06-28 15:27:57 - [TEST_STEP][NOT_RUN] - click(findTestObject("OCS-MOBILE /Home - page/Cart icon -bag")): NOT_RUN: click(findTestObject("OCS-MOBILE /Home - page/Cart icon -bag"))

2019-06-28 15:27:57 - [MESSAGE][NOT_RUN] - NOT_RUN: click(findTestObject("OCS-MOBILE /Home - page/Cart icon -bag"))

2019-06-28 15:27:57 - [TEST_STEP][PASSED] - delay(1): Delayed 1 second(s)

2019-06-28 15:27:58 - [MESSAGE][PASSED] - Delayed 1 second(s)

2019-06-28 15:27:58 - [TEST_STEP][PASSED] - click(findTestObject("OCS-MOBILE /Cart flyout/Checkbox_I confirm that")): Object: 'Object Repository/OCS-MOBILE /Cart flyout/Checkbox_I confirm that' is clicked on

2019-06-28 15:27:58 - [MESSAGE][PASSED] - Object: 'Object Repository/OCS-MOBILE /Cart flyout/Checkbox_I confirm that' is clicked on

2019-06-28 15:27:58 - [TEST_STEP][PASSED] - delay(2): Delayed 2 second(s)

2019-06-28 15:28:00 - [MESSAGE][PASSED] - Delayed 2 second(s)

2019-06-28 15:28:00 - [TEST_STEP][PASSED] - click(findTestObject("OCS-MOBILE /Cart flyout/Checkbox_Accept the Terms Condition")): Object: 'Object Repository/OCS-MOBILE /Cart flyout/Checkbox_Accept the Terms Condition' is clicked on

2019-06-28 15:28:00 - [MESSAGE][PASSED] - Object: 'Object Repository/OCS-MOBILE /Cart flyout/Checkbox_Accept the Terms Condition' is clicked on

2019-06-28 15:28:00 - [TEST_STEP][PASSED] - delay(1): Delayed 1 second(s)

2019-06-28 15:28:01 - [MESSAGE][PASSED] - Delayed 1 second(s)

2019-06-28 15:28:01 - [TEST_STEP][PASSED] - click(findTestObject("OCS-MOBILE /Cart flyout/Checkout - Button")): Object: 'Object Repository/OCS-MOBILE /Cart flyout/Checkout - Button' is clicked on

2019-06-28 15:28:03 - [MESSAGE][PASSED] - Object: 'Object Repository/OCS-MOBILE /Cart flyout/Checkout - Button' is clicked on

2019-06-28 15:28:03 - [TEST_STEP][PASSED] - delay(1): Delayed 1 second(s)

2019-06-28 15:28:04 - [MESSAGE][PASSED] - Delayed 1 second(s)

2019-06-28 15:28:04 - [TEST_STEP][NOT_RUN] - executeJavaScript("var previewBar = document.getElementById("preview-bar-iframe"); previewBar.style.display = "none";", []): NOT_RUN: executeJavaScript("var previewBar = document.getElementById("preview-bar-iframe"); previewBar.style.display = "none";", [])

2019-06-28 15:28:04 - [MESSAGE][NOT_RUN] - NOT_RUN: executeJavaScript("var previewBar = document.getElementById("preview-bar-iframe"); previewBar.style.display = "none";", [])

2019-06-28 15:28:04 - [TEST_STEP][PASSED] - delay(2): Delayed 2 second(s)

2019-06-28 15:28:06 - [MESSAGE][PASSED] - Delayed 2 second(s)

2019-06-28 15:28:06 - [TEST_STEP][PASSED] - scrollToElement(findTestObject("OCS-MOBILE /Customer info page/input_Email"), 0): Scroll to object 'Object Repository/OCS-MOBILE /Customer info page/input_Email' successfully

2019-06-28 15:28:06 - [MESSAGE][WARNING] - Timeout '0' is invalid. Using default page load timeout: '30'

2019-06-28 15:28:06 - [MESSAGE][PASSED] - Scroll to object 'Object Repository/OCS-MOBILE /Customer info page/input_Email' successfully

2019-06-28 15:28:06 - [TEST_STEP][PASSED] - setText(findTestObject("OCS-MOBILE /Customer info page/input_Email"), "suman.kompelly@diffagency.com"): Text 'suman.kompelly@diffagency.com' is set on object 'Object Repository/OCS-MOBILE /Customer info page/input_Email'

2019-06-28 15:28:06 - [MESSAGE][PASSED] - Text 'suman.kompelly@diffagency.com' is set on object 'Object Repository/OCS-MOBILE /Customer info page/input_Email'

2019-06-28 15:28:06 - [TEST_STEP][PASSED] - setText(findTestObject("OCS-MOBILE /Customer info page/input_First name"), "suman"): Text 'suman' is set on object 'Object Repository/OCS-MOBILE /Customer info page/input_First name'

2019-06-28 15:28:06 - [MESSAGE][PASSED] - Text 'suman' is set on object 'Object Repository/OCS-MOBILE /Customer info page/input_First name'

2019-06-28 15:28:06 - [TEST_STEP][PASSED] - setText(findTestObject("OCS-MOBILE /Customer info page/input_Last name"), "kompelly"): Text 'kompelly' is set on object 'Object Repository/OCS-MOBILE /Customer info page/input_Last name'

2019-06-28 15:28:07 - [MESSAGE][PASSED] - Text 'kompelly' is set on object 'Object Repository/OCS-MOBILE /Customer info page/input_Last name'

2019-06-28 15:28:07 - [TEST_STEP][PASSED] - setText(findTestObject("OCS-MOBILE /Customer info page/input_Address"), "300 saint alxendre"): Text '300 saint alxendre' is set on object 'Object Repository/OCS-MOBILE /Customer info page/input_Address'

2019-06-28 15:28:07 - [MESSAGE][PASSED] - Text '300 saint alxendre' is set on object 'Object Repository/OCS-MOBILE /Customer info page/input_Address'

2019-06-28 15:28:07 - [TEST_STEP][PASSED] - setText(findTestObject("OCS-MOBILE /Customer info page/input_Apartment suite etc. (op"), "199"): Text '199' is set on object 'Object Repository/OCS-MOBILE /Customer info page/input_Apartment suite etc. (op'

2019-06-28 15:28:07 - [MESSAGE][PASSED] - Text '199' is set on object 'Object Repository/OCS-MOBILE /Customer info page/input_Apartment suite etc. (op'

2019-06-28 15:28:07 - [TEST_STEP][PASSED] - setText(findTestObject("OCS-MOBILE /Customer info page/input_City"), "montreal"): Text 'montreal' is set on object 'Object Repository/OCS-MOBILE /Customer info page/input_City'

2019-06-28 15:28:07 - [MESSAGE][PASSED] - Text 'montreal' is set on object 'Object Repository/OCS-MOBILE /Customer info page/input_City'

2019-06-28 15:28:07 - [TEST_STEP][PASSED] - setText(findTestObject("OCS-MOBILE /Customer info page/input_Postal code"), "n0R1K0"): Text 'n0R1K0' is set on object 'Object Repository/OCS-MOBILE /Customer info page/input_Postal code'

2019-06-28 15:28:07 - [MESSAGE][PASSED] - Text 'n0R1K0' is set on object 'Object Repository/OCS-MOBILE /Customer info page/input_Postal code'

2019-06-28 15:28:07 - [TEST_STEP][PASSED] - setText(findTestObject("OCS-MOBILE /Customer info page/input_Phone"), "(514) 449-3882"): Text '(514) 449-3882' is set on object 'Object Repository/OCS-MOBILE /Customer info page/input_Phone'

2019-06-28 15:28:07 - [MESSAGE][PASSED] - Text '(514) 449-3882' is set on object 'Object Repository/OCS-MOBILE /Customer info page/input_Phone'

2019-06-28 15:28:07 - [TEST_STEP][PASSED] - delay(2): Delayed 2 second(s)

2019-06-28 15:28:09 - [MESSAGE][PASSED] - Delayed 2 second(s)

2019-06-28 15:28:09 - [TEST_STEP][PASSED] - click(findTestObject("OCS-MOBILE /Customer info page/Continue to shipping method - Button")): Object: 'Object Repository/OCS-MOBILE /Customer info page/Continue to shipping method - Button' is clicked on

2019-06-28 15:28:10 - [MESSAGE][PASSED] - Object: 'Object Repository/OCS-MOBILE /Customer info page/Continue to shipping method - Button' is clicked on

2019-06-28 15:28:10 - [TEST_STEP][PASSED] - delay(1): Delayed 1 second(s)

2019-06-28 15:28:11 - [MESSAGE][PASSED] - Delayed 1 second(s)

2019-06-28 15:28:11 - [TEST_STEP][PASSED] - click(findTestObject("OCS-MOBILE /Customer info page/Chevron_OrderSummary")): Object: 'Object Repository/OCS-MOBILE /Customer info page/Chevron_OrderSummary' is clicked on

2019-06-28 15:28:12 - [MESSAGE][PASSED] - Object: 'Object Repository/OCS-MOBILE /Customer info page/Chevron_OrderSummary' is clicked on

2019-06-28 15:28:12 - [TEST_STEP][NOT_RUN] - executeJavaScript("var previewBar = document.getElementById("preview-bar-iframe"); previewBar.style.display = "none";", []): NOT_RUN: executeJavaScript("var previewBar = document.getElementById("preview-bar-iframe"); previewBar.style.display = "none";", [])

2019-06-28 15:28:12 - [MESSAGE][NOT_RUN] - NOT_RUN: executeJavaScript("var previewBar = document.getElementById("preview-bar-iframe"); previewBar.style.display = "none";", [])

2019-06-28 15:28:12 - [TEST_STEP][PASSED] - delay(1): Delayed 1 second(s)

2019-06-28 15:28:13 - [MESSAGE][PASSED] - Delayed 1 second(s)

2019-06-28 15:28:13 - [TEST_STEP][PASSED] - click(findTestObject("OCS-MOBILE /Shipping page/Change link")): Object: 'Object Repository/OCS-MOBILE /Shipping page/Change link' is clicked on

2019-06-28 15:28:16 - [MESSAGE][PASSED] - Object: 'Object Repository/OCS-MOBILE /Shipping page/Change link' is clicked on

2019-06-28 15:28:16 - [TEST_STEP][PASSED] - delay(1): Delayed 1 second(s)

2019-06-28 15:28:17 - [MESSAGE][PASSED] - Delayed 1 second(s)

2019-06-28 15:28:17 - [TEST_STEP][NOT_RUN] - executeJavaScript("var previewBar = document.getElementById("preview-bar-iframe"); previewBar.style.display = "none";", []): NOT_RUN: executeJavaScript("var previewBar = document.getElementById("preview-bar-iframe"); previewBar.style.display = "none";", [])

2019-06-28 15:28:17 - [MESSAGE][NOT_RUN] - NOT_RUN: executeJavaScript("var previewBar = document.getElementById("preview-bar-iframe"); previewBar.style.display = "none";", [])

2019-06-28 15:28:17 - [TEST_STEP][NOT_RUN] - delay(1): NOT_RUN: delay(1)

2019-06-28 15:28:17 - [MESSAGE][NOT_RUN] - NOT_RUN: delay(1)

2019-06-28 15:28:17 - [TEST_STEP][PASSED] - click(findTestObject("OCS-MOBILE /Customer info page/Continue to shipping method - Button")): Object: 'Object Repository/OCS-MOBILE /Customer info page/Continue to shipping method - Button' is clicked on

2019-06-28 15:28:19 - [MESSAGE][PASSED] - Object: 'Object Repository/OCS-MOBILE /Customer info page/Continue to shipping method - Button' is clicked on

2019-06-28 15:28:19 - [TEST_STEP][PASSED] - delay(1): Delayed 1 second(s)

2019-06-28 15:28:20 - [MESSAGE][PASSED] - Delayed 1 second(s)

2019-06-28 15:28:20 - [TEST_STEP][PASSED] - click(findTestObject("OCS-MOBILE /Shipping page/Change link 2")): Object: 'Object Repository/OCS-MOBILE /Shipping page/Change link 2' is clicked on

2019-06-28 15:28:21 - [MESSAGE][PASSED] - Object: 'Object Repository/OCS-MOBILE /Shipping page/Change link 2' is clicked on

2019-06-28 15:28:21 - [TEST_STEP][PASSED] - delay(1): Delayed 1 second(s)

2019-06-28 15:28:22 - [MESSAGE][PASSED] - Delayed 1 second(s)

2019-06-28 15:28:22 - [TEST_STEP][NOT_RUN] - executeJavaScript("var previewBar = document.getElementById("preview-bar-iframe"); previewBar.style.display = "none";", []): NOT_RUN: executeJavaScript("var previewBar = document.getElementById("preview-bar-iframe"); previewBar.style.display = "none";", [])

2019-06-28 15:28:22 - [MESSAGE][NOT_RUN] - NOT_RUN: executeJavaScript("var previewBar = document.getElementById("preview-bar-iframe"); previewBar.style.display = "none";", [])

2019-06-28 15:28:22 - [TEST_STEP][NOT_RUN] - delay(1): NOT_RUN: delay(1)

2019-06-28 15:28:22 - [MESSAGE][NOT_RUN] - NOT_RUN: delay(1)

2019-06-28 15:28:22 - [TEST_STEP][PASSED] - click(findTestObject("OCS-MOBILE /Customer info page/Continue to shipping method - Button"), CONTINUE_ON_FAILURE): Object: 'Object Repository/OCS-MOBILE /Customer info page/Continue to shipping method - Button' is clicked on

2019-06-28 15:28:24 - [MESSAGE][PASSED] - Object: 'Object Repository/OCS-MOBILE /Customer info page/Continue to shipping method - Button' is clicked on

2019-06-28 15:28:24 - [TEST_STEP][NOT_RUN] - executeJavaScript("var previewBar = document.getElementById("preview-bar-iframe"); previewBar.style.display = "none";", []): NOT_RUN: executeJavaScript("var previewBar = document.getElementById("preview-bar-iframe"); previewBar.style.display = "none";", [])

2019-06-28 15:28:24 - [MESSAGE][NOT_RUN] - NOT_RUN: executeJavaScript("var previewBar = document.getElementById("preview-bar-iframe"); previewBar.style.display = "none";", [])

2019-06-28 15:28:24 - [TEST_STEP][PASSED] - delay(1): Delayed 1 second(s)

2019-06-28 15:28:25 - [MESSAGE][PASSED] - Delayed 1 second(s)

2019-06-28 15:28:25 - [TEST_STEP][PASSED] - click(findTestObject("OCS-MOBILE /Shipping page/Return to customer info")): Object: 'Object Repository/OCS-MOBILE /Shipping page/Return to customer info' is clicked on

2019-06-28 15:28:26 - [MESSAGE][PASSED] - Object: 'Object Repository/OCS-MOBILE /Shipping page/Return to customer info' is clicked on

2019-06-28 15:28:26 - [TEST_STEP][NOT_RUN] - executeJavaScript("var previewBar = document.getElementById("preview-bar-iframe"); previewBar.style.display = "none";", []): NOT_RUN: executeJavaScript("var previewBar = document.getElementById("preview-bar-iframe"); previewBar.style.display = "none";", [])

2019-06-28 15:28:26 - [MESSAGE][NOT_RUN] - NOT_RUN: executeJavaScript("var previewBar = document.getElementById("preview-bar-iframe"); previewBar.style.display = "none";", [])

2019-06-28 15:28:26 - [TEST_STEP][PASSED] - delay(1): Delayed 1 second(s)

2019-06-28 15:28:27 - [MESSAGE][PASSED] - Delayed 1 second(s)

2019-06-28 15:28:27 - [TEST_STEP][NOT_RUN] - delay(1): NOT_RUN: delay(1)

2019-06-28 15:28:27 - [MESSAGE][NOT_RUN] - NOT_RUN: delay(1)

2019-06-28 15:28:27 - [TEST_STEP][PASSED] - click(findTestObject("OCS-MOBILE /Customer info page/Continue to shipping method - Button")): Object: 'Object Repository/OCS-MOBILE /Customer info page/Continue to shipping method - Button' is clicked on

2019-06-28 15:28:28 - [MESSAGE][PASSED] - Object: 'Object Repository/OCS-MOBILE /Customer info page/Continue to shipping method - Button' is clicked on

2019-06-28 15:28:28 - [TEST_STEP][PASSED] - closeBrowser(): Browser is closed

2019-06-28 15:28:29 - [MESSAGE][PASSED] - Browser is closed]]></system-out>
         <system-err><![CDATA[]]></system-err>
      </testcase>
      <testcase name="Test Cases/OCS - MOBILE/OCS- CRITICAL PATH/Cart page- decrease qty" classname="Test Cases/OCS - MOBILE/OCS- CRITICAL PATH/Cart page- decrease qty" status="PASSED">
         <system-out><![CDATA[2019-06-28 15:28:29 - [TEST_CASE][PASSED] - Test Cases/OCS - MOBILE/OCS- CRITICAL PATH/Cart page- decrease qty: Test Cases/OCS - MOBILE/OCS- CRITICAL PATH/Cart page- decrease qty

2019-06-28 15:28:29 - [TEST_STEP][PASSED] - callTestCase(findTestCase("OCS - MOBILE/CALL - AGE GATE"), [:], STOP_ON_FAILURE): Call Test Case 'Test Cases/OCS - MOBILE/CALL - AGE GATE' successfully

2019-06-28 15:28:29 - [TEST_CASE][PASSED] - Test Cases/OCS - MOBILE/CALL - AGE GATE: Test Cases/OCS - MOBILE/CALL - AGE GATE

2019-06-28 15:28:29 - [TEST_STEP][PASSED] - openBrowser(""): Browser is opened with url: ''

2019-06-28 15:28:29 - [MESSAGE][INFO] - Starting 'Chrome' driver

2019-06-28 15:28:30 - [MESSAGE][PASSED] - Browser is opened with url: ''

2019-06-28 15:28:30 - [TEST_STEP][PASSED] - navigateToUrl("ocs.ca"): Navigate to 'http://ocs.ca' successfully

2019-06-28 15:28:34 - [MESSAGE][PASSED] - Navigate to 'http://ocs.ca' successfully

2019-06-28 15:28:34 - [TEST_STEP][NOT_RUN] - executeJavaScript("var previewBar = document.getElementById("preview-bar-iframe"); previewBar.style.display = "none";", []): NOT_RUN: executeJavaScript("var previewBar = document.getElementById("preview-bar-iframe"); previewBar.style.display = "none";", [])

2019-06-28 15:28:34 - [MESSAGE][NOT_RUN] - NOT_RUN: executeJavaScript("var previewBar = document.getElementById("preview-bar-iframe"); previewBar.style.display = "none";", [])

2019-06-28 15:28:34 - [TEST_STEP][PASSED] - setViewPortSize(360, 800): Viewport is set to new size with width = 360 and height = 800

2019-06-28 15:28:34 - [MESSAGE][PASSED] - Viewport is set to new size with width = 360 and height = 800

2019-06-28 15:28:34 - [TEST_STEP][PASSED] - delay(4): Delayed 4 second(s)

2019-06-28 15:28:38 - [MESSAGE][PASSED] - Delayed 4 second(s)

2019-06-28 15:28:38 - [TEST_STEP][PASSED] - selectOptionByValue(findTestObject("OCS-MOBILE /Age gate and burger menu/Date"), "12", true): All options with value '12' are selected in object 'Object Repository/OCS-MOBILE /Age gate and burger menu/Date'  using regular expression

2019-06-28 15:28:38 - [MESSAGE][PASSED] - All options with value '12' are selected in object 'Object Repository/OCS-MOBILE /Age gate and burger menu/Date'  using regular expression

2019-06-28 15:28:38 - [TEST_STEP][PASSED] - selectOptionByValue(findTestObject("OCS-MOBILE /Age gate and burger menu/month"), "6", true): All options with value '6' are selected in object 'Object Repository/OCS-MOBILE /Age gate and burger menu/month'  using regular expression

2019-06-28 15:28:38 - [MESSAGE][PASSED] - All options with value '6' are selected in object 'Object Repository/OCS-MOBILE /Age gate and burger menu/month'  using regular expression

2019-06-28 15:28:38 - [TEST_STEP][PASSED] - delay(2): Delayed 2 second(s)

2019-06-28 15:28:40 - [MESSAGE][PASSED] - Delayed 2 second(s)

2019-06-28 15:28:40 - [TEST_STEP][PASSED] - selectOptionByValue(findTestObject("OCS-MOBILE /Age gate and burger menu/Year Dropdown"), "1990", true): All options with value '1990' are selected in object 'Object Repository/OCS-MOBILE /Age gate and burger menu/Year Dropdown'  using regular expression

2019-06-28 15:28:41 - [MESSAGE][PASSED] - All options with value '1990' are selected in object 'Object Repository/OCS-MOBILE /Age gate and burger menu/Year Dropdown'  using regular expression

2019-06-28 15:28:41 - [TEST_STEP][PASSED] - click(findTestObject("OCS-MOBILE /Age gate and Mega menu/button_Verify")): Object: 'Object Repository/OCS-MOBILE /Age gate and Mega menu/button_Verify' is clicked on

2019-06-28 15:28:41 - [MESSAGE][PASSED] - Object: 'Object Repository/OCS-MOBILE /Age gate and Mega menu/button_Verify' is clicked on

2019-06-28 15:28:41 - [TEST_STEP][PASSED] - click(findTestObject("OCS-MOBILE /Age gate and Mega menu/Checkbox_CONFIRM AND ACKNOWLEDGE")): Object: 'Object Repository/OCS-MOBILE /Age gate and Mega menu/Checkbox_CONFIRM AND ACKNOWLEDGE' is clicked on

2019-06-28 15:28:42 - [MESSAGE][PASSED] - Object: 'Object Repository/OCS-MOBILE /Age gate and Mega menu/Checkbox_CONFIRM AND ACKNOWLEDGE' is clicked on

2019-06-28 15:28:42 - [TEST_STEP][PASSED] - click(findTestObject("OCS-MOBILE /Age gate and Mega menu/button_CONFIRM")): Object: 'Object Repository/OCS-MOBILE /Age gate and Mega menu/button_CONFIRM' is clicked on

2019-06-28 15:28:42 - [MESSAGE][PASSED] - Object: 'Object Repository/OCS-MOBILE /Age gate and Mega menu/button_CONFIRM' is clicked on

2019-06-28 15:28:42 - [TEST_STEP][PASSED] - click(findTestObject("OCS-MOBILE /Age gate and Mega menu/button_Start Browsing")): Object: 'Object Repository/OCS-MOBILE /Age gate and Mega menu/button_Start Browsing' is clicked on

2019-06-28 15:28:42 - [MESSAGE][PASSED] - Object: 'Object Repository/OCS-MOBILE /Age gate and Mega menu/button_Start Browsing' is clicked on

2019-06-28 15:28:42 - [TEST_STEP][PASSED] - refresh(): Refresh successfully

2019-06-28 15:28:44 - [MESSAGE][PASSED] - Refresh successfully

2019-06-28 15:28:44 - [TEST_STEP][NOT_RUN] - executeJavaScript("var previewBar = document.getElementById("preview-bar-iframe"); previewBar.style.display = "none";", []): NOT_RUN: executeJavaScript("var previewBar = document.getElementById("preview-bar-iframe"); previewBar.style.display = "none";", [])

2019-06-28 15:28:44 - [MESSAGE][NOT_RUN] - NOT_RUN: executeJavaScript("var previewBar = document.getElementById("preview-bar-iframe"); previewBar.style.display = "none";", [])

2019-06-28 15:28:44 - [MESSAGE][PASSED] - Call Test Case 'Test Cases/OCS - MOBILE/CALL - AGE GATE' successfully

2019-06-28 15:28:44 - [TEST_STEP][PASSED] - delay(2): Delayed 2 second(s)

2019-06-28 15:28:46 - [MESSAGE][PASSED] - Delayed 2 second(s)

2019-06-28 15:28:46 - [TEST_STEP][PASSED] - click(findTestObject("OCS-MOBILE /Age gate and burger menu/Burger menu - English")): Object: 'Object Repository/OCS-MOBILE /Age gate and burger menu/Burger menu - English' is clicked on

2019-06-28 15:28:46 - [MESSAGE][PASSED] - Object: 'Object Repository/OCS-MOBILE /Age gate and burger menu/Burger menu - English' is clicked on

2019-06-28 15:28:46 - [TEST_STEP][PASSED] - delay(2): Delayed 2 second(s)

2019-06-28 15:28:48 - [MESSAGE][PASSED] - Delayed 2 second(s)

2019-06-28 15:28:48 - [TEST_STEP][PASSED] - click(findTestObject("OCS-MOBILE /Age gate and burger menu/Chevron_Cannabis")): Object: 'Object Repository/OCS-MOBILE /Age gate and burger menu/Chevron_Cannabis' is clicked on

2019-06-28 15:28:48 - [MESSAGE][PASSED] - Object: 'Object Repository/OCS-MOBILE /Age gate and burger menu/Chevron_Cannabis' is clicked on

2019-06-28 15:28:48 - [TEST_STEP][PASSED] - delay(2): Delayed 2 second(s)

2019-06-28 15:28:50 - [MESSAGE][PASSED] - Delayed 2 second(s)

2019-06-28 15:28:50 - [TEST_STEP][PASSED] - click(findTestObject("OCS-MOBILE /Age gate and burger menu/Dried Flower_Plus icon")): Object: 'Object Repository/OCS-MOBILE /Age gate and burger menu/Dried Flower_Plus icon' is clicked on

2019-06-28 15:28:50 - [MESSAGE][PASSED] - Object: 'Object Repository/OCS-MOBILE /Age gate and burger menu/Dried Flower_Plus icon' is clicked on

2019-06-28 15:28:50 - [TEST_STEP][PASSED] - delay(2): Delayed 2 second(s)

2019-06-28 15:28:52 - [MESSAGE][PASSED] - Delayed 2 second(s)

2019-06-28 15:28:52 - [TEST_STEP][PASSED] - click(findTestObject("OCS-MOBILE /Age gate and burger menu/Indica Dominant_Menu item")): Object: 'Object Repository/OCS-MOBILE /Age gate and burger menu/Indica Dominant_Menu item' is clicked on

2019-06-28 15:28:54 - [MESSAGE][PASSED] - Object: 'Object Repository/OCS-MOBILE /Age gate and burger menu/Indica Dominant_Menu item' is clicked on

2019-06-28 15:28:54 - [TEST_STEP][PASSED] - delay(2): Delayed 2 second(s)

2019-06-28 15:28:56 - [MESSAGE][PASSED] - Delayed 2 second(s)

2019-06-28 15:28:56 - [TEST_STEP][NOT_RUN] - executeJavaScript("var previewBar = document.getElementById("preview-bar-iframe"); previewBar.style.display = "none";", []): NOT_RUN: executeJavaScript("var previewBar = document.getElementById("preview-bar-iframe"); previewBar.style.display = "none";", [])

2019-06-28 15:28:56 - [MESSAGE][NOT_RUN] - NOT_RUN: executeJavaScript("var previewBar = document.getElementById("preview-bar-iframe"); previewBar.style.display = "none";", [])

2019-06-28 15:28:56 - [TEST_STEP][PASSED] - click(findTestObject("OCS-MOBILE /Collection page/Product image - 1st one")): Object: 'Object Repository/OCS-MOBILE /Collection page/Product image - 1st one' is clicked on

2019-06-28 15:29:00 - [MESSAGE][PASSED] - Object: 'Object Repository/OCS-MOBILE /Collection page/Product image - 1st one' is clicked on

2019-06-28 15:29:00 - [TEST_STEP][NOT_RUN] - executeJavaScript("var previewBar = document.getElementById("preview-bar-iframe"); previewBar.style.display = "none";", []): NOT_RUN: executeJavaScript("var previewBar = document.getElementById("preview-bar-iframe"); previewBar.style.display = "none";", [])

2019-06-28 15:29:00 - [MESSAGE][NOT_RUN] - NOT_RUN: executeJavaScript("var previewBar = document.getElementById("preview-bar-iframe"); previewBar.style.display = "none";", [])

2019-06-28 15:29:00 - [TEST_STEP][NOT_RUN] - scrollToElement(findTestObject("OCS-MOBILE /Product page/Product image"), 1): NOT_RUN: scrollToElement(findTestObject("OCS-MOBILE /Product page/Product image"), 1)

2019-06-28 15:29:00 - [MESSAGE][NOT_RUN] - NOT_RUN: scrollToElement(findTestObject("OCS-MOBILE /Product page/Product image"), 1)

2019-06-28 15:29:00 - [TEST_STEP][PASSED] - delay(2): Delayed 2 second(s)

2019-06-28 15:29:02 - [MESSAGE][PASSED] - Delayed 2 second(s)

2019-06-28 15:29:02 - [TEST_STEP][PASSED] - click(findTestObject("OCS-MOBILE /Product page/Swatch_1g")): Object: 'Object Repository/OCS-MOBILE /Product page/Swatch_1g' is clicked on

2019-06-28 15:29:02 - [MESSAGE][PASSED] - Object: 'Object Repository/OCS-MOBILE /Product page/Swatch_1g' is clicked on

2019-06-28 15:29:02 - [TEST_STEP][NOT_RUN] - scrollToElement(findTestObject("OCS-MOBILE /Product page/Swatch_1g"), 1): NOT_RUN: scrollToElement(findTestObject("OCS-MOBILE /Product page/Swatch_1g"), 1)

2019-06-28 15:29:02 - [MESSAGE][NOT_RUN] - NOT_RUN: scrollToElement(findTestObject("OCS-MOBILE /Product page/Swatch_1g"), 1)

2019-06-28 15:29:02 - [TEST_STEP][PASSED] - delay(2): Delayed 2 second(s)

2019-06-28 15:29:04 - [MESSAGE][PASSED] - Delayed 2 second(s)

2019-06-28 15:29:04 - [TEST_STEP][PASSED] - click(findTestObject("OCS-MOBILE /Product page/Quantity Increase - Button")): Object: 'Object Repository/OCS-MOBILE /Product page/Quantity Increase - Button' is clicked on

2019-06-28 15:29:04 - [MESSAGE][PASSED] - Object: 'Object Repository/OCS-MOBILE /Product page/Quantity Increase - Button' is clicked on

2019-06-28 15:29:04 - [TEST_STEP][PASSED] - delay(1): Delayed 1 second(s)

2019-06-28 15:29:05 - [MESSAGE][PASSED] - Delayed 1 second(s)

2019-06-28 15:29:05 - [TEST_STEP][PASSED] - click(findTestObject("OCS-MOBILE /Product page/Quantity Increase - Button")): Object: 'Object Repository/OCS-MOBILE /Product page/Quantity Increase - Button' is clicked on

2019-06-28 15:29:05 - [MESSAGE][PASSED] - Object: 'Object Repository/OCS-MOBILE /Product page/Quantity Increase - Button' is clicked on

2019-06-28 15:29:05 - [TEST_STEP][PASSED] - delay(1): Delayed 1 second(s)

2019-06-28 15:29:06 - [MESSAGE][PASSED] - Delayed 1 second(s)

2019-06-28 15:29:06 - [TEST_STEP][PASSED] - click(findTestObject("OCS-MOBILE /Product page/Quantity Increase - Button")): Object: 'Object Repository/OCS-MOBILE /Product page/Quantity Increase - Button' is clicked on

2019-06-28 15:29:06 - [MESSAGE][PASSED] - Object: 'Object Repository/OCS-MOBILE /Product page/Quantity Increase - Button' is clicked on

2019-06-28 15:29:06 - [TEST_STEP][PASSED] - delay(1): Delayed 1 second(s)

2019-06-28 15:29:07 - [MESSAGE][PASSED] - Delayed 1 second(s)

2019-06-28 15:29:07 - [TEST_STEP][PASSED] - click(findTestObject("OCS-MOBILE /Product page/Quantity Increase - Button")): Object: 'Object Repository/OCS-MOBILE /Product page/Quantity Increase - Button' is clicked on

2019-06-28 15:29:07 - [MESSAGE][PASSED] - Object: 'Object Repository/OCS-MOBILE /Product page/Quantity Increase - Button' is clicked on

2019-06-28 15:29:07 - [TEST_STEP][PASSED] - delay(1): Delayed 1 second(s)

2019-06-28 15:29:08 - [MESSAGE][PASSED] - Delayed 1 second(s)

2019-06-28 15:29:08 - [TEST_STEP][PASSED] - click(findTestObject("OCS-MOBILE /Product page/Quantity Increase - Button")): Object: 'Object Repository/OCS-MOBILE /Product page/Quantity Increase - Button' is clicked on

2019-06-28 15:29:08 - [MESSAGE][PASSED] - Object: 'Object Repository/OCS-MOBILE /Product page/Quantity Increase - Button' is clicked on

2019-06-28 15:29:08 - [TEST_STEP][PASSED] - delay(2): Delayed 2 second(s)

2019-06-28 15:29:10 - [MESSAGE][PASSED] - Delayed 2 second(s)

2019-06-28 15:29:10 - [TEST_STEP][PASSED] - click(findTestObject("OCS-MOBILE /Product page/Add to Bag-button")): Object: 'Object Repository/OCS-MOBILE /Product page/Add to Bag-button' is clicked on

2019-06-28 15:29:10 - [MESSAGE][PASSED] - Object: 'Object Repository/OCS-MOBILE /Product page/Add to Bag-button' is clicked on

2019-06-28 15:29:10 - [TEST_STEP][PASSED] - delay(1): Delayed 1 second(s)

2019-06-28 15:29:11 - [MESSAGE][PASSED] - Delayed 1 second(s)

2019-06-28 15:29:11 - [TEST_STEP][NOT_RUN] - click(findTestObject("OCS-MOBILE /Home - page/Cart icon -bag")): NOT_RUN: click(findTestObject("OCS-MOBILE /Home - page/Cart icon -bag"))

2019-06-28 15:29:11 - [MESSAGE][NOT_RUN] - NOT_RUN: click(findTestObject("OCS-MOBILE /Home - page/Cart icon -bag"))

2019-06-28 15:29:11 - [TEST_STEP][PASSED] - delay(1): Delayed 1 second(s)

2019-06-28 15:29:12 - [MESSAGE][PASSED] - Delayed 1 second(s)

2019-06-28 15:29:12 - [TEST_STEP][PASSED] - click(findTestObject("OCS-MOBILE /Cart flyout/Checkbox_I confirm that")): Object: 'Object Repository/OCS-MOBILE /Cart flyout/Checkbox_I confirm that' is clicked on

2019-06-28 15:29:12 - [MESSAGE][PASSED] - Object: 'Object Repository/OCS-MOBILE /Cart flyout/Checkbox_I confirm that' is clicked on

2019-06-28 15:29:12 - [TEST_STEP][PASSED] - click(findTestObject("OCS-MOBILE /Cart flyout/Checkbox_Accept the Terms Condition")): Object: 'Object Repository/OCS-MOBILE /Cart flyout/Checkbox_Accept the Terms Condition' is clicked on

2019-06-28 15:29:12 - [MESSAGE][PASSED] - Object: 'Object Repository/OCS-MOBILE /Cart flyout/Checkbox_Accept the Terms Condition' is clicked on

2019-06-28 15:29:12 - [TEST_STEP][PASSED] - delay(1): Delayed 1 second(s)

2019-06-28 15:29:13 - [MESSAGE][PASSED] - Delayed 1 second(s)

2019-06-28 15:29:13 - [TEST_STEP][PASSED] - click(findTestObject("OCS-MOBILE /Cart flyout/Checkout - Button")): Object: 'Object Repository/OCS-MOBILE /Cart flyout/Checkout - Button' is clicked on

2019-06-28 15:29:15 - [MESSAGE][PASSED] - Object: 'Object Repository/OCS-MOBILE /Cart flyout/Checkout - Button' is clicked on

2019-06-28 15:29:15 - [TEST_STEP][PASSED] - delay(2): Delayed 2 second(s)

2019-06-28 15:29:17 - [MESSAGE][PASSED] - Delayed 2 second(s)

2019-06-28 15:29:17 - [TEST_STEP][NOT_RUN] - executeJavaScript("var previewBar = document.getElementById("preview-bar-iframe"); previewBar.style.display = "none";", []): NOT_RUN: executeJavaScript("var previewBar = document.getElementById("preview-bar-iframe"); previewBar.style.display = "none";", [])

2019-06-28 15:29:17 - [MESSAGE][NOT_RUN] - NOT_RUN: executeJavaScript("var previewBar = document.getElementById("preview-bar-iframe"); previewBar.style.display = "none";", [])

2019-06-28 15:29:17 - [TEST_STEP][PASSED] - scrollToElement(findTestObject("OCS-MOBILE /Customer info page/Return to Cart - Link"), 1): Scroll to object 'Object Repository/OCS-MOBILE /Customer info page/Return to Cart - Link' successfully

2019-06-28 15:29:17 - [MESSAGE][PASSED] - Scroll to object 'Object Repository/OCS-MOBILE /Customer info page/Return to Cart - Link' successfully

2019-06-28 15:29:17 - [TEST_STEP][PASSED] - delay(1): Delayed 1 second(s)

2019-06-28 15:29:18 - [MESSAGE][PASSED] - Delayed 1 second(s)

2019-06-28 15:29:18 - [TEST_STEP][PASSED] - click(findTestObject("OCS-MOBILE /Customer info page/Return to Cart - Link")): Object: 'Object Repository/OCS-MOBILE /Customer info page/Return to Cart - Link' is clicked on

2019-06-28 15:29:20 - [MESSAGE][PASSED] - Object: 'Object Repository/OCS-MOBILE /Customer info page/Return to Cart - Link' is clicked on

2019-06-28 15:29:20 - [TEST_STEP][PASSED] - delay(1): Delayed 1 second(s)

2019-06-28 15:29:21 - [MESSAGE][PASSED] - Delayed 1 second(s)

2019-06-28 15:29:21 - [TEST_STEP][PASSED] - a = getText(findTestObject("OCS-MOBILE /Cart page/Unit price - product - price in cart page")): Text of object 'Object Repository/OCS-MOBILE /Cart page/Unit price - product - price in cart page' is: '$61.50'

2019-06-28 15:29:21 - [MESSAGE][PASSED] - Text of object 'Object Repository/OCS-MOBILE /Cart page/Unit price - product - price in cart page' is: '$61.50'

2019-06-28 15:29:21 - [TEST_STEP][PASSED] - comment(a): $61.50

2019-06-28 15:29:21 - [MESSAGE][INFO] - $61.50

2019-06-28 15:29:21 - [TEST_STEP][PASSED] - click(findTestObject("OCS-MOBILE /Cart page/Quantity Input field")): Object: 'Object Repository/OCS-MOBILE /Cart page/Quantity Input field' is clicked on

2019-06-28 15:29:21 - [MESSAGE][PASSED] - Object: 'Object Repository/OCS-MOBILE /Cart page/Quantity Input field' is clicked on

2019-06-28 15:29:21 - [TEST_STEP][PASSED] - sendKeys(findTestObject("OCS-MOBILE /Cart page/Quantity Input field"), Keys.chord(CLEAR)): Keys 'CLEAR + ' sent to object: 'Object Repository/OCS-MOBILE /Cart page/Quantity Input field'

2019-06-28 15:29:21 - [MESSAGE][PASSED] - Keys 'CLEAR + ' sent to object: 'Object Repository/OCS-MOBILE /Cart page/Quantity Input field'

2019-06-28 15:29:21 - [TEST_STEP][PASSED] - delay(2): Delayed 2 second(s)

2019-06-28 15:29:23 - [MESSAGE][PASSED] - Delayed 2 second(s)

2019-06-28 15:29:23 - [TEST_STEP][PASSED] - setText(findTestObject("OCS-MOBILE /Cart page/Quantity Input field"), "10"): Text '10' is set on object 'Object Repository/OCS-MOBILE /Cart page/Quantity Input field'

2019-06-28 15:29:23 - [MESSAGE][PASSED] - Text '10' is set on object 'Object Repository/OCS-MOBILE /Cart page/Quantity Input field'

2019-06-28 15:29:23 - [TEST_STEP][PASSED] - delay(2): Delayed 2 second(s)

2019-06-28 15:29:25 - [MESSAGE][PASSED] - Delayed 2 second(s)

2019-06-28 15:29:25 - [TEST_STEP][PASSED] - sendKeys(findTestObject("OCS-MOBILE /Cart page/Quantity Input field"), Keys.chord(CLEAR)): Keys 'CLEAR + ' sent to object: 'Object Repository/OCS-MOBILE /Cart page/Quantity Input field'

2019-06-28 15:29:25 - [MESSAGE][PASSED] - Keys 'CLEAR + ' sent to object: 'Object Repository/OCS-MOBILE /Cart page/Quantity Input field'

2019-06-28 15:29:25 - [TEST_STEP][NOT_RUN] - click(findTestObject("OCS-MOBILE /Cart page/enter quantity")): NOT_RUN: click(findTestObject("OCS-MOBILE /Cart page/enter quantity"))

2019-06-28 15:29:25 - [MESSAGE][NOT_RUN] - NOT_RUN: click(findTestObject("OCS-MOBILE /Cart page/enter quantity"))

2019-06-28 15:29:25 - [TEST_STEP][PASSED] - delay(2): Delayed 2 second(s)

2019-06-28 15:29:27 - [MESSAGE][PASSED] - Delayed 2 second(s)

2019-06-28 15:29:27 - [TEST_STEP][PASSED] - setText(findTestObject("OCS-MOBILE /Cart page/Quantity Input field"), "7"): Text '7' is set on object 'Object Repository/OCS-MOBILE /Cart page/Quantity Input field'

2019-06-28 15:29:27 - [MESSAGE][PASSED] - Text '7' is set on object 'Object Repository/OCS-MOBILE /Cart page/Quantity Input field'

2019-06-28 15:29:27 - [TEST_STEP][PASSED] - delay(2): Delayed 2 second(s)

2019-06-28 15:29:29 - [MESSAGE][PASSED] - Delayed 2 second(s)

2019-06-28 15:29:29 - [TEST_STEP][NOT_RUN] - click(findTestObject("OCS-MOBILE /Cart page/Unit price - product")): NOT_RUN: click(findTestObject("OCS-MOBILE /Cart page/Unit price - product"))

2019-06-28 15:29:29 - [MESSAGE][NOT_RUN] - NOT_RUN: click(findTestObject("OCS-MOBILE /Cart page/Unit price - product"))

2019-06-28 15:29:29 - [TEST_STEP][PASSED] - delay(2): Delayed 2 second(s)

2019-06-28 15:29:31 - [MESSAGE][PASSED] - Delayed 2 second(s)

2019-06-28 15:29:31 - [TEST_STEP][PASSED] - click(findTestObject("OCS-MOBILE /Cart page/Qty Decrease icon")): Object: 'Object Repository/OCS-MOBILE /Cart page/Qty Decrease icon' is clicked on

2019-06-28 15:29:31 - [MESSAGE][PASSED] - Object: 'Object Repository/OCS-MOBILE /Cart page/Qty Decrease icon' is clicked on

2019-06-28 15:29:31 - [TEST_STEP][PASSED] - delay(2): Delayed 2 second(s)

2019-06-28 15:29:33 - [MESSAGE][PASSED] - Delayed 2 second(s)

2019-06-28 15:29:33 - [TEST_STEP][PASSED] - click(findTestObject("OCS-MOBILE /Cart page/Qty Decrease icon")): Object: 'Object Repository/OCS-MOBILE /Cart page/Qty Decrease icon' is clicked on

2019-06-28 15:29:33 - [MESSAGE][PASSED] - Object: 'Object Repository/OCS-MOBILE /Cart page/Qty Decrease icon' is clicked on

2019-06-28 15:29:33 - [TEST_STEP][PASSED] - delay(2): Delayed 2 second(s)

2019-06-28 15:29:35 - [MESSAGE][PASSED] - Delayed 2 second(s)

2019-06-28 15:29:35 - [TEST_STEP][PASSED] - click(findTestObject("OCS-MOBILE /Cart page/Qty Decrease icon")): Object: 'Object Repository/OCS-MOBILE /Cart page/Qty Decrease icon' is clicked on

2019-06-28 15:29:35 - [MESSAGE][PASSED] - Object: 'Object Repository/OCS-MOBILE /Cart page/Qty Decrease icon' is clicked on

2019-06-28 15:29:35 - [TEST_STEP][PASSED] - delay(2): Delayed 2 second(s)

2019-06-28 15:29:37 - [MESSAGE][PASSED] - Delayed 2 second(s)

2019-06-28 15:29:37 - [TEST_STEP][PASSED] - b = getText(findTestObject("OCS-MOBILE /Cart page/Unit price - product - price in cart page")): Text of object 'Object Repository/OCS-MOBILE /Cart page/Unit price - product - price in cart page' is: '$41.00'

2019-06-28 15:29:37 - [MESSAGE][PASSED] - Text of object 'Object Repository/OCS-MOBILE /Cart page/Unit price - product - price in cart page' is: '$41.00'

2019-06-28 15:29:37 - [TEST_STEP][PASSED] - comment(b): $41.00

2019-06-28 15:29:37 - [MESSAGE][INFO] - $41.00

2019-06-28 15:29:37 - [TEST_STEP][PASSED] - verifyNotEqual("a", "b"): Actual object 'a' and expected object 'b' are not equal

2019-06-28 15:29:37 - [MESSAGE][PASSED] - Actual object 'a' and expected object 'b' are not equal

2019-06-28 15:29:37 - [TEST_STEP][PASSED] - comment(" price changed . Quantity selector is working"):  price changed . Quantity selector is working

2019-06-28 15:29:37 - [MESSAGE][INFO] -  price changed . Quantity selector is working]]></system-out>
         <system-err><![CDATA[]]></system-err>
      </testcase>
      <testcase name="Test Cases/OCS - MOBILE/OCS- CRITICAL PATH/cart page-increase qty" classname="Test Cases/OCS - MOBILE/OCS- CRITICAL PATH/cart page-increase qty" status="PASSED">
         <system-out><![CDATA[2019-06-28 15:29:37 - [TEST_CASE][PASSED] - Test Cases/OCS - MOBILE/OCS- CRITICAL PATH/cart page-increase qty: Test Cases/OCS - MOBILE/OCS- CRITICAL PATH/cart page-increase qty

2019-06-28 15:29:37 - [TEST_STEP][PASSED] - callTestCase(findTestCase("OCS - MOBILE/CALL - AGE GATE"), [:], STOP_ON_FAILURE): Call Test Case 'Test Cases/OCS - MOBILE/CALL - AGE GATE' successfully

2019-06-28 15:29:37 - [TEST_CASE][PASSED] - Test Cases/OCS - MOBILE/CALL - AGE GATE: Test Cases/OCS - MOBILE/CALL - AGE GATE

2019-06-28 15:29:37 - [TEST_STEP][PASSED] - openBrowser(""): Browser is opened with url: ''

2019-06-28 15:29:37 - [MESSAGE][WARNING] - A browser is already opened. Closing browser and opening a new one

2019-06-28 15:29:37 - [MESSAGE][INFO] - Starting 'Chrome' driver

2019-06-28 15:29:39 - [MESSAGE][PASSED] - Browser is opened with url: ''

2019-06-28 15:29:39 - [TEST_STEP][PASSED] - navigateToUrl("ocs.ca"): Navigate to 'http://ocs.ca' successfully

2019-06-28 15:29:43 - [MESSAGE][PASSED] - Navigate to 'http://ocs.ca' successfully

2019-06-28 15:29:43 - [TEST_STEP][NOT_RUN] - executeJavaScript("var previewBar = document.getElementById("preview-bar-iframe"); previewBar.style.display = "none";", []): NOT_RUN: executeJavaScript("var previewBar = document.getElementById("preview-bar-iframe"); previewBar.style.display = "none";", [])

2019-06-28 15:29:43 - [MESSAGE][NOT_RUN] - NOT_RUN: executeJavaScript("var previewBar = document.getElementById("preview-bar-iframe"); previewBar.style.display = "none";", [])

2019-06-28 15:29:43 - [TEST_STEP][PASSED] - setViewPortSize(360, 800): Viewport is set to new size with width = 360 and height = 800

2019-06-28 15:29:44 - [MESSAGE][PASSED] - Viewport is set to new size with width = 360 and height = 800

2019-06-28 15:29:44 - [TEST_STEP][PASSED] - delay(4): Delayed 4 second(s)

2019-06-28 15:29:48 - [MESSAGE][PASSED] - Delayed 4 second(s)

2019-06-28 15:29:48 - [TEST_STEP][PASSED] - selectOptionByValue(findTestObject("OCS-MOBILE /Age gate and burger menu/Date"), "12", true): All options with value '12' are selected in object 'Object Repository/OCS-MOBILE /Age gate and burger menu/Date'  using regular expression

2019-06-28 15:29:48 - [MESSAGE][PASSED] - All options with value '12' are selected in object 'Object Repository/OCS-MOBILE /Age gate and burger menu/Date'  using regular expression

2019-06-28 15:29:48 - [TEST_STEP][PASSED] - selectOptionByValue(findTestObject("OCS-MOBILE /Age gate and burger menu/month"), "6", true): All options with value '6' are selected in object 'Object Repository/OCS-MOBILE /Age gate and burger menu/month'  using regular expression

2019-06-28 15:29:48 - [MESSAGE][PASSED] - All options with value '6' are selected in object 'Object Repository/OCS-MOBILE /Age gate and burger menu/month'  using regular expression

2019-06-28 15:29:48 - [TEST_STEP][PASSED] - delay(2): Delayed 2 second(s)

2019-06-28 15:29:50 - [MESSAGE][PASSED] - Delayed 2 second(s)

2019-06-28 15:29:50 - [TEST_STEP][PASSED] - selectOptionByValue(findTestObject("OCS-MOBILE /Age gate and burger menu/Year Dropdown"), "1990", true): All options with value '1990' are selected in object 'Object Repository/OCS-MOBILE /Age gate and burger menu/Year Dropdown'  using regular expression

2019-06-28 15:29:51 - [MESSAGE][PASSED] - All options with value '1990' are selected in object 'Object Repository/OCS-MOBILE /Age gate and burger menu/Year Dropdown'  using regular expression

2019-06-28 15:29:51 - [TEST_STEP][PASSED] - click(findTestObject("OCS-MOBILE /Age gate and Mega menu/button_Verify")): Object: 'Object Repository/OCS-MOBILE /Age gate and Mega menu/button_Verify' is clicked on

2019-06-28 15:29:51 - [MESSAGE][PASSED] - Object: 'Object Repository/OCS-MOBILE /Age gate and Mega menu/button_Verify' is clicked on

2019-06-28 15:29:51 - [TEST_STEP][PASSED] - click(findTestObject("OCS-MOBILE /Age gate and Mega menu/Checkbox_CONFIRM AND ACKNOWLEDGE")): Object: 'Object Repository/OCS-MOBILE /Age gate and Mega menu/Checkbox_CONFIRM AND ACKNOWLEDGE' is clicked on

2019-06-28 15:29:51 - [MESSAGE][PASSED] - Object: 'Object Repository/OCS-MOBILE /Age gate and Mega menu/Checkbox_CONFIRM AND ACKNOWLEDGE' is clicked on

2019-06-28 15:29:51 - [TEST_STEP][PASSED] - click(findTestObject("OCS-MOBILE /Age gate and Mega menu/button_CONFIRM")): Object: 'Object Repository/OCS-MOBILE /Age gate and Mega menu/button_CONFIRM' is clicked on

2019-06-28 15:29:51 - [MESSAGE][PASSED] - Object: 'Object Repository/OCS-MOBILE /Age gate and Mega menu/button_CONFIRM' is clicked on

2019-06-28 15:29:51 - [TEST_STEP][PASSED] - click(findTestObject("OCS-MOBILE /Age gate and Mega menu/button_Start Browsing")): Object: 'Object Repository/OCS-MOBILE /Age gate and Mega menu/button_Start Browsing' is clicked on

2019-06-28 15:29:51 - [MESSAGE][PASSED] - Object: 'Object Repository/OCS-MOBILE /Age gate and Mega menu/button_Start Browsing' is clicked on

2019-06-28 15:29:51 - [TEST_STEP][PASSED] - refresh(): Refresh successfully

2019-06-28 15:29:51 - [MESSAGE][PASSED] - Refresh successfully

2019-06-28 15:29:51 - [TEST_STEP][NOT_RUN] - executeJavaScript("var previewBar = document.getElementById("preview-bar-iframe"); previewBar.style.display = "none";", []): NOT_RUN: executeJavaScript("var previewBar = document.getElementById("preview-bar-iframe"); previewBar.style.display = "none";", [])

2019-06-28 15:29:51 - [MESSAGE][NOT_RUN] - NOT_RUN: executeJavaScript("var previewBar = document.getElementById("preview-bar-iframe"); previewBar.style.display = "none";", [])

2019-06-28 15:29:51 - [MESSAGE][PASSED] - Call Test Case 'Test Cases/OCS - MOBILE/CALL - AGE GATE' successfully

2019-06-28 15:29:51 - [TEST_STEP][PASSED] - delay(2): Delayed 2 second(s)

2019-06-28 15:29:53 - [MESSAGE][PASSED] - Delayed 2 second(s)

2019-06-28 15:29:53 - [TEST_STEP][PASSED] - click(findTestObject("OCS-MOBILE /Age gate and burger menu/Burger menu - English")): Object: 'Object Repository/OCS-MOBILE /Age gate and burger menu/Burger menu - English' is clicked on

2019-06-28 15:29:54 - [MESSAGE][PASSED] - Object: 'Object Repository/OCS-MOBILE /Age gate and burger menu/Burger menu - English' is clicked on

2019-06-28 15:29:54 - [TEST_STEP][PASSED] - delay(2): Delayed 2 second(s)

2019-06-28 15:29:56 - [MESSAGE][PASSED] - Delayed 2 second(s)

2019-06-28 15:29:56 - [TEST_STEP][PASSED] - click(findTestObject("OCS-MOBILE /Age gate and burger menu/Chevron_Cannabis")): Object: 'Object Repository/OCS-MOBILE /Age gate and burger menu/Chevron_Cannabis' is clicked on

2019-06-28 15:29:56 - [MESSAGE][PASSED] - Object: 'Object Repository/OCS-MOBILE /Age gate and burger menu/Chevron_Cannabis' is clicked on

2019-06-28 15:29:56 - [TEST_STEP][PASSED] - delay(2): Delayed 2 second(s)

2019-06-28 15:29:58 - [MESSAGE][PASSED] - Delayed 2 second(s)

2019-06-28 15:29:58 - [TEST_STEP][PASSED] - click(findTestObject("OCS-MOBILE /Age gate and burger menu/Dried Flower_Plus icon")): Object: 'Object Repository/OCS-MOBILE /Age gate and burger menu/Dried Flower_Plus icon' is clicked on

2019-06-28 15:29:58 - [MESSAGE][PASSED] - Object: 'Object Repository/OCS-MOBILE /Age gate and burger menu/Dried Flower_Plus icon' is clicked on

2019-06-28 15:29:58 - [TEST_STEP][PASSED] - delay(2): Delayed 2 second(s)

2019-06-28 15:30:00 - [MESSAGE][PASSED] - Delayed 2 second(s)

2019-06-28 15:30:00 - [TEST_STEP][PASSED] - click(findTestObject("OCS-MOBILE /Age gate and burger menu/Indica Dominant_Menu item")): Object: 'Object Repository/OCS-MOBILE /Age gate and burger menu/Indica Dominant_Menu item' is clicked on

2019-06-28 15:30:01 - [MESSAGE][PASSED] - Object: 'Object Repository/OCS-MOBILE /Age gate and burger menu/Indica Dominant_Menu item' is clicked on

2019-06-28 15:30:01 - [TEST_STEP][NOT_RUN] - executeJavaScript("var previewBar = document.getElementById("preview-bar-iframe"); previewBar.style.display = "none";", []): NOT_RUN: executeJavaScript("var previewBar = document.getElementById("preview-bar-iframe"); previewBar.style.display = "none";", [])

2019-06-28 15:30:01 - [MESSAGE][NOT_RUN] - NOT_RUN: executeJavaScript("var previewBar = document.getElementById("preview-bar-iframe"); previewBar.style.display = "none";", [])

2019-06-28 15:30:01 - [TEST_STEP][PASSED] - delay(2): Delayed 2 second(s)

2019-06-28 15:30:03 - [MESSAGE][PASSED] - Delayed 2 second(s)

2019-06-28 15:30:03 - [TEST_STEP][PASSED] - click(findTestObject("OCS-MOBILE /Collection page/Product image - 1st one")): Object: 'Object Repository/OCS-MOBILE /Collection page/Product image - 1st one' is clicked on

2019-06-28 15:30:07 - [MESSAGE][PASSED] - Object: 'Object Repository/OCS-MOBILE /Collection page/Product image - 1st one' is clicked on

2019-06-28 15:30:07 - [TEST_STEP][NOT_RUN] - executeJavaScript("var previewBar = document.getElementById("preview-bar-iframe"); previewBar.style.display = "none";", []): NOT_RUN: executeJavaScript("var previewBar = document.getElementById("preview-bar-iframe"); previewBar.style.display = "none";", [])

2019-06-28 15:30:07 - [MESSAGE][NOT_RUN] - NOT_RUN: executeJavaScript("var previewBar = document.getElementById("preview-bar-iframe"); previewBar.style.display = "none";", [])

2019-06-28 15:30:07 - [TEST_STEP][NOT_RUN] - scrollToElement(findTestObject("OCS-MOBILE /Product page/Product image"), 1): NOT_RUN: scrollToElement(findTestObject("OCS-MOBILE /Product page/Product image"), 1)

2019-06-28 15:30:07 - [MESSAGE][NOT_RUN] - NOT_RUN: scrollToElement(findTestObject("OCS-MOBILE /Product page/Product image"), 1)

2019-06-28 15:30:07 - [TEST_STEP][PASSED] - delay(2): Delayed 2 second(s)

2019-06-28 15:30:09 - [MESSAGE][PASSED] - Delayed 2 second(s)

2019-06-28 15:30:09 - [TEST_STEP][PASSED] - click(findTestObject("OCS-MOBILE /Product page/Swatch_1g")): Object: 'Object Repository/OCS-MOBILE /Product page/Swatch_1g' is clicked on

2019-06-28 15:30:09 - [MESSAGE][PASSED] - Object: 'Object Repository/OCS-MOBILE /Product page/Swatch_1g' is clicked on

2019-06-28 15:30:09 - [TEST_STEP][PASSED] - scrollToElement(findTestObject("OCS-MOBILE /Product page/Swatch_3.5g"), 1): Scroll to object 'Object Repository/OCS-MOBILE /Product page/Swatch_3.5g' successfully

2019-06-28 15:30:09 - [MESSAGE][PASSED] - Scroll to object 'Object Repository/OCS-MOBILE /Product page/Swatch_3.5g' successfully

2019-06-28 15:30:09 - [TEST_STEP][PASSED] - delay(2): Delayed 2 second(s)

2019-06-28 15:30:11 - [MESSAGE][PASSED] - Delayed 2 second(s)

2019-06-28 15:30:11 - [TEST_STEP][PASSED] - click(findTestObject("OCS-MOBILE /Product page/Add to Bag-button")): Object: 'Object Repository/OCS-MOBILE /Product page/Add to Bag-button' is clicked on

2019-06-28 15:30:11 - [MESSAGE][PASSED] - Object: 'Object Repository/OCS-MOBILE /Product page/Add to Bag-button' is clicked on

2019-06-28 15:30:11 - [TEST_STEP][PASSED] - delay(1): Delayed 1 second(s)

2019-06-28 15:30:12 - [MESSAGE][PASSED] - Delayed 1 second(s)

2019-06-28 15:30:12 - [TEST_STEP][NOT_RUN] - click(findTestObject("OCS-MOBILE /Home - page/Cart icon -bag")): NOT_RUN: click(findTestObject("OCS-MOBILE /Home - page/Cart icon -bag"))

2019-06-28 15:30:12 - [MESSAGE][NOT_RUN] - NOT_RUN: click(findTestObject("OCS-MOBILE /Home - page/Cart icon -bag"))

2019-06-28 15:30:12 - [TEST_STEP][PASSED] - delay(2): Delayed 2 second(s)

2019-06-28 15:30:14 - [MESSAGE][PASSED] - Delayed 2 second(s)

2019-06-28 15:30:14 - [TEST_STEP][PASSED] - click(findTestObject("OCS-MOBILE /Cart flyout/Checkbox_I confirm that")): Object: 'Object Repository/OCS-MOBILE /Cart flyout/Checkbox_I confirm that' is clicked on

2019-06-28 15:30:14 - [MESSAGE][PASSED] - Object: 'Object Repository/OCS-MOBILE /Cart flyout/Checkbox_I confirm that' is clicked on

2019-06-28 15:30:14 - [TEST_STEP][PASSED] - delay(2): Delayed 2 second(s)

2019-06-28 15:30:16 - [MESSAGE][PASSED] - Delayed 2 second(s)

2019-06-28 15:30:16 - [TEST_STEP][PASSED] - click(findTestObject("OCS-MOBILE /Cart flyout/Checkbox_Accept the Terms Condition")): Object: 'Object Repository/OCS-MOBILE /Cart flyout/Checkbox_Accept the Terms Condition' is clicked on

2019-06-28 15:30:16 - [MESSAGE][PASSED] - Object: 'Object Repository/OCS-MOBILE /Cart flyout/Checkbox_Accept the Terms Condition' is clicked on

2019-06-28 15:30:16 - [TEST_STEP][PASSED] - delay(1): Delayed 1 second(s)

2019-06-28 15:30:17 - [MESSAGE][PASSED] - Delayed 1 second(s)

2019-06-28 15:30:17 - [TEST_STEP][PASSED] - click(findTestObject("OCS-MOBILE /Cart flyout/Checkout - Button")): Object: 'Object Repository/OCS-MOBILE /Cart flyout/Checkout - Button' is clicked on

2019-06-28 15:30:20 - [MESSAGE][PASSED] - Object: 'Object Repository/OCS-MOBILE /Cart flyout/Checkout - Button' is clicked on

2019-06-28 15:30:20 - [TEST_STEP][PASSED] - delay(2): Delayed 2 second(s)

2019-06-28 15:30:22 - [MESSAGE][PASSED] - Delayed 2 second(s)

2019-06-28 15:30:22 - [TEST_STEP][NOT_RUN] - executeJavaScript("var previewBar = document.getElementById("preview-bar-iframe"); previewBar.style.display = "none";", []): NOT_RUN: executeJavaScript("var previewBar = document.getElementById("preview-bar-iframe"); previewBar.style.display = "none";", [])

2019-06-28 15:30:22 - [MESSAGE][NOT_RUN] - NOT_RUN: executeJavaScript("var previewBar = document.getElementById("preview-bar-iframe"); previewBar.style.display = "none";", [])

2019-06-28 15:30:22 - [TEST_STEP][PASSED] - delay(2): Delayed 2 second(s)

2019-06-28 15:30:24 - [MESSAGE][PASSED] - Delayed 2 second(s)

2019-06-28 15:30:24 - [TEST_STEP][PASSED] - scrollToElement(findTestObject("OCS-MOBILE /Customer info page/Return to Cart - Link"), 1): Scroll to object 'Object Repository/OCS-MOBILE /Customer info page/Return to Cart - Link' successfully

2019-06-28 15:30:24 - [MESSAGE][PASSED] - Scroll to object 'Object Repository/OCS-MOBILE /Customer info page/Return to Cart - Link' successfully

2019-06-28 15:30:24 - [TEST_STEP][PASSED] - click(findTestObject("OCS-MOBILE /Customer info page/Return to Cart - Link")): Object: 'Object Repository/OCS-MOBILE /Customer info page/Return to Cart - Link' is clicked on

2019-06-28 15:30:25 - [MESSAGE][PASSED] - Object: 'Object Repository/OCS-MOBILE /Customer info page/Return to Cart - Link' is clicked on

2019-06-28 15:30:25 - [TEST_STEP][PASSED] - delay(1): Delayed 1 second(s)

2019-06-28 15:30:26 - [MESSAGE][PASSED] - Delayed 1 second(s)

2019-06-28 15:30:26 - [TEST_STEP][PASSED] - a = getText(findTestObject("OCS-MOBILE /Cart page/Unit price - product - price in cart page")): Text of object 'Object Repository/OCS-MOBILE /Cart page/Unit price - product - price in cart page' is: '$10.25'

2019-06-28 15:30:26 - [MESSAGE][PASSED] - Text of object 'Object Repository/OCS-MOBILE /Cart page/Unit price - product - price in cart page' is: '$10.25'

2019-06-28 15:30:26 - [TEST_STEP][PASSED] - comment(a): $10.25

2019-06-28 15:30:26 - [MESSAGE][INFO] - $10.25

2019-06-28 15:30:26 - [TEST_STEP][PASSED] - click(findTestObject("OCS-MOBILE /Cart page/Quantity Input field")): Object: 'Object Repository/OCS-MOBILE /Cart page/Quantity Input field' is clicked on

2019-06-28 15:30:26 - [MESSAGE][PASSED] - Object: 'Object Repository/OCS-MOBILE /Cart page/Quantity Input field' is clicked on

2019-06-28 15:30:26 - [TEST_STEP][PASSED] - sendKeys(findTestObject("OCS-MOBILE /Cart page/Quantity Input field"), Keys.chord(CLEAR)): Keys 'CLEAR + ' sent to object: 'Object Repository/OCS-MOBILE /Cart page/Quantity Input field'

2019-06-28 15:30:26 - [MESSAGE][PASSED] - Keys 'CLEAR + ' sent to object: 'Object Repository/OCS-MOBILE /Cart page/Quantity Input field'

2019-06-28 15:30:26 - [TEST_STEP][PASSED] - setText(findTestObject("OCS-MOBILE /Cart page/Quantity Input field"), "5"): Text '5' is set on object 'Object Repository/OCS-MOBILE /Cart page/Quantity Input field'

2019-06-28 15:30:26 - [MESSAGE][PASSED] - Text '5' is set on object 'Object Repository/OCS-MOBILE /Cart page/Quantity Input field'

2019-06-28 15:30:26 - [TEST_STEP][NOT_RUN] - click(findTestObject("OCS-MOBILE /Cart page/Unit price - product")): NOT_RUN: click(findTestObject("OCS-MOBILE /Cart page/Unit price - product"))

2019-06-28 15:30:26 - [MESSAGE][NOT_RUN] - NOT_RUN: click(findTestObject("OCS-MOBILE /Cart page/Unit price - product"))

2019-06-28 15:30:26 - [TEST_STEP][PASSED] - delay(2): Delayed 2 second(s)

2019-06-28 15:30:28 - [MESSAGE][PASSED] - Delayed 2 second(s)

2019-06-28 15:30:28 - [TEST_STEP][PASSED] - sendKeys(findTestObject("OCS-MOBILE /Cart page/Quantity Input field"), Keys.chord(CLEAR)): Keys 'CLEAR + ' sent to object: 'Object Repository/OCS-MOBILE /Cart page/Quantity Input field'

2019-06-28 15:30:28 - [MESSAGE][PASSED] - Keys 'CLEAR + ' sent to object: 'Object Repository/OCS-MOBILE /Cart page/Quantity Input field'

2019-06-28 15:30:28 - [TEST_STEP][PASSED] - setText(findTestObject("OCS-MOBILE /Cart page/Quantity Input field"), "7"): Text '7' is set on object 'Object Repository/OCS-MOBILE /Cart page/Quantity Input field'

2019-06-28 15:30:28 - [MESSAGE][PASSED] - Text '7' is set on object 'Object Repository/OCS-MOBILE /Cart page/Quantity Input field'

2019-06-28 15:30:28 - [TEST_STEP][NOT_RUN] - click(findTestObject("OCS-MOBILE /Cart page/Unit price - product")): NOT_RUN: click(findTestObject("OCS-MOBILE /Cart page/Unit price - product"))

2019-06-28 15:30:28 - [MESSAGE][NOT_RUN] - NOT_RUN: click(findTestObject("OCS-MOBILE /Cart page/Unit price - product"))

2019-06-28 15:30:28 - [TEST_STEP][PASSED] - delay(2): Delayed 2 second(s)

2019-06-28 15:30:30 - [MESSAGE][PASSED] - Delayed 2 second(s)

2019-06-28 15:30:30 - [TEST_STEP][PASSED] - click(findTestObject("OCS-MOBILE /Cart page/Qty Increase icon")): Object: 'Object Repository/OCS-MOBILE /Cart page/Qty Increase icon' is clicked on

2019-06-28 15:30:30 - [MESSAGE][PASSED] - Object: 'Object Repository/OCS-MOBILE /Cart page/Qty Increase icon' is clicked on

2019-06-28 15:30:30 - [TEST_STEP][PASSED] - delay(2): Delayed 2 second(s)

2019-06-28 15:30:32 - [MESSAGE][PASSED] - Delayed 2 second(s)

2019-06-28 15:30:32 - [TEST_STEP][PASSED] - click(findTestObject("OCS-MOBILE /Cart page/Qty Increase icon")): Object: 'Object Repository/OCS-MOBILE /Cart page/Qty Increase icon' is clicked on

2019-06-28 15:30:32 - [MESSAGE][PASSED] - Object: 'Object Repository/OCS-MOBILE /Cart page/Qty Increase icon' is clicked on

2019-06-28 15:30:32 - [TEST_STEP][PASSED] - delay(2): Delayed 2 second(s)

2019-06-28 15:30:34 - [MESSAGE][PASSED] - Delayed 2 second(s)

2019-06-28 15:30:34 - [TEST_STEP][PASSED] - click(findTestObject("OCS-MOBILE /Cart page/Qty Increase icon")): Object: 'Object Repository/OCS-MOBILE /Cart page/Qty Increase icon' is clicked on

2019-06-28 15:30:34 - [MESSAGE][PASSED] - Object: 'Object Repository/OCS-MOBILE /Cart page/Qty Increase icon' is clicked on

2019-06-28 15:30:34 - [TEST_STEP][PASSED] - delay(2): Delayed 2 second(s)

2019-06-28 15:30:36 - [MESSAGE][PASSED] - Delayed 2 second(s)

2019-06-28 15:30:36 - [TEST_STEP][PASSED] - b = getText(findTestObject("OCS-MOBILE /Cart page/Unit price - product - price in cart page")): Text of object 'Object Repository/OCS-MOBILE /Cart page/Unit price - product - price in cart page' is: '$102.50'

2019-06-28 15:30:36 - [MESSAGE][PASSED] - Text of object 'Object Repository/OCS-MOBILE /Cart page/Unit price - product - price in cart page' is: '$102.50'

2019-06-28 15:30:36 - [TEST_STEP][PASSED] - comment(b): $102.50

2019-06-28 15:30:36 - [MESSAGE][INFO] - $102.50

2019-06-28 15:30:36 - [TEST_STEP][PASSED] - verifyNotEqual("a", "b"): Actual object 'a' and expected object 'b' are not equal

2019-06-28 15:30:36 - [MESSAGE][PASSED] - Actual object 'a' and expected object 'b' are not equal

2019-06-28 15:30:36 - [TEST_STEP][PASSED] - comment(" price changed . Quantity selector is working"):  price changed . Quantity selector is working

2019-06-28 15:30:36 - [MESSAGE][INFO] -  price changed . Quantity selector is working]]></system-out>
         <system-err><![CDATA[]]></system-err>
      </testcase>
      <testcase name="Test Cases/OCS- FRENCH/CRITICAL PATH/Cart flyout - decrease qty -fr" classname="Test Cases/OCS- FRENCH/CRITICAL PATH/Cart flyout - decrease qty -fr" status="PASSED">
         <system-out><![CDATA[2019-06-28 15:30:36 - [TEST_CASE][PASSED] - Test Cases/OCS- FRENCH/CRITICAL PATH/Cart flyout - decrease qty -fr: Test Cases/OCS- FRENCH/CRITICAL PATH/Cart flyout - decrease qty -fr

2019-06-28 15:30:36 - [TEST_STEP][PASSED] - callTestCase(findTestCase("OCS - MOBILE/CALL - AGE GATE"), [:], STOP_ON_FAILURE): Call Test Case 'Test Cases/OCS - MOBILE/CALL - AGE GATE' successfully

2019-06-28 15:30:36 - [TEST_CASE][PASSED] - Test Cases/OCS - MOBILE/CALL - AGE GATE: Test Cases/OCS - MOBILE/CALL - AGE GATE

2019-06-28 15:30:36 - [TEST_STEP][PASSED] - openBrowser(""): Browser is opened with url: ''

2019-06-28 15:30:36 - [MESSAGE][WARNING] - A browser is already opened. Closing browser and opening a new one

2019-06-28 15:30:36 - [MESSAGE][INFO] - Starting 'Chrome' driver

2019-06-28 15:30:38 - [MESSAGE][PASSED] - Browser is opened with url: ''

2019-06-28 15:30:38 - [TEST_STEP][PASSED] - navigateToUrl("ocs.ca"): Navigate to 'http://ocs.ca' successfully

2019-06-28 15:30:43 - [MESSAGE][PASSED] - Navigate to 'http://ocs.ca' successfully

2019-06-28 15:30:43 - [TEST_STEP][NOT_RUN] - executeJavaScript("var previewBar = document.getElementById("preview-bar-iframe"); previewBar.style.display = "none";", []): NOT_RUN: executeJavaScript("var previewBar = document.getElementById("preview-bar-iframe"); previewBar.style.display = "none";", [])

2019-06-28 15:30:43 - [MESSAGE][NOT_RUN] - NOT_RUN: executeJavaScript("var previewBar = document.getElementById("preview-bar-iframe"); previewBar.style.display = "none";", [])

2019-06-28 15:30:43 - [TEST_STEP][PASSED] - setViewPortSize(360, 800): Viewport is set to new size with width = 360 and height = 800

2019-06-28 15:30:43 - [MESSAGE][PASSED] - Viewport is set to new size with width = 360 and height = 800

2019-06-28 15:30:43 - [TEST_STEP][PASSED] - delay(4): Delayed 4 second(s)

2019-06-28 15:30:47 - [MESSAGE][PASSED] - Delayed 4 second(s)

2019-06-28 15:30:47 - [TEST_STEP][PASSED] - selectOptionByValue(findTestObject("OCS-MOBILE /Age gate and burger menu/Date"), "12", true): All options with value '12' are selected in object 'Object Repository/OCS-MOBILE /Age gate and burger menu/Date'  using regular expression

2019-06-28 15:30:47 - [MESSAGE][PASSED] - All options with value '12' are selected in object 'Object Repository/OCS-MOBILE /Age gate and burger menu/Date'  using regular expression

2019-06-28 15:30:47 - [TEST_STEP][PASSED] - selectOptionByValue(findTestObject("OCS-MOBILE /Age gate and burger menu/month"), "6", true): All options with value '6' are selected in object 'Object Repository/OCS-MOBILE /Age gate and burger menu/month'  using regular expression

2019-06-28 15:30:47 - [MESSAGE][PASSED] - All options with value '6' are selected in object 'Object Repository/OCS-MOBILE /Age gate and burger menu/month'  using regular expression

2019-06-28 15:30:47 - [TEST_STEP][PASSED] - delay(2): Delayed 2 second(s)

2019-06-28 15:30:49 - [MESSAGE][PASSED] - Delayed 2 second(s)

2019-06-28 15:30:49 - [TEST_STEP][PASSED] - selectOptionByValue(findTestObject("OCS-MOBILE /Age gate and burger menu/Year Dropdown"), "1990", true): All options with value '1990' are selected in object 'Object Repository/OCS-MOBILE /Age gate and burger menu/Year Dropdown'  using regular expression

2019-06-28 15:30:50 - [MESSAGE][PASSED] - All options with value '1990' are selected in object 'Object Repository/OCS-MOBILE /Age gate and burger menu/Year Dropdown'  using regular expression

2019-06-28 15:30:50 - [TEST_STEP][PASSED] - click(findTestObject("OCS-MOBILE /Age gate and Mega menu/button_Verify")): Object: 'Object Repository/OCS-MOBILE /Age gate and Mega menu/button_Verify' is clicked on

2019-06-28 15:30:50 - [MESSAGE][PASSED] - Object: 'Object Repository/OCS-MOBILE /Age gate and Mega menu/button_Verify' is clicked on

2019-06-28 15:30:50 - [TEST_STEP][PASSED] - click(findTestObject("OCS-MOBILE /Age gate and Mega menu/Checkbox_CONFIRM AND ACKNOWLEDGE")): Object: 'Object Repository/OCS-MOBILE /Age gate and Mega menu/Checkbox_CONFIRM AND ACKNOWLEDGE' is clicked on

2019-06-28 15:30:50 - [MESSAGE][PASSED] - Object: 'Object Repository/OCS-MOBILE /Age gate and Mega menu/Checkbox_CONFIRM AND ACKNOWLEDGE' is clicked on

2019-06-28 15:30:50 - [TEST_STEP][PASSED] - click(findTestObject("OCS-MOBILE /Age gate and Mega menu/button_CONFIRM")): Object: 'Object Repository/OCS-MOBILE /Age gate and Mega menu/button_CONFIRM' is clicked on

2019-06-28 15:30:50 - [MESSAGE][PASSED] - Object: 'Object Repository/OCS-MOBILE /Age gate and Mega menu/button_CONFIRM' is clicked on

2019-06-28 15:30:50 - [TEST_STEP][PASSED] - click(findTestObject("OCS-MOBILE /Age gate and Mega menu/button_Start Browsing")): Object: 'Object Repository/OCS-MOBILE /Age gate and Mega menu/button_Start Browsing' is clicked on

2019-06-28 15:30:51 - [MESSAGE][PASSED] - Object: 'Object Repository/OCS-MOBILE /Age gate and Mega menu/button_Start Browsing' is clicked on

2019-06-28 15:30:51 - [TEST_STEP][PASSED] - refresh(): Refresh successfully

2019-06-28 15:30:51 - [MESSAGE][PASSED] - Refresh successfully

2019-06-28 15:30:51 - [TEST_STEP][NOT_RUN] - executeJavaScript("var previewBar = document.getElementById("preview-bar-iframe"); previewBar.style.display = "none";", []): NOT_RUN: executeJavaScript("var previewBar = document.getElementById("preview-bar-iframe"); previewBar.style.display = "none";", [])

2019-06-28 15:30:51 - [MESSAGE][NOT_RUN] - NOT_RUN: executeJavaScript("var previewBar = document.getElementById("preview-bar-iframe"); previewBar.style.display = "none";", [])

2019-06-28 15:30:51 - [MESSAGE][PASSED] - Call Test Case 'Test Cases/OCS - MOBILE/CALL - AGE GATE' successfully

2019-06-28 15:30:51 - [TEST_STEP][PASSED] - callTestCase(findTestCase("OCS - MOBILE/CALL- TOGGLING LANGUAGE"), [:], STOP_ON_FAILURE): Call Test Case 'Test Cases/OCS - MOBILE/CALL- TOGGLING LANGUAGE' successfully

2019-06-28 15:30:51 - [TEST_CASE][PASSED] - Test Cases/OCS - MOBILE/CALL- TOGGLING LANGUAGE: Test Cases/OCS - MOBILE/CALL- TOGGLING LANGUAGE

2019-06-28 15:30:51 - [TEST_STEP][PASSED] - delay(2): Delayed 2 second(s)

2019-06-28 15:30:53 - [MESSAGE][PASSED] - Delayed 2 second(s)

2019-06-28 15:30:53 - [TEST_STEP][PASSED] - click(findTestObject("OCS-MOBILE /Age gate and burger menu/Burger menu - English")): Object: 'Object Repository/OCS-MOBILE /Age gate and burger menu/Burger menu - English' is clicked on

2019-06-28 15:30:53 - [MESSAGE][PASSED] - Object: 'Object Repository/OCS-MOBILE /Age gate and burger menu/Burger menu - English' is clicked on

2019-06-28 15:30:53 - [TEST_STEP][PASSED] - delay(2): Delayed 2 second(s)

2019-06-28 15:30:55 - [MESSAGE][PASSED] - Delayed 2 second(s)

2019-06-28 15:30:55 - [TEST_STEP][PASSED] - click(findTestObject("OCS-MOBILE /Cart flyout/English dropdown")): Object: 'Object Repository/OCS-MOBILE /Cart flyout/English dropdown' is clicked on

2019-06-28 15:30:55 - [MESSAGE][PASSED] - Object: 'Object Repository/OCS-MOBILE /Cart flyout/English dropdown' is clicked on

2019-06-28 15:30:55 - [TEST_STEP][PASSED] - delay(2): Delayed 2 second(s)

2019-06-28 15:30:57 - [MESSAGE][PASSED] - Delayed 2 second(s)

2019-06-28 15:30:57 - [TEST_STEP][NOT_RUN] - executeJavaScript("var previewBar = document.getElementById("preview-bar-iframe"); previewBar.style.display = "none";", []): NOT_RUN: executeJavaScript("var previewBar = document.getElementById("preview-bar-iframe"); previewBar.style.display = "none";", [])

2019-06-28 15:30:57 - [MESSAGE][NOT_RUN] - NOT_RUN: executeJavaScript("var previewBar = document.getElementById("preview-bar-iframe"); previewBar.style.display = "none";", [])

2019-06-28 15:30:57 - [TEST_STEP][PASSED] - click(findTestObject("OCS-MOBILE /Cart flyout/Select French")): Object: 'Object Repository/OCS-MOBILE /Cart flyout/Select French' is clicked on

2019-06-28 15:30:58 - [MESSAGE][PASSED] - Object: 'Object Repository/OCS-MOBILE /Cart flyout/Select French' is clicked on

2019-06-28 15:30:58 - [MESSAGE][PASSED] - Call Test Case 'Test Cases/OCS - MOBILE/CALL- TOGGLING LANGUAGE' successfully

2019-06-28 15:30:58 - [TEST_STEP][PASSED] - delay(2): Delayed 2 second(s)

2019-06-28 15:31:00 - [MESSAGE][PASSED] - Delayed 2 second(s)

2019-06-28 15:31:00 - [TEST_STEP][PASSED] - click(findTestObject("OCS-MOBILE /Age gate and burger menu/Burger menu - English")): Object: 'Object Repository/OCS-MOBILE /Age gate and burger menu/Burger menu - English' is clicked on

2019-06-28 15:31:02 - [MESSAGE][PASSED] - Object: 'Object Repository/OCS-MOBILE /Age gate and burger menu/Burger menu - English' is clicked on

2019-06-28 15:31:02 - [TEST_STEP][PASSED] - delay(2): Delayed 2 second(s)

2019-06-28 15:31:04 - [MESSAGE][PASSED] - Delayed 2 second(s)

2019-06-28 15:31:04 - [TEST_STEP][PASSED] - click(findTestObject("OCS-MOBILE /Age gate and burger menu/Chevron_Cannabis")): Object: 'Object Repository/OCS-MOBILE /Age gate and burger menu/Chevron_Cannabis' is clicked on

2019-06-28 15:31:04 - [MESSAGE][PASSED] - Object: 'Object Repository/OCS-MOBILE /Age gate and burger menu/Chevron_Cannabis' is clicked on

2019-06-28 15:31:04 - [TEST_STEP][PASSED] - delay(2): Delayed 2 second(s)

2019-06-28 15:31:06 - [MESSAGE][PASSED] - Delayed 2 second(s)

2019-06-28 15:31:06 - [TEST_STEP][PASSED] - click(findTestObject("OCS-MOBILE /Age gate and burger menu/Dried Flower_Plus icon")): Object: 'Object Repository/OCS-MOBILE /Age gate and burger menu/Dried Flower_Plus icon' is clicked on

2019-06-28 15:31:06 - [MESSAGE][PASSED] - Object: 'Object Repository/OCS-MOBILE /Age gate and burger menu/Dried Flower_Plus icon' is clicked on

2019-06-28 15:31:06 - [TEST_STEP][PASSED] - delay(2): Delayed 2 second(s)

2019-06-28 15:31:08 - [MESSAGE][PASSED] - Delayed 2 second(s)

2019-06-28 15:31:08 - [TEST_STEP][PASSED] - click(findTestObject("OCS- FRENCH/Indica Dominant_Menu item")): Object: 'Object Repository/OCS- FRENCH/Indica Dominant_Menu item' is clicked on

2019-06-28 15:31:10 - [MESSAGE][PASSED] - Object: 'Object Repository/OCS- FRENCH/Indica Dominant_Menu item' is clicked on

2019-06-28 15:31:10 - [TEST_STEP][NOT_RUN] - executeJavaScript("var previewBar = document.getElementById("preview-bar-iframe"); previewBar.style.display = "none";", []): NOT_RUN: executeJavaScript("var previewBar = document.getElementById("preview-bar-iframe"); previewBar.style.display = "none";", [])

2019-06-28 15:31:10 - [MESSAGE][NOT_RUN] - NOT_RUN: executeJavaScript("var previewBar = document.getElementById("preview-bar-iframe"); previewBar.style.display = "none";", [])

2019-06-28 15:31:10 - [TEST_STEP][PASSED] - delay(2): Delayed 2 second(s)

2019-06-28 15:31:12 - [MESSAGE][PASSED] - Delayed 2 second(s)

2019-06-28 15:31:12 - [TEST_STEP][PASSED] - click(findTestObject("OCS- FRENCH/Product image - 1st one")): Object: 'Object Repository/OCS- FRENCH/Product image - 1st one' is clicked on

2019-06-28 15:31:16 - [MESSAGE][PASSED] - Object: 'Object Repository/OCS- FRENCH/Product image - 1st one' is clicked on

2019-06-28 15:31:16 - [TEST_STEP][NOT_RUN] - executeJavaScript("var previewBar = document.getElementById("preview-bar-iframe"); previewBar.style.display = "none";", []): NOT_RUN: executeJavaScript("var previewBar = document.getElementById("preview-bar-iframe"); previewBar.style.display = "none";", [])

2019-06-28 15:31:16 - [MESSAGE][NOT_RUN] - NOT_RUN: executeJavaScript("var previewBar = document.getElementById("preview-bar-iframe"); previewBar.style.display = "none";", [])

2019-06-28 15:31:16 - [TEST_STEP][PASSED] - delay(2): Delayed 2 second(s)

2019-06-28 15:31:18 - [MESSAGE][PASSED] - Delayed 2 second(s)

2019-06-28 15:31:18 - [TEST_STEP][PASSED] - click(findTestObject("OCS-MOBILE /Product page/Swatch_1g")): Object: 'Object Repository/OCS-MOBILE /Product page/Swatch_1g' is clicked on

2019-06-28 15:31:18 - [MESSAGE][PASSED] - Object: 'Object Repository/OCS-MOBILE /Product page/Swatch_1g' is clicked on

2019-06-28 15:31:18 - [TEST_STEP][PASSED] - delay(2): Delayed 2 second(s)

2019-06-28 15:31:20 - [MESSAGE][PASSED] - Delayed 2 second(s)

2019-06-28 15:31:20 - [TEST_STEP][PASSED] - click(findTestObject("OCS-MOBILE /Product page/Quantity Increase - Button")): Object: 'Object Repository/OCS-MOBILE /Product page/Quantity Increase - Button' is clicked on

2019-06-28 15:31:20 - [MESSAGE][PASSED] - Object: 'Object Repository/OCS-MOBILE /Product page/Quantity Increase - Button' is clicked on

2019-06-28 15:31:20 - [TEST_STEP][PASSED] - delay(2): Delayed 2 second(s)

2019-06-28 15:31:22 - [MESSAGE][PASSED] - Delayed 2 second(s)

2019-06-28 15:31:22 - [TEST_STEP][PASSED] - click(findTestObject("OCS-MOBILE /Product page/Quantity Increase - Button")): Object: 'Object Repository/OCS-MOBILE /Product page/Quantity Increase - Button' is clicked on

2019-06-28 15:31:22 - [MESSAGE][PASSED] - Object: 'Object Repository/OCS-MOBILE /Product page/Quantity Increase - Button' is clicked on

2019-06-28 15:31:22 - [TEST_STEP][PASSED] - delay(2): Delayed 2 second(s)

2019-06-28 15:31:24 - [MESSAGE][PASSED] - Delayed 2 second(s)

2019-06-28 15:31:24 - [TEST_STEP][PASSED] - click(findTestObject("OCS-MOBILE /Product page/Quantity Increase - Button")): Object: 'Object Repository/OCS-MOBILE /Product page/Quantity Increase - Button' is clicked on

2019-06-28 15:31:24 - [MESSAGE][PASSED] - Object: 'Object Repository/OCS-MOBILE /Product page/Quantity Increase - Button' is clicked on

2019-06-28 15:31:24 - [TEST_STEP][PASSED] - delay(2): Delayed 2 second(s)

2019-06-28 15:31:26 - [MESSAGE][PASSED] - Delayed 2 second(s)

2019-06-28 15:31:26 - [TEST_STEP][PASSED] - click(findTestObject("OCS-MOBILE /Product page/Quantity Increase - Button")): Object: 'Object Repository/OCS-MOBILE /Product page/Quantity Increase - Button' is clicked on

2019-06-28 15:31:26 - [MESSAGE][PASSED] - Object: 'Object Repository/OCS-MOBILE /Product page/Quantity Increase - Button' is clicked on

2019-06-28 15:31:26 - [TEST_STEP][PASSED] - delay(2): Delayed 2 second(s)

2019-06-28 15:31:28 - [MESSAGE][PASSED] - Delayed 2 second(s)

2019-06-28 15:31:28 - [TEST_STEP][PASSED] - click(findTestObject("OCS-MOBILE /Product page/Quantity Increase - Button")): Object: 'Object Repository/OCS-MOBILE /Product page/Quantity Increase - Button' is clicked on

2019-06-28 15:31:28 - [MESSAGE][PASSED] - Object: 'Object Repository/OCS-MOBILE /Product page/Quantity Increase - Button' is clicked on

2019-06-28 15:31:28 - [TEST_STEP][PASSED] - delay(2): Delayed 2 second(s)

2019-06-28 15:31:30 - [MESSAGE][PASSED] - Delayed 2 second(s)

2019-06-28 15:31:30 - [TEST_STEP][PASSED] - click(findTestObject("OCS-MOBILE /Product page/Add to Bag-button")): Object: 'Object Repository/OCS-MOBILE /Product page/Add to Bag-button' is clicked on

2019-06-28 15:31:30 - [MESSAGE][PASSED] - Object: 'Object Repository/OCS-MOBILE /Product page/Add to Bag-button' is clicked on

2019-06-28 15:31:30 - [TEST_STEP][PASSED] - delay(1): Delayed 1 second(s)

2019-06-28 15:31:31 - [MESSAGE][PASSED] - Delayed 1 second(s)

2019-06-28 15:31:31 - [TEST_STEP][NOT_RUN] - click(findTestObject("OCS-MOBILE /Home - page/Cart icon -bag")): NOT_RUN: click(findTestObject("OCS-MOBILE /Home - page/Cart icon -bag"))

2019-06-28 15:31:31 - [MESSAGE][NOT_RUN] - NOT_RUN: click(findTestObject("OCS-MOBILE /Home - page/Cart icon -bag"))

2019-06-28 15:31:31 - [TEST_STEP][PASSED] - delay(2): Delayed 2 second(s)

2019-06-28 15:31:33 - [MESSAGE][PASSED] - Delayed 2 second(s)

2019-06-28 15:31:33 - [TEST_STEP][PASSED] - click(findTestObject("OCS-MOBILE /Cart flyout/Quantity decrease - Product")): Object: 'Object Repository/OCS-MOBILE /Cart flyout/Quantity decrease - Product' is clicked on

2019-06-28 15:31:33 - [MESSAGE][PASSED] - Object: 'Object Repository/OCS-MOBILE /Cart flyout/Quantity decrease - Product' is clicked on

2019-06-28 15:31:33 - [TEST_STEP][PASSED] - delay(2): Delayed 2 second(s)

2019-06-28 15:31:35 - [MESSAGE][PASSED] - Delayed 2 second(s)

2019-06-28 15:31:35 - [TEST_STEP][PASSED] - a = getText(findTestObject("OCS-MOBILE /Cart flyout/Unit price - Product")): Text of object 'Object Repository/OCS-MOBILE /Cart flyout/Unit price - Product' is: '52,50 $'

2019-06-28 15:31:35 - [MESSAGE][PASSED] - Text of object 'Object Repository/OCS-MOBILE /Cart flyout/Unit price - Product' is: '52,50 $'

2019-06-28 15:31:35 - [TEST_STEP][PASSED] - comment(a): 52,50 $

2019-06-28 15:31:35 - [MESSAGE][INFO] - 52,50 $

2019-06-28 15:31:35 - [TEST_STEP][PASSED] - a1 = a.substring(0, a.length() - 1): null

2019-06-28 15:31:35 - [TEST_STEP][PASSED] - comment("a1 = " + a1): a1 = 52,50 

2019-06-28 15:31:35 - [MESSAGE][INFO] - a1 = 52,50 

2019-06-28 15:31:35 - [TEST_STEP][PASSED] - x1 = a1.substring(0, a1.length() - 1): null

2019-06-28 15:31:35 - [TEST_STEP][PASSED] - comment("x1 = " + x1): x1 = 52,50

2019-06-28 15:31:35 - [MESSAGE][INFO] - x1 = 52,50

2019-06-28 15:31:35 - [TEST_STEP][PASSED] - x2 = x1.substring(0, x1.length() - 1): null

2019-06-28 15:31:35 - [TEST_STEP][PASSED] - comment("x2 = " + x2): x2 = 52,5

2019-06-28 15:31:35 - [MESSAGE][INFO] - x2 = 52,5

2019-06-28 15:31:35 - [TEST_STEP][PASSED] - x3 = x2.substring(0, x2.length() - 1): null

2019-06-28 15:31:35 - [TEST_STEP][PASSED] - comment("x3 = " + x3): x3 = 52,

2019-06-28 15:31:35 - [MESSAGE][INFO] - x3 = 52,

2019-06-28 15:31:35 - [TEST_STEP][PASSED] - x6 = x3.substring(0, x3.length() - 1): null

2019-06-28 15:31:35 - [TEST_STEP][PASSED] - comment("x6 = " + x6): x6 = 52

2019-06-28 15:31:35 - [MESSAGE][INFO] - x6 = 52

2019-06-28 15:31:35 - [TEST_STEP][PASSED] - setText(findTestObject("OCS-MOBILE /Cart flyout/input_-_updates"), "5"): Text '5' is set on object 'Object Repository/OCS-MOBILE /Cart flyout/input_-_updates'

2019-06-28 15:31:35 - [MESSAGE][PASSED] - Text '5' is set on object 'Object Repository/OCS-MOBILE /Cart flyout/input_-_updates'

2019-06-28 15:31:35 - [TEST_STEP][PASSED] - delay(2): Delayed 2 second(s)

2019-06-28 15:31:37 - [MESSAGE][PASSED] - Delayed 2 second(s)

2019-06-28 15:31:37 - [TEST_STEP][PASSED] - setText(findTestObject("OCS-MOBILE /Cart flyout/input_-_updates"), "4"): Text '4' is set on object 'Object Repository/OCS-MOBILE /Cart flyout/input_-_updates'

2019-06-28 15:31:37 - [MESSAGE][PASSED] - Text '4' is set on object 'Object Repository/OCS-MOBILE /Cart flyout/input_-_updates'

2019-06-28 15:31:37 - [TEST_STEP][PASSED] - delay(2): Delayed 2 second(s)

2019-06-28 15:31:39 - [MESSAGE][PASSED] - Delayed 2 second(s)

2019-06-28 15:31:39 - [TEST_STEP][PASSED] - click(findTestObject("OCS-MOBILE /Cart flyout/i_-_icon--subtract")): Object: 'Object Repository/OCS-MOBILE /Cart flyout/i_-_icon--subtract' is clicked on

2019-06-28 15:31:39 - [MESSAGE][PASSED] - Object: 'Object Repository/OCS-MOBILE /Cart flyout/i_-_icon--subtract' is clicked on

2019-06-28 15:31:39 - [TEST_STEP][PASSED] - delay(2): Delayed 2 second(s)

2019-06-28 15:31:41 - [MESSAGE][PASSED] - Delayed 2 second(s)

2019-06-28 15:31:41 - [TEST_STEP][PASSED] - click(findTestObject("OCS-MOBILE /Cart flyout/i_-_icon--subtract")): Object: 'Object Repository/OCS-MOBILE /Cart flyout/i_-_icon--subtract' is clicked on

2019-06-28 15:31:41 - [MESSAGE][PASSED] - Object: 'Object Repository/OCS-MOBILE /Cart flyout/i_-_icon--subtract' is clicked on

2019-06-28 15:31:41 - [TEST_STEP][PASSED] - delay(2): Delayed 2 second(s)

2019-06-28 15:31:43 - [MESSAGE][PASSED] - Delayed 2 second(s)

2019-06-28 15:31:43 - [TEST_STEP][PASSED] - click(findTestObject("OCS-MOBILE /Cart flyout/i_-_icon--subtract")): Object: 'Object Repository/OCS-MOBILE /Cart flyout/i_-_icon--subtract' is clicked on

2019-06-28 15:31:44 - [MESSAGE][PASSED] - Object: 'Object Repository/OCS-MOBILE /Cart flyout/i_-_icon--subtract' is clicked on

2019-06-28 15:31:44 - [TEST_STEP][PASSED] - delay(5): Delayed 5 second(s)

2019-06-28 15:31:49 - [MESSAGE][PASSED] - Delayed 5 second(s)

2019-06-28 15:31:49 - [TEST_STEP][PASSED] - c = getText(findTestObject("OCS-MOBILE /Cart flyout/Unit price - Product")): Text of object 'Object Repository/OCS-MOBILE /Cart flyout/Unit price - Product' is: '10,50 $'

2019-06-28 15:31:49 - [MESSAGE][PASSED] - Text of object 'Object Repository/OCS-MOBILE /Cart flyout/Unit price - Product' is: '10,50 $'

2019-06-28 15:31:49 - [TEST_STEP][PASSED] - comment(c): 10,50 $

2019-06-28 15:31:49 - [MESSAGE][INFO] - 10,50 $

2019-06-28 15:31:49 - [TEST_STEP][PASSED] - a2 = c.substring(0, c.length() - 1): null

2019-06-28 15:31:49 - [TEST_STEP][PASSED] - comment("a2 = " + a2): a2 = 10,50 

2019-06-28 15:31:49 - [MESSAGE][INFO] - a2 = 10,50 

2019-06-28 15:31:49 - [TEST_STEP][PASSED] - y1 = a2.substring(0, a2.length() - 1): null

2019-06-28 15:31:49 - [TEST_STEP][PASSED] - comment("y1 = " + y1): y1 = 10,50

2019-06-28 15:31:49 - [MESSAGE][INFO] - y1 = 10,50

2019-06-28 15:31:49 - [TEST_STEP][PASSED] - y2 = y1.substring(0, y1.length() - 1): null

2019-06-28 15:31:49 - [TEST_STEP][PASSED] - comment("y2 = " + y2): y2 = 10,5

2019-06-28 15:31:49 - [MESSAGE][INFO] - y2 = 10,5

2019-06-28 15:31:49 - [TEST_STEP][PASSED] - y3 = y2.substring(0, y2.length() - 1): null

2019-06-28 15:31:49 - [TEST_STEP][PASSED] - comment("y3 = " + y3): y3 = 10,

2019-06-28 15:31:49 - [MESSAGE][INFO] - y3 = 10,

2019-06-28 15:31:49 - [TEST_STEP][PASSED] - y4 = y3.substring(0, y3.length() - 1): null

2019-06-28 15:31:49 - [TEST_STEP][PASSED] - comment("y4 = " + y4): y4 = 10

2019-06-28 15:31:49 - [MESSAGE][INFO] - y4 = 10

2019-06-28 15:31:49 - [TEST_STEP][PASSED] - verifyNotEqual("x6", "y4"): Actual object 'x6' and expected object 'y4' are not equal

2019-06-28 15:31:49 - [MESSAGE][PASSED] - Actual object 'x6' and expected object 'y4' are not equal

2019-06-28 15:31:49 - [TEST_STEP][PASSED] - comment(" price changed . Quantity selector is working"):  price changed . Quantity selector is working

2019-06-28 15:31:49 - [MESSAGE][INFO] -  price changed . Quantity selector is working

2019-06-28 15:31:49 - [TEST_STEP][PASSED] - delay(1): Delayed 1 second(s)

2019-06-28 15:31:50 - [MESSAGE][PASSED] - Delayed 1 second(s)

2019-06-28 15:31:50 - [TEST_STEP][PASSED] - click(findTestObject("OCS-MOBILE /Cart flyout/Checkbox_I confirm that")): Object: 'Object Repository/OCS-MOBILE /Cart flyout/Checkbox_I confirm that' is clicked on

2019-06-28 15:31:50 - [MESSAGE][PASSED] - Object: 'Object Repository/OCS-MOBILE /Cart flyout/Checkbox_I confirm that' is clicked on

2019-06-28 15:31:50 - [TEST_STEP][PASSED] - delay(2): Delayed 2 second(s)

2019-06-28 15:31:52 - [MESSAGE][PASSED] - Delayed 2 second(s)

2019-06-28 15:31:52 - [TEST_STEP][PASSED] - click(findTestObject("OCS-MOBILE /Cart flyout/Checkbox_Accept the Terms Condition")): Object: 'Object Repository/OCS-MOBILE /Cart flyout/Checkbox_Accept the Terms Condition' is clicked on

2019-06-28 15:31:52 - [MESSAGE][PASSED] - Object: 'Object Repository/OCS-MOBILE /Cart flyout/Checkbox_Accept the Terms Condition' is clicked on

2019-06-28 15:31:52 - [TEST_STEP][PASSED] - delay(2): Delayed 2 second(s)

2019-06-28 15:31:54 - [MESSAGE][PASSED] - Delayed 2 second(s)

2019-06-28 15:31:54 - [TEST_STEP][PASSED] - click(findTestObject("OCS-MOBILE /Cart flyout/Checkout - Button")): Object: 'Object Repository/OCS-MOBILE /Cart flyout/Checkout - Button' is clicked on

2019-06-28 15:32:03 - [MESSAGE][PASSED] - Object: 'Object Repository/OCS-MOBILE /Cart flyout/Checkout - Button' is clicked on

2019-06-28 15:32:03 - [TEST_STEP][NOT_RUN] - executeJavaScript("var previewBar = document.getElementById("preview-bar-iframe"); previewBar.style.display = "none";", []): NOT_RUN: executeJavaScript("var previewBar = document.getElementById("preview-bar-iframe"); previewBar.style.display = "none";", [])

2019-06-28 15:32:03 - [MESSAGE][NOT_RUN] - NOT_RUN: executeJavaScript("var previewBar = document.getElementById("preview-bar-iframe"); previewBar.style.display = "none";", [])

2019-06-28 15:32:03 - [TEST_STEP][PASSED] - delay(1): Delayed 1 second(s)

2019-06-28 15:32:04 - [MESSAGE][PASSED] - Delayed 1 second(s)

2019-06-28 15:32:04 - [TEST_STEP][PASSED] - callTestCase(findTestCase("OCS - MOBILE/CALL- SHIPPING TO PAYMENT"), [:], STOP_ON_FAILURE): Call Test Case 'Test Cases/OCS - MOBILE/CALL- SHIPPING TO PAYMENT' successfully

2019-06-28 15:32:04 - [TEST_CASE][PASSED] - Test Cases/OCS - MOBILE/CALL- SHIPPING TO PAYMENT: Test Cases/OCS - MOBILE/CALL- SHIPPING TO PAYMENT

2019-06-28 15:32:04 - [TEST_STEP][NOT_RUN] - executeJavaScript("var previewBar = document.getElementById("preview-bar-iframe"); previewBar.style.display = "none";", []): NOT_RUN: executeJavaScript("var previewBar = document.getElementById("preview-bar-iframe"); previewBar.style.display = "none";", [])

2019-06-28 15:32:04 - [MESSAGE][NOT_RUN] - NOT_RUN: executeJavaScript("var previewBar = document.getElementById("preview-bar-iframe"); previewBar.style.display = "none";", [])

2019-06-28 15:32:04 - [TEST_STEP][PASSED] - delay(2): Delayed 2 second(s)

2019-06-28 15:32:06 - [MESSAGE][PASSED] - Delayed 2 second(s)

2019-06-28 15:32:06 - [TEST_STEP][PASSED] - setText(findTestObject("OCS- FRENCH/Page_Ontario Cannabis Store - Infor/input_Adresse e-mail_checkoute"), "suman@gmail.com"): Text 'suman@gmail.com' is set on object 'Object Repository/OCS- FRENCH/Page_Ontario Cannabis Store - Infor/input_Adresse e-mail_checkoute'

2019-06-28 15:32:06 - [MESSAGE][PASSED] - Text 'suman@gmail.com' is set on object 'Object Repository/OCS- FRENCH/Page_Ontario Cannabis Store - Infor/input_Adresse e-mail_checkoute'

2019-06-28 15:32:06 - [TEST_STEP][PASSED] - delay(2): Delayed 2 second(s)

2019-06-28 15:32:08 - [MESSAGE][PASSED] - Delayed 2 second(s)

2019-06-28 15:32:08 - [TEST_STEP][PASSED] - setText(findTestObject("Object Repository/OCS- FRENCH/Page_Ontario Cannabis Store - Infor/input_Prnom_checkoutshipping_a"), "suman"): Text 'suman' is set on object 'Object Repository/OCS- FRENCH/Page_Ontario Cannabis Store - Infor/input_Prnom_checkoutshipping_a'

2019-06-28 15:32:08 - [MESSAGE][PASSED] - Text 'suman' is set on object 'Object Repository/OCS- FRENCH/Page_Ontario Cannabis Store - Infor/input_Prnom_checkoutshipping_a'

2019-06-28 15:32:08 - [TEST_STEP][PASSED] - delay(2): Delayed 2 second(s)

2019-06-28 15:32:10 - [MESSAGE][PASSED] - Delayed 2 second(s)

2019-06-28 15:32:10 - [TEST_STEP][PASSED] - setText(findTestObject("Object Repository/OCS- FRENCH/Page_Ontario Cannabis Store - Infor/input_Nom_checkoutshipping_add"), "test12"): Text 'test12' is set on object 'Object Repository/OCS- FRENCH/Page_Ontario Cannabis Store - Infor/input_Nom_checkoutshipping_add'

2019-06-28 15:32:10 - [MESSAGE][PASSED] - Text 'test12' is set on object 'Object Repository/OCS- FRENCH/Page_Ontario Cannabis Store - Infor/input_Nom_checkoutshipping_add'

2019-06-28 15:32:10 - [TEST_STEP][PASSED] - delay(2): Delayed 2 second(s)

2019-06-28 15:32:13 - [MESSAGE][PASSED] - Delayed 2 second(s)

2019-06-28 15:32:13 - [TEST_STEP][PASSED] - setText(findTestObject("Object Repository/OCS- FRENCH/Page_Ontario Cannabis Store - Infor/input_Adresse_checkoutshipping"), "test12"): Text 'test12' is set on object 'Object Repository/OCS- FRENCH/Page_Ontario Cannabis Store - Infor/input_Adresse_checkoutshipping'

2019-06-28 15:32:13 - [MESSAGE][PASSED] - Text 'test12' is set on object 'Object Repository/OCS- FRENCH/Page_Ontario Cannabis Store - Infor/input_Adresse_checkoutshipping'

2019-06-28 15:32:13 - [TEST_STEP][PASSED] - delay(2): Delayed 2 second(s)

2019-06-28 15:32:15 - [MESSAGE][PASSED] - Delayed 2 second(s)

2019-06-28 15:32:15 - [TEST_STEP][PASSED] - setText(findTestObject("Object Repository/OCS- FRENCH/Page_Ontario Cannabis Store - Infor/input_Appartement suite etc. ("), "12"): Text '12' is set on object 'Object Repository/OCS- FRENCH/Page_Ontario Cannabis Store - Infor/input_Appartement suite etc. ('

2019-06-28 15:32:15 - [MESSAGE][PASSED] - Text '12' is set on object 'Object Repository/OCS- FRENCH/Page_Ontario Cannabis Store - Infor/input_Appartement suite etc. ('

2019-06-28 15:32:15 - [TEST_STEP][PASSED] - delay(2): Delayed 2 second(s)

2019-06-28 15:32:17 - [MESSAGE][PASSED] - Delayed 2 second(s)

2019-06-28 15:32:17 - [TEST_STEP][PASSED] - setText(findTestObject("Object Repository/OCS- FRENCH/Page_Ontario Cannabis Store - Infor/input_Ville_checkoutshipping_a"), "montreal"): Text 'montreal' is set on object 'Object Repository/OCS- FRENCH/Page_Ontario Cannabis Store - Infor/input_Ville_checkoutshipping_a'

2019-06-28 15:32:17 - [MESSAGE][PASSED] - Text 'montreal' is set on object 'Object Repository/OCS- FRENCH/Page_Ontario Cannabis Store - Infor/input_Ville_checkoutshipping_a'

2019-06-28 15:32:17 - [TEST_STEP][PASSED] - delay(2): Delayed 2 second(s)

2019-06-28 15:32:19 - [MESSAGE][PASSED] - Delayed 2 second(s)

2019-06-28 15:32:19 - [TEST_STEP][PASSED] - setText(findTestObject("Object Repository/OCS- FRENCH/Page_Ontario Cannabis Store - Infor/input_Code postal_checkoutship"), "n0r1k0"): Text 'n0r1k0' is set on object 'Object Repository/OCS- FRENCH/Page_Ontario Cannabis Store - Infor/input_Code postal_checkoutship'

2019-06-28 15:32:19 - [MESSAGE][PASSED] - Text 'n0r1k0' is set on object 'Object Repository/OCS- FRENCH/Page_Ontario Cannabis Store - Infor/input_Code postal_checkoutship'

2019-06-28 15:32:19 - [TEST_STEP][PASSED] - delay(2): Delayed 2 second(s)

2019-06-28 15:32:21 - [MESSAGE][PASSED] - Delayed 2 second(s)

2019-06-28 15:32:21 - [TEST_STEP][PASSED] - setText(findTestObject("Object Repository/OCS- FRENCH/Page_Ontario Cannabis Store - Infor/input_Tlphone_checkoutshipping"), "514-449-3883"): Text '514-449-3883' is set on object 'Object Repository/OCS- FRENCH/Page_Ontario Cannabis Store - Infor/input_Tlphone_checkoutshipping'

2019-06-28 15:32:21 - [MESSAGE][PASSED] - Text '514-449-3883' is set on object 'Object Repository/OCS- FRENCH/Page_Ontario Cannabis Store - Infor/input_Tlphone_checkoutshipping'

2019-06-28 15:32:21 - [TEST_STEP][PASSED] - delay(2): Delayed 2 second(s)

2019-06-28 15:32:23 - [MESSAGE][PASSED] - Delayed 2 second(s)

2019-06-28 15:32:23 - [TEST_STEP][PASSED] - click(findTestObject("Object Repository/OCS- FRENCH/Page_Ontario Cannabis Store - Infor/button_Continuer vers le mode")): Object: 'Object Repository/OCS- FRENCH/Page_Ontario Cannabis Store - Infor/button_Continuer vers le mode' is clicked on

2019-06-28 15:32:30 - [MESSAGE][PASSED] - Object: 'Object Repository/OCS- FRENCH/Page_Ontario Cannabis Store - Infor/button_Continuer vers le mode' is clicked on

2019-06-28 15:32:30 - [TEST_STEP][PASSED] - delay(2): Delayed 2 second(s)

2019-06-28 15:32:32 - [MESSAGE][PASSED] - Delayed 2 second(s)

2019-06-28 15:32:32 - [TEST_STEP][NOT_RUN] - executeJavaScript("var previewBar = document.getElementById("preview-bar-iframe"); previewBar.style.display = "none";", []): NOT_RUN: executeJavaScript("var previewBar = document.getElementById("preview-bar-iframe"); previewBar.style.display = "none";", [])

2019-06-28 15:32:32 - [MESSAGE][NOT_RUN] - NOT_RUN: executeJavaScript("var previewBar = document.getElementById("preview-bar-iframe"); previewBar.style.display = "none";", [])

2019-06-28 15:32:32 - [TEST_STEP][PASSED] - delay(2): Delayed 2 second(s)

2019-06-28 15:32:34 - [MESSAGE][PASSED] - Delayed 2 second(s)

2019-06-28 15:32:34 - [TEST_STEP][PASSED] - click(findTestObject("Object Repository/OCS- FRENCH/Page_Ontario Cannabis Store - Livra/button_Continuer vers le moyen")): Object: 'Object Repository/OCS- FRENCH/Page_Ontario Cannabis Store - Livra/button_Continuer vers le moyen' is clicked on

2019-06-28 15:32:34 - [MESSAGE][PASSED] - Object: 'Object Repository/OCS- FRENCH/Page_Ontario Cannabis Store - Livra/button_Continuer vers le moyen' is clicked on

2019-06-28 15:32:34 - [MESSAGE][PASSED] - Call Test Case 'Test Cases/OCS - MOBILE/CALL- SHIPPING TO PAYMENT' successfully]]></system-out>
         <system-err><![CDATA[]]></system-err>
      </testcase>
      <testcase name="Test Cases/OCS- FRENCH/CRITICAL PATH/Cart flyout- accessories-fr" classname="Test Cases/OCS- FRENCH/CRITICAL PATH/Cart flyout- accessories-fr" status="PASSED">
         <system-out><![CDATA[2019-06-28 15:32:34 - [TEST_CASE][PASSED] - Test Cases/OCS- FRENCH/CRITICAL PATH/Cart flyout- accessories-fr: Test Cases/OCS- FRENCH/CRITICAL PATH/Cart flyout- accessories-fr

2019-06-28 15:32:34 - [TEST_STEP][PASSED] - callTestCase(findTestCase("OCS - MOBILE/CALL - AGE GATE"), [:], STOP_ON_FAILURE): Call Test Case 'Test Cases/OCS - MOBILE/CALL - AGE GATE' successfully

2019-06-28 15:32:34 - [TEST_CASE][PASSED] - Test Cases/OCS - MOBILE/CALL - AGE GATE: Test Cases/OCS - MOBILE/CALL - AGE GATE

2019-06-28 15:32:34 - [TEST_STEP][PASSED] - openBrowser(""): Browser is opened with url: ''

2019-06-28 15:32:34 - [MESSAGE][WARNING] - A browser is already opened. Closing browser and opening a new one

2019-06-28 15:32:35 - [MESSAGE][INFO] - Starting 'Chrome' driver

2019-06-28 15:32:36 - [MESSAGE][PASSED] - Browser is opened with url: ''

2019-06-28 15:32:36 - [TEST_STEP][PASSED] - navigateToUrl("ocs.ca"): Navigate to 'http://ocs.ca' successfully

2019-06-28 15:32:40 - [MESSAGE][PASSED] - Navigate to 'http://ocs.ca' successfully

2019-06-28 15:32:40 - [TEST_STEP][NOT_RUN] - executeJavaScript("var previewBar = document.getElementById("preview-bar-iframe"); previewBar.style.display = "none";", []): NOT_RUN: executeJavaScript("var previewBar = document.getElementById("preview-bar-iframe"); previewBar.style.display = "none";", [])

2019-06-28 15:32:40 - [MESSAGE][NOT_RUN] - NOT_RUN: executeJavaScript("var previewBar = document.getElementById("preview-bar-iframe"); previewBar.style.display = "none";", [])

2019-06-28 15:32:40 - [TEST_STEP][PASSED] - setViewPortSize(360, 800): Viewport is set to new size with width = 360 and height = 800

2019-06-28 15:32:40 - [MESSAGE][PASSED] - Viewport is set to new size with width = 360 and height = 800

2019-06-28 15:32:40 - [TEST_STEP][PASSED] - delay(4): Delayed 4 second(s)

2019-06-28 15:32:44 - [MESSAGE][PASSED] - Delayed 4 second(s)

2019-06-28 15:32:44 - [TEST_STEP][PASSED] - selectOptionByValue(findTestObject("OCS-MOBILE /Age gate and burger menu/Date"), "12", true): All options with value '12' are selected in object 'Object Repository/OCS-MOBILE /Age gate and burger menu/Date'  using regular expression

2019-06-28 15:32:45 - [MESSAGE][PASSED] - All options with value '12' are selected in object 'Object Repository/OCS-MOBILE /Age gate and burger menu/Date'  using regular expression

2019-06-28 15:32:45 - [TEST_STEP][PASSED] - selectOptionByValue(findTestObject("OCS-MOBILE /Age gate and burger menu/month"), "6", true): All options with value '6' are selected in object 'Object Repository/OCS-MOBILE /Age gate and burger menu/month'  using regular expression

2019-06-28 15:32:45 - [MESSAGE][PASSED] - All options with value '6' are selected in object 'Object Repository/OCS-MOBILE /Age gate and burger menu/month'  using regular expression

2019-06-28 15:32:45 - [TEST_STEP][PASSED] - delay(2): Delayed 2 second(s)

2019-06-28 15:32:47 - [MESSAGE][PASSED] - Delayed 2 second(s)

2019-06-28 15:32:47 - [TEST_STEP][PASSED] - selectOptionByValue(findTestObject("OCS-MOBILE /Age gate and burger menu/Year Dropdown"), "1990", true): All options with value '1990' are selected in object 'Object Repository/OCS-MOBILE /Age gate and burger menu/Year Dropdown'  using regular expression

2019-06-28 15:32:48 - [MESSAGE][PASSED] - All options with value '1990' are selected in object 'Object Repository/OCS-MOBILE /Age gate and burger menu/Year Dropdown'  using regular expression

2019-06-28 15:32:48 - [TEST_STEP][PASSED] - click(findTestObject("OCS-MOBILE /Age gate and Mega menu/button_Verify")): Object: 'Object Repository/OCS-MOBILE /Age gate and Mega menu/button_Verify' is clicked on

2019-06-28 15:32:48 - [MESSAGE][PASSED] - Object: 'Object Repository/OCS-MOBILE /Age gate and Mega menu/button_Verify' is clicked on

2019-06-28 15:32:48 - [TEST_STEP][PASSED] - click(findTestObject("OCS-MOBILE /Age gate and Mega menu/Checkbox_CONFIRM AND ACKNOWLEDGE")): Object: 'Object Repository/OCS-MOBILE /Age gate and Mega menu/Checkbox_CONFIRM AND ACKNOWLEDGE' is clicked on

2019-06-28 15:32:48 - [MESSAGE][PASSED] - Object: 'Object Repository/OCS-MOBILE /Age gate and Mega menu/Checkbox_CONFIRM AND ACKNOWLEDGE' is clicked on

2019-06-28 15:32:48 - [TEST_STEP][PASSED] - click(findTestObject("OCS-MOBILE /Age gate and Mega menu/button_CONFIRM")): Object: 'Object Repository/OCS-MOBILE /Age gate and Mega menu/button_CONFIRM' is clicked on

2019-06-28 15:32:48 - [MESSAGE][PASSED] - Object: 'Object Repository/OCS-MOBILE /Age gate and Mega menu/button_CONFIRM' is clicked on

2019-06-28 15:32:48 - [TEST_STEP][PASSED] - click(findTestObject("OCS-MOBILE /Age gate and Mega menu/button_Start Browsing")): Object: 'Object Repository/OCS-MOBILE /Age gate and Mega menu/button_Start Browsing' is clicked on

2019-06-28 15:32:48 - [MESSAGE][PASSED] - Object: 'Object Repository/OCS-MOBILE /Age gate and Mega menu/button_Start Browsing' is clicked on

2019-06-28 15:32:48 - [TEST_STEP][PASSED] - refresh(): Refresh successfully

2019-06-28 15:32:50 - [MESSAGE][PASSED] - Refresh successfully

2019-06-28 15:32:50 - [TEST_STEP][NOT_RUN] - executeJavaScript("var previewBar = document.getElementById("preview-bar-iframe"); previewBar.style.display = "none";", []): NOT_RUN: executeJavaScript("var previewBar = document.getElementById("preview-bar-iframe"); previewBar.style.display = "none";", [])

2019-06-28 15:32:50 - [MESSAGE][NOT_RUN] - NOT_RUN: executeJavaScript("var previewBar = document.getElementById("preview-bar-iframe"); previewBar.style.display = "none";", [])

2019-06-28 15:32:50 - [MESSAGE][PASSED] - Call Test Case 'Test Cases/OCS - MOBILE/CALL - AGE GATE' successfully

2019-06-28 15:32:50 - [TEST_STEP][PASSED] - callTestCase(findTestCase("OCS - MOBILE/CALL- TOGGLING LANGUAGE"), [:], STOP_ON_FAILURE): Call Test Case 'Test Cases/OCS - MOBILE/CALL- TOGGLING LANGUAGE' successfully

2019-06-28 15:32:50 - [TEST_CASE][PASSED] - Test Cases/OCS - MOBILE/CALL- TOGGLING LANGUAGE: Test Cases/OCS - MOBILE/CALL- TOGGLING LANGUAGE

2019-06-28 15:32:50 - [TEST_STEP][PASSED] - delay(2): Delayed 2 second(s)

2019-06-28 15:32:52 - [MESSAGE][PASSED] - Delayed 2 second(s)

2019-06-28 15:32:52 - [TEST_STEP][PASSED] - click(findTestObject("OCS-MOBILE /Age gate and burger menu/Burger menu - English")): Object: 'Object Repository/OCS-MOBILE /Age gate and burger menu/Burger menu - English' is clicked on

2019-06-28 15:32:52 - [MESSAGE][PASSED] - Object: 'Object Repository/OCS-MOBILE /Age gate and burger menu/Burger menu - English' is clicked on

2019-06-28 15:32:52 - [TEST_STEP][PASSED] - delay(2): Delayed 2 second(s)

2019-06-28 15:32:54 - [MESSAGE][PASSED] - Delayed 2 second(s)

2019-06-28 15:32:54 - [TEST_STEP][PASSED] - click(findTestObject("OCS-MOBILE /Cart flyout/English dropdown")): Object: 'Object Repository/OCS-MOBILE /Cart flyout/English dropdown' is clicked on

2019-06-28 15:32:54 - [MESSAGE][PASSED] - Object: 'Object Repository/OCS-MOBILE /Cart flyout/English dropdown' is clicked on

2019-06-28 15:32:54 - [TEST_STEP][PASSED] - delay(2): Delayed 2 second(s)

2019-06-28 15:32:56 - [MESSAGE][PASSED] - Delayed 2 second(s)

2019-06-28 15:32:56 - [TEST_STEP][NOT_RUN] - executeJavaScript("var previewBar = document.getElementById("preview-bar-iframe"); previewBar.style.display = "none";", []): NOT_RUN: executeJavaScript("var previewBar = document.getElementById("preview-bar-iframe"); previewBar.style.display = "none";", [])

2019-06-28 15:32:56 - [MESSAGE][NOT_RUN] - NOT_RUN: executeJavaScript("var previewBar = document.getElementById("preview-bar-iframe"); previewBar.style.display = "none";", [])

2019-06-28 15:32:56 - [TEST_STEP][PASSED] - click(findTestObject("OCS-MOBILE /Cart flyout/Select French")): Object: 'Object Repository/OCS-MOBILE /Cart flyout/Select French' is clicked on

2019-06-28 15:32:56 - [MESSAGE][PASSED] - Object: 'Object Repository/OCS-MOBILE /Cart flyout/Select French' is clicked on

2019-06-28 15:32:56 - [MESSAGE][PASSED] - Call Test Case 'Test Cases/OCS - MOBILE/CALL- TOGGLING LANGUAGE' successfully

2019-06-28 15:32:56 - [TEST_STEP][PASSED] - delay(2): Delayed 2 second(s)

2019-06-28 15:32:58 - [MESSAGE][PASSED] - Delayed 2 second(s)

2019-06-28 15:32:58 - [TEST_STEP][PASSED] - click(findTestObject("OCS-MOBILE /Age gate and burger menu/Burger menu - English")): Object: 'Object Repository/OCS-MOBILE /Age gate and burger menu/Burger menu - English' is clicked on

2019-06-28 15:33:00 - [MESSAGE][PASSED] - Object: 'Object Repository/OCS-MOBILE /Age gate and burger menu/Burger menu - English' is clicked on

2019-06-28 15:33:00 - [TEST_STEP][PASSED] - delay(2): Delayed 2 second(s)

2019-06-28 15:33:02 - [MESSAGE][PASSED] - Delayed 2 second(s)

2019-06-28 15:33:02 - [TEST_STEP][PASSED] - click(findTestObject("OCS-MOBILE /Age gate and burger menu/Chevron_Cannabis")): Object: 'Object Repository/OCS-MOBILE /Age gate and burger menu/Chevron_Cannabis' is clicked on

2019-06-28 15:33:02 - [MESSAGE][PASSED] - Object: 'Object Repository/OCS-MOBILE /Age gate and burger menu/Chevron_Cannabis' is clicked on

2019-06-28 15:33:02 - [TEST_STEP][PASSED] - delay(2): Delayed 2 second(s)

2019-06-28 15:33:04 - [MESSAGE][PASSED] - Delayed 2 second(s)

2019-06-28 15:33:04 - [TEST_STEP][PASSED] - click(findTestObject("OCS-MOBILE /Age gate and burger menu/Dried Flower_Plus icon")): Object: 'Object Repository/OCS-MOBILE /Age gate and burger menu/Dried Flower_Plus icon' is clicked on

2019-06-28 15:33:04 - [MESSAGE][PASSED] - Object: 'Object Repository/OCS-MOBILE /Age gate and burger menu/Dried Flower_Plus icon' is clicked on

2019-06-28 15:33:04 - [TEST_STEP][PASSED] - delay(2): Delayed 2 second(s)

2019-06-28 15:33:06 - [MESSAGE][PASSED] - Delayed 2 second(s)

2019-06-28 15:33:06 - [TEST_STEP][PASSED] - click(findTestObject("OCS- FRENCH/Indica Dominant_Menu item")): Object: 'Object Repository/OCS- FRENCH/Indica Dominant_Menu item' is clicked on

2019-06-28 15:33:09 - [MESSAGE][PASSED] - Object: 'Object Repository/OCS- FRENCH/Indica Dominant_Menu item' is clicked on

2019-06-28 15:33:09 - [TEST_STEP][NOT_RUN] - executeJavaScript("var previewBar = document.getElementById("preview-bar-iframe"); previewBar.style.display = "none";", []): NOT_RUN: executeJavaScript("var previewBar = document.getElementById("preview-bar-iframe"); previewBar.style.display = "none";", [])

2019-06-28 15:33:09 - [MESSAGE][NOT_RUN] - NOT_RUN: executeJavaScript("var previewBar = document.getElementById("preview-bar-iframe"); previewBar.style.display = "none";", [])

2019-06-28 15:33:09 - [TEST_STEP][PASSED] - delay(2): Delayed 2 second(s)

2019-06-28 15:33:11 - [MESSAGE][PASSED] - Delayed 2 second(s)

2019-06-28 15:33:11 - [TEST_STEP][PASSED] - click(findTestObject("OCS- FRENCH/Product image - 1st one")): Object: 'Object Repository/OCS- FRENCH/Product image - 1st one' is clicked on

2019-06-28 15:33:17 - [MESSAGE][PASSED] - Object: 'Object Repository/OCS- FRENCH/Product image - 1st one' is clicked on

2019-06-28 15:33:17 - [TEST_STEP][NOT_RUN] - executeJavaScript("var previewBar = document.getElementById("preview-bar-iframe"); previewBar.style.display = "none";", []): NOT_RUN: executeJavaScript("var previewBar = document.getElementById("preview-bar-iframe"); previewBar.style.display = "none";", [])

2019-06-28 15:33:17 - [MESSAGE][NOT_RUN] - NOT_RUN: executeJavaScript("var previewBar = document.getElementById("preview-bar-iframe"); previewBar.style.display = "none";", [])

2019-06-28 15:33:17 - [TEST_STEP][PASSED] - delay(2): Delayed 2 second(s)

2019-06-28 15:33:19 - [MESSAGE][PASSED] - Delayed 2 second(s)

2019-06-28 15:33:19 - [TEST_STEP][PASSED] - click(findTestObject("OCS-MOBILE /Product page/Swatch_1g")): Object: 'Object Repository/OCS-MOBILE /Product page/Swatch_1g' is clicked on

2019-06-28 15:33:19 - [MESSAGE][PASSED] - Object: 'Object Repository/OCS-MOBILE /Product page/Swatch_1g' is clicked on

2019-06-28 15:33:19 - [TEST_STEP][PASSED] - delay(2): Delayed 2 second(s)

2019-06-28 15:33:21 - [MESSAGE][PASSED] - Delayed 2 second(s)

2019-06-28 15:33:21 - [TEST_STEP][PASSED] - click(findTestObject("OCS-MOBILE /Product page/Add to Bag-button")): Object: 'Object Repository/OCS-MOBILE /Product page/Add to Bag-button' is clicked on

2019-06-28 15:33:21 - [MESSAGE][PASSED] - Object: 'Object Repository/OCS-MOBILE /Product page/Add to Bag-button' is clicked on

2019-06-28 15:33:21 - [TEST_STEP][PASSED] - delay(4): Delayed 4 second(s)

2019-06-28 15:33:25 - [MESSAGE][PASSED] - Delayed 4 second(s)

2019-06-28 15:33:25 - [TEST_STEP][NOT_RUN] - click(findTestObject("OCS-MOBILE /Home - page/Cart icon -bag")): NOT_RUN: click(findTestObject("OCS-MOBILE /Home - page/Cart icon -bag"))

2019-06-28 15:33:25 - [MESSAGE][NOT_RUN] - NOT_RUN: click(findTestObject("OCS-MOBILE /Home - page/Cart icon -bag"))

2019-06-28 15:33:25 - [TEST_STEP][PASSED] - delay(4, OPTIONAL): Delayed 4 second(s)

2019-06-28 15:33:29 - [MESSAGE][PASSED] - Delayed 4 second(s)

2019-06-28 15:33:29 - [TEST_STEP][PASSED] - delay(2): Delayed 2 second(s)

2019-06-28 15:33:31 - [MESSAGE][PASSED] - Delayed 2 second(s)

2019-06-28 15:33:31 - [TEST_STEP][PASSED] - click(findTestObject("OCS-MOBILE /Cart flyout/Up Chevron - Accessories you might need")): Object: 'Object Repository/OCS-MOBILE /Cart flyout/Up Chevron - Accessories you might need' is clicked on

2019-06-28 15:33:31 - [MESSAGE][PASSED] - Object: 'Object Repository/OCS-MOBILE /Cart flyout/Up Chevron - Accessories you might need' is clicked on

2019-06-28 15:33:31 - [TEST_STEP][PASSED] - delay(4): Delayed 4 second(s)

2019-06-28 15:33:35 - [MESSAGE][PASSED] - Delayed 4 second(s)

2019-06-28 15:33:35 - [TEST_STEP][PASSED] - click(findTestObject("OCS-MOBILE /Cart flyout/Down Chevron - Accessories you might need")): Object: 'Object Repository/OCS-MOBILE /Cart flyout/Down Chevron - Accessories you might need' is clicked on

2019-06-28 15:33:35 - [MESSAGE][PASSED] - Object: 'Object Repository/OCS-MOBILE /Cart flyout/Down Chevron - Accessories you might need' is clicked on]]></system-out>
         <system-err><![CDATA[]]></system-err>
      </testcase>
      <testcase name="Test Cases/OCS- FRENCH/CRITICAL PATH/Cart flyout - Price comparison - fr" classname="Test Cases/OCS- FRENCH/CRITICAL PATH/Cart flyout - Price comparison - fr" status="PASSED">
         <system-out><![CDATA[2019-06-28 15:33:35 - [TEST_CASE][PASSED] - Test Cases/OCS- FRENCH/CRITICAL PATH/Cart flyout - Price comparison - fr: Test Cases/OCS- FRENCH/CRITICAL PATH/Cart flyout - Price comparison - fr

2019-06-28 15:33:35 - [TEST_STEP][PASSED] - callTestCase(findTestCase("OCS - MOBILE/CALL - AGE GATE"), [:], STOP_ON_FAILURE): Call Test Case 'Test Cases/OCS - MOBILE/CALL - AGE GATE' successfully

2019-06-28 15:33:35 - [TEST_CASE][PASSED] - Test Cases/OCS - MOBILE/CALL - AGE GATE: Test Cases/OCS - MOBILE/CALL - AGE GATE

2019-06-28 15:33:35 - [TEST_STEP][PASSED] - openBrowser(""): Browser is opened with url: ''

2019-06-28 15:33:35 - [MESSAGE][WARNING] - A browser is already opened. Closing browser and opening a new one

2019-06-28 15:33:35 - [MESSAGE][INFO] - Starting 'Chrome' driver

2019-06-28 15:33:36 - [MESSAGE][PASSED] - Browser is opened with url: ''

2019-06-28 15:33:36 - [TEST_STEP][PASSED] - navigateToUrl("ocs.ca"): Navigate to 'http://ocs.ca' successfully

2019-06-28 15:33:41 - [MESSAGE][PASSED] - Navigate to 'http://ocs.ca' successfully

2019-06-28 15:33:41 - [TEST_STEP][NOT_RUN] - executeJavaScript("var previewBar = document.getElementById("preview-bar-iframe"); previewBar.style.display = "none";", []): NOT_RUN: executeJavaScript("var previewBar = document.getElementById("preview-bar-iframe"); previewBar.style.display = "none";", [])

2019-06-28 15:33:41 - [MESSAGE][NOT_RUN] - NOT_RUN: executeJavaScript("var previewBar = document.getElementById("preview-bar-iframe"); previewBar.style.display = "none";", [])

2019-06-28 15:33:41 - [TEST_STEP][PASSED] - setViewPortSize(360, 800): Viewport is set to new size with width = 360 and height = 800

2019-06-28 15:33:41 - [MESSAGE][PASSED] - Viewport is set to new size with width = 360 and height = 800

2019-06-28 15:33:41 - [TEST_STEP][PASSED] - delay(4): Delayed 4 second(s)

2019-06-28 15:33:45 - [MESSAGE][PASSED] - Delayed 4 second(s)

2019-06-28 15:33:45 - [TEST_STEP][PASSED] - selectOptionByValue(findTestObject("OCS-MOBILE /Age gate and burger menu/Date"), "12", true): All options with value '12' are selected in object 'Object Repository/OCS-MOBILE /Age gate and burger menu/Date'  using regular expression

2019-06-28 15:33:45 - [MESSAGE][PASSED] - All options with value '12' are selected in object 'Object Repository/OCS-MOBILE /Age gate and burger menu/Date'  using regular expression

2019-06-28 15:33:45 - [TEST_STEP][PASSED] - selectOptionByValue(findTestObject("OCS-MOBILE /Age gate and burger menu/month"), "6", true): All options with value '6' are selected in object 'Object Repository/OCS-MOBILE /Age gate and burger menu/month'  using regular expression

2019-06-28 15:33:45 - [MESSAGE][PASSED] - All options with value '6' are selected in object 'Object Repository/OCS-MOBILE /Age gate and burger menu/month'  using regular expression

2019-06-28 15:33:45 - [TEST_STEP][PASSED] - delay(2): Delayed 2 second(s)

2019-06-28 15:33:47 - [MESSAGE][PASSED] - Delayed 2 second(s)

2019-06-28 15:33:47 - [TEST_STEP][PASSED] - selectOptionByValue(findTestObject("OCS-MOBILE /Age gate and burger menu/Year Dropdown"), "1990", true): All options with value '1990' are selected in object 'Object Repository/OCS-MOBILE /Age gate and burger menu/Year Dropdown'  using regular expression

2019-06-28 15:33:48 - [MESSAGE][PASSED] - All options with value '1990' are selected in object 'Object Repository/OCS-MOBILE /Age gate and burger menu/Year Dropdown'  using regular expression

2019-06-28 15:33:48 - [TEST_STEP][PASSED] - click(findTestObject("OCS-MOBILE /Age gate and Mega menu/button_Verify")): Object: 'Object Repository/OCS-MOBILE /Age gate and Mega menu/button_Verify' is clicked on

2019-06-28 15:33:48 - [MESSAGE][PASSED] - Object: 'Object Repository/OCS-MOBILE /Age gate and Mega menu/button_Verify' is clicked on

2019-06-28 15:33:48 - [TEST_STEP][PASSED] - click(findTestObject("OCS-MOBILE /Age gate and Mega menu/Checkbox_CONFIRM AND ACKNOWLEDGE")): Object: 'Object Repository/OCS-MOBILE /Age gate and Mega menu/Checkbox_CONFIRM AND ACKNOWLEDGE' is clicked on

2019-06-28 15:33:49 - [MESSAGE][PASSED] - Object: 'Object Repository/OCS-MOBILE /Age gate and Mega menu/Checkbox_CONFIRM AND ACKNOWLEDGE' is clicked on

2019-06-28 15:33:49 - [TEST_STEP][PASSED] - click(findTestObject("OCS-MOBILE /Age gate and Mega menu/button_CONFIRM")): Object: 'Object Repository/OCS-MOBILE /Age gate and Mega menu/button_CONFIRM' is clicked on

2019-06-28 15:33:49 - [MESSAGE][PASSED] - Object: 'Object Repository/OCS-MOBILE /Age gate and Mega menu/button_CONFIRM' is clicked on

2019-06-28 15:33:49 - [TEST_STEP][PASSED] - click(findTestObject("OCS-MOBILE /Age gate and Mega menu/button_Start Browsing")): Object: 'Object Repository/OCS-MOBILE /Age gate and Mega menu/button_Start Browsing' is clicked on

2019-06-28 15:33:49 - [MESSAGE][PASSED] - Object: 'Object Repository/OCS-MOBILE /Age gate and Mega menu/button_Start Browsing' is clicked on

2019-06-28 15:33:49 - [TEST_STEP][PASSED] - refresh(): Refresh successfully

2019-06-28 15:33:49 - [MESSAGE][PASSED] - Refresh successfully

2019-06-28 15:33:49 - [TEST_STEP][NOT_RUN] - executeJavaScript("var previewBar = document.getElementById("preview-bar-iframe"); previewBar.style.display = "none";", []): NOT_RUN: executeJavaScript("var previewBar = document.getElementById("preview-bar-iframe"); previewBar.style.display = "none";", [])

2019-06-28 15:33:49 - [MESSAGE][NOT_RUN] - NOT_RUN: executeJavaScript("var previewBar = document.getElementById("preview-bar-iframe"); previewBar.style.display = "none";", [])

2019-06-28 15:33:49 - [MESSAGE][PASSED] - Call Test Case 'Test Cases/OCS - MOBILE/CALL - AGE GATE' successfully

2019-06-28 15:33:49 - [TEST_STEP][PASSED] - callTestCase(findTestCase("OCS - MOBILE/CALL- TOGGLING LANGUAGE"), [:], STOP_ON_FAILURE): Call Test Case 'Test Cases/OCS - MOBILE/CALL- TOGGLING LANGUAGE' successfully

2019-06-28 15:33:49 - [TEST_CASE][PASSED] - Test Cases/OCS - MOBILE/CALL- TOGGLING LANGUAGE: Test Cases/OCS - MOBILE/CALL- TOGGLING LANGUAGE

2019-06-28 15:33:49 - [TEST_STEP][PASSED] - delay(2): Delayed 2 second(s)

2019-06-28 15:33:51 - [MESSAGE][PASSED] - Delayed 2 second(s)

2019-06-28 15:33:51 - [TEST_STEP][PASSED] - click(findTestObject("OCS-MOBILE /Age gate and burger menu/Burger menu - English")): Object: 'Object Repository/OCS-MOBILE /Age gate and burger menu/Burger menu - English' is clicked on

2019-06-28 15:33:51 - [MESSAGE][PASSED] - Object: 'Object Repository/OCS-MOBILE /Age gate and burger menu/Burger menu - English' is clicked on

2019-06-28 15:33:51 - [TEST_STEP][PASSED] - delay(2): Delayed 2 second(s)

2019-06-28 15:33:53 - [MESSAGE][PASSED] - Delayed 2 second(s)

2019-06-28 15:33:53 - [TEST_STEP][PASSED] - click(findTestObject("OCS-MOBILE /Cart flyout/English dropdown")): Object: 'Object Repository/OCS-MOBILE /Cart flyout/English dropdown' is clicked on

2019-06-28 15:33:54 - [MESSAGE][PASSED] - Object: 'Object Repository/OCS-MOBILE /Cart flyout/English dropdown' is clicked on

2019-06-28 15:33:54 - [TEST_STEP][PASSED] - delay(2): Delayed 2 second(s)

2019-06-28 15:33:56 - [MESSAGE][PASSED] - Delayed 2 second(s)

2019-06-28 15:33:56 - [TEST_STEP][NOT_RUN] - executeJavaScript("var previewBar = document.getElementById("preview-bar-iframe"); previewBar.style.display = "none";", []): NOT_RUN: executeJavaScript("var previewBar = document.getElementById("preview-bar-iframe"); previewBar.style.display = "none";", [])

2019-06-28 15:33:56 - [MESSAGE][NOT_RUN] - NOT_RUN: executeJavaScript("var previewBar = document.getElementById("preview-bar-iframe"); previewBar.style.display = "none";", [])

2019-06-28 15:33:56 - [TEST_STEP][PASSED] - click(findTestObject("OCS-MOBILE /Cart flyout/Select French")): Object: 'Object Repository/OCS-MOBILE /Cart flyout/Select French' is clicked on

2019-06-28 15:33:56 - [MESSAGE][PASSED] - Object: 'Object Repository/OCS-MOBILE /Cart flyout/Select French' is clicked on

2019-06-28 15:33:56 - [MESSAGE][PASSED] - Call Test Case 'Test Cases/OCS - MOBILE/CALL- TOGGLING LANGUAGE' successfully

2019-06-28 15:33:56 - [TEST_STEP][PASSED] - delay(2): Delayed 2 second(s)

2019-06-28 15:33:58 - [MESSAGE][PASSED] - Delayed 2 second(s)

2019-06-28 15:33:58 - [TEST_STEP][PASSED] - click(findTestObject("OCS-MOBILE /Age gate and burger menu/Burger menu - English")): Object: 'Object Repository/OCS-MOBILE /Age gate and burger menu/Burger menu - English' is clicked on

2019-06-28 15:34:00 - [MESSAGE][PASSED] - Object: 'Object Repository/OCS-MOBILE /Age gate and burger menu/Burger menu - English' is clicked on

2019-06-28 15:34:00 - [TEST_STEP][PASSED] - delay(2): Delayed 2 second(s)

2019-06-28 15:34:02 - [MESSAGE][PASSED] - Delayed 2 second(s)

2019-06-28 15:34:02 - [TEST_STEP][PASSED] - click(findTestObject("OCS-MOBILE /Age gate and burger menu/Chevron_Cannabis")): Object: 'Object Repository/OCS-MOBILE /Age gate and burger menu/Chevron_Cannabis' is clicked on

2019-06-28 15:34:02 - [MESSAGE][PASSED] - Object: 'Object Repository/OCS-MOBILE /Age gate and burger menu/Chevron_Cannabis' is clicked on

2019-06-28 15:34:02 - [TEST_STEP][PASSED] - delay(2): Delayed 2 second(s)

2019-06-28 15:34:04 - [MESSAGE][PASSED] - Delayed 2 second(s)

2019-06-28 15:34:04 - [TEST_STEP][PASSED] - click(findTestObject("OCS-MOBILE /Age gate and burger menu/Dried Flower_Plus icon")): Object: 'Object Repository/OCS-MOBILE /Age gate and burger menu/Dried Flower_Plus icon' is clicked on

2019-06-28 15:34:04 - [MESSAGE][PASSED] - Object: 'Object Repository/OCS-MOBILE /Age gate and burger menu/Dried Flower_Plus icon' is clicked on

2019-06-28 15:34:04 - [TEST_STEP][PASSED] - delay(2): Delayed 2 second(s)

2019-06-28 15:34:06 - [MESSAGE][PASSED] - Delayed 2 second(s)

2019-06-28 15:34:06 - [TEST_STEP][PASSED] - click(findTestObject("OCS- FRENCH/Indica Dominant_Menu item")): Object: 'Object Repository/OCS- FRENCH/Indica Dominant_Menu item' is clicked on

2019-06-28 15:34:08 - [MESSAGE][PASSED] - Object: 'Object Repository/OCS- FRENCH/Indica Dominant_Menu item' is clicked on

2019-06-28 15:34:08 - [TEST_STEP][NOT_RUN] - executeJavaScript("var previewBar = document.getElementById("preview-bar-iframe"); previewBar.style.display = "none";", []): NOT_RUN: executeJavaScript("var previewBar = document.getElementById("preview-bar-iframe"); previewBar.style.display = "none";", [])

2019-06-28 15:34:08 - [MESSAGE][NOT_RUN] - NOT_RUN: executeJavaScript("var previewBar = document.getElementById("preview-bar-iframe"); previewBar.style.display = "none";", [])

2019-06-28 15:34:08 - [TEST_STEP][PASSED] - delay(2): Delayed 2 second(s)

2019-06-28 15:34:10 - [MESSAGE][PASSED] - Delayed 2 second(s)

2019-06-28 15:34:10 - [TEST_STEP][PASSED] - click(findTestObject("OCS- FRENCH/Product image - 1st one")): Object: 'Object Repository/OCS- FRENCH/Product image - 1st one' is clicked on

2019-06-28 15:34:14 - [MESSAGE][PASSED] - Object: 'Object Repository/OCS- FRENCH/Product image - 1st one' is clicked on

2019-06-28 15:34:14 - [TEST_STEP][NOT_RUN] - executeJavaScript("var previewBar = document.getElementById("preview-bar-iframe"); previewBar.style.display = "none";", []): NOT_RUN: executeJavaScript("var previewBar = document.getElementById("preview-bar-iframe"); previewBar.style.display = "none";", [])

2019-06-28 15:34:14 - [MESSAGE][NOT_RUN] - NOT_RUN: executeJavaScript("var previewBar = document.getElementById("preview-bar-iframe"); previewBar.style.display = "none";", [])

2019-06-28 15:34:14 - [TEST_STEP][PASSED] - delay(2): Delayed 2 second(s)

2019-06-28 15:34:16 - [MESSAGE][PASSED] - Delayed 2 second(s)

2019-06-28 15:34:16 - [TEST_STEP][PASSED] - click(findTestObject("OCS-MOBILE /Product page/Swatch_1g")): Object: 'Object Repository/OCS-MOBILE /Product page/Swatch_1g' is clicked on

2019-06-28 15:34:16 - [MESSAGE][PASSED] - Object: 'Object Repository/OCS-MOBILE /Product page/Swatch_1g' is clicked on

2019-06-28 15:34:16 - [TEST_STEP][PASSED] - delay(2): Delayed 2 second(s)

2019-06-28 15:34:18 - [MESSAGE][PASSED] - Delayed 2 second(s)

2019-06-28 15:34:18 - [TEST_STEP][PASSED] - click(findTestObject("OCS-MOBILE /Product page/Add to Bag-button")): Object: 'Object Repository/OCS-MOBILE /Product page/Add to Bag-button' is clicked on

2019-06-28 15:34:18 - [MESSAGE][PASSED] - Object: 'Object Repository/OCS-MOBILE /Product page/Add to Bag-button' is clicked on

2019-06-28 15:34:18 - [TEST_STEP][PASSED] - delay(4): Delayed 4 second(s)

2019-06-28 15:34:22 - [MESSAGE][PASSED] - Delayed 4 second(s)

2019-06-28 15:34:22 - [TEST_STEP][NOT_RUN] - click(findTestObject("OCS-MOBILE /Home - page/Cart icon -bag")): NOT_RUN: click(findTestObject("OCS-MOBILE /Home - page/Cart icon -bag"))

2019-06-28 15:34:22 - [MESSAGE][NOT_RUN] - NOT_RUN: click(findTestObject("OCS-MOBILE /Home - page/Cart icon -bag"))

2019-06-28 15:34:22 - [TEST_STEP][PASSED] - delay(4, OPTIONAL): Delayed 4 second(s)

2019-06-28 15:34:26 - [MESSAGE][PASSED] - Delayed 4 second(s)

2019-06-28 15:34:26 - [TEST_STEP][PASSED] - click(findTestObject("OCS-MOBILE /Cart flyout/Back icon")): Object: 'Object Repository/OCS-MOBILE /Cart flyout/Back icon' is clicked on

2019-06-28 15:34:26 - [MESSAGE][PASSED] - Object: 'Object Repository/OCS-MOBILE /Cart flyout/Back icon' is clicked on

2019-06-28 15:34:26 - [TEST_STEP][PASSED] - delay(2): Delayed 2 second(s)

2019-06-28 15:34:28 - [MESSAGE][PASSED] - Delayed 2 second(s)

2019-06-28 15:34:28 - [TEST_STEP][PASSED] - click(findTestObject("OCS-MOBILE /Product page/Swatch_3.5g"), CONTINUE_ON_FAILURE): Object: 'Object Repository/OCS-MOBILE /Product page/Swatch_3.5g' is clicked on

2019-06-28 15:34:28 - [MESSAGE][PASSED] - Object: 'Object Repository/OCS-MOBILE /Product page/Swatch_3.5g' is clicked on

2019-06-28 15:34:28 - [TEST_STEP][PASSED] - delay(2): Delayed 2 second(s)

2019-06-28 15:34:30 - [MESSAGE][PASSED] - Delayed 2 second(s)

2019-06-28 15:34:30 - [TEST_STEP][PASSED] - click(findTestObject("OCS-MOBILE /Product page/Add to Bag-button")): Object: 'Object Repository/OCS-MOBILE /Product page/Add to Bag-button' is clicked on

2019-06-28 15:34:30 - [MESSAGE][PASSED] - Object: 'Object Repository/OCS-MOBILE /Product page/Add to Bag-button' is clicked on

2019-06-28 15:34:30 - [TEST_STEP][PASSED] - delay(3): Delayed 3 second(s)

2019-06-28 15:34:33 - [MESSAGE][PASSED] - Delayed 3 second(s)

2019-06-28 15:34:33 - [TEST_STEP][NOT_RUN] - click(findTestObject("OCS-MOBILE /Home - page/Cart icon -bag")): NOT_RUN: click(findTestObject("OCS-MOBILE /Home - page/Cart icon -bag"))

2019-06-28 15:34:33 - [MESSAGE][NOT_RUN] - NOT_RUN: click(findTestObject("OCS-MOBILE /Home - page/Cart icon -bag"))

2019-06-28 15:34:33 - [TEST_STEP][PASSED] - delay(2): Delayed 2 second(s)

2019-06-28 15:34:35 - [MESSAGE][PASSED] - Delayed 2 second(s)

2019-06-28 15:34:35 - [TEST_STEP][PASSED] - k = getText(findTestObject("OCS-MOBILE /Cart flyout/Unit price - 1st Product")): Text of object 'Object Repository/OCS-MOBILE /Cart flyout/Unit price - 1st Product' is: '35,00 $'

2019-06-28 15:34:35 - [MESSAGE][PASSED] - Text of object 'Object Repository/OCS-MOBILE /Cart flyout/Unit price - 1st Product' is: '35,00 $'

2019-06-28 15:34:35 - [TEST_STEP][PASSED] - delay(2): Delayed 2 second(s)

2019-06-28 15:34:37 - [MESSAGE][PASSED] - Delayed 2 second(s)

2019-06-28 15:34:37 - [TEST_STEP][PASSED] - a = getText(findTestObject("OCS-MOBILE /Cart flyout/Unit price - 2nd Product")): Text of object 'Object Repository/OCS-MOBILE /Cart flyout/Unit price - 2nd Product' is: '10,50 $'

2019-06-28 15:34:37 - [MESSAGE][PASSED] - Text of object 'Object Repository/OCS-MOBILE /Cart flyout/Unit price - 2nd Product' is: '10,50 $'

2019-06-28 15:34:37 - [TEST_STEP][PASSED] - delay(2): Delayed 2 second(s)

2019-06-28 15:34:39 - [MESSAGE][PASSED] - Delayed 2 second(s)

2019-06-28 15:34:39 - [TEST_STEP][PASSED] - a1 = k.substring(0, k.length() - 1): null

2019-06-28 15:34:39 - [TEST_STEP][PASSED] - comment("a1 = " + a1): a1 = 35,00 

2019-06-28 15:34:39 - [MESSAGE][INFO] - a1 = 35,00 

2019-06-28 15:34:39 - [TEST_STEP][PASSED] - x1 = a1.substring(0, a1.length() - 1): null

2019-06-28 15:34:39 - [TEST_STEP][PASSED] - comment("x1 = " + x1): x1 = 35,00

2019-06-28 15:34:39 - [MESSAGE][INFO] - x1 = 35,00

2019-06-28 15:34:39 - [TEST_STEP][PASSED] - x2 = x1.substring(0, x1.length() - 1): null

2019-06-28 15:34:39 - [TEST_STEP][PASSED] - comment("x2 = " + x2): x2 = 35,0

2019-06-28 15:34:39 - [MESSAGE][INFO] - x2 = 35,0

2019-06-28 15:34:39 - [TEST_STEP][PASSED] - x3 = x2.substring(0, x2.length() - 1): null

2019-06-28 15:34:39 - [TEST_STEP][PASSED] - comment("x3 = " + x3): x3 = 35,

2019-06-28 15:34:39 - [MESSAGE][INFO] - x3 = 35,

2019-06-28 15:34:39 - [TEST_STEP][PASSED] - x6 = x3.substring(0, x3.length() - 1): null

2019-06-28 15:34:39 - [TEST_STEP][PASSED] - comment("x6 = " + x6): x6 = 35

2019-06-28 15:34:39 - [MESSAGE][INFO] - x6 = 35

2019-06-28 15:34:39 - [TEST_STEP][PASSED] - a2 = a.substring(0, a.length() - 1): null

2019-06-28 15:34:39 - [TEST_STEP][PASSED] - comment("a2 = " + a2): a2 = 10,50 

2019-06-28 15:34:39 - [MESSAGE][INFO] - a2 = 10,50 

2019-06-28 15:34:39 - [TEST_STEP][PASSED] - y1 = a2.substring(0, a2.length() - 1): null

2019-06-28 15:34:39 - [TEST_STEP][PASSED] - comment("y1 = " + y1): y1 = 10,50

2019-06-28 15:34:39 - [MESSAGE][INFO] - y1 = 10,50

2019-06-28 15:34:39 - [TEST_STEP][PASSED] - y2 = y1.substring(0, y1.length() - 1): null

2019-06-28 15:34:39 - [TEST_STEP][PASSED] - comment("y2 = " + y2): y2 = 10,5

2019-06-28 15:34:39 - [MESSAGE][INFO] - y2 = 10,5

2019-06-28 15:34:39 - [TEST_STEP][PASSED] - y3 = y2.substring(0, y2.length() - 1): null

2019-06-28 15:34:39 - [TEST_STEP][PASSED] - comment("y3 = " + y3): y3 = 10,

2019-06-28 15:34:39 - [MESSAGE][INFO] - y3 = 10,

2019-06-28 15:34:39 - [TEST_STEP][PASSED] - y4 = y3.substring(0, y3.length() - 1): null

2019-06-28 15:34:39 - [TEST_STEP][PASSED] - comment("y4 = " + y4): y4 = 10

2019-06-28 15:34:39 - [MESSAGE][INFO] - y4 = 10

2019-06-28 15:34:39 - [TEST_STEP][PASSED] - p1 = <not implemented yet for class: org.codehaus.groovy.ast.expr.EmptyExpression>: null

2019-06-28 15:34:39 - [TEST_STEP][PASSED] - p2 = <not implemented yet for class: org.codehaus.groovy.ast.expr.EmptyExpression>: null

2019-06-28 15:34:39 - [TEST_STEP][PASSED] - try: p1=35.0

2019-06-28 15:34:39 - [TEST_STEP][PASSED] - str = x6: null

2019-06-28 15:34:39 - [TEST_STEP][PASSED] - comment("str=" + str): str=35

2019-06-28 15:34:39 - [MESSAGE][INFO] - str=35

2019-06-28 15:34:39 - [TEST_STEP][PASSED] - p1 = Double.valueOf(str): null

2019-06-28 15:34:39 - [TEST_STEP][PASSED] - comment("p1=" + p1): p1=35.0

2019-06-28 15:34:39 - [MESSAGE][INFO] - p1=35.0

2019-06-28 15:34:39 - [TEST_STEP][PASSED] - try: p2=10.0

2019-06-28 15:34:39 - [TEST_STEP][PASSED] - str5 = y4: null

2019-06-28 15:34:39 - [TEST_STEP][PASSED] - comment("str5=" + str5): str5=10

2019-06-28 15:34:39 - [MESSAGE][INFO] - str5=10

2019-06-28 15:34:39 - [TEST_STEP][PASSED] - p2 = Double.valueOf(str5): null

2019-06-28 15:34:39 - [TEST_STEP][PASSED] - comment("p2=" + p2): p2=10.0

2019-06-28 15:34:39 - [MESSAGE][INFO] - p2=10.0

2019-06-28 15:34:39 - [TEST_STEP][PASSED] - total = p1 + p2: null

2019-06-28 15:34:39 - [TEST_STEP][PASSED] - comment("total =" + total): total =45.0

2019-06-28 15:34:39 - [MESSAGE][INFO] - total =45.0

2019-06-28 15:34:39 - [TEST_STEP][NOT_RUN] - executeJavaScript("var previewBar = document.getElementById("preview-bar-iframe"); previewBar.style.display = "none";", []): NOT_RUN: executeJavaScript("var previewBar = document.getElementById("preview-bar-iframe"); previewBar.style.display = "none";", [])

2019-06-28 15:34:39 - [MESSAGE][NOT_RUN] - NOT_RUN: executeJavaScript("var previewBar = document.getElementById("preview-bar-iframe"); previewBar.style.display = "none";", [])

2019-06-28 15:34:39 - [TEST_STEP][PASSED] - amount = getText(findTestObject("OCS-MOBILE /Cart flyout/Sub-total Price")): Text of object 'Object Repository/OCS-MOBILE /Cart flyout/Sub-total Price' is: '45,50 $'

2019-06-28 15:34:39 - [MESSAGE][PASSED] - Text of object 'Object Repository/OCS-MOBILE /Cart flyout/Sub-total Price' is: '45,50 $'

2019-06-28 15:34:39 - [TEST_STEP][PASSED] - delay(2): Delayed 2 second(s)

2019-06-28 15:34:41 - [MESSAGE][PASSED] - Delayed 2 second(s)

2019-06-28 15:34:41 - [TEST_STEP][PASSED] - comment("amount =" + amount): amount =45,50 $

2019-06-28 15:34:41 - [MESSAGE][INFO] - amount =45,50 $

2019-06-28 15:34:41 - [TEST_STEP][PASSED] - a3 = amount.substring(0, amount.length() - 1): null

2019-06-28 15:34:41 - [TEST_STEP][PASSED] - comment("a3 = " + a3): a3 = 45,50 

2019-06-28 15:34:41 - [MESSAGE][INFO] - a3 = 45,50 

2019-06-28 15:34:41 - [TEST_STEP][PASSED] - z1 = a3.substring(0, a3.length() - 1): null

2019-06-28 15:34:41 - [TEST_STEP][PASSED] - comment("z1 = " + z1): z1 = 45,50

2019-06-28 15:34:41 - [MESSAGE][INFO] - z1 = 45,50

2019-06-28 15:34:41 - [TEST_STEP][PASSED] - z2 = z1.substring(0, z1.length() - 1): null

2019-06-28 15:34:41 - [TEST_STEP][PASSED] - comment("z2 = " + z2): z2 = 45,5

2019-06-28 15:34:41 - [MESSAGE][INFO] - z2 = 45,5

2019-06-28 15:34:41 - [TEST_STEP][PASSED] - z3 = z2.substring(0, z2.length() - 1): null

2019-06-28 15:34:41 - [TEST_STEP][PASSED] - comment("z3 = " + z3): z3 = 45,

2019-06-28 15:34:41 - [MESSAGE][INFO] - z3 = 45,

2019-06-28 15:34:41 - [TEST_STEP][PASSED] - z4 = z3.substring(0, z3.length() - 1): null

2019-06-28 15:34:41 - [TEST_STEP][PASSED] - comment("z4 = " + z4): z4 = 45

2019-06-28 15:34:41 - [MESSAGE][INFO] - z4 = 45

2019-06-28 15:34:41 - [TEST_STEP][PASSED] - verifyEqual(total, z4): Actual object '45' and expected object '45' are equal

2019-06-28 15:34:41 - [MESSAGE][PASSED] - Actual object '45' and expected object '45' are equal

2019-06-28 15:34:41 - [TEST_STEP][PASSED] - comment("cart items price equal"): cart items price equal

2019-06-28 15:34:41 - [MESSAGE][INFO] - cart items price equal

2019-06-28 15:34:41 - [TEST_STEP][PASSED] - delay(1): Delayed 1 second(s)

2019-06-28 15:34:42 - [MESSAGE][PASSED] - Delayed 1 second(s)

2019-06-28 15:34:42 - [TEST_STEP][PASSED] - click(findTestObject("OCS-MOBILE /Cart flyout/Checkbox_I confirm that")): Object: 'Object Repository/OCS-MOBILE /Cart flyout/Checkbox_I confirm that' is clicked on

2019-06-28 15:34:42 - [MESSAGE][PASSED] - Object: 'Object Repository/OCS-MOBILE /Cart flyout/Checkbox_I confirm that' is clicked on

2019-06-28 15:34:42 - [TEST_STEP][PASSED] - delay(2): Delayed 2 second(s)

2019-06-28 15:34:44 - [MESSAGE][PASSED] - Delayed 2 second(s)

2019-06-28 15:34:44 - [TEST_STEP][PASSED] - click(findTestObject("OCS-MOBILE /Cart flyout/Checkbox_Accept the Terms Condition")): Object: 'Object Repository/OCS-MOBILE /Cart flyout/Checkbox_Accept the Terms Condition' is clicked on

2019-06-28 15:34:44 - [MESSAGE][PASSED] - Object: 'Object Repository/OCS-MOBILE /Cart flyout/Checkbox_Accept the Terms Condition' is clicked on

2019-06-28 15:34:44 - [TEST_STEP][PASSED] - delay(2): Delayed 2 second(s)

2019-06-28 15:34:46 - [MESSAGE][PASSED] - Delayed 2 second(s)

2019-06-28 15:34:46 - [TEST_STEP][PASSED] - click(findTestObject("OCS-MOBILE /Cart flyout/Checkout - Button")): Object: 'Object Repository/OCS-MOBILE /Cart flyout/Checkout - Button' is clicked on

2019-06-28 15:34:49 - [MESSAGE][PASSED] - Object: 'Object Repository/OCS-MOBILE /Cart flyout/Checkout - Button' is clicked on

2019-06-28 15:34:49 - [TEST_STEP][NOT_RUN] - executeJavaScript("var previewBar = document.getElementById("preview-bar-iframe"); previewBar.style.display = "none";", []): NOT_RUN: executeJavaScript("var previewBar = document.getElementById("preview-bar-iframe"); previewBar.style.display = "none";", [])

2019-06-28 15:34:49 - [MESSAGE][NOT_RUN] - NOT_RUN: executeJavaScript("var previewBar = document.getElementById("preview-bar-iframe"); previewBar.style.display = "none";", [])

2019-06-28 15:34:49 - [TEST_STEP][PASSED] - delay(1): Delayed 1 second(s)

2019-06-28 15:34:50 - [MESSAGE][PASSED] - Delayed 1 second(s)

2019-06-28 15:34:50 - [TEST_STEP][PASSED] - callTestCase(findTestCase("OCS - MOBILE/CALL- SHIPPING TO PAYMENT"), [:], STOP_ON_FAILURE): Call Test Case 'Test Cases/OCS - MOBILE/CALL- SHIPPING TO PAYMENT' successfully

2019-06-28 15:34:50 - [TEST_CASE][PASSED] - Test Cases/OCS - MOBILE/CALL- SHIPPING TO PAYMENT: Test Cases/OCS - MOBILE/CALL- SHIPPING TO PAYMENT

2019-06-28 15:34:50 - [TEST_STEP][NOT_RUN] - executeJavaScript("var previewBar = document.getElementById("preview-bar-iframe"); previewBar.style.display = "none";", []): NOT_RUN: executeJavaScript("var previewBar = document.getElementById("preview-bar-iframe"); previewBar.style.display = "none";", [])

2019-06-28 15:34:50 - [MESSAGE][NOT_RUN] - NOT_RUN: executeJavaScript("var previewBar = document.getElementById("preview-bar-iframe"); previewBar.style.display = "none";", [])

2019-06-28 15:34:50 - [TEST_STEP][PASSED] - delay(2): Delayed 2 second(s)

2019-06-28 15:34:52 - [MESSAGE][PASSED] - Delayed 2 second(s)

2019-06-28 15:34:52 - [TEST_STEP][PASSED] - setText(findTestObject("OCS- FRENCH/Page_Ontario Cannabis Store - Infor/input_Adresse e-mail_checkoute"), "suman@gmail.com"): Text 'suman@gmail.com' is set on object 'Object Repository/OCS- FRENCH/Page_Ontario Cannabis Store - Infor/input_Adresse e-mail_checkoute'

2019-06-28 15:34:52 - [MESSAGE][PASSED] - Text 'suman@gmail.com' is set on object 'Object Repository/OCS- FRENCH/Page_Ontario Cannabis Store - Infor/input_Adresse e-mail_checkoute'

2019-06-28 15:34:52 - [TEST_STEP][PASSED] - delay(2): Delayed 2 second(s)

2019-06-28 15:34:54 - [MESSAGE][PASSED] - Delayed 2 second(s)

2019-06-28 15:34:54 - [TEST_STEP][PASSED] - setText(findTestObject("Object Repository/OCS- FRENCH/Page_Ontario Cannabis Store - Infor/input_Prnom_checkoutshipping_a"), "suman"): Text 'suman' is set on object 'Object Repository/OCS- FRENCH/Page_Ontario Cannabis Store - Infor/input_Prnom_checkoutshipping_a'

2019-06-28 15:34:54 - [MESSAGE][PASSED] - Text 'suman' is set on object 'Object Repository/OCS- FRENCH/Page_Ontario Cannabis Store - Infor/input_Prnom_checkoutshipping_a'

2019-06-28 15:34:54 - [TEST_STEP][PASSED] - delay(2): Delayed 2 second(s)

2019-06-28 15:34:56 - [MESSAGE][PASSED] - Delayed 2 second(s)

2019-06-28 15:34:56 - [TEST_STEP][PASSED] - setText(findTestObject("Object Repository/OCS- FRENCH/Page_Ontario Cannabis Store - Infor/input_Nom_checkoutshipping_add"), "test12"): Text 'test12' is set on object 'Object Repository/OCS- FRENCH/Page_Ontario Cannabis Store - Infor/input_Nom_checkoutshipping_add'

2019-06-28 15:34:56 - [MESSAGE][PASSED] - Text 'test12' is set on object 'Object Repository/OCS- FRENCH/Page_Ontario Cannabis Store - Infor/input_Nom_checkoutshipping_add'

2019-06-28 15:34:56 - [TEST_STEP][PASSED] - delay(2): Delayed 2 second(s)

2019-06-28 15:34:58 - [MESSAGE][PASSED] - Delayed 2 second(s)

2019-06-28 15:34:58 - [TEST_STEP][PASSED] - setText(findTestObject("Object Repository/OCS- FRENCH/Page_Ontario Cannabis Store - Infor/input_Adresse_checkoutshipping"), "test12"): Text 'test12' is set on object 'Object Repository/OCS- FRENCH/Page_Ontario Cannabis Store - Infor/input_Adresse_checkoutshipping'

2019-06-28 15:34:58 - [MESSAGE][PASSED] - Text 'test12' is set on object 'Object Repository/OCS- FRENCH/Page_Ontario Cannabis Store - Infor/input_Adresse_checkoutshipping'

2019-06-28 15:34:58 - [TEST_STEP][PASSED] - delay(2): Delayed 2 second(s)

2019-06-28 15:35:00 - [MESSAGE][PASSED] - Delayed 2 second(s)

2019-06-28 15:35:00 - [TEST_STEP][PASSED] - setText(findTestObject("Object Repository/OCS- FRENCH/Page_Ontario Cannabis Store - Infor/input_Appartement suite etc. ("), "12"): Text '12' is set on object 'Object Repository/OCS- FRENCH/Page_Ontario Cannabis Store - Infor/input_Appartement suite etc. ('

2019-06-28 15:35:00 - [MESSAGE][PASSED] - Text '12' is set on object 'Object Repository/OCS- FRENCH/Page_Ontario Cannabis Store - Infor/input_Appartement suite etc. ('

2019-06-28 15:35:00 - [TEST_STEP][PASSED] - delay(2): Delayed 2 second(s)

2019-06-28 15:35:02 - [MESSAGE][PASSED] - Delayed 2 second(s)

2019-06-28 15:35:02 - [TEST_STEP][PASSED] - setText(findTestObject("Object Repository/OCS- FRENCH/Page_Ontario Cannabis Store - Infor/input_Ville_checkoutshipping_a"), "montreal"): Text 'montreal' is set on object 'Object Repository/OCS- FRENCH/Page_Ontario Cannabis Store - Infor/input_Ville_checkoutshipping_a'

2019-06-28 15:35:03 - [MESSAGE][PASSED] - Text 'montreal' is set on object 'Object Repository/OCS- FRENCH/Page_Ontario Cannabis Store - Infor/input_Ville_checkoutshipping_a'

2019-06-28 15:35:03 - [TEST_STEP][PASSED] - delay(2): Delayed 2 second(s)

2019-06-28 15:35:05 - [MESSAGE][PASSED] - Delayed 2 second(s)

2019-06-28 15:35:05 - [TEST_STEP][PASSED] - setText(findTestObject("Object Repository/OCS- FRENCH/Page_Ontario Cannabis Store - Infor/input_Code postal_checkoutship"), "n0r1k0"): Text 'n0r1k0' is set on object 'Object Repository/OCS- FRENCH/Page_Ontario Cannabis Store - Infor/input_Code postal_checkoutship'

2019-06-28 15:35:05 - [MESSAGE][PASSED] - Text 'n0r1k0' is set on object 'Object Repository/OCS- FRENCH/Page_Ontario Cannabis Store - Infor/input_Code postal_checkoutship'

2019-06-28 15:35:05 - [TEST_STEP][PASSED] - delay(2): Delayed 2 second(s)

2019-06-28 15:35:07 - [MESSAGE][PASSED] - Delayed 2 second(s)

2019-06-28 15:35:07 - [TEST_STEP][PASSED] - setText(findTestObject("Object Repository/OCS- FRENCH/Page_Ontario Cannabis Store - Infor/input_Tlphone_checkoutshipping"), "514-449-3883"): Text '514-449-3883' is set on object 'Object Repository/OCS- FRENCH/Page_Ontario Cannabis Store - Infor/input_Tlphone_checkoutshipping'

2019-06-28 15:35:07 - [MESSAGE][PASSED] - Text '514-449-3883' is set on object 'Object Repository/OCS- FRENCH/Page_Ontario Cannabis Store - Infor/input_Tlphone_checkoutshipping'

2019-06-28 15:35:07 - [TEST_STEP][PASSED] - delay(2): Delayed 2 second(s)

2019-06-28 15:35:09 - [MESSAGE][PASSED] - Delayed 2 second(s)

2019-06-28 15:35:09 - [TEST_STEP][PASSED] - click(findTestObject("Object Repository/OCS- FRENCH/Page_Ontario Cannabis Store - Infor/button_Continuer vers le mode")): Object: 'Object Repository/OCS- FRENCH/Page_Ontario Cannabis Store - Infor/button_Continuer vers le mode' is clicked on

2019-06-28 15:35:09 - [MESSAGE][PASSED] - Object: 'Object Repository/OCS- FRENCH/Page_Ontario Cannabis Store - Infor/button_Continuer vers le mode' is clicked on

2019-06-28 15:35:09 - [TEST_STEP][PASSED] - delay(2): Delayed 2 second(s)

2019-06-28 15:35:11 - [MESSAGE][PASSED] - Delayed 2 second(s)

2019-06-28 15:35:11 - [TEST_STEP][NOT_RUN] - executeJavaScript("var previewBar = document.getElementById("preview-bar-iframe"); previewBar.style.display = "none";", []): NOT_RUN: executeJavaScript("var previewBar = document.getElementById("preview-bar-iframe"); previewBar.style.display = "none";", [])

2019-06-28 15:35:11 - [MESSAGE][NOT_RUN] - NOT_RUN: executeJavaScript("var previewBar = document.getElementById("preview-bar-iframe"); previewBar.style.display = "none";", [])

2019-06-28 15:35:11 - [TEST_STEP][PASSED] - delay(2): Delayed 2 second(s)

2019-06-28 15:35:13 - [MESSAGE][PASSED] - Delayed 2 second(s)

2019-06-28 15:35:13 - [TEST_STEP][PASSED] - click(findTestObject("Object Repository/OCS- FRENCH/Page_Ontario Cannabis Store - Livra/button_Continuer vers le moyen")): Object: 'Object Repository/OCS- FRENCH/Page_Ontario Cannabis Store - Livra/button_Continuer vers le moyen' is clicked on

2019-06-28 15:35:16 - [MESSAGE][PASSED] - Object: 'Object Repository/OCS- FRENCH/Page_Ontario Cannabis Store - Livra/button_Continuer vers le moyen' is clicked on

2019-06-28 15:35:16 - [MESSAGE][PASSED] - Call Test Case 'Test Cases/OCS - MOBILE/CALL- SHIPPING TO PAYMENT' successfully]]></system-out>
         <system-err><![CDATA[]]></system-err>
      </testcase>
      <testcase name="Test Cases/OCS- FRENCH/CRITICAL PATH/cart page - decrease qty - fr" classname="Test Cases/OCS- FRENCH/CRITICAL PATH/cart page - decrease qty - fr" status="FAILED">
         <failure type="FAILED" message="Test Cases/OCS- FRENCH/CRITICAL PATH/cart page - decrease qty - fr FAILED.
Reason:
com.kms.katalon.core.exception.StepFailedException: Unable to click on object 'Object Repository/OCS-MOBILE /Product page/Quantity Increase - Button' (Root cause: org.openqa.selenium.WebDriverException: unknown error: Element &lt;button tabindex=&quot;0&quot; role=&quot;button&quot; aria-role=&quot;button&quot; class=&quot;counter__increment&quot; aria-describedby=&quot;increment_product&quot;>...&lt;/button> is not clickable at point (185, 655). Other element would receive the click: &lt;a href=&quot;#&quot; class=&quot;btn btn--outline full-width js-close-flyout cart__continue-shopping&quot; aria-role=&quot;button&quot;>...&lt;/a>
  (Session info: chrome=75.0.3770.100)
  (Driver info: chromedriver=2.43.600229 (3fae4d0cda5334b4f533bede5a4787f7b832d052),platform=Mac OS X 10.13.6 x86_64) (WARNING: The server did not provide any stacktrace information)
Command duration or timeout: 0 milliseconds
Build info: version: '3.7.1', revision: '8a0099a', time: '2017-11-06T21:07:36.161Z'
System info: host: 'sumans-MacBook-Pro.local', ip: 'fe80:0:0:0:14f6:8d5f:4e59:4e6f%en0', os.name: 'Mac OS X', os.arch: 'x86_64', os.version: '10.13.6', java.version: '1.8.0_181'
Driver info: com.kms.katalon.selenium.driver.CChromeDriver
Capabilities {acceptInsecureCerts: false, acceptSslCerts: false, applicationCacheEnabled: false, browserConnectionEnabled: false, browserName: chrome, chrome: {chromedriverVersion: 2.43.600229 (3fae4d0cda5334..., userDataDir: /var/folders/1t/c55l8xzs6gq...}, cssSelectorsEnabled: true, databaseEnabled: false, goog:chromeOptions: {debuggerAddress: localhost:64321}, handlesAlerts: true, hasTouchScreen: false, javascriptEnabled: true, locationContextEnabled: true, mobileEmulationEnabled: false, nativeEvents: true, networkConnectionEnabled: false, pageLoadStrategy: normal, platform: MAC, platformName: MAC, rotatable: false, setWindowRect: true, takesHeapSnapshot: true, takesScreenshot: true, unexpectedAlertBehaviour: , unhandledPromptBehavior: , version: 75.0.3770.100, webStorageEnabled: true}
Session ID: 63f5379c1cf35c57ac3ca4ad760451f4)
	at com.kms.katalon.core.keyword.internal.KeywordMain.stepFailed(KeywordMain.groovy:36)
	at com.kms.katalon.core.webui.keyword.internal.WebUIKeywordMain.stepFailed(WebUIKeywordMain.groovy:65)
	at com.kms.katalon.core.webui.keyword.internal.WebUIKeywordMain.runKeyword(WebUIKeywordMain.groovy:27)
	at com.kms.katalon.core.webui.keyword.builtin.ClickKeyword.click(ClickKeyword.groovy:86)
	at com.kms.katalon.core.webui.keyword.builtin.ClickKeyword.execute(ClickKeyword.groovy:67)
	at com.kms.katalon.core.keyword.internal.KeywordExecutor.executeKeywordForPlatform(KeywordExecutor.groovy:53)
	at com.kms.katalon.core.webui.keyword.WebUiBuiltInKeywords.click(WebUiBuiltInKeywords.groovy:616)
	at com.kms.katalon.core.webui.keyword.WebUiBuiltInKeywords$click$3.call(Unknown Source)
	at cart page - decrease qty - fr.run(cart page - decrease qty - fr:60)
	at com.kms.katalon.core.main.ScriptEngine.run(ScriptEngine.java:194)
	at com.kms.katalon.core.main.ScriptEngine.runScriptAsRawText(ScriptEngine.java:119)
	at com.kms.katalon.core.main.TestCaseExecutor.runScript(TestCaseExecutor.java:328)
	at com.kms.katalon.core.main.TestCaseExecutor.doExecute(TestCaseExecutor.java:319)
	at com.kms.katalon.core.main.TestCaseExecutor.processExecutionPhase(TestCaseExecutor.java:298)
	at com.kms.katalon.core.main.TestCaseExecutor.accessMainPhase(TestCaseExecutor.java:290)
	at com.kms.katalon.core.main.TestCaseExecutor.execute(TestCaseExecutor.java:224)
	at com.kms.katalon.core.main.TestSuiteExecutor.accessTestCaseMainPhase(TestSuiteExecutor.java:129)
	at com.kms.katalon.core.main.TestSuiteExecutor.accessTestSuiteMainPhase(TestSuiteExecutor.java:112)
	at com.kms.katalon.core.main.TestSuiteExecutor.execute(TestSuiteExecutor.java:81)
	at com.kms.katalon.core.main.TestCaseMain.startTestSuite(TestCaseMain.java:149)
	at com.kms.katalon.core.main.TestCaseMain$startTestSuite$0.call(Unknown Source)
	at TempTestSuite1561749522497.run(TempTestSuite1561749522497.groovy:36)
"/>
         <system-out><![CDATA[2019-06-28 15:35:16 - [TEST_CASE][FAILED] - Test Cases/OCS- FRENCH/CRITICAL PATH/cart page - decrease qty - fr: Test Cases/OCS- FRENCH/CRITICAL PATH/cart page - decrease qty - fr FAILED.
Reason:
com.kms.katalon.core.exception.StepFailedException: Unable to click on object 'Object Repository/OCS-MOBILE /Product page/Quantity Increase - Button' (Root cause: org.openqa.selenium.WebDriverException: unknown error: Element <button tabindex="0" role="button" aria-role="button" class="counter__increment" aria-describedby="increment_product">...</button> is not clickable at point (185, 655). Other element would receive the click: <a href="#" class="btn btn--outline full-width js-close-flyout cart__continue-shopping" aria-role="button">...</a>
  (Session info: chrome=75.0.3770.100)
  (Driver info: chromedriver=2.43.600229 (3fae4d0cda5334b4f533bede5a4787f7b832d052),platform=Mac OS X 10.13.6 x86_64) (WARNING: The server did not provide any stacktrace information)
Command duration or timeout: 0 milliseconds
Build info: version: '3.7.1', revision: '8a0099a', time: '2017-11-06T21:07:36.161Z'
System info: host: 'sumans-MacBook-Pro.local', ip: 'fe80:0:0:0:14f6:8d5f:4e59:4e6f%en0', os.name: 'Mac OS X', os.arch: 'x86_64', os.version: '10.13.6', java.version: '1.8.0_181'
Driver info: com.kms.katalon.selenium.driver.CChromeDriver
Capabilities {acceptInsecureCerts: false, acceptSslCerts: false, applicationCacheEnabled: false, browserConnectionEnabled: false, browserName: chrome, chrome: {chromedriverVersion: 2.43.600229 (3fae4d0cda5334..., userDataDir: /var/folders/1t/c55l8xzs6gq...}, cssSelectorsEnabled: true, databaseEnabled: false, goog:chromeOptions: {debuggerAddress: localhost:64321}, handlesAlerts: true, hasTouchScreen: false, javascriptEnabled: true, locationContextEnabled: true, mobileEmulationEnabled: false, nativeEvents: true, networkConnectionEnabled: false, pageLoadStrategy: normal, platform: MAC, platformName: MAC, rotatable: false, setWindowRect: true, takesHeapSnapshot: true, takesScreenshot: true, unexpectedAlertBehaviour: , unhandledPromptBehavior: , version: 75.0.3770.100, webStorageEnabled: true}
Session ID: 63f5379c1cf35c57ac3ca4ad760451f4)
	at com.kms.katalon.core.keyword.internal.KeywordMain.stepFailed(KeywordMain.groovy:36)
	at com.kms.katalon.core.webui.keyword.internal.WebUIKeywordMain.stepFailed(WebUIKeywordMain.groovy:65)
	at com.kms.katalon.core.webui.keyword.internal.WebUIKeywordMain.runKeyword(WebUIKeywordMain.groovy:27)
	at com.kms.katalon.core.webui.keyword.builtin.ClickKeyword.click(ClickKeyword.groovy:86)
	at com.kms.katalon.core.webui.keyword.builtin.ClickKeyword.execute(ClickKeyword.groovy:67)
	at com.kms.katalon.core.keyword.internal.KeywordExecutor.executeKeywordForPlatform(KeywordExecutor.groovy:53)
	at com.kms.katalon.core.webui.keyword.WebUiBuiltInKeywords.click(WebUiBuiltInKeywords.groovy:616)
	at com.kms.katalon.core.webui.keyword.WebUiBuiltInKeywords$click$3.call(Unknown Source)
	at cart page - decrease qty - fr.run(cart page - decrease qty - fr:60)
	at com.kms.katalon.core.main.ScriptEngine.run(ScriptEngine.java:194)
	at com.kms.katalon.core.main.ScriptEngine.runScriptAsRawText(ScriptEngine.java:119)
	at com.kms.katalon.core.main.TestCaseExecutor.runScript(TestCaseExecutor.java:328)
	at com.kms.katalon.core.main.TestCaseExecutor.doExecute(TestCaseExecutor.java:319)
	at com.kms.katalon.core.main.TestCaseExecutor.processExecutionPhase(TestCaseExecutor.java:298)
	at com.kms.katalon.core.main.TestCaseExecutor.accessMainPhase(TestCaseExecutor.java:290)
	at com.kms.katalon.core.main.TestCaseExecutor.execute(TestCaseExecutor.java:224)
	at com.kms.katalon.core.main.TestSuiteExecutor.accessTestCaseMainPhase(TestSuiteExecutor.java:129)
	at com.kms.katalon.core.main.TestSuiteExecutor.accessTestSuiteMainPhase(TestSuiteExecutor.java:112)
	at com.kms.katalon.core.main.TestSuiteExecutor.execute(TestSuiteExecutor.java:81)
	at com.kms.katalon.core.main.TestCaseMain.startTestSuite(TestCaseMain.java:149)
	at com.kms.katalon.core.main.TestCaseMain$startTestSuite$0.call(Unknown Source)
	at TempTestSuite1561749522497.run(TempTestSuite1561749522497.groovy:36)


2019-06-28 15:35:16 - [TEST_STEP][PASSED] - callTestCase(findTestCase("OCS - MOBILE/CALL - AGE GATE"), [:], STOP_ON_FAILURE): Call Test Case 'Test Cases/OCS - MOBILE/CALL - AGE GATE' successfully

2019-06-28 15:35:16 - [TEST_CASE][PASSED] - Test Cases/OCS - MOBILE/CALL - AGE GATE: Test Cases/OCS - MOBILE/CALL - AGE GATE

2019-06-28 15:35:16 - [TEST_STEP][PASSED] - openBrowser(""): Browser is opened with url: ''

2019-06-28 15:35:16 - [MESSAGE][WARNING] - A browser is already opened. Closing browser and opening a new one

2019-06-28 15:35:16 - [MESSAGE][INFO] - Starting 'Chrome' driver

2019-06-28 15:35:17 - [MESSAGE][PASSED] - Browser is opened with url: ''

2019-06-28 15:35:17 - [TEST_STEP][PASSED] - navigateToUrl("ocs.ca"): Navigate to 'http://ocs.ca' successfully

2019-06-28 15:35:22 - [MESSAGE][PASSED] - Navigate to 'http://ocs.ca' successfully

2019-06-28 15:35:22 - [TEST_STEP][NOT_RUN] - executeJavaScript("var previewBar = document.getElementById("preview-bar-iframe"); previewBar.style.display = "none";", []): NOT_RUN: executeJavaScript("var previewBar = document.getElementById("preview-bar-iframe"); previewBar.style.display = "none";", [])

2019-06-28 15:35:22 - [MESSAGE][NOT_RUN] - NOT_RUN: executeJavaScript("var previewBar = document.getElementById("preview-bar-iframe"); previewBar.style.display = "none";", [])

2019-06-28 15:35:22 - [TEST_STEP][PASSED] - setViewPortSize(360, 800): Viewport is set to new size with width = 360 and height = 800

2019-06-28 15:35:22 - [MESSAGE][PASSED] - Viewport is set to new size with width = 360 and height = 800

2019-06-28 15:35:22 - [TEST_STEP][PASSED] - delay(4): Delayed 4 second(s)

2019-06-28 15:35:26 - [MESSAGE][PASSED] - Delayed 4 second(s)

2019-06-28 15:35:26 - [TEST_STEP][PASSED] - selectOptionByValue(findTestObject("OCS-MOBILE /Age gate and burger menu/Date"), "12", true): All options with value '12' are selected in object 'Object Repository/OCS-MOBILE /Age gate and burger menu/Date'  using regular expression

2019-06-28 15:35:26 - [MESSAGE][PASSED] - All options with value '12' are selected in object 'Object Repository/OCS-MOBILE /Age gate and burger menu/Date'  using regular expression

2019-06-28 15:35:26 - [TEST_STEP][PASSED] - selectOptionByValue(findTestObject("OCS-MOBILE /Age gate and burger menu/month"), "6", true): All options with value '6' are selected in object 'Object Repository/OCS-MOBILE /Age gate and burger menu/month'  using regular expression

2019-06-28 15:35:26 - [MESSAGE][PASSED] - All options with value '6' are selected in object 'Object Repository/OCS-MOBILE /Age gate and burger menu/month'  using regular expression

2019-06-28 15:35:26 - [TEST_STEP][PASSED] - delay(2): Delayed 2 second(s)

2019-06-28 15:35:28 - [MESSAGE][PASSED] - Delayed 2 second(s)

2019-06-28 15:35:28 - [TEST_STEP][PASSED] - selectOptionByValue(findTestObject("OCS-MOBILE /Age gate and burger menu/Year Dropdown"), "1990", true): All options with value '1990' are selected in object 'Object Repository/OCS-MOBILE /Age gate and burger menu/Year Dropdown'  using regular expression

2019-06-28 15:35:29 - [MESSAGE][PASSED] - All options with value '1990' are selected in object 'Object Repository/OCS-MOBILE /Age gate and burger menu/Year Dropdown'  using regular expression

2019-06-28 15:35:29 - [TEST_STEP][PASSED] - click(findTestObject("OCS-MOBILE /Age gate and Mega menu/button_Verify")): Object: 'Object Repository/OCS-MOBILE /Age gate and Mega menu/button_Verify' is clicked on

2019-06-28 15:35:29 - [MESSAGE][PASSED] - Object: 'Object Repository/OCS-MOBILE /Age gate and Mega menu/button_Verify' is clicked on

2019-06-28 15:35:29 - [TEST_STEP][PASSED] - click(findTestObject("OCS-MOBILE /Age gate and Mega menu/Checkbox_CONFIRM AND ACKNOWLEDGE")): Object: 'Object Repository/OCS-MOBILE /Age gate and Mega menu/Checkbox_CONFIRM AND ACKNOWLEDGE' is clicked on

2019-06-28 15:35:29 - [MESSAGE][PASSED] - Object: 'Object Repository/OCS-MOBILE /Age gate and Mega menu/Checkbox_CONFIRM AND ACKNOWLEDGE' is clicked on

2019-06-28 15:35:29 - [TEST_STEP][PASSED] - click(findTestObject("OCS-MOBILE /Age gate and Mega menu/button_CONFIRM")): Object: 'Object Repository/OCS-MOBILE /Age gate and Mega menu/button_CONFIRM' is clicked on

2019-06-28 15:35:29 - [MESSAGE][PASSED] - Object: 'Object Repository/OCS-MOBILE /Age gate and Mega menu/button_CONFIRM' is clicked on

2019-06-28 15:35:29 - [TEST_STEP][PASSED] - click(findTestObject("OCS-MOBILE /Age gate and Mega menu/button_Start Browsing")): Object: 'Object Repository/OCS-MOBILE /Age gate and Mega menu/button_Start Browsing' is clicked on

2019-06-28 15:35:30 - [MESSAGE][PASSED] - Object: 'Object Repository/OCS-MOBILE /Age gate and Mega menu/button_Start Browsing' is clicked on

2019-06-28 15:35:30 - [TEST_STEP][PASSED] - refresh(): Refresh successfully

2019-06-28 15:35:32 - [MESSAGE][PASSED] - Refresh successfully

2019-06-28 15:35:32 - [TEST_STEP][NOT_RUN] - executeJavaScript("var previewBar = document.getElementById("preview-bar-iframe"); previewBar.style.display = "none";", []): NOT_RUN: executeJavaScript("var previewBar = document.getElementById("preview-bar-iframe"); previewBar.style.display = "none";", [])

2019-06-28 15:35:32 - [MESSAGE][NOT_RUN] - NOT_RUN: executeJavaScript("var previewBar = document.getElementById("preview-bar-iframe"); previewBar.style.display = "none";", [])

2019-06-28 15:35:32 - [MESSAGE][PASSED] - Call Test Case 'Test Cases/OCS - MOBILE/CALL - AGE GATE' successfully

2019-06-28 15:35:32 - [TEST_STEP][PASSED] - callTestCase(findTestCase("OCS - MOBILE/CALL- TOGGLING LANGUAGE"), [:], STOP_ON_FAILURE): Call Test Case 'Test Cases/OCS - MOBILE/CALL- TOGGLING LANGUAGE' successfully

2019-06-28 15:35:32 - [TEST_CASE][PASSED] - Test Cases/OCS - MOBILE/CALL- TOGGLING LANGUAGE: Test Cases/OCS - MOBILE/CALL- TOGGLING LANGUAGE

2019-06-28 15:35:32 - [TEST_STEP][PASSED] - delay(2): Delayed 2 second(s)

2019-06-28 15:35:34 - [MESSAGE][PASSED] - Delayed 2 second(s)

2019-06-28 15:35:34 - [TEST_STEP][PASSED] - click(findTestObject("OCS-MOBILE /Age gate and burger menu/Burger menu - English")): Object: 'Object Repository/OCS-MOBILE /Age gate and burger menu/Burger menu - English' is clicked on

2019-06-28 15:35:34 - [MESSAGE][PASSED] - Object: 'Object Repository/OCS-MOBILE /Age gate and burger menu/Burger menu - English' is clicked on

2019-06-28 15:35:34 - [TEST_STEP][PASSED] - delay(2): Delayed 2 second(s)

2019-06-28 15:35:36 - [MESSAGE][PASSED] - Delayed 2 second(s)

2019-06-28 15:35:36 - [TEST_STEP][PASSED] - click(findTestObject("OCS-MOBILE /Cart flyout/English dropdown")): Object: 'Object Repository/OCS-MOBILE /Cart flyout/English dropdown' is clicked on

2019-06-28 15:35:36 - [MESSAGE][PASSED] - Object: 'Object Repository/OCS-MOBILE /Cart flyout/English dropdown' is clicked on

2019-06-28 15:35:36 - [TEST_STEP][PASSED] - delay(2): Delayed 2 second(s)

2019-06-28 15:35:38 - [MESSAGE][PASSED] - Delayed 2 second(s)

2019-06-28 15:35:38 - [TEST_STEP][NOT_RUN] - executeJavaScript("var previewBar = document.getElementById("preview-bar-iframe"); previewBar.style.display = "none";", []): NOT_RUN: executeJavaScript("var previewBar = document.getElementById("preview-bar-iframe"); previewBar.style.display = "none";", [])

2019-06-28 15:35:38 - [MESSAGE][NOT_RUN] - NOT_RUN: executeJavaScript("var previewBar = document.getElementById("preview-bar-iframe"); previewBar.style.display = "none";", [])

2019-06-28 15:35:38 - [TEST_STEP][PASSED] - click(findTestObject("OCS-MOBILE /Cart flyout/Select French")): Object: 'Object Repository/OCS-MOBILE /Cart flyout/Select French' is clicked on

2019-06-28 15:35:38 - [MESSAGE][PASSED] - Object: 'Object Repository/OCS-MOBILE /Cart flyout/Select French' is clicked on

2019-06-28 15:35:38 - [MESSAGE][PASSED] - Call Test Case 'Test Cases/OCS - MOBILE/CALL- TOGGLING LANGUAGE' successfully

2019-06-28 15:35:38 - [TEST_STEP][PASSED] - delay(2): Delayed 2 second(s)

2019-06-28 15:35:40 - [MESSAGE][PASSED] - Delayed 2 second(s)

2019-06-28 15:35:40 - [TEST_STEP][PASSED] - click(findTestObject("OCS-MOBILE /Age gate and burger menu/Burger menu - English")): Object: 'Object Repository/OCS-MOBILE /Age gate and burger menu/Burger menu - English' is clicked on

2019-06-28 15:35:42 - [MESSAGE][PASSED] - Object: 'Object Repository/OCS-MOBILE /Age gate and burger menu/Burger menu - English' is clicked on

2019-06-28 15:35:42 - [TEST_STEP][PASSED] - delay(2): Delayed 2 second(s)

2019-06-28 15:35:44 - [MESSAGE][PASSED] - Delayed 2 second(s)

2019-06-28 15:35:44 - [TEST_STEP][PASSED] - click(findTestObject("OCS-MOBILE /Age gate and burger menu/Chevron_Cannabis")): Object: 'Object Repository/OCS-MOBILE /Age gate and burger menu/Chevron_Cannabis' is clicked on

2019-06-28 15:35:44 - [MESSAGE][PASSED] - Object: 'Object Repository/OCS-MOBILE /Age gate and burger menu/Chevron_Cannabis' is clicked on

2019-06-28 15:35:44 - [TEST_STEP][PASSED] - delay(2): Delayed 2 second(s)

2019-06-28 15:35:46 - [MESSAGE][PASSED] - Delayed 2 second(s)

2019-06-28 15:35:46 - [TEST_STEP][PASSED] - click(findTestObject("OCS-MOBILE /Age gate and burger menu/Dried Flower_Plus icon")): Object: 'Object Repository/OCS-MOBILE /Age gate and burger menu/Dried Flower_Plus icon' is clicked on

2019-06-28 15:35:46 - [MESSAGE][PASSED] - Object: 'Object Repository/OCS-MOBILE /Age gate and burger menu/Dried Flower_Plus icon' is clicked on

2019-06-28 15:35:46 - [TEST_STEP][PASSED] - delay(2): Delayed 2 second(s)

2019-06-28 15:35:48 - [MESSAGE][PASSED] - Delayed 2 second(s)

2019-06-28 15:35:48 - [TEST_STEP][PASSED] - click(findTestObject("OCS- FRENCH/Indica Dominant_Menu item")): Object: 'Object Repository/OCS- FRENCH/Indica Dominant_Menu item' is clicked on

2019-06-28 15:35:50 - [MESSAGE][PASSED] - Object: 'Object Repository/OCS- FRENCH/Indica Dominant_Menu item' is clicked on

2019-06-28 15:35:50 - [TEST_STEP][NOT_RUN] - executeJavaScript("var previewBar = document.getElementById("preview-bar-iframe"); previewBar.style.display = "none";", []): NOT_RUN: executeJavaScript("var previewBar = document.getElementById("preview-bar-iframe"); previewBar.style.display = "none";", [])

2019-06-28 15:35:50 - [MESSAGE][NOT_RUN] - NOT_RUN: executeJavaScript("var previewBar = document.getElementById("preview-bar-iframe"); previewBar.style.display = "none";", [])

2019-06-28 15:35:50 - [TEST_STEP][PASSED] - delay(2): Delayed 2 second(s)

2019-06-28 15:35:52 - [MESSAGE][PASSED] - Delayed 2 second(s)

2019-06-28 15:35:52 - [TEST_STEP][PASSED] - click(findTestObject("OCS- FRENCH/Product image - 1st one")): Object: 'Object Repository/OCS- FRENCH/Product image - 1st one' is clicked on

2019-06-28 15:35:55 - [MESSAGE][PASSED] - Object: 'Object Repository/OCS- FRENCH/Product image - 1st one' is clicked on

2019-06-28 15:35:55 - [TEST_STEP][NOT_RUN] - executeJavaScript("var previewBar = document.getElementById("preview-bar-iframe"); previewBar.style.display = "none";", []): NOT_RUN: executeJavaScript("var previewBar = document.getElementById("preview-bar-iframe"); previewBar.style.display = "none";", [])

2019-06-28 15:35:55 - [MESSAGE][NOT_RUN] - NOT_RUN: executeJavaScript("var previewBar = document.getElementById("preview-bar-iframe"); previewBar.style.display = "none";", [])

2019-06-28 15:35:55 - [TEST_STEP][PASSED] - delay(2): Delayed 2 second(s)

2019-06-28 15:35:57 - [MESSAGE][PASSED] - Delayed 2 second(s)

2019-06-28 15:35:57 - [TEST_STEP][PASSED] - click(findTestObject("OCS-MOBILE /Product page/Swatch_1g")): Object: 'Object Repository/OCS-MOBILE /Product page/Swatch_1g' is clicked on

2019-06-28 15:35:57 - [MESSAGE][PASSED] - Object: 'Object Repository/OCS-MOBILE /Product page/Swatch_1g' is clicked on

2019-06-28 15:35:57 - [TEST_STEP][PASSED] - delay(2): Delayed 2 second(s)

2019-06-28 15:35:59 - [MESSAGE][PASSED] - Delayed 2 second(s)

2019-06-28 15:35:59 - [TEST_STEP][PASSED] - click(findTestObject("OCS-MOBILE /Product page/Add to Bag-button")): Object: 'Object Repository/OCS-MOBILE /Product page/Add to Bag-button' is clicked on

2019-06-28 15:35:59 - [MESSAGE][PASSED] - Object: 'Object Repository/OCS-MOBILE /Product page/Add to Bag-button' is clicked on

2019-06-28 15:35:59 - [TEST_STEP][PASSED] - delay(4): Delayed 4 second(s)

2019-06-28 15:36:03 - [MESSAGE][PASSED] - Delayed 4 second(s)

2019-06-28 15:36:03 - [TEST_STEP][NOT_RUN] - click(findTestObject("OCS-MOBILE /Home - page/Cart icon -bag")): NOT_RUN: click(findTestObject("OCS-MOBILE /Home - page/Cart icon -bag"))

2019-06-28 15:36:03 - [MESSAGE][NOT_RUN] - NOT_RUN: click(findTestObject("OCS-MOBILE /Home - page/Cart icon -bag"))

2019-06-28 15:36:03 - [TEST_STEP][PASSED] - delay(2): Delayed 2 second(s)

2019-06-28 15:36:05 - [MESSAGE][PASSED] - Delayed 2 second(s)

2019-06-28 15:36:05 - [TEST_STEP][FAILED] - click(findTestObject("OCS-MOBILE /Product page/Quantity Increase - Button")): click(findTestObject("OCS-MOBILE /Product page/Quantity Increase - Button")) FAILED.
Reason:
com.kms.katalon.core.exception.StepFailedException: Unable to click on object 'Object Repository/OCS-MOBILE /Product page/Quantity Increase - Button' (Root cause: org.openqa.selenium.WebDriverException: unknown error: Element <button tabindex="0" role="button" aria-role="button" class="counter__increment" aria-describedby="increment_product">...</button> is not clickable at point (185, 655). Other element would receive the click: <a href="#" class="btn btn--outline full-width js-close-flyout cart__continue-shopping" aria-role="button">...</a>
  (Session info: chrome=75.0.3770.100)
  (Driver info: chromedriver=2.43.600229 (3fae4d0cda5334b4f533bede5a4787f7b832d052),platform=Mac OS X 10.13.6 x86_64) (WARNING: The server did not provide any stacktrace information)
Command duration or timeout: 0 milliseconds
Build info: version: '3.7.1', revision: '8a0099a', time: '2017-11-06T21:07:36.161Z'
System info: host: 'sumans-MacBook-Pro.local', ip: 'fe80:0:0:0:14f6:8d5f:4e59:4e6f%en0', os.name: 'Mac OS X', os.arch: 'x86_64', os.version: '10.13.6', java.version: '1.8.0_181'
Driver info: com.kms.katalon.selenium.driver.CChromeDriver
Capabilities {acceptInsecureCerts: false, acceptSslCerts: false, applicationCacheEnabled: false, browserConnectionEnabled: false, browserName: chrome, chrome: {chromedriverVersion: 2.43.600229 (3fae4d0cda5334..., userDataDir: /var/folders/1t/c55l8xzs6gq...}, cssSelectorsEnabled: true, databaseEnabled: false, goog:chromeOptions: {debuggerAddress: localhost:64321}, handlesAlerts: true, hasTouchScreen: false, javascriptEnabled: true, locationContextEnabled: true, mobileEmulationEnabled: false, nativeEvents: true, networkConnectionEnabled: false, pageLoadStrategy: normal, platform: MAC, platformName: MAC, rotatable: false, setWindowRect: true, takesHeapSnapshot: true, takesScreenshot: true, unexpectedAlertBehaviour: , unhandledPromptBehavior: , version: 75.0.3770.100, webStorageEnabled: true}
Session ID: 63f5379c1cf35c57ac3ca4ad760451f4)
	at com.kms.katalon.core.keyword.internal.KeywordMain.stepFailed(KeywordMain.groovy:36)
	at com.kms.katalon.core.webui.keyword.internal.WebUIKeywordMain.stepFailed(WebUIKeywordMain.groovy:65)
	at com.kms.katalon.core.webui.keyword.internal.WebUIKeywordMain.runKeyword(WebUIKeywordMain.groovy:27)
	at com.kms.katalon.core.webui.keyword.builtin.ClickKeyword.click(ClickKeyword.groovy:86)
	at com.kms.katalon.core.webui.keyword.builtin.ClickKeyword.execute(ClickKeyword.groovy:67)
	at com.kms.katalon.core.keyword.internal.KeywordExecutor.executeKeywordForPlatform(KeywordExecutor.groovy:53)
	at com.kms.katalon.core.webui.keyword.WebUiBuiltInKeywords.click(WebUiBuiltInKeywords.groovy:616)
	at com.kms.katalon.core.webui.keyword.WebUiBuiltInKeywords$click$3.call(Unknown Source)
	at cart page - decrease qty - fr.run(cart page - decrease qty - fr:60)
	at com.kms.katalon.core.main.ScriptEngine.run(ScriptEngine.java:194)
	at com.kms.katalon.core.main.ScriptEngine.runScriptAsRawText(ScriptEngine.java:119)
	at com.kms.katalon.core.main.TestCaseExecutor.runScript(TestCaseExecutor.java:328)
	at com.kms.katalon.core.main.TestCaseExecutor.doExecute(TestCaseExecutor.java:319)
	at com.kms.katalon.core.main.TestCaseExecutor.processExecutionPhase(TestCaseExecutor.java:298)
	at com.kms.katalon.core.main.TestCaseExecutor.accessMainPhase(TestCaseExecutor.java:290)
	at com.kms.katalon.core.main.TestCaseExecutor.execute(TestCaseExecutor.java:224)
	at com.kms.katalon.core.main.TestSuiteExecutor.accessTestCaseMainPhase(TestSuiteExecutor.java:129)
	at com.kms.katalon.core.main.TestSuiteExecutor.accessTestSuiteMainPhase(TestSuiteExecutor.java:112)
	at com.kms.katalon.core.main.TestSuiteExecutor.execute(TestSuiteExecutor.java:81)
	at com.kms.katalon.core.main.TestCaseMain.startTestSuite(TestCaseMain.java:149)
	at com.kms.katalon.core.main.TestCaseMain$startTestSuite$0.call(Unknown Source)
	at TempTestSuite1561749522497.run(TempTestSuite1561749522497.groovy:36)


2019-06-28 15:36:06 - [MESSAGE][FAILED] - Unable to click on object 'Object Repository/OCS-MOBILE /Product page/Quantity Increase - Button' (Root cause: org.openqa.selenium.WebDriverException: unknown error: Element <button tabindex="0" role="button" aria-role="button" class="counter__increment" aria-describedby="increment_product">...</button> is not clickable at point (185, 655). Other element would receive the click: <a href="#" class="btn btn--outline full-width js-close-flyout cart__continue-shopping" aria-role="button">...</a>
  (Session info: chrome=75.0.3770.100)
  (Driver info: chromedriver=2.43.600229 (3fae4d0cda5334b4f533bede5a4787f7b832d052),platform=Mac OS X 10.13.6 x86_64) (WARNING: The server did not provide any stacktrace information)
Command duration or timeout: 0 milliseconds
Build info: version: '3.7.1', revision: '8a0099a', time: '2017-11-06T21:07:36.161Z'
System info: host: 'sumans-MacBook-Pro.local', ip: 'fe80:0:0:0:14f6:8d5f:4e59:4e6f%en0', os.name: 'Mac OS X', os.arch: 'x86_64', os.version: '10.13.6', java.version: '1.8.0_181'
Driver info: com.kms.katalon.selenium.driver.CChromeDriver
Capabilities {acceptInsecureCerts: false, acceptSslCerts: false, applicationCacheEnabled: false, browserConnectionEnabled: false, browserName: chrome, chrome: {chromedriverVersion: 2.43.600229 (3fae4d0cda5334..., userDataDir: /var/folders/1t/c55l8xzs6gq...}, cssSelectorsEnabled: true, databaseEnabled: false, goog:chromeOptions: {debuggerAddress: localhost:64321}, handlesAlerts: true, hasTouchScreen: false, javascriptEnabled: true, locationContextEnabled: true, mobileEmulationEnabled: false, nativeEvents: true, networkConnectionEnabled: false, pageLoadStrategy: normal, platform: MAC, platformName: MAC, rotatable: false, setWindowRect: true, takesHeapSnapshot: true, takesScreenshot: true, unexpectedAlertBehaviour: , unhandledPromptBehavior: , version: 75.0.3770.100, webStorageEnabled: true}
Session ID: 63f5379c1cf35c57ac3ca4ad760451f4)
[[ATTACHMENT|/Users/sumankompelly/Relative xpath-Mobile/Reports/Live site/20190628_151842/1561750565834.png]]

2019-06-28 15:36:06 - [MESSAGE][FAILED] - click(findTestObject("OCS-MOBILE /Product page/Quantity Increase - Button")) FAILED.
Reason:
com.kms.katalon.core.exception.StepFailedException: Unable to click on object 'Object Repository/OCS-MOBILE /Product page/Quantity Increase - Button' (Root cause: org.openqa.selenium.WebDriverException: unknown error: Element <button tabindex="0" role="button" aria-role="button" class="counter__increment" aria-describedby="increment_product">...</button> is not clickable at point (185, 655). Other element would receive the click: <a href="#" class="btn btn--outline full-width js-close-flyout cart__continue-shopping" aria-role="button">...</a>
  (Session info: chrome=75.0.3770.100)
  (Driver info: chromedriver=2.43.600229 (3fae4d0cda5334b4f533bede5a4787f7b832d052),platform=Mac OS X 10.13.6 x86_64) (WARNING: The server did not provide any stacktrace information)
Command duration or timeout: 0 milliseconds
Build info: version: '3.7.1', revision: '8a0099a', time: '2017-11-06T21:07:36.161Z'
System info: host: 'sumans-MacBook-Pro.local', ip: 'fe80:0:0:0:14f6:8d5f:4e59:4e6f%en0', os.name: 'Mac OS X', os.arch: 'x86_64', os.version: '10.13.6', java.version: '1.8.0_181'
Driver info: com.kms.katalon.selenium.driver.CChromeDriver
Capabilities {acceptInsecureCerts: false, acceptSslCerts: false, applicationCacheEnabled: false, browserConnectionEnabled: false, browserName: chrome, chrome: {chromedriverVersion: 2.43.600229 (3fae4d0cda5334..., userDataDir: /var/folders/1t/c55l8xzs6gq...}, cssSelectorsEnabled: true, databaseEnabled: false, goog:chromeOptions: {debuggerAddress: localhost:64321}, handlesAlerts: true, hasTouchScreen: false, javascriptEnabled: true, locationContextEnabled: true, mobileEmulationEnabled: false, nativeEvents: true, networkConnectionEnabled: false, pageLoadStrategy: normal, platform: MAC, platformName: MAC, rotatable: false, setWindowRect: true, takesHeapSnapshot: true, takesScreenshot: true, unexpectedAlertBehaviour: , unhandledPromptBehavior: , version: 75.0.3770.100, webStorageEnabled: true}
Session ID: 63f5379c1cf35c57ac3ca4ad760451f4)
	at com.kms.katalon.core.keyword.internal.KeywordMain.stepFailed(KeywordMain.groovy:36)
	at com.kms.katalon.core.webui.keyword.internal.WebUIKeywordMain.stepFailed(WebUIKeywordMain.groovy:65)
	at com.kms.katalon.core.webui.keyword.internal.WebUIKeywordMain.runKeyword(WebUIKeywordMain.groovy:27)
	at com.kms.katalon.core.webui.keyword.builtin.ClickKeyword.click(ClickKeyword.groovy:86)
	at com.kms.katalon.core.webui.keyword.builtin.ClickKeyword.execute(ClickKeyword.groovy:67)
	at com.kms.katalon.core.keyword.internal.KeywordExecutor.executeKeywordForPlatform(KeywordExecutor.groovy:53)
	at com.kms.katalon.core.webui.keyword.WebUiBuiltInKeywords.click(WebUiBuiltInKeywords.groovy:616)
	at com.kms.katalon.core.webui.keyword.WebUiBuiltInKeywords$click$3.call(Unknown Source)
	at cart page - decrease qty - fr.run(cart page - decrease qty - fr:60)
	at com.kms.katalon.core.main.ScriptEngine.run(ScriptEngine.java:194)
	at com.kms.katalon.core.main.ScriptEngine.runScriptAsRawText(ScriptEngine.java:119)
	at com.kms.katalon.core.main.TestCaseExecutor.runScript(TestCaseExecutor.java:328)
	at com.kms.katalon.core.main.TestCaseExecutor.doExecute(TestCaseExecutor.java:319)
	at com.kms.katalon.core.main.TestCaseExecutor.processExecutionPhase(TestCaseExecutor.java:298)
	at com.kms.katalon.core.main.TestCaseExecutor.accessMainPhase(TestCaseExecutor.java:290)
	at com.kms.katalon.core.main.TestCaseExecutor.execute(TestCaseExecutor.java:224)
	at com.kms.katalon.core.main.TestSuiteExecutor.accessTestCaseMainPhase(TestSuiteExecutor.java:129)
	at com.kms.katalon.core.main.TestSuiteExecutor.accessTestSuiteMainPhase(TestSuiteExecutor.java:112)
	at com.kms.katalon.core.main.TestSuiteExecutor.execute(TestSuiteExecutor.java:81)
	at com.kms.katalon.core.main.TestCaseMain.startTestSuite(TestCaseMain.java:149)
	at com.kms.katalon.core.main.TestCaseMain$startTestSuite$0.call(Unknown Source)
	at TempTestSuite1561749522497.run(TempTestSuite1561749522497.groovy:36)]]></system-out>
         <system-err><![CDATA[2019-06-28 15:35:16 - [TEST_CASE][FAILED] - Test Cases/OCS- FRENCH/CRITICAL PATH/cart page - decrease qty - fr: Test Cases/OCS- FRENCH/CRITICAL PATH/cart page - decrease qty - fr FAILED.
Reason:
com.kms.katalon.core.exception.StepFailedException: Unable to click on object 'Object Repository/OCS-MOBILE /Product page/Quantity Increase - Button' (Root cause: org.openqa.selenium.WebDriverException: unknown error: Element <button tabindex="0" role="button" aria-role="button" class="counter__increment" aria-describedby="increment_product">...</button> is not clickable at point (185, 655). Other element would receive the click: <a href="#" class="btn btn--outline full-width js-close-flyout cart__continue-shopping" aria-role="button">...</a>
  (Session info: chrome=75.0.3770.100)
  (Driver info: chromedriver=2.43.600229 (3fae4d0cda5334b4f533bede5a4787f7b832d052),platform=Mac OS X 10.13.6 x86_64) (WARNING: The server did not provide any stacktrace information)
Command duration or timeout: 0 milliseconds
Build info: version: '3.7.1', revision: '8a0099a', time: '2017-11-06T21:07:36.161Z'
System info: host: 'sumans-MacBook-Pro.local', ip: 'fe80:0:0:0:14f6:8d5f:4e59:4e6f%en0', os.name: 'Mac OS X', os.arch: 'x86_64', os.version: '10.13.6', java.version: '1.8.0_181'
Driver info: com.kms.katalon.selenium.driver.CChromeDriver
Capabilities {acceptInsecureCerts: false, acceptSslCerts: false, applicationCacheEnabled: false, browserConnectionEnabled: false, browserName: chrome, chrome: {chromedriverVersion: 2.43.600229 (3fae4d0cda5334..., userDataDir: /var/folders/1t/c55l8xzs6gq...}, cssSelectorsEnabled: true, databaseEnabled: false, goog:chromeOptions: {debuggerAddress: localhost:64321}, handlesAlerts: true, hasTouchScreen: false, javascriptEnabled: true, locationContextEnabled: true, mobileEmulationEnabled: false, nativeEvents: true, networkConnectionEnabled: false, pageLoadStrategy: normal, platform: MAC, platformName: MAC, rotatable: false, setWindowRect: true, takesHeapSnapshot: true, takesScreenshot: true, unexpectedAlertBehaviour: , unhandledPromptBehavior: , version: 75.0.3770.100, webStorageEnabled: true}
Session ID: 63f5379c1cf35c57ac3ca4ad760451f4)
	at com.kms.katalon.core.keyword.internal.KeywordMain.stepFailed(KeywordMain.groovy:36)
	at com.kms.katalon.core.webui.keyword.internal.WebUIKeywordMain.stepFailed(WebUIKeywordMain.groovy:65)
	at com.kms.katalon.core.webui.keyword.internal.WebUIKeywordMain.runKeyword(WebUIKeywordMain.groovy:27)
	at com.kms.katalon.core.webui.keyword.builtin.ClickKeyword.click(ClickKeyword.groovy:86)
	at com.kms.katalon.core.webui.keyword.builtin.ClickKeyword.execute(ClickKeyword.groovy:67)
	at com.kms.katalon.core.keyword.internal.KeywordExecutor.executeKeywordForPlatform(KeywordExecutor.groovy:53)
	at com.kms.katalon.core.webui.keyword.WebUiBuiltInKeywords.click(WebUiBuiltInKeywords.groovy:616)
	at com.kms.katalon.core.webui.keyword.WebUiBuiltInKeywords$click$3.call(Unknown Source)
	at cart page - decrease qty - fr.run(cart page - decrease qty - fr:60)
	at com.kms.katalon.core.main.ScriptEngine.run(ScriptEngine.java:194)
	at com.kms.katalon.core.main.ScriptEngine.runScriptAsRawText(ScriptEngine.java:119)
	at com.kms.katalon.core.main.TestCaseExecutor.runScript(TestCaseExecutor.java:328)
	at com.kms.katalon.core.main.TestCaseExecutor.doExecute(TestCaseExecutor.java:319)
	at com.kms.katalon.core.main.TestCaseExecutor.processExecutionPhase(TestCaseExecutor.java:298)
	at com.kms.katalon.core.main.TestCaseExecutor.accessMainPhase(TestCaseExecutor.java:290)
	at com.kms.katalon.core.main.TestCaseExecutor.execute(TestCaseExecutor.java:224)
	at com.kms.katalon.core.main.TestSuiteExecutor.accessTestCaseMainPhase(TestSuiteExecutor.java:129)
	at com.kms.katalon.core.main.TestSuiteExecutor.accessTestSuiteMainPhase(TestSuiteExecutor.java:112)
	at com.kms.katalon.core.main.TestSuiteExecutor.execute(TestSuiteExecutor.java:81)
	at com.kms.katalon.core.main.TestCaseMain.startTestSuite(TestCaseMain.java:149)
	at com.kms.katalon.core.main.TestCaseMain$startTestSuite$0.call(Unknown Source)
	at TempTestSuite1561749522497.run(TempTestSuite1561749522497.groovy:36)]]></system-err>
      </testcase>
      <testcase name="Test Cases/OCS- FRENCH/CRITICAL PATH/Checkout - Shipping - fr" classname="Test Cases/OCS- FRENCH/CRITICAL PATH/Checkout - Shipping - fr" status="PASSED">
         <system-out><![CDATA[2019-06-28 15:36:06 - [TEST_CASE][PASSED] - Test Cases/OCS- FRENCH/CRITICAL PATH/Checkout - Shipping - fr: Test Cases/OCS- FRENCH/CRITICAL PATH/Checkout - Shipping - fr

2019-06-28 15:36:06 - [TEST_STEP][PASSED] - callTestCase(findTestCase("OCS - MOBILE/CALL - AGE GATE"), [:], STOP_ON_FAILURE): Call Test Case 'Test Cases/OCS - MOBILE/CALL - AGE GATE' successfully

2019-06-28 15:36:06 - [TEST_CASE][PASSED] - Test Cases/OCS - MOBILE/CALL - AGE GATE: Test Cases/OCS - MOBILE/CALL - AGE GATE

2019-06-28 15:36:06 - [TEST_STEP][PASSED] - openBrowser(""): Browser is opened with url: ''

2019-06-28 15:36:06 - [MESSAGE][WARNING] - A browser is already opened. Closing browser and opening a new one

2019-06-28 15:36:06 - [MESSAGE][INFO] - Starting 'Chrome' driver

2019-06-28 15:36:07 - [MESSAGE][PASSED] - Browser is opened with url: ''

2019-06-28 15:36:07 - [TEST_STEP][PASSED] - navigateToUrl("ocs.ca"): Navigate to 'http://ocs.ca' successfully

2019-06-28 15:36:12 - [MESSAGE][PASSED] - Navigate to 'http://ocs.ca' successfully

2019-06-28 15:36:12 - [TEST_STEP][NOT_RUN] - executeJavaScript("var previewBar = document.getElementById("preview-bar-iframe"); previewBar.style.display = "none";", []): NOT_RUN: executeJavaScript("var previewBar = document.getElementById("preview-bar-iframe"); previewBar.style.display = "none";", [])

2019-06-28 15:36:12 - [MESSAGE][NOT_RUN] - NOT_RUN: executeJavaScript("var previewBar = document.getElementById("preview-bar-iframe"); previewBar.style.display = "none";", [])

2019-06-28 15:36:12 - [TEST_STEP][PASSED] - setViewPortSize(360, 800): Viewport is set to new size with width = 360 and height = 800

2019-06-28 15:36:12 - [MESSAGE][PASSED] - Viewport is set to new size with width = 360 and height = 800

2019-06-28 15:36:12 - [TEST_STEP][PASSED] - delay(4): Delayed 4 second(s)

2019-06-28 15:36:16 - [MESSAGE][PASSED] - Delayed 4 second(s)

2019-06-28 15:36:16 - [TEST_STEP][PASSED] - selectOptionByValue(findTestObject("OCS-MOBILE /Age gate and burger menu/Date"), "12", true): All options with value '12' are selected in object 'Object Repository/OCS-MOBILE /Age gate and burger menu/Date'  using regular expression

2019-06-28 15:36:17 - [MESSAGE][PASSED] - All options with value '12' are selected in object 'Object Repository/OCS-MOBILE /Age gate and burger menu/Date'  using regular expression

2019-06-28 15:36:17 - [TEST_STEP][PASSED] - selectOptionByValue(findTestObject("OCS-MOBILE /Age gate and burger menu/month"), "6", true): All options with value '6' are selected in object 'Object Repository/OCS-MOBILE /Age gate and burger menu/month'  using regular expression

2019-06-28 15:36:17 - [MESSAGE][PASSED] - All options with value '6' are selected in object 'Object Repository/OCS-MOBILE /Age gate and burger menu/month'  using regular expression

2019-06-28 15:36:17 - [TEST_STEP][PASSED] - delay(2): Delayed 2 second(s)

2019-06-28 15:36:19 - [MESSAGE][PASSED] - Delayed 2 second(s)

2019-06-28 15:36:19 - [TEST_STEP][PASSED] - selectOptionByValue(findTestObject("OCS-MOBILE /Age gate and burger menu/Year Dropdown"), "1990", true): All options with value '1990' are selected in object 'Object Repository/OCS-MOBILE /Age gate and burger menu/Year Dropdown'  using regular expression

2019-06-28 15:36:20 - [MESSAGE][PASSED] - All options with value '1990' are selected in object 'Object Repository/OCS-MOBILE /Age gate and burger menu/Year Dropdown'  using regular expression

2019-06-28 15:36:20 - [TEST_STEP][PASSED] - click(findTestObject("OCS-MOBILE /Age gate and Mega menu/button_Verify")): Object: 'Object Repository/OCS-MOBILE /Age gate and Mega menu/button_Verify' is clicked on

2019-06-28 15:36:20 - [MESSAGE][PASSED] - Object: 'Object Repository/OCS-MOBILE /Age gate and Mega menu/button_Verify' is clicked on

2019-06-28 15:36:20 - [TEST_STEP][PASSED] - click(findTestObject("OCS-MOBILE /Age gate and Mega menu/Checkbox_CONFIRM AND ACKNOWLEDGE")): Object: 'Object Repository/OCS-MOBILE /Age gate and Mega menu/Checkbox_CONFIRM AND ACKNOWLEDGE' is clicked on

2019-06-28 15:36:20 - [MESSAGE][PASSED] - Object: 'Object Repository/OCS-MOBILE /Age gate and Mega menu/Checkbox_CONFIRM AND ACKNOWLEDGE' is clicked on

2019-06-28 15:36:20 - [TEST_STEP][PASSED] - click(findTestObject("OCS-MOBILE /Age gate and Mega menu/button_CONFIRM")): Object: 'Object Repository/OCS-MOBILE /Age gate and Mega menu/button_CONFIRM' is clicked on

2019-06-28 15:36:20 - [MESSAGE][PASSED] - Object: 'Object Repository/OCS-MOBILE /Age gate and Mega menu/button_CONFIRM' is clicked on

2019-06-28 15:36:20 - [TEST_STEP][PASSED] - click(findTestObject("OCS-MOBILE /Age gate and Mega menu/button_Start Browsing")): Object: 'Object Repository/OCS-MOBILE /Age gate and Mega menu/button_Start Browsing' is clicked on

2019-06-28 15:36:20 - [MESSAGE][PASSED] - Object: 'Object Repository/OCS-MOBILE /Age gate and Mega menu/button_Start Browsing' is clicked on

2019-06-28 15:36:20 - [TEST_STEP][PASSED] - refresh(): Refresh successfully

2019-06-28 15:36:20 - [MESSAGE][PASSED] - Refresh successfully

2019-06-28 15:36:20 - [TEST_STEP][NOT_RUN] - executeJavaScript("var previewBar = document.getElementById("preview-bar-iframe"); previewBar.style.display = "none";", []): NOT_RUN: executeJavaScript("var previewBar = document.getElementById("preview-bar-iframe"); previewBar.style.display = "none";", [])

2019-06-28 15:36:20 - [MESSAGE][NOT_RUN] - NOT_RUN: executeJavaScript("var previewBar = document.getElementById("preview-bar-iframe"); previewBar.style.display = "none";", [])

2019-06-28 15:36:20 - [MESSAGE][PASSED] - Call Test Case 'Test Cases/OCS - MOBILE/CALL - AGE GATE' successfully

2019-06-28 15:36:20 - [TEST_STEP][PASSED] - callTestCase(findTestCase("OCS - MOBILE/CALL- TOGGLING LANGUAGE"), [:], STOP_ON_FAILURE): Call Test Case 'Test Cases/OCS - MOBILE/CALL- TOGGLING LANGUAGE' successfully

2019-06-28 15:36:20 - [TEST_CASE][PASSED] - Test Cases/OCS - MOBILE/CALL- TOGGLING LANGUAGE: Test Cases/OCS - MOBILE/CALL- TOGGLING LANGUAGE

2019-06-28 15:36:20 - [TEST_STEP][PASSED] - delay(2): Delayed 2 second(s)

2019-06-28 15:36:22 - [MESSAGE][PASSED] - Delayed 2 second(s)

2019-06-28 15:36:22 - [TEST_STEP][PASSED] - click(findTestObject("OCS-MOBILE /Age gate and burger menu/Burger menu - English")): Object: 'Object Repository/OCS-MOBILE /Age gate and burger menu/Burger menu - English' is clicked on

2019-06-28 15:36:23 - [MESSAGE][PASSED] - Object: 'Object Repository/OCS-MOBILE /Age gate and burger menu/Burger menu - English' is clicked on

2019-06-28 15:36:23 - [TEST_STEP][PASSED] - delay(2): Delayed 2 second(s)

2019-06-28 15:36:25 - [MESSAGE][PASSED] - Delayed 2 second(s)

2019-06-28 15:36:25 - [TEST_STEP][PASSED] - click(findTestObject("OCS-MOBILE /Cart flyout/English dropdown")): Object: 'Object Repository/OCS-MOBILE /Cart flyout/English dropdown' is clicked on

2019-06-28 15:36:25 - [MESSAGE][PASSED] - Object: 'Object Repository/OCS-MOBILE /Cart flyout/English dropdown' is clicked on

2019-06-28 15:36:25 - [TEST_STEP][PASSED] - delay(2): Delayed 2 second(s)

2019-06-28 15:36:27 - [MESSAGE][PASSED] - Delayed 2 second(s)

2019-06-28 15:36:27 - [TEST_STEP][NOT_RUN] - executeJavaScript("var previewBar = document.getElementById("preview-bar-iframe"); previewBar.style.display = "none";", []): NOT_RUN: executeJavaScript("var previewBar = document.getElementById("preview-bar-iframe"); previewBar.style.display = "none";", [])

2019-06-28 15:36:27 - [MESSAGE][NOT_RUN] - NOT_RUN: executeJavaScript("var previewBar = document.getElementById("preview-bar-iframe"); previewBar.style.display = "none";", [])

2019-06-28 15:36:27 - [TEST_STEP][PASSED] - click(findTestObject("OCS-MOBILE /Cart flyout/Select French")): Object: 'Object Repository/OCS-MOBILE /Cart flyout/Select French' is clicked on

2019-06-28 15:36:27 - [MESSAGE][PASSED] - Object: 'Object Repository/OCS-MOBILE /Cart flyout/Select French' is clicked on

2019-06-28 15:36:27 - [MESSAGE][PASSED] - Call Test Case 'Test Cases/OCS - MOBILE/CALL- TOGGLING LANGUAGE' successfully

2019-06-28 15:36:27 - [TEST_STEP][PASSED] - delay(2): Delayed 2 second(s)

2019-06-28 15:36:29 - [MESSAGE][PASSED] - Delayed 2 second(s)

2019-06-28 15:36:29 - [TEST_STEP][PASSED] - click(findTestObject("OCS-MOBILE /Age gate and burger menu/Burger menu - English")): Object: 'Object Repository/OCS-MOBILE /Age gate and burger menu/Burger menu - English' is clicked on

2019-06-28 15:36:31 - [MESSAGE][PASSED] - Object: 'Object Repository/OCS-MOBILE /Age gate and burger menu/Burger menu - English' is clicked on

2019-06-28 15:36:31 - [TEST_STEP][PASSED] - delay(2): Delayed 2 second(s)

2019-06-28 15:36:33 - [MESSAGE][PASSED] - Delayed 2 second(s)

2019-06-28 15:36:33 - [TEST_STEP][PASSED] - click(findTestObject("OCS-MOBILE /Age gate and burger menu/Chevron_Cannabis")): Object: 'Object Repository/OCS-MOBILE /Age gate and burger menu/Chevron_Cannabis' is clicked on

2019-06-28 15:36:33 - [MESSAGE][PASSED] - Object: 'Object Repository/OCS-MOBILE /Age gate and burger menu/Chevron_Cannabis' is clicked on

2019-06-28 15:36:33 - [TEST_STEP][PASSED] - delay(2): Delayed 2 second(s)

2019-06-28 15:36:35 - [MESSAGE][PASSED] - Delayed 2 second(s)

2019-06-28 15:36:35 - [TEST_STEP][PASSED] - click(findTestObject("OCS-MOBILE /Age gate and burger menu/Dried Flower_Plus icon")): Object: 'Object Repository/OCS-MOBILE /Age gate and burger menu/Dried Flower_Plus icon' is clicked on

2019-06-28 15:36:35 - [MESSAGE][PASSED] - Object: 'Object Repository/OCS-MOBILE /Age gate and burger menu/Dried Flower_Plus icon' is clicked on

2019-06-28 15:36:35 - [TEST_STEP][PASSED] - delay(2): Delayed 2 second(s)

2019-06-28 15:36:37 - [MESSAGE][PASSED] - Delayed 2 second(s)

2019-06-28 15:36:37 - [TEST_STEP][PASSED] - click(findTestObject("OCS- FRENCH/Indica Dominant_Menu item")): Object: 'Object Repository/OCS- FRENCH/Indica Dominant_Menu item' is clicked on

2019-06-28 15:36:39 - [MESSAGE][PASSED] - Object: 'Object Repository/OCS- FRENCH/Indica Dominant_Menu item' is clicked on

2019-06-28 15:36:39 - [TEST_STEP][NOT_RUN] - executeJavaScript("var previewBar = document.getElementById("preview-bar-iframe"); previewBar.style.display = "none";", []): NOT_RUN: executeJavaScript("var previewBar = document.getElementById("preview-bar-iframe"); previewBar.style.display = "none";", [])

2019-06-28 15:36:39 - [MESSAGE][NOT_RUN] - NOT_RUN: executeJavaScript("var previewBar = document.getElementById("preview-bar-iframe"); previewBar.style.display = "none";", [])

2019-06-28 15:36:39 - [TEST_STEP][PASSED] - delay(2): Delayed 2 second(s)

2019-06-28 15:36:41 - [MESSAGE][PASSED] - Delayed 2 second(s)

2019-06-28 15:36:41 - [TEST_STEP][PASSED] - click(findTestObject("OCS- FRENCH/Product image - 1st one")): Object: 'Object Repository/OCS- FRENCH/Product image - 1st one' is clicked on

2019-06-28 15:36:44 - [MESSAGE][PASSED] - Object: 'Object Repository/OCS- FRENCH/Product image - 1st one' is clicked on

2019-06-28 15:36:44 - [TEST_STEP][NOT_RUN] - executeJavaScript("var previewBar = document.getElementById("preview-bar-iframe"); previewBar.style.display = "none";", []): NOT_RUN: executeJavaScript("var previewBar = document.getElementById("preview-bar-iframe"); previewBar.style.display = "none";", [])

2019-06-28 15:36:44 - [MESSAGE][NOT_RUN] - NOT_RUN: executeJavaScript("var previewBar = document.getElementById("preview-bar-iframe"); previewBar.style.display = "none";", [])

2019-06-28 15:36:44 - [TEST_STEP][PASSED] - delay(2): Delayed 2 second(s)

2019-06-28 15:36:46 - [MESSAGE][PASSED] - Delayed 2 second(s)

2019-06-28 15:36:46 - [TEST_STEP][PASSED] - click(findTestObject("OCS-MOBILE /Product page/Swatch_1g")): Object: 'Object Repository/OCS-MOBILE /Product page/Swatch_1g' is clicked on

2019-06-28 15:36:46 - [MESSAGE][PASSED] - Object: 'Object Repository/OCS-MOBILE /Product page/Swatch_1g' is clicked on

2019-06-28 15:36:46 - [TEST_STEP][PASSED] - delay(2): Delayed 2 second(s)

2019-06-28 15:36:48 - [MESSAGE][PASSED] - Delayed 2 second(s)

2019-06-28 15:36:48 - [TEST_STEP][PASSED] - click(findTestObject("OCS-MOBILE /Product page/Quantity Increase - Button")): Object: 'Object Repository/OCS-MOBILE /Product page/Quantity Increase - Button' is clicked on

2019-06-28 15:36:49 - [MESSAGE][PASSED] - Object: 'Object Repository/OCS-MOBILE /Product page/Quantity Increase - Button' is clicked on

2019-06-28 15:36:49 - [TEST_STEP][PASSED] - delay(2): Delayed 2 second(s)

2019-06-28 15:36:51 - [MESSAGE][PASSED] - Delayed 2 second(s)

2019-06-28 15:36:51 - [TEST_STEP][PASSED] - click(findTestObject("OCS-MOBILE /Product page/Add to Bag-button")): Object: 'Object Repository/OCS-MOBILE /Product page/Add to Bag-button' is clicked on

2019-06-28 15:36:51 - [MESSAGE][PASSED] - Object: 'Object Repository/OCS-MOBILE /Product page/Add to Bag-button' is clicked on

2019-06-28 15:36:51 - [TEST_STEP][PASSED] - delay(1): Delayed 1 second(s)

2019-06-28 15:36:52 - [MESSAGE][PASSED] - Delayed 1 second(s)

2019-06-28 15:36:52 - [TEST_STEP][NOT_RUN] - click(findTestObject("OCS-MOBILE /Home - page/Cart icon -bag")): NOT_RUN: click(findTestObject("OCS-MOBILE /Home - page/Cart icon -bag"))

2019-06-28 15:36:52 - [MESSAGE][NOT_RUN] - NOT_RUN: click(findTestObject("OCS-MOBILE /Home - page/Cart icon -bag"))

2019-06-28 15:36:52 - [TEST_STEP][PASSED] - delay(2): Delayed 2 second(s)

2019-06-28 15:36:54 - [MESSAGE][PASSED] - Delayed 2 second(s)

2019-06-28 15:36:54 - [TEST_STEP][PASSED] - delay(1): Delayed 1 second(s)

2019-06-28 15:36:55 - [MESSAGE][PASSED] - Delayed 1 second(s)

2019-06-28 15:36:55 - [TEST_STEP][PASSED] - click(findTestObject("OCS-MOBILE /Cart flyout/Checkbox_I confirm that")): Object: 'Object Repository/OCS-MOBILE /Cart flyout/Checkbox_I confirm that' is clicked on

2019-06-28 15:36:55 - [MESSAGE][PASSED] - Object: 'Object Repository/OCS-MOBILE /Cart flyout/Checkbox_I confirm that' is clicked on

2019-06-28 15:36:55 - [TEST_STEP][PASSED] - delay(2): Delayed 2 second(s)

2019-06-28 15:36:57 - [MESSAGE][PASSED] - Delayed 2 second(s)

2019-06-28 15:36:57 - [TEST_STEP][PASSED] - click(findTestObject("OCS-MOBILE /Cart flyout/Checkbox_Accept the Terms Condition")): Object: 'Object Repository/OCS-MOBILE /Cart flyout/Checkbox_Accept the Terms Condition' is clicked on

2019-06-28 15:36:57 - [MESSAGE][PASSED] - Object: 'Object Repository/OCS-MOBILE /Cart flyout/Checkbox_Accept the Terms Condition' is clicked on

2019-06-28 15:36:57 - [TEST_STEP][PASSED] - delay(2): Delayed 2 second(s)

2019-06-28 15:36:59 - [MESSAGE][PASSED] - Delayed 2 second(s)

2019-06-28 15:36:59 - [TEST_STEP][PASSED] - click(findTestObject("OCS-MOBILE /Cart flyout/Checkout - Button")): Object: 'Object Repository/OCS-MOBILE /Cart flyout/Checkout - Button' is clicked on

2019-06-28 15:37:06 - [MESSAGE][PASSED] - Object: 'Object Repository/OCS-MOBILE /Cart flyout/Checkout - Button' is clicked on

2019-06-28 15:37:06 - [TEST_STEP][NOT_RUN] - executeJavaScript("var previewBar = document.getElementById("preview-bar-iframe"); previewBar.style.display = "none";", []): NOT_RUN: executeJavaScript("var previewBar = document.getElementById("preview-bar-iframe"); previewBar.style.display = "none";", [])

2019-06-28 15:37:06 - [MESSAGE][NOT_RUN] - NOT_RUN: executeJavaScript("var previewBar = document.getElementById("preview-bar-iframe"); previewBar.style.display = "none";", [])

2019-06-28 15:37:06 - [TEST_STEP][PASSED] - delay(1): Delayed 1 second(s)

2019-06-28 15:37:07 - [MESSAGE][PASSED] - Delayed 1 second(s)

2019-06-28 15:37:07 - [TEST_STEP][PASSED] - delay(1): Delayed 1 second(s)

2019-06-28 15:37:08 - [MESSAGE][PASSED] - Delayed 1 second(s)

2019-06-28 15:37:08 - [TEST_STEP][NOT_RUN] - executeJavaScript("var previewBar = document.getElementById("preview-bar-iframe"); previewBar.style.display = "none";", []): NOT_RUN: executeJavaScript("var previewBar = document.getElementById("preview-bar-iframe"); previewBar.style.display = "none";", [])

2019-06-28 15:37:08 - [MESSAGE][NOT_RUN] - NOT_RUN: executeJavaScript("var previewBar = document.getElementById("preview-bar-iframe"); previewBar.style.display = "none";", [])

2019-06-28 15:37:08 - [TEST_STEP][PASSED] - setText(findTestObject("OCS- FRENCH/Page_Ontario Cannabis Store - Infor/input_Adresse e-mail_checkoute"), "suman@gmail.com"): Text 'suman@gmail.com' is set on object 'Object Repository/OCS- FRENCH/Page_Ontario Cannabis Store - Infor/input_Adresse e-mail_checkoute'

2019-06-28 15:37:08 - [MESSAGE][PASSED] - Text 'suman@gmail.com' is set on object 'Object Repository/OCS- FRENCH/Page_Ontario Cannabis Store - Infor/input_Adresse e-mail_checkoute'

2019-06-28 15:37:08 - [TEST_STEP][PASSED] - delay(2): Delayed 2 second(s)

2019-06-28 15:37:10 - [MESSAGE][PASSED] - Delayed 2 second(s)

2019-06-28 15:37:10 - [TEST_STEP][PASSED] - setText(findTestObject("Object Repository/OCS- FRENCH/Page_Ontario Cannabis Store - Infor/input_Prnom_checkoutshipping_a"), "suman"): Text 'suman' is set on object 'Object Repository/OCS- FRENCH/Page_Ontario Cannabis Store - Infor/input_Prnom_checkoutshipping_a'

2019-06-28 15:37:10 - [MESSAGE][PASSED] - Text 'suman' is set on object 'Object Repository/OCS- FRENCH/Page_Ontario Cannabis Store - Infor/input_Prnom_checkoutshipping_a'

2019-06-28 15:37:10 - [TEST_STEP][PASSED] - delay(2): Delayed 2 second(s)

2019-06-28 15:37:12 - [MESSAGE][PASSED] - Delayed 2 second(s)

2019-06-28 15:37:12 - [TEST_STEP][PASSED] - setText(findTestObject("Object Repository/OCS- FRENCH/Page_Ontario Cannabis Store - Infor/input_Nom_checkoutshipping_add"), "test12"): Text 'test12' is set on object 'Object Repository/OCS- FRENCH/Page_Ontario Cannabis Store - Infor/input_Nom_checkoutshipping_add'

2019-06-28 15:37:12 - [MESSAGE][PASSED] - Text 'test12' is set on object 'Object Repository/OCS- FRENCH/Page_Ontario Cannabis Store - Infor/input_Nom_checkoutshipping_add'

2019-06-28 15:37:12 - [TEST_STEP][PASSED] - delay(2): Delayed 2 second(s)

2019-06-28 15:37:14 - [MESSAGE][PASSED] - Delayed 2 second(s)

2019-06-28 15:37:14 - [TEST_STEP][PASSED] - setText(findTestObject("Object Repository/OCS- FRENCH/Page_Ontario Cannabis Store - Infor/input_Adresse_checkoutshipping"), "test12"): Text 'test12' is set on object 'Object Repository/OCS- FRENCH/Page_Ontario Cannabis Store - Infor/input_Adresse_checkoutshipping'

2019-06-28 15:37:14 - [MESSAGE][PASSED] - Text 'test12' is set on object 'Object Repository/OCS- FRENCH/Page_Ontario Cannabis Store - Infor/input_Adresse_checkoutshipping'

2019-06-28 15:37:14 - [TEST_STEP][PASSED] - delay(2): Delayed 2 second(s)

2019-06-28 15:37:16 - [MESSAGE][PASSED] - Delayed 2 second(s)

2019-06-28 15:37:16 - [TEST_STEP][PASSED] - setText(findTestObject("Object Repository/OCS- FRENCH/Page_Ontario Cannabis Store - Infor/input_Appartement suite etc. ("), "12"): Text '12' is set on object 'Object Repository/OCS- FRENCH/Page_Ontario Cannabis Store - Infor/input_Appartement suite etc. ('

2019-06-28 15:37:17 - [MESSAGE][PASSED] - Text '12' is set on object 'Object Repository/OCS- FRENCH/Page_Ontario Cannabis Store - Infor/input_Appartement suite etc. ('

2019-06-28 15:37:17 - [TEST_STEP][PASSED] - delay(2): Delayed 2 second(s)

2019-06-28 15:37:19 - [MESSAGE][PASSED] - Delayed 2 second(s)

2019-06-28 15:37:19 - [TEST_STEP][PASSED] - setText(findTestObject("Object Repository/OCS- FRENCH/Page_Ontario Cannabis Store - Infor/input_Ville_checkoutshipping_a"), "montreal"): Text 'montreal' is set on object 'Object Repository/OCS- FRENCH/Page_Ontario Cannabis Store - Infor/input_Ville_checkoutshipping_a'

2019-06-28 15:37:19 - [MESSAGE][PASSED] - Text 'montreal' is set on object 'Object Repository/OCS- FRENCH/Page_Ontario Cannabis Store - Infor/input_Ville_checkoutshipping_a'

2019-06-28 15:37:19 - [TEST_STEP][PASSED] - delay(2): Delayed 2 second(s)

2019-06-28 15:37:21 - [MESSAGE][PASSED] - Delayed 2 second(s)

2019-06-28 15:37:21 - [TEST_STEP][PASSED] - setText(findTestObject("Object Repository/OCS- FRENCH/Page_Ontario Cannabis Store - Infor/input_Code postal_checkoutship"), "n0r1k0"): Text 'n0r1k0' is set on object 'Object Repository/OCS- FRENCH/Page_Ontario Cannabis Store - Infor/input_Code postal_checkoutship'

2019-06-28 15:37:21 - [MESSAGE][PASSED] - Text 'n0r1k0' is set on object 'Object Repository/OCS- FRENCH/Page_Ontario Cannabis Store - Infor/input_Code postal_checkoutship'

2019-06-28 15:37:21 - [TEST_STEP][PASSED] - delay(2): Delayed 2 second(s)

2019-06-28 15:37:23 - [MESSAGE][PASSED] - Delayed 2 second(s)

2019-06-28 15:37:23 - [TEST_STEP][PASSED] - setText(findTestObject("Object Repository/OCS- FRENCH/Page_Ontario Cannabis Store - Infor/input_Tlphone_checkoutshipping"), "514-449-3883"): Text '514-449-3883' is set on object 'Object Repository/OCS- FRENCH/Page_Ontario Cannabis Store - Infor/input_Tlphone_checkoutshipping'

2019-06-28 15:37:23 - [MESSAGE][PASSED] - Text '514-449-3883' is set on object 'Object Repository/OCS- FRENCH/Page_Ontario Cannabis Store - Infor/input_Tlphone_checkoutshipping'

2019-06-28 15:37:23 - [TEST_STEP][PASSED] - delay(2): Delayed 2 second(s)

2019-06-28 15:37:25 - [MESSAGE][PASSED] - Delayed 2 second(s)

2019-06-28 15:37:25 - [TEST_STEP][PASSED] - click(findTestObject("Object Repository/OCS- FRENCH/Page_Ontario Cannabis Store - Infor/button_Continuer vers le mode")): Object: 'Object Repository/OCS- FRENCH/Page_Ontario Cannabis Store - Infor/button_Continuer vers le mode' is clicked on

2019-06-28 15:37:26 - [MESSAGE][PASSED] - Object: 'Object Repository/OCS- FRENCH/Page_Ontario Cannabis Store - Infor/button_Continuer vers le mode' is clicked on

2019-06-28 15:37:26 - [TEST_STEP][PASSED] - delay(2): Delayed 2 second(s)

2019-06-28 15:37:28 - [MESSAGE][PASSED] - Delayed 2 second(s)

2019-06-28 15:37:28 - [TEST_STEP][NOT_RUN] - executeJavaScript("var previewBar = document.getElementById("preview-bar-iframe"); previewBar.style.display = "none";", []): NOT_RUN: executeJavaScript("var previewBar = document.getElementById("preview-bar-iframe"); previewBar.style.display = "none";", [])

2019-06-28 15:37:28 - [MESSAGE][NOT_RUN] - NOT_RUN: executeJavaScript("var previewBar = document.getElementById("preview-bar-iframe"); previewBar.style.display = "none";", [])

2019-06-28 15:37:28 - [TEST_STEP][PASSED] - delay(2): Delayed 2 second(s)

2019-06-28 15:37:30 - [MESSAGE][PASSED] - Delayed 2 second(s)

2019-06-28 15:37:30 - [TEST_STEP][PASSED] - delay(1): Delayed 1 second(s)

2019-06-28 15:37:31 - [MESSAGE][PASSED] - Delayed 1 second(s)

2019-06-28 15:37:31 - [TEST_STEP][PASSED] - click(findTestObject("OCS-MOBILE /Shipping page/Change link")): Object: 'Object Repository/OCS-MOBILE /Shipping page/Change link' is clicked on

2019-06-28 15:37:33 - [MESSAGE][PASSED] - Object: 'Object Repository/OCS-MOBILE /Shipping page/Change link' is clicked on

2019-06-28 15:37:33 - [TEST_STEP][PASSED] - delay(1): Delayed 1 second(s)

2019-06-28 15:37:34 - [MESSAGE][PASSED] - Delayed 1 second(s)

2019-06-28 15:37:34 - [TEST_STEP][NOT_RUN] - executeJavaScript("var previewBar = document.getElementById("preview-bar-iframe"); previewBar.style.display = "none";", []): NOT_RUN: executeJavaScript("var previewBar = document.getElementById("preview-bar-iframe"); previewBar.style.display = "none";", [])

2019-06-28 15:37:34 - [MESSAGE][NOT_RUN] - NOT_RUN: executeJavaScript("var previewBar = document.getElementById("preview-bar-iframe"); previewBar.style.display = "none";", [])

2019-06-28 15:37:34 - [TEST_STEP][NOT_RUN] - delay(1): NOT_RUN: delay(1)

2019-06-28 15:37:34 - [MESSAGE][NOT_RUN] - NOT_RUN: delay(1)

2019-06-28 15:37:34 - [TEST_STEP][PASSED] - click(findTestObject("OCS- FRENCH/Page_Ontario Cannabis Store - Infor/button_Continuer vers le mode")): Object: 'Object Repository/OCS- FRENCH/Page_Ontario Cannabis Store - Infor/button_Continuer vers le mode' is clicked on

2019-06-28 15:37:39 - [MESSAGE][PASSED] - Object: 'Object Repository/OCS- FRENCH/Page_Ontario Cannabis Store - Infor/button_Continuer vers le mode' is clicked on

2019-06-28 15:37:39 - [TEST_STEP][PASSED] - delay(1): Delayed 1 second(s)

2019-06-28 15:37:40 - [MESSAGE][PASSED] - Delayed 1 second(s)

2019-06-28 15:37:40 - [TEST_STEP][PASSED] - click(findTestObject("OCS-MOBILE /Shipping page/Change link 2")): Object: 'Object Repository/OCS-MOBILE /Shipping page/Change link 2' is clicked on

2019-06-28 15:37:41 - [MESSAGE][PASSED] - Object: 'Object Repository/OCS-MOBILE /Shipping page/Change link 2' is clicked on

2019-06-28 15:37:41 - [TEST_STEP][PASSED] - delay(1): Delayed 1 second(s)

2019-06-28 15:37:42 - [MESSAGE][PASSED] - Delayed 1 second(s)

2019-06-28 15:37:42 - [TEST_STEP][NOT_RUN] - executeJavaScript("var previewBar = document.getElementById("preview-bar-iframe"); previewBar.style.display = "none";", []): NOT_RUN: executeJavaScript("var previewBar = document.getElementById("preview-bar-iframe"); previewBar.style.display = "none";", [])

2019-06-28 15:37:42 - [MESSAGE][NOT_RUN] - NOT_RUN: executeJavaScript("var previewBar = document.getElementById("preview-bar-iframe"); previewBar.style.display = "none";", [])

2019-06-28 15:37:42 - [TEST_STEP][NOT_RUN] - delay(1): NOT_RUN: delay(1)

2019-06-28 15:37:42 - [MESSAGE][NOT_RUN] - NOT_RUN: delay(1)

2019-06-28 15:37:42 - [TEST_STEP][PASSED] - click(findTestObject("OCS- FRENCH/Page_Ontario Cannabis Store - Infor/button_Continuer vers le mode"), CONTINUE_ON_FAILURE): Object: 'Object Repository/OCS- FRENCH/Page_Ontario Cannabis Store - Infor/button_Continuer vers le mode' is clicked on

2019-06-28 15:37:44 - [MESSAGE][PASSED] - Object: 'Object Repository/OCS- FRENCH/Page_Ontario Cannabis Store - Infor/button_Continuer vers le mode' is clicked on

2019-06-28 15:37:44 - [TEST_STEP][NOT_RUN] - executeJavaScript("var previewBar = document.getElementById("preview-bar-iframe"); previewBar.style.display = "none";", []): NOT_RUN: executeJavaScript("var previewBar = document.getElementById("preview-bar-iframe"); previewBar.style.display = "none";", [])

2019-06-28 15:37:44 - [MESSAGE][NOT_RUN] - NOT_RUN: executeJavaScript("var previewBar = document.getElementById("preview-bar-iframe"); previewBar.style.display = "none";", [])

2019-06-28 15:37:44 - [TEST_STEP][PASSED] - delay(1): Delayed 1 second(s)

2019-06-28 15:37:45 - [MESSAGE][PASSED] - Delayed 1 second(s)

2019-06-28 15:37:45 - [TEST_STEP][PASSED] - click(findTestObject("OCS-MOBILE /Shipping page/Return to customer info")): Object: 'Object Repository/OCS-MOBILE /Shipping page/Return to customer info' is clicked on

2019-06-28 15:37:46 - [MESSAGE][PASSED] - Object: 'Object Repository/OCS-MOBILE /Shipping page/Return to customer info' is clicked on

2019-06-28 15:37:46 - [TEST_STEP][NOT_RUN] - executeJavaScript("var previewBar = document.getElementById("preview-bar-iframe"); previewBar.style.display = "none";", []): NOT_RUN: executeJavaScript("var previewBar = document.getElementById("preview-bar-iframe"); previewBar.style.display = "none";", [])

2019-06-28 15:37:46 - [MESSAGE][NOT_RUN] - NOT_RUN: executeJavaScript("var previewBar = document.getElementById("preview-bar-iframe"); previewBar.style.display = "none";", [])

2019-06-28 15:37:46 - [TEST_STEP][PASSED] - delay(1): Delayed 1 second(s)

2019-06-28 15:37:47 - [MESSAGE][PASSED] - Delayed 1 second(s)

2019-06-28 15:37:47 - [TEST_STEP][PASSED] - click(findTestObject("OCS- FRENCH/Page_Ontario Cannabis Store - Infor/button_Continuer vers le mode")): Object: 'Object Repository/OCS- FRENCH/Page_Ontario Cannabis Store - Infor/button_Continuer vers le mode' is clicked on

2019-06-28 15:37:48 - [MESSAGE][PASSED] - Object: 'Object Repository/OCS- FRENCH/Page_Ontario Cannabis Store - Infor/button_Continuer vers le mode' is clicked on

2019-06-28 15:37:48 - [TEST_STEP][PASSED] - delay(2): Delayed 2 second(s)

2019-06-28 15:37:50 - [MESSAGE][PASSED] - Delayed 2 second(s)

2019-06-28 15:37:50 - [TEST_STEP][PASSED] - click(findTestObject("Object Repository/OCS- FRENCH/Page_Ontario Cannabis Store - Livra/button_Continuer vers le moyen")): Object: 'Object Repository/OCS- FRENCH/Page_Ontario Cannabis Store - Livra/button_Continuer vers le moyen' is clicked on

2019-06-28 15:37:53 - [MESSAGE][PASSED] - Object: 'Object Repository/OCS- FRENCH/Page_Ontario Cannabis Store - Livra/button_Continuer vers le moyen' is clicked on]]></system-out>
         <system-err><![CDATA[]]></system-err>
      </testcase>
      <testcase name="Test Cases/OCS- FRENCH/CRITICAL PATH/Checkout - Payment - fr" classname="Test Cases/OCS- FRENCH/CRITICAL PATH/Checkout - Payment - fr" status="PASSED">
         <system-out><![CDATA[2019-06-28 15:37:53 - [TEST_CASE][PASSED] - Test Cases/OCS- FRENCH/CRITICAL PATH/Checkout - Payment - fr: Test Cases/OCS- FRENCH/CRITICAL PATH/Checkout - Payment - fr

2019-06-28 15:37:53 - [TEST_STEP][PASSED] - callTestCase(findTestCase("OCS - MOBILE/CALL - AGE GATE"), [:], STOP_ON_FAILURE): Call Test Case 'Test Cases/OCS - MOBILE/CALL - AGE GATE' successfully

2019-06-28 15:37:53 - [TEST_CASE][PASSED] - Test Cases/OCS - MOBILE/CALL - AGE GATE: Test Cases/OCS - MOBILE/CALL - AGE GATE

2019-06-28 15:37:53 - [TEST_STEP][PASSED] - openBrowser(""): Browser is opened with url: ''

2019-06-28 15:37:53 - [MESSAGE][WARNING] - A browser is already opened. Closing browser and opening a new one

2019-06-28 15:37:53 - [MESSAGE][INFO] - Starting 'Chrome' driver

2019-06-28 15:37:54 - [MESSAGE][PASSED] - Browser is opened with url: ''

2019-06-28 15:37:54 - [TEST_STEP][PASSED] - navigateToUrl("ocs.ca"): Navigate to 'http://ocs.ca' successfully

2019-06-28 15:37:58 - [MESSAGE][PASSED] - Navigate to 'http://ocs.ca' successfully

2019-06-28 15:37:58 - [TEST_STEP][NOT_RUN] - executeJavaScript("var previewBar = document.getElementById("preview-bar-iframe"); previewBar.style.display = "none";", []): NOT_RUN: executeJavaScript("var previewBar = document.getElementById("preview-bar-iframe"); previewBar.style.display = "none";", [])

2019-06-28 15:37:58 - [MESSAGE][NOT_RUN] - NOT_RUN: executeJavaScript("var previewBar = document.getElementById("preview-bar-iframe"); previewBar.style.display = "none";", [])

2019-06-28 15:37:58 - [TEST_STEP][PASSED] - setViewPortSize(360, 800): Viewport is set to new size with width = 360 and height = 800

2019-06-28 15:37:58 - [MESSAGE][PASSED] - Viewport is set to new size with width = 360 and height = 800

2019-06-28 15:37:58 - [TEST_STEP][PASSED] - delay(4): Delayed 4 second(s)

2019-06-28 15:38:02 - [MESSAGE][PASSED] - Delayed 4 second(s)

2019-06-28 15:38:02 - [TEST_STEP][PASSED] - selectOptionByValue(findTestObject("OCS-MOBILE /Age gate and burger menu/Date"), "12", true): All options with value '12' are selected in object 'Object Repository/OCS-MOBILE /Age gate and burger menu/Date'  using regular expression

2019-06-28 15:38:02 - [MESSAGE][PASSED] - All options with value '12' are selected in object 'Object Repository/OCS-MOBILE /Age gate and burger menu/Date'  using regular expression

2019-06-28 15:38:02 - [TEST_STEP][PASSED] - selectOptionByValue(findTestObject("OCS-MOBILE /Age gate and burger menu/month"), "6", true): All options with value '6' are selected in object 'Object Repository/OCS-MOBILE /Age gate and burger menu/month'  using regular expression

2019-06-28 15:38:03 - [MESSAGE][PASSED] - All options with value '6' are selected in object 'Object Repository/OCS-MOBILE /Age gate and burger menu/month'  using regular expression

2019-06-28 15:38:03 - [TEST_STEP][PASSED] - delay(2): Delayed 2 second(s)

2019-06-28 15:38:05 - [MESSAGE][PASSED] - Delayed 2 second(s)

2019-06-28 15:38:05 - [TEST_STEP][PASSED] - selectOptionByValue(findTestObject("OCS-MOBILE /Age gate and burger menu/Year Dropdown"), "1990", true): All options with value '1990' are selected in object 'Object Repository/OCS-MOBILE /Age gate and burger menu/Year Dropdown'  using regular expression

2019-06-28 15:38:06 - [MESSAGE][PASSED] - All options with value '1990' are selected in object 'Object Repository/OCS-MOBILE /Age gate and burger menu/Year Dropdown'  using regular expression

2019-06-28 15:38:06 - [TEST_STEP][PASSED] - click(findTestObject("OCS-MOBILE /Age gate and Mega menu/button_Verify")): Object: 'Object Repository/OCS-MOBILE /Age gate and Mega menu/button_Verify' is clicked on

2019-06-28 15:38:06 - [MESSAGE][PASSED] - Object: 'Object Repository/OCS-MOBILE /Age gate and Mega menu/button_Verify' is clicked on

2019-06-28 15:38:06 - [TEST_STEP][PASSED] - click(findTestObject("OCS-MOBILE /Age gate and Mega menu/Checkbox_CONFIRM AND ACKNOWLEDGE")): Object: 'Object Repository/OCS-MOBILE /Age gate and Mega menu/Checkbox_CONFIRM AND ACKNOWLEDGE' is clicked on

2019-06-28 15:38:06 - [MESSAGE][PASSED] - Object: 'Object Repository/OCS-MOBILE /Age gate and Mega menu/Checkbox_CONFIRM AND ACKNOWLEDGE' is clicked on

2019-06-28 15:38:06 - [TEST_STEP][PASSED] - click(findTestObject("OCS-MOBILE /Age gate and Mega menu/button_CONFIRM")): Object: 'Object Repository/OCS-MOBILE /Age gate and Mega menu/button_CONFIRM' is clicked on

2019-06-28 15:38:06 - [MESSAGE][PASSED] - Object: 'Object Repository/OCS-MOBILE /Age gate and Mega menu/button_CONFIRM' is clicked on

2019-06-28 15:38:06 - [TEST_STEP][PASSED] - click(findTestObject("OCS-MOBILE /Age gate and Mega menu/button_Start Browsing")): Object: 'Object Repository/OCS-MOBILE /Age gate and Mega menu/button_Start Browsing' is clicked on

2019-06-28 15:38:06 - [MESSAGE][PASSED] - Object: 'Object Repository/OCS-MOBILE /Age gate and Mega menu/button_Start Browsing' is clicked on

2019-06-28 15:38:06 - [TEST_STEP][PASSED] - refresh(): Refresh successfully

2019-06-28 15:38:08 - [MESSAGE][PASSED] - Refresh successfully

2019-06-28 15:38:08 - [TEST_STEP][NOT_RUN] - executeJavaScript("var previewBar = document.getElementById("preview-bar-iframe"); previewBar.style.display = "none";", []): NOT_RUN: executeJavaScript("var previewBar = document.getElementById("preview-bar-iframe"); previewBar.style.display = "none";", [])

2019-06-28 15:38:08 - [MESSAGE][NOT_RUN] - NOT_RUN: executeJavaScript("var previewBar = document.getElementById("preview-bar-iframe"); previewBar.style.display = "none";", [])

2019-06-28 15:38:08 - [MESSAGE][PASSED] - Call Test Case 'Test Cases/OCS - MOBILE/CALL - AGE GATE' successfully

2019-06-28 15:38:08 - [TEST_STEP][PASSED] - callTestCase(findTestCase("OCS - MOBILE/CALL- TOGGLING LANGUAGE"), [:], STOP_ON_FAILURE): Call Test Case 'Test Cases/OCS - MOBILE/CALL- TOGGLING LANGUAGE' successfully

2019-06-28 15:38:08 - [TEST_CASE][PASSED] - Test Cases/OCS - MOBILE/CALL- TOGGLING LANGUAGE: Test Cases/OCS - MOBILE/CALL- TOGGLING LANGUAGE

2019-06-28 15:38:08 - [TEST_STEP][PASSED] - delay(2): Delayed 2 second(s)

2019-06-28 15:38:10 - [MESSAGE][PASSED] - Delayed 2 second(s)

2019-06-28 15:38:10 - [TEST_STEP][PASSED] - click(findTestObject("OCS-MOBILE /Age gate and burger menu/Burger menu - English")): Object: 'Object Repository/OCS-MOBILE /Age gate and burger menu/Burger menu - English' is clicked on

2019-06-28 15:38:10 - [MESSAGE][PASSED] - Object: 'Object Repository/OCS-MOBILE /Age gate and burger menu/Burger menu - English' is clicked on

2019-06-28 15:38:10 - [TEST_STEP][PASSED] - delay(2): Delayed 2 second(s)

2019-06-28 15:38:12 - [MESSAGE][PASSED] - Delayed 2 second(s)

2019-06-28 15:38:12 - [TEST_STEP][PASSED] - click(findTestObject("OCS-MOBILE /Cart flyout/English dropdown")): Object: 'Object Repository/OCS-MOBILE /Cart flyout/English dropdown' is clicked on

2019-06-28 15:38:12 - [MESSAGE][PASSED] - Object: 'Object Repository/OCS-MOBILE /Cart flyout/English dropdown' is clicked on

2019-06-28 15:38:12 - [TEST_STEP][PASSED] - delay(2): Delayed 2 second(s)

2019-06-28 15:38:14 - [MESSAGE][PASSED] - Delayed 2 second(s)

2019-06-28 15:38:14 - [TEST_STEP][NOT_RUN] - executeJavaScript("var previewBar = document.getElementById("preview-bar-iframe"); previewBar.style.display = "none";", []): NOT_RUN: executeJavaScript("var previewBar = document.getElementById("preview-bar-iframe"); previewBar.style.display = "none";", [])

2019-06-28 15:38:14 - [MESSAGE][NOT_RUN] - NOT_RUN: executeJavaScript("var previewBar = document.getElementById("preview-bar-iframe"); previewBar.style.display = "none";", [])

2019-06-28 15:38:14 - [TEST_STEP][PASSED] - click(findTestObject("OCS-MOBILE /Cart flyout/Select French")): Object: 'Object Repository/OCS-MOBILE /Cart flyout/Select French' is clicked on

2019-06-28 15:38:14 - [MESSAGE][PASSED] - Object: 'Object Repository/OCS-MOBILE /Cart flyout/Select French' is clicked on

2019-06-28 15:38:14 - [MESSAGE][PASSED] - Call Test Case 'Test Cases/OCS - MOBILE/CALL- TOGGLING LANGUAGE' successfully

2019-06-28 15:38:14 - [TEST_STEP][PASSED] - delay(2): Delayed 2 second(s)

2019-06-28 15:38:16 - [MESSAGE][PASSED] - Delayed 2 second(s)

2019-06-28 15:38:16 - [TEST_STEP][PASSED] - click(findTestObject("OCS-MOBILE /Age gate and burger menu/Burger menu - English")): Object: 'Object Repository/OCS-MOBILE /Age gate and burger menu/Burger menu - English' is clicked on

2019-06-28 15:38:18 - [MESSAGE][PASSED] - Object: 'Object Repository/OCS-MOBILE /Age gate and burger menu/Burger menu - English' is clicked on

2019-06-28 15:38:18 - [TEST_STEP][PASSED] - delay(2): Delayed 2 second(s)

2019-06-28 15:38:20 - [MESSAGE][PASSED] - Delayed 2 second(s)

2019-06-28 15:38:20 - [TEST_STEP][PASSED] - click(findTestObject("OCS-MOBILE /Age gate and burger menu/Chevron_Cannabis")): Object: 'Object Repository/OCS-MOBILE /Age gate and burger menu/Chevron_Cannabis' is clicked on

2019-06-28 15:38:20 - [MESSAGE][PASSED] - Object: 'Object Repository/OCS-MOBILE /Age gate and burger menu/Chevron_Cannabis' is clicked on

2019-06-28 15:38:20 - [TEST_STEP][PASSED] - delay(2): Delayed 2 second(s)

2019-06-28 15:38:22 - [MESSAGE][PASSED] - Delayed 2 second(s)

2019-06-28 15:38:22 - [TEST_STEP][PASSED] - click(findTestObject("OCS-MOBILE /Age gate and burger menu/Dried Flower_Plus icon")): Object: 'Object Repository/OCS-MOBILE /Age gate and burger menu/Dried Flower_Plus icon' is clicked on

2019-06-28 15:38:22 - [MESSAGE][PASSED] - Object: 'Object Repository/OCS-MOBILE /Age gate and burger menu/Dried Flower_Plus icon' is clicked on

2019-06-28 15:38:22 - [TEST_STEP][PASSED] - delay(2): Delayed 2 second(s)

2019-06-28 15:38:24 - [MESSAGE][PASSED] - Delayed 2 second(s)

2019-06-28 15:38:24 - [TEST_STEP][PASSED] - click(findTestObject("OCS- FRENCH/Indica Dominant_Menu item")): Object: 'Object Repository/OCS- FRENCH/Indica Dominant_Menu item' is clicked on

2019-06-28 15:38:26 - [MESSAGE][PASSED] - Object: 'Object Repository/OCS- FRENCH/Indica Dominant_Menu item' is clicked on

2019-06-28 15:38:26 - [TEST_STEP][NOT_RUN] - executeJavaScript("var previewBar = document.getElementById("preview-bar-iframe"); previewBar.style.display = "none";", []): NOT_RUN: executeJavaScript("var previewBar = document.getElementById("preview-bar-iframe"); previewBar.style.display = "none";", [])

2019-06-28 15:38:26 - [MESSAGE][NOT_RUN] - NOT_RUN: executeJavaScript("var previewBar = document.getElementById("preview-bar-iframe"); previewBar.style.display = "none";", [])

2019-06-28 15:38:26 - [TEST_STEP][PASSED] - delay(2): Delayed 2 second(s)

2019-06-28 15:38:28 - [MESSAGE][PASSED] - Delayed 2 second(s)

2019-06-28 15:38:28 - [TEST_STEP][PASSED] - click(findTestObject("OCS- FRENCH/Product image - 1st one")): Object: 'Object Repository/OCS- FRENCH/Product image - 1st one' is clicked on

2019-06-28 15:38:32 - [MESSAGE][PASSED] - Object: 'Object Repository/OCS- FRENCH/Product image - 1st one' is clicked on

2019-06-28 15:38:32 - [TEST_STEP][NOT_RUN] - executeJavaScript("var previewBar = document.getElementById("preview-bar-iframe"); previewBar.style.display = "none";", []): NOT_RUN: executeJavaScript("var previewBar = document.getElementById("preview-bar-iframe"); previewBar.style.display = "none";", [])

2019-06-28 15:38:32 - [MESSAGE][NOT_RUN] - NOT_RUN: executeJavaScript("var previewBar = document.getElementById("preview-bar-iframe"); previewBar.style.display = "none";", [])

2019-06-28 15:38:32 - [TEST_STEP][PASSED] - delay(2): Delayed 2 second(s)

2019-06-28 15:38:34 - [MESSAGE][PASSED] - Delayed 2 second(s)

2019-06-28 15:38:34 - [TEST_STEP][PASSED] - click(findTestObject("OCS-MOBILE /Product page/Swatch_1g")): Object: 'Object Repository/OCS-MOBILE /Product page/Swatch_1g' is clicked on

2019-06-28 15:38:35 - [MESSAGE][PASSED] - Object: 'Object Repository/OCS-MOBILE /Product page/Swatch_1g' is clicked on

2019-06-28 15:38:35 - [TEST_STEP][PASSED] - delay(2): Delayed 2 second(s)

2019-06-28 15:38:37 - [MESSAGE][PASSED] - Delayed 2 second(s)

2019-06-28 15:38:37 - [TEST_STEP][PASSED] - click(findTestObject("OCS-MOBILE /Product page/Quantity Increase - Button")): Object: 'Object Repository/OCS-MOBILE /Product page/Quantity Increase - Button' is clicked on

2019-06-28 15:38:37 - [MESSAGE][PASSED] - Object: 'Object Repository/OCS-MOBILE /Product page/Quantity Increase - Button' is clicked on

2019-06-28 15:38:37 - [TEST_STEP][PASSED] - delay(2): Delayed 2 second(s)

2019-06-28 15:38:39 - [MESSAGE][PASSED] - Delayed 2 second(s)

2019-06-28 15:38:39 - [TEST_STEP][PASSED] - click(findTestObject("OCS-MOBILE /Product page/Add to Bag-button")): Object: 'Object Repository/OCS-MOBILE /Product page/Add to Bag-button' is clicked on

2019-06-28 15:38:39 - [MESSAGE][PASSED] - Object: 'Object Repository/OCS-MOBILE /Product page/Add to Bag-button' is clicked on

2019-06-28 15:38:39 - [TEST_STEP][PASSED] - delay(1): Delayed 1 second(s)

2019-06-28 15:38:40 - [MESSAGE][PASSED] - Delayed 1 second(s)

2019-06-28 15:38:40 - [TEST_STEP][NOT_RUN] - click(findTestObject("OCS-MOBILE /Home - page/Cart icon -bag")): NOT_RUN: click(findTestObject("OCS-MOBILE /Home - page/Cart icon -bag"))

2019-06-28 15:38:40 - [MESSAGE][NOT_RUN] - NOT_RUN: click(findTestObject("OCS-MOBILE /Home - page/Cart icon -bag"))

2019-06-28 15:38:40 - [TEST_STEP][PASSED] - delay(2): Delayed 2 second(s)

2019-06-28 15:38:42 - [MESSAGE][PASSED] - Delayed 2 second(s)

2019-06-28 15:38:42 - [TEST_STEP][PASSED] - delay(1): Delayed 1 second(s)

2019-06-28 15:38:43 - [MESSAGE][PASSED] - Delayed 1 second(s)

2019-06-28 15:38:43 - [TEST_STEP][PASSED] - click(findTestObject("OCS-MOBILE /Cart flyout/Checkbox_I confirm that")): Object: 'Object Repository/OCS-MOBILE /Cart flyout/Checkbox_I confirm that' is clicked on

2019-06-28 15:38:43 - [MESSAGE][PASSED] - Object: 'Object Repository/OCS-MOBILE /Cart flyout/Checkbox_I confirm that' is clicked on

2019-06-28 15:38:43 - [TEST_STEP][PASSED] - delay(2): Delayed 2 second(s)

2019-06-28 15:38:45 - [MESSAGE][PASSED] - Delayed 2 second(s)

2019-06-28 15:38:45 - [TEST_STEP][PASSED] - click(findTestObject("OCS-MOBILE /Cart flyout/Checkbox_Accept the Terms Condition")): Object: 'Object Repository/OCS-MOBILE /Cart flyout/Checkbox_Accept the Terms Condition' is clicked on

2019-06-28 15:38:45 - [MESSAGE][PASSED] - Object: 'Object Repository/OCS-MOBILE /Cart flyout/Checkbox_Accept the Terms Condition' is clicked on

2019-06-28 15:38:45 - [TEST_STEP][PASSED] - delay(2): Delayed 2 second(s)

2019-06-28 15:38:47 - [MESSAGE][PASSED] - Delayed 2 second(s)

2019-06-28 15:38:47 - [TEST_STEP][PASSED] - click(findTestObject("OCS-MOBILE /Cart flyout/Checkout - Button")): Object: 'Object Repository/OCS-MOBILE /Cart flyout/Checkout - Button' is clicked on

2019-06-28 15:38:49 - [MESSAGE][PASSED] - Object: 'Object Repository/OCS-MOBILE /Cart flyout/Checkout - Button' is clicked on

2019-06-28 15:38:49 - [TEST_STEP][NOT_RUN] - executeJavaScript("var previewBar = document.getElementById("preview-bar-iframe"); previewBar.style.display = "none";", []): NOT_RUN: executeJavaScript("var previewBar = document.getElementById("preview-bar-iframe"); previewBar.style.display = "none";", [])

2019-06-28 15:38:49 - [MESSAGE][NOT_RUN] - NOT_RUN: executeJavaScript("var previewBar = document.getElementById("preview-bar-iframe"); previewBar.style.display = "none";", [])

2019-06-28 15:38:49 - [TEST_STEP][PASSED] - delay(1): Delayed 1 second(s)

2019-06-28 15:38:50 - [MESSAGE][PASSED] - Delayed 1 second(s)

2019-06-28 15:38:50 - [TEST_STEP][PASSED] - delay(1): Delayed 1 second(s)

2019-06-28 15:38:51 - [MESSAGE][PASSED] - Delayed 1 second(s)

2019-06-28 15:38:51 - [TEST_STEP][PASSED] - callTestCase(findTestCase("OCS - MOBILE/CALL- SHIPPING TO PAYMENT"), [:], STOP_ON_FAILURE): Call Test Case 'Test Cases/OCS - MOBILE/CALL- SHIPPING TO PAYMENT' successfully

2019-06-28 15:38:51 - [TEST_CASE][PASSED] - Test Cases/OCS - MOBILE/CALL- SHIPPING TO PAYMENT: Test Cases/OCS - MOBILE/CALL- SHIPPING TO PAYMENT

2019-06-28 15:38:51 - [TEST_STEP][NOT_RUN] - executeJavaScript("var previewBar = document.getElementById("preview-bar-iframe"); previewBar.style.display = "none";", []): NOT_RUN: executeJavaScript("var previewBar = document.getElementById("preview-bar-iframe"); previewBar.style.display = "none";", [])

2019-06-28 15:38:51 - [MESSAGE][NOT_RUN] - NOT_RUN: executeJavaScript("var previewBar = document.getElementById("preview-bar-iframe"); previewBar.style.display = "none";", [])

2019-06-28 15:38:51 - [TEST_STEP][PASSED] - delay(2): Delayed 2 second(s)

2019-06-28 15:38:53 - [MESSAGE][PASSED] - Delayed 2 second(s)

2019-06-28 15:38:53 - [TEST_STEP][PASSED] - setText(findTestObject("OCS- FRENCH/Page_Ontario Cannabis Store - Infor/input_Adresse e-mail_checkoute"), "suman@gmail.com"): Text 'suman@gmail.com' is set on object 'Object Repository/OCS- FRENCH/Page_Ontario Cannabis Store - Infor/input_Adresse e-mail_checkoute'

2019-06-28 15:38:53 - [MESSAGE][PASSED] - Text 'suman@gmail.com' is set on object 'Object Repository/OCS- FRENCH/Page_Ontario Cannabis Store - Infor/input_Adresse e-mail_checkoute'

2019-06-28 15:38:53 - [TEST_STEP][PASSED] - delay(2): Delayed 2 second(s)

2019-06-28 15:38:55 - [MESSAGE][PASSED] - Delayed 2 second(s)

2019-06-28 15:38:55 - [TEST_STEP][PASSED] - setText(findTestObject("Object Repository/OCS- FRENCH/Page_Ontario Cannabis Store - Infor/input_Prnom_checkoutshipping_a"), "suman"): Text 'suman' is set on object 'Object Repository/OCS- FRENCH/Page_Ontario Cannabis Store - Infor/input_Prnom_checkoutshipping_a'

2019-06-28 15:38:55 - [MESSAGE][PASSED] - Text 'suman' is set on object 'Object Repository/OCS- FRENCH/Page_Ontario Cannabis Store - Infor/input_Prnom_checkoutshipping_a'

2019-06-28 15:38:55 - [TEST_STEP][PASSED] - delay(2): Delayed 2 second(s)

2019-06-28 15:38:57 - [MESSAGE][PASSED] - Delayed 2 second(s)

2019-06-28 15:38:57 - [TEST_STEP][PASSED] - setText(findTestObject("Object Repository/OCS- FRENCH/Page_Ontario Cannabis Store - Infor/input_Nom_checkoutshipping_add"), "test12"): Text 'test12' is set on object 'Object Repository/OCS- FRENCH/Page_Ontario Cannabis Store - Infor/input_Nom_checkoutshipping_add'

2019-06-28 15:38:57 - [MESSAGE][PASSED] - Text 'test12' is set on object 'Object Repository/OCS- FRENCH/Page_Ontario Cannabis Store - Infor/input_Nom_checkoutshipping_add'

2019-06-28 15:38:57 - [TEST_STEP][PASSED] - delay(2): Delayed 2 second(s)

2019-06-28 15:38:59 - [MESSAGE][PASSED] - Delayed 2 second(s)

2019-06-28 15:39:00 - [TEST_STEP][PASSED] - setText(findTestObject("Object Repository/OCS- FRENCH/Page_Ontario Cannabis Store - Infor/input_Adresse_checkoutshipping"), "test12"): Text 'test12' is set on object 'Object Repository/OCS- FRENCH/Page_Ontario Cannabis Store - Infor/input_Adresse_checkoutshipping'

2019-06-28 15:39:00 - [MESSAGE][PASSED] - Text 'test12' is set on object 'Object Repository/OCS- FRENCH/Page_Ontario Cannabis Store - Infor/input_Adresse_checkoutshipping'

2019-06-28 15:39:00 - [TEST_STEP][PASSED] - delay(2): Delayed 2 second(s)

2019-06-28 15:39:02 - [MESSAGE][PASSED] - Delayed 2 second(s)

2019-06-28 15:39:02 - [TEST_STEP][PASSED] - setText(findTestObject("Object Repository/OCS- FRENCH/Page_Ontario Cannabis Store - Infor/input_Appartement suite etc. ("), "12"): Text '12' is set on object 'Object Repository/OCS- FRENCH/Page_Ontario Cannabis Store - Infor/input_Appartement suite etc. ('

2019-06-28 15:39:02 - [MESSAGE][PASSED] - Text '12' is set on object 'Object Repository/OCS- FRENCH/Page_Ontario Cannabis Store - Infor/input_Appartement suite etc. ('

2019-06-28 15:39:02 - [TEST_STEP][PASSED] - delay(2): Delayed 2 second(s)

2019-06-28 15:39:04 - [MESSAGE][PASSED] - Delayed 2 second(s)

2019-06-28 15:39:04 - [TEST_STEP][PASSED] - setText(findTestObject("Object Repository/OCS- FRENCH/Page_Ontario Cannabis Store - Infor/input_Ville_checkoutshipping_a"), "montreal"): Text 'montreal' is set on object 'Object Repository/OCS- FRENCH/Page_Ontario Cannabis Store - Infor/input_Ville_checkoutshipping_a'

2019-06-28 15:39:04 - [MESSAGE][PASSED] - Text 'montreal' is set on object 'Object Repository/OCS- FRENCH/Page_Ontario Cannabis Store - Infor/input_Ville_checkoutshipping_a'

2019-06-28 15:39:04 - [TEST_STEP][PASSED] - delay(2): Delayed 2 second(s)

2019-06-28 15:39:06 - [MESSAGE][PASSED] - Delayed 2 second(s)

2019-06-28 15:39:06 - [TEST_STEP][PASSED] - setText(findTestObject("Object Repository/OCS- FRENCH/Page_Ontario Cannabis Store - Infor/input_Code postal_checkoutship"), "n0r1k0"): Text 'n0r1k0' is set on object 'Object Repository/OCS- FRENCH/Page_Ontario Cannabis Store - Infor/input_Code postal_checkoutship'

2019-06-28 15:39:06 - [MESSAGE][PASSED] - Text 'n0r1k0' is set on object 'Object Repository/OCS- FRENCH/Page_Ontario Cannabis Store - Infor/input_Code postal_checkoutship'

2019-06-28 15:39:06 - [TEST_STEP][PASSED] - delay(2): Delayed 2 second(s)

2019-06-28 15:39:08 - [MESSAGE][PASSED] - Delayed 2 second(s)

2019-06-28 15:39:08 - [TEST_STEP][PASSED] - setText(findTestObject("Object Repository/OCS- FRENCH/Page_Ontario Cannabis Store - Infor/input_Tlphone_checkoutshipping"), "514-449-3883"): Text '514-449-3883' is set on object 'Object Repository/OCS- FRENCH/Page_Ontario Cannabis Store - Infor/input_Tlphone_checkoutshipping'

2019-06-28 15:39:08 - [MESSAGE][PASSED] - Text '514-449-3883' is set on object 'Object Repository/OCS- FRENCH/Page_Ontario Cannabis Store - Infor/input_Tlphone_checkoutshipping'

2019-06-28 15:39:08 - [TEST_STEP][PASSED] - delay(2): Delayed 2 second(s)

2019-06-28 15:39:10 - [MESSAGE][PASSED] - Delayed 2 second(s)

2019-06-28 15:39:10 - [TEST_STEP][PASSED] - click(findTestObject("Object Repository/OCS- FRENCH/Page_Ontario Cannabis Store - Infor/button_Continuer vers le mode")): Object: 'Object Repository/OCS- FRENCH/Page_Ontario Cannabis Store - Infor/button_Continuer vers le mode' is clicked on

2019-06-28 15:39:11 - [MESSAGE][PASSED] - Object: 'Object Repository/OCS- FRENCH/Page_Ontario Cannabis Store - Infor/button_Continuer vers le mode' is clicked on

2019-06-28 15:39:11 - [TEST_STEP][PASSED] - delay(2): Delayed 2 second(s)

2019-06-28 15:39:13 - [MESSAGE][PASSED] - Delayed 2 second(s)

2019-06-28 15:39:13 - [TEST_STEP][NOT_RUN] - executeJavaScript("var previewBar = document.getElementById("preview-bar-iframe"); previewBar.style.display = "none";", []): NOT_RUN: executeJavaScript("var previewBar = document.getElementById("preview-bar-iframe"); previewBar.style.display = "none";", [])

2019-06-28 15:39:13 - [MESSAGE][NOT_RUN] - NOT_RUN: executeJavaScript("var previewBar = document.getElementById("preview-bar-iframe"); previewBar.style.display = "none";", [])

2019-06-28 15:39:13 - [TEST_STEP][PASSED] - delay(2): Delayed 2 second(s)

2019-06-28 15:39:15 - [MESSAGE][PASSED] - Delayed 2 second(s)

2019-06-28 15:39:15 - [TEST_STEP][PASSED] - click(findTestObject("Object Repository/OCS- FRENCH/Page_Ontario Cannabis Store - Livra/button_Continuer vers le moyen")): Object: 'Object Repository/OCS- FRENCH/Page_Ontario Cannabis Store - Livra/button_Continuer vers le moyen' is clicked on

2019-06-28 15:39:15 - [MESSAGE][PASSED] - Object: 'Object Repository/OCS- FRENCH/Page_Ontario Cannabis Store - Livra/button_Continuer vers le moyen' is clicked on

2019-06-28 15:39:15 - [MESSAGE][PASSED] - Call Test Case 'Test Cases/OCS - MOBILE/CALL- SHIPPING TO PAYMENT' successfully

2019-06-28 15:39:15 - [TEST_STEP][NOT_RUN] - executeJavaScript("var previewBar = document.getElementById("preview-bar-iframe"); previewBar.style.display = "none";", []): NOT_RUN: executeJavaScript("var previewBar = document.getElementById("preview-bar-iframe"); previewBar.style.display = "none";", [])

2019-06-28 15:39:15 - [MESSAGE][NOT_RUN] - NOT_RUN: executeJavaScript("var previewBar = document.getElementById("preview-bar-iframe"); previewBar.style.display = "none";", [])

2019-06-28 15:39:15 - [TEST_STEP][PASSED] - delay(1): Delayed 1 second(s)

2019-06-28 15:39:16 - [MESSAGE][PASSED] - Delayed 1 second(s)

2019-06-28 15:39:16 - [TEST_STEP][PASSED] - click(findTestObject("OCS- FRENCH/Change link span 1")): Object: 'Object Repository/OCS- FRENCH/Change link span 1' is clicked on

2019-06-28 15:39:20 - [MESSAGE][PASSED] - Object: 'Object Repository/OCS- FRENCH/Change link span 1' is clicked on

2019-06-28 15:39:20 - [TEST_STEP][NOT_RUN] - executeJavaScript("var previewBar = document.getElementById("preview-bar-iframe"); previewBar.style.display = "none";", []): NOT_RUN: executeJavaScript("var previewBar = document.getElementById("preview-bar-iframe"); previewBar.style.display = "none";", [])

2019-06-28 15:39:20 - [MESSAGE][NOT_RUN] - NOT_RUN: executeJavaScript("var previewBar = document.getElementById("preview-bar-iframe"); previewBar.style.display = "none";", [])

2019-06-28 15:39:20 - [TEST_STEP][PASSED] - setViewPortSize(360, 1000, CONTINUE_ON_FAILURE): Viewport is set to new size with width = 360 and height = 1000

2019-06-28 15:39:20 - [MESSAGE][PASSED] - Viewport is set to new size with width = 360 and height = 1000

2019-06-28 15:39:20 - [TEST_STEP][PASSED] - click(findTestObject("OCS- FRENCH/Page_Ontario Cannabis Store - Infor/button_Continuer vers le mode")): Object: 'Object Repository/OCS- FRENCH/Page_Ontario Cannabis Store - Infor/button_Continuer vers le mode' is clicked on

2019-06-28 15:39:21 - [MESSAGE][PASSED] - Object: 'Object Repository/OCS- FRENCH/Page_Ontario Cannabis Store - Infor/button_Continuer vers le mode' is clicked on

2019-06-28 15:39:21 - [TEST_STEP][NOT_RUN] - delay(1): NOT_RUN: delay(1)

2019-06-28 15:39:21 - [MESSAGE][NOT_RUN] - NOT_RUN: delay(1)

2019-06-28 15:39:21 - [TEST_STEP][NOT_RUN] - executeJavaScript("var previewBar = document.getElementById("preview-bar-iframe"); previewBar.style.display = "none";", []): NOT_RUN: executeJavaScript("var previewBar = document.getElementById("preview-bar-iframe"); previewBar.style.display = "none";", [])

2019-06-28 15:39:21 - [MESSAGE][NOT_RUN] - NOT_RUN: executeJavaScript("var previewBar = document.getElementById("preview-bar-iframe"); previewBar.style.display = "none";", [])

2019-06-28 15:39:21 - [TEST_STEP][PASSED] - delay(1): Delayed 1 second(s)

2019-06-28 15:39:22 - [MESSAGE][PASSED] - Delayed 1 second(s)

2019-06-28 15:39:22 - [TEST_STEP][PASSED] - click(findTestObject("OCS- FRENCH/Page_Ontario Cannabis Store - Livra/button_Continuer vers le moyen")): Object: 'Object Repository/OCS- FRENCH/Page_Ontario Cannabis Store - Livra/button_Continuer vers le moyen' is clicked on

2019-06-28 15:39:24 - [MESSAGE][PASSED] - Object: 'Object Repository/OCS- FRENCH/Page_Ontario Cannabis Store - Livra/button_Continuer vers le moyen' is clicked on

2019-06-28 15:39:24 - [TEST_STEP][PASSED] - delay(1): Delayed 1 second(s)

2019-06-28 15:39:25 - [MESSAGE][PASSED] - Delayed 1 second(s)

2019-06-28 15:39:25 - [TEST_STEP][PASSED] - click(findTestObject("OCS- FRENCH/Change link span 2")): Object: 'Object Repository/OCS- FRENCH/Change link span 2' is clicked on

2019-06-28 15:39:27 - [MESSAGE][PASSED] - Object: 'Object Repository/OCS- FRENCH/Change link span 2' is clicked on

2019-06-28 15:39:27 - [TEST_STEP][NOT_RUN] - executeJavaScript("var previewBar = document.getElementById("preview-bar-iframe"); previewBar.style.display = "none";", []): NOT_RUN: executeJavaScript("var previewBar = document.getElementById("preview-bar-iframe"); previewBar.style.display = "none";", [])

2019-06-28 15:39:27 - [MESSAGE][NOT_RUN] - NOT_RUN: executeJavaScript("var previewBar = document.getElementById("preview-bar-iframe"); previewBar.style.display = "none";", [])

2019-06-28 15:39:27 - [TEST_STEP][PASSED] - delay(1): Delayed 1 second(s)

2019-06-28 15:39:28 - [MESSAGE][PASSED] - Delayed 1 second(s)

2019-06-28 15:39:28 - [TEST_STEP][PASSED] - click(findTestObject("OCS- FRENCH/Page_Ontario Cannabis Store - Livra/button_Continuer vers le moyen")): Object: 'Object Repository/OCS- FRENCH/Page_Ontario Cannabis Store - Livra/button_Continuer vers le moyen' is clicked on

2019-06-28 15:39:28 - [MESSAGE][PASSED] - Object: 'Object Repository/OCS- FRENCH/Page_Ontario Cannabis Store - Livra/button_Continuer vers le moyen' is clicked on

2019-06-28 15:39:28 - [TEST_STEP][PASSED] - delay(1): Delayed 1 second(s)

2019-06-28 15:39:29 - [MESSAGE][PASSED] - Delayed 1 second(s)

2019-06-28 15:39:29 - [TEST_STEP][PASSED] - click(findTestObject("OCS- FRENCH/REturn to shipping page")): Object: 'Object Repository/OCS- FRENCH/REturn to shipping page' is clicked on

2019-06-28 15:39:37 - [MESSAGE][PASSED] - Object: 'Object Repository/OCS- FRENCH/REturn to shipping page' is clicked on

2019-06-28 15:39:37 - [TEST_STEP][PASSED] - delay(1): Delayed 1 second(s)

2019-06-28 15:39:38 - [MESSAGE][PASSED] - Delayed 1 second(s)

2019-06-28 15:39:38 - [TEST_STEP][PASSED] - click(findTestObject("OCS- FRENCH/Page_Ontario Cannabis Store - Livra/button_Continuer vers le moyen")): Object: 'Object Repository/OCS- FRENCH/Page_Ontario Cannabis Store - Livra/button_Continuer vers le moyen' is clicked on

2019-06-28 15:39:44 - [MESSAGE][PASSED] - Object: 'Object Repository/OCS- FRENCH/Page_Ontario Cannabis Store - Livra/button_Continuer vers le moyen' is clicked on]]></system-out>
         <system-err><![CDATA[]]></system-err>
      </testcase>
      <testcase name="Test Cases/OCS- FRENCH/CRITICAL PATH/Chcekout - Customer info page - fr" classname="Test Cases/OCS- FRENCH/CRITICAL PATH/Chcekout - Customer info page - fr" status="PASSED">
         <system-out><![CDATA[2019-06-28 15:39:44 - [TEST_CASE][PASSED] - Test Cases/OCS- FRENCH/CRITICAL PATH/Chcekout - Customer info page - fr: Test Cases/OCS- FRENCH/CRITICAL PATH/Chcekout - Customer info page - fr

2019-06-28 15:39:44 - [TEST_STEP][PASSED] - callTestCase(findTestCase("OCS - MOBILE/CALL - AGE GATE"), [:], STOP_ON_FAILURE): Call Test Case 'Test Cases/OCS - MOBILE/CALL - AGE GATE' successfully

2019-06-28 15:39:44 - [TEST_CASE][PASSED] - Test Cases/OCS - MOBILE/CALL - AGE GATE: Test Cases/OCS - MOBILE/CALL - AGE GATE

2019-06-28 15:39:44 - [TEST_STEP][PASSED] - openBrowser(""): Browser is opened with url: ''

2019-06-28 15:39:44 - [MESSAGE][WARNING] - A browser is already opened. Closing browser and opening a new one

2019-06-28 15:39:44 - [MESSAGE][INFO] - Starting 'Chrome' driver

2019-06-28 15:39:45 - [MESSAGE][PASSED] - Browser is opened with url: ''

2019-06-28 15:39:45 - [TEST_STEP][PASSED] - navigateToUrl("ocs.ca"): Navigate to 'http://ocs.ca' successfully

2019-06-28 15:39:50 - [MESSAGE][PASSED] - Navigate to 'http://ocs.ca' successfully

2019-06-28 15:39:50 - [TEST_STEP][NOT_RUN] - executeJavaScript("var previewBar = document.getElementById("preview-bar-iframe"); previewBar.style.display = "none";", []): NOT_RUN: executeJavaScript("var previewBar = document.getElementById("preview-bar-iframe"); previewBar.style.display = "none";", [])

2019-06-28 15:39:50 - [MESSAGE][NOT_RUN] - NOT_RUN: executeJavaScript("var previewBar = document.getElementById("preview-bar-iframe"); previewBar.style.display = "none";", [])

2019-06-28 15:39:50 - [TEST_STEP][PASSED] - setViewPortSize(360, 800): Viewport is set to new size with width = 360 and height = 800

2019-06-28 15:39:50 - [MESSAGE][PASSED] - Viewport is set to new size with width = 360 and height = 800

2019-06-28 15:39:50 - [TEST_STEP][PASSED] - delay(4): Delayed 4 second(s)

2019-06-28 15:39:54 - [MESSAGE][PASSED] - Delayed 4 second(s)

2019-06-28 15:39:54 - [TEST_STEP][PASSED] - selectOptionByValue(findTestObject("OCS-MOBILE /Age gate and burger menu/Date"), "12", true): All options with value '12' are selected in object 'Object Repository/OCS-MOBILE /Age gate and burger menu/Date'  using regular expression

2019-06-28 15:39:54 - [MESSAGE][PASSED] - All options with value '12' are selected in object 'Object Repository/OCS-MOBILE /Age gate and burger menu/Date'  using regular expression

2019-06-28 15:39:54 - [TEST_STEP][PASSED] - selectOptionByValue(findTestObject("OCS-MOBILE /Age gate and burger menu/month"), "6", true): All options with value '6' are selected in object 'Object Repository/OCS-MOBILE /Age gate and burger menu/month'  using regular expression

2019-06-28 15:39:55 - [MESSAGE][PASSED] - All options with value '6' are selected in object 'Object Repository/OCS-MOBILE /Age gate and burger menu/month'  using regular expression

2019-06-28 15:39:55 - [TEST_STEP][PASSED] - delay(2): Delayed 2 second(s)

2019-06-28 15:39:57 - [MESSAGE][PASSED] - Delayed 2 second(s)

2019-06-28 15:39:57 - [TEST_STEP][PASSED] - selectOptionByValue(findTestObject("OCS-MOBILE /Age gate and burger menu/Year Dropdown"), "1990", true): All options with value '1990' are selected in object 'Object Repository/OCS-MOBILE /Age gate and burger menu/Year Dropdown'  using regular expression

2019-06-28 15:39:58 - [MESSAGE][PASSED] - All options with value '1990' are selected in object 'Object Repository/OCS-MOBILE /Age gate and burger menu/Year Dropdown'  using regular expression

2019-06-28 15:39:58 - [TEST_STEP][PASSED] - click(findTestObject("OCS-MOBILE /Age gate and Mega menu/button_Verify")): Object: 'Object Repository/OCS-MOBILE /Age gate and Mega menu/button_Verify' is clicked on

2019-06-28 15:39:58 - [MESSAGE][PASSED] - Object: 'Object Repository/OCS-MOBILE /Age gate and Mega menu/button_Verify' is clicked on

2019-06-28 15:39:58 - [TEST_STEP][PASSED] - click(findTestObject("OCS-MOBILE /Age gate and Mega menu/Checkbox_CONFIRM AND ACKNOWLEDGE")): Object: 'Object Repository/OCS-MOBILE /Age gate and Mega menu/Checkbox_CONFIRM AND ACKNOWLEDGE' is clicked on

2019-06-28 15:39:58 - [MESSAGE][PASSED] - Object: 'Object Repository/OCS-MOBILE /Age gate and Mega menu/Checkbox_CONFIRM AND ACKNOWLEDGE' is clicked on

2019-06-28 15:39:58 - [TEST_STEP][PASSED] - click(findTestObject("OCS-MOBILE /Age gate and Mega menu/button_CONFIRM")): Object: 'Object Repository/OCS-MOBILE /Age gate and Mega menu/button_CONFIRM' is clicked on

2019-06-28 15:39:58 - [MESSAGE][PASSED] - Object: 'Object Repository/OCS-MOBILE /Age gate and Mega menu/button_CONFIRM' is clicked on

2019-06-28 15:39:58 - [TEST_STEP][PASSED] - click(findTestObject("OCS-MOBILE /Age gate and Mega menu/button_Start Browsing")): Object: 'Object Repository/OCS-MOBILE /Age gate and Mega menu/button_Start Browsing' is clicked on

2019-06-28 15:39:58 - [MESSAGE][PASSED] - Object: 'Object Repository/OCS-MOBILE /Age gate and Mega menu/button_Start Browsing' is clicked on

2019-06-28 15:39:58 - [TEST_STEP][PASSED] - refresh(): Refresh successfully

2019-06-28 15:40:01 - [MESSAGE][PASSED] - Refresh successfully

2019-06-28 15:40:01 - [TEST_STEP][NOT_RUN] - executeJavaScript("var previewBar = document.getElementById("preview-bar-iframe"); previewBar.style.display = "none";", []): NOT_RUN: executeJavaScript("var previewBar = document.getElementById("preview-bar-iframe"); previewBar.style.display = "none";", [])

2019-06-28 15:40:01 - [MESSAGE][NOT_RUN] - NOT_RUN: executeJavaScript("var previewBar = document.getElementById("preview-bar-iframe"); previewBar.style.display = "none";", [])

2019-06-28 15:40:01 - [MESSAGE][PASSED] - Call Test Case 'Test Cases/OCS - MOBILE/CALL - AGE GATE' successfully

2019-06-28 15:40:01 - [TEST_STEP][PASSED] - callTestCase(findTestCase("OCS - MOBILE/CALL- TOGGLING LANGUAGE"), [:], STOP_ON_FAILURE): Call Test Case 'Test Cases/OCS - MOBILE/CALL- TOGGLING LANGUAGE' successfully

2019-06-28 15:40:01 - [TEST_CASE][PASSED] - Test Cases/OCS - MOBILE/CALL- TOGGLING LANGUAGE: Test Cases/OCS - MOBILE/CALL- TOGGLING LANGUAGE

2019-06-28 15:40:01 - [TEST_STEP][PASSED] - delay(2): Delayed 2 second(s)

2019-06-28 15:40:03 - [MESSAGE][PASSED] - Delayed 2 second(s)

2019-06-28 15:40:03 - [TEST_STEP][PASSED] - click(findTestObject("OCS-MOBILE /Age gate and burger menu/Burger menu - English")): Object: 'Object Repository/OCS-MOBILE /Age gate and burger menu/Burger menu - English' is clicked on

2019-06-28 15:40:03 - [MESSAGE][PASSED] - Object: 'Object Repository/OCS-MOBILE /Age gate and burger menu/Burger menu - English' is clicked on

2019-06-28 15:40:03 - [TEST_STEP][PASSED] - delay(2): Delayed 2 second(s)

2019-06-28 15:40:05 - [MESSAGE][PASSED] - Delayed 2 second(s)

2019-06-28 15:40:05 - [TEST_STEP][PASSED] - click(findTestObject("OCS-MOBILE /Cart flyout/English dropdown")): Object: 'Object Repository/OCS-MOBILE /Cart flyout/English dropdown' is clicked on

2019-06-28 15:40:05 - [MESSAGE][PASSED] - Object: 'Object Repository/OCS-MOBILE /Cart flyout/English dropdown' is clicked on

2019-06-28 15:40:05 - [TEST_STEP][PASSED] - delay(2): Delayed 2 second(s)

2019-06-28 15:40:07 - [MESSAGE][PASSED] - Delayed 2 second(s)

2019-06-28 15:40:07 - [TEST_STEP][NOT_RUN] - executeJavaScript("var previewBar = document.getElementById("preview-bar-iframe"); previewBar.style.display = "none";", []): NOT_RUN: executeJavaScript("var previewBar = document.getElementById("preview-bar-iframe"); previewBar.style.display = "none";", [])

2019-06-28 15:40:07 - [MESSAGE][NOT_RUN] - NOT_RUN: executeJavaScript("var previewBar = document.getElementById("preview-bar-iframe"); previewBar.style.display = "none";", [])

2019-06-28 15:40:07 - [TEST_STEP][PASSED] - click(findTestObject("OCS-MOBILE /Cart flyout/Select French")): Object: 'Object Repository/OCS-MOBILE /Cart flyout/Select French' is clicked on

2019-06-28 15:40:07 - [MESSAGE][PASSED] - Object: 'Object Repository/OCS-MOBILE /Cart flyout/Select French' is clicked on

2019-06-28 15:40:07 - [MESSAGE][PASSED] - Call Test Case 'Test Cases/OCS - MOBILE/CALL- TOGGLING LANGUAGE' successfully

2019-06-28 15:40:07 - [TEST_STEP][PASSED] - delay(2): Delayed 2 second(s)

2019-06-28 15:40:09 - [MESSAGE][PASSED] - Delayed 2 second(s)

2019-06-28 15:40:09 - [TEST_STEP][PASSED] - click(findTestObject("OCS-MOBILE /Age gate and burger menu/Burger menu - English")): Object: 'Object Repository/OCS-MOBILE /Age gate and burger menu/Burger menu - English' is clicked on

2019-06-28 15:40:11 - [MESSAGE][PASSED] - Object: 'Object Repository/OCS-MOBILE /Age gate and burger menu/Burger menu - English' is clicked on

2019-06-28 15:40:11 - [TEST_STEP][PASSED] - delay(2): Delayed 2 second(s)

2019-06-28 15:40:13 - [MESSAGE][PASSED] - Delayed 2 second(s)

2019-06-28 15:40:13 - [TEST_STEP][PASSED] - click(findTestObject("OCS-MOBILE /Age gate and burger menu/Chevron_Cannabis")): Object: 'Object Repository/OCS-MOBILE /Age gate and burger menu/Chevron_Cannabis' is clicked on

2019-06-28 15:40:13 - [MESSAGE][PASSED] - Object: 'Object Repository/OCS-MOBILE /Age gate and burger menu/Chevron_Cannabis' is clicked on

2019-06-28 15:40:13 - [TEST_STEP][PASSED] - delay(2): Delayed 2 second(s)

2019-06-28 15:40:15 - [MESSAGE][PASSED] - Delayed 2 second(s)

2019-06-28 15:40:15 - [TEST_STEP][PASSED] - click(findTestObject("OCS-MOBILE /Age gate and burger menu/Dried Flower_Plus icon")): Object: 'Object Repository/OCS-MOBILE /Age gate and burger menu/Dried Flower_Plus icon' is clicked on

2019-06-28 15:40:15 - [MESSAGE][PASSED] - Object: 'Object Repository/OCS-MOBILE /Age gate and burger menu/Dried Flower_Plus icon' is clicked on

2019-06-28 15:40:15 - [TEST_STEP][PASSED] - delay(2): Delayed 2 second(s)

2019-06-28 15:40:17 - [MESSAGE][PASSED] - Delayed 2 second(s)

2019-06-28 15:40:17 - [TEST_STEP][PASSED] - click(findTestObject("OCS- FRENCH/Indica Dominant_Menu item")): Object: 'Object Repository/OCS- FRENCH/Indica Dominant_Menu item' is clicked on

2019-06-28 15:40:21 - [MESSAGE][PASSED] - Object: 'Object Repository/OCS- FRENCH/Indica Dominant_Menu item' is clicked on

2019-06-28 15:40:21 - [TEST_STEP][NOT_RUN] - executeJavaScript("var previewBar = document.getElementById("preview-bar-iframe"); previewBar.style.display = "none";", []): NOT_RUN: executeJavaScript("var previewBar = document.getElementById("preview-bar-iframe"); previewBar.style.display = "none";", [])

2019-06-28 15:40:21 - [MESSAGE][NOT_RUN] - NOT_RUN: executeJavaScript("var previewBar = document.getElementById("preview-bar-iframe"); previewBar.style.display = "none";", [])

2019-06-28 15:40:21 - [TEST_STEP][PASSED] - delay(2): Delayed 2 second(s)

2019-06-28 15:40:23 - [MESSAGE][PASSED] - Delayed 2 second(s)

2019-06-28 15:40:23 - [TEST_STEP][PASSED] - click(findTestObject("OCS- FRENCH/Product image - 1st one")): Object: 'Object Repository/OCS- FRENCH/Product image - 1st one' is clicked on

2019-06-28 15:40:27 - [MESSAGE][PASSED] - Object: 'Object Repository/OCS- FRENCH/Product image - 1st one' is clicked on

2019-06-28 15:40:27 - [TEST_STEP][NOT_RUN] - executeJavaScript("var previewBar = document.getElementById("preview-bar-iframe"); previewBar.style.display = "none";", []): NOT_RUN: executeJavaScript("var previewBar = document.getElementById("preview-bar-iframe"); previewBar.style.display = "none";", [])

2019-06-28 15:40:27 - [MESSAGE][NOT_RUN] - NOT_RUN: executeJavaScript("var previewBar = document.getElementById("preview-bar-iframe"); previewBar.style.display = "none";", [])

2019-06-28 15:40:27 - [TEST_STEP][PASSED] - delay(2): Delayed 2 second(s)

2019-06-28 15:40:29 - [MESSAGE][PASSED] - Delayed 2 second(s)

2019-06-28 15:40:29 - [TEST_STEP][PASSED] - click(findTestObject("OCS-MOBILE /Product page/Swatch_1g")): Object: 'Object Repository/OCS-MOBILE /Product page/Swatch_1g' is clicked on

2019-06-28 15:40:29 - [MESSAGE][PASSED] - Object: 'Object Repository/OCS-MOBILE /Product page/Swatch_1g' is clicked on

2019-06-28 15:40:29 - [TEST_STEP][PASSED] - delay(2): Delayed 2 second(s)

2019-06-28 15:40:31 - [MESSAGE][PASSED] - Delayed 2 second(s)

2019-06-28 15:40:31 - [TEST_STEP][PASSED] - click(findTestObject("OCS-MOBILE /Product page/Quantity Increase - Button")): Object: 'Object Repository/OCS-MOBILE /Product page/Quantity Increase - Button' is clicked on

2019-06-28 15:40:31 - [MESSAGE][PASSED] - Object: 'Object Repository/OCS-MOBILE /Product page/Quantity Increase - Button' is clicked on

2019-06-28 15:40:31 - [TEST_STEP][PASSED] - delay(2): Delayed 2 second(s)

2019-06-28 15:40:33 - [MESSAGE][PASSED] - Delayed 2 second(s)

2019-06-28 15:40:33 - [TEST_STEP][PASSED] - click(findTestObject("OCS-MOBILE /Product page/Add to Bag-button")): Object: 'Object Repository/OCS-MOBILE /Product page/Add to Bag-button' is clicked on

2019-06-28 15:40:33 - [MESSAGE][PASSED] - Object: 'Object Repository/OCS-MOBILE /Product page/Add to Bag-button' is clicked on

2019-06-28 15:40:33 - [TEST_STEP][PASSED] - delay(1): Delayed 1 second(s)

2019-06-28 15:40:34 - [MESSAGE][PASSED] - Delayed 1 second(s)

2019-06-28 15:40:34 - [TEST_STEP][NOT_RUN] - click(findTestObject("OCS-MOBILE /Home - page/Cart icon -bag")): NOT_RUN: click(findTestObject("OCS-MOBILE /Home - page/Cart icon -bag"))

2019-06-28 15:40:34 - [MESSAGE][NOT_RUN] - NOT_RUN: click(findTestObject("OCS-MOBILE /Home - page/Cart icon -bag"))

2019-06-28 15:40:34 - [TEST_STEP][PASSED] - delay(2): Delayed 2 second(s)

2019-06-28 15:40:36 - [MESSAGE][PASSED] - Delayed 2 second(s)

2019-06-28 15:40:36 - [TEST_STEP][PASSED] - delay(1): Delayed 1 second(s)

2019-06-28 15:40:37 - [MESSAGE][PASSED] - Delayed 1 second(s)

2019-06-28 15:40:37 - [TEST_STEP][PASSED] - click(findTestObject("OCS-MOBILE /Cart flyout/Checkbox_I confirm that")): Object: 'Object Repository/OCS-MOBILE /Cart flyout/Checkbox_I confirm that' is clicked on

2019-06-28 15:40:37 - [MESSAGE][PASSED] - Object: 'Object Repository/OCS-MOBILE /Cart flyout/Checkbox_I confirm that' is clicked on

2019-06-28 15:40:37 - [TEST_STEP][PASSED] - delay(2): Delayed 2 second(s)

2019-06-28 15:40:39 - [MESSAGE][PASSED] - Delayed 2 second(s)

2019-06-28 15:40:39 - [TEST_STEP][PASSED] - click(findTestObject("OCS-MOBILE /Cart flyout/Checkbox_Accept the Terms Condition")): Object: 'Object Repository/OCS-MOBILE /Cart flyout/Checkbox_Accept the Terms Condition' is clicked on

2019-06-28 15:40:39 - [MESSAGE][PASSED] - Object: 'Object Repository/OCS-MOBILE /Cart flyout/Checkbox_Accept the Terms Condition' is clicked on

2019-06-28 15:40:39 - [TEST_STEP][PASSED] - delay(2): Delayed 2 second(s)

2019-06-28 15:40:41 - [MESSAGE][PASSED] - Delayed 2 second(s)

2019-06-28 15:40:41 - [TEST_STEP][PASSED] - click(findTestObject("OCS-MOBILE /Cart flyout/Checkout - Button")): Object: 'Object Repository/OCS-MOBILE /Cart flyout/Checkout - Button' is clicked on

2019-06-28 15:40:43 - [MESSAGE][PASSED] - Object: 'Object Repository/OCS-MOBILE /Cart flyout/Checkout - Button' is clicked on

2019-06-28 15:40:43 - [TEST_STEP][NOT_RUN] - executeJavaScript("var previewBar = document.getElementById("preview-bar-iframe"); previewBar.style.display = "none";", []): NOT_RUN: executeJavaScript("var previewBar = document.getElementById("preview-bar-iframe"); previewBar.style.display = "none";", [])

2019-06-28 15:40:43 - [MESSAGE][NOT_RUN] - NOT_RUN: executeJavaScript("var previewBar = document.getElementById("preview-bar-iframe"); previewBar.style.display = "none";", [])

2019-06-28 15:40:43 - [TEST_STEP][PASSED] - delay(1): Delayed 1 second(s)

2019-06-28 15:40:44 - [MESSAGE][PASSED] - Delayed 1 second(s)

2019-06-28 15:40:44 - [TEST_STEP][PASSED] - click(findTestObject("OCS-MOBILE /Customer info page/Chevron_OrderSummary")): Object: 'Object Repository/OCS-MOBILE /Customer info page/Chevron_OrderSummary' is clicked on

2019-06-28 15:40:44 - [MESSAGE][PASSED] - Object: 'Object Repository/OCS-MOBILE /Customer info page/Chevron_OrderSummary' is clicked on

2019-06-28 15:40:44 - [TEST_STEP][PASSED] - delay(2): Delayed 2 second(s)

2019-06-28 15:40:46 - [MESSAGE][PASSED] - Delayed 2 second(s)

2019-06-28 15:40:46 - [TEST_STEP][PASSED] - delay(2): Delayed 2 second(s)

2019-06-28 15:40:48 - [MESSAGE][PASSED] - Delayed 2 second(s)

2019-06-28 15:40:48 - [TEST_STEP][PASSED] - delay(1): Delayed 1 second(s)

2019-06-28 15:40:49 - [MESSAGE][PASSED] - Delayed 1 second(s)

2019-06-28 15:40:49 - [TEST_STEP][PASSED] - scrollToElement(findTestObject("OCS-MOBILE /Customer info page/Return to Cart - Link"), 1): Scroll to object 'Object Repository/OCS-MOBILE /Customer info page/Return to Cart - Link' successfully

2019-06-28 15:40:49 - [MESSAGE][PASSED] - Scroll to object 'Object Repository/OCS-MOBILE /Customer info page/Return to Cart - Link' successfully

2019-06-28 15:40:49 - [TEST_STEP][PASSED] - delay(1): Delayed 1 second(s)

2019-06-28 15:40:50 - [MESSAGE][PASSED] - Delayed 1 second(s)

2019-06-28 15:40:50 - [TEST_STEP][PASSED] - click(findTestObject("OCS-MOBILE /Customer info page/Return to Cart - Link")): Object: 'Object Repository/OCS-MOBILE /Customer info page/Return to Cart - Link' is clicked on

2019-06-28 15:40:51 - [MESSAGE][PASSED] - Object: 'Object Repository/OCS-MOBILE /Customer info page/Return to Cart - Link' is clicked on

2019-06-28 15:40:51 - [TEST_STEP][NOT_RUN] - executeJavaScript("var previewBar = document.getElementById("preview-bar-iframe"); previewBar.style.display = "none";", []): NOT_RUN: executeJavaScript("var previewBar = document.getElementById("preview-bar-iframe"); previewBar.style.display = "none";", [])

2019-06-28 15:40:51 - [MESSAGE][NOT_RUN] - NOT_RUN: executeJavaScript("var previewBar = document.getElementById("preview-bar-iframe"); previewBar.style.display = "none";", [])

2019-06-28 15:40:51 - [TEST_STEP][PASSED] - delay(1): Delayed 1 second(s)

2019-06-28 15:40:52 - [MESSAGE][PASSED] - Delayed 1 second(s)

2019-06-28 15:40:52 - [TEST_STEP][PASSED] - click(findTestObject("OCS-MOBILE /Cart page/cart page-Checkbox_I confirm that")): Object: 'Object Repository/OCS-MOBILE /Cart page/cart page-Checkbox_I confirm that' is clicked on

2019-06-28 15:40:53 - [MESSAGE][PASSED] - Object: 'Object Repository/OCS-MOBILE /Cart page/cart page-Checkbox_I confirm that' is clicked on

2019-06-28 15:40:53 - [TEST_STEP][PASSED] - delay(1): Delayed 1 second(s)

2019-06-28 15:40:54 - [MESSAGE][PASSED] - Delayed 1 second(s)

2019-06-28 15:40:54 - [TEST_STEP][PASSED] - click(findTestObject("OCS-MOBILE /Cart page/cart page - Checkbox_Accept the Terms Condition")): Object: 'Object Repository/OCS-MOBILE /Cart page/cart page - Checkbox_Accept the Terms Condition' is clicked on

2019-06-28 15:40:54 - [MESSAGE][PASSED] - Object: 'Object Repository/OCS-MOBILE /Cart page/cart page - Checkbox_Accept the Terms Condition' is clicked on

2019-06-28 15:40:54 - [TEST_STEP][NOT_RUN] - executeJavaScript("var previewBar = document.getElementById("preview-bar-iframe"); previewBar.style.display = "none";", []): NOT_RUN: executeJavaScript("var previewBar = document.getElementById("preview-bar-iframe"); previewBar.style.display = "none";", [])

2019-06-28 15:40:54 - [MESSAGE][NOT_RUN] - NOT_RUN: executeJavaScript("var previewBar = document.getElementById("preview-bar-iframe"); previewBar.style.display = "none";", [])

2019-06-28 15:40:54 - [TEST_STEP][PASSED] - delay(1): Delayed 1 second(s)

2019-06-28 15:40:55 - [MESSAGE][PASSED] - Delayed 1 second(s)

2019-06-28 15:40:55 - [TEST_STEP][PASSED] - click(findTestObject("OCS- FRENCH/Cart page -checkout button")): Object: 'Object Repository/OCS- FRENCH/Cart page -checkout button' is clicked on

2019-06-28 15:40:56 - [MESSAGE][PASSED] - Object: 'Object Repository/OCS- FRENCH/Cart page -checkout button' is clicked on

2019-06-28 15:40:56 - [TEST_STEP][PASSED] - delay(1): Delayed 1 second(s)

2019-06-28 15:40:57 - [MESSAGE][PASSED] - Delayed 1 second(s)

2019-06-28 15:40:57 - [TEST_STEP][NOT_RUN] - executeJavaScript("var previewBar = document.getElementById("preview-bar-iframe"); previewBar.style.display = "none";", []): NOT_RUN: executeJavaScript("var previewBar = document.getElementById("preview-bar-iframe"); previewBar.style.display = "none";", [])

2019-06-28 15:40:57 - [MESSAGE][NOT_RUN] - NOT_RUN: executeJavaScript("var previewBar = document.getElementById("preview-bar-iframe"); previewBar.style.display = "none";", [])

2019-06-28 15:40:57 - [TEST_STEP][PASSED] - setText(findTestObject("OCS- FRENCH/Page_Ontario Cannabis Store - Infor/input_Adresse e-mail_checkoute"), "suman@gmail.com"): Text 'suman@gmail.com' is set on object 'Object Repository/OCS- FRENCH/Page_Ontario Cannabis Store - Infor/input_Adresse e-mail_checkoute'

2019-06-28 15:40:57 - [MESSAGE][PASSED] - Text 'suman@gmail.com' is set on object 'Object Repository/OCS- FRENCH/Page_Ontario Cannabis Store - Infor/input_Adresse e-mail_checkoute'

2019-06-28 15:40:57 - [TEST_STEP][PASSED] - delay(2): Delayed 2 second(s)

2019-06-28 15:40:59 - [MESSAGE][PASSED] - Delayed 2 second(s)

2019-06-28 15:40:59 - [TEST_STEP][PASSED] - setText(findTestObject("Object Repository/OCS- FRENCH/Page_Ontario Cannabis Store - Infor/input_Prnom_checkoutshipping_a"), "suman"): Text 'suman' is set on object 'Object Repository/OCS- FRENCH/Page_Ontario Cannabis Store - Infor/input_Prnom_checkoutshipping_a'

2019-06-28 15:41:00 - [MESSAGE][PASSED] - Text 'suman' is set on object 'Object Repository/OCS- FRENCH/Page_Ontario Cannabis Store - Infor/input_Prnom_checkoutshipping_a'

2019-06-28 15:41:00 - [TEST_STEP][PASSED] - delay(2): Delayed 2 second(s)

2019-06-28 15:41:02 - [MESSAGE][PASSED] - Delayed 2 second(s)

2019-06-28 15:41:02 - [TEST_STEP][PASSED] - setText(findTestObject("Object Repository/OCS- FRENCH/Page_Ontario Cannabis Store - Infor/input_Nom_checkoutshipping_add"), "test12"): Text 'test12' is set on object 'Object Repository/OCS- FRENCH/Page_Ontario Cannabis Store - Infor/input_Nom_checkoutshipping_add'

2019-06-28 15:41:02 - [MESSAGE][PASSED] - Text 'test12' is set on object 'Object Repository/OCS- FRENCH/Page_Ontario Cannabis Store - Infor/input_Nom_checkoutshipping_add'

2019-06-28 15:41:02 - [TEST_STEP][PASSED] - delay(2): Delayed 2 second(s)

2019-06-28 15:41:04 - [MESSAGE][PASSED] - Delayed 2 second(s)

2019-06-28 15:41:04 - [TEST_STEP][PASSED] - setText(findTestObject("Object Repository/OCS- FRENCH/Page_Ontario Cannabis Store - Infor/input_Adresse_checkoutshipping"), "test12"): Text 'test12' is set on object 'Object Repository/OCS- FRENCH/Page_Ontario Cannabis Store - Infor/input_Adresse_checkoutshipping'

2019-06-28 15:41:04 - [MESSAGE][PASSED] - Text 'test12' is set on object 'Object Repository/OCS- FRENCH/Page_Ontario Cannabis Store - Infor/input_Adresse_checkoutshipping'

2019-06-28 15:41:04 - [TEST_STEP][PASSED] - delay(2): Delayed 2 second(s)

2019-06-28 15:41:06 - [MESSAGE][PASSED] - Delayed 2 second(s)

2019-06-28 15:41:06 - [TEST_STEP][PASSED] - setText(findTestObject("Object Repository/OCS- FRENCH/Page_Ontario Cannabis Store - Infor/input_Appartement suite etc. ("), "12"): Text '12' is set on object 'Object Repository/OCS- FRENCH/Page_Ontario Cannabis Store - Infor/input_Appartement suite etc. ('

2019-06-28 15:41:06 - [MESSAGE][PASSED] - Text '12' is set on object 'Object Repository/OCS- FRENCH/Page_Ontario Cannabis Store - Infor/input_Appartement suite etc. ('

2019-06-28 15:41:06 - [TEST_STEP][PASSED] - delay(2): Delayed 2 second(s)

2019-06-28 15:41:08 - [MESSAGE][PASSED] - Delayed 2 second(s)

2019-06-28 15:41:08 - [TEST_STEP][PASSED] - setText(findTestObject("Object Repository/OCS- FRENCH/Page_Ontario Cannabis Store - Infor/input_Ville_checkoutshipping_a"), "montreal"): Text 'montreal' is set on object 'Object Repository/OCS- FRENCH/Page_Ontario Cannabis Store - Infor/input_Ville_checkoutshipping_a'

2019-06-28 15:41:08 - [MESSAGE][PASSED] - Text 'montreal' is set on object 'Object Repository/OCS- FRENCH/Page_Ontario Cannabis Store - Infor/input_Ville_checkoutshipping_a'

2019-06-28 15:41:08 - [TEST_STEP][PASSED] - delay(2): Delayed 2 second(s)

2019-06-28 15:41:10 - [MESSAGE][PASSED] - Delayed 2 second(s)

2019-06-28 15:41:10 - [TEST_STEP][PASSED] - setText(findTestObject("Object Repository/OCS- FRENCH/Page_Ontario Cannabis Store - Infor/input_Code postal_checkoutship"), "n0r1k0"): Text 'n0r1k0' is set on object 'Object Repository/OCS- FRENCH/Page_Ontario Cannabis Store - Infor/input_Code postal_checkoutship'

2019-06-28 15:41:10 - [MESSAGE][PASSED] - Text 'n0r1k0' is set on object 'Object Repository/OCS- FRENCH/Page_Ontario Cannabis Store - Infor/input_Code postal_checkoutship'

2019-06-28 15:41:10 - [TEST_STEP][PASSED] - delay(2): Delayed 2 second(s)

2019-06-28 15:41:12 - [MESSAGE][PASSED] - Delayed 2 second(s)

2019-06-28 15:41:12 - [TEST_STEP][PASSED] - setText(findTestObject("Object Repository/OCS- FRENCH/Page_Ontario Cannabis Store - Infor/input_Tlphone_checkoutshipping"), "514-449-3883"): Text '514-449-3883' is set on object 'Object Repository/OCS- FRENCH/Page_Ontario Cannabis Store - Infor/input_Tlphone_checkoutshipping'

2019-06-28 15:41:12 - [MESSAGE][PASSED] - Text '514-449-3883' is set on object 'Object Repository/OCS- FRENCH/Page_Ontario Cannabis Store - Infor/input_Tlphone_checkoutshipping'

2019-06-28 15:41:12 - [TEST_STEP][PASSED] - delay(2): Delayed 2 second(s)

2019-06-28 15:41:14 - [MESSAGE][PASSED] - Delayed 2 second(s)

2019-06-28 15:41:14 - [TEST_STEP][PASSED] - click(findTestObject("Object Repository/OCS- FRENCH/Page_Ontario Cannabis Store - Infor/button_Continuer vers le mode")): Object: 'Object Repository/OCS- FRENCH/Page_Ontario Cannabis Store - Infor/button_Continuer vers le mode' is clicked on

2019-06-28 15:41:15 - [MESSAGE][PASSED] - Object: 'Object Repository/OCS- FRENCH/Page_Ontario Cannabis Store - Infor/button_Continuer vers le mode' is clicked on

2019-06-28 15:41:15 - [TEST_STEP][PASSED] - delay(2): Delayed 2 second(s)

2019-06-28 15:41:17 - [MESSAGE][PASSED] - Delayed 2 second(s)

2019-06-28 15:41:17 - [TEST_STEP][NOT_RUN] - executeJavaScript("var previewBar = document.getElementById("preview-bar-iframe"); previewBar.style.display = "none";", []): NOT_RUN: executeJavaScript("var previewBar = document.getElementById("preview-bar-iframe"); previewBar.style.display = "none";", [])

2019-06-28 15:41:17 - [MESSAGE][NOT_RUN] - NOT_RUN: executeJavaScript("var previewBar = document.getElementById("preview-bar-iframe"); previewBar.style.display = "none";", [])

2019-06-28 15:41:17 - [TEST_STEP][PASSED] - delay(2): Delayed 2 second(s)

2019-06-28 15:41:19 - [MESSAGE][PASSED] - Delayed 2 second(s)

2019-06-28 15:41:19 - [TEST_STEP][PASSED] - click(findTestObject("Object Repository/OCS- FRENCH/Page_Ontario Cannabis Store - Livra/button_Continuer vers le moyen")): Object: 'Object Repository/OCS- FRENCH/Page_Ontario Cannabis Store - Livra/button_Continuer vers le moyen' is clicked on

2019-06-28 15:41:24 - [MESSAGE][PASSED] - Object: 'Object Repository/OCS- FRENCH/Page_Ontario Cannabis Store - Livra/button_Continuer vers le moyen' is clicked on]]></system-out>
         <system-err><![CDATA[]]></system-err>
      </testcase>
      <testcase name="Test Cases/OCS- FRENCH/CRITICAL PATH/Cart flyout - tooltips -fr" classname="Test Cases/OCS- FRENCH/CRITICAL PATH/Cart flyout - tooltips -fr" status="PASSED">
         <system-out><![CDATA[2019-06-28 15:41:24 - [TEST_CASE][PASSED] - Test Cases/OCS- FRENCH/CRITICAL PATH/Cart flyout - tooltips -fr: Test Cases/OCS- FRENCH/CRITICAL PATH/Cart flyout - tooltips -fr

2019-06-28 15:41:24 - [TEST_STEP][PASSED] - callTestCase(findTestCase("OCS - MOBILE/CALL - AGE GATE"), [:], STOP_ON_FAILURE): Call Test Case 'Test Cases/OCS - MOBILE/CALL - AGE GATE' successfully

2019-06-28 15:41:24 - [TEST_CASE][PASSED] - Test Cases/OCS - MOBILE/CALL - AGE GATE: Test Cases/OCS - MOBILE/CALL - AGE GATE

2019-06-28 15:41:24 - [TEST_STEP][PASSED] - openBrowser(""): Browser is opened with url: ''

2019-06-28 15:41:24 - [MESSAGE][WARNING] - A browser is already opened. Closing browser and opening a new one

2019-06-28 15:41:24 - [MESSAGE][INFO] - Starting 'Chrome' driver

2019-06-28 15:41:25 - [MESSAGE][PASSED] - Browser is opened with url: ''

2019-06-28 15:41:25 - [TEST_STEP][PASSED] - navigateToUrl("ocs.ca"): Navigate to 'http://ocs.ca' successfully

2019-06-28 15:41:29 - [MESSAGE][PASSED] - Navigate to 'http://ocs.ca' successfully

2019-06-28 15:41:29 - [TEST_STEP][NOT_RUN] - executeJavaScript("var previewBar = document.getElementById("preview-bar-iframe"); previewBar.style.display = "none";", []): NOT_RUN: executeJavaScript("var previewBar = document.getElementById("preview-bar-iframe"); previewBar.style.display = "none";", [])

2019-06-28 15:41:29 - [MESSAGE][NOT_RUN] - NOT_RUN: executeJavaScript("var previewBar = document.getElementById("preview-bar-iframe"); previewBar.style.display = "none";", [])

2019-06-28 15:41:29 - [TEST_STEP][PASSED] - setViewPortSize(360, 800): Viewport is set to new size with width = 360 and height = 800

2019-06-28 15:41:29 - [MESSAGE][PASSED] - Viewport is set to new size with width = 360 and height = 800

2019-06-28 15:41:29 - [TEST_STEP][PASSED] - delay(4): Delayed 4 second(s)

2019-06-28 15:41:33 - [MESSAGE][PASSED] - Delayed 4 second(s)

2019-06-28 15:41:33 - [TEST_STEP][PASSED] - selectOptionByValue(findTestObject("OCS-MOBILE /Age gate and burger menu/Date"), "12", true): All options with value '12' are selected in object 'Object Repository/OCS-MOBILE /Age gate and burger menu/Date'  using regular expression

2019-06-28 15:41:34 - [MESSAGE][PASSED] - All options with value '12' are selected in object 'Object Repository/OCS-MOBILE /Age gate and burger menu/Date'  using regular expression

2019-06-28 15:41:34 - [TEST_STEP][PASSED] - selectOptionByValue(findTestObject("OCS-MOBILE /Age gate and burger menu/month"), "6", true): All options with value '6' are selected in object 'Object Repository/OCS-MOBILE /Age gate and burger menu/month'  using regular expression

2019-06-28 15:41:34 - [MESSAGE][PASSED] - All options with value '6' are selected in object 'Object Repository/OCS-MOBILE /Age gate and burger menu/month'  using regular expression

2019-06-28 15:41:34 - [TEST_STEP][PASSED] - delay(2): Delayed 2 second(s)

2019-06-28 15:41:36 - [MESSAGE][PASSED] - Delayed 2 second(s)

2019-06-28 15:41:36 - [TEST_STEP][PASSED] - selectOptionByValue(findTestObject("OCS-MOBILE /Age gate and burger menu/Year Dropdown"), "1990", true): All options with value '1990' are selected in object 'Object Repository/OCS-MOBILE /Age gate and burger menu/Year Dropdown'  using regular expression

2019-06-28 15:41:37 - [MESSAGE][PASSED] - All options with value '1990' are selected in object 'Object Repository/OCS-MOBILE /Age gate and burger menu/Year Dropdown'  using regular expression

2019-06-28 15:41:37 - [TEST_STEP][PASSED] - click(findTestObject("OCS-MOBILE /Age gate and Mega menu/button_Verify")): Object: 'Object Repository/OCS-MOBILE /Age gate and Mega menu/button_Verify' is clicked on

2019-06-28 15:41:37 - [MESSAGE][PASSED] - Object: 'Object Repository/OCS-MOBILE /Age gate and Mega menu/button_Verify' is clicked on

2019-06-28 15:41:37 - [TEST_STEP][PASSED] - click(findTestObject("OCS-MOBILE /Age gate and Mega menu/Checkbox_CONFIRM AND ACKNOWLEDGE")): Object: 'Object Repository/OCS-MOBILE /Age gate and Mega menu/Checkbox_CONFIRM AND ACKNOWLEDGE' is clicked on

2019-06-28 15:41:37 - [MESSAGE][PASSED] - Object: 'Object Repository/OCS-MOBILE /Age gate and Mega menu/Checkbox_CONFIRM AND ACKNOWLEDGE' is clicked on

2019-06-28 15:41:37 - [TEST_STEP][PASSED] - click(findTestObject("OCS-MOBILE /Age gate and Mega menu/button_CONFIRM")): Object: 'Object Repository/OCS-MOBILE /Age gate and Mega menu/button_CONFIRM' is clicked on

2019-06-28 15:41:37 - [MESSAGE][PASSED] - Object: 'Object Repository/OCS-MOBILE /Age gate and Mega menu/button_CONFIRM' is clicked on

2019-06-28 15:41:37 - [TEST_STEP][PASSED] - click(findTestObject("OCS-MOBILE /Age gate and Mega menu/button_Start Browsing")): Object: 'Object Repository/OCS-MOBILE /Age gate and Mega menu/button_Start Browsing' is clicked on

2019-06-28 15:41:37 - [MESSAGE][PASSED] - Object: 'Object Repository/OCS-MOBILE /Age gate and Mega menu/button_Start Browsing' is clicked on

2019-06-28 15:41:37 - [TEST_STEP][PASSED] - refresh(): Refresh successfully

2019-06-28 15:41:39 - [MESSAGE][PASSED] - Refresh successfully

2019-06-28 15:41:39 - [TEST_STEP][NOT_RUN] - executeJavaScript("var previewBar = document.getElementById("preview-bar-iframe"); previewBar.style.display = "none";", []): NOT_RUN: executeJavaScript("var previewBar = document.getElementById("preview-bar-iframe"); previewBar.style.display = "none";", [])

2019-06-28 15:41:39 - [MESSAGE][NOT_RUN] - NOT_RUN: executeJavaScript("var previewBar = document.getElementById("preview-bar-iframe"); previewBar.style.display = "none";", [])

2019-06-28 15:41:39 - [MESSAGE][PASSED] - Call Test Case 'Test Cases/OCS - MOBILE/CALL - AGE GATE' successfully

2019-06-28 15:41:39 - [TEST_STEP][PASSED] - callTestCase(findTestCase("OCS - MOBILE/CALL- TOGGLING LANGUAGE"), [:], STOP_ON_FAILURE): Call Test Case 'Test Cases/OCS - MOBILE/CALL- TOGGLING LANGUAGE' successfully

2019-06-28 15:41:39 - [TEST_CASE][PASSED] - Test Cases/OCS - MOBILE/CALL- TOGGLING LANGUAGE: Test Cases/OCS - MOBILE/CALL- TOGGLING LANGUAGE

2019-06-28 15:41:39 - [TEST_STEP][PASSED] - delay(2): Delayed 2 second(s)

2019-06-28 15:41:41 - [MESSAGE][PASSED] - Delayed 2 second(s)

2019-06-28 15:41:41 - [TEST_STEP][PASSED] - click(findTestObject("OCS-MOBILE /Age gate and burger menu/Burger menu - English")): Object: 'Object Repository/OCS-MOBILE /Age gate and burger menu/Burger menu - English' is clicked on

2019-06-28 15:41:41 - [MESSAGE][PASSED] - Object: 'Object Repository/OCS-MOBILE /Age gate and burger menu/Burger menu - English' is clicked on

2019-06-28 15:41:41 - [TEST_STEP][PASSED] - delay(2): Delayed 2 second(s)

2019-06-28 15:41:43 - [MESSAGE][PASSED] - Delayed 2 second(s)

2019-06-28 15:41:43 - [TEST_STEP][PASSED] - click(findTestObject("OCS-MOBILE /Cart flyout/English dropdown")): Object: 'Object Repository/OCS-MOBILE /Cart flyout/English dropdown' is clicked on

2019-06-28 15:41:43 - [MESSAGE][PASSED] - Object: 'Object Repository/OCS-MOBILE /Cart flyout/English dropdown' is clicked on

2019-06-28 15:41:43 - [TEST_STEP][PASSED] - delay(2): Delayed 2 second(s)

2019-06-28 15:41:45 - [MESSAGE][PASSED] - Delayed 2 second(s)

2019-06-28 15:41:45 - [TEST_STEP][NOT_RUN] - executeJavaScript("var previewBar = document.getElementById("preview-bar-iframe"); previewBar.style.display = "none";", []): NOT_RUN: executeJavaScript("var previewBar = document.getElementById("preview-bar-iframe"); previewBar.style.display = "none";", [])

2019-06-28 15:41:45 - [MESSAGE][NOT_RUN] - NOT_RUN: executeJavaScript("var previewBar = document.getElementById("preview-bar-iframe"); previewBar.style.display = "none";", [])

2019-06-28 15:41:45 - [TEST_STEP][PASSED] - click(findTestObject("OCS-MOBILE /Cart flyout/Select French")): Object: 'Object Repository/OCS-MOBILE /Cart flyout/Select French' is clicked on

2019-06-28 15:41:45 - [MESSAGE][PASSED] - Object: 'Object Repository/OCS-MOBILE /Cart flyout/Select French' is clicked on

2019-06-28 15:41:45 - [MESSAGE][PASSED] - Call Test Case 'Test Cases/OCS - MOBILE/CALL- TOGGLING LANGUAGE' successfully

2019-06-28 15:41:45 - [TEST_STEP][PASSED] - delay(2): Delayed 2 second(s)

2019-06-28 15:41:47 - [MESSAGE][PASSED] - Delayed 2 second(s)

2019-06-28 15:41:47 - [TEST_STEP][PASSED] - click(findTestObject("OCS-MOBILE /Age gate and burger menu/Burger menu - English")): Object: 'Object Repository/OCS-MOBILE /Age gate and burger menu/Burger menu - English' is clicked on

2019-06-28 15:41:50 - [MESSAGE][PASSED] - Object: 'Object Repository/OCS-MOBILE /Age gate and burger menu/Burger menu - English' is clicked on

2019-06-28 15:41:50 - [TEST_STEP][PASSED] - delay(2): Delayed 2 second(s)

2019-06-28 15:41:52 - [MESSAGE][PASSED] - Delayed 2 second(s)

2019-06-28 15:41:52 - [TEST_STEP][PASSED] - click(findTestObject("OCS-MOBILE /Age gate and burger menu/Chevron_Cannabis")): Object: 'Object Repository/OCS-MOBILE /Age gate and burger menu/Chevron_Cannabis' is clicked on

2019-06-28 15:41:52 - [MESSAGE][PASSED] - Object: 'Object Repository/OCS-MOBILE /Age gate and burger menu/Chevron_Cannabis' is clicked on

2019-06-28 15:41:52 - [TEST_STEP][PASSED] - delay(2): Delayed 2 second(s)

2019-06-28 15:41:54 - [MESSAGE][PASSED] - Delayed 2 second(s)

2019-06-28 15:41:54 - [TEST_STEP][PASSED] - click(findTestObject("OCS-MOBILE /Age gate and burger menu/Dried Flower_Plus icon")): Object: 'Object Repository/OCS-MOBILE /Age gate and burger menu/Dried Flower_Plus icon' is clicked on

2019-06-28 15:41:54 - [MESSAGE][PASSED] - Object: 'Object Repository/OCS-MOBILE /Age gate and burger menu/Dried Flower_Plus icon' is clicked on

2019-06-28 15:41:54 - [TEST_STEP][PASSED] - delay(2): Delayed 2 second(s)

2019-06-28 15:41:56 - [MESSAGE][PASSED] - Delayed 2 second(s)

2019-06-28 15:41:56 - [TEST_STEP][PASSED] - click(findTestObject("OCS- FRENCH/Indica Dominant_Menu item")): Object: 'Object Repository/OCS- FRENCH/Indica Dominant_Menu item' is clicked on

2019-06-28 15:41:58 - [MESSAGE][PASSED] - Object: 'Object Repository/OCS- FRENCH/Indica Dominant_Menu item' is clicked on

2019-06-28 15:41:58 - [TEST_STEP][NOT_RUN] - executeJavaScript("var previewBar = document.getElementById("preview-bar-iframe"); previewBar.style.display = "none";", []): NOT_RUN: executeJavaScript("var previewBar = document.getElementById("preview-bar-iframe"); previewBar.style.display = "none";", [])

2019-06-28 15:41:58 - [MESSAGE][NOT_RUN] - NOT_RUN: executeJavaScript("var previewBar = document.getElementById("preview-bar-iframe"); previewBar.style.display = "none";", [])

2019-06-28 15:41:58 - [TEST_STEP][PASSED] - delay(2): Delayed 2 second(s)

2019-06-28 15:42:00 - [MESSAGE][PASSED] - Delayed 2 second(s)

2019-06-28 15:42:00 - [TEST_STEP][PASSED] - click(findTestObject("OCS- FRENCH/Product image - 1st one")): Object: 'Object Repository/OCS- FRENCH/Product image - 1st one' is clicked on

2019-06-28 15:42:05 - [MESSAGE][PASSED] - Object: 'Object Repository/OCS- FRENCH/Product image - 1st one' is clicked on

2019-06-28 15:42:05 - [TEST_STEP][NOT_RUN] - executeJavaScript("var previewBar = document.getElementById("preview-bar-iframe"); previewBar.style.display = "none";", []): NOT_RUN: executeJavaScript("var previewBar = document.getElementById("preview-bar-iframe"); previewBar.style.display = "none";", [])

2019-06-28 15:42:05 - [MESSAGE][NOT_RUN] - NOT_RUN: executeJavaScript("var previewBar = document.getElementById("preview-bar-iframe"); previewBar.style.display = "none";", [])

2019-06-28 15:42:05 - [TEST_STEP][PASSED] - delay(2): Delayed 2 second(s)

2019-06-28 15:42:07 - [MESSAGE][PASSED] - Delayed 2 second(s)

2019-06-28 15:42:07 - [TEST_STEP][PASSED] - click(findTestObject("OCS-MOBILE /Product page/Swatch_1g")): Object: 'Object Repository/OCS-MOBILE /Product page/Swatch_1g' is clicked on

2019-06-28 15:42:07 - [MESSAGE][PASSED] - Object: 'Object Repository/OCS-MOBILE /Product page/Swatch_1g' is clicked on

2019-06-28 15:42:07 - [TEST_STEP][PASSED] - delay(2): Delayed 2 second(s)

2019-06-28 15:42:09 - [MESSAGE][PASSED] - Delayed 2 second(s)

2019-06-28 15:42:09 - [TEST_STEP][PASSED] - click(findTestObject("OCS-MOBILE /Product page/Add to Bag-button")): Object: 'Object Repository/OCS-MOBILE /Product page/Add to Bag-button' is clicked on

2019-06-28 15:42:09 - [MESSAGE][PASSED] - Object: 'Object Repository/OCS-MOBILE /Product page/Add to Bag-button' is clicked on

2019-06-28 15:42:09 - [TEST_STEP][PASSED] - delay(4): Delayed 4 second(s)

2019-06-28 15:42:13 - [MESSAGE][PASSED] - Delayed 4 second(s)

2019-06-28 15:42:13 - [TEST_STEP][NOT_RUN] - click(findTestObject("OCS-MOBILE /Home - page/Cart icon -bag")): NOT_RUN: click(findTestObject("OCS-MOBILE /Home - page/Cart icon -bag"))

2019-06-28 15:42:13 - [MESSAGE][NOT_RUN] - NOT_RUN: click(findTestObject("OCS-MOBILE /Home - page/Cart icon -bag"))

2019-06-28 15:42:13 - [TEST_STEP][PASSED] - delay(4, OPTIONAL): Delayed 4 second(s)

2019-06-28 15:42:17 - [MESSAGE][PASSED] - Delayed 4 second(s)

2019-06-28 15:42:17 - [TEST_STEP][PASSED] - click(findTestObject("OCS-MOBILE /Cart flyout/tool tip - TOP")): Object: 'Object Repository/OCS-MOBILE /Cart flyout/tool tip - TOP' is clicked on

2019-06-28 15:42:17 - [MESSAGE][PASSED] - Object: 'Object Repository/OCS-MOBILE /Cart flyout/tool tip - TOP' is clicked on

2019-06-28 15:42:17 - [TEST_STEP][PASSED] - takeScreenshot(): Taking screenshot successfully

2019-06-28 15:42:17 - [MESSAGE][PASSED] - Taking screenshot successfully
[[ATTACHMENT|/Users/sumankompelly/Relative xpath-Mobile/Reports/Live site/20190628_151842/1561750937515.png]]

2019-06-28 15:42:17 - [TEST_STEP][PASSED] - delay(3): Delayed 3 second(s)

2019-06-28 15:42:20 - [MESSAGE][PASSED] - Delayed 3 second(s)

2019-06-28 15:42:20 - [TEST_STEP][PASSED] - click(findTestObject("OCS-MOBILE /Cart flyout/tool tip -DOWN")): Object: 'Object Repository/OCS-MOBILE /Cart flyout/tool tip -DOWN' is clicked on

2019-06-28 15:42:20 - [MESSAGE][PASSED] - Object: 'Object Repository/OCS-MOBILE /Cart flyout/tool tip -DOWN' is clicked on

2019-06-28 15:42:20 - [TEST_STEP][PASSED] - takeScreenshot(): Taking screenshot successfully

2019-06-28 15:42:21 - [MESSAGE][PASSED] - Taking screenshot successfully
[[ATTACHMENT|/Users/sumankompelly/Relative xpath-Mobile/Reports/Live site/20190628_151842/1561750940812.png]]]]></system-out>
         <system-err><![CDATA[]]></system-err>
      </testcase>
      <testcase name="Test Cases/OCS- FRENCH/CRITICAL PATH/Cart flyout - Increase qty -fr" classname="Test Cases/OCS- FRENCH/CRITICAL PATH/Cart flyout - Increase qty -fr" status="PASSED">
         <system-out><![CDATA[2019-06-28 15:42:21 - [TEST_CASE][PASSED] - Test Cases/OCS- FRENCH/CRITICAL PATH/Cart flyout - Increase qty -fr: Test Cases/OCS- FRENCH/CRITICAL PATH/Cart flyout - Increase qty -fr

2019-06-28 15:42:21 - [TEST_STEP][PASSED] - callTestCase(findTestCase("OCS - MOBILE/CALL - AGE GATE"), [:], STOP_ON_FAILURE): Call Test Case 'Test Cases/OCS - MOBILE/CALL - AGE GATE' successfully

2019-06-28 15:42:21 - [TEST_CASE][PASSED] - Test Cases/OCS - MOBILE/CALL - AGE GATE: Test Cases/OCS - MOBILE/CALL - AGE GATE

2019-06-28 15:42:21 - [TEST_STEP][PASSED] - openBrowser(""): Browser is opened with url: ''

2019-06-28 15:42:21 - [MESSAGE][WARNING] - A browser is already opened. Closing browser and opening a new one

2019-06-28 15:42:21 - [MESSAGE][INFO] - Starting 'Chrome' driver

2019-06-28 15:42:22 - [MESSAGE][PASSED] - Browser is opened with url: ''

2019-06-28 15:42:22 - [TEST_STEP][PASSED] - navigateToUrl("ocs.ca"): Navigate to 'http://ocs.ca' successfully

2019-06-28 15:42:26 - [MESSAGE][PASSED] - Navigate to 'http://ocs.ca' successfully

2019-06-28 15:42:26 - [TEST_STEP][NOT_RUN] - executeJavaScript("var previewBar = document.getElementById("preview-bar-iframe"); previewBar.style.display = "none";", []): NOT_RUN: executeJavaScript("var previewBar = document.getElementById("preview-bar-iframe"); previewBar.style.display = "none";", [])

2019-06-28 15:42:26 - [MESSAGE][NOT_RUN] - NOT_RUN: executeJavaScript("var previewBar = document.getElementById("preview-bar-iframe"); previewBar.style.display = "none";", [])

2019-06-28 15:42:26 - [TEST_STEP][PASSED] - setViewPortSize(360, 800): Viewport is set to new size with width = 360 and height = 800

2019-06-28 15:42:26 - [MESSAGE][PASSED] - Viewport is set to new size with width = 360 and height = 800

2019-06-28 15:42:26 - [TEST_STEP][PASSED] - delay(4): Delayed 4 second(s)

2019-06-28 15:42:30 - [MESSAGE][PASSED] - Delayed 4 second(s)

2019-06-28 15:42:30 - [TEST_STEP][PASSED] - selectOptionByValue(findTestObject("OCS-MOBILE /Age gate and burger menu/Date"), "12", true): All options with value '12' are selected in object 'Object Repository/OCS-MOBILE /Age gate and burger menu/Date'  using regular expression

2019-06-28 15:42:31 - [MESSAGE][PASSED] - All options with value '12' are selected in object 'Object Repository/OCS-MOBILE /Age gate and burger menu/Date'  using regular expression

2019-06-28 15:42:31 - [TEST_STEP][PASSED] - selectOptionByValue(findTestObject("OCS-MOBILE /Age gate and burger menu/month"), "6", true): All options with value '6' are selected in object 'Object Repository/OCS-MOBILE /Age gate and burger menu/month'  using regular expression

2019-06-28 15:42:31 - [MESSAGE][PASSED] - All options with value '6' are selected in object 'Object Repository/OCS-MOBILE /Age gate and burger menu/month'  using regular expression

2019-06-28 15:42:31 - [TEST_STEP][PASSED] - delay(2): Delayed 2 second(s)

2019-06-28 15:42:33 - [MESSAGE][PASSED] - Delayed 2 second(s)

2019-06-28 15:42:33 - [TEST_STEP][PASSED] - selectOptionByValue(findTestObject("OCS-MOBILE /Age gate and burger menu/Year Dropdown"), "1990", true): All options with value '1990' are selected in object 'Object Repository/OCS-MOBILE /Age gate and burger menu/Year Dropdown'  using regular expression

2019-06-28 15:42:34 - [MESSAGE][PASSED] - All options with value '1990' are selected in object 'Object Repository/OCS-MOBILE /Age gate and burger menu/Year Dropdown'  using regular expression

2019-06-28 15:42:34 - [TEST_STEP][PASSED] - click(findTestObject("OCS-MOBILE /Age gate and Mega menu/button_Verify")): Object: 'Object Repository/OCS-MOBILE /Age gate and Mega menu/button_Verify' is clicked on

2019-06-28 15:42:34 - [MESSAGE][PASSED] - Object: 'Object Repository/OCS-MOBILE /Age gate and Mega menu/button_Verify' is clicked on

2019-06-28 15:42:34 - [TEST_STEP][PASSED] - click(findTestObject("OCS-MOBILE /Age gate and Mega menu/Checkbox_CONFIRM AND ACKNOWLEDGE")): Object: 'Object Repository/OCS-MOBILE /Age gate and Mega menu/Checkbox_CONFIRM AND ACKNOWLEDGE' is clicked on

2019-06-28 15:42:34 - [MESSAGE][PASSED] - Object: 'Object Repository/OCS-MOBILE /Age gate and Mega menu/Checkbox_CONFIRM AND ACKNOWLEDGE' is clicked on

2019-06-28 15:42:34 - [TEST_STEP][PASSED] - click(findTestObject("OCS-MOBILE /Age gate and Mega menu/button_CONFIRM")): Object: 'Object Repository/OCS-MOBILE /Age gate and Mega menu/button_CONFIRM' is clicked on

2019-06-28 15:42:34 - [MESSAGE][PASSED] - Object: 'Object Repository/OCS-MOBILE /Age gate and Mega menu/button_CONFIRM' is clicked on

2019-06-28 15:42:34 - [TEST_STEP][PASSED] - click(findTestObject("OCS-MOBILE /Age gate and Mega menu/button_Start Browsing")): Object: 'Object Repository/OCS-MOBILE /Age gate and Mega menu/button_Start Browsing' is clicked on

2019-06-28 15:42:34 - [MESSAGE][PASSED] - Object: 'Object Repository/OCS-MOBILE /Age gate and Mega menu/button_Start Browsing' is clicked on

2019-06-28 15:42:34 - [TEST_STEP][PASSED] - refresh(): Refresh successfully

2019-06-28 15:42:34 - [MESSAGE][PASSED] - Refresh successfully

2019-06-28 15:42:34 - [TEST_STEP][NOT_RUN] - executeJavaScript("var previewBar = document.getElementById("preview-bar-iframe"); previewBar.style.display = "none";", []): NOT_RUN: executeJavaScript("var previewBar = document.getElementById("preview-bar-iframe"); previewBar.style.display = "none";", [])

2019-06-28 15:42:34 - [MESSAGE][NOT_RUN] - NOT_RUN: executeJavaScript("var previewBar = document.getElementById("preview-bar-iframe"); previewBar.style.display = "none";", [])

2019-06-28 15:42:34 - [MESSAGE][PASSED] - Call Test Case 'Test Cases/OCS - MOBILE/CALL - AGE GATE' successfully

2019-06-28 15:42:34 - [TEST_STEP][PASSED] - callTestCase(findTestCase("OCS - MOBILE/CALL- TOGGLING LANGUAGE"), [:], STOP_ON_FAILURE): Call Test Case 'Test Cases/OCS - MOBILE/CALL- TOGGLING LANGUAGE' successfully

2019-06-28 15:42:34 - [TEST_CASE][PASSED] - Test Cases/OCS - MOBILE/CALL- TOGGLING LANGUAGE: Test Cases/OCS - MOBILE/CALL- TOGGLING LANGUAGE

2019-06-28 15:42:34 - [TEST_STEP][PASSED] - delay(2): Delayed 2 second(s)

2019-06-28 15:42:36 - [MESSAGE][PASSED] - Delayed 2 second(s)

2019-06-28 15:42:36 - [TEST_STEP][PASSED] - click(findTestObject("OCS-MOBILE /Age gate and burger menu/Burger menu - English")): Object: 'Object Repository/OCS-MOBILE /Age gate and burger menu/Burger menu - English' is clicked on

2019-06-28 15:42:37 - [MESSAGE][PASSED] - Object: 'Object Repository/OCS-MOBILE /Age gate and burger menu/Burger menu - English' is clicked on

2019-06-28 15:42:37 - [TEST_STEP][PASSED] - delay(2): Delayed 2 second(s)

2019-06-28 15:42:39 - [MESSAGE][PASSED] - Delayed 2 second(s)

2019-06-28 15:42:39 - [TEST_STEP][PASSED] - click(findTestObject("OCS-MOBILE /Cart flyout/English dropdown")): Object: 'Object Repository/OCS-MOBILE /Cart flyout/English dropdown' is clicked on

2019-06-28 15:42:39 - [MESSAGE][PASSED] - Object: 'Object Repository/OCS-MOBILE /Cart flyout/English dropdown' is clicked on

2019-06-28 15:42:39 - [TEST_STEP][PASSED] - delay(2): Delayed 2 second(s)

2019-06-28 15:42:41 - [MESSAGE][PASSED] - Delayed 2 second(s)

2019-06-28 15:42:41 - [TEST_STEP][NOT_RUN] - executeJavaScript("var previewBar = document.getElementById("preview-bar-iframe"); previewBar.style.display = "none";", []): NOT_RUN: executeJavaScript("var previewBar = document.getElementById("preview-bar-iframe"); previewBar.style.display = "none";", [])

2019-06-28 15:42:41 - [MESSAGE][NOT_RUN] - NOT_RUN: executeJavaScript("var previewBar = document.getElementById("preview-bar-iframe"); previewBar.style.display = "none";", [])

2019-06-28 15:42:41 - [TEST_STEP][PASSED] - click(findTestObject("OCS-MOBILE /Cart flyout/Select French")): Object: 'Object Repository/OCS-MOBILE /Cart flyout/Select French' is clicked on

2019-06-28 15:42:41 - [MESSAGE][PASSED] - Object: 'Object Repository/OCS-MOBILE /Cart flyout/Select French' is clicked on

2019-06-28 15:42:41 - [MESSAGE][PASSED] - Call Test Case 'Test Cases/OCS - MOBILE/CALL- TOGGLING LANGUAGE' successfully

2019-06-28 15:42:41 - [TEST_STEP][PASSED] - delay(2): Delayed 2 second(s)

2019-06-28 15:42:43 - [MESSAGE][PASSED] - Delayed 2 second(s)

2019-06-28 15:42:43 - [TEST_STEP][PASSED] - click(findTestObject("OCS-MOBILE /Age gate and burger menu/Burger menu - English")): Object: 'Object Repository/OCS-MOBILE /Age gate and burger menu/Burger menu - English' is clicked on

2019-06-28 15:42:45 - [MESSAGE][PASSED] - Object: 'Object Repository/OCS-MOBILE /Age gate and burger menu/Burger menu - English' is clicked on

2019-06-28 15:42:45 - [TEST_STEP][PASSED] - delay(2): Delayed 2 second(s)

2019-06-28 15:42:47 - [MESSAGE][PASSED] - Delayed 2 second(s)

2019-06-28 15:42:47 - [TEST_STEP][PASSED] - click(findTestObject("OCS-MOBILE /Age gate and burger menu/Chevron_Cannabis")): Object: 'Object Repository/OCS-MOBILE /Age gate and burger menu/Chevron_Cannabis' is clicked on

2019-06-28 15:42:47 - [MESSAGE][PASSED] - Object: 'Object Repository/OCS-MOBILE /Age gate and burger menu/Chevron_Cannabis' is clicked on

2019-06-28 15:42:47 - [TEST_STEP][PASSED] - delay(2): Delayed 2 second(s)

2019-06-28 15:42:49 - [MESSAGE][PASSED] - Delayed 2 second(s)

2019-06-28 15:42:49 - [TEST_STEP][PASSED] - click(findTestObject("OCS-MOBILE /Age gate and burger menu/Dried Flower_Plus icon")): Object: 'Object Repository/OCS-MOBILE /Age gate and burger menu/Dried Flower_Plus icon' is clicked on

2019-06-28 15:42:49 - [MESSAGE][PASSED] - Object: 'Object Repository/OCS-MOBILE /Age gate and burger menu/Dried Flower_Plus icon' is clicked on

2019-06-28 15:42:49 - [TEST_STEP][PASSED] - delay(2): Delayed 2 second(s)

2019-06-28 15:42:51 - [MESSAGE][PASSED] - Delayed 2 second(s)

2019-06-28 15:42:51 - [TEST_STEP][PASSED] - click(findTestObject("OCS- FRENCH/Indica Dominant_Menu item")): Object: 'Object Repository/OCS- FRENCH/Indica Dominant_Menu item' is clicked on

2019-06-28 15:42:53 - [MESSAGE][PASSED] - Object: 'Object Repository/OCS- FRENCH/Indica Dominant_Menu item' is clicked on

2019-06-28 15:42:53 - [TEST_STEP][NOT_RUN] - executeJavaScript("var previewBar = document.getElementById("preview-bar-iframe"); previewBar.style.display = "none";", []): NOT_RUN: executeJavaScript("var previewBar = document.getElementById("preview-bar-iframe"); previewBar.style.display = "none";", [])

2019-06-28 15:42:53 - [MESSAGE][NOT_RUN] - NOT_RUN: executeJavaScript("var previewBar = document.getElementById("preview-bar-iframe"); previewBar.style.display = "none";", [])

2019-06-28 15:42:53 - [TEST_STEP][PASSED] - delay(2): Delayed 2 second(s)

2019-06-28 15:42:55 - [MESSAGE][PASSED] - Delayed 2 second(s)

2019-06-28 15:42:55 - [TEST_STEP][PASSED] - click(findTestObject("OCS- FRENCH/Product image - 1st one")): Object: 'Object Repository/OCS- FRENCH/Product image - 1st one' is clicked on

2019-06-28 15:42:58 - [MESSAGE][PASSED] - Object: 'Object Repository/OCS- FRENCH/Product image - 1st one' is clicked on

2019-06-28 15:42:58 - [TEST_STEP][NOT_RUN] - executeJavaScript("var previewBar = document.getElementById("preview-bar-iframe"); previewBar.style.display = "none";", []): NOT_RUN: executeJavaScript("var previewBar = document.getElementById("preview-bar-iframe"); previewBar.style.display = "none";", [])

2019-06-28 15:42:58 - [MESSAGE][NOT_RUN] - NOT_RUN: executeJavaScript("var previewBar = document.getElementById("preview-bar-iframe"); previewBar.style.display = "none";", [])

2019-06-28 15:42:58 - [TEST_STEP][PASSED] - delay(2): Delayed 2 second(s)

2019-06-28 15:43:00 - [MESSAGE][PASSED] - Delayed 2 second(s)

2019-06-28 15:43:00 - [TEST_STEP][PASSED] - click(findTestObject("OCS-MOBILE /Product page/Swatch_1g")): Object: 'Object Repository/OCS-MOBILE /Product page/Swatch_1g' is clicked on

2019-06-28 15:43:00 - [MESSAGE][PASSED] - Object: 'Object Repository/OCS-MOBILE /Product page/Swatch_1g' is clicked on

2019-06-28 15:43:00 - [TEST_STEP][PASSED] - delay(2): Delayed 2 second(s)

2019-06-28 15:43:02 - [MESSAGE][PASSED] - Delayed 2 second(s)

2019-06-28 15:43:02 - [TEST_STEP][PASSED] - click(findTestObject("OCS-MOBILE /Product page/Quantity Increase - Button")): Object: 'Object Repository/OCS-MOBILE /Product page/Quantity Increase - Button' is clicked on

2019-06-28 15:43:02 - [MESSAGE][PASSED] - Object: 'Object Repository/OCS-MOBILE /Product page/Quantity Increase - Button' is clicked on

2019-06-28 15:43:02 - [TEST_STEP][PASSED] - delay(2): Delayed 2 second(s)

2019-06-28 15:43:04 - [MESSAGE][PASSED] - Delayed 2 second(s)

2019-06-28 15:43:04 - [TEST_STEP][PASSED] - click(findTestObject("OCS-MOBILE /Product page/Add to Bag-button")): Object: 'Object Repository/OCS-MOBILE /Product page/Add to Bag-button' is clicked on

2019-06-28 15:43:04 - [MESSAGE][PASSED] - Object: 'Object Repository/OCS-MOBILE /Product page/Add to Bag-button' is clicked on

2019-06-28 15:43:04 - [TEST_STEP][PASSED] - delay(1): Delayed 1 second(s)

2019-06-28 15:43:05 - [MESSAGE][PASSED] - Delayed 1 second(s)

2019-06-28 15:43:05 - [TEST_STEP][NOT_RUN] - click(findTestObject("OCS-MOBILE /Home - page/Cart icon -bag")): NOT_RUN: click(findTestObject("OCS-MOBILE /Home - page/Cart icon -bag"))

2019-06-28 15:43:05 - [MESSAGE][NOT_RUN] - NOT_RUN: click(findTestObject("OCS-MOBILE /Home - page/Cart icon -bag"))

2019-06-28 15:43:05 - [TEST_STEP][PASSED] - delay(2): Delayed 2 second(s)

2019-06-28 15:43:07 - [MESSAGE][PASSED] - Delayed 2 second(s)

2019-06-28 15:43:07 - [TEST_STEP][PASSED] - click(findTestObject("OCS-MOBILE /Cart flyout/Quantity increase - Product")): Object: 'Object Repository/OCS-MOBILE /Cart flyout/Quantity increase - Product' is clicked on

2019-06-28 15:43:07 - [MESSAGE][PASSED] - Object: 'Object Repository/OCS-MOBILE /Cart flyout/Quantity increase - Product' is clicked on

2019-06-28 15:43:07 - [TEST_STEP][PASSED] - delay(2): Delayed 2 second(s)

2019-06-28 15:43:09 - [MESSAGE][PASSED] - Delayed 2 second(s)

2019-06-28 15:43:09 - [TEST_STEP][PASSED] - click(findTestObject("OCS-MOBILE /Cart flyout/Quantity increase - Product")): Object: 'Object Repository/OCS-MOBILE /Cart flyout/Quantity increase - Product' is clicked on

2019-06-28 15:43:09 - [MESSAGE][PASSED] - Object: 'Object Repository/OCS-MOBILE /Cart flyout/Quantity increase - Product' is clicked on

2019-06-28 15:43:09 - [TEST_STEP][PASSED] - delay(2): Delayed 2 second(s)

2019-06-28 15:43:11 - [MESSAGE][PASSED] - Delayed 2 second(s)

2019-06-28 15:43:11 - [TEST_STEP][PASSED] - a = getText(findTestObject("OCS-MOBILE /Cart flyout/Unit price - Product")): Text of object 'Object Repository/OCS-MOBILE /Cart flyout/Unit price - Product' is: '42,00 $'

2019-06-28 15:43:11 - [MESSAGE][PASSED] - Text of object 'Object Repository/OCS-MOBILE /Cart flyout/Unit price - Product' is: '42,00 $'

2019-06-28 15:43:11 - [TEST_STEP][PASSED] - comment(a): 42,00 $

2019-06-28 15:43:11 - [MESSAGE][INFO] - 42,00 $

2019-06-28 15:43:11 - [TEST_STEP][PASSED] - a1 = a.substring(0, a.length() - 1): null

2019-06-28 15:43:11 - [TEST_STEP][PASSED] - comment("a1 = " + a1): a1 = 42,00 

2019-06-28 15:43:11 - [MESSAGE][INFO] - a1 = 42,00 

2019-06-28 15:43:11 - [TEST_STEP][PASSED] - x1 = a1.substring(0, a1.length() - 1): null

2019-06-28 15:43:11 - [TEST_STEP][PASSED] - comment("x1 = " + x1): x1 = 42,00

2019-06-28 15:43:11 - [MESSAGE][INFO] - x1 = 42,00

2019-06-28 15:43:11 - [TEST_STEP][PASSED] - x2 = x1.substring(0, x1.length() - 1): null

2019-06-28 15:43:11 - [TEST_STEP][PASSED] - comment("x2 = " + x2): x2 = 42,0

2019-06-28 15:43:11 - [MESSAGE][INFO] - x2 = 42,0

2019-06-28 15:43:11 - [TEST_STEP][PASSED] - x3 = x2.substring(0, x2.length() - 1): null

2019-06-28 15:43:11 - [TEST_STEP][PASSED] - comment("x3 = " + x3): x3 = 42,

2019-06-28 15:43:11 - [MESSAGE][INFO] - x3 = 42,

2019-06-28 15:43:11 - [TEST_STEP][PASSED] - x6 = x3.substring(0, x3.length() - 1): null

2019-06-28 15:43:11 - [TEST_STEP][PASSED] - comment("x6 = " + x6): x6 = 42

2019-06-28 15:43:11 - [MESSAGE][INFO] - x6 = 42

2019-06-28 15:43:11 - [TEST_STEP][PASSED] - setText(findTestObject("OCS-MOBILE /Cart flyout/input_-_updates"), "3"): Text '3' is set on object 'Object Repository/OCS-MOBILE /Cart flyout/input_-_updates'

2019-06-28 15:43:11 - [MESSAGE][PASSED] - Text '3' is set on object 'Object Repository/OCS-MOBILE /Cart flyout/input_-_updates'

2019-06-28 15:43:11 - [TEST_STEP][PASSED] - delay(2): Delayed 2 second(s)

2019-06-28 15:43:13 - [MESSAGE][PASSED] - Delayed 2 second(s)

2019-06-28 15:43:13 - [TEST_STEP][PASSED] - click(findTestObject("OCS-MOBILE /Cart flyout/i_-_icon--plus")): Object: 'Object Repository/OCS-MOBILE /Cart flyout/i_-_icon--plus' is clicked on

2019-06-28 15:43:14 - [MESSAGE][PASSED] - Object: 'Object Repository/OCS-MOBILE /Cart flyout/i_-_icon--plus' is clicked on

2019-06-28 15:43:14 - [TEST_STEP][PASSED] - delay(2): Delayed 2 second(s)

2019-06-28 15:43:16 - [MESSAGE][PASSED] - Delayed 2 second(s)

2019-06-28 15:43:16 - [TEST_STEP][PASSED] - click(findTestObject("OCS-MOBILE /Cart flyout/i_-_icon--plus")): Object: 'Object Repository/OCS-MOBILE /Cart flyout/i_-_icon--plus' is clicked on

2019-06-28 15:43:16 - [MESSAGE][PASSED] - Object: 'Object Repository/OCS-MOBILE /Cart flyout/i_-_icon--plus' is clicked on

2019-06-28 15:43:16 - [TEST_STEP][PASSED] - delay(2): Delayed 2 second(s)

2019-06-28 15:43:18 - [MESSAGE][PASSED] - Delayed 2 second(s)

2019-06-28 15:43:18 - [TEST_STEP][PASSED] - click(findTestObject("OCS-MOBILE /Cart flyout/i_-_icon--plus")): Object: 'Object Repository/OCS-MOBILE /Cart flyout/i_-_icon--plus' is clicked on

2019-06-28 15:43:18 - [MESSAGE][PASSED] - Object: 'Object Repository/OCS-MOBILE /Cart flyout/i_-_icon--plus' is clicked on

2019-06-28 15:43:18 - [TEST_STEP][PASSED] - delay(2): Delayed 2 second(s)

2019-06-28 15:43:20 - [MESSAGE][PASSED] - Delayed 2 second(s)

2019-06-28 15:43:20 - [TEST_STEP][PASSED] - c = getText(findTestObject("OCS-MOBILE /Cart flyout/Unit price - Product")): Text of object 'Object Repository/OCS-MOBILE /Cart flyout/Unit price - Product' is: '63,00 $'

2019-06-28 15:43:20 - [MESSAGE][PASSED] - Text of object 'Object Repository/OCS-MOBILE /Cart flyout/Unit price - Product' is: '63,00 $'

2019-06-28 15:43:20 - [TEST_STEP][PASSED] - comment(c): 63,00 $

2019-06-28 15:43:20 - [MESSAGE][INFO] - 63,00 $

2019-06-28 15:43:20 - [TEST_STEP][PASSED] - a2 = c.substring(0, c.length() - 1): null

2019-06-28 15:43:20 - [TEST_STEP][PASSED] - comment("a2 = " + a2): a2 = 63,00 

2019-06-28 15:43:20 - [MESSAGE][INFO] - a2 = 63,00 

2019-06-28 15:43:20 - [TEST_STEP][PASSED] - y1 = a2.substring(0, a2.length() - 1): null

2019-06-28 15:43:20 - [TEST_STEP][PASSED] - comment("y1 = " + y1): y1 = 63,00

2019-06-28 15:43:20 - [MESSAGE][INFO] - y1 = 63,00

2019-06-28 15:43:20 - [TEST_STEP][PASSED] - y2 = y1.substring(0, y1.length() - 1): null

2019-06-28 15:43:20 - [TEST_STEP][PASSED] - comment("y2 = " + y2): y2 = 63,0

2019-06-28 15:43:20 - [MESSAGE][INFO] - y2 = 63,0

2019-06-28 15:43:20 - [TEST_STEP][PASSED] - y3 = y2.substring(0, y2.length() - 1): null

2019-06-28 15:43:20 - [TEST_STEP][PASSED] - comment("y3 = " + y3): y3 = 63,

2019-06-28 15:43:20 - [MESSAGE][INFO] - y3 = 63,

2019-06-28 15:43:20 - [TEST_STEP][PASSED] - y4 = y3.substring(0, y3.length() - 1): null

2019-06-28 15:43:20 - [TEST_STEP][PASSED] - comment("y4 = " + y4): y4 = 63

2019-06-28 15:43:20 - [MESSAGE][INFO] - y4 = 63

2019-06-28 15:43:20 - [TEST_STEP][PASSED] - verifyNotEqual("x6", "y4"): Actual object 'x6' and expected object 'y4' are not equal

2019-06-28 15:43:20 - [MESSAGE][PASSED] - Actual object 'x6' and expected object 'y4' are not equal

2019-06-28 15:43:20 - [TEST_STEP][PASSED] - comment(" price changed . Quantity selector is working"):  price changed . Quantity selector is working

2019-06-28 15:43:20 - [MESSAGE][INFO] -  price changed . Quantity selector is working

2019-06-28 15:43:20 - [TEST_STEP][PASSED] - delay(1): Delayed 1 second(s)

2019-06-28 15:43:21 - [MESSAGE][PASSED] - Delayed 1 second(s)

2019-06-28 15:43:21 - [TEST_STEP][PASSED] - click(findTestObject("OCS-MOBILE /Cart flyout/Checkbox_I confirm that")): Object: 'Object Repository/OCS-MOBILE /Cart flyout/Checkbox_I confirm that' is clicked on

2019-06-28 15:43:21 - [MESSAGE][PASSED] - Object: 'Object Repository/OCS-MOBILE /Cart flyout/Checkbox_I confirm that' is clicked on

2019-06-28 15:43:21 - [TEST_STEP][PASSED] - delay(2): Delayed 2 second(s)

2019-06-28 15:43:23 - [MESSAGE][PASSED] - Delayed 2 second(s)

2019-06-28 15:43:23 - [TEST_STEP][PASSED] - click(findTestObject("OCS-MOBILE /Cart flyout/Checkbox_Accept the Terms Condition")): Object: 'Object Repository/OCS-MOBILE /Cart flyout/Checkbox_Accept the Terms Condition' is clicked on

2019-06-28 15:43:23 - [MESSAGE][PASSED] - Object: 'Object Repository/OCS-MOBILE /Cart flyout/Checkbox_Accept the Terms Condition' is clicked on

2019-06-28 15:43:23 - [TEST_STEP][PASSED] - delay(2): Delayed 2 second(s)

2019-06-28 15:43:25 - [MESSAGE][PASSED] - Delayed 2 second(s)

2019-06-28 15:43:25 - [TEST_STEP][PASSED] - click(findTestObject("OCS-MOBILE /Cart flyout/Checkout - Button")): Object: 'Object Repository/OCS-MOBILE /Cart flyout/Checkout - Button' is clicked on

2019-06-28 15:43:29 - [MESSAGE][PASSED] - Object: 'Object Repository/OCS-MOBILE /Cart flyout/Checkout - Button' is clicked on

2019-06-28 15:43:29 - [TEST_STEP][NOT_RUN] - executeJavaScript("var previewBar = document.getElementById("preview-bar-iframe"); previewBar.style.display = "none";", []): NOT_RUN: executeJavaScript("var previewBar = document.getElementById("preview-bar-iframe"); previewBar.style.display = "none";", [])

2019-06-28 15:43:29 - [MESSAGE][NOT_RUN] - NOT_RUN: executeJavaScript("var previewBar = document.getElementById("preview-bar-iframe"); previewBar.style.display = "none";", [])

2019-06-28 15:43:29 - [TEST_STEP][PASSED] - delay(1): Delayed 1 second(s)

2019-06-28 15:43:30 - [MESSAGE][PASSED] - Delayed 1 second(s)

2019-06-28 15:43:30 - [TEST_STEP][PASSED] - callTestCase(findTestCase("OCS - MOBILE/CALL- SHIPPING TO PAYMENT"), [:], STOP_ON_FAILURE): Call Test Case 'Test Cases/OCS - MOBILE/CALL- SHIPPING TO PAYMENT' successfully

2019-06-28 15:43:30 - [TEST_CASE][PASSED] - Test Cases/OCS - MOBILE/CALL- SHIPPING TO PAYMENT: Test Cases/OCS - MOBILE/CALL- SHIPPING TO PAYMENT

2019-06-28 15:43:30 - [TEST_STEP][NOT_RUN] - executeJavaScript("var previewBar = document.getElementById("preview-bar-iframe"); previewBar.style.display = "none";", []): NOT_RUN: executeJavaScript("var previewBar = document.getElementById("preview-bar-iframe"); previewBar.style.display = "none";", [])

2019-06-28 15:43:30 - [MESSAGE][NOT_RUN] - NOT_RUN: executeJavaScript("var previewBar = document.getElementById("preview-bar-iframe"); previewBar.style.display = "none";", [])

2019-06-28 15:43:30 - [TEST_STEP][PASSED] - delay(2): Delayed 2 second(s)

2019-06-28 15:43:32 - [MESSAGE][PASSED] - Delayed 2 second(s)

2019-06-28 15:43:32 - [TEST_STEP][PASSED] - setText(findTestObject("OCS- FRENCH/Page_Ontario Cannabis Store - Infor/input_Adresse e-mail_checkoute"), "suman@gmail.com"): Text 'suman@gmail.com' is set on object 'Object Repository/OCS- FRENCH/Page_Ontario Cannabis Store - Infor/input_Adresse e-mail_checkoute'

2019-06-28 15:43:32 - [MESSAGE][PASSED] - Text 'suman@gmail.com' is set on object 'Object Repository/OCS- FRENCH/Page_Ontario Cannabis Store - Infor/input_Adresse e-mail_checkoute'

2019-06-28 15:43:32 - [TEST_STEP][PASSED] - delay(2): Delayed 2 second(s)

2019-06-28 15:43:34 - [MESSAGE][PASSED] - Delayed 2 second(s)

2019-06-28 15:43:34 - [TEST_STEP][PASSED] - setText(findTestObject("Object Repository/OCS- FRENCH/Page_Ontario Cannabis Store - Infor/input_Prnom_checkoutshipping_a"), "suman"): Text 'suman' is set on object 'Object Repository/OCS- FRENCH/Page_Ontario Cannabis Store - Infor/input_Prnom_checkoutshipping_a'

2019-06-28 15:43:34 - [MESSAGE][PASSED] - Text 'suman' is set on object 'Object Repository/OCS- FRENCH/Page_Ontario Cannabis Store - Infor/input_Prnom_checkoutshipping_a'

2019-06-28 15:43:34 - [TEST_STEP][PASSED] - delay(2): Delayed 2 second(s)

2019-06-28 15:43:36 - [MESSAGE][PASSED] - Delayed 2 second(s)

2019-06-28 15:43:36 - [TEST_STEP][PASSED] - setText(findTestObject("Object Repository/OCS- FRENCH/Page_Ontario Cannabis Store - Infor/input_Nom_checkoutshipping_add"), "test12"): Text 'test12' is set on object 'Object Repository/OCS- FRENCH/Page_Ontario Cannabis Store - Infor/input_Nom_checkoutshipping_add'

2019-06-28 15:43:36 - [MESSAGE][PASSED] - Text 'test12' is set on object 'Object Repository/OCS- FRENCH/Page_Ontario Cannabis Store - Infor/input_Nom_checkoutshipping_add'

2019-06-28 15:43:36 - [TEST_STEP][PASSED] - delay(2): Delayed 2 second(s)

2019-06-28 15:43:38 - [MESSAGE][PASSED] - Delayed 2 second(s)

2019-06-28 15:43:38 - [TEST_STEP][PASSED] - setText(findTestObject("Object Repository/OCS- FRENCH/Page_Ontario Cannabis Store - Infor/input_Adresse_checkoutshipping"), "test12"): Text 'test12' is set on object 'Object Repository/OCS- FRENCH/Page_Ontario Cannabis Store - Infor/input_Adresse_checkoutshipping'

2019-06-28 15:43:38 - [MESSAGE][PASSED] - Text 'test12' is set on object 'Object Repository/OCS- FRENCH/Page_Ontario Cannabis Store - Infor/input_Adresse_checkoutshipping'

2019-06-28 15:43:38 - [TEST_STEP][PASSED] - delay(2): Delayed 2 second(s)

2019-06-28 15:43:40 - [MESSAGE][PASSED] - Delayed 2 second(s)

2019-06-28 15:43:40 - [TEST_STEP][PASSED] - setText(findTestObject("Object Repository/OCS- FRENCH/Page_Ontario Cannabis Store - Infor/input_Appartement suite etc. ("), "12"): Text '12' is set on object 'Object Repository/OCS- FRENCH/Page_Ontario Cannabis Store - Infor/input_Appartement suite etc. ('

2019-06-28 15:43:41 - [MESSAGE][PASSED] - Text '12' is set on object 'Object Repository/OCS- FRENCH/Page_Ontario Cannabis Store - Infor/input_Appartement suite etc. ('

2019-06-28 15:43:41 - [TEST_STEP][PASSED] - delay(2): Delayed 2 second(s)

2019-06-28 15:43:43 - [MESSAGE][PASSED] - Delayed 2 second(s)

2019-06-28 15:43:43 - [TEST_STEP][PASSED] - setText(findTestObject("Object Repository/OCS- FRENCH/Page_Ontario Cannabis Store - Infor/input_Ville_checkoutshipping_a"), "montreal"): Text 'montreal' is set on object 'Object Repository/OCS- FRENCH/Page_Ontario Cannabis Store - Infor/input_Ville_checkoutshipping_a'

2019-06-28 15:43:43 - [MESSAGE][PASSED] - Text 'montreal' is set on object 'Object Repository/OCS- FRENCH/Page_Ontario Cannabis Store - Infor/input_Ville_checkoutshipping_a'

2019-06-28 15:43:43 - [TEST_STEP][PASSED] - delay(2): Delayed 2 second(s)

2019-06-28 15:43:45 - [MESSAGE][PASSED] - Delayed 2 second(s)

2019-06-28 15:43:45 - [TEST_STEP][PASSED] - setText(findTestObject("Object Repository/OCS- FRENCH/Page_Ontario Cannabis Store - Infor/input_Code postal_checkoutship"), "n0r1k0"): Text 'n0r1k0' is set on object 'Object Repository/OCS- FRENCH/Page_Ontario Cannabis Store - Infor/input_Code postal_checkoutship'

2019-06-28 15:43:45 - [MESSAGE][PASSED] - Text 'n0r1k0' is set on object 'Object Repository/OCS- FRENCH/Page_Ontario Cannabis Store - Infor/input_Code postal_checkoutship'

2019-06-28 15:43:45 - [TEST_STEP][PASSED] - delay(2): Delayed 2 second(s)

2019-06-28 15:43:47 - [MESSAGE][PASSED] - Delayed 2 second(s)

2019-06-28 15:43:47 - [TEST_STEP][PASSED] - setText(findTestObject("Object Repository/OCS- FRENCH/Page_Ontario Cannabis Store - Infor/input_Tlphone_checkoutshipping"), "514-449-3883"): Text '514-449-3883' is set on object 'Object Repository/OCS- FRENCH/Page_Ontario Cannabis Store - Infor/input_Tlphone_checkoutshipping'

2019-06-28 15:43:47 - [MESSAGE][PASSED] - Text '514-449-3883' is set on object 'Object Repository/OCS- FRENCH/Page_Ontario Cannabis Store - Infor/input_Tlphone_checkoutshipping'

2019-06-28 15:43:47 - [TEST_STEP][PASSED] - delay(2): Delayed 2 second(s)

2019-06-28 15:43:49 - [MESSAGE][PASSED] - Delayed 2 second(s)

2019-06-28 15:43:49 - [TEST_STEP][PASSED] - click(findTestObject("Object Repository/OCS- FRENCH/Page_Ontario Cannabis Store - Infor/button_Continuer vers le mode")): Object: 'Object Repository/OCS- FRENCH/Page_Ontario Cannabis Store - Infor/button_Continuer vers le mode' is clicked on

2019-06-28 15:43:50 - [MESSAGE][PASSED] - Object: 'Object Repository/OCS- FRENCH/Page_Ontario Cannabis Store - Infor/button_Continuer vers le mode' is clicked on

2019-06-28 15:43:50 - [TEST_STEP][PASSED] - delay(2): Delayed 2 second(s)

2019-06-28 15:43:52 - [MESSAGE][PASSED] - Delayed 2 second(s)

2019-06-28 15:43:52 - [TEST_STEP][NOT_RUN] - executeJavaScript("var previewBar = document.getElementById("preview-bar-iframe"); previewBar.style.display = "none";", []): NOT_RUN: executeJavaScript("var previewBar = document.getElementById("preview-bar-iframe"); previewBar.style.display = "none";", [])

2019-06-28 15:43:52 - [MESSAGE][NOT_RUN] - NOT_RUN: executeJavaScript("var previewBar = document.getElementById("preview-bar-iframe"); previewBar.style.display = "none";", [])

2019-06-28 15:43:52 - [TEST_STEP][PASSED] - delay(2): Delayed 2 second(s)

2019-06-28 15:43:54 - [MESSAGE][PASSED] - Delayed 2 second(s)

2019-06-28 15:43:54 - [TEST_STEP][PASSED] - click(findTestObject("Object Repository/OCS- FRENCH/Page_Ontario Cannabis Store - Livra/button_Continuer vers le moyen")): Object: 'Object Repository/OCS- FRENCH/Page_Ontario Cannabis Store - Livra/button_Continuer vers le moyen' is clicked on

2019-06-28 15:43:57 - [MESSAGE][PASSED] - Object: 'Object Repository/OCS- FRENCH/Page_Ontario Cannabis Store - Livra/button_Continuer vers le moyen' is clicked on

2019-06-28 15:43:57 - [MESSAGE][PASSED] - Call Test Case 'Test Cases/OCS - MOBILE/CALL- SHIPPING TO PAYMENT' successfully]]></system-out>
         <system-err><![CDATA[]]></system-err>
      </testcase>
      <testcase name="Test Cases/OCS- FRENCH/CRITICAL PATH/Cart page - increase qty - fr" classname="Test Cases/OCS- FRENCH/CRITICAL PATH/Cart page - increase qty - fr" status="PASSED">
         <system-out><![CDATA[2019-06-28 15:43:57 - [TEST_CASE][PASSED] - Test Cases/OCS- FRENCH/CRITICAL PATH/Cart page - increase qty - fr: Test Cases/OCS- FRENCH/CRITICAL PATH/Cart page - increase qty - fr

2019-06-28 15:43:57 - [TEST_STEP][PASSED] - callTestCase(findTestCase("OCS - MOBILE/CALL - AGE GATE"), [:], STOP_ON_FAILURE): Call Test Case 'Test Cases/OCS - MOBILE/CALL - AGE GATE' successfully

2019-06-28 15:43:57 - [TEST_CASE][PASSED] - Test Cases/OCS - MOBILE/CALL - AGE GATE: Test Cases/OCS - MOBILE/CALL - AGE GATE

2019-06-28 15:43:57 - [TEST_STEP][PASSED] - openBrowser(""): Browser is opened with url: ''

2019-06-28 15:43:57 - [MESSAGE][WARNING] - A browser is already opened. Closing browser and opening a new one

2019-06-28 15:43:57 - [MESSAGE][INFO] - Starting 'Chrome' driver

2019-06-28 15:43:58 - [MESSAGE][PASSED] - Browser is opened with url: ''

2019-06-28 15:43:58 - [TEST_STEP][PASSED] - navigateToUrl("ocs.ca"): Navigate to 'http://ocs.ca' successfully

2019-06-28 15:44:04 - [MESSAGE][PASSED] - Navigate to 'http://ocs.ca' successfully

2019-06-28 15:44:04 - [TEST_STEP][NOT_RUN] - executeJavaScript("var previewBar = document.getElementById("preview-bar-iframe"); previewBar.style.display = "none";", []): NOT_RUN: executeJavaScript("var previewBar = document.getElementById("preview-bar-iframe"); previewBar.style.display = "none";", [])

2019-06-28 15:44:04 - [MESSAGE][NOT_RUN] - NOT_RUN: executeJavaScript("var previewBar = document.getElementById("preview-bar-iframe"); previewBar.style.display = "none";", [])

2019-06-28 15:44:04 - [TEST_STEP][PASSED] - setViewPortSize(360, 800): Viewport is set to new size with width = 360 and height = 800

2019-06-28 15:44:04 - [MESSAGE][PASSED] - Viewport is set to new size with width = 360 and height = 800

2019-06-28 15:44:04 - [TEST_STEP][PASSED] - delay(4): Delayed 4 second(s)

2019-06-28 15:44:08 - [MESSAGE][PASSED] - Delayed 4 second(s)

2019-06-28 15:44:08 - [TEST_STEP][PASSED] - selectOptionByValue(findTestObject("OCS-MOBILE /Age gate and burger menu/Date"), "12", true): All options with value '12' are selected in object 'Object Repository/OCS-MOBILE /Age gate and burger menu/Date'  using regular expression

2019-06-28 15:44:08 - [MESSAGE][PASSED] - All options with value '12' are selected in object 'Object Repository/OCS-MOBILE /Age gate and burger menu/Date'  using regular expression

2019-06-28 15:44:08 - [TEST_STEP][PASSED] - selectOptionByValue(findTestObject("OCS-MOBILE /Age gate and burger menu/month"), "6", true): All options with value '6' are selected in object 'Object Repository/OCS-MOBILE /Age gate and burger menu/month'  using regular expression

2019-06-28 15:44:09 - [MESSAGE][PASSED] - All options with value '6' are selected in object 'Object Repository/OCS-MOBILE /Age gate and burger menu/month'  using regular expression

2019-06-28 15:44:09 - [TEST_STEP][PASSED] - delay(2): Delayed 2 second(s)

2019-06-28 15:44:11 - [MESSAGE][PASSED] - Delayed 2 second(s)

2019-06-28 15:44:11 - [TEST_STEP][PASSED] - selectOptionByValue(findTestObject("OCS-MOBILE /Age gate and burger menu/Year Dropdown"), "1990", true): All options with value '1990' are selected in object 'Object Repository/OCS-MOBILE /Age gate and burger menu/Year Dropdown'  using regular expression

2019-06-28 15:44:12 - [MESSAGE][PASSED] - All options with value '1990' are selected in object 'Object Repository/OCS-MOBILE /Age gate and burger menu/Year Dropdown'  using regular expression

2019-06-28 15:44:12 - [TEST_STEP][PASSED] - click(findTestObject("OCS-MOBILE /Age gate and Mega menu/button_Verify")): Object: 'Object Repository/OCS-MOBILE /Age gate and Mega menu/button_Verify' is clicked on

2019-06-28 15:44:12 - [MESSAGE][PASSED] - Object: 'Object Repository/OCS-MOBILE /Age gate and Mega menu/button_Verify' is clicked on

2019-06-28 15:44:12 - [TEST_STEP][PASSED] - click(findTestObject("OCS-MOBILE /Age gate and Mega menu/Checkbox_CONFIRM AND ACKNOWLEDGE")): Object: 'Object Repository/OCS-MOBILE /Age gate and Mega menu/Checkbox_CONFIRM AND ACKNOWLEDGE' is clicked on

2019-06-28 15:44:12 - [MESSAGE][PASSED] - Object: 'Object Repository/OCS-MOBILE /Age gate and Mega menu/Checkbox_CONFIRM AND ACKNOWLEDGE' is clicked on

2019-06-28 15:44:12 - [TEST_STEP][PASSED] - click(findTestObject("OCS-MOBILE /Age gate and Mega menu/button_CONFIRM")): Object: 'Object Repository/OCS-MOBILE /Age gate and Mega menu/button_CONFIRM' is clicked on

2019-06-28 15:44:12 - [MESSAGE][PASSED] - Object: 'Object Repository/OCS-MOBILE /Age gate and Mega menu/button_CONFIRM' is clicked on

2019-06-28 15:44:12 - [TEST_STEP][PASSED] - click(findTestObject("OCS-MOBILE /Age gate and Mega menu/button_Start Browsing")): Object: 'Object Repository/OCS-MOBILE /Age gate and Mega menu/button_Start Browsing' is clicked on

2019-06-28 15:44:12 - [MESSAGE][PASSED] - Object: 'Object Repository/OCS-MOBILE /Age gate and Mega menu/button_Start Browsing' is clicked on

2019-06-28 15:44:12 - [TEST_STEP][PASSED] - refresh(): Refresh successfully

2019-06-28 15:44:17 - [MESSAGE][PASSED] - Refresh successfully

2019-06-28 15:44:17 - [TEST_STEP][NOT_RUN] - executeJavaScript("var previewBar = document.getElementById("preview-bar-iframe"); previewBar.style.display = "none";", []): NOT_RUN: executeJavaScript("var previewBar = document.getElementById("preview-bar-iframe"); previewBar.style.display = "none";", [])

2019-06-28 15:44:17 - [MESSAGE][NOT_RUN] - NOT_RUN: executeJavaScript("var previewBar = document.getElementById("preview-bar-iframe"); previewBar.style.display = "none";", [])

2019-06-28 15:44:17 - [MESSAGE][PASSED] - Call Test Case 'Test Cases/OCS - MOBILE/CALL - AGE GATE' successfully

2019-06-28 15:44:17 - [TEST_STEP][PASSED] - callTestCase(findTestCase("OCS - MOBILE/CALL- TOGGLING LANGUAGE"), [:], STOP_ON_FAILURE): Call Test Case 'Test Cases/OCS - MOBILE/CALL- TOGGLING LANGUAGE' successfully

2019-06-28 15:44:17 - [TEST_CASE][PASSED] - Test Cases/OCS - MOBILE/CALL- TOGGLING LANGUAGE: Test Cases/OCS - MOBILE/CALL- TOGGLING LANGUAGE

2019-06-28 15:44:17 - [TEST_STEP][PASSED] - delay(2): Delayed 2 second(s)

2019-06-28 15:44:19 - [MESSAGE][PASSED] - Delayed 2 second(s)

2019-06-28 15:44:19 - [TEST_STEP][PASSED] - click(findTestObject("OCS-MOBILE /Age gate and burger menu/Burger menu - English")): Object: 'Object Repository/OCS-MOBILE /Age gate and burger menu/Burger menu - English' is clicked on

2019-06-28 15:44:19 - [MESSAGE][PASSED] - Object: 'Object Repository/OCS-MOBILE /Age gate and burger menu/Burger menu - English' is clicked on

2019-06-28 15:44:19 - [TEST_STEP][PASSED] - delay(2): Delayed 2 second(s)

2019-06-28 15:44:21 - [MESSAGE][PASSED] - Delayed 2 second(s)

2019-06-28 15:44:21 - [TEST_STEP][PASSED] - click(findTestObject("OCS-MOBILE /Cart flyout/English dropdown")): Object: 'Object Repository/OCS-MOBILE /Cart flyout/English dropdown' is clicked on

2019-06-28 15:44:21 - [MESSAGE][PASSED] - Object: 'Object Repository/OCS-MOBILE /Cart flyout/English dropdown' is clicked on

2019-06-28 15:44:21 - [TEST_STEP][PASSED] - delay(2): Delayed 2 second(s)

2019-06-28 15:44:23 - [MESSAGE][PASSED] - Delayed 2 second(s)

2019-06-28 15:44:23 - [TEST_STEP][NOT_RUN] - executeJavaScript("var previewBar = document.getElementById("preview-bar-iframe"); previewBar.style.display = "none";", []): NOT_RUN: executeJavaScript("var previewBar = document.getElementById("preview-bar-iframe"); previewBar.style.display = "none";", [])

2019-06-28 15:44:23 - [MESSAGE][NOT_RUN] - NOT_RUN: executeJavaScript("var previewBar = document.getElementById("preview-bar-iframe"); previewBar.style.display = "none";", [])

2019-06-28 15:44:23 - [TEST_STEP][PASSED] - click(findTestObject("OCS-MOBILE /Cart flyout/Select French")): Object: 'Object Repository/OCS-MOBILE /Cart flyout/Select French' is clicked on

2019-06-28 15:44:23 - [MESSAGE][PASSED] - Object: 'Object Repository/OCS-MOBILE /Cart flyout/Select French' is clicked on

2019-06-28 15:44:23 - [MESSAGE][PASSED] - Call Test Case 'Test Cases/OCS - MOBILE/CALL- TOGGLING LANGUAGE' successfully

2019-06-28 15:44:23 - [TEST_STEP][PASSED] - delay(2): Delayed 2 second(s)

2019-06-28 15:44:25 - [MESSAGE][PASSED] - Delayed 2 second(s)

2019-06-28 15:44:25 - [TEST_STEP][PASSED] - click(findTestObject("OCS-MOBILE /Age gate and burger menu/Burger menu - English")): Object: 'Object Repository/OCS-MOBILE /Age gate and burger menu/Burger menu - English' is clicked on

2019-06-28 15:44:29 - [MESSAGE][PASSED] - Object: 'Object Repository/OCS-MOBILE /Age gate and burger menu/Burger menu - English' is clicked on

2019-06-28 15:44:29 - [TEST_STEP][PASSED] - delay(2): Delayed 2 second(s)

2019-06-28 15:44:31 - [MESSAGE][PASSED] - Delayed 2 second(s)

2019-06-28 15:44:31 - [TEST_STEP][PASSED] - click(findTestObject("OCS-MOBILE /Age gate and burger menu/Chevron_Cannabis")): Object: 'Object Repository/OCS-MOBILE /Age gate and burger menu/Chevron_Cannabis' is clicked on

2019-06-28 15:44:31 - [MESSAGE][PASSED] - Object: 'Object Repository/OCS-MOBILE /Age gate and burger menu/Chevron_Cannabis' is clicked on

2019-06-28 15:44:31 - [TEST_STEP][PASSED] - delay(2): Delayed 2 second(s)

2019-06-28 15:44:33 - [MESSAGE][PASSED] - Delayed 2 second(s)

2019-06-28 15:44:33 - [TEST_STEP][PASSED] - click(findTestObject("OCS-MOBILE /Age gate and burger menu/Dried Flower_Plus icon")): Object: 'Object Repository/OCS-MOBILE /Age gate and burger menu/Dried Flower_Plus icon' is clicked on

2019-06-28 15:44:33 - [MESSAGE][PASSED] - Object: 'Object Repository/OCS-MOBILE /Age gate and burger menu/Dried Flower_Plus icon' is clicked on

2019-06-28 15:44:33 - [TEST_STEP][PASSED] - delay(2): Delayed 2 second(s)

2019-06-28 15:44:35 - [MESSAGE][PASSED] - Delayed 2 second(s)

2019-06-28 15:44:35 - [TEST_STEP][PASSED] - click(findTestObject("OCS- FRENCH/Indica Dominant_Menu item")): Object: 'Object Repository/OCS- FRENCH/Indica Dominant_Menu item' is clicked on

2019-06-28 15:44:38 - [MESSAGE][PASSED] - Object: 'Object Repository/OCS- FRENCH/Indica Dominant_Menu item' is clicked on

2019-06-28 15:44:38 - [TEST_STEP][NOT_RUN] - executeJavaScript("var previewBar = document.getElementById("preview-bar-iframe"); previewBar.style.display = "none";", []): NOT_RUN: executeJavaScript("var previewBar = document.getElementById("preview-bar-iframe"); previewBar.style.display = "none";", [])

2019-06-28 15:44:38 - [MESSAGE][NOT_RUN] - NOT_RUN: executeJavaScript("var previewBar = document.getElementById("preview-bar-iframe"); previewBar.style.display = "none";", [])

2019-06-28 15:44:38 - [TEST_STEP][PASSED] - delay(2): Delayed 2 second(s)

2019-06-28 15:44:40 - [MESSAGE][PASSED] - Delayed 2 second(s)

2019-06-28 15:44:40 - [TEST_STEP][PASSED] - click(findTestObject("OCS- FRENCH/Product image - 1st one")): Object: 'Object Repository/OCS- FRENCH/Product image - 1st one' is clicked on

2019-06-28 15:44:44 - [MESSAGE][PASSED] - Object: 'Object Repository/OCS- FRENCH/Product image - 1st one' is clicked on

2019-06-28 15:44:44 - [TEST_STEP][NOT_RUN] - executeJavaScript("var previewBar = document.getElementById("preview-bar-iframe"); previewBar.style.display = "none";", []): NOT_RUN: executeJavaScript("var previewBar = document.getElementById("preview-bar-iframe"); previewBar.style.display = "none";", [])

2019-06-28 15:44:44 - [MESSAGE][NOT_RUN] - NOT_RUN: executeJavaScript("var previewBar = document.getElementById("preview-bar-iframe"); previewBar.style.display = "none";", [])

2019-06-28 15:44:44 - [TEST_STEP][PASSED] - delay(2): Delayed 2 second(s)

2019-06-28 15:44:46 - [MESSAGE][PASSED] - Delayed 2 second(s)

2019-06-28 15:44:46 - [TEST_STEP][PASSED] - click(findTestObject("OCS-MOBILE /Product page/Swatch_1g")): Object: 'Object Repository/OCS-MOBILE /Product page/Swatch_1g' is clicked on

2019-06-28 15:44:46 - [MESSAGE][PASSED] - Object: 'Object Repository/OCS-MOBILE /Product page/Swatch_1g' is clicked on

2019-06-28 15:44:46 - [TEST_STEP][PASSED] - delay(2): Delayed 2 second(s)

2019-06-28 15:44:48 - [MESSAGE][PASSED] - Delayed 2 second(s)

2019-06-28 15:44:48 - [TEST_STEP][PASSED] - click(findTestObject("OCS-MOBILE /Product page/Add to Bag-button")): Object: 'Object Repository/OCS-MOBILE /Product page/Add to Bag-button' is clicked on

2019-06-28 15:44:48 - [MESSAGE][PASSED] - Object: 'Object Repository/OCS-MOBILE /Product page/Add to Bag-button' is clicked on

2019-06-28 15:44:48 - [TEST_STEP][PASSED] - delay(4): Delayed 4 second(s)

2019-06-28 15:44:52 - [MESSAGE][PASSED] - Delayed 4 second(s)

2019-06-28 15:44:52 - [TEST_STEP][NOT_RUN] - click(findTestObject("OCS-MOBILE /Home - page/Cart icon -bag")): NOT_RUN: click(findTestObject("OCS-MOBILE /Home - page/Cart icon -bag"))

2019-06-28 15:44:52 - [MESSAGE][NOT_RUN] - NOT_RUN: click(findTestObject("OCS-MOBILE /Home - page/Cart icon -bag"))

2019-06-28 15:44:52 - [TEST_STEP][PASSED] - delay(2): Delayed 2 second(s)

2019-06-28 15:44:54 - [MESSAGE][PASSED] - Delayed 2 second(s)

2019-06-28 15:44:54 - [TEST_STEP][PASSED] - click(findTestObject("OCS-MOBILE /Cart flyout/Checkbox_I confirm that")): Object: 'Object Repository/OCS-MOBILE /Cart flyout/Checkbox_I confirm that' is clicked on

2019-06-28 15:44:54 - [MESSAGE][PASSED] - Object: 'Object Repository/OCS-MOBILE /Cart flyout/Checkbox_I confirm that' is clicked on

2019-06-28 15:44:54 - [TEST_STEP][PASSED] - delay(2): Delayed 2 second(s)

2019-06-28 15:44:56 - [MESSAGE][PASSED] - Delayed 2 second(s)

2019-06-28 15:44:56 - [TEST_STEP][PASSED] - click(findTestObject("OCS-MOBILE /Cart flyout/Checkbox_Accept the Terms Condition")): Object: 'Object Repository/OCS-MOBILE /Cart flyout/Checkbox_Accept the Terms Condition' is clicked on

2019-06-28 15:44:56 - [MESSAGE][PASSED] - Object: 'Object Repository/OCS-MOBILE /Cart flyout/Checkbox_Accept the Terms Condition' is clicked on

2019-06-28 15:44:56 - [TEST_STEP][PASSED] - delay(1): Delayed 1 second(s)

2019-06-28 15:44:57 - [MESSAGE][PASSED] - Delayed 1 second(s)

2019-06-28 15:44:57 - [TEST_STEP][PASSED] - click(findTestObject("OCS-MOBILE /Cart flyout/Checkout - Button")): Object: 'Object Repository/OCS-MOBILE /Cart flyout/Checkout - Button' is clicked on

2019-06-28 15:45:05 - [MESSAGE][PASSED] - Object: 'Object Repository/OCS-MOBILE /Cart flyout/Checkout - Button' is clicked on

2019-06-28 15:45:05 - [TEST_STEP][PASSED] - delay(2): Delayed 2 second(s)

2019-06-28 15:45:07 - [MESSAGE][PASSED] - Delayed 2 second(s)

2019-06-28 15:45:07 - [TEST_STEP][NOT_RUN] - executeJavaScript("var previewBar = document.getElementById("preview-bar-iframe"); previewBar.style.display = "none";", []): NOT_RUN: executeJavaScript("var previewBar = document.getElementById("preview-bar-iframe"); previewBar.style.display = "none";", [])

2019-06-28 15:45:07 - [MESSAGE][NOT_RUN] - NOT_RUN: executeJavaScript("var previewBar = document.getElementById("preview-bar-iframe"); previewBar.style.display = "none";", [])

2019-06-28 15:45:07 - [TEST_STEP][PASSED] - delay(2): Delayed 2 second(s)

2019-06-28 15:45:09 - [MESSAGE][PASSED] - Delayed 2 second(s)

2019-06-28 15:45:09 - [TEST_STEP][PASSED] - scrollToElement(findTestObject("OCS-MOBILE /Customer info page/Return to Cart - Link"), 1): Scroll to object 'Object Repository/OCS-MOBILE /Customer info page/Return to Cart - Link' successfully

2019-06-28 15:45:09 - [MESSAGE][PASSED] - Scroll to object 'Object Repository/OCS-MOBILE /Customer info page/Return to Cart - Link' successfully

2019-06-28 15:45:09 - [TEST_STEP][PASSED] - click(findTestObject("OCS-MOBILE /Customer info page/Return to Cart - Link")): Object: 'Object Repository/OCS-MOBILE /Customer info page/Return to Cart - Link' is clicked on

2019-06-28 15:45:10 - [MESSAGE][PASSED] - Object: 'Object Repository/OCS-MOBILE /Customer info page/Return to Cart - Link' is clicked on

2019-06-28 15:45:10 - [TEST_STEP][PASSED] - delay(1): Delayed 1 second(s)

2019-06-28 15:45:11 - [MESSAGE][PASSED] - Delayed 1 second(s)

2019-06-28 15:45:11 - [TEST_STEP][PASSED] - a = getText(findTestObject("OCS-MOBILE /Cart page/Unit price - product - price in cart page")): Text of object 'Object Repository/OCS-MOBILE /Cart page/Unit price - product - price in cart page' is: '10,50 $'

2019-06-28 15:45:11 - [MESSAGE][PASSED] - Text of object 'Object Repository/OCS-MOBILE /Cart page/Unit price - product - price in cart page' is: '10,50 $'

2019-06-28 15:45:11 - [TEST_STEP][PASSED] - comment(a): 10,50 $

2019-06-28 15:45:11 - [MESSAGE][INFO] - 10,50 $

2019-06-28 15:45:11 - [TEST_STEP][PASSED] - a1 = a.substring(0, a.length() - 1): null

2019-06-28 15:45:11 - [TEST_STEP][PASSED] - comment("a1 = " + a1): a1 = 10,50 

2019-06-28 15:45:11 - [MESSAGE][INFO] - a1 = 10,50 

2019-06-28 15:45:11 - [TEST_STEP][PASSED] - x1 = a1.substring(0, a1.length() - 1): null

2019-06-28 15:45:11 - [TEST_STEP][PASSED] - comment("x1 = " + x1): x1 = 10,50

2019-06-28 15:45:11 - [MESSAGE][INFO] - x1 = 10,50

2019-06-28 15:45:11 - [TEST_STEP][PASSED] - x2 = x1.substring(0, x1.length() - 1): null

2019-06-28 15:45:11 - [TEST_STEP][PASSED] - comment("x2 = " + x2): x2 = 10,5

2019-06-28 15:45:11 - [MESSAGE][INFO] - x2 = 10,5

2019-06-28 15:45:11 - [TEST_STEP][PASSED] - x3 = x2.substring(0, x2.length() - 1): null

2019-06-28 15:45:11 - [TEST_STEP][PASSED] - comment("x3 = " + x3): x3 = 10,

2019-06-28 15:45:11 - [MESSAGE][INFO] - x3 = 10,

2019-06-28 15:45:11 - [TEST_STEP][PASSED] - x6 = x3.substring(0, x3.length() - 1): null

2019-06-28 15:45:11 - [TEST_STEP][PASSED] - comment("x6 = " + x6): x6 = 10

2019-06-28 15:45:11 - [MESSAGE][INFO] - x6 = 10

2019-06-28 15:45:11 - [TEST_STEP][PASSED] - click(findTestObject("OCS-MOBILE /Cart page/Quantity Input field")): Object: 'Object Repository/OCS-MOBILE /Cart page/Quantity Input field' is clicked on

2019-06-28 15:45:11 - [MESSAGE][PASSED] - Object: 'Object Repository/OCS-MOBILE /Cart page/Quantity Input field' is clicked on

2019-06-28 15:45:11 - [TEST_STEP][NOT_RUN] - sendKeys(findTestObject("OCS-MOBILE /Cart page/Quantity Input field"), Keys.chord(CLEAR)): NOT_RUN: sendKeys(findTestObject("OCS-MOBILE /Cart page/Quantity Input field"), Keys.chord(CLEAR))

2019-06-28 15:45:11 - [MESSAGE][NOT_RUN] - NOT_RUN: sendKeys(findTestObject("OCS-MOBILE /Cart page/Quantity Input field"), Keys.chord(CLEAR))

2019-06-28 15:45:11 - [TEST_STEP][PASSED] - setText(findTestObject("OCS-MOBILE /Cart page/Quantity Input field"), "5"): Text '5' is set on object 'Object Repository/OCS-MOBILE /Cart page/Quantity Input field'

2019-06-28 15:45:11 - [MESSAGE][PASSED] - Text '5' is set on object 'Object Repository/OCS-MOBILE /Cart page/Quantity Input field'

2019-06-28 15:45:11 - [TEST_STEP][NOT_RUN] - click(findTestObject("OCS-MOBILE /Cart page/Unit price - product")): NOT_RUN: click(findTestObject("OCS-MOBILE /Cart page/Unit price - product"))

2019-06-28 15:45:11 - [MESSAGE][NOT_RUN] - NOT_RUN: click(findTestObject("OCS-MOBILE /Cart page/Unit price - product"))

2019-06-28 15:45:11 - [TEST_STEP][PASSED] - delay(2): Delayed 2 second(s)

2019-06-28 15:45:13 - [MESSAGE][PASSED] - Delayed 2 second(s)

2019-06-28 15:45:13 - [TEST_STEP][NOT_RUN] - sendKeys(findTestObject("OCS-MOBILE /Cart page/Quantity Input field"), Keys.chord(CLEAR)): NOT_RUN: sendKeys(findTestObject("OCS-MOBILE /Cart page/Quantity Input field"), Keys.chord(CLEAR))

2019-06-28 15:45:13 - [MESSAGE][NOT_RUN] - NOT_RUN: sendKeys(findTestObject("OCS-MOBILE /Cart page/Quantity Input field"), Keys.chord(CLEAR))

2019-06-28 15:45:13 - [TEST_STEP][PASSED] - setText(findTestObject("OCS-MOBILE /Cart page/Quantity Input field"), "7"): Text '7' is set on object 'Object Repository/OCS-MOBILE /Cart page/Quantity Input field'

2019-06-28 15:45:13 - [MESSAGE][PASSED] - Text '7' is set on object 'Object Repository/OCS-MOBILE /Cart page/Quantity Input field'

2019-06-28 15:45:13 - [TEST_STEP][NOT_RUN] - click(findTestObject("OCS-MOBILE /Cart page/Unit price - product")): NOT_RUN: click(findTestObject("OCS-MOBILE /Cart page/Unit price - product"))

2019-06-28 15:45:13 - [MESSAGE][NOT_RUN] - NOT_RUN: click(findTestObject("OCS-MOBILE /Cart page/Unit price - product"))

2019-06-28 15:45:13 - [TEST_STEP][PASSED] - delay(2): Delayed 2 second(s)

2019-06-28 15:45:15 - [MESSAGE][PASSED] - Delayed 2 second(s)

2019-06-28 15:45:15 - [TEST_STEP][PASSED] - click(findTestObject("OCS-MOBILE /Cart page/Qty Increase icon")): Object: 'Object Repository/OCS-MOBILE /Cart page/Qty Increase icon' is clicked on

2019-06-28 15:45:15 - [MESSAGE][PASSED] - Object: 'Object Repository/OCS-MOBILE /Cart page/Qty Increase icon' is clicked on

2019-06-28 15:45:15 - [TEST_STEP][PASSED] - delay(2): Delayed 2 second(s)

2019-06-28 15:45:17 - [MESSAGE][PASSED] - Delayed 2 second(s)

2019-06-28 15:45:17 - [TEST_STEP][PASSED] - click(findTestObject("OCS-MOBILE /Cart page/Qty Increase icon")): Object: 'Object Repository/OCS-MOBILE /Cart page/Qty Increase icon' is clicked on

2019-06-28 15:45:17 - [MESSAGE][PASSED] - Object: 'Object Repository/OCS-MOBILE /Cart page/Qty Increase icon' is clicked on

2019-06-28 15:45:17 - [TEST_STEP][PASSED] - delay(2): Delayed 2 second(s)

2019-06-28 15:45:19 - [MESSAGE][PASSED] - Delayed 2 second(s)

2019-06-28 15:45:19 - [TEST_STEP][PASSED] - click(findTestObject("OCS-MOBILE /Cart page/Qty Increase icon")): Object: 'Object Repository/OCS-MOBILE /Cart page/Qty Increase icon' is clicked on

2019-06-28 15:45:19 - [MESSAGE][PASSED] - Object: 'Object Repository/OCS-MOBILE /Cart page/Qty Increase icon' is clicked on

2019-06-28 15:45:19 - [TEST_STEP][PASSED] - delay(2): Delayed 2 second(s)

2019-06-28 15:45:21 - [MESSAGE][PASSED] - Delayed 2 second(s)

2019-06-28 15:45:21 - [TEST_STEP][PASSED] - b = getText(findTestObject("OCS-MOBILE /Cart page/Unit price - product - price in cart page")): Text of object 'Object Repository/OCS-MOBILE /Cart page/Unit price - product - price in cart page' is: '105,00 $'

2019-06-28 15:45:21 - [MESSAGE][PASSED] - Text of object 'Object Repository/OCS-MOBILE /Cart page/Unit price - product - price in cart page' is: '105,00 $'

2019-06-28 15:45:21 - [TEST_STEP][PASSED] - comment(b): 105,00 $

2019-06-28 15:45:21 - [MESSAGE][INFO] - 105,00 $

2019-06-28 15:45:21 - [TEST_STEP][PASSED] - a2 = b.substring(0, b.length() - 1): null

2019-06-28 15:45:21 - [TEST_STEP][PASSED] - comment("a2 = " + a2): a2 = 105,00 

2019-06-28 15:45:21 - [MESSAGE][INFO] - a2 = 105,00 

2019-06-28 15:45:21 - [TEST_STEP][PASSED] - y1 = a2.substring(0, a2.length() - 1): null

2019-06-28 15:45:21 - [TEST_STEP][PASSED] - comment("y1 = " + y1): y1 = 105,00

2019-06-28 15:45:21 - [MESSAGE][INFO] - y1 = 105,00

2019-06-28 15:45:21 - [TEST_STEP][PASSED] - y2 = y1.substring(0, y1.length() - 1): null

2019-06-28 15:45:21 - [TEST_STEP][PASSED] - comment("y2 = " + y2): y2 = 105,0

2019-06-28 15:45:21 - [MESSAGE][INFO] - y2 = 105,0

2019-06-28 15:45:21 - [TEST_STEP][PASSED] - y3 = y2.substring(0, y2.length() - 1): null

2019-06-28 15:45:21 - [TEST_STEP][PASSED] - comment("y3 = " + y3): y3 = 105,

2019-06-28 15:45:21 - [MESSAGE][INFO] - y3 = 105,

2019-06-28 15:45:21 - [TEST_STEP][PASSED] - y4 = y3.substring(0, y3.length() - 1): null

2019-06-28 15:45:21 - [TEST_STEP][PASSED] - comment("y4 = " + y4): y4 = 105

2019-06-28 15:45:21 - [MESSAGE][INFO] - y4 = 105

2019-06-28 15:45:21 - [TEST_STEP][PASSED] - verifyNotEqual("x6", "y4"): Actual object 'x6' and expected object 'y4' are not equal

2019-06-28 15:45:21 - [MESSAGE][PASSED] - Actual object 'x6' and expected object 'y4' are not equal

2019-06-28 15:45:21 - [TEST_STEP][PASSED] - comment(" price changed . Quantity selector is working"):  price changed . Quantity selector is working

2019-06-28 15:45:21 - [MESSAGE][INFO] -  price changed . Quantity selector is working

2019-06-28 15:45:21 - [TEST_STEP][PASSED] - delay(1): Delayed 1 second(s)

2019-06-28 15:45:22 - [MESSAGE][PASSED] - Delayed 1 second(s)

2019-06-28 15:45:22 - [TEST_STEP][PASSED] - click(findTestObject("OCS-MOBILE /Cart page/cart page-Checkbox_I confirm that")): Object: 'Object Repository/OCS-MOBILE /Cart page/cart page-Checkbox_I confirm that' is clicked on

2019-06-28 15:45:23 - [MESSAGE][PASSED] - Object: 'Object Repository/OCS-MOBILE /Cart page/cart page-Checkbox_I confirm that' is clicked on

2019-06-28 15:45:23 - [TEST_STEP][PASSED] - delay(1): Delayed 1 second(s)

2019-06-28 15:45:24 - [MESSAGE][PASSED] - Delayed 1 second(s)

2019-06-28 15:45:24 - [TEST_STEP][PASSED] - click(findTestObject("OCS-MOBILE /Cart page/cart page - Checkbox_Accept the Terms Condition")): Object: 'Object Repository/OCS-MOBILE /Cart page/cart page - Checkbox_Accept the Terms Condition' is clicked on

2019-06-28 15:45:24 - [MESSAGE][PASSED] - Object: 'Object Repository/OCS-MOBILE /Cart page/cart page - Checkbox_Accept the Terms Condition' is clicked on

2019-06-28 15:45:24 - [TEST_STEP][NOT_RUN] - executeJavaScript("var previewBar = document.getElementById("preview-bar-iframe"); previewBar.style.display = "none";", []): NOT_RUN: executeJavaScript("var previewBar = document.getElementById("preview-bar-iframe"); previewBar.style.display = "none";", [])

2019-06-28 15:45:24 - [MESSAGE][NOT_RUN] - NOT_RUN: executeJavaScript("var previewBar = document.getElementById("preview-bar-iframe"); previewBar.style.display = "none";", [])

2019-06-28 15:45:24 - [TEST_STEP][PASSED] - delay(1): Delayed 1 second(s)

2019-06-28 15:45:25 - [MESSAGE][PASSED] - Delayed 1 second(s)

2019-06-28 15:45:25 - [TEST_STEP][PASSED] - click(findTestObject("OCS- FRENCH/Cart page -checkout button")): Object: 'Object Repository/OCS- FRENCH/Cart page -checkout button' is clicked on

2019-06-28 15:45:26 - [MESSAGE][PASSED] - Object: 'Object Repository/OCS- FRENCH/Cart page -checkout button' is clicked on

2019-06-28 15:45:26 - [TEST_STEP][PASSED] - delay(1): Delayed 1 second(s)

2019-06-28 15:45:27 - [MESSAGE][PASSED] - Delayed 1 second(s)

2019-06-28 15:45:27 - [TEST_STEP][PASSED] - callTestCase(findTestCase("OCS - MOBILE/CALL- SHIPPING TO PAYMENT"), [:], STOP_ON_FAILURE): Call Test Case 'Test Cases/OCS - MOBILE/CALL- SHIPPING TO PAYMENT' successfully

2019-06-28 15:45:27 - [TEST_CASE][PASSED] - Test Cases/OCS - MOBILE/CALL- SHIPPING TO PAYMENT: Test Cases/OCS - MOBILE/CALL- SHIPPING TO PAYMENT

2019-06-28 15:45:27 - [TEST_STEP][NOT_RUN] - executeJavaScript("var previewBar = document.getElementById("preview-bar-iframe"); previewBar.style.display = "none";", []): NOT_RUN: executeJavaScript("var previewBar = document.getElementById("preview-bar-iframe"); previewBar.style.display = "none";", [])

2019-06-28 15:45:27 - [MESSAGE][NOT_RUN] - NOT_RUN: executeJavaScript("var previewBar = document.getElementById("preview-bar-iframe"); previewBar.style.display = "none";", [])

2019-06-28 15:45:27 - [TEST_STEP][PASSED] - delay(2): Delayed 2 second(s)

2019-06-28 15:45:29 - [MESSAGE][PASSED] - Delayed 2 second(s)

2019-06-28 15:45:29 - [TEST_STEP][PASSED] - setText(findTestObject("OCS- FRENCH/Page_Ontario Cannabis Store - Infor/input_Adresse e-mail_checkoute"), "suman@gmail.com"): Text 'suman@gmail.com' is set on object 'Object Repository/OCS- FRENCH/Page_Ontario Cannabis Store - Infor/input_Adresse e-mail_checkoute'

2019-06-28 15:45:29 - [MESSAGE][PASSED] - Text 'suman@gmail.com' is set on object 'Object Repository/OCS- FRENCH/Page_Ontario Cannabis Store - Infor/input_Adresse e-mail_checkoute'

2019-06-28 15:45:29 - [TEST_STEP][PASSED] - delay(2): Delayed 2 second(s)

2019-06-28 15:45:31 - [MESSAGE][PASSED] - Delayed 2 second(s)

2019-06-28 15:45:31 - [TEST_STEP][PASSED] - setText(findTestObject("Object Repository/OCS- FRENCH/Page_Ontario Cannabis Store - Infor/input_Prnom_checkoutshipping_a"), "suman"): Text 'suman' is set on object 'Object Repository/OCS- FRENCH/Page_Ontario Cannabis Store - Infor/input_Prnom_checkoutshipping_a'

2019-06-28 15:45:31 - [MESSAGE][PASSED] - Text 'suman' is set on object 'Object Repository/OCS- FRENCH/Page_Ontario Cannabis Store - Infor/input_Prnom_checkoutshipping_a'

2019-06-28 15:45:31 - [TEST_STEP][PASSED] - delay(2): Delayed 2 second(s)

2019-06-28 15:45:33 - [MESSAGE][PASSED] - Delayed 2 second(s)

2019-06-28 15:45:33 - [TEST_STEP][PASSED] - setText(findTestObject("Object Repository/OCS- FRENCH/Page_Ontario Cannabis Store - Infor/input_Nom_checkoutshipping_add"), "test12"): Text 'test12' is set on object 'Object Repository/OCS- FRENCH/Page_Ontario Cannabis Store - Infor/input_Nom_checkoutshipping_add'

2019-06-28 15:45:33 - [MESSAGE][PASSED] - Text 'test12' is set on object 'Object Repository/OCS- FRENCH/Page_Ontario Cannabis Store - Infor/input_Nom_checkoutshipping_add'

2019-06-28 15:45:33 - [TEST_STEP][PASSED] - delay(2): Delayed 2 second(s)

2019-06-28 15:45:35 - [MESSAGE][PASSED] - Delayed 2 second(s)

2019-06-28 15:45:35 - [TEST_STEP][PASSED] - setText(findTestObject("Object Repository/OCS- FRENCH/Page_Ontario Cannabis Store - Infor/input_Adresse_checkoutshipping"), "test12"): Text 'test12' is set on object 'Object Repository/OCS- FRENCH/Page_Ontario Cannabis Store - Infor/input_Adresse_checkoutshipping'

2019-06-28 15:45:36 - [MESSAGE][PASSED] - Text 'test12' is set on object 'Object Repository/OCS- FRENCH/Page_Ontario Cannabis Store - Infor/input_Adresse_checkoutshipping'

2019-06-28 15:45:36 - [TEST_STEP][PASSED] - delay(2): Delayed 2 second(s)

2019-06-28 15:45:38 - [MESSAGE][PASSED] - Delayed 2 second(s)

2019-06-28 15:45:38 - [TEST_STEP][PASSED] - setText(findTestObject("Object Repository/OCS- FRENCH/Page_Ontario Cannabis Store - Infor/input_Appartement suite etc. ("), "12"): Text '12' is set on object 'Object Repository/OCS- FRENCH/Page_Ontario Cannabis Store - Infor/input_Appartement suite etc. ('

2019-06-28 15:45:38 - [MESSAGE][PASSED] - Text '12' is set on object 'Object Repository/OCS- FRENCH/Page_Ontario Cannabis Store - Infor/input_Appartement suite etc. ('

2019-06-28 15:45:38 - [TEST_STEP][PASSED] - delay(2): Delayed 2 second(s)

2019-06-28 15:45:40 - [MESSAGE][PASSED] - Delayed 2 second(s)

2019-06-28 15:45:40 - [TEST_STEP][PASSED] - setText(findTestObject("Object Repository/OCS- FRENCH/Page_Ontario Cannabis Store - Infor/input_Ville_checkoutshipping_a"), "montreal"): Text 'montreal' is set on object 'Object Repository/OCS- FRENCH/Page_Ontario Cannabis Store - Infor/input_Ville_checkoutshipping_a'

2019-06-28 15:45:40 - [MESSAGE][PASSED] - Text 'montreal' is set on object 'Object Repository/OCS- FRENCH/Page_Ontario Cannabis Store - Infor/input_Ville_checkoutshipping_a'

2019-06-28 15:45:40 - [TEST_STEP][PASSED] - delay(2): Delayed 2 second(s)

2019-06-28 15:45:42 - [MESSAGE][PASSED] - Delayed 2 second(s)

2019-06-28 15:45:42 - [TEST_STEP][PASSED] - setText(findTestObject("Object Repository/OCS- FRENCH/Page_Ontario Cannabis Store - Infor/input_Code postal_checkoutship"), "n0r1k0"): Text 'n0r1k0' is set on object 'Object Repository/OCS- FRENCH/Page_Ontario Cannabis Store - Infor/input_Code postal_checkoutship'

2019-06-28 15:45:42 - [MESSAGE][PASSED] - Text 'n0r1k0' is set on object 'Object Repository/OCS- FRENCH/Page_Ontario Cannabis Store - Infor/input_Code postal_checkoutship'

2019-06-28 15:45:42 - [TEST_STEP][PASSED] - delay(2): Delayed 2 second(s)

2019-06-28 15:45:44 - [MESSAGE][PASSED] - Delayed 2 second(s)

2019-06-28 15:45:44 - [TEST_STEP][PASSED] - setText(findTestObject("Object Repository/OCS- FRENCH/Page_Ontario Cannabis Store - Infor/input_Tlphone_checkoutshipping"), "514-449-3883"): Text '514-449-3883' is set on object 'Object Repository/OCS- FRENCH/Page_Ontario Cannabis Store - Infor/input_Tlphone_checkoutshipping'

2019-06-28 15:45:44 - [MESSAGE][PASSED] - Text '514-449-3883' is set on object 'Object Repository/OCS- FRENCH/Page_Ontario Cannabis Store - Infor/input_Tlphone_checkoutshipping'

2019-06-28 15:45:44 - [TEST_STEP][PASSED] - delay(2): Delayed 2 second(s)

2019-06-28 15:45:46 - [MESSAGE][PASSED] - Delayed 2 second(s)

2019-06-28 15:45:46 - [TEST_STEP][PASSED] - click(findTestObject("Object Repository/OCS- FRENCH/Page_Ontario Cannabis Store - Infor/button_Continuer vers le mode")): Object: 'Object Repository/OCS- FRENCH/Page_Ontario Cannabis Store - Infor/button_Continuer vers le mode' is clicked on

2019-06-28 15:45:48 - [MESSAGE][PASSED] - Object: 'Object Repository/OCS- FRENCH/Page_Ontario Cannabis Store - Infor/button_Continuer vers le mode' is clicked on

2019-06-28 15:45:48 - [TEST_STEP][PASSED] - delay(2): Delayed 2 second(s)

2019-06-28 15:45:50 - [MESSAGE][PASSED] - Delayed 2 second(s)

2019-06-28 15:45:50 - [TEST_STEP][NOT_RUN] - executeJavaScript("var previewBar = document.getElementById("preview-bar-iframe"); previewBar.style.display = "none";", []): NOT_RUN: executeJavaScript("var previewBar = document.getElementById("preview-bar-iframe"); previewBar.style.display = "none";", [])

2019-06-28 15:45:50 - [MESSAGE][NOT_RUN] - NOT_RUN: executeJavaScript("var previewBar = document.getElementById("preview-bar-iframe"); previewBar.style.display = "none";", [])

2019-06-28 15:45:50 - [TEST_STEP][PASSED] - delay(2): Delayed 2 second(s)

2019-06-28 15:45:52 - [MESSAGE][PASSED] - Delayed 2 second(s)

2019-06-28 15:45:52 - [TEST_STEP][PASSED] - click(findTestObject("Object Repository/OCS- FRENCH/Page_Ontario Cannabis Store - Livra/button_Continuer vers le moyen")): Object: 'Object Repository/OCS- FRENCH/Page_Ontario Cannabis Store - Livra/button_Continuer vers le moyen' is clicked on

2019-06-28 15:45:52 - [MESSAGE][PASSED] - Object: 'Object Repository/OCS- FRENCH/Page_Ontario Cannabis Store - Livra/button_Continuer vers le moyen' is clicked on

2019-06-28 15:45:52 - [MESSAGE][PASSED] - Call Test Case 'Test Cases/OCS - MOBILE/CALL- SHIPPING TO PAYMENT' successfully]]></system-out>
         <system-err><![CDATA[]]></system-err>
      </testcase>
      <testcase name="Test Cases/OCS- FRENCH/CRITICAL PATH/Cart -fr" classname="Test Cases/OCS- FRENCH/CRITICAL PATH/Cart -fr" status="PASSED">
         <system-out><![CDATA[2019-06-28 15:45:52 - [TEST_CASE][PASSED] - Test Cases/OCS- FRENCH/CRITICAL PATH/Cart -fr: Test Cases/OCS- FRENCH/CRITICAL PATH/Cart -fr

2019-06-28 15:45:53 - [TEST_STEP][PASSED] - callTestCase(findTestCase("OCS - MOBILE/CALL - AGE GATE"), [:], STOP_ON_FAILURE): Call Test Case 'Test Cases/OCS - MOBILE/CALL - AGE GATE' successfully

2019-06-28 15:45:53 - [TEST_CASE][PASSED] - Test Cases/OCS - MOBILE/CALL - AGE GATE: Test Cases/OCS - MOBILE/CALL - AGE GATE

2019-06-28 15:45:53 - [TEST_STEP][PASSED] - openBrowser(""): Browser is opened with url: ''

2019-06-28 15:45:53 - [MESSAGE][WARNING] - A browser is already opened. Closing browser and opening a new one

2019-06-28 15:45:53 - [MESSAGE][INFO] - Starting 'Chrome' driver

2019-06-28 15:45:54 - [MESSAGE][PASSED] - Browser is opened with url: ''

2019-06-28 15:45:54 - [TEST_STEP][PASSED] - navigateToUrl("ocs.ca"): Navigate to 'http://ocs.ca' successfully

2019-06-28 15:46:00 - [MESSAGE][PASSED] - Navigate to 'http://ocs.ca' successfully

2019-06-28 15:46:00 - [TEST_STEP][NOT_RUN] - executeJavaScript("var previewBar = document.getElementById("preview-bar-iframe"); previewBar.style.display = "none";", []): NOT_RUN: executeJavaScript("var previewBar = document.getElementById("preview-bar-iframe"); previewBar.style.display = "none";", [])

2019-06-28 15:46:00 - [MESSAGE][NOT_RUN] - NOT_RUN: executeJavaScript("var previewBar = document.getElementById("preview-bar-iframe"); previewBar.style.display = "none";", [])

2019-06-28 15:46:00 - [TEST_STEP][PASSED] - setViewPortSize(360, 800): Viewport is set to new size with width = 360 and height = 800

2019-06-28 15:46:00 - [MESSAGE][PASSED] - Viewport is set to new size with width = 360 and height = 800

2019-06-28 15:46:00 - [TEST_STEP][PASSED] - delay(4): Delayed 4 second(s)

2019-06-28 15:46:04 - [MESSAGE][PASSED] - Delayed 4 second(s)

2019-06-28 15:46:04 - [TEST_STEP][PASSED] - selectOptionByValue(findTestObject("OCS-MOBILE /Age gate and burger menu/Date"), "12", true): All options with value '12' are selected in object 'Object Repository/OCS-MOBILE /Age gate and burger menu/Date'  using regular expression

2019-06-28 15:46:05 - [MESSAGE][PASSED] - All options with value '12' are selected in object 'Object Repository/OCS-MOBILE /Age gate and burger menu/Date'  using regular expression

2019-06-28 15:46:05 - [TEST_STEP][PASSED] - selectOptionByValue(findTestObject("OCS-MOBILE /Age gate and burger menu/month"), "6", true): All options with value '6' are selected in object 'Object Repository/OCS-MOBILE /Age gate and burger menu/month'  using regular expression

2019-06-28 15:46:05 - [MESSAGE][PASSED] - All options with value '6' are selected in object 'Object Repository/OCS-MOBILE /Age gate and burger menu/month'  using regular expression

2019-06-28 15:46:05 - [TEST_STEP][PASSED] - delay(2): Delayed 2 second(s)

2019-06-28 15:46:07 - [MESSAGE][PASSED] - Delayed 2 second(s)

2019-06-28 15:46:07 - [TEST_STEP][PASSED] - selectOptionByValue(findTestObject("OCS-MOBILE /Age gate and burger menu/Year Dropdown"), "1990", true): All options with value '1990' are selected in object 'Object Repository/OCS-MOBILE /Age gate and burger menu/Year Dropdown'  using regular expression

2019-06-28 15:46:08 - [MESSAGE][PASSED] - All options with value '1990' are selected in object 'Object Repository/OCS-MOBILE /Age gate and burger menu/Year Dropdown'  using regular expression

2019-06-28 15:46:08 - [TEST_STEP][PASSED] - click(findTestObject("OCS-MOBILE /Age gate and Mega menu/button_Verify")): Object: 'Object Repository/OCS-MOBILE /Age gate and Mega menu/button_Verify' is clicked on

2019-06-28 15:46:08 - [MESSAGE][PASSED] - Object: 'Object Repository/OCS-MOBILE /Age gate and Mega menu/button_Verify' is clicked on

2019-06-28 15:46:08 - [TEST_STEP][PASSED] - click(findTestObject("OCS-MOBILE /Age gate and Mega menu/Checkbox_CONFIRM AND ACKNOWLEDGE")): Object: 'Object Repository/OCS-MOBILE /Age gate and Mega menu/Checkbox_CONFIRM AND ACKNOWLEDGE' is clicked on

2019-06-28 15:46:08 - [MESSAGE][PASSED] - Object: 'Object Repository/OCS-MOBILE /Age gate and Mega menu/Checkbox_CONFIRM AND ACKNOWLEDGE' is clicked on

2019-06-28 15:46:08 - [TEST_STEP][PASSED] - click(findTestObject("OCS-MOBILE /Age gate and Mega menu/button_CONFIRM")): Object: 'Object Repository/OCS-MOBILE /Age gate and Mega menu/button_CONFIRM' is clicked on

2019-06-28 15:46:08 - [MESSAGE][PASSED] - Object: 'Object Repository/OCS-MOBILE /Age gate and Mega menu/button_CONFIRM' is clicked on

2019-06-28 15:46:08 - [TEST_STEP][PASSED] - click(findTestObject("OCS-MOBILE /Age gate and Mega menu/button_Start Browsing")): Object: 'Object Repository/OCS-MOBILE /Age gate and Mega menu/button_Start Browsing' is clicked on

2019-06-28 15:46:08 - [MESSAGE][PASSED] - Object: 'Object Repository/OCS-MOBILE /Age gate and Mega menu/button_Start Browsing' is clicked on

2019-06-28 15:46:08 - [TEST_STEP][PASSED] - refresh(): Refresh successfully

2019-06-28 15:46:08 - [MESSAGE][PASSED] - Refresh successfully

2019-06-28 15:46:08 - [TEST_STEP][NOT_RUN] - executeJavaScript("var previewBar = document.getElementById("preview-bar-iframe"); previewBar.style.display = "none";", []): NOT_RUN: executeJavaScript("var previewBar = document.getElementById("preview-bar-iframe"); previewBar.style.display = "none";", [])

2019-06-28 15:46:08 - [MESSAGE][NOT_RUN] - NOT_RUN: executeJavaScript("var previewBar = document.getElementById("preview-bar-iframe"); previewBar.style.display = "none";", [])

2019-06-28 15:46:08 - [MESSAGE][PASSED] - Call Test Case 'Test Cases/OCS - MOBILE/CALL - AGE GATE' successfully

2019-06-28 15:46:08 - [TEST_STEP][PASSED] - callTestCase(findTestCase("OCS - MOBILE/CALL- TOGGLING LANGUAGE"), [:], STOP_ON_FAILURE): Call Test Case 'Test Cases/OCS - MOBILE/CALL- TOGGLING LANGUAGE' successfully

2019-06-28 15:46:08 - [TEST_CASE][PASSED] - Test Cases/OCS - MOBILE/CALL- TOGGLING LANGUAGE: Test Cases/OCS - MOBILE/CALL- TOGGLING LANGUAGE

2019-06-28 15:46:08 - [TEST_STEP][PASSED] - delay(2): Delayed 2 second(s)

2019-06-28 15:46:10 - [MESSAGE][PASSED] - Delayed 2 second(s)

2019-06-28 15:46:10 - [TEST_STEP][PASSED] - click(findTestObject("OCS-MOBILE /Age gate and burger menu/Burger menu - English")): Object: 'Object Repository/OCS-MOBILE /Age gate and burger menu/Burger menu - English' is clicked on

2019-06-28 15:46:10 - [MESSAGE][PASSED] - Object: 'Object Repository/OCS-MOBILE /Age gate and burger menu/Burger menu - English' is clicked on

2019-06-28 15:46:10 - [TEST_STEP][PASSED] - delay(2): Delayed 2 second(s)

2019-06-28 15:46:12 - [MESSAGE][PASSED] - Delayed 2 second(s)

2019-06-28 15:46:12 - [TEST_STEP][PASSED] - click(findTestObject("OCS-MOBILE /Cart flyout/English dropdown")): Object: 'Object Repository/OCS-MOBILE /Cart flyout/English dropdown' is clicked on

2019-06-28 15:46:12 - [MESSAGE][PASSED] - Object: 'Object Repository/OCS-MOBILE /Cart flyout/English dropdown' is clicked on

2019-06-28 15:46:12 - [TEST_STEP][PASSED] - delay(2): Delayed 2 second(s)

2019-06-28 15:46:14 - [MESSAGE][PASSED] - Delayed 2 second(s)

2019-06-28 15:46:14 - [TEST_STEP][NOT_RUN] - executeJavaScript("var previewBar = document.getElementById("preview-bar-iframe"); previewBar.style.display = "none";", []): NOT_RUN: executeJavaScript("var previewBar = document.getElementById("preview-bar-iframe"); previewBar.style.display = "none";", [])

2019-06-28 15:46:14 - [MESSAGE][NOT_RUN] - NOT_RUN: executeJavaScript("var previewBar = document.getElementById("preview-bar-iframe"); previewBar.style.display = "none";", [])

2019-06-28 15:46:14 - [TEST_STEP][PASSED] - click(findTestObject("OCS-MOBILE /Cart flyout/Select French")): Object: 'Object Repository/OCS-MOBILE /Cart flyout/Select French' is clicked on

2019-06-28 15:46:14 - [MESSAGE][PASSED] - Object: 'Object Repository/OCS-MOBILE /Cart flyout/Select French' is clicked on

2019-06-28 15:46:14 - [MESSAGE][PASSED] - Call Test Case 'Test Cases/OCS - MOBILE/CALL- TOGGLING LANGUAGE' successfully

2019-06-28 15:46:14 - [TEST_STEP][PASSED] - delay(2): Delayed 2 second(s)

2019-06-28 15:46:16 - [MESSAGE][PASSED] - Delayed 2 second(s)

2019-06-28 15:46:16 - [TEST_STEP][PASSED] - click(findTestObject("OCS-MOBILE /Age gate and burger menu/Burger menu - English")): Object: 'Object Repository/OCS-MOBILE /Age gate and burger menu/Burger menu - English' is clicked on

2019-06-28 15:46:19 - [MESSAGE][PASSED] - Object: 'Object Repository/OCS-MOBILE /Age gate and burger menu/Burger menu - English' is clicked on

2019-06-28 15:46:19 - [TEST_STEP][PASSED] - delay(2): Delayed 2 second(s)

2019-06-28 15:46:21 - [MESSAGE][PASSED] - Delayed 2 second(s)

2019-06-28 15:46:21 - [TEST_STEP][PASSED] - click(findTestObject("OCS-MOBILE /Age gate and burger menu/Chevron_Cannabis")): Object: 'Object Repository/OCS-MOBILE /Age gate and burger menu/Chevron_Cannabis' is clicked on

2019-06-28 15:46:21 - [MESSAGE][PASSED] - Object: 'Object Repository/OCS-MOBILE /Age gate and burger menu/Chevron_Cannabis' is clicked on

2019-06-28 15:46:21 - [TEST_STEP][PASSED] - delay(2): Delayed 2 second(s)

2019-06-28 15:46:23 - [MESSAGE][PASSED] - Delayed 2 second(s)

2019-06-28 15:46:23 - [TEST_STEP][PASSED] - click(findTestObject("OCS-MOBILE /Age gate and burger menu/Dried Flower_Plus icon")): Object: 'Object Repository/OCS-MOBILE /Age gate and burger menu/Dried Flower_Plus icon' is clicked on

2019-06-28 15:46:23 - [MESSAGE][PASSED] - Object: 'Object Repository/OCS-MOBILE /Age gate and burger menu/Dried Flower_Plus icon' is clicked on

2019-06-28 15:46:23 - [TEST_STEP][PASSED] - delay(2): Delayed 2 second(s)

2019-06-28 15:46:25 - [MESSAGE][PASSED] - Delayed 2 second(s)

2019-06-28 15:46:25 - [TEST_STEP][PASSED] - click(findTestObject("OCS- FRENCH/Indica Dominant_Menu item")): Object: 'Object Repository/OCS- FRENCH/Indica Dominant_Menu item' is clicked on

2019-06-28 15:46:27 - [MESSAGE][PASSED] - Object: 'Object Repository/OCS- FRENCH/Indica Dominant_Menu item' is clicked on

2019-06-28 15:46:27 - [TEST_STEP][NOT_RUN] - executeJavaScript("var previewBar = document.getElementById("preview-bar-iframe"); previewBar.style.display = "none";", []): NOT_RUN: executeJavaScript("var previewBar = document.getElementById("preview-bar-iframe"); previewBar.style.display = "none";", [])

2019-06-28 15:46:27 - [MESSAGE][NOT_RUN] - NOT_RUN: executeJavaScript("var previewBar = document.getElementById("preview-bar-iframe"); previewBar.style.display = "none";", [])

2019-06-28 15:46:27 - [TEST_STEP][PASSED] - delay(2): Delayed 2 second(s)

2019-06-28 15:46:29 - [MESSAGE][PASSED] - Delayed 2 second(s)

2019-06-28 15:46:29 - [TEST_STEP][PASSED] - click(findTestObject("OCS- FRENCH/Product image - 1st one")): Object: 'Object Repository/OCS- FRENCH/Product image - 1st one' is clicked on

2019-06-28 15:46:33 - [MESSAGE][PASSED] - Object: 'Object Repository/OCS- FRENCH/Product image - 1st one' is clicked on

2019-06-28 15:46:33 - [TEST_STEP][NOT_RUN] - executeJavaScript("var previewBar = document.getElementById("preview-bar-iframe"); previewBar.style.display = "none";", []): NOT_RUN: executeJavaScript("var previewBar = document.getElementById("preview-bar-iframe"); previewBar.style.display = "none";", [])

2019-06-28 15:46:33 - [MESSAGE][NOT_RUN] - NOT_RUN: executeJavaScript("var previewBar = document.getElementById("preview-bar-iframe"); previewBar.style.display = "none";", [])

2019-06-28 15:46:33 - [TEST_STEP][PASSED] - delay(2): Delayed 2 second(s)

2019-06-28 15:46:35 - [MESSAGE][PASSED] - Delayed 2 second(s)

2019-06-28 15:46:35 - [TEST_STEP][PASSED] - click(findTestObject("OCS-MOBILE /Product page/Swatch_1g")): Object: 'Object Repository/OCS-MOBILE /Product page/Swatch_1g' is clicked on

2019-06-28 15:46:35 - [MESSAGE][PASSED] - Object: 'Object Repository/OCS-MOBILE /Product page/Swatch_1g' is clicked on

2019-06-28 15:46:35 - [TEST_STEP][PASSED] - delay(2): Delayed 2 second(s)

2019-06-28 15:46:37 - [MESSAGE][PASSED] - Delayed 2 second(s)

2019-06-28 15:46:37 - [TEST_STEP][PASSED] - click(findTestObject("OCS-MOBILE /Product page/Add to Bag-button")): Object: 'Object Repository/OCS-MOBILE /Product page/Add to Bag-button' is clicked on

2019-06-28 15:46:37 - [MESSAGE][PASSED] - Object: 'Object Repository/OCS-MOBILE /Product page/Add to Bag-button' is clicked on

2019-06-28 15:46:37 - [TEST_STEP][PASSED] - delay(4): Delayed 4 second(s)

2019-06-28 15:46:41 - [MESSAGE][PASSED] - Delayed 4 second(s)

2019-06-28 15:46:41 - [TEST_STEP][NOT_RUN] - click(findTestObject("OCS-MOBILE /Home - page/Cart icon -bag")): NOT_RUN: click(findTestObject("OCS-MOBILE /Home - page/Cart icon -bag"))

2019-06-28 15:46:41 - [MESSAGE][NOT_RUN] - NOT_RUN: click(findTestObject("OCS-MOBILE /Home - page/Cart icon -bag"))

2019-06-28 15:46:41 - [TEST_STEP][PASSED] - delay(4, OPTIONAL): Delayed 4 second(s)

2019-06-28 15:46:45 - [MESSAGE][PASSED] - Delayed 4 second(s)

2019-06-28 15:46:45 - [TEST_STEP][PASSED] - click(findTestObject("OCS-MOBILE /Cart flyout/Back icon")): Object: 'Object Repository/OCS-MOBILE /Cart flyout/Back icon' is clicked on

2019-06-28 15:46:45 - [MESSAGE][PASSED] - Object: 'Object Repository/OCS-MOBILE /Cart flyout/Back icon' is clicked on

2019-06-28 15:46:45 - [TEST_STEP][PASSED] - delay(2): Delayed 2 second(s)

2019-06-28 15:46:47 - [MESSAGE][PASSED] - Delayed 2 second(s)

2019-06-28 15:46:47 - [TEST_STEP][PASSED] - click(findTestObject("OCS-MOBILE /Product page/Swatch_3.5g"), CONTINUE_ON_FAILURE): Object: 'Object Repository/OCS-MOBILE /Product page/Swatch_3.5g' is clicked on

2019-06-28 15:46:47 - [MESSAGE][PASSED] - Object: 'Object Repository/OCS-MOBILE /Product page/Swatch_3.5g' is clicked on

2019-06-28 15:46:47 - [TEST_STEP][PASSED] - delay(2): Delayed 2 second(s)

2019-06-28 15:46:49 - [MESSAGE][PASSED] - Delayed 2 second(s)

2019-06-28 15:46:49 - [TEST_STEP][PASSED] - click(findTestObject("OCS-MOBILE /Product page/Add to Bag-button")): Object: 'Object Repository/OCS-MOBILE /Product page/Add to Bag-button' is clicked on

2019-06-28 15:46:49 - [MESSAGE][PASSED] - Object: 'Object Repository/OCS-MOBILE /Product page/Add to Bag-button' is clicked on

2019-06-28 15:46:49 - [TEST_STEP][PASSED] - delay(3): Delayed 3 second(s)

2019-06-28 15:46:52 - [MESSAGE][PASSED] - Delayed 3 second(s)

2019-06-28 15:46:52 - [TEST_STEP][NOT_RUN] - click(findTestObject("OCS-MOBILE /Home - page/Cart icon -bag")): NOT_RUN: click(findTestObject("OCS-MOBILE /Home - page/Cart icon -bag"))

2019-06-28 15:46:52 - [MESSAGE][NOT_RUN] - NOT_RUN: click(findTestObject("OCS-MOBILE /Home - page/Cart icon -bag"))

2019-06-28 15:46:52 - [TEST_STEP][PASSED] - delay(2): Delayed 2 second(s)

2019-06-28 15:46:54 - [MESSAGE][PASSED] - Delayed 2 second(s)

2019-06-28 15:46:54 - [TEST_STEP][PASSED] - click(findTestObject("OCS-MOBILE /Cart flyout/Checkbox_I confirm that")): Object: 'Object Repository/OCS-MOBILE /Cart flyout/Checkbox_I confirm that' is clicked on

2019-06-28 15:46:54 - [MESSAGE][PASSED] - Object: 'Object Repository/OCS-MOBILE /Cart flyout/Checkbox_I confirm that' is clicked on

2019-06-28 15:46:54 - [TEST_STEP][PASSED] - delay(2): Delayed 2 second(s)

2019-06-28 15:46:56 - [MESSAGE][PASSED] - Delayed 2 second(s)

2019-06-28 15:46:56 - [TEST_STEP][PASSED] - click(findTestObject("OCS-MOBILE /Cart flyout/Checkbox_Accept the Terms Condition")): Object: 'Object Repository/OCS-MOBILE /Cart flyout/Checkbox_Accept the Terms Condition' is clicked on

2019-06-28 15:46:56 - [MESSAGE][PASSED] - Object: 'Object Repository/OCS-MOBILE /Cart flyout/Checkbox_Accept the Terms Condition' is clicked on

2019-06-28 15:46:56 - [TEST_STEP][PASSED] - delay(2): Delayed 2 second(s)

2019-06-28 15:46:58 - [MESSAGE][PASSED] - Delayed 2 second(s)

2019-06-28 15:46:58 - [TEST_STEP][PASSED] - click(findTestObject("OCS-MOBILE /Cart flyout/Checkout - Button")): Object: 'Object Repository/OCS-MOBILE /Cart flyout/Checkout - Button' is clicked on

2019-06-28 15:47:01 - [MESSAGE][PASSED] - Object: 'Object Repository/OCS-MOBILE /Cart flyout/Checkout - Button' is clicked on

2019-06-28 15:47:01 - [TEST_STEP][NOT_RUN] - executeJavaScript("var previewBar = document.getElementById("preview-bar-iframe"); previewBar.style.display = "none";", []): NOT_RUN: executeJavaScript("var previewBar = document.getElementById("preview-bar-iframe"); previewBar.style.display = "none";", [])

2019-06-28 15:47:01 - [MESSAGE][NOT_RUN] - NOT_RUN: executeJavaScript("var previewBar = document.getElementById("preview-bar-iframe"); previewBar.style.display = "none";", [])

2019-06-28 15:47:01 - [TEST_STEP][PASSED] - delay(2): Delayed 2 second(s)

2019-06-28 15:47:03 - [MESSAGE][PASSED] - Delayed 2 second(s)

2019-06-28 15:47:03 - [TEST_STEP][PASSED] - scrollToElement(findTestObject("OCS-MOBILE /Customer info page/Return to Cart - Link"), 1): Scroll to object 'Object Repository/OCS-MOBILE /Customer info page/Return to Cart - Link' successfully

2019-06-28 15:47:03 - [MESSAGE][PASSED] - Scroll to object 'Object Repository/OCS-MOBILE /Customer info page/Return to Cart - Link' successfully

2019-06-28 15:47:03 - [TEST_STEP][PASSED] - delay(1): Delayed 1 second(s)

2019-06-28 15:47:04 - [MESSAGE][PASSED] - Delayed 1 second(s)

2019-06-28 15:47:04 - [TEST_STEP][PASSED] - click(findTestObject("OCS-MOBILE /Customer info page/Return to Cart - Link")): Object: 'Object Repository/OCS-MOBILE /Customer info page/Return to Cart - Link' is clicked on

2019-06-28 15:47:05 - [MESSAGE][PASSED] - Object: 'Object Repository/OCS-MOBILE /Customer info page/Return to Cart - Link' is clicked on

2019-06-28 15:47:05 - [TEST_STEP][NOT_RUN] - executeJavaScript("var previewBar = document.getElementById("preview-bar-iframe"); previewBar.style.display = "none";", []): NOT_RUN: executeJavaScript("var previewBar = document.getElementById("preview-bar-iframe"); previewBar.style.display = "none";", [])

2019-06-28 15:47:05 - [MESSAGE][NOT_RUN] - NOT_RUN: executeJavaScript("var previewBar = document.getElementById("preview-bar-iframe"); previewBar.style.display = "none";", [])

2019-06-28 15:47:05 - [TEST_STEP][PASSED] - delay(2): Delayed 2 second(s)

2019-06-28 15:47:07 - [MESSAGE][PASSED] - Delayed 2 second(s)

2019-06-28 15:47:07 - [TEST_STEP][PASSED] - a = getText(findTestObject("OCS-MOBILE /Cart page/Unit price - 1st product")): Text of object 'Object Repository/OCS-MOBILE /Cart page/Unit price - 1st product' is: '35,00 $'

2019-06-28 15:47:07 - [MESSAGE][PASSED] - Text of object 'Object Repository/OCS-MOBILE /Cart page/Unit price - 1st product' is: '35,00 $'

2019-06-28 15:47:07 - [TEST_STEP][PASSED] - comment(a): 35,00 $

2019-06-28 15:47:07 - [MESSAGE][INFO] - 35,00 $

2019-06-28 15:47:07 - [TEST_STEP][PASSED] - a1 = a.substring(0, a.length() - 1): null

2019-06-28 15:47:07 - [TEST_STEP][PASSED] - comment("a1 = " + a1): a1 = 35,00 

2019-06-28 15:47:07 - [MESSAGE][INFO] - a1 = 35,00 

2019-06-28 15:47:07 - [TEST_STEP][PASSED] - x1 = a1.substring(0, a1.length() - 1): null

2019-06-28 15:47:07 - [TEST_STEP][PASSED] - comment("x1 = " + x1): x1 = 35,00

2019-06-28 15:47:07 - [MESSAGE][INFO] - x1 = 35,00

2019-06-28 15:47:07 - [TEST_STEP][PASSED] - x2 = x1.substring(0, x1.length() - 1): null

2019-06-28 15:47:07 - [TEST_STEP][PASSED] - comment("x2 = " + x2): x2 = 35,0

2019-06-28 15:47:07 - [MESSAGE][INFO] - x2 = 35,0

2019-06-28 15:47:07 - [TEST_STEP][PASSED] - x3 = x2.substring(0, x2.length() - 1): null

2019-06-28 15:47:07 - [TEST_STEP][PASSED] - comment("x3 = " + x3): x3 = 35,

2019-06-28 15:47:07 - [MESSAGE][INFO] - x3 = 35,

2019-06-28 15:47:07 - [TEST_STEP][PASSED] - x6 = x3.substring(0, x3.length() - 1): null

2019-06-28 15:47:07 - [TEST_STEP][PASSED] - comment("x6 = " + x6): x6 = 35

2019-06-28 15:47:07 - [MESSAGE][INFO] - x6 = 35

2019-06-28 15:47:07 - [TEST_STEP][PASSED] - b = getText(findTestObject("OCS-MOBILE /Cart page/Unit price - 2nd product")): Text of object 'Object Repository/OCS-MOBILE /Cart page/Unit price - 2nd product' is: '10,50 $'

2019-06-28 15:47:07 - [MESSAGE][PASSED] - Text of object 'Object Repository/OCS-MOBILE /Cart page/Unit price - 2nd product' is: '10,50 $'

2019-06-28 15:47:07 - [TEST_STEP][PASSED] - comment(b): 10,50 $

2019-06-28 15:47:07 - [MESSAGE][INFO] - 10,50 $

2019-06-28 15:47:07 - [TEST_STEP][PASSED] - a2 = b.substring(0, b.length() - 1): null

2019-06-28 15:47:07 - [TEST_STEP][PASSED] - comment("a2 = " + a2): a2 = 10,50 

2019-06-28 15:47:07 - [MESSAGE][INFO] - a2 = 10,50 

2019-06-28 15:47:07 - [TEST_STEP][PASSED] - y1 = a2.substring(0, a2.length() - 1): null

2019-06-28 15:47:07 - [TEST_STEP][PASSED] - comment("y1 = " + y1): y1 = 10,50

2019-06-28 15:47:07 - [MESSAGE][INFO] - y1 = 10,50

2019-06-28 15:47:07 - [TEST_STEP][PASSED] - y2 = y1.substring(0, y1.length() - 1): null

2019-06-28 15:47:07 - [TEST_STEP][PASSED] - comment("y2 = " + y2): y2 = 10,5

2019-06-28 15:47:07 - [MESSAGE][INFO] - y2 = 10,5

2019-06-28 15:47:07 - [TEST_STEP][PASSED] - y3 = y2.substring(0, y2.length() - 1): null

2019-06-28 15:47:07 - [TEST_STEP][PASSED] - comment("y3 = " + y3): y3 = 10,

2019-06-28 15:47:07 - [MESSAGE][INFO] - y3 = 10,

2019-06-28 15:47:07 - [TEST_STEP][PASSED] - y4 = y3.substring(0, y3.length() - 1): null

2019-06-28 15:47:07 - [TEST_STEP][PASSED] - comment("y4 = " + y4): y4 = 10

2019-06-28 15:47:07 - [MESSAGE][INFO] - y4 = 10

2019-06-28 15:47:07 - [TEST_STEP][PASSED] - c = getText(findTestObject("OCS-MOBILE /Cart page/Sub-total")): Text of object 'Object Repository/OCS-MOBILE /Cart page/Sub-total' is: '45,50 $'

2019-06-28 15:47:07 - [MESSAGE][PASSED] - Text of object 'Object Repository/OCS-MOBILE /Cart page/Sub-total' is: '45,50 $'

2019-06-28 15:47:07 - [TEST_STEP][PASSED] - comment(c): 45,50 $

2019-06-28 15:47:07 - [MESSAGE][INFO] - 45,50 $

2019-06-28 15:47:07 - [TEST_STEP][PASSED] - a3 = c.substring(0, c.length() - 1): null

2019-06-28 15:47:07 - [TEST_STEP][PASSED] - comment("a3 = " + a3): a3 = 45,50 

2019-06-28 15:47:07 - [MESSAGE][INFO] - a3 = 45,50 

2019-06-28 15:47:07 - [TEST_STEP][PASSED] - z1 = a3.substring(0, a3.length() - 1): null

2019-06-28 15:47:07 - [TEST_STEP][PASSED] - comment("z1 = " + z1): z1 = 45,50

2019-06-28 15:47:07 - [MESSAGE][INFO] - z1 = 45,50

2019-06-28 15:47:07 - [TEST_STEP][PASSED] - z2 = z1.substring(0, z1.length() - 1): null

2019-06-28 15:47:07 - [TEST_STEP][PASSED] - comment("z2 = " + z2): z2 = 45,5

2019-06-28 15:47:07 - [MESSAGE][INFO] - z2 = 45,5

2019-06-28 15:47:07 - [TEST_STEP][PASSED] - z3 = z2.substring(0, z2.length() - 1): null

2019-06-28 15:47:07 - [TEST_STEP][PASSED] - comment("z3 = " + z3): z3 = 45,

2019-06-28 15:47:07 - [MESSAGE][INFO] - z3 = 45,

2019-06-28 15:47:07 - [TEST_STEP][PASSED] - z4 = z3.substring(0, z3.length() - 1): null

2019-06-28 15:47:07 - [TEST_STEP][PASSED] - comment("z4 = " + z4): z4 = 45

2019-06-28 15:47:07 - [MESSAGE][INFO] - z4 = 45

2019-06-28 15:47:07 - [TEST_STEP][PASSED] - p2 = <not implemented yet for class: org.codehaus.groovy.ast.expr.EmptyExpression>: null

2019-06-28 15:47:07 - [TEST_STEP][PASSED] - p3 = <not implemented yet for class: org.codehaus.groovy.ast.expr.EmptyExpression>: null

2019-06-28 15:47:07 - [TEST_STEP][PASSED] - try: p2=35.0

2019-06-28 15:47:07 - [TEST_STEP][PASSED] - s1 = x6: null

2019-06-28 15:47:07 - [TEST_STEP][PASSED] - comment("s1=" + s1): s1=35

2019-06-28 15:47:07 - [MESSAGE][INFO] - s1=35

2019-06-28 15:47:07 - [TEST_STEP][PASSED] - p2 = Double.valueOf(s1): null

2019-06-28 15:47:07 - [TEST_STEP][PASSED] - comment("p2=" + p2): p2=35.0

2019-06-28 15:47:07 - [MESSAGE][INFO] - p2=35.0

2019-06-28 15:47:07 - [TEST_STEP][PASSED] - try: p3=10.0

2019-06-28 15:47:07 - [TEST_STEP][PASSED] - s2 = y4: null

2019-06-28 15:47:07 - [TEST_STEP][PASSED] - comment("s2=" + s2): s2=10

2019-06-28 15:47:07 - [MESSAGE][INFO] - s2=10

2019-06-28 15:47:07 - [TEST_STEP][PASSED] - p3 = Double.valueOf(s2): null

2019-06-28 15:47:07 - [TEST_STEP][PASSED] - comment("p3=" + p3): p3=10.0

2019-06-28 15:47:07 - [MESSAGE][INFO] - p3=10.0

2019-06-28 15:47:07 - [TEST_STEP][PASSED] - comment("p2=" + p2): p2=35.0

2019-06-28 15:47:07 - [MESSAGE][INFO] - p2=35.0

2019-06-28 15:47:07 - [TEST_STEP][PASSED] - comment("p3=" + p3): p3=10.0

2019-06-28 15:47:07 - [MESSAGE][INFO] - p3=10.0

2019-06-28 15:47:07 - [TEST_STEP][PASSED] - total = p2 + p3: null

2019-06-28 15:47:07 - [TEST_STEP][PASSED] - comment("total=" + total): total=45.0

2019-06-28 15:47:07 - [MESSAGE][INFO] - total=45.0

2019-06-28 15:47:07 - [TEST_STEP][PASSED] - verifyEqual(total, z4): Actual object '45' and expected object '45' are equal

2019-06-28 15:47:07 - [MESSAGE][PASSED] - Actual object '45' and expected object '45' are equal

2019-06-28 15:47:07 - [TEST_STEP][PASSED] - delay(2): Delayed 2 second(s)

2019-06-28 15:47:09 - [MESSAGE][PASSED] - Delayed 2 second(s)

2019-06-28 15:47:09 - [TEST_STEP][PASSED] - click(findTestObject("OCS-MOBILE /Cart page/Remove icon - 1st Product")): Object: 'Object Repository/OCS-MOBILE /Cart page/Remove icon - 1st Product' is clicked on

2019-06-28 15:47:10 - [MESSAGE][PASSED] - Object: 'Object Repository/OCS-MOBILE /Cart page/Remove icon - 1st Product' is clicked on

2019-06-28 15:47:10 - [TEST_STEP][PASSED] - delay(2): Delayed 2 second(s)

2019-06-28 15:47:12 - [MESSAGE][PASSED] - Delayed 2 second(s)

2019-06-28 15:47:12 - [TEST_STEP][PASSED] - c23 = getText(findTestObject("OCS-MOBILE /Cart page/Sub-total")): Text of object 'Object Repository/OCS-MOBILE /Cart page/Sub-total' is: '10,50 $'

2019-06-28 15:47:12 - [MESSAGE][PASSED] - Text of object 'Object Repository/OCS-MOBILE /Cart page/Sub-total' is: '10,50 $'

2019-06-28 15:47:12 - [TEST_STEP][PASSED] - comment(c23): 10,50 $

2019-06-28 15:47:12 - [MESSAGE][INFO] - 10,50 $

2019-06-28 15:47:12 - [TEST_STEP][PASSED] - a4 = c23.substring(0, c23.length() - 1): null

2019-06-28 15:47:12 - [TEST_STEP][PASSED] - comment("a4= " + a4): a4= 10,50 

2019-06-28 15:47:12 - [MESSAGE][INFO] - a4= 10,50 

2019-06-28 15:47:12 - [TEST_STEP][PASSED] - v1 = a4.substring(0, a4.length() - 1): null

2019-06-28 15:47:12 - [TEST_STEP][PASSED] - comment("v1= " + v1): v1= 10,50

2019-06-28 15:47:12 - [MESSAGE][INFO] - v1= 10,50

2019-06-28 15:47:12 - [TEST_STEP][PASSED] - v2 = v1.substring(0, v1.length() - 1): null

2019-06-28 15:47:12 - [TEST_STEP][PASSED] - comment("v2= " + v2): v2= 10,5

2019-06-28 15:47:12 - [MESSAGE][INFO] - v2= 10,5

2019-06-28 15:47:12 - [TEST_STEP][PASSED] - v3 = v2.substring(0, v2.length() - 1): null

2019-06-28 15:47:12 - [TEST_STEP][PASSED] - comment("v3= " + v3): v3= 10,

2019-06-28 15:47:12 - [MESSAGE][INFO] - v3= 10,

2019-06-28 15:47:12 - [TEST_STEP][PASSED] - v7 = v3.substring(0, v3.length() - 1): null

2019-06-28 15:47:12 - [TEST_STEP][PASSED] - comment("v7= " + v7): v7= 10

2019-06-28 15:47:12 - [MESSAGE][INFO] - v7= 10

2019-06-28 15:47:12 - [TEST_STEP][PASSED] - b25 = getText(findTestObject("OCS-MOBILE /Cart page/Unit price - 1st product")): Text of object 'Object Repository/OCS-MOBILE /Cart page/Unit price - 1st product' is: '10,50 $'

2019-06-28 15:47:12 - [MESSAGE][PASSED] - Text of object 'Object Repository/OCS-MOBILE /Cart page/Unit price - 1st product' is: '10,50 $'

2019-06-28 15:47:12 - [TEST_STEP][PASSED] - comment(b25): 10,50 $

2019-06-28 15:47:12 - [MESSAGE][INFO] - 10,50 $

2019-06-28 15:47:12 - [TEST_STEP][PASSED] - a25 = b25.substring(0, b25.length() - 1): null

2019-06-28 15:47:12 - [TEST_STEP][PASSED] - comment("a25 = " + a25): a25 = 10,50 

2019-06-28 15:47:12 - [MESSAGE][INFO] - a25 = 10,50 

2019-06-28 15:47:12 - [TEST_STEP][PASSED] - v4 = a25.substring(0, a25.length() - 1): null

2019-06-28 15:47:12 - [TEST_STEP][PASSED] - comment("v4= " + v4): v4= 10,50

2019-06-28 15:47:12 - [MESSAGE][INFO] - v4= 10,50

2019-06-28 15:47:12 - [TEST_STEP][PASSED] - v5 = v4.substring(0, v4.length() - 1): null

2019-06-28 15:47:12 - [TEST_STEP][PASSED] - comment("v5= " + v5): v5= 10,5

2019-06-28 15:47:12 - [MESSAGE][INFO] - v5= 10,5

2019-06-28 15:47:12 - [TEST_STEP][PASSED] - v6 = v5.substring(0, v5.length() - 1): null

2019-06-28 15:47:12 - [TEST_STEP][PASSED] - comment("v6= " + v6): v6= 10,

2019-06-28 15:47:12 - [MESSAGE][INFO] - v6= 10,

2019-06-28 15:47:12 - [TEST_STEP][PASSED] - v8 = v6.substring(0, v6.length() - 1): null

2019-06-28 15:47:12 - [TEST_STEP][PASSED] - comment("v8= " + v8): v8= 10

2019-06-28 15:47:12 - [MESSAGE][INFO] - v8= 10

2019-06-28 15:47:12 - [TEST_STEP][PASSED] - verifyEqual(v7, v8): Actual object '10' and expected object '10' are equal

2019-06-28 15:47:12 - [MESSAGE][PASSED] - Actual object '10' and expected object '10' are equal

2019-06-28 15:47:12 - [TEST_STEP][PASSED] - delay(1): Delayed 1 second(s)

2019-06-28 15:47:13 - [MESSAGE][PASSED] - Delayed 1 second(s)

2019-06-28 15:47:13 - [TEST_STEP][PASSED] - click(findTestObject("OCS-MOBILE /Cart page/cart page-Checkbox_I confirm that")): Object: 'Object Repository/OCS-MOBILE /Cart page/cart page-Checkbox_I confirm that' is clicked on

2019-06-28 15:47:13 - [MESSAGE][PASSED] - Object: 'Object Repository/OCS-MOBILE /Cart page/cart page-Checkbox_I confirm that' is clicked on

2019-06-28 15:47:13 - [TEST_STEP][PASSED] - delay(1): Delayed 1 second(s)

2019-06-28 15:47:14 - [MESSAGE][PASSED] - Delayed 1 second(s)

2019-06-28 15:47:14 - [TEST_STEP][PASSED] - click(findTestObject("OCS-MOBILE /Cart page/cart page - Checkbox_Accept the Terms Condition")): Object: 'Object Repository/OCS-MOBILE /Cart page/cart page - Checkbox_Accept the Terms Condition' is clicked on

2019-06-28 15:47:14 - [MESSAGE][PASSED] - Object: 'Object Repository/OCS-MOBILE /Cart page/cart page - Checkbox_Accept the Terms Condition' is clicked on

2019-06-28 15:47:14 - [TEST_STEP][NOT_RUN] - executeJavaScript("var previewBar = document.getElementById("preview-bar-iframe"); previewBar.style.display = "none";", []): NOT_RUN: executeJavaScript("var previewBar = document.getElementById("preview-bar-iframe"); previewBar.style.display = "none";", [])

2019-06-28 15:47:14 - [MESSAGE][NOT_RUN] - NOT_RUN: executeJavaScript("var previewBar = document.getElementById("preview-bar-iframe"); previewBar.style.display = "none";", [])

2019-06-28 15:47:14 - [TEST_STEP][PASSED] - delay(1): Delayed 1 second(s)

2019-06-28 15:47:15 - [MESSAGE][PASSED] - Delayed 1 second(s)

2019-06-28 15:47:15 - [TEST_STEP][PASSED] - click(findTestObject("OCS- FRENCH/Cart page -checkout button")): Object: 'Object Repository/OCS- FRENCH/Cart page -checkout button' is clicked on

2019-06-28 15:47:17 - [MESSAGE][PASSED] - Object: 'Object Repository/OCS- FRENCH/Cart page -checkout button' is clicked on

2019-06-28 15:47:17 - [TEST_STEP][PASSED] - delay(1): Delayed 1 second(s)

2019-06-28 15:47:18 - [MESSAGE][PASSED] - Delayed 1 second(s)

2019-06-28 15:47:18 - [TEST_STEP][PASSED] - callTestCase(findTestCase("OCS - MOBILE/CALL- SHIPPING TO PAYMENT"), [:], STOP_ON_FAILURE): Call Test Case 'Test Cases/OCS - MOBILE/CALL- SHIPPING TO PAYMENT' successfully

2019-06-28 15:47:18 - [TEST_CASE][PASSED] - Test Cases/OCS - MOBILE/CALL- SHIPPING TO PAYMENT: Test Cases/OCS - MOBILE/CALL- SHIPPING TO PAYMENT

2019-06-28 15:47:18 - [TEST_STEP][NOT_RUN] - executeJavaScript("var previewBar = document.getElementById("preview-bar-iframe"); previewBar.style.display = "none";", []): NOT_RUN: executeJavaScript("var previewBar = document.getElementById("preview-bar-iframe"); previewBar.style.display = "none";", [])

2019-06-28 15:47:18 - [MESSAGE][NOT_RUN] - NOT_RUN: executeJavaScript("var previewBar = document.getElementById("preview-bar-iframe"); previewBar.style.display = "none";", [])

2019-06-28 15:47:18 - [TEST_STEP][PASSED] - delay(2): Delayed 2 second(s)

2019-06-28 15:47:20 - [MESSAGE][PASSED] - Delayed 2 second(s)

2019-06-28 15:47:20 - [TEST_STEP][PASSED] - setText(findTestObject("OCS- FRENCH/Page_Ontario Cannabis Store - Infor/input_Adresse e-mail_checkoute"), "suman@gmail.com"): Text 'suman@gmail.com' is set on object 'Object Repository/OCS- FRENCH/Page_Ontario Cannabis Store - Infor/input_Adresse e-mail_checkoute'

2019-06-28 15:47:20 - [MESSAGE][PASSED] - Text 'suman@gmail.com' is set on object 'Object Repository/OCS- FRENCH/Page_Ontario Cannabis Store - Infor/input_Adresse e-mail_checkoute'

2019-06-28 15:47:20 - [TEST_STEP][PASSED] - delay(2): Delayed 2 second(s)

2019-06-28 15:47:22 - [MESSAGE][PASSED] - Delayed 2 second(s)

2019-06-28 15:47:22 - [TEST_STEP][PASSED] - setText(findTestObject("Object Repository/OCS- FRENCH/Page_Ontario Cannabis Store - Infor/input_Prnom_checkoutshipping_a"), "suman"): Text 'suman' is set on object 'Object Repository/OCS- FRENCH/Page_Ontario Cannabis Store - Infor/input_Prnom_checkoutshipping_a'

2019-06-28 15:47:22 - [MESSAGE][PASSED] - Text 'suman' is set on object 'Object Repository/OCS- FRENCH/Page_Ontario Cannabis Store - Infor/input_Prnom_checkoutshipping_a'

2019-06-28 15:47:22 - [TEST_STEP][PASSED] - delay(2): Delayed 2 second(s)

2019-06-28 15:47:24 - [MESSAGE][PASSED] - Delayed 2 second(s)

2019-06-28 15:47:24 - [TEST_STEP][PASSED] - setText(findTestObject("Object Repository/OCS- FRENCH/Page_Ontario Cannabis Store - Infor/input_Nom_checkoutshipping_add"), "test12"): Text 'test12' is set on object 'Object Repository/OCS- FRENCH/Page_Ontario Cannabis Store - Infor/input_Nom_checkoutshipping_add'

2019-06-28 15:47:25 - [MESSAGE][PASSED] - Text 'test12' is set on object 'Object Repository/OCS- FRENCH/Page_Ontario Cannabis Store - Infor/input_Nom_checkoutshipping_add'

2019-06-28 15:47:25 - [TEST_STEP][PASSED] - delay(2): Delayed 2 second(s)

2019-06-28 15:47:27 - [MESSAGE][PASSED] - Delayed 2 second(s)

2019-06-28 15:47:27 - [TEST_STEP][PASSED] - setText(findTestObject("Object Repository/OCS- FRENCH/Page_Ontario Cannabis Store - Infor/input_Adresse_checkoutshipping"), "test12"): Text 'test12' is set on object 'Object Repository/OCS- FRENCH/Page_Ontario Cannabis Store - Infor/input_Adresse_checkoutshipping'

2019-06-28 15:47:27 - [MESSAGE][PASSED] - Text 'test12' is set on object 'Object Repository/OCS- FRENCH/Page_Ontario Cannabis Store - Infor/input_Adresse_checkoutshipping'

2019-06-28 15:47:27 - [TEST_STEP][PASSED] - delay(2): Delayed 2 second(s)

2019-06-28 15:47:29 - [MESSAGE][PASSED] - Delayed 2 second(s)

2019-06-28 15:47:29 - [TEST_STEP][PASSED] - setText(findTestObject("Object Repository/OCS- FRENCH/Page_Ontario Cannabis Store - Infor/input_Appartement suite etc. ("), "12"): Text '12' is set on object 'Object Repository/OCS- FRENCH/Page_Ontario Cannabis Store - Infor/input_Appartement suite etc. ('

2019-06-28 15:47:29 - [MESSAGE][PASSED] - Text '12' is set on object 'Object Repository/OCS- FRENCH/Page_Ontario Cannabis Store - Infor/input_Appartement suite etc. ('

2019-06-28 15:47:29 - [TEST_STEP][PASSED] - delay(2): Delayed 2 second(s)

2019-06-28 15:47:31 - [MESSAGE][PASSED] - Delayed 2 second(s)

2019-06-28 15:47:31 - [TEST_STEP][PASSED] - setText(findTestObject("Object Repository/OCS- FRENCH/Page_Ontario Cannabis Store - Infor/input_Ville_checkoutshipping_a"), "montreal"): Text 'montreal' is set on object 'Object Repository/OCS- FRENCH/Page_Ontario Cannabis Store - Infor/input_Ville_checkoutshipping_a'

2019-06-28 15:47:31 - [MESSAGE][PASSED] - Text 'montreal' is set on object 'Object Repository/OCS- FRENCH/Page_Ontario Cannabis Store - Infor/input_Ville_checkoutshipping_a'

2019-06-28 15:47:31 - [TEST_STEP][PASSED] - delay(2): Delayed 2 second(s)

2019-06-28 15:47:33 - [MESSAGE][PASSED] - Delayed 2 second(s)

2019-06-28 15:47:33 - [TEST_STEP][PASSED] - setText(findTestObject("Object Repository/OCS- FRENCH/Page_Ontario Cannabis Store - Infor/input_Code postal_checkoutship"), "n0r1k0"): Text 'n0r1k0' is set on object 'Object Repository/OCS- FRENCH/Page_Ontario Cannabis Store - Infor/input_Code postal_checkoutship'

2019-06-28 15:47:33 - [MESSAGE][PASSED] - Text 'n0r1k0' is set on object 'Object Repository/OCS- FRENCH/Page_Ontario Cannabis Store - Infor/input_Code postal_checkoutship'

2019-06-28 15:47:33 - [TEST_STEP][PASSED] - delay(2): Delayed 2 second(s)

2019-06-28 15:47:35 - [MESSAGE][PASSED] - Delayed 2 second(s)

2019-06-28 15:47:35 - [TEST_STEP][PASSED] - setText(findTestObject("Object Repository/OCS- FRENCH/Page_Ontario Cannabis Store - Infor/input_Tlphone_checkoutshipping"), "514-449-3883"): Text '514-449-3883' is set on object 'Object Repository/OCS- FRENCH/Page_Ontario Cannabis Store - Infor/input_Tlphone_checkoutshipping'

2019-06-28 15:47:35 - [MESSAGE][PASSED] - Text '514-449-3883' is set on object 'Object Repository/OCS- FRENCH/Page_Ontario Cannabis Store - Infor/input_Tlphone_checkoutshipping'

2019-06-28 15:47:35 - [TEST_STEP][PASSED] - delay(2): Delayed 2 second(s)

2019-06-28 15:47:37 - [MESSAGE][PASSED] - Delayed 2 second(s)

2019-06-28 15:47:37 - [TEST_STEP][PASSED] - click(findTestObject("Object Repository/OCS- FRENCH/Page_Ontario Cannabis Store - Infor/button_Continuer vers le mode")): Object: 'Object Repository/OCS- FRENCH/Page_Ontario Cannabis Store - Infor/button_Continuer vers le mode' is clicked on

2019-06-28 15:47:39 - [MESSAGE][PASSED] - Object: 'Object Repository/OCS- FRENCH/Page_Ontario Cannabis Store - Infor/button_Continuer vers le mode' is clicked on

2019-06-28 15:47:39 - [TEST_STEP][PASSED] - delay(2): Delayed 2 second(s)

2019-06-28 15:47:41 - [MESSAGE][PASSED] - Delayed 2 second(s)

2019-06-28 15:47:41 - [TEST_STEP][NOT_RUN] - executeJavaScript("var previewBar = document.getElementById("preview-bar-iframe"); previewBar.style.display = "none";", []): NOT_RUN: executeJavaScript("var previewBar = document.getElementById("preview-bar-iframe"); previewBar.style.display = "none";", [])

2019-06-28 15:47:41 - [MESSAGE][NOT_RUN] - NOT_RUN: executeJavaScript("var previewBar = document.getElementById("preview-bar-iframe"); previewBar.style.display = "none";", [])

2019-06-28 15:47:41 - [TEST_STEP][PASSED] - delay(2): Delayed 2 second(s)

2019-06-28 15:47:43 - [MESSAGE][PASSED] - Delayed 2 second(s)

2019-06-28 15:47:43 - [TEST_STEP][PASSED] - click(findTestObject("Object Repository/OCS- FRENCH/Page_Ontario Cannabis Store - Livra/button_Continuer vers le moyen")): Object: 'Object Repository/OCS- FRENCH/Page_Ontario Cannabis Store - Livra/button_Continuer vers le moyen' is clicked on

2019-06-28 15:47:43 - [MESSAGE][PASSED] - Object: 'Object Repository/OCS- FRENCH/Page_Ontario Cannabis Store - Livra/button_Continuer vers le moyen' is clicked on

2019-06-28 15:47:43 - [MESSAGE][PASSED] - Call Test Case 'Test Cases/OCS - MOBILE/CALL- SHIPPING TO PAYMENT' successfully]]></system-out>
         <system-err><![CDATA[]]></system-err>
      </testcase>
      <testcase name="Test Cases/OCS - MOBILE/OCS- HOME PAGE/Toggling language" classname="Test Cases/OCS - MOBILE/OCS- HOME PAGE/Toggling language" status="PASSED">
         <system-out><![CDATA[2019-06-28 15:47:43 - [TEST_CASE][PASSED] - Test Cases/OCS - MOBILE/OCS- HOME PAGE/Toggling language: Test Cases/OCS - MOBILE/OCS- HOME PAGE/Toggling language

2019-06-28 15:47:43 - [TEST_STEP][PASSED] - callTestCase(findTestCase("OCS - MOBILE/CALL - AGE GATE"), [:], STOP_ON_FAILURE): Call Test Case 'Test Cases/OCS - MOBILE/CALL - AGE GATE' successfully

2019-06-28 15:47:43 - [TEST_CASE][PASSED] - Test Cases/OCS - MOBILE/CALL - AGE GATE: Test Cases/OCS - MOBILE/CALL - AGE GATE

2019-06-28 15:47:43 - [TEST_STEP][PASSED] - openBrowser(""): Browser is opened with url: ''

2019-06-28 15:47:43 - [MESSAGE][WARNING] - A browser is already opened. Closing browser and opening a new one

2019-06-28 15:47:44 - [MESSAGE][INFO] - Starting 'Chrome' driver

2019-06-28 15:47:45 - [MESSAGE][PASSED] - Browser is opened with url: ''

2019-06-28 15:47:45 - [TEST_STEP][PASSED] - navigateToUrl("ocs.ca"): Navigate to 'http://ocs.ca' successfully

2019-06-28 15:47:48 - [MESSAGE][PASSED] - Navigate to 'http://ocs.ca' successfully

2019-06-28 15:47:48 - [TEST_STEP][NOT_RUN] - executeJavaScript("var previewBar = document.getElementById("preview-bar-iframe"); previewBar.style.display = "none";", []): NOT_RUN: executeJavaScript("var previewBar = document.getElementById("preview-bar-iframe"); previewBar.style.display = "none";", [])

2019-06-28 15:47:48 - [MESSAGE][NOT_RUN] - NOT_RUN: executeJavaScript("var previewBar = document.getElementById("preview-bar-iframe"); previewBar.style.display = "none";", [])

2019-06-28 15:47:48 - [TEST_STEP][PASSED] - setViewPortSize(360, 800): Viewport is set to new size with width = 360 and height = 800

2019-06-28 15:47:49 - [MESSAGE][PASSED] - Viewport is set to new size with width = 360 and height = 800

2019-06-28 15:47:49 - [TEST_STEP][PASSED] - delay(4): Delayed 4 second(s)

2019-06-28 15:47:53 - [MESSAGE][PASSED] - Delayed 4 second(s)

2019-06-28 15:47:53 - [TEST_STEP][PASSED] - selectOptionByValue(findTestObject("OCS-MOBILE /Age gate and burger menu/Date"), "12", true): All options with value '12' are selected in object 'Object Repository/OCS-MOBILE /Age gate and burger menu/Date'  using regular expression

2019-06-28 15:47:53 - [MESSAGE][PASSED] - All options with value '12' are selected in object 'Object Repository/OCS-MOBILE /Age gate and burger menu/Date'  using regular expression

2019-06-28 15:47:53 - [TEST_STEP][PASSED] - selectOptionByValue(findTestObject("OCS-MOBILE /Age gate and burger menu/month"), "6", true): All options with value '6' are selected in object 'Object Repository/OCS-MOBILE /Age gate and burger menu/month'  using regular expression

2019-06-28 15:47:53 - [MESSAGE][PASSED] - All options with value '6' are selected in object 'Object Repository/OCS-MOBILE /Age gate and burger menu/month'  using regular expression

2019-06-28 15:47:53 - [TEST_STEP][PASSED] - delay(2): Delayed 2 second(s)

2019-06-28 15:47:55 - [MESSAGE][PASSED] - Delayed 2 second(s)

2019-06-28 15:47:55 - [TEST_STEP][PASSED] - selectOptionByValue(findTestObject("OCS-MOBILE /Age gate and burger menu/Year Dropdown"), "1990", true): All options with value '1990' are selected in object 'Object Repository/OCS-MOBILE /Age gate and burger menu/Year Dropdown'  using regular expression

2019-06-28 15:47:56 - [MESSAGE][PASSED] - All options with value '1990' are selected in object 'Object Repository/OCS-MOBILE /Age gate and burger menu/Year Dropdown'  using regular expression

2019-06-28 15:47:56 - [TEST_STEP][PASSED] - click(findTestObject("OCS-MOBILE /Age gate and Mega menu/button_Verify")): Object: 'Object Repository/OCS-MOBILE /Age gate and Mega menu/button_Verify' is clicked on

2019-06-28 15:47:56 - [MESSAGE][PASSED] - Object: 'Object Repository/OCS-MOBILE /Age gate and Mega menu/button_Verify' is clicked on

2019-06-28 15:47:56 - [TEST_STEP][PASSED] - click(findTestObject("OCS-MOBILE /Age gate and Mega menu/Checkbox_CONFIRM AND ACKNOWLEDGE")): Object: 'Object Repository/OCS-MOBILE /Age gate and Mega menu/Checkbox_CONFIRM AND ACKNOWLEDGE' is clicked on

2019-06-28 15:47:56 - [MESSAGE][PASSED] - Object: 'Object Repository/OCS-MOBILE /Age gate and Mega menu/Checkbox_CONFIRM AND ACKNOWLEDGE' is clicked on

2019-06-28 15:47:56 - [TEST_STEP][PASSED] - click(findTestObject("OCS-MOBILE /Age gate and Mega menu/button_CONFIRM")): Object: 'Object Repository/OCS-MOBILE /Age gate and Mega menu/button_CONFIRM' is clicked on

2019-06-28 15:47:56 - [MESSAGE][PASSED] - Object: 'Object Repository/OCS-MOBILE /Age gate and Mega menu/button_CONFIRM' is clicked on

2019-06-28 15:47:56 - [TEST_STEP][PASSED] - click(findTestObject("OCS-MOBILE /Age gate and Mega menu/button_Start Browsing")): Object: 'Object Repository/OCS-MOBILE /Age gate and Mega menu/button_Start Browsing' is clicked on

2019-06-28 15:47:56 - [MESSAGE][PASSED] - Object: 'Object Repository/OCS-MOBILE /Age gate and Mega menu/button_Start Browsing' is clicked on

2019-06-28 15:47:56 - [TEST_STEP][PASSED] - refresh(): Refresh successfully

2019-06-28 15:47:56 - [MESSAGE][PASSED] - Refresh successfully

2019-06-28 15:47:56 - [TEST_STEP][NOT_RUN] - executeJavaScript("var previewBar = document.getElementById("preview-bar-iframe"); previewBar.style.display = "none";", []): NOT_RUN: executeJavaScript("var previewBar = document.getElementById("preview-bar-iframe"); previewBar.style.display = "none";", [])

2019-06-28 15:47:56 - [MESSAGE][NOT_RUN] - NOT_RUN: executeJavaScript("var previewBar = document.getElementById("preview-bar-iframe"); previewBar.style.display = "none";", [])

2019-06-28 15:47:56 - [MESSAGE][PASSED] - Call Test Case 'Test Cases/OCS - MOBILE/CALL - AGE GATE' successfully

2019-06-28 15:47:56 - [TEST_STEP][NOT_RUN] - executeJavaScript("var previewBar = document.getElementById("preview-bar-iframe"); previewBar.style.display = "none";", []): NOT_RUN: executeJavaScript("var previewBar = document.getElementById("preview-bar-iframe"); previewBar.style.display = "none";", [])

2019-06-28 15:47:56 - [MESSAGE][NOT_RUN] - NOT_RUN: executeJavaScript("var previewBar = document.getElementById("preview-bar-iframe"); previewBar.style.display = "none";", [])

2019-06-28 15:47:56 - [TEST_STEP][PASSED] - delay(2): Delayed 2 second(s)

2019-06-28 15:47:58 - [MESSAGE][PASSED] - Delayed 2 second(s)

2019-06-28 15:47:58 - [TEST_STEP][NOT_RUN] - refresh(): NOT_RUN: refresh()

2019-06-28 15:47:58 - [MESSAGE][NOT_RUN] - NOT_RUN: refresh()

2019-06-28 15:47:58 - [TEST_STEP][PASSED] - click(findTestObject("OCS-MOBILE /Age gate and burger menu/Burger menu - English")): Object: 'Object Repository/OCS-MOBILE /Age gate and burger menu/Burger menu - English' is clicked on

2019-06-28 15:48:00 - [MESSAGE][PASSED] - Object: 'Object Repository/OCS-MOBILE /Age gate and burger menu/Burger menu - English' is clicked on

2019-06-28 15:48:00 - [TEST_STEP][PASSED] - delay(2): Delayed 2 second(s)

2019-06-28 15:48:02 - [MESSAGE][PASSED] - Delayed 2 second(s)

2019-06-28 15:48:02 - [TEST_STEP][PASSED] - click(findTestObject("OCS-MOBILE /Cart flyout/English dropdown")): Object: 'Object Repository/OCS-MOBILE /Cart flyout/English dropdown' is clicked on

2019-06-28 15:48:02 - [MESSAGE][PASSED] - Object: 'Object Repository/OCS-MOBILE /Cart flyout/English dropdown' is clicked on

2019-06-28 15:48:02 - [TEST_STEP][PASSED] - delay(2): Delayed 2 second(s)

2019-06-28 15:48:04 - [MESSAGE][PASSED] - Delayed 2 second(s)

2019-06-28 15:48:04 - [TEST_STEP][NOT_RUN] - executeJavaScript("var previewBar = document.getElementById("preview-bar-iframe"); previewBar.style.display = "none";", []): NOT_RUN: executeJavaScript("var previewBar = document.getElementById("preview-bar-iframe"); previewBar.style.display = "none";", [])

2019-06-28 15:48:04 - [MESSAGE][NOT_RUN] - NOT_RUN: executeJavaScript("var previewBar = document.getElementById("preview-bar-iframe"); previewBar.style.display = "none";", [])

2019-06-28 15:48:04 - [TEST_STEP][PASSED] - click(findTestObject("OCS-MOBILE /Cart flyout/Select French")): Object: 'Object Repository/OCS-MOBILE /Cart flyout/Select French' is clicked on

2019-06-28 15:48:04 - [MESSAGE][PASSED] - Object: 'Object Repository/OCS-MOBILE /Cart flyout/Select French' is clicked on

2019-06-28 15:48:04 - [TEST_STEP][PASSED] - delay(5): Delayed 5 second(s)

2019-06-28 15:48:09 - [MESSAGE][PASSED] - Delayed 5 second(s)

2019-06-28 15:48:09 - [TEST_STEP][PASSED] - a = getWindowTitle(): Current window's title is: 'Magasin de Cannabis de l'Ontario | Ontario Cannabis Store'

2019-06-28 15:48:09 - [MESSAGE][PASSED] - Current window's title is: 'Magasin de Cannabis de l'Ontario | Ontario Cannabis Store'

2019-06-28 15:48:09 - [TEST_STEP][PASSED] - comment("a = " + a): a = Magasin de Cannabis de l'Ontario | Ontario Cannabis Store

2019-06-28 15:48:09 - [MESSAGE][INFO] - a = Magasin de Cannabis de l'Ontario | Ontario Cannabis Store

2019-06-28 15:48:09 - [TEST_STEP][PASSED] - b = "Magasin de Cannabis de l'Ontario | Ontario Cannabis Store": null

2019-06-28 15:48:09 - [TEST_STEP][PASSED] - delay(2): Delayed 2 second(s)

2019-06-28 15:48:11 - [MESSAGE][PASSED] - Delayed 2 second(s)

2019-06-28 15:48:11 - [TEST_STEP][PASSED] - flag1 = verifyMatch(a, b, false): Actual text 'Magasin de Cannabis de l'Ontario | Ontario Cannabis Store' and expected text 'Magasin de Cannabis de l'Ontario | Ontario Cannabis Store' are matched 

2019-06-28 15:48:11 - [MESSAGE][PASSED] - Actual text 'Magasin de Cannabis de l'Ontario | Ontario Cannabis Store' and expected text 'Magasin de Cannabis de l'Ontario | Ontario Cannabis Store' are matched 

2019-06-28 15:48:11 - [TEST_STEP][PASSED] - comment("flag = " + flag1): flag = true

2019-06-28 15:48:11 - [MESSAGE][INFO] - flag = true

2019-06-28 15:48:11 - [TEST_STEP][PASSED] - if (flag1 == true): translated  to french

2019-06-28 15:48:11 - [TEST_STEP][PASSED] - comment("translated  to french"): translated  to french

2019-06-28 15:48:11 - [MESSAGE][INFO] - translated  to french

2019-06-28 15:48:11 - [TEST_STEP][PASSED] - delay(2): Delayed 2 second(s)

2019-06-28 15:48:13 - [MESSAGE][PASSED] - Delayed 2 second(s)

2019-06-28 15:48:13 - [TEST_STEP][PASSED] - click(findTestObject("OCS-MOBILE /Age gate and burger menu/Burger menu - French")): Object: 'Object Repository/OCS-MOBILE /Age gate and burger menu/Burger menu - French' is clicked on

2019-06-28 15:48:13 - [MESSAGE][PASSED] - Object: 'Object Repository/OCS-MOBILE /Age gate and burger menu/Burger menu - French' is clicked on

2019-06-28 15:48:13 - [TEST_STEP][PASSED] - delay(2): Delayed 2 second(s)

2019-06-28 15:48:15 - [MESSAGE][PASSED] - Delayed 2 second(s)

2019-06-28 15:48:15 - [TEST_STEP][NOT_RUN] - executeJavaScript("var previewBar = document.getElementById("preview-bar-iframe"); previewBar.style.display = "none";", []): NOT_RUN: executeJavaScript("var previewBar = document.getElementById("preview-bar-iframe"); previewBar.style.display = "none";", [])

2019-06-28 15:48:15 - [MESSAGE][NOT_RUN] - NOT_RUN: executeJavaScript("var previewBar = document.getElementById("preview-bar-iframe"); previewBar.style.display = "none";", [])

2019-06-28 15:48:15 - [TEST_STEP][PASSED] - delay(1, OPTIONAL): Delayed 1 second(s)

2019-06-28 15:48:16 - [MESSAGE][PASSED] - Delayed 1 second(s)

2019-06-28 15:48:16 - [TEST_STEP][PASSED] - click(findTestObject("OCS-MOBILE /Cart flyout/French dropdown")): Object: 'Object Repository/OCS-MOBILE /Cart flyout/French dropdown' is clicked on

2019-06-28 15:48:17 - [MESSAGE][PASSED] - Object: 'Object Repository/OCS-MOBILE /Cart flyout/French dropdown' is clicked on

2019-06-28 15:48:17 - [TEST_STEP][PASSED] - delay(2): Delayed 2 second(s)

2019-06-28 15:48:19 - [MESSAGE][PASSED] - Delayed 2 second(s)

2019-06-28 15:48:19 - [TEST_STEP][PASSED] - click(findTestObject("OCS-MOBILE /Cart flyout/Select English")): Object: 'Object Repository/OCS-MOBILE /Cart flyout/Select English' is clicked on

2019-06-28 15:48:19 - [MESSAGE][PASSED] - Object: 'Object Repository/OCS-MOBILE /Cart flyout/Select English' is clicked on

2019-06-28 15:48:19 - [TEST_STEP][PASSED] - delay(5): Delayed 5 second(s)

2019-06-28 15:48:24 - [MESSAGE][PASSED] - Delayed 5 second(s)

2019-06-28 15:48:24 - [TEST_STEP][PASSED] - c = getWindowTitle(): Current window's title is: 'Ontario Cannabis Store | Ontario Cannabis Store'

2019-06-28 15:48:24 - [MESSAGE][PASSED] - Current window's title is: 'Ontario Cannabis Store | Ontario Cannabis Store'

2019-06-28 15:48:24 - [TEST_STEP][PASSED] - comment("c =" + c): c =Ontario Cannabis Store | Ontario Cannabis Store

2019-06-28 15:48:24 - [MESSAGE][INFO] - c =Ontario Cannabis Store | Ontario Cannabis Store

2019-06-28 15:48:24 - [TEST_STEP][PASSED] - d = "Ontario Cannabis Store | Ontario Cannabis Store": null

2019-06-28 15:48:24 - [TEST_STEP][PASSED] - comment("d =" + d): d =Ontario Cannabis Store | Ontario Cannabis Store

2019-06-28 15:48:24 - [MESSAGE][INFO] - d =Ontario Cannabis Store | Ontario Cannabis Store

2019-06-28 15:48:24 - [TEST_STEP][PASSED] - flag = verifyMatch(c, d, false): Actual text 'Ontario Cannabis Store | Ontario Cannabis Store' and expected text 'Ontario Cannabis Store | Ontario Cannabis Store' are matched 

2019-06-28 15:48:24 - [MESSAGE][PASSED] - Actual text 'Ontario Cannabis Store | Ontario Cannabis Store' and expected text 'Ontario Cannabis Store | Ontario Cannabis Store' are matched 

2019-06-28 15:48:24 - [TEST_STEP][PASSED] - comment(" flag = " + flag):  flag = true

2019-06-28 15:48:24 - [MESSAGE][INFO] -  flag = true

2019-06-28 15:48:24 - [TEST_STEP][PASSED] - if (flag == true):  Language changing is successful

2019-06-28 15:48:24 - [TEST_STEP][PASSED] - comment(" Language changing is successful"):  Language changing is successful

2019-06-28 15:48:24 - [MESSAGE][INFO] -  Language changing is successful]]></system-out>
         <system-err><![CDATA[]]></system-err>
      </testcase>
      <testcase name="Test Cases/OCS - MOBILE/OCS- HOME PAGE/HP-Burger menu-Accessories" classname="Test Cases/OCS - MOBILE/OCS- HOME PAGE/HP-Burger menu-Accessories" status="PASSED">
         <system-out><![CDATA[2019-06-28 15:48:24 - [TEST_CASE][PASSED] - Test Cases/OCS - MOBILE/OCS- HOME PAGE/HP-Burger menu-Accessories: Test Cases/OCS - MOBILE/OCS- HOME PAGE/HP-Burger menu-Accessories

2019-06-28 15:48:24 - [TEST_STEP][PASSED] - callTestCase(findTestCase("OCS - MOBILE/CALL - AGE GATE"), [:], STOP_ON_FAILURE): Call Test Case 'Test Cases/OCS - MOBILE/CALL - AGE GATE' successfully

2019-06-28 15:48:24 - [TEST_CASE][PASSED] - Test Cases/OCS - MOBILE/CALL - AGE GATE: Test Cases/OCS - MOBILE/CALL - AGE GATE

2019-06-28 15:48:24 - [TEST_STEP][PASSED] - openBrowser(""): Browser is opened with url: ''

2019-06-28 15:48:24 - [MESSAGE][WARNING] - A browser is already opened. Closing browser and opening a new one

2019-06-28 15:48:24 - [MESSAGE][INFO] - Starting 'Chrome' driver

2019-06-28 15:48:25 - [MESSAGE][PASSED] - Browser is opened with url: ''

2019-06-28 15:48:25 - [TEST_STEP][PASSED] - navigateToUrl("ocs.ca"): Navigate to 'http://ocs.ca' successfully

2019-06-28 15:48:29 - [MESSAGE][PASSED] - Navigate to 'http://ocs.ca' successfully

2019-06-28 15:48:29 - [TEST_STEP][NOT_RUN] - executeJavaScript("var previewBar = document.getElementById("preview-bar-iframe"); previewBar.style.display = "none";", []): NOT_RUN: executeJavaScript("var previewBar = document.getElementById("preview-bar-iframe"); previewBar.style.display = "none";", [])

2019-06-28 15:48:29 - [MESSAGE][NOT_RUN] - NOT_RUN: executeJavaScript("var previewBar = document.getElementById("preview-bar-iframe"); previewBar.style.display = "none";", [])

2019-06-28 15:48:29 - [TEST_STEP][PASSED] - setViewPortSize(360, 800): Viewport is set to new size with width = 360 and height = 800

2019-06-28 15:48:29 - [MESSAGE][PASSED] - Viewport is set to new size with width = 360 and height = 800

2019-06-28 15:48:29 - [TEST_STEP][PASSED] - delay(4): Delayed 4 second(s)

2019-06-28 15:48:33 - [MESSAGE][PASSED] - Delayed 4 second(s)

2019-06-28 15:48:33 - [TEST_STEP][PASSED] - selectOptionByValue(findTestObject("OCS-MOBILE /Age gate and burger menu/Date"), "12", true): All options with value '12' are selected in object 'Object Repository/OCS-MOBILE /Age gate and burger menu/Date'  using regular expression

2019-06-28 15:48:33 - [MESSAGE][PASSED] - All options with value '12' are selected in object 'Object Repository/OCS-MOBILE /Age gate and burger menu/Date'  using regular expression

2019-06-28 15:48:33 - [TEST_STEP][PASSED] - selectOptionByValue(findTestObject("OCS-MOBILE /Age gate and burger menu/month"), "6", true): All options with value '6' are selected in object 'Object Repository/OCS-MOBILE /Age gate and burger menu/month'  using regular expression

2019-06-28 15:48:34 - [MESSAGE][PASSED] - All options with value '6' are selected in object 'Object Repository/OCS-MOBILE /Age gate and burger menu/month'  using regular expression

2019-06-28 15:48:34 - [TEST_STEP][PASSED] - delay(2): Delayed 2 second(s)

2019-06-28 15:48:36 - [MESSAGE][PASSED] - Delayed 2 second(s)

2019-06-28 15:48:36 - [TEST_STEP][PASSED] - selectOptionByValue(findTestObject("OCS-MOBILE /Age gate and burger menu/Year Dropdown"), "1990", true): All options with value '1990' are selected in object 'Object Repository/OCS-MOBILE /Age gate and burger menu/Year Dropdown'  using regular expression

2019-06-28 15:48:37 - [MESSAGE][PASSED] - All options with value '1990' are selected in object 'Object Repository/OCS-MOBILE /Age gate and burger menu/Year Dropdown'  using regular expression

2019-06-28 15:48:37 - [TEST_STEP][PASSED] - click(findTestObject("OCS-MOBILE /Age gate and Mega menu/button_Verify")): Object: 'Object Repository/OCS-MOBILE /Age gate and Mega menu/button_Verify' is clicked on

2019-06-28 15:48:37 - [MESSAGE][PASSED] - Object: 'Object Repository/OCS-MOBILE /Age gate and Mega menu/button_Verify' is clicked on

2019-06-28 15:48:37 - [TEST_STEP][PASSED] - click(findTestObject("OCS-MOBILE /Age gate and Mega menu/Checkbox_CONFIRM AND ACKNOWLEDGE")): Object: 'Object Repository/OCS-MOBILE /Age gate and Mega menu/Checkbox_CONFIRM AND ACKNOWLEDGE' is clicked on

2019-06-28 15:48:37 - [MESSAGE][PASSED] - Object: 'Object Repository/OCS-MOBILE /Age gate and Mega menu/Checkbox_CONFIRM AND ACKNOWLEDGE' is clicked on

2019-06-28 15:48:37 - [TEST_STEP][PASSED] - click(findTestObject("OCS-MOBILE /Age gate and Mega menu/button_CONFIRM")): Object: 'Object Repository/OCS-MOBILE /Age gate and Mega menu/button_CONFIRM' is clicked on

2019-06-28 15:48:37 - [MESSAGE][PASSED] - Object: 'Object Repository/OCS-MOBILE /Age gate and Mega menu/button_CONFIRM' is clicked on

2019-06-28 15:48:37 - [TEST_STEP][PASSED] - click(findTestObject("OCS-MOBILE /Age gate and Mega menu/button_Start Browsing")): Object: 'Object Repository/OCS-MOBILE /Age gate and Mega menu/button_Start Browsing' is clicked on

2019-06-28 15:48:37 - [MESSAGE][PASSED] - Object: 'Object Repository/OCS-MOBILE /Age gate and Mega menu/button_Start Browsing' is clicked on

2019-06-28 15:48:37 - [TEST_STEP][PASSED] - refresh(): Refresh successfully

2019-06-28 15:48:37 - [MESSAGE][PASSED] - Refresh successfully

2019-06-28 15:48:37 - [TEST_STEP][NOT_RUN] - executeJavaScript("var previewBar = document.getElementById("preview-bar-iframe"); previewBar.style.display = "none";", []): NOT_RUN: executeJavaScript("var previewBar = document.getElementById("preview-bar-iframe"); previewBar.style.display = "none";", [])

2019-06-28 15:48:37 - [MESSAGE][NOT_RUN] - NOT_RUN: executeJavaScript("var previewBar = document.getElementById("preview-bar-iframe"); previewBar.style.display = "none";", [])

2019-06-28 15:48:37 - [MESSAGE][PASSED] - Call Test Case 'Test Cases/OCS - MOBILE/CALL - AGE GATE' successfully

2019-06-28 15:48:37 - [TEST_STEP][PASSED] - delay(2, CONTINUE_ON_FAILURE): Delayed 2 second(s)

2019-06-28 15:48:39 - [MESSAGE][PASSED] - Delayed 2 second(s)

2019-06-28 15:48:39 - [TEST_STEP][PASSED] - click(findTestObject("OCS-MOBILE /Age gate and burger menu/Burger menu - English"), CONTINUE_ON_FAILURE): Object: 'Object Repository/OCS-MOBILE /Age gate and burger menu/Burger menu - English' is clicked on

2019-06-28 15:48:39 - [MESSAGE][PASSED] - Object: 'Object Repository/OCS-MOBILE /Age gate and burger menu/Burger menu - English' is clicked on

2019-06-28 15:48:39 - [TEST_STEP][PASSED] - delay(2, CONTINUE_ON_FAILURE): Delayed 2 second(s)

2019-06-28 15:48:41 - [MESSAGE][PASSED] - Delayed 2 second(s)

2019-06-28 15:48:41 - [TEST_STEP][PASSED] - click(findTestObject("OCS-MOBILE /Accessories page/accessories Chevron"), STOP_ON_FAILURE): Object: 'Object Repository/OCS-MOBILE /Accessories page/accessories Chevron' is clicked on

2019-06-28 15:48:41 - [MESSAGE][PASSED] - Object: 'Object Repository/OCS-MOBILE /Accessories page/accessories Chevron' is clicked on

2019-06-28 15:48:41 - [TEST_STEP][PASSED] - delay(1, CONTINUE_ON_FAILURE): Delayed 1 second(s)

2019-06-28 15:48:42 - [MESSAGE][PASSED] - Delayed 1 second(s)

2019-06-28 15:48:42 - [TEST_STEP][PASSED] - click(findTestObject("OCS-MOBILE /Accessories page/Vaporizers"), CONTINUE_ON_FAILURE): Object: 'Object Repository/OCS-MOBILE /Accessories page/Vaporizers' is clicked on

2019-06-28 15:48:43 - [MESSAGE][PASSED] - Object: 'Object Repository/OCS-MOBILE /Accessories page/Vaporizers' is clicked on

2019-06-28 15:48:43 - [TEST_STEP][PASSED] - delay(1, CONTINUE_ON_FAILURE): Delayed 1 second(s)

2019-06-28 15:48:44 - [MESSAGE][PASSED] - Delayed 1 second(s)

2019-06-28 15:48:44 - [TEST_STEP][PASSED] - a = getWindowTitle(CONTINUE_ON_FAILURE): Current window's title is: 'Vaporizers | Ontario Cannabis Store'

2019-06-28 15:48:44 - [MESSAGE][PASSED] - Current window's title is: 'Vaporizers | Ontario Cannabis Store'

2019-06-28 15:48:44 - [TEST_STEP][PASSED] - comment(a): Vaporizers | Ontario Cannabis Store

2019-06-28 15:48:44 - [MESSAGE][INFO] - Vaporizers | Ontario Cannabis Store

2019-06-28 15:48:44 - [TEST_STEP][PASSED] - b = "Vaporizers | Ontario Cannabis Store": null

2019-06-28 15:48:44 - [TEST_STEP][PASSED] - comment(b): Vaporizers | Ontario Cannabis Store

2019-06-28 15:48:44 - [MESSAGE][INFO] - Vaporizers | Ontario Cannabis Store

2019-06-28 15:48:44 - [TEST_STEP][PASSED] - if (a == b): correct window page 

2019-06-28 15:48:44 - [TEST_STEP][PASSED] - comment("correct window page "): correct window page 

2019-06-28 15:48:44 - [MESSAGE][INFO] - correct window page 

2019-06-28 15:48:44 - [TEST_STEP][PASSED] - delay(1, CONTINUE_ON_FAILURE): Delayed 1 second(s)

2019-06-28 15:48:45 - [MESSAGE][PASSED] - Delayed 1 second(s)

2019-06-28 15:48:45 - [TEST_STEP][PASSED] - click(findTestObject("OCS-MOBILE /Age gate and burger menu/Burger menu - English"), CONTINUE_ON_FAILURE): Object: 'Object Repository/OCS-MOBILE /Age gate and burger menu/Burger menu - English' is clicked on

2019-06-28 15:48:45 - [MESSAGE][PASSED] - Object: 'Object Repository/OCS-MOBILE /Age gate and burger menu/Burger menu - English' is clicked on

2019-06-28 15:48:45 - [TEST_STEP][PASSED] - delay(2, CONTINUE_ON_FAILURE): Delayed 2 second(s)

2019-06-28 15:48:47 - [MESSAGE][PASSED] - Delayed 2 second(s)

2019-06-28 15:48:47 - [TEST_STEP][PASSED] - click(findTestObject("OCS-MOBILE /Accessories page/accessories Chevron"), CONTINUE_ON_FAILURE): Object: 'Object Repository/OCS-MOBILE /Accessories page/accessories Chevron' is clicked on

2019-06-28 15:48:47 - [MESSAGE][PASSED] - Object: 'Object Repository/OCS-MOBILE /Accessories page/accessories Chevron' is clicked on

2019-06-28 15:48:47 - [TEST_STEP][PASSED] - delay(1, CONTINUE_ON_FAILURE): Delayed 1 second(s)

2019-06-28 15:48:48 - [MESSAGE][PASSED] - Delayed 1 second(s)

2019-06-28 15:48:48 - [TEST_STEP][PASSED] - click(findTestObject("OCS-MOBILE /Accessories page/Bongs - water pipes"), CONTINUE_ON_FAILURE): Object: 'Object Repository/OCS-MOBILE /Accessories page/Bongs - water pipes' is clicked on

2019-06-28 15:48:50 - [MESSAGE][PASSED] - Object: 'Object Repository/OCS-MOBILE /Accessories page/Bongs - water pipes' is clicked on

2019-06-28 15:48:50 - [TEST_STEP][PASSED] - delay(1, CONTINUE_ON_FAILURE): Delayed 1 second(s)

2019-06-28 15:48:51 - [MESSAGE][PASSED] - Delayed 1 second(s)

2019-06-28 15:48:51 - [TEST_STEP][PASSED] - a1 = getWindowTitle(CONTINUE_ON_FAILURE): Current window's title is: 'Bongs & Water Pipes | Ontario Cannabis Store'

2019-06-28 15:48:51 - [MESSAGE][PASSED] - Current window's title is: 'Bongs & Water Pipes | Ontario Cannabis Store'

2019-06-28 15:48:51 - [TEST_STEP][PASSED] - comment(a1): Bongs & Water Pipes | Ontario Cannabis Store

2019-06-28 15:48:51 - [MESSAGE][INFO] - Bongs & Water Pipes | Ontario Cannabis Store

2019-06-28 15:48:51 - [TEST_STEP][PASSED] - b1 = "Bongs & Water Pipes | Ontario Cannabis Store": null

2019-06-28 15:48:51 - [TEST_STEP][PASSED] - comment(b1): Bongs & Water Pipes | Ontario Cannabis Store

2019-06-28 15:48:51 - [MESSAGE][INFO] - Bongs & Water Pipes | Ontario Cannabis Store

2019-06-28 15:48:51 - [TEST_STEP][PASSED] - if (a1 == b1): correct window page 

2019-06-28 15:48:51 - [TEST_STEP][PASSED] - comment("correct window page "): correct window page 

2019-06-28 15:48:51 - [MESSAGE][INFO] - correct window page 

2019-06-28 15:48:51 - [TEST_STEP][PASSED] - delay(1, CONTINUE_ON_FAILURE): Delayed 1 second(s)

2019-06-28 15:48:52 - [MESSAGE][PASSED] - Delayed 1 second(s)

2019-06-28 15:48:52 - [TEST_STEP][PASSED] - click(findTestObject("OCS-MOBILE /Age gate and burger menu/Burger menu - English"), CONTINUE_ON_FAILURE): Object: 'Object Repository/OCS-MOBILE /Age gate and burger menu/Burger menu - English' is clicked on

2019-06-28 15:48:52 - [MESSAGE][PASSED] - Object: 'Object Repository/OCS-MOBILE /Age gate and burger menu/Burger menu - English' is clicked on

2019-06-28 15:48:52 - [TEST_STEP][PASSED] - delay(2, CONTINUE_ON_FAILURE): Delayed 2 second(s)

2019-06-28 15:48:54 - [MESSAGE][PASSED] - Delayed 2 second(s)

2019-06-28 15:48:54 - [TEST_STEP][PASSED] - click(findTestObject("OCS-MOBILE /Accessories page/accessories Chevron"), CONTINUE_ON_FAILURE): Object: 'Object Repository/OCS-MOBILE /Accessories page/accessories Chevron' is clicked on

2019-06-28 15:48:54 - [MESSAGE][PASSED] - Object: 'Object Repository/OCS-MOBILE /Accessories page/accessories Chevron' is clicked on

2019-06-28 15:48:54 - [TEST_STEP][PASSED] - delay(1, CONTINUE_ON_FAILURE): Delayed 1 second(s)

2019-06-28 15:48:55 - [MESSAGE][PASSED] - Delayed 1 second(s)

2019-06-28 15:48:55 - [TEST_STEP][PASSED] - click(findTestObject("OCS-MOBILE /Accessories page/Handheld pipes"), CONTINUE_ON_FAILURE): Object: 'Object Repository/OCS-MOBILE /Accessories page/Handheld pipes' is clicked on

2019-06-28 15:48:57 - [MESSAGE][PASSED] - Object: 'Object Repository/OCS-MOBILE /Accessories page/Handheld pipes' is clicked on

2019-06-28 15:48:57 - [TEST_STEP][PASSED] - delay(1, CONTINUE_ON_FAILURE): Delayed 1 second(s)

2019-06-28 15:48:58 - [MESSAGE][PASSED] - Delayed 1 second(s)

2019-06-28 15:48:58 - [TEST_STEP][PASSED] - a11 = getWindowTitle(CONTINUE_ON_FAILURE): Current window's title is: 'Handheld Pipes | Ontario Cannabis Store'

2019-06-28 15:48:58 - [MESSAGE][PASSED] - Current window's title is: 'Handheld Pipes | Ontario Cannabis Store'

2019-06-28 15:48:58 - [TEST_STEP][PASSED] - comment(a11): Handheld Pipes | Ontario Cannabis Store

2019-06-28 15:48:58 - [MESSAGE][INFO] - Handheld Pipes | Ontario Cannabis Store

2019-06-28 15:48:58 - [TEST_STEP][PASSED] - b11 = "Handheld Pipes | Ontario Cannabis Store": null

2019-06-28 15:48:58 - [TEST_STEP][PASSED] - comment(b11): Handheld Pipes | Ontario Cannabis Store

2019-06-28 15:48:58 - [MESSAGE][INFO] - Handheld Pipes | Ontario Cannabis Store

2019-06-28 15:48:58 - [TEST_STEP][PASSED] - if (a11 == b11): correct window page 

2019-06-28 15:48:58 - [TEST_STEP][PASSED] - comment("correct window page "): correct window page 

2019-06-28 15:48:58 - [MESSAGE][INFO] - correct window page 

2019-06-28 15:48:58 - [TEST_STEP][PASSED] - delay(1, CONTINUE_ON_FAILURE): Delayed 1 second(s)

2019-06-28 15:48:59 - [MESSAGE][PASSED] - Delayed 1 second(s)

2019-06-28 15:48:59 - [TEST_STEP][PASSED] - click(findTestObject("OCS-MOBILE /Age gate and burger menu/Burger menu - English"), CONTINUE_ON_FAILURE): Object: 'Object Repository/OCS-MOBILE /Age gate and burger menu/Burger menu - English' is clicked on

2019-06-28 15:48:59 - [MESSAGE][PASSED] - Object: 'Object Repository/OCS-MOBILE /Age gate and burger menu/Burger menu - English' is clicked on

2019-06-28 15:48:59 - [TEST_STEP][PASSED] - delay(2, CONTINUE_ON_FAILURE): Delayed 2 second(s)

2019-06-28 15:49:01 - [MESSAGE][PASSED] - Delayed 2 second(s)

2019-06-28 15:49:01 - [TEST_STEP][PASSED] - click(findTestObject("OCS-MOBILE /Accessories page/accessories chevron"), CONTINUE_ON_FAILURE): Object: 'Object Repository/OCS-MOBILE /Accessories page/accessories chevron' is clicked on

2019-06-28 15:49:01 - [MESSAGE][PASSED] - Object: 'Object Repository/OCS-MOBILE /Accessories page/accessories chevron' is clicked on

2019-06-28 15:49:01 - [TEST_STEP][PASSED] - delay(1, CONTINUE_ON_FAILURE): Delayed 1 second(s)

2019-06-28 15:49:02 - [MESSAGE][PASSED] - Delayed 1 second(s)

2019-06-28 15:49:02 - [TEST_STEP][PASSED] - click(findTestObject("OCS-MOBILE /Accessories page/Papers -filters"), CONTINUE_ON_FAILURE): Object: 'Object Repository/OCS-MOBILE /Accessories page/Papers -filters' is clicked on

2019-06-28 15:49:04 - [MESSAGE][PASSED] - Object: 'Object Repository/OCS-MOBILE /Accessories page/Papers -filters' is clicked on

2019-06-28 15:49:04 - [TEST_STEP][PASSED] - delay(1, CONTINUE_ON_FAILURE): Delayed 1 second(s)

2019-06-28 15:49:05 - [MESSAGE][PASSED] - Delayed 1 second(s)

2019-06-28 15:49:05 - [TEST_STEP][PASSED] - a111 = getWindowTitle(CONTINUE_ON_FAILURE): Current window's title is: 'Papers & Filters | Ontario Cannabis Store'

2019-06-28 15:49:05 - [MESSAGE][PASSED] - Current window's title is: 'Papers & Filters | Ontario Cannabis Store'

2019-06-28 15:49:05 - [TEST_STEP][PASSED] - comment(a111): Papers & Filters | Ontario Cannabis Store

2019-06-28 15:49:05 - [MESSAGE][INFO] - Papers & Filters | Ontario Cannabis Store

2019-06-28 15:49:05 - [TEST_STEP][PASSED] - b111 = "Papers & Filters | Ontario Cannabis Store": null

2019-06-28 15:49:05 - [TEST_STEP][PASSED] - comment(b111): Papers & Filters | Ontario Cannabis Store

2019-06-28 15:49:05 - [MESSAGE][INFO] - Papers & Filters | Ontario Cannabis Store

2019-06-28 15:49:05 - [TEST_STEP][PASSED] - if (a111 == b111): correct window page 

2019-06-28 15:49:05 - [TEST_STEP][PASSED] - comment("correct window page "): correct window page 

2019-06-28 15:49:05 - [MESSAGE][INFO] - correct window page 

2019-06-28 15:49:05 - [TEST_STEP][PASSED] - delay(1, CONTINUE_ON_FAILURE): Delayed 1 second(s)

2019-06-28 15:49:06 - [MESSAGE][PASSED] - Delayed 1 second(s)

2019-06-28 15:49:06 - [TEST_STEP][PASSED] - click(findTestObject("OCS-MOBILE /Age gate and burger menu/Burger menu - English"), CONTINUE_ON_FAILURE): Object: 'Object Repository/OCS-MOBILE /Age gate and burger menu/Burger menu - English' is clicked on

2019-06-28 15:49:06 - [MESSAGE][PASSED] - Object: 'Object Repository/OCS-MOBILE /Age gate and burger menu/Burger menu - English' is clicked on

2019-06-28 15:49:06 - [TEST_STEP][PASSED] - delay(2, CONTINUE_ON_FAILURE): Delayed 2 second(s)

2019-06-28 15:49:08 - [MESSAGE][PASSED] - Delayed 2 second(s)

2019-06-28 15:49:08 - [TEST_STEP][PASSED] - click(findTestObject("OCS-MOBILE /Accessories page/accessories Chevron"), CONTINUE_ON_FAILURE): Object: 'Object Repository/OCS-MOBILE /Accessories page/accessories Chevron' is clicked on

2019-06-28 15:49:08 - [MESSAGE][PASSED] - Object: 'Object Repository/OCS-MOBILE /Accessories page/accessories Chevron' is clicked on

2019-06-28 15:49:08 - [TEST_STEP][PASSED] - delay(1, CONTINUE_ON_FAILURE): Delayed 1 second(s)

2019-06-28 15:49:09 - [MESSAGE][PASSED] - Delayed 1 second(s)

2019-06-28 15:49:09 - [TEST_STEP][PASSED] - click(findTestObject("OCS-MOBILE /Accessories page/Grinders"), CONTINUE_ON_FAILURE): Object: 'Object Repository/OCS-MOBILE /Accessories page/Grinders' is clicked on

2019-06-28 15:49:11 - [MESSAGE][PASSED] - Object: 'Object Repository/OCS-MOBILE /Accessories page/Grinders' is clicked on

2019-06-28 15:49:11 - [TEST_STEP][PASSED] - delay(1, CONTINUE_ON_FAILURE): Delayed 1 second(s)

2019-06-28 15:49:12 - [MESSAGE][PASSED] - Delayed 1 second(s)

2019-06-28 15:49:12 - [TEST_STEP][PASSED] - a1111 = getWindowTitle(CONTINUE_ON_FAILURE): Current window's title is: 'Grinders | Ontario Cannabis Store'

2019-06-28 15:49:12 - [MESSAGE][PASSED] - Current window's title is: 'Grinders | Ontario Cannabis Store'

2019-06-28 15:49:12 - [TEST_STEP][PASSED] - comment(a1111): Grinders | Ontario Cannabis Store

2019-06-28 15:49:12 - [MESSAGE][INFO] - Grinders | Ontario Cannabis Store

2019-06-28 15:49:12 - [TEST_STEP][PASSED] - b1111 = "Grinders | Ontario Cannabis Store": null

2019-06-28 15:49:12 - [TEST_STEP][PASSED] - comment(b1111): Grinders | Ontario Cannabis Store

2019-06-28 15:49:12 - [MESSAGE][INFO] - Grinders | Ontario Cannabis Store

2019-06-28 15:49:12 - [TEST_STEP][PASSED] - if (a1111 == b1111): correct window page 

2019-06-28 15:49:12 - [TEST_STEP][PASSED] - comment("correct window page "): correct window page 

2019-06-28 15:49:12 - [MESSAGE][INFO] - correct window page 

2019-06-28 15:49:12 - [TEST_STEP][PASSED] - delay(1, CONTINUE_ON_FAILURE): Delayed 1 second(s)

2019-06-28 15:49:13 - [MESSAGE][PASSED] - Delayed 1 second(s)

2019-06-28 15:49:13 - [TEST_STEP][PASSED] - click(findTestObject("OCS-MOBILE /Age gate and burger menu/Burger menu - English"), CONTINUE_ON_FAILURE): Object: 'Object Repository/OCS-MOBILE /Age gate and burger menu/Burger menu - English' is clicked on

2019-06-28 15:49:13 - [MESSAGE][PASSED] - Object: 'Object Repository/OCS-MOBILE /Age gate and burger menu/Burger menu - English' is clicked on

2019-06-28 15:49:13 - [TEST_STEP][PASSED] - delay(2, CONTINUE_ON_FAILURE): Delayed 2 second(s)

2019-06-28 15:49:15 - [MESSAGE][PASSED] - Delayed 2 second(s)

2019-06-28 15:49:15 - [TEST_STEP][PASSED] - click(findTestObject("OCS-MOBILE /Accessories page/accessories chevron"), CONTINUE_ON_FAILURE): Object: 'Object Repository/OCS-MOBILE /Accessories page/accessories chevron' is clicked on

2019-06-28 15:49:16 - [MESSAGE][PASSED] - Object: 'Object Repository/OCS-MOBILE /Accessories page/accessories chevron' is clicked on

2019-06-28 15:49:16 - [TEST_STEP][PASSED] - delay(1, CONTINUE_ON_FAILURE): Delayed 1 second(s)

2019-06-28 15:49:17 - [MESSAGE][PASSED] - Delayed 1 second(s)

2019-06-28 15:49:17 - [TEST_STEP][PASSED] - click(findTestObject("OCS-MOBILE /Accessories page/Tools -kits"), CONTINUE_ON_FAILURE): Object: 'Object Repository/OCS-MOBILE /Accessories page/Tools -kits' is clicked on

2019-06-28 15:49:18 - [MESSAGE][PASSED] - Object: 'Object Repository/OCS-MOBILE /Accessories page/Tools -kits' is clicked on

2019-06-28 15:49:18 - [TEST_STEP][PASSED] - delay(1, CONTINUE_ON_FAILURE): Delayed 1 second(s)

2019-06-28 15:49:19 - [MESSAGE][PASSED] - Delayed 1 second(s)

2019-06-28 15:49:19 - [TEST_STEP][PASSED] - a11111 = getWindowTitle(CONTINUE_ON_FAILURE): Current window's title is: 'Multi-Tools & Kits | Ontario Cannabis Store'

2019-06-28 15:49:19 - [MESSAGE][PASSED] - Current window's title is: 'Multi-Tools & Kits | Ontario Cannabis Store'

2019-06-28 15:49:19 - [TEST_STEP][PASSED] - comment(a11111): Multi-Tools & Kits | Ontario Cannabis Store

2019-06-28 15:49:19 - [MESSAGE][INFO] - Multi-Tools & Kits | Ontario Cannabis Store

2019-06-28 15:49:19 - [TEST_STEP][PASSED] - b11111 = "Multi-Tools & Kits | Ontario Cannabis Store": null

2019-06-28 15:49:19 - [TEST_STEP][PASSED] - comment(b11111): Multi-Tools & Kits | Ontario Cannabis Store

2019-06-28 15:49:19 - [MESSAGE][INFO] - Multi-Tools & Kits | Ontario Cannabis Store

2019-06-28 15:49:19 - [TEST_STEP][PASSED] - if (a11111 == b11111): correct window page 

2019-06-28 15:49:19 - [TEST_STEP][PASSED] - comment("correct window page "): correct window page 

2019-06-28 15:49:19 - [MESSAGE][INFO] - correct window page 

2019-06-28 15:49:19 - [TEST_STEP][PASSED] - delay(1, CONTINUE_ON_FAILURE): Delayed 1 second(s)

2019-06-28 15:49:20 - [MESSAGE][PASSED] - Delayed 1 second(s)

2019-06-28 15:49:20 - [TEST_STEP][PASSED] - click(findTestObject("OCS-MOBILE /Age gate and burger menu/Burger menu - English"), CONTINUE_ON_FAILURE): Object: 'Object Repository/OCS-MOBILE /Age gate and burger menu/Burger menu - English' is clicked on

2019-06-28 15:49:20 - [MESSAGE][PASSED] - Object: 'Object Repository/OCS-MOBILE /Age gate and burger menu/Burger menu - English' is clicked on

2019-06-28 15:49:20 - [TEST_STEP][PASSED] - delay(2, CONTINUE_ON_FAILURE): Delayed 2 second(s)

2019-06-28 15:49:22 - [MESSAGE][PASSED] - Delayed 2 second(s)

2019-06-28 15:49:22 - [TEST_STEP][PASSED] - click(findTestObject("OCS-MOBILE /Accessories page/accessories chevron"), CONTINUE_ON_FAILURE): Object: 'Object Repository/OCS-MOBILE /Accessories page/accessories chevron' is clicked on

2019-06-28 15:49:22 - [MESSAGE][PASSED] - Object: 'Object Repository/OCS-MOBILE /Accessories page/accessories chevron' is clicked on

2019-06-28 15:49:22 - [TEST_STEP][PASSED] - delay(1, CONTINUE_ON_FAILURE): Delayed 1 second(s)

2019-06-28 15:49:23 - [MESSAGE][PASSED] - Delayed 1 second(s)

2019-06-28 15:49:23 - [TEST_STEP][PASSED] - click(findTestObject("OCS-MOBILE /Accessories page/Cleaning supplies"), CONTINUE_ON_FAILURE): Object: 'Object Repository/OCS-MOBILE /Accessories page/Cleaning supplies' is clicked on

2019-06-28 15:49:25 - [MESSAGE][PASSED] - Object: 'Object Repository/OCS-MOBILE /Accessories page/Cleaning supplies' is clicked on

2019-06-28 15:49:25 - [TEST_STEP][PASSED] - delay(1, CONTINUE_ON_FAILURE): Delayed 1 second(s)

2019-06-28 15:49:26 - [MESSAGE][PASSED] - Delayed 1 second(s)

2019-06-28 15:49:26 - [TEST_STEP][PASSED] - a12 = getWindowTitle(CONTINUE_ON_FAILURE): Current window's title is: 'Cleaning Supplies | Ontario Cannabis Store'

2019-06-28 15:49:26 - [MESSAGE][PASSED] - Current window's title is: 'Cleaning Supplies | Ontario Cannabis Store'

2019-06-28 15:49:26 - [TEST_STEP][PASSED] - comment(a12): Cleaning Supplies | Ontario Cannabis Store

2019-06-28 15:49:26 - [MESSAGE][INFO] - Cleaning Supplies | Ontario Cannabis Store

2019-06-28 15:49:26 - [TEST_STEP][PASSED] - b12 = "Cleaning Supplies | Ontario Cannabis Store": null

2019-06-28 15:49:26 - [TEST_STEP][PASSED] - comment(b12): Cleaning Supplies | Ontario Cannabis Store

2019-06-28 15:49:26 - [MESSAGE][INFO] - Cleaning Supplies | Ontario Cannabis Store

2019-06-28 15:49:26 - [TEST_STEP][PASSED] - if (a12 == b12): correct window page 

2019-06-28 15:49:26 - [TEST_STEP][PASSED] - comment("correct window page "): correct window page 

2019-06-28 15:49:26 - [MESSAGE][INFO] - correct window page 

2019-06-28 15:49:26 - [TEST_STEP][PASSED] - delay(1, CONTINUE_ON_FAILURE): Delayed 1 second(s)

2019-06-28 15:49:27 - [MESSAGE][PASSED] - Delayed 1 second(s)

2019-06-28 15:49:27 - [TEST_STEP][PASSED] - click(findTestObject("OCS-MOBILE /Age gate and burger menu/Burger menu - English"), CONTINUE_ON_FAILURE): Object: 'Object Repository/OCS-MOBILE /Age gate and burger menu/Burger menu - English' is clicked on

2019-06-28 15:49:27 - [MESSAGE][PASSED] - Object: 'Object Repository/OCS-MOBILE /Age gate and burger menu/Burger menu - English' is clicked on

2019-06-28 15:49:27 - [TEST_STEP][PASSED] - delay(2, CONTINUE_ON_FAILURE): Delayed 2 second(s)

2019-06-28 15:49:29 - [MESSAGE][PASSED] - Delayed 2 second(s)

2019-06-28 15:49:29 - [TEST_STEP][PASSED] - click(findTestObject("OCS-MOBILE /Accessories page/accessories chevron"), CONTINUE_ON_FAILURE): Object: 'Object Repository/OCS-MOBILE /Accessories page/accessories chevron' is clicked on

2019-06-28 15:49:29 - [MESSAGE][PASSED] - Object: 'Object Repository/OCS-MOBILE /Accessories page/accessories chevron' is clicked on

2019-06-28 15:49:29 - [TEST_STEP][PASSED] - delay(1, CONTINUE_ON_FAILURE): Delayed 1 second(s)

2019-06-28 15:49:30 - [MESSAGE][PASSED] - Delayed 1 second(s)

2019-06-28 15:49:30 - [TEST_STEP][PASSED] - click(findTestObject("OCS-MOBILE /Accessories page/Storage"), CONTINUE_ON_FAILURE): Object: 'Object Repository/OCS-MOBILE /Accessories page/Storage' is clicked on

2019-06-28 15:49:32 - [MESSAGE][PASSED] - Object: 'Object Repository/OCS-MOBILE /Accessories page/Storage' is clicked on

2019-06-28 15:49:32 - [TEST_STEP][PASSED] - delay(1, CONTINUE_ON_FAILURE): Delayed 1 second(s)

2019-06-28 15:49:33 - [MESSAGE][PASSED] - Delayed 1 second(s)

2019-06-28 15:49:33 - [TEST_STEP][PASSED] - a13 = getWindowTitle(CONTINUE_ON_FAILURE): Current window's title is: 'Storage | Ontario Cannabis Store'

2019-06-28 15:49:33 - [MESSAGE][PASSED] - Current window's title is: 'Storage | Ontario Cannabis Store'

2019-06-28 15:49:33 - [TEST_STEP][PASSED] - comment(a13): Storage | Ontario Cannabis Store

2019-06-28 15:49:33 - [MESSAGE][INFO] - Storage | Ontario Cannabis Store

2019-06-28 15:49:33 - [TEST_STEP][PASSED] - b13 = "Storage | Ontario Cannabis Store": null

2019-06-28 15:49:33 - [TEST_STEP][PASSED] - comment(b): Vaporizers | Ontario Cannabis Store

2019-06-28 15:49:33 - [MESSAGE][INFO] - Vaporizers | Ontario Cannabis Store

2019-06-28 15:49:33 - [TEST_STEP][PASSED] - if (a13 == b13): correct window page 

2019-06-28 15:49:33 - [TEST_STEP][PASSED] - comment("correct window page "): correct window page 

2019-06-28 15:49:33 - [MESSAGE][INFO] - correct window page 

2019-06-28 15:49:33 - [TEST_STEP][PASSED] - delay(1, CONTINUE_ON_FAILURE): Delayed 1 second(s)

2019-06-28 15:49:34 - [MESSAGE][PASSED] - Delayed 1 second(s)

2019-06-28 15:49:34 - [TEST_STEP][PASSED] - click(findTestObject("OCS-MOBILE /Age gate and burger menu/Burger menu - English"), CONTINUE_ON_FAILURE): Object: 'Object Repository/OCS-MOBILE /Age gate and burger menu/Burger menu - English' is clicked on

2019-06-28 15:49:35 - [MESSAGE][PASSED] - Object: 'Object Repository/OCS-MOBILE /Age gate and burger menu/Burger menu - English' is clicked on

2019-06-28 15:49:35 - [TEST_STEP][PASSED] - delay(2, CONTINUE_ON_FAILURE): Delayed 2 second(s)

2019-06-28 15:49:37 - [MESSAGE][PASSED] - Delayed 2 second(s)

2019-06-28 15:49:37 - [TEST_STEP][PASSED] - click(findTestObject("OCS-MOBILE /Accessories page/accessories chevron"), CONTINUE_ON_FAILURE): Object: 'Object Repository/OCS-MOBILE /Accessories page/accessories chevron' is clicked on

2019-06-28 15:49:37 - [MESSAGE][PASSED] - Object: 'Object Repository/OCS-MOBILE /Accessories page/accessories chevron' is clicked on

2019-06-28 15:49:37 - [TEST_STEP][PASSED] - delay(1, CONTINUE_ON_FAILURE): Delayed 1 second(s)

2019-06-28 15:49:38 - [MESSAGE][PASSED] - Delayed 1 second(s)

2019-06-28 15:49:38 - [TEST_STEP][PASSED] - click(findTestObject("OCS-MOBILE /Accessories page/Trays"), CONTINUE_ON_FAILURE): Object: 'Object Repository/OCS-MOBILE /Accessories page/Trays' is clicked on

2019-06-28 15:49:39 - [MESSAGE][PASSED] - Object: 'Object Repository/OCS-MOBILE /Accessories page/Trays' is clicked on

2019-06-28 15:49:39 - [TEST_STEP][PASSED] - delay(1, CONTINUE_ON_FAILURE): Delayed 1 second(s)

2019-06-28 15:49:40 - [MESSAGE][PASSED] - Delayed 1 second(s)

2019-06-28 15:49:40 - [TEST_STEP][PASSED] - a14 = getWindowTitle(CONTINUE_ON_FAILURE): Current window's title is: 'Trays | Ontario Cannabis Store'

2019-06-28 15:49:40 - [MESSAGE][PASSED] - Current window's title is: 'Trays | Ontario Cannabis Store'

2019-06-28 15:49:40 - [TEST_STEP][PASSED] - comment(a14): Trays | Ontario Cannabis Store

2019-06-28 15:49:40 - [MESSAGE][INFO] - Trays | Ontario Cannabis Store

2019-06-28 15:49:40 - [TEST_STEP][PASSED] - b14 = "Trays | Ontario Cannabis Store": null

2019-06-28 15:49:40 - [TEST_STEP][PASSED] - comment(b14): Trays | Ontario Cannabis Store

2019-06-28 15:49:40 - [MESSAGE][INFO] - Trays | Ontario Cannabis Store

2019-06-28 15:49:40 - [TEST_STEP][PASSED] - if (a14 == b14): correct window page 

2019-06-28 15:49:40 - [TEST_STEP][PASSED] - comment("correct window page "): correct window page 

2019-06-28 15:49:40 - [MESSAGE][INFO] - correct window page 

2019-06-28 15:49:40 - [TEST_STEP][PASSED] - delay(1, CONTINUE_ON_FAILURE): Delayed 1 second(s)

2019-06-28 15:49:41 - [MESSAGE][PASSED] - Delayed 1 second(s)

2019-06-28 15:49:41 - [TEST_STEP][PASSED] - click(findTestObject("OCS-MOBILE /Age gate and burger menu/Burger menu - English"), CONTINUE_ON_FAILURE): Object: 'Object Repository/OCS-MOBILE /Age gate and burger menu/Burger menu - English' is clicked on

2019-06-28 15:49:41 - [MESSAGE][PASSED] - Object: 'Object Repository/OCS-MOBILE /Age gate and burger menu/Burger menu - English' is clicked on

2019-06-28 15:49:41 - [TEST_STEP][PASSED] - delay(2, CONTINUE_ON_FAILURE): Delayed 2 second(s)

2019-06-28 15:49:43 - [MESSAGE][PASSED] - Delayed 2 second(s)

2019-06-28 15:49:43 - [TEST_STEP][PASSED] - click(findTestObject("OCS-MOBILE /Accessories page/accessories chevron"), CONTINUE_ON_FAILURE): Object: 'Object Repository/OCS-MOBILE /Accessories page/accessories chevron' is clicked on

2019-06-28 15:49:44 - [MESSAGE][PASSED] - Object: 'Object Repository/OCS-MOBILE /Accessories page/accessories chevron' is clicked on

2019-06-28 15:49:44 - [TEST_STEP][PASSED] - delay(1, CONTINUE_ON_FAILURE): Delayed 1 second(s)

2019-06-28 15:49:45 - [MESSAGE][PASSED] - Delayed 1 second(s)

2019-06-28 15:49:45 - [TEST_STEP][PASSED] - click(findTestObject("OCS-MOBILE /Accessories page/Infusers"), CONTINUE_ON_FAILURE): Object: 'Object Repository/OCS-MOBILE /Accessories page/Infusers' is clicked on

2019-06-28 15:49:46 - [MESSAGE][PASSED] - Object: 'Object Repository/OCS-MOBILE /Accessories page/Infusers' is clicked on

2019-06-28 15:49:46 - [TEST_STEP][PASSED] - delay(1, CONTINUE_ON_FAILURE): Delayed 1 second(s)

2019-06-28 15:49:47 - [MESSAGE][PASSED] - Delayed 1 second(s)

2019-06-28 15:49:47 - [TEST_STEP][PASSED] - a15 = getWindowTitle(CONTINUE_ON_FAILURE): Current window's title is: 'Infusers | Ontario Cannabis Store'

2019-06-28 15:49:47 - [MESSAGE][PASSED] - Current window's title is: 'Infusers | Ontario Cannabis Store'

2019-06-28 15:49:47 - [TEST_STEP][PASSED] - comment(a15): Infusers | Ontario Cannabis Store

2019-06-28 15:49:47 - [MESSAGE][INFO] - Infusers | Ontario Cannabis Store

2019-06-28 15:49:47 - [TEST_STEP][PASSED] - b15 = "Infusers | Ontario Cannabis Store": null

2019-06-28 15:49:47 - [TEST_STEP][PASSED] - comment(b15): Infusers | Ontario Cannabis Store

2019-06-28 15:49:47 - [MESSAGE][INFO] - Infusers | Ontario Cannabis Store

2019-06-28 15:49:47 - [TEST_STEP][PASSED] - if (a15 == b15): correct window page 

2019-06-28 15:49:47 - [TEST_STEP][PASSED] - comment("correct window page "): correct window page 

2019-06-28 15:49:47 - [MESSAGE][INFO] - correct window page 

2019-06-28 15:49:47 - [TEST_STEP][PASSED] - delay(1, CONTINUE_ON_FAILURE): Delayed 1 second(s)

2019-06-28 15:49:48 - [MESSAGE][PASSED] - Delayed 1 second(s)

2019-06-28 15:49:48 - [TEST_STEP][PASSED] - click(findTestObject("OCS-MOBILE /Age gate and burger menu/Burger menu - English"), CONTINUE_ON_FAILURE): Object: 'Object Repository/OCS-MOBILE /Age gate and burger menu/Burger menu - English' is clicked on

2019-06-28 15:49:48 - [MESSAGE][PASSED] - Object: 'Object Repository/OCS-MOBILE /Age gate and burger menu/Burger menu - English' is clicked on

2019-06-28 15:49:48 - [TEST_STEP][PASSED] - delay(2, CONTINUE_ON_FAILURE): Delayed 2 second(s)

2019-06-28 15:49:50 - [MESSAGE][PASSED] - Delayed 2 second(s)

2019-06-28 15:49:50 - [TEST_STEP][PASSED] - click(findTestObject("OCS-MOBILE /Accessories page/accessories chevron"), CONTINUE_ON_FAILURE): Object: 'Object Repository/OCS-MOBILE /Accessories page/accessories chevron' is clicked on

2019-06-28 15:49:50 - [MESSAGE][PASSED] - Object: 'Object Repository/OCS-MOBILE /Accessories page/accessories chevron' is clicked on

2019-06-28 15:49:50 - [TEST_STEP][PASSED] - delay(1, CONTINUE_ON_FAILURE): Delayed 1 second(s)

2019-06-28 15:49:51 - [MESSAGE][PASSED] - Delayed 1 second(s)

2019-06-28 15:49:51 - [TEST_STEP][NOT_RUN] - executeJavaScript("var previewBar = document.getElementById("preview-bar-iframe"); previewBar.style.display = "none";", []): NOT_RUN: executeJavaScript("var previewBar = document.getElementById("preview-bar-iframe"); previewBar.style.display = "none";", [])

2019-06-28 15:49:51 - [MESSAGE][NOT_RUN] - NOT_RUN: executeJavaScript("var previewBar = document.getElementById("preview-bar-iframe"); previewBar.style.display = "none";", [])

2019-06-28 15:49:51 - [TEST_STEP][PASSED] - delay(1, CONTINUE_ON_FAILURE): Delayed 1 second(s)

2019-06-28 15:49:52 - [MESSAGE][PASSED] - Delayed 1 second(s)

2019-06-28 15:49:52 - [TEST_STEP][PASSED] - click(findTestObject("OCS-MOBILE /Accessories page/new accessories")): Object: 'Object Repository/OCS-MOBILE /Accessories page/new accessories' is clicked on

2019-06-28 15:49:56 - [MESSAGE][PASSED] - Object: 'Object Repository/OCS-MOBILE /Accessories page/new accessories' is clicked on

2019-06-28 15:49:56 - [TEST_STEP][PASSED] - delay(1, OPTIONAL): Delayed 1 second(s)

2019-06-28 15:49:57 - [MESSAGE][PASSED] - Delayed 1 second(s)

2019-06-28 15:49:57 - [TEST_STEP][PASSED] - click(findTestObject("OCS-MOBILE /Age gate and burger menu/Burger menu - English"), CONTINUE_ON_FAILURE): Object: 'Object Repository/OCS-MOBILE /Age gate and burger menu/Burger menu - English' is clicked on

2019-06-28 15:49:57 - [MESSAGE][PASSED] - Object: 'Object Repository/OCS-MOBILE /Age gate and burger menu/Burger menu - English' is clicked on

2019-06-28 15:49:57 - [TEST_STEP][PASSED] - delay(2, CONTINUE_ON_FAILURE): Delayed 2 second(s)

2019-06-28 15:49:59 - [MESSAGE][PASSED] - Delayed 2 second(s)

2019-06-28 15:49:59 - [TEST_STEP][PASSED] - click(findTestObject("OCS-MOBILE /Accessories page/accessories chevron"), CONTINUE_ON_FAILURE): Object: 'Object Repository/OCS-MOBILE /Accessories page/accessories chevron' is clicked on

2019-06-28 15:49:59 - [MESSAGE][PASSED] - Object: 'Object Repository/OCS-MOBILE /Accessories page/accessories chevron' is clicked on

2019-06-28 15:49:59 - [TEST_STEP][PASSED] - delay(1, CONTINUE_ON_FAILURE): Delayed 1 second(s)

2019-06-28 15:50:00 - [MESSAGE][PASSED] - Delayed 1 second(s)

2019-06-28 15:50:00 - [TEST_STEP][NOT_RUN] - executeJavaScript("var previewBar = document.getElementById("preview-bar-iframe"); previewBar.style.display = "none";", []): NOT_RUN: executeJavaScript("var previewBar = document.getElementById("preview-bar-iframe"); previewBar.style.display = "none";", [])

2019-06-28 15:50:00 - [MESSAGE][NOT_RUN] - NOT_RUN: executeJavaScript("var previewBar = document.getElementById("preview-bar-iframe"); previewBar.style.display = "none";", [])

2019-06-28 15:50:00 - [TEST_STEP][PASSED] - click(findTestObject("OCS-MOBILE /Accessories page/Travel storage")): Object: 'Object Repository/OCS-MOBILE /Accessories page/Travel storage' is clicked on

2019-06-28 15:50:02 - [MESSAGE][PASSED] - Object: 'Object Repository/OCS-MOBILE /Accessories page/Travel storage' is clicked on

2019-06-28 15:50:02 - [TEST_STEP][PASSED] - delay(1, CONTINUE_ON_FAILURE): Delayed 1 second(s)

2019-06-28 15:50:03 - [MESSAGE][PASSED] - Delayed 1 second(s)

2019-06-28 15:50:03 - [TEST_STEP][PASSED] - click(findTestObject("OCS-MOBILE /Age gate and burger menu/Burger menu - English"), CONTINUE_ON_FAILURE): Object: 'Object Repository/OCS-MOBILE /Age gate and burger menu/Burger menu - English' is clicked on

2019-06-28 15:50:03 - [MESSAGE][PASSED] - Object: 'Object Repository/OCS-MOBILE /Age gate and burger menu/Burger menu - English' is clicked on

2019-06-28 15:50:03 - [TEST_STEP][PASSED] - delay(2, CONTINUE_ON_FAILURE): Delayed 2 second(s)

2019-06-28 15:50:05 - [MESSAGE][PASSED] - Delayed 2 second(s)

2019-06-28 15:50:05 - [TEST_STEP][PASSED] - click(findTestObject("OCS-MOBILE /Accessories page/accessories chevron"), CONTINUE_ON_FAILURE): Object: 'Object Repository/OCS-MOBILE /Accessories page/accessories chevron' is clicked on

2019-06-28 15:50:05 - [MESSAGE][PASSED] - Object: 'Object Repository/OCS-MOBILE /Accessories page/accessories chevron' is clicked on

2019-06-28 15:50:05 - [TEST_STEP][PASSED] - delay(1, OPTIONAL): Delayed 1 second(s)

2019-06-28 15:50:06 - [MESSAGE][PASSED] - Delayed 1 second(s)

2019-06-28 15:50:06 - [TEST_STEP][NOT_RUN] - executeJavaScript("var previewBar = document.getElementById("preview-bar-iframe"); previewBar.style.display = "none";", []): NOT_RUN: executeJavaScript("var previewBar = document.getElementById("preview-bar-iframe"); previewBar.style.display = "none";", [])

2019-06-28 15:50:06 - [MESSAGE][NOT_RUN] - NOT_RUN: executeJavaScript("var previewBar = document.getElementById("preview-bar-iframe"); previewBar.style.display = "none";", [])

2019-06-28 15:50:06 - [TEST_STEP][PASSED] - delay(2, CONTINUE_ON_FAILURE): Delayed 2 second(s)

2019-06-28 15:50:08 - [MESSAGE][PASSED] - Delayed 2 second(s)

2019-06-28 15:50:08 - [TEST_STEP][PASSED] - click(findTestObject("OCS-MOBILE /Accessories page/Shop all acessories")): Object: 'Object Repository/OCS-MOBILE /Accessories page/Shop all acessories' is clicked on

2019-06-28 15:50:11 - [MESSAGE][PASSED] - Object: 'Object Repository/OCS-MOBILE /Accessories page/Shop all acessories' is clicked on]]></system-out>
         <system-err><![CDATA[]]></system-err>
      </testcase>
      <testcase name="Test Cases/OCS - MOBILE/OCS- HOME PAGE/Announcement" classname="Test Cases/OCS - MOBILE/OCS- HOME PAGE/Announcement" status="FAILED">
         <failure type="FAILED" message="Test Cases/OCS - MOBILE/OCS- HOME PAGE/Announcement FAILED.
Reason:
com.kms.katalon.core.exception.StepFailedException: Text 'Due to holiday closures within the Canada Post network for Victoria Day, please expect some order delivery delays.' is not present on page 
	at com.kms.katalon.core.keyword.internal.KeywordMain.stepFailed(KeywordMain.groovy:32)
	at com.kms.katalon.core.webui.keyword.internal.WebUIKeywordMain.stepFailed(WebUIKeywordMain.groovy:65)
	at com.kms.katalon.core.webui.keyword.builtin.VerifyTextPresentKeyword$_verifyTextPresent_closure1.doCall(VerifyTextPresentKeyword.groovy:79)
	at com.kms.katalon.core.webui.keyword.builtin.VerifyTextPresentKeyword$_verifyTextPresent_closure1.call(VerifyTextPresentKeyword.groovy)
	at com.kms.katalon.core.webui.keyword.internal.WebUIKeywordMain.runKeyword(WebUIKeywordMain.groovy:21)
	at com.kms.katalon.core.webui.keyword.builtin.VerifyTextPresentKeyword.verifyTextPresent(VerifyTextPresentKeyword.groovy:83)
	at com.kms.katalon.core.webui.keyword.builtin.VerifyTextPresentKeyword.execute(VerifyTextPresentKeyword.groovy:68)
	at com.kms.katalon.core.keyword.internal.KeywordExecutor.executeKeywordForPlatform(KeywordExecutor.groovy:53)
	at com.kms.katalon.core.webui.keyword.WebUiBuiltInKeywords.verifyTextPresent(WebUiBuiltInKeywords.groovy:1677)
	at com.kms.katalon.core.webui.keyword.WebUiBuiltInKeywords$verifyTextPresent$19.call(Unknown Source)
	at Announcement.run(Announcement:18)
	at com.kms.katalon.core.main.ScriptEngine.run(ScriptEngine.java:194)
	at com.kms.katalon.core.main.ScriptEngine.runScriptAsRawText(ScriptEngine.java:119)
	at com.kms.katalon.core.main.TestCaseExecutor.runScript(TestCaseExecutor.java:328)
	at com.kms.katalon.core.main.TestCaseExecutor.doExecute(TestCaseExecutor.java:319)
	at com.kms.katalon.core.main.TestCaseExecutor.processExecutionPhase(TestCaseExecutor.java:298)
	at com.kms.katalon.core.main.TestCaseExecutor.accessMainPhase(TestCaseExecutor.java:290)
	at com.kms.katalon.core.main.TestCaseExecutor.execute(TestCaseExecutor.java:224)
	at com.kms.katalon.core.main.TestSuiteExecutor.accessTestCaseMainPhase(TestSuiteExecutor.java:129)
	at com.kms.katalon.core.main.TestSuiteExecutor.accessTestSuiteMainPhase(TestSuiteExecutor.java:112)
	at com.kms.katalon.core.main.TestSuiteExecutor.execute(TestSuiteExecutor.java:81)
	at com.kms.katalon.core.main.TestCaseMain.startTestSuite(TestCaseMain.java:149)
	at com.kms.katalon.core.main.TestCaseMain$startTestSuite$0.call(Unknown Source)
	at TempTestSuite1561749522497.run(TempTestSuite1561749522497.groovy:36)
"/>
         <system-out><![CDATA[2019-06-28 15:50:11 - [TEST_CASE][FAILED] - Test Cases/OCS - MOBILE/OCS- HOME PAGE/Announcement: Test Cases/OCS - MOBILE/OCS- HOME PAGE/Announcement FAILED.
Reason:
com.kms.katalon.core.exception.StepFailedException: Text 'Due to holiday closures within the Canada Post network for Victoria Day, please expect some order delivery delays.' is not present on page 
	at com.kms.katalon.core.keyword.internal.KeywordMain.stepFailed(KeywordMain.groovy:32)
	at com.kms.katalon.core.webui.keyword.internal.WebUIKeywordMain.stepFailed(WebUIKeywordMain.groovy:65)
	at com.kms.katalon.core.webui.keyword.builtin.VerifyTextPresentKeyword$_verifyTextPresent_closure1.doCall(VerifyTextPresentKeyword.groovy:79)
	at com.kms.katalon.core.webui.keyword.builtin.VerifyTextPresentKeyword$_verifyTextPresent_closure1.call(VerifyTextPresentKeyword.groovy)
	at com.kms.katalon.core.webui.keyword.internal.WebUIKeywordMain.runKeyword(WebUIKeywordMain.groovy:21)
	at com.kms.katalon.core.webui.keyword.builtin.VerifyTextPresentKeyword.verifyTextPresent(VerifyTextPresentKeyword.groovy:83)
	at com.kms.katalon.core.webui.keyword.builtin.VerifyTextPresentKeyword.execute(VerifyTextPresentKeyword.groovy:68)
	at com.kms.katalon.core.keyword.internal.KeywordExecutor.executeKeywordForPlatform(KeywordExecutor.groovy:53)
	at com.kms.katalon.core.webui.keyword.WebUiBuiltInKeywords.verifyTextPresent(WebUiBuiltInKeywords.groovy:1677)
	at com.kms.katalon.core.webui.keyword.WebUiBuiltInKeywords$verifyTextPresent$19.call(Unknown Source)
	at Announcement.run(Announcement:18)
	at com.kms.katalon.core.main.ScriptEngine.run(ScriptEngine.java:194)
	at com.kms.katalon.core.main.ScriptEngine.runScriptAsRawText(ScriptEngine.java:119)
	at com.kms.katalon.core.main.TestCaseExecutor.runScript(TestCaseExecutor.java:328)
	at com.kms.katalon.core.main.TestCaseExecutor.doExecute(TestCaseExecutor.java:319)
	at com.kms.katalon.core.main.TestCaseExecutor.processExecutionPhase(TestCaseExecutor.java:298)
	at com.kms.katalon.core.main.TestCaseExecutor.accessMainPhase(TestCaseExecutor.java:290)
	at com.kms.katalon.core.main.TestCaseExecutor.execute(TestCaseExecutor.java:224)
	at com.kms.katalon.core.main.TestSuiteExecutor.accessTestCaseMainPhase(TestSuiteExecutor.java:129)
	at com.kms.katalon.core.main.TestSuiteExecutor.accessTestSuiteMainPhase(TestSuiteExecutor.java:112)
	at com.kms.katalon.core.main.TestSuiteExecutor.execute(TestSuiteExecutor.java:81)
	at com.kms.katalon.core.main.TestCaseMain.startTestSuite(TestCaseMain.java:149)
	at com.kms.katalon.core.main.TestCaseMain$startTestSuite$0.call(Unknown Source)
	at TempTestSuite1561749522497.run(TempTestSuite1561749522497.groovy:36)


2019-06-28 15:50:11 - [TEST_STEP][PASSED] - callTestCase(findTestCase("OCS - MOBILE/CALL - AGE GATE"), [:], STOP_ON_FAILURE): Call Test Case 'Test Cases/OCS - MOBILE/CALL - AGE GATE' successfully

2019-06-28 15:50:11 - [TEST_CASE][PASSED] - Test Cases/OCS - MOBILE/CALL - AGE GATE: Test Cases/OCS - MOBILE/CALL - AGE GATE

2019-06-28 15:50:11 - [TEST_STEP][PASSED] - openBrowser(""): Browser is opened with url: ''

2019-06-28 15:50:11 - [MESSAGE][WARNING] - A browser is already opened. Closing browser and opening a new one

2019-06-28 15:50:11 - [MESSAGE][INFO] - Starting 'Chrome' driver

2019-06-28 15:50:12 - [MESSAGE][PASSED] - Browser is opened with url: ''

2019-06-28 15:50:12 - [TEST_STEP][PASSED] - navigateToUrl("ocs.ca"): Navigate to 'http://ocs.ca' successfully

2019-06-28 15:50:17 - [MESSAGE][PASSED] - Navigate to 'http://ocs.ca' successfully

2019-06-28 15:50:17 - [TEST_STEP][NOT_RUN] - executeJavaScript("var previewBar = document.getElementById("preview-bar-iframe"); previewBar.style.display = "none";", []): NOT_RUN: executeJavaScript("var previewBar = document.getElementById("preview-bar-iframe"); previewBar.style.display = "none";", [])

2019-06-28 15:50:17 - [MESSAGE][NOT_RUN] - NOT_RUN: executeJavaScript("var previewBar = document.getElementById("preview-bar-iframe"); previewBar.style.display = "none";", [])

2019-06-28 15:50:17 - [TEST_STEP][PASSED] - setViewPortSize(360, 800): Viewport is set to new size with width = 360 and height = 800

2019-06-28 15:50:17 - [MESSAGE][PASSED] - Viewport is set to new size with width = 360 and height = 800

2019-06-28 15:50:17 - [TEST_STEP][PASSED] - delay(4): Delayed 4 second(s)

2019-06-28 15:50:22 - [MESSAGE][PASSED] - Delayed 4 second(s)

2019-06-28 15:50:22 - [TEST_STEP][PASSED] - selectOptionByValue(findTestObject("OCS-MOBILE /Age gate and burger menu/Date"), "12", true): All options with value '12' are selected in object 'Object Repository/OCS-MOBILE /Age gate and burger menu/Date'  using regular expression

2019-06-28 15:50:22 - [MESSAGE][PASSED] - All options with value '12' are selected in object 'Object Repository/OCS-MOBILE /Age gate and burger menu/Date'  using regular expression

2019-06-28 15:50:22 - [TEST_STEP][PASSED] - selectOptionByValue(findTestObject("OCS-MOBILE /Age gate and burger menu/month"), "6", true): All options with value '6' are selected in object 'Object Repository/OCS-MOBILE /Age gate and burger menu/month'  using regular expression

2019-06-28 15:50:22 - [MESSAGE][PASSED] - All options with value '6' are selected in object 'Object Repository/OCS-MOBILE /Age gate and burger menu/month'  using regular expression

2019-06-28 15:50:22 - [TEST_STEP][PASSED] - delay(2): Delayed 2 second(s)

2019-06-28 15:50:24 - [MESSAGE][PASSED] - Delayed 2 second(s)

2019-06-28 15:50:24 - [TEST_STEP][PASSED] - selectOptionByValue(findTestObject("OCS-MOBILE /Age gate and burger menu/Year Dropdown"), "1990", true): All options with value '1990' are selected in object 'Object Repository/OCS-MOBILE /Age gate and burger menu/Year Dropdown'  using regular expression

2019-06-28 15:50:25 - [MESSAGE][PASSED] - All options with value '1990' are selected in object 'Object Repository/OCS-MOBILE /Age gate and burger menu/Year Dropdown'  using regular expression

2019-06-28 15:50:25 - [TEST_STEP][PASSED] - click(findTestObject("OCS-MOBILE /Age gate and Mega menu/button_Verify")): Object: 'Object Repository/OCS-MOBILE /Age gate and Mega menu/button_Verify' is clicked on

2019-06-28 15:50:25 - [MESSAGE][PASSED] - Object: 'Object Repository/OCS-MOBILE /Age gate and Mega menu/button_Verify' is clicked on

2019-06-28 15:50:25 - [TEST_STEP][PASSED] - click(findTestObject("OCS-MOBILE /Age gate and Mega menu/Checkbox_CONFIRM AND ACKNOWLEDGE")): Object: 'Object Repository/OCS-MOBILE /Age gate and Mega menu/Checkbox_CONFIRM AND ACKNOWLEDGE' is clicked on

2019-06-28 15:50:25 - [MESSAGE][PASSED] - Object: 'Object Repository/OCS-MOBILE /Age gate and Mega menu/Checkbox_CONFIRM AND ACKNOWLEDGE' is clicked on

2019-06-28 15:50:25 - [TEST_STEP][PASSED] - click(findTestObject("OCS-MOBILE /Age gate and Mega menu/button_CONFIRM")): Object: 'Object Repository/OCS-MOBILE /Age gate and Mega menu/button_CONFIRM' is clicked on

2019-06-28 15:50:25 - [MESSAGE][PASSED] - Object: 'Object Repository/OCS-MOBILE /Age gate and Mega menu/button_CONFIRM' is clicked on

2019-06-28 15:50:25 - [TEST_STEP][PASSED] - click(findTestObject("OCS-MOBILE /Age gate and Mega menu/button_Start Browsing")): Object: 'Object Repository/OCS-MOBILE /Age gate and Mega menu/button_Start Browsing' is clicked on

2019-06-28 15:50:25 - [MESSAGE][PASSED] - Object: 'Object Repository/OCS-MOBILE /Age gate and Mega menu/button_Start Browsing' is clicked on

2019-06-28 15:50:25 - [TEST_STEP][PASSED] - refresh(): Refresh successfully

2019-06-28 15:50:25 - [MESSAGE][PASSED] - Refresh successfully

2019-06-28 15:50:25 - [TEST_STEP][NOT_RUN] - executeJavaScript("var previewBar = document.getElementById("preview-bar-iframe"); previewBar.style.display = "none";", []): NOT_RUN: executeJavaScript("var previewBar = document.getElementById("preview-bar-iframe"); previewBar.style.display = "none";", [])

2019-06-28 15:50:25 - [MESSAGE][NOT_RUN] - NOT_RUN: executeJavaScript("var previewBar = document.getElementById("preview-bar-iframe"); previewBar.style.display = "none";", [])

2019-06-28 15:50:25 - [MESSAGE][PASSED] - Call Test Case 'Test Cases/OCS - MOBILE/CALL - AGE GATE' successfully

2019-06-28 15:50:25 - [TEST_STEP][FAILED] - flag = verifyTextPresent("Due to holiday closures within the Canada Post network for Victoria Day, please expect some order delivery delays.", false, CONTINUE_ON_FAILURE): Text 'Due to holiday closures within the Canada Post network for Victoria Day, please expect some order delivery delays.' is not present on page 

2019-06-28 15:50:28 - [MESSAGE][FAILED] - Text 'Due to holiday closures within the Canada Post network for Victoria Day, please expect some order delivery delays.' is not present on page 

2019-06-28 15:50:28 - [TEST_STEP][PASSED] - delay(2): Delayed 2 second(s)

2019-06-28 15:50:30 - [MESSAGE][PASSED] - Delayed 2 second(s)

2019-06-28 15:50:30 - [TEST_STEP][PASSED] - comment("flag =" + flag): flag =false

2019-06-28 15:50:30 - [MESSAGE][INFO] - flag =false

2019-06-28 15:50:30 - [TEST_STEP][FAILED] - if (flag == false): if (flag == false) FAILED.
Reason:
com.kms.katalon.core.exception.StepFailedException: Text 'Due to holiday closures within the Canada Post network for Victoria Day, please expect some order delivery delays.' is not present on page 
	at com.kms.katalon.core.keyword.internal.KeywordMain.stepFailed(KeywordMain.groovy:32)
	at com.kms.katalon.core.webui.keyword.internal.WebUIKeywordMain.stepFailed(WebUIKeywordMain.groovy:65)
	at com.kms.katalon.core.webui.keyword.builtin.VerifyTextPresentKeyword$_verifyTextPresent_closure1.doCall(VerifyTextPresentKeyword.groovy:79)
	at com.kms.katalon.core.webui.keyword.builtin.VerifyTextPresentKeyword$_verifyTextPresent_closure1.call(VerifyTextPresentKeyword.groovy)
	at com.kms.katalon.core.webui.keyword.internal.WebUIKeywordMain.runKeyword(WebUIKeywordMain.groovy:21)
	at com.kms.katalon.core.webui.keyword.builtin.VerifyTextPresentKeyword.verifyTextPresent(VerifyTextPresentKeyword.groovy:83)
	at com.kms.katalon.core.webui.keyword.builtin.VerifyTextPresentKeyword.execute(VerifyTextPresentKeyword.groovy:68)
	at com.kms.katalon.core.keyword.internal.KeywordExecutor.executeKeywordForPlatform(KeywordExecutor.groovy:53)
	at com.kms.katalon.core.webui.keyword.WebUiBuiltInKeywords.verifyTextPresent(WebUiBuiltInKeywords.groovy:1677)
	at com.kms.katalon.core.webui.keyword.WebUiBuiltInKeywords$verifyTextPresent$19.call(Unknown Source)
	at Announcement.run(Announcement:18)
	at com.kms.katalon.core.main.ScriptEngine.run(ScriptEngine.java:194)
	at com.kms.katalon.core.main.ScriptEngine.runScriptAsRawText(ScriptEngine.java:119)
	at com.kms.katalon.core.main.TestCaseExecutor.runScript(TestCaseExecutor.java:328)
	at com.kms.katalon.core.main.TestCaseExecutor.doExecute(TestCaseExecutor.java:319)
	at com.kms.katalon.core.main.TestCaseExecutor.processExecutionPhase(TestCaseExecutor.java:298)
	at com.kms.katalon.core.main.TestCaseExecutor.accessMainPhase(TestCaseExecutor.java:290)
	at com.kms.katalon.core.main.TestCaseExecutor.execute(TestCaseExecutor.java:224)
	at com.kms.katalon.core.main.TestSuiteExecutor.accessTestCaseMainPhase(TestSuiteExecutor.java:129)
	at com.kms.katalon.core.main.TestSuiteExecutor.accessTestSuiteMainPhase(TestSuiteExecutor.java:112)
	at com.kms.katalon.core.main.TestSuiteExecutor.execute(TestSuiteExecutor.java:81)
	at com.kms.katalon.core.main.TestCaseMain.startTestSuite(TestCaseMain.java:149)
	at com.kms.katalon.core.main.TestCaseMain$startTestSuite$0.call(Unknown Source)
	at TempTestSuite1561749522497.run(TempTestSuite1561749522497.groovy:36)


2019-06-28 15:50:30 - [TEST_STEP][FAILED] - comment(" there is no  announcment "): if (flag == false) FAILED.
Reason:
com.kms.katalon.core.exception.StepFailedException: Text 'Due to holiday closures within the Canada Post network for Victoria Day, please expect some order delivery delays.' is not present on page 
	at com.kms.katalon.core.keyword.internal.KeywordMain.stepFailed(KeywordMain.groovy:32)
	at com.kms.katalon.core.webui.keyword.internal.WebUIKeywordMain.stepFailed(WebUIKeywordMain.groovy:65)
	at com.kms.katalon.core.webui.keyword.builtin.VerifyTextPresentKeyword$_verifyTextPresent_closure1.doCall(VerifyTextPresentKeyword.groovy:79)
	at com.kms.katalon.core.webui.keyword.builtin.VerifyTextPresentKeyword$_verifyTextPresent_closure1.call(VerifyTextPresentKeyword.groovy)
	at com.kms.katalon.core.webui.keyword.internal.WebUIKeywordMain.runKeyword(WebUIKeywordMain.groovy:21)
	at com.kms.katalon.core.webui.keyword.builtin.VerifyTextPresentKeyword.verifyTextPresent(VerifyTextPresentKeyword.groovy:83)
	at com.kms.katalon.core.webui.keyword.builtin.VerifyTextPresentKeyword.execute(VerifyTextPresentKeyword.groovy:68)
	at com.kms.katalon.core.keyword.internal.KeywordExecutor.executeKeywordForPlatform(KeywordExecutor.groovy:53)
	at com.kms.katalon.core.webui.keyword.WebUiBuiltInKeywords.verifyTextPresent(WebUiBuiltInKeywords.groovy:1677)
	at com.kms.katalon.core.webui.keyword.WebUiBuiltInKeywords$verifyTextPresent$19.call(Unknown Source)
	at Announcement.run(Announcement:18)
	at com.kms.katalon.core.main.ScriptEngine.run(ScriptEngine.java:194)
	at com.kms.katalon.core.main.ScriptEngine.runScriptAsRawText(ScriptEngine.java:119)
	at com.kms.katalon.core.main.TestCaseExecutor.runScript(TestCaseExecutor.java:328)
	at com.kms.katalon.core.main.TestCaseExecutor.doExecute(TestCaseExecutor.java:319)
	at com.kms.katalon.core.main.TestCaseExecutor.processExecutionPhase(TestCaseExecutor.java:298)
	at com.kms.katalon.core.main.TestCaseExecutor.accessMainPhase(TestCaseExecutor.java:290)
	at com.kms.katalon.core.main.TestCaseExecutor.execute(TestCaseExecutor.java:224)
	at com.kms.katalon.core.main.TestSuiteExecutor.accessTestCaseMainPhase(TestSuiteExecutor.java:129)
	at com.kms.katalon.core.main.TestSuiteExecutor.accessTestSuiteMainPhase(TestSuiteExecutor.java:112)
	at com.kms.katalon.core.main.TestSuiteExecutor.execute(TestSuiteExecutor.java:81)
	at com.kms.katalon.core.main.TestCaseMain.startTestSuite(TestCaseMain.java:149)
	at com.kms.katalon.core.main.TestCaseMain$startTestSuite$0.call(Unknown Source)
	at TempTestSuite1561749522497.run(TempTestSuite1561749522497.groovy:36)


2019-06-28 15:50:30 - [MESSAGE][INFO] -  there is no  announcment 

2019-06-28 15:50:30 - [MESSAGE][FAILED] - if (flag == false) FAILED.
Reason:
com.kms.katalon.core.exception.StepFailedException: Text 'Due to holiday closures within the Canada Post network for Victoria Day, please expect some order delivery delays.' is not present on page 
	at com.kms.katalon.core.keyword.internal.KeywordMain.stepFailed(KeywordMain.groovy:32)
	at com.kms.katalon.core.webui.keyword.internal.WebUIKeywordMain.stepFailed(WebUIKeywordMain.groovy:65)
	at com.kms.katalon.core.webui.keyword.builtin.VerifyTextPresentKeyword$_verifyTextPresent_closure1.doCall(VerifyTextPresentKeyword.groovy:79)
	at com.kms.katalon.core.webui.keyword.builtin.VerifyTextPresentKeyword$_verifyTextPresent_closure1.call(VerifyTextPresentKeyword.groovy)
	at com.kms.katalon.core.webui.keyword.internal.WebUIKeywordMain.runKeyword(WebUIKeywordMain.groovy:21)
	at com.kms.katalon.core.webui.keyword.builtin.VerifyTextPresentKeyword.verifyTextPresent(VerifyTextPresentKeyword.groovy:83)
	at com.kms.katalon.core.webui.keyword.builtin.VerifyTextPresentKeyword.execute(VerifyTextPresentKeyword.groovy:68)
	at com.kms.katalon.core.keyword.internal.KeywordExecutor.executeKeywordForPlatform(KeywordExecutor.groovy:53)
	at com.kms.katalon.core.webui.keyword.WebUiBuiltInKeywords.verifyTextPresent(WebUiBuiltInKeywords.groovy:1677)
	at com.kms.katalon.core.webui.keyword.WebUiBuiltInKeywords$verifyTextPresent$19.call(Unknown Source)
	at Announcement.run(Announcement:18)
	at com.kms.katalon.core.main.ScriptEngine.run(ScriptEngine.java:194)
	at com.kms.katalon.core.main.ScriptEngine.runScriptAsRawText(ScriptEngine.java:119)
	at com.kms.katalon.core.main.TestCaseExecutor.runScript(TestCaseExecutor.java:328)
	at com.kms.katalon.core.main.TestCaseExecutor.doExecute(TestCaseExecutor.java:319)
	at com.kms.katalon.core.main.TestCaseExecutor.processExecutionPhase(TestCaseExecutor.java:298)
	at com.kms.katalon.core.main.TestCaseExecutor.accessMainPhase(TestCaseExecutor.java:290)
	at com.kms.katalon.core.main.TestCaseExecutor.execute(TestCaseExecutor.java:224)
	at com.kms.katalon.core.main.TestSuiteExecutor.accessTestCaseMainPhase(TestSuiteExecutor.java:129)
	at com.kms.katalon.core.main.TestSuiteExecutor.accessTestSuiteMainPhase(TestSuiteExecutor.java:112)
	at com.kms.katalon.core.main.TestSuiteExecutor.execute(TestSuiteExecutor.java:81)
	at com.kms.katalon.core.main.TestCaseMain.startTestSuite(TestCaseMain.java:149)
	at com.kms.katalon.core.main.TestCaseMain$startTestSuite$0.call(Unknown Source)
	at TempTestSuite1561749522497.run(TempTestSuite1561749522497.groovy:36)]]></system-out>
         <system-err><![CDATA[2019-06-28 15:50:11 - [TEST_CASE][FAILED] - Test Cases/OCS - MOBILE/OCS- HOME PAGE/Announcement: Test Cases/OCS - MOBILE/OCS- HOME PAGE/Announcement FAILED.
Reason:
com.kms.katalon.core.exception.StepFailedException: Text 'Due to holiday closures within the Canada Post network for Victoria Day, please expect some order delivery delays.' is not present on page 
	at com.kms.katalon.core.keyword.internal.KeywordMain.stepFailed(KeywordMain.groovy:32)
	at com.kms.katalon.core.webui.keyword.internal.WebUIKeywordMain.stepFailed(WebUIKeywordMain.groovy:65)
	at com.kms.katalon.core.webui.keyword.builtin.VerifyTextPresentKeyword$_verifyTextPresent_closure1.doCall(VerifyTextPresentKeyword.groovy:79)
	at com.kms.katalon.core.webui.keyword.builtin.VerifyTextPresentKeyword$_verifyTextPresent_closure1.call(VerifyTextPresentKeyword.groovy)
	at com.kms.katalon.core.webui.keyword.internal.WebUIKeywordMain.runKeyword(WebUIKeywordMain.groovy:21)
	at com.kms.katalon.core.webui.keyword.builtin.VerifyTextPresentKeyword.verifyTextPresent(VerifyTextPresentKeyword.groovy:83)
	at com.kms.katalon.core.webui.keyword.builtin.VerifyTextPresentKeyword.execute(VerifyTextPresentKeyword.groovy:68)
	at com.kms.katalon.core.keyword.internal.KeywordExecutor.executeKeywordForPlatform(KeywordExecutor.groovy:53)
	at com.kms.katalon.core.webui.keyword.WebUiBuiltInKeywords.verifyTextPresent(WebUiBuiltInKeywords.groovy:1677)
	at com.kms.katalon.core.webui.keyword.WebUiBuiltInKeywords$verifyTextPresent$19.call(Unknown Source)
	at Announcement.run(Announcement:18)
	at com.kms.katalon.core.main.ScriptEngine.run(ScriptEngine.java:194)
	at com.kms.katalon.core.main.ScriptEngine.runScriptAsRawText(ScriptEngine.java:119)
	at com.kms.katalon.core.main.TestCaseExecutor.runScript(TestCaseExecutor.java:328)
	at com.kms.katalon.core.main.TestCaseExecutor.doExecute(TestCaseExecutor.java:319)
	at com.kms.katalon.core.main.TestCaseExecutor.processExecutionPhase(TestCaseExecutor.java:298)
	at com.kms.katalon.core.main.TestCaseExecutor.accessMainPhase(TestCaseExecutor.java:290)
	at com.kms.katalon.core.main.TestCaseExecutor.execute(TestCaseExecutor.java:224)
	at com.kms.katalon.core.main.TestSuiteExecutor.accessTestCaseMainPhase(TestSuiteExecutor.java:129)
	at com.kms.katalon.core.main.TestSuiteExecutor.accessTestSuiteMainPhase(TestSuiteExecutor.java:112)
	at com.kms.katalon.core.main.TestSuiteExecutor.execute(TestSuiteExecutor.java:81)
	at com.kms.katalon.core.main.TestCaseMain.startTestSuite(TestCaseMain.java:149)
	at com.kms.katalon.core.main.TestCaseMain$startTestSuite$0.call(Unknown Source)
	at TempTestSuite1561749522497.run(TempTestSuite1561749522497.groovy:36)]]></system-err>
      </testcase>
      <testcase name="Test Cases/OCS - MOBILE/OCS- HOME PAGE/cart flyout" classname="Test Cases/OCS - MOBILE/OCS- HOME PAGE/cart flyout" status="PASSED">
         <system-out><![CDATA[2019-06-28 15:50:30 - [TEST_CASE][PASSED] - Test Cases/OCS - MOBILE/OCS- HOME PAGE/cart flyout: Test Cases/OCS - MOBILE/OCS- HOME PAGE/cart flyout

2019-06-28 15:50:30 - [TEST_STEP][PASSED] - callTestCase(findTestCase("OCS - MOBILE/CALL - AGE GATE"), [:], STOP_ON_FAILURE): Call Test Case 'Test Cases/OCS - MOBILE/CALL - AGE GATE' successfully

2019-06-28 15:50:30 - [TEST_CASE][PASSED] - Test Cases/OCS - MOBILE/CALL - AGE GATE: Test Cases/OCS - MOBILE/CALL - AGE GATE

2019-06-28 15:50:30 - [TEST_STEP][PASSED] - openBrowser(""): Browser is opened with url: ''

2019-06-28 15:50:30 - [MESSAGE][WARNING] - A browser is already opened. Closing browser and opening a new one

2019-06-28 15:50:30 - [MESSAGE][INFO] - Starting 'Chrome' driver

2019-06-28 15:50:32 - [MESSAGE][PASSED] - Browser is opened with url: ''

2019-06-28 15:50:32 - [TEST_STEP][PASSED] - navigateToUrl("ocs.ca"): Navigate to 'http://ocs.ca' successfully

2019-06-28 15:50:36 - [MESSAGE][PASSED] - Navigate to 'http://ocs.ca' successfully

2019-06-28 15:50:36 - [TEST_STEP][NOT_RUN] - executeJavaScript("var previewBar = document.getElementById("preview-bar-iframe"); previewBar.style.display = "none";", []): NOT_RUN: executeJavaScript("var previewBar = document.getElementById("preview-bar-iframe"); previewBar.style.display = "none";", [])

2019-06-28 15:50:36 - [MESSAGE][NOT_RUN] - NOT_RUN: executeJavaScript("var previewBar = document.getElementById("preview-bar-iframe"); previewBar.style.display = "none";", [])

2019-06-28 15:50:36 - [TEST_STEP][PASSED] - setViewPortSize(360, 800): Viewport is set to new size with width = 360 and height = 800

2019-06-28 15:50:36 - [MESSAGE][PASSED] - Viewport is set to new size with width = 360 and height = 800

2019-06-28 15:50:36 - [TEST_STEP][PASSED] - delay(4): Delayed 4 second(s)

2019-06-28 15:50:40 - [MESSAGE][PASSED] - Delayed 4 second(s)

2019-06-28 15:50:40 - [TEST_STEP][PASSED] - selectOptionByValue(findTestObject("OCS-MOBILE /Age gate and burger menu/Date"), "12", true): All options with value '12' are selected in object 'Object Repository/OCS-MOBILE /Age gate and burger menu/Date'  using regular expression

2019-06-28 15:50:40 - [MESSAGE][PASSED] - All options with value '12' are selected in object 'Object Repository/OCS-MOBILE /Age gate and burger menu/Date'  using regular expression

2019-06-28 15:50:40 - [TEST_STEP][PASSED] - selectOptionByValue(findTestObject("OCS-MOBILE /Age gate and burger menu/month"), "6", true): All options with value '6' are selected in object 'Object Repository/OCS-MOBILE /Age gate and burger menu/month'  using regular expression

2019-06-28 15:50:41 - [MESSAGE][PASSED] - All options with value '6' are selected in object 'Object Repository/OCS-MOBILE /Age gate and burger menu/month'  using regular expression

2019-06-28 15:50:41 - [TEST_STEP][PASSED] - delay(2): Delayed 2 second(s)

2019-06-28 15:50:43 - [MESSAGE][PASSED] - Delayed 2 second(s)

2019-06-28 15:50:43 - [TEST_STEP][PASSED] - selectOptionByValue(findTestObject("OCS-MOBILE /Age gate and burger menu/Year Dropdown"), "1990", true): All options with value '1990' are selected in object 'Object Repository/OCS-MOBILE /Age gate and burger menu/Year Dropdown'  using regular expression

2019-06-28 15:50:44 - [MESSAGE][PASSED] - All options with value '1990' are selected in object 'Object Repository/OCS-MOBILE /Age gate and burger menu/Year Dropdown'  using regular expression

2019-06-28 15:50:44 - [TEST_STEP][PASSED] - click(findTestObject("OCS-MOBILE /Age gate and Mega menu/button_Verify")): Object: 'Object Repository/OCS-MOBILE /Age gate and Mega menu/button_Verify' is clicked on

2019-06-28 15:50:44 - [MESSAGE][PASSED] - Object: 'Object Repository/OCS-MOBILE /Age gate and Mega menu/button_Verify' is clicked on

2019-06-28 15:50:44 - [TEST_STEP][PASSED] - click(findTestObject("OCS-MOBILE /Age gate and Mega menu/Checkbox_CONFIRM AND ACKNOWLEDGE")): Object: 'Object Repository/OCS-MOBILE /Age gate and Mega menu/Checkbox_CONFIRM AND ACKNOWLEDGE' is clicked on

2019-06-28 15:50:44 - [MESSAGE][PASSED] - Object: 'Object Repository/OCS-MOBILE /Age gate and Mega menu/Checkbox_CONFIRM AND ACKNOWLEDGE' is clicked on

2019-06-28 15:50:44 - [TEST_STEP][PASSED] - click(findTestObject("OCS-MOBILE /Age gate and Mega menu/button_CONFIRM")): Object: 'Object Repository/OCS-MOBILE /Age gate and Mega menu/button_CONFIRM' is clicked on

2019-06-28 15:50:44 - [MESSAGE][PASSED] - Object: 'Object Repository/OCS-MOBILE /Age gate and Mega menu/button_CONFIRM' is clicked on

2019-06-28 15:50:44 - [TEST_STEP][PASSED] - click(findTestObject("OCS-MOBILE /Age gate and Mega menu/button_Start Browsing")): Object: 'Object Repository/OCS-MOBILE /Age gate and Mega menu/button_Start Browsing' is clicked on

2019-06-28 15:50:44 - [MESSAGE][PASSED] - Object: 'Object Repository/OCS-MOBILE /Age gate and Mega menu/button_Start Browsing' is clicked on

2019-06-28 15:50:44 - [TEST_STEP][PASSED] - refresh(): Refresh successfully

2019-06-28 15:50:44 - [MESSAGE][PASSED] - Refresh successfully

2019-06-28 15:50:44 - [TEST_STEP][NOT_RUN] - executeJavaScript("var previewBar = document.getElementById("preview-bar-iframe"); previewBar.style.display = "none";", []): NOT_RUN: executeJavaScript("var previewBar = document.getElementById("preview-bar-iframe"); previewBar.style.display = "none";", [])

2019-06-28 15:50:44 - [MESSAGE][NOT_RUN] - NOT_RUN: executeJavaScript("var previewBar = document.getElementById("preview-bar-iframe"); previewBar.style.display = "none";", [])

2019-06-28 15:50:44 - [MESSAGE][PASSED] - Call Test Case 'Test Cases/OCS - MOBILE/CALL - AGE GATE' successfully

2019-06-28 15:50:44 - [TEST_STEP][PASSED] - delay(2): Delayed 2 second(s)

2019-06-28 15:50:46 - [MESSAGE][PASSED] - Delayed 2 second(s)

2019-06-28 15:50:46 - [TEST_STEP][PASSED] - click(findTestObject("OCS-MOBILE /Home - page/Cart icon -bag")): Object: 'Object Repository/OCS-MOBILE /Home - page/Cart icon -bag' is clicked on

2019-06-28 15:50:47 - [MESSAGE][PASSED] - Object: 'Object Repository/OCS-MOBILE /Home - page/Cart icon -bag' is clicked on

2019-06-28 15:50:47 - [TEST_STEP][PASSED] - delay(3): Delayed 3 second(s)

2019-06-28 15:50:50 - [MESSAGE][PASSED] - Delayed 3 second(s)

2019-06-28 15:50:50 - [TEST_STEP][PASSED] - verifyTextPresent("Bag", false, OPTIONAL): Text 'Bag' is present on page 

2019-06-28 15:50:51 - [MESSAGE][PASSED] - Text 'Bag' is present on page 

2019-06-28 15:50:51 - [TEST_STEP][PASSED] - if (true):  cart flyout opened 

2019-06-28 15:50:51 - [TEST_STEP][PASSED] - comment(" cart flyout opened "):  cart flyout opened 

2019-06-28 15:50:51 - [MESSAGE][INFO] -  cart flyout opened 

2019-06-28 15:50:51 - [TEST_STEP][PASSED] - delay(5): Delayed 5 second(s)

2019-06-28 15:50:56 - [MESSAGE][PASSED] - Delayed 5 second(s)

2019-06-28 15:50:56 - [TEST_STEP][PASSED] - click(findTestObject("OCS-MOBILE /Home - page/Collapse cart flyout")): Object: 'Object Repository/OCS-MOBILE /Home - page/Collapse cart flyout' is clicked on

2019-06-28 15:50:56 - [MESSAGE][PASSED] - Object: 'Object Repository/OCS-MOBILE /Home - page/Collapse cart flyout' is clicked on

2019-06-28 15:50:56 - [TEST_STEP][PASSED] - verifyTextPresent("Bag", false, OPTIONAL): Text 'Bag' is present on page 

2019-06-28 15:50:57 - [MESSAGE][PASSED] - Text 'Bag' is present on page 

2019-06-28 15:50:57 - [TEST_STEP][PASSED] - if (true):  cart flyout closed 

2019-06-28 15:50:57 - [TEST_STEP][PASSED] - comment(" cart flyout closed "):  cart flyout closed 

2019-06-28 15:50:57 - [MESSAGE][INFO] -  cart flyout closed]]></system-out>
         <system-err><![CDATA[]]></system-err>
      </testcase>
      <testcase name="Test Cases/OCS - MOBILE/OCS- HOME PAGE/Retail stores link" classname="Test Cases/OCS - MOBILE/OCS- HOME PAGE/Retail stores link" status="FAILED">
         <failure type="FAILED" message="Test Cases/OCS - MOBILE/OCS- HOME PAGE/Retail stores link FAILED.
Reason:
com.kms.katalon.core.exception.StepFailedException: com.kms.katalon.core.webui.exception.WebElementNotFoundException: Web element with id: 'Object Repository/OCS-MOBILE /Home - page/Retail stores link' located by 'By.xpath: //a[contains(text(),'Click here for locations')][count(. | //a[@href = 'https://www.agco.ca/sites/default/files/map/ONT_CN_ST_E.html']) = count(//a[@href = 'https://www.agco.ca/sites/default/files/map/ONT_CN_ST_E.html'])]' not found
	at com.kms.katalon.core.keyword.internal.KeywordMain.stepFailed(KeywordMain.groovy:32)
	at com.kms.katalon.core.webui.keyword.internal.WebUIKeywordMain.stepFailed(WebUIKeywordMain.groovy:65)
	at com.kms.katalon.core.webui.keyword.builtin.VerifyElementPresentKeyword$_verifyElementPresent_closure1.doCall(VerifyElementPresentKeyword.groovy:85)
	at com.kms.katalon.core.webui.keyword.builtin.VerifyElementPresentKeyword$_verifyElementPresent_closure1.call(VerifyElementPresentKeyword.groovy)
	at com.kms.katalon.core.webui.keyword.internal.WebUIKeywordMain.runKeyword(WebUIKeywordMain.groovy:21)
	at com.kms.katalon.core.webui.keyword.builtin.VerifyElementPresentKeyword.verifyElementPresent(VerifyElementPresentKeyword.groovy:92)
	at com.kms.katalon.core.webui.keyword.builtin.VerifyElementPresentKeyword.execute(VerifyElementPresentKeyword.groovy:68)
	at com.kms.katalon.core.keyword.internal.KeywordExecutor.executeKeywordForPlatform(KeywordExecutor.groovy:53)
	at com.kms.katalon.core.webui.keyword.WebUiBuiltInKeywords.verifyElementPresent(WebUiBuiltInKeywords.groovy:1418)
	at com.kms.katalon.core.webui.keyword.WebUiBuiltInKeywords$verifyElementPresent$20.call(Unknown Source)
	at Retail stores link.run(Retail stores link:20)
	at com.kms.katalon.core.main.ScriptEngine.run(ScriptEngine.java:194)
	at com.kms.katalon.core.main.ScriptEngine.runScriptAsRawText(ScriptEngine.java:119)
	at com.kms.katalon.core.main.TestCaseExecutor.runScript(TestCaseExecutor.java:328)
	at com.kms.katalon.core.main.TestCaseExecutor.doExecute(TestCaseExecutor.java:319)
	at com.kms.katalon.core.main.TestCaseExecutor.processExecutionPhase(TestCaseExecutor.java:298)
	at com.kms.katalon.core.main.TestCaseExecutor.accessMainPhase(TestCaseExecutor.java:290)
	at com.kms.katalon.core.main.TestCaseExecutor.execute(TestCaseExecutor.java:224)
	at com.kms.katalon.core.main.TestSuiteExecutor.accessTestCaseMainPhase(TestSuiteExecutor.java:129)
	at com.kms.katalon.core.main.TestSuiteExecutor.accessTestSuiteMainPhase(TestSuiteExecutor.java:112)
	at com.kms.katalon.core.main.TestSuiteExecutor.execute(TestSuiteExecutor.java:81)
	at com.kms.katalon.core.main.TestCaseMain.startTestSuite(TestCaseMain.java:149)
	at com.kms.katalon.core.main.TestCaseMain$startTestSuite$0.call(Unknown Source)
	at TempTestSuite1561749522497.run(TempTestSuite1561749522497.groovy:36)
"/>
         <system-out><![CDATA[2019-06-28 15:50:57 - [TEST_CASE][FAILED] - Test Cases/OCS - MOBILE/OCS- HOME PAGE/Retail stores link: Test Cases/OCS - MOBILE/OCS- HOME PAGE/Retail stores link FAILED.
Reason:
com.kms.katalon.core.exception.StepFailedException: com.kms.katalon.core.webui.exception.WebElementNotFoundException: Web element with id: 'Object Repository/OCS-MOBILE /Home - page/Retail stores link' located by 'By.xpath: //a[contains(text(),'Click here for locations')][count(. | //a[@href = 'https://www.agco.ca/sites/default/files/map/ONT_CN_ST_E.html']) = count(//a[@href = 'https://www.agco.ca/sites/default/files/map/ONT_CN_ST_E.html'])]' not found
	at com.kms.katalon.core.keyword.internal.KeywordMain.stepFailed(KeywordMain.groovy:32)
	at com.kms.katalon.core.webui.keyword.internal.WebUIKeywordMain.stepFailed(WebUIKeywordMain.groovy:65)
	at com.kms.katalon.core.webui.keyword.builtin.VerifyElementPresentKeyword$_verifyElementPresent_closure1.doCall(VerifyElementPresentKeyword.groovy:85)
	at com.kms.katalon.core.webui.keyword.builtin.VerifyElementPresentKeyword$_verifyElementPresent_closure1.call(VerifyElementPresentKeyword.groovy)
	at com.kms.katalon.core.webui.keyword.internal.WebUIKeywordMain.runKeyword(WebUIKeywordMain.groovy:21)
	at com.kms.katalon.core.webui.keyword.builtin.VerifyElementPresentKeyword.verifyElementPresent(VerifyElementPresentKeyword.groovy:92)
	at com.kms.katalon.core.webui.keyword.builtin.VerifyElementPresentKeyword.execute(VerifyElementPresentKeyword.groovy:68)
	at com.kms.katalon.core.keyword.internal.KeywordExecutor.executeKeywordForPlatform(KeywordExecutor.groovy:53)
	at com.kms.katalon.core.webui.keyword.WebUiBuiltInKeywords.verifyElementPresent(WebUiBuiltInKeywords.groovy:1418)
	at com.kms.katalon.core.webui.keyword.WebUiBuiltInKeywords$verifyElementPresent$20.call(Unknown Source)
	at Retail stores link.run(Retail stores link:20)
	at com.kms.katalon.core.main.ScriptEngine.run(ScriptEngine.java:194)
	at com.kms.katalon.core.main.ScriptEngine.runScriptAsRawText(ScriptEngine.java:119)
	at com.kms.katalon.core.main.TestCaseExecutor.runScript(TestCaseExecutor.java:328)
	at com.kms.katalon.core.main.TestCaseExecutor.doExecute(TestCaseExecutor.java:319)
	at com.kms.katalon.core.main.TestCaseExecutor.processExecutionPhase(TestCaseExecutor.java:298)
	at com.kms.katalon.core.main.TestCaseExecutor.accessMainPhase(TestCaseExecutor.java:290)
	at com.kms.katalon.core.main.TestCaseExecutor.execute(TestCaseExecutor.java:224)
	at com.kms.katalon.core.main.TestSuiteExecutor.accessTestCaseMainPhase(TestSuiteExecutor.java:129)
	at com.kms.katalon.core.main.TestSuiteExecutor.accessTestSuiteMainPhase(TestSuiteExecutor.java:112)
	at com.kms.katalon.core.main.TestSuiteExecutor.execute(TestSuiteExecutor.java:81)
	at com.kms.katalon.core.main.TestCaseMain.startTestSuite(TestCaseMain.java:149)
	at com.kms.katalon.core.main.TestCaseMain$startTestSuite$0.call(Unknown Source)
	at TempTestSuite1561749522497.run(TempTestSuite1561749522497.groovy:36)


2019-06-28 15:50:57 - [TEST_STEP][PASSED] - callTestCase(findTestCase("OCS - MOBILE/CALL - AGE GATE"), [:], STOP_ON_FAILURE): Call Test Case 'Test Cases/OCS - MOBILE/CALL - AGE GATE' successfully

2019-06-28 15:50:57 - [TEST_CASE][PASSED] - Test Cases/OCS - MOBILE/CALL - AGE GATE: Test Cases/OCS - MOBILE/CALL - AGE GATE

2019-06-28 15:50:57 - [TEST_STEP][PASSED] - openBrowser(""): Browser is opened with url: ''

2019-06-28 15:50:57 - [MESSAGE][WARNING] - A browser is already opened. Closing browser and opening a new one

2019-06-28 15:50:57 - [MESSAGE][INFO] - Starting 'Chrome' driver

2019-06-28 15:50:58 - [MESSAGE][PASSED] - Browser is opened with url: ''

2019-06-28 15:50:58 - [TEST_STEP][PASSED] - navigateToUrl("ocs.ca"): Navigate to 'http://ocs.ca' successfully

2019-06-28 15:51:02 - [MESSAGE][PASSED] - Navigate to 'http://ocs.ca' successfully

2019-06-28 15:51:02 - [TEST_STEP][NOT_RUN] - executeJavaScript("var previewBar = document.getElementById("preview-bar-iframe"); previewBar.style.display = "none";", []): NOT_RUN: executeJavaScript("var previewBar = document.getElementById("preview-bar-iframe"); previewBar.style.display = "none";", [])

2019-06-28 15:51:02 - [MESSAGE][NOT_RUN] - NOT_RUN: executeJavaScript("var previewBar = document.getElementById("preview-bar-iframe"); previewBar.style.display = "none";", [])

2019-06-28 15:51:02 - [TEST_STEP][PASSED] - setViewPortSize(360, 800): Viewport is set to new size with width = 360 and height = 800

2019-06-28 15:51:03 - [MESSAGE][PASSED] - Viewport is set to new size with width = 360 and height = 800

2019-06-28 15:51:03 - [TEST_STEP][PASSED] - delay(4): Delayed 4 second(s)

2019-06-28 15:51:07 - [MESSAGE][PASSED] - Delayed 4 second(s)

2019-06-28 15:51:07 - [TEST_STEP][PASSED] - selectOptionByValue(findTestObject("OCS-MOBILE /Age gate and burger menu/Date"), "12", true): All options with value '12' are selected in object 'Object Repository/OCS-MOBILE /Age gate and burger menu/Date'  using regular expression

2019-06-28 15:51:07 - [MESSAGE][PASSED] - All options with value '12' are selected in object 'Object Repository/OCS-MOBILE /Age gate and burger menu/Date'  using regular expression

2019-06-28 15:51:07 - [TEST_STEP][PASSED] - selectOptionByValue(findTestObject("OCS-MOBILE /Age gate and burger menu/month"), "6", true): All options with value '6' are selected in object 'Object Repository/OCS-MOBILE /Age gate and burger menu/month'  using regular expression

2019-06-28 15:51:07 - [MESSAGE][PASSED] - All options with value '6' are selected in object 'Object Repository/OCS-MOBILE /Age gate and burger menu/month'  using regular expression

2019-06-28 15:51:07 - [TEST_STEP][PASSED] - delay(2): Delayed 2 second(s)

2019-06-28 15:51:09 - [MESSAGE][PASSED] - Delayed 2 second(s)

2019-06-28 15:51:09 - [TEST_STEP][PASSED] - selectOptionByValue(findTestObject("OCS-MOBILE /Age gate and burger menu/Year Dropdown"), "1990", true): All options with value '1990' are selected in object 'Object Repository/OCS-MOBILE /Age gate and burger menu/Year Dropdown'  using regular expression

2019-06-28 15:51:10 - [MESSAGE][PASSED] - All options with value '1990' are selected in object 'Object Repository/OCS-MOBILE /Age gate and burger menu/Year Dropdown'  using regular expression

2019-06-28 15:51:10 - [TEST_STEP][PASSED] - click(findTestObject("OCS-MOBILE /Age gate and Mega menu/button_Verify")): Object: 'Object Repository/OCS-MOBILE /Age gate and Mega menu/button_Verify' is clicked on

2019-06-28 15:51:11 - [MESSAGE][PASSED] - Object: 'Object Repository/OCS-MOBILE /Age gate and Mega menu/button_Verify' is clicked on

2019-06-28 15:51:11 - [TEST_STEP][PASSED] - click(findTestObject("OCS-MOBILE /Age gate and Mega menu/Checkbox_CONFIRM AND ACKNOWLEDGE")): Object: 'Object Repository/OCS-MOBILE /Age gate and Mega menu/Checkbox_CONFIRM AND ACKNOWLEDGE' is clicked on

2019-06-28 15:51:11 - [MESSAGE][PASSED] - Object: 'Object Repository/OCS-MOBILE /Age gate and Mega menu/Checkbox_CONFIRM AND ACKNOWLEDGE' is clicked on

2019-06-28 15:51:11 - [TEST_STEP][PASSED] - click(findTestObject("OCS-MOBILE /Age gate and Mega menu/button_CONFIRM")): Object: 'Object Repository/OCS-MOBILE /Age gate and Mega menu/button_CONFIRM' is clicked on

2019-06-28 15:51:11 - [MESSAGE][PASSED] - Object: 'Object Repository/OCS-MOBILE /Age gate and Mega menu/button_CONFIRM' is clicked on

2019-06-28 15:51:11 - [TEST_STEP][PASSED] - click(findTestObject("OCS-MOBILE /Age gate and Mega menu/button_Start Browsing")): Object: 'Object Repository/OCS-MOBILE /Age gate and Mega menu/button_Start Browsing' is clicked on

2019-06-28 15:51:11 - [MESSAGE][PASSED] - Object: 'Object Repository/OCS-MOBILE /Age gate and Mega menu/button_Start Browsing' is clicked on

2019-06-28 15:51:11 - [TEST_STEP][PASSED] - refresh(): Refresh successfully

2019-06-28 15:51:11 - [MESSAGE][PASSED] - Refresh successfully

2019-06-28 15:51:11 - [TEST_STEP][NOT_RUN] - executeJavaScript("var previewBar = document.getElementById("preview-bar-iframe"); previewBar.style.display = "none";", []): NOT_RUN: executeJavaScript("var previewBar = document.getElementById("preview-bar-iframe"); previewBar.style.display = "none";", [])

2019-06-28 15:51:11 - [MESSAGE][NOT_RUN] - NOT_RUN: executeJavaScript("var previewBar = document.getElementById("preview-bar-iframe"); previewBar.style.display = "none";", [])

2019-06-28 15:51:11 - [MESSAGE][PASSED] - Call Test Case 'Test Cases/OCS - MOBILE/CALL - AGE GATE' successfully

2019-06-28 15:51:11 - [TEST_STEP][PASSED] - delay(2): Delayed 2 second(s)

2019-06-28 15:51:13 - [MESSAGE][PASSED] - Delayed 2 second(s)

2019-06-28 15:51:13 - [TEST_STEP][FAILED] - flag = verifyElementPresent(findTestObject("OCS-MOBILE /Home - page/Retail stores link"), 0, CONTINUE_ON_FAILURE): com.kms.katalon.core.webui.exception.WebElementNotFoundException: Web element with id: 'Object Repository/OCS-MOBILE /Home - page/Retail stores link' located by 'By.xpath: //a[contains(text(),'Click here for locations')][count(. | //a[@href = 'https://www.agco.ca/sites/default/files/map/ONT_CN_ST_E.html']) = count(//a[@href = 'https://www.agco.ca/sites/default/files/map/ONT_CN_ST_E.html'])]' not found

2019-06-28 15:51:13 - [MESSAGE][WARNING] - Timeout '0' is invalid. Using default page load timeout: '30'

2019-06-28 15:51:44 - [MESSAGE][INFO] - Unable to find the element located by 'By.xpath: //a[contains(text(),'Click here for locations')][count(. | //a[@href = 'https://www.agco.ca/sites/default/files/map/ONT_CN_ST_E.html']) = count(//a[@href = 'https://www.agco.ca/sites/default/files/map/ONT_CN_ST_E.html'])]'. Please recheck the objects properties to make sure the desired element is located. 

2019-06-28 15:51:45 - [MESSAGE][FAILED] - com.kms.katalon.core.webui.exception.WebElementNotFoundException: Web element with id: 'Object Repository/OCS-MOBILE /Home - page/Retail stores link' located by 'By.xpath: //a[contains(text(),'Click here for locations')][count(. | //a[@href = 'https://www.agco.ca/sites/default/files/map/ONT_CN_ST_E.html']) = count(//a[@href = 'https://www.agco.ca/sites/default/files/map/ONT_CN_ST_E.html'])]' not found
[[ATTACHMENT|/Users/sumankompelly/Relative xpath-Mobile/Reports/Live site/20190628_151842/1561751504414.png]]

2019-06-28 15:51:45 - [TEST_STEP][PASSED] - comment("flag=" + flag): flag=false

2019-06-28 15:51:45 - [MESSAGE][INFO] - flag=false

2019-06-28 15:51:45 - [TEST_STEP][PASSED] - if (flag == true): null

2019-06-28 15:51:45 - [TEST_STEP][FAILED] - else: else FAILED.
Reason:
com.kms.katalon.core.exception.StepFailedException: com.kms.katalon.core.webui.exception.WebElementNotFoundException: Web element with id: 'Object Repository/OCS-MOBILE /Home - page/Retail stores link' located by 'By.xpath: //a[contains(text(),'Click here for locations')][count(. | //a[@href = 'https://www.agco.ca/sites/default/files/map/ONT_CN_ST_E.html']) = count(//a[@href = 'https://www.agco.ca/sites/default/files/map/ONT_CN_ST_E.html'])]' not found
	at com.kms.katalon.core.keyword.internal.KeywordMain.stepFailed(KeywordMain.groovy:32)
	at com.kms.katalon.core.webui.keyword.internal.WebUIKeywordMain.stepFailed(WebUIKeywordMain.groovy:65)
	at com.kms.katalon.core.webui.keyword.builtin.VerifyElementPresentKeyword$_verifyElementPresent_closure1.doCall(VerifyElementPresentKeyword.groovy:85)
	at com.kms.katalon.core.webui.keyword.builtin.VerifyElementPresentKeyword$_verifyElementPresent_closure1.call(VerifyElementPresentKeyword.groovy)
	at com.kms.katalon.core.webui.keyword.internal.WebUIKeywordMain.runKeyword(WebUIKeywordMain.groovy:21)
	at com.kms.katalon.core.webui.keyword.builtin.VerifyElementPresentKeyword.verifyElementPresent(VerifyElementPresentKeyword.groovy:92)
	at com.kms.katalon.core.webui.keyword.builtin.VerifyElementPresentKeyword.execute(VerifyElementPresentKeyword.groovy:68)
	at com.kms.katalon.core.keyword.internal.KeywordExecutor.executeKeywordForPlatform(KeywordExecutor.groovy:53)
	at com.kms.katalon.core.webui.keyword.WebUiBuiltInKeywords.verifyElementPresent(WebUiBuiltInKeywords.groovy:1418)
	at com.kms.katalon.core.webui.keyword.WebUiBuiltInKeywords$verifyElementPresent$20.call(Unknown Source)
	at Retail stores link.run(Retail stores link:20)
	at com.kms.katalon.core.main.ScriptEngine.run(ScriptEngine.java:194)
	at com.kms.katalon.core.main.ScriptEngine.runScriptAsRawText(ScriptEngine.java:119)
	at com.kms.katalon.core.main.TestCaseExecutor.runScript(TestCaseExecutor.java:328)
	at com.kms.katalon.core.main.TestCaseExecutor.doExecute(TestCaseExecutor.java:319)
	at com.kms.katalon.core.main.TestCaseExecutor.processExecutionPhase(TestCaseExecutor.java:298)
	at com.kms.katalon.core.main.TestCaseExecutor.accessMainPhase(TestCaseExecutor.java:290)
	at com.kms.katalon.core.main.TestCaseExecutor.execute(TestCaseExecutor.java:224)
	at com.kms.katalon.core.main.TestSuiteExecutor.accessTestCaseMainPhase(TestSuiteExecutor.java:129)
	at com.kms.katalon.core.main.TestSuiteExecutor.accessTestSuiteMainPhase(TestSuiteExecutor.java:112)
	at com.kms.katalon.core.main.TestSuiteExecutor.execute(TestSuiteExecutor.java:81)
	at com.kms.katalon.core.main.TestCaseMain.startTestSuite(TestCaseMain.java:149)
	at com.kms.katalon.core.main.TestCaseMain$startTestSuite$0.call(Unknown Source)
	at TempTestSuite1561749522497.run(TempTestSuite1561749522497.groovy:36)


2019-06-28 15:51:45 - [TEST_STEP][FAILED] - comment("There is no retail stores link "): else FAILED.
Reason:
com.kms.katalon.core.exception.StepFailedException: com.kms.katalon.core.webui.exception.WebElementNotFoundException: Web element with id: 'Object Repository/OCS-MOBILE /Home - page/Retail stores link' located by 'By.xpath: //a[contains(text(),'Click here for locations')][count(. | //a[@href = 'https://www.agco.ca/sites/default/files/map/ONT_CN_ST_E.html']) = count(//a[@href = 'https://www.agco.ca/sites/default/files/map/ONT_CN_ST_E.html'])]' not found
	at com.kms.katalon.core.keyword.internal.KeywordMain.stepFailed(KeywordMain.groovy:32)
	at com.kms.katalon.core.webui.keyword.internal.WebUIKeywordMain.stepFailed(WebUIKeywordMain.groovy:65)
	at com.kms.katalon.core.webui.keyword.builtin.VerifyElementPresentKeyword$_verifyElementPresent_closure1.doCall(VerifyElementPresentKeyword.groovy:85)
	at com.kms.katalon.core.webui.keyword.builtin.VerifyElementPresentKeyword$_verifyElementPresent_closure1.call(VerifyElementPresentKeyword.groovy)
	at com.kms.katalon.core.webui.keyword.internal.WebUIKeywordMain.runKeyword(WebUIKeywordMain.groovy:21)
	at com.kms.katalon.core.webui.keyword.builtin.VerifyElementPresentKeyword.verifyElementPresent(VerifyElementPresentKeyword.groovy:92)
	at com.kms.katalon.core.webui.keyword.builtin.VerifyElementPresentKeyword.execute(VerifyElementPresentKeyword.groovy:68)
	at com.kms.katalon.core.keyword.internal.KeywordExecutor.executeKeywordForPlatform(KeywordExecutor.groovy:53)
	at com.kms.katalon.core.webui.keyword.WebUiBuiltInKeywords.verifyElementPresent(WebUiBuiltInKeywords.groovy:1418)
	at com.kms.katalon.core.webui.keyword.WebUiBuiltInKeywords$verifyElementPresent$20.call(Unknown Source)
	at Retail stores link.run(Retail stores link:20)
	at com.kms.katalon.core.main.ScriptEngine.run(ScriptEngine.java:194)
	at com.kms.katalon.core.main.ScriptEngine.runScriptAsRawText(ScriptEngine.java:119)
	at com.kms.katalon.core.main.TestCaseExecutor.runScript(TestCaseExecutor.java:328)
	at com.kms.katalon.core.main.TestCaseExecutor.doExecute(TestCaseExecutor.java:319)
	at com.kms.katalon.core.main.TestCaseExecutor.processExecutionPhase(TestCaseExecutor.java:298)
	at com.kms.katalon.core.main.TestCaseExecutor.accessMainPhase(TestCaseExecutor.java:290)
	at com.kms.katalon.core.main.TestCaseExecutor.execute(TestCaseExecutor.java:224)
	at com.kms.katalon.core.main.TestSuiteExecutor.accessTestCaseMainPhase(TestSuiteExecutor.java:129)
	at com.kms.katalon.core.main.TestSuiteExecutor.accessTestSuiteMainPhase(TestSuiteExecutor.java:112)
	at com.kms.katalon.core.main.TestSuiteExecutor.execute(TestSuiteExecutor.java:81)
	at com.kms.katalon.core.main.TestCaseMain.startTestSuite(TestCaseMain.java:149)
	at com.kms.katalon.core.main.TestCaseMain$startTestSuite$0.call(Unknown Source)
	at TempTestSuite1561749522497.run(TempTestSuite1561749522497.groovy:36)


2019-06-28 15:51:45 - [MESSAGE][INFO] - There is no retail stores link 

2019-06-28 15:51:45 - [MESSAGE][FAILED] - else FAILED.
Reason:
com.kms.katalon.core.exception.StepFailedException: com.kms.katalon.core.webui.exception.WebElementNotFoundException: Web element with id: 'Object Repository/OCS-MOBILE /Home - page/Retail stores link' located by 'By.xpath: //a[contains(text(),'Click here for locations')][count(. | //a[@href = 'https://www.agco.ca/sites/default/files/map/ONT_CN_ST_E.html']) = count(//a[@href = 'https://www.agco.ca/sites/default/files/map/ONT_CN_ST_E.html'])]' not found
	at com.kms.katalon.core.keyword.internal.KeywordMain.stepFailed(KeywordMain.groovy:32)
	at com.kms.katalon.core.webui.keyword.internal.WebUIKeywordMain.stepFailed(WebUIKeywordMain.groovy:65)
	at com.kms.katalon.core.webui.keyword.builtin.VerifyElementPresentKeyword$_verifyElementPresent_closure1.doCall(VerifyElementPresentKeyword.groovy:85)
	at com.kms.katalon.core.webui.keyword.builtin.VerifyElementPresentKeyword$_verifyElementPresent_closure1.call(VerifyElementPresentKeyword.groovy)
	at com.kms.katalon.core.webui.keyword.internal.WebUIKeywordMain.runKeyword(WebUIKeywordMain.groovy:21)
	at com.kms.katalon.core.webui.keyword.builtin.VerifyElementPresentKeyword.verifyElementPresent(VerifyElementPresentKeyword.groovy:92)
	at com.kms.katalon.core.webui.keyword.builtin.VerifyElementPresentKeyword.execute(VerifyElementPresentKeyword.groovy:68)
	at com.kms.katalon.core.keyword.internal.KeywordExecutor.executeKeywordForPlatform(KeywordExecutor.groovy:53)
	at com.kms.katalon.core.webui.keyword.WebUiBuiltInKeywords.verifyElementPresent(WebUiBuiltInKeywords.groovy:1418)
	at com.kms.katalon.core.webui.keyword.WebUiBuiltInKeywords$verifyElementPresent$20.call(Unknown Source)
	at Retail stores link.run(Retail stores link:20)
	at com.kms.katalon.core.main.ScriptEngine.run(ScriptEngine.java:194)
	at com.kms.katalon.core.main.ScriptEngine.runScriptAsRawText(ScriptEngine.java:119)
	at com.kms.katalon.core.main.TestCaseExecutor.runScript(TestCaseExecutor.java:328)
	at com.kms.katalon.core.main.TestCaseExecutor.doExecute(TestCaseExecutor.java:319)
	at com.kms.katalon.core.main.TestCaseExecutor.processExecutionPhase(TestCaseExecutor.java:298)
	at com.kms.katalon.core.main.TestCaseExecutor.accessMainPhase(TestCaseExecutor.java:290)
	at com.kms.katalon.core.main.TestCaseExecutor.execute(TestCaseExecutor.java:224)
	at com.kms.katalon.core.main.TestSuiteExecutor.accessTestCaseMainPhase(TestSuiteExecutor.java:129)
	at com.kms.katalon.core.main.TestSuiteExecutor.accessTestSuiteMainPhase(TestSuiteExecutor.java:112)
	at com.kms.katalon.core.main.TestSuiteExecutor.execute(TestSuiteExecutor.java:81)
	at com.kms.katalon.core.main.TestCaseMain.startTestSuite(TestCaseMain.java:149)
	at com.kms.katalon.core.main.TestCaseMain$startTestSuite$0.call(Unknown Source)
	at TempTestSuite1561749522497.run(TempTestSuite1561749522497.groovy:36)]]></system-out>
         <system-err><![CDATA[2019-06-28 15:50:57 - [TEST_CASE][FAILED] - Test Cases/OCS - MOBILE/OCS- HOME PAGE/Retail stores link: Test Cases/OCS - MOBILE/OCS- HOME PAGE/Retail stores link FAILED.
Reason:
com.kms.katalon.core.exception.StepFailedException: com.kms.katalon.core.webui.exception.WebElementNotFoundException: Web element with id: 'Object Repository/OCS-MOBILE /Home - page/Retail stores link' located by 'By.xpath: //a[contains(text(),'Click here for locations')][count(. | //a[@href = 'https://www.agco.ca/sites/default/files/map/ONT_CN_ST_E.html']) = count(//a[@href = 'https://www.agco.ca/sites/default/files/map/ONT_CN_ST_E.html'])]' not found
	at com.kms.katalon.core.keyword.internal.KeywordMain.stepFailed(KeywordMain.groovy:32)
	at com.kms.katalon.core.webui.keyword.internal.WebUIKeywordMain.stepFailed(WebUIKeywordMain.groovy:65)
	at com.kms.katalon.core.webui.keyword.builtin.VerifyElementPresentKeyword$_verifyElementPresent_closure1.doCall(VerifyElementPresentKeyword.groovy:85)
	at com.kms.katalon.core.webui.keyword.builtin.VerifyElementPresentKeyword$_verifyElementPresent_closure1.call(VerifyElementPresentKeyword.groovy)
	at com.kms.katalon.core.webui.keyword.internal.WebUIKeywordMain.runKeyword(WebUIKeywordMain.groovy:21)
	at com.kms.katalon.core.webui.keyword.builtin.VerifyElementPresentKeyword.verifyElementPresent(VerifyElementPresentKeyword.groovy:92)
	at com.kms.katalon.core.webui.keyword.builtin.VerifyElementPresentKeyword.execute(VerifyElementPresentKeyword.groovy:68)
	at com.kms.katalon.core.keyword.internal.KeywordExecutor.executeKeywordForPlatform(KeywordExecutor.groovy:53)
	at com.kms.katalon.core.webui.keyword.WebUiBuiltInKeywords.verifyElementPresent(WebUiBuiltInKeywords.groovy:1418)
	at com.kms.katalon.core.webui.keyword.WebUiBuiltInKeywords$verifyElementPresent$20.call(Unknown Source)
	at Retail stores link.run(Retail stores link:20)
	at com.kms.katalon.core.main.ScriptEngine.run(ScriptEngine.java:194)
	at com.kms.katalon.core.main.ScriptEngine.runScriptAsRawText(ScriptEngine.java:119)
	at com.kms.katalon.core.main.TestCaseExecutor.runScript(TestCaseExecutor.java:328)
	at com.kms.katalon.core.main.TestCaseExecutor.doExecute(TestCaseExecutor.java:319)
	at com.kms.katalon.core.main.TestCaseExecutor.processExecutionPhase(TestCaseExecutor.java:298)
	at com.kms.katalon.core.main.TestCaseExecutor.accessMainPhase(TestCaseExecutor.java:290)
	at com.kms.katalon.core.main.TestCaseExecutor.execute(TestCaseExecutor.java:224)
	at com.kms.katalon.core.main.TestSuiteExecutor.accessTestCaseMainPhase(TestSuiteExecutor.java:129)
	at com.kms.katalon.core.main.TestSuiteExecutor.accessTestSuiteMainPhase(TestSuiteExecutor.java:112)
	at com.kms.katalon.core.main.TestSuiteExecutor.execute(TestSuiteExecutor.java:81)
	at com.kms.katalon.core.main.TestCaseMain.startTestSuite(TestCaseMain.java:149)
	at com.kms.katalon.core.main.TestCaseMain$startTestSuite$0.call(Unknown Source)
	at TempTestSuite1561749522497.run(TempTestSuite1561749522497.groovy:36)]]></system-err>
      </testcase>
      <testcase name="Test Cases/OCS - MOBILE/OCS- HOME PAGE/Screen reader link" classname="Test Cases/OCS - MOBILE/OCS- HOME PAGE/Screen reader link" status="FAILED">
         <failure type="FAILED" message="Test Cases/OCS - MOBILE/OCS- HOME PAGE/Screen reader link FAILED.
Reason:
com.kms.katalon.core.exception.StepFailedException: Unable to click on object 'Object Repository/OCS-MOBILE /Home - page/Screen readers link' (Root cause: com.kms.katalon.core.webui.exception.WebElementNotFoundException: Web element with id: 'Object Repository/OCS-MOBILE /Home - page/Screen readers link' located by 'By.xpath: //a[contains(text(),'Customers with difficulties using screen readers')]' not found)
	at com.kms.katalon.core.keyword.internal.KeywordMain.stepFailed(KeywordMain.groovy:36)
	at com.kms.katalon.core.webui.keyword.internal.WebUIKeywordMain.stepFailed(WebUIKeywordMain.groovy:65)
	at com.kms.katalon.core.webui.keyword.internal.WebUIKeywordMain.runKeyword(WebUIKeywordMain.groovy:27)
	at com.kms.katalon.core.webui.keyword.builtin.ClickKeyword.click(ClickKeyword.groovy:86)
	at com.kms.katalon.core.webui.keyword.builtin.ClickKeyword.execute(ClickKeyword.groovy:67)
	at com.kms.katalon.core.keyword.internal.KeywordExecutor.executeKeywordForPlatform(KeywordExecutor.groovy:53)
	at com.kms.katalon.core.webui.keyword.WebUiBuiltInKeywords.click(WebUiBuiltInKeywords.groovy:616)
	at com.kms.katalon.core.webui.keyword.WebUiBuiltInKeywords$click$3.call(Unknown Source)
	at Screen reader link.run(Screen reader link:20)
	at com.kms.katalon.core.main.ScriptEngine.run(ScriptEngine.java:194)
	at com.kms.katalon.core.main.ScriptEngine.runScriptAsRawText(ScriptEngine.java:119)
	at com.kms.katalon.core.main.TestCaseExecutor.runScript(TestCaseExecutor.java:328)
	at com.kms.katalon.core.main.TestCaseExecutor.doExecute(TestCaseExecutor.java:319)
	at com.kms.katalon.core.main.TestCaseExecutor.processExecutionPhase(TestCaseExecutor.java:298)
	at com.kms.katalon.core.main.TestCaseExecutor.accessMainPhase(TestCaseExecutor.java:290)
	at com.kms.katalon.core.main.TestCaseExecutor.execute(TestCaseExecutor.java:224)
	at com.kms.katalon.core.main.TestSuiteExecutor.accessTestCaseMainPhase(TestSuiteExecutor.java:129)
	at com.kms.katalon.core.main.TestSuiteExecutor.accessTestSuiteMainPhase(TestSuiteExecutor.java:112)
	at com.kms.katalon.core.main.TestSuiteExecutor.execute(TestSuiteExecutor.java:81)
	at com.kms.katalon.core.main.TestCaseMain.startTestSuite(TestCaseMain.java:149)
	at com.kms.katalon.core.main.TestCaseMain$startTestSuite$0.call(Unknown Source)
	at TempTestSuite1561749522497.run(TempTestSuite1561749522497.groovy:36)
"/>
         <system-out><![CDATA[2019-06-28 15:51:45 - [TEST_CASE][FAILED] - Test Cases/OCS - MOBILE/OCS- HOME PAGE/Screen reader link: Test Cases/OCS - MOBILE/OCS- HOME PAGE/Screen reader link FAILED.
Reason:
com.kms.katalon.core.exception.StepFailedException: Unable to click on object 'Object Repository/OCS-MOBILE /Home - page/Screen readers link' (Root cause: com.kms.katalon.core.webui.exception.WebElementNotFoundException: Web element with id: 'Object Repository/OCS-MOBILE /Home - page/Screen readers link' located by 'By.xpath: //a[contains(text(),'Customers with difficulties using screen readers')]' not found)
	at com.kms.katalon.core.keyword.internal.KeywordMain.stepFailed(KeywordMain.groovy:36)
	at com.kms.katalon.core.webui.keyword.internal.WebUIKeywordMain.stepFailed(WebUIKeywordMain.groovy:65)
	at com.kms.katalon.core.webui.keyword.internal.WebUIKeywordMain.runKeyword(WebUIKeywordMain.groovy:27)
	at com.kms.katalon.core.webui.keyword.builtin.ClickKeyword.click(ClickKeyword.groovy:86)
	at com.kms.katalon.core.webui.keyword.builtin.ClickKeyword.execute(ClickKeyword.groovy:67)
	at com.kms.katalon.core.keyword.internal.KeywordExecutor.executeKeywordForPlatform(KeywordExecutor.groovy:53)
	at com.kms.katalon.core.webui.keyword.WebUiBuiltInKeywords.click(WebUiBuiltInKeywords.groovy:616)
	at com.kms.katalon.core.webui.keyword.WebUiBuiltInKeywords$click$3.call(Unknown Source)
	at Screen reader link.run(Screen reader link:20)
	at com.kms.katalon.core.main.ScriptEngine.run(ScriptEngine.java:194)
	at com.kms.katalon.core.main.ScriptEngine.runScriptAsRawText(ScriptEngine.java:119)
	at com.kms.katalon.core.main.TestCaseExecutor.runScript(TestCaseExecutor.java:328)
	at com.kms.katalon.core.main.TestCaseExecutor.doExecute(TestCaseExecutor.java:319)
	at com.kms.katalon.core.main.TestCaseExecutor.processExecutionPhase(TestCaseExecutor.java:298)
	at com.kms.katalon.core.main.TestCaseExecutor.accessMainPhase(TestCaseExecutor.java:290)
	at com.kms.katalon.core.main.TestCaseExecutor.execute(TestCaseExecutor.java:224)
	at com.kms.katalon.core.main.TestSuiteExecutor.accessTestCaseMainPhase(TestSuiteExecutor.java:129)
	at com.kms.katalon.core.main.TestSuiteExecutor.accessTestSuiteMainPhase(TestSuiteExecutor.java:112)
	at com.kms.katalon.core.main.TestSuiteExecutor.execute(TestSuiteExecutor.java:81)
	at com.kms.katalon.core.main.TestCaseMain.startTestSuite(TestCaseMain.java:149)
	at com.kms.katalon.core.main.TestCaseMain$startTestSuite$0.call(Unknown Source)
	at TempTestSuite1561749522497.run(TempTestSuite1561749522497.groovy:36)


2019-06-28 15:51:45 - [TEST_STEP][PASSED] - callTestCase(findTestCase("OCS - MOBILE/CALL - AGE GATE"), [:], STOP_ON_FAILURE): Call Test Case 'Test Cases/OCS - MOBILE/CALL - AGE GATE' successfully

2019-06-28 15:51:45 - [TEST_CASE][PASSED] - Test Cases/OCS - MOBILE/CALL - AGE GATE: Test Cases/OCS - MOBILE/CALL - AGE GATE

2019-06-28 15:51:45 - [TEST_STEP][PASSED] - openBrowser(""): Browser is opened with url: ''

2019-06-28 15:51:45 - [MESSAGE][WARNING] - A browser is already opened. Closing browser and opening a new one

2019-06-28 15:51:45 - [MESSAGE][INFO] - Starting 'Chrome' driver

2019-06-28 15:51:46 - [MESSAGE][PASSED] - Browser is opened with url: ''

2019-06-28 15:51:46 - [TEST_STEP][PASSED] - navigateToUrl("ocs.ca"): Navigate to 'http://ocs.ca' successfully

2019-06-28 15:51:50 - [MESSAGE][PASSED] - Navigate to 'http://ocs.ca' successfully

2019-06-28 15:51:50 - [TEST_STEP][NOT_RUN] - executeJavaScript("var previewBar = document.getElementById("preview-bar-iframe"); previewBar.style.display = "none";", []): NOT_RUN: executeJavaScript("var previewBar = document.getElementById("preview-bar-iframe"); previewBar.style.display = "none";", [])

2019-06-28 15:51:50 - [MESSAGE][NOT_RUN] - NOT_RUN: executeJavaScript("var previewBar = document.getElementById("preview-bar-iframe"); previewBar.style.display = "none";", [])

2019-06-28 15:51:50 - [TEST_STEP][PASSED] - setViewPortSize(360, 800): Viewport is set to new size with width = 360 and height = 800

2019-06-28 15:51:51 - [MESSAGE][PASSED] - Viewport is set to new size with width = 360 and height = 800

2019-06-28 15:51:51 - [TEST_STEP][PASSED] - delay(4): Delayed 4 second(s)

2019-06-28 15:51:55 - [MESSAGE][PASSED] - Delayed 4 second(s)

2019-06-28 15:51:55 - [TEST_STEP][PASSED] - selectOptionByValue(findTestObject("OCS-MOBILE /Age gate and burger menu/Date"), "12", true): All options with value '12' are selected in object 'Object Repository/OCS-MOBILE /Age gate and burger menu/Date'  using regular expression

2019-06-28 15:51:55 - [MESSAGE][PASSED] - All options with value '12' are selected in object 'Object Repository/OCS-MOBILE /Age gate and burger menu/Date'  using regular expression

2019-06-28 15:51:55 - [TEST_STEP][PASSED] - selectOptionByValue(findTestObject("OCS-MOBILE /Age gate and burger menu/month"), "6", true): All options with value '6' are selected in object 'Object Repository/OCS-MOBILE /Age gate and burger menu/month'  using regular expression

2019-06-28 15:51:55 - [MESSAGE][PASSED] - All options with value '6' are selected in object 'Object Repository/OCS-MOBILE /Age gate and burger menu/month'  using regular expression

2019-06-28 15:51:55 - [TEST_STEP][PASSED] - delay(2): Delayed 2 second(s)

2019-06-28 15:51:57 - [MESSAGE][PASSED] - Delayed 2 second(s)

2019-06-28 15:51:57 - [TEST_STEP][PASSED] - selectOptionByValue(findTestObject("OCS-MOBILE /Age gate and burger menu/Year Dropdown"), "1990", true): All options with value '1990' are selected in object 'Object Repository/OCS-MOBILE /Age gate and burger menu/Year Dropdown'  using regular expression

2019-06-28 15:51:58 - [MESSAGE][PASSED] - All options with value '1990' are selected in object 'Object Repository/OCS-MOBILE /Age gate and burger menu/Year Dropdown'  using regular expression

2019-06-28 15:51:58 - [TEST_STEP][PASSED] - click(findTestObject("OCS-MOBILE /Age gate and Mega menu/button_Verify")): Object: 'Object Repository/OCS-MOBILE /Age gate and Mega menu/button_Verify' is clicked on

2019-06-28 15:51:58 - [MESSAGE][PASSED] - Object: 'Object Repository/OCS-MOBILE /Age gate and Mega menu/button_Verify' is clicked on

2019-06-28 15:51:58 - [TEST_STEP][PASSED] - click(findTestObject("OCS-MOBILE /Age gate and Mega menu/Checkbox_CONFIRM AND ACKNOWLEDGE")): Object: 'Object Repository/OCS-MOBILE /Age gate and Mega menu/Checkbox_CONFIRM AND ACKNOWLEDGE' is clicked on

2019-06-28 15:51:58 - [MESSAGE][PASSED] - Object: 'Object Repository/OCS-MOBILE /Age gate and Mega menu/Checkbox_CONFIRM AND ACKNOWLEDGE' is clicked on

2019-06-28 15:51:58 - [TEST_STEP][PASSED] - click(findTestObject("OCS-MOBILE /Age gate and Mega menu/button_CONFIRM")): Object: 'Object Repository/OCS-MOBILE /Age gate and Mega menu/button_CONFIRM' is clicked on

2019-06-28 15:51:58 - [MESSAGE][PASSED] - Object: 'Object Repository/OCS-MOBILE /Age gate and Mega menu/button_CONFIRM' is clicked on

2019-06-28 15:51:58 - [TEST_STEP][PASSED] - click(findTestObject("OCS-MOBILE /Age gate and Mega menu/button_Start Browsing")): Object: 'Object Repository/OCS-MOBILE /Age gate and Mega menu/button_Start Browsing' is clicked on

2019-06-28 15:51:58 - [MESSAGE][PASSED] - Object: 'Object Repository/OCS-MOBILE /Age gate and Mega menu/button_Start Browsing' is clicked on

2019-06-28 15:51:58 - [TEST_STEP][PASSED] - refresh(): Refresh successfully

2019-06-28 15:51:58 - [MESSAGE][PASSED] - Refresh successfully

2019-06-28 15:51:58 - [TEST_STEP][NOT_RUN] - executeJavaScript("var previewBar = document.getElementById("preview-bar-iframe"); previewBar.style.display = "none";", []): NOT_RUN: executeJavaScript("var previewBar = document.getElementById("preview-bar-iframe"); previewBar.style.display = "none";", [])

2019-06-28 15:51:58 - [MESSAGE][NOT_RUN] - NOT_RUN: executeJavaScript("var previewBar = document.getElementById("preview-bar-iframe"); previewBar.style.display = "none";", [])

2019-06-28 15:51:58 - [MESSAGE][PASSED] - Call Test Case 'Test Cases/OCS - MOBILE/CALL - AGE GATE' successfully

2019-06-28 15:51:58 - [TEST_STEP][PASSED] - delay(2): Delayed 2 second(s)

2019-06-28 15:52:00 - [MESSAGE][PASSED] - Delayed 2 second(s)

2019-06-28 15:52:00 - [TEST_STEP][FAILED] - click(findTestObject("OCS-MOBILE /Home - page/Screen readers link")): click(findTestObject("OCS-MOBILE /Home - page/Screen readers link")) FAILED.
Reason:
com.kms.katalon.core.exception.StepFailedException: Unable to click on object 'Object Repository/OCS-MOBILE /Home - page/Screen readers link' (Root cause: com.kms.katalon.core.webui.exception.WebElementNotFoundException: Web element with id: 'Object Repository/OCS-MOBILE /Home - page/Screen readers link' located by 'By.xpath: //a[contains(text(),'Customers with difficulties using screen readers')]' not found)
	at com.kms.katalon.core.keyword.internal.KeywordMain.stepFailed(KeywordMain.groovy:36)
	at com.kms.katalon.core.webui.keyword.internal.WebUIKeywordMain.stepFailed(WebUIKeywordMain.groovy:65)
	at com.kms.katalon.core.webui.keyword.internal.WebUIKeywordMain.runKeyword(WebUIKeywordMain.groovy:27)
	at com.kms.katalon.core.webui.keyword.builtin.ClickKeyword.click(ClickKeyword.groovy:86)
	at com.kms.katalon.core.webui.keyword.builtin.ClickKeyword.execute(ClickKeyword.groovy:67)
	at com.kms.katalon.core.keyword.internal.KeywordExecutor.executeKeywordForPlatform(KeywordExecutor.groovy:53)
	at com.kms.katalon.core.webui.keyword.WebUiBuiltInKeywords.click(WebUiBuiltInKeywords.groovy:616)
	at com.kms.katalon.core.webui.keyword.WebUiBuiltInKeywords$click$3.call(Unknown Source)
	at Screen reader link.run(Screen reader link:20)
	at com.kms.katalon.core.main.ScriptEngine.run(ScriptEngine.java:194)
	at com.kms.katalon.core.main.ScriptEngine.runScriptAsRawText(ScriptEngine.java:119)
	at com.kms.katalon.core.main.TestCaseExecutor.runScript(TestCaseExecutor.java:328)
	at com.kms.katalon.core.main.TestCaseExecutor.doExecute(TestCaseExecutor.java:319)
	at com.kms.katalon.core.main.TestCaseExecutor.processExecutionPhase(TestCaseExecutor.java:298)
	at com.kms.katalon.core.main.TestCaseExecutor.accessMainPhase(TestCaseExecutor.java:290)
	at com.kms.katalon.core.main.TestCaseExecutor.execute(TestCaseExecutor.java:224)
	at com.kms.katalon.core.main.TestSuiteExecutor.accessTestCaseMainPhase(TestSuiteExecutor.java:129)
	at com.kms.katalon.core.main.TestSuiteExecutor.accessTestSuiteMainPhase(TestSuiteExecutor.java:112)
	at com.kms.katalon.core.main.TestSuiteExecutor.execute(TestSuiteExecutor.java:81)
	at com.kms.katalon.core.main.TestCaseMain.startTestSuite(TestCaseMain.java:149)
	at com.kms.katalon.core.main.TestCaseMain$startTestSuite$0.call(Unknown Source)
	at TempTestSuite1561749522497.run(TempTestSuite1561749522497.groovy:36)


2019-06-28 15:52:32 - [MESSAGE][INFO] - Unable to find the element located by 'By.xpath: //a[contains(text(),'Customers with difficulties using screen readers')]'. Please recheck the objects properties to make sure the desired element is located. 

2019-06-28 15:52:32 - [MESSAGE][FAILED] - Unable to click on object 'Object Repository/OCS-MOBILE /Home - page/Screen readers link' (Root cause: com.kms.katalon.core.webui.exception.WebElementNotFoundException: Web element with id: 'Object Repository/OCS-MOBILE /Home - page/Screen readers link' located by 'By.xpath: //a[contains(text(),'Customers with difficulties using screen readers')]' not found)
[[ATTACHMENT|/Users/sumankompelly/Relative xpath-Mobile/Reports/Live site/20190628_151842/1561751552186.png]]

2019-06-28 15:52:32 - [MESSAGE][FAILED] - click(findTestObject("OCS-MOBILE /Home - page/Screen readers link")) FAILED.
Reason:
com.kms.katalon.core.exception.StepFailedException: Unable to click on object 'Object Repository/OCS-MOBILE /Home - page/Screen readers link' (Root cause: com.kms.katalon.core.webui.exception.WebElementNotFoundException: Web element with id: 'Object Repository/OCS-MOBILE /Home - page/Screen readers link' located by 'By.xpath: //a[contains(text(),'Customers with difficulties using screen readers')]' not found)
	at com.kms.katalon.core.keyword.internal.KeywordMain.stepFailed(KeywordMain.groovy:36)
	at com.kms.katalon.core.webui.keyword.internal.WebUIKeywordMain.stepFailed(WebUIKeywordMain.groovy:65)
	at com.kms.katalon.core.webui.keyword.internal.WebUIKeywordMain.runKeyword(WebUIKeywordMain.groovy:27)
	at com.kms.katalon.core.webui.keyword.builtin.ClickKeyword.click(ClickKeyword.groovy:86)
	at com.kms.katalon.core.webui.keyword.builtin.ClickKeyword.execute(ClickKeyword.groovy:67)
	at com.kms.katalon.core.keyword.internal.KeywordExecutor.executeKeywordForPlatform(KeywordExecutor.groovy:53)
	at com.kms.katalon.core.webui.keyword.WebUiBuiltInKeywords.click(WebUiBuiltInKeywords.groovy:616)
	at com.kms.katalon.core.webui.keyword.WebUiBuiltInKeywords$click$3.call(Unknown Source)
	at Screen reader link.run(Screen reader link:20)
	at com.kms.katalon.core.main.ScriptEngine.run(ScriptEngine.java:194)
	at com.kms.katalon.core.main.ScriptEngine.runScriptAsRawText(ScriptEngine.java:119)
	at com.kms.katalon.core.main.TestCaseExecutor.runScript(TestCaseExecutor.java:328)
	at com.kms.katalon.core.main.TestCaseExecutor.doExecute(TestCaseExecutor.java:319)
	at com.kms.katalon.core.main.TestCaseExecutor.processExecutionPhase(TestCaseExecutor.java:298)
	at com.kms.katalon.core.main.TestCaseExecutor.accessMainPhase(TestCaseExecutor.java:290)
	at com.kms.katalon.core.main.TestCaseExecutor.execute(TestCaseExecutor.java:224)
	at com.kms.katalon.core.main.TestSuiteExecutor.accessTestCaseMainPhase(TestSuiteExecutor.java:129)
	at com.kms.katalon.core.main.TestSuiteExecutor.accessTestSuiteMainPhase(TestSuiteExecutor.java:112)
	at com.kms.katalon.core.main.TestSuiteExecutor.execute(TestSuiteExecutor.java:81)
	at com.kms.katalon.core.main.TestCaseMain.startTestSuite(TestCaseMain.java:149)
	at com.kms.katalon.core.main.TestCaseMain$startTestSuite$0.call(Unknown Source)
	at TempTestSuite1561749522497.run(TempTestSuite1561749522497.groovy:36)]]></system-out>
         <system-err><![CDATA[2019-06-28 15:51:45 - [TEST_CASE][FAILED] - Test Cases/OCS - MOBILE/OCS- HOME PAGE/Screen reader link: Test Cases/OCS - MOBILE/OCS- HOME PAGE/Screen reader link FAILED.
Reason:
com.kms.katalon.core.exception.StepFailedException: Unable to click on object 'Object Repository/OCS-MOBILE /Home - page/Screen readers link' (Root cause: com.kms.katalon.core.webui.exception.WebElementNotFoundException: Web element with id: 'Object Repository/OCS-MOBILE /Home - page/Screen readers link' located by 'By.xpath: //a[contains(text(),'Customers with difficulties using screen readers')]' not found)
	at com.kms.katalon.core.keyword.internal.KeywordMain.stepFailed(KeywordMain.groovy:36)
	at com.kms.katalon.core.webui.keyword.internal.WebUIKeywordMain.stepFailed(WebUIKeywordMain.groovy:65)
	at com.kms.katalon.core.webui.keyword.internal.WebUIKeywordMain.runKeyword(WebUIKeywordMain.groovy:27)
	at com.kms.katalon.core.webui.keyword.builtin.ClickKeyword.click(ClickKeyword.groovy:86)
	at com.kms.katalon.core.webui.keyword.builtin.ClickKeyword.execute(ClickKeyword.groovy:67)
	at com.kms.katalon.core.keyword.internal.KeywordExecutor.executeKeywordForPlatform(KeywordExecutor.groovy:53)
	at com.kms.katalon.core.webui.keyword.WebUiBuiltInKeywords.click(WebUiBuiltInKeywords.groovy:616)
	at com.kms.katalon.core.webui.keyword.WebUiBuiltInKeywords$click$3.call(Unknown Source)
	at Screen reader link.run(Screen reader link:20)
	at com.kms.katalon.core.main.ScriptEngine.run(ScriptEngine.java:194)
	at com.kms.katalon.core.main.ScriptEngine.runScriptAsRawText(ScriptEngine.java:119)
	at com.kms.katalon.core.main.TestCaseExecutor.runScript(TestCaseExecutor.java:328)
	at com.kms.katalon.core.main.TestCaseExecutor.doExecute(TestCaseExecutor.java:319)
	at com.kms.katalon.core.main.TestCaseExecutor.processExecutionPhase(TestCaseExecutor.java:298)
	at com.kms.katalon.core.main.TestCaseExecutor.accessMainPhase(TestCaseExecutor.java:290)
	at com.kms.katalon.core.main.TestCaseExecutor.execute(TestCaseExecutor.java:224)
	at com.kms.katalon.core.main.TestSuiteExecutor.accessTestCaseMainPhase(TestSuiteExecutor.java:129)
	at com.kms.katalon.core.main.TestSuiteExecutor.accessTestSuiteMainPhase(TestSuiteExecutor.java:112)
	at com.kms.katalon.core.main.TestSuiteExecutor.execute(TestSuiteExecutor.java:81)
	at com.kms.katalon.core.main.TestCaseMain.startTestSuite(TestCaseMain.java:149)
	at com.kms.katalon.core.main.TestCaseMain$startTestSuite$0.call(Unknown Source)
	at TempTestSuite1561749522497.run(TempTestSuite1561749522497.groovy:36)]]></system-err>
      </testcase>
      <testcase name="Test Cases/OCS - MOBILE/OCS- HOME PAGE/HP-Burger menu -cannabis" classname="Test Cases/OCS - MOBILE/OCS- HOME PAGE/HP-Burger menu -cannabis" status="PASSED">
         <system-out><![CDATA[2019-06-28 15:52:32 - [TEST_CASE][PASSED] - Test Cases/OCS - MOBILE/OCS- HOME PAGE/HP-Burger menu -cannabis: Test Cases/OCS - MOBILE/OCS- HOME PAGE/HP-Burger menu -cannabis

2019-06-28 15:52:32 - [TEST_STEP][PASSED] - callTestCase(findTestCase("OCS - MOBILE/CALL - AGE GATE"), [:], STOP_ON_FAILURE): Call Test Case 'Test Cases/OCS - MOBILE/CALL - AGE GATE' successfully

2019-06-28 15:52:32 - [TEST_CASE][PASSED] - Test Cases/OCS - MOBILE/CALL - AGE GATE: Test Cases/OCS - MOBILE/CALL - AGE GATE

2019-06-28 15:52:32 - [TEST_STEP][PASSED] - openBrowser(""): Browser is opened with url: ''

2019-06-28 15:52:32 - [MESSAGE][WARNING] - A browser is already opened. Closing browser and opening a new one

2019-06-28 15:52:32 - [MESSAGE][INFO] - Starting 'Chrome' driver

2019-06-28 15:52:34 - [MESSAGE][PASSED] - Browser is opened with url: ''

2019-06-28 15:52:34 - [TEST_STEP][PASSED] - navigateToUrl("ocs.ca"): Navigate to 'http://ocs.ca' successfully

2019-06-28 15:52:38 - [MESSAGE][PASSED] - Navigate to 'http://ocs.ca' successfully

2019-06-28 15:52:38 - [TEST_STEP][NOT_RUN] - executeJavaScript("var previewBar = document.getElementById("preview-bar-iframe"); previewBar.style.display = "none";", []): NOT_RUN: executeJavaScript("var previewBar = document.getElementById("preview-bar-iframe"); previewBar.style.display = "none";", [])

2019-06-28 15:52:38 - [MESSAGE][NOT_RUN] - NOT_RUN: executeJavaScript("var previewBar = document.getElementById("preview-bar-iframe"); previewBar.style.display = "none";", [])

2019-06-28 15:52:38 - [TEST_STEP][PASSED] - setViewPortSize(360, 800): Viewport is set to new size with width = 360 and height = 800

2019-06-28 15:52:38 - [MESSAGE][PASSED] - Viewport is set to new size with width = 360 and height = 800

2019-06-28 15:52:38 - [TEST_STEP][PASSED] - delay(4): Delayed 4 second(s)

2019-06-28 15:52:42 - [MESSAGE][PASSED] - Delayed 4 second(s)

2019-06-28 15:52:42 - [TEST_STEP][PASSED] - selectOptionByValue(findTestObject("OCS-MOBILE /Age gate and burger menu/Date"), "12", true): All options with value '12' are selected in object 'Object Repository/OCS-MOBILE /Age gate and burger menu/Date'  using regular expression

2019-06-28 15:52:43 - [MESSAGE][PASSED] - All options with value '12' are selected in object 'Object Repository/OCS-MOBILE /Age gate and burger menu/Date'  using regular expression

2019-06-28 15:52:43 - [TEST_STEP][PASSED] - selectOptionByValue(findTestObject("OCS-MOBILE /Age gate and burger menu/month"), "6", true): All options with value '6' are selected in object 'Object Repository/OCS-MOBILE /Age gate and burger menu/month'  using regular expression

2019-06-28 15:52:43 - [MESSAGE][PASSED] - All options with value '6' are selected in object 'Object Repository/OCS-MOBILE /Age gate and burger menu/month'  using regular expression

2019-06-28 15:52:43 - [TEST_STEP][PASSED] - delay(2): Delayed 2 second(s)

2019-06-28 15:52:45 - [MESSAGE][PASSED] - Delayed 2 second(s)

2019-06-28 15:52:45 - [TEST_STEP][PASSED] - selectOptionByValue(findTestObject("OCS-MOBILE /Age gate and burger menu/Year Dropdown"), "1990", true): All options with value '1990' are selected in object 'Object Repository/OCS-MOBILE /Age gate and burger menu/Year Dropdown'  using regular expression

2019-06-28 15:52:46 - [MESSAGE][PASSED] - All options with value '1990' are selected in object 'Object Repository/OCS-MOBILE /Age gate and burger menu/Year Dropdown'  using regular expression

2019-06-28 15:52:46 - [TEST_STEP][PASSED] - click(findTestObject("OCS-MOBILE /Age gate and Mega menu/button_Verify")): Object: 'Object Repository/OCS-MOBILE /Age gate and Mega menu/button_Verify' is clicked on

2019-06-28 15:52:46 - [MESSAGE][PASSED] - Object: 'Object Repository/OCS-MOBILE /Age gate and Mega menu/button_Verify' is clicked on

2019-06-28 15:52:46 - [TEST_STEP][PASSED] - click(findTestObject("OCS-MOBILE /Age gate and Mega menu/Checkbox_CONFIRM AND ACKNOWLEDGE")): Object: 'Object Repository/OCS-MOBILE /Age gate and Mega menu/Checkbox_CONFIRM AND ACKNOWLEDGE' is clicked on

2019-06-28 15:52:46 - [MESSAGE][PASSED] - Object: 'Object Repository/OCS-MOBILE /Age gate and Mega menu/Checkbox_CONFIRM AND ACKNOWLEDGE' is clicked on

2019-06-28 15:52:46 - [TEST_STEP][PASSED] - click(findTestObject("OCS-MOBILE /Age gate and Mega menu/button_CONFIRM")): Object: 'Object Repository/OCS-MOBILE /Age gate and Mega menu/button_CONFIRM' is clicked on

2019-06-28 15:52:46 - [MESSAGE][PASSED] - Object: 'Object Repository/OCS-MOBILE /Age gate and Mega menu/button_CONFIRM' is clicked on

2019-06-28 15:52:46 - [TEST_STEP][PASSED] - click(findTestObject("OCS-MOBILE /Age gate and Mega menu/button_Start Browsing")): Object: 'Object Repository/OCS-MOBILE /Age gate and Mega menu/button_Start Browsing' is clicked on

2019-06-28 15:52:46 - [MESSAGE][PASSED] - Object: 'Object Repository/OCS-MOBILE /Age gate and Mega menu/button_Start Browsing' is clicked on

2019-06-28 15:52:46 - [TEST_STEP][PASSED] - refresh(): Refresh successfully

2019-06-28 15:52:46 - [MESSAGE][PASSED] - Refresh successfully

2019-06-28 15:52:46 - [TEST_STEP][NOT_RUN] - executeJavaScript("var previewBar = document.getElementById("preview-bar-iframe"); previewBar.style.display = "none";", []): NOT_RUN: executeJavaScript("var previewBar = document.getElementById("preview-bar-iframe"); previewBar.style.display = "none";", [])

2019-06-28 15:52:46 - [MESSAGE][NOT_RUN] - NOT_RUN: executeJavaScript("var previewBar = document.getElementById("preview-bar-iframe"); previewBar.style.display = "none";", [])

2019-06-28 15:52:46 - [MESSAGE][PASSED] - Call Test Case 'Test Cases/OCS - MOBILE/CALL - AGE GATE' successfully

2019-06-28 15:52:46 - [TEST_STEP][PASSED] - delay(2): Delayed 2 second(s)

2019-06-28 15:52:48 - [MESSAGE][PASSED] - Delayed 2 second(s)

2019-06-28 15:52:48 - [TEST_STEP][PASSED] - click(findTestObject("OCS-MOBILE /Age gate and burger menu/Burger menu - English"), CONTINUE_ON_FAILURE): Object: 'Object Repository/OCS-MOBILE /Age gate and burger menu/Burger menu - English' is clicked on

2019-06-28 15:52:49 - [MESSAGE][PASSED] - Object: 'Object Repository/OCS-MOBILE /Age gate and burger menu/Burger menu - English' is clicked on

2019-06-28 15:52:49 - [TEST_STEP][PASSED] - delay(2, CONTINUE_ON_FAILURE): Delayed 2 second(s)

2019-06-28 15:52:51 - [MESSAGE][PASSED] - Delayed 2 second(s)

2019-06-28 15:52:51 - [TEST_STEP][PASSED] - click(findTestObject("OCS-MOBILE /Age gate and burger menu/Chevron_Cannabis")): Object: 'Object Repository/OCS-MOBILE /Age gate and burger menu/Chevron_Cannabis' is clicked on

2019-06-28 15:52:51 - [MESSAGE][PASSED] - Object: 'Object Repository/OCS-MOBILE /Age gate and burger menu/Chevron_Cannabis' is clicked on

2019-06-28 15:52:51 - [TEST_STEP][PASSED] - delay(1, CONTINUE_ON_FAILURE): Delayed 1 second(s)

2019-06-28 15:52:52 - [MESSAGE][PASSED] - Delayed 1 second(s)

2019-06-28 15:52:52 - [TEST_STEP][PASSED] - click(findTestObject("OCS-MOBILE /Cannabis page/Dried flower")): Object: 'Object Repository/OCS-MOBILE /Cannabis page/Dried flower' is clicked on

2019-06-28 15:52:52 - [MESSAGE][PASSED] - Object: 'Object Repository/OCS-MOBILE /Cannabis page/Dried flower' is clicked on

2019-06-28 15:52:52 - [TEST_STEP][PASSED] - delay(1, CONTINUE_ON_FAILURE): Delayed 1 second(s)

2019-06-28 15:52:53 - [MESSAGE][PASSED] - Delayed 1 second(s)

2019-06-28 15:52:53 - [TEST_STEP][PASSED] - click(findTestObject("OCS-MOBILE /Cannabis page/Dried flower")): Object: 'Object Repository/OCS-MOBILE /Cannabis page/Dried flower' is clicked on

2019-06-28 15:52:53 - [MESSAGE][PASSED] - Object: 'Object Repository/OCS-MOBILE /Cannabis page/Dried flower' is clicked on

2019-06-28 15:52:53 - [TEST_STEP][PASSED] - delay(1, CONTINUE_ON_FAILURE): Delayed 1 second(s)

2019-06-28 15:52:54 - [MESSAGE][PASSED] - Delayed 1 second(s)

2019-06-28 15:52:54 - [TEST_STEP][PASSED] - click(findTestObject("OCS-MOBILE /Cannabis page/Dried flower")): Object: 'Object Repository/OCS-MOBILE /Cannabis page/Dried flower' is clicked on

2019-06-28 15:52:54 - [MESSAGE][PASSED] - Object: 'Object Repository/OCS-MOBILE /Cannabis page/Dried flower' is clicked on

2019-06-28 15:52:54 - [TEST_STEP][PASSED] - delay(1, CONTINUE_ON_FAILURE): Delayed 1 second(s)

2019-06-28 15:52:55 - [MESSAGE][PASSED] - Delayed 1 second(s)

2019-06-28 15:52:55 - [TEST_STEP][PASSED] - click(findTestObject("OCS-MOBILE /Cannabis page/Dried flower - Indica dominant")): Object: 'Object Repository/OCS-MOBILE /Cannabis page/Dried flower - Indica dominant' is clicked on

2019-06-28 15:52:56 - [MESSAGE][PASSED] - Object: 'Object Repository/OCS-MOBILE /Cannabis page/Dried flower - Indica dominant' is clicked on

2019-06-28 15:52:56 - [TEST_STEP][PASSED] - delay(1, CONTINUE_ON_FAILURE): Delayed 1 second(s)

2019-06-28 15:52:57 - [MESSAGE][PASSED] - Delayed 1 second(s)

2019-06-28 15:52:57 - [TEST_STEP][PASSED] - click(findTestObject("OCS-MOBILE /Age gate and burger menu/Burger menu - English"), CONTINUE_ON_FAILURE): Object: 'Object Repository/OCS-MOBILE /Age gate and burger menu/Burger menu - English' is clicked on

2019-06-28 15:52:57 - [MESSAGE][PASSED] - Object: 'Object Repository/OCS-MOBILE /Age gate and burger menu/Burger menu - English' is clicked on

2019-06-28 15:52:57 - [TEST_STEP][PASSED] - delay(2, CONTINUE_ON_FAILURE): Delayed 2 second(s)

2019-06-28 15:52:59 - [MESSAGE][PASSED] - Delayed 2 second(s)

2019-06-28 15:52:59 - [TEST_STEP][PASSED] - click(findTestObject("OCS-MOBILE /Age gate and burger menu/Chevron_Cannabis")): Object: 'Object Repository/OCS-MOBILE /Age gate and burger menu/Chevron_Cannabis' is clicked on

2019-06-28 15:52:59 - [MESSAGE][PASSED] - Object: 'Object Repository/OCS-MOBILE /Age gate and burger menu/Chevron_Cannabis' is clicked on

2019-06-28 15:52:59 - [TEST_STEP][PASSED] - delay(1, CONTINUE_ON_FAILURE): Delayed 1 second(s)

2019-06-28 15:53:00 - [MESSAGE][PASSED] - Delayed 1 second(s)

2019-06-28 15:53:00 - [TEST_STEP][PASSED] - click(findTestObject("OCS-MOBILE /Cannabis page/Dried flower")): Object: 'Object Repository/OCS-MOBILE /Cannabis page/Dried flower' is clicked on

2019-06-28 15:53:00 - [MESSAGE][PASSED] - Object: 'Object Repository/OCS-MOBILE /Cannabis page/Dried flower' is clicked on

2019-06-28 15:53:00 - [TEST_STEP][PASSED] - delay(1, CONTINUE_ON_FAILURE): Delayed 1 second(s)

2019-06-28 15:53:01 - [MESSAGE][PASSED] - Delayed 1 second(s)

2019-06-28 15:53:01 - [TEST_STEP][PASSED] - click(findTestObject("OCS-MOBILE /Cannabis page/Dried flower - sativa dominant")): Object: 'Object Repository/OCS-MOBILE /Cannabis page/Dried flower - sativa dominant' is clicked on

2019-06-28 15:53:04 - [MESSAGE][PASSED] - Object: 'Object Repository/OCS-MOBILE /Cannabis page/Dried flower - sativa dominant' is clicked on

2019-06-28 15:53:04 - [TEST_STEP][PASSED] - delay(1, CONTINUE_ON_FAILURE): Delayed 1 second(s)

2019-06-28 15:53:05 - [MESSAGE][PASSED] - Delayed 1 second(s)

2019-06-28 15:53:05 - [TEST_STEP][PASSED] - delay(1, CONTINUE_ON_FAILURE): Delayed 1 second(s)

2019-06-28 15:53:06 - [MESSAGE][PASSED] - Delayed 1 second(s)

2019-06-28 15:53:06 - [TEST_STEP][PASSED] - click(findTestObject("OCS-MOBILE /Age gate and burger menu/Burger menu - English"), CONTINUE_ON_FAILURE): Object: 'Object Repository/OCS-MOBILE /Age gate and burger menu/Burger menu - English' is clicked on

2019-06-28 15:53:06 - [MESSAGE][PASSED] - Object: 'Object Repository/OCS-MOBILE /Age gate and burger menu/Burger menu - English' is clicked on

2019-06-28 15:53:06 - [TEST_STEP][PASSED] - delay(2, CONTINUE_ON_FAILURE): Delayed 2 second(s)

2019-06-28 15:53:08 - [MESSAGE][PASSED] - Delayed 2 second(s)

2019-06-28 15:53:08 - [TEST_STEP][PASSED] - click(findTestObject("OCS-MOBILE /Age gate and burger menu/Chevron_Cannabis")): Object: 'Object Repository/OCS-MOBILE /Age gate and burger menu/Chevron_Cannabis' is clicked on

2019-06-28 15:53:08 - [MESSAGE][PASSED] - Object: 'Object Repository/OCS-MOBILE /Age gate and burger menu/Chevron_Cannabis' is clicked on

2019-06-28 15:53:08 - [TEST_STEP][PASSED] - delay(1, CONTINUE_ON_FAILURE): Delayed 1 second(s)

2019-06-28 15:53:09 - [MESSAGE][PASSED] - Delayed 1 second(s)

2019-06-28 15:53:09 - [TEST_STEP][PASSED] - click(findTestObject("OCS-MOBILE /Cannabis page/Dried flower")): Object: 'Object Repository/OCS-MOBILE /Cannabis page/Dried flower' is clicked on

2019-06-28 15:53:10 - [MESSAGE][PASSED] - Object: 'Object Repository/OCS-MOBILE /Cannabis page/Dried flower' is clicked on

2019-06-28 15:53:10 - [TEST_STEP][PASSED] - delay(1, CONTINUE_ON_FAILURE): Delayed 1 second(s)

2019-06-28 15:53:11 - [MESSAGE][PASSED] - Delayed 1 second(s)

2019-06-28 15:53:11 - [TEST_STEP][PASSED] - click(findTestObject("OCS-MOBILE /Cannabis page/Dried flower - Hybrid")): Object: 'Object Repository/OCS-MOBILE /Cannabis page/Dried flower - Hybrid' is clicked on

2019-06-28 15:53:13 - [MESSAGE][PASSED] - Object: 'Object Repository/OCS-MOBILE /Cannabis page/Dried flower - Hybrid' is clicked on

2019-06-28 15:53:13 - [TEST_STEP][PASSED] - delay(1, CONTINUE_ON_FAILURE): Delayed 1 second(s)

2019-06-28 15:53:14 - [MESSAGE][PASSED] - Delayed 1 second(s)

2019-06-28 15:53:14 - [TEST_STEP][PASSED] - click(findTestObject("OCS-MOBILE /Age gate and burger menu/Burger menu - English"), CONTINUE_ON_FAILURE): Object: 'Object Repository/OCS-MOBILE /Age gate and burger menu/Burger menu - English' is clicked on

2019-06-28 15:53:14 - [MESSAGE][PASSED] - Object: 'Object Repository/OCS-MOBILE /Age gate and burger menu/Burger menu - English' is clicked on

2019-06-28 15:53:14 - [TEST_STEP][PASSED] - delay(2, CONTINUE_ON_FAILURE): Delayed 2 second(s)

2019-06-28 15:53:16 - [MESSAGE][PASSED] - Delayed 2 second(s)

2019-06-28 15:53:16 - [TEST_STEP][PASSED] - click(findTestObject("OCS-MOBILE /Age gate and burger menu/Chevron_Cannabis")): Object: 'Object Repository/OCS-MOBILE /Age gate and burger menu/Chevron_Cannabis' is clicked on

2019-06-28 15:53:16 - [MESSAGE][PASSED] - Object: 'Object Repository/OCS-MOBILE /Age gate and burger menu/Chevron_Cannabis' is clicked on

2019-06-28 15:53:16 - [TEST_STEP][PASSED] - delay(1, CONTINUE_ON_FAILURE): Delayed 1 second(s)

2019-06-28 15:53:17 - [MESSAGE][PASSED] - Delayed 1 second(s)

2019-06-28 15:53:17 - [TEST_STEP][PASSED] - click(findTestObject("OCS-MOBILE /Cannabis page/Dried flower")): Object: 'Object Repository/OCS-MOBILE /Cannabis page/Dried flower' is clicked on

2019-06-28 15:53:17 - [MESSAGE][PASSED] - Object: 'Object Repository/OCS-MOBILE /Cannabis page/Dried flower' is clicked on

2019-06-28 15:53:17 - [TEST_STEP][PASSED] - delay(1, CONTINUE_ON_FAILURE): Delayed 1 second(s)

2019-06-28 15:53:18 - [MESSAGE][PASSED] - Delayed 1 second(s)

2019-06-28 15:53:18 - [TEST_STEP][PASSED] - click(findTestObject("OCS-MOBILE /Cannabis page/Shop all dried flower")): Object: 'Object Repository/OCS-MOBILE /Cannabis page/Shop all dried flower' is clicked on

2019-06-28 15:53:20 - [MESSAGE][PASSED] - Object: 'Object Repository/OCS-MOBILE /Cannabis page/Shop all dried flower' is clicked on

2019-06-28 15:53:20 - [TEST_STEP][PASSED] - delay(1, CONTINUE_ON_FAILURE): Delayed 1 second(s)

2019-06-28 15:53:21 - [MESSAGE][PASSED] - Delayed 1 second(s)

2019-06-28 15:53:21 - [TEST_STEP][PASSED] - click(findTestObject("OCS-MOBILE /Age gate and burger menu/Burger menu - English"), CONTINUE_ON_FAILURE): Object: 'Object Repository/OCS-MOBILE /Age gate and burger menu/Burger menu - English' is clicked on

2019-06-28 15:53:21 - [MESSAGE][PASSED] - Object: 'Object Repository/OCS-MOBILE /Age gate and burger menu/Burger menu - English' is clicked on

2019-06-28 15:53:21 - [TEST_STEP][PASSED] - delay(2, CONTINUE_ON_FAILURE): Delayed 2 second(s)

2019-06-28 15:53:23 - [MESSAGE][PASSED] - Delayed 2 second(s)

2019-06-28 15:53:23 - [TEST_STEP][PASSED] - click(findTestObject("OCS-MOBILE /Age gate and burger menu/Chevron_Cannabis")): Object: 'Object Repository/OCS-MOBILE /Age gate and burger menu/Chevron_Cannabis' is clicked on

2019-06-28 15:53:23 - [MESSAGE][PASSED] - Object: 'Object Repository/OCS-MOBILE /Age gate and burger menu/Chevron_Cannabis' is clicked on

2019-06-28 15:53:23 - [TEST_STEP][PASSED] - delay(1, CONTINUE_ON_FAILURE): Delayed 1 second(s)

2019-06-28 15:53:24 - [MESSAGE][PASSED] - Delayed 1 second(s)

2019-06-28 15:53:24 - [TEST_STEP][PASSED] - click(findTestObject("OCS-MOBILE /Cannabis page/Prerolled - Plus accordian")): Object: 'Object Repository/OCS-MOBILE /Cannabis page/Prerolled - Plus accordian' is clicked on

2019-06-28 15:53:24 - [MESSAGE][PASSED] - Object: 'Object Repository/OCS-MOBILE /Cannabis page/Prerolled - Plus accordian' is clicked on

2019-06-28 15:53:24 - [TEST_STEP][PASSED] - delay(1, CONTINUE_ON_FAILURE): Delayed 1 second(s)

2019-06-28 15:53:25 - [MESSAGE][PASSED] - Delayed 1 second(s)

2019-06-28 15:53:25 - [TEST_STEP][PASSED] - click(findTestObject("OCS-MOBILE /Cannabis page/Prerolled - Plus accordian")): Object: 'Object Repository/OCS-MOBILE /Cannabis page/Prerolled - Plus accordian' is clicked on

2019-06-28 15:53:25 - [MESSAGE][PASSED] - Object: 'Object Repository/OCS-MOBILE /Cannabis page/Prerolled - Plus accordian' is clicked on

2019-06-28 15:53:25 - [TEST_STEP][PASSED] - delay(1, CONTINUE_ON_FAILURE): Delayed 1 second(s)

2019-06-28 15:53:26 - [MESSAGE][PASSED] - Delayed 1 second(s)

2019-06-28 15:53:26 - [TEST_STEP][PASSED] - click(findTestObject("OCS-MOBILE /Cannabis page/Prerolled - Plus accordian")): Object: 'Object Repository/OCS-MOBILE /Cannabis page/Prerolled - Plus accordian' is clicked on

2019-06-28 15:53:26 - [MESSAGE][PASSED] - Object: 'Object Repository/OCS-MOBILE /Cannabis page/Prerolled - Plus accordian' is clicked on

2019-06-28 15:53:26 - [TEST_STEP][PASSED] - delay(1, CONTINUE_ON_FAILURE): Delayed 1 second(s)

2019-06-28 15:53:27 - [MESSAGE][PASSED] - Delayed 1 second(s)

2019-06-28 15:53:27 - [TEST_STEP][PASSED] - click(findTestObject("OCS-MOBILE /Cannabis page/Prerolled - Indica dominant")): Object: 'Object Repository/OCS-MOBILE /Cannabis page/Prerolled - Indica dominant' is clicked on

2019-06-28 15:53:30 - [MESSAGE][PASSED] - Object: 'Object Repository/OCS-MOBILE /Cannabis page/Prerolled - Indica dominant' is clicked on

2019-06-28 15:53:30 - [TEST_STEP][PASSED] - delay(1, CONTINUE_ON_FAILURE): Delayed 1 second(s)

2019-06-28 15:53:31 - [MESSAGE][PASSED] - Delayed 1 second(s)

2019-06-28 15:53:31 - [TEST_STEP][PASSED] - click(findTestObject("OCS-MOBILE /Age gate and burger menu/Burger menu - English"), CONTINUE_ON_FAILURE): Object: 'Object Repository/OCS-MOBILE /Age gate and burger menu/Burger menu - English' is clicked on

2019-06-28 15:53:31 - [MESSAGE][PASSED] - Object: 'Object Repository/OCS-MOBILE /Age gate and burger menu/Burger menu - English' is clicked on

2019-06-28 15:53:31 - [TEST_STEP][PASSED] - delay(2, CONTINUE_ON_FAILURE): Delayed 2 second(s)

2019-06-28 15:53:33 - [MESSAGE][PASSED] - Delayed 2 second(s)

2019-06-28 15:53:33 - [TEST_STEP][PASSED] - click(findTestObject("OCS-MOBILE /Age gate and burger menu/Chevron_Cannabis")): Object: 'Object Repository/OCS-MOBILE /Age gate and burger menu/Chevron_Cannabis' is clicked on

2019-06-28 15:53:33 - [MESSAGE][PASSED] - Object: 'Object Repository/OCS-MOBILE /Age gate and burger menu/Chevron_Cannabis' is clicked on

2019-06-28 15:53:33 - [TEST_STEP][PASSED] - delay(1, CONTINUE_ON_FAILURE): Delayed 1 second(s)

2019-06-28 15:53:34 - [MESSAGE][PASSED] - Delayed 1 second(s)

2019-06-28 15:53:34 - [TEST_STEP][PASSED] - click(findTestObject("OCS-MOBILE /Cannabis page/Prerolled - Plus accordian")): Object: 'Object Repository/OCS-MOBILE /Cannabis page/Prerolled - Plus accordian' is clicked on

2019-06-28 15:53:34 - [MESSAGE][PASSED] - Object: 'Object Repository/OCS-MOBILE /Cannabis page/Prerolled - Plus accordian' is clicked on

2019-06-28 15:53:34 - [TEST_STEP][PASSED] - delay(1, CONTINUE_ON_FAILURE): Delayed 1 second(s)

2019-06-28 15:53:35 - [MESSAGE][PASSED] - Delayed 1 second(s)

2019-06-28 15:53:35 - [TEST_STEP][PASSED] - click(findTestObject("OCS-MOBILE /Cannabis page/Prerolled - sativa dominant")): Object: 'Object Repository/OCS-MOBILE /Cannabis page/Prerolled - sativa dominant' is clicked on

2019-06-28 15:53:37 - [MESSAGE][PASSED] - Object: 'Object Repository/OCS-MOBILE /Cannabis page/Prerolled - sativa dominant' is clicked on

2019-06-28 15:53:37 - [TEST_STEP][PASSED] - delay(1, CONTINUE_ON_FAILURE): Delayed 1 second(s)

2019-06-28 15:53:38 - [MESSAGE][PASSED] - Delayed 1 second(s)

2019-06-28 15:53:38 - [TEST_STEP][PASSED] - click(findTestObject("OCS-MOBILE /Age gate and burger menu/Burger menu - English"), CONTINUE_ON_FAILURE): Object: 'Object Repository/OCS-MOBILE /Age gate and burger menu/Burger menu - English' is clicked on

2019-06-28 15:53:38 - [MESSAGE][PASSED] - Object: 'Object Repository/OCS-MOBILE /Age gate and burger menu/Burger menu - English' is clicked on

2019-06-28 15:53:38 - [TEST_STEP][PASSED] - delay(2, CONTINUE_ON_FAILURE): Delayed 2 second(s)

2019-06-28 15:53:40 - [MESSAGE][PASSED] - Delayed 2 second(s)

2019-06-28 15:53:40 - [TEST_STEP][PASSED] - click(findTestObject("OCS-MOBILE /Age gate and burger menu/Chevron_Cannabis")): Object: 'Object Repository/OCS-MOBILE /Age gate and burger menu/Chevron_Cannabis' is clicked on

2019-06-28 15:53:40 - [MESSAGE][PASSED] - Object: 'Object Repository/OCS-MOBILE /Age gate and burger menu/Chevron_Cannabis' is clicked on

2019-06-28 15:53:40 - [TEST_STEP][PASSED] - delay(1, CONTINUE_ON_FAILURE): Delayed 1 second(s)

2019-06-28 15:53:41 - [MESSAGE][PASSED] - Delayed 1 second(s)

2019-06-28 15:53:41 - [TEST_STEP][PASSED] - click(findTestObject("OCS-MOBILE /Cannabis page/Prerolled - Plus accordian")): Object: 'Object Repository/OCS-MOBILE /Cannabis page/Prerolled - Plus accordian' is clicked on

2019-06-28 15:53:41 - [MESSAGE][PASSED] - Object: 'Object Repository/OCS-MOBILE /Cannabis page/Prerolled - Plus accordian' is clicked on

2019-06-28 15:53:41 - [TEST_STEP][PASSED] - delay(1, CONTINUE_ON_FAILURE): Delayed 1 second(s)

2019-06-28 15:53:42 - [MESSAGE][PASSED] - Delayed 1 second(s)

2019-06-28 15:53:42 - [TEST_STEP][PASSED] - click(findTestObject("OCS-MOBILE /Cannabis page/Prerolled - Hybrid")): Object: 'Object Repository/OCS-MOBILE /Cannabis page/Prerolled - Hybrid' is clicked on

2019-06-28 15:53:44 - [MESSAGE][PASSED] - Object: 'Object Repository/OCS-MOBILE /Cannabis page/Prerolled - Hybrid' is clicked on

2019-06-28 15:53:44 - [TEST_STEP][PASSED] - delay(1, CONTINUE_ON_FAILURE): Delayed 1 second(s)

2019-06-28 15:53:45 - [MESSAGE][PASSED] - Delayed 1 second(s)

2019-06-28 15:53:45 - [TEST_STEP][PASSED] - click(findTestObject("OCS-MOBILE /Age gate and burger menu/Burger menu - English"), CONTINUE_ON_FAILURE): Object: 'Object Repository/OCS-MOBILE /Age gate and burger menu/Burger menu - English' is clicked on

2019-06-28 15:53:45 - [MESSAGE][PASSED] - Object: 'Object Repository/OCS-MOBILE /Age gate and burger menu/Burger menu - English' is clicked on

2019-06-28 15:53:45 - [TEST_STEP][PASSED] - delay(2, CONTINUE_ON_FAILURE): Delayed 2 second(s)

2019-06-28 15:53:47 - [MESSAGE][PASSED] - Delayed 2 second(s)

2019-06-28 15:53:47 - [TEST_STEP][PASSED] - click(findTestObject("OCS-MOBILE /Age gate and burger menu/Chevron_Cannabis")): Object: 'Object Repository/OCS-MOBILE /Age gate and burger menu/Chevron_Cannabis' is clicked on

2019-06-28 15:53:47 - [MESSAGE][PASSED] - Object: 'Object Repository/OCS-MOBILE /Age gate and burger menu/Chevron_Cannabis' is clicked on

2019-06-28 15:53:47 - [TEST_STEP][PASSED] - delay(1, CONTINUE_ON_FAILURE): Delayed 1 second(s)

2019-06-28 15:53:48 - [MESSAGE][PASSED] - Delayed 1 second(s)

2019-06-28 15:53:48 - [TEST_STEP][PASSED] - click(findTestObject("OCS-MOBILE /Cannabis page/Prerolled - Plus accordian")): Object: 'Object Repository/OCS-MOBILE /Cannabis page/Prerolled - Plus accordian' is clicked on

2019-06-28 15:53:48 - [MESSAGE][PASSED] - Object: 'Object Repository/OCS-MOBILE /Cannabis page/Prerolled - Plus accordian' is clicked on

2019-06-28 15:53:48 - [TEST_STEP][PASSED] - delay(1, CONTINUE_ON_FAILURE): Delayed 1 second(s)

2019-06-28 15:53:49 - [MESSAGE][PASSED] - Delayed 1 second(s)

2019-06-28 15:53:49 - [TEST_STEP][PASSED] - click(findTestObject("OCS-MOBILE /Cannabis page/Shop all prerolled")): Object: 'Object Repository/OCS-MOBILE /Cannabis page/Shop all prerolled' is clicked on

2019-06-28 15:53:51 - [MESSAGE][PASSED] - Object: 'Object Repository/OCS-MOBILE /Cannabis page/Shop all prerolled' is clicked on

2019-06-28 15:53:51 - [TEST_STEP][PASSED] - delay(1, CONTINUE_ON_FAILURE): Delayed 1 second(s)

2019-06-28 15:53:52 - [MESSAGE][PASSED] - Delayed 1 second(s)

2019-06-28 15:53:52 - [TEST_STEP][PASSED] - click(findTestObject("OCS-MOBILE /Age gate and burger menu/Burger menu - English"), CONTINUE_ON_FAILURE): Object: 'Object Repository/OCS-MOBILE /Age gate and burger menu/Burger menu - English' is clicked on

2019-06-28 15:53:52 - [MESSAGE][PASSED] - Object: 'Object Repository/OCS-MOBILE /Age gate and burger menu/Burger menu - English' is clicked on

2019-06-28 15:53:52 - [TEST_STEP][PASSED] - delay(2, CONTINUE_ON_FAILURE): Delayed 2 second(s)

2019-06-28 15:53:54 - [MESSAGE][PASSED] - Delayed 2 second(s)

2019-06-28 15:53:54 - [TEST_STEP][PASSED] - click(findTestObject("OCS-MOBILE /Age gate and burger menu/Chevron_Cannabis")): Object: 'Object Repository/OCS-MOBILE /Age gate and burger menu/Chevron_Cannabis' is clicked on

2019-06-28 15:53:54 - [MESSAGE][PASSED] - Object: 'Object Repository/OCS-MOBILE /Age gate and burger menu/Chevron_Cannabis' is clicked on

2019-06-28 15:53:54 - [TEST_STEP][PASSED] - delay(1, CONTINUE_ON_FAILURE): Delayed 1 second(s)

2019-06-28 15:53:55 - [MESSAGE][PASSED] - Delayed 1 second(s)

2019-06-28 15:53:55 - [TEST_STEP][NOT_RUN] - click(findTestObject("OCS-MOBILE /Cannabis page/Prerolled - Plus accordian")): NOT_RUN: click(findTestObject("OCS-MOBILE /Cannabis page/Prerolled - Plus accordian"))

2019-06-28 15:53:55 - [MESSAGE][NOT_RUN] - NOT_RUN: click(findTestObject("OCS-MOBILE /Cannabis page/Prerolled - Plus accordian"))

2019-06-28 15:53:55 - [TEST_STEP][PASSED] - delay(1, CONTINUE_ON_FAILURE): Delayed 1 second(s)

2019-06-28 15:53:56 - [MESSAGE][PASSED] - Delayed 1 second(s)

2019-06-28 15:53:56 - [TEST_STEP][PASSED] - click(findTestObject("OCS-MOBILE /Cannabis page/Oils - plus accordian")): Object: 'Object Repository/OCS-MOBILE /Cannabis page/Oils - plus accordian' is clicked on

2019-06-28 15:53:56 - [MESSAGE][PASSED] - Object: 'Object Repository/OCS-MOBILE /Cannabis page/Oils - plus accordian' is clicked on

2019-06-28 15:53:56 - [TEST_STEP][PASSED] - delay(1, CONTINUE_ON_FAILURE): Delayed 1 second(s)

2019-06-28 15:53:57 - [MESSAGE][PASSED] - Delayed 1 second(s)

2019-06-28 15:53:57 - [TEST_STEP][PASSED] - click(findTestObject("OCS-MOBILE /Cannabis page/Oils - plus accordian")): Object: 'Object Repository/OCS-MOBILE /Cannabis page/Oils - plus accordian' is clicked on

2019-06-28 15:53:57 - [MESSAGE][PASSED] - Object: 'Object Repository/OCS-MOBILE /Cannabis page/Oils - plus accordian' is clicked on

2019-06-28 15:53:57 - [TEST_STEP][PASSED] - delay(1, CONTINUE_ON_FAILURE): Delayed 1 second(s)

2019-06-28 15:53:58 - [MESSAGE][PASSED] - Delayed 1 second(s)

2019-06-28 15:53:58 - [TEST_STEP][PASSED] - click(findTestObject("OCS-MOBILE /Cannabis page/Oils - plus accordian")): Object: 'Object Repository/OCS-MOBILE /Cannabis page/Oils - plus accordian' is clicked on

2019-06-28 15:53:58 - [MESSAGE][PASSED] - Object: 'Object Repository/OCS-MOBILE /Cannabis page/Oils - plus accordian' is clicked on

2019-06-28 15:53:58 - [TEST_STEP][PASSED] - delay(1, CONTINUE_ON_FAILURE): Delayed 1 second(s)

2019-06-28 15:53:59 - [MESSAGE][PASSED] - Delayed 1 second(s)

2019-06-28 15:53:59 - [TEST_STEP][PASSED] - click(findTestObject("OCS-MOBILE /Cannabis page/Oils - Bottled oils")): Object: 'Object Repository/OCS-MOBILE /Cannabis page/Oils - Bottled oils' is clicked on

2019-06-28 15:54:02 - [MESSAGE][PASSED] - Object: 'Object Repository/OCS-MOBILE /Cannabis page/Oils - Bottled oils' is clicked on

2019-06-28 15:54:02 - [TEST_STEP][PASSED] - delay(1, CONTINUE_ON_FAILURE): Delayed 1 second(s)

2019-06-28 15:54:03 - [MESSAGE][PASSED] - Delayed 1 second(s)

2019-06-28 15:54:03 - [TEST_STEP][PASSED] - click(findTestObject("OCS-MOBILE /Age gate and burger menu/Burger menu - English"), CONTINUE_ON_FAILURE): Object: 'Object Repository/OCS-MOBILE /Age gate and burger menu/Burger menu - English' is clicked on

2019-06-28 15:54:03 - [MESSAGE][PASSED] - Object: 'Object Repository/OCS-MOBILE /Age gate and burger menu/Burger menu - English' is clicked on

2019-06-28 15:54:03 - [TEST_STEP][PASSED] - delay(2, CONTINUE_ON_FAILURE): Delayed 2 second(s)

2019-06-28 15:54:05 - [MESSAGE][PASSED] - Delayed 2 second(s)

2019-06-28 15:54:05 - [TEST_STEP][PASSED] - click(findTestObject("OCS-MOBILE /Age gate and burger menu/Chevron_Cannabis")): Object: 'Object Repository/OCS-MOBILE /Age gate and burger menu/Chevron_Cannabis' is clicked on

2019-06-28 15:54:06 - [MESSAGE][PASSED] - Object: 'Object Repository/OCS-MOBILE /Age gate and burger menu/Chevron_Cannabis' is clicked on

2019-06-28 15:54:06 - [TEST_STEP][PASSED] - delay(1, CONTINUE_ON_FAILURE): Delayed 1 second(s)

2019-06-28 15:54:07 - [MESSAGE][PASSED] - Delayed 1 second(s)

2019-06-28 15:54:07 - [TEST_STEP][PASSED] - click(findTestObject("OCS-MOBILE /Cannabis page/Oils - plus accordian")): Object: 'Object Repository/OCS-MOBILE /Cannabis page/Oils - plus accordian' is clicked on

2019-06-28 15:54:07 - [MESSAGE][PASSED] - Object: 'Object Repository/OCS-MOBILE /Cannabis page/Oils - plus accordian' is clicked on

2019-06-28 15:54:07 - [TEST_STEP][PASSED] - delay(1, CONTINUE_ON_FAILURE): Delayed 1 second(s)

2019-06-28 15:54:08 - [MESSAGE][PASSED] - Delayed 1 second(s)

2019-06-28 15:54:08 - [TEST_STEP][PASSED] - click(findTestObject("OCS-MOBILE /Cannabis page/Oils - oral sprays")): Object: 'Object Repository/OCS-MOBILE /Cannabis page/Oils - oral sprays' is clicked on

2019-06-28 15:54:08 - [MESSAGE][PASSED] - Object: 'Object Repository/OCS-MOBILE /Cannabis page/Oils - oral sprays' is clicked on

2019-06-28 15:54:08 - [TEST_STEP][PASSED] - delay(1, CONTINUE_ON_FAILURE): Delayed 1 second(s)

2019-06-28 15:54:09 - [MESSAGE][PASSED] - Delayed 1 second(s)

2019-06-28 15:54:09 - [TEST_STEP][PASSED] - click(findTestObject("OCS-MOBILE /Age gate and burger menu/Burger menu - English"), CONTINUE_ON_FAILURE): Object: 'Object Repository/OCS-MOBILE /Age gate and burger menu/Burger menu - English' is clicked on

2019-06-28 15:54:09 - [MESSAGE][PASSED] - Object: 'Object Repository/OCS-MOBILE /Age gate and burger menu/Burger menu - English' is clicked on

2019-06-28 15:54:09 - [TEST_STEP][PASSED] - delay(2, CONTINUE_ON_FAILURE): Delayed 2 second(s)

2019-06-28 15:54:11 - [MESSAGE][PASSED] - Delayed 2 second(s)

2019-06-28 15:54:11 - [TEST_STEP][PASSED] - click(findTestObject("OCS-MOBILE /Age gate and burger menu/Chevron_Cannabis")): Object: 'Object Repository/OCS-MOBILE /Age gate and burger menu/Chevron_Cannabis' is clicked on

2019-06-28 15:54:11 - [MESSAGE][PASSED] - Object: 'Object Repository/OCS-MOBILE /Age gate and burger menu/Chevron_Cannabis' is clicked on

2019-06-28 15:54:11 - [TEST_STEP][PASSED] - delay(1, CONTINUE_ON_FAILURE): Delayed 1 second(s)

2019-06-28 15:54:12 - [MESSAGE][PASSED] - Delayed 1 second(s)

2019-06-28 15:54:12 - [TEST_STEP][PASSED] - click(findTestObject("OCS-MOBILE /Cannabis page/Oils - plus accordian")): Object: 'Object Repository/OCS-MOBILE /Cannabis page/Oils - plus accordian' is clicked on

2019-06-28 15:54:12 - [MESSAGE][PASSED] - Object: 'Object Repository/OCS-MOBILE /Cannabis page/Oils - plus accordian' is clicked on

2019-06-28 15:54:12 - [TEST_STEP][PASSED] - delay(1, CONTINUE_ON_FAILURE): Delayed 1 second(s)

2019-06-28 15:54:13 - [MESSAGE][PASSED] - Delayed 1 second(s)

2019-06-28 15:54:13 - [TEST_STEP][PASSED] - click(findTestObject("OCS-MOBILE /Cannabis page/shop all oils")): Object: 'Object Repository/OCS-MOBILE /Cannabis page/shop all oils' is clicked on

2019-06-28 15:54:14 - [MESSAGE][PASSED] - Object: 'Object Repository/OCS-MOBILE /Cannabis page/shop all oils' is clicked on

2019-06-28 15:54:14 - [TEST_STEP][PASSED] - delay(1, CONTINUE_ON_FAILURE): Delayed 1 second(s)

2019-06-28 15:54:15 - [MESSAGE][PASSED] - Delayed 1 second(s)

2019-06-28 15:54:15 - [TEST_STEP][PASSED] - click(findTestObject("OCS-MOBILE /Age gate and burger menu/Burger menu - English"), CONTINUE_ON_FAILURE): Object: 'Object Repository/OCS-MOBILE /Age gate and burger menu/Burger menu - English' is clicked on

2019-06-28 15:54:15 - [MESSAGE][PASSED] - Object: 'Object Repository/OCS-MOBILE /Age gate and burger menu/Burger menu - English' is clicked on

2019-06-28 15:54:15 - [TEST_STEP][PASSED] - delay(2, CONTINUE_ON_FAILURE): Delayed 2 second(s)

2019-06-28 15:54:17 - [MESSAGE][PASSED] - Delayed 2 second(s)

2019-06-28 15:54:17 - [TEST_STEP][PASSED] - click(findTestObject("OCS-MOBILE /Age gate and burger menu/Chevron_Cannabis")): Object: 'Object Repository/OCS-MOBILE /Age gate and burger menu/Chevron_Cannabis' is clicked on

2019-06-28 15:54:17 - [MESSAGE][PASSED] - Object: 'Object Repository/OCS-MOBILE /Age gate and burger menu/Chevron_Cannabis' is clicked on

2019-06-28 15:54:17 - [TEST_STEP][PASSED] - delay(1, CONTINUE_ON_FAILURE): Delayed 1 second(s)

2019-06-28 15:54:18 - [MESSAGE][PASSED] - Delayed 1 second(s)

2019-06-28 15:54:18 - [TEST_STEP][PASSED] - click(findTestObject("OCS-MOBILE /Cannabis page/Capsules chevron")): Object: 'Object Repository/OCS-MOBILE /Cannabis page/Capsules chevron' is clicked on

2019-06-28 15:54:20 - [MESSAGE][PASSED] - Object: 'Object Repository/OCS-MOBILE /Cannabis page/Capsules chevron' is clicked on

2019-06-28 15:54:20 - [TEST_STEP][PASSED] - delay(1, CONTINUE_ON_FAILURE): Delayed 1 second(s)

2019-06-28 15:54:21 - [MESSAGE][PASSED] - Delayed 1 second(s)

2019-06-28 15:54:21 - [TEST_STEP][PASSED] - click(findTestObject("OCS-MOBILE /Age gate and burger menu/Burger menu - English"), CONTINUE_ON_FAILURE): Object: 'Object Repository/OCS-MOBILE /Age gate and burger menu/Burger menu - English' is clicked on

2019-06-28 15:54:22 - [MESSAGE][PASSED] - Object: 'Object Repository/OCS-MOBILE /Age gate and burger menu/Burger menu - English' is clicked on

2019-06-28 15:54:22 - [TEST_STEP][PASSED] - delay(2, CONTINUE_ON_FAILURE): Delayed 2 second(s)

2019-06-28 15:54:24 - [MESSAGE][PASSED] - Delayed 2 second(s)

2019-06-28 15:54:24 - [TEST_STEP][PASSED] - click(findTestObject("OCS-MOBILE /Age gate and burger menu/Chevron_Cannabis")): Object: 'Object Repository/OCS-MOBILE /Age gate and burger menu/Chevron_Cannabis' is clicked on

2019-06-28 15:54:24 - [MESSAGE][PASSED] - Object: 'Object Repository/OCS-MOBILE /Age gate and burger menu/Chevron_Cannabis' is clicked on

2019-06-28 15:54:24 - [TEST_STEP][PASSED] - delay(1, CONTINUE_ON_FAILURE): Delayed 1 second(s)

2019-06-28 15:54:25 - [MESSAGE][PASSED] - Delayed 1 second(s)

2019-06-28 15:54:25 - [TEST_STEP][PASSED] - click(findTestObject("OCS-MOBILE /Cannabis page/Shop by plant type - plus accordian")): Object: 'Object Repository/OCS-MOBILE /Cannabis page/Shop by plant type - plus accordian' is clicked on

2019-06-28 15:54:25 - [MESSAGE][PASSED] - Object: 'Object Repository/OCS-MOBILE /Cannabis page/Shop by plant type - plus accordian' is clicked on

2019-06-28 15:54:25 - [TEST_STEP][PASSED] - delay(1, CONTINUE_ON_FAILURE): Delayed 1 second(s)

2019-06-28 15:54:26 - [MESSAGE][PASSED] - Delayed 1 second(s)

2019-06-28 15:54:26 - [TEST_STEP][PASSED] - click(findTestObject("OCS-MOBILE /Cannabis page/Shop by plant type - plus accordian")): Object: 'Object Repository/OCS-MOBILE /Cannabis page/Shop by plant type - plus accordian' is clicked on

2019-06-28 15:54:26 - [MESSAGE][PASSED] - Object: 'Object Repository/OCS-MOBILE /Cannabis page/Shop by plant type - plus accordian' is clicked on

2019-06-28 15:54:26 - [TEST_STEP][PASSED] - delay(1, CONTINUE_ON_FAILURE): Delayed 1 second(s)

2019-06-28 15:54:27 - [MESSAGE][PASSED] - Delayed 1 second(s)

2019-06-28 15:54:27 - [TEST_STEP][PASSED] - click(findTestObject("OCS-MOBILE /Cannabis page/Shop by plant type - plus accordian")): Object: 'Object Repository/OCS-MOBILE /Cannabis page/Shop by plant type - plus accordian' is clicked on

2019-06-28 15:54:27 - [MESSAGE][PASSED] - Object: 'Object Repository/OCS-MOBILE /Cannabis page/Shop by plant type - plus accordian' is clicked on

2019-06-28 15:54:27 - [TEST_STEP][PASSED] - delay(1, CONTINUE_ON_FAILURE): Delayed 1 second(s)

2019-06-28 15:54:28 - [MESSAGE][PASSED] - Delayed 1 second(s)

2019-06-28 15:54:28 - [TEST_STEP][PASSED] - click(findTestObject("OCS-MOBILE /Cannabis page/Shop by plant type - Indica dominant")): Object: 'Object Repository/OCS-MOBILE /Cannabis page/Shop by plant type - Indica dominant' is clicked on

2019-06-28 15:54:30 - [MESSAGE][PASSED] - Object: 'Object Repository/OCS-MOBILE /Cannabis page/Shop by plant type - Indica dominant' is clicked on

2019-06-28 15:54:30 - [TEST_STEP][PASSED] - delay(1, CONTINUE_ON_FAILURE): Delayed 1 second(s)

2019-06-28 15:54:31 - [MESSAGE][PASSED] - Delayed 1 second(s)

2019-06-28 15:54:31 - [TEST_STEP][PASSED] - click(findTestObject("OCS-MOBILE /Age gate and burger menu/Burger menu - English"), CONTINUE_ON_FAILURE): Object: 'Object Repository/OCS-MOBILE /Age gate and burger menu/Burger menu - English' is clicked on

2019-06-28 15:54:31 - [MESSAGE][PASSED] - Object: 'Object Repository/OCS-MOBILE /Age gate and burger menu/Burger menu - English' is clicked on

2019-06-28 15:54:31 - [TEST_STEP][PASSED] - delay(2, CONTINUE_ON_FAILURE): Delayed 2 second(s)

2019-06-28 15:54:33 - [MESSAGE][PASSED] - Delayed 2 second(s)

2019-06-28 15:54:33 - [TEST_STEP][PASSED] - click(findTestObject("OCS-MOBILE /Age gate and burger menu/Chevron_Cannabis")): Object: 'Object Repository/OCS-MOBILE /Age gate and burger menu/Chevron_Cannabis' is clicked on

2019-06-28 15:54:33 - [MESSAGE][PASSED] - Object: 'Object Repository/OCS-MOBILE /Age gate and burger menu/Chevron_Cannabis' is clicked on

2019-06-28 15:54:33 - [TEST_STEP][PASSED] - delay(1, CONTINUE_ON_FAILURE): Delayed 1 second(s)

2019-06-28 15:54:34 - [MESSAGE][PASSED] - Delayed 1 second(s)

2019-06-28 15:54:34 - [TEST_STEP][PASSED] - click(findTestObject("OCS-MOBILE /Cannabis page/Shop by plant type - plus accordian")): Object: 'Object Repository/OCS-MOBILE /Cannabis page/Shop by plant type - plus accordian' is clicked on

2019-06-28 15:54:34 - [MESSAGE][PASSED] - Object: 'Object Repository/OCS-MOBILE /Cannabis page/Shop by plant type - plus accordian' is clicked on

2019-06-28 15:54:34 - [TEST_STEP][NOT_RUN] - click(findTestObject("OCS-MOBILE /Cannabis page/Shop by plant type - plus accordian")): NOT_RUN: click(findTestObject("OCS-MOBILE /Cannabis page/Shop by plant type - plus accordian"))

2019-06-28 15:54:34 - [MESSAGE][NOT_RUN] - NOT_RUN: click(findTestObject("OCS-MOBILE /Cannabis page/Shop by plant type - plus accordian"))

2019-06-28 15:54:34 - [TEST_STEP][PASSED] - delay(1, CONTINUE_ON_FAILURE): Delayed 1 second(s)

2019-06-28 15:54:35 - [MESSAGE][PASSED] - Delayed 1 second(s)

2019-06-28 15:54:35 - [TEST_STEP][PASSED] - click(findTestObject("OCS-MOBILE /Cannabis page/Shop by plant type - sativa dominant")): Object: 'Object Repository/OCS-MOBILE /Cannabis page/Shop by plant type - sativa dominant' is clicked on

2019-06-28 15:54:37 - [MESSAGE][PASSED] - Object: 'Object Repository/OCS-MOBILE /Cannabis page/Shop by plant type - sativa dominant' is clicked on

2019-06-28 15:54:37 - [TEST_STEP][PASSED] - delay(1, CONTINUE_ON_FAILURE): Delayed 1 second(s)

2019-06-28 15:54:38 - [MESSAGE][PASSED] - Delayed 1 second(s)

2019-06-28 15:54:38 - [TEST_STEP][PASSED] - click(findTestObject("OCS-MOBILE /Age gate and burger menu/Burger menu - English"), CONTINUE_ON_FAILURE): Object: 'Object Repository/OCS-MOBILE /Age gate and burger menu/Burger menu - English' is clicked on

2019-06-28 15:54:38 - [MESSAGE][PASSED] - Object: 'Object Repository/OCS-MOBILE /Age gate and burger menu/Burger menu - English' is clicked on

2019-06-28 15:54:38 - [TEST_STEP][PASSED] - delay(2, CONTINUE_ON_FAILURE): Delayed 2 second(s)

2019-06-28 15:54:40 - [MESSAGE][PASSED] - Delayed 2 second(s)

2019-06-28 15:54:40 - [TEST_STEP][PASSED] - click(findTestObject("OCS-MOBILE /Age gate and burger menu/Chevron_Cannabis")): Object: 'Object Repository/OCS-MOBILE /Age gate and burger menu/Chevron_Cannabis' is clicked on

2019-06-28 15:54:40 - [MESSAGE][PASSED] - Object: 'Object Repository/OCS-MOBILE /Age gate and burger menu/Chevron_Cannabis' is clicked on

2019-06-28 15:54:40 - [TEST_STEP][PASSED] - delay(1, CONTINUE_ON_FAILURE): Delayed 1 second(s)

2019-06-28 15:54:41 - [MESSAGE][PASSED] - Delayed 1 second(s)

2019-06-28 15:54:41 - [TEST_STEP][PASSED] - click(findTestObject("OCS-MOBILE /Cannabis page/Shop by plant type - plus accordian")): Object: 'Object Repository/OCS-MOBILE /Cannabis page/Shop by plant type - plus accordian' is clicked on

2019-06-28 15:54:41 - [MESSAGE][PASSED] - Object: 'Object Repository/OCS-MOBILE /Cannabis page/Shop by plant type - plus accordian' is clicked on

2019-06-28 15:54:41 - [TEST_STEP][PASSED] - delay(1, CONTINUE_ON_FAILURE): Delayed 1 second(s)

2019-06-28 15:54:42 - [MESSAGE][PASSED] - Delayed 1 second(s)

2019-06-28 15:54:42 - [TEST_STEP][PASSED] - click(findTestObject("OCS-MOBILE /Cannabis page/Shop by plant type - Hybrid")): Object: 'Object Repository/OCS-MOBILE /Cannabis page/Shop by plant type - Hybrid' is clicked on

2019-06-28 15:54:44 - [MESSAGE][PASSED] - Object: 'Object Repository/OCS-MOBILE /Cannabis page/Shop by plant type - Hybrid' is clicked on

2019-06-28 15:54:44 - [TEST_STEP][PASSED] - delay(1, CONTINUE_ON_FAILURE): Delayed 1 second(s)

2019-06-28 15:54:45 - [MESSAGE][PASSED] - Delayed 1 second(s)

2019-06-28 15:54:45 - [TEST_STEP][PASSED] - click(findTestObject("OCS-MOBILE /Age gate and burger menu/Burger menu - English"), CONTINUE_ON_FAILURE): Object: 'Object Repository/OCS-MOBILE /Age gate and burger menu/Burger menu - English' is clicked on

2019-06-28 15:54:45 - [MESSAGE][PASSED] - Object: 'Object Repository/OCS-MOBILE /Age gate and burger menu/Burger menu - English' is clicked on

2019-06-28 15:54:45 - [TEST_STEP][PASSED] - delay(2, CONTINUE_ON_FAILURE): Delayed 2 second(s)

2019-06-28 15:54:47 - [MESSAGE][PASSED] - Delayed 2 second(s)

2019-06-28 15:54:47 - [TEST_STEP][PASSED] - click(findTestObject("OCS-MOBILE /Age gate and burger menu/Chevron_Cannabis")): Object: 'Object Repository/OCS-MOBILE /Age gate and burger menu/Chevron_Cannabis' is clicked on

2019-06-28 15:54:47 - [MESSAGE][PASSED] - Object: 'Object Repository/OCS-MOBILE /Age gate and burger menu/Chevron_Cannabis' is clicked on

2019-06-28 15:54:47 - [TEST_STEP][PASSED] - delay(1, CONTINUE_ON_FAILURE): Delayed 1 second(s)

2019-06-28 15:54:48 - [MESSAGE][PASSED] - Delayed 1 second(s)

2019-06-28 15:54:48 - [TEST_STEP][PASSED] - click(findTestObject("OCS-MOBILE /Cannabis page/Collections - plus accordian")): Object: 'Object Repository/OCS-MOBILE /Cannabis page/Collections - plus accordian' is clicked on

2019-06-28 15:54:48 - [MESSAGE][PASSED] - Object: 'Object Repository/OCS-MOBILE /Cannabis page/Collections - plus accordian' is clicked on

2019-06-28 15:54:48 - [TEST_STEP][PASSED] - delay(1, CONTINUE_ON_FAILURE): Delayed 1 second(s)

2019-06-28 15:54:49 - [MESSAGE][PASSED] - Delayed 1 second(s)

2019-06-28 15:54:49 - [TEST_STEP][PASSED] - click(findTestObject("OCS-MOBILE /Cannabis page/Collections - plus accordian")): Object: 'Object Repository/OCS-MOBILE /Cannabis page/Collections - plus accordian' is clicked on

2019-06-28 15:54:49 - [MESSAGE][PASSED] - Object: 'Object Repository/OCS-MOBILE /Cannabis page/Collections - plus accordian' is clicked on

2019-06-28 15:54:49 - [TEST_STEP][PASSED] - delay(1, CONTINUE_ON_FAILURE): Delayed 1 second(s)

2019-06-28 15:54:50 - [MESSAGE][PASSED] - Delayed 1 second(s)

2019-06-28 15:54:50 - [TEST_STEP][PASSED] - click(findTestObject("OCS-MOBILE /Cannabis page/Collections - plus accordian")): Object: 'Object Repository/OCS-MOBILE /Cannabis page/Collections - plus accordian' is clicked on

2019-06-28 15:54:50 - [MESSAGE][PASSED] - Object: 'Object Repository/OCS-MOBILE /Cannabis page/Collections - plus accordian' is clicked on

2019-06-28 15:54:50 - [TEST_STEP][PASSED] - delay(1, CONTINUE_ON_FAILURE): Delayed 1 second(s)

2019-06-28 15:54:51 - [MESSAGE][PASSED] - Delayed 1 second(s)

2019-06-28 15:54:51 - [TEST_STEP][PASSED] - click(findTestObject("OCS-MOBILE /Cannabis page/Collections- New products")): Object: 'Object Repository/OCS-MOBILE /Cannabis page/Collections- New products' is clicked on

2019-06-28 15:54:54 - [MESSAGE][PASSED] - Object: 'Object Repository/OCS-MOBILE /Cannabis page/Collections- New products' is clicked on

2019-06-28 15:54:54 - [TEST_STEP][PASSED] - delay(1, CONTINUE_ON_FAILURE): Delayed 1 second(s)

2019-06-28 15:54:55 - [MESSAGE][PASSED] - Delayed 1 second(s)

2019-06-28 15:54:55 - [TEST_STEP][PASSED] - click(findTestObject("OCS-MOBILE /Age gate and burger menu/Burger menu - English"), CONTINUE_ON_FAILURE): Object: 'Object Repository/OCS-MOBILE /Age gate and burger menu/Burger menu - English' is clicked on

2019-06-28 15:54:55 - [MESSAGE][PASSED] - Object: 'Object Repository/OCS-MOBILE /Age gate and burger menu/Burger menu - English' is clicked on

2019-06-28 15:54:55 - [TEST_STEP][PASSED] - delay(2, CONTINUE_ON_FAILURE): Delayed 2 second(s)

2019-06-28 15:54:57 - [MESSAGE][PASSED] - Delayed 2 second(s)

2019-06-28 15:54:57 - [TEST_STEP][PASSED] - click(findTestObject("OCS-MOBILE /Age gate and burger menu/Chevron_Cannabis")): Object: 'Object Repository/OCS-MOBILE /Age gate and burger menu/Chevron_Cannabis' is clicked on

2019-06-28 15:54:57 - [MESSAGE][PASSED] - Object: 'Object Repository/OCS-MOBILE /Age gate and burger menu/Chevron_Cannabis' is clicked on

2019-06-28 15:54:57 - [TEST_STEP][PASSED] - delay(1, CONTINUE_ON_FAILURE): Delayed 1 second(s)

2019-06-28 15:54:58 - [MESSAGE][PASSED] - Delayed 1 second(s)

2019-06-28 15:54:58 - [TEST_STEP][PASSED] - click(findTestObject("OCS-MOBILE /Cannabis page/Collections - plus accordian")): Object: 'Object Repository/OCS-MOBILE /Cannabis page/Collections - plus accordian' is clicked on

2019-06-28 15:54:58 - [MESSAGE][PASSED] - Object: 'Object Repository/OCS-MOBILE /Cannabis page/Collections - plus accordian' is clicked on

2019-06-28 15:54:58 - [TEST_STEP][PASSED] - delay(1, CONTINUE_ON_FAILURE): Delayed 1 second(s)

2019-06-28 15:54:59 - [MESSAGE][PASSED] - Delayed 1 second(s)

2019-06-28 15:54:59 - [TEST_STEP][PASSED] - click(findTestObject("OCS-MOBILE /Cannabis page/Collections- Shop by brand")): Object: 'Object Repository/OCS-MOBILE /Cannabis page/Collections- Shop by brand' is clicked on

2019-06-28 15:55:05 - [MESSAGE][PASSED] - Object: 'Object Repository/OCS-MOBILE /Cannabis page/Collections- Shop by brand' is clicked on

2019-06-28 15:55:05 - [TEST_STEP][PASSED] - delay(1, CONTINUE_ON_FAILURE): Delayed 1 second(s)

2019-06-28 15:55:06 - [MESSAGE][PASSED] - Delayed 1 second(s)

2019-06-28 15:55:06 - [TEST_STEP][PASSED] - click(findTestObject("OCS-MOBILE /Age gate and burger menu/Burger menu - English"), CONTINUE_ON_FAILURE): Object: 'Object Repository/OCS-MOBILE /Age gate and burger menu/Burger menu - English' is clicked on

2019-06-28 15:55:06 - [MESSAGE][PASSED] - Object: 'Object Repository/OCS-MOBILE /Age gate and burger menu/Burger menu - English' is clicked on

2019-06-28 15:55:06 - [TEST_STEP][PASSED] - delay(2, CONTINUE_ON_FAILURE): Delayed 2 second(s)

2019-06-28 15:55:08 - [MESSAGE][PASSED] - Delayed 2 second(s)

2019-06-28 15:55:08 - [TEST_STEP][PASSED] - click(findTestObject("OCS-MOBILE /Age gate and burger menu/Chevron_Cannabis")): Object: 'Object Repository/OCS-MOBILE /Age gate and burger menu/Chevron_Cannabis' is clicked on

2019-06-28 15:55:08 - [MESSAGE][PASSED] - Object: 'Object Repository/OCS-MOBILE /Age gate and burger menu/Chevron_Cannabis' is clicked on

2019-06-28 15:55:08 - [TEST_STEP][PASSED] - delay(1, CONTINUE_ON_FAILURE): Delayed 1 second(s)

2019-06-28 15:55:09 - [MESSAGE][PASSED] - Delayed 1 second(s)

2019-06-28 15:55:09 - [TEST_STEP][PASSED] - click(findTestObject("OCS-MOBILE /Cannabis page/Collections - plus accordian")): Object: 'Object Repository/OCS-MOBILE /Cannabis page/Collections - plus accordian' is clicked on

2019-06-28 15:55:09 - [MESSAGE][PASSED] - Object: 'Object Repository/OCS-MOBILE /Cannabis page/Collections - plus accordian' is clicked on

2019-06-28 15:55:09 - [TEST_STEP][PASSED] - delay(1, CONTINUE_ON_FAILURE): Delayed 1 second(s)

2019-06-28 15:55:10 - [MESSAGE][PASSED] - Delayed 1 second(s)

2019-06-28 15:55:10 - [TEST_STEP][PASSED] - click(findTestObject("OCS-MOBILE /Cannabis page/Collections - CBD Dominant")): Object: 'Object Repository/OCS-MOBILE /Cannabis page/Collections - CBD Dominant' is clicked on

2019-06-28 15:55:12 - [MESSAGE][PASSED] - Object: 'Object Repository/OCS-MOBILE /Cannabis page/Collections - CBD Dominant' is clicked on

2019-06-28 15:55:12 - [TEST_STEP][PASSED] - delay(1, CONTINUE_ON_FAILURE): Delayed 1 second(s)

2019-06-28 15:55:13 - [MESSAGE][PASSED] - Delayed 1 second(s)

2019-06-28 15:55:13 - [TEST_STEP][PASSED] - click(findTestObject("OCS-MOBILE /Age gate and burger menu/Burger menu - English"), CONTINUE_ON_FAILURE): Object: 'Object Repository/OCS-MOBILE /Age gate and burger menu/Burger menu - English' is clicked on

2019-06-28 15:55:13 - [MESSAGE][PASSED] - Object: 'Object Repository/OCS-MOBILE /Age gate and burger menu/Burger menu - English' is clicked on

2019-06-28 15:55:13 - [TEST_STEP][PASSED] - delay(2, CONTINUE_ON_FAILURE): Delayed 2 second(s)

2019-06-28 15:55:15 - [MESSAGE][PASSED] - Delayed 2 second(s)

2019-06-28 15:55:15 - [TEST_STEP][PASSED] - click(findTestObject("OCS-MOBILE /Age gate and burger menu/Chevron_Cannabis")): Object: 'Object Repository/OCS-MOBILE /Age gate and burger menu/Chevron_Cannabis' is clicked on

2019-06-28 15:55:15 - [MESSAGE][PASSED] - Object: 'Object Repository/OCS-MOBILE /Age gate and burger menu/Chevron_Cannabis' is clicked on

2019-06-28 15:55:15 - [TEST_STEP][PASSED] - delay(1, CONTINUE_ON_FAILURE): Delayed 1 second(s)

2019-06-28 15:55:16 - [MESSAGE][PASSED] - Delayed 1 second(s)

2019-06-28 15:55:16 - [TEST_STEP][PASSED] - click(findTestObject("OCS-MOBILE /Cannabis page/Collections - plus accordian")): Object: 'Object Repository/OCS-MOBILE /Cannabis page/Collections - plus accordian' is clicked on

2019-06-28 15:55:16 - [MESSAGE][PASSED] - Object: 'Object Repository/OCS-MOBILE /Cannabis page/Collections - plus accordian' is clicked on

2019-06-28 15:55:16 - [TEST_STEP][PASSED] - delay(1, CONTINUE_ON_FAILURE): Delayed 1 second(s)

2019-06-28 15:55:17 - [MESSAGE][PASSED] - Delayed 1 second(s)

2019-06-28 15:55:17 - [TEST_STEP][PASSED] - click(findTestObject("OCS-MOBILE /Cannabis page/Collections - seeds")): Object: 'Object Repository/OCS-MOBILE /Cannabis page/Collections - seeds' is clicked on

2019-06-28 15:55:19 - [MESSAGE][PASSED] - Object: 'Object Repository/OCS-MOBILE /Cannabis page/Collections - seeds' is clicked on

2019-06-28 15:55:19 - [TEST_STEP][PASSED] - delay(1, CONTINUE_ON_FAILURE): Delayed 1 second(s)

2019-06-28 15:55:20 - [MESSAGE][PASSED] - Delayed 1 second(s)

2019-06-28 15:55:20 - [TEST_STEP][PASSED] - click(findTestObject("OCS-MOBILE /Age gate and burger menu/Burger menu - English"), CONTINUE_ON_FAILURE): Object: 'Object Repository/OCS-MOBILE /Age gate and burger menu/Burger menu - English' is clicked on

2019-06-28 15:55:20 - [MESSAGE][PASSED] - Object: 'Object Repository/OCS-MOBILE /Age gate and burger menu/Burger menu - English' is clicked on

2019-06-28 15:55:20 - [TEST_STEP][PASSED] - delay(2, CONTINUE_ON_FAILURE): Delayed 2 second(s)

2019-06-28 15:55:22 - [MESSAGE][PASSED] - Delayed 2 second(s)

2019-06-28 15:55:22 - [TEST_STEP][PASSED] - click(findTestObject("OCS-MOBILE /Age gate and burger menu/Chevron_Cannabis")): Object: 'Object Repository/OCS-MOBILE /Age gate and burger menu/Chevron_Cannabis' is clicked on

2019-06-28 15:55:22 - [MESSAGE][PASSED] - Object: 'Object Repository/OCS-MOBILE /Age gate and burger menu/Chevron_Cannabis' is clicked on

2019-06-28 15:55:22 - [TEST_STEP][PASSED] - delay(1, CONTINUE_ON_FAILURE): Delayed 1 second(s)

2019-06-28 15:55:23 - [MESSAGE][PASSED] - Delayed 1 second(s)

2019-06-28 15:55:23 - [TEST_STEP][PASSED] - click(findTestObject("OCS-MOBILE /Cannabis page/Shop all cannabis")): Object: 'Object Repository/OCS-MOBILE /Cannabis page/Shop all cannabis' is clicked on

2019-06-28 15:55:25 - [MESSAGE][PASSED] - Object: 'Object Repository/OCS-MOBILE /Cannabis page/Shop all cannabis' is clicked on

2019-06-28 15:55:25 - [TEST_STEP][PASSED] - delay(1, CONTINUE_ON_FAILURE): Delayed 1 second(s)

2019-06-28 15:55:26 - [MESSAGE][PASSED] - Delayed 1 second(s)

2019-06-28 15:55:26 - [TEST_STEP][PASSED] - click(findTestObject("OCS-MOBILE /Age gate and burger menu/Burger menu - English"), CONTINUE_ON_FAILURE): Object: 'Object Repository/OCS-MOBILE /Age gate and burger menu/Burger menu - English' is clicked on

2019-06-28 15:55:26 - [MESSAGE][PASSED] - Object: 'Object Repository/OCS-MOBILE /Age gate and burger menu/Burger menu - English' is clicked on

2019-06-28 15:55:26 - [TEST_STEP][PASSED] - delay(2, CONTINUE_ON_FAILURE): Delayed 2 second(s)

2019-06-28 15:55:28 - [MESSAGE][PASSED] - Delayed 2 second(s)

2019-06-28 15:55:28 - [TEST_STEP][PASSED] - click(findTestObject("OCS-MOBILE /Age gate and burger menu/Chevron_Cannabis")): Object: 'Object Repository/OCS-MOBILE /Age gate and burger menu/Chevron_Cannabis' is clicked on

2019-06-28 15:55:28 - [MESSAGE][PASSED] - Object: 'Object Repository/OCS-MOBILE /Age gate and burger menu/Chevron_Cannabis' is clicked on

2019-06-28 15:55:28 - [TEST_STEP][PASSED] - delay(1, CONTINUE_ON_FAILURE): Delayed 1 second(s)

2019-06-28 15:55:29 - [MESSAGE][PASSED] - Delayed 1 second(s)

2019-06-28 15:55:29 - [TEST_STEP][PASSED] - click(findTestObject("OCS-MOBILE /Cannabis page/Shop all brands")): Object: 'Object Repository/OCS-MOBILE /Cannabis page/Shop all brands' is clicked on

2019-06-28 15:55:31 - [MESSAGE][PASSED] - Object: 'Object Repository/OCS-MOBILE /Cannabis page/Shop all brands' is clicked on

2019-06-28 15:55:31 - [TEST_STEP][PASSED] - delay(1, CONTINUE_ON_FAILURE): Delayed 1 second(s)

2019-06-28 15:55:32 - [MESSAGE][PASSED] - Delayed 1 second(s)

2019-06-28 15:55:32 - [TEST_STEP][PASSED] - click(findTestObject("OCS-MOBILE /Age gate and burger menu/Burger menu - English"), CONTINUE_ON_FAILURE): Object: 'Object Repository/OCS-MOBILE /Age gate and burger menu/Burger menu - English' is clicked on

2019-06-28 15:55:32 - [MESSAGE][PASSED] - Object: 'Object Repository/OCS-MOBILE /Age gate and burger menu/Burger menu - English' is clicked on

2019-06-28 15:55:32 - [TEST_STEP][PASSED] - delay(2, CONTINUE_ON_FAILURE): Delayed 2 second(s)

2019-06-28 15:55:34 - [MESSAGE][PASSED] - Delayed 2 second(s)

2019-06-28 15:55:34 - [TEST_STEP][PASSED] - click(findTestObject("OCS-MOBILE /Age gate and burger menu/Chevron_Cannabis")): Object: 'Object Repository/OCS-MOBILE /Age gate and burger menu/Chevron_Cannabis' is clicked on

2019-06-28 15:55:34 - [MESSAGE][PASSED] - Object: 'Object Repository/OCS-MOBILE /Age gate and burger menu/Chevron_Cannabis' is clicked on

2019-06-28 15:55:34 - [TEST_STEP][PASSED] - delay(1, CONTINUE_ON_FAILURE): Delayed 1 second(s)

2019-06-28 15:55:35 - [MESSAGE][PASSED] - Delayed 1 second(s)

2019-06-28 15:55:35 - [TEST_STEP][PASSED] - click(findTestObject("OCS-MOBILE /Cannabis page/CBD - Dominant products")): Object: 'Object Repository/OCS-MOBILE /Cannabis page/CBD - Dominant products' is clicked on

2019-06-28 15:55:36 - [MESSAGE][PASSED] - Object: 'Object Repository/OCS-MOBILE /Cannabis page/CBD - Dominant products' is clicked on

2019-06-28 15:55:36 - [TEST_STEP][PASSED] - delay(1, CONTINUE_ON_FAILURE): Delayed 1 second(s)

2019-06-28 15:55:37 - [MESSAGE][PASSED] - Delayed 1 second(s)

2019-06-28 15:55:37 - [TEST_STEP][PASSED] - click(findTestObject("OCS-MOBILE /Age gate and burger menu/Burger menu - English"), CONTINUE_ON_FAILURE): Object: 'Object Repository/OCS-MOBILE /Age gate and burger menu/Burger menu - English' is clicked on

2019-06-28 15:55:37 - [MESSAGE][PASSED] - Object: 'Object Repository/OCS-MOBILE /Age gate and burger menu/Burger menu - English' is clicked on

2019-06-28 15:55:37 - [TEST_STEP][PASSED] - delay(2, CONTINUE_ON_FAILURE): Delayed 2 second(s)

2019-06-28 15:55:39 - [MESSAGE][PASSED] - Delayed 2 second(s)

2019-06-28 15:55:39 - [TEST_STEP][PASSED] - click(findTestObject("OCS-MOBILE /Age gate and burger menu/Chevron_Cannabis")): Object: 'Object Repository/OCS-MOBILE /Age gate and burger menu/Chevron_Cannabis' is clicked on

2019-06-28 15:55:39 - [MESSAGE][PASSED] - Object: 'Object Repository/OCS-MOBILE /Age gate and burger menu/Chevron_Cannabis' is clicked on

2019-06-28 15:55:39 - [TEST_STEP][PASSED] - delay(1, CONTINUE_ON_FAILURE): Delayed 1 second(s)

2019-06-28 15:55:40 - [MESSAGE][PASSED] - Delayed 1 second(s)

2019-06-28 15:55:40 - [TEST_STEP][PASSED] - setViewPortSize(1000, 800, OPTIONAL): Viewport is set to new size with width = 1000 and height = 800

2019-06-28 15:55:41 - [MESSAGE][PASSED] - Viewport is set to new size with width = 1000 and height = 800

2019-06-28 15:55:41 - [TEST_STEP][PASSED] - delay(2, OPTIONAL): Delayed 2 second(s)

2019-06-28 15:55:43 - [MESSAGE][PASSED] - Delayed 2 second(s)

2019-06-28 15:55:43 - [TEST_STEP][PASSED] - click(findTestObject("Theme_oR/Page_Ontario Cannabis Store  Ontari/button_Hide bar"), OPTIONAL): Unable to click on object (Root cause: java.lang.IllegalArgumentException: Object is null)

2019-06-28 15:55:43 - [MESSAGE][WARNING] - Test object with id 'Object Repository/Theme_oR/Page_Ontario Cannabis Store  Ontari/button_Hide bar' does not exist

2019-06-28 15:55:43 - [MESSAGE][WARNING] - Test object with id 'Object Repository/' does not exist

2019-06-28 15:55:43 - [MESSAGE][WARNING] - Unable to click on object (Root cause: java.lang.IllegalArgumentException: Object is null)
[[ATTACHMENT|/Users/sumankompelly/Relative xpath-Mobile/Reports/Live site/20190628_151842/1561751743102.png]]

2019-06-28 15:55:43 - [TEST_STEP][PASSED] - delay(2, OPTIONAL): Delayed 2 second(s)

2019-06-28 15:55:45 - [MESSAGE][PASSED] - Delayed 2 second(s)

2019-06-28 15:55:45 - [TEST_STEP][PASSED] - setViewPortSize(360, 800, OPTIONAL): Viewport is set to new size with width = 360 and height = 800

2019-06-28 15:55:45 - [MESSAGE][PASSED] - Viewport is set to new size with width = 360 and height = 800

2019-06-28 15:55:45 - [TEST_STEP][NOT_RUN] - executeJavaScript("var previewBar = document.getElementById("preview-bar-iframe"); previewBar.style.display = "none";", []): NOT_RUN: executeJavaScript("var previewBar = document.getElementById("preview-bar-iframe"); previewBar.style.display = "none";", [])

2019-06-28 15:55:45 - [MESSAGE][NOT_RUN] - NOT_RUN: executeJavaScript("var previewBar = document.getElementById("preview-bar-iframe"); previewBar.style.display = "none";", [])

2019-06-28 15:55:45 - [TEST_STEP][PASSED] - delay(1, OPTIONAL): Delayed 1 second(s)

2019-06-28 15:55:46 - [MESSAGE][PASSED] - Delayed 1 second(s)

2019-06-28 15:55:46 - [TEST_STEP][PASSED] - click(findTestObject("OCS-MOBILE /Cannabis page/Shop all cannabis Button")): Object: 'Object Repository/OCS-MOBILE /Cannabis page/Shop all cannabis Button' is clicked on

2019-06-28 15:55:47 - [MESSAGE][PASSED] - Object: 'Object Repository/OCS-MOBILE /Cannabis page/Shop all cannabis Button' is clicked on

2019-06-28 15:55:47 - [TEST_STEP][PASSED] - delay(1, CONTINUE_ON_FAILURE): Delayed 1 second(s)

2019-06-28 15:55:48 - [MESSAGE][PASSED] - Delayed 1 second(s)

2019-06-28 15:55:48 - [TEST_STEP][PASSED] - click(findTestObject("OCS-MOBILE /Age gate and burger menu/Burger menu - English"), CONTINUE_ON_FAILURE): Object: 'Object Repository/OCS-MOBILE /Age gate and burger menu/Burger menu - English' is clicked on

2019-06-28 15:55:48 - [MESSAGE][PASSED] - Object: 'Object Repository/OCS-MOBILE /Age gate and burger menu/Burger menu - English' is clicked on

2019-06-28 15:55:48 - [TEST_STEP][PASSED] - delay(2, CONTINUE_ON_FAILURE): Delayed 2 second(s)

2019-06-28 15:55:50 - [MESSAGE][PASSED] - Delayed 2 second(s)

2019-06-28 15:55:50 - [TEST_STEP][PASSED] - click(findTestObject("OCS-MOBILE /Age gate and burger menu/Chevron_Cannabis")): Object: 'Object Repository/OCS-MOBILE /Age gate and burger menu/Chevron_Cannabis' is clicked on

2019-06-28 15:55:50 - [MESSAGE][PASSED] - Object: 'Object Repository/OCS-MOBILE /Age gate and burger menu/Chevron_Cannabis' is clicked on

2019-06-28 15:55:50 - [TEST_STEP][NOT_RUN] - executeJavaScript("var previewBar = document.getElementById("preview-bar-iframe"); previewBar.style.display = "none";", []): NOT_RUN: executeJavaScript("var previewBar = document.getElementById("preview-bar-iframe"); previewBar.style.display = "none";", [])

2019-06-28 15:55:50 - [MESSAGE][NOT_RUN] - NOT_RUN: executeJavaScript("var previewBar = document.getElementById("preview-bar-iframe"); previewBar.style.display = "none";", [])

2019-06-28 15:55:50 - [TEST_STEP][PASSED] - delay(1, CONTINUE_ON_FAILURE): Delayed 1 second(s)

2019-06-28 15:55:51 - [MESSAGE][PASSED] - Delayed 1 second(s)

2019-06-28 15:55:51 - [TEST_STEP][PASSED] - click(findTestObject("OCS-MOBILE /Cannabis page/Shop all brands button")): Object: 'Object Repository/OCS-MOBILE /Cannabis page/Shop all brands button' is clicked on

2019-06-28 15:55:55 - [MESSAGE][PASSED] - Object: 'Object Repository/OCS-MOBILE /Cannabis page/Shop all brands button' is clicked on]]></system-out>
         <system-err><![CDATA[]]></system-err>
      </testcase>
      <testcase name="Test Cases/OCS - MOBILE/OCS- HOME PAGE/footer" classname="Test Cases/OCS - MOBILE/OCS- HOME PAGE/footer" status="PASSED">
         <system-out><![CDATA[2019-06-28 15:55:55 - [TEST_CASE][PASSED] - Test Cases/OCS - MOBILE/OCS- HOME PAGE/footer: Test Cases/OCS - MOBILE/OCS- HOME PAGE/footer

2019-06-28 15:55:55 - [TEST_STEP][PASSED] - callTestCase(findTestCase("OCS - MOBILE/CALL - AGE GATE"), [:], STOP_ON_FAILURE): Call Test Case 'Test Cases/OCS - MOBILE/CALL - AGE GATE' successfully

2019-06-28 15:55:55 - [TEST_CASE][PASSED] - Test Cases/OCS - MOBILE/CALL - AGE GATE: Test Cases/OCS - MOBILE/CALL - AGE GATE

2019-06-28 15:55:55 - [TEST_STEP][PASSED] - openBrowser(""): Browser is opened with url: ''

2019-06-28 15:55:55 - [MESSAGE][WARNING] - A browser is already opened. Closing browser and opening a new one

2019-06-28 15:55:55 - [MESSAGE][INFO] - Starting 'Chrome' driver

2019-06-28 15:55:57 - [MESSAGE][PASSED] - Browser is opened with url: ''

2019-06-28 15:55:57 - [TEST_STEP][PASSED] - navigateToUrl("ocs.ca"): Navigate to 'http://ocs.ca' successfully

2019-06-28 15:56:01 - [MESSAGE][PASSED] - Navigate to 'http://ocs.ca' successfully

2019-06-28 15:56:01 - [TEST_STEP][NOT_RUN] - executeJavaScript("var previewBar = document.getElementById("preview-bar-iframe"); previewBar.style.display = "none";", []): NOT_RUN: executeJavaScript("var previewBar = document.getElementById("preview-bar-iframe"); previewBar.style.display = "none";", [])

2019-06-28 15:56:01 - [MESSAGE][NOT_RUN] - NOT_RUN: executeJavaScript("var previewBar = document.getElementById("preview-bar-iframe"); previewBar.style.display = "none";", [])

2019-06-28 15:56:01 - [TEST_STEP][PASSED] - setViewPortSize(360, 800): Viewport is set to new size with width = 360 and height = 800

2019-06-28 15:56:01 - [MESSAGE][PASSED] - Viewport is set to new size with width = 360 and height = 800

2019-06-28 15:56:01 - [TEST_STEP][PASSED] - delay(4): Delayed 4 second(s)

2019-06-28 15:56:05 - [MESSAGE][PASSED] - Delayed 4 second(s)

2019-06-28 15:56:05 - [TEST_STEP][PASSED] - selectOptionByValue(findTestObject("OCS-MOBILE /Age gate and burger menu/Date"), "12", true): All options with value '12' are selected in object 'Object Repository/OCS-MOBILE /Age gate and burger menu/Date'  using regular expression

2019-06-28 15:56:05 - [MESSAGE][PASSED] - All options with value '12' are selected in object 'Object Repository/OCS-MOBILE /Age gate and burger menu/Date'  using regular expression

2019-06-28 15:56:05 - [TEST_STEP][PASSED] - selectOptionByValue(findTestObject("OCS-MOBILE /Age gate and burger menu/month"), "6", true): All options with value '6' are selected in object 'Object Repository/OCS-MOBILE /Age gate and burger menu/month'  using regular expression

2019-06-28 15:56:05 - [MESSAGE][PASSED] - All options with value '6' are selected in object 'Object Repository/OCS-MOBILE /Age gate and burger menu/month'  using regular expression

2019-06-28 15:56:05 - [TEST_STEP][PASSED] - delay(2): Delayed 2 second(s)

2019-06-28 15:56:07 - [MESSAGE][PASSED] - Delayed 2 second(s)

2019-06-28 15:56:07 - [TEST_STEP][PASSED] - selectOptionByValue(findTestObject("OCS-MOBILE /Age gate and burger menu/Year Dropdown"), "1990", true): All options with value '1990' are selected in object 'Object Repository/OCS-MOBILE /Age gate and burger menu/Year Dropdown'  using regular expression

2019-06-28 15:56:08 - [MESSAGE][PASSED] - All options with value '1990' are selected in object 'Object Repository/OCS-MOBILE /Age gate and burger menu/Year Dropdown'  using regular expression

2019-06-28 15:56:08 - [TEST_STEP][PASSED] - click(findTestObject("OCS-MOBILE /Age gate and Mega menu/button_Verify")): Object: 'Object Repository/OCS-MOBILE /Age gate and Mega menu/button_Verify' is clicked on

2019-06-28 15:56:08 - [MESSAGE][PASSED] - Object: 'Object Repository/OCS-MOBILE /Age gate and Mega menu/button_Verify' is clicked on

2019-06-28 15:56:08 - [TEST_STEP][PASSED] - click(findTestObject("OCS-MOBILE /Age gate and Mega menu/Checkbox_CONFIRM AND ACKNOWLEDGE")): Object: 'Object Repository/OCS-MOBILE /Age gate and Mega menu/Checkbox_CONFIRM AND ACKNOWLEDGE' is clicked on

2019-06-28 15:56:08 - [MESSAGE][PASSED] - Object: 'Object Repository/OCS-MOBILE /Age gate and Mega menu/Checkbox_CONFIRM AND ACKNOWLEDGE' is clicked on

2019-06-28 15:56:08 - [TEST_STEP][PASSED] - click(findTestObject("OCS-MOBILE /Age gate and Mega menu/button_CONFIRM")): Object: 'Object Repository/OCS-MOBILE /Age gate and Mega menu/button_CONFIRM' is clicked on

2019-06-28 15:56:08 - [MESSAGE][PASSED] - Object: 'Object Repository/OCS-MOBILE /Age gate and Mega menu/button_CONFIRM' is clicked on

2019-06-28 15:56:08 - [TEST_STEP][PASSED] - click(findTestObject("OCS-MOBILE /Age gate and Mega menu/button_Start Browsing")): Object: 'Object Repository/OCS-MOBILE /Age gate and Mega menu/button_Start Browsing' is clicked on

2019-06-28 15:56:09 - [MESSAGE][PASSED] - Object: 'Object Repository/OCS-MOBILE /Age gate and Mega menu/button_Start Browsing' is clicked on

2019-06-28 15:56:09 - [TEST_STEP][PASSED] - refresh(): Refresh successfully

2019-06-28 15:56:11 - [MESSAGE][PASSED] - Refresh successfully

2019-06-28 15:56:11 - [TEST_STEP][NOT_RUN] - executeJavaScript("var previewBar = document.getElementById("preview-bar-iframe"); previewBar.style.display = "none";", []): NOT_RUN: executeJavaScript("var previewBar = document.getElementById("preview-bar-iframe"); previewBar.style.display = "none";", [])

2019-06-28 15:56:11 - [MESSAGE][NOT_RUN] - NOT_RUN: executeJavaScript("var previewBar = document.getElementById("preview-bar-iframe"); previewBar.style.display = "none";", [])

2019-06-28 15:56:11 - [MESSAGE][PASSED] - Call Test Case 'Test Cases/OCS - MOBILE/CALL - AGE GATE' successfully

2019-06-28 15:56:11 - [TEST_STEP][PASSED] - delay(2): Delayed 2 second(s)

2019-06-28 15:56:13 - [MESSAGE][PASSED] - Delayed 2 second(s)

2019-06-28 15:56:13 - [TEST_STEP][NOT_RUN] - executeJavaScript("var previewBar = document.getElementById("preview-bar-iframe"); previewBar.style.display = "none";", []): NOT_RUN: executeJavaScript("var previewBar = document.getElementById("preview-bar-iframe"); previewBar.style.display = "none";", [])

2019-06-28 15:56:13 - [MESSAGE][NOT_RUN] - NOT_RUN: executeJavaScript("var previewBar = document.getElementById("preview-bar-iframe"); previewBar.style.display = "none";", [])

2019-06-28 15:56:13 - [TEST_STEP][PASSED] - click(findTestObject("OCS-MOBILE /Home - page/Return Policy")): Object: 'Object Repository/OCS-MOBILE /Home - page/Return Policy' is clicked on

2019-06-28 15:56:16 - [MESSAGE][PASSED] - Object: 'Object Repository/OCS-MOBILE /Home - page/Return Policy' is clicked on

2019-06-28 15:56:16 - [TEST_STEP][PASSED] - delay(2): Delayed 2 second(s)

2019-06-28 15:56:18 - [MESSAGE][PASSED] - Delayed 2 second(s)

2019-06-28 15:56:18 - [TEST_STEP][PASSED] - setViewPortSize(1000, 800, OPTIONAL): Viewport is set to new size with width = 1000 and height = 800

2019-06-28 15:56:18 - [MESSAGE][PASSED] - Viewport is set to new size with width = 1000 and height = 800

2019-06-28 15:56:18 - [TEST_STEP][PASSED] - delay(2, OPTIONAL): Delayed 2 second(s)

2019-06-28 15:56:20 - [MESSAGE][PASSED] - Delayed 2 second(s)

2019-06-28 15:56:20 - [TEST_STEP][PASSED] - click(findTestObject("Theme_oR/Page_Ontario Cannabis Store  Ontari/button_Hide bar"), OPTIONAL): Unable to click on object (Root cause: java.lang.IllegalArgumentException: Object is null)

2019-06-28 15:56:20 - [MESSAGE][WARNING] - Test object with id 'Object Repository/Theme_oR/Page_Ontario Cannabis Store  Ontari/button_Hide bar' does not exist

2019-06-28 15:56:20 - [MESSAGE][WARNING] - Test object with id 'Object Repository/' does not exist

2019-06-28 15:56:21 - [MESSAGE][WARNING] - Unable to click on object (Root cause: java.lang.IllegalArgumentException: Object is null)
[[ATTACHMENT|/Users/sumankompelly/Relative xpath-Mobile/Reports/Live site/20190628_151842/1561751780803.png]]

2019-06-28 15:56:21 - [TEST_STEP][PASSED] - setViewPortSize(360, 800, OPTIONAL): Viewport is set to new size with width = 360 and height = 800

2019-06-28 15:56:21 - [MESSAGE][PASSED] - Viewport is set to new size with width = 360 and height = 800

2019-06-28 15:56:21 - [TEST_STEP][PASSED] - delay(2, OPTIONAL): Delayed 2 second(s)

2019-06-28 15:56:23 - [MESSAGE][PASSED] - Delayed 2 second(s)

2019-06-28 15:56:23 - [TEST_STEP][NOT_RUN] - executeJavaScript("var previewBar = document.getElementById("preview-bar-iframe"); previewBar.style.display = "none";", []): NOT_RUN: executeJavaScript("var previewBar = document.getElementById("preview-bar-iframe"); previewBar.style.display = "none";", [])

2019-06-28 15:56:23 - [MESSAGE][NOT_RUN] - NOT_RUN: executeJavaScript("var previewBar = document.getElementById("preview-bar-iframe"); previewBar.style.display = "none";", [])

2019-06-28 15:56:23 - [TEST_STEP][PASSED] - click(findTestObject("OCS-MOBILE /Home - page/Glossary of terms")): Object: 'Object Repository/OCS-MOBILE /Home - page/Glossary of terms' is clicked on

2019-06-28 15:56:26 - [MESSAGE][PASSED] - Object: 'Object Repository/OCS-MOBILE /Home - page/Glossary of terms' is clicked on

2019-06-28 15:56:26 - [TEST_STEP][PASSED] - delay(2): Delayed 2 second(s)

2019-06-28 15:56:28 - [MESSAGE][PASSED] - Delayed 2 second(s)

2019-06-28 15:56:28 - [TEST_STEP][PASSED] - setViewPortSize(1000, 800, OPTIONAL): Viewport is set to new size with width = 1000 and height = 800

2019-06-28 15:56:28 - [MESSAGE][PASSED] - Viewport is set to new size with width = 1000 and height = 800

2019-06-28 15:56:28 - [TEST_STEP][PASSED] - delay(2, OPTIONAL): Delayed 2 second(s)

2019-06-28 15:56:30 - [MESSAGE][PASSED] - Delayed 2 second(s)

2019-06-28 15:56:30 - [TEST_STEP][PASSED] - click(findTestObject("Theme_oR/Page_Ontario Cannabis Store  Ontari/button_Hide bar"), OPTIONAL): Unable to click on object (Root cause: java.lang.IllegalArgumentException: Object is null)

2019-06-28 15:56:30 - [MESSAGE][WARNING] - Test object with id 'Object Repository/Theme_oR/Page_Ontario Cannabis Store  Ontari/button_Hide bar' does not exist

2019-06-28 15:56:30 - [MESSAGE][WARNING] - Test object with id 'Object Repository/' does not exist

2019-06-28 15:56:31 - [MESSAGE][WARNING] - Unable to click on object (Root cause: java.lang.IllegalArgumentException: Object is null)
[[ATTACHMENT|/Users/sumankompelly/Relative xpath-Mobile/Reports/Live site/20190628_151842/1561751790952.png]]

2019-06-28 15:56:31 - [TEST_STEP][PASSED] - setViewPortSize(360, 800, OPTIONAL): Viewport is set to new size with width = 360 and height = 800

2019-06-28 15:56:31 - [MESSAGE][PASSED] - Viewport is set to new size with width = 360 and height = 800

2019-06-28 15:56:31 - [TEST_STEP][PASSED] - delay(2, OPTIONAL): Delayed 2 second(s)

2019-06-28 15:56:33 - [MESSAGE][PASSED] - Delayed 2 second(s)

2019-06-28 15:56:33 - [TEST_STEP][NOT_RUN] - executeJavaScript("var previewBar = document.getElementById("preview-bar-iframe"); previewBar.style.display = "none";", []): NOT_RUN: executeJavaScript("var previewBar = document.getElementById("preview-bar-iframe"); previewBar.style.display = "none";", [])

2019-06-28 15:56:33 - [MESSAGE][NOT_RUN] - NOT_RUN: executeJavaScript("var previewBar = document.getElementById("preview-bar-iframe"); previewBar.style.display = "none";", [])

2019-06-28 15:56:33 - [TEST_STEP][PASSED] - click(findTestObject("OCS-MOBILE /Home - page/Product Recall")): Object: 'Object Repository/OCS-MOBILE /Home - page/Product Recall' is clicked on

2019-06-28 15:56:33 - [MESSAGE][PASSED] - Object: 'Object Repository/OCS-MOBILE /Home - page/Product Recall' is clicked on

2019-06-28 15:56:33 - [TEST_STEP][PASSED] - delay(2): Delayed 2 second(s)

2019-06-28 15:56:35 - [MESSAGE][PASSED] - Delayed 2 second(s)

2019-06-28 15:56:35 - [TEST_STEP][PASSED] - setViewPortSize(1000, 800, OPTIONAL): Viewport is set to new size with width = 1000 and height = 800

2019-06-28 15:56:35 - [MESSAGE][PASSED] - Viewport is set to new size with width = 1000 and height = 800

2019-06-28 15:56:35 - [TEST_STEP][PASSED] - delay(2, OPTIONAL): Delayed 2 second(s)

2019-06-28 15:56:37 - [MESSAGE][PASSED] - Delayed 2 second(s)

2019-06-28 15:56:37 - [TEST_STEP][PASSED] - click(findTestObject("Theme_oR/Page_Ontario Cannabis Store  Ontari/button_Hide bar"), OPTIONAL): Unable to click on object (Root cause: java.lang.IllegalArgumentException: Object is null)

2019-06-28 15:56:37 - [MESSAGE][WARNING] - Test object with id 'Object Repository/Theme_oR/Page_Ontario Cannabis Store  Ontari/button_Hide bar' does not exist

2019-06-28 15:56:37 - [MESSAGE][WARNING] - Test object with id 'Object Repository/' does not exist

2019-06-28 15:56:37 - [MESSAGE][WARNING] - Unable to click on object (Root cause: java.lang.IllegalArgumentException: Object is null)
[[ATTACHMENT|/Users/sumankompelly/Relative xpath-Mobile/Reports/Live site/20190628_151842/1561751797602.png]]

2019-06-28 15:56:37 - [TEST_STEP][PASSED] - setViewPortSize(360, 800, OPTIONAL): Viewport is set to new size with width = 360 and height = 800

2019-06-28 15:56:38 - [MESSAGE][PASSED] - Viewport is set to new size with width = 360 and height = 800

2019-06-28 15:56:38 - [TEST_STEP][PASSED] - delay(2, OPTIONAL): Delayed 2 second(s)

2019-06-28 15:56:40 - [MESSAGE][PASSED] - Delayed 2 second(s)

2019-06-28 15:56:40 - [TEST_STEP][NOT_RUN] - executeJavaScript("var previewBar = document.getElementById("preview-bar-iframe"); previewBar.style.display = "none";", []): NOT_RUN: executeJavaScript("var previewBar = document.getElementById("preview-bar-iframe"); previewBar.style.display = "none";", [])

2019-06-28 15:56:40 - [MESSAGE][NOT_RUN] - NOT_RUN: executeJavaScript("var previewBar = document.getElementById("preview-bar-iframe"); previewBar.style.display = "none";", [])

2019-06-28 15:56:40 - [TEST_STEP][PASSED] - click(findTestObject("OCS-MOBILE /Home - page/Government of Canada - Canna")): Object: 'Object Repository/OCS-MOBILE /Home - page/Government of Canada - Canna' is clicked on

2019-06-28 15:56:40 - [MESSAGE][PASSED] - Object: 'Object Repository/OCS-MOBILE /Home - page/Government of Canada - Canna' is clicked on

2019-06-28 15:56:40 - [TEST_STEP][PASSED] - delay(2): Delayed 2 second(s)

2019-06-28 15:56:42 - [MESSAGE][PASSED] - Delayed 2 second(s)

2019-06-28 15:56:42 - [TEST_STEP][PASSED] - setViewPortSize(1000, 800, OPTIONAL): Viewport is set to new size with width = 1000 and height = 800

2019-06-28 15:56:42 - [MESSAGE][PASSED] - Viewport is set to new size with width = 1000 and height = 800

2019-06-28 15:56:42 - [TEST_STEP][PASSED] - delay(2, OPTIONAL): Delayed 2 second(s)

2019-06-28 15:56:44 - [MESSAGE][PASSED] - Delayed 2 second(s)

2019-06-28 15:56:44 - [TEST_STEP][PASSED] - click(findTestObject("Theme_oR/Page_Ontario Cannabis Store  Ontari/button_Hide bar"), OPTIONAL): Unable to click on object (Root cause: java.lang.IllegalArgumentException: Object is null)

2019-06-28 15:56:44 - [MESSAGE][WARNING] - Test object with id 'Object Repository/Theme_oR/Page_Ontario Cannabis Store  Ontari/button_Hide bar' does not exist

2019-06-28 15:56:44 - [MESSAGE][WARNING] - Test object with id 'Object Repository/' does not exist

2019-06-28 15:56:44 - [MESSAGE][WARNING] - Unable to click on object (Root cause: java.lang.IllegalArgumentException: Object is null)
[[ATTACHMENT|/Users/sumankompelly/Relative xpath-Mobile/Reports/Live site/20190628_151842/1561751804321.png]]

2019-06-28 15:56:44 - [TEST_STEP][PASSED] - setViewPortSize(360, 800, OPTIONAL): Viewport is set to new size with width = 360 and height = 800

2019-06-28 15:56:44 - [MESSAGE][PASSED] - Viewport is set to new size with width = 360 and height = 800

2019-06-28 15:56:44 - [TEST_STEP][PASSED] - delay(2, OPTIONAL): Delayed 2 second(s)

2019-06-28 15:56:46 - [MESSAGE][PASSED] - Delayed 2 second(s)

2019-06-28 15:56:46 - [TEST_STEP][NOT_RUN] - executeJavaScript("var previewBar = document.getElementById("preview-bar-iframe"); previewBar.style.display = "none";", []): NOT_RUN: executeJavaScript("var previewBar = document.getElementById("preview-bar-iframe"); previewBar.style.display = "none";", [])

2019-06-28 15:56:46 - [MESSAGE][NOT_RUN] - NOT_RUN: executeJavaScript("var previewBar = document.getElementById("preview-bar-iframe"); previewBar.style.display = "none";", [])

2019-06-28 15:56:46 - [TEST_STEP][PASSED] - click(findTestObject("OCS-MOBILE /Home - page/Government of Ontario - Cann")): Object: 'Object Repository/OCS-MOBILE /Home - page/Government of Ontario - Cann' is clicked on

2019-06-28 15:56:47 - [MESSAGE][PASSED] - Object: 'Object Repository/OCS-MOBILE /Home - page/Government of Ontario - Cann' is clicked on

2019-06-28 15:56:47 - [TEST_STEP][PASSED] - delay(2): Delayed 2 second(s)

2019-06-28 15:56:49 - [MESSAGE][PASSED] - Delayed 2 second(s)

2019-06-28 15:56:49 - [TEST_STEP][PASSED] - setViewPortSize(1000, 800, OPTIONAL): Viewport is set to new size with width = 1000 and height = 800

2019-06-28 15:56:49 - [MESSAGE][PASSED] - Viewport is set to new size with width = 1000 and height = 800

2019-06-28 15:56:49 - [TEST_STEP][PASSED] - delay(2, OPTIONAL): Delayed 2 second(s)

2019-06-28 15:56:51 - [MESSAGE][PASSED] - Delayed 2 second(s)

2019-06-28 15:56:51 - [TEST_STEP][PASSED] - click(findTestObject("Theme_oR/Page_Ontario Cannabis Store  Ontari/button_Hide bar"), OPTIONAL): Unable to click on object (Root cause: java.lang.IllegalArgumentException: Object is null)

2019-06-28 15:56:51 - [MESSAGE][WARNING] - Test object with id 'Object Repository/Theme_oR/Page_Ontario Cannabis Store  Ontari/button_Hide bar' does not exist

2019-06-28 15:56:51 - [MESSAGE][WARNING] - Test object with id 'Object Repository/' does not exist

2019-06-28 15:56:51 - [MESSAGE][WARNING] - Unable to click on object (Root cause: java.lang.IllegalArgumentException: Object is null)
[[ATTACHMENT|/Users/sumankompelly/Relative xpath-Mobile/Reports/Live site/20190628_151842/1561751811383.png]]

2019-06-28 15:56:51 - [TEST_STEP][PASSED] - setViewPortSize(360, 800, OPTIONAL): Viewport is set to new size with width = 360 and height = 800

2019-06-28 15:56:51 - [MESSAGE][PASSED] - Viewport is set to new size with width = 360 and height = 800

2019-06-28 15:56:51 - [TEST_STEP][PASSED] - delay(2, OPTIONAL): Delayed 2 second(s)

2019-06-28 15:56:53 - [MESSAGE][PASSED] - Delayed 2 second(s)

2019-06-28 15:56:53 - [TEST_STEP][NOT_RUN] - executeJavaScript("var previewBar = document.getElementById("preview-bar-iframe"); previewBar.style.display = "none";", []): NOT_RUN: executeJavaScript("var previewBar = document.getElementById("preview-bar-iframe"); previewBar.style.display = "none";", [])

2019-06-28 15:56:53 - [MESSAGE][NOT_RUN] - NOT_RUN: executeJavaScript("var previewBar = document.getElementById("preview-bar-iframe"); previewBar.style.display = "none";", [])

2019-06-28 15:56:53 - [TEST_STEP][PASSED] - click(findTestObject("OCS-MOBILE /Home - page/About the OCS")): Object: 'Object Repository/OCS-MOBILE /Home - page/About the OCS' is clicked on

2019-06-28 15:56:56 - [MESSAGE][PASSED] - Object: 'Object Repository/OCS-MOBILE /Home - page/About the OCS' is clicked on

2019-06-28 15:56:56 - [TEST_STEP][PASSED] - delay(2): Delayed 2 second(s)

2019-06-28 15:56:58 - [MESSAGE][PASSED] - Delayed 2 second(s)

2019-06-28 15:56:58 - [TEST_STEP][PASSED] - setViewPortSize(1000, 800, OPTIONAL): Viewport is set to new size with width = 1000 and height = 800

2019-06-28 15:56:58 - [MESSAGE][PASSED] - Viewport is set to new size with width = 1000 and height = 800

2019-06-28 15:56:58 - [TEST_STEP][PASSED] - delay(2, OPTIONAL): Delayed 2 second(s)

2019-06-28 15:57:00 - [MESSAGE][PASSED] - Delayed 2 second(s)

2019-06-28 15:57:00 - [TEST_STEP][PASSED] - click(findTestObject("Theme_oR/Page_Ontario Cannabis Store  Ontari/button_Hide bar"), OPTIONAL): Unable to click on object (Root cause: java.lang.IllegalArgumentException: Object is null)

2019-06-28 15:57:00 - [MESSAGE][WARNING] - Test object with id 'Object Repository/Theme_oR/Page_Ontario Cannabis Store  Ontari/button_Hide bar' does not exist

2019-06-28 15:57:00 - [MESSAGE][WARNING] - Test object with id 'Object Repository/' does not exist

2019-06-28 15:57:01 - [MESSAGE][WARNING] - Unable to click on object (Root cause: java.lang.IllegalArgumentException: Object is null)
[[ATTACHMENT|/Users/sumankompelly/Relative xpath-Mobile/Reports/Live site/20190628_151842/1561751820678.png]]

2019-06-28 15:57:01 - [TEST_STEP][PASSED] - setViewPortSize(360, 800, OPTIONAL): Viewport is set to new size with width = 360 and height = 800

2019-06-28 15:57:01 - [MESSAGE][PASSED] - Viewport is set to new size with width = 360 and height = 800

2019-06-28 15:57:01 - [TEST_STEP][PASSED] - delay(2, OPTIONAL): Delayed 2 second(s)

2019-06-28 15:57:03 - [MESSAGE][PASSED] - Delayed 2 second(s)

2019-06-28 15:57:03 - [TEST_STEP][NOT_RUN] - executeJavaScript("var previewBar = document.getElementById("preview-bar-iframe"); previewBar.style.display = "none";", []): NOT_RUN: executeJavaScript("var previewBar = document.getElementById("preview-bar-iframe"); previewBar.style.display = "none";", [])

2019-06-28 15:57:03 - [MESSAGE][NOT_RUN] - NOT_RUN: executeJavaScript("var previewBar = document.getElementById("preview-bar-iframe"); previewBar.style.display = "none";", [])

2019-06-28 15:57:03 - [TEST_STEP][PASSED] - click(findTestObject("OCS-MOBILE /Home - page/Careers")): Object: 'Object Repository/OCS-MOBILE /Home - page/Careers' is clicked on

2019-06-28 15:57:03 - [MESSAGE][PASSED] - Object: 'Object Repository/OCS-MOBILE /Home - page/Careers' is clicked on

2019-06-28 15:57:03 - [TEST_STEP][PASSED] - delay(2): Delayed 2 second(s)

2019-06-28 15:57:05 - [MESSAGE][PASSED] - Delayed 2 second(s)

2019-06-28 15:57:05 - [TEST_STEP][PASSED] - setViewPortSize(1000, 800, OPTIONAL): Viewport is set to new size with width = 1000 and height = 800

2019-06-28 15:57:05 - [MESSAGE][PASSED] - Viewport is set to new size with width = 1000 and height = 800

2019-06-28 15:57:05 - [TEST_STEP][PASSED] - delay(2, OPTIONAL): Delayed 2 second(s)

2019-06-28 15:57:07 - [MESSAGE][PASSED] - Delayed 2 second(s)

2019-06-28 15:57:07 - [TEST_STEP][PASSED] - click(findTestObject("Theme_oR/Page_Ontario Cannabis Store  Ontari/button_Hide bar"), OPTIONAL): Unable to click on object (Root cause: java.lang.IllegalArgumentException: Object is null)

2019-06-28 15:57:07 - [MESSAGE][WARNING] - Test object with id 'Object Repository/Theme_oR/Page_Ontario Cannabis Store  Ontari/button_Hide bar' does not exist

2019-06-28 15:57:07 - [MESSAGE][WARNING] - Test object with id 'Object Repository/' does not exist

2019-06-28 15:57:07 - [MESSAGE][WARNING] - Unable to click on object (Root cause: java.lang.IllegalArgumentException: Object is null)
[[ATTACHMENT|/Users/sumankompelly/Relative xpath-Mobile/Reports/Live site/20190628_151842/1561751827365.png]]

2019-06-28 15:57:07 - [TEST_STEP][PASSED] - setViewPortSize(360, 800, OPTIONAL): Viewport is set to new size with width = 360 and height = 800

2019-06-28 15:57:07 - [MESSAGE][PASSED] - Viewport is set to new size with width = 360 and height = 800

2019-06-28 15:57:07 - [TEST_STEP][PASSED] - delay(2, OPTIONAL): Delayed 2 second(s)

2019-06-28 15:57:09 - [MESSAGE][PASSED] - Delayed 2 second(s)

2019-06-28 15:57:09 - [TEST_STEP][NOT_RUN] - scrollToElement(findTestObject("OCS-MOBILE /Home - page/Contact us -"), 0): NOT_RUN: scrollToElement(findTestObject("OCS-MOBILE /Home - page/Contact us -"), 0)

2019-06-28 15:57:09 - [MESSAGE][NOT_RUN] - NOT_RUN: scrollToElement(findTestObject("OCS-MOBILE /Home - page/Contact us -"), 0)

2019-06-28 15:57:09 - [TEST_STEP][PASSED] - delay(2, OPTIONAL): Delayed 2 second(s)

2019-06-28 15:57:11 - [MESSAGE][PASSED] - Delayed 2 second(s)

2019-06-28 15:57:11 - [TEST_STEP][NOT_RUN] - executeJavaScript("var previewBar = document.getElementById("preview-bar-iframe"); previewBar.style.display = "none";", []): NOT_RUN: executeJavaScript("var previewBar = document.getElementById("preview-bar-iframe"); previewBar.style.display = "none";", [])

2019-06-28 15:57:11 - [MESSAGE][NOT_RUN] - NOT_RUN: executeJavaScript("var previewBar = document.getElementById("preview-bar-iframe"); previewBar.style.display = "none";", [])

2019-06-28 15:57:11 - [TEST_STEP][PASSED] - click(findTestObject("OCS-MOBILE /Home - page/News"), OPTIONAL): Object: 'Object Repository/OCS-MOBILE /Home - page/News' is clicked on

2019-06-28 15:57:14 - [MESSAGE][PASSED] - Object: 'Object Repository/OCS-MOBILE /Home - page/News' is clicked on

2019-06-28 15:57:14 - [TEST_STEP][PASSED] - delay(2): Delayed 2 second(s)

2019-06-28 15:57:16 - [MESSAGE][PASSED] - Delayed 2 second(s)

2019-06-28 15:57:16 - [TEST_STEP][PASSED] - setViewPortSize(1000, 800, OPTIONAL): Viewport is set to new size with width = 1000 and height = 800

2019-06-28 15:57:16 - [MESSAGE][PASSED] - Viewport is set to new size with width = 1000 and height = 800

2019-06-28 15:57:16 - [TEST_STEP][PASSED] - delay(2, OPTIONAL): Delayed 2 second(s)

2019-06-28 15:57:18 - [MESSAGE][PASSED] - Delayed 2 second(s)

2019-06-28 15:57:18 - [TEST_STEP][PASSED] - click(findTestObject("Theme_oR/Page_Ontario Cannabis Store  Ontari/button_Hide bar"), OPTIONAL): Unable to click on object (Root cause: java.lang.IllegalArgumentException: Object is null)

2019-06-28 15:57:18 - [MESSAGE][WARNING] - Test object with id 'Object Repository/Theme_oR/Page_Ontario Cannabis Store  Ontari/button_Hide bar' does not exist

2019-06-28 15:57:18 - [MESSAGE][WARNING] - Test object with id 'Object Repository/' does not exist

2019-06-28 15:57:18 - [MESSAGE][WARNING] - Unable to click on object (Root cause: java.lang.IllegalArgumentException: Object is null)
[[ATTACHMENT|/Users/sumankompelly/Relative xpath-Mobile/Reports/Live site/20190628_151842/1561751838443.png]]

2019-06-28 15:57:18 - [TEST_STEP][PASSED] - setViewPortSize(360, 800, OPTIONAL): Viewport is set to new size with width = 360 and height = 800

2019-06-28 15:57:18 - [MESSAGE][PASSED] - Viewport is set to new size with width = 360 and height = 800

2019-06-28 15:57:18 - [TEST_STEP][PASSED] - delay(2, OPTIONAL): Delayed 2 second(s)

2019-06-28 15:57:20 - [MESSAGE][PASSED] - Delayed 2 second(s)

2019-06-28 15:57:20 - [TEST_STEP][NOT_RUN] - executeJavaScript("var previewBar = document.getElementById("preview-bar-iframe"); previewBar.style.display = "none";", []): NOT_RUN: executeJavaScript("var previewBar = document.getElementById("preview-bar-iframe"); previewBar.style.display = "none";", [])

2019-06-28 15:57:20 - [MESSAGE][NOT_RUN] - NOT_RUN: executeJavaScript("var previewBar = document.getElementById("preview-bar-iframe"); previewBar.style.display = "none";", [])

2019-06-28 15:57:20 - [TEST_STEP][PASSED] - click(findTestObject("OCS-MOBILE /Home - page/Doing Business With OCS")): Object: 'Object Repository/OCS-MOBILE /Home - page/Doing Business With OCS' is clicked on

2019-06-28 15:57:21 - [MESSAGE][PASSED] - Object: 'Object Repository/OCS-MOBILE /Home - page/Doing Business With OCS' is clicked on

2019-06-28 15:57:21 - [TEST_STEP][PASSED] - delay(2): Delayed 2 second(s)

2019-06-28 15:57:23 - [MESSAGE][PASSED] - Delayed 2 second(s)

2019-06-28 15:57:23 - [TEST_STEP][PASSED] - setViewPortSize(1000, 800, OPTIONAL): Viewport is set to new size with width = 1000 and height = 800

2019-06-28 15:57:23 - [MESSAGE][PASSED] - Viewport is set to new size with width = 1000 and height = 800

2019-06-28 15:57:23 - [TEST_STEP][PASSED] - delay(2, OPTIONAL): Delayed 2 second(s)

2019-06-28 15:57:25 - [MESSAGE][PASSED] - Delayed 2 second(s)

2019-06-28 15:57:25 - [TEST_STEP][PASSED] - click(findTestObject("Theme_oR/Page_Ontario Cannabis Store  Ontari/button_Hide bar"), OPTIONAL): Unable to click on object (Root cause: java.lang.IllegalArgumentException: Object is null)

2019-06-28 15:57:25 - [MESSAGE][WARNING] - Test object with id 'Object Repository/Theme_oR/Page_Ontario Cannabis Store  Ontari/button_Hide bar' does not exist

2019-06-28 15:57:25 - [MESSAGE][WARNING] - Test object with id 'Object Repository/' does not exist

2019-06-28 15:57:25 - [MESSAGE][WARNING] - Unable to click on object (Root cause: java.lang.IllegalArgumentException: Object is null)
[[ATTACHMENT|/Users/sumankompelly/Relative xpath-Mobile/Reports/Live site/20190628_151842/1561751845123.png]]

2019-06-28 15:57:25 - [TEST_STEP][PASSED] - setViewPortSize(360, 800, OPTIONAL): Viewport is set to new size with width = 360 and height = 800

2019-06-28 15:57:25 - [MESSAGE][PASSED] - Viewport is set to new size with width = 360 and height = 800

2019-06-28 15:57:25 - [TEST_STEP][PASSED] - delay(2, OPTIONAL): Delayed 2 second(s)

2019-06-28 15:57:27 - [MESSAGE][PASSED] - Delayed 2 second(s)

2019-06-28 15:57:27 - [TEST_STEP][PASSED] - delay(2): Delayed 2 second(s)

2019-06-28 15:57:29 - [MESSAGE][PASSED] - Delayed 2 second(s)

2019-06-28 15:57:29 - [TEST_STEP][NOT_RUN] - executeJavaScript("var previewBar = document.getElementById("preview-bar-iframe"); previewBar.style.display = "none";", []): NOT_RUN: executeJavaScript("var previewBar = document.getElementById("preview-bar-iframe"); previewBar.style.display = "none";", [])

2019-06-28 15:57:29 - [MESSAGE][NOT_RUN] - NOT_RUN: executeJavaScript("var previewBar = document.getElementById("preview-bar-iframe"); previewBar.style.display = "none";", [])

2019-06-28 15:57:29 - [TEST_STEP][PASSED] - click(findTestObject("OCS-MOBILE /Home - page/Help us improve OCS.ca"), CONTINUE_ON_FAILURE): Object: 'Object Repository/OCS-MOBILE /Home - page/Help us improve OCS.ca' is clicked on

2019-06-28 15:57:29 - [MESSAGE][PASSED] - Object: 'Object Repository/OCS-MOBILE /Home - page/Help us improve OCS.ca' is clicked on

2019-06-28 15:57:29 - [TEST_STEP][PASSED] - delay(2): Delayed 2 second(s)

2019-06-28 15:57:31 - [MESSAGE][PASSED] - Delayed 2 second(s)

2019-06-28 15:57:31 - [TEST_STEP][PASSED] - setViewPortSize(1000, 800, OPTIONAL): Viewport is set to new size with width = 1000 and height = 800

2019-06-28 15:57:31 - [MESSAGE][PASSED] - Viewport is set to new size with width = 1000 and height = 800

2019-06-28 15:57:31 - [TEST_STEP][PASSED] - delay(2, OPTIONAL): Delayed 2 second(s)

2019-06-28 15:57:33 - [MESSAGE][PASSED] - Delayed 2 second(s)

2019-06-28 15:57:33 - [TEST_STEP][PASSED] - click(findTestObject("Theme_oR/Page_Ontario Cannabis Store  Ontari/button_Hide bar"), OPTIONAL): Unable to click on object (Root cause: java.lang.IllegalArgumentException: Object is null)

2019-06-28 15:57:33 - [MESSAGE][WARNING] - Test object with id 'Object Repository/Theme_oR/Page_Ontario Cannabis Store  Ontari/button_Hide bar' does not exist

2019-06-28 15:57:33 - [MESSAGE][WARNING] - Test object with id 'Object Repository/' does not exist

2019-06-28 15:57:34 - [MESSAGE][WARNING] - Unable to click on object (Root cause: java.lang.IllegalArgumentException: Object is null)
[[ATTACHMENT|/Users/sumankompelly/Relative xpath-Mobile/Reports/Live site/20190628_151842/1561751853848.png]]

2019-06-28 15:57:34 - [TEST_STEP][PASSED] - setViewPortSize(360, 800, OPTIONAL): Viewport is set to new size with width = 360 and height = 800

2019-06-28 15:57:34 - [MESSAGE][PASSED] - Viewport is set to new size with width = 360 and height = 800

2019-06-28 15:57:34 - [TEST_STEP][PASSED] - delay(2, OPTIONAL): Delayed 2 second(s)

2019-06-28 15:57:36 - [MESSAGE][PASSED] - Delayed 2 second(s)

2019-06-28 15:57:36 - [TEST_STEP][PASSED] - delay(2): Delayed 2 second(s)

2019-06-28 15:57:38 - [MESSAGE][PASSED] - Delayed 2 second(s)

2019-06-28 15:57:38 - [TEST_STEP][NOT_RUN] - executeJavaScript("var previewBar = document.getElementById("preview-bar-iframe"); previewBar.style.display = "none";", []): NOT_RUN: executeJavaScript("var previewBar = document.getElementById("preview-bar-iframe"); previewBar.style.display = "none";", [])

2019-06-28 15:57:38 - [MESSAGE][NOT_RUN] - NOT_RUN: executeJavaScript("var previewBar = document.getElementById("preview-bar-iframe"); previewBar.style.display = "none";", [])

2019-06-28 15:57:38 - [TEST_STEP][PASSED] - click(findTestObject("OCS-MOBILE /Home - page/Terms and Conditions")): Object: 'Object Repository/OCS-MOBILE /Home - page/Terms and Conditions' is clicked on

2019-06-28 15:57:41 - [MESSAGE][PASSED] - Object: 'Object Repository/OCS-MOBILE /Home - page/Terms and Conditions' is clicked on

2019-06-28 15:57:41 - [TEST_STEP][PASSED] - delay(2): Delayed 2 second(s)

2019-06-28 15:57:43 - [MESSAGE][PASSED] - Delayed 2 second(s)

2019-06-28 15:57:43 - [TEST_STEP][PASSED] - setViewPortSize(1000, 800, OPTIONAL): Viewport is set to new size with width = 1000 and height = 800

2019-06-28 15:57:43 - [MESSAGE][PASSED] - Viewport is set to new size with width = 1000 and height = 800

2019-06-28 15:57:43 - [TEST_STEP][PASSED] - delay(2, OPTIONAL): Delayed 2 second(s)

2019-06-28 15:57:45 - [MESSAGE][PASSED] - Delayed 2 second(s)

2019-06-28 15:57:45 - [TEST_STEP][PASSED] - click(findTestObject("Theme_oR/Page_Ontario Cannabis Store  Ontari/button_Hide bar"), OPTIONAL): Unable to click on object (Root cause: java.lang.IllegalArgumentException: Object is null)

2019-06-28 15:57:45 - [MESSAGE][WARNING] - Test object with id 'Object Repository/Theme_oR/Page_Ontario Cannabis Store  Ontari/button_Hide bar' does not exist

2019-06-28 15:57:45 - [MESSAGE][WARNING] - Test object with id 'Object Repository/' does not exist

2019-06-28 15:57:46 - [MESSAGE][WARNING] - Unable to click on object (Root cause: java.lang.IllegalArgumentException: Object is null)
[[ATTACHMENT|/Users/sumankompelly/Relative xpath-Mobile/Reports/Live site/20190628_151842/1561751865966.png]]

2019-06-28 15:57:46 - [TEST_STEP][PASSED] - setViewPortSize(360, 800, OPTIONAL): Viewport is set to new size with width = 360 and height = 800

2019-06-28 15:57:46 - [MESSAGE][PASSED] - Viewport is set to new size with width = 360 and height = 800

2019-06-28 15:57:46 - [TEST_STEP][PASSED] - delay(2, OPTIONAL): Delayed 2 second(s)

2019-06-28 15:57:48 - [MESSAGE][PASSED] - Delayed 2 second(s)

2019-06-28 15:57:48 - [TEST_STEP][PASSED] - delay(2): Delayed 2 second(s)

2019-06-28 15:57:50 - [MESSAGE][PASSED] - Delayed 2 second(s)

2019-06-28 15:57:50 - [TEST_STEP][NOT_RUN] - executeJavaScript("var previewBar = document.getElementById("preview-bar-iframe"); previewBar.style.display = "none";", []): NOT_RUN: executeJavaScript("var previewBar = document.getElementById("preview-bar-iframe"); previewBar.style.display = "none";", [])

2019-06-28 15:57:50 - [MESSAGE][NOT_RUN] - NOT_RUN: executeJavaScript("var previewBar = document.getElementById("preview-bar-iframe"); previewBar.style.display = "none";", [])

2019-06-28 15:57:50 - [TEST_STEP][PASSED] - click(findTestObject("OCS-MOBILE /Home - page/Privacy")): Object: 'Object Repository/OCS-MOBILE /Home - page/Privacy' is clicked on

2019-06-28 15:57:52 - [MESSAGE][PASSED] - Object: 'Object Repository/OCS-MOBILE /Home - page/Privacy' is clicked on

2019-06-28 15:57:52 - [TEST_STEP][PASSED] - delay(2): Delayed 2 second(s)

2019-06-28 15:57:54 - [MESSAGE][PASSED] - Delayed 2 second(s)

2019-06-28 15:57:54 - [TEST_STEP][PASSED] - setViewPortSize(1000, 800, OPTIONAL): Viewport is set to new size with width = 1000 and height = 800

2019-06-28 15:57:55 - [MESSAGE][PASSED] - Viewport is set to new size with width = 1000 and height = 800

2019-06-28 15:57:55 - [TEST_STEP][PASSED] - delay(2, OPTIONAL): Delayed 2 second(s)

2019-06-28 15:57:57 - [MESSAGE][PASSED] - Delayed 2 second(s)

2019-06-28 15:57:57 - [TEST_STEP][PASSED] - click(findTestObject("Theme_oR/Page_Ontario Cannabis Store  Ontari/button_Hide bar"), OPTIONAL): Unable to click on object (Root cause: java.lang.IllegalArgumentException: Object is null)

2019-06-28 15:57:57 - [MESSAGE][WARNING] - Test object with id 'Object Repository/Theme_oR/Page_Ontario Cannabis Store  Ontari/button_Hide bar' does not exist

2019-06-28 15:57:57 - [MESSAGE][WARNING] - Test object with id 'Object Repository/' does not exist

2019-06-28 15:57:57 - [MESSAGE][WARNING] - Unable to click on object (Root cause: java.lang.IllegalArgumentException: Object is null)
[[ATTACHMENT|/Users/sumankompelly/Relative xpath-Mobile/Reports/Live site/20190628_151842/1561751877101.png]]

2019-06-28 15:57:57 - [TEST_STEP][PASSED] - setViewPortSize(360, 800, OPTIONAL): Viewport is set to new size with width = 360 and height = 800

2019-06-28 15:57:57 - [MESSAGE][PASSED] - Viewport is set to new size with width = 360 and height = 800

2019-06-28 15:57:57 - [TEST_STEP][PASSED] - delay(2, OPTIONAL): Delayed 2 second(s)

2019-06-28 15:57:59 - [MESSAGE][PASSED] - Delayed 2 second(s)

2019-06-28 15:57:59 - [TEST_STEP][PASSED] - delay(2): Delayed 2 second(s)

2019-06-28 15:58:01 - [MESSAGE][PASSED] - Delayed 2 second(s)

2019-06-28 15:58:01 - [TEST_STEP][NOT_RUN] - executeJavaScript("var previewBar = document.getElementById("preview-bar-iframe"); previewBar.style.display = "none";", []): NOT_RUN: executeJavaScript("var previewBar = document.getElementById("preview-bar-iframe"); previewBar.style.display = "none";", [])

2019-06-28 15:58:01 - [MESSAGE][NOT_RUN] - NOT_RUN: executeJavaScript("var previewBar = document.getElementById("preview-bar-iframe"); previewBar.style.display = "none";", [])

2019-06-28 15:58:01 - [TEST_STEP][PASSED] - click(findTestObject("OCS-MOBILE /Home - page/Accessibility")): Object: 'Object Repository/OCS-MOBILE /Home - page/Accessibility' is clicked on

2019-06-28 15:58:03 - [MESSAGE][PASSED] - Object: 'Object Repository/OCS-MOBILE /Home - page/Accessibility' is clicked on

2019-06-28 15:58:03 - [TEST_STEP][PASSED] - delay(2): Delayed 2 second(s)

2019-06-28 15:58:05 - [MESSAGE][PASSED] - Delayed 2 second(s)

2019-06-28 15:58:05 - [TEST_STEP][PASSED] - setViewPortSize(1000, 800, OPTIONAL): Viewport is set to new size with width = 1000 and height = 800

2019-06-28 15:58:06 - [MESSAGE][PASSED] - Viewport is set to new size with width = 1000 and height = 800

2019-06-28 15:58:06 - [TEST_STEP][PASSED] - delay(2, OPTIONAL): Delayed 2 second(s)

2019-06-28 15:58:08 - [MESSAGE][PASSED] - Delayed 2 second(s)

2019-06-28 15:58:08 - [TEST_STEP][PASSED] - click(findTestObject("Theme_oR/Page_Ontario Cannabis Store  Ontari/button_Hide bar"), OPTIONAL): Unable to click on object (Root cause: java.lang.IllegalArgumentException: Object is null)

2019-06-28 15:58:08 - [MESSAGE][WARNING] - Test object with id 'Object Repository/Theme_oR/Page_Ontario Cannabis Store  Ontari/button_Hide bar' does not exist

2019-06-28 15:58:08 - [MESSAGE][WARNING] - Test object with id 'Object Repository/' does not exist

2019-06-28 15:58:08 - [MESSAGE][WARNING] - Unable to click on object (Root cause: java.lang.IllegalArgumentException: Object is null)
[[ATTACHMENT|/Users/sumankompelly/Relative xpath-Mobile/Reports/Live site/20190628_151842/1561751888110.png]]

2019-06-28 15:58:08 - [TEST_STEP][PASSED] - setViewPortSize(360, 800, OPTIONAL): Viewport is set to new size with width = 360 and height = 800

2019-06-28 15:58:08 - [MESSAGE][PASSED] - Viewport is set to new size with width = 360 and height = 800

2019-06-28 15:58:08 - [TEST_STEP][PASSED] - delay(2, OPTIONAL): Delayed 2 second(s)

2019-06-28 15:58:10 - [MESSAGE][PASSED] - Delayed 2 second(s)

2019-06-28 15:58:10 - [TEST_STEP][PASSED] - delay(2): Delayed 2 second(s)

2019-06-28 15:58:12 - [MESSAGE][PASSED] - Delayed 2 second(s)

2019-06-28 15:58:12 - [TEST_STEP][NOT_RUN] - executeJavaScript("var previewBar = document.getElementById("preview-bar-iframe"); previewBar.style.display = "none";", []): NOT_RUN: executeJavaScript("var previewBar = document.getElementById("preview-bar-iframe"); previewBar.style.display = "none";", [])

2019-06-28 15:58:12 - [MESSAGE][NOT_RUN] - NOT_RUN: executeJavaScript("var previewBar = document.getElementById("preview-bar-iframe"); previewBar.style.display = "none";", [])

2019-06-28 15:58:12 - [TEST_STEP][PASSED] - click(findTestObject("OCS-MOBILE /Home - page/Delivery to First Nations")): Object: 'Object Repository/OCS-MOBILE /Home - page/Delivery to First Nations' is clicked on

2019-06-28 15:58:15 - [MESSAGE][PASSED] - Object: 'Object Repository/OCS-MOBILE /Home - page/Delivery to First Nations' is clicked on

2019-06-28 15:58:15 - [TEST_STEP][PASSED] - delay(2): Delayed 2 second(s)

2019-06-28 15:58:17 - [MESSAGE][PASSED] - Delayed 2 second(s)

2019-06-28 15:58:17 - [TEST_STEP][PASSED] - setViewPortSize(1000, 800, OPTIONAL): Viewport is set to new size with width = 1000 and height = 800

2019-06-28 15:58:17 - [MESSAGE][PASSED] - Viewport is set to new size with width = 1000 and height = 800

2019-06-28 15:58:17 - [TEST_STEP][PASSED] - delay(2, OPTIONAL): Delayed 2 second(s)

2019-06-28 15:58:19 - [MESSAGE][PASSED] - Delayed 2 second(s)

2019-06-28 15:58:19 - [TEST_STEP][PASSED] - click(findTestObject("Theme_oR/Page_Ontario Cannabis Store  Ontari/button_Hide bar"), OPTIONAL): Unable to click on object (Root cause: java.lang.IllegalArgumentException: Object is null)

2019-06-28 15:58:19 - [MESSAGE][WARNING] - Test object with id 'Object Repository/Theme_oR/Page_Ontario Cannabis Store  Ontari/button_Hide bar' does not exist

2019-06-28 15:58:19 - [MESSAGE][WARNING] - Test object with id 'Object Repository/' does not exist

2019-06-28 15:58:20 - [MESSAGE][WARNING] - Unable to click on object (Root cause: java.lang.IllegalArgumentException: Object is null)
[[ATTACHMENT|/Users/sumankompelly/Relative xpath-Mobile/Reports/Live site/20190628_151842/1561751899733.png]]

2019-06-28 15:58:20 - [TEST_STEP][PASSED] - setViewPortSize(360, 800, OPTIONAL): Viewport is set to new size with width = 360 and height = 800

2019-06-28 15:58:20 - [MESSAGE][PASSED] - Viewport is set to new size with width = 360 and height = 800

2019-06-28 15:58:20 - [TEST_STEP][PASSED] - delay(2, OPTIONAL): Delayed 2 second(s)

2019-06-28 15:58:22 - [MESSAGE][PASSED] - Delayed 2 second(s)

2019-06-28 15:58:22 - [TEST_STEP][PASSED] - delay(2): Delayed 2 second(s)

2019-06-28 15:58:24 - [MESSAGE][PASSED] - Delayed 2 second(s)

2019-06-28 15:58:24 - [TEST_STEP][NOT_RUN] - executeJavaScript("var previewBar = document.getElementById("preview-bar-iframe"); previewBar.style.display = "none";", []): NOT_RUN: executeJavaScript("var previewBar = document.getElementById("preview-bar-iframe"); previewBar.style.display = "none";", [])

2019-06-28 15:58:24 - [MESSAGE][NOT_RUN] - NOT_RUN: executeJavaScript("var previewBar = document.getElementById("preview-bar-iframe"); previewBar.style.display = "none";", [])

2019-06-28 15:58:24 - [TEST_STEP][PASSED] - click(findTestObject("OCS-MOBILE /Home - page/Hello OCS image")): Object: 'Object Repository/OCS-MOBILE /Home - page/Hello OCS image' is clicked on

2019-06-28 15:58:24 - [MESSAGE][PASSED] - Object: 'Object Repository/OCS-MOBILE /Home - page/Hello OCS image' is clicked on

2019-06-28 15:58:24 - [TEST_STEP][PASSED] - delay(2): Delayed 2 second(s)

2019-06-28 15:58:26 - [MESSAGE][PASSED] - Delayed 2 second(s)

2019-06-28 15:58:26 - [TEST_STEP][PASSED] - setViewPortSize(1000, 800, OPTIONAL): Viewport is set to new size with width = 1000 and height = 800

2019-06-28 15:58:26 - [MESSAGE][PASSED] - Viewport is set to new size with width = 1000 and height = 800

2019-06-28 15:58:26 - [TEST_STEP][PASSED] - delay(2, OPTIONAL): Delayed 2 second(s)

2019-06-28 15:58:28 - [MESSAGE][PASSED] - Delayed 2 second(s)

2019-06-28 15:58:28 - [TEST_STEP][PASSED] - click(findTestObject("Theme_oR/Page_Ontario Cannabis Store  Ontari/button_Hide bar"), OPTIONAL): Unable to click on object (Root cause: java.lang.IllegalArgumentException: Object is null)

2019-06-28 15:58:28 - [MESSAGE][WARNING] - Test object with id 'Object Repository/Theme_oR/Page_Ontario Cannabis Store  Ontari/button_Hide bar' does not exist

2019-06-28 15:58:28 - [MESSAGE][WARNING] - Test object with id 'Object Repository/' does not exist

2019-06-28 15:58:28 - [MESSAGE][WARNING] - Unable to click on object (Root cause: java.lang.IllegalArgumentException: Object is null)
[[ATTACHMENT|/Users/sumankompelly/Relative xpath-Mobile/Reports/Live site/20190628_151842/1561751908441.png]]

2019-06-28 15:58:28 - [TEST_STEP][PASSED] - setViewPortSize(360, 800, OPTIONAL): Viewport is set to new size with width = 360 and height = 800

2019-06-28 15:58:28 - [MESSAGE][PASSED] - Viewport is set to new size with width = 360 and height = 800

2019-06-28 15:58:28 - [TEST_STEP][PASSED] - delay(2, OPTIONAL): Delayed 2 second(s)

2019-06-28 15:58:30 - [MESSAGE][PASSED] - Delayed 2 second(s)

2019-06-28 15:58:30 - [TEST_STEP][PASSED] - delay(2): Delayed 2 second(s)

2019-06-28 15:58:32 - [MESSAGE][PASSED] - Delayed 2 second(s)

2019-06-28 15:58:32 - [TEST_STEP][PASSED] - click(findTestObject("OCS-MOBILE /Home - page/twitter")): Object: 'Object Repository/OCS-MOBILE /Home - page/twitter' is clicked on

2019-06-28 15:58:33 - [MESSAGE][PASSED] - Object: 'Object Repository/OCS-MOBILE /Home - page/twitter' is clicked on]]></system-out>
         <system-err><![CDATA[]]></system-err>
      </testcase>
      <testcase name="Test Cases/OCS - MOBILE/OCS- HOME PAGE/why trust OCS" classname="Test Cases/OCS - MOBILE/OCS- HOME PAGE/why trust OCS" status="PASSED">
         <system-out><![CDATA[2019-06-28 15:58:33 - [TEST_CASE][PASSED] - Test Cases/OCS - MOBILE/OCS- HOME PAGE/why trust OCS: Test Cases/OCS - MOBILE/OCS- HOME PAGE/why trust OCS

2019-06-28 15:58:33 - [TEST_STEP][PASSED] - callTestCase(findTestCase("OCS - MOBILE/CALL - AGE GATE"), [:], STOP_ON_FAILURE): Call Test Case 'Test Cases/OCS - MOBILE/CALL - AGE GATE' successfully

2019-06-28 15:58:33 - [TEST_CASE][PASSED] - Test Cases/OCS - MOBILE/CALL - AGE GATE: Test Cases/OCS - MOBILE/CALL - AGE GATE

2019-06-28 15:58:33 - [TEST_STEP][PASSED] - openBrowser(""): Browser is opened with url: ''

2019-06-28 15:58:33 - [MESSAGE][WARNING] - A browser is already opened. Closing browser and opening a new one

2019-06-28 15:58:33 - [MESSAGE][INFO] - Starting 'Chrome' driver

2019-06-28 15:58:34 - [MESSAGE][PASSED] - Browser is opened with url: ''

2019-06-28 15:58:34 - [TEST_STEP][PASSED] - navigateToUrl("ocs.ca"): Navigate to 'http://ocs.ca' successfully

2019-06-28 15:58:38 - [MESSAGE][PASSED] - Navigate to 'http://ocs.ca' successfully

2019-06-28 15:58:38 - [TEST_STEP][NOT_RUN] - executeJavaScript("var previewBar = document.getElementById("preview-bar-iframe"); previewBar.style.display = "none";", []): NOT_RUN: executeJavaScript("var previewBar = document.getElementById("preview-bar-iframe"); previewBar.style.display = "none";", [])

2019-06-28 15:58:38 - [MESSAGE][NOT_RUN] - NOT_RUN: executeJavaScript("var previewBar = document.getElementById("preview-bar-iframe"); previewBar.style.display = "none";", [])

2019-06-28 15:58:38 - [TEST_STEP][PASSED] - setViewPortSize(360, 800): Viewport is set to new size with width = 360 and height = 800

2019-06-28 15:58:39 - [MESSAGE][PASSED] - Viewport is set to new size with width = 360 and height = 800

2019-06-28 15:58:39 - [TEST_STEP][PASSED] - delay(4): Delayed 4 second(s)

2019-06-28 15:58:43 - [MESSAGE][PASSED] - Delayed 4 second(s)

2019-06-28 15:58:43 - [TEST_STEP][PASSED] - selectOptionByValue(findTestObject("OCS-MOBILE /Age gate and burger menu/Date"), "12", true): All options with value '12' are selected in object 'Object Repository/OCS-MOBILE /Age gate and burger menu/Date'  using regular expression

2019-06-28 15:58:43 - [MESSAGE][PASSED] - All options with value '12' are selected in object 'Object Repository/OCS-MOBILE /Age gate and burger menu/Date'  using regular expression

2019-06-28 15:58:43 - [TEST_STEP][PASSED] - selectOptionByValue(findTestObject("OCS-MOBILE /Age gate and burger menu/month"), "6", true): All options with value '6' are selected in object 'Object Repository/OCS-MOBILE /Age gate and burger menu/month'  using regular expression

2019-06-28 15:58:43 - [MESSAGE][PASSED] - All options with value '6' are selected in object 'Object Repository/OCS-MOBILE /Age gate and burger menu/month'  using regular expression

2019-06-28 15:58:43 - [TEST_STEP][PASSED] - delay(2): Delayed 2 second(s)

2019-06-28 15:58:45 - [MESSAGE][PASSED] - Delayed 2 second(s)

2019-06-28 15:58:45 - [TEST_STEP][PASSED] - selectOptionByValue(findTestObject("OCS-MOBILE /Age gate and burger menu/Year Dropdown"), "1990", true): All options with value '1990' are selected in object 'Object Repository/OCS-MOBILE /Age gate and burger menu/Year Dropdown'  using regular expression

2019-06-28 15:58:46 - [MESSAGE][PASSED] - All options with value '1990' are selected in object 'Object Repository/OCS-MOBILE /Age gate and burger menu/Year Dropdown'  using regular expression

2019-06-28 15:58:46 - [TEST_STEP][PASSED] - click(findTestObject("OCS-MOBILE /Age gate and Mega menu/button_Verify")): Object: 'Object Repository/OCS-MOBILE /Age gate and Mega menu/button_Verify' is clicked on

2019-06-28 15:58:46 - [MESSAGE][PASSED] - Object: 'Object Repository/OCS-MOBILE /Age gate and Mega menu/button_Verify' is clicked on

2019-06-28 15:58:46 - [TEST_STEP][PASSED] - click(findTestObject("OCS-MOBILE /Age gate and Mega menu/Checkbox_CONFIRM AND ACKNOWLEDGE")): Object: 'Object Repository/OCS-MOBILE /Age gate and Mega menu/Checkbox_CONFIRM AND ACKNOWLEDGE' is clicked on

2019-06-28 15:58:46 - [MESSAGE][PASSED] - Object: 'Object Repository/OCS-MOBILE /Age gate and Mega menu/Checkbox_CONFIRM AND ACKNOWLEDGE' is clicked on

2019-06-28 15:58:46 - [TEST_STEP][PASSED] - click(findTestObject("OCS-MOBILE /Age gate and Mega menu/button_CONFIRM")): Object: 'Object Repository/OCS-MOBILE /Age gate and Mega menu/button_CONFIRM' is clicked on

2019-06-28 15:58:46 - [MESSAGE][PASSED] - Object: 'Object Repository/OCS-MOBILE /Age gate and Mega menu/button_CONFIRM' is clicked on

2019-06-28 15:58:46 - [TEST_STEP][PASSED] - click(findTestObject("OCS-MOBILE /Age gate and Mega menu/button_Start Browsing")): Object: 'Object Repository/OCS-MOBILE /Age gate and Mega menu/button_Start Browsing' is clicked on

2019-06-28 15:58:46 - [MESSAGE][PASSED] - Object: 'Object Repository/OCS-MOBILE /Age gate and Mega menu/button_Start Browsing' is clicked on

2019-06-28 15:58:46 - [TEST_STEP][PASSED] - refresh(): Refresh successfully

2019-06-28 15:58:46 - [MESSAGE][PASSED] - Refresh successfully

2019-06-28 15:58:46 - [TEST_STEP][NOT_RUN] - executeJavaScript("var previewBar = document.getElementById("preview-bar-iframe"); previewBar.style.display = "none";", []): NOT_RUN: executeJavaScript("var previewBar = document.getElementById("preview-bar-iframe"); previewBar.style.display = "none";", [])

2019-06-28 15:58:46 - [MESSAGE][NOT_RUN] - NOT_RUN: executeJavaScript("var previewBar = document.getElementById("preview-bar-iframe"); previewBar.style.display = "none";", [])

2019-06-28 15:58:46 - [MESSAGE][PASSED] - Call Test Case 'Test Cases/OCS - MOBILE/CALL - AGE GATE' successfully

2019-06-28 15:58:46 - [TEST_STEP][PASSED] - delay(2): Delayed 2 second(s)

2019-06-28 15:58:48 - [MESSAGE][PASSED] - Delayed 2 second(s)

2019-06-28 15:58:48 - [TEST_STEP][NOT_RUN] - executeJavaScript("var previewBar = document.getElementById("preview-bar-iframe"); previewBar.style.display = "none";", []): NOT_RUN: executeJavaScript("var previewBar = document.getElementById("preview-bar-iframe"); previewBar.style.display = "none";", [])

2019-06-28 15:58:48 - [MESSAGE][NOT_RUN] - NOT_RUN: executeJavaScript("var previewBar = document.getElementById("preview-bar-iframe"); previewBar.style.display = "none";", [])

2019-06-28 15:58:48 - [TEST_STEP][PASSED] - setViewPortSize(1000, 800, OPTIONAL): Viewport is set to new size with width = 1000 and height = 800

2019-06-28 15:58:49 - [MESSAGE][PASSED] - Viewport is set to new size with width = 1000 and height = 800

2019-06-28 15:58:49 - [TEST_STEP][PASSED] - delay(2, OPTIONAL): Delayed 2 second(s)

2019-06-28 15:58:51 - [MESSAGE][PASSED] - Delayed 2 second(s)

2019-06-28 15:58:51 - [TEST_STEP][PASSED] - click(findTestObject("Theme_oR/Page_Ontario Cannabis Store  Ontari/button_Hide bar"), OPTIONAL): Unable to click on object (Root cause: java.lang.IllegalArgumentException: Object is null)

2019-06-28 15:58:51 - [MESSAGE][WARNING] - Test object with id 'Object Repository/Theme_oR/Page_Ontario Cannabis Store  Ontari/button_Hide bar' does not exist

2019-06-28 15:58:51 - [MESSAGE][WARNING] - Test object with id 'Object Repository/' does not exist

2019-06-28 15:58:52 - [MESSAGE][WARNING] - Unable to click on object (Root cause: java.lang.IllegalArgumentException: Object is null)
[[ATTACHMENT|/Users/sumankompelly/Relative xpath-Mobile/Reports/Live site/20190628_151842/1561751931032.png]]

2019-06-28 15:58:52 - [TEST_STEP][PASSED] - delay(2, OPTIONAL): Delayed 2 second(s)

2019-06-28 15:58:54 - [MESSAGE][PASSED] - Delayed 2 second(s)

2019-06-28 15:58:54 - [TEST_STEP][PASSED] - setViewPortSize(360, 800, OPTIONAL): Viewport is set to new size with width = 360 and height = 800

2019-06-28 15:58:54 - [MESSAGE][PASSED] - Viewport is set to new size with width = 360 and height = 800

2019-06-28 15:58:54 - [TEST_STEP][PASSED] - delay(1, OPTIONAL): Delayed 1 second(s)

2019-06-28 15:58:55 - [MESSAGE][PASSED] - Delayed 1 second(s)

2019-06-28 15:58:55 - [TEST_STEP][PASSED] - click(findTestObject("OCS-MOBILE /Home - page/Why trust OCS -img")): Object: 'Object Repository/OCS-MOBILE /Home - page/Why trust OCS -img' is clicked on

2019-06-28 15:58:59 - [MESSAGE][PASSED] - Object: 'Object Repository/OCS-MOBILE /Home - page/Why trust OCS -img' is clicked on]]></system-out>
         <system-err><![CDATA[]]></system-err>
      </testcase>
      <testcase name="Test Cases/OCS - MOBILE/OCS- HOME PAGE/How to choose cannabis-learn more" classname="Test Cases/OCS - MOBILE/OCS- HOME PAGE/How to choose cannabis-learn more" status="PASSED">
         <system-out><![CDATA[2019-06-28 15:58:59 - [TEST_CASE][PASSED] - Test Cases/OCS - MOBILE/OCS- HOME PAGE/How to choose cannabis-learn more: Test Cases/OCS - MOBILE/OCS- HOME PAGE/How to choose cannabis-learn more

2019-06-28 15:58:59 - [TEST_STEP][PASSED] - callTestCase(findTestCase("OCS - MOBILE/CALL - AGE GATE"), [:], STOP_ON_FAILURE): Call Test Case 'Test Cases/OCS - MOBILE/CALL - AGE GATE' successfully

2019-06-28 15:58:59 - [TEST_CASE][PASSED] - Test Cases/OCS - MOBILE/CALL - AGE GATE: Test Cases/OCS - MOBILE/CALL - AGE GATE

2019-06-28 15:58:59 - [TEST_STEP][PASSED] - openBrowser(""): Browser is opened with url: ''

2019-06-28 15:58:59 - [MESSAGE][WARNING] - A browser is already opened. Closing browser and opening a new one

2019-06-28 15:58:59 - [MESSAGE][INFO] - Starting 'Chrome' driver

2019-06-28 15:59:00 - [MESSAGE][PASSED] - Browser is opened with url: ''

2019-06-28 15:59:00 - [TEST_STEP][PASSED] - navigateToUrl("ocs.ca"): Navigate to 'http://ocs.ca' successfully

2019-06-28 15:59:05 - [MESSAGE][PASSED] - Navigate to 'http://ocs.ca' successfully

2019-06-28 15:59:05 - [TEST_STEP][NOT_RUN] - executeJavaScript("var previewBar = document.getElementById("preview-bar-iframe"); previewBar.style.display = "none";", []): NOT_RUN: executeJavaScript("var previewBar = document.getElementById("preview-bar-iframe"); previewBar.style.display = "none";", [])

2019-06-28 15:59:05 - [MESSAGE][NOT_RUN] - NOT_RUN: executeJavaScript("var previewBar = document.getElementById("preview-bar-iframe"); previewBar.style.display = "none";", [])

2019-06-28 15:59:05 - [TEST_STEP][PASSED] - setViewPortSize(360, 800): Viewport is set to new size with width = 360 and height = 800

2019-06-28 15:59:05 - [MESSAGE][PASSED] - Viewport is set to new size with width = 360 and height = 800

2019-06-28 15:59:05 - [TEST_STEP][PASSED] - delay(4): Delayed 4 second(s)

2019-06-28 15:59:09 - [MESSAGE][PASSED] - Delayed 4 second(s)

2019-06-28 15:59:09 - [TEST_STEP][PASSED] - selectOptionByValue(findTestObject("OCS-MOBILE /Age gate and burger menu/Date"), "12", true): All options with value '12' are selected in object 'Object Repository/OCS-MOBILE /Age gate and burger menu/Date'  using regular expression

2019-06-28 15:59:10 - [MESSAGE][PASSED] - All options with value '12' are selected in object 'Object Repository/OCS-MOBILE /Age gate and burger menu/Date'  using regular expression

2019-06-28 15:59:10 - [TEST_STEP][PASSED] - selectOptionByValue(findTestObject("OCS-MOBILE /Age gate and burger menu/month"), "6", true): All options with value '6' are selected in object 'Object Repository/OCS-MOBILE /Age gate and burger menu/month'  using regular expression

2019-06-28 15:59:10 - [MESSAGE][PASSED] - All options with value '6' are selected in object 'Object Repository/OCS-MOBILE /Age gate and burger menu/month'  using regular expression

2019-06-28 15:59:10 - [TEST_STEP][PASSED] - delay(2): Delayed 2 second(s)

2019-06-28 15:59:12 - [MESSAGE][PASSED] - Delayed 2 second(s)

2019-06-28 15:59:12 - [TEST_STEP][PASSED] - selectOptionByValue(findTestObject("OCS-MOBILE /Age gate and burger menu/Year Dropdown"), "1990", true): All options with value '1990' are selected in object 'Object Repository/OCS-MOBILE /Age gate and burger menu/Year Dropdown'  using regular expression

2019-06-28 15:59:13 - [MESSAGE][PASSED] - All options with value '1990' are selected in object 'Object Repository/OCS-MOBILE /Age gate and burger menu/Year Dropdown'  using regular expression

2019-06-28 15:59:13 - [TEST_STEP][PASSED] - click(findTestObject("OCS-MOBILE /Age gate and Mega menu/button_Verify")): Object: 'Object Repository/OCS-MOBILE /Age gate and Mega menu/button_Verify' is clicked on

2019-06-28 15:59:13 - [MESSAGE][PASSED] - Object: 'Object Repository/OCS-MOBILE /Age gate and Mega menu/button_Verify' is clicked on

2019-06-28 15:59:13 - [TEST_STEP][PASSED] - click(findTestObject("OCS-MOBILE /Age gate and Mega menu/Checkbox_CONFIRM AND ACKNOWLEDGE")): Object: 'Object Repository/OCS-MOBILE /Age gate and Mega menu/Checkbox_CONFIRM AND ACKNOWLEDGE' is clicked on

2019-06-28 15:59:13 - [MESSAGE][PASSED] - Object: 'Object Repository/OCS-MOBILE /Age gate and Mega menu/Checkbox_CONFIRM AND ACKNOWLEDGE' is clicked on

2019-06-28 15:59:13 - [TEST_STEP][PASSED] - click(findTestObject("OCS-MOBILE /Age gate and Mega menu/button_CONFIRM")): Object: 'Object Repository/OCS-MOBILE /Age gate and Mega menu/button_CONFIRM' is clicked on

2019-06-28 15:59:13 - [MESSAGE][PASSED] - Object: 'Object Repository/OCS-MOBILE /Age gate and Mega menu/button_CONFIRM' is clicked on

2019-06-28 15:59:13 - [TEST_STEP][PASSED] - click(findTestObject("OCS-MOBILE /Age gate and Mega menu/button_Start Browsing")): Object: 'Object Repository/OCS-MOBILE /Age gate and Mega menu/button_Start Browsing' is clicked on

2019-06-28 15:59:13 - [MESSAGE][PASSED] - Object: 'Object Repository/OCS-MOBILE /Age gate and Mega menu/button_Start Browsing' is clicked on

2019-06-28 15:59:13 - [TEST_STEP][PASSED] - refresh(): Refresh successfully

2019-06-28 15:59:15 - [MESSAGE][PASSED] - Refresh successfully

2019-06-28 15:59:15 - [TEST_STEP][NOT_RUN] - executeJavaScript("var previewBar = document.getElementById("preview-bar-iframe"); previewBar.style.display = "none";", []): NOT_RUN: executeJavaScript("var previewBar = document.getElementById("preview-bar-iframe"); previewBar.style.display = "none";", [])

2019-06-28 15:59:15 - [MESSAGE][NOT_RUN] - NOT_RUN: executeJavaScript("var previewBar = document.getElementById("preview-bar-iframe"); previewBar.style.display = "none";", [])

2019-06-28 15:59:15 - [MESSAGE][PASSED] - Call Test Case 'Test Cases/OCS - MOBILE/CALL - AGE GATE' successfully

2019-06-28 15:59:15 - [TEST_STEP][PASSED] - delay(2): Delayed 2 second(s)

2019-06-28 15:59:17 - [MESSAGE][PASSED] - Delayed 2 second(s)

2019-06-28 15:59:17 - [TEST_STEP][PASSED] - delay(2): Delayed 2 second(s)

2019-06-28 15:59:19 - [MESSAGE][PASSED] - Delayed 2 second(s)

2019-06-28 15:59:19 - [TEST_STEP][PASSED] - setViewPortSize(1000, 800, OPTIONAL): Viewport is set to new size with width = 1000 and height = 800

2019-06-28 15:59:20 - [MESSAGE][PASSED] - Viewport is set to new size with width = 1000 and height = 800

2019-06-28 15:59:20 - [TEST_STEP][PASSED] - delay(2, OPTIONAL): Delayed 2 second(s)

2019-06-28 15:59:22 - [MESSAGE][PASSED] - Delayed 2 second(s)

2019-06-28 15:59:22 - [TEST_STEP][PASSED] - click(findTestObject("Theme_oR/Page_Ontario Cannabis Store  Ontari/button_Hide bar"), OPTIONAL): Unable to click on object (Root cause: java.lang.IllegalArgumentException: Object is null)

2019-06-28 15:59:22 - [MESSAGE][WARNING] - Test object with id 'Object Repository/Theme_oR/Page_Ontario Cannabis Store  Ontari/button_Hide bar' does not exist

2019-06-28 15:59:22 - [MESSAGE][WARNING] - Test object with id 'Object Repository/' does not exist

2019-06-28 15:59:22 - [MESSAGE][WARNING] - Unable to click on object (Root cause: java.lang.IllegalArgumentException: Object is null)
[[ATTACHMENT|/Users/sumankompelly/Relative xpath-Mobile/Reports/Live site/20190628_151842/1561751962079.png]]

2019-06-28 15:59:22 - [TEST_STEP][PASSED] - delay(2, OPTIONAL): Delayed 2 second(s)

2019-06-28 15:59:24 - [MESSAGE][PASSED] - Delayed 2 second(s)

2019-06-28 15:59:24 - [TEST_STEP][PASSED] - setViewPortSize(360, 800, OPTIONAL): Viewport is set to new size with width = 360 and height = 800

2019-06-28 15:59:24 - [MESSAGE][PASSED] - Viewport is set to new size with width = 360 and height = 800

2019-06-28 15:59:24 - [TEST_STEP][PASSED] - delay(1, OPTIONAL): Delayed 1 second(s)

2019-06-28 15:59:25 - [MESSAGE][PASSED] - Delayed 1 second(s)

2019-06-28 15:59:25 - [TEST_STEP][NOT_RUN] - executeJavaScript("var previewBar = document.getElementById("preview-bar-iframe"); previewBar.style.display = "none";", []): NOT_RUN: executeJavaScript("var previewBar = document.getElementById("preview-bar-iframe"); previewBar.style.display = "none";", [])

2019-06-28 15:59:25 - [MESSAGE][NOT_RUN] - NOT_RUN: executeJavaScript("var previewBar = document.getElementById("preview-bar-iframe"); previewBar.style.display = "none";", [])

2019-06-28 15:59:25 - [TEST_STEP][PASSED] - click(findTestObject("OCS-MOBILE /Home - page/a_Learn more- A brief history of cannabis")): Object: 'Object Repository/OCS-MOBILE /Home - page/a_Learn more- A brief history of cannabis' is clicked on

2019-06-28 15:59:28 - [MESSAGE][PASSED] - Object: 'Object Repository/OCS-MOBILE /Home - page/a_Learn more- A brief history of cannabis' is clicked on

2019-06-28 15:59:28 - [TEST_STEP][PASSED] - click(findTestObject("OCS-MOBILE /Home - page/OCS icon"), STOP_ON_FAILURE): Object: 'Object Repository/OCS-MOBILE /Home - page/OCS icon' is clicked on

2019-06-28 15:59:30 - [MESSAGE][PASSED] - Object: 'Object Repository/OCS-MOBILE /Home - page/OCS icon' is clicked on

2019-06-28 15:59:30 - [TEST_STEP][NOT_RUN] - back(): NOT_RUN: back()

2019-06-28 15:59:30 - [MESSAGE][NOT_RUN] - NOT_RUN: back()

2019-06-28 15:59:30 - [TEST_STEP][PASSED] - delay(2): Delayed 2 second(s)

2019-06-28 15:59:32 - [MESSAGE][PASSED] - Delayed 2 second(s)

2019-06-28 15:59:32 - [TEST_STEP][PASSED] - setViewPortSize(1000, 800, OPTIONAL): Viewport is set to new size with width = 1000 and height = 800

2019-06-28 15:59:32 - [MESSAGE][PASSED] - Viewport is set to new size with width = 1000 and height = 800

2019-06-28 15:59:32 - [TEST_STEP][PASSED] - delay(2, OPTIONAL): Delayed 2 second(s)

2019-06-28 15:59:34 - [MESSAGE][PASSED] - Delayed 2 second(s)

2019-06-28 15:59:34 - [TEST_STEP][PASSED] - click(findTestObject("Theme_oR/Page_Ontario Cannabis Store  Ontari/button_Hide bar"), OPTIONAL): Unable to click on object (Root cause: java.lang.IllegalArgumentException: Object is null)

2019-06-28 15:59:34 - [MESSAGE][WARNING] - Test object with id 'Object Repository/Theme_oR/Page_Ontario Cannabis Store  Ontari/button_Hide bar' does not exist

2019-06-28 15:59:34 - [MESSAGE][WARNING] - Test object with id 'Object Repository/' does not exist

2019-06-28 15:59:34 - [MESSAGE][WARNING] - Unable to click on object (Root cause: java.lang.IllegalArgumentException: Object is null)
[[ATTACHMENT|/Users/sumankompelly/Relative xpath-Mobile/Reports/Live site/20190628_151842/1561751974475.png]]

2019-06-28 15:59:34 - [TEST_STEP][PASSED] - delay(2, OPTIONAL): Delayed 2 second(s)

2019-06-28 15:59:36 - [MESSAGE][PASSED] - Delayed 2 second(s)

2019-06-28 15:59:36 - [TEST_STEP][PASSED] - setViewPortSize(360, 800, OPTIONAL): Viewport is set to new size with width = 360 and height = 800

2019-06-28 15:59:37 - [MESSAGE][PASSED] - Viewport is set to new size with width = 360 and height = 800

2019-06-28 15:59:37 - [TEST_STEP][PASSED] - delay(3, OPTIONAL): Delayed 3 second(s)

2019-06-28 15:59:40 - [MESSAGE][PASSED] - Delayed 3 second(s)

2019-06-28 15:59:40 - [TEST_STEP][NOT_RUN] - executeJavaScript("var previewBar = document.getElementById("preview-bar-iframe"); previewBar.style.display = "none";", []): NOT_RUN: executeJavaScript("var previewBar = document.getElementById("preview-bar-iframe"); previewBar.style.display = "none";", [])

2019-06-28 15:59:40 - [MESSAGE][NOT_RUN] - NOT_RUN: executeJavaScript("var previewBar = document.getElementById("preview-bar-iframe"); previewBar.style.display = "none";", [])

2019-06-28 15:59:40 - [TEST_STEP][PASSED] - click(findTestObject("OCS-MOBILE /Home - page/a_Learn more- Tips for responsible use")): Object: 'Object Repository/OCS-MOBILE /Home - page/a_Learn more- Tips for responsible use' is clicked on

2019-06-28 15:59:43 - [MESSAGE][PASSED] - Object: 'Object Repository/OCS-MOBILE /Home - page/a_Learn more- Tips for responsible use' is clicked on]]></system-out>
         <system-err><![CDATA[]]></system-err>
      </testcase>
      <testcase name="Test Cases/OCS - MOBILE/OCS- HOME PAGE/HP -Burger menu-FAQ" classname="Test Cases/OCS - MOBILE/OCS- HOME PAGE/HP -Burger menu-FAQ" status="PASSED">
         <system-out><![CDATA[2019-06-28 15:59:43 - [TEST_CASE][PASSED] - Test Cases/OCS - MOBILE/OCS- HOME PAGE/HP -Burger menu-FAQ: Test Cases/OCS - MOBILE/OCS- HOME PAGE/HP -Burger menu-FAQ

2019-06-28 15:59:43 - [TEST_STEP][PASSED] - callTestCase(findTestCase("OCS - MOBILE/CALL - AGE GATE"), [:], STOP_ON_FAILURE): Call Test Case 'Test Cases/OCS - MOBILE/CALL - AGE GATE' successfully

2019-06-28 15:59:43 - [TEST_CASE][PASSED] - Test Cases/OCS - MOBILE/CALL - AGE GATE: Test Cases/OCS - MOBILE/CALL - AGE GATE

2019-06-28 15:59:43 - [TEST_STEP][PASSED] - openBrowser(""): Browser is opened with url: ''

2019-06-28 15:59:43 - [MESSAGE][WARNING] - A browser is already opened. Closing browser and opening a new one

2019-06-28 15:59:43 - [MESSAGE][INFO] - Starting 'Chrome' driver

2019-06-28 15:59:44 - [MESSAGE][PASSED] - Browser is opened with url: ''

2019-06-28 15:59:44 - [TEST_STEP][PASSED] - navigateToUrl("ocs.ca"): Navigate to 'http://ocs.ca' successfully

2019-06-28 15:59:49 - [MESSAGE][PASSED] - Navigate to 'http://ocs.ca' successfully

2019-06-28 15:59:49 - [TEST_STEP][NOT_RUN] - executeJavaScript("var previewBar = document.getElementById("preview-bar-iframe"); previewBar.style.display = "none";", []): NOT_RUN: executeJavaScript("var previewBar = document.getElementById("preview-bar-iframe"); previewBar.style.display = "none";", [])

2019-06-28 15:59:49 - [MESSAGE][NOT_RUN] - NOT_RUN: executeJavaScript("var previewBar = document.getElementById("preview-bar-iframe"); previewBar.style.display = "none";", [])

2019-06-28 15:59:49 - [TEST_STEP][PASSED] - setViewPortSize(360, 800): Viewport is set to new size with width = 360 and height = 800

2019-06-28 15:59:49 - [MESSAGE][PASSED] - Viewport is set to new size with width = 360 and height = 800

2019-06-28 15:59:49 - [TEST_STEP][PASSED] - delay(4): Delayed 4 second(s)

2019-06-28 15:59:53 - [MESSAGE][PASSED] - Delayed 4 second(s)

2019-06-28 15:59:53 - [TEST_STEP][PASSED] - selectOptionByValue(findTestObject("OCS-MOBILE /Age gate and burger menu/Date"), "12", true): All options with value '12' are selected in object 'Object Repository/OCS-MOBILE /Age gate and burger menu/Date'  using regular expression

2019-06-28 15:59:53 - [MESSAGE][PASSED] - All options with value '12' are selected in object 'Object Repository/OCS-MOBILE /Age gate and burger menu/Date'  using regular expression

2019-06-28 15:59:53 - [TEST_STEP][PASSED] - selectOptionByValue(findTestObject("OCS-MOBILE /Age gate and burger menu/month"), "6", true): All options with value '6' are selected in object 'Object Repository/OCS-MOBILE /Age gate and burger menu/month'  using regular expression

2019-06-28 15:59:53 - [MESSAGE][PASSED] - All options with value '6' are selected in object 'Object Repository/OCS-MOBILE /Age gate and burger menu/month'  using regular expression

2019-06-28 15:59:53 - [TEST_STEP][PASSED] - delay(2): Delayed 2 second(s)

2019-06-28 15:59:55 - [MESSAGE][PASSED] - Delayed 2 second(s)

2019-06-28 15:59:55 - [TEST_STEP][PASSED] - selectOptionByValue(findTestObject("OCS-MOBILE /Age gate and burger menu/Year Dropdown"), "1990", true): All options with value '1990' are selected in object 'Object Repository/OCS-MOBILE /Age gate and burger menu/Year Dropdown'  using regular expression

2019-06-28 15:59:56 - [MESSAGE][PASSED] - All options with value '1990' are selected in object 'Object Repository/OCS-MOBILE /Age gate and burger menu/Year Dropdown'  using regular expression

2019-06-28 15:59:56 - [TEST_STEP][PASSED] - click(findTestObject("OCS-MOBILE /Age gate and Mega menu/button_Verify")): Object: 'Object Repository/OCS-MOBILE /Age gate and Mega menu/button_Verify' is clicked on

2019-06-28 15:59:56 - [MESSAGE][PASSED] - Object: 'Object Repository/OCS-MOBILE /Age gate and Mega menu/button_Verify' is clicked on

2019-06-28 15:59:56 - [TEST_STEP][PASSED] - click(findTestObject("OCS-MOBILE /Age gate and Mega menu/Checkbox_CONFIRM AND ACKNOWLEDGE")): Object: 'Object Repository/OCS-MOBILE /Age gate and Mega menu/Checkbox_CONFIRM AND ACKNOWLEDGE' is clicked on

2019-06-28 15:59:56 - [MESSAGE][PASSED] - Object: 'Object Repository/OCS-MOBILE /Age gate and Mega menu/Checkbox_CONFIRM AND ACKNOWLEDGE' is clicked on

2019-06-28 15:59:56 - [TEST_STEP][PASSED] - click(findTestObject("OCS-MOBILE /Age gate and Mega menu/button_CONFIRM")): Object: 'Object Repository/OCS-MOBILE /Age gate and Mega menu/button_CONFIRM' is clicked on

2019-06-28 15:59:56 - [MESSAGE][PASSED] - Object: 'Object Repository/OCS-MOBILE /Age gate and Mega menu/button_CONFIRM' is clicked on

2019-06-28 15:59:56 - [TEST_STEP][PASSED] - click(findTestObject("OCS-MOBILE /Age gate and Mega menu/button_Start Browsing")): Object: 'Object Repository/OCS-MOBILE /Age gate and Mega menu/button_Start Browsing' is clicked on

2019-06-28 15:59:56 - [MESSAGE][PASSED] - Object: 'Object Repository/OCS-MOBILE /Age gate and Mega menu/button_Start Browsing' is clicked on

2019-06-28 15:59:56 - [TEST_STEP][PASSED] - refresh(): Refresh successfully

2019-06-28 15:59:58 - [MESSAGE][PASSED] - Refresh successfully

2019-06-28 15:59:58 - [TEST_STEP][NOT_RUN] - executeJavaScript("var previewBar = document.getElementById("preview-bar-iframe"); previewBar.style.display = "none";", []): NOT_RUN: executeJavaScript("var previewBar = document.getElementById("preview-bar-iframe"); previewBar.style.display = "none";", [])

2019-06-28 15:59:58 - [MESSAGE][NOT_RUN] - NOT_RUN: executeJavaScript("var previewBar = document.getElementById("preview-bar-iframe"); previewBar.style.display = "none";", [])

2019-06-28 15:59:58 - [MESSAGE][PASSED] - Call Test Case 'Test Cases/OCS - MOBILE/CALL - AGE GATE' successfully

2019-06-28 15:59:58 - [TEST_STEP][PASSED] - delay(2): Delayed 2 second(s)

2019-06-28 16:00:00 - [MESSAGE][PASSED] - Delayed 2 second(s)

2019-06-28 16:00:00 - [TEST_STEP][NOT_RUN] - executeJavaScript("var previewBar = document.getElementById("preview-bar-iframe"); previewBar.style.display = "none";", []): NOT_RUN: executeJavaScript("var previewBar = document.getElementById("preview-bar-iframe"); previewBar.style.display = "none";", [])

2019-06-28 16:00:00 - [MESSAGE][NOT_RUN] - NOT_RUN: executeJavaScript("var previewBar = document.getElementById("preview-bar-iframe"); previewBar.style.display = "none";", [])

2019-06-28 16:00:00 - [TEST_STEP][PASSED] - delay(2): Delayed 2 second(s)

2019-06-28 16:00:02 - [MESSAGE][PASSED] - Delayed 2 second(s)

2019-06-28 16:00:02 - [TEST_STEP][PASSED] - click(findTestObject("OCS-MOBILE /Age gate and burger menu/Burger menu - English")): Object: 'Object Repository/OCS-MOBILE /Age gate and burger menu/Burger menu - English' is clicked on

2019-06-28 16:00:02 - [MESSAGE][PASSED] - Object: 'Object Repository/OCS-MOBILE /Age gate and burger menu/Burger menu - English' is clicked on

2019-06-28 16:00:02 - [TEST_STEP][PASSED] - delay(2): Delayed 2 second(s)

2019-06-28 16:00:04 - [MESSAGE][PASSED] - Delayed 2 second(s)

2019-06-28 16:00:04 - [TEST_STEP][PASSED] - click(findTestObject("OCS-MOBILE /FAQ page/FAQ")): Object: 'Object Repository/OCS-MOBILE /FAQ page/FAQ' is clicked on

2019-06-28 16:00:04 - [MESSAGE][PASSED] - Object: 'Object Repository/OCS-MOBILE /FAQ page/FAQ' is clicked on

2019-06-28 16:00:04 - [TEST_STEP][PASSED] - delay(1): Delayed 1 second(s)

2019-06-28 16:00:05 - [MESSAGE][PASSED] - Delayed 1 second(s)

2019-06-28 16:00:05 - [TEST_STEP][PASSED] - click(findTestObject("OCS-MOBILE /FAQ page/First chevron link")): Object: 'Object Repository/OCS-MOBILE /FAQ page/First chevron link' is clicked on

2019-06-28 16:00:10 - [MESSAGE][PASSED] - Object: 'Object Repository/OCS-MOBILE /FAQ page/First chevron link' is clicked on

2019-06-28 16:00:10 - [TEST_STEP][PASSED] - delay(1): Delayed 1 second(s)

2019-06-28 16:00:11 - [MESSAGE][PASSED] - Delayed 1 second(s)

2019-06-28 16:00:11 - [TEST_STEP][NOT_RUN] - executeJavaScript("var previewBar = document.getElementById("preview-bar-iframe"); previewBar.style.display = "none";", []): NOT_RUN: executeJavaScript("var previewBar = document.getElementById("preview-bar-iframe"); previewBar.style.display = "none";", [])

2019-06-28 16:00:11 - [MESSAGE][NOT_RUN] - NOT_RUN: executeJavaScript("var previewBar = document.getElementById("preview-bar-iframe"); previewBar.style.display = "none";", [])

2019-06-28 16:00:11 - [TEST_STEP][PASSED] - scrollToElement(findTestObject("OCS-MOBILE /FAQ page/scroll view element"), 0): Scroll to object 'Object Repository/OCS-MOBILE /FAQ page/scroll view element' successfully

2019-06-28 16:00:11 - [MESSAGE][WARNING] - Timeout '0' is invalid. Using default page load timeout: '30'

2019-06-28 16:00:11 - [MESSAGE][PASSED] - Scroll to object 'Object Repository/OCS-MOBILE /FAQ page/scroll view element' successfully

2019-06-28 16:00:11 - [TEST_STEP][PASSED] - delay(1): Delayed 1 second(s)

2019-06-28 16:00:12 - [MESSAGE][PASSED] - Delayed 1 second(s)

2019-06-28 16:00:12 - [TEST_STEP][PASSED] - click(findTestObject("OCS-MOBILE /FAQ page/Dropdown button -First chevron -open- FAQ")): Object: 'Object Repository/OCS-MOBILE /FAQ page/Dropdown button -First chevron -open- FAQ' is clicked on

2019-06-28 16:00:12 - [MESSAGE][PASSED] - Object: 'Object Repository/OCS-MOBILE /FAQ page/Dropdown button -First chevron -open- FAQ' is clicked on

2019-06-28 16:00:12 - [TEST_STEP][PASSED] - delay(1): Delayed 1 second(s)

2019-06-28 16:00:13 - [MESSAGE][PASSED] - Delayed 1 second(s)

2019-06-28 16:00:13 - [TEST_STEP][PASSED] - click(findTestObject("OCS-MOBILE /FAQ page/Dropdown button -First chevron - close -FAQ")): Object: 'Object Repository/OCS-MOBILE /FAQ page/Dropdown button -First chevron - close -FAQ' is clicked on

2019-06-28 16:00:13 - [MESSAGE][PASSED] - Object: 'Object Repository/OCS-MOBILE /FAQ page/Dropdown button -First chevron - close -FAQ' is clicked on

2019-06-28 16:00:13 - [TEST_STEP][PASSED] - delay(1, OPTIONAL): Delayed 1 second(s)

2019-06-28 16:00:14 - [MESSAGE][PASSED] - Delayed 1 second(s)

2019-06-28 16:00:14 - [TEST_STEP][PASSED] - setViewPortSize(1000, 800, OPTIONAL): Viewport is set to new size with width = 1000 and height = 800

2019-06-28 16:00:14 - [MESSAGE][PASSED] - Viewport is set to new size with width = 1000 and height = 800

2019-06-28 16:00:14 - [TEST_STEP][PASSED] - delay(2, OPTIONAL): Delayed 2 second(s)

2019-06-28 16:00:16 - [MESSAGE][PASSED] - Delayed 2 second(s)

2019-06-28 16:00:16 - [TEST_STEP][PASSED] - click(findTestObject("Theme_oR/Page_Ontario Cannabis Store  Ontari/button_Hide bar"), OPTIONAL): Unable to click on object (Root cause: java.lang.IllegalArgumentException: Object is null)

2019-06-28 16:00:16 - [MESSAGE][WARNING] - Test object with id 'Object Repository/Theme_oR/Page_Ontario Cannabis Store  Ontari/button_Hide bar' does not exist

2019-06-28 16:00:16 - [MESSAGE][WARNING] - Test object with id 'Object Repository/' does not exist

2019-06-28 16:00:16 - [MESSAGE][WARNING] - Unable to click on object (Root cause: java.lang.IllegalArgumentException: Object is null)
[[ATTACHMENT|/Users/sumankompelly/Relative xpath-Mobile/Reports/Live site/20190628_151842/1561752016465.png]]

2019-06-28 16:00:16 - [TEST_STEP][PASSED] - delay(2, OPTIONAL): Delayed 2 second(s)

2019-06-28 16:00:18 - [MESSAGE][PASSED] - Delayed 2 second(s)

2019-06-28 16:00:18 - [TEST_STEP][PASSED] - setViewPortSize(360, 800, OPTIONAL): Viewport is set to new size with width = 360 and height = 800

2019-06-28 16:00:18 - [MESSAGE][PASSED] - Viewport is set to new size with width = 360 and height = 800

2019-06-28 16:00:18 - [TEST_STEP][PASSED] - delay(1, OPTIONAL): Delayed 1 second(s)

2019-06-28 16:00:19 - [MESSAGE][PASSED] - Delayed 1 second(s)

2019-06-28 16:00:19 - [TEST_STEP][PASSED] - click(findTestObject("OCS-MOBILE /FAQ page/First accordian - add")): Object: 'Object Repository/OCS-MOBILE /FAQ page/First accordian - add' is clicked on

2019-06-28 16:00:19 - [MESSAGE][PASSED] - Object: 'Object Repository/OCS-MOBILE /FAQ page/First accordian - add' is clicked on

2019-06-28 16:00:19 - [TEST_STEP][PASSED] - delay(1): Delayed 1 second(s)

2019-06-28 16:00:20 - [MESSAGE][PASSED] - Delayed 1 second(s)

2019-06-28 16:00:20 - [TEST_STEP][PASSED] - click(findTestObject("OCS-MOBILE /FAQ page/First accordian - Subtract")): Object: 'Object Repository/OCS-MOBILE /FAQ page/First accordian - Subtract' is clicked on

2019-06-28 16:00:20 - [MESSAGE][PASSED] - Object: 'Object Repository/OCS-MOBILE /FAQ page/First accordian - Subtract' is clicked on

2019-06-28 16:00:20 - [TEST_STEP][PASSED] - delay(1): Delayed 1 second(s)

2019-06-28 16:00:21 - [MESSAGE][PASSED] - Delayed 1 second(s)

2019-06-28 16:00:21 - [TEST_STEP][PASSED] - click(findTestObject("OCS-MOBILE /FAQ page/Second accordian- add")): Object: 'Object Repository/OCS-MOBILE /FAQ page/Second accordian- add' is clicked on

2019-06-28 16:00:22 - [MESSAGE][PASSED] - Object: 'Object Repository/OCS-MOBILE /FAQ page/Second accordian- add' is clicked on

2019-06-28 16:00:22 - [TEST_STEP][PASSED] - delay(1): Delayed 1 second(s)

2019-06-28 16:00:23 - [MESSAGE][PASSED] - Delayed 1 second(s)

2019-06-28 16:00:23 - [TEST_STEP][PASSED] - click(findTestObject("OCS-MOBILE /FAQ page/Second accordian - subtract")): Object: 'Object Repository/OCS-MOBILE /FAQ page/Second accordian - subtract' is clicked on

2019-06-28 16:00:23 - [MESSAGE][PASSED] - Object: 'Object Repository/OCS-MOBILE /FAQ page/Second accordian - subtract' is clicked on

2019-06-28 16:00:23 - [TEST_STEP][PASSED] - delay(1): Delayed 1 second(s)

2019-06-28 16:00:24 - [MESSAGE][PASSED] - Delayed 1 second(s)

2019-06-28 16:00:24 - [TEST_STEP][PASSED] - click(findTestObject("OCS-MOBILE /FAQ page/Load more1")): Object: 'Object Repository/OCS-MOBILE /FAQ page/Load more1' is clicked on

2019-06-28 16:00:24 - [MESSAGE][PASSED] - Object: 'Object Repository/OCS-MOBILE /FAQ page/Load more1' is clicked on

2019-06-28 16:00:24 - [TEST_STEP][PASSED] - delay(1): Delayed 1 second(s)

2019-06-28 16:00:25 - [MESSAGE][PASSED] - Delayed 1 second(s)

2019-06-28 16:00:25 - [TEST_STEP][PASSED] - click(findTestObject("OCS-MOBILE /FAQ page/Loadmore2")): Object: 'Object Repository/OCS-MOBILE /FAQ page/Loadmore2' is clicked on

2019-06-28 16:00:25 - [MESSAGE][PASSED] - Object: 'Object Repository/OCS-MOBILE /FAQ page/Loadmore2' is clicked on

2019-06-28 16:00:25 - [TEST_STEP][PASSED] - delay(1): Delayed 1 second(s)

2019-06-28 16:00:26 - [MESSAGE][PASSED] - Delayed 1 second(s)

2019-06-28 16:00:26 - [TEST_STEP][PASSED] - click(findTestObject("OCS-MOBILE /FAQ page/Loadmore3")): Object: 'Object Repository/OCS-MOBILE /FAQ page/Loadmore3' is clicked on

2019-06-28 16:00:26 - [MESSAGE][PASSED] - Object: 'Object Repository/OCS-MOBILE /FAQ page/Loadmore3' is clicked on

2019-06-28 16:00:26 - [TEST_STEP][PASSED] - delay(1): Delayed 1 second(s)

2019-06-28 16:00:27 - [MESSAGE][PASSED] - Delayed 1 second(s)

2019-06-28 16:00:27 - [TEST_STEP][PASSED] - click(findTestObject("OCS-MOBILE /FAQ page/Learn about cannabis")): Object: 'Object Repository/OCS-MOBILE /FAQ page/Learn about cannabis' is clicked on

2019-06-28 16:00:30 - [MESSAGE][PASSED] - Object: 'Object Repository/OCS-MOBILE /FAQ page/Learn about cannabis' is clicked on

2019-06-28 16:00:30 - [TEST_STEP][PASSED] - delay(1): Delayed 1 second(s)

2019-06-28 16:00:31 - [MESSAGE][PASSED] - Delayed 1 second(s)

2019-06-28 16:00:31 - [TEST_STEP][PASSED] - back(): Navigate back successfully

2019-06-28 16:00:31 - [MESSAGE][PASSED] - Navigate back successfully

2019-06-28 16:00:31 - [TEST_STEP][PASSED] - delay(1): Delayed 1 second(s)

2019-06-28 16:00:32 - [MESSAGE][PASSED] - Delayed 1 second(s)

2019-06-28 16:00:32 - [TEST_STEP][PASSED] - setViewPortSize(1000, 800, OPTIONAL): Viewport is set to new size with width = 1000 and height = 800

2019-06-28 16:00:32 - [MESSAGE][PASSED] - Viewport is set to new size with width = 1000 and height = 800

2019-06-28 16:00:32 - [TEST_STEP][PASSED] - delay(2, OPTIONAL): Delayed 2 second(s)

2019-06-28 16:00:34 - [MESSAGE][PASSED] - Delayed 2 second(s)

2019-06-28 16:00:34 - [TEST_STEP][PASSED] - click(findTestObject("Theme_oR/Page_Ontario Cannabis Store  Ontari/button_Hide bar"), OPTIONAL): Unable to click on object (Root cause: java.lang.IllegalArgumentException: Object is null)

2019-06-28 16:00:34 - [MESSAGE][WARNING] - Test object with id 'Object Repository/Theme_oR/Page_Ontario Cannabis Store  Ontari/button_Hide bar' does not exist

2019-06-28 16:00:34 - [MESSAGE][WARNING] - Test object with id 'Object Repository/' does not exist

2019-06-28 16:00:35 - [MESSAGE][WARNING] - Unable to click on object (Root cause: java.lang.IllegalArgumentException: Object is null)
[[ATTACHMENT|/Users/sumankompelly/Relative xpath-Mobile/Reports/Live site/20190628_151842/1561752034775.png]]

2019-06-28 16:00:35 - [TEST_STEP][PASSED] - delay(2, OPTIONAL): Delayed 2 second(s)

2019-06-28 16:00:37 - [MESSAGE][PASSED] - Delayed 2 second(s)

2019-06-28 16:00:37 - [TEST_STEP][PASSED] - setViewPortSize(360, 800, OPTIONAL): Viewport is set to new size with width = 360 and height = 800

2019-06-28 16:00:37 - [MESSAGE][PASSED] - Viewport is set to new size with width = 360 and height = 800

2019-06-28 16:00:37 - [TEST_STEP][PASSED] - delay(1, OPTIONAL): Delayed 1 second(s)

2019-06-28 16:00:38 - [MESSAGE][PASSED] - Delayed 1 second(s)

2019-06-28 16:00:38 - [TEST_STEP][NOT_RUN] - executeJavaScript("var previewBar = document.getElementById("preview-bar-iframe"); previewBar.style.display = "none";", []): NOT_RUN: executeJavaScript("var previewBar = document.getElementById("preview-bar-iframe"); previewBar.style.display = "none";", [])

2019-06-28 16:00:38 - [MESSAGE][NOT_RUN] - NOT_RUN: executeJavaScript("var previewBar = document.getElementById("preview-bar-iframe"); previewBar.style.display = "none";", [])

2019-06-28 16:00:38 - [TEST_STEP][PASSED] - click(findTestObject("OCS-MOBILE /FAQ page/Loadmore4")): Object: 'Object Repository/OCS-MOBILE /FAQ page/Loadmore4' is clicked on

2019-06-28 16:00:38 - [MESSAGE][PASSED] - Object: 'Object Repository/OCS-MOBILE /FAQ page/Loadmore4' is clicked on

2019-06-28 16:00:38 - [TEST_STEP][PASSED] - delay(2, OPTIONAL): Delayed 2 second(s)

2019-06-28 16:00:40 - [MESSAGE][PASSED] - Delayed 2 second(s)

2019-06-28 16:00:40 - [TEST_STEP][PASSED] - setViewPortSize(1000, 800, OPTIONAL): Viewport is set to new size with width = 1000 and height = 800

2019-06-28 16:00:40 - [MESSAGE][PASSED] - Viewport is set to new size with width = 1000 and height = 800

2019-06-28 16:00:40 - [TEST_STEP][PASSED] - delay(2, OPTIONAL): Delayed 2 second(s)

2019-06-28 16:00:42 - [MESSAGE][PASSED] - Delayed 2 second(s)

2019-06-28 16:00:42 - [TEST_STEP][PASSED] - click(findTestObject("Theme_oR/Page_Ontario Cannabis Store  Ontari/button_Hide bar"), OPTIONAL): Unable to click on object (Root cause: java.lang.IllegalArgumentException: Object is null)

2019-06-28 16:00:42 - [MESSAGE][WARNING] - Test object with id 'Object Repository/Theme_oR/Page_Ontario Cannabis Store  Ontari/button_Hide bar' does not exist

2019-06-28 16:00:42 - [MESSAGE][WARNING] - Test object with id 'Object Repository/' does not exist

2019-06-28 16:00:42 - [MESSAGE][WARNING] - Unable to click on object (Root cause: java.lang.IllegalArgumentException: Object is null)
[[ATTACHMENT|/Users/sumankompelly/Relative xpath-Mobile/Reports/Live site/20190628_151842/1561752042326.png]]

2019-06-28 16:00:42 - [TEST_STEP][PASSED] - delay(2, OPTIONAL): Delayed 2 second(s)

2019-06-28 16:00:44 - [MESSAGE][PASSED] - Delayed 2 second(s)

2019-06-28 16:00:44 - [TEST_STEP][PASSED] - setViewPortSize(360, 800, OPTIONAL): Viewport is set to new size with width = 360 and height = 800

2019-06-28 16:00:44 - [MESSAGE][PASSED] - Viewport is set to new size with width = 360 and height = 800

2019-06-28 16:00:44 - [TEST_STEP][PASSED] - delay(1, OPTIONAL): Delayed 1 second(s)

2019-06-28 16:00:45 - [MESSAGE][PASSED] - Delayed 1 second(s)

2019-06-28 16:00:45 - [TEST_STEP][PASSED] - click(findTestObject("OCS-MOBILE /FAQ page/Learn about OCS")): Object: 'Object Repository/OCS-MOBILE /FAQ page/Learn about OCS' is clicked on

2019-06-28 16:00:48 - [MESSAGE][PASSED] - Object: 'Object Repository/OCS-MOBILE /FAQ page/Learn about OCS' is clicked on

2019-06-28 16:00:48 - [TEST_STEP][PASSED] - back(): Navigate back successfully

2019-06-28 16:00:48 - [MESSAGE][PASSED] - Navigate back successfully

2019-06-28 16:00:48 - [TEST_STEP][PASSED] - delay(2, OPTIONAL): Delayed 2 second(s)

2019-06-28 16:00:50 - [MESSAGE][PASSED] - Delayed 2 second(s)

2019-06-28 16:00:50 - [TEST_STEP][PASSED] - setViewPortSize(1000, 800, OPTIONAL): Viewport is set to new size with width = 1000 and height = 800

2019-06-28 16:00:50 - [MESSAGE][PASSED] - Viewport is set to new size with width = 1000 and height = 800

2019-06-28 16:00:50 - [TEST_STEP][PASSED] - delay(2, OPTIONAL): Delayed 2 second(s)

2019-06-28 16:00:52 - [MESSAGE][PASSED] - Delayed 2 second(s)

2019-06-28 16:00:52 - [TEST_STEP][PASSED] - click(findTestObject("Theme_oR/Page_Ontario Cannabis Store  Ontari/button_Hide bar"), OPTIONAL): Unable to click on object (Root cause: java.lang.IllegalArgumentException: Object is null)

2019-06-28 16:00:52 - [MESSAGE][WARNING] - Test object with id 'Object Repository/Theme_oR/Page_Ontario Cannabis Store  Ontari/button_Hide bar' does not exist

2019-06-28 16:00:52 - [MESSAGE][WARNING] - Test object with id 'Object Repository/' does not exist

2019-06-28 16:00:53 - [MESSAGE][WARNING] - Unable to click on object (Root cause: java.lang.IllegalArgumentException: Object is null)
[[ATTACHMENT|/Users/sumankompelly/Relative xpath-Mobile/Reports/Live site/20190628_151842/1561752052853.png]]

2019-06-28 16:00:53 - [TEST_STEP][PASSED] - delay(2, OPTIONAL): Delayed 2 second(s)

2019-06-28 16:00:55 - [MESSAGE][PASSED] - Delayed 2 second(s)

2019-06-28 16:00:55 - [TEST_STEP][PASSED] - setViewPortSize(360, 800, OPTIONAL): Viewport is set to new size with width = 360 and height = 800

2019-06-28 16:00:55 - [MESSAGE][PASSED] - Viewport is set to new size with width = 360 and height = 800

2019-06-28 16:00:55 - [TEST_STEP][PASSED] - delay(1, OPTIONAL): Delayed 1 second(s)

2019-06-28 16:00:56 - [MESSAGE][PASSED] - Delayed 1 second(s)

2019-06-28 16:00:56 - [TEST_STEP][NOT_RUN] - executeJavaScript("var previewBar = document.getElementById("preview-bar-iframe"); previewBar.style.display = "none";", []): NOT_RUN: executeJavaScript("var previewBar = document.getElementById("preview-bar-iframe"); previewBar.style.display = "none";", [])

2019-06-28 16:00:56 - [MESSAGE][NOT_RUN] - NOT_RUN: executeJavaScript("var previewBar = document.getElementById("preview-bar-iframe"); previewBar.style.display = "none";", [])

2019-06-28 16:00:56 - [TEST_STEP][PASSED] - click(findTestObject("OCS-MOBILE /FAQ page/Choose cannabis products")): Object: 'Object Repository/OCS-MOBILE /FAQ page/Choose cannabis products' is clicked on

2019-06-28 16:00:59 - [MESSAGE][PASSED] - Object: 'Object Repository/OCS-MOBILE /FAQ page/Choose cannabis products' is clicked on

2019-06-28 16:00:59 - [TEST_STEP][PASSED] - back(): Navigate back successfully

2019-06-28 16:00:59 - [MESSAGE][PASSED] - Navigate back successfully

2019-06-28 16:00:59 - [TEST_STEP][NOT_RUN] - executeJavaScript("var previewBar = document.getElementById("preview-bar-iframe"); previewBar.style.display = "none";", []): NOT_RUN: executeJavaScript("var previewBar = document.getElementById("preview-bar-iframe"); previewBar.style.display = "none";", [])

2019-06-28 16:00:59 - [MESSAGE][NOT_RUN] - NOT_RUN: executeJavaScript("var previewBar = document.getElementById("preview-bar-iframe"); previewBar.style.display = "none";", [])

2019-06-28 16:00:59 - [TEST_STEP][PASSED] - delay(2, OPTIONAL): Delayed 2 second(s)

2019-06-28 16:01:01 - [MESSAGE][PASSED] - Delayed 2 second(s)

2019-06-28 16:01:01 - [TEST_STEP][PASSED] - click(findTestObject("OCS-MOBILE /Age gate and burger menu/Burger menu - English")): Object: 'Object Repository/OCS-MOBILE /Age gate and burger menu/Burger menu - English' is clicked on

2019-06-28 16:01:01 - [MESSAGE][PASSED] - Object: 'Object Repository/OCS-MOBILE /Age gate and burger menu/Burger menu - English' is clicked on

2019-06-28 16:01:01 - [TEST_STEP][PASSED] - delay(1, OPTIONAL): Delayed 1 second(s)

2019-06-28 16:01:02 - [MESSAGE][PASSED] - Delayed 1 second(s)

2019-06-28 16:01:02 - [TEST_STEP][PASSED] - click(findTestObject("OCS-MOBILE /FAQ page/FAQ")): Object: 'Object Repository/OCS-MOBILE /FAQ page/FAQ' is clicked on

2019-06-28 16:01:02 - [MESSAGE][PASSED] - Object: 'Object Repository/OCS-MOBILE /FAQ page/FAQ' is clicked on

2019-06-28 16:01:02 - [TEST_STEP][PASSED] - delay(1, OPTIONAL): Delayed 1 second(s)

2019-06-28 16:01:03 - [MESSAGE][PASSED] - Delayed 1 second(s)

2019-06-28 16:01:03 - [TEST_STEP][PASSED] - click(findTestObject("OCS-MOBILE /FAQ page/Second chveron link")): Object: 'Object Repository/OCS-MOBILE /FAQ page/Second chveron link' is clicked on

2019-06-28 16:01:08 - [MESSAGE][PASSED] - Object: 'Object Repository/OCS-MOBILE /FAQ page/Second chveron link' is clicked on

2019-06-28 16:01:08 - [TEST_STEP][NOT_RUN] - executeJavaScript("var previewBar = document.getElementById("preview-bar-iframe"); previewBar.style.display = "none";", []): NOT_RUN: executeJavaScript("var previewBar = document.getElementById("preview-bar-iframe"); previewBar.style.display = "none";", [])

2019-06-28 16:01:08 - [MESSAGE][NOT_RUN] - NOT_RUN: executeJavaScript("var previewBar = document.getElementById("preview-bar-iframe"); previewBar.style.display = "none";", [])

2019-06-28 16:01:08 - [TEST_STEP][PASSED] - delay(1, OPTIONAL): Delayed 1 second(s)

2019-06-28 16:01:09 - [MESSAGE][PASSED] - Delayed 1 second(s)

2019-06-28 16:01:09 - [TEST_STEP][PASSED] - scrollToElement(findTestObject("OCS-MOBILE /FAQ page/scroll view element"), 0): Scroll to object 'Object Repository/OCS-MOBILE /FAQ page/scroll view element' successfully

2019-06-28 16:01:09 - [MESSAGE][WARNING] - Timeout '0' is invalid. Using default page load timeout: '30'

2019-06-28 16:01:09 - [MESSAGE][PASSED] - Scroll to object 'Object Repository/OCS-MOBILE /FAQ page/scroll view element' successfully

2019-06-28 16:01:09 - [TEST_STEP][PASSED] - delay(1, OPTIONAL): Delayed 1 second(s)

2019-06-28 16:01:10 - [MESSAGE][PASSED] - Delayed 1 second(s)

2019-06-28 16:01:10 - [TEST_STEP][PASSED] - click(findTestObject("OCS-MOBILE /FAQ page/Dropdown button -second chevron -open- FAQ")): Object: 'Object Repository/OCS-MOBILE /FAQ page/Dropdown button -second chevron -open- FAQ' is clicked on

2019-06-28 16:01:10 - [MESSAGE][PASSED] - Object: 'Object Repository/OCS-MOBILE /FAQ page/Dropdown button -second chevron -open- FAQ' is clicked on

2019-06-28 16:01:10 - [TEST_STEP][PASSED] - delay(1, OPTIONAL): Delayed 1 second(s)

2019-06-28 16:01:11 - [MESSAGE][PASSED] - Delayed 1 second(s)

2019-06-28 16:01:11 - [TEST_STEP][PASSED] - click(findTestObject("OCS-MOBILE /FAQ page/Dropdown button -second chevron -close - FAQ")): Object: 'Object Repository/OCS-MOBILE /FAQ page/Dropdown button -second chevron -close - FAQ' is clicked on

2019-06-28 16:01:11 - [MESSAGE][PASSED] - Object: 'Object Repository/OCS-MOBILE /FAQ page/Dropdown button -second chevron -close - FAQ' is clicked on

2019-06-28 16:01:11 - [TEST_STEP][PASSED] - delay(2, OPTIONAL): Delayed 2 second(s)

2019-06-28 16:01:13 - [MESSAGE][PASSED] - Delayed 2 second(s)

2019-06-28 16:01:13 - [TEST_STEP][PASSED] - setViewPortSize(1000, 800, OPTIONAL): Viewport is set to new size with width = 1000 and height = 800

2019-06-28 16:01:14 - [MESSAGE][PASSED] - Viewport is set to new size with width = 1000 and height = 800

2019-06-28 16:01:14 - [TEST_STEP][PASSED] - delay(2, OPTIONAL): Delayed 2 second(s)

2019-06-28 16:01:16 - [MESSAGE][PASSED] - Delayed 2 second(s)

2019-06-28 16:01:16 - [TEST_STEP][PASSED] - click(findTestObject("Theme_oR/Page_Ontario Cannabis Store  Ontari/button_Hide bar"), OPTIONAL): Unable to click on object (Root cause: java.lang.IllegalArgumentException: Object is null)

2019-06-28 16:01:16 - [MESSAGE][WARNING] - Test object with id 'Object Repository/Theme_oR/Page_Ontario Cannabis Store  Ontari/button_Hide bar' does not exist

2019-06-28 16:01:16 - [MESSAGE][WARNING] - Test object with id 'Object Repository/' does not exist

2019-06-28 16:01:16 - [MESSAGE][WARNING] - Unable to click on object (Root cause: java.lang.IllegalArgumentException: Object is null)
[[ATTACHMENT|/Users/sumankompelly/Relative xpath-Mobile/Reports/Live site/20190628_151842/1561752076088.png]]

2019-06-28 16:01:16 - [TEST_STEP][PASSED] - delay(2, OPTIONAL): Delayed 2 second(s)

2019-06-28 16:01:18 - [MESSAGE][PASSED] - Delayed 2 second(s)

2019-06-28 16:01:18 - [TEST_STEP][PASSED] - setViewPortSize(360, 800, OPTIONAL): Viewport is set to new size with width = 360 and height = 800

2019-06-28 16:01:18 - [MESSAGE][PASSED] - Viewport is set to new size with width = 360 and height = 800

2019-06-28 16:01:18 - [TEST_STEP][PASSED] - delay(1, OPTIONAL): Delayed 1 second(s)

2019-06-28 16:01:19 - [MESSAGE][PASSED] - Delayed 1 second(s)

2019-06-28 16:01:19 - [TEST_STEP][PASSED] - click(findTestObject("OCS-MOBILE /FAQ page/First accordian - add")): Object: 'Object Repository/OCS-MOBILE /FAQ page/First accordian - add' is clicked on

2019-06-28 16:01:19 - [MESSAGE][PASSED] - Object: 'Object Repository/OCS-MOBILE /FAQ page/First accordian - add' is clicked on

2019-06-28 16:01:19 - [TEST_STEP][PASSED] - delay(1): Delayed 1 second(s)

2019-06-28 16:01:20 - [MESSAGE][PASSED] - Delayed 1 second(s)

2019-06-28 16:01:20 - [TEST_STEP][PASSED] - click(findTestObject("OCS-MOBILE /FAQ page/First accordian - Subtract")): Object: 'Object Repository/OCS-MOBILE /FAQ page/First accordian - Subtract' is clicked on

2019-06-28 16:01:20 - [MESSAGE][PASSED] - Object: 'Object Repository/OCS-MOBILE /FAQ page/First accordian - Subtract' is clicked on

2019-06-28 16:01:20 - [TEST_STEP][PASSED] - delay(1): Delayed 1 second(s)

2019-06-28 16:01:21 - [MESSAGE][PASSED] - Delayed 1 second(s)

2019-06-28 16:01:21 - [TEST_STEP][PASSED] - click(findTestObject("OCS-MOBILE /FAQ page/Second accordian- add")): Object: 'Object Repository/OCS-MOBILE /FAQ page/Second accordian- add' is clicked on

2019-06-28 16:01:21 - [MESSAGE][PASSED] - Object: 'Object Repository/OCS-MOBILE /FAQ page/Second accordian- add' is clicked on

2019-06-28 16:01:21 - [TEST_STEP][PASSED] - delay(1): Delayed 1 second(s)

2019-06-28 16:01:22 - [MESSAGE][PASSED] - Delayed 1 second(s)

2019-06-28 16:01:22 - [TEST_STEP][PASSED] - click(findTestObject("OCS-MOBILE /FAQ page/Second accordian - subtract")): Object: 'Object Repository/OCS-MOBILE /FAQ page/Second accordian - subtract' is clicked on

2019-06-28 16:01:22 - [MESSAGE][PASSED] - Object: 'Object Repository/OCS-MOBILE /FAQ page/Second accordian - subtract' is clicked on

2019-06-28 16:01:22 - [TEST_STEP][PASSED] - delay(1): Delayed 1 second(s)

2019-06-28 16:01:23 - [MESSAGE][PASSED] - Delayed 1 second(s)

2019-06-28 16:01:23 - [TEST_STEP][PASSED] - click(findTestObject("OCS-MOBILE /FAQ page/Load more1")): Object: 'Object Repository/OCS-MOBILE /FAQ page/Load more1' is clicked on

2019-06-28 16:01:23 - [MESSAGE][PASSED] - Object: 'Object Repository/OCS-MOBILE /FAQ page/Load more1' is clicked on

2019-06-28 16:01:23 - [TEST_STEP][PASSED] - delay(1): Delayed 1 second(s)

2019-06-28 16:01:24 - [MESSAGE][PASSED] - Delayed 1 second(s)

2019-06-28 16:01:24 - [TEST_STEP][PASSED] - click(findTestObject("OCS-MOBILE /FAQ page/Loadmore2")): Object: 'Object Repository/OCS-MOBILE /FAQ page/Loadmore2' is clicked on

2019-06-28 16:01:24 - [MESSAGE][PASSED] - Object: 'Object Repository/OCS-MOBILE /FAQ page/Loadmore2' is clicked on

2019-06-28 16:01:24 - [TEST_STEP][PASSED] - delay(1): Delayed 1 second(s)

2019-06-28 16:01:25 - [MESSAGE][PASSED] - Delayed 1 second(s)

2019-06-28 16:01:25 - [TEST_STEP][PASSED] - click(findTestObject("OCS-MOBILE /FAQ page/Loadmore3")): Object: 'Object Repository/OCS-MOBILE /FAQ page/Loadmore3' is clicked on

2019-06-28 16:01:25 - [MESSAGE][PASSED] - Object: 'Object Repository/OCS-MOBILE /FAQ page/Loadmore3' is clicked on

2019-06-28 16:01:25 - [TEST_STEP][PASSED] - delay(1): Delayed 1 second(s)

2019-06-28 16:01:26 - [MESSAGE][PASSED] - Delayed 1 second(s)

2019-06-28 16:01:26 - [TEST_STEP][PASSED] - click(findTestObject("OCS-MOBILE /FAQ page/Learn about cannabis")): Object: 'Object Repository/OCS-MOBILE /FAQ page/Learn about cannabis' is clicked on

2019-06-28 16:01:31 - [MESSAGE][PASSED] - Object: 'Object Repository/OCS-MOBILE /FAQ page/Learn about cannabis' is clicked on

2019-06-28 16:01:31 - [TEST_STEP][PASSED] - delay(1): Delayed 1 second(s)

2019-06-28 16:01:32 - [MESSAGE][PASSED] - Delayed 1 second(s)

2019-06-28 16:01:32 - [TEST_STEP][PASSED] - back(): Navigate back successfully

2019-06-28 16:01:33 - [MESSAGE][PASSED] - Navigate back successfully

2019-06-28 16:01:33 - [TEST_STEP][PASSED] - delay(1): Delayed 1 second(s)

2019-06-28 16:01:34 - [MESSAGE][PASSED] - Delayed 1 second(s)

2019-06-28 16:01:34 - [TEST_STEP][PASSED] - setViewPortSize(1000, 800, OPTIONAL): Viewport is set to new size with width = 1000 and height = 800

2019-06-28 16:01:34 - [MESSAGE][PASSED] - Viewport is set to new size with width = 1000 and height = 800

2019-06-28 16:01:34 - [TEST_STEP][PASSED] - delay(2, OPTIONAL): Delayed 2 second(s)

2019-06-28 16:01:36 - [MESSAGE][PASSED] - Delayed 2 second(s)

2019-06-28 16:01:36 - [TEST_STEP][PASSED] - click(findTestObject("Theme_oR/Page_Ontario Cannabis Store  Ontari/button_Hide bar"), OPTIONAL): Unable to click on object (Root cause: java.lang.IllegalArgumentException: Object is null)

2019-06-28 16:01:36 - [MESSAGE][WARNING] - Test object with id 'Object Repository/Theme_oR/Page_Ontario Cannabis Store  Ontari/button_Hide bar' does not exist

2019-06-28 16:01:36 - [MESSAGE][WARNING] - Test object with id 'Object Repository/' does not exist

2019-06-28 16:01:36 - [MESSAGE][WARNING] - Unable to click on object (Root cause: java.lang.IllegalArgumentException: Object is null)
[[ATTACHMENT|/Users/sumankompelly/Relative xpath-Mobile/Reports/Live site/20190628_151842/1561752096300.png]]

2019-06-28 16:01:36 - [TEST_STEP][PASSED] - delay(2, OPTIONAL): Delayed 2 second(s)

2019-06-28 16:01:38 - [MESSAGE][PASSED] - Delayed 2 second(s)

2019-06-28 16:01:38 - [TEST_STEP][PASSED] - setViewPortSize(360, 800, OPTIONAL): Viewport is set to new size with width = 360 and height = 800

2019-06-28 16:01:38 - [MESSAGE][PASSED] - Viewport is set to new size with width = 360 and height = 800

2019-06-28 16:01:38 - [TEST_STEP][PASSED] - delay(1, OPTIONAL): Delayed 1 second(s)

2019-06-28 16:01:39 - [MESSAGE][PASSED] - Delayed 1 second(s)

2019-06-28 16:01:39 - [TEST_STEP][NOT_RUN] - executeJavaScript("var previewBar = document.getElementById("preview-bar-iframe"); previewBar.style.display = "none";", []): NOT_RUN: executeJavaScript("var previewBar = document.getElementById("preview-bar-iframe"); previewBar.style.display = "none";", [])

2019-06-28 16:01:39 - [MESSAGE][NOT_RUN] - NOT_RUN: executeJavaScript("var previewBar = document.getElementById("preview-bar-iframe"); previewBar.style.display = "none";", [])

2019-06-28 16:01:39 - [TEST_STEP][PASSED] - click(findTestObject("OCS-MOBILE /FAQ page/Loadmore4")): Object: 'Object Repository/OCS-MOBILE /FAQ page/Loadmore4' is clicked on

2019-06-28 16:01:39 - [MESSAGE][PASSED] - Object: 'Object Repository/OCS-MOBILE /FAQ page/Loadmore4' is clicked on

2019-06-28 16:01:39 - [TEST_STEP][PASSED] - delay(2, OPTIONAL): Delayed 2 second(s)

2019-06-28 16:01:41 - [MESSAGE][PASSED] - Delayed 2 second(s)

2019-06-28 16:01:41 - [TEST_STEP][PASSED] - setViewPortSize(1000, 800, OPTIONAL): Viewport is set to new size with width = 1000 and height = 800

2019-06-28 16:01:41 - [MESSAGE][PASSED] - Viewport is set to new size with width = 1000 and height = 800

2019-06-28 16:01:41 - [TEST_STEP][PASSED] - delay(2, OPTIONAL): Delayed 2 second(s)

2019-06-28 16:01:43 - [MESSAGE][PASSED] - Delayed 2 second(s)

2019-06-28 16:01:43 - [TEST_STEP][PASSED] - click(findTestObject("Theme_oR/Page_Ontario Cannabis Store  Ontari/button_Hide bar"), OPTIONAL): Unable to click on object (Root cause: java.lang.IllegalArgumentException: Object is null)

2019-06-28 16:01:43 - [MESSAGE][WARNING] - Test object with id 'Object Repository/Theme_oR/Page_Ontario Cannabis Store  Ontari/button_Hide bar' does not exist

2019-06-28 16:01:43 - [MESSAGE][WARNING] - Test object with id 'Object Repository/' does not exist

2019-06-28 16:01:44 - [MESSAGE][WARNING] - Unable to click on object (Root cause: java.lang.IllegalArgumentException: Object is null)
[[ATTACHMENT|/Users/sumankompelly/Relative xpath-Mobile/Reports/Live site/20190628_151842/1561752103824.png]]

2019-06-28 16:01:44 - [TEST_STEP][PASSED] - delay(2, OPTIONAL): Delayed 2 second(s)

2019-06-28 16:01:46 - [MESSAGE][PASSED] - Delayed 2 second(s)

2019-06-28 16:01:46 - [TEST_STEP][PASSED] - setViewPortSize(360, 800, OPTIONAL): Viewport is set to new size with width = 360 and height = 800

2019-06-28 16:01:46 - [MESSAGE][PASSED] - Viewport is set to new size with width = 360 and height = 800

2019-06-28 16:01:46 - [TEST_STEP][PASSED] - delay(1, OPTIONAL): Delayed 1 second(s)

2019-06-28 16:01:47 - [MESSAGE][PASSED] - Delayed 1 second(s)

2019-06-28 16:01:47 - [TEST_STEP][NOT_RUN] - executeJavaScript("var previewBar = document.getElementById("preview-bar-iframe"); previewBar.style.display = "none";", []): NOT_RUN: executeJavaScript("var previewBar = document.getElementById("preview-bar-iframe"); previewBar.style.display = "none";", [])

2019-06-28 16:01:47 - [MESSAGE][NOT_RUN] - NOT_RUN: executeJavaScript("var previewBar = document.getElementById("preview-bar-iframe"); previewBar.style.display = "none";", [])

2019-06-28 16:01:47 - [TEST_STEP][PASSED] - click(findTestObject("OCS-MOBILE /FAQ page/Learn about OCS")): Object: 'Object Repository/OCS-MOBILE /FAQ page/Learn about OCS' is clicked on

2019-06-28 16:01:50 - [MESSAGE][PASSED] - Object: 'Object Repository/OCS-MOBILE /FAQ page/Learn about OCS' is clicked on

2019-06-28 16:01:50 - [TEST_STEP][PASSED] - back(): Navigate back successfully

2019-06-28 16:01:50 - [MESSAGE][PASSED] - Navigate back successfully

2019-06-28 16:01:50 - [TEST_STEP][PASSED] - delay(2, OPTIONAL): Delayed 2 second(s)

2019-06-28 16:01:52 - [MESSAGE][PASSED] - Delayed 2 second(s)

2019-06-28 16:01:52 - [TEST_STEP][PASSED] - setViewPortSize(1000, 800, OPTIONAL): Viewport is set to new size with width = 1000 and height = 800

2019-06-28 16:01:53 - [MESSAGE][PASSED] - Viewport is set to new size with width = 1000 and height = 800

2019-06-28 16:01:53 - [TEST_STEP][PASSED] - delay(2, OPTIONAL): Delayed 2 second(s)

2019-06-28 16:01:55 - [MESSAGE][PASSED] - Delayed 2 second(s)

2019-06-28 16:01:55 - [TEST_STEP][PASSED] - click(findTestObject("Theme_oR/Page_Ontario Cannabis Store  Ontari/button_Hide bar"), OPTIONAL): Unable to click on object (Root cause: java.lang.IllegalArgumentException: Object is null)

2019-06-28 16:01:55 - [MESSAGE][WARNING] - Test object with id 'Object Repository/Theme_oR/Page_Ontario Cannabis Store  Ontari/button_Hide bar' does not exist

2019-06-28 16:01:55 - [MESSAGE][WARNING] - Test object with id 'Object Repository/' does not exist

2019-06-28 16:01:55 - [MESSAGE][WARNING] - Unable to click on object (Root cause: java.lang.IllegalArgumentException: Object is null)
[[ATTACHMENT|/Users/sumankompelly/Relative xpath-Mobile/Reports/Live site/20190628_151842/1561752115013.png]]

2019-06-28 16:01:55 - [TEST_STEP][PASSED] - delay(2, OPTIONAL): Delayed 2 second(s)

2019-06-28 16:01:57 - [MESSAGE][PASSED] - Delayed 2 second(s)

2019-06-28 16:01:57 - [TEST_STEP][PASSED] - setViewPortSize(360, 800, OPTIONAL): Viewport is set to new size with width = 360 and height = 800

2019-06-28 16:01:57 - [MESSAGE][PASSED] - Viewport is set to new size with width = 360 and height = 800

2019-06-28 16:01:57 - [TEST_STEP][PASSED] - delay(1, OPTIONAL): Delayed 1 second(s)

2019-06-28 16:01:58 - [MESSAGE][PASSED] - Delayed 1 second(s)

2019-06-28 16:01:58 - [TEST_STEP][NOT_RUN] - executeJavaScript("var previewBar = document.getElementById("preview-bar-iframe"); previewBar.style.display = "none";", []): NOT_RUN: executeJavaScript("var previewBar = document.getElementById("preview-bar-iframe"); previewBar.style.display = "none";", [])

2019-06-28 16:01:58 - [MESSAGE][NOT_RUN] - NOT_RUN: executeJavaScript("var previewBar = document.getElementById("preview-bar-iframe"); previewBar.style.display = "none";", [])

2019-06-28 16:01:58 - [TEST_STEP][PASSED] - click(findTestObject("OCS-MOBILE /FAQ page/Choose cannabis products")): Object: 'Object Repository/OCS-MOBILE /FAQ page/Choose cannabis products' is clicked on

2019-06-28 16:02:00 - [MESSAGE][PASSED] - Object: 'Object Repository/OCS-MOBILE /FAQ page/Choose cannabis products' is clicked on

2019-06-28 16:02:00 - [TEST_STEP][PASSED] - back(): Navigate back successfully

2019-06-28 16:02:01 - [MESSAGE][PASSED] - Navigate back successfully

2019-06-28 16:02:01 - [TEST_STEP][PASSED] - click(findTestObject("OCS-MOBILE /Age gate and burger menu/Burger menu - English")): Object: 'Object Repository/OCS-MOBILE /Age gate and burger menu/Burger menu - English' is clicked on

2019-06-28 16:02:01 - [MESSAGE][PASSED] - Object: 'Object Repository/OCS-MOBILE /Age gate and burger menu/Burger menu - English' is clicked on

2019-06-28 16:02:01 - [TEST_STEP][PASSED] - delay(2, OPTIONAL): Delayed 2 second(s)

2019-06-28 16:02:03 - [MESSAGE][PASSED] - Delayed 2 second(s)

2019-06-28 16:02:03 - [TEST_STEP][PASSED] - click(findTestObject("OCS-MOBILE /FAQ page/FAQ")): Object: 'Object Repository/OCS-MOBILE /FAQ page/FAQ' is clicked on

2019-06-28 16:02:03 - [MESSAGE][PASSED] - Object: 'Object Repository/OCS-MOBILE /FAQ page/FAQ' is clicked on

2019-06-28 16:02:03 - [TEST_STEP][PASSED] - delay(2, OPTIONAL): Delayed 2 second(s)

2019-06-28 16:02:05 - [MESSAGE][PASSED] - Delayed 2 second(s)

2019-06-28 16:02:05 - [TEST_STEP][PASSED] - click(findTestObject("OCS-MOBILE /FAQ page/third chevron link")): Object: 'Object Repository/OCS-MOBILE /FAQ page/third chevron link' is clicked on

2019-06-28 16:02:09 - [MESSAGE][PASSED] - Object: 'Object Repository/OCS-MOBILE /FAQ page/third chevron link' is clicked on

2019-06-28 16:02:09 - [TEST_STEP][NOT_RUN] - executeJavaScript("var previewBar = document.getElementById("preview-bar-iframe"); previewBar.style.display = "none";", []): NOT_RUN: executeJavaScript("var previewBar = document.getElementById("preview-bar-iframe"); previewBar.style.display = "none";", [])

2019-06-28 16:02:09 - [MESSAGE][NOT_RUN] - NOT_RUN: executeJavaScript("var previewBar = document.getElementById("preview-bar-iframe"); previewBar.style.display = "none";", [])

2019-06-28 16:02:09 - [TEST_STEP][PASSED] - delay(1, OPTIONAL): Delayed 1 second(s)

2019-06-28 16:02:10 - [MESSAGE][PASSED] - Delayed 1 second(s)

2019-06-28 16:02:10 - [TEST_STEP][PASSED] - scrollToElement(findTestObject("OCS-MOBILE /FAQ page/scroll view element"), 0): Scroll to object 'Object Repository/OCS-MOBILE /FAQ page/scroll view element' successfully

2019-06-28 16:02:10 - [MESSAGE][WARNING] - Timeout '0' is invalid. Using default page load timeout: '30'

2019-06-28 16:02:10 - [MESSAGE][PASSED] - Scroll to object 'Object Repository/OCS-MOBILE /FAQ page/scroll view element' successfully

2019-06-28 16:02:10 - [TEST_STEP][PASSED] - delay(1, OPTIONAL): Delayed 1 second(s)

2019-06-28 16:02:11 - [MESSAGE][PASSED] - Delayed 1 second(s)

2019-06-28 16:02:11 - [TEST_STEP][PASSED] - click(findTestObject("OCS-MOBILE /FAQ page/Dropdown button -First chevron -open- FAQ")): Object: 'Object Repository/OCS-MOBILE /FAQ page/Dropdown button -First chevron -open- FAQ' is clicked on

2019-06-28 16:02:11 - [MESSAGE][PASSED] - Object: 'Object Repository/OCS-MOBILE /FAQ page/Dropdown button -First chevron -open- FAQ' is clicked on

2019-06-28 16:02:11 - [TEST_STEP][PASSED] - delay(1, OPTIONAL): Delayed 1 second(s)

2019-06-28 16:02:12 - [MESSAGE][PASSED] - Delayed 1 second(s)

2019-06-28 16:02:12 - [TEST_STEP][PASSED] - click(findTestObject("OCS-MOBILE /FAQ page/Dropdown button -First chevron - close -FAQ")): Object: 'Object Repository/OCS-MOBILE /FAQ page/Dropdown button -First chevron - close -FAQ' is clicked on

2019-06-28 16:02:12 - [MESSAGE][PASSED] - Object: 'Object Repository/OCS-MOBILE /FAQ page/Dropdown button -First chevron - close -FAQ' is clicked on

2019-06-28 16:02:12 - [TEST_STEP][PASSED] - delay(1, OPTIONAL): Delayed 1 second(s)

2019-06-28 16:02:13 - [MESSAGE][PASSED] - Delayed 1 second(s)

2019-06-28 16:02:13 - [TEST_STEP][PASSED] - setViewPortSize(1000, 800, OPTIONAL): Viewport is set to new size with width = 1000 and height = 800

2019-06-28 16:02:13 - [MESSAGE][PASSED] - Viewport is set to new size with width = 1000 and height = 800

2019-06-28 16:02:13 - [TEST_STEP][PASSED] - delay(2, OPTIONAL): Delayed 2 second(s)

2019-06-28 16:02:15 - [MESSAGE][PASSED] - Delayed 2 second(s)

2019-06-28 16:02:15 - [TEST_STEP][PASSED] - click(findTestObject("Theme_oR/Page_Ontario Cannabis Store  Ontari/button_Hide bar"), OPTIONAL): Unable to click on object (Root cause: java.lang.IllegalArgumentException: Object is null)

2019-06-28 16:02:15 - [MESSAGE][WARNING] - Test object with id 'Object Repository/Theme_oR/Page_Ontario Cannabis Store  Ontari/button_Hide bar' does not exist

2019-06-28 16:02:15 - [MESSAGE][WARNING] - Test object with id 'Object Repository/' does not exist

2019-06-28 16:02:15 - [MESSAGE][WARNING] - Unable to click on object (Root cause: java.lang.IllegalArgumentException: Object is null)
[[ATTACHMENT|/Users/sumankompelly/Relative xpath-Mobile/Reports/Live site/20190628_151842/1561752135474.png]]

2019-06-28 16:02:15 - [TEST_STEP][PASSED] - delay(2, OPTIONAL): Delayed 2 second(s)

2019-06-28 16:02:17 - [MESSAGE][PASSED] - Delayed 2 second(s)

2019-06-28 16:02:17 - [TEST_STEP][PASSED] - setViewPortSize(360, 800, OPTIONAL): Viewport is set to new size with width = 360 and height = 800

2019-06-28 16:02:17 - [MESSAGE][PASSED] - Viewport is set to new size with width = 360 and height = 800

2019-06-28 16:02:17 - [TEST_STEP][PASSED] - delay(1, OPTIONAL): Delayed 1 second(s)

2019-06-28 16:02:18 - [MESSAGE][PASSED] - Delayed 1 second(s)

2019-06-28 16:02:18 - [TEST_STEP][PASSED] - click(findTestObject("OCS-MOBILE /FAQ page/First accordian - add")): Object: 'Object Repository/OCS-MOBILE /FAQ page/First accordian - add' is clicked on

2019-06-28 16:02:18 - [MESSAGE][PASSED] - Object: 'Object Repository/OCS-MOBILE /FAQ page/First accordian - add' is clicked on

2019-06-28 16:02:18 - [TEST_STEP][PASSED] - delay(1): Delayed 1 second(s)

2019-06-28 16:02:19 - [MESSAGE][PASSED] - Delayed 1 second(s)

2019-06-28 16:02:19 - [TEST_STEP][PASSED] - click(findTestObject("OCS-MOBILE /FAQ page/First accordian - Subtract")): Object: 'Object Repository/OCS-MOBILE /FAQ page/First accordian - Subtract' is clicked on

2019-06-28 16:02:19 - [MESSAGE][PASSED] - Object: 'Object Repository/OCS-MOBILE /FAQ page/First accordian - Subtract' is clicked on

2019-06-28 16:02:19 - [TEST_STEP][PASSED] - delay(1): Delayed 1 second(s)

2019-06-28 16:02:20 - [MESSAGE][PASSED] - Delayed 1 second(s)

2019-06-28 16:02:20 - [TEST_STEP][PASSED] - click(findTestObject("OCS-MOBILE /FAQ page/Second accordian- add")): Object: 'Object Repository/OCS-MOBILE /FAQ page/Second accordian- add' is clicked on

2019-06-28 16:02:20 - [MESSAGE][PASSED] - Object: 'Object Repository/OCS-MOBILE /FAQ page/Second accordian- add' is clicked on

2019-06-28 16:02:20 - [TEST_STEP][PASSED] - delay(1): Delayed 1 second(s)

2019-06-28 16:02:21 - [MESSAGE][PASSED] - Delayed 1 second(s)

2019-06-28 16:02:21 - [TEST_STEP][PASSED] - click(findTestObject("OCS-MOBILE /FAQ page/Second accordian - subtract")): Object: 'Object Repository/OCS-MOBILE /FAQ page/Second accordian - subtract' is clicked on

2019-06-28 16:02:22 - [MESSAGE][PASSED] - Object: 'Object Repository/OCS-MOBILE /FAQ page/Second accordian - subtract' is clicked on

2019-06-28 16:02:22 - [TEST_STEP][PASSED] - delay(1): Delayed 1 second(s)

2019-06-28 16:02:23 - [MESSAGE][PASSED] - Delayed 1 second(s)

2019-06-28 16:02:23 - [TEST_STEP][PASSED] - click(findTestObject("OCS-MOBILE /FAQ page/Load more1")): Object: 'Object Repository/OCS-MOBILE /FAQ page/Load more1' is clicked on

2019-06-28 16:02:23 - [MESSAGE][PASSED] - Object: 'Object Repository/OCS-MOBILE /FAQ page/Load more1' is clicked on

2019-06-28 16:02:23 - [TEST_STEP][PASSED] - delay(1): Delayed 1 second(s)

2019-06-28 16:02:24 - [MESSAGE][PASSED] - Delayed 1 second(s)

2019-06-28 16:02:24 - [TEST_STEP][PASSED] - click(findTestObject("OCS-MOBILE /FAQ page/Loadmore2")): Object: 'Object Repository/OCS-MOBILE /FAQ page/Loadmore2' is clicked on

2019-06-28 16:02:24 - [MESSAGE][PASSED] - Object: 'Object Repository/OCS-MOBILE /FAQ page/Loadmore2' is clicked on

2019-06-28 16:02:24 - [TEST_STEP][PASSED] - delay(1): Delayed 1 second(s)

2019-06-28 16:02:25 - [MESSAGE][PASSED] - Delayed 1 second(s)

2019-06-28 16:02:25 - [TEST_STEP][PASSED] - click(findTestObject("OCS-MOBILE /FAQ page/Loadmore3")): Object: 'Object Repository/OCS-MOBILE /FAQ page/Loadmore3' is clicked on

2019-06-28 16:02:25 - [MESSAGE][PASSED] - Object: 'Object Repository/OCS-MOBILE /FAQ page/Loadmore3' is clicked on

2019-06-28 16:02:25 - [TEST_STEP][PASSED] - delay(1): Delayed 1 second(s)

2019-06-28 16:02:26 - [MESSAGE][PASSED] - Delayed 1 second(s)

2019-06-28 16:02:26 - [TEST_STEP][PASSED] - click(findTestObject("OCS-MOBILE /FAQ page/Learn about cannabis")): Object: 'Object Repository/OCS-MOBILE /FAQ page/Learn about cannabis' is clicked on

2019-06-28 16:02:29 - [MESSAGE][PASSED] - Object: 'Object Repository/OCS-MOBILE /FAQ page/Learn about cannabis' is clicked on

2019-06-28 16:02:29 - [TEST_STEP][PASSED] - delay(1): Delayed 1 second(s)

2019-06-28 16:02:30 - [MESSAGE][PASSED] - Delayed 1 second(s)

2019-06-28 16:02:30 - [TEST_STEP][PASSED] - back(): Navigate back successfully

2019-06-28 16:02:30 - [MESSAGE][PASSED] - Navigate back successfully

2019-06-28 16:02:30 - [TEST_STEP][PASSED] - delay(1): Delayed 1 second(s)

2019-06-28 16:02:31 - [MESSAGE][PASSED] - Delayed 1 second(s)

2019-06-28 16:02:31 - [TEST_STEP][PASSED] - setViewPortSize(1000, 800, OPTIONAL): Viewport is set to new size with width = 1000 and height = 800

2019-06-28 16:02:31 - [MESSAGE][PASSED] - Viewport is set to new size with width = 1000 and height = 800

2019-06-28 16:02:31 - [TEST_STEP][PASSED] - delay(2, OPTIONAL): Delayed 2 second(s)

2019-06-28 16:02:33 - [MESSAGE][PASSED] - Delayed 2 second(s)

2019-06-28 16:02:33 - [TEST_STEP][PASSED] - click(findTestObject("Theme_oR/Page_Ontario Cannabis Store  Ontari/button_Hide bar"), OPTIONAL): Unable to click on object (Root cause: java.lang.IllegalArgumentException: Object is null)

2019-06-28 16:02:33 - [MESSAGE][WARNING] - Test object with id 'Object Repository/Theme_oR/Page_Ontario Cannabis Store  Ontari/button_Hide bar' does not exist

2019-06-28 16:02:33 - [MESSAGE][WARNING] - Test object with id 'Object Repository/' does not exist

2019-06-28 16:02:34 - [MESSAGE][WARNING] - Unable to click on object (Root cause: java.lang.IllegalArgumentException: Object is null)
[[ATTACHMENT|/Users/sumankompelly/Relative xpath-Mobile/Reports/Live site/20190628_151842/1561752153793.png]]

2019-06-28 16:02:34 - [TEST_STEP][PASSED] - delay(2, OPTIONAL): Delayed 2 second(s)

2019-06-28 16:02:36 - [MESSAGE][PASSED] - Delayed 2 second(s)

2019-06-28 16:02:36 - [TEST_STEP][PASSED] - setViewPortSize(360, 800, OPTIONAL): Viewport is set to new size with width = 360 and height = 800

2019-06-28 16:02:36 - [MESSAGE][PASSED] - Viewport is set to new size with width = 360 and height = 800

2019-06-28 16:02:36 - [TEST_STEP][PASSED] - delay(1, OPTIONAL): Delayed 1 second(s)

2019-06-28 16:02:37 - [MESSAGE][PASSED] - Delayed 1 second(s)

2019-06-28 16:02:37 - [TEST_STEP][NOT_RUN] - executeJavaScript("var previewBar = document.getElementById("preview-bar-iframe"); previewBar.style.display = "none";", []): NOT_RUN: executeJavaScript("var previewBar = document.getElementById("preview-bar-iframe"); previewBar.style.display = "none";", [])

2019-06-28 16:02:37 - [MESSAGE][NOT_RUN] - NOT_RUN: executeJavaScript("var previewBar = document.getElementById("preview-bar-iframe"); previewBar.style.display = "none";", [])

2019-06-28 16:02:37 - [TEST_STEP][PASSED] - click(findTestObject("OCS-MOBILE /FAQ page/Loadmore4")): Object: 'Object Repository/OCS-MOBILE /FAQ page/Loadmore4' is clicked on

2019-06-28 16:02:37 - [MESSAGE][PASSED] - Object: 'Object Repository/OCS-MOBILE /FAQ page/Loadmore4' is clicked on

2019-06-28 16:02:37 - [TEST_STEP][PASSED] - delay(2, OPTIONAL): Delayed 2 second(s)

2019-06-28 16:02:39 - [MESSAGE][PASSED] - Delayed 2 second(s)

2019-06-28 16:02:39 - [TEST_STEP][PASSED] - setViewPortSize(1000, 800, OPTIONAL): Viewport is set to new size with width = 1000 and height = 800

2019-06-28 16:02:39 - [MESSAGE][PASSED] - Viewport is set to new size with width = 1000 and height = 800

2019-06-28 16:02:39 - [TEST_STEP][PASSED] - delay(2, OPTIONAL): Delayed 2 second(s)

2019-06-28 16:02:41 - [MESSAGE][PASSED] - Delayed 2 second(s)

2019-06-28 16:02:41 - [TEST_STEP][PASSED] - click(findTestObject("Theme_oR/Page_Ontario Cannabis Store  Ontari/button_Hide bar"), OPTIONAL): Unable to click on object (Root cause: java.lang.IllegalArgumentException: Object is null)

2019-06-28 16:02:41 - [MESSAGE][WARNING] - Test object with id 'Object Repository/Theme_oR/Page_Ontario Cannabis Store  Ontari/button_Hide bar' does not exist

2019-06-28 16:02:41 - [MESSAGE][WARNING] - Test object with id 'Object Repository/' does not exist

2019-06-28 16:02:41 - [MESSAGE][WARNING] - Unable to click on object (Root cause: java.lang.IllegalArgumentException: Object is null)
[[ATTACHMENT|/Users/sumankompelly/Relative xpath-Mobile/Reports/Live site/20190628_151842/1561752161359.png]]

2019-06-28 16:02:41 - [TEST_STEP][PASSED] - delay(2, OPTIONAL): Delayed 2 second(s)

2019-06-28 16:02:43 - [MESSAGE][PASSED] - Delayed 2 second(s)

2019-06-28 16:02:43 - [TEST_STEP][PASSED] - setViewPortSize(360, 800, OPTIONAL): Viewport is set to new size with width = 360 and height = 800

2019-06-28 16:02:43 - [MESSAGE][PASSED] - Viewport is set to new size with width = 360 and height = 800

2019-06-28 16:02:43 - [TEST_STEP][PASSED] - delay(1, OPTIONAL): Delayed 1 second(s)

2019-06-28 16:02:44 - [MESSAGE][PASSED] - Delayed 1 second(s)

2019-06-28 16:02:44 - [TEST_STEP][PASSED] - click(findTestObject("OCS-MOBILE /FAQ page/Learn about OCS")): Object: 'Object Repository/OCS-MOBILE /FAQ page/Learn about OCS' is clicked on

2019-06-28 16:02:47 - [MESSAGE][PASSED] - Object: 'Object Repository/OCS-MOBILE /FAQ page/Learn about OCS' is clicked on

2019-06-28 16:02:47 - [TEST_STEP][PASSED] - back(): Navigate back successfully

2019-06-28 16:02:48 - [MESSAGE][PASSED] - Navigate back successfully

2019-06-28 16:02:48 - [TEST_STEP][PASSED] - delay(2, OPTIONAL): Delayed 2 second(s)

2019-06-28 16:02:50 - [MESSAGE][PASSED] - Delayed 2 second(s)

2019-06-28 16:02:50 - [TEST_STEP][PASSED] - setViewPortSize(1000, 800, OPTIONAL): Viewport is set to new size with width = 1000 and height = 800

2019-06-28 16:02:50 - [MESSAGE][PASSED] - Viewport is set to new size with width = 1000 and height = 800

2019-06-28 16:02:50 - [TEST_STEP][PASSED] - delay(2, OPTIONAL): Delayed 2 second(s)

2019-06-28 16:02:52 - [MESSAGE][PASSED] - Delayed 2 second(s)

2019-06-28 16:02:52 - [TEST_STEP][PASSED] - click(findTestObject("Theme_oR/Page_Ontario Cannabis Store  Ontari/button_Hide bar"), OPTIONAL): Unable to click on object (Root cause: java.lang.IllegalArgumentException: Object is null)

2019-06-28 16:02:52 - [MESSAGE][WARNING] - Test object with id 'Object Repository/Theme_oR/Page_Ontario Cannabis Store  Ontari/button_Hide bar' does not exist

2019-06-28 16:02:52 - [MESSAGE][WARNING] - Test object with id 'Object Repository/' does not exist

2019-06-28 16:02:52 - [MESSAGE][WARNING] - Unable to click on object (Root cause: java.lang.IllegalArgumentException: Object is null)
[[ATTACHMENT|/Users/sumankompelly/Relative xpath-Mobile/Reports/Live site/20190628_151842/1561752172758.png]]

2019-06-28 16:02:52 - [TEST_STEP][PASSED] - delay(2, OPTIONAL): Delayed 2 second(s)

2019-06-28 16:02:54 - [MESSAGE][PASSED] - Delayed 2 second(s)

2019-06-28 16:02:54 - [TEST_STEP][PASSED] - setViewPortSize(360, 800, OPTIONAL): Viewport is set to new size with width = 360 and height = 800

2019-06-28 16:02:55 - [MESSAGE][PASSED] - Viewport is set to new size with width = 360 and height = 800

2019-06-28 16:02:55 - [TEST_STEP][PASSED] - delay(1, OPTIONAL): Delayed 1 second(s)

2019-06-28 16:02:56 - [MESSAGE][PASSED] - Delayed 1 second(s)

2019-06-28 16:02:56 - [TEST_STEP][NOT_RUN] - executeJavaScript("var previewBar = document.getElementById("preview-bar-iframe"); previewBar.style.display = "none";", []): NOT_RUN: executeJavaScript("var previewBar = document.getElementById("preview-bar-iframe"); previewBar.style.display = "none";", [])

2019-06-28 16:02:56 - [MESSAGE][NOT_RUN] - NOT_RUN: executeJavaScript("var previewBar = document.getElementById("preview-bar-iframe"); previewBar.style.display = "none";", [])

2019-06-28 16:02:56 - [TEST_STEP][PASSED] - click(findTestObject("OCS-MOBILE /FAQ page/Choose cannabis products")): Object: 'Object Repository/OCS-MOBILE /FAQ page/Choose cannabis products' is clicked on

2019-06-28 16:02:58 - [MESSAGE][PASSED] - Object: 'Object Repository/OCS-MOBILE /FAQ page/Choose cannabis products' is clicked on

2019-06-28 16:02:58 - [TEST_STEP][NOT_RUN] - back(): NOT_RUN: back()

2019-06-28 16:02:58 - [MESSAGE][NOT_RUN] - NOT_RUN: back()

2019-06-28 16:02:58 - [TEST_STEP][NOT_RUN] - click(findTestObject("OCS-MOBILE /Age gate and burger menu/Burger menu - English")): NOT_RUN: click(findTestObject("OCS-MOBILE /Age gate and burger menu/Burger menu - English"))

2019-06-28 16:02:58 - [MESSAGE][NOT_RUN] - NOT_RUN: click(findTestObject("OCS-MOBILE /Age gate and burger menu/Burger menu - English"))

2019-06-28 16:02:58 - [TEST_STEP][NOT_RUN] - delay(1, OPTIONAL): NOT_RUN: delay(1, OPTIONAL)

2019-06-28 16:02:58 - [MESSAGE][NOT_RUN] - NOT_RUN: delay(1, OPTIONAL)

2019-06-28 16:02:58 - [TEST_STEP][NOT_RUN] - click(findTestObject("OCS-MOBILE /FAQ page/FAQ")): NOT_RUN: click(findTestObject("OCS-MOBILE /FAQ page/FAQ"))

2019-06-28 16:02:58 - [MESSAGE][NOT_RUN] - NOT_RUN: click(findTestObject("OCS-MOBILE /FAQ page/FAQ"))

2019-06-28 16:02:58 - [TEST_STEP][NOT_RUN] - delay(1, OPTIONAL): NOT_RUN: delay(1, OPTIONAL)

2019-06-28 16:02:58 - [MESSAGE][NOT_RUN] - NOT_RUN: delay(1, OPTIONAL)

2019-06-28 16:02:58 - [TEST_STEP][NOT_RUN] - click(findTestObject("OCS-MOBILE /FAQ page/See all FAQs")): NOT_RUN: click(findTestObject("OCS-MOBILE /FAQ page/See all FAQs"))

2019-06-28 16:02:58 - [MESSAGE][NOT_RUN] - NOT_RUN: click(findTestObject("OCS-MOBILE /FAQ page/See all FAQs"))

2019-06-28 16:02:58 - [TEST_STEP][NOT_RUN] - executeJavaScript("var previewBar = document.getElementById("preview-bar-iframe"); previewBar.style.display = "none";", []): NOT_RUN: executeJavaScript("var previewBar = document.getElementById("preview-bar-iframe"); previewBar.style.display = "none";", [])

2019-06-28 16:02:58 - [MESSAGE][NOT_RUN] - NOT_RUN: executeJavaScript("var previewBar = document.getElementById("preview-bar-iframe"); previewBar.style.display = "none";", [])]]></system-out>
         <system-err><![CDATA[]]></system-err>
      </testcase>
      <testcase name="Test Cases/OCS - MOBILE/OCS- HOME PAGE/HP- Burger menu- Learn" classname="Test Cases/OCS - MOBILE/OCS- HOME PAGE/HP- Burger menu- Learn" status="FAILED">
         <failure type="FAILED" message="Test Cases/OCS - MOBILE/OCS- HOME PAGE/HP- Burger menu- Learn FAILED.
Reason:
com.kms.katalon.core.exception.StepFailedException: Unable to verify text 'How to Recycle Cannabis Packaging' is present  using regular expression (Root cause: com.kms.katalon.core.exception.StepFailedException: Text 'How to Recycle Cannabis Packaging' is not present on page  using regular expression)
	at com.kms.katalon.core.keyword.internal.KeywordMain.stepFailed(KeywordMain.groovy:36)
	at com.kms.katalon.core.webui.keyword.internal.WebUIKeywordMain.stepFailed(WebUIKeywordMain.groovy:65)
	at com.kms.katalon.core.webui.keyword.internal.WebUIKeywordMain.runKeyword(WebUIKeywordMain.groovy:27)
	at com.kms.katalon.core.webui.keyword.builtin.VerifyTextPresentKeyword.verifyTextPresent(VerifyTextPresentKeyword.groovy:83)
	at com.kms.katalon.core.webui.keyword.builtin.VerifyTextPresentKeyword.execute(VerifyTextPresentKeyword.groovy:68)
	at com.kms.katalon.core.keyword.internal.KeywordExecutor.executeKeywordForPlatform(KeywordExecutor.groovy:53)
	at com.kms.katalon.core.webui.keyword.WebUiBuiltInKeywords.verifyTextPresent(WebUiBuiltInKeywords.groovy:1693)
	at com.kms.katalon.core.webui.keyword.WebUiBuiltInKeywords$verifyTextPresent$14.call(Unknown Source)
	at HP- Burger menu- Learn.run(HP- Burger menu- Learn:526)
	at com.kms.katalon.core.main.ScriptEngine.run(ScriptEngine.java:194)
	at com.kms.katalon.core.main.ScriptEngine.runScriptAsRawText(ScriptEngine.java:119)
	at com.kms.katalon.core.main.TestCaseExecutor.runScript(TestCaseExecutor.java:328)
	at com.kms.katalon.core.main.TestCaseExecutor.doExecute(TestCaseExecutor.java:319)
	at com.kms.katalon.core.main.TestCaseExecutor.processExecutionPhase(TestCaseExecutor.java:298)
	at com.kms.katalon.core.main.TestCaseExecutor.accessMainPhase(TestCaseExecutor.java:290)
	at com.kms.katalon.core.main.TestCaseExecutor.execute(TestCaseExecutor.java:224)
	at com.kms.katalon.core.main.TestSuiteExecutor.accessTestCaseMainPhase(TestSuiteExecutor.java:129)
	at com.kms.katalon.core.main.TestSuiteExecutor.accessTestSuiteMainPhase(TestSuiteExecutor.java:112)
	at com.kms.katalon.core.main.TestSuiteExecutor.execute(TestSuiteExecutor.java:81)
	at com.kms.katalon.core.main.TestCaseMain.startTestSuite(TestCaseMain.java:149)
	at com.kms.katalon.core.main.TestCaseMain$startTestSuite$0.call(Unknown Source)
	at TempTestSuite1561749522497.run(TempTestSuite1561749522497.groovy:36)
"/>
         <system-out><![CDATA[2019-06-28 16:02:58 - [TEST_CASE][FAILED] - Test Cases/OCS - MOBILE/OCS- HOME PAGE/HP- Burger menu- Learn: Test Cases/OCS - MOBILE/OCS- HOME PAGE/HP- Burger menu- Learn FAILED.
Reason:
com.kms.katalon.core.exception.StepFailedException: Unable to verify text 'How to Recycle Cannabis Packaging' is present  using regular expression (Root cause: com.kms.katalon.core.exception.StepFailedException: Text 'How to Recycle Cannabis Packaging' is not present on page  using regular expression)
	at com.kms.katalon.core.keyword.internal.KeywordMain.stepFailed(KeywordMain.groovy:36)
	at com.kms.katalon.core.webui.keyword.internal.WebUIKeywordMain.stepFailed(WebUIKeywordMain.groovy:65)
	at com.kms.katalon.core.webui.keyword.internal.WebUIKeywordMain.runKeyword(WebUIKeywordMain.groovy:27)
	at com.kms.katalon.core.webui.keyword.builtin.VerifyTextPresentKeyword.verifyTextPresent(VerifyTextPresentKeyword.groovy:83)
	at com.kms.katalon.core.webui.keyword.builtin.VerifyTextPresentKeyword.execute(VerifyTextPresentKeyword.groovy:68)
	at com.kms.katalon.core.keyword.internal.KeywordExecutor.executeKeywordForPlatform(KeywordExecutor.groovy:53)
	at com.kms.katalon.core.webui.keyword.WebUiBuiltInKeywords.verifyTextPresent(WebUiBuiltInKeywords.groovy:1693)
	at com.kms.katalon.core.webui.keyword.WebUiBuiltInKeywords$verifyTextPresent$14.call(Unknown Source)
	at HP- Burger menu- Learn.run(HP- Burger menu- Learn:526)
	at com.kms.katalon.core.main.ScriptEngine.run(ScriptEngine.java:194)
	at com.kms.katalon.core.main.ScriptEngine.runScriptAsRawText(ScriptEngine.java:119)
	at com.kms.katalon.core.main.TestCaseExecutor.runScript(TestCaseExecutor.java:328)
	at com.kms.katalon.core.main.TestCaseExecutor.doExecute(TestCaseExecutor.java:319)
	at com.kms.katalon.core.main.TestCaseExecutor.processExecutionPhase(TestCaseExecutor.java:298)
	at com.kms.katalon.core.main.TestCaseExecutor.accessMainPhase(TestCaseExecutor.java:290)
	at com.kms.katalon.core.main.TestCaseExecutor.execute(TestCaseExecutor.java:224)
	at com.kms.katalon.core.main.TestSuiteExecutor.accessTestCaseMainPhase(TestSuiteExecutor.java:129)
	at com.kms.katalon.core.main.TestSuiteExecutor.accessTestSuiteMainPhase(TestSuiteExecutor.java:112)
	at com.kms.katalon.core.main.TestSuiteExecutor.execute(TestSuiteExecutor.java:81)
	at com.kms.katalon.core.main.TestCaseMain.startTestSuite(TestCaseMain.java:149)
	at com.kms.katalon.core.main.TestCaseMain$startTestSuite$0.call(Unknown Source)
	at TempTestSuite1561749522497.run(TempTestSuite1561749522497.groovy:36)


2019-06-28 16:02:58 - [TEST_STEP][PASSED] - callTestCase(findTestCase("OCS - MOBILE/CALL - AGE GATE"), [:], STOP_ON_FAILURE): Call Test Case 'Test Cases/OCS - MOBILE/CALL - AGE GATE' successfully

2019-06-28 16:02:58 - [TEST_CASE][PASSED] - Test Cases/OCS - MOBILE/CALL - AGE GATE: Test Cases/OCS - MOBILE/CALL - AGE GATE

2019-06-28 16:02:58 - [TEST_STEP][PASSED] - openBrowser(""): Browser is opened with url: ''

2019-06-28 16:02:58 - [MESSAGE][WARNING] - A browser is already opened. Closing browser and opening a new one

2019-06-28 16:02:59 - [MESSAGE][INFO] - Starting 'Chrome' driver

2019-06-28 16:03:00 - [MESSAGE][PASSED] - Browser is opened with url: ''

2019-06-28 16:03:00 - [TEST_STEP][PASSED] - navigateToUrl("ocs.ca"): Navigate to 'http://ocs.ca' successfully

2019-06-28 16:03:03 - [MESSAGE][PASSED] - Navigate to 'http://ocs.ca' successfully

2019-06-28 16:03:03 - [TEST_STEP][NOT_RUN] - executeJavaScript("var previewBar = document.getElementById("preview-bar-iframe"); previewBar.style.display = "none";", []): NOT_RUN: executeJavaScript("var previewBar = document.getElementById("preview-bar-iframe"); previewBar.style.display = "none";", [])

2019-06-28 16:03:03 - [MESSAGE][NOT_RUN] - NOT_RUN: executeJavaScript("var previewBar = document.getElementById("preview-bar-iframe"); previewBar.style.display = "none";", [])

2019-06-28 16:03:03 - [TEST_STEP][PASSED] - setViewPortSize(360, 800): Viewport is set to new size with width = 360 and height = 800

2019-06-28 16:03:03 - [MESSAGE][PASSED] - Viewport is set to new size with width = 360 and height = 800

2019-06-28 16:03:03 - [TEST_STEP][PASSED] - delay(4): Delayed 4 second(s)

2019-06-28 16:03:07 - [MESSAGE][PASSED] - Delayed 4 second(s)

2019-06-28 16:03:07 - [TEST_STEP][PASSED] - selectOptionByValue(findTestObject("OCS-MOBILE /Age gate and burger menu/Date"), "12", true): All options with value '12' are selected in object 'Object Repository/OCS-MOBILE /Age gate and burger menu/Date'  using regular expression

2019-06-28 16:03:08 - [MESSAGE][PASSED] - All options with value '12' are selected in object 'Object Repository/OCS-MOBILE /Age gate and burger menu/Date'  using regular expression

2019-06-28 16:03:08 - [TEST_STEP][PASSED] - selectOptionByValue(findTestObject("OCS-MOBILE /Age gate and burger menu/month"), "6", true): All options with value '6' are selected in object 'Object Repository/OCS-MOBILE /Age gate and burger menu/month'  using regular expression

2019-06-28 16:03:08 - [MESSAGE][PASSED] - All options with value '6' are selected in object 'Object Repository/OCS-MOBILE /Age gate and burger menu/month'  using regular expression

2019-06-28 16:03:08 - [TEST_STEP][PASSED] - delay(2): Delayed 2 second(s)

2019-06-28 16:03:10 - [MESSAGE][PASSED] - Delayed 2 second(s)

2019-06-28 16:03:10 - [TEST_STEP][PASSED] - selectOptionByValue(findTestObject("OCS-MOBILE /Age gate and burger menu/Year Dropdown"), "1990", true): All options with value '1990' are selected in object 'Object Repository/OCS-MOBILE /Age gate and burger menu/Year Dropdown'  using regular expression

2019-06-28 16:03:11 - [MESSAGE][PASSED] - All options with value '1990' are selected in object 'Object Repository/OCS-MOBILE /Age gate and burger menu/Year Dropdown'  using regular expression

2019-06-28 16:03:11 - [TEST_STEP][PASSED] - click(findTestObject("OCS-MOBILE /Age gate and Mega menu/button_Verify")): Object: 'Object Repository/OCS-MOBILE /Age gate and Mega menu/button_Verify' is clicked on

2019-06-28 16:03:11 - [MESSAGE][PASSED] - Object: 'Object Repository/OCS-MOBILE /Age gate and Mega menu/button_Verify' is clicked on

2019-06-28 16:03:11 - [TEST_STEP][PASSED] - click(findTestObject("OCS-MOBILE /Age gate and Mega menu/Checkbox_CONFIRM AND ACKNOWLEDGE")): Object: 'Object Repository/OCS-MOBILE /Age gate and Mega menu/Checkbox_CONFIRM AND ACKNOWLEDGE' is clicked on

2019-06-28 16:03:11 - [MESSAGE][PASSED] - Object: 'Object Repository/OCS-MOBILE /Age gate and Mega menu/Checkbox_CONFIRM AND ACKNOWLEDGE' is clicked on

2019-06-28 16:03:11 - [TEST_STEP][PASSED] - click(findTestObject("OCS-MOBILE /Age gate and Mega menu/button_CONFIRM")): Object: 'Object Repository/OCS-MOBILE /Age gate and Mega menu/button_CONFIRM' is clicked on

2019-06-28 16:03:11 - [MESSAGE][PASSED] - Object: 'Object Repository/OCS-MOBILE /Age gate and Mega menu/button_CONFIRM' is clicked on

2019-06-28 16:03:11 - [TEST_STEP][PASSED] - click(findTestObject("OCS-MOBILE /Age gate and Mega menu/button_Start Browsing")): Object: 'Object Repository/OCS-MOBILE /Age gate and Mega menu/button_Start Browsing' is clicked on

2019-06-28 16:03:11 - [MESSAGE][PASSED] - Object: 'Object Repository/OCS-MOBILE /Age gate and Mega menu/button_Start Browsing' is clicked on

2019-06-28 16:03:11 - [TEST_STEP][PASSED] - refresh(): Refresh successfully

2019-06-28 16:03:11 - [MESSAGE][PASSED] - Refresh successfully

2019-06-28 16:03:11 - [TEST_STEP][NOT_RUN] - executeJavaScript("var previewBar = document.getElementById("preview-bar-iframe"); previewBar.style.display = "none";", []): NOT_RUN: executeJavaScript("var previewBar = document.getElementById("preview-bar-iframe"); previewBar.style.display = "none";", [])

2019-06-28 16:03:11 - [MESSAGE][NOT_RUN] - NOT_RUN: executeJavaScript("var previewBar = document.getElementById("preview-bar-iframe"); previewBar.style.display = "none";", [])

2019-06-28 16:03:11 - [MESSAGE][PASSED] - Call Test Case 'Test Cases/OCS - MOBILE/CALL - AGE GATE' successfully

2019-06-28 16:03:11 - [TEST_STEP][PASSED] - delay(2): Delayed 2 second(s)

2019-06-28 16:03:13 - [MESSAGE][PASSED] - Delayed 2 second(s)

2019-06-28 16:03:13 - [TEST_STEP][PASSED] - click(findTestObject("OCS-MOBILE /Age gate and burger menu/Burger menu - English"), CONTINUE_ON_FAILURE): Object: 'Object Repository/OCS-MOBILE /Age gate and burger menu/Burger menu - English' is clicked on

2019-06-28 16:03:14 - [MESSAGE][PASSED] - Object: 'Object Repository/OCS-MOBILE /Age gate and burger menu/Burger menu - English' is clicked on

2019-06-28 16:03:14 - [TEST_STEP][PASSED] - delay(2, CONTINUE_ON_FAILURE): Delayed 2 second(s)

2019-06-28 16:03:16 - [MESSAGE][PASSED] - Delayed 2 second(s)

2019-06-28 16:03:16 - [TEST_STEP][PASSED] - click(findTestObject("OCS-MOBILE /LEARN page/Learn chevron")): Object: 'Object Repository/OCS-MOBILE /LEARN page/Learn chevron' is clicked on

2019-06-28 16:03:16 - [MESSAGE][PASSED] - Object: 'Object Repository/OCS-MOBILE /LEARN page/Learn chevron' is clicked on

2019-06-28 16:03:16 - [TEST_STEP][PASSED] - delay(2): Delayed 2 second(s)

2019-06-28 16:03:18 - [MESSAGE][PASSED] - Delayed 2 second(s)

2019-06-28 16:03:18 - [TEST_STEP][PASSED] - click(findTestObject("OCS-MOBILE /LEARN page/How Cannabis Works plus accordian")): Object: 'Object Repository/OCS-MOBILE /LEARN page/How Cannabis Works plus accordian' is clicked on

2019-06-28 16:03:18 - [MESSAGE][PASSED] - Object: 'Object Repository/OCS-MOBILE /LEARN page/How Cannabis Works plus accordian' is clicked on

2019-06-28 16:03:18 - [TEST_STEP][PASSED] - delay(2): Delayed 2 second(s)

2019-06-28 16:03:20 - [MESSAGE][PASSED] - Delayed 2 second(s)

2019-06-28 16:03:20 - [TEST_STEP][PASSED] - click(findTestObject("OCS-MOBILE /LEARN page/How Cannabis Works Subtract accordian")): Object: 'Object Repository/OCS-MOBILE /LEARN page/How Cannabis Works Subtract accordian' is clicked on

2019-06-28 16:03:20 - [MESSAGE][PASSED] - Object: 'Object Repository/OCS-MOBILE /LEARN page/How Cannabis Works Subtract accordian' is clicked on

2019-06-28 16:03:20 - [TEST_STEP][PASSED] - delay(2): Delayed 2 second(s)

2019-06-28 16:03:22 - [MESSAGE][PASSED] - Delayed 2 second(s)

2019-06-28 16:03:22 - [TEST_STEP][PASSED] - click(findTestObject("OCS-MOBILE /LEARN page/How Cannabis Works plus accordian")): Object: 'Object Repository/OCS-MOBILE /LEARN page/How Cannabis Works plus accordian' is clicked on

2019-06-28 16:03:22 - [MESSAGE][PASSED] - Object: 'Object Repository/OCS-MOBILE /LEARN page/How Cannabis Works plus accordian' is clicked on

2019-06-28 16:03:22 - [TEST_STEP][PASSED] - delay(2): Delayed 2 second(s)

2019-06-28 16:03:24 - [MESSAGE][PASSED] - Delayed 2 second(s)

2019-06-28 16:03:24 - [TEST_STEP][PASSED] - click(findTestObject("OCS-MOBILE /LEARN page/The Effects of Cannabis")): Object: 'Object Repository/OCS-MOBILE /LEARN page/The Effects of Cannabis' is clicked on

2019-06-28 16:03:27 - [MESSAGE][PASSED] - Object: 'Object Repository/OCS-MOBILE /LEARN page/The Effects of Cannabis' is clicked on

2019-06-28 16:03:27 - [TEST_STEP][PASSED] - verifyTextPresent("The Effects of Cannabis", true): Text 'The Effects of Cannabis' is present on page  using regular expression

2019-06-28 16:03:27 - [MESSAGE][PASSED] - Text 'The Effects of Cannabis' is present on page  using regular expression

2019-06-28 16:03:27 - [TEST_STEP][PASSED] - delay(2): Delayed 2 second(s)

2019-06-28 16:03:29 - [MESSAGE][PASSED] - Delayed 2 second(s)

2019-06-28 16:03:29 - [TEST_STEP][PASSED] - click(findTestObject("OCS-MOBILE /Age gate and burger menu/Burger menu - English"), CONTINUE_ON_FAILURE): Object: 'Object Repository/OCS-MOBILE /Age gate and burger menu/Burger menu - English' is clicked on

2019-06-28 16:03:29 - [MESSAGE][PASSED] - Object: 'Object Repository/OCS-MOBILE /Age gate and burger menu/Burger menu - English' is clicked on

2019-06-28 16:03:29 - [TEST_STEP][PASSED] - delay(2, CONTINUE_ON_FAILURE): Delayed 2 second(s)

2019-06-28 16:03:31 - [MESSAGE][PASSED] - Delayed 2 second(s)

2019-06-28 16:03:31 - [TEST_STEP][PASSED] - click(findTestObject("OCS-MOBILE /LEARN page/Learn chevron")): Object: 'Object Repository/OCS-MOBILE /LEARN page/Learn chevron' is clicked on

2019-06-28 16:03:31 - [MESSAGE][PASSED] - Object: 'Object Repository/OCS-MOBILE /LEARN page/Learn chevron' is clicked on

2019-06-28 16:03:31 - [TEST_STEP][PASSED] - delay(2): Delayed 2 second(s)

2019-06-28 16:03:33 - [MESSAGE][PASSED] - Delayed 2 second(s)

2019-06-28 16:03:33 - [TEST_STEP][PASSED] - click(findTestObject("OCS-MOBILE /LEARN page/How Cannabis Works plus accordian")): Object: 'Object Repository/OCS-MOBILE /LEARN page/How Cannabis Works plus accordian' is clicked on

2019-06-28 16:03:33 - [MESSAGE][PASSED] - Object: 'Object Repository/OCS-MOBILE /LEARN page/How Cannabis Works plus accordian' is clicked on

2019-06-28 16:03:33 - [TEST_STEP][PASSED] - delay(1): Delayed 1 second(s)

2019-06-28 16:03:34 - [MESSAGE][PASSED] - Delayed 1 second(s)

2019-06-28 16:03:34 - [TEST_STEP][PASSED] - click(findTestObject("OCS-MOBILE /LEARN page/Endocannabinoids chevron")): Object: 'Object Repository/OCS-MOBILE /LEARN page/Endocannabinoids chevron' is clicked on

2019-06-28 16:03:38 - [MESSAGE][PASSED] - Object: 'Object Repository/OCS-MOBILE /LEARN page/Endocannabinoids chevron' is clicked on

2019-06-28 16:03:38 - [TEST_STEP][PASSED] - verifyTextPresent("The Endocannabinoid System", true): Text 'The Endocannabinoid System' is present on page  using regular expression

2019-06-28 16:03:38 - [MESSAGE][PASSED] - Text 'The Endocannabinoid System' is present on page  using regular expression

2019-06-28 16:03:38 - [TEST_STEP][PASSED] - delay(2): Delayed 2 second(s)

2019-06-28 16:03:40 - [MESSAGE][PASSED] - Delayed 2 second(s)

2019-06-28 16:03:40 - [TEST_STEP][PASSED] - click(findTestObject("OCS-MOBILE /Age gate and burger menu/Burger menu - English"), CONTINUE_ON_FAILURE): Object: 'Object Repository/OCS-MOBILE /Age gate and burger menu/Burger menu - English' is clicked on

2019-06-28 16:03:40 - [MESSAGE][PASSED] - Object: 'Object Repository/OCS-MOBILE /Age gate and burger menu/Burger menu - English' is clicked on

2019-06-28 16:03:40 - [TEST_STEP][PASSED] - delay(2, CONTINUE_ON_FAILURE): Delayed 2 second(s)

2019-06-28 16:03:42 - [MESSAGE][PASSED] - Delayed 2 second(s)

2019-06-28 16:03:42 - [TEST_STEP][PASSED] - click(findTestObject("OCS-MOBILE /LEARN page/Learn chevron")): Object: 'Object Repository/OCS-MOBILE /LEARN page/Learn chevron' is clicked on

2019-06-28 16:03:42 - [MESSAGE][PASSED] - Object: 'Object Repository/OCS-MOBILE /LEARN page/Learn chevron' is clicked on

2019-06-28 16:03:42 - [TEST_STEP][PASSED] - delay(2): Delayed 2 second(s)

2019-06-28 16:03:44 - [MESSAGE][PASSED] - Delayed 2 second(s)

2019-06-28 16:03:44 - [TEST_STEP][PASSED] - click(findTestObject("OCS-MOBILE /LEARN page/How Cannabis Works plus accordian")): Object: 'Object Repository/OCS-MOBILE /LEARN page/How Cannabis Works plus accordian' is clicked on

2019-06-28 16:03:44 - [MESSAGE][PASSED] - Object: 'Object Repository/OCS-MOBILE /LEARN page/How Cannabis Works plus accordian' is clicked on

2019-06-28 16:03:44 - [TEST_STEP][PASSED] - delay(1): Delayed 1 second(s)

2019-06-28 16:03:45 - [MESSAGE][PASSED] - Delayed 1 second(s)

2019-06-28 16:03:45 - [TEST_STEP][PASSED] - click(findTestObject("OCS-MOBILE /LEARN page/Read More -1")): Object: 'Object Repository/OCS-MOBILE /LEARN page/Read More -1' is clicked on

2019-06-28 16:03:47 - [MESSAGE][PASSED] - Object: 'Object Repository/OCS-MOBILE /LEARN page/Read More -1' is clicked on

2019-06-28 16:03:47 - [TEST_STEP][PASSED] - delay(2): Delayed 2 second(s)

2019-06-28 16:03:49 - [MESSAGE][PASSED] - Delayed 2 second(s)

2019-06-28 16:03:49 - [TEST_STEP][PASSED] - verifyTextPresent("The human reaction to cannabis.", false): Text 'The human reaction to cannabis.' is present on page 

2019-06-28 16:03:49 - [MESSAGE][PASSED] - Text 'The human reaction to cannabis.' is present on page 

2019-06-28 16:03:49 - [TEST_STEP][PASSED] - delay(2): Delayed 2 second(s)

2019-06-28 16:03:51 - [MESSAGE][PASSED] - Delayed 2 second(s)

2019-06-28 16:03:51 - [TEST_STEP][PASSED] - click(findTestObject("OCS-MOBILE /Age gate and burger menu/Burger menu - English"), CONTINUE_ON_FAILURE): Object: 'Object Repository/OCS-MOBILE /Age gate and burger menu/Burger menu - English' is clicked on

2019-06-28 16:03:52 - [MESSAGE][PASSED] - Object: 'Object Repository/OCS-MOBILE /Age gate and burger menu/Burger menu - English' is clicked on

2019-06-28 16:03:52 - [TEST_STEP][PASSED] - delay(2, CONTINUE_ON_FAILURE): Delayed 2 second(s)

2019-06-28 16:03:54 - [MESSAGE][PASSED] - Delayed 2 second(s)

2019-06-28 16:03:54 - [TEST_STEP][PASSED] - click(findTestObject("OCS-MOBILE /LEARN page/Learn chevron")): Object: 'Object Repository/OCS-MOBILE /LEARN page/Learn chevron' is clicked on

2019-06-28 16:03:54 - [MESSAGE][PASSED] - Object: 'Object Repository/OCS-MOBILE /LEARN page/Learn chevron' is clicked on

2019-06-28 16:03:54 - [TEST_STEP][PASSED] - delay(2): Delayed 2 second(s)

2019-06-28 16:03:56 - [MESSAGE][PASSED] - Delayed 2 second(s)

2019-06-28 16:03:56 - [TEST_STEP][PASSED] - click(findTestObject("OCS-MOBILE /LEARN page/Cannabis Anatomy plus accordian")): Object: 'Object Repository/OCS-MOBILE /LEARN page/Cannabis Anatomy plus accordian' is clicked on

2019-06-28 16:03:56 - [MESSAGE][PASSED] - Object: 'Object Repository/OCS-MOBILE /LEARN page/Cannabis Anatomy plus accordian' is clicked on

2019-06-28 16:03:56 - [TEST_STEP][PASSED] - delay(2): Delayed 2 second(s)

2019-06-28 16:03:58 - [MESSAGE][PASSED] - Delayed 2 second(s)

2019-06-28 16:03:58 - [TEST_STEP][PASSED] - click(findTestObject("OCS-MOBILE /LEARN page/Cannabis Anatomy subtract accordian")): Object: 'Object Repository/OCS-MOBILE /LEARN page/Cannabis Anatomy subtract accordian' is clicked on

2019-06-28 16:03:58 - [MESSAGE][PASSED] - Object: 'Object Repository/OCS-MOBILE /LEARN page/Cannabis Anatomy subtract accordian' is clicked on

2019-06-28 16:03:58 - [TEST_STEP][PASSED] - delay(2): Delayed 2 second(s)

2019-06-28 16:04:00 - [MESSAGE][PASSED] - Delayed 2 second(s)

2019-06-28 16:04:00 - [TEST_STEP][PASSED] - click(findTestObject("OCS-MOBILE /LEARN page/Cannabis Anatomy plus accordian")): Object: 'Object Repository/OCS-MOBILE /LEARN page/Cannabis Anatomy plus accordian' is clicked on

2019-06-28 16:04:00 - [MESSAGE][PASSED] - Object: 'Object Repository/OCS-MOBILE /LEARN page/Cannabis Anatomy plus accordian' is clicked on

2019-06-28 16:04:00 - [TEST_STEP][PASSED] - delay(2): Delayed 2 second(s)

2019-06-28 16:04:02 - [MESSAGE][PASSED] - Delayed 2 second(s)

2019-06-28 16:04:02 - [TEST_STEP][PASSED] - click(findTestObject("OCS-MOBILE /LEARN page/CBD")): Object: 'Object Repository/OCS-MOBILE /LEARN page/CBD' is clicked on

2019-06-28 16:04:05 - [MESSAGE][PASSED] - Object: 'Object Repository/OCS-MOBILE /LEARN page/CBD' is clicked on

2019-06-28 16:04:05 - [TEST_STEP][PASSED] - delay(2): Delayed 2 second(s)

2019-06-28 16:04:07 - [MESSAGE][PASSED] - Delayed 2 second(s)

2019-06-28 16:04:07 - [TEST_STEP][PASSED] - verifyTextPresent("CANNABIS ANATOMY", false, CONTINUE_ON_FAILURE): Text 'CANNABIS ANATOMY' is present on page 

2019-06-28 16:04:08 - [MESSAGE][PASSED] - Text 'CANNABIS ANATOMY' is present on page 

2019-06-28 16:04:08 - [TEST_STEP][PASSED] - delay(2): Delayed 2 second(s)

2019-06-28 16:04:10 - [MESSAGE][PASSED] - Delayed 2 second(s)

2019-06-28 16:04:10 - [TEST_STEP][PASSED] - click(findTestObject("OCS-MOBILE /Age gate and burger menu/Burger menu - English"), CONTINUE_ON_FAILURE): Object: 'Object Repository/OCS-MOBILE /Age gate and burger menu/Burger menu - English' is clicked on

2019-06-28 16:04:10 - [MESSAGE][PASSED] - Object: 'Object Repository/OCS-MOBILE /Age gate and burger menu/Burger menu - English' is clicked on

2019-06-28 16:04:10 - [TEST_STEP][PASSED] - delay(2, CONTINUE_ON_FAILURE): Delayed 2 second(s)

2019-06-28 16:04:12 - [MESSAGE][PASSED] - Delayed 2 second(s)

2019-06-28 16:04:12 - [TEST_STEP][PASSED] - click(findTestObject("OCS-MOBILE /LEARN page/Learn chevron")): Object: 'Object Repository/OCS-MOBILE /LEARN page/Learn chevron' is clicked on

2019-06-28 16:04:12 - [MESSAGE][PASSED] - Object: 'Object Repository/OCS-MOBILE /LEARN page/Learn chevron' is clicked on

2019-06-28 16:04:12 - [TEST_STEP][PASSED] - delay(2): Delayed 2 second(s)

2019-06-28 16:04:14 - [MESSAGE][PASSED] - Delayed 2 second(s)

2019-06-28 16:04:14 - [TEST_STEP][PASSED] - click(findTestObject("OCS-MOBILE /LEARN page/Cannabis Anatomy plus accordian")): Object: 'Object Repository/OCS-MOBILE /LEARN page/Cannabis Anatomy plus accordian' is clicked on

2019-06-28 16:04:14 - [MESSAGE][PASSED] - Object: 'Object Repository/OCS-MOBILE /LEARN page/Cannabis Anatomy plus accordian' is clicked on

2019-06-28 16:04:14 - [TEST_STEP][PASSED] - delay(1): Delayed 1 second(s)

2019-06-28 16:04:15 - [MESSAGE][PASSED] - Delayed 1 second(s)

2019-06-28 16:04:15 - [TEST_STEP][PASSED] - click(findTestObject("OCS-MOBILE /LEARN page/Terpenes")): Object: 'Object Repository/OCS-MOBILE /LEARN page/Terpenes' is clicked on

2019-06-28 16:04:18 - [MESSAGE][PASSED] - Object: 'Object Repository/OCS-MOBILE /LEARN page/Terpenes' is clicked on

2019-06-28 16:04:18 - [TEST_STEP][NOT_RUN] - click(findTestObject("Learn_spy/Page_Ontario Cannabis Store  Ontari/h3_Learn")): NOT_RUN: click(findTestObject("Learn_spy/Page_Ontario Cannabis Store  Ontari/h3_Learn"))

2019-06-28 16:04:18 - [MESSAGE][NOT_RUN] - NOT_RUN: click(findTestObject("Learn_spy/Page_Ontario Cannabis Store  Ontari/h3_Learn"))

2019-06-28 16:04:18 - [TEST_STEP][NOT_RUN] - click(findTestObject("Object Repository/Learn_OR/Page_The Effects of Cannabis  Ontar/a_Read More")): NOT_RUN: click(findTestObject("Object Repository/Learn_OR/Page_The Effects of Cannabis  Ontar/a_Read More"))

2019-06-28 16:04:18 - [MESSAGE][NOT_RUN] - NOT_RUN: click(findTestObject("Object Repository/Learn_OR/Page_The Effects of Cannabis  Ontar/a_Read More"))

2019-06-28 16:04:18 - [TEST_STEP][PASSED] - verifyTextPresent("Terpenes give cannabis strains their unique aromas.", true): Text 'Terpenes give cannabis strains their unique aromas.' is present on page  using regular expression

2019-06-28 16:04:18 - [MESSAGE][PASSED] - Text 'Terpenes give cannabis strains their unique aromas.' is present on page  using regular expression

2019-06-28 16:04:18 - [TEST_STEP][NOT_RUN] - click(findTestObject("Learn_spy/Page_Ontario Cannabis Store  Ontari/h3_Learn")): NOT_RUN: click(findTestObject("Learn_spy/Page_Ontario Cannabis Store  Ontari/h3_Learn"))

2019-06-28 16:04:18 - [MESSAGE][NOT_RUN] - NOT_RUN: click(findTestObject("Learn_spy/Page_Ontario Cannabis Store  Ontari/h3_Learn"))

2019-06-28 16:04:18 - [TEST_STEP][NOT_RUN] - click(findTestObject("Object Repository/Learn_OR/Page_How Cannabis Works  Ontario Ca/span_Cannabis Anatomy")): NOT_RUN: click(findTestObject("Object Repository/Learn_OR/Page_How Cannabis Works  Ontario Ca/span_Cannabis Anatomy"))

2019-06-28 16:04:18 - [MESSAGE][NOT_RUN] - NOT_RUN: click(findTestObject("Object Repository/Learn_OR/Page_How Cannabis Works  Ontario Ca/span_Cannabis Anatomy"))

2019-06-28 16:04:18 - [TEST_STEP][NOT_RUN] - click(findTestObject("Learn_spy/Page_Ontario Cannabis Store  Ontari/h3_Learn")): NOT_RUN: click(findTestObject("Learn_spy/Page_Ontario Cannabis Store  Ontari/h3_Learn"))

2019-06-28 16:04:18 - [MESSAGE][NOT_RUN] - NOT_RUN: click(findTestObject("Learn_spy/Page_Ontario Cannabis Store  Ontari/h3_Learn"))

2019-06-28 16:04:18 - [TEST_STEP][NOT_RUN] - verifyTextPresent("Terpenes give cannabis strains their unique aromas.", true): NOT_RUN: verifyTextPresent("Terpenes give cannabis strains their unique aromas.", true)

2019-06-28 16:04:18 - [MESSAGE][NOT_RUN] - NOT_RUN: verifyTextPresent("Terpenes give cannabis strains their unique aromas.", true)

2019-06-28 16:04:18 - [TEST_STEP][PASSED] - delay(2): Delayed 2 second(s)

2019-06-28 16:04:20 - [MESSAGE][PASSED] - Delayed 2 second(s)

2019-06-28 16:04:20 - [TEST_STEP][PASSED] - click(findTestObject("OCS-MOBILE /Age gate and burger menu/Burger menu - English"), CONTINUE_ON_FAILURE): Object: 'Object Repository/OCS-MOBILE /Age gate and burger menu/Burger menu - English' is clicked on

2019-06-28 16:04:20 - [MESSAGE][PASSED] - Object: 'Object Repository/OCS-MOBILE /Age gate and burger menu/Burger menu - English' is clicked on

2019-06-28 16:04:20 - [TEST_STEP][PASSED] - delay(2, CONTINUE_ON_FAILURE): Delayed 2 second(s)

2019-06-28 16:04:22 - [MESSAGE][PASSED] - Delayed 2 second(s)

2019-06-28 16:04:22 - [TEST_STEP][PASSED] - click(findTestObject("OCS-MOBILE /LEARN page/Learn chevron")): Object: 'Object Repository/OCS-MOBILE /LEARN page/Learn chevron' is clicked on

2019-06-28 16:04:22 - [MESSAGE][PASSED] - Object: 'Object Repository/OCS-MOBILE /LEARN page/Learn chevron' is clicked on

2019-06-28 16:04:22 - [TEST_STEP][PASSED] - delay(2): Delayed 2 second(s)

2019-06-28 16:04:24 - [MESSAGE][PASSED] - Delayed 2 second(s)

2019-06-28 16:04:24 - [TEST_STEP][PASSED] - click(findTestObject("OCS-MOBILE /LEARN page/Cannabis Anatomy plus accordian")): Object: 'Object Repository/OCS-MOBILE /LEARN page/Cannabis Anatomy plus accordian' is clicked on

2019-06-28 16:04:24 - [MESSAGE][PASSED] - Object: 'Object Repository/OCS-MOBILE /LEARN page/Cannabis Anatomy plus accordian' is clicked on

2019-06-28 16:04:24 - [TEST_STEP][PASSED] - delay(1): Delayed 1 second(s)

2019-06-28 16:04:25 - [MESSAGE][PASSED] - Delayed 1 second(s)

2019-06-28 16:04:25 - [TEST_STEP][PASSED] - click(findTestObject("OCS-MOBILE /LEARN page/THC")): Object: 'Object Repository/OCS-MOBILE /LEARN page/THC' is clicked on

2019-06-28 16:04:28 - [MESSAGE][PASSED] - Object: 'Object Repository/OCS-MOBILE /LEARN page/THC' is clicked on

2019-06-28 16:04:28 - [TEST_STEP][PASSED] - verifyTextPresent("THC is the component in cannabis that is primarily responsible for its intoxicating, psychoactive effects.", true): Text 'THC is the component in cannabis that is primarily responsible for its intoxicating, psychoactive effects.' is present on page  using regular expression

2019-06-28 16:04:28 - [MESSAGE][PASSED] - Text 'THC is the component in cannabis that is primarily responsible for its intoxicating, psychoactive effects.' is present on page  using regular expression

2019-06-28 16:04:28 - [TEST_STEP][PASSED] - delay(2): Delayed 2 second(s)

2019-06-28 16:04:30 - [MESSAGE][PASSED] - Delayed 2 second(s)

2019-06-28 16:04:30 - [TEST_STEP][PASSED] - click(findTestObject("OCS-MOBILE /Age gate and burger menu/Burger menu - English"), CONTINUE_ON_FAILURE): Object: 'Object Repository/OCS-MOBILE /Age gate and burger menu/Burger menu - English' is clicked on

2019-06-28 16:04:30 - [MESSAGE][PASSED] - Object: 'Object Repository/OCS-MOBILE /Age gate and burger menu/Burger menu - English' is clicked on

2019-06-28 16:04:30 - [TEST_STEP][PASSED] - delay(2, CONTINUE_ON_FAILURE): Delayed 2 second(s)

2019-06-28 16:04:32 - [MESSAGE][PASSED] - Delayed 2 second(s)

2019-06-28 16:04:32 - [TEST_STEP][PASSED] - click(findTestObject("OCS-MOBILE /LEARN page/Learn chevron")): Object: 'Object Repository/OCS-MOBILE /LEARN page/Learn chevron' is clicked on

2019-06-28 16:04:32 - [MESSAGE][PASSED] - Object: 'Object Repository/OCS-MOBILE /LEARN page/Learn chevron' is clicked on

2019-06-28 16:04:32 - [TEST_STEP][PASSED] - delay(2): Delayed 2 second(s)

2019-06-28 16:04:34 - [MESSAGE][PASSED] - Delayed 2 second(s)

2019-06-28 16:04:35 - [TEST_STEP][PASSED] - click(findTestObject("OCS-MOBILE /LEARN page/Cannabis Anatomy plus accordian")): Object: 'Object Repository/OCS-MOBILE /LEARN page/Cannabis Anatomy plus accordian' is clicked on

2019-06-28 16:04:35 - [MESSAGE][PASSED] - Object: 'Object Repository/OCS-MOBILE /LEARN page/Cannabis Anatomy plus accordian' is clicked on

2019-06-28 16:04:35 - [TEST_STEP][PASSED] - delay(1): Delayed 1 second(s)

2019-06-28 16:04:36 - [MESSAGE][PASSED] - Delayed 1 second(s)

2019-06-28 16:04:36 - [TEST_STEP][PASSED] - click(findTestObject("OCS-MOBILE /LEARN page/Read More -2")): Object: 'Object Repository/OCS-MOBILE /LEARN page/Read More -2' is clicked on

2019-06-28 16:04:39 - [MESSAGE][PASSED] - Object: 'Object Repository/OCS-MOBILE /LEARN page/Read More -2' is clicked on

2019-06-28 16:04:39 - [TEST_STEP][PASSED] - verifyTextPresent("The components of a complex plant.", true): Text 'The components of a complex plant.' is present on page  using regular expression

2019-06-28 16:04:39 - [MESSAGE][PASSED] - Text 'The components of a complex plant.' is present on page  using regular expression

2019-06-28 16:04:39 - [TEST_STEP][PASSED] - delay(2): Delayed 2 second(s)

2019-06-28 16:04:41 - [MESSAGE][PASSED] - Delayed 2 second(s)

2019-06-28 16:04:41 - [TEST_STEP][PASSED] - click(findTestObject("OCS-MOBILE /Age gate and burger menu/Burger menu - English"), CONTINUE_ON_FAILURE): Object: 'Object Repository/OCS-MOBILE /Age gate and burger menu/Burger menu - English' is clicked on

2019-06-28 16:04:41 - [MESSAGE][PASSED] - Object: 'Object Repository/OCS-MOBILE /Age gate and burger menu/Burger menu - English' is clicked on

2019-06-28 16:04:41 - [TEST_STEP][PASSED] - delay(2, CONTINUE_ON_FAILURE): Delayed 2 second(s)

2019-06-28 16:04:43 - [MESSAGE][PASSED] - Delayed 2 second(s)

2019-06-28 16:04:43 - [TEST_STEP][PASSED] - click(findTestObject("OCS-MOBILE /LEARN page/Learn chevron")): Object: 'Object Repository/OCS-MOBILE /LEARN page/Learn chevron' is clicked on

2019-06-28 16:04:43 - [MESSAGE][PASSED] - Object: 'Object Repository/OCS-MOBILE /LEARN page/Learn chevron' is clicked on

2019-06-28 16:04:43 - [TEST_STEP][PASSED] - delay(2): Delayed 2 second(s)

2019-06-28 16:04:45 - [MESSAGE][PASSED] - Delayed 2 second(s)

2019-06-28 16:04:45 - [TEST_STEP][PASSED] - click(findTestObject("OCS-MOBILE /LEARN page/Cannabis Consumption")): Object: 'Object Repository/OCS-MOBILE /LEARN page/Cannabis Consumption' is clicked on

2019-06-28 16:04:45 - [MESSAGE][PASSED] - Object: 'Object Repository/OCS-MOBILE /LEARN page/Cannabis Consumption' is clicked on

2019-06-28 16:04:45 - [TEST_STEP][PASSED] - delay(1): Delayed 1 second(s)

2019-06-28 16:04:46 - [MESSAGE][PASSED] - Delayed 1 second(s)

2019-06-28 16:04:46 - [TEST_STEP][PASSED] - click(findTestObject("OCS-MOBILE /LEARN page/Cannabis Consumption subtract accordian")): Object: 'Object Repository/OCS-MOBILE /LEARN page/Cannabis Consumption subtract accordian' is clicked on

2019-06-28 16:04:46 - [MESSAGE][PASSED] - Object: 'Object Repository/OCS-MOBILE /LEARN page/Cannabis Consumption subtract accordian' is clicked on

2019-06-28 16:04:46 - [TEST_STEP][PASSED] - click(findTestObject("OCS-MOBILE /LEARN page/Cannabis Consumption")): Object: 'Object Repository/OCS-MOBILE /LEARN page/Cannabis Consumption' is clicked on

2019-06-28 16:04:46 - [MESSAGE][PASSED] - Object: 'Object Repository/OCS-MOBILE /LEARN page/Cannabis Consumption' is clicked on

2019-06-28 16:04:46 - [TEST_STEP][PASSED] - delay(1): Delayed 1 second(s)

2019-06-28 16:04:47 - [MESSAGE][PASSED] - Delayed 1 second(s)

2019-06-28 16:04:47 - [TEST_STEP][PASSED] - click(findTestObject("OCS-MOBILE /LEARN page/Cooking with cannabis")): Object: 'Object Repository/OCS-MOBILE /LEARN page/Cooking with cannabis' is clicked on

2019-06-28 16:04:50 - [MESSAGE][PASSED] - Object: 'Object Repository/OCS-MOBILE /LEARN page/Cooking with cannabis' is clicked on

2019-06-28 16:04:50 - [TEST_STEP][PASSED] - verifyTextPresent("Cannabis-infused foods are becoming more common, and careful preparation is required to avoid overconsumption.", true): Text 'Cannabis-infused foods are becoming more common, and careful preparation is required to avoid overconsumption.' is present on page  using regular expression

2019-06-28 16:04:51 - [MESSAGE][PASSED] - Text 'Cannabis-infused foods are becoming more common, and careful preparation is required to avoid overconsumption.' is present on page  using regular expression

2019-06-28 16:04:51 - [TEST_STEP][PASSED] - delay(2): Delayed 2 second(s)

2019-06-28 16:04:53 - [MESSAGE][PASSED] - Delayed 2 second(s)

2019-06-28 16:04:53 - [TEST_STEP][PASSED] - click(findTestObject("OCS-MOBILE /Age gate and burger menu/Burger menu - English"), CONTINUE_ON_FAILURE): Object: 'Object Repository/OCS-MOBILE /Age gate and burger menu/Burger menu - English' is clicked on

2019-06-28 16:04:53 - [MESSAGE][PASSED] - Object: 'Object Repository/OCS-MOBILE /Age gate and burger menu/Burger menu - English' is clicked on

2019-06-28 16:04:53 - [TEST_STEP][PASSED] - delay(2, CONTINUE_ON_FAILURE): Delayed 2 second(s)

2019-06-28 16:04:55 - [MESSAGE][PASSED] - Delayed 2 second(s)

2019-06-28 16:04:55 - [TEST_STEP][PASSED] - click(findTestObject("OCS-MOBILE /LEARN page/Learn chevron")): Object: 'Object Repository/OCS-MOBILE /LEARN page/Learn chevron' is clicked on

2019-06-28 16:04:55 - [MESSAGE][PASSED] - Object: 'Object Repository/OCS-MOBILE /LEARN page/Learn chevron' is clicked on

2019-06-28 16:04:55 - [TEST_STEP][PASSED] - delay(2): Delayed 2 second(s)

2019-06-28 16:04:57 - [MESSAGE][PASSED] - Delayed 2 second(s)

2019-06-28 16:04:57 - [TEST_STEP][PASSED] - click(findTestObject("OCS-MOBILE /LEARN page/Cannabis Consumption")): Object: 'Object Repository/OCS-MOBILE /LEARN page/Cannabis Consumption' is clicked on

2019-06-28 16:04:57 - [MESSAGE][PASSED] - Object: 'Object Repository/OCS-MOBILE /LEARN page/Cannabis Consumption' is clicked on

2019-06-28 16:04:57 - [TEST_STEP][PASSED] - delay(1): Delayed 1 second(s)

2019-06-28 16:04:58 - [MESSAGE][PASSED] - Delayed 1 second(s)

2019-06-28 16:04:58 - [TEST_STEP][PASSED] - click(findTestObject("OCS-MOBILE /LEARN page/storing cannabis - chevron")): Object: 'Object Repository/OCS-MOBILE /LEARN page/storing cannabis - chevron' is clicked on

2019-06-28 16:05:01 - [MESSAGE][PASSED] - Object: 'Object Repository/OCS-MOBILE /LEARN page/storing cannabis - chevron' is clicked on

2019-06-28 16:05:01 - [TEST_STEP][PASSED] - verifyTextPresent("How to keep your family safe and your cannabis from spoiling.", true): Text 'How to keep your family safe and your cannabis from spoiling.' is present on page  using regular expression

2019-06-28 16:05:01 - [MESSAGE][PASSED] - Text 'How to keep your family safe and your cannabis from spoiling.' is present on page  using regular expression

2019-06-28 16:05:01 - [TEST_STEP][PASSED] - delay(2): Delayed 2 second(s)

2019-06-28 16:05:03 - [MESSAGE][PASSED] - Delayed 2 second(s)

2019-06-28 16:05:03 - [TEST_STEP][PASSED] - click(findTestObject("OCS-MOBILE /Age gate and burger menu/Burger menu - English"), CONTINUE_ON_FAILURE): Object: 'Object Repository/OCS-MOBILE /Age gate and burger menu/Burger menu - English' is clicked on

2019-06-28 16:05:03 - [MESSAGE][PASSED] - Object: 'Object Repository/OCS-MOBILE /Age gate and burger menu/Burger menu - English' is clicked on

2019-06-28 16:05:03 - [TEST_STEP][PASSED] - delay(2, CONTINUE_ON_FAILURE): Delayed 2 second(s)

2019-06-28 16:05:05 - [MESSAGE][PASSED] - Delayed 2 second(s)

2019-06-28 16:05:05 - [TEST_STEP][PASSED] - click(findTestObject("OCS-MOBILE /LEARN page/Learn chevron")): Object: 'Object Repository/OCS-MOBILE /LEARN page/Learn chevron' is clicked on

2019-06-28 16:05:05 - [MESSAGE][PASSED] - Object: 'Object Repository/OCS-MOBILE /LEARN page/Learn chevron' is clicked on

2019-06-28 16:05:05 - [TEST_STEP][PASSED] - delay(2): Delayed 2 second(s)

2019-06-28 16:05:07 - [MESSAGE][PASSED] - Delayed 2 second(s)

2019-06-28 16:05:07 - [TEST_STEP][PASSED] - click(findTestObject("OCS-MOBILE /LEARN page/Cannabis Consumption")): Object: 'Object Repository/OCS-MOBILE /LEARN page/Cannabis Consumption' is clicked on

2019-06-28 16:05:07 - [MESSAGE][PASSED] - Object: 'Object Repository/OCS-MOBILE /LEARN page/Cannabis Consumption' is clicked on

2019-06-28 16:05:07 - [TEST_STEP][PASSED] - delay(1): Delayed 1 second(s)

2019-06-28 16:05:08 - [MESSAGE][PASSED] - Delayed 1 second(s)

2019-06-28 16:05:08 - [TEST_STEP][PASSED] - click(findTestObject("OCS-MOBILE /LEARN page/Growing cannabis - chevron")): Object: 'Object Repository/OCS-MOBILE /LEARN page/Growing cannabis - chevron' is clicked on

2019-06-28 16:05:11 - [MESSAGE][PASSED] - Object: 'Object Repository/OCS-MOBILE /LEARN page/Growing cannabis - chevron' is clicked on

2019-06-28 16:05:11 - [TEST_STEP][PASSED] - verifyTextPresent("It is legal in Ontario to own and grow up to 4 cannabis plants in your own residential dwelling. Get beginner growing tips here.", true): Text 'It is legal in Ontario to own and grow up to 4 cannabis plants in your own residential dwelling. Get beginner growing tips here.' is present on page  using regular expression

2019-06-28 16:05:11 - [MESSAGE][PASSED] - Text 'It is legal in Ontario to own and grow up to 4 cannabis plants in your own residential dwelling. Get beginner growing tips here.' is present on page  using regular expression

2019-06-28 16:05:11 - [TEST_STEP][PASSED] - delay(2): Delayed 2 second(s)

2019-06-28 16:05:13 - [MESSAGE][PASSED] - Delayed 2 second(s)

2019-06-28 16:05:13 - [TEST_STEP][PASSED] - click(findTestObject("OCS-MOBILE /Age gate and burger menu/Burger menu - English"), CONTINUE_ON_FAILURE): Object: 'Object Repository/OCS-MOBILE /Age gate and burger menu/Burger menu - English' is clicked on

2019-06-28 16:05:14 - [MESSAGE][PASSED] - Object: 'Object Repository/OCS-MOBILE /Age gate and burger menu/Burger menu - English' is clicked on

2019-06-28 16:05:14 - [TEST_STEP][PASSED] - delay(2, CONTINUE_ON_FAILURE): Delayed 2 second(s)

2019-06-28 16:05:16 - [MESSAGE][PASSED] - Delayed 2 second(s)

2019-06-28 16:05:16 - [TEST_STEP][PASSED] - click(findTestObject("OCS-MOBILE /LEARN page/Learn chevron")): Object: 'Object Repository/OCS-MOBILE /LEARN page/Learn chevron' is clicked on

2019-06-28 16:05:16 - [MESSAGE][PASSED] - Object: 'Object Repository/OCS-MOBILE /LEARN page/Learn chevron' is clicked on

2019-06-28 16:05:16 - [TEST_STEP][PASSED] - delay(2): Delayed 2 second(s)

2019-06-28 16:05:18 - [MESSAGE][PASSED] - Delayed 2 second(s)

2019-06-28 16:05:18 - [TEST_STEP][PASSED] - click(findTestObject("OCS-MOBILE /LEARN page/Cannabis Consumption")): Object: 'Object Repository/OCS-MOBILE /LEARN page/Cannabis Consumption' is clicked on

2019-06-28 16:05:18 - [MESSAGE][PASSED] - Object: 'Object Repository/OCS-MOBILE /LEARN page/Cannabis Consumption' is clicked on

2019-06-28 16:05:18 - [TEST_STEP][PASSED] - delay(1): Delayed 1 second(s)

2019-06-28 16:05:19 - [MESSAGE][PASSED] - Delayed 1 second(s)

2019-06-28 16:05:19 - [TEST_STEP][PASSED] - click(findTestObject("OCS-MOBILE /LEARN page/Read More -3")): Object: 'Object Repository/OCS-MOBILE /LEARN page/Read More -3' is clicked on

2019-06-28 16:05:22 - [MESSAGE][PASSED] - Object: 'Object Repository/OCS-MOBILE /LEARN page/Read More -3' is clicked on

2019-06-28 16:05:22 - [TEST_STEP][PASSED] - delay(2): Delayed 2 second(s)

2019-06-28 16:05:24 - [MESSAGE][PASSED] - Delayed 2 second(s)

2019-06-28 16:05:24 - [TEST_STEP][PASSED] - click(findTestObject("OCS-MOBILE /Age gate and burger menu/Burger menu - English"), CONTINUE_ON_FAILURE): Object: 'Object Repository/OCS-MOBILE /Age gate and burger menu/Burger menu - English' is clicked on

2019-06-28 16:05:24 - [MESSAGE][PASSED] - Object: 'Object Repository/OCS-MOBILE /Age gate and burger menu/Burger menu - English' is clicked on

2019-06-28 16:05:24 - [TEST_STEP][PASSED] - delay(2, CONTINUE_ON_FAILURE): Delayed 2 second(s)

2019-06-28 16:05:26 - [MESSAGE][PASSED] - Delayed 2 second(s)

2019-06-28 16:05:26 - [TEST_STEP][PASSED] - click(findTestObject("OCS-MOBILE /LEARN page/Learn chevron")): Object: 'Object Repository/OCS-MOBILE /LEARN page/Learn chevron' is clicked on

2019-06-28 16:05:26 - [MESSAGE][PASSED] - Object: 'Object Repository/OCS-MOBILE /LEARN page/Learn chevron' is clicked on

2019-06-28 16:05:26 - [TEST_STEP][PASSED] - delay(2): Delayed 2 second(s)

2019-06-28 16:05:28 - [MESSAGE][PASSED] - Delayed 2 second(s)

2019-06-28 16:05:28 - [TEST_STEP][NOT_RUN] - click(findTestObject("OCS-MOBILE /LEARN page/Cannabis Consumption plus accordian")): NOT_RUN: click(findTestObject("OCS-MOBILE /LEARN page/Cannabis Consumption plus accordian"))

2019-06-28 16:05:28 - [MESSAGE][NOT_RUN] - NOT_RUN: click(findTestObject("OCS-MOBILE /LEARN page/Cannabis Consumption plus accordian"))

2019-06-28 16:05:28 - [TEST_STEP][NOT_RUN] - click(findTestObject("Object Repository/Learn_OR/Page_Methods of Consumption  Ontari/li_LearnLearnHow Cannabis Work")): NOT_RUN: click(findTestObject("Object Repository/Learn_OR/Page_Methods of Consumption  Ontari/li_LearnLearnHow Cannabis Work"))

2019-06-28 16:05:28 - [MESSAGE][NOT_RUN] - NOT_RUN: click(findTestObject("Object Repository/Learn_OR/Page_Methods of Consumption  Ontari/li_LearnLearnHow Cannabis Work"))

2019-06-28 16:05:28 - [TEST_STEP][NOT_RUN] - verifyTextPresent("The Endocannabinoid System", true): NOT_RUN: verifyTextPresent("The Endocannabinoid System", true)

2019-06-28 16:05:28 - [MESSAGE][NOT_RUN] - NOT_RUN: verifyTextPresent("The Endocannabinoid System", true)

2019-06-28 16:05:28 - [TEST_STEP][PASSED] - click(findTestObject("OCS-MOBILE /LEARN page/How to Choose Cannabis Products")): Object: 'Object Repository/OCS-MOBILE /LEARN page/How to Choose Cannabis Products' is clicked on

2019-06-28 16:05:28 - [MESSAGE][PASSED] - Object: 'Object Repository/OCS-MOBILE /LEARN page/How to Choose Cannabis Products' is clicked on

2019-06-28 16:05:28 - [TEST_STEP][PASSED] - delay(1): Delayed 1 second(s)

2019-06-28 16:05:29 - [MESSAGE][PASSED] - Delayed 1 second(s)

2019-06-28 16:05:29 - [TEST_STEP][PASSED] - click(findTestObject("OCS-MOBILE /LEARN page/How to Choose Cannabis Products subtract accordian")): Object: 'Object Repository/OCS-MOBILE /LEARN page/How to Choose Cannabis Products subtract accordian' is clicked on

2019-06-28 16:05:29 - [MESSAGE][PASSED] - Object: 'Object Repository/OCS-MOBILE /LEARN page/How to Choose Cannabis Products subtract accordian' is clicked on

2019-06-28 16:05:29 - [TEST_STEP][PASSED] - delay(1): Delayed 1 second(s)

2019-06-28 16:05:30 - [MESSAGE][PASSED] - Delayed 1 second(s)

2019-06-28 16:05:30 - [TEST_STEP][PASSED] - click(findTestObject("OCS-MOBILE /LEARN page/How to Choose Cannabis Products")): Object: 'Object Repository/OCS-MOBILE /LEARN page/How to Choose Cannabis Products' is clicked on

2019-06-28 16:05:30 - [MESSAGE][PASSED] - Object: 'Object Repository/OCS-MOBILE /LEARN page/How to Choose Cannabis Products' is clicked on

2019-06-28 16:05:30 - [TEST_STEP][PASSED] - delay(1): Delayed 1 second(s)

2019-06-28 16:05:31 - [MESSAGE][PASSED] - Delayed 1 second(s)

2019-06-28 16:05:31 - [TEST_STEP][NOT_RUN] - executeJavaScript("var previewBar = document.getElementById("preview-bar-iframe"); previewBar.style.display = "none";", []): NOT_RUN: executeJavaScript("var previewBar = document.getElementById("preview-bar-iframe"); previewBar.style.display = "none";", [])

2019-06-28 16:05:31 - [MESSAGE][NOT_RUN] - NOT_RUN: executeJavaScript("var previewBar = document.getElementById("preview-bar-iframe"); previewBar.style.display = "none";", [])

2019-06-28 16:05:31 - [TEST_STEP][PASSED] - click(findTestObject("OCS-MOBILE /LEARN page/Reading a product label - chevron")): Object: 'Object Repository/OCS-MOBILE /LEARN page/Reading a product label - chevron' is clicked on

2019-06-28 16:05:35 - [MESSAGE][PASSED] - Object: 'Object Repository/OCS-MOBILE /LEARN page/Reading a product label - chevron' is clicked on

2019-06-28 16:05:35 - [TEST_STEP][PASSED] - delay(2): Delayed 2 second(s)

2019-06-28 16:05:37 - [MESSAGE][PASSED] - Delayed 2 second(s)

2019-06-28 16:05:37 - [TEST_STEP][PASSED] - click(findTestObject("OCS-MOBILE /Age gate and burger menu/Burger menu - English"), CONTINUE_ON_FAILURE): Object: 'Object Repository/OCS-MOBILE /Age gate and burger menu/Burger menu - English' is clicked on

2019-06-28 16:05:37 - [MESSAGE][PASSED] - Object: 'Object Repository/OCS-MOBILE /Age gate and burger menu/Burger menu - English' is clicked on

2019-06-28 16:05:37 - [TEST_STEP][PASSED] - delay(2, CONTINUE_ON_FAILURE): Delayed 2 second(s)

2019-06-28 16:05:39 - [MESSAGE][PASSED] - Delayed 2 second(s)

2019-06-28 16:05:39 - [TEST_STEP][PASSED] - click(findTestObject("OCS-MOBILE /LEARN page/Learn chevron")): Object: 'Object Repository/OCS-MOBILE /LEARN page/Learn chevron' is clicked on

2019-06-28 16:05:39 - [MESSAGE][PASSED] - Object: 'Object Repository/OCS-MOBILE /LEARN page/Learn chevron' is clicked on

2019-06-28 16:05:39 - [TEST_STEP][PASSED] - delay(2): Delayed 2 second(s)

2019-06-28 16:05:41 - [MESSAGE][PASSED] - Delayed 2 second(s)

2019-06-28 16:05:41 - [TEST_STEP][PASSED] - click(findTestObject("OCS-MOBILE /LEARN page/How to Choose Cannabis Products")): Object: 'Object Repository/OCS-MOBILE /LEARN page/How to Choose Cannabis Products' is clicked on

2019-06-28 16:05:41 - [MESSAGE][PASSED] - Object: 'Object Repository/OCS-MOBILE /LEARN page/How to Choose Cannabis Products' is clicked on

2019-06-28 16:05:41 - [TEST_STEP][PASSED] - delay(1): Delayed 1 second(s)

2019-06-28 16:05:42 - [MESSAGE][PASSED] - Delayed 1 second(s)

2019-06-28 16:05:42 - [TEST_STEP][PASSED] - click(findTestObject("OCS-MOBILE /LEARN page/cannabinoid content - chveron")): Object: 'Object Repository/OCS-MOBILE /LEARN page/cannabinoid content - chveron' is clicked on

2019-06-28 16:05:45 - [MESSAGE][PASSED] - Object: 'Object Repository/OCS-MOBILE /LEARN page/cannabinoid content - chveron' is clicked on

2019-06-28 16:05:45 - [TEST_STEP][PASSED] - verifyTextPresent("Understanding Cannabinoid Content on Product Labels", true): Text 'Understanding Cannabinoid Content on Product Labels' is present on page  using regular expression

2019-06-28 16:05:46 - [MESSAGE][PASSED] - Text 'Understanding Cannabinoid Content on Product Labels' is present on page  using regular expression

2019-06-28 16:05:46 - [TEST_STEP][PASSED] - delay(2): Delayed 2 second(s)

2019-06-28 16:05:48 - [MESSAGE][PASSED] - Delayed 2 second(s)

2019-06-28 16:05:48 - [TEST_STEP][PASSED] - click(findTestObject("OCS-MOBILE /Age gate and burger menu/Burger menu - English"), CONTINUE_ON_FAILURE): Object: 'Object Repository/OCS-MOBILE /Age gate and burger menu/Burger menu - English' is clicked on

2019-06-28 16:05:48 - [MESSAGE][PASSED] - Object: 'Object Repository/OCS-MOBILE /Age gate and burger menu/Burger menu - English' is clicked on

2019-06-28 16:05:48 - [TEST_STEP][PASSED] - delay(2, CONTINUE_ON_FAILURE): Delayed 2 second(s)

2019-06-28 16:05:50 - [MESSAGE][PASSED] - Delayed 2 second(s)

2019-06-28 16:05:50 - [TEST_STEP][PASSED] - click(findTestObject("OCS-MOBILE /LEARN page/Learn chevron")): Object: 'Object Repository/OCS-MOBILE /LEARN page/Learn chevron' is clicked on

2019-06-28 16:05:50 - [MESSAGE][PASSED] - Object: 'Object Repository/OCS-MOBILE /LEARN page/Learn chevron' is clicked on

2019-06-28 16:05:50 - [TEST_STEP][PASSED] - delay(2): Delayed 2 second(s)

2019-06-28 16:05:52 - [MESSAGE][PASSED] - Delayed 2 second(s)

2019-06-28 16:05:52 - [TEST_STEP][PASSED] - click(findTestObject("OCS-MOBILE /LEARN page/How to Choose Cannabis Products")): Object: 'Object Repository/OCS-MOBILE /LEARN page/How to Choose Cannabis Products' is clicked on

2019-06-28 16:05:52 - [MESSAGE][PASSED] - Object: 'Object Repository/OCS-MOBILE /LEARN page/How to Choose Cannabis Products' is clicked on

2019-06-28 16:05:52 - [TEST_STEP][PASSED] - delay(1): Delayed 1 second(s)

2019-06-28 16:05:53 - [MESSAGE][PASSED] - Delayed 1 second(s)

2019-06-28 16:05:53 - [TEST_STEP][PASSED] - click(findTestObject("OCS-MOBILE /LEARN page/Factors in Choosing Canna - chevron")): Object: 'Object Repository/OCS-MOBILE /LEARN page/Factors in Choosing Canna - chevron' is clicked on

2019-06-28 16:05:55 - [MESSAGE][PASSED] - Object: 'Object Repository/OCS-MOBILE /LEARN page/Factors in Choosing Canna - chevron' is clicked on

2019-06-28 16:05:55 - [TEST_STEP][PASSED] - verifyTextPresent("Six things to know before deciding to consume cannabis.", true): Text 'Six things to know before deciding to consume cannabis.' is present on page  using regular expression

2019-06-28 16:05:55 - [MESSAGE][PASSED] - Text 'Six things to know before deciding to consume cannabis.' is present on page  using regular expression

2019-06-28 16:05:55 - [TEST_STEP][PASSED] - delay(2): Delayed 2 second(s)

2019-06-28 16:05:57 - [MESSAGE][PASSED] - Delayed 2 second(s)

2019-06-28 16:05:57 - [TEST_STEP][PASSED] - click(findTestObject("OCS-MOBILE /Age gate and burger menu/Burger menu - English"), CONTINUE_ON_FAILURE): Object: 'Object Repository/OCS-MOBILE /Age gate and burger menu/Burger menu - English' is clicked on

2019-06-28 16:05:57 - [MESSAGE][PASSED] - Object: 'Object Repository/OCS-MOBILE /Age gate and burger menu/Burger menu - English' is clicked on

2019-06-28 16:05:57 - [TEST_STEP][PASSED] - delay(2, CONTINUE_ON_FAILURE): Delayed 2 second(s)

2019-06-28 16:05:59 - [MESSAGE][PASSED] - Delayed 2 second(s)

2019-06-28 16:05:59 - [TEST_STEP][PASSED] - click(findTestObject("OCS-MOBILE /LEARN page/Learn chevron")): Object: 'Object Repository/OCS-MOBILE /LEARN page/Learn chevron' is clicked on

2019-06-28 16:06:00 - [MESSAGE][PASSED] - Object: 'Object Repository/OCS-MOBILE /LEARN page/Learn chevron' is clicked on

2019-06-28 16:06:00 - [TEST_STEP][PASSED] - delay(2): Delayed 2 second(s)

2019-06-28 16:06:02 - [MESSAGE][PASSED] - Delayed 2 second(s)

2019-06-28 16:06:02 - [TEST_STEP][PASSED] - click(findTestObject("OCS-MOBILE /LEARN page/How to Choose Cannabis Products")): Object: 'Object Repository/OCS-MOBILE /LEARN page/How to Choose Cannabis Products' is clicked on

2019-06-28 16:06:02 - [MESSAGE][PASSED] - Object: 'Object Repository/OCS-MOBILE /LEARN page/How to Choose Cannabis Products' is clicked on

2019-06-28 16:06:02 - [TEST_STEP][PASSED] - delay(1): Delayed 1 second(s)

2019-06-28 16:06:03 - [MESSAGE][PASSED] - Delayed 1 second(s)

2019-06-28 16:06:03 - [TEST_STEP][PASSED] - click(findTestObject("OCS-MOBILE /LEARN page/Read More -5")): Object: 'Object Repository/OCS-MOBILE /LEARN page/Read More -5' is clicked on

2019-06-28 16:06:04 - [MESSAGE][PASSED] - Object: 'Object Repository/OCS-MOBILE /LEARN page/Read More -5' is clicked on

2019-06-28 16:06:04 - [TEST_STEP][PASSED] - delay(2): Delayed 2 second(s)

2019-06-28 16:06:06 - [MESSAGE][PASSED] - Delayed 2 second(s)

2019-06-28 16:06:06 - [TEST_STEP][PASSED] - click(findTestObject("OCS-MOBILE /Age gate and burger menu/Burger menu - English"), CONTINUE_ON_FAILURE): Object: 'Object Repository/OCS-MOBILE /Age gate and burger menu/Burger menu - English' is clicked on

2019-06-28 16:06:07 - [MESSAGE][PASSED] - Object: 'Object Repository/OCS-MOBILE /Age gate and burger menu/Burger menu - English' is clicked on

2019-06-28 16:06:07 - [TEST_STEP][PASSED] - delay(2, CONTINUE_ON_FAILURE): Delayed 2 second(s)

2019-06-28 16:06:09 - [MESSAGE][PASSED] - Delayed 2 second(s)

2019-06-28 16:06:09 - [TEST_STEP][PASSED] - click(findTestObject("OCS-MOBILE /LEARN page/Learn chevron")): Object: 'Object Repository/OCS-MOBILE /LEARN page/Learn chevron' is clicked on

2019-06-28 16:06:09 - [MESSAGE][PASSED] - Object: 'Object Repository/OCS-MOBILE /LEARN page/Learn chevron' is clicked on

2019-06-28 16:06:09 - [TEST_STEP][PASSED] - delay(2): Delayed 2 second(s)

2019-06-28 16:06:11 - [MESSAGE][PASSED] - Delayed 2 second(s)

2019-06-28 16:06:11 - [TEST_STEP][PASSED] - click(findTestObject("OCS-MOBILE /LEARN page/Buying Cannabis at OCS plus accordian")): Object: 'Object Repository/OCS-MOBILE /LEARN page/Buying Cannabis at OCS plus accordian' is clicked on

2019-06-28 16:06:11 - [MESSAGE][PASSED] - Object: 'Object Repository/OCS-MOBILE /LEARN page/Buying Cannabis at OCS plus accordian' is clicked on

2019-06-28 16:06:11 - [TEST_STEP][PASSED] - delay(1): Delayed 1 second(s)

2019-06-28 16:06:12 - [MESSAGE][PASSED] - Delayed 1 second(s)

2019-06-28 16:06:12 - [TEST_STEP][PASSED] - click(findTestObject("OCS-MOBILE /LEARN page/Buying Cannabis at OCS subtract accordian")): Object: 'Object Repository/OCS-MOBILE /LEARN page/Buying Cannabis at OCS subtract accordian' is clicked on

2019-06-28 16:06:12 - [MESSAGE][PASSED] - Object: 'Object Repository/OCS-MOBILE /LEARN page/Buying Cannabis at OCS subtract accordian' is clicked on

2019-06-28 16:06:12 - [TEST_STEP][PASSED] - delay(1): Delayed 1 second(s)

2019-06-28 16:06:13 - [MESSAGE][PASSED] - Delayed 1 second(s)

2019-06-28 16:06:13 - [TEST_STEP][PASSED] - click(findTestObject("OCS-MOBILE /LEARN page/Buying Cannabis at OCS plus accordian")): Object: 'Object Repository/OCS-MOBILE /LEARN page/Buying Cannabis at OCS plus accordian' is clicked on

2019-06-28 16:06:13 - [MESSAGE][PASSED] - Object: 'Object Repository/OCS-MOBILE /LEARN page/Buying Cannabis at OCS plus accordian' is clicked on

2019-06-28 16:06:13 - [TEST_STEP][PASSED] - delay(1): Delayed 1 second(s)

2019-06-28 16:06:14 - [MESSAGE][PASSED] - Delayed 1 second(s)

2019-06-28 16:06:14 - [TEST_STEP][PASSED] - click(findTestObject("OCS-MOBILE /LEARN page/Why Legal Cannabis Costs more - chevron")): Object: 'Object Repository/OCS-MOBILE /LEARN page/Why Legal Cannabis Costs more - chevron' is clicked on

2019-06-28 16:06:17 - [MESSAGE][PASSED] - Object: 'Object Repository/OCS-MOBILE /LEARN page/Why Legal Cannabis Costs more - chevron' is clicked on

2019-06-28 16:06:17 - [TEST_STEP][PASSED] - verifyTextPresent("Four Reasons Why Legal Cannabis Costs More", true): Text 'Four Reasons Why Legal Cannabis Costs More' is present on page  using regular expression

2019-06-28 16:06:17 - [MESSAGE][PASSED] - Text 'Four Reasons Why Legal Cannabis Costs More' is present on page  using regular expression

2019-06-28 16:06:17 - [TEST_STEP][PASSED] - delay(2): Delayed 2 second(s)

2019-06-28 16:06:19 - [MESSAGE][PASSED] - Delayed 2 second(s)

2019-06-28 16:06:19 - [TEST_STEP][PASSED] - click(findTestObject("OCS-MOBILE /Age gate and burger menu/Burger menu - English"), CONTINUE_ON_FAILURE): Object: 'Object Repository/OCS-MOBILE /Age gate and burger menu/Burger menu - English' is clicked on

2019-06-28 16:06:19 - [MESSAGE][PASSED] - Object: 'Object Repository/OCS-MOBILE /Age gate and burger menu/Burger menu - English' is clicked on

2019-06-28 16:06:19 - [TEST_STEP][PASSED] - delay(2, CONTINUE_ON_FAILURE): Delayed 2 second(s)

2019-06-28 16:06:21 - [MESSAGE][PASSED] - Delayed 2 second(s)

2019-06-28 16:06:21 - [TEST_STEP][PASSED] - click(findTestObject("OCS-MOBILE /LEARN page/Learn chevron")): Object: 'Object Repository/OCS-MOBILE /LEARN page/Learn chevron' is clicked on

2019-06-28 16:06:21 - [MESSAGE][PASSED] - Object: 'Object Repository/OCS-MOBILE /LEARN page/Learn chevron' is clicked on

2019-06-28 16:06:21 - [TEST_STEP][PASSED] - delay(2): Delayed 2 second(s)

2019-06-28 16:06:23 - [MESSAGE][PASSED] - Delayed 2 second(s)

2019-06-28 16:06:23 - [TEST_STEP][PASSED] - click(findTestObject("OCS-MOBILE /LEARN page/Buying Cannabis at OCS plus accordian")): Object: 'Object Repository/OCS-MOBILE /LEARN page/Buying Cannabis at OCS plus accordian' is clicked on

2019-06-28 16:06:23 - [MESSAGE][PASSED] - Object: 'Object Repository/OCS-MOBILE /LEARN page/Buying Cannabis at OCS plus accordian' is clicked on

2019-06-28 16:06:23 - [TEST_STEP][PASSED] - delay(1): Delayed 1 second(s)

2019-06-28 16:06:24 - [MESSAGE][PASSED] - Delayed 1 second(s)

2019-06-28 16:06:24 - [TEST_STEP][PASSED] - click(findTestObject("OCS-MOBILE /LEARN page/why trust us - chevron")): Object: 'Object Repository/OCS-MOBILE /LEARN page/why trust us - chevron' is clicked on

2019-06-28 16:06:27 - [MESSAGE][PASSED] - Object: 'Object Repository/OCS-MOBILE /LEARN page/why trust us - chevron' is clicked on

2019-06-28 16:06:27 - [TEST_STEP][PASSED] - verifyTextPresent("Legal products and reliable information.", true): Text 'Legal products and reliable information.' is present on page  using regular expression

2019-06-28 16:06:27 - [MESSAGE][PASSED] - Text 'Legal products and reliable information.' is present on page  using regular expression

2019-06-28 16:06:27 - [TEST_STEP][PASSED] - delay(2): Delayed 2 second(s)

2019-06-28 16:06:29 - [MESSAGE][PASSED] - Delayed 2 second(s)

2019-06-28 16:06:29 - [TEST_STEP][PASSED] - click(findTestObject("OCS-MOBILE /Age gate and burger menu/Burger menu - English"), CONTINUE_ON_FAILURE): Object: 'Object Repository/OCS-MOBILE /Age gate and burger menu/Burger menu - English' is clicked on

2019-06-28 16:06:29 - [MESSAGE][PASSED] - Object: 'Object Repository/OCS-MOBILE /Age gate and burger menu/Burger menu - English' is clicked on

2019-06-28 16:06:29 - [TEST_STEP][PASSED] - delay(2, CONTINUE_ON_FAILURE): Delayed 2 second(s)

2019-06-28 16:06:31 - [MESSAGE][PASSED] - Delayed 2 second(s)

2019-06-28 16:06:31 - [TEST_STEP][PASSED] - click(findTestObject("OCS-MOBILE /LEARN page/Learn chevron")): Object: 'Object Repository/OCS-MOBILE /LEARN page/Learn chevron' is clicked on

2019-06-28 16:06:32 - [MESSAGE][PASSED] - Object: 'Object Repository/OCS-MOBILE /LEARN page/Learn chevron' is clicked on

2019-06-28 16:06:32 - [TEST_STEP][PASSED] - delay(2): Delayed 2 second(s)

2019-06-28 16:06:34 - [MESSAGE][PASSED] - Delayed 2 second(s)

2019-06-28 16:06:34 - [TEST_STEP][PASSED] - click(findTestObject("OCS-MOBILE /LEARN page/Buying Cannabis at OCS plus accordian")): Object: 'Object Repository/OCS-MOBILE /LEARN page/Buying Cannabis at OCS plus accordian' is clicked on

2019-06-28 16:06:34 - [MESSAGE][PASSED] - Object: 'Object Repository/OCS-MOBILE /LEARN page/Buying Cannabis at OCS plus accordian' is clicked on

2019-06-28 16:06:34 - [TEST_STEP][PASSED] - delay(1): Delayed 1 second(s)

2019-06-28 16:06:35 - [MESSAGE][PASSED] - Delayed 1 second(s)

2019-06-28 16:06:35 - [TEST_STEP][PASSED] - click(findTestObject("OCS-MOBILE /LEARN page/about buying cannabis - chveron")): Object: 'Object Repository/OCS-MOBILE /LEARN page/about buying cannabis - chveron' is clicked on

2019-06-28 16:06:38 - [MESSAGE][PASSED] - Object: 'Object Repository/OCS-MOBILE /LEARN page/about buying cannabis - chveron' is clicked on

2019-06-28 16:06:38 - [TEST_STEP][PASSED] - delay(2): Delayed 2 second(s)

2019-06-28 16:06:40 - [MESSAGE][PASSED] - Delayed 2 second(s)

2019-06-28 16:06:40 - [TEST_STEP][PASSED] - verifyTextPresent("These facts are good to know before making a cannabis purchase.", true): Text 'These facts are good to know before making a cannabis purchase.' is present on page  using regular expression

2019-06-28 16:06:40 - [MESSAGE][PASSED] - Text 'These facts are good to know before making a cannabis purchase.' is present on page  using regular expression

2019-06-28 16:06:40 - [TEST_STEP][PASSED] - delay(2): Delayed 2 second(s)

2019-06-28 16:06:42 - [MESSAGE][PASSED] - Delayed 2 second(s)

2019-06-28 16:06:42 - [TEST_STEP][PASSED] - click(findTestObject("OCS-MOBILE /Age gate and burger menu/Burger menu - English"), CONTINUE_ON_FAILURE): Object: 'Object Repository/OCS-MOBILE /Age gate and burger menu/Burger menu - English' is clicked on

2019-06-28 16:06:42 - [MESSAGE][PASSED] - Object: 'Object Repository/OCS-MOBILE /Age gate and burger menu/Burger menu - English' is clicked on

2019-06-28 16:06:42 - [TEST_STEP][PASSED] - delay(2, CONTINUE_ON_FAILURE): Delayed 2 second(s)

2019-06-28 16:06:44 - [MESSAGE][PASSED] - Delayed 2 second(s)

2019-06-28 16:06:44 - [TEST_STEP][PASSED] - click(findTestObject("OCS-MOBILE /LEARN page/Learn chevron")): Object: 'Object Repository/OCS-MOBILE /LEARN page/Learn chevron' is clicked on

2019-06-28 16:06:44 - [MESSAGE][PASSED] - Object: 'Object Repository/OCS-MOBILE /LEARN page/Learn chevron' is clicked on

2019-06-28 16:06:44 - [TEST_STEP][PASSED] - delay(2): Delayed 2 second(s)

2019-06-28 16:06:46 - [MESSAGE][PASSED] - Delayed 2 second(s)

2019-06-28 16:06:46 - [TEST_STEP][NOT_RUN] - click(findTestObject("OCS-MOBILE /LEARN page/Buying Cannabis at OCS plus accordian")): NOT_RUN: click(findTestObject("OCS-MOBILE /LEARN page/Buying Cannabis at OCS plus accordian"))

2019-06-28 16:06:46 - [MESSAGE][NOT_RUN] - NOT_RUN: click(findTestObject("OCS-MOBILE /LEARN page/Buying Cannabis at OCS plus accordian"))

2019-06-28 16:06:46 - [TEST_STEP][NOT_RUN] - delay(1): NOT_RUN: delay(1)

2019-06-28 16:06:46 - [MESSAGE][NOT_RUN] - NOT_RUN: delay(1)

2019-06-28 16:06:46 - [TEST_STEP][NOT_RUN] - click(findTestObject("OCS-MOBILE /LEARN page/Read More -6")): NOT_RUN: click(findTestObject("OCS-MOBILE /LEARN page/Read More -6"))

2019-06-28 16:06:46 - [MESSAGE][NOT_RUN] - NOT_RUN: click(findTestObject("OCS-MOBILE /LEARN page/Read More -6"))

2019-06-28 16:06:46 - [TEST_STEP][NOT_RUN] - delay(1): NOT_RUN: delay(1)

2019-06-28 16:06:46 - [MESSAGE][NOT_RUN] - NOT_RUN: delay(1)

2019-06-28 16:06:46 - [TEST_STEP][NOT_RUN] - verifyTextPresent("How and why to shop with us.", true): NOT_RUN: verifyTextPresent("How and why to shop with us.", true)

2019-06-28 16:06:46 - [MESSAGE][NOT_RUN] - NOT_RUN: verifyTextPresent("How and why to shop with us.", true)

2019-06-28 16:06:46 - [TEST_STEP][PASSED] - delay(2): Delayed 2 second(s)

2019-06-28 16:06:48 - [MESSAGE][PASSED] - Delayed 2 second(s)

2019-06-28 16:06:48 - [TEST_STEP][NOT_RUN] - click(findTestObject("OCS-MOBILE /Age gate and burger menu/Burger menu - English"), CONTINUE_ON_FAILURE): NOT_RUN: click(findTestObject("OCS-MOBILE /Age gate and burger menu/Burger menu - English"), CONTINUE_ON_FAILURE)

2019-06-28 16:06:48 - [MESSAGE][NOT_RUN] - NOT_RUN: click(findTestObject("OCS-MOBILE /Age gate and burger menu/Burger menu - English"), CONTINUE_ON_FAILURE)

2019-06-28 16:06:48 - [TEST_STEP][NOT_RUN] - delay(2, CONTINUE_ON_FAILURE): NOT_RUN: delay(2, CONTINUE_ON_FAILURE)

2019-06-28 16:06:48 - [MESSAGE][NOT_RUN] - NOT_RUN: delay(2, CONTINUE_ON_FAILURE)

2019-06-28 16:06:48 - [TEST_STEP][NOT_RUN] - click(findTestObject("OCS-MOBILE /LEARN page/Learn chevron")): NOT_RUN: click(findTestObject("OCS-MOBILE /LEARN page/Learn chevron"))

2019-06-28 16:06:48 - [MESSAGE][NOT_RUN] - NOT_RUN: click(findTestObject("OCS-MOBILE /LEARN page/Learn chevron"))

2019-06-28 16:06:48 - [TEST_STEP][NOT_RUN] - delay(2): NOT_RUN: delay(2)

2019-06-28 16:06:48 - [MESSAGE][NOT_RUN] - NOT_RUN: delay(2)

2019-06-28 16:06:48 - [TEST_STEP][PASSED] - click(findTestObject("OCS-MOBILE /LEARN page/Whats Legal plus accordian")): Object: 'Object Repository/OCS-MOBILE /LEARN page/Whats Legal plus accordian' is clicked on

2019-06-28 16:06:48 - [MESSAGE][PASSED] - Object: 'Object Repository/OCS-MOBILE /LEARN page/Whats Legal plus accordian' is clicked on

2019-06-28 16:06:48 - [TEST_STEP][PASSED] - click(findTestObject("OCS-MOBILE /LEARN page/Whats Legal subtract accordian")): Object: 'Object Repository/OCS-MOBILE /LEARN page/Whats Legal subtract accordian' is clicked on

2019-06-28 16:06:48 - [MESSAGE][PASSED] - Object: 'Object Repository/OCS-MOBILE /LEARN page/Whats Legal subtract accordian' is clicked on

2019-06-28 16:06:48 - [TEST_STEP][PASSED] - click(findTestObject("OCS-MOBILE /LEARN page/Whats Legal plus accordian")): Object: 'Object Repository/OCS-MOBILE /LEARN page/Whats Legal plus accordian' is clicked on

2019-06-28 16:06:48 - [MESSAGE][PASSED] - Object: 'Object Repository/OCS-MOBILE /LEARN page/Whats Legal plus accordian' is clicked on

2019-06-28 16:06:48 - [TEST_STEP][PASSED] - delay(1): Delayed 1 second(s)

2019-06-28 16:06:49 - [MESSAGE][PASSED] - Delayed 1 second(s)

2019-06-28 16:06:49 - [TEST_STEP][PASSED] - click(findTestObject("OCS-MOBILE /LEARN page/History -part 1 - chveron")): Object: 'Object Repository/OCS-MOBILE /LEARN page/History -part 1 - chveron' is clicked on

2019-06-28 16:06:52 - [MESSAGE][PASSED] - Object: 'Object Repository/OCS-MOBILE /LEARN page/History -part 1 - chveron' is clicked on

2019-06-28 16:06:52 - [TEST_STEP][PASSED] - verifyTextPresent("A Brief History of Cannabis - Part 1", true): Text 'A Brief History of Cannabis - Part 1' is present on page  using regular expression

2019-06-28 16:06:53 - [MESSAGE][PASSED] - Text 'A Brief History of Cannabis - Part 1' is present on page  using regular expression

2019-06-28 16:06:53 - [TEST_STEP][PASSED] - delay(2): Delayed 2 second(s)

2019-06-28 16:06:55 - [MESSAGE][PASSED] - Delayed 2 second(s)

2019-06-28 16:06:55 - [TEST_STEP][PASSED] - click(findTestObject("OCS-MOBILE /Age gate and burger menu/Burger menu - English"), CONTINUE_ON_FAILURE): Object: 'Object Repository/OCS-MOBILE /Age gate and burger menu/Burger menu - English' is clicked on

2019-06-28 16:06:55 - [MESSAGE][PASSED] - Object: 'Object Repository/OCS-MOBILE /Age gate and burger menu/Burger menu - English' is clicked on

2019-06-28 16:06:55 - [TEST_STEP][PASSED] - delay(2, CONTINUE_ON_FAILURE): Delayed 2 second(s)

2019-06-28 16:06:57 - [MESSAGE][PASSED] - Delayed 2 second(s)

2019-06-28 16:06:57 - [TEST_STEP][PASSED] - click(findTestObject("OCS-MOBILE /LEARN page/Learn chevron")): Object: 'Object Repository/OCS-MOBILE /LEARN page/Learn chevron' is clicked on

2019-06-28 16:06:57 - [MESSAGE][PASSED] - Object: 'Object Repository/OCS-MOBILE /LEARN page/Learn chevron' is clicked on

2019-06-28 16:06:57 - [TEST_STEP][PASSED] - delay(2): Delayed 2 second(s)

2019-06-28 16:06:59 - [MESSAGE][PASSED] - Delayed 2 second(s)

2019-06-28 16:06:59 - [TEST_STEP][PASSED] - click(findTestObject("OCS-MOBILE /LEARN page/Whats Legal plus accordian")): Object: 'Object Repository/OCS-MOBILE /LEARN page/Whats Legal plus accordian' is clicked on

2019-06-28 16:06:59 - [MESSAGE][PASSED] - Object: 'Object Repository/OCS-MOBILE /LEARN page/Whats Legal plus accordian' is clicked on

2019-06-28 16:06:59 - [TEST_STEP][PASSED] - delay(1): Delayed 1 second(s)

2019-06-28 16:07:00 - [MESSAGE][PASSED] - Delayed 1 second(s)

2019-06-28 16:07:00 - [TEST_STEP][PASSED] - click(findTestObject("OCS-MOBILE /LEARN page/History -part 2 - chveron")): Object: 'Object Repository/OCS-MOBILE /LEARN page/History -part 2 - chveron' is clicked on

2019-06-28 16:07:02 - [MESSAGE][PASSED] - Object: 'Object Repository/OCS-MOBILE /LEARN page/History -part 2 - chveron' is clicked on

2019-06-28 16:07:02 - [TEST_STEP][PASSED] - verifyTextPresent("A Brief History of Cannabis - Part 2", true): Text 'A Brief History of Cannabis - Part 2' is present on page  using regular expression

2019-06-28 16:07:02 - [MESSAGE][PASSED] - Text 'A Brief History of Cannabis - Part 2' is present on page  using regular expression

2019-06-28 16:07:02 - [TEST_STEP][PASSED] - delay(2): Delayed 2 second(s)

2019-06-28 16:07:04 - [MESSAGE][PASSED] - Delayed 2 second(s)

2019-06-28 16:07:04 - [TEST_STEP][PASSED] - click(findTestObject("OCS-MOBILE /Age gate and burger menu/Burger menu - English"), CONTINUE_ON_FAILURE): Object: 'Object Repository/OCS-MOBILE /Age gate and burger menu/Burger menu - English' is clicked on

2019-06-28 16:07:04 - [MESSAGE][PASSED] - Object: 'Object Repository/OCS-MOBILE /Age gate and burger menu/Burger menu - English' is clicked on

2019-06-28 16:07:04 - [TEST_STEP][PASSED] - delay(2, CONTINUE_ON_FAILURE): Delayed 2 second(s)

2019-06-28 16:07:06 - [MESSAGE][PASSED] - Delayed 2 second(s)

2019-06-28 16:07:06 - [TEST_STEP][PASSED] - click(findTestObject("OCS-MOBILE /LEARN page/Learn chevron")): Object: 'Object Repository/OCS-MOBILE /LEARN page/Learn chevron' is clicked on

2019-06-28 16:07:06 - [MESSAGE][PASSED] - Object: 'Object Repository/OCS-MOBILE /LEARN page/Learn chevron' is clicked on

2019-06-28 16:07:06 - [TEST_STEP][PASSED] - delay(1): Delayed 1 second(s)

2019-06-28 16:07:07 - [MESSAGE][PASSED] - Delayed 1 second(s)

2019-06-28 16:07:07 - [TEST_STEP][PASSED] - click(findTestObject("OCS-MOBILE /LEARN page/Whats Legal plus accordian")): Object: 'Object Repository/OCS-MOBILE /LEARN page/Whats Legal plus accordian' is clicked on

2019-06-28 16:07:08 - [MESSAGE][PASSED] - Object: 'Object Repository/OCS-MOBILE /LEARN page/Whats Legal plus accordian' is clicked on

2019-06-28 16:07:08 - [TEST_STEP][PASSED] - delay(1): Delayed 1 second(s)

2019-06-28 16:07:09 - [MESSAGE][PASSED] - Delayed 1 second(s)

2019-06-28 16:07:09 - [TEST_STEP][PASSED] - click(findTestObject("OCS-MOBILE /LEARN page/Legal Use of Cannabis in ontario - chevron")): Object: 'Object Repository/OCS-MOBILE /LEARN page/Legal Use of Cannabis in ontario - chevron' is clicked on

2019-06-28 16:07:11 - [MESSAGE][PASSED] - Object: 'Object Repository/OCS-MOBILE /LEARN page/Legal Use of Cannabis in ontario - chevron' is clicked on

2019-06-28 16:07:11 - [TEST_STEP][PASSED] - verifyTextPresent("What you need to know before your start shopping.", true): Text 'What you need to know before your start shopping.' is present on page  using regular expression

2019-06-28 16:07:11 - [MESSAGE][PASSED] - Text 'What you need to know before your start shopping.' is present on page  using regular expression

2019-06-28 16:07:11 - [TEST_STEP][PASSED] - delay(2): Delayed 2 second(s)

2019-06-28 16:07:13 - [MESSAGE][PASSED] - Delayed 2 second(s)

2019-06-28 16:07:13 - [TEST_STEP][PASSED] - click(findTestObject("OCS-MOBILE /Age gate and burger menu/Burger menu - English"), CONTINUE_ON_FAILURE): Object: 'Object Repository/OCS-MOBILE /Age gate and burger menu/Burger menu - English' is clicked on

2019-06-28 16:07:13 - [MESSAGE][PASSED] - Object: 'Object Repository/OCS-MOBILE /Age gate and burger menu/Burger menu - English' is clicked on

2019-06-28 16:07:13 - [TEST_STEP][PASSED] - delay(2, CONTINUE_ON_FAILURE): Delayed 2 second(s)

2019-06-28 16:07:15 - [MESSAGE][PASSED] - Delayed 2 second(s)

2019-06-28 16:07:15 - [TEST_STEP][PASSED] - click(findTestObject("OCS-MOBILE /LEARN page/Learn chevron")): Object: 'Object Repository/OCS-MOBILE /LEARN page/Learn chevron' is clicked on

2019-06-28 16:07:15 - [MESSAGE][PASSED] - Object: 'Object Repository/OCS-MOBILE /LEARN page/Learn chevron' is clicked on

2019-06-28 16:07:15 - [TEST_STEP][PASSED] - delay(1): Delayed 1 second(s)

2019-06-28 16:07:16 - [MESSAGE][PASSED] - Delayed 1 second(s)

2019-06-28 16:07:16 - [TEST_STEP][PASSED] - click(findTestObject("OCS-MOBILE /LEARN page/Whats Legal plus accordian")): Object: 'Object Repository/OCS-MOBILE /LEARN page/Whats Legal plus accordian' is clicked on

2019-06-28 16:07:16 - [MESSAGE][PASSED] - Object: 'Object Repository/OCS-MOBILE /LEARN page/Whats Legal plus accordian' is clicked on

2019-06-28 16:07:16 - [TEST_STEP][PASSED] - delay(2): Delayed 2 second(s)

2019-06-28 16:07:18 - [MESSAGE][PASSED] - Delayed 2 second(s)

2019-06-28 16:07:18 - [TEST_STEP][PASSED] - click(findTestObject("OCS-MOBILE /LEARN page/Read More -4")): Object: 'Object Repository/OCS-MOBILE /LEARN page/Read More -4' is clicked on

2019-06-28 16:07:21 - [MESSAGE][PASSED] - Object: 'Object Repository/OCS-MOBILE /LEARN page/Read More -4' is clicked on

2019-06-28 16:07:21 - [TEST_STEP][PASSED] - verifyTextPresent("Learn about cannabis laws.", true): Text 'Learn about cannabis laws.' is present on page  using regular expression

2019-06-28 16:07:21 - [MESSAGE][PASSED] - Text 'Learn about cannabis laws.' is present on page  using regular expression

2019-06-28 16:07:21 - [TEST_STEP][PASSED] - delay(2): Delayed 2 second(s)

2019-06-28 16:07:23 - [MESSAGE][PASSED] - Delayed 2 second(s)

2019-06-28 16:07:23 - [TEST_STEP][PASSED] - click(findTestObject("OCS-MOBILE /Age gate and burger menu/Burger menu - English"), CONTINUE_ON_FAILURE): Object: 'Object Repository/OCS-MOBILE /Age gate and burger menu/Burger menu - English' is clicked on

2019-06-28 16:07:23 - [MESSAGE][PASSED] - Object: 'Object Repository/OCS-MOBILE /Age gate and burger menu/Burger menu - English' is clicked on

2019-06-28 16:07:23 - [TEST_STEP][PASSED] - delay(2, CONTINUE_ON_FAILURE): Delayed 2 second(s)

2019-06-28 16:07:25 - [MESSAGE][PASSED] - Delayed 2 second(s)

2019-06-28 16:07:25 - [TEST_STEP][PASSED] - click(findTestObject("OCS-MOBILE /LEARN page/Learn chevron")): Object: 'Object Repository/OCS-MOBILE /LEARN page/Learn chevron' is clicked on

2019-06-28 16:07:25 - [MESSAGE][PASSED] - Object: 'Object Repository/OCS-MOBILE /LEARN page/Learn chevron' is clicked on

2019-06-28 16:07:25 - [TEST_STEP][PASSED] - delay(1): Delayed 1 second(s)

2019-06-28 16:07:26 - [MESSAGE][PASSED] - Delayed 1 second(s)

2019-06-28 16:07:26 - [TEST_STEP][PASSED] - click(findTestObject("OCS-MOBILE /LEARN page/see the learn section button")): Object: 'Object Repository/OCS-MOBILE /LEARN page/see the learn section button' is clicked on

2019-06-28 16:07:28 - [MESSAGE][PASSED] - Object: 'Object Repository/OCS-MOBILE /LEARN page/see the learn section button' is clicked on

2019-06-28 16:07:28 - [TEST_STEP][PASSED] - verifyTextPresent("Learn about cannabis laws.", true): Text 'Learn about cannabis laws.' is present on page  using regular expression

2019-06-28 16:07:29 - [MESSAGE][PASSED] - Text 'Learn about cannabis laws.' is present on page  using regular expression

2019-06-28 16:07:29 - [TEST_STEP][PASSED] - delay(2): Delayed 2 second(s)

2019-06-28 16:07:31 - [MESSAGE][PASSED] - Delayed 2 second(s)

2019-06-28 16:07:31 - [TEST_STEP][PASSED] - click(findTestObject("OCS-MOBILE /Age gate and burger menu/Burger menu - English"), CONTINUE_ON_FAILURE): Object: 'Object Repository/OCS-MOBILE /Age gate and burger menu/Burger menu - English' is clicked on

2019-06-28 16:07:31 - [MESSAGE][PASSED] - Object: 'Object Repository/OCS-MOBILE /Age gate and burger menu/Burger menu - English' is clicked on

2019-06-28 16:07:31 - [TEST_STEP][PASSED] - delay(2, CONTINUE_ON_FAILURE): Delayed 2 second(s)

2019-06-28 16:07:33 - [MESSAGE][PASSED] - Delayed 2 second(s)

2019-06-28 16:07:33 - [TEST_STEP][PASSED] - click(findTestObject("OCS-MOBILE /LEARN page/Learn chevron")): Object: 'Object Repository/OCS-MOBILE /LEARN page/Learn chevron' is clicked on

2019-06-28 16:07:33 - [MESSAGE][PASSED] - Object: 'Object Repository/OCS-MOBILE /LEARN page/Learn chevron' is clicked on

2019-06-28 16:07:33 - [TEST_STEP][PASSED] - delay(1): Delayed 1 second(s)

2019-06-28 16:07:34 - [MESSAGE][PASSED] - Delayed 1 second(s)

2019-06-28 16:07:34 - [TEST_STEP][PASSED] - click(findTestObject("OCS-MOBILE /LEARN page/a brief history of cannabis")): Object: 'Object Repository/OCS-MOBILE /LEARN page/a brief history of cannabis' is clicked on

2019-06-28 16:07:36 - [MESSAGE][PASSED] - Object: 'Object Repository/OCS-MOBILE /LEARN page/a brief history of cannabis' is clicked on

2019-06-28 16:07:36 - [TEST_STEP][FAILED] - verifyTextPresent("How to Recycle Cannabis Packaging", true): verifyTextPresent("How to Recycle Cannabis Packaging", true) FAILED.
Reason:
com.kms.katalon.core.exception.StepFailedException: Unable to verify text 'How to Recycle Cannabis Packaging' is present  using regular expression (Root cause: com.kms.katalon.core.exception.StepFailedException: Text 'How to Recycle Cannabis Packaging' is not present on page  using regular expression)
	at com.kms.katalon.core.keyword.internal.KeywordMain.stepFailed(KeywordMain.groovy:36)
	at com.kms.katalon.core.webui.keyword.internal.WebUIKeywordMain.stepFailed(WebUIKeywordMain.groovy:65)
	at com.kms.katalon.core.webui.keyword.internal.WebUIKeywordMain.runKeyword(WebUIKeywordMain.groovy:27)
	at com.kms.katalon.core.webui.keyword.builtin.VerifyTextPresentKeyword.verifyTextPresent(VerifyTextPresentKeyword.groovy:83)
	at com.kms.katalon.core.webui.keyword.builtin.VerifyTextPresentKeyword.execute(VerifyTextPresentKeyword.groovy:68)
	at com.kms.katalon.core.keyword.internal.KeywordExecutor.executeKeywordForPlatform(KeywordExecutor.groovy:53)
	at com.kms.katalon.core.webui.keyword.WebUiBuiltInKeywords.verifyTextPresent(WebUiBuiltInKeywords.groovy:1693)
	at com.kms.katalon.core.webui.keyword.WebUiBuiltInKeywords$verifyTextPresent$14.call(Unknown Source)
	at HP- Burger menu- Learn.run(HP- Burger menu- Learn:526)
	at com.kms.katalon.core.main.ScriptEngine.run(ScriptEngine.java:194)
	at com.kms.katalon.core.main.ScriptEngine.runScriptAsRawText(ScriptEngine.java:119)
	at com.kms.katalon.core.main.TestCaseExecutor.runScript(TestCaseExecutor.java:328)
	at com.kms.katalon.core.main.TestCaseExecutor.doExecute(TestCaseExecutor.java:319)
	at com.kms.katalon.core.main.TestCaseExecutor.processExecutionPhase(TestCaseExecutor.java:298)
	at com.kms.katalon.core.main.TestCaseExecutor.accessMainPhase(TestCaseExecutor.java:290)
	at com.kms.katalon.core.main.TestCaseExecutor.execute(TestCaseExecutor.java:224)
	at com.kms.katalon.core.main.TestSuiteExecutor.accessTestCaseMainPhase(TestSuiteExecutor.java:129)
	at com.kms.katalon.core.main.TestSuiteExecutor.accessTestSuiteMainPhase(TestSuiteExecutor.java:112)
	at com.kms.katalon.core.main.TestSuiteExecutor.execute(TestSuiteExecutor.java:81)
	at com.kms.katalon.core.main.TestCaseMain.startTestSuite(TestCaseMain.java:149)
	at com.kms.katalon.core.main.TestCaseMain$startTestSuite$0.call(Unknown Source)
	at TempTestSuite1561749522497.run(TempTestSuite1561749522497.groovy:36)


2019-06-28 16:07:36 - [MESSAGE][FAILED] - Text 'How to Recycle Cannabis Packaging' is not present on page  using regular expression

2019-06-28 16:07:36 - [MESSAGE][FAILED] - Unable to verify text 'How to Recycle Cannabis Packaging' is present  using regular expression (Root cause: com.kms.katalon.core.exception.StepFailedException: Text 'How to Recycle Cannabis Packaging' is not present on page  using regular expression)
[[ATTACHMENT|/Users/sumankompelly/Relative xpath-Mobile/Reports/Live site/20190628_151842/1561752456150.png]]

2019-06-28 16:07:36 - [MESSAGE][FAILED] - verifyTextPresent("How to Recycle Cannabis Packaging", true) FAILED.
Reason:
com.kms.katalon.core.exception.StepFailedException: Unable to verify text 'How to Recycle Cannabis Packaging' is present  using regular expression (Root cause: com.kms.katalon.core.exception.StepFailedException: Text 'How to Recycle Cannabis Packaging' is not present on page  using regular expression)
	at com.kms.katalon.core.keyword.internal.KeywordMain.stepFailed(KeywordMain.groovy:36)
	at com.kms.katalon.core.webui.keyword.internal.WebUIKeywordMain.stepFailed(WebUIKeywordMain.groovy:65)
	at com.kms.katalon.core.webui.keyword.internal.WebUIKeywordMain.runKeyword(WebUIKeywordMain.groovy:27)
	at com.kms.katalon.core.webui.keyword.builtin.VerifyTextPresentKeyword.verifyTextPresent(VerifyTextPresentKeyword.groovy:83)
	at com.kms.katalon.core.webui.keyword.builtin.VerifyTextPresentKeyword.execute(VerifyTextPresentKeyword.groovy:68)
	at com.kms.katalon.core.keyword.internal.KeywordExecutor.executeKeywordForPlatform(KeywordExecutor.groovy:53)
	at com.kms.katalon.core.webui.keyword.WebUiBuiltInKeywords.verifyTextPresent(WebUiBuiltInKeywords.groovy:1693)
	at com.kms.katalon.core.webui.keyword.WebUiBuiltInKeywords$verifyTextPresent$14.call(Unknown Source)
	at HP- Burger menu- Learn.run(HP- Burger menu- Learn:526)
	at com.kms.katalon.core.main.ScriptEngine.run(ScriptEngine.java:194)
	at com.kms.katalon.core.main.ScriptEngine.runScriptAsRawText(ScriptEngine.java:119)
	at com.kms.katalon.core.main.TestCaseExecutor.runScript(TestCaseExecutor.java:328)
	at com.kms.katalon.core.main.TestCaseExecutor.doExecute(TestCaseExecutor.java:319)
	at com.kms.katalon.core.main.TestCaseExecutor.processExecutionPhase(TestCaseExecutor.java:298)
	at com.kms.katalon.core.main.TestCaseExecutor.accessMainPhase(TestCaseExecutor.java:290)
	at com.kms.katalon.core.main.TestCaseExecutor.execute(TestCaseExecutor.java:224)
	at com.kms.katalon.core.main.TestSuiteExecutor.accessTestCaseMainPhase(TestSuiteExecutor.java:129)
	at com.kms.katalon.core.main.TestSuiteExecutor.accessTestSuiteMainPhase(TestSuiteExecutor.java:112)
	at com.kms.katalon.core.main.TestSuiteExecutor.execute(TestSuiteExecutor.java:81)
	at com.kms.katalon.core.main.TestCaseMain.startTestSuite(TestCaseMain.java:149)
	at com.kms.katalon.core.main.TestCaseMain$startTestSuite$0.call(Unknown Source)
	at TempTestSuite1561749522497.run(TempTestSuite1561749522497.groovy:36)]]></system-out>
         <system-err><![CDATA[2019-06-28 16:02:58 - [TEST_CASE][FAILED] - Test Cases/OCS - MOBILE/OCS- HOME PAGE/HP- Burger menu- Learn: Test Cases/OCS - MOBILE/OCS- HOME PAGE/HP- Burger menu- Learn FAILED.
Reason:
com.kms.katalon.core.exception.StepFailedException: Unable to verify text 'How to Recycle Cannabis Packaging' is present  using regular expression (Root cause: com.kms.katalon.core.exception.StepFailedException: Text 'How to Recycle Cannabis Packaging' is not present on page  using regular expression)
	at com.kms.katalon.core.keyword.internal.KeywordMain.stepFailed(KeywordMain.groovy:36)
	at com.kms.katalon.core.webui.keyword.internal.WebUIKeywordMain.stepFailed(WebUIKeywordMain.groovy:65)
	at com.kms.katalon.core.webui.keyword.internal.WebUIKeywordMain.runKeyword(WebUIKeywordMain.groovy:27)
	at com.kms.katalon.core.webui.keyword.builtin.VerifyTextPresentKeyword.verifyTextPresent(VerifyTextPresentKeyword.groovy:83)
	at com.kms.katalon.core.webui.keyword.builtin.VerifyTextPresentKeyword.execute(VerifyTextPresentKeyword.groovy:68)
	at com.kms.katalon.core.keyword.internal.KeywordExecutor.executeKeywordForPlatform(KeywordExecutor.groovy:53)
	at com.kms.katalon.core.webui.keyword.WebUiBuiltInKeywords.verifyTextPresent(WebUiBuiltInKeywords.groovy:1693)
	at com.kms.katalon.core.webui.keyword.WebUiBuiltInKeywords$verifyTextPresent$14.call(Unknown Source)
	at HP- Burger menu- Learn.run(HP- Burger menu- Learn:526)
	at com.kms.katalon.core.main.ScriptEngine.run(ScriptEngine.java:194)
	at com.kms.katalon.core.main.ScriptEngine.runScriptAsRawText(ScriptEngine.java:119)
	at com.kms.katalon.core.main.TestCaseExecutor.runScript(TestCaseExecutor.java:328)
	at com.kms.katalon.core.main.TestCaseExecutor.doExecute(TestCaseExecutor.java:319)
	at com.kms.katalon.core.main.TestCaseExecutor.processExecutionPhase(TestCaseExecutor.java:298)
	at com.kms.katalon.core.main.TestCaseExecutor.accessMainPhase(TestCaseExecutor.java:290)
	at com.kms.katalon.core.main.TestCaseExecutor.execute(TestCaseExecutor.java:224)
	at com.kms.katalon.core.main.TestSuiteExecutor.accessTestCaseMainPhase(TestSuiteExecutor.java:129)
	at com.kms.katalon.core.main.TestSuiteExecutor.accessTestSuiteMainPhase(TestSuiteExecutor.java:112)
	at com.kms.katalon.core.main.TestSuiteExecutor.execute(TestSuiteExecutor.java:81)
	at com.kms.katalon.core.main.TestCaseMain.startTestSuite(TestCaseMain.java:149)
	at com.kms.katalon.core.main.TestCaseMain$startTestSuite$0.call(Unknown Source)
	at TempTestSuite1561749522497.run(TempTestSuite1561749522497.groovy:36)]]></system-err>
      </testcase>
      <testcase name="Test Cases/OCS - MOBILE/OCS- PRODUCT PAGE/Add to bag CTA" classname="Test Cases/OCS - MOBILE/OCS- PRODUCT PAGE/Add to bag CTA" status="PASSED">
         <system-out><![CDATA[2019-06-28 16:07:36 - [TEST_CASE][PASSED] - Test Cases/OCS - MOBILE/OCS- PRODUCT PAGE/Add to bag CTA: Test Cases/OCS - MOBILE/OCS- PRODUCT PAGE/Add to bag CTA

2019-06-28 16:07:36 - [TEST_STEP][PASSED] - callTestCase(findTestCase("OCS - MOBILE/CALL - PDP"), [:], STOP_ON_FAILURE): Call Test Case 'Test Cases/OCS - MOBILE/CALL - PDP' successfully

2019-06-28 16:07:36 - [TEST_CASE][PASSED] - Test Cases/OCS - MOBILE/CALL - PDP: Test Cases/OCS - MOBILE/CALL - PDP

2019-06-28 16:07:37 - [TEST_STEP][PASSED] - openBrowser(""): Browser is opened with url: ''

2019-06-28 16:07:37 - [MESSAGE][WARNING] - A browser is already opened. Closing browser and opening a new one

2019-06-28 16:07:37 - [MESSAGE][INFO] - Starting 'Chrome' driver

2019-06-28 16:07:38 - [MESSAGE][PASSED] - Browser is opened with url: ''

2019-06-28 16:07:38 - [TEST_STEP][PASSED] - navigateToUrl("ocs.ca"): Navigate to 'http://ocs.ca' successfully

2019-06-28 16:07:42 - [MESSAGE][PASSED] - Navigate to 'http://ocs.ca' successfully

2019-06-28 16:07:42 - [TEST_STEP][NOT_RUN] - executeJavaScript("var previewBar = document.getElementById("preview-bar-iframe"); previewBar.style.display = "none";", []): NOT_RUN: executeJavaScript("var previewBar = document.getElementById("preview-bar-iframe"); previewBar.style.display = "none";", [])

2019-06-28 16:07:42 - [MESSAGE][NOT_RUN] - NOT_RUN: executeJavaScript("var previewBar = document.getElementById("preview-bar-iframe"); previewBar.style.display = "none";", [])

2019-06-28 16:07:42 - [TEST_STEP][PASSED] - setViewPortSize(360, 800): Viewport is set to new size with width = 360 and height = 800

2019-06-28 16:07:43 - [MESSAGE][PASSED] - Viewport is set to new size with width = 360 and height = 800

2019-06-28 16:07:43 - [TEST_STEP][PASSED] - delay(4): Delayed 4 second(s)

2019-06-28 16:07:47 - [MESSAGE][PASSED] - Delayed 4 second(s)

2019-06-28 16:07:47 - [TEST_STEP][PASSED] - selectOptionByValue(findTestObject("OCS-MOBILE /Age gate and burger menu/Date"), "12", true): All options with value '12' are selected in object 'Object Repository/OCS-MOBILE /Age gate and burger menu/Date'  using regular expression

2019-06-28 16:07:47 - [MESSAGE][PASSED] - All options with value '12' are selected in object 'Object Repository/OCS-MOBILE /Age gate and burger menu/Date'  using regular expression

2019-06-28 16:07:47 - [TEST_STEP][PASSED] - selectOptionByValue(findTestObject("OCS-MOBILE /Age gate and burger menu/month"), "6", true): All options with value '6' are selected in object 'Object Repository/OCS-MOBILE /Age gate and burger menu/month'  using regular expression

2019-06-28 16:07:47 - [MESSAGE][PASSED] - All options with value '6' are selected in object 'Object Repository/OCS-MOBILE /Age gate and burger menu/month'  using regular expression

2019-06-28 16:07:47 - [TEST_STEP][PASSED] - delay(2): Delayed 2 second(s)

2019-06-28 16:07:49 - [MESSAGE][PASSED] - Delayed 2 second(s)

2019-06-28 16:07:49 - [TEST_STEP][PASSED] - selectOptionByValue(findTestObject("OCS-MOBILE /Age gate and burger menu/Year Dropdown"), "1990", true): All options with value '1990' are selected in object 'Object Repository/OCS-MOBILE /Age gate and burger menu/Year Dropdown'  using regular expression

2019-06-28 16:07:50 - [MESSAGE][PASSED] - All options with value '1990' are selected in object 'Object Repository/OCS-MOBILE /Age gate and burger menu/Year Dropdown'  using regular expression

2019-06-28 16:07:50 - [TEST_STEP][PASSED] - click(findTestObject("OCS-MOBILE /Age gate and Mega menu/button_Verify")): Object: 'Object Repository/OCS-MOBILE /Age gate and Mega menu/button_Verify' is clicked on

2019-06-28 16:07:50 - [MESSAGE][PASSED] - Object: 'Object Repository/OCS-MOBILE /Age gate and Mega menu/button_Verify' is clicked on

2019-06-28 16:07:50 - [TEST_STEP][PASSED] - click(findTestObject("OCS-MOBILE /Age gate and Mega menu/Checkbox_CONFIRM AND ACKNOWLEDGE")): Object: 'Object Repository/OCS-MOBILE /Age gate and Mega menu/Checkbox_CONFIRM AND ACKNOWLEDGE' is clicked on

2019-06-28 16:07:50 - [MESSAGE][PASSED] - Object: 'Object Repository/OCS-MOBILE /Age gate and Mega menu/Checkbox_CONFIRM AND ACKNOWLEDGE' is clicked on

2019-06-28 16:07:50 - [TEST_STEP][PASSED] - click(findTestObject("OCS-MOBILE /Age gate and Mega menu/button_CONFIRM")): Object: 'Object Repository/OCS-MOBILE /Age gate and Mega menu/button_CONFIRM' is clicked on

2019-06-28 16:07:50 - [MESSAGE][PASSED] - Object: 'Object Repository/OCS-MOBILE /Age gate and Mega menu/button_CONFIRM' is clicked on

2019-06-28 16:07:50 - [TEST_STEP][PASSED] - click(findTestObject("OCS-MOBILE /Age gate and Mega menu/button_Start Browsing")): Object: 'Object Repository/OCS-MOBILE /Age gate and Mega menu/button_Start Browsing' is clicked on

2019-06-28 16:07:50 - [MESSAGE][PASSED] - Object: 'Object Repository/OCS-MOBILE /Age gate and Mega menu/button_Start Browsing' is clicked on

2019-06-28 16:07:50 - [TEST_STEP][PASSED] - refresh(): Refresh successfully

2019-06-28 16:07:50 - [MESSAGE][PASSED] - Refresh successfully

2019-06-28 16:07:50 - [TEST_STEP][PASSED] - delay(2): Delayed 2 second(s)

2019-06-28 16:07:52 - [MESSAGE][PASSED] - Delayed 2 second(s)

2019-06-28 16:07:52 - [TEST_STEP][PASSED] - click(findTestObject("OCS-MOBILE /Age gate and burger menu/Burger menu - English")): Object: 'Object Repository/OCS-MOBILE /Age gate and burger menu/Burger menu - English' is clicked on

2019-06-28 16:07:53 - [MESSAGE][PASSED] - Object: 'Object Repository/OCS-MOBILE /Age gate and burger menu/Burger menu - English' is clicked on

2019-06-28 16:07:53 - [TEST_STEP][PASSED] - delay(2): Delayed 2 second(s)

2019-06-28 16:07:55 - [MESSAGE][PASSED] - Delayed 2 second(s)

2019-06-28 16:07:55 - [TEST_STEP][PASSED] - click(findTestObject("OCS-MOBILE /Age gate and burger menu/Chevron_Cannabis")): Object: 'Object Repository/OCS-MOBILE /Age gate and burger menu/Chevron_Cannabis' is clicked on

2019-06-28 16:07:55 - [MESSAGE][PASSED] - Object: 'Object Repository/OCS-MOBILE /Age gate and burger menu/Chevron_Cannabis' is clicked on

2019-06-28 16:07:55 - [TEST_STEP][PASSED] - delay(2): Delayed 2 second(s)

2019-06-28 16:07:57 - [MESSAGE][PASSED] - Delayed 2 second(s)

2019-06-28 16:07:57 - [TEST_STEP][PASSED] - click(findTestObject("OCS-MOBILE /Age gate and burger menu/Dried Flower_Plus icon")): Object: 'Object Repository/OCS-MOBILE /Age gate and burger menu/Dried Flower_Plus icon' is clicked on

2019-06-28 16:07:57 - [MESSAGE][PASSED] - Object: 'Object Repository/OCS-MOBILE /Age gate and burger menu/Dried Flower_Plus icon' is clicked on

2019-06-28 16:07:57 - [TEST_STEP][PASSED] - delay(2): Delayed 2 second(s)

2019-06-28 16:07:59 - [MESSAGE][PASSED] - Delayed 2 second(s)

2019-06-28 16:07:59 - [TEST_STEP][PASSED] - click(findTestObject("OCS-MOBILE /Age gate and burger menu/Indica Dominant_Menu item")): Object: 'Object Repository/OCS-MOBILE /Age gate and burger menu/Indica Dominant_Menu item' is clicked on

2019-06-28 16:08:01 - [MESSAGE][PASSED] - Object: 'Object Repository/OCS-MOBILE /Age gate and burger menu/Indica Dominant_Menu item' is clicked on

2019-06-28 16:08:01 - [TEST_STEP][NOT_RUN] - executeJavaScript("var previewBar = document.getElementById("preview-bar-iframe"); previewBar.style.display = "none";", []): NOT_RUN: executeJavaScript("var previewBar = document.getElementById("preview-bar-iframe"); previewBar.style.display = "none";", [])

2019-06-28 16:08:01 - [MESSAGE][NOT_RUN] - NOT_RUN: executeJavaScript("var previewBar = document.getElementById("preview-bar-iframe"); previewBar.style.display = "none";", [])

2019-06-28 16:08:01 - [TEST_STEP][PASSED] - delay(2): Delayed 2 second(s)

2019-06-28 16:08:03 - [MESSAGE][PASSED] - Delayed 2 second(s)

2019-06-28 16:08:03 - [TEST_STEP][PASSED] - click(findTestObject("OCS-MOBILE /Collection page/Product image - 1st one")): Object: 'Object Repository/OCS-MOBILE /Collection page/Product image - 1st one' is clicked on

2019-06-28 16:08:07 - [MESSAGE][PASSED] - Object: 'Object Repository/OCS-MOBILE /Collection page/Product image - 1st one' is clicked on

2019-06-28 16:08:07 - [TEST_STEP][PASSED] - delay(2): Delayed 2 second(s)

2019-06-28 16:08:09 - [MESSAGE][PASSED] - Delayed 2 second(s)

2019-06-28 16:08:09 - [TEST_STEP][NOT_RUN] - executeJavaScript("var previewBar = document.getElementById("preview-bar-iframe"); previewBar.style.display = "none";", []): NOT_RUN: executeJavaScript("var previewBar = document.getElementById("preview-bar-iframe"); previewBar.style.display = "none";", [])

2019-06-28 16:08:09 - [MESSAGE][NOT_RUN] - NOT_RUN: executeJavaScript("var previewBar = document.getElementById("preview-bar-iframe"); previewBar.style.display = "none";", [])

2019-06-28 16:08:09 - [MESSAGE][PASSED] - Call Test Case 'Test Cases/OCS - MOBILE/CALL - PDP' successfully

2019-06-28 16:08:09 - [TEST_STEP][NOT_RUN] - executeJavaScript("var previewBar = document.getElementById("preview-bar-iframe"); previewBar.style.display = "none";", []): NOT_RUN: executeJavaScript("var previewBar = document.getElementById("preview-bar-iframe"); previewBar.style.display = "none";", [])

2019-06-28 16:08:09 - [MESSAGE][NOT_RUN] - NOT_RUN: executeJavaScript("var previewBar = document.getElementById("preview-bar-iframe"); previewBar.style.display = "none";", [])

2019-06-28 16:08:09 - [TEST_STEP][NOT_RUN] - scrollToElement(findTestObject("OCS-MOBILE /Product page/Product image"), 1): NOT_RUN: scrollToElement(findTestObject("OCS-MOBILE /Product page/Product image"), 1)

2019-06-28 16:08:09 - [MESSAGE][NOT_RUN] - NOT_RUN: scrollToElement(findTestObject("OCS-MOBILE /Product page/Product image"), 1)

2019-06-28 16:08:09 - [TEST_STEP][PASSED] - delay(2): Delayed 2 second(s)

2019-06-28 16:08:11 - [MESSAGE][PASSED] - Delayed 2 second(s)

2019-06-28 16:08:11 - [TEST_STEP][PASSED] - click(findTestObject("OCS-MOBILE /Product page/Swatch_1g")): Object: 'Object Repository/OCS-MOBILE /Product page/Swatch_1g' is clicked on

2019-06-28 16:08:11 - [MESSAGE][PASSED] - Object: 'Object Repository/OCS-MOBILE /Product page/Swatch_1g' is clicked on

2019-06-28 16:08:11 - [TEST_STEP][PASSED] - scrollToElement(findTestObject("OCS-MOBILE /Product page/Swatch_3.5g"), 1): Scroll to object 'Object Repository/OCS-MOBILE /Product page/Swatch_3.5g' successfully

2019-06-28 16:08:11 - [MESSAGE][PASSED] - Scroll to object 'Object Repository/OCS-MOBILE /Product page/Swatch_3.5g' successfully

2019-06-28 16:08:11 - [TEST_STEP][PASSED] - delay(2): Delayed 2 second(s)

2019-06-28 16:08:13 - [MESSAGE][PASSED] - Delayed 2 second(s)

2019-06-28 16:08:13 - [TEST_STEP][PASSED] - click(findTestObject("OCS-MOBILE /Product page/Add to Bag-button")): Object: 'Object Repository/OCS-MOBILE /Product page/Add to Bag-button' is clicked on

2019-06-28 16:08:13 - [MESSAGE][PASSED] - Object: 'Object Repository/OCS-MOBILE /Product page/Add to Bag-button' is clicked on

2019-06-28 16:08:13 - [TEST_STEP][PASSED] - delay(1): Delayed 1 second(s)

2019-06-28 16:08:14 - [MESSAGE][PASSED] - Delayed 1 second(s)

2019-06-28 16:08:14 - [TEST_STEP][NOT_RUN] - click(findTestObject("OCS-MOBILE /Home - page/Cart icon -bag")): NOT_RUN: click(findTestObject("OCS-MOBILE /Home - page/Cart icon -bag"))

2019-06-28 16:08:14 - [MESSAGE][NOT_RUN] - NOT_RUN: click(findTestObject("OCS-MOBILE /Home - page/Cart icon -bag"))

2019-06-28 16:08:14 - [TEST_STEP][PASSED] - delay(1): Delayed 1 second(s)

2019-06-28 16:08:15 - [MESSAGE][PASSED] - Delayed 1 second(s)

2019-06-28 16:08:15 - [TEST_STEP][PASSED] - verifyElementPresent(findTestObject("OCS-MOBILE /Cart flyout/Cart - 1st item"), 2): Object 'Object Repository/OCS-MOBILE /Cart flyout/Cart - 1st item' is present

2019-06-28 16:08:15 - [MESSAGE][PASSED] - Object 'Object Repository/OCS-MOBILE /Cart flyout/Cart - 1st item' is present

2019-06-28 16:08:15 - [TEST_STEP][PASSED] - delay(1): Delayed 1 second(s)

2019-06-28 16:08:16 - [MESSAGE][PASSED] - Delayed 1 second(s)

2019-06-28 16:08:16 - [TEST_STEP][PASSED] - click(findTestObject("OCS-MOBILE /Cart flyout/Back icon")): Object: 'Object Repository/OCS-MOBILE /Cart flyout/Back icon' is clicked on

2019-06-28 16:08:16 - [MESSAGE][PASSED] - Object: 'Object Repository/OCS-MOBILE /Cart flyout/Back icon' is clicked on

2019-06-28 16:08:16 - [TEST_STEP][PASSED] - closeBrowser(): Browser is closed

2019-06-28 16:08:16 - [MESSAGE][PASSED] - Browser is closed]]></system-out>
         <system-err><![CDATA[]]></system-err>
      </testcase>
      <testcase name="Test Cases/OCS - MOBILE/OCS- PRODUCT PAGE/Shop all of our products" classname="Test Cases/OCS - MOBILE/OCS- PRODUCT PAGE/Shop all of our products" status="PASSED">
         <system-out><![CDATA[2019-06-28 16:08:16 - [TEST_CASE][PASSED] - Test Cases/OCS - MOBILE/OCS- PRODUCT PAGE/Shop all of our products: Test Cases/OCS - MOBILE/OCS- PRODUCT PAGE/Shop all of our products

2019-06-28 16:08:16 - [TEST_STEP][PASSED] - callTestCase(findTestCase("OCS - MOBILE/CALL - PDP"), [:], STOP_ON_FAILURE): Call Test Case 'Test Cases/OCS - MOBILE/CALL - PDP' successfully

2019-06-28 16:08:16 - [TEST_CASE][PASSED] - Test Cases/OCS - MOBILE/CALL - PDP: Test Cases/OCS - MOBILE/CALL - PDP

2019-06-28 16:08:16 - [TEST_STEP][PASSED] - openBrowser(""): Browser is opened with url: ''

2019-06-28 16:08:16 - [MESSAGE][INFO] - Starting 'Chrome' driver

2019-06-28 16:08:17 - [MESSAGE][PASSED] - Browser is opened with url: ''

2019-06-28 16:08:17 - [TEST_STEP][PASSED] - navigateToUrl("ocs.ca"): Navigate to 'http://ocs.ca' successfully

2019-06-28 16:08:21 - [MESSAGE][PASSED] - Navigate to 'http://ocs.ca' successfully

2019-06-28 16:08:21 - [TEST_STEP][NOT_RUN] - executeJavaScript("var previewBar = document.getElementById("preview-bar-iframe"); previewBar.style.display = "none";", []): NOT_RUN: executeJavaScript("var previewBar = document.getElementById("preview-bar-iframe"); previewBar.style.display = "none";", [])

2019-06-28 16:08:21 - [MESSAGE][NOT_RUN] - NOT_RUN: executeJavaScript("var previewBar = document.getElementById("preview-bar-iframe"); previewBar.style.display = "none";", [])

2019-06-28 16:08:21 - [TEST_STEP][PASSED] - setViewPortSize(360, 800): Viewport is set to new size with width = 360 and height = 800

2019-06-28 16:08:21 - [MESSAGE][PASSED] - Viewport is set to new size with width = 360 and height = 800

2019-06-28 16:08:21 - [TEST_STEP][PASSED] - delay(4): Delayed 4 second(s)

2019-06-28 16:08:25 - [MESSAGE][PASSED] - Delayed 4 second(s)

2019-06-28 16:08:25 - [TEST_STEP][PASSED] - selectOptionByValue(findTestObject("OCS-MOBILE /Age gate and burger menu/Date"), "12", true): All options with value '12' are selected in object 'Object Repository/OCS-MOBILE /Age gate and burger menu/Date'  using regular expression

2019-06-28 16:08:25 - [MESSAGE][PASSED] - All options with value '12' are selected in object 'Object Repository/OCS-MOBILE /Age gate and burger menu/Date'  using regular expression

2019-06-28 16:08:25 - [TEST_STEP][PASSED] - selectOptionByValue(findTestObject("OCS-MOBILE /Age gate and burger menu/month"), "6", true): All options with value '6' are selected in object 'Object Repository/OCS-MOBILE /Age gate and burger menu/month'  using regular expression

2019-06-28 16:08:26 - [MESSAGE][PASSED] - All options with value '6' are selected in object 'Object Repository/OCS-MOBILE /Age gate and burger menu/month'  using regular expression

2019-06-28 16:08:26 - [TEST_STEP][PASSED] - delay(2): Delayed 2 second(s)

2019-06-28 16:08:28 - [MESSAGE][PASSED] - Delayed 2 second(s)

2019-06-28 16:08:28 - [TEST_STEP][PASSED] - selectOptionByValue(findTestObject("OCS-MOBILE /Age gate and burger menu/Year Dropdown"), "1990", true): All options with value '1990' are selected in object 'Object Repository/OCS-MOBILE /Age gate and burger menu/Year Dropdown'  using regular expression

2019-06-28 16:08:29 - [MESSAGE][PASSED] - All options with value '1990' are selected in object 'Object Repository/OCS-MOBILE /Age gate and burger menu/Year Dropdown'  using regular expression

2019-06-28 16:08:29 - [TEST_STEP][PASSED] - click(findTestObject("OCS-MOBILE /Age gate and Mega menu/button_Verify")): Object: 'Object Repository/OCS-MOBILE /Age gate and Mega menu/button_Verify' is clicked on

2019-06-28 16:08:29 - [MESSAGE][PASSED] - Object: 'Object Repository/OCS-MOBILE /Age gate and Mega menu/button_Verify' is clicked on

2019-06-28 16:08:29 - [TEST_STEP][PASSED] - click(findTestObject("OCS-MOBILE /Age gate and Mega menu/Checkbox_CONFIRM AND ACKNOWLEDGE")): Object: 'Object Repository/OCS-MOBILE /Age gate and Mega menu/Checkbox_CONFIRM AND ACKNOWLEDGE' is clicked on

2019-06-28 16:08:29 - [MESSAGE][PASSED] - Object: 'Object Repository/OCS-MOBILE /Age gate and Mega menu/Checkbox_CONFIRM AND ACKNOWLEDGE' is clicked on

2019-06-28 16:08:29 - [TEST_STEP][PASSED] - click(findTestObject("OCS-MOBILE /Age gate and Mega menu/button_CONFIRM")): Object: 'Object Repository/OCS-MOBILE /Age gate and Mega menu/button_CONFIRM' is clicked on

2019-06-28 16:08:29 - [MESSAGE][PASSED] - Object: 'Object Repository/OCS-MOBILE /Age gate and Mega menu/button_CONFIRM' is clicked on

2019-06-28 16:08:29 - [TEST_STEP][PASSED] - click(findTestObject("OCS-MOBILE /Age gate and Mega menu/button_Start Browsing")): Object: 'Object Repository/OCS-MOBILE /Age gate and Mega menu/button_Start Browsing' is clicked on

2019-06-28 16:08:29 - [MESSAGE][PASSED] - Object: 'Object Repository/OCS-MOBILE /Age gate and Mega menu/button_Start Browsing' is clicked on

2019-06-28 16:08:29 - [TEST_STEP][PASSED] - refresh(): Refresh successfully

2019-06-28 16:08:31 - [MESSAGE][PASSED] - Refresh successfully

2019-06-28 16:08:31 - [TEST_STEP][PASSED] - delay(2): Delayed 2 second(s)

2019-06-28 16:08:33 - [MESSAGE][PASSED] - Delayed 2 second(s)

2019-06-28 16:08:33 - [TEST_STEP][PASSED] - click(findTestObject("OCS-MOBILE /Age gate and burger menu/Burger menu - English")): Object: 'Object Repository/OCS-MOBILE /Age gate and burger menu/Burger menu - English' is clicked on

2019-06-28 16:08:33 - [MESSAGE][PASSED] - Object: 'Object Repository/OCS-MOBILE /Age gate and burger menu/Burger menu - English' is clicked on

2019-06-28 16:08:33 - [TEST_STEP][PASSED] - delay(2): Delayed 2 second(s)

2019-06-28 16:08:35 - [MESSAGE][PASSED] - Delayed 2 second(s)

2019-06-28 16:08:35 - [TEST_STEP][PASSED] - click(findTestObject("OCS-MOBILE /Age gate and burger menu/Chevron_Cannabis")): Object: 'Object Repository/OCS-MOBILE /Age gate and burger menu/Chevron_Cannabis' is clicked on

2019-06-28 16:08:35 - [MESSAGE][PASSED] - Object: 'Object Repository/OCS-MOBILE /Age gate and burger menu/Chevron_Cannabis' is clicked on

2019-06-28 16:08:35 - [TEST_STEP][PASSED] - delay(2): Delayed 2 second(s)

2019-06-28 16:08:37 - [MESSAGE][PASSED] - Delayed 2 second(s)

2019-06-28 16:08:37 - [TEST_STEP][PASSED] - click(findTestObject("OCS-MOBILE /Age gate and burger menu/Dried Flower_Plus icon")): Object: 'Object Repository/OCS-MOBILE /Age gate and burger menu/Dried Flower_Plus icon' is clicked on

2019-06-28 16:08:38 - [MESSAGE][PASSED] - Object: 'Object Repository/OCS-MOBILE /Age gate and burger menu/Dried Flower_Plus icon' is clicked on

2019-06-28 16:08:38 - [TEST_STEP][PASSED] - delay(2): Delayed 2 second(s)

2019-06-28 16:08:40 - [MESSAGE][PASSED] - Delayed 2 second(s)

2019-06-28 16:08:40 - [TEST_STEP][PASSED] - click(findTestObject("OCS-MOBILE /Age gate and burger menu/Indica Dominant_Menu item")): Object: 'Object Repository/OCS-MOBILE /Age gate and burger menu/Indica Dominant_Menu item' is clicked on

2019-06-28 16:08:40 - [MESSAGE][PASSED] - Object: 'Object Repository/OCS-MOBILE /Age gate and burger menu/Indica Dominant_Menu item' is clicked on

2019-06-28 16:08:40 - [TEST_STEP][NOT_RUN] - executeJavaScript("var previewBar = document.getElementById("preview-bar-iframe"); previewBar.style.display = "none";", []): NOT_RUN: executeJavaScript("var previewBar = document.getElementById("preview-bar-iframe"); previewBar.style.display = "none";", [])

2019-06-28 16:08:40 - [MESSAGE][NOT_RUN] - NOT_RUN: executeJavaScript("var previewBar = document.getElementById("preview-bar-iframe"); previewBar.style.display = "none";", [])

2019-06-28 16:08:40 - [TEST_STEP][PASSED] - delay(2): Delayed 2 second(s)

2019-06-28 16:08:42 - [MESSAGE][PASSED] - Delayed 2 second(s)

2019-06-28 16:08:42 - [TEST_STEP][PASSED] - click(findTestObject("OCS-MOBILE /Collection page/Product image - 1st one")): Object: 'Object Repository/OCS-MOBILE /Collection page/Product image - 1st one' is clicked on

2019-06-28 16:08:46 - [MESSAGE][PASSED] - Object: 'Object Repository/OCS-MOBILE /Collection page/Product image - 1st one' is clicked on

2019-06-28 16:08:46 - [TEST_STEP][PASSED] - delay(2): Delayed 2 second(s)

2019-06-28 16:08:48 - [MESSAGE][PASSED] - Delayed 2 second(s)

2019-06-28 16:08:48 - [TEST_STEP][NOT_RUN] - executeJavaScript("var previewBar = document.getElementById("preview-bar-iframe"); previewBar.style.display = "none";", []): NOT_RUN: executeJavaScript("var previewBar = document.getElementById("preview-bar-iframe"); previewBar.style.display = "none";", [])

2019-06-28 16:08:48 - [MESSAGE][NOT_RUN] - NOT_RUN: executeJavaScript("var previewBar = document.getElementById("preview-bar-iframe"); previewBar.style.display = "none";", [])

2019-06-28 16:08:48 - [MESSAGE][PASSED] - Call Test Case 'Test Cases/OCS - MOBILE/CALL - PDP' successfully

2019-06-28 16:08:48 - [TEST_STEP][NOT_RUN] - scrollToElement(findTestObject("OCS-MOBILE /Product page/Recently Viewed/1st Product - Image"), 2): NOT_RUN: scrollToElement(findTestObject("OCS-MOBILE /Product page/Recently Viewed/1st Product - Image"), 2)

2019-06-28 16:08:48 - [MESSAGE][NOT_RUN] - NOT_RUN: scrollToElement(findTestObject("OCS-MOBILE /Product page/Recently Viewed/1st Product - Image"), 2)

2019-06-28 16:08:48 - [TEST_STEP][PASSED] - delay(1, OPTIONAL): Delayed 1 second(s)

2019-06-28 16:08:49 - [MESSAGE][PASSED] - Delayed 1 second(s)

2019-06-28 16:08:49 - [TEST_STEP][PASSED] - click(findTestObject("OCS-MOBILE /Product page/Shop all of our products - Button")): Object: 'Object Repository/OCS-MOBILE /Product page/Shop all of our products - Button' is clicked on

2019-06-28 16:08:51 - [MESSAGE][PASSED] - Object: 'Object Repository/OCS-MOBILE /Product page/Shop all of our products - Button' is clicked on

2019-06-28 16:08:51 - [TEST_STEP][PASSED] - a = getWindowTitle(): Current window's title is: 'All Products | Ontario Cannabis Store'

2019-06-28 16:08:51 - [MESSAGE][PASSED] - Current window's title is: 'All Products | Ontario Cannabis Store'

2019-06-28 16:08:51 - [TEST_STEP][PASSED] - b = "All Products | Ontario Cannabis Store": null

2019-06-28 16:08:51 - [TEST_STEP][PASSED] - comment("WINDOW TITLE: " + a): WINDOW TITLE: All Products | Ontario Cannabis Store

2019-06-28 16:08:51 - [MESSAGE][INFO] - WINDOW TITLE: All Products | Ontario Cannabis Store

2019-06-28 16:08:51 - [TEST_STEP][PASSED] - verifyEqual(a, b): Actual object 'All Products | Ontario Cannabis Store' and expected object 'All Products | Ontario Cannabis Store' are equal

2019-06-28 16:08:51 - [MESSAGE][PASSED] - Actual object 'All Products | Ontario Cannabis Store' and expected object 'All Products | Ontario Cannabis Store' are equal]]></system-out>
         <system-err><![CDATA[]]></system-err>
      </testcase>
      <testcase name="Test Cases/OCS - MOBILE/OCS- PRODUCT PAGE/Tooltip" classname="Test Cases/OCS - MOBILE/OCS- PRODUCT PAGE/Tooltip" status="FAILED">
         <failure type="FAILED" message="Test Cases/OCS - MOBILE/OCS- PRODUCT PAGE/Tooltip FAILED.
Reason:
com.kms.katalon.core.exception.StepFailedException: Unable to click on object 'Object Repository/OCS-MOBILE /Collection page/Product image - 1st one' (Root cause: com.kms.katalon.core.webui.exception.WebElementNotFoundException: Web element with id: 'Object Repository/OCS-MOBILE /Collection page/Product image - 1st one' located by 'By.xpath: //article[@id='product_1314092451660']//div[@class='product-tile__image']

' not found)
	at com.kms.katalon.core.keyword.internal.KeywordMain.stepFailed(KeywordMain.groovy:36)
	at com.kms.katalon.core.webui.keyword.internal.WebUIKeywordMain.stepFailed(WebUIKeywordMain.groovy:65)
	at com.kms.katalon.core.webui.keyword.internal.WebUIKeywordMain.runKeyword(WebUIKeywordMain.groovy:27)
	at com.kms.katalon.core.webui.keyword.builtin.ClickKeyword.click(ClickKeyword.groovy:86)
	at com.kms.katalon.core.webui.keyword.builtin.ClickKeyword.execute(ClickKeyword.groovy:67)
	at com.kms.katalon.core.keyword.internal.KeywordExecutor.executeKeywordForPlatform(KeywordExecutor.groovy:53)
	at com.kms.katalon.core.webui.keyword.WebUiBuiltInKeywords.click(WebUiBuiltInKeywords.groovy:616)
	at com.kms.katalon.core.webui.keyword.WebUiBuiltInKeywords$click$3.call(Unknown Source)
	at CALL - PDP.run(CALL - PDP:66)
	at com.kms.katalon.core.main.ScriptEngine.run(ScriptEngine.java:194)
	at com.kms.katalon.core.main.ScriptEngine.runScriptAsRawText(ScriptEngine.java:119)
	at com.kms.katalon.core.main.TestCaseExecutor.runScript(TestCaseExecutor.java:328)
	at com.kms.katalon.core.main.TestCaseExecutor.doExecute(TestCaseExecutor.java:319)
	at com.kms.katalon.core.main.TestCaseExecutor.processExecutionPhase(TestCaseExecutor.java:298)
	at com.kms.katalon.core.main.TestCaseExecutor.accessMainPhase(TestCaseExecutor.java:290)
	at com.kms.katalon.core.main.TestCaseExecutor.execute(TestCaseExecutor.java:224)
	at com.kms.katalon.core.main.TestCaseMain.runTestCase(TestCaseMain.java:106)
	at com.kms.katalon.core.keyword.builtin.CallTestCaseKeyword$_callTestCase_closure1.doCall(CallTestCaseKeyword.groovy:59)
	at com.kms.katalon.core.keyword.builtin.CallTestCaseKeyword$_callTestCase_closure1.call(CallTestCaseKeyword.groovy)
	at com.kms.katalon.core.keyword.internal.KeywordMain.runKeyword(KeywordMain.groovy:54)
	at com.kms.katalon.core.keyword.builtin.CallTestCaseKeyword.callTestCase(CallTestCaseKeyword.groovy:80)
	at com.kms.katalon.core.keyword.builtin.CallTestCaseKeyword.execute(CallTestCaseKeyword.groovy:44)
	at com.kms.katalon.core.keyword.internal.KeywordExecutor.executeKeywordForPlatform(KeywordExecutor.groovy:53)
	at com.kms.katalon.core.keyword.BuiltinKeywords.callTestCase(BuiltinKeywords.groovy:334)
	at Tooltip.run(Tooltip:16)
	at com.kms.katalon.core.main.ScriptEngine.run(ScriptEngine.java:194)
	at com.kms.katalon.core.main.ScriptEngine.runScriptAsRawText(ScriptEngine.java:119)
	at com.kms.katalon.core.main.TestCaseExecutor.runScript(TestCaseExecutor.java:328)
	at com.kms.katalon.core.main.TestCaseExecutor.doExecute(TestCaseExecutor.java:319)
	at com.kms.katalon.core.main.TestCaseExecutor.processExecutionPhase(TestCaseExecutor.java:298)
	at com.kms.katalon.core.main.TestCaseExecutor.accessMainPhase(TestCaseExecutor.java:290)
	at com.kms.katalon.core.main.TestCaseExecutor.execute(TestCaseExecutor.java:224)
	at com.kms.katalon.core.main.TestSuiteExecutor.accessTestCaseMainPhase(TestSuiteExecutor.java:129)
	at com.kms.katalon.core.main.TestSuiteExecutor.accessTestSuiteMainPhase(TestSuiteExecutor.java:112)
	at com.kms.katalon.core.main.TestSuiteExecutor.execute(TestSuiteExecutor.java:81)
	at com.kms.katalon.core.main.TestCaseMain.startTestSuite(TestCaseMain.java:149)
	at com.kms.katalon.core.main.TestCaseMain$startTestSuite$0.call(Unknown Source)
	at TempTestSuite1561749522497.run(TempTestSuite1561749522497.groovy:36)
"/>
         <system-out><![CDATA[2019-06-28 16:08:51 - [TEST_CASE][FAILED] - Test Cases/OCS - MOBILE/OCS- PRODUCT PAGE/Tooltip: Test Cases/OCS - MOBILE/OCS- PRODUCT PAGE/Tooltip FAILED.
Reason:
com.kms.katalon.core.exception.StepFailedException: Unable to click on object 'Object Repository/OCS-MOBILE /Collection page/Product image - 1st one' (Root cause: com.kms.katalon.core.webui.exception.WebElementNotFoundException: Web element with id: 'Object Repository/OCS-MOBILE /Collection page/Product image - 1st one' located by 'By.xpath: //article[@id='product_1314092451660']//div[@class='product-tile__image']

' not found)
	at com.kms.katalon.core.keyword.internal.KeywordMain.stepFailed(KeywordMain.groovy:36)
	at com.kms.katalon.core.webui.keyword.internal.WebUIKeywordMain.stepFailed(WebUIKeywordMain.groovy:65)
	at com.kms.katalon.core.webui.keyword.internal.WebUIKeywordMain.runKeyword(WebUIKeywordMain.groovy:27)
	at com.kms.katalon.core.webui.keyword.builtin.ClickKeyword.click(ClickKeyword.groovy:86)
	at com.kms.katalon.core.webui.keyword.builtin.ClickKeyword.execute(ClickKeyword.groovy:67)
	at com.kms.katalon.core.keyword.internal.KeywordExecutor.executeKeywordForPlatform(KeywordExecutor.groovy:53)
	at com.kms.katalon.core.webui.keyword.WebUiBuiltInKeywords.click(WebUiBuiltInKeywords.groovy:616)
	at com.kms.katalon.core.webui.keyword.WebUiBuiltInKeywords$click$3.call(Unknown Source)
	at CALL - PDP.run(CALL - PDP:66)
	at com.kms.katalon.core.main.ScriptEngine.run(ScriptEngine.java:194)
	at com.kms.katalon.core.main.ScriptEngine.runScriptAsRawText(ScriptEngine.java:119)
	at com.kms.katalon.core.main.TestCaseExecutor.runScript(TestCaseExecutor.java:328)
	at com.kms.katalon.core.main.TestCaseExecutor.doExecute(TestCaseExecutor.java:319)
	at com.kms.katalon.core.main.TestCaseExecutor.processExecutionPhase(TestCaseExecutor.java:298)
	at com.kms.katalon.core.main.TestCaseExecutor.accessMainPhase(TestCaseExecutor.java:290)
	at com.kms.katalon.core.main.TestCaseExecutor.execute(TestCaseExecutor.java:224)
	at com.kms.katalon.core.main.TestCaseMain.runTestCase(TestCaseMain.java:106)
	at com.kms.katalon.core.keyword.builtin.CallTestCaseKeyword$_callTestCase_closure1.doCall(CallTestCaseKeyword.groovy:59)
	at com.kms.katalon.core.keyword.builtin.CallTestCaseKeyword$_callTestCase_closure1.call(CallTestCaseKeyword.groovy)
	at com.kms.katalon.core.keyword.internal.KeywordMain.runKeyword(KeywordMain.groovy:54)
	at com.kms.katalon.core.keyword.builtin.CallTestCaseKeyword.callTestCase(CallTestCaseKeyword.groovy:80)
	at com.kms.katalon.core.keyword.builtin.CallTestCaseKeyword.execute(CallTestCaseKeyword.groovy:44)
	at com.kms.katalon.core.keyword.internal.KeywordExecutor.executeKeywordForPlatform(KeywordExecutor.groovy:53)
	at com.kms.katalon.core.keyword.BuiltinKeywords.callTestCase(BuiltinKeywords.groovy:334)
	at Tooltip.run(Tooltip:16)
	at com.kms.katalon.core.main.ScriptEngine.run(ScriptEngine.java:194)
	at com.kms.katalon.core.main.ScriptEngine.runScriptAsRawText(ScriptEngine.java:119)
	at com.kms.katalon.core.main.TestCaseExecutor.runScript(TestCaseExecutor.java:328)
	at com.kms.katalon.core.main.TestCaseExecutor.doExecute(TestCaseExecutor.java:319)
	at com.kms.katalon.core.main.TestCaseExecutor.processExecutionPhase(TestCaseExecutor.java:298)
	at com.kms.katalon.core.main.TestCaseExecutor.accessMainPhase(TestCaseExecutor.java:290)
	at com.kms.katalon.core.main.TestCaseExecutor.execute(TestCaseExecutor.java:224)
	at com.kms.katalon.core.main.TestSuiteExecutor.accessTestCaseMainPhase(TestSuiteExecutor.java:129)
	at com.kms.katalon.core.main.TestSuiteExecutor.accessTestSuiteMainPhase(TestSuiteExecutor.java:112)
	at com.kms.katalon.core.main.TestSuiteExecutor.execute(TestSuiteExecutor.java:81)
	at com.kms.katalon.core.main.TestCaseMain.startTestSuite(TestCaseMain.java:149)
	at com.kms.katalon.core.main.TestCaseMain$startTestSuite$0.call(Unknown Source)
	at TempTestSuite1561749522497.run(TempTestSuite1561749522497.groovy:36)


2019-06-28 16:08:51 - [TEST_STEP][FAILED] - callTestCase(findTestCase("OCS - MOBILE/CALL - PDP"), [:], STOP_ON_FAILURE): callTestCase(findTestCase("OCS - MOBILE/CALL - PDP"), [:], STOP_ON_FAILURE) FAILED.
Reason:
com.kms.katalon.core.exception.StepFailedException: Unable to click on object 'Object Repository/OCS-MOBILE /Collection page/Product image - 1st one' (Root cause: com.kms.katalon.core.webui.exception.WebElementNotFoundException: Web element with id: 'Object Repository/OCS-MOBILE /Collection page/Product image - 1st one' located by 'By.xpath: //article[@id='product_1314092451660']//div[@class='product-tile__image']

' not found)
	at com.kms.katalon.core.keyword.internal.KeywordMain.stepFailed(KeywordMain.groovy:36)
	at com.kms.katalon.core.webui.keyword.internal.WebUIKeywordMain.stepFailed(WebUIKeywordMain.groovy:65)
	at com.kms.katalon.core.webui.keyword.internal.WebUIKeywordMain.runKeyword(WebUIKeywordMain.groovy:27)
	at com.kms.katalon.core.webui.keyword.builtin.ClickKeyword.click(ClickKeyword.groovy:86)
	at com.kms.katalon.core.webui.keyword.builtin.ClickKeyword.execute(ClickKeyword.groovy:67)
	at com.kms.katalon.core.keyword.internal.KeywordExecutor.executeKeywordForPlatform(KeywordExecutor.groovy:53)
	at com.kms.katalon.core.webui.keyword.WebUiBuiltInKeywords.click(WebUiBuiltInKeywords.groovy:616)
	at com.kms.katalon.core.webui.keyword.WebUiBuiltInKeywords$click$3.call(Unknown Source)
	at CALL - PDP.run(CALL - PDP:66)
	at com.kms.katalon.core.main.ScriptEngine.run(ScriptEngine.java:194)
	at com.kms.katalon.core.main.ScriptEngine.runScriptAsRawText(ScriptEngine.java:119)
	at com.kms.katalon.core.main.TestCaseExecutor.runScript(TestCaseExecutor.java:328)
	at com.kms.katalon.core.main.TestCaseExecutor.doExecute(TestCaseExecutor.java:319)
	at com.kms.katalon.core.main.TestCaseExecutor.processExecutionPhase(TestCaseExecutor.java:298)
	at com.kms.katalon.core.main.TestCaseExecutor.accessMainPhase(TestCaseExecutor.java:290)
	at com.kms.katalon.core.main.TestCaseExecutor.execute(TestCaseExecutor.java:224)
	at com.kms.katalon.core.main.TestCaseMain.runTestCase(TestCaseMain.java:106)
	at com.kms.katalon.core.keyword.builtin.CallTestCaseKeyword$_callTestCase_closure1.doCall(CallTestCaseKeyword.groovy:59)
	at com.kms.katalon.core.keyword.builtin.CallTestCaseKeyword$_callTestCase_closure1.call(CallTestCaseKeyword.groovy)
	at com.kms.katalon.core.keyword.internal.KeywordMain.runKeyword(KeywordMain.groovy:54)
	at com.kms.katalon.core.keyword.builtin.CallTestCaseKeyword.callTestCase(CallTestCaseKeyword.groovy:80)
	at com.kms.katalon.core.keyword.builtin.CallTestCaseKeyword.execute(CallTestCaseKeyword.groovy:44)
	at com.kms.katalon.core.keyword.internal.KeywordExecutor.executeKeywordForPlatform(KeywordExecutor.groovy:53)
	at com.kms.katalon.core.keyword.BuiltinKeywords.callTestCase(BuiltinKeywords.groovy:334)
	at Tooltip.run(Tooltip:16)
	at com.kms.katalon.core.main.ScriptEngine.run(ScriptEngine.java:194)
	at com.kms.katalon.core.main.ScriptEngine.runScriptAsRawText(ScriptEngine.java:119)
	at com.kms.katalon.core.main.TestCaseExecutor.runScript(TestCaseExecutor.java:328)
	at com.kms.katalon.core.main.TestCaseExecutor.doExecute(TestCaseExecutor.java:319)
	at com.kms.katalon.core.main.TestCaseExecutor.processExecutionPhase(TestCaseExecutor.java:298)
	at com.kms.katalon.core.main.TestCaseExecutor.accessMainPhase(TestCaseExecutor.java:290)
	at com.kms.katalon.core.main.TestCaseExecutor.execute(TestCaseExecutor.java:224)
	at com.kms.katalon.core.main.TestSuiteExecutor.accessTestCaseMainPhase(TestSuiteExecutor.java:129)
	at com.kms.katalon.core.main.TestSuiteExecutor.accessTestSuiteMainPhase(TestSuiteExecutor.java:112)
	at com.kms.katalon.core.main.TestSuiteExecutor.execute(TestSuiteExecutor.java:81)
	at com.kms.katalon.core.main.TestCaseMain.startTestSuite(TestCaseMain.java:149)
	at com.kms.katalon.core.main.TestCaseMain$startTestSuite$0.call(Unknown Source)
	at TempTestSuite1561749522497.run(TempTestSuite1561749522497.groovy:36)


2019-06-28 16:08:51 - [TEST_CASE][FAILED] - Test Cases/OCS - MOBILE/CALL - PDP: Test Cases/OCS - MOBILE/CALL - PDP FAILED.
Reason:
com.kms.katalon.core.exception.StepFailedException: Unable to click on object 'Object Repository/OCS-MOBILE /Collection page/Product image - 1st one' (Root cause: com.kms.katalon.core.webui.exception.WebElementNotFoundException: Web element with id: 'Object Repository/OCS-MOBILE /Collection page/Product image - 1st one' located by 'By.xpath: //article[@id='product_1314092451660']//div[@class='product-tile__image']

' not found)
	at com.kms.katalon.core.keyword.internal.KeywordMain.stepFailed(KeywordMain.groovy:36)
	at com.kms.katalon.core.webui.keyword.internal.WebUIKeywordMain.stepFailed(WebUIKeywordMain.groovy:65)
	at com.kms.katalon.core.webui.keyword.internal.WebUIKeywordMain.runKeyword(WebUIKeywordMain.groovy:27)
	at com.kms.katalon.core.webui.keyword.builtin.ClickKeyword.click(ClickKeyword.groovy:86)
	at com.kms.katalon.core.webui.keyword.builtin.ClickKeyword.execute(ClickKeyword.groovy:67)
	at com.kms.katalon.core.keyword.internal.KeywordExecutor.executeKeywordForPlatform(KeywordExecutor.groovy:53)
	at com.kms.katalon.core.webui.keyword.WebUiBuiltInKeywords.click(WebUiBuiltInKeywords.groovy:616)
	at com.kms.katalon.core.webui.keyword.WebUiBuiltInKeywords$click$3.call(Unknown Source)
	at CALL - PDP.run(CALL - PDP:66)
	at com.kms.katalon.core.main.ScriptEngine.run(ScriptEngine.java:194)
	at com.kms.katalon.core.main.ScriptEngine.runScriptAsRawText(ScriptEngine.java:119)
	at com.kms.katalon.core.main.TestCaseExecutor.runScript(TestCaseExecutor.java:328)
	at com.kms.katalon.core.main.TestCaseExecutor.doExecute(TestCaseExecutor.java:319)
	at com.kms.katalon.core.main.TestCaseExecutor.processExecutionPhase(TestCaseExecutor.java:298)
	at com.kms.katalon.core.main.TestCaseExecutor.accessMainPhase(TestCaseExecutor.java:290)
	at com.kms.katalon.core.main.TestCaseExecutor.execute(TestCaseExecutor.java:224)
	at com.kms.katalon.core.main.TestCaseMain.runTestCase(TestCaseMain.java:106)
	at com.kms.katalon.core.keyword.builtin.CallTestCaseKeyword$_callTestCase_closure1.doCall(CallTestCaseKeyword.groovy:59)
	at com.kms.katalon.core.keyword.builtin.CallTestCaseKeyword$_callTestCase_closure1.call(CallTestCaseKeyword.groovy)
	at com.kms.katalon.core.keyword.internal.KeywordMain.runKeyword(KeywordMain.groovy:54)
	at com.kms.katalon.core.keyword.builtin.CallTestCaseKeyword.callTestCase(CallTestCaseKeyword.groovy:80)
	at com.kms.katalon.core.keyword.builtin.CallTestCaseKeyword.execute(CallTestCaseKeyword.groovy:44)
	at com.kms.katalon.core.keyword.internal.KeywordExecutor.executeKeywordForPlatform(KeywordExecutor.groovy:53)
	at com.kms.katalon.core.keyword.BuiltinKeywords.callTestCase(BuiltinKeywords.groovy:334)
	at Tooltip.run(Tooltip:16)
	at com.kms.katalon.core.main.ScriptEngine.run(ScriptEngine.java:194)
	at com.kms.katalon.core.main.ScriptEngine.runScriptAsRawText(ScriptEngine.java:119)
	at com.kms.katalon.core.main.TestCaseExecutor.runScript(TestCaseExecutor.java:328)
	at com.kms.katalon.core.main.TestCaseExecutor.doExecute(TestCaseExecutor.java:319)
	at com.kms.katalon.core.main.TestCaseExecutor.processExecutionPhase(TestCaseExecutor.java:298)
	at com.kms.katalon.core.main.TestCaseExecutor.accessMainPhase(TestCaseExecutor.java:290)
	at com.kms.katalon.core.main.TestCaseExecutor.execute(TestCaseExecutor.java:224)
	at com.kms.katalon.core.main.TestSuiteExecutor.accessTestCaseMainPhase(TestSuiteExecutor.java:129)
	at com.kms.katalon.core.main.TestSuiteExecutor.accessTestSuiteMainPhase(TestSuiteExecutor.java:112)
	at com.kms.katalon.core.main.TestSuiteExecutor.execute(TestSuiteExecutor.java:81)
	at com.kms.katalon.core.main.TestCaseMain.startTestSuite(TestCaseMain.java:149)
	at com.kms.katalon.core.main.TestCaseMain$startTestSuite$0.call(Unknown Source)
	at TempTestSuite1561749522497.run(TempTestSuite1561749522497.groovy:36)


2019-06-28 16:08:51 - [TEST_STEP][PASSED] - openBrowser(""): Browser is opened with url: ''

2019-06-28 16:08:51 - [MESSAGE][WARNING] - A browser is already opened. Closing browser and opening a new one

2019-06-28 16:08:51 - [MESSAGE][INFO] - Starting 'Chrome' driver

2019-06-28 16:08:53 - [MESSAGE][PASSED] - Browser is opened with url: ''

2019-06-28 16:08:53 - [TEST_STEP][PASSED] - navigateToUrl("ocs.ca"): Navigate to 'http://ocs.ca' successfully

2019-06-28 16:08:57 - [MESSAGE][PASSED] - Navigate to 'http://ocs.ca' successfully

2019-06-28 16:08:57 - [TEST_STEP][NOT_RUN] - executeJavaScript("var previewBar = document.getElementById("preview-bar-iframe"); previewBar.style.display = "none";", []): NOT_RUN: executeJavaScript("var previewBar = document.getElementById("preview-bar-iframe"); previewBar.style.display = "none";", [])

2019-06-28 16:08:57 - [MESSAGE][NOT_RUN] - NOT_RUN: executeJavaScript("var previewBar = document.getElementById("preview-bar-iframe"); previewBar.style.display = "none";", [])

2019-06-28 16:08:57 - [TEST_STEP][PASSED] - setViewPortSize(360, 800): Viewport is set to new size with width = 360 and height = 800

2019-06-28 16:08:57 - [MESSAGE][PASSED] - Viewport is set to new size with width = 360 and height = 800

2019-06-28 16:08:57 - [TEST_STEP][PASSED] - delay(4): Delayed 4 second(s)

2019-06-28 16:09:01 - [MESSAGE][PASSED] - Delayed 4 second(s)

2019-06-28 16:09:01 - [TEST_STEP][PASSED] - selectOptionByValue(findTestObject("OCS-MOBILE /Age gate and burger menu/Date"), "12", true): All options with value '12' are selected in object 'Object Repository/OCS-MOBILE /Age gate and burger menu/Date'  using regular expression

2019-06-28 16:09:01 - [MESSAGE][PASSED] - All options with value '12' are selected in object 'Object Repository/OCS-MOBILE /Age gate and burger menu/Date'  using regular expression

2019-06-28 16:09:01 - [TEST_STEP][PASSED] - selectOptionByValue(findTestObject("OCS-MOBILE /Age gate and burger menu/month"), "6", true): All options with value '6' are selected in object 'Object Repository/OCS-MOBILE /Age gate and burger menu/month'  using regular expression

2019-06-28 16:09:02 - [MESSAGE][PASSED] - All options with value '6' are selected in object 'Object Repository/OCS-MOBILE /Age gate and burger menu/month'  using regular expression

2019-06-28 16:09:02 - [TEST_STEP][PASSED] - delay(2): Delayed 2 second(s)

2019-06-28 16:09:04 - [MESSAGE][PASSED] - Delayed 2 second(s)

2019-06-28 16:09:04 - [TEST_STEP][PASSED] - selectOptionByValue(findTestObject("OCS-MOBILE /Age gate and burger menu/Year Dropdown"), "1990", true): All options with value '1990' are selected in object 'Object Repository/OCS-MOBILE /Age gate and burger menu/Year Dropdown'  using regular expression

2019-06-28 16:09:05 - [MESSAGE][PASSED] - All options with value '1990' are selected in object 'Object Repository/OCS-MOBILE /Age gate and burger menu/Year Dropdown'  using regular expression

2019-06-28 16:09:05 - [TEST_STEP][PASSED] - click(findTestObject("OCS-MOBILE /Age gate and Mega menu/button_Verify")): Object: 'Object Repository/OCS-MOBILE /Age gate and Mega menu/button_Verify' is clicked on

2019-06-28 16:09:05 - [MESSAGE][PASSED] - Object: 'Object Repository/OCS-MOBILE /Age gate and Mega menu/button_Verify' is clicked on

2019-06-28 16:09:05 - [TEST_STEP][PASSED] - click(findTestObject("OCS-MOBILE /Age gate and Mega menu/Checkbox_CONFIRM AND ACKNOWLEDGE")): Object: 'Object Repository/OCS-MOBILE /Age gate and Mega menu/Checkbox_CONFIRM AND ACKNOWLEDGE' is clicked on

2019-06-28 16:09:05 - [MESSAGE][PASSED] - Object: 'Object Repository/OCS-MOBILE /Age gate and Mega menu/Checkbox_CONFIRM AND ACKNOWLEDGE' is clicked on

2019-06-28 16:09:05 - [TEST_STEP][PASSED] - click(findTestObject("OCS-MOBILE /Age gate and Mega menu/button_CONFIRM")): Object: 'Object Repository/OCS-MOBILE /Age gate and Mega menu/button_CONFIRM' is clicked on

2019-06-28 16:09:05 - [MESSAGE][PASSED] - Object: 'Object Repository/OCS-MOBILE /Age gate and Mega menu/button_CONFIRM' is clicked on

2019-06-28 16:09:05 - [TEST_STEP][PASSED] - click(findTestObject("OCS-MOBILE /Age gate and Mega menu/button_Start Browsing")): Object: 'Object Repository/OCS-MOBILE /Age gate and Mega menu/button_Start Browsing' is clicked on

2019-06-28 16:09:05 - [MESSAGE][PASSED] - Object: 'Object Repository/OCS-MOBILE /Age gate and Mega menu/button_Start Browsing' is clicked on

2019-06-28 16:09:05 - [TEST_STEP][PASSED] - refresh(): Refresh successfully

2019-06-28 16:09:07 - [MESSAGE][PASSED] - Refresh successfully

2019-06-28 16:09:07 - [TEST_STEP][PASSED] - delay(2): Delayed 2 second(s)

2019-06-28 16:09:09 - [MESSAGE][PASSED] - Delayed 2 second(s)

2019-06-28 16:09:09 - [TEST_STEP][PASSED] - click(findTestObject("OCS-MOBILE /Age gate and burger menu/Burger menu - English")): Object: 'Object Repository/OCS-MOBILE /Age gate and burger menu/Burger menu - English' is clicked on

2019-06-28 16:09:10 - [MESSAGE][PASSED] - Object: 'Object Repository/OCS-MOBILE /Age gate and burger menu/Burger menu - English' is clicked on

2019-06-28 16:09:10 - [TEST_STEP][PASSED] - delay(2): Delayed 2 second(s)

2019-06-28 16:09:12 - [MESSAGE][PASSED] - Delayed 2 second(s)

2019-06-28 16:09:12 - [TEST_STEP][PASSED] - click(findTestObject("OCS-MOBILE /Age gate and burger menu/Chevron_Cannabis")): Object: 'Object Repository/OCS-MOBILE /Age gate and burger menu/Chevron_Cannabis' is clicked on

2019-06-28 16:09:12 - [MESSAGE][PASSED] - Object: 'Object Repository/OCS-MOBILE /Age gate and burger menu/Chevron_Cannabis' is clicked on

2019-06-28 16:09:12 - [TEST_STEP][PASSED] - delay(2): Delayed 2 second(s)

2019-06-28 16:09:14 - [MESSAGE][PASSED] - Delayed 2 second(s)

2019-06-28 16:09:14 - [TEST_STEP][PASSED] - click(findTestObject("OCS-MOBILE /Age gate and burger menu/Dried Flower_Plus icon")): Object: 'Object Repository/OCS-MOBILE /Age gate and burger menu/Dried Flower_Plus icon' is clicked on

2019-06-28 16:09:14 - [MESSAGE][PASSED] - Object: 'Object Repository/OCS-MOBILE /Age gate and burger menu/Dried Flower_Plus icon' is clicked on

2019-06-28 16:09:14 - [TEST_STEP][PASSED] - delay(2): Delayed 2 second(s)

2019-06-28 16:09:16 - [MESSAGE][PASSED] - Delayed 2 second(s)

2019-06-28 16:09:16 - [TEST_STEP][PASSED] - click(findTestObject("OCS-MOBILE /Age gate and burger menu/Indica Dominant_Menu item")): Object: 'Object Repository/OCS-MOBILE /Age gate and burger menu/Indica Dominant_Menu item' is clicked on

2019-06-28 16:10:24 - [MESSAGE][PASSED] - Object: 'Object Repository/OCS-MOBILE /Age gate and burger menu/Indica Dominant_Menu item' is clicked on

2019-06-28 16:10:24 - [TEST_STEP][NOT_RUN] - executeJavaScript("var previewBar = document.getElementById("preview-bar-iframe"); previewBar.style.display = "none";", []): NOT_RUN: executeJavaScript("var previewBar = document.getElementById("preview-bar-iframe"); previewBar.style.display = "none";", [])

2019-06-28 16:10:24 - [MESSAGE][NOT_RUN] - NOT_RUN: executeJavaScript("var previewBar = document.getElementById("preview-bar-iframe"); previewBar.style.display = "none";", [])

2019-06-28 16:10:24 - [TEST_STEP][PASSED] - delay(2): Delayed 2 second(s)

2019-06-28 16:10:26 - [MESSAGE][PASSED] - Delayed 2 second(s)

2019-06-28 16:10:26 - [TEST_STEP][FAILED] - click(findTestObject("OCS-MOBILE /Collection page/Product image - 1st one")): click(findTestObject("OCS-MOBILE /Collection page/Product image - 1st one")) FAILED.
Reason:
com.kms.katalon.core.exception.StepFailedException: Unable to click on object 'Object Repository/OCS-MOBILE /Collection page/Product image - 1st one' (Root cause: com.kms.katalon.core.webui.exception.WebElementNotFoundException: Web element with id: 'Object Repository/OCS-MOBILE /Collection page/Product image - 1st one' located by 'By.xpath: //article[@id='product_1314092451660']//div[@class='product-tile__image']

' not found)
	at com.kms.katalon.core.keyword.internal.KeywordMain.stepFailed(KeywordMain.groovy:36)
	at com.kms.katalon.core.webui.keyword.internal.WebUIKeywordMain.stepFailed(WebUIKeywordMain.groovy:65)
	at com.kms.katalon.core.webui.keyword.internal.WebUIKeywordMain.runKeyword(WebUIKeywordMain.groovy:27)
	at com.kms.katalon.core.webui.keyword.builtin.ClickKeyword.click(ClickKeyword.groovy:86)
	at com.kms.katalon.core.webui.keyword.builtin.ClickKeyword.execute(ClickKeyword.groovy:67)
	at com.kms.katalon.core.keyword.internal.KeywordExecutor.executeKeywordForPlatform(KeywordExecutor.groovy:53)
	at com.kms.katalon.core.webui.keyword.WebUiBuiltInKeywords.click(WebUiBuiltInKeywords.groovy:616)
	at com.kms.katalon.core.webui.keyword.WebUiBuiltInKeywords$click$3.call(Unknown Source)
	at CALL - PDP.run(CALL - PDP:66)
	at com.kms.katalon.core.main.ScriptEngine.run(ScriptEngine.java:194)
	at com.kms.katalon.core.main.ScriptEngine.runScriptAsRawText(ScriptEngine.java:119)
	at com.kms.katalon.core.main.TestCaseExecutor.runScript(TestCaseExecutor.java:328)
	at com.kms.katalon.core.main.TestCaseExecutor.doExecute(TestCaseExecutor.java:319)
	at com.kms.katalon.core.main.TestCaseExecutor.processExecutionPhase(TestCaseExecutor.java:298)
	at com.kms.katalon.core.main.TestCaseExecutor.accessMainPhase(TestCaseExecutor.java:290)
	at com.kms.katalon.core.main.TestCaseExecutor.execute(TestCaseExecutor.java:224)
	at com.kms.katalon.core.main.TestCaseMain.runTestCase(TestCaseMain.java:106)
	at com.kms.katalon.core.keyword.builtin.CallTestCaseKeyword$_callTestCase_closure1.doCall(CallTestCaseKeyword.groovy:59)
	at com.kms.katalon.core.keyword.builtin.CallTestCaseKeyword$_callTestCase_closure1.call(CallTestCaseKeyword.groovy)
	at com.kms.katalon.core.keyword.internal.KeywordMain.runKeyword(KeywordMain.groovy:54)
	at com.kms.katalon.core.keyword.builtin.CallTestCaseKeyword.callTestCase(CallTestCaseKeyword.groovy:80)
	at com.kms.katalon.core.keyword.builtin.CallTestCaseKeyword.execute(CallTestCaseKeyword.groovy:44)
	at com.kms.katalon.core.keyword.internal.KeywordExecutor.executeKeywordForPlatform(KeywordExecutor.groovy:53)
	at com.kms.katalon.core.keyword.BuiltinKeywords.callTestCase(BuiltinKeywords.groovy:334)
	at Tooltip.run(Tooltip:16)
	at com.kms.katalon.core.main.ScriptEngine.run(ScriptEngine.java:194)
	at com.kms.katalon.core.main.ScriptEngine.runScriptAsRawText(ScriptEngine.java:119)
	at com.kms.katalon.core.main.TestCaseExecutor.runScript(TestCaseExecutor.java:328)
	at com.kms.katalon.core.main.TestCaseExecutor.doExecute(TestCaseExecutor.java:319)
	at com.kms.katalon.core.main.TestCaseExecutor.processExecutionPhase(TestCaseExecutor.java:298)
	at com.kms.katalon.core.main.TestCaseExecutor.accessMainPhase(TestCaseExecutor.java:290)
	at com.kms.katalon.core.main.TestCaseExecutor.execute(TestCaseExecutor.java:224)
	at com.kms.katalon.core.main.TestSuiteExecutor.accessTestCaseMainPhase(TestSuiteExecutor.java:129)
	at com.kms.katalon.core.main.TestSuiteExecutor.accessTestSuiteMainPhase(TestSuiteExecutor.java:112)
	at com.kms.katalon.core.main.TestSuiteExecutor.execute(TestSuiteExecutor.java:81)
	at com.kms.katalon.core.main.TestCaseMain.startTestSuite(TestCaseMain.java:149)
	at com.kms.katalon.core.main.TestCaseMain$startTestSuite$0.call(Unknown Source)
	at TempTestSuite1561749522497.run(TempTestSuite1561749522497.groovy:36)


2019-06-28 16:11:45 - [MESSAGE][INFO] - Unable to find the element located by 'By.xpath: //article[@id='product_1314092451660']//div[@class='product-tile__image']

'. Please recheck the objects properties to make sure the desired element is located. 

2019-06-28 16:11:46 - [MESSAGE][FAILED] - Unable to click on object 'Object Repository/OCS-MOBILE /Collection page/Product image - 1st one' (Root cause: com.kms.katalon.core.webui.exception.WebElementNotFoundException: Web element with id: 'Object Repository/OCS-MOBILE /Collection page/Product image - 1st one' located by 'By.xpath: //article[@id='product_1314092451660']//div[@class='product-tile__image']

' not found)
[[ATTACHMENT|/Users/sumankompelly/Relative xpath-Mobile/Reports/Live site/20190628_151842/1561752705850.png]]

2019-06-28 16:11:46 - [MESSAGE][FAILED] - click(findTestObject("OCS-MOBILE /Collection page/Product image - 1st one")) FAILED.
Reason:
com.kms.katalon.core.exception.StepFailedException: Unable to click on object 'Object Repository/OCS-MOBILE /Collection page/Product image - 1st one' (Root cause: com.kms.katalon.core.webui.exception.WebElementNotFoundException: Web element with id: 'Object Repository/OCS-MOBILE /Collection page/Product image - 1st one' located by 'By.xpath: //article[@id='product_1314092451660']//div[@class='product-tile__image']

' not found)
	at com.kms.katalon.core.keyword.internal.KeywordMain.stepFailed(KeywordMain.groovy:36)
	at com.kms.katalon.core.webui.keyword.internal.WebUIKeywordMain.stepFailed(WebUIKeywordMain.groovy:65)
	at com.kms.katalon.core.webui.keyword.internal.WebUIKeywordMain.runKeyword(WebUIKeywordMain.groovy:27)
	at com.kms.katalon.core.webui.keyword.builtin.ClickKeyword.click(ClickKeyword.groovy:86)
	at com.kms.katalon.core.webui.keyword.builtin.ClickKeyword.execute(ClickKeyword.groovy:67)
	at com.kms.katalon.core.keyword.internal.KeywordExecutor.executeKeywordForPlatform(KeywordExecutor.groovy:53)
	at com.kms.katalon.core.webui.keyword.WebUiBuiltInKeywords.click(WebUiBuiltInKeywords.groovy:616)
	at com.kms.katalon.core.webui.keyword.WebUiBuiltInKeywords$click$3.call(Unknown Source)
	at CALL - PDP.run(CALL - PDP:66)
	at com.kms.katalon.core.main.ScriptEngine.run(ScriptEngine.java:194)
	at com.kms.katalon.core.main.ScriptEngine.runScriptAsRawText(ScriptEngine.java:119)
	at com.kms.katalon.core.main.TestCaseExecutor.runScript(TestCaseExecutor.java:328)
	at com.kms.katalon.core.main.TestCaseExecutor.doExecute(TestCaseExecutor.java:319)
	at com.kms.katalon.core.main.TestCaseExecutor.processExecutionPhase(TestCaseExecutor.java:298)
	at com.kms.katalon.core.main.TestCaseExecutor.accessMainPhase(TestCaseExecutor.java:290)
	at com.kms.katalon.core.main.TestCaseExecutor.execute(TestCaseExecutor.java:224)
	at com.kms.katalon.core.main.TestCaseMain.runTestCase(TestCaseMain.java:106)
	at com.kms.katalon.core.keyword.builtin.CallTestCaseKeyword$_callTestCase_closure1.doCall(CallTestCaseKeyword.groovy:59)
	at com.kms.katalon.core.keyword.builtin.CallTestCaseKeyword$_callTestCase_closure1.call(CallTestCaseKeyword.groovy)
	at com.kms.katalon.core.keyword.internal.KeywordMain.runKeyword(KeywordMain.groovy:54)
	at com.kms.katalon.core.keyword.builtin.CallTestCaseKeyword.callTestCase(CallTestCaseKeyword.groovy:80)
	at com.kms.katalon.core.keyword.builtin.CallTestCaseKeyword.execute(CallTestCaseKeyword.groovy:44)
	at com.kms.katalon.core.keyword.internal.KeywordExecutor.executeKeywordForPlatform(KeywordExecutor.groovy:53)
	at com.kms.katalon.core.keyword.BuiltinKeywords.callTestCase(BuiltinKeywords.groovy:334)
	at Tooltip.run(Tooltip:16)
	at com.kms.katalon.core.main.ScriptEngine.run(ScriptEngine.java:194)
	at com.kms.katalon.core.main.ScriptEngine.runScriptAsRawText(ScriptEngine.java:119)
	at com.kms.katalon.core.main.TestCaseExecutor.runScript(TestCaseExecutor.java:328)
	at com.kms.katalon.core.main.TestCaseExecutor.doExecute(TestCaseExecutor.java:319)
	at com.kms.katalon.core.main.TestCaseExecutor.processExecutionPhase(TestCaseExecutor.java:298)
	at com.kms.katalon.core.main.TestCaseExecutor.accessMainPhase(TestCaseExecutor.java:290)
	at com.kms.katalon.core.main.TestCaseExecutor.execute(TestCaseExecutor.java:224)
	at com.kms.katalon.core.main.TestSuiteExecutor.accessTestCaseMainPhase(TestSuiteExecutor.java:129)
	at com.kms.katalon.core.main.TestSuiteExecutor.accessTestSuiteMainPhase(TestSuiteExecutor.java:112)
	at com.kms.katalon.core.main.TestSuiteExecutor.execute(TestSuiteExecutor.java:81)
	at com.kms.katalon.core.main.TestCaseMain.startTestSuite(TestCaseMain.java:149)
	at com.kms.katalon.core.main.TestCaseMain$startTestSuite$0.call(Unknown Source)
	at TempTestSuite1561749522497.run(TempTestSuite1561749522497.groovy:36)


2019-06-28 16:11:46 - [MESSAGE][FAILED] - Unable to call Test Case 'Test Cases/OCS - MOBILE/CALL - PDP' (Root cause: com.kms.katalon.core.exception.StepFailedException: Call Test Case 'Test Cases/OCS - MOBILE/CALL - PDP' failed)

2019-06-28 16:11:46 - [MESSAGE][FAILED] - callTestCase(findTestCase("OCS - MOBILE/CALL - PDP"), [:], STOP_ON_FAILURE) FAILED.
Reason:
com.kms.katalon.core.exception.StepFailedException: Unable to click on object 'Object Repository/OCS-MOBILE /Collection page/Product image - 1st one' (Root cause: com.kms.katalon.core.webui.exception.WebElementNotFoundException: Web element with id: 'Object Repository/OCS-MOBILE /Collection page/Product image - 1st one' located by 'By.xpath: //article[@id='product_1314092451660']//div[@class='product-tile__image']

' not found)
	at com.kms.katalon.core.keyword.internal.KeywordMain.stepFailed(KeywordMain.groovy:36)
	at com.kms.katalon.core.webui.keyword.internal.WebUIKeywordMain.stepFailed(WebUIKeywordMain.groovy:65)
	at com.kms.katalon.core.webui.keyword.internal.WebUIKeywordMain.runKeyword(WebUIKeywordMain.groovy:27)
	at com.kms.katalon.core.webui.keyword.builtin.ClickKeyword.click(ClickKeyword.groovy:86)
	at com.kms.katalon.core.webui.keyword.builtin.ClickKeyword.execute(ClickKeyword.groovy:67)
	at com.kms.katalon.core.keyword.internal.KeywordExecutor.executeKeywordForPlatform(KeywordExecutor.groovy:53)
	at com.kms.katalon.core.webui.keyword.WebUiBuiltInKeywords.click(WebUiBuiltInKeywords.groovy:616)
	at com.kms.katalon.core.webui.keyword.WebUiBuiltInKeywords$click$3.call(Unknown Source)
	at CALL - PDP.run(CALL - PDP:66)
	at com.kms.katalon.core.main.ScriptEngine.run(ScriptEngine.java:194)
	at com.kms.katalon.core.main.ScriptEngine.runScriptAsRawText(ScriptEngine.java:119)
	at com.kms.katalon.core.main.TestCaseExecutor.runScript(TestCaseExecutor.java:328)
	at com.kms.katalon.core.main.TestCaseExecutor.doExecute(TestCaseExecutor.java:319)
	at com.kms.katalon.core.main.TestCaseExecutor.processExecutionPhase(TestCaseExecutor.java:298)
	at com.kms.katalon.core.main.TestCaseExecutor.accessMainPhase(TestCaseExecutor.java:290)
	at com.kms.katalon.core.main.TestCaseExecutor.execute(TestCaseExecutor.java:224)
	at com.kms.katalon.core.main.TestCaseMain.runTestCase(TestCaseMain.java:106)
	at com.kms.katalon.core.keyword.builtin.CallTestCaseKeyword$_callTestCase_closure1.doCall(CallTestCaseKeyword.groovy:59)
	at com.kms.katalon.core.keyword.builtin.CallTestCaseKeyword$_callTestCase_closure1.call(CallTestCaseKeyword.groovy)
	at com.kms.katalon.core.keyword.internal.KeywordMain.runKeyword(KeywordMain.groovy:54)
	at com.kms.katalon.core.keyword.builtin.CallTestCaseKeyword.callTestCase(CallTestCaseKeyword.groovy:80)
	at com.kms.katalon.core.keyword.builtin.CallTestCaseKeyword.execute(CallTestCaseKeyword.groovy:44)
	at com.kms.katalon.core.keyword.internal.KeywordExecutor.executeKeywordForPlatform(KeywordExecutor.groovy:53)
	at com.kms.katalon.core.keyword.BuiltinKeywords.callTestCase(BuiltinKeywords.groovy:334)
	at Tooltip.run(Tooltip:16)
	at com.kms.katalon.core.main.ScriptEngine.run(ScriptEngine.java:194)
	at com.kms.katalon.core.main.ScriptEngine.runScriptAsRawText(ScriptEngine.java:119)
	at com.kms.katalon.core.main.TestCaseExecutor.runScript(TestCaseExecutor.java:328)
	at com.kms.katalon.core.main.TestCaseExecutor.doExecute(TestCaseExecutor.java:319)
	at com.kms.katalon.core.main.TestCaseExecutor.processExecutionPhase(TestCaseExecutor.java:298)
	at com.kms.katalon.core.main.TestCaseExecutor.accessMainPhase(TestCaseExecutor.java:290)
	at com.kms.katalon.core.main.TestCaseExecutor.execute(TestCaseExecutor.java:224)
	at com.kms.katalon.core.main.TestSuiteExecutor.accessTestCaseMainPhase(TestSuiteExecutor.java:129)
	at com.kms.katalon.core.main.TestSuiteExecutor.accessTestSuiteMainPhase(TestSuiteExecutor.java:112)
	at com.kms.katalon.core.main.TestSuiteExecutor.execute(TestSuiteExecutor.java:81)
	at com.kms.katalon.core.main.TestCaseMain.startTestSuite(TestCaseMain.java:149)
	at com.kms.katalon.core.main.TestCaseMain$startTestSuite$0.call(Unknown Source)
	at TempTestSuite1561749522497.run(TempTestSuite1561749522497.groovy:36)]]></system-out>
         <system-err><![CDATA[2019-06-28 16:08:51 - [TEST_CASE][FAILED] - Test Cases/OCS - MOBILE/OCS- PRODUCT PAGE/Tooltip: Test Cases/OCS - MOBILE/OCS- PRODUCT PAGE/Tooltip FAILED.
Reason:
com.kms.katalon.core.exception.StepFailedException: Unable to click on object 'Object Repository/OCS-MOBILE /Collection page/Product image - 1st one' (Root cause: com.kms.katalon.core.webui.exception.WebElementNotFoundException: Web element with id: 'Object Repository/OCS-MOBILE /Collection page/Product image - 1st one' located by 'By.xpath: //article[@id='product_1314092451660']//div[@class='product-tile__image']

' not found)
	at com.kms.katalon.core.keyword.internal.KeywordMain.stepFailed(KeywordMain.groovy:36)
	at com.kms.katalon.core.webui.keyword.internal.WebUIKeywordMain.stepFailed(WebUIKeywordMain.groovy:65)
	at com.kms.katalon.core.webui.keyword.internal.WebUIKeywordMain.runKeyword(WebUIKeywordMain.groovy:27)
	at com.kms.katalon.core.webui.keyword.builtin.ClickKeyword.click(ClickKeyword.groovy:86)
	at com.kms.katalon.core.webui.keyword.builtin.ClickKeyword.execute(ClickKeyword.groovy:67)
	at com.kms.katalon.core.keyword.internal.KeywordExecutor.executeKeywordForPlatform(KeywordExecutor.groovy:53)
	at com.kms.katalon.core.webui.keyword.WebUiBuiltInKeywords.click(WebUiBuiltInKeywords.groovy:616)
	at com.kms.katalon.core.webui.keyword.WebUiBuiltInKeywords$click$3.call(Unknown Source)
	at CALL - PDP.run(CALL - PDP:66)
	at com.kms.katalon.core.main.ScriptEngine.run(ScriptEngine.java:194)
	at com.kms.katalon.core.main.ScriptEngine.runScriptAsRawText(ScriptEngine.java:119)
	at com.kms.katalon.core.main.TestCaseExecutor.runScript(TestCaseExecutor.java:328)
	at com.kms.katalon.core.main.TestCaseExecutor.doExecute(TestCaseExecutor.java:319)
	at com.kms.katalon.core.main.TestCaseExecutor.processExecutionPhase(TestCaseExecutor.java:298)
	at com.kms.katalon.core.main.TestCaseExecutor.accessMainPhase(TestCaseExecutor.java:290)
	at com.kms.katalon.core.main.TestCaseExecutor.execute(TestCaseExecutor.java:224)
	at com.kms.katalon.core.main.TestCaseMain.runTestCase(TestCaseMain.java:106)
	at com.kms.katalon.core.keyword.builtin.CallTestCaseKeyword$_callTestCase_closure1.doCall(CallTestCaseKeyword.groovy:59)
	at com.kms.katalon.core.keyword.builtin.CallTestCaseKeyword$_callTestCase_closure1.call(CallTestCaseKeyword.groovy)
	at com.kms.katalon.core.keyword.internal.KeywordMain.runKeyword(KeywordMain.groovy:54)
	at com.kms.katalon.core.keyword.builtin.CallTestCaseKeyword.callTestCase(CallTestCaseKeyword.groovy:80)
	at com.kms.katalon.core.keyword.builtin.CallTestCaseKeyword.execute(CallTestCaseKeyword.groovy:44)
	at com.kms.katalon.core.keyword.internal.KeywordExecutor.executeKeywordForPlatform(KeywordExecutor.groovy:53)
	at com.kms.katalon.core.keyword.BuiltinKeywords.callTestCase(BuiltinKeywords.groovy:334)
	at Tooltip.run(Tooltip:16)
	at com.kms.katalon.core.main.ScriptEngine.run(ScriptEngine.java:194)
	at com.kms.katalon.core.main.ScriptEngine.runScriptAsRawText(ScriptEngine.java:119)
	at com.kms.katalon.core.main.TestCaseExecutor.runScript(TestCaseExecutor.java:328)
	at com.kms.katalon.core.main.TestCaseExecutor.doExecute(TestCaseExecutor.java:319)
	at com.kms.katalon.core.main.TestCaseExecutor.processExecutionPhase(TestCaseExecutor.java:298)
	at com.kms.katalon.core.main.TestCaseExecutor.accessMainPhase(TestCaseExecutor.java:290)
	at com.kms.katalon.core.main.TestCaseExecutor.execute(TestCaseExecutor.java:224)
	at com.kms.katalon.core.main.TestSuiteExecutor.accessTestCaseMainPhase(TestSuiteExecutor.java:129)
	at com.kms.katalon.core.main.TestSuiteExecutor.accessTestSuiteMainPhase(TestSuiteExecutor.java:112)
	at com.kms.katalon.core.main.TestSuiteExecutor.execute(TestSuiteExecutor.java:81)
	at com.kms.katalon.core.main.TestCaseMain.startTestSuite(TestCaseMain.java:149)
	at com.kms.katalon.core.main.TestCaseMain$startTestSuite$0.call(Unknown Source)
	at TempTestSuite1561749522497.run(TempTestSuite1561749522497.groovy:36)]]></system-err>
      </testcase>
      <testcase name="Test Cases/OCS - MOBILE/OCS- PRODUCT PAGE/Show all accessories" classname="Test Cases/OCS - MOBILE/OCS- PRODUCT PAGE/Show all accessories" status="PASSED">
         <system-out><![CDATA[2019-06-28 16:11:46 - [TEST_CASE][PASSED] - Test Cases/OCS - MOBILE/OCS- PRODUCT PAGE/Show all accessories: Test Cases/OCS - MOBILE/OCS- PRODUCT PAGE/Show all accessories

2019-06-28 16:11:46 - [TEST_STEP][PASSED] - callTestCase(findTestCase("OCS - MOBILE/CALL - PDP"), [:], STOP_ON_FAILURE): Call Test Case 'Test Cases/OCS - MOBILE/CALL - PDP' successfully

2019-06-28 16:11:46 - [TEST_CASE][PASSED] - Test Cases/OCS - MOBILE/CALL - PDP: Test Cases/OCS - MOBILE/CALL - PDP

2019-06-28 16:11:46 - [TEST_STEP][PASSED] - openBrowser(""): Browser is opened with url: ''

2019-06-28 16:11:46 - [MESSAGE][WARNING] - A browser is already opened. Closing browser and opening a new one

2019-06-28 16:11:46 - [MESSAGE][INFO] - Starting 'Chrome' driver

2019-06-28 16:11:47 - [MESSAGE][PASSED] - Browser is opened with url: ''

2019-06-28 16:11:47 - [TEST_STEP][PASSED] - navigateToUrl("ocs.ca"): Navigate to 'http://ocs.ca' successfully

2019-06-28 16:12:17 - [MESSAGE][PASSED] - Navigate to 'http://ocs.ca' successfully

2019-06-28 16:12:17 - [TEST_STEP][NOT_RUN] - executeJavaScript("var previewBar = document.getElementById("preview-bar-iframe"); previewBar.style.display = "none";", []): NOT_RUN: executeJavaScript("var previewBar = document.getElementById("preview-bar-iframe"); previewBar.style.display = "none";", [])

2019-06-28 16:12:17 - [MESSAGE][NOT_RUN] - NOT_RUN: executeJavaScript("var previewBar = document.getElementById("preview-bar-iframe"); previewBar.style.display = "none";", [])

2019-06-28 16:12:17 - [TEST_STEP][PASSED] - setViewPortSize(360, 800): Viewport is set to new size with width = 360 and height = 800

2019-06-28 16:12:17 - [MESSAGE][PASSED] - Viewport is set to new size with width = 360 and height = 800

2019-06-28 16:12:17 - [TEST_STEP][PASSED] - delay(4): Delayed 4 second(s)

2019-06-28 16:12:21 - [MESSAGE][PASSED] - Delayed 4 second(s)

2019-06-28 16:12:21 - [TEST_STEP][PASSED] - selectOptionByValue(findTestObject("OCS-MOBILE /Age gate and burger menu/Date"), "12", true): All options with value '12' are selected in object 'Object Repository/OCS-MOBILE /Age gate and burger menu/Date'  using regular expression

2019-06-28 16:12:34 - [MESSAGE][PASSED] - All options with value '12' are selected in object 'Object Repository/OCS-MOBILE /Age gate and burger menu/Date'  using regular expression

2019-06-28 16:12:34 - [TEST_STEP][PASSED] - selectOptionByValue(findTestObject("OCS-MOBILE /Age gate and burger menu/month"), "6", true): All options with value '6' are selected in object 'Object Repository/OCS-MOBILE /Age gate and burger menu/month'  using regular expression

2019-06-28 16:12:34 - [MESSAGE][PASSED] - All options with value '6' are selected in object 'Object Repository/OCS-MOBILE /Age gate and burger menu/month'  using regular expression

2019-06-28 16:12:34 - [TEST_STEP][PASSED] - delay(2): Delayed 2 second(s)

2019-06-28 16:12:36 - [MESSAGE][PASSED] - Delayed 2 second(s)

2019-06-28 16:12:36 - [TEST_STEP][PASSED] - selectOptionByValue(findTestObject("OCS-MOBILE /Age gate and burger menu/Year Dropdown"), "1990", true): All options with value '1990' are selected in object 'Object Repository/OCS-MOBILE /Age gate and burger menu/Year Dropdown'  using regular expression

2019-06-28 16:12:37 - [MESSAGE][PASSED] - All options with value '1990' are selected in object 'Object Repository/OCS-MOBILE /Age gate and burger menu/Year Dropdown'  using regular expression

2019-06-28 16:12:37 - [TEST_STEP][PASSED] - click(findTestObject("OCS-MOBILE /Age gate and Mega menu/button_Verify")): Object: 'Object Repository/OCS-MOBILE /Age gate and Mega menu/button_Verify' is clicked on

2019-06-28 16:12:37 - [MESSAGE][PASSED] - Object: 'Object Repository/OCS-MOBILE /Age gate and Mega menu/button_Verify' is clicked on

2019-06-28 16:12:37 - [TEST_STEP][PASSED] - click(findTestObject("OCS-MOBILE /Age gate and Mega menu/Checkbox_CONFIRM AND ACKNOWLEDGE")): Object: 'Object Repository/OCS-MOBILE /Age gate and Mega menu/Checkbox_CONFIRM AND ACKNOWLEDGE' is clicked on

2019-06-28 16:12:37 - [MESSAGE][PASSED] - Object: 'Object Repository/OCS-MOBILE /Age gate and Mega menu/Checkbox_CONFIRM AND ACKNOWLEDGE' is clicked on

2019-06-28 16:12:37 - [TEST_STEP][PASSED] - click(findTestObject("OCS-MOBILE /Age gate and Mega menu/button_CONFIRM")): Object: 'Object Repository/OCS-MOBILE /Age gate and Mega menu/button_CONFIRM' is clicked on

2019-06-28 16:12:37 - [MESSAGE][PASSED] - Object: 'Object Repository/OCS-MOBILE /Age gate and Mega menu/button_CONFIRM' is clicked on

2019-06-28 16:12:37 - [TEST_STEP][PASSED] - click(findTestObject("OCS-MOBILE /Age gate and Mega menu/button_Start Browsing")): Object: 'Object Repository/OCS-MOBILE /Age gate and Mega menu/button_Start Browsing' is clicked on

2019-06-28 16:12:37 - [MESSAGE][PASSED] - Object: 'Object Repository/OCS-MOBILE /Age gate and Mega menu/button_Start Browsing' is clicked on

2019-06-28 16:12:37 - [TEST_STEP][PASSED] - refresh(): Refresh successfully

2019-06-28 16:12:39 - [MESSAGE][PASSED] - Refresh successfully

2019-06-28 16:12:39 - [TEST_STEP][PASSED] - delay(2): Delayed 2 second(s)

2019-06-28 16:12:41 - [MESSAGE][PASSED] - Delayed 2 second(s)

2019-06-28 16:12:41 - [TEST_STEP][PASSED] - click(findTestObject("OCS-MOBILE /Age gate and burger menu/Burger menu - English")): Object: 'Object Repository/OCS-MOBILE /Age gate and burger menu/Burger menu - English' is clicked on

2019-06-28 16:12:41 - [MESSAGE][PASSED] - Object: 'Object Repository/OCS-MOBILE /Age gate and burger menu/Burger menu - English' is clicked on

2019-06-28 16:12:41 - [TEST_STEP][PASSED] - delay(2): Delayed 2 second(s)

2019-06-28 16:12:43 - [MESSAGE][PASSED] - Delayed 2 second(s)

2019-06-28 16:12:43 - [TEST_STEP][PASSED] - click(findTestObject("OCS-MOBILE /Age gate and burger menu/Chevron_Cannabis")): Object: 'Object Repository/OCS-MOBILE /Age gate and burger menu/Chevron_Cannabis' is clicked on

2019-06-28 16:12:43 - [MESSAGE][PASSED] - Object: 'Object Repository/OCS-MOBILE /Age gate and burger menu/Chevron_Cannabis' is clicked on

2019-06-28 16:12:43 - [TEST_STEP][PASSED] - delay(2): Delayed 2 second(s)

2019-06-28 16:12:45 - [MESSAGE][PASSED] - Delayed 2 second(s)

2019-06-28 16:12:45 - [TEST_STEP][PASSED] - click(findTestObject("OCS-MOBILE /Age gate and burger menu/Dried Flower_Plus icon")): Object: 'Object Repository/OCS-MOBILE /Age gate and burger menu/Dried Flower_Plus icon' is clicked on

2019-06-28 16:12:45 - [MESSAGE][PASSED] - Object: 'Object Repository/OCS-MOBILE /Age gate and burger menu/Dried Flower_Plus icon' is clicked on

2019-06-28 16:12:45 - [TEST_STEP][PASSED] - delay(2): Delayed 2 second(s)

2019-06-28 16:12:47 - [MESSAGE][PASSED] - Delayed 2 second(s)

2019-06-28 16:12:47 - [TEST_STEP][PASSED] - click(findTestObject("OCS-MOBILE /Age gate and burger menu/Indica Dominant_Menu item")): Object: 'Object Repository/OCS-MOBILE /Age gate and burger menu/Indica Dominant_Menu item' is clicked on

2019-06-28 16:12:49 - [MESSAGE][PASSED] - Object: 'Object Repository/OCS-MOBILE /Age gate and burger menu/Indica Dominant_Menu item' is clicked on

2019-06-28 16:12:49 - [TEST_STEP][NOT_RUN] - executeJavaScript("var previewBar = document.getElementById("preview-bar-iframe"); previewBar.style.display = "none";", []): NOT_RUN: executeJavaScript("var previewBar = document.getElementById("preview-bar-iframe"); previewBar.style.display = "none";", [])

2019-06-28 16:12:49 - [MESSAGE][NOT_RUN] - NOT_RUN: executeJavaScript("var previewBar = document.getElementById("preview-bar-iframe"); previewBar.style.display = "none";", [])

2019-06-28 16:12:49 - [TEST_STEP][PASSED] - delay(2): Delayed 2 second(s)

2019-06-28 16:12:51 - [MESSAGE][PASSED] - Delayed 2 second(s)

2019-06-28 16:12:51 - [TEST_STEP][PASSED] - click(findTestObject("OCS-MOBILE /Collection page/Product image - 1st one")): Object: 'Object Repository/OCS-MOBILE /Collection page/Product image - 1st one' is clicked on

2019-06-28 16:12:55 - [MESSAGE][PASSED] - Object: 'Object Repository/OCS-MOBILE /Collection page/Product image - 1st one' is clicked on

2019-06-28 16:12:55 - [TEST_STEP][PASSED] - delay(2): Delayed 2 second(s)

2019-06-28 16:12:57 - [MESSAGE][PASSED] - Delayed 2 second(s)

2019-06-28 16:12:57 - [TEST_STEP][NOT_RUN] - executeJavaScript("var previewBar = document.getElementById("preview-bar-iframe"); previewBar.style.display = "none";", []): NOT_RUN: executeJavaScript("var previewBar = document.getElementById("preview-bar-iframe"); previewBar.style.display = "none";", [])

2019-06-28 16:12:57 - [MESSAGE][NOT_RUN] - NOT_RUN: executeJavaScript("var previewBar = document.getElementById("preview-bar-iframe"); previewBar.style.display = "none";", [])

2019-06-28 16:12:57 - [MESSAGE][PASSED] - Call Test Case 'Test Cases/OCS - MOBILE/CALL - PDP' successfully

2019-06-28 16:12:57 - [TEST_STEP][PASSED] - scrollToElement(findTestObject("OCS-MOBILE /Product page/More items to consider section/Grinders - Tab"), 2): Scroll to object 'Object Repository/OCS-MOBILE /Product page/More items to consider section/Grinders - Tab' successfully

2019-06-28 16:12:57 - [MESSAGE][PASSED] - Scroll to object 'Object Repository/OCS-MOBILE /Product page/More items to consider section/Grinders - Tab' successfully

2019-06-28 16:12:57 - [TEST_STEP][PASSED] - delay(5): Delayed 5 second(s)

2019-06-28 16:13:02 - [MESSAGE][PASSED] - Delayed 5 second(s)

2019-06-28 16:13:02 - [TEST_STEP][PASSED] - click(findTestObject("OCS-MOBILE /Product page/More items to consider section/Show all accessories - Link")): Object: 'Object Repository/OCS-MOBILE /Product page/More items to consider section/Show all accessories - Link' is clicked on

2019-06-28 16:13:07 - [MESSAGE][PASSED] - Object: 'Object Repository/OCS-MOBILE /Product page/More items to consider section/Show all accessories - Link' is clicked on

2019-06-28 16:13:07 - [TEST_STEP][PASSED] - a = getWindowTitle(): Current window's title is: 'All Products | Ontario Cannabis Store'

2019-06-28 16:13:07 - [MESSAGE][PASSED] - Current window's title is: 'All Products | Ontario Cannabis Store'

2019-06-28 16:13:07 - [TEST_STEP][PASSED] - b = "All Products | Ontario Cannabis Store": null

2019-06-28 16:13:07 - [TEST_STEP][PASSED] - comment("WINDOW TITLE: " + a): WINDOW TITLE: All Products | Ontario Cannabis Store

2019-06-28 16:13:07 - [MESSAGE][INFO] - WINDOW TITLE: All Products | Ontario Cannabis Store

2019-06-28 16:13:07 - [TEST_STEP][PASSED] - verifyEqual(a, b): Actual object 'All Products | Ontario Cannabis Store' and expected object 'All Products | Ontario Cannabis Store' are equal

2019-06-28 16:13:07 - [MESSAGE][PASSED] - Actual object 'All Products | Ontario Cannabis Store' and expected object 'All Products | Ontario Cannabis Store' are equal]]></system-out>
         <system-err><![CDATA[]]></system-err>
      </testcase>
      <testcase name="Test Cases/OCS - MOBILE/OCS- PRODUCT PAGE/More items to consider" classname="Test Cases/OCS - MOBILE/OCS- PRODUCT PAGE/More items to consider" status="PASSED">
         <system-out><![CDATA[2019-06-28 16:13:07 - [TEST_CASE][PASSED] - Test Cases/OCS - MOBILE/OCS- PRODUCT PAGE/More items to consider: Test Cases/OCS - MOBILE/OCS- PRODUCT PAGE/More items to consider

2019-06-28 16:13:07 - [TEST_STEP][PASSED] - callTestCase(findTestCase("OCS - MOBILE/CALL - PDP"), [:], STOP_ON_FAILURE): Call Test Case 'Test Cases/OCS - MOBILE/CALL - PDP' successfully

2019-06-28 16:13:07 - [TEST_CASE][PASSED] - Test Cases/OCS - MOBILE/CALL - PDP: Test Cases/OCS - MOBILE/CALL - PDP

2019-06-28 16:13:07 - [TEST_STEP][PASSED] - openBrowser(""): Browser is opened with url: ''

2019-06-28 16:13:07 - [MESSAGE][WARNING] - A browser is already opened. Closing browser and opening a new one

2019-06-28 16:13:07 - [MESSAGE][INFO] - Starting 'Chrome' driver

2019-06-28 16:13:08 - [MESSAGE][PASSED] - Browser is opened with url: ''

2019-06-28 16:13:08 - [TEST_STEP][PASSED] - navigateToUrl("ocs.ca"): Navigate to 'http://ocs.ca' successfully

2019-06-28 16:13:12 - [MESSAGE][PASSED] - Navigate to 'http://ocs.ca' successfully

2019-06-28 16:13:12 - [TEST_STEP][NOT_RUN] - executeJavaScript("var previewBar = document.getElementById("preview-bar-iframe"); previewBar.style.display = "none";", []): NOT_RUN: executeJavaScript("var previewBar = document.getElementById("preview-bar-iframe"); previewBar.style.display = "none";", [])

2019-06-28 16:13:12 - [MESSAGE][NOT_RUN] - NOT_RUN: executeJavaScript("var previewBar = document.getElementById("preview-bar-iframe"); previewBar.style.display = "none";", [])

2019-06-28 16:13:12 - [TEST_STEP][PASSED] - setViewPortSize(360, 800): Viewport is set to new size with width = 360 and height = 800

2019-06-28 16:13:13 - [MESSAGE][PASSED] - Viewport is set to new size with width = 360 and height = 800

2019-06-28 16:13:13 - [TEST_STEP][PASSED] - delay(4): Delayed 4 second(s)

2019-06-28 16:13:17 - [MESSAGE][PASSED] - Delayed 4 second(s)

2019-06-28 16:13:17 - [TEST_STEP][PASSED] - selectOptionByValue(findTestObject("OCS-MOBILE /Age gate and burger menu/Date"), "12", true): All options with value '12' are selected in object 'Object Repository/OCS-MOBILE /Age gate and burger menu/Date'  using regular expression

2019-06-28 16:13:17 - [MESSAGE][PASSED] - All options with value '12' are selected in object 'Object Repository/OCS-MOBILE /Age gate and burger menu/Date'  using regular expression

2019-06-28 16:13:17 - [TEST_STEP][PASSED] - selectOptionByValue(findTestObject("OCS-MOBILE /Age gate and burger menu/month"), "6", true): All options with value '6' are selected in object 'Object Repository/OCS-MOBILE /Age gate and burger menu/month'  using regular expression

2019-06-28 16:13:17 - [MESSAGE][PASSED] - All options with value '6' are selected in object 'Object Repository/OCS-MOBILE /Age gate and burger menu/month'  using regular expression

2019-06-28 16:13:17 - [TEST_STEP][PASSED] - delay(2): Delayed 2 second(s)

2019-06-28 16:13:19 - [MESSAGE][PASSED] - Delayed 2 second(s)

2019-06-28 16:13:19 - [TEST_STEP][PASSED] - selectOptionByValue(findTestObject("OCS-MOBILE /Age gate and burger menu/Year Dropdown"), "1990", true): All options with value '1990' are selected in object 'Object Repository/OCS-MOBILE /Age gate and burger menu/Year Dropdown'  using regular expression

2019-06-28 16:13:20 - [MESSAGE][PASSED] - All options with value '1990' are selected in object 'Object Repository/OCS-MOBILE /Age gate and burger menu/Year Dropdown'  using regular expression

2019-06-28 16:13:20 - [TEST_STEP][PASSED] - click(findTestObject("OCS-MOBILE /Age gate and Mega menu/button_Verify")): Object: 'Object Repository/OCS-MOBILE /Age gate and Mega menu/button_Verify' is clicked on

2019-06-28 16:13:20 - [MESSAGE][PASSED] - Object: 'Object Repository/OCS-MOBILE /Age gate and Mega menu/button_Verify' is clicked on

2019-06-28 16:13:20 - [TEST_STEP][PASSED] - click(findTestObject("OCS-MOBILE /Age gate and Mega menu/Checkbox_CONFIRM AND ACKNOWLEDGE")): Object: 'Object Repository/OCS-MOBILE /Age gate and Mega menu/Checkbox_CONFIRM AND ACKNOWLEDGE' is clicked on

2019-06-28 16:13:20 - [MESSAGE][PASSED] - Object: 'Object Repository/OCS-MOBILE /Age gate and Mega menu/Checkbox_CONFIRM AND ACKNOWLEDGE' is clicked on

2019-06-28 16:13:20 - [TEST_STEP][PASSED] - click(findTestObject("OCS-MOBILE /Age gate and Mega menu/button_CONFIRM")): Object: 'Object Repository/OCS-MOBILE /Age gate and Mega menu/button_CONFIRM' is clicked on

2019-06-28 16:13:20 - [MESSAGE][PASSED] - Object: 'Object Repository/OCS-MOBILE /Age gate and Mega menu/button_CONFIRM' is clicked on

2019-06-28 16:13:20 - [TEST_STEP][PASSED] - click(findTestObject("OCS-MOBILE /Age gate and Mega menu/button_Start Browsing")): Object: 'Object Repository/OCS-MOBILE /Age gate and Mega menu/button_Start Browsing' is clicked on

2019-06-28 16:13:20 - [MESSAGE][PASSED] - Object: 'Object Repository/OCS-MOBILE /Age gate and Mega menu/button_Start Browsing' is clicked on

2019-06-28 16:13:20 - [TEST_STEP][PASSED] - refresh(): Refresh successfully

2019-06-28 16:13:20 - [MESSAGE][PASSED] - Refresh successfully

2019-06-28 16:13:20 - [TEST_STEP][PASSED] - delay(2): Delayed 2 second(s)

2019-06-28 16:13:22 - [MESSAGE][PASSED] - Delayed 2 second(s)

2019-06-28 16:13:22 - [TEST_STEP][PASSED] - click(findTestObject("OCS-MOBILE /Age gate and burger menu/Burger menu - English")): Object: 'Object Repository/OCS-MOBILE /Age gate and burger menu/Burger menu - English' is clicked on

2019-06-28 16:13:23 - [MESSAGE][PASSED] - Object: 'Object Repository/OCS-MOBILE /Age gate and burger menu/Burger menu - English' is clicked on

2019-06-28 16:13:23 - [TEST_STEP][PASSED] - delay(2): Delayed 2 second(s)

2019-06-28 16:13:25 - [MESSAGE][PASSED] - Delayed 2 second(s)

2019-06-28 16:13:25 - [TEST_STEP][PASSED] - click(findTestObject("OCS-MOBILE /Age gate and burger menu/Chevron_Cannabis")): Object: 'Object Repository/OCS-MOBILE /Age gate and burger menu/Chevron_Cannabis' is clicked on

2019-06-28 16:13:25 - [MESSAGE][PASSED] - Object: 'Object Repository/OCS-MOBILE /Age gate and burger menu/Chevron_Cannabis' is clicked on

2019-06-28 16:13:25 - [TEST_STEP][PASSED] - delay(2): Delayed 2 second(s)

2019-06-28 16:13:27 - [MESSAGE][PASSED] - Delayed 2 second(s)

2019-06-28 16:13:27 - [TEST_STEP][PASSED] - click(findTestObject("OCS-MOBILE /Age gate and burger menu/Dried Flower_Plus icon")): Object: 'Object Repository/OCS-MOBILE /Age gate and burger menu/Dried Flower_Plus icon' is clicked on

2019-06-28 16:13:27 - [MESSAGE][PASSED] - Object: 'Object Repository/OCS-MOBILE /Age gate and burger menu/Dried Flower_Plus icon' is clicked on

2019-06-28 16:13:27 - [TEST_STEP][PASSED] - delay(2): Delayed 2 second(s)

2019-06-28 16:13:29 - [MESSAGE][PASSED] - Delayed 2 second(s)

2019-06-28 16:13:29 - [TEST_STEP][PASSED] - click(findTestObject("OCS-MOBILE /Age gate and burger menu/Indica Dominant_Menu item")): Object: 'Object Repository/OCS-MOBILE /Age gate and burger menu/Indica Dominant_Menu item' is clicked on

2019-06-28 16:13:30 - [MESSAGE][PASSED] - Object: 'Object Repository/OCS-MOBILE /Age gate and burger menu/Indica Dominant_Menu item' is clicked on

2019-06-28 16:13:30 - [TEST_STEP][NOT_RUN] - executeJavaScript("var previewBar = document.getElementById("preview-bar-iframe"); previewBar.style.display = "none";", []): NOT_RUN: executeJavaScript("var previewBar = document.getElementById("preview-bar-iframe"); previewBar.style.display = "none";", [])

2019-06-28 16:13:30 - [MESSAGE][NOT_RUN] - NOT_RUN: executeJavaScript("var previewBar = document.getElementById("preview-bar-iframe"); previewBar.style.display = "none";", [])

2019-06-28 16:13:30 - [TEST_STEP][PASSED] - delay(2): Delayed 2 second(s)

2019-06-28 16:13:32 - [MESSAGE][PASSED] - Delayed 2 second(s)

2019-06-28 16:13:32 - [TEST_STEP][PASSED] - click(findTestObject("OCS-MOBILE /Collection page/Product image - 1st one")): Object: 'Object Repository/OCS-MOBILE /Collection page/Product image - 1st one' is clicked on

2019-06-28 16:13:34 - [MESSAGE][PASSED] - Object: 'Object Repository/OCS-MOBILE /Collection page/Product image - 1st one' is clicked on

2019-06-28 16:13:34 - [TEST_STEP][PASSED] - delay(2): Delayed 2 second(s)

2019-06-28 16:13:36 - [MESSAGE][PASSED] - Delayed 2 second(s)

2019-06-28 16:13:36 - [TEST_STEP][NOT_RUN] - executeJavaScript("var previewBar = document.getElementById("preview-bar-iframe"); previewBar.style.display = "none";", []): NOT_RUN: executeJavaScript("var previewBar = document.getElementById("preview-bar-iframe"); previewBar.style.display = "none";", [])

2019-06-28 16:13:36 - [MESSAGE][NOT_RUN] - NOT_RUN: executeJavaScript("var previewBar = document.getElementById("preview-bar-iframe"); previewBar.style.display = "none";", [])

2019-06-28 16:13:36 - [MESSAGE][PASSED] - Call Test Case 'Test Cases/OCS - MOBILE/CALL - PDP' successfully

2019-06-28 16:13:36 - [TEST_STEP][NOT_RUN] - scrollToElement(findTestObject("OCS-MOBILE /Product page/Product image"), 1): NOT_RUN: scrollToElement(findTestObject("OCS-MOBILE /Product page/Product image"), 1)

2019-06-28 16:13:36 - [MESSAGE][NOT_RUN] - NOT_RUN: scrollToElement(findTestObject("OCS-MOBILE /Product page/Product image"), 1)

2019-06-28 16:13:36 - [TEST_STEP][PASSED] - delay(2): Delayed 2 second(s)

2019-06-28 16:13:38 - [MESSAGE][PASSED] - Delayed 2 second(s)

2019-06-28 16:13:38 - [TEST_STEP][PASSED] - click(findTestObject("OCS-MOBILE /Product page/Learn More - Link")): Object: 'Object Repository/OCS-MOBILE /Product page/Learn More - Link' is clicked on

2019-06-28 16:13:38 - [MESSAGE][PASSED] - Object: 'Object Repository/OCS-MOBILE /Product page/Learn More - Link' is clicked on

2019-06-28 16:13:38 - [TEST_STEP][PASSED] - delay(1): Delayed 1 second(s)

2019-06-28 16:13:39 - [MESSAGE][PASSED] - Delayed 1 second(s)

2019-06-28 16:13:39 - [TEST_STEP][NOT_RUN] - scrollToElement(findTestObject("OCS-MOBILE /Product page/Last raw of the table"), 0): NOT_RUN: scrollToElement(findTestObject("OCS-MOBILE /Product page/Last raw of the table"), 0)

2019-06-28 16:13:39 - [MESSAGE][NOT_RUN] - NOT_RUN: scrollToElement(findTestObject("OCS-MOBILE /Product page/Last raw of the table"), 0)

2019-06-28 16:13:39 - [TEST_STEP][PASSED] - takeScreenshot(): Taking screenshot successfully

2019-06-28 16:13:39 - [MESSAGE][PASSED] - Taking screenshot successfully
[[ATTACHMENT|/Users/sumankompelly/Relative xpath-Mobile/Reports/Live site/20190628_151842/1561752819738.png]]

2019-06-28 16:13:39 - [TEST_STEP][PASSED] - delay(1): Delayed 1 second(s)

2019-06-28 16:13:40 - [MESSAGE][PASSED] - Delayed 1 second(s)

2019-06-28 16:13:40 - [TEST_STEP][PASSED] - click(findTestObject("OCS-MOBILE /Product page/More items to consider section/1st Product - image - Grinder")): Object: 'Object Repository/OCS-MOBILE /Product page/More items to consider section/1st Product - image - Grinder' is clicked on

2019-06-28 16:13:43 - [MESSAGE][PASSED] - Object: 'Object Repository/OCS-MOBILE /Product page/More items to consider section/1st Product - image - Grinder' is clicked on

2019-06-28 16:13:43 - [TEST_STEP][PASSED] - delay(2, STOP_ON_FAILURE): Delayed 2 second(s)

2019-06-28 16:13:45 - [MESSAGE][PASSED] - Delayed 2 second(s)

2019-06-28 16:13:45 - [TEST_STEP][PASSED] - takeScreenshot(): Taking screenshot successfully

2019-06-28 16:13:46 - [MESSAGE][PASSED] - Taking screenshot successfully
[[ATTACHMENT|/Users/sumankompelly/Relative xpath-Mobile/Reports/Live site/20190628_151842/1561752825993.png]]

2019-06-28 16:13:46 - [TEST_STEP][PASSED] - delay(1): Delayed 1 second(s)

2019-06-28 16:13:47 - [MESSAGE][PASSED] - Delayed 1 second(s)

2019-06-28 16:13:47 - [TEST_STEP][PASSED] - back(): Navigate back successfully

2019-06-28 16:13:47 - [MESSAGE][PASSED] - Navigate back successfully

2019-06-28 16:13:47 - [TEST_STEP][PASSED] - click(findTestObject("OCS-MOBILE /Product page/More items to consider section/Vaporizers - Tab")): Object: 'Object Repository/OCS-MOBILE /Product page/More items to consider section/Vaporizers - Tab' is clicked on

2019-06-28 16:13:47 - [MESSAGE][PASSED] - Object: 'Object Repository/OCS-MOBILE /Product page/More items to consider section/Vaporizers - Tab' is clicked on

2019-06-28 16:13:47 - [TEST_STEP][PASSED] - delay(2): Delayed 2 second(s)

2019-06-28 16:13:49 - [MESSAGE][PASSED] - Delayed 2 second(s)

2019-06-28 16:13:49 - [TEST_STEP][PASSED] - takeScreenshot(): Taking screenshot successfully

2019-06-28 16:13:50 - [MESSAGE][PASSED] - Taking screenshot successfully
[[ATTACHMENT|/Users/sumankompelly/Relative xpath-Mobile/Reports/Live site/20190628_151842/1561752829879.png]]

2019-06-28 16:13:50 - [TEST_STEP][NOT_RUN] - executeJavaScript("var previewBar = document.getElementById("preview-bar-iframe"); previewBar.style.display = "none";", []): NOT_RUN: executeJavaScript("var previewBar = document.getElementById("preview-bar-iframe"); previewBar.style.display = "none";", [])

2019-06-28 16:13:50 - [MESSAGE][NOT_RUN] - NOT_RUN: executeJavaScript("var previewBar = document.getElementById("preview-bar-iframe"); previewBar.style.display = "none";", [])

2019-06-28 16:13:50 - [TEST_STEP][PASSED] - delay(1): Delayed 1 second(s)

2019-06-28 16:13:51 - [MESSAGE][PASSED] - Delayed 1 second(s)

2019-06-28 16:13:51 - [TEST_STEP][PASSED] - click(findTestObject("OCS-MOBILE /Product page/More items to consider section/1st Product - image - Vaporizer")): Object: 'Object Repository/OCS-MOBILE /Product page/More items to consider section/1st Product - image - Vaporizer' is clicked on

2019-06-28 16:13:54 - [MESSAGE][PASSED] - Object: 'Object Repository/OCS-MOBILE /Product page/More items to consider section/1st Product - image - Vaporizer' is clicked on

2019-06-28 16:13:54 - [TEST_STEP][PASSED] - delay(2, STOP_ON_FAILURE): Delayed 2 second(s)

2019-06-28 16:13:56 - [MESSAGE][PASSED] - Delayed 2 second(s)

2019-06-28 16:13:56 - [TEST_STEP][PASSED] - takeScreenshot(): Taking screenshot successfully

2019-06-28 16:13:56 - [MESSAGE][PASSED] - Taking screenshot successfully
[[ATTACHMENT|/Users/sumankompelly/Relative xpath-Mobile/Reports/Live site/20190628_151842/1561752836578.png]]

2019-06-28 16:13:56 - [TEST_STEP][PASSED] - delay(1): Delayed 1 second(s)

2019-06-28 16:13:57 - [MESSAGE][PASSED] - Delayed 1 second(s)

2019-06-28 16:13:57 - [TEST_STEP][PASSED] - back(): Navigate back successfully

2019-06-28 16:14:03 - [MESSAGE][PASSED] - Navigate back successfully

2019-06-28 16:14:03 - [TEST_STEP][PASSED] - delay(2, STOP_ON_FAILURE): Delayed 2 second(s)

2019-06-28 16:14:05 - [MESSAGE][PASSED] - Delayed 2 second(s)

2019-06-28 16:14:05 - [TEST_STEP][PASSED] - click(findTestObject("OCS-MOBILE /Product page/More items to consider section/Papers Filters - Tab")): Object: 'Object Repository/OCS-MOBILE /Product page/More items to consider section/Papers Filters - Tab' is clicked on

2019-06-28 16:14:06 - [MESSAGE][PASSED] - Object: 'Object Repository/OCS-MOBILE /Product page/More items to consider section/Papers Filters - Tab' is clicked on

2019-06-28 16:14:06 - [TEST_STEP][NOT_RUN] - executeJavaScript("var previewBar = document.getElementById("preview-bar-iframe"); previewBar.style.display = "none";", []): NOT_RUN: executeJavaScript("var previewBar = document.getElementById("preview-bar-iframe"); previewBar.style.display = "none";", [])

2019-06-28 16:14:06 - [MESSAGE][NOT_RUN] - NOT_RUN: executeJavaScript("var previewBar = document.getElementById("preview-bar-iframe"); previewBar.style.display = "none";", [])

2019-06-28 16:14:06 - [TEST_STEP][PASSED] - takeScreenshot(): Taking screenshot successfully

2019-06-28 16:14:06 - [MESSAGE][PASSED] - Taking screenshot successfully
[[ATTACHMENT|/Users/sumankompelly/Relative xpath-Mobile/Reports/Live site/20190628_151842/1561752846001.png]]

2019-06-28 16:14:06 - [TEST_STEP][PASSED] - delay(1): Delayed 1 second(s)

2019-06-28 16:14:07 - [MESSAGE][PASSED] - Delayed 1 second(s)

2019-06-28 16:14:07 - [TEST_STEP][PASSED] - click(findTestObject("OCS-MOBILE /Product page/More items to consider section/1st Product - image - Paper Filter")): Object: 'Object Repository/OCS-MOBILE /Product page/More items to consider section/1st Product - image - Paper Filter' is clicked on

2019-06-28 16:14:13 - [MESSAGE][PASSED] - Object: 'Object Repository/OCS-MOBILE /Product page/More items to consider section/1st Product - image - Paper Filter' is clicked on

2019-06-28 16:14:13 - [TEST_STEP][PASSED] - delay(2, STOP_ON_FAILURE): Delayed 2 second(s)

2019-06-28 16:14:15 - [MESSAGE][PASSED] - Delayed 2 second(s)

2019-06-28 16:14:15 - [TEST_STEP][PASSED] - takeScreenshot(): Taking screenshot successfully

2019-06-28 16:14:15 - [MESSAGE][PASSED] - Taking screenshot successfully
[[ATTACHMENT|/Users/sumankompelly/Relative xpath-Mobile/Reports/Live site/20190628_151842/1561752855492.png]]

2019-06-28 16:14:15 - [TEST_STEP][PASSED] - delay(1): Delayed 1 second(s)

2019-06-28 16:14:16 - [MESSAGE][PASSED] - Delayed 1 second(s)

2019-06-28 16:14:16 - [TEST_STEP][PASSED] - back(): Navigate back successfully

2019-06-28 16:14:18 - [MESSAGE][PASSED] - Navigate back successfully

2019-06-28 16:14:18 - [TEST_STEP][PASSED] - delay(2): Delayed 2 second(s)

2019-06-28 16:14:20 - [MESSAGE][PASSED] - Delayed 2 second(s)

2019-06-28 16:14:20 - [TEST_STEP][NOT_RUN] - executeJavaScript("var previewBar = document.getElementById("preview-bar-iframe"); previewBar.style.display = "none";", []): NOT_RUN: executeJavaScript("var previewBar = document.getElementById("preview-bar-iframe"); previewBar.style.display = "none";", [])

2019-06-28 16:14:20 - [MESSAGE][NOT_RUN] - NOT_RUN: executeJavaScript("var previewBar = document.getElementById("preview-bar-iframe"); previewBar.style.display = "none";", [])

2019-06-28 16:14:20 - [TEST_STEP][PASSED] - click(findTestObject("OCS-MOBILE /Product page/More items to consider section/Bongs Pipes - Tab")): Object: 'Object Repository/OCS-MOBILE /Product page/More items to consider section/Bongs Pipes - Tab' is clicked on

2019-06-28 16:14:20 - [MESSAGE][PASSED] - Object: 'Object Repository/OCS-MOBILE /Product page/More items to consider section/Bongs Pipes - Tab' is clicked on

2019-06-28 16:14:20 - [TEST_STEP][PASSED] - delay(2): Delayed 2 second(s)

2019-06-28 16:14:22 - [MESSAGE][PASSED] - Delayed 2 second(s)

2019-06-28 16:14:22 - [TEST_STEP][PASSED] - takeScreenshot(): Taking screenshot successfully

2019-06-28 16:14:22 - [MESSAGE][PASSED] - Taking screenshot successfully
[[ATTACHMENT|/Users/sumankompelly/Relative xpath-Mobile/Reports/Live site/20190628_151842/1561752862344.png]]

2019-06-28 16:14:22 - [TEST_STEP][PASSED] - delay(1): Delayed 1 second(s)

2019-06-28 16:14:23 - [MESSAGE][PASSED] - Delayed 1 second(s)

2019-06-28 16:14:23 - [TEST_STEP][PASSED] - click(findTestObject("OCS-MOBILE /Product page/More items to consider section/1st Product - image - Bongs Pipes")): Object: 'Object Repository/OCS-MOBILE /Product page/More items to consider section/1st Product - image - Bongs Pipes' is clicked on

2019-06-28 16:14:26 - [MESSAGE][PASSED] - Object: 'Object Repository/OCS-MOBILE /Product page/More items to consider section/1st Product - image - Bongs Pipes' is clicked on

2019-06-28 16:14:26 - [TEST_STEP][PASSED] - delay(2, STOP_ON_FAILURE): Delayed 2 second(s)

2019-06-28 16:14:28 - [MESSAGE][PASSED] - Delayed 2 second(s)

2019-06-28 16:14:28 - [TEST_STEP][PASSED] - takeScreenshot(): Taking screenshot successfully

2019-06-28 16:14:28 - [MESSAGE][PASSED] - Taking screenshot successfully
[[ATTACHMENT|/Users/sumankompelly/Relative xpath-Mobile/Reports/Live site/20190628_151842/1561752868185.png]]

2019-06-28 16:14:28 - [TEST_STEP][PASSED] - delay(1): Delayed 1 second(s)

2019-06-28 16:14:29 - [MESSAGE][PASSED] - Delayed 1 second(s)

2019-06-28 16:14:29 - [TEST_STEP][PASSED] - back(): Navigate back successfully

2019-06-28 16:14:30 - [MESSAGE][PASSED] - Navigate back successfully]]></system-out>
         <system-err><![CDATA[]]></system-err>
      </testcase>
      <testcase name="Test Cases/OCS - MOBILE/OCS- PRODUCT PAGE/Price" classname="Test Cases/OCS - MOBILE/OCS- PRODUCT PAGE/Price" status="PASSED">
         <system-out><![CDATA[2019-06-28 16:14:30 - [TEST_CASE][PASSED] - Test Cases/OCS - MOBILE/OCS- PRODUCT PAGE/Price: Test Cases/OCS - MOBILE/OCS- PRODUCT PAGE/Price

2019-06-28 16:14:30 - [TEST_STEP][PASSED] - callTestCase(findTestCase("OCS - MOBILE/CALL - PDP"), [:], STOP_ON_FAILURE): Call Test Case 'Test Cases/OCS - MOBILE/CALL - PDP' successfully

2019-06-28 16:14:30 - [TEST_CASE][PASSED] - Test Cases/OCS - MOBILE/CALL - PDP: Test Cases/OCS - MOBILE/CALL - PDP

2019-06-28 16:14:30 - [TEST_STEP][PASSED] - openBrowser(""): Browser is opened with url: ''

2019-06-28 16:14:30 - [MESSAGE][WARNING] - A browser is already opened. Closing browser and opening a new one

2019-06-28 16:14:30 - [MESSAGE][INFO] - Starting 'Chrome' driver

2019-06-28 16:14:31 - [MESSAGE][PASSED] - Browser is opened with url: ''

2019-06-28 16:14:31 - [TEST_STEP][PASSED] - navigateToUrl("ocs.ca"): Navigate to 'http://ocs.ca' successfully

2019-06-28 16:14:35 - [MESSAGE][PASSED] - Navigate to 'http://ocs.ca' successfully

2019-06-28 16:14:35 - [TEST_STEP][NOT_RUN] - executeJavaScript("var previewBar = document.getElementById("preview-bar-iframe"); previewBar.style.display = "none";", []): NOT_RUN: executeJavaScript("var previewBar = document.getElementById("preview-bar-iframe"); previewBar.style.display = "none";", [])

2019-06-28 16:14:35 - [MESSAGE][NOT_RUN] - NOT_RUN: executeJavaScript("var previewBar = document.getElementById("preview-bar-iframe"); previewBar.style.display = "none";", [])

2019-06-28 16:14:35 - [TEST_STEP][PASSED] - setViewPortSize(360, 800): Viewport is set to new size with width = 360 and height = 800

2019-06-28 16:14:35 - [MESSAGE][PASSED] - Viewport is set to new size with width = 360 and height = 800

2019-06-28 16:14:35 - [TEST_STEP][PASSED] - delay(4): Delayed 4 second(s)

2019-06-28 16:14:39 - [MESSAGE][PASSED] - Delayed 4 second(s)

2019-06-28 16:14:39 - [TEST_STEP][PASSED] - selectOptionByValue(findTestObject("OCS-MOBILE /Age gate and burger menu/Date"), "12", true): All options with value '12' are selected in object 'Object Repository/OCS-MOBILE /Age gate and burger menu/Date'  using regular expression

2019-06-28 16:14:40 - [MESSAGE][PASSED] - All options with value '12' are selected in object 'Object Repository/OCS-MOBILE /Age gate and burger menu/Date'  using regular expression

2019-06-28 16:14:40 - [TEST_STEP][PASSED] - selectOptionByValue(findTestObject("OCS-MOBILE /Age gate and burger menu/month"), "6", true): All options with value '6' are selected in object 'Object Repository/OCS-MOBILE /Age gate and burger menu/month'  using regular expression

2019-06-28 16:14:40 - [MESSAGE][PASSED] - All options with value '6' are selected in object 'Object Repository/OCS-MOBILE /Age gate and burger menu/month'  using regular expression

2019-06-28 16:14:40 - [TEST_STEP][PASSED] - delay(2): Delayed 2 second(s)

2019-06-28 16:14:42 - [MESSAGE][PASSED] - Delayed 2 second(s)

2019-06-28 16:14:42 - [TEST_STEP][PASSED] - selectOptionByValue(findTestObject("OCS-MOBILE /Age gate and burger menu/Year Dropdown"), "1990", true): All options with value '1990' are selected in object 'Object Repository/OCS-MOBILE /Age gate and burger menu/Year Dropdown'  using regular expression

2019-06-28 16:14:43 - [MESSAGE][PASSED] - All options with value '1990' are selected in object 'Object Repository/OCS-MOBILE /Age gate and burger menu/Year Dropdown'  using regular expression

2019-06-28 16:14:43 - [TEST_STEP][PASSED] - click(findTestObject("OCS-MOBILE /Age gate and Mega menu/button_Verify")): Object: 'Object Repository/OCS-MOBILE /Age gate and Mega menu/button_Verify' is clicked on

2019-06-28 16:14:43 - [MESSAGE][PASSED] - Object: 'Object Repository/OCS-MOBILE /Age gate and Mega menu/button_Verify' is clicked on

2019-06-28 16:14:43 - [TEST_STEP][PASSED] - click(findTestObject("OCS-MOBILE /Age gate and Mega menu/Checkbox_CONFIRM AND ACKNOWLEDGE")): Object: 'Object Repository/OCS-MOBILE /Age gate and Mega menu/Checkbox_CONFIRM AND ACKNOWLEDGE' is clicked on

2019-06-28 16:14:43 - [MESSAGE][PASSED] - Object: 'Object Repository/OCS-MOBILE /Age gate and Mega menu/Checkbox_CONFIRM AND ACKNOWLEDGE' is clicked on

2019-06-28 16:14:43 - [TEST_STEP][PASSED] - click(findTestObject("OCS-MOBILE /Age gate and Mega menu/button_CONFIRM")): Object: 'Object Repository/OCS-MOBILE /Age gate and Mega menu/button_CONFIRM' is clicked on

2019-06-28 16:14:43 - [MESSAGE][PASSED] - Object: 'Object Repository/OCS-MOBILE /Age gate and Mega menu/button_CONFIRM' is clicked on

2019-06-28 16:14:43 - [TEST_STEP][PASSED] - click(findTestObject("OCS-MOBILE /Age gate and Mega menu/button_Start Browsing")): Object: 'Object Repository/OCS-MOBILE /Age gate and Mega menu/button_Start Browsing' is clicked on

2019-06-28 16:14:43 - [MESSAGE][PASSED] - Object: 'Object Repository/OCS-MOBILE /Age gate and Mega menu/button_Start Browsing' is clicked on

2019-06-28 16:14:43 - [TEST_STEP][PASSED] - refresh(): Refresh successfully

2019-06-28 16:14:43 - [MESSAGE][PASSED] - Refresh successfully

2019-06-28 16:14:43 - [TEST_STEP][PASSED] - delay(2): Delayed 2 second(s)

2019-06-28 16:14:45 - [MESSAGE][PASSED] - Delayed 2 second(s)

2019-06-28 16:14:45 - [TEST_STEP][PASSED] - click(findTestObject("OCS-MOBILE /Age gate and burger menu/Burger menu - English")): Object: 'Object Repository/OCS-MOBILE /Age gate and burger menu/Burger menu - English' is clicked on

2019-06-28 16:14:45 - [MESSAGE][PASSED] - Object: 'Object Repository/OCS-MOBILE /Age gate and burger menu/Burger menu - English' is clicked on

2019-06-28 16:14:45 - [TEST_STEP][PASSED] - delay(2): Delayed 2 second(s)

2019-06-28 16:14:47 - [MESSAGE][PASSED] - Delayed 2 second(s)

2019-06-28 16:14:47 - [TEST_STEP][PASSED] - click(findTestObject("OCS-MOBILE /Age gate and burger menu/Chevron_Cannabis")): Object: 'Object Repository/OCS-MOBILE /Age gate and burger menu/Chevron_Cannabis' is clicked on

2019-06-28 16:14:47 - [MESSAGE][PASSED] - Object: 'Object Repository/OCS-MOBILE /Age gate and burger menu/Chevron_Cannabis' is clicked on

2019-06-28 16:14:47 - [TEST_STEP][PASSED] - delay(2): Delayed 2 second(s)

2019-06-28 16:14:49 - [MESSAGE][PASSED] - Delayed 2 second(s)

2019-06-28 16:14:49 - [TEST_STEP][PASSED] - click(findTestObject("OCS-MOBILE /Age gate and burger menu/Dried Flower_Plus icon")): Object: 'Object Repository/OCS-MOBILE /Age gate and burger menu/Dried Flower_Plus icon' is clicked on

2019-06-28 16:14:50 - [MESSAGE][PASSED] - Object: 'Object Repository/OCS-MOBILE /Age gate and burger menu/Dried Flower_Plus icon' is clicked on

2019-06-28 16:14:50 - [TEST_STEP][PASSED] - delay(2): Delayed 2 second(s)

2019-06-28 16:14:52 - [MESSAGE][PASSED] - Delayed 2 second(s)

2019-06-28 16:14:52 - [TEST_STEP][PASSED] - click(findTestObject("OCS-MOBILE /Age gate and burger menu/Indica Dominant_Menu item")): Object: 'Object Repository/OCS-MOBILE /Age gate and burger menu/Indica Dominant_Menu item' is clicked on

2019-06-28 16:14:54 - [MESSAGE][PASSED] - Object: 'Object Repository/OCS-MOBILE /Age gate and burger menu/Indica Dominant_Menu item' is clicked on

2019-06-28 16:14:54 - [TEST_STEP][NOT_RUN] - executeJavaScript("var previewBar = document.getElementById("preview-bar-iframe"); previewBar.style.display = "none";", []): NOT_RUN: executeJavaScript("var previewBar = document.getElementById("preview-bar-iframe"); previewBar.style.display = "none";", [])

2019-06-28 16:14:54 - [MESSAGE][NOT_RUN] - NOT_RUN: executeJavaScript("var previewBar = document.getElementById("preview-bar-iframe"); previewBar.style.display = "none";", [])

2019-06-28 16:14:54 - [TEST_STEP][PASSED] - delay(2): Delayed 2 second(s)

2019-06-28 16:14:56 - [MESSAGE][PASSED] - Delayed 2 second(s)

2019-06-28 16:14:56 - [TEST_STEP][PASSED] - click(findTestObject("OCS-MOBILE /Collection page/Product image - 1st one")): Object: 'Object Repository/OCS-MOBILE /Collection page/Product image - 1st one' is clicked on

2019-06-28 16:14:59 - [MESSAGE][PASSED] - Object: 'Object Repository/OCS-MOBILE /Collection page/Product image - 1st one' is clicked on

2019-06-28 16:14:59 - [TEST_STEP][PASSED] - delay(2): Delayed 2 second(s)

2019-06-28 16:15:01 - [MESSAGE][PASSED] - Delayed 2 second(s)

2019-06-28 16:15:01 - [TEST_STEP][NOT_RUN] - executeJavaScript("var previewBar = document.getElementById("preview-bar-iframe"); previewBar.style.display = "none";", []): NOT_RUN: executeJavaScript("var previewBar = document.getElementById("preview-bar-iframe"); previewBar.style.display = "none";", [])

2019-06-28 16:15:01 - [MESSAGE][NOT_RUN] - NOT_RUN: executeJavaScript("var previewBar = document.getElementById("preview-bar-iframe"); previewBar.style.display = "none";", [])

2019-06-28 16:15:01 - [MESSAGE][PASSED] - Call Test Case 'Test Cases/OCS - MOBILE/CALL - PDP' successfully

2019-06-28 16:15:01 - [TEST_STEP][NOT_RUN] - navigateToUrl("https://ocs.ca/?fts=0&preview_theme_id=53373863756"): NOT_RUN: navigateToUrl("https://ocs.ca/?fts=0&preview_theme_id=53373863756")

2019-06-28 16:15:01 - [MESSAGE][NOT_RUN] - NOT_RUN: navigateToUrl("https://ocs.ca/?fts=0&preview_theme_id=53373863756")

2019-06-28 16:15:01 - [TEST_STEP][PASSED] - delay(2): Delayed 2 second(s)

2019-06-28 16:15:03 - [MESSAGE][PASSED] - Delayed 2 second(s)

2019-06-28 16:15:03 - [TEST_STEP][NOT_RUN] - scrollToElement(findTestObject("OCS-MOBILE /Product page/Product image"), 1): NOT_RUN: scrollToElement(findTestObject("OCS-MOBILE /Product page/Product image"), 1)

2019-06-28 16:15:03 - [MESSAGE][NOT_RUN] - NOT_RUN: scrollToElement(findTestObject("OCS-MOBILE /Product page/Product image"), 1)

2019-06-28 16:15:03 - [TEST_STEP][PASSED] - delay(2): Delayed 2 second(s)

2019-06-28 16:15:05 - [MESSAGE][PASSED] - Delayed 2 second(s)

2019-06-28 16:15:05 - [TEST_STEP][PASSED] - click(findTestObject("OCS-MOBILE /Product page/Swatch_1g")): Object: 'Object Repository/OCS-MOBILE /Product page/Swatch_1g' is clicked on

2019-06-28 16:15:05 - [MESSAGE][PASSED] - Object: 'Object Repository/OCS-MOBILE /Product page/Swatch_1g' is clicked on

2019-06-28 16:15:05 - [TEST_STEP][PASSED] - delay(2): Delayed 2 second(s)

2019-06-28 16:15:07 - [MESSAGE][PASSED] - Delayed 2 second(s)

2019-06-28 16:15:07 - [TEST_STEP][PASSED] - a = getText(findTestObject("OCS-MOBILE /Product page/Price/1g Price - Swatch")): Text of object 'Object Repository/OCS-MOBILE /Product page/Price/1g Price - Swatch' is: '$10.25'

2019-06-28 16:15:07 - [MESSAGE][PASSED] - Text of object 'Object Repository/OCS-MOBILE /Product page/Price/1g Price - Swatch' is: '$10.25'

2019-06-28 16:15:07 - [TEST_STEP][PASSED] - comment("a =" + a): a =$10.25

2019-06-28 16:15:07 - [MESSAGE][INFO] - a =$10.25

2019-06-28 16:15:07 - [TEST_STEP][PASSED] - delay(1, OPTIONAL): Delayed 1 second(s)

2019-06-28 16:15:08 - [MESSAGE][PASSED] - Delayed 1 second(s)

2019-06-28 16:15:08 - [TEST_STEP][PASSED] - flag = verifyElementPresent(findTestObject("OCS-MOBILE /Product page/Price/Price - Add to cart button"), 0, CONTINUE_ON_FAILURE): Object 'Object Repository/OCS-MOBILE /Product page/Price/Price - Add to cart button' is present

2019-06-28 16:15:08 - [MESSAGE][WARNING] - Timeout '0' is invalid. Using default page load timeout: '30'

2019-06-28 16:15:08 - [MESSAGE][PASSED] - Object 'Object Repository/OCS-MOBILE /Product page/Price/Price - Add to cart button' is present

2019-06-28 16:15:08 - [TEST_STEP][PASSED] - comment("flag =" + flag): flag =true

2019-06-28 16:15:08 - [MESSAGE][INFO] - flag =true

2019-06-28 16:15:08 - [TEST_STEP][PASSED] - if (flag == true): Actual object '34.10' and expected object '34.10' are equal

2019-06-28 16:15:08 - [TEST_STEP][PASSED] - b = getText(findTestObject("OCS-MOBILE /Product page/Price/Price - Add to cart button")): Text of object 'Object Repository/OCS-MOBILE /Product page/Price/Price - Add to cart button' is: '$10.25'

2019-06-28 16:15:08 - [MESSAGE][PASSED] - Text of object 'Object Repository/OCS-MOBILE /Product page/Price/Price - Add to cart button' is: '$10.25'

2019-06-28 16:15:08 - [TEST_STEP][PASSED] - comment("a =" + a): a =$10.25

2019-06-28 16:15:08 - [MESSAGE][INFO] - a =$10.25

2019-06-28 16:15:08 - [TEST_STEP][PASSED] - a1 = a.substring(1): null

2019-06-28 16:15:08 - [TEST_STEP][PASSED] - comment("a1=" + a1): a1=10.25

2019-06-28 16:15:08 - [MESSAGE][INFO] - a1=10.25

2019-06-28 16:15:08 - [TEST_STEP][PASSED] - comment("b =" + b): b =$10.25

2019-06-28 16:15:08 - [MESSAGE][INFO] - b =$10.25

2019-06-28 16:15:08 - [TEST_STEP][PASSED] - b1 = a.substring(1): null

2019-06-28 16:15:08 - [TEST_STEP][PASSED] - comment("b1 =" + b1): b1 =10.25

2019-06-28 16:15:08 - [MESSAGE][INFO] - b1 =10.25

2019-06-28 16:15:08 - [TEST_STEP][PASSED] - verifyEqual(a1, b1): Actual object '10.25' and expected object '10.25' are equal

2019-06-28 16:15:08 - [MESSAGE][PASSED] - Actual object '10.25' and expected object '10.25' are equal

2019-06-28 16:15:08 - [TEST_STEP][PASSED] - click(findTestObject("OCS-MOBILE /Product page/Swatch_3.5g")): Object: 'Object Repository/OCS-MOBILE /Product page/Swatch_3.5g' is clicked on

2019-06-28 16:15:08 - [MESSAGE][PASSED] - Object: 'Object Repository/OCS-MOBILE /Product page/Swatch_3.5g' is clicked on

2019-06-28 16:15:08 - [TEST_STEP][PASSED] - c = getText(findTestObject("OCS-MOBILE /Product page/Price/3.5g Price - Swatch"), STOP_ON_FAILURE): Text of object 'Object Repository/OCS-MOBILE /Product page/Price/3.5g Price - Swatch' is: '$34.10'

2019-06-28 16:15:08 - [MESSAGE][PASSED] - Text of object 'Object Repository/OCS-MOBILE /Product page/Price/3.5g Price - Swatch' is: '$34.10'

2019-06-28 16:15:08 - [TEST_STEP][PASSED] - comment("c =" + c): c =$34.10

2019-06-28 16:15:08 - [MESSAGE][INFO] - c =$34.10

2019-06-28 16:15:08 - [TEST_STEP][PASSED] - c1 = c.substring(1): null

2019-06-28 16:15:08 - [TEST_STEP][PASSED] - comment("c1 =" + c1): c1 =34.10

2019-06-28 16:15:08 - [MESSAGE][INFO] - c1 =34.10

2019-06-28 16:15:08 - [TEST_STEP][PASSED] - d = getText(findTestObject("OCS-MOBILE /Product page/Price/Price - Add to cart button")): Text of object 'Object Repository/OCS-MOBILE /Product page/Price/Price - Add to cart button' is: '$34.10'

2019-06-28 16:15:08 - [MESSAGE][PASSED] - Text of object 'Object Repository/OCS-MOBILE /Product page/Price/Price - Add to cart button' is: '$34.10'

2019-06-28 16:15:08 - [TEST_STEP][PASSED] - comment("d =" + d): d =$34.10

2019-06-28 16:15:08 - [MESSAGE][INFO] - d =$34.10

2019-06-28 16:15:08 - [TEST_STEP][PASSED] - d1 = d.substring(1): null

2019-06-28 16:15:08 - [TEST_STEP][PASSED] - comment("d1 =" + d1): d1 =34.10

2019-06-28 16:15:08 - [MESSAGE][INFO] - d1 =34.10

2019-06-28 16:15:08 - [TEST_STEP][PASSED] - verifyEqual(c1, d1): Actual object '34.10' and expected object '34.10' are equal

2019-06-28 16:15:08 - [MESSAGE][PASSED] - Actual object '34.10' and expected object '34.10' are equal]]></system-out>
         <system-err><![CDATA[]]></system-err>
      </testcase>
      <testcase name="Test Cases/OCS - MOBILE/OCS- PRODUCT PAGE/Learn More" classname="Test Cases/OCS - MOBILE/OCS- PRODUCT PAGE/Learn More" status="PASSED">
         <system-out><![CDATA[2019-06-28 16:15:08 - [TEST_CASE][PASSED] - Test Cases/OCS - MOBILE/OCS- PRODUCT PAGE/Learn More: Test Cases/OCS - MOBILE/OCS- PRODUCT PAGE/Learn More

2019-06-28 16:15:09 - [TEST_STEP][PASSED] - callTestCase(findTestCase("OCS - MOBILE/CALL - PDP"), [:], STOP_ON_FAILURE): Call Test Case 'Test Cases/OCS - MOBILE/CALL - PDP' successfully

2019-06-28 16:15:09 - [TEST_CASE][PASSED] - Test Cases/OCS - MOBILE/CALL - PDP: Test Cases/OCS - MOBILE/CALL - PDP

2019-06-28 16:15:09 - [TEST_STEP][PASSED] - openBrowser(""): Browser is opened with url: ''

2019-06-28 16:15:09 - [MESSAGE][WARNING] - A browser is already opened. Closing browser and opening a new one

2019-06-28 16:15:09 - [MESSAGE][INFO] - Starting 'Chrome' driver

2019-06-28 16:15:10 - [MESSAGE][PASSED] - Browser is opened with url: ''

2019-06-28 16:15:10 - [TEST_STEP][PASSED] - navigateToUrl("ocs.ca"): Navigate to 'http://ocs.ca' successfully

2019-06-28 16:15:14 - [MESSAGE][PASSED] - Navigate to 'http://ocs.ca' successfully

2019-06-28 16:15:14 - [TEST_STEP][NOT_RUN] - executeJavaScript("var previewBar = document.getElementById("preview-bar-iframe"); previewBar.style.display = "none";", []): NOT_RUN: executeJavaScript("var previewBar = document.getElementById("preview-bar-iframe"); previewBar.style.display = "none";", [])

2019-06-28 16:15:14 - [MESSAGE][NOT_RUN] - NOT_RUN: executeJavaScript("var previewBar = document.getElementById("preview-bar-iframe"); previewBar.style.display = "none";", [])

2019-06-28 16:15:14 - [TEST_STEP][PASSED] - setViewPortSize(360, 800): Viewport is set to new size with width = 360 and height = 800

2019-06-28 16:15:14 - [MESSAGE][PASSED] - Viewport is set to new size with width = 360 and height = 800

2019-06-28 16:15:14 - [TEST_STEP][PASSED] - delay(4): Delayed 4 second(s)

2019-06-28 16:15:18 - [MESSAGE][PASSED] - Delayed 4 second(s)

2019-06-28 16:15:18 - [TEST_STEP][PASSED] - selectOptionByValue(findTestObject("OCS-MOBILE /Age gate and burger menu/Date"), "12", true): All options with value '12' are selected in object 'Object Repository/OCS-MOBILE /Age gate and burger menu/Date'  using regular expression

2019-06-28 16:15:18 - [MESSAGE][PASSED] - All options with value '12' are selected in object 'Object Repository/OCS-MOBILE /Age gate and burger menu/Date'  using regular expression

2019-06-28 16:15:18 - [TEST_STEP][PASSED] - selectOptionByValue(findTestObject("OCS-MOBILE /Age gate and burger menu/month"), "6", true): All options with value '6' are selected in object 'Object Repository/OCS-MOBILE /Age gate and burger menu/month'  using regular expression

2019-06-28 16:15:19 - [MESSAGE][PASSED] - All options with value '6' are selected in object 'Object Repository/OCS-MOBILE /Age gate and burger menu/month'  using regular expression

2019-06-28 16:15:19 - [TEST_STEP][PASSED] - delay(2): Delayed 2 second(s)

2019-06-28 16:15:21 - [MESSAGE][PASSED] - Delayed 2 second(s)

2019-06-28 16:15:21 - [TEST_STEP][PASSED] - selectOptionByValue(findTestObject("OCS-MOBILE /Age gate and burger menu/Year Dropdown"), "1990", true): All options with value '1990' are selected in object 'Object Repository/OCS-MOBILE /Age gate and burger menu/Year Dropdown'  using regular expression

2019-06-28 16:15:22 - [MESSAGE][PASSED] - All options with value '1990' are selected in object 'Object Repository/OCS-MOBILE /Age gate and burger menu/Year Dropdown'  using regular expression

2019-06-28 16:15:22 - [TEST_STEP][PASSED] - click(findTestObject("OCS-MOBILE /Age gate and Mega menu/button_Verify")): Object: 'Object Repository/OCS-MOBILE /Age gate and Mega menu/button_Verify' is clicked on

2019-06-28 16:15:22 - [MESSAGE][PASSED] - Object: 'Object Repository/OCS-MOBILE /Age gate and Mega menu/button_Verify' is clicked on

2019-06-28 16:15:22 - [TEST_STEP][PASSED] - click(findTestObject("OCS-MOBILE /Age gate and Mega menu/Checkbox_CONFIRM AND ACKNOWLEDGE")): Object: 'Object Repository/OCS-MOBILE /Age gate and Mega menu/Checkbox_CONFIRM AND ACKNOWLEDGE' is clicked on

2019-06-28 16:15:22 - [MESSAGE][PASSED] - Object: 'Object Repository/OCS-MOBILE /Age gate and Mega menu/Checkbox_CONFIRM AND ACKNOWLEDGE' is clicked on

2019-06-28 16:15:22 - [TEST_STEP][PASSED] - click(findTestObject("OCS-MOBILE /Age gate and Mega menu/button_CONFIRM")): Object: 'Object Repository/OCS-MOBILE /Age gate and Mega menu/button_CONFIRM' is clicked on

2019-06-28 16:15:22 - [MESSAGE][PASSED] - Object: 'Object Repository/OCS-MOBILE /Age gate and Mega menu/button_CONFIRM' is clicked on

2019-06-28 16:15:22 - [TEST_STEP][PASSED] - click(findTestObject("OCS-MOBILE /Age gate and Mega menu/button_Start Browsing")): Object: 'Object Repository/OCS-MOBILE /Age gate and Mega menu/button_Start Browsing' is clicked on

2019-06-28 16:15:22 - [MESSAGE][PASSED] - Object: 'Object Repository/OCS-MOBILE /Age gate and Mega menu/button_Start Browsing' is clicked on

2019-06-28 16:15:22 - [TEST_STEP][PASSED] - refresh(): Refresh successfully

2019-06-28 16:15:22 - [MESSAGE][PASSED] - Refresh successfully

2019-06-28 16:15:22 - [TEST_STEP][PASSED] - delay(2): Delayed 2 second(s)

2019-06-28 16:15:24 - [MESSAGE][PASSED] - Delayed 2 second(s)

2019-06-28 16:15:24 - [TEST_STEP][PASSED] - click(findTestObject("OCS-MOBILE /Age gate and burger menu/Burger menu - English")): Object: 'Object Repository/OCS-MOBILE /Age gate and burger menu/Burger menu - English' is clicked on

2019-06-28 16:15:24 - [MESSAGE][PASSED] - Object: 'Object Repository/OCS-MOBILE /Age gate and burger menu/Burger menu - English' is clicked on

2019-06-28 16:15:24 - [TEST_STEP][PASSED] - delay(2): Delayed 2 second(s)

2019-06-28 16:15:26 - [MESSAGE][PASSED] - Delayed 2 second(s)

2019-06-28 16:15:26 - [TEST_STEP][PASSED] - click(findTestObject("OCS-MOBILE /Age gate and burger menu/Chevron_Cannabis")): Object: 'Object Repository/OCS-MOBILE /Age gate and burger menu/Chevron_Cannabis' is clicked on

2019-06-28 16:15:27 - [MESSAGE][PASSED] - Object: 'Object Repository/OCS-MOBILE /Age gate and burger menu/Chevron_Cannabis' is clicked on

2019-06-28 16:15:27 - [TEST_STEP][PASSED] - delay(2): Delayed 2 second(s)

2019-06-28 16:15:29 - [MESSAGE][PASSED] - Delayed 2 second(s)

2019-06-28 16:15:29 - [TEST_STEP][PASSED] - click(findTestObject("OCS-MOBILE /Age gate and burger menu/Dried Flower_Plus icon")): Object: 'Object Repository/OCS-MOBILE /Age gate and burger menu/Dried Flower_Plus icon' is clicked on

2019-06-28 16:15:29 - [MESSAGE][PASSED] - Object: 'Object Repository/OCS-MOBILE /Age gate and burger menu/Dried Flower_Plus icon' is clicked on

2019-06-28 16:15:29 - [TEST_STEP][PASSED] - delay(2): Delayed 2 second(s)

2019-06-28 16:15:31 - [MESSAGE][PASSED] - Delayed 2 second(s)

2019-06-28 16:15:31 - [TEST_STEP][PASSED] - click(findTestObject("OCS-MOBILE /Age gate and burger menu/Indica Dominant_Menu item")): Object: 'Object Repository/OCS-MOBILE /Age gate and burger menu/Indica Dominant_Menu item' is clicked on

2019-06-28 16:15:32 - [MESSAGE][PASSED] - Object: 'Object Repository/OCS-MOBILE /Age gate and burger menu/Indica Dominant_Menu item' is clicked on

2019-06-28 16:15:32 - [TEST_STEP][NOT_RUN] - executeJavaScript("var previewBar = document.getElementById("preview-bar-iframe"); previewBar.style.display = "none";", []): NOT_RUN: executeJavaScript("var previewBar = document.getElementById("preview-bar-iframe"); previewBar.style.display = "none";", [])

2019-06-28 16:15:32 - [MESSAGE][NOT_RUN] - NOT_RUN: executeJavaScript("var previewBar = document.getElementById("preview-bar-iframe"); previewBar.style.display = "none";", [])

2019-06-28 16:15:32 - [TEST_STEP][PASSED] - delay(2): Delayed 2 second(s)

2019-06-28 16:15:34 - [MESSAGE][PASSED] - Delayed 2 second(s)

2019-06-28 16:15:34 - [TEST_STEP][PASSED] - click(findTestObject("OCS-MOBILE /Collection page/Product image - 1st one")): Object: 'Object Repository/OCS-MOBILE /Collection page/Product image - 1st one' is clicked on

2019-06-28 16:15:39 - [MESSAGE][PASSED] - Object: 'Object Repository/OCS-MOBILE /Collection page/Product image - 1st one' is clicked on

2019-06-28 16:15:39 - [TEST_STEP][PASSED] - delay(2): Delayed 2 second(s)

2019-06-28 16:15:41 - [MESSAGE][PASSED] - Delayed 2 second(s)

2019-06-28 16:15:41 - [TEST_STEP][NOT_RUN] - executeJavaScript("var previewBar = document.getElementById("preview-bar-iframe"); previewBar.style.display = "none";", []): NOT_RUN: executeJavaScript("var previewBar = document.getElementById("preview-bar-iframe"); previewBar.style.display = "none";", [])

2019-06-28 16:15:41 - [MESSAGE][NOT_RUN] - NOT_RUN: executeJavaScript("var previewBar = document.getElementById("preview-bar-iframe"); previewBar.style.display = "none";", [])

2019-06-28 16:15:41 - [MESSAGE][PASSED] - Call Test Case 'Test Cases/OCS - MOBILE/CALL - PDP' successfully

2019-06-28 16:15:41 - [TEST_STEP][PASSED] - delay(2): Delayed 2 second(s)

2019-06-28 16:15:43 - [MESSAGE][PASSED] - Delayed 2 second(s)

2019-06-28 16:15:43 - [TEST_STEP][NOT_RUN] - scrollToElement(findTestObject("OCS-MOBILE /Product page/Product image"), 1): NOT_RUN: scrollToElement(findTestObject("OCS-MOBILE /Product page/Product image"), 1)

2019-06-28 16:15:43 - [MESSAGE][NOT_RUN] - NOT_RUN: scrollToElement(findTestObject("OCS-MOBILE /Product page/Product image"), 1)

2019-06-28 16:15:43 - [TEST_STEP][PASSED] - click(findTestObject("OCS-MOBILE /Product page/Learn More - Link")): Object: 'Object Repository/OCS-MOBILE /Product page/Learn More - Link' is clicked on

2019-06-28 16:15:43 - [MESSAGE][PASSED] - Object: 'Object Repository/OCS-MOBILE /Product page/Learn More - Link' is clicked on

2019-06-28 16:15:43 - [TEST_STEP][PASSED] - verifyElementPresent(findTestObject("OCS-MOBILE /Product page/About Product - Table"), 1): Object 'Object Repository/OCS-MOBILE /Product page/About Product - Table' is present

2019-06-28 16:15:43 - [MESSAGE][PASSED] - Object 'Object Repository/OCS-MOBILE /Product page/About Product - Table' is present

2019-06-28 16:15:43 - [TEST_STEP][PASSED] - takeScreenshot(): Taking screenshot successfully

2019-06-28 16:15:43 - [MESSAGE][PASSED] - Taking screenshot successfully
[[ATTACHMENT|/Users/sumankompelly/Relative xpath-Mobile/Reports/Live site/20190628_151842/1561752943260.png]]]]></system-out>
         <system-err><![CDATA[]]></system-err>
      </testcase>
      <testcase name="Test Cases/OCS - MOBILE/OCS- PRODUCT PAGE/Recently viewed" classname="Test Cases/OCS - MOBILE/OCS- PRODUCT PAGE/Recently viewed" status="PASSED">
         <system-out><![CDATA[2019-06-28 16:15:43 - [TEST_CASE][PASSED] - Test Cases/OCS - MOBILE/OCS- PRODUCT PAGE/Recently viewed: Test Cases/OCS - MOBILE/OCS- PRODUCT PAGE/Recently viewed

2019-06-28 16:15:43 - [TEST_STEP][PASSED] - callTestCase(findTestCase("OCS - MOBILE/CALL - PDP"), [:], STOP_ON_FAILURE): Call Test Case 'Test Cases/OCS - MOBILE/CALL - PDP' successfully

2019-06-28 16:15:43 - [TEST_CASE][PASSED] - Test Cases/OCS - MOBILE/CALL - PDP: Test Cases/OCS - MOBILE/CALL - PDP

2019-06-28 16:15:43 - [TEST_STEP][PASSED] - openBrowser(""): Browser is opened with url: ''

2019-06-28 16:15:43 - [MESSAGE][WARNING] - A browser is already opened. Closing browser and opening a new one

2019-06-28 16:15:43 - [MESSAGE][INFO] - Starting 'Chrome' driver

2019-06-28 16:15:44 - [MESSAGE][PASSED] - Browser is opened with url: ''

2019-06-28 16:15:44 - [TEST_STEP][PASSED] - navigateToUrl("ocs.ca"): Navigate to 'http://ocs.ca' successfully

2019-06-28 16:15:48 - [MESSAGE][PASSED] - Navigate to 'http://ocs.ca' successfully

2019-06-28 16:15:48 - [TEST_STEP][NOT_RUN] - executeJavaScript("var previewBar = document.getElementById("preview-bar-iframe"); previewBar.style.display = "none";", []): NOT_RUN: executeJavaScript("var previewBar = document.getElementById("preview-bar-iframe"); previewBar.style.display = "none";", [])

2019-06-28 16:15:48 - [MESSAGE][NOT_RUN] - NOT_RUN: executeJavaScript("var previewBar = document.getElementById("preview-bar-iframe"); previewBar.style.display = "none";", [])

2019-06-28 16:15:48 - [TEST_STEP][PASSED] - setViewPortSize(360, 800): Viewport is set to new size with width = 360 and height = 800

2019-06-28 16:15:48 - [MESSAGE][PASSED] - Viewport is set to new size with width = 360 and height = 800

2019-06-28 16:15:48 - [TEST_STEP][PASSED] - delay(4): Delayed 4 second(s)

2019-06-28 16:15:52 - [MESSAGE][PASSED] - Delayed 4 second(s)

2019-06-28 16:15:52 - [TEST_STEP][PASSED] - selectOptionByValue(findTestObject("OCS-MOBILE /Age gate and burger menu/Date"), "12", true): All options with value '12' are selected in object 'Object Repository/OCS-MOBILE /Age gate and burger menu/Date'  using regular expression

2019-06-28 16:15:53 - [MESSAGE][PASSED] - All options with value '12' are selected in object 'Object Repository/OCS-MOBILE /Age gate and burger menu/Date'  using regular expression

2019-06-28 16:15:53 - [TEST_STEP][PASSED] - selectOptionByValue(findTestObject("OCS-MOBILE /Age gate and burger menu/month"), "6", true): All options with value '6' are selected in object 'Object Repository/OCS-MOBILE /Age gate and burger menu/month'  using regular expression

2019-06-28 16:15:53 - [MESSAGE][PASSED] - All options with value '6' are selected in object 'Object Repository/OCS-MOBILE /Age gate and burger menu/month'  using regular expression

2019-06-28 16:15:53 - [TEST_STEP][PASSED] - delay(2): Delayed 2 second(s)

2019-06-28 16:15:55 - [MESSAGE][PASSED] - Delayed 2 second(s)

2019-06-28 16:15:55 - [TEST_STEP][PASSED] - selectOptionByValue(findTestObject("OCS-MOBILE /Age gate and burger menu/Year Dropdown"), "1990", true): All options with value '1990' are selected in object 'Object Repository/OCS-MOBILE /Age gate and burger menu/Year Dropdown'  using regular expression

2019-06-28 16:15:56 - [MESSAGE][PASSED] - All options with value '1990' are selected in object 'Object Repository/OCS-MOBILE /Age gate and burger menu/Year Dropdown'  using regular expression

2019-06-28 16:15:56 - [TEST_STEP][PASSED] - click(findTestObject("OCS-MOBILE /Age gate and Mega menu/button_Verify")): Object: 'Object Repository/OCS-MOBILE /Age gate and Mega menu/button_Verify' is clicked on

2019-06-28 16:15:56 - [MESSAGE][PASSED] - Object: 'Object Repository/OCS-MOBILE /Age gate and Mega menu/button_Verify' is clicked on

2019-06-28 16:15:56 - [TEST_STEP][PASSED] - click(findTestObject("OCS-MOBILE /Age gate and Mega menu/Checkbox_CONFIRM AND ACKNOWLEDGE")): Object: 'Object Repository/OCS-MOBILE /Age gate and Mega menu/Checkbox_CONFIRM AND ACKNOWLEDGE' is clicked on

2019-06-28 16:15:56 - [MESSAGE][PASSED] - Object: 'Object Repository/OCS-MOBILE /Age gate and Mega menu/Checkbox_CONFIRM AND ACKNOWLEDGE' is clicked on

2019-06-28 16:15:56 - [TEST_STEP][PASSED] - click(findTestObject("OCS-MOBILE /Age gate and Mega menu/button_CONFIRM")): Object: 'Object Repository/OCS-MOBILE /Age gate and Mega menu/button_CONFIRM' is clicked on

2019-06-28 16:15:56 - [MESSAGE][PASSED] - Object: 'Object Repository/OCS-MOBILE /Age gate and Mega menu/button_CONFIRM' is clicked on

2019-06-28 16:15:56 - [TEST_STEP][PASSED] - click(findTestObject("OCS-MOBILE /Age gate and Mega menu/button_Start Browsing")): Object: 'Object Repository/OCS-MOBILE /Age gate and Mega menu/button_Start Browsing' is clicked on

2019-06-28 16:15:56 - [MESSAGE][PASSED] - Object: 'Object Repository/OCS-MOBILE /Age gate and Mega menu/button_Start Browsing' is clicked on

2019-06-28 16:15:56 - [TEST_STEP][PASSED] - refresh(): Refresh successfully

2019-06-28 16:15:56 - [MESSAGE][PASSED] - Refresh successfully

2019-06-28 16:15:56 - [TEST_STEP][PASSED] - delay(2): Delayed 2 second(s)

2019-06-28 16:15:58 - [MESSAGE][PASSED] - Delayed 2 second(s)

2019-06-28 16:15:58 - [TEST_STEP][PASSED] - click(findTestObject("OCS-MOBILE /Age gate and burger menu/Burger menu - English")): Object: 'Object Repository/OCS-MOBILE /Age gate and burger menu/Burger menu - English' is clicked on

2019-06-28 16:15:59 - [MESSAGE][PASSED] - Object: 'Object Repository/OCS-MOBILE /Age gate and burger menu/Burger menu - English' is clicked on

2019-06-28 16:15:59 - [TEST_STEP][PASSED] - delay(2): Delayed 2 second(s)

2019-06-28 16:16:01 - [MESSAGE][PASSED] - Delayed 2 second(s)

2019-06-28 16:16:01 - [TEST_STEP][PASSED] - click(findTestObject("OCS-MOBILE /Age gate and burger menu/Chevron_Cannabis")): Object: 'Object Repository/OCS-MOBILE /Age gate and burger menu/Chevron_Cannabis' is clicked on

2019-06-28 16:16:01 - [MESSAGE][PASSED] - Object: 'Object Repository/OCS-MOBILE /Age gate and burger menu/Chevron_Cannabis' is clicked on

2019-06-28 16:16:01 - [TEST_STEP][PASSED] - delay(2): Delayed 2 second(s)

2019-06-28 16:16:03 - [MESSAGE][PASSED] - Delayed 2 second(s)

2019-06-28 16:16:03 - [TEST_STEP][PASSED] - click(findTestObject("OCS-MOBILE /Age gate and burger menu/Dried Flower_Plus icon")): Object: 'Object Repository/OCS-MOBILE /Age gate and burger menu/Dried Flower_Plus icon' is clicked on

2019-06-28 16:16:03 - [MESSAGE][PASSED] - Object: 'Object Repository/OCS-MOBILE /Age gate and burger menu/Dried Flower_Plus icon' is clicked on

2019-06-28 16:16:03 - [TEST_STEP][PASSED] - delay(2): Delayed 2 second(s)

2019-06-28 16:16:05 - [MESSAGE][PASSED] - Delayed 2 second(s)

2019-06-28 16:16:05 - [TEST_STEP][PASSED] - click(findTestObject("OCS-MOBILE /Age gate and burger menu/Indica Dominant_Menu item")): Object: 'Object Repository/OCS-MOBILE /Age gate and burger menu/Indica Dominant_Menu item' is clicked on

2019-06-28 16:16:06 - [MESSAGE][PASSED] - Object: 'Object Repository/OCS-MOBILE /Age gate and burger menu/Indica Dominant_Menu item' is clicked on

2019-06-28 16:16:06 - [TEST_STEP][NOT_RUN] - executeJavaScript("var previewBar = document.getElementById("preview-bar-iframe"); previewBar.style.display = "none";", []): NOT_RUN: executeJavaScript("var previewBar = document.getElementById("preview-bar-iframe"); previewBar.style.display = "none";", [])

2019-06-28 16:16:06 - [MESSAGE][NOT_RUN] - NOT_RUN: executeJavaScript("var previewBar = document.getElementById("preview-bar-iframe"); previewBar.style.display = "none";", [])

2019-06-28 16:16:06 - [TEST_STEP][PASSED] - delay(2): Delayed 2 second(s)

2019-06-28 16:16:08 - [MESSAGE][PASSED] - Delayed 2 second(s)

2019-06-28 16:16:08 - [TEST_STEP][PASSED] - click(findTestObject("OCS-MOBILE /Collection page/Product image - 1st one")): Object: 'Object Repository/OCS-MOBILE /Collection page/Product image - 1st one' is clicked on

2019-06-28 16:16:10 - [MESSAGE][PASSED] - Object: 'Object Repository/OCS-MOBILE /Collection page/Product image - 1st one' is clicked on

2019-06-28 16:16:10 - [TEST_STEP][PASSED] - delay(2): Delayed 2 second(s)

2019-06-28 16:16:12 - [MESSAGE][PASSED] - Delayed 2 second(s)

2019-06-28 16:16:12 - [TEST_STEP][NOT_RUN] - executeJavaScript("var previewBar = document.getElementById("preview-bar-iframe"); previewBar.style.display = "none";", []): NOT_RUN: executeJavaScript("var previewBar = document.getElementById("preview-bar-iframe"); previewBar.style.display = "none";", [])

2019-06-28 16:16:12 - [MESSAGE][NOT_RUN] - NOT_RUN: executeJavaScript("var previewBar = document.getElementById("preview-bar-iframe"); previewBar.style.display = "none";", [])

2019-06-28 16:16:12 - [MESSAGE][PASSED] - Call Test Case 'Test Cases/OCS - MOBILE/CALL - PDP' successfully

2019-06-28 16:16:12 - [TEST_STEP][PASSED] - a = getWindowTitle(): Current window's title is: 'Dreamweaver | Ontario Cannabis Store'

2019-06-28 16:16:12 - [MESSAGE][PASSED] - Current window's title is: 'Dreamweaver | Ontario Cannabis Store'

2019-06-28 16:16:12 - [TEST_STEP][PASSED] - comment("WINDOW TITLE: " + a): WINDOW TITLE: Dreamweaver | Ontario Cannabis Store

2019-06-28 16:16:12 - [MESSAGE][INFO] - WINDOW TITLE: Dreamweaver | Ontario Cannabis Store

2019-06-28 16:16:12 - [TEST_STEP][PASSED] - scrollToElement(findTestObject("OCS-MOBILE /Product page/How to choose cannabis product - Button"), 2): Scroll to object 'Object Repository/OCS-MOBILE /Product page/How to choose cannabis product - Button' successfully

2019-06-28 16:16:12 - [MESSAGE][PASSED] - Scroll to object 'Object Repository/OCS-MOBILE /Product page/How to choose cannabis product - Button' successfully

2019-06-28 16:16:12 - [TEST_STEP][PASSED] - click(findTestObject("OCS-MOBILE /Product page/Recently Viewed/1st Product - Image")): Object: 'Object Repository/OCS-MOBILE /Product page/Recently Viewed/1st Product - Image' is clicked on

2019-06-28 16:16:14 - [MESSAGE][PASSED] - Object: 'Object Repository/OCS-MOBILE /Product page/Recently Viewed/1st Product - Image' is clicked on

2019-06-28 16:16:14 - [TEST_STEP][PASSED] - delay(2): Delayed 2 second(s)

2019-06-28 16:16:16 - [MESSAGE][PASSED] - Delayed 2 second(s)

2019-06-28 16:16:16 - [TEST_STEP][PASSED] - b = getWindowTitle(): Current window's title is: 'Dreamweaver | Ontario Cannabis Store'

2019-06-28 16:16:16 - [MESSAGE][PASSED] - Current window's title is: 'Dreamweaver | Ontario Cannabis Store'

2019-06-28 16:16:16 - [TEST_STEP][PASSED] - comment("WINDOW TITLE:" + b): WINDOW TITLE:Dreamweaver | Ontario Cannabis Store

2019-06-28 16:16:16 - [MESSAGE][INFO] - WINDOW TITLE:Dreamweaver | Ontario Cannabis Store

2019-06-28 16:16:16 - [TEST_STEP][PASSED] - if (a == b): WINDOW TITLES ARE SAME

2019-06-28 16:16:16 - [TEST_STEP][PASSED] - comment("WINDOW TITLES ARE SAME"): WINDOW TITLES ARE SAME

2019-06-28 16:16:16 - [MESSAGE][INFO] - WINDOW TITLES ARE SAME]]></system-out>
         <system-err><![CDATA[]]></system-err>
      </testcase>
      <testcase name="Test Cases/OCS - MOBILE/OCS- PRODUCT PAGE/variants selector" classname="Test Cases/OCS - MOBILE/OCS- PRODUCT PAGE/variants selector" status="FAILED">
         <failure type="FAILED" message="Test Cases/OCS - MOBILE/OCS- PRODUCT PAGE/variants selector FAILED.
Reason:
com.kms.katalon.core.exception.StepFailedException: Unable to click on object 'Object Repository/OCS-MOBILE /Product page/Swatch_7g' (Root cause: org.openqa.selenium.WebDriverException: unknown error: Element &lt;span class=&quot;swatch__title&quot;>...&lt;/span> is not clickable at point (172, 668). Other element would receive the click: &lt;li class=&quot;swatch swatch--weight&quot; aria-disabled=&quot;true&quot;>...&lt;/li>
  (Session info: chrome=75.0.3770.100)
  (Driver info: chromedriver=2.43.600229 (3fae4d0cda5334b4f533bede5a4787f7b832d052),platform=Mac OS X 10.13.6 x86_64) (WARNING: The server did not provide any stacktrace information)
Command duration or timeout: 0 milliseconds
Build info: version: '3.7.1', revision: '8a0099a', time: '2017-11-06T21:07:36.161Z'
System info: host: 'sumans-MacBook-Pro.local', ip: 'fe80:0:0:0:14f6:8d5f:4e59:4e6f%en0', os.name: 'Mac OS X', os.arch: 'x86_64', os.version: '10.13.6', java.version: '1.8.0_181'
Driver info: com.kms.katalon.selenium.driver.CChromeDriver
Capabilities {acceptInsecureCerts: false, acceptSslCerts: false, applicationCacheEnabled: false, browserConnectionEnabled: false, browserName: chrome, chrome: {chromedriverVersion: 2.43.600229 (3fae4d0cda5334..., userDataDir: /var/folders/1t/c55l8xzs6gq...}, cssSelectorsEnabled: true, databaseEnabled: false, goog:chromeOptions: {debuggerAddress: localhost:59519}, handlesAlerts: true, hasTouchScreen: false, javascriptEnabled: true, locationContextEnabled: true, mobileEmulationEnabled: false, nativeEvents: true, networkConnectionEnabled: false, pageLoadStrategy: normal, platform: MAC, platformName: MAC, rotatable: false, setWindowRect: true, takesHeapSnapshot: true, takesScreenshot: true, unexpectedAlertBehaviour: , unhandledPromptBehavior: , version: 75.0.3770.100, webStorageEnabled: true}
Session ID: 1b4082af1984851799639dee66c7a5d1)
	at com.kms.katalon.core.keyword.internal.KeywordMain.stepFailed(KeywordMain.groovy:32)
	at com.kms.katalon.core.webui.keyword.internal.WebUIKeywordMain.stepFailed(WebUIKeywordMain.groovy:65)
	at com.kms.katalon.core.webui.keyword.internal.WebUIKeywordMain.runKeyword(WebUIKeywordMain.groovy:27)
	at com.kms.katalon.core.webui.keyword.builtin.ClickKeyword.click(ClickKeyword.groovy:86)
	at com.kms.katalon.core.webui.keyword.builtin.ClickKeyword.execute(ClickKeyword.groovy:67)
	at com.kms.katalon.core.keyword.internal.KeywordExecutor.executeKeywordForPlatform(KeywordExecutor.groovy:53)
	at com.kms.katalon.core.webui.keyword.WebUiBuiltInKeywords.click(WebUiBuiltInKeywords.groovy:604)
	at com.kms.katalon.core.webui.keyword.WebUiBuiltInKeywords$click$6.call(Unknown Source)
	at variants selector.run(variants selector:70)
	at com.kms.katalon.core.main.ScriptEngine.run(ScriptEngine.java:194)
	at com.kms.katalon.core.main.ScriptEngine.runScriptAsRawText(ScriptEngine.java:119)
	at com.kms.katalon.core.main.TestCaseExecutor.runScript(TestCaseExecutor.java:328)
	at com.kms.katalon.core.main.TestCaseExecutor.doExecute(TestCaseExecutor.java:319)
	at com.kms.katalon.core.main.TestCaseExecutor.processExecutionPhase(TestCaseExecutor.java:298)
	at com.kms.katalon.core.main.TestCaseExecutor.accessMainPhase(TestCaseExecutor.java:290)
	at com.kms.katalon.core.main.TestCaseExecutor.execute(TestCaseExecutor.java:224)
	at com.kms.katalon.core.main.TestSuiteExecutor.accessTestCaseMainPhase(TestSuiteExecutor.java:129)
	at com.kms.katalon.core.main.TestSuiteExecutor.accessTestSuiteMainPhase(TestSuiteExecutor.java:112)
	at com.kms.katalon.core.main.TestSuiteExecutor.execute(TestSuiteExecutor.java:81)
	at com.kms.katalon.core.main.TestCaseMain.startTestSuite(TestCaseMain.java:149)
	at com.kms.katalon.core.main.TestCaseMain$startTestSuite$0.call(Unknown Source)
	at TempTestSuite1561749522497.run(TempTestSuite1561749522497.groovy:36)
"/>
         <system-out><![CDATA[2019-06-28 16:16:16 - [TEST_CASE][FAILED] - Test Cases/OCS - MOBILE/OCS- PRODUCT PAGE/variants selector: Test Cases/OCS - MOBILE/OCS- PRODUCT PAGE/variants selector FAILED.
Reason:
com.kms.katalon.core.exception.StepFailedException: Unable to click on object 'Object Repository/OCS-MOBILE /Product page/Swatch_7g' (Root cause: org.openqa.selenium.WebDriverException: unknown error: Element <span class="swatch__title">...</span> is not clickable at point (172, 668). Other element would receive the click: <li class="swatch swatch--weight" aria-disabled="true">...</li>
  (Session info: chrome=75.0.3770.100)
  (Driver info: chromedriver=2.43.600229 (3fae4d0cda5334b4f533bede5a4787f7b832d052),platform=Mac OS X 10.13.6 x86_64) (WARNING: The server did not provide any stacktrace information)
Command duration or timeout: 0 milliseconds
Build info: version: '3.7.1', revision: '8a0099a', time: '2017-11-06T21:07:36.161Z'
System info: host: 'sumans-MacBook-Pro.local', ip: 'fe80:0:0:0:14f6:8d5f:4e59:4e6f%en0', os.name: 'Mac OS X', os.arch: 'x86_64', os.version: '10.13.6', java.version: '1.8.0_181'
Driver info: com.kms.katalon.selenium.driver.CChromeDriver
Capabilities {acceptInsecureCerts: false, acceptSslCerts: false, applicationCacheEnabled: false, browserConnectionEnabled: false, browserName: chrome, chrome: {chromedriverVersion: 2.43.600229 (3fae4d0cda5334..., userDataDir: /var/folders/1t/c55l8xzs6gq...}, cssSelectorsEnabled: true, databaseEnabled: false, goog:chromeOptions: {debuggerAddress: localhost:59519}, handlesAlerts: true, hasTouchScreen: false, javascriptEnabled: true, locationContextEnabled: true, mobileEmulationEnabled: false, nativeEvents: true, networkConnectionEnabled: false, pageLoadStrategy: normal, platform: MAC, platformName: MAC, rotatable: false, setWindowRect: true, takesHeapSnapshot: true, takesScreenshot: true, unexpectedAlertBehaviour: , unhandledPromptBehavior: , version: 75.0.3770.100, webStorageEnabled: true}
Session ID: 1b4082af1984851799639dee66c7a5d1)
	at com.kms.katalon.core.keyword.internal.KeywordMain.stepFailed(KeywordMain.groovy:32)
	at com.kms.katalon.core.webui.keyword.internal.WebUIKeywordMain.stepFailed(WebUIKeywordMain.groovy:65)
	at com.kms.katalon.core.webui.keyword.internal.WebUIKeywordMain.runKeyword(WebUIKeywordMain.groovy:27)
	at com.kms.katalon.core.webui.keyword.builtin.ClickKeyword.click(ClickKeyword.groovy:86)
	at com.kms.katalon.core.webui.keyword.builtin.ClickKeyword.execute(ClickKeyword.groovy:67)
	at com.kms.katalon.core.keyword.internal.KeywordExecutor.executeKeywordForPlatform(KeywordExecutor.groovy:53)
	at com.kms.katalon.core.webui.keyword.WebUiBuiltInKeywords.click(WebUiBuiltInKeywords.groovy:604)
	at com.kms.katalon.core.webui.keyword.WebUiBuiltInKeywords$click$6.call(Unknown Source)
	at variants selector.run(variants selector:70)
	at com.kms.katalon.core.main.ScriptEngine.run(ScriptEngine.java:194)
	at com.kms.katalon.core.main.ScriptEngine.runScriptAsRawText(ScriptEngine.java:119)
	at com.kms.katalon.core.main.TestCaseExecutor.runScript(TestCaseExecutor.java:328)
	at com.kms.katalon.core.main.TestCaseExecutor.doExecute(TestCaseExecutor.java:319)
	at com.kms.katalon.core.main.TestCaseExecutor.processExecutionPhase(TestCaseExecutor.java:298)
	at com.kms.katalon.core.main.TestCaseExecutor.accessMainPhase(TestCaseExecutor.java:290)
	at com.kms.katalon.core.main.TestCaseExecutor.execute(TestCaseExecutor.java:224)
	at com.kms.katalon.core.main.TestSuiteExecutor.accessTestCaseMainPhase(TestSuiteExecutor.java:129)
	at com.kms.katalon.core.main.TestSuiteExecutor.accessTestSuiteMainPhase(TestSuiteExecutor.java:112)
	at com.kms.katalon.core.main.TestSuiteExecutor.execute(TestSuiteExecutor.java:81)
	at com.kms.katalon.core.main.TestCaseMain.startTestSuite(TestCaseMain.java:149)
	at com.kms.katalon.core.main.TestCaseMain$startTestSuite$0.call(Unknown Source)
	at TempTestSuite1561749522497.run(TempTestSuite1561749522497.groovy:36)


2019-06-28 16:16:16 - [TEST_STEP][PASSED] - callTestCase(findTestCase("OCS - MOBILE/CALL - PDP"), [:], STOP_ON_FAILURE): Call Test Case 'Test Cases/OCS - MOBILE/CALL - PDP' successfully

2019-06-28 16:16:16 - [TEST_CASE][PASSED] - Test Cases/OCS - MOBILE/CALL - PDP: Test Cases/OCS - MOBILE/CALL - PDP

2019-06-28 16:16:16 - [TEST_STEP][PASSED] - openBrowser(""): Browser is opened with url: ''

2019-06-28 16:16:16 - [MESSAGE][WARNING] - A browser is already opened. Closing browser and opening a new one

2019-06-28 16:16:16 - [MESSAGE][INFO] - Starting 'Chrome' driver

2019-06-28 16:16:17 - [MESSAGE][PASSED] - Browser is opened with url: ''

2019-06-28 16:16:17 - [TEST_STEP][PASSED] - navigateToUrl("ocs.ca"): Navigate to 'http://ocs.ca' successfully

2019-06-28 16:16:22 - [MESSAGE][PASSED] - Navigate to 'http://ocs.ca' successfully

2019-06-28 16:16:22 - [TEST_STEP][NOT_RUN] - executeJavaScript("var previewBar = document.getElementById("preview-bar-iframe"); previewBar.style.display = "none";", []): NOT_RUN: executeJavaScript("var previewBar = document.getElementById("preview-bar-iframe"); previewBar.style.display = "none";", [])

2019-06-28 16:16:22 - [MESSAGE][NOT_RUN] - NOT_RUN: executeJavaScript("var previewBar = document.getElementById("preview-bar-iframe"); previewBar.style.display = "none";", [])

2019-06-28 16:16:22 - [TEST_STEP][PASSED] - setViewPortSize(360, 800): Viewport is set to new size with width = 360 and height = 800

2019-06-28 16:16:22 - [MESSAGE][PASSED] - Viewport is set to new size with width = 360 and height = 800

2019-06-28 16:16:22 - [TEST_STEP][PASSED] - delay(4): Delayed 4 second(s)

2019-06-28 16:16:26 - [MESSAGE][PASSED] - Delayed 4 second(s)

2019-06-28 16:16:26 - [TEST_STEP][PASSED] - selectOptionByValue(findTestObject("OCS-MOBILE /Age gate and burger menu/Date"), "12", true): All options with value '12' are selected in object 'Object Repository/OCS-MOBILE /Age gate and burger menu/Date'  using regular expression

2019-06-28 16:16:26 - [MESSAGE][PASSED] - All options with value '12' are selected in object 'Object Repository/OCS-MOBILE /Age gate and burger menu/Date'  using regular expression

2019-06-28 16:16:26 - [TEST_STEP][PASSED] - selectOptionByValue(findTestObject("OCS-MOBILE /Age gate and burger menu/month"), "6", true): All options with value '6' are selected in object 'Object Repository/OCS-MOBILE /Age gate and burger menu/month'  using regular expression

2019-06-28 16:16:26 - [MESSAGE][PASSED] - All options with value '6' are selected in object 'Object Repository/OCS-MOBILE /Age gate and burger menu/month'  using regular expression

2019-06-28 16:16:26 - [TEST_STEP][PASSED] - delay(2): Delayed 2 second(s)

2019-06-28 16:16:28 - [MESSAGE][PASSED] - Delayed 2 second(s)

2019-06-28 16:16:28 - [TEST_STEP][PASSED] - selectOptionByValue(findTestObject("OCS-MOBILE /Age gate and burger menu/Year Dropdown"), "1990", true): All options with value '1990' are selected in object 'Object Repository/OCS-MOBILE /Age gate and burger menu/Year Dropdown'  using regular expression

2019-06-28 16:16:29 - [MESSAGE][PASSED] - All options with value '1990' are selected in object 'Object Repository/OCS-MOBILE /Age gate and burger menu/Year Dropdown'  using regular expression

2019-06-28 16:16:29 - [TEST_STEP][PASSED] - click(findTestObject("OCS-MOBILE /Age gate and Mega menu/button_Verify")): Object: 'Object Repository/OCS-MOBILE /Age gate and Mega menu/button_Verify' is clicked on

2019-06-28 16:16:29 - [MESSAGE][PASSED] - Object: 'Object Repository/OCS-MOBILE /Age gate and Mega menu/button_Verify' is clicked on

2019-06-28 16:16:29 - [TEST_STEP][PASSED] - click(findTestObject("OCS-MOBILE /Age gate and Mega menu/Checkbox_CONFIRM AND ACKNOWLEDGE")): Object: 'Object Repository/OCS-MOBILE /Age gate and Mega menu/Checkbox_CONFIRM AND ACKNOWLEDGE' is clicked on

2019-06-28 16:16:29 - [MESSAGE][PASSED] - Object: 'Object Repository/OCS-MOBILE /Age gate and Mega menu/Checkbox_CONFIRM AND ACKNOWLEDGE' is clicked on

2019-06-28 16:16:29 - [TEST_STEP][PASSED] - click(findTestObject("OCS-MOBILE /Age gate and Mega menu/button_CONFIRM")): Object: 'Object Repository/OCS-MOBILE /Age gate and Mega menu/button_CONFIRM' is clicked on

2019-06-28 16:16:30 - [MESSAGE][PASSED] - Object: 'Object Repository/OCS-MOBILE /Age gate and Mega menu/button_CONFIRM' is clicked on

2019-06-28 16:16:30 - [TEST_STEP][PASSED] - click(findTestObject("OCS-MOBILE /Age gate and Mega menu/button_Start Browsing")): Object: 'Object Repository/OCS-MOBILE /Age gate and Mega menu/button_Start Browsing' is clicked on

2019-06-28 16:16:30 - [MESSAGE][PASSED] - Object: 'Object Repository/OCS-MOBILE /Age gate and Mega menu/button_Start Browsing' is clicked on

2019-06-28 16:16:30 - [TEST_STEP][PASSED] - refresh(): Refresh successfully

2019-06-28 16:16:32 - [MESSAGE][PASSED] - Refresh successfully

2019-06-28 16:16:32 - [TEST_STEP][PASSED] - delay(2): Delayed 2 second(s)

2019-06-28 16:16:34 - [MESSAGE][PASSED] - Delayed 2 second(s)

2019-06-28 16:16:34 - [TEST_STEP][PASSED] - click(findTestObject("OCS-MOBILE /Age gate and burger menu/Burger menu - English")): Object: 'Object Repository/OCS-MOBILE /Age gate and burger menu/Burger menu - English' is clicked on

2019-06-28 16:16:34 - [MESSAGE][PASSED] - Object: 'Object Repository/OCS-MOBILE /Age gate and burger menu/Burger menu - English' is clicked on

2019-06-28 16:16:34 - [TEST_STEP][PASSED] - delay(2): Delayed 2 second(s)

2019-06-28 16:16:36 - [MESSAGE][PASSED] - Delayed 2 second(s)

2019-06-28 16:16:36 - [TEST_STEP][PASSED] - click(findTestObject("OCS-MOBILE /Age gate and burger menu/Chevron_Cannabis")): Object: 'Object Repository/OCS-MOBILE /Age gate and burger menu/Chevron_Cannabis' is clicked on

2019-06-28 16:16:36 - [MESSAGE][PASSED] - Object: 'Object Repository/OCS-MOBILE /Age gate and burger menu/Chevron_Cannabis' is clicked on

2019-06-28 16:16:36 - [TEST_STEP][PASSED] - delay(2): Delayed 2 second(s)

2019-06-28 16:16:38 - [MESSAGE][PASSED] - Delayed 2 second(s)

2019-06-28 16:16:38 - [TEST_STEP][PASSED] - click(findTestObject("OCS-MOBILE /Age gate and burger menu/Dried Flower_Plus icon")): Object: 'Object Repository/OCS-MOBILE /Age gate and burger menu/Dried Flower_Plus icon' is clicked on

2019-06-28 16:16:38 - [MESSAGE][PASSED] - Object: 'Object Repository/OCS-MOBILE /Age gate and burger menu/Dried Flower_Plus icon' is clicked on

2019-06-28 16:16:38 - [TEST_STEP][PASSED] - delay(2): Delayed 2 second(s)

2019-06-28 16:16:41 - [MESSAGE][PASSED] - Delayed 2 second(s)

2019-06-28 16:16:41 - [TEST_STEP][PASSED] - click(findTestObject("OCS-MOBILE /Age gate and burger menu/Indica Dominant_Menu item")): Object: 'Object Repository/OCS-MOBILE /Age gate and burger menu/Indica Dominant_Menu item' is clicked on

2019-06-28 16:16:43 - [MESSAGE][PASSED] - Object: 'Object Repository/OCS-MOBILE /Age gate and burger menu/Indica Dominant_Menu item' is clicked on

2019-06-28 16:16:43 - [TEST_STEP][NOT_RUN] - executeJavaScript("var previewBar = document.getElementById("preview-bar-iframe"); previewBar.style.display = "none";", []): NOT_RUN: executeJavaScript("var previewBar = document.getElementById("preview-bar-iframe"); previewBar.style.display = "none";", [])

2019-06-28 16:16:43 - [MESSAGE][NOT_RUN] - NOT_RUN: executeJavaScript("var previewBar = document.getElementById("preview-bar-iframe"); previewBar.style.display = "none";", [])

2019-06-28 16:16:43 - [TEST_STEP][PASSED] - delay(2): Delayed 2 second(s)

2019-06-28 16:16:45 - [MESSAGE][PASSED] - Delayed 2 second(s)

2019-06-28 16:16:45 - [TEST_STEP][PASSED] - click(findTestObject("OCS-MOBILE /Collection page/Product image - 1st one")): Object: 'Object Repository/OCS-MOBILE /Collection page/Product image - 1st one' is clicked on

2019-06-28 16:16:47 - [MESSAGE][PASSED] - Object: 'Object Repository/OCS-MOBILE /Collection page/Product image - 1st one' is clicked on

2019-06-28 16:16:47 - [TEST_STEP][PASSED] - delay(2): Delayed 2 second(s)

2019-06-28 16:16:49 - [MESSAGE][PASSED] - Delayed 2 second(s)

2019-06-28 16:16:49 - [TEST_STEP][NOT_RUN] - executeJavaScript("var previewBar = document.getElementById("preview-bar-iframe"); previewBar.style.display = "none";", []): NOT_RUN: executeJavaScript("var previewBar = document.getElementById("preview-bar-iframe"); previewBar.style.display = "none";", [])

2019-06-28 16:16:49 - [MESSAGE][NOT_RUN] - NOT_RUN: executeJavaScript("var previewBar = document.getElementById("preview-bar-iframe"); previewBar.style.display = "none";", [])

2019-06-28 16:16:49 - [MESSAGE][PASSED] - Call Test Case 'Test Cases/OCS - MOBILE/CALL - PDP' successfully

2019-06-28 16:16:49 - [TEST_STEP][PASSED] - navigateToUrl("https://ocs.ca/products/lola-montes-edison"): Navigate to 'https://ocs.ca/products/lola-montes-edison' successfully

2019-06-28 16:16:51 - [MESSAGE][PASSED] - Navigate to 'https://ocs.ca/products/lola-montes-edison' successfully

2019-06-28 16:16:51 - [TEST_STEP][NOT_RUN] - executeJavaScript("var previewBar = document.getElementById("preview-bar-iframe"); previewBar.style.display = "none";", []): NOT_RUN: executeJavaScript("var previewBar = document.getElementById("preview-bar-iframe"); previewBar.style.display = "none";", [])

2019-06-28 16:16:51 - [MESSAGE][NOT_RUN] - NOT_RUN: executeJavaScript("var previewBar = document.getElementById("preview-bar-iframe"); previewBar.style.display = "none";", [])

2019-06-28 16:16:51 - [TEST_STEP][PASSED] - delay(2): Delayed 2 second(s)

2019-06-28 16:16:53 - [MESSAGE][PASSED] - Delayed 2 second(s)

2019-06-28 16:16:53 - [TEST_STEP][NOT_RUN] - scrollToElement(findTestObject("OCS-MOBILE /Product page/Product image"), 1): NOT_RUN: scrollToElement(findTestObject("OCS-MOBILE /Product page/Product image"), 1)

2019-06-28 16:16:53 - [MESSAGE][NOT_RUN] - NOT_RUN: scrollToElement(findTestObject("OCS-MOBILE /Product page/Product image"), 1)

2019-06-28 16:16:53 - [TEST_STEP][PASSED] - delay(2): Delayed 2 second(s)

2019-06-28 16:16:55 - [MESSAGE][PASSED] - Delayed 2 second(s)

2019-06-28 16:16:55 - [TEST_STEP][PASSED] - flag1 = verifyElementClickable(findTestObject("OCS-MOBILE /Product page/Swatch_1g")): Object 'Object Repository/OCS-MOBILE /Product page/Swatch_1g' is clickable

2019-06-28 16:16:55 - [MESSAGE][PASSED] - Object 'Object Repository/OCS-MOBILE /Product page/Swatch_1g' is clickable

2019-06-28 16:16:55 - [TEST_STEP][PASSED] - comment("flag1=" + flag1): flag1=true

2019-06-28 16:16:55 - [MESSAGE][INFO] - flag1=true

2019-06-28 16:16:55 - [TEST_STEP][PASSED] - if (flag1 == true): Delayed 1 second(s)

2019-06-28 16:16:55 - [TEST_STEP][PASSED] - delay(2): Delayed 2 second(s)

2019-06-28 16:16:57 - [MESSAGE][PASSED] - Delayed 2 second(s)

2019-06-28 16:16:57 - [TEST_STEP][PASSED] - click(findTestObject("OCS-MOBILE /Product page/Swatch_1g"), CONTINUE_ON_FAILURE): Object: 'Object Repository/OCS-MOBILE /Product page/Swatch_1g' is clicked on

2019-06-28 16:16:57 - [MESSAGE][PASSED] - Object: 'Object Repository/OCS-MOBILE /Product page/Swatch_1g' is clicked on

2019-06-28 16:16:57 - [TEST_STEP][PASSED] - delay(3): Delayed 3 second(s)

2019-06-28 16:17:00 - [MESSAGE][PASSED] - Delayed 3 second(s)

2019-06-28 16:17:00 - [TEST_STEP][PASSED] - delay(1): Delayed 1 second(s)

2019-06-28 16:17:01 - [MESSAGE][PASSED] - Delayed 1 second(s)

2019-06-28 16:17:01 - [TEST_STEP][PASSED] - takeScreenshot(): Taking screenshot successfully

2019-06-28 16:17:01 - [MESSAGE][PASSED] - Taking screenshot successfully
[[ATTACHMENT|/Users/sumankompelly/Relative xpath-Mobile/Reports/Live site/20190628_151842/1561753021536.png]]

2019-06-28 16:17:01 - [TEST_STEP][PASSED] - delay(1): Delayed 1 second(s)

2019-06-28 16:17:02 - [MESSAGE][PASSED] - Delayed 1 second(s)

2019-06-28 16:17:02 - [TEST_STEP][PASSED] - flag2 = verifyElementClickable(findTestObject("OCS-MOBILE /Product page/Swatch_3.5g")): Object 'Object Repository/OCS-MOBILE /Product page/Swatch_3.5g' is clickable

2019-06-28 16:17:02 - [MESSAGE][PASSED] - Object 'Object Repository/OCS-MOBILE /Product page/Swatch_3.5g' is clickable

2019-06-28 16:17:02 - [TEST_STEP][PASSED] - comment("flag2=" + flag2): flag2=true

2019-06-28 16:17:02 - [MESSAGE][INFO] - flag2=true

2019-06-28 16:17:02 - [TEST_STEP][PASSED] - if (flag2 == true): Delayed 1 second(s)

2019-06-28 16:17:02 - [TEST_STEP][PASSED] - click(findTestObject("OCS-MOBILE /Product page/Swatch_3.5g"), CONTINUE_ON_FAILURE): Object: 'Object Repository/OCS-MOBILE /Product page/Swatch_3.5g' is clicked on

2019-06-28 16:17:02 - [MESSAGE][PASSED] - Object: 'Object Repository/OCS-MOBILE /Product page/Swatch_3.5g' is clicked on

2019-06-28 16:17:02 - [TEST_STEP][PASSED] - delay(1): Delayed 1 second(s)

2019-06-28 16:17:03 - [MESSAGE][PASSED] - Delayed 1 second(s)

2019-06-28 16:17:03 - [TEST_STEP][PASSED] - takeScreenshot(): Taking screenshot successfully

2019-06-28 16:17:04 - [MESSAGE][PASSED] - Taking screenshot successfully
[[ATTACHMENT|/Users/sumankompelly/Relative xpath-Mobile/Reports/Live site/20190628_151842/1561753023992.png]]

2019-06-28 16:17:04 - [TEST_STEP][PASSED] - delay(1): Delayed 1 second(s)

2019-06-28 16:17:05 - [MESSAGE][PASSED] - Delayed 1 second(s)

2019-06-28 16:17:05 - [TEST_STEP][PASSED] - flag3 = verifyElementClickable(findTestObject("OCS-MOBILE /Product page/Swatch_7g")): Object 'Object Repository/OCS-MOBILE /Product page/Swatch_7g' is clickable

2019-06-28 16:17:05 - [MESSAGE][PASSED] - Object 'Object Repository/OCS-MOBILE /Product page/Swatch_7g' is clickable

2019-06-28 16:17:05 - [TEST_STEP][PASSED] - comment("flag3=" + flag3): flag3=true

2019-06-28 16:17:05 - [MESSAGE][INFO] - flag3=true

2019-06-28 16:17:05 - [TEST_STEP][FAILED] - if (flag3 == true): if (flag3 == true) FAILED.
Reason:
com.kms.katalon.core.exception.StepFailedException: Unable to click on object 'Object Repository/OCS-MOBILE /Product page/Swatch_7g' (Root cause: org.openqa.selenium.WebDriverException: unknown error: Element <span class="swatch__title">...</span> is not clickable at point (172, 668). Other element would receive the click: <li class="swatch swatch--weight" aria-disabled="true">...</li>
  (Session info: chrome=75.0.3770.100)
  (Driver info: chromedriver=2.43.600229 (3fae4d0cda5334b4f533bede5a4787f7b832d052),platform=Mac OS X 10.13.6 x86_64) (WARNING: The server did not provide any stacktrace information)
Command duration or timeout: 0 milliseconds
Build info: version: '3.7.1', revision: '8a0099a', time: '2017-11-06T21:07:36.161Z'
System info: host: 'sumans-MacBook-Pro.local', ip: 'fe80:0:0:0:14f6:8d5f:4e59:4e6f%en0', os.name: 'Mac OS X', os.arch: 'x86_64', os.version: '10.13.6', java.version: '1.8.0_181'
Driver info: com.kms.katalon.selenium.driver.CChromeDriver
Capabilities {acceptInsecureCerts: false, acceptSslCerts: false, applicationCacheEnabled: false, browserConnectionEnabled: false, browserName: chrome, chrome: {chromedriverVersion: 2.43.600229 (3fae4d0cda5334..., userDataDir: /var/folders/1t/c55l8xzs6gq...}, cssSelectorsEnabled: true, databaseEnabled: false, goog:chromeOptions: {debuggerAddress: localhost:59519}, handlesAlerts: true, hasTouchScreen: false, javascriptEnabled: true, locationContextEnabled: true, mobileEmulationEnabled: false, nativeEvents: true, networkConnectionEnabled: false, pageLoadStrategy: normal, platform: MAC, platformName: MAC, rotatable: false, setWindowRect: true, takesHeapSnapshot: true, takesScreenshot: true, unexpectedAlertBehaviour: , unhandledPromptBehavior: , version: 75.0.3770.100, webStorageEnabled: true}
Session ID: 1b4082af1984851799639dee66c7a5d1)
	at com.kms.katalon.core.keyword.internal.KeywordMain.stepFailed(KeywordMain.groovy:32)
	at com.kms.katalon.core.webui.keyword.internal.WebUIKeywordMain.stepFailed(WebUIKeywordMain.groovy:65)
	at com.kms.katalon.core.webui.keyword.internal.WebUIKeywordMain.runKeyword(WebUIKeywordMain.groovy:27)
	at com.kms.katalon.core.webui.keyword.builtin.ClickKeyword.click(ClickKeyword.groovy:86)
	at com.kms.katalon.core.webui.keyword.builtin.ClickKeyword.execute(ClickKeyword.groovy:67)
	at com.kms.katalon.core.keyword.internal.KeywordExecutor.executeKeywordForPlatform(KeywordExecutor.groovy:53)
	at com.kms.katalon.core.webui.keyword.WebUiBuiltInKeywords.click(WebUiBuiltInKeywords.groovy:604)
	at com.kms.katalon.core.webui.keyword.WebUiBuiltInKeywords$click$6.call(Unknown Source)
	at variants selector.run(variants selector:70)
	at com.kms.katalon.core.main.ScriptEngine.run(ScriptEngine.java:194)
	at com.kms.katalon.core.main.ScriptEngine.runScriptAsRawText(ScriptEngine.java:119)
	at com.kms.katalon.core.main.TestCaseExecutor.runScript(TestCaseExecutor.java:328)
	at com.kms.katalon.core.main.TestCaseExecutor.doExecute(TestCaseExecutor.java:319)
	at com.kms.katalon.core.main.TestCaseExecutor.processExecutionPhase(TestCaseExecutor.java:298)
	at com.kms.katalon.core.main.TestCaseExecutor.accessMainPhase(TestCaseExecutor.java:290)
	at com.kms.katalon.core.main.TestCaseExecutor.execute(TestCaseExecutor.java:224)
	at com.kms.katalon.core.main.TestSuiteExecutor.accessTestCaseMainPhase(TestSuiteExecutor.java:129)
	at com.kms.katalon.core.main.TestSuiteExecutor.accessTestSuiteMainPhase(TestSuiteExecutor.java:112)
	at com.kms.katalon.core.main.TestSuiteExecutor.execute(TestSuiteExecutor.java:81)
	at com.kms.katalon.core.main.TestCaseMain.startTestSuite(TestCaseMain.java:149)
	at com.kms.katalon.core.main.TestCaseMain$startTestSuite$0.call(Unknown Source)
	at TempTestSuite1561749522497.run(TempTestSuite1561749522497.groovy:36)


2019-06-28 16:17:05 - [TEST_STEP][FAILED] - click(findTestObject("OCS-MOBILE /Product page/Swatch_7g"), CONTINUE_ON_FAILURE): Unable to click on object 'Object Repository/OCS-MOBILE /Product page/Swatch_7g' (Root cause: org.openqa.selenium.WebDriverException: unknown error: Element <span class="swatch__title">...</span> is not clickable at point (172, 668). Other element would receive the click: <li class="swatch swatch--weight" aria-disabled="true">...</li>
  (Session info: chrome=75.0.3770.100)
  (Driver info: chromedriver=2.43.600229 (3fae4d0cda5334b4f533bede5a4787f7b832d052),platform=Mac OS X 10.13.6 x86_64) (WARNING: The server did not provide any stacktrace information)
Command duration or timeout: 0 milliseconds
Build info: version: '3.7.1', revision: '8a0099a', time: '2017-11-06T21:07:36.161Z'
System info: host: 'sumans-MacBook-Pro.local', ip: 'fe80:0:0:0:14f6:8d5f:4e59:4e6f%en0', os.name: 'Mac OS X', os.arch: 'x86_64', os.version: '10.13.6', java.version: '1.8.0_181'
Driver info: com.kms.katalon.selenium.driver.CChromeDriver
Capabilities {acceptInsecureCerts: false, acceptSslCerts: false, applicationCacheEnabled: false, browserConnectionEnabled: false, browserName: chrome, chrome: {chromedriverVersion: 2.43.600229 (3fae4d0cda5334..., userDataDir: /var/folders/1t/c55l8xzs6gq...}, cssSelectorsEnabled: true, databaseEnabled: false, goog:chromeOptions: {debuggerAddress: localhost:59519}, handlesAlerts: true, hasTouchScreen: false, javascriptEnabled: true, locationContextEnabled: true, mobileEmulationEnabled: false, nativeEvents: true, networkConnectionEnabled: false, pageLoadStrategy: normal, platform: MAC, platformName: MAC, rotatable: false, setWindowRect: true, takesHeapSnapshot: true, takesScreenshot: true, unexpectedAlertBehaviour: , unhandledPromptBehavior: , version: 75.0.3770.100, webStorageEnabled: true}
Session ID: 1b4082af1984851799639dee66c7a5d1)

2019-06-28 16:17:05 - [MESSAGE][FAILED] - Unable to click on object 'Object Repository/OCS-MOBILE /Product page/Swatch_7g' (Root cause: org.openqa.selenium.WebDriverException: unknown error: Element <span class="swatch__title">...</span> is not clickable at point (172, 668). Other element would receive the click: <li class="swatch swatch--weight" aria-disabled="true">...</li>
  (Session info: chrome=75.0.3770.100)
  (Driver info: chromedriver=2.43.600229 (3fae4d0cda5334b4f533bede5a4787f7b832d052),platform=Mac OS X 10.13.6 x86_64) (WARNING: The server did not provide any stacktrace information)
Command duration or timeout: 0 milliseconds
Build info: version: '3.7.1', revision: '8a0099a', time: '2017-11-06T21:07:36.161Z'
System info: host: 'sumans-MacBook-Pro.local', ip: 'fe80:0:0:0:14f6:8d5f:4e59:4e6f%en0', os.name: 'Mac OS X', os.arch: 'x86_64', os.version: '10.13.6', java.version: '1.8.0_181'
Driver info: com.kms.katalon.selenium.driver.CChromeDriver
Capabilities {acceptInsecureCerts: false, acceptSslCerts: false, applicationCacheEnabled: false, browserConnectionEnabled: false, browserName: chrome, chrome: {chromedriverVersion: 2.43.600229 (3fae4d0cda5334..., userDataDir: /var/folders/1t/c55l8xzs6gq...}, cssSelectorsEnabled: true, databaseEnabled: false, goog:chromeOptions: {debuggerAddress: localhost:59519}, handlesAlerts: true, hasTouchScreen: false, javascriptEnabled: true, locationContextEnabled: true, mobileEmulationEnabled: false, nativeEvents: true, networkConnectionEnabled: false, pageLoadStrategy: normal, platform: MAC, platformName: MAC, rotatable: false, setWindowRect: true, takesHeapSnapshot: true, takesScreenshot: true, unexpectedAlertBehaviour: , unhandledPromptBehavior: , version: 75.0.3770.100, webStorageEnabled: true}
Session ID: 1b4082af1984851799639dee66c7a5d1)
[[ATTACHMENT|/Users/sumankompelly/Relative xpath-Mobile/Reports/Live site/20190628_151842/1561753025391.png]]

2019-06-28 16:17:05 - [TEST_STEP][PASSED] - delay(1): Delayed 1 second(s)

2019-06-28 16:17:06 - [MESSAGE][PASSED] - Delayed 1 second(s)

2019-06-28 16:17:06 - [TEST_STEP][PASSED] - takeScreenshot(): Taking screenshot successfully

2019-06-28 16:17:07 - [MESSAGE][PASSED] - Taking screenshot successfully
[[ATTACHMENT|/Users/sumankompelly/Relative xpath-Mobile/Reports/Live site/20190628_151842/1561753026748.png]]

2019-06-28 16:17:07 - [TEST_STEP][PASSED] - delay(1): Delayed 1 second(s)

2019-06-28 16:17:08 - [MESSAGE][PASSED] - Delayed 1 second(s)

2019-06-28 16:17:08 - [TEST_STEP][FAILED] - closeBrowser(): if (flag3 == true) FAILED.
Reason:
com.kms.katalon.core.exception.StepFailedException: Unable to click on object 'Object Repository/OCS-MOBILE /Product page/Swatch_7g' (Root cause: org.openqa.selenium.WebDriverException: unknown error: Element <span class="swatch__title">...</span> is not clickable at point (172, 668). Other element would receive the click: <li class="swatch swatch--weight" aria-disabled="true">...</li>
  (Session info: chrome=75.0.3770.100)
  (Driver info: chromedriver=2.43.600229 (3fae4d0cda5334b4f533bede5a4787f7b832d052),platform=Mac OS X 10.13.6 x86_64) (WARNING: The server did not provide any stacktrace information)
Command duration or timeout: 0 milliseconds
Build info: version: '3.7.1', revision: '8a0099a', time: '2017-11-06T21:07:36.161Z'
System info: host: 'sumans-MacBook-Pro.local', ip: 'fe80:0:0:0:14f6:8d5f:4e59:4e6f%en0', os.name: 'Mac OS X', os.arch: 'x86_64', os.version: '10.13.6', java.version: '1.8.0_181'
Driver info: com.kms.katalon.selenium.driver.CChromeDriver
Capabilities {acceptInsecureCerts: false, acceptSslCerts: false, applicationCacheEnabled: false, browserConnectionEnabled: false, browserName: chrome, chrome: {chromedriverVersion: 2.43.600229 (3fae4d0cda5334..., userDataDir: /var/folders/1t/c55l8xzs6gq...}, cssSelectorsEnabled: true, databaseEnabled: false, goog:chromeOptions: {debuggerAddress: localhost:59519}, handlesAlerts: true, hasTouchScreen: false, javascriptEnabled: true, locationContextEnabled: true, mobileEmulationEnabled: false, nativeEvents: true, networkConnectionEnabled: false, pageLoadStrategy: normal, platform: MAC, platformName: MAC, rotatable: false, setWindowRect: true, takesHeapSnapshot: true, takesScreenshot: true, unexpectedAlertBehaviour: , unhandledPromptBehavior: , version: 75.0.3770.100, webStorageEnabled: true}
Session ID: 1b4082af1984851799639dee66c7a5d1)
	at com.kms.katalon.core.keyword.internal.KeywordMain.stepFailed(KeywordMain.groovy:32)
	at com.kms.katalon.core.webui.keyword.internal.WebUIKeywordMain.stepFailed(WebUIKeywordMain.groovy:65)
	at com.kms.katalon.core.webui.keyword.internal.WebUIKeywordMain.runKeyword(WebUIKeywordMain.groovy:27)
	at com.kms.katalon.core.webui.keyword.builtin.ClickKeyword.click(ClickKeyword.groovy:86)
	at com.kms.katalon.core.webui.keyword.builtin.ClickKeyword.execute(ClickKeyword.groovy:67)
	at com.kms.katalon.core.keyword.internal.KeywordExecutor.executeKeywordForPlatform(KeywordExecutor.groovy:53)
	at com.kms.katalon.core.webui.keyword.WebUiBuiltInKeywords.click(WebUiBuiltInKeywords.groovy:604)
	at com.kms.katalon.core.webui.keyword.WebUiBuiltInKeywords$click$6.call(Unknown Source)
	at variants selector.run(variants selector:70)
	at com.kms.katalon.core.main.ScriptEngine.run(ScriptEngine.java:194)
	at com.kms.katalon.core.main.ScriptEngine.runScriptAsRawText(ScriptEngine.java:119)
	at com.kms.katalon.core.main.TestCaseExecutor.runScript(TestCaseExecutor.java:328)
	at com.kms.katalon.core.main.TestCaseExecutor.doExecute(TestCaseExecutor.java:319)
	at com.kms.katalon.core.main.TestCaseExecutor.processExecutionPhase(TestCaseExecutor.java:298)
	at com.kms.katalon.core.main.TestCaseExecutor.accessMainPhase(TestCaseExecutor.java:290)
	at com.kms.katalon.core.main.TestCaseExecutor.execute(TestCaseExecutor.java:224)
	at com.kms.katalon.core.main.TestSuiteExecutor.accessTestCaseMainPhase(TestSuiteExecutor.java:129)
	at com.kms.katalon.core.main.TestSuiteExecutor.accessTestSuiteMainPhase(TestSuiteExecutor.java:112)
	at com.kms.katalon.core.main.TestSuiteExecutor.execute(TestSuiteExecutor.java:81)
	at com.kms.katalon.core.main.TestCaseMain.startTestSuite(TestCaseMain.java:149)
	at com.kms.katalon.core.main.TestCaseMain$startTestSuite$0.call(Unknown Source)
	at TempTestSuite1561749522497.run(TempTestSuite1561749522497.groovy:36)


2019-06-28 16:17:08 - [MESSAGE][NOT_RUN] - NOT_RUN: closeBrowser()

2019-06-28 16:17:08 - [MESSAGE][FAILED] - if (flag3 == true) FAILED.
Reason:
com.kms.katalon.core.exception.StepFailedException: Unable to click on object 'Object Repository/OCS-MOBILE /Product page/Swatch_7g' (Root cause: org.openqa.selenium.WebDriverException: unknown error: Element <span class="swatch__title">...</span> is not clickable at point (172, 668). Other element would receive the click: <li class="swatch swatch--weight" aria-disabled="true">...</li>
  (Session info: chrome=75.0.3770.100)
  (Driver info: chromedriver=2.43.600229 (3fae4d0cda5334b4f533bede5a4787f7b832d052),platform=Mac OS X 10.13.6 x86_64) (WARNING: The server did not provide any stacktrace information)
Command duration or timeout: 0 milliseconds
Build info: version: '3.7.1', revision: '8a0099a', time: '2017-11-06T21:07:36.161Z'
System info: host: 'sumans-MacBook-Pro.local', ip: 'fe80:0:0:0:14f6:8d5f:4e59:4e6f%en0', os.name: 'Mac OS X', os.arch: 'x86_64', os.version: '10.13.6', java.version: '1.8.0_181'
Driver info: com.kms.katalon.selenium.driver.CChromeDriver
Capabilities {acceptInsecureCerts: false, acceptSslCerts: false, applicationCacheEnabled: false, browserConnectionEnabled: false, browserName: chrome, chrome: {chromedriverVersion: 2.43.600229 (3fae4d0cda5334..., userDataDir: /var/folders/1t/c55l8xzs6gq...}, cssSelectorsEnabled: true, databaseEnabled: false, goog:chromeOptions: {debuggerAddress: localhost:59519}, handlesAlerts: true, hasTouchScreen: false, javascriptEnabled: true, locationContextEnabled: true, mobileEmulationEnabled: false, nativeEvents: true, networkConnectionEnabled: false, pageLoadStrategy: normal, platform: MAC, platformName: MAC, rotatable: false, setWindowRect: true, takesHeapSnapshot: true, takesScreenshot: true, unexpectedAlertBehaviour: , unhandledPromptBehavior: , version: 75.0.3770.100, webStorageEnabled: true}
Session ID: 1b4082af1984851799639dee66c7a5d1)
	at com.kms.katalon.core.keyword.internal.KeywordMain.stepFailed(KeywordMain.groovy:32)
	at com.kms.katalon.core.webui.keyword.internal.WebUIKeywordMain.stepFailed(WebUIKeywordMain.groovy:65)
	at com.kms.katalon.core.webui.keyword.internal.WebUIKeywordMain.runKeyword(WebUIKeywordMain.groovy:27)
	at com.kms.katalon.core.webui.keyword.builtin.ClickKeyword.click(ClickKeyword.groovy:86)
	at com.kms.katalon.core.webui.keyword.builtin.ClickKeyword.execute(ClickKeyword.groovy:67)
	at com.kms.katalon.core.keyword.internal.KeywordExecutor.executeKeywordForPlatform(KeywordExecutor.groovy:53)
	at com.kms.katalon.core.webui.keyword.WebUiBuiltInKeywords.click(WebUiBuiltInKeywords.groovy:604)
	at com.kms.katalon.core.webui.keyword.WebUiBuiltInKeywords$click$6.call(Unknown Source)
	at variants selector.run(variants selector:70)
	at com.kms.katalon.core.main.ScriptEngine.run(ScriptEngine.java:194)
	at com.kms.katalon.core.main.ScriptEngine.runScriptAsRawText(ScriptEngine.java:119)
	at com.kms.katalon.core.main.TestCaseExecutor.runScript(TestCaseExecutor.java:328)
	at com.kms.katalon.core.main.TestCaseExecutor.doExecute(TestCaseExecutor.java:319)
	at com.kms.katalon.core.main.TestCaseExecutor.processExecutionPhase(TestCaseExecutor.java:298)
	at com.kms.katalon.core.main.TestCaseExecutor.accessMainPhase(TestCaseExecutor.java:290)
	at com.kms.katalon.core.main.TestCaseExecutor.execute(TestCaseExecutor.java:224)
	at com.kms.katalon.core.main.TestSuiteExecutor.accessTestCaseMainPhase(TestSuiteExecutor.java:129)
	at com.kms.katalon.core.main.TestSuiteExecutor.accessTestSuiteMainPhase(TestSuiteExecutor.java:112)
	at com.kms.katalon.core.main.TestSuiteExecutor.execute(TestSuiteExecutor.java:81)
	at com.kms.katalon.core.main.TestCaseMain.startTestSuite(TestCaseMain.java:149)
	at com.kms.katalon.core.main.TestCaseMain$startTestSuite$0.call(Unknown Source)
	at TempTestSuite1561749522497.run(TempTestSuite1561749522497.groovy:36)]]></system-out>
         <system-err><![CDATA[2019-06-28 16:16:16 - [TEST_CASE][FAILED] - Test Cases/OCS - MOBILE/OCS- PRODUCT PAGE/variants selector: Test Cases/OCS - MOBILE/OCS- PRODUCT PAGE/variants selector FAILED.
Reason:
com.kms.katalon.core.exception.StepFailedException: Unable to click on object 'Object Repository/OCS-MOBILE /Product page/Swatch_7g' (Root cause: org.openqa.selenium.WebDriverException: unknown error: Element <span class="swatch__title">...</span> is not clickable at point (172, 668). Other element would receive the click: <li class="swatch swatch--weight" aria-disabled="true">...</li>
  (Session info: chrome=75.0.3770.100)
  (Driver info: chromedriver=2.43.600229 (3fae4d0cda5334b4f533bede5a4787f7b832d052),platform=Mac OS X 10.13.6 x86_64) (WARNING: The server did not provide any stacktrace information)
Command duration or timeout: 0 milliseconds
Build info: version: '3.7.1', revision: '8a0099a', time: '2017-11-06T21:07:36.161Z'
System info: host: 'sumans-MacBook-Pro.local', ip: 'fe80:0:0:0:14f6:8d5f:4e59:4e6f%en0', os.name: 'Mac OS X', os.arch: 'x86_64', os.version: '10.13.6', java.version: '1.8.0_181'
Driver info: com.kms.katalon.selenium.driver.CChromeDriver
Capabilities {acceptInsecureCerts: false, acceptSslCerts: false, applicationCacheEnabled: false, browserConnectionEnabled: false, browserName: chrome, chrome: {chromedriverVersion: 2.43.600229 (3fae4d0cda5334..., userDataDir: /var/folders/1t/c55l8xzs6gq...}, cssSelectorsEnabled: true, databaseEnabled: false, goog:chromeOptions: {debuggerAddress: localhost:59519}, handlesAlerts: true, hasTouchScreen: false, javascriptEnabled: true, locationContextEnabled: true, mobileEmulationEnabled: false, nativeEvents: true, networkConnectionEnabled: false, pageLoadStrategy: normal, platform: MAC, platformName: MAC, rotatable: false, setWindowRect: true, takesHeapSnapshot: true, takesScreenshot: true, unexpectedAlertBehaviour: , unhandledPromptBehavior: , version: 75.0.3770.100, webStorageEnabled: true}
Session ID: 1b4082af1984851799639dee66c7a5d1)
	at com.kms.katalon.core.keyword.internal.KeywordMain.stepFailed(KeywordMain.groovy:32)
	at com.kms.katalon.core.webui.keyword.internal.WebUIKeywordMain.stepFailed(WebUIKeywordMain.groovy:65)
	at com.kms.katalon.core.webui.keyword.internal.WebUIKeywordMain.runKeyword(WebUIKeywordMain.groovy:27)
	at com.kms.katalon.core.webui.keyword.builtin.ClickKeyword.click(ClickKeyword.groovy:86)
	at com.kms.katalon.core.webui.keyword.builtin.ClickKeyword.execute(ClickKeyword.groovy:67)
	at com.kms.katalon.core.keyword.internal.KeywordExecutor.executeKeywordForPlatform(KeywordExecutor.groovy:53)
	at com.kms.katalon.core.webui.keyword.WebUiBuiltInKeywords.click(WebUiBuiltInKeywords.groovy:604)
	at com.kms.katalon.core.webui.keyword.WebUiBuiltInKeywords$click$6.call(Unknown Source)
	at variants selector.run(variants selector:70)
	at com.kms.katalon.core.main.ScriptEngine.run(ScriptEngine.java:194)
	at com.kms.katalon.core.main.ScriptEngine.runScriptAsRawText(ScriptEngine.java:119)
	at com.kms.katalon.core.main.TestCaseExecutor.runScript(TestCaseExecutor.java:328)
	at com.kms.katalon.core.main.TestCaseExecutor.doExecute(TestCaseExecutor.java:319)
	at com.kms.katalon.core.main.TestCaseExecutor.processExecutionPhase(TestCaseExecutor.java:298)
	at com.kms.katalon.core.main.TestCaseExecutor.accessMainPhase(TestCaseExecutor.java:290)
	at com.kms.katalon.core.main.TestCaseExecutor.execute(TestCaseExecutor.java:224)
	at com.kms.katalon.core.main.TestSuiteExecutor.accessTestCaseMainPhase(TestSuiteExecutor.java:129)
	at com.kms.katalon.core.main.TestSuiteExecutor.accessTestSuiteMainPhase(TestSuiteExecutor.java:112)
	at com.kms.katalon.core.main.TestSuiteExecutor.execute(TestSuiteExecutor.java:81)
	at com.kms.katalon.core.main.TestCaseMain.startTestSuite(TestCaseMain.java:149)
	at com.kms.katalon.core.main.TestCaseMain$startTestSuite$0.call(Unknown Source)
	at TempTestSuite1561749522497.run(TempTestSuite1561749522497.groovy:36)]]></system-err>
      </testcase>
      <testcase name="Test Cases/OCS - MOBILE/OCS- PRODUCT PAGE/How to choose cannbis products" classname="Test Cases/OCS - MOBILE/OCS- PRODUCT PAGE/How to choose cannbis products" status="PASSED">
         <system-out><![CDATA[2019-06-28 16:17:08 - [TEST_CASE][PASSED] - Test Cases/OCS - MOBILE/OCS- PRODUCT PAGE/How to choose cannbis products: Test Cases/OCS - MOBILE/OCS- PRODUCT PAGE/How to choose cannbis products

2019-06-28 16:17:08 - [TEST_STEP][PASSED] - callTestCase(findTestCase("OCS - MOBILE/CALL - PDP"), [:], STOP_ON_FAILURE): Call Test Case 'Test Cases/OCS - MOBILE/CALL - PDP' successfully

2019-06-28 16:17:08 - [TEST_CASE][PASSED] - Test Cases/OCS - MOBILE/CALL - PDP: Test Cases/OCS - MOBILE/CALL - PDP

2019-06-28 16:17:08 - [TEST_STEP][PASSED] - openBrowser(""): Browser is opened with url: ''

2019-06-28 16:17:08 - [MESSAGE][WARNING] - A browser is already opened. Closing browser and opening a new one

2019-06-28 16:17:08 - [MESSAGE][INFO] - Starting 'Chrome' driver

2019-06-28 16:17:09 - [MESSAGE][PASSED] - Browser is opened with url: ''

2019-06-28 16:17:09 - [TEST_STEP][PASSED] - navigateToUrl("ocs.ca"): Navigate to 'http://ocs.ca' successfully

2019-06-28 16:17:13 - [MESSAGE][PASSED] - Navigate to 'http://ocs.ca' successfully

2019-06-28 16:17:13 - [TEST_STEP][NOT_RUN] - executeJavaScript("var previewBar = document.getElementById("preview-bar-iframe"); previewBar.style.display = "none";", []): NOT_RUN: executeJavaScript("var previewBar = document.getElementById("preview-bar-iframe"); previewBar.style.display = "none";", [])

2019-06-28 16:17:13 - [MESSAGE][NOT_RUN] - NOT_RUN: executeJavaScript("var previewBar = document.getElementById("preview-bar-iframe"); previewBar.style.display = "none";", [])

2019-06-28 16:17:13 - [TEST_STEP][PASSED] - setViewPortSize(360, 800): Viewport is set to new size with width = 360 and height = 800

2019-06-28 16:17:13 - [MESSAGE][PASSED] - Viewport is set to new size with width = 360 and height = 800

2019-06-28 16:17:13 - [TEST_STEP][PASSED] - delay(4): Delayed 4 second(s)

2019-06-28 16:17:17 - [MESSAGE][PASSED] - Delayed 4 second(s)

2019-06-28 16:17:17 - [TEST_STEP][PASSED] - selectOptionByValue(findTestObject("OCS-MOBILE /Age gate and burger menu/Date"), "12", true): All options with value '12' are selected in object 'Object Repository/OCS-MOBILE /Age gate and burger menu/Date'  using regular expression

2019-06-28 16:17:17 - [MESSAGE][PASSED] - All options with value '12' are selected in object 'Object Repository/OCS-MOBILE /Age gate and burger menu/Date'  using regular expression

2019-06-28 16:17:17 - [TEST_STEP][PASSED] - selectOptionByValue(findTestObject("OCS-MOBILE /Age gate and burger menu/month"), "6", true): All options with value '6' are selected in object 'Object Repository/OCS-MOBILE /Age gate and burger menu/month'  using regular expression

2019-06-28 16:17:17 - [MESSAGE][PASSED] - All options with value '6' are selected in object 'Object Repository/OCS-MOBILE /Age gate and burger menu/month'  using regular expression

2019-06-28 16:17:17 - [TEST_STEP][PASSED] - delay(2): Delayed 2 second(s)

2019-06-28 16:17:19 - [MESSAGE][PASSED] - Delayed 2 second(s)

2019-06-28 16:17:19 - [TEST_STEP][PASSED] - selectOptionByValue(findTestObject("OCS-MOBILE /Age gate and burger menu/Year Dropdown"), "1990", true): All options with value '1990' are selected in object 'Object Repository/OCS-MOBILE /Age gate and burger menu/Year Dropdown'  using regular expression

2019-06-28 16:17:20 - [MESSAGE][PASSED] - All options with value '1990' are selected in object 'Object Repository/OCS-MOBILE /Age gate and burger menu/Year Dropdown'  using regular expression

2019-06-28 16:17:20 - [TEST_STEP][PASSED] - click(findTestObject("OCS-MOBILE /Age gate and Mega menu/button_Verify")): Object: 'Object Repository/OCS-MOBILE /Age gate and Mega menu/button_Verify' is clicked on

2019-06-28 16:17:20 - [MESSAGE][PASSED] - Object: 'Object Repository/OCS-MOBILE /Age gate and Mega menu/button_Verify' is clicked on

2019-06-28 16:17:20 - [TEST_STEP][PASSED] - click(findTestObject("OCS-MOBILE /Age gate and Mega menu/Checkbox_CONFIRM AND ACKNOWLEDGE")): Object: 'Object Repository/OCS-MOBILE /Age gate and Mega menu/Checkbox_CONFIRM AND ACKNOWLEDGE' is clicked on

2019-06-28 16:17:20 - [MESSAGE][PASSED] - Object: 'Object Repository/OCS-MOBILE /Age gate and Mega menu/Checkbox_CONFIRM AND ACKNOWLEDGE' is clicked on

2019-06-28 16:17:20 - [TEST_STEP][PASSED] - click(findTestObject("OCS-MOBILE /Age gate and Mega menu/button_CONFIRM")): Object: 'Object Repository/OCS-MOBILE /Age gate and Mega menu/button_CONFIRM' is clicked on

2019-06-28 16:17:21 - [MESSAGE][PASSED] - Object: 'Object Repository/OCS-MOBILE /Age gate and Mega menu/button_CONFIRM' is clicked on

2019-06-28 16:17:21 - [TEST_STEP][PASSED] - click(findTestObject("OCS-MOBILE /Age gate and Mega menu/button_Start Browsing")): Object: 'Object Repository/OCS-MOBILE /Age gate and Mega menu/button_Start Browsing' is clicked on

2019-06-28 16:17:21 - [MESSAGE][PASSED] - Object: 'Object Repository/OCS-MOBILE /Age gate and Mega menu/button_Start Browsing' is clicked on

2019-06-28 16:17:21 - [TEST_STEP][PASSED] - refresh(): Refresh successfully

2019-06-28 16:17:21 - [MESSAGE][PASSED] - Refresh successfully

2019-06-28 16:17:21 - [TEST_STEP][PASSED] - delay(2): Delayed 2 second(s)

2019-06-28 16:17:23 - [MESSAGE][PASSED] - Delayed 2 second(s)

2019-06-28 16:17:23 - [TEST_STEP][PASSED] - click(findTestObject("OCS-MOBILE /Age gate and burger menu/Burger menu - English")): Object: 'Object Repository/OCS-MOBILE /Age gate and burger menu/Burger menu - English' is clicked on

2019-06-28 16:17:23 - [MESSAGE][PASSED] - Object: 'Object Repository/OCS-MOBILE /Age gate and burger menu/Burger menu - English' is clicked on

2019-06-28 16:17:23 - [TEST_STEP][PASSED] - delay(2): Delayed 2 second(s)

2019-06-28 16:17:25 - [MESSAGE][PASSED] - Delayed 2 second(s)

2019-06-28 16:17:25 - [TEST_STEP][PASSED] - click(findTestObject("OCS-MOBILE /Age gate and burger menu/Chevron_Cannabis")): Object: 'Object Repository/OCS-MOBILE /Age gate and burger menu/Chevron_Cannabis' is clicked on

2019-06-28 16:17:25 - [MESSAGE][PASSED] - Object: 'Object Repository/OCS-MOBILE /Age gate and burger menu/Chevron_Cannabis' is clicked on

2019-06-28 16:17:25 - [TEST_STEP][PASSED] - delay(2): Delayed 2 second(s)

2019-06-28 16:17:27 - [MESSAGE][PASSED] - Delayed 2 second(s)

2019-06-28 16:17:27 - [TEST_STEP][PASSED] - click(findTestObject("OCS-MOBILE /Age gate and burger menu/Dried Flower_Plus icon")): Object: 'Object Repository/OCS-MOBILE /Age gate and burger menu/Dried Flower_Plus icon' is clicked on

2019-06-28 16:17:27 - [MESSAGE][PASSED] - Object: 'Object Repository/OCS-MOBILE /Age gate and burger menu/Dried Flower_Plus icon' is clicked on

2019-06-28 16:17:27 - [TEST_STEP][PASSED] - delay(2): Delayed 2 second(s)

2019-06-28 16:17:29 - [MESSAGE][PASSED] - Delayed 2 second(s)

2019-06-28 16:17:29 - [TEST_STEP][PASSED] - click(findTestObject("OCS-MOBILE /Age gate and burger menu/Indica Dominant_Menu item")): Object: 'Object Repository/OCS-MOBILE /Age gate and burger menu/Indica Dominant_Menu item' is clicked on

2019-06-28 16:17:30 - [MESSAGE][PASSED] - Object: 'Object Repository/OCS-MOBILE /Age gate and burger menu/Indica Dominant_Menu item' is clicked on

2019-06-28 16:17:30 - [TEST_STEP][NOT_RUN] - executeJavaScript("var previewBar = document.getElementById("preview-bar-iframe"); previewBar.style.display = "none";", []): NOT_RUN: executeJavaScript("var previewBar = document.getElementById("preview-bar-iframe"); previewBar.style.display = "none";", [])

2019-06-28 16:17:30 - [MESSAGE][NOT_RUN] - NOT_RUN: executeJavaScript("var previewBar = document.getElementById("preview-bar-iframe"); previewBar.style.display = "none";", [])

2019-06-28 16:17:30 - [TEST_STEP][PASSED] - delay(2): Delayed 2 second(s)

2019-06-28 16:17:32 - [MESSAGE][PASSED] - Delayed 2 second(s)

2019-06-28 16:17:32 - [TEST_STEP][PASSED] - click(findTestObject("OCS-MOBILE /Collection page/Product image - 1st one")): Object: 'Object Repository/OCS-MOBILE /Collection page/Product image - 1st one' is clicked on

2019-06-28 16:17:36 - [MESSAGE][PASSED] - Object: 'Object Repository/OCS-MOBILE /Collection page/Product image - 1st one' is clicked on

2019-06-28 16:17:36 - [TEST_STEP][PASSED] - delay(2): Delayed 2 second(s)

2019-06-28 16:17:38 - [MESSAGE][PASSED] - Delayed 2 second(s)

2019-06-28 16:17:38 - [TEST_STEP][NOT_RUN] - executeJavaScript("var previewBar = document.getElementById("preview-bar-iframe"); previewBar.style.display = "none";", []): NOT_RUN: executeJavaScript("var previewBar = document.getElementById("preview-bar-iframe"); previewBar.style.display = "none";", [])

2019-06-28 16:17:38 - [MESSAGE][NOT_RUN] - NOT_RUN: executeJavaScript("var previewBar = document.getElementById("preview-bar-iframe"); previewBar.style.display = "none";", [])

2019-06-28 16:17:38 - [MESSAGE][PASSED] - Call Test Case 'Test Cases/OCS - MOBILE/CALL - PDP' successfully

2019-06-28 16:17:38 - [TEST_STEP][PASSED] - scrollToElement(findTestObject("OCS-MOBILE /Product page/How to choose cannabis product - Section"), 2): Scroll to object 'Object Repository/OCS-MOBILE /Product page/How to choose cannabis product - Section' successfully

2019-06-28 16:17:38 - [MESSAGE][PASSED] - Scroll to object 'Object Repository/OCS-MOBILE /Product page/How to choose cannabis product - Section' successfully

2019-06-28 16:17:38 - [TEST_STEP][PASSED] - click(findTestObject("OCS-MOBILE /Product page/How to choose cannabis product - Button")): Object: 'Object Repository/OCS-MOBILE /Product page/How to choose cannabis product - Button' is clicked on

2019-06-28 16:17:40 - [MESSAGE][PASSED] - Object: 'Object Repository/OCS-MOBILE /Product page/How to choose cannabis product - Button' is clicked on

2019-06-28 16:17:40 - [TEST_STEP][PASSED] - a = getWindowTitle(): Current window's title is: 'Factors in Choosing Cannabis Products | Ontario Cannabis Store'

2019-06-28 16:17:40 - [MESSAGE][PASSED] - Current window's title is: 'Factors in Choosing Cannabis Products | Ontario Cannabis Store'

2019-06-28 16:17:40 - [TEST_STEP][PASSED] - b = "Factors in Choosing Cannabis Products | Ontario Cannabis Store": null

2019-06-28 16:17:40 - [TEST_STEP][PASSED] - comment("WINDOW TITLE IS: " + a): WINDOW TITLE IS: Factors in Choosing Cannabis Products | Ontario Cannabis Store

2019-06-28 16:17:40 - [MESSAGE][INFO] - WINDOW TITLE IS: Factors in Choosing Cannabis Products | Ontario Cannabis Store

2019-06-28 16:17:40 - [TEST_STEP][PASSED] - if (a == b): TITLE IS SAME

2019-06-28 16:17:40 - [TEST_STEP][PASSED] - comment("TITLE IS SAME"): TITLE IS SAME

2019-06-28 16:17:40 - [MESSAGE][INFO] - TITLE IS SAME

2019-06-28 16:17:40 - [TEST_STEP][PASSED] - back(): Navigate back successfully

2019-06-28 16:17:41 - [MESSAGE][PASSED] - Navigate back successfully]]></system-out>
         <system-err><![CDATA[]]></system-err>
      </testcase>
      <testcase name="Test Cases/OCS - MOBILE/OCS-AGE GATE/AG- Under Age" classname="Test Cases/OCS - MOBILE/OCS-AGE GATE/AG- Under Age" status="FAILED">
         <failure type="FAILED" message="Test Cases/OCS - MOBILE/OCS-AGE GATE/AG- Under Age FAILED.
Reason:
com.kms.katalon.core.exception.StepFailedException: Unable to click on object 'Object Repository/OCS-MOBILE /Age gate and burger menu/Checkbox_CONFIRM AND ACKNOWLEDGE' (Root cause: com.kms.katalon.core.webui.exception.WebElementNotFoundException: Web element with id: 'Object Repository/OCS-MOBILE /Age gate and burger menu/Checkbox_CONFIRM AND ACKNOWLEDGE' located by 'By.xpath: /html/body/div/div[1]/section/div/section/div/form/fieldset/div[1]/div/p[3]/label/span' not found)
	at com.kms.katalon.core.keyword.internal.KeywordMain.stepFailed(KeywordMain.groovy:36)
	at com.kms.katalon.core.webui.keyword.internal.WebUIKeywordMain.stepFailed(WebUIKeywordMain.groovy:65)
	at com.kms.katalon.core.webui.keyword.internal.WebUIKeywordMain.runKeyword(WebUIKeywordMain.groovy:27)
	at com.kms.katalon.core.webui.keyword.builtin.ClickKeyword.click(ClickKeyword.groovy:86)
	at com.kms.katalon.core.webui.keyword.builtin.ClickKeyword.execute(ClickKeyword.groovy:67)
	at com.kms.katalon.core.keyword.internal.KeywordExecutor.executeKeywordForPlatform(KeywordExecutor.groovy:53)
	at com.kms.katalon.core.webui.keyword.WebUiBuiltInKeywords.click(WebUiBuiltInKeywords.groovy:616)
	at com.kms.katalon.core.webui.keyword.WebUiBuiltInKeywords$click$3.call(Unknown Source)
	at AG- Under Age.run(AG- Under Age:37)
	at com.kms.katalon.core.main.ScriptEngine.run(ScriptEngine.java:194)
	at com.kms.katalon.core.main.ScriptEngine.runScriptAsRawText(ScriptEngine.java:119)
	at com.kms.katalon.core.main.TestCaseExecutor.runScript(TestCaseExecutor.java:328)
	at com.kms.katalon.core.main.TestCaseExecutor.doExecute(TestCaseExecutor.java:319)
	at com.kms.katalon.core.main.TestCaseExecutor.processExecutionPhase(TestCaseExecutor.java:298)
	at com.kms.katalon.core.main.TestCaseExecutor.accessMainPhase(TestCaseExecutor.java:290)
	at com.kms.katalon.core.main.TestCaseExecutor.execute(TestCaseExecutor.java:224)
	at com.kms.katalon.core.main.TestSuiteExecutor.accessTestCaseMainPhase(TestSuiteExecutor.java:129)
	at com.kms.katalon.core.main.TestSuiteExecutor.accessTestSuiteMainPhase(TestSuiteExecutor.java:112)
	at com.kms.katalon.core.main.TestSuiteExecutor.execute(TestSuiteExecutor.java:81)
	at com.kms.katalon.core.main.TestCaseMain.startTestSuite(TestCaseMain.java:149)
	at com.kms.katalon.core.main.TestCaseMain$startTestSuite$0.call(Unknown Source)
	at TempTestSuite1561749522497.run(TempTestSuite1561749522497.groovy:36)
"/>
         <system-out><![CDATA[2019-06-28 16:17:41 - [TEST_CASE][FAILED] - Test Cases/OCS - MOBILE/OCS-AGE GATE/AG- Under Age: Test Cases/OCS - MOBILE/OCS-AGE GATE/AG- Under Age FAILED.
Reason:
com.kms.katalon.core.exception.StepFailedException: Unable to click on object 'Object Repository/OCS-MOBILE /Age gate and burger menu/Checkbox_CONFIRM AND ACKNOWLEDGE' (Root cause: com.kms.katalon.core.webui.exception.WebElementNotFoundException: Web element with id: 'Object Repository/OCS-MOBILE /Age gate and burger menu/Checkbox_CONFIRM AND ACKNOWLEDGE' located by 'By.xpath: /html/body/div/div[1]/section/div/section/div/form/fieldset/div[1]/div/p[3]/label/span' not found)
	at com.kms.katalon.core.keyword.internal.KeywordMain.stepFailed(KeywordMain.groovy:36)
	at com.kms.katalon.core.webui.keyword.internal.WebUIKeywordMain.stepFailed(WebUIKeywordMain.groovy:65)
	at com.kms.katalon.core.webui.keyword.internal.WebUIKeywordMain.runKeyword(WebUIKeywordMain.groovy:27)
	at com.kms.katalon.core.webui.keyword.builtin.ClickKeyword.click(ClickKeyword.groovy:86)
	at com.kms.katalon.core.webui.keyword.builtin.ClickKeyword.execute(ClickKeyword.groovy:67)
	at com.kms.katalon.core.keyword.internal.KeywordExecutor.executeKeywordForPlatform(KeywordExecutor.groovy:53)
	at com.kms.katalon.core.webui.keyword.WebUiBuiltInKeywords.click(WebUiBuiltInKeywords.groovy:616)
	at com.kms.katalon.core.webui.keyword.WebUiBuiltInKeywords$click$3.call(Unknown Source)
	at AG- Under Age.run(AG- Under Age:37)
	at com.kms.katalon.core.main.ScriptEngine.run(ScriptEngine.java:194)
	at com.kms.katalon.core.main.ScriptEngine.runScriptAsRawText(ScriptEngine.java:119)
	at com.kms.katalon.core.main.TestCaseExecutor.runScript(TestCaseExecutor.java:328)
	at com.kms.katalon.core.main.TestCaseExecutor.doExecute(TestCaseExecutor.java:319)
	at com.kms.katalon.core.main.TestCaseExecutor.processExecutionPhase(TestCaseExecutor.java:298)
	at com.kms.katalon.core.main.TestCaseExecutor.accessMainPhase(TestCaseExecutor.java:290)
	at com.kms.katalon.core.main.TestCaseExecutor.execute(TestCaseExecutor.java:224)
	at com.kms.katalon.core.main.TestSuiteExecutor.accessTestCaseMainPhase(TestSuiteExecutor.java:129)
	at com.kms.katalon.core.main.TestSuiteExecutor.accessTestSuiteMainPhase(TestSuiteExecutor.java:112)
	at com.kms.katalon.core.main.TestSuiteExecutor.execute(TestSuiteExecutor.java:81)
	at com.kms.katalon.core.main.TestCaseMain.startTestSuite(TestCaseMain.java:149)
	at com.kms.katalon.core.main.TestCaseMain$startTestSuite$0.call(Unknown Source)
	at TempTestSuite1561749522497.run(TempTestSuite1561749522497.groovy:36)


2019-06-28 16:17:41 - [TEST_STEP][PASSED] - openBrowser(""): Browser is opened with url: ''

2019-06-28 16:17:41 - [MESSAGE][WARNING] - A browser is already opened. Closing browser and opening a new one

2019-06-28 16:17:41 - [MESSAGE][INFO] - Starting 'Chrome' driver

2019-06-28 16:17:42 - [MESSAGE][PASSED] - Browser is opened with url: ''

2019-06-28 16:17:42 - [TEST_STEP][PASSED] - navigateToUrl("ocs.ca"): Navigate to 'http://ocs.ca' successfully

2019-06-28 16:17:46 - [MESSAGE][PASSED] - Navigate to 'http://ocs.ca' successfully

2019-06-28 16:17:46 - [TEST_STEP][NOT_RUN] - executeJavaScript("var previewBar = document.getElementById("preview-bar-iframe"); previewBar.style.display = "none";", []): NOT_RUN: executeJavaScript("var previewBar = document.getElementById("preview-bar-iframe"); previewBar.style.display = "none";", [])

2019-06-28 16:17:46 - [MESSAGE][NOT_RUN] - NOT_RUN: executeJavaScript("var previewBar = document.getElementById("preview-bar-iframe"); previewBar.style.display = "none";", [])

2019-06-28 16:17:46 - [TEST_STEP][PASSED] - setViewPortSize(360, 800): Viewport is set to new size with width = 360 and height = 800

2019-06-28 16:17:46 - [MESSAGE][PASSED] - Viewport is set to new size with width = 360 and height = 800

2019-06-28 16:17:46 - [TEST_STEP][PASSED] - delay(4): Delayed 4 second(s)

2019-06-28 16:17:50 - [MESSAGE][PASSED] - Delayed 4 second(s)

2019-06-28 16:17:50 - [TEST_STEP][PASSED] - selectOptionByValue(findTestObject("OCS-MOBILE /Age gate and Mega menu/Date"), "12", true): All options with value '12' are selected in object 'Object Repository/OCS-MOBILE /Age gate and Mega menu/Date'  using regular expression

2019-06-28 16:17:50 - [MESSAGE][PASSED] - All options with value '12' are selected in object 'Object Repository/OCS-MOBILE /Age gate and Mega menu/Date'  using regular expression

2019-06-28 16:17:50 - [TEST_STEP][PASSED] - selectOptionByValue(findTestObject("OCS-MOBILE /Age gate and Mega menu/month"), "6", true): All options with value '6' are selected in object 'Object Repository/OCS-MOBILE /Age gate and Mega menu/month'  using regular expression

2019-06-28 16:17:51 - [MESSAGE][PASSED] - All options with value '6' are selected in object 'Object Repository/OCS-MOBILE /Age gate and Mega menu/month'  using regular expression

2019-06-28 16:17:51 - [TEST_STEP][PASSED] - delay(2): Delayed 2 second(s)

2019-06-28 16:17:53 - [MESSAGE][PASSED] - Delayed 2 second(s)

2019-06-28 16:17:53 - [TEST_STEP][PASSED] - selectOptionByValue(findTestObject("OCS-MOBILE /Age gate and Mega menu/Year Dropdown"), "2017", true): All options with value '2017' are selected in object 'Object Repository/OCS-MOBILE /Age gate and Mega menu/Year Dropdown'  using regular expression

2019-06-28 16:17:53 - [MESSAGE][PASSED] - All options with value '2017' are selected in object 'Object Repository/OCS-MOBILE /Age gate and Mega menu/Year Dropdown'  using regular expression

2019-06-28 16:17:53 - [TEST_STEP][PASSED] - click(findTestObject("OCS-MOBILE /Age gate and Mega menu/button_Verify")): Object: 'Object Repository/OCS-MOBILE /Age gate and Mega menu/button_Verify' is clicked on

2019-06-28 16:17:54 - [MESSAGE][PASSED] - Object: 'Object Repository/OCS-MOBILE /Age gate and Mega menu/button_Verify' is clicked on

2019-06-28 16:17:54 - [TEST_STEP][FAILED] - click(findTestObject("OCS-MOBILE /Age gate and burger menu/Checkbox_CONFIRM AND ACKNOWLEDGE")): click(findTestObject("OCS-MOBILE /Age gate and burger menu/Checkbox_CONFIRM AND ACKNOWLEDGE")) FAILED.
Reason:
com.kms.katalon.core.exception.StepFailedException: Unable to click on object 'Object Repository/OCS-MOBILE /Age gate and burger menu/Checkbox_CONFIRM AND ACKNOWLEDGE' (Root cause: com.kms.katalon.core.webui.exception.WebElementNotFoundException: Web element with id: 'Object Repository/OCS-MOBILE /Age gate and burger menu/Checkbox_CONFIRM AND ACKNOWLEDGE' located by 'By.xpath: /html/body/div/div[1]/section/div/section/div/form/fieldset/div[1]/div/p[3]/label/span' not found)
	at com.kms.katalon.core.keyword.internal.KeywordMain.stepFailed(KeywordMain.groovy:36)
	at com.kms.katalon.core.webui.keyword.internal.WebUIKeywordMain.stepFailed(WebUIKeywordMain.groovy:65)
	at com.kms.katalon.core.webui.keyword.internal.WebUIKeywordMain.runKeyword(WebUIKeywordMain.groovy:27)
	at com.kms.katalon.core.webui.keyword.builtin.ClickKeyword.click(ClickKeyword.groovy:86)
	at com.kms.katalon.core.webui.keyword.builtin.ClickKeyword.execute(ClickKeyword.groovy:67)
	at com.kms.katalon.core.keyword.internal.KeywordExecutor.executeKeywordForPlatform(KeywordExecutor.groovy:53)
	at com.kms.katalon.core.webui.keyword.WebUiBuiltInKeywords.click(WebUiBuiltInKeywords.groovy:616)
	at com.kms.katalon.core.webui.keyword.WebUiBuiltInKeywords$click$3.call(Unknown Source)
	at AG- Under Age.run(AG- Under Age:37)
	at com.kms.katalon.core.main.ScriptEngine.run(ScriptEngine.java:194)
	at com.kms.katalon.core.main.ScriptEngine.runScriptAsRawText(ScriptEngine.java:119)
	at com.kms.katalon.core.main.TestCaseExecutor.runScript(TestCaseExecutor.java:328)
	at com.kms.katalon.core.main.TestCaseExecutor.doExecute(TestCaseExecutor.java:319)
	at com.kms.katalon.core.main.TestCaseExecutor.processExecutionPhase(TestCaseExecutor.java:298)
	at com.kms.katalon.core.main.TestCaseExecutor.accessMainPhase(TestCaseExecutor.java:290)
	at com.kms.katalon.core.main.TestCaseExecutor.execute(TestCaseExecutor.java:224)
	at com.kms.katalon.core.main.TestSuiteExecutor.accessTestCaseMainPhase(TestSuiteExecutor.java:129)
	at com.kms.katalon.core.main.TestSuiteExecutor.accessTestSuiteMainPhase(TestSuiteExecutor.java:112)
	at com.kms.katalon.core.main.TestSuiteExecutor.execute(TestSuiteExecutor.java:81)
	at com.kms.katalon.core.main.TestCaseMain.startTestSuite(TestCaseMain.java:149)
	at com.kms.katalon.core.main.TestCaseMain$startTestSuite$0.call(Unknown Source)
	at TempTestSuite1561749522497.run(TempTestSuite1561749522497.groovy:36)


2019-06-28 16:18:24 - [MESSAGE][INFO] - Unable to find the element located by 'By.xpath: /html/body/div/div[1]/section/div/section/div/form/fieldset/div[1]/div/p[3]/label/span'. Please recheck the objects properties to make sure the desired element is located. 

2019-06-28 16:18:25 - [MESSAGE][FAILED] - Unable to click on object 'Object Repository/OCS-MOBILE /Age gate and burger menu/Checkbox_CONFIRM AND ACKNOWLEDGE' (Root cause: com.kms.katalon.core.webui.exception.WebElementNotFoundException: Web element with id: 'Object Repository/OCS-MOBILE /Age gate and burger menu/Checkbox_CONFIRM AND ACKNOWLEDGE' located by 'By.xpath: /html/body/div/div[1]/section/div/section/div/form/fieldset/div[1]/div/p[3]/label/span' not found)
[[ATTACHMENT|/Users/sumankompelly/Relative xpath-Mobile/Reports/Live site/20190628_151842/1561753104845.png]]

2019-06-28 16:18:25 - [MESSAGE][FAILED] - click(findTestObject("OCS-MOBILE /Age gate and burger menu/Checkbox_CONFIRM AND ACKNOWLEDGE")) FAILED.
Reason:
com.kms.katalon.core.exception.StepFailedException: Unable to click on object 'Object Repository/OCS-MOBILE /Age gate and burger menu/Checkbox_CONFIRM AND ACKNOWLEDGE' (Root cause: com.kms.katalon.core.webui.exception.WebElementNotFoundException: Web element with id: 'Object Repository/OCS-MOBILE /Age gate and burger menu/Checkbox_CONFIRM AND ACKNOWLEDGE' located by 'By.xpath: /html/body/div/div[1]/section/div/section/div/form/fieldset/div[1]/div/p[3]/label/span' not found)
	at com.kms.katalon.core.keyword.internal.KeywordMain.stepFailed(KeywordMain.groovy:36)
	at com.kms.katalon.core.webui.keyword.internal.WebUIKeywordMain.stepFailed(WebUIKeywordMain.groovy:65)
	at com.kms.katalon.core.webui.keyword.internal.WebUIKeywordMain.runKeyword(WebUIKeywordMain.groovy:27)
	at com.kms.katalon.core.webui.keyword.builtin.ClickKeyword.click(ClickKeyword.groovy:86)
	at com.kms.katalon.core.webui.keyword.builtin.ClickKeyword.execute(ClickKeyword.groovy:67)
	at com.kms.katalon.core.keyword.internal.KeywordExecutor.executeKeywordForPlatform(KeywordExecutor.groovy:53)
	at com.kms.katalon.core.webui.keyword.WebUiBuiltInKeywords.click(WebUiBuiltInKeywords.groovy:616)
	at com.kms.katalon.core.webui.keyword.WebUiBuiltInKeywords$click$3.call(Unknown Source)
	at AG- Under Age.run(AG- Under Age:37)
	at com.kms.katalon.core.main.ScriptEngine.run(ScriptEngine.java:194)
	at com.kms.katalon.core.main.ScriptEngine.runScriptAsRawText(ScriptEngine.java:119)
	at com.kms.katalon.core.main.TestCaseExecutor.runScript(TestCaseExecutor.java:328)
	at com.kms.katalon.core.main.TestCaseExecutor.doExecute(TestCaseExecutor.java:319)
	at com.kms.katalon.core.main.TestCaseExecutor.processExecutionPhase(TestCaseExecutor.java:298)
	at com.kms.katalon.core.main.TestCaseExecutor.accessMainPhase(TestCaseExecutor.java:290)
	at com.kms.katalon.core.main.TestCaseExecutor.execute(TestCaseExecutor.java:224)
	at com.kms.katalon.core.main.TestSuiteExecutor.accessTestCaseMainPhase(TestSuiteExecutor.java:129)
	at com.kms.katalon.core.main.TestSuiteExecutor.accessTestSuiteMainPhase(TestSuiteExecutor.java:112)
	at com.kms.katalon.core.main.TestSuiteExecutor.execute(TestSuiteExecutor.java:81)
	at com.kms.katalon.core.main.TestCaseMain.startTestSuite(TestCaseMain.java:149)
	at com.kms.katalon.core.main.TestCaseMain$startTestSuite$0.call(Unknown Source)
	at TempTestSuite1561749522497.run(TempTestSuite1561749522497.groovy:36)]]></system-out>
         <system-err><![CDATA[2019-06-28 16:17:41 - [TEST_CASE][FAILED] - Test Cases/OCS - MOBILE/OCS-AGE GATE/AG- Under Age: Test Cases/OCS - MOBILE/OCS-AGE GATE/AG- Under Age FAILED.
Reason:
com.kms.katalon.core.exception.StepFailedException: Unable to click on object 'Object Repository/OCS-MOBILE /Age gate and burger menu/Checkbox_CONFIRM AND ACKNOWLEDGE' (Root cause: com.kms.katalon.core.webui.exception.WebElementNotFoundException: Web element with id: 'Object Repository/OCS-MOBILE /Age gate and burger menu/Checkbox_CONFIRM AND ACKNOWLEDGE' located by 'By.xpath: /html/body/div/div[1]/section/div/section/div/form/fieldset/div[1]/div/p[3]/label/span' not found)
	at com.kms.katalon.core.keyword.internal.KeywordMain.stepFailed(KeywordMain.groovy:36)
	at com.kms.katalon.core.webui.keyword.internal.WebUIKeywordMain.stepFailed(WebUIKeywordMain.groovy:65)
	at com.kms.katalon.core.webui.keyword.internal.WebUIKeywordMain.runKeyword(WebUIKeywordMain.groovy:27)
	at com.kms.katalon.core.webui.keyword.builtin.ClickKeyword.click(ClickKeyword.groovy:86)
	at com.kms.katalon.core.webui.keyword.builtin.ClickKeyword.execute(ClickKeyword.groovy:67)
	at com.kms.katalon.core.keyword.internal.KeywordExecutor.executeKeywordForPlatform(KeywordExecutor.groovy:53)
	at com.kms.katalon.core.webui.keyword.WebUiBuiltInKeywords.click(WebUiBuiltInKeywords.groovy:616)
	at com.kms.katalon.core.webui.keyword.WebUiBuiltInKeywords$click$3.call(Unknown Source)
	at AG- Under Age.run(AG- Under Age:37)
	at com.kms.katalon.core.main.ScriptEngine.run(ScriptEngine.java:194)
	at com.kms.katalon.core.main.ScriptEngine.runScriptAsRawText(ScriptEngine.java:119)
	at com.kms.katalon.core.main.TestCaseExecutor.runScript(TestCaseExecutor.java:328)
	at com.kms.katalon.core.main.TestCaseExecutor.doExecute(TestCaseExecutor.java:319)
	at com.kms.katalon.core.main.TestCaseExecutor.processExecutionPhase(TestCaseExecutor.java:298)
	at com.kms.katalon.core.main.TestCaseExecutor.accessMainPhase(TestCaseExecutor.java:290)
	at com.kms.katalon.core.main.TestCaseExecutor.execute(TestCaseExecutor.java:224)
	at com.kms.katalon.core.main.TestSuiteExecutor.accessTestCaseMainPhase(TestSuiteExecutor.java:129)
	at com.kms.katalon.core.main.TestSuiteExecutor.accessTestSuiteMainPhase(TestSuiteExecutor.java:112)
	at com.kms.katalon.core.main.TestSuiteExecutor.execute(TestSuiteExecutor.java:81)
	at com.kms.katalon.core.main.TestCaseMain.startTestSuite(TestCaseMain.java:149)
	at com.kms.katalon.core.main.TestCaseMain$startTestSuite$0.call(Unknown Source)
	at TempTestSuite1561749522497.run(TempTestSuite1561749522497.groovy:36)]]></system-err>
      </testcase>
      <testcase name="Test Cases/OCS - MOBILE/OCS-AGE GATE/AG - Date correction" classname="Test Cases/OCS - MOBILE/OCS-AGE GATE/AG - Date correction" status="PASSED">
         <system-out><![CDATA[2019-06-28 16:18:25 - [TEST_CASE][PASSED] - Test Cases/OCS - MOBILE/OCS-AGE GATE/AG - Date correction: Test Cases/OCS - MOBILE/OCS-AGE GATE/AG - Date correction

2019-06-28 16:18:25 - [TEST_STEP][PASSED] - openBrowser(""): Browser is opened with url: ''

2019-06-28 16:18:25 - [MESSAGE][WARNING] - A browser is already opened. Closing browser and opening a new one

2019-06-28 16:18:25 - [MESSAGE][INFO] - Starting 'Chrome' driver

2019-06-28 16:18:26 - [MESSAGE][PASSED] - Browser is opened with url: ''

2019-06-28 16:18:26 - [TEST_STEP][PASSED] - navigateToUrl("ocs.ca"): Navigate to 'http://ocs.ca' successfully

2019-06-28 16:18:32 - [MESSAGE][PASSED] - Navigate to 'http://ocs.ca' successfully

2019-06-28 16:18:32 - [TEST_STEP][NOT_RUN] - executeJavaScript("var previewBar = document.getElementById("preview-bar-iframe"); previewBar.style.display = "none";", []): NOT_RUN: executeJavaScript("var previewBar = document.getElementById("preview-bar-iframe"); previewBar.style.display = "none";", [])

2019-06-28 16:18:32 - [MESSAGE][NOT_RUN] - NOT_RUN: executeJavaScript("var previewBar = document.getElementById("preview-bar-iframe"); previewBar.style.display = "none";", [])

2019-06-28 16:18:32 - [TEST_STEP][PASSED] - setViewPortSize(360, 800): Viewport is set to new size with width = 360 and height = 800

2019-06-28 16:18:32 - [MESSAGE][PASSED] - Viewport is set to new size with width = 360 and height = 800

2019-06-28 16:18:32 - [TEST_STEP][PASSED] - delay(4): Delayed 4 second(s)

2019-06-28 16:18:36 - [MESSAGE][PASSED] - Delayed 4 second(s)

2019-06-28 16:18:36 - [TEST_STEP][PASSED] - selectOptionByValue(findTestObject("OCS-MOBILE /Age gate and Mega menu/Date"), "12", true): All options with value '12' are selected in object 'Object Repository/OCS-MOBILE /Age gate and Mega menu/Date'  using regular expression

2019-06-28 16:18:36 - [MESSAGE][PASSED] - All options with value '12' are selected in object 'Object Repository/OCS-MOBILE /Age gate and Mega menu/Date'  using regular expression

2019-06-28 16:18:36 - [TEST_STEP][PASSED] - selectOptionByValue(findTestObject("OCS-MOBILE /Age gate and Mega menu/month"), "6", true): All options with value '6' are selected in object 'Object Repository/OCS-MOBILE /Age gate and Mega menu/month'  using regular expression

2019-06-28 16:18:37 - [MESSAGE][PASSED] - All options with value '6' are selected in object 'Object Repository/OCS-MOBILE /Age gate and Mega menu/month'  using regular expression

2019-06-28 16:18:37 - [TEST_STEP][PASSED] - delay(2): Delayed 2 second(s)

2019-06-28 16:18:39 - [MESSAGE][PASSED] - Delayed 2 second(s)

2019-06-28 16:18:39 - [TEST_STEP][PASSED] - selectOptionByValue(findTestObject("OCS-MOBILE /Age gate and Mega menu/Year Dropdown"), "1990", true): All options with value '1990' are selected in object 'Object Repository/OCS-MOBILE /Age gate and Mega menu/Year Dropdown'  using regular expression

2019-06-28 16:18:40 - [MESSAGE][PASSED] - All options with value '1990' are selected in object 'Object Repository/OCS-MOBILE /Age gate and Mega menu/Year Dropdown'  using regular expression

2019-06-28 16:18:40 - [TEST_STEP][PASSED] - delay(3): Delayed 3 second(s)

2019-06-28 16:18:43 - [MESSAGE][PASSED] - Delayed 3 second(s)

2019-06-28 16:18:43 - [TEST_STEP][PASSED] - click(findTestObject("OCS-MOBILE /Age gate and Mega menu/button_Verify")): Object: 'Object Repository/OCS-MOBILE /Age gate and Mega menu/button_Verify' is clicked on

2019-06-28 16:18:43 - [MESSAGE][PASSED] - Object: 'Object Repository/OCS-MOBILE /Age gate and Mega menu/button_Verify' is clicked on

2019-06-28 16:18:43 - [TEST_STEP][PASSED] - delay(1): Delayed 1 second(s)

2019-06-28 16:18:44 - [MESSAGE][PASSED] - Delayed 1 second(s)

2019-06-28 16:18:44 - [TEST_STEP][PASSED] - click(findTestObject("OCS-MOBILE /Age gate and Mega menu/a_Correct your date of birth")): Object: 'Object Repository/OCS-MOBILE /Age gate and Mega menu/a_Correct your date of birth' is clicked on

2019-06-28 16:18:44 - [MESSAGE][PASSED] - Object: 'Object Repository/OCS-MOBILE /Age gate and Mega menu/a_Correct your date of birth' is clicked on

2019-06-28 16:18:44 - [TEST_STEP][PASSED] - selectOptionByValue(findTestObject("OCS-MOBILE /Age gate and Mega menu/Date"), "1", true): All options with value '1' are selected in object 'Object Repository/OCS-MOBILE /Age gate and Mega menu/Date'  using regular expression

2019-06-28 16:18:44 - [MESSAGE][PASSED] - All options with value '1' are selected in object 'Object Repository/OCS-MOBILE /Age gate and Mega menu/Date'  using regular expression

2019-06-28 16:18:44 - [TEST_STEP][PASSED] - selectOptionByValue(findTestObject("OCS-MOBILE /Age gate and Mega menu/month"), "5", true): All options with value '5' are selected in object 'Object Repository/OCS-MOBILE /Age gate and Mega menu/month'  using regular expression

2019-06-28 16:18:44 - [MESSAGE][PASSED] - All options with value '5' are selected in object 'Object Repository/OCS-MOBILE /Age gate and Mega menu/month'  using regular expression

2019-06-28 16:18:44 - [TEST_STEP][PASSED] - selectOptionByValue(findTestObject("OCS-MOBILE /Age gate and Mega menu/Year Dropdown"), "1980", true): All options with value '1980' are selected in object 'Object Repository/OCS-MOBILE /Age gate and Mega menu/Year Dropdown'  using regular expression

2019-06-28 16:18:45 - [MESSAGE][PASSED] - All options with value '1980' are selected in object 'Object Repository/OCS-MOBILE /Age gate and Mega menu/Year Dropdown'  using regular expression

2019-06-28 16:18:45 - [TEST_STEP][PASSED] - click(findTestObject("OCS-MOBILE /Age gate and Mega menu/button_Verify")): Object: 'Object Repository/OCS-MOBILE /Age gate and Mega menu/button_Verify' is clicked on

2019-06-28 16:18:45 - [MESSAGE][PASSED] - Object: 'Object Repository/OCS-MOBILE /Age gate and Mega menu/button_Verify' is clicked on

2019-06-28 16:18:45 - [TEST_STEP][PASSED] - closeBrowser(): Browser is closed

2019-06-28 16:18:45 - [MESSAGE][PASSED] - Browser is closed]]></system-out>
         <system-err><![CDATA[]]></system-err>
      </testcase>
      <testcase name="Test Cases/OCS - MOBILE/OCS-COLLECTION PAGE/Sort" classname="Test Cases/OCS - MOBILE/OCS-COLLECTION PAGE/Sort" status="PASSED">
         <system-out><![CDATA[2019-06-28 16:18:45 - [TEST_CASE][PASSED] - Test Cases/OCS - MOBILE/OCS-COLLECTION PAGE/Sort: Test Cases/OCS - MOBILE/OCS-COLLECTION PAGE/Sort

2019-06-28 16:18:46 - [TEST_STEP][PASSED] - callTestCase(findTestCase("OCS - MOBILE/CALL - AGE GATE"), [:], STOP_ON_FAILURE): Call Test Case 'Test Cases/OCS - MOBILE/CALL - AGE GATE' successfully

2019-06-28 16:18:46 - [TEST_CASE][PASSED] - Test Cases/OCS - MOBILE/CALL - AGE GATE: Test Cases/OCS - MOBILE/CALL - AGE GATE

2019-06-28 16:18:46 - [TEST_STEP][PASSED] - openBrowser(""): Browser is opened with url: ''

2019-06-28 16:18:46 - [MESSAGE][INFO] - Starting 'Chrome' driver

2019-06-28 16:18:47 - [MESSAGE][PASSED] - Browser is opened with url: ''

2019-06-28 16:18:47 - [TEST_STEP][PASSED] - navigateToUrl("ocs.ca"): Navigate to 'http://ocs.ca' successfully

2019-06-28 16:18:51 - [MESSAGE][PASSED] - Navigate to 'http://ocs.ca' successfully

2019-06-28 16:18:51 - [TEST_STEP][NOT_RUN] - executeJavaScript("var previewBar = document.getElementById("preview-bar-iframe"); previewBar.style.display = "none";", []): NOT_RUN: executeJavaScript("var previewBar = document.getElementById("preview-bar-iframe"); previewBar.style.display = "none";", [])

2019-06-28 16:18:51 - [MESSAGE][NOT_RUN] - NOT_RUN: executeJavaScript("var previewBar = document.getElementById("preview-bar-iframe"); previewBar.style.display = "none";", [])

2019-06-28 16:18:51 - [TEST_STEP][PASSED] - setViewPortSize(360, 800): Viewport is set to new size with width = 360 and height = 800

2019-06-28 16:18:51 - [MESSAGE][PASSED] - Viewport is set to new size with width = 360 and height = 800

2019-06-28 16:18:51 - [TEST_STEP][PASSED] - delay(4): Delayed 4 second(s)

2019-06-28 16:18:55 - [MESSAGE][PASSED] - Delayed 4 second(s)

2019-06-28 16:18:55 - [TEST_STEP][PASSED] - selectOptionByValue(findTestObject("OCS-MOBILE /Age gate and burger menu/Date"), "12", true): All options with value '12' are selected in object 'Object Repository/OCS-MOBILE /Age gate and burger menu/Date'  using regular expression

2019-06-28 16:18:55 - [MESSAGE][PASSED] - All options with value '12' are selected in object 'Object Repository/OCS-MOBILE /Age gate and burger menu/Date'  using regular expression

2019-06-28 16:18:55 - [TEST_STEP][PASSED] - selectOptionByValue(findTestObject("OCS-MOBILE /Age gate and burger menu/month"), "6", true): All options with value '6' are selected in object 'Object Repository/OCS-MOBILE /Age gate and burger menu/month'  using regular expression

2019-06-28 16:18:56 - [MESSAGE][PASSED] - All options with value '6' are selected in object 'Object Repository/OCS-MOBILE /Age gate and burger menu/month'  using regular expression

2019-06-28 16:18:56 - [TEST_STEP][PASSED] - delay(2): Delayed 2 second(s)

2019-06-28 16:18:58 - [MESSAGE][PASSED] - Delayed 2 second(s)

2019-06-28 16:18:58 - [TEST_STEP][PASSED] - selectOptionByValue(findTestObject("OCS-MOBILE /Age gate and burger menu/Year Dropdown"), "1990", true): All options with value '1990' are selected in object 'Object Repository/OCS-MOBILE /Age gate and burger menu/Year Dropdown'  using regular expression

2019-06-28 16:18:59 - [MESSAGE][PASSED] - All options with value '1990' are selected in object 'Object Repository/OCS-MOBILE /Age gate and burger menu/Year Dropdown'  using regular expression

2019-06-28 16:18:59 - [TEST_STEP][PASSED] - click(findTestObject("OCS-MOBILE /Age gate and Mega menu/button_Verify")): Object: 'Object Repository/OCS-MOBILE /Age gate and Mega menu/button_Verify' is clicked on

2019-06-28 16:18:59 - [MESSAGE][PASSED] - Object: 'Object Repository/OCS-MOBILE /Age gate and Mega menu/button_Verify' is clicked on

2019-06-28 16:18:59 - [TEST_STEP][PASSED] - click(findTestObject("OCS-MOBILE /Age gate and Mega menu/Checkbox_CONFIRM AND ACKNOWLEDGE")): Object: 'Object Repository/OCS-MOBILE /Age gate and Mega menu/Checkbox_CONFIRM AND ACKNOWLEDGE' is clicked on

2019-06-28 16:18:59 - [MESSAGE][PASSED] - Object: 'Object Repository/OCS-MOBILE /Age gate and Mega menu/Checkbox_CONFIRM AND ACKNOWLEDGE' is clicked on

2019-06-28 16:18:59 - [TEST_STEP][PASSED] - click(findTestObject("OCS-MOBILE /Age gate and Mega menu/button_CONFIRM")): Object: 'Object Repository/OCS-MOBILE /Age gate and Mega menu/button_CONFIRM' is clicked on

2019-06-28 16:18:59 - [MESSAGE][PASSED] - Object: 'Object Repository/OCS-MOBILE /Age gate and Mega menu/button_CONFIRM' is clicked on

2019-06-28 16:18:59 - [TEST_STEP][PASSED] - click(findTestObject("OCS-MOBILE /Age gate and Mega menu/button_Start Browsing")): Object: 'Object Repository/OCS-MOBILE /Age gate and Mega menu/button_Start Browsing' is clicked on

2019-06-28 16:18:59 - [MESSAGE][PASSED] - Object: 'Object Repository/OCS-MOBILE /Age gate and Mega menu/button_Start Browsing' is clicked on

2019-06-28 16:18:59 - [TEST_STEP][PASSED] - refresh(): Refresh successfully

2019-06-28 16:19:01 - [MESSAGE][PASSED] - Refresh successfully

2019-06-28 16:19:01 - [TEST_STEP][NOT_RUN] - executeJavaScript("var previewBar = document.getElementById("preview-bar-iframe"); previewBar.style.display = "none";", []): NOT_RUN: executeJavaScript("var previewBar = document.getElementById("preview-bar-iframe"); previewBar.style.display = "none";", [])

2019-06-28 16:19:01 - [MESSAGE][NOT_RUN] - NOT_RUN: executeJavaScript("var previewBar = document.getElementById("preview-bar-iframe"); previewBar.style.display = "none";", [])

2019-06-28 16:19:01 - [MESSAGE][PASSED] - Call Test Case 'Test Cases/OCS - MOBILE/CALL - AGE GATE' successfully

2019-06-28 16:19:01 - [TEST_STEP][PASSED] - delay(2): Delayed 2 second(s)

2019-06-28 16:19:03 - [MESSAGE][PASSED] - Delayed 2 second(s)

2019-06-28 16:19:03 - [TEST_STEP][PASSED] - click(findTestObject("OCS-MOBILE /Age gate and burger menu/Burger menu - English")): Object: 'Object Repository/OCS-MOBILE /Age gate and burger menu/Burger menu - English' is clicked on

2019-06-28 16:19:03 - [MESSAGE][PASSED] - Object: 'Object Repository/OCS-MOBILE /Age gate and burger menu/Burger menu - English' is clicked on

2019-06-28 16:19:03 - [TEST_STEP][PASSED] - delay(2): Delayed 2 second(s)

2019-06-28 16:19:05 - [MESSAGE][PASSED] - Delayed 2 second(s)

2019-06-28 16:19:05 - [TEST_STEP][PASSED] - click(findTestObject("OCS-MOBILE /Age gate and Mega menu/Chevron_Cannabis")): Object: 'Object Repository/OCS-MOBILE /Age gate and Mega menu/Chevron_Cannabis' is clicked on

2019-06-28 16:19:06 - [MESSAGE][PASSED] - Object: 'Object Repository/OCS-MOBILE /Age gate and Mega menu/Chevron_Cannabis' is clicked on

2019-06-28 16:19:06 - [TEST_STEP][PASSED] - delay(2): Delayed 2 second(s)

2019-06-28 16:19:08 - [MESSAGE][PASSED] - Delayed 2 second(s)

2019-06-28 16:19:08 - [TEST_STEP][PASSED] - click(findTestObject("OCS-MOBILE /Cannabis page/Dried flower")): Object: 'Object Repository/OCS-MOBILE /Cannabis page/Dried flower' is clicked on

2019-06-28 16:19:08 - [MESSAGE][PASSED] - Object: 'Object Repository/OCS-MOBILE /Cannabis page/Dried flower' is clicked on

2019-06-28 16:19:08 - [TEST_STEP][PASSED] - delay(2): Delayed 2 second(s)

2019-06-28 16:19:10 - [MESSAGE][PASSED] - Delayed 2 second(s)

2019-06-28 16:19:10 - [TEST_STEP][PASSED] - click(findTestObject("OCS-MOBILE /Cannabis page/Dried flower - Indica dominant")): Object: 'Object Repository/OCS-MOBILE /Cannabis page/Dried flower - Indica dominant' is clicked on

2019-06-28 16:19:12 - [MESSAGE][PASSED] - Object: 'Object Repository/OCS-MOBILE /Cannabis page/Dried flower - Indica dominant' is clicked on

2019-06-28 16:19:12 - [TEST_STEP][PASSED] - delay(2): Delayed 2 second(s)

2019-06-28 16:19:14 - [MESSAGE][PASSED] - Delayed 2 second(s)

2019-06-28 16:19:14 - [TEST_STEP][PASSED] - click(findTestObject("OCS-MOBILE /Collection page/sort option")): Object: 'Object Repository/OCS-MOBILE /Collection page/sort option' is clicked on

2019-06-28 16:19:14 - [MESSAGE][PASSED] - Object: 'Object Repository/OCS-MOBILE /Collection page/sort option' is clicked on

2019-06-28 16:19:14 - [TEST_STEP][PASSED] - delay(1): Delayed 1 second(s)

2019-06-28 16:19:15 - [MESSAGE][PASSED] - Delayed 1 second(s)

2019-06-28 16:19:15 - [TEST_STEP][PASSED] - click(findTestObject("OCS-MOBILE /Collection page/Price Low to High")): Object: 'Object Repository/OCS-MOBILE /Collection page/Price Low to High' is clicked on

2019-06-28 16:19:15 - [MESSAGE][PASSED] - Object: 'Object Repository/OCS-MOBILE /Collection page/Price Low to High' is clicked on

2019-06-28 16:19:15 - [TEST_STEP][PASSED] - delay(1): Delayed 1 second(s)

2019-06-28 16:19:16 - [MESSAGE][PASSED] - Delayed 1 second(s)

2019-06-28 16:19:16 - [TEST_STEP][PASSED] - refresh(): Refresh successfully

2019-06-28 16:19:18 - [MESSAGE][PASSED] - Refresh successfully

2019-06-28 16:19:18 - [TEST_STEP][PASSED] - delay(1): Delayed 1 second(s)

2019-06-28 16:19:19 - [MESSAGE][PASSED] - Delayed 1 second(s)

2019-06-28 16:19:19 - [TEST_STEP][PASSED] - callTestCase(findTestCase("OCS - MOBILE/OCS-COLLECTION PAGE/calling test case"), [:], STOP_ON_FAILURE): Call Test Case 'Test Cases/OCS - MOBILE/OCS-COLLECTION PAGE/calling test case' successfully

2019-06-28 16:19:19 - [TEST_CASE][PASSED] - Test Cases/OCS - MOBILE/OCS-COLLECTION PAGE/calling test case: Test Cases/OCS - MOBILE/OCS-COLLECTION PAGE/calling test case

2019-06-28 16:19:19 - [TEST_STEP][PASSED] - delay(2): Delayed 2 second(s)

2019-06-28 16:19:21 - [MESSAGE][PASSED] - Delayed 2 second(s)

2019-06-28 16:19:21 - [TEST_STEP][PASSED] - click(findTestObject("OCS-MOBILE /Age gate and burger menu/Burger menu - English")): Object: 'Object Repository/OCS-MOBILE /Age gate and burger menu/Burger menu - English' is clicked on

2019-06-28 16:19:21 - [MESSAGE][PASSED] - Object: 'Object Repository/OCS-MOBILE /Age gate and burger menu/Burger menu - English' is clicked on

2019-06-28 16:19:21 - [TEST_STEP][PASSED] - delay(2): Delayed 2 second(s)

2019-06-28 16:19:23 - [MESSAGE][PASSED] - Delayed 2 second(s)

2019-06-28 16:19:23 - [TEST_STEP][PASSED] - click(findTestObject("OCS-MOBILE /Age gate and Mega menu/Chevron_Cannabis")): Object: 'Object Repository/OCS-MOBILE /Age gate and Mega menu/Chevron_Cannabis' is clicked on

2019-06-28 16:19:24 - [MESSAGE][PASSED] - Object: 'Object Repository/OCS-MOBILE /Age gate and Mega menu/Chevron_Cannabis' is clicked on

2019-06-28 16:19:24 - [TEST_STEP][PASSED] - delay(2): Delayed 2 second(s)

2019-06-28 16:19:26 - [MESSAGE][PASSED] - Delayed 2 second(s)

2019-06-28 16:19:26 - [TEST_STEP][PASSED] - click(findTestObject("OCS-MOBILE /Cannabis page/Dried flower")): Object: 'Object Repository/OCS-MOBILE /Cannabis page/Dried flower' is clicked on

2019-06-28 16:19:26 - [MESSAGE][PASSED] - Object: 'Object Repository/OCS-MOBILE /Cannabis page/Dried flower' is clicked on

2019-06-28 16:19:26 - [TEST_STEP][PASSED] - delay(2): Delayed 2 second(s)

2019-06-28 16:19:28 - [MESSAGE][PASSED] - Delayed 2 second(s)

2019-06-28 16:19:28 - [TEST_STEP][PASSED] - click(findTestObject("OCS-MOBILE /Cannabis page/Dried flower - Indica dominant")): Object: 'Object Repository/OCS-MOBILE /Cannabis page/Dried flower - Indica dominant' is clicked on

2019-06-28 16:19:30 - [MESSAGE][PASSED] - Object: 'Object Repository/OCS-MOBILE /Cannabis page/Dried flower - Indica dominant' is clicked on

2019-06-28 16:19:30 - [TEST_STEP][PASSED] - delay(2): Delayed 2 second(s)

2019-06-28 16:19:32 - [MESSAGE][PASSED] - Delayed 2 second(s)

2019-06-28 16:19:32 - [MESSAGE][PASSED] - Call Test Case 'Test Cases/OCS - MOBILE/OCS-COLLECTION PAGE/calling test case' successfully

2019-06-28 16:19:32 - [TEST_STEP][NOT_RUN] - scrollToElement(findTestObject("OCS-MOBILE /Collection page/scroll element"), 0): NOT_RUN: scrollToElement(findTestObject("OCS-MOBILE /Collection page/scroll element"), 0)

2019-06-28 16:19:32 - [MESSAGE][NOT_RUN] - NOT_RUN: scrollToElement(findTestObject("OCS-MOBILE /Collection page/scroll element"), 0)

2019-06-28 16:19:32 - [TEST_STEP][PASSED] - delay(1): Delayed 1 second(s)

2019-06-28 16:19:33 - [MESSAGE][PASSED] - Delayed 1 second(s)

2019-06-28 16:19:33 - [TEST_STEP][PASSED] - click(findTestObject("OCS-MOBILE /Collection page/sort option")): Object: 'Object Repository/OCS-MOBILE /Collection page/sort option' is clicked on

2019-06-28 16:19:33 - [MESSAGE][PASSED] - Object: 'Object Repository/OCS-MOBILE /Collection page/sort option' is clicked on

2019-06-28 16:19:33 - [TEST_STEP][PASSED] - delay(1): Delayed 1 second(s)

2019-06-28 16:19:34 - [MESSAGE][PASSED] - Delayed 1 second(s)

2019-06-28 16:19:34 - [TEST_STEP][PASSED] - click(findTestObject("OCS-MOBILE /Collection page/Price High to Low")): Object: 'Object Repository/OCS-MOBILE /Collection page/Price High to Low' is clicked on

2019-06-28 16:19:34 - [MESSAGE][PASSED] - Object: 'Object Repository/OCS-MOBILE /Collection page/Price High to Low' is clicked on

2019-06-28 16:19:34 - [TEST_STEP][PASSED] - delay(1): Delayed 1 second(s)

2019-06-28 16:19:35 - [MESSAGE][PASSED] - Delayed 1 second(s)

2019-06-28 16:19:35 - [TEST_STEP][PASSED] - refresh(): Refresh successfully

2019-06-28 16:19:37 - [MESSAGE][PASSED] - Refresh successfully

2019-06-28 16:19:37 - [TEST_STEP][PASSED] - callTestCase(findTestCase("OCS - MOBILE/OCS-COLLECTION PAGE/calling test case"), [:], STOP_ON_FAILURE): Call Test Case 'Test Cases/OCS - MOBILE/OCS-COLLECTION PAGE/calling test case' successfully

2019-06-28 16:19:37 - [TEST_CASE][PASSED] - Test Cases/OCS - MOBILE/OCS-COLLECTION PAGE/calling test case: Test Cases/OCS - MOBILE/OCS-COLLECTION PAGE/calling test case

2019-06-28 16:19:37 - [TEST_STEP][PASSED] - delay(2): Delayed 2 second(s)

2019-06-28 16:19:39 - [MESSAGE][PASSED] - Delayed 2 second(s)

2019-06-28 16:19:39 - [TEST_STEP][PASSED] - click(findTestObject("OCS-MOBILE /Age gate and burger menu/Burger menu - English")): Object: 'Object Repository/OCS-MOBILE /Age gate and burger menu/Burger menu - English' is clicked on

2019-06-28 16:19:39 - [MESSAGE][PASSED] - Object: 'Object Repository/OCS-MOBILE /Age gate and burger menu/Burger menu - English' is clicked on

2019-06-28 16:19:39 - [TEST_STEP][PASSED] - delay(2): Delayed 2 second(s)

2019-06-28 16:19:41 - [MESSAGE][PASSED] - Delayed 2 second(s)

2019-06-28 16:19:41 - [TEST_STEP][PASSED] - click(findTestObject("OCS-MOBILE /Age gate and Mega menu/Chevron_Cannabis")): Object: 'Object Repository/OCS-MOBILE /Age gate and Mega menu/Chevron_Cannabis' is clicked on

2019-06-28 16:19:41 - [MESSAGE][PASSED] - Object: 'Object Repository/OCS-MOBILE /Age gate and Mega menu/Chevron_Cannabis' is clicked on

2019-06-28 16:19:41 - [TEST_STEP][PASSED] - delay(2): Delayed 2 second(s)

2019-06-28 16:19:43 - [MESSAGE][PASSED] - Delayed 2 second(s)

2019-06-28 16:19:43 - [TEST_STEP][PASSED] - click(findTestObject("OCS-MOBILE /Cannabis page/Dried flower")): Object: 'Object Repository/OCS-MOBILE /Cannabis page/Dried flower' is clicked on

2019-06-28 16:19:43 - [MESSAGE][PASSED] - Object: 'Object Repository/OCS-MOBILE /Cannabis page/Dried flower' is clicked on

2019-06-28 16:19:43 - [TEST_STEP][PASSED] - delay(2): Delayed 2 second(s)

2019-06-28 16:19:45 - [MESSAGE][PASSED] - Delayed 2 second(s)

2019-06-28 16:19:45 - [TEST_STEP][PASSED] - click(findTestObject("OCS-MOBILE /Cannabis page/Dried flower - Indica dominant")): Object: 'Object Repository/OCS-MOBILE /Cannabis page/Dried flower - Indica dominant' is clicked on

2019-06-28 16:19:46 - [MESSAGE][PASSED] - Object: 'Object Repository/OCS-MOBILE /Cannabis page/Dried flower - Indica dominant' is clicked on

2019-06-28 16:19:46 - [TEST_STEP][PASSED] - delay(2): Delayed 2 second(s)

2019-06-28 16:19:48 - [MESSAGE][PASSED] - Delayed 2 second(s)

2019-06-28 16:19:48 - [MESSAGE][PASSED] - Call Test Case 'Test Cases/OCS - MOBILE/OCS-COLLECTION PAGE/calling test case' successfully

2019-06-28 16:19:48 - [TEST_STEP][PASSED] - click(findTestObject("OCS-MOBILE /Collection page/sort option")): Object: 'Object Repository/OCS-MOBILE /Collection page/sort option' is clicked on

2019-06-28 16:19:48 - [MESSAGE][PASSED] - Object: 'Object Repository/OCS-MOBILE /Collection page/sort option' is clicked on

2019-06-28 16:19:48 - [TEST_STEP][PASSED] - delay(1): Delayed 1 second(s)

2019-06-28 16:19:49 - [MESSAGE][PASSED] - Delayed 1 second(s)

2019-06-28 16:19:49 - [TEST_STEP][PASSED] - click(findTestObject("OCS-MOBILE /Collection page/Alphabetically A - Z")): Object: 'Object Repository/OCS-MOBILE /Collection page/Alphabetically A - Z' is clicked on

2019-06-28 16:19:49 - [MESSAGE][PASSED] - Object: 'Object Repository/OCS-MOBILE /Collection page/Alphabetically A - Z' is clicked on

2019-06-28 16:19:49 - [TEST_STEP][PASSED] - delay(1): Delayed 1 second(s)

2019-06-28 16:19:50 - [MESSAGE][PASSED] - Delayed 1 second(s)

2019-06-28 16:19:50 - [TEST_STEP][PASSED] - refresh(): Refresh successfully

2019-06-28 16:19:51 - [MESSAGE][PASSED] - Refresh successfully

2019-06-28 16:19:51 - [TEST_STEP][PASSED] - callTestCase(findTestCase("OCS - MOBILE/OCS-COLLECTION PAGE/calling test case"), [:], STOP_ON_FAILURE): Call Test Case 'Test Cases/OCS - MOBILE/OCS-COLLECTION PAGE/calling test case' successfully

2019-06-28 16:19:51 - [TEST_CASE][PASSED] - Test Cases/OCS - MOBILE/OCS-COLLECTION PAGE/calling test case: Test Cases/OCS - MOBILE/OCS-COLLECTION PAGE/calling test case

2019-06-28 16:19:51 - [TEST_STEP][PASSED] - delay(2): Delayed 2 second(s)

2019-06-28 16:19:53 - [MESSAGE][PASSED] - Delayed 2 second(s)

2019-06-28 16:19:53 - [TEST_STEP][PASSED] - click(findTestObject("OCS-MOBILE /Age gate and burger menu/Burger menu - English")): Object: 'Object Repository/OCS-MOBILE /Age gate and burger menu/Burger menu - English' is clicked on

2019-06-28 16:19:53 - [MESSAGE][PASSED] - Object: 'Object Repository/OCS-MOBILE /Age gate and burger menu/Burger menu - English' is clicked on

2019-06-28 16:19:53 - [TEST_STEP][PASSED] - delay(2): Delayed 2 second(s)

2019-06-28 16:19:55 - [MESSAGE][PASSED] - Delayed 2 second(s)

2019-06-28 16:19:55 - [TEST_STEP][PASSED] - click(findTestObject("OCS-MOBILE /Age gate and Mega menu/Chevron_Cannabis")): Object: 'Object Repository/OCS-MOBILE /Age gate and Mega menu/Chevron_Cannabis' is clicked on

2019-06-28 16:19:55 - [MESSAGE][PASSED] - Object: 'Object Repository/OCS-MOBILE /Age gate and Mega menu/Chevron_Cannabis' is clicked on

2019-06-28 16:19:55 - [TEST_STEP][PASSED] - delay(2): Delayed 2 second(s)

2019-06-28 16:19:57 - [MESSAGE][PASSED] - Delayed 2 second(s)

2019-06-28 16:19:57 - [TEST_STEP][PASSED] - click(findTestObject("OCS-MOBILE /Cannabis page/Dried flower")): Object: 'Object Repository/OCS-MOBILE /Cannabis page/Dried flower' is clicked on

2019-06-28 16:19:57 - [MESSAGE][PASSED] - Object: 'Object Repository/OCS-MOBILE /Cannabis page/Dried flower' is clicked on

2019-06-28 16:19:57 - [TEST_STEP][PASSED] - delay(2): Delayed 2 second(s)

2019-06-28 16:19:59 - [MESSAGE][PASSED] - Delayed 2 second(s)

2019-06-28 16:19:59 - [TEST_STEP][PASSED] - click(findTestObject("OCS-MOBILE /Cannabis page/Dried flower - Indica dominant")): Object: 'Object Repository/OCS-MOBILE /Cannabis page/Dried flower - Indica dominant' is clicked on

2019-06-28 16:20:00 - [MESSAGE][PASSED] - Object: 'Object Repository/OCS-MOBILE /Cannabis page/Dried flower - Indica dominant' is clicked on

2019-06-28 16:20:00 - [TEST_STEP][PASSED] - delay(2): Delayed 2 second(s)

2019-06-28 16:20:02 - [MESSAGE][PASSED] - Delayed 2 second(s)

2019-06-28 16:20:02 - [MESSAGE][PASSED] - Call Test Case 'Test Cases/OCS - MOBILE/OCS-COLLECTION PAGE/calling test case' successfully

2019-06-28 16:20:02 - [TEST_STEP][PASSED] - click(findTestObject("OCS-MOBILE /Collection page/sort option")): Object: 'Object Repository/OCS-MOBILE /Collection page/sort option' is clicked on

2019-06-28 16:20:02 - [MESSAGE][PASSED] - Object: 'Object Repository/OCS-MOBILE /Collection page/sort option' is clicked on

2019-06-28 16:20:02 - [TEST_STEP][NOT_RUN] - executeJavaScript("var previewBar = document.getElementById("preview-bar-iframe"); previewBar.style.display = "none";", []): NOT_RUN: executeJavaScript("var previewBar = document.getElementById("preview-bar-iframe"); previewBar.style.display = "none";", [])

2019-06-28 16:20:02 - [MESSAGE][NOT_RUN] - NOT_RUN: executeJavaScript("var previewBar = document.getElementById("preview-bar-iframe"); previewBar.style.display = "none";", [])

2019-06-28 16:20:02 - [TEST_STEP][PASSED] - delay(1): Delayed 1 second(s)

2019-06-28 16:20:03 - [MESSAGE][PASSED] - Delayed 1 second(s)

2019-06-28 16:20:03 - [TEST_STEP][PASSED] - click(findTestObject("OCS-MOBILE /Collection page/Alphabetically Z - A")): Object: 'Object Repository/OCS-MOBILE /Collection page/Alphabetically Z - A' is clicked on

2019-06-28 16:20:03 - [MESSAGE][PASSED] - Object: 'Object Repository/OCS-MOBILE /Collection page/Alphabetically Z - A' is clicked on

2019-06-28 16:20:03 - [TEST_STEP][PASSED] - delay(1): Delayed 1 second(s)

2019-06-28 16:20:04 - [MESSAGE][PASSED] - Delayed 1 second(s)

2019-06-28 16:20:04 - [TEST_STEP][PASSED] - refresh(): Refresh successfully

2019-06-28 16:20:05 - [MESSAGE][PASSED] - Refresh successfully

2019-06-28 16:20:05 - [TEST_STEP][PASSED] - callTestCase(findTestCase("OCS - MOBILE/OCS-COLLECTION PAGE/calling test case"), [:], STOP_ON_FAILURE): Call Test Case 'Test Cases/OCS - MOBILE/OCS-COLLECTION PAGE/calling test case' successfully

2019-06-28 16:20:05 - [TEST_CASE][PASSED] - Test Cases/OCS - MOBILE/OCS-COLLECTION PAGE/calling test case: Test Cases/OCS - MOBILE/OCS-COLLECTION PAGE/calling test case

2019-06-28 16:20:05 - [TEST_STEP][PASSED] - delay(2): Delayed 2 second(s)

2019-06-28 16:20:07 - [MESSAGE][PASSED] - Delayed 2 second(s)

2019-06-28 16:20:07 - [TEST_STEP][PASSED] - click(findTestObject("OCS-MOBILE /Age gate and burger menu/Burger menu - English")): Object: 'Object Repository/OCS-MOBILE /Age gate and burger menu/Burger menu - English' is clicked on

2019-06-28 16:20:07 - [MESSAGE][PASSED] - Object: 'Object Repository/OCS-MOBILE /Age gate and burger menu/Burger menu - English' is clicked on

2019-06-28 16:20:07 - [TEST_STEP][PASSED] - delay(2): Delayed 2 second(s)

2019-06-28 16:20:09 - [MESSAGE][PASSED] - Delayed 2 second(s)

2019-06-28 16:20:09 - [TEST_STEP][PASSED] - click(findTestObject("OCS-MOBILE /Age gate and Mega menu/Chevron_Cannabis")): Object: 'Object Repository/OCS-MOBILE /Age gate and Mega menu/Chevron_Cannabis' is clicked on

2019-06-28 16:20:09 - [MESSAGE][PASSED] - Object: 'Object Repository/OCS-MOBILE /Age gate and Mega menu/Chevron_Cannabis' is clicked on

2019-06-28 16:20:09 - [TEST_STEP][PASSED] - delay(2): Delayed 2 second(s)

2019-06-28 16:20:11 - [MESSAGE][PASSED] - Delayed 2 second(s)

2019-06-28 16:20:11 - [TEST_STEP][PASSED] - click(findTestObject("OCS-MOBILE /Cannabis page/Dried flower")): Object: 'Object Repository/OCS-MOBILE /Cannabis page/Dried flower' is clicked on

2019-06-28 16:20:11 - [MESSAGE][PASSED] - Object: 'Object Repository/OCS-MOBILE /Cannabis page/Dried flower' is clicked on

2019-06-28 16:20:11 - [TEST_STEP][PASSED] - delay(2): Delayed 2 second(s)

2019-06-28 16:20:13 - [MESSAGE][PASSED] - Delayed 2 second(s)

2019-06-28 16:20:13 - [TEST_STEP][PASSED] - click(findTestObject("OCS-MOBILE /Cannabis page/Dried flower - Indica dominant")): Object: 'Object Repository/OCS-MOBILE /Cannabis page/Dried flower - Indica dominant' is clicked on

2019-06-28 16:20:14 - [MESSAGE][PASSED] - Object: 'Object Repository/OCS-MOBILE /Cannabis page/Dried flower - Indica dominant' is clicked on

2019-06-28 16:20:14 - [TEST_STEP][PASSED] - delay(2): Delayed 2 second(s)

2019-06-28 16:20:16 - [MESSAGE][PASSED] - Delayed 2 second(s)

2019-06-28 16:20:16 - [MESSAGE][PASSED] - Call Test Case 'Test Cases/OCS - MOBILE/OCS-COLLECTION PAGE/calling test case' successfully

2019-06-28 16:20:16 - [TEST_STEP][PASSED] - click(findTestObject("OCS-MOBILE /Collection page/sort option")): Object: 'Object Repository/OCS-MOBILE /Collection page/sort option' is clicked on

2019-06-28 16:20:16 - [MESSAGE][PASSED] - Object: 'Object Repository/OCS-MOBILE /Collection page/sort option' is clicked on

2019-06-28 16:20:16 - [TEST_STEP][PASSED] - delay(1): Delayed 1 second(s)

2019-06-28 16:20:17 - [MESSAGE][PASSED] - Delayed 1 second(s)

2019-06-28 16:20:17 - [TEST_STEP][PASSED] - setViewPortSize(1000, 800, OPTIONAL): Viewport is set to new size with width = 1000 and height = 800

2019-06-28 16:20:17 - [MESSAGE][PASSED] - Viewport is set to new size with width = 1000 and height = 800

2019-06-28 16:20:17 - [TEST_STEP][PASSED] - delay(2, OPTIONAL): Delayed 2 second(s)

2019-06-28 16:20:19 - [MESSAGE][PASSED] - Delayed 2 second(s)

2019-06-28 16:20:19 - [TEST_STEP][PASSED] - click(findTestObject("Theme_oR/Page_Ontario Cannabis Store  Ontari/button_Hide bar"), OPTIONAL): Unable to click on object (Root cause: java.lang.IllegalArgumentException: Object is null)

2019-06-28 16:20:19 - [MESSAGE][WARNING] - Test object with id 'Object Repository/Theme_oR/Page_Ontario Cannabis Store  Ontari/button_Hide bar' does not exist

2019-06-28 16:20:19 - [MESSAGE][WARNING] - Test object with id 'Object Repository/' does not exist

2019-06-28 16:20:19 - [MESSAGE][WARNING] - Unable to click on object (Root cause: java.lang.IllegalArgumentException: Object is null)
[[ATTACHMENT|/Users/sumankompelly/Relative xpath-Mobile/Reports/Live site/20190628_151842/1561753219490.png]]

2019-06-28 16:20:19 - [TEST_STEP][PASSED] - delay(2, OPTIONAL): Delayed 2 second(s)

2019-06-28 16:20:21 - [MESSAGE][PASSED] - Delayed 2 second(s)

2019-06-28 16:20:21 - [TEST_STEP][PASSED] - setViewPortSize(360, 800, OPTIONAL): Viewport is set to new size with width = 360 and height = 800

2019-06-28 16:20:21 - [MESSAGE][PASSED] - Viewport is set to new size with width = 360 and height = 800

2019-06-28 16:20:21 - [TEST_STEP][PASSED] - delay(1, OPTIONAL): Delayed 1 second(s)

2019-06-28 16:20:22 - [MESSAGE][PASSED] - Delayed 1 second(s)

2019-06-28 16:20:22 - [TEST_STEP][NOT_RUN] - executeJavaScript("var previewBar = document.getElementById("preview-bar-iframe"); previewBar.style.display = "none";", []): NOT_RUN: executeJavaScript("var previewBar = document.getElementById("preview-bar-iframe"); previewBar.style.display = "none";", [])

2019-06-28 16:20:22 - [MESSAGE][NOT_RUN] - NOT_RUN: executeJavaScript("var previewBar = document.getElementById("preview-bar-iframe"); previewBar.style.display = "none";", [])

2019-06-28 16:20:22 - [TEST_STEP][PASSED] - click(findTestObject("OCS-MOBILE /Collection page/CBD Low to High")): Object: 'Object Repository/OCS-MOBILE /Collection page/CBD Low to High' is clicked on

2019-06-28 16:20:22 - [MESSAGE][PASSED] - Object: 'Object Repository/OCS-MOBILE /Collection page/CBD Low to High' is clicked on

2019-06-28 16:20:22 - [TEST_STEP][PASSED] - delay(1): Delayed 1 second(s)

2019-06-28 16:20:23 - [MESSAGE][PASSED] - Delayed 1 second(s)

2019-06-28 16:20:23 - [TEST_STEP][PASSED] - refresh(): Refresh successfully

2019-06-28 16:20:25 - [MESSAGE][PASSED] - Refresh successfully

2019-06-28 16:20:25 - [TEST_STEP][PASSED] - callTestCase(findTestCase("OCS - MOBILE/OCS-COLLECTION PAGE/calling test case"), [:], STOP_ON_FAILURE): Call Test Case 'Test Cases/OCS - MOBILE/OCS-COLLECTION PAGE/calling test case' successfully

2019-06-28 16:20:25 - [TEST_CASE][PASSED] - Test Cases/OCS - MOBILE/OCS-COLLECTION PAGE/calling test case: Test Cases/OCS - MOBILE/OCS-COLLECTION PAGE/calling test case

2019-06-28 16:20:25 - [TEST_STEP][PASSED] - delay(2): Delayed 2 second(s)

2019-06-28 16:20:27 - [MESSAGE][PASSED] - Delayed 2 second(s)

2019-06-28 16:20:27 - [TEST_STEP][PASSED] - click(findTestObject("OCS-MOBILE /Age gate and burger menu/Burger menu - English")): Object: 'Object Repository/OCS-MOBILE /Age gate and burger menu/Burger menu - English' is clicked on

2019-06-28 16:20:27 - [MESSAGE][PASSED] - Object: 'Object Repository/OCS-MOBILE /Age gate and burger menu/Burger menu - English' is clicked on

2019-06-28 16:20:27 - [TEST_STEP][PASSED] - delay(2): Delayed 2 second(s)

2019-06-28 16:20:29 - [MESSAGE][PASSED] - Delayed 2 second(s)

2019-06-28 16:20:29 - [TEST_STEP][PASSED] - click(findTestObject("OCS-MOBILE /Age gate and Mega menu/Chevron_Cannabis")): Object: 'Object Repository/OCS-MOBILE /Age gate and Mega menu/Chevron_Cannabis' is clicked on

2019-06-28 16:20:29 - [MESSAGE][PASSED] - Object: 'Object Repository/OCS-MOBILE /Age gate and Mega menu/Chevron_Cannabis' is clicked on

2019-06-28 16:20:29 - [TEST_STEP][PASSED] - delay(2): Delayed 2 second(s)

2019-06-28 16:20:31 - [MESSAGE][PASSED] - Delayed 2 second(s)

2019-06-28 16:20:31 - [TEST_STEP][PASSED] - click(findTestObject("OCS-MOBILE /Cannabis page/Dried flower")): Object: 'Object Repository/OCS-MOBILE /Cannabis page/Dried flower' is clicked on

2019-06-28 16:20:31 - [MESSAGE][PASSED] - Object: 'Object Repository/OCS-MOBILE /Cannabis page/Dried flower' is clicked on

2019-06-28 16:20:31 - [TEST_STEP][PASSED] - delay(2): Delayed 2 second(s)

2019-06-28 16:20:33 - [MESSAGE][PASSED] - Delayed 2 second(s)

2019-06-28 16:20:33 - [TEST_STEP][PASSED] - click(findTestObject("OCS-MOBILE /Cannabis page/Dried flower - Indica dominant")): Object: 'Object Repository/OCS-MOBILE /Cannabis page/Dried flower - Indica dominant' is clicked on

2019-06-28 16:20:33 - [MESSAGE][PASSED] - Object: 'Object Repository/OCS-MOBILE /Cannabis page/Dried flower - Indica dominant' is clicked on

2019-06-28 16:20:33 - [TEST_STEP][PASSED] - delay(2): Delayed 2 second(s)

2019-06-28 16:20:35 - [MESSAGE][PASSED] - Delayed 2 second(s)

2019-06-28 16:20:35 - [MESSAGE][PASSED] - Call Test Case 'Test Cases/OCS - MOBILE/OCS-COLLECTION PAGE/calling test case' successfully

2019-06-28 16:20:35 - [TEST_STEP][PASSED] - click(findTestObject("OCS-MOBILE /Collection page/sort option")): Object: 'Object Repository/OCS-MOBILE /Collection page/sort option' is clicked on

2019-06-28 16:20:36 - [MESSAGE][PASSED] - Object: 'Object Repository/OCS-MOBILE /Collection page/sort option' is clicked on

2019-06-28 16:20:36 - [TEST_STEP][PASSED] - delay(1): Delayed 1 second(s)

2019-06-28 16:20:37 - [MESSAGE][PASSED] - Delayed 1 second(s)

2019-06-28 16:20:37 - [TEST_STEP][PASSED] - setViewPortSize(1000, 800, OPTIONAL): Viewport is set to new size with width = 1000 and height = 800

2019-06-28 16:20:37 - [MESSAGE][PASSED] - Viewport is set to new size with width = 1000 and height = 800

2019-06-28 16:20:37 - [TEST_STEP][PASSED] - delay(2, OPTIONAL): Delayed 2 second(s)

2019-06-28 16:20:39 - [MESSAGE][PASSED] - Delayed 2 second(s)

2019-06-28 16:20:39 - [TEST_STEP][PASSED] - click(findTestObject("Theme_oR/Page_Ontario Cannabis Store  Ontari/button_Hide bar"), OPTIONAL): Unable to click on object (Root cause: java.lang.IllegalArgumentException: Object is null)

2019-06-28 16:20:39 - [MESSAGE][WARNING] - Test object with id 'Object Repository/Theme_oR/Page_Ontario Cannabis Store  Ontari/button_Hide bar' does not exist

2019-06-28 16:20:39 - [MESSAGE][WARNING] - Test object with id 'Object Repository/' does not exist

2019-06-28 16:20:39 - [MESSAGE][WARNING] - Unable to click on object (Root cause: java.lang.IllegalArgumentException: Object is null)
[[ATTACHMENT|/Users/sumankompelly/Relative xpath-Mobile/Reports/Live site/20190628_151842/1561753239127.png]]

2019-06-28 16:20:39 - [TEST_STEP][PASSED] - delay(2, OPTIONAL): Delayed 2 second(s)

2019-06-28 16:20:41 - [MESSAGE][PASSED] - Delayed 2 second(s)

2019-06-28 16:20:41 - [TEST_STEP][PASSED] - setViewPortSize(360, 800, OPTIONAL): Viewport is set to new size with width = 360 and height = 800

2019-06-28 16:20:41 - [MESSAGE][PASSED] - Viewport is set to new size with width = 360 and height = 800

2019-06-28 16:20:41 - [TEST_STEP][PASSED] - delay(1, OPTIONAL): Delayed 1 second(s)

2019-06-28 16:20:42 - [MESSAGE][PASSED] - Delayed 1 second(s)

2019-06-28 16:20:42 - [TEST_STEP][NOT_RUN] - executeJavaScript("var previewBar = document.getElementById("preview-bar-iframe"); previewBar.style.display = "none";", []): NOT_RUN: executeJavaScript("var previewBar = document.getElementById("preview-bar-iframe"); previewBar.style.display = "none";", [])

2019-06-28 16:20:42 - [MESSAGE][NOT_RUN] - NOT_RUN: executeJavaScript("var previewBar = document.getElementById("preview-bar-iframe"); previewBar.style.display = "none";", [])

2019-06-28 16:20:42 - [TEST_STEP][PASSED] - click(findTestObject("OCS-MOBILE /Collection page/CBD High to Low")): Object: 'Object Repository/OCS-MOBILE /Collection page/CBD High to Low' is clicked on

2019-06-28 16:20:42 - [MESSAGE][PASSED] - Object: 'Object Repository/OCS-MOBILE /Collection page/CBD High to Low' is clicked on

2019-06-28 16:20:42 - [TEST_STEP][PASSED] - delay(1): Delayed 1 second(s)

2019-06-28 16:20:43 - [MESSAGE][PASSED] - Delayed 1 second(s)

2019-06-28 16:20:43 - [TEST_STEP][PASSED] - refresh(): Refresh successfully

2019-06-28 16:20:44 - [MESSAGE][PASSED] - Refresh successfully

2019-06-28 16:20:44 - [TEST_STEP][NOT_RUN] - callTestCase(findTestCase("OCS - MOBILE/OCS-COLLECTION PAGE/calling test case"), [:], STOP_ON_FAILURE): NOT_RUN: callTestCase(findTestCase("OCS - MOBILE/OCS-COLLECTION PAGE/calling test case"), [:], STOP_ON_FAILURE)

2019-06-28 16:20:44 - [MESSAGE][NOT_RUN] - NOT_RUN: callTestCase(findTestCase("OCS - MOBILE/OCS-COLLECTION PAGE/calling test case"), [:], STOP_ON_FAILURE)

2019-06-28 16:20:44 - [TEST_STEP][NOT_RUN] - click(findTestObject("OCS-MOBILE /Collection page/sort option")): NOT_RUN: click(findTestObject("OCS-MOBILE /Collection page/sort option"))

2019-06-28 16:20:44 - [MESSAGE][NOT_RUN] - NOT_RUN: click(findTestObject("OCS-MOBILE /Collection page/sort option"))

2019-06-28 16:20:44 - [TEST_STEP][NOT_RUN] - delay(1): NOT_RUN: delay(1)

2019-06-28 16:20:44 - [MESSAGE][NOT_RUN] - NOT_RUN: delay(1)

2019-06-28 16:20:44 - [TEST_STEP][NOT_RUN] - setViewPortSize(1000, 800, OPTIONAL): NOT_RUN: setViewPortSize(1000, 800, OPTIONAL)

2019-06-28 16:20:44 - [MESSAGE][NOT_RUN] - NOT_RUN: setViewPortSize(1000, 800, OPTIONAL)

2019-06-28 16:20:44 - [TEST_STEP][NOT_RUN] - delay(2, OPTIONAL): NOT_RUN: delay(2, OPTIONAL)

2019-06-28 16:20:44 - [MESSAGE][NOT_RUN] - NOT_RUN: delay(2, OPTIONAL)

2019-06-28 16:20:44 - [TEST_STEP][NOT_RUN] - click(findTestObject("Theme_oR/Page_Ontario Cannabis Store  Ontari/button_Hide bar"), OPTIONAL): NOT_RUN: click(findTestObject("Theme_oR/Page_Ontario Cannabis Store  Ontari/button_Hide bar"), OPTIONAL)

2019-06-28 16:20:44 - [MESSAGE][NOT_RUN] - NOT_RUN: click(findTestObject("Theme_oR/Page_Ontario Cannabis Store  Ontari/button_Hide bar"), OPTIONAL)

2019-06-28 16:20:44 - [TEST_STEP][NOT_RUN] - delay(2, OPTIONAL): NOT_RUN: delay(2, OPTIONAL)

2019-06-28 16:20:44 - [MESSAGE][NOT_RUN] - NOT_RUN: delay(2, OPTIONAL)

2019-06-28 16:20:44 - [TEST_STEP][NOT_RUN] - setViewPortSize(360, 800, OPTIONAL): NOT_RUN: setViewPortSize(360, 800, OPTIONAL)

2019-06-28 16:20:44 - [MESSAGE][NOT_RUN] - NOT_RUN: setViewPortSize(360, 800, OPTIONAL)

2019-06-28 16:20:44 - [TEST_STEP][NOT_RUN] - delay(1, OPTIONAL): NOT_RUN: delay(1, OPTIONAL)

2019-06-28 16:20:44 - [MESSAGE][NOT_RUN] - NOT_RUN: delay(1, OPTIONAL)

2019-06-28 16:20:44 - [TEST_STEP][NOT_RUN] - click(findTestObject("OCS-MOBILE /Collection page/label_THC  High to Low")): NOT_RUN: click(findTestObject("OCS-MOBILE /Collection page/label_THC  High to Low"))

2019-06-28 16:20:44 - [MESSAGE][NOT_RUN] - NOT_RUN: click(findTestObject("OCS-MOBILE /Collection page/label_THC  High to Low"))

2019-06-28 16:20:44 - [TEST_STEP][NOT_RUN] - delay(1): NOT_RUN: delay(1)

2019-06-28 16:20:44 - [MESSAGE][NOT_RUN] - NOT_RUN: delay(1)

2019-06-28 16:20:44 - [TEST_STEP][PASSED] - refresh(): Refresh successfully

2019-06-28 16:20:44 - [MESSAGE][PASSED] - Refresh successfully]]></system-out>
         <system-err><![CDATA[]]></system-err>
      </testcase>
      <testcase name="Test Cases/OCS - MOBILE/OCS-COLLECTION PAGE/Chevron dropdown" classname="Test Cases/OCS - MOBILE/OCS-COLLECTION PAGE/Chevron dropdown" status="PASSED">
         <system-out><![CDATA[2019-06-28 16:20:44 - [TEST_CASE][PASSED] - Test Cases/OCS - MOBILE/OCS-COLLECTION PAGE/Chevron dropdown: Test Cases/OCS - MOBILE/OCS-COLLECTION PAGE/Chevron dropdown

2019-06-28 16:20:44 - [TEST_STEP][PASSED] - callTestCase(findTestCase("OCS - MOBILE/CALL - AGE GATE"), [:], STOP_ON_FAILURE): Call Test Case 'Test Cases/OCS - MOBILE/CALL - AGE GATE' successfully

2019-06-28 16:20:44 - [TEST_CASE][PASSED] - Test Cases/OCS - MOBILE/CALL - AGE GATE: Test Cases/OCS - MOBILE/CALL - AGE GATE

2019-06-28 16:20:44 - [TEST_STEP][PASSED] - openBrowser(""): Browser is opened with url: ''

2019-06-28 16:20:44 - [MESSAGE][WARNING] - A browser is already opened. Closing browser and opening a new one

2019-06-28 16:20:44 - [MESSAGE][INFO] - Starting 'Chrome' driver

2019-06-28 16:20:45 - [MESSAGE][PASSED] - Browser is opened with url: ''

2019-06-28 16:20:45 - [TEST_STEP][PASSED] - navigateToUrl("ocs.ca"): Navigate to 'http://ocs.ca' successfully

2019-06-28 16:20:49 - [MESSAGE][PASSED] - Navigate to 'http://ocs.ca' successfully

2019-06-28 16:20:49 - [TEST_STEP][NOT_RUN] - executeJavaScript("var previewBar = document.getElementById("preview-bar-iframe"); previewBar.style.display = "none";", []): NOT_RUN: executeJavaScript("var previewBar = document.getElementById("preview-bar-iframe"); previewBar.style.display = "none";", [])

2019-06-28 16:20:49 - [MESSAGE][NOT_RUN] - NOT_RUN: executeJavaScript("var previewBar = document.getElementById("preview-bar-iframe"); previewBar.style.display = "none";", [])

2019-06-28 16:20:49 - [TEST_STEP][PASSED] - setViewPortSize(360, 800): Viewport is set to new size with width = 360 and height = 800

2019-06-28 16:20:49 - [MESSAGE][PASSED] - Viewport is set to new size with width = 360 and height = 800

2019-06-28 16:20:49 - [TEST_STEP][PASSED] - delay(4): Delayed 4 second(s)

2019-06-28 16:20:53 - [MESSAGE][PASSED] - Delayed 4 second(s)

2019-06-28 16:20:53 - [TEST_STEP][PASSED] - selectOptionByValue(findTestObject("OCS-MOBILE /Age gate and burger menu/Date"), "12", true): All options with value '12' are selected in object 'Object Repository/OCS-MOBILE /Age gate and burger menu/Date'  using regular expression

2019-06-28 16:20:53 - [MESSAGE][PASSED] - All options with value '12' are selected in object 'Object Repository/OCS-MOBILE /Age gate and burger menu/Date'  using regular expression

2019-06-28 16:20:53 - [TEST_STEP][PASSED] - selectOptionByValue(findTestObject("OCS-MOBILE /Age gate and burger menu/month"), "6", true): All options with value '6' are selected in object 'Object Repository/OCS-MOBILE /Age gate and burger menu/month'  using regular expression

2019-06-28 16:20:53 - [MESSAGE][PASSED] - All options with value '6' are selected in object 'Object Repository/OCS-MOBILE /Age gate and burger menu/month'  using regular expression

2019-06-28 16:20:53 - [TEST_STEP][PASSED] - delay(2): Delayed 2 second(s)

2019-06-28 16:20:55 - [MESSAGE][PASSED] - Delayed 2 second(s)

2019-06-28 16:20:55 - [TEST_STEP][PASSED] - selectOptionByValue(findTestObject("OCS-MOBILE /Age gate and burger menu/Year Dropdown"), "1990", true): All options with value '1990' are selected in object 'Object Repository/OCS-MOBILE /Age gate and burger menu/Year Dropdown'  using regular expression

2019-06-28 16:20:56 - [MESSAGE][PASSED] - All options with value '1990' are selected in object 'Object Repository/OCS-MOBILE /Age gate and burger menu/Year Dropdown'  using regular expression

2019-06-28 16:20:56 - [TEST_STEP][PASSED] - click(findTestObject("OCS-MOBILE /Age gate and Mega menu/button_Verify")): Object: 'Object Repository/OCS-MOBILE /Age gate and Mega menu/button_Verify' is clicked on

2019-06-28 16:20:56 - [MESSAGE][PASSED] - Object: 'Object Repository/OCS-MOBILE /Age gate and Mega menu/button_Verify' is clicked on

2019-06-28 16:20:56 - [TEST_STEP][PASSED] - click(findTestObject("OCS-MOBILE /Age gate and Mega menu/Checkbox_CONFIRM AND ACKNOWLEDGE")): Object: 'Object Repository/OCS-MOBILE /Age gate and Mega menu/Checkbox_CONFIRM AND ACKNOWLEDGE' is clicked on

2019-06-28 16:20:56 - [MESSAGE][PASSED] - Object: 'Object Repository/OCS-MOBILE /Age gate and Mega menu/Checkbox_CONFIRM AND ACKNOWLEDGE' is clicked on

2019-06-28 16:20:56 - [TEST_STEP][PASSED] - click(findTestObject("OCS-MOBILE /Age gate and Mega menu/button_CONFIRM")): Object: 'Object Repository/OCS-MOBILE /Age gate and Mega menu/button_CONFIRM' is clicked on

2019-06-28 16:20:56 - [MESSAGE][PASSED] - Object: 'Object Repository/OCS-MOBILE /Age gate and Mega menu/button_CONFIRM' is clicked on

2019-06-28 16:20:56 - [TEST_STEP][PASSED] - click(findTestObject("OCS-MOBILE /Age gate and Mega menu/button_Start Browsing")): Object: 'Object Repository/OCS-MOBILE /Age gate and Mega menu/button_Start Browsing' is clicked on

2019-06-28 16:20:57 - [MESSAGE][PASSED] - Object: 'Object Repository/OCS-MOBILE /Age gate and Mega menu/button_Start Browsing' is clicked on

2019-06-28 16:20:57 - [TEST_STEP][PASSED] - refresh(): Refresh successfully

2019-06-28 16:20:57 - [MESSAGE][PASSED] - Refresh successfully

2019-06-28 16:20:57 - [TEST_STEP][NOT_RUN] - executeJavaScript("var previewBar = document.getElementById("preview-bar-iframe"); previewBar.style.display = "none";", []): NOT_RUN: executeJavaScript("var previewBar = document.getElementById("preview-bar-iframe"); previewBar.style.display = "none";", [])

2019-06-28 16:20:57 - [MESSAGE][NOT_RUN] - NOT_RUN: executeJavaScript("var previewBar = document.getElementById("preview-bar-iframe"); previewBar.style.display = "none";", [])

2019-06-28 16:20:57 - [MESSAGE][PASSED] - Call Test Case 'Test Cases/OCS - MOBILE/CALL - AGE GATE' successfully

2019-06-28 16:20:57 - [TEST_STEP][PASSED] - delay(2): Delayed 2 second(s)

2019-06-28 16:20:59 - [MESSAGE][PASSED] - Delayed 2 second(s)

2019-06-28 16:20:59 - [TEST_STEP][PASSED] - click(findTestObject("OCS-MOBILE /Age gate and burger menu/Burger menu - English")): Object: 'Object Repository/OCS-MOBILE /Age gate and burger menu/Burger menu - English' is clicked on

2019-06-28 16:20:59 - [MESSAGE][PASSED] - Object: 'Object Repository/OCS-MOBILE /Age gate and burger menu/Burger menu - English' is clicked on

2019-06-28 16:20:59 - [TEST_STEP][PASSED] - delay(2): Delayed 2 second(s)

2019-06-28 16:21:01 - [MESSAGE][PASSED] - Delayed 2 second(s)

2019-06-28 16:21:01 - [TEST_STEP][PASSED] - click(findTestObject("OCS-MOBILE /Age gate and Mega menu/Chevron_Cannabis")): Object: 'Object Repository/OCS-MOBILE /Age gate and Mega menu/Chevron_Cannabis' is clicked on

2019-06-28 16:21:01 - [MESSAGE][PASSED] - Object: 'Object Repository/OCS-MOBILE /Age gate and Mega menu/Chevron_Cannabis' is clicked on

2019-06-28 16:21:01 - [TEST_STEP][PASSED] - delay(2): Delayed 2 second(s)

2019-06-28 16:21:03 - [MESSAGE][PASSED] - Delayed 2 second(s)

2019-06-28 16:21:03 - [TEST_STEP][PASSED] - click(findTestObject("OCS-MOBILE /Cannabis page/Dried flower")): Object: 'Object Repository/OCS-MOBILE /Cannabis page/Dried flower' is clicked on

2019-06-28 16:21:04 - [MESSAGE][PASSED] - Object: 'Object Repository/OCS-MOBILE /Cannabis page/Dried flower' is clicked on

2019-06-28 16:21:04 - [TEST_STEP][PASSED] - delay(2): Delayed 2 second(s)

2019-06-28 16:21:06 - [MESSAGE][PASSED] - Delayed 2 second(s)

2019-06-28 16:21:06 - [TEST_STEP][PASSED] - click(findTestObject("OCS-MOBILE /Cannabis page/Dried flower - Indica dominant")): Object: 'Object Repository/OCS-MOBILE /Cannabis page/Dried flower - Indica dominant' is clicked on

2019-06-28 16:21:08 - [MESSAGE][PASSED] - Object: 'Object Repository/OCS-MOBILE /Cannabis page/Dried flower - Indica dominant' is clicked on

2019-06-28 16:21:08 - [TEST_STEP][PASSED] - delay(2): Delayed 2 second(s)

2019-06-28 16:21:10 - [MESSAGE][PASSED] - Delayed 2 second(s)

2019-06-28 16:21:10 - [TEST_STEP][PASSED] - click(findTestObject("OCS-MOBILE /Collection page/dropdown")): Object: 'Object Repository/OCS-MOBILE /Collection page/dropdown' is clicked on

2019-06-28 16:21:10 - [MESSAGE][PASSED] - Object: 'Object Repository/OCS-MOBILE /Collection page/dropdown' is clicked on

2019-06-28 16:21:10 - [TEST_STEP][PASSED] - delay(2): Delayed 2 second(s)

2019-06-28 16:21:12 - [MESSAGE][PASSED] - Delayed 2 second(s)

2019-06-28 16:21:12 - [TEST_STEP][PASSED] - flag = verifyElementPresent(findTestObject("OCS-MOBILE /Collection page/element inside"), 0): Object 'Object Repository/OCS-MOBILE /Collection page/element inside' is present

2019-06-28 16:21:12 - [MESSAGE][WARNING] - Timeout '0' is invalid. Using default page load timeout: '30'

2019-06-28 16:21:12 - [MESSAGE][PASSED] - Object 'Object Repository/OCS-MOBILE /Collection page/element inside' is present

2019-06-28 16:21:12 - [TEST_STEP][PASSED] - comment("flag=" + flag): flag=true

2019-06-28 16:21:12 - [MESSAGE][INFO] - flag=true

2019-06-28 16:21:12 - [TEST_STEP][PASSED] - if (flag == true): a=Dried Flower

2019-06-28 16:21:12 - [TEST_STEP][PASSED] - a = getText(findTestObject("OCS-MOBILE /Collection page/print element inside")): Text of object 'Object Repository/OCS-MOBILE /Collection page/print element inside' is: 'Dried Flower'

2019-06-28 16:21:12 - [MESSAGE][PASSED] - Text of object 'Object Repository/OCS-MOBILE /Collection page/print element inside' is: 'Dried Flower'

2019-06-28 16:21:12 - [TEST_STEP][PASSED] - comment("a=" + a): a=Dried Flower

2019-06-28 16:21:12 - [MESSAGE][INFO] - a=Dried Flower

2019-06-28 16:21:12 - [TEST_STEP][PASSED] - delay(2): Delayed 2 second(s)

2019-06-28 16:21:14 - [MESSAGE][PASSED] - Delayed 2 second(s)

2019-06-28 16:21:14 - [TEST_STEP][PASSED] - click(findTestObject("OCS-MOBILE /Collection page/dropdown")): Object: 'Object Repository/OCS-MOBILE /Collection page/dropdown' is clicked on

2019-06-28 16:21:14 - [MESSAGE][PASSED] - Object: 'Object Repository/OCS-MOBILE /Collection page/dropdown' is clicked on]]></system-out>
         <system-err><![CDATA[]]></system-err>
      </testcase>
      <testcase name="Test Cases/OCS - MOBILE/OCS-COLLECTION PAGE/What to consider" classname="Test Cases/OCS - MOBILE/OCS-COLLECTION PAGE/What to consider" status="PASSED">
         <system-out><![CDATA[2019-06-28 16:21:14 - [TEST_CASE][PASSED] - Test Cases/OCS - MOBILE/OCS-COLLECTION PAGE/What to consider: Test Cases/OCS - MOBILE/OCS-COLLECTION PAGE/What to consider

2019-06-28 16:21:14 - [TEST_STEP][PASSED] - callTestCase(findTestCase("OCS - MOBILE/CALL - AGE GATE"), [:], STOP_ON_FAILURE): Call Test Case 'Test Cases/OCS - MOBILE/CALL - AGE GATE' successfully

2019-06-28 16:21:14 - [TEST_CASE][PASSED] - Test Cases/OCS - MOBILE/CALL - AGE GATE: Test Cases/OCS - MOBILE/CALL - AGE GATE

2019-06-28 16:21:14 - [TEST_STEP][PASSED] - openBrowser(""): Browser is opened with url: ''

2019-06-28 16:21:14 - [MESSAGE][WARNING] - A browser is already opened. Closing browser and opening a new one

2019-06-28 16:21:14 - [MESSAGE][INFO] - Starting 'Chrome' driver

2019-06-28 16:21:15 - [MESSAGE][PASSED] - Browser is opened with url: ''

2019-06-28 16:21:15 - [TEST_STEP][PASSED] - navigateToUrl("ocs.ca"): Navigate to 'http://ocs.ca' successfully

2019-06-28 16:21:19 - [MESSAGE][PASSED] - Navigate to 'http://ocs.ca' successfully

2019-06-28 16:21:19 - [TEST_STEP][NOT_RUN] - executeJavaScript("var previewBar = document.getElementById("preview-bar-iframe"); previewBar.style.display = "none";", []): NOT_RUN: executeJavaScript("var previewBar = document.getElementById("preview-bar-iframe"); previewBar.style.display = "none";", [])

2019-06-28 16:21:19 - [MESSAGE][NOT_RUN] - NOT_RUN: executeJavaScript("var previewBar = document.getElementById("preview-bar-iframe"); previewBar.style.display = "none";", [])

2019-06-28 16:21:19 - [TEST_STEP][PASSED] - setViewPortSize(360, 800): Viewport is set to new size with width = 360 and height = 800

2019-06-28 16:21:19 - [MESSAGE][PASSED] - Viewport is set to new size with width = 360 and height = 800

2019-06-28 16:21:19 - [TEST_STEP][PASSED] - delay(4): Delayed 4 second(s)

2019-06-28 16:21:23 - [MESSAGE][PASSED] - Delayed 4 second(s)

2019-06-28 16:21:23 - [TEST_STEP][PASSED] - selectOptionByValue(findTestObject("OCS-MOBILE /Age gate and burger menu/Date"), "12", true): All options with value '12' are selected in object 'Object Repository/OCS-MOBILE /Age gate and burger menu/Date'  using regular expression

2019-06-28 16:21:23 - [MESSAGE][PASSED] - All options with value '12' are selected in object 'Object Repository/OCS-MOBILE /Age gate and burger menu/Date'  using regular expression

2019-06-28 16:21:23 - [TEST_STEP][PASSED] - selectOptionByValue(findTestObject("OCS-MOBILE /Age gate and burger menu/month"), "6", true): All options with value '6' are selected in object 'Object Repository/OCS-MOBILE /Age gate and burger menu/month'  using regular expression

2019-06-28 16:21:23 - [MESSAGE][PASSED] - All options with value '6' are selected in object 'Object Repository/OCS-MOBILE /Age gate and burger menu/month'  using regular expression

2019-06-28 16:21:23 - [TEST_STEP][PASSED] - delay(2): Delayed 2 second(s)

2019-06-28 16:21:25 - [MESSAGE][PASSED] - Delayed 2 second(s)

2019-06-28 16:21:25 - [TEST_STEP][PASSED] - selectOptionByValue(findTestObject("OCS-MOBILE /Age gate and burger menu/Year Dropdown"), "1990", true): All options with value '1990' are selected in object 'Object Repository/OCS-MOBILE /Age gate and burger menu/Year Dropdown'  using regular expression

2019-06-28 16:21:26 - [MESSAGE][PASSED] - All options with value '1990' are selected in object 'Object Repository/OCS-MOBILE /Age gate and burger menu/Year Dropdown'  using regular expression

2019-06-28 16:21:26 - [TEST_STEP][PASSED] - click(findTestObject("OCS-MOBILE /Age gate and Mega menu/button_Verify")): Object: 'Object Repository/OCS-MOBILE /Age gate and Mega menu/button_Verify' is clicked on

2019-06-28 16:21:26 - [MESSAGE][PASSED] - Object: 'Object Repository/OCS-MOBILE /Age gate and Mega menu/button_Verify' is clicked on

2019-06-28 16:21:26 - [TEST_STEP][PASSED] - click(findTestObject("OCS-MOBILE /Age gate and Mega menu/Checkbox_CONFIRM AND ACKNOWLEDGE")): Object: 'Object Repository/OCS-MOBILE /Age gate and Mega menu/Checkbox_CONFIRM AND ACKNOWLEDGE' is clicked on

2019-06-28 16:21:26 - [MESSAGE][PASSED] - Object: 'Object Repository/OCS-MOBILE /Age gate and Mega menu/Checkbox_CONFIRM AND ACKNOWLEDGE' is clicked on

2019-06-28 16:21:26 - [TEST_STEP][PASSED] - click(findTestObject("OCS-MOBILE /Age gate and Mega menu/button_CONFIRM")): Object: 'Object Repository/OCS-MOBILE /Age gate and Mega menu/button_CONFIRM' is clicked on

2019-06-28 16:21:26 - [MESSAGE][PASSED] - Object: 'Object Repository/OCS-MOBILE /Age gate and Mega menu/button_CONFIRM' is clicked on

2019-06-28 16:21:26 - [TEST_STEP][PASSED] - click(findTestObject("OCS-MOBILE /Age gate and Mega menu/button_Start Browsing")): Object: 'Object Repository/OCS-MOBILE /Age gate and Mega menu/button_Start Browsing' is clicked on

2019-06-28 16:21:27 - [MESSAGE][PASSED] - Object: 'Object Repository/OCS-MOBILE /Age gate and Mega menu/button_Start Browsing' is clicked on

2019-06-28 16:21:27 - [TEST_STEP][PASSED] - refresh(): Refresh successfully

2019-06-28 16:21:29 - [MESSAGE][PASSED] - Refresh successfully

2019-06-28 16:21:29 - [TEST_STEP][NOT_RUN] - executeJavaScript("var previewBar = document.getElementById("preview-bar-iframe"); previewBar.style.display = "none";", []): NOT_RUN: executeJavaScript("var previewBar = document.getElementById("preview-bar-iframe"); previewBar.style.display = "none";", [])

2019-06-28 16:21:29 - [MESSAGE][NOT_RUN] - NOT_RUN: executeJavaScript("var previewBar = document.getElementById("preview-bar-iframe"); previewBar.style.display = "none";", [])

2019-06-28 16:21:29 - [MESSAGE][PASSED] - Call Test Case 'Test Cases/OCS - MOBILE/CALL - AGE GATE' successfully

2019-06-28 16:21:29 - [TEST_STEP][PASSED] - delay(2): Delayed 2 second(s)

2019-06-28 16:21:31 - [MESSAGE][PASSED] - Delayed 2 second(s)

2019-06-28 16:21:31 - [TEST_STEP][PASSED] - click(findTestObject("OCS-MOBILE /Age gate and burger menu/Burger menu - English")): Object: 'Object Repository/OCS-MOBILE /Age gate and burger menu/Burger menu - English' is clicked on

2019-06-28 16:21:31 - [MESSAGE][PASSED] - Object: 'Object Repository/OCS-MOBILE /Age gate and burger menu/Burger menu - English' is clicked on

2019-06-28 16:21:31 - [TEST_STEP][PASSED] - delay(2): Delayed 2 second(s)

2019-06-28 16:21:33 - [MESSAGE][PASSED] - Delayed 2 second(s)

2019-06-28 16:21:33 - [TEST_STEP][PASSED] - click(findTestObject("OCS-MOBILE /Age gate and Mega menu/Chevron_Cannabis")): Object: 'Object Repository/OCS-MOBILE /Age gate and Mega menu/Chevron_Cannabis' is clicked on

2019-06-28 16:21:33 - [MESSAGE][PASSED] - Object: 'Object Repository/OCS-MOBILE /Age gate and Mega menu/Chevron_Cannabis' is clicked on

2019-06-28 16:21:33 - [TEST_STEP][PASSED] - delay(2): Delayed 2 second(s)

2019-06-28 16:21:35 - [MESSAGE][PASSED] - Delayed 2 second(s)

2019-06-28 16:21:35 - [TEST_STEP][PASSED] - click(findTestObject("OCS-MOBILE /Cannabis page/Dried flower")): Object: 'Object Repository/OCS-MOBILE /Cannabis page/Dried flower' is clicked on

2019-06-28 16:21:35 - [MESSAGE][PASSED] - Object: 'Object Repository/OCS-MOBILE /Cannabis page/Dried flower' is clicked on

2019-06-28 16:21:35 - [TEST_STEP][PASSED] - delay(2): Delayed 2 second(s)

2019-06-28 16:21:37 - [MESSAGE][PASSED] - Delayed 2 second(s)

2019-06-28 16:21:37 - [TEST_STEP][PASSED] - click(findTestObject("OCS-MOBILE /Cannabis page/Dried flower - Indica dominant")): Object: 'Object Repository/OCS-MOBILE /Cannabis page/Dried flower - Indica dominant' is clicked on

2019-06-28 16:21:37 - [MESSAGE][PASSED] - Object: 'Object Repository/OCS-MOBILE /Cannabis page/Dried flower - Indica dominant' is clicked on

2019-06-28 16:21:37 - [TEST_STEP][NOT_RUN] - executeJavaScript("var previewBar = document.getElementById("preview-bar-iframe"); previewBar.style.display = "none";", []): NOT_RUN: executeJavaScript("var previewBar = document.getElementById("preview-bar-iframe"); previewBar.style.display = "none";", [])

2019-06-28 16:21:37 - [MESSAGE][NOT_RUN] - NOT_RUN: executeJavaScript("var previewBar = document.getElementById("preview-bar-iframe"); previewBar.style.display = "none";", [])

2019-06-28 16:21:37 - [TEST_STEP][PASSED] - delay(2): Delayed 2 second(s)

2019-06-28 16:21:39 - [MESSAGE][PASSED] - Delayed 2 second(s)

2019-06-28 16:21:39 - [TEST_STEP][PASSED] - click(findTestObject("OCS-MOBILE /Collection page/loadmore")): Object: 'Object Repository/OCS-MOBILE /Collection page/loadmore' is clicked on

2019-06-28 16:21:39 - [MESSAGE][PASSED] - Object: 'Object Repository/OCS-MOBILE /Collection page/loadmore' is clicked on

2019-06-28 16:21:39 - [TEST_STEP][PASSED] - delay(2): Delayed 2 second(s)

2019-06-28 16:21:41 - [MESSAGE][PASSED] - Delayed 2 second(s)

2019-06-28 16:21:41 - [TEST_STEP][PASSED] - click(findTestObject("OCS-MOBILE /Collection page/What to consider")): Object: 'Object Repository/OCS-MOBILE /Collection page/What to consider' is clicked on

2019-06-28 16:21:45 - [MESSAGE][PASSED] - Object: 'Object Repository/OCS-MOBILE /Collection page/What to consider' is clicked on

2019-06-28 16:21:45 - [TEST_STEP][PASSED] - verifyTextPresent("Six things to know before deciding to consume cannabis.", false): Text 'Six things to know before deciding to consume cannabis.' is present on page 

2019-06-28 16:21:45 - [MESSAGE][PASSED] - Text 'Six things to know before deciding to consume cannabis.' is present on page]]></system-out>
         <system-err><![CDATA[]]></system-err>
      </testcase>
      <testcase name="Test Cases/OCS - MOBILE/OCS-COLLECTION PAGE/Filter" classname="Test Cases/OCS - MOBILE/OCS-COLLECTION PAGE/Filter" status="PASSED">
         <system-out><![CDATA[2019-06-28 16:21:45 - [TEST_CASE][PASSED] - Test Cases/OCS - MOBILE/OCS-COLLECTION PAGE/Filter: Test Cases/OCS - MOBILE/OCS-COLLECTION PAGE/Filter

2019-06-28 16:21:45 - [TEST_STEP][PASSED] - callTestCase(findTestCase("OCS - MOBILE/CALL - AGE GATE"), [:], STOP_ON_FAILURE): Call Test Case 'Test Cases/OCS - MOBILE/CALL - AGE GATE' successfully

2019-06-28 16:21:45 - [TEST_CASE][PASSED] - Test Cases/OCS - MOBILE/CALL - AGE GATE: Test Cases/OCS - MOBILE/CALL - AGE GATE

2019-06-28 16:21:45 - [TEST_STEP][PASSED] - openBrowser(""): Browser is opened with url: ''

2019-06-28 16:21:45 - [MESSAGE][WARNING] - A browser is already opened. Closing browser and opening a new one

2019-06-28 16:21:46 - [MESSAGE][INFO] - Starting 'Chrome' driver

2019-06-28 16:21:46 - [MESSAGE][PASSED] - Browser is opened with url: ''

2019-06-28 16:21:46 - [TEST_STEP][PASSED] - navigateToUrl("ocs.ca"): Navigate to 'http://ocs.ca' successfully

2019-06-28 16:21:51 - [MESSAGE][PASSED] - Navigate to 'http://ocs.ca' successfully

2019-06-28 16:21:51 - [TEST_STEP][NOT_RUN] - executeJavaScript("var previewBar = document.getElementById("preview-bar-iframe"); previewBar.style.display = "none";", []): NOT_RUN: executeJavaScript("var previewBar = document.getElementById("preview-bar-iframe"); previewBar.style.display = "none";", [])

2019-06-28 16:21:51 - [MESSAGE][NOT_RUN] - NOT_RUN: executeJavaScript("var previewBar = document.getElementById("preview-bar-iframe"); previewBar.style.display = "none";", [])

2019-06-28 16:21:51 - [TEST_STEP][PASSED] - setViewPortSize(360, 800): Viewport is set to new size with width = 360 and height = 800

2019-06-28 16:21:51 - [MESSAGE][PASSED] - Viewport is set to new size with width = 360 and height = 800

2019-06-28 16:21:51 - [TEST_STEP][PASSED] - delay(4): Delayed 4 second(s)

2019-06-28 16:21:55 - [MESSAGE][PASSED] - Delayed 4 second(s)

2019-06-28 16:21:55 - [TEST_STEP][PASSED] - selectOptionByValue(findTestObject("OCS-MOBILE /Age gate and burger menu/Date"), "12", true): All options with value '12' are selected in object 'Object Repository/OCS-MOBILE /Age gate and burger menu/Date'  using regular expression

2019-06-28 16:21:55 - [MESSAGE][PASSED] - All options with value '12' are selected in object 'Object Repository/OCS-MOBILE /Age gate and burger menu/Date'  using regular expression

2019-06-28 16:21:55 - [TEST_STEP][PASSED] - selectOptionByValue(findTestObject("OCS-MOBILE /Age gate and burger menu/month"), "6", true): All options with value '6' are selected in object 'Object Repository/OCS-MOBILE /Age gate and burger menu/month'  using regular expression

2019-06-28 16:21:55 - [MESSAGE][PASSED] - All options with value '6' are selected in object 'Object Repository/OCS-MOBILE /Age gate and burger menu/month'  using regular expression

2019-06-28 16:21:55 - [TEST_STEP][PASSED] - delay(2): Delayed 2 second(s)

2019-06-28 16:21:57 - [MESSAGE][PASSED] - Delayed 2 second(s)

2019-06-28 16:21:57 - [TEST_STEP][PASSED] - selectOptionByValue(findTestObject("OCS-MOBILE /Age gate and burger menu/Year Dropdown"), "1990", true): All options with value '1990' are selected in object 'Object Repository/OCS-MOBILE /Age gate and burger menu/Year Dropdown'  using regular expression

2019-06-28 16:21:58 - [MESSAGE][PASSED] - All options with value '1990' are selected in object 'Object Repository/OCS-MOBILE /Age gate and burger menu/Year Dropdown'  using regular expression

2019-06-28 16:21:58 - [TEST_STEP][PASSED] - click(findTestObject("OCS-MOBILE /Age gate and Mega menu/button_Verify")): Object: 'Object Repository/OCS-MOBILE /Age gate and Mega menu/button_Verify' is clicked on

2019-06-28 16:21:58 - [MESSAGE][PASSED] - Object: 'Object Repository/OCS-MOBILE /Age gate and Mega menu/button_Verify' is clicked on

2019-06-28 16:21:58 - [TEST_STEP][PASSED] - click(findTestObject("OCS-MOBILE /Age gate and Mega menu/Checkbox_CONFIRM AND ACKNOWLEDGE")): Object: 'Object Repository/OCS-MOBILE /Age gate and Mega menu/Checkbox_CONFIRM AND ACKNOWLEDGE' is clicked on

2019-06-28 16:21:58 - [MESSAGE][PASSED] - Object: 'Object Repository/OCS-MOBILE /Age gate and Mega menu/Checkbox_CONFIRM AND ACKNOWLEDGE' is clicked on

2019-06-28 16:21:58 - [TEST_STEP][PASSED] - click(findTestObject("OCS-MOBILE /Age gate and Mega menu/button_CONFIRM")): Object: 'Object Repository/OCS-MOBILE /Age gate and Mega menu/button_CONFIRM' is clicked on

2019-06-28 16:21:58 - [MESSAGE][PASSED] - Object: 'Object Repository/OCS-MOBILE /Age gate and Mega menu/button_CONFIRM' is clicked on

2019-06-28 16:21:58 - [TEST_STEP][PASSED] - click(findTestObject("OCS-MOBILE /Age gate and Mega menu/button_Start Browsing")): Object: 'Object Repository/OCS-MOBILE /Age gate and Mega menu/button_Start Browsing' is clicked on

2019-06-28 16:21:58 - [MESSAGE][PASSED] - Object: 'Object Repository/OCS-MOBILE /Age gate and Mega menu/button_Start Browsing' is clicked on

2019-06-28 16:21:58 - [TEST_STEP][PASSED] - refresh(): Refresh successfully

2019-06-28 16:22:00 - [MESSAGE][PASSED] - Refresh successfully

2019-06-28 16:22:00 - [TEST_STEP][NOT_RUN] - executeJavaScript("var previewBar = document.getElementById("preview-bar-iframe"); previewBar.style.display = "none";", []): NOT_RUN: executeJavaScript("var previewBar = document.getElementById("preview-bar-iframe"); previewBar.style.display = "none";", [])

2019-06-28 16:22:00 - [MESSAGE][NOT_RUN] - NOT_RUN: executeJavaScript("var previewBar = document.getElementById("preview-bar-iframe"); previewBar.style.display = "none";", [])

2019-06-28 16:22:00 - [MESSAGE][PASSED] - Call Test Case 'Test Cases/OCS - MOBILE/CALL - AGE GATE' successfully

2019-06-28 16:22:00 - [TEST_STEP][PASSED] - click(findTestObject("OCS-MOBILE /Age gate and burger menu/Burger menu - English")): Object: 'Object Repository/OCS-MOBILE /Age gate and burger menu/Burger menu - English' is clicked on

2019-06-28 16:22:00 - [MESSAGE][PASSED] - Object: 'Object Repository/OCS-MOBILE /Age gate and burger menu/Burger menu - English' is clicked on

2019-06-28 16:22:00 - [TEST_STEP][PASSED] - delay(2): Delayed 2 second(s)

2019-06-28 16:22:02 - [MESSAGE][PASSED] - Delayed 2 second(s)

2019-06-28 16:22:02 - [TEST_STEP][PASSED] - click(findTestObject("OCS-MOBILE /Age gate and Mega menu/Chevron_Cannabis")): Object: 'Object Repository/OCS-MOBILE /Age gate and Mega menu/Chevron_Cannabis' is clicked on

2019-06-28 16:22:02 - [MESSAGE][PASSED] - Object: 'Object Repository/OCS-MOBILE /Age gate and Mega menu/Chevron_Cannabis' is clicked on

2019-06-28 16:22:02 - [TEST_STEP][PASSED] - delay(1): Delayed 1 second(s)

2019-06-28 16:22:03 - [MESSAGE][PASSED] - Delayed 1 second(s)

2019-06-28 16:22:03 - [TEST_STEP][PASSED] - click(findTestObject("OCS-MOBILE /Cannabis page/Dried flower")): Object: 'Object Repository/OCS-MOBILE /Cannabis page/Dried flower' is clicked on

2019-06-28 16:22:03 - [MESSAGE][PASSED] - Object: 'Object Repository/OCS-MOBILE /Cannabis page/Dried flower' is clicked on

2019-06-28 16:22:03 - [TEST_STEP][PASSED] - delay(1): Delayed 1 second(s)

2019-06-28 16:22:04 - [MESSAGE][PASSED] - Delayed 1 second(s)

2019-06-28 16:22:04 - [TEST_STEP][PASSED] - click(findTestObject("OCS-MOBILE /Cannabis page/Dried flower - Indica dominant")): Object: 'Object Repository/OCS-MOBILE /Cannabis page/Dried flower - Indica dominant' is clicked on

2019-06-28 16:22:05 - [MESSAGE][PASSED] - Object: 'Object Repository/OCS-MOBILE /Cannabis page/Dried flower - Indica dominant' is clicked on

2019-06-28 16:22:05 - [TEST_STEP][PASSED] - delay(1): Delayed 1 second(s)

2019-06-28 16:22:06 - [MESSAGE][PASSED] - Delayed 1 second(s)

2019-06-28 16:22:06 - [TEST_STEP][PASSED] - click(findTestObject("OCS-MOBILE /Filter flyout/Filter option")): Object: 'Object Repository/OCS-MOBILE /Filter flyout/Filter option' is clicked on

2019-06-28 16:22:06 - [MESSAGE][PASSED] - Object: 'Object Repository/OCS-MOBILE /Filter flyout/Filter option' is clicked on

2019-06-28 16:22:06 - [TEST_STEP][PASSED] - delay(2): Delayed 2 second(s)

2019-06-28 16:22:08 - [MESSAGE][PASSED] - Delayed 2 second(s)

2019-06-28 16:22:08 - [TEST_STEP][PASSED] - click(findTestObject("OCS-MOBILE /Filter flyout/THC - CBD Tool tip")): Object: 'Object Repository/OCS-MOBILE /Filter flyout/THC - CBD Tool tip' is clicked on

2019-06-28 16:22:08 - [MESSAGE][PASSED] - Object: 'Object Repository/OCS-MOBILE /Filter flyout/THC - CBD Tool tip' is clicked on

2019-06-28 16:22:08 - [TEST_STEP][PASSED] - delay(2): Delayed 2 second(s)

2019-06-28 16:22:10 - [MESSAGE][PASSED] - Delayed 2 second(s)

2019-06-28 16:22:10 - [TEST_STEP][PASSED] - click(findTestObject("OCS-MOBILE /Filter flyout/THC CBD plus accordian")): Object: 'Object Repository/OCS-MOBILE /Filter flyout/THC CBD plus accordian' is clicked on

2019-06-28 16:22:10 - [MESSAGE][PASSED] - Object: 'Object Repository/OCS-MOBILE /Filter flyout/THC CBD plus accordian' is clicked on

2019-06-28 16:22:10 - [TEST_STEP][PASSED] - delay(2): Delayed 2 second(s)

2019-06-28 16:22:12 - [MESSAGE][PASSED] - Delayed 2 second(s)

2019-06-28 16:22:12 - [TEST_STEP][PASSED] - click(findTestObject("OCS-MOBILE /Filter flyout/THC - CBD Subtract accordian")): Object: 'Object Repository/OCS-MOBILE /Filter flyout/THC - CBD Subtract accordian' is clicked on

2019-06-28 16:22:12 - [MESSAGE][PASSED] - Object: 'Object Repository/OCS-MOBILE /Filter flyout/THC - CBD Subtract accordian' is clicked on

2019-06-28 16:22:12 - [TEST_STEP][PASSED] - delay(2): Delayed 2 second(s)

2019-06-28 16:22:14 - [MESSAGE][PASSED] - Delayed 2 second(s)

2019-06-28 16:22:14 - [TEST_STEP][PASSED] - click(findTestObject("OCS-MOBILE /Filter flyout/THC CBD plus accordian")): Object: 'Object Repository/OCS-MOBILE /Filter flyout/THC CBD plus accordian' is clicked on

2019-06-28 16:22:14 - [MESSAGE][PASSED] - Object: 'Object Repository/OCS-MOBILE /Filter flyout/THC CBD plus accordian' is clicked on

2019-06-28 16:22:14 - [TEST_STEP][NOT_RUN] - click(findTestObject("OCS-MOBILE /Filter flyout/div_18.00")): NOT_RUN: click(findTestObject("OCS-MOBILE /Filter flyout/div_18.00"))

2019-06-28 16:22:14 - [MESSAGE][NOT_RUN] - NOT_RUN: click(findTestObject("OCS-MOBILE /Filter flyout/div_18.00"))

2019-06-28 16:22:14 - [TEST_STEP][NOT_RUN] - delay(2): NOT_RUN: delay(2)

2019-06-28 16:22:14 - [MESSAGE][NOT_RUN] - NOT_RUN: delay(2)

2019-06-28 16:22:14 - [TEST_STEP][NOT_RUN] - click(findTestObject("OCS-MOBILE /Filter flyout/div_25.00")): NOT_RUN: click(findTestObject("OCS-MOBILE /Filter flyout/div_25.00"))

2019-06-28 16:22:14 - [MESSAGE][NOT_RUN] - NOT_RUN: click(findTestObject("OCS-MOBILE /Filter flyout/div_25.00"))

2019-06-28 16:22:14 - [TEST_STEP][NOT_RUN] - delay(2): NOT_RUN: delay(2)

2019-06-28 16:22:14 - [MESSAGE][NOT_RUN] - NOT_RUN: delay(2)

2019-06-28 16:22:14 - [TEST_STEP][NOT_RUN] - click(findTestObject("OCS-MOBILE /Filter flyout/div_14.00")): NOT_RUN: click(findTestObject("OCS-MOBILE /Filter flyout/div_14.00"))

2019-06-28 16:22:14 - [MESSAGE][NOT_RUN] - NOT_RUN: click(findTestObject("OCS-MOBILE /Filter flyout/div_14.00"))

2019-06-28 16:22:14 - [TEST_STEP][NOT_RUN] - delay(2): NOT_RUN: delay(2)

2019-06-28 16:22:14 - [MESSAGE][NOT_RUN] - NOT_RUN: delay(2)

2019-06-28 16:22:14 - [TEST_STEP][NOT_RUN] - click(findTestObject("OCS-MOBILE /Filter flyout/div_19.00")): NOT_RUN: click(findTestObject("OCS-MOBILE /Filter flyout/div_19.00"))

2019-06-28 16:22:14 - [MESSAGE][NOT_RUN] - NOT_RUN: click(findTestObject("OCS-MOBILE /Filter flyout/div_19.00"))

2019-06-28 16:22:14 - [TEST_STEP][PASSED] - delay(2): Delayed 2 second(s)

2019-06-28 16:22:16 - [MESSAGE][PASSED] - Delayed 2 second(s)

2019-06-28 16:22:16 - [TEST_STEP][NOT_RUN] - click(findTestObject("OCS-MOBILE /Filter flyout/Learn More About THC CBD")): NOT_RUN: click(findTestObject("OCS-MOBILE /Filter flyout/Learn More About THC CBD"))

2019-06-28 16:22:16 - [MESSAGE][NOT_RUN] - NOT_RUN: click(findTestObject("OCS-MOBILE /Filter flyout/Learn More About THC CBD"))

2019-06-28 16:22:16 - [TEST_STEP][PASSED] - delay(4): Delayed 4 second(s)

2019-06-28 16:22:20 - [MESSAGE][PASSED] - Delayed 4 second(s)

2019-06-28 16:22:20 - [TEST_STEP][NOT_RUN] - callTestCase(findTestCase("OCS - MOBILE/OCS-COLLECTION PAGE/calling test case"), [:], STOP_ON_FAILURE): NOT_RUN: callTestCase(findTestCase("OCS - MOBILE/OCS-COLLECTION PAGE/calling test case"), [:], STOP_ON_FAILURE)

2019-06-28 16:22:20 - [MESSAGE][NOT_RUN] - NOT_RUN: callTestCase(findTestCase("OCS - MOBILE/OCS-COLLECTION PAGE/calling test case"), [:], STOP_ON_FAILURE)

2019-06-28 16:22:20 - [TEST_STEP][NOT_RUN] - click(findTestObject("OCS-MOBILE /Filter flyout/Filter option")): NOT_RUN: click(findTestObject("OCS-MOBILE /Filter flyout/Filter option"))

2019-06-28 16:22:20 - [MESSAGE][NOT_RUN] - NOT_RUN: click(findTestObject("OCS-MOBILE /Filter flyout/Filter option"))

2019-06-28 16:22:20 - [TEST_STEP][PASSED] - click(findTestObject("OCS-MOBILE /Filter flyout/Plant type tooltip")): Object: 'Object Repository/OCS-MOBILE /Filter flyout/Plant type tooltip' is clicked on

2019-06-28 16:22:20 - [MESSAGE][PASSED] - Object: 'Object Repository/OCS-MOBILE /Filter flyout/Plant type tooltip' is clicked on

2019-06-28 16:22:20 - [TEST_STEP][PASSED] - delay(2): Delayed 2 second(s)

2019-06-28 16:22:22 - [MESSAGE][PASSED] - Delayed 2 second(s)

2019-06-28 16:22:22 - [TEST_STEP][PASSED] - click(findTestObject("OCS-MOBILE /Filter flyout/Plant type plus accordian")): Object: 'Object Repository/OCS-MOBILE /Filter flyout/Plant type plus accordian' is clicked on

2019-06-28 16:22:22 - [MESSAGE][PASSED] - Object: 'Object Repository/OCS-MOBILE /Filter flyout/Plant type plus accordian' is clicked on

2019-06-28 16:22:22 - [TEST_STEP][PASSED] - delay(1): Delayed 1 second(s)

2019-06-28 16:22:23 - [MESSAGE][PASSED] - Delayed 1 second(s)

2019-06-28 16:22:23 - [TEST_STEP][PASSED] - click(findTestObject("OCS-MOBILE /Filter flyout/Plant type subtract accordian")): Object: 'Object Repository/OCS-MOBILE /Filter flyout/Plant type subtract accordian' is clicked on

2019-06-28 16:22:23 - [MESSAGE][PASSED] - Object: 'Object Repository/OCS-MOBILE /Filter flyout/Plant type subtract accordian' is clicked on

2019-06-28 16:22:23 - [TEST_STEP][PASSED] - delay(1): Delayed 1 second(s)

2019-06-28 16:22:24 - [MESSAGE][PASSED] - Delayed 1 second(s)

2019-06-28 16:22:24 - [TEST_STEP][PASSED] - click(findTestObject("OCS-MOBILE /Filter flyout/Plant type plus accordian")): Object: 'Object Repository/OCS-MOBILE /Filter flyout/Plant type plus accordian' is clicked on

2019-06-28 16:22:25 - [MESSAGE][PASSED] - Object: 'Object Repository/OCS-MOBILE /Filter flyout/Plant type plus accordian' is clicked on

2019-06-28 16:22:25 - [TEST_STEP][PASSED] - delay(2): Delayed 2 second(s)

2019-06-28 16:22:27 - [MESSAGE][PASSED] - Delayed 2 second(s)

2019-06-28 16:22:27 - [TEST_STEP][PASSED] - click(findTestObject("OCS-MOBILE /Filter flyout/Indica Dominant")): Object: 'Object Repository/OCS-MOBILE /Filter flyout/Indica Dominant' is clicked on

2019-06-28 16:22:27 - [MESSAGE][PASSED] - Object: 'Object Repository/OCS-MOBILE /Filter flyout/Indica Dominant' is clicked on

2019-06-28 16:22:27 - [TEST_STEP][PASSED] - delay(2): Delayed 2 second(s)

2019-06-28 16:22:29 - [MESSAGE][PASSED] - Delayed 2 second(s)

2019-06-28 16:22:29 - [TEST_STEP][PASSED] - click(findTestObject("OCS-MOBILE /Filter flyout/Sativa Dominant")): Object: 'Object Repository/OCS-MOBILE /Filter flyout/Sativa Dominant' is clicked on

2019-06-28 16:22:29 - [MESSAGE][PASSED] - Object: 'Object Repository/OCS-MOBILE /Filter flyout/Sativa Dominant' is clicked on

2019-06-28 16:22:29 - [TEST_STEP][PASSED] - delay(2): Delayed 2 second(s)

2019-06-28 16:22:31 - [MESSAGE][PASSED] - Delayed 2 second(s)

2019-06-28 16:22:31 - [TEST_STEP][PASSED] - click(findTestObject("OCS-MOBILE /Filter flyout/Hybrid")): Object: 'Object Repository/OCS-MOBILE /Filter flyout/Hybrid' is clicked on

2019-06-28 16:22:31 - [MESSAGE][PASSED] - Object: 'Object Repository/OCS-MOBILE /Filter flyout/Hybrid' is clicked on

2019-06-28 16:22:31 - [TEST_STEP][PASSED] - delay(2): Delayed 2 second(s)

2019-06-28 16:22:33 - [MESSAGE][PASSED] - Delayed 2 second(s)

2019-06-28 16:22:33 - [TEST_STEP][PASSED] - click(findTestObject("OCS-MOBILE /Filter flyout/Blend")): Object: 'Object Repository/OCS-MOBILE /Filter flyout/Blend' is clicked on

2019-06-28 16:22:33 - [MESSAGE][PASSED] - Object: 'Object Repository/OCS-MOBILE /Filter flyout/Blend' is clicked on

2019-06-28 16:22:33 - [TEST_STEP][PASSED] - delay(2): Delayed 2 second(s)

2019-06-28 16:22:35 - [MESSAGE][PASSED] - Delayed 2 second(s)

2019-06-28 16:22:35 - [TEST_STEP][NOT_RUN] - click(findTestObject("Object Repository/COLLECTION PAGE _OR/Filter_OR/Page_Pre-Rolled  Ontario Cannabis S/label_Sativa Dominant")): NOT_RUN: click(findTestObject("Object Repository/COLLECTION PAGE _OR/Filter_OR/Page_Pre-Rolled  Ontario Cannabis S/label_Sativa Dominant"))

2019-06-28 16:22:35 - [MESSAGE][NOT_RUN] - NOT_RUN: click(findTestObject("Object Repository/COLLECTION PAGE _OR/Filter_OR/Page_Pre-Rolled  Ontario Cannabis S/label_Sativa Dominant"))

2019-06-28 16:22:35 - [TEST_STEP][NOT_RUN] - delay(2): NOT_RUN: delay(2)

2019-06-28 16:22:35 - [MESSAGE][NOT_RUN] - NOT_RUN: delay(2)

2019-06-28 16:22:35 - [TEST_STEP][NOT_RUN] - click(findTestObject("Object Repository/COLLECTION PAGE _OR/Filter_OR/Page_Pre-Rolled  Ontario Cannabis S/label_Hybrid")): NOT_RUN: click(findTestObject("Object Repository/COLLECTION PAGE _OR/Filter_OR/Page_Pre-Rolled  Ontario Cannabis S/label_Hybrid"))

2019-06-28 16:22:35 - [MESSAGE][NOT_RUN] - NOT_RUN: click(findTestObject("Object Repository/COLLECTION PAGE _OR/Filter_OR/Page_Pre-Rolled  Ontario Cannabis S/label_Hybrid"))

2019-06-28 16:22:35 - [TEST_STEP][NOT_RUN] - delay(2): NOT_RUN: delay(2)

2019-06-28 16:22:35 - [MESSAGE][NOT_RUN] - NOT_RUN: delay(2)

2019-06-28 16:22:35 - [TEST_STEP][NOT_RUN] - click(findTestObject("Object Repository/COLLECTION PAGE _OR/Filter_OR/Page_Pre-Rolled  Ontario Cannabis S/label_Blend")): NOT_RUN: click(findTestObject("Object Repository/COLLECTION PAGE _OR/Filter_OR/Page_Pre-Rolled  Ontario Cannabis S/label_Blend"))

2019-06-28 16:22:35 - [MESSAGE][NOT_RUN] - NOT_RUN: click(findTestObject("Object Repository/COLLECTION PAGE _OR/Filter_OR/Page_Pre-Rolled  Ontario Cannabis S/label_Blend"))

2019-06-28 16:22:35 - [TEST_STEP][NOT_RUN] - delay(2): NOT_RUN: delay(2)

2019-06-28 16:22:35 - [MESSAGE][NOT_RUN] - NOT_RUN: delay(2)

2019-06-28 16:22:35 - [TEST_STEP][NOT_RUN] - click(findTestObject("OCS-MOBILE /Filter flyout/Learn More About Plant Type")): NOT_RUN: click(findTestObject("OCS-MOBILE /Filter flyout/Learn More About Plant Type"))

2019-06-28 16:22:35 - [MESSAGE][NOT_RUN] - NOT_RUN: click(findTestObject("OCS-MOBILE /Filter flyout/Learn More About Plant Type"))

2019-06-28 16:22:35 - [TEST_STEP][NOT_RUN] - delay(2): NOT_RUN: delay(2)

2019-06-28 16:22:35 - [MESSAGE][NOT_RUN] - NOT_RUN: delay(2)

2019-06-28 16:22:35 - [TEST_STEP][NOT_RUN] - callTestCase(findTestCase("OCS - MOBILE/OCS-COLLECTION PAGE/calling test case"), [:], STOP_ON_FAILURE): NOT_RUN: callTestCase(findTestCase("OCS - MOBILE/OCS-COLLECTION PAGE/calling test case"), [:], STOP_ON_FAILURE)

2019-06-28 16:22:35 - [MESSAGE][NOT_RUN] - NOT_RUN: callTestCase(findTestCase("OCS - MOBILE/OCS-COLLECTION PAGE/calling test case"), [:], STOP_ON_FAILURE)

2019-06-28 16:22:35 - [TEST_STEP][PASSED] - click(findTestObject("OCS-MOBILE /Filter flyout/Plant type subtract accordian")): Object: 'Object Repository/OCS-MOBILE /Filter flyout/Plant type subtract accordian' is clicked on

2019-06-28 16:22:35 - [MESSAGE][PASSED] - Object: 'Object Repository/OCS-MOBILE /Filter flyout/Plant type subtract accordian' is clicked on

2019-06-28 16:22:35 - [TEST_STEP][PASSED] - click(findTestObject("OCS-MOBILE /Filter flyout/Filter option"), OPTIONAL): Unable to click on object 'Object Repository/OCS-MOBILE /Filter flyout/Filter option' (Root cause: org.openqa.selenium.WebDriverException: unknown error: Element <a data-flyout="#flyout--filters" tabindex="0">...</a> is not clickable at point (24, 329). Other element would receive the click: <label for="plant_type--sativa">...</label>
  (Session info: chrome=75.0.3770.100)
  (Driver info: chromedriver=2.43.600229 (3fae4d0cda5334b4f533bede5a4787f7b832d052),platform=Mac OS X 10.13.6 x86_64) (WARNING: The server did not provide any stacktrace information)
Command duration or timeout: 0 milliseconds
Build info: version: '3.7.1', revision: '8a0099a', time: '2017-11-06T21:07:36.161Z'
System info: host: 'sumans-MacBook-Pro.local', ip: 'fe80:0:0:0:14f6:8d5f:4e59:4e6f%en0', os.name: 'Mac OS X', os.arch: 'x86_64', os.version: '10.13.6', java.version: '1.8.0_181'
Driver info: com.kms.katalon.selenium.driver.CChromeDriver
Capabilities {acceptInsecureCerts: false, acceptSslCerts: false, applicationCacheEnabled: false, browserConnectionEnabled: false, browserName: chrome, chrome: {chromedriverVersion: 2.43.600229 (3fae4d0cda5334..., userDataDir: /var/folders/1t/c55l8xzs6gq...}, cssSelectorsEnabled: true, databaseEnabled: false, goog:chromeOptions: {debuggerAddress: localhost:61283}, handlesAlerts: true, hasTouchScreen: false, javascriptEnabled: true, locationContextEnabled: true, mobileEmulationEnabled: false, nativeEvents: true, networkConnectionEnabled: false, pageLoadStrategy: normal, platform: MAC, platformName: MAC, rotatable: false, setWindowRect: true, takesHeapSnapshot: true, takesScreenshot: true, unexpectedAlertBehaviour: , unhandledPromptBehavior: , version: 75.0.3770.100, webStorageEnabled: true}
Session ID: 414a212ccd2c3898c5cf7bc29f84e26e)

2019-06-28 16:22:35 - [MESSAGE][WARNING] - Unable to click on object 'Object Repository/OCS-MOBILE /Filter flyout/Filter option' (Root cause: org.openqa.selenium.WebDriverException: unknown error: Element <a data-flyout="#flyout--filters" tabindex="0">...</a> is not clickable at point (24, 329). Other element would receive the click: <label for="plant_type--sativa">...</label>
  (Session info: chrome=75.0.3770.100)
  (Driver info: chromedriver=2.43.600229 (3fae4d0cda5334b4f533bede5a4787f7b832d052),platform=Mac OS X 10.13.6 x86_64) (WARNING: The server did not provide any stacktrace information)
Command duration or timeout: 0 milliseconds
Build info: version: '3.7.1', revision: '8a0099a', time: '2017-11-06T21:07:36.161Z'
System info: host: 'sumans-MacBook-Pro.local', ip: 'fe80:0:0:0:14f6:8d5f:4e59:4e6f%en0', os.name: 'Mac OS X', os.arch: 'x86_64', os.version: '10.13.6', java.version: '1.8.0_181'
Driver info: com.kms.katalon.selenium.driver.CChromeDriver
Capabilities {acceptInsecureCerts: false, acceptSslCerts: false, applicationCacheEnabled: false, browserConnectionEnabled: false, browserName: chrome, chrome: {chromedriverVersion: 2.43.600229 (3fae4d0cda5334..., userDataDir: /var/folders/1t/c55l8xzs6gq...}, cssSelectorsEnabled: true, databaseEnabled: false, goog:chromeOptions: {debuggerAddress: localhost:61283}, handlesAlerts: true, hasTouchScreen: false, javascriptEnabled: true, locationContextEnabled: true, mobileEmulationEnabled: false, nativeEvents: true, networkConnectionEnabled: false, pageLoadStrategy: normal, platform: MAC, platformName: MAC, rotatable: false, setWindowRect: true, takesHeapSnapshot: true, takesScreenshot: true, unexpectedAlertBehaviour: , unhandledPromptBehavior: , version: 75.0.3770.100, webStorageEnabled: true}
Session ID: 414a212ccd2c3898c5cf7bc29f84e26e)
[[ATTACHMENT|/Users/sumankompelly/Relative xpath-Mobile/Reports/Live site/20190628_151842/1561753355384.png]]

2019-06-28 16:22:35 - [TEST_STEP][NOT_RUN] - executeJavaScript("var previewBar = document.getElementById("preview-bar-iframe"); previewBar.style.display = "none";", []): NOT_RUN: executeJavaScript("var previewBar = document.getElementById("preview-bar-iframe"); previewBar.style.display = "none";", [])

2019-06-28 16:22:35 - [MESSAGE][NOT_RUN] - NOT_RUN: executeJavaScript("var previewBar = document.getElementById("preview-bar-iframe"); previewBar.style.display = "none";", [])

2019-06-28 16:22:35 - [TEST_STEP][PASSED] - click(findTestObject("OCS-MOBILE /Filter flyout/Brand tool tip")): Object: 'Object Repository/OCS-MOBILE /Filter flyout/Brand tool tip' is clicked on

2019-06-28 16:22:35 - [MESSAGE][PASSED] - Object: 'Object Repository/OCS-MOBILE /Filter flyout/Brand tool tip' is clicked on

2019-06-28 16:22:35 - [TEST_STEP][PASSED] - delay(1): Delayed 1 second(s)

2019-06-28 16:22:36 - [MESSAGE][PASSED] - Delayed 1 second(s)

2019-06-28 16:22:36 - [TEST_STEP][PASSED] - click(findTestObject("OCS-MOBILE /Filter flyout/Brand plus accordian")): Object: 'Object Repository/OCS-MOBILE /Filter flyout/Brand plus accordian' is clicked on

2019-06-28 16:22:36 - [MESSAGE][PASSED] - Object: 'Object Repository/OCS-MOBILE /Filter flyout/Brand plus accordian' is clicked on

2019-06-28 16:22:36 - [TEST_STEP][PASSED] - delay(2): Delayed 2 second(s)

2019-06-28 16:22:38 - [MESSAGE][PASSED] - Delayed 2 second(s)

2019-06-28 16:22:38 - [TEST_STEP][PASSED] - click(findTestObject("OCS-MOBILE /Filter flyout/Brand subtract accordian")): Object: 'Object Repository/OCS-MOBILE /Filter flyout/Brand subtract accordian' is clicked on

2019-06-28 16:22:38 - [MESSAGE][PASSED] - Object: 'Object Repository/OCS-MOBILE /Filter flyout/Brand subtract accordian' is clicked on

2019-06-28 16:22:38 - [TEST_STEP][PASSED] - delay(1): Delayed 1 second(s)

2019-06-28 16:22:39 - [MESSAGE][PASSED] - Delayed 1 second(s)

2019-06-28 16:22:39 - [TEST_STEP][PASSED] - click(findTestObject("OCS-MOBILE /Filter flyout/Brand plus accordian")): Object: 'Object Repository/OCS-MOBILE /Filter flyout/Brand plus accordian' is clicked on

2019-06-28 16:22:39 - [MESSAGE][PASSED] - Object: 'Object Repository/OCS-MOBILE /Filter flyout/Brand plus accordian' is clicked on

2019-06-28 16:22:39 - [TEST_STEP][PASSED] - delay(2): Delayed 2 second(s)

2019-06-28 16:22:41 - [MESSAGE][PASSED] - Delayed 2 second(s)

2019-06-28 16:22:41 - [TEST_STEP][PASSED] - click(findTestObject("OCS-MOBILE /Filter flyout/Edison"), OPTIONAL): Object: 'Object Repository/OCS-MOBILE /Filter flyout/Edison' is clicked on

2019-06-28 16:22:41 - [MESSAGE][PASSED] - Object: 'Object Repository/OCS-MOBILE /Filter flyout/Edison' is clicked on

2019-06-28 16:22:41 - [TEST_STEP][PASSED] - delay(2, OPTIONAL): Delayed 2 second(s)

2019-06-28 16:22:43 - [MESSAGE][PASSED] - Delayed 2 second(s)

2019-06-28 16:22:43 - [TEST_STEP][PASSED] - delay(2, OPTIONAL): Delayed 2 second(s)

2019-06-28 16:22:45 - [MESSAGE][PASSED] - Delayed 2 second(s)

2019-06-28 16:22:45 - [TEST_STEP][PASSED] - click(findTestObject("OCS-MOBILE /Filter flyout/Haven St"), OPTIONAL): Object: 'Object Repository/OCS-MOBILE /Filter flyout/Haven St' is clicked on

2019-06-28 16:22:45 - [MESSAGE][PASSED] - Object: 'Object Repository/OCS-MOBILE /Filter flyout/Haven St' is clicked on

2019-06-28 16:22:45 - [TEST_STEP][PASSED] - delay(2, OPTIONAL): Delayed 2 second(s)

2019-06-28 16:22:47 - [MESSAGE][PASSED] - Delayed 2 second(s)

2019-06-28 16:22:47 - [TEST_STEP][PASSED] - click(findTestObject("OCS-MOBILE /Filter flyout/Emerald"), OPTIONAL): Object: 'Object Repository/OCS-MOBILE /Filter flyout/Emerald' is clicked on

2019-06-28 16:22:48 - [MESSAGE][PASSED] - Object: 'Object Repository/OCS-MOBILE /Filter flyout/Emerald' is clicked on

2019-06-28 16:22:48 - [TEST_STEP][PASSED] - delay(2, OPTIONAL): Delayed 2 second(s)

2019-06-28 16:22:50 - [MESSAGE][PASSED] - Delayed 2 second(s)

2019-06-28 16:22:50 - [TEST_STEP][NOT_RUN] - click(findTestObject("OCS-MOBILE /Filter flyout/Gage Cannabis Co"), OPTIONAL): NOT_RUN: click(findTestObject("OCS-MOBILE /Filter flyout/Gage Cannabis Co"), OPTIONAL)

2019-06-28 16:22:50 - [MESSAGE][NOT_RUN] - NOT_RUN: click(findTestObject("OCS-MOBILE /Filter flyout/Gage Cannabis Co"), OPTIONAL)

2019-06-28 16:22:50 - [TEST_STEP][PASSED] - delay(2, OPTIONAL): Delayed 2 second(s)

2019-06-28 16:22:52 - [MESSAGE][PASSED] - Delayed 2 second(s)

2019-06-28 16:22:52 - [TEST_STEP][NOT_RUN] - click(findTestObject("OCS-MOBILE /Filter flyout/INDIVA"), OPTIONAL): NOT_RUN: click(findTestObject("OCS-MOBILE /Filter flyout/INDIVA"), OPTIONAL)

2019-06-28 16:22:52 - [MESSAGE][NOT_RUN] - NOT_RUN: click(findTestObject("OCS-MOBILE /Filter flyout/INDIVA"), OPTIONAL)

2019-06-28 16:22:52 - [TEST_STEP][PASSED] - delay(2, OPTIONAL): Delayed 2 second(s)

2019-06-28 16:22:54 - [MESSAGE][PASSED] - Delayed 2 second(s)

2019-06-28 16:22:54 - [TEST_STEP][PASSED] - click(findTestObject("OCS-MOBILE /Filter flyout/RIFF"), OPTIONAL): Unable to click on object 'Object Repository/OCS-MOBILE /Filter flyout/RIFF' (Root cause: com.kms.katalon.core.webui.exception.WebElementNotFoundException: Web element with id: 'Object Repository/OCS-MOBILE /Filter flyout/RIFF' located by 'By.xpath: //span[contains(text(),'RIFF')]' not found)

2019-06-28 16:23:24 - [MESSAGE][INFO] - Unable to find the element located by 'By.xpath: //span[contains(text(),'RIFF')]'. Please recheck the objects properties to make sure the desired element is located. 

2019-06-28 16:23:25 - [MESSAGE][WARNING] - Unable to click on object 'Object Repository/OCS-MOBILE /Filter flyout/RIFF' (Root cause: com.kms.katalon.core.webui.exception.WebElementNotFoundException: Web element with id: 'Object Repository/OCS-MOBILE /Filter flyout/RIFF' located by 'By.xpath: //span[contains(text(),'RIFF')]' not found)
[[ATTACHMENT|/Users/sumankompelly/Relative xpath-Mobile/Reports/Live site/20190628_151842/1561753404840.png]]

2019-06-28 16:23:25 - [TEST_STEP][PASSED] - delay(2, OPTIONAL): Delayed 2 second(s)

2019-06-28 16:23:27 - [MESSAGE][PASSED] - Delayed 2 second(s)

2019-06-28 16:23:27 - [TEST_STEP][PASSED] - click(findTestObject("OCS-MOBILE /Filter flyout/Seven Oaks"), OPTIONAL): Object: 'Object Repository/OCS-MOBILE /Filter flyout/Seven Oaks' is clicked on

2019-06-28 16:23:27 - [MESSAGE][PASSED] - Object: 'Object Repository/OCS-MOBILE /Filter flyout/Seven Oaks' is clicked on

2019-06-28 16:23:27 - [TEST_STEP][PASSED] - delay(2, OPTIONAL): Delayed 2 second(s)

2019-06-28 16:23:29 - [MESSAGE][PASSED] - Delayed 2 second(s)

2019-06-28 16:23:29 - [TEST_STEP][PASSED] - click(findTestObject("Object Repository/COLLECTION PAGE _OR/Filter_OR/Page_Pre-Rolled  Ontario Cannabis S/label_Synr.g"), OPTIONAL): Unable to click on object (Root cause: java.lang.IllegalArgumentException: Object is null)

2019-06-28 16:23:29 - [MESSAGE][WARNING] - Test object with id 'Object Repository/COLLECTION PAGE _OR/Filter_OR/Page_Pre-Rolled  Ontario Cannabis S/label_Synr.g' does not exist

2019-06-28 16:23:29 - [MESSAGE][WARNING] - Test object with id 'Object Repository/' does not exist

2019-06-28 16:23:29 - [MESSAGE][WARNING] - Unable to click on object (Root cause: java.lang.IllegalArgumentException: Object is null)
[[ATTACHMENT|/Users/sumankompelly/Relative xpath-Mobile/Reports/Live site/20190628_151842/1561753409222.png]]

2019-06-28 16:23:29 - [TEST_STEP][PASSED] - delay(2, OPTIONAL): Delayed 2 second(s)

2019-06-28 16:23:31 - [MESSAGE][PASSED] - Delayed 2 second(s)

2019-06-28 16:23:31 - [TEST_STEP][PASSED] - click(findTestObject("OCS-MOBILE /Filter flyout/Trailblazer"), OPTIONAL): Unable to click on object 'Object Repository/OCS-MOBILE /Filter flyout/Trailblazer' (Root cause: com.kms.katalon.core.webui.exception.WebElementNotFoundException: Web element with id: 'Object Repository/OCS-MOBILE /Filter flyout/Trailblazer' located by 'By.xpath: //span[contains(text(),'Trailblazer')]' not found)

2019-06-28 16:24:02 - [MESSAGE][INFO] - Unable to find the element located by 'By.xpath: //span[contains(text(),'Trailblazer')]'. Please recheck the objects properties to make sure the desired element is located. 

2019-06-28 16:24:02 - [MESSAGE][WARNING] - Unable to click on object 'Object Repository/OCS-MOBILE /Filter flyout/Trailblazer' (Root cause: com.kms.katalon.core.webui.exception.WebElementNotFoundException: Web element with id: 'Object Repository/OCS-MOBILE /Filter flyout/Trailblazer' located by 'By.xpath: //span[contains(text(),'Trailblazer')]' not found)
[[ATTACHMENT|/Users/sumankompelly/Relative xpath-Mobile/Reports/Live site/20190628_151842/1561753442313.png]]

2019-06-28 16:24:02 - [TEST_STEP][PASSED] - delay(2, OPTIONAL): Delayed 2 second(s)

2019-06-28 16:24:04 - [MESSAGE][PASSED] - Delayed 2 second(s)

2019-06-28 16:24:04 - [TEST_STEP][PASSED] - click(findTestObject("OCS-MOBILE /Filter flyout/_Xscape"), OPTIONAL): Unable to click on object 'Object Repository/OCS-MOBILE /Filter flyout/_Xscape' (Root cause: com.kms.katalon.core.webui.exception.WebElementNotFoundException: Web element with id: 'Object Repository/OCS-MOBILE /Filter flyout/_Xscape' located by 'By.xpath: //span[contains(text(),'Xscape')]' not found)

2019-06-28 16:24:35 - [MESSAGE][INFO] - Unable to find the element located by 'By.xpath: //span[contains(text(),'Xscape')]'. Please recheck the objects properties to make sure the desired element is located. 

2019-06-28 16:24:35 - [MESSAGE][WARNING] - Unable to click on object 'Object Repository/OCS-MOBILE /Filter flyout/_Xscape' (Root cause: com.kms.katalon.core.webui.exception.WebElementNotFoundException: Web element with id: 'Object Repository/OCS-MOBILE /Filter flyout/_Xscape' located by 'By.xpath: //span[contains(text(),'Xscape')]' not found)
[[ATTACHMENT|/Users/sumankompelly/Relative xpath-Mobile/Reports/Live site/20190628_151842/1561753475389.png]]

2019-06-28 16:24:35 - [TEST_STEP][PASSED] - delay(2, OPTIONAL): Delayed 2 second(s)

2019-06-28 16:24:37 - [MESSAGE][PASSED] - Delayed 2 second(s)

2019-06-28 16:24:37 - [TEST_STEP][PASSED] - click(findTestObject("OCS-MOBILE /Filter flyout/Aurora"), OPTIONAL): Object: 'Object Repository/OCS-MOBILE /Filter flyout/Aurora' is clicked on

2019-06-28 16:24:37 - [MESSAGE][PASSED] - Object: 'Object Repository/OCS-MOBILE /Filter flyout/Aurora' is clicked on

2019-06-28 16:24:37 - [TEST_STEP][PASSED] - click(findTestObject("OCS-MOBILE /Filter flyout/Canna Farms"), OPTIONAL): Object: 'Object Repository/OCS-MOBILE /Filter flyout/Canna Farms' is clicked on

2019-06-28 16:24:37 - [MESSAGE][PASSED] - Object: 'Object Repository/OCS-MOBILE /Filter flyout/Canna Farms' is clicked on

2019-06-28 16:24:37 - [TEST_STEP][PASSED] - click(findTestObject("OCS-MOBILE /Filter flyout/Edison"), OPTIONAL): Object: 'Object Repository/OCS-MOBILE /Filter flyout/Edison' is clicked on

2019-06-28 16:24:37 - [MESSAGE][PASSED] - Object: 'Object Repository/OCS-MOBILE /Filter flyout/Edison' is clicked on

2019-06-28 16:24:37 - [TEST_STEP][PASSED] - click(findTestObject("OCS-MOBILE /Filter flyout/Flowr"), OPTIONAL): Object: 'Object Repository/OCS-MOBILE /Filter flyout/Flowr' is clicked on

2019-06-28 16:24:38 - [MESSAGE][PASSED] - Object: 'Object Repository/OCS-MOBILE /Filter flyout/Flowr' is clicked on

2019-06-28 16:24:38 - [TEST_STEP][PASSED] - click(findTestObject("OCS-MOBILE /Filter flyout/Haven St"), OPTIONAL): Object: 'Object Repository/OCS-MOBILE /Filter flyout/Haven St' is clicked on

2019-06-28 16:24:38 - [MESSAGE][PASSED] - Object: 'Object Repository/OCS-MOBILE /Filter flyout/Haven St' is clicked on

2019-06-28 16:24:38 - [TEST_STEP][PASSED] - click(findTestObject("OCS-MOBILE /Filter flyout/liiv"), OPTIONAL): Unable to click on object 'Object Repository/OCS-MOBILE /Filter flyout/liiv' (Root cause: com.kms.katalon.core.webui.exception.WebElementNotFoundException: Web element with id: 'Object Repository/OCS-MOBILE /Filter flyout/liiv' located by 'By.xpath: //span[(text() = 'liiv' or . = 'liiv')]' not found)

2019-06-28 16:25:08 - [MESSAGE][INFO] - Unable to find the element located by 'By.xpath: //span[(text() = 'liiv' or . = 'liiv')]'. Please recheck the objects properties to make sure the desired element is located. 

2019-06-28 16:25:09 - [MESSAGE][WARNING] - Unable to click on object 'Object Repository/OCS-MOBILE /Filter flyout/liiv' (Root cause: com.kms.katalon.core.webui.exception.WebElementNotFoundException: Web element with id: 'Object Repository/OCS-MOBILE /Filter flyout/liiv' located by 'By.xpath: //span[(text() = 'liiv' or . = 'liiv')]' not found)
[[ATTACHMENT|/Users/sumankompelly/Relative xpath-Mobile/Reports/Live site/20190628_151842/1561753508872.png]]

2019-06-28 16:25:09 - [TEST_STEP][PASSED] - click(findTestObject("OCS-MOBILE /Filter flyout/Saturday"), OPTIONAL): Unable to click on object 'Object Repository/OCS-MOBILE /Filter flyout/Saturday' (Root cause: com.kms.katalon.core.webui.exception.WebElementNotFoundException: Web element with id: 'Object Repository/OCS-MOBILE /Filter flyout/Saturday' located by 'By.xpath: /html/body/div/div[2]/div[2]/div[2]/div/div[3]/div[2]/div/fieldset/div[14]/label/span' not found)

2019-06-28 16:25:39 - [MESSAGE][INFO] - Unable to find the element located by 'By.xpath: /html/body/div/div[2]/div[2]/div[2]/div/div[3]/div[2]/div/fieldset/div[14]/label/span'. Please recheck the objects properties to make sure the desired element is located. 

2019-06-28 16:25:40 - [MESSAGE][WARNING] - Unable to click on object 'Object Repository/OCS-MOBILE /Filter flyout/Saturday' (Root cause: com.kms.katalon.core.webui.exception.WebElementNotFoundException: Web element with id: 'Object Repository/OCS-MOBILE /Filter flyout/Saturday' located by 'By.xpath: /html/body/div/div[2]/div[2]/div[2]/div/div[3]/div[2]/div/fieldset/div[14]/label/span' not found)
[[ATTACHMENT|/Users/sumankompelly/Relative xpath-Mobile/Reports/Live site/20190628_151842/1561753539898.png]]

2019-06-28 16:25:40 - [TEST_STEP][PASSED] - click(findTestObject("OCS-MOBILE /Filter flyout/Spinach"), OPTIONAL): Unable to click on object 'Object Repository/OCS-MOBILE /Filter flyout/Spinach' (Root cause: com.kms.katalon.core.webui.exception.WebElementNotFoundException: Web element with id: 'Object Repository/OCS-MOBILE /Filter flyout/Spinach' located by 'By.xpath: //span[contains(text(),'Spinach')][count(. | //label[(text() = 'Spinach' or . = 'Spinach')]) = count(//label[(text() = 'Spinach' or . = 'Spinach')])]' not found)

2019-06-28 16:26:10 - [MESSAGE][INFO] - Unable to find the element located by 'By.xpath: //span[contains(text(),'Spinach')][count(. | //label[(text() = 'Spinach' or . = 'Spinach')]) = count(//label[(text() = 'Spinach' or . = 'Spinach')])]'. Please recheck the objects properties to make sure the desired element is located. 

2019-06-28 16:26:11 - [MESSAGE][WARNING] - Unable to click on object 'Object Repository/OCS-MOBILE /Filter flyout/Spinach' (Root cause: com.kms.katalon.core.webui.exception.WebElementNotFoundException: Web element with id: 'Object Repository/OCS-MOBILE /Filter flyout/Spinach' located by 'By.xpath: //span[contains(text(),'Spinach')][count(. | //label[(text() = 'Spinach' or . = 'Spinach')]) = count(//label[(text() = 'Spinach' or . = 'Spinach')])]' not found)
[[ATTACHMENT|/Users/sumankompelly/Relative xpath-Mobile/Reports/Live site/20190628_151842/1561753570974.png]]

2019-06-28 16:26:11 - [TEST_STEP][PASSED] - click(findTestObject("Object Repository/COLLECTION PAGE _OR/Filter_OR/Page_Pre-Rolled  Ontario Cannabis S/label_Spinach"), OPTIONAL): Unable to click on object (Root cause: java.lang.IllegalArgumentException: Object is null)

2019-06-28 16:26:11 - [MESSAGE][WARNING] - Test object with id 'Object Repository/COLLECTION PAGE _OR/Filter_OR/Page_Pre-Rolled  Ontario Cannabis S/label_Spinach' does not exist

2019-06-28 16:26:11 - [MESSAGE][WARNING] - Test object with id 'Object Repository/' does not exist

2019-06-28 16:26:11 - [MESSAGE][WARNING] - Unable to click on object (Root cause: java.lang.IllegalArgumentException: Object is null)
[[ATTACHMENT|/Users/sumankompelly/Relative xpath-Mobile/Reports/Live site/20190628_151842/1561753571358.png]]

2019-06-28 16:26:11 - [TEST_STEP][PASSED] - click(findTestObject("OCS-MOBILE /Filter flyout/THC BioMed"), OPTIONAL): Object: 'Object Repository/OCS-MOBILE /Filter flyout/THC BioMed' is clicked on

2019-06-28 16:26:11 - [MESSAGE][PASSED] - Object: 'Object Repository/OCS-MOBILE /Filter flyout/THC BioMed' is clicked on

2019-06-28 16:26:11 - [TEST_STEP][PASSED] - click(findTestObject("OCS-MOBILE /Filter flyout/Whistler Cannabis Co"), OPTIONAL): Object: 'Object Repository/OCS-MOBILE /Filter flyout/Whistler Cannabis Co' is clicked on

2019-06-28 16:26:11 - [MESSAGE][PASSED] - Object: 'Object Repository/OCS-MOBILE /Filter flyout/Whistler Cannabis Co' is clicked on

2019-06-28 16:26:11 - [TEST_STEP][PASSED] - click(findTestObject("OCS-MOBILE /Filter flyout/Spinach"), OPTIONAL): Unable to click on object 'Object Repository/OCS-MOBILE /Filter flyout/Spinach' (Root cause: com.kms.katalon.core.webui.exception.WebElementNotFoundException: Web element with id: 'Object Repository/OCS-MOBILE /Filter flyout/Spinach' located by 'By.xpath: //span[contains(text(),'Spinach')][count(. | //label[(text() = 'Spinach' or . = 'Spinach')]) = count(//label[(text() = 'Spinach' or . = 'Spinach')])]' not found)

2019-06-28 16:26:42 - [MESSAGE][INFO] - Unable to find the element located by 'By.xpath: //span[contains(text(),'Spinach')][count(. | //label[(text() = 'Spinach' or . = 'Spinach')]) = count(//label[(text() = 'Spinach' or . = 'Spinach')])]'. Please recheck the objects properties to make sure the desired element is located. 

2019-06-28 16:26:42 - [MESSAGE][WARNING] - Unable to click on object 'Object Repository/OCS-MOBILE /Filter flyout/Spinach' (Root cause: com.kms.katalon.core.webui.exception.WebElementNotFoundException: Web element with id: 'Object Repository/OCS-MOBILE /Filter flyout/Spinach' located by 'By.xpath: //span[contains(text(),'Spinach')][count(. | //label[(text() = 'Spinach' or . = 'Spinach')]) = count(//label[(text() = 'Spinach' or . = 'Spinach')])]' not found)
[[ATTACHMENT|/Users/sumankompelly/Relative xpath-Mobile/Reports/Live site/20190628_151842/1561753602682.png]]

2019-06-28 16:26:42 - [TEST_STEP][PASSED] - click(findTestObject("OCS-MOBILE /Filter flyout/Spinach1"), OPTIONAL): Object: 'Object Repository/OCS-MOBILE /Filter flyout/Spinach1' is clicked on

2019-06-28 16:26:43 - [MESSAGE][PASSED] - Object: 'Object Repository/OCS-MOBILE /Filter flyout/Spinach1' is clicked on

2019-06-28 16:26:43 - [TEST_STEP][NOT_RUN] - click(findTestObject("OCS-MOBILE /Filter flyout/Learn More About brand"), OPTIONAL): NOT_RUN: click(findTestObject("OCS-MOBILE /Filter flyout/Learn More About brand"), OPTIONAL)

2019-06-28 16:26:43 - [MESSAGE][NOT_RUN] - NOT_RUN: click(findTestObject("OCS-MOBILE /Filter flyout/Learn More About brand"), OPTIONAL)

2019-06-28 16:26:43 - [TEST_STEP][NOT_RUN] - setText(findTestObject("OCS-MOBILE /Filter flyout/Input to search - brand"), "boveda", OPTIONAL): NOT_RUN: setText(findTestObject("OCS-MOBILE /Filter flyout/Input to search - brand"), "boveda", OPTIONAL)

2019-06-28 16:26:43 - [MESSAGE][NOT_RUN] - NOT_RUN: setText(findTestObject("OCS-MOBILE /Filter flyout/Input to search - brand"), "boveda", OPTIONAL)

2019-06-28 16:26:43 - [TEST_STEP][NOT_RUN] - verifyTextPresent("", Keys.chord(ENTER), OPTIONAL): NOT_RUN: verifyTextPresent("", Keys.chord(ENTER), OPTIONAL)

2019-06-28 16:26:43 - [MESSAGE][NOT_RUN] - NOT_RUN: verifyTextPresent("", Keys.chord(ENTER), OPTIONAL)

2019-06-28 16:26:43 - [TEST_STEP][NOT_RUN] - verifyTextPresent("Boveda", false, OPTIONAL): NOT_RUN: verifyTextPresent("Boveda", false, OPTIONAL)

2019-06-28 16:26:43 - [MESSAGE][NOT_RUN] - NOT_RUN: verifyTextPresent("Boveda", false, OPTIONAL)

2019-06-28 16:26:43 - [TEST_STEP][NOT_RUN] - setText(findTestObject("OCS-MOBILE /Filter flyout/Input to search - brand"), "ace valley", OPTIONAL): NOT_RUN: setText(findTestObject("OCS-MOBILE /Filter flyout/Input to search - brand"), "ace valley", OPTIONAL)

2019-06-28 16:26:43 - [MESSAGE][NOT_RUN] - NOT_RUN: setText(findTestObject("OCS-MOBILE /Filter flyout/Input to search - brand"), "ace valley", OPTIONAL)

2019-06-28 16:26:43 - [TEST_STEP][NOT_RUN] - sendKeys(findTestObject("Object Repository/COLLECTION PAGE _OR/Filter_OR/Page_Shop by Brands  Ontario Cannab/input_Shop by Brands_q"), Keys.chord(ENTER), OPTIONAL): NOT_RUN: sendKeys(findTestObject("Object Repository/COLLECTION PAGE _OR/Filter_OR/Page_Shop by Brands  Ontario Cannab/input_Shop by Brands_q"), Keys.chord(ENTER), OPTIONAL)

2019-06-28 16:26:43 - [MESSAGE][NOT_RUN] - NOT_RUN: sendKeys(findTestObject("Object Repository/COLLECTION PAGE _OR/Filter_OR/Page_Shop by Brands  Ontario Cannab/input_Shop by Brands_q"), Keys.chord(ENTER), OPTIONAL)

2019-06-28 16:26:43 - [TEST_STEP][NOT_RUN] - verifyTextPresent("Ace Valley", false, OPTIONAL): NOT_RUN: verifyTextPresent("Ace Valley", false, OPTIONAL)

2019-06-28 16:26:43 - [MESSAGE][NOT_RUN] - NOT_RUN: verifyTextPresent("Ace Valley", false, OPTIONAL)

2019-06-28 16:26:43 - [TEST_STEP][NOT_RUN] - back(OPTIONAL): NOT_RUN: back(OPTIONAL)

2019-06-28 16:26:43 - [MESSAGE][NOT_RUN] - NOT_RUN: back(OPTIONAL)

2019-06-28 16:26:43 - [TEST_STEP][NOT_RUN] - back(OPTIONAL): NOT_RUN: back(OPTIONAL)

2019-06-28 16:26:43 - [MESSAGE][NOT_RUN] - NOT_RUN: back(OPTIONAL)

2019-06-28 16:26:43 - [TEST_STEP][NOT_RUN] - click(findTestObject("OCS-MOBILE /Filter flyout/Filter option"), OPTIONAL): NOT_RUN: click(findTestObject("OCS-MOBILE /Filter flyout/Filter option"), OPTIONAL)

2019-06-28 16:26:43 - [MESSAGE][NOT_RUN] - NOT_RUN: click(findTestObject("OCS-MOBILE /Filter flyout/Filter option"), OPTIONAL)

2019-06-28 16:26:43 - [TEST_STEP][PASSED] - click(findTestObject("OCS-MOBILE /Filter flyout/Terpenes tooltip"), OPTIONAL): Object: 'Object Repository/OCS-MOBILE /Filter flyout/Terpenes tooltip' is clicked on

2019-06-28 16:26:43 - [MESSAGE][PASSED] - Object: 'Object Repository/OCS-MOBILE /Filter flyout/Terpenes tooltip' is clicked on

2019-06-28 16:26:43 - [TEST_STEP][PASSED] - click(findTestObject("OCS-MOBILE /Filter flyout/Terpenes plus accordian"), OPTIONAL): Object: 'Object Repository/OCS-MOBILE /Filter flyout/Terpenes plus accordian' is clicked on

2019-06-28 16:26:43 - [MESSAGE][PASSED] - Object: 'Object Repository/OCS-MOBILE /Filter flyout/Terpenes plus accordian' is clicked on

2019-06-28 16:26:43 - [TEST_STEP][PASSED] - click(findTestObject("OCS-MOBILE /Filter flyout/Terpenes subtract accordian"), OPTIONAL): Unable to click on object 'Object Repository/OCS-MOBILE /Filter flyout/Terpenes subtract accordian' (Root cause: com.kms.katalon.core.webui.exception.WebElementNotFoundException: Web element with id: 'Object Repository/OCS-MOBILE /Filter flyout/Terpenes subtract accordian' located by 'By.xpath: //div[@class='filter__group accordionize tags']//i[@class='icon icon--subtract']' not found)

2019-06-28 16:27:14 - [MESSAGE][INFO] - Unable to find the element located by 'By.xpath: //div[@class='filter__group accordionize tags']//i[@class='icon icon--subtract']'. Please recheck the objects properties to make sure the desired element is located. 

2019-06-28 16:27:14 - [MESSAGE][WARNING] - Unable to click on object 'Object Repository/OCS-MOBILE /Filter flyout/Terpenes subtract accordian' (Root cause: com.kms.katalon.core.webui.exception.WebElementNotFoundException: Web element with id: 'Object Repository/OCS-MOBILE /Filter flyout/Terpenes subtract accordian' located by 'By.xpath: //div[@class='filter__group accordionize tags']//i[@class='icon icon--subtract']' not found)
[[ATTACHMENT|/Users/sumankompelly/Relative xpath-Mobile/Reports/Live site/20190628_151842/1561753634052.png]]

2019-06-28 16:27:14 - [TEST_STEP][PASSED] - click(findTestObject("OCS-MOBILE /Filter flyout/Terpenes plus accordian"), OPTIONAL): Unable to click on object 'Object Repository/OCS-MOBILE /Filter flyout/Terpenes plus accordian' (Root cause: com.kms.katalon.core.webui.exception.WebElementNotFoundException: Web element with id: 'Object Repository/OCS-MOBILE /Filter flyout/Terpenes plus accordian' located by 'By.xpath: //div[@class='filter__group accordionize tags']//i[@class='icon icon--plus']' not found)

2019-06-28 16:27:45 - [MESSAGE][INFO] - Unable to find the element located by 'By.xpath: //div[@class='filter__group accordionize tags']//i[@class='icon icon--plus']'. Please recheck the objects properties to make sure the desired element is located. 

2019-06-28 16:27:45 - [MESSAGE][WARNING] - Unable to click on object 'Object Repository/OCS-MOBILE /Filter flyout/Terpenes plus accordian' (Root cause: com.kms.katalon.core.webui.exception.WebElementNotFoundException: Web element with id: 'Object Repository/OCS-MOBILE /Filter flyout/Terpenes plus accordian' located by 'By.xpath: //div[@class='filter__group accordionize tags']//i[@class='icon icon--plus']' not found)
[[ATTACHMENT|/Users/sumankompelly/Relative xpath-Mobile/Reports/Live site/20190628_151842/1561753665164.png]]

2019-06-28 16:27:45 - [TEST_STEP][PASSED] - click(findTestObject("OCS-MOBILE /Filter flyout/Alpha-bisabolol"), OPTIONAL): Object: 'Object Repository/OCS-MOBILE /Filter flyout/Alpha-bisabolol' is clicked on

2019-06-28 16:27:45 - [MESSAGE][PASSED] - Object: 'Object Repository/OCS-MOBILE /Filter flyout/Alpha-bisabolol' is clicked on

2019-06-28 16:27:45 - [TEST_STEP][PASSED] - click(findTestObject("OCS-MOBILE /Filter flyout/Alpha-pinene"), OPTIONAL): Object: 'Object Repository/OCS-MOBILE /Filter flyout/Alpha-pinene' is clicked on

2019-06-28 16:27:45 - [MESSAGE][PASSED] - Object: 'Object Repository/OCS-MOBILE /Filter flyout/Alpha-pinene' is clicked on

2019-06-28 16:27:45 - [TEST_STEP][PASSED] - click(findTestObject("Object Repository/COLLECTION PAGE _OR/Filter_OR/Page_Pre-Rolled  Ontario Cannabis S/label_Alpha-pinene"), OPTIONAL): Unable to click on object (Root cause: java.lang.IllegalArgumentException: Object is null)

2019-06-28 16:27:45 - [MESSAGE][WARNING] - Test object with id 'Object Repository/COLLECTION PAGE _OR/Filter_OR/Page_Pre-Rolled  Ontario Cannabis S/label_Alpha-pinene' does not exist

2019-06-28 16:27:45 - [MESSAGE][WARNING] - Test object with id 'Object Repository/' does not exist

2019-06-28 16:27:46 - [MESSAGE][WARNING] - Unable to click on object (Root cause: java.lang.IllegalArgumentException: Object is null)
[[ATTACHMENT|/Users/sumankompelly/Relative xpath-Mobile/Reports/Live site/20190628_151842/1561753665742.png]]

2019-06-28 16:27:46 - [TEST_STEP][PASSED] - click(findTestObject("OCS-MOBILE /Filter flyout/Beta-pinene"), OPTIONAL): Object: 'Object Repository/OCS-MOBILE /Filter flyout/Beta-pinene' is clicked on

2019-06-28 16:27:46 - [MESSAGE][PASSED] - Object: 'Object Repository/OCS-MOBILE /Filter flyout/Beta-pinene' is clicked on

2019-06-28 16:27:46 - [TEST_STEP][PASSED] - click(findTestObject("OCS-MOBILE /Filter flyout/Guaiol"), OPTIONAL): Object: 'Object Repository/OCS-MOBILE /Filter flyout/Guaiol' is clicked on

2019-06-28 16:27:46 - [MESSAGE][PASSED] - Object: 'Object Repository/OCS-MOBILE /Filter flyout/Guaiol' is clicked on

2019-06-28 16:27:46 - [TEST_STEP][PASSED] - click(findTestObject("OCS-MOBILE /Filter flyout/Limonene"), OPTIONAL): Object: 'Object Repository/OCS-MOBILE /Filter flyout/Limonene' is clicked on

2019-06-28 16:27:46 - [MESSAGE][PASSED] - Object: 'Object Repository/OCS-MOBILE /Filter flyout/Limonene' is clicked on

2019-06-28 16:27:46 - [TEST_STEP][PASSED] - delay(1, OPTIONAL): Delayed 1 second(s)

2019-06-28 16:27:47 - [MESSAGE][PASSED] - Delayed 1 second(s)

2019-06-28 16:27:47 - [TEST_STEP][PASSED] - click(findTestObject("OCS-MOBILE /Filter flyout/Myrcene"), OPTIONAL): Object: 'Object Repository/OCS-MOBILE /Filter flyout/Myrcene' is clicked on

2019-06-28 16:27:47 - [MESSAGE][PASSED] - Object: 'Object Repository/OCS-MOBILE /Filter flyout/Myrcene' is clicked on

2019-06-28 16:27:47 - [TEST_STEP][PASSED] - delay(1, OPTIONAL): Delayed 1 second(s)

2019-06-28 16:27:48 - [MESSAGE][PASSED] - Delayed 1 second(s)

2019-06-28 16:27:48 - [TEST_STEP][PASSED] - click(findTestObject("OCS-MOBILE /Filter flyout/Ocimene"), OPTIONAL): Object: 'Object Repository/OCS-MOBILE /Filter flyout/Ocimene' is clicked on

2019-06-28 16:27:48 - [MESSAGE][PASSED] - Object: 'Object Repository/OCS-MOBILE /Filter flyout/Ocimene' is clicked on

2019-06-28 16:27:48 - [TEST_STEP][PASSED] - click(findTestObject("OCS-MOBILE /Filter flyout/Terpinene"), OPTIONAL): Object: 'Object Repository/OCS-MOBILE /Filter flyout/Terpinene' is clicked on

2019-06-28 16:27:48 - [MESSAGE][PASSED] - Object: 'Object Repository/OCS-MOBILE /Filter flyout/Terpinene' is clicked on

2019-06-28 16:27:48 - [TEST_STEP][PASSED] - click(findTestObject("OCS-MOBILE /Filter flyout/Terpinolene"), OPTIONAL): Object: 'Object Repository/OCS-MOBILE /Filter flyout/Terpinolene' is clicked on

2019-06-28 16:27:48 - [MESSAGE][PASSED] - Object: 'Object Repository/OCS-MOBILE /Filter flyout/Terpinolene' is clicked on

2019-06-28 16:27:48 - [TEST_STEP][PASSED] - delay(1, OPTIONAL): Delayed 1 second(s)

2019-06-28 16:27:49 - [MESSAGE][PASSED] - Delayed 1 second(s)

2019-06-28 16:27:49 - [TEST_STEP][NOT_RUN] - click(findTestObject("Object Repository/COLLECTION PAGE _OR/Filter_OR/Page_Pre-Rolled  Ontario Cannabis S/span_Trans-caryophyllene"), OPTIONAL): NOT_RUN: click(findTestObject("Object Repository/COLLECTION PAGE _OR/Filter_OR/Page_Pre-Rolled  Ontario Cannabis S/span_Trans-caryophyllene"), OPTIONAL)

2019-06-28 16:27:49 - [MESSAGE][NOT_RUN] - NOT_RUN: click(findTestObject("Object Repository/COLLECTION PAGE _OR/Filter_OR/Page_Pre-Rolled  Ontario Cannabis S/span_Trans-caryophyllene"), OPTIONAL)

2019-06-28 16:27:49 - [TEST_STEP][PASSED] - click(findTestObject("OCS-MOBILE /Filter flyout/Terpineol"), OPTIONAL): Object: 'Object Repository/OCS-MOBILE /Filter flyout/Terpineol' is clicked on

2019-06-28 16:27:49 - [MESSAGE][PASSED] - Object: 'Object Repository/OCS-MOBILE /Filter flyout/Terpineol' is clicked on

2019-06-28 16:27:49 - [TEST_STEP][PASSED] - click(findTestObject("OCS-MOBILE /Filter flyout/Para-cymenene"), OPTIONAL): Unable to click on object 'Object Repository/OCS-MOBILE /Filter flyout/Para-cymenene' (Root cause: com.kms.katalon.core.webui.exception.WebElementNotFoundException: Web element with id: 'Object Repository/OCS-MOBILE /Filter flyout/Para-cymenene' located by 'By.xpath: /html/body/div/div[2]/div[2]/div[2]/div/div[4]/div[2]/div/fieldset/div[13]/label/span' not found)

2019-06-28 16:28:20 - [MESSAGE][INFO] - Unable to find the element located by 'By.xpath: /html/body/div/div[2]/div[2]/div[2]/div/div[4]/div[2]/div/fieldset/div[13]/label/span'. Please recheck the objects properties to make sure the desired element is located. 

2019-06-28 16:28:21 - [MESSAGE][WARNING] - Unable to click on object 'Object Repository/OCS-MOBILE /Filter flyout/Para-cymenene' (Root cause: com.kms.katalon.core.webui.exception.WebElementNotFoundException: Web element with id: 'Object Repository/OCS-MOBILE /Filter flyout/Para-cymenene' located by 'By.xpath: /html/body/div/div[2]/div[2]/div[2]/div/div[4]/div[2]/div/fieldset/div[13]/label/span' not found)
[[ATTACHMENT|/Users/sumankompelly/Relative xpath-Mobile/Reports/Live site/20190628_151842/1561753700762.png]]

2019-06-28 16:28:21 - [TEST_STEP][PASSED] - click(findTestObject("OCS-MOBILE /Filter flyout/Nerolidol"), OPTIONAL): Object: 'Object Repository/OCS-MOBILE /Filter flyout/Nerolidol' is clicked on

2019-06-28 16:28:21 - [MESSAGE][PASSED] - Object: 'Object Repository/OCS-MOBILE /Filter flyout/Nerolidol' is clicked on

2019-06-28 16:28:21 - [TEST_STEP][PASSED] - click(findTestObject("OCS-MOBILE /Filter flyout/Linalool"), OPTIONAL): Object: 'Object Repository/OCS-MOBILE /Filter flyout/Linalool' is clicked on

2019-06-28 16:28:21 - [MESSAGE][PASSED] - Object: 'Object Repository/OCS-MOBILE /Filter flyout/Linalool' is clicked on

2019-06-28 16:28:21 - [TEST_STEP][PASSED] - click(findTestObject("OCS-MOBILE /Filter flyout/Humulene"), OPTIONAL): Object: 'Object Repository/OCS-MOBILE /Filter flyout/Humulene' is clicked on

2019-06-28 16:28:21 - [MESSAGE][PASSED] - Object: 'Object Repository/OCS-MOBILE /Filter flyout/Humulene' is clicked on

2019-06-28 16:28:21 - [TEST_STEP][PASSED] - click(findTestObject("OCS-MOBILE /Filter flyout/Bisabolol"), OPTIONAL): Object: 'Object Repository/OCS-MOBILE /Filter flyout/Bisabolol' is clicked on

2019-06-28 16:28:21 - [MESSAGE][PASSED] - Object: 'Object Repository/OCS-MOBILE /Filter flyout/Bisabolol' is clicked on

2019-06-28 16:28:21 - [TEST_STEP][PASSED] - click(findTestObject("OCS-MOBILE /Filter flyout/Beta-caryophyllene"), OPTIONAL): Object: 'Object Repository/OCS-MOBILE /Filter flyout/Beta-caryophyllene' is clicked on

2019-06-28 16:28:21 - [MESSAGE][PASSED] - Object: 'Object Repository/OCS-MOBILE /Filter flyout/Beta-caryophyllene' is clicked on

2019-06-28 16:28:21 - [TEST_STEP][PASSED] - click(findTestObject("OCS-MOBILE /Filter flyout/Alpha-caryophyllene"), OPTIONAL): Object: 'Object Repository/OCS-MOBILE /Filter flyout/Alpha-caryophyllene' is clicked on

2019-06-28 16:28:21 - [MESSAGE][PASSED] - Object: 'Object Repository/OCS-MOBILE /Filter flyout/Alpha-caryophyllene' is clicked on

2019-06-28 16:28:21 - [TEST_STEP][PASSED] - click(findTestObject("OCS-MOBILE /Filter flyout/Trans-caryophyllene"), OPTIONAL): Object: 'Object Repository/OCS-MOBILE /Filter flyout/Trans-caryophyllene' is clicked on

2019-06-28 16:28:21 - [MESSAGE][PASSED] - Object: 'Object Repository/OCS-MOBILE /Filter flyout/Trans-caryophyllene' is clicked on

2019-06-28 16:28:21 - [TEST_STEP][PASSED] - delay(2): Delayed 2 second(s)

2019-06-28 16:28:23 - [MESSAGE][PASSED] - Delayed 2 second(s)

2019-06-28 16:28:23 - [TEST_STEP][PASSED] - delay(1, OPTIONAL): Delayed 1 second(s)

2019-06-28 16:28:24 - [MESSAGE][PASSED] - Delayed 1 second(s)

2019-06-28 16:28:24 - [TEST_STEP][PASSED] - click(findTestObject("OCS-MOBILE /Filter flyout/Done (43)")): Object: 'Object Repository/OCS-MOBILE /Filter flyout/Done (43)' is clicked on

2019-06-28 16:28:24 - [MESSAGE][PASSED] - Object: 'Object Repository/OCS-MOBILE /Filter flyout/Done (43)' is clicked on

2019-06-28 16:28:24 - [TEST_STEP][PASSED] - a = getText(findTestObject("OCS-MOBILE /Filter flyout/li_Pre-Rolled")): Text of object 'Object Repository/OCS-MOBILE /Filter flyout/li_Pre-Rolled' is: 'INDICA DOMINANT DRIED FLOWER'

2019-06-28 16:28:25 - [MESSAGE][PASSED] - Text of object 'Object Repository/OCS-MOBILE /Filter flyout/li_Pre-Rolled' is: 'INDICA DOMINANT DRIED FLOWER'

2019-06-28 16:28:25 - [TEST_STEP][PASSED] - comment(a): INDICA DOMINANT DRIED FLOWER

2019-06-28 16:28:25 - [MESSAGE][INFO] - INDICA DOMINANT DRIED FLOWER

2019-06-28 16:28:25 - [TEST_STEP][PASSED] - if (a == "40 Products"): null

2019-06-28 16:28:25 - [TEST_STEP][PASSED] - else: products filtered

2019-06-28 16:28:25 - [TEST_STEP][PASSED] - comment("products filtered"): products filtered

2019-06-28 16:28:25 - [MESSAGE][INFO] - products filtered

2019-06-28 16:28:25 - [TEST_STEP][NOT_RUN] - callTestCase(findTestCase("OCS - MOBILE/OCS-COLLECTION PAGE/calling test case"), [:], STOP_ON_FAILURE): NOT_RUN: callTestCase(findTestCase("OCS - MOBILE/OCS-COLLECTION PAGE/calling test case"), [:], STOP_ON_FAILURE)

2019-06-28 16:28:25 - [MESSAGE][NOT_RUN] - NOT_RUN: callTestCase(findTestCase("OCS - MOBILE/OCS-COLLECTION PAGE/calling test case"), [:], STOP_ON_FAILURE)

2019-06-28 16:28:25 - [TEST_STEP][NOT_RUN] - click(findTestObject("OCS-MOBILE /Filter flyout/Filter option")): NOT_RUN: click(findTestObject("OCS-MOBILE /Filter flyout/Filter option"))

2019-06-28 16:28:25 - [MESSAGE][NOT_RUN] - NOT_RUN: click(findTestObject("OCS-MOBILE /Filter flyout/Filter option"))

2019-06-28 16:28:25 - [TEST_STEP][NOT_RUN] - delay(2): NOT_RUN: delay(2)

2019-06-28 16:28:25 - [MESSAGE][NOT_RUN] - NOT_RUN: delay(2)

2019-06-28 16:28:25 - [TEST_STEP][NOT_RUN] - setViewPortSize(1000, 800, OPTIONAL): NOT_RUN: setViewPortSize(1000, 800, OPTIONAL)

2019-06-28 16:28:25 - [MESSAGE][NOT_RUN] - NOT_RUN: setViewPortSize(1000, 800, OPTIONAL)

2019-06-28 16:28:25 - [TEST_STEP][NOT_RUN] - delay(2, OPTIONAL): NOT_RUN: delay(2, OPTIONAL)

2019-06-28 16:28:25 - [MESSAGE][NOT_RUN] - NOT_RUN: delay(2, OPTIONAL)

2019-06-28 16:28:25 - [TEST_STEP][NOT_RUN] - click(findTestObject("Theme_oR/Page_Ontario Cannabis Store  Ontari/button_Hide bar"), OPTIONAL): NOT_RUN: click(findTestObject("Theme_oR/Page_Ontario Cannabis Store  Ontari/button_Hide bar"), OPTIONAL)

2019-06-28 16:28:25 - [MESSAGE][NOT_RUN] - NOT_RUN: click(findTestObject("Theme_oR/Page_Ontario Cannabis Store  Ontari/button_Hide bar"), OPTIONAL)

2019-06-28 16:28:25 - [TEST_STEP][NOT_RUN] - delay(2, OPTIONAL): NOT_RUN: delay(2, OPTIONAL)

2019-06-28 16:28:25 - [MESSAGE][NOT_RUN] - NOT_RUN: delay(2, OPTIONAL)

2019-06-28 16:28:25 - [TEST_STEP][NOT_RUN] - setViewPortSize(360, 800, OPTIONAL): NOT_RUN: setViewPortSize(360, 800, OPTIONAL)

2019-06-28 16:28:25 - [MESSAGE][NOT_RUN] - NOT_RUN: setViewPortSize(360, 800, OPTIONAL)

2019-06-28 16:28:25 - [TEST_STEP][NOT_RUN] - delay(1, OPTIONAL): NOT_RUN: delay(1, OPTIONAL)

2019-06-28 16:28:25 - [MESSAGE][NOT_RUN] - NOT_RUN: delay(1, OPTIONAL)

2019-06-28 16:28:25 - [TEST_STEP][NOT_RUN] - click(findTestObject("OCS-MOBILE /Filter flyout/Learn More About Terpenes")): NOT_RUN: click(findTestObject("OCS-MOBILE /Filter flyout/Learn More About Terpenes"))

2019-06-28 16:28:25 - [MESSAGE][NOT_RUN] - NOT_RUN: click(findTestObject("OCS-MOBILE /Filter flyout/Learn More About Terpenes"))

2019-06-28 16:28:25 - [TEST_STEP][NOT_RUN] - click(findTestObject("OCS-MOBILE /Filter flyout/Filter option")): NOT_RUN: click(findTestObject("OCS-MOBILE /Filter flyout/Filter option"))

2019-06-28 16:28:25 - [MESSAGE][NOT_RUN] - NOT_RUN: click(findTestObject("OCS-MOBILE /Filter flyout/Filter option"))

2019-06-28 16:28:25 - [TEST_STEP][NOT_RUN] - delay(2): NOT_RUN: delay(2)

2019-06-28 16:28:25 - [MESSAGE][NOT_RUN] - NOT_RUN: delay(2)

2019-06-28 16:28:25 - [TEST_STEP][NOT_RUN] - click(findTestObject("OCS-MOBILE /Filter flyout/THC CBD plus accordian")): NOT_RUN: click(findTestObject("OCS-MOBILE /Filter flyout/THC CBD plus accordian"))

2019-06-28 16:28:25 - [MESSAGE][NOT_RUN] - NOT_RUN: click(findTestObject("OCS-MOBILE /Filter flyout/THC CBD plus accordian"))

2019-06-28 16:28:25 - [TEST_STEP][NOT_RUN] - delay(2): NOT_RUN: delay(2)

2019-06-28 16:28:25 - [MESSAGE][NOT_RUN] - NOT_RUN: delay(2)

2019-06-28 16:28:25 - [TEST_STEP][NOT_RUN] - click(findTestObject("OCS-MOBILE /Filter flyout/Learn More About THC CBD")): NOT_RUN: click(findTestObject("OCS-MOBILE /Filter flyout/Learn More About THC CBD"))

2019-06-28 16:28:25 - [MESSAGE][NOT_RUN] - NOT_RUN: click(findTestObject("OCS-MOBILE /Filter flyout/Learn More About THC CBD"))

2019-06-28 16:28:25 - [TEST_STEP][NOT_RUN] - back(): NOT_RUN: back()

2019-06-28 16:28:25 - [MESSAGE][NOT_RUN] - NOT_RUN: back()

2019-06-28 16:28:25 - [TEST_STEP][NOT_RUN] - delay(2): NOT_RUN: delay(2)

2019-06-28 16:28:25 - [MESSAGE][NOT_RUN] - NOT_RUN: delay(2)

2019-06-28 16:28:25 - [TEST_STEP][NOT_RUN] - click(findTestObject("OCS-MOBILE /Filter flyout/Filter option")): NOT_RUN: click(findTestObject("OCS-MOBILE /Filter flyout/Filter option"))

2019-06-28 16:28:25 - [MESSAGE][NOT_RUN] - NOT_RUN: click(findTestObject("OCS-MOBILE /Filter flyout/Filter option"))

2019-06-28 16:28:25 - [TEST_STEP][NOT_RUN] - delay(2): NOT_RUN: delay(2)

2019-06-28 16:28:25 - [MESSAGE][NOT_RUN] - NOT_RUN: delay(2)

2019-06-28 16:28:25 - [TEST_STEP][NOT_RUN] - click(findTestObject("OCS-MOBILE /Filter flyout/Plant type plus accordian")): NOT_RUN: click(findTestObject("OCS-MOBILE /Filter flyout/Plant type plus accordian"))

2019-06-28 16:28:25 - [MESSAGE][NOT_RUN] - NOT_RUN: click(findTestObject("OCS-MOBILE /Filter flyout/Plant type plus accordian"))

2019-06-28 16:28:25 - [TEST_STEP][NOT_RUN] - delay(2): NOT_RUN: delay(2)

2019-06-28 16:28:25 - [MESSAGE][NOT_RUN] - NOT_RUN: delay(2)

2019-06-28 16:28:25 - [TEST_STEP][NOT_RUN] - click(findTestObject("OCS-MOBILE /Filter flyout/Learn More About Plant Type")): NOT_RUN: click(findTestObject("OCS-MOBILE /Filter flyout/Learn More About Plant Type"))

2019-06-28 16:28:25 - [MESSAGE][NOT_RUN] - NOT_RUN: click(findTestObject("OCS-MOBILE /Filter flyout/Learn More About Plant Type"))

2019-06-28 16:28:25 - [TEST_STEP][NOT_RUN] - back(): NOT_RUN: back()

2019-06-28 16:28:25 - [MESSAGE][NOT_RUN] - NOT_RUN: back()

2019-06-28 16:28:25 - [TEST_STEP][NOT_RUN] - delay(2): NOT_RUN: delay(2)

2019-06-28 16:28:25 - [MESSAGE][NOT_RUN] - NOT_RUN: delay(2)

2019-06-28 16:28:25 - [TEST_STEP][NOT_RUN] - click(findTestObject("OCS-MOBILE /Filter flyout/Filter option")): NOT_RUN: click(findTestObject("OCS-MOBILE /Filter flyout/Filter option"))

2019-06-28 16:28:25 - [MESSAGE][NOT_RUN] - NOT_RUN: click(findTestObject("OCS-MOBILE /Filter flyout/Filter option"))

2019-06-28 16:28:25 - [TEST_STEP][NOT_RUN] - delay(2): NOT_RUN: delay(2)

2019-06-28 16:28:25 - [MESSAGE][NOT_RUN] - NOT_RUN: delay(2)

2019-06-28 16:28:25 - [TEST_STEP][NOT_RUN] - click(findTestObject("OCS-MOBILE /Filter flyout/Brand plus accordian")): NOT_RUN: click(findTestObject("OCS-MOBILE /Filter flyout/Brand plus accordian"))

2019-06-28 16:28:25 - [MESSAGE][NOT_RUN] - NOT_RUN: click(findTestObject("OCS-MOBILE /Filter flyout/Brand plus accordian"))

2019-06-28 16:28:25 - [TEST_STEP][NOT_RUN] - delay(2): NOT_RUN: delay(2)

2019-06-28 16:28:25 - [MESSAGE][NOT_RUN] - NOT_RUN: delay(2)

2019-06-28 16:28:25 - [TEST_STEP][NOT_RUN] - click(findTestObject("OCS-MOBILE /Filter flyout/Learn More About brand"), OPTIONAL): NOT_RUN: click(findTestObject("OCS-MOBILE /Filter flyout/Learn More About brand"), OPTIONAL)

2019-06-28 16:28:25 - [MESSAGE][NOT_RUN] - NOT_RUN: click(findTestObject("OCS-MOBILE /Filter flyout/Learn More About brand"), OPTIONAL)

2019-06-28 16:28:25 - [TEST_STEP][NOT_RUN] - back(): NOT_RUN: back()

2019-06-28 16:28:25 - [MESSAGE][NOT_RUN] - NOT_RUN: back()

2019-06-28 16:28:25 - [TEST_STEP][NOT_RUN] - delay(2): NOT_RUN: delay(2)

2019-06-28 16:28:25 - [MESSAGE][NOT_RUN] - NOT_RUN: delay(2)

2019-06-28 16:28:25 - [TEST_STEP][NOT_RUN] - click(findTestObject("OCS-MOBILE /Filter flyout/Filter option")): NOT_RUN: click(findTestObject("OCS-MOBILE /Filter flyout/Filter option"))

2019-06-28 16:28:25 - [MESSAGE][NOT_RUN] - NOT_RUN: click(findTestObject("OCS-MOBILE /Filter flyout/Filter option"))

2019-06-28 16:28:25 - [TEST_STEP][NOT_RUN] - delay(2): NOT_RUN: delay(2)

2019-06-28 16:28:25 - [MESSAGE][NOT_RUN] - NOT_RUN: delay(2)

2019-06-28 16:28:25 - [TEST_STEP][NOT_RUN] - click(findTestObject("OCS-MOBILE /Filter flyout/Terpenes plus accordian"), OPTIONAL): NOT_RUN: click(findTestObject("OCS-MOBILE /Filter flyout/Terpenes plus accordian"), OPTIONAL)

2019-06-28 16:28:25 - [MESSAGE][NOT_RUN] - NOT_RUN: click(findTestObject("OCS-MOBILE /Filter flyout/Terpenes plus accordian"), OPTIONAL)

2019-06-28 16:28:25 - [TEST_STEP][NOT_RUN] - delay(2): NOT_RUN: delay(2)

2019-06-28 16:28:25 - [MESSAGE][NOT_RUN] - NOT_RUN: delay(2)

2019-06-28 16:28:25 - [TEST_STEP][NOT_RUN] - click(findTestObject("OCS-MOBILE /Filter flyout/Learn More About Terpenes")): NOT_RUN: click(findTestObject("OCS-MOBILE /Filter flyout/Learn More About Terpenes"))

2019-06-28 16:28:25 - [MESSAGE][NOT_RUN] - NOT_RUN: click(findTestObject("OCS-MOBILE /Filter flyout/Learn More About Terpenes"))]]></system-out>
         <system-err><![CDATA[]]></system-err>
      </testcase>
      <system-out><![CDATA[2019-06-28 15:18:44 - [TEST_SUITE][FAILED] - Live site: Test Cases/OCS - MOBILE/OCS- CRITICAL PATH/Cart flyout-price comparison FAILED.
Reason:
com.kms.katalon.core.exception.StepFailedException: Unable to verify text 'Payment' is present  (Root cause: com.kms.katalon.core.exception.StepFailedException: Text 'Payment' is not present on page )
	at com.kms.katalon.core.keyword.internal.KeywordMain.stepFailed(KeywordMain.groovy:36)
	at com.kms.katalon.core.webui.keyword.internal.WebUIKeywordMain.stepFailed(WebUIKeywordMain.groovy:65)
	at com.kms.katalon.core.webui.keyword.internal.WebUIKeywordMain.runKeyword(WebUIKeywordMain.groovy:27)
	at com.kms.katalon.core.webui.keyword.builtin.VerifyTextPresentKeyword.verifyTextPresent(VerifyTextPresentKeyword.groovy:83)
	at com.kms.katalon.core.webui.keyword.builtin.VerifyTextPresentKeyword.execute(VerifyTextPresentKeyword.groovy:68)
	at com.kms.katalon.core.keyword.internal.KeywordExecutor.executeKeywordForPlatform(KeywordExecutor.groovy:53)
	at com.kms.katalon.core.webui.keyword.WebUiBuiltInKeywords.verifyTextPresent(WebUiBuiltInKeywords.groovy:1693)
	at com.kms.katalon.core.webui.keyword.WebUiBuiltInKeywords$verifyTextPresent$14.call(Unknown Source)
	at Cart flyout-price comparison.run(Cart flyout-price comparison:270)
	at com.kms.katalon.core.main.ScriptEngine.run(ScriptEngine.java:194)
	at com.kms.katalon.core.main.ScriptEngine.runScriptAsRawText(ScriptEngine.java:119)
	at com.kms.katalon.core.main.TestCaseExecutor.runScript(TestCaseExecutor.java:328)
	at com.kms.katalon.core.main.TestCaseExecutor.doExecute(TestCaseExecutor.java:319)
	at com.kms.katalon.core.main.TestCaseExecutor.processExecutionPhase(TestCaseExecutor.java:298)
	at com.kms.katalon.core.main.TestCaseExecutor.accessMainPhase(TestCaseExecutor.java:290)
	at com.kms.katalon.core.main.TestCaseExecutor.execute(TestCaseExecutor.java:224)
	at com.kms.katalon.core.main.TestSuiteExecutor.accessTestCaseMainPhase(TestSuiteExecutor.java:129)
	at com.kms.katalon.core.main.TestSuiteExecutor.accessTestSuiteMainPhase(TestSuiteExecutor.java:112)
	at com.kms.katalon.core.main.TestSuiteExecutor.execute(TestSuiteExecutor.java:81)
	at com.kms.katalon.core.main.TestCaseMain.startTestSuite(TestCaseMain.java:149)
	at com.kms.katalon.core.main.TestCaseMain$startTestSuite$0.call(Unknown Source)
	at TempTestSuite1561749522497.run(TempTestSuite1561749522497.groovy:36)]]></system-out>
      <system-err><![CDATA[2019-06-28 15:18:44 - [TEST_SUITE][FAILED] - Live site: Test Cases/OCS - MOBILE/OCS- CRITICAL PATH/Cart flyout-price comparison FAILED.
Reason:
com.kms.katalon.core.exception.StepFailedException: Unable to verify text 'Payment' is present  (Root cause: com.kms.katalon.core.exception.StepFailedException: Text 'Payment' is not present on page )
	at com.kms.katalon.core.keyword.internal.KeywordMain.stepFailed(KeywordMain.groovy:36)
	at com.kms.katalon.core.webui.keyword.internal.WebUIKeywordMain.stepFailed(WebUIKeywordMain.groovy:65)
	at com.kms.katalon.core.webui.keyword.internal.WebUIKeywordMain.runKeyword(WebUIKeywordMain.groovy:27)
	at com.kms.katalon.core.webui.keyword.builtin.VerifyTextPresentKeyword.verifyTextPresent(VerifyTextPresentKeyword.groovy:83)
	at com.kms.katalon.core.webui.keyword.builtin.VerifyTextPresentKeyword.execute(VerifyTextPresentKeyword.groovy:68)
	at com.kms.katalon.core.keyword.internal.KeywordExecutor.executeKeywordForPlatform(KeywordExecutor.groovy:53)
	at com.kms.katalon.core.webui.keyword.WebUiBuiltInKeywords.verifyTextPresent(WebUiBuiltInKeywords.groovy:1693)
	at com.kms.katalon.core.webui.keyword.WebUiBuiltInKeywords$verifyTextPresent$14.call(Unknown Source)
	at Cart flyout-price comparison.run(Cart flyout-price comparison:270)
	at com.kms.katalon.core.main.ScriptEngine.run(ScriptEngine.java:194)
	at com.kms.katalon.core.main.ScriptEngine.runScriptAsRawText(ScriptEngine.java:119)
	at com.kms.katalon.core.main.TestCaseExecutor.runScript(TestCaseExecutor.java:328)
	at com.kms.katalon.core.main.TestCaseExecutor.doExecute(TestCaseExecutor.java:319)
	at com.kms.katalon.core.main.TestCaseExecutor.processExecutionPhase(TestCaseExecutor.java:298)
	at com.kms.katalon.core.main.TestCaseExecutor.accessMainPhase(TestCaseExecutor.java:290)
	at com.kms.katalon.core.main.TestCaseExecutor.execute(TestCaseExecutor.java:224)
	at com.kms.katalon.core.main.TestSuiteExecutor.accessTestCaseMainPhase(TestSuiteExecutor.java:129)
	at com.kms.katalon.core.main.TestSuiteExecutor.accessTestSuiteMainPhase(TestSuiteExecutor.java:112)
	at com.kms.katalon.core.main.TestSuiteExecutor.execute(TestSuiteExecutor.java:81)
	at com.kms.katalon.core.main.TestCaseMain.startTestSuite(TestCaseMain.java:149)
	at com.kms.katalon.core.main.TestCaseMain$startTestSuite$0.call(Unknown Source)
	at TempTestSuite1561749522497.run(TempTestSuite1561749522497.groovy:36)]]></system-err>
   </testsuite>
</testsuites>
