<?xml version="1.0" encoding="UTF-8"?>
<testsuites name="AGE GATE-09-05-2019" time="40" tests="2" failures="0" errors="0">
   <testsuite name="AGE GATE-09-05-2019" tests="2" failures="0" errors="0" time="40" timestamp="2019-05-09 12:19:15" hostname="sumankompelly - 10.0.126.233" id="Test Suites/OCS-09-05-2019 - Theme2/AGE GATE-09-05-2019">
      <properties>
         <property name="deviceName" value=""/>
         <property name="devicePlatform" value=""/>
         <property name="logFolder" value="/Users/sumankompelly/git/Sample-OCS/Reports/OCS-09-05-2019 - Theme2/AGE GATE-09-05-2019/20190509_121913"/>
         <property name="logFiles" value="/Users/sumankompelly/git/Sample-OCS/Reports/OCS-09-05-2019 - Theme2/AGE GATE-09-05-2019/20190509_121913/execution0.log"/>
         <property name="attachments" value=""/>
         <property name="hostName" value="sumankompelly - 10.0.126.233"/>
         <property name="os" value="Mac OS X 64bit"/>
         <property name="katalonVersion" value="5.10.1.1"/>
         <property name="browser" value="Firefox 66.0"/>
         <property name="hostAddress" value="10.0.126.233"/>
         <property name="sessionId" value="9131b738-2434-5549-b475-39195d0edeae"/>
         <property name="seleniumVersion" value="3.7.1"/>
         <property name="proxyInformation" value="ProxyInformation{proxyOption=NO_PROXY, proxyServerType=HTTP, password=, proxyServerAddress=, proxyServerPort=0}"/>
         <property name="platform" value="Mac OS X"/>
      </properties>
      <testcase name="Test Cases/OCS-AGE GATE/AG- Under Age" classname="Test Cases/OCS-AGE GATE/AG- Under Age" status="PASSED">
         <system-out><![CDATA[2019-05-09 12:19:15 - [TEST_CASE][PASSED] - Test Cases/OCS-AGE GATE/AG- Under Age: Test Cases/OCS-AGE GATE/AG- Under Age

2019-05-09 12:19:15 - [TEST_STEP][PASSED] - openBrowser(""): Browser is opened with url: ''

2019-05-09 12:19:16 - [MESSAGE][INFO] - Starting 'Firefox' driver

2019-05-09 12:19:16 - [MESSAGE][INFO] - Action delay is set to 0 seconds

2019-05-09 12:19:19 - [MESSAGE][PASSED] - Browser is opened with url: ''

2019-05-09 12:19:19 - [TEST_STEP][PASSED] - navigateToUrl("https://ocs.ca/?fts=0&preview_theme_id=53373863756"): Navigate to 'https://ocs.ca/?fts=0&preview_theme_id=53373863756' successfully

2019-05-09 12:19:24 - [MESSAGE][PASSED] - Navigate to 'https://ocs.ca/?fts=0&preview_theme_id=53373863756' successfully

2019-05-09 12:19:24 - [TEST_STEP][PASSED] - click(findTestObject("Object Repository/Theme_oR/Page_Ontario Cannabis Store  Ontari/button_Close preview")): Object: 'Object Repository/Theme_oR/Page_Ontario Cannabis Store  Ontari/button_Close preview' is clicked on

2019-05-09 12:19:25 - [MESSAGE][PASSED] - Object: 'Object Repository/Theme_oR/Page_Ontario Cannabis Store  Ontari/button_Close preview' is clicked on

2019-05-09 12:19:25 - [TEST_STEP][NOT_RUN] - click(findTestObject("Object Repository/Theme_oR/Page_Ontario Cannabis Store  Ontari/button_Close preview")): NOT_RUN: click(findTestObject("Object Repository/Theme_oR/Page_Ontario Cannabis Store  Ontari/button_Close preview"))

2019-05-09 12:19:25 - [MESSAGE][NOT_RUN] - NOT_RUN: click(findTestObject("Object Repository/Theme_oR/Page_Ontario Cannabis Store  Ontari/button_Close preview"))

2019-05-09 12:19:25 - [TEST_STEP][PASSED] - selectOptionByValue(findTestObject("Object Repository/OCS_OR/UNDER AGE_OR/Page_Ontario Cannabis Store  Ontari/select_Select01020304050607080"), "2", true): All options with value '2' are selected in object 'Object Repository/OCS_OR/UNDER AGE_OR/Page_Ontario Cannabis Store  Ontari/select_Select01020304050607080'  using regular expression

2019-05-09 12:19:26 - [MESSAGE][PASSED] - All options with value '2' are selected in object 'Object Repository/OCS_OR/UNDER AGE_OR/Page_Ontario Cannabis Store  Ontari/select_Select01020304050607080'  using regular expression

2019-05-09 12:19:26 - [TEST_STEP][PASSED] - selectOptionByValue(findTestObject("Object Repository/OCS_OR/UNDER AGE_OR/Page_Ontario Cannabis Store  Ontari/select_SelectJanuary - 01Febru"), "4", true): All options with value '4' are selected in object 'Object Repository/OCS_OR/UNDER AGE_OR/Page_Ontario Cannabis Store  Ontari/select_SelectJanuary - 01Febru'  using regular expression

2019-05-09 12:19:27 - [MESSAGE][PASSED] - All options with value '4' are selected in object 'Object Repository/OCS_OR/UNDER AGE_OR/Page_Ontario Cannabis Store  Ontari/select_SelectJanuary - 01Febru'  using regular expression

2019-05-09 12:19:27 - [TEST_STEP][PASSED] - selectOptionByValue(findTestObject("Object Repository/OCS_OR/UNDER AGE_OR/Page_Ontario Cannabis Store  Ontari/select_Select20182017201620152"), "2017", true): All options with value '2017' are selected in object 'Object Repository/OCS_OR/UNDER AGE_OR/Page_Ontario Cannabis Store  Ontari/select_Select20182017201620152'  using regular expression

2019-05-09 12:19:28 - [MESSAGE][PASSED] - All options with value '2017' are selected in object 'Object Repository/OCS_OR/UNDER AGE_OR/Page_Ontario Cannabis Store  Ontari/select_Select20182017201620152'  using regular expression

2019-05-09 12:19:28 - [TEST_STEP][PASSED] - delay(2): Delayed 2 second(s)

2019-05-09 12:19:30 - [MESSAGE][PASSED] - Delayed 2 second(s)

2019-05-09 12:19:30 - [TEST_STEP][PASSED] - click(findTestObject("Object Repository/OCS_OR/UNDER AGE_OR/Page_Ontario Cannabis Store  Ontari/button_Verify")): Object: 'Object Repository/OCS_OR/UNDER AGE_OR/Page_Ontario Cannabis Store  Ontari/button_Verify' is clicked on

2019-05-09 12:19:30 - [MESSAGE][PASSED] - Object: 'Object Repository/OCS_OR/UNDER AGE_OR/Page_Ontario Cannabis Store  Ontari/button_Verify' is clicked on

2019-05-09 12:19:30 - [TEST_STEP][PASSED] - click(findTestObject("Object Repository/OCS_OR/UNDER AGE_OR/Page_Ontario Cannabis Store  Ontari/span_CONFIRM AND ACKNOWLEDGE_c")): Object: 'Object Repository/OCS_OR/UNDER AGE_OR/Page_Ontario Cannabis Store  Ontari/span_CONFIRM AND ACKNOWLEDGE_c' is clicked on

2019-05-09 12:19:31 - [MESSAGE][PASSED] - Object: 'Object Repository/OCS_OR/UNDER AGE_OR/Page_Ontario Cannabis Store  Ontari/span_CONFIRM AND ACKNOWLEDGE_c' is clicked on

2019-05-09 12:19:31 - [TEST_STEP][PASSED] - click(findTestObject("Object Repository/OCS_OR/UNDER AGE_OR/Page_Ontario Cannabis Store  Ontari/button_CONFIRM")): Object: 'Object Repository/OCS_OR/UNDER AGE_OR/Page_Ontario Cannabis Store  Ontari/button_CONFIRM' is clicked on

2019-05-09 12:19:31 - [MESSAGE][PASSED] - Object: 'Object Repository/OCS_OR/UNDER AGE_OR/Page_Ontario Cannabis Store  Ontari/button_CONFIRM' is clicked on

2019-05-09 12:19:31 - [TEST_STEP][PASSED] - click(findTestObject("Object Repository/OCS_OR/UNDER AGE_OR/Page_Ontario Cannabis Store  Ontari/a_Oops Im actually 19 or older")): Object: 'Object Repository/OCS_OR/UNDER AGE_OR/Page_Ontario Cannabis Store  Ontari/a_Oops Im actually 19 or older' is clicked on

2019-05-09 12:19:31 - [MESSAGE][PASSED] - Object: 'Object Repository/OCS_OR/UNDER AGE_OR/Page_Ontario Cannabis Store  Ontari/a_Oops Im actually 19 or older' is clicked on

2019-05-09 12:19:31 - [TEST_STEP][PASSED] - selectOptionByValue(findTestObject("Object Repository/OCS_OR/UNDER AGE_OR/Page_Ontario Cannabis Store  Ontari/select_Select01020304050607080"), "5", true): All options with value '5' are selected in object 'Object Repository/OCS_OR/UNDER AGE_OR/Page_Ontario Cannabis Store  Ontari/select_Select01020304050607080'  using regular expression

2019-05-09 12:19:32 - [MESSAGE][PASSED] - All options with value '5' are selected in object 'Object Repository/OCS_OR/UNDER AGE_OR/Page_Ontario Cannabis Store  Ontari/select_Select01020304050607080'  using regular expression

2019-05-09 12:19:32 - [TEST_STEP][PASSED] - selectOptionByValue(findTestObject("Object Repository/OCS_OR/UNDER AGE_OR/Page_Ontario Cannabis Store  Ontari/select_SelectJanuary - 01Febru"), "6", true): All options with value '6' are selected in object 'Object Repository/OCS_OR/UNDER AGE_OR/Page_Ontario Cannabis Store  Ontari/select_SelectJanuary - 01Febru'  using regular expression

2019-05-09 12:19:32 - [MESSAGE][PASSED] - All options with value '6' are selected in object 'Object Repository/OCS_OR/UNDER AGE_OR/Page_Ontario Cannabis Store  Ontari/select_SelectJanuary - 01Febru'  using regular expression

2019-05-09 12:19:32 - [TEST_STEP][PASSED] - selectOptionByValue(findTestObject("Object Repository/OCS_OR/UNDER AGE_OR/Page_Ontario Cannabis Store  Ontari/select_Select20182017201620152"), "1970", true): All options with value '1970' are selected in object 'Object Repository/OCS_OR/UNDER AGE_OR/Page_Ontario Cannabis Store  Ontari/select_Select20182017201620152'  using regular expression

2019-05-09 12:19:34 - [MESSAGE][PASSED] - All options with value '1970' are selected in object 'Object Repository/OCS_OR/UNDER AGE_OR/Page_Ontario Cannabis Store  Ontari/select_Select20182017201620152'  using regular expression

2019-05-09 12:19:34 - [TEST_STEP][PASSED] - click(findTestObject("Object Repository/OCS_OR/UNDER AGE_OR/Page_Ontario Cannabis Store  Ontari/button_Verify")): Object: 'Object Repository/OCS_OR/UNDER AGE_OR/Page_Ontario Cannabis Store  Ontari/button_Verify' is clicked on

2019-05-09 12:19:34 - [MESSAGE][PASSED] - Object: 'Object Repository/OCS_OR/UNDER AGE_OR/Page_Ontario Cannabis Store  Ontari/button_Verify' is clicked on

2019-05-09 12:19:34 - [TEST_STEP][PASSED] - click(findTestObject("Object Repository/OCS_OR/UNDER AGE_OR/Page_Ontario Cannabis Store  Ontari/span_CONFIRM AND ACKNOWLEDGE_c")): Object: 'Object Repository/OCS_OR/UNDER AGE_OR/Page_Ontario Cannabis Store  Ontari/span_CONFIRM AND ACKNOWLEDGE_c' is clicked on

2019-05-09 12:19:35 - [MESSAGE][PASSED] - Object: 'Object Repository/OCS_OR/UNDER AGE_OR/Page_Ontario Cannabis Store  Ontari/span_CONFIRM AND ACKNOWLEDGE_c' is clicked on

2019-05-09 12:19:35 - [TEST_STEP][PASSED] - click(findTestObject("Object Repository/OCS_OR/UNDER AGE_OR/Page_Ontario Cannabis Store  Ontari/button_CONFIRM")): Object: 'Object Repository/OCS_OR/UNDER AGE_OR/Page_Ontario Cannabis Store  Ontari/button_CONFIRM' is clicked on

2019-05-09 12:19:35 - [MESSAGE][PASSED] - Object: 'Object Repository/OCS_OR/UNDER AGE_OR/Page_Ontario Cannabis Store  Ontari/button_CONFIRM' is clicked on

2019-05-09 12:19:35 - [TEST_STEP][PASSED] - click(findTestObject("Object Repository/OCS_OR/UNDER AGE_OR/Page_Ontario Cannabis Store  Ontari/button_Start Browsing")): Object: 'Object Repository/OCS_OR/UNDER AGE_OR/Page_Ontario Cannabis Store  Ontari/button_Start Browsing' is clicked on

2019-05-09 12:19:35 - [MESSAGE][PASSED] - Object: 'Object Repository/OCS_OR/UNDER AGE_OR/Page_Ontario Cannabis Store  Ontari/button_Start Browsing' is clicked on

2019-05-09 12:19:35 - [TEST_STEP][PASSED] - closeBrowser(): Browser is closed

2019-05-09 12:19:36 - [MESSAGE][PASSED] - Browser is closed]]></system-out>
         <system-err><![CDATA[]]></system-err>
      </testcase>
      <testcase name="Test Cases/OCS-AGE GATE/AG - Date correction" classname="Test Cases/OCS-AGE GATE/AG - Date correction" status="PASSED">
         <system-out><![CDATA[2019-05-09 12:19:36 - [TEST_CASE][PASSED] - Test Cases/OCS-AGE GATE/AG - Date correction: Test Cases/OCS-AGE GATE/AG - Date correction

2019-05-09 12:19:36 - [TEST_STEP][PASSED] - openBrowser(""): Browser is opened with url: ''

2019-05-09 12:19:36 - [MESSAGE][INFO] - Starting 'Firefox' driver

2019-05-09 12:19:38 - [MESSAGE][PASSED] - Browser is opened with url: ''

2019-05-09 12:19:38 - [TEST_STEP][PASSED] - navigateToUrl("https://ocs.ca/?fts=0&preview_theme_id=53373863756"): Navigate to 'https://ocs.ca/?fts=0&preview_theme_id=53373863756' successfully

2019-05-09 12:19:43 - [MESSAGE][PASSED] - Navigate to 'https://ocs.ca/?fts=0&preview_theme_id=53373863756' successfully

2019-05-09 12:19:43 - [TEST_STEP][PASSED] - click(findTestObject("Object Repository/Theme_oR/Page_Ontario Cannabis Store  Ontari/button_Close preview")): Object: 'Object Repository/Theme_oR/Page_Ontario Cannabis Store  Ontari/button_Close preview' is clicked on

2019-05-09 12:19:43 - [MESSAGE][PASSED] - Object: 'Object Repository/Theme_oR/Page_Ontario Cannabis Store  Ontari/button_Close preview' is clicked on

2019-05-09 12:19:43 - [TEST_STEP][PASSED] - maximizeWindow(): Current window maximized

2019-05-09 12:19:44 - [MESSAGE][PASSED] - Current window maximized

2019-05-09 12:19:44 - [TEST_STEP][NOT_RUN] - click(findTestObject("Object Repository/Theme_oR/Page_Ontario Cannabis Store  Ontari/button_Close preview")): NOT_RUN: click(findTestObject("Object Repository/Theme_oR/Page_Ontario Cannabis Store  Ontari/button_Close preview"))

2019-05-09 12:19:44 - [MESSAGE][NOT_RUN] - NOT_RUN: click(findTestObject("Object Repository/Theme_oR/Page_Ontario Cannabis Store  Ontari/button_Close preview"))

2019-05-09 12:19:44 - [TEST_STEP][PASSED] - selectOptionByValue(findTestObject("OCS_OR/Page_Ontario Cannabis Store  Ontari/select_Select01020304050607080 (1)"), "2", true): All options with value '2' are selected in object 'Object Repository/OCS_OR/Page_Ontario Cannabis Store  Ontari/select_Select01020304050607080 (1)'  using regular expression

2019-05-09 12:19:45 - [MESSAGE][PASSED] - All options with value '2' are selected in object 'Object Repository/OCS_OR/Page_Ontario Cannabis Store  Ontari/select_Select01020304050607080 (1)'  using regular expression

2019-05-09 12:19:45 - [TEST_STEP][PASSED] - selectOptionByValue(findTestObject("OCS_OR/Page_Ontario Cannabis Store  Ontari/select_SelectJanuary - 01Febru (1)"), "0", true): All options with value '0' are selected in object 'Object Repository/OCS_OR/Page_Ontario Cannabis Store  Ontari/select_SelectJanuary - 01Febru (1)'  using regular expression

2019-05-09 12:19:46 - [MESSAGE][PASSED] - All options with value '0' are selected in object 'Object Repository/OCS_OR/Page_Ontario Cannabis Store  Ontari/select_SelectJanuary - 01Febru (1)'  using regular expression

2019-05-09 12:19:46 - [TEST_STEP][PASSED] - selectOptionByValue(findTestObject("Object Repository/OCS_OR/Page_Ontario Cannabis Store  Ontari/select_Select20182017201620152 (1)"), "1982", true): All options with value '1982' are selected in object 'Object Repository/OCS_OR/Page_Ontario Cannabis Store  Ontari/select_Select20182017201620152 (1)'  using regular expression

2019-05-09 12:19:47 - [MESSAGE][PASSED] - All options with value '1982' are selected in object 'Object Repository/OCS_OR/Page_Ontario Cannabis Store  Ontari/select_Select20182017201620152 (1)'  using regular expression

2019-05-09 12:19:47 - [TEST_STEP][PASSED] - delay(4): Delayed 4 second(s)

2019-05-09 12:19:51 - [MESSAGE][PASSED] - Delayed 4 second(s)

2019-05-09 12:19:51 - [TEST_STEP][PASSED] - click(findTestObject("OCS_OR/Page_Ontario Cannabis Store  Ontari/button_Verify (1)")): Object: 'Object Repository/OCS_OR/Page_Ontario Cannabis Store  Ontari/button_Verify (1)' is clicked on

2019-05-09 12:19:52 - [MESSAGE][PASSED] - Object: 'Object Repository/OCS_OR/Page_Ontario Cannabis Store  Ontari/button_Verify (1)' is clicked on

2019-05-09 12:19:52 - [TEST_STEP][PASSED] - click(findTestObject("OCS_OR/Page_Ontario Cannabis Store  Ontari/a_Correct Your Date of Birth")): Object: 'Object Repository/OCS_OR/Page_Ontario Cannabis Store  Ontari/a_Correct Your Date of Birth' is clicked on

2019-05-09 12:19:52 - [MESSAGE][PASSED] - Object: 'Object Repository/OCS_OR/Page_Ontario Cannabis Store  Ontari/a_Correct Your Date of Birth' is clicked on

2019-05-09 12:19:52 - [TEST_STEP][PASSED] - selectOptionByValue(findTestObject("Object Repository/OCS_OR/Page_Ontario Cannabis Store  Ontari/select_Select01020304050607080 (1)"), "1", true): All options with value '1' are selected in object 'Object Repository/OCS_OR/Page_Ontario Cannabis Store  Ontari/select_Select01020304050607080 (1)'  using regular expression

2019-05-09 12:19:53 - [MESSAGE][PASSED] - All options with value '1' are selected in object 'Object Repository/OCS_OR/Page_Ontario Cannabis Store  Ontari/select_Select01020304050607080 (1)'  using regular expression

2019-05-09 12:19:53 - [TEST_STEP][PASSED] - selectOptionByValue(findTestObject("Object Repository/OCS_OR/Page_Ontario Cannabis Store  Ontari/select_SelectJanuary - 01Febru (1)"), "5", true): All options with value '5' are selected in object 'Object Repository/OCS_OR/Page_Ontario Cannabis Store  Ontari/select_SelectJanuary - 01Febru (1)'  using regular expression

2019-05-09 12:19:53 - [MESSAGE][PASSED] - All options with value '5' are selected in object 'Object Repository/OCS_OR/Page_Ontario Cannabis Store  Ontari/select_SelectJanuary - 01Febru (1)'  using regular expression

2019-05-09 12:19:53 - [TEST_STEP][PASSED] - selectOptionByValue(findTestObject("Object Repository/OCS_OR/Page_Ontario Cannabis Store  Ontari/select_Select20182017201620152 (1)"), "1980", true): All options with value '1980' are selected in object 'Object Repository/OCS_OR/Page_Ontario Cannabis Store  Ontari/select_Select20182017201620152 (1)'  using regular expression

2019-05-09 12:19:55 - [MESSAGE][PASSED] - All options with value '1980' are selected in object 'Object Repository/OCS_OR/Page_Ontario Cannabis Store  Ontari/select_Select20182017201620152 (1)'  using regular expression

2019-05-09 12:19:55 - [TEST_STEP][PASSED] - click(findTestObject("OCS_OR/Page_Ontario Cannabis Store  Ontari/button_Verify (1)")): Object: 'Object Repository/OCS_OR/Page_Ontario Cannabis Store  Ontari/button_Verify (1)' is clicked on

2019-05-09 12:19:55 - [MESSAGE][PASSED] - Object: 'Object Repository/OCS_OR/Page_Ontario Cannabis Store  Ontari/button_Verify (1)' is clicked on

2019-05-09 12:19:55 - [TEST_STEP][PASSED] - closeBrowser(): Browser is closed

2019-05-09 12:19:55 - [MESSAGE][PASSED] - Browser is closed]]></system-out>
         <system-err><![CDATA[]]></system-err>
      </testcase>
      <system-out><![CDATA[2019-05-09 12:19:15 - [TEST_SUITE][PASSED] - AGE GATE-09-05-2019: Test Cases/OCS-AGE GATE/AG - Date correction]]></system-out>
      <system-err><![CDATA[]]></system-err>
   </testsuite>
</testsuites>
