<?xml version="1.0" encoding="UTF-8"?>
<testsuites name="AGEGATE" time="159" tests="2" failures="0" errors="0">
   <testsuite name="AGEGATE" tests="2" failures="0" errors="0" time="159" timestamp="2019-04-29 12:10:51" hostname="sumankompelly - 10.0.126.233" id="Test Suites/AGEGATE">
      <properties>
         <property name="deviceName" value=""/>
         <property name="devicePlatform" value=""/>
         <property name="logFolder" value="/Users/sumankompelly/git/Sample-OCS/Reports/AGEGATE/20190429_121049"/>
         <property name="logFiles" value="/Users/sumankompelly/git/Sample-OCS/Reports/AGEGATE/20190429_121049/execution0.log"/>
         <property name="attachments" value=""/>
         <property name="hostName" value="sumankompelly - 10.0.126.233"/>
         <property name="os" value="Mac OS X 64bit"/>
         <property name="katalonVersion" value="5.10.1.1"/>
         <property name="browser" value="Chrome 74.0.3729.108"/>
         <property name="hostAddress" value="10.0.126.233"/>
         <property name="sessionId" value="ab13339bee1ac6cfc5f8a728873b4f3ea89866bf"/>
         <property name="seleniumVersion" value="3.7.1"/>
         <property name="proxyInformation" value="ProxyInformation{proxyOption=NO_PROXY, proxyServerType=HTTP, password=, proxyServerAddress=, proxyServerPort=0}"/>
         <property name="platform" value="Mac OS X"/>
      </properties>
      <testcase name="Test Cases/OCS-AGE GATE/AG- Under Age" classname="Test Cases/OCS-AGE GATE/AG- Under Age" status="PASSED">
         <system-out><![CDATA[2019-04-29 12:10:51 - [TEST_CASE][PASSED] - Test Cases/OCS-AGE GATE/AG- Under Age: Test Cases/OCS-AGE GATE/AG- Under Age

2019-04-29 12:10:52 - [TEST_STEP][PASSED] - openBrowser(""): Browser is opened with url: ''

2019-04-29 12:10:52 - [MESSAGE][INFO] - Starting 'Remote' driver

2019-04-29 12:10:52 - [MESSAGE][INFO] - Connecting to remote web server 'https://dianatest3:Z3oqw9ysqTeRQJq5wFCp@hub-cloud.browserstack.com/wd/hub' with type 'Selenium'

2019-04-29 12:10:52 - [MESSAGE][INFO] - Action delay is set to 0 seconds

2019-04-29 12:11:09 - [MESSAGE][PASSED] - Browser is opened with url: ''

2019-04-29 12:11:09 - [TEST_STEP][PASSED] - navigateToUrl("https://ocs.ca/?fts=0&preview_theme_id=53370029900"): Navigate to 'https://ocs.ca/?fts=0&preview_theme_id=53370029900' successfully

2019-04-29 12:11:15 - [MESSAGE][PASSED] - Navigate to 'https://ocs.ca/?fts=0&preview_theme_id=53370029900' successfully

2019-04-29 12:11:15 - [TEST_STEP][PASSED] - click(findTestObject("Object Repository/Theme_oR/Page_Ontario Cannabis Store  Ontari/button_Close preview")): Object: 'Object Repository/Theme_oR/Page_Ontario Cannabis Store  Ontari/button_Close preview' is clicked on

2019-04-29 12:11:17 - [MESSAGE][PASSED] - Object: 'Object Repository/Theme_oR/Page_Ontario Cannabis Store  Ontari/button_Close preview' is clicked on

2019-04-29 12:11:18 - [TEST_STEP][PASSED] - selectOptionByValue(findTestObject("Object Repository/OCS_OR/UNDER AGE_OR/Page_Ontario Cannabis Store  Ontari/select_Select01020304050607080"), "2", true): All options with value '2' are selected in object 'Object Repository/OCS_OR/UNDER AGE_OR/Page_Ontario Cannabis Store  Ontari/select_Select01020304050607080'  using regular expression

2019-04-29 12:11:23 - [MESSAGE][PASSED] - All options with value '2' are selected in object 'Object Repository/OCS_OR/UNDER AGE_OR/Page_Ontario Cannabis Store  Ontari/select_Select01020304050607080'  using regular expression

2019-04-29 12:11:23 - [TEST_STEP][PASSED] - selectOptionByValue(findTestObject("Object Repository/OCS_OR/UNDER AGE_OR/Page_Ontario Cannabis Store  Ontari/select_SelectJanuary - 01Febru"), "4", true): All options with value '4' are selected in object 'Object Repository/OCS_OR/UNDER AGE_OR/Page_Ontario Cannabis Store  Ontari/select_SelectJanuary - 01Febru'  using regular expression

2019-04-29 12:11:26 - [MESSAGE][PASSED] - All options with value '4' are selected in object 'Object Repository/OCS_OR/UNDER AGE_OR/Page_Ontario Cannabis Store  Ontari/select_SelectJanuary - 01Febru'  using regular expression

2019-04-29 12:11:26 - [TEST_STEP][PASSED] - selectOptionByValue(findTestObject("Object Repository/OCS_OR/UNDER AGE_OR/Page_Ontario Cannabis Store  Ontari/select_Select20182017201620152"), "2017", true): All options with value '2017' are selected in object 'Object Repository/OCS_OR/UNDER AGE_OR/Page_Ontario Cannabis Store  Ontari/select_Select20182017201620152'  using regular expression

2019-04-29 12:11:39 - [MESSAGE][PASSED] - All options with value '2017' are selected in object 'Object Repository/OCS_OR/UNDER AGE_OR/Page_Ontario Cannabis Store  Ontari/select_Select20182017201620152'  using regular expression

2019-04-29 12:11:39 - [TEST_STEP][PASSED] - delay(2): Delayed 2 second(s)

2019-04-29 12:11:41 - [MESSAGE][PASSED] - Delayed 2 second(s)

2019-04-29 12:11:41 - [TEST_STEP][PASSED] - click(findTestObject("Object Repository/OCS_OR/UNDER AGE_OR/Page_Ontario Cannabis Store  Ontari/button_Verify")): Object: 'Object Repository/OCS_OR/UNDER AGE_OR/Page_Ontario Cannabis Store  Ontari/button_Verify' is clicked on

2019-04-29 12:11:41 - [MESSAGE][PASSED] - Object: 'Object Repository/OCS_OR/UNDER AGE_OR/Page_Ontario Cannabis Store  Ontari/button_Verify' is clicked on

2019-04-29 12:11:41 - [TEST_STEP][PASSED] - click(findTestObject("Object Repository/OCS_OR/UNDER AGE_OR/Page_Ontario Cannabis Store  Ontari/span_CONFIRM AND ACKNOWLEDGE_c")): Object: 'Object Repository/OCS_OR/UNDER AGE_OR/Page_Ontario Cannabis Store  Ontari/span_CONFIRM AND ACKNOWLEDGE_c' is clicked on

2019-04-29 12:11:41 - [MESSAGE][PASSED] - Object: 'Object Repository/OCS_OR/UNDER AGE_OR/Page_Ontario Cannabis Store  Ontari/span_CONFIRM AND ACKNOWLEDGE_c' is clicked on

2019-04-29 12:11:41 - [TEST_STEP][PASSED] - click(findTestObject("Object Repository/OCS_OR/UNDER AGE_OR/Page_Ontario Cannabis Store  Ontari/button_CONFIRM")): Object: 'Object Repository/OCS_OR/UNDER AGE_OR/Page_Ontario Cannabis Store  Ontari/button_CONFIRM' is clicked on

2019-04-29 12:11:42 - [MESSAGE][PASSED] - Object: 'Object Repository/OCS_OR/UNDER AGE_OR/Page_Ontario Cannabis Store  Ontari/button_CONFIRM' is clicked on

2019-04-29 12:11:42 - [TEST_STEP][PASSED] - click(findTestObject("Object Repository/OCS_OR/UNDER AGE_OR/Page_Ontario Cannabis Store  Ontari/a_Oops Im actually 19 or older")): Object: 'Object Repository/OCS_OR/UNDER AGE_OR/Page_Ontario Cannabis Store  Ontari/a_Oops Im actually 19 or older' is clicked on

2019-04-29 12:11:42 - [MESSAGE][PASSED] - Object: 'Object Repository/OCS_OR/UNDER AGE_OR/Page_Ontario Cannabis Store  Ontari/a_Oops Im actually 19 or older' is clicked on

2019-04-29 12:11:42 - [TEST_STEP][PASSED] - selectOptionByValue(findTestObject("Object Repository/OCS_OR/UNDER AGE_OR/Page_Ontario Cannabis Store  Ontari/select_Select01020304050607080"), "5", true): All options with value '5' are selected in object 'Object Repository/OCS_OR/UNDER AGE_OR/Page_Ontario Cannabis Store  Ontari/select_Select01020304050607080'  using regular expression

2019-04-29 12:11:47 - [MESSAGE][PASSED] - All options with value '5' are selected in object 'Object Repository/OCS_OR/UNDER AGE_OR/Page_Ontario Cannabis Store  Ontari/select_Select01020304050607080'  using regular expression

2019-04-29 12:11:47 - [TEST_STEP][PASSED] - selectOptionByValue(findTestObject("Object Repository/OCS_OR/UNDER AGE_OR/Page_Ontario Cannabis Store  Ontari/select_SelectJanuary - 01Febru"), "6", true): All options with value '6' are selected in object 'Object Repository/OCS_OR/UNDER AGE_OR/Page_Ontario Cannabis Store  Ontari/select_SelectJanuary - 01Febru'  using regular expression

2019-04-29 12:11:49 - [MESSAGE][PASSED] - All options with value '6' are selected in object 'Object Repository/OCS_OR/UNDER AGE_OR/Page_Ontario Cannabis Store  Ontari/select_SelectJanuary - 01Febru'  using regular expression

2019-04-29 12:11:49 - [TEST_STEP][PASSED] - selectOptionByValue(findTestObject("Object Repository/OCS_OR/UNDER AGE_OR/Page_Ontario Cannabis Store  Ontari/select_Select20182017201620152"), "1970", true): All options with value '1970' are selected in object 'Object Repository/OCS_OR/UNDER AGE_OR/Page_Ontario Cannabis Store  Ontari/select_Select20182017201620152'  using regular expression

2019-04-29 12:12:07 - [MESSAGE][PASSED] - All options with value '1970' are selected in object 'Object Repository/OCS_OR/UNDER AGE_OR/Page_Ontario Cannabis Store  Ontari/select_Select20182017201620152'  using regular expression

2019-04-29 12:12:07 - [TEST_STEP][PASSED] - click(findTestObject("Object Repository/OCS_OR/UNDER AGE_OR/Page_Ontario Cannabis Store  Ontari/button_Verify")): Object: 'Object Repository/OCS_OR/UNDER AGE_OR/Page_Ontario Cannabis Store  Ontari/button_Verify' is clicked on

2019-04-29 12:12:07 - [MESSAGE][PASSED] - Object: 'Object Repository/OCS_OR/UNDER AGE_OR/Page_Ontario Cannabis Store  Ontari/button_Verify' is clicked on

2019-04-29 12:12:07 - [TEST_STEP][PASSED] - click(findTestObject("Object Repository/OCS_OR/UNDER AGE_OR/Page_Ontario Cannabis Store  Ontari/span_CONFIRM AND ACKNOWLEDGE_c")): Object: 'Object Repository/OCS_OR/UNDER AGE_OR/Page_Ontario Cannabis Store  Ontari/span_CONFIRM AND ACKNOWLEDGE_c' is clicked on

2019-04-29 12:12:08 - [MESSAGE][PASSED] - Object: 'Object Repository/OCS_OR/UNDER AGE_OR/Page_Ontario Cannabis Store  Ontari/span_CONFIRM AND ACKNOWLEDGE_c' is clicked on

2019-04-29 12:12:08 - [TEST_STEP][PASSED] - click(findTestObject("Object Repository/OCS_OR/UNDER AGE_OR/Page_Ontario Cannabis Store  Ontari/button_CONFIRM")): Object: 'Object Repository/OCS_OR/UNDER AGE_OR/Page_Ontario Cannabis Store  Ontari/button_CONFIRM' is clicked on

2019-04-29 12:12:08 - [MESSAGE][PASSED] - Object: 'Object Repository/OCS_OR/UNDER AGE_OR/Page_Ontario Cannabis Store  Ontari/button_CONFIRM' is clicked on

2019-04-29 12:12:08 - [TEST_STEP][PASSED] - click(findTestObject("Object Repository/OCS_OR/UNDER AGE_OR/Page_Ontario Cannabis Store  Ontari/button_Start Browsing")): Object: 'Object Repository/OCS_OR/UNDER AGE_OR/Page_Ontario Cannabis Store  Ontari/button_Start Browsing' is clicked on

2019-04-29 12:12:09 - [MESSAGE][PASSED] - Object: 'Object Repository/OCS_OR/UNDER AGE_OR/Page_Ontario Cannabis Store  Ontari/button_Start Browsing' is clicked on

2019-04-29 12:12:09 - [TEST_STEP][PASSED] - closeBrowser(): Browser is closed

2019-04-29 12:12:10 - [MESSAGE][PASSED] - Browser is closed]]></system-out>
         <system-err><![CDATA[]]></system-err>
      </testcase>
      <testcase name="Test Cases/OCS-AGE GATE/AG - Date correction" classname="Test Cases/OCS-AGE GATE/AG - Date correction" status="PASSED">
         <system-out><![CDATA[2019-04-29 12:12:10 - [TEST_CASE][PASSED] - Test Cases/OCS-AGE GATE/AG - Date correction: Test Cases/OCS-AGE GATE/AG - Date correction

2019-04-29 12:12:10 - [TEST_STEP][PASSED] - openBrowser(""): Browser is opened with url: ''

2019-04-29 12:12:10 - [MESSAGE][INFO] - Starting 'Remote' driver

2019-04-29 12:12:10 - [MESSAGE][INFO] - Connecting to remote web server 'https://dianatest3:Z3oqw9ysqTeRQJq5wFCp@hub-cloud.browserstack.com/wd/hub' with type 'Selenium'

2019-04-29 12:12:21 - [MESSAGE][PASSED] - Browser is opened with url: ''

2019-04-29 12:12:21 - [TEST_STEP][PASSED] - navigateToUrl("https://ocs.ca/?fts=0&preview_theme_id=53370029900"): Navigate to 'https://ocs.ca/?fts=0&preview_theme_id=53370029900' successfully

2019-04-29 12:12:41 - [MESSAGE][PASSED] - Navigate to 'https://ocs.ca/?fts=0&preview_theme_id=53370029900' successfully

2019-04-29 12:12:41 - [TEST_STEP][PASSED] - maximizeWindow(): Current window maximized

2019-04-29 12:12:41 - [MESSAGE][PASSED] - Current window maximized

2019-04-29 12:12:41 - [TEST_STEP][PASSED] - click(findTestObject("Object Repository/Theme_oR/Page_Ontario Cannabis Store  Ontari/button_Close preview")): Object: 'Object Repository/Theme_oR/Page_Ontario Cannabis Store  Ontari/button_Close preview' is clicked on

2019-04-29 12:12:46 - [MESSAGE][PASSED] - Object: 'Object Repository/Theme_oR/Page_Ontario Cannabis Store  Ontari/button_Close preview' is clicked on

2019-04-29 12:12:46 - [TEST_STEP][PASSED] - selectOptionByValue(findTestObject("OCS_OR/Page_Ontario Cannabis Store  Ontari/select_Select01020304050607080 (1)"), "2", true): All options with value '2' are selected in object 'Object Repository/OCS_OR/Page_Ontario Cannabis Store  Ontari/select_Select01020304050607080 (1)'  using regular expression

2019-04-29 12:12:50 - [MESSAGE][PASSED] - All options with value '2' are selected in object 'Object Repository/OCS_OR/Page_Ontario Cannabis Store  Ontari/select_Select01020304050607080 (1)'  using regular expression

2019-04-29 12:12:50 - [TEST_STEP][PASSED] - selectOptionByValue(findTestObject("OCS_OR/Page_Ontario Cannabis Store  Ontari/select_SelectJanuary - 01Febru (1)"), "0", true): All options with value '0' are selected in object 'Object Repository/OCS_OR/Page_Ontario Cannabis Store  Ontari/select_SelectJanuary - 01Febru (1)'  using regular expression

2019-04-29 12:12:51 - [MESSAGE][PASSED] - All options with value '0' are selected in object 'Object Repository/OCS_OR/Page_Ontario Cannabis Store  Ontari/select_SelectJanuary - 01Febru (1)'  using regular expression

2019-04-29 12:12:51 - [TEST_STEP][PASSED] - selectOptionByValue(findTestObject("Object Repository/OCS_OR/Page_Ontario Cannabis Store  Ontari/select_Select20182017201620152 (1)"), "1982", true): All options with value '1982' are selected in object 'Object Repository/OCS_OR/Page_Ontario Cannabis Store  Ontari/select_Select20182017201620152 (1)'  using regular expression

2019-04-29 12:13:05 - [MESSAGE][PASSED] - All options with value '1982' are selected in object 'Object Repository/OCS_OR/Page_Ontario Cannabis Store  Ontari/select_Select20182017201620152 (1)'  using regular expression

2019-04-29 12:13:05 - [TEST_STEP][PASSED] - delay(4): Delayed 4 second(s)

2019-04-29 12:13:09 - [MESSAGE][PASSED] - Delayed 4 second(s)

2019-04-29 12:13:09 - [TEST_STEP][PASSED] - click(findTestObject("OCS_OR/Page_Ontario Cannabis Store  Ontari/button_Verify (1)")): Object: 'Object Repository/OCS_OR/Page_Ontario Cannabis Store  Ontari/button_Verify (1)' is clicked on

2019-04-29 12:13:09 - [MESSAGE][PASSED] - Object: 'Object Repository/OCS_OR/Page_Ontario Cannabis Store  Ontari/button_Verify (1)' is clicked on

2019-04-29 12:13:09 - [TEST_STEP][PASSED] - click(findTestObject("OCS_OR/Page_Ontario Cannabis Store  Ontari/a_Correct Your Date of Birth")): Object: 'Object Repository/OCS_OR/Page_Ontario Cannabis Store  Ontari/a_Correct Your Date of Birth' is clicked on

2019-04-29 12:13:10 - [MESSAGE][PASSED] - Object: 'Object Repository/OCS_OR/Page_Ontario Cannabis Store  Ontari/a_Correct Your Date of Birth' is clicked on

2019-04-29 12:13:10 - [TEST_STEP][PASSED] - selectOptionByValue(findTestObject("Object Repository/OCS_OR/Page_Ontario Cannabis Store  Ontari/select_Select01020304050607080 (1)"), "1", true): All options with value '1' are selected in object 'Object Repository/OCS_OR/Page_Ontario Cannabis Store  Ontari/select_Select01020304050607080 (1)'  using regular expression

2019-04-29 12:13:13 - [MESSAGE][PASSED] - All options with value '1' are selected in object 'Object Repository/OCS_OR/Page_Ontario Cannabis Store  Ontari/select_Select01020304050607080 (1)'  using regular expression

2019-04-29 12:13:13 - [TEST_STEP][PASSED] - selectOptionByValue(findTestObject("Object Repository/OCS_OR/Page_Ontario Cannabis Store  Ontari/select_SelectJanuary - 01Febru (1)"), "5", true): All options with value '5' are selected in object 'Object Repository/OCS_OR/Page_Ontario Cannabis Store  Ontari/select_SelectJanuary - 01Febru (1)'  using regular expression

2019-04-29 12:13:16 - [MESSAGE][PASSED] - All options with value '5' are selected in object 'Object Repository/OCS_OR/Page_Ontario Cannabis Store  Ontari/select_SelectJanuary - 01Febru (1)'  using regular expression

2019-04-29 12:13:16 - [TEST_STEP][PASSED] - selectOptionByValue(findTestObject("Object Repository/OCS_OR/Page_Ontario Cannabis Store  Ontari/select_Select20182017201620152 (1)"), "1980", true): All options with value '1980' are selected in object 'Object Repository/OCS_OR/Page_Ontario Cannabis Store  Ontari/select_Select20182017201620152 (1)'  using regular expression

2019-04-29 12:13:29 - [MESSAGE][PASSED] - All options with value '1980' are selected in object 'Object Repository/OCS_OR/Page_Ontario Cannabis Store  Ontari/select_Select20182017201620152 (1)'  using regular expression

2019-04-29 12:13:29 - [TEST_STEP][PASSED] - click(findTestObject("OCS_OR/Page_Ontario Cannabis Store  Ontari/button_Verify (1)")): Object: 'Object Repository/OCS_OR/Page_Ontario Cannabis Store  Ontari/button_Verify (1)' is clicked on

2019-04-29 12:13:29 - [MESSAGE][PASSED] - Object: 'Object Repository/OCS_OR/Page_Ontario Cannabis Store  Ontari/button_Verify (1)' is clicked on

2019-04-29 12:13:29 - [TEST_STEP][PASSED] - closeBrowser(): Browser is closed

2019-04-29 12:13:31 - [MESSAGE][PASSED] - Browser is closed]]></system-out>
         <system-err><![CDATA[]]></system-err>
      </testcase>
      <system-out><![CDATA[2019-04-29 12:10:51 - [TEST_SUITE][PASSED] - AGEGATE: Test Cases/OCS-AGE GATE/AG - Date correction]]></system-out>
      <system-err><![CDATA[]]></system-err>
   </testsuite>
</testsuites>
