<?xml version="1.0" encoding="UTF-8"?>
<testsuites name="PRODUCT PAGE- 09-05-2019" time="403" tests="9" failures="2" errors="0">
   <testsuite name="PRODUCT PAGE- 09-05-2019" tests="9" failures="2" errors="0" time="403" timestamp="2019-05-09 12:50:58" hostname="sumankompelly - 10.0.126.233" id="Test Suites/OCS-09-05-2019 - Theme2/PRODUCT PAGE- 09-05-2019">
      <properties>
         <property name="deviceName" value=""/>
         <property name="devicePlatform" value=""/>
         <property name="logFolder" value="/Users/sumankompelly/git/Sample-OCS/Reports/OCS-09-05-2019 - Theme2/PRODUCT PAGE- 09-05-2019/20190509_125056"/>
         <property name="logFiles" value="/Users/sumankompelly/git/Sample-OCS/Reports/OCS-09-05-2019 - Theme2/PRODUCT PAGE- 09-05-2019/20190509_125056/execution0.log"/>
         <property name="attachments" value="/Users/sumankompelly/git/Sample-OCS/Reports/OCS-09-05-2019 - Theme2/PRODUCT PAGE- 09-05-2019/20190509_125056/1557420782011.png, /Users/sumankompelly/git/Sample-OCS/Reports/OCS-09-05-2019 - Theme2/PRODUCT PAGE- 09-05-2019/20190509_125056/1557420860437.png, /Users/sumankompelly/git/Sample-OCS/Reports/OCS-09-05-2019 - Theme2/PRODUCT PAGE- 09-05-2019/20190509_125056/1557420945136.png"/>
         <property name="hostName" value="sumankompelly - 10.0.126.233"/>
         <property name="os" value="Mac OS X 64bit"/>
         <property name="katalonVersion" value="5.10.1.1"/>
         <property name="browser" value="Firefox 66.0"/>
         <property name="hostAddress" value="10.0.126.233"/>
         <property name="sessionId" value="1bef9077-7980-be47-8211-c004afe45d3e"/>
         <property name="seleniumVersion" value="3.7.1"/>
         <property name="proxyInformation" value="ProxyInformation{proxyOption=NO_PROXY, proxyServerType=HTTP, password=, proxyServerAddress=, proxyServerPort=0}"/>
         <property name="platform" value="Mac OS X"/>
      </properties>
      <testcase name="Test Cases/OCS- PRODUCT PAGE/Add to bag CTA" classname="Test Cases/OCS- PRODUCT PAGE/Add to bag CTA" status="PASSED">
         <system-out><![CDATA[2019-05-09 12:50:59 - [TEST_CASE][PASSED] - Test Cases/OCS- PRODUCT PAGE/Add to bag CTA: Test Cases/OCS- PRODUCT PAGE/Add to bag CTA

2019-05-09 12:50:59 - [TEST_STEP][PASSED] - openBrowser(""): Browser is opened with url: ''

2019-05-09 12:51:00 - [MESSAGE][INFO] - Starting 'Firefox' driver

2019-05-09 12:51:00 - [MESSAGE][INFO] - Action delay is set to 0 seconds

2019-05-09 12:51:02 - [MESSAGE][PASSED] - Browser is opened with url: ''

2019-05-09 12:51:02 - [TEST_STEP][PASSED] - navigateToUrl("https://ocs.ca/?fts=0&preview_theme_id=53373863756"): Navigate to 'https://ocs.ca/?fts=0&preview_theme_id=53373863756' successfully

2019-05-09 12:51:08 - [MESSAGE][PASSED] - Navigate to 'https://ocs.ca/?fts=0&preview_theme_id=53373863756' successfully

2019-05-09 12:51:08 - [TEST_STEP][PASSED] - click(findTestObject("Object Repository/Theme_oR/Page_Ontario Cannabis Store  Ontari/button_Close preview")): Object: 'Object Repository/Theme_oR/Page_Ontario Cannabis Store  Ontari/button_Close preview' is clicked on

2019-05-09 12:51:08 - [MESSAGE][PASSED] - Object: 'Object Repository/Theme_oR/Page_Ontario Cannabis Store  Ontari/button_Close preview' is clicked on

2019-05-09 12:51:09 - [TEST_STEP][PASSED] - maximizeWindow(): Current window maximized

2019-05-09 12:51:09 - [MESSAGE][PASSED] - Current window maximized

2019-05-09 12:51:09 - [TEST_STEP][PASSED] - selectOptionByValue(findTestObject("OCS_OR/Page_Ontario Cannabis Store  Ontari/select_Select01020304050607080"), "1", true): All options with value '1' are selected in object 'Object Repository/OCS_OR/Page_Ontario Cannabis Store  Ontari/select_Select01020304050607080'  using regular expression

2019-05-09 12:51:10 - [MESSAGE][PASSED] - All options with value '1' are selected in object 'Object Repository/OCS_OR/Page_Ontario Cannabis Store  Ontari/select_Select01020304050607080'  using regular expression

2019-05-09 12:51:10 - [TEST_STEP][PASSED] - selectOptionByValue(findTestObject("OCS_OR/Page_Ontario Cannabis Store  Ontari/select_SelectJanuary - 01Febru"), "0", true): All options with value '0' are selected in object 'Object Repository/OCS_OR/Page_Ontario Cannabis Store  Ontari/select_SelectJanuary - 01Febru'  using regular expression

2019-05-09 12:51:11 - [MESSAGE][PASSED] - All options with value '0' are selected in object 'Object Repository/OCS_OR/Page_Ontario Cannabis Store  Ontari/select_SelectJanuary - 01Febru'  using regular expression

2019-05-09 12:51:11 - [TEST_STEP][PASSED] - selectOptionByValue(findTestObject("OCS_OR/Page_Ontario Cannabis Store  Ontari/select_Select20182017201620152 (1)"), "1968", true): All options with value '1968' are selected in object 'Object Repository/OCS_OR/Page_Ontario Cannabis Store  Ontari/select_Select20182017201620152 (1)'  using regular expression

2019-05-09 12:51:13 - [MESSAGE][PASSED] - All options with value '1968' are selected in object 'Object Repository/OCS_OR/Page_Ontario Cannabis Store  Ontari/select_Select20182017201620152 (1)'  using regular expression

2019-05-09 12:51:13 - [TEST_STEP][PASSED] - click(findTestObject("OCS_OR/Page_Ontario Cannabis Store  Ontari/button_Verify")): Object: 'Object Repository/OCS_OR/Page_Ontario Cannabis Store  Ontari/button_Verify' is clicked on

2019-05-09 12:51:13 - [MESSAGE][PASSED] - Object: 'Object Repository/OCS_OR/Page_Ontario Cannabis Store  Ontari/button_Verify' is clicked on

2019-05-09 12:51:13 - [TEST_STEP][PASSED] - click(findTestObject("OCS_OR/Page_Ontario Cannabis Store  Ontari/span_CONFIRM AND ACKNOWLEDGE_c")): Object: 'Object Repository/OCS_OR/Page_Ontario Cannabis Store  Ontari/span_CONFIRM AND ACKNOWLEDGE_c' is clicked on

2019-05-09 12:51:13 - [MESSAGE][PASSED] - Object: 'Object Repository/OCS_OR/Page_Ontario Cannabis Store  Ontari/span_CONFIRM AND ACKNOWLEDGE_c' is clicked on

2019-05-09 12:51:13 - [TEST_STEP][PASSED] - click(findTestObject("OCS_OR/Page_Ontario Cannabis Store  Ontari/button_CONFIRM")): Object: 'Object Repository/OCS_OR/Page_Ontario Cannabis Store  Ontari/button_CONFIRM' is clicked on

2019-05-09 12:51:13 - [MESSAGE][PASSED] - Object: 'Object Repository/OCS_OR/Page_Ontario Cannabis Store  Ontari/button_CONFIRM' is clicked on

2019-05-09 12:51:13 - [TEST_STEP][PASSED] - click(findTestObject("OCS_OR/Page_Ontario Cannabis Store  Ontari/button_Start Browsing")): Object: 'Object Repository/OCS_OR/Page_Ontario Cannabis Store  Ontari/button_Start Browsing' is clicked on

2019-05-09 12:51:14 - [MESSAGE][PASSED] - Object: 'Object Repository/OCS_OR/Page_Ontario Cannabis Store  Ontari/button_Start Browsing' is clicked on

2019-05-09 12:51:14 - [TEST_STEP][NOT_RUN] - mouseOver(findTestObject("PROD-breadcrumb_OR/Page_Ontario Cannabis Store  Ontari/h3_Cannabis")): NOT_RUN: mouseOver(findTestObject("PROD-breadcrumb_OR/Page_Ontario Cannabis Store  Ontari/h3_Cannabis"))

2019-05-09 12:51:14 - [MESSAGE][NOT_RUN] - NOT_RUN: mouseOver(findTestObject("PROD-breadcrumb_OR/Page_Ontario Cannabis Store  Ontari/h3_Cannabis"))

2019-05-09 12:51:14 - [TEST_STEP][PASSED] - mouseOver(findTestObject("OCS_CRITICAL PATH/cart flyout- price/Page_Ontario Cannabis Store  Ontari/h3_Cannabis")): Object: 'Object Repository/OCS_CRITICAL PATH/cart flyout- price/Page_Ontario Cannabis Store  Ontari/h3_Cannabis' is hovered

2019-05-09 12:51:14 - [MESSAGE][PASSED] - Object: 'Object Repository/OCS_CRITICAL PATH/cart flyout- price/Page_Ontario Cannabis Store  Ontari/h3_Cannabis' is hovered

2019-05-09 12:51:14 - [TEST_STEP][PASSED] - click(findTestObject("PROD-breadcrumb_OR/Page_Ontario Cannabis Store  Ontari/span_Indica Dominant")): Object: 'Object Repository/PROD-breadcrumb_OR/Page_Ontario Cannabis Store  Ontari/span_Indica Dominant' is clicked on

2019-05-09 12:51:16 - [MESSAGE][PASSED] - Object: 'Object Repository/PROD-breadcrumb_OR/Page_Ontario Cannabis Store  Ontari/span_Indica Dominant' is clicked on

2019-05-09 12:51:16 - [TEST_STEP][PASSED] - delay(3): Delayed 3 second(s)

2019-05-09 12:51:19 - [MESSAGE][PASSED] - Delayed 3 second(s)

2019-05-09 12:51:19 - [TEST_STEP][PASSED] - click(findTestObject("PROD-breadcrumb_OR/Page_Indica Dominant Dried Flower/h3_Shishkaberry")): Object: 'Object Repository/PROD-breadcrumb_OR/Page_Indica Dominant Dried Flower/h3_Shishkaberry' is clicked on

2019-05-09 12:51:20 - [MESSAGE][PASSED] - Object: 'Object Repository/PROD-breadcrumb_OR/Page_Indica Dominant Dried Flower/h3_Shishkaberry' is clicked on

2019-05-09 12:51:20 - [TEST_STEP][NOT_RUN] - click(findTestObject("Object Repository/Add to bag CTA_OR/Page_Shishkaberry  Ontario Cannabis/a_Shishkaberry")): NOT_RUN: click(findTestObject("Object Repository/Add to bag CTA_OR/Page_Shishkaberry  Ontario Cannabis/a_Shishkaberry"))

2019-05-09 12:51:20 - [MESSAGE][NOT_RUN] - NOT_RUN: click(findTestObject("Object Repository/Add to bag CTA_OR/Page_Shishkaberry  Ontario Cannabis/a_Shishkaberry"))

2019-05-09 12:51:20 - [TEST_STEP][NOT_RUN] - click(findTestObject("Object Repository/Add to bag CTA_OR/Page_Shishkaberry  Ontario Cannabis/a_Dried Flower")): NOT_RUN: click(findTestObject("Object Repository/Add to bag CTA_OR/Page_Shishkaberry  Ontario Cannabis/a_Dried Flower"))

2019-05-09 12:51:20 - [MESSAGE][NOT_RUN] - NOT_RUN: click(findTestObject("Object Repository/Add to bag CTA_OR/Page_Shishkaberry  Ontario Cannabis/a_Dried Flower"))

2019-05-09 12:51:20 - [TEST_STEP][NOT_RUN] - click(findTestObject("Page_Dried Flower  Ontario Cannabis/a_Cannabis")): NOT_RUN: click(findTestObject("Page_Dried Flower  Ontario Cannabis/a_Cannabis"))

2019-05-09 12:51:20 - [MESSAGE][NOT_RUN] - NOT_RUN: click(findTestObject("Page_Dried Flower  Ontario Cannabis/a_Cannabis"))

2019-05-09 12:51:20 - [TEST_STEP][NOT_RUN] - click(findTestObject("Page_All Cannabis Products  Ontario/a_Home")): NOT_RUN: click(findTestObject("Page_All Cannabis Products  Ontario/a_Home"))

2019-05-09 12:51:20 - [MESSAGE][NOT_RUN] - NOT_RUN: click(findTestObject("Page_All Cannabis Products  Ontario/a_Home"))

2019-05-09 12:51:20 - [TEST_STEP][NOT_RUN] - click(findTestObject("Object Repository/Add to bag CTA_OR/Page_Shishkaberry  Ontario Cannabis/label_1g")): NOT_RUN: click(findTestObject("Object Repository/Add to bag CTA_OR/Page_Shishkaberry  Ontario Cannabis/label_1g"))

2019-05-09 12:51:20 - [MESSAGE][NOT_RUN] - NOT_RUN: click(findTestObject("Object Repository/Add to bag CTA_OR/Page_Shishkaberry  Ontario Cannabis/label_1g"))

2019-05-09 12:51:20 - [TEST_STEP][PASSED] - click(findTestObject("price_OR/Page_Shishkaberry  Ontario Cannabis/label_3.5g")): Object: 'Object Repository/price_OR/Page_Shishkaberry  Ontario Cannabis/label_3.5g' is clicked on

2019-05-09 12:51:20 - [MESSAGE][PASSED] - Object: 'Object Repository/price_OR/Page_Shishkaberry  Ontario Cannabis/label_3.5g' is clicked on

2019-05-09 12:51:20 - [TEST_STEP][PASSED] - click(findTestObject("Add to bag CTA_OR/Page_Shishkaberry  Ontario Cannabis/button_Add to Bag32.40")): Object: 'Object Repository/Add to bag CTA_OR/Page_Shishkaberry  Ontario Cannabis/button_Add to Bag32.40' is clicked on

2019-05-09 12:51:21 - [MESSAGE][PASSED] - Object: 'Object Repository/Add to bag CTA_OR/Page_Shishkaberry  Ontario Cannabis/button_Add to Bag32.40' is clicked on

2019-05-09 12:51:21 - [TEST_STEP][PASSED] - delay(3): Delayed 3 second(s)

2019-05-09 12:51:24 - [MESSAGE][PASSED] - Delayed 3 second(s)

2019-05-09 12:51:24 - [TEST_STEP][PASSED] - verifyTextPresent("Bag", false): Text 'Bag' is present on page 

2019-05-09 12:51:27 - [MESSAGE][PASSED] - Text 'Bag' is present on page 

2019-05-09 12:51:27 - [TEST_STEP][PASSED] - click(findTestObject("Add to bag CTA_OR/Page_Shishkaberry  Ontario Cannabis/i_32.40_icon icon--back js-clo")): Object: 'Object Repository/Add to bag CTA_OR/Page_Shishkaberry  Ontario Cannabis/i_32.40_icon icon--back js-clo' is clicked on

2019-05-09 12:51:27 - [MESSAGE][PASSED] - Object: 'Object Repository/Add to bag CTA_OR/Page_Shishkaberry  Ontario Cannabis/i_32.40_icon icon--back js-clo' is clicked on

2019-05-09 12:51:27 - [TEST_STEP][PASSED] - closeBrowser(): Browser is closed

2019-05-09 12:51:28 - [MESSAGE][PASSED] - Browser is closed]]></system-out>
         <system-err><![CDATA[]]></system-err>
      </testcase>
      <testcase name="Test Cases/OCS- PRODUCT PAGE/breadcrumb" classname="Test Cases/OCS- PRODUCT PAGE/breadcrumb" status="PASSED">
         <system-out><![CDATA[2019-05-09 12:51:28 - [TEST_CASE][PASSED] - Test Cases/OCS- PRODUCT PAGE/breadcrumb: Test Cases/OCS- PRODUCT PAGE/breadcrumb

2019-05-09 12:51:28 - [TEST_STEP][PASSED] - openBrowser(""): Browser is opened with url: ''

2019-05-09 12:51:28 - [MESSAGE][INFO] - Starting 'Firefox' driver

2019-05-09 12:51:30 - [MESSAGE][PASSED] - Browser is opened with url: ''

2019-05-09 12:51:30 - [TEST_STEP][PASSED] - navigateToUrl("https://ocs.ca/?fts=0&preview_theme_id=53373863756"): Navigate to 'https://ocs.ca/?fts=0&preview_theme_id=53373863756' successfully

2019-05-09 12:51:36 - [MESSAGE][PASSED] - Navigate to 'https://ocs.ca/?fts=0&preview_theme_id=53373863756' successfully

2019-05-09 12:51:36 - [TEST_STEP][PASSED] - click(findTestObject("Object Repository/Theme_oR/Page_Ontario Cannabis Store  Ontari/button_Close preview")): Object: 'Object Repository/Theme_oR/Page_Ontario Cannabis Store  Ontari/button_Close preview' is clicked on

2019-05-09 12:51:37 - [MESSAGE][PASSED] - Object: 'Object Repository/Theme_oR/Page_Ontario Cannabis Store  Ontari/button_Close preview' is clicked on

2019-05-09 12:51:37 - [TEST_STEP][PASSED] - maximizeWindow(): Current window maximized

2019-05-09 12:51:38 - [MESSAGE][PASSED] - Current window maximized

2019-05-09 12:51:38 - [TEST_STEP][PASSED] - selectOptionByValue(findTestObject("Object Repository/PROD-breadcrumb_OR/Page_Ontario Cannabis Store  Ontari/select_Select01020304050607080"), "1", true): All options with value '1' are selected in object 'Object Repository/PROD-breadcrumb_OR/Page_Ontario Cannabis Store  Ontari/select_Select01020304050607080'  using regular expression

2019-05-09 12:51:39 - [MESSAGE][PASSED] - All options with value '1' are selected in object 'Object Repository/PROD-breadcrumb_OR/Page_Ontario Cannabis Store  Ontari/select_Select01020304050607080'  using regular expression

2019-05-09 12:51:39 - [TEST_STEP][PASSED] - selectOptionByValue(findTestObject("Object Repository/PROD-breadcrumb_OR/Page_Ontario Cannabis Store  Ontari/select_SelectJanuary - 01Febru"), "0", true): All options with value '0' are selected in object 'Object Repository/PROD-breadcrumb_OR/Page_Ontario Cannabis Store  Ontari/select_SelectJanuary - 01Febru'  using regular expression

2019-05-09 12:51:39 - [MESSAGE][PASSED] - All options with value '0' are selected in object 'Object Repository/PROD-breadcrumb_OR/Page_Ontario Cannabis Store  Ontari/select_SelectJanuary - 01Febru'  using regular expression

2019-05-09 12:51:39 - [TEST_STEP][PASSED] - selectOptionByValue(findTestObject("Object Repository/PROD-breadcrumb_OR/Page_Ontario Cannabis Store  Ontari/select_Select20182017201620152"), "1968", true): All options with value '1968' are selected in object 'Object Repository/PROD-breadcrumb_OR/Page_Ontario Cannabis Store  Ontari/select_Select20182017201620152'  using regular expression

2019-05-09 12:51:41 - [MESSAGE][PASSED] - All options with value '1968' are selected in object 'Object Repository/PROD-breadcrumb_OR/Page_Ontario Cannabis Store  Ontari/select_Select20182017201620152'  using regular expression

2019-05-09 12:51:41 - [TEST_STEP][PASSED] - click(findTestObject("Object Repository/PROD-breadcrumb_OR/Page_Ontario Cannabis Store  Ontari/button_Verify")): Object: 'Object Repository/PROD-breadcrumb_OR/Page_Ontario Cannabis Store  Ontari/button_Verify' is clicked on

2019-05-09 12:51:41 - [MESSAGE][PASSED] - Object: 'Object Repository/PROD-breadcrumb_OR/Page_Ontario Cannabis Store  Ontari/button_Verify' is clicked on

2019-05-09 12:51:41 - [TEST_STEP][PASSED] - click(findTestObject("Object Repository/PROD-breadcrumb_OR/Page_Ontario Cannabis Store  Ontari/span_CONFIRM AND ACKNOWLEDGE_c")): Object: 'Object Repository/PROD-breadcrumb_OR/Page_Ontario Cannabis Store  Ontari/span_CONFIRM AND ACKNOWLEDGE_c' is clicked on

2019-05-09 12:51:42 - [MESSAGE][PASSED] - Object: 'Object Repository/PROD-breadcrumb_OR/Page_Ontario Cannabis Store  Ontari/span_CONFIRM AND ACKNOWLEDGE_c' is clicked on

2019-05-09 12:51:42 - [TEST_STEP][PASSED] - click(findTestObject("Object Repository/PROD-breadcrumb_OR/Page_Ontario Cannabis Store  Ontari/button_CONFIRM")): Object: 'Object Repository/PROD-breadcrumb_OR/Page_Ontario Cannabis Store  Ontari/button_CONFIRM' is clicked on

2019-05-09 12:51:42 - [MESSAGE][PASSED] - Object: 'Object Repository/PROD-breadcrumb_OR/Page_Ontario Cannabis Store  Ontari/button_CONFIRM' is clicked on

2019-05-09 12:51:42 - [TEST_STEP][PASSED] - click(findTestObject("Object Repository/PROD-breadcrumb_OR/Page_Ontario Cannabis Store  Ontari/button_Start Browsing")): Object: 'Object Repository/PROD-breadcrumb_OR/Page_Ontario Cannabis Store  Ontari/button_Start Browsing' is clicked on

2019-05-09 12:51:42 - [MESSAGE][PASSED] - Object: 'Object Repository/PROD-breadcrumb_OR/Page_Ontario Cannabis Store  Ontari/button_Start Browsing' is clicked on

2019-05-09 12:51:42 - [TEST_STEP][NOT_RUN] - mouseOver(findTestObject("PROD-breadcrumb_OR/Page_Ontario Cannabis Store  Ontari/h3_Cannabis")): NOT_RUN: mouseOver(findTestObject("PROD-breadcrumb_OR/Page_Ontario Cannabis Store  Ontari/h3_Cannabis"))

2019-05-09 12:51:42 - [MESSAGE][NOT_RUN] - NOT_RUN: mouseOver(findTestObject("PROD-breadcrumb_OR/Page_Ontario Cannabis Store  Ontari/h3_Cannabis"))

2019-05-09 12:51:42 - [TEST_STEP][PASSED] - mouseOver(findTestObject("OCS_CRITICAL PATH/cart flyout- price/Page_Ontario Cannabis Store  Ontari/h3_Cannabis")): Object: 'Object Repository/OCS_CRITICAL PATH/cart flyout- price/Page_Ontario Cannabis Store  Ontari/h3_Cannabis' is hovered

2019-05-09 12:51:42 - [MESSAGE][PASSED] - Object: 'Object Repository/OCS_CRITICAL PATH/cart flyout- price/Page_Ontario Cannabis Store  Ontari/h3_Cannabis' is hovered

2019-05-09 12:51:42 - [TEST_STEP][PASSED] - click(findTestObject("Object Repository/PROD-breadcrumb_OR/Page_Ontario Cannabis Store  Ontari/span_Indica Dominant")): Object: 'Object Repository/PROD-breadcrumb_OR/Page_Ontario Cannabis Store  Ontari/span_Indica Dominant' is clicked on

2019-05-09 12:51:47 - [MESSAGE][PASSED] - Object: 'Object Repository/PROD-breadcrumb_OR/Page_Ontario Cannabis Store  Ontari/span_Indica Dominant' is clicked on

2019-05-09 12:51:47 - [TEST_STEP][PASSED] - delay(3): Delayed 3 second(s)

2019-05-09 12:51:50 - [MESSAGE][PASSED] - Delayed 3 second(s)

2019-05-09 12:51:50 - [TEST_STEP][PASSED] - click(findTestObject("PROD-breadcrumb_OR/Page_Indica Dominant Dried Flower/h3_Shishkaberry")): Object: 'Object Repository/PROD-breadcrumb_OR/Page_Indica Dominant Dried Flower/h3_Shishkaberry' is clicked on

2019-05-09 12:51:52 - [MESSAGE][PASSED] - Object: 'Object Repository/PROD-breadcrumb_OR/Page_Indica Dominant Dried Flower/h3_Shishkaberry' is clicked on

2019-05-09 12:51:52 - [TEST_STEP][PASSED] - click(findTestObject("PROD-breadcrumb_OR/Page_Shishkaberry  Ontario Cannabis/a_Shishkaberry")): Object: 'Object Repository/PROD-breadcrumb_OR/Page_Shishkaberry  Ontario Cannabis/a_Shishkaberry' is clicked on

2019-05-09 12:51:53 - [MESSAGE][PASSED] - Object: 'Object Repository/PROD-breadcrumb_OR/Page_Shishkaberry  Ontario Cannabis/a_Shishkaberry' is clicked on

2019-05-09 12:51:53 - [TEST_STEP][PASSED] - click(findTestObject("Object Repository/PROD-breadcrumb_OR/Page_Shishkaberry  Ontario Cannabis/a_Dried Flower")): Object: 'Object Repository/PROD-breadcrumb_OR/Page_Shishkaberry  Ontario Cannabis/a_Dried Flower' is clicked on

2019-05-09 12:51:55 - [MESSAGE][PASSED] - Object: 'Object Repository/PROD-breadcrumb_OR/Page_Shishkaberry  Ontario Cannabis/a_Dried Flower' is clicked on

2019-05-09 12:51:55 - [TEST_STEP][PASSED] - b = getWindowTitle(): Current window's title is: 'Dried Flower | Ontario Cannabis Store'

2019-05-09 12:51:55 - [MESSAGE][PASSED] - Current window's title is: 'Dried Flower | Ontario Cannabis Store'

2019-05-09 12:51:55 - [TEST_STEP][PASSED] - comment(" b= " + b):  b= Dried Flower | Ontario Cannabis Store

2019-05-09 12:51:55 - [MESSAGE][INFO] -  b= Dried Flower | Ontario Cannabis Store

2019-05-09 12:51:55 - [TEST_STEP][PASSED] - assert getWindowTitle() == b: Current window's title is: 'Dried Flower | Ontario Cannabis Store'

2019-05-09 12:51:55 - [MESSAGE][PASSED] - Current window's title is: 'Dried Flower | Ontario Cannabis Store'

2019-05-09 12:51:56 - [TEST_STEP][PASSED] - click(findTestObject("Object Repository/PROD-breadcrumb_OR/Page_Dried Flower  Ontario Cannabis/a_Cannabis")): Object: 'Object Repository/PROD-breadcrumb_OR/Page_Dried Flower  Ontario Cannabis/a_Cannabis' is clicked on

2019-05-09 12:51:59 - [MESSAGE][PASSED] - Object: 'Object Repository/PROD-breadcrumb_OR/Page_Dried Flower  Ontario Cannabis/a_Cannabis' is clicked on

2019-05-09 12:51:59 - [TEST_STEP][PASSED] - c = getWindowTitle(): Current window's title is: 'All Cannabis Products | Ontario Cannabis Store'

2019-05-09 12:51:59 - [MESSAGE][PASSED] - Current window's title is: 'All Cannabis Products | Ontario Cannabis Store'

2019-05-09 12:51:59 - [TEST_STEP][PASSED] - comment(" c= " + c):  c= All Cannabis Products | Ontario Cannabis Store

2019-05-09 12:51:59 - [MESSAGE][INFO] -  c= All Cannabis Products | Ontario Cannabis Store

2019-05-09 12:51:59 - [TEST_STEP][PASSED] - assert getWindowTitle() == c: Current window's title is: 'All Cannabis Products | Ontario Cannabis Store'

2019-05-09 12:51:59 - [MESSAGE][PASSED] - Current window's title is: 'All Cannabis Products | Ontario Cannabis Store'

2019-05-09 12:51:59 - [TEST_STEP][PASSED] - click(findTestObject("Object Repository/PROD-breadcrumb_OR/Page_All Cannabis Products  Ontario/a_Home")): Object: 'Object Repository/PROD-breadcrumb_OR/Page_All Cannabis Products  Ontario/a_Home' is clicked on

2019-05-09 12:52:02 - [MESSAGE][PASSED] - Object: 'Object Repository/PROD-breadcrumb_OR/Page_All Cannabis Products  Ontario/a_Home' is clicked on

2019-05-09 12:52:02 - [TEST_STEP][PASSED] - a = getWindowTitle(): Current window's title is: 'Ontario Cannabis Store | Ontario Cannabis Store'

2019-05-09 12:52:02 - [MESSAGE][PASSED] - Current window's title is: 'Ontario Cannabis Store | Ontario Cannabis Store'

2019-05-09 12:52:02 - [TEST_STEP][PASSED] - comment(" a= " + a):  a= Ontario Cannabis Store | Ontario Cannabis Store

2019-05-09 12:52:02 - [MESSAGE][INFO] -  a= Ontario Cannabis Store | Ontario Cannabis Store

2019-05-09 12:52:02 - [TEST_STEP][PASSED] - assert getWindowTitle() == a: Current window's title is: 'Ontario Cannabis Store | Ontario Cannabis Store'

2019-05-09 12:52:02 - [MESSAGE][PASSED] - Current window's title is: 'Ontario Cannabis Store | Ontario Cannabis Store']]></system-out>
         <system-err><![CDATA[]]></system-err>
      </testcase>
      <testcase name="Test Cases/OCS- PRODUCT PAGE/How to choose cannbis products" classname="Test Cases/OCS- PRODUCT PAGE/How to choose cannbis products" status="PASSED">
         <system-out><![CDATA[2019-05-09 12:52:02 - [TEST_CASE][PASSED] - Test Cases/OCS- PRODUCT PAGE/How to choose cannbis products: Test Cases/OCS- PRODUCT PAGE/How to choose cannbis products

2019-05-09 12:52:02 - [TEST_STEP][PASSED] - openBrowser(""): Browser is opened with url: ''

2019-05-09 12:52:02 - [MESSAGE][WARNING] - A browser is already opened. Closing browser and opening a new one

2019-05-09 12:52:03 - [MESSAGE][INFO] - Starting 'Firefox' driver

2019-05-09 12:52:05 - [MESSAGE][PASSED] - Browser is opened with url: ''

2019-05-09 12:52:05 - [TEST_STEP][PASSED] - navigateToUrl("https://ocs.ca/?fts=0&preview_theme_id=53373863756"): Navigate to 'https://ocs.ca/?fts=0&preview_theme_id=53373863756' successfully

2019-05-09 12:52:13 - [MESSAGE][PASSED] - Navigate to 'https://ocs.ca/?fts=0&preview_theme_id=53373863756' successfully

2019-05-09 12:52:13 - [TEST_STEP][PASSED] - click(findTestObject("Object Repository/Theme_oR/Page_Ontario Cannabis Store  Ontari/button_Close preview")): Object: 'Object Repository/Theme_oR/Page_Ontario Cannabis Store  Ontari/button_Close preview' is clicked on

2019-05-09 12:52:13 - [MESSAGE][PASSED] - Object: 'Object Repository/Theme_oR/Page_Ontario Cannabis Store  Ontari/button_Close preview' is clicked on

2019-05-09 12:52:13 - [TEST_STEP][PASSED] - maximizeWindow(): Current window maximized

2019-05-09 12:52:14 - [MESSAGE][PASSED] - Current window maximized

2019-05-09 12:52:14 - [TEST_STEP][PASSED] - selectOptionByValue(findTestObject("Object Repository/cannabis products_OR/Page_Ontario Cannabis Store  Ontari/select_Select01020304050607080"), "16", true): All options with value '16' are selected in object 'Object Repository/cannabis products_OR/Page_Ontario Cannabis Store  Ontari/select_Select01020304050607080'  using regular expression

2019-05-09 12:52:15 - [MESSAGE][PASSED] - All options with value '16' are selected in object 'Object Repository/cannabis products_OR/Page_Ontario Cannabis Store  Ontari/select_Select01020304050607080'  using regular expression

2019-05-09 12:52:15 - [TEST_STEP][PASSED] - selectOptionByValue(findTestObject("Object Repository/cannabis products_OR/Page_Ontario Cannabis Store  Ontari/select_SelectJanuary - 01Febru"), "8", true): All options with value '8' are selected in object 'Object Repository/cannabis products_OR/Page_Ontario Cannabis Store  Ontari/select_SelectJanuary - 01Febru'  using regular expression

2019-05-09 12:52:15 - [MESSAGE][PASSED] - All options with value '8' are selected in object 'Object Repository/cannabis products_OR/Page_Ontario Cannabis Store  Ontari/select_SelectJanuary - 01Febru'  using regular expression

2019-05-09 12:52:15 - [TEST_STEP][PASSED] - selectOptionByValue(findTestObject("Object Repository/cannabis products_OR/Page_Ontario Cannabis Store  Ontari/select_Select20182017201620152"), "1949", true): All options with value '1949' are selected in object 'Object Repository/cannabis products_OR/Page_Ontario Cannabis Store  Ontari/select_Select20182017201620152'  using regular expression

2019-05-09 12:52:17 - [MESSAGE][PASSED] - All options with value '1949' are selected in object 'Object Repository/cannabis products_OR/Page_Ontario Cannabis Store  Ontari/select_Select20182017201620152'  using regular expression

2019-05-09 12:52:17 - [TEST_STEP][PASSED] - click(findTestObject("Object Repository/cannabis products_OR/Page_Ontario Cannabis Store  Ontari/button_Verify")): Object: 'Object Repository/cannabis products_OR/Page_Ontario Cannabis Store  Ontari/button_Verify' is clicked on

2019-05-09 12:52:17 - [MESSAGE][PASSED] - Object: 'Object Repository/cannabis products_OR/Page_Ontario Cannabis Store  Ontari/button_Verify' is clicked on

2019-05-09 12:52:17 - [TEST_STEP][PASSED] - click(findTestObject("Object Repository/cannabis products_OR/Page_Ontario Cannabis Store  Ontari/span_CONFIRM AND ACKNOWLEDGE_c")): Object: 'Object Repository/cannabis products_OR/Page_Ontario Cannabis Store  Ontari/span_CONFIRM AND ACKNOWLEDGE_c' is clicked on

2019-05-09 12:52:17 - [MESSAGE][PASSED] - Object: 'Object Repository/cannabis products_OR/Page_Ontario Cannabis Store  Ontari/span_CONFIRM AND ACKNOWLEDGE_c' is clicked on

2019-05-09 12:52:17 - [TEST_STEP][PASSED] - click(findTestObject("Object Repository/cannabis products_OR/Page_Ontario Cannabis Store  Ontari/button_CONFIRM")): Object: 'Object Repository/cannabis products_OR/Page_Ontario Cannabis Store  Ontari/button_CONFIRM' is clicked on

2019-05-09 12:52:18 - [MESSAGE][PASSED] - Object: 'Object Repository/cannabis products_OR/Page_Ontario Cannabis Store  Ontari/button_CONFIRM' is clicked on

2019-05-09 12:52:18 - [TEST_STEP][PASSED] - click(findTestObject("Object Repository/cannabis products_OR/Page_Ontario Cannabis Store  Ontari/button_Start Browsing")): Object: 'Object Repository/cannabis products_OR/Page_Ontario Cannabis Store  Ontari/button_Start Browsing' is clicked on

2019-05-09 12:52:18 - [MESSAGE][PASSED] - Object: 'Object Repository/cannabis products_OR/Page_Ontario Cannabis Store  Ontari/button_Start Browsing' is clicked on

2019-05-09 12:52:18 - [TEST_STEP][PASSED] - delay(3): Delayed 3 second(s)

2019-05-09 12:52:21 - [MESSAGE][PASSED] - Delayed 3 second(s)

2019-05-09 12:52:21 - [TEST_STEP][NOT_RUN] - click(findTestObject("COLLECTION PAGE _OR/breadcrumbs_OR/Page_Ontario Cannabis Store  Ontari/h3_Cannabis")): NOT_RUN: click(findTestObject("COLLECTION PAGE _OR/breadcrumbs_OR/Page_Ontario Cannabis Store  Ontari/h3_Cannabis"))

2019-05-09 12:52:21 - [MESSAGE][NOT_RUN] - NOT_RUN: click(findTestObject("COLLECTION PAGE _OR/breadcrumbs_OR/Page_Ontario Cannabis Store  Ontari/h3_Cannabis"))

2019-05-09 12:52:21 - [TEST_STEP][PASSED] - mouseOver(findTestObject("OCS_CRITICAL PATH/cart flyout- price/Page_Ontario Cannabis Store  Ontari/h3_Cannabis")): Object: 'Object Repository/OCS_CRITICAL PATH/cart flyout- price/Page_Ontario Cannabis Store  Ontari/h3_Cannabis' is hovered

2019-05-09 12:52:21 - [MESSAGE][PASSED] - Object: 'Object Repository/OCS_CRITICAL PATH/cart flyout- price/Page_Ontario Cannabis Store  Ontari/h3_Cannabis' is hovered

2019-05-09 12:52:21 - [TEST_STEP][PASSED] - delay(3): Delayed 3 second(s)

2019-05-09 12:52:24 - [MESSAGE][PASSED] - Delayed 3 second(s)

2019-05-09 12:52:24 - [TEST_STEP][PASSED] - click(findTestObject("Object Repository/cannabis products_OR/Page_Ontario Cannabis Store  Ontari/span_Indica Dominant")): Object: 'Object Repository/cannabis products_OR/Page_Ontario Cannabis Store  Ontari/span_Indica Dominant' is clicked on

2019-05-09 12:52:25 - [MESSAGE][PASSED] - Object: 'Object Repository/cannabis products_OR/Page_Ontario Cannabis Store  Ontari/span_Indica Dominant' is clicked on

2019-05-09 12:52:25 - [TEST_STEP][PASSED] - delay(2): Delayed 2 second(s)

2019-05-09 12:52:27 - [MESSAGE][PASSED] - Delayed 2 second(s)

2019-05-09 12:52:27 - [TEST_STEP][PASSED] - click(findTestObject("Object Repository/cannabis products_OR/Page_Indica Dominant Dried Flower/h3_Shishkaberry")): Object: 'Object Repository/cannabis products_OR/Page_Indica Dominant Dried Flower/h3_Shishkaberry' is clicked on

2019-05-09 12:52:27 - [MESSAGE][PASSED] - Object: 'Object Repository/cannabis products_OR/Page_Indica Dominant Dried Flower/h3_Shishkaberry' is clicked on

2019-05-09 12:52:27 - [TEST_STEP][PASSED] - delay(2): Delayed 2 second(s)

2019-05-09 12:52:29 - [MESSAGE][PASSED] - Delayed 2 second(s)

2019-05-09 12:52:29 - [TEST_STEP][PASSED] - click(findTestObject("Object Repository/cannabis products_OR/Page_Shishkaberry  Ontario Cannabis/a_How to choose cannabis produ")): Object: 'Object Repository/cannabis products_OR/Page_Shishkaberry  Ontario Cannabis/a_How to choose cannabis produ' is clicked on

2019-05-09 12:52:33 - [MESSAGE][PASSED] - Object: 'Object Repository/cannabis products_OR/Page_Shishkaberry  Ontario Cannabis/a_How to choose cannabis produ' is clicked on

2019-05-09 12:52:33 - [TEST_STEP][PASSED] - a = getWindowTitle(): Current window's title is: 'Factors in Choosing Cannabis Products | Ontario Cannabis Store'

2019-05-09 12:52:33 - [MESSAGE][PASSED] - Current window's title is: 'Factors in Choosing Cannabis Products | Ontario Cannabis Store'

2019-05-09 12:52:33 - [TEST_STEP][PASSED] - if (getWindowTitle() == a): title same

2019-05-09 12:52:33 - [MESSAGE][PASSED] - Current window's title is: 'Factors in Choosing Cannabis Products | Ontario Cannabis Store'

2019-05-09 12:52:33 - [TEST_STEP][PASSED] - comment("title same"): title same

2019-05-09 12:52:33 - [MESSAGE][INFO] - title same

2019-05-09 12:52:33 - [TEST_STEP][PASSED] - back(): Navigate back successfully

2019-05-09 12:52:34 - [MESSAGE][PASSED] - Navigate back successfully]]></system-out>
         <system-err><![CDATA[]]></system-err>
      </testcase>
      <testcase name="Test Cases/OCS- PRODUCT PAGE/Learn More" classname="Test Cases/OCS- PRODUCT PAGE/Learn More" status="PASSED">
         <system-out><![CDATA[2019-05-09 12:52:34 - [TEST_CASE][PASSED] - Test Cases/OCS- PRODUCT PAGE/Learn More: Test Cases/OCS- PRODUCT PAGE/Learn More

2019-05-09 12:52:34 - [TEST_STEP][NOT_RUN] - openBrowser(""): NOT_RUN: openBrowser("")

2019-05-09 12:52:34 - [MESSAGE][NOT_RUN] - NOT_RUN: openBrowser("")

2019-05-09 12:52:34 - [TEST_STEP][NOT_RUN] - navigateToUrl("http://ocs.ca/#/verify-age"): NOT_RUN: navigateToUrl("http://ocs.ca/#/verify-age")

2019-05-09 12:52:34 - [MESSAGE][NOT_RUN] - NOT_RUN: navigateToUrl("http://ocs.ca/#/verify-age")

2019-05-09 12:52:34 - [TEST_STEP][NOT_RUN] - maximizeWindow(): NOT_RUN: maximizeWindow()

2019-05-09 12:52:34 - [MESSAGE][NOT_RUN] - NOT_RUN: maximizeWindow()

2019-05-09 12:52:34 - [TEST_STEP][NOT_RUN] - selectOptionByValue(findTestObject("Object Repository/Leran more_OR/Page_Ontario Cannabis Store  Ontari/select_Select01020304050607080"), "1", true): NOT_RUN: selectOptionByValue(findTestObject("Object Repository/Leran more_OR/Page_Ontario Cannabis Store  Ontari/select_Select01020304050607080"), "1", true)

2019-05-09 12:52:34 - [MESSAGE][NOT_RUN] - NOT_RUN: selectOptionByValue(findTestObject("Object Repository/Leran more_OR/Page_Ontario Cannabis Store  Ontari/select_Select01020304050607080"), "1", true)

2019-05-09 12:52:34 - [TEST_STEP][NOT_RUN] - selectOptionByValue(findTestObject("Object Repository/Leran more_OR/Page_Ontario Cannabis Store  Ontari/select_SelectJanuary - 01Febru"), "0", true): NOT_RUN: selectOptionByValue(findTestObject("Object Repository/Leran more_OR/Page_Ontario Cannabis Store  Ontari/select_SelectJanuary - 01Febru"), "0", true)

2019-05-09 12:52:34 - [MESSAGE][NOT_RUN] - NOT_RUN: selectOptionByValue(findTestObject("Object Repository/Leran more_OR/Page_Ontario Cannabis Store  Ontari/select_SelectJanuary - 01Febru"), "0", true)

2019-05-09 12:52:34 - [TEST_STEP][NOT_RUN] - selectOptionByValue(findTestObject("Object Repository/Leran more_OR/Page_Ontario Cannabis Store  Ontari/select_Select20182017201620152"), "1968", true): NOT_RUN: selectOptionByValue(findTestObject("Object Repository/Leran more_OR/Page_Ontario Cannabis Store  Ontari/select_Select20182017201620152"), "1968", true)

2019-05-09 12:52:34 - [MESSAGE][NOT_RUN] - NOT_RUN: selectOptionByValue(findTestObject("Object Repository/Leran more_OR/Page_Ontario Cannabis Store  Ontari/select_Select20182017201620152"), "1968", true)

2019-05-09 12:52:34 - [TEST_STEP][NOT_RUN] - click(findTestObject("Object Repository/Leran more_OR/Page_Ontario Cannabis Store  Ontari/button_Verify")): NOT_RUN: click(findTestObject("Object Repository/Leran more_OR/Page_Ontario Cannabis Store  Ontari/button_Verify"))

2019-05-09 12:52:34 - [MESSAGE][NOT_RUN] - NOT_RUN: click(findTestObject("Object Repository/Leran more_OR/Page_Ontario Cannabis Store  Ontari/button_Verify"))

2019-05-09 12:52:34 - [TEST_STEP][NOT_RUN] - click(findTestObject("Object Repository/Leran more_OR/Page_Ontario Cannabis Store  Ontari/span_CONFIRM AND ACKNOWLEDGE_c")): NOT_RUN: click(findTestObject("Object Repository/Leran more_OR/Page_Ontario Cannabis Store  Ontari/span_CONFIRM AND ACKNOWLEDGE_c"))

2019-05-09 12:52:34 - [MESSAGE][NOT_RUN] - NOT_RUN: click(findTestObject("Object Repository/Leran more_OR/Page_Ontario Cannabis Store  Ontari/span_CONFIRM AND ACKNOWLEDGE_c"))

2019-05-09 12:52:34 - [TEST_STEP][NOT_RUN] - click(findTestObject("Object Repository/Leran more_OR/Page_Ontario Cannabis Store  Ontari/button_CONFIRM")): NOT_RUN: click(findTestObject("Object Repository/Leran more_OR/Page_Ontario Cannabis Store  Ontari/button_CONFIRM"))

2019-05-09 12:52:34 - [MESSAGE][NOT_RUN] - NOT_RUN: click(findTestObject("Object Repository/Leran more_OR/Page_Ontario Cannabis Store  Ontari/button_CONFIRM"))

2019-05-09 12:52:34 - [TEST_STEP][NOT_RUN] - click(findTestObject("Object Repository/Leran more_OR/Page_Ontario Cannabis Store  Ontari/button_Start Browsing")): NOT_RUN: click(findTestObject("Object Repository/Leran more_OR/Page_Ontario Cannabis Store  Ontari/button_Start Browsing"))

2019-05-09 12:52:34 - [MESSAGE][NOT_RUN] - NOT_RUN: click(findTestObject("Object Repository/Leran more_OR/Page_Ontario Cannabis Store  Ontari/button_Start Browsing"))

2019-05-09 12:52:34 - [TEST_STEP][NOT_RUN] - mouseOver(findTestObject("Object Repository/Leran more_OR/Page_Ontario Cannabis Store  Ontari/h3_Cannabis")): NOT_RUN: mouseOver(findTestObject("Object Repository/Leran more_OR/Page_Ontario Cannabis Store  Ontari/h3_Cannabis"))

2019-05-09 12:52:34 - [MESSAGE][NOT_RUN] - NOT_RUN: mouseOver(findTestObject("Object Repository/Leran more_OR/Page_Ontario Cannabis Store  Ontari/h3_Cannabis"))

2019-05-09 12:52:34 - [TEST_STEP][NOT_RUN] - click(findTestObject("Object Repository/Leran more_OR/Page_Ontario Cannabis Store  Ontari/span_Indica Dominant")): NOT_RUN: click(findTestObject("Object Repository/Leran more_OR/Page_Ontario Cannabis Store  Ontari/span_Indica Dominant"))

2019-05-09 12:52:34 - [MESSAGE][NOT_RUN] - NOT_RUN: click(findTestObject("Object Repository/Leran more_OR/Page_Ontario Cannabis Store  Ontari/span_Indica Dominant"))

2019-05-09 12:52:34 - [TEST_STEP][NOT_RUN] - delay(3): NOT_RUN: delay(3)

2019-05-09 12:52:34 - [MESSAGE][NOT_RUN] - NOT_RUN: delay(3)

2019-05-09 12:52:34 - [TEST_STEP][NOT_RUN] - click(findTestObject("Page_Indica Dominant Dried Flower/h3_Shishkaberry")): NOT_RUN: click(findTestObject("Page_Indica Dominant Dried Flower/h3_Shishkaberry"))

2019-05-09 12:52:34 - [MESSAGE][NOT_RUN] - NOT_RUN: click(findTestObject("Page_Indica Dominant Dried Flower/h3_Shishkaberry"))

2019-05-09 12:52:34 - [TEST_STEP][NOT_RUN] - closeBrowser(): NOT_RUN: closeBrowser()

2019-05-09 12:52:34 - [MESSAGE][NOT_RUN] - NOT_RUN: closeBrowser()

2019-05-09 12:52:34 - [TEST_STEP][PASSED] - openBrowser(""): Browser is opened with url: ''

2019-05-09 12:52:34 - [MESSAGE][WARNING] - A browser is already opened. Closing browser and opening a new one

2019-05-09 12:52:35 - [MESSAGE][INFO] - Starting 'Firefox' driver

2019-05-09 12:52:37 - [MESSAGE][PASSED] - Browser is opened with url: ''

2019-05-09 12:52:37 - [TEST_STEP][PASSED] - navigateToUrl("https://ocs.ca/?fts=0&preview_theme_id=53373863756"): Navigate to 'https://ocs.ca/?fts=0&preview_theme_id=53373863756' successfully

2019-05-09 12:52:42 - [MESSAGE][PASSED] - Navigate to 'https://ocs.ca/?fts=0&preview_theme_id=53373863756' successfully

2019-05-09 12:52:42 - [TEST_STEP][PASSED] - click(findTestObject("Object Repository/Theme_oR/Page_Ontario Cannabis Store  Ontari/button_Close preview")): Object: 'Object Repository/Theme_oR/Page_Ontario Cannabis Store  Ontari/button_Close preview' is clicked on

2019-05-09 12:52:42 - [MESSAGE][PASSED] - Object: 'Object Repository/Theme_oR/Page_Ontario Cannabis Store  Ontari/button_Close preview' is clicked on

2019-05-09 12:52:43 - [TEST_STEP][PASSED] - maximizeWindow(): Current window maximized

2019-05-09 12:52:43 - [MESSAGE][PASSED] - Current window maximized

2019-05-09 12:52:43 - [TEST_STEP][PASSED] - selectOptionByValue(findTestObject("Object Repository/Leran more_OR/Page_Ontario Cannabis Store  Ontari/select_Select01020304050607080"), "17", true): All options with value '17' are selected in object 'Object Repository/Leran more_OR/Page_Ontario Cannabis Store  Ontari/select_Select01020304050607080'  using regular expression

2019-05-09 12:52:44 - [MESSAGE][PASSED] - All options with value '17' are selected in object 'Object Repository/Leran more_OR/Page_Ontario Cannabis Store  Ontari/select_Select01020304050607080'  using regular expression

2019-05-09 12:52:44 - [TEST_STEP][PASSED] - selectOptionByValue(findTestObject("Object Repository/Leran more_OR/Page_Ontario Cannabis Store  Ontari/select_SelectJanuary - 01Febru"), "9", true): All options with value '9' are selected in object 'Object Repository/Leran more_OR/Page_Ontario Cannabis Store  Ontari/select_SelectJanuary - 01Febru'  using regular expression

2019-05-09 12:52:44 - [MESSAGE][PASSED] - All options with value '9' are selected in object 'Object Repository/Leran more_OR/Page_Ontario Cannabis Store  Ontari/select_SelectJanuary - 01Febru'  using regular expression

2019-05-09 12:52:44 - [TEST_STEP][PASSED] - selectOptionByValue(findTestObject("Object Repository/Leran more_OR/Page_Ontario Cannabis Store  Ontari/select_Select20182017201620152"), "1947", true): All options with value '1947' are selected in object 'Object Repository/Leran more_OR/Page_Ontario Cannabis Store  Ontari/select_Select20182017201620152'  using regular expression

2019-05-09 12:52:47 - [MESSAGE][PASSED] - All options with value '1947' are selected in object 'Object Repository/Leran more_OR/Page_Ontario Cannabis Store  Ontari/select_Select20182017201620152'  using regular expression

2019-05-09 12:52:47 - [TEST_STEP][PASSED] - click(findTestObject("Object Repository/Leran more_OR/Page_Ontario Cannabis Store  Ontari/button_Verify")): Object: 'Object Repository/Leran more_OR/Page_Ontario Cannabis Store  Ontari/button_Verify' is clicked on

2019-05-09 12:52:47 - [MESSAGE][PASSED] - Object: 'Object Repository/Leran more_OR/Page_Ontario Cannabis Store  Ontari/button_Verify' is clicked on

2019-05-09 12:52:47 - [TEST_STEP][PASSED] - click(findTestObject("Object Repository/Leran more_OR/Page_Ontario Cannabis Store  Ontari/span_CONFIRM AND ACKNOWLEDGE_c")): Object: 'Object Repository/Leran more_OR/Page_Ontario Cannabis Store  Ontari/span_CONFIRM AND ACKNOWLEDGE_c' is clicked on

2019-05-09 12:52:47 - [MESSAGE][PASSED] - Object: 'Object Repository/Leran more_OR/Page_Ontario Cannabis Store  Ontari/span_CONFIRM AND ACKNOWLEDGE_c' is clicked on

2019-05-09 12:52:47 - [TEST_STEP][PASSED] - click(findTestObject("Object Repository/Leran more_OR/Page_Ontario Cannabis Store  Ontari/button_CONFIRM")): Object: 'Object Repository/Leran more_OR/Page_Ontario Cannabis Store  Ontari/button_CONFIRM' is clicked on

2019-05-09 12:52:47 - [MESSAGE][PASSED] - Object: 'Object Repository/Leran more_OR/Page_Ontario Cannabis Store  Ontari/button_CONFIRM' is clicked on

2019-05-09 12:52:47 - [TEST_STEP][PASSED] - click(findTestObject("Object Repository/Leran more_OR/Page_Ontario Cannabis Store  Ontari/button_Start Browsing")): Object: 'Object Repository/Leran more_OR/Page_Ontario Cannabis Store  Ontari/button_Start Browsing' is clicked on

2019-05-09 12:52:48 - [MESSAGE][PASSED] - Object: 'Object Repository/Leran more_OR/Page_Ontario Cannabis Store  Ontari/button_Start Browsing' is clicked on

2019-05-09 12:52:48 - [TEST_STEP][NOT_RUN] - click(findTestObject("Object Repository/Leran more_OR/Page_Ontario Cannabis Store  Ontari/h3_Cannabis")): NOT_RUN: click(findTestObject("Object Repository/Leran more_OR/Page_Ontario Cannabis Store  Ontari/h3_Cannabis"))

2019-05-09 12:52:48 - [MESSAGE][NOT_RUN] - NOT_RUN: click(findTestObject("Object Repository/Leran more_OR/Page_Ontario Cannabis Store  Ontari/h3_Cannabis"))

2019-05-09 12:52:48 - [TEST_STEP][PASSED] - mouseOver(findTestObject("OCS_CRITICAL PATH/cart flyout- price/Page_Ontario Cannabis Store  Ontari/h3_Cannabis")): Object: 'Object Repository/OCS_CRITICAL PATH/cart flyout- price/Page_Ontario Cannabis Store  Ontari/h3_Cannabis' is hovered

2019-05-09 12:52:48 - [MESSAGE][PASSED] - Object: 'Object Repository/OCS_CRITICAL PATH/cart flyout- price/Page_Ontario Cannabis Store  Ontari/h3_Cannabis' is hovered

2019-05-09 12:52:48 - [TEST_STEP][PASSED] - delay(3): Delayed 3 second(s)

2019-05-09 12:52:51 - [MESSAGE][PASSED] - Delayed 3 second(s)

2019-05-09 12:52:51 - [TEST_STEP][PASSED] - click(findTestObject("Object Repository/Leran more_OR/Page_Ontario Cannabis Store  Ontari/span_Indica Dominant")): Object: 'Object Repository/Leran more_OR/Page_Ontario Cannabis Store  Ontari/span_Indica Dominant' is clicked on

2019-05-09 12:52:53 - [MESSAGE][PASSED] - Object: 'Object Repository/Leran more_OR/Page_Ontario Cannabis Store  Ontari/span_Indica Dominant' is clicked on

2019-05-09 12:52:53 - [TEST_STEP][PASSED] - delay(3): Delayed 3 second(s)

2019-05-09 12:52:56 - [MESSAGE][PASSED] - Delayed 3 second(s)

2019-05-09 12:52:56 - [TEST_STEP][PASSED] - click(findTestObject("Object Repository/Leran more_OR/Page_Indica Dominant Dried Flower/h3_Shishkaberry")): Object: 'Object Repository/Leran more_OR/Page_Indica Dominant Dried Flower/h3_Shishkaberry' is clicked on

2019-05-09 12:52:58 - [MESSAGE][PASSED] - Object: 'Object Repository/Leran more_OR/Page_Indica Dominant Dried Flower/h3_Shishkaberry' is clicked on

2019-05-09 12:52:58 - [TEST_STEP][PASSED] - delay(3): Delayed 3 second(s)

2019-05-09 12:53:01 - [MESSAGE][PASSED] - Delayed 3 second(s)

2019-05-09 12:53:01 - [TEST_STEP][PASSED] - click(findTestObject("Object Repository/Leran more_OR/Page_Shishkaberry  Ontario Cannabis/a_Learn More")): Object: 'Object Repository/Leran more_OR/Page_Shishkaberry  Ontario Cannabis/a_Learn More' is clicked on

2019-05-09 12:53:01 - [MESSAGE][PASSED] - Object: 'Object Repository/Leran more_OR/Page_Shishkaberry  Ontario Cannabis/a_Learn More' is clicked on

2019-05-09 12:53:01 - [TEST_STEP][PASSED] - scrollToPosition(900, 38): Browser is scrolled to position x = 900, y = 38

2019-05-09 12:53:01 - [MESSAGE][PASSED] - Browser is scrolled to position x = 900, y = 38

2019-05-09 12:53:01 - [TEST_STEP][PASSED] - takeScreenshot(): Taking screenshot successfully

2019-05-09 12:53:02 - [MESSAGE][PASSED] - Taking screenshot successfully
[[ATTACHMENT|/Users/sumankompelly/git/Sample-OCS/Reports/OCS-09-05-2019 - Theme2/PRODUCT PAGE- 09-05-2019/20190509_125056/1557420782011.png]]

2019-05-09 12:53:02 - [TEST_STEP][PASSED] - closeBrowser(): Browser is closed

2019-05-09 12:53:02 - [MESSAGE][PASSED] - Browser is closed]]></system-out>
         <system-err><![CDATA[]]></system-err>
      </testcase>
      <testcase name="Test Cases/OCS- PRODUCT PAGE/Moreitems to consider" classname="Test Cases/OCS- PRODUCT PAGE/Moreitems to consider" status="FAILED">
         <failure type="FAILED" message="Test Cases/OCS- PRODUCT PAGE/Moreitems to consider FAILED.
Reason:
com.kms.katalon.core.exception.StepFailedException: Unable to click on object 'Object Repository/More items _OR/Page_Shishkaberry  Ontario Cannabis/img' (Root cause: com.kms.katalon.core.webui.exception.WebElementNotFoundException: Web element with id: 'Object Repository/More items _OR/Page_Shishkaberry  Ontario Cannabis/img' located by 'By.xpath: id(&quot;product_1314104248140&quot;)/div[@class=&quot;product-tile__image&quot;]/a[1]/img[1][count(. | //img[@src = 'https://cdn.shopify.com/s/files/1/2636/1928/products/http-52-60-121-34-upload-200050-826945030977-a1c0-c01-compressed_large.jpg?v=1554297587' and @data-src = 'https://cdn.shopify.com/s/files/1/2636/1928/products/http-52-60-121-34-upload-200050-826945030977-a1c0-c01-compressed_large.jpg?v=1554297587' and @alt = '4-Piece 2&quot; Grinder']) = count(//img[@src = 'https://cdn.shopify.com/s/files/1/2636/1928/products/http-52-60-121-34-upload-200050-826945030977-a1c0-c01-compressed_large.jpg?v=1554297587' and @data-src = 'https://cdn.shopify.com/s/files/1/2636/1928/products/http-52-60-121-34-upload-200050-826945030977-a1c0-c01-compressed_large.jpg?v=1554297587' and @alt = '4-Piece 2&quot; Grinder'])]' not found)
	at com.kms.katalon.core.keyword.internal.KeywordMain.stepFailed(KeywordMain.groovy:36)
	at com.kms.katalon.core.webui.keyword.internal.WebUIKeywordMain.stepFailed(WebUIKeywordMain.groovy:65)
	at com.kms.katalon.core.webui.keyword.internal.WebUIKeywordMain.runKeyword(WebUIKeywordMain.groovy:27)
	at com.kms.katalon.core.webui.keyword.builtin.ClickKeyword.click(ClickKeyword.groovy:86)
	at com.kms.katalon.core.webui.keyword.builtin.ClickKeyword.execute(ClickKeyword.groovy:67)
	at com.kms.katalon.core.keyword.internal.KeywordExecutor.executeKeywordForPlatform(KeywordExecutor.groovy:53)
	at com.kms.katalon.core.webui.keyword.WebUiBuiltInKeywords.click(WebUiBuiltInKeywords.groovy:604)
	at com.kms.katalon.core.webui.keyword.WebUiBuiltInKeywords$click$11.call(Unknown Source)
	at Moreitems to consider.run(Moreitems to consider:85)
	at com.kms.katalon.core.main.ScriptEngine.run(ScriptEngine.java:194)
	at com.kms.katalon.core.main.ScriptEngine.runScriptAsRawText(ScriptEngine.java:119)
	at com.kms.katalon.core.main.TestCaseExecutor.runScript(TestCaseExecutor.java:328)
	at com.kms.katalon.core.main.TestCaseExecutor.doExecute(TestCaseExecutor.java:319)
	at com.kms.katalon.core.main.TestCaseExecutor.processExecutionPhase(TestCaseExecutor.java:298)
	at com.kms.katalon.core.main.TestCaseExecutor.accessMainPhase(TestCaseExecutor.java:290)
	at com.kms.katalon.core.main.TestCaseExecutor.execute(TestCaseExecutor.java:224)
	at com.kms.katalon.core.main.TestSuiteExecutor.accessTestCaseMainPhase(TestSuiteExecutor.java:129)
	at com.kms.katalon.core.main.TestSuiteExecutor.accessTestSuiteMainPhase(TestSuiteExecutor.java:112)
	at com.kms.katalon.core.main.TestSuiteExecutor.execute(TestSuiteExecutor.java:81)
	at com.kms.katalon.core.main.TestCaseMain.startTestSuite(TestCaseMain.java:149)
	at com.kms.katalon.core.main.TestCaseMain$startTestSuite$0.call(Unknown Source)
	at TempTestSuite1557420656924.run(TempTestSuite1557420656924.groovy:36)
"/>
         <system-out><![CDATA[2019-05-09 12:53:02 - [TEST_CASE][FAILED] - Test Cases/OCS- PRODUCT PAGE/Moreitems to consider: Test Cases/OCS- PRODUCT PAGE/Moreitems to consider FAILED.
Reason:
com.kms.katalon.core.exception.StepFailedException: Unable to click on object 'Object Repository/More items _OR/Page_Shishkaberry  Ontario Cannabis/img' (Root cause: com.kms.katalon.core.webui.exception.WebElementNotFoundException: Web element with id: 'Object Repository/More items _OR/Page_Shishkaberry  Ontario Cannabis/img' located by 'By.xpath: id("product_1314104248140")/div[@class="product-tile__image"]/a[1]/img[1][count(. | //img[@src = 'https://cdn.shopify.com/s/files/1/2636/1928/products/http-52-60-121-34-upload-200050-826945030977-a1c0-c01-compressed_large.jpg?v=1554297587' and @data-src = 'https://cdn.shopify.com/s/files/1/2636/1928/products/http-52-60-121-34-upload-200050-826945030977-a1c0-c01-compressed_large.jpg?v=1554297587' and @alt = '4-Piece 2" Grinder']) = count(//img[@src = 'https://cdn.shopify.com/s/files/1/2636/1928/products/http-52-60-121-34-upload-200050-826945030977-a1c0-c01-compressed_large.jpg?v=1554297587' and @data-src = 'https://cdn.shopify.com/s/files/1/2636/1928/products/http-52-60-121-34-upload-200050-826945030977-a1c0-c01-compressed_large.jpg?v=1554297587' and @alt = '4-Piece 2" Grinder'])]' not found)
	at com.kms.katalon.core.keyword.internal.KeywordMain.stepFailed(KeywordMain.groovy:36)
	at com.kms.katalon.core.webui.keyword.internal.WebUIKeywordMain.stepFailed(WebUIKeywordMain.groovy:65)
	at com.kms.katalon.core.webui.keyword.internal.WebUIKeywordMain.runKeyword(WebUIKeywordMain.groovy:27)
	at com.kms.katalon.core.webui.keyword.builtin.ClickKeyword.click(ClickKeyword.groovy:86)
	at com.kms.katalon.core.webui.keyword.builtin.ClickKeyword.execute(ClickKeyword.groovy:67)
	at com.kms.katalon.core.keyword.internal.KeywordExecutor.executeKeywordForPlatform(KeywordExecutor.groovy:53)
	at com.kms.katalon.core.webui.keyword.WebUiBuiltInKeywords.click(WebUiBuiltInKeywords.groovy:604)
	at com.kms.katalon.core.webui.keyword.WebUiBuiltInKeywords$click$11.call(Unknown Source)
	at Moreitems to consider.run(Moreitems to consider:85)
	at com.kms.katalon.core.main.ScriptEngine.run(ScriptEngine.java:194)
	at com.kms.katalon.core.main.ScriptEngine.runScriptAsRawText(ScriptEngine.java:119)
	at com.kms.katalon.core.main.TestCaseExecutor.runScript(TestCaseExecutor.java:328)
	at com.kms.katalon.core.main.TestCaseExecutor.doExecute(TestCaseExecutor.java:319)
	at com.kms.katalon.core.main.TestCaseExecutor.processExecutionPhase(TestCaseExecutor.java:298)
	at com.kms.katalon.core.main.TestCaseExecutor.accessMainPhase(TestCaseExecutor.java:290)
	at com.kms.katalon.core.main.TestCaseExecutor.execute(TestCaseExecutor.java:224)
	at com.kms.katalon.core.main.TestSuiteExecutor.accessTestCaseMainPhase(TestSuiteExecutor.java:129)
	at com.kms.katalon.core.main.TestSuiteExecutor.accessTestSuiteMainPhase(TestSuiteExecutor.java:112)
	at com.kms.katalon.core.main.TestSuiteExecutor.execute(TestSuiteExecutor.java:81)
	at com.kms.katalon.core.main.TestCaseMain.startTestSuite(TestCaseMain.java:149)
	at com.kms.katalon.core.main.TestCaseMain$startTestSuite$0.call(Unknown Source)
	at TempTestSuite1557420656924.run(TempTestSuite1557420656924.groovy:36)


2019-05-09 12:53:02 - [TEST_STEP][PASSED] - openBrowser(""): Browser is opened with url: ''

2019-05-09 12:53:02 - [MESSAGE][INFO] - Starting 'Firefox' driver

2019-05-09 12:53:04 - [MESSAGE][PASSED] - Browser is opened with url: ''

2019-05-09 12:53:04 - [TEST_STEP][PASSED] - navigateToUrl("https://ocs.ca/?fts=0&preview_theme_id=53373863756"): Navigate to 'https://ocs.ca/?fts=0&preview_theme_id=53373863756' successfully

2019-05-09 12:53:09 - [MESSAGE][PASSED] - Navigate to 'https://ocs.ca/?fts=0&preview_theme_id=53373863756' successfully

2019-05-09 12:53:09 - [TEST_STEP][PASSED] - click(findTestObject("Object Repository/Theme_oR/Page_Ontario Cannabis Store  Ontari/button_Close preview")): Object: 'Object Repository/Theme_oR/Page_Ontario Cannabis Store  Ontari/button_Close preview' is clicked on

2019-05-09 12:53:10 - [MESSAGE][PASSED] - Object: 'Object Repository/Theme_oR/Page_Ontario Cannabis Store  Ontari/button_Close preview' is clicked on

2019-05-09 12:53:10 - [TEST_STEP][PASSED] - maximizeWindow(): Current window maximized

2019-05-09 12:53:11 - [MESSAGE][PASSED] - Current window maximized

2019-05-09 12:53:11 - [TEST_STEP][PASSED] - selectOptionByValue(findTestObject("Object Repository/More items _OR/Page_Ontario Cannabis Store  Ontari/select_Select01020304050607080"), "18", true): All options with value '18' are selected in object 'Object Repository/More items _OR/Page_Ontario Cannabis Store  Ontari/select_Select01020304050607080'  using regular expression

2019-05-09 12:53:12 - [MESSAGE][PASSED] - All options with value '18' are selected in object 'Object Repository/More items _OR/Page_Ontario Cannabis Store  Ontari/select_Select01020304050607080'  using regular expression

2019-05-09 12:53:12 - [TEST_STEP][PASSED] - selectOptionByValue(findTestObject("Object Repository/More items _OR/Page_Ontario Cannabis Store  Ontari/select_SelectJanuary - 01Febru"), "9", true): All options with value '9' are selected in object 'Object Repository/More items _OR/Page_Ontario Cannabis Store  Ontari/select_SelectJanuary - 01Febru'  using regular expression

2019-05-09 12:53:13 - [MESSAGE][PASSED] - All options with value '9' are selected in object 'Object Repository/More items _OR/Page_Ontario Cannabis Store  Ontari/select_SelectJanuary - 01Febru'  using regular expression

2019-05-09 12:53:13 - [TEST_STEP][PASSED] - selectOptionByValue(findTestObject("Object Repository/More items _OR/Page_Ontario Cannabis Store  Ontari/select_Select20182017201620152"), "1949", true): All options with value '1949' are selected in object 'Object Repository/More items _OR/Page_Ontario Cannabis Store  Ontari/select_Select20182017201620152'  using regular expression

2019-05-09 12:53:15 - [MESSAGE][PASSED] - All options with value '1949' are selected in object 'Object Repository/More items _OR/Page_Ontario Cannabis Store  Ontari/select_Select20182017201620152'  using regular expression

2019-05-09 12:53:15 - [TEST_STEP][PASSED] - click(findTestObject("Object Repository/More items _OR/Page_Ontario Cannabis Store  Ontari/button_Verify")): Object: 'Object Repository/More items _OR/Page_Ontario Cannabis Store  Ontari/button_Verify' is clicked on

2019-05-09 12:53:15 - [MESSAGE][PASSED] - Object: 'Object Repository/More items _OR/Page_Ontario Cannabis Store  Ontari/button_Verify' is clicked on

2019-05-09 12:53:15 - [TEST_STEP][PASSED] - click(findTestObject("Object Repository/More items _OR/Page_Ontario Cannabis Store  Ontari/span_CONFIRM AND ACKNOWLEDGE_c")): Object: 'Object Repository/More items _OR/Page_Ontario Cannabis Store  Ontari/span_CONFIRM AND ACKNOWLEDGE_c' is clicked on

2019-05-09 12:53:16 - [MESSAGE][PASSED] - Object: 'Object Repository/More items _OR/Page_Ontario Cannabis Store  Ontari/span_CONFIRM AND ACKNOWLEDGE_c' is clicked on

2019-05-09 12:53:16 - [TEST_STEP][PASSED] - click(findTestObject("Object Repository/More items _OR/Page_Ontario Cannabis Store  Ontari/button_CONFIRM")): Object: 'Object Repository/More items _OR/Page_Ontario Cannabis Store  Ontari/button_CONFIRM' is clicked on

2019-05-09 12:53:16 - [MESSAGE][PASSED] - Object: 'Object Repository/More items _OR/Page_Ontario Cannabis Store  Ontari/button_CONFIRM' is clicked on

2019-05-09 12:53:16 - [TEST_STEP][PASSED] - click(findTestObject("Object Repository/More items _OR/Page_Ontario Cannabis Store  Ontari/button_Start Browsing")): Object: 'Object Repository/More items _OR/Page_Ontario Cannabis Store  Ontari/button_Start Browsing' is clicked on

2019-05-09 12:53:16 - [MESSAGE][PASSED] - Object: 'Object Repository/More items _OR/Page_Ontario Cannabis Store  Ontari/button_Start Browsing' is clicked on

2019-05-09 12:53:16 - [TEST_STEP][PASSED] - delay(3): Delayed 3 second(s)

2019-05-09 12:53:19 - [MESSAGE][PASSED] - Delayed 3 second(s)

2019-05-09 12:53:19 - [TEST_STEP][NOT_RUN] - click(findTestObject("Object Repository/Show all accessories_OR/Page_Ontario Cannabis Store  Ontari/h3_Cannabis")): NOT_RUN: click(findTestObject("Object Repository/Show all accessories_OR/Page_Ontario Cannabis Store  Ontari/h3_Cannabis"))

2019-05-09 12:53:19 - [MESSAGE][NOT_RUN] - NOT_RUN: click(findTestObject("Object Repository/Show all accessories_OR/Page_Ontario Cannabis Store  Ontari/h3_Cannabis"))

2019-05-09 12:53:19 - [TEST_STEP][PASSED] - mouseOver(findTestObject("OCS_CRITICAL PATH/cart flyout- price/Page_Ontario Cannabis Store  Ontari/h3_Cannabis")): Object: 'Object Repository/OCS_CRITICAL PATH/cart flyout- price/Page_Ontario Cannabis Store  Ontari/h3_Cannabis' is hovered

2019-05-09 12:53:19 - [MESSAGE][PASSED] - Object: 'Object Repository/OCS_CRITICAL PATH/cart flyout- price/Page_Ontario Cannabis Store  Ontari/h3_Cannabis' is hovered

2019-05-09 12:53:19 - [TEST_STEP][PASSED] - delay(3): Delayed 3 second(s)

2019-05-09 12:53:22 - [MESSAGE][PASSED] - Delayed 3 second(s)

2019-05-09 12:53:22 - [TEST_STEP][PASSED] - click(findTestObject("Object Repository/More items _OR/Page_Ontario Cannabis Store  Ontari/span_Indica Dominant")): Object: 'Object Repository/More items _OR/Page_Ontario Cannabis Store  Ontari/span_Indica Dominant' is clicked on

2019-05-09 12:53:25 - [MESSAGE][PASSED] - Object: 'Object Repository/More items _OR/Page_Ontario Cannabis Store  Ontari/span_Indica Dominant' is clicked on

2019-05-09 12:53:25 - [TEST_STEP][PASSED] - delay(3): Delayed 3 second(s)

2019-05-09 12:53:28 - [MESSAGE][PASSED] - Delayed 3 second(s)

2019-05-09 12:53:28 - [TEST_STEP][PASSED] - delay(2): Delayed 2 second(s)

2019-05-09 12:53:30 - [MESSAGE][PASSED] - Delayed 2 second(s)

2019-05-09 12:53:30 - [TEST_STEP][PASSED] - click(findTestObject("More items _OR/Page_Indica Dominant Dried Flower/h3_Shishkaberry")): Object: 'Object Repository/More items _OR/Page_Indica Dominant Dried Flower/h3_Shishkaberry' is clicked on

2019-05-09 12:53:30 - [MESSAGE][PASSED] - Object: 'Object Repository/More items _OR/Page_Indica Dominant Dried Flower/h3_Shishkaberry' is clicked on

2019-05-09 12:53:30 - [TEST_STEP][PASSED] - delay(2): Delayed 2 second(s)

2019-05-09 12:53:32 - [MESSAGE][PASSED] - Delayed 2 second(s)

2019-05-09 12:53:32 - [TEST_STEP][PASSED] - click(findTestObject("Object Repository/More items _OR/Page_Shishkaberry  Ontario Cannabis/li_Vaporizers")): Object: 'Object Repository/More items _OR/Page_Shishkaberry  Ontario Cannabis/li_Vaporizers' is clicked on

2019-05-09 12:53:33 - [MESSAGE][PASSED] - Object: 'Object Repository/More items _OR/Page_Shishkaberry  Ontario Cannabis/li_Vaporizers' is clicked on

2019-05-09 12:53:33 - [TEST_STEP][PASSED] - click(findTestObject("Object Repository/More items _OR/Page_Shishkaberry  Ontario Cannabis/li_Papers  Filters")): Object: 'Object Repository/More items _OR/Page_Shishkaberry  Ontario Cannabis/li_Papers  Filters' is clicked on

2019-05-09 12:53:33 - [MESSAGE][PASSED] - Object: 'Object Repository/More items _OR/Page_Shishkaberry  Ontario Cannabis/li_Papers  Filters' is clicked on

2019-05-09 12:53:33 - [TEST_STEP][PASSED] - click(findTestObject("Object Repository/More items _OR/Page_Shishkaberry  Ontario Cannabis/li_Bongs  Pipes")): Object: 'Object Repository/More items _OR/Page_Shishkaberry  Ontario Cannabis/li_Bongs  Pipes' is clicked on

2019-05-09 12:53:33 - [MESSAGE][PASSED] - Object: 'Object Repository/More items _OR/Page_Shishkaberry  Ontario Cannabis/li_Bongs  Pipes' is clicked on

2019-05-09 12:53:33 - [TEST_STEP][PASSED] - delay(3): Delayed 3 second(s)

2019-05-09 12:53:36 - [MESSAGE][PASSED] - Delayed 3 second(s)

2019-05-09 12:53:36 - [TEST_STEP][PASSED] - click(findTestObject("Object Repository/More items _OR/Page_Shishkaberry  Ontario Cannabis/li_Grinders")): Object: 'Object Repository/More items _OR/Page_Shishkaberry  Ontario Cannabis/li_Grinders' is clicked on

2019-05-09 12:53:36 - [MESSAGE][PASSED] - Object: 'Object Repository/More items _OR/Page_Shishkaberry  Ontario Cannabis/li_Grinders' is clicked on

2019-05-09 12:53:36 - [TEST_STEP][PASSED] - delay(3): Delayed 3 second(s)

2019-05-09 12:53:39 - [MESSAGE][PASSED] - Delayed 3 second(s)

2019-05-09 12:53:39 - [TEST_STEP][PASSED] - click(findTestObject("Object Repository/More items _OR/Page_Shishkaberry  Ontario Cannabis/i_Bongs  Pipes_icon--back slic")): Object: 'Object Repository/More items _OR/Page_Shishkaberry  Ontario Cannabis/i_Bongs  Pipes_icon--back slic' is clicked on

2019-05-09 12:53:40 - [MESSAGE][PASSED] - Object: 'Object Repository/More items _OR/Page_Shishkaberry  Ontario Cannabis/i_Bongs  Pipes_icon--back slic' is clicked on

2019-05-09 12:53:40 - [TEST_STEP][PASSED] - delay(3): Delayed 3 second(s)

2019-05-09 12:53:43 - [MESSAGE][PASSED] - Delayed 3 second(s)

2019-05-09 12:53:43 - [TEST_STEP][PASSED] - click(findTestObject("Object Repository/More items _OR/Page_Shishkaberry  Ontario Cannabis/i_Dot Infinity Grinder Card_ic")): Object: 'Object Repository/More items _OR/Page_Shishkaberry  Ontario Cannabis/i_Dot Infinity Grinder Card_ic' is clicked on

2019-05-09 12:53:43 - [MESSAGE][PASSED] - Object: 'Object Repository/More items _OR/Page_Shishkaberry  Ontario Cannabis/i_Dot Infinity Grinder Card_ic' is clicked on

2019-05-09 12:53:43 - [TEST_STEP][PASSED] - delay(3): Delayed 3 second(s)

2019-05-09 12:53:46 - [MESSAGE][PASSED] - Delayed 3 second(s)

2019-05-09 12:53:46 - [TEST_STEP][PASSED] - click(findTestObject("Object Repository/More items _OR/Page_Shishkaberry  Ontario Cannabis/i_Dot Infinity Grinder Card_ic")): Object: 'Object Repository/More items _OR/Page_Shishkaberry  Ontario Cannabis/i_Dot Infinity Grinder Card_ic' is clicked on

2019-05-09 12:53:46 - [MESSAGE][PASSED] - Object: 'Object Repository/More items _OR/Page_Shishkaberry  Ontario Cannabis/i_Dot Infinity Grinder Card_ic' is clicked on

2019-05-09 12:53:46 - [TEST_STEP][PASSED] - delay(3, STOP_ON_FAILURE): Delayed 3 second(s)

2019-05-09 12:53:49 - [MESSAGE][PASSED] - Delayed 3 second(s)

2019-05-09 12:53:49 - [TEST_STEP][PASSED] - click(findTestObject("Object Repository/More items _OR/Page_Shishkaberry  Ontario Cannabis/li_Grinders")): Object: 'Object Repository/More items _OR/Page_Shishkaberry  Ontario Cannabis/li_Grinders' is clicked on

2019-05-09 12:53:49 - [MESSAGE][PASSED] - Object: 'Object Repository/More items _OR/Page_Shishkaberry  Ontario Cannabis/li_Grinders' is clicked on

2019-05-09 12:53:49 - [TEST_STEP][FAILED] - click(findTestObject("More items _OR/Page_Shishkaberry  Ontario Cannabis/img"), STOP_ON_FAILURE): click(findTestObject("More items _OR/Page_Shishkaberry  Ontario Cannabis/img"), STOP_ON_FAILURE) FAILED.
Reason:
com.kms.katalon.core.exception.StepFailedException: Unable to click on object 'Object Repository/More items _OR/Page_Shishkaberry  Ontario Cannabis/img' (Root cause: com.kms.katalon.core.webui.exception.WebElementNotFoundException: Web element with id: 'Object Repository/More items _OR/Page_Shishkaberry  Ontario Cannabis/img' located by 'By.xpath: id("product_1314104248140")/div[@class="product-tile__image"]/a[1]/img[1][count(. | //img[@src = 'https://cdn.shopify.com/s/files/1/2636/1928/products/http-52-60-121-34-upload-200050-826945030977-a1c0-c01-compressed_large.jpg?v=1554297587' and @data-src = 'https://cdn.shopify.com/s/files/1/2636/1928/products/http-52-60-121-34-upload-200050-826945030977-a1c0-c01-compressed_large.jpg?v=1554297587' and @alt = '4-Piece 2" Grinder']) = count(//img[@src = 'https://cdn.shopify.com/s/files/1/2636/1928/products/http-52-60-121-34-upload-200050-826945030977-a1c0-c01-compressed_large.jpg?v=1554297587' and @data-src = 'https://cdn.shopify.com/s/files/1/2636/1928/products/http-52-60-121-34-upload-200050-826945030977-a1c0-c01-compressed_large.jpg?v=1554297587' and @alt = '4-Piece 2" Grinder'])]' not found)
	at com.kms.katalon.core.keyword.internal.KeywordMain.stepFailed(KeywordMain.groovy:36)
	at com.kms.katalon.core.webui.keyword.internal.WebUIKeywordMain.stepFailed(WebUIKeywordMain.groovy:65)
	at com.kms.katalon.core.webui.keyword.internal.WebUIKeywordMain.runKeyword(WebUIKeywordMain.groovy:27)
	at com.kms.katalon.core.webui.keyword.builtin.ClickKeyword.click(ClickKeyword.groovy:86)
	at com.kms.katalon.core.webui.keyword.builtin.ClickKeyword.execute(ClickKeyword.groovy:67)
	at com.kms.katalon.core.keyword.internal.KeywordExecutor.executeKeywordForPlatform(KeywordExecutor.groovy:53)
	at com.kms.katalon.core.webui.keyword.WebUiBuiltInKeywords.click(WebUiBuiltInKeywords.groovy:604)
	at com.kms.katalon.core.webui.keyword.WebUiBuiltInKeywords$click$11.call(Unknown Source)
	at Moreitems to consider.run(Moreitems to consider:85)
	at com.kms.katalon.core.main.ScriptEngine.run(ScriptEngine.java:194)
	at com.kms.katalon.core.main.ScriptEngine.runScriptAsRawText(ScriptEngine.java:119)
	at com.kms.katalon.core.main.TestCaseExecutor.runScript(TestCaseExecutor.java:328)
	at com.kms.katalon.core.main.TestCaseExecutor.doExecute(TestCaseExecutor.java:319)
	at com.kms.katalon.core.main.TestCaseExecutor.processExecutionPhase(TestCaseExecutor.java:298)
	at com.kms.katalon.core.main.TestCaseExecutor.accessMainPhase(TestCaseExecutor.java:290)
	at com.kms.katalon.core.main.TestCaseExecutor.execute(TestCaseExecutor.java:224)
	at com.kms.katalon.core.main.TestSuiteExecutor.accessTestCaseMainPhase(TestSuiteExecutor.java:129)
	at com.kms.katalon.core.main.TestSuiteExecutor.accessTestSuiteMainPhase(TestSuiteExecutor.java:112)
	at com.kms.katalon.core.main.TestSuiteExecutor.execute(TestSuiteExecutor.java:81)
	at com.kms.katalon.core.main.TestCaseMain.startTestSuite(TestCaseMain.java:149)
	at com.kms.katalon.core.main.TestCaseMain$startTestSuite$0.call(Unknown Source)
	at TempTestSuite1557420656924.run(TempTestSuite1557420656924.groovy:36)


2019-05-09 12:54:20 - [MESSAGE][INFO] - Unable to find the element located by 'By.xpath: id("product_1314104248140")/div[@class="product-tile__image"]/a[1]/img[1][count(. | //img[@src = 'https://cdn.shopify.com/s/files/1/2636/1928/products/http-52-60-121-34-upload-200050-826945030977-a1c0-c01-compressed_large.jpg?v=1554297587' and @data-src = 'https://cdn.shopify.com/s/files/1/2636/1928/products/http-52-60-121-34-upload-200050-826945030977-a1c0-c01-compressed_large.jpg?v=1554297587' and @alt = '4-Piece 2" Grinder']) = count(//img[@src = 'https://cdn.shopify.com/s/files/1/2636/1928/products/http-52-60-121-34-upload-200050-826945030977-a1c0-c01-compressed_large.jpg?v=1554297587' and @data-src = 'https://cdn.shopify.com/s/files/1/2636/1928/products/http-52-60-121-34-upload-200050-826945030977-a1c0-c01-compressed_large.jpg?v=1554297587' and @alt = '4-Piece 2" Grinder'])]'. Please recheck the objects properties to make sure the desired element is located. 

2019-05-09 12:54:20 - [MESSAGE][FAILED] - Unable to click on object 'Object Repository/More items _OR/Page_Shishkaberry  Ontario Cannabis/img' (Root cause: com.kms.katalon.core.webui.exception.WebElementNotFoundException: Web element with id: 'Object Repository/More items _OR/Page_Shishkaberry  Ontario Cannabis/img' located by 'By.xpath: id("product_1314104248140")/div[@class="product-tile__image"]/a[1]/img[1][count(. | //img[@src = 'https://cdn.shopify.com/s/files/1/2636/1928/products/http-52-60-121-34-upload-200050-826945030977-a1c0-c01-compressed_large.jpg?v=1554297587' and @data-src = 'https://cdn.shopify.com/s/files/1/2636/1928/products/http-52-60-121-34-upload-200050-826945030977-a1c0-c01-compressed_large.jpg?v=1554297587' and @alt = '4-Piece 2" Grinder']) = count(//img[@src = 'https://cdn.shopify.com/s/files/1/2636/1928/products/http-52-60-121-34-upload-200050-826945030977-a1c0-c01-compressed_large.jpg?v=1554297587' and @data-src = 'https://cdn.shopify.com/s/files/1/2636/1928/products/http-52-60-121-34-upload-200050-826945030977-a1c0-c01-compressed_large.jpg?v=1554297587' and @alt = '4-Piece 2" Grinder'])]' not found)
[[ATTACHMENT|/Users/sumankompelly/git/Sample-OCS/Reports/OCS-09-05-2019 - Theme2/PRODUCT PAGE- 09-05-2019/20190509_125056/1557420860437.png]]

2019-05-09 12:54:20 - [MESSAGE][FAILED] - click(findTestObject("More items _OR/Page_Shishkaberry  Ontario Cannabis/img"), STOP_ON_FAILURE) FAILED.
Reason:
com.kms.katalon.core.exception.StepFailedException: Unable to click on object 'Object Repository/More items _OR/Page_Shishkaberry  Ontario Cannabis/img' (Root cause: com.kms.katalon.core.webui.exception.WebElementNotFoundException: Web element with id: 'Object Repository/More items _OR/Page_Shishkaberry  Ontario Cannabis/img' located by 'By.xpath: id("product_1314104248140")/div[@class="product-tile__image"]/a[1]/img[1][count(. | //img[@src = 'https://cdn.shopify.com/s/files/1/2636/1928/products/http-52-60-121-34-upload-200050-826945030977-a1c0-c01-compressed_large.jpg?v=1554297587' and @data-src = 'https://cdn.shopify.com/s/files/1/2636/1928/products/http-52-60-121-34-upload-200050-826945030977-a1c0-c01-compressed_large.jpg?v=1554297587' and @alt = '4-Piece 2" Grinder']) = count(//img[@src = 'https://cdn.shopify.com/s/files/1/2636/1928/products/http-52-60-121-34-upload-200050-826945030977-a1c0-c01-compressed_large.jpg?v=1554297587' and @data-src = 'https://cdn.shopify.com/s/files/1/2636/1928/products/http-52-60-121-34-upload-200050-826945030977-a1c0-c01-compressed_large.jpg?v=1554297587' and @alt = '4-Piece 2" Grinder'])]' not found)
	at com.kms.katalon.core.keyword.internal.KeywordMain.stepFailed(KeywordMain.groovy:36)
	at com.kms.katalon.core.webui.keyword.internal.WebUIKeywordMain.stepFailed(WebUIKeywordMain.groovy:65)
	at com.kms.katalon.core.webui.keyword.internal.WebUIKeywordMain.runKeyword(WebUIKeywordMain.groovy:27)
	at com.kms.katalon.core.webui.keyword.builtin.ClickKeyword.click(ClickKeyword.groovy:86)
	at com.kms.katalon.core.webui.keyword.builtin.ClickKeyword.execute(ClickKeyword.groovy:67)
	at com.kms.katalon.core.keyword.internal.KeywordExecutor.executeKeywordForPlatform(KeywordExecutor.groovy:53)
	at com.kms.katalon.core.webui.keyword.WebUiBuiltInKeywords.click(WebUiBuiltInKeywords.groovy:604)
	at com.kms.katalon.core.webui.keyword.WebUiBuiltInKeywords$click$11.call(Unknown Source)
	at Moreitems to consider.run(Moreitems to consider:85)
	at com.kms.katalon.core.main.ScriptEngine.run(ScriptEngine.java:194)
	at com.kms.katalon.core.main.ScriptEngine.runScriptAsRawText(ScriptEngine.java:119)
	at com.kms.katalon.core.main.TestCaseExecutor.runScript(TestCaseExecutor.java:328)
	at com.kms.katalon.core.main.TestCaseExecutor.doExecute(TestCaseExecutor.java:319)
	at com.kms.katalon.core.main.TestCaseExecutor.processExecutionPhase(TestCaseExecutor.java:298)
	at com.kms.katalon.core.main.TestCaseExecutor.accessMainPhase(TestCaseExecutor.java:290)
	at com.kms.katalon.core.main.TestCaseExecutor.execute(TestCaseExecutor.java:224)
	at com.kms.katalon.core.main.TestSuiteExecutor.accessTestCaseMainPhase(TestSuiteExecutor.java:129)
	at com.kms.katalon.core.main.TestSuiteExecutor.accessTestSuiteMainPhase(TestSuiteExecutor.java:112)
	at com.kms.katalon.core.main.TestSuiteExecutor.execute(TestSuiteExecutor.java:81)
	at com.kms.katalon.core.main.TestCaseMain.startTestSuite(TestCaseMain.java:149)
	at com.kms.katalon.core.main.TestCaseMain$startTestSuite$0.call(Unknown Source)
	at TempTestSuite1557420656924.run(TempTestSuite1557420656924.groovy:36)]]></system-out>
         <system-err><![CDATA[2019-05-09 12:53:02 - [TEST_CASE][FAILED] - Test Cases/OCS- PRODUCT PAGE/Moreitems to consider: Test Cases/OCS- PRODUCT PAGE/Moreitems to consider FAILED.
Reason:
com.kms.katalon.core.exception.StepFailedException: Unable to click on object 'Object Repository/More items _OR/Page_Shishkaberry  Ontario Cannabis/img' (Root cause: com.kms.katalon.core.webui.exception.WebElementNotFoundException: Web element with id: 'Object Repository/More items _OR/Page_Shishkaberry  Ontario Cannabis/img' located by 'By.xpath: id("product_1314104248140")/div[@class="product-tile__image"]/a[1]/img[1][count(. | //img[@src = 'https://cdn.shopify.com/s/files/1/2636/1928/products/http-52-60-121-34-upload-200050-826945030977-a1c0-c01-compressed_large.jpg?v=1554297587' and @data-src = 'https://cdn.shopify.com/s/files/1/2636/1928/products/http-52-60-121-34-upload-200050-826945030977-a1c0-c01-compressed_large.jpg?v=1554297587' and @alt = '4-Piece 2" Grinder']) = count(//img[@src = 'https://cdn.shopify.com/s/files/1/2636/1928/products/http-52-60-121-34-upload-200050-826945030977-a1c0-c01-compressed_large.jpg?v=1554297587' and @data-src = 'https://cdn.shopify.com/s/files/1/2636/1928/products/http-52-60-121-34-upload-200050-826945030977-a1c0-c01-compressed_large.jpg?v=1554297587' and @alt = '4-Piece 2" Grinder'])]' not found)
	at com.kms.katalon.core.keyword.internal.KeywordMain.stepFailed(KeywordMain.groovy:36)
	at com.kms.katalon.core.webui.keyword.internal.WebUIKeywordMain.stepFailed(WebUIKeywordMain.groovy:65)
	at com.kms.katalon.core.webui.keyword.internal.WebUIKeywordMain.runKeyword(WebUIKeywordMain.groovy:27)
	at com.kms.katalon.core.webui.keyword.builtin.ClickKeyword.click(ClickKeyword.groovy:86)
	at com.kms.katalon.core.webui.keyword.builtin.ClickKeyword.execute(ClickKeyword.groovy:67)
	at com.kms.katalon.core.keyword.internal.KeywordExecutor.executeKeywordForPlatform(KeywordExecutor.groovy:53)
	at com.kms.katalon.core.webui.keyword.WebUiBuiltInKeywords.click(WebUiBuiltInKeywords.groovy:604)
	at com.kms.katalon.core.webui.keyword.WebUiBuiltInKeywords$click$11.call(Unknown Source)
	at Moreitems to consider.run(Moreitems to consider:85)
	at com.kms.katalon.core.main.ScriptEngine.run(ScriptEngine.java:194)
	at com.kms.katalon.core.main.ScriptEngine.runScriptAsRawText(ScriptEngine.java:119)
	at com.kms.katalon.core.main.TestCaseExecutor.runScript(TestCaseExecutor.java:328)
	at com.kms.katalon.core.main.TestCaseExecutor.doExecute(TestCaseExecutor.java:319)
	at com.kms.katalon.core.main.TestCaseExecutor.processExecutionPhase(TestCaseExecutor.java:298)
	at com.kms.katalon.core.main.TestCaseExecutor.accessMainPhase(TestCaseExecutor.java:290)
	at com.kms.katalon.core.main.TestCaseExecutor.execute(TestCaseExecutor.java:224)
	at com.kms.katalon.core.main.TestSuiteExecutor.accessTestCaseMainPhase(TestSuiteExecutor.java:129)
	at com.kms.katalon.core.main.TestSuiteExecutor.accessTestSuiteMainPhase(TestSuiteExecutor.java:112)
	at com.kms.katalon.core.main.TestSuiteExecutor.execute(TestSuiteExecutor.java:81)
	at com.kms.katalon.core.main.TestCaseMain.startTestSuite(TestCaseMain.java:149)
	at com.kms.katalon.core.main.TestCaseMain$startTestSuite$0.call(Unknown Source)
	at TempTestSuite1557420656924.run(TempTestSuite1557420656924.groovy:36)]]></system-err>
      </testcase>
      <testcase name="Test Cases/OCS- PRODUCT PAGE/Price" classname="Test Cases/OCS- PRODUCT PAGE/Price" status="PASSED">
         <system-out><![CDATA[2019-05-09 12:54:20 - [TEST_CASE][PASSED] - Test Cases/OCS- PRODUCT PAGE/Price: Test Cases/OCS- PRODUCT PAGE/Price

2019-05-09 12:54:20 - [TEST_STEP][PASSED] - openBrowser(""): Browser is opened with url: ''

2019-05-09 12:54:20 - [MESSAGE][WARNING] - A browser is already opened. Closing browser and opening a new one

2019-05-09 12:54:21 - [MESSAGE][INFO] - Starting 'Firefox' driver

2019-05-09 12:54:23 - [MESSAGE][PASSED] - Browser is opened with url: ''

2019-05-09 12:54:23 - [TEST_STEP][PASSED] - navigateToUrl("https://ocs.ca/?fts=0&preview_theme_id=53373863756"): Navigate to 'https://ocs.ca/?fts=0&preview_theme_id=53373863756' successfully

2019-05-09 12:54:32 - [MESSAGE][PASSED] - Navigate to 'https://ocs.ca/?fts=0&preview_theme_id=53373863756' successfully

2019-05-09 12:54:32 - [TEST_STEP][PASSED] - click(findTestObject("Object Repository/Theme_oR/Page_Ontario Cannabis Store  Ontari/button_Close preview")): Object: 'Object Repository/Theme_oR/Page_Ontario Cannabis Store  Ontari/button_Close preview' is clicked on

2019-05-09 12:54:33 - [MESSAGE][PASSED] - Object: 'Object Repository/Theme_oR/Page_Ontario Cannabis Store  Ontari/button_Close preview' is clicked on

2019-05-09 12:54:33 - [TEST_STEP][PASSED] - maximizeWindow(): Current window maximized

2019-05-09 12:54:34 - [MESSAGE][PASSED] - Current window maximized

2019-05-09 12:54:34 - [TEST_STEP][PASSED] - selectOptionByValue(findTestObject("Object Repository/PROD-breadcrumb_OR/Page_Ontario Cannabis Store  Ontari/select_Select01020304050607080"), "1", true): All options with value '1' are selected in object 'Object Repository/PROD-breadcrumb_OR/Page_Ontario Cannabis Store  Ontari/select_Select01020304050607080'  using regular expression

2019-05-09 12:54:35 - [MESSAGE][PASSED] - All options with value '1' are selected in object 'Object Repository/PROD-breadcrumb_OR/Page_Ontario Cannabis Store  Ontari/select_Select01020304050607080'  using regular expression

2019-05-09 12:54:35 - [TEST_STEP][PASSED] - selectOptionByValue(findTestObject("Object Repository/PROD-breadcrumb_OR/Page_Ontario Cannabis Store  Ontari/select_SelectJanuary - 01Febru"), "0", true): All options with value '0' are selected in object 'Object Repository/PROD-breadcrumb_OR/Page_Ontario Cannabis Store  Ontari/select_SelectJanuary - 01Febru'  using regular expression

2019-05-09 12:54:35 - [MESSAGE][PASSED] - All options with value '0' are selected in object 'Object Repository/PROD-breadcrumb_OR/Page_Ontario Cannabis Store  Ontari/select_SelectJanuary - 01Febru'  using regular expression

2019-05-09 12:54:35 - [TEST_STEP][PASSED] - selectOptionByValue(findTestObject("Object Repository/PROD-breadcrumb_OR/Page_Ontario Cannabis Store  Ontari/select_Select20182017201620152"), "1968", true): All options with value '1968' are selected in object 'Object Repository/PROD-breadcrumb_OR/Page_Ontario Cannabis Store  Ontari/select_Select20182017201620152'  using regular expression

2019-05-09 12:54:37 - [MESSAGE][PASSED] - All options with value '1968' are selected in object 'Object Repository/PROD-breadcrumb_OR/Page_Ontario Cannabis Store  Ontari/select_Select20182017201620152'  using regular expression

2019-05-09 12:54:37 - [TEST_STEP][PASSED] - click(findTestObject("Object Repository/PROD-breadcrumb_OR/Page_Ontario Cannabis Store  Ontari/button_Verify")): Object: 'Object Repository/PROD-breadcrumb_OR/Page_Ontario Cannabis Store  Ontari/button_Verify' is clicked on

2019-05-09 12:54:37 - [MESSAGE][PASSED] - Object: 'Object Repository/PROD-breadcrumb_OR/Page_Ontario Cannabis Store  Ontari/button_Verify' is clicked on

2019-05-09 12:54:37 - [TEST_STEP][PASSED] - click(findTestObject("Object Repository/PROD-breadcrumb_OR/Page_Ontario Cannabis Store  Ontari/span_CONFIRM AND ACKNOWLEDGE_c")): Object: 'Object Repository/PROD-breadcrumb_OR/Page_Ontario Cannabis Store  Ontari/span_CONFIRM AND ACKNOWLEDGE_c' is clicked on

2019-05-09 12:54:38 - [MESSAGE][PASSED] - Object: 'Object Repository/PROD-breadcrumb_OR/Page_Ontario Cannabis Store  Ontari/span_CONFIRM AND ACKNOWLEDGE_c' is clicked on

2019-05-09 12:54:38 - [TEST_STEP][PASSED] - click(findTestObject("Object Repository/PROD-breadcrumb_OR/Page_Ontario Cannabis Store  Ontari/button_CONFIRM")): Object: 'Object Repository/PROD-breadcrumb_OR/Page_Ontario Cannabis Store  Ontari/button_CONFIRM' is clicked on

2019-05-09 12:54:38 - [MESSAGE][PASSED] - Object: 'Object Repository/PROD-breadcrumb_OR/Page_Ontario Cannabis Store  Ontari/button_CONFIRM' is clicked on

2019-05-09 12:54:38 - [TEST_STEP][PASSED] - click(findTestObject("Object Repository/PROD-breadcrumb_OR/Page_Ontario Cannabis Store  Ontari/button_Start Browsing")): Object: 'Object Repository/PROD-breadcrumb_OR/Page_Ontario Cannabis Store  Ontari/button_Start Browsing' is clicked on

2019-05-09 12:54:38 - [MESSAGE][PASSED] - Object: 'Object Repository/PROD-breadcrumb_OR/Page_Ontario Cannabis Store  Ontari/button_Start Browsing' is clicked on

2019-05-09 12:54:38 - [TEST_STEP][NOT_RUN] - mouseOver(findTestObject("PROD-breadcrumb_OR/Page_Ontario Cannabis Store  Ontari/h3_Cannabis")): NOT_RUN: mouseOver(findTestObject("PROD-breadcrumb_OR/Page_Ontario Cannabis Store  Ontari/h3_Cannabis"))

2019-05-09 12:54:38 - [MESSAGE][NOT_RUN] - NOT_RUN: mouseOver(findTestObject("PROD-breadcrumb_OR/Page_Ontario Cannabis Store  Ontari/h3_Cannabis"))

2019-05-09 12:54:38 - [TEST_STEP][PASSED] - mouseOver(findTestObject("OCS_CRITICAL PATH/cart flyout- price/Page_Ontario Cannabis Store  Ontari/h3_Cannabis")): Object: 'Object Repository/OCS_CRITICAL PATH/cart flyout- price/Page_Ontario Cannabis Store  Ontari/h3_Cannabis' is hovered

2019-05-09 12:54:38 - [MESSAGE][PASSED] - Object: 'Object Repository/OCS_CRITICAL PATH/cart flyout- price/Page_Ontario Cannabis Store  Ontari/h3_Cannabis' is hovered

2019-05-09 12:54:38 - [TEST_STEP][PASSED] - click(findTestObject("PROD-breadcrumb_OR/Page_Ontario Cannabis Store  Ontari/span_Indica Dominant")): Object: 'Object Repository/PROD-breadcrumb_OR/Page_Ontario Cannabis Store  Ontari/span_Indica Dominant' is clicked on

2019-05-09 12:54:40 - [MESSAGE][PASSED] - Object: 'Object Repository/PROD-breadcrumb_OR/Page_Ontario Cannabis Store  Ontari/span_Indica Dominant' is clicked on

2019-05-09 12:54:40 - [TEST_STEP][PASSED] - delay(3): Delayed 3 second(s)

2019-05-09 12:54:43 - [MESSAGE][PASSED] - Delayed 3 second(s)

2019-05-09 12:54:43 - [TEST_STEP][PASSED] - click(findTestObject("PROD-breadcrumb_OR/Page_Indica Dominant Dried Flower/h3_Shishkaberry")): Object: 'Object Repository/PROD-breadcrumb_OR/Page_Indica Dominant Dried Flower/h3_Shishkaberry' is clicked on

2019-05-09 12:54:44 - [MESSAGE][PASSED] - Object: 'Object Repository/PROD-breadcrumb_OR/Page_Indica Dominant Dried Flower/h3_Shishkaberry' is clicked on

2019-05-09 12:54:44 - [TEST_STEP][NOT_RUN] - click(findTestObject("PROD-breadcrumb_OR/Page_Shishkaberry  Ontario Cannabis/a_Shishkaberry")): NOT_RUN: click(findTestObject("PROD-breadcrumb_OR/Page_Shishkaberry  Ontario Cannabis/a_Shishkaberry"))

2019-05-09 12:54:44 - [MESSAGE][NOT_RUN] - NOT_RUN: click(findTestObject("PROD-breadcrumb_OR/Page_Shishkaberry  Ontario Cannabis/a_Shishkaberry"))

2019-05-09 12:54:44 - [TEST_STEP][NOT_RUN] - click(findTestObject("Object Repository/PROD-breadcrumb_OR/Page_Shishkaberry  Ontario Cannabis/a_Dried Flower")): NOT_RUN: click(findTestObject("Object Repository/PROD-breadcrumb_OR/Page_Shishkaberry  Ontario Cannabis/a_Dried Flower"))

2019-05-09 12:54:44 - [MESSAGE][NOT_RUN] - NOT_RUN: click(findTestObject("Object Repository/PROD-breadcrumb_OR/Page_Shishkaberry  Ontario Cannabis/a_Dried Flower"))

2019-05-09 12:54:44 - [TEST_STEP][NOT_RUN] - click(findTestObject("Object Repository/PROD-breadcrumb_OR/Page_Dried Flower  Ontario Cannabis/a_Cannabis")): NOT_RUN: click(findTestObject("Object Repository/PROD-breadcrumb_OR/Page_Dried Flower  Ontario Cannabis/a_Cannabis"))

2019-05-09 12:54:44 - [MESSAGE][NOT_RUN] - NOT_RUN: click(findTestObject("Object Repository/PROD-breadcrumb_OR/Page_Dried Flower  Ontario Cannabis/a_Cannabis"))

2019-05-09 12:54:44 - [TEST_STEP][NOT_RUN] - click(findTestObject("Object Repository/PROD-breadcrumb_OR/Page_All Cannabis Products  Ontario/a_Home")): NOT_RUN: click(findTestObject("Object Repository/PROD-breadcrumb_OR/Page_All Cannabis Products  Ontario/a_Home"))

2019-05-09 12:54:44 - [MESSAGE][NOT_RUN] - NOT_RUN: click(findTestObject("Object Repository/PROD-breadcrumb_OR/Page_All Cannabis Products  Ontario/a_Home"))

2019-05-09 12:54:44 - [TEST_STEP][PASSED] - click(findTestObject("price_OR/Page_Shishkaberry  Ontario Cannabis/label_1g")): Object: 'Object Repository/price_OR/Page_Shishkaberry  Ontario Cannabis/label_1g' is clicked on

2019-05-09 12:54:45 - [MESSAGE][PASSED] - Object: 'Object Repository/price_OR/Page_Shishkaberry  Ontario Cannabis/label_1g' is clicked on

2019-05-09 12:54:45 - [TEST_STEP][PASSED] - click(findTestObject("price_OR/Page_Shishkaberry  Ontario Cannabis/label_3.5g")): Object: 'Object Repository/price_OR/Page_Shishkaberry  Ontario Cannabis/label_3.5g' is clicked on

2019-05-09 12:54:45 - [MESSAGE][PASSED] - Object: 'Object Repository/price_OR/Page_Shishkaberry  Ontario Cannabis/label_3.5g' is clicked on

2019-05-09 12:54:45 - [TEST_STEP][PASSED] - a = getText(findTestObject("price_OR/Page_Shishkaberry  Ontario Cannabis/span_9.75")): Text of object 'Object Repository/price_OR/Page_Shishkaberry  Ontario Cannabis/span_9.75' is: '$9.75'

2019-05-09 12:54:45 - [MESSAGE][PASSED] - Text of object 'Object Repository/price_OR/Page_Shishkaberry  Ontario Cannabis/span_9.75' is: '$9.75'

2019-05-09 12:54:45 - [TEST_STEP][PASSED] - comment("a =" + a): a =$9.75

2019-05-09 12:54:45 - [MESSAGE][INFO] - a =$9.75

2019-05-09 12:54:45 - [TEST_STEP][PASSED] - b = a.substring(1): null

2019-05-09 12:54:45 - [TEST_STEP][PASSED] - comment("b =" + b): b =9.75

2019-05-09 12:54:45 - [MESSAGE][INFO] - b =9.75

2019-05-09 12:54:45 - [TEST_STEP][PASSED] - c = getText(findTestObject("price_OR/Page_Shishkaberry  Ontario Cannabis/span_32.40"), STOP_ON_FAILURE): Text of object 'Object Repository/price_OR/Page_Shishkaberry  Ontario Cannabis/span_32.40' is: '$32.40'

2019-05-09 12:54:45 - [MESSAGE][PASSED] - Text of object 'Object Repository/price_OR/Page_Shishkaberry  Ontario Cannabis/span_32.40' is: '$32.40'

2019-05-09 12:54:45 - [TEST_STEP][PASSED] - comment("c =" + c): c =$32.40

2019-05-09 12:54:45 - [MESSAGE][INFO] - c =$32.40

2019-05-09 12:54:45 - [TEST_STEP][PASSED] - d = c.substring(1): null

2019-05-09 12:54:45 - [TEST_STEP][PASSED] - comment("d =" + d): d =32.40

2019-05-09 12:54:45 - [MESSAGE][INFO] - d =32.40

2019-05-09 12:54:45 - [TEST_STEP][PASSED] - closeBrowser(): Browser is closed

2019-05-09 12:54:46 - [MESSAGE][PASSED] - Browser is closed]]></system-out>
         <system-err><![CDATA[]]></system-err>
      </testcase>
      <testcase name="Test Cases/OCS- PRODUCT PAGE/Recently viewed" classname="Test Cases/OCS- PRODUCT PAGE/Recently viewed" status="FAILED">
         <failure type="FAILED" message="Test Cases/OCS- PRODUCT PAGE/Recently viewed FAILED.
Reason:
com.kms.katalon.core.exception.StepFailedException: Unable to click on object 'Object Repository/Recently viewed_OR/Page_Shishkaberry  Ontario Cannabis/img' (Root cause: com.kms.katalon.core.webui.exception.WebElementNotFoundException: Web element with id: 'Object Repository/Recently viewed_OR/Page_Shishkaberry  Ontario Cannabis/img' located by 'By.xpath: id(&quot;product_1314098120524&quot;)/div[@class=&quot;product-tile__image&quot;]/a[1]/img[1][count(. | //img[@src = '//cdn.shopify.com/s/files/1/2636/1928/products/http-52-60-121-34-upload-100228-00628242241021-m1c0-en_480x.png?v=1554750766' and @alt = 'Shishkaberry']) = count(//img[@src = '//cdn.shopify.com/s/files/1/2636/1928/products/http-52-60-121-34-upload-100228-00628242241021-m1c0-en_480x.png?v=1554750766' and @alt = 'Shishkaberry'])]' not found)
	at com.kms.katalon.core.keyword.internal.KeywordMain.stepFailed(KeywordMain.groovy:36)
	at com.kms.katalon.core.webui.keyword.internal.WebUIKeywordMain.stepFailed(WebUIKeywordMain.groovy:65)
	at com.kms.katalon.core.webui.keyword.internal.WebUIKeywordMain.runKeyword(WebUIKeywordMain.groovy:27)
	at com.kms.katalon.core.webui.keyword.builtin.ClickKeyword.click(ClickKeyword.groovy:86)
	at com.kms.katalon.core.webui.keyword.builtin.ClickKeyword.execute(ClickKeyword.groovy:67)
	at com.kms.katalon.core.keyword.internal.KeywordExecutor.executeKeywordForPlatform(KeywordExecutor.groovy:53)
	at com.kms.katalon.core.webui.keyword.WebUiBuiltInKeywords.click(WebUiBuiltInKeywords.groovy:616)
	at com.kms.katalon.core.webui.keyword.WebUiBuiltInKeywords$click$1.call(Unknown Source)
	at Recently viewed.run(Recently viewed:55)
	at com.kms.katalon.core.main.ScriptEngine.run(ScriptEngine.java:194)
	at com.kms.katalon.core.main.ScriptEngine.runScriptAsRawText(ScriptEngine.java:119)
	at com.kms.katalon.core.main.TestCaseExecutor.runScript(TestCaseExecutor.java:328)
	at com.kms.katalon.core.main.TestCaseExecutor.doExecute(TestCaseExecutor.java:319)
	at com.kms.katalon.core.main.TestCaseExecutor.processExecutionPhase(TestCaseExecutor.java:298)
	at com.kms.katalon.core.main.TestCaseExecutor.accessMainPhase(TestCaseExecutor.java:290)
	at com.kms.katalon.core.main.TestCaseExecutor.execute(TestCaseExecutor.java:224)
	at com.kms.katalon.core.main.TestSuiteExecutor.accessTestCaseMainPhase(TestSuiteExecutor.java:129)
	at com.kms.katalon.core.main.TestSuiteExecutor.accessTestSuiteMainPhase(TestSuiteExecutor.java:112)
	at com.kms.katalon.core.main.TestSuiteExecutor.execute(TestSuiteExecutor.java:81)
	at com.kms.katalon.core.main.TestCaseMain.startTestSuite(TestCaseMain.java:149)
	at com.kms.katalon.core.main.TestCaseMain$startTestSuite$0.call(Unknown Source)
	at TempTestSuite1557420656924.run(TempTestSuite1557420656924.groovy:36)
"/>
         <system-out><![CDATA[2019-05-09 12:54:46 - [TEST_CASE][FAILED] - Test Cases/OCS- PRODUCT PAGE/Recently viewed: Test Cases/OCS- PRODUCT PAGE/Recently viewed FAILED.
Reason:
com.kms.katalon.core.exception.StepFailedException: Unable to click on object 'Object Repository/Recently viewed_OR/Page_Shishkaberry  Ontario Cannabis/img' (Root cause: com.kms.katalon.core.webui.exception.WebElementNotFoundException: Web element with id: 'Object Repository/Recently viewed_OR/Page_Shishkaberry  Ontario Cannabis/img' located by 'By.xpath: id("product_1314098120524")/div[@class="product-tile__image"]/a[1]/img[1][count(. | //img[@src = '//cdn.shopify.com/s/files/1/2636/1928/products/http-52-60-121-34-upload-100228-00628242241021-m1c0-en_480x.png?v=1554750766' and @alt = 'Shishkaberry']) = count(//img[@src = '//cdn.shopify.com/s/files/1/2636/1928/products/http-52-60-121-34-upload-100228-00628242241021-m1c0-en_480x.png?v=1554750766' and @alt = 'Shishkaberry'])]' not found)
	at com.kms.katalon.core.keyword.internal.KeywordMain.stepFailed(KeywordMain.groovy:36)
	at com.kms.katalon.core.webui.keyword.internal.WebUIKeywordMain.stepFailed(WebUIKeywordMain.groovy:65)
	at com.kms.katalon.core.webui.keyword.internal.WebUIKeywordMain.runKeyword(WebUIKeywordMain.groovy:27)
	at com.kms.katalon.core.webui.keyword.builtin.ClickKeyword.click(ClickKeyword.groovy:86)
	at com.kms.katalon.core.webui.keyword.builtin.ClickKeyword.execute(ClickKeyword.groovy:67)
	at com.kms.katalon.core.keyword.internal.KeywordExecutor.executeKeywordForPlatform(KeywordExecutor.groovy:53)
	at com.kms.katalon.core.webui.keyword.WebUiBuiltInKeywords.click(WebUiBuiltInKeywords.groovy:616)
	at com.kms.katalon.core.webui.keyword.WebUiBuiltInKeywords$click$1.call(Unknown Source)
	at Recently viewed.run(Recently viewed:55)
	at com.kms.katalon.core.main.ScriptEngine.run(ScriptEngine.java:194)
	at com.kms.katalon.core.main.ScriptEngine.runScriptAsRawText(ScriptEngine.java:119)
	at com.kms.katalon.core.main.TestCaseExecutor.runScript(TestCaseExecutor.java:328)
	at com.kms.katalon.core.main.TestCaseExecutor.doExecute(TestCaseExecutor.java:319)
	at com.kms.katalon.core.main.TestCaseExecutor.processExecutionPhase(TestCaseExecutor.java:298)
	at com.kms.katalon.core.main.TestCaseExecutor.accessMainPhase(TestCaseExecutor.java:290)
	at com.kms.katalon.core.main.TestCaseExecutor.execute(TestCaseExecutor.java:224)
	at com.kms.katalon.core.main.TestSuiteExecutor.accessTestCaseMainPhase(TestSuiteExecutor.java:129)
	at com.kms.katalon.core.main.TestSuiteExecutor.accessTestSuiteMainPhase(TestSuiteExecutor.java:112)
	at com.kms.katalon.core.main.TestSuiteExecutor.execute(TestSuiteExecutor.java:81)
	at com.kms.katalon.core.main.TestCaseMain.startTestSuite(TestCaseMain.java:149)
	at com.kms.katalon.core.main.TestCaseMain$startTestSuite$0.call(Unknown Source)
	at TempTestSuite1557420656924.run(TempTestSuite1557420656924.groovy:36)


2019-05-09 12:54:46 - [TEST_STEP][PASSED] - openBrowser(""): Browser is opened with url: ''

2019-05-09 12:54:46 - [MESSAGE][INFO] - Starting 'Firefox' driver

2019-05-09 12:54:48 - [MESSAGE][PASSED] - Browser is opened with url: ''

2019-05-09 12:54:48 - [TEST_STEP][PASSED] - navigateToUrl("https://ocs.ca/?fts=0&preview_theme_id=53373863756"): Navigate to 'https://ocs.ca/?fts=0&preview_theme_id=53373863756' successfully

2019-05-09 12:54:55 - [MESSAGE][PASSED] - Navigate to 'https://ocs.ca/?fts=0&preview_theme_id=53373863756' successfully

2019-05-09 12:54:55 - [TEST_STEP][PASSED] - click(findTestObject("Object Repository/Theme_oR/Page_Ontario Cannabis Store  Ontari/button_Close preview")): Object: 'Object Repository/Theme_oR/Page_Ontario Cannabis Store  Ontari/button_Close preview' is clicked on

2019-05-09 12:54:56 - [MESSAGE][PASSED] - Object: 'Object Repository/Theme_oR/Page_Ontario Cannabis Store  Ontari/button_Close preview' is clicked on

2019-05-09 12:54:56 - [TEST_STEP][PASSED] - maximizeWindow(): Current window maximized

2019-05-09 12:54:56 - [MESSAGE][PASSED] - Current window maximized

2019-05-09 12:54:56 - [TEST_STEP][PASSED] - selectOptionByValue(findTestObject("Object Repository/Recently viewed_OR/Page_Ontario Cannabis Store  Ontari/select_Select01020304050607080"), "18", true): All options with value '18' are selected in object 'Object Repository/Recently viewed_OR/Page_Ontario Cannabis Store  Ontari/select_Select01020304050607080'  using regular expression

2019-05-09 12:54:58 - [MESSAGE][PASSED] - All options with value '18' are selected in object 'Object Repository/Recently viewed_OR/Page_Ontario Cannabis Store  Ontari/select_Select01020304050607080'  using regular expression

2019-05-09 12:54:58 - [TEST_STEP][PASSED] - selectOptionByValue(findTestObject("Object Repository/Recently viewed_OR/Page_Ontario Cannabis Store  Ontari/select_SelectJanuary - 01Febru"), "9", true): All options with value '9' are selected in object 'Object Repository/Recently viewed_OR/Page_Ontario Cannabis Store  Ontari/select_SelectJanuary - 01Febru'  using regular expression

2019-05-09 12:54:58 - [MESSAGE][PASSED] - All options with value '9' are selected in object 'Object Repository/Recently viewed_OR/Page_Ontario Cannabis Store  Ontari/select_SelectJanuary - 01Febru'  using regular expression

2019-05-09 12:54:58 - [TEST_STEP][PASSED] - selectOptionByValue(findTestObject("Object Repository/Recently viewed_OR/Page_Ontario Cannabis Store  Ontari/select_Select20182017201620152"), "1949", true): All options with value '1949' are selected in object 'Object Repository/Recently viewed_OR/Page_Ontario Cannabis Store  Ontari/select_Select20182017201620152'  using regular expression

2019-05-09 12:55:00 - [MESSAGE][PASSED] - All options with value '1949' are selected in object 'Object Repository/Recently viewed_OR/Page_Ontario Cannabis Store  Ontari/select_Select20182017201620152'  using regular expression

2019-05-09 12:55:00 - [TEST_STEP][PASSED] - click(findTestObject("Object Repository/Recently viewed_OR/Page_Ontario Cannabis Store  Ontari/button_Verify")): Object: 'Object Repository/Recently viewed_OR/Page_Ontario Cannabis Store  Ontari/button_Verify' is clicked on

2019-05-09 12:55:00 - [MESSAGE][PASSED] - Object: 'Object Repository/Recently viewed_OR/Page_Ontario Cannabis Store  Ontari/button_Verify' is clicked on

2019-05-09 12:55:00 - [TEST_STEP][PASSED] - click(findTestObject("Object Repository/Recently viewed_OR/Page_Ontario Cannabis Store  Ontari/span_CONFIRM AND ACKNOWLEDGE_c")): Object: 'Object Repository/Recently viewed_OR/Page_Ontario Cannabis Store  Ontari/span_CONFIRM AND ACKNOWLEDGE_c' is clicked on

2019-05-09 12:55:00 - [MESSAGE][PASSED] - Object: 'Object Repository/Recently viewed_OR/Page_Ontario Cannabis Store  Ontari/span_CONFIRM AND ACKNOWLEDGE_c' is clicked on

2019-05-09 12:55:00 - [TEST_STEP][PASSED] - click(findTestObject("Object Repository/Recently viewed_OR/Page_Ontario Cannabis Store  Ontari/button_CONFIRM")): Object: 'Object Repository/Recently viewed_OR/Page_Ontario Cannabis Store  Ontari/button_CONFIRM' is clicked on

2019-05-09 12:55:01 - [MESSAGE][PASSED] - Object: 'Object Repository/Recently viewed_OR/Page_Ontario Cannabis Store  Ontari/button_CONFIRM' is clicked on

2019-05-09 12:55:01 - [TEST_STEP][PASSED] - click(findTestObject("Object Repository/Recently viewed_OR/Page_Ontario Cannabis Store  Ontari/button_Start Browsing")): Object: 'Object Repository/Recently viewed_OR/Page_Ontario Cannabis Store  Ontari/button_Start Browsing' is clicked on

2019-05-09 12:55:01 - [MESSAGE][PASSED] - Object: 'Object Repository/Recently viewed_OR/Page_Ontario Cannabis Store  Ontari/button_Start Browsing' is clicked on

2019-05-09 12:55:01 - [TEST_STEP][PASSED] - delay(3): Delayed 3 second(s)

2019-05-09 12:55:04 - [MESSAGE][PASSED] - Delayed 3 second(s)

2019-05-09 12:55:04 - [TEST_STEP][NOT_RUN] - click(findTestObject("Object Repository/Recently viewed_OR/Page_Ontario Cannabis Store  Ontari/h3_Cannabis")): NOT_RUN: click(findTestObject("Object Repository/Recently viewed_OR/Page_Ontario Cannabis Store  Ontari/h3_Cannabis"))

2019-05-09 12:55:04 - [MESSAGE][NOT_RUN] - NOT_RUN: click(findTestObject("Object Repository/Recently viewed_OR/Page_Ontario Cannabis Store  Ontari/h3_Cannabis"))

2019-05-09 12:55:04 - [TEST_STEP][PASSED] - mouseOver(findTestObject("OCS_CRITICAL PATH/cart flyout- price/Page_Ontario Cannabis Store  Ontari/h3_Cannabis")): Object: 'Object Repository/OCS_CRITICAL PATH/cart flyout- price/Page_Ontario Cannabis Store  Ontari/h3_Cannabis' is hovered

2019-05-09 12:55:04 - [MESSAGE][PASSED] - Object: 'Object Repository/OCS_CRITICAL PATH/cart flyout- price/Page_Ontario Cannabis Store  Ontari/h3_Cannabis' is hovered

2019-05-09 12:55:04 - [TEST_STEP][PASSED] - delay(3): Delayed 3 second(s)

2019-05-09 12:55:07 - [MESSAGE][PASSED] - Delayed 3 second(s)

2019-05-09 12:55:07 - [TEST_STEP][PASSED] - click(findTestObject("Object Repository/Recently viewed_OR/Page_Ontario Cannabis Store  Ontari/span_Indica Dominant")): Object: 'Object Repository/Recently viewed_OR/Page_Ontario Cannabis Store  Ontari/span_Indica Dominant' is clicked on

2019-05-09 12:55:09 - [MESSAGE][PASSED] - Object: 'Object Repository/Recently viewed_OR/Page_Ontario Cannabis Store  Ontari/span_Indica Dominant' is clicked on

2019-05-09 12:55:09 - [TEST_STEP][PASSED] - delay(3): Delayed 3 second(s)

2019-05-09 12:55:12 - [MESSAGE][PASSED] - Delayed 3 second(s)

2019-05-09 12:55:12 - [TEST_STEP][PASSED] - click(findTestObject("Object Repository/Recently viewed_OR/Page_Indica Dominant Dried Flower/h3_Shishkaberry")): Object: 'Object Repository/Recently viewed_OR/Page_Indica Dominant Dried Flower/h3_Shishkaberry' is clicked on

2019-05-09 12:55:14 - [MESSAGE][PASSED] - Object: 'Object Repository/Recently viewed_OR/Page_Indica Dominant Dried Flower/h3_Shishkaberry' is clicked on

2019-05-09 12:55:14 - [TEST_STEP][FAILED] - click(findTestObject("Object Repository/Recently viewed_OR/Page_Shishkaberry  Ontario Cannabis/img")): click(findTestObject("Object Repository/Recently viewed_OR/Page_Shishkaberry  Ontario Cannabis/img")) FAILED.
Reason:
com.kms.katalon.core.exception.StepFailedException: Unable to click on object 'Object Repository/Recently viewed_OR/Page_Shishkaberry  Ontario Cannabis/img' (Root cause: com.kms.katalon.core.webui.exception.WebElementNotFoundException: Web element with id: 'Object Repository/Recently viewed_OR/Page_Shishkaberry  Ontario Cannabis/img' located by 'By.xpath: id("product_1314098120524")/div[@class="product-tile__image"]/a[1]/img[1][count(. | //img[@src = '//cdn.shopify.com/s/files/1/2636/1928/products/http-52-60-121-34-upload-100228-00628242241021-m1c0-en_480x.png?v=1554750766' and @alt = 'Shishkaberry']) = count(//img[@src = '//cdn.shopify.com/s/files/1/2636/1928/products/http-52-60-121-34-upload-100228-00628242241021-m1c0-en_480x.png?v=1554750766' and @alt = 'Shishkaberry'])]' not found)
	at com.kms.katalon.core.keyword.internal.KeywordMain.stepFailed(KeywordMain.groovy:36)
	at com.kms.katalon.core.webui.keyword.internal.WebUIKeywordMain.stepFailed(WebUIKeywordMain.groovy:65)
	at com.kms.katalon.core.webui.keyword.internal.WebUIKeywordMain.runKeyword(WebUIKeywordMain.groovy:27)
	at com.kms.katalon.core.webui.keyword.builtin.ClickKeyword.click(ClickKeyword.groovy:86)
	at com.kms.katalon.core.webui.keyword.builtin.ClickKeyword.execute(ClickKeyword.groovy:67)
	at com.kms.katalon.core.keyword.internal.KeywordExecutor.executeKeywordForPlatform(KeywordExecutor.groovy:53)
	at com.kms.katalon.core.webui.keyword.WebUiBuiltInKeywords.click(WebUiBuiltInKeywords.groovy:616)
	at com.kms.katalon.core.webui.keyword.WebUiBuiltInKeywords$click$1.call(Unknown Source)
	at Recently viewed.run(Recently viewed:55)
	at com.kms.katalon.core.main.ScriptEngine.run(ScriptEngine.java:194)
	at com.kms.katalon.core.main.ScriptEngine.runScriptAsRawText(ScriptEngine.java:119)
	at com.kms.katalon.core.main.TestCaseExecutor.runScript(TestCaseExecutor.java:328)
	at com.kms.katalon.core.main.TestCaseExecutor.doExecute(TestCaseExecutor.java:319)
	at com.kms.katalon.core.main.TestCaseExecutor.processExecutionPhase(TestCaseExecutor.java:298)
	at com.kms.katalon.core.main.TestCaseExecutor.accessMainPhase(TestCaseExecutor.java:290)
	at com.kms.katalon.core.main.TestCaseExecutor.execute(TestCaseExecutor.java:224)
	at com.kms.katalon.core.main.TestSuiteExecutor.accessTestCaseMainPhase(TestSuiteExecutor.java:129)
	at com.kms.katalon.core.main.TestSuiteExecutor.accessTestSuiteMainPhase(TestSuiteExecutor.java:112)
	at com.kms.katalon.core.main.TestSuiteExecutor.execute(TestSuiteExecutor.java:81)
	at com.kms.katalon.core.main.TestCaseMain.startTestSuite(TestCaseMain.java:149)
	at com.kms.katalon.core.main.TestCaseMain$startTestSuite$0.call(Unknown Source)
	at TempTestSuite1557420656924.run(TempTestSuite1557420656924.groovy:36)


2019-05-09 12:55:45 - [MESSAGE][INFO] - Unable to find the element located by 'By.xpath: id("product_1314098120524")/div[@class="product-tile__image"]/a[1]/img[1][count(. | //img[@src = '//cdn.shopify.com/s/files/1/2636/1928/products/http-52-60-121-34-upload-100228-00628242241021-m1c0-en_480x.png?v=1554750766' and @alt = 'Shishkaberry']) = count(//img[@src = '//cdn.shopify.com/s/files/1/2636/1928/products/http-52-60-121-34-upload-100228-00628242241021-m1c0-en_480x.png?v=1554750766' and @alt = 'Shishkaberry'])]'. Please recheck the objects properties to make sure the desired element is located. 

2019-05-09 12:55:45 - [MESSAGE][FAILED] - Unable to click on object 'Object Repository/Recently viewed_OR/Page_Shishkaberry  Ontario Cannabis/img' (Root cause: com.kms.katalon.core.webui.exception.WebElementNotFoundException: Web element with id: 'Object Repository/Recently viewed_OR/Page_Shishkaberry  Ontario Cannabis/img' located by 'By.xpath: id("product_1314098120524")/div[@class="product-tile__image"]/a[1]/img[1][count(. | //img[@src = '//cdn.shopify.com/s/files/1/2636/1928/products/http-52-60-121-34-upload-100228-00628242241021-m1c0-en_480x.png?v=1554750766' and @alt = 'Shishkaberry']) = count(//img[@src = '//cdn.shopify.com/s/files/1/2636/1928/products/http-52-60-121-34-upload-100228-00628242241021-m1c0-en_480x.png?v=1554750766' and @alt = 'Shishkaberry'])]' not found)
[[ATTACHMENT|/Users/sumankompelly/git/Sample-OCS/Reports/OCS-09-05-2019 - Theme2/PRODUCT PAGE- 09-05-2019/20190509_125056/1557420945136.png]]

2019-05-09 12:55:45 - [MESSAGE][FAILED] - click(findTestObject("Object Repository/Recently viewed_OR/Page_Shishkaberry  Ontario Cannabis/img")) FAILED.
Reason:
com.kms.katalon.core.exception.StepFailedException: Unable to click on object 'Object Repository/Recently viewed_OR/Page_Shishkaberry  Ontario Cannabis/img' (Root cause: com.kms.katalon.core.webui.exception.WebElementNotFoundException: Web element with id: 'Object Repository/Recently viewed_OR/Page_Shishkaberry  Ontario Cannabis/img' located by 'By.xpath: id("product_1314098120524")/div[@class="product-tile__image"]/a[1]/img[1][count(. | //img[@src = '//cdn.shopify.com/s/files/1/2636/1928/products/http-52-60-121-34-upload-100228-00628242241021-m1c0-en_480x.png?v=1554750766' and @alt = 'Shishkaberry']) = count(//img[@src = '//cdn.shopify.com/s/files/1/2636/1928/products/http-52-60-121-34-upload-100228-00628242241021-m1c0-en_480x.png?v=1554750766' and @alt = 'Shishkaberry'])]' not found)
	at com.kms.katalon.core.keyword.internal.KeywordMain.stepFailed(KeywordMain.groovy:36)
	at com.kms.katalon.core.webui.keyword.internal.WebUIKeywordMain.stepFailed(WebUIKeywordMain.groovy:65)
	at com.kms.katalon.core.webui.keyword.internal.WebUIKeywordMain.runKeyword(WebUIKeywordMain.groovy:27)
	at com.kms.katalon.core.webui.keyword.builtin.ClickKeyword.click(ClickKeyword.groovy:86)
	at com.kms.katalon.core.webui.keyword.builtin.ClickKeyword.execute(ClickKeyword.groovy:67)
	at com.kms.katalon.core.keyword.internal.KeywordExecutor.executeKeywordForPlatform(KeywordExecutor.groovy:53)
	at com.kms.katalon.core.webui.keyword.WebUiBuiltInKeywords.click(WebUiBuiltInKeywords.groovy:616)
	at com.kms.katalon.core.webui.keyword.WebUiBuiltInKeywords$click$1.call(Unknown Source)
	at Recently viewed.run(Recently viewed:55)
	at com.kms.katalon.core.main.ScriptEngine.run(ScriptEngine.java:194)
	at com.kms.katalon.core.main.ScriptEngine.runScriptAsRawText(ScriptEngine.java:119)
	at com.kms.katalon.core.main.TestCaseExecutor.runScript(TestCaseExecutor.java:328)
	at com.kms.katalon.core.main.TestCaseExecutor.doExecute(TestCaseExecutor.java:319)
	at com.kms.katalon.core.main.TestCaseExecutor.processExecutionPhase(TestCaseExecutor.java:298)
	at com.kms.katalon.core.main.TestCaseExecutor.accessMainPhase(TestCaseExecutor.java:290)
	at com.kms.katalon.core.main.TestCaseExecutor.execute(TestCaseExecutor.java:224)
	at com.kms.katalon.core.main.TestSuiteExecutor.accessTestCaseMainPhase(TestSuiteExecutor.java:129)
	at com.kms.katalon.core.main.TestSuiteExecutor.accessTestSuiteMainPhase(TestSuiteExecutor.java:112)
	at com.kms.katalon.core.main.TestSuiteExecutor.execute(TestSuiteExecutor.java:81)
	at com.kms.katalon.core.main.TestCaseMain.startTestSuite(TestCaseMain.java:149)
	at com.kms.katalon.core.main.TestCaseMain$startTestSuite$0.call(Unknown Source)
	at TempTestSuite1557420656924.run(TempTestSuite1557420656924.groovy:36)]]></system-out>
         <system-err><![CDATA[2019-05-09 12:54:46 - [TEST_CASE][FAILED] - Test Cases/OCS- PRODUCT PAGE/Recently viewed: Test Cases/OCS- PRODUCT PAGE/Recently viewed FAILED.
Reason:
com.kms.katalon.core.exception.StepFailedException: Unable to click on object 'Object Repository/Recently viewed_OR/Page_Shishkaberry  Ontario Cannabis/img' (Root cause: com.kms.katalon.core.webui.exception.WebElementNotFoundException: Web element with id: 'Object Repository/Recently viewed_OR/Page_Shishkaberry  Ontario Cannabis/img' located by 'By.xpath: id("product_1314098120524")/div[@class="product-tile__image"]/a[1]/img[1][count(. | //img[@src = '//cdn.shopify.com/s/files/1/2636/1928/products/http-52-60-121-34-upload-100228-00628242241021-m1c0-en_480x.png?v=1554750766' and @alt = 'Shishkaberry']) = count(//img[@src = '//cdn.shopify.com/s/files/1/2636/1928/products/http-52-60-121-34-upload-100228-00628242241021-m1c0-en_480x.png?v=1554750766' and @alt = 'Shishkaberry'])]' not found)
	at com.kms.katalon.core.keyword.internal.KeywordMain.stepFailed(KeywordMain.groovy:36)
	at com.kms.katalon.core.webui.keyword.internal.WebUIKeywordMain.stepFailed(WebUIKeywordMain.groovy:65)
	at com.kms.katalon.core.webui.keyword.internal.WebUIKeywordMain.runKeyword(WebUIKeywordMain.groovy:27)
	at com.kms.katalon.core.webui.keyword.builtin.ClickKeyword.click(ClickKeyword.groovy:86)
	at com.kms.katalon.core.webui.keyword.builtin.ClickKeyword.execute(ClickKeyword.groovy:67)
	at com.kms.katalon.core.keyword.internal.KeywordExecutor.executeKeywordForPlatform(KeywordExecutor.groovy:53)
	at com.kms.katalon.core.webui.keyword.WebUiBuiltInKeywords.click(WebUiBuiltInKeywords.groovy:616)
	at com.kms.katalon.core.webui.keyword.WebUiBuiltInKeywords$click$1.call(Unknown Source)
	at Recently viewed.run(Recently viewed:55)
	at com.kms.katalon.core.main.ScriptEngine.run(ScriptEngine.java:194)
	at com.kms.katalon.core.main.ScriptEngine.runScriptAsRawText(ScriptEngine.java:119)
	at com.kms.katalon.core.main.TestCaseExecutor.runScript(TestCaseExecutor.java:328)
	at com.kms.katalon.core.main.TestCaseExecutor.doExecute(TestCaseExecutor.java:319)
	at com.kms.katalon.core.main.TestCaseExecutor.processExecutionPhase(TestCaseExecutor.java:298)
	at com.kms.katalon.core.main.TestCaseExecutor.accessMainPhase(TestCaseExecutor.java:290)
	at com.kms.katalon.core.main.TestCaseExecutor.execute(TestCaseExecutor.java:224)
	at com.kms.katalon.core.main.TestSuiteExecutor.accessTestCaseMainPhase(TestSuiteExecutor.java:129)
	at com.kms.katalon.core.main.TestSuiteExecutor.accessTestSuiteMainPhase(TestSuiteExecutor.java:112)
	at com.kms.katalon.core.main.TestSuiteExecutor.execute(TestSuiteExecutor.java:81)
	at com.kms.katalon.core.main.TestCaseMain.startTestSuite(TestCaseMain.java:149)
	at com.kms.katalon.core.main.TestCaseMain$startTestSuite$0.call(Unknown Source)
	at TempTestSuite1557420656924.run(TempTestSuite1557420656924.groovy:36)]]></system-err>
      </testcase>
      <testcase name="Test Cases/OCS- PRODUCT PAGE/Shop all of our products" classname="Test Cases/OCS- PRODUCT PAGE/Shop all of our products" status="PASSED">
         <system-out><![CDATA[2019-05-09 12:55:45 - [TEST_CASE][PASSED] - Test Cases/OCS- PRODUCT PAGE/Shop all of our products: Test Cases/OCS- PRODUCT PAGE/Shop all of our products

2019-05-09 12:55:45 - [TEST_STEP][PASSED] - openBrowser(""): Browser is opened with url: ''

2019-05-09 12:55:45 - [MESSAGE][WARNING] - A browser is already opened. Closing browser and opening a new one

2019-05-09 12:55:46 - [MESSAGE][INFO] - Starting 'Firefox' driver

2019-05-09 12:55:48 - [MESSAGE][PASSED] - Browser is opened with url: ''

2019-05-09 12:55:48 - [TEST_STEP][PASSED] - navigateToUrl("https://ocs.ca/?fts=0&preview_theme_id=53373863756"): Navigate to 'https://ocs.ca/?fts=0&preview_theme_id=53373863756' successfully

2019-05-09 12:55:53 - [MESSAGE][PASSED] - Navigate to 'https://ocs.ca/?fts=0&preview_theme_id=53373863756' successfully

2019-05-09 12:55:53 - [TEST_STEP][PASSED] - click(findTestObject("Object Repository/Theme_oR/Page_Ontario Cannabis Store  Ontari/button_Close preview")): Object: 'Object Repository/Theme_oR/Page_Ontario Cannabis Store  Ontari/button_Close preview' is clicked on

2019-05-09 12:55:55 - [MESSAGE][PASSED] - Object: 'Object Repository/Theme_oR/Page_Ontario Cannabis Store  Ontari/button_Close preview' is clicked on

2019-05-09 12:55:55 - [TEST_STEP][PASSED] - maximizeWindow(): Current window maximized

2019-05-09 12:55:55 - [MESSAGE][PASSED] - Current window maximized

2019-05-09 12:55:55 - [TEST_STEP][PASSED] - selectOptionByValue(findTestObject("Object Repository/all products_OR/Page_Ontario Cannabis Store  Ontari/select_Select01020304050607080"), "16", true): All options with value '16' are selected in object 'Object Repository/all products_OR/Page_Ontario Cannabis Store  Ontari/select_Select01020304050607080'  using regular expression

2019-05-09 12:55:57 - [MESSAGE][PASSED] - All options with value '16' are selected in object 'Object Repository/all products_OR/Page_Ontario Cannabis Store  Ontari/select_Select01020304050607080'  using regular expression

2019-05-09 12:55:57 - [TEST_STEP][PASSED] - selectOptionByValue(findTestObject("Object Repository/all products_OR/Page_Ontario Cannabis Store  Ontari/select_SelectJanuary - 01Febru"), "8", true): All options with value '8' are selected in object 'Object Repository/all products_OR/Page_Ontario Cannabis Store  Ontari/select_SelectJanuary - 01Febru'  using regular expression

2019-05-09 12:55:57 - [MESSAGE][PASSED] - All options with value '8' are selected in object 'Object Repository/all products_OR/Page_Ontario Cannabis Store  Ontari/select_SelectJanuary - 01Febru'  using regular expression

2019-05-09 12:55:57 - [TEST_STEP][PASSED] - selectOptionByValue(findTestObject("Object Repository/all products_OR/Page_Ontario Cannabis Store  Ontari/select_Select20182017201620152"), "1957", true): All options with value '1957' are selected in object 'Object Repository/all products_OR/Page_Ontario Cannabis Store  Ontari/select_Select20182017201620152'  using regular expression

2019-05-09 12:55:59 - [MESSAGE][PASSED] - All options with value '1957' are selected in object 'Object Repository/all products_OR/Page_Ontario Cannabis Store  Ontari/select_Select20182017201620152'  using regular expression

2019-05-09 12:55:59 - [TEST_STEP][PASSED] - click(findTestObject("Object Repository/all products_OR/Page_Ontario Cannabis Store  Ontari/button_Verify")): Object: 'Object Repository/all products_OR/Page_Ontario Cannabis Store  Ontari/button_Verify' is clicked on

2019-05-09 12:55:59 - [MESSAGE][PASSED] - Object: 'Object Repository/all products_OR/Page_Ontario Cannabis Store  Ontari/button_Verify' is clicked on

2019-05-09 12:55:59 - [TEST_STEP][PASSED] - click(findTestObject("Object Repository/all products_OR/Page_Ontario Cannabis Store  Ontari/span_CONFIRM AND ACKNOWLEDGE_c")): Object: 'Object Repository/all products_OR/Page_Ontario Cannabis Store  Ontari/span_CONFIRM AND ACKNOWLEDGE_c' is clicked on

2019-05-09 12:55:59 - [MESSAGE][PASSED] - Object: 'Object Repository/all products_OR/Page_Ontario Cannabis Store  Ontari/span_CONFIRM AND ACKNOWLEDGE_c' is clicked on

2019-05-09 12:55:59 - [TEST_STEP][PASSED] - click(findTestObject("Object Repository/all products_OR/Page_Ontario Cannabis Store  Ontari/button_CONFIRM")): Object: 'Object Repository/all products_OR/Page_Ontario Cannabis Store  Ontari/button_CONFIRM' is clicked on

2019-05-09 12:55:59 - [MESSAGE][PASSED] - Object: 'Object Repository/all products_OR/Page_Ontario Cannabis Store  Ontari/button_CONFIRM' is clicked on

2019-05-09 12:55:59 - [TEST_STEP][PASSED] - click(findTestObject("Object Repository/all products_OR/Page_Ontario Cannabis Store  Ontari/button_Start Browsing")): Object: 'Object Repository/all products_OR/Page_Ontario Cannabis Store  Ontari/button_Start Browsing' is clicked on

2019-05-09 12:56:00 - [MESSAGE][PASSED] - Object: 'Object Repository/all products_OR/Page_Ontario Cannabis Store  Ontari/button_Start Browsing' is clicked on

2019-05-09 12:56:00 - [TEST_STEP][PASSED] - delay(3): Delayed 3 second(s)

2019-05-09 12:56:03 - [MESSAGE][PASSED] - Delayed 3 second(s)

2019-05-09 12:56:03 - [TEST_STEP][NOT_RUN] - click(findTestObject("Object Repository/all products_OR/Page_Ontario Cannabis Store  Ontari/h3_Cannabis")): NOT_RUN: click(findTestObject("Object Repository/all products_OR/Page_Ontario Cannabis Store  Ontari/h3_Cannabis"))

2019-05-09 12:56:03 - [MESSAGE][NOT_RUN] - NOT_RUN: click(findTestObject("Object Repository/all products_OR/Page_Ontario Cannabis Store  Ontari/h3_Cannabis"))

2019-05-09 12:56:03 - [TEST_STEP][PASSED] - mouseOver(findTestObject("OCS_CRITICAL PATH/cart flyout- price/Page_Ontario Cannabis Store  Ontari/h3_Cannabis")): Object: 'Object Repository/OCS_CRITICAL PATH/cart flyout- price/Page_Ontario Cannabis Store  Ontari/h3_Cannabis' is hovered

2019-05-09 12:56:03 - [MESSAGE][PASSED] - Object: 'Object Repository/OCS_CRITICAL PATH/cart flyout- price/Page_Ontario Cannabis Store  Ontari/h3_Cannabis' is hovered

2019-05-09 12:56:03 - [TEST_STEP][PASSED] - delay(3): Delayed 3 second(s)

2019-05-09 12:56:06 - [MESSAGE][PASSED] - Delayed 3 second(s)

2019-05-09 12:56:06 - [TEST_STEP][PASSED] - click(findTestObject("all products_OR/Page_Ontario Cannabis Store  Ontari/span_Indica Dominant")): Object: 'Object Repository/all products_OR/Page_Ontario Cannabis Store  Ontari/span_Indica Dominant' is clicked on

2019-05-09 12:56:07 - [MESSAGE][PASSED] - Object: 'Object Repository/all products_OR/Page_Ontario Cannabis Store  Ontari/span_Indica Dominant' is clicked on

2019-05-09 12:56:07 - [TEST_STEP][PASSED] - delay(3): Delayed 3 second(s)

2019-05-09 12:56:10 - [MESSAGE][PASSED] - Delayed 3 second(s)

2019-05-09 12:56:10 - [TEST_STEP][PASSED] - click(findTestObject("Object Repository/all products_OR/Page_Indica Dominant Dried Flower/h3_Shishkaberry")): Object: 'Object Repository/all products_OR/Page_Indica Dominant Dried Flower/h3_Shishkaberry' is clicked on

2019-05-09 12:56:11 - [MESSAGE][PASSED] - Object: 'Object Repository/all products_OR/Page_Indica Dominant Dried Flower/h3_Shishkaberry' is clicked on

2019-05-09 12:56:11 - [TEST_STEP][PASSED] - click(findTestObject("Object Repository/all products_OR/Page_Shishkaberry  Ontario Cannabis/a_Shop all of our products")): Object: 'Object Repository/all products_OR/Page_Shishkaberry  Ontario Cannabis/a_Shop all of our products' is clicked on

2019-05-09 12:56:14 - [MESSAGE][PASSED] - Object: 'Object Repository/all products_OR/Page_Shishkaberry  Ontario Cannabis/a_Shop all of our products' is clicked on

2019-05-09 12:56:14 - [TEST_STEP][PASSED] - verifyTextPresent("All Products", false): Text 'All Products' is present on page 

2019-05-09 12:56:14 - [MESSAGE][PASSED] - Text 'All Products' is present on page]]></system-out>
         <system-err><![CDATA[]]></system-err>
      </testcase>
      <testcase name="Test Cases/OCS- PRODUCT PAGE/Show all accessories" classname="Test Cases/OCS- PRODUCT PAGE/Show all accessories" status="PASSED">
         <system-out><![CDATA[2019-05-09 12:56:14 - [TEST_CASE][PASSED] - Test Cases/OCS- PRODUCT PAGE/Show all accessories: Test Cases/OCS- PRODUCT PAGE/Show all accessories

2019-05-09 12:56:14 - [TEST_STEP][PASSED] - openBrowser(""): Browser is opened with url: ''

2019-05-09 12:56:14 - [MESSAGE][WARNING] - A browser is already opened. Closing browser and opening a new one

2019-05-09 12:56:15 - [MESSAGE][INFO] - Starting 'Firefox' driver

2019-05-09 12:56:17 - [MESSAGE][PASSED] - Browser is opened with url: ''

2019-05-09 12:56:17 - [TEST_STEP][PASSED] - navigateToUrl("https://ocs.ca/?fts=0&preview_theme_id=53373863756"): Navigate to 'https://ocs.ca/?fts=0&preview_theme_id=53373863756' successfully

2019-05-09 12:56:21 - [MESSAGE][PASSED] - Navigate to 'https://ocs.ca/?fts=0&preview_theme_id=53373863756' successfully

2019-05-09 12:56:21 - [TEST_STEP][PASSED] - click(findTestObject("Object Repository/Theme_oR/Page_Ontario Cannabis Store  Ontari/button_Close preview")): Object: 'Object Repository/Theme_oR/Page_Ontario Cannabis Store  Ontari/button_Close preview' is clicked on

2019-05-09 12:56:23 - [MESSAGE][PASSED] - Object: 'Object Repository/Theme_oR/Page_Ontario Cannabis Store  Ontari/button_Close preview' is clicked on

2019-05-09 12:56:23 - [TEST_STEP][PASSED] - maximizeWindow(): Current window maximized

2019-05-09 12:56:23 - [MESSAGE][PASSED] - Current window maximized

2019-05-09 12:56:23 - [TEST_STEP][PASSED] - selectOptionByValue(findTestObject("Object Repository/Show all accessories_OR/Page_Ontario Cannabis Store  Ontari/select_Select01020304050607080"), "16", true): All options with value '16' are selected in object 'Object Repository/Show all accessories_OR/Page_Ontario Cannabis Store  Ontari/select_Select01020304050607080'  using regular expression

2019-05-09 12:56:24 - [MESSAGE][PASSED] - All options with value '16' are selected in object 'Object Repository/Show all accessories_OR/Page_Ontario Cannabis Store  Ontari/select_Select01020304050607080'  using regular expression

2019-05-09 12:56:24 - [TEST_STEP][PASSED] - selectOptionByValue(findTestObject("Object Repository/Show all accessories_OR/Page_Ontario Cannabis Store  Ontari/select_SelectJanuary - 01Febru"), "9", true): All options with value '9' are selected in object 'Object Repository/Show all accessories_OR/Page_Ontario Cannabis Store  Ontari/select_SelectJanuary - 01Febru'  using regular expression

2019-05-09 12:56:25 - [MESSAGE][PASSED] - All options with value '9' are selected in object 'Object Repository/Show all accessories_OR/Page_Ontario Cannabis Store  Ontari/select_SelectJanuary - 01Febru'  using regular expression

2019-05-09 12:56:25 - [TEST_STEP][PASSED] - selectOptionByValue(findTestObject("Object Repository/Show all accessories_OR/Page_Ontario Cannabis Store  Ontari/select_Select20182017201620152"), "1956", true): All options with value '1956' are selected in object 'Object Repository/Show all accessories_OR/Page_Ontario Cannabis Store  Ontari/select_Select20182017201620152'  using regular expression

2019-05-09 12:56:27 - [MESSAGE][PASSED] - All options with value '1956' are selected in object 'Object Repository/Show all accessories_OR/Page_Ontario Cannabis Store  Ontari/select_Select20182017201620152'  using regular expression

2019-05-09 12:56:27 - [TEST_STEP][PASSED] - click(findTestObject("Object Repository/Show all accessories_OR/Page_Ontario Cannabis Store  Ontari/button_Verify")): Object: 'Object Repository/Show all accessories_OR/Page_Ontario Cannabis Store  Ontari/button_Verify' is clicked on

2019-05-09 12:56:27 - [MESSAGE][PASSED] - Object: 'Object Repository/Show all accessories_OR/Page_Ontario Cannabis Store  Ontari/button_Verify' is clicked on

2019-05-09 12:56:27 - [TEST_STEP][PASSED] - click(findTestObject("Object Repository/Show all accessories_OR/Page_Ontario Cannabis Store  Ontari/span_CONFIRM AND ACKNOWLEDGE_c")): Object: 'Object Repository/Show all accessories_OR/Page_Ontario Cannabis Store  Ontari/span_CONFIRM AND ACKNOWLEDGE_c' is clicked on

2019-05-09 12:56:27 - [MESSAGE][PASSED] - Object: 'Object Repository/Show all accessories_OR/Page_Ontario Cannabis Store  Ontari/span_CONFIRM AND ACKNOWLEDGE_c' is clicked on

2019-05-09 12:56:27 - [TEST_STEP][PASSED] - click(findTestObject("Object Repository/Show all accessories_OR/Page_Ontario Cannabis Store  Ontari/button_CONFIRM")): Object: 'Object Repository/Show all accessories_OR/Page_Ontario Cannabis Store  Ontari/button_CONFIRM' is clicked on

2019-05-09 12:56:27 - [MESSAGE][PASSED] - Object: 'Object Repository/Show all accessories_OR/Page_Ontario Cannabis Store  Ontari/button_CONFIRM' is clicked on

2019-05-09 12:56:27 - [TEST_STEP][PASSED] - click(findTestObject("Object Repository/Show all accessories_OR/Page_Ontario Cannabis Store  Ontari/button_Start Browsing")): Object: 'Object Repository/Show all accessories_OR/Page_Ontario Cannabis Store  Ontari/button_Start Browsing' is clicked on

2019-05-09 12:56:28 - [MESSAGE][PASSED] - Object: 'Object Repository/Show all accessories_OR/Page_Ontario Cannabis Store  Ontari/button_Start Browsing' is clicked on

2019-05-09 12:56:28 - [TEST_STEP][PASSED] - delay(3): Delayed 3 second(s)

2019-05-09 12:56:31 - [MESSAGE][PASSED] - Delayed 3 second(s)

2019-05-09 12:56:31 - [TEST_STEP][NOT_RUN] - click(findTestObject("Object Repository/Show all accessories_OR/Page_Ontario Cannabis Store  Ontari/h3_Cannabis")): NOT_RUN: click(findTestObject("Object Repository/Show all accessories_OR/Page_Ontario Cannabis Store  Ontari/h3_Cannabis"))

2019-05-09 12:56:31 - [MESSAGE][NOT_RUN] - NOT_RUN: click(findTestObject("Object Repository/Show all accessories_OR/Page_Ontario Cannabis Store  Ontari/h3_Cannabis"))

2019-05-09 12:56:31 - [TEST_STEP][PASSED] - mouseOver(findTestObject("OCS_CRITICAL PATH/cart flyout- price/Page_Ontario Cannabis Store  Ontari/h3_Cannabis")): Object: 'Object Repository/OCS_CRITICAL PATH/cart flyout- price/Page_Ontario Cannabis Store  Ontari/h3_Cannabis' is hovered

2019-05-09 12:56:31 - [MESSAGE][PASSED] - Object: 'Object Repository/OCS_CRITICAL PATH/cart flyout- price/Page_Ontario Cannabis Store  Ontari/h3_Cannabis' is hovered

2019-05-09 12:56:31 - [TEST_STEP][PASSED] - delay(3): Delayed 3 second(s)

2019-05-09 12:56:34 - [MESSAGE][PASSED] - Delayed 3 second(s)

2019-05-09 12:56:34 - [TEST_STEP][PASSED] - click(findTestObject("Object Repository/Show all accessories_OR/Page_Ontario Cannabis Store  Ontari/span_Indica Dominant")): Object: 'Object Repository/Show all accessories_OR/Page_Ontario Cannabis Store  Ontari/span_Indica Dominant' is clicked on

2019-05-09 12:56:36 - [MESSAGE][PASSED] - Object: 'Object Repository/Show all accessories_OR/Page_Ontario Cannabis Store  Ontari/span_Indica Dominant' is clicked on

2019-05-09 12:56:36 - [TEST_STEP][PASSED] - click(findTestObject("Object Repository/Show all accessories_OR/Page_Indica Dominant Dried Flower/h3_Shishkaberry")): Object: 'Object Repository/Show all accessories_OR/Page_Indica Dominant Dried Flower/h3_Shishkaberry' is clicked on

2019-05-09 12:56:38 - [MESSAGE][PASSED] - Object: 'Object Repository/Show all accessories_OR/Page_Indica Dominant Dried Flower/h3_Shishkaberry' is clicked on

2019-05-09 12:56:38 - [TEST_STEP][PASSED] - click(findTestObject("Object Repository/Show all accessories_OR/Page_Shishkaberry  Ontario Cannabis/a_Show all accessories")): Object: 'Object Repository/Show all accessories_OR/Page_Shishkaberry  Ontario Cannabis/a_Show all accessories' is clicked on

2019-05-09 12:56:40 - [MESSAGE][PASSED] - Object: 'Object Repository/Show all accessories_OR/Page_Shishkaberry  Ontario Cannabis/a_Show all accessories' is clicked on

2019-05-09 12:56:40 - [TEST_STEP][PASSED] - delay(3): Delayed 3 second(s)

2019-05-09 12:56:43 - [MESSAGE][PASSED] - Delayed 3 second(s)

2019-05-09 12:56:43 - [TEST_STEP][PASSED] - verifyTextPresent("All Accessories", false): Text 'All Accessories' is present on page 

2019-05-09 12:56:43 - [MESSAGE][PASSED] - Text 'All Accessories' is present on page]]></system-out>
         <system-err><![CDATA[]]></system-err>
      </testcase>
      <testcase name="Test Cases/OCS- PRODUCT PAGE/Tooltip" classname="Test Cases/OCS- PRODUCT PAGE/Tooltip" status="PASSED">
         <system-out><![CDATA[2019-05-09 12:56:43 - [TEST_CASE][PASSED] - Test Cases/OCS- PRODUCT PAGE/Tooltip: Test Cases/OCS- PRODUCT PAGE/Tooltip

2019-05-09 12:56:43 - [TEST_STEP][PASSED] - openBrowser(""): Browser is opened with url: ''

2019-05-09 12:56:43 - [MESSAGE][WARNING] - A browser is already opened. Closing browser and opening a new one

2019-05-09 12:56:44 - [MESSAGE][INFO] - Starting 'Firefox' driver

2019-05-09 12:56:46 - [MESSAGE][PASSED] - Browser is opened with url: ''

2019-05-09 12:56:46 - [TEST_STEP][PASSED] - navigateToUrl("https://ocs.ca/?fts=0&preview_theme_id=53373863756"): Navigate to 'https://ocs.ca/?fts=0&preview_theme_id=53373863756' successfully

2019-05-09 12:56:51 - [MESSAGE][PASSED] - Navigate to 'https://ocs.ca/?fts=0&preview_theme_id=53373863756' successfully

2019-05-09 12:56:51 - [TEST_STEP][PASSED] - click(findTestObject("Object Repository/Theme_oR/Page_Ontario Cannabis Store  Ontari/button_Close preview")): Object: 'Object Repository/Theme_oR/Page_Ontario Cannabis Store  Ontari/button_Close preview' is clicked on

2019-05-09 12:56:52 - [MESSAGE][PASSED] - Object: 'Object Repository/Theme_oR/Page_Ontario Cannabis Store  Ontari/button_Close preview' is clicked on

2019-05-09 12:56:52 - [TEST_STEP][PASSED] - maximizeWindow(): Current window maximized

2019-05-09 12:56:52 - [MESSAGE][PASSED] - Current window maximized

2019-05-09 12:56:52 - [TEST_STEP][PASSED] - selectOptionByValue(findTestObject("PROD-breadcrumb_OR/Page_Ontario Cannabis Store  Ontari/select_Select01020304050607080"), "1", true): All options with value '1' are selected in object 'Object Repository/PROD-breadcrumb_OR/Page_Ontario Cannabis Store  Ontari/select_Select01020304050607080'  using regular expression

2019-05-09 12:56:53 - [MESSAGE][PASSED] - All options with value '1' are selected in object 'Object Repository/PROD-breadcrumb_OR/Page_Ontario Cannabis Store  Ontari/select_Select01020304050607080'  using regular expression

2019-05-09 12:56:53 - [TEST_STEP][PASSED] - selectOptionByValue(findTestObject("PROD-breadcrumb_OR/Page_Ontario Cannabis Store  Ontari/select_SelectJanuary - 01Febru"), "0", true): All options with value '0' are selected in object 'Object Repository/PROD-breadcrumb_OR/Page_Ontario Cannabis Store  Ontari/select_SelectJanuary - 01Febru'  using regular expression

2019-05-09 12:56:54 - [MESSAGE][PASSED] - All options with value '0' are selected in object 'Object Repository/PROD-breadcrumb_OR/Page_Ontario Cannabis Store  Ontari/select_SelectJanuary - 01Febru'  using regular expression

2019-05-09 12:56:54 - [TEST_STEP][PASSED] - selectOptionByValue(findTestObject("PROD-breadcrumb_OR/Page_Ontario Cannabis Store  Ontari/select_Select20182017201620152"), "1968", true): All options with value '1968' are selected in object 'Object Repository/PROD-breadcrumb_OR/Page_Ontario Cannabis Store  Ontari/select_Select20182017201620152'  using regular expression

2019-05-09 12:56:56 - [MESSAGE][PASSED] - All options with value '1968' are selected in object 'Object Repository/PROD-breadcrumb_OR/Page_Ontario Cannabis Store  Ontari/select_Select20182017201620152'  using regular expression

2019-05-09 12:56:56 - [TEST_STEP][PASSED] - click(findTestObject("PROD-breadcrumb_OR/Page_Ontario Cannabis Store  Ontari/button_Verify")): Object: 'Object Repository/PROD-breadcrumb_OR/Page_Ontario Cannabis Store  Ontari/button_Verify' is clicked on

2019-05-09 12:56:56 - [MESSAGE][PASSED] - Object: 'Object Repository/PROD-breadcrumb_OR/Page_Ontario Cannabis Store  Ontari/button_Verify' is clicked on

2019-05-09 12:56:56 - [TEST_STEP][PASSED] - click(findTestObject("PROD-breadcrumb_OR/Page_Ontario Cannabis Store  Ontari/span_CONFIRM AND ACKNOWLEDGE_c")): Object: 'Object Repository/PROD-breadcrumb_OR/Page_Ontario Cannabis Store  Ontari/span_CONFIRM AND ACKNOWLEDGE_c' is clicked on

2019-05-09 12:56:56 - [MESSAGE][PASSED] - Object: 'Object Repository/PROD-breadcrumb_OR/Page_Ontario Cannabis Store  Ontari/span_CONFIRM AND ACKNOWLEDGE_c' is clicked on

2019-05-09 12:56:56 - [TEST_STEP][PASSED] - click(findTestObject("PROD-breadcrumb_OR/Page_Ontario Cannabis Store  Ontari/button_CONFIRM")): Object: 'Object Repository/PROD-breadcrumb_OR/Page_Ontario Cannabis Store  Ontari/button_CONFIRM' is clicked on

2019-05-09 12:56:56 - [MESSAGE][PASSED] - Object: 'Object Repository/PROD-breadcrumb_OR/Page_Ontario Cannabis Store  Ontari/button_CONFIRM' is clicked on

2019-05-09 12:56:56 - [TEST_STEP][PASSED] - click(findTestObject("PROD-breadcrumb_OR/Page_Ontario Cannabis Store  Ontari/button_Start Browsing")): Object: 'Object Repository/PROD-breadcrumb_OR/Page_Ontario Cannabis Store  Ontari/button_Start Browsing' is clicked on

2019-05-09 12:56:57 - [MESSAGE][PASSED] - Object: 'Object Repository/PROD-breadcrumb_OR/Page_Ontario Cannabis Store  Ontari/button_Start Browsing' is clicked on

2019-05-09 12:56:57 - [TEST_STEP][NOT_RUN] - mouseOver(findTestObject("PROD-breadcrumb_OR/Page_Ontario Cannabis Store  Ontari/h3_Cannabis")): NOT_RUN: mouseOver(findTestObject("PROD-breadcrumb_OR/Page_Ontario Cannabis Store  Ontari/h3_Cannabis"))

2019-05-09 12:56:57 - [MESSAGE][NOT_RUN] - NOT_RUN: mouseOver(findTestObject("PROD-breadcrumb_OR/Page_Ontario Cannabis Store  Ontari/h3_Cannabis"))

2019-05-09 12:56:57 - [TEST_STEP][PASSED] - mouseOver(findTestObject("OCS_CRITICAL PATH/cart flyout- price/Page_Ontario Cannabis Store  Ontari/h3_Cannabis")): Object: 'Object Repository/OCS_CRITICAL PATH/cart flyout- price/Page_Ontario Cannabis Store  Ontari/h3_Cannabis' is hovered

2019-05-09 12:56:57 - [MESSAGE][PASSED] - Object: 'Object Repository/OCS_CRITICAL PATH/cart flyout- price/Page_Ontario Cannabis Store  Ontari/h3_Cannabis' is hovered

2019-05-09 12:56:57 - [TEST_STEP][PASSED] - click(findTestObject("PROD-breadcrumb_OR/Page_Ontario Cannabis Store  Ontari/span_Indica Dominant")): Object: 'Object Repository/PROD-breadcrumb_OR/Page_Ontario Cannabis Store  Ontari/span_Indica Dominant' is clicked on

2019-05-09 12:56:57 - [MESSAGE][PASSED] - Object: 'Object Repository/PROD-breadcrumb_OR/Page_Ontario Cannabis Store  Ontari/span_Indica Dominant' is clicked on

2019-05-09 12:56:57 - [TEST_STEP][PASSED] - delay(3): Delayed 3 second(s)

2019-05-09 12:57:00 - [MESSAGE][PASSED] - Delayed 3 second(s)

2019-05-09 12:57:00 - [TEST_STEP][PASSED] - click(findTestObject("PROD-breadcrumb_OR/Page_Indica Dominant Dried Flower/h3_Shishkaberry")): Object: 'Object Repository/PROD-breadcrumb_OR/Page_Indica Dominant Dried Flower/h3_Shishkaberry' is clicked on

2019-05-09 12:57:01 - [MESSAGE][PASSED] - Object: 'Object Repository/PROD-breadcrumb_OR/Page_Indica Dominant Dried Flower/h3_Shishkaberry' is clicked on

2019-05-09 12:57:01 - [TEST_STEP][PASSED] - mouseOver(findTestObject("Tooltips_OR/Page_Shishkaberry  Ontario Cannabis/i_THC_icon icon--question-mark")): Object: 'Object Repository/Tooltips_OR/Page_Shishkaberry  Ontario Cannabis/i_THC_icon icon--question-mark' is hovered

2019-05-09 12:57:01 - [MESSAGE][PASSED] - Object: 'Object Repository/Tooltips_OR/Page_Shishkaberry  Ontario Cannabis/i_THC_icon icon--question-mark' is hovered

2019-05-09 12:57:01 - [TEST_STEP][PASSED] - delay(2): Delayed 2 second(s)

2019-05-09 12:57:03 - [MESSAGE][PASSED] - Delayed 2 second(s)

2019-05-09 12:57:03 - [TEST_STEP][PASSED] - click(findTestObject("Object Repository/Tooltips_OR/Page_Shishkaberry  Ontario Cannabis/i_CBD_icon icon--question-mark")): Object: 'Object Repository/Tooltips_OR/Page_Shishkaberry  Ontario Cannabis/i_CBD_icon icon--question-mark' is clicked on

2019-05-09 12:57:04 - [MESSAGE][PASSED] - Object: 'Object Repository/Tooltips_OR/Page_Shishkaberry  Ontario Cannabis/i_CBD_icon icon--question-mark' is clicked on

2019-05-09 12:57:04 - [TEST_STEP][PASSED] - delay(2): Delayed 2 second(s)

2019-05-09 12:57:06 - [MESSAGE][PASSED] - Delayed 2 second(s)

2019-05-09 12:57:06 - [TEST_STEP][PASSED] - click(findTestObject("Object Repository/Tooltips_OR/Page_Shishkaberry  Ontario Cannabis/i_Plant Type_icon icon--questi")): Object: 'Object Repository/Tooltips_OR/Page_Shishkaberry  Ontario Cannabis/i_Plant Type_icon icon--questi' is clicked on

2019-05-09 12:57:06 - [MESSAGE][PASSED] - Object: 'Object Repository/Tooltips_OR/Page_Shishkaberry  Ontario Cannabis/i_Plant Type_icon icon--questi' is clicked on

2019-05-09 12:57:06 - [TEST_STEP][PASSED] - delay(2): Delayed 2 second(s)

2019-05-09 12:57:08 - [MESSAGE][PASSED] - Delayed 2 second(s)

2019-05-09 12:57:08 - [TEST_STEP][PASSED] - click(findTestObject("Object Repository/Tooltips_OR/Page_Shishkaberry  Ontario Cannabis/i_Terpenes_icon icon--question")): Object: 'Object Repository/Tooltips_OR/Page_Shishkaberry  Ontario Cannabis/i_Terpenes_icon icon--question' is clicked on

2019-05-09 12:57:08 - [MESSAGE][PASSED] - Object: 'Object Repository/Tooltips_OR/Page_Shishkaberry  Ontario Cannabis/i_Terpenes_icon icon--question' is clicked on

2019-05-09 12:57:08 - [TEST_STEP][PASSED] - delay(2): Delayed 2 second(s)

2019-05-09 12:57:10 - [MESSAGE][PASSED] - Delayed 2 second(s)

2019-05-09 12:57:10 - [TEST_STEP][PASSED] - click(findTestObject("Object Repository/Tooltips_OR/Page_Shishkaberry  Ontario Cannabis/i_THC_icon icon--question-mark_1")): Object: 'Object Repository/Tooltips_OR/Page_Shishkaberry  Ontario Cannabis/i_THC_icon icon--question-mark_1' is clicked on

2019-05-09 12:57:10 - [MESSAGE][PASSED] - Object: 'Object Repository/Tooltips_OR/Page_Shishkaberry  Ontario Cannabis/i_THC_icon icon--question-mark_1' is clicked on

2019-05-09 12:57:10 - [TEST_STEP][PASSED] - delay(2): Delayed 2 second(s)

2019-05-09 12:57:12 - [MESSAGE][PASSED] - Delayed 2 second(s)

2019-05-09 12:57:12 - [TEST_STEP][PASSED] - click(findTestObject("Object Repository/Tooltips_OR/Page_Shishkaberry  Ontario Cannabis/i_CBD_icon icon--question-mark_1")): Object: 'Object Repository/Tooltips_OR/Page_Shishkaberry  Ontario Cannabis/i_CBD_icon icon--question-mark_1' is clicked on

2019-05-09 12:57:13 - [MESSAGE][PASSED] - Object: 'Object Repository/Tooltips_OR/Page_Shishkaberry  Ontario Cannabis/i_CBD_icon icon--question-mark_1' is clicked on

2019-05-09 12:57:13 - [TEST_STEP][PASSED] - delay(2): Delayed 2 second(s)

2019-05-09 12:57:15 - [MESSAGE][PASSED] - Delayed 2 second(s)

2019-05-09 12:57:15 - [TEST_STEP][PASSED] - click(findTestObject("Object Repository/Tooltips_OR/Page_Shishkaberry  Ontario Cannabis/i_Plant_icon icon--question-ma")): Object: 'Object Repository/Tooltips_OR/Page_Shishkaberry  Ontario Cannabis/i_Plant_icon icon--question-ma' is clicked on

2019-05-09 12:57:15 - [MESSAGE][PASSED] - Object: 'Object Repository/Tooltips_OR/Page_Shishkaberry  Ontario Cannabis/i_Plant_icon icon--question-ma' is clicked on

2019-05-09 12:57:15 - [TEST_STEP][PASSED] - delay(2): Delayed 2 second(s)

2019-05-09 12:57:17 - [MESSAGE][PASSED] - Delayed 2 second(s)

2019-05-09 12:57:17 - [TEST_STEP][PASSED] - click(findTestObject("Object Repository/Tooltips_OR/Page_Shishkaberry  Ontario Cannabis/i_Terpenes_icon icon--question_1")): Object: 'Object Repository/Tooltips_OR/Page_Shishkaberry  Ontario Cannabis/i_Terpenes_icon icon--question_1' is clicked on

2019-05-09 12:57:17 - [MESSAGE][PASSED] - Object: 'Object Repository/Tooltips_OR/Page_Shishkaberry  Ontario Cannabis/i_Terpenes_icon icon--question_1' is clicked on

2019-05-09 12:57:17 - [TEST_STEP][PASSED] - delay(2): Delayed 2 second(s)

2019-05-09 12:57:19 - [MESSAGE][PASSED] - Delayed 2 second(s)

2019-05-09 12:57:19 - [TEST_STEP][PASSED] - click(findTestObject("Object Repository/Tooltips_OR/Page_Shishkaberry  Ontario Cannabis/i_GTIN_icon icon--question-mar")): Object: 'Object Repository/Tooltips_OR/Page_Shishkaberry  Ontario Cannabis/i_GTIN_icon icon--question-mar' is clicked on

2019-05-09 12:57:19 - [MESSAGE][PASSED] - Object: 'Object Repository/Tooltips_OR/Page_Shishkaberry  Ontario Cannabis/i_GTIN_icon icon--question-mar' is clicked on

2019-05-09 12:57:19 - [TEST_STEP][PASSED] - delay(2): Delayed 2 second(s)

2019-05-09 12:57:21 - [MESSAGE][PASSED] - Delayed 2 second(s)

2019-05-09 12:57:21 - [TEST_STEP][PASSED] - closeBrowser(): Browser is closed

2019-05-09 12:57:22 - [MESSAGE][PASSED] - Browser is closed]]></system-out>
         <system-err><![CDATA[]]></system-err>
      </testcase>
      <testcase name="Test Cases/OCS- PRODUCT PAGE/variants selector" classname="Test Cases/OCS- PRODUCT PAGE/variants selector" status="PASSED">
         <system-out><![CDATA[2019-05-09 12:57:22 - [TEST_CASE][PASSED] - Test Cases/OCS- PRODUCT PAGE/variants selector: Test Cases/OCS- PRODUCT PAGE/variants selector

2019-05-09 12:57:22 - [TEST_STEP][PASSED] - openBrowser(""): Browser is opened with url: ''

2019-05-09 12:57:22 - [MESSAGE][INFO] - Starting 'Firefox' driver

2019-05-09 12:57:24 - [MESSAGE][PASSED] - Browser is opened with url: ''

2019-05-09 12:57:24 - [TEST_STEP][PASSED] - navigateToUrl("https://ocs.ca/?fts=0&preview_theme_id=53373863756"): Navigate to 'https://ocs.ca/?fts=0&preview_theme_id=53373863756' successfully

2019-05-09 12:57:28 - [MESSAGE][PASSED] - Navigate to 'https://ocs.ca/?fts=0&preview_theme_id=53373863756' successfully

2019-05-09 12:57:28 - [TEST_STEP][PASSED] - click(findTestObject("Object Repository/Theme_oR/Page_Ontario Cannabis Store  Ontari/button_Close preview")): Object: 'Object Repository/Theme_oR/Page_Ontario Cannabis Store  Ontari/button_Close preview' is clicked on

2019-05-09 12:57:29 - [MESSAGE][PASSED] - Object: 'Object Repository/Theme_oR/Page_Ontario Cannabis Store  Ontari/button_Close preview' is clicked on

2019-05-09 12:57:29 - [TEST_STEP][PASSED] - maximizeWindow(): Current window maximized

2019-05-09 12:57:30 - [MESSAGE][PASSED] - Current window maximized

2019-05-09 12:57:30 - [TEST_STEP][PASSED] - selectOptionByValue(findTestObject("Object Repository/PROD-breadcrumb_OR/Page_Ontario Cannabis Store  Ontari/select_Select01020304050607080"), "1", true): All options with value '1' are selected in object 'Object Repository/PROD-breadcrumb_OR/Page_Ontario Cannabis Store  Ontari/select_Select01020304050607080'  using regular expression

2019-05-09 12:57:30 - [MESSAGE][PASSED] - All options with value '1' are selected in object 'Object Repository/PROD-breadcrumb_OR/Page_Ontario Cannabis Store  Ontari/select_Select01020304050607080'  using regular expression

2019-05-09 12:57:30 - [TEST_STEP][PASSED] - selectOptionByValue(findTestObject("Object Repository/PROD-breadcrumb_OR/Page_Ontario Cannabis Store  Ontari/select_SelectJanuary - 01Febru"), "0", true): All options with value '0' are selected in object 'Object Repository/PROD-breadcrumb_OR/Page_Ontario Cannabis Store  Ontari/select_SelectJanuary - 01Febru'  using regular expression

2019-05-09 12:57:31 - [MESSAGE][PASSED] - All options with value '0' are selected in object 'Object Repository/PROD-breadcrumb_OR/Page_Ontario Cannabis Store  Ontari/select_SelectJanuary - 01Febru'  using regular expression

2019-05-09 12:57:31 - [TEST_STEP][PASSED] - selectOptionByValue(findTestObject("Object Repository/PROD-breadcrumb_OR/Page_Ontario Cannabis Store  Ontari/select_Select20182017201620152"), "1968", true): All options with value '1968' are selected in object 'Object Repository/PROD-breadcrumb_OR/Page_Ontario Cannabis Store  Ontari/select_Select20182017201620152'  using regular expression

2019-05-09 12:57:32 - [MESSAGE][PASSED] - All options with value '1968' are selected in object 'Object Repository/PROD-breadcrumb_OR/Page_Ontario Cannabis Store  Ontari/select_Select20182017201620152'  using regular expression

2019-05-09 12:57:32 - [TEST_STEP][PASSED] - click(findTestObject("Object Repository/PROD-breadcrumb_OR/Page_Ontario Cannabis Store  Ontari/button_Verify")): Object: 'Object Repository/PROD-breadcrumb_OR/Page_Ontario Cannabis Store  Ontari/button_Verify' is clicked on

2019-05-09 12:57:33 - [MESSAGE][PASSED] - Object: 'Object Repository/PROD-breadcrumb_OR/Page_Ontario Cannabis Store  Ontari/button_Verify' is clicked on

2019-05-09 12:57:33 - [TEST_STEP][PASSED] - click(findTestObject("Object Repository/PROD-breadcrumb_OR/Page_Ontario Cannabis Store  Ontari/span_CONFIRM AND ACKNOWLEDGE_c")): Object: 'Object Repository/PROD-breadcrumb_OR/Page_Ontario Cannabis Store  Ontari/span_CONFIRM AND ACKNOWLEDGE_c' is clicked on

2019-05-09 12:57:33 - [MESSAGE][PASSED] - Object: 'Object Repository/PROD-breadcrumb_OR/Page_Ontario Cannabis Store  Ontari/span_CONFIRM AND ACKNOWLEDGE_c' is clicked on

2019-05-09 12:57:33 - [TEST_STEP][PASSED] - click(findTestObject("Object Repository/PROD-breadcrumb_OR/Page_Ontario Cannabis Store  Ontari/button_CONFIRM")): Object: 'Object Repository/PROD-breadcrumb_OR/Page_Ontario Cannabis Store  Ontari/button_CONFIRM' is clicked on

2019-05-09 12:57:33 - [MESSAGE][PASSED] - Object: 'Object Repository/PROD-breadcrumb_OR/Page_Ontario Cannabis Store  Ontari/button_CONFIRM' is clicked on

2019-05-09 12:57:33 - [TEST_STEP][PASSED] - click(findTestObject("Object Repository/PROD-breadcrumb_OR/Page_Ontario Cannabis Store  Ontari/button_Start Browsing")): Object: 'Object Repository/PROD-breadcrumb_OR/Page_Ontario Cannabis Store  Ontari/button_Start Browsing' is clicked on

2019-05-09 12:57:33 - [MESSAGE][PASSED] - Object: 'Object Repository/PROD-breadcrumb_OR/Page_Ontario Cannabis Store  Ontari/button_Start Browsing' is clicked on

2019-05-09 12:57:33 - [TEST_STEP][NOT_RUN] - mouseOver(findTestObject("PROD-breadcrumb_OR/Page_Ontario Cannabis Store  Ontari/h3_Cannabis")): NOT_RUN: mouseOver(findTestObject("PROD-breadcrumb_OR/Page_Ontario Cannabis Store  Ontari/h3_Cannabis"))

2019-05-09 12:57:33 - [MESSAGE][NOT_RUN] - NOT_RUN: mouseOver(findTestObject("PROD-breadcrumb_OR/Page_Ontario Cannabis Store  Ontari/h3_Cannabis"))

2019-05-09 12:57:33 - [TEST_STEP][PASSED] - mouseOver(findTestObject("OCS_CRITICAL PATH/cart flyout- price/Page_Ontario Cannabis Store  Ontari/h3_Cannabis")): Object: 'Object Repository/OCS_CRITICAL PATH/cart flyout- price/Page_Ontario Cannabis Store  Ontari/h3_Cannabis' is hovered

2019-05-09 12:57:34 - [MESSAGE][PASSED] - Object: 'Object Repository/OCS_CRITICAL PATH/cart flyout- price/Page_Ontario Cannabis Store  Ontari/h3_Cannabis' is hovered

2019-05-09 12:57:34 - [TEST_STEP][PASSED] - click(findTestObject("Object Repository/PROD-breadcrumb_OR/Page_Ontario Cannabis Store  Ontari/span_Indica Dominant")): Object: 'Object Repository/PROD-breadcrumb_OR/Page_Ontario Cannabis Store  Ontari/span_Indica Dominant' is clicked on

2019-05-09 12:57:35 - [MESSAGE][PASSED] - Object: 'Object Repository/PROD-breadcrumb_OR/Page_Ontario Cannabis Store  Ontari/span_Indica Dominant' is clicked on

2019-05-09 12:57:35 - [TEST_STEP][PASSED] - delay(3): Delayed 3 second(s)

2019-05-09 12:57:38 - [MESSAGE][PASSED] - Delayed 3 second(s)

2019-05-09 12:57:38 - [TEST_STEP][PASSED] - click(findTestObject("PROD-breadcrumb_OR/Page_Indica Dominant Dried Flower/h3_Shishkaberry")): Object: 'Object Repository/PROD-breadcrumb_OR/Page_Indica Dominant Dried Flower/h3_Shishkaberry' is clicked on

2019-05-09 12:57:41 - [MESSAGE][PASSED] - Object: 'Object Repository/PROD-breadcrumb_OR/Page_Indica Dominant Dried Flower/h3_Shishkaberry' is clicked on

2019-05-09 12:57:41 - [TEST_STEP][NOT_RUN] - click(findTestObject("PROD-breadcrumb_OR/Page_Shishkaberry  Ontario Cannabis/a_Shishkaberry")): NOT_RUN: click(findTestObject("PROD-breadcrumb_OR/Page_Shishkaberry  Ontario Cannabis/a_Shishkaberry"))

2019-05-09 12:57:41 - [MESSAGE][NOT_RUN] - NOT_RUN: click(findTestObject("PROD-breadcrumb_OR/Page_Shishkaberry  Ontario Cannabis/a_Shishkaberry"))

2019-05-09 12:57:41 - [TEST_STEP][NOT_RUN] - click(findTestObject("Object Repository/PROD-breadcrumb_OR/Page_Shishkaberry  Ontario Cannabis/a_Dried Flower")): NOT_RUN: click(findTestObject("Object Repository/PROD-breadcrumb_OR/Page_Shishkaberry  Ontario Cannabis/a_Dried Flower"))

2019-05-09 12:57:41 - [MESSAGE][NOT_RUN] - NOT_RUN: click(findTestObject("Object Repository/PROD-breadcrumb_OR/Page_Shishkaberry  Ontario Cannabis/a_Dried Flower"))

2019-05-09 12:57:41 - [TEST_STEP][NOT_RUN] - click(findTestObject("Object Repository/PROD-breadcrumb_OR/Page_Dried Flower  Ontario Cannabis/a_Cannabis")): NOT_RUN: click(findTestObject("Object Repository/PROD-breadcrumb_OR/Page_Dried Flower  Ontario Cannabis/a_Cannabis"))

2019-05-09 12:57:41 - [MESSAGE][NOT_RUN] - NOT_RUN: click(findTestObject("Object Repository/PROD-breadcrumb_OR/Page_Dried Flower  Ontario Cannabis/a_Cannabis"))

2019-05-09 12:57:41 - [TEST_STEP][NOT_RUN] - click(findTestObject("Object Repository/PROD-breadcrumb_OR/Page_All Cannabis Products  Ontario/a_Home")): NOT_RUN: click(findTestObject("Object Repository/PROD-breadcrumb_OR/Page_All Cannabis Products  Ontario/a_Home"))

2019-05-09 12:57:41 - [MESSAGE][NOT_RUN] - NOT_RUN: click(findTestObject("Object Repository/PROD-breadcrumb_OR/Page_All Cannabis Products  Ontario/a_Home"))

2019-05-09 12:57:41 - [TEST_STEP][PASSED] - click(findTestObject("price_OR/Page_Shishkaberry  Ontario Cannabis/label_1g")): Object: 'Object Repository/price_OR/Page_Shishkaberry  Ontario Cannabis/label_1g' is clicked on

2019-05-09 12:57:41 - [MESSAGE][PASSED] - Object: 'Object Repository/price_OR/Page_Shishkaberry  Ontario Cannabis/label_1g' is clicked on

2019-05-09 12:57:41 - [TEST_STEP][PASSED] - click(findTestObject("price_OR/Page_Shishkaberry  Ontario Cannabis/label_3.5g")): Object: 'Object Repository/price_OR/Page_Shishkaberry  Ontario Cannabis/label_3.5g' is clicked on

2019-05-09 12:57:41 - [MESSAGE][PASSED] - Object: 'Object Repository/price_OR/Page_Shishkaberry  Ontario Cannabis/label_3.5g' is clicked on

2019-05-09 12:57:41 - [TEST_STEP][PASSED] - closeBrowser(): Browser is closed

2019-05-09 12:57:42 - [MESSAGE][PASSED] - Browser is closed]]></system-out>
         <system-err><![CDATA[]]></system-err>
      </testcase>
      <system-out><![CDATA[2019-05-09 12:50:58 - [TEST_SUITE][FAILED] - PRODUCT PAGE- 09-05-2019: Test Cases/OCS- PRODUCT PAGE/Moreitems to consider FAILED.
Reason:
com.kms.katalon.core.exception.StepFailedException: Unable to click on object 'Object Repository/More items _OR/Page_Shishkaberry  Ontario Cannabis/img' (Root cause: com.kms.katalon.core.webui.exception.WebElementNotFoundException: Web element with id: 'Object Repository/More items _OR/Page_Shishkaberry  Ontario Cannabis/img' located by 'By.xpath: id("product_1314104248140")/div[@class="product-tile__image"]/a[1]/img[1][count(. | //img[@src = 'https://cdn.shopify.com/s/files/1/2636/1928/products/http-52-60-121-34-upload-200050-826945030977-a1c0-c01-compressed_large.jpg?v=1554297587' and @data-src = 'https://cdn.shopify.com/s/files/1/2636/1928/products/http-52-60-121-34-upload-200050-826945030977-a1c0-c01-compressed_large.jpg?v=1554297587' and @alt = '4-Piece 2" Grinder']) = count(//img[@src = 'https://cdn.shopify.com/s/files/1/2636/1928/products/http-52-60-121-34-upload-200050-826945030977-a1c0-c01-compressed_large.jpg?v=1554297587' and @data-src = 'https://cdn.shopify.com/s/files/1/2636/1928/products/http-52-60-121-34-upload-200050-826945030977-a1c0-c01-compressed_large.jpg?v=1554297587' and @alt = '4-Piece 2" Grinder'])]' not found)
	at com.kms.katalon.core.keyword.internal.KeywordMain.stepFailed(KeywordMain.groovy:36)
	at com.kms.katalon.core.webui.keyword.internal.WebUIKeywordMain.stepFailed(WebUIKeywordMain.groovy:65)
	at com.kms.katalon.core.webui.keyword.internal.WebUIKeywordMain.runKeyword(WebUIKeywordMain.groovy:27)
	at com.kms.katalon.core.webui.keyword.builtin.ClickKeyword.click(ClickKeyword.groovy:86)
	at com.kms.katalon.core.webui.keyword.builtin.ClickKeyword.execute(ClickKeyword.groovy:67)
	at com.kms.katalon.core.keyword.internal.KeywordExecutor.executeKeywordForPlatform(KeywordExecutor.groovy:53)
	at com.kms.katalon.core.webui.keyword.WebUiBuiltInKeywords.click(WebUiBuiltInKeywords.groovy:604)
	at com.kms.katalon.core.webui.keyword.WebUiBuiltInKeywords$click$11.call(Unknown Source)
	at Moreitems to consider.run(Moreitems to consider:85)
	at com.kms.katalon.core.main.ScriptEngine.run(ScriptEngine.java:194)
	at com.kms.katalon.core.main.ScriptEngine.runScriptAsRawText(ScriptEngine.java:119)
	at com.kms.katalon.core.main.TestCaseExecutor.runScript(TestCaseExecutor.java:328)
	at com.kms.katalon.core.main.TestCaseExecutor.doExecute(TestCaseExecutor.java:319)
	at com.kms.katalon.core.main.TestCaseExecutor.processExecutionPhase(TestCaseExecutor.java:298)
	at com.kms.katalon.core.main.TestCaseExecutor.accessMainPhase(TestCaseExecutor.java:290)
	at com.kms.katalon.core.main.TestCaseExecutor.execute(TestCaseExecutor.java:224)
	at com.kms.katalon.core.main.TestSuiteExecutor.accessTestCaseMainPhase(TestSuiteExecutor.java:129)
	at com.kms.katalon.core.main.TestSuiteExecutor.accessTestSuiteMainPhase(TestSuiteExecutor.java:112)
	at com.kms.katalon.core.main.TestSuiteExecutor.execute(TestSuiteExecutor.java:81)
	at com.kms.katalon.core.main.TestCaseMain.startTestSuite(TestCaseMain.java:149)
	at com.kms.katalon.core.main.TestCaseMain$startTestSuite$0.call(Unknown Source)
	at TempTestSuite1557420656924.run(TempTestSuite1557420656924.groovy:36)]]></system-out>
      <system-err><![CDATA[2019-05-09 12:50:58 - [TEST_SUITE][FAILED] - PRODUCT PAGE- 09-05-2019: Test Cases/OCS- PRODUCT PAGE/Moreitems to consider FAILED.
Reason:
com.kms.katalon.core.exception.StepFailedException: Unable to click on object 'Object Repository/More items _OR/Page_Shishkaberry  Ontario Cannabis/img' (Root cause: com.kms.katalon.core.webui.exception.WebElementNotFoundException: Web element with id: 'Object Repository/More items _OR/Page_Shishkaberry  Ontario Cannabis/img' located by 'By.xpath: id("product_1314104248140")/div[@class="product-tile__image"]/a[1]/img[1][count(. | //img[@src = 'https://cdn.shopify.com/s/files/1/2636/1928/products/http-52-60-121-34-upload-200050-826945030977-a1c0-c01-compressed_large.jpg?v=1554297587' and @data-src = 'https://cdn.shopify.com/s/files/1/2636/1928/products/http-52-60-121-34-upload-200050-826945030977-a1c0-c01-compressed_large.jpg?v=1554297587' and @alt = '4-Piece 2" Grinder']) = count(//img[@src = 'https://cdn.shopify.com/s/files/1/2636/1928/products/http-52-60-121-34-upload-200050-826945030977-a1c0-c01-compressed_large.jpg?v=1554297587' and @data-src = 'https://cdn.shopify.com/s/files/1/2636/1928/products/http-52-60-121-34-upload-200050-826945030977-a1c0-c01-compressed_large.jpg?v=1554297587' and @alt = '4-Piece 2" Grinder'])]' not found)
	at com.kms.katalon.core.keyword.internal.KeywordMain.stepFailed(KeywordMain.groovy:36)
	at com.kms.katalon.core.webui.keyword.internal.WebUIKeywordMain.stepFailed(WebUIKeywordMain.groovy:65)
	at com.kms.katalon.core.webui.keyword.internal.WebUIKeywordMain.runKeyword(WebUIKeywordMain.groovy:27)
	at com.kms.katalon.core.webui.keyword.builtin.ClickKeyword.click(ClickKeyword.groovy:86)
	at com.kms.katalon.core.webui.keyword.builtin.ClickKeyword.execute(ClickKeyword.groovy:67)
	at com.kms.katalon.core.keyword.internal.KeywordExecutor.executeKeywordForPlatform(KeywordExecutor.groovy:53)
	at com.kms.katalon.core.webui.keyword.WebUiBuiltInKeywords.click(WebUiBuiltInKeywords.groovy:604)
	at com.kms.katalon.core.webui.keyword.WebUiBuiltInKeywords$click$11.call(Unknown Source)
	at Moreitems to consider.run(Moreitems to consider:85)
	at com.kms.katalon.core.main.ScriptEngine.run(ScriptEngine.java:194)
	at com.kms.katalon.core.main.ScriptEngine.runScriptAsRawText(ScriptEngine.java:119)
	at com.kms.katalon.core.main.TestCaseExecutor.runScript(TestCaseExecutor.java:328)
	at com.kms.katalon.core.main.TestCaseExecutor.doExecute(TestCaseExecutor.java:319)
	at com.kms.katalon.core.main.TestCaseExecutor.processExecutionPhase(TestCaseExecutor.java:298)
	at com.kms.katalon.core.main.TestCaseExecutor.accessMainPhase(TestCaseExecutor.java:290)
	at com.kms.katalon.core.main.TestCaseExecutor.execute(TestCaseExecutor.java:224)
	at com.kms.katalon.core.main.TestSuiteExecutor.accessTestCaseMainPhase(TestSuiteExecutor.java:129)
	at com.kms.katalon.core.main.TestSuiteExecutor.accessTestSuiteMainPhase(TestSuiteExecutor.java:112)
	at com.kms.katalon.core.main.TestSuiteExecutor.execute(TestSuiteExecutor.java:81)
	at com.kms.katalon.core.main.TestCaseMain.startTestSuite(TestCaseMain.java:149)
	at com.kms.katalon.core.main.TestCaseMain$startTestSuite$0.call(Unknown Source)
	at TempTestSuite1557420656924.run(TempTestSuite1557420656924.groovy:36)]]></system-err>
   </testsuite>
</testsuites>
