<?xml version="1.0" encoding="UTF-8"?>
<testsuites name="critical path" time="818" tests="9" failures="2" errors="0">
   <testsuite name="critical path" tests="9" failures="2" errors="0" time="818" timestamp="2019-05-24 15:38:37" hostname="sumankompelly - 10.0.126.233" id="Test Suites/QA ( 1.9.1)/critical path">
      <properties>
         <property name="deviceName" value=""/>
         <property name="devicePlatform" value=""/>
         <property name="logFolder" value="/Users/sumankompelly/Katalon Studio/OCS ( QA- 1.9.1 ) /Reports/QA ( 1.9.1)/critical path/20190524_153835"/>
         <property name="logFiles" value="/Users/sumankompelly/Katalon Studio/OCS ( QA- 1.9.1 ) /Reports/QA ( 1.9.1)/critical path/20190524_153835/execution0.log"/>
         <property name="attachments" value="/Users/sumankompelly/Katalon Studio/OCS ( QA- 1.9.1 ) /Reports/QA ( 1.9.1)/critical path/20190524_153835/1558726747013.png, /Users/sumankompelly/Katalon Studio/OCS ( QA- 1.9.1 ) /Reports/QA ( 1.9.1)/critical path/20190524_153835/1558726765508.png, /Users/sumankompelly/Katalon Studio/OCS ( QA- 1.9.1 ) /Reports/QA ( 1.9.1)/critical path/20190524_153835/1558726789833.png, /Users/sumankompelly/Katalon Studio/OCS ( QA- 1.9.1 ) /Reports/QA ( 1.9.1)/critical path/20190524_153835/1558726800833.png, /Users/sumankompelly/Katalon Studio/OCS ( QA- 1.9.1 ) /Reports/QA ( 1.9.1)/critical path/20190524_153835/1558726903249.png, /Users/sumankompelly/Katalon Studio/OCS ( QA- 1.9.1 ) /Reports/QA ( 1.9.1)/critical path/20190524_153835/1558727028828.png, /Users/sumankompelly/Katalon Studio/OCS ( QA- 1.9.1 ) /Reports/QA ( 1.9.1)/critical path/20190524_153835/1558727028929.png, /Users/sumankompelly/Katalon Studio/OCS ( QA- 1.9.1 ) /Reports/QA ( 1.9.1)/critical path/20190524_153835/1558727119923.png"/>
         <property name="hostName" value="sumankompelly - 10.0.126.233"/>
         <property name="os" value="Mac OS X 64bit"/>
         <property name="katalonVersion" value="5.10.1.1"/>
         <property name="browser" value="Firefox 67.0"/>
         <property name="hostAddress" value="10.0.126.233"/>
         <property name="sessionId" value="efef88e5-b40d-4048-923a-b78c9ab730e3"/>
         <property name="seleniumVersion" value="3.7.1"/>
         <property name="proxyInformation" value="ProxyInformation{proxyOption=NO_PROXY, proxyServerType=HTTP, password=, proxyServerAddress=, proxyServerPort=0}"/>
         <property name="platform" value="Mac OS X"/>
      </properties>
      <testcase name="Test Cases/OCS - MOBILE/OCS- CRITICAL PATH/Cart" classname="Test Cases/OCS - MOBILE/OCS- CRITICAL PATH/Cart" status="PASSED">
         <system-out><![CDATA[2019-05-24 15:38:37 - [TEST_CASE][PASSED] - Test Cases/OCS - MOBILE/OCS- CRITICAL PATH/Cart: Test Cases/OCS - MOBILE/OCS- CRITICAL PATH/Cart

2019-05-24 15:38:37 - [TEST_STEP][PASSED] - callTestCase(findTestCase("OCS - MOBILE/CALL- SWATCH- NO INVENTORY"), [:], STOP_ON_FAILURE): Call Test Case 'Test Cases/OCS - MOBILE/CALL- SWATCH- NO INVENTORY' successfully

2019-05-24 15:38:37 - [TEST_CASE][PASSED] - Test Cases/OCS - MOBILE/CALL- SWATCH- NO INVENTORY: Test Cases/OCS - MOBILE/CALL- SWATCH- NO INVENTORY

2019-05-24 15:38:38 - [TEST_STEP][PASSED] - openBrowser(""): Browser is opened with url: ''

2019-05-24 15:38:38 - [MESSAGE][INFO] - Starting 'Firefox' driver

2019-05-24 15:38:38 - [MESSAGE][INFO] - Action delay is set to 0 seconds

2019-05-24 15:38:41 - [MESSAGE][PASSED] - Browser is opened with url: ''

2019-05-24 15:38:41 - [TEST_STEP][PASSED] - navigateToUrl("https://ocs.ca/?fts=0&preview_theme_id=53376026444"): Navigate to 'https://ocs.ca/?fts=0&preview_theme_id=53376026444' successfully

2019-05-24 15:38:50 - [MESSAGE][PASSED] - Navigate to 'https://ocs.ca/?fts=0&preview_theme_id=53376026444' successfully

2019-05-24 15:38:50 - [TEST_STEP][PASSED] - executeJavaScript("var previewBar = document.getElementById("preview-bar-iframe"); previewBar.style.display = "none";", []): Execute JavaScript 'var previewBar = document.getElementById("preview-bar-iframe"); previewBar.style.display = "none";' successfully

2019-05-24 15:38:50 - [MESSAGE][PASSED] - Execute JavaScript 'var previewBar = document.getElementById("preview-bar-iframe"); previewBar.style.display = "none";' successfully

2019-05-24 15:38:50 - [TEST_STEP][PASSED] - setViewPortSize(360, 800): Viewport is set to new size with width = 360 and height = 800

2019-05-24 15:38:50 - [MESSAGE][PASSED] - Viewport is set to new size with width = 360 and height = 800

2019-05-24 15:38:50 - [TEST_STEP][PASSED] - delay(4): Delayed 4 second(s)

2019-05-24 15:38:54 - [MESSAGE][PASSED] - Delayed 4 second(s)

2019-05-24 15:38:54 - [TEST_STEP][PASSED] - selectOptionByValue(findTestObject("OCS-MOBILE /Age gate and burger menu/Date"), "12", true): All options with value '12' are selected in object 'Object Repository/OCS-MOBILE /Age gate and burger menu/Date'  using regular expression

2019-05-24 15:38:55 - [MESSAGE][PASSED] - All options with value '12' are selected in object 'Object Repository/OCS-MOBILE /Age gate and burger menu/Date'  using regular expression

2019-05-24 15:38:55 - [TEST_STEP][PASSED] - selectOptionByValue(findTestObject("OCS-MOBILE /Age gate and burger menu/month"), "6", true): All options with value '6' are selected in object 'Object Repository/OCS-MOBILE /Age gate and burger menu/month'  using regular expression

2019-05-24 15:38:55 - [MESSAGE][PASSED] - All options with value '6' are selected in object 'Object Repository/OCS-MOBILE /Age gate and burger menu/month'  using regular expression

2019-05-24 15:38:55 - [TEST_STEP][PASSED] - delay(2): Delayed 2 second(s)

2019-05-24 15:38:57 - [MESSAGE][PASSED] - Delayed 2 second(s)

2019-05-24 15:38:57 - [TEST_STEP][PASSED] - selectOptionByValue(findTestObject("OCS-MOBILE /Age gate and burger menu/Year Dropdown"), "1990", true): All options with value '1990' are selected in object 'Object Repository/OCS-MOBILE /Age gate and burger menu/Year Dropdown'  using regular expression

2019-05-24 15:38:59 - [MESSAGE][PASSED] - All options with value '1990' are selected in object 'Object Repository/OCS-MOBILE /Age gate and burger menu/Year Dropdown'  using regular expression

2019-05-24 15:38:59 - [TEST_STEP][PASSED] - click(findTestObject("OCS-MOBILE /Age gate and burger menu/button_Verify")): Object: 'Object Repository/OCS-MOBILE /Age gate and burger menu/button_Verify' is clicked on

2019-05-24 15:38:59 - [MESSAGE][PASSED] - Object: 'Object Repository/OCS-MOBILE /Age gate and burger menu/button_Verify' is clicked on

2019-05-24 15:38:59 - [TEST_STEP][PASSED] - click(findTestObject("OCS-MOBILE /Age gate and burger menu/Checkbox_CONFIRM AND ACKNOWLEDGE")): Object: 'Object Repository/OCS-MOBILE /Age gate and burger menu/Checkbox_CONFIRM AND ACKNOWLEDGE' is clicked on

2019-05-24 15:38:59 - [MESSAGE][PASSED] - Object: 'Object Repository/OCS-MOBILE /Age gate and burger menu/Checkbox_CONFIRM AND ACKNOWLEDGE' is clicked on

2019-05-24 15:38:59 - [TEST_STEP][PASSED] - click(findTestObject("OCS-MOBILE /Age gate and burger menu/button_CONFIRM")): Object: 'Object Repository/OCS-MOBILE /Age gate and burger menu/button_CONFIRM' is clicked on

2019-05-24 15:39:00 - [MESSAGE][PASSED] - Object: 'Object Repository/OCS-MOBILE /Age gate and burger menu/button_CONFIRM' is clicked on

2019-05-24 15:39:00 - [TEST_STEP][PASSED] - click(findTestObject("OCS-MOBILE /Age gate and burger menu/button_Start Browsing")): Object: 'Object Repository/OCS-MOBILE /Age gate and burger menu/button_Start Browsing' is clicked on

2019-05-24 15:39:00 - [MESSAGE][PASSED] - Object: 'Object Repository/OCS-MOBILE /Age gate and burger menu/button_Start Browsing' is clicked on

2019-05-24 15:39:00 - [TEST_STEP][PASSED] - navigateToUrl("https://ocs.ca/products/dream-weaver", STOP_ON_FAILURE): Navigate to 'https://ocs.ca/products/dream-weaver' successfully

2019-05-24 15:39:02 - [MESSAGE][PASSED] - Navigate to 'https://ocs.ca/products/dream-weaver' successfully

2019-05-24 15:39:02 - [TEST_STEP][PASSED] - executeJavaScript("var previewBar = document.getElementById("preview-bar-iframe"); previewBar.style.display = "none";", []): Execute JavaScript 'var previewBar = document.getElementById("preview-bar-iframe"); previewBar.style.display = "none";' successfully

2019-05-24 15:39:02 - [MESSAGE][PASSED] - Execute JavaScript 'var previewBar = document.getElementById("preview-bar-iframe"); previewBar.style.display = "none";' successfully

2019-05-24 15:39:02 - [MESSAGE][PASSED] - Call Test Case 'Test Cases/OCS - MOBILE/CALL- SWATCH- NO INVENTORY' successfully

2019-05-24 15:39:02 - [TEST_STEP][PASSED] - delay(2): Delayed 2 second(s)

2019-05-24 15:39:04 - [MESSAGE][PASSED] - Delayed 2 second(s)

2019-05-24 15:39:04 - [TEST_STEP][NOT_RUN] - click(findTestObject("OCS-MOBILE /Age gate and burger menu/Burger menu - English")): NOT_RUN: click(findTestObject("OCS-MOBILE /Age gate and burger menu/Burger menu - English"))

2019-05-24 15:39:04 - [MESSAGE][NOT_RUN] - NOT_RUN: click(findTestObject("OCS-MOBILE /Age gate and burger menu/Burger menu - English"))

2019-05-24 15:39:04 - [TEST_STEP][NOT_RUN] - delay(2): NOT_RUN: delay(2)

2019-05-24 15:39:04 - [MESSAGE][NOT_RUN] - NOT_RUN: delay(2)

2019-05-24 15:39:04 - [TEST_STEP][NOT_RUN] - click(findTestObject("OCS-MOBILE /Cannabis page/Cannabis chevron")): NOT_RUN: click(findTestObject("OCS-MOBILE /Cannabis page/Cannabis chevron"))

2019-05-24 15:39:04 - [MESSAGE][NOT_RUN] - NOT_RUN: click(findTestObject("OCS-MOBILE /Cannabis page/Cannabis chevron"))

2019-05-24 15:39:04 - [TEST_STEP][NOT_RUN] - delay(2): NOT_RUN: delay(2)

2019-05-24 15:39:04 - [MESSAGE][NOT_RUN] - NOT_RUN: delay(2)

2019-05-24 15:39:04 - [TEST_STEP][NOT_RUN] - click(findTestObject("OCS-MOBILE /Cannabis page/Dried flower - plus accordian")): NOT_RUN: click(findTestObject("OCS-MOBILE /Cannabis page/Dried flower - plus accordian"))

2019-05-24 15:39:04 - [MESSAGE][NOT_RUN] - NOT_RUN: click(findTestObject("OCS-MOBILE /Cannabis page/Dried flower - plus accordian"))

2019-05-24 15:39:04 - [TEST_STEP][NOT_RUN] - delay(2): NOT_RUN: delay(2)

2019-05-24 15:39:04 - [MESSAGE][NOT_RUN] - NOT_RUN: delay(2)

2019-05-24 15:39:04 - [TEST_STEP][NOT_RUN] - click(findTestObject("OCS-MOBILE /Cannabis page/Dried flower - Indica dominant")): NOT_RUN: click(findTestObject("OCS-MOBILE /Cannabis page/Dried flower - Indica dominant"))

2019-05-24 15:39:04 - [MESSAGE][NOT_RUN] - NOT_RUN: click(findTestObject("OCS-MOBILE /Cannabis page/Dried flower - Indica dominant"))

2019-05-24 15:39:04 - [TEST_STEP][NOT_RUN] - delay(2): NOT_RUN: delay(2)

2019-05-24 15:39:04 - [MESSAGE][NOT_RUN] - NOT_RUN: delay(2)

2019-05-24 15:39:04 - [TEST_STEP][NOT_RUN] - click(findTestObject("OCS-MOBILE /Collection page/Product image - 1st one")): NOT_RUN: click(findTestObject("OCS-MOBILE /Collection page/Product image - 1st one"))

2019-05-24 15:39:04 - [MESSAGE][NOT_RUN] - NOT_RUN: click(findTestObject("OCS-MOBILE /Collection page/Product image - 1st one"))

2019-05-24 15:39:04 - [TEST_STEP][PASSED] - scrollToElement(findTestObject("OCS-MOBILE /Product page/Product image"), 1): Scroll to object 'Object Repository/OCS-MOBILE /Product page/Product image' successfully

2019-05-24 15:39:04 - [MESSAGE][PASSED] - Scroll to object 'Object Repository/OCS-MOBILE /Product page/Product image' successfully

2019-05-24 15:39:04 - [TEST_STEP][PASSED] - delay(2): Delayed 2 second(s)

2019-05-24 15:39:06 - [MESSAGE][PASSED] - Delayed 2 second(s)

2019-05-24 15:39:06 - [TEST_STEP][PASSED] - click(findTestObject("OCS-MOBILE /Product page/Swatch_1g"), STOP_ON_FAILURE): Object: 'Object Repository/OCS-MOBILE /Product page/Swatch_1g' is clicked on

2019-05-24 15:39:06 - [MESSAGE][PASSED] - Object: 'Object Repository/OCS-MOBILE /Product page/Swatch_1g' is clicked on

2019-05-24 15:39:06 - [TEST_STEP][PASSED] - takeScreenshot(): Taking screenshot successfully

2019-05-24 15:39:07 - [MESSAGE][PASSED] - Taking screenshot successfully
[[ATTACHMENT|/Users/sumankompelly/Katalon Studio/OCS ( QA- 1.9.1 ) /Reports/QA ( 1.9.1)/critical path/20190524_153835/1558726747013.png]]

2019-05-24 15:39:07 - [TEST_STEP][PASSED] - scrollToElement(findTestObject("OCS-MOBILE /Product page/Swatch_3.5g"), 1): Scroll to object 'Object Repository/OCS-MOBILE /Product page/Swatch_3.5g' successfully

2019-05-24 15:39:07 - [MESSAGE][PASSED] - Scroll to object 'Object Repository/OCS-MOBILE /Product page/Swatch_3.5g' successfully

2019-05-24 15:39:07 - [TEST_STEP][PASSED] - delay(2): Delayed 2 second(s)

2019-05-24 15:39:09 - [MESSAGE][PASSED] - Delayed 2 second(s)

2019-05-24 15:39:09 - [TEST_STEP][PASSED] - click(findTestObject("OCS-MOBILE /Product page/Add to Bag-button")): Object: 'Object Repository/OCS-MOBILE /Product page/Add to Bag-button' is clicked on

2019-05-24 15:39:09 - [MESSAGE][PASSED] - Object: 'Object Repository/OCS-MOBILE /Product page/Add to Bag-button' is clicked on

2019-05-24 15:39:09 - [TEST_STEP][PASSED] - delay(4): Delayed 4 second(s)

2019-05-24 15:39:13 - [MESSAGE][PASSED] - Delayed 4 second(s)

2019-05-24 15:39:13 - [TEST_STEP][NOT_RUN] - click(findTestObject("OCS-MOBILE /Cart flyout/Back icon - new model")): NOT_RUN: click(findTestObject("OCS-MOBILE /Cart flyout/Back icon - new model"))

2019-05-24 15:39:13 - [MESSAGE][NOT_RUN] - NOT_RUN: click(findTestObject("OCS-MOBILE /Cart flyout/Back icon - new model"))

2019-05-24 15:39:13 - [TEST_STEP][PASSED] - delay(4, OPTIONAL): Delayed 4 second(s)

2019-05-24 15:39:17 - [MESSAGE][PASSED] - Delayed 4 second(s)

2019-05-24 15:39:17 - [TEST_STEP][NOT_RUN] - click(findTestObject("OCS-MOBILE /Age gate and burger menu/button_Hide bar"), OPTIONAL): NOT_RUN: click(findTestObject("OCS-MOBILE /Age gate and burger menu/button_Hide bar"), OPTIONAL)

2019-05-24 15:39:17 - [MESSAGE][NOT_RUN] - NOT_RUN: click(findTestObject("OCS-MOBILE /Age gate and burger menu/button_Hide bar"), OPTIONAL)

2019-05-24 15:39:17 - [TEST_STEP][PASSED] - delay(2, OPTIONAL): Delayed 2 second(s)

2019-05-24 15:39:19 - [MESSAGE][PASSED] - Delayed 2 second(s)

2019-05-24 15:39:19 - [TEST_STEP][PASSED] - setViewPortSize(360, 800, OPTIONAL): Viewport is set to new size with width = 360 and height = 800

2019-05-24 15:39:19 - [MESSAGE][PASSED] - Viewport is set to new size with width = 360 and height = 800

2019-05-24 15:39:19 - [TEST_STEP][PASSED] - delay(2): Delayed 2 second(s)

2019-05-24 15:39:21 - [MESSAGE][PASSED] - Delayed 2 second(s)

2019-05-24 15:39:21 - [TEST_STEP][NOT_RUN] - click(findTestObject("OCS-MOBILE /Cart flyout/Back icon")): NOT_RUN: click(findTestObject("OCS-MOBILE /Cart flyout/Back icon"))

2019-05-24 15:39:21 - [MESSAGE][NOT_RUN] - NOT_RUN: click(findTestObject("OCS-MOBILE /Cart flyout/Back icon"))

2019-05-24 15:39:21 - [TEST_STEP][PASSED] - delay(2): Delayed 2 second(s)

2019-05-24 15:39:23 - [MESSAGE][PASSED] - Delayed 2 second(s)

2019-05-24 15:39:23 - [TEST_STEP][PASSED] - scrollToElement(findTestObject("OCS-MOBILE /Product page/Product image"), 1): Scroll to object 'Object Repository/OCS-MOBILE /Product page/Product image' successfully

2019-05-24 15:39:23 - [MESSAGE][PASSED] - Scroll to object 'Object Repository/OCS-MOBILE /Product page/Product image' successfully

2019-05-24 15:39:23 - [TEST_STEP][PASSED] - delay(2): Delayed 2 second(s)

2019-05-24 15:39:25 - [MESSAGE][PASSED] - Delayed 2 second(s)

2019-05-24 15:39:25 - [TEST_STEP][PASSED] - flag = verifyElementPresent(findTestObject("OCS-MOBILE /Product page/Swatch_3.5g"), 0): Object 'Object Repository/OCS-MOBILE /Product page/Swatch_3.5g' is present

2019-05-24 15:39:25 - [MESSAGE][WARNING] - Timeout '0' is invalid. Using default page load timeout: '30'

2019-05-24 15:39:25 - [MESSAGE][PASSED] - Object 'Object Repository/OCS-MOBILE /Product page/Swatch_3.5g' is present

2019-05-24 15:39:25 - [TEST_STEP][PASSED] - comment(" flag=" + flag):  flag=true

2019-05-24 15:39:25 - [MESSAGE][INFO] -  flag=true

2019-05-24 15:39:25 - [TEST_STEP][PASSED] - takeScreenshot(): Taking screenshot successfully

2019-05-24 15:39:25 - [MESSAGE][PASSED] - Taking screenshot successfully
[[ATTACHMENT|/Users/sumankompelly/Katalon Studio/OCS ( QA- 1.9.1 ) /Reports/QA ( 1.9.1)/critical path/20190524_153835/1558726765508.png]]

2019-05-24 15:39:25 - [TEST_STEP][PASSED] - if (flag == true): Actual object '10.25' and expected object '10.25' are equal

2019-05-24 15:39:25 - [TEST_STEP][PASSED] - delay(2): Delayed 2 second(s)

2019-05-24 15:39:27 - [MESSAGE][PASSED] - Delayed 2 second(s)

2019-05-24 15:39:27 - [TEST_STEP][PASSED] - click(findTestObject("OCS-MOBILE /Product page/Swatch_3.5g"), CONTINUE_ON_FAILURE): Object: 'Object Repository/OCS-MOBILE /Product page/Swatch_3.5g' is clicked on

2019-05-24 15:39:27 - [MESSAGE][PASSED] - Object: 'Object Repository/OCS-MOBILE /Product page/Swatch_3.5g' is clicked on

2019-05-24 15:39:27 - [TEST_STEP][PASSED] - delay(2): Delayed 2 second(s)

2019-05-24 15:39:29 - [MESSAGE][PASSED] - Delayed 2 second(s)

2019-05-24 15:39:29 - [TEST_STEP][PASSED] - click(findTestObject("OCS-MOBILE /Product page/Add to Bag-button")): Object: 'Object Repository/OCS-MOBILE /Product page/Add to Bag-button' is clicked on

2019-05-24 15:39:30 - [MESSAGE][PASSED] - Object: 'Object Repository/OCS-MOBILE /Product page/Add to Bag-button' is clicked on

2019-05-24 15:39:30 - [TEST_STEP][PASSED] - delay(2): Delayed 2 second(s)

2019-05-24 15:39:32 - [MESSAGE][PASSED] - Delayed 2 second(s)

2019-05-24 15:39:32 - [TEST_STEP][PASSED] - click(findTestObject("OCS-MOBILE /Home - page/Cart icon -bag")): Object: 'Object Repository/OCS-MOBILE /Home - page/Cart icon -bag' is clicked on

2019-05-24 15:39:32 - [MESSAGE][PASSED] - Object: 'Object Repository/OCS-MOBILE /Home - page/Cart icon -bag' is clicked on

2019-05-24 15:39:32 - [TEST_STEP][PASSED] - delay(2): Delayed 2 second(s)

2019-05-24 15:39:34 - [MESSAGE][PASSED] - Delayed 2 second(s)

2019-05-24 15:39:34 - [TEST_STEP][PASSED] - click(findTestObject("OCS-MOBILE /Cart flyout/Checkbox_I confirm that")): Object: 'Object Repository/OCS-MOBILE /Cart flyout/Checkbox_I confirm that' is clicked on

2019-05-24 15:39:34 - [MESSAGE][PASSED] - Object: 'Object Repository/OCS-MOBILE /Cart flyout/Checkbox_I confirm that' is clicked on

2019-05-24 15:39:34 - [TEST_STEP][PASSED] - click(findTestObject("OCS-MOBILE /Cart flyout/Checkbox_Accept the Terms Condition")): Object: 'Object Repository/OCS-MOBILE /Cart flyout/Checkbox_Accept the Terms Condition' is clicked on

2019-05-24 15:39:34 - [MESSAGE][PASSED] - Object: 'Object Repository/OCS-MOBILE /Cart flyout/Checkbox_Accept the Terms Condition' is clicked on

2019-05-24 15:39:34 - [TEST_STEP][PASSED] - delay(2): Delayed 2 second(s)

2019-05-24 15:39:36 - [MESSAGE][PASSED] - Delayed 2 second(s)

2019-05-24 15:39:36 - [TEST_STEP][PASSED] - click(findTestObject("OCS-MOBILE /Cart flyout/Checkout - Button")): Object: 'Object Repository/OCS-MOBILE /Cart flyout/Checkout - Button' is clicked on

2019-05-24 15:39:43 - [MESSAGE][PASSED] - Object: 'Object Repository/OCS-MOBILE /Cart flyout/Checkout - Button' is clicked on

2019-05-24 15:39:43 - [TEST_STEP][PASSED] - executeJavaScript("var previewBar = document.getElementById("preview-bar-iframe"); previewBar.style.display = "none";", []): Execute JavaScript 'var previewBar = document.getElementById("preview-bar-iframe"); previewBar.style.display = "none";' successfully

2019-05-24 15:39:43 - [MESSAGE][PASSED] - Execute JavaScript 'var previewBar = document.getElementById("preview-bar-iframe"); previewBar.style.display = "none";' successfully

2019-05-24 15:39:43 - [TEST_STEP][PASSED] - delay(2): Delayed 2 second(s)

2019-05-24 15:39:45 - [MESSAGE][PASSED] - Delayed 2 second(s)

2019-05-24 15:39:45 - [TEST_STEP][PASSED] - scrollToElement(findTestObject("OCS-MOBILE /Customer info page/Return to Cart - Link"), 1): Scroll to object 'Object Repository/OCS-MOBILE /Customer info page/Return to Cart - Link' successfully

2019-05-24 15:39:45 - [MESSAGE][PASSED] - Scroll to object 'Object Repository/OCS-MOBILE /Customer info page/Return to Cart - Link' successfully

2019-05-24 15:39:45 - [TEST_STEP][PASSED] - delay(2): Delayed 2 second(s)

2019-05-24 15:39:47 - [MESSAGE][PASSED] - Delayed 2 second(s)

2019-05-24 15:39:47 - [TEST_STEP][PASSED] - setViewPortSize(1000, 800, OPTIONAL): Viewport is set to new size with width = 1000 and height = 800

2019-05-24 15:39:47 - [MESSAGE][PASSED] - Viewport is set to new size with width = 1000 and height = 800

2019-05-24 15:39:47 - [TEST_STEP][PASSED] - delay(2, OPTIONAL): Delayed 2 second(s)

2019-05-24 15:39:49 - [MESSAGE][PASSED] - Delayed 2 second(s)

2019-05-24 15:39:49 - [TEST_STEP][PASSED] - click(findTestObject("Theme_oR/Page_Ontario Cannabis Store  Ontari/button_Hide bar"), OPTIONAL): Unable to click on object (Root cause: java.lang.IllegalArgumentException: Object is null)

2019-05-24 15:39:49 - [MESSAGE][WARNING] - Test object with id 'Object Repository/Theme_oR/Page_Ontario Cannabis Store  Ontari/button_Hide bar' does not exist

2019-05-24 15:39:49 - [MESSAGE][WARNING] - Test object with id 'Object Repository/' does not exist

2019-05-24 15:39:49 - [MESSAGE][WARNING] - Unable to click on object (Root cause: java.lang.IllegalArgumentException: Object is null)
[[ATTACHMENT|/Users/sumankompelly/Katalon Studio/OCS ( QA- 1.9.1 ) /Reports/QA ( 1.9.1)/critical path/20190524_153835/1558726789833.png]]

2019-05-24 15:39:49 - [TEST_STEP][PASSED] - delay(2, OPTIONAL): Delayed 2 second(s)

2019-05-24 15:39:51 - [MESSAGE][PASSED] - Delayed 2 second(s)

2019-05-24 15:39:51 - [TEST_STEP][PASSED] - setViewPortSize(360, 800, OPTIONAL): Viewport is set to new size with width = 360 and height = 800

2019-05-24 15:39:52 - [MESSAGE][PASSED] - Viewport is set to new size with width = 360 and height = 800

2019-05-24 15:39:52 - [TEST_STEP][PASSED] - delay(1): Delayed 1 second(s)

2019-05-24 15:39:53 - [MESSAGE][PASSED] - Delayed 1 second(s)

2019-05-24 15:39:53 - [TEST_STEP][PASSED] - click(findTestObject("OCS-MOBILE /Customer info page/Return to Cart - Link")): Object: 'Object Repository/OCS-MOBILE /Customer info page/Return to Cart - Link' is clicked on

2019-05-24 15:39:54 - [MESSAGE][PASSED] - Object: 'Object Repository/OCS-MOBILE /Customer info page/Return to Cart - Link' is clicked on

2019-05-24 15:39:54 - [TEST_STEP][PASSED] - delay(2): Delayed 2 second(s)

2019-05-24 15:39:56 - [MESSAGE][PASSED] - Delayed 2 second(s)

2019-05-24 15:39:56 - [TEST_STEP][PASSED] - executeJavaScript("var previewBar = document.getElementById("preview-bar-iframe"); previewBar.style.display = "none";", []): Execute JavaScript 'var previewBar = document.getElementById("preview-bar-iframe"); previewBar.style.display = "none";' successfully

2019-05-24 15:39:56 - [MESSAGE][PASSED] - Execute JavaScript 'var previewBar = document.getElementById("preview-bar-iframe"); previewBar.style.display = "none";' successfully

2019-05-24 15:39:56 - [TEST_STEP][PASSED] - delay(2): Delayed 2 second(s)

2019-05-24 15:39:58 - [MESSAGE][PASSED] - Delayed 2 second(s)

2019-05-24 15:39:58 - [TEST_STEP][PASSED] - setViewPortSize(1000, 800, OPTIONAL): Viewport is set to new size with width = 1000 and height = 800

2019-05-24 15:39:58 - [MESSAGE][PASSED] - Viewport is set to new size with width = 1000 and height = 800

2019-05-24 15:39:58 - [TEST_STEP][PASSED] - delay(2, OPTIONAL): Delayed 2 second(s)

2019-05-24 15:40:00 - [MESSAGE][PASSED] - Delayed 2 second(s)

2019-05-24 15:40:00 - [TEST_STEP][PASSED] - click(findTestObject("Theme_oR/Page_Ontario Cannabis Store  Ontari/button_Hide bar"), OPTIONAL): Unable to click on object (Root cause: java.lang.IllegalArgumentException: Object is null)

2019-05-24 15:40:00 - [MESSAGE][WARNING] - Test object with id 'Object Repository/Theme_oR/Page_Ontario Cannabis Store  Ontari/button_Hide bar' does not exist

2019-05-24 15:40:00 - [MESSAGE][WARNING] - Test object with id 'Object Repository/' does not exist

2019-05-24 15:40:00 - [MESSAGE][WARNING] - Unable to click on object (Root cause: java.lang.IllegalArgumentException: Object is null)
[[ATTACHMENT|/Users/sumankompelly/Katalon Studio/OCS ( QA- 1.9.1 ) /Reports/QA ( 1.9.1)/critical path/20190524_153835/1558726800833.png]]

2019-05-24 15:40:00 - [TEST_STEP][PASSED] - delay(2, OPTIONAL): Delayed 2 second(s)

2019-05-24 15:40:02 - [MESSAGE][PASSED] - Delayed 2 second(s)

2019-05-24 15:40:02 - [TEST_STEP][PASSED] - setViewPortSize(360, 800, OPTIONAL): Viewport is set to new size with width = 360 and height = 800

2019-05-24 15:40:03 - [MESSAGE][PASSED] - Viewport is set to new size with width = 360 and height = 800

2019-05-24 15:40:03 - [TEST_STEP][PASSED] - delay(1, OPTIONAL): Delayed 1 second(s)

2019-05-24 15:40:04 - [MESSAGE][PASSED] - Delayed 1 second(s)

2019-05-24 15:40:04 - [TEST_STEP][PASSED] - a = getText(findTestObject("OCS-MOBILE /Cart page/Unit price - 1st product")): Text of object 'Object Repository/OCS-MOBILE /Cart page/Unit price - 1st product' is: '$34.10'

2019-05-24 15:40:04 - [MESSAGE][PASSED] - Text of object 'Object Repository/OCS-MOBILE /Cart page/Unit price - 1st product' is: '$34.10'

2019-05-24 15:40:04 - [TEST_STEP][PASSED] - comment(a): $34.10

2019-05-24 15:40:04 - [MESSAGE][INFO] - $34.10

2019-05-24 15:40:04 - [TEST_STEP][PASSED] - a1 = a.substring(1): null

2019-05-24 15:40:04 - [TEST_STEP][PASSED] - comment("a1 = " + a1): a1 = 34.10

2019-05-24 15:40:04 - [MESSAGE][INFO] - a1 = 34.10

2019-05-24 15:40:04 - [TEST_STEP][PASSED] - delay(2): Delayed 2 second(s)

2019-05-24 15:40:06 - [MESSAGE][PASSED] - Delayed 2 second(s)

2019-05-24 15:40:06 - [TEST_STEP][PASSED] - b = getText(findTestObject("OCS-MOBILE /Cart page/Unit price - 2nd product")): Text of object 'Object Repository/OCS-MOBILE /Cart page/Unit price - 2nd product' is: '$10.25'

2019-05-24 15:40:06 - [MESSAGE][PASSED] - Text of object 'Object Repository/OCS-MOBILE /Cart page/Unit price - 2nd product' is: '$10.25'

2019-05-24 15:40:06 - [TEST_STEP][PASSED] - comment(b): $10.25

2019-05-24 15:40:06 - [MESSAGE][INFO] - $10.25

2019-05-24 15:40:06 - [TEST_STEP][PASSED] - a2 = b.substring(1): null

2019-05-24 15:40:06 - [TEST_STEP][PASSED] - comment("a2 = " + a2): a2 = 10.25

2019-05-24 15:40:06 - [MESSAGE][INFO] - a2 = 10.25

2019-05-24 15:40:06 - [TEST_STEP][PASSED] - c = getText(findTestObject("OCS-MOBILE /Cart page/Sub-total")): Text of object 'Object Repository/OCS-MOBILE /Cart page/Sub-total' is: '$44.35'

2019-05-24 15:40:06 - [MESSAGE][PASSED] - Text of object 'Object Repository/OCS-MOBILE /Cart page/Sub-total' is: '$44.35'

2019-05-24 15:40:06 - [TEST_STEP][PASSED] - comment(c): $44.35

2019-05-24 15:40:06 - [MESSAGE][INFO] - $44.35

2019-05-24 15:40:06 - [TEST_STEP][PASSED] - a3 = c.substring(1): null

2019-05-24 15:40:06 - [TEST_STEP][PASSED] - comment("a3 = " + a3): a3 = 44.35

2019-05-24 15:40:06 - [MESSAGE][INFO] - a3 = 44.35

2019-05-24 15:40:06 - [TEST_STEP][PASSED] - p2 = <not implemented yet for class: org.codehaus.groovy.ast.expr.EmptyExpression>: null

2019-05-24 15:40:06 - [TEST_STEP][PASSED] - p3 = <not implemented yet for class: org.codehaus.groovy.ast.expr.EmptyExpression>: null

2019-05-24 15:40:06 - [TEST_STEP][PASSED] - try: p2=34.1

2019-05-24 15:40:06 - [TEST_STEP][PASSED] - x1 = a1: null

2019-05-24 15:40:06 - [TEST_STEP][PASSED] - comment("x1=" + x1): x1=34.10

2019-05-24 15:40:06 - [MESSAGE][INFO] - x1=34.10

2019-05-24 15:40:06 - [TEST_STEP][PASSED] - p2 = Double.valueOf(x1): null

2019-05-24 15:40:06 - [TEST_STEP][PASSED] - comment("p2=" + p2): p2=34.1

2019-05-24 15:40:06 - [MESSAGE][INFO] - p2=34.1

2019-05-24 15:40:06 - [TEST_STEP][PASSED] - try: p3=10.25

2019-05-24 15:40:06 - [TEST_STEP][PASSED] - x2 = a2: null

2019-05-24 15:40:06 - [TEST_STEP][PASSED] - comment("x2=" + x2): x2=10.25

2019-05-24 15:40:06 - [MESSAGE][INFO] - x2=10.25

2019-05-24 15:40:06 - [TEST_STEP][PASSED] - p3 = Double.valueOf(x2): null

2019-05-24 15:40:06 - [TEST_STEP][PASSED] - comment("p3=" + p3): p3=10.25

2019-05-24 15:40:06 - [MESSAGE][INFO] - p3=10.25

2019-05-24 15:40:06 - [TEST_STEP][PASSED] - comment("p2=" + p2): p2=34.1

2019-05-24 15:40:06 - [MESSAGE][INFO] - p2=34.1

2019-05-24 15:40:06 - [TEST_STEP][PASSED] - comment("p3=" + p3): p3=10.25

2019-05-24 15:40:06 - [MESSAGE][INFO] - p3=10.25

2019-05-24 15:40:06 - [TEST_STEP][PASSED] - total = p2 + p3: null

2019-05-24 15:40:06 - [TEST_STEP][PASSED] - comment("total=" + total): total=44.35

2019-05-24 15:40:06 - [MESSAGE][INFO] - total=44.35

2019-05-24 15:40:06 - [TEST_STEP][PASSED] - verifyEqual(total, a3): Actual object '44.35' and expected object '44.35' are equal

2019-05-24 15:40:06 - [MESSAGE][PASSED] - Actual object '44.35' and expected object '44.35' are equal

2019-05-24 15:40:06 - [TEST_STEP][PASSED] - delay(2): Delayed 2 second(s)

2019-05-24 15:40:08 - [MESSAGE][PASSED] - Delayed 2 second(s)

2019-05-24 15:40:08 - [TEST_STEP][PASSED] - click(findTestObject("OCS-MOBILE /Cart page/Remove icon - 1st Product")): Object: 'Object Repository/OCS-MOBILE /Cart page/Remove icon - 1st Product' is clicked on

2019-05-24 15:40:09 - [MESSAGE][PASSED] - Object: 'Object Repository/OCS-MOBILE /Cart page/Remove icon - 1st Product' is clicked on

2019-05-24 15:40:09 - [TEST_STEP][PASSED] - delay(2): Delayed 2 second(s)

2019-05-24 15:40:11 - [MESSAGE][PASSED] - Delayed 2 second(s)

2019-05-24 15:40:11 - [TEST_STEP][PASSED] - c23 = getText(findTestObject("OCS-MOBILE /Cart page/Sub-total")): Text of object 'Object Repository/OCS-MOBILE /Cart page/Sub-total' is: '$10.25'

2019-05-24 15:40:11 - [MESSAGE][PASSED] - Text of object 'Object Repository/OCS-MOBILE /Cart page/Sub-total' is: '$10.25'

2019-05-24 15:40:11 - [TEST_STEP][PASSED] - comment(c23): $10.25

2019-05-24 15:40:11 - [MESSAGE][INFO] - $10.25

2019-05-24 15:40:11 - [TEST_STEP][PASSED] - a4 = c23.substring(1): null

2019-05-24 15:40:11 - [TEST_STEP][PASSED] - comment("a4= " + a4): a4= 10.25

2019-05-24 15:40:11 - [MESSAGE][INFO] - a4= 10.25

2019-05-24 15:40:11 - [TEST_STEP][PASSED] - b25 = getText(findTestObject("OCS-MOBILE /Cart page/Unit price - 1st product")): Text of object 'Object Repository/OCS-MOBILE /Cart page/Unit price - 1st product' is: '$10.25'

2019-05-24 15:40:11 - [MESSAGE][PASSED] - Text of object 'Object Repository/OCS-MOBILE /Cart page/Unit price - 1st product' is: '$10.25'

2019-05-24 15:40:11 - [TEST_STEP][PASSED] - comment(b25): $10.25

2019-05-24 15:40:11 - [MESSAGE][INFO] - $10.25

2019-05-24 15:40:11 - [TEST_STEP][PASSED] - a25 = b25.substring(1): null

2019-05-24 15:40:11 - [TEST_STEP][PASSED] - comment("a25 = " + a25): a25 = 10.25

2019-05-24 15:40:11 - [MESSAGE][INFO] - a25 = 10.25

2019-05-24 15:40:11 - [TEST_STEP][PASSED] - verifyEqual(a4, a25): Actual object '10.25' and expected object '10.25' are equal

2019-05-24 15:40:11 - [MESSAGE][PASSED] - Actual object '10.25' and expected object '10.25' are equal]]></system-out>
         <system-err><![CDATA[]]></system-err>
      </testcase>
      <testcase name="Test Cases/OCS - MOBILE/OCS- CRITICAL PATH/cart flyout- accessories" classname="Test Cases/OCS - MOBILE/OCS- CRITICAL PATH/cart flyout- accessories" status="PASSED">
         <system-out><![CDATA[2019-05-24 15:40:11 - [TEST_CASE][PASSED] - Test Cases/OCS - MOBILE/OCS- CRITICAL PATH/cart flyout- accessories: Test Cases/OCS - MOBILE/OCS- CRITICAL PATH/cart flyout- accessories

2019-05-24 15:40:11 - [TEST_STEP][PASSED] - callTestCase(findTestCase("OCS - MOBILE/CALL - AGE GATE"), [:], STOP_ON_FAILURE): Call Test Case 'Test Cases/OCS - MOBILE/CALL - AGE GATE' successfully

2019-05-24 15:40:11 - [TEST_CASE][PASSED] - Test Cases/OCS - MOBILE/CALL - AGE GATE: Test Cases/OCS - MOBILE/CALL - AGE GATE

2019-05-24 15:40:12 - [TEST_STEP][PASSED] - openBrowser(""): Browser is opened with url: ''

2019-05-24 15:40:12 - [MESSAGE][WARNING] - A browser is already opened. Closing browser and opening a new one

2019-05-24 15:40:12 - [MESSAGE][INFO] - Starting 'Firefox' driver

2019-05-24 15:40:15 - [MESSAGE][PASSED] - Browser is opened with url: ''

2019-05-24 15:40:15 - [TEST_STEP][PASSED] - navigateToUrl("https://ocs.ca/?fts=0&preview_theme_id=53376026444"): Navigate to 'https://ocs.ca/?fts=0&preview_theme_id=53376026444' successfully

2019-05-24 15:40:25 - [MESSAGE][PASSED] - Navigate to 'https://ocs.ca/?fts=0&preview_theme_id=53376026444' successfully

2019-05-24 15:40:25 - [TEST_STEP][NOT_RUN] - executeJavaScript("var previewBar = document.getElementById("preview-bar-iframe"); previewBar.style.display = "none";", []): NOT_RUN: executeJavaScript("var previewBar = document.getElementById("preview-bar-iframe"); previewBar.style.display = "none";", [])

2019-05-24 15:40:25 - [MESSAGE][NOT_RUN] - NOT_RUN: executeJavaScript("var previewBar = document.getElementById("preview-bar-iframe"); previewBar.style.display = "none";", [])

2019-05-24 15:40:25 - [TEST_STEP][PASSED] - setViewPortSize(360, 800): Viewport is set to new size with width = 360 and height = 800

2019-05-24 15:40:25 - [MESSAGE][PASSED] - Viewport is set to new size with width = 360 and height = 800

2019-05-24 15:40:25 - [TEST_STEP][PASSED] - delay(4): Delayed 4 second(s)

2019-05-24 15:40:29 - [MESSAGE][PASSED] - Delayed 4 second(s)

2019-05-24 15:40:29 - [TEST_STEP][PASSED] - selectOptionByValue(findTestObject("OCS-MOBILE /Age gate and burger menu/Date"), "12", true): All options with value '12' are selected in object 'Object Repository/OCS-MOBILE /Age gate and burger menu/Date'  using regular expression

2019-05-24 15:40:30 - [MESSAGE][PASSED] - All options with value '12' are selected in object 'Object Repository/OCS-MOBILE /Age gate and burger menu/Date'  using regular expression

2019-05-24 15:40:30 - [TEST_STEP][PASSED] - selectOptionByValue(findTestObject("OCS-MOBILE /Age gate and burger menu/month"), "6", true): All options with value '6' are selected in object 'Object Repository/OCS-MOBILE /Age gate and burger menu/month'  using regular expression

2019-05-24 15:40:30 - [MESSAGE][PASSED] - All options with value '6' are selected in object 'Object Repository/OCS-MOBILE /Age gate and burger menu/month'  using regular expression

2019-05-24 15:40:30 - [TEST_STEP][PASSED] - delay(2): Delayed 2 second(s)

2019-05-24 15:40:32 - [MESSAGE][PASSED] - Delayed 2 second(s)

2019-05-24 15:40:32 - [TEST_STEP][PASSED] - selectOptionByValue(findTestObject("OCS-MOBILE /Age gate and burger menu/Year Dropdown"), "1990", true): All options with value '1990' are selected in object 'Object Repository/OCS-MOBILE /Age gate and burger menu/Year Dropdown'  using regular expression

2019-05-24 15:40:34 - [MESSAGE][PASSED] - All options with value '1990' are selected in object 'Object Repository/OCS-MOBILE /Age gate and burger menu/Year Dropdown'  using regular expression

2019-05-24 15:40:34 - [TEST_STEP][PASSED] - click(findTestObject("OCS-MOBILE /Age gate and burger menu/button_Verify")): Object: 'Object Repository/OCS-MOBILE /Age gate and burger menu/button_Verify' is clicked on

2019-05-24 15:40:34 - [MESSAGE][PASSED] - Object: 'Object Repository/OCS-MOBILE /Age gate and burger menu/button_Verify' is clicked on

2019-05-24 15:40:34 - [TEST_STEP][PASSED] - click(findTestObject("OCS-MOBILE /Age gate and burger menu/Checkbox_CONFIRM AND ACKNOWLEDGE")): Object: 'Object Repository/OCS-MOBILE /Age gate and burger menu/Checkbox_CONFIRM AND ACKNOWLEDGE' is clicked on

2019-05-24 15:40:34 - [MESSAGE][PASSED] - Object: 'Object Repository/OCS-MOBILE /Age gate and burger menu/Checkbox_CONFIRM AND ACKNOWLEDGE' is clicked on

2019-05-24 15:40:34 - [TEST_STEP][PASSED] - click(findTestObject("OCS-MOBILE /Age gate and burger menu/button_CONFIRM")): Object: 'Object Repository/OCS-MOBILE /Age gate and burger menu/button_CONFIRM' is clicked on

2019-05-24 15:40:34 - [MESSAGE][PASSED] - Object: 'Object Repository/OCS-MOBILE /Age gate and burger menu/button_CONFIRM' is clicked on

2019-05-24 15:40:34 - [TEST_STEP][PASSED] - click(findTestObject("OCS-MOBILE /Age gate and burger menu/button_Start Browsing")): Object: 'Object Repository/OCS-MOBILE /Age gate and burger menu/button_Start Browsing' is clicked on

2019-05-24 15:40:35 - [MESSAGE][PASSED] - Object: 'Object Repository/OCS-MOBILE /Age gate and burger menu/button_Start Browsing' is clicked on

2019-05-24 15:40:35 - [MESSAGE][PASSED] - Call Test Case 'Test Cases/OCS - MOBILE/CALL - AGE GATE' successfully

2019-05-24 15:40:35 - [TEST_STEP][PASSED] - delay(2): Delayed 2 second(s)

2019-05-24 15:40:37 - [MESSAGE][PASSED] - Delayed 2 second(s)

2019-05-24 15:40:37 - [TEST_STEP][PASSED] - click(findTestObject("OCS-MOBILE /Age gate and burger menu/Burger menu - English")): Object: 'Object Repository/OCS-MOBILE /Age gate and burger menu/Burger menu - English' is clicked on

2019-05-24 15:40:37 - [MESSAGE][PASSED] - Object: 'Object Repository/OCS-MOBILE /Age gate and burger menu/Burger menu - English' is clicked on

2019-05-24 15:40:37 - [TEST_STEP][PASSED] - delay(2): Delayed 2 second(s)

2019-05-24 15:40:39 - [MESSAGE][PASSED] - Delayed 2 second(s)

2019-05-24 15:40:39 - [TEST_STEP][PASSED] - click(findTestObject("OCS-MOBILE /Age gate and burger menu/Chevron_Cannabis")): Object: 'Object Repository/OCS-MOBILE /Age gate and burger menu/Chevron_Cannabis' is clicked on

2019-05-24 15:40:39 - [MESSAGE][PASSED] - Object: 'Object Repository/OCS-MOBILE /Age gate and burger menu/Chevron_Cannabis' is clicked on

2019-05-24 15:40:39 - [TEST_STEP][PASSED] - delay(2): Delayed 2 second(s)

2019-05-24 15:40:41 - [MESSAGE][PASSED] - Delayed 2 second(s)

2019-05-24 15:40:41 - [TEST_STEP][PASSED] - click(findTestObject("OCS-MOBILE /Age gate and burger menu/Dried Flower_Plus icon")): Object: 'Object Repository/OCS-MOBILE /Age gate and burger menu/Dried Flower_Plus icon' is clicked on

2019-05-24 15:40:41 - [MESSAGE][PASSED] - Object: 'Object Repository/OCS-MOBILE /Age gate and burger menu/Dried Flower_Plus icon' is clicked on

2019-05-24 15:40:41 - [TEST_STEP][PASSED] - delay(2): Delayed 2 second(s)

2019-05-24 15:40:43 - [MESSAGE][PASSED] - Delayed 2 second(s)

2019-05-24 15:40:43 - [TEST_STEP][PASSED] - click(findTestObject("OCS-MOBILE /Age gate and burger menu/Indica Dominant_Menu item")): Object: 'Object Repository/OCS-MOBILE /Age gate and burger menu/Indica Dominant_Menu item' is clicked on

2019-05-24 15:40:46 - [MESSAGE][PASSED] - Object: 'Object Repository/OCS-MOBILE /Age gate and burger menu/Indica Dominant_Menu item' is clicked on

2019-05-24 15:40:46 - [TEST_STEP][PASSED] - delay(2): Delayed 2 second(s)

2019-05-24 15:40:48 - [MESSAGE][PASSED] - Delayed 2 second(s)

2019-05-24 15:40:48 - [TEST_STEP][PASSED] - click(findTestObject("OCS-MOBILE /Collection page/Product image - 1st one")): Object: 'Object Repository/OCS-MOBILE /Collection page/Product image - 1st one' is clicked on

2019-05-24 15:40:50 - [MESSAGE][PASSED] - Object: 'Object Repository/OCS-MOBILE /Collection page/Product image - 1st one' is clicked on

2019-05-24 15:40:50 - [TEST_STEP][PASSED] - scrollToElement(findTestObject("OCS-MOBILE /Product page/Product image"), 1): Scroll to object 'Object Repository/OCS-MOBILE /Product page/Product image' successfully

2019-05-24 15:40:50 - [MESSAGE][PASSED] - Scroll to object 'Object Repository/OCS-MOBILE /Product page/Product image' successfully

2019-05-24 15:40:50 - [TEST_STEP][PASSED] - delay(2): Delayed 2 second(s)

2019-05-24 15:40:52 - [MESSAGE][PASSED] - Delayed 2 second(s)

2019-05-24 15:40:52 - [TEST_STEP][PASSED] - click(findTestObject("OCS-MOBILE /Product page/Swatch_1g")): Object: 'Object Repository/OCS-MOBILE /Product page/Swatch_1g' is clicked on

2019-05-24 15:40:52 - [MESSAGE][PASSED] - Object: 'Object Repository/OCS-MOBILE /Product page/Swatch_1g' is clicked on

2019-05-24 15:40:52 - [TEST_STEP][PASSED] - scrollToElement(findTestObject("OCS-MOBILE /Product page/Swatch_3.5g"), 1): Scroll to object 'Object Repository/OCS-MOBILE /Product page/Swatch_3.5g' successfully

2019-05-24 15:40:52 - [MESSAGE][PASSED] - Scroll to object 'Object Repository/OCS-MOBILE /Product page/Swatch_3.5g' successfully

2019-05-24 15:40:52 - [TEST_STEP][PASSED] - delay(2): Delayed 2 second(s)

2019-05-24 15:40:54 - [MESSAGE][PASSED] - Delayed 2 second(s)

2019-05-24 15:40:54 - [TEST_STEP][PASSED] - click(findTestObject("OCS-MOBILE /Product page/Add to Bag-button")): Object: 'Object Repository/OCS-MOBILE /Product page/Add to Bag-button' is clicked on

2019-05-24 15:40:55 - [MESSAGE][PASSED] - Object: 'Object Repository/OCS-MOBILE /Product page/Add to Bag-button' is clicked on

2019-05-24 15:40:55 - [TEST_STEP][PASSED] - delay(2): Delayed 2 second(s)

2019-05-24 15:40:57 - [MESSAGE][PASSED] - Delayed 2 second(s)

2019-05-24 15:40:57 - [TEST_STEP][PASSED] - click(findTestObject("OCS-MOBILE /Home - page/Cart icon -bag")): Object: 'Object Repository/OCS-MOBILE /Home - page/Cart icon -bag' is clicked on

2019-05-24 15:40:57 - [MESSAGE][PASSED] - Object: 'Object Repository/OCS-MOBILE /Home - page/Cart icon -bag' is clicked on

2019-05-24 15:40:57 - [TEST_STEP][PASSED] - delay(2): Delayed 2 second(s)

2019-05-24 15:40:59 - [MESSAGE][PASSED] - Delayed 2 second(s)

2019-05-24 15:40:59 - [TEST_STEP][PASSED] - click(findTestObject("OCS-MOBILE /Cart flyout/Up Chevron - Accessories you might need")): Object: 'Object Repository/OCS-MOBILE /Cart flyout/Up Chevron - Accessories you might need' is clicked on

2019-05-24 15:40:59 - [MESSAGE][PASSED] - Object: 'Object Repository/OCS-MOBILE /Cart flyout/Up Chevron - Accessories you might need' is clicked on

2019-05-24 15:40:59 - [TEST_STEP][PASSED] - delay(4): Delayed 4 second(s)

2019-05-24 15:41:03 - [MESSAGE][PASSED] - Delayed 4 second(s)

2019-05-24 15:41:03 - [TEST_STEP][PASSED] - click(findTestObject("OCS-MOBILE /Cart flyout/Down Chevron - Accessories you might need")): Object: 'Object Repository/OCS-MOBILE /Cart flyout/Down Chevron - Accessories you might need' is clicked on

2019-05-24 15:41:04 - [MESSAGE][PASSED] - Object: 'Object Repository/OCS-MOBILE /Cart flyout/Down Chevron - Accessories you might need' is clicked on]]></system-out>
         <system-err><![CDATA[]]></system-err>
      </testcase>
      <testcase name="Test Cases/OCS - MOBILE/OCS- CRITICAL PATH/Cart flyout- decrease qty" classname="Test Cases/OCS - MOBILE/OCS- CRITICAL PATH/Cart flyout- decrease qty" status="PASSED">
         <system-out><![CDATA[2019-05-24 15:41:04 - [TEST_CASE][PASSED] - Test Cases/OCS - MOBILE/OCS- CRITICAL PATH/Cart flyout- decrease qty: Test Cases/OCS - MOBILE/OCS- CRITICAL PATH/Cart flyout- decrease qty

2019-05-24 15:41:04 - [TEST_STEP][PASSED] - callTestCase(findTestCase("OCS - MOBILE/CALL - AGE GATE"), [:], STOP_ON_FAILURE): Call Test Case 'Test Cases/OCS - MOBILE/CALL - AGE GATE' successfully

2019-05-24 15:41:04 - [TEST_CASE][PASSED] - Test Cases/OCS - MOBILE/CALL - AGE GATE: Test Cases/OCS - MOBILE/CALL - AGE GATE

2019-05-24 15:41:04 - [TEST_STEP][PASSED] - openBrowser(""): Browser is opened with url: ''

2019-05-24 15:41:04 - [MESSAGE][WARNING] - A browser is already opened. Closing browser and opening a new one

2019-05-24 15:41:04 - [MESSAGE][INFO] - Starting 'Firefox' driver

2019-05-24 15:41:07 - [MESSAGE][PASSED] - Browser is opened with url: ''

2019-05-24 15:41:07 - [TEST_STEP][PASSED] - navigateToUrl("https://ocs.ca/?fts=0&preview_theme_id=53376026444"): Navigate to 'https://ocs.ca/?fts=0&preview_theme_id=53376026444' successfully

2019-05-24 15:41:15 - [MESSAGE][PASSED] - Navigate to 'https://ocs.ca/?fts=0&preview_theme_id=53376026444' successfully

2019-05-24 15:41:15 - [TEST_STEP][NOT_RUN] - executeJavaScript("var previewBar = document.getElementById("preview-bar-iframe"); previewBar.style.display = "none";", []): NOT_RUN: executeJavaScript("var previewBar = document.getElementById("preview-bar-iframe"); previewBar.style.display = "none";", [])

2019-05-24 15:41:15 - [MESSAGE][NOT_RUN] - NOT_RUN: executeJavaScript("var previewBar = document.getElementById("preview-bar-iframe"); previewBar.style.display = "none";", [])

2019-05-24 15:41:15 - [TEST_STEP][PASSED] - setViewPortSize(360, 800): Viewport is set to new size with width = 360 and height = 800

2019-05-24 15:41:15 - [MESSAGE][PASSED] - Viewport is set to new size with width = 360 and height = 800

2019-05-24 15:41:15 - [TEST_STEP][PASSED] - delay(4): Delayed 4 second(s)

2019-05-24 15:41:19 - [MESSAGE][PASSED] - Delayed 4 second(s)

2019-05-24 15:41:19 - [TEST_STEP][PASSED] - selectOptionByValue(findTestObject("OCS-MOBILE /Age gate and burger menu/Date"), "12", true): All options with value '12' are selected in object 'Object Repository/OCS-MOBILE /Age gate and burger menu/Date'  using regular expression

2019-05-24 15:41:20 - [MESSAGE][PASSED] - All options with value '12' are selected in object 'Object Repository/OCS-MOBILE /Age gate and burger menu/Date'  using regular expression

2019-05-24 15:41:20 - [TEST_STEP][PASSED] - selectOptionByValue(findTestObject("OCS-MOBILE /Age gate and burger menu/month"), "6", true): All options with value '6' are selected in object 'Object Repository/OCS-MOBILE /Age gate and burger menu/month'  using regular expression

2019-05-24 15:41:21 - [MESSAGE][PASSED] - All options with value '6' are selected in object 'Object Repository/OCS-MOBILE /Age gate and burger menu/month'  using regular expression

2019-05-24 15:41:21 - [TEST_STEP][PASSED] - delay(2): Delayed 2 second(s)

2019-05-24 15:41:23 - [MESSAGE][PASSED] - Delayed 2 second(s)

2019-05-24 15:41:23 - [TEST_STEP][PASSED] - selectOptionByValue(findTestObject("OCS-MOBILE /Age gate and burger menu/Year Dropdown"), "1990", true): All options with value '1990' are selected in object 'Object Repository/OCS-MOBILE /Age gate and burger menu/Year Dropdown'  using regular expression

2019-05-24 15:41:24 - [MESSAGE][PASSED] - All options with value '1990' are selected in object 'Object Repository/OCS-MOBILE /Age gate and burger menu/Year Dropdown'  using regular expression

2019-05-24 15:41:24 - [TEST_STEP][PASSED] - click(findTestObject("OCS-MOBILE /Age gate and burger menu/button_Verify")): Object: 'Object Repository/OCS-MOBILE /Age gate and burger menu/button_Verify' is clicked on

2019-05-24 15:41:24 - [MESSAGE][PASSED] - Object: 'Object Repository/OCS-MOBILE /Age gate and burger menu/button_Verify' is clicked on

2019-05-24 15:41:24 - [TEST_STEP][PASSED] - click(findTestObject("OCS-MOBILE /Age gate and burger menu/Checkbox_CONFIRM AND ACKNOWLEDGE")): Object: 'Object Repository/OCS-MOBILE /Age gate and burger menu/Checkbox_CONFIRM AND ACKNOWLEDGE' is clicked on

2019-05-24 15:41:24 - [MESSAGE][PASSED] - Object: 'Object Repository/OCS-MOBILE /Age gate and burger menu/Checkbox_CONFIRM AND ACKNOWLEDGE' is clicked on

2019-05-24 15:41:24 - [TEST_STEP][PASSED] - click(findTestObject("OCS-MOBILE /Age gate and burger menu/button_CONFIRM")): Object: 'Object Repository/OCS-MOBILE /Age gate and burger menu/button_CONFIRM' is clicked on

2019-05-24 15:41:25 - [MESSAGE][PASSED] - Object: 'Object Repository/OCS-MOBILE /Age gate and burger menu/button_CONFIRM' is clicked on

2019-05-24 15:41:25 - [TEST_STEP][PASSED] - click(findTestObject("OCS-MOBILE /Age gate and burger menu/button_Start Browsing")): Object: 'Object Repository/OCS-MOBILE /Age gate and burger menu/button_Start Browsing' is clicked on

2019-05-24 15:41:25 - [MESSAGE][PASSED] - Object: 'Object Repository/OCS-MOBILE /Age gate and burger menu/button_Start Browsing' is clicked on

2019-05-24 15:41:25 - [MESSAGE][PASSED] - Call Test Case 'Test Cases/OCS - MOBILE/CALL - AGE GATE' successfully

2019-05-24 15:41:25 - [TEST_STEP][PASSED] - delay(2): Delayed 2 second(s)

2019-05-24 15:41:27 - [MESSAGE][PASSED] - Delayed 2 second(s)

2019-05-24 15:41:27 - [TEST_STEP][PASSED] - click(findTestObject("OCS-MOBILE /Age gate and burger menu/Burger menu - English")): Object: 'Object Repository/OCS-MOBILE /Age gate and burger menu/Burger menu - English' is clicked on

2019-05-24 15:41:27 - [MESSAGE][PASSED] - Object: 'Object Repository/OCS-MOBILE /Age gate and burger menu/Burger menu - English' is clicked on

2019-05-24 15:41:27 - [TEST_STEP][PASSED] - delay(2): Delayed 2 second(s)

2019-05-24 15:41:29 - [MESSAGE][PASSED] - Delayed 2 second(s)

2019-05-24 15:41:29 - [TEST_STEP][PASSED] - click(findTestObject("OCS-MOBILE /Age gate and burger menu/Chevron_Cannabis")): Object: 'Object Repository/OCS-MOBILE /Age gate and burger menu/Chevron_Cannabis' is clicked on

2019-05-24 15:41:30 - [MESSAGE][PASSED] - Object: 'Object Repository/OCS-MOBILE /Age gate and burger menu/Chevron_Cannabis' is clicked on

2019-05-24 15:41:30 - [TEST_STEP][PASSED] - delay(2): Delayed 2 second(s)

2019-05-24 15:41:32 - [MESSAGE][PASSED] - Delayed 2 second(s)

2019-05-24 15:41:32 - [TEST_STEP][PASSED] - click(findTestObject("OCS-MOBILE /Age gate and burger menu/Dried Flower_Plus icon")): Object: 'Object Repository/OCS-MOBILE /Age gate and burger menu/Dried Flower_Plus icon' is clicked on

2019-05-24 15:41:32 - [MESSAGE][PASSED] - Object: 'Object Repository/OCS-MOBILE /Age gate and burger menu/Dried Flower_Plus icon' is clicked on

2019-05-24 15:41:32 - [TEST_STEP][PASSED] - delay(2): Delayed 2 second(s)

2019-05-24 15:41:34 - [MESSAGE][PASSED] - Delayed 2 second(s)

2019-05-24 15:41:34 - [TEST_STEP][PASSED] - click(findTestObject("OCS-MOBILE /Age gate and burger menu/Indica Dominant_Menu item")): Object: 'Object Repository/OCS-MOBILE /Age gate and burger menu/Indica Dominant_Menu item' is clicked on

2019-05-24 15:41:36 - [MESSAGE][PASSED] - Object: 'Object Repository/OCS-MOBILE /Age gate and burger menu/Indica Dominant_Menu item' is clicked on

2019-05-24 15:41:36 - [TEST_STEP][PASSED] - delay(2): Delayed 2 second(s)

2019-05-24 15:41:38 - [MESSAGE][PASSED] - Delayed 2 second(s)

2019-05-24 15:41:38 - [TEST_STEP][PASSED] - click(findTestObject("OCS-MOBILE /Collection page/Product image - 1st one")): Object: 'Object Repository/OCS-MOBILE /Collection page/Product image - 1st one' is clicked on

2019-05-24 15:41:41 - [MESSAGE][PASSED] - Object: 'Object Repository/OCS-MOBILE /Collection page/Product image - 1st one' is clicked on

2019-05-24 15:41:41 - [TEST_STEP][PASSED] - executeJavaScript("var previewBar = document.getElementById("preview-bar-iframe"); previewBar.style.display = "none";", []): Execute JavaScript 'var previewBar = document.getElementById("preview-bar-iframe"); previewBar.style.display = "none";' successfully

2019-05-24 15:41:41 - [MESSAGE][PASSED] - Execute JavaScript 'var previewBar = document.getElementById("preview-bar-iframe"); previewBar.style.display = "none";' successfully

2019-05-24 15:41:41 - [TEST_STEP][PASSED] - scrollToElement(findTestObject("OCS-MOBILE /Product page/Product image"), 1): Scroll to object 'Object Repository/OCS-MOBILE /Product page/Product image' successfully

2019-05-24 15:41:41 - [MESSAGE][PASSED] - Scroll to object 'Object Repository/OCS-MOBILE /Product page/Product image' successfully

2019-05-24 15:41:41 - [TEST_STEP][PASSED] - delay(2): Delayed 2 second(s)

2019-05-24 15:41:43 - [MESSAGE][PASSED] - Delayed 2 second(s)

2019-05-24 15:41:43 - [TEST_STEP][PASSED] - flag = verifyElementClickable(findTestObject("OCS-MOBILE /Product page/Swatch_3.5g")): Object 'Object Repository/OCS-MOBILE /Product page/Swatch_3.5g' is clickable

2019-05-24 15:41:43 - [MESSAGE][PASSED] - Object 'Object Repository/OCS-MOBILE /Product page/Swatch_3.5g' is clickable

2019-05-24 15:41:43 - [TEST_STEP][PASSED] - takeScreenshot(): Taking screenshot successfully

2019-05-24 15:41:43 - [MESSAGE][PASSED] - Taking screenshot successfully
[[ATTACHMENT|/Users/sumankompelly/Katalon Studio/OCS ( QA- 1.9.1 ) /Reports/QA ( 1.9.1)/critical path/20190524_153835/1558726903249.png]]

2019-05-24 15:41:43 - [TEST_STEP][PASSED] - comment(" flag =" + flag):  flag =true

2019-05-24 15:41:43 - [MESSAGE][INFO] -  flag =true

2019-05-24 15:41:43 - [TEST_STEP][PASSED] - if (flag == true):  price changed . Quantity selector is working

2019-05-24 15:41:43 - [TEST_STEP][NOT_RUN] - scrollToElement(findTestObject("OCS-MOBILE /Product page/Swatch_3.5g"), 1): NOT_RUN: scrollToElement(findTestObject("OCS-MOBILE /Product page/Swatch_3.5g"), 1)

2019-05-24 15:41:43 - [MESSAGE][NOT_RUN] - NOT_RUN: scrollToElement(findTestObject("OCS-MOBILE /Product page/Swatch_3.5g"), 1)

2019-05-24 15:41:43 - [TEST_STEP][PASSED] - delay(2): Delayed 2 second(s)

2019-05-24 15:41:45 - [MESSAGE][PASSED] - Delayed 2 second(s)

2019-05-24 15:41:45 - [TEST_STEP][PASSED] - click(findTestObject("OCS-MOBILE /Product page/Swatch_1g"), CONTINUE_ON_FAILURE): Object: 'Object Repository/OCS-MOBILE /Product page/Swatch_1g' is clicked on

2019-05-24 15:41:45 - [MESSAGE][PASSED] - Object: 'Object Repository/OCS-MOBILE /Product page/Swatch_1g' is clicked on

2019-05-24 15:41:45 - [TEST_STEP][PASSED] - delay(2): Delayed 2 second(s)

2019-05-24 15:41:47 - [MESSAGE][PASSED] - Delayed 2 second(s)

2019-05-24 15:41:47 - [TEST_STEP][PASSED] - click(findTestObject("OCS-MOBILE /Product page/Quantity Increase - Button")): Object: 'Object Repository/OCS-MOBILE /Product page/Quantity Increase - Button' is clicked on

2019-05-24 15:41:47 - [MESSAGE][PASSED] - Object: 'Object Repository/OCS-MOBILE /Product page/Quantity Increase - Button' is clicked on

2019-05-24 15:41:47 - [TEST_STEP][PASSED] - click(findTestObject("OCS-MOBILE /Product page/Quantity Increase - Button")): Object: 'Object Repository/OCS-MOBILE /Product page/Quantity Increase - Button' is clicked on

2019-05-24 15:41:48 - [MESSAGE][PASSED] - Object: 'Object Repository/OCS-MOBILE /Product page/Quantity Increase - Button' is clicked on

2019-05-24 15:41:48 - [TEST_STEP][PASSED] - click(findTestObject("OCS-MOBILE /Product page/Quantity Increase - Button")): Object: 'Object Repository/OCS-MOBILE /Product page/Quantity Increase - Button' is clicked on

2019-05-24 15:41:48 - [MESSAGE][PASSED] - Object: 'Object Repository/OCS-MOBILE /Product page/Quantity Increase - Button' is clicked on

2019-05-24 15:41:48 - [TEST_STEP][PASSED] - click(findTestObject("OCS-MOBILE /Product page/Quantity Increase - Button")): Object: 'Object Repository/OCS-MOBILE /Product page/Quantity Increase - Button' is clicked on

2019-05-24 15:41:48 - [MESSAGE][PASSED] - Object: 'Object Repository/OCS-MOBILE /Product page/Quantity Increase - Button' is clicked on

2019-05-24 15:41:48 - [TEST_STEP][PASSED] - click(findTestObject("OCS-MOBILE /Product page/Quantity Increase - Button")): Object: 'Object Repository/OCS-MOBILE /Product page/Quantity Increase - Button' is clicked on

2019-05-24 15:41:48 - [MESSAGE][PASSED] - Object: 'Object Repository/OCS-MOBILE /Product page/Quantity Increase - Button' is clicked on

2019-05-24 15:41:48 - [TEST_STEP][PASSED] - delay(2): Delayed 2 second(s)

2019-05-24 15:41:50 - [MESSAGE][PASSED] - Delayed 2 second(s)

2019-05-24 15:41:50 - [TEST_STEP][PASSED] - click(findTestObject("OCS-MOBILE /Product page/Add to Bag-button")): Object: 'Object Repository/OCS-MOBILE /Product page/Add to Bag-button' is clicked on

2019-05-24 15:41:50 - [MESSAGE][PASSED] - Object: 'Object Repository/OCS-MOBILE /Product page/Add to Bag-button' is clicked on

2019-05-24 15:41:50 - [TEST_STEP][PASSED] - delay(1): Delayed 1 second(s)

2019-05-24 15:41:51 - [MESSAGE][PASSED] - Delayed 1 second(s)

2019-05-24 15:41:51 - [TEST_STEP][PASSED] - click(findTestObject("OCS-MOBILE /Home - page/Cart icon -bag")): Object: 'Object Repository/OCS-MOBILE /Home - page/Cart icon -bag' is clicked on

2019-05-24 15:41:52 - [MESSAGE][PASSED] - Object: 'Object Repository/OCS-MOBILE /Home - page/Cart icon -bag' is clicked on

2019-05-24 15:41:52 - [TEST_STEP][PASSED] - delay(2): Delayed 2 second(s)

2019-05-24 15:41:54 - [MESSAGE][PASSED] - Delayed 2 second(s)

2019-05-24 15:41:54 - [TEST_STEP][PASSED] - click(findTestObject("OCS-MOBILE /Cart flyout/Quantity decrease - Product")): Object: 'Object Repository/OCS-MOBILE /Cart flyout/Quantity decrease - Product' is clicked on

2019-05-24 15:41:54 - [MESSAGE][PASSED] - Object: 'Object Repository/OCS-MOBILE /Cart flyout/Quantity decrease - Product' is clicked on

2019-05-24 15:41:54 - [TEST_STEP][PASSED] - delay(2): Delayed 2 second(s)

2019-05-24 15:41:56 - [MESSAGE][PASSED] - Delayed 2 second(s)

2019-05-24 15:41:56 - [TEST_STEP][PASSED] - a = getText(findTestObject("OCS-MOBILE /Cart flyout/Unit price - Product")): Text of object 'Object Repository/OCS-MOBILE /Cart flyout/Unit price - Product' is: '$47.75'

2019-05-24 15:41:56 - [MESSAGE][PASSED] - Text of object 'Object Repository/OCS-MOBILE /Cart flyout/Unit price - Product' is: '$47.75'

2019-05-24 15:41:56 - [TEST_STEP][PASSED] - comment(a): $47.75

2019-05-24 15:41:56 - [MESSAGE][INFO] - $47.75

2019-05-24 15:41:56 - [TEST_STEP][PASSED] - b = a.substring(1): null

2019-05-24 15:41:56 - [TEST_STEP][PASSED] - comment(b): 47.75

2019-05-24 15:41:56 - [MESSAGE][INFO] - 47.75

2019-05-24 15:41:56 - [TEST_STEP][PASSED] - setText(findTestObject("OCS-MOBILE /Cart flyout/input_-_updates"), "5"): Text '5' is set on object 'Object Repository/OCS-MOBILE /Cart flyout/input_-_updates'

2019-05-24 15:41:56 - [MESSAGE][PASSED] - Text '5' is set on object 'Object Repository/OCS-MOBILE /Cart flyout/input_-_updates'

2019-05-24 15:41:56 - [TEST_STEP][PASSED] - delay(2): Delayed 2 second(s)

2019-05-24 15:41:58 - [MESSAGE][PASSED] - Delayed 2 second(s)

2019-05-24 15:41:58 - [TEST_STEP][PASSED] - setText(findTestObject("OCS-MOBILE /Cart flyout/input_-_updates"), "4"): Text '4' is set on object 'Object Repository/OCS-MOBILE /Cart flyout/input_-_updates'

2019-05-24 15:41:58 - [MESSAGE][PASSED] - Text '4' is set on object 'Object Repository/OCS-MOBILE /Cart flyout/input_-_updates'

2019-05-24 15:41:58 - [TEST_STEP][PASSED] - click(findTestObject("OCS-MOBILE /Cart flyout/i_-_icon--subtract")): Object: 'Object Repository/OCS-MOBILE /Cart flyout/i_-_icon--subtract' is clicked on

2019-05-24 15:41:58 - [MESSAGE][PASSED] - Object: 'Object Repository/OCS-MOBILE /Cart flyout/i_-_icon--subtract' is clicked on

2019-05-24 15:41:58 - [TEST_STEP][PASSED] - click(findTestObject("OCS-MOBILE /Cart flyout/i_-_icon--subtract")): Object: 'Object Repository/OCS-MOBILE /Cart flyout/i_-_icon--subtract' is clicked on

2019-05-24 15:41:59 - [MESSAGE][PASSED] - Object: 'Object Repository/OCS-MOBILE /Cart flyout/i_-_icon--subtract' is clicked on

2019-05-24 15:41:59 - [TEST_STEP][PASSED] - click(findTestObject("OCS-MOBILE /Cart flyout/i_-_icon--subtract")): Object: 'Object Repository/OCS-MOBILE /Cart flyout/i_-_icon--subtract' is clicked on

2019-05-24 15:41:59 - [MESSAGE][PASSED] - Object: 'Object Repository/OCS-MOBILE /Cart flyout/i_-_icon--subtract' is clicked on

2019-05-24 15:41:59 - [TEST_STEP][PASSED] - delay(5): Delayed 5 second(s)

2019-05-24 15:42:04 - [MESSAGE][PASSED] - Delayed 5 second(s)

2019-05-24 15:42:04 - [TEST_STEP][PASSED] - c = getText(findTestObject("OCS-MOBILE /Cart flyout/Unit price - Product")): Text of object 'Object Repository/OCS-MOBILE /Cart flyout/Unit price - Product' is: '$9.55'

2019-05-24 15:42:04 - [MESSAGE][PASSED] - Text of object 'Object Repository/OCS-MOBILE /Cart flyout/Unit price - Product' is: '$9.55'

2019-05-24 15:42:04 - [TEST_STEP][PASSED] - comment(c): $9.55

2019-05-24 15:42:04 - [MESSAGE][INFO] - $9.55

2019-05-24 15:42:04 - [TEST_STEP][PASSED] - d = c.substring(1): null

2019-05-24 15:42:04 - [TEST_STEP][PASSED] - comment(d): 9.55

2019-05-24 15:42:04 - [MESSAGE][INFO] - 9.55

2019-05-24 15:42:04 - [TEST_STEP][PASSED] - verifyNotEqual("c", "d"): Actual object 'c' and expected object 'd' are not equal

2019-05-24 15:42:04 - [MESSAGE][PASSED] - Actual object 'c' and expected object 'd' are not equal

2019-05-24 15:42:04 - [TEST_STEP][PASSED] - comment(" price changed . Quantity selector is working"):  price changed . Quantity selector is working

2019-05-24 15:42:04 - [MESSAGE][INFO] -  price changed . Quantity selector is working]]></system-out>
         <system-err><![CDATA[]]></system-err>
      </testcase>
      <testcase name="Test Cases/OCS - MOBILE/OCS- CRITICAL PATH/Cart flyout- increase qty" classname="Test Cases/OCS - MOBILE/OCS- CRITICAL PATH/Cart flyout- increase qty" status="PASSED">
         <system-out><![CDATA[2019-05-24 15:42:04 - [TEST_CASE][PASSED] - Test Cases/OCS - MOBILE/OCS- CRITICAL PATH/Cart flyout- increase qty: Test Cases/OCS - MOBILE/OCS- CRITICAL PATH/Cart flyout- increase qty

2019-05-24 15:42:04 - [TEST_STEP][PASSED] - callTestCase(findTestCase("OCS - MOBILE/CALL - AGE GATE"), [:], STOP_ON_FAILURE): Call Test Case 'Test Cases/OCS - MOBILE/CALL - AGE GATE' successfully

2019-05-24 15:42:04 - [TEST_CASE][PASSED] - Test Cases/OCS - MOBILE/CALL - AGE GATE: Test Cases/OCS - MOBILE/CALL - AGE GATE

2019-05-24 15:42:04 - [TEST_STEP][PASSED] - openBrowser(""): Browser is opened with url: ''

2019-05-24 15:42:04 - [MESSAGE][WARNING] - A browser is already opened. Closing browser and opening a new one

2019-05-24 15:42:05 - [MESSAGE][INFO] - Starting 'Firefox' driver

2019-05-24 15:42:07 - [MESSAGE][PASSED] - Browser is opened with url: ''

2019-05-24 15:42:07 - [TEST_STEP][PASSED] - navigateToUrl("https://ocs.ca/?fts=0&preview_theme_id=53376026444"): Navigate to 'https://ocs.ca/?fts=0&preview_theme_id=53376026444' successfully

2019-05-24 15:42:15 - [MESSAGE][PASSED] - Navigate to 'https://ocs.ca/?fts=0&preview_theme_id=53376026444' successfully

2019-05-24 15:42:15 - [TEST_STEP][NOT_RUN] - executeJavaScript("var previewBar = document.getElementById("preview-bar-iframe"); previewBar.style.display = "none";", []): NOT_RUN: executeJavaScript("var previewBar = document.getElementById("preview-bar-iframe"); previewBar.style.display = "none";", [])

2019-05-24 15:42:15 - [MESSAGE][NOT_RUN] - NOT_RUN: executeJavaScript("var previewBar = document.getElementById("preview-bar-iframe"); previewBar.style.display = "none";", [])

2019-05-24 15:42:15 - [TEST_STEP][PASSED] - setViewPortSize(360, 800): Viewport is set to new size with width = 360 and height = 800

2019-05-24 15:42:15 - [MESSAGE][PASSED] - Viewport is set to new size with width = 360 and height = 800

2019-05-24 15:42:15 - [TEST_STEP][PASSED] - delay(4): Delayed 4 second(s)

2019-05-24 15:42:19 - [MESSAGE][PASSED] - Delayed 4 second(s)

2019-05-24 15:42:19 - [TEST_STEP][PASSED] - selectOptionByValue(findTestObject("OCS-MOBILE /Age gate and burger menu/Date"), "12", true): All options with value '12' are selected in object 'Object Repository/OCS-MOBILE /Age gate and burger menu/Date'  using regular expression

2019-05-24 15:42:20 - [MESSAGE][PASSED] - All options with value '12' are selected in object 'Object Repository/OCS-MOBILE /Age gate and burger menu/Date'  using regular expression

2019-05-24 15:42:20 - [TEST_STEP][PASSED] - selectOptionByValue(findTestObject("OCS-MOBILE /Age gate and burger menu/month"), "6", true): All options with value '6' are selected in object 'Object Repository/OCS-MOBILE /Age gate and burger menu/month'  using regular expression

2019-05-24 15:42:21 - [MESSAGE][PASSED] - All options with value '6' are selected in object 'Object Repository/OCS-MOBILE /Age gate and burger menu/month'  using regular expression

2019-05-24 15:42:21 - [TEST_STEP][PASSED] - delay(2): Delayed 2 second(s)

2019-05-24 15:42:23 - [MESSAGE][PASSED] - Delayed 2 second(s)

2019-05-24 15:42:23 - [TEST_STEP][PASSED] - selectOptionByValue(findTestObject("OCS-MOBILE /Age gate and burger menu/Year Dropdown"), "1990", true): All options with value '1990' are selected in object 'Object Repository/OCS-MOBILE /Age gate and burger menu/Year Dropdown'  using regular expression

2019-05-24 15:42:24 - [MESSAGE][PASSED] - All options with value '1990' are selected in object 'Object Repository/OCS-MOBILE /Age gate and burger menu/Year Dropdown'  using regular expression

2019-05-24 15:42:24 - [TEST_STEP][PASSED] - click(findTestObject("OCS-MOBILE /Age gate and burger menu/button_Verify")): Object: 'Object Repository/OCS-MOBILE /Age gate and burger menu/button_Verify' is clicked on

2019-05-24 15:42:24 - [MESSAGE][PASSED] - Object: 'Object Repository/OCS-MOBILE /Age gate and burger menu/button_Verify' is clicked on

2019-05-24 15:42:24 - [TEST_STEP][PASSED] - click(findTestObject("OCS-MOBILE /Age gate and burger menu/Checkbox_CONFIRM AND ACKNOWLEDGE")): Object: 'Object Repository/OCS-MOBILE /Age gate and burger menu/Checkbox_CONFIRM AND ACKNOWLEDGE' is clicked on

2019-05-24 15:42:25 - [MESSAGE][PASSED] - Object: 'Object Repository/OCS-MOBILE /Age gate and burger menu/Checkbox_CONFIRM AND ACKNOWLEDGE' is clicked on

2019-05-24 15:42:25 - [TEST_STEP][PASSED] - click(findTestObject("OCS-MOBILE /Age gate and burger menu/button_CONFIRM")): Object: 'Object Repository/OCS-MOBILE /Age gate and burger menu/button_CONFIRM' is clicked on

2019-05-24 15:42:25 - [MESSAGE][PASSED] - Object: 'Object Repository/OCS-MOBILE /Age gate and burger menu/button_CONFIRM' is clicked on

2019-05-24 15:42:25 - [TEST_STEP][PASSED] - click(findTestObject("OCS-MOBILE /Age gate and burger menu/button_Start Browsing")): Object: 'Object Repository/OCS-MOBILE /Age gate and burger menu/button_Start Browsing' is clicked on

2019-05-24 15:42:25 - [MESSAGE][PASSED] - Object: 'Object Repository/OCS-MOBILE /Age gate and burger menu/button_Start Browsing' is clicked on

2019-05-24 15:42:25 - [MESSAGE][PASSED] - Call Test Case 'Test Cases/OCS - MOBILE/CALL - AGE GATE' successfully

2019-05-24 15:42:25 - [TEST_STEP][PASSED] - delay(2): Delayed 2 second(s)

2019-05-24 15:42:27 - [MESSAGE][PASSED] - Delayed 2 second(s)

2019-05-24 15:42:27 - [TEST_STEP][PASSED] - click(findTestObject("OCS-MOBILE /Age gate and burger menu/Burger menu - English")): Object: 'Object Repository/OCS-MOBILE /Age gate and burger menu/Burger menu - English' is clicked on

2019-05-24 15:42:27 - [MESSAGE][PASSED] - Object: 'Object Repository/OCS-MOBILE /Age gate and burger menu/Burger menu - English' is clicked on

2019-05-24 15:42:27 - [TEST_STEP][PASSED] - delay(2): Delayed 2 second(s)

2019-05-24 15:42:29 - [MESSAGE][PASSED] - Delayed 2 second(s)

2019-05-24 15:42:29 - [TEST_STEP][PASSED] - click(findTestObject("OCS-MOBILE /Age gate and burger menu/Chevron_Cannabis")): Object: 'Object Repository/OCS-MOBILE /Age gate and burger menu/Chevron_Cannabis' is clicked on

2019-05-24 15:42:30 - [MESSAGE][PASSED] - Object: 'Object Repository/OCS-MOBILE /Age gate and burger menu/Chevron_Cannabis' is clicked on

2019-05-24 15:42:30 - [TEST_STEP][PASSED] - delay(2): Delayed 2 second(s)

2019-05-24 15:42:32 - [MESSAGE][PASSED] - Delayed 2 second(s)

2019-05-24 15:42:32 - [TEST_STEP][PASSED] - click(findTestObject("OCS-MOBILE /Age gate and burger menu/Dried Flower_Plus icon")): Object: 'Object Repository/OCS-MOBILE /Age gate and burger menu/Dried Flower_Plus icon' is clicked on

2019-05-24 15:42:32 - [MESSAGE][PASSED] - Object: 'Object Repository/OCS-MOBILE /Age gate and burger menu/Dried Flower_Plus icon' is clicked on

2019-05-24 15:42:32 - [TEST_STEP][PASSED] - delay(2): Delayed 2 second(s)

2019-05-24 15:42:34 - [MESSAGE][PASSED] - Delayed 2 second(s)

2019-05-24 15:42:34 - [TEST_STEP][PASSED] - click(findTestObject("OCS-MOBILE /Age gate and burger menu/Indica Dominant_Menu item")): Object: 'Object Repository/OCS-MOBILE /Age gate and burger menu/Indica Dominant_Menu item' is clicked on

2019-05-24 15:42:37 - [MESSAGE][PASSED] - Object: 'Object Repository/OCS-MOBILE /Age gate and burger menu/Indica Dominant_Menu item' is clicked on

2019-05-24 15:42:37 - [TEST_STEP][PASSED] - delay(2): Delayed 2 second(s)

2019-05-24 15:42:39 - [MESSAGE][PASSED] - Delayed 2 second(s)

2019-05-24 15:42:39 - [TEST_STEP][PASSED] - click(findTestObject("OCS-MOBILE /Collection page/Product image - 1st one")): Object: 'Object Repository/OCS-MOBILE /Collection page/Product image - 1st one' is clicked on

2019-05-24 15:42:41 - [MESSAGE][PASSED] - Object: 'Object Repository/OCS-MOBILE /Collection page/Product image - 1st one' is clicked on

2019-05-24 15:42:41 - [TEST_STEP][PASSED] - executeJavaScript("var previewBar = document.getElementById("preview-bar-iframe"); previewBar.style.display = "none";", []): Execute JavaScript 'var previewBar = document.getElementById("preview-bar-iframe"); previewBar.style.display = "none";' successfully

2019-05-24 15:42:41 - [MESSAGE][PASSED] - Execute JavaScript 'var previewBar = document.getElementById("preview-bar-iframe"); previewBar.style.display = "none";' successfully

2019-05-24 15:42:41 - [TEST_STEP][PASSED] - scrollToElement(findTestObject("OCS-MOBILE /Product page/Product image"), 1): Scroll to object 'Object Repository/OCS-MOBILE /Product page/Product image' successfully

2019-05-24 15:42:41 - [MESSAGE][PASSED] - Scroll to object 'Object Repository/OCS-MOBILE /Product page/Product image' successfully

2019-05-24 15:42:41 - [TEST_STEP][PASSED] - delay(2): Delayed 2 second(s)

2019-05-24 15:42:43 - [MESSAGE][PASSED] - Delayed 2 second(s)

2019-05-24 15:42:43 - [TEST_STEP][PASSED] - flag = verifyElementClickable(findTestObject("OCS-MOBILE /Product page/Swatch_3.5g")): Object 'Object Repository/OCS-MOBILE /Product page/Swatch_3.5g' is clickable

2019-05-24 15:42:43 - [MESSAGE][PASSED] - Object 'Object Repository/OCS-MOBILE /Product page/Swatch_3.5g' is clickable

2019-05-24 15:42:43 - [TEST_STEP][PASSED] - comment(" flag =" + flag):  flag =true

2019-05-24 15:42:43 - [MESSAGE][INFO] -  flag =true

2019-05-24 15:42:43 - [TEST_STEP][PASSED] - if (flag == true): Delayed 2 second(s)

2019-05-24 15:42:43 - [TEST_STEP][PASSED] - click(findTestObject("OCS-MOBILE /Product page/Swatch_1g"), STOP_ON_FAILURE): Object: 'Object Repository/OCS-MOBILE /Product page/Swatch_1g' is clicked on

2019-05-24 15:42:44 - [MESSAGE][PASSED] - Object: 'Object Repository/OCS-MOBILE /Product page/Swatch_1g' is clicked on

2019-05-24 15:42:44 - [TEST_STEP][PASSED] - delay(2): Delayed 2 second(s)

2019-05-24 15:42:46 - [MESSAGE][PASSED] - Delayed 2 second(s)

2019-05-24 15:42:46 - [TEST_STEP][PASSED] - click(findTestObject("OCS-MOBILE /Product page/Quantity Increase - Button")): Object: 'Object Repository/OCS-MOBILE /Product page/Quantity Increase - Button' is clicked on

2019-05-24 15:42:46 - [MESSAGE][PASSED] - Object: 'Object Repository/OCS-MOBILE /Product page/Quantity Increase - Button' is clicked on

2019-05-24 15:42:46 - [TEST_STEP][PASSED] - delay(2): Delayed 2 second(s)

2019-05-24 15:42:48 - [MESSAGE][PASSED] - Delayed 2 second(s)

2019-05-24 15:42:48 - [TEST_STEP][PASSED] - click(findTestObject("OCS-MOBILE /Product page/Add to Bag-button")): Object: 'Object Repository/OCS-MOBILE /Product page/Add to Bag-button' is clicked on

2019-05-24 15:42:48 - [MESSAGE][PASSED] - Object: 'Object Repository/OCS-MOBILE /Product page/Add to Bag-button' is clicked on

2019-05-24 15:42:48 - [TEST_STEP][PASSED] - delay(1): Delayed 1 second(s)

2019-05-24 15:42:49 - [MESSAGE][PASSED] - Delayed 1 second(s)

2019-05-24 15:42:49 - [TEST_STEP][PASSED] - click(findTestObject("OCS-MOBILE /Home - page/Cart icon -bag")): Object: 'Object Repository/OCS-MOBILE /Home - page/Cart icon -bag' is clicked on

2019-05-24 15:42:49 - [MESSAGE][PASSED] - Object: 'Object Repository/OCS-MOBILE /Home - page/Cart icon -bag' is clicked on

2019-05-24 15:42:49 - [TEST_STEP][PASSED] - delay(2): Delayed 2 second(s)

2019-05-24 15:42:51 - [MESSAGE][PASSED] - Delayed 2 second(s)

2019-05-24 15:42:51 - [TEST_STEP][PASSED] - click(findTestObject("OCS-MOBILE /Cart flyout/Quantity increase - Product")): Object: 'Object Repository/OCS-MOBILE /Cart flyout/Quantity increase - Product' is clicked on

2019-05-24 15:42:52 - [MESSAGE][PASSED] - Object: 'Object Repository/OCS-MOBILE /Cart flyout/Quantity increase - Product' is clicked on

2019-05-24 15:42:52 - [TEST_STEP][PASSED] - delay(2): Delayed 2 second(s)

2019-05-24 15:42:54 - [MESSAGE][PASSED] - Delayed 2 second(s)

2019-05-24 15:42:54 - [TEST_STEP][PASSED] - click(findTestObject("OCS-MOBILE /Cart flyout/Quantity increase - Product")): Object: 'Object Repository/OCS-MOBILE /Cart flyout/Quantity increase - Product' is clicked on

2019-05-24 15:42:54 - [MESSAGE][PASSED] - Object: 'Object Repository/OCS-MOBILE /Cart flyout/Quantity increase - Product' is clicked on

2019-05-24 15:42:54 - [TEST_STEP][PASSED] - delay(2): Delayed 2 second(s)

2019-05-24 15:42:56 - [MESSAGE][PASSED] - Delayed 2 second(s)

2019-05-24 15:42:56 - [TEST_STEP][PASSED] - a = getText(findTestObject("OCS-MOBILE /Cart flyout/Unit price - Product")): Text of object 'Object Repository/OCS-MOBILE /Cart flyout/Unit price - Product' is: '$38.20'

2019-05-24 15:42:56 - [MESSAGE][PASSED] - Text of object 'Object Repository/OCS-MOBILE /Cart flyout/Unit price - Product' is: '$38.20'

2019-05-24 15:42:56 - [TEST_STEP][PASSED] - comment(a): $38.20

2019-05-24 15:42:56 - [MESSAGE][INFO] - $38.20

2019-05-24 15:42:56 - [TEST_STEP][PASSED] - b = a.substring(1): null

2019-05-24 15:42:56 - [TEST_STEP][PASSED] - comment(b): 38.20

2019-05-24 15:42:56 - [MESSAGE][INFO] - 38.20

2019-05-24 15:42:56 - [TEST_STEP][PASSED] - setText(findTestObject("OCS-MOBILE /Cart flyout/input_-_updates"), "3"): Text '3' is set on object 'Object Repository/OCS-MOBILE /Cart flyout/input_-_updates'

2019-05-24 15:42:56 - [MESSAGE][PASSED] - Text '3' is set on object 'Object Repository/OCS-MOBILE /Cart flyout/input_-_updates'

2019-05-24 15:42:56 - [TEST_STEP][PASSED] - delay(2): Delayed 2 second(s)

2019-05-24 15:42:58 - [MESSAGE][PASSED] - Delayed 2 second(s)

2019-05-24 15:42:58 - [TEST_STEP][PASSED] - click(findTestObject("OCS-MOBILE /Cart flyout/i_-_icon--plus")): Object: 'Object Repository/OCS-MOBILE /Cart flyout/i_-_icon--plus' is clicked on

2019-05-24 15:42:58 - [MESSAGE][PASSED] - Object: 'Object Repository/OCS-MOBILE /Cart flyout/i_-_icon--plus' is clicked on

2019-05-24 15:42:58 - [TEST_STEP][PASSED] - delay(2): Delayed 2 second(s)

2019-05-24 15:43:00 - [MESSAGE][PASSED] - Delayed 2 second(s)

2019-05-24 15:43:00 - [TEST_STEP][PASSED] - click(findTestObject("OCS-MOBILE /Cart flyout/i_-_icon--plus")): Object: 'Object Repository/OCS-MOBILE /Cart flyout/i_-_icon--plus' is clicked on

2019-05-24 15:43:01 - [MESSAGE][PASSED] - Object: 'Object Repository/OCS-MOBILE /Cart flyout/i_-_icon--plus' is clicked on

2019-05-24 15:43:01 - [TEST_STEP][PASSED] - delay(2): Delayed 2 second(s)

2019-05-24 15:43:03 - [MESSAGE][PASSED] - Delayed 2 second(s)

2019-05-24 15:43:03 - [TEST_STEP][PASSED] - click(findTestObject("OCS-MOBILE /Cart flyout/i_-_icon--plus")): Object: 'Object Repository/OCS-MOBILE /Cart flyout/i_-_icon--plus' is clicked on

2019-05-24 15:43:03 - [MESSAGE][PASSED] - Object: 'Object Repository/OCS-MOBILE /Cart flyout/i_-_icon--plus' is clicked on

2019-05-24 15:43:03 - [TEST_STEP][PASSED] - delay(2): Delayed 2 second(s)

2019-05-24 15:43:05 - [MESSAGE][PASSED] - Delayed 2 second(s)

2019-05-24 15:43:05 - [TEST_STEP][PASSED] - c = getText(findTestObject("OCS-MOBILE /Cart flyout/Unit price - Product")): Text of object 'Object Repository/OCS-MOBILE /Cart flyout/Unit price - Product' is: '$38.20'

2019-05-24 15:43:05 - [MESSAGE][PASSED] - Text of object 'Object Repository/OCS-MOBILE /Cart flyout/Unit price - Product' is: '$38.20'

2019-05-24 15:43:05 - [TEST_STEP][PASSED] - comment(c): $38.20

2019-05-24 15:43:05 - [MESSAGE][INFO] - $38.20

2019-05-24 15:43:05 - [TEST_STEP][PASSED] - d = c.substring(1): null

2019-05-24 15:43:05 - [TEST_STEP][PASSED] - comment(d): 38.20

2019-05-24 15:43:05 - [MESSAGE][INFO] - 38.20

2019-05-24 15:43:05 - [TEST_STEP][PASSED] - verifyNotEqual("b", "d"): Actual object 'b' and expected object 'd' are not equal

2019-05-24 15:43:05 - [MESSAGE][PASSED] - Actual object 'b' and expected object 'd' are not equal

2019-05-24 15:43:05 - [TEST_STEP][PASSED] - comment(" price changed . Quantity selector is working"):  price changed . Quantity selector is working

2019-05-24 15:43:05 - [MESSAGE][INFO] -  price changed . Quantity selector is working]]></system-out>
         <system-err><![CDATA[]]></system-err>
      </testcase>
      <testcase name="Test Cases/OCS - MOBILE/OCS- CRITICAL PATH/Cart flyout-price comparison" classname="Test Cases/OCS - MOBILE/OCS- CRITICAL PATH/Cart flyout-price comparison" status="FAILED">
         <failure type="FAILED" message="Test Cases/OCS - MOBILE/OCS- CRITICAL PATH/Cart flyout-price comparison FAILED.
Reason:
com.kms.katalon.core.exception.StepFailedException: Unable to click on object 'Object Repository/OCS-MOBILE /Product page/Swatch_3.5g' (Root cause: org.openqa.selenium.ElementClickInterceptedException: Element &lt;label class=&quot;swatch__label&quot;> is not clickable at point (111,428) because another element &lt;li class=&quot;swatch swatch--weight&quot;> obscures it
Build info: version: '3.7.1', revision: '8a0099a', time: '2017-11-06T21:07:36.161Z'
System info: host: 'sumans-MacBook-Pro.local', ip: 'fe80:0:0:0:1866:4103:1514:248b%en0', os.name: 'Mac OS X', os.arch: 'x86_64', os.version: '10.13.6', java.version: '1.8.0_181'
Driver info: com.kms.katalon.core.webui.driver.firefox.CGeckoDriver
Capabilities {acceptInsecureCerts: true, browserName: firefox, browserVersion: 67.0, javascriptEnabled: true, moz:accessibilityChecks: false, moz:buildID: 20190516215225, moz:geckodriverVersion: 0.23.0, moz:headless: false, moz:processID: 3634, moz:profile: /var/folders/1t/c55l8xzs6gq..., moz:shutdownTimeout: 60000, moz:useNonSpecCompliantPointerOrigin: false, moz:webdriverClick: true, pageLoadStrategy: normal, platform: MAC, platformName: MAC, platformVersion: 17.7.0, proxy: Proxy(direct), rotatable: false, setWindowRect: true, strictFileInteractability: false, timeouts: {implicit: 0, pageLoad: 300000, script: 30000}, unhandledPromptBehavior: dismiss and notify}
Session ID: 850a6349-4ce0-8b41-b450-e899263e1649)
	at com.kms.katalon.core.keyword.internal.KeywordMain.stepFailed(KeywordMain.groovy:32)
	at com.kms.katalon.core.webui.keyword.internal.WebUIKeywordMain.stepFailed(WebUIKeywordMain.groovy:65)
	at com.kms.katalon.core.webui.keyword.internal.WebUIKeywordMain.runKeyword(WebUIKeywordMain.groovy:27)
	at com.kms.katalon.core.webui.keyword.builtin.ClickKeyword.click(ClickKeyword.groovy:86)
	at com.kms.katalon.core.webui.keyword.builtin.ClickKeyword.execute(ClickKeyword.groovy:67)
	at com.kms.katalon.core.keyword.internal.KeywordExecutor.executeKeywordForPlatform(KeywordExecutor.groovy:53)
	at com.kms.katalon.core.webui.keyword.WebUiBuiltInKeywords.click(WebUiBuiltInKeywords.groovy:604)
	at com.kms.katalon.core.webui.keyword.WebUiBuiltInKeywords$click$7.call(Unknown Source)
	at Cart flyout-price comparison.run(Cart flyout-price comparison:54)
	at com.kms.katalon.core.main.ScriptEngine.run(ScriptEngine.java:194)
	at com.kms.katalon.core.main.ScriptEngine.runScriptAsRawText(ScriptEngine.java:119)
	at com.kms.katalon.core.main.TestCaseExecutor.runScript(TestCaseExecutor.java:328)
	at com.kms.katalon.core.main.TestCaseExecutor.doExecute(TestCaseExecutor.java:319)
	at com.kms.katalon.core.main.TestCaseExecutor.processExecutionPhase(TestCaseExecutor.java:298)
	at com.kms.katalon.core.main.TestCaseExecutor.accessMainPhase(TestCaseExecutor.java:290)
	at com.kms.katalon.core.main.TestCaseExecutor.execute(TestCaseExecutor.java:224)
	at com.kms.katalon.core.main.TestSuiteExecutor.accessTestCaseMainPhase(TestSuiteExecutor.java:129)
	at com.kms.katalon.core.main.TestSuiteExecutor.accessTestSuiteMainPhase(TestSuiteExecutor.java:112)
	at com.kms.katalon.core.main.TestSuiteExecutor.execute(TestSuiteExecutor.java:81)
	at com.kms.katalon.core.main.TestCaseMain.startTestSuite(TestCaseMain.java:149)
	at com.kms.katalon.core.main.TestCaseMain$startTestSuite$0.call(Unknown Source)
	at TempTestSuite1558726715443.run(TempTestSuite1558726715443.groovy:36)
"/>
         <system-out><![CDATA[2019-05-24 15:43:05 - [TEST_CASE][FAILED] - Test Cases/OCS - MOBILE/OCS- CRITICAL PATH/Cart flyout-price comparison: Test Cases/OCS - MOBILE/OCS- CRITICAL PATH/Cart flyout-price comparison FAILED.
Reason:
com.kms.katalon.core.exception.StepFailedException: Unable to click on object 'Object Repository/OCS-MOBILE /Product page/Swatch_3.5g' (Root cause: org.openqa.selenium.ElementClickInterceptedException: Element <label class="swatch__label"> is not clickable at point (111,428) because another element <li class="swatch swatch--weight"> obscures it
Build info: version: '3.7.1', revision: '8a0099a', time: '2017-11-06T21:07:36.161Z'
System info: host: 'sumans-MacBook-Pro.local', ip: 'fe80:0:0:0:1866:4103:1514:248b%en0', os.name: 'Mac OS X', os.arch: 'x86_64', os.version: '10.13.6', java.version: '1.8.0_181'
Driver info: com.kms.katalon.core.webui.driver.firefox.CGeckoDriver
Capabilities {acceptInsecureCerts: true, browserName: firefox, browserVersion: 67.0, javascriptEnabled: true, moz:accessibilityChecks: false, moz:buildID: 20190516215225, moz:geckodriverVersion: 0.23.0, moz:headless: false, moz:processID: 3634, moz:profile: /var/folders/1t/c55l8xzs6gq..., moz:shutdownTimeout: 60000, moz:useNonSpecCompliantPointerOrigin: false, moz:webdriverClick: true, pageLoadStrategy: normal, platform: MAC, platformName: MAC, platformVersion: 17.7.0, proxy: Proxy(direct), rotatable: false, setWindowRect: true, strictFileInteractability: false, timeouts: {implicit: 0, pageLoad: 300000, script: 30000}, unhandledPromptBehavior: dismiss and notify}
Session ID: 850a6349-4ce0-8b41-b450-e899263e1649)
	at com.kms.katalon.core.keyword.internal.KeywordMain.stepFailed(KeywordMain.groovy:32)
	at com.kms.katalon.core.webui.keyword.internal.WebUIKeywordMain.stepFailed(WebUIKeywordMain.groovy:65)
	at com.kms.katalon.core.webui.keyword.internal.WebUIKeywordMain.runKeyword(WebUIKeywordMain.groovy:27)
	at com.kms.katalon.core.webui.keyword.builtin.ClickKeyword.click(ClickKeyword.groovy:86)
	at com.kms.katalon.core.webui.keyword.builtin.ClickKeyword.execute(ClickKeyword.groovy:67)
	at com.kms.katalon.core.keyword.internal.KeywordExecutor.executeKeywordForPlatform(KeywordExecutor.groovy:53)
	at com.kms.katalon.core.webui.keyword.WebUiBuiltInKeywords.click(WebUiBuiltInKeywords.groovy:604)
	at com.kms.katalon.core.webui.keyword.WebUiBuiltInKeywords$click$7.call(Unknown Source)
	at Cart flyout-price comparison.run(Cart flyout-price comparison:54)
	at com.kms.katalon.core.main.ScriptEngine.run(ScriptEngine.java:194)
	at com.kms.katalon.core.main.ScriptEngine.runScriptAsRawText(ScriptEngine.java:119)
	at com.kms.katalon.core.main.TestCaseExecutor.runScript(TestCaseExecutor.java:328)
	at com.kms.katalon.core.main.TestCaseExecutor.doExecute(TestCaseExecutor.java:319)
	at com.kms.katalon.core.main.TestCaseExecutor.processExecutionPhase(TestCaseExecutor.java:298)
	at com.kms.katalon.core.main.TestCaseExecutor.accessMainPhase(TestCaseExecutor.java:290)
	at com.kms.katalon.core.main.TestCaseExecutor.execute(TestCaseExecutor.java:224)
	at com.kms.katalon.core.main.TestSuiteExecutor.accessTestCaseMainPhase(TestSuiteExecutor.java:129)
	at com.kms.katalon.core.main.TestSuiteExecutor.accessTestSuiteMainPhase(TestSuiteExecutor.java:112)
	at com.kms.katalon.core.main.TestSuiteExecutor.execute(TestSuiteExecutor.java:81)
	at com.kms.katalon.core.main.TestCaseMain.startTestSuite(TestCaseMain.java:149)
	at com.kms.katalon.core.main.TestCaseMain$startTestSuite$0.call(Unknown Source)
	at TempTestSuite1558726715443.run(TempTestSuite1558726715443.groovy:36)


2019-05-24 15:43:05 - [TEST_STEP][PASSED] - callTestCase(findTestCase("OCS - MOBILE/CALL - AGE GATE"), [:], STOP_ON_FAILURE): Call Test Case 'Test Cases/OCS - MOBILE/CALL - AGE GATE' successfully

2019-05-24 15:43:05 - [TEST_CASE][PASSED] - Test Cases/OCS - MOBILE/CALL - AGE GATE: Test Cases/OCS - MOBILE/CALL - AGE GATE

2019-05-24 15:43:05 - [TEST_STEP][PASSED] - openBrowser(""): Browser is opened with url: ''

2019-05-24 15:43:05 - [MESSAGE][WARNING] - A browser is already opened. Closing browser and opening a new one

2019-05-24 15:43:06 - [MESSAGE][INFO] - Starting 'Firefox' driver

2019-05-24 15:43:09 - [MESSAGE][PASSED] - Browser is opened with url: ''

2019-05-24 15:43:09 - [TEST_STEP][PASSED] - navigateToUrl("https://ocs.ca/?fts=0&preview_theme_id=53376026444"): Navigate to 'https://ocs.ca/?fts=0&preview_theme_id=53376026444' successfully

2019-05-24 15:43:15 - [MESSAGE][PASSED] - Navigate to 'https://ocs.ca/?fts=0&preview_theme_id=53376026444' successfully

2019-05-24 15:43:15 - [TEST_STEP][NOT_RUN] - executeJavaScript("var previewBar = document.getElementById("preview-bar-iframe"); previewBar.style.display = "none";", []): NOT_RUN: executeJavaScript("var previewBar = document.getElementById("preview-bar-iframe"); previewBar.style.display = "none";", [])

2019-05-24 15:43:15 - [MESSAGE][NOT_RUN] - NOT_RUN: executeJavaScript("var previewBar = document.getElementById("preview-bar-iframe"); previewBar.style.display = "none";", [])

2019-05-24 15:43:15 - [TEST_STEP][PASSED] - setViewPortSize(360, 800): Viewport is set to new size with width = 360 and height = 800

2019-05-24 15:43:15 - [MESSAGE][PASSED] - Viewport is set to new size with width = 360 and height = 800

2019-05-24 15:43:15 - [TEST_STEP][PASSED] - delay(4): Delayed 4 second(s)

2019-05-24 15:43:19 - [MESSAGE][PASSED] - Delayed 4 second(s)

2019-05-24 15:43:19 - [TEST_STEP][PASSED] - selectOptionByValue(findTestObject("OCS-MOBILE /Age gate and burger menu/Date"), "12", true): All options with value '12' are selected in object 'Object Repository/OCS-MOBILE /Age gate and burger menu/Date'  using regular expression

2019-05-24 15:43:19 - [MESSAGE][PASSED] - All options with value '12' are selected in object 'Object Repository/OCS-MOBILE /Age gate and burger menu/Date'  using regular expression

2019-05-24 15:43:19 - [TEST_STEP][PASSED] - selectOptionByValue(findTestObject("OCS-MOBILE /Age gate and burger menu/month"), "6", true): All options with value '6' are selected in object 'Object Repository/OCS-MOBILE /Age gate and burger menu/month'  using regular expression

2019-05-24 15:43:20 - [MESSAGE][PASSED] - All options with value '6' are selected in object 'Object Repository/OCS-MOBILE /Age gate and burger menu/month'  using regular expression

2019-05-24 15:43:20 - [TEST_STEP][PASSED] - delay(2): Delayed 2 second(s)

2019-05-24 15:43:22 - [MESSAGE][PASSED] - Delayed 2 second(s)

2019-05-24 15:43:22 - [TEST_STEP][PASSED] - selectOptionByValue(findTestObject("OCS-MOBILE /Age gate and burger menu/Year Dropdown"), "1990", true): All options with value '1990' are selected in object 'Object Repository/OCS-MOBILE /Age gate and burger menu/Year Dropdown'  using regular expression

2019-05-24 15:43:23 - [MESSAGE][PASSED] - All options with value '1990' are selected in object 'Object Repository/OCS-MOBILE /Age gate and burger menu/Year Dropdown'  using regular expression

2019-05-24 15:43:23 - [TEST_STEP][PASSED] - click(findTestObject("OCS-MOBILE /Age gate and burger menu/button_Verify")): Object: 'Object Repository/OCS-MOBILE /Age gate and burger menu/button_Verify' is clicked on

2019-05-24 15:43:24 - [MESSAGE][PASSED] - Object: 'Object Repository/OCS-MOBILE /Age gate and burger menu/button_Verify' is clicked on

2019-05-24 15:43:24 - [TEST_STEP][PASSED] - click(findTestObject("OCS-MOBILE /Age gate and burger menu/Checkbox_CONFIRM AND ACKNOWLEDGE")): Object: 'Object Repository/OCS-MOBILE /Age gate and burger menu/Checkbox_CONFIRM AND ACKNOWLEDGE' is clicked on

2019-05-24 15:43:24 - [MESSAGE][PASSED] - Object: 'Object Repository/OCS-MOBILE /Age gate and burger menu/Checkbox_CONFIRM AND ACKNOWLEDGE' is clicked on

2019-05-24 15:43:24 - [TEST_STEP][PASSED] - click(findTestObject("OCS-MOBILE /Age gate and burger menu/button_CONFIRM")): Object: 'Object Repository/OCS-MOBILE /Age gate and burger menu/button_CONFIRM' is clicked on

2019-05-24 15:43:24 - [MESSAGE][PASSED] - Object: 'Object Repository/OCS-MOBILE /Age gate and burger menu/button_CONFIRM' is clicked on

2019-05-24 15:43:24 - [TEST_STEP][PASSED] - click(findTestObject("OCS-MOBILE /Age gate and burger menu/button_Start Browsing")): Object: 'Object Repository/OCS-MOBILE /Age gate and burger menu/button_Start Browsing' is clicked on

2019-05-24 15:43:24 - [MESSAGE][PASSED] - Object: 'Object Repository/OCS-MOBILE /Age gate and burger menu/button_Start Browsing' is clicked on

2019-05-24 15:43:24 - [MESSAGE][PASSED] - Call Test Case 'Test Cases/OCS - MOBILE/CALL - AGE GATE' successfully

2019-05-24 15:43:24 - [TEST_STEP][PASSED] - delay(2): Delayed 2 second(s)

2019-05-24 15:43:26 - [MESSAGE][PASSED] - Delayed 2 second(s)

2019-05-24 15:43:26 - [TEST_STEP][PASSED] - click(findTestObject("OCS-MOBILE /Age gate and burger menu/Burger menu - English")): Object: 'Object Repository/OCS-MOBILE /Age gate and burger menu/Burger menu - English' is clicked on

2019-05-24 15:43:27 - [MESSAGE][PASSED] - Object: 'Object Repository/OCS-MOBILE /Age gate and burger menu/Burger menu - English' is clicked on

2019-05-24 15:43:27 - [TEST_STEP][PASSED] - delay(2): Delayed 2 second(s)

2019-05-24 15:43:29 - [MESSAGE][PASSED] - Delayed 2 second(s)

2019-05-24 15:43:29 - [TEST_STEP][PASSED] - click(findTestObject("OCS-MOBILE /Age gate and burger menu/Chevron_Cannabis")): Object: 'Object Repository/OCS-MOBILE /Age gate and burger menu/Chevron_Cannabis' is clicked on

2019-05-24 15:43:29 - [MESSAGE][PASSED] - Object: 'Object Repository/OCS-MOBILE /Age gate and burger menu/Chevron_Cannabis' is clicked on

2019-05-24 15:43:29 - [TEST_STEP][PASSED] - delay(2): Delayed 2 second(s)

2019-05-24 15:43:31 - [MESSAGE][PASSED] - Delayed 2 second(s)

2019-05-24 15:43:31 - [TEST_STEP][PASSED] - click(findTestObject("OCS-MOBILE /Age gate and burger menu/Dried Flower_Plus icon")): Object: 'Object Repository/OCS-MOBILE /Age gate and burger menu/Dried Flower_Plus icon' is clicked on

2019-05-24 15:43:31 - [MESSAGE][PASSED] - Object: 'Object Repository/OCS-MOBILE /Age gate and burger menu/Dried Flower_Plus icon' is clicked on

2019-05-24 15:43:31 - [TEST_STEP][PASSED] - delay(2): Delayed 2 second(s)

2019-05-24 15:43:33 - [MESSAGE][PASSED] - Delayed 2 second(s)

2019-05-24 15:43:33 - [TEST_STEP][PASSED] - click(findTestObject("OCS-MOBILE /Age gate and burger menu/Indica Dominant_Menu item")): Object: 'Object Repository/OCS-MOBILE /Age gate and burger menu/Indica Dominant_Menu item' is clicked on

2019-05-24 15:43:38 - [MESSAGE][PASSED] - Object: 'Object Repository/OCS-MOBILE /Age gate and burger menu/Indica Dominant_Menu item' is clicked on

2019-05-24 15:43:38 - [TEST_STEP][PASSED] - delay(2): Delayed 2 second(s)

2019-05-24 15:43:40 - [MESSAGE][PASSED] - Delayed 2 second(s)

2019-05-24 15:43:40 - [TEST_STEP][PASSED] - click(findTestObject("OCS-MOBILE /Collection page/Product image - 1st one")): Object: 'Object Repository/OCS-MOBILE /Collection page/Product image - 1st one' is clicked on

2019-05-24 15:43:46 - [MESSAGE][PASSED] - Object: 'Object Repository/OCS-MOBILE /Collection page/Product image - 1st one' is clicked on

2019-05-24 15:43:46 - [TEST_STEP][PASSED] - executeJavaScript("var previewBar = document.getElementById("preview-bar-iframe"); previewBar.style.display = "none";", []): Execute JavaScript 'var previewBar = document.getElementById("preview-bar-iframe"); previewBar.style.display = "none";' successfully

2019-05-24 15:43:46 - [MESSAGE][PASSED] - Execute JavaScript 'var previewBar = document.getElementById("preview-bar-iframe"); previewBar.style.display = "none";' successfully

2019-05-24 15:43:46 - [TEST_STEP][PASSED] - scrollToElement(findTestObject("OCS-MOBILE /Product page/Product image"), 1): Scroll to object 'Object Repository/OCS-MOBILE /Product page/Product image' successfully

2019-05-24 15:43:46 - [MESSAGE][PASSED] - Scroll to object 'Object Repository/OCS-MOBILE /Product page/Product image' successfully

2019-05-24 15:43:46 - [TEST_STEP][PASSED] - delay(2): Delayed 2 second(s)

2019-05-24 15:43:48 - [MESSAGE][PASSED] - Delayed 2 second(s)

2019-05-24 15:43:48 - [TEST_STEP][PASSED] - flag = verifyElementPresent(findTestObject("OCS-MOBILE /Product page/Swatch_3.5g"), 0): Object 'Object Repository/OCS-MOBILE /Product page/Swatch_3.5g' is present

2019-05-24 15:43:48 - [MESSAGE][WARNING] - Timeout '0' is invalid. Using default page load timeout: '30'

2019-05-24 15:43:48 - [MESSAGE][PASSED] - Object 'Object Repository/OCS-MOBILE /Product page/Swatch_3.5g' is present

2019-05-24 15:43:48 - [TEST_STEP][PASSED] - comment(" flag=" + flag):  flag=true

2019-05-24 15:43:48 - [MESSAGE][INFO] -  flag=true

2019-05-24 15:43:48 - [TEST_STEP][PASSED] - takeScreenshot(): Taking screenshot successfully

2019-05-24 15:43:48 - [MESSAGE][PASSED] - Taking screenshot successfully
[[ATTACHMENT|/Users/sumankompelly/Katalon Studio/OCS ( QA- 1.9.1 ) /Reports/QA ( 1.9.1)/critical path/20190524_153835/1558727028828.png]]

2019-05-24 15:43:48 - [TEST_STEP][FAILED] - if (flag == true): Delayed 2 second(s)

2019-05-24 15:43:48 - [TEST_STEP][NOT_RUN] - scrollToElement(findTestObject("OCS-MOBILE /Product page/Swatch_3.5g"), 1): NOT_RUN: scrollToElement(findTestObject("OCS-MOBILE /Product page/Swatch_3.5g"), 1)

2019-05-24 15:43:48 - [MESSAGE][NOT_RUN] - NOT_RUN: scrollToElement(findTestObject("OCS-MOBILE /Product page/Swatch_3.5g"), 1)

2019-05-24 15:43:48 - [TEST_STEP][FAILED] - click(findTestObject("OCS-MOBILE /Product page/Swatch_3.5g"), CONTINUE_ON_FAILURE): Unable to click on object 'Object Repository/OCS-MOBILE /Product page/Swatch_3.5g' (Root cause: org.openqa.selenium.ElementClickInterceptedException: Element <label class="swatch__label"> is not clickable at point (111,428) because another element <li class="swatch swatch--weight"> obscures it
Build info: version: '3.7.1', revision: '8a0099a', time: '2017-11-06T21:07:36.161Z'
System info: host: 'sumans-MacBook-Pro.local', ip: 'fe80:0:0:0:1866:4103:1514:248b%en0', os.name: 'Mac OS X', os.arch: 'x86_64', os.version: '10.13.6', java.version: '1.8.0_181'
Driver info: com.kms.katalon.core.webui.driver.firefox.CGeckoDriver
Capabilities {acceptInsecureCerts: true, browserName: firefox, browserVersion: 67.0, javascriptEnabled: true, moz:accessibilityChecks: false, moz:buildID: 20190516215225, moz:geckodriverVersion: 0.23.0, moz:headless: false, moz:processID: 3634, moz:profile: /var/folders/1t/c55l8xzs6gq..., moz:shutdownTimeout: 60000, moz:useNonSpecCompliantPointerOrigin: false, moz:webdriverClick: true, pageLoadStrategy: normal, platform: MAC, platformName: MAC, platformVersion: 17.7.0, proxy: Proxy(direct), rotatable: false, setWindowRect: true, strictFileInteractability: false, timeouts: {implicit: 0, pageLoad: 300000, script: 30000}, unhandledPromptBehavior: dismiss and notify}
Session ID: 850a6349-4ce0-8b41-b450-e899263e1649)

2019-05-24 15:43:48 - [MESSAGE][FAILED] - Unable to click on object 'Object Repository/OCS-MOBILE /Product page/Swatch_3.5g' (Root cause: org.openqa.selenium.ElementClickInterceptedException: Element <label class="swatch__label"> is not clickable at point (111,428) because another element <li class="swatch swatch--weight"> obscures it
Build info: version: '3.7.1', revision: '8a0099a', time: '2017-11-06T21:07:36.161Z'
System info: host: 'sumans-MacBook-Pro.local', ip: 'fe80:0:0:0:1866:4103:1514:248b%en0', os.name: 'Mac OS X', os.arch: 'x86_64', os.version: '10.13.6', java.version: '1.8.0_181'
Driver info: com.kms.katalon.core.webui.driver.firefox.CGeckoDriver
Capabilities {acceptInsecureCerts: true, browserName: firefox, browserVersion: 67.0, javascriptEnabled: true, moz:accessibilityChecks: false, moz:buildID: 20190516215225, moz:geckodriverVersion: 0.23.0, moz:headless: false, moz:processID: 3634, moz:profile: /var/folders/1t/c55l8xzs6gq..., moz:shutdownTimeout: 60000, moz:useNonSpecCompliantPointerOrigin: false, moz:webdriverClick: true, pageLoadStrategy: normal, platform: MAC, platformName: MAC, platformVersion: 17.7.0, proxy: Proxy(direct), rotatable: false, setWindowRect: true, strictFileInteractability: false, timeouts: {implicit: 0, pageLoad: 300000, script: 30000}, unhandledPromptBehavior: dismiss and notify}
Session ID: 850a6349-4ce0-8b41-b450-e899263e1649)
[[ATTACHMENT|/Users/sumankompelly/Katalon Studio/OCS ( QA- 1.9.1 ) /Reports/QA ( 1.9.1)/critical path/20190524_153835/1558727028929.png]]

2019-05-24 15:43:48 - [TEST_STEP][PASSED] - delay(2): Delayed 2 second(s)

2019-05-24 15:43:50 - [MESSAGE][PASSED] - Delayed 2 second(s)

2019-05-24 15:43:50 - [TEST_STEP][PASSED] - delay(1, OPTIONAL): Delayed 1 second(s)

2019-05-24 15:43:51 - [MESSAGE][PASSED] - Delayed 1 second(s)

2019-05-24 15:43:51 - [TEST_STEP][PASSED] - click(findTestObject("OCS-MOBILE /Product page/Add to Bag-button")): Object: 'Object Repository/OCS-MOBILE /Product page/Add to Bag-button' is clicked on

2019-05-24 15:43:52 - [MESSAGE][PASSED] - Object: 'Object Repository/OCS-MOBILE /Product page/Add to Bag-button' is clicked on

2019-05-24 15:43:52 - [TEST_STEP][PASSED] - delay(1): Delayed 1 second(s)

2019-05-24 15:43:53 - [MESSAGE][PASSED] - Delayed 1 second(s)

2019-05-24 15:43:53 - [TEST_STEP][NOT_RUN] - click(findTestObject("OCS-MOBILE /Cart flyout/Back icon")): NOT_RUN: click(findTestObject("OCS-MOBILE /Cart flyout/Back icon"))

2019-05-24 15:43:53 - [MESSAGE][NOT_RUN] - NOT_RUN: click(findTestObject("OCS-MOBILE /Cart flyout/Back icon"))

2019-05-24 15:43:53 - [TEST_STEP][PASSED] - delay(2): Delayed 2 second(s)

2019-05-24 15:43:55 - [MESSAGE][PASSED] - Delayed 2 second(s)

2019-05-24 15:43:55 - [TEST_STEP][PASSED] - click(findTestObject("OCS-MOBILE /Age gate and burger menu/Burger menu - English")): Object: 'Object Repository/OCS-MOBILE /Age gate and burger menu/Burger menu - English' is clicked on

2019-05-24 15:43:55 - [MESSAGE][PASSED] - Object: 'Object Repository/OCS-MOBILE /Age gate and burger menu/Burger menu - English' is clicked on

2019-05-24 15:43:55 - [TEST_STEP][PASSED] - delay(2): Delayed 2 second(s)

2019-05-24 15:43:57 - [MESSAGE][PASSED] - Delayed 2 second(s)

2019-05-24 15:43:57 - [TEST_STEP][PASSED] - click(findTestObject("OCS-MOBILE /Age gate and burger menu/Chevron_Cannabis")): Object: 'Object Repository/OCS-MOBILE /Age gate and burger menu/Chevron_Cannabis' is clicked on

2019-05-24 15:43:57 - [MESSAGE][PASSED] - Object: 'Object Repository/OCS-MOBILE /Age gate and burger menu/Chevron_Cannabis' is clicked on

2019-05-24 15:43:57 - [TEST_STEP][PASSED] - delay(2): Delayed 2 second(s)

2019-05-24 15:43:59 - [MESSAGE][PASSED] - Delayed 2 second(s)

2019-05-24 15:43:59 - [TEST_STEP][PASSED] - click(findTestObject("OCS-MOBILE /Age gate and burger menu/Dried Flower_Plus icon")): Object: 'Object Repository/OCS-MOBILE /Age gate and burger menu/Dried Flower_Plus icon' is clicked on

2019-05-24 15:44:00 - [MESSAGE][PASSED] - Object: 'Object Repository/OCS-MOBILE /Age gate and burger menu/Dried Flower_Plus icon' is clicked on

2019-05-24 15:44:00 - [TEST_STEP][PASSED] - delay(2): Delayed 2 second(s)

2019-05-24 15:44:02 - [MESSAGE][PASSED] - Delayed 2 second(s)

2019-05-24 15:44:02 - [TEST_STEP][PASSED] - click(findTestObject("OCS-MOBILE /Age gate and burger menu/Indica Dominant_Menu item")): Object: 'Object Repository/OCS-MOBILE /Age gate and burger menu/Indica Dominant_Menu item' is clicked on

2019-05-24 15:44:08 - [MESSAGE][PASSED] - Object: 'Object Repository/OCS-MOBILE /Age gate and burger menu/Indica Dominant_Menu item' is clicked on

2019-05-24 15:44:08 - [TEST_STEP][PASSED] - delay(2): Delayed 2 second(s)

2019-05-24 15:44:10 - [MESSAGE][PASSED] - Delayed 2 second(s)

2019-05-24 15:44:10 - [TEST_STEP][PASSED] - scrollToElement(findTestObject("OCS-MOBILE /Collection page/Product image - 1st one"), 1): Scroll to object 'Object Repository/OCS-MOBILE /Collection page/Product image - 1st one' successfully

2019-05-24 15:44:10 - [MESSAGE][PASSED] - Scroll to object 'Object Repository/OCS-MOBILE /Collection page/Product image - 1st one' successfully

2019-05-24 15:44:10 - [TEST_STEP][PASSED] - delay(1): Delayed 1 second(s)

2019-05-24 15:44:11 - [MESSAGE][PASSED] - Delayed 1 second(s)

2019-05-24 15:44:11 - [TEST_STEP][PASSED] - navigateToUrl("https://ocs.ca/products/dream-weaver"): Navigate to 'https://ocs.ca/products/dream-weaver' successfully

2019-05-24 15:44:17 - [MESSAGE][PASSED] - Navigate to 'https://ocs.ca/products/dream-weaver' successfully

2019-05-24 15:44:17 - [TEST_STEP][NOT_RUN] - click(findTestObject("OCS-MOBILE /Collection page/Product image - 2nd one")): NOT_RUN: click(findTestObject("OCS-MOBILE /Collection page/Product image - 2nd one"))

2019-05-24 15:44:17 - [MESSAGE][NOT_RUN] - NOT_RUN: click(findTestObject("OCS-MOBILE /Collection page/Product image - 2nd one"))

2019-05-24 15:44:17 - [TEST_STEP][PASSED] - delay(2): Delayed 2 second(s)

2019-05-24 15:44:19 - [MESSAGE][PASSED] - Delayed 2 second(s)

2019-05-24 15:44:19 - [TEST_STEP][PASSED] - scrollToElement(findTestObject("OCS-MOBILE /Product page/Product image"), 1): Scroll to object 'Object Repository/OCS-MOBILE /Product page/Product image' successfully

2019-05-24 15:44:19 - [MESSAGE][PASSED] - Scroll to object 'Object Repository/OCS-MOBILE /Product page/Product image' successfully

2019-05-24 15:44:19 - [TEST_STEP][PASSED] - delay(2): Delayed 2 second(s)

2019-05-24 15:44:21 - [MESSAGE][PASSED] - Delayed 2 second(s)

2019-05-24 15:44:21 - [TEST_STEP][PASSED] - click(findTestObject("OCS-MOBILE /Product page/Swatch_3.5g")): Object: 'Object Repository/OCS-MOBILE /Product page/Swatch_3.5g' is clicked on

2019-05-24 15:44:21 - [MESSAGE][PASSED] - Object: 'Object Repository/OCS-MOBILE /Product page/Swatch_3.5g' is clicked on

2019-05-24 15:44:21 - [TEST_STEP][PASSED] - scrollToElement(findTestObject("OCS-MOBILE /Product page/Swatch_3.5g"), 1): Scroll to object 'Object Repository/OCS-MOBILE /Product page/Swatch_3.5g' successfully

2019-05-24 15:44:21 - [MESSAGE][PASSED] - Scroll to object 'Object Repository/OCS-MOBILE /Product page/Swatch_3.5g' successfully

2019-05-24 15:44:21 - [TEST_STEP][PASSED] - delay(2): Delayed 2 second(s)

2019-05-24 15:44:23 - [MESSAGE][PASSED] - Delayed 2 second(s)

2019-05-24 15:44:23 - [TEST_STEP][PASSED] - click(findTestObject("OCS-MOBILE /Product page/Add to Bag-button")): Object: 'Object Repository/OCS-MOBILE /Product page/Add to Bag-button' is clicked on

2019-05-24 15:44:24 - [MESSAGE][PASSED] - Object: 'Object Repository/OCS-MOBILE /Product page/Add to Bag-button' is clicked on

2019-05-24 15:44:24 - [TEST_STEP][PASSED] - delay(1): Delayed 1 second(s)

2019-05-24 15:44:25 - [MESSAGE][PASSED] - Delayed 1 second(s)

2019-05-24 15:44:25 - [TEST_STEP][PASSED] - click(findTestObject("OCS-MOBILE /Home - page/Cart icon -bag")): Object: 'Object Repository/OCS-MOBILE /Home - page/Cart icon -bag' is clicked on

2019-05-24 15:44:25 - [MESSAGE][PASSED] - Object: 'Object Repository/OCS-MOBILE /Home - page/Cart icon -bag' is clicked on

2019-05-24 15:44:25 - [TEST_STEP][PASSED] - delay(2): Delayed 2 second(s)

2019-05-24 15:44:27 - [MESSAGE][PASSED] - Delayed 2 second(s)

2019-05-24 15:44:27 - [TEST_STEP][PASSED] - k = getText(findTestObject("OCS-MOBILE /Cart flyout/Unit price - 1st Product")): Text of object 'Object Repository/OCS-MOBILE /Cart flyout/Unit price - 1st Product' is: '$34.10'

2019-05-24 15:44:27 - [MESSAGE][PASSED] - Text of object 'Object Repository/OCS-MOBILE /Cart flyout/Unit price - 1st Product' is: '$34.10'

2019-05-24 15:44:27 - [TEST_STEP][PASSED] - delay(2): Delayed 2 second(s)

2019-05-24 15:44:29 - [MESSAGE][PASSED] - Delayed 2 second(s)

2019-05-24 15:44:29 - [TEST_STEP][PASSED] - a = getText(findTestObject("OCS-MOBILE /Cart flyout/Unit price - 2nd Product")): Text of object 'Object Repository/OCS-MOBILE /Cart flyout/Unit price - 2nd Product' is: '$9.55'

2019-05-24 15:44:29 - [MESSAGE][PASSED] - Text of object 'Object Repository/OCS-MOBILE /Cart flyout/Unit price - 2nd Product' is: '$9.55'

2019-05-24 15:44:29 - [TEST_STEP][PASSED] - delay(2): Delayed 2 second(s)

2019-05-24 15:44:31 - [MESSAGE][PASSED] - Delayed 2 second(s)

2019-05-24 15:44:31 - [TEST_STEP][PASSED] - comment("a=" + a): a=$9.55

2019-05-24 15:44:31 - [MESSAGE][INFO] - a=$9.55

2019-05-24 15:44:31 - [TEST_STEP][PASSED] - without = a.substring(1): null

2019-05-24 15:44:31 - [TEST_STEP][PASSED] - comment("without = " + without): without = 9.55

2019-05-24 15:44:31 - [MESSAGE][INFO] - without = 9.55

2019-05-24 15:44:31 - [TEST_STEP][PASSED] - last = without.substring(0, without.length() - 1): null

2019-05-24 15:44:31 - [TEST_STEP][PASSED] - comment("last=" + last): last=9.5

2019-05-24 15:44:31 - [MESSAGE][INFO] - last=9.5

2019-05-24 15:44:31 - [TEST_STEP][PASSED] - comment("k=" + k): k=$34.10

2019-05-24 15:44:31 - [MESSAGE][INFO] - k=$34.10

2019-05-24 15:44:31 - [TEST_STEP][PASSED] - without1 = k.substring(1): null

2019-05-24 15:44:31 - [TEST_STEP][PASSED] - comment("without1 = " + without1): without1 = 34.10

2019-05-24 15:44:31 - [MESSAGE][INFO] - without1 = 34.10

2019-05-24 15:44:31 - [TEST_STEP][PASSED] - p1 = <not implemented yet for class: org.codehaus.groovy.ast.expr.EmptyExpression>: null

2019-05-24 15:44:31 - [TEST_STEP][PASSED] - p2 = <not implemented yet for class: org.codehaus.groovy.ast.expr.EmptyExpression>: null

2019-05-24 15:44:31 - [TEST_STEP][PASSED] - try: p1=9.5

2019-05-24 15:44:31 - [TEST_STEP][PASSED] - str = last: null

2019-05-24 15:44:31 - [TEST_STEP][PASSED] - comment("str=" + str): str=9.5

2019-05-24 15:44:31 - [MESSAGE][INFO] - str=9.5

2019-05-24 15:44:31 - [TEST_STEP][PASSED] - p1 = Double.valueOf(str): null

2019-05-24 15:44:31 - [TEST_STEP][PASSED] - comment("p1=" + p1): p1=9.5

2019-05-24 15:44:31 - [MESSAGE][INFO] - p1=9.5

2019-05-24 15:44:31 - [TEST_STEP][PASSED] - try: p2=34.1

2019-05-24 15:44:31 - [TEST_STEP][PASSED] - str5 = without1: null

2019-05-24 15:44:31 - [TEST_STEP][PASSED] - comment("str5=" + str5): str5=34.10

2019-05-24 15:44:31 - [MESSAGE][INFO] - str5=34.10

2019-05-24 15:44:31 - [TEST_STEP][PASSED] - p2 = Double.valueOf(str5): null

2019-05-24 15:44:31 - [TEST_STEP][PASSED] - comment("p2=" + p2): p2=34.1

2019-05-24 15:44:31 - [MESSAGE][INFO] - p2=34.1

2019-05-24 15:44:31 - [TEST_STEP][PASSED] - total = p1 + p2: null

2019-05-24 15:44:31 - [TEST_STEP][PASSED] - comment("total =" + total): total =43.6

2019-05-24 15:44:31 - [MESSAGE][INFO] - total =43.6

2019-05-24 15:44:31 - [TEST_STEP][PASSED] - executeJavaScript("var previewBar = document.getElementById("preview-bar-iframe"); previewBar.style.display = "none";", []): Execute JavaScript 'var previewBar = document.getElementById("preview-bar-iframe"); previewBar.style.display = "none";' successfully

2019-05-24 15:44:31 - [MESSAGE][PASSED] - Execute JavaScript 'var previewBar = document.getElementById("preview-bar-iframe"); previewBar.style.display = "none";' successfully

2019-05-24 15:44:31 - [TEST_STEP][PASSED] - amount = getText(findTestObject("OCS-MOBILE /Cart flyout/Sub-total Price")): Text of object 'Object Repository/OCS-MOBILE /Cart flyout/Sub-total Price' is: '$43.65'

2019-05-24 15:44:31 - [MESSAGE][PASSED] - Text of object 'Object Repository/OCS-MOBILE /Cart flyout/Sub-total Price' is: '$43.65'

2019-05-24 15:44:31 - [TEST_STEP][PASSED] - delay(2): Delayed 2 second(s)

2019-05-24 15:44:33 - [MESSAGE][PASSED] - Delayed 2 second(s)

2019-05-24 15:44:33 - [TEST_STEP][PASSED] - comment("amount =" + amount): amount =$43.65

2019-05-24 15:44:33 - [MESSAGE][INFO] - amount =$43.65

2019-05-24 15:44:33 - [TEST_STEP][PASSED] - soustotal = amount.substring(1): null

2019-05-24 15:44:33 - [TEST_STEP][PASSED] - comment("soustotal= " + soustotal): soustotal= 43.65

2019-05-24 15:44:33 - [MESSAGE][INFO] - soustotal= 43.65

2019-05-24 15:44:33 - [TEST_STEP][PASSED] - p = <not implemented yet for class: org.codehaus.groovy.ast.expr.EmptyExpression>: null

2019-05-24 15:44:33 - [TEST_STEP][PASSED] - try: p=43.65

2019-05-24 15:44:33 - [TEST_STEP][PASSED] - finalprice = soustotal: null

2019-05-24 15:44:33 - [TEST_STEP][PASSED] - comment("finalprice=" + finalprice): finalprice=43.65

2019-05-24 15:44:33 - [MESSAGE][INFO] - finalprice=43.65

2019-05-24 15:44:33 - [TEST_STEP][PASSED] - p = Double.valueOf(finalprice): null

2019-05-24 15:44:33 - [TEST_STEP][PASSED] - comment("p=" + p): p=43.65

2019-05-24 15:44:33 - [MESSAGE][INFO] - p=43.65

2019-05-24 15:44:33 - [TEST_STEP][PASSED] - finalprice = soustotal: null

2019-05-24 15:44:33 - [TEST_STEP][PASSED] - comment("finalprice=" + finalprice): finalprice=43.65

2019-05-24 15:44:33 - [MESSAGE][INFO] - finalprice=43.65

2019-05-24 15:44:33 - [TEST_STEP][PASSED] - p = Double.valueOf(finalprice): null

2019-05-24 15:44:33 - [TEST_STEP][PASSED] - comment("p=" + p): p=43.65

2019-05-24 15:44:33 - [MESSAGE][INFO] - p=43.65

2019-05-24 15:44:33 - [TEST_STEP][FAILED] - verifyEqual(total, p): verifyEqual(total, p) FAILED.
Reason:
com.kms.katalon.core.exception.StepFailedException: Unable to click on object 'Object Repository/OCS-MOBILE /Product page/Swatch_3.5g' (Root cause: org.openqa.selenium.ElementClickInterceptedException: Element <label class="swatch__label"> is not clickable at point (111,428) because another element <li class="swatch swatch--weight"> obscures it
Build info: version: '3.7.1', revision: '8a0099a', time: '2017-11-06T21:07:36.161Z'
System info: host: 'sumans-MacBook-Pro.local', ip: 'fe80:0:0:0:1866:4103:1514:248b%en0', os.name: 'Mac OS X', os.arch: 'x86_64', os.version: '10.13.6', java.version: '1.8.0_181'
Driver info: com.kms.katalon.core.webui.driver.firefox.CGeckoDriver
Capabilities {acceptInsecureCerts: true, browserName: firefox, browserVersion: 67.0, javascriptEnabled: true, moz:accessibilityChecks: false, moz:buildID: 20190516215225, moz:geckodriverVersion: 0.23.0, moz:headless: false, moz:processID: 3634, moz:profile: /var/folders/1t/c55l8xzs6gq..., moz:shutdownTimeout: 60000, moz:useNonSpecCompliantPointerOrigin: false, moz:webdriverClick: true, pageLoadStrategy: normal, platform: MAC, platformName: MAC, platformVersion: 17.7.0, proxy: Proxy(direct), rotatable: false, setWindowRect: true, strictFileInteractability: false, timeouts: {implicit: 0, pageLoad: 300000, script: 30000}, unhandledPromptBehavior: dismiss and notify}
Session ID: 850a6349-4ce0-8b41-b450-e899263e1649)
	at com.kms.katalon.core.keyword.internal.KeywordMain.stepFailed(KeywordMain.groovy:32)
	at com.kms.katalon.core.webui.keyword.internal.WebUIKeywordMain.stepFailed(WebUIKeywordMain.groovy:65)
	at com.kms.katalon.core.webui.keyword.internal.WebUIKeywordMain.runKeyword(WebUIKeywordMain.groovy:27)
	at com.kms.katalon.core.webui.keyword.builtin.ClickKeyword.click(ClickKeyword.groovy:86)
	at com.kms.katalon.core.webui.keyword.builtin.ClickKeyword.execute(ClickKeyword.groovy:67)
	at com.kms.katalon.core.keyword.internal.KeywordExecutor.executeKeywordForPlatform(KeywordExecutor.groovy:53)
	at com.kms.katalon.core.webui.keyword.WebUiBuiltInKeywords.click(WebUiBuiltInKeywords.groovy:604)
	at com.kms.katalon.core.webui.keyword.WebUiBuiltInKeywords$click$7.call(Unknown Source)
	at Cart flyout-price comparison.run(Cart flyout-price comparison:54)
	at com.kms.katalon.core.main.ScriptEngine.run(ScriptEngine.java:194)
	at com.kms.katalon.core.main.ScriptEngine.runScriptAsRawText(ScriptEngine.java:119)
	at com.kms.katalon.core.main.TestCaseExecutor.runScript(TestCaseExecutor.java:328)
	at com.kms.katalon.core.main.TestCaseExecutor.doExecute(TestCaseExecutor.java:319)
	at com.kms.katalon.core.main.TestCaseExecutor.processExecutionPhase(TestCaseExecutor.java:298)
	at com.kms.katalon.core.main.TestCaseExecutor.accessMainPhase(TestCaseExecutor.java:290)
	at com.kms.katalon.core.main.TestCaseExecutor.execute(TestCaseExecutor.java:224)
	at com.kms.katalon.core.main.TestSuiteExecutor.accessTestCaseMainPhase(TestSuiteExecutor.java:129)
	at com.kms.katalon.core.main.TestSuiteExecutor.accessTestSuiteMainPhase(TestSuiteExecutor.java:112)
	at com.kms.katalon.core.main.TestSuiteExecutor.execute(TestSuiteExecutor.java:81)
	at com.kms.katalon.core.main.TestCaseMain.startTestSuite(TestCaseMain.java:149)
	at com.kms.katalon.core.main.TestCaseMain$startTestSuite$0.call(Unknown Source)
	at TempTestSuite1558726715443.run(TempTestSuite1558726715443.groovy:36)


2019-05-24 15:44:33 - [MESSAGE][FAILED] - Unable to verify equal between actual object '43.6' and expected object '43.65' (Root cause: com.kms.katalon.core.exception.StepFailedException: Actual object '43.6' and expected object '43.65' are not equal)

2019-05-24 15:44:33 - [MESSAGE][FAILED] - verifyEqual(total, p) FAILED.
Reason:
com.kms.katalon.core.exception.StepFailedException: Unable to click on object 'Object Repository/OCS-MOBILE /Product page/Swatch_3.5g' (Root cause: org.openqa.selenium.ElementClickInterceptedException: Element <label class="swatch__label"> is not clickable at point (111,428) because another element <li class="swatch swatch--weight"> obscures it
Build info: version: '3.7.1', revision: '8a0099a', time: '2017-11-06T21:07:36.161Z'
System info: host: 'sumans-MacBook-Pro.local', ip: 'fe80:0:0:0:1866:4103:1514:248b%en0', os.name: 'Mac OS X', os.arch: 'x86_64', os.version: '10.13.6', java.version: '1.8.0_181'
Driver info: com.kms.katalon.core.webui.driver.firefox.CGeckoDriver
Capabilities {acceptInsecureCerts: true, browserName: firefox, browserVersion: 67.0, javascriptEnabled: true, moz:accessibilityChecks: false, moz:buildID: 20190516215225, moz:geckodriverVersion: 0.23.0, moz:headless: false, moz:processID: 3634, moz:profile: /var/folders/1t/c55l8xzs6gq..., moz:shutdownTimeout: 60000, moz:useNonSpecCompliantPointerOrigin: false, moz:webdriverClick: true, pageLoadStrategy: normal, platform: MAC, platformName: MAC, platformVersion: 17.7.0, proxy: Proxy(direct), rotatable: false, setWindowRect: true, strictFileInteractability: false, timeouts: {implicit: 0, pageLoad: 300000, script: 30000}, unhandledPromptBehavior: dismiss and notify}
Session ID: 850a6349-4ce0-8b41-b450-e899263e1649)
	at com.kms.katalon.core.keyword.internal.KeywordMain.stepFailed(KeywordMain.groovy:32)
	at com.kms.katalon.core.webui.keyword.internal.WebUIKeywordMain.stepFailed(WebUIKeywordMain.groovy:65)
	at com.kms.katalon.core.webui.keyword.internal.WebUIKeywordMain.runKeyword(WebUIKeywordMain.groovy:27)
	at com.kms.katalon.core.webui.keyword.builtin.ClickKeyword.click(ClickKeyword.groovy:86)
	at com.kms.katalon.core.webui.keyword.builtin.ClickKeyword.execute(ClickKeyword.groovy:67)
	at com.kms.katalon.core.keyword.internal.KeywordExecutor.executeKeywordForPlatform(KeywordExecutor.groovy:53)
	at com.kms.katalon.core.webui.keyword.WebUiBuiltInKeywords.click(WebUiBuiltInKeywords.groovy:604)
	at com.kms.katalon.core.webui.keyword.WebUiBuiltInKeywords$click$7.call(Unknown Source)
	at Cart flyout-price comparison.run(Cart flyout-price comparison:54)
	at com.kms.katalon.core.main.ScriptEngine.run(ScriptEngine.java:194)
	at com.kms.katalon.core.main.ScriptEngine.runScriptAsRawText(ScriptEngine.java:119)
	at com.kms.katalon.core.main.TestCaseExecutor.runScript(TestCaseExecutor.java:328)
	at com.kms.katalon.core.main.TestCaseExecutor.doExecute(TestCaseExecutor.java:319)
	at com.kms.katalon.core.main.TestCaseExecutor.processExecutionPhase(TestCaseExecutor.java:298)
	at com.kms.katalon.core.main.TestCaseExecutor.accessMainPhase(TestCaseExecutor.java:290)
	at com.kms.katalon.core.main.TestCaseExecutor.execute(TestCaseExecutor.java:224)
	at com.kms.katalon.core.main.TestSuiteExecutor.accessTestCaseMainPhase(TestSuiteExecutor.java:129)
	at com.kms.katalon.core.main.TestSuiteExecutor.accessTestSuiteMainPhase(TestSuiteExecutor.java:112)
	at com.kms.katalon.core.main.TestSuiteExecutor.execute(TestSuiteExecutor.java:81)
	at com.kms.katalon.core.main.TestCaseMain.startTestSuite(TestCaseMain.java:149)
	at com.kms.katalon.core.main.TestCaseMain$startTestSuite$0.call(Unknown Source)
	at TempTestSuite1558726715443.run(TempTestSuite1558726715443.groovy:36)]]></system-out>
         <system-err><![CDATA[2019-05-24 15:43:05 - [TEST_CASE][FAILED] - Test Cases/OCS - MOBILE/OCS- CRITICAL PATH/Cart flyout-price comparison: Test Cases/OCS - MOBILE/OCS- CRITICAL PATH/Cart flyout-price comparison FAILED.
Reason:
com.kms.katalon.core.exception.StepFailedException: Unable to click on object 'Object Repository/OCS-MOBILE /Product page/Swatch_3.5g' (Root cause: org.openqa.selenium.ElementClickInterceptedException: Element <label class="swatch__label"> is not clickable at point (111,428) because another element <li class="swatch swatch--weight"> obscures it
Build info: version: '3.7.1', revision: '8a0099a', time: '2017-11-06T21:07:36.161Z'
System info: host: 'sumans-MacBook-Pro.local', ip: 'fe80:0:0:0:1866:4103:1514:248b%en0', os.name: 'Mac OS X', os.arch: 'x86_64', os.version: '10.13.6', java.version: '1.8.0_181'
Driver info: com.kms.katalon.core.webui.driver.firefox.CGeckoDriver
Capabilities {acceptInsecureCerts: true, browserName: firefox, browserVersion: 67.0, javascriptEnabled: true, moz:accessibilityChecks: false, moz:buildID: 20190516215225, moz:geckodriverVersion: 0.23.0, moz:headless: false, moz:processID: 3634, moz:profile: /var/folders/1t/c55l8xzs6gq..., moz:shutdownTimeout: 60000, moz:useNonSpecCompliantPointerOrigin: false, moz:webdriverClick: true, pageLoadStrategy: normal, platform: MAC, platformName: MAC, platformVersion: 17.7.0, proxy: Proxy(direct), rotatable: false, setWindowRect: true, strictFileInteractability: false, timeouts: {implicit: 0, pageLoad: 300000, script: 30000}, unhandledPromptBehavior: dismiss and notify}
Session ID: 850a6349-4ce0-8b41-b450-e899263e1649)
	at com.kms.katalon.core.keyword.internal.KeywordMain.stepFailed(KeywordMain.groovy:32)
	at com.kms.katalon.core.webui.keyword.internal.WebUIKeywordMain.stepFailed(WebUIKeywordMain.groovy:65)
	at com.kms.katalon.core.webui.keyword.internal.WebUIKeywordMain.runKeyword(WebUIKeywordMain.groovy:27)
	at com.kms.katalon.core.webui.keyword.builtin.ClickKeyword.click(ClickKeyword.groovy:86)
	at com.kms.katalon.core.webui.keyword.builtin.ClickKeyword.execute(ClickKeyword.groovy:67)
	at com.kms.katalon.core.keyword.internal.KeywordExecutor.executeKeywordForPlatform(KeywordExecutor.groovy:53)
	at com.kms.katalon.core.webui.keyword.WebUiBuiltInKeywords.click(WebUiBuiltInKeywords.groovy:604)
	at com.kms.katalon.core.webui.keyword.WebUiBuiltInKeywords$click$7.call(Unknown Source)
	at Cart flyout-price comparison.run(Cart flyout-price comparison:54)
	at com.kms.katalon.core.main.ScriptEngine.run(ScriptEngine.java:194)
	at com.kms.katalon.core.main.ScriptEngine.runScriptAsRawText(ScriptEngine.java:119)
	at com.kms.katalon.core.main.TestCaseExecutor.runScript(TestCaseExecutor.java:328)
	at com.kms.katalon.core.main.TestCaseExecutor.doExecute(TestCaseExecutor.java:319)
	at com.kms.katalon.core.main.TestCaseExecutor.processExecutionPhase(TestCaseExecutor.java:298)
	at com.kms.katalon.core.main.TestCaseExecutor.accessMainPhase(TestCaseExecutor.java:290)
	at com.kms.katalon.core.main.TestCaseExecutor.execute(TestCaseExecutor.java:224)
	at com.kms.katalon.core.main.TestSuiteExecutor.accessTestCaseMainPhase(TestSuiteExecutor.java:129)
	at com.kms.katalon.core.main.TestSuiteExecutor.accessTestSuiteMainPhase(TestSuiteExecutor.java:112)
	at com.kms.katalon.core.main.TestSuiteExecutor.execute(TestSuiteExecutor.java:81)
	at com.kms.katalon.core.main.TestCaseMain.startTestSuite(TestCaseMain.java:149)
	at com.kms.katalon.core.main.TestCaseMain$startTestSuite$0.call(Unknown Source)
	at TempTestSuite1558726715443.run(TempTestSuite1558726715443.groovy:36)]]></system-err>
      </testcase>
      <testcase name="Test Cases/OCS - MOBILE/OCS- CRITICAL PATH/Cart flyout-tooltips" classname="Test Cases/OCS - MOBILE/OCS- CRITICAL PATH/Cart flyout-tooltips" status="FAILED">
         <failure type="FAILED" message="Test Cases/OCS - MOBILE/OCS- CRITICAL PATH/Cart flyout-tooltips FAILED.
Reason:
com.kms.katalon.core.exception.StepFailedException: Unable to click on object 'Object Repository/OCS-MOBILE /Cart flyout/tool tip - TOP' (Root cause: org.openqa.selenium.ElementNotInteractableException: Element &lt;i class=&quot;icon icon--question-mark&quot;> could not be scrolled into view
Build info: version: '3.7.1', revision: '8a0099a', time: '2017-11-06T21:07:36.161Z'
System info: host: 'sumans-MacBook-Pro.local', ip: 'fe80:0:0:0:1866:4103:1514:248b%en0', os.name: 'Mac OS X', os.arch: 'x86_64', os.version: '10.13.6', java.version: '1.8.0_181'
Driver info: com.kms.katalon.core.webui.driver.firefox.CGeckoDriver
Capabilities {acceptInsecureCerts: true, browserName: firefox, browserVersion: 67.0, javascriptEnabled: true, moz:accessibilityChecks: false, moz:buildID: 20190516215225, moz:geckodriverVersion: 0.23.0, moz:headless: false, moz:processID: 3646, moz:profile: /var/folders/1t/c55l8xzs6gq..., moz:shutdownTimeout: 60000, moz:useNonSpecCompliantPointerOrigin: false, moz:webdriverClick: true, pageLoadStrategy: normal, platform: MAC, platformName: MAC, platformVersion: 17.7.0, proxy: Proxy(direct), rotatable: false, setWindowRect: true, strictFileInteractability: false, timeouts: {implicit: 0, pageLoad: 300000, script: 30000}, unhandledPromptBehavior: dismiss and notify}
Session ID: d2c780f8-7519-4a4f-97f9-8f772518b490)
	at com.kms.katalon.core.keyword.internal.KeywordMain.stepFailed(KeywordMain.groovy:36)
	at com.kms.katalon.core.webui.keyword.internal.WebUIKeywordMain.stepFailed(WebUIKeywordMain.groovy:65)
	at com.kms.katalon.core.webui.keyword.internal.WebUIKeywordMain.runKeyword(WebUIKeywordMain.groovy:27)
	at com.kms.katalon.core.webui.keyword.builtin.ClickKeyword.click(ClickKeyword.groovy:86)
	at com.kms.katalon.core.webui.keyword.builtin.ClickKeyword.execute(ClickKeyword.groovy:67)
	at com.kms.katalon.core.keyword.internal.KeywordExecutor.executeKeywordForPlatform(KeywordExecutor.groovy:53)
	at com.kms.katalon.core.webui.keyword.WebUiBuiltInKeywords.click(WebUiBuiltInKeywords.groovy:616)
	at com.kms.katalon.core.webui.keyword.WebUiBuiltInKeywords$click$4.call(Unknown Source)
	at Cart flyout-tooltips.run(Cart flyout-tooltips:65)
	at com.kms.katalon.core.main.ScriptEngine.run(ScriptEngine.java:194)
	at com.kms.katalon.core.main.ScriptEngine.runScriptAsRawText(ScriptEngine.java:119)
	at com.kms.katalon.core.main.TestCaseExecutor.runScript(TestCaseExecutor.java:328)
	at com.kms.katalon.core.main.TestCaseExecutor.doExecute(TestCaseExecutor.java:319)
	at com.kms.katalon.core.main.TestCaseExecutor.processExecutionPhase(TestCaseExecutor.java:298)
	at com.kms.katalon.core.main.TestCaseExecutor.accessMainPhase(TestCaseExecutor.java:290)
	at com.kms.katalon.core.main.TestCaseExecutor.execute(TestCaseExecutor.java:224)
	at com.kms.katalon.core.main.TestSuiteExecutor.accessTestCaseMainPhase(TestSuiteExecutor.java:129)
	at com.kms.katalon.core.main.TestSuiteExecutor.accessTestSuiteMainPhase(TestSuiteExecutor.java:112)
	at com.kms.katalon.core.main.TestSuiteExecutor.execute(TestSuiteExecutor.java:81)
	at com.kms.katalon.core.main.TestCaseMain.startTestSuite(TestCaseMain.java:149)
	at com.kms.katalon.core.main.TestCaseMain$startTestSuite$0.call(Unknown Source)
	at TempTestSuite1558726715443.run(TempTestSuite1558726715443.groovy:36)
"/>
         <system-out><![CDATA[2019-05-24 15:44:33 - [TEST_CASE][FAILED] - Test Cases/OCS - MOBILE/OCS- CRITICAL PATH/Cart flyout-tooltips: Test Cases/OCS - MOBILE/OCS- CRITICAL PATH/Cart flyout-tooltips FAILED.
Reason:
com.kms.katalon.core.exception.StepFailedException: Unable to click on object 'Object Repository/OCS-MOBILE /Cart flyout/tool tip - TOP' (Root cause: org.openqa.selenium.ElementNotInteractableException: Element <i class="icon icon--question-mark"> could not be scrolled into view
Build info: version: '3.7.1', revision: '8a0099a', time: '2017-11-06T21:07:36.161Z'
System info: host: 'sumans-MacBook-Pro.local', ip: 'fe80:0:0:0:1866:4103:1514:248b%en0', os.name: 'Mac OS X', os.arch: 'x86_64', os.version: '10.13.6', java.version: '1.8.0_181'
Driver info: com.kms.katalon.core.webui.driver.firefox.CGeckoDriver
Capabilities {acceptInsecureCerts: true, browserName: firefox, browserVersion: 67.0, javascriptEnabled: true, moz:accessibilityChecks: false, moz:buildID: 20190516215225, moz:geckodriverVersion: 0.23.0, moz:headless: false, moz:processID: 3646, moz:profile: /var/folders/1t/c55l8xzs6gq..., moz:shutdownTimeout: 60000, moz:useNonSpecCompliantPointerOrigin: false, moz:webdriverClick: true, pageLoadStrategy: normal, platform: MAC, platformName: MAC, platformVersion: 17.7.0, proxy: Proxy(direct), rotatable: false, setWindowRect: true, strictFileInteractability: false, timeouts: {implicit: 0, pageLoad: 300000, script: 30000}, unhandledPromptBehavior: dismiss and notify}
Session ID: d2c780f8-7519-4a4f-97f9-8f772518b490)
	at com.kms.katalon.core.keyword.internal.KeywordMain.stepFailed(KeywordMain.groovy:36)
	at com.kms.katalon.core.webui.keyword.internal.WebUIKeywordMain.stepFailed(WebUIKeywordMain.groovy:65)
	at com.kms.katalon.core.webui.keyword.internal.WebUIKeywordMain.runKeyword(WebUIKeywordMain.groovy:27)
	at com.kms.katalon.core.webui.keyword.builtin.ClickKeyword.click(ClickKeyword.groovy:86)
	at com.kms.katalon.core.webui.keyword.builtin.ClickKeyword.execute(ClickKeyword.groovy:67)
	at com.kms.katalon.core.keyword.internal.KeywordExecutor.executeKeywordForPlatform(KeywordExecutor.groovy:53)
	at com.kms.katalon.core.webui.keyword.WebUiBuiltInKeywords.click(WebUiBuiltInKeywords.groovy:616)
	at com.kms.katalon.core.webui.keyword.WebUiBuiltInKeywords$click$4.call(Unknown Source)
	at Cart flyout-tooltips.run(Cart flyout-tooltips:65)
	at com.kms.katalon.core.main.ScriptEngine.run(ScriptEngine.java:194)
	at com.kms.katalon.core.main.ScriptEngine.runScriptAsRawText(ScriptEngine.java:119)
	at com.kms.katalon.core.main.TestCaseExecutor.runScript(TestCaseExecutor.java:328)
	at com.kms.katalon.core.main.TestCaseExecutor.doExecute(TestCaseExecutor.java:319)
	at com.kms.katalon.core.main.TestCaseExecutor.processExecutionPhase(TestCaseExecutor.java:298)
	at com.kms.katalon.core.main.TestCaseExecutor.accessMainPhase(TestCaseExecutor.java:290)
	at com.kms.katalon.core.main.TestCaseExecutor.execute(TestCaseExecutor.java:224)
	at com.kms.katalon.core.main.TestSuiteExecutor.accessTestCaseMainPhase(TestSuiteExecutor.java:129)
	at com.kms.katalon.core.main.TestSuiteExecutor.accessTestSuiteMainPhase(TestSuiteExecutor.java:112)
	at com.kms.katalon.core.main.TestSuiteExecutor.execute(TestSuiteExecutor.java:81)
	at com.kms.katalon.core.main.TestCaseMain.startTestSuite(TestCaseMain.java:149)
	at com.kms.katalon.core.main.TestCaseMain$startTestSuite$0.call(Unknown Source)
	at TempTestSuite1558726715443.run(TempTestSuite1558726715443.groovy:36)


2019-05-24 15:44:33 - [TEST_STEP][PASSED] - callTestCase(findTestCase("OCS - MOBILE/CALL - AGE GATE"), [:], STOP_ON_FAILURE): Call Test Case 'Test Cases/OCS - MOBILE/CALL - AGE GATE' successfully

2019-05-24 15:44:33 - [TEST_CASE][PASSED] - Test Cases/OCS - MOBILE/CALL - AGE GATE: Test Cases/OCS - MOBILE/CALL - AGE GATE

2019-05-24 15:44:33 - [TEST_STEP][PASSED] - openBrowser(""): Browser is opened with url: ''

2019-05-24 15:44:33 - [MESSAGE][WARNING] - A browser is already opened. Closing browser and opening a new one

2019-05-24 15:44:34 - [MESSAGE][INFO] - Starting 'Firefox' driver

2019-05-24 15:44:36 - [MESSAGE][PASSED] - Browser is opened with url: ''

2019-05-24 15:44:36 - [TEST_STEP][PASSED] - navigateToUrl("https://ocs.ca/?fts=0&preview_theme_id=53376026444"): Navigate to 'https://ocs.ca/?fts=0&preview_theme_id=53376026444' successfully

2019-05-24 15:44:44 - [MESSAGE][PASSED] - Navigate to 'https://ocs.ca/?fts=0&preview_theme_id=53376026444' successfully

2019-05-24 15:44:44 - [TEST_STEP][NOT_RUN] - executeJavaScript("var previewBar = document.getElementById("preview-bar-iframe"); previewBar.style.display = "none";", []): NOT_RUN: executeJavaScript("var previewBar = document.getElementById("preview-bar-iframe"); previewBar.style.display = "none";", [])

2019-05-24 15:44:44 - [MESSAGE][NOT_RUN] - NOT_RUN: executeJavaScript("var previewBar = document.getElementById("preview-bar-iframe"); previewBar.style.display = "none";", [])

2019-05-24 15:44:44 - [TEST_STEP][PASSED] - setViewPortSize(360, 800): Viewport is set to new size with width = 360 and height = 800

2019-05-24 15:44:44 - [MESSAGE][PASSED] - Viewport is set to new size with width = 360 and height = 800

2019-05-24 15:44:44 - [TEST_STEP][PASSED] - delay(4): Delayed 4 second(s)

2019-05-24 15:44:48 - [MESSAGE][PASSED] - Delayed 4 second(s)

2019-05-24 15:44:48 - [TEST_STEP][PASSED] - selectOptionByValue(findTestObject("OCS-MOBILE /Age gate and burger menu/Date"), "12", true): All options with value '12' are selected in object 'Object Repository/OCS-MOBILE /Age gate and burger menu/Date'  using regular expression

2019-05-24 15:44:48 - [MESSAGE][PASSED] - All options with value '12' are selected in object 'Object Repository/OCS-MOBILE /Age gate and burger menu/Date'  using regular expression

2019-05-24 15:44:48 - [TEST_STEP][PASSED] - selectOptionByValue(findTestObject("OCS-MOBILE /Age gate and burger menu/month"), "6", true): All options with value '6' are selected in object 'Object Repository/OCS-MOBILE /Age gate and burger menu/month'  using regular expression

2019-05-24 15:44:49 - [MESSAGE][PASSED] - All options with value '6' are selected in object 'Object Repository/OCS-MOBILE /Age gate and burger menu/month'  using regular expression

2019-05-24 15:44:49 - [TEST_STEP][PASSED] - delay(2): Delayed 2 second(s)

2019-05-24 15:44:51 - [MESSAGE][PASSED] - Delayed 2 second(s)

2019-05-24 15:44:51 - [TEST_STEP][PASSED] - selectOptionByValue(findTestObject("OCS-MOBILE /Age gate and burger menu/Year Dropdown"), "1990", true): All options with value '1990' are selected in object 'Object Repository/OCS-MOBILE /Age gate and burger menu/Year Dropdown'  using regular expression

2019-05-24 15:44:52 - [MESSAGE][PASSED] - All options with value '1990' are selected in object 'Object Repository/OCS-MOBILE /Age gate and burger menu/Year Dropdown'  using regular expression

2019-05-24 15:44:52 - [TEST_STEP][PASSED] - click(findTestObject("OCS-MOBILE /Age gate and burger menu/button_Verify")): Object: 'Object Repository/OCS-MOBILE /Age gate and burger menu/button_Verify' is clicked on

2019-05-24 15:44:53 - [MESSAGE][PASSED] - Object: 'Object Repository/OCS-MOBILE /Age gate and burger menu/button_Verify' is clicked on

2019-05-24 15:44:53 - [TEST_STEP][PASSED] - click(findTestObject("OCS-MOBILE /Age gate and burger menu/Checkbox_CONFIRM AND ACKNOWLEDGE")): Object: 'Object Repository/OCS-MOBILE /Age gate and burger menu/Checkbox_CONFIRM AND ACKNOWLEDGE' is clicked on

2019-05-24 15:44:53 - [MESSAGE][PASSED] - Object: 'Object Repository/OCS-MOBILE /Age gate and burger menu/Checkbox_CONFIRM AND ACKNOWLEDGE' is clicked on

2019-05-24 15:44:53 - [TEST_STEP][PASSED] - click(findTestObject("OCS-MOBILE /Age gate and burger menu/button_CONFIRM")): Object: 'Object Repository/OCS-MOBILE /Age gate and burger menu/button_CONFIRM' is clicked on

2019-05-24 15:44:53 - [MESSAGE][PASSED] - Object: 'Object Repository/OCS-MOBILE /Age gate and burger menu/button_CONFIRM' is clicked on

2019-05-24 15:44:53 - [TEST_STEP][PASSED] - click(findTestObject("OCS-MOBILE /Age gate and burger menu/button_Start Browsing")): Object: 'Object Repository/OCS-MOBILE /Age gate and burger menu/button_Start Browsing' is clicked on

2019-05-24 15:44:53 - [MESSAGE][PASSED] - Object: 'Object Repository/OCS-MOBILE /Age gate and burger menu/button_Start Browsing' is clicked on

2019-05-24 15:44:53 - [MESSAGE][PASSED] - Call Test Case 'Test Cases/OCS - MOBILE/CALL - AGE GATE' successfully

2019-05-24 15:44:53 - [TEST_STEP][PASSED] - delay(2): Delayed 2 second(s)

2019-05-24 15:44:55 - [MESSAGE][PASSED] - Delayed 2 second(s)

2019-05-24 15:44:55 - [TEST_STEP][PASSED] - click(findTestObject("OCS-MOBILE /Age gate and burger menu/Burger menu - English")): Object: 'Object Repository/OCS-MOBILE /Age gate and burger menu/Burger menu - English' is clicked on

2019-05-24 15:44:56 - [MESSAGE][PASSED] - Object: 'Object Repository/OCS-MOBILE /Age gate and burger menu/Burger menu - English' is clicked on

2019-05-24 15:44:56 - [TEST_STEP][PASSED] - delay(2): Delayed 2 second(s)

2019-05-24 15:44:58 - [MESSAGE][PASSED] - Delayed 2 second(s)

2019-05-24 15:44:58 - [TEST_STEP][PASSED] - click(findTestObject("OCS-MOBILE /Age gate and burger menu/Chevron_Cannabis")): Object: 'Object Repository/OCS-MOBILE /Age gate and burger menu/Chevron_Cannabis' is clicked on

2019-05-24 15:44:58 - [MESSAGE][PASSED] - Object: 'Object Repository/OCS-MOBILE /Age gate and burger menu/Chevron_Cannabis' is clicked on

2019-05-24 15:44:58 - [TEST_STEP][PASSED] - delay(2): Delayed 2 second(s)

2019-05-24 15:45:00 - [MESSAGE][PASSED] - Delayed 2 second(s)

2019-05-24 15:45:00 - [TEST_STEP][PASSED] - click(findTestObject("OCS-MOBILE /Age gate and burger menu/Dried Flower_Plus icon")): Object: 'Object Repository/OCS-MOBILE /Age gate and burger menu/Dried Flower_Plus icon' is clicked on

2019-05-24 15:45:00 - [MESSAGE][PASSED] - Object: 'Object Repository/OCS-MOBILE /Age gate and burger menu/Dried Flower_Plus icon' is clicked on

2019-05-24 15:45:00 - [TEST_STEP][PASSED] - delay(2): Delayed 2 second(s)

2019-05-24 15:45:02 - [MESSAGE][PASSED] - Delayed 2 second(s)

2019-05-24 15:45:02 - [TEST_STEP][PASSED] - click(findTestObject("OCS-MOBILE /Age gate and burger menu/Indica Dominant_Menu item")): Object: 'Object Repository/OCS-MOBILE /Age gate and burger menu/Indica Dominant_Menu item' is clicked on

2019-05-24 15:45:06 - [MESSAGE][PASSED] - Object: 'Object Repository/OCS-MOBILE /Age gate and burger menu/Indica Dominant_Menu item' is clicked on

2019-05-24 15:45:06 - [TEST_STEP][PASSED] - delay(2): Delayed 2 second(s)

2019-05-24 15:45:08 - [MESSAGE][PASSED] - Delayed 2 second(s)

2019-05-24 15:45:08 - [TEST_STEP][PASSED] - click(findTestObject("OCS-MOBILE /Collection page/Product image - 1st one")): Object: 'Object Repository/OCS-MOBILE /Collection page/Product image - 1st one' is clicked on

2019-05-24 15:45:13 - [MESSAGE][PASSED] - Object: 'Object Repository/OCS-MOBILE /Collection page/Product image - 1st one' is clicked on

2019-05-24 15:45:13 - [TEST_STEP][NOT_RUN] - click(findTestObject("Object Repository/Cart flyout-tooltips_OR/Page_Ontario Cannabis Store  Ontari/h3_Cannabis")): NOT_RUN: click(findTestObject("Object Repository/Cart flyout-tooltips_OR/Page_Ontario Cannabis Store  Ontari/h3_Cannabis"))

2019-05-24 15:45:13 - [MESSAGE][NOT_RUN] - NOT_RUN: click(findTestObject("Object Repository/Cart flyout-tooltips_OR/Page_Ontario Cannabis Store  Ontari/h3_Cannabis"))

2019-05-24 15:45:13 - [TEST_STEP][NOT_RUN] - click(findTestObject("Object Repository/Cart flyout-tooltips_OR/Page_Ontario Cannabis Store  Ontari/span_Indica Dominant")): NOT_RUN: click(findTestObject("Object Repository/Cart flyout-tooltips_OR/Page_Ontario Cannabis Store  Ontari/span_Indica Dominant"))

2019-05-24 15:45:13 - [MESSAGE][NOT_RUN] - NOT_RUN: click(findTestObject("Object Repository/Cart flyout-tooltips_OR/Page_Ontario Cannabis Store  Ontari/span_Indica Dominant"))

2019-05-24 15:45:13 - [TEST_STEP][NOT_RUN] - click(findTestObject("Object Repository/Cart flyout-tooltips_OR/Page_Indica Dominant Dried Flower/h3_Shishkaberry")): NOT_RUN: click(findTestObject("Object Repository/Cart flyout-tooltips_OR/Page_Indica Dominant Dried Flower/h3_Shishkaberry"))

2019-05-24 15:45:13 - [MESSAGE][NOT_RUN] - NOT_RUN: click(findTestObject("Object Repository/Cart flyout-tooltips_OR/Page_Indica Dominant Dried Flower/h3_Shishkaberry"))

2019-05-24 15:45:13 - [TEST_STEP][NOT_RUN] - click(findTestObject("Object Repository/Cart flyout-tooltips_OR/Page_Shishkaberry  Ontario Cannabis/label_1g")): NOT_RUN: click(findTestObject("Object Repository/Cart flyout-tooltips_OR/Page_Shishkaberry  Ontario Cannabis/label_1g"))

2019-05-24 15:45:13 - [MESSAGE][NOT_RUN] - NOT_RUN: click(findTestObject("Object Repository/Cart flyout-tooltips_OR/Page_Shishkaberry  Ontario Cannabis/label_1g"))

2019-05-24 15:45:13 - [TEST_STEP][NOT_RUN] - click(findTestObject("Object Repository/Cart flyout-tooltips_OR/Page_Shishkaberry  Ontario Cannabis/button_Add to Bag9.75")): NOT_RUN: click(findTestObject("Object Repository/Cart flyout-tooltips_OR/Page_Shishkaberry  Ontario Cannabis/button_Add to Bag9.75"))

2019-05-24 15:45:13 - [MESSAGE][NOT_RUN] - NOT_RUN: click(findTestObject("Object Repository/Cart flyout-tooltips_OR/Page_Shishkaberry  Ontario Cannabis/button_Add to Bag9.75"))

2019-05-24 15:45:13 - [TEST_STEP][PASSED] - delay(3): Delayed 3 second(s)

2019-05-24 15:45:16 - [MESSAGE][PASSED] - Delayed 3 second(s)

2019-05-24 15:45:16 - [TEST_STEP][PASSED] - executeJavaScript("var previewBar = document.getElementById("preview-bar-iframe"); previewBar.style.display = "none";", []): Execute JavaScript 'var previewBar = document.getElementById("preview-bar-iframe"); previewBar.style.display = "none";' successfully

2019-05-24 15:45:16 - [MESSAGE][PASSED] - Execute JavaScript 'var previewBar = document.getElementById("preview-bar-iframe"); previewBar.style.display = "none";' successfully

2019-05-24 15:45:16 - [TEST_STEP][PASSED] - scrollToElement(findTestObject("OCS-MOBILE /Product page/Product image"), 1): Scroll to object 'Object Repository/OCS-MOBILE /Product page/Product image' successfully

2019-05-24 15:45:16 - [MESSAGE][PASSED] - Scroll to object 'Object Repository/OCS-MOBILE /Product page/Product image' successfully

2019-05-24 15:45:16 - [TEST_STEP][PASSED] - click(findTestObject("OCS-MOBILE /Product page/Swatch_1g")): Object: 'Object Repository/OCS-MOBILE /Product page/Swatch_1g' is clicked on

2019-05-24 15:45:16 - [MESSAGE][PASSED] - Object: 'Object Repository/OCS-MOBILE /Product page/Swatch_1g' is clicked on

2019-05-24 15:45:16 - [TEST_STEP][PASSED] - delay(2): Delayed 2 second(s)

2019-05-24 15:45:18 - [MESSAGE][PASSED] - Delayed 2 second(s)

2019-05-24 15:45:18 - [TEST_STEP][PASSED] - click(findTestObject("OCS-MOBILE /Product page/Add to Bag-button")): Object: 'Object Repository/OCS-MOBILE /Product page/Add to Bag-button' is clicked on

2019-05-24 15:45:18 - [MESSAGE][PASSED] - Object: 'Object Repository/OCS-MOBILE /Product page/Add to Bag-button' is clicked on

2019-05-24 15:45:18 - [TEST_STEP][PASSED] - click(findTestObject("OCS-MOBILE /Home - page/Cart icon -bag")): Object: 'Object Repository/OCS-MOBILE /Home - page/Cart icon -bag' is clicked on

2019-05-24 15:45:18 - [MESSAGE][PASSED] - Object: 'Object Repository/OCS-MOBILE /Home - page/Cart icon -bag' is clicked on

2019-05-24 15:45:18 - [TEST_STEP][PASSED] - delay(1): Delayed 1 second(s)

2019-05-24 15:45:19 - [MESSAGE][PASSED] - Delayed 1 second(s)

2019-05-24 15:45:19 - [TEST_STEP][FAILED] - click(findTestObject("OCS-MOBILE /Cart flyout/tool tip - TOP")): click(findTestObject("OCS-MOBILE /Cart flyout/tool tip - TOP")) FAILED.
Reason:
com.kms.katalon.core.exception.StepFailedException: Unable to click on object 'Object Repository/OCS-MOBILE /Cart flyout/tool tip - TOP' (Root cause: org.openqa.selenium.ElementNotInteractableException: Element <i class="icon icon--question-mark"> could not be scrolled into view
Build info: version: '3.7.1', revision: '8a0099a', time: '2017-11-06T21:07:36.161Z'
System info: host: 'sumans-MacBook-Pro.local', ip: 'fe80:0:0:0:1866:4103:1514:248b%en0', os.name: 'Mac OS X', os.arch: 'x86_64', os.version: '10.13.6', java.version: '1.8.0_181'
Driver info: com.kms.katalon.core.webui.driver.firefox.CGeckoDriver
Capabilities {acceptInsecureCerts: true, browserName: firefox, browserVersion: 67.0, javascriptEnabled: true, moz:accessibilityChecks: false, moz:buildID: 20190516215225, moz:geckodriverVersion: 0.23.0, moz:headless: false, moz:processID: 3646, moz:profile: /var/folders/1t/c55l8xzs6gq..., moz:shutdownTimeout: 60000, moz:useNonSpecCompliantPointerOrigin: false, moz:webdriverClick: true, pageLoadStrategy: normal, platform: MAC, platformName: MAC, platformVersion: 17.7.0, proxy: Proxy(direct), rotatable: false, setWindowRect: true, strictFileInteractability: false, timeouts: {implicit: 0, pageLoad: 300000, script: 30000}, unhandledPromptBehavior: dismiss and notify}
Session ID: d2c780f8-7519-4a4f-97f9-8f772518b490)
	at com.kms.katalon.core.keyword.internal.KeywordMain.stepFailed(KeywordMain.groovy:36)
	at com.kms.katalon.core.webui.keyword.internal.WebUIKeywordMain.stepFailed(WebUIKeywordMain.groovy:65)
	at com.kms.katalon.core.webui.keyword.internal.WebUIKeywordMain.runKeyword(WebUIKeywordMain.groovy:27)
	at com.kms.katalon.core.webui.keyword.builtin.ClickKeyword.click(ClickKeyword.groovy:86)
	at com.kms.katalon.core.webui.keyword.builtin.ClickKeyword.execute(ClickKeyword.groovy:67)
	at com.kms.katalon.core.keyword.internal.KeywordExecutor.executeKeywordForPlatform(KeywordExecutor.groovy:53)
	at com.kms.katalon.core.webui.keyword.WebUiBuiltInKeywords.click(WebUiBuiltInKeywords.groovy:616)
	at com.kms.katalon.core.webui.keyword.WebUiBuiltInKeywords$click$4.call(Unknown Source)
	at Cart flyout-tooltips.run(Cart flyout-tooltips:65)
	at com.kms.katalon.core.main.ScriptEngine.run(ScriptEngine.java:194)
	at com.kms.katalon.core.main.ScriptEngine.runScriptAsRawText(ScriptEngine.java:119)
	at com.kms.katalon.core.main.TestCaseExecutor.runScript(TestCaseExecutor.java:328)
	at com.kms.katalon.core.main.TestCaseExecutor.doExecute(TestCaseExecutor.java:319)
	at com.kms.katalon.core.main.TestCaseExecutor.processExecutionPhase(TestCaseExecutor.java:298)
	at com.kms.katalon.core.main.TestCaseExecutor.accessMainPhase(TestCaseExecutor.java:290)
	at com.kms.katalon.core.main.TestCaseExecutor.execute(TestCaseExecutor.java:224)
	at com.kms.katalon.core.main.TestSuiteExecutor.accessTestCaseMainPhase(TestSuiteExecutor.java:129)
	at com.kms.katalon.core.main.TestSuiteExecutor.accessTestSuiteMainPhase(TestSuiteExecutor.java:112)
	at com.kms.katalon.core.main.TestSuiteExecutor.execute(TestSuiteExecutor.java:81)
	at com.kms.katalon.core.main.TestCaseMain.startTestSuite(TestCaseMain.java:149)
	at com.kms.katalon.core.main.TestCaseMain$startTestSuite$0.call(Unknown Source)
	at TempTestSuite1558726715443.run(TempTestSuite1558726715443.groovy:36)


2019-05-24 15:45:20 - [MESSAGE][FAILED] - Unable to click on object 'Object Repository/OCS-MOBILE /Cart flyout/tool tip - TOP' (Root cause: org.openqa.selenium.ElementNotInteractableException: Element <i class="icon icon--question-mark"> could not be scrolled into view
Build info: version: '3.7.1', revision: '8a0099a', time: '2017-11-06T21:07:36.161Z'
System info: host: 'sumans-MacBook-Pro.local', ip: 'fe80:0:0:0:1866:4103:1514:248b%en0', os.name: 'Mac OS X', os.arch: 'x86_64', os.version: '10.13.6', java.version: '1.8.0_181'
Driver info: com.kms.katalon.core.webui.driver.firefox.CGeckoDriver
Capabilities {acceptInsecureCerts: true, browserName: firefox, browserVersion: 67.0, javascriptEnabled: true, moz:accessibilityChecks: false, moz:buildID: 20190516215225, moz:geckodriverVersion: 0.23.0, moz:headless: false, moz:processID: 3646, moz:profile: /var/folders/1t/c55l8xzs6gq..., moz:shutdownTimeout: 60000, moz:useNonSpecCompliantPointerOrigin: false, moz:webdriverClick: true, pageLoadStrategy: normal, platform: MAC, platformName: MAC, platformVersion: 17.7.0, proxy: Proxy(direct), rotatable: false, setWindowRect: true, strictFileInteractability: false, timeouts: {implicit: 0, pageLoad: 300000, script: 30000}, unhandledPromptBehavior: dismiss and notify}
Session ID: d2c780f8-7519-4a4f-97f9-8f772518b490)
[[ATTACHMENT|/Users/sumankompelly/Katalon Studio/OCS ( QA- 1.9.1 ) /Reports/QA ( 1.9.1)/critical path/20190524_153835/1558727119923.png]]

2019-05-24 15:45:20 - [MESSAGE][FAILED] - click(findTestObject("OCS-MOBILE /Cart flyout/tool tip - TOP")) FAILED.
Reason:
com.kms.katalon.core.exception.StepFailedException: Unable to click on object 'Object Repository/OCS-MOBILE /Cart flyout/tool tip - TOP' (Root cause: org.openqa.selenium.ElementNotInteractableException: Element <i class="icon icon--question-mark"> could not be scrolled into view
Build info: version: '3.7.1', revision: '8a0099a', time: '2017-11-06T21:07:36.161Z'
System info: host: 'sumans-MacBook-Pro.local', ip: 'fe80:0:0:0:1866:4103:1514:248b%en0', os.name: 'Mac OS X', os.arch: 'x86_64', os.version: '10.13.6', java.version: '1.8.0_181'
Driver info: com.kms.katalon.core.webui.driver.firefox.CGeckoDriver
Capabilities {acceptInsecureCerts: true, browserName: firefox, browserVersion: 67.0, javascriptEnabled: true, moz:accessibilityChecks: false, moz:buildID: 20190516215225, moz:geckodriverVersion: 0.23.0, moz:headless: false, moz:processID: 3646, moz:profile: /var/folders/1t/c55l8xzs6gq..., moz:shutdownTimeout: 60000, moz:useNonSpecCompliantPointerOrigin: false, moz:webdriverClick: true, pageLoadStrategy: normal, platform: MAC, platformName: MAC, platformVersion: 17.7.0, proxy: Proxy(direct), rotatable: false, setWindowRect: true, strictFileInteractability: false, timeouts: {implicit: 0, pageLoad: 300000, script: 30000}, unhandledPromptBehavior: dismiss and notify}
Session ID: d2c780f8-7519-4a4f-97f9-8f772518b490)
	at com.kms.katalon.core.keyword.internal.KeywordMain.stepFailed(KeywordMain.groovy:36)
	at com.kms.katalon.core.webui.keyword.internal.WebUIKeywordMain.stepFailed(WebUIKeywordMain.groovy:65)
	at com.kms.katalon.core.webui.keyword.internal.WebUIKeywordMain.runKeyword(WebUIKeywordMain.groovy:27)
	at com.kms.katalon.core.webui.keyword.builtin.ClickKeyword.click(ClickKeyword.groovy:86)
	at com.kms.katalon.core.webui.keyword.builtin.ClickKeyword.execute(ClickKeyword.groovy:67)
	at com.kms.katalon.core.keyword.internal.KeywordExecutor.executeKeywordForPlatform(KeywordExecutor.groovy:53)
	at com.kms.katalon.core.webui.keyword.WebUiBuiltInKeywords.click(WebUiBuiltInKeywords.groovy:616)
	at com.kms.katalon.core.webui.keyword.WebUiBuiltInKeywords$click$4.call(Unknown Source)
	at Cart flyout-tooltips.run(Cart flyout-tooltips:65)
	at com.kms.katalon.core.main.ScriptEngine.run(ScriptEngine.java:194)
	at com.kms.katalon.core.main.ScriptEngine.runScriptAsRawText(ScriptEngine.java:119)
	at com.kms.katalon.core.main.TestCaseExecutor.runScript(TestCaseExecutor.java:328)
	at com.kms.katalon.core.main.TestCaseExecutor.doExecute(TestCaseExecutor.java:319)
	at com.kms.katalon.core.main.TestCaseExecutor.processExecutionPhase(TestCaseExecutor.java:298)
	at com.kms.katalon.core.main.TestCaseExecutor.accessMainPhase(TestCaseExecutor.java:290)
	at com.kms.katalon.core.main.TestCaseExecutor.execute(TestCaseExecutor.java:224)
	at com.kms.katalon.core.main.TestSuiteExecutor.accessTestCaseMainPhase(TestSuiteExecutor.java:129)
	at com.kms.katalon.core.main.TestSuiteExecutor.accessTestSuiteMainPhase(TestSuiteExecutor.java:112)
	at com.kms.katalon.core.main.TestSuiteExecutor.execute(TestSuiteExecutor.java:81)
	at com.kms.katalon.core.main.TestCaseMain.startTestSuite(TestCaseMain.java:149)
	at com.kms.katalon.core.main.TestCaseMain$startTestSuite$0.call(Unknown Source)
	at TempTestSuite1558726715443.run(TempTestSuite1558726715443.groovy:36)]]></system-out>
         <system-err><![CDATA[2019-05-24 15:44:33 - [TEST_CASE][FAILED] - Test Cases/OCS - MOBILE/OCS- CRITICAL PATH/Cart flyout-tooltips: Test Cases/OCS - MOBILE/OCS- CRITICAL PATH/Cart flyout-tooltips FAILED.
Reason:
com.kms.katalon.core.exception.StepFailedException: Unable to click on object 'Object Repository/OCS-MOBILE /Cart flyout/tool tip - TOP' (Root cause: org.openqa.selenium.ElementNotInteractableException: Element <i class="icon icon--question-mark"> could not be scrolled into view
Build info: version: '3.7.1', revision: '8a0099a', time: '2017-11-06T21:07:36.161Z'
System info: host: 'sumans-MacBook-Pro.local', ip: 'fe80:0:0:0:1866:4103:1514:248b%en0', os.name: 'Mac OS X', os.arch: 'x86_64', os.version: '10.13.6', java.version: '1.8.0_181'
Driver info: com.kms.katalon.core.webui.driver.firefox.CGeckoDriver
Capabilities {acceptInsecureCerts: true, browserName: firefox, browserVersion: 67.0, javascriptEnabled: true, moz:accessibilityChecks: false, moz:buildID: 20190516215225, moz:geckodriverVersion: 0.23.0, moz:headless: false, moz:processID: 3646, moz:profile: /var/folders/1t/c55l8xzs6gq..., moz:shutdownTimeout: 60000, moz:useNonSpecCompliantPointerOrigin: false, moz:webdriverClick: true, pageLoadStrategy: normal, platform: MAC, platformName: MAC, platformVersion: 17.7.0, proxy: Proxy(direct), rotatable: false, setWindowRect: true, strictFileInteractability: false, timeouts: {implicit: 0, pageLoad: 300000, script: 30000}, unhandledPromptBehavior: dismiss and notify}
Session ID: d2c780f8-7519-4a4f-97f9-8f772518b490)
	at com.kms.katalon.core.keyword.internal.KeywordMain.stepFailed(KeywordMain.groovy:36)
	at com.kms.katalon.core.webui.keyword.internal.WebUIKeywordMain.stepFailed(WebUIKeywordMain.groovy:65)
	at com.kms.katalon.core.webui.keyword.internal.WebUIKeywordMain.runKeyword(WebUIKeywordMain.groovy:27)
	at com.kms.katalon.core.webui.keyword.builtin.ClickKeyword.click(ClickKeyword.groovy:86)
	at com.kms.katalon.core.webui.keyword.builtin.ClickKeyword.execute(ClickKeyword.groovy:67)
	at com.kms.katalon.core.keyword.internal.KeywordExecutor.executeKeywordForPlatform(KeywordExecutor.groovy:53)
	at com.kms.katalon.core.webui.keyword.WebUiBuiltInKeywords.click(WebUiBuiltInKeywords.groovy:616)
	at com.kms.katalon.core.webui.keyword.WebUiBuiltInKeywords$click$4.call(Unknown Source)
	at Cart flyout-tooltips.run(Cart flyout-tooltips:65)
	at com.kms.katalon.core.main.ScriptEngine.run(ScriptEngine.java:194)
	at com.kms.katalon.core.main.ScriptEngine.runScriptAsRawText(ScriptEngine.java:119)
	at com.kms.katalon.core.main.TestCaseExecutor.runScript(TestCaseExecutor.java:328)
	at com.kms.katalon.core.main.TestCaseExecutor.doExecute(TestCaseExecutor.java:319)
	at com.kms.katalon.core.main.TestCaseExecutor.processExecutionPhase(TestCaseExecutor.java:298)
	at com.kms.katalon.core.main.TestCaseExecutor.accessMainPhase(TestCaseExecutor.java:290)
	at com.kms.katalon.core.main.TestCaseExecutor.execute(TestCaseExecutor.java:224)
	at com.kms.katalon.core.main.TestSuiteExecutor.accessTestCaseMainPhase(TestSuiteExecutor.java:129)
	at com.kms.katalon.core.main.TestSuiteExecutor.accessTestSuiteMainPhase(TestSuiteExecutor.java:112)
	at com.kms.katalon.core.main.TestSuiteExecutor.execute(TestSuiteExecutor.java:81)
	at com.kms.katalon.core.main.TestCaseMain.startTestSuite(TestCaseMain.java:149)
	at com.kms.katalon.core.main.TestCaseMain$startTestSuite$0.call(Unknown Source)
	at TempTestSuite1558726715443.run(TempTestSuite1558726715443.groovy:36)]]></system-err>
      </testcase>
      <testcase name="Test Cases/OCS - MOBILE/OCS- CRITICAL PATH/Cart page- decrease qty" classname="Test Cases/OCS - MOBILE/OCS- CRITICAL PATH/Cart page- decrease qty" status="PASSED">
         <system-out><![CDATA[2019-05-24 15:45:20 - [TEST_CASE][PASSED] - Test Cases/OCS - MOBILE/OCS- CRITICAL PATH/Cart page- decrease qty: Test Cases/OCS - MOBILE/OCS- CRITICAL PATH/Cart page- decrease qty

2019-05-24 15:45:20 - [TEST_STEP][PASSED] - callTestCase(findTestCase("OCS - MOBILE/CALL - AGE GATE"), [:], STOP_ON_FAILURE): Call Test Case 'Test Cases/OCS - MOBILE/CALL - AGE GATE' successfully

2019-05-24 15:45:20 - [TEST_CASE][PASSED] - Test Cases/OCS - MOBILE/CALL - AGE GATE: Test Cases/OCS - MOBILE/CALL - AGE GATE

2019-05-24 15:45:20 - [TEST_STEP][PASSED] - openBrowser(""): Browser is opened with url: ''

2019-05-24 15:45:20 - [MESSAGE][WARNING] - A browser is already opened. Closing browser and opening a new one

2019-05-24 15:45:20 - [MESSAGE][INFO] - Starting 'Firefox' driver

2019-05-24 15:45:23 - [MESSAGE][PASSED] - Browser is opened with url: ''

2019-05-24 15:45:23 - [TEST_STEP][PASSED] - navigateToUrl("https://ocs.ca/?fts=0&preview_theme_id=53376026444"): Navigate to 'https://ocs.ca/?fts=0&preview_theme_id=53376026444' successfully

2019-05-24 15:45:31 - [MESSAGE][PASSED] - Navigate to 'https://ocs.ca/?fts=0&preview_theme_id=53376026444' successfully

2019-05-24 15:45:31 - [TEST_STEP][NOT_RUN] - executeJavaScript("var previewBar = document.getElementById("preview-bar-iframe"); previewBar.style.display = "none";", []): NOT_RUN: executeJavaScript("var previewBar = document.getElementById("preview-bar-iframe"); previewBar.style.display = "none";", [])

2019-05-24 15:45:31 - [MESSAGE][NOT_RUN] - NOT_RUN: executeJavaScript("var previewBar = document.getElementById("preview-bar-iframe"); previewBar.style.display = "none";", [])

2019-05-24 15:45:31 - [TEST_STEP][PASSED] - setViewPortSize(360, 800): Viewport is set to new size with width = 360 and height = 800

2019-05-24 15:45:31 - [MESSAGE][PASSED] - Viewport is set to new size with width = 360 and height = 800

2019-05-24 15:45:31 - [TEST_STEP][PASSED] - delay(4): Delayed 4 second(s)

2019-05-24 15:45:35 - [MESSAGE][PASSED] - Delayed 4 second(s)

2019-05-24 15:45:35 - [TEST_STEP][PASSED] - selectOptionByValue(findTestObject("OCS-MOBILE /Age gate and burger menu/Date"), "12", true): All options with value '12' are selected in object 'Object Repository/OCS-MOBILE /Age gate and burger menu/Date'  using regular expression

2019-05-24 15:45:35 - [MESSAGE][PASSED] - All options with value '12' are selected in object 'Object Repository/OCS-MOBILE /Age gate and burger menu/Date'  using regular expression

2019-05-24 15:45:35 - [TEST_STEP][PASSED] - selectOptionByValue(findTestObject("OCS-MOBILE /Age gate and burger menu/month"), "6", true): All options with value '6' are selected in object 'Object Repository/OCS-MOBILE /Age gate and burger menu/month'  using regular expression

2019-05-24 15:45:36 - [MESSAGE][PASSED] - All options with value '6' are selected in object 'Object Repository/OCS-MOBILE /Age gate and burger menu/month'  using regular expression

2019-05-24 15:45:36 - [TEST_STEP][PASSED] - delay(2): Delayed 2 second(s)

2019-05-24 15:45:38 - [MESSAGE][PASSED] - Delayed 2 second(s)

2019-05-24 15:45:38 - [TEST_STEP][PASSED] - selectOptionByValue(findTestObject("OCS-MOBILE /Age gate and burger menu/Year Dropdown"), "1990", true): All options with value '1990' are selected in object 'Object Repository/OCS-MOBILE /Age gate and burger menu/Year Dropdown'  using regular expression

2019-05-24 15:45:39 - [MESSAGE][PASSED] - All options with value '1990' are selected in object 'Object Repository/OCS-MOBILE /Age gate and burger menu/Year Dropdown'  using regular expression

2019-05-24 15:45:39 - [TEST_STEP][PASSED] - click(findTestObject("OCS-MOBILE /Age gate and burger menu/button_Verify")): Object: 'Object Repository/OCS-MOBILE /Age gate and burger menu/button_Verify' is clicked on

2019-05-24 15:45:40 - [MESSAGE][PASSED] - Object: 'Object Repository/OCS-MOBILE /Age gate and burger menu/button_Verify' is clicked on

2019-05-24 15:45:40 - [TEST_STEP][PASSED] - click(findTestObject("OCS-MOBILE /Age gate and burger menu/Checkbox_CONFIRM AND ACKNOWLEDGE")): Object: 'Object Repository/OCS-MOBILE /Age gate and burger menu/Checkbox_CONFIRM AND ACKNOWLEDGE' is clicked on

2019-05-24 15:45:40 - [MESSAGE][PASSED] - Object: 'Object Repository/OCS-MOBILE /Age gate and burger menu/Checkbox_CONFIRM AND ACKNOWLEDGE' is clicked on

2019-05-24 15:45:40 - [TEST_STEP][PASSED] - click(findTestObject("OCS-MOBILE /Age gate and burger menu/button_CONFIRM")): Object: 'Object Repository/OCS-MOBILE /Age gate and burger menu/button_CONFIRM' is clicked on

2019-05-24 15:45:40 - [MESSAGE][PASSED] - Object: 'Object Repository/OCS-MOBILE /Age gate and burger menu/button_CONFIRM' is clicked on

2019-05-24 15:45:40 - [TEST_STEP][PASSED] - click(findTestObject("OCS-MOBILE /Age gate and burger menu/button_Start Browsing")): Object: 'Object Repository/OCS-MOBILE /Age gate and burger menu/button_Start Browsing' is clicked on

2019-05-24 15:45:40 - [MESSAGE][PASSED] - Object: 'Object Repository/OCS-MOBILE /Age gate and burger menu/button_Start Browsing' is clicked on

2019-05-24 15:45:40 - [MESSAGE][PASSED] - Call Test Case 'Test Cases/OCS - MOBILE/CALL - AGE GATE' successfully

2019-05-24 15:45:40 - [TEST_STEP][PASSED] - delay(2): Delayed 2 second(s)

2019-05-24 15:45:42 - [MESSAGE][PASSED] - Delayed 2 second(s)

2019-05-24 15:45:42 - [TEST_STEP][PASSED] - click(findTestObject("OCS-MOBILE /Age gate and burger menu/Burger menu - English")): Object: 'Object Repository/OCS-MOBILE /Age gate and burger menu/Burger menu - English' is clicked on

2019-05-24 15:45:43 - [MESSAGE][PASSED] - Object: 'Object Repository/OCS-MOBILE /Age gate and burger menu/Burger menu - English' is clicked on

2019-05-24 15:45:43 - [TEST_STEP][PASSED] - delay(2): Delayed 2 second(s)

2019-05-24 15:45:45 - [MESSAGE][PASSED] - Delayed 2 second(s)

2019-05-24 15:45:45 - [TEST_STEP][PASSED] - click(findTestObject("OCS-MOBILE /Age gate and burger menu/Chevron_Cannabis")): Object: 'Object Repository/OCS-MOBILE /Age gate and burger menu/Chevron_Cannabis' is clicked on

2019-05-24 15:45:45 - [MESSAGE][PASSED] - Object: 'Object Repository/OCS-MOBILE /Age gate and burger menu/Chevron_Cannabis' is clicked on

2019-05-24 15:45:45 - [TEST_STEP][PASSED] - delay(2): Delayed 2 second(s)

2019-05-24 15:45:47 - [MESSAGE][PASSED] - Delayed 2 second(s)

2019-05-24 15:45:47 - [TEST_STEP][PASSED] - click(findTestObject("OCS-MOBILE /Age gate and burger menu/Dried Flower_Plus icon")): Object: 'Object Repository/OCS-MOBILE /Age gate and burger menu/Dried Flower_Plus icon' is clicked on

2019-05-24 15:45:47 - [MESSAGE][PASSED] - Object: 'Object Repository/OCS-MOBILE /Age gate and burger menu/Dried Flower_Plus icon' is clicked on

2019-05-24 15:45:47 - [TEST_STEP][PASSED] - delay(2): Delayed 2 second(s)

2019-05-24 15:45:49 - [MESSAGE][PASSED] - Delayed 2 second(s)

2019-05-24 15:45:49 - [TEST_STEP][PASSED] - click(findTestObject("OCS-MOBILE /Age gate and burger menu/Indica Dominant_Menu item")): Object: 'Object Repository/OCS-MOBILE /Age gate and burger menu/Indica Dominant_Menu item' is clicked on

2019-05-24 15:45:53 - [MESSAGE][PASSED] - Object: 'Object Repository/OCS-MOBILE /Age gate and burger menu/Indica Dominant_Menu item' is clicked on

2019-05-24 15:45:53 - [TEST_STEP][PASSED] - delay(2): Delayed 2 second(s)

2019-05-24 15:45:55 - [MESSAGE][PASSED] - Delayed 2 second(s)

2019-05-24 15:45:55 - [TEST_STEP][PASSED] - click(findTestObject("OCS-MOBILE /Collection page/Product image - 1st one")): Object: 'Object Repository/OCS-MOBILE /Collection page/Product image - 1st one' is clicked on

2019-05-24 15:46:00 - [MESSAGE][PASSED] - Object: 'Object Repository/OCS-MOBILE /Collection page/Product image - 1st one' is clicked on

2019-05-24 15:46:00 - [TEST_STEP][PASSED] - executeJavaScript("var previewBar = document.getElementById("preview-bar-iframe"); previewBar.style.display = "none";", []): Execute JavaScript 'var previewBar = document.getElementById("preview-bar-iframe"); previewBar.style.display = "none";' successfully

2019-05-24 15:46:00 - [MESSAGE][PASSED] - Execute JavaScript 'var previewBar = document.getElementById("preview-bar-iframe"); previewBar.style.display = "none";' successfully

2019-05-24 15:46:00 - [TEST_STEP][PASSED] - scrollToElement(findTestObject("OCS-MOBILE /Product page/Product image"), 1): Scroll to object 'Object Repository/OCS-MOBILE /Product page/Product image' successfully

2019-05-24 15:46:00 - [MESSAGE][PASSED] - Scroll to object 'Object Repository/OCS-MOBILE /Product page/Product image' successfully

2019-05-24 15:46:00 - [TEST_STEP][PASSED] - delay(2): Delayed 2 second(s)

2019-05-24 15:46:02 - [MESSAGE][PASSED] - Delayed 2 second(s)

2019-05-24 15:46:02 - [TEST_STEP][PASSED] - click(findTestObject("OCS-MOBILE /Product page/Swatch_1g")): Object: 'Object Repository/OCS-MOBILE /Product page/Swatch_1g' is clicked on

2019-05-24 15:46:02 - [MESSAGE][PASSED] - Object: 'Object Repository/OCS-MOBILE /Product page/Swatch_1g' is clicked on

2019-05-24 15:46:02 - [TEST_STEP][PASSED] - scrollToElement(findTestObject("OCS-MOBILE /Product page/Swatch_1g"), 1): Scroll to object 'Object Repository/OCS-MOBILE /Product page/Swatch_1g' successfully

2019-05-24 15:46:02 - [MESSAGE][PASSED] - Scroll to object 'Object Repository/OCS-MOBILE /Product page/Swatch_1g' successfully

2019-05-24 15:46:02 - [TEST_STEP][PASSED] - delay(2): Delayed 2 second(s)

2019-05-24 15:46:04 - [MESSAGE][PASSED] - Delayed 2 second(s)

2019-05-24 15:46:04 - [TEST_STEP][PASSED] - click(findTestObject("OCS-MOBILE /Product page/Quantity Increase - Button")): Object: 'Object Repository/OCS-MOBILE /Product page/Quantity Increase - Button' is clicked on

2019-05-24 15:46:05 - [MESSAGE][PASSED] - Object: 'Object Repository/OCS-MOBILE /Product page/Quantity Increase - Button' is clicked on

2019-05-24 15:46:05 - [TEST_STEP][PASSED] - delay(1): Delayed 1 second(s)

2019-05-24 15:46:06 - [MESSAGE][PASSED] - Delayed 1 second(s)

2019-05-24 15:46:06 - [TEST_STEP][PASSED] - click(findTestObject("OCS-MOBILE /Product page/Quantity Increase - Button")): Object: 'Object Repository/OCS-MOBILE /Product page/Quantity Increase - Button' is clicked on

2019-05-24 15:46:06 - [MESSAGE][PASSED] - Object: 'Object Repository/OCS-MOBILE /Product page/Quantity Increase - Button' is clicked on

2019-05-24 15:46:06 - [TEST_STEP][PASSED] - delay(1): Delayed 1 second(s)

2019-05-24 15:46:07 - [MESSAGE][PASSED] - Delayed 1 second(s)

2019-05-24 15:46:07 - [TEST_STEP][PASSED] - click(findTestObject("OCS-MOBILE /Product page/Quantity Increase - Button")): Object: 'Object Repository/OCS-MOBILE /Product page/Quantity Increase - Button' is clicked on

2019-05-24 15:46:07 - [MESSAGE][PASSED] - Object: 'Object Repository/OCS-MOBILE /Product page/Quantity Increase - Button' is clicked on

2019-05-24 15:46:07 - [TEST_STEP][PASSED] - delay(1): Delayed 1 second(s)

2019-05-24 15:46:08 - [MESSAGE][PASSED] - Delayed 1 second(s)

2019-05-24 15:46:08 - [TEST_STEP][PASSED] - click(findTestObject("OCS-MOBILE /Product page/Quantity Increase - Button")): Object: 'Object Repository/OCS-MOBILE /Product page/Quantity Increase - Button' is clicked on

2019-05-24 15:46:08 - [MESSAGE][PASSED] - Object: 'Object Repository/OCS-MOBILE /Product page/Quantity Increase - Button' is clicked on

2019-05-24 15:46:08 - [TEST_STEP][PASSED] - delay(1): Delayed 1 second(s)

2019-05-24 15:46:09 - [MESSAGE][PASSED] - Delayed 1 second(s)

2019-05-24 15:46:09 - [TEST_STEP][PASSED] - click(findTestObject("OCS-MOBILE /Product page/Quantity Increase - Button")): Object: 'Object Repository/OCS-MOBILE /Product page/Quantity Increase - Button' is clicked on

2019-05-24 15:46:10 - [MESSAGE][PASSED] - Object: 'Object Repository/OCS-MOBILE /Product page/Quantity Increase - Button' is clicked on

2019-05-24 15:46:10 - [TEST_STEP][PASSED] - delay(2): Delayed 2 second(s)

2019-05-24 15:46:12 - [MESSAGE][PASSED] - Delayed 2 second(s)

2019-05-24 15:46:12 - [TEST_STEP][PASSED] - click(findTestObject("OCS-MOBILE /Product page/Add to Bag-button")): Object: 'Object Repository/OCS-MOBILE /Product page/Add to Bag-button' is clicked on

2019-05-24 15:46:12 - [MESSAGE][PASSED] - Object: 'Object Repository/OCS-MOBILE /Product page/Add to Bag-button' is clicked on

2019-05-24 15:46:12 - [TEST_STEP][PASSED] - delay(1): Delayed 1 second(s)

2019-05-24 15:46:13 - [MESSAGE][PASSED] - Delayed 1 second(s)

2019-05-24 15:46:13 - [TEST_STEP][PASSED] - click(findTestObject("OCS-MOBILE /Home - page/Cart icon -bag")): Object: 'Object Repository/OCS-MOBILE /Home - page/Cart icon -bag' is clicked on

2019-05-24 15:46:13 - [MESSAGE][PASSED] - Object: 'Object Repository/OCS-MOBILE /Home - page/Cart icon -bag' is clicked on

2019-05-24 15:46:13 - [TEST_STEP][PASSED] - delay(1): Delayed 1 second(s)

2019-05-24 15:46:14 - [MESSAGE][PASSED] - Delayed 1 second(s)

2019-05-24 15:46:14 - [TEST_STEP][PASSED] - click(findTestObject("OCS-MOBILE /Cart flyout/Checkbox_I confirm that")): Object: 'Object Repository/OCS-MOBILE /Cart flyout/Checkbox_I confirm that' is clicked on

2019-05-24 15:46:14 - [MESSAGE][PASSED] - Object: 'Object Repository/OCS-MOBILE /Cart flyout/Checkbox_I confirm that' is clicked on

2019-05-24 15:46:14 - [TEST_STEP][PASSED] - click(findTestObject("OCS-MOBILE /Cart flyout/Checkbox_Accept the Terms Condition")): Object: 'Object Repository/OCS-MOBILE /Cart flyout/Checkbox_Accept the Terms Condition' is clicked on

2019-05-24 15:46:15 - [MESSAGE][PASSED] - Object: 'Object Repository/OCS-MOBILE /Cart flyout/Checkbox_Accept the Terms Condition' is clicked on

2019-05-24 15:46:15 - [TEST_STEP][PASSED] - delay(1): Delayed 1 second(s)

2019-05-24 15:46:16 - [MESSAGE][PASSED] - Delayed 1 second(s)

2019-05-24 15:46:16 - [TEST_STEP][PASSED] - click(findTestObject("OCS-MOBILE /Cart flyout/Checkout - Button")): Object: 'Object Repository/OCS-MOBILE /Cart flyout/Checkout - Button' is clicked on

2019-05-24 15:46:22 - [MESSAGE][PASSED] - Object: 'Object Repository/OCS-MOBILE /Cart flyout/Checkout - Button' is clicked on

2019-05-24 15:46:22 - [TEST_STEP][PASSED] - delay(2): Delayed 2 second(s)

2019-05-24 15:46:24 - [MESSAGE][PASSED] - Delayed 2 second(s)

2019-05-24 15:46:24 - [TEST_STEP][PASSED] - executeJavaScript("var previewBar = document.getElementById("preview-bar-iframe"); previewBar.style.display = "none";", []): Execute JavaScript 'var previewBar = document.getElementById("preview-bar-iframe"); previewBar.style.display = "none";' successfully

2019-05-24 15:46:24 - [MESSAGE][PASSED] - Execute JavaScript 'var previewBar = document.getElementById("preview-bar-iframe"); previewBar.style.display = "none";' successfully

2019-05-24 15:46:24 - [TEST_STEP][PASSED] - scrollToElement(findTestObject("OCS-MOBILE /Customer info page/Return to Cart - Link"), 1): Scroll to object 'Object Repository/OCS-MOBILE /Customer info page/Return to Cart - Link' successfully

2019-05-24 15:46:24 - [MESSAGE][PASSED] - Scroll to object 'Object Repository/OCS-MOBILE /Customer info page/Return to Cart - Link' successfully

2019-05-24 15:46:24 - [TEST_STEP][PASSED] - delay(1): Delayed 1 second(s)

2019-05-24 15:46:25 - [MESSAGE][PASSED] - Delayed 1 second(s)

2019-05-24 15:46:25 - [TEST_STEP][PASSED] - click(findTestObject("OCS-MOBILE /Customer info page/Return to Cart - Link")): Object: 'Object Repository/OCS-MOBILE /Customer info page/Return to Cart - Link' is clicked on

2019-05-24 15:46:27 - [MESSAGE][PASSED] - Object: 'Object Repository/OCS-MOBILE /Customer info page/Return to Cart - Link' is clicked on

2019-05-24 15:46:27 - [TEST_STEP][PASSED] - delay(1): Delayed 1 second(s)

2019-05-24 15:46:28 - [MESSAGE][PASSED] - Delayed 1 second(s)

2019-05-24 15:46:28 - [TEST_STEP][PASSED] - a = getText(findTestObject("OCS-MOBILE /Cart page/Unit price - product - price in cart page")): Text of object 'Object Repository/OCS-MOBILE /Cart page/Unit price - product - price in cart page' is: '$57.30'

2019-05-24 15:46:28 - [MESSAGE][PASSED] - Text of object 'Object Repository/OCS-MOBILE /Cart page/Unit price - product - price in cart page' is: '$57.30'

2019-05-24 15:46:28 - [TEST_STEP][PASSED] - comment(a): $57.30

2019-05-24 15:46:28 - [MESSAGE][INFO] - $57.30

2019-05-24 15:46:28 - [TEST_STEP][PASSED] - click(findTestObject("OCS-MOBILE /Cart page/Quantity Input field")): Object: 'Object Repository/OCS-MOBILE /Cart page/Quantity Input field' is clicked on

2019-05-24 15:46:29 - [MESSAGE][PASSED] - Object: 'Object Repository/OCS-MOBILE /Cart page/Quantity Input field' is clicked on

2019-05-24 15:46:29 - [TEST_STEP][PASSED] - sendKeys(findTestObject("OCS-MOBILE /Cart page/Quantity Input field"), Keys.chord(CLEAR)): Keys 'CLEAR + ' sent to object: 'Object Repository/OCS-MOBILE /Cart page/Quantity Input field'

2019-05-24 15:46:29 - [MESSAGE][PASSED] - Keys 'CLEAR + ' sent to object: 'Object Repository/OCS-MOBILE /Cart page/Quantity Input field'

2019-05-24 15:46:29 - [TEST_STEP][PASSED] - delay(2): Delayed 2 second(s)

2019-05-24 15:46:31 - [MESSAGE][PASSED] - Delayed 2 second(s)

2019-05-24 15:46:31 - [TEST_STEP][PASSED] - setText(findTestObject("OCS-MOBILE /Cart page/Quantity Input field"), "10"): Text '10' is set on object 'Object Repository/OCS-MOBILE /Cart page/Quantity Input field'

2019-05-24 15:46:31 - [MESSAGE][PASSED] - Text '10' is set on object 'Object Repository/OCS-MOBILE /Cart page/Quantity Input field'

2019-05-24 15:46:31 - [TEST_STEP][PASSED] - delay(2): Delayed 2 second(s)

2019-05-24 15:46:33 - [MESSAGE][PASSED] - Delayed 2 second(s)

2019-05-24 15:46:33 - [TEST_STEP][PASSED] - sendKeys(findTestObject("OCS-MOBILE /Cart page/Quantity Input field"), Keys.chord(CLEAR)): Keys 'CLEAR + ' sent to object: 'Object Repository/OCS-MOBILE /Cart page/Quantity Input field'

2019-05-24 15:46:33 - [MESSAGE][PASSED] - Keys 'CLEAR + ' sent to object: 'Object Repository/OCS-MOBILE /Cart page/Quantity Input field'

2019-05-24 15:46:33 - [TEST_STEP][NOT_RUN] - click(findTestObject("OCS-MOBILE /Cart page/enter quantity")): NOT_RUN: click(findTestObject("OCS-MOBILE /Cart page/enter quantity"))

2019-05-24 15:46:33 - [MESSAGE][NOT_RUN] - NOT_RUN: click(findTestObject("OCS-MOBILE /Cart page/enter quantity"))

2019-05-24 15:46:33 - [TEST_STEP][PASSED] - delay(2): Delayed 2 second(s)

2019-05-24 15:46:35 - [MESSAGE][PASSED] - Delayed 2 second(s)

2019-05-24 15:46:35 - [TEST_STEP][PASSED] - setText(findTestObject("OCS-MOBILE /Cart page/Quantity Input field"), "7"): Text '7' is set on object 'Object Repository/OCS-MOBILE /Cart page/Quantity Input field'

2019-05-24 15:46:35 - [MESSAGE][PASSED] - Text '7' is set on object 'Object Repository/OCS-MOBILE /Cart page/Quantity Input field'

2019-05-24 15:46:35 - [TEST_STEP][PASSED] - delay(2): Delayed 2 second(s)

2019-05-24 15:46:37 - [MESSAGE][PASSED] - Delayed 2 second(s)

2019-05-24 15:46:37 - [TEST_STEP][NOT_RUN] - click(findTestObject("OCS-MOBILE /Cart page/Unit price - product")): NOT_RUN: click(findTestObject("OCS-MOBILE /Cart page/Unit price - product"))

2019-05-24 15:46:37 - [MESSAGE][NOT_RUN] - NOT_RUN: click(findTestObject("OCS-MOBILE /Cart page/Unit price - product"))

2019-05-24 15:46:37 - [TEST_STEP][PASSED] - delay(2): Delayed 2 second(s)

2019-05-24 15:46:39 - [MESSAGE][PASSED] - Delayed 2 second(s)

2019-05-24 15:46:39 - [TEST_STEP][PASSED] - click(findTestObject("OCS-MOBILE /Cart page/Qty Decrease icon")): Object: 'Object Repository/OCS-MOBILE /Cart page/Qty Decrease icon' is clicked on

2019-05-24 15:46:39 - [MESSAGE][PASSED] - Object: 'Object Repository/OCS-MOBILE /Cart page/Qty Decrease icon' is clicked on

2019-05-24 15:46:39 - [TEST_STEP][PASSED] - delay(2): Delayed 2 second(s)

2019-05-24 15:46:41 - [MESSAGE][PASSED] - Delayed 2 second(s)

2019-05-24 15:46:41 - [TEST_STEP][PASSED] - click(findTestObject("OCS-MOBILE /Cart page/Qty Decrease icon")): Object: 'Object Repository/OCS-MOBILE /Cart page/Qty Decrease icon' is clicked on

2019-05-24 15:46:41 - [MESSAGE][PASSED] - Object: 'Object Repository/OCS-MOBILE /Cart page/Qty Decrease icon' is clicked on

2019-05-24 15:46:41 - [TEST_STEP][PASSED] - delay(2): Delayed 2 second(s)

2019-05-24 15:46:43 - [MESSAGE][PASSED] - Delayed 2 second(s)

2019-05-24 15:46:43 - [TEST_STEP][PASSED] - click(findTestObject("OCS-MOBILE /Cart page/Qty Decrease icon")): Object: 'Object Repository/OCS-MOBILE /Cart page/Qty Decrease icon' is clicked on

2019-05-24 15:46:44 - [MESSAGE][PASSED] - Object: 'Object Repository/OCS-MOBILE /Cart page/Qty Decrease icon' is clicked on

2019-05-24 15:46:44 - [TEST_STEP][PASSED] - delay(2): Delayed 2 second(s)

2019-05-24 15:46:46 - [MESSAGE][PASSED] - Delayed 2 second(s)

2019-05-24 15:46:46 - [TEST_STEP][PASSED] - b = getText(findTestObject("OCS-MOBILE /Cart page/Unit price - product - price in cart page")): Text of object 'Object Repository/OCS-MOBILE /Cart page/Unit price - product - price in cart page' is: '$9.55'

2019-05-24 15:46:46 - [MESSAGE][PASSED] - Text of object 'Object Repository/OCS-MOBILE /Cart page/Unit price - product - price in cart page' is: '$9.55'

2019-05-24 15:46:46 - [TEST_STEP][PASSED] - comment(b): $9.55

2019-05-24 15:46:46 - [MESSAGE][INFO] - $9.55

2019-05-24 15:46:46 - [TEST_STEP][PASSED] - verifyNotEqual("a", "b"): Actual object 'a' and expected object 'b' are not equal

2019-05-24 15:46:46 - [MESSAGE][PASSED] - Actual object 'a' and expected object 'b' are not equal

2019-05-24 15:46:46 - [TEST_STEP][PASSED] - comment(" price changed . Quantity selector is working"):  price changed . Quantity selector is working

2019-05-24 15:46:46 - [MESSAGE][INFO] -  price changed . Quantity selector is working]]></system-out>
         <system-err><![CDATA[]]></system-err>
      </testcase>
      <testcase name="Test Cases/OCS - MOBILE/OCS- CRITICAL PATH/cart page-increase qty" classname="Test Cases/OCS - MOBILE/OCS- CRITICAL PATH/cart page-increase qty" status="PASSED">
         <system-out><![CDATA[2019-05-24 15:46:46 - [TEST_CASE][PASSED] - Test Cases/OCS - MOBILE/OCS- CRITICAL PATH/cart page-increase qty: Test Cases/OCS - MOBILE/OCS- CRITICAL PATH/cart page-increase qty

2019-05-24 15:46:46 - [TEST_STEP][PASSED] - callTestCase(findTestCase("OCS - MOBILE/CALL - AGE GATE"), [:], STOP_ON_FAILURE): Call Test Case 'Test Cases/OCS - MOBILE/CALL - AGE GATE' successfully

2019-05-24 15:46:46 - [TEST_CASE][PASSED] - Test Cases/OCS - MOBILE/CALL - AGE GATE: Test Cases/OCS - MOBILE/CALL - AGE GATE

2019-05-24 15:46:46 - [TEST_STEP][PASSED] - openBrowser(""): Browser is opened with url: ''

2019-05-24 15:46:46 - [MESSAGE][WARNING] - A browser is already opened. Closing browser and opening a new one

2019-05-24 15:46:46 - [MESSAGE][INFO] - Starting 'Firefox' driver

2019-05-24 15:46:49 - [MESSAGE][PASSED] - Browser is opened with url: ''

2019-05-24 15:46:49 - [TEST_STEP][PASSED] - navigateToUrl("https://ocs.ca/?fts=0&preview_theme_id=53376026444"): Navigate to 'https://ocs.ca/?fts=0&preview_theme_id=53376026444' successfully

2019-05-24 15:46:58 - [MESSAGE][PASSED] - Navigate to 'https://ocs.ca/?fts=0&preview_theme_id=53376026444' successfully

2019-05-24 15:46:58 - [TEST_STEP][NOT_RUN] - executeJavaScript("var previewBar = document.getElementById("preview-bar-iframe"); previewBar.style.display = "none";", []): NOT_RUN: executeJavaScript("var previewBar = document.getElementById("preview-bar-iframe"); previewBar.style.display = "none";", [])

2019-05-24 15:46:58 - [MESSAGE][NOT_RUN] - NOT_RUN: executeJavaScript("var previewBar = document.getElementById("preview-bar-iframe"); previewBar.style.display = "none";", [])

2019-05-24 15:46:58 - [TEST_STEP][PASSED] - setViewPortSize(360, 800): Viewport is set to new size with width = 360 and height = 800

2019-05-24 15:46:58 - [MESSAGE][PASSED] - Viewport is set to new size with width = 360 and height = 800

2019-05-24 15:46:58 - [TEST_STEP][PASSED] - delay(4): Delayed 4 second(s)

2019-05-24 15:47:02 - [MESSAGE][PASSED] - Delayed 4 second(s)

2019-05-24 15:47:02 - [TEST_STEP][PASSED] - selectOptionByValue(findTestObject("OCS-MOBILE /Age gate and burger menu/Date"), "12", true): All options with value '12' are selected in object 'Object Repository/OCS-MOBILE /Age gate and burger menu/Date'  using regular expression

2019-05-24 15:47:03 - [MESSAGE][PASSED] - All options with value '12' are selected in object 'Object Repository/OCS-MOBILE /Age gate and burger menu/Date'  using regular expression

2019-05-24 15:47:03 - [TEST_STEP][PASSED] - selectOptionByValue(findTestObject("OCS-MOBILE /Age gate and burger menu/month"), "6", true): All options with value '6' are selected in object 'Object Repository/OCS-MOBILE /Age gate and burger menu/month'  using regular expression

2019-05-24 15:47:03 - [MESSAGE][PASSED] - All options with value '6' are selected in object 'Object Repository/OCS-MOBILE /Age gate and burger menu/month'  using regular expression

2019-05-24 15:47:03 - [TEST_STEP][PASSED] - delay(2): Delayed 2 second(s)

2019-05-24 15:47:05 - [MESSAGE][PASSED] - Delayed 2 second(s)

2019-05-24 15:47:05 - [TEST_STEP][PASSED] - selectOptionByValue(findTestObject("OCS-MOBILE /Age gate and burger menu/Year Dropdown"), "1990", true): All options with value '1990' are selected in object 'Object Repository/OCS-MOBILE /Age gate and burger menu/Year Dropdown'  using regular expression

2019-05-24 15:47:07 - [MESSAGE][PASSED] - All options with value '1990' are selected in object 'Object Repository/OCS-MOBILE /Age gate and burger menu/Year Dropdown'  using regular expression

2019-05-24 15:47:07 - [TEST_STEP][PASSED] - click(findTestObject("OCS-MOBILE /Age gate and burger menu/button_Verify")): Object: 'Object Repository/OCS-MOBILE /Age gate and burger menu/button_Verify' is clicked on

2019-05-24 15:47:07 - [MESSAGE][PASSED] - Object: 'Object Repository/OCS-MOBILE /Age gate and burger menu/button_Verify' is clicked on

2019-05-24 15:47:07 - [TEST_STEP][PASSED] - click(findTestObject("OCS-MOBILE /Age gate and burger menu/Checkbox_CONFIRM AND ACKNOWLEDGE")): Object: 'Object Repository/OCS-MOBILE /Age gate and burger menu/Checkbox_CONFIRM AND ACKNOWLEDGE' is clicked on

2019-05-24 15:47:07 - [MESSAGE][PASSED] - Object: 'Object Repository/OCS-MOBILE /Age gate and burger menu/Checkbox_CONFIRM AND ACKNOWLEDGE' is clicked on

2019-05-24 15:47:07 - [TEST_STEP][PASSED] - click(findTestObject("OCS-MOBILE /Age gate and burger menu/button_CONFIRM")): Object: 'Object Repository/OCS-MOBILE /Age gate and burger menu/button_CONFIRM' is clicked on

2019-05-24 15:47:07 - [MESSAGE][PASSED] - Object: 'Object Repository/OCS-MOBILE /Age gate and burger menu/button_CONFIRM' is clicked on

2019-05-24 15:47:07 - [TEST_STEP][PASSED] - click(findTestObject("OCS-MOBILE /Age gate and burger menu/button_Start Browsing")): Object: 'Object Repository/OCS-MOBILE /Age gate and burger menu/button_Start Browsing' is clicked on

2019-05-24 15:47:08 - [MESSAGE][PASSED] - Object: 'Object Repository/OCS-MOBILE /Age gate and burger menu/button_Start Browsing' is clicked on

2019-05-24 15:47:08 - [MESSAGE][PASSED] - Call Test Case 'Test Cases/OCS - MOBILE/CALL - AGE GATE' successfully

2019-05-24 15:47:08 - [TEST_STEP][PASSED] - delay(2): Delayed 2 second(s)

2019-05-24 15:47:10 - [MESSAGE][PASSED] - Delayed 2 second(s)

2019-05-24 15:47:10 - [TEST_STEP][PASSED] - click(findTestObject("OCS-MOBILE /Age gate and burger menu/Burger menu - English")): Object: 'Object Repository/OCS-MOBILE /Age gate and burger menu/Burger menu - English' is clicked on

2019-05-24 15:47:10 - [MESSAGE][PASSED] - Object: 'Object Repository/OCS-MOBILE /Age gate and burger menu/Burger menu - English' is clicked on

2019-05-24 15:47:10 - [TEST_STEP][PASSED] - delay(2): Delayed 2 second(s)

2019-05-24 15:47:12 - [MESSAGE][PASSED] - Delayed 2 second(s)

2019-05-24 15:47:12 - [TEST_STEP][PASSED] - click(findTestObject("OCS-MOBILE /Age gate and burger menu/Chevron_Cannabis")): Object: 'Object Repository/OCS-MOBILE /Age gate and burger menu/Chevron_Cannabis' is clicked on

2019-05-24 15:47:12 - [MESSAGE][PASSED] - Object: 'Object Repository/OCS-MOBILE /Age gate and burger menu/Chevron_Cannabis' is clicked on

2019-05-24 15:47:12 - [TEST_STEP][PASSED] - delay(2): Delayed 2 second(s)

2019-05-24 15:47:14 - [MESSAGE][PASSED] - Delayed 2 second(s)

2019-05-24 15:47:14 - [TEST_STEP][PASSED] - click(findTestObject("OCS-MOBILE /Age gate and burger menu/Dried Flower_Plus icon")): Object: 'Object Repository/OCS-MOBILE /Age gate and burger menu/Dried Flower_Plus icon' is clicked on

2019-05-24 15:47:15 - [MESSAGE][PASSED] - Object: 'Object Repository/OCS-MOBILE /Age gate and burger menu/Dried Flower_Plus icon' is clicked on

2019-05-24 15:47:15 - [TEST_STEP][PASSED] - delay(2): Delayed 2 second(s)

2019-05-24 15:47:17 - [MESSAGE][PASSED] - Delayed 2 second(s)

2019-05-24 15:47:17 - [TEST_STEP][PASSED] - click(findTestObject("OCS-MOBILE /Age gate and burger menu/Indica Dominant_Menu item")): Object: 'Object Repository/OCS-MOBILE /Age gate and burger menu/Indica Dominant_Menu item' is clicked on

2019-05-24 15:47:19 - [MESSAGE][PASSED] - Object: 'Object Repository/OCS-MOBILE /Age gate and burger menu/Indica Dominant_Menu item' is clicked on

2019-05-24 15:47:19 - [TEST_STEP][PASSED] - delay(2): Delayed 2 second(s)

2019-05-24 15:47:21 - [MESSAGE][PASSED] - Delayed 2 second(s)

2019-05-24 15:47:21 - [TEST_STEP][PASSED] - click(findTestObject("OCS-MOBILE /Collection page/Product image - 1st one")): Object: 'Object Repository/OCS-MOBILE /Collection page/Product image - 1st one' is clicked on

2019-05-24 15:47:24 - [MESSAGE][PASSED] - Object: 'Object Repository/OCS-MOBILE /Collection page/Product image - 1st one' is clicked on

2019-05-24 15:47:24 - [TEST_STEP][PASSED] - executeJavaScript("var previewBar = document.getElementById("preview-bar-iframe"); previewBar.style.display = "none";", []): Execute JavaScript 'var previewBar = document.getElementById("preview-bar-iframe"); previewBar.style.display = "none";' successfully

2019-05-24 15:47:24 - [MESSAGE][PASSED] - Execute JavaScript 'var previewBar = document.getElementById("preview-bar-iframe"); previewBar.style.display = "none";' successfully

2019-05-24 15:47:24 - [TEST_STEP][PASSED] - scrollToElement(findTestObject("OCS-MOBILE /Product page/Product image"), 1): Scroll to object 'Object Repository/OCS-MOBILE /Product page/Product image' successfully

2019-05-24 15:47:24 - [MESSAGE][PASSED] - Scroll to object 'Object Repository/OCS-MOBILE /Product page/Product image' successfully

2019-05-24 15:47:24 - [TEST_STEP][PASSED] - delay(2): Delayed 2 second(s)

2019-05-24 15:47:26 - [MESSAGE][PASSED] - Delayed 2 second(s)

2019-05-24 15:47:26 - [TEST_STEP][PASSED] - click(findTestObject("OCS-MOBILE /Product page/Swatch_1g")): Object: 'Object Repository/OCS-MOBILE /Product page/Swatch_1g' is clicked on

2019-05-24 15:47:26 - [MESSAGE][PASSED] - Object: 'Object Repository/OCS-MOBILE /Product page/Swatch_1g' is clicked on

2019-05-24 15:47:26 - [TEST_STEP][PASSED] - scrollToElement(findTestObject("OCS-MOBILE /Product page/Swatch_3.5g"), 1): Scroll to object 'Object Repository/OCS-MOBILE /Product page/Swatch_3.5g' successfully

2019-05-24 15:47:26 - [MESSAGE][PASSED] - Scroll to object 'Object Repository/OCS-MOBILE /Product page/Swatch_3.5g' successfully

2019-05-24 15:47:26 - [TEST_STEP][PASSED] - delay(2): Delayed 2 second(s)

2019-05-24 15:47:28 - [MESSAGE][PASSED] - Delayed 2 second(s)

2019-05-24 15:47:28 - [TEST_STEP][PASSED] - click(findTestObject("OCS-MOBILE /Product page/Add to Bag-button")): Object: 'Object Repository/OCS-MOBILE /Product page/Add to Bag-button' is clicked on

2019-05-24 15:47:28 - [MESSAGE][PASSED] - Object: 'Object Repository/OCS-MOBILE /Product page/Add to Bag-button' is clicked on

2019-05-24 15:47:28 - [TEST_STEP][PASSED] - delay(1): Delayed 1 second(s)

2019-05-24 15:47:29 - [MESSAGE][PASSED] - Delayed 1 second(s)

2019-05-24 15:47:29 - [TEST_STEP][PASSED] - click(findTestObject("OCS-MOBILE /Home - page/Cart icon -bag")): Object: 'Object Repository/OCS-MOBILE /Home - page/Cart icon -bag' is clicked on

2019-05-24 15:47:30 - [MESSAGE][PASSED] - Object: 'Object Repository/OCS-MOBILE /Home - page/Cart icon -bag' is clicked on

2019-05-24 15:47:30 - [TEST_STEP][PASSED] - delay(2): Delayed 2 second(s)

2019-05-24 15:47:32 - [MESSAGE][PASSED] - Delayed 2 second(s)

2019-05-24 15:47:32 - [TEST_STEP][PASSED] - click(findTestObject("OCS-MOBILE /Cart flyout/Checkbox_I confirm that")): Object: 'Object Repository/OCS-MOBILE /Cart flyout/Checkbox_I confirm that' is clicked on

2019-05-24 15:47:32 - [MESSAGE][PASSED] - Object: 'Object Repository/OCS-MOBILE /Cart flyout/Checkbox_I confirm that' is clicked on

2019-05-24 15:47:32 - [TEST_STEP][PASSED] - delay(2): Delayed 2 second(s)

2019-05-24 15:47:34 - [MESSAGE][PASSED] - Delayed 2 second(s)

2019-05-24 15:47:34 - [TEST_STEP][PASSED] - click(findTestObject("OCS-MOBILE /Cart flyout/Checkbox_Accept the Terms Condition")): Object: 'Object Repository/OCS-MOBILE /Cart flyout/Checkbox_Accept the Terms Condition' is clicked on

2019-05-24 15:47:34 - [MESSAGE][PASSED] - Object: 'Object Repository/OCS-MOBILE /Cart flyout/Checkbox_Accept the Terms Condition' is clicked on

2019-05-24 15:47:34 - [TEST_STEP][PASSED] - delay(1): Delayed 1 second(s)

2019-05-24 15:47:35 - [MESSAGE][PASSED] - Delayed 1 second(s)

2019-05-24 15:47:35 - [TEST_STEP][PASSED] - click(findTestObject("OCS-MOBILE /Cart flyout/Checkout - Button")): Object: 'Object Repository/OCS-MOBILE /Cart flyout/Checkout - Button' is clicked on

2019-05-24 15:47:38 - [MESSAGE][PASSED] - Object: 'Object Repository/OCS-MOBILE /Cart flyout/Checkout - Button' is clicked on

2019-05-24 15:47:38 - [TEST_STEP][PASSED] - delay(2): Delayed 2 second(s)

2019-05-24 15:47:40 - [MESSAGE][PASSED] - Delayed 2 second(s)

2019-05-24 15:47:40 - [TEST_STEP][PASSED] - executeJavaScript("var previewBar = document.getElementById("preview-bar-iframe"); previewBar.style.display = "none";", []): Execute JavaScript 'var previewBar = document.getElementById("preview-bar-iframe"); previewBar.style.display = "none";' successfully

2019-05-24 15:47:40 - [MESSAGE][PASSED] - Execute JavaScript 'var previewBar = document.getElementById("preview-bar-iframe"); previewBar.style.display = "none";' successfully

2019-05-24 15:47:40 - [TEST_STEP][PASSED] - delay(2): Delayed 2 second(s)

2019-05-24 15:47:42 - [MESSAGE][PASSED] - Delayed 2 second(s)

2019-05-24 15:47:42 - [TEST_STEP][PASSED] - scrollToElement(findTestObject("OCS-MOBILE /Customer info page/Return to Cart - Link"), 1): Scroll to object 'Object Repository/OCS-MOBILE /Customer info page/Return to Cart - Link' successfully

2019-05-24 15:47:42 - [MESSAGE][PASSED] - Scroll to object 'Object Repository/OCS-MOBILE /Customer info page/Return to Cart - Link' successfully

2019-05-24 15:47:42 - [TEST_STEP][PASSED] - click(findTestObject("OCS-MOBILE /Customer info page/Return to Cart - Link")): Object: 'Object Repository/OCS-MOBILE /Customer info page/Return to Cart - Link' is clicked on

2019-05-24 15:47:43 - [MESSAGE][PASSED] - Object: 'Object Repository/OCS-MOBILE /Customer info page/Return to Cart - Link' is clicked on

2019-05-24 15:47:43 - [TEST_STEP][PASSED] - delay(1): Delayed 1 second(s)

2019-05-24 15:47:44 - [MESSAGE][PASSED] - Delayed 1 second(s)

2019-05-24 15:47:44 - [TEST_STEP][PASSED] - a = getText(findTestObject("OCS-MOBILE /Cart page/Unit price - product - price in cart page")): Text of object 'Object Repository/OCS-MOBILE /Cart page/Unit price - product - price in cart page' is: '$9.55'

2019-05-24 15:47:44 - [MESSAGE][PASSED] - Text of object 'Object Repository/OCS-MOBILE /Cart page/Unit price - product - price in cart page' is: '$9.55'

2019-05-24 15:47:44 - [TEST_STEP][PASSED] - comment(a): $9.55

2019-05-24 15:47:44 - [MESSAGE][INFO] - $9.55

2019-05-24 15:47:44 - [TEST_STEP][PASSED] - click(findTestObject("OCS-MOBILE /Cart page/Quantity Input field")): Object: 'Object Repository/OCS-MOBILE /Cart page/Quantity Input field' is clicked on

2019-05-24 15:47:44 - [MESSAGE][PASSED] - Object: 'Object Repository/OCS-MOBILE /Cart page/Quantity Input field' is clicked on

2019-05-24 15:47:44 - [TEST_STEP][PASSED] - sendKeys(findTestObject("OCS-MOBILE /Cart page/Quantity Input field"), Keys.chord(CLEAR)): Keys 'CLEAR + ' sent to object: 'Object Repository/OCS-MOBILE /Cart page/Quantity Input field'

2019-05-24 15:47:44 - [MESSAGE][PASSED] - Keys 'CLEAR + ' sent to object: 'Object Repository/OCS-MOBILE /Cart page/Quantity Input field'

2019-05-24 15:47:44 - [TEST_STEP][PASSED] - setText(findTestObject("OCS-MOBILE /Cart page/Quantity Input field"), "5"): Text '5' is set on object 'Object Repository/OCS-MOBILE /Cart page/Quantity Input field'

2019-05-24 15:47:44 - [MESSAGE][PASSED] - Text '5' is set on object 'Object Repository/OCS-MOBILE /Cart page/Quantity Input field'

2019-05-24 15:47:44 - [TEST_STEP][NOT_RUN] - click(findTestObject("OCS-MOBILE /Cart page/Unit price - product")): NOT_RUN: click(findTestObject("OCS-MOBILE /Cart page/Unit price - product"))

2019-05-24 15:47:44 - [MESSAGE][NOT_RUN] - NOT_RUN: click(findTestObject("OCS-MOBILE /Cart page/Unit price - product"))

2019-05-24 15:47:44 - [TEST_STEP][PASSED] - delay(2): Delayed 2 second(s)

2019-05-24 15:47:46 - [MESSAGE][PASSED] - Delayed 2 second(s)

2019-05-24 15:47:46 - [TEST_STEP][PASSED] - sendKeys(findTestObject("OCS-MOBILE /Cart page/Quantity Input field"), Keys.chord(CLEAR)): Keys 'CLEAR + ' sent to object: 'Object Repository/OCS-MOBILE /Cart page/Quantity Input field'

2019-05-24 15:47:46 - [MESSAGE][PASSED] - Keys 'CLEAR + ' sent to object: 'Object Repository/OCS-MOBILE /Cart page/Quantity Input field'

2019-05-24 15:47:46 - [TEST_STEP][PASSED] - setText(findTestObject("OCS-MOBILE /Cart page/Quantity Input field"), "7"): Text '7' is set on object 'Object Repository/OCS-MOBILE /Cart page/Quantity Input field'

2019-05-24 15:47:46 - [MESSAGE][PASSED] - Text '7' is set on object 'Object Repository/OCS-MOBILE /Cart page/Quantity Input field'

2019-05-24 15:47:46 - [TEST_STEP][NOT_RUN] - click(findTestObject("OCS-MOBILE /Cart page/Unit price - product")): NOT_RUN: click(findTestObject("OCS-MOBILE /Cart page/Unit price - product"))

2019-05-24 15:47:46 - [MESSAGE][NOT_RUN] - NOT_RUN: click(findTestObject("OCS-MOBILE /Cart page/Unit price - product"))

2019-05-24 15:47:46 - [TEST_STEP][PASSED] - delay(2): Delayed 2 second(s)

2019-05-24 15:47:48 - [MESSAGE][PASSED] - Delayed 2 second(s)

2019-05-24 15:47:48 - [TEST_STEP][PASSED] - click(findTestObject("OCS-MOBILE /Cart page/Qty Increase icon")): Object: 'Object Repository/OCS-MOBILE /Cart page/Qty Increase icon' is clicked on

2019-05-24 15:47:48 - [MESSAGE][PASSED] - Object: 'Object Repository/OCS-MOBILE /Cart page/Qty Increase icon' is clicked on

2019-05-24 15:47:48 - [TEST_STEP][PASSED] - delay(2): Delayed 2 second(s)

2019-05-24 15:47:50 - [MESSAGE][PASSED] - Delayed 2 second(s)

2019-05-24 15:47:50 - [TEST_STEP][PASSED] - click(findTestObject("OCS-MOBILE /Cart page/Qty Increase icon")): Object: 'Object Repository/OCS-MOBILE /Cart page/Qty Increase icon' is clicked on

2019-05-24 15:47:51 - [MESSAGE][PASSED] - Object: 'Object Repository/OCS-MOBILE /Cart page/Qty Increase icon' is clicked on

2019-05-24 15:47:51 - [TEST_STEP][PASSED] - delay(2): Delayed 2 second(s)

2019-05-24 15:47:53 - [MESSAGE][PASSED] - Delayed 2 second(s)

2019-05-24 15:47:53 - [TEST_STEP][PASSED] - click(findTestObject("OCS-MOBILE /Cart page/Qty Increase icon")): Object: 'Object Repository/OCS-MOBILE /Cart page/Qty Increase icon' is clicked on

2019-05-24 15:47:53 - [MESSAGE][PASSED] - Object: 'Object Repository/OCS-MOBILE /Cart page/Qty Increase icon' is clicked on

2019-05-24 15:47:53 - [TEST_STEP][PASSED] - delay(2): Delayed 2 second(s)

2019-05-24 15:47:55 - [MESSAGE][PASSED] - Delayed 2 second(s)

2019-05-24 15:47:55 - [TEST_STEP][PASSED] - b = getText(findTestObject("OCS-MOBILE /Cart page/Unit price - product - price in cart page")): Text of object 'Object Repository/OCS-MOBILE /Cart page/Unit price - product - price in cart page' is: '$38.20'

2019-05-24 15:47:55 - [MESSAGE][PASSED] - Text of object 'Object Repository/OCS-MOBILE /Cart page/Unit price - product - price in cart page' is: '$38.20'

2019-05-24 15:47:55 - [TEST_STEP][PASSED] - comment(b): $38.20

2019-05-24 15:47:55 - [MESSAGE][INFO] - $38.20

2019-05-24 15:47:55 - [TEST_STEP][PASSED] - verifyNotEqual("a", "b"): Actual object 'a' and expected object 'b' are not equal

2019-05-24 15:47:55 - [MESSAGE][PASSED] - Actual object 'a' and expected object 'b' are not equal

2019-05-24 15:47:55 - [TEST_STEP][PASSED] - comment(" price changed . Quantity selector is working"):  price changed . Quantity selector is working

2019-05-24 15:47:55 - [MESSAGE][INFO] -  price changed . Quantity selector is working]]></system-out>
         <system-err><![CDATA[]]></system-err>
      </testcase>
      <testcase name="Test Cases/OCS - MOBILE/OCS- CRITICAL PATH/Checkout - customer information page" classname="Test Cases/OCS - MOBILE/OCS- CRITICAL PATH/Checkout - customer information page" status="PASSED">
         <system-out><![CDATA[2019-05-24 15:47:55 - [TEST_CASE][PASSED] - Test Cases/OCS - MOBILE/OCS- CRITICAL PATH/Checkout - customer information page: Test Cases/OCS - MOBILE/OCS- CRITICAL PATH/Checkout - customer information page

2019-05-24 15:47:55 - [TEST_STEP][PASSED] - callTestCase(findTestCase("OCS - MOBILE/CALL - AGE GATE"), [:], STOP_ON_FAILURE): Call Test Case 'Test Cases/OCS - MOBILE/CALL - AGE GATE' successfully

2019-05-24 15:47:55 - [TEST_CASE][PASSED] - Test Cases/OCS - MOBILE/CALL - AGE GATE: Test Cases/OCS - MOBILE/CALL - AGE GATE

2019-05-24 15:47:55 - [TEST_STEP][PASSED] - openBrowser(""): Browser is opened with url: ''

2019-05-24 15:47:55 - [MESSAGE][WARNING] - A browser is already opened. Closing browser and opening a new one

2019-05-24 15:47:56 - [MESSAGE][INFO] - Starting 'Firefox' driver

2019-05-24 15:47:58 - [MESSAGE][PASSED] - Browser is opened with url: ''

2019-05-24 15:47:58 - [TEST_STEP][PASSED] - navigateToUrl("https://ocs.ca/?fts=0&preview_theme_id=53376026444"): Navigate to 'https://ocs.ca/?fts=0&preview_theme_id=53376026444' successfully

2019-05-24 15:48:07 - [MESSAGE][PASSED] - Navigate to 'https://ocs.ca/?fts=0&preview_theme_id=53376026444' successfully

2019-05-24 15:48:07 - [TEST_STEP][NOT_RUN] - executeJavaScript("var previewBar = document.getElementById("preview-bar-iframe"); previewBar.style.display = "none";", []): NOT_RUN: executeJavaScript("var previewBar = document.getElementById("preview-bar-iframe"); previewBar.style.display = "none";", [])

2019-05-24 15:48:07 - [MESSAGE][NOT_RUN] - NOT_RUN: executeJavaScript("var previewBar = document.getElementById("preview-bar-iframe"); previewBar.style.display = "none";", [])

2019-05-24 15:48:07 - [TEST_STEP][PASSED] - setViewPortSize(360, 800): Viewport is set to new size with width = 360 and height = 800

2019-05-24 15:48:07 - [MESSAGE][PASSED] - Viewport is set to new size with width = 360 and height = 800

2019-05-24 15:48:07 - [TEST_STEP][PASSED] - delay(4): Delayed 4 second(s)

2019-05-24 15:48:11 - [MESSAGE][PASSED] - Delayed 4 second(s)

2019-05-24 15:48:11 - [TEST_STEP][PASSED] - selectOptionByValue(findTestObject("OCS-MOBILE /Age gate and burger menu/Date"), "12", true): All options with value '12' are selected in object 'Object Repository/OCS-MOBILE /Age gate and burger menu/Date'  using regular expression

2019-05-24 15:48:11 - [MESSAGE][PASSED] - All options with value '12' are selected in object 'Object Repository/OCS-MOBILE /Age gate and burger menu/Date'  using regular expression

2019-05-24 15:48:11 - [TEST_STEP][PASSED] - selectOptionByValue(findTestObject("OCS-MOBILE /Age gate and burger menu/month"), "6", true): All options with value '6' are selected in object 'Object Repository/OCS-MOBILE /Age gate and burger menu/month'  using regular expression

2019-05-24 15:48:12 - [MESSAGE][PASSED] - All options with value '6' are selected in object 'Object Repository/OCS-MOBILE /Age gate and burger menu/month'  using regular expression

2019-05-24 15:48:12 - [TEST_STEP][PASSED] - delay(2): Delayed 2 second(s)

2019-05-24 15:48:14 - [MESSAGE][PASSED] - Delayed 2 second(s)

2019-05-24 15:48:14 - [TEST_STEP][PASSED] - selectOptionByValue(findTestObject("OCS-MOBILE /Age gate and burger menu/Year Dropdown"), "1990", true): All options with value '1990' are selected in object 'Object Repository/OCS-MOBILE /Age gate and burger menu/Year Dropdown'  using regular expression

2019-05-24 15:48:15 - [MESSAGE][PASSED] - All options with value '1990' are selected in object 'Object Repository/OCS-MOBILE /Age gate and burger menu/Year Dropdown'  using regular expression

2019-05-24 15:48:15 - [TEST_STEP][PASSED] - click(findTestObject("OCS-MOBILE /Age gate and burger menu/button_Verify")): Object: 'Object Repository/OCS-MOBILE /Age gate and burger menu/button_Verify' is clicked on

2019-05-24 15:48:16 - [MESSAGE][PASSED] - Object: 'Object Repository/OCS-MOBILE /Age gate and burger menu/button_Verify' is clicked on

2019-05-24 15:48:16 - [TEST_STEP][PASSED] - click(findTestObject("OCS-MOBILE /Age gate and burger menu/Checkbox_CONFIRM AND ACKNOWLEDGE")): Object: 'Object Repository/OCS-MOBILE /Age gate and burger menu/Checkbox_CONFIRM AND ACKNOWLEDGE' is clicked on

2019-05-24 15:48:16 - [MESSAGE][PASSED] - Object: 'Object Repository/OCS-MOBILE /Age gate and burger menu/Checkbox_CONFIRM AND ACKNOWLEDGE' is clicked on

2019-05-24 15:48:16 - [TEST_STEP][PASSED] - click(findTestObject("OCS-MOBILE /Age gate and burger menu/button_CONFIRM")): Object: 'Object Repository/OCS-MOBILE /Age gate and burger menu/button_CONFIRM' is clicked on

2019-05-24 15:48:16 - [MESSAGE][PASSED] - Object: 'Object Repository/OCS-MOBILE /Age gate and burger menu/button_CONFIRM' is clicked on

2019-05-24 15:48:16 - [TEST_STEP][PASSED] - click(findTestObject("OCS-MOBILE /Age gate and burger menu/button_Start Browsing")): Object: 'Object Repository/OCS-MOBILE /Age gate and burger menu/button_Start Browsing' is clicked on

2019-05-24 15:48:16 - [MESSAGE][PASSED] - Object: 'Object Repository/OCS-MOBILE /Age gate and burger menu/button_Start Browsing' is clicked on

2019-05-24 15:48:16 - [MESSAGE][PASSED] - Call Test Case 'Test Cases/OCS - MOBILE/CALL - AGE GATE' successfully

2019-05-24 15:48:16 - [TEST_STEP][PASSED] - delay(2): Delayed 2 second(s)

2019-05-24 15:48:18 - [MESSAGE][PASSED] - Delayed 2 second(s)

2019-05-24 15:48:18 - [TEST_STEP][PASSED] - refresh(): Refresh successfully

2019-05-24 15:48:24 - [MESSAGE][PASSED] - Refresh successfully

2019-05-24 15:48:24 - [TEST_STEP][PASSED] - click(findTestObject("OCS-MOBILE /Age gate and burger menu/Burger menu - English")): Object: 'Object Repository/OCS-MOBILE /Age gate and burger menu/Burger menu - English' is clicked on

2019-05-24 15:48:24 - [MESSAGE][PASSED] - Object: 'Object Repository/OCS-MOBILE /Age gate and burger menu/Burger menu - English' is clicked on

2019-05-24 15:48:24 - [TEST_STEP][PASSED] - delay(2): Delayed 2 second(s)

2019-05-24 15:48:26 - [MESSAGE][PASSED] - Delayed 2 second(s)

2019-05-24 15:48:26 - [TEST_STEP][PASSED] - click(findTestObject("OCS-MOBILE /Age gate and burger menu/Chevron_Cannabis")): Object: 'Object Repository/OCS-MOBILE /Age gate and burger menu/Chevron_Cannabis' is clicked on

2019-05-24 15:48:26 - [MESSAGE][PASSED] - Object: 'Object Repository/OCS-MOBILE /Age gate and burger menu/Chevron_Cannabis' is clicked on

2019-05-24 15:48:26 - [TEST_STEP][PASSED] - delay(2): Delayed 2 second(s)

2019-05-24 15:48:28 - [MESSAGE][PASSED] - Delayed 2 second(s)

2019-05-24 15:48:28 - [TEST_STEP][PASSED] - click(findTestObject("OCS-MOBILE /Age gate and burger menu/Dried Flower_Plus icon")): Object: 'Object Repository/OCS-MOBILE /Age gate and burger menu/Dried Flower_Plus icon' is clicked on

2019-05-24 15:48:29 - [MESSAGE][PASSED] - Object: 'Object Repository/OCS-MOBILE /Age gate and burger menu/Dried Flower_Plus icon' is clicked on

2019-05-24 15:48:29 - [TEST_STEP][PASSED] - delay(2): Delayed 2 second(s)

2019-05-24 15:48:31 - [MESSAGE][PASSED] - Delayed 2 second(s)

2019-05-24 15:48:31 - [TEST_STEP][PASSED] - click(findTestObject("OCS-MOBILE /Age gate and burger menu/Indica Dominant_Menu item")): Object: 'Object Repository/OCS-MOBILE /Age gate and burger menu/Indica Dominant_Menu item' is clicked on

2019-05-24 15:48:33 - [MESSAGE][PASSED] - Object: 'Object Repository/OCS-MOBILE /Age gate and burger menu/Indica Dominant_Menu item' is clicked on

2019-05-24 15:48:33 - [TEST_STEP][PASSED] - delay(2): Delayed 2 second(s)

2019-05-24 15:48:35 - [MESSAGE][PASSED] - Delayed 2 second(s)

2019-05-24 15:48:35 - [TEST_STEP][PASSED] - click(findTestObject("OCS-MOBILE /Collection page/Product image - 1st one")): Object: 'Object Repository/OCS-MOBILE /Collection page/Product image - 1st one' is clicked on

2019-05-24 15:48:37 - [MESSAGE][PASSED] - Object: 'Object Repository/OCS-MOBILE /Collection page/Product image - 1st one' is clicked on

2019-05-24 15:48:37 - [TEST_STEP][PASSED] - delay(1): Delayed 1 second(s)

2019-05-24 15:48:38 - [MESSAGE][PASSED] - Delayed 1 second(s)

2019-05-24 15:48:38 - [TEST_STEP][PASSED] - delay(3): Delayed 3 second(s)

2019-05-24 15:48:41 - [MESSAGE][PASSED] - Delayed 3 second(s)

2019-05-24 15:48:41 - [TEST_STEP][PASSED] - scrollToElement(findTestObject("OCS-MOBILE /Product page/Product image"), 1): Scroll to object 'Object Repository/OCS-MOBILE /Product page/Product image' successfully

2019-05-24 15:48:41 - [MESSAGE][PASSED] - Scroll to object 'Object Repository/OCS-MOBILE /Product page/Product image' successfully

2019-05-24 15:48:41 - [TEST_STEP][PASSED] - navigateToUrl("https://ocs.ca/products/dream-weaver"): Navigate to 'https://ocs.ca/products/dream-weaver' successfully

2019-05-24 15:48:45 - [MESSAGE][PASSED] - Navigate to 'https://ocs.ca/products/dream-weaver' successfully

2019-05-24 15:48:45 - [TEST_STEP][PASSED] - executeJavaScript("var previewBar = document.getElementById("preview-bar-iframe"); previewBar.style.display = "none";", []): Execute JavaScript 'var previewBar = document.getElementById("preview-bar-iframe"); previewBar.style.display = "none";' successfully

2019-05-24 15:48:45 - [MESSAGE][PASSED] - Execute JavaScript 'var previewBar = document.getElementById("preview-bar-iframe"); previewBar.style.display = "none";' successfully

2019-05-24 15:48:45 - [TEST_STEP][PASSED] - click(findTestObject("OCS-MOBILE /Product page/Swatch_3.5g")): Object: 'Object Repository/OCS-MOBILE /Product page/Swatch_3.5g' is clicked on

2019-05-24 15:48:45 - [MESSAGE][PASSED] - Object: 'Object Repository/OCS-MOBILE /Product page/Swatch_3.5g' is clicked on

2019-05-24 15:48:45 - [TEST_STEP][PASSED] - delay(2): Delayed 2 second(s)

2019-05-24 15:48:47 - [MESSAGE][PASSED] - Delayed 2 second(s)

2019-05-24 15:48:47 - [TEST_STEP][PASSED] - click(findTestObject("OCS-MOBILE /Product page/Add to Bag-button")): Object: 'Object Repository/OCS-MOBILE /Product page/Add to Bag-button' is clicked on

2019-05-24 15:48:47 - [MESSAGE][PASSED] - Object: 'Object Repository/OCS-MOBILE /Product page/Add to Bag-button' is clicked on

2019-05-24 15:48:47 - [TEST_STEP][PASSED] - delay(2): Delayed 2 second(s)

2019-05-24 15:48:49 - [MESSAGE][PASSED] - Delayed 2 second(s)

2019-05-24 15:48:49 - [TEST_STEP][PASSED] - click(findTestObject("OCS-MOBILE /Home - page/Cart icon -bag")): Object: 'Object Repository/OCS-MOBILE /Home - page/Cart icon -bag' is clicked on

2019-05-24 15:48:50 - [MESSAGE][PASSED] - Object: 'Object Repository/OCS-MOBILE /Home - page/Cart icon -bag' is clicked on

2019-05-24 15:48:50 - [TEST_STEP][PASSED] - delay(2): Delayed 2 second(s)

2019-05-24 15:48:52 - [MESSAGE][PASSED] - Delayed 2 second(s)

2019-05-24 15:48:52 - [TEST_STEP][PASSED] - click(findTestObject("OCS-MOBILE /Cart flyout/Checkbox_I confirm that")): Object: 'Object Repository/OCS-MOBILE /Cart flyout/Checkbox_I confirm that' is clicked on

2019-05-24 15:48:52 - [MESSAGE][PASSED] - Object: 'Object Repository/OCS-MOBILE /Cart flyout/Checkbox_I confirm that' is clicked on

2019-05-24 15:48:52 - [TEST_STEP][PASSED] - delay(2): Delayed 2 second(s)

2019-05-24 15:48:54 - [MESSAGE][PASSED] - Delayed 2 second(s)

2019-05-24 15:48:54 - [TEST_STEP][PASSED] - click(findTestObject("OCS-MOBILE /Cart flyout/Checkbox_Accept the Terms Condition")): Object: 'Object Repository/OCS-MOBILE /Cart flyout/Checkbox_Accept the Terms Condition' is clicked on

2019-05-24 15:48:54 - [MESSAGE][PASSED] - Object: 'Object Repository/OCS-MOBILE /Cart flyout/Checkbox_Accept the Terms Condition' is clicked on

2019-05-24 15:48:54 - [TEST_STEP][PASSED] - delay(1): Delayed 1 second(s)

2019-05-24 15:48:55 - [MESSAGE][PASSED] - Delayed 1 second(s)

2019-05-24 15:48:55 - [TEST_STEP][PASSED] - click(findTestObject("OCS-MOBILE /Cart flyout/Checkout - Button")): Object: 'Object Repository/OCS-MOBILE /Cart flyout/Checkout - Button' is clicked on

2019-05-24 15:49:02 - [MESSAGE][PASSED] - Object: 'Object Repository/OCS-MOBILE /Cart flyout/Checkout - Button' is clicked on

2019-05-24 15:49:02 - [TEST_STEP][PASSED] - delay(2): Delayed 2 second(s)

2019-05-24 15:49:04 - [MESSAGE][PASSED] - Delayed 2 second(s)

2019-05-24 15:49:04 - [TEST_STEP][PASSED] - executeJavaScript("var previewBar = document.getElementById("preview-bar-iframe"); previewBar.style.display = "none";", []): Execute JavaScript 'var previewBar = document.getElementById("preview-bar-iframe"); previewBar.style.display = "none";' successfully

2019-05-24 15:49:04 - [MESSAGE][PASSED] - Execute JavaScript 'var previewBar = document.getElementById("preview-bar-iframe"); previewBar.style.display = "none";' successfully

2019-05-24 15:49:04 - [TEST_STEP][PASSED] - delay(1): Delayed 1 second(s)

2019-05-24 15:49:05 - [MESSAGE][PASSED] - Delayed 1 second(s)

2019-05-24 15:49:05 - [TEST_STEP][PASSED] - click(findTestObject("OCS-MOBILE /Customer info page/Chevron_OrderSummary")): Object: 'Object Repository/OCS-MOBILE /Customer info page/Chevron_OrderSummary' is clicked on

2019-05-24 15:49:05 - [MESSAGE][PASSED] - Object: 'Object Repository/OCS-MOBILE /Customer info page/Chevron_OrderSummary' is clicked on

2019-05-24 15:49:05 - [TEST_STEP][PASSED] - delay(2): Delayed 2 second(s)

2019-05-24 15:49:07 - [MESSAGE][PASSED] - Delayed 2 second(s)

2019-05-24 15:49:07 - [TEST_STEP][PASSED] - scrollToElement(findTestObject("OCS-MOBILE /Customer info page/input_Email"), 0): Scroll to object 'Object Repository/OCS-MOBILE /Customer info page/input_Email' successfully

2019-05-24 15:49:07 - [MESSAGE][WARNING] - Timeout '0' is invalid. Using default page load timeout: '30'

2019-05-24 15:49:07 - [MESSAGE][PASSED] - Scroll to object 'Object Repository/OCS-MOBILE /Customer info page/input_Email' successfully

2019-05-24 15:49:07 - [TEST_STEP][PASSED] - setText(findTestObject("OCS-MOBILE /Customer info page/input_Email"), "suman.kompelly@diffagency.com"): Text 'suman.kompelly@diffagency.com' is set on object 'Object Repository/OCS-MOBILE /Customer info page/input_Email'

2019-05-24 15:49:07 - [MESSAGE][PASSED] - Text 'suman.kompelly@diffagency.com' is set on object 'Object Repository/OCS-MOBILE /Customer info page/input_Email'

2019-05-24 15:49:07 - [TEST_STEP][PASSED] - setText(findTestObject("OCS-MOBILE /Customer info page/input_First name"), "suman"): Text 'suman' is set on object 'Object Repository/OCS-MOBILE /Customer info page/input_First name'

2019-05-24 15:49:08 - [MESSAGE][PASSED] - Text 'suman' is set on object 'Object Repository/OCS-MOBILE /Customer info page/input_First name'

2019-05-24 15:49:08 - [TEST_STEP][PASSED] - setText(findTestObject("OCS-MOBILE /Customer info page/input_Last name"), "kompelly"): Text 'kompelly' is set on object 'Object Repository/OCS-MOBILE /Customer info page/input_Last name'

2019-05-24 15:49:08 - [MESSAGE][PASSED] - Text 'kompelly' is set on object 'Object Repository/OCS-MOBILE /Customer info page/input_Last name'

2019-05-24 15:49:08 - [TEST_STEP][PASSED] - setText(findTestObject("OCS-MOBILE /Customer info page/input_Address"), "300 saint alxendre"): Text '300 saint alxendre' is set on object 'Object Repository/OCS-MOBILE /Customer info page/input_Address'

2019-05-24 15:49:08 - [MESSAGE][PASSED] - Text '300 saint alxendre' is set on object 'Object Repository/OCS-MOBILE /Customer info page/input_Address'

2019-05-24 15:49:08 - [TEST_STEP][PASSED] - setText(findTestObject("OCS-MOBILE /Customer info page/input_Apartment suite etc. (op"), "199"): Text '199' is set on object 'Object Repository/OCS-MOBILE /Customer info page/input_Apartment suite etc. (op'

2019-05-24 15:49:08 - [MESSAGE][PASSED] - Text '199' is set on object 'Object Repository/OCS-MOBILE /Customer info page/input_Apartment suite etc. (op'

2019-05-24 15:49:08 - [TEST_STEP][PASSED] - setText(findTestObject("OCS-MOBILE /Customer info page/input_City"), "montreal"): Text 'montreal' is set on object 'Object Repository/OCS-MOBILE /Customer info page/input_City'

2019-05-24 15:49:08 - [MESSAGE][PASSED] - Text 'montreal' is set on object 'Object Repository/OCS-MOBILE /Customer info page/input_City'

2019-05-24 15:49:08 - [TEST_STEP][PASSED] - setText(findTestObject("OCS-MOBILE /Customer info page/input_Postal code"), "n0R1K0"): Text 'n0R1K0' is set on object 'Object Repository/OCS-MOBILE /Customer info page/input_Postal code'

2019-05-24 15:49:08 - [MESSAGE][PASSED] - Text 'n0R1K0' is set on object 'Object Repository/OCS-MOBILE /Customer info page/input_Postal code'

2019-05-24 15:49:08 - [TEST_STEP][PASSED] - setText(findTestObject("OCS-MOBILE /Customer info page/input_Phone"), "(514) 449-3882"): Text '(514) 449-3882' is set on object 'Object Repository/OCS-MOBILE /Customer info page/input_Phone'

2019-05-24 15:49:08 - [MESSAGE][PASSED] - Text '(514) 449-3882' is set on object 'Object Repository/OCS-MOBILE /Customer info page/input_Phone'

2019-05-24 15:49:08 - [TEST_STEP][PASSED] - delay(1): Delayed 1 second(s)

2019-05-24 15:49:09 - [MESSAGE][PASSED] - Delayed 1 second(s)

2019-05-24 15:49:09 - [TEST_STEP][PASSED] - scrollToElement(findTestObject("OCS-MOBILE /Customer info page/Return to Cart - Link"), 1): Scroll to object 'Object Repository/OCS-MOBILE /Customer info page/Return to Cart - Link' successfully

2019-05-24 15:49:09 - [MESSAGE][PASSED] - Scroll to object 'Object Repository/OCS-MOBILE /Customer info page/Return to Cart - Link' successfully

2019-05-24 15:49:09 - [TEST_STEP][PASSED] - delay(1): Delayed 1 second(s)

2019-05-24 15:49:10 - [MESSAGE][PASSED] - Delayed 1 second(s)

2019-05-24 15:49:10 - [TEST_STEP][PASSED] - click(findTestObject("OCS-MOBILE /Customer info page/Return to Cart - Link")): Object: 'Object Repository/OCS-MOBILE /Customer info page/Return to Cart - Link' is clicked on

2019-05-24 15:49:11 - [MESSAGE][PASSED] - Object: 'Object Repository/OCS-MOBILE /Customer info page/Return to Cart - Link' is clicked on

2019-05-24 15:49:11 - [TEST_STEP][PASSED] - delay(1): Delayed 1 second(s)

2019-05-24 15:49:12 - [MESSAGE][PASSED] - Delayed 1 second(s)

2019-05-24 15:49:12 - [TEST_STEP][PASSED] - click(findTestObject("OCS-MOBILE /Cart page/cart page-Checkbox_I confirm that")): Object: 'Object Repository/OCS-MOBILE /Cart page/cart page-Checkbox_I confirm that' is clicked on

2019-05-24 15:49:13 - [MESSAGE][PASSED] - Object: 'Object Repository/OCS-MOBILE /Cart page/cart page-Checkbox_I confirm that' is clicked on

2019-05-24 15:49:13 - [TEST_STEP][PASSED] - delay(1): Delayed 1 second(s)

2019-05-24 15:49:14 - [MESSAGE][PASSED] - Delayed 1 second(s)

2019-05-24 15:49:14 - [TEST_STEP][PASSED] - click(findTestObject("OCS-MOBILE /Cart page/cart page - Checkbox_Accept the Terms Condition")): Object: 'Object Repository/OCS-MOBILE /Cart page/cart page - Checkbox_Accept the Terms Condition' is clicked on

2019-05-24 15:49:14 - [MESSAGE][PASSED] - Object: 'Object Repository/OCS-MOBILE /Cart page/cart page - Checkbox_Accept the Terms Condition' is clicked on

2019-05-24 15:49:14 - [TEST_STEP][PASSED] - delay(1): Delayed 1 second(s)

2019-05-24 15:49:15 - [MESSAGE][PASSED] - Delayed 1 second(s)

2019-05-24 15:49:15 - [TEST_STEP][PASSED] - click(findTestObject("OCS-MOBILE /Cart page/Cart page -checkout button")): Object: 'Object Repository/OCS-MOBILE /Cart page/Cart page -checkout button' is clicked on

2019-05-24 15:49:17 - [MESSAGE][PASSED] - Object: 'Object Repository/OCS-MOBILE /Cart page/Cart page -checkout button' is clicked on

2019-05-24 15:49:17 - [TEST_STEP][PASSED] - delay(1): Delayed 1 second(s)

2019-05-24 15:49:18 - [MESSAGE][PASSED] - Delayed 1 second(s)

2019-05-24 15:49:18 - [TEST_STEP][PASSED] - executeJavaScript("var previewBar = document.getElementById("preview-bar-iframe"); previewBar.style.display = "none";", []): Execute JavaScript 'var previewBar = document.getElementById("preview-bar-iframe"); previewBar.style.display = "none";' successfully

2019-05-24 15:49:18 - [MESSAGE][PASSED] - Execute JavaScript 'var previewBar = document.getElementById("preview-bar-iframe"); previewBar.style.display = "none";' successfully

2019-05-24 15:49:18 - [TEST_STEP][PASSED] - setText(findTestObject("OCS-MOBILE /Customer info page/input_Email"), "suman.kompelly@diffagency.com"): Text 'suman.kompelly@diffagency.com' is set on object 'Object Repository/OCS-MOBILE /Customer info page/input_Email'

2019-05-24 15:49:18 - [MESSAGE][PASSED] - Text 'suman.kompelly@diffagency.com' is set on object 'Object Repository/OCS-MOBILE /Customer info page/input_Email'

2019-05-24 15:49:18 - [TEST_STEP][PASSED] - setText(findTestObject("OCS-MOBILE /Customer info page/input_First name"), "suman"): Text 'suman' is set on object 'Object Repository/OCS-MOBILE /Customer info page/input_First name'

2019-05-24 15:49:18 - [MESSAGE][PASSED] - Text 'suman' is set on object 'Object Repository/OCS-MOBILE /Customer info page/input_First name'

2019-05-24 15:49:18 - [TEST_STEP][PASSED] - setText(findTestObject("OCS-MOBILE /Customer info page/input_Last name"), "kompelly"): Text 'kompelly' is set on object 'Object Repository/OCS-MOBILE /Customer info page/input_Last name'

2019-05-24 15:49:18 - [MESSAGE][PASSED] - Text 'kompelly' is set on object 'Object Repository/OCS-MOBILE /Customer info page/input_Last name'

2019-05-24 15:49:18 - [TEST_STEP][PASSED] - setText(findTestObject("OCS-MOBILE /Customer info page/input_Address"), "300 saint alxendre"): Text '300 saint alxendre' is set on object 'Object Repository/OCS-MOBILE /Customer info page/input_Address'

2019-05-24 15:49:18 - [MESSAGE][PASSED] - Text '300 saint alxendre' is set on object 'Object Repository/OCS-MOBILE /Customer info page/input_Address'

2019-05-24 15:49:18 - [TEST_STEP][PASSED] - setText(findTestObject("OCS-MOBILE /Customer info page/input_Apartment suite etc. (op"), "199"): Text '199' is set on object 'Object Repository/OCS-MOBILE /Customer info page/input_Apartment suite etc. (op'

2019-05-24 15:49:18 - [MESSAGE][PASSED] - Text '199' is set on object 'Object Repository/OCS-MOBILE /Customer info page/input_Apartment suite etc. (op'

2019-05-24 15:49:18 - [TEST_STEP][PASSED] - setText(findTestObject("OCS-MOBILE /Customer info page/input_City"), "montreal"): Text 'montreal' is set on object 'Object Repository/OCS-MOBILE /Customer info page/input_City'

2019-05-24 15:49:18 - [MESSAGE][PASSED] - Text 'montreal' is set on object 'Object Repository/OCS-MOBILE /Customer info page/input_City'

2019-05-24 15:49:18 - [TEST_STEP][PASSED] - setText(findTestObject("OCS-MOBILE /Customer info page/input_Postal code"), "n0R1K0"): Text 'n0R1K0' is set on object 'Object Repository/OCS-MOBILE /Customer info page/input_Postal code'

2019-05-24 15:49:19 - [MESSAGE][PASSED] - Text 'n0R1K0' is set on object 'Object Repository/OCS-MOBILE /Customer info page/input_Postal code'

2019-05-24 15:49:19 - [TEST_STEP][PASSED] - setText(findTestObject("OCS-MOBILE /Customer info page/input_Phone"), "(514) 449-3882"): Text '(514) 449-3882' is set on object 'Object Repository/OCS-MOBILE /Customer info page/input_Phone'

2019-05-24 15:49:19 - [MESSAGE][PASSED] - Text '(514) 449-3882' is set on object 'Object Repository/OCS-MOBILE /Customer info page/input_Phone'

2019-05-24 15:49:19 - [TEST_STEP][PASSED] - delay(1): Delayed 1 second(s)

2019-05-24 15:49:20 - [MESSAGE][PASSED] - Delayed 1 second(s)

2019-05-24 15:49:20 - [TEST_STEP][PASSED] - click(findTestObject("OCS-MOBILE /Customer info page/Continue to shipping method - Button")): Object: 'Object Repository/OCS-MOBILE /Customer info page/Continue to shipping method - Button' is clicked on

2019-05-24 15:49:22 - [MESSAGE][PASSED] - Object: 'Object Repository/OCS-MOBILE /Customer info page/Continue to shipping method - Button' is clicked on]]></system-out>
         <system-err><![CDATA[]]></system-err>
      </testcase>
      <testcase name="Test Cases/OCS - MOBILE/OCS- CRITICAL PATH/Checkout - Shipping" classname="Test Cases/OCS - MOBILE/OCS- CRITICAL PATH/Checkout - Shipping" status="PASSED">
         <system-out><![CDATA[2019-05-24 15:49:22 - [TEST_CASE][PASSED] - Test Cases/OCS - MOBILE/OCS- CRITICAL PATH/Checkout - Shipping: Test Cases/OCS - MOBILE/OCS- CRITICAL PATH/Checkout - Shipping

2019-05-24 15:49:22 - [TEST_STEP][PASSED] - callTestCase(findTestCase("OCS - MOBILE/CALL - AGE GATE"), [:], STOP_ON_FAILURE): Call Test Case 'Test Cases/OCS - MOBILE/CALL - AGE GATE' successfully

2019-05-24 15:49:22 - [TEST_CASE][PASSED] - Test Cases/OCS - MOBILE/CALL - AGE GATE: Test Cases/OCS - MOBILE/CALL - AGE GATE

2019-05-24 15:49:22 - [TEST_STEP][PASSED] - openBrowser(""): Browser is opened with url: ''

2019-05-24 15:49:22 - [MESSAGE][WARNING] - A browser is already opened. Closing browser and opening a new one

2019-05-24 15:49:23 - [MESSAGE][INFO] - Starting 'Firefox' driver

2019-05-24 15:49:25 - [MESSAGE][PASSED] - Browser is opened with url: ''

2019-05-24 15:49:25 - [TEST_STEP][PASSED] - navigateToUrl("https://ocs.ca/?fts=0&preview_theme_id=53376026444"): Navigate to 'https://ocs.ca/?fts=0&preview_theme_id=53376026444' successfully

2019-05-24 15:49:32 - [MESSAGE][PASSED] - Navigate to 'https://ocs.ca/?fts=0&preview_theme_id=53376026444' successfully

2019-05-24 15:49:32 - [TEST_STEP][NOT_RUN] - executeJavaScript("var previewBar = document.getElementById("preview-bar-iframe"); previewBar.style.display = "none";", []): NOT_RUN: executeJavaScript("var previewBar = document.getElementById("preview-bar-iframe"); previewBar.style.display = "none";", [])

2019-05-24 15:49:32 - [MESSAGE][NOT_RUN] - NOT_RUN: executeJavaScript("var previewBar = document.getElementById("preview-bar-iframe"); previewBar.style.display = "none";", [])

2019-05-24 15:49:32 - [TEST_STEP][PASSED] - setViewPortSize(360, 800): Viewport is set to new size with width = 360 and height = 800

2019-05-24 15:49:32 - [MESSAGE][PASSED] - Viewport is set to new size with width = 360 and height = 800

2019-05-24 15:49:32 - [TEST_STEP][PASSED] - delay(4): Delayed 4 second(s)

2019-05-24 15:49:36 - [MESSAGE][PASSED] - Delayed 4 second(s)

2019-05-24 15:49:36 - [TEST_STEP][PASSED] - selectOptionByValue(findTestObject("OCS-MOBILE /Age gate and burger menu/Date"), "12", true): All options with value '12' are selected in object 'Object Repository/OCS-MOBILE /Age gate and burger menu/Date'  using regular expression

2019-05-24 15:49:37 - [MESSAGE][PASSED] - All options with value '12' are selected in object 'Object Repository/OCS-MOBILE /Age gate and burger menu/Date'  using regular expression

2019-05-24 15:49:37 - [TEST_STEP][PASSED] - selectOptionByValue(findTestObject("OCS-MOBILE /Age gate and burger menu/month"), "6", true): All options with value '6' are selected in object 'Object Repository/OCS-MOBILE /Age gate and burger menu/month'  using regular expression

2019-05-24 15:49:38 - [MESSAGE][PASSED] - All options with value '6' are selected in object 'Object Repository/OCS-MOBILE /Age gate and burger menu/month'  using regular expression

2019-05-24 15:49:38 - [TEST_STEP][PASSED] - delay(2): Delayed 2 second(s)

2019-05-24 15:49:40 - [MESSAGE][PASSED] - Delayed 2 second(s)

2019-05-24 15:49:40 - [TEST_STEP][PASSED] - selectOptionByValue(findTestObject("OCS-MOBILE /Age gate and burger menu/Year Dropdown"), "1990", true): All options with value '1990' are selected in object 'Object Repository/OCS-MOBILE /Age gate and burger menu/Year Dropdown'  using regular expression

2019-05-24 15:49:41 - [MESSAGE][PASSED] - All options with value '1990' are selected in object 'Object Repository/OCS-MOBILE /Age gate and burger menu/Year Dropdown'  using regular expression

2019-05-24 15:49:41 - [TEST_STEP][PASSED] - click(findTestObject("OCS-MOBILE /Age gate and burger menu/button_Verify")): Object: 'Object Repository/OCS-MOBILE /Age gate and burger menu/button_Verify' is clicked on

2019-05-24 15:49:41 - [MESSAGE][PASSED] - Object: 'Object Repository/OCS-MOBILE /Age gate and burger menu/button_Verify' is clicked on

2019-05-24 15:49:41 - [TEST_STEP][PASSED] - click(findTestObject("OCS-MOBILE /Age gate and burger menu/Checkbox_CONFIRM AND ACKNOWLEDGE")): Object: 'Object Repository/OCS-MOBILE /Age gate and burger menu/Checkbox_CONFIRM AND ACKNOWLEDGE' is clicked on

2019-05-24 15:49:41 - [MESSAGE][PASSED] - Object: 'Object Repository/OCS-MOBILE /Age gate and burger menu/Checkbox_CONFIRM AND ACKNOWLEDGE' is clicked on

2019-05-24 15:49:41 - [TEST_STEP][PASSED] - click(findTestObject("OCS-MOBILE /Age gate and burger menu/button_CONFIRM")): Object: 'Object Repository/OCS-MOBILE /Age gate and burger menu/button_CONFIRM' is clicked on

2019-05-24 15:49:42 - [MESSAGE][PASSED] - Object: 'Object Repository/OCS-MOBILE /Age gate and burger menu/button_CONFIRM' is clicked on

2019-05-24 15:49:42 - [TEST_STEP][PASSED] - click(findTestObject("OCS-MOBILE /Age gate and burger menu/button_Start Browsing")): Object: 'Object Repository/OCS-MOBILE /Age gate and burger menu/button_Start Browsing' is clicked on

2019-05-24 15:49:42 - [MESSAGE][PASSED] - Object: 'Object Repository/OCS-MOBILE /Age gate and burger menu/button_Start Browsing' is clicked on

2019-05-24 15:49:42 - [MESSAGE][PASSED] - Call Test Case 'Test Cases/OCS - MOBILE/CALL - AGE GATE' successfully

2019-05-24 15:49:42 - [TEST_STEP][PASSED] - delay(2): Delayed 2 second(s)

2019-05-24 15:49:44 - [MESSAGE][PASSED] - Delayed 2 second(s)

2019-05-24 15:49:44 - [TEST_STEP][PASSED] - refresh(): Refresh successfully

2019-05-24 15:49:50 - [MESSAGE][PASSED] - Refresh successfully

2019-05-24 15:49:50 - [TEST_STEP][PASSED] - click(findTestObject("OCS-MOBILE /Age gate and burger menu/Burger menu - English")): Object: 'Object Repository/OCS-MOBILE /Age gate and burger menu/Burger menu - English' is clicked on

2019-05-24 15:49:50 - [MESSAGE][PASSED] - Object: 'Object Repository/OCS-MOBILE /Age gate and burger menu/Burger menu - English' is clicked on

2019-05-24 15:49:50 - [TEST_STEP][PASSED] - delay(2): Delayed 2 second(s)

2019-05-24 15:49:52 - [MESSAGE][PASSED] - Delayed 2 second(s)

2019-05-24 15:49:52 - [TEST_STEP][PASSED] - click(findTestObject("OCS-MOBILE /Age gate and burger menu/Chevron_Cannabis")): Object: 'Object Repository/OCS-MOBILE /Age gate and burger menu/Chevron_Cannabis' is clicked on

2019-05-24 15:49:53 - [MESSAGE][PASSED] - Object: 'Object Repository/OCS-MOBILE /Age gate and burger menu/Chevron_Cannabis' is clicked on

2019-05-24 15:49:53 - [TEST_STEP][PASSED] - delay(2): Delayed 2 second(s)

2019-05-24 15:49:55 - [MESSAGE][PASSED] - Delayed 2 second(s)

2019-05-24 15:49:55 - [TEST_STEP][PASSED] - click(findTestObject("OCS-MOBILE /Age gate and burger menu/Dried Flower_Plus icon")): Object: 'Object Repository/OCS-MOBILE /Age gate and burger menu/Dried Flower_Plus icon' is clicked on

2019-05-24 15:49:55 - [MESSAGE][PASSED] - Object: 'Object Repository/OCS-MOBILE /Age gate and burger menu/Dried Flower_Plus icon' is clicked on

2019-05-24 15:49:55 - [TEST_STEP][PASSED] - delay(2): Delayed 2 second(s)

2019-05-24 15:49:57 - [MESSAGE][PASSED] - Delayed 2 second(s)

2019-05-24 15:49:57 - [TEST_STEP][PASSED] - click(findTestObject("OCS-MOBILE /Age gate and burger menu/Indica Dominant_Menu item")): Object: 'Object Repository/OCS-MOBILE /Age gate and burger menu/Indica Dominant_Menu item' is clicked on

2019-05-24 15:50:00 - [MESSAGE][PASSED] - Object: 'Object Repository/OCS-MOBILE /Age gate and burger menu/Indica Dominant_Menu item' is clicked on

2019-05-24 15:50:00 - [TEST_STEP][PASSED] - delay(2): Delayed 2 second(s)

2019-05-24 15:50:02 - [MESSAGE][PASSED] - Delayed 2 second(s)

2019-05-24 15:50:02 - [TEST_STEP][PASSED] - click(findTestObject("OCS-MOBILE /Collection page/Product image - 1st one")): Object: 'Object Repository/OCS-MOBILE /Collection page/Product image - 1st one' is clicked on

2019-05-24 15:50:05 - [MESSAGE][PASSED] - Object: 'Object Repository/OCS-MOBILE /Collection page/Product image - 1st one' is clicked on

2019-05-24 15:50:05 - [TEST_STEP][PASSED] - delay(1): Delayed 1 second(s)

2019-05-24 15:50:06 - [MESSAGE][PASSED] - Delayed 1 second(s)

2019-05-24 15:50:06 - [TEST_STEP][PASSED] - executeJavaScript("var previewBar = document.getElementById("preview-bar-iframe"); previewBar.style.display = "none";", []): Execute JavaScript 'var previewBar = document.getElementById("preview-bar-iframe"); previewBar.style.display = "none";' successfully

2019-05-24 15:50:06 - [MESSAGE][PASSED] - Execute JavaScript 'var previewBar = document.getElementById("preview-bar-iframe"); previewBar.style.display = "none";' successfully

2019-05-24 15:50:06 - [TEST_STEP][PASSED] - delay(3): Delayed 3 second(s)

2019-05-24 15:50:09 - [MESSAGE][PASSED] - Delayed 3 second(s)

2019-05-24 15:50:09 - [TEST_STEP][PASSED] - navigateToUrl("https://ocs.ca/products/dream-weaver"): Navigate to 'https://ocs.ca/products/dream-weaver' successfully

2019-05-24 15:50:11 - [MESSAGE][PASSED] - Navigate to 'https://ocs.ca/products/dream-weaver' successfully

2019-05-24 15:50:11 - [TEST_STEP][PASSED] - executeJavaScript("var previewBar = document.getElementById("preview-bar-iframe"); previewBar.style.display = "none";", []): Execute JavaScript 'var previewBar = document.getElementById("preview-bar-iframe"); previewBar.style.display = "none";' successfully

2019-05-24 15:50:11 - [MESSAGE][PASSED] - Execute JavaScript 'var previewBar = document.getElementById("preview-bar-iframe"); previewBar.style.display = "none";' successfully

2019-05-24 15:50:11 - [TEST_STEP][PASSED] - scrollToElement(findTestObject("OCS-MOBILE /Product page/Product image"), 1): Scroll to object 'Object Repository/OCS-MOBILE /Product page/Product image' successfully

2019-05-24 15:50:11 - [MESSAGE][PASSED] - Scroll to object 'Object Repository/OCS-MOBILE /Product page/Product image' successfully

2019-05-24 15:50:11 - [TEST_STEP][PASSED] - click(findTestObject("OCS-MOBILE /Product page/Swatch_3.5g")): Object: 'Object Repository/OCS-MOBILE /Product page/Swatch_3.5g' is clicked on

2019-05-24 15:50:11 - [MESSAGE][PASSED] - Object: 'Object Repository/OCS-MOBILE /Product page/Swatch_3.5g' is clicked on

2019-05-24 15:50:11 - [TEST_STEP][PASSED] - delay(2): Delayed 2 second(s)

2019-05-24 15:50:13 - [MESSAGE][PASSED] - Delayed 2 second(s)

2019-05-24 15:50:13 - [TEST_STEP][PASSED] - click(findTestObject("OCS-MOBILE /Product page/Add to Bag-button")): Object: 'Object Repository/OCS-MOBILE /Product page/Add to Bag-button' is clicked on

2019-05-24 15:50:14 - [MESSAGE][PASSED] - Object: 'Object Repository/OCS-MOBILE /Product page/Add to Bag-button' is clicked on

2019-05-24 15:50:14 - [TEST_STEP][PASSED] - delay(2): Delayed 2 second(s)

2019-05-24 15:50:16 - [MESSAGE][PASSED] - Delayed 2 second(s)

2019-05-24 15:50:16 - [TEST_STEP][PASSED] - click(findTestObject("OCS-MOBILE /Home - page/Cart icon -bag")): Object: 'Object Repository/OCS-MOBILE /Home - page/Cart icon -bag' is clicked on

2019-05-24 15:50:16 - [MESSAGE][PASSED] - Object: 'Object Repository/OCS-MOBILE /Home - page/Cart icon -bag' is clicked on

2019-05-24 15:50:16 - [TEST_STEP][PASSED] - delay(1): Delayed 1 second(s)

2019-05-24 15:50:17 - [MESSAGE][PASSED] - Delayed 1 second(s)

2019-05-24 15:50:17 - [TEST_STEP][PASSED] - click(findTestObject("OCS-MOBILE /Cart flyout/Checkbox_I confirm that")): Object: 'Object Repository/OCS-MOBILE /Cart flyout/Checkbox_I confirm that' is clicked on

2019-05-24 15:50:17 - [MESSAGE][PASSED] - Object: 'Object Repository/OCS-MOBILE /Cart flyout/Checkbox_I confirm that' is clicked on

2019-05-24 15:50:17 - [TEST_STEP][PASSED] - delay(2): Delayed 2 second(s)

2019-05-24 15:50:19 - [MESSAGE][PASSED] - Delayed 2 second(s)

2019-05-24 15:50:19 - [TEST_STEP][PASSED] - click(findTestObject("OCS-MOBILE /Cart flyout/Checkbox_Accept the Terms Condition")): Object: 'Object Repository/OCS-MOBILE /Cart flyout/Checkbox_Accept the Terms Condition' is clicked on

2019-05-24 15:50:20 - [MESSAGE][PASSED] - Object: 'Object Repository/OCS-MOBILE /Cart flyout/Checkbox_Accept the Terms Condition' is clicked on

2019-05-24 15:50:20 - [TEST_STEP][PASSED] - delay(1): Delayed 1 second(s)

2019-05-24 15:50:21 - [MESSAGE][PASSED] - Delayed 1 second(s)

2019-05-24 15:50:21 - [TEST_STEP][PASSED] - click(findTestObject("OCS-MOBILE /Cart flyout/Checkout - Button")): Object: 'Object Repository/OCS-MOBILE /Cart flyout/Checkout - Button' is clicked on

2019-05-24 15:50:23 - [MESSAGE][PASSED] - Object: 'Object Repository/OCS-MOBILE /Cart flyout/Checkout - Button' is clicked on

2019-05-24 15:50:23 - [TEST_STEP][PASSED] - delay(1): Delayed 1 second(s)

2019-05-24 15:50:24 - [MESSAGE][PASSED] - Delayed 1 second(s)

2019-05-24 15:50:24 - [TEST_STEP][PASSED] - executeJavaScript("var previewBar = document.getElementById("preview-bar-iframe"); previewBar.style.display = "none";", []): Execute JavaScript 'var previewBar = document.getElementById("preview-bar-iframe"); previewBar.style.display = "none";' successfully

2019-05-24 15:50:24 - [MESSAGE][PASSED] - Execute JavaScript 'var previewBar = document.getElementById("preview-bar-iframe"); previewBar.style.display = "none";' successfully

2019-05-24 15:50:24 - [TEST_STEP][PASSED] - delay(2): Delayed 2 second(s)

2019-05-24 15:50:26 - [MESSAGE][PASSED] - Delayed 2 second(s)

2019-05-24 15:50:26 - [TEST_STEP][PASSED] - scrollToElement(findTestObject("OCS-MOBILE /Customer info page/input_Email"), 0): Scroll to object 'Object Repository/OCS-MOBILE /Customer info page/input_Email' successfully

2019-05-24 15:50:26 - [MESSAGE][WARNING] - Timeout '0' is invalid. Using default page load timeout: '30'

2019-05-24 15:50:26 - [MESSAGE][PASSED] - Scroll to object 'Object Repository/OCS-MOBILE /Customer info page/input_Email' successfully

2019-05-24 15:50:26 - [TEST_STEP][PASSED] - setText(findTestObject("OCS-MOBILE /Customer info page/input_Email"), "suman.kompelly@diffagency.com"): Text 'suman.kompelly@diffagency.com' is set on object 'Object Repository/OCS-MOBILE /Customer info page/input_Email'

2019-05-24 15:50:27 - [MESSAGE][PASSED] - Text 'suman.kompelly@diffagency.com' is set on object 'Object Repository/OCS-MOBILE /Customer info page/input_Email'

2019-05-24 15:50:27 - [TEST_STEP][PASSED] - setText(findTestObject("OCS-MOBILE /Customer info page/input_First name"), "suman"): Text 'suman' is set on object 'Object Repository/OCS-MOBILE /Customer info page/input_First name'

2019-05-24 15:50:27 - [MESSAGE][PASSED] - Text 'suman' is set on object 'Object Repository/OCS-MOBILE /Customer info page/input_First name'

2019-05-24 15:50:27 - [TEST_STEP][PASSED] - setText(findTestObject("OCS-MOBILE /Customer info page/input_Last name"), "kompelly"): Text 'kompelly' is set on object 'Object Repository/OCS-MOBILE /Customer info page/input_Last name'

2019-05-24 15:50:27 - [MESSAGE][PASSED] - Text 'kompelly' is set on object 'Object Repository/OCS-MOBILE /Customer info page/input_Last name'

2019-05-24 15:50:27 - [TEST_STEP][PASSED] - setText(findTestObject("OCS-MOBILE /Customer info page/input_Address"), "300 saint alxendre"): Text '300 saint alxendre' is set on object 'Object Repository/OCS-MOBILE /Customer info page/input_Address'

2019-05-24 15:50:27 - [MESSAGE][PASSED] - Text '300 saint alxendre' is set on object 'Object Repository/OCS-MOBILE /Customer info page/input_Address'

2019-05-24 15:50:27 - [TEST_STEP][PASSED] - setText(findTestObject("OCS-MOBILE /Customer info page/input_Apartment suite etc. (op"), "199"): Text '199' is set on object 'Object Repository/OCS-MOBILE /Customer info page/input_Apartment suite etc. (op'

2019-05-24 15:50:27 - [MESSAGE][PASSED] - Text '199' is set on object 'Object Repository/OCS-MOBILE /Customer info page/input_Apartment suite etc. (op'

2019-05-24 15:50:27 - [TEST_STEP][PASSED] - setText(findTestObject("OCS-MOBILE /Customer info page/input_City"), "montreal"): Text 'montreal' is set on object 'Object Repository/OCS-MOBILE /Customer info page/input_City'

2019-05-24 15:50:27 - [MESSAGE][PASSED] - Text 'montreal' is set on object 'Object Repository/OCS-MOBILE /Customer info page/input_City'

2019-05-24 15:50:27 - [TEST_STEP][PASSED] - setText(findTestObject("OCS-MOBILE /Customer info page/input_Postal code"), "n0R1K0"): Text 'n0R1K0' is set on object 'Object Repository/OCS-MOBILE /Customer info page/input_Postal code'

2019-05-24 15:50:27 - [MESSAGE][PASSED] - Text 'n0R1K0' is set on object 'Object Repository/OCS-MOBILE /Customer info page/input_Postal code'

2019-05-24 15:50:27 - [TEST_STEP][PASSED] - setText(findTestObject("OCS-MOBILE /Customer info page/input_Phone"), "(514) 449-3882"): Text '(514) 449-3882' is set on object 'Object Repository/OCS-MOBILE /Customer info page/input_Phone'

2019-05-24 15:50:27 - [MESSAGE][PASSED] - Text '(514) 449-3882' is set on object 'Object Repository/OCS-MOBILE /Customer info page/input_Phone'

2019-05-24 15:50:27 - [TEST_STEP][PASSED] - delay(2): Delayed 2 second(s)

2019-05-24 15:50:29 - [MESSAGE][PASSED] - Delayed 2 second(s)

2019-05-24 15:50:29 - [TEST_STEP][PASSED] - click(findTestObject("OCS-MOBILE /Customer info page/Continue to shipping method - Button")): Object: 'Object Repository/OCS-MOBILE /Customer info page/Continue to shipping method - Button' is clicked on

2019-05-24 15:50:32 - [MESSAGE][PASSED] - Object: 'Object Repository/OCS-MOBILE /Customer info page/Continue to shipping method - Button' is clicked on

2019-05-24 15:50:32 - [TEST_STEP][PASSED] - delay(1): Delayed 1 second(s)

2019-05-24 15:50:33 - [MESSAGE][PASSED] - Delayed 1 second(s)

2019-05-24 15:50:33 - [TEST_STEP][PASSED] - click(findTestObject("OCS-MOBILE /Customer info page/Chevron_OrderSummary")): Object: 'Object Repository/OCS-MOBILE /Customer info page/Chevron_OrderSummary' is clicked on

2019-05-24 15:50:33 - [MESSAGE][PASSED] - Object: 'Object Repository/OCS-MOBILE /Customer info page/Chevron_OrderSummary' is clicked on

2019-05-24 15:50:33 - [TEST_STEP][PASSED] - delay(1): Delayed 1 second(s)

2019-05-24 15:50:34 - [MESSAGE][PASSED] - Delayed 1 second(s)

2019-05-24 15:50:34 - [TEST_STEP][PASSED] - click(findTestObject("OCS-MOBILE /Shipping page/Change link")): Object: 'Object Repository/OCS-MOBILE /Shipping page/Change link' is clicked on

2019-05-24 15:50:36 - [MESSAGE][PASSED] - Object: 'Object Repository/OCS-MOBILE /Shipping page/Change link' is clicked on

2019-05-24 15:50:36 - [TEST_STEP][PASSED] - delay(1): Delayed 1 second(s)

2019-05-24 15:50:37 - [MESSAGE][PASSED] - Delayed 1 second(s)

2019-05-24 15:50:37 - [TEST_STEP][PASSED] - executeJavaScript("var previewBar = document.getElementById("preview-bar-iframe"); previewBar.style.display = "none";", []): Execute JavaScript 'var previewBar = document.getElementById("preview-bar-iframe"); previewBar.style.display = "none";' successfully

2019-05-24 15:50:37 - [MESSAGE][PASSED] - Execute JavaScript 'var previewBar = document.getElementById("preview-bar-iframe"); previewBar.style.display = "none";' successfully

2019-05-24 15:50:37 - [TEST_STEP][NOT_RUN] - delay(1): NOT_RUN: delay(1)

2019-05-24 15:50:37 - [MESSAGE][NOT_RUN] - NOT_RUN: delay(1)

2019-05-24 15:50:37 - [TEST_STEP][PASSED] - click(findTestObject("OCS-MOBILE /Customer info page/Continue to shipping method - Button")): Object: 'Object Repository/OCS-MOBILE /Customer info page/Continue to shipping method - Button' is clicked on

2019-05-24 15:50:39 - [MESSAGE][PASSED] - Object: 'Object Repository/OCS-MOBILE /Customer info page/Continue to shipping method - Button' is clicked on

2019-05-24 15:50:39 - [TEST_STEP][PASSED] - delay(1): Delayed 1 second(s)

2019-05-24 15:50:40 - [MESSAGE][PASSED] - Delayed 1 second(s)

2019-05-24 15:50:40 - [TEST_STEP][PASSED] - click(findTestObject("OCS-MOBILE /Shipping page/Change link 2")): Object: 'Object Repository/OCS-MOBILE /Shipping page/Change link 2' is clicked on

2019-05-24 15:50:42 - [MESSAGE][PASSED] - Object: 'Object Repository/OCS-MOBILE /Shipping page/Change link 2' is clicked on

2019-05-24 15:50:42 - [TEST_STEP][PASSED] - delay(1): Delayed 1 second(s)

2019-05-24 15:50:43 - [MESSAGE][PASSED] - Delayed 1 second(s)

2019-05-24 15:50:43 - [TEST_STEP][PASSED] - executeJavaScript("var previewBar = document.getElementById("preview-bar-iframe"); previewBar.style.display = "none";", []): Execute JavaScript 'var previewBar = document.getElementById("preview-bar-iframe"); previewBar.style.display = "none";' successfully

2019-05-24 15:50:43 - [MESSAGE][PASSED] - Execute JavaScript 'var previewBar = document.getElementById("preview-bar-iframe"); previewBar.style.display = "none";' successfully

2019-05-24 15:50:43 - [TEST_STEP][NOT_RUN] - delay(1): NOT_RUN: delay(1)

2019-05-24 15:50:43 - [MESSAGE][NOT_RUN] - NOT_RUN: delay(1)

2019-05-24 15:50:43 - [TEST_STEP][PASSED] - click(findTestObject("OCS-MOBILE /Customer info page/Continue to shipping method - Button"), CONTINUE_ON_FAILURE): Object: 'Object Repository/OCS-MOBILE /Customer info page/Continue to shipping method - Button' is clicked on

2019-05-24 15:50:45 - [MESSAGE][PASSED] - Object: 'Object Repository/OCS-MOBILE /Customer info page/Continue to shipping method - Button' is clicked on

2019-05-24 15:50:45 - [TEST_STEP][PASSED] - delay(1): Delayed 1 second(s)

2019-05-24 15:50:46 - [MESSAGE][PASSED] - Delayed 1 second(s)

2019-05-24 15:50:46 - [TEST_STEP][PASSED] - click(findTestObject("OCS-MOBILE /Shipping page/Return to customer info")): Object: 'Object Repository/OCS-MOBILE /Shipping page/Return to customer info' is clicked on

2019-05-24 15:50:47 - [MESSAGE][PASSED] - Object: 'Object Repository/OCS-MOBILE /Shipping page/Return to customer info' is clicked on

2019-05-24 15:50:47 - [TEST_STEP][PASSED] - executeJavaScript("var previewBar = document.getElementById("preview-bar-iframe"); previewBar.style.display = "none";", []): Execute JavaScript 'var previewBar = document.getElementById("preview-bar-iframe"); previewBar.style.display = "none";' successfully

2019-05-24 15:50:48 - [MESSAGE][PASSED] - Execute JavaScript 'var previewBar = document.getElementById("preview-bar-iframe"); previewBar.style.display = "none";' successfully

2019-05-24 15:50:48 - [TEST_STEP][PASSED] - delay(1): Delayed 1 second(s)

2019-05-24 15:50:49 - [MESSAGE][PASSED] - Delayed 1 second(s)

2019-05-24 15:50:49 - [TEST_STEP][NOT_RUN] - delay(1): NOT_RUN: delay(1)

2019-05-24 15:50:49 - [MESSAGE][NOT_RUN] - NOT_RUN: delay(1)

2019-05-24 15:50:49 - [TEST_STEP][PASSED] - click(findTestObject("OCS-MOBILE /Customer info page/Continue to shipping method - Button")): Object: 'Object Repository/OCS-MOBILE /Customer info page/Continue to shipping method - Button' is clicked on

2019-05-24 15:50:50 - [MESSAGE][PASSED] - Object: 'Object Repository/OCS-MOBILE /Customer info page/Continue to shipping method - Button' is clicked on

2019-05-24 15:50:50 - [TEST_STEP][PASSED] - closeBrowser(): Browser is closed

2019-05-24 15:50:51 - [MESSAGE][PASSED] - Browser is closed]]></system-out>
         <system-err><![CDATA[]]></system-err>
      </testcase>
      <testcase name="Test Cases/OCS - MOBILE/OCS- CRITICAL PATH/Checkout- Payment" classname="Test Cases/OCS - MOBILE/OCS- CRITICAL PATH/Checkout- Payment" status="PASSED">
         <system-out><![CDATA[2019-05-24 15:50:51 - [TEST_CASE][PASSED] - Test Cases/OCS - MOBILE/OCS- CRITICAL PATH/Checkout- Payment: Test Cases/OCS - MOBILE/OCS- CRITICAL PATH/Checkout- Payment

2019-05-24 15:50:51 - [TEST_STEP][PASSED] - callTestCase(findTestCase("OCS - MOBILE/CALL - AGE GATE"), [:], STOP_ON_FAILURE): Call Test Case 'Test Cases/OCS - MOBILE/CALL - AGE GATE' successfully

2019-05-24 15:50:51 - [TEST_CASE][PASSED] - Test Cases/OCS - MOBILE/CALL - AGE GATE: Test Cases/OCS - MOBILE/CALL - AGE GATE

2019-05-24 15:50:51 - [TEST_STEP][PASSED] - openBrowser(""): Browser is opened with url: ''

2019-05-24 15:50:51 - [MESSAGE][INFO] - Starting 'Firefox' driver

2019-05-24 15:50:54 - [MESSAGE][PASSED] - Browser is opened with url: ''

2019-05-24 15:50:54 - [TEST_STEP][PASSED] - navigateToUrl("https://ocs.ca/?fts=0&preview_theme_id=53376026444"): Navigate to 'https://ocs.ca/?fts=0&preview_theme_id=53376026444' successfully

2019-05-24 15:50:59 - [MESSAGE][PASSED] - Navigate to 'https://ocs.ca/?fts=0&preview_theme_id=53376026444' successfully

2019-05-24 15:50:59 - [TEST_STEP][NOT_RUN] - executeJavaScript("var previewBar = document.getElementById("preview-bar-iframe"); previewBar.style.display = "none";", []): NOT_RUN: executeJavaScript("var previewBar = document.getElementById("preview-bar-iframe"); previewBar.style.display = "none";", [])

2019-05-24 15:50:59 - [MESSAGE][NOT_RUN] - NOT_RUN: executeJavaScript("var previewBar = document.getElementById("preview-bar-iframe"); previewBar.style.display = "none";", [])

2019-05-24 15:50:59 - [TEST_STEP][PASSED] - setViewPortSize(360, 800): Viewport is set to new size with width = 360 and height = 800

2019-05-24 15:50:59 - [MESSAGE][PASSED] - Viewport is set to new size with width = 360 and height = 800

2019-05-24 15:50:59 - [TEST_STEP][PASSED] - delay(4): Delayed 4 second(s)

2019-05-24 15:51:03 - [MESSAGE][PASSED] - Delayed 4 second(s)

2019-05-24 15:51:03 - [TEST_STEP][PASSED] - selectOptionByValue(findTestObject("OCS-MOBILE /Age gate and burger menu/Date"), "12", true): All options with value '12' are selected in object 'Object Repository/OCS-MOBILE /Age gate and burger menu/Date'  using regular expression

2019-05-24 15:51:04 - [MESSAGE][PASSED] - All options with value '12' are selected in object 'Object Repository/OCS-MOBILE /Age gate and burger menu/Date'  using regular expression

2019-05-24 15:51:04 - [TEST_STEP][PASSED] - selectOptionByValue(findTestObject("OCS-MOBILE /Age gate and burger menu/month"), "6", true): All options with value '6' are selected in object 'Object Repository/OCS-MOBILE /Age gate and burger menu/month'  using regular expression

2019-05-24 15:51:04 - [MESSAGE][PASSED] - All options with value '6' are selected in object 'Object Repository/OCS-MOBILE /Age gate and burger menu/month'  using regular expression

2019-05-24 15:51:04 - [TEST_STEP][PASSED] - delay(2): Delayed 2 second(s)

2019-05-24 15:51:06 - [MESSAGE][PASSED] - Delayed 2 second(s)

2019-05-24 15:51:06 - [TEST_STEP][PASSED] - selectOptionByValue(findTestObject("OCS-MOBILE /Age gate and burger menu/Year Dropdown"), "1990", true): All options with value '1990' are selected in object 'Object Repository/OCS-MOBILE /Age gate and burger menu/Year Dropdown'  using regular expression

2019-05-24 15:51:08 - [MESSAGE][PASSED] - All options with value '1990' are selected in object 'Object Repository/OCS-MOBILE /Age gate and burger menu/Year Dropdown'  using regular expression

2019-05-24 15:51:08 - [TEST_STEP][PASSED] - click(findTestObject("OCS-MOBILE /Age gate and burger menu/button_Verify")): Object: 'Object Repository/OCS-MOBILE /Age gate and burger menu/button_Verify' is clicked on

2019-05-24 15:51:08 - [MESSAGE][PASSED] - Object: 'Object Repository/OCS-MOBILE /Age gate and burger menu/button_Verify' is clicked on

2019-05-24 15:51:08 - [TEST_STEP][PASSED] - click(findTestObject("OCS-MOBILE /Age gate and burger menu/Checkbox_CONFIRM AND ACKNOWLEDGE")): Object: 'Object Repository/OCS-MOBILE /Age gate and burger menu/Checkbox_CONFIRM AND ACKNOWLEDGE' is clicked on

2019-05-24 15:51:08 - [MESSAGE][PASSED] - Object: 'Object Repository/OCS-MOBILE /Age gate and burger menu/Checkbox_CONFIRM AND ACKNOWLEDGE' is clicked on

2019-05-24 15:51:08 - [TEST_STEP][PASSED] - click(findTestObject("OCS-MOBILE /Age gate and burger menu/button_CONFIRM")): Object: 'Object Repository/OCS-MOBILE /Age gate and burger menu/button_CONFIRM' is clicked on

2019-05-24 15:51:09 - [MESSAGE][PASSED] - Object: 'Object Repository/OCS-MOBILE /Age gate and burger menu/button_CONFIRM' is clicked on

2019-05-24 15:51:09 - [TEST_STEP][PASSED] - click(findTestObject("OCS-MOBILE /Age gate and burger menu/button_Start Browsing")): Object: 'Object Repository/OCS-MOBILE /Age gate and burger menu/button_Start Browsing' is clicked on

2019-05-24 15:51:09 - [MESSAGE][PASSED] - Object: 'Object Repository/OCS-MOBILE /Age gate and burger menu/button_Start Browsing' is clicked on

2019-05-24 15:51:09 - [MESSAGE][PASSED] - Call Test Case 'Test Cases/OCS - MOBILE/CALL - AGE GATE' successfully

2019-05-24 15:51:09 - [TEST_STEP][PASSED] - delay(2): Delayed 2 second(s)

2019-05-24 15:51:11 - [MESSAGE][PASSED] - Delayed 2 second(s)

2019-05-24 15:51:11 - [TEST_STEP][PASSED] - refresh(): Refresh successfully

2019-05-24 15:51:16 - [MESSAGE][PASSED] - Refresh successfully

2019-05-24 15:51:16 - [TEST_STEP][PASSED] - click(findTestObject("OCS-MOBILE /Age gate and burger menu/Burger menu - English")): Object: 'Object Repository/OCS-MOBILE /Age gate and burger menu/Burger menu - English' is clicked on

2019-05-24 15:51:17 - [MESSAGE][PASSED] - Object: 'Object Repository/OCS-MOBILE /Age gate and burger menu/Burger menu - English' is clicked on

2019-05-24 15:51:17 - [TEST_STEP][PASSED] - delay(2): Delayed 2 second(s)

2019-05-24 15:51:19 - [MESSAGE][PASSED] - Delayed 2 second(s)

2019-05-24 15:51:19 - [TEST_STEP][PASSED] - click(findTestObject("OCS-MOBILE /Age gate and burger menu/Chevron_Cannabis")): Object: 'Object Repository/OCS-MOBILE /Age gate and burger menu/Chevron_Cannabis' is clicked on

2019-05-24 15:51:19 - [MESSAGE][PASSED] - Object: 'Object Repository/OCS-MOBILE /Age gate and burger menu/Chevron_Cannabis' is clicked on

2019-05-24 15:51:19 - [TEST_STEP][PASSED] - delay(2): Delayed 2 second(s)

2019-05-24 15:51:21 - [MESSAGE][PASSED] - Delayed 2 second(s)

2019-05-24 15:51:21 - [TEST_STEP][PASSED] - click(findTestObject("OCS-MOBILE /Age gate and burger menu/Dried Flower_Plus icon")): Object: 'Object Repository/OCS-MOBILE /Age gate and burger menu/Dried Flower_Plus icon' is clicked on

2019-05-24 15:51:21 - [MESSAGE][PASSED] - Object: 'Object Repository/OCS-MOBILE /Age gate and burger menu/Dried Flower_Plus icon' is clicked on

2019-05-24 15:51:21 - [TEST_STEP][PASSED] - delay(2): Delayed 2 second(s)

2019-05-24 15:51:23 - [MESSAGE][PASSED] - Delayed 2 second(s)

2019-05-24 15:51:23 - [TEST_STEP][PASSED] - click(findTestObject("OCS-MOBILE /Age gate and burger menu/Indica Dominant_Menu item")): Object: 'Object Repository/OCS-MOBILE /Age gate and burger menu/Indica Dominant_Menu item' is clicked on

2019-05-24 15:51:26 - [MESSAGE][PASSED] - Object: 'Object Repository/OCS-MOBILE /Age gate and burger menu/Indica Dominant_Menu item' is clicked on

2019-05-24 15:51:26 - [TEST_STEP][PASSED] - delay(2): Delayed 2 second(s)

2019-05-24 15:51:28 - [MESSAGE][PASSED] - Delayed 2 second(s)

2019-05-24 15:51:28 - [TEST_STEP][PASSED] - click(findTestObject("OCS-MOBILE /Collection page/Product image - 1st one")): Object: 'Object Repository/OCS-MOBILE /Collection page/Product image - 1st one' is clicked on

2019-05-24 15:51:30 - [MESSAGE][PASSED] - Object: 'Object Repository/OCS-MOBILE /Collection page/Product image - 1st one' is clicked on

2019-05-24 15:51:30 - [TEST_STEP][PASSED] - delay(1): Delayed 1 second(s)

2019-05-24 15:51:31 - [MESSAGE][PASSED] - Delayed 1 second(s)

2019-05-24 15:51:31 - [TEST_STEP][PASSED] - delay(3): Delayed 3 second(s)

2019-05-24 15:51:34 - [MESSAGE][PASSED] - Delayed 3 second(s)

2019-05-24 15:51:34 - [TEST_STEP][PASSED] - navigateToUrl("https://ocs.ca/products/dream-weaver"): Navigate to 'https://ocs.ca/products/dream-weaver' successfully

2019-05-24 15:51:37 - [MESSAGE][PASSED] - Navigate to 'https://ocs.ca/products/dream-weaver' successfully

2019-05-24 15:51:37 - [TEST_STEP][PASSED] - executeJavaScript("var previewBar = document.getElementById("preview-bar-iframe"); previewBar.style.display = "none";", []): Execute JavaScript 'var previewBar = document.getElementById("preview-bar-iframe"); previewBar.style.display = "none";' successfully

2019-05-24 15:51:37 - [MESSAGE][PASSED] - Execute JavaScript 'var previewBar = document.getElementById("preview-bar-iframe"); previewBar.style.display = "none";' successfully

2019-05-24 15:51:37 - [TEST_STEP][PASSED] - scrollToElement(findTestObject("OCS-MOBILE /Product page/Product image"), 1): Scroll to object 'Object Repository/OCS-MOBILE /Product page/Product image' successfully

2019-05-24 15:51:37 - [MESSAGE][PASSED] - Scroll to object 'Object Repository/OCS-MOBILE /Product page/Product image' successfully

2019-05-24 15:51:37 - [TEST_STEP][PASSED] - delay(2): Delayed 2 second(s)

2019-05-24 15:51:39 - [MESSAGE][PASSED] - Delayed 2 second(s)

2019-05-24 15:51:39 - [TEST_STEP][PASSED] - click(findTestObject("OCS-MOBILE /Product page/Swatch_3.5g")): Object: 'Object Repository/OCS-MOBILE /Product page/Swatch_3.5g' is clicked on

2019-05-24 15:51:39 - [MESSAGE][PASSED] - Object: 'Object Repository/OCS-MOBILE /Product page/Swatch_3.5g' is clicked on

2019-05-24 15:51:39 - [TEST_STEP][PASSED] - click(findTestObject("OCS-MOBILE /Product page/Add to Bag-button")): Object: 'Object Repository/OCS-MOBILE /Product page/Add to Bag-button' is clicked on

2019-05-24 15:51:39 - [MESSAGE][PASSED] - Object: 'Object Repository/OCS-MOBILE /Product page/Add to Bag-button' is clicked on

2019-05-24 15:51:39 - [TEST_STEP][PASSED] - delay(2): Delayed 2 second(s)

2019-05-24 15:51:41 - [MESSAGE][PASSED] - Delayed 2 second(s)

2019-05-24 15:51:41 - [TEST_STEP][PASSED] - click(findTestObject("OCS-MOBILE /Home - page/Cart icon -bag")): Object: 'Object Repository/OCS-MOBILE /Home - page/Cart icon -bag' is clicked on

2019-05-24 15:51:41 - [MESSAGE][PASSED] - Object: 'Object Repository/OCS-MOBILE /Home - page/Cart icon -bag' is clicked on

2019-05-24 15:51:41 - [TEST_STEP][PASSED] - delay(1): Delayed 1 second(s)

2019-05-24 15:51:42 - [MESSAGE][PASSED] - Delayed 1 second(s)

2019-05-24 15:51:42 - [TEST_STEP][PASSED] - click(findTestObject("OCS-MOBILE /Cart flyout/Checkbox_I confirm that")): Object: 'Object Repository/OCS-MOBILE /Cart flyout/Checkbox_I confirm that' is clicked on

2019-05-24 15:51:43 - [MESSAGE][PASSED] - Object: 'Object Repository/OCS-MOBILE /Cart flyout/Checkbox_I confirm that' is clicked on

2019-05-24 15:51:43 - [TEST_STEP][PASSED] - delay(2): Delayed 2 second(s)

2019-05-24 15:51:45 - [MESSAGE][PASSED] - Delayed 2 second(s)

2019-05-24 15:51:45 - [TEST_STEP][PASSED] - click(findTestObject("OCS-MOBILE /Cart flyout/Checkbox_Accept the Terms Condition")): Object: 'Object Repository/OCS-MOBILE /Cart flyout/Checkbox_Accept the Terms Condition' is clicked on

2019-05-24 15:51:45 - [MESSAGE][PASSED] - Object: 'Object Repository/OCS-MOBILE /Cart flyout/Checkbox_Accept the Terms Condition' is clicked on

2019-05-24 15:51:45 - [TEST_STEP][PASSED] - delay(1): Delayed 1 second(s)

2019-05-24 15:51:46 - [MESSAGE][PASSED] - Delayed 1 second(s)

2019-05-24 15:51:46 - [TEST_STEP][PASSED] - click(findTestObject("OCS-MOBILE /Cart flyout/Checkout - Button")): Object: 'Object Repository/OCS-MOBILE /Cart flyout/Checkout - Button' is clicked on

2019-05-24 15:51:48 - [MESSAGE][PASSED] - Object: 'Object Repository/OCS-MOBILE /Cart flyout/Checkout - Button' is clicked on

2019-05-24 15:51:48 - [TEST_STEP][PASSED] - executeJavaScript("var previewBar = document.getElementById("preview-bar-iframe"); previewBar.style.display = "none";", []): Execute JavaScript 'var previewBar = document.getElementById("preview-bar-iframe"); previewBar.style.display = "none";' successfully

2019-05-24 15:51:49 - [MESSAGE][PASSED] - Execute JavaScript 'var previewBar = document.getElementById("preview-bar-iframe"); previewBar.style.display = "none";' successfully

2019-05-24 15:51:49 - [TEST_STEP][PASSED] - delay(1): Delayed 1 second(s)

2019-05-24 15:51:50 - [MESSAGE][PASSED] - Delayed 1 second(s)

2019-05-24 15:51:50 - [TEST_STEP][PASSED] - delay(2): Delayed 2 second(s)

2019-05-24 15:51:52 - [MESSAGE][PASSED] - Delayed 2 second(s)

2019-05-24 15:51:52 - [TEST_STEP][PASSED] - scrollToElement(findTestObject("OCS-MOBILE /Customer info page/input_Email"), 0): Scroll to object 'Object Repository/OCS-MOBILE /Customer info page/input_Email' successfully

2019-05-24 15:51:52 - [MESSAGE][WARNING] - Timeout '0' is invalid. Using default page load timeout: '30'

2019-05-24 15:51:52 - [MESSAGE][PASSED] - Scroll to object 'Object Repository/OCS-MOBILE /Customer info page/input_Email' successfully

2019-05-24 15:51:52 - [TEST_STEP][PASSED] - setText(findTestObject("OCS-MOBILE /Customer info page/input_Email"), "suman.kompelly@diffagency.com"): Text 'suman.kompelly@diffagency.com' is set on object 'Object Repository/OCS-MOBILE /Customer info page/input_Email'

2019-05-24 15:51:52 - [MESSAGE][PASSED] - Text 'suman.kompelly@diffagency.com' is set on object 'Object Repository/OCS-MOBILE /Customer info page/input_Email'

2019-05-24 15:51:52 - [TEST_STEP][PASSED] - setText(findTestObject("OCS-MOBILE /Customer info page/input_First name"), "suman"): Text 'suman' is set on object 'Object Repository/OCS-MOBILE /Customer info page/input_First name'

2019-05-24 15:51:52 - [MESSAGE][PASSED] - Text 'suman' is set on object 'Object Repository/OCS-MOBILE /Customer info page/input_First name'

2019-05-24 15:51:52 - [TEST_STEP][PASSED] - setText(findTestObject("OCS-MOBILE /Customer info page/input_Last name"), "kompelly"): Text 'kompelly' is set on object 'Object Repository/OCS-MOBILE /Customer info page/input_Last name'

2019-05-24 15:51:52 - [MESSAGE][PASSED] - Text 'kompelly' is set on object 'Object Repository/OCS-MOBILE /Customer info page/input_Last name'

2019-05-24 15:51:52 - [TEST_STEP][PASSED] - setText(findTestObject("OCS-MOBILE /Customer info page/input_Address"), "300 saint alxendre"): Text '300 saint alxendre' is set on object 'Object Repository/OCS-MOBILE /Customer info page/input_Address'

2019-05-24 15:51:52 - [MESSAGE][PASSED] - Text '300 saint alxendre' is set on object 'Object Repository/OCS-MOBILE /Customer info page/input_Address'

2019-05-24 15:51:52 - [TEST_STEP][PASSED] - setText(findTestObject("OCS-MOBILE /Customer info page/input_Apartment suite etc. (op"), "199"): Text '199' is set on object 'Object Repository/OCS-MOBILE /Customer info page/input_Apartment suite etc. (op'

2019-05-24 15:51:52 - [MESSAGE][PASSED] - Text '199' is set on object 'Object Repository/OCS-MOBILE /Customer info page/input_Apartment suite etc. (op'

2019-05-24 15:51:52 - [TEST_STEP][PASSED] - setText(findTestObject("OCS-MOBILE /Customer info page/input_City"), "montreal"): Text 'montreal' is set on object 'Object Repository/OCS-MOBILE /Customer info page/input_City'

2019-05-24 15:51:52 - [MESSAGE][PASSED] - Text 'montreal' is set on object 'Object Repository/OCS-MOBILE /Customer info page/input_City'

2019-05-24 15:51:52 - [TEST_STEP][PASSED] - setText(findTestObject("OCS-MOBILE /Customer info page/input_Postal code"), "n0R1K0"): Text 'n0R1K0' is set on object 'Object Repository/OCS-MOBILE /Customer info page/input_Postal code'

2019-05-24 15:51:52 - [MESSAGE][PASSED] - Text 'n0R1K0' is set on object 'Object Repository/OCS-MOBILE /Customer info page/input_Postal code'

2019-05-24 15:51:52 - [TEST_STEP][PASSED] - setText(findTestObject("OCS-MOBILE /Customer info page/input_Phone"), "(514) 449-3882"): Text '(514) 449-3882' is set on object 'Object Repository/OCS-MOBILE /Customer info page/input_Phone'

2019-05-24 15:51:52 - [MESSAGE][PASSED] - Text '(514) 449-3882' is set on object 'Object Repository/OCS-MOBILE /Customer info page/input_Phone'

2019-05-24 15:51:52 - [TEST_STEP][PASSED] - delay(1): Delayed 1 second(s)

2019-05-24 15:51:53 - [MESSAGE][PASSED] - Delayed 1 second(s)

2019-05-24 15:51:53 - [TEST_STEP][PASSED] - executeJavaScript("var previewBar = document.getElementById("preview-bar-iframe"); previewBar.style.display = "none";", []): Execute JavaScript 'var previewBar = document.getElementById("preview-bar-iframe"); previewBar.style.display = "none";' successfully

2019-05-24 15:51:53 - [MESSAGE][PASSED] - Execute JavaScript 'var previewBar = document.getElementById("preview-bar-iframe"); previewBar.style.display = "none";' successfully

2019-05-24 15:51:53 - [TEST_STEP][PASSED] - click(findTestObject("OCS-MOBILE /Customer info page/Continue to shipping method - Button")): Object: 'Object Repository/OCS-MOBILE /Customer info page/Continue to shipping method - Button' is clicked on

2019-05-24 15:51:55 - [MESSAGE][PASSED] - Object: 'Object Repository/OCS-MOBILE /Customer info page/Continue to shipping method - Button' is clicked on

2019-05-24 15:51:55 - [TEST_STEP][PASSED] - delay(1): Delayed 1 second(s)

2019-05-24 15:51:56 - [MESSAGE][PASSED] - Delayed 1 second(s)

2019-05-24 15:51:56 - [TEST_STEP][PASSED] - delay(1): Delayed 1 second(s)

2019-05-24 15:51:57 - [MESSAGE][PASSED] - Delayed 1 second(s)

2019-05-24 15:51:57 - [TEST_STEP][PASSED] - click(findTestObject("OCS-MOBILE /Shipping page/Continue to payment method - Button")): Object: 'Object Repository/OCS-MOBILE /Shipping page/Continue to payment method - Button' is clicked on

2019-05-24 15:52:00 - [MESSAGE][PASSED] - Object: 'Object Repository/OCS-MOBILE /Shipping page/Continue to payment method - Button' is clicked on

2019-05-24 15:52:00 - [TEST_STEP][PASSED] - delay(1): Delayed 1 second(s)

2019-05-24 15:52:01 - [MESSAGE][PASSED] - Delayed 1 second(s)

2019-05-24 15:52:01 - [TEST_STEP][PASSED] - click(findTestObject("OCS-MOBILE /Payment -page/Change link span 1")): Object: 'Object Repository/OCS-MOBILE /Payment -page/Change link span 1' is clicked on

2019-05-24 15:52:03 - [MESSAGE][PASSED] - Object: 'Object Repository/OCS-MOBILE /Payment -page/Change link span 1' is clicked on

2019-05-24 15:52:03 - [TEST_STEP][PASSED] - executeJavaScript("var previewBar = document.getElementById("preview-bar-iframe"); previewBar.style.display = "none";", []): Execute JavaScript 'var previewBar = document.getElementById("preview-bar-iframe"); previewBar.style.display = "none";' successfully

2019-05-24 15:52:03 - [MESSAGE][PASSED] - Execute JavaScript 'var previewBar = document.getElementById("preview-bar-iframe"); previewBar.style.display = "none";' successfully

2019-05-24 15:52:03 - [TEST_STEP][PASSED] - setViewPortSize(360, 1000, CONTINUE_ON_FAILURE): Viewport is set to new size with width = 360 and height = 1000

2019-05-24 15:52:03 - [MESSAGE][PASSED] - Viewport is set to new size with width = 360 and height = 1000

2019-05-24 15:52:03 - [TEST_STEP][PASSED] - click(findTestObject("OCS-MOBILE /Shipping page/Continue to payment method - Button")): Object: 'Object Repository/OCS-MOBILE /Shipping page/Continue to payment method - Button' is clicked on

2019-05-24 15:52:05 - [MESSAGE][PASSED] - Object: 'Object Repository/OCS-MOBILE /Shipping page/Continue to payment method - Button' is clicked on

2019-05-24 15:52:05 - [TEST_STEP][NOT_RUN] - delay(1): NOT_RUN: delay(1)

2019-05-24 15:52:05 - [MESSAGE][NOT_RUN] - NOT_RUN: delay(1)

2019-05-24 15:52:05 - [TEST_STEP][PASSED] - delay(1): Delayed 1 second(s)

2019-05-24 15:52:06 - [MESSAGE][PASSED] - Delayed 1 second(s)

2019-05-24 15:52:06 - [TEST_STEP][PASSED] - click(findTestObject("OCS-MOBILE /Shipping page/Continue to payment method - Button")): Object: 'Object Repository/OCS-MOBILE /Shipping page/Continue to payment method - Button' is clicked on

2019-05-24 15:52:08 - [MESSAGE][PASSED] - Object: 'Object Repository/OCS-MOBILE /Shipping page/Continue to payment method - Button' is clicked on

2019-05-24 15:52:08 - [TEST_STEP][PASSED] - click(findTestObject("OCS-MOBILE /Payment -page/Change link span 2")): Object: 'Object Repository/OCS-MOBILE /Payment -page/Change link span 2' is clicked on

2019-05-24 15:52:10 - [MESSAGE][PASSED] - Object: 'Object Repository/OCS-MOBILE /Payment -page/Change link span 2' is clicked on

2019-05-24 15:52:10 - [TEST_STEP][PASSED] - executeJavaScript("var previewBar = document.getElementById("preview-bar-iframe"); previewBar.style.display = "none";", []): Execute JavaScript 'var previewBar = document.getElementById("preview-bar-iframe"); previewBar.style.display = "none";' successfully

2019-05-24 15:52:10 - [MESSAGE][PASSED] - Execute JavaScript 'var previewBar = document.getElementById("preview-bar-iframe"); previewBar.style.display = "none";' successfully

2019-05-24 15:52:10 - [TEST_STEP][PASSED] - delay(1): Delayed 1 second(s)

2019-05-24 15:52:11 - [MESSAGE][PASSED] - Delayed 1 second(s)

2019-05-24 15:52:11 - [TEST_STEP][PASSED] - delay(1): Delayed 1 second(s)

2019-05-24 15:52:12 - [MESSAGE][PASSED] - Delayed 1 second(s)

2019-05-24 15:52:12 - [TEST_STEP][PASSED] - click(findTestObject("OCS-MOBILE /Shipping page/Continue to payment method - Button")): Object: 'Object Repository/OCS-MOBILE /Shipping page/Continue to payment method - Button' is clicked on

2019-05-24 15:52:14 - [MESSAGE][PASSED] - Object: 'Object Repository/OCS-MOBILE /Shipping page/Continue to payment method - Button' is clicked on]]></system-out>
         <system-err><![CDATA[]]></system-err>
      </testcase>
      <system-out><![CDATA[2019-05-24 15:38:37 - [TEST_SUITE][FAILED] - critical path: Test Cases/OCS - MOBILE/OCS- CRITICAL PATH/Cart flyout-price comparison FAILED.
Reason:
com.kms.katalon.core.exception.StepFailedException: Unable to click on object 'Object Repository/OCS-MOBILE /Product page/Swatch_3.5g' (Root cause: org.openqa.selenium.ElementClickInterceptedException: Element <label class="swatch__label"> is not clickable at point (111,428) because another element <li class="swatch swatch--weight"> obscures it
Build info: version: '3.7.1', revision: '8a0099a', time: '2017-11-06T21:07:36.161Z'
System info: host: 'sumans-MacBook-Pro.local', ip: 'fe80:0:0:0:1866:4103:1514:248b%en0', os.name: 'Mac OS X', os.arch: 'x86_64', os.version: '10.13.6', java.version: '1.8.0_181'
Driver info: com.kms.katalon.core.webui.driver.firefox.CGeckoDriver
Capabilities {acceptInsecureCerts: true, browserName: firefox, browserVersion: 67.0, javascriptEnabled: true, moz:accessibilityChecks: false, moz:buildID: 20190516215225, moz:geckodriverVersion: 0.23.0, moz:headless: false, moz:processID: 3634, moz:profile: /var/folders/1t/c55l8xzs6gq..., moz:shutdownTimeout: 60000, moz:useNonSpecCompliantPointerOrigin: false, moz:webdriverClick: true, pageLoadStrategy: normal, platform: MAC, platformName: MAC, platformVersion: 17.7.0, proxy: Proxy(direct), rotatable: false, setWindowRect: true, strictFileInteractability: false, timeouts: {implicit: 0, pageLoad: 300000, script: 30000}, unhandledPromptBehavior: dismiss and notify}
Session ID: 850a6349-4ce0-8b41-b450-e899263e1649)
	at com.kms.katalon.core.keyword.internal.KeywordMain.stepFailed(KeywordMain.groovy:32)
	at com.kms.katalon.core.webui.keyword.internal.WebUIKeywordMain.stepFailed(WebUIKeywordMain.groovy:65)
	at com.kms.katalon.core.webui.keyword.internal.WebUIKeywordMain.runKeyword(WebUIKeywordMain.groovy:27)
	at com.kms.katalon.core.webui.keyword.builtin.ClickKeyword.click(ClickKeyword.groovy:86)
	at com.kms.katalon.core.webui.keyword.builtin.ClickKeyword.execute(ClickKeyword.groovy:67)
	at com.kms.katalon.core.keyword.internal.KeywordExecutor.executeKeywordForPlatform(KeywordExecutor.groovy:53)
	at com.kms.katalon.core.webui.keyword.WebUiBuiltInKeywords.click(WebUiBuiltInKeywords.groovy:604)
	at com.kms.katalon.core.webui.keyword.WebUiBuiltInKeywords$click$7.call(Unknown Source)
	at Cart flyout-price comparison.run(Cart flyout-price comparison:54)
	at com.kms.katalon.core.main.ScriptEngine.run(ScriptEngine.java:194)
	at com.kms.katalon.core.main.ScriptEngine.runScriptAsRawText(ScriptEngine.java:119)
	at com.kms.katalon.core.main.TestCaseExecutor.runScript(TestCaseExecutor.java:328)
	at com.kms.katalon.core.main.TestCaseExecutor.doExecute(TestCaseExecutor.java:319)
	at com.kms.katalon.core.main.TestCaseExecutor.processExecutionPhase(TestCaseExecutor.java:298)
	at com.kms.katalon.core.main.TestCaseExecutor.accessMainPhase(TestCaseExecutor.java:290)
	at com.kms.katalon.core.main.TestCaseExecutor.execute(TestCaseExecutor.java:224)
	at com.kms.katalon.core.main.TestSuiteExecutor.accessTestCaseMainPhase(TestSuiteExecutor.java:129)
	at com.kms.katalon.core.main.TestSuiteExecutor.accessTestSuiteMainPhase(TestSuiteExecutor.java:112)
	at com.kms.katalon.core.main.TestSuiteExecutor.execute(TestSuiteExecutor.java:81)
	at com.kms.katalon.core.main.TestCaseMain.startTestSuite(TestCaseMain.java:149)
	at com.kms.katalon.core.main.TestCaseMain$startTestSuite$0.call(Unknown Source)
	at TempTestSuite1558726715443.run(TempTestSuite1558726715443.groovy:36)]]></system-out>
      <system-err><![CDATA[2019-05-24 15:38:37 - [TEST_SUITE][FAILED] - critical path: Test Cases/OCS - MOBILE/OCS- CRITICAL PATH/Cart flyout-price comparison FAILED.
Reason:
com.kms.katalon.core.exception.StepFailedException: Unable to click on object 'Object Repository/OCS-MOBILE /Product page/Swatch_3.5g' (Root cause: org.openqa.selenium.ElementClickInterceptedException: Element <label class="swatch__label"> is not clickable at point (111,428) because another element <li class="swatch swatch--weight"> obscures it
Build info: version: '3.7.1', revision: '8a0099a', time: '2017-11-06T21:07:36.161Z'
System info: host: 'sumans-MacBook-Pro.local', ip: 'fe80:0:0:0:1866:4103:1514:248b%en0', os.name: 'Mac OS X', os.arch: 'x86_64', os.version: '10.13.6', java.version: '1.8.0_181'
Driver info: com.kms.katalon.core.webui.driver.firefox.CGeckoDriver
Capabilities {acceptInsecureCerts: true, browserName: firefox, browserVersion: 67.0, javascriptEnabled: true, moz:accessibilityChecks: false, moz:buildID: 20190516215225, moz:geckodriverVersion: 0.23.0, moz:headless: false, moz:processID: 3634, moz:profile: /var/folders/1t/c55l8xzs6gq..., moz:shutdownTimeout: 60000, moz:useNonSpecCompliantPointerOrigin: false, moz:webdriverClick: true, pageLoadStrategy: normal, platform: MAC, platformName: MAC, platformVersion: 17.7.0, proxy: Proxy(direct), rotatable: false, setWindowRect: true, strictFileInteractability: false, timeouts: {implicit: 0, pageLoad: 300000, script: 30000}, unhandledPromptBehavior: dismiss and notify}
Session ID: 850a6349-4ce0-8b41-b450-e899263e1649)
	at com.kms.katalon.core.keyword.internal.KeywordMain.stepFailed(KeywordMain.groovy:32)
	at com.kms.katalon.core.webui.keyword.internal.WebUIKeywordMain.stepFailed(WebUIKeywordMain.groovy:65)
	at com.kms.katalon.core.webui.keyword.internal.WebUIKeywordMain.runKeyword(WebUIKeywordMain.groovy:27)
	at com.kms.katalon.core.webui.keyword.builtin.ClickKeyword.click(ClickKeyword.groovy:86)
	at com.kms.katalon.core.webui.keyword.builtin.ClickKeyword.execute(ClickKeyword.groovy:67)
	at com.kms.katalon.core.keyword.internal.KeywordExecutor.executeKeywordForPlatform(KeywordExecutor.groovy:53)
	at com.kms.katalon.core.webui.keyword.WebUiBuiltInKeywords.click(WebUiBuiltInKeywords.groovy:604)
	at com.kms.katalon.core.webui.keyword.WebUiBuiltInKeywords$click$7.call(Unknown Source)
	at Cart flyout-price comparison.run(Cart flyout-price comparison:54)
	at com.kms.katalon.core.main.ScriptEngine.run(ScriptEngine.java:194)
	at com.kms.katalon.core.main.ScriptEngine.runScriptAsRawText(ScriptEngine.java:119)
	at com.kms.katalon.core.main.TestCaseExecutor.runScript(TestCaseExecutor.java:328)
	at com.kms.katalon.core.main.TestCaseExecutor.doExecute(TestCaseExecutor.java:319)
	at com.kms.katalon.core.main.TestCaseExecutor.processExecutionPhase(TestCaseExecutor.java:298)
	at com.kms.katalon.core.main.TestCaseExecutor.accessMainPhase(TestCaseExecutor.java:290)
	at com.kms.katalon.core.main.TestCaseExecutor.execute(TestCaseExecutor.java:224)
	at com.kms.katalon.core.main.TestSuiteExecutor.accessTestCaseMainPhase(TestSuiteExecutor.java:129)
	at com.kms.katalon.core.main.TestSuiteExecutor.accessTestSuiteMainPhase(TestSuiteExecutor.java:112)
	at com.kms.katalon.core.main.TestSuiteExecutor.execute(TestSuiteExecutor.java:81)
	at com.kms.katalon.core.main.TestCaseMain.startTestSuite(TestCaseMain.java:149)
	at com.kms.katalon.core.main.TestCaseMain$startTestSuite$0.call(Unknown Source)
	at TempTestSuite1558726715443.run(TempTestSuite1558726715443.groovy:36)]]></system-err>
   </testsuite>
</testsuites>
