<?xml version="1.0" encoding="UTF-8"?>
<testsuites name="Live site" time="2959" tests="31" failures="18" errors="1">
   <testsuite name="Live site" tests="31" failures="18" errors="1" time="2959" timestamp="2019-06-28 16:39:56" hostname="sumankompelly - 10.0.126.233" id="Test Suites/Live site">
      <properties>
         <property name="deviceName" value=""/>
         <property name="devicePlatform" value=""/>
         <property name="logFolder" value="/Users/sumankompelly/Relative xpath-Mobile/Reports/Live site/20190628_163954"/>
         <property name="logFiles" value="/Users/sumankompelly/Relative xpath-Mobile/Reports/Live site/20190628_163954/execution0.log"/>
         <property name="attachments" value="/Users/sumankompelly/Relative xpath-Mobile/Reports/Live site/20190628_163954/1561754488483.png, /Users/sumankompelly/Relative xpath-Mobile/Reports/Live site/20190628_163954/1561754680286.png, /Users/sumankompelly/Relative xpath-Mobile/Reports/Live site/20190628_163954/1561754683389.png, /Users/sumankompelly/Relative xpath-Mobile/Reports/Live site/20190628_163954/1561754702485.png, /Users/sumankompelly/Relative xpath-Mobile/Reports/Live site/20190628_163954/1561754720748.png, /Users/sumankompelly/Relative xpath-Mobile/Reports/Live site/20190628_163954/1561754739053.png, /Users/sumankompelly/Relative xpath-Mobile/Reports/Live site/20190628_163954/1561754749170.png, /Users/sumankompelly/Relative xpath-Mobile/Reports/Live site/20190628_163954/1561754828133.png, /Users/sumankompelly/Relative xpath-Mobile/Reports/Live site/20190628_163954/1561755003288.png, /Users/sumankompelly/Relative xpath-Mobile/Reports/Live site/20190628_163954/1561755160000.png, /Users/sumankompelly/Relative xpath-Mobile/Reports/Live site/20190628_163954/1561755396975.png, /Users/sumankompelly/Relative xpath-Mobile/Reports/Live site/20190628_163954/1561755518478.png, /Users/sumankompelly/Relative xpath-Mobile/Reports/Live site/20190628_163954/1561755660350.png, /Users/sumankompelly/Relative xpath-Mobile/Reports/Live site/20190628_163954/1561755663411.png, /Users/sumankompelly/Relative xpath-Mobile/Reports/Live site/20190628_163954/1561756057898.png, /Users/sumankompelly/Relative xpath-Mobile/Reports/Live site/20190628_163954/1561756060005.png, /Users/sumankompelly/Relative xpath-Mobile/Reports/Live site/20190628_163954/1561756063147.png, /Users/sumankompelly/Relative xpath-Mobile/Reports/Live site/20190628_163954/1561756154607.png, /Users/sumankompelly/Relative xpath-Mobile/Reports/Live site/20190628_163954/1561756201096.png, /Users/sumankompelly/Relative xpath-Mobile/Reports/Live site/20190628_163954/1561756261827.png, /Users/sumankompelly/Relative xpath-Mobile/Reports/Live site/20190628_163954/1561756263879.png, /Users/sumankompelly/Relative xpath-Mobile/Reports/Live site/20190628_163954/1561756284532.png, /Users/sumankompelly/Relative xpath-Mobile/Reports/Live site/20190628_163954/1561756290727.png, /Users/sumankompelly/Relative xpath-Mobile/Reports/Live site/20190628_163954/1561756299878.png, /Users/sumankompelly/Relative xpath-Mobile/Reports/Live site/20190628_163954/1561756306153.png, /Users/sumankompelly/Relative xpath-Mobile/Reports/Live site/20190628_163954/1561756312379.png, /Users/sumankompelly/Relative xpath-Mobile/Reports/Live site/20190628_163954/1561756318591.png, /Users/sumankompelly/Relative xpath-Mobile/Reports/Live site/20190628_163954/1561756324803.png, /Users/sumankompelly/Relative xpath-Mobile/Reports/Live site/20190628_163954/1561756333011.png, /Users/sumankompelly/Relative xpath-Mobile/Reports/Live site/20190628_163954/1561756339227.png, /Users/sumankompelly/Relative xpath-Mobile/Reports/Live site/20190628_163954/1561756347431.png, /Users/sumankompelly/Relative xpath-Mobile/Reports/Live site/20190628_163954/1561756355641.png, /Users/sumankompelly/Relative xpath-Mobile/Reports/Live site/20190628_163954/1561756363868.png, /Users/sumankompelly/Relative xpath-Mobile/Reports/Live site/20190628_163954/1561756372065.png, /Users/sumankompelly/Relative xpath-Mobile/Reports/Live site/20190628_163954/1561756380275.png, /Users/sumankompelly/Relative xpath-Mobile/Reports/Live site/20190628_163954/1561756388479.png, /Users/sumankompelly/Relative xpath-Mobile/Reports/Live site/20190628_163954/1561756410510.png, /Users/sumankompelly/Relative xpath-Mobile/Reports/Live site/20190628_163954/1561756433352.png, /Users/sumankompelly/Relative xpath-Mobile/Reports/Live site/20190628_163954/1561756443045.png, /Users/sumankompelly/Relative xpath-Mobile/Reports/Live site/20190628_163954/1561756481239.png, /Users/sumankompelly/Relative xpath-Mobile/Reports/Live site/20190628_163954/1561756495798.png, /Users/sumankompelly/Relative xpath-Mobile/Reports/Live site/20190628_163954/1561756503017.png, /Users/sumankompelly/Relative xpath-Mobile/Reports/Live site/20190628_163954/1561756513181.png, /Users/sumankompelly/Relative xpath-Mobile/Reports/Live site/20190628_163954/1561756533228.png, /Users/sumankompelly/Relative xpath-Mobile/Reports/Live site/20190628_163954/1561756550563.png, /Users/sumankompelly/Relative xpath-Mobile/Reports/Live site/20190628_163954/1561756557813.png, /Users/sumankompelly/Relative xpath-Mobile/Reports/Live site/20190628_163954/1561756567412.png, /Users/sumankompelly/Relative xpath-Mobile/Reports/Live site/20190628_163954/1561756570776.png, /Users/sumankompelly/Relative xpath-Mobile/Reports/Live site/20190628_163954/1561756645208.png, /Users/sumankompelly/Relative xpath-Mobile/Reports/Live site/20190628_163954/1561756746561.png, /Users/sumankompelly/Relative xpath-Mobile/Reports/Live site/20190628_163954/1561756748684.png, /Users/sumankompelly/Relative xpath-Mobile/Reports/Live site/20190628_163954/1561756750802.png, /Users/sumankompelly/Relative xpath-Mobile/Reports/Live site/20190628_163954/1561756752909.png, /Users/sumankompelly/Relative xpath-Mobile/Reports/Live site/20190628_163954/1561756756093.png, /Users/sumankompelly/Relative xpath-Mobile/Reports/Live site/20190628_163954/1561756759283.png, /Users/sumankompelly/Relative xpath-Mobile/Reports/Live site/20190628_163954/1561756762432.png, /Users/sumankompelly/Relative xpath-Mobile/Reports/Live site/20190628_163954/1561756765855.png, /Users/sumankompelly/Relative xpath-Mobile/Reports/Live site/20190628_163954/1561756769102.png, /Users/sumankompelly/Relative xpath-Mobile/Reports/Live site/20190628_163954/1561756841036.png, /Users/sumankompelly/Relative xpath-Mobile/Reports/Live site/20190628_163954/1561756844159.png, /Users/sumankompelly/Relative xpath-Mobile/Reports/Live site/20190628_163954/1561756847767.png, /Users/sumankompelly/Relative xpath-Mobile/Reports/Live site/20190628_163954/1561756850914.png, /Users/sumankompelly/Relative xpath-Mobile/Reports/Live site/20190628_163954/1561756854225.png, /Users/sumankompelly/Relative xpath-Mobile/Reports/Live site/20190628_163954/1561756860338.png, /Users/sumankompelly/Relative xpath-Mobile/Reports/Live site/20190628_163954/1561756865654.png, /Users/sumankompelly/Relative xpath-Mobile/Reports/Live site/20190628_163954/1561756871593.png, /Users/sumankompelly/Relative xpath-Mobile/Reports/Live site/20190628_163954/1561756943939.png, /Users/sumankompelly/Relative xpath-Mobile/Reports/Live site/20190628_163954/1561757019248.png, /Users/sumankompelly/Relative xpath-Mobile/Reports/Live site/20190628_163954/1561757021375.png, /Users/sumankompelly/Relative xpath-Mobile/Reports/Live site/20190628_163954/1561757022455.png, /Users/sumankompelly/Relative xpath-Mobile/Reports/Live site/20190628_163954/1561757023503.png, /Users/sumankompelly/Relative xpath-Mobile/Reports/Live site/20190628_163954/1561757182916.png, /Users/sumankompelly/Relative xpath-Mobile/Reports/Live site/20190628_163954/1561757201901.png, /Users/sumankompelly/Relative xpath-Mobile/Reports/Live site/20190628_163954/1561757270498.png, /Users/sumankompelly/Relative xpath-Mobile/Reports/Live site/20190628_163954/1561757322803.png, /Users/sumankompelly/Relative xpath-Mobile/Reports/Live site/20190628_163954/1561757355216.png"/>
         <property name="hostName" value="sumankompelly - 10.0.126.233"/>
         <property name="os" value="Mac OS X 64bit"/>
         <property name="katalonVersion" value="5.10.1.1"/>
         <property name="browser" value="Safari 12"/>
         <property name="hostAddress" value="10.0.126.233"/>
         <property name="sessionId" value="840F4655-F174-4F0D-9E52-81A206428F7F"/>
         <property name="seleniumVersion" value="3.7.1"/>
         <property name="proxyInformation" value="ProxyInformation{proxyOption=NO_PROXY, proxyServerType=HTTP, password=, proxyServerAddress=, proxyServerPort=0}"/>
         <property name="platform" value="Mac OS X"/>
      </properties>
      <testcase name="Test Cases/OCS - MOBILE/OCS- CRITICAL PATH/Cart flyout- increase qty" classname="Test Cases/OCS - MOBILE/OCS- CRITICAL PATH/Cart flyout- increase qty" status="PASSED">
         <system-out><![CDATA[2019-06-28 16:39:56 - [TEST_CASE][PASSED] - Test Cases/OCS - MOBILE/OCS- CRITICAL PATH/Cart flyout- increase qty: Test Cases/OCS - MOBILE/OCS- CRITICAL PATH/Cart flyout- increase qty

2019-06-28 16:39:56 - [TEST_STEP][PASSED] - callTestCase(findTestCase("OCS - MOBILE/CALL - AGE GATE"), [:], STOP_ON_FAILURE): Call Test Case 'Test Cases/OCS - MOBILE/CALL - AGE GATE' successfully

2019-06-28 16:39:56 - [TEST_CASE][PASSED] - Test Cases/OCS - MOBILE/CALL - AGE GATE: Test Cases/OCS - MOBILE/CALL - AGE GATE

2019-06-28 16:39:56 - [TEST_STEP][PASSED] - openBrowser(""): Browser is opened with url: ''

2019-06-28 16:39:57 - [MESSAGE][INFO] - Starting 'Safari' driver

2019-06-28 16:39:57 - [MESSAGE][INFO] - Action delay is set to 0 seconds

2019-06-28 16:39:59 - [MESSAGE][PASSED] - Browser is opened with url: ''

2019-06-28 16:39:59 - [TEST_STEP][PASSED] - navigateToUrl("ocs.ca"): Navigate to 'http://ocs.ca' successfully

2019-06-28 16:40:00 - [MESSAGE][PASSED] - Navigate to 'http://ocs.ca' successfully

2019-06-28 16:40:00 - [TEST_STEP][NOT_RUN] - executeJavaScript("var previewBar = document.getElementById("preview-bar-iframe"); previewBar.style.display = "none";", []): NOT_RUN: executeJavaScript("var previewBar = document.getElementById("preview-bar-iframe"); previewBar.style.display = "none";", [])

2019-06-28 16:40:00 - [MESSAGE][NOT_RUN] - NOT_RUN: executeJavaScript("var previewBar = document.getElementById("preview-bar-iframe"); previewBar.style.display = "none";", [])

2019-06-28 16:40:00 - [TEST_STEP][PASSED] - setViewPortSize(360, 800): Viewport is set to new size with width = 360 and height = 800

2019-06-28 16:40:01 - [MESSAGE][PASSED] - Viewport is set to new size with width = 360 and height = 800

2019-06-28 16:40:01 - [TEST_STEP][PASSED] - delay(4): Delayed 4 second(s)

2019-06-28 16:40:05 - [MESSAGE][PASSED] - Delayed 4 second(s)

2019-06-28 16:40:05 - [TEST_STEP][PASSED] - selectOptionByValue(findTestObject("OCS-MOBILE /Age gate and burger menu/Date"), "12", true): All options with value '12' are selected in object 'Object Repository/OCS-MOBILE /Age gate and burger menu/Date'  using regular expression

2019-06-28 16:40:05 - [MESSAGE][PASSED] - All options with value '12' are selected in object 'Object Repository/OCS-MOBILE /Age gate and burger menu/Date'  using regular expression

2019-06-28 16:40:05 - [TEST_STEP][PASSED] - selectOptionByValue(findTestObject("OCS-MOBILE /Age gate and burger menu/month"), "6", true): All options with value '6' are selected in object 'Object Repository/OCS-MOBILE /Age gate and burger menu/month'  using regular expression

2019-06-28 16:40:06 - [MESSAGE][PASSED] - All options with value '6' are selected in object 'Object Repository/OCS-MOBILE /Age gate and burger menu/month'  using regular expression

2019-06-28 16:40:06 - [TEST_STEP][PASSED] - delay(2): Delayed 2 second(s)

2019-06-28 16:40:08 - [MESSAGE][PASSED] - Delayed 2 second(s)

2019-06-28 16:40:08 - [TEST_STEP][PASSED] - selectOptionByValue(findTestObject("OCS-MOBILE /Age gate and burger menu/Year Dropdown"), "1990", true): All options with value '1990' are selected in object 'Object Repository/OCS-MOBILE /Age gate and burger menu/Year Dropdown'  using regular expression

2019-06-28 16:40:10 - [MESSAGE][PASSED] - All options with value '1990' are selected in object 'Object Repository/OCS-MOBILE /Age gate and burger menu/Year Dropdown'  using regular expression

2019-06-28 16:40:10 - [TEST_STEP][PASSED] - click(findTestObject("OCS-MOBILE /Age gate and Mega menu/button_Verify")): Object: 'Object Repository/OCS-MOBILE /Age gate and Mega menu/button_Verify' is clicked on

2019-06-28 16:40:10 - [MESSAGE][PASSED] - Object: 'Object Repository/OCS-MOBILE /Age gate and Mega menu/button_Verify' is clicked on

2019-06-28 16:40:10 - [TEST_STEP][PASSED] - click(findTestObject("OCS-MOBILE /Age gate and Mega menu/Checkbox_CONFIRM AND ACKNOWLEDGE")): Object: 'Object Repository/OCS-MOBILE /Age gate and Mega menu/Checkbox_CONFIRM AND ACKNOWLEDGE' is clicked on

2019-06-28 16:40:10 - [MESSAGE][PASSED] - Object: 'Object Repository/OCS-MOBILE /Age gate and Mega menu/Checkbox_CONFIRM AND ACKNOWLEDGE' is clicked on

2019-06-28 16:40:10 - [TEST_STEP][PASSED] - click(findTestObject("OCS-MOBILE /Age gate and Mega menu/button_CONFIRM")): Object: 'Object Repository/OCS-MOBILE /Age gate and Mega menu/button_CONFIRM' is clicked on

2019-06-28 16:40:10 - [MESSAGE][PASSED] - Object: 'Object Repository/OCS-MOBILE /Age gate and Mega menu/button_CONFIRM' is clicked on

2019-06-28 16:40:10 - [TEST_STEP][PASSED] - click(findTestObject("OCS-MOBILE /Age gate and Mega menu/button_Start Browsing")): Object: 'Object Repository/OCS-MOBILE /Age gate and Mega menu/button_Start Browsing' is clicked on

2019-06-28 16:40:10 - [MESSAGE][PASSED] - Object: 'Object Repository/OCS-MOBILE /Age gate and Mega menu/button_Start Browsing' is clicked on

2019-06-28 16:40:10 - [TEST_STEP][PASSED] - refresh(): Refresh successfully

2019-06-28 16:40:12 - [MESSAGE][PASSED] - Refresh successfully

2019-06-28 16:40:12 - [TEST_STEP][NOT_RUN] - executeJavaScript("var previewBar = document.getElementById("preview-bar-iframe"); previewBar.style.display = "none";", []): NOT_RUN: executeJavaScript("var previewBar = document.getElementById("preview-bar-iframe"); previewBar.style.display = "none";", [])

2019-06-28 16:40:12 - [MESSAGE][NOT_RUN] - NOT_RUN: executeJavaScript("var previewBar = document.getElementById("preview-bar-iframe"); previewBar.style.display = "none";", [])

2019-06-28 16:40:12 - [MESSAGE][PASSED] - Call Test Case 'Test Cases/OCS - MOBILE/CALL - AGE GATE' successfully

2019-06-28 16:40:12 - [TEST_STEP][PASSED] - delay(2): Delayed 2 second(s)

2019-06-28 16:40:14 - [MESSAGE][PASSED] - Delayed 2 second(s)

2019-06-28 16:40:14 - [TEST_STEP][PASSED] - click(findTestObject("OCS-MOBILE /Age gate and burger menu/Burger menu - English")): Object: 'Object Repository/OCS-MOBILE /Age gate and burger menu/Burger menu - English' is clicked on

2019-06-28 16:40:14 - [MESSAGE][PASSED] - Object: 'Object Repository/OCS-MOBILE /Age gate and burger menu/Burger menu - English' is clicked on

2019-06-28 16:40:14 - [TEST_STEP][PASSED] - delay(2): Delayed 2 second(s)

2019-06-28 16:40:16 - [MESSAGE][PASSED] - Delayed 2 second(s)

2019-06-28 16:40:16 - [TEST_STEP][PASSED] - click(findTestObject("OCS-MOBILE /Age gate and burger menu/Chevron_Cannabis")): Object: 'Object Repository/OCS-MOBILE /Age gate and burger menu/Chevron_Cannabis' is clicked on

2019-06-28 16:40:16 - [MESSAGE][PASSED] - Object: 'Object Repository/OCS-MOBILE /Age gate and burger menu/Chevron_Cannabis' is clicked on

2019-06-28 16:40:16 - [TEST_STEP][PASSED] - delay(2): Delayed 2 second(s)

2019-06-28 16:40:18 - [MESSAGE][PASSED] - Delayed 2 second(s)

2019-06-28 16:40:18 - [TEST_STEP][PASSED] - click(findTestObject("OCS-MOBILE /Age gate and burger menu/Dried Flower_Plus icon")): Object: 'Object Repository/OCS-MOBILE /Age gate and burger menu/Dried Flower_Plus icon' is clicked on

2019-06-28 16:40:18 - [MESSAGE][PASSED] - Object: 'Object Repository/OCS-MOBILE /Age gate and burger menu/Dried Flower_Plus icon' is clicked on

2019-06-28 16:40:18 - [TEST_STEP][PASSED] - delay(2): Delayed 2 second(s)

2019-06-28 16:40:20 - [MESSAGE][PASSED] - Delayed 2 second(s)

2019-06-28 16:40:20 - [TEST_STEP][PASSED] - click(findTestObject("OCS-MOBILE /Age gate and burger menu/Indica Dominant_Menu item")): Object: 'Object Repository/OCS-MOBILE /Age gate and burger menu/Indica Dominant_Menu item' is clicked on

2019-06-28 16:40:21 - [MESSAGE][PASSED] - Object: 'Object Repository/OCS-MOBILE /Age gate and burger menu/Indica Dominant_Menu item' is clicked on

2019-06-28 16:40:21 - [TEST_STEP][PASSED] - delay(2): Delayed 2 second(s)

2019-06-28 16:40:23 - [MESSAGE][PASSED] - Delayed 2 second(s)

2019-06-28 16:40:23 - [TEST_STEP][NOT_RUN] - executeJavaScript("var previewBar = document.getElementById("preview-bar-iframe"); previewBar.style.display = "none";", []): NOT_RUN: executeJavaScript("var previewBar = document.getElementById("preview-bar-iframe"); previewBar.style.display = "none";", [])

2019-06-28 16:40:23 - [MESSAGE][NOT_RUN] - NOT_RUN: executeJavaScript("var previewBar = document.getElementById("preview-bar-iframe"); previewBar.style.display = "none";", [])

2019-06-28 16:40:23 - [TEST_STEP][PASSED] - click(findTestObject("OCS-MOBILE /Collection page/Product image - 1st one")): Object: 'Object Repository/OCS-MOBILE /Collection page/Product image - 1st one' is clicked on

2019-06-28 16:40:26 - [MESSAGE][PASSED] - Object: 'Object Repository/OCS-MOBILE /Collection page/Product image - 1st one' is clicked on

2019-06-28 16:40:26 - [TEST_STEP][NOT_RUN] - executeJavaScript("var previewBar = document.getElementById("preview-bar-iframe"); previewBar.style.display = "none";", []): NOT_RUN: executeJavaScript("var previewBar = document.getElementById("preview-bar-iframe"); previewBar.style.display = "none";", [])

2019-06-28 16:40:26 - [MESSAGE][NOT_RUN] - NOT_RUN: executeJavaScript("var previewBar = document.getElementById("preview-bar-iframe"); previewBar.style.display = "none";", [])

2019-06-28 16:40:26 - [TEST_STEP][NOT_RUN] - scrollToElement(findTestObject("OCS-MOBILE /Product page/Product image"), 1): NOT_RUN: scrollToElement(findTestObject("OCS-MOBILE /Product page/Product image"), 1)

2019-06-28 16:40:26 - [MESSAGE][NOT_RUN] - NOT_RUN: scrollToElement(findTestObject("OCS-MOBILE /Product page/Product image"), 1)

2019-06-28 16:40:26 - [TEST_STEP][PASSED] - delay(2): Delayed 2 second(s)

2019-06-28 16:40:28 - [MESSAGE][PASSED] - Delayed 2 second(s)

2019-06-28 16:40:28 - [TEST_STEP][PASSED] - flag = verifyElementClickable(findTestObject("OCS-MOBILE /Product page/Swatch_3.5g")): Object 'Object Repository/OCS-MOBILE /Product page/Swatch_3.5g' is clickable

2019-06-28 16:40:28 - [MESSAGE][PASSED] - Object 'Object Repository/OCS-MOBILE /Product page/Swatch_3.5g' is clickable

2019-06-28 16:40:28 - [TEST_STEP][PASSED] - comment(" flag =" + flag):  flag =true

2019-06-28 16:40:28 - [MESSAGE][INFO] -  flag =true

2019-06-28 16:40:28 - [TEST_STEP][PASSED] - if (flag == true): Delayed 2 second(s)

2019-06-28 16:40:28 - [TEST_STEP][PASSED] - click(findTestObject("OCS-MOBILE /Product page/Swatch_1g"), STOP_ON_FAILURE): Object: 'Object Repository/OCS-MOBILE /Product page/Swatch_1g' is clicked on

2019-06-28 16:40:28 - [MESSAGE][PASSED] - Object: 'Object Repository/OCS-MOBILE /Product page/Swatch_1g' is clicked on

2019-06-28 16:40:28 - [TEST_STEP][PASSED] - delay(2): Delayed 2 second(s)

2019-06-28 16:40:30 - [MESSAGE][PASSED] - Delayed 2 second(s)

2019-06-28 16:40:30 - [TEST_STEP][PASSED] - click(findTestObject("OCS-MOBILE /Product page/Quantity Increase - Button")): Object: 'Object Repository/OCS-MOBILE /Product page/Quantity Increase - Button' is clicked on

2019-06-28 16:40:31 - [MESSAGE][PASSED] - Object: 'Object Repository/OCS-MOBILE /Product page/Quantity Increase - Button' is clicked on

2019-06-28 16:40:31 - [TEST_STEP][PASSED] - delay(2): Delayed 2 second(s)

2019-06-28 16:40:33 - [MESSAGE][PASSED] - Delayed 2 second(s)

2019-06-28 16:40:33 - [TEST_STEP][PASSED] - click(findTestObject("OCS-MOBILE /Product page/Add to Bag-button")): Object: 'Object Repository/OCS-MOBILE /Product page/Add to Bag-button' is clicked on

2019-06-28 16:40:33 - [MESSAGE][PASSED] - Object: 'Object Repository/OCS-MOBILE /Product page/Add to Bag-button' is clicked on

2019-06-28 16:40:33 - [TEST_STEP][PASSED] - delay(1): Delayed 1 second(s)

2019-06-28 16:40:34 - [MESSAGE][PASSED] - Delayed 1 second(s)

2019-06-28 16:40:34 - [TEST_STEP][NOT_RUN] - click(findTestObject("OCS-MOBILE /Home - page/Cart icon -bag")): NOT_RUN: click(findTestObject("OCS-MOBILE /Home - page/Cart icon -bag"))

2019-06-28 16:40:34 - [MESSAGE][NOT_RUN] - NOT_RUN: click(findTestObject("OCS-MOBILE /Home - page/Cart icon -bag"))

2019-06-28 16:40:34 - [TEST_STEP][PASSED] - delay(2): Delayed 2 second(s)

2019-06-28 16:40:36 - [MESSAGE][PASSED] - Delayed 2 second(s)

2019-06-28 16:40:36 - [TEST_STEP][PASSED] - click(findTestObject("OCS-MOBILE /Cart flyout/Quantity increase - Product")): Object: 'Object Repository/OCS-MOBILE /Cart flyout/Quantity increase - Product' is clicked on

2019-06-28 16:40:36 - [MESSAGE][PASSED] - Object: 'Object Repository/OCS-MOBILE /Cart flyout/Quantity increase - Product' is clicked on

2019-06-28 16:40:36 - [TEST_STEP][PASSED] - delay(2): Delayed 2 second(s)

2019-06-28 16:40:38 - [MESSAGE][PASSED] - Delayed 2 second(s)

2019-06-28 16:40:38 - [TEST_STEP][PASSED] - click(findTestObject("OCS-MOBILE /Cart flyout/Quantity increase - Product")): Object: 'Object Repository/OCS-MOBILE /Cart flyout/Quantity increase - Product' is clicked on

2019-06-28 16:40:38 - [MESSAGE][PASSED] - Object: 'Object Repository/OCS-MOBILE /Cart flyout/Quantity increase - Product' is clicked on

2019-06-28 16:40:38 - [TEST_STEP][PASSED] - delay(2): Delayed 2 second(s)

2019-06-28 16:40:40 - [MESSAGE][PASSED] - Delayed 2 second(s)

2019-06-28 16:40:40 - [TEST_STEP][PASSED] - a = getText(findTestObject("OCS-MOBILE /Cart flyout/Unit price - Product")): Text of object 'Object Repository/OCS-MOBILE /Cart flyout/Unit price - Product' is: '






$41.00'

2019-06-28 16:40:40 - [MESSAGE][PASSED] - Text of object 'Object Repository/OCS-MOBILE /Cart flyout/Unit price - Product' is: '






$41.00'

2019-06-28 16:40:40 - [TEST_STEP][PASSED] - comment(a): 






$41.00

2019-06-28 16:40:40 - [MESSAGE][INFO] - 






$41.00

2019-06-28 16:40:40 - [TEST_STEP][PASSED] - b = a.substring(1): null

2019-06-28 16:40:40 - [TEST_STEP][PASSED] - comment(b): 





$41.00

2019-06-28 16:40:40 - [MESSAGE][INFO] - 





$41.00

2019-06-28 16:40:40 - [TEST_STEP][PASSED] - setText(findTestObject("OCS-MOBILE /Cart flyout/input_-_updates"), "3"): Text '3' is set on object 'Object Repository/OCS-MOBILE /Cart flyout/input_-_updates'

2019-06-28 16:40:40 - [MESSAGE][PASSED] - Text '3' is set on object 'Object Repository/OCS-MOBILE /Cart flyout/input_-_updates'

2019-06-28 16:40:40 - [TEST_STEP][PASSED] - delay(2): Delayed 2 second(s)

2019-06-28 16:40:42 - [MESSAGE][PASSED] - Delayed 2 second(s)

2019-06-28 16:40:42 - [TEST_STEP][PASSED] - click(findTestObject("OCS-MOBILE /Cart flyout/i_-_icon--plus")): Object: 'Object Repository/OCS-MOBILE /Cart flyout/i_-_icon--plus' is clicked on

2019-06-28 16:40:43 - [MESSAGE][PASSED] - Object: 'Object Repository/OCS-MOBILE /Cart flyout/i_-_icon--plus' is clicked on

2019-06-28 16:40:43 - [TEST_STEP][PASSED] - delay(2): Delayed 2 second(s)

2019-06-28 16:40:45 - [MESSAGE][PASSED] - Delayed 2 second(s)

2019-06-28 16:40:45 - [TEST_STEP][PASSED] - click(findTestObject("OCS-MOBILE /Cart flyout/i_-_icon--plus")): Object: 'Object Repository/OCS-MOBILE /Cart flyout/i_-_icon--plus' is clicked on

2019-06-28 16:40:45 - [MESSAGE][PASSED] - Object: 'Object Repository/OCS-MOBILE /Cart flyout/i_-_icon--plus' is clicked on

2019-06-28 16:40:45 - [TEST_STEP][PASSED] - delay(2): Delayed 2 second(s)

2019-06-28 16:40:47 - [MESSAGE][PASSED] - Delayed 2 second(s)

2019-06-28 16:40:47 - [TEST_STEP][PASSED] - click(findTestObject("OCS-MOBILE /Cart flyout/i_-_icon--plus")): Object: 'Object Repository/OCS-MOBILE /Cart flyout/i_-_icon--plus' is clicked on

2019-06-28 16:40:47 - [MESSAGE][PASSED] - Object: 'Object Repository/OCS-MOBILE /Cart flyout/i_-_icon--plus' is clicked on

2019-06-28 16:40:47 - [TEST_STEP][PASSED] - delay(2): Delayed 2 second(s)

2019-06-28 16:40:49 - [MESSAGE][PASSED] - Delayed 2 second(s)

2019-06-28 16:40:49 - [TEST_STEP][PASSED] - c = getText(findTestObject("OCS-MOBILE /Cart flyout/Unit price - Product")): Text of object 'Object Repository/OCS-MOBILE /Cart flyout/Unit price - Product' is: '






$61.50'

2019-06-28 16:40:49 - [MESSAGE][PASSED] - Text of object 'Object Repository/OCS-MOBILE /Cart flyout/Unit price - Product' is: '






$61.50'

2019-06-28 16:40:49 - [TEST_STEP][PASSED] - comment(c): 






$61.50

2019-06-28 16:40:49 - [MESSAGE][INFO] - 






$61.50

2019-06-28 16:40:49 - [TEST_STEP][PASSED] - d = c.substring(1): null

2019-06-28 16:40:49 - [TEST_STEP][PASSED] - comment(d): 





$61.50

2019-06-28 16:40:49 - [MESSAGE][INFO] - 





$61.50

2019-06-28 16:40:49 - [TEST_STEP][PASSED] - verifyNotEqual("b", "d"): Actual object 'b' and expected object 'd' are not equal

2019-06-28 16:40:49 - [MESSAGE][PASSED] - Actual object 'b' and expected object 'd' are not equal

2019-06-28 16:40:49 - [TEST_STEP][PASSED] - comment(" price changed . Quantity selector is working"):  price changed . Quantity selector is working

2019-06-28 16:40:49 - [MESSAGE][INFO] -  price changed . Quantity selector is working]]></system-out>
         <system-err><![CDATA[]]></system-err>
      </testcase>
      <testcase name="Test Cases/OCS - MOBILE/OCS- CRITICAL PATH/Cart flyout- decrease qty" classname="Test Cases/OCS - MOBILE/OCS- CRITICAL PATH/Cart flyout- decrease qty" status="PASSED">
         <system-out><![CDATA[2019-06-28 16:40:49 - [TEST_CASE][PASSED] - Test Cases/OCS - MOBILE/OCS- CRITICAL PATH/Cart flyout- decrease qty: Test Cases/OCS - MOBILE/OCS- CRITICAL PATH/Cart flyout- decrease qty

2019-06-28 16:40:49 - [TEST_STEP][PASSED] - callTestCase(findTestCase("OCS - MOBILE/CALL - AGE GATE"), [:], STOP_ON_FAILURE): Call Test Case 'Test Cases/OCS - MOBILE/CALL - AGE GATE' successfully

2019-06-28 16:40:49 - [TEST_CASE][PASSED] - Test Cases/OCS - MOBILE/CALL - AGE GATE: Test Cases/OCS - MOBILE/CALL - AGE GATE

2019-06-28 16:40:49 - [TEST_STEP][PASSED] - openBrowser(""): Browser is opened with url: ''

2019-06-28 16:40:49 - [MESSAGE][WARNING] - A browser is already opened. Closing browser and opening a new one

2019-06-28 16:40:49 - [MESSAGE][INFO] - Starting 'Safari' driver

2019-06-28 16:40:50 - [MESSAGE][PASSED] - Browser is opened with url: ''

2019-06-28 16:40:50 - [TEST_STEP][PASSED] - navigateToUrl("ocs.ca"): Navigate to 'http://ocs.ca' successfully

2019-06-28 16:40:54 - [MESSAGE][PASSED] - Navigate to 'http://ocs.ca' successfully

2019-06-28 16:40:54 - [TEST_STEP][NOT_RUN] - executeJavaScript("var previewBar = document.getElementById("preview-bar-iframe"); previewBar.style.display = "none";", []): NOT_RUN: executeJavaScript("var previewBar = document.getElementById("preview-bar-iframe"); previewBar.style.display = "none";", [])

2019-06-28 16:40:54 - [MESSAGE][NOT_RUN] - NOT_RUN: executeJavaScript("var previewBar = document.getElementById("preview-bar-iframe"); previewBar.style.display = "none";", [])

2019-06-28 16:40:54 - [TEST_STEP][PASSED] - setViewPortSize(360, 800): Viewport is set to new size with width = 360 and height = 800

2019-06-28 16:40:54 - [MESSAGE][PASSED] - Viewport is set to new size with width = 360 and height = 800

2019-06-28 16:40:54 - [TEST_STEP][PASSED] - delay(4): Delayed 4 second(s)

2019-06-28 16:40:58 - [MESSAGE][PASSED] - Delayed 4 second(s)

2019-06-28 16:40:58 - [TEST_STEP][PASSED] - selectOptionByValue(findTestObject("OCS-MOBILE /Age gate and burger menu/Date"), "12", true): All options with value '12' are selected in object 'Object Repository/OCS-MOBILE /Age gate and burger menu/Date'  using regular expression

2019-06-28 16:40:59 - [MESSAGE][PASSED] - All options with value '12' are selected in object 'Object Repository/OCS-MOBILE /Age gate and burger menu/Date'  using regular expression

2019-06-28 16:40:59 - [TEST_STEP][PASSED] - selectOptionByValue(findTestObject("OCS-MOBILE /Age gate and burger menu/month"), "6", true): All options with value '6' are selected in object 'Object Repository/OCS-MOBILE /Age gate and burger menu/month'  using regular expression

2019-06-28 16:40:59 - [MESSAGE][PASSED] - All options with value '6' are selected in object 'Object Repository/OCS-MOBILE /Age gate and burger menu/month'  using regular expression

2019-06-28 16:40:59 - [TEST_STEP][PASSED] - delay(2): Delayed 2 second(s)

2019-06-28 16:41:01 - [MESSAGE][PASSED] - Delayed 2 second(s)

2019-06-28 16:41:01 - [TEST_STEP][PASSED] - selectOptionByValue(findTestObject("OCS-MOBILE /Age gate and burger menu/Year Dropdown"), "1990", true): All options with value '1990' are selected in object 'Object Repository/OCS-MOBILE /Age gate and burger menu/Year Dropdown'  using regular expression

2019-06-28 16:41:04 - [MESSAGE][PASSED] - All options with value '1990' are selected in object 'Object Repository/OCS-MOBILE /Age gate and burger menu/Year Dropdown'  using regular expression

2019-06-28 16:41:04 - [TEST_STEP][PASSED] - click(findTestObject("OCS-MOBILE /Age gate and Mega menu/button_Verify")): Object: 'Object Repository/OCS-MOBILE /Age gate and Mega menu/button_Verify' is clicked on

2019-06-28 16:41:04 - [MESSAGE][PASSED] - Object: 'Object Repository/OCS-MOBILE /Age gate and Mega menu/button_Verify' is clicked on

2019-06-28 16:41:04 - [TEST_STEP][PASSED] - click(findTestObject("OCS-MOBILE /Age gate and Mega menu/Checkbox_CONFIRM AND ACKNOWLEDGE")): Object: 'Object Repository/OCS-MOBILE /Age gate and Mega menu/Checkbox_CONFIRM AND ACKNOWLEDGE' is clicked on

2019-06-28 16:41:04 - [MESSAGE][PASSED] - Object: 'Object Repository/OCS-MOBILE /Age gate and Mega menu/Checkbox_CONFIRM AND ACKNOWLEDGE' is clicked on

2019-06-28 16:41:04 - [TEST_STEP][PASSED] - click(findTestObject("OCS-MOBILE /Age gate and Mega menu/button_CONFIRM")): Object: 'Object Repository/OCS-MOBILE /Age gate and Mega menu/button_CONFIRM' is clicked on

2019-06-28 16:41:04 - [MESSAGE][PASSED] - Object: 'Object Repository/OCS-MOBILE /Age gate and Mega menu/button_CONFIRM' is clicked on

2019-06-28 16:41:04 - [TEST_STEP][PASSED] - click(findTestObject("OCS-MOBILE /Age gate and Mega menu/button_Start Browsing")): Object: 'Object Repository/OCS-MOBILE /Age gate and Mega menu/button_Start Browsing' is clicked on

2019-06-28 16:41:04 - [MESSAGE][PASSED] - Object: 'Object Repository/OCS-MOBILE /Age gate and Mega menu/button_Start Browsing' is clicked on

2019-06-28 16:41:04 - [TEST_STEP][PASSED] - refresh(): Refresh successfully

2019-06-28 16:41:07 - [MESSAGE][PASSED] - Refresh successfully

2019-06-28 16:41:07 - [TEST_STEP][NOT_RUN] - executeJavaScript("var previewBar = document.getElementById("preview-bar-iframe"); previewBar.style.display = "none";", []): NOT_RUN: executeJavaScript("var previewBar = document.getElementById("preview-bar-iframe"); previewBar.style.display = "none";", [])

2019-06-28 16:41:07 - [MESSAGE][NOT_RUN] - NOT_RUN: executeJavaScript("var previewBar = document.getElementById("preview-bar-iframe"); previewBar.style.display = "none";", [])

2019-06-28 16:41:07 - [MESSAGE][PASSED] - Call Test Case 'Test Cases/OCS - MOBILE/CALL - AGE GATE' successfully

2019-06-28 16:41:07 - [TEST_STEP][PASSED] - delay(2): Delayed 2 second(s)

2019-06-28 16:41:09 - [MESSAGE][PASSED] - Delayed 2 second(s)

2019-06-28 16:41:09 - [TEST_STEP][PASSED] - click(findTestObject("OCS-MOBILE /Age gate and burger menu/Burger menu - English")): Object: 'Object Repository/OCS-MOBILE /Age gate and burger menu/Burger menu - English' is clicked on

2019-06-28 16:41:09 - [MESSAGE][PASSED] - Object: 'Object Repository/OCS-MOBILE /Age gate and burger menu/Burger menu - English' is clicked on

2019-06-28 16:41:09 - [TEST_STEP][PASSED] - delay(2): Delayed 2 second(s)

2019-06-28 16:41:11 - [MESSAGE][PASSED] - Delayed 2 second(s)

2019-06-28 16:41:11 - [TEST_STEP][PASSED] - click(findTestObject("OCS-MOBILE /Age gate and burger menu/Chevron_Cannabis")): Object: 'Object Repository/OCS-MOBILE /Age gate and burger menu/Chevron_Cannabis' is clicked on

2019-06-28 16:41:12 - [MESSAGE][PASSED] - Object: 'Object Repository/OCS-MOBILE /Age gate and burger menu/Chevron_Cannabis' is clicked on

2019-06-28 16:41:12 - [TEST_STEP][PASSED] - delay(2): Delayed 2 second(s)

2019-06-28 16:41:14 - [MESSAGE][PASSED] - Delayed 2 second(s)

2019-06-28 16:41:14 - [TEST_STEP][PASSED] - click(findTestObject("OCS-MOBILE /Age gate and burger menu/Dried Flower_Plus icon")): Object: 'Object Repository/OCS-MOBILE /Age gate and burger menu/Dried Flower_Plus icon' is clicked on

2019-06-28 16:41:14 - [MESSAGE][PASSED] - Object: 'Object Repository/OCS-MOBILE /Age gate and burger menu/Dried Flower_Plus icon' is clicked on

2019-06-28 16:41:14 - [TEST_STEP][PASSED] - delay(2): Delayed 2 second(s)

2019-06-28 16:41:16 - [MESSAGE][PASSED] - Delayed 2 second(s)

2019-06-28 16:41:16 - [TEST_STEP][PASSED] - click(findTestObject("OCS-MOBILE /Age gate and burger menu/Indica Dominant_Menu item")): Object: 'Object Repository/OCS-MOBILE /Age gate and burger menu/Indica Dominant_Menu item' is clicked on

2019-06-28 16:41:19 - [MESSAGE][PASSED] - Object: 'Object Repository/OCS-MOBILE /Age gate and burger menu/Indica Dominant_Menu item' is clicked on

2019-06-28 16:41:19 - [TEST_STEP][NOT_RUN] - executeJavaScript("var previewBar = document.getElementById("preview-bar-iframe"); previewBar.style.display = "none";", []): NOT_RUN: executeJavaScript("var previewBar = document.getElementById("preview-bar-iframe"); previewBar.style.display = "none";", [])

2019-06-28 16:41:19 - [MESSAGE][NOT_RUN] - NOT_RUN: executeJavaScript("var previewBar = document.getElementById("preview-bar-iframe"); previewBar.style.display = "none";", [])

2019-06-28 16:41:19 - [TEST_STEP][PASSED] - delay(2): Delayed 2 second(s)

2019-06-28 16:41:21 - [MESSAGE][PASSED] - Delayed 2 second(s)

2019-06-28 16:41:21 - [TEST_STEP][PASSED] - click(findTestObject("OCS-MOBILE /Collection page/Product image - 1st one")): Object: 'Object Repository/OCS-MOBILE /Collection page/Product image - 1st one' is clicked on

2019-06-28 16:41:26 - [MESSAGE][PASSED] - Object: 'Object Repository/OCS-MOBILE /Collection page/Product image - 1st one' is clicked on

2019-06-28 16:41:26 - [TEST_STEP][NOT_RUN] - executeJavaScript("var previewBar = document.getElementById("preview-bar-iframe"); previewBar.style.display = "none";", []): NOT_RUN: executeJavaScript("var previewBar = document.getElementById("preview-bar-iframe"); previewBar.style.display = "none";", [])

2019-06-28 16:41:26 - [MESSAGE][NOT_RUN] - NOT_RUN: executeJavaScript("var previewBar = document.getElementById("preview-bar-iframe"); previewBar.style.display = "none";", [])

2019-06-28 16:41:26 - [TEST_STEP][NOT_RUN] - scrollToElement(findTestObject("OCS-MOBILE /Product page/Product image"), 1): NOT_RUN: scrollToElement(findTestObject("OCS-MOBILE /Product page/Product image"), 1)

2019-06-28 16:41:26 - [MESSAGE][NOT_RUN] - NOT_RUN: scrollToElement(findTestObject("OCS-MOBILE /Product page/Product image"), 1)

2019-06-28 16:41:26 - [TEST_STEP][PASSED] - delay(2): Delayed 2 second(s)

2019-06-28 16:41:28 - [MESSAGE][PASSED] - Delayed 2 second(s)

2019-06-28 16:41:28 - [TEST_STEP][PASSED] - flag = verifyElementClickable(findTestObject("OCS-MOBILE /Product page/Swatch_3.5g")): Object 'Object Repository/OCS-MOBILE /Product page/Swatch_3.5g' is clickable

2019-06-28 16:41:28 - [MESSAGE][PASSED] - Object 'Object Repository/OCS-MOBILE /Product page/Swatch_3.5g' is clickable

2019-06-28 16:41:28 - [TEST_STEP][PASSED] - takeScreenshot(): Taking screenshot successfully

2019-06-28 16:41:28 - [MESSAGE][PASSED] - Taking screenshot successfully
[[ATTACHMENT|/Users/sumankompelly/Relative xpath-Mobile/Reports/Live site/20190628_163954/1561754488483.png]]

2019-06-28 16:41:28 - [TEST_STEP][PASSED] - comment(" flag =" + flag):  flag =true

2019-06-28 16:41:28 - [MESSAGE][INFO] -  flag =true

2019-06-28 16:41:28 - [TEST_STEP][PASSED] - if (flag == true):  price changed . Quantity selector is working

2019-06-28 16:41:28 - [TEST_STEP][NOT_RUN] - scrollToElement(findTestObject("OCS-MOBILE /Product page/Swatch_3.5g"), 1): NOT_RUN: scrollToElement(findTestObject("OCS-MOBILE /Product page/Swatch_3.5g"), 1)

2019-06-28 16:41:28 - [MESSAGE][NOT_RUN] - NOT_RUN: scrollToElement(findTestObject("OCS-MOBILE /Product page/Swatch_3.5g"), 1)

2019-06-28 16:41:28 - [TEST_STEP][PASSED] - delay(2): Delayed 2 second(s)

2019-06-28 16:41:30 - [MESSAGE][PASSED] - Delayed 2 second(s)

2019-06-28 16:41:30 - [TEST_STEP][PASSED] - click(findTestObject("OCS-MOBILE /Product page/Swatch_1g"), CONTINUE_ON_FAILURE): Object: 'Object Repository/OCS-MOBILE /Product page/Swatch_1g' is clicked on

2019-06-28 16:41:30 - [MESSAGE][PASSED] - Object: 'Object Repository/OCS-MOBILE /Product page/Swatch_1g' is clicked on

2019-06-28 16:41:30 - [TEST_STEP][PASSED] - delay(2): Delayed 2 second(s)

2019-06-28 16:41:32 - [MESSAGE][PASSED] - Delayed 2 second(s)

2019-06-28 16:41:32 - [TEST_STEP][PASSED] - click(findTestObject("OCS-MOBILE /Product page/Quantity Increase - Button")): Object: 'Object Repository/OCS-MOBILE /Product page/Quantity Increase - Button' is clicked on

2019-06-28 16:41:32 - [MESSAGE][PASSED] - Object: 'Object Repository/OCS-MOBILE /Product page/Quantity Increase - Button' is clicked on

2019-06-28 16:41:32 - [TEST_STEP][PASSED] - click(findTestObject("OCS-MOBILE /Product page/Quantity Increase - Button")): Object: 'Object Repository/OCS-MOBILE /Product page/Quantity Increase - Button' is clicked on

2019-06-28 16:41:32 - [MESSAGE][PASSED] - Object: 'Object Repository/OCS-MOBILE /Product page/Quantity Increase - Button' is clicked on

2019-06-28 16:41:32 - [TEST_STEP][PASSED] - click(findTestObject("OCS-MOBILE /Product page/Quantity Increase - Button")): Object: 'Object Repository/OCS-MOBILE /Product page/Quantity Increase - Button' is clicked on

2019-06-28 16:41:32 - [MESSAGE][PASSED] - Object: 'Object Repository/OCS-MOBILE /Product page/Quantity Increase - Button' is clicked on

2019-06-28 16:41:32 - [TEST_STEP][PASSED] - click(findTestObject("OCS-MOBILE /Product page/Quantity Increase - Button")): Object: 'Object Repository/OCS-MOBILE /Product page/Quantity Increase - Button' is clicked on

2019-06-28 16:41:33 - [MESSAGE][PASSED] - Object: 'Object Repository/OCS-MOBILE /Product page/Quantity Increase - Button' is clicked on

2019-06-28 16:41:33 - [TEST_STEP][PASSED] - click(findTestObject("OCS-MOBILE /Product page/Quantity Increase - Button")): Object: 'Object Repository/OCS-MOBILE /Product page/Quantity Increase - Button' is clicked on

2019-06-28 16:41:33 - [MESSAGE][PASSED] - Object: 'Object Repository/OCS-MOBILE /Product page/Quantity Increase - Button' is clicked on

2019-06-28 16:41:33 - [TEST_STEP][PASSED] - delay(2): Delayed 2 second(s)

2019-06-28 16:41:35 - [MESSAGE][PASSED] - Delayed 2 second(s)

2019-06-28 16:41:35 - [TEST_STEP][PASSED] - click(findTestObject("OCS-MOBILE /Product page/Add to Bag-button")): Object: 'Object Repository/OCS-MOBILE /Product page/Add to Bag-button' is clicked on

2019-06-28 16:41:35 - [MESSAGE][PASSED] - Object: 'Object Repository/OCS-MOBILE /Product page/Add to Bag-button' is clicked on

2019-06-28 16:41:35 - [TEST_STEP][PASSED] - delay(1): Delayed 1 second(s)

2019-06-28 16:41:36 - [MESSAGE][PASSED] - Delayed 1 second(s)

2019-06-28 16:41:36 - [TEST_STEP][NOT_RUN] - click(findTestObject("OCS-MOBILE /Home - page/Cart icon -bag")): NOT_RUN: click(findTestObject("OCS-MOBILE /Home - page/Cart icon -bag"))

2019-06-28 16:41:36 - [MESSAGE][NOT_RUN] - NOT_RUN: click(findTestObject("OCS-MOBILE /Home - page/Cart icon -bag"))

2019-06-28 16:41:36 - [TEST_STEP][PASSED] - delay(2): Delayed 2 second(s)

2019-06-28 16:41:38 - [MESSAGE][PASSED] - Delayed 2 second(s)

2019-06-28 16:41:38 - [TEST_STEP][PASSED] - click(findTestObject("OCS-MOBILE /Cart flyout/Quantity decrease - Product")): Object: 'Object Repository/OCS-MOBILE /Cart flyout/Quantity decrease - Product' is clicked on

2019-06-28 16:41:38 - [MESSAGE][PASSED] - Object: 'Object Repository/OCS-MOBILE /Cart flyout/Quantity decrease - Product' is clicked on

2019-06-28 16:41:38 - [TEST_STEP][PASSED] - delay(2): Delayed 2 second(s)

2019-06-28 16:41:40 - [MESSAGE][PASSED] - Delayed 2 second(s)

2019-06-28 16:41:40 - [TEST_STEP][PASSED] - a = getText(findTestObject("OCS-MOBILE /Cart flyout/Unit price - Product")): Text of object 'Object Repository/OCS-MOBILE /Cart flyout/Unit price - Product' is: '






$51.25'

2019-06-28 16:41:40 - [MESSAGE][PASSED] - Text of object 'Object Repository/OCS-MOBILE /Cart flyout/Unit price - Product' is: '






$51.25'

2019-06-28 16:41:40 - [TEST_STEP][PASSED] - comment(a): 






$51.25

2019-06-28 16:41:40 - [MESSAGE][INFO] - 






$51.25

2019-06-28 16:41:40 - [TEST_STEP][PASSED] - b = a.substring(1): null

2019-06-28 16:41:40 - [TEST_STEP][PASSED] - comment(b): 





$51.25

2019-06-28 16:41:40 - [MESSAGE][INFO] - 





$51.25

2019-06-28 16:41:40 - [TEST_STEP][PASSED] - setText(findTestObject("OCS-MOBILE /Cart flyout/input_-_updates"), "5"): Text '5' is set on object 'Object Repository/OCS-MOBILE /Cart flyout/input_-_updates'

2019-06-28 16:41:40 - [MESSAGE][PASSED] - Text '5' is set on object 'Object Repository/OCS-MOBILE /Cart flyout/input_-_updates'

2019-06-28 16:41:40 - [TEST_STEP][PASSED] - delay(2): Delayed 2 second(s)

2019-06-28 16:41:42 - [MESSAGE][PASSED] - Delayed 2 second(s)

2019-06-28 16:41:42 - [TEST_STEP][PASSED] - setText(findTestObject("OCS-MOBILE /Cart flyout/input_-_updates"), "4"): Text '4' is set on object 'Object Repository/OCS-MOBILE /Cart flyout/input_-_updates'

2019-06-28 16:41:42 - [MESSAGE][PASSED] - Text '4' is set on object 'Object Repository/OCS-MOBILE /Cart flyout/input_-_updates'

2019-06-28 16:41:42 - [TEST_STEP][PASSED] - delay(2): Delayed 2 second(s)

2019-06-28 16:41:44 - [MESSAGE][PASSED] - Delayed 2 second(s)

2019-06-28 16:41:44 - [TEST_STEP][PASSED] - click(findTestObject("OCS-MOBILE /Cart flyout/i_-_icon--subtract")): Object: 'Object Repository/OCS-MOBILE /Cart flyout/i_-_icon--subtract' is clicked on

2019-06-28 16:41:44 - [MESSAGE][PASSED] - Object: 'Object Repository/OCS-MOBILE /Cart flyout/i_-_icon--subtract' is clicked on

2019-06-28 16:41:44 - [TEST_STEP][PASSED] - delay(2): Delayed 2 second(s)

2019-06-28 16:41:46 - [MESSAGE][PASSED] - Delayed 2 second(s)

2019-06-28 16:41:46 - [TEST_STEP][PASSED] - click(findTestObject("OCS-MOBILE /Cart flyout/i_-_icon--subtract")): Object: 'Object Repository/OCS-MOBILE /Cart flyout/i_-_icon--subtract' is clicked on

2019-06-28 16:41:46 - [MESSAGE][PASSED] - Object: 'Object Repository/OCS-MOBILE /Cart flyout/i_-_icon--subtract' is clicked on

2019-06-28 16:41:46 - [TEST_STEP][PASSED] - delay(2): Delayed 2 second(s)

2019-06-28 16:41:48 - [MESSAGE][PASSED] - Delayed 2 second(s)

2019-06-28 16:41:48 - [TEST_STEP][PASSED] - click(findTestObject("OCS-MOBILE /Cart flyout/i_-_icon--subtract")): Object: 'Object Repository/OCS-MOBILE /Cart flyout/i_-_icon--subtract' is clicked on

2019-06-28 16:41:48 - [MESSAGE][PASSED] - Object: 'Object Repository/OCS-MOBILE /Cart flyout/i_-_icon--subtract' is clicked on

2019-06-28 16:41:48 - [TEST_STEP][PASSED] - delay(5): Delayed 5 second(s)

2019-06-28 16:41:53 - [MESSAGE][PASSED] - Delayed 5 second(s)

2019-06-28 16:41:53 - [TEST_STEP][PASSED] - c = getText(findTestObject("OCS-MOBILE /Cart flyout/Unit price - Product")): Text of object 'Object Repository/OCS-MOBILE /Cart flyout/Unit price - Product' is: '






$10.25'

2019-06-28 16:41:53 - [MESSAGE][PASSED] - Text of object 'Object Repository/OCS-MOBILE /Cart flyout/Unit price - Product' is: '






$10.25'

2019-06-28 16:41:53 - [TEST_STEP][PASSED] - comment(c): 






$10.25

2019-06-28 16:41:53 - [MESSAGE][INFO] - 






$10.25

2019-06-28 16:41:53 - [TEST_STEP][PASSED] - d = c.substring(1): null

2019-06-28 16:41:53 - [TEST_STEP][PASSED] - comment(d): 





$10.25

2019-06-28 16:41:53 - [MESSAGE][INFO] - 





$10.25

2019-06-28 16:41:53 - [TEST_STEP][PASSED] - verifyNotEqual("c", "d"): Actual object 'c' and expected object 'd' are not equal

2019-06-28 16:41:53 - [MESSAGE][PASSED] - Actual object 'c' and expected object 'd' are not equal

2019-06-28 16:41:53 - [TEST_STEP][PASSED] - comment(" price changed . Quantity selector is working"):  price changed . Quantity selector is working

2019-06-28 16:41:53 - [MESSAGE][INFO] -  price changed . Quantity selector is working]]></system-out>
         <system-err><![CDATA[]]></system-err>
      </testcase>
      <testcase name="Test Cases/OCS - MOBILE/OCS- CRITICAL PATH/Checkout- Payment" classname="Test Cases/OCS - MOBILE/OCS- CRITICAL PATH/Checkout- Payment" status="PASSED">
         <system-out><![CDATA[2019-06-28 16:41:53 - [TEST_CASE][PASSED] - Test Cases/OCS - MOBILE/OCS- CRITICAL PATH/Checkout- Payment: Test Cases/OCS - MOBILE/OCS- CRITICAL PATH/Checkout- Payment

2019-06-28 16:41:53 - [TEST_STEP][PASSED] - callTestCase(findTestCase("OCS - MOBILE/CALL - AGE GATE"), [:], STOP_ON_FAILURE): Call Test Case 'Test Cases/OCS - MOBILE/CALL - AGE GATE' successfully

2019-06-28 16:41:53 - [TEST_CASE][PASSED] - Test Cases/OCS - MOBILE/CALL - AGE GATE: Test Cases/OCS - MOBILE/CALL - AGE GATE

2019-06-28 16:41:53 - [TEST_STEP][PASSED] - openBrowser(""): Browser is opened with url: ''

2019-06-28 16:41:53 - [MESSAGE][WARNING] - A browser is already opened. Closing browser and opening a new one

2019-06-28 16:41:53 - [MESSAGE][INFO] - Starting 'Safari' driver

2019-06-28 16:41:54 - [MESSAGE][PASSED] - Browser is opened with url: ''

2019-06-28 16:41:54 - [TEST_STEP][PASSED] - navigateToUrl("ocs.ca"): Navigate to 'http://ocs.ca' successfully

2019-06-28 16:41:56 - [MESSAGE][PASSED] - Navigate to 'http://ocs.ca' successfully

2019-06-28 16:41:56 - [TEST_STEP][NOT_RUN] - executeJavaScript("var previewBar = document.getElementById("preview-bar-iframe"); previewBar.style.display = "none";", []): NOT_RUN: executeJavaScript("var previewBar = document.getElementById("preview-bar-iframe"); previewBar.style.display = "none";", [])

2019-06-28 16:41:56 - [MESSAGE][NOT_RUN] - NOT_RUN: executeJavaScript("var previewBar = document.getElementById("preview-bar-iframe"); previewBar.style.display = "none";", [])

2019-06-28 16:41:56 - [TEST_STEP][PASSED] - setViewPortSize(360, 800): Viewport is set to new size with width = 360 and height = 800

2019-06-28 16:41:56 - [MESSAGE][PASSED] - Viewport is set to new size with width = 360 and height = 800

2019-06-28 16:41:56 - [TEST_STEP][PASSED] - delay(4): Delayed 4 second(s)

2019-06-28 16:42:00 - [MESSAGE][PASSED] - Delayed 4 second(s)

2019-06-28 16:42:00 - [TEST_STEP][PASSED] - selectOptionByValue(findTestObject("OCS-MOBILE /Age gate and burger menu/Date"), "12", true): All options with value '12' are selected in object 'Object Repository/OCS-MOBILE /Age gate and burger menu/Date'  using regular expression

2019-06-28 16:42:01 - [MESSAGE][PASSED] - All options with value '12' are selected in object 'Object Repository/OCS-MOBILE /Age gate and burger menu/Date'  using regular expression

2019-06-28 16:42:01 - [TEST_STEP][PASSED] - selectOptionByValue(findTestObject("OCS-MOBILE /Age gate and burger menu/month"), "6", true): All options with value '6' are selected in object 'Object Repository/OCS-MOBILE /Age gate and burger menu/month'  using regular expression

2019-06-28 16:42:01 - [MESSAGE][PASSED] - All options with value '6' are selected in object 'Object Repository/OCS-MOBILE /Age gate and burger menu/month'  using regular expression

2019-06-28 16:42:01 - [TEST_STEP][PASSED] - delay(2): Delayed 2 second(s)

2019-06-28 16:42:03 - [MESSAGE][PASSED] - Delayed 2 second(s)

2019-06-28 16:42:03 - [TEST_STEP][PASSED] - selectOptionByValue(findTestObject("OCS-MOBILE /Age gate and burger menu/Year Dropdown"), "1990", true): All options with value '1990' are selected in object 'Object Repository/OCS-MOBILE /Age gate and burger menu/Year Dropdown'  using regular expression

2019-06-28 16:42:05 - [MESSAGE][PASSED] - All options with value '1990' are selected in object 'Object Repository/OCS-MOBILE /Age gate and burger menu/Year Dropdown'  using regular expression

2019-06-28 16:42:05 - [TEST_STEP][PASSED] - click(findTestObject("OCS-MOBILE /Age gate and Mega menu/button_Verify")): Object: 'Object Repository/OCS-MOBILE /Age gate and Mega menu/button_Verify' is clicked on

2019-06-28 16:42:05 - [MESSAGE][PASSED] - Object: 'Object Repository/OCS-MOBILE /Age gate and Mega menu/button_Verify' is clicked on

2019-06-28 16:42:05 - [TEST_STEP][PASSED] - click(findTestObject("OCS-MOBILE /Age gate and Mega menu/Checkbox_CONFIRM AND ACKNOWLEDGE")): Object: 'Object Repository/OCS-MOBILE /Age gate and Mega menu/Checkbox_CONFIRM AND ACKNOWLEDGE' is clicked on

2019-06-28 16:42:05 - [MESSAGE][PASSED] - Object: 'Object Repository/OCS-MOBILE /Age gate and Mega menu/Checkbox_CONFIRM AND ACKNOWLEDGE' is clicked on

2019-06-28 16:42:05 - [TEST_STEP][PASSED] - click(findTestObject("OCS-MOBILE /Age gate and Mega menu/button_CONFIRM")): Object: 'Object Repository/OCS-MOBILE /Age gate and Mega menu/button_CONFIRM' is clicked on

2019-06-28 16:42:05 - [MESSAGE][PASSED] - Object: 'Object Repository/OCS-MOBILE /Age gate and Mega menu/button_CONFIRM' is clicked on

2019-06-28 16:42:05 - [TEST_STEP][PASSED] - click(findTestObject("OCS-MOBILE /Age gate and Mega menu/button_Start Browsing")): Object: 'Object Repository/OCS-MOBILE /Age gate and Mega menu/button_Start Browsing' is clicked on

2019-06-28 16:42:05 - [MESSAGE][PASSED] - Object: 'Object Repository/OCS-MOBILE /Age gate and Mega menu/button_Start Browsing' is clicked on

2019-06-28 16:42:05 - [TEST_STEP][PASSED] - refresh(): Refresh successfully

2019-06-28 16:42:08 - [MESSAGE][PASSED] - Refresh successfully

2019-06-28 16:42:08 - [TEST_STEP][NOT_RUN] - executeJavaScript("var previewBar = document.getElementById("preview-bar-iframe"); previewBar.style.display = "none";", []): NOT_RUN: executeJavaScript("var previewBar = document.getElementById("preview-bar-iframe"); previewBar.style.display = "none";", [])

2019-06-28 16:42:08 - [MESSAGE][NOT_RUN] - NOT_RUN: executeJavaScript("var previewBar = document.getElementById("preview-bar-iframe"); previewBar.style.display = "none";", [])

2019-06-28 16:42:08 - [MESSAGE][PASSED] - Call Test Case 'Test Cases/OCS - MOBILE/CALL - AGE GATE' successfully

2019-06-28 16:42:08 - [TEST_STEP][PASSED] - delay(2): Delayed 2 second(s)

2019-06-28 16:42:10 - [MESSAGE][PASSED] - Delayed 2 second(s)

2019-06-28 16:42:10 - [TEST_STEP][PASSED] - refresh(): Refresh successfully

2019-06-28 16:42:13 - [MESSAGE][PASSED] - Refresh successfully

2019-06-28 16:42:13 - [TEST_STEP][PASSED] - click(findTestObject("OCS-MOBILE /Age gate and burger menu/Burger menu - English")): Object: 'Object Repository/OCS-MOBILE /Age gate and burger menu/Burger menu - English' is clicked on

2019-06-28 16:42:13 - [MESSAGE][PASSED] - Object: 'Object Repository/OCS-MOBILE /Age gate and burger menu/Burger menu - English' is clicked on

2019-06-28 16:42:13 - [TEST_STEP][PASSED] - delay(2): Delayed 2 second(s)

2019-06-28 16:42:15 - [MESSAGE][PASSED] - Delayed 2 second(s)

2019-06-28 16:42:15 - [TEST_STEP][PASSED] - click(findTestObject("OCS-MOBILE /Age gate and burger menu/Chevron_Cannabis")): Object: 'Object Repository/OCS-MOBILE /Age gate and burger menu/Chevron_Cannabis' is clicked on

2019-06-28 16:42:15 - [MESSAGE][PASSED] - Object: 'Object Repository/OCS-MOBILE /Age gate and burger menu/Chevron_Cannabis' is clicked on

2019-06-28 16:42:15 - [TEST_STEP][PASSED] - delay(2): Delayed 2 second(s)

2019-06-28 16:42:17 - [MESSAGE][PASSED] - Delayed 2 second(s)

2019-06-28 16:42:17 - [TEST_STEP][PASSED] - click(findTestObject("OCS-MOBILE /Age gate and burger menu/Dried Flower_Plus icon")): Object: 'Object Repository/OCS-MOBILE /Age gate and burger menu/Dried Flower_Plus icon' is clicked on

2019-06-28 16:42:17 - [MESSAGE][PASSED] - Object: 'Object Repository/OCS-MOBILE /Age gate and burger menu/Dried Flower_Plus icon' is clicked on

2019-06-28 16:42:17 - [TEST_STEP][PASSED] - delay(2): Delayed 2 second(s)

2019-06-28 16:42:19 - [MESSAGE][PASSED] - Delayed 2 second(s)

2019-06-28 16:42:19 - [TEST_STEP][PASSED] - click(findTestObject("OCS-MOBILE /Age gate and burger menu/Indica Dominant_Menu item")): Object: 'Object Repository/OCS-MOBILE /Age gate and burger menu/Indica Dominant_Menu item' is clicked on

2019-06-28 16:42:19 - [MESSAGE][PASSED] - Object: 'Object Repository/OCS-MOBILE /Age gate and burger menu/Indica Dominant_Menu item' is clicked on

2019-06-28 16:42:19 - [TEST_STEP][NOT_RUN] - executeJavaScript("var previewBar = document.getElementById("preview-bar-iframe"); previewBar.style.display = "none";", []): NOT_RUN: executeJavaScript("var previewBar = document.getElementById("preview-bar-iframe"); previewBar.style.display = "none";", [])

2019-06-28 16:42:19 - [MESSAGE][NOT_RUN] - NOT_RUN: executeJavaScript("var previewBar = document.getElementById("preview-bar-iframe"); previewBar.style.display = "none";", [])

2019-06-28 16:42:19 - [TEST_STEP][PASSED] - delay(2): Delayed 2 second(s)

2019-06-28 16:42:21 - [MESSAGE][PASSED] - Delayed 2 second(s)

2019-06-28 16:42:21 - [TEST_STEP][PASSED] - click(findTestObject("OCS-MOBILE /Collection page/Product image - 1st one")): Object: 'Object Repository/OCS-MOBILE /Collection page/Product image - 1st one' is clicked on

2019-06-28 16:42:25 - [MESSAGE][PASSED] - Object: 'Object Repository/OCS-MOBILE /Collection page/Product image - 1st one' is clicked on

2019-06-28 16:42:25 - [TEST_STEP][NOT_RUN] - executeJavaScript("var previewBar = document.getElementById("preview-bar-iframe"); previewBar.style.display = "none";", []): NOT_RUN: executeJavaScript("var previewBar = document.getElementById("preview-bar-iframe"); previewBar.style.display = "none";", [])

2019-06-28 16:42:25 - [MESSAGE][NOT_RUN] - NOT_RUN: executeJavaScript("var previewBar = document.getElementById("preview-bar-iframe"); previewBar.style.display = "none";", [])

2019-06-28 16:42:25 - [TEST_STEP][PASSED] - delay(1): Delayed 1 second(s)

2019-06-28 16:42:26 - [MESSAGE][PASSED] - Delayed 1 second(s)

2019-06-28 16:42:26 - [TEST_STEP][PASSED] - delay(3): Delayed 3 second(s)

2019-06-28 16:42:29 - [MESSAGE][PASSED] - Delayed 3 second(s)

2019-06-28 16:42:29 - [TEST_STEP][PASSED] - navigateToUrl("https://ocs.ca/products/dream-weaver"): Navigate to 'https://ocs.ca/products/dream-weaver' successfully

2019-06-28 16:42:31 - [MESSAGE][PASSED] - Navigate to 'https://ocs.ca/products/dream-weaver' successfully

2019-06-28 16:42:31 - [TEST_STEP][NOT_RUN] - executeJavaScript("var previewBar = document.getElementById("preview-bar-iframe"); previewBar.style.display = "none";", []): NOT_RUN: executeJavaScript("var previewBar = document.getElementById("preview-bar-iframe"); previewBar.style.display = "none";", [])

2019-06-28 16:42:31 - [MESSAGE][NOT_RUN] - NOT_RUN: executeJavaScript("var previewBar = document.getElementById("preview-bar-iframe"); previewBar.style.display = "none";", [])

2019-06-28 16:42:31 - [TEST_STEP][NOT_RUN] - scrollToElement(findTestObject("OCS-MOBILE /Product page/Product image"), 1): NOT_RUN: scrollToElement(findTestObject("OCS-MOBILE /Product page/Product image"), 1)

2019-06-28 16:42:31 - [MESSAGE][NOT_RUN] - NOT_RUN: scrollToElement(findTestObject("OCS-MOBILE /Product page/Product image"), 1)

2019-06-28 16:42:31 - [TEST_STEP][PASSED] - delay(2): Delayed 2 second(s)

2019-06-28 16:42:33 - [MESSAGE][PASSED] - Delayed 2 second(s)

2019-06-28 16:42:33 - [TEST_STEP][PASSED] - click(findTestObject("OCS-MOBILE /Product page/Swatch_3.5g")): Object: 'Object Repository/OCS-MOBILE /Product page/Swatch_3.5g' is clicked on

2019-06-28 16:42:33 - [MESSAGE][PASSED] - Object: 'Object Repository/OCS-MOBILE /Product page/Swatch_3.5g' is clicked on

2019-06-28 16:42:33 - [TEST_STEP][PASSED] - click(findTestObject("OCS-MOBILE /Product page/Add to Bag-button")): Object: 'Object Repository/OCS-MOBILE /Product page/Add to Bag-button' is clicked on

2019-06-28 16:42:33 - [MESSAGE][PASSED] - Object: 'Object Repository/OCS-MOBILE /Product page/Add to Bag-button' is clicked on

2019-06-28 16:42:33 - [TEST_STEP][PASSED] - delay(2): Delayed 2 second(s)

2019-06-28 16:42:35 - [MESSAGE][PASSED] - Delayed 2 second(s)

2019-06-28 16:42:35 - [TEST_STEP][NOT_RUN] - click(findTestObject("OCS-MOBILE /Home - page/Cart icon -bag")): NOT_RUN: click(findTestObject("OCS-MOBILE /Home - page/Cart icon -bag"))

2019-06-28 16:42:35 - [MESSAGE][NOT_RUN] - NOT_RUN: click(findTestObject("OCS-MOBILE /Home - page/Cart icon -bag"))

2019-06-28 16:42:35 - [TEST_STEP][PASSED] - delay(1): Delayed 1 second(s)

2019-06-28 16:42:36 - [MESSAGE][PASSED] - Delayed 1 second(s)

2019-06-28 16:42:36 - [TEST_STEP][PASSED] - click(findTestObject("OCS-MOBILE /Cart flyout/Checkbox_I confirm that")): Object: 'Object Repository/OCS-MOBILE /Cart flyout/Checkbox_I confirm that' is clicked on

2019-06-28 16:42:36 - [MESSAGE][PASSED] - Object: 'Object Repository/OCS-MOBILE /Cart flyout/Checkbox_I confirm that' is clicked on

2019-06-28 16:42:36 - [TEST_STEP][PASSED] - delay(2): Delayed 2 second(s)

2019-06-28 16:42:38 - [MESSAGE][PASSED] - Delayed 2 second(s)

2019-06-28 16:42:38 - [TEST_STEP][PASSED] - click(findTestObject("OCS-MOBILE /Cart flyout/Checkbox_Accept the Terms Condition")): Object: 'Object Repository/OCS-MOBILE /Cart flyout/Checkbox_Accept the Terms Condition' is clicked on

2019-06-28 16:42:38 - [MESSAGE][PASSED] - Object: 'Object Repository/OCS-MOBILE /Cart flyout/Checkbox_Accept the Terms Condition' is clicked on

2019-06-28 16:42:38 - [TEST_STEP][PASSED] - delay(1): Delayed 1 second(s)

2019-06-28 16:42:39 - [MESSAGE][PASSED] - Delayed 1 second(s)

2019-06-28 16:42:39 - [TEST_STEP][PASSED] - click(findTestObject("OCS-MOBILE /Cart flyout/Checkout - Button")): Object: 'Object Repository/OCS-MOBILE /Cart flyout/Checkout - Button' is clicked on

2019-06-28 16:42:39 - [MESSAGE][PASSED] - Object: 'Object Repository/OCS-MOBILE /Cart flyout/Checkout - Button' is clicked on

2019-06-28 16:42:39 - [TEST_STEP][NOT_RUN] - executeJavaScript("var previewBar = document.getElementById("preview-bar-iframe"); previewBar.style.display = "none";", []): NOT_RUN: executeJavaScript("var previewBar = document.getElementById("preview-bar-iframe"); previewBar.style.display = "none";", [])

2019-06-28 16:42:39 - [MESSAGE][NOT_RUN] - NOT_RUN: executeJavaScript("var previewBar = document.getElementById("preview-bar-iframe"); previewBar.style.display = "none";", [])

2019-06-28 16:42:39 - [TEST_STEP][PASSED] - delay(1): Delayed 1 second(s)

2019-06-28 16:42:40 - [MESSAGE][PASSED] - Delayed 1 second(s)

2019-06-28 16:42:40 - [TEST_STEP][PASSED] - delay(2): Delayed 2 second(s)

2019-06-28 16:42:42 - [MESSAGE][PASSED] - Delayed 2 second(s)

2019-06-28 16:42:42 - [TEST_STEP][PASSED] - scrollToElement(findTestObject("OCS-MOBILE /Customer info page/input_Email"), 0): Scroll to object 'Object Repository/OCS-MOBILE /Customer info page/input_Email' successfully

2019-06-28 16:42:42 - [MESSAGE][WARNING] - Timeout '0' is invalid. Using default page load timeout: '30'

2019-06-28 16:42:42 - [MESSAGE][PASSED] - Scroll to object 'Object Repository/OCS-MOBILE /Customer info page/input_Email' successfully

2019-06-28 16:42:42 - [TEST_STEP][PASSED] - setText(findTestObject("OCS-MOBILE /Customer info page/input_Email"), "suman.kompelly@diffagency.com"): Text 'suman.kompelly@diffagency.com' is set on object 'Object Repository/OCS-MOBILE /Customer info page/input_Email'

2019-06-28 16:42:43 - [MESSAGE][PASSED] - Text 'suman.kompelly@diffagency.com' is set on object 'Object Repository/OCS-MOBILE /Customer info page/input_Email'

2019-06-28 16:42:43 - [TEST_STEP][PASSED] - setText(findTestObject("OCS-MOBILE /Customer info page/input_First name"), "suman"): Text 'suman' is set on object 'Object Repository/OCS-MOBILE /Customer info page/input_First name'

2019-06-28 16:42:43 - [MESSAGE][PASSED] - Text 'suman' is set on object 'Object Repository/OCS-MOBILE /Customer info page/input_First name'

2019-06-28 16:42:43 - [TEST_STEP][PASSED] - setText(findTestObject("OCS-MOBILE /Customer info page/input_Last name"), "kompelly"): Text 'kompelly' is set on object 'Object Repository/OCS-MOBILE /Customer info page/input_Last name'

2019-06-28 16:42:43 - [MESSAGE][PASSED] - Text 'kompelly' is set on object 'Object Repository/OCS-MOBILE /Customer info page/input_Last name'

2019-06-28 16:42:43 - [TEST_STEP][PASSED] - setText(findTestObject("OCS-MOBILE /Customer info page/input_Address"), "300 saint alxendre"): Text '300 saint alxendre' is set on object 'Object Repository/OCS-MOBILE /Customer info page/input_Address'

2019-06-28 16:42:43 - [MESSAGE][PASSED] - Text '300 saint alxendre' is set on object 'Object Repository/OCS-MOBILE /Customer info page/input_Address'

2019-06-28 16:42:43 - [TEST_STEP][PASSED] - setText(findTestObject("OCS-MOBILE /Customer info page/input_Apartment suite etc. (op"), "199"): Text '199' is set on object 'Object Repository/OCS-MOBILE /Customer info page/input_Apartment suite etc. (op'

2019-06-28 16:42:44 - [MESSAGE][PASSED] - Text '199' is set on object 'Object Repository/OCS-MOBILE /Customer info page/input_Apartment suite etc. (op'

2019-06-28 16:42:44 - [TEST_STEP][PASSED] - setText(findTestObject("OCS-MOBILE /Customer info page/input_City"), "montreal"): Text 'montreal' is set on object 'Object Repository/OCS-MOBILE /Customer info page/input_City'

2019-06-28 16:42:44 - [MESSAGE][PASSED] - Text 'montreal' is set on object 'Object Repository/OCS-MOBILE /Customer info page/input_City'

2019-06-28 16:42:44 - [TEST_STEP][PASSED] - setText(findTestObject("OCS-MOBILE /Customer info page/input_Postal code"), "n0R1K0"): Text 'n0R1K0' is set on object 'Object Repository/OCS-MOBILE /Customer info page/input_Postal code'

2019-06-28 16:42:44 - [MESSAGE][PASSED] - Text 'n0R1K0' is set on object 'Object Repository/OCS-MOBILE /Customer info page/input_Postal code'

2019-06-28 16:42:44 - [TEST_STEP][PASSED] - setText(findTestObject("OCS-MOBILE /Customer info page/input_Phone"), "(514) 449-3882"): Text '(514) 449-3882' is set on object 'Object Repository/OCS-MOBILE /Customer info page/input_Phone'

2019-06-28 16:42:44 - [MESSAGE][PASSED] - Text '(514) 449-3882' is set on object 'Object Repository/OCS-MOBILE /Customer info page/input_Phone'

2019-06-28 16:42:44 - [TEST_STEP][PASSED] - delay(1): Delayed 1 second(s)

2019-06-28 16:42:45 - [MESSAGE][PASSED] - Delayed 1 second(s)

2019-06-28 16:42:45 - [TEST_STEP][NOT_RUN] - executeJavaScript("var previewBar = document.getElementById("preview-bar-iframe"); previewBar.style.display = "none";", []): NOT_RUN: executeJavaScript("var previewBar = document.getElementById("preview-bar-iframe"); previewBar.style.display = "none";", [])

2019-06-28 16:42:45 - [MESSAGE][NOT_RUN] - NOT_RUN: executeJavaScript("var previewBar = document.getElementById("preview-bar-iframe"); previewBar.style.display = "none";", [])

2019-06-28 16:42:45 - [TEST_STEP][PASSED] - click(findTestObject("OCS-MOBILE /Customer info page/Continue to shipping method - Button")): Object: 'Object Repository/OCS-MOBILE /Customer info page/Continue to shipping method - Button' is clicked on

2019-06-28 16:42:45 - [MESSAGE][PASSED] - Object: 'Object Repository/OCS-MOBILE /Customer info page/Continue to shipping method - Button' is clicked on

2019-06-28 16:42:45 - [TEST_STEP][PASSED] - delay(1): Delayed 1 second(s)

2019-06-28 16:42:46 - [MESSAGE][PASSED] - Delayed 1 second(s)

2019-06-28 16:42:46 - [TEST_STEP][PASSED] - delay(1): Delayed 1 second(s)

2019-06-28 16:42:47 - [MESSAGE][PASSED] - Delayed 1 second(s)

2019-06-28 16:42:47 - [TEST_STEP][PASSED] - click(findTestObject("OCS-MOBILE /Shipping page/Continue to payment method - Button")): Object: 'Object Repository/OCS-MOBILE /Shipping page/Continue to payment method - Button' is clicked on

2019-06-28 16:42:48 - [MESSAGE][PASSED] - Object: 'Object Repository/OCS-MOBILE /Shipping page/Continue to payment method - Button' is clicked on

2019-06-28 16:42:48 - [TEST_STEP][PASSED] - delay(1): Delayed 1 second(s)

2019-06-28 16:42:49 - [MESSAGE][PASSED] - Delayed 1 second(s)

2019-06-28 16:42:49 - [TEST_STEP][PASSED] - click(findTestObject("OCS-MOBILE /Payment -page/Change link span 1")): Object: 'Object Repository/OCS-MOBILE /Payment -page/Change link span 1' is clicked on

2019-06-28 16:42:49 - [MESSAGE][PASSED] - Object: 'Object Repository/OCS-MOBILE /Payment -page/Change link span 1' is clicked on

2019-06-28 16:42:49 - [TEST_STEP][NOT_RUN] - executeJavaScript("var previewBar = document.getElementById("preview-bar-iframe"); previewBar.style.display = "none";", []): NOT_RUN: executeJavaScript("var previewBar = document.getElementById("preview-bar-iframe"); previewBar.style.display = "none";", [])

2019-06-28 16:42:49 - [MESSAGE][NOT_RUN] - NOT_RUN: executeJavaScript("var previewBar = document.getElementById("preview-bar-iframe"); previewBar.style.display = "none";", [])

2019-06-28 16:42:49 - [TEST_STEP][PASSED] - setViewPortSize(360, 1000, CONTINUE_ON_FAILURE): Viewport is set to new size with width = 360 and height = 1000

2019-06-28 16:42:49 - [MESSAGE][PASSED] - Viewport is set to new size with width = 360 and height = 1000

2019-06-28 16:42:49 - [TEST_STEP][PASSED] - click(findTestObject("OCS-MOBILE /Shipping page/Continue to payment method - Button")): Object: 'Object Repository/OCS-MOBILE /Shipping page/Continue to payment method - Button' is clicked on

2019-06-28 16:42:49 - [MESSAGE][PASSED] - Object: 'Object Repository/OCS-MOBILE /Shipping page/Continue to payment method - Button' is clicked on

2019-06-28 16:42:49 - [TEST_STEP][NOT_RUN] - delay(1): NOT_RUN: delay(1)

2019-06-28 16:42:49 - [MESSAGE][NOT_RUN] - NOT_RUN: delay(1)

2019-06-28 16:42:49 - [TEST_STEP][NOT_RUN] - executeJavaScript("var previewBar = document.getElementById("preview-bar-iframe"); previewBar.style.display = "none";", []): NOT_RUN: executeJavaScript("var previewBar = document.getElementById("preview-bar-iframe"); previewBar.style.display = "none";", [])

2019-06-28 16:42:49 - [MESSAGE][NOT_RUN] - NOT_RUN: executeJavaScript("var previewBar = document.getElementById("preview-bar-iframe"); previewBar.style.display = "none";", [])

2019-06-28 16:42:49 - [TEST_STEP][PASSED] - delay(1): Delayed 1 second(s)

2019-06-28 16:42:50 - [MESSAGE][PASSED] - Delayed 1 second(s)

2019-06-28 16:42:50 - [TEST_STEP][PASSED] - click(findTestObject("OCS-MOBILE /Shipping page/Continue to payment method - Button")): Object: 'Object Repository/OCS-MOBILE /Shipping page/Continue to payment method - Button' is clicked on

2019-06-28 16:42:50 - [MESSAGE][PASSED] - Object: 'Object Repository/OCS-MOBILE /Shipping page/Continue to payment method - Button' is clicked on

2019-06-28 16:42:50 - [TEST_STEP][PASSED] - click(findTestObject("OCS-MOBILE /Payment -page/Change link span 2")): Object: 'Object Repository/OCS-MOBILE /Payment -page/Change link span 2' is clicked on

2019-06-28 16:42:50 - [MESSAGE][PASSED] - Object: 'Object Repository/OCS-MOBILE /Payment -page/Change link span 2' is clicked on

2019-06-28 16:42:50 - [TEST_STEP][NOT_RUN] - executeJavaScript("var previewBar = document.getElementById("preview-bar-iframe"); previewBar.style.display = "none";", []): NOT_RUN: executeJavaScript("var previewBar = document.getElementById("preview-bar-iframe"); previewBar.style.display = "none";", [])

2019-06-28 16:42:50 - [MESSAGE][NOT_RUN] - NOT_RUN: executeJavaScript("var previewBar = document.getElementById("preview-bar-iframe"); previewBar.style.display = "none";", [])

2019-06-28 16:42:50 - [TEST_STEP][PASSED] - delay(1): Delayed 1 second(s)

2019-06-28 16:42:51 - [MESSAGE][PASSED] - Delayed 1 second(s)

2019-06-28 16:42:51 - [TEST_STEP][PASSED] - delay(1): Delayed 1 second(s)

2019-06-28 16:42:52 - [MESSAGE][PASSED] - Delayed 1 second(s)

2019-06-28 16:42:52 - [TEST_STEP][PASSED] - click(findTestObject("OCS-MOBILE /Shipping page/Continue to payment method - Button")): Object: 'Object Repository/OCS-MOBILE /Shipping page/Continue to payment method - Button' is clicked on

2019-06-28 16:42:52 - [MESSAGE][PASSED] - Object: 'Object Repository/OCS-MOBILE /Shipping page/Continue to payment method - Button' is clicked on]]></system-out>
         <system-err><![CDATA[]]></system-err>
      </testcase>
      <testcase name="Test Cases/OCS - MOBILE/OCS- CRITICAL PATH/Checkout - customer information page" classname="Test Cases/OCS - MOBILE/OCS- CRITICAL PATH/Checkout - customer information page" status="PASSED">
         <system-out><![CDATA[2019-06-28 16:42:52 - [TEST_CASE][PASSED] - Test Cases/OCS - MOBILE/OCS- CRITICAL PATH/Checkout - customer information page: Test Cases/OCS - MOBILE/OCS- CRITICAL PATH/Checkout - customer information page

2019-06-28 16:42:52 - [TEST_STEP][PASSED] - callTestCase(findTestCase("OCS - MOBILE/CALL - AGE GATE"), [:], STOP_ON_FAILURE): Call Test Case 'Test Cases/OCS - MOBILE/CALL - AGE GATE' successfully

2019-06-28 16:42:52 - [TEST_CASE][PASSED] - Test Cases/OCS - MOBILE/CALL - AGE GATE: Test Cases/OCS - MOBILE/CALL - AGE GATE

2019-06-28 16:42:53 - [TEST_STEP][PASSED] - openBrowser(""): Browser is opened with url: ''

2019-06-28 16:42:53 - [MESSAGE][WARNING] - A browser is already opened. Closing browser and opening a new one

2019-06-28 16:42:53 - [MESSAGE][INFO] - Starting 'Safari' driver

2019-06-28 16:42:54 - [MESSAGE][PASSED] - Browser is opened with url: ''

2019-06-28 16:42:54 - [TEST_STEP][PASSED] - navigateToUrl("ocs.ca"): Navigate to 'http://ocs.ca' successfully

2019-06-28 16:42:55 - [MESSAGE][PASSED] - Navigate to 'http://ocs.ca' successfully

2019-06-28 16:42:55 - [TEST_STEP][NOT_RUN] - executeJavaScript("var previewBar = document.getElementById("preview-bar-iframe"); previewBar.style.display = "none";", []): NOT_RUN: executeJavaScript("var previewBar = document.getElementById("preview-bar-iframe"); previewBar.style.display = "none";", [])

2019-06-28 16:42:55 - [MESSAGE][NOT_RUN] - NOT_RUN: executeJavaScript("var previewBar = document.getElementById("preview-bar-iframe"); previewBar.style.display = "none";", [])

2019-06-28 16:42:55 - [TEST_STEP][PASSED] - setViewPortSize(360, 800): Viewport is set to new size with width = 360 and height = 800

2019-06-28 16:42:55 - [MESSAGE][PASSED] - Viewport is set to new size with width = 360 and height = 800

2019-06-28 16:42:55 - [TEST_STEP][PASSED] - delay(4): Delayed 4 second(s)

2019-06-28 16:42:59 - [MESSAGE][PASSED] - Delayed 4 second(s)

2019-06-28 16:42:59 - [TEST_STEP][PASSED] - selectOptionByValue(findTestObject("OCS-MOBILE /Age gate and burger menu/Date"), "12", true): All options with value '12' are selected in object 'Object Repository/OCS-MOBILE /Age gate and burger menu/Date'  using regular expression

2019-06-28 16:43:00 - [MESSAGE][PASSED] - All options with value '12' are selected in object 'Object Repository/OCS-MOBILE /Age gate and burger menu/Date'  using regular expression

2019-06-28 16:43:00 - [TEST_STEP][PASSED] - selectOptionByValue(findTestObject("OCS-MOBILE /Age gate and burger menu/month"), "6", true): All options with value '6' are selected in object 'Object Repository/OCS-MOBILE /Age gate and burger menu/month'  using regular expression

2019-06-28 16:43:01 - [MESSAGE][PASSED] - All options with value '6' are selected in object 'Object Repository/OCS-MOBILE /Age gate and burger menu/month'  using regular expression

2019-06-28 16:43:01 - [TEST_STEP][PASSED] - delay(2): Delayed 2 second(s)

2019-06-28 16:43:03 - [MESSAGE][PASSED] - Delayed 2 second(s)

2019-06-28 16:43:03 - [TEST_STEP][PASSED] - selectOptionByValue(findTestObject("OCS-MOBILE /Age gate and burger menu/Year Dropdown"), "1990", true): All options with value '1990' are selected in object 'Object Repository/OCS-MOBILE /Age gate and burger menu/Year Dropdown'  using regular expression

2019-06-28 16:43:05 - [MESSAGE][PASSED] - All options with value '1990' are selected in object 'Object Repository/OCS-MOBILE /Age gate and burger menu/Year Dropdown'  using regular expression

2019-06-28 16:43:05 - [TEST_STEP][PASSED] - click(findTestObject("OCS-MOBILE /Age gate and Mega menu/button_Verify")): Object: 'Object Repository/OCS-MOBILE /Age gate and Mega menu/button_Verify' is clicked on

2019-06-28 16:43:05 - [MESSAGE][PASSED] - Object: 'Object Repository/OCS-MOBILE /Age gate and Mega menu/button_Verify' is clicked on

2019-06-28 16:43:05 - [TEST_STEP][PASSED] - click(findTestObject("OCS-MOBILE /Age gate and Mega menu/Checkbox_CONFIRM AND ACKNOWLEDGE")): Object: 'Object Repository/OCS-MOBILE /Age gate and Mega menu/Checkbox_CONFIRM AND ACKNOWLEDGE' is clicked on

2019-06-28 16:43:05 - [MESSAGE][PASSED] - Object: 'Object Repository/OCS-MOBILE /Age gate and Mega menu/Checkbox_CONFIRM AND ACKNOWLEDGE' is clicked on

2019-06-28 16:43:05 - [TEST_STEP][PASSED] - click(findTestObject("OCS-MOBILE /Age gate and Mega menu/button_CONFIRM")): Object: 'Object Repository/OCS-MOBILE /Age gate and Mega menu/button_CONFIRM' is clicked on

2019-06-28 16:43:05 - [MESSAGE][PASSED] - Object: 'Object Repository/OCS-MOBILE /Age gate and Mega menu/button_CONFIRM' is clicked on

2019-06-28 16:43:05 - [TEST_STEP][PASSED] - click(findTestObject("OCS-MOBILE /Age gate and Mega menu/button_Start Browsing")): Object: 'Object Repository/OCS-MOBILE /Age gate and Mega menu/button_Start Browsing' is clicked on

2019-06-28 16:43:05 - [MESSAGE][PASSED] - Object: 'Object Repository/OCS-MOBILE /Age gate and Mega menu/button_Start Browsing' is clicked on

2019-06-28 16:43:05 - [TEST_STEP][PASSED] - refresh(): Refresh successfully

2019-06-28 16:43:08 - [MESSAGE][PASSED] - Refresh successfully

2019-06-28 16:43:08 - [TEST_STEP][NOT_RUN] - executeJavaScript("var previewBar = document.getElementById("preview-bar-iframe"); previewBar.style.display = "none";", []): NOT_RUN: executeJavaScript("var previewBar = document.getElementById("preview-bar-iframe"); previewBar.style.display = "none";", [])

2019-06-28 16:43:08 - [MESSAGE][NOT_RUN] - NOT_RUN: executeJavaScript("var previewBar = document.getElementById("preview-bar-iframe"); previewBar.style.display = "none";", [])

2019-06-28 16:43:08 - [MESSAGE][PASSED] - Call Test Case 'Test Cases/OCS - MOBILE/CALL - AGE GATE' successfully

2019-06-28 16:43:08 - [TEST_STEP][PASSED] - delay(2): Delayed 2 second(s)

2019-06-28 16:43:10 - [MESSAGE][PASSED] - Delayed 2 second(s)

2019-06-28 16:43:10 - [TEST_STEP][PASSED] - refresh(): Refresh successfully

2019-06-28 16:43:13 - [MESSAGE][PASSED] - Refresh successfully

2019-06-28 16:43:13 - [TEST_STEP][PASSED] - click(findTestObject("OCS-MOBILE /Age gate and burger menu/Burger menu - English")): Object: 'Object Repository/OCS-MOBILE /Age gate and burger menu/Burger menu - English' is clicked on

2019-06-28 16:43:13 - [MESSAGE][PASSED] - Object: 'Object Repository/OCS-MOBILE /Age gate and burger menu/Burger menu - English' is clicked on

2019-06-28 16:43:13 - [TEST_STEP][PASSED] - delay(2): Delayed 2 second(s)

2019-06-28 16:43:15 - [MESSAGE][PASSED] - Delayed 2 second(s)

2019-06-28 16:43:15 - [TEST_STEP][PASSED] - click(findTestObject("OCS-MOBILE /Age gate and burger menu/Chevron_Cannabis")): Object: 'Object Repository/OCS-MOBILE /Age gate and burger menu/Chevron_Cannabis' is clicked on

2019-06-28 16:43:15 - [MESSAGE][PASSED] - Object: 'Object Repository/OCS-MOBILE /Age gate and burger menu/Chevron_Cannabis' is clicked on

2019-06-28 16:43:15 - [TEST_STEP][PASSED] - delay(2): Delayed 2 second(s)

2019-06-28 16:43:17 - [MESSAGE][PASSED] - Delayed 2 second(s)

2019-06-28 16:43:17 - [TEST_STEP][PASSED] - click(findTestObject("OCS-MOBILE /Age gate and burger menu/Dried Flower_Plus icon")): Object: 'Object Repository/OCS-MOBILE /Age gate and burger menu/Dried Flower_Plus icon' is clicked on

2019-06-28 16:43:17 - [MESSAGE][PASSED] - Object: 'Object Repository/OCS-MOBILE /Age gate and burger menu/Dried Flower_Plus icon' is clicked on

2019-06-28 16:43:17 - [TEST_STEP][PASSED] - delay(2): Delayed 2 second(s)

2019-06-28 16:43:19 - [MESSAGE][PASSED] - Delayed 2 second(s)

2019-06-28 16:43:19 - [TEST_STEP][PASSED] - click(findTestObject("OCS-MOBILE /Age gate and burger menu/Indica Dominant_Menu item")): Object: 'Object Repository/OCS-MOBILE /Age gate and burger menu/Indica Dominant_Menu item' is clicked on

2019-06-28 16:43:20 - [MESSAGE][PASSED] - Object: 'Object Repository/OCS-MOBILE /Age gate and burger menu/Indica Dominant_Menu item' is clicked on

2019-06-28 16:43:20 - [TEST_STEP][NOT_RUN] - executeJavaScript("var previewBar = document.getElementById("preview-bar-iframe"); previewBar.style.display = "none";", []): NOT_RUN: executeJavaScript("var previewBar = document.getElementById("preview-bar-iframe"); previewBar.style.display = "none";", [])

2019-06-28 16:43:20 - [MESSAGE][NOT_RUN] - NOT_RUN: executeJavaScript("var previewBar = document.getElementById("preview-bar-iframe"); previewBar.style.display = "none";", [])

2019-06-28 16:43:20 - [TEST_STEP][PASSED] - delay(2): Delayed 2 second(s)

2019-06-28 16:43:22 - [MESSAGE][PASSED] - Delayed 2 second(s)

2019-06-28 16:43:22 - [TEST_STEP][PASSED] - click(findTestObject("OCS-MOBILE /Collection page/Product image - 1st one")): Object: 'Object Repository/OCS-MOBILE /Collection page/Product image - 1st one' is clicked on

2019-06-28 16:43:24 - [MESSAGE][PASSED] - Object: 'Object Repository/OCS-MOBILE /Collection page/Product image - 1st one' is clicked on

2019-06-28 16:43:24 - [TEST_STEP][NOT_RUN] - executeJavaScript("var previewBar = document.getElementById("preview-bar-iframe"); previewBar.style.display = "none";", []): NOT_RUN: executeJavaScript("var previewBar = document.getElementById("preview-bar-iframe"); previewBar.style.display = "none";", [])

2019-06-28 16:43:24 - [MESSAGE][NOT_RUN] - NOT_RUN: executeJavaScript("var previewBar = document.getElementById("preview-bar-iframe"); previewBar.style.display = "none";", [])

2019-06-28 16:43:24 - [TEST_STEP][PASSED] - delay(1): Delayed 1 second(s)

2019-06-28 16:43:25 - [MESSAGE][PASSED] - Delayed 1 second(s)

2019-06-28 16:43:25 - [TEST_STEP][PASSED] - delay(3): Delayed 3 second(s)

2019-06-28 16:43:28 - [MESSAGE][PASSED] - Delayed 3 second(s)

2019-06-28 16:43:28 - [TEST_STEP][NOT_RUN] - scrollToElement(findTestObject("OCS-MOBILE /Product page/Product image"), 1): NOT_RUN: scrollToElement(findTestObject("OCS-MOBILE /Product page/Product image"), 1)

2019-06-28 16:43:28 - [MESSAGE][NOT_RUN] - NOT_RUN: scrollToElement(findTestObject("OCS-MOBILE /Product page/Product image"), 1)

2019-06-28 16:43:28 - [TEST_STEP][PASSED] - navigateToUrl("https://ocs.ca/products/dream-weaver"): Navigate to 'https://ocs.ca/products/dream-weaver' successfully

2019-06-28 16:43:31 - [MESSAGE][PASSED] - Navigate to 'https://ocs.ca/products/dream-weaver' successfully

2019-06-28 16:43:31 - [TEST_STEP][NOT_RUN] - executeJavaScript("var previewBar = document.getElementById("preview-bar-iframe"); previewBar.style.display = "none";", []): NOT_RUN: executeJavaScript("var previewBar = document.getElementById("preview-bar-iframe"); previewBar.style.display = "none";", [])

2019-06-28 16:43:31 - [MESSAGE][NOT_RUN] - NOT_RUN: executeJavaScript("var previewBar = document.getElementById("preview-bar-iframe"); previewBar.style.display = "none";", [])

2019-06-28 16:43:31 - [TEST_STEP][PASSED] - click(findTestObject("OCS-MOBILE /Product page/Swatch_3.5g")): Object: 'Object Repository/OCS-MOBILE /Product page/Swatch_3.5g' is clicked on

2019-06-28 16:43:31 - [MESSAGE][PASSED] - Object: 'Object Repository/OCS-MOBILE /Product page/Swatch_3.5g' is clicked on

2019-06-28 16:43:31 - [TEST_STEP][PASSED] - delay(2): Delayed 2 second(s)

2019-06-28 16:43:33 - [MESSAGE][PASSED] - Delayed 2 second(s)

2019-06-28 16:43:33 - [TEST_STEP][PASSED] - click(findTestObject("OCS-MOBILE /Product page/Add to Bag-button")): Object: 'Object Repository/OCS-MOBILE /Product page/Add to Bag-button' is clicked on

2019-06-28 16:43:33 - [MESSAGE][PASSED] - Object: 'Object Repository/OCS-MOBILE /Product page/Add to Bag-button' is clicked on

2019-06-28 16:43:33 - [TEST_STEP][PASSED] - delay(2): Delayed 2 second(s)

2019-06-28 16:43:35 - [MESSAGE][PASSED] - Delayed 2 second(s)

2019-06-28 16:43:35 - [TEST_STEP][NOT_RUN] - click(findTestObject("OCS-MOBILE /Home - page/Cart icon -bag")): NOT_RUN: click(findTestObject("OCS-MOBILE /Home - page/Cart icon -bag"))

2019-06-28 16:43:35 - [MESSAGE][NOT_RUN] - NOT_RUN: click(findTestObject("OCS-MOBILE /Home - page/Cart icon -bag"))

2019-06-28 16:43:35 - [TEST_STEP][PASSED] - delay(2): Delayed 2 second(s)

2019-06-28 16:43:37 - [MESSAGE][PASSED] - Delayed 2 second(s)

2019-06-28 16:43:37 - [TEST_STEP][PASSED] - click(findTestObject("OCS-MOBILE /Cart flyout/Checkbox_I confirm that")): Object: 'Object Repository/OCS-MOBILE /Cart flyout/Checkbox_I confirm that' is clicked on

2019-06-28 16:43:37 - [MESSAGE][PASSED] - Object: 'Object Repository/OCS-MOBILE /Cart flyout/Checkbox_I confirm that' is clicked on

2019-06-28 16:43:37 - [TEST_STEP][PASSED] - delay(2): Delayed 2 second(s)

2019-06-28 16:43:39 - [MESSAGE][PASSED] - Delayed 2 second(s)

2019-06-28 16:43:39 - [TEST_STEP][PASSED] - click(findTestObject("OCS-MOBILE /Cart flyout/Checkbox_Accept the Terms Condition")): Object: 'Object Repository/OCS-MOBILE /Cart flyout/Checkbox_Accept the Terms Condition' is clicked on

2019-06-28 16:43:39 - [MESSAGE][PASSED] - Object: 'Object Repository/OCS-MOBILE /Cart flyout/Checkbox_Accept the Terms Condition' is clicked on

2019-06-28 16:43:39 - [TEST_STEP][PASSED] - delay(1): Delayed 1 second(s)

2019-06-28 16:43:40 - [MESSAGE][PASSED] - Delayed 1 second(s)

2019-06-28 16:43:40 - [TEST_STEP][PASSED] - click(findTestObject("OCS-MOBILE /Cart flyout/Checkout - Button")): Object: 'Object Repository/OCS-MOBILE /Cart flyout/Checkout - Button' is clicked on

2019-06-28 16:43:40 - [MESSAGE][PASSED] - Object: 'Object Repository/OCS-MOBILE /Cart flyout/Checkout - Button' is clicked on

2019-06-28 16:43:40 - [TEST_STEP][PASSED] - delay(2): Delayed 2 second(s)

2019-06-28 16:43:42 - [MESSAGE][PASSED] - Delayed 2 second(s)

2019-06-28 16:43:42 - [TEST_STEP][NOT_RUN] - executeJavaScript("var previewBar = document.getElementById("preview-bar-iframe"); previewBar.style.display = "none";", []): NOT_RUN: executeJavaScript("var previewBar = document.getElementById("preview-bar-iframe"); previewBar.style.display = "none";", [])

2019-06-28 16:43:42 - [MESSAGE][NOT_RUN] - NOT_RUN: executeJavaScript("var previewBar = document.getElementById("preview-bar-iframe"); previewBar.style.display = "none";", [])

2019-06-28 16:43:42 - [TEST_STEP][PASSED] - delay(1): Delayed 1 second(s)

2019-06-28 16:43:43 - [MESSAGE][PASSED] - Delayed 1 second(s)

2019-06-28 16:43:43 - [TEST_STEP][PASSED] - click(findTestObject("OCS-MOBILE /Customer info page/Chevron_OrderSummary")): Object: 'Object Repository/OCS-MOBILE /Customer info page/Chevron_OrderSummary' is clicked on

2019-06-28 16:43:43 - [MESSAGE][PASSED] - Object: 'Object Repository/OCS-MOBILE /Customer info page/Chevron_OrderSummary' is clicked on

2019-06-28 16:43:43 - [TEST_STEP][PASSED] - delay(2): Delayed 2 second(s)

2019-06-28 16:43:45 - [MESSAGE][PASSED] - Delayed 2 second(s)

2019-06-28 16:43:45 - [TEST_STEP][PASSED] - scrollToElement(findTestObject("OCS-MOBILE /Customer info page/input_Email"), 0): Scroll to object 'Object Repository/OCS-MOBILE /Customer info page/input_Email' successfully

2019-06-28 16:43:45 - [MESSAGE][WARNING] - Timeout '0' is invalid. Using default page load timeout: '30'

2019-06-28 16:43:46 - [MESSAGE][PASSED] - Scroll to object 'Object Repository/OCS-MOBILE /Customer info page/input_Email' successfully

2019-06-28 16:43:46 - [TEST_STEP][PASSED] - setText(findTestObject("OCS-MOBILE /Customer info page/input_Email"), "suman.kompelly@diffagency.com"): Text 'suman.kompelly@diffagency.com' is set on object 'Object Repository/OCS-MOBILE /Customer info page/input_Email'

2019-06-28 16:43:46 - [MESSAGE][PASSED] - Text 'suman.kompelly@diffagency.com' is set on object 'Object Repository/OCS-MOBILE /Customer info page/input_Email'

2019-06-28 16:43:46 - [TEST_STEP][PASSED] - setText(findTestObject("OCS-MOBILE /Customer info page/input_First name"), "suman"): Text 'suman' is set on object 'Object Repository/OCS-MOBILE /Customer info page/input_First name'

2019-06-28 16:43:46 - [MESSAGE][PASSED] - Text 'suman' is set on object 'Object Repository/OCS-MOBILE /Customer info page/input_First name'

2019-06-28 16:43:46 - [TEST_STEP][PASSED] - setText(findTestObject("OCS-MOBILE /Customer info page/input_Last name"), "kompelly"): Text 'kompelly' is set on object 'Object Repository/OCS-MOBILE /Customer info page/input_Last name'

2019-06-28 16:43:46 - [MESSAGE][PASSED] - Text 'kompelly' is set on object 'Object Repository/OCS-MOBILE /Customer info page/input_Last name'

2019-06-28 16:43:46 - [TEST_STEP][PASSED] - setText(findTestObject("OCS-MOBILE /Customer info page/input_Address"), "300 saint alxendre"): Text '300 saint alxendre' is set on object 'Object Repository/OCS-MOBILE /Customer info page/input_Address'

2019-06-28 16:43:47 - [MESSAGE][PASSED] - Text '300 saint alxendre' is set on object 'Object Repository/OCS-MOBILE /Customer info page/input_Address'

2019-06-28 16:43:47 - [TEST_STEP][PASSED] - setText(findTestObject("OCS-MOBILE /Customer info page/input_Apartment suite etc. (op"), "199"): Text '199' is set on object 'Object Repository/OCS-MOBILE /Customer info page/input_Apartment suite etc. (op'

2019-06-28 16:43:47 - [MESSAGE][PASSED] - Text '199' is set on object 'Object Repository/OCS-MOBILE /Customer info page/input_Apartment suite etc. (op'

2019-06-28 16:43:47 - [TEST_STEP][PASSED] - setText(findTestObject("OCS-MOBILE /Customer info page/input_City"), "montreal"): Text 'montreal' is set on object 'Object Repository/OCS-MOBILE /Customer info page/input_City'

2019-06-28 16:43:47 - [MESSAGE][PASSED] - Text 'montreal' is set on object 'Object Repository/OCS-MOBILE /Customer info page/input_City'

2019-06-28 16:43:47 - [TEST_STEP][PASSED] - setText(findTestObject("OCS-MOBILE /Customer info page/input_Postal code"), "n0R1K0"): Text 'n0R1K0' is set on object 'Object Repository/OCS-MOBILE /Customer info page/input_Postal code'

2019-06-28 16:43:47 - [MESSAGE][PASSED] - Text 'n0R1K0' is set on object 'Object Repository/OCS-MOBILE /Customer info page/input_Postal code'

2019-06-28 16:43:47 - [TEST_STEP][PASSED] - setText(findTestObject("OCS-MOBILE /Customer info page/input_Phone"), "(514) 449-3882"): Text '(514) 449-3882' is set on object 'Object Repository/OCS-MOBILE /Customer info page/input_Phone'

2019-06-28 16:43:47 - [MESSAGE][PASSED] - Text '(514) 449-3882' is set on object 'Object Repository/OCS-MOBILE /Customer info page/input_Phone'

2019-06-28 16:43:47 - [TEST_STEP][PASSED] - delay(1): Delayed 1 second(s)

2019-06-28 16:43:48 - [MESSAGE][PASSED] - Delayed 1 second(s)

2019-06-28 16:43:48 - [TEST_STEP][PASSED] - scrollToElement(findTestObject("OCS-MOBILE /Customer info page/Return to Cart - Link"), 1): Scroll to object 'Object Repository/OCS-MOBILE /Customer info page/Return to Cart - Link' successfully

2019-06-28 16:43:48 - [MESSAGE][PASSED] - Scroll to object 'Object Repository/OCS-MOBILE /Customer info page/Return to Cart - Link' successfully

2019-06-28 16:43:48 - [TEST_STEP][PASSED] - delay(1): Delayed 1 second(s)

2019-06-28 16:43:49 - [MESSAGE][PASSED] - Delayed 1 second(s)

2019-06-28 16:43:49 - [TEST_STEP][PASSED] - click(findTestObject("OCS-MOBILE /Customer info page/Return to Cart - Link")): Object: 'Object Repository/OCS-MOBILE /Customer info page/Return to Cart - Link' is clicked on

2019-06-28 16:43:50 - [MESSAGE][PASSED] - Object: 'Object Repository/OCS-MOBILE /Customer info page/Return to Cart - Link' is clicked on

2019-06-28 16:43:50 - [TEST_STEP][NOT_RUN] - executeJavaScript("var previewBar = document.getElementById("preview-bar-iframe"); previewBar.style.display = "none";", []): NOT_RUN: executeJavaScript("var previewBar = document.getElementById("preview-bar-iframe"); previewBar.style.display = "none";", [])

2019-06-28 16:43:50 - [MESSAGE][NOT_RUN] - NOT_RUN: executeJavaScript("var previewBar = document.getElementById("preview-bar-iframe"); previewBar.style.display = "none";", [])

2019-06-28 16:43:50 - [TEST_STEP][PASSED] - delay(1): Delayed 1 second(s)

2019-06-28 16:43:51 - [MESSAGE][PASSED] - Delayed 1 second(s)

2019-06-28 16:43:51 - [TEST_STEP][PASSED] - click(findTestObject("OCS-MOBILE /Cart page/cart page-Checkbox_I confirm that")): Object: 'Object Repository/OCS-MOBILE /Cart page/cart page-Checkbox_I confirm that' is clicked on

2019-06-28 16:43:51 - [MESSAGE][PASSED] - Object: 'Object Repository/OCS-MOBILE /Cart page/cart page-Checkbox_I confirm that' is clicked on

2019-06-28 16:43:51 - [TEST_STEP][PASSED] - delay(1): Delayed 1 second(s)

2019-06-28 16:43:52 - [MESSAGE][PASSED] - Delayed 1 second(s)

2019-06-28 16:43:52 - [TEST_STEP][PASSED] - click(findTestObject("OCS-MOBILE /Cart page/cart page - Checkbox_Accept the Terms Condition")): Object: 'Object Repository/OCS-MOBILE /Cart page/cart page - Checkbox_Accept the Terms Condition' is clicked on

2019-06-28 16:43:52 - [MESSAGE][PASSED] - Object: 'Object Repository/OCS-MOBILE /Cart page/cart page - Checkbox_Accept the Terms Condition' is clicked on

2019-06-28 16:43:52 - [TEST_STEP][NOT_RUN] - executeJavaScript("var previewBar = document.getElementById("preview-bar-iframe"); previewBar.style.display = "none";", []): NOT_RUN: executeJavaScript("var previewBar = document.getElementById("preview-bar-iframe"); previewBar.style.display = "none";", [])

2019-06-28 16:43:52 - [MESSAGE][NOT_RUN] - NOT_RUN: executeJavaScript("var previewBar = document.getElementById("preview-bar-iframe"); previewBar.style.display = "none";", [])

2019-06-28 16:43:52 - [TEST_STEP][PASSED] - delay(1): Delayed 1 second(s)

2019-06-28 16:43:53 - [MESSAGE][PASSED] - Delayed 1 second(s)

2019-06-28 16:43:53 - [TEST_STEP][PASSED] - click(findTestObject("OCS-MOBILE /Cart page/Cart page -checkout button")): Object: 'Object Repository/OCS-MOBILE /Cart page/Cart page -checkout button' is clicked on

2019-06-28 16:43:56 - [MESSAGE][PASSED] - Object: 'Object Repository/OCS-MOBILE /Cart page/Cart page -checkout button' is clicked on

2019-06-28 16:43:56 - [TEST_STEP][PASSED] - delay(1): Delayed 1 second(s)

2019-06-28 16:43:57 - [MESSAGE][PASSED] - Delayed 1 second(s)

2019-06-28 16:43:57 - [TEST_STEP][NOT_RUN] - executeJavaScript("var previewBar = document.getElementById("preview-bar-iframe"); previewBar.style.display = "none";", []): NOT_RUN: executeJavaScript("var previewBar = document.getElementById("preview-bar-iframe"); previewBar.style.display = "none";", [])

2019-06-28 16:43:57 - [MESSAGE][NOT_RUN] - NOT_RUN: executeJavaScript("var previewBar = document.getElementById("preview-bar-iframe"); previewBar.style.display = "none";", [])

2019-06-28 16:43:57 - [TEST_STEP][PASSED] - setText(findTestObject("OCS-MOBILE /Customer info page/input_Email"), "suman.kompelly@diffagency.com"): Text 'suman.kompelly@diffagency.com' is set on object 'Object Repository/OCS-MOBILE /Customer info page/input_Email'

2019-06-28 16:43:58 - [MESSAGE][PASSED] - Text 'suman.kompelly@diffagency.com' is set on object 'Object Repository/OCS-MOBILE /Customer info page/input_Email'

2019-06-28 16:43:58 - [TEST_STEP][PASSED] - setText(findTestObject("OCS-MOBILE /Customer info page/input_First name"), "suman"): Text 'suman' is set on object 'Object Repository/OCS-MOBILE /Customer info page/input_First name'

2019-06-28 16:43:58 - [MESSAGE][PASSED] - Text 'suman' is set on object 'Object Repository/OCS-MOBILE /Customer info page/input_First name'

2019-06-28 16:43:58 - [TEST_STEP][PASSED] - setText(findTestObject("OCS-MOBILE /Customer info page/input_Last name"), "kompelly"): Text 'kompelly' is set on object 'Object Repository/OCS-MOBILE /Customer info page/input_Last name'

2019-06-28 16:43:58 - [MESSAGE][PASSED] - Text 'kompelly' is set on object 'Object Repository/OCS-MOBILE /Customer info page/input_Last name'

2019-06-28 16:43:58 - [TEST_STEP][PASSED] - setText(findTestObject("OCS-MOBILE /Customer info page/input_Address"), "300 saint alxendre"): Text '300 saint alxendre' is set on object 'Object Repository/OCS-MOBILE /Customer info page/input_Address'

2019-06-28 16:43:58 - [MESSAGE][PASSED] - Text '300 saint alxendre' is set on object 'Object Repository/OCS-MOBILE /Customer info page/input_Address'

2019-06-28 16:43:58 - [TEST_STEP][PASSED] - setText(findTestObject("OCS-MOBILE /Customer info page/input_Apartment suite etc. (op"), "199"): Text '199' is set on object 'Object Repository/OCS-MOBILE /Customer info page/input_Apartment suite etc. (op'

2019-06-28 16:43:58 - [MESSAGE][PASSED] - Text '199' is set on object 'Object Repository/OCS-MOBILE /Customer info page/input_Apartment suite etc. (op'

2019-06-28 16:43:58 - [TEST_STEP][PASSED] - setText(findTestObject("OCS-MOBILE /Customer info page/input_City"), "montreal"): Text 'montreal' is set on object 'Object Repository/OCS-MOBILE /Customer info page/input_City'

2019-06-28 16:43:58 - [MESSAGE][PASSED] - Text 'montreal' is set on object 'Object Repository/OCS-MOBILE /Customer info page/input_City'

2019-06-28 16:43:58 - [TEST_STEP][PASSED] - setText(findTestObject("OCS-MOBILE /Customer info page/input_Postal code"), "n0R1K0"): Text 'n0R1K0' is set on object 'Object Repository/OCS-MOBILE /Customer info page/input_Postal code'

2019-06-28 16:43:59 - [MESSAGE][PASSED] - Text 'n0R1K0' is set on object 'Object Repository/OCS-MOBILE /Customer info page/input_Postal code'

2019-06-28 16:43:59 - [TEST_STEP][PASSED] - setText(findTestObject("OCS-MOBILE /Customer info page/input_Phone"), "(514) 449-3882"): Text '(514) 449-3882' is set on object 'Object Repository/OCS-MOBILE /Customer info page/input_Phone'

2019-06-28 16:43:59 - [MESSAGE][PASSED] - Text '(514) 449-3882' is set on object 'Object Repository/OCS-MOBILE /Customer info page/input_Phone'

2019-06-28 16:43:59 - [TEST_STEP][PASSED] - delay(1): Delayed 1 second(s)

2019-06-28 16:44:00 - [MESSAGE][PASSED] - Delayed 1 second(s)

2019-06-28 16:44:00 - [TEST_STEP][PASSED] - click(findTestObject("OCS-MOBILE /Customer info page/Continue to shipping method - Button")): Object: 'Object Repository/OCS-MOBILE /Customer info page/Continue to shipping method - Button' is clicked on

2019-06-28 16:44:00 - [MESSAGE][PASSED] - Object: 'Object Repository/OCS-MOBILE /Customer info page/Continue to shipping method - Button' is clicked on]]></system-out>
         <system-err><![CDATA[]]></system-err>
      </testcase>
      <testcase name="Test Cases/OCS - MOBILE/OCS- CRITICAL PATH/Cart flyout-tooltips" classname="Test Cases/OCS - MOBILE/OCS- CRITICAL PATH/Cart flyout-tooltips" status="PASSED">
         <system-out><![CDATA[2019-06-28 16:44:00 - [TEST_CASE][PASSED] - Test Cases/OCS - MOBILE/OCS- CRITICAL PATH/Cart flyout-tooltips: Test Cases/OCS - MOBILE/OCS- CRITICAL PATH/Cart flyout-tooltips

2019-06-28 16:44:00 - [TEST_STEP][PASSED] - callTestCase(findTestCase("OCS - MOBILE/CALL - AGE GATE"), [:], STOP_ON_FAILURE): Call Test Case 'Test Cases/OCS - MOBILE/CALL - AGE GATE' successfully

2019-06-28 16:44:00 - [TEST_CASE][PASSED] - Test Cases/OCS - MOBILE/CALL - AGE GATE: Test Cases/OCS - MOBILE/CALL - AGE GATE

2019-06-28 16:44:00 - [TEST_STEP][PASSED] - openBrowser(""): Browser is opened with url: ''

2019-06-28 16:44:00 - [MESSAGE][WARNING] - A browser is already opened. Closing browser and opening a new one

2019-06-28 16:44:00 - [MESSAGE][INFO] - Starting 'Safari' driver

2019-06-28 16:44:01 - [MESSAGE][PASSED] - Browser is opened with url: ''

2019-06-28 16:44:01 - [TEST_STEP][PASSED] - navigateToUrl("ocs.ca"): Navigate to 'http://ocs.ca' successfully

2019-06-28 16:44:03 - [MESSAGE][PASSED] - Navigate to 'http://ocs.ca' successfully

2019-06-28 16:44:03 - [TEST_STEP][NOT_RUN] - executeJavaScript("var previewBar = document.getElementById("preview-bar-iframe"); previewBar.style.display = "none";", []): NOT_RUN: executeJavaScript("var previewBar = document.getElementById("preview-bar-iframe"); previewBar.style.display = "none";", [])

2019-06-28 16:44:03 - [MESSAGE][NOT_RUN] - NOT_RUN: executeJavaScript("var previewBar = document.getElementById("preview-bar-iframe"); previewBar.style.display = "none";", [])

2019-06-28 16:44:03 - [TEST_STEP][PASSED] - setViewPortSize(360, 800): Viewport is set to new size with width = 360 and height = 800

2019-06-28 16:44:03 - [MESSAGE][PASSED] - Viewport is set to new size with width = 360 and height = 800

2019-06-28 16:44:03 - [TEST_STEP][PASSED] - delay(4): Delayed 4 second(s)

2019-06-28 16:44:07 - [MESSAGE][PASSED] - Delayed 4 second(s)

2019-06-28 16:44:07 - [TEST_STEP][PASSED] - selectOptionByValue(findTestObject("OCS-MOBILE /Age gate and burger menu/Date"), "12", true): All options with value '12' are selected in object 'Object Repository/OCS-MOBILE /Age gate and burger menu/Date'  using regular expression

2019-06-28 16:44:09 - [MESSAGE][PASSED] - All options with value '12' are selected in object 'Object Repository/OCS-MOBILE /Age gate and burger menu/Date'  using regular expression

2019-06-28 16:44:09 - [TEST_STEP][PASSED] - selectOptionByValue(findTestObject("OCS-MOBILE /Age gate and burger menu/month"), "6", true): All options with value '6' are selected in object 'Object Repository/OCS-MOBILE /Age gate and burger menu/month'  using regular expression

2019-06-28 16:44:09 - [MESSAGE][PASSED] - All options with value '6' are selected in object 'Object Repository/OCS-MOBILE /Age gate and burger menu/month'  using regular expression

2019-06-28 16:44:09 - [TEST_STEP][PASSED] - delay(2): Delayed 2 second(s)

2019-06-28 16:44:11 - [MESSAGE][PASSED] - Delayed 2 second(s)

2019-06-28 16:44:11 - [TEST_STEP][PASSED] - selectOptionByValue(findTestObject("OCS-MOBILE /Age gate and burger menu/Year Dropdown"), "1990", true): All options with value '1990' are selected in object 'Object Repository/OCS-MOBILE /Age gate and burger menu/Year Dropdown'  using regular expression

2019-06-28 16:44:14 - [MESSAGE][PASSED] - All options with value '1990' are selected in object 'Object Repository/OCS-MOBILE /Age gate and burger menu/Year Dropdown'  using regular expression

2019-06-28 16:44:14 - [TEST_STEP][PASSED] - click(findTestObject("OCS-MOBILE /Age gate and Mega menu/button_Verify")): Object: 'Object Repository/OCS-MOBILE /Age gate and Mega menu/button_Verify' is clicked on

2019-06-28 16:44:14 - [MESSAGE][PASSED] - Object: 'Object Repository/OCS-MOBILE /Age gate and Mega menu/button_Verify' is clicked on

2019-06-28 16:44:14 - [TEST_STEP][PASSED] - click(findTestObject("OCS-MOBILE /Age gate and Mega menu/Checkbox_CONFIRM AND ACKNOWLEDGE")): Object: 'Object Repository/OCS-MOBILE /Age gate and Mega menu/Checkbox_CONFIRM AND ACKNOWLEDGE' is clicked on

2019-06-28 16:44:14 - [MESSAGE][PASSED] - Object: 'Object Repository/OCS-MOBILE /Age gate and Mega menu/Checkbox_CONFIRM AND ACKNOWLEDGE' is clicked on

2019-06-28 16:44:14 - [TEST_STEP][PASSED] - click(findTestObject("OCS-MOBILE /Age gate and Mega menu/button_CONFIRM")): Object: 'Object Repository/OCS-MOBILE /Age gate and Mega menu/button_CONFIRM' is clicked on

2019-06-28 16:44:14 - [MESSAGE][PASSED] - Object: 'Object Repository/OCS-MOBILE /Age gate and Mega menu/button_CONFIRM' is clicked on

2019-06-28 16:44:14 - [TEST_STEP][PASSED] - click(findTestObject("OCS-MOBILE /Age gate and Mega menu/button_Start Browsing")): Object: 'Object Repository/OCS-MOBILE /Age gate and Mega menu/button_Start Browsing' is clicked on

2019-06-28 16:44:14 - [MESSAGE][PASSED] - Object: 'Object Repository/OCS-MOBILE /Age gate and Mega menu/button_Start Browsing' is clicked on

2019-06-28 16:44:14 - [TEST_STEP][PASSED] - refresh(): Refresh successfully

2019-06-28 16:44:16 - [MESSAGE][PASSED] - Refresh successfully

2019-06-28 16:44:16 - [TEST_STEP][NOT_RUN] - executeJavaScript("var previewBar = document.getElementById("preview-bar-iframe"); previewBar.style.display = "none";", []): NOT_RUN: executeJavaScript("var previewBar = document.getElementById("preview-bar-iframe"); previewBar.style.display = "none";", [])

2019-06-28 16:44:16 - [MESSAGE][NOT_RUN] - NOT_RUN: executeJavaScript("var previewBar = document.getElementById("preview-bar-iframe"); previewBar.style.display = "none";", [])

2019-06-28 16:44:16 - [MESSAGE][PASSED] - Call Test Case 'Test Cases/OCS - MOBILE/CALL - AGE GATE' successfully

2019-06-28 16:44:16 - [TEST_STEP][PASSED] - delay(2): Delayed 2 second(s)

2019-06-28 16:44:18 - [MESSAGE][PASSED] - Delayed 2 second(s)

2019-06-28 16:44:18 - [TEST_STEP][PASSED] - click(findTestObject("OCS-MOBILE /Age gate and burger menu/Burger menu - English")): Object: 'Object Repository/OCS-MOBILE /Age gate and burger menu/Burger menu - English' is clicked on

2019-06-28 16:44:18 - [MESSAGE][PASSED] - Object: 'Object Repository/OCS-MOBILE /Age gate and burger menu/Burger menu - English' is clicked on

2019-06-28 16:44:18 - [TEST_STEP][PASSED] - delay(2): Delayed 2 second(s)

2019-06-28 16:44:20 - [MESSAGE][PASSED] - Delayed 2 second(s)

2019-06-28 16:44:20 - [TEST_STEP][PASSED] - click(findTestObject("OCS-MOBILE /Age gate and burger menu/Chevron_Cannabis")): Object: 'Object Repository/OCS-MOBILE /Age gate and burger menu/Chevron_Cannabis' is clicked on

2019-06-28 16:44:20 - [MESSAGE][PASSED] - Object: 'Object Repository/OCS-MOBILE /Age gate and burger menu/Chevron_Cannabis' is clicked on

2019-06-28 16:44:20 - [TEST_STEP][PASSED] - delay(2): Delayed 2 second(s)

2019-06-28 16:44:22 - [MESSAGE][PASSED] - Delayed 2 second(s)

2019-06-28 16:44:22 - [TEST_STEP][PASSED] - click(findTestObject("OCS-MOBILE /Age gate and burger menu/Dried Flower_Plus icon")): Object: 'Object Repository/OCS-MOBILE /Age gate and burger menu/Dried Flower_Plus icon' is clicked on

2019-06-28 16:44:22 - [MESSAGE][PASSED] - Object: 'Object Repository/OCS-MOBILE /Age gate and burger menu/Dried Flower_Plus icon' is clicked on

2019-06-28 16:44:22 - [TEST_STEP][PASSED] - delay(2): Delayed 2 second(s)

2019-06-28 16:44:24 - [MESSAGE][PASSED] - Delayed 2 second(s)

2019-06-28 16:44:24 - [TEST_STEP][PASSED] - click(findTestObject("OCS-MOBILE /Age gate and burger menu/Indica Dominant_Menu item")): Object: 'Object Repository/OCS-MOBILE /Age gate and burger menu/Indica Dominant_Menu item' is clicked on

2019-06-28 16:44:24 - [MESSAGE][PASSED] - Object: 'Object Repository/OCS-MOBILE /Age gate and burger menu/Indica Dominant_Menu item' is clicked on

2019-06-28 16:44:24 - [TEST_STEP][NOT_RUN] - executeJavaScript("var previewBar = document.getElementById("preview-bar-iframe"); previewBar.style.display = "none";", []): NOT_RUN: executeJavaScript("var previewBar = document.getElementById("preview-bar-iframe"); previewBar.style.display = "none";", [])

2019-06-28 16:44:24 - [MESSAGE][NOT_RUN] - NOT_RUN: executeJavaScript("var previewBar = document.getElementById("preview-bar-iframe"); previewBar.style.display = "none";", [])

2019-06-28 16:44:24 - [TEST_STEP][PASSED] - delay(2): Delayed 2 second(s)

2019-06-28 16:44:26 - [MESSAGE][PASSED] - Delayed 2 second(s)

2019-06-28 16:44:26 - [TEST_STEP][PASSED] - click(findTestObject("OCS-MOBILE /Collection page/Product image - 1st one")): Object: 'Object Repository/OCS-MOBILE /Collection page/Product image - 1st one' is clicked on

2019-06-28 16:44:31 - [MESSAGE][PASSED] - Object: 'Object Repository/OCS-MOBILE /Collection page/Product image - 1st one' is clicked on

2019-06-28 16:44:31 - [TEST_STEP][NOT_RUN] - executeJavaScript("var previewBar = document.getElementById("preview-bar-iframe"); previewBar.style.display = "none";", []): NOT_RUN: executeJavaScript("var previewBar = document.getElementById("preview-bar-iframe"); previewBar.style.display = "none";", [])

2019-06-28 16:44:31 - [MESSAGE][NOT_RUN] - NOT_RUN: executeJavaScript("var previewBar = document.getElementById("preview-bar-iframe"); previewBar.style.display = "none";", [])

2019-06-28 16:44:31 - [TEST_STEP][NOT_RUN] - click(findTestObject("Object Repository/Cart flyout-tooltips_OR/Page_Ontario Cannabis Store  Ontari/h3_Cannabis")): NOT_RUN: click(findTestObject("Object Repository/Cart flyout-tooltips_OR/Page_Ontario Cannabis Store  Ontari/h3_Cannabis"))

2019-06-28 16:44:31 - [MESSAGE][NOT_RUN] - NOT_RUN: click(findTestObject("Object Repository/Cart flyout-tooltips_OR/Page_Ontario Cannabis Store  Ontari/h3_Cannabis"))

2019-06-28 16:44:31 - [TEST_STEP][NOT_RUN] - click(findTestObject("Object Repository/Cart flyout-tooltips_OR/Page_Ontario Cannabis Store  Ontari/span_Indica Dominant")): NOT_RUN: click(findTestObject("Object Repository/Cart flyout-tooltips_OR/Page_Ontario Cannabis Store  Ontari/span_Indica Dominant"))

2019-06-28 16:44:31 - [MESSAGE][NOT_RUN] - NOT_RUN: click(findTestObject("Object Repository/Cart flyout-tooltips_OR/Page_Ontario Cannabis Store  Ontari/span_Indica Dominant"))

2019-06-28 16:44:31 - [TEST_STEP][NOT_RUN] - click(findTestObject("Object Repository/Cart flyout-tooltips_OR/Page_Indica Dominant Dried Flower/h3_Shishkaberry")): NOT_RUN: click(findTestObject("Object Repository/Cart flyout-tooltips_OR/Page_Indica Dominant Dried Flower/h3_Shishkaberry"))

2019-06-28 16:44:31 - [MESSAGE][NOT_RUN] - NOT_RUN: click(findTestObject("Object Repository/Cart flyout-tooltips_OR/Page_Indica Dominant Dried Flower/h3_Shishkaberry"))

2019-06-28 16:44:31 - [TEST_STEP][NOT_RUN] - click(findTestObject("Object Repository/Cart flyout-tooltips_OR/Page_Shishkaberry  Ontario Cannabis/label_1g")): NOT_RUN: click(findTestObject("Object Repository/Cart flyout-tooltips_OR/Page_Shishkaberry  Ontario Cannabis/label_1g"))

2019-06-28 16:44:31 - [MESSAGE][NOT_RUN] - NOT_RUN: click(findTestObject("Object Repository/Cart flyout-tooltips_OR/Page_Shishkaberry  Ontario Cannabis/label_1g"))

2019-06-28 16:44:31 - [TEST_STEP][NOT_RUN] - click(findTestObject("Object Repository/Cart flyout-tooltips_OR/Page_Shishkaberry  Ontario Cannabis/button_Add to Bag9.75")): NOT_RUN: click(findTestObject("Object Repository/Cart flyout-tooltips_OR/Page_Shishkaberry  Ontario Cannabis/button_Add to Bag9.75"))

2019-06-28 16:44:31 - [MESSAGE][NOT_RUN] - NOT_RUN: click(findTestObject("Object Repository/Cart flyout-tooltips_OR/Page_Shishkaberry  Ontario Cannabis/button_Add to Bag9.75"))

2019-06-28 16:44:31 - [TEST_STEP][PASSED] - delay(3): Delayed 3 second(s)

2019-06-28 16:44:34 - [MESSAGE][PASSED] - Delayed 3 second(s)

2019-06-28 16:44:34 - [TEST_STEP][NOT_RUN] - executeJavaScript("var previewBar = document.getElementById("preview-bar-iframe"); previewBar.style.display = "none";", []): NOT_RUN: executeJavaScript("var previewBar = document.getElementById("preview-bar-iframe"); previewBar.style.display = "none";", [])

2019-06-28 16:44:34 - [MESSAGE][NOT_RUN] - NOT_RUN: executeJavaScript("var previewBar = document.getElementById("preview-bar-iframe"); previewBar.style.display = "none";", [])

2019-06-28 16:44:34 - [TEST_STEP][NOT_RUN] - scrollToElement(findTestObject("OCS-MOBILE /Product page/Product image"), 1): NOT_RUN: scrollToElement(findTestObject("OCS-MOBILE /Product page/Product image"), 1)

2019-06-28 16:44:34 - [MESSAGE][NOT_RUN] - NOT_RUN: scrollToElement(findTestObject("OCS-MOBILE /Product page/Product image"), 1)

2019-06-28 16:44:34 - [TEST_STEP][PASSED] - click(findTestObject("OCS-MOBILE /Product page/Swatch_1g")): Object: 'Object Repository/OCS-MOBILE /Product page/Swatch_1g' is clicked on

2019-06-28 16:44:34 - [MESSAGE][PASSED] - Object: 'Object Repository/OCS-MOBILE /Product page/Swatch_1g' is clicked on

2019-06-28 16:44:34 - [TEST_STEP][PASSED] - delay(2): Delayed 2 second(s)

2019-06-28 16:44:36 - [MESSAGE][PASSED] - Delayed 2 second(s)

2019-06-28 16:44:36 - [TEST_STEP][PASSED] - click(findTestObject("OCS-MOBILE /Product page/Add to Bag-button")): Object: 'Object Repository/OCS-MOBILE /Product page/Add to Bag-button' is clicked on

2019-06-28 16:44:36 - [MESSAGE][PASSED] - Object: 'Object Repository/OCS-MOBILE /Product page/Add to Bag-button' is clicked on

2019-06-28 16:44:36 - [TEST_STEP][NOT_RUN] - click(findTestObject("OCS-MOBILE /Home - page/Cart icon -bag")): NOT_RUN: click(findTestObject("OCS-MOBILE /Home - page/Cart icon -bag"))

2019-06-28 16:44:36 - [MESSAGE][NOT_RUN] - NOT_RUN: click(findTestObject("OCS-MOBILE /Home - page/Cart icon -bag"))

2019-06-28 16:44:36 - [TEST_STEP][PASSED] - delay(4): Delayed 4 second(s)

2019-06-28 16:44:40 - [MESSAGE][PASSED] - Delayed 4 second(s)

2019-06-28 16:44:40 - [TEST_STEP][PASSED] - click(findTestObject("OCS-MOBILE /Cart flyout/tool tip - TOP")): Object: 'Object Repository/OCS-MOBILE /Cart flyout/tool tip - TOP' is clicked on

2019-06-28 16:44:40 - [MESSAGE][PASSED] - Object: 'Object Repository/OCS-MOBILE /Cart flyout/tool tip - TOP' is clicked on

2019-06-28 16:44:40 - [TEST_STEP][PASSED] - takeScreenshot(): Taking screenshot successfully

2019-06-28 16:44:40 - [MESSAGE][PASSED] - Taking screenshot successfully
[[ATTACHMENT|/Users/sumankompelly/Relative xpath-Mobile/Reports/Live site/20190628_163954/1561754680286.png]]

2019-06-28 16:44:40 - [TEST_STEP][PASSED] - delay(3): Delayed 3 second(s)

2019-06-28 16:44:43 - [MESSAGE][PASSED] - Delayed 3 second(s)

2019-06-28 16:44:43 - [TEST_STEP][PASSED] - click(findTestObject("OCS-MOBILE /Cart flyout/tool tip -DOWN")): Object: 'Object Repository/OCS-MOBILE /Cart flyout/tool tip -DOWN' is clicked on

2019-06-28 16:44:43 - [MESSAGE][PASSED] - Object: 'Object Repository/OCS-MOBILE /Cart flyout/tool tip -DOWN' is clicked on

2019-06-28 16:44:43 - [TEST_STEP][PASSED] - takeScreenshot(): Taking screenshot successfully

2019-06-28 16:44:43 - [MESSAGE][PASSED] - Taking screenshot successfully
[[ATTACHMENT|/Users/sumankompelly/Relative xpath-Mobile/Reports/Live site/20190628_163954/1561754683389.png]]

2019-06-28 16:44:43 - [TEST_STEP][NOT_RUN] - closeBrowser(): NOT_RUN: closeBrowser()

2019-06-28 16:44:43 - [MESSAGE][NOT_RUN] - NOT_RUN: closeBrowser()]]></system-out>
         <system-err><![CDATA[]]></system-err>
      </testcase>
      <testcase name="Test Cases/OCS - MOBILE/OCS- CRITICAL PATH/Cart" classname="Test Cases/OCS - MOBILE/OCS- CRITICAL PATH/Cart" status="FAILED">
         <failure type="FAILED" message="Test Cases/OCS - MOBILE/OCS- CRITICAL PATH/Cart FAILED.
Reason:
com.kms.katalon.core.exception.StepFailedException: Unable to verify equal between actual object '0' and expected object '





$44.35' (Root cause: com.kms.katalon.core.exception.StepFailedException: Actual object '0' and expected object '





$44.35' are not equal)
	at com.kms.katalon.core.keyword.internal.KeywordMain.stepFailed(KeywordMain.groovy:36)
	at com.kms.katalon.core.keyword.internal.KeywordMain.stepFailed(KeywordMain.groovy)
	at com.kms.katalon.core.keyword.internal.KeywordMain.runKeyword(KeywordMain.groovy:56)
	at com.kms.katalon.core.keyword.builtin.VerifyEqualKeyword.verifyEqual(VerifyEqualKeyword.groovy:63)
	at com.kms.katalon.core.keyword.builtin.VerifyEqualKeyword.execute(VerifyEqualKeyword.groovy:44)
	at com.kms.katalon.core.keyword.internal.KeywordExecutor.executeKeywordForPlatform(KeywordExecutor.groovy:53)
	at com.kms.katalon.core.keyword.BuiltinKeywords.verifyEqual(BuiltinKeywords.groovy:141)
	at Cart.run(Cart:207)
	at com.kms.katalon.core.main.ScriptEngine.run(ScriptEngine.java:194)
	at com.kms.katalon.core.main.ScriptEngine.runScriptAsRawText(ScriptEngine.java:119)
	at com.kms.katalon.core.main.TestCaseExecutor.runScript(TestCaseExecutor.java:328)
	at com.kms.katalon.core.main.TestCaseExecutor.doExecute(TestCaseExecutor.java:319)
	at com.kms.katalon.core.main.TestCaseExecutor.processExecutionPhase(TestCaseExecutor.java:298)
	at com.kms.katalon.core.main.TestCaseExecutor.accessMainPhase(TestCaseExecutor.java:290)
	at com.kms.katalon.core.main.TestCaseExecutor.execute(TestCaseExecutor.java:224)
	at com.kms.katalon.core.main.TestSuiteExecutor.accessTestCaseMainPhase(TestSuiteExecutor.java:129)
	at com.kms.katalon.core.main.TestSuiteExecutor.accessTestSuiteMainPhase(TestSuiteExecutor.java:112)
	at com.kms.katalon.core.main.TestSuiteExecutor.execute(TestSuiteExecutor.java:81)
	at com.kms.katalon.core.main.TestCaseMain.startTestSuite(TestCaseMain.java:149)
	at com.kms.katalon.core.main.TestCaseMain$startTestSuite$0.call(Unknown Source)
	at TempTestSuite1561754394056.run(TempTestSuite1561754394056.groovy:36)
"/>
         <system-out><![CDATA[2019-06-28 16:44:43 - [TEST_CASE][FAILED] - Test Cases/OCS - MOBILE/OCS- CRITICAL PATH/Cart: Test Cases/OCS - MOBILE/OCS- CRITICAL PATH/Cart FAILED.
Reason:
com.kms.katalon.core.exception.StepFailedException: Unable to verify equal between actual object '0' and expected object '





$44.35' (Root cause: com.kms.katalon.core.exception.StepFailedException: Actual object '0' and expected object '





$44.35' are not equal)
	at com.kms.katalon.core.keyword.internal.KeywordMain.stepFailed(KeywordMain.groovy:36)
	at com.kms.katalon.core.keyword.internal.KeywordMain.stepFailed(KeywordMain.groovy)
	at com.kms.katalon.core.keyword.internal.KeywordMain.runKeyword(KeywordMain.groovy:56)
	at com.kms.katalon.core.keyword.builtin.VerifyEqualKeyword.verifyEqual(VerifyEqualKeyword.groovy:63)
	at com.kms.katalon.core.keyword.builtin.VerifyEqualKeyword.execute(VerifyEqualKeyword.groovy:44)
	at com.kms.katalon.core.keyword.internal.KeywordExecutor.executeKeywordForPlatform(KeywordExecutor.groovy:53)
	at com.kms.katalon.core.keyword.BuiltinKeywords.verifyEqual(BuiltinKeywords.groovy:141)
	at Cart.run(Cart:207)
	at com.kms.katalon.core.main.ScriptEngine.run(ScriptEngine.java:194)
	at com.kms.katalon.core.main.ScriptEngine.runScriptAsRawText(ScriptEngine.java:119)
	at com.kms.katalon.core.main.TestCaseExecutor.runScript(TestCaseExecutor.java:328)
	at com.kms.katalon.core.main.TestCaseExecutor.doExecute(TestCaseExecutor.java:319)
	at com.kms.katalon.core.main.TestCaseExecutor.processExecutionPhase(TestCaseExecutor.java:298)
	at com.kms.katalon.core.main.TestCaseExecutor.accessMainPhase(TestCaseExecutor.java:290)
	at com.kms.katalon.core.main.TestCaseExecutor.execute(TestCaseExecutor.java:224)
	at com.kms.katalon.core.main.TestSuiteExecutor.accessTestCaseMainPhase(TestSuiteExecutor.java:129)
	at com.kms.katalon.core.main.TestSuiteExecutor.accessTestSuiteMainPhase(TestSuiteExecutor.java:112)
	at com.kms.katalon.core.main.TestSuiteExecutor.execute(TestSuiteExecutor.java:81)
	at com.kms.katalon.core.main.TestCaseMain.startTestSuite(TestCaseMain.java:149)
	at com.kms.katalon.core.main.TestCaseMain$startTestSuite$0.call(Unknown Source)
	at TempTestSuite1561754394056.run(TempTestSuite1561754394056.groovy:36)


2019-06-28 16:44:43 - [TEST_STEP][PASSED] - callTestCase(findTestCase("OCS - MOBILE/CALL- SWATCH- NO INVENTORY"), [:], STOP_ON_FAILURE): Call Test Case 'Test Cases/OCS - MOBILE/CALL- SWATCH- NO INVENTORY' successfully

2019-06-28 16:44:43 - [TEST_CASE][PASSED] - Test Cases/OCS - MOBILE/CALL- SWATCH- NO INVENTORY: Test Cases/OCS - MOBILE/CALL- SWATCH- NO INVENTORY

2019-06-28 16:44:43 - [TEST_STEP][PASSED] - openBrowser(""): Browser is opened with url: ''

2019-06-28 16:44:43 - [MESSAGE][WARNING] - A browser is already opened. Closing browser and opening a new one

2019-06-28 16:44:43 - [MESSAGE][INFO] - Starting 'Safari' driver

2019-06-28 16:44:44 - [MESSAGE][PASSED] - Browser is opened with url: ''

2019-06-28 16:44:44 - [TEST_STEP][PASSED] - navigateToUrl("ocs.ca"): Navigate to 'http://ocs.ca' successfully

2019-06-28 16:44:46 - [MESSAGE][PASSED] - Navigate to 'http://ocs.ca' successfully

2019-06-28 16:44:46 - [TEST_STEP][NOT_RUN] - executeJavaScript("var previewBar = document.getElementById("preview-bar-iframe"); previewBar.style.display = "none";", []): NOT_RUN: executeJavaScript("var previewBar = document.getElementById("preview-bar-iframe"); previewBar.style.display = "none";", [])

2019-06-28 16:44:46 - [MESSAGE][NOT_RUN] - NOT_RUN: executeJavaScript("var previewBar = document.getElementById("preview-bar-iframe"); previewBar.style.display = "none";", [])

2019-06-28 16:44:46 - [TEST_STEP][PASSED] - setViewPortSize(360, 800): Viewport is set to new size with width = 360 and height = 800

2019-06-28 16:44:46 - [MESSAGE][PASSED] - Viewport is set to new size with width = 360 and height = 800

2019-06-28 16:44:46 - [TEST_STEP][PASSED] - delay(4): Delayed 4 second(s)

2019-06-28 16:44:50 - [MESSAGE][PASSED] - Delayed 4 second(s)

2019-06-28 16:44:50 - [TEST_STEP][PASSED] - selectOptionByValue(findTestObject("OCS-MOBILE /Age gate and burger menu/Date"), "12", true): All options with value '12' are selected in object 'Object Repository/OCS-MOBILE /Age gate and burger menu/Date'  using regular expression

2019-06-28 16:44:50 - [MESSAGE][PASSED] - All options with value '12' are selected in object 'Object Repository/OCS-MOBILE /Age gate and burger menu/Date'  using regular expression

2019-06-28 16:44:50 - [TEST_STEP][PASSED] - selectOptionByValue(findTestObject("OCS-MOBILE /Age gate and burger menu/month"), "6", true): All options with value '6' are selected in object 'Object Repository/OCS-MOBILE /Age gate and burger menu/month'  using regular expression

2019-06-28 16:44:51 - [MESSAGE][PASSED] - All options with value '6' are selected in object 'Object Repository/OCS-MOBILE /Age gate and burger menu/month'  using regular expression

2019-06-28 16:44:51 - [TEST_STEP][PASSED] - delay(2): Delayed 2 second(s)

2019-06-28 16:44:53 - [MESSAGE][PASSED] - Delayed 2 second(s)

2019-06-28 16:44:53 - [TEST_STEP][PASSED] - selectOptionByValue(findTestObject("OCS-MOBILE /Age gate and burger menu/Year Dropdown"), "1990", true): All options with value '1990' are selected in object 'Object Repository/OCS-MOBILE /Age gate and burger menu/Year Dropdown'  using regular expression

2019-06-28 16:44:54 - [MESSAGE][PASSED] - All options with value '1990' are selected in object 'Object Repository/OCS-MOBILE /Age gate and burger menu/Year Dropdown'  using regular expression

2019-06-28 16:44:54 - [TEST_STEP][PASSED] - click(findTestObject("OCS-MOBILE /Age gate and Mega menu/button_Verify")): Object: 'Object Repository/OCS-MOBILE /Age gate and Mega menu/button_Verify' is clicked on

2019-06-28 16:44:54 - [MESSAGE][PASSED] - Object: 'Object Repository/OCS-MOBILE /Age gate and Mega menu/button_Verify' is clicked on

2019-06-28 16:44:54 - [TEST_STEP][PASSED] - click(findTestObject("OCS-MOBILE /Age gate and Mega menu/Checkbox_CONFIRM AND ACKNOWLEDGE")): Object: 'Object Repository/OCS-MOBILE /Age gate and Mega menu/Checkbox_CONFIRM AND ACKNOWLEDGE' is clicked on

2019-06-28 16:44:54 - [MESSAGE][PASSED] - Object: 'Object Repository/OCS-MOBILE /Age gate and Mega menu/Checkbox_CONFIRM AND ACKNOWLEDGE' is clicked on

2019-06-28 16:44:54 - [TEST_STEP][PASSED] - click(findTestObject("OCS-MOBILE /Age gate and Mega menu/button_CONFIRM")): Object: 'Object Repository/OCS-MOBILE /Age gate and Mega menu/button_CONFIRM' is clicked on

2019-06-28 16:44:54 - [MESSAGE][PASSED] - Object: 'Object Repository/OCS-MOBILE /Age gate and Mega menu/button_CONFIRM' is clicked on

2019-06-28 16:44:54 - [TEST_STEP][PASSED] - click(findTestObject("OCS-MOBILE /Age gate and Mega menu/button_Start Browsing")): Object: 'Object Repository/OCS-MOBILE /Age gate and Mega menu/button_Start Browsing' is clicked on

2019-06-28 16:44:55 - [MESSAGE][PASSED] - Object: 'Object Repository/OCS-MOBILE /Age gate and Mega menu/button_Start Browsing' is clicked on

2019-06-28 16:44:55 - [TEST_STEP][PASSED] - navigateToUrl("https://ocs.ca/products/dream-weaver", STOP_ON_FAILURE): Navigate to 'https://ocs.ca/products/dream-weaver' successfully

2019-06-28 16:44:58 - [MESSAGE][PASSED] - Navigate to 'https://ocs.ca/products/dream-weaver' successfully

2019-06-28 16:44:58 - [TEST_STEP][NOT_RUN] - executeJavaScript("var previewBar = document.getElementById("preview-bar-iframe"); previewBar.style.display = "none";", []): NOT_RUN: executeJavaScript("var previewBar = document.getElementById("preview-bar-iframe"); previewBar.style.display = "none";", [])

2019-06-28 16:44:58 - [MESSAGE][NOT_RUN] - NOT_RUN: executeJavaScript("var previewBar = document.getElementById("preview-bar-iframe"); previewBar.style.display = "none";", [])

2019-06-28 16:44:58 - [MESSAGE][PASSED] - Call Test Case 'Test Cases/OCS - MOBILE/CALL- SWATCH- NO INVENTORY' successfully

2019-06-28 16:44:58 - [TEST_STEP][PASSED] - delay(2): Delayed 2 second(s)

2019-06-28 16:45:00 - [MESSAGE][PASSED] - Delayed 2 second(s)

2019-06-28 16:45:00 - [TEST_STEP][NOT_RUN] - click(findTestObject("OCS-MOBILE /Age gate and burger menu/Burger menu - English")): NOT_RUN: click(findTestObject("OCS-MOBILE /Age gate and burger menu/Burger menu - English"))

2019-06-28 16:45:00 - [MESSAGE][NOT_RUN] - NOT_RUN: click(findTestObject("OCS-MOBILE /Age gate and burger menu/Burger menu - English"))

2019-06-28 16:45:00 - [TEST_STEP][NOT_RUN] - delay(2): NOT_RUN: delay(2)

2019-06-28 16:45:00 - [MESSAGE][NOT_RUN] - NOT_RUN: delay(2)

2019-06-28 16:45:00 - [TEST_STEP][NOT_RUN] - click(findTestObject("OCS-MOBILE /Cannabis page/Cannabis chevron")): NOT_RUN: click(findTestObject("OCS-MOBILE /Cannabis page/Cannabis chevron"))

2019-06-28 16:45:00 - [MESSAGE][NOT_RUN] - NOT_RUN: click(findTestObject("OCS-MOBILE /Cannabis page/Cannabis chevron"))

2019-06-28 16:45:00 - [TEST_STEP][NOT_RUN] - delay(2): NOT_RUN: delay(2)

2019-06-28 16:45:00 - [MESSAGE][NOT_RUN] - NOT_RUN: delay(2)

2019-06-28 16:45:00 - [TEST_STEP][NOT_RUN] - click(findTestObject("OCS-MOBILE /Cannabis page/Dried flower - plus accordian")): NOT_RUN: click(findTestObject("OCS-MOBILE /Cannabis page/Dried flower - plus accordian"))

2019-06-28 16:45:00 - [MESSAGE][NOT_RUN] - NOT_RUN: click(findTestObject("OCS-MOBILE /Cannabis page/Dried flower - plus accordian"))

2019-06-28 16:45:00 - [TEST_STEP][NOT_RUN] - delay(2): NOT_RUN: delay(2)

2019-06-28 16:45:00 - [MESSAGE][NOT_RUN] - NOT_RUN: delay(2)

2019-06-28 16:45:00 - [TEST_STEP][NOT_RUN] - click(findTestObject("OCS-MOBILE /Cannabis page/Dried flower - Indica dominant")): NOT_RUN: click(findTestObject("OCS-MOBILE /Cannabis page/Dried flower - Indica dominant"))

2019-06-28 16:45:00 - [MESSAGE][NOT_RUN] - NOT_RUN: click(findTestObject("OCS-MOBILE /Cannabis page/Dried flower - Indica dominant"))

2019-06-28 16:45:00 - [TEST_STEP][NOT_RUN] - delay(2): NOT_RUN: delay(2)

2019-06-28 16:45:00 - [MESSAGE][NOT_RUN] - NOT_RUN: delay(2)

2019-06-28 16:45:00 - [TEST_STEP][NOT_RUN] - click(findTestObject("OCS-MOBILE /Collection page/Product image - 1st one")): NOT_RUN: click(findTestObject("OCS-MOBILE /Collection page/Product image - 1st one"))

2019-06-28 16:45:00 - [MESSAGE][NOT_RUN] - NOT_RUN: click(findTestObject("OCS-MOBILE /Collection page/Product image - 1st one"))

2019-06-28 16:45:00 - [TEST_STEP][NOT_RUN] - scrollToElement(findTestObject("OCS-MOBILE /Product page/Product image"), 1): NOT_RUN: scrollToElement(findTestObject("OCS-MOBILE /Product page/Product image"), 1)

2019-06-28 16:45:00 - [MESSAGE][NOT_RUN] - NOT_RUN: scrollToElement(findTestObject("OCS-MOBILE /Product page/Product image"), 1)

2019-06-28 16:45:00 - [TEST_STEP][PASSED] - delay(2): Delayed 2 second(s)

2019-06-28 16:45:02 - [MESSAGE][PASSED] - Delayed 2 second(s)

2019-06-28 16:45:02 - [TEST_STEP][PASSED] - click(findTestObject("OCS-MOBILE /Product page/Swatch_1g"), STOP_ON_FAILURE): Object: 'Object Repository/OCS-MOBILE /Product page/Swatch_1g' is clicked on

2019-06-28 16:45:02 - [MESSAGE][PASSED] - Object: 'Object Repository/OCS-MOBILE /Product page/Swatch_1g' is clicked on

2019-06-28 16:45:02 - [TEST_STEP][PASSED] - takeScreenshot(): Taking screenshot successfully

2019-06-28 16:45:02 - [MESSAGE][PASSED] - Taking screenshot successfully
[[ATTACHMENT|/Users/sumankompelly/Relative xpath-Mobile/Reports/Live site/20190628_163954/1561754702485.png]]

2019-06-28 16:45:02 - [TEST_STEP][PASSED] - scrollToElement(findTestObject("OCS-MOBILE /Product page/Swatch_3.5g"), 1): Scroll to object 'Object Repository/OCS-MOBILE /Product page/Swatch_3.5g' successfully

2019-06-28 16:45:02 - [MESSAGE][PASSED] - Scroll to object 'Object Repository/OCS-MOBILE /Product page/Swatch_3.5g' successfully

2019-06-28 16:45:02 - [TEST_STEP][PASSED] - delay(2): Delayed 2 second(s)

2019-06-28 16:45:04 - [MESSAGE][PASSED] - Delayed 2 second(s)

2019-06-28 16:45:04 - [TEST_STEP][PASSED] - click(findTestObject("OCS-MOBILE /Product page/Add to Bag-button")): Object: 'Object Repository/OCS-MOBILE /Product page/Add to Bag-button' is clicked on

2019-06-28 16:45:04 - [MESSAGE][PASSED] - Object: 'Object Repository/OCS-MOBILE /Product page/Add to Bag-button' is clicked on

2019-06-28 16:45:04 - [TEST_STEP][PASSED] - delay(4): Delayed 4 second(s)

2019-06-28 16:45:08 - [MESSAGE][PASSED] - Delayed 4 second(s)

2019-06-28 16:45:08 - [TEST_STEP][NOT_RUN] - click(findTestObject("OCS-MOBILE /Home - page/Cart icon -bag")): NOT_RUN: click(findTestObject("OCS-MOBILE /Home - page/Cart icon -bag"))

2019-06-28 16:45:08 - [MESSAGE][NOT_RUN] - NOT_RUN: click(findTestObject("OCS-MOBILE /Home - page/Cart icon -bag"))

2019-06-28 16:45:08 - [TEST_STEP][PASSED] - delay(4, OPTIONAL): Delayed 4 second(s)

2019-06-28 16:45:12 - [MESSAGE][PASSED] - Delayed 4 second(s)

2019-06-28 16:45:12 - [TEST_STEP][NOT_RUN] - click(findTestObject("OCS-MOBILE /Age gate and burger menu/button_Hide bar"), OPTIONAL): NOT_RUN: click(findTestObject("OCS-MOBILE /Age gate and burger menu/button_Hide bar"), OPTIONAL)

2019-06-28 16:45:12 - [MESSAGE][NOT_RUN] - NOT_RUN: click(findTestObject("OCS-MOBILE /Age gate and burger menu/button_Hide bar"), OPTIONAL)

2019-06-28 16:45:12 - [TEST_STEP][PASSED] - delay(2, OPTIONAL): Delayed 2 second(s)

2019-06-28 16:45:14 - [MESSAGE][PASSED] - Delayed 2 second(s)

2019-06-28 16:45:14 - [TEST_STEP][PASSED] - setViewPortSize(360, 800, OPTIONAL): Viewport is set to new size with width = 360 and height = 800

2019-06-28 16:45:14 - [MESSAGE][PASSED] - Viewport is set to new size with width = 360 and height = 800

2019-06-28 16:45:14 - [TEST_STEP][PASSED] - delay(2): Delayed 2 second(s)

2019-06-28 16:45:16 - [MESSAGE][PASSED] - Delayed 2 second(s)

2019-06-28 16:45:16 - [TEST_STEP][PASSED] - click(findTestObject("OCS-MOBILE /Cart flyout/Back icon")): Object: 'Object Repository/OCS-MOBILE /Cart flyout/Back icon' is clicked on

2019-06-28 16:45:16 - [MESSAGE][PASSED] - Object: 'Object Repository/OCS-MOBILE /Cart flyout/Back icon' is clicked on

2019-06-28 16:45:16 - [TEST_STEP][PASSED] - delay(2): Delayed 2 second(s)

2019-06-28 16:45:18 - [MESSAGE][PASSED] - Delayed 2 second(s)

2019-06-28 16:45:18 - [TEST_STEP][NOT_RUN] - scrollToElement(findTestObject("OCS-MOBILE /Product page/Product image"), 1): NOT_RUN: scrollToElement(findTestObject("OCS-MOBILE /Product page/Product image"), 1)

2019-06-28 16:45:18 - [MESSAGE][NOT_RUN] - NOT_RUN: scrollToElement(findTestObject("OCS-MOBILE /Product page/Product image"), 1)

2019-06-28 16:45:18 - [TEST_STEP][PASSED] - delay(2): Delayed 2 second(s)

2019-06-28 16:45:20 - [MESSAGE][PASSED] - Delayed 2 second(s)

2019-06-28 16:45:20 - [TEST_STEP][PASSED] - flag = verifyElementPresent(findTestObject("OCS-MOBILE /Product page/Swatch_3.5g"), 0): Object 'Object Repository/OCS-MOBILE /Product page/Swatch_3.5g' is present

2019-06-28 16:45:20 - [MESSAGE][WARNING] - Timeout '0' is invalid. Using default page load timeout: '30'

2019-06-28 16:45:20 - [MESSAGE][PASSED] - Object 'Object Repository/OCS-MOBILE /Product page/Swatch_3.5g' is present

2019-06-28 16:45:20 - [TEST_STEP][PASSED] - comment(" flag=" + flag):  flag=true

2019-06-28 16:45:20 - [MESSAGE][INFO] -  flag=true

2019-06-28 16:45:20 - [TEST_STEP][PASSED] - takeScreenshot(): Taking screenshot successfully

2019-06-28 16:45:20 - [MESSAGE][PASSED] - Taking screenshot successfully
[[ATTACHMENT|/Users/sumankompelly/Relative xpath-Mobile/Reports/Live site/20190628_163954/1561754720748.png]]

2019-06-28 16:45:20 - [TEST_STEP][FAILED] - if (flag == true): if (flag == true) FAILED.
Reason:
com.kms.katalon.core.exception.StepFailedException: Unable to verify equal between actual object '0' and expected object '





$44.35' (Root cause: com.kms.katalon.core.exception.StepFailedException: Actual object '0' and expected object '





$44.35' are not equal)
	at com.kms.katalon.core.keyword.internal.KeywordMain.stepFailed(KeywordMain.groovy:36)
	at com.kms.katalon.core.keyword.internal.KeywordMain.stepFailed(KeywordMain.groovy)
	at com.kms.katalon.core.keyword.internal.KeywordMain.runKeyword(KeywordMain.groovy:56)
	at com.kms.katalon.core.keyword.builtin.VerifyEqualKeyword.verifyEqual(VerifyEqualKeyword.groovy:63)
	at com.kms.katalon.core.keyword.builtin.VerifyEqualKeyword.execute(VerifyEqualKeyword.groovy:44)
	at com.kms.katalon.core.keyword.internal.KeywordExecutor.executeKeywordForPlatform(KeywordExecutor.groovy:53)
	at com.kms.katalon.core.keyword.BuiltinKeywords.verifyEqual(BuiltinKeywords.groovy:141)
	at Cart.run(Cart:207)
	at com.kms.katalon.core.main.ScriptEngine.run(ScriptEngine.java:194)
	at com.kms.katalon.core.main.ScriptEngine.runScriptAsRawText(ScriptEngine.java:119)
	at com.kms.katalon.core.main.TestCaseExecutor.runScript(TestCaseExecutor.java:328)
	at com.kms.katalon.core.main.TestCaseExecutor.doExecute(TestCaseExecutor.java:319)
	at com.kms.katalon.core.main.TestCaseExecutor.processExecutionPhase(TestCaseExecutor.java:298)
	at com.kms.katalon.core.main.TestCaseExecutor.accessMainPhase(TestCaseExecutor.java:290)
	at com.kms.katalon.core.main.TestCaseExecutor.execute(TestCaseExecutor.java:224)
	at com.kms.katalon.core.main.TestSuiteExecutor.accessTestCaseMainPhase(TestSuiteExecutor.java:129)
	at com.kms.katalon.core.main.TestSuiteExecutor.accessTestSuiteMainPhase(TestSuiteExecutor.java:112)
	at com.kms.katalon.core.main.TestSuiteExecutor.execute(TestSuiteExecutor.java:81)
	at com.kms.katalon.core.main.TestCaseMain.startTestSuite(TestCaseMain.java:149)
	at com.kms.katalon.core.main.TestCaseMain$startTestSuite$0.call(Unknown Source)
	at TempTestSuite1561754394056.run(TempTestSuite1561754394056.groovy:36)


2019-06-28 16:45:20 - [TEST_STEP][PASSED] - delay(2): Delayed 2 second(s)

2019-06-28 16:45:22 - [MESSAGE][PASSED] - Delayed 2 second(s)

2019-06-28 16:45:22 - [TEST_STEP][PASSED] - click(findTestObject("OCS-MOBILE /Product page/Swatch_3.5g"), CONTINUE_ON_FAILURE): Object: 'Object Repository/OCS-MOBILE /Product page/Swatch_3.5g' is clicked on

2019-06-28 16:45:22 - [MESSAGE][PASSED] - Object: 'Object Repository/OCS-MOBILE /Product page/Swatch_3.5g' is clicked on

2019-06-28 16:45:22 - [TEST_STEP][PASSED] - delay(2): Delayed 2 second(s)

2019-06-28 16:45:24 - [MESSAGE][PASSED] - Delayed 2 second(s)

2019-06-28 16:45:24 - [TEST_STEP][PASSED] - click(findTestObject("OCS-MOBILE /Product page/Add to Bag-button")): Object: 'Object Repository/OCS-MOBILE /Product page/Add to Bag-button' is clicked on

2019-06-28 16:45:24 - [MESSAGE][PASSED] - Object: 'Object Repository/OCS-MOBILE /Product page/Add to Bag-button' is clicked on

2019-06-28 16:45:24 - [TEST_STEP][PASSED] - delay(3): Delayed 3 second(s)

2019-06-28 16:45:27 - [MESSAGE][PASSED] - Delayed 3 second(s)

2019-06-28 16:45:27 - [TEST_STEP][NOT_RUN] - click(findTestObject("OCS-MOBILE /Home - page/Cart icon -bag")): NOT_RUN: click(findTestObject("OCS-MOBILE /Home - page/Cart icon -bag"))

2019-06-28 16:45:27 - [MESSAGE][NOT_RUN] - NOT_RUN: click(findTestObject("OCS-MOBILE /Home - page/Cart icon -bag"))

2019-06-28 16:45:27 - [TEST_STEP][PASSED] - delay(2): Delayed 2 second(s)

2019-06-28 16:45:29 - [MESSAGE][PASSED] - Delayed 2 second(s)

2019-06-28 16:45:29 - [TEST_STEP][PASSED] - click(findTestObject("OCS-MOBILE /Cart flyout/Checkbox_I confirm that")): Object: 'Object Repository/OCS-MOBILE /Cart flyout/Checkbox_I confirm that' is clicked on

2019-06-28 16:45:29 - [MESSAGE][PASSED] - Object: 'Object Repository/OCS-MOBILE /Cart flyout/Checkbox_I confirm that' is clicked on

2019-06-28 16:45:29 - [TEST_STEP][PASSED] - click(findTestObject("OCS-MOBILE /Cart flyout/Checkbox_Accept the Terms Condition")): Object: 'Object Repository/OCS-MOBILE /Cart flyout/Checkbox_Accept the Terms Condition' is clicked on

2019-06-28 16:45:29 - [MESSAGE][PASSED] - Object: 'Object Repository/OCS-MOBILE /Cart flyout/Checkbox_Accept the Terms Condition' is clicked on

2019-06-28 16:45:29 - [TEST_STEP][PASSED] - delay(2): Delayed 2 second(s)

2019-06-28 16:45:31 - [MESSAGE][PASSED] - Delayed 2 second(s)

2019-06-28 16:45:31 - [TEST_STEP][PASSED] - click(findTestObject("OCS-MOBILE /Cart flyout/Checkout - Button")): Object: 'Object Repository/OCS-MOBILE /Cart flyout/Checkout - Button' is clicked on

2019-06-28 16:45:32 - [MESSAGE][PASSED] - Object: 'Object Repository/OCS-MOBILE /Cart flyout/Checkout - Button' is clicked on

2019-06-28 16:45:32 - [TEST_STEP][NOT_RUN] - executeJavaScript("var previewBar = document.getElementById("preview-bar-iframe"); previewBar.style.display = "none";", []): NOT_RUN: executeJavaScript("var previewBar = document.getElementById("preview-bar-iframe"); previewBar.style.display = "none";", [])

2019-06-28 16:45:32 - [MESSAGE][NOT_RUN] - NOT_RUN: executeJavaScript("var previewBar = document.getElementById("preview-bar-iframe"); previewBar.style.display = "none";", [])

2019-06-28 16:45:32 - [TEST_STEP][PASSED] - delay(2): Delayed 2 second(s)

2019-06-28 16:45:34 - [MESSAGE][PASSED] - Delayed 2 second(s)

2019-06-28 16:45:34 - [TEST_STEP][PASSED] - scrollToElement(findTestObject("OCS-MOBILE /Customer info page/Return to Cart - Link"), 1): Scroll to object 'Object Repository/OCS-MOBILE /Customer info page/Return to Cart - Link' successfully

2019-06-28 16:45:34 - [MESSAGE][PASSED] - Scroll to object 'Object Repository/OCS-MOBILE /Customer info page/Return to Cart - Link' successfully

2019-06-28 16:45:34 - [TEST_STEP][PASSED] - delay(2): Delayed 2 second(s)

2019-06-28 16:45:36 - [MESSAGE][PASSED] - Delayed 2 second(s)

2019-06-28 16:45:36 - [TEST_STEP][PASSED] - setViewPortSize(1000, 800, OPTIONAL): Viewport is set to new size with width = 1000 and height = 800

2019-06-28 16:45:37 - [MESSAGE][PASSED] - Viewport is set to new size with width = 1000 and height = 800

2019-06-28 16:45:37 - [TEST_STEP][PASSED] - delay(2, OPTIONAL): Delayed 2 second(s)

2019-06-28 16:45:39 - [MESSAGE][PASSED] - Delayed 2 second(s)

2019-06-28 16:45:39 - [TEST_STEP][PASSED] - click(findTestObject("Theme_oR/Page_Ontario Cannabis Store  Ontari/button_Hide bar"), OPTIONAL): Unable to click on object (Root cause: java.lang.IllegalArgumentException: Object is null)

2019-06-28 16:45:39 - [MESSAGE][WARNING] - Test object with id 'Object Repository/Theme_oR/Page_Ontario Cannabis Store  Ontari/button_Hide bar' does not exist

2019-06-28 16:45:39 - [MESSAGE][WARNING] - Test object with id 'Object Repository/' does not exist

2019-06-28 16:45:39 - [MESSAGE][WARNING] - Unable to click on object (Root cause: java.lang.IllegalArgumentException: Object is null)
[[ATTACHMENT|/Users/sumankompelly/Relative xpath-Mobile/Reports/Live site/20190628_163954/1561754739053.png]]

2019-06-28 16:45:39 - [TEST_STEP][PASSED] - delay(2, OPTIONAL): Delayed 2 second(s)

2019-06-28 16:45:41 - [MESSAGE][PASSED] - Delayed 2 second(s)

2019-06-28 16:45:41 - [TEST_STEP][PASSED] - setViewPortSize(360, 800, OPTIONAL): Viewport is set to new size with width = 360 and height = 800

2019-06-28 16:45:41 - [MESSAGE][PASSED] - Viewport is set to new size with width = 360 and height = 800

2019-06-28 16:45:41 - [TEST_STEP][PASSED] - delay(1): Delayed 1 second(s)

2019-06-28 16:45:42 - [MESSAGE][PASSED] - Delayed 1 second(s)

2019-06-28 16:45:42 - [TEST_STEP][PASSED] - click(findTestObject("OCS-MOBILE /Customer info page/Return to Cart - Link")): Object: 'Object Repository/OCS-MOBILE /Customer info page/Return to Cart - Link' is clicked on

2019-06-28 16:45:43 - [MESSAGE][PASSED] - Object: 'Object Repository/OCS-MOBILE /Customer info page/Return to Cart - Link' is clicked on

2019-06-28 16:45:43 - [TEST_STEP][PASSED] - delay(2): Delayed 2 second(s)

2019-06-28 16:45:45 - [MESSAGE][PASSED] - Delayed 2 second(s)

2019-06-28 16:45:45 - [TEST_STEP][NOT_RUN] - executeJavaScript("var previewBar = document.getElementById("preview-bar-iframe"); previewBar.style.display = "none";", []): NOT_RUN: executeJavaScript("var previewBar = document.getElementById("preview-bar-iframe"); previewBar.style.display = "none";", [])

2019-06-28 16:45:45 - [MESSAGE][NOT_RUN] - NOT_RUN: executeJavaScript("var previewBar = document.getElementById("preview-bar-iframe"); previewBar.style.display = "none";", [])

2019-06-28 16:45:45 - [TEST_STEP][PASSED] - delay(2): Delayed 2 second(s)

2019-06-28 16:45:47 - [MESSAGE][PASSED] - Delayed 2 second(s)

2019-06-28 16:45:47 - [TEST_STEP][PASSED] - setViewPortSize(1000, 800, OPTIONAL): Viewport is set to new size with width = 1000 and height = 800

2019-06-28 16:45:47 - [MESSAGE][PASSED] - Viewport is set to new size with width = 1000 and height = 800

2019-06-28 16:45:47 - [TEST_STEP][PASSED] - delay(2, OPTIONAL): Delayed 2 second(s)

2019-06-28 16:45:49 - [MESSAGE][PASSED] - Delayed 2 second(s)

2019-06-28 16:45:49 - [TEST_STEP][PASSED] - click(findTestObject("Theme_oR/Page_Ontario Cannabis Store  Ontari/button_Hide bar"), OPTIONAL): Unable to click on object (Root cause: java.lang.IllegalArgumentException: Object is null)

2019-06-28 16:45:49 - [MESSAGE][WARNING] - Test object with id 'Object Repository/Theme_oR/Page_Ontario Cannabis Store  Ontari/button_Hide bar' does not exist

2019-06-28 16:45:49 - [MESSAGE][WARNING] - Test object with id 'Object Repository/' does not exist

2019-06-28 16:45:49 - [MESSAGE][WARNING] - Unable to click on object (Root cause: java.lang.IllegalArgumentException: Object is null)
[[ATTACHMENT|/Users/sumankompelly/Relative xpath-Mobile/Reports/Live site/20190628_163954/1561754749170.png]]

2019-06-28 16:45:49 - [TEST_STEP][PASSED] - delay(2, OPTIONAL): Delayed 2 second(s)

2019-06-28 16:45:51 - [MESSAGE][PASSED] - Delayed 2 second(s)

2019-06-28 16:45:51 - [TEST_STEP][PASSED] - setViewPortSize(360, 800, OPTIONAL): Viewport is set to new size with width = 360 and height = 800

2019-06-28 16:45:51 - [MESSAGE][PASSED] - Viewport is set to new size with width = 360 and height = 800

2019-06-28 16:45:51 - [TEST_STEP][PASSED] - delay(1, OPTIONAL): Delayed 1 second(s)

2019-06-28 16:45:52 - [MESSAGE][PASSED] - Delayed 1 second(s)

2019-06-28 16:45:52 - [TEST_STEP][PASSED] - a = getText(findTestObject("OCS-MOBILE /Cart page/Unit price - 1st product")): Text of object 'Object Repository/OCS-MOBILE /Cart page/Unit price - 1st product' is: '






$34.10'

2019-06-28 16:45:52 - [MESSAGE][PASSED] - Text of object 'Object Repository/OCS-MOBILE /Cart page/Unit price - 1st product' is: '






$34.10'

2019-06-28 16:45:52 - [TEST_STEP][PASSED] - comment(a): 






$34.10

2019-06-28 16:45:52 - [MESSAGE][INFO] - 






$34.10

2019-06-28 16:45:52 - [TEST_STEP][PASSED] - a1 = a.substring(1): null

2019-06-28 16:45:52 - [TEST_STEP][PASSED] - comment("a1 = " + a1): a1 = 





$34.10

2019-06-28 16:45:52 - [MESSAGE][INFO] - a1 = 





$34.10

2019-06-28 16:45:52 - [TEST_STEP][PASSED] - delay(2): Delayed 2 second(s)

2019-06-28 16:45:54 - [MESSAGE][PASSED] - Delayed 2 second(s)

2019-06-28 16:45:54 - [TEST_STEP][PASSED] - b = getText(findTestObject("OCS-MOBILE /Cart page/Unit price - 2nd product")): Text of object 'Object Repository/OCS-MOBILE /Cart page/Unit price - 2nd product' is: '






$10.25'

2019-06-28 16:45:54 - [MESSAGE][PASSED] - Text of object 'Object Repository/OCS-MOBILE /Cart page/Unit price - 2nd product' is: '






$10.25'

2019-06-28 16:45:54 - [TEST_STEP][PASSED] - comment(b): 






$10.25

2019-06-28 16:45:54 - [MESSAGE][INFO] - 






$10.25

2019-06-28 16:45:54 - [TEST_STEP][PASSED] - a2 = b.substring(1): null

2019-06-28 16:45:54 - [TEST_STEP][PASSED] - comment("a2 = " + a2): a2 = 





$10.25

2019-06-28 16:45:54 - [MESSAGE][INFO] - a2 = 





$10.25

2019-06-28 16:45:54 - [TEST_STEP][PASSED] - c = getText(findTestObject("OCS-MOBILE /Cart page/Sub-total")): Text of object 'Object Repository/OCS-MOBILE /Cart page/Sub-total' is: '






$44.35'

2019-06-28 16:45:54 - [MESSAGE][PASSED] - Text of object 'Object Repository/OCS-MOBILE /Cart page/Sub-total' is: '






$44.35'

2019-06-28 16:45:54 - [TEST_STEP][PASSED] - comment(c): 






$44.35

2019-06-28 16:45:54 - [MESSAGE][INFO] - 






$44.35

2019-06-28 16:45:54 - [TEST_STEP][PASSED] - a3 = c.substring(1): null

2019-06-28 16:45:54 - [TEST_STEP][PASSED] - comment("a3 = " + a3): a3 = 





$44.35

2019-06-28 16:45:54 - [MESSAGE][INFO] - a3 = 





$44.35

2019-06-28 16:45:54 - [TEST_STEP][PASSED] - p2 = <not implemented yet for class: org.codehaus.groovy.ast.expr.EmptyExpression>: null

2019-06-28 16:45:54 - [TEST_STEP][PASSED] - p3 = <not implemented yet for class: org.codehaus.groovy.ast.expr.EmptyExpression>: null

2019-06-28 16:45:54 - [TEST_STEP][PASSED] - try: null

2019-06-28 16:45:54 - [TEST_STEP][PASSED] - x1 = a1: null

2019-06-28 16:45:54 - [TEST_STEP][PASSED] - comment("x1=" + x1): x1=





$34.10

2019-06-28 16:45:54 - [MESSAGE][INFO] - x1=





$34.10

2019-06-28 16:45:54 - [TEST_STEP][PASSED] - p2 = Double.valueOf(x1): null

2019-06-28 16:45:54 - [TEST_STEP][PASSED] - catch (NumberFormatException ex): null

2019-06-28 16:45:54 - [TEST_STEP][PASSED] - try: null

2019-06-28 16:45:54 - [TEST_STEP][PASSED] - x2 = a2: null

2019-06-28 16:45:54 - [TEST_STEP][PASSED] - comment("x2=" + x2): x2=





$10.25

2019-06-28 16:45:54 - [MESSAGE][INFO] - x2=





$10.25

2019-06-28 16:45:54 - [TEST_STEP][PASSED] - p3 = Double.valueOf(x2): null

2019-06-28 16:45:54 - [TEST_STEP][PASSED] - catch (NumberFormatException ex): null

2019-06-28 16:45:54 - [TEST_STEP][PASSED] - comment("p2=" + p2): p2=0.0

2019-06-28 16:45:54 - [MESSAGE][INFO] - p2=0.0

2019-06-28 16:45:54 - [TEST_STEP][PASSED] - comment("p3=" + p3): p3=0.0

2019-06-28 16:45:54 - [MESSAGE][INFO] - p3=0.0

2019-06-28 16:45:54 - [TEST_STEP][PASSED] - total = p2 + p3: null

2019-06-28 16:45:54 - [TEST_STEP][PASSED] - comment("total=" + total): total=0.0

2019-06-28 16:45:54 - [MESSAGE][INFO] - total=0.0

2019-06-28 16:45:54 - [TEST_STEP][FAILED] - verifyEqual(total, a3): if (flag == true) FAILED.
Reason:
com.kms.katalon.core.exception.StepFailedException: Unable to verify equal between actual object '0' and expected object '





$44.35' (Root cause: com.kms.katalon.core.exception.StepFailedException: Actual object '0' and expected object '





$44.35' are not equal)
	at com.kms.katalon.core.keyword.internal.KeywordMain.stepFailed(KeywordMain.groovy:36)
	at com.kms.katalon.core.keyword.internal.KeywordMain.stepFailed(KeywordMain.groovy)
	at com.kms.katalon.core.keyword.internal.KeywordMain.runKeyword(KeywordMain.groovy:56)
	at com.kms.katalon.core.keyword.builtin.VerifyEqualKeyword.verifyEqual(VerifyEqualKeyword.groovy:63)
	at com.kms.katalon.core.keyword.builtin.VerifyEqualKeyword.execute(VerifyEqualKeyword.groovy:44)
	at com.kms.katalon.core.keyword.internal.KeywordExecutor.executeKeywordForPlatform(KeywordExecutor.groovy:53)
	at com.kms.katalon.core.keyword.BuiltinKeywords.verifyEqual(BuiltinKeywords.groovy:141)
	at Cart.run(Cart:207)
	at com.kms.katalon.core.main.ScriptEngine.run(ScriptEngine.java:194)
	at com.kms.katalon.core.main.ScriptEngine.runScriptAsRawText(ScriptEngine.java:119)
	at com.kms.katalon.core.main.TestCaseExecutor.runScript(TestCaseExecutor.java:328)
	at com.kms.katalon.core.main.TestCaseExecutor.doExecute(TestCaseExecutor.java:319)
	at com.kms.katalon.core.main.TestCaseExecutor.processExecutionPhase(TestCaseExecutor.java:298)
	at com.kms.katalon.core.main.TestCaseExecutor.accessMainPhase(TestCaseExecutor.java:290)
	at com.kms.katalon.core.main.TestCaseExecutor.execute(TestCaseExecutor.java:224)
	at com.kms.katalon.core.main.TestSuiteExecutor.accessTestCaseMainPhase(TestSuiteExecutor.java:129)
	at com.kms.katalon.core.main.TestSuiteExecutor.accessTestSuiteMainPhase(TestSuiteExecutor.java:112)
	at com.kms.katalon.core.main.TestSuiteExecutor.execute(TestSuiteExecutor.java:81)
	at com.kms.katalon.core.main.TestCaseMain.startTestSuite(TestCaseMain.java:149)
	at com.kms.katalon.core.main.TestCaseMain$startTestSuite$0.call(Unknown Source)
	at TempTestSuite1561754394056.run(TempTestSuite1561754394056.groovy:36)


2019-06-28 16:45:54 - [MESSAGE][FAILED] - Unable to verify equal between actual object '0' and expected object '





$44.35' (Root cause: com.kms.katalon.core.exception.StepFailedException: Actual object '0' and expected object '





$44.35' are not equal)

2019-06-28 16:45:54 - [MESSAGE][FAILED] - if (flag == true) FAILED.
Reason:
com.kms.katalon.core.exception.StepFailedException: Unable to verify equal between actual object '0' and expected object '





$44.35' (Root cause: com.kms.katalon.core.exception.StepFailedException: Actual object '0' and expected object '





$44.35' are not equal)
	at com.kms.katalon.core.keyword.internal.KeywordMain.stepFailed(KeywordMain.groovy:36)
	at com.kms.katalon.core.keyword.internal.KeywordMain.stepFailed(KeywordMain.groovy)
	at com.kms.katalon.core.keyword.internal.KeywordMain.runKeyword(KeywordMain.groovy:56)
	at com.kms.katalon.core.keyword.builtin.VerifyEqualKeyword.verifyEqual(VerifyEqualKeyword.groovy:63)
	at com.kms.katalon.core.keyword.builtin.VerifyEqualKeyword.execute(VerifyEqualKeyword.groovy:44)
	at com.kms.katalon.core.keyword.internal.KeywordExecutor.executeKeywordForPlatform(KeywordExecutor.groovy:53)
	at com.kms.katalon.core.keyword.BuiltinKeywords.verifyEqual(BuiltinKeywords.groovy:141)
	at Cart.run(Cart:207)
	at com.kms.katalon.core.main.ScriptEngine.run(ScriptEngine.java:194)
	at com.kms.katalon.core.main.ScriptEngine.runScriptAsRawText(ScriptEngine.java:119)
	at com.kms.katalon.core.main.TestCaseExecutor.runScript(TestCaseExecutor.java:328)
	at com.kms.katalon.core.main.TestCaseExecutor.doExecute(TestCaseExecutor.java:319)
	at com.kms.katalon.core.main.TestCaseExecutor.processExecutionPhase(TestCaseExecutor.java:298)
	at com.kms.katalon.core.main.TestCaseExecutor.accessMainPhase(TestCaseExecutor.java:290)
	at com.kms.katalon.core.main.TestCaseExecutor.execute(TestCaseExecutor.java:224)
	at com.kms.katalon.core.main.TestSuiteExecutor.accessTestCaseMainPhase(TestSuiteExecutor.java:129)
	at com.kms.katalon.core.main.TestSuiteExecutor.accessTestSuiteMainPhase(TestSuiteExecutor.java:112)
	at com.kms.katalon.core.main.TestSuiteExecutor.execute(TestSuiteExecutor.java:81)
	at com.kms.katalon.core.main.TestCaseMain.startTestSuite(TestCaseMain.java:149)
	at com.kms.katalon.core.main.TestCaseMain$startTestSuite$0.call(Unknown Source)
	at TempTestSuite1561754394056.run(TempTestSuite1561754394056.groovy:36)]]></system-out>
         <system-err><![CDATA[2019-06-28 16:44:43 - [TEST_CASE][FAILED] - Test Cases/OCS - MOBILE/OCS- CRITICAL PATH/Cart: Test Cases/OCS - MOBILE/OCS- CRITICAL PATH/Cart FAILED.
Reason:
com.kms.katalon.core.exception.StepFailedException: Unable to verify equal between actual object '0' and expected object '





$44.35' (Root cause: com.kms.katalon.core.exception.StepFailedException: Actual object '0' and expected object '





$44.35' are not equal)
	at com.kms.katalon.core.keyword.internal.KeywordMain.stepFailed(KeywordMain.groovy:36)
	at com.kms.katalon.core.keyword.internal.KeywordMain.stepFailed(KeywordMain.groovy)
	at com.kms.katalon.core.keyword.internal.KeywordMain.runKeyword(KeywordMain.groovy:56)
	at com.kms.katalon.core.keyword.builtin.VerifyEqualKeyword.verifyEqual(VerifyEqualKeyword.groovy:63)
	at com.kms.katalon.core.keyword.builtin.VerifyEqualKeyword.execute(VerifyEqualKeyword.groovy:44)
	at com.kms.katalon.core.keyword.internal.KeywordExecutor.executeKeywordForPlatform(KeywordExecutor.groovy:53)
	at com.kms.katalon.core.keyword.BuiltinKeywords.verifyEqual(BuiltinKeywords.groovy:141)
	at Cart.run(Cart:207)
	at com.kms.katalon.core.main.ScriptEngine.run(ScriptEngine.java:194)
	at com.kms.katalon.core.main.ScriptEngine.runScriptAsRawText(ScriptEngine.java:119)
	at com.kms.katalon.core.main.TestCaseExecutor.runScript(TestCaseExecutor.java:328)
	at com.kms.katalon.core.main.TestCaseExecutor.doExecute(TestCaseExecutor.java:319)
	at com.kms.katalon.core.main.TestCaseExecutor.processExecutionPhase(TestCaseExecutor.java:298)
	at com.kms.katalon.core.main.TestCaseExecutor.accessMainPhase(TestCaseExecutor.java:290)
	at com.kms.katalon.core.main.TestCaseExecutor.execute(TestCaseExecutor.java:224)
	at com.kms.katalon.core.main.TestSuiteExecutor.accessTestCaseMainPhase(TestSuiteExecutor.java:129)
	at com.kms.katalon.core.main.TestSuiteExecutor.accessTestSuiteMainPhase(TestSuiteExecutor.java:112)
	at com.kms.katalon.core.main.TestSuiteExecutor.execute(TestSuiteExecutor.java:81)
	at com.kms.katalon.core.main.TestCaseMain.startTestSuite(TestCaseMain.java:149)
	at com.kms.katalon.core.main.TestCaseMain$startTestSuite$0.call(Unknown Source)
	at TempTestSuite1561754394056.run(TempTestSuite1561754394056.groovy:36)]]></system-err>
      </testcase>
      <testcase name="Test Cases/OCS - MOBILE/OCS- CRITICAL PATH/cart flyout- accessories" classname="Test Cases/OCS - MOBILE/OCS- CRITICAL PATH/cart flyout- accessories" status="PASSED">
         <system-out><![CDATA[2019-06-28 16:45:54 - [TEST_CASE][PASSED] - Test Cases/OCS - MOBILE/OCS- CRITICAL PATH/cart flyout- accessories: Test Cases/OCS - MOBILE/OCS- CRITICAL PATH/cart flyout- accessories

2019-06-28 16:45:54 - [TEST_STEP][PASSED] - callTestCase(findTestCase("OCS - MOBILE/CALL - AGE GATE"), [:], STOP_ON_FAILURE): Call Test Case 'Test Cases/OCS - MOBILE/CALL - AGE GATE' successfully

2019-06-28 16:45:54 - [TEST_CASE][PASSED] - Test Cases/OCS - MOBILE/CALL - AGE GATE: Test Cases/OCS - MOBILE/CALL - AGE GATE

2019-06-28 16:45:54 - [TEST_STEP][PASSED] - openBrowser(""): Browser is opened with url: ''

2019-06-28 16:45:54 - [MESSAGE][WARNING] - A browser is already opened. Closing browser and opening a new one

2019-06-28 16:45:54 - [MESSAGE][INFO] - Starting 'Safari' driver

2019-06-28 16:45:55 - [MESSAGE][PASSED] - Browser is opened with url: ''

2019-06-28 16:45:55 - [TEST_STEP][PASSED] - navigateToUrl("ocs.ca"): Navigate to 'http://ocs.ca' successfully

2019-06-28 16:45:56 - [MESSAGE][PASSED] - Navigate to 'http://ocs.ca' successfully

2019-06-28 16:45:56 - [TEST_STEP][NOT_RUN] - executeJavaScript("var previewBar = document.getElementById("preview-bar-iframe"); previewBar.style.display = "none";", []): NOT_RUN: executeJavaScript("var previewBar = document.getElementById("preview-bar-iframe"); previewBar.style.display = "none";", [])

2019-06-28 16:45:56 - [MESSAGE][NOT_RUN] - NOT_RUN: executeJavaScript("var previewBar = document.getElementById("preview-bar-iframe"); previewBar.style.display = "none";", [])

2019-06-28 16:45:56 - [TEST_STEP][PASSED] - setViewPortSize(360, 800): Viewport is set to new size with width = 360 and height = 800

2019-06-28 16:45:56 - [MESSAGE][PASSED] - Viewport is set to new size with width = 360 and height = 800

2019-06-28 16:45:56 - [TEST_STEP][PASSED] - delay(4): Delayed 4 second(s)

2019-06-28 16:46:00 - [MESSAGE][PASSED] - Delayed 4 second(s)

2019-06-28 16:46:00 - [TEST_STEP][PASSED] - selectOptionByValue(findTestObject("OCS-MOBILE /Age gate and burger menu/Date"), "12", true): All options with value '12' are selected in object 'Object Repository/OCS-MOBILE /Age gate and burger menu/Date'  using regular expression

2019-06-28 16:46:01 - [MESSAGE][PASSED] - All options with value '12' are selected in object 'Object Repository/OCS-MOBILE /Age gate and burger menu/Date'  using regular expression

2019-06-28 16:46:01 - [TEST_STEP][PASSED] - selectOptionByValue(findTestObject("OCS-MOBILE /Age gate and burger menu/month"), "6", true): All options with value '6' are selected in object 'Object Repository/OCS-MOBILE /Age gate and burger menu/month'  using regular expression

2019-06-28 16:46:01 - [MESSAGE][PASSED] - All options with value '6' are selected in object 'Object Repository/OCS-MOBILE /Age gate and burger menu/month'  using regular expression

2019-06-28 16:46:01 - [TEST_STEP][PASSED] - delay(2): Delayed 2 second(s)

2019-06-28 16:46:03 - [MESSAGE][PASSED] - Delayed 2 second(s)

2019-06-28 16:46:03 - [TEST_STEP][PASSED] - selectOptionByValue(findTestObject("OCS-MOBILE /Age gate and burger menu/Year Dropdown"), "1990", true): All options with value '1990' are selected in object 'Object Repository/OCS-MOBILE /Age gate and burger menu/Year Dropdown'  using regular expression

2019-06-28 16:46:05 - [MESSAGE][PASSED] - All options with value '1990' are selected in object 'Object Repository/OCS-MOBILE /Age gate and burger menu/Year Dropdown'  using regular expression

2019-06-28 16:46:05 - [TEST_STEP][PASSED] - click(findTestObject("OCS-MOBILE /Age gate and Mega menu/button_Verify")): Object: 'Object Repository/OCS-MOBILE /Age gate and Mega menu/button_Verify' is clicked on

2019-06-28 16:46:05 - [MESSAGE][PASSED] - Object: 'Object Repository/OCS-MOBILE /Age gate and Mega menu/button_Verify' is clicked on

2019-06-28 16:46:05 - [TEST_STEP][PASSED] - click(findTestObject("OCS-MOBILE /Age gate and Mega menu/Checkbox_CONFIRM AND ACKNOWLEDGE")): Object: 'Object Repository/OCS-MOBILE /Age gate and Mega menu/Checkbox_CONFIRM AND ACKNOWLEDGE' is clicked on

2019-06-28 16:46:05 - [MESSAGE][PASSED] - Object: 'Object Repository/OCS-MOBILE /Age gate and Mega menu/Checkbox_CONFIRM AND ACKNOWLEDGE' is clicked on

2019-06-28 16:46:05 - [TEST_STEP][PASSED] - click(findTestObject("OCS-MOBILE /Age gate and Mega menu/button_CONFIRM")): Object: 'Object Repository/OCS-MOBILE /Age gate and Mega menu/button_CONFIRM' is clicked on

2019-06-28 16:46:05 - [MESSAGE][PASSED] - Object: 'Object Repository/OCS-MOBILE /Age gate and Mega menu/button_CONFIRM' is clicked on

2019-06-28 16:46:05 - [TEST_STEP][PASSED] - click(findTestObject("OCS-MOBILE /Age gate and Mega menu/button_Start Browsing")): Object: 'Object Repository/OCS-MOBILE /Age gate and Mega menu/button_Start Browsing' is clicked on

2019-06-28 16:46:05 - [MESSAGE][PASSED] - Object: 'Object Repository/OCS-MOBILE /Age gate and Mega menu/button_Start Browsing' is clicked on

2019-06-28 16:46:05 - [TEST_STEP][PASSED] - refresh(): Refresh successfully

2019-06-28 16:46:08 - [MESSAGE][PASSED] - Refresh successfully

2019-06-28 16:46:08 - [TEST_STEP][NOT_RUN] - executeJavaScript("var previewBar = document.getElementById("preview-bar-iframe"); previewBar.style.display = "none";", []): NOT_RUN: executeJavaScript("var previewBar = document.getElementById("preview-bar-iframe"); previewBar.style.display = "none";", [])

2019-06-28 16:46:08 - [MESSAGE][NOT_RUN] - NOT_RUN: executeJavaScript("var previewBar = document.getElementById("preview-bar-iframe"); previewBar.style.display = "none";", [])

2019-06-28 16:46:08 - [MESSAGE][PASSED] - Call Test Case 'Test Cases/OCS - MOBILE/CALL - AGE GATE' successfully

2019-06-28 16:46:08 - [TEST_STEP][PASSED] - delay(2): Delayed 2 second(s)

2019-06-28 16:46:10 - [MESSAGE][PASSED] - Delayed 2 second(s)

2019-06-28 16:46:10 - [TEST_STEP][PASSED] - click(findTestObject("OCS-MOBILE /Age gate and burger menu/Burger menu - English")): Object: 'Object Repository/OCS-MOBILE /Age gate and burger menu/Burger menu - English' is clicked on

2019-06-28 16:46:10 - [MESSAGE][PASSED] - Object: 'Object Repository/OCS-MOBILE /Age gate and burger menu/Burger menu - English' is clicked on

2019-06-28 16:46:10 - [TEST_STEP][PASSED] - delay(2): Delayed 2 second(s)

2019-06-28 16:46:12 - [MESSAGE][PASSED] - Delayed 2 second(s)

2019-06-28 16:46:12 - [TEST_STEP][PASSED] - click(findTestObject("OCS-MOBILE /Age gate and burger menu/Chevron_Cannabis")): Object: 'Object Repository/OCS-MOBILE /Age gate and burger menu/Chevron_Cannabis' is clicked on

2019-06-28 16:46:12 - [MESSAGE][PASSED] - Object: 'Object Repository/OCS-MOBILE /Age gate and burger menu/Chevron_Cannabis' is clicked on

2019-06-28 16:46:12 - [TEST_STEP][PASSED] - delay(2): Delayed 2 second(s)

2019-06-28 16:46:14 - [MESSAGE][PASSED] - Delayed 2 second(s)

2019-06-28 16:46:14 - [TEST_STEP][PASSED] - click(findTestObject("OCS-MOBILE /Age gate and burger menu/Dried Flower_Plus icon")): Object: 'Object Repository/OCS-MOBILE /Age gate and burger menu/Dried Flower_Plus icon' is clicked on

2019-06-28 16:46:14 - [MESSAGE][PASSED] - Object: 'Object Repository/OCS-MOBILE /Age gate and burger menu/Dried Flower_Plus icon' is clicked on

2019-06-28 16:46:14 - [TEST_STEP][PASSED] - delay(2): Delayed 2 second(s)

2019-06-28 16:46:16 - [MESSAGE][PASSED] - Delayed 2 second(s)

2019-06-28 16:46:16 - [TEST_STEP][PASSED] - click(findTestObject("OCS-MOBILE /Age gate and burger menu/Indica Dominant_Menu item")): Object: 'Object Repository/OCS-MOBILE /Age gate and burger menu/Indica Dominant_Menu item' is clicked on

2019-06-28 16:46:18 - [MESSAGE][PASSED] - Object: 'Object Repository/OCS-MOBILE /Age gate and burger menu/Indica Dominant_Menu item' is clicked on

2019-06-28 16:46:18 - [TEST_STEP][NOT_RUN] - executeJavaScript("var previewBar = document.getElementById("preview-bar-iframe"); previewBar.style.display = "none";", []): NOT_RUN: executeJavaScript("var previewBar = document.getElementById("preview-bar-iframe"); previewBar.style.display = "none";", [])

2019-06-28 16:46:18 - [MESSAGE][NOT_RUN] - NOT_RUN: executeJavaScript("var previewBar = document.getElementById("preview-bar-iframe"); previewBar.style.display = "none";", [])

2019-06-28 16:46:18 - [TEST_STEP][PASSED] - delay(2): Delayed 2 second(s)

2019-06-28 16:46:20 - [MESSAGE][PASSED] - Delayed 2 second(s)

2019-06-28 16:46:20 - [TEST_STEP][PASSED] - click(findTestObject("OCS-MOBILE /Collection page/Product image - 1st one")): Object: 'Object Repository/OCS-MOBILE /Collection page/Product image - 1st one' is clicked on

2019-06-28 16:46:24 - [MESSAGE][PASSED] - Object: 'Object Repository/OCS-MOBILE /Collection page/Product image - 1st one' is clicked on

2019-06-28 16:46:24 - [TEST_STEP][NOT_RUN] - scrollToElement(findTestObject("OCS-MOBILE /Product page/Product image"), 1): NOT_RUN: scrollToElement(findTestObject("OCS-MOBILE /Product page/Product image"), 1)

2019-06-28 16:46:24 - [MESSAGE][NOT_RUN] - NOT_RUN: scrollToElement(findTestObject("OCS-MOBILE /Product page/Product image"), 1)

2019-06-28 16:46:24 - [TEST_STEP][PASSED] - delay(2): Delayed 2 second(s)

2019-06-28 16:46:26 - [MESSAGE][PASSED] - Delayed 2 second(s)

2019-06-28 16:46:26 - [TEST_STEP][NOT_RUN] - executeJavaScript("var previewBar = document.getElementById("preview-bar-iframe"); previewBar.style.display = "none";", []): NOT_RUN: executeJavaScript("var previewBar = document.getElementById("preview-bar-iframe"); previewBar.style.display = "none";", [])

2019-06-28 16:46:26 - [MESSAGE][NOT_RUN] - NOT_RUN: executeJavaScript("var previewBar = document.getElementById("preview-bar-iframe"); previewBar.style.display = "none";", [])

2019-06-28 16:46:26 - [TEST_STEP][PASSED] - click(findTestObject("OCS-MOBILE /Product page/Swatch_1g")): Object: 'Object Repository/OCS-MOBILE /Product page/Swatch_1g' is clicked on

2019-06-28 16:46:26 - [MESSAGE][PASSED] - Object: 'Object Repository/OCS-MOBILE /Product page/Swatch_1g' is clicked on

2019-06-28 16:46:26 - [TEST_STEP][PASSED] - scrollToElement(findTestObject("OCS-MOBILE /Product page/Swatch_3.5g"), 1): Scroll to object 'Object Repository/OCS-MOBILE /Product page/Swatch_3.5g' successfully

2019-06-28 16:46:26 - [MESSAGE][PASSED] - Scroll to object 'Object Repository/OCS-MOBILE /Product page/Swatch_3.5g' successfully

2019-06-28 16:46:26 - [TEST_STEP][PASSED] - delay(2): Delayed 2 second(s)

2019-06-28 16:46:28 - [MESSAGE][PASSED] - Delayed 2 second(s)

2019-06-28 16:46:28 - [TEST_STEP][PASSED] - click(findTestObject("OCS-MOBILE /Product page/Add to Bag-button")): Object: 'Object Repository/OCS-MOBILE /Product page/Add to Bag-button' is clicked on

2019-06-28 16:46:28 - [MESSAGE][PASSED] - Object: 'Object Repository/OCS-MOBILE /Product page/Add to Bag-button' is clicked on

2019-06-28 16:46:28 - [TEST_STEP][PASSED] - delay(2): Delayed 2 second(s)

2019-06-28 16:46:30 - [MESSAGE][PASSED] - Delayed 2 second(s)

2019-06-28 16:46:30 - [TEST_STEP][NOT_RUN] - click(findTestObject("OCS-MOBILE /Home - page/Cart icon -bag")): NOT_RUN: click(findTestObject("OCS-MOBILE /Home - page/Cart icon -bag"))

2019-06-28 16:46:30 - [MESSAGE][NOT_RUN] - NOT_RUN: click(findTestObject("OCS-MOBILE /Home - page/Cart icon -bag"))

2019-06-28 16:46:30 - [TEST_STEP][PASSED] - delay(2): Delayed 2 second(s)

2019-06-28 16:46:32 - [MESSAGE][PASSED] - Delayed 2 second(s)

2019-06-28 16:46:32 - [TEST_STEP][PASSED] - click(findTestObject("OCS-MOBILE /Cart flyout/Up Chevron - Accessories you might need")): Object: 'Object Repository/OCS-MOBILE /Cart flyout/Up Chevron - Accessories you might need' is clicked on

2019-06-28 16:46:32 - [MESSAGE][PASSED] - Object: 'Object Repository/OCS-MOBILE /Cart flyout/Up Chevron - Accessories you might need' is clicked on

2019-06-28 16:46:32 - [TEST_STEP][PASSED] - delay(4): Delayed 4 second(s)

2019-06-28 16:46:36 - [MESSAGE][PASSED] - Delayed 4 second(s)

2019-06-28 16:46:36 - [TEST_STEP][PASSED] - click(findTestObject("OCS-MOBILE /Cart flyout/Down Chevron - Accessories you might need")): Object: 'Object Repository/OCS-MOBILE /Cart flyout/Down Chevron - Accessories you might need' is clicked on

2019-06-28 16:46:36 - [MESSAGE][PASSED] - Object: 'Object Repository/OCS-MOBILE /Cart flyout/Down Chevron - Accessories you might need' is clicked on]]></system-out>
         <system-err><![CDATA[]]></system-err>
      </testcase>
      <testcase name="Test Cases/OCS - MOBILE/OCS- CRITICAL PATH/Cart flyout-price comparison" classname="Test Cases/OCS - MOBILE/OCS- CRITICAL PATH/Cart flyout-price comparison" status="ERROR">
         <error type="ERROR" message="Test Cases/OCS - MOBILE/OCS- CRITICAL PATH/Cart flyout-price comparison FAILED.
Reason:
java.lang.NumberFormatException: For input string: &quot;$44.35&quot;
	at java_lang_Double$valueOf.call(Unknown Source)
	at Cart flyout-price comparison.run(Cart flyout-price comparison:221)
	at com.kms.katalon.core.main.ScriptEngine.run(ScriptEngine.java:194)
	at com.kms.katalon.core.main.ScriptEngine.runScriptAsRawText(ScriptEngine.java:119)
	at com.kms.katalon.core.main.TestCaseExecutor.runScript(TestCaseExecutor.java:328)
	at com.kms.katalon.core.main.TestCaseExecutor.doExecute(TestCaseExecutor.java:319)
	at com.kms.katalon.core.main.TestCaseExecutor.processExecutionPhase(TestCaseExecutor.java:298)
	at com.kms.katalon.core.main.TestCaseExecutor.accessMainPhase(TestCaseExecutor.java:290)
	at com.kms.katalon.core.main.TestCaseExecutor.execute(TestCaseExecutor.java:224)
	at com.kms.katalon.core.main.TestSuiteExecutor.accessTestCaseMainPhase(TestSuiteExecutor.java:129)
	at com.kms.katalon.core.main.TestSuiteExecutor.accessTestSuiteMainPhase(TestSuiteExecutor.java:112)
	at com.kms.katalon.core.main.TestSuiteExecutor.execute(TestSuiteExecutor.java:81)
	at com.kms.katalon.core.main.TestCaseMain.startTestSuite(TestCaseMain.java:149)
	at com.kms.katalon.core.main.TestCaseMain$startTestSuite$0.call(Unknown Source)
	at TempTestSuite1561754394056.run(TempTestSuite1561754394056.groovy:36)
"/>
         <system-out><![CDATA[2019-06-28 16:46:36 - [TEST_CASE][ERROR] - Test Cases/OCS - MOBILE/OCS- CRITICAL PATH/Cart flyout-price comparison: Test Cases/OCS - MOBILE/OCS- CRITICAL PATH/Cart flyout-price comparison FAILED.
Reason:
java.lang.NumberFormatException: For input string: "$44.35"
	at java_lang_Double$valueOf.call(Unknown Source)
	at Cart flyout-price comparison.run(Cart flyout-price comparison:221)
	at com.kms.katalon.core.main.ScriptEngine.run(ScriptEngine.java:194)
	at com.kms.katalon.core.main.ScriptEngine.runScriptAsRawText(ScriptEngine.java:119)
	at com.kms.katalon.core.main.TestCaseExecutor.runScript(TestCaseExecutor.java:328)
	at com.kms.katalon.core.main.TestCaseExecutor.doExecute(TestCaseExecutor.java:319)
	at com.kms.katalon.core.main.TestCaseExecutor.processExecutionPhase(TestCaseExecutor.java:298)
	at com.kms.katalon.core.main.TestCaseExecutor.accessMainPhase(TestCaseExecutor.java:290)
	at com.kms.katalon.core.main.TestCaseExecutor.execute(TestCaseExecutor.java:224)
	at com.kms.katalon.core.main.TestSuiteExecutor.accessTestCaseMainPhase(TestSuiteExecutor.java:129)
	at com.kms.katalon.core.main.TestSuiteExecutor.accessTestSuiteMainPhase(TestSuiteExecutor.java:112)
	at com.kms.katalon.core.main.TestSuiteExecutor.execute(TestSuiteExecutor.java:81)
	at com.kms.katalon.core.main.TestCaseMain.startTestSuite(TestCaseMain.java:149)
	at com.kms.katalon.core.main.TestCaseMain$startTestSuite$0.call(Unknown Source)
	at TempTestSuite1561754394056.run(TempTestSuite1561754394056.groovy:36)


2019-06-28 16:46:36 - [TEST_STEP][PASSED] - callTestCase(findTestCase("OCS - MOBILE/CALL - AGE GATE"), [:], STOP_ON_FAILURE): Call Test Case 'Test Cases/OCS - MOBILE/CALL - AGE GATE' successfully

2019-06-28 16:46:36 - [TEST_CASE][PASSED] - Test Cases/OCS - MOBILE/CALL - AGE GATE: Test Cases/OCS - MOBILE/CALL - AGE GATE

2019-06-28 16:46:36 - [TEST_STEP][PASSED] - openBrowser(""): Browser is opened with url: ''

2019-06-28 16:46:36 - [MESSAGE][WARNING] - A browser is already opened. Closing browser and opening a new one

2019-06-28 16:46:36 - [MESSAGE][INFO] - Starting 'Safari' driver

2019-06-28 16:46:37 - [MESSAGE][PASSED] - Browser is opened with url: ''

2019-06-28 16:46:37 - [TEST_STEP][PASSED] - navigateToUrl("ocs.ca"): Navigate to 'http://ocs.ca' successfully

2019-06-28 16:46:39 - [MESSAGE][PASSED] - Navigate to 'http://ocs.ca' successfully

2019-06-28 16:46:39 - [TEST_STEP][NOT_RUN] - executeJavaScript("var previewBar = document.getElementById("preview-bar-iframe"); previewBar.style.display = "none";", []): NOT_RUN: executeJavaScript("var previewBar = document.getElementById("preview-bar-iframe"); previewBar.style.display = "none";", [])

2019-06-28 16:46:39 - [MESSAGE][NOT_RUN] - NOT_RUN: executeJavaScript("var previewBar = document.getElementById("preview-bar-iframe"); previewBar.style.display = "none";", [])

2019-06-28 16:46:39 - [TEST_STEP][PASSED] - setViewPortSize(360, 800): Viewport is set to new size with width = 360 and height = 800

2019-06-28 16:46:40 - [MESSAGE][PASSED] - Viewport is set to new size with width = 360 and height = 800

2019-06-28 16:46:40 - [TEST_STEP][PASSED] - delay(4): Delayed 4 second(s)

2019-06-28 16:46:44 - [MESSAGE][PASSED] - Delayed 4 second(s)

2019-06-28 16:46:44 - [TEST_STEP][PASSED] - selectOptionByValue(findTestObject("OCS-MOBILE /Age gate and burger menu/Date"), "12", true): All options with value '12' are selected in object 'Object Repository/OCS-MOBILE /Age gate and burger menu/Date'  using regular expression

2019-06-28 16:46:44 - [MESSAGE][PASSED] - All options with value '12' are selected in object 'Object Repository/OCS-MOBILE /Age gate and burger menu/Date'  using regular expression

2019-06-28 16:46:44 - [TEST_STEP][PASSED] - selectOptionByValue(findTestObject("OCS-MOBILE /Age gate and burger menu/month"), "6", true): All options with value '6' are selected in object 'Object Repository/OCS-MOBILE /Age gate and burger menu/month'  using regular expression

2019-06-28 16:46:44 - [MESSAGE][PASSED] - All options with value '6' are selected in object 'Object Repository/OCS-MOBILE /Age gate and burger menu/month'  using regular expression

2019-06-28 16:46:44 - [TEST_STEP][PASSED] - delay(2): Delayed 2 second(s)

2019-06-28 16:46:46 - [MESSAGE][PASSED] - Delayed 2 second(s)

2019-06-28 16:46:46 - [TEST_STEP][PASSED] - selectOptionByValue(findTestObject("OCS-MOBILE /Age gate and burger menu/Year Dropdown"), "1990", true): All options with value '1990' are selected in object 'Object Repository/OCS-MOBILE /Age gate and burger menu/Year Dropdown'  using regular expression

2019-06-28 16:46:48 - [MESSAGE][PASSED] - All options with value '1990' are selected in object 'Object Repository/OCS-MOBILE /Age gate and burger menu/Year Dropdown'  using regular expression

2019-06-28 16:46:48 - [TEST_STEP][PASSED] - click(findTestObject("OCS-MOBILE /Age gate and Mega menu/button_Verify")): Object: 'Object Repository/OCS-MOBILE /Age gate and Mega menu/button_Verify' is clicked on

2019-06-28 16:46:48 - [MESSAGE][PASSED] - Object: 'Object Repository/OCS-MOBILE /Age gate and Mega menu/button_Verify' is clicked on

2019-06-28 16:46:48 - [TEST_STEP][PASSED] - click(findTestObject("OCS-MOBILE /Age gate and Mega menu/Checkbox_CONFIRM AND ACKNOWLEDGE")): Object: 'Object Repository/OCS-MOBILE /Age gate and Mega menu/Checkbox_CONFIRM AND ACKNOWLEDGE' is clicked on

2019-06-28 16:46:48 - [MESSAGE][PASSED] - Object: 'Object Repository/OCS-MOBILE /Age gate and Mega menu/Checkbox_CONFIRM AND ACKNOWLEDGE' is clicked on

2019-06-28 16:46:48 - [TEST_STEP][PASSED] - click(findTestObject("OCS-MOBILE /Age gate and Mega menu/button_CONFIRM")): Object: 'Object Repository/OCS-MOBILE /Age gate and Mega menu/button_CONFIRM' is clicked on

2019-06-28 16:46:48 - [MESSAGE][PASSED] - Object: 'Object Repository/OCS-MOBILE /Age gate and Mega menu/button_CONFIRM' is clicked on

2019-06-28 16:46:48 - [TEST_STEP][PASSED] - click(findTestObject("OCS-MOBILE /Age gate and Mega menu/button_Start Browsing")): Object: 'Object Repository/OCS-MOBILE /Age gate and Mega menu/button_Start Browsing' is clicked on

2019-06-28 16:46:48 - [MESSAGE][PASSED] - Object: 'Object Repository/OCS-MOBILE /Age gate and Mega menu/button_Start Browsing' is clicked on

2019-06-28 16:46:48 - [TEST_STEP][PASSED] - refresh(): Refresh successfully

2019-06-28 16:46:51 - [MESSAGE][PASSED] - Refresh successfully

2019-06-28 16:46:51 - [TEST_STEP][NOT_RUN] - executeJavaScript("var previewBar = document.getElementById("preview-bar-iframe"); previewBar.style.display = "none";", []): NOT_RUN: executeJavaScript("var previewBar = document.getElementById("preview-bar-iframe"); previewBar.style.display = "none";", [])

2019-06-28 16:46:51 - [MESSAGE][NOT_RUN] - NOT_RUN: executeJavaScript("var previewBar = document.getElementById("preview-bar-iframe"); previewBar.style.display = "none";", [])

2019-06-28 16:46:51 - [MESSAGE][PASSED] - Call Test Case 'Test Cases/OCS - MOBILE/CALL - AGE GATE' successfully

2019-06-28 16:46:51 - [TEST_STEP][PASSED] - delay(2): Delayed 2 second(s)

2019-06-28 16:46:53 - [MESSAGE][PASSED] - Delayed 2 second(s)

2019-06-28 16:46:53 - [TEST_STEP][PASSED] - click(findTestObject("OCS-MOBILE /Age gate and burger menu/Burger menu - English")): Object: 'Object Repository/OCS-MOBILE /Age gate and burger menu/Burger menu - English' is clicked on

2019-06-28 16:46:53 - [MESSAGE][PASSED] - Object: 'Object Repository/OCS-MOBILE /Age gate and burger menu/Burger menu - English' is clicked on

2019-06-28 16:46:53 - [TEST_STEP][PASSED] - delay(2): Delayed 2 second(s)

2019-06-28 16:46:55 - [MESSAGE][PASSED] - Delayed 2 second(s)

2019-06-28 16:46:55 - [TEST_STEP][PASSED] - click(findTestObject("OCS-MOBILE /Age gate and burger menu/Chevron_Cannabis")): Object: 'Object Repository/OCS-MOBILE /Age gate and burger menu/Chevron_Cannabis' is clicked on

2019-06-28 16:46:55 - [MESSAGE][PASSED] - Object: 'Object Repository/OCS-MOBILE /Age gate and burger menu/Chevron_Cannabis' is clicked on

2019-06-28 16:46:55 - [TEST_STEP][PASSED] - delay(2): Delayed 2 second(s)

2019-06-28 16:46:57 - [MESSAGE][PASSED] - Delayed 2 second(s)

2019-06-28 16:46:57 - [TEST_STEP][PASSED] - click(findTestObject("OCS-MOBILE /Age gate and burger menu/Dried Flower_Plus icon")): Object: 'Object Repository/OCS-MOBILE /Age gate and burger menu/Dried Flower_Plus icon' is clicked on

2019-06-28 16:46:57 - [MESSAGE][PASSED] - Object: 'Object Repository/OCS-MOBILE /Age gate and burger menu/Dried Flower_Plus icon' is clicked on

2019-06-28 16:46:57 - [TEST_STEP][PASSED] - delay(2): Delayed 2 second(s)

2019-06-28 16:46:59 - [MESSAGE][PASSED] - Delayed 2 second(s)

2019-06-28 16:46:59 - [TEST_STEP][PASSED] - click(findTestObject("OCS-MOBILE /Age gate and burger menu/Indica Dominant_Menu item")): Object: 'Object Repository/OCS-MOBILE /Age gate and burger menu/Indica Dominant_Menu item' is clicked on

2019-06-28 16:47:00 - [MESSAGE][PASSED] - Object: 'Object Repository/OCS-MOBILE /Age gate and burger menu/Indica Dominant_Menu item' is clicked on

2019-06-28 16:47:00 - [TEST_STEP][PASSED] - delay(2): Delayed 2 second(s)

2019-06-28 16:47:02 - [MESSAGE][PASSED] - Delayed 2 second(s)

2019-06-28 16:47:02 - [TEST_STEP][NOT_RUN] - executeJavaScript("var previewBar = document.getElementById("preview-bar-iframe"); previewBar.style.display = "none";", []): NOT_RUN: executeJavaScript("var previewBar = document.getElementById("preview-bar-iframe"); previewBar.style.display = "none";", [])

2019-06-28 16:47:02 - [MESSAGE][NOT_RUN] - NOT_RUN: executeJavaScript("var previewBar = document.getElementById("preview-bar-iframe"); previewBar.style.display = "none";", [])

2019-06-28 16:47:02 - [TEST_STEP][PASSED] - click(findTestObject("OCS-MOBILE /Collection page/Product image - 1st one")): Object: 'Object Repository/OCS-MOBILE /Collection page/Product image - 1st one' is clicked on

2019-06-28 16:47:06 - [MESSAGE][PASSED] - Object: 'Object Repository/OCS-MOBILE /Collection page/Product image - 1st one' is clicked on

2019-06-28 16:47:06 - [TEST_STEP][NOT_RUN] - executeJavaScript("var previewBar = document.getElementById("preview-bar-iframe"); previewBar.style.display = "none";", []): NOT_RUN: executeJavaScript("var previewBar = document.getElementById("preview-bar-iframe"); previewBar.style.display = "none";", [])

2019-06-28 16:47:06 - [MESSAGE][NOT_RUN] - NOT_RUN: executeJavaScript("var previewBar = document.getElementById("preview-bar-iframe"); previewBar.style.display = "none";", [])

2019-06-28 16:47:06 - [TEST_STEP][NOT_RUN] - scrollToElement(findTestObject("OCS-MOBILE /Product page/Product image"), 1): NOT_RUN: scrollToElement(findTestObject("OCS-MOBILE /Product page/Product image"), 1)

2019-06-28 16:47:06 - [MESSAGE][NOT_RUN] - NOT_RUN: scrollToElement(findTestObject("OCS-MOBILE /Product page/Product image"), 1)

2019-06-28 16:47:06 - [TEST_STEP][PASSED] - delay(2): Delayed 2 second(s)

2019-06-28 16:47:08 - [MESSAGE][PASSED] - Delayed 2 second(s)

2019-06-28 16:47:08 - [TEST_STEP][PASSED] - flag = verifyElementPresent(findTestObject("OCS-MOBILE /Product page/Swatch_3.5g"), 0): Object 'Object Repository/OCS-MOBILE /Product page/Swatch_3.5g' is present

2019-06-28 16:47:08 - [MESSAGE][WARNING] - Timeout '0' is invalid. Using default page load timeout: '30'

2019-06-28 16:47:08 - [MESSAGE][PASSED] - Object 'Object Repository/OCS-MOBILE /Product page/Swatch_3.5g' is present

2019-06-28 16:47:08 - [TEST_STEP][PASSED] - comment(" flag=" + flag):  flag=true

2019-06-28 16:47:08 - [MESSAGE][INFO] -  flag=true

2019-06-28 16:47:08 - [TEST_STEP][PASSED] - takeScreenshot(): Taking screenshot successfully

2019-06-28 16:47:08 - [MESSAGE][PASSED] - Taking screenshot successfully
[[ATTACHMENT|/Users/sumankompelly/Relative xpath-Mobile/Reports/Live site/20190628_163954/1561754828133.png]]

2019-06-28 16:47:08 - [TEST_STEP][PASSED] - if (flag == true): Delayed 2 second(s)

2019-06-28 16:47:08 - [TEST_STEP][NOT_RUN] - scrollToElement(findTestObject("OCS-MOBILE /Product page/Swatch_3.5g"), 1): NOT_RUN: scrollToElement(findTestObject("OCS-MOBILE /Product page/Swatch_3.5g"), 1)

2019-06-28 16:47:08 - [MESSAGE][NOT_RUN] - NOT_RUN: scrollToElement(findTestObject("OCS-MOBILE /Product page/Swatch_3.5g"), 1)

2019-06-28 16:47:08 - [TEST_STEP][PASSED] - click(findTestObject("OCS-MOBILE /Product page/Swatch_3.5g"), CONTINUE_ON_FAILURE): Object: 'Object Repository/OCS-MOBILE /Product page/Swatch_3.5g' is clicked on

2019-06-28 16:47:08 - [MESSAGE][PASSED] - Object: 'Object Repository/OCS-MOBILE /Product page/Swatch_3.5g' is clicked on

2019-06-28 16:47:08 - [TEST_STEP][PASSED] - delay(2): Delayed 2 second(s)

2019-06-28 16:47:10 - [MESSAGE][PASSED] - Delayed 2 second(s)

2019-06-28 16:47:10 - [TEST_STEP][NOT_RUN] - executeJavaScript("var previewBar = document.getElementById("preview-bar-iframe"); previewBar.style.display = "none";", []): NOT_RUN: executeJavaScript("var previewBar = document.getElementById("preview-bar-iframe"); previewBar.style.display = "none";", [])

2019-06-28 16:47:10 - [MESSAGE][NOT_RUN] - NOT_RUN: executeJavaScript("var previewBar = document.getElementById("preview-bar-iframe"); previewBar.style.display = "none";", [])

2019-06-28 16:47:10 - [TEST_STEP][PASSED] - delay(1, OPTIONAL): Delayed 1 second(s)

2019-06-28 16:47:11 - [MESSAGE][PASSED] - Delayed 1 second(s)

2019-06-28 16:47:11 - [TEST_STEP][PASSED] - click(findTestObject("OCS-MOBILE /Product page/Add to Bag-button")): Object: 'Object Repository/OCS-MOBILE /Product page/Add to Bag-button' is clicked on

2019-06-28 16:47:11 - [MESSAGE][PASSED] - Object: 'Object Repository/OCS-MOBILE /Product page/Add to Bag-button' is clicked on

2019-06-28 16:47:11 - [TEST_STEP][PASSED] - delay(1): Delayed 1 second(s)

2019-06-28 16:47:12 - [MESSAGE][PASSED] - Delayed 1 second(s)

2019-06-28 16:47:12 - [TEST_STEP][PASSED] - click(findTestObject("OCS-MOBILE /Cart flyout/Back icon")): Object: 'Object Repository/OCS-MOBILE /Cart flyout/Back icon' is clicked on

2019-06-28 16:47:12 - [MESSAGE][PASSED] - Object: 'Object Repository/OCS-MOBILE /Cart flyout/Back icon' is clicked on

2019-06-28 16:47:12 - [TEST_STEP][PASSED] - delay(2): Delayed 2 second(s)

2019-06-28 16:47:14 - [MESSAGE][PASSED] - Delayed 2 second(s)

2019-06-28 16:47:14 - [TEST_STEP][PASSED] - click(findTestObject("OCS-MOBILE /Age gate and burger menu/Burger menu - English")): Object: 'Object Repository/OCS-MOBILE /Age gate and burger menu/Burger menu - English' is clicked on

2019-06-28 16:47:14 - [MESSAGE][PASSED] - Object: 'Object Repository/OCS-MOBILE /Age gate and burger menu/Burger menu - English' is clicked on

2019-06-28 16:47:14 - [TEST_STEP][PASSED] - delay(2): Delayed 2 second(s)

2019-06-28 16:47:16 - [MESSAGE][PASSED] - Delayed 2 second(s)

2019-06-28 16:47:16 - [TEST_STEP][PASSED] - click(findTestObject("OCS-MOBILE /Age gate and burger menu/Chevron_Cannabis")): Object: 'Object Repository/OCS-MOBILE /Age gate and burger menu/Chevron_Cannabis' is clicked on

2019-06-28 16:47:16 - [MESSAGE][PASSED] - Object: 'Object Repository/OCS-MOBILE /Age gate and burger menu/Chevron_Cannabis' is clicked on

2019-06-28 16:47:16 - [TEST_STEP][PASSED] - delay(2): Delayed 2 second(s)

2019-06-28 16:47:18 - [MESSAGE][PASSED] - Delayed 2 second(s)

2019-06-28 16:47:18 - [TEST_STEP][PASSED] - click(findTestObject("OCS-MOBILE /Cannabis page/Dried flower")): Object: 'Object Repository/OCS-MOBILE /Cannabis page/Dried flower' is clicked on

2019-06-28 16:47:18 - [MESSAGE][PASSED] - Object: 'Object Repository/OCS-MOBILE /Cannabis page/Dried flower' is clicked on

2019-06-28 16:47:18 - [TEST_STEP][PASSED] - delay(2): Delayed 2 second(s)

2019-06-28 16:47:20 - [MESSAGE][PASSED] - Delayed 2 second(s)

2019-06-28 16:47:20 - [TEST_STEP][PASSED] - click(findTestObject("OCS-MOBILE /Age gate and burger menu/Indica Dominant_Menu item")): Object: 'Object Repository/OCS-MOBILE /Age gate and burger menu/Indica Dominant_Menu item' is clicked on

2019-06-28 16:47:22 - [MESSAGE][PASSED] - Object: 'Object Repository/OCS-MOBILE /Age gate and burger menu/Indica Dominant_Menu item' is clicked on

2019-06-28 16:47:22 - [TEST_STEP][PASSED] - delay(2): Delayed 2 second(s)

2019-06-28 16:47:24 - [MESSAGE][PASSED] - Delayed 2 second(s)

2019-06-28 16:47:24 - [TEST_STEP][PASSED] - scrollToElement(findTestObject("OCS-MOBILE /Collection page/Product image - 1st one"), 1): Scroll to object 'Object Repository/OCS-MOBILE /Collection page/Product image - 1st one' successfully

2019-06-28 16:47:24 - [MESSAGE][PASSED] - Scroll to object 'Object Repository/OCS-MOBILE /Collection page/Product image - 1st one' successfully

2019-06-28 16:47:24 - [TEST_STEP][PASSED] - delay(1): Delayed 1 second(s)

2019-06-28 16:47:25 - [MESSAGE][PASSED] - Delayed 1 second(s)

2019-06-28 16:47:25 - [TEST_STEP][PASSED] - navigateToUrl("https://ocs.ca/products/dream-weaver"): Navigate to 'https://ocs.ca/products/dream-weaver' successfully

2019-06-28 16:47:30 - [MESSAGE][PASSED] - Navigate to 'https://ocs.ca/products/dream-weaver' successfully

2019-06-28 16:47:30 - [TEST_STEP][NOT_RUN] - click(findTestObject("OCS-MOBILE /Collection page/Product image - 2nd one")): NOT_RUN: click(findTestObject("OCS-MOBILE /Collection page/Product image - 2nd one"))

2019-06-28 16:47:30 - [MESSAGE][NOT_RUN] - NOT_RUN: click(findTestObject("OCS-MOBILE /Collection page/Product image - 2nd one"))

2019-06-28 16:47:30 - [TEST_STEP][PASSED] - delay(2): Delayed 2 second(s)

2019-06-28 16:47:32 - [MESSAGE][PASSED] - Delayed 2 second(s)

2019-06-28 16:47:32 - [TEST_STEP][NOT_RUN] - scrollToElement(findTestObject("OCS-MOBILE /Product page/Product image"), 1): NOT_RUN: scrollToElement(findTestObject("OCS-MOBILE /Product page/Product image"), 1)

2019-06-28 16:47:32 - [MESSAGE][NOT_RUN] - NOT_RUN: scrollToElement(findTestObject("OCS-MOBILE /Product page/Product image"), 1)

2019-06-28 16:47:32 - [TEST_STEP][PASSED] - delay(2): Delayed 2 second(s)

2019-06-28 16:47:34 - [MESSAGE][PASSED] - Delayed 2 second(s)

2019-06-28 16:47:34 - [TEST_STEP][NOT_RUN] - executeJavaScript("var previewBar = document.getElementById("preview-bar-iframe"); previewBar.style.display = "none";", []): NOT_RUN: executeJavaScript("var previewBar = document.getElementById("preview-bar-iframe"); previewBar.style.display = "none";", [])

2019-06-28 16:47:34 - [MESSAGE][NOT_RUN] - NOT_RUN: executeJavaScript("var previewBar = document.getElementById("preview-bar-iframe"); previewBar.style.display = "none";", [])

2019-06-28 16:47:34 - [TEST_STEP][PASSED] - scrollToElement(findTestObject("OCS-MOBILE /Product page/Swatch_3.5g"), 1): Scroll to object 'Object Repository/OCS-MOBILE /Product page/Swatch_3.5g' successfully

2019-06-28 16:47:34 - [MESSAGE][PASSED] - Scroll to object 'Object Repository/OCS-MOBILE /Product page/Swatch_3.5g' successfully

2019-06-28 16:47:34 - [TEST_STEP][PASSED] - delay(2): Delayed 2 second(s)

2019-06-28 16:47:36 - [MESSAGE][PASSED] - Delayed 2 second(s)

2019-06-28 16:47:36 - [TEST_STEP][PASSED] - click(findTestObject("OCS-MOBILE /Product page/Swatch_1g")): Object: 'Object Repository/OCS-MOBILE /Product page/Swatch_1g' is clicked on

2019-06-28 16:47:36 - [MESSAGE][PASSED] - Object: 'Object Repository/OCS-MOBILE /Product page/Swatch_1g' is clicked on

2019-06-28 16:47:36 - [TEST_STEP][PASSED] - delay(2): Delayed 2 second(s)

2019-06-28 16:47:38 - [MESSAGE][PASSED] - Delayed 2 second(s)

2019-06-28 16:47:38 - [TEST_STEP][PASSED] - click(findTestObject("OCS-MOBILE /Product page/Add to Bag-button")): Object: 'Object Repository/OCS-MOBILE /Product page/Add to Bag-button' is clicked on

2019-06-28 16:47:38 - [MESSAGE][PASSED] - Object: 'Object Repository/OCS-MOBILE /Product page/Add to Bag-button' is clicked on

2019-06-28 16:47:38 - [TEST_STEP][PASSED] - delay(1): Delayed 1 second(s)

2019-06-28 16:47:39 - [MESSAGE][PASSED] - Delayed 1 second(s)

2019-06-28 16:47:39 - [TEST_STEP][NOT_RUN] - click(findTestObject("OCS-MOBILE /Home - page/Cart icon -bag")): NOT_RUN: click(findTestObject("OCS-MOBILE /Home - page/Cart icon -bag"))

2019-06-28 16:47:39 - [MESSAGE][NOT_RUN] - NOT_RUN: click(findTestObject("OCS-MOBILE /Home - page/Cart icon -bag"))

2019-06-28 16:47:39 - [TEST_STEP][PASSED] - delay(2): Delayed 2 second(s)

2019-06-28 16:47:41 - [MESSAGE][PASSED] - Delayed 2 second(s)

2019-06-28 16:47:41 - [TEST_STEP][PASSED] - k = getText(findTestObject("OCS-MOBILE /Cart flyout/Unit price - 1st Product")): Text of object 'Object Repository/OCS-MOBILE /Cart flyout/Unit price - 1st Product' is: '






$10.25'

2019-06-28 16:47:41 - [MESSAGE][PASSED] - Text of object 'Object Repository/OCS-MOBILE /Cart flyout/Unit price - 1st Product' is: '






$10.25'

2019-06-28 16:47:41 - [TEST_STEP][PASSED] - delay(2): Delayed 2 second(s)

2019-06-28 16:47:43 - [MESSAGE][PASSED] - Delayed 2 second(s)

2019-06-28 16:47:43 - [TEST_STEP][PASSED] - a = getText(findTestObject("OCS-MOBILE /Cart flyout/Unit price - 2nd Product")): Text of object 'Object Repository/OCS-MOBILE /Cart flyout/Unit price - 2nd Product' is: '






$34.10'

2019-06-28 16:47:43 - [MESSAGE][PASSED] - Text of object 'Object Repository/OCS-MOBILE /Cart flyout/Unit price - 2nd Product' is: '






$34.10'

2019-06-28 16:47:43 - [TEST_STEP][PASSED] - delay(2): Delayed 2 second(s)

2019-06-28 16:47:45 - [MESSAGE][PASSED] - Delayed 2 second(s)

2019-06-28 16:47:45 - [TEST_STEP][PASSED] - comment("a=" + a): a=






$34.10

2019-06-28 16:47:45 - [MESSAGE][INFO] - a=






$34.10

2019-06-28 16:47:45 - [TEST_STEP][PASSED] - without = a.substring(1): null

2019-06-28 16:47:45 - [TEST_STEP][PASSED] - comment("without = " + without): without = 





$34.10

2019-06-28 16:47:45 - [MESSAGE][INFO] - without = 





$34.10

2019-06-28 16:47:45 - [TEST_STEP][PASSED] - comment("k=" + k): k=






$10.25

2019-06-28 16:47:45 - [MESSAGE][INFO] - k=






$10.25

2019-06-28 16:47:45 - [TEST_STEP][PASSED] - without1 = k.substring(1): null

2019-06-28 16:47:45 - [TEST_STEP][PASSED] - comment("without1 = " + without1): without1 = 





$10.25

2019-06-28 16:47:45 - [MESSAGE][INFO] - without1 = 





$10.25

2019-06-28 16:47:45 - [TEST_STEP][PASSED] - p1 = <not implemented yet for class: org.codehaus.groovy.ast.expr.EmptyExpression>: null

2019-06-28 16:47:45 - [TEST_STEP][PASSED] - p2 = <not implemented yet for class: org.codehaus.groovy.ast.expr.EmptyExpression>: null

2019-06-28 16:47:45 - [TEST_STEP][PASSED] - try: null

2019-06-28 16:47:45 - [TEST_STEP][PASSED] - str = without: null

2019-06-28 16:47:45 - [TEST_STEP][PASSED] - comment("str=" + str): str=





$34.10

2019-06-28 16:47:45 - [MESSAGE][INFO] - str=





$34.10

2019-06-28 16:47:45 - [TEST_STEP][PASSED] - p1 = Double.valueOf(str): null

2019-06-28 16:47:45 - [TEST_STEP][PASSED] - catch (NumberFormatException ex): null

2019-06-28 16:47:45 - [TEST_STEP][PASSED] - try: null

2019-06-28 16:47:45 - [TEST_STEP][PASSED] - str5 = without1: null

2019-06-28 16:47:45 - [TEST_STEP][PASSED] - comment("str5=" + str5): str5=





$10.25

2019-06-28 16:47:45 - [MESSAGE][INFO] - str5=





$10.25

2019-06-28 16:47:45 - [TEST_STEP][PASSED] - p2 = Double.valueOf(str5): null

2019-06-28 16:47:45 - [TEST_STEP][PASSED] - catch (NumberFormatException ex): null

2019-06-28 16:47:45 - [TEST_STEP][PASSED] - total = p1 + p2: null

2019-06-28 16:47:45 - [TEST_STEP][PASSED] - comment("total =" + total): total =0.0

2019-06-28 16:47:45 - [MESSAGE][INFO] - total =0.0

2019-06-28 16:47:45 - [TEST_STEP][NOT_RUN] - executeJavaScript("var previewBar = document.getElementById("preview-bar-iframe"); previewBar.style.display = "none";", []): NOT_RUN: executeJavaScript("var previewBar = document.getElementById("preview-bar-iframe"); previewBar.style.display = "none";", [])

2019-06-28 16:47:45 - [MESSAGE][NOT_RUN] - NOT_RUN: executeJavaScript("var previewBar = document.getElementById("preview-bar-iframe"); previewBar.style.display = "none";", [])

2019-06-28 16:47:45 - [TEST_STEP][PASSED] - amount = getText(findTestObject("OCS-MOBILE /Cart flyout/Sub-total Price")): Text of object 'Object Repository/OCS-MOBILE /Cart flyout/Sub-total Price' is: '






$44.35'

2019-06-28 16:47:45 - [MESSAGE][PASSED] - Text of object 'Object Repository/OCS-MOBILE /Cart flyout/Sub-total Price' is: '






$44.35'

2019-06-28 16:47:45 - [TEST_STEP][PASSED] - delay(2): Delayed 2 second(s)

2019-06-28 16:47:47 - [MESSAGE][PASSED] - Delayed 2 second(s)

2019-06-28 16:47:47 - [TEST_STEP][PASSED] - comment("amount =" + amount): amount =






$44.35

2019-06-28 16:47:47 - [MESSAGE][INFO] - amount =






$44.35

2019-06-28 16:47:47 - [TEST_STEP][PASSED] - soustotal = amount.substring(1): null

2019-06-28 16:47:47 - [TEST_STEP][PASSED] - comment("soustotal= " + soustotal): soustotal= 





$44.35

2019-06-28 16:47:47 - [MESSAGE][INFO] - soustotal= 





$44.35

2019-06-28 16:47:47 - [TEST_STEP][PASSED] - p = <not implemented yet for class: org.codehaus.groovy.ast.expr.EmptyExpression>: null

2019-06-28 16:47:47 - [TEST_STEP][PASSED] - try: null

2019-06-28 16:47:47 - [TEST_STEP][PASSED] - finalprice = soustotal: null

2019-06-28 16:47:47 - [TEST_STEP][PASSED] - comment("finalprice=" + finalprice): finalprice=





$44.35

2019-06-28 16:47:47 - [MESSAGE][INFO] - finalprice=





$44.35

2019-06-28 16:47:47 - [TEST_STEP][PASSED] - p = Double.valueOf(finalprice): null

2019-06-28 16:47:47 - [TEST_STEP][PASSED] - catch (NumberFormatException ex): null

2019-06-28 16:47:47 - [TEST_STEP][PASSED] - finalprice = soustotal: null

2019-06-28 16:47:47 - [TEST_STEP][PASSED] - comment("finalprice=" + finalprice): finalprice=





$44.35

2019-06-28 16:47:47 - [MESSAGE][INFO] - finalprice=





$44.35

2019-06-28 16:47:47 - [TEST_STEP][ERROR] - p = Double.valueOf(finalprice): p = Double.valueOf(finalprice) FAILED.
Reason:
java.lang.NumberFormatException: For input string: "$44.35"
	at java_lang_Double$valueOf.call(Unknown Source)
	at Cart flyout-price comparison.run(Cart flyout-price comparison:221)
	at com.kms.katalon.core.main.ScriptEngine.run(ScriptEngine.java:194)
	at com.kms.katalon.core.main.ScriptEngine.runScriptAsRawText(ScriptEngine.java:119)
	at com.kms.katalon.core.main.TestCaseExecutor.runScript(TestCaseExecutor.java:328)
	at com.kms.katalon.core.main.TestCaseExecutor.doExecute(TestCaseExecutor.java:319)
	at com.kms.katalon.core.main.TestCaseExecutor.processExecutionPhase(TestCaseExecutor.java:298)
	at com.kms.katalon.core.main.TestCaseExecutor.accessMainPhase(TestCaseExecutor.java:290)
	at com.kms.katalon.core.main.TestCaseExecutor.execute(TestCaseExecutor.java:224)
	at com.kms.katalon.core.main.TestSuiteExecutor.accessTestCaseMainPhase(TestSuiteExecutor.java:129)
	at com.kms.katalon.core.main.TestSuiteExecutor.accessTestSuiteMainPhase(TestSuiteExecutor.java:112)
	at com.kms.katalon.core.main.TestSuiteExecutor.execute(TestSuiteExecutor.java:81)
	at com.kms.katalon.core.main.TestCaseMain.startTestSuite(TestCaseMain.java:149)
	at com.kms.katalon.core.main.TestCaseMain$startTestSuite$0.call(Unknown Source)
	at TempTestSuite1561754394056.run(TempTestSuite1561754394056.groovy:36)


2019-06-28 16:47:47 - [MESSAGE][ERROR] - p = Double.valueOf(finalprice) FAILED.
Reason:
java.lang.NumberFormatException: For input string: "$44.35"
	at java_lang_Double$valueOf.call(Unknown Source)
	at Cart flyout-price comparison.run(Cart flyout-price comparison:221)
	at com.kms.katalon.core.main.ScriptEngine.run(ScriptEngine.java:194)
	at com.kms.katalon.core.main.ScriptEngine.runScriptAsRawText(ScriptEngine.java:119)
	at com.kms.katalon.core.main.TestCaseExecutor.runScript(TestCaseExecutor.java:328)
	at com.kms.katalon.core.main.TestCaseExecutor.doExecute(TestCaseExecutor.java:319)
	at com.kms.katalon.core.main.TestCaseExecutor.processExecutionPhase(TestCaseExecutor.java:298)
	at com.kms.katalon.core.main.TestCaseExecutor.accessMainPhase(TestCaseExecutor.java:290)
	at com.kms.katalon.core.main.TestCaseExecutor.execute(TestCaseExecutor.java:224)
	at com.kms.katalon.core.main.TestSuiteExecutor.accessTestCaseMainPhase(TestSuiteExecutor.java:129)
	at com.kms.katalon.core.main.TestSuiteExecutor.accessTestSuiteMainPhase(TestSuiteExecutor.java:112)
	at com.kms.katalon.core.main.TestSuiteExecutor.execute(TestSuiteExecutor.java:81)
	at com.kms.katalon.core.main.TestCaseMain.startTestSuite(TestCaseMain.java:149)
	at com.kms.katalon.core.main.TestCaseMain$startTestSuite$0.call(Unknown Source)
	at TempTestSuite1561754394056.run(TempTestSuite1561754394056.groovy:36)]]></system-out>
         <system-err><![CDATA[2019-06-28 16:46:36 - [TEST_CASE][ERROR] - Test Cases/OCS - MOBILE/OCS- CRITICAL PATH/Cart flyout-price comparison: Test Cases/OCS - MOBILE/OCS- CRITICAL PATH/Cart flyout-price comparison FAILED.
Reason:
java.lang.NumberFormatException: For input string: "$44.35"
	at java_lang_Double$valueOf.call(Unknown Source)
	at Cart flyout-price comparison.run(Cart flyout-price comparison:221)
	at com.kms.katalon.core.main.ScriptEngine.run(ScriptEngine.java:194)
	at com.kms.katalon.core.main.ScriptEngine.runScriptAsRawText(ScriptEngine.java:119)
	at com.kms.katalon.core.main.TestCaseExecutor.runScript(TestCaseExecutor.java:328)
	at com.kms.katalon.core.main.TestCaseExecutor.doExecute(TestCaseExecutor.java:319)
	at com.kms.katalon.core.main.TestCaseExecutor.processExecutionPhase(TestCaseExecutor.java:298)
	at com.kms.katalon.core.main.TestCaseExecutor.accessMainPhase(TestCaseExecutor.java:290)
	at com.kms.katalon.core.main.TestCaseExecutor.execute(TestCaseExecutor.java:224)
	at com.kms.katalon.core.main.TestSuiteExecutor.accessTestCaseMainPhase(TestSuiteExecutor.java:129)
	at com.kms.katalon.core.main.TestSuiteExecutor.accessTestSuiteMainPhase(TestSuiteExecutor.java:112)
	at com.kms.katalon.core.main.TestSuiteExecutor.execute(TestSuiteExecutor.java:81)
	at com.kms.katalon.core.main.TestCaseMain.startTestSuite(TestCaseMain.java:149)
	at com.kms.katalon.core.main.TestCaseMain$startTestSuite$0.call(Unknown Source)
	at TempTestSuite1561754394056.run(TempTestSuite1561754394056.groovy:36)]]></system-err>
      </testcase>
      <testcase name="Test Cases/OCS - MOBILE/OCS- CRITICAL PATH/Checkout - Shipping" classname="Test Cases/OCS - MOBILE/OCS- CRITICAL PATH/Checkout - Shipping" status="FAILED">
         <failure type="FAILED" message="Test Cases/OCS - MOBILE/OCS- CRITICAL PATH/Checkout - Shipping FAILED.
Reason:
com.kms.katalon.core.exception.StepFailedException: Unable to click on object 'Object Repository/OCS-MOBILE /Customer info page/Continue to shipping method - Button' (Root cause: com.kms.katalon.core.webui.exception.WebElementNotFoundException: Web element with id: 'Object Repository/OCS-MOBILE /Customer info page/Continue to shipping method - Button' located by 'By.xpath: //button[@name='button']' not found)
	at com.kms.katalon.core.keyword.internal.KeywordMain.stepFailed(KeywordMain.groovy:36)
	at com.kms.katalon.core.webui.keyword.internal.WebUIKeywordMain.stepFailed(WebUIKeywordMain.groovy:65)
	at com.kms.katalon.core.webui.keyword.internal.WebUIKeywordMain.runKeyword(WebUIKeywordMain.groovy:27)
	at com.kms.katalon.core.webui.keyword.builtin.ClickKeyword.click(ClickKeyword.groovy:86)
	at com.kms.katalon.core.webui.keyword.builtin.ClickKeyword.execute(ClickKeyword.groovy:67)
	at com.kms.katalon.core.keyword.internal.KeywordExecutor.executeKeywordForPlatform(KeywordExecutor.groovy:53)
	at com.kms.katalon.core.webui.keyword.WebUiBuiltInKeywords.click(WebUiBuiltInKeywords.groovy:616)
	at com.kms.katalon.core.webui.keyword.WebUiBuiltInKeywords$click$3.call(Unknown Source)
	at Checkout - Shipping.run(Checkout - Shipping:155)
	at com.kms.katalon.core.main.ScriptEngine.run(ScriptEngine.java:194)
	at com.kms.katalon.core.main.ScriptEngine.runScriptAsRawText(ScriptEngine.java:119)
	at com.kms.katalon.core.main.TestCaseExecutor.runScript(TestCaseExecutor.java:328)
	at com.kms.katalon.core.main.TestCaseExecutor.doExecute(TestCaseExecutor.java:319)
	at com.kms.katalon.core.main.TestCaseExecutor.processExecutionPhase(TestCaseExecutor.java:298)
	at com.kms.katalon.core.main.TestCaseExecutor.accessMainPhase(TestCaseExecutor.java:290)
	at com.kms.katalon.core.main.TestCaseExecutor.execute(TestCaseExecutor.java:224)
	at com.kms.katalon.core.main.TestSuiteExecutor.accessTestCaseMainPhase(TestSuiteExecutor.java:129)
	at com.kms.katalon.core.main.TestSuiteExecutor.accessTestSuiteMainPhase(TestSuiteExecutor.java:112)
	at com.kms.katalon.core.main.TestSuiteExecutor.execute(TestSuiteExecutor.java:81)
	at com.kms.katalon.core.main.TestCaseMain.startTestSuite(TestCaseMain.java:149)
	at com.kms.katalon.core.main.TestCaseMain$startTestSuite$0.call(Unknown Source)
	at TempTestSuite1561754394056.run(TempTestSuite1561754394056.groovy:36)
"/>
         <system-out><![CDATA[2019-06-28 16:47:47 - [TEST_CASE][FAILED] - Test Cases/OCS - MOBILE/OCS- CRITICAL PATH/Checkout - Shipping: Test Cases/OCS - MOBILE/OCS- CRITICAL PATH/Checkout - Shipping FAILED.
Reason:
com.kms.katalon.core.exception.StepFailedException: Unable to click on object 'Object Repository/OCS-MOBILE /Customer info page/Continue to shipping method - Button' (Root cause: com.kms.katalon.core.webui.exception.WebElementNotFoundException: Web element with id: 'Object Repository/OCS-MOBILE /Customer info page/Continue to shipping method - Button' located by 'By.xpath: //button[@name='button']' not found)
	at com.kms.katalon.core.keyword.internal.KeywordMain.stepFailed(KeywordMain.groovy:36)
	at com.kms.katalon.core.webui.keyword.internal.WebUIKeywordMain.stepFailed(WebUIKeywordMain.groovy:65)
	at com.kms.katalon.core.webui.keyword.internal.WebUIKeywordMain.runKeyword(WebUIKeywordMain.groovy:27)
	at com.kms.katalon.core.webui.keyword.builtin.ClickKeyword.click(ClickKeyword.groovy:86)
	at com.kms.katalon.core.webui.keyword.builtin.ClickKeyword.execute(ClickKeyword.groovy:67)
	at com.kms.katalon.core.keyword.internal.KeywordExecutor.executeKeywordForPlatform(KeywordExecutor.groovy:53)
	at com.kms.katalon.core.webui.keyword.WebUiBuiltInKeywords.click(WebUiBuiltInKeywords.groovy:616)
	at com.kms.katalon.core.webui.keyword.WebUiBuiltInKeywords$click$3.call(Unknown Source)
	at Checkout - Shipping.run(Checkout - Shipping:155)
	at com.kms.katalon.core.main.ScriptEngine.run(ScriptEngine.java:194)
	at com.kms.katalon.core.main.ScriptEngine.runScriptAsRawText(ScriptEngine.java:119)
	at com.kms.katalon.core.main.TestCaseExecutor.runScript(TestCaseExecutor.java:328)
	at com.kms.katalon.core.main.TestCaseExecutor.doExecute(TestCaseExecutor.java:319)
	at com.kms.katalon.core.main.TestCaseExecutor.processExecutionPhase(TestCaseExecutor.java:298)
	at com.kms.katalon.core.main.TestCaseExecutor.accessMainPhase(TestCaseExecutor.java:290)
	at com.kms.katalon.core.main.TestCaseExecutor.execute(TestCaseExecutor.java:224)
	at com.kms.katalon.core.main.TestSuiteExecutor.accessTestCaseMainPhase(TestSuiteExecutor.java:129)
	at com.kms.katalon.core.main.TestSuiteExecutor.accessTestSuiteMainPhase(TestSuiteExecutor.java:112)
	at com.kms.katalon.core.main.TestSuiteExecutor.execute(TestSuiteExecutor.java:81)
	at com.kms.katalon.core.main.TestCaseMain.startTestSuite(TestCaseMain.java:149)
	at com.kms.katalon.core.main.TestCaseMain$startTestSuite$0.call(Unknown Source)
	at TempTestSuite1561754394056.run(TempTestSuite1561754394056.groovy:36)


2019-06-28 16:47:47 - [TEST_STEP][PASSED] - callTestCase(findTestCase("OCS - MOBILE/CALL - AGE GATE"), [:], STOP_ON_FAILURE): Call Test Case 'Test Cases/OCS - MOBILE/CALL - AGE GATE' successfully

2019-06-28 16:47:47 - [TEST_CASE][PASSED] - Test Cases/OCS - MOBILE/CALL - AGE GATE: Test Cases/OCS - MOBILE/CALL - AGE GATE

2019-06-28 16:47:47 - [TEST_STEP][PASSED] - openBrowser(""): Browser is opened with url: ''

2019-06-28 16:47:47 - [MESSAGE][WARNING] - A browser is already opened. Closing browser and opening a new one

2019-06-28 16:47:47 - [MESSAGE][INFO] - Starting 'Safari' driver

2019-06-28 16:47:48 - [MESSAGE][PASSED] - Browser is opened with url: ''

2019-06-28 16:47:48 - [TEST_STEP][PASSED] - navigateToUrl("ocs.ca"): Navigate to 'http://ocs.ca' successfully

2019-06-28 16:47:51 - [MESSAGE][PASSED] - Navigate to 'http://ocs.ca' successfully

2019-06-28 16:47:51 - [TEST_STEP][NOT_RUN] - executeJavaScript("var previewBar = document.getElementById("preview-bar-iframe"); previewBar.style.display = "none";", []): NOT_RUN: executeJavaScript("var previewBar = document.getElementById("preview-bar-iframe"); previewBar.style.display = "none";", [])

2019-06-28 16:47:51 - [MESSAGE][NOT_RUN] - NOT_RUN: executeJavaScript("var previewBar = document.getElementById("preview-bar-iframe"); previewBar.style.display = "none";", [])

2019-06-28 16:47:51 - [TEST_STEP][PASSED] - setViewPortSize(360, 800): Viewport is set to new size with width = 360 and height = 800

2019-06-28 16:47:52 - [MESSAGE][PASSED] - Viewport is set to new size with width = 360 and height = 800

2019-06-28 16:47:52 - [TEST_STEP][PASSED] - delay(4): Delayed 4 second(s)

2019-06-28 16:47:56 - [MESSAGE][PASSED] - Delayed 4 second(s)

2019-06-28 16:47:56 - [TEST_STEP][PASSED] - selectOptionByValue(findTestObject("OCS-MOBILE /Age gate and burger menu/Date"), "12", true): All options with value '12' are selected in object 'Object Repository/OCS-MOBILE /Age gate and burger menu/Date'  using regular expression

2019-06-28 16:47:56 - [MESSAGE][PASSED] - All options with value '12' are selected in object 'Object Repository/OCS-MOBILE /Age gate and burger menu/Date'  using regular expression

2019-06-28 16:47:56 - [TEST_STEP][PASSED] - selectOptionByValue(findTestObject("OCS-MOBILE /Age gate and burger menu/month"), "6", true): All options with value '6' are selected in object 'Object Repository/OCS-MOBILE /Age gate and burger menu/month'  using regular expression

2019-06-28 16:47:56 - [MESSAGE][PASSED] - All options with value '6' are selected in object 'Object Repository/OCS-MOBILE /Age gate and burger menu/month'  using regular expression

2019-06-28 16:47:56 - [TEST_STEP][PASSED] - delay(2): Delayed 2 second(s)

2019-06-28 16:47:58 - [MESSAGE][PASSED] - Delayed 2 second(s)

2019-06-28 16:47:58 - [TEST_STEP][PASSED] - selectOptionByValue(findTestObject("OCS-MOBILE /Age gate and burger menu/Year Dropdown"), "1990", true): All options with value '1990' are selected in object 'Object Repository/OCS-MOBILE /Age gate and burger menu/Year Dropdown'  using regular expression

2019-06-28 16:48:00 - [MESSAGE][PASSED] - All options with value '1990' are selected in object 'Object Repository/OCS-MOBILE /Age gate and burger menu/Year Dropdown'  using regular expression

2019-06-28 16:48:00 - [TEST_STEP][PASSED] - click(findTestObject("OCS-MOBILE /Age gate and Mega menu/button_Verify")): Object: 'Object Repository/OCS-MOBILE /Age gate and Mega menu/button_Verify' is clicked on

2019-06-28 16:48:00 - [MESSAGE][PASSED] - Object: 'Object Repository/OCS-MOBILE /Age gate and Mega menu/button_Verify' is clicked on

2019-06-28 16:48:00 - [TEST_STEP][PASSED] - click(findTestObject("OCS-MOBILE /Age gate and Mega menu/Checkbox_CONFIRM AND ACKNOWLEDGE")): Object: 'Object Repository/OCS-MOBILE /Age gate and Mega menu/Checkbox_CONFIRM AND ACKNOWLEDGE' is clicked on

2019-06-28 16:48:00 - [MESSAGE][PASSED] - Object: 'Object Repository/OCS-MOBILE /Age gate and Mega menu/Checkbox_CONFIRM AND ACKNOWLEDGE' is clicked on

2019-06-28 16:48:00 - [TEST_STEP][PASSED] - click(findTestObject("OCS-MOBILE /Age gate and Mega menu/button_CONFIRM")): Object: 'Object Repository/OCS-MOBILE /Age gate and Mega menu/button_CONFIRM' is clicked on

2019-06-28 16:48:00 - [MESSAGE][PASSED] - Object: 'Object Repository/OCS-MOBILE /Age gate and Mega menu/button_CONFIRM' is clicked on

2019-06-28 16:48:00 - [TEST_STEP][PASSED] - click(findTestObject("OCS-MOBILE /Age gate and Mega menu/button_Start Browsing")): Object: 'Object Repository/OCS-MOBILE /Age gate and Mega menu/button_Start Browsing' is clicked on

2019-06-28 16:48:00 - [MESSAGE][PASSED] - Object: 'Object Repository/OCS-MOBILE /Age gate and Mega menu/button_Start Browsing' is clicked on

2019-06-28 16:48:00 - [TEST_STEP][PASSED] - refresh(): Refresh successfully

2019-06-28 16:48:03 - [MESSAGE][PASSED] - Refresh successfully

2019-06-28 16:48:03 - [TEST_STEP][NOT_RUN] - executeJavaScript("var previewBar = document.getElementById("preview-bar-iframe"); previewBar.style.display = "none";", []): NOT_RUN: executeJavaScript("var previewBar = document.getElementById("preview-bar-iframe"); previewBar.style.display = "none";", [])

2019-06-28 16:48:03 - [MESSAGE][NOT_RUN] - NOT_RUN: executeJavaScript("var previewBar = document.getElementById("preview-bar-iframe"); previewBar.style.display = "none";", [])

2019-06-28 16:48:03 - [MESSAGE][PASSED] - Call Test Case 'Test Cases/OCS - MOBILE/CALL - AGE GATE' successfully

2019-06-28 16:48:03 - [TEST_STEP][PASSED] - delay(2): Delayed 2 second(s)

2019-06-28 16:48:05 - [MESSAGE][PASSED] - Delayed 2 second(s)

2019-06-28 16:48:05 - [TEST_STEP][PASSED] - refresh(): Refresh successfully

2019-06-28 16:48:10 - [MESSAGE][PASSED] - Refresh successfully

2019-06-28 16:48:10 - [TEST_STEP][PASSED] - click(findTestObject("OCS-MOBILE /Age gate and burger menu/Burger menu - English")): Object: 'Object Repository/OCS-MOBILE /Age gate and burger menu/Burger menu - English' is clicked on

2019-06-28 16:48:10 - [MESSAGE][PASSED] - Object: 'Object Repository/OCS-MOBILE /Age gate and burger menu/Burger menu - English' is clicked on

2019-06-28 16:48:10 - [TEST_STEP][PASSED] - delay(2): Delayed 2 second(s)

2019-06-28 16:48:12 - [MESSAGE][PASSED] - Delayed 2 second(s)

2019-06-28 16:48:12 - [TEST_STEP][PASSED] - click(findTestObject("OCS-MOBILE /Age gate and burger menu/Chevron_Cannabis")): Object: 'Object Repository/OCS-MOBILE /Age gate and burger menu/Chevron_Cannabis' is clicked on

2019-06-28 16:48:12 - [MESSAGE][PASSED] - Object: 'Object Repository/OCS-MOBILE /Age gate and burger menu/Chevron_Cannabis' is clicked on

2019-06-28 16:48:12 - [TEST_STEP][PASSED] - delay(2): Delayed 2 second(s)

2019-06-28 16:48:14 - [MESSAGE][PASSED] - Delayed 2 second(s)

2019-06-28 16:48:14 - [TEST_STEP][PASSED] - click(findTestObject("OCS-MOBILE /Age gate and burger menu/Dried Flower_Plus icon")): Object: 'Object Repository/OCS-MOBILE /Age gate and burger menu/Dried Flower_Plus icon' is clicked on

2019-06-28 16:48:14 - [MESSAGE][PASSED] - Object: 'Object Repository/OCS-MOBILE /Age gate and burger menu/Dried Flower_Plus icon' is clicked on

2019-06-28 16:48:14 - [TEST_STEP][PASSED] - delay(2): Delayed 2 second(s)

2019-06-28 16:48:16 - [MESSAGE][PASSED] - Delayed 2 second(s)

2019-06-28 16:48:16 - [TEST_STEP][PASSED] - click(findTestObject("OCS-MOBILE /Age gate and burger menu/Indica Dominant_Menu item")): Object: 'Object Repository/OCS-MOBILE /Age gate and burger menu/Indica Dominant_Menu item' is clicked on

2019-06-28 16:48:16 - [MESSAGE][PASSED] - Object: 'Object Repository/OCS-MOBILE /Age gate and burger menu/Indica Dominant_Menu item' is clicked on

2019-06-28 16:48:16 - [TEST_STEP][NOT_RUN] - executeJavaScript("var previewBar = document.getElementById("preview-bar-iframe"); previewBar.style.display = "none";", []): NOT_RUN: executeJavaScript("var previewBar = document.getElementById("preview-bar-iframe"); previewBar.style.display = "none";", [])

2019-06-28 16:48:16 - [MESSAGE][NOT_RUN] - NOT_RUN: executeJavaScript("var previewBar = document.getElementById("preview-bar-iframe"); previewBar.style.display = "none";", [])

2019-06-28 16:48:16 - [TEST_STEP][PASSED] - delay(2): Delayed 2 second(s)

2019-06-28 16:48:18 - [MESSAGE][PASSED] - Delayed 2 second(s)

2019-06-28 16:48:18 - [TEST_STEP][PASSED] - click(findTestObject("OCS-MOBILE /Collection page/Product image - 1st one")): Object: 'Object Repository/OCS-MOBILE /Collection page/Product image - 1st one' is clicked on

2019-06-28 16:48:26 - [MESSAGE][PASSED] - Object: 'Object Repository/OCS-MOBILE /Collection page/Product image - 1st one' is clicked on

2019-06-28 16:48:26 - [TEST_STEP][PASSED] - delay(1): Delayed 1 second(s)

2019-06-28 16:48:27 - [MESSAGE][PASSED] - Delayed 1 second(s)

2019-06-28 16:48:27 - [TEST_STEP][NOT_RUN] - executeJavaScript("var previewBar = document.getElementById("preview-bar-iframe"); previewBar.style.display = "none";", []): NOT_RUN: executeJavaScript("var previewBar = document.getElementById("preview-bar-iframe"); previewBar.style.display = "none";", [])

2019-06-28 16:48:27 - [MESSAGE][NOT_RUN] - NOT_RUN: executeJavaScript("var previewBar = document.getElementById("preview-bar-iframe"); previewBar.style.display = "none";", [])

2019-06-28 16:48:27 - [TEST_STEP][PASSED] - delay(3): Delayed 3 second(s)

2019-06-28 16:48:30 - [MESSAGE][PASSED] - Delayed 3 second(s)

2019-06-28 16:48:30 - [TEST_STEP][PASSED] - navigateToUrl("https://ocs.ca/products/dream-weaver"): Navigate to 'https://ocs.ca/products/dream-weaver' successfully

2019-06-28 16:48:36 - [MESSAGE][PASSED] - Navigate to 'https://ocs.ca/products/dream-weaver' successfully

2019-06-28 16:48:36 - [TEST_STEP][NOT_RUN] - executeJavaScript("var previewBar = document.getElementById("preview-bar-iframe"); previewBar.style.display = "none";", []): NOT_RUN: executeJavaScript("var previewBar = document.getElementById("preview-bar-iframe"); previewBar.style.display = "none";", [])

2019-06-28 16:48:36 - [MESSAGE][NOT_RUN] - NOT_RUN: executeJavaScript("var previewBar = document.getElementById("preview-bar-iframe"); previewBar.style.display = "none";", [])

2019-06-28 16:48:36 - [TEST_STEP][NOT_RUN] - scrollToElement(findTestObject("OCS-MOBILE /Product page/Product image"), 1): NOT_RUN: scrollToElement(findTestObject("OCS-MOBILE /Product page/Product image"), 1)

2019-06-28 16:48:36 - [MESSAGE][NOT_RUN] - NOT_RUN: scrollToElement(findTestObject("OCS-MOBILE /Product page/Product image"), 1)

2019-06-28 16:48:36 - [TEST_STEP][PASSED] - click(findTestObject("OCS-MOBILE /Product page/Swatch_3.5g")): Object: 'Object Repository/OCS-MOBILE /Product page/Swatch_3.5g' is clicked on

2019-06-28 16:48:36 - [MESSAGE][PASSED] - Object: 'Object Repository/OCS-MOBILE /Product page/Swatch_3.5g' is clicked on

2019-06-28 16:48:36 - [TEST_STEP][PASSED] - delay(2): Delayed 2 second(s)

2019-06-28 16:48:38 - [MESSAGE][PASSED] - Delayed 2 second(s)

2019-06-28 16:48:38 - [TEST_STEP][PASSED] - click(findTestObject("OCS-MOBILE /Product page/Add to Bag-button")): Object: 'Object Repository/OCS-MOBILE /Product page/Add to Bag-button' is clicked on

2019-06-28 16:48:38 - [MESSAGE][PASSED] - Object: 'Object Repository/OCS-MOBILE /Product page/Add to Bag-button' is clicked on

2019-06-28 16:48:38 - [TEST_STEP][PASSED] - delay(2): Delayed 2 second(s)

2019-06-28 16:48:40 - [MESSAGE][PASSED] - Delayed 2 second(s)

2019-06-28 16:48:40 - [TEST_STEP][NOT_RUN] - click(findTestObject("OCS-MOBILE /Home - page/Cart icon -bag")): NOT_RUN: click(findTestObject("OCS-MOBILE /Home - page/Cart icon -bag"))

2019-06-28 16:48:40 - [MESSAGE][NOT_RUN] - NOT_RUN: click(findTestObject("OCS-MOBILE /Home - page/Cart icon -bag"))

2019-06-28 16:48:40 - [TEST_STEP][PASSED] - delay(1): Delayed 1 second(s)

2019-06-28 16:48:41 - [MESSAGE][PASSED] - Delayed 1 second(s)

2019-06-28 16:48:41 - [TEST_STEP][PASSED] - click(findTestObject("OCS-MOBILE /Cart flyout/Checkbox_I confirm that")): Object: 'Object Repository/OCS-MOBILE /Cart flyout/Checkbox_I confirm that' is clicked on

2019-06-28 16:48:41 - [MESSAGE][PASSED] - Object: 'Object Repository/OCS-MOBILE /Cart flyout/Checkbox_I confirm that' is clicked on

2019-06-28 16:48:41 - [TEST_STEP][PASSED] - delay(2): Delayed 2 second(s)

2019-06-28 16:48:43 - [MESSAGE][PASSED] - Delayed 2 second(s)

2019-06-28 16:48:43 - [TEST_STEP][PASSED] - click(findTestObject("OCS-MOBILE /Cart flyout/Checkbox_Accept the Terms Condition")): Object: 'Object Repository/OCS-MOBILE /Cart flyout/Checkbox_Accept the Terms Condition' is clicked on

2019-06-28 16:48:43 - [MESSAGE][PASSED] - Object: 'Object Repository/OCS-MOBILE /Cart flyout/Checkbox_Accept the Terms Condition' is clicked on

2019-06-28 16:48:43 - [TEST_STEP][PASSED] - delay(1): Delayed 1 second(s)

2019-06-28 16:48:44 - [MESSAGE][PASSED] - Delayed 1 second(s)

2019-06-28 16:48:44 - [TEST_STEP][PASSED] - click(findTestObject("OCS-MOBILE /Cart flyout/Checkout - Button")): Object: 'Object Repository/OCS-MOBILE /Cart flyout/Checkout - Button' is clicked on

2019-06-28 16:48:44 - [MESSAGE][PASSED] - Object: 'Object Repository/OCS-MOBILE /Cart flyout/Checkout - Button' is clicked on

2019-06-28 16:48:44 - [TEST_STEP][PASSED] - delay(1): Delayed 1 second(s)

2019-06-28 16:48:45 - [MESSAGE][PASSED] - Delayed 1 second(s)

2019-06-28 16:48:45 - [TEST_STEP][NOT_RUN] - executeJavaScript("var previewBar = document.getElementById("preview-bar-iframe"); previewBar.style.display = "none";", []): NOT_RUN: executeJavaScript("var previewBar = document.getElementById("preview-bar-iframe"); previewBar.style.display = "none";", [])

2019-06-28 16:48:45 - [MESSAGE][NOT_RUN] - NOT_RUN: executeJavaScript("var previewBar = document.getElementById("preview-bar-iframe"); previewBar.style.display = "none";", [])

2019-06-28 16:48:45 - [TEST_STEP][PASSED] - delay(2): Delayed 2 second(s)

2019-06-28 16:48:47 - [MESSAGE][PASSED] - Delayed 2 second(s)

2019-06-28 16:48:47 - [TEST_STEP][PASSED] - scrollToElement(findTestObject("OCS-MOBILE /Customer info page/input_Email"), 0): Scroll to object 'Object Repository/OCS-MOBILE /Customer info page/input_Email' successfully

2019-06-28 16:48:47 - [MESSAGE][WARNING] - Timeout '0' is invalid. Using default page load timeout: '30'

2019-06-28 16:48:52 - [MESSAGE][PASSED] - Scroll to object 'Object Repository/OCS-MOBILE /Customer info page/input_Email' successfully

2019-06-28 16:48:52 - [TEST_STEP][PASSED] - setText(findTestObject("OCS-MOBILE /Customer info page/input_Email"), "suman.kompelly@diffagency.com"): Text 'suman.kompelly@diffagency.com' is set on object 'Object Repository/OCS-MOBILE /Customer info page/input_Email'

2019-06-28 16:48:54 - [MESSAGE][PASSED] - Text 'suman.kompelly@diffagency.com' is set on object 'Object Repository/OCS-MOBILE /Customer info page/input_Email'

2019-06-28 16:48:54 - [TEST_STEP][PASSED] - setText(findTestObject("OCS-MOBILE /Customer info page/input_First name"), "suman"): Text 'suman' is set on object 'Object Repository/OCS-MOBILE /Customer info page/input_First name'

2019-06-28 16:48:54 - [MESSAGE][PASSED] - Text 'suman' is set on object 'Object Repository/OCS-MOBILE /Customer info page/input_First name'

2019-06-28 16:48:54 - [TEST_STEP][PASSED] - setText(findTestObject("OCS-MOBILE /Customer info page/input_Last name"), "kompelly"): Text 'kompelly' is set on object 'Object Repository/OCS-MOBILE /Customer info page/input_Last name'

2019-06-28 16:48:55 - [MESSAGE][PASSED] - Text 'kompelly' is set on object 'Object Repository/OCS-MOBILE /Customer info page/input_Last name'

2019-06-28 16:48:55 - [TEST_STEP][PASSED] - setText(findTestObject("OCS-MOBILE /Customer info page/input_Address"), "300 saint alxendre"): Text '300 saint alxendre' is set on object 'Object Repository/OCS-MOBILE /Customer info page/input_Address'

2019-06-28 16:48:55 - [MESSAGE][PASSED] - Text '300 saint alxendre' is set on object 'Object Repository/OCS-MOBILE /Customer info page/input_Address'

2019-06-28 16:48:55 - [TEST_STEP][PASSED] - setText(findTestObject("OCS-MOBILE /Customer info page/input_Apartment suite etc. (op"), "199"): Text '199' is set on object 'Object Repository/OCS-MOBILE /Customer info page/input_Apartment suite etc. (op'

2019-06-28 16:48:55 - [MESSAGE][PASSED] - Text '199' is set on object 'Object Repository/OCS-MOBILE /Customer info page/input_Apartment suite etc. (op'

2019-06-28 16:48:55 - [TEST_STEP][PASSED] - setText(findTestObject("OCS-MOBILE /Customer info page/input_City"), "montreal"): Text 'montreal' is set on object 'Object Repository/OCS-MOBILE /Customer info page/input_City'

2019-06-28 16:48:55 - [MESSAGE][PASSED] - Text 'montreal' is set on object 'Object Repository/OCS-MOBILE /Customer info page/input_City'

2019-06-28 16:48:55 - [TEST_STEP][PASSED] - setText(findTestObject("OCS-MOBILE /Customer info page/input_Postal code"), "n0R1K0"): Text 'n0R1K0' is set on object 'Object Repository/OCS-MOBILE /Customer info page/input_Postal code'

2019-06-28 16:48:55 - [MESSAGE][PASSED] - Text 'n0R1K0' is set on object 'Object Repository/OCS-MOBILE /Customer info page/input_Postal code'

2019-06-28 16:48:55 - [TEST_STEP][PASSED] - setText(findTestObject("OCS-MOBILE /Customer info page/input_Phone"), "(514) 449-3882"): Text '(514) 449-3882' is set on object 'Object Repository/OCS-MOBILE /Customer info page/input_Phone'

2019-06-28 16:48:56 - [MESSAGE][PASSED] - Text '(514) 449-3882' is set on object 'Object Repository/OCS-MOBILE /Customer info page/input_Phone'

2019-06-28 16:48:56 - [TEST_STEP][PASSED] - delay(2): Delayed 2 second(s)

2019-06-28 16:48:58 - [MESSAGE][PASSED] - Delayed 2 second(s)

2019-06-28 16:48:58 - [TEST_STEP][PASSED] - click(findTestObject("OCS-MOBILE /Customer info page/Continue to shipping method - Button")): Object: 'Object Repository/OCS-MOBILE /Customer info page/Continue to shipping method - Button' is clicked on

2019-06-28 16:48:58 - [MESSAGE][PASSED] - Object: 'Object Repository/OCS-MOBILE /Customer info page/Continue to shipping method - Button' is clicked on

2019-06-28 16:48:58 - [TEST_STEP][PASSED] - delay(1): Delayed 1 second(s)

2019-06-28 16:48:59 - [MESSAGE][PASSED] - Delayed 1 second(s)

2019-06-28 16:48:59 - [TEST_STEP][PASSED] - click(findTestObject("OCS-MOBILE /Customer info page/Chevron_OrderSummary")): Object: 'Object Repository/OCS-MOBILE /Customer info page/Chevron_OrderSummary' is clicked on

2019-06-28 16:49:05 - [MESSAGE][PASSED] - Object: 'Object Repository/OCS-MOBILE /Customer info page/Chevron_OrderSummary' is clicked on

2019-06-28 16:49:05 - [TEST_STEP][NOT_RUN] - executeJavaScript("var previewBar = document.getElementById("preview-bar-iframe"); previewBar.style.display = "none";", []): NOT_RUN: executeJavaScript("var previewBar = document.getElementById("preview-bar-iframe"); previewBar.style.display = "none";", [])

2019-06-28 16:49:05 - [MESSAGE][NOT_RUN] - NOT_RUN: executeJavaScript("var previewBar = document.getElementById("preview-bar-iframe"); previewBar.style.display = "none";", [])

2019-06-28 16:49:05 - [TEST_STEP][PASSED] - delay(1): Delayed 1 second(s)

2019-06-28 16:49:06 - [MESSAGE][PASSED] - Delayed 1 second(s)

2019-06-28 16:49:06 - [TEST_STEP][PASSED] - click(findTestObject("OCS-MOBILE /Shipping page/Change link")): Object: 'Object Repository/OCS-MOBILE /Shipping page/Change link' is clicked on

2019-06-28 16:49:12 - [MESSAGE][PASSED] - Object: 'Object Repository/OCS-MOBILE /Shipping page/Change link' is clicked on

2019-06-28 16:49:12 - [TEST_STEP][PASSED] - delay(1): Delayed 1 second(s)

2019-06-28 16:49:13 - [MESSAGE][PASSED] - Delayed 1 second(s)

2019-06-28 16:49:13 - [TEST_STEP][NOT_RUN] - executeJavaScript("var previewBar = document.getElementById("preview-bar-iframe"); previewBar.style.display = "none";", []): NOT_RUN: executeJavaScript("var previewBar = document.getElementById("preview-bar-iframe"); previewBar.style.display = "none";", [])

2019-06-28 16:49:13 - [MESSAGE][NOT_RUN] - NOT_RUN: executeJavaScript("var previewBar = document.getElementById("preview-bar-iframe"); previewBar.style.display = "none";", [])

2019-06-28 16:49:13 - [TEST_STEP][NOT_RUN] - delay(1): NOT_RUN: delay(1)

2019-06-28 16:49:13 - [MESSAGE][NOT_RUN] - NOT_RUN: delay(1)

2019-06-28 16:49:13 - [TEST_STEP][PASSED] - click(findTestObject("OCS-MOBILE /Customer info page/Continue to shipping method - Button")): Object: 'Object Repository/OCS-MOBILE /Customer info page/Continue to shipping method - Button' is clicked on

2019-06-28 16:49:13 - [MESSAGE][PASSED] - Object: 'Object Repository/OCS-MOBILE /Customer info page/Continue to shipping method - Button' is clicked on

2019-06-28 16:49:13 - [TEST_STEP][PASSED] - delay(1): Delayed 1 second(s)

2019-06-28 16:49:14 - [MESSAGE][PASSED] - Delayed 1 second(s)

2019-06-28 16:49:14 - [TEST_STEP][PASSED] - click(findTestObject("OCS-MOBILE /Shipping page/Change link 2")): Object: 'Object Repository/OCS-MOBILE /Shipping page/Change link 2' is clicked on

2019-06-28 16:49:27 - [MESSAGE][PASSED] - Object: 'Object Repository/OCS-MOBILE /Shipping page/Change link 2' is clicked on

2019-06-28 16:49:27 - [TEST_STEP][PASSED] - delay(1): Delayed 1 second(s)

2019-06-28 16:49:28 - [MESSAGE][PASSED] - Delayed 1 second(s)

2019-06-28 16:49:28 - [TEST_STEP][NOT_RUN] - executeJavaScript("var previewBar = document.getElementById("preview-bar-iframe"); previewBar.style.display = "none";", []): NOT_RUN: executeJavaScript("var previewBar = document.getElementById("preview-bar-iframe"); previewBar.style.display = "none";", [])

2019-06-28 16:49:28 - [MESSAGE][NOT_RUN] - NOT_RUN: executeJavaScript("var previewBar = document.getElementById("preview-bar-iframe"); previewBar.style.display = "none";", [])

2019-06-28 16:49:28 - [TEST_STEP][NOT_RUN] - delay(1): NOT_RUN: delay(1)

2019-06-28 16:49:28 - [MESSAGE][NOT_RUN] - NOT_RUN: delay(1)

2019-06-28 16:49:28 - [TEST_STEP][PASSED] - click(findTestObject("OCS-MOBILE /Customer info page/Continue to shipping method - Button"), CONTINUE_ON_FAILURE): Object: 'Object Repository/OCS-MOBILE /Customer info page/Continue to shipping method - Button' is clicked on

2019-06-28 16:49:28 - [MESSAGE][PASSED] - Object: 'Object Repository/OCS-MOBILE /Customer info page/Continue to shipping method - Button' is clicked on

2019-06-28 16:49:28 - [TEST_STEP][NOT_RUN] - executeJavaScript("var previewBar = document.getElementById("preview-bar-iframe"); previewBar.style.display = "none";", []): NOT_RUN: executeJavaScript("var previewBar = document.getElementById("preview-bar-iframe"); previewBar.style.display = "none";", [])

2019-06-28 16:49:28 - [MESSAGE][NOT_RUN] - NOT_RUN: executeJavaScript("var previewBar = document.getElementById("preview-bar-iframe"); previewBar.style.display = "none";", [])

2019-06-28 16:49:28 - [TEST_STEP][PASSED] - delay(1): Delayed 1 second(s)

2019-06-28 16:49:29 - [MESSAGE][PASSED] - Delayed 1 second(s)

2019-06-28 16:49:29 - [TEST_STEP][PASSED] - click(findTestObject("OCS-MOBILE /Shipping page/Return to customer info")): Object: 'Object Repository/OCS-MOBILE /Shipping page/Return to customer info' is clicked on

2019-06-28 16:49:31 - [MESSAGE][PASSED] - Object: 'Object Repository/OCS-MOBILE /Shipping page/Return to customer info' is clicked on

2019-06-28 16:49:31 - [TEST_STEP][NOT_RUN] - executeJavaScript("var previewBar = document.getElementById("preview-bar-iframe"); previewBar.style.display = "none";", []): NOT_RUN: executeJavaScript("var previewBar = document.getElementById("preview-bar-iframe"); previewBar.style.display = "none";", [])

2019-06-28 16:49:31 - [MESSAGE][NOT_RUN] - NOT_RUN: executeJavaScript("var previewBar = document.getElementById("preview-bar-iframe"); previewBar.style.display = "none";", [])

2019-06-28 16:49:31 - [TEST_STEP][PASSED] - delay(1): Delayed 1 second(s)

2019-06-28 16:49:32 - [MESSAGE][PASSED] - Delayed 1 second(s)

2019-06-28 16:49:32 - [TEST_STEP][NOT_RUN] - delay(1): NOT_RUN: delay(1)

2019-06-28 16:49:32 - [MESSAGE][NOT_RUN] - NOT_RUN: delay(1)

2019-06-28 16:49:32 - [TEST_STEP][FAILED] - click(findTestObject("OCS-MOBILE /Customer info page/Continue to shipping method - Button")): click(findTestObject("OCS-MOBILE /Customer info page/Continue to shipping method - Button")) FAILED.
Reason:
com.kms.katalon.core.exception.StepFailedException: Unable to click on object 'Object Repository/OCS-MOBILE /Customer info page/Continue to shipping method - Button' (Root cause: com.kms.katalon.core.webui.exception.WebElementNotFoundException: Web element with id: 'Object Repository/OCS-MOBILE /Customer info page/Continue to shipping method - Button' located by 'By.xpath: //button[@name='button']' not found)
	at com.kms.katalon.core.keyword.internal.KeywordMain.stepFailed(KeywordMain.groovy:36)
	at com.kms.katalon.core.webui.keyword.internal.WebUIKeywordMain.stepFailed(WebUIKeywordMain.groovy:65)
	at com.kms.katalon.core.webui.keyword.internal.WebUIKeywordMain.runKeyword(WebUIKeywordMain.groovy:27)
	at com.kms.katalon.core.webui.keyword.builtin.ClickKeyword.click(ClickKeyword.groovy:86)
	at com.kms.katalon.core.webui.keyword.builtin.ClickKeyword.execute(ClickKeyword.groovy:67)
	at com.kms.katalon.core.keyword.internal.KeywordExecutor.executeKeywordForPlatform(KeywordExecutor.groovy:53)
	at com.kms.katalon.core.webui.keyword.WebUiBuiltInKeywords.click(WebUiBuiltInKeywords.groovy:616)
	at com.kms.katalon.core.webui.keyword.WebUiBuiltInKeywords$click$3.call(Unknown Source)
	at Checkout - Shipping.run(Checkout - Shipping:155)
	at com.kms.katalon.core.main.ScriptEngine.run(ScriptEngine.java:194)
	at com.kms.katalon.core.main.ScriptEngine.runScriptAsRawText(ScriptEngine.java:119)
	at com.kms.katalon.core.main.TestCaseExecutor.runScript(TestCaseExecutor.java:328)
	at com.kms.katalon.core.main.TestCaseExecutor.doExecute(TestCaseExecutor.java:319)
	at com.kms.katalon.core.main.TestCaseExecutor.processExecutionPhase(TestCaseExecutor.java:298)
	at com.kms.katalon.core.main.TestCaseExecutor.accessMainPhase(TestCaseExecutor.java:290)
	at com.kms.katalon.core.main.TestCaseExecutor.execute(TestCaseExecutor.java:224)
	at com.kms.katalon.core.main.TestSuiteExecutor.accessTestCaseMainPhase(TestSuiteExecutor.java:129)
	at com.kms.katalon.core.main.TestSuiteExecutor.accessTestSuiteMainPhase(TestSuiteExecutor.java:112)
	at com.kms.katalon.core.main.TestSuiteExecutor.execute(TestSuiteExecutor.java:81)
	at com.kms.katalon.core.main.TestCaseMain.startTestSuite(TestCaseMain.java:149)
	at com.kms.katalon.core.main.TestCaseMain$startTestSuite$0.call(Unknown Source)
	at TempTestSuite1561754394056.run(TempTestSuite1561754394056.groovy:36)


2019-06-28 16:50:03 - [MESSAGE][INFO] - Unable to find the element located by 'By.xpath: //button[@name='button']'. Please recheck the objects properties to make sure the desired element is located. 

2019-06-28 16:50:03 - [MESSAGE][FAILED] - Unable to click on object 'Object Repository/OCS-MOBILE /Customer info page/Continue to shipping method - Button' (Root cause: com.kms.katalon.core.webui.exception.WebElementNotFoundException: Web element with id: 'Object Repository/OCS-MOBILE /Customer info page/Continue to shipping method - Button' located by 'By.xpath: //button[@name='button']' not found)
[[ATTACHMENT|/Users/sumankompelly/Relative xpath-Mobile/Reports/Live site/20190628_163954/1561755003288.png]]

2019-06-28 16:50:03 - [MESSAGE][FAILED] - click(findTestObject("OCS-MOBILE /Customer info page/Continue to shipping method - Button")) FAILED.
Reason:
com.kms.katalon.core.exception.StepFailedException: Unable to click on object 'Object Repository/OCS-MOBILE /Customer info page/Continue to shipping method - Button' (Root cause: com.kms.katalon.core.webui.exception.WebElementNotFoundException: Web element with id: 'Object Repository/OCS-MOBILE /Customer info page/Continue to shipping method - Button' located by 'By.xpath: //button[@name='button']' not found)
	at com.kms.katalon.core.keyword.internal.KeywordMain.stepFailed(KeywordMain.groovy:36)
	at com.kms.katalon.core.webui.keyword.internal.WebUIKeywordMain.stepFailed(WebUIKeywordMain.groovy:65)
	at com.kms.katalon.core.webui.keyword.internal.WebUIKeywordMain.runKeyword(WebUIKeywordMain.groovy:27)
	at com.kms.katalon.core.webui.keyword.builtin.ClickKeyword.click(ClickKeyword.groovy:86)
	at com.kms.katalon.core.webui.keyword.builtin.ClickKeyword.execute(ClickKeyword.groovy:67)
	at com.kms.katalon.core.keyword.internal.KeywordExecutor.executeKeywordForPlatform(KeywordExecutor.groovy:53)
	at com.kms.katalon.core.webui.keyword.WebUiBuiltInKeywords.click(WebUiBuiltInKeywords.groovy:616)
	at com.kms.katalon.core.webui.keyword.WebUiBuiltInKeywords$click$3.call(Unknown Source)
	at Checkout - Shipping.run(Checkout - Shipping:155)
	at com.kms.katalon.core.main.ScriptEngine.run(ScriptEngine.java:194)
	at com.kms.katalon.core.main.ScriptEngine.runScriptAsRawText(ScriptEngine.java:119)
	at com.kms.katalon.core.main.TestCaseExecutor.runScript(TestCaseExecutor.java:328)
	at com.kms.katalon.core.main.TestCaseExecutor.doExecute(TestCaseExecutor.java:319)
	at com.kms.katalon.core.main.TestCaseExecutor.processExecutionPhase(TestCaseExecutor.java:298)
	at com.kms.katalon.core.main.TestCaseExecutor.accessMainPhase(TestCaseExecutor.java:290)
	at com.kms.katalon.core.main.TestCaseExecutor.execute(TestCaseExecutor.java:224)
	at com.kms.katalon.core.main.TestSuiteExecutor.accessTestCaseMainPhase(TestSuiteExecutor.java:129)
	at com.kms.katalon.core.main.TestSuiteExecutor.accessTestSuiteMainPhase(TestSuiteExecutor.java:112)
	at com.kms.katalon.core.main.TestSuiteExecutor.execute(TestSuiteExecutor.java:81)
	at com.kms.katalon.core.main.TestCaseMain.startTestSuite(TestCaseMain.java:149)
	at com.kms.katalon.core.main.TestCaseMain$startTestSuite$0.call(Unknown Source)
	at TempTestSuite1561754394056.run(TempTestSuite1561754394056.groovy:36)]]></system-out>
         <system-err><![CDATA[2019-06-28 16:47:47 - [TEST_CASE][FAILED] - Test Cases/OCS - MOBILE/OCS- CRITICAL PATH/Checkout - Shipping: Test Cases/OCS - MOBILE/OCS- CRITICAL PATH/Checkout - Shipping FAILED.
Reason:
com.kms.katalon.core.exception.StepFailedException: Unable to click on object 'Object Repository/OCS-MOBILE /Customer info page/Continue to shipping method - Button' (Root cause: com.kms.katalon.core.webui.exception.WebElementNotFoundException: Web element with id: 'Object Repository/OCS-MOBILE /Customer info page/Continue to shipping method - Button' located by 'By.xpath: //button[@name='button']' not found)
	at com.kms.katalon.core.keyword.internal.KeywordMain.stepFailed(KeywordMain.groovy:36)
	at com.kms.katalon.core.webui.keyword.internal.WebUIKeywordMain.stepFailed(WebUIKeywordMain.groovy:65)
	at com.kms.katalon.core.webui.keyword.internal.WebUIKeywordMain.runKeyword(WebUIKeywordMain.groovy:27)
	at com.kms.katalon.core.webui.keyword.builtin.ClickKeyword.click(ClickKeyword.groovy:86)
	at com.kms.katalon.core.webui.keyword.builtin.ClickKeyword.execute(ClickKeyword.groovy:67)
	at com.kms.katalon.core.keyword.internal.KeywordExecutor.executeKeywordForPlatform(KeywordExecutor.groovy:53)
	at com.kms.katalon.core.webui.keyword.WebUiBuiltInKeywords.click(WebUiBuiltInKeywords.groovy:616)
	at com.kms.katalon.core.webui.keyword.WebUiBuiltInKeywords$click$3.call(Unknown Source)
	at Checkout - Shipping.run(Checkout - Shipping:155)
	at com.kms.katalon.core.main.ScriptEngine.run(ScriptEngine.java:194)
	at com.kms.katalon.core.main.ScriptEngine.runScriptAsRawText(ScriptEngine.java:119)
	at com.kms.katalon.core.main.TestCaseExecutor.runScript(TestCaseExecutor.java:328)
	at com.kms.katalon.core.main.TestCaseExecutor.doExecute(TestCaseExecutor.java:319)
	at com.kms.katalon.core.main.TestCaseExecutor.processExecutionPhase(TestCaseExecutor.java:298)
	at com.kms.katalon.core.main.TestCaseExecutor.accessMainPhase(TestCaseExecutor.java:290)
	at com.kms.katalon.core.main.TestCaseExecutor.execute(TestCaseExecutor.java:224)
	at com.kms.katalon.core.main.TestSuiteExecutor.accessTestCaseMainPhase(TestSuiteExecutor.java:129)
	at com.kms.katalon.core.main.TestSuiteExecutor.accessTestSuiteMainPhase(TestSuiteExecutor.java:112)
	at com.kms.katalon.core.main.TestSuiteExecutor.execute(TestSuiteExecutor.java:81)
	at com.kms.katalon.core.main.TestCaseMain.startTestSuite(TestCaseMain.java:149)
	at com.kms.katalon.core.main.TestCaseMain$startTestSuite$0.call(Unknown Source)
	at TempTestSuite1561754394056.run(TempTestSuite1561754394056.groovy:36)]]></system-err>
      </testcase>
      <testcase name="Test Cases/OCS - MOBILE/OCS- CRITICAL PATH/Cart page- decrease qty" classname="Test Cases/OCS - MOBILE/OCS- CRITICAL PATH/Cart page- decrease qty" status="PASSED">
         <system-out><![CDATA[2019-06-28 16:50:03 - [TEST_CASE][PASSED] - Test Cases/OCS - MOBILE/OCS- CRITICAL PATH/Cart page- decrease qty: Test Cases/OCS - MOBILE/OCS- CRITICAL PATH/Cart page- decrease qty

2019-06-28 16:50:03 - [TEST_STEP][PASSED] - callTestCase(findTestCase("OCS - MOBILE/CALL - AGE GATE"), [:], STOP_ON_FAILURE): Call Test Case 'Test Cases/OCS - MOBILE/CALL - AGE GATE' successfully

2019-06-28 16:50:03 - [TEST_CASE][PASSED] - Test Cases/OCS - MOBILE/CALL - AGE GATE: Test Cases/OCS - MOBILE/CALL - AGE GATE

2019-06-28 16:50:03 - [TEST_STEP][PASSED] - openBrowser(""): Browser is opened with url: ''

2019-06-28 16:50:03 - [MESSAGE][WARNING] - A browser is already opened. Closing browser and opening a new one

2019-06-28 16:50:03 - [MESSAGE][INFO] - Starting 'Safari' driver

2019-06-28 16:50:04 - [MESSAGE][PASSED] - Browser is opened with url: ''

2019-06-28 16:50:04 - [TEST_STEP][PASSED] - navigateToUrl("ocs.ca"): Navigate to 'http://ocs.ca' successfully

2019-06-28 16:50:08 - [MESSAGE][PASSED] - Navigate to 'http://ocs.ca' successfully

2019-06-28 16:50:08 - [TEST_STEP][NOT_RUN] - executeJavaScript("var previewBar = document.getElementById("preview-bar-iframe"); previewBar.style.display = "none";", []): NOT_RUN: executeJavaScript("var previewBar = document.getElementById("preview-bar-iframe"); previewBar.style.display = "none";", [])

2019-06-28 16:50:08 - [MESSAGE][NOT_RUN] - NOT_RUN: executeJavaScript("var previewBar = document.getElementById("preview-bar-iframe"); previewBar.style.display = "none";", [])

2019-06-28 16:50:08 - [TEST_STEP][PASSED] - setViewPortSize(360, 800): Viewport is set to new size with width = 360 and height = 800

2019-06-28 16:50:08 - [MESSAGE][PASSED] - Viewport is set to new size with width = 360 and height = 800

2019-06-28 16:50:08 - [TEST_STEP][PASSED] - delay(4): Delayed 4 second(s)

2019-06-28 16:50:12 - [MESSAGE][PASSED] - Delayed 4 second(s)

2019-06-28 16:50:12 - [TEST_STEP][PASSED] - selectOptionByValue(findTestObject("OCS-MOBILE /Age gate and burger menu/Date"), "12", true): All options with value '12' are selected in object 'Object Repository/OCS-MOBILE /Age gate and burger menu/Date'  using regular expression

2019-06-28 16:50:13 - [MESSAGE][PASSED] - All options with value '12' are selected in object 'Object Repository/OCS-MOBILE /Age gate and burger menu/Date'  using regular expression

2019-06-28 16:50:13 - [TEST_STEP][PASSED] - selectOptionByValue(findTestObject("OCS-MOBILE /Age gate and burger menu/month"), "6", true): All options with value '6' are selected in object 'Object Repository/OCS-MOBILE /Age gate and burger menu/month'  using regular expression

2019-06-28 16:50:13 - [MESSAGE][PASSED] - All options with value '6' are selected in object 'Object Repository/OCS-MOBILE /Age gate and burger menu/month'  using regular expression

2019-06-28 16:50:13 - [TEST_STEP][PASSED] - delay(2): Delayed 2 second(s)

2019-06-28 16:50:15 - [MESSAGE][PASSED] - Delayed 2 second(s)

2019-06-28 16:50:15 - [TEST_STEP][PASSED] - selectOptionByValue(findTestObject("OCS-MOBILE /Age gate and burger menu/Year Dropdown"), "1990", true): All options with value '1990' are selected in object 'Object Repository/OCS-MOBILE /Age gate and burger menu/Year Dropdown'  using regular expression

2019-06-28 16:50:16 - [MESSAGE][PASSED] - All options with value '1990' are selected in object 'Object Repository/OCS-MOBILE /Age gate and burger menu/Year Dropdown'  using regular expression

2019-06-28 16:50:16 - [TEST_STEP][PASSED] - click(findTestObject("OCS-MOBILE /Age gate and Mega menu/button_Verify")): Object: 'Object Repository/OCS-MOBILE /Age gate and Mega menu/button_Verify' is clicked on

2019-06-28 16:50:17 - [MESSAGE][PASSED] - Object: 'Object Repository/OCS-MOBILE /Age gate and Mega menu/button_Verify' is clicked on

2019-06-28 16:50:17 - [TEST_STEP][PASSED] - click(findTestObject("OCS-MOBILE /Age gate and Mega menu/Checkbox_CONFIRM AND ACKNOWLEDGE")): Object: 'Object Repository/OCS-MOBILE /Age gate and Mega menu/Checkbox_CONFIRM AND ACKNOWLEDGE' is clicked on

2019-06-28 16:50:17 - [MESSAGE][PASSED] - Object: 'Object Repository/OCS-MOBILE /Age gate and Mega menu/Checkbox_CONFIRM AND ACKNOWLEDGE' is clicked on

2019-06-28 16:50:17 - [TEST_STEP][PASSED] - click(findTestObject("OCS-MOBILE /Age gate and Mega menu/button_CONFIRM")): Object: 'Object Repository/OCS-MOBILE /Age gate and Mega menu/button_CONFIRM' is clicked on

2019-06-28 16:50:17 - [MESSAGE][PASSED] - Object: 'Object Repository/OCS-MOBILE /Age gate and Mega menu/button_CONFIRM' is clicked on

2019-06-28 16:50:17 - [TEST_STEP][PASSED] - click(findTestObject("OCS-MOBILE /Age gate and Mega menu/button_Start Browsing")): Object: 'Object Repository/OCS-MOBILE /Age gate and Mega menu/button_Start Browsing' is clicked on

2019-06-28 16:50:17 - [MESSAGE][PASSED] - Object: 'Object Repository/OCS-MOBILE /Age gate and Mega menu/button_Start Browsing' is clicked on

2019-06-28 16:50:17 - [TEST_STEP][PASSED] - refresh(): Refresh successfully

2019-06-28 16:50:21 - [MESSAGE][PASSED] - Refresh successfully

2019-06-28 16:50:21 - [TEST_STEP][NOT_RUN] - executeJavaScript("var previewBar = document.getElementById("preview-bar-iframe"); previewBar.style.display = "none";", []): NOT_RUN: executeJavaScript("var previewBar = document.getElementById("preview-bar-iframe"); previewBar.style.display = "none";", [])

2019-06-28 16:50:21 - [MESSAGE][NOT_RUN] - NOT_RUN: executeJavaScript("var previewBar = document.getElementById("preview-bar-iframe"); previewBar.style.display = "none";", [])

2019-06-28 16:50:21 - [MESSAGE][PASSED] - Call Test Case 'Test Cases/OCS - MOBILE/CALL - AGE GATE' successfully

2019-06-28 16:50:21 - [TEST_STEP][PASSED] - delay(2): Delayed 2 second(s)

2019-06-28 16:50:23 - [MESSAGE][PASSED] - Delayed 2 second(s)

2019-06-28 16:50:23 - [TEST_STEP][PASSED] - click(findTestObject("OCS-MOBILE /Age gate and burger menu/Burger menu - English")): Object: 'Object Repository/OCS-MOBILE /Age gate and burger menu/Burger menu - English' is clicked on

2019-06-28 16:50:23 - [MESSAGE][PASSED] - Object: 'Object Repository/OCS-MOBILE /Age gate and burger menu/Burger menu - English' is clicked on

2019-06-28 16:50:23 - [TEST_STEP][PASSED] - delay(2): Delayed 2 second(s)

2019-06-28 16:50:25 - [MESSAGE][PASSED] - Delayed 2 second(s)

2019-06-28 16:50:25 - [TEST_STEP][PASSED] - click(findTestObject("OCS-MOBILE /Age gate and burger menu/Chevron_Cannabis")): Object: 'Object Repository/OCS-MOBILE /Age gate and burger menu/Chevron_Cannabis' is clicked on

2019-06-28 16:50:25 - [MESSAGE][PASSED] - Object: 'Object Repository/OCS-MOBILE /Age gate and burger menu/Chevron_Cannabis' is clicked on

2019-06-28 16:50:25 - [TEST_STEP][PASSED] - delay(2): Delayed 2 second(s)

2019-06-28 16:50:27 - [MESSAGE][PASSED] - Delayed 2 second(s)

2019-06-28 16:50:27 - [TEST_STEP][PASSED] - click(findTestObject("OCS-MOBILE /Age gate and burger menu/Dried Flower_Plus icon")): Object: 'Object Repository/OCS-MOBILE /Age gate and burger menu/Dried Flower_Plus icon' is clicked on

2019-06-28 16:50:27 - [MESSAGE][PASSED] - Object: 'Object Repository/OCS-MOBILE /Age gate and burger menu/Dried Flower_Plus icon' is clicked on

2019-06-28 16:50:27 - [TEST_STEP][PASSED] - delay(2): Delayed 2 second(s)

2019-06-28 16:50:29 - [MESSAGE][PASSED] - Delayed 2 second(s)

2019-06-28 16:50:29 - [TEST_STEP][PASSED] - click(findTestObject("OCS-MOBILE /Age gate and burger menu/Indica Dominant_Menu item")): Object: 'Object Repository/OCS-MOBILE /Age gate and burger menu/Indica Dominant_Menu item' is clicked on

2019-06-28 16:50:33 - [MESSAGE][PASSED] - Object: 'Object Repository/OCS-MOBILE /Age gate and burger menu/Indica Dominant_Menu item' is clicked on

2019-06-28 16:50:33 - [TEST_STEP][PASSED] - delay(2): Delayed 2 second(s)

2019-06-28 16:50:35 - [MESSAGE][PASSED] - Delayed 2 second(s)

2019-06-28 16:50:35 - [TEST_STEP][NOT_RUN] - executeJavaScript("var previewBar = document.getElementById("preview-bar-iframe"); previewBar.style.display = "none";", []): NOT_RUN: executeJavaScript("var previewBar = document.getElementById("preview-bar-iframe"); previewBar.style.display = "none";", [])

2019-06-28 16:50:35 - [MESSAGE][NOT_RUN] - NOT_RUN: executeJavaScript("var previewBar = document.getElementById("preview-bar-iframe"); previewBar.style.display = "none";", [])

2019-06-28 16:50:35 - [TEST_STEP][PASSED] - click(findTestObject("OCS-MOBILE /Collection page/Product image - 1st one")): Object: 'Object Repository/OCS-MOBILE /Collection page/Product image - 1st one' is clicked on

2019-06-28 16:50:38 - [MESSAGE][PASSED] - Object: 'Object Repository/OCS-MOBILE /Collection page/Product image - 1st one' is clicked on

2019-06-28 16:50:38 - [TEST_STEP][NOT_RUN] - executeJavaScript("var previewBar = document.getElementById("preview-bar-iframe"); previewBar.style.display = "none";", []): NOT_RUN: executeJavaScript("var previewBar = document.getElementById("preview-bar-iframe"); previewBar.style.display = "none";", [])

2019-06-28 16:50:38 - [MESSAGE][NOT_RUN] - NOT_RUN: executeJavaScript("var previewBar = document.getElementById("preview-bar-iframe"); previewBar.style.display = "none";", [])

2019-06-28 16:50:38 - [TEST_STEP][NOT_RUN] - scrollToElement(findTestObject("OCS-MOBILE /Product page/Product image"), 1): NOT_RUN: scrollToElement(findTestObject("OCS-MOBILE /Product page/Product image"), 1)

2019-06-28 16:50:38 - [MESSAGE][NOT_RUN] - NOT_RUN: scrollToElement(findTestObject("OCS-MOBILE /Product page/Product image"), 1)

2019-06-28 16:50:38 - [TEST_STEP][PASSED] - delay(2): Delayed 2 second(s)

2019-06-28 16:50:40 - [MESSAGE][PASSED] - Delayed 2 second(s)

2019-06-28 16:50:40 - [TEST_STEP][PASSED] - click(findTestObject("OCS-MOBILE /Product page/Swatch_1g")): Object: 'Object Repository/OCS-MOBILE /Product page/Swatch_1g' is clicked on

2019-06-28 16:50:40 - [MESSAGE][PASSED] - Object: 'Object Repository/OCS-MOBILE /Product page/Swatch_1g' is clicked on

2019-06-28 16:50:40 - [TEST_STEP][NOT_RUN] - scrollToElement(findTestObject("OCS-MOBILE /Product page/Swatch_1g"), 1): NOT_RUN: scrollToElement(findTestObject("OCS-MOBILE /Product page/Swatch_1g"), 1)

2019-06-28 16:50:40 - [MESSAGE][NOT_RUN] - NOT_RUN: scrollToElement(findTestObject("OCS-MOBILE /Product page/Swatch_1g"), 1)

2019-06-28 16:50:40 - [TEST_STEP][PASSED] - delay(2): Delayed 2 second(s)

2019-06-28 16:50:42 - [MESSAGE][PASSED] - Delayed 2 second(s)

2019-06-28 16:50:42 - [TEST_STEP][PASSED] - click(findTestObject("OCS-MOBILE /Product page/Quantity Increase - Button")): Object: 'Object Repository/OCS-MOBILE /Product page/Quantity Increase - Button' is clicked on

2019-06-28 16:50:42 - [MESSAGE][PASSED] - Object: 'Object Repository/OCS-MOBILE /Product page/Quantity Increase - Button' is clicked on

2019-06-28 16:50:42 - [TEST_STEP][PASSED] - delay(1): Delayed 1 second(s)

2019-06-28 16:50:43 - [MESSAGE][PASSED] - Delayed 1 second(s)

2019-06-28 16:50:43 - [TEST_STEP][PASSED] - click(findTestObject("OCS-MOBILE /Product page/Quantity Increase - Button")): Object: 'Object Repository/OCS-MOBILE /Product page/Quantity Increase - Button' is clicked on

2019-06-28 16:50:43 - [MESSAGE][PASSED] - Object: 'Object Repository/OCS-MOBILE /Product page/Quantity Increase - Button' is clicked on

2019-06-28 16:50:43 - [TEST_STEP][PASSED] - delay(1): Delayed 1 second(s)

2019-06-28 16:50:44 - [MESSAGE][PASSED] - Delayed 1 second(s)

2019-06-28 16:50:44 - [TEST_STEP][PASSED] - click(findTestObject("OCS-MOBILE /Product page/Quantity Increase - Button")): Object: 'Object Repository/OCS-MOBILE /Product page/Quantity Increase - Button' is clicked on

2019-06-28 16:50:44 - [MESSAGE][PASSED] - Object: 'Object Repository/OCS-MOBILE /Product page/Quantity Increase - Button' is clicked on

2019-06-28 16:50:44 - [TEST_STEP][PASSED] - delay(1): Delayed 1 second(s)

2019-06-28 16:50:45 - [MESSAGE][PASSED] - Delayed 1 second(s)

2019-06-28 16:50:45 - [TEST_STEP][PASSED] - click(findTestObject("OCS-MOBILE /Product page/Quantity Increase - Button")): Object: 'Object Repository/OCS-MOBILE /Product page/Quantity Increase - Button' is clicked on

2019-06-28 16:50:45 - [MESSAGE][PASSED] - Object: 'Object Repository/OCS-MOBILE /Product page/Quantity Increase - Button' is clicked on

2019-06-28 16:50:45 - [TEST_STEP][PASSED] - delay(1): Delayed 1 second(s)

2019-06-28 16:50:46 - [MESSAGE][PASSED] - Delayed 1 second(s)

2019-06-28 16:50:46 - [TEST_STEP][PASSED] - click(findTestObject("OCS-MOBILE /Product page/Quantity Increase - Button")): Object: 'Object Repository/OCS-MOBILE /Product page/Quantity Increase - Button' is clicked on

2019-06-28 16:50:46 - [MESSAGE][PASSED] - Object: 'Object Repository/OCS-MOBILE /Product page/Quantity Increase - Button' is clicked on

2019-06-28 16:50:46 - [TEST_STEP][PASSED] - delay(2): Delayed 2 second(s)

2019-06-28 16:50:48 - [MESSAGE][PASSED] - Delayed 2 second(s)

2019-06-28 16:50:48 - [TEST_STEP][PASSED] - click(findTestObject("OCS-MOBILE /Product page/Add to Bag-button")): Object: 'Object Repository/OCS-MOBILE /Product page/Add to Bag-button' is clicked on

2019-06-28 16:50:48 - [MESSAGE][PASSED] - Object: 'Object Repository/OCS-MOBILE /Product page/Add to Bag-button' is clicked on

2019-06-28 16:50:48 - [TEST_STEP][PASSED] - delay(1): Delayed 1 second(s)

2019-06-28 16:50:49 - [MESSAGE][PASSED] - Delayed 1 second(s)

2019-06-28 16:50:49 - [TEST_STEP][NOT_RUN] - click(findTestObject("OCS-MOBILE /Home - page/Cart icon -bag")): NOT_RUN: click(findTestObject("OCS-MOBILE /Home - page/Cart icon -bag"))

2019-06-28 16:50:49 - [MESSAGE][NOT_RUN] - NOT_RUN: click(findTestObject("OCS-MOBILE /Home - page/Cart icon -bag"))

2019-06-28 16:50:49 - [TEST_STEP][PASSED] - delay(1): Delayed 1 second(s)

2019-06-28 16:50:50 - [MESSAGE][PASSED] - Delayed 1 second(s)

2019-06-28 16:50:50 - [TEST_STEP][PASSED] - click(findTestObject("OCS-MOBILE /Cart flyout/Checkbox_I confirm that")): Object: 'Object Repository/OCS-MOBILE /Cart flyout/Checkbox_I confirm that' is clicked on

2019-06-28 16:50:50 - [MESSAGE][PASSED] - Object: 'Object Repository/OCS-MOBILE /Cart flyout/Checkbox_I confirm that' is clicked on

2019-06-28 16:50:50 - [TEST_STEP][PASSED] - click(findTestObject("OCS-MOBILE /Cart flyout/Checkbox_Accept the Terms Condition")): Object: 'Object Repository/OCS-MOBILE /Cart flyout/Checkbox_Accept the Terms Condition' is clicked on

2019-06-28 16:50:50 - [MESSAGE][PASSED] - Object: 'Object Repository/OCS-MOBILE /Cart flyout/Checkbox_Accept the Terms Condition' is clicked on

2019-06-28 16:50:50 - [TEST_STEP][PASSED] - delay(1): Delayed 1 second(s)

2019-06-28 16:50:51 - [MESSAGE][PASSED] - Delayed 1 second(s)

2019-06-28 16:50:51 - [TEST_STEP][PASSED] - click(findTestObject("OCS-MOBILE /Cart flyout/Checkout - Button")): Object: 'Object Repository/OCS-MOBILE /Cart flyout/Checkout - Button' is clicked on

2019-06-28 16:50:55 - [MESSAGE][PASSED] - Object: 'Object Repository/OCS-MOBILE /Cart flyout/Checkout - Button' is clicked on

2019-06-28 16:50:55 - [TEST_STEP][PASSED] - delay(2): Delayed 2 second(s)

2019-06-28 16:50:57 - [MESSAGE][PASSED] - Delayed 2 second(s)

2019-06-28 16:50:57 - [TEST_STEP][NOT_RUN] - executeJavaScript("var previewBar = document.getElementById("preview-bar-iframe"); previewBar.style.display = "none";", []): NOT_RUN: executeJavaScript("var previewBar = document.getElementById("preview-bar-iframe"); previewBar.style.display = "none";", [])

2019-06-28 16:50:57 - [MESSAGE][NOT_RUN] - NOT_RUN: executeJavaScript("var previewBar = document.getElementById("preview-bar-iframe"); previewBar.style.display = "none";", [])

2019-06-28 16:50:57 - [TEST_STEP][PASSED] - scrollToElement(findTestObject("OCS-MOBILE /Customer info page/Return to Cart - Link"), 1): Scroll to object 'Object Repository/OCS-MOBILE /Customer info page/Return to Cart - Link' successfully

2019-06-28 16:50:57 - [MESSAGE][PASSED] - Scroll to object 'Object Repository/OCS-MOBILE /Customer info page/Return to Cart - Link' successfully

2019-06-28 16:50:57 - [TEST_STEP][PASSED] - delay(1): Delayed 1 second(s)

2019-06-28 16:50:58 - [MESSAGE][PASSED] - Delayed 1 second(s)

2019-06-28 16:50:58 - [TEST_STEP][PASSED] - click(findTestObject("OCS-MOBILE /Customer info page/Return to Cart - Link")): Object: 'Object Repository/OCS-MOBILE /Customer info page/Return to Cart - Link' is clicked on

2019-06-28 16:50:59 - [MESSAGE][PASSED] - Object: 'Object Repository/OCS-MOBILE /Customer info page/Return to Cart - Link' is clicked on

2019-06-28 16:50:59 - [TEST_STEP][PASSED] - delay(1): Delayed 1 second(s)

2019-06-28 16:51:00 - [MESSAGE][PASSED] - Delayed 1 second(s)

2019-06-28 16:51:00 - [TEST_STEP][PASSED] - a = getText(findTestObject("OCS-MOBILE /Cart page/Unit price - product - price in cart page")): Text of object 'Object Repository/OCS-MOBILE /Cart page/Unit price - product - price in cart page' is: '






$61.50'

2019-06-28 16:51:00 - [MESSAGE][PASSED] - Text of object 'Object Repository/OCS-MOBILE /Cart page/Unit price - product - price in cart page' is: '






$61.50'

2019-06-28 16:51:00 - [TEST_STEP][PASSED] - comment(a): 






$61.50

2019-06-28 16:51:00 - [MESSAGE][INFO] - 






$61.50

2019-06-28 16:51:00 - [TEST_STEP][PASSED] - click(findTestObject("OCS-MOBILE /Cart page/Quantity Input field")): Object: 'Object Repository/OCS-MOBILE /Cart page/Quantity Input field' is clicked on

2019-06-28 16:51:00 - [MESSAGE][PASSED] - Object: 'Object Repository/OCS-MOBILE /Cart page/Quantity Input field' is clicked on

2019-06-28 16:51:00 - [TEST_STEP][PASSED] - sendKeys(findTestObject("OCS-MOBILE /Cart page/Quantity Input field"), Keys.chord(CLEAR)): Keys 'CLEAR + ' sent to object: 'Object Repository/OCS-MOBILE /Cart page/Quantity Input field'

2019-06-28 16:51:00 - [MESSAGE][PASSED] - Keys 'CLEAR + ' sent to object: 'Object Repository/OCS-MOBILE /Cart page/Quantity Input field'

2019-06-28 16:51:00 - [TEST_STEP][PASSED] - delay(2): Delayed 2 second(s)

2019-06-28 16:51:02 - [MESSAGE][PASSED] - Delayed 2 second(s)

2019-06-28 16:51:02 - [TEST_STEP][PASSED] - setText(findTestObject("OCS-MOBILE /Cart page/Quantity Input field"), "10"): Text '10' is set on object 'Object Repository/OCS-MOBILE /Cart page/Quantity Input field'

2019-06-28 16:51:02 - [MESSAGE][PASSED] - Text '10' is set on object 'Object Repository/OCS-MOBILE /Cart page/Quantity Input field'

2019-06-28 16:51:02 - [TEST_STEP][PASSED] - delay(2): Delayed 2 second(s)

2019-06-28 16:51:04 - [MESSAGE][PASSED] - Delayed 2 second(s)

2019-06-28 16:51:04 - [TEST_STEP][PASSED] - sendKeys(findTestObject("OCS-MOBILE /Cart page/Quantity Input field"), Keys.chord(CLEAR)): Keys 'CLEAR + ' sent to object: 'Object Repository/OCS-MOBILE /Cart page/Quantity Input field'

2019-06-28 16:51:04 - [MESSAGE][PASSED] - Keys 'CLEAR + ' sent to object: 'Object Repository/OCS-MOBILE /Cart page/Quantity Input field'

2019-06-28 16:51:04 - [TEST_STEP][NOT_RUN] - click(findTestObject("OCS-MOBILE /Cart page/enter quantity")): NOT_RUN: click(findTestObject("OCS-MOBILE /Cart page/enter quantity"))

2019-06-28 16:51:04 - [MESSAGE][NOT_RUN] - NOT_RUN: click(findTestObject("OCS-MOBILE /Cart page/enter quantity"))

2019-06-28 16:51:04 - [TEST_STEP][PASSED] - delay(2): Delayed 2 second(s)

2019-06-28 16:51:06 - [MESSAGE][PASSED] - Delayed 2 second(s)

2019-06-28 16:51:06 - [TEST_STEP][PASSED] - setText(findTestObject("OCS-MOBILE /Cart page/Quantity Input field"), "7"): Text '7' is set on object 'Object Repository/OCS-MOBILE /Cart page/Quantity Input field'

2019-06-28 16:51:06 - [MESSAGE][PASSED] - Text '7' is set on object 'Object Repository/OCS-MOBILE /Cart page/Quantity Input field'

2019-06-28 16:51:06 - [TEST_STEP][PASSED] - delay(2): Delayed 2 second(s)

2019-06-28 16:51:08 - [MESSAGE][PASSED] - Delayed 2 second(s)

2019-06-28 16:51:08 - [TEST_STEP][NOT_RUN] - click(findTestObject("OCS-MOBILE /Cart page/Unit price - product")): NOT_RUN: click(findTestObject("OCS-MOBILE /Cart page/Unit price - product"))

2019-06-28 16:51:08 - [MESSAGE][NOT_RUN] - NOT_RUN: click(findTestObject("OCS-MOBILE /Cart page/Unit price - product"))

2019-06-28 16:51:08 - [TEST_STEP][PASSED] - delay(2): Delayed 2 second(s)

2019-06-28 16:51:10 - [MESSAGE][PASSED] - Delayed 2 second(s)

2019-06-28 16:51:10 - [TEST_STEP][PASSED] - click(findTestObject("OCS-MOBILE /Cart page/Qty Decrease icon")): Object: 'Object Repository/OCS-MOBILE /Cart page/Qty Decrease icon' is clicked on

2019-06-28 16:51:10 - [MESSAGE][PASSED] - Object: 'Object Repository/OCS-MOBILE /Cart page/Qty Decrease icon' is clicked on

2019-06-28 16:51:10 - [TEST_STEP][PASSED] - delay(2): Delayed 2 second(s)

2019-06-28 16:51:12 - [MESSAGE][PASSED] - Delayed 2 second(s)

2019-06-28 16:51:12 - [TEST_STEP][PASSED] - click(findTestObject("OCS-MOBILE /Cart page/Qty Decrease icon")): Object: 'Object Repository/OCS-MOBILE /Cart page/Qty Decrease icon' is clicked on

2019-06-28 16:51:12 - [MESSAGE][PASSED] - Object: 'Object Repository/OCS-MOBILE /Cart page/Qty Decrease icon' is clicked on

2019-06-28 16:51:12 - [TEST_STEP][PASSED] - delay(2): Delayed 2 second(s)

2019-06-28 16:51:14 - [MESSAGE][PASSED] - Delayed 2 second(s)

2019-06-28 16:51:14 - [TEST_STEP][PASSED] - click(findTestObject("OCS-MOBILE /Cart page/Qty Decrease icon")): Object: 'Object Repository/OCS-MOBILE /Cart page/Qty Decrease icon' is clicked on

2019-06-28 16:51:15 - [MESSAGE][PASSED] - Object: 'Object Repository/OCS-MOBILE /Cart page/Qty Decrease icon' is clicked on

2019-06-28 16:51:15 - [TEST_STEP][PASSED] - delay(2): Delayed 2 second(s)

2019-06-28 16:51:17 - [MESSAGE][PASSED] - Delayed 2 second(s)

2019-06-28 16:51:17 - [TEST_STEP][PASSED] - b = getText(findTestObject("OCS-MOBILE /Cart page/Unit price - product - price in cart page")): Text of object 'Object Repository/OCS-MOBILE /Cart page/Unit price - product - price in cart page' is: '






$51.25'

2019-06-28 16:51:17 - [MESSAGE][PASSED] - Text of object 'Object Repository/OCS-MOBILE /Cart page/Unit price - product - price in cart page' is: '






$51.25'

2019-06-28 16:51:17 - [TEST_STEP][PASSED] - comment(b): 






$51.25

2019-06-28 16:51:17 - [MESSAGE][INFO] - 






$51.25

2019-06-28 16:51:17 - [TEST_STEP][PASSED] - verifyNotEqual("a", "b"): Actual object 'a' and expected object 'b' are not equal

2019-06-28 16:51:17 - [MESSAGE][PASSED] - Actual object 'a' and expected object 'b' are not equal

2019-06-28 16:51:17 - [TEST_STEP][PASSED] - comment(" price changed . Quantity selector is working"):  price changed . Quantity selector is working

2019-06-28 16:51:17 - [MESSAGE][INFO] -  price changed . Quantity selector is working]]></system-out>
         <system-err><![CDATA[]]></system-err>
      </testcase>
      <testcase name="Test Cases/OCS - MOBILE/OCS- CRITICAL PATH/cart page-increase qty" classname="Test Cases/OCS - MOBILE/OCS- CRITICAL PATH/cart page-increase qty" status="PASSED">
         <system-out><![CDATA[2019-06-28 16:51:17 - [TEST_CASE][PASSED] - Test Cases/OCS - MOBILE/OCS- CRITICAL PATH/cart page-increase qty: Test Cases/OCS - MOBILE/OCS- CRITICAL PATH/cart page-increase qty

2019-06-28 16:51:17 - [TEST_STEP][PASSED] - callTestCase(findTestCase("OCS - MOBILE/CALL - AGE GATE"), [:], STOP_ON_FAILURE): Call Test Case 'Test Cases/OCS - MOBILE/CALL - AGE GATE' successfully

2019-06-28 16:51:17 - [TEST_CASE][PASSED] - Test Cases/OCS - MOBILE/CALL - AGE GATE: Test Cases/OCS - MOBILE/CALL - AGE GATE

2019-06-28 16:51:17 - [TEST_STEP][PASSED] - openBrowser(""): Browser is opened with url: ''

2019-06-28 16:51:17 - [MESSAGE][WARNING] - A browser is already opened. Closing browser and opening a new one

2019-06-28 16:51:17 - [MESSAGE][INFO] - Starting 'Safari' driver

2019-06-28 16:51:19 - [MESSAGE][PASSED] - Browser is opened with url: ''

2019-06-28 16:51:19 - [TEST_STEP][PASSED] - navigateToUrl("ocs.ca"): Navigate to 'http://ocs.ca' successfully

2019-06-28 16:51:20 - [MESSAGE][PASSED] - Navigate to 'http://ocs.ca' successfully

2019-06-28 16:51:20 - [TEST_STEP][NOT_RUN] - executeJavaScript("var previewBar = document.getElementById("preview-bar-iframe"); previewBar.style.display = "none";", []): NOT_RUN: executeJavaScript("var previewBar = document.getElementById("preview-bar-iframe"); previewBar.style.display = "none";", [])

2019-06-28 16:51:20 - [MESSAGE][NOT_RUN] - NOT_RUN: executeJavaScript("var previewBar = document.getElementById("preview-bar-iframe"); previewBar.style.display = "none";", [])

2019-06-28 16:51:20 - [TEST_STEP][PASSED] - setViewPortSize(360, 800): Viewport is set to new size with width = 360 and height = 800

2019-06-28 16:51:20 - [MESSAGE][PASSED] - Viewport is set to new size with width = 360 and height = 800

2019-06-28 16:51:20 - [TEST_STEP][PASSED] - delay(4): Delayed 4 second(s)

2019-06-28 16:51:24 - [MESSAGE][PASSED] - Delayed 4 second(s)

2019-06-28 16:51:24 - [TEST_STEP][PASSED] - selectOptionByValue(findTestObject("OCS-MOBILE /Age gate and burger menu/Date"), "12", true): All options with value '12' are selected in object 'Object Repository/OCS-MOBILE /Age gate and burger menu/Date'  using regular expression

2019-06-28 16:51:25 - [MESSAGE][PASSED] - All options with value '12' are selected in object 'Object Repository/OCS-MOBILE /Age gate and burger menu/Date'  using regular expression

2019-06-28 16:51:25 - [TEST_STEP][PASSED] - selectOptionByValue(findTestObject("OCS-MOBILE /Age gate and burger menu/month"), "6", true): All options with value '6' are selected in object 'Object Repository/OCS-MOBILE /Age gate and burger menu/month'  using regular expression

2019-06-28 16:51:25 - [MESSAGE][PASSED] - All options with value '6' are selected in object 'Object Repository/OCS-MOBILE /Age gate and burger menu/month'  using regular expression

2019-06-28 16:51:25 - [TEST_STEP][PASSED] - delay(2): Delayed 2 second(s)

2019-06-28 16:51:27 - [MESSAGE][PASSED] - Delayed 2 second(s)

2019-06-28 16:51:27 - [TEST_STEP][PASSED] - selectOptionByValue(findTestObject("OCS-MOBILE /Age gate and burger menu/Year Dropdown"), "1990", true): All options with value '1990' are selected in object 'Object Repository/OCS-MOBILE /Age gate and burger menu/Year Dropdown'  using regular expression

2019-06-28 16:51:29 - [MESSAGE][PASSED] - All options with value '1990' are selected in object 'Object Repository/OCS-MOBILE /Age gate and burger menu/Year Dropdown'  using regular expression

2019-06-28 16:51:29 - [TEST_STEP][PASSED] - click(findTestObject("OCS-MOBILE /Age gate and Mega menu/button_Verify")): Object: 'Object Repository/OCS-MOBILE /Age gate and Mega menu/button_Verify' is clicked on

2019-06-28 16:51:29 - [MESSAGE][PASSED] - Object: 'Object Repository/OCS-MOBILE /Age gate and Mega menu/button_Verify' is clicked on

2019-06-28 16:51:29 - [TEST_STEP][PASSED] - click(findTestObject("OCS-MOBILE /Age gate and Mega menu/Checkbox_CONFIRM AND ACKNOWLEDGE")): Object: 'Object Repository/OCS-MOBILE /Age gate and Mega menu/Checkbox_CONFIRM AND ACKNOWLEDGE' is clicked on

2019-06-28 16:51:29 - [MESSAGE][PASSED] - Object: 'Object Repository/OCS-MOBILE /Age gate and Mega menu/Checkbox_CONFIRM AND ACKNOWLEDGE' is clicked on

2019-06-28 16:51:29 - [TEST_STEP][PASSED] - click(findTestObject("OCS-MOBILE /Age gate and Mega menu/button_CONFIRM")): Object: 'Object Repository/OCS-MOBILE /Age gate and Mega menu/button_CONFIRM' is clicked on

2019-06-28 16:51:29 - [MESSAGE][PASSED] - Object: 'Object Repository/OCS-MOBILE /Age gate and Mega menu/button_CONFIRM' is clicked on

2019-06-28 16:51:29 - [TEST_STEP][PASSED] - click(findTestObject("OCS-MOBILE /Age gate and Mega menu/button_Start Browsing")): Object: 'Object Repository/OCS-MOBILE /Age gate and Mega menu/button_Start Browsing' is clicked on

2019-06-28 16:51:29 - [MESSAGE][PASSED] - Object: 'Object Repository/OCS-MOBILE /Age gate and Mega menu/button_Start Browsing' is clicked on

2019-06-28 16:51:29 - [TEST_STEP][PASSED] - refresh(): Refresh successfully

2019-06-28 16:51:33 - [MESSAGE][PASSED] - Refresh successfully

2019-06-28 16:51:33 - [TEST_STEP][NOT_RUN] - executeJavaScript("var previewBar = document.getElementById("preview-bar-iframe"); previewBar.style.display = "none";", []): NOT_RUN: executeJavaScript("var previewBar = document.getElementById("preview-bar-iframe"); previewBar.style.display = "none";", [])

2019-06-28 16:51:33 - [MESSAGE][NOT_RUN] - NOT_RUN: executeJavaScript("var previewBar = document.getElementById("preview-bar-iframe"); previewBar.style.display = "none";", [])

2019-06-28 16:51:33 - [MESSAGE][PASSED] - Call Test Case 'Test Cases/OCS - MOBILE/CALL - AGE GATE' successfully

2019-06-28 16:51:33 - [TEST_STEP][PASSED] - delay(2): Delayed 2 second(s)

2019-06-28 16:51:35 - [MESSAGE][PASSED] - Delayed 2 second(s)

2019-06-28 16:51:35 - [TEST_STEP][PASSED] - click(findTestObject("OCS-MOBILE /Age gate and burger menu/Burger menu - English")): Object: 'Object Repository/OCS-MOBILE /Age gate and burger menu/Burger menu - English' is clicked on

2019-06-28 16:51:35 - [MESSAGE][PASSED] - Object: 'Object Repository/OCS-MOBILE /Age gate and burger menu/Burger menu - English' is clicked on

2019-06-28 16:51:35 - [TEST_STEP][PASSED] - delay(2): Delayed 2 second(s)

2019-06-28 16:51:37 - [MESSAGE][PASSED] - Delayed 2 second(s)

2019-06-28 16:51:37 - [TEST_STEP][PASSED] - click(findTestObject("OCS-MOBILE /Age gate and burger menu/Chevron_Cannabis")): Object: 'Object Repository/OCS-MOBILE /Age gate and burger menu/Chevron_Cannabis' is clicked on

2019-06-28 16:51:37 - [MESSAGE][PASSED] - Object: 'Object Repository/OCS-MOBILE /Age gate and burger menu/Chevron_Cannabis' is clicked on

2019-06-28 16:51:37 - [TEST_STEP][PASSED] - delay(2): Delayed 2 second(s)

2019-06-28 16:51:39 - [MESSAGE][PASSED] - Delayed 2 second(s)

2019-06-28 16:51:39 - [TEST_STEP][PASSED] - click(findTestObject("OCS-MOBILE /Age gate and burger menu/Dried Flower_Plus icon")): Object: 'Object Repository/OCS-MOBILE /Age gate and burger menu/Dried Flower_Plus icon' is clicked on

2019-06-28 16:51:39 - [MESSAGE][PASSED] - Object: 'Object Repository/OCS-MOBILE /Age gate and burger menu/Dried Flower_Plus icon' is clicked on

2019-06-28 16:51:39 - [TEST_STEP][PASSED] - delay(2): Delayed 2 second(s)

2019-06-28 16:51:41 - [MESSAGE][PASSED] - Delayed 2 second(s)

2019-06-28 16:51:41 - [TEST_STEP][PASSED] - click(findTestObject("OCS-MOBILE /Age gate and burger menu/Indica Dominant_Menu item")): Object: 'Object Repository/OCS-MOBILE /Age gate and burger menu/Indica Dominant_Menu item' is clicked on

2019-06-28 16:51:45 - [MESSAGE][PASSED] - Object: 'Object Repository/OCS-MOBILE /Age gate and burger menu/Indica Dominant_Menu item' is clicked on

2019-06-28 16:51:45 - [TEST_STEP][NOT_RUN] - executeJavaScript("var previewBar = document.getElementById("preview-bar-iframe"); previewBar.style.display = "none";", []): NOT_RUN: executeJavaScript("var previewBar = document.getElementById("preview-bar-iframe"); previewBar.style.display = "none";", [])

2019-06-28 16:51:45 - [MESSAGE][NOT_RUN] - NOT_RUN: executeJavaScript("var previewBar = document.getElementById("preview-bar-iframe"); previewBar.style.display = "none";", [])

2019-06-28 16:51:45 - [TEST_STEP][PASSED] - delay(2): Delayed 2 second(s)

2019-06-28 16:51:47 - [MESSAGE][PASSED] - Delayed 2 second(s)

2019-06-28 16:51:47 - [TEST_STEP][PASSED] - click(findTestObject("OCS-MOBILE /Collection page/Product image - 1st one")): Object: 'Object Repository/OCS-MOBILE /Collection page/Product image - 1st one' is clicked on

2019-06-28 16:51:49 - [MESSAGE][PASSED] - Object: 'Object Repository/OCS-MOBILE /Collection page/Product image - 1st one' is clicked on

2019-06-28 16:51:49 - [TEST_STEP][NOT_RUN] - executeJavaScript("var previewBar = document.getElementById("preview-bar-iframe"); previewBar.style.display = "none";", []): NOT_RUN: executeJavaScript("var previewBar = document.getElementById("preview-bar-iframe"); previewBar.style.display = "none";", [])

2019-06-28 16:51:49 - [MESSAGE][NOT_RUN] - NOT_RUN: executeJavaScript("var previewBar = document.getElementById("preview-bar-iframe"); previewBar.style.display = "none";", [])

2019-06-28 16:51:49 - [TEST_STEP][NOT_RUN] - scrollToElement(findTestObject("OCS-MOBILE /Product page/Product image"), 1): NOT_RUN: scrollToElement(findTestObject("OCS-MOBILE /Product page/Product image"), 1)

2019-06-28 16:51:49 - [MESSAGE][NOT_RUN] - NOT_RUN: scrollToElement(findTestObject("OCS-MOBILE /Product page/Product image"), 1)

2019-06-28 16:51:49 - [TEST_STEP][PASSED] - delay(2): Delayed 2 second(s)

2019-06-28 16:51:51 - [MESSAGE][PASSED] - Delayed 2 second(s)

2019-06-28 16:51:51 - [TEST_STEP][PASSED] - click(findTestObject("OCS-MOBILE /Product page/Swatch_1g")): Object: 'Object Repository/OCS-MOBILE /Product page/Swatch_1g' is clicked on

2019-06-28 16:51:51 - [MESSAGE][PASSED] - Object: 'Object Repository/OCS-MOBILE /Product page/Swatch_1g' is clicked on

2019-06-28 16:51:51 - [TEST_STEP][PASSED] - scrollToElement(findTestObject("OCS-MOBILE /Product page/Swatch_3.5g"), 1): Scroll to object 'Object Repository/OCS-MOBILE /Product page/Swatch_3.5g' successfully

2019-06-28 16:51:51 - [MESSAGE][PASSED] - Scroll to object 'Object Repository/OCS-MOBILE /Product page/Swatch_3.5g' successfully

2019-06-28 16:51:51 - [TEST_STEP][PASSED] - delay(2): Delayed 2 second(s)

2019-06-28 16:51:53 - [MESSAGE][PASSED] - Delayed 2 second(s)

2019-06-28 16:51:53 - [TEST_STEP][PASSED] - click(findTestObject("OCS-MOBILE /Product page/Add to Bag-button")): Object: 'Object Repository/OCS-MOBILE /Product page/Add to Bag-button' is clicked on

2019-06-28 16:51:53 - [MESSAGE][PASSED] - Object: 'Object Repository/OCS-MOBILE /Product page/Add to Bag-button' is clicked on

2019-06-28 16:51:53 - [TEST_STEP][PASSED] - delay(1): Delayed 1 second(s)

2019-06-28 16:51:54 - [MESSAGE][PASSED] - Delayed 1 second(s)

2019-06-28 16:51:54 - [TEST_STEP][NOT_RUN] - click(findTestObject("OCS-MOBILE /Home - page/Cart icon -bag")): NOT_RUN: click(findTestObject("OCS-MOBILE /Home - page/Cart icon -bag"))

2019-06-28 16:51:54 - [MESSAGE][NOT_RUN] - NOT_RUN: click(findTestObject("OCS-MOBILE /Home - page/Cart icon -bag"))

2019-06-28 16:51:54 - [TEST_STEP][PASSED] - delay(2): Delayed 2 second(s)

2019-06-28 16:51:56 - [MESSAGE][PASSED] - Delayed 2 second(s)

2019-06-28 16:51:56 - [TEST_STEP][PASSED] - click(findTestObject("OCS-MOBILE /Cart flyout/Checkbox_I confirm that")): Object: 'Object Repository/OCS-MOBILE /Cart flyout/Checkbox_I confirm that' is clicked on

2019-06-28 16:51:57 - [MESSAGE][PASSED] - Object: 'Object Repository/OCS-MOBILE /Cart flyout/Checkbox_I confirm that' is clicked on

2019-06-28 16:51:57 - [TEST_STEP][PASSED] - delay(2): Delayed 2 second(s)

2019-06-28 16:51:59 - [MESSAGE][PASSED] - Delayed 2 second(s)

2019-06-28 16:51:59 - [TEST_STEP][PASSED] - click(findTestObject("OCS-MOBILE /Cart flyout/Checkbox_Accept the Terms Condition")): Object: 'Object Repository/OCS-MOBILE /Cart flyout/Checkbox_Accept the Terms Condition' is clicked on

2019-06-28 16:51:59 - [MESSAGE][PASSED] - Object: 'Object Repository/OCS-MOBILE /Cart flyout/Checkbox_Accept the Terms Condition' is clicked on

2019-06-28 16:51:59 - [TEST_STEP][PASSED] - delay(1): Delayed 1 second(s)

2019-06-28 16:52:00 - [MESSAGE][PASSED] - Delayed 1 second(s)

2019-06-28 16:52:00 - [TEST_STEP][PASSED] - click(findTestObject("OCS-MOBILE /Cart flyout/Checkout - Button")): Object: 'Object Repository/OCS-MOBILE /Cart flyout/Checkout - Button' is clicked on

2019-06-28 16:52:03 - [MESSAGE][PASSED] - Object: 'Object Repository/OCS-MOBILE /Cart flyout/Checkout - Button' is clicked on

2019-06-28 16:52:03 - [TEST_STEP][PASSED] - delay(2): Delayed 2 second(s)

2019-06-28 16:52:05 - [MESSAGE][PASSED] - Delayed 2 second(s)

2019-06-28 16:52:05 - [TEST_STEP][NOT_RUN] - executeJavaScript("var previewBar = document.getElementById("preview-bar-iframe"); previewBar.style.display = "none";", []): NOT_RUN: executeJavaScript("var previewBar = document.getElementById("preview-bar-iframe"); previewBar.style.display = "none";", [])

2019-06-28 16:52:05 - [MESSAGE][NOT_RUN] - NOT_RUN: executeJavaScript("var previewBar = document.getElementById("preview-bar-iframe"); previewBar.style.display = "none";", [])

2019-06-28 16:52:05 - [TEST_STEP][PASSED] - delay(2): Delayed 2 second(s)

2019-06-28 16:52:07 - [MESSAGE][PASSED] - Delayed 2 second(s)

2019-06-28 16:52:07 - [TEST_STEP][PASSED] - scrollToElement(findTestObject("OCS-MOBILE /Customer info page/Return to Cart - Link"), 1): Scroll to object 'Object Repository/OCS-MOBILE /Customer info page/Return to Cart - Link' successfully

2019-06-28 16:52:07 - [MESSAGE][PASSED] - Scroll to object 'Object Repository/OCS-MOBILE /Customer info page/Return to Cart - Link' successfully

2019-06-28 16:52:07 - [TEST_STEP][PASSED] - click(findTestObject("OCS-MOBILE /Customer info page/Return to Cart - Link")): Object: 'Object Repository/OCS-MOBILE /Customer info page/Return to Cart - Link' is clicked on

2019-06-28 16:52:08 - [MESSAGE][PASSED] - Object: 'Object Repository/OCS-MOBILE /Customer info page/Return to Cart - Link' is clicked on

2019-06-28 16:52:08 - [TEST_STEP][PASSED] - delay(1): Delayed 1 second(s)

2019-06-28 16:52:09 - [MESSAGE][PASSED] - Delayed 1 second(s)

2019-06-28 16:52:09 - [TEST_STEP][PASSED] - a = getText(findTestObject("OCS-MOBILE /Cart page/Unit price - product - price in cart page")): Text of object 'Object Repository/OCS-MOBILE /Cart page/Unit price - product - price in cart page' is: '






$10.25'

2019-06-28 16:52:09 - [MESSAGE][PASSED] - Text of object 'Object Repository/OCS-MOBILE /Cart page/Unit price - product - price in cart page' is: '






$10.25'

2019-06-28 16:52:09 - [TEST_STEP][PASSED] - comment(a): 






$10.25

2019-06-28 16:52:09 - [MESSAGE][INFO] - 






$10.25

2019-06-28 16:52:09 - [TEST_STEP][PASSED] - click(findTestObject("OCS-MOBILE /Cart page/Quantity Input field")): Object: 'Object Repository/OCS-MOBILE /Cart page/Quantity Input field' is clicked on

2019-06-28 16:52:09 - [MESSAGE][PASSED] - Object: 'Object Repository/OCS-MOBILE /Cart page/Quantity Input field' is clicked on

2019-06-28 16:52:09 - [TEST_STEP][PASSED] - sendKeys(findTestObject("OCS-MOBILE /Cart page/Quantity Input field"), Keys.chord(CLEAR)): Keys 'CLEAR + ' sent to object: 'Object Repository/OCS-MOBILE /Cart page/Quantity Input field'

2019-06-28 16:52:09 - [MESSAGE][PASSED] - Keys 'CLEAR + ' sent to object: 'Object Repository/OCS-MOBILE /Cart page/Quantity Input field'

2019-06-28 16:52:09 - [TEST_STEP][PASSED] - setText(findTestObject("OCS-MOBILE /Cart page/Quantity Input field"), "5"): Text '5' is set on object 'Object Repository/OCS-MOBILE /Cart page/Quantity Input field'

2019-06-28 16:52:09 - [MESSAGE][PASSED] - Text '5' is set on object 'Object Repository/OCS-MOBILE /Cart page/Quantity Input field'

2019-06-28 16:52:09 - [TEST_STEP][NOT_RUN] - click(findTestObject("OCS-MOBILE /Cart page/Unit price - product")): NOT_RUN: click(findTestObject("OCS-MOBILE /Cart page/Unit price - product"))

2019-06-28 16:52:09 - [MESSAGE][NOT_RUN] - NOT_RUN: click(findTestObject("OCS-MOBILE /Cart page/Unit price - product"))

2019-06-28 16:52:09 - [TEST_STEP][PASSED] - delay(2): Delayed 2 second(s)

2019-06-28 16:52:11 - [MESSAGE][PASSED] - Delayed 2 second(s)

2019-06-28 16:52:11 - [TEST_STEP][PASSED] - sendKeys(findTestObject("OCS-MOBILE /Cart page/Quantity Input field"), Keys.chord(CLEAR)): Keys 'CLEAR + ' sent to object: 'Object Repository/OCS-MOBILE /Cart page/Quantity Input field'

2019-06-28 16:52:11 - [MESSAGE][PASSED] - Keys 'CLEAR + ' sent to object: 'Object Repository/OCS-MOBILE /Cart page/Quantity Input field'

2019-06-28 16:52:11 - [TEST_STEP][PASSED] - setText(findTestObject("OCS-MOBILE /Cart page/Quantity Input field"), "7"): Text '7' is set on object 'Object Repository/OCS-MOBILE /Cart page/Quantity Input field'

2019-06-28 16:52:11 - [MESSAGE][PASSED] - Text '7' is set on object 'Object Repository/OCS-MOBILE /Cart page/Quantity Input field'

2019-06-28 16:52:11 - [TEST_STEP][NOT_RUN] - click(findTestObject("OCS-MOBILE /Cart page/Unit price - product")): NOT_RUN: click(findTestObject("OCS-MOBILE /Cart page/Unit price - product"))

2019-06-28 16:52:11 - [MESSAGE][NOT_RUN] - NOT_RUN: click(findTestObject("OCS-MOBILE /Cart page/Unit price - product"))

2019-06-28 16:52:11 - [TEST_STEP][PASSED] - delay(2): Delayed 2 second(s)

2019-06-28 16:52:13 - [MESSAGE][PASSED] - Delayed 2 second(s)

2019-06-28 16:52:13 - [TEST_STEP][PASSED] - click(findTestObject("OCS-MOBILE /Cart page/Qty Increase icon")): Object: 'Object Repository/OCS-MOBILE /Cart page/Qty Increase icon' is clicked on

2019-06-28 16:52:13 - [MESSAGE][PASSED] - Object: 'Object Repository/OCS-MOBILE /Cart page/Qty Increase icon' is clicked on

2019-06-28 16:52:13 - [TEST_STEP][PASSED] - delay(2): Delayed 2 second(s)

2019-06-28 16:52:15 - [MESSAGE][PASSED] - Delayed 2 second(s)

2019-06-28 16:52:15 - [TEST_STEP][PASSED] - click(findTestObject("OCS-MOBILE /Cart page/Qty Increase icon")): Object: 'Object Repository/OCS-MOBILE /Cart page/Qty Increase icon' is clicked on

2019-06-28 16:52:15 - [MESSAGE][PASSED] - Object: 'Object Repository/OCS-MOBILE /Cart page/Qty Increase icon' is clicked on

2019-06-28 16:52:15 - [TEST_STEP][PASSED] - delay(2): Delayed 2 second(s)

2019-06-28 16:52:17 - [MESSAGE][PASSED] - Delayed 2 second(s)

2019-06-28 16:52:17 - [TEST_STEP][PASSED] - click(findTestObject("OCS-MOBILE /Cart page/Qty Increase icon")): Object: 'Object Repository/OCS-MOBILE /Cart page/Qty Increase icon' is clicked on

2019-06-28 16:52:17 - [MESSAGE][PASSED] - Object: 'Object Repository/OCS-MOBILE /Cart page/Qty Increase icon' is clicked on

2019-06-28 16:52:17 - [TEST_STEP][PASSED] - delay(2): Delayed 2 second(s)

2019-06-28 16:52:19 - [MESSAGE][PASSED] - Delayed 2 second(s)

2019-06-28 16:52:19 - [TEST_STEP][PASSED] - b = getText(findTestObject("OCS-MOBILE /Cart page/Unit price - product - price in cart page")): Text of object 'Object Repository/OCS-MOBILE /Cart page/Unit price - product - price in cart page' is: '






$92.25'

2019-06-28 16:52:19 - [MESSAGE][PASSED] - Text of object 'Object Repository/OCS-MOBILE /Cart page/Unit price - product - price in cart page' is: '






$92.25'

2019-06-28 16:52:19 - [TEST_STEP][PASSED] - comment(b): 






$92.25

2019-06-28 16:52:19 - [MESSAGE][INFO] - 






$92.25

2019-06-28 16:52:19 - [TEST_STEP][PASSED] - verifyNotEqual("a", "b"): Actual object 'a' and expected object 'b' are not equal

2019-06-28 16:52:19 - [MESSAGE][PASSED] - Actual object 'a' and expected object 'b' are not equal

2019-06-28 16:52:19 - [TEST_STEP][PASSED] - comment(" price changed . Quantity selector is working"):  price changed . Quantity selector is working

2019-06-28 16:52:19 - [MESSAGE][INFO] -  price changed . Quantity selector is working]]></system-out>
         <system-err><![CDATA[]]></system-err>
      </testcase>
      <testcase name="Test Cases/OCS- FRENCH/CRITICAL PATH/Cart flyout - decrease qty -fr" classname="Test Cases/OCS- FRENCH/CRITICAL PATH/Cart flyout - decrease qty -fr" status="FAILED">
         <failure type="FAILED" message="Test Cases/OCS- FRENCH/CRITICAL PATH/Cart flyout - decrease qty -fr FAILED.
Reason:
com.kms.katalon.core.exception.StepFailedException: Unable to click on object 'Object Repository/OCS-MOBILE /Age gate and burger menu/Burger menu - English' (Root cause: org.openqa.selenium.WebDriverException: 
Build info: version: '3.7.1', revision: '8a0099a', time: '2017-11-06T21:07:36.161Z'
System info: host: 'sumans-MacBook-Pro.local', ip: 'fe80:0:0:0:14f6:8d5f:4e59:4e6f%en0', os.name: 'Mac OS X', os.arch: 'x86_64', os.version: '10.13.6', java.version: '1.8.0_181'
Driver info: com.kms.katalon.selenium.driver.CSafariDriver
Capabilities {acceptInsecureCerts: false, browserName: Safari, browserVersion: 12.1, javascriptEnabled: true, platform: MAC, platformName: MAC, safari:automaticInspection: false, safari:automaticProfiling: false, safari:diagnose: false, setWindowRect: true, strictFileInteractability: false, webkit:WebRTC: {DisableICECandidateFiltering: false, DisableInsecureMediaCapture: false}}
Session ID: 407C5B06-DEA8-478A-9AA7-157769FAC2B4)
	at com.kms.katalon.core.keyword.internal.KeywordMain.stepFailed(KeywordMain.groovy:36)
	at com.kms.katalon.core.webui.keyword.internal.WebUIKeywordMain.stepFailed(WebUIKeywordMain.groovy:65)
	at com.kms.katalon.core.webui.keyword.internal.WebUIKeywordMain.runKeyword(WebUIKeywordMain.groovy:27)
	at com.kms.katalon.core.webui.keyword.builtin.ClickKeyword.click(ClickKeyword.groovy:86)
	at com.kms.katalon.core.webui.keyword.builtin.ClickKeyword.execute(ClickKeyword.groovy:67)
	at com.kms.katalon.core.keyword.internal.KeywordExecutor.executeKeywordForPlatform(KeywordExecutor.groovy:53)
	at com.kms.katalon.core.webui.keyword.WebUiBuiltInKeywords.click(WebUiBuiltInKeywords.groovy:616)
	at com.kms.katalon.core.webui.keyword.WebUiBuiltInKeywords$click$3.call(Unknown Source)
	at Cart flyout - decrease qty -fr.run(Cart flyout - decrease qty -fr:22)
	at com.kms.katalon.core.main.ScriptEngine.run(ScriptEngine.java:194)
	at com.kms.katalon.core.main.ScriptEngine.runScriptAsRawText(ScriptEngine.java:119)
	at com.kms.katalon.core.main.TestCaseExecutor.runScript(TestCaseExecutor.java:328)
	at com.kms.katalon.core.main.TestCaseExecutor.doExecute(TestCaseExecutor.java:319)
	at com.kms.katalon.core.main.TestCaseExecutor.processExecutionPhase(TestCaseExecutor.java:298)
	at com.kms.katalon.core.main.TestCaseExecutor.accessMainPhase(TestCaseExecutor.java:290)
	at com.kms.katalon.core.main.TestCaseExecutor.execute(TestCaseExecutor.java:224)
	at com.kms.katalon.core.main.TestSuiteExecutor.accessTestCaseMainPhase(TestSuiteExecutor.java:129)
	at com.kms.katalon.core.main.TestSuiteExecutor.accessTestSuiteMainPhase(TestSuiteExecutor.java:112)
	at com.kms.katalon.core.main.TestSuiteExecutor.execute(TestSuiteExecutor.java:81)
	at com.kms.katalon.core.main.TestCaseMain.startTestSuite(TestCaseMain.java:149)
	at com.kms.katalon.core.main.TestCaseMain$startTestSuite$0.call(Unknown Source)
	at TempTestSuite1561754394056.run(TempTestSuite1561754394056.groovy:36)
"/>
         <system-out><![CDATA[2019-06-28 16:52:19 - [TEST_CASE][FAILED] - Test Cases/OCS- FRENCH/CRITICAL PATH/Cart flyout - decrease qty -fr: Test Cases/OCS- FRENCH/CRITICAL PATH/Cart flyout - decrease qty -fr FAILED.
Reason:
com.kms.katalon.core.exception.StepFailedException: Unable to click on object 'Object Repository/OCS-MOBILE /Age gate and burger menu/Burger menu - English' (Root cause: org.openqa.selenium.WebDriverException: 
Build info: version: '3.7.1', revision: '8a0099a', time: '2017-11-06T21:07:36.161Z'
System info: host: 'sumans-MacBook-Pro.local', ip: 'fe80:0:0:0:14f6:8d5f:4e59:4e6f%en0', os.name: 'Mac OS X', os.arch: 'x86_64', os.version: '10.13.6', java.version: '1.8.0_181'
Driver info: com.kms.katalon.selenium.driver.CSafariDriver
Capabilities {acceptInsecureCerts: false, browserName: Safari, browserVersion: 12.1, javascriptEnabled: true, platform: MAC, platformName: MAC, safari:automaticInspection: false, safari:automaticProfiling: false, safari:diagnose: false, setWindowRect: true, strictFileInteractability: false, webkit:WebRTC: {DisableICECandidateFiltering: false, DisableInsecureMediaCapture: false}}
Session ID: 407C5B06-DEA8-478A-9AA7-157769FAC2B4)
	at com.kms.katalon.core.keyword.internal.KeywordMain.stepFailed(KeywordMain.groovy:36)
	at com.kms.katalon.core.webui.keyword.internal.WebUIKeywordMain.stepFailed(WebUIKeywordMain.groovy:65)
	at com.kms.katalon.core.webui.keyword.internal.WebUIKeywordMain.runKeyword(WebUIKeywordMain.groovy:27)
	at com.kms.katalon.core.webui.keyword.builtin.ClickKeyword.click(ClickKeyword.groovy:86)
	at com.kms.katalon.core.webui.keyword.builtin.ClickKeyword.execute(ClickKeyword.groovy:67)
	at com.kms.katalon.core.keyword.internal.KeywordExecutor.executeKeywordForPlatform(KeywordExecutor.groovy:53)
	at com.kms.katalon.core.webui.keyword.WebUiBuiltInKeywords.click(WebUiBuiltInKeywords.groovy:616)
	at com.kms.katalon.core.webui.keyword.WebUiBuiltInKeywords$click$3.call(Unknown Source)
	at Cart flyout - decrease qty -fr.run(Cart flyout - decrease qty -fr:22)
	at com.kms.katalon.core.main.ScriptEngine.run(ScriptEngine.java:194)
	at com.kms.katalon.core.main.ScriptEngine.runScriptAsRawText(ScriptEngine.java:119)
	at com.kms.katalon.core.main.TestCaseExecutor.runScript(TestCaseExecutor.java:328)
	at com.kms.katalon.core.main.TestCaseExecutor.doExecute(TestCaseExecutor.java:319)
	at com.kms.katalon.core.main.TestCaseExecutor.processExecutionPhase(TestCaseExecutor.java:298)
	at com.kms.katalon.core.main.TestCaseExecutor.accessMainPhase(TestCaseExecutor.java:290)
	at com.kms.katalon.core.main.TestCaseExecutor.execute(TestCaseExecutor.java:224)
	at com.kms.katalon.core.main.TestSuiteExecutor.accessTestCaseMainPhase(TestSuiteExecutor.java:129)
	at com.kms.katalon.core.main.TestSuiteExecutor.accessTestSuiteMainPhase(TestSuiteExecutor.java:112)
	at com.kms.katalon.core.main.TestSuiteExecutor.execute(TestSuiteExecutor.java:81)
	at com.kms.katalon.core.main.TestCaseMain.startTestSuite(TestCaseMain.java:149)
	at com.kms.katalon.core.main.TestCaseMain$startTestSuite$0.call(Unknown Source)
	at TempTestSuite1561754394056.run(TempTestSuite1561754394056.groovy:36)


2019-06-28 16:52:19 - [TEST_STEP][PASSED] - callTestCase(findTestCase("OCS - MOBILE/CALL - AGE GATE"), [:], STOP_ON_FAILURE): Call Test Case 'Test Cases/OCS - MOBILE/CALL - AGE GATE' successfully

2019-06-28 16:52:19 - [TEST_CASE][PASSED] - Test Cases/OCS - MOBILE/CALL - AGE GATE: Test Cases/OCS - MOBILE/CALL - AGE GATE

2019-06-28 16:52:19 - [TEST_STEP][PASSED] - openBrowser(""): Browser is opened with url: ''

2019-06-28 16:52:19 - [MESSAGE][WARNING] - A browser is already opened. Closing browser and opening a new one

2019-06-28 16:52:20 - [MESSAGE][INFO] - Starting 'Safari' driver

2019-06-28 16:52:20 - [MESSAGE][PASSED] - Browser is opened with url: ''

2019-06-28 16:52:20 - [TEST_STEP][PASSED] - navigateToUrl("ocs.ca"): Navigate to 'http://ocs.ca' successfully

2019-06-28 16:52:22 - [MESSAGE][PASSED] - Navigate to 'http://ocs.ca' successfully

2019-06-28 16:52:22 - [TEST_STEP][NOT_RUN] - executeJavaScript("var previewBar = document.getElementById("preview-bar-iframe"); previewBar.style.display = "none";", []): NOT_RUN: executeJavaScript("var previewBar = document.getElementById("preview-bar-iframe"); previewBar.style.display = "none";", [])

2019-06-28 16:52:22 - [MESSAGE][NOT_RUN] - NOT_RUN: executeJavaScript("var previewBar = document.getElementById("preview-bar-iframe"); previewBar.style.display = "none";", [])

2019-06-28 16:52:22 - [TEST_STEP][PASSED] - setViewPortSize(360, 800): Viewport is set to new size with width = 360 and height = 800

2019-06-28 16:52:22 - [MESSAGE][PASSED] - Viewport is set to new size with width = 360 and height = 800

2019-06-28 16:52:22 - [TEST_STEP][PASSED] - delay(4): Delayed 4 second(s)

2019-06-28 16:52:26 - [MESSAGE][PASSED] - Delayed 4 second(s)

2019-06-28 16:52:26 - [TEST_STEP][PASSED] - selectOptionByValue(findTestObject("OCS-MOBILE /Age gate and burger menu/Date"), "12", true): All options with value '12' are selected in object 'Object Repository/OCS-MOBILE /Age gate and burger menu/Date'  using regular expression

2019-06-28 16:52:27 - [MESSAGE][PASSED] - All options with value '12' are selected in object 'Object Repository/OCS-MOBILE /Age gate and burger menu/Date'  using regular expression

2019-06-28 16:52:27 - [TEST_STEP][PASSED] - selectOptionByValue(findTestObject("OCS-MOBILE /Age gate and burger menu/month"), "6", true): All options with value '6' are selected in object 'Object Repository/OCS-MOBILE /Age gate and burger menu/month'  using regular expression

2019-06-28 16:52:27 - [MESSAGE][PASSED] - All options with value '6' are selected in object 'Object Repository/OCS-MOBILE /Age gate and burger menu/month'  using regular expression

2019-06-28 16:52:27 - [TEST_STEP][PASSED] - delay(2): Delayed 2 second(s)

2019-06-28 16:52:29 - [MESSAGE][PASSED] - Delayed 2 second(s)

2019-06-28 16:52:29 - [TEST_STEP][PASSED] - selectOptionByValue(findTestObject("OCS-MOBILE /Age gate and burger menu/Year Dropdown"), "1990", true): All options with value '1990' are selected in object 'Object Repository/OCS-MOBILE /Age gate and burger menu/Year Dropdown'  using regular expression

2019-06-28 16:52:30 - [MESSAGE][PASSED] - All options with value '1990' are selected in object 'Object Repository/OCS-MOBILE /Age gate and burger menu/Year Dropdown'  using regular expression

2019-06-28 16:52:30 - [TEST_STEP][PASSED] - click(findTestObject("OCS-MOBILE /Age gate and Mega menu/button_Verify")): Object: 'Object Repository/OCS-MOBILE /Age gate and Mega menu/button_Verify' is clicked on

2019-06-28 16:52:30 - [MESSAGE][PASSED] - Object: 'Object Repository/OCS-MOBILE /Age gate and Mega menu/button_Verify' is clicked on

2019-06-28 16:52:30 - [TEST_STEP][PASSED] - click(findTestObject("OCS-MOBILE /Age gate and Mega menu/Checkbox_CONFIRM AND ACKNOWLEDGE")): Object: 'Object Repository/OCS-MOBILE /Age gate and Mega menu/Checkbox_CONFIRM AND ACKNOWLEDGE' is clicked on

2019-06-28 16:52:31 - [MESSAGE][PASSED] - Object: 'Object Repository/OCS-MOBILE /Age gate and Mega menu/Checkbox_CONFIRM AND ACKNOWLEDGE' is clicked on

2019-06-28 16:52:31 - [TEST_STEP][PASSED] - click(findTestObject("OCS-MOBILE /Age gate and Mega menu/button_CONFIRM")): Object: 'Object Repository/OCS-MOBILE /Age gate and Mega menu/button_CONFIRM' is clicked on

2019-06-28 16:52:31 - [MESSAGE][PASSED] - Object: 'Object Repository/OCS-MOBILE /Age gate and Mega menu/button_CONFIRM' is clicked on

2019-06-28 16:52:31 - [TEST_STEP][PASSED] - click(findTestObject("OCS-MOBILE /Age gate and Mega menu/button_Start Browsing")): Object: 'Object Repository/OCS-MOBILE /Age gate and Mega menu/button_Start Browsing' is clicked on

2019-06-28 16:52:31 - [MESSAGE][PASSED] - Object: 'Object Repository/OCS-MOBILE /Age gate and Mega menu/button_Start Browsing' is clicked on

2019-06-28 16:52:31 - [TEST_STEP][PASSED] - refresh(): Refresh successfully

2019-06-28 16:52:31 - [MESSAGE][PASSED] - Refresh successfully

2019-06-28 16:52:31 - [TEST_STEP][NOT_RUN] - executeJavaScript("var previewBar = document.getElementById("preview-bar-iframe"); previewBar.style.display = "none";", []): NOT_RUN: executeJavaScript("var previewBar = document.getElementById("preview-bar-iframe"); previewBar.style.display = "none";", [])

2019-06-28 16:52:31 - [MESSAGE][NOT_RUN] - NOT_RUN: executeJavaScript("var previewBar = document.getElementById("preview-bar-iframe"); previewBar.style.display = "none";", [])

2019-06-28 16:52:31 - [MESSAGE][PASSED] - Call Test Case 'Test Cases/OCS - MOBILE/CALL - AGE GATE' successfully

2019-06-28 16:52:31 - [TEST_STEP][PASSED] - callTestCase(findTestCase("OCS - MOBILE/CALL- TOGGLING LANGUAGE"), [:], STOP_ON_FAILURE): Call Test Case 'Test Cases/OCS - MOBILE/CALL- TOGGLING LANGUAGE' successfully

2019-06-28 16:52:31 - [TEST_CASE][PASSED] - Test Cases/OCS - MOBILE/CALL- TOGGLING LANGUAGE: Test Cases/OCS - MOBILE/CALL- TOGGLING LANGUAGE

2019-06-28 16:52:31 - [TEST_STEP][PASSED] - delay(2): Delayed 2 second(s)

2019-06-28 16:52:33 - [MESSAGE][PASSED] - Delayed 2 second(s)

2019-06-28 16:52:33 - [TEST_STEP][PASSED] - click(findTestObject("OCS-MOBILE /Age gate and burger menu/Burger menu - English")): Object: 'Object Repository/OCS-MOBILE /Age gate and burger menu/Burger menu - English' is clicked on

2019-06-28 16:52:33 - [MESSAGE][PASSED] - Object: 'Object Repository/OCS-MOBILE /Age gate and burger menu/Burger menu - English' is clicked on

2019-06-28 16:52:33 - [TEST_STEP][PASSED] - delay(2): Delayed 2 second(s)

2019-06-28 16:52:35 - [MESSAGE][PASSED] - Delayed 2 second(s)

2019-06-28 16:52:35 - [TEST_STEP][PASSED] - click(findTestObject("OCS-MOBILE /Cart flyout/English dropdown")): Object: 'Object Repository/OCS-MOBILE /Cart flyout/English dropdown' is clicked on

2019-06-28 16:52:35 - [MESSAGE][PASSED] - Object: 'Object Repository/OCS-MOBILE /Cart flyout/English dropdown' is clicked on

2019-06-28 16:52:35 - [TEST_STEP][PASSED] - delay(2): Delayed 2 second(s)

2019-06-28 16:52:37 - [MESSAGE][PASSED] - Delayed 2 second(s)

2019-06-28 16:52:37 - [TEST_STEP][NOT_RUN] - executeJavaScript("var previewBar = document.getElementById("preview-bar-iframe"); previewBar.style.display = "none";", []): NOT_RUN: executeJavaScript("var previewBar = document.getElementById("preview-bar-iframe"); previewBar.style.display = "none";", [])

2019-06-28 16:52:37 - [MESSAGE][NOT_RUN] - NOT_RUN: executeJavaScript("var previewBar = document.getElementById("preview-bar-iframe"); previewBar.style.display = "none";", [])

2019-06-28 16:52:37 - [TEST_STEP][PASSED] - click(findTestObject("OCS-MOBILE /Cart flyout/Select French")): Object: 'Object Repository/OCS-MOBILE /Cart flyout/Select French' is clicked on

2019-06-28 16:52:37 - [MESSAGE][PASSED] - Object: 'Object Repository/OCS-MOBILE /Cart flyout/Select French' is clicked on

2019-06-28 16:52:37 - [MESSAGE][PASSED] - Call Test Case 'Test Cases/OCS - MOBILE/CALL- TOGGLING LANGUAGE' successfully

2019-06-28 16:52:37 - [TEST_STEP][PASSED] - delay(2): Delayed 2 second(s)

2019-06-28 16:52:39 - [MESSAGE][PASSED] - Delayed 2 second(s)

2019-06-28 16:52:39 - [TEST_STEP][FAILED] - click(findTestObject("OCS-MOBILE /Age gate and burger menu/Burger menu - English")): click(findTestObject("OCS-MOBILE /Age gate and burger menu/Burger menu - English")) FAILED.
Reason:
com.kms.katalon.core.exception.StepFailedException: Unable to click on object 'Object Repository/OCS-MOBILE /Age gate and burger menu/Burger menu - English' (Root cause: org.openqa.selenium.WebDriverException: 
Build info: version: '3.7.1', revision: '8a0099a', time: '2017-11-06T21:07:36.161Z'
System info: host: 'sumans-MacBook-Pro.local', ip: 'fe80:0:0:0:14f6:8d5f:4e59:4e6f%en0', os.name: 'Mac OS X', os.arch: 'x86_64', os.version: '10.13.6', java.version: '1.8.0_181'
Driver info: com.kms.katalon.selenium.driver.CSafariDriver
Capabilities {acceptInsecureCerts: false, browserName: Safari, browserVersion: 12.1, javascriptEnabled: true, platform: MAC, platformName: MAC, safari:automaticInspection: false, safari:automaticProfiling: false, safari:diagnose: false, setWindowRect: true, strictFileInteractability: false, webkit:WebRTC: {DisableICECandidateFiltering: false, DisableInsecureMediaCapture: false}}
Session ID: 407C5B06-DEA8-478A-9AA7-157769FAC2B4)
	at com.kms.katalon.core.keyword.internal.KeywordMain.stepFailed(KeywordMain.groovy:36)
	at com.kms.katalon.core.webui.keyword.internal.WebUIKeywordMain.stepFailed(WebUIKeywordMain.groovy:65)
	at com.kms.katalon.core.webui.keyword.internal.WebUIKeywordMain.runKeyword(WebUIKeywordMain.groovy:27)
	at com.kms.katalon.core.webui.keyword.builtin.ClickKeyword.click(ClickKeyword.groovy:86)
	at com.kms.katalon.core.webui.keyword.builtin.ClickKeyword.execute(ClickKeyword.groovy:67)
	at com.kms.katalon.core.keyword.internal.KeywordExecutor.executeKeywordForPlatform(KeywordExecutor.groovy:53)
	at com.kms.katalon.core.webui.keyword.WebUiBuiltInKeywords.click(WebUiBuiltInKeywords.groovy:616)
	at com.kms.katalon.core.webui.keyword.WebUiBuiltInKeywords$click$3.call(Unknown Source)
	at Cart flyout - decrease qty -fr.run(Cart flyout - decrease qty -fr:22)
	at com.kms.katalon.core.main.ScriptEngine.run(ScriptEngine.java:194)
	at com.kms.katalon.core.main.ScriptEngine.runScriptAsRawText(ScriptEngine.java:119)
	at com.kms.katalon.core.main.TestCaseExecutor.runScript(TestCaseExecutor.java:328)
	at com.kms.katalon.core.main.TestCaseExecutor.doExecute(TestCaseExecutor.java:319)
	at com.kms.katalon.core.main.TestCaseExecutor.processExecutionPhase(TestCaseExecutor.java:298)
	at com.kms.katalon.core.main.TestCaseExecutor.accessMainPhase(TestCaseExecutor.java:290)
	at com.kms.katalon.core.main.TestCaseExecutor.execute(TestCaseExecutor.java:224)
	at com.kms.katalon.core.main.TestSuiteExecutor.accessTestCaseMainPhase(TestSuiteExecutor.java:129)
	at com.kms.katalon.core.main.TestSuiteExecutor.accessTestSuiteMainPhase(TestSuiteExecutor.java:112)
	at com.kms.katalon.core.main.TestSuiteExecutor.execute(TestSuiteExecutor.java:81)
	at com.kms.katalon.core.main.TestCaseMain.startTestSuite(TestCaseMain.java:149)
	at com.kms.katalon.core.main.TestCaseMain$startTestSuite$0.call(Unknown Source)
	at TempTestSuite1561754394056.run(TempTestSuite1561754394056.groovy:36)


2019-06-28 16:52:40 - [MESSAGE][FAILED] - Unable to click on object 'Object Repository/OCS-MOBILE /Age gate and burger menu/Burger menu - English' (Root cause: org.openqa.selenium.WebDriverException: 
Build info: version: '3.7.1', revision: '8a0099a', time: '2017-11-06T21:07:36.161Z'
System info: host: 'sumans-MacBook-Pro.local', ip: 'fe80:0:0:0:14f6:8d5f:4e59:4e6f%en0', os.name: 'Mac OS X', os.arch: 'x86_64', os.version: '10.13.6', java.version: '1.8.0_181'
Driver info: com.kms.katalon.selenium.driver.CSafariDriver
Capabilities {acceptInsecureCerts: false, browserName: Safari, browserVersion: 12.1, javascriptEnabled: true, platform: MAC, platformName: MAC, safari:automaticInspection: false, safari:automaticProfiling: false, safari:diagnose: false, setWindowRect: true, strictFileInteractability: false, webkit:WebRTC: {DisableICECandidateFiltering: false, DisableInsecureMediaCapture: false}}
Session ID: 407C5B06-DEA8-478A-9AA7-157769FAC2B4)
[[ATTACHMENT|/Users/sumankompelly/Relative xpath-Mobile/Reports/Live site/20190628_163954/1561755160000.png]]

2019-06-28 16:52:40 - [MESSAGE][FAILED] - click(findTestObject("OCS-MOBILE /Age gate and burger menu/Burger menu - English")) FAILED.
Reason:
com.kms.katalon.core.exception.StepFailedException: Unable to click on object 'Object Repository/OCS-MOBILE /Age gate and burger menu/Burger menu - English' (Root cause: org.openqa.selenium.WebDriverException: 
Build info: version: '3.7.1', revision: '8a0099a', time: '2017-11-06T21:07:36.161Z'
System info: host: 'sumans-MacBook-Pro.local', ip: 'fe80:0:0:0:14f6:8d5f:4e59:4e6f%en0', os.name: 'Mac OS X', os.arch: 'x86_64', os.version: '10.13.6', java.version: '1.8.0_181'
Driver info: com.kms.katalon.selenium.driver.CSafariDriver
Capabilities {acceptInsecureCerts: false, browserName: Safari, browserVersion: 12.1, javascriptEnabled: true, platform: MAC, platformName: MAC, safari:automaticInspection: false, safari:automaticProfiling: false, safari:diagnose: false, setWindowRect: true, strictFileInteractability: false, webkit:WebRTC: {DisableICECandidateFiltering: false, DisableInsecureMediaCapture: false}}
Session ID: 407C5B06-DEA8-478A-9AA7-157769FAC2B4)
	at com.kms.katalon.core.keyword.internal.KeywordMain.stepFailed(KeywordMain.groovy:36)
	at com.kms.katalon.core.webui.keyword.internal.WebUIKeywordMain.stepFailed(WebUIKeywordMain.groovy:65)
	at com.kms.katalon.core.webui.keyword.internal.WebUIKeywordMain.runKeyword(WebUIKeywordMain.groovy:27)
	at com.kms.katalon.core.webui.keyword.builtin.ClickKeyword.click(ClickKeyword.groovy:86)
	at com.kms.katalon.core.webui.keyword.builtin.ClickKeyword.execute(ClickKeyword.groovy:67)
	at com.kms.katalon.core.keyword.internal.KeywordExecutor.executeKeywordForPlatform(KeywordExecutor.groovy:53)
	at com.kms.katalon.core.webui.keyword.WebUiBuiltInKeywords.click(WebUiBuiltInKeywords.groovy:616)
	at com.kms.katalon.core.webui.keyword.WebUiBuiltInKeywords$click$3.call(Unknown Source)
	at Cart flyout - decrease qty -fr.run(Cart flyout - decrease qty -fr:22)
	at com.kms.katalon.core.main.ScriptEngine.run(ScriptEngine.java:194)
	at com.kms.katalon.core.main.ScriptEngine.runScriptAsRawText(ScriptEngine.java:119)
	at com.kms.katalon.core.main.TestCaseExecutor.runScript(TestCaseExecutor.java:328)
	at com.kms.katalon.core.main.TestCaseExecutor.doExecute(TestCaseExecutor.java:319)
	at com.kms.katalon.core.main.TestCaseExecutor.processExecutionPhase(TestCaseExecutor.java:298)
	at com.kms.katalon.core.main.TestCaseExecutor.accessMainPhase(TestCaseExecutor.java:290)
	at com.kms.katalon.core.main.TestCaseExecutor.execute(TestCaseExecutor.java:224)
	at com.kms.katalon.core.main.TestSuiteExecutor.accessTestCaseMainPhase(TestSuiteExecutor.java:129)
	at com.kms.katalon.core.main.TestSuiteExecutor.accessTestSuiteMainPhase(TestSuiteExecutor.java:112)
	at com.kms.katalon.core.main.TestSuiteExecutor.execute(TestSuiteExecutor.java:81)
	at com.kms.katalon.core.main.TestCaseMain.startTestSuite(TestCaseMain.java:149)
	at com.kms.katalon.core.main.TestCaseMain$startTestSuite$0.call(Unknown Source)
	at TempTestSuite1561754394056.run(TempTestSuite1561754394056.groovy:36)]]></system-out>
         <system-err><![CDATA[2019-06-28 16:52:19 - [TEST_CASE][FAILED] - Test Cases/OCS- FRENCH/CRITICAL PATH/Cart flyout - decrease qty -fr: Test Cases/OCS- FRENCH/CRITICAL PATH/Cart flyout - decrease qty -fr FAILED.
Reason:
com.kms.katalon.core.exception.StepFailedException: Unable to click on object 'Object Repository/OCS-MOBILE /Age gate and burger menu/Burger menu - English' (Root cause: org.openqa.selenium.WebDriverException: 
Build info: version: '3.7.1', revision: '8a0099a', time: '2017-11-06T21:07:36.161Z'
System info: host: 'sumans-MacBook-Pro.local', ip: 'fe80:0:0:0:14f6:8d5f:4e59:4e6f%en0', os.name: 'Mac OS X', os.arch: 'x86_64', os.version: '10.13.6', java.version: '1.8.0_181'
Driver info: com.kms.katalon.selenium.driver.CSafariDriver
Capabilities {acceptInsecureCerts: false, browserName: Safari, browserVersion: 12.1, javascriptEnabled: true, platform: MAC, platformName: MAC, safari:automaticInspection: false, safari:automaticProfiling: false, safari:diagnose: false, setWindowRect: true, strictFileInteractability: false, webkit:WebRTC: {DisableICECandidateFiltering: false, DisableInsecureMediaCapture: false}}
Session ID: 407C5B06-DEA8-478A-9AA7-157769FAC2B4)
	at com.kms.katalon.core.keyword.internal.KeywordMain.stepFailed(KeywordMain.groovy:36)
	at com.kms.katalon.core.webui.keyword.internal.WebUIKeywordMain.stepFailed(WebUIKeywordMain.groovy:65)
	at com.kms.katalon.core.webui.keyword.internal.WebUIKeywordMain.runKeyword(WebUIKeywordMain.groovy:27)
	at com.kms.katalon.core.webui.keyword.builtin.ClickKeyword.click(ClickKeyword.groovy:86)
	at com.kms.katalon.core.webui.keyword.builtin.ClickKeyword.execute(ClickKeyword.groovy:67)
	at com.kms.katalon.core.keyword.internal.KeywordExecutor.executeKeywordForPlatform(KeywordExecutor.groovy:53)
	at com.kms.katalon.core.webui.keyword.WebUiBuiltInKeywords.click(WebUiBuiltInKeywords.groovy:616)
	at com.kms.katalon.core.webui.keyword.WebUiBuiltInKeywords$click$3.call(Unknown Source)
	at Cart flyout - decrease qty -fr.run(Cart flyout - decrease qty -fr:22)
	at com.kms.katalon.core.main.ScriptEngine.run(ScriptEngine.java:194)
	at com.kms.katalon.core.main.ScriptEngine.runScriptAsRawText(ScriptEngine.java:119)
	at com.kms.katalon.core.main.TestCaseExecutor.runScript(TestCaseExecutor.java:328)
	at com.kms.katalon.core.main.TestCaseExecutor.doExecute(TestCaseExecutor.java:319)
	at com.kms.katalon.core.main.TestCaseExecutor.processExecutionPhase(TestCaseExecutor.java:298)
	at com.kms.katalon.core.main.TestCaseExecutor.accessMainPhase(TestCaseExecutor.java:290)
	at com.kms.katalon.core.main.TestCaseExecutor.execute(TestCaseExecutor.java:224)
	at com.kms.katalon.core.main.TestSuiteExecutor.accessTestCaseMainPhase(TestSuiteExecutor.java:129)
	at com.kms.katalon.core.main.TestSuiteExecutor.accessTestSuiteMainPhase(TestSuiteExecutor.java:112)
	at com.kms.katalon.core.main.TestSuiteExecutor.execute(TestSuiteExecutor.java:81)
	at com.kms.katalon.core.main.TestCaseMain.startTestSuite(TestCaseMain.java:149)
	at com.kms.katalon.core.main.TestCaseMain$startTestSuite$0.call(Unknown Source)
	at TempTestSuite1561754394056.run(TempTestSuite1561754394056.groovy:36)]]></system-err>
      </testcase>
      <testcase name="Test Cases/OCS- FRENCH/CRITICAL PATH/Cart flyout- accessories-fr" classname="Test Cases/OCS- FRENCH/CRITICAL PATH/Cart flyout- accessories-fr" status="PASSED">
         <system-out><![CDATA[2019-06-28 16:52:40 - [TEST_CASE][PASSED] - Test Cases/OCS- FRENCH/CRITICAL PATH/Cart flyout- accessories-fr: Test Cases/OCS- FRENCH/CRITICAL PATH/Cart flyout- accessories-fr

2019-06-28 16:52:40 - [TEST_STEP][PASSED] - callTestCase(findTestCase("OCS - MOBILE/CALL - AGE GATE"), [:], STOP_ON_FAILURE): Call Test Case 'Test Cases/OCS - MOBILE/CALL - AGE GATE' successfully

2019-06-28 16:52:40 - [TEST_CASE][PASSED] - Test Cases/OCS - MOBILE/CALL - AGE GATE: Test Cases/OCS - MOBILE/CALL - AGE GATE

2019-06-28 16:52:40 - [TEST_STEP][PASSED] - openBrowser(""): Browser is opened with url: ''

2019-06-28 16:52:40 - [MESSAGE][WARNING] - A browser is already opened. Closing browser and opening a new one

2019-06-28 16:52:40 - [MESSAGE][INFO] - Starting 'Safari' driver

2019-06-28 16:52:41 - [MESSAGE][PASSED] - Browser is opened with url: ''

2019-06-28 16:52:41 - [TEST_STEP][PASSED] - navigateToUrl("ocs.ca"): Navigate to 'http://ocs.ca' successfully

2019-06-28 16:52:42 - [MESSAGE][PASSED] - Navigate to 'http://ocs.ca' successfully

2019-06-28 16:52:42 - [TEST_STEP][NOT_RUN] - executeJavaScript("var previewBar = document.getElementById("preview-bar-iframe"); previewBar.style.display = "none";", []): NOT_RUN: executeJavaScript("var previewBar = document.getElementById("preview-bar-iframe"); previewBar.style.display = "none";", [])

2019-06-28 16:52:42 - [MESSAGE][NOT_RUN] - NOT_RUN: executeJavaScript("var previewBar = document.getElementById("preview-bar-iframe"); previewBar.style.display = "none";", [])

2019-06-28 16:52:42 - [TEST_STEP][PASSED] - setViewPortSize(360, 800): Viewport is set to new size with width = 360 and height = 800

2019-06-28 16:52:42 - [MESSAGE][PASSED] - Viewport is set to new size with width = 360 and height = 800

2019-06-28 16:52:42 - [TEST_STEP][PASSED] - delay(4): Delayed 4 second(s)

2019-06-28 16:52:46 - [MESSAGE][PASSED] - Delayed 4 second(s)

2019-06-28 16:52:46 - [TEST_STEP][PASSED] - selectOptionByValue(findTestObject("OCS-MOBILE /Age gate and burger menu/Date"), "12", true): All options with value '12' are selected in object 'Object Repository/OCS-MOBILE /Age gate and burger menu/Date'  using regular expression

2019-06-28 16:52:47 - [MESSAGE][PASSED] - All options with value '12' are selected in object 'Object Repository/OCS-MOBILE /Age gate and burger menu/Date'  using regular expression

2019-06-28 16:52:47 - [TEST_STEP][PASSED] - selectOptionByValue(findTestObject("OCS-MOBILE /Age gate and burger menu/month"), "6", true): All options with value '6' are selected in object 'Object Repository/OCS-MOBILE /Age gate and burger menu/month'  using regular expression

2019-06-28 16:52:47 - [MESSAGE][PASSED] - All options with value '6' are selected in object 'Object Repository/OCS-MOBILE /Age gate and burger menu/month'  using regular expression

2019-06-28 16:52:47 - [TEST_STEP][PASSED] - delay(2): Delayed 2 second(s)

2019-06-28 16:52:49 - [MESSAGE][PASSED] - Delayed 2 second(s)

2019-06-28 16:52:49 - [TEST_STEP][PASSED] - selectOptionByValue(findTestObject("OCS-MOBILE /Age gate and burger menu/Year Dropdown"), "1990", true): All options with value '1990' are selected in object 'Object Repository/OCS-MOBILE /Age gate and burger menu/Year Dropdown'  using regular expression

2019-06-28 16:52:51 - [MESSAGE][PASSED] - All options with value '1990' are selected in object 'Object Repository/OCS-MOBILE /Age gate and burger menu/Year Dropdown'  using regular expression

2019-06-28 16:52:51 - [TEST_STEP][PASSED] - click(findTestObject("OCS-MOBILE /Age gate and Mega menu/button_Verify")): Object: 'Object Repository/OCS-MOBILE /Age gate and Mega menu/button_Verify' is clicked on

2019-06-28 16:52:51 - [MESSAGE][PASSED] - Object: 'Object Repository/OCS-MOBILE /Age gate and Mega menu/button_Verify' is clicked on

2019-06-28 16:52:51 - [TEST_STEP][PASSED] - click(findTestObject("OCS-MOBILE /Age gate and Mega menu/Checkbox_CONFIRM AND ACKNOWLEDGE")): Object: 'Object Repository/OCS-MOBILE /Age gate and Mega menu/Checkbox_CONFIRM AND ACKNOWLEDGE' is clicked on

2019-06-28 16:52:51 - [MESSAGE][PASSED] - Object: 'Object Repository/OCS-MOBILE /Age gate and Mega menu/Checkbox_CONFIRM AND ACKNOWLEDGE' is clicked on

2019-06-28 16:52:51 - [TEST_STEP][PASSED] - click(findTestObject("OCS-MOBILE /Age gate and Mega menu/button_CONFIRM")): Object: 'Object Repository/OCS-MOBILE /Age gate and Mega menu/button_CONFIRM' is clicked on

2019-06-28 16:52:51 - [MESSAGE][PASSED] - Object: 'Object Repository/OCS-MOBILE /Age gate and Mega menu/button_CONFIRM' is clicked on

2019-06-28 16:52:51 - [TEST_STEP][PASSED] - click(findTestObject("OCS-MOBILE /Age gate and Mega menu/button_Start Browsing")): Object: 'Object Repository/OCS-MOBILE /Age gate and Mega menu/button_Start Browsing' is clicked on

2019-06-28 16:52:51 - [MESSAGE][PASSED] - Object: 'Object Repository/OCS-MOBILE /Age gate and Mega menu/button_Start Browsing' is clicked on

2019-06-28 16:52:51 - [TEST_STEP][PASSED] - refresh(): Refresh successfully

2019-06-28 16:52:54 - [MESSAGE][PASSED] - Refresh successfully

2019-06-28 16:52:54 - [TEST_STEP][NOT_RUN] - executeJavaScript("var previewBar = document.getElementById("preview-bar-iframe"); previewBar.style.display = "none";", []): NOT_RUN: executeJavaScript("var previewBar = document.getElementById("preview-bar-iframe"); previewBar.style.display = "none";", [])

2019-06-28 16:52:54 - [MESSAGE][NOT_RUN] - NOT_RUN: executeJavaScript("var previewBar = document.getElementById("preview-bar-iframe"); previewBar.style.display = "none";", [])

2019-06-28 16:52:54 - [MESSAGE][PASSED] - Call Test Case 'Test Cases/OCS - MOBILE/CALL - AGE GATE' successfully

2019-06-28 16:52:54 - [TEST_STEP][PASSED] - callTestCase(findTestCase("OCS - MOBILE/CALL- TOGGLING LANGUAGE"), [:], STOP_ON_FAILURE): Call Test Case 'Test Cases/OCS - MOBILE/CALL- TOGGLING LANGUAGE' successfully

2019-06-28 16:52:54 - [TEST_CASE][PASSED] - Test Cases/OCS - MOBILE/CALL- TOGGLING LANGUAGE: Test Cases/OCS - MOBILE/CALL- TOGGLING LANGUAGE

2019-06-28 16:52:54 - [TEST_STEP][PASSED] - delay(2): Delayed 2 second(s)

2019-06-28 16:52:56 - [MESSAGE][PASSED] - Delayed 2 second(s)

2019-06-28 16:52:56 - [TEST_STEP][PASSED] - click(findTestObject("OCS-MOBILE /Age gate and burger menu/Burger menu - English")): Object: 'Object Repository/OCS-MOBILE /Age gate and burger menu/Burger menu - English' is clicked on

2019-06-28 16:52:56 - [MESSAGE][PASSED] - Object: 'Object Repository/OCS-MOBILE /Age gate and burger menu/Burger menu - English' is clicked on

2019-06-28 16:52:56 - [TEST_STEP][PASSED] - delay(2): Delayed 2 second(s)

2019-06-28 16:52:58 - [MESSAGE][PASSED] - Delayed 2 second(s)

2019-06-28 16:52:58 - [TEST_STEP][PASSED] - click(findTestObject("OCS-MOBILE /Cart flyout/English dropdown")): Object: 'Object Repository/OCS-MOBILE /Cart flyout/English dropdown' is clicked on

2019-06-28 16:52:58 - [MESSAGE][PASSED] - Object: 'Object Repository/OCS-MOBILE /Cart flyout/English dropdown' is clicked on

2019-06-28 16:52:58 - [TEST_STEP][PASSED] - delay(2): Delayed 2 second(s)

2019-06-28 16:53:00 - [MESSAGE][PASSED] - Delayed 2 second(s)

2019-06-28 16:53:00 - [TEST_STEP][NOT_RUN] - executeJavaScript("var previewBar = document.getElementById("preview-bar-iframe"); previewBar.style.display = "none";", []): NOT_RUN: executeJavaScript("var previewBar = document.getElementById("preview-bar-iframe"); previewBar.style.display = "none";", [])

2019-06-28 16:53:00 - [MESSAGE][NOT_RUN] - NOT_RUN: executeJavaScript("var previewBar = document.getElementById("preview-bar-iframe"); previewBar.style.display = "none";", [])

2019-06-28 16:53:00 - [TEST_STEP][PASSED] - click(findTestObject("OCS-MOBILE /Cart flyout/Select French")): Object: 'Object Repository/OCS-MOBILE /Cart flyout/Select French' is clicked on

2019-06-28 16:53:00 - [MESSAGE][PASSED] - Object: 'Object Repository/OCS-MOBILE /Cart flyout/Select French' is clicked on

2019-06-28 16:53:00 - [MESSAGE][PASSED] - Call Test Case 'Test Cases/OCS - MOBILE/CALL- TOGGLING LANGUAGE' successfully

2019-06-28 16:53:00 - [TEST_STEP][PASSED] - delay(2): Delayed 2 second(s)

2019-06-28 16:53:02 - [MESSAGE][PASSED] - Delayed 2 second(s)

2019-06-28 16:53:02 - [TEST_STEP][PASSED] - click(findTestObject("OCS-MOBILE /Age gate and burger menu/Burger menu - English")): Object: 'Object Repository/OCS-MOBILE /Age gate and burger menu/Burger menu - English' is clicked on

2019-06-28 16:53:02 - [MESSAGE][PASSED] - Object: 'Object Repository/OCS-MOBILE /Age gate and burger menu/Burger menu - English' is clicked on

2019-06-28 16:53:02 - [TEST_STEP][PASSED] - delay(2): Delayed 2 second(s)

2019-06-28 16:53:04 - [MESSAGE][PASSED] - Delayed 2 second(s)

2019-06-28 16:53:04 - [TEST_STEP][PASSED] - click(findTestObject("OCS-MOBILE /Age gate and burger menu/Chevron_Cannabis")): Object: 'Object Repository/OCS-MOBILE /Age gate and burger menu/Chevron_Cannabis' is clicked on

2019-06-28 16:53:04 - [MESSAGE][PASSED] - Object: 'Object Repository/OCS-MOBILE /Age gate and burger menu/Chevron_Cannabis' is clicked on

2019-06-28 16:53:04 - [TEST_STEP][PASSED] - delay(2): Delayed 2 second(s)

2019-06-28 16:53:06 - [MESSAGE][PASSED] - Delayed 2 second(s)

2019-06-28 16:53:06 - [TEST_STEP][PASSED] - click(findTestObject("OCS-MOBILE /Age gate and burger menu/Dried Flower_Plus icon")): Object: 'Object Repository/OCS-MOBILE /Age gate and burger menu/Dried Flower_Plus icon' is clicked on

2019-06-28 16:53:06 - [MESSAGE][PASSED] - Object: 'Object Repository/OCS-MOBILE /Age gate and burger menu/Dried Flower_Plus icon' is clicked on

2019-06-28 16:53:06 - [TEST_STEP][PASSED] - delay(2): Delayed 2 second(s)

2019-06-28 16:53:08 - [MESSAGE][PASSED] - Delayed 2 second(s)

2019-06-28 16:53:08 - [TEST_STEP][PASSED] - click(findTestObject("OCS- FRENCH/Indica Dominant_Menu item")): Object: 'Object Repository/OCS- FRENCH/Indica Dominant_Menu item' is clicked on

2019-06-28 16:53:08 - [MESSAGE][PASSED] - Object: 'Object Repository/OCS- FRENCH/Indica Dominant_Menu item' is clicked on

2019-06-28 16:53:08 - [TEST_STEP][NOT_RUN] - executeJavaScript("var previewBar = document.getElementById("preview-bar-iframe"); previewBar.style.display = "none";", []): NOT_RUN: executeJavaScript("var previewBar = document.getElementById("preview-bar-iframe"); previewBar.style.display = "none";", [])

2019-06-28 16:53:08 - [MESSAGE][NOT_RUN] - NOT_RUN: executeJavaScript("var previewBar = document.getElementById("preview-bar-iframe"); previewBar.style.display = "none";", [])

2019-06-28 16:53:08 - [TEST_STEP][PASSED] - delay(2): Delayed 2 second(s)

2019-06-28 16:53:10 - [MESSAGE][PASSED] - Delayed 2 second(s)

2019-06-28 16:53:10 - [TEST_STEP][PASSED] - click(findTestObject("OCS- FRENCH/Product image - 1st one")): Object: 'Object Repository/OCS- FRENCH/Product image - 1st one' is clicked on

2019-06-28 16:53:11 - [MESSAGE][PASSED] - Object: 'Object Repository/OCS- FRENCH/Product image - 1st one' is clicked on

2019-06-28 16:53:11 - [TEST_STEP][NOT_RUN] - executeJavaScript("var previewBar = document.getElementById("preview-bar-iframe"); previewBar.style.display = "none";", []): NOT_RUN: executeJavaScript("var previewBar = document.getElementById("preview-bar-iframe"); previewBar.style.display = "none";", [])

2019-06-28 16:53:11 - [MESSAGE][NOT_RUN] - NOT_RUN: executeJavaScript("var previewBar = document.getElementById("preview-bar-iframe"); previewBar.style.display = "none";", [])

2019-06-28 16:53:11 - [TEST_STEP][PASSED] - delay(2): Delayed 2 second(s)

2019-06-28 16:53:13 - [MESSAGE][PASSED] - Delayed 2 second(s)

2019-06-28 16:53:13 - [TEST_STEP][PASSED] - click(findTestObject("OCS-MOBILE /Product page/Swatch_1g")): Object: 'Object Repository/OCS-MOBILE /Product page/Swatch_1g' is clicked on

2019-06-28 16:53:14 - [MESSAGE][PASSED] - Object: 'Object Repository/OCS-MOBILE /Product page/Swatch_1g' is clicked on

2019-06-28 16:53:14 - [TEST_STEP][PASSED] - delay(2): Delayed 2 second(s)

2019-06-28 16:53:16 - [MESSAGE][PASSED] - Delayed 2 second(s)

2019-06-28 16:53:16 - [TEST_STEP][PASSED] - click(findTestObject("OCS-MOBILE /Product page/Add to Bag-button")): Object: 'Object Repository/OCS-MOBILE /Product page/Add to Bag-button' is clicked on

2019-06-28 16:53:16 - [MESSAGE][PASSED] - Object: 'Object Repository/OCS-MOBILE /Product page/Add to Bag-button' is clicked on

2019-06-28 16:53:16 - [TEST_STEP][PASSED] - delay(4): Delayed 4 second(s)

2019-06-28 16:53:20 - [MESSAGE][PASSED] - Delayed 4 second(s)

2019-06-28 16:53:20 - [TEST_STEP][NOT_RUN] - click(findTestObject("OCS-MOBILE /Home - page/Cart icon -bag")): NOT_RUN: click(findTestObject("OCS-MOBILE /Home - page/Cart icon -bag"))

2019-06-28 16:53:20 - [MESSAGE][NOT_RUN] - NOT_RUN: click(findTestObject("OCS-MOBILE /Home - page/Cart icon -bag"))

2019-06-28 16:53:20 - [TEST_STEP][PASSED] - delay(4, OPTIONAL): Delayed 4 second(s)

2019-06-28 16:53:24 - [MESSAGE][PASSED] - Delayed 4 second(s)

2019-06-28 16:53:24 - [TEST_STEP][PASSED] - delay(2): Delayed 2 second(s)

2019-06-28 16:53:26 - [MESSAGE][PASSED] - Delayed 2 second(s)

2019-06-28 16:53:26 - [TEST_STEP][PASSED] - click(findTestObject("OCS-MOBILE /Cart flyout/Up Chevron - Accessories you might need")): Object: 'Object Repository/OCS-MOBILE /Cart flyout/Up Chevron - Accessories you might need' is clicked on

2019-06-28 16:53:26 - [MESSAGE][PASSED] - Object: 'Object Repository/OCS-MOBILE /Cart flyout/Up Chevron - Accessories you might need' is clicked on

2019-06-28 16:53:26 - [TEST_STEP][PASSED] - delay(4): Delayed 4 second(s)

2019-06-28 16:53:30 - [MESSAGE][PASSED] - Delayed 4 second(s)

2019-06-28 16:53:30 - [TEST_STEP][PASSED] - click(findTestObject("OCS-MOBILE /Cart flyout/Down Chevron - Accessories you might need")): Object: 'Object Repository/OCS-MOBILE /Cart flyout/Down Chevron - Accessories you might need' is clicked on

2019-06-28 16:53:30 - [MESSAGE][PASSED] - Object: 'Object Repository/OCS-MOBILE /Cart flyout/Down Chevron - Accessories you might need' is clicked on]]></system-out>
         <system-err><![CDATA[]]></system-err>
      </testcase>
      <testcase name="Test Cases/OCS- FRENCH/CRITICAL PATH/Cart flyout - Price comparison - fr" classname="Test Cases/OCS- FRENCH/CRITICAL PATH/Cart flyout - Price comparison - fr" status="FAILED">
         <failure type="FAILED" message="Test Cases/OCS- FRENCH/CRITICAL PATH/Cart flyout - Price comparison - fr FAILED.
Reason:
com.kms.katalon.core.exception.StepFailedException: Unable to verify equal between actual object '45' and expected object '






45' (Root cause: com.kms.katalon.core.exception.StepFailedException: Actual object '45' and expected object '






45' are not equal)
	at com.kms.katalon.core.keyword.internal.KeywordMain.stepFailed(KeywordMain.groovy:36)
	at com.kms.katalon.core.keyword.internal.KeywordMain.stepFailed(KeywordMain.groovy)
	at com.kms.katalon.core.keyword.internal.KeywordMain.runKeyword(KeywordMain.groovy:56)
	at com.kms.katalon.core.keyword.builtin.VerifyEqualKeyword.verifyEqual(VerifyEqualKeyword.groovy:63)
	at com.kms.katalon.core.keyword.builtin.VerifyEqualKeyword.execute(VerifyEqualKeyword.groovy:44)
	at com.kms.katalon.core.keyword.internal.KeywordExecutor.executeKeywordForPlatform(KeywordExecutor.groovy:53)
	at com.kms.katalon.core.keyword.BuiltinKeywords.verifyEqual(BuiltinKeywords.groovy:141)
	at Cart flyout - Price comparison - fr.run(Cart flyout - Price comparison - fr:193)
	at com.kms.katalon.core.main.ScriptEngine.run(ScriptEngine.java:194)
	at com.kms.katalon.core.main.ScriptEngine.runScriptAsRawText(ScriptEngine.java:119)
	at com.kms.katalon.core.main.TestCaseExecutor.runScript(TestCaseExecutor.java:328)
	at com.kms.katalon.core.main.TestCaseExecutor.doExecute(TestCaseExecutor.java:319)
	at com.kms.katalon.core.main.TestCaseExecutor.processExecutionPhase(TestCaseExecutor.java:298)
	at com.kms.katalon.core.main.TestCaseExecutor.accessMainPhase(TestCaseExecutor.java:290)
	at com.kms.katalon.core.main.TestCaseExecutor.execute(TestCaseExecutor.java:224)
	at com.kms.katalon.core.main.TestSuiteExecutor.accessTestCaseMainPhase(TestSuiteExecutor.java:129)
	at com.kms.katalon.core.main.TestSuiteExecutor.accessTestSuiteMainPhase(TestSuiteExecutor.java:112)
	at com.kms.katalon.core.main.TestSuiteExecutor.execute(TestSuiteExecutor.java:81)
	at com.kms.katalon.core.main.TestCaseMain.startTestSuite(TestCaseMain.java:149)
	at com.kms.katalon.core.main.TestCaseMain$startTestSuite$0.call(Unknown Source)
	at TempTestSuite1561754394056.run(TempTestSuite1561754394056.groovy:36)
"/>
         <system-out><![CDATA[2019-06-28 16:53:30 - [TEST_CASE][FAILED] - Test Cases/OCS- FRENCH/CRITICAL PATH/Cart flyout - Price comparison - fr: Test Cases/OCS- FRENCH/CRITICAL PATH/Cart flyout - Price comparison - fr FAILED.
Reason:
com.kms.katalon.core.exception.StepFailedException: Unable to verify equal between actual object '45' and expected object '






45' (Root cause: com.kms.katalon.core.exception.StepFailedException: Actual object '45' and expected object '






45' are not equal)
	at com.kms.katalon.core.keyword.internal.KeywordMain.stepFailed(KeywordMain.groovy:36)
	at com.kms.katalon.core.keyword.internal.KeywordMain.stepFailed(KeywordMain.groovy)
	at com.kms.katalon.core.keyword.internal.KeywordMain.runKeyword(KeywordMain.groovy:56)
	at com.kms.katalon.core.keyword.builtin.VerifyEqualKeyword.verifyEqual(VerifyEqualKeyword.groovy:63)
	at com.kms.katalon.core.keyword.builtin.VerifyEqualKeyword.execute(VerifyEqualKeyword.groovy:44)
	at com.kms.katalon.core.keyword.internal.KeywordExecutor.executeKeywordForPlatform(KeywordExecutor.groovy:53)
	at com.kms.katalon.core.keyword.BuiltinKeywords.verifyEqual(BuiltinKeywords.groovy:141)
	at Cart flyout - Price comparison - fr.run(Cart flyout - Price comparison - fr:193)
	at com.kms.katalon.core.main.ScriptEngine.run(ScriptEngine.java:194)
	at com.kms.katalon.core.main.ScriptEngine.runScriptAsRawText(ScriptEngine.java:119)
	at com.kms.katalon.core.main.TestCaseExecutor.runScript(TestCaseExecutor.java:328)
	at com.kms.katalon.core.main.TestCaseExecutor.doExecute(TestCaseExecutor.java:319)
	at com.kms.katalon.core.main.TestCaseExecutor.processExecutionPhase(TestCaseExecutor.java:298)
	at com.kms.katalon.core.main.TestCaseExecutor.accessMainPhase(TestCaseExecutor.java:290)
	at com.kms.katalon.core.main.TestCaseExecutor.execute(TestCaseExecutor.java:224)
	at com.kms.katalon.core.main.TestSuiteExecutor.accessTestCaseMainPhase(TestSuiteExecutor.java:129)
	at com.kms.katalon.core.main.TestSuiteExecutor.accessTestSuiteMainPhase(TestSuiteExecutor.java:112)
	at com.kms.katalon.core.main.TestSuiteExecutor.execute(TestSuiteExecutor.java:81)
	at com.kms.katalon.core.main.TestCaseMain.startTestSuite(TestCaseMain.java:149)
	at com.kms.katalon.core.main.TestCaseMain$startTestSuite$0.call(Unknown Source)
	at TempTestSuite1561754394056.run(TempTestSuite1561754394056.groovy:36)


2019-06-28 16:53:30 - [TEST_STEP][PASSED] - callTestCase(findTestCase("OCS - MOBILE/CALL - AGE GATE"), [:], STOP_ON_FAILURE): Call Test Case 'Test Cases/OCS - MOBILE/CALL - AGE GATE' successfully

2019-06-28 16:53:30 - [TEST_CASE][PASSED] - Test Cases/OCS - MOBILE/CALL - AGE GATE: Test Cases/OCS - MOBILE/CALL - AGE GATE

2019-06-28 16:53:30 - [TEST_STEP][PASSED] - openBrowser(""): Browser is opened with url: ''

2019-06-28 16:53:30 - [MESSAGE][WARNING] - A browser is already opened. Closing browser and opening a new one

2019-06-28 16:53:30 - [MESSAGE][INFO] - Starting 'Safari' driver

2019-06-28 16:53:31 - [MESSAGE][PASSED] - Browser is opened with url: ''

2019-06-28 16:53:31 - [TEST_STEP][PASSED] - navigateToUrl("ocs.ca"): Navigate to 'http://ocs.ca' successfully

2019-06-28 16:53:33 - [MESSAGE][PASSED] - Navigate to 'http://ocs.ca' successfully

2019-06-28 16:53:33 - [TEST_STEP][NOT_RUN] - executeJavaScript("var previewBar = document.getElementById("preview-bar-iframe"); previewBar.style.display = "none";", []): NOT_RUN: executeJavaScript("var previewBar = document.getElementById("preview-bar-iframe"); previewBar.style.display = "none";", [])

2019-06-28 16:53:33 - [MESSAGE][NOT_RUN] - NOT_RUN: executeJavaScript("var previewBar = document.getElementById("preview-bar-iframe"); previewBar.style.display = "none";", [])

2019-06-28 16:53:33 - [TEST_STEP][PASSED] - setViewPortSize(360, 800): Viewport is set to new size with width = 360 and height = 800

2019-06-28 16:53:33 - [MESSAGE][PASSED] - Viewport is set to new size with width = 360 and height = 800

2019-06-28 16:53:33 - [TEST_STEP][PASSED] - delay(4): Delayed 4 second(s)

2019-06-28 16:53:37 - [MESSAGE][PASSED] - Delayed 4 second(s)

2019-06-28 16:53:37 - [TEST_STEP][PASSED] - selectOptionByValue(findTestObject("OCS-MOBILE /Age gate and burger menu/Date"), "12", true): All options with value '12' are selected in object 'Object Repository/OCS-MOBILE /Age gate and burger menu/Date'  using regular expression

2019-06-28 16:53:37 - [MESSAGE][PASSED] - All options with value '12' are selected in object 'Object Repository/OCS-MOBILE /Age gate and burger menu/Date'  using regular expression

2019-06-28 16:53:37 - [TEST_STEP][PASSED] - selectOptionByValue(findTestObject("OCS-MOBILE /Age gate and burger menu/month"), "6", true): All options with value '6' are selected in object 'Object Repository/OCS-MOBILE /Age gate and burger menu/month'  using regular expression

2019-06-28 16:53:37 - [MESSAGE][PASSED] - All options with value '6' are selected in object 'Object Repository/OCS-MOBILE /Age gate and burger menu/month'  using regular expression

2019-06-28 16:53:37 - [TEST_STEP][PASSED] - delay(2): Delayed 2 second(s)

2019-06-28 16:53:39 - [MESSAGE][PASSED] - Delayed 2 second(s)

2019-06-28 16:53:39 - [TEST_STEP][PASSED] - selectOptionByValue(findTestObject("OCS-MOBILE /Age gate and burger menu/Year Dropdown"), "1990", true): All options with value '1990' are selected in object 'Object Repository/OCS-MOBILE /Age gate and burger menu/Year Dropdown'  using regular expression

2019-06-28 16:53:41 - [MESSAGE][PASSED] - All options with value '1990' are selected in object 'Object Repository/OCS-MOBILE /Age gate and burger menu/Year Dropdown'  using regular expression

2019-06-28 16:53:41 - [TEST_STEP][PASSED] - click(findTestObject("OCS-MOBILE /Age gate and Mega menu/button_Verify")): Object: 'Object Repository/OCS-MOBILE /Age gate and Mega menu/button_Verify' is clicked on

2019-06-28 16:53:41 - [MESSAGE][PASSED] - Object: 'Object Repository/OCS-MOBILE /Age gate and Mega menu/button_Verify' is clicked on

2019-06-28 16:53:41 - [TEST_STEP][PASSED] - click(findTestObject("OCS-MOBILE /Age gate and Mega menu/Checkbox_CONFIRM AND ACKNOWLEDGE")): Object: 'Object Repository/OCS-MOBILE /Age gate and Mega menu/Checkbox_CONFIRM AND ACKNOWLEDGE' is clicked on

2019-06-28 16:53:41 - [MESSAGE][PASSED] - Object: 'Object Repository/OCS-MOBILE /Age gate and Mega menu/Checkbox_CONFIRM AND ACKNOWLEDGE' is clicked on

2019-06-28 16:53:41 - [TEST_STEP][PASSED] - click(findTestObject("OCS-MOBILE /Age gate and Mega menu/button_CONFIRM")): Object: 'Object Repository/OCS-MOBILE /Age gate and Mega menu/button_CONFIRM' is clicked on

2019-06-28 16:53:41 - [MESSAGE][PASSED] - Object: 'Object Repository/OCS-MOBILE /Age gate and Mega menu/button_CONFIRM' is clicked on

2019-06-28 16:53:41 - [TEST_STEP][PASSED] - click(findTestObject("OCS-MOBILE /Age gate and Mega menu/button_Start Browsing")): Object: 'Object Repository/OCS-MOBILE /Age gate and Mega menu/button_Start Browsing' is clicked on

2019-06-28 16:53:41 - [MESSAGE][PASSED] - Object: 'Object Repository/OCS-MOBILE /Age gate and Mega menu/button_Start Browsing' is clicked on

2019-06-28 16:53:41 - [TEST_STEP][PASSED] - refresh(): Refresh successfully

2019-06-28 16:53:44 - [MESSAGE][PASSED] - Refresh successfully

2019-06-28 16:53:44 - [TEST_STEP][NOT_RUN] - executeJavaScript("var previewBar = document.getElementById("preview-bar-iframe"); previewBar.style.display = "none";", []): NOT_RUN: executeJavaScript("var previewBar = document.getElementById("preview-bar-iframe"); previewBar.style.display = "none";", [])

2019-06-28 16:53:44 - [MESSAGE][NOT_RUN] - NOT_RUN: executeJavaScript("var previewBar = document.getElementById("preview-bar-iframe"); previewBar.style.display = "none";", [])

2019-06-28 16:53:44 - [MESSAGE][PASSED] - Call Test Case 'Test Cases/OCS - MOBILE/CALL - AGE GATE' successfully

2019-06-28 16:53:44 - [TEST_STEP][PASSED] - callTestCase(findTestCase("OCS - MOBILE/CALL- TOGGLING LANGUAGE"), [:], STOP_ON_FAILURE): Call Test Case 'Test Cases/OCS - MOBILE/CALL- TOGGLING LANGUAGE' successfully

2019-06-28 16:53:44 - [TEST_CASE][PASSED] - Test Cases/OCS - MOBILE/CALL- TOGGLING LANGUAGE: Test Cases/OCS - MOBILE/CALL- TOGGLING LANGUAGE

2019-06-28 16:53:44 - [TEST_STEP][PASSED] - delay(2): Delayed 2 second(s)

2019-06-28 16:53:46 - [MESSAGE][PASSED] - Delayed 2 second(s)

2019-06-28 16:53:46 - [TEST_STEP][PASSED] - click(findTestObject("OCS-MOBILE /Age gate and burger menu/Burger menu - English")): Object: 'Object Repository/OCS-MOBILE /Age gate and burger menu/Burger menu - English' is clicked on

2019-06-28 16:53:46 - [MESSAGE][PASSED] - Object: 'Object Repository/OCS-MOBILE /Age gate and burger menu/Burger menu - English' is clicked on

2019-06-28 16:53:46 - [TEST_STEP][PASSED] - delay(2): Delayed 2 second(s)

2019-06-28 16:53:48 - [MESSAGE][PASSED] - Delayed 2 second(s)

2019-06-28 16:53:48 - [TEST_STEP][PASSED] - click(findTestObject("OCS-MOBILE /Cart flyout/English dropdown")): Object: 'Object Repository/OCS-MOBILE /Cart flyout/English dropdown' is clicked on

2019-06-28 16:53:48 - [MESSAGE][PASSED] - Object: 'Object Repository/OCS-MOBILE /Cart flyout/English dropdown' is clicked on

2019-06-28 16:53:48 - [TEST_STEP][PASSED] - delay(2): Delayed 2 second(s)

2019-06-28 16:53:50 - [MESSAGE][PASSED] - Delayed 2 second(s)

2019-06-28 16:53:50 - [TEST_STEP][NOT_RUN] - executeJavaScript("var previewBar = document.getElementById("preview-bar-iframe"); previewBar.style.display = "none";", []): NOT_RUN: executeJavaScript("var previewBar = document.getElementById("preview-bar-iframe"); previewBar.style.display = "none";", [])

2019-06-28 16:53:50 - [MESSAGE][NOT_RUN] - NOT_RUN: executeJavaScript("var previewBar = document.getElementById("preview-bar-iframe"); previewBar.style.display = "none";", [])

2019-06-28 16:53:50 - [TEST_STEP][PASSED] - click(findTestObject("OCS-MOBILE /Cart flyout/Select French")): Object: 'Object Repository/OCS-MOBILE /Cart flyout/Select French' is clicked on

2019-06-28 16:53:50 - [MESSAGE][PASSED] - Object: 'Object Repository/OCS-MOBILE /Cart flyout/Select French' is clicked on

2019-06-28 16:53:50 - [MESSAGE][PASSED] - Call Test Case 'Test Cases/OCS - MOBILE/CALL- TOGGLING LANGUAGE' successfully

2019-06-28 16:53:50 - [TEST_STEP][PASSED] - delay(2): Delayed 2 second(s)

2019-06-28 16:53:52 - [MESSAGE][PASSED] - Delayed 2 second(s)

2019-06-28 16:53:52 - [TEST_STEP][PASSED] - click(findTestObject("OCS-MOBILE /Age gate and burger menu/Burger menu - English")): Object: 'Object Repository/OCS-MOBILE /Age gate and burger menu/Burger menu - English' is clicked on

2019-06-28 16:53:53 - [MESSAGE][PASSED] - Object: 'Object Repository/OCS-MOBILE /Age gate and burger menu/Burger menu - English' is clicked on

2019-06-28 16:53:53 - [TEST_STEP][PASSED] - delay(2): Delayed 2 second(s)

2019-06-28 16:53:55 - [MESSAGE][PASSED] - Delayed 2 second(s)

2019-06-28 16:53:55 - [TEST_STEP][PASSED] - click(findTestObject("OCS-MOBILE /Age gate and burger menu/Chevron_Cannabis")): Object: 'Object Repository/OCS-MOBILE /Age gate and burger menu/Chevron_Cannabis' is clicked on

2019-06-28 16:53:55 - [MESSAGE][PASSED] - Object: 'Object Repository/OCS-MOBILE /Age gate and burger menu/Chevron_Cannabis' is clicked on

2019-06-28 16:53:55 - [TEST_STEP][PASSED] - delay(2): Delayed 2 second(s)

2019-06-28 16:53:57 - [MESSAGE][PASSED] - Delayed 2 second(s)

2019-06-28 16:53:57 - [TEST_STEP][PASSED] - click(findTestObject("OCS-MOBILE /Age gate and burger menu/Dried Flower_Plus icon")): Object: 'Object Repository/OCS-MOBILE /Age gate and burger menu/Dried Flower_Plus icon' is clicked on

2019-06-28 16:53:57 - [MESSAGE][PASSED] - Object: 'Object Repository/OCS-MOBILE /Age gate and burger menu/Dried Flower_Plus icon' is clicked on

2019-06-28 16:53:57 - [TEST_STEP][PASSED] - delay(2): Delayed 2 second(s)

2019-06-28 16:53:59 - [MESSAGE][PASSED] - Delayed 2 second(s)

2019-06-28 16:53:59 - [TEST_STEP][PASSED] - click(findTestObject("OCS- FRENCH/Indica Dominant_Menu item")): Object: 'Object Repository/OCS- FRENCH/Indica Dominant_Menu item' is clicked on

2019-06-28 16:53:59 - [MESSAGE][PASSED] - Object: 'Object Repository/OCS- FRENCH/Indica Dominant_Menu item' is clicked on

2019-06-28 16:53:59 - [TEST_STEP][NOT_RUN] - executeJavaScript("var previewBar = document.getElementById("preview-bar-iframe"); previewBar.style.display = "none";", []): NOT_RUN: executeJavaScript("var previewBar = document.getElementById("preview-bar-iframe"); previewBar.style.display = "none";", [])

2019-06-28 16:53:59 - [MESSAGE][NOT_RUN] - NOT_RUN: executeJavaScript("var previewBar = document.getElementById("preview-bar-iframe"); previewBar.style.display = "none";", [])

2019-06-28 16:53:59 - [TEST_STEP][PASSED] - delay(2): Delayed 2 second(s)

2019-06-28 16:54:01 - [MESSAGE][PASSED] - Delayed 2 second(s)

2019-06-28 16:54:01 - [TEST_STEP][PASSED] - click(findTestObject("OCS- FRENCH/Product image - 1st one")): Object: 'Object Repository/OCS- FRENCH/Product image - 1st one' is clicked on

2019-06-28 16:54:04 - [MESSAGE][PASSED] - Object: 'Object Repository/OCS- FRENCH/Product image - 1st one' is clicked on

2019-06-28 16:54:04 - [TEST_STEP][NOT_RUN] - executeJavaScript("var previewBar = document.getElementById("preview-bar-iframe"); previewBar.style.display = "none";", []): NOT_RUN: executeJavaScript("var previewBar = document.getElementById("preview-bar-iframe"); previewBar.style.display = "none";", [])

2019-06-28 16:54:04 - [MESSAGE][NOT_RUN] - NOT_RUN: executeJavaScript("var previewBar = document.getElementById("preview-bar-iframe"); previewBar.style.display = "none";", [])

2019-06-28 16:54:04 - [TEST_STEP][PASSED] - delay(2): Delayed 2 second(s)

2019-06-28 16:54:06 - [MESSAGE][PASSED] - Delayed 2 second(s)

2019-06-28 16:54:06 - [TEST_STEP][PASSED] - click(findTestObject("OCS-MOBILE /Product page/Swatch_1g")): Object: 'Object Repository/OCS-MOBILE /Product page/Swatch_1g' is clicked on

2019-06-28 16:54:06 - [MESSAGE][PASSED] - Object: 'Object Repository/OCS-MOBILE /Product page/Swatch_1g' is clicked on

2019-06-28 16:54:06 - [TEST_STEP][PASSED] - delay(2): Delayed 2 second(s)

2019-06-28 16:54:08 - [MESSAGE][PASSED] - Delayed 2 second(s)

2019-06-28 16:54:08 - [TEST_STEP][PASSED] - click(findTestObject("OCS-MOBILE /Product page/Add to Bag-button")): Object: 'Object Repository/OCS-MOBILE /Product page/Add to Bag-button' is clicked on

2019-06-28 16:54:08 - [MESSAGE][PASSED] - Object: 'Object Repository/OCS-MOBILE /Product page/Add to Bag-button' is clicked on

2019-06-28 16:54:08 - [TEST_STEP][PASSED] - delay(4): Delayed 4 second(s)

2019-06-28 16:54:12 - [MESSAGE][PASSED] - Delayed 4 second(s)

2019-06-28 16:54:12 - [TEST_STEP][NOT_RUN] - click(findTestObject("OCS-MOBILE /Home - page/Cart icon -bag")): NOT_RUN: click(findTestObject("OCS-MOBILE /Home - page/Cart icon -bag"))

2019-06-28 16:54:12 - [MESSAGE][NOT_RUN] - NOT_RUN: click(findTestObject("OCS-MOBILE /Home - page/Cart icon -bag"))

2019-06-28 16:54:12 - [TEST_STEP][PASSED] - delay(4, OPTIONAL): Delayed 4 second(s)

2019-06-28 16:54:16 - [MESSAGE][PASSED] - Delayed 4 second(s)

2019-06-28 16:54:16 - [TEST_STEP][PASSED] - click(findTestObject("OCS-MOBILE /Cart flyout/Back icon")): Object: 'Object Repository/OCS-MOBILE /Cart flyout/Back icon' is clicked on

2019-06-28 16:54:16 - [MESSAGE][PASSED] - Object: 'Object Repository/OCS-MOBILE /Cart flyout/Back icon' is clicked on

2019-06-28 16:54:16 - [TEST_STEP][PASSED] - delay(2): Delayed 2 second(s)

2019-06-28 16:54:18 - [MESSAGE][PASSED] - Delayed 2 second(s)

2019-06-28 16:54:18 - [TEST_STEP][PASSED] - click(findTestObject("OCS-MOBILE /Product page/Swatch_3.5g"), CONTINUE_ON_FAILURE): Object: 'Object Repository/OCS-MOBILE /Product page/Swatch_3.5g' is clicked on

2019-06-28 16:54:18 - [MESSAGE][PASSED] - Object: 'Object Repository/OCS-MOBILE /Product page/Swatch_3.5g' is clicked on

2019-06-28 16:54:18 - [TEST_STEP][PASSED] - delay(2): Delayed 2 second(s)

2019-06-28 16:54:20 - [MESSAGE][PASSED] - Delayed 2 second(s)

2019-06-28 16:54:20 - [TEST_STEP][PASSED] - click(findTestObject("OCS-MOBILE /Product page/Add to Bag-button")): Object: 'Object Repository/OCS-MOBILE /Product page/Add to Bag-button' is clicked on

2019-06-28 16:54:20 - [MESSAGE][PASSED] - Object: 'Object Repository/OCS-MOBILE /Product page/Add to Bag-button' is clicked on

2019-06-28 16:54:20 - [TEST_STEP][PASSED] - delay(3): Delayed 3 second(s)

2019-06-28 16:54:23 - [MESSAGE][PASSED] - Delayed 3 second(s)

2019-06-28 16:54:23 - [TEST_STEP][NOT_RUN] - click(findTestObject("OCS-MOBILE /Home - page/Cart icon -bag")): NOT_RUN: click(findTestObject("OCS-MOBILE /Home - page/Cart icon -bag"))

2019-06-28 16:54:23 - [MESSAGE][NOT_RUN] - NOT_RUN: click(findTestObject("OCS-MOBILE /Home - page/Cart icon -bag"))

2019-06-28 16:54:23 - [TEST_STEP][PASSED] - delay(2): Delayed 2 second(s)

2019-06-28 16:54:25 - [MESSAGE][PASSED] - Delayed 2 second(s)

2019-06-28 16:54:25 - [TEST_STEP][PASSED] - k = getText(findTestObject("OCS-MOBILE /Cart flyout/Unit price - 1st Product")): Text of object 'Object Repository/OCS-MOBILE /Cart flyout/Unit price - 1st Product' is: '






35,00 $'

2019-06-28 16:54:25 - [MESSAGE][PASSED] - Text of object 'Object Repository/OCS-MOBILE /Cart flyout/Unit price - 1st Product' is: '






35,00 $'

2019-06-28 16:54:25 - [TEST_STEP][PASSED] - delay(2): Delayed 2 second(s)

2019-06-28 16:54:27 - [MESSAGE][PASSED] - Delayed 2 second(s)

2019-06-28 16:54:27 - [TEST_STEP][PASSED] - a = getText(findTestObject("OCS-MOBILE /Cart flyout/Unit price - 2nd Product")): Text of object 'Object Repository/OCS-MOBILE /Cart flyout/Unit price - 2nd Product' is: '






10,50 $'

2019-06-28 16:54:27 - [MESSAGE][PASSED] - Text of object 'Object Repository/OCS-MOBILE /Cart flyout/Unit price - 2nd Product' is: '






10,50 $'

2019-06-28 16:54:27 - [TEST_STEP][PASSED] - delay(2): Delayed 2 second(s)

2019-06-28 16:54:29 - [MESSAGE][PASSED] - Delayed 2 second(s)

2019-06-28 16:54:29 - [TEST_STEP][PASSED] - a1 = k.substring(0, k.length() - 1): null

2019-06-28 16:54:29 - [TEST_STEP][PASSED] - comment("a1 = " + a1): a1 = 






35,00 

2019-06-28 16:54:29 - [MESSAGE][INFO] - a1 = 






35,00 

2019-06-28 16:54:29 - [TEST_STEP][PASSED] - x1 = a1.substring(0, a1.length() - 1): null

2019-06-28 16:54:29 - [TEST_STEP][PASSED] - comment("x1 = " + x1): x1 = 






35,00

2019-06-28 16:54:29 - [MESSAGE][INFO] - x1 = 






35,00

2019-06-28 16:54:29 - [TEST_STEP][PASSED] - x2 = x1.substring(0, x1.length() - 1): null

2019-06-28 16:54:29 - [TEST_STEP][PASSED] - comment("x2 = " + x2): x2 = 






35,0

2019-06-28 16:54:29 - [MESSAGE][INFO] - x2 = 






35,0

2019-06-28 16:54:29 - [TEST_STEP][PASSED] - x3 = x2.substring(0, x2.length() - 1): null

2019-06-28 16:54:29 - [TEST_STEP][PASSED] - comment("x3 = " + x3): x3 = 






35,

2019-06-28 16:54:29 - [MESSAGE][INFO] - x3 = 






35,

2019-06-28 16:54:29 - [TEST_STEP][PASSED] - x6 = x3.substring(0, x3.length() - 1): null

2019-06-28 16:54:29 - [TEST_STEP][PASSED] - comment("x6 = " + x6): x6 = 






35

2019-06-28 16:54:29 - [MESSAGE][INFO] - x6 = 






35

2019-06-28 16:54:29 - [TEST_STEP][PASSED] - a2 = a.substring(0, a.length() - 1): null

2019-06-28 16:54:29 - [TEST_STEP][PASSED] - comment("a2 = " + a2): a2 = 






10,50 

2019-06-28 16:54:29 - [MESSAGE][INFO] - a2 = 






10,50 

2019-06-28 16:54:29 - [TEST_STEP][PASSED] - y1 = a2.substring(0, a2.length() - 1): null

2019-06-28 16:54:29 - [TEST_STEP][PASSED] - comment("y1 = " + y1): y1 = 






10,50

2019-06-28 16:54:29 - [MESSAGE][INFO] - y1 = 






10,50

2019-06-28 16:54:29 - [TEST_STEP][PASSED] - y2 = y1.substring(0, y1.length() - 1): null

2019-06-28 16:54:29 - [TEST_STEP][PASSED] - comment("y2 = " + y2): y2 = 






10,5

2019-06-28 16:54:29 - [MESSAGE][INFO] - y2 = 






10,5

2019-06-28 16:54:29 - [TEST_STEP][PASSED] - y3 = y2.substring(0, y2.length() - 1): null

2019-06-28 16:54:29 - [TEST_STEP][PASSED] - comment("y3 = " + y3): y3 = 






10,

2019-06-28 16:54:29 - [MESSAGE][INFO] - y3 = 






10,

2019-06-28 16:54:29 - [TEST_STEP][PASSED] - y4 = y3.substring(0, y3.length() - 1): null

2019-06-28 16:54:29 - [TEST_STEP][PASSED] - comment("y4 = " + y4): y4 = 






10

2019-06-28 16:54:29 - [MESSAGE][INFO] - y4 = 






10

2019-06-28 16:54:29 - [TEST_STEP][PASSED] - p1 = <not implemented yet for class: org.codehaus.groovy.ast.expr.EmptyExpression>: null

2019-06-28 16:54:29 - [TEST_STEP][PASSED] - p2 = <not implemented yet for class: org.codehaus.groovy.ast.expr.EmptyExpression>: null

2019-06-28 16:54:29 - [TEST_STEP][PASSED] - try: p1=35.0

2019-06-28 16:54:29 - [TEST_STEP][PASSED] - str = x6: null

2019-06-28 16:54:29 - [TEST_STEP][PASSED] - comment("str=" + str): str=






35

2019-06-28 16:54:29 - [MESSAGE][INFO] - str=






35

2019-06-28 16:54:29 - [TEST_STEP][PASSED] - p1 = Double.valueOf(str): null

2019-06-28 16:54:29 - [TEST_STEP][PASSED] - comment("p1=" + p1): p1=35.0

2019-06-28 16:54:29 - [MESSAGE][INFO] - p1=35.0

2019-06-28 16:54:29 - [TEST_STEP][PASSED] - try: p2=10.0

2019-06-28 16:54:29 - [TEST_STEP][PASSED] - str5 = y4: null

2019-06-28 16:54:29 - [TEST_STEP][PASSED] - comment("str5=" + str5): str5=






10

2019-06-28 16:54:29 - [MESSAGE][INFO] - str5=






10

2019-06-28 16:54:29 - [TEST_STEP][PASSED] - p2 = Double.valueOf(str5): null

2019-06-28 16:54:29 - [TEST_STEP][PASSED] - comment("p2=" + p2): p2=10.0

2019-06-28 16:54:29 - [MESSAGE][INFO] - p2=10.0

2019-06-28 16:54:29 - [TEST_STEP][PASSED] - total = p1 + p2: null

2019-06-28 16:54:29 - [TEST_STEP][PASSED] - comment("total =" + total): total =45.0

2019-06-28 16:54:29 - [MESSAGE][INFO] - total =45.0

2019-06-28 16:54:29 - [TEST_STEP][NOT_RUN] - executeJavaScript("var previewBar = document.getElementById("preview-bar-iframe"); previewBar.style.display = "none";", []): NOT_RUN: executeJavaScript("var previewBar = document.getElementById("preview-bar-iframe"); previewBar.style.display = "none";", [])

2019-06-28 16:54:29 - [MESSAGE][NOT_RUN] - NOT_RUN: executeJavaScript("var previewBar = document.getElementById("preview-bar-iframe"); previewBar.style.display = "none";", [])

2019-06-28 16:54:29 - [TEST_STEP][PASSED] - amount = getText(findTestObject("OCS-MOBILE /Cart flyout/Sub-total Price")): Text of object 'Object Repository/OCS-MOBILE /Cart flyout/Sub-total Price' is: '






45,50 $'

2019-06-28 16:54:29 - [MESSAGE][PASSED] - Text of object 'Object Repository/OCS-MOBILE /Cart flyout/Sub-total Price' is: '






45,50 $'

2019-06-28 16:54:29 - [TEST_STEP][PASSED] - delay(2): Delayed 2 second(s)

2019-06-28 16:54:31 - [MESSAGE][PASSED] - Delayed 2 second(s)

2019-06-28 16:54:31 - [TEST_STEP][PASSED] - comment("amount =" + amount): amount =






45,50 $

2019-06-28 16:54:31 - [MESSAGE][INFO] - amount =






45,50 $

2019-06-28 16:54:31 - [TEST_STEP][PASSED] - a3 = amount.substring(0, amount.length() - 1): null

2019-06-28 16:54:31 - [TEST_STEP][PASSED] - comment("a3 = " + a3): a3 = 






45,50 

2019-06-28 16:54:31 - [MESSAGE][INFO] - a3 = 






45,50 

2019-06-28 16:54:31 - [TEST_STEP][PASSED] - z1 = a3.substring(0, a3.length() - 1): null

2019-06-28 16:54:31 - [TEST_STEP][PASSED] - comment("z1 = " + z1): z1 = 






45,50

2019-06-28 16:54:31 - [MESSAGE][INFO] - z1 = 






45,50

2019-06-28 16:54:31 - [TEST_STEP][PASSED] - z2 = z1.substring(0, z1.length() - 1): null

2019-06-28 16:54:31 - [TEST_STEP][PASSED] - comment("z2 = " + z2): z2 = 






45,5

2019-06-28 16:54:31 - [MESSAGE][INFO] - z2 = 






45,5

2019-06-28 16:54:31 - [TEST_STEP][PASSED] - z3 = z2.substring(0, z2.length() - 1): null

2019-06-28 16:54:31 - [TEST_STEP][PASSED] - comment("z3 = " + z3): z3 = 






45,

2019-06-28 16:54:31 - [MESSAGE][INFO] - z3 = 






45,

2019-06-28 16:54:31 - [TEST_STEP][PASSED] - z4 = z3.substring(0, z3.length() - 1): null

2019-06-28 16:54:31 - [TEST_STEP][PASSED] - comment("z4 = " + z4): z4 = 






45

2019-06-28 16:54:31 - [MESSAGE][INFO] - z4 = 






45

2019-06-28 16:54:31 - [TEST_STEP][FAILED] - verifyEqual(total, z4): verifyEqual(total, z4) FAILED.
Reason:
com.kms.katalon.core.exception.StepFailedException: Unable to verify equal between actual object '45' and expected object '






45' (Root cause: com.kms.katalon.core.exception.StepFailedException: Actual object '45' and expected object '






45' are not equal)
	at com.kms.katalon.core.keyword.internal.KeywordMain.stepFailed(KeywordMain.groovy:36)
	at com.kms.katalon.core.keyword.internal.KeywordMain.stepFailed(KeywordMain.groovy)
	at com.kms.katalon.core.keyword.internal.KeywordMain.runKeyword(KeywordMain.groovy:56)
	at com.kms.katalon.core.keyword.builtin.VerifyEqualKeyword.verifyEqual(VerifyEqualKeyword.groovy:63)
	at com.kms.katalon.core.keyword.builtin.VerifyEqualKeyword.execute(VerifyEqualKeyword.groovy:44)
	at com.kms.katalon.core.keyword.internal.KeywordExecutor.executeKeywordForPlatform(KeywordExecutor.groovy:53)
	at com.kms.katalon.core.keyword.BuiltinKeywords.verifyEqual(BuiltinKeywords.groovy:141)
	at Cart flyout - Price comparison - fr.run(Cart flyout - Price comparison - fr:193)
	at com.kms.katalon.core.main.ScriptEngine.run(ScriptEngine.java:194)
	at com.kms.katalon.core.main.ScriptEngine.runScriptAsRawText(ScriptEngine.java:119)
	at com.kms.katalon.core.main.TestCaseExecutor.runScript(TestCaseExecutor.java:328)
	at com.kms.katalon.core.main.TestCaseExecutor.doExecute(TestCaseExecutor.java:319)
	at com.kms.katalon.core.main.TestCaseExecutor.processExecutionPhase(TestCaseExecutor.java:298)
	at com.kms.katalon.core.main.TestCaseExecutor.accessMainPhase(TestCaseExecutor.java:290)
	at com.kms.katalon.core.main.TestCaseExecutor.execute(TestCaseExecutor.java:224)
	at com.kms.katalon.core.main.TestSuiteExecutor.accessTestCaseMainPhase(TestSuiteExecutor.java:129)
	at com.kms.katalon.core.main.TestSuiteExecutor.accessTestSuiteMainPhase(TestSuiteExecutor.java:112)
	at com.kms.katalon.core.main.TestSuiteExecutor.execute(TestSuiteExecutor.java:81)
	at com.kms.katalon.core.main.TestCaseMain.startTestSuite(TestCaseMain.java:149)
	at com.kms.katalon.core.main.TestCaseMain$startTestSuite$0.call(Unknown Source)
	at TempTestSuite1561754394056.run(TempTestSuite1561754394056.groovy:36)


2019-06-28 16:54:31 - [MESSAGE][FAILED] - Unable to verify equal between actual object '45' and expected object '






45' (Root cause: com.kms.katalon.core.exception.StepFailedException: Actual object '45' and expected object '






45' are not equal)

2019-06-28 16:54:31 - [MESSAGE][FAILED] - verifyEqual(total, z4) FAILED.
Reason:
com.kms.katalon.core.exception.StepFailedException: Unable to verify equal between actual object '45' and expected object '






45' (Root cause: com.kms.katalon.core.exception.StepFailedException: Actual object '45' and expected object '






45' are not equal)
	at com.kms.katalon.core.keyword.internal.KeywordMain.stepFailed(KeywordMain.groovy:36)
	at com.kms.katalon.core.keyword.internal.KeywordMain.stepFailed(KeywordMain.groovy)
	at com.kms.katalon.core.keyword.internal.KeywordMain.runKeyword(KeywordMain.groovy:56)
	at com.kms.katalon.core.keyword.builtin.VerifyEqualKeyword.verifyEqual(VerifyEqualKeyword.groovy:63)
	at com.kms.katalon.core.keyword.builtin.VerifyEqualKeyword.execute(VerifyEqualKeyword.groovy:44)
	at com.kms.katalon.core.keyword.internal.KeywordExecutor.executeKeywordForPlatform(KeywordExecutor.groovy:53)
	at com.kms.katalon.core.keyword.BuiltinKeywords.verifyEqual(BuiltinKeywords.groovy:141)
	at Cart flyout - Price comparison - fr.run(Cart flyout - Price comparison - fr:193)
	at com.kms.katalon.core.main.ScriptEngine.run(ScriptEngine.java:194)
	at com.kms.katalon.core.main.ScriptEngine.runScriptAsRawText(ScriptEngine.java:119)
	at com.kms.katalon.core.main.TestCaseExecutor.runScript(TestCaseExecutor.java:328)
	at com.kms.katalon.core.main.TestCaseExecutor.doExecute(TestCaseExecutor.java:319)
	at com.kms.katalon.core.main.TestCaseExecutor.processExecutionPhase(TestCaseExecutor.java:298)
	at com.kms.katalon.core.main.TestCaseExecutor.accessMainPhase(TestCaseExecutor.java:290)
	at com.kms.katalon.core.main.TestCaseExecutor.execute(TestCaseExecutor.java:224)
	at com.kms.katalon.core.main.TestSuiteExecutor.accessTestCaseMainPhase(TestSuiteExecutor.java:129)
	at com.kms.katalon.core.main.TestSuiteExecutor.accessTestSuiteMainPhase(TestSuiteExecutor.java:112)
	at com.kms.katalon.core.main.TestSuiteExecutor.execute(TestSuiteExecutor.java:81)
	at com.kms.katalon.core.main.TestCaseMain.startTestSuite(TestCaseMain.java:149)
	at com.kms.katalon.core.main.TestCaseMain$startTestSuite$0.call(Unknown Source)
	at TempTestSuite1561754394056.run(TempTestSuite1561754394056.groovy:36)]]></system-out>
         <system-err><![CDATA[2019-06-28 16:53:30 - [TEST_CASE][FAILED] - Test Cases/OCS- FRENCH/CRITICAL PATH/Cart flyout - Price comparison - fr: Test Cases/OCS- FRENCH/CRITICAL PATH/Cart flyout - Price comparison - fr FAILED.
Reason:
com.kms.katalon.core.exception.StepFailedException: Unable to verify equal between actual object '45' and expected object '






45' (Root cause: com.kms.katalon.core.exception.StepFailedException: Actual object '45' and expected object '






45' are not equal)
	at com.kms.katalon.core.keyword.internal.KeywordMain.stepFailed(KeywordMain.groovy:36)
	at com.kms.katalon.core.keyword.internal.KeywordMain.stepFailed(KeywordMain.groovy)
	at com.kms.katalon.core.keyword.internal.KeywordMain.runKeyword(KeywordMain.groovy:56)
	at com.kms.katalon.core.keyword.builtin.VerifyEqualKeyword.verifyEqual(VerifyEqualKeyword.groovy:63)
	at com.kms.katalon.core.keyword.builtin.VerifyEqualKeyword.execute(VerifyEqualKeyword.groovy:44)
	at com.kms.katalon.core.keyword.internal.KeywordExecutor.executeKeywordForPlatform(KeywordExecutor.groovy:53)
	at com.kms.katalon.core.keyword.BuiltinKeywords.verifyEqual(BuiltinKeywords.groovy:141)
	at Cart flyout - Price comparison - fr.run(Cart flyout - Price comparison - fr:193)
	at com.kms.katalon.core.main.ScriptEngine.run(ScriptEngine.java:194)
	at com.kms.katalon.core.main.ScriptEngine.runScriptAsRawText(ScriptEngine.java:119)
	at com.kms.katalon.core.main.TestCaseExecutor.runScript(TestCaseExecutor.java:328)
	at com.kms.katalon.core.main.TestCaseExecutor.doExecute(TestCaseExecutor.java:319)
	at com.kms.katalon.core.main.TestCaseExecutor.processExecutionPhase(TestCaseExecutor.java:298)
	at com.kms.katalon.core.main.TestCaseExecutor.accessMainPhase(TestCaseExecutor.java:290)
	at com.kms.katalon.core.main.TestCaseExecutor.execute(TestCaseExecutor.java:224)
	at com.kms.katalon.core.main.TestSuiteExecutor.accessTestCaseMainPhase(TestSuiteExecutor.java:129)
	at com.kms.katalon.core.main.TestSuiteExecutor.accessTestSuiteMainPhase(TestSuiteExecutor.java:112)
	at com.kms.katalon.core.main.TestSuiteExecutor.execute(TestSuiteExecutor.java:81)
	at com.kms.katalon.core.main.TestCaseMain.startTestSuite(TestCaseMain.java:149)
	at com.kms.katalon.core.main.TestCaseMain$startTestSuite$0.call(Unknown Source)
	at TempTestSuite1561754394056.run(TempTestSuite1561754394056.groovy:36)]]></system-err>
      </testcase>
      <testcase name="Test Cases/OCS- FRENCH/CRITICAL PATH/cart page - decrease qty - fr" classname="Test Cases/OCS- FRENCH/CRITICAL PATH/cart page - decrease qty - fr" status="PASSED">
         <system-out><![CDATA[2019-06-28 16:54:31 - [TEST_CASE][PASSED] - Test Cases/OCS- FRENCH/CRITICAL PATH/cart page - decrease qty - fr: Test Cases/OCS- FRENCH/CRITICAL PATH/cart page - decrease qty - fr

2019-06-28 16:54:31 - [TEST_STEP][PASSED] - callTestCase(findTestCase("OCS - MOBILE/CALL - AGE GATE"), [:], STOP_ON_FAILURE): Call Test Case 'Test Cases/OCS - MOBILE/CALL - AGE GATE' successfully

2019-06-28 16:54:31 - [TEST_CASE][PASSED] - Test Cases/OCS - MOBILE/CALL - AGE GATE: Test Cases/OCS - MOBILE/CALL - AGE GATE

2019-06-28 16:54:31 - [TEST_STEP][PASSED] - openBrowser(""): Browser is opened with url: ''

2019-06-28 16:54:31 - [MESSAGE][WARNING] - A browser is already opened. Closing browser and opening a new one

2019-06-28 16:54:32 - [MESSAGE][INFO] - Starting 'Safari' driver

2019-06-28 16:54:32 - [MESSAGE][PASSED] - Browser is opened with url: ''

2019-06-28 16:54:32 - [TEST_STEP][PASSED] - navigateToUrl("ocs.ca"): Navigate to 'http://ocs.ca' successfully

2019-06-28 16:54:34 - [MESSAGE][PASSED] - Navigate to 'http://ocs.ca' successfully

2019-06-28 16:54:34 - [TEST_STEP][NOT_RUN] - executeJavaScript("var previewBar = document.getElementById("preview-bar-iframe"); previewBar.style.display = "none";", []): NOT_RUN: executeJavaScript("var previewBar = document.getElementById("preview-bar-iframe"); previewBar.style.display = "none";", [])

2019-06-28 16:54:34 - [MESSAGE][NOT_RUN] - NOT_RUN: executeJavaScript("var previewBar = document.getElementById("preview-bar-iframe"); previewBar.style.display = "none";", [])

2019-06-28 16:54:34 - [TEST_STEP][PASSED] - setViewPortSize(360, 800): Viewport is set to new size with width = 360 and height = 800

2019-06-28 16:54:34 - [MESSAGE][PASSED] - Viewport is set to new size with width = 360 and height = 800

2019-06-28 16:54:34 - [TEST_STEP][PASSED] - delay(4): Delayed 4 second(s)

2019-06-28 16:54:38 - [MESSAGE][PASSED] - Delayed 4 second(s)

2019-06-28 16:54:38 - [TEST_STEP][PASSED] - selectOptionByValue(findTestObject("OCS-MOBILE /Age gate and burger menu/Date"), "12", true): All options with value '12' are selected in object 'Object Repository/OCS-MOBILE /Age gate and burger menu/Date'  using regular expression

2019-06-28 16:54:38 - [MESSAGE][PASSED] - All options with value '12' are selected in object 'Object Repository/OCS-MOBILE /Age gate and burger menu/Date'  using regular expression

2019-06-28 16:54:38 - [TEST_STEP][PASSED] - selectOptionByValue(findTestObject("OCS-MOBILE /Age gate and burger menu/month"), "6", true): All options with value '6' are selected in object 'Object Repository/OCS-MOBILE /Age gate and burger menu/month'  using regular expression

2019-06-28 16:54:39 - [MESSAGE][PASSED] - All options with value '6' are selected in object 'Object Repository/OCS-MOBILE /Age gate and burger menu/month'  using regular expression

2019-06-28 16:54:39 - [TEST_STEP][PASSED] - delay(2): Delayed 2 second(s)

2019-06-28 16:54:41 - [MESSAGE][PASSED] - Delayed 2 second(s)

2019-06-28 16:54:41 - [TEST_STEP][PASSED] - selectOptionByValue(findTestObject("OCS-MOBILE /Age gate and burger menu/Year Dropdown"), "1990", true): All options with value '1990' are selected in object 'Object Repository/OCS-MOBILE /Age gate and burger menu/Year Dropdown'  using regular expression

2019-06-28 16:54:42 - [MESSAGE][PASSED] - All options with value '1990' are selected in object 'Object Repository/OCS-MOBILE /Age gate and burger menu/Year Dropdown'  using regular expression

2019-06-28 16:54:42 - [TEST_STEP][PASSED] - click(findTestObject("OCS-MOBILE /Age gate and Mega menu/button_Verify")): Object: 'Object Repository/OCS-MOBILE /Age gate and Mega menu/button_Verify' is clicked on

2019-06-28 16:54:42 - [MESSAGE][PASSED] - Object: 'Object Repository/OCS-MOBILE /Age gate and Mega menu/button_Verify' is clicked on

2019-06-28 16:54:42 - [TEST_STEP][PASSED] - click(findTestObject("OCS-MOBILE /Age gate and Mega menu/Checkbox_CONFIRM AND ACKNOWLEDGE")): Object: 'Object Repository/OCS-MOBILE /Age gate and Mega menu/Checkbox_CONFIRM AND ACKNOWLEDGE' is clicked on

2019-06-28 16:54:42 - [MESSAGE][PASSED] - Object: 'Object Repository/OCS-MOBILE /Age gate and Mega menu/Checkbox_CONFIRM AND ACKNOWLEDGE' is clicked on

2019-06-28 16:54:42 - [TEST_STEP][PASSED] - click(findTestObject("OCS-MOBILE /Age gate and Mega menu/button_CONFIRM")): Object: 'Object Repository/OCS-MOBILE /Age gate and Mega menu/button_CONFIRM' is clicked on

2019-06-28 16:54:42 - [MESSAGE][PASSED] - Object: 'Object Repository/OCS-MOBILE /Age gate and Mega menu/button_CONFIRM' is clicked on

2019-06-28 16:54:42 - [TEST_STEP][PASSED] - click(findTestObject("OCS-MOBILE /Age gate and Mega menu/button_Start Browsing")): Object: 'Object Repository/OCS-MOBILE /Age gate and Mega menu/button_Start Browsing' is clicked on

2019-06-28 16:54:42 - [MESSAGE][PASSED] - Object: 'Object Repository/OCS-MOBILE /Age gate and Mega menu/button_Start Browsing' is clicked on

2019-06-28 16:54:42 - [TEST_STEP][PASSED] - refresh(): Refresh successfully

2019-06-28 16:54:45 - [MESSAGE][PASSED] - Refresh successfully

2019-06-28 16:54:45 - [TEST_STEP][NOT_RUN] - executeJavaScript("var previewBar = document.getElementById("preview-bar-iframe"); previewBar.style.display = "none";", []): NOT_RUN: executeJavaScript("var previewBar = document.getElementById("preview-bar-iframe"); previewBar.style.display = "none";", [])

2019-06-28 16:54:45 - [MESSAGE][NOT_RUN] - NOT_RUN: executeJavaScript("var previewBar = document.getElementById("preview-bar-iframe"); previewBar.style.display = "none";", [])

2019-06-28 16:54:45 - [MESSAGE][PASSED] - Call Test Case 'Test Cases/OCS - MOBILE/CALL - AGE GATE' successfully

2019-06-28 16:54:45 - [TEST_STEP][PASSED] - callTestCase(findTestCase("OCS - MOBILE/CALL- TOGGLING LANGUAGE"), [:], STOP_ON_FAILURE): Call Test Case 'Test Cases/OCS - MOBILE/CALL- TOGGLING LANGUAGE' successfully

2019-06-28 16:54:45 - [TEST_CASE][PASSED] - Test Cases/OCS - MOBILE/CALL- TOGGLING LANGUAGE: Test Cases/OCS - MOBILE/CALL- TOGGLING LANGUAGE

2019-06-28 16:54:45 - [TEST_STEP][PASSED] - delay(2): Delayed 2 second(s)

2019-06-28 16:54:47 - [MESSAGE][PASSED] - Delayed 2 second(s)

2019-06-28 16:54:47 - [TEST_STEP][PASSED] - click(findTestObject("OCS-MOBILE /Age gate and burger menu/Burger menu - English")): Object: 'Object Repository/OCS-MOBILE /Age gate and burger menu/Burger menu - English' is clicked on

2019-06-28 16:54:47 - [MESSAGE][PASSED] - Object: 'Object Repository/OCS-MOBILE /Age gate and burger menu/Burger menu - English' is clicked on

2019-06-28 16:54:47 - [TEST_STEP][PASSED] - delay(2): Delayed 2 second(s)

2019-06-28 16:54:49 - [MESSAGE][PASSED] - Delayed 2 second(s)

2019-06-28 16:54:49 - [TEST_STEP][PASSED] - click(findTestObject("OCS-MOBILE /Cart flyout/English dropdown")): Object: 'Object Repository/OCS-MOBILE /Cart flyout/English dropdown' is clicked on

2019-06-28 16:54:49 - [MESSAGE][PASSED] - Object: 'Object Repository/OCS-MOBILE /Cart flyout/English dropdown' is clicked on

2019-06-28 16:54:49 - [TEST_STEP][PASSED] - delay(2): Delayed 2 second(s)

2019-06-28 16:54:51 - [MESSAGE][PASSED] - Delayed 2 second(s)

2019-06-28 16:54:51 - [TEST_STEP][NOT_RUN] - executeJavaScript("var previewBar = document.getElementById("preview-bar-iframe"); previewBar.style.display = "none";", []): NOT_RUN: executeJavaScript("var previewBar = document.getElementById("preview-bar-iframe"); previewBar.style.display = "none";", [])

2019-06-28 16:54:51 - [MESSAGE][NOT_RUN] - NOT_RUN: executeJavaScript("var previewBar = document.getElementById("preview-bar-iframe"); previewBar.style.display = "none";", [])

2019-06-28 16:54:51 - [TEST_STEP][PASSED] - click(findTestObject("OCS-MOBILE /Cart flyout/Select French")): Object: 'Object Repository/OCS-MOBILE /Cart flyout/Select French' is clicked on

2019-06-28 16:54:51 - [MESSAGE][PASSED] - Object: 'Object Repository/OCS-MOBILE /Cart flyout/Select French' is clicked on

2019-06-28 16:54:51 - [MESSAGE][PASSED] - Call Test Case 'Test Cases/OCS - MOBILE/CALL- TOGGLING LANGUAGE' successfully

2019-06-28 16:54:51 - [TEST_STEP][PASSED] - delay(2): Delayed 2 second(s)

2019-06-28 16:54:53 - [MESSAGE][PASSED] - Delayed 2 second(s)

2019-06-28 16:54:53 - [TEST_STEP][PASSED] - click(findTestObject("OCS-MOBILE /Age gate and burger menu/Burger menu - English")): Object: 'Object Repository/OCS-MOBILE /Age gate and burger menu/Burger menu - English' is clicked on

2019-06-28 16:54:54 - [MESSAGE][PASSED] - Object: 'Object Repository/OCS-MOBILE /Age gate and burger menu/Burger menu - English' is clicked on

2019-06-28 16:54:54 - [TEST_STEP][PASSED] - delay(2): Delayed 2 second(s)

2019-06-28 16:54:56 - [MESSAGE][PASSED] - Delayed 2 second(s)

2019-06-28 16:54:56 - [TEST_STEP][PASSED] - click(findTestObject("OCS-MOBILE /Age gate and burger menu/Chevron_Cannabis")): Object: 'Object Repository/OCS-MOBILE /Age gate and burger menu/Chevron_Cannabis' is clicked on

2019-06-28 16:54:56 - [MESSAGE][PASSED] - Object: 'Object Repository/OCS-MOBILE /Age gate and burger menu/Chevron_Cannabis' is clicked on

2019-06-28 16:54:56 - [TEST_STEP][PASSED] - delay(2): Delayed 2 second(s)

2019-06-28 16:54:58 - [MESSAGE][PASSED] - Delayed 2 second(s)

2019-06-28 16:54:58 - [TEST_STEP][PASSED] - click(findTestObject("OCS-MOBILE /Age gate and burger menu/Dried Flower_Plus icon")): Object: 'Object Repository/OCS-MOBILE /Age gate and burger menu/Dried Flower_Plus icon' is clicked on

2019-06-28 16:54:58 - [MESSAGE][PASSED] - Object: 'Object Repository/OCS-MOBILE /Age gate and burger menu/Dried Flower_Plus icon' is clicked on

2019-06-28 16:54:58 - [TEST_STEP][PASSED] - delay(2): Delayed 2 second(s)

2019-06-28 16:55:00 - [MESSAGE][PASSED] - Delayed 2 second(s)

2019-06-28 16:55:00 - [TEST_STEP][PASSED] - click(findTestObject("OCS- FRENCH/Indica Dominant_Menu item")): Object: 'Object Repository/OCS- FRENCH/Indica Dominant_Menu item' is clicked on

2019-06-28 16:55:00 - [MESSAGE][PASSED] - Object: 'Object Repository/OCS- FRENCH/Indica Dominant_Menu item' is clicked on

2019-06-28 16:55:00 - [TEST_STEP][NOT_RUN] - executeJavaScript("var previewBar = document.getElementById("preview-bar-iframe"); previewBar.style.display = "none";", []): NOT_RUN: executeJavaScript("var previewBar = document.getElementById("preview-bar-iframe"); previewBar.style.display = "none";", [])

2019-06-28 16:55:00 - [MESSAGE][NOT_RUN] - NOT_RUN: executeJavaScript("var previewBar = document.getElementById("preview-bar-iframe"); previewBar.style.display = "none";", [])

2019-06-28 16:55:00 - [TEST_STEP][PASSED] - delay(2): Delayed 2 second(s)

2019-06-28 16:55:02 - [MESSAGE][PASSED] - Delayed 2 second(s)

2019-06-28 16:55:02 - [TEST_STEP][PASSED] - click(findTestObject("OCS- FRENCH/Product image - 1st one")): Object: 'Object Repository/OCS- FRENCH/Product image - 1st one' is clicked on

2019-06-28 16:55:05 - [MESSAGE][PASSED] - Object: 'Object Repository/OCS- FRENCH/Product image - 1st one' is clicked on

2019-06-28 16:55:05 - [TEST_STEP][NOT_RUN] - executeJavaScript("var previewBar = document.getElementById("preview-bar-iframe"); previewBar.style.display = "none";", []): NOT_RUN: executeJavaScript("var previewBar = document.getElementById("preview-bar-iframe"); previewBar.style.display = "none";", [])

2019-06-28 16:55:05 - [MESSAGE][NOT_RUN] - NOT_RUN: executeJavaScript("var previewBar = document.getElementById("preview-bar-iframe"); previewBar.style.display = "none";", [])

2019-06-28 16:55:05 - [TEST_STEP][PASSED] - delay(2): Delayed 2 second(s)

2019-06-28 16:55:07 - [MESSAGE][PASSED] - Delayed 2 second(s)

2019-06-28 16:55:07 - [TEST_STEP][PASSED] - click(findTestObject("OCS-MOBILE /Product page/Swatch_1g")): Object: 'Object Repository/OCS-MOBILE /Product page/Swatch_1g' is clicked on

2019-06-28 16:55:07 - [MESSAGE][PASSED] - Object: 'Object Repository/OCS-MOBILE /Product page/Swatch_1g' is clicked on

2019-06-28 16:55:07 - [TEST_STEP][PASSED] - delay(2): Delayed 2 second(s)

2019-06-28 16:55:09 - [MESSAGE][PASSED] - Delayed 2 second(s)

2019-06-28 16:55:09 - [TEST_STEP][NOT_RUN] - click(findTestObject("OCS-MOBILE /Product page/Add to Bag-button")): NOT_RUN: click(findTestObject("OCS-MOBILE /Product page/Add to Bag-button"))

2019-06-28 16:55:09 - [MESSAGE][NOT_RUN] - NOT_RUN: click(findTestObject("OCS-MOBILE /Product page/Add to Bag-button"))

2019-06-28 16:55:09 - [TEST_STEP][PASSED] - delay(4): Delayed 4 second(s)

2019-06-28 16:55:13 - [MESSAGE][PASSED] - Delayed 4 second(s)

2019-06-28 16:55:13 - [TEST_STEP][NOT_RUN] - click(findTestObject("OCS-MOBILE /Home - page/Cart icon -bag")): NOT_RUN: click(findTestObject("OCS-MOBILE /Home - page/Cart icon -bag"))

2019-06-28 16:55:13 - [MESSAGE][NOT_RUN] - NOT_RUN: click(findTestObject("OCS-MOBILE /Home - page/Cart icon -bag"))

2019-06-28 16:55:13 - [TEST_STEP][PASSED] - delay(2): Delayed 2 second(s)

2019-06-28 16:55:15 - [MESSAGE][PASSED] - Delayed 2 second(s)

2019-06-28 16:55:15 - [TEST_STEP][PASSED] - click(findTestObject("OCS-MOBILE /Product page/Quantity Increase - Button")): Object: 'Object Repository/OCS-MOBILE /Product page/Quantity Increase - Button' is clicked on

2019-06-28 16:55:15 - [MESSAGE][PASSED] - Object: 'Object Repository/OCS-MOBILE /Product page/Quantity Increase - Button' is clicked on

2019-06-28 16:55:15 - [TEST_STEP][PASSED] - delay(1): Delayed 1 second(s)

2019-06-28 16:55:16 - [MESSAGE][PASSED] - Delayed 1 second(s)

2019-06-28 16:55:16 - [TEST_STEP][PASSED] - click(findTestObject("OCS-MOBILE /Product page/Quantity Increase - Button")): Object: 'Object Repository/OCS-MOBILE /Product page/Quantity Increase - Button' is clicked on

2019-06-28 16:55:16 - [MESSAGE][PASSED] - Object: 'Object Repository/OCS-MOBILE /Product page/Quantity Increase - Button' is clicked on

2019-06-28 16:55:16 - [TEST_STEP][PASSED] - delay(1): Delayed 1 second(s)

2019-06-28 16:55:17 - [MESSAGE][PASSED] - Delayed 1 second(s)

2019-06-28 16:55:17 - [TEST_STEP][PASSED] - click(findTestObject("OCS-MOBILE /Product page/Quantity Increase - Button")): Object: 'Object Repository/OCS-MOBILE /Product page/Quantity Increase - Button' is clicked on

2019-06-28 16:55:17 - [MESSAGE][PASSED] - Object: 'Object Repository/OCS-MOBILE /Product page/Quantity Increase - Button' is clicked on

2019-06-28 16:55:17 - [TEST_STEP][PASSED] - delay(1): Delayed 1 second(s)

2019-06-28 16:55:18 - [MESSAGE][PASSED] - Delayed 1 second(s)

2019-06-28 16:55:18 - [TEST_STEP][PASSED] - click(findTestObject("OCS-MOBILE /Product page/Quantity Increase - Button")): Object: 'Object Repository/OCS-MOBILE /Product page/Quantity Increase - Button' is clicked on

2019-06-28 16:55:18 - [MESSAGE][PASSED] - Object: 'Object Repository/OCS-MOBILE /Product page/Quantity Increase - Button' is clicked on

2019-06-28 16:55:18 - [TEST_STEP][PASSED] - delay(1): Delayed 1 second(s)

2019-06-28 16:55:19 - [MESSAGE][PASSED] - Delayed 1 second(s)

2019-06-28 16:55:19 - [TEST_STEP][PASSED] - click(findTestObject("OCS-MOBILE /Product page/Quantity Increase - Button")): Object: 'Object Repository/OCS-MOBILE /Product page/Quantity Increase - Button' is clicked on

2019-06-28 16:55:19 - [MESSAGE][PASSED] - Object: 'Object Repository/OCS-MOBILE /Product page/Quantity Increase - Button' is clicked on

2019-06-28 16:55:19 - [TEST_STEP][PASSED] - delay(2): Delayed 2 second(s)

2019-06-28 16:55:21 - [MESSAGE][PASSED] - Delayed 2 second(s)

2019-06-28 16:55:21 - [TEST_STEP][PASSED] - click(findTestObject("OCS-MOBILE /Product page/Add to Bag-button")): Object: 'Object Repository/OCS-MOBILE /Product page/Add to Bag-button' is clicked on

2019-06-28 16:55:21 - [MESSAGE][PASSED] - Object: 'Object Repository/OCS-MOBILE /Product page/Add to Bag-button' is clicked on

2019-06-28 16:55:21 - [TEST_STEP][PASSED] - delay(1): Delayed 1 second(s)

2019-06-28 16:55:22 - [MESSAGE][PASSED] - Delayed 1 second(s)

2019-06-28 16:55:22 - [TEST_STEP][NOT_RUN] - click(findTestObject("OCS-MOBILE /Home - page/Cart icon -bag")): NOT_RUN: click(findTestObject("OCS-MOBILE /Home - page/Cart icon -bag"))

2019-06-28 16:55:22 - [MESSAGE][NOT_RUN] - NOT_RUN: click(findTestObject("OCS-MOBILE /Home - page/Cart icon -bag"))

2019-06-28 16:55:22 - [TEST_STEP][PASSED] - delay(1): Delayed 1 second(s)

2019-06-28 16:55:23 - [MESSAGE][PASSED] - Delayed 1 second(s)

2019-06-28 16:55:23 - [TEST_STEP][PASSED] - click(findTestObject("OCS-MOBILE /Cart flyout/Checkbox_I confirm that")): Object: 'Object Repository/OCS-MOBILE /Cart flyout/Checkbox_I confirm that' is clicked on

2019-06-28 16:55:23 - [MESSAGE][PASSED] - Object: 'Object Repository/OCS-MOBILE /Cart flyout/Checkbox_I confirm that' is clicked on

2019-06-28 16:55:23 - [TEST_STEP][PASSED] - click(findTestObject("OCS-MOBILE /Cart flyout/Checkbox_Accept the Terms Condition")): Object: 'Object Repository/OCS-MOBILE /Cart flyout/Checkbox_Accept the Terms Condition' is clicked on

2019-06-28 16:55:23 - [MESSAGE][PASSED] - Object: 'Object Repository/OCS-MOBILE /Cart flyout/Checkbox_Accept the Terms Condition' is clicked on

2019-06-28 16:55:23 - [TEST_STEP][PASSED] - delay(1): Delayed 1 second(s)

2019-06-28 16:55:24 - [MESSAGE][PASSED] - Delayed 1 second(s)

2019-06-28 16:55:24 - [TEST_STEP][PASSED] - click(findTestObject("OCS-MOBILE /Cart flyout/Checkout - Button")): Object: 'Object Repository/OCS-MOBILE /Cart flyout/Checkout - Button' is clicked on

2019-06-28 16:55:24 - [MESSAGE][PASSED] - Object: 'Object Repository/OCS-MOBILE /Cart flyout/Checkout - Button' is clicked on

2019-06-28 16:55:24 - [TEST_STEP][PASSED] - delay(2): Delayed 2 second(s)

2019-06-28 16:55:26 - [MESSAGE][PASSED] - Delayed 2 second(s)

2019-06-28 16:55:26 - [TEST_STEP][NOT_RUN] - executeJavaScript("var previewBar = document.getElementById("preview-bar-iframe"); previewBar.style.display = "none";", []): NOT_RUN: executeJavaScript("var previewBar = document.getElementById("preview-bar-iframe"); previewBar.style.display = "none";", [])

2019-06-28 16:55:26 - [MESSAGE][NOT_RUN] - NOT_RUN: executeJavaScript("var previewBar = document.getElementById("preview-bar-iframe"); previewBar.style.display = "none";", [])

2019-06-28 16:55:26 - [TEST_STEP][PASSED] - scrollToElement(findTestObject("OCS-MOBILE /Customer info page/Return to Cart - Link"), 1): Scroll to object 'Object Repository/OCS-MOBILE /Customer info page/Return to Cart - Link' successfully

2019-06-28 16:55:27 - [MESSAGE][PASSED] - Scroll to object 'Object Repository/OCS-MOBILE /Customer info page/Return to Cart - Link' successfully

2019-06-28 16:55:27 - [TEST_STEP][PASSED] - delay(1): Delayed 1 second(s)

2019-06-28 16:55:28 - [MESSAGE][PASSED] - Delayed 1 second(s)

2019-06-28 16:55:28 - [TEST_STEP][PASSED] - click(findTestObject("OCS-MOBILE /Customer info page/Return to Cart - Link")): Object: 'Object Repository/OCS-MOBILE /Customer info page/Return to Cart - Link' is clicked on

2019-06-28 16:55:29 - [MESSAGE][PASSED] - Object: 'Object Repository/OCS-MOBILE /Customer info page/Return to Cart - Link' is clicked on

2019-06-28 16:55:29 - [TEST_STEP][PASSED] - delay(1): Delayed 1 second(s)

2019-06-28 16:55:30 - [MESSAGE][PASSED] - Delayed 1 second(s)

2019-06-28 16:55:30 - [TEST_STEP][PASSED] - a = getText(findTestObject("OCS-MOBILE /Cart page/Unit price - product - price in cart page")): Text of object 'Object Repository/OCS-MOBILE /Cart page/Unit price - product - price in cart page' is: '






63,00 $'

2019-06-28 16:55:30 - [MESSAGE][PASSED] - Text of object 'Object Repository/OCS-MOBILE /Cart page/Unit price - product - price in cart page' is: '






63,00 $'

2019-06-28 16:55:30 - [TEST_STEP][PASSED] - comment(a): 






63,00 $

2019-06-28 16:55:30 - [MESSAGE][INFO] - 






63,00 $

2019-06-28 16:55:30 - [TEST_STEP][PASSED] - a1 = a.substring(0, a.length() - 1): null

2019-06-28 16:55:30 - [TEST_STEP][PASSED] - comment("a1 = " + a1): a1 = 






63,00 

2019-06-28 16:55:30 - [MESSAGE][INFO] - a1 = 






63,00 

2019-06-28 16:55:30 - [TEST_STEP][PASSED] - x1 = a1.substring(0, a1.length() - 1): null

2019-06-28 16:55:30 - [TEST_STEP][PASSED] - comment("x1 = " + x1): x1 = 






63,00

2019-06-28 16:55:30 - [MESSAGE][INFO] - x1 = 






63,00

2019-06-28 16:55:30 - [TEST_STEP][PASSED] - x2 = x1.substring(0, x1.length() - 1): null

2019-06-28 16:55:30 - [TEST_STEP][PASSED] - comment("x2 = " + x2): x2 = 






63,0

2019-06-28 16:55:30 - [MESSAGE][INFO] - x2 = 






63,0

2019-06-28 16:55:30 - [TEST_STEP][PASSED] - x3 = x2.substring(0, x2.length() - 1): null

2019-06-28 16:55:30 - [TEST_STEP][PASSED] - comment("x3 = " + x3): x3 = 






63,

2019-06-28 16:55:30 - [MESSAGE][INFO] - x3 = 






63,

2019-06-28 16:55:30 - [TEST_STEP][PASSED] - x6 = x3.substring(0, x3.length() - 1): null

2019-06-28 16:55:30 - [TEST_STEP][PASSED] - comment("x6 = " + x6): x6 = 






63

2019-06-28 16:55:30 - [MESSAGE][INFO] - x6 = 






63

2019-06-28 16:55:30 - [TEST_STEP][PASSED] - click(findTestObject("OCS-MOBILE /Cart page/Quantity Input field")): Object: 'Object Repository/OCS-MOBILE /Cart page/Quantity Input field' is clicked on

2019-06-28 16:55:30 - [MESSAGE][PASSED] - Object: 'Object Repository/OCS-MOBILE /Cart page/Quantity Input field' is clicked on

2019-06-28 16:55:30 - [TEST_STEP][PASSED] - delay(2): Delayed 2 second(s)

2019-06-28 16:55:32 - [MESSAGE][PASSED] - Delayed 2 second(s)

2019-06-28 16:55:32 - [TEST_STEP][PASSED] - setText(findTestObject("OCS-MOBILE /Cart page/Quantity Input field"), "10"): Text '10' is set on object 'Object Repository/OCS-MOBILE /Cart page/Quantity Input field'

2019-06-28 16:55:33 - [MESSAGE][PASSED] - Text '10' is set on object 'Object Repository/OCS-MOBILE /Cart page/Quantity Input field'

2019-06-28 16:55:33 - [TEST_STEP][PASSED] - delay(2): Delayed 2 second(s)

2019-06-28 16:55:35 - [MESSAGE][PASSED] - Delayed 2 second(s)

2019-06-28 16:55:35 - [TEST_STEP][NOT_RUN] - click(findTestObject("OCS-MOBILE /Cart page/enter quantity")): NOT_RUN: click(findTestObject("OCS-MOBILE /Cart page/enter quantity"))

2019-06-28 16:55:35 - [MESSAGE][NOT_RUN] - NOT_RUN: click(findTestObject("OCS-MOBILE /Cart page/enter quantity"))

2019-06-28 16:55:35 - [TEST_STEP][PASSED] - delay(2): Delayed 2 second(s)

2019-06-28 16:55:37 - [MESSAGE][PASSED] - Delayed 2 second(s)

2019-06-28 16:55:37 - [TEST_STEP][PASSED] - setText(findTestObject("OCS-MOBILE /Cart page/Quantity Input field"), "7"): Text '7' is set on object 'Object Repository/OCS-MOBILE /Cart page/Quantity Input field'

2019-06-28 16:55:37 - [MESSAGE][PASSED] - Text '7' is set on object 'Object Repository/OCS-MOBILE /Cart page/Quantity Input field'

2019-06-28 16:55:37 - [TEST_STEP][PASSED] - delay(2): Delayed 2 second(s)

2019-06-28 16:55:39 - [MESSAGE][PASSED] - Delayed 2 second(s)

2019-06-28 16:55:39 - [TEST_STEP][NOT_RUN] - click(findTestObject("OCS-MOBILE /Cart page/Unit price - product")): NOT_RUN: click(findTestObject("OCS-MOBILE /Cart page/Unit price - product"))

2019-06-28 16:55:39 - [MESSAGE][NOT_RUN] - NOT_RUN: click(findTestObject("OCS-MOBILE /Cart page/Unit price - product"))

2019-06-28 16:55:39 - [TEST_STEP][PASSED] - delay(2): Delayed 2 second(s)

2019-06-28 16:55:41 - [MESSAGE][PASSED] - Delayed 2 second(s)

2019-06-28 16:55:41 - [TEST_STEP][PASSED] - click(findTestObject("OCS-MOBILE /Cart page/Qty Decrease icon")): Object: 'Object Repository/OCS-MOBILE /Cart page/Qty Decrease icon' is clicked on

2019-06-28 16:55:41 - [MESSAGE][PASSED] - Object: 'Object Repository/OCS-MOBILE /Cart page/Qty Decrease icon' is clicked on

2019-06-28 16:55:41 - [TEST_STEP][PASSED] - delay(2): Delayed 2 second(s)

2019-06-28 16:55:43 - [MESSAGE][PASSED] - Delayed 2 second(s)

2019-06-28 16:55:43 - [TEST_STEP][PASSED] - click(findTestObject("OCS-MOBILE /Cart page/Qty Decrease icon")): Object: 'Object Repository/OCS-MOBILE /Cart page/Qty Decrease icon' is clicked on

2019-06-28 16:55:43 - [MESSAGE][PASSED] - Object: 'Object Repository/OCS-MOBILE /Cart page/Qty Decrease icon' is clicked on

2019-06-28 16:55:43 - [TEST_STEP][PASSED] - delay(2): Delayed 2 second(s)

2019-06-28 16:55:45 - [MESSAGE][PASSED] - Delayed 2 second(s)

2019-06-28 16:55:45 - [TEST_STEP][PASSED] - click(findTestObject("OCS-MOBILE /Cart page/Qty Decrease icon")): Object: 'Object Repository/OCS-MOBILE /Cart page/Qty Decrease icon' is clicked on

2019-06-28 16:55:45 - [MESSAGE][PASSED] - Object: 'Object Repository/OCS-MOBILE /Cart page/Qty Decrease icon' is clicked on

2019-06-28 16:55:45 - [TEST_STEP][PASSED] - delay(2): Delayed 2 second(s)

2019-06-28 16:55:47 - [MESSAGE][PASSED] - Delayed 2 second(s)

2019-06-28 16:55:47 - [TEST_STEP][PASSED] - b = getText(findTestObject("OCS-MOBILE /Cart page/Unit price - product - price in cart page")): Text of object 'Object Repository/OCS-MOBILE /Cart page/Unit price - product - price in cart page' is: '






52,50 $'

2019-06-28 16:55:47 - [MESSAGE][PASSED] - Text of object 'Object Repository/OCS-MOBILE /Cart page/Unit price - product - price in cart page' is: '






52,50 $'

2019-06-28 16:55:47 - [TEST_STEP][PASSED] - comment(b): 






52,50 $

2019-06-28 16:55:47 - [MESSAGE][INFO] - 






52,50 $

2019-06-28 16:55:47 - [TEST_STEP][PASSED] - a2 = b.substring(0, b.length() - 1): null

2019-06-28 16:55:47 - [TEST_STEP][PASSED] - comment("a2 = " + a2): a2 = 






52,50 

2019-06-28 16:55:47 - [MESSAGE][INFO] - a2 = 






52,50 

2019-06-28 16:55:47 - [TEST_STEP][PASSED] - y1 = a2.substring(0, a2.length() - 1): null

2019-06-28 16:55:47 - [TEST_STEP][PASSED] - comment("y1 = " + y1): y1 = 






52,50

2019-06-28 16:55:47 - [MESSAGE][INFO] - y1 = 






52,50

2019-06-28 16:55:47 - [TEST_STEP][PASSED] - y2 = y1.substring(0, y1.length() - 1): null

2019-06-28 16:55:47 - [TEST_STEP][PASSED] - comment("y2 = " + y2): y2 = 






52,5

2019-06-28 16:55:47 - [MESSAGE][INFO] - y2 = 






52,5

2019-06-28 16:55:47 - [TEST_STEP][PASSED] - y3 = y2.substring(0, y2.length() - 1): null

2019-06-28 16:55:47 - [TEST_STEP][PASSED] - comment("y3 = " + y3): y3 = 






52,

2019-06-28 16:55:47 - [MESSAGE][INFO] - y3 = 






52,

2019-06-28 16:55:47 - [TEST_STEP][PASSED] - y4 = y3.substring(0, y3.length() - 1): null

2019-06-28 16:55:47 - [TEST_STEP][PASSED] - comment("y4 = " + y4): y4 = 






52

2019-06-28 16:55:47 - [MESSAGE][INFO] - y4 = 






52

2019-06-28 16:55:47 - [TEST_STEP][PASSED] - verifyNotEqual("x6", "y4"): Actual object 'x6' and expected object 'y4' are not equal

2019-06-28 16:55:47 - [MESSAGE][PASSED] - Actual object 'x6' and expected object 'y4' are not equal

2019-06-28 16:55:47 - [TEST_STEP][PASSED] - comment(" price changed . Quantity selector is working"):  price changed . Quantity selector is working

2019-06-28 16:55:47 - [MESSAGE][INFO] -  price changed . Quantity selector is working

2019-06-28 16:55:47 - [TEST_STEP][PASSED] - delay(1): Delayed 1 second(s)

2019-06-28 16:55:48 - [MESSAGE][PASSED] - Delayed 1 second(s)

2019-06-28 16:55:48 - [TEST_STEP][PASSED] - click(findTestObject("OCS-MOBILE /Cart page/cart page-Checkbox_I confirm that")): Object: 'Object Repository/OCS-MOBILE /Cart page/cart page-Checkbox_I confirm that' is clicked on

2019-06-28 16:55:48 - [MESSAGE][PASSED] - Object: 'Object Repository/OCS-MOBILE /Cart page/cart page-Checkbox_I confirm that' is clicked on

2019-06-28 16:55:48 - [TEST_STEP][PASSED] - delay(1): Delayed 1 second(s)

2019-06-28 16:55:49 - [MESSAGE][PASSED] - Delayed 1 second(s)

2019-06-28 16:55:49 - [TEST_STEP][PASSED] - click(findTestObject("OCS-MOBILE /Cart page/cart page - Checkbox_Accept the Terms Condition")): Object: 'Object Repository/OCS-MOBILE /Cart page/cart page - Checkbox_Accept the Terms Condition' is clicked on

2019-06-28 16:55:49 - [MESSAGE][PASSED] - Object: 'Object Repository/OCS-MOBILE /Cart page/cart page - Checkbox_Accept the Terms Condition' is clicked on

2019-06-28 16:55:49 - [TEST_STEP][NOT_RUN] - executeJavaScript("var previewBar = document.getElementById("preview-bar-iframe"); previewBar.style.display = "none";", []): NOT_RUN: executeJavaScript("var previewBar = document.getElementById("preview-bar-iframe"); previewBar.style.display = "none";", [])

2019-06-28 16:55:49 - [MESSAGE][NOT_RUN] - NOT_RUN: executeJavaScript("var previewBar = document.getElementById("preview-bar-iframe"); previewBar.style.display = "none";", [])

2019-06-28 16:55:49 - [TEST_STEP][PASSED] - delay(1): Delayed 1 second(s)

2019-06-28 16:55:50 - [MESSAGE][PASSED] - Delayed 1 second(s)

2019-06-28 16:55:50 - [TEST_STEP][PASSED] - click(findTestObject("OCS- FRENCH/Cart page -checkout button")): Object: 'Object Repository/OCS- FRENCH/Cart page -checkout button' is clicked on

2019-06-28 16:55:50 - [MESSAGE][PASSED] - Object: 'Object Repository/OCS- FRENCH/Cart page -checkout button' is clicked on

2019-06-28 16:55:50 - [TEST_STEP][PASSED] - delay(1): Delayed 1 second(s)

2019-06-28 16:55:51 - [MESSAGE][PASSED] - Delayed 1 second(s)

2019-06-28 16:55:51 - [TEST_STEP][PASSED] - callTestCase(findTestCase("OCS - MOBILE/CALL- SHIPPING TO PAYMENT"), [:], STOP_ON_FAILURE): Call Test Case 'Test Cases/OCS - MOBILE/CALL- SHIPPING TO PAYMENT' successfully

2019-06-28 16:55:51 - [TEST_CASE][PASSED] - Test Cases/OCS - MOBILE/CALL- SHIPPING TO PAYMENT: Test Cases/OCS - MOBILE/CALL- SHIPPING TO PAYMENT

2019-06-28 16:55:51 - [TEST_STEP][NOT_RUN] - executeJavaScript("var previewBar = document.getElementById("preview-bar-iframe"); previewBar.style.display = "none";", []): NOT_RUN: executeJavaScript("var previewBar = document.getElementById("preview-bar-iframe"); previewBar.style.display = "none";", [])

2019-06-28 16:55:51 - [MESSAGE][NOT_RUN] - NOT_RUN: executeJavaScript("var previewBar = document.getElementById("preview-bar-iframe"); previewBar.style.display = "none";", [])

2019-06-28 16:55:51 - [TEST_STEP][PASSED] - delay(2): Delayed 2 second(s)

2019-06-28 16:55:53 - [MESSAGE][PASSED] - Delayed 2 second(s)

2019-06-28 16:55:53 - [TEST_STEP][PASSED] - setText(findTestObject("OCS- FRENCH/Page_Ontario Cannabis Store - Infor/input_Adresse e-mail_checkoute"), "suman@gmail.com"): Text 'suman@gmail.com' is set on object 'Object Repository/OCS- FRENCH/Page_Ontario Cannabis Store - Infor/input_Adresse e-mail_checkoute'

2019-06-28 16:55:53 - [MESSAGE][PASSED] - Text 'suman@gmail.com' is set on object 'Object Repository/OCS- FRENCH/Page_Ontario Cannabis Store - Infor/input_Adresse e-mail_checkoute'

2019-06-28 16:55:53 - [TEST_STEP][PASSED] - delay(2): Delayed 2 second(s)

2019-06-28 16:55:55 - [MESSAGE][PASSED] - Delayed 2 second(s)

2019-06-28 16:55:55 - [TEST_STEP][PASSED] - setText(findTestObject("Object Repository/OCS- FRENCH/Page_Ontario Cannabis Store - Infor/input_Prnom_checkoutshipping_a"), "suman"): Text 'suman' is set on object 'Object Repository/OCS- FRENCH/Page_Ontario Cannabis Store - Infor/input_Prnom_checkoutshipping_a'

2019-06-28 16:55:55 - [MESSAGE][PASSED] - Text 'suman' is set on object 'Object Repository/OCS- FRENCH/Page_Ontario Cannabis Store - Infor/input_Prnom_checkoutshipping_a'

2019-06-28 16:55:55 - [TEST_STEP][PASSED] - delay(2): Delayed 2 second(s)

2019-06-28 16:55:57 - [MESSAGE][PASSED] - Delayed 2 second(s)

2019-06-28 16:55:57 - [TEST_STEP][PASSED] - setText(findTestObject("Object Repository/OCS- FRENCH/Page_Ontario Cannabis Store - Infor/input_Nom_checkoutshipping_add"), "test12"): Text 'test12' is set on object 'Object Repository/OCS- FRENCH/Page_Ontario Cannabis Store - Infor/input_Nom_checkoutshipping_add'

2019-06-28 16:55:58 - [MESSAGE][PASSED] - Text 'test12' is set on object 'Object Repository/OCS- FRENCH/Page_Ontario Cannabis Store - Infor/input_Nom_checkoutshipping_add'

2019-06-28 16:55:58 - [TEST_STEP][PASSED] - delay(2): Delayed 2 second(s)

2019-06-28 16:56:00 - [MESSAGE][PASSED] - Delayed 2 second(s)

2019-06-28 16:56:00 - [TEST_STEP][PASSED] - setText(findTestObject("Object Repository/OCS- FRENCH/Page_Ontario Cannabis Store - Infor/input_Adresse_checkoutshipping"), "test12"): Text 'test12' is set on object 'Object Repository/OCS- FRENCH/Page_Ontario Cannabis Store - Infor/input_Adresse_checkoutshipping'

2019-06-28 16:56:00 - [MESSAGE][PASSED] - Text 'test12' is set on object 'Object Repository/OCS- FRENCH/Page_Ontario Cannabis Store - Infor/input_Adresse_checkoutshipping'

2019-06-28 16:56:00 - [TEST_STEP][PASSED] - delay(2): Delayed 2 second(s)

2019-06-28 16:56:02 - [MESSAGE][PASSED] - Delayed 2 second(s)

2019-06-28 16:56:02 - [TEST_STEP][PASSED] - setText(findTestObject("Object Repository/OCS- FRENCH/Page_Ontario Cannabis Store - Infor/input_Appartement suite etc. ("), "12"): Text '12' is set on object 'Object Repository/OCS- FRENCH/Page_Ontario Cannabis Store - Infor/input_Appartement suite etc. ('

2019-06-28 16:56:02 - [MESSAGE][PASSED] - Text '12' is set on object 'Object Repository/OCS- FRENCH/Page_Ontario Cannabis Store - Infor/input_Appartement suite etc. ('

2019-06-28 16:56:02 - [TEST_STEP][PASSED] - delay(2): Delayed 2 second(s)

2019-06-28 16:56:04 - [MESSAGE][PASSED] - Delayed 2 second(s)

2019-06-28 16:56:04 - [TEST_STEP][PASSED] - setText(findTestObject("Object Repository/OCS- FRENCH/Page_Ontario Cannabis Store - Infor/input_Ville_checkoutshipping_a"), "montreal"): Text 'montreal' is set on object 'Object Repository/OCS- FRENCH/Page_Ontario Cannabis Store - Infor/input_Ville_checkoutshipping_a'

2019-06-28 16:56:04 - [MESSAGE][PASSED] - Text 'montreal' is set on object 'Object Repository/OCS- FRENCH/Page_Ontario Cannabis Store - Infor/input_Ville_checkoutshipping_a'

2019-06-28 16:56:04 - [TEST_STEP][PASSED] - delay(2): Delayed 2 second(s)

2019-06-28 16:56:06 - [MESSAGE][PASSED] - Delayed 2 second(s)

2019-06-28 16:56:06 - [TEST_STEP][PASSED] - setText(findTestObject("Object Repository/OCS- FRENCH/Page_Ontario Cannabis Store - Infor/input_Code postal_checkoutship"), "n0r1k0"): Text 'n0r1k0' is set on object 'Object Repository/OCS- FRENCH/Page_Ontario Cannabis Store - Infor/input_Code postal_checkoutship'

2019-06-28 16:56:06 - [MESSAGE][PASSED] - Text 'n0r1k0' is set on object 'Object Repository/OCS- FRENCH/Page_Ontario Cannabis Store - Infor/input_Code postal_checkoutship'

2019-06-28 16:56:06 - [TEST_STEP][PASSED] - delay(2): Delayed 2 second(s)

2019-06-28 16:56:08 - [MESSAGE][PASSED] - Delayed 2 second(s)

2019-06-28 16:56:08 - [TEST_STEP][PASSED] - setText(findTestObject("Object Repository/OCS- FRENCH/Page_Ontario Cannabis Store - Infor/input_Tlphone_checkoutshipping"), "514-449-3883"): Text '514-449-3883' is set on object 'Object Repository/OCS- FRENCH/Page_Ontario Cannabis Store - Infor/input_Tlphone_checkoutshipping'

2019-06-28 16:56:08 - [MESSAGE][PASSED] - Text '514-449-3883' is set on object 'Object Repository/OCS- FRENCH/Page_Ontario Cannabis Store - Infor/input_Tlphone_checkoutshipping'

2019-06-28 16:56:08 - [TEST_STEP][PASSED] - delay(2): Delayed 2 second(s)

2019-06-28 16:56:10 - [MESSAGE][PASSED] - Delayed 2 second(s)

2019-06-28 16:56:10 - [TEST_STEP][PASSED] - click(findTestObject("Object Repository/OCS- FRENCH/Page_Ontario Cannabis Store - Infor/button_Continuer vers le mode")): Object: 'Object Repository/OCS- FRENCH/Page_Ontario Cannabis Store - Infor/button_Continuer vers le mode' is clicked on

2019-06-28 16:56:10 - [MESSAGE][PASSED] - Object: 'Object Repository/OCS- FRENCH/Page_Ontario Cannabis Store - Infor/button_Continuer vers le mode' is clicked on

2019-06-28 16:56:10 - [TEST_STEP][PASSED] - delay(2): Delayed 2 second(s)

2019-06-28 16:56:12 - [MESSAGE][PASSED] - Delayed 2 second(s)

2019-06-28 16:56:12 - [TEST_STEP][NOT_RUN] - executeJavaScript("var previewBar = document.getElementById("preview-bar-iframe"); previewBar.style.display = "none";", []): NOT_RUN: executeJavaScript("var previewBar = document.getElementById("preview-bar-iframe"); previewBar.style.display = "none";", [])

2019-06-28 16:56:12 - [MESSAGE][NOT_RUN] - NOT_RUN: executeJavaScript("var previewBar = document.getElementById("preview-bar-iframe"); previewBar.style.display = "none";", [])

2019-06-28 16:56:12 - [TEST_STEP][PASSED] - delay(2): Delayed 2 second(s)

2019-06-28 16:56:14 - [MESSAGE][PASSED] - Delayed 2 second(s)

2019-06-28 16:56:14 - [TEST_STEP][PASSED] - click(findTestObject("Object Repository/OCS- FRENCH/Page_Ontario Cannabis Store - Livra/button_Continuer vers le moyen")): Object: 'Object Repository/OCS- FRENCH/Page_Ontario Cannabis Store - Livra/button_Continuer vers le moyen' is clicked on

2019-06-28 16:56:14 - [MESSAGE][PASSED] - Object: 'Object Repository/OCS- FRENCH/Page_Ontario Cannabis Store - Livra/button_Continuer vers le moyen' is clicked on

2019-06-28 16:56:14 - [MESSAGE][PASSED] - Call Test Case 'Test Cases/OCS - MOBILE/CALL- SHIPPING TO PAYMENT' successfully]]></system-out>
         <system-err><![CDATA[]]></system-err>
      </testcase>
      <testcase name="Test Cases/OCS- FRENCH/CRITICAL PATH/Checkout - Shipping - fr" classname="Test Cases/OCS- FRENCH/CRITICAL PATH/Checkout - Shipping - fr" status="FAILED">
         <failure type="FAILED" message="Test Cases/OCS- FRENCH/CRITICAL PATH/Checkout - Shipping - fr FAILED.
Reason:
com.kms.katalon.core.exception.StepFailedException: Unable to click on object 'Object Repository/OCS-MOBILE /Age gate and burger menu/Burger menu - English' (Root cause: org.openqa.selenium.WebDriverException: 
Build info: version: '3.7.1', revision: '8a0099a', time: '2017-11-06T21:07:36.161Z'
System info: host: 'sumans-MacBook-Pro.local', ip: 'fe80:0:0:0:14f6:8d5f:4e59:4e6f%en0', os.name: 'Mac OS X', os.arch: 'x86_64', os.version: '10.13.6', java.version: '1.8.0_181'
Driver info: com.kms.katalon.selenium.driver.CSafariDriver
Capabilities {acceptInsecureCerts: false, browserName: Safari, browserVersion: 12.1, javascriptEnabled: true, platform: MAC, platformName: MAC, safari:automaticInspection: false, safari:automaticProfiling: false, safari:diagnose: false, setWindowRect: true, strictFileInteractability: false, webkit:WebRTC: {DisableICECandidateFiltering: false, DisableInsecureMediaCapture: false}}
Session ID: D78582AC-A852-47FA-B5F2-511D63736B26)
	at com.kms.katalon.core.keyword.internal.KeywordMain.stepFailed(KeywordMain.groovy:36)
	at com.kms.katalon.core.webui.keyword.internal.WebUIKeywordMain.stepFailed(WebUIKeywordMain.groovy:65)
	at com.kms.katalon.core.webui.keyword.internal.WebUIKeywordMain.runKeyword(WebUIKeywordMain.groovy:27)
	at com.kms.katalon.core.webui.keyword.builtin.ClickKeyword.click(ClickKeyword.groovy:86)
	at com.kms.katalon.core.webui.keyword.builtin.ClickKeyword.execute(ClickKeyword.groovy:67)
	at com.kms.katalon.core.keyword.internal.KeywordExecutor.executeKeywordForPlatform(KeywordExecutor.groovy:53)
	at com.kms.katalon.core.webui.keyword.WebUiBuiltInKeywords.click(WebUiBuiltInKeywords.groovy:616)
	at com.kms.katalon.core.webui.keyword.WebUiBuiltInKeywords$click$3.call(Unknown Source)
	at Checkout - Shipping - fr.run(Checkout - Shipping - fr:22)
	at com.kms.katalon.core.main.ScriptEngine.run(ScriptEngine.java:194)
	at com.kms.katalon.core.main.ScriptEngine.runScriptAsRawText(ScriptEngine.java:119)
	at com.kms.katalon.core.main.TestCaseExecutor.runScript(TestCaseExecutor.java:328)
	at com.kms.katalon.core.main.TestCaseExecutor.doExecute(TestCaseExecutor.java:319)
	at com.kms.katalon.core.main.TestCaseExecutor.processExecutionPhase(TestCaseExecutor.java:298)
	at com.kms.katalon.core.main.TestCaseExecutor.accessMainPhase(TestCaseExecutor.java:290)
	at com.kms.katalon.core.main.TestCaseExecutor.execute(TestCaseExecutor.java:224)
	at com.kms.katalon.core.main.TestSuiteExecutor.accessTestCaseMainPhase(TestSuiteExecutor.java:129)
	at com.kms.katalon.core.main.TestSuiteExecutor.accessTestSuiteMainPhase(TestSuiteExecutor.java:112)
	at com.kms.katalon.core.main.TestSuiteExecutor.execute(TestSuiteExecutor.java:81)
	at com.kms.katalon.core.main.TestCaseMain.startTestSuite(TestCaseMain.java:149)
	at com.kms.katalon.core.main.TestCaseMain$startTestSuite$0.call(Unknown Source)
	at TempTestSuite1561754394056.run(TempTestSuite1561754394056.groovy:36)
"/>
         <system-out><![CDATA[2019-06-28 16:56:14 - [TEST_CASE][FAILED] - Test Cases/OCS- FRENCH/CRITICAL PATH/Checkout - Shipping - fr: Test Cases/OCS- FRENCH/CRITICAL PATH/Checkout - Shipping - fr FAILED.
Reason:
com.kms.katalon.core.exception.StepFailedException: Unable to click on object 'Object Repository/OCS-MOBILE /Age gate and burger menu/Burger menu - English' (Root cause: org.openqa.selenium.WebDriverException: 
Build info: version: '3.7.1', revision: '8a0099a', time: '2017-11-06T21:07:36.161Z'
System info: host: 'sumans-MacBook-Pro.local', ip: 'fe80:0:0:0:14f6:8d5f:4e59:4e6f%en0', os.name: 'Mac OS X', os.arch: 'x86_64', os.version: '10.13.6', java.version: '1.8.0_181'
Driver info: com.kms.katalon.selenium.driver.CSafariDriver
Capabilities {acceptInsecureCerts: false, browserName: Safari, browserVersion: 12.1, javascriptEnabled: true, platform: MAC, platformName: MAC, safari:automaticInspection: false, safari:automaticProfiling: false, safari:diagnose: false, setWindowRect: true, strictFileInteractability: false, webkit:WebRTC: {DisableICECandidateFiltering: false, DisableInsecureMediaCapture: false}}
Session ID: D78582AC-A852-47FA-B5F2-511D63736B26)
	at com.kms.katalon.core.keyword.internal.KeywordMain.stepFailed(KeywordMain.groovy:36)
	at com.kms.katalon.core.webui.keyword.internal.WebUIKeywordMain.stepFailed(WebUIKeywordMain.groovy:65)
	at com.kms.katalon.core.webui.keyword.internal.WebUIKeywordMain.runKeyword(WebUIKeywordMain.groovy:27)
	at com.kms.katalon.core.webui.keyword.builtin.ClickKeyword.click(ClickKeyword.groovy:86)
	at com.kms.katalon.core.webui.keyword.builtin.ClickKeyword.execute(ClickKeyword.groovy:67)
	at com.kms.katalon.core.keyword.internal.KeywordExecutor.executeKeywordForPlatform(KeywordExecutor.groovy:53)
	at com.kms.katalon.core.webui.keyword.WebUiBuiltInKeywords.click(WebUiBuiltInKeywords.groovy:616)
	at com.kms.katalon.core.webui.keyword.WebUiBuiltInKeywords$click$3.call(Unknown Source)
	at Checkout - Shipping - fr.run(Checkout - Shipping - fr:22)
	at com.kms.katalon.core.main.ScriptEngine.run(ScriptEngine.java:194)
	at com.kms.katalon.core.main.ScriptEngine.runScriptAsRawText(ScriptEngine.java:119)
	at com.kms.katalon.core.main.TestCaseExecutor.runScript(TestCaseExecutor.java:328)
	at com.kms.katalon.core.main.TestCaseExecutor.doExecute(TestCaseExecutor.java:319)
	at com.kms.katalon.core.main.TestCaseExecutor.processExecutionPhase(TestCaseExecutor.java:298)
	at com.kms.katalon.core.main.TestCaseExecutor.accessMainPhase(TestCaseExecutor.java:290)
	at com.kms.katalon.core.main.TestCaseExecutor.execute(TestCaseExecutor.java:224)
	at com.kms.katalon.core.main.TestSuiteExecutor.accessTestCaseMainPhase(TestSuiteExecutor.java:129)
	at com.kms.katalon.core.main.TestSuiteExecutor.accessTestSuiteMainPhase(TestSuiteExecutor.java:112)
	at com.kms.katalon.core.main.TestSuiteExecutor.execute(TestSuiteExecutor.java:81)
	at com.kms.katalon.core.main.TestCaseMain.startTestSuite(TestCaseMain.java:149)
	at com.kms.katalon.core.main.TestCaseMain$startTestSuite$0.call(Unknown Source)
	at TempTestSuite1561754394056.run(TempTestSuite1561754394056.groovy:36)


2019-06-28 16:56:14 - [TEST_STEP][PASSED] - callTestCase(findTestCase("OCS - MOBILE/CALL - AGE GATE"), [:], STOP_ON_FAILURE): Call Test Case 'Test Cases/OCS - MOBILE/CALL - AGE GATE' successfully

2019-06-28 16:56:15 - [TEST_CASE][PASSED] - Test Cases/OCS - MOBILE/CALL - AGE GATE: Test Cases/OCS - MOBILE/CALL - AGE GATE

2019-06-28 16:56:15 - [TEST_STEP][PASSED] - openBrowser(""): Browser is opened with url: ''

2019-06-28 16:56:15 - [MESSAGE][WARNING] - A browser is already opened. Closing browser and opening a new one

2019-06-28 16:56:15 - [MESSAGE][INFO] - Starting 'Safari' driver

2019-06-28 16:56:16 - [MESSAGE][PASSED] - Browser is opened with url: ''

2019-06-28 16:56:16 - [TEST_STEP][PASSED] - navigateToUrl("ocs.ca"): Navigate to 'http://ocs.ca' successfully

2019-06-28 16:56:17 - [MESSAGE][PASSED] - Navigate to 'http://ocs.ca' successfully

2019-06-28 16:56:17 - [TEST_STEP][NOT_RUN] - executeJavaScript("var previewBar = document.getElementById("preview-bar-iframe"); previewBar.style.display = "none";", []): NOT_RUN: executeJavaScript("var previewBar = document.getElementById("preview-bar-iframe"); previewBar.style.display = "none";", [])

2019-06-28 16:56:17 - [MESSAGE][NOT_RUN] - NOT_RUN: executeJavaScript("var previewBar = document.getElementById("preview-bar-iframe"); previewBar.style.display = "none";", [])

2019-06-28 16:56:17 - [TEST_STEP][PASSED] - setViewPortSize(360, 800): Viewport is set to new size with width = 360 and height = 800

2019-06-28 16:56:17 - [MESSAGE][PASSED] - Viewport is set to new size with width = 360 and height = 800

2019-06-28 16:56:17 - [TEST_STEP][PASSED] - delay(4): Delayed 4 second(s)

2019-06-28 16:56:21 - [MESSAGE][PASSED] - Delayed 4 second(s)

2019-06-28 16:56:21 - [TEST_STEP][PASSED] - selectOptionByValue(findTestObject("OCS-MOBILE /Age gate and burger menu/Date"), "12", true): All options with value '12' are selected in object 'Object Repository/OCS-MOBILE /Age gate and burger menu/Date'  using regular expression

2019-06-28 16:56:22 - [MESSAGE][PASSED] - All options with value '12' are selected in object 'Object Repository/OCS-MOBILE /Age gate and burger menu/Date'  using regular expression

2019-06-28 16:56:22 - [TEST_STEP][PASSED] - selectOptionByValue(findTestObject("OCS-MOBILE /Age gate and burger menu/month"), "6", true): All options with value '6' are selected in object 'Object Repository/OCS-MOBILE /Age gate and burger menu/month'  using regular expression

2019-06-28 16:56:22 - [MESSAGE][PASSED] - All options with value '6' are selected in object 'Object Repository/OCS-MOBILE /Age gate and burger menu/month'  using regular expression

2019-06-28 16:56:22 - [TEST_STEP][PASSED] - delay(2): Delayed 2 second(s)

2019-06-28 16:56:24 - [MESSAGE][PASSED] - Delayed 2 second(s)

2019-06-28 16:56:24 - [TEST_STEP][PASSED] - selectOptionByValue(findTestObject("OCS-MOBILE /Age gate and burger menu/Year Dropdown"), "1990", true): All options with value '1990' are selected in object 'Object Repository/OCS-MOBILE /Age gate and burger menu/Year Dropdown'  using regular expression

2019-06-28 16:56:25 - [MESSAGE][PASSED] - All options with value '1990' are selected in object 'Object Repository/OCS-MOBILE /Age gate and burger menu/Year Dropdown'  using regular expression

2019-06-28 16:56:25 - [TEST_STEP][PASSED] - click(findTestObject("OCS-MOBILE /Age gate and Mega menu/button_Verify")): Object: 'Object Repository/OCS-MOBILE /Age gate and Mega menu/button_Verify' is clicked on

2019-06-28 16:56:25 - [MESSAGE][PASSED] - Object: 'Object Repository/OCS-MOBILE /Age gate and Mega menu/button_Verify' is clicked on

2019-06-28 16:56:25 - [TEST_STEP][PASSED] - click(findTestObject("OCS-MOBILE /Age gate and Mega menu/Checkbox_CONFIRM AND ACKNOWLEDGE")): Object: 'Object Repository/OCS-MOBILE /Age gate and Mega menu/Checkbox_CONFIRM AND ACKNOWLEDGE' is clicked on

2019-06-28 16:56:25 - [MESSAGE][PASSED] - Object: 'Object Repository/OCS-MOBILE /Age gate and Mega menu/Checkbox_CONFIRM AND ACKNOWLEDGE' is clicked on

2019-06-28 16:56:25 - [TEST_STEP][PASSED] - click(findTestObject("OCS-MOBILE /Age gate and Mega menu/button_CONFIRM")): Object: 'Object Repository/OCS-MOBILE /Age gate and Mega menu/button_CONFIRM' is clicked on

2019-06-28 16:56:25 - [MESSAGE][PASSED] - Object: 'Object Repository/OCS-MOBILE /Age gate and Mega menu/button_CONFIRM' is clicked on

2019-06-28 16:56:25 - [TEST_STEP][PASSED] - click(findTestObject("OCS-MOBILE /Age gate and Mega menu/button_Start Browsing")): Object: 'Object Repository/OCS-MOBILE /Age gate and Mega menu/button_Start Browsing' is clicked on

2019-06-28 16:56:25 - [MESSAGE][PASSED] - Object: 'Object Repository/OCS-MOBILE /Age gate and Mega menu/button_Start Browsing' is clicked on

2019-06-28 16:56:25 - [TEST_STEP][PASSED] - refresh(): Refresh successfully

2019-06-28 16:56:28 - [MESSAGE][PASSED] - Refresh successfully

2019-06-28 16:56:28 - [TEST_STEP][NOT_RUN] - executeJavaScript("var previewBar = document.getElementById("preview-bar-iframe"); previewBar.style.display = "none";", []): NOT_RUN: executeJavaScript("var previewBar = document.getElementById("preview-bar-iframe"); previewBar.style.display = "none";", [])

2019-06-28 16:56:28 - [MESSAGE][NOT_RUN] - NOT_RUN: executeJavaScript("var previewBar = document.getElementById("preview-bar-iframe"); previewBar.style.display = "none";", [])

2019-06-28 16:56:28 - [MESSAGE][PASSED] - Call Test Case 'Test Cases/OCS - MOBILE/CALL - AGE GATE' successfully

2019-06-28 16:56:28 - [TEST_STEP][PASSED] - callTestCase(findTestCase("OCS - MOBILE/CALL- TOGGLING LANGUAGE"), [:], STOP_ON_FAILURE): Call Test Case 'Test Cases/OCS - MOBILE/CALL- TOGGLING LANGUAGE' successfully

2019-06-28 16:56:28 - [TEST_CASE][PASSED] - Test Cases/OCS - MOBILE/CALL- TOGGLING LANGUAGE: Test Cases/OCS - MOBILE/CALL- TOGGLING LANGUAGE

2019-06-28 16:56:28 - [TEST_STEP][PASSED] - delay(2): Delayed 2 second(s)

2019-06-28 16:56:30 - [MESSAGE][PASSED] - Delayed 2 second(s)

2019-06-28 16:56:30 - [TEST_STEP][PASSED] - click(findTestObject("OCS-MOBILE /Age gate and burger menu/Burger menu - English")): Object: 'Object Repository/OCS-MOBILE /Age gate and burger menu/Burger menu - English' is clicked on

2019-06-28 16:56:30 - [MESSAGE][PASSED] - Object: 'Object Repository/OCS-MOBILE /Age gate and burger menu/Burger menu - English' is clicked on

2019-06-28 16:56:30 - [TEST_STEP][PASSED] - delay(2): Delayed 2 second(s)

2019-06-28 16:56:32 - [MESSAGE][PASSED] - Delayed 2 second(s)

2019-06-28 16:56:32 - [TEST_STEP][PASSED] - click(findTestObject("OCS-MOBILE /Cart flyout/English dropdown")): Object: 'Object Repository/OCS-MOBILE /Cart flyout/English dropdown' is clicked on

2019-06-28 16:56:32 - [MESSAGE][PASSED] - Object: 'Object Repository/OCS-MOBILE /Cart flyout/English dropdown' is clicked on

2019-06-28 16:56:32 - [TEST_STEP][PASSED] - delay(2): Delayed 2 second(s)

2019-06-28 16:56:34 - [MESSAGE][PASSED] - Delayed 2 second(s)

2019-06-28 16:56:34 - [TEST_STEP][NOT_RUN] - executeJavaScript("var previewBar = document.getElementById("preview-bar-iframe"); previewBar.style.display = "none";", []): NOT_RUN: executeJavaScript("var previewBar = document.getElementById("preview-bar-iframe"); previewBar.style.display = "none";", [])

2019-06-28 16:56:34 - [MESSAGE][NOT_RUN] - NOT_RUN: executeJavaScript("var previewBar = document.getElementById("preview-bar-iframe"); previewBar.style.display = "none";", [])

2019-06-28 16:56:34 - [TEST_STEP][PASSED] - click(findTestObject("OCS-MOBILE /Cart flyout/Select French")): Object: 'Object Repository/OCS-MOBILE /Cart flyout/Select French' is clicked on

2019-06-28 16:56:34 - [MESSAGE][PASSED] - Object: 'Object Repository/OCS-MOBILE /Cart flyout/Select French' is clicked on

2019-06-28 16:56:34 - [MESSAGE][PASSED] - Call Test Case 'Test Cases/OCS - MOBILE/CALL- TOGGLING LANGUAGE' successfully

2019-06-28 16:56:34 - [TEST_STEP][PASSED] - delay(2): Delayed 2 second(s)

2019-06-28 16:56:36 - [MESSAGE][PASSED] - Delayed 2 second(s)

2019-06-28 16:56:36 - [TEST_STEP][FAILED] - click(findTestObject("OCS-MOBILE /Age gate and burger menu/Burger menu - English")): click(findTestObject("OCS-MOBILE /Age gate and burger menu/Burger menu - English")) FAILED.
Reason:
com.kms.katalon.core.exception.StepFailedException: Unable to click on object 'Object Repository/OCS-MOBILE /Age gate and burger menu/Burger menu - English' (Root cause: org.openqa.selenium.WebDriverException: 
Build info: version: '3.7.1', revision: '8a0099a', time: '2017-11-06T21:07:36.161Z'
System info: host: 'sumans-MacBook-Pro.local', ip: 'fe80:0:0:0:14f6:8d5f:4e59:4e6f%en0', os.name: 'Mac OS X', os.arch: 'x86_64', os.version: '10.13.6', java.version: '1.8.0_181'
Driver info: com.kms.katalon.selenium.driver.CSafariDriver
Capabilities {acceptInsecureCerts: false, browserName: Safari, browserVersion: 12.1, javascriptEnabled: true, platform: MAC, platformName: MAC, safari:automaticInspection: false, safari:automaticProfiling: false, safari:diagnose: false, setWindowRect: true, strictFileInteractability: false, webkit:WebRTC: {DisableICECandidateFiltering: false, DisableInsecureMediaCapture: false}}
Session ID: D78582AC-A852-47FA-B5F2-511D63736B26)
	at com.kms.katalon.core.keyword.internal.KeywordMain.stepFailed(KeywordMain.groovy:36)
	at com.kms.katalon.core.webui.keyword.internal.WebUIKeywordMain.stepFailed(WebUIKeywordMain.groovy:65)
	at com.kms.katalon.core.webui.keyword.internal.WebUIKeywordMain.runKeyword(WebUIKeywordMain.groovy:27)
	at com.kms.katalon.core.webui.keyword.builtin.ClickKeyword.click(ClickKeyword.groovy:86)
	at com.kms.katalon.core.webui.keyword.builtin.ClickKeyword.execute(ClickKeyword.groovy:67)
	at com.kms.katalon.core.keyword.internal.KeywordExecutor.executeKeywordForPlatform(KeywordExecutor.groovy:53)
	at com.kms.katalon.core.webui.keyword.WebUiBuiltInKeywords.click(WebUiBuiltInKeywords.groovy:616)
	at com.kms.katalon.core.webui.keyword.WebUiBuiltInKeywords$click$3.call(Unknown Source)
	at Checkout - Shipping - fr.run(Checkout - Shipping - fr:22)
	at com.kms.katalon.core.main.ScriptEngine.run(ScriptEngine.java:194)
	at com.kms.katalon.core.main.ScriptEngine.runScriptAsRawText(ScriptEngine.java:119)
	at com.kms.katalon.core.main.TestCaseExecutor.runScript(TestCaseExecutor.java:328)
	at com.kms.katalon.core.main.TestCaseExecutor.doExecute(TestCaseExecutor.java:319)
	at com.kms.katalon.core.main.TestCaseExecutor.processExecutionPhase(TestCaseExecutor.java:298)
	at com.kms.katalon.core.main.TestCaseExecutor.accessMainPhase(TestCaseExecutor.java:290)
	at com.kms.katalon.core.main.TestCaseExecutor.execute(TestCaseExecutor.java:224)
	at com.kms.katalon.core.main.TestSuiteExecutor.accessTestCaseMainPhase(TestSuiteExecutor.java:129)
	at com.kms.katalon.core.main.TestSuiteExecutor.accessTestSuiteMainPhase(TestSuiteExecutor.java:112)
	at com.kms.katalon.core.main.TestSuiteExecutor.execute(TestSuiteExecutor.java:81)
	at com.kms.katalon.core.main.TestCaseMain.startTestSuite(TestCaseMain.java:149)
	at com.kms.katalon.core.main.TestCaseMain$startTestSuite$0.call(Unknown Source)
	at TempTestSuite1561754394056.run(TempTestSuite1561754394056.groovy:36)


2019-06-28 16:56:36 - [MESSAGE][FAILED] - Unable to click on object 'Object Repository/OCS-MOBILE /Age gate and burger menu/Burger menu - English' (Root cause: org.openqa.selenium.WebDriverException: 
Build info: version: '3.7.1', revision: '8a0099a', time: '2017-11-06T21:07:36.161Z'
System info: host: 'sumans-MacBook-Pro.local', ip: 'fe80:0:0:0:14f6:8d5f:4e59:4e6f%en0', os.name: 'Mac OS X', os.arch: 'x86_64', os.version: '10.13.6', java.version: '1.8.0_181'
Driver info: com.kms.katalon.selenium.driver.CSafariDriver
Capabilities {acceptInsecureCerts: false, browserName: Safari, browserVersion: 12.1, javascriptEnabled: true, platform: MAC, platformName: MAC, safari:automaticInspection: false, safari:automaticProfiling: false, safari:diagnose: false, setWindowRect: true, strictFileInteractability: false, webkit:WebRTC: {DisableICECandidateFiltering: false, DisableInsecureMediaCapture: false}}
Session ID: D78582AC-A852-47FA-B5F2-511D63736B26)
[[ATTACHMENT|/Users/sumankompelly/Relative xpath-Mobile/Reports/Live site/20190628_163954/1561755396975.png]]

2019-06-28 16:56:36 - [MESSAGE][FAILED] - click(findTestObject("OCS-MOBILE /Age gate and burger menu/Burger menu - English")) FAILED.
Reason:
com.kms.katalon.core.exception.StepFailedException: Unable to click on object 'Object Repository/OCS-MOBILE /Age gate and burger menu/Burger menu - English' (Root cause: org.openqa.selenium.WebDriverException: 
Build info: version: '3.7.1', revision: '8a0099a', time: '2017-11-06T21:07:36.161Z'
System info: host: 'sumans-MacBook-Pro.local', ip: 'fe80:0:0:0:14f6:8d5f:4e59:4e6f%en0', os.name: 'Mac OS X', os.arch: 'x86_64', os.version: '10.13.6', java.version: '1.8.0_181'
Driver info: com.kms.katalon.selenium.driver.CSafariDriver
Capabilities {acceptInsecureCerts: false, browserName: Safari, browserVersion: 12.1, javascriptEnabled: true, platform: MAC, platformName: MAC, safari:automaticInspection: false, safari:automaticProfiling: false, safari:diagnose: false, setWindowRect: true, strictFileInteractability: false, webkit:WebRTC: {DisableICECandidateFiltering: false, DisableInsecureMediaCapture: false}}
Session ID: D78582AC-A852-47FA-B5F2-511D63736B26)
	at com.kms.katalon.core.keyword.internal.KeywordMain.stepFailed(KeywordMain.groovy:36)
	at com.kms.katalon.core.webui.keyword.internal.WebUIKeywordMain.stepFailed(WebUIKeywordMain.groovy:65)
	at com.kms.katalon.core.webui.keyword.internal.WebUIKeywordMain.runKeyword(WebUIKeywordMain.groovy:27)
	at com.kms.katalon.core.webui.keyword.builtin.ClickKeyword.click(ClickKeyword.groovy:86)
	at com.kms.katalon.core.webui.keyword.builtin.ClickKeyword.execute(ClickKeyword.groovy:67)
	at com.kms.katalon.core.keyword.internal.KeywordExecutor.executeKeywordForPlatform(KeywordExecutor.groovy:53)
	at com.kms.katalon.core.webui.keyword.WebUiBuiltInKeywords.click(WebUiBuiltInKeywords.groovy:616)
	at com.kms.katalon.core.webui.keyword.WebUiBuiltInKeywords$click$3.call(Unknown Source)
	at Checkout - Shipping - fr.run(Checkout - Shipping - fr:22)
	at com.kms.katalon.core.main.ScriptEngine.run(ScriptEngine.java:194)
	at com.kms.katalon.core.main.ScriptEngine.runScriptAsRawText(ScriptEngine.java:119)
	at com.kms.katalon.core.main.TestCaseExecutor.runScript(TestCaseExecutor.java:328)
	at com.kms.katalon.core.main.TestCaseExecutor.doExecute(TestCaseExecutor.java:319)
	at com.kms.katalon.core.main.TestCaseExecutor.processExecutionPhase(TestCaseExecutor.java:298)
	at com.kms.katalon.core.main.TestCaseExecutor.accessMainPhase(TestCaseExecutor.java:290)
	at com.kms.katalon.core.main.TestCaseExecutor.execute(TestCaseExecutor.java:224)
	at com.kms.katalon.core.main.TestSuiteExecutor.accessTestCaseMainPhase(TestSuiteExecutor.java:129)
	at com.kms.katalon.core.main.TestSuiteExecutor.accessTestSuiteMainPhase(TestSuiteExecutor.java:112)
	at com.kms.katalon.core.main.TestSuiteExecutor.execute(TestSuiteExecutor.java:81)
	at com.kms.katalon.core.main.TestCaseMain.startTestSuite(TestCaseMain.java:149)
	at com.kms.katalon.core.main.TestCaseMain$startTestSuite$0.call(Unknown Source)
	at TempTestSuite1561754394056.run(TempTestSuite1561754394056.groovy:36)]]></system-out>
         <system-err><![CDATA[2019-06-28 16:56:14 - [TEST_CASE][FAILED] - Test Cases/OCS- FRENCH/CRITICAL PATH/Checkout - Shipping - fr: Test Cases/OCS- FRENCH/CRITICAL PATH/Checkout - Shipping - fr FAILED.
Reason:
com.kms.katalon.core.exception.StepFailedException: Unable to click on object 'Object Repository/OCS-MOBILE /Age gate and burger menu/Burger menu - English' (Root cause: org.openqa.selenium.WebDriverException: 
Build info: version: '3.7.1', revision: '8a0099a', time: '2017-11-06T21:07:36.161Z'
System info: host: 'sumans-MacBook-Pro.local', ip: 'fe80:0:0:0:14f6:8d5f:4e59:4e6f%en0', os.name: 'Mac OS X', os.arch: 'x86_64', os.version: '10.13.6', java.version: '1.8.0_181'
Driver info: com.kms.katalon.selenium.driver.CSafariDriver
Capabilities {acceptInsecureCerts: false, browserName: Safari, browserVersion: 12.1, javascriptEnabled: true, platform: MAC, platformName: MAC, safari:automaticInspection: false, safari:automaticProfiling: false, safari:diagnose: false, setWindowRect: true, strictFileInteractability: false, webkit:WebRTC: {DisableICECandidateFiltering: false, DisableInsecureMediaCapture: false}}
Session ID: D78582AC-A852-47FA-B5F2-511D63736B26)
	at com.kms.katalon.core.keyword.internal.KeywordMain.stepFailed(KeywordMain.groovy:36)
	at com.kms.katalon.core.webui.keyword.internal.WebUIKeywordMain.stepFailed(WebUIKeywordMain.groovy:65)
	at com.kms.katalon.core.webui.keyword.internal.WebUIKeywordMain.runKeyword(WebUIKeywordMain.groovy:27)
	at com.kms.katalon.core.webui.keyword.builtin.ClickKeyword.click(ClickKeyword.groovy:86)
	at com.kms.katalon.core.webui.keyword.builtin.ClickKeyword.execute(ClickKeyword.groovy:67)
	at com.kms.katalon.core.keyword.internal.KeywordExecutor.executeKeywordForPlatform(KeywordExecutor.groovy:53)
	at com.kms.katalon.core.webui.keyword.WebUiBuiltInKeywords.click(WebUiBuiltInKeywords.groovy:616)
	at com.kms.katalon.core.webui.keyword.WebUiBuiltInKeywords$click$3.call(Unknown Source)
	at Checkout - Shipping - fr.run(Checkout - Shipping - fr:22)
	at com.kms.katalon.core.main.ScriptEngine.run(ScriptEngine.java:194)
	at com.kms.katalon.core.main.ScriptEngine.runScriptAsRawText(ScriptEngine.java:119)
	at com.kms.katalon.core.main.TestCaseExecutor.runScript(TestCaseExecutor.java:328)
	at com.kms.katalon.core.main.TestCaseExecutor.doExecute(TestCaseExecutor.java:319)
	at com.kms.katalon.core.main.TestCaseExecutor.processExecutionPhase(TestCaseExecutor.java:298)
	at com.kms.katalon.core.main.TestCaseExecutor.accessMainPhase(TestCaseExecutor.java:290)
	at com.kms.katalon.core.main.TestCaseExecutor.execute(TestCaseExecutor.java:224)
	at com.kms.katalon.core.main.TestSuiteExecutor.accessTestCaseMainPhase(TestSuiteExecutor.java:129)
	at com.kms.katalon.core.main.TestSuiteExecutor.accessTestSuiteMainPhase(TestSuiteExecutor.java:112)
	at com.kms.katalon.core.main.TestSuiteExecutor.execute(TestSuiteExecutor.java:81)
	at com.kms.katalon.core.main.TestCaseMain.startTestSuite(TestCaseMain.java:149)
	at com.kms.katalon.core.main.TestCaseMain$startTestSuite$0.call(Unknown Source)
	at TempTestSuite1561754394056.run(TempTestSuite1561754394056.groovy:36)]]></system-err>
      </testcase>
      <testcase name="Test Cases/OCS- FRENCH/CRITICAL PATH/Checkout - Payment - fr" classname="Test Cases/OCS- FRENCH/CRITICAL PATH/Checkout - Payment - fr" status="FAILED">
         <failure type="FAILED" message="Test Cases/OCS- FRENCH/CRITICAL PATH/Checkout - Payment - fr FAILED.
Reason:
com.kms.katalon.core.exception.StepFailedException: Unable to click on object 'Object Repository/OCS- FRENCH/Page_Ontario Cannabis Store - Livra/button_Continuer vers le moyen' (Root cause: com.kms.katalon.core.webui.exception.WebElementNotFoundException: Web element with id: 'Object Repository/OCS- FRENCH/Page_Ontario Cannabis Store - Livra/button_Continuer vers le moyen' located by 'By.xpath: //button[@name='button']' not found)
	at com.kms.katalon.core.keyword.internal.KeywordMain.stepFailed(KeywordMain.groovy:36)
	at com.kms.katalon.core.webui.keyword.internal.WebUIKeywordMain.stepFailed(WebUIKeywordMain.groovy:65)
	at com.kms.katalon.core.webui.keyword.internal.WebUIKeywordMain.runKeyword(WebUIKeywordMain.groovy:27)
	at com.kms.katalon.core.webui.keyword.builtin.ClickKeyword.click(ClickKeyword.groovy:86)
	at com.kms.katalon.core.webui.keyword.builtin.ClickKeyword.execute(ClickKeyword.groovy:67)
	at com.kms.katalon.core.keyword.internal.KeywordExecutor.executeKeywordForPlatform(KeywordExecutor.groovy:53)
	at com.kms.katalon.core.webui.keyword.WebUiBuiltInKeywords.click(WebUiBuiltInKeywords.groovy:616)
	at com.kms.katalon.core.webui.keyword.WebUiBuiltInKeywords$click$3.call(Unknown Source)
	at Checkout - Payment - fr.run(Checkout - Payment - fr:125)
	at com.kms.katalon.core.main.ScriptEngine.run(ScriptEngine.java:194)
	at com.kms.katalon.core.main.ScriptEngine.runScriptAsRawText(ScriptEngine.java:119)
	at com.kms.katalon.core.main.TestCaseExecutor.runScript(TestCaseExecutor.java:328)
	at com.kms.katalon.core.main.TestCaseExecutor.doExecute(TestCaseExecutor.java:319)
	at com.kms.katalon.core.main.TestCaseExecutor.processExecutionPhase(TestCaseExecutor.java:298)
	at com.kms.katalon.core.main.TestCaseExecutor.accessMainPhase(TestCaseExecutor.java:290)
	at com.kms.katalon.core.main.TestCaseExecutor.execute(TestCaseExecutor.java:224)
	at com.kms.katalon.core.main.TestSuiteExecutor.accessTestCaseMainPhase(TestSuiteExecutor.java:129)
	at com.kms.katalon.core.main.TestSuiteExecutor.accessTestSuiteMainPhase(TestSuiteExecutor.java:112)
	at com.kms.katalon.core.main.TestSuiteExecutor.execute(TestSuiteExecutor.java:81)
	at com.kms.katalon.core.main.TestCaseMain.startTestSuite(TestCaseMain.java:149)
	at com.kms.katalon.core.main.TestCaseMain$startTestSuite$0.call(Unknown Source)
	at TempTestSuite1561754394056.run(TempTestSuite1561754394056.groovy:36)
"/>
         <system-out><![CDATA[2019-06-28 16:56:36 - [TEST_CASE][FAILED] - Test Cases/OCS- FRENCH/CRITICAL PATH/Checkout - Payment - fr: Test Cases/OCS- FRENCH/CRITICAL PATH/Checkout - Payment - fr FAILED.
Reason:
com.kms.katalon.core.exception.StepFailedException: Unable to click on object 'Object Repository/OCS- FRENCH/Page_Ontario Cannabis Store - Livra/button_Continuer vers le moyen' (Root cause: com.kms.katalon.core.webui.exception.WebElementNotFoundException: Web element with id: 'Object Repository/OCS- FRENCH/Page_Ontario Cannabis Store - Livra/button_Continuer vers le moyen' located by 'By.xpath: //button[@name='button']' not found)
	at com.kms.katalon.core.keyword.internal.KeywordMain.stepFailed(KeywordMain.groovy:36)
	at com.kms.katalon.core.webui.keyword.internal.WebUIKeywordMain.stepFailed(WebUIKeywordMain.groovy:65)
	at com.kms.katalon.core.webui.keyword.internal.WebUIKeywordMain.runKeyword(WebUIKeywordMain.groovy:27)
	at com.kms.katalon.core.webui.keyword.builtin.ClickKeyword.click(ClickKeyword.groovy:86)
	at com.kms.katalon.core.webui.keyword.builtin.ClickKeyword.execute(ClickKeyword.groovy:67)
	at com.kms.katalon.core.keyword.internal.KeywordExecutor.executeKeywordForPlatform(KeywordExecutor.groovy:53)
	at com.kms.katalon.core.webui.keyword.WebUiBuiltInKeywords.click(WebUiBuiltInKeywords.groovy:616)
	at com.kms.katalon.core.webui.keyword.WebUiBuiltInKeywords$click$3.call(Unknown Source)
	at Checkout - Payment - fr.run(Checkout - Payment - fr:125)
	at com.kms.katalon.core.main.ScriptEngine.run(ScriptEngine.java:194)
	at com.kms.katalon.core.main.ScriptEngine.runScriptAsRawText(ScriptEngine.java:119)
	at com.kms.katalon.core.main.TestCaseExecutor.runScript(TestCaseExecutor.java:328)
	at com.kms.katalon.core.main.TestCaseExecutor.doExecute(TestCaseExecutor.java:319)
	at com.kms.katalon.core.main.TestCaseExecutor.processExecutionPhase(TestCaseExecutor.java:298)
	at com.kms.katalon.core.main.TestCaseExecutor.accessMainPhase(TestCaseExecutor.java:290)
	at com.kms.katalon.core.main.TestCaseExecutor.execute(TestCaseExecutor.java:224)
	at com.kms.katalon.core.main.TestSuiteExecutor.accessTestCaseMainPhase(TestSuiteExecutor.java:129)
	at com.kms.katalon.core.main.TestSuiteExecutor.accessTestSuiteMainPhase(TestSuiteExecutor.java:112)
	at com.kms.katalon.core.main.TestSuiteExecutor.execute(TestSuiteExecutor.java:81)
	at com.kms.katalon.core.main.TestCaseMain.startTestSuite(TestCaseMain.java:149)
	at com.kms.katalon.core.main.TestCaseMain$startTestSuite$0.call(Unknown Source)
	at TempTestSuite1561754394056.run(TempTestSuite1561754394056.groovy:36)


2019-06-28 16:56:37 - [TEST_STEP][PASSED] - callTestCase(findTestCase("OCS - MOBILE/CALL - AGE GATE"), [:], STOP_ON_FAILURE): Call Test Case 'Test Cases/OCS - MOBILE/CALL - AGE GATE' successfully

2019-06-28 16:56:37 - [TEST_CASE][PASSED] - Test Cases/OCS - MOBILE/CALL - AGE GATE: Test Cases/OCS - MOBILE/CALL - AGE GATE

2019-06-28 16:56:37 - [TEST_STEP][PASSED] - openBrowser(""): Browser is opened with url: ''

2019-06-28 16:56:37 - [MESSAGE][WARNING] - A browser is already opened. Closing browser and opening a new one

2019-06-28 16:56:37 - [MESSAGE][INFO] - Starting 'Safari' driver

2019-06-28 16:56:37 - [MESSAGE][PASSED] - Browser is opened with url: ''

2019-06-28 16:56:37 - [TEST_STEP][PASSED] - navigateToUrl("ocs.ca"): Navigate to 'http://ocs.ca' successfully

2019-06-28 16:56:39 - [MESSAGE][PASSED] - Navigate to 'http://ocs.ca' successfully

2019-06-28 16:56:39 - [TEST_STEP][NOT_RUN] - executeJavaScript("var previewBar = document.getElementById("preview-bar-iframe"); previewBar.style.display = "none";", []): NOT_RUN: executeJavaScript("var previewBar = document.getElementById("preview-bar-iframe"); previewBar.style.display = "none";", [])

2019-06-28 16:56:39 - [MESSAGE][NOT_RUN] - NOT_RUN: executeJavaScript("var previewBar = document.getElementById("preview-bar-iframe"); previewBar.style.display = "none";", [])

2019-06-28 16:56:39 - [TEST_STEP][PASSED] - setViewPortSize(360, 800): Viewport is set to new size with width = 360 and height = 800

2019-06-28 16:56:39 - [MESSAGE][PASSED] - Viewport is set to new size with width = 360 and height = 800

2019-06-28 16:56:39 - [TEST_STEP][PASSED] - delay(4): Delayed 4 second(s)

2019-06-28 16:56:43 - [MESSAGE][PASSED] - Delayed 4 second(s)

2019-06-28 16:56:43 - [TEST_STEP][PASSED] - selectOptionByValue(findTestObject("OCS-MOBILE /Age gate and burger menu/Date"), "12", true): All options with value '12' are selected in object 'Object Repository/OCS-MOBILE /Age gate and burger menu/Date'  using regular expression

2019-06-28 16:56:43 - [MESSAGE][PASSED] - All options with value '12' are selected in object 'Object Repository/OCS-MOBILE /Age gate and burger menu/Date'  using regular expression

2019-06-28 16:56:43 - [TEST_STEP][PASSED] - selectOptionByValue(findTestObject("OCS-MOBILE /Age gate and burger menu/month"), "6", true): All options with value '6' are selected in object 'Object Repository/OCS-MOBILE /Age gate and burger menu/month'  using regular expression

2019-06-28 16:56:44 - [MESSAGE][PASSED] - All options with value '6' are selected in object 'Object Repository/OCS-MOBILE /Age gate and burger menu/month'  using regular expression

2019-06-28 16:56:44 - [TEST_STEP][PASSED] - delay(2): Delayed 2 second(s)

2019-06-28 16:56:46 - [MESSAGE][PASSED] - Delayed 2 second(s)

2019-06-28 16:56:46 - [TEST_STEP][PASSED] - selectOptionByValue(findTestObject("OCS-MOBILE /Age gate and burger menu/Year Dropdown"), "1990", true): All options with value '1990' are selected in object 'Object Repository/OCS-MOBILE /Age gate and burger menu/Year Dropdown'  using regular expression

2019-06-28 16:56:47 - [MESSAGE][PASSED] - All options with value '1990' are selected in object 'Object Repository/OCS-MOBILE /Age gate and burger menu/Year Dropdown'  using regular expression

2019-06-28 16:56:47 - [TEST_STEP][PASSED] - click(findTestObject("OCS-MOBILE /Age gate and Mega menu/button_Verify")): Object: 'Object Repository/OCS-MOBILE /Age gate and Mega menu/button_Verify' is clicked on

2019-06-28 16:56:47 - [MESSAGE][PASSED] - Object: 'Object Repository/OCS-MOBILE /Age gate and Mega menu/button_Verify' is clicked on

2019-06-28 16:56:47 - [TEST_STEP][PASSED] - click(findTestObject("OCS-MOBILE /Age gate and Mega menu/Checkbox_CONFIRM AND ACKNOWLEDGE")): Object: 'Object Repository/OCS-MOBILE /Age gate and Mega menu/Checkbox_CONFIRM AND ACKNOWLEDGE' is clicked on

2019-06-28 16:56:47 - [MESSAGE][PASSED] - Object: 'Object Repository/OCS-MOBILE /Age gate and Mega menu/Checkbox_CONFIRM AND ACKNOWLEDGE' is clicked on

2019-06-28 16:56:47 - [TEST_STEP][PASSED] - click(findTestObject("OCS-MOBILE /Age gate and Mega menu/button_CONFIRM")): Object: 'Object Repository/OCS-MOBILE /Age gate and Mega menu/button_CONFIRM' is clicked on

2019-06-28 16:56:47 - [MESSAGE][PASSED] - Object: 'Object Repository/OCS-MOBILE /Age gate and Mega menu/button_CONFIRM' is clicked on

2019-06-28 16:56:47 - [TEST_STEP][PASSED] - click(findTestObject("OCS-MOBILE /Age gate and Mega menu/button_Start Browsing")): Object: 'Object Repository/OCS-MOBILE /Age gate and Mega menu/button_Start Browsing' is clicked on

2019-06-28 16:56:47 - [MESSAGE][PASSED] - Object: 'Object Repository/OCS-MOBILE /Age gate and Mega menu/button_Start Browsing' is clicked on

2019-06-28 16:56:47 - [TEST_STEP][PASSED] - refresh(): Refresh successfully

2019-06-28 16:56:50 - [MESSAGE][PASSED] - Refresh successfully

2019-06-28 16:56:50 - [TEST_STEP][NOT_RUN] - executeJavaScript("var previewBar = document.getElementById("preview-bar-iframe"); previewBar.style.display = "none";", []): NOT_RUN: executeJavaScript("var previewBar = document.getElementById("preview-bar-iframe"); previewBar.style.display = "none";", [])

2019-06-28 16:56:50 - [MESSAGE][NOT_RUN] - NOT_RUN: executeJavaScript("var previewBar = document.getElementById("preview-bar-iframe"); previewBar.style.display = "none";", [])

2019-06-28 16:56:50 - [MESSAGE][PASSED] - Call Test Case 'Test Cases/OCS - MOBILE/CALL - AGE GATE' successfully

2019-06-28 16:56:50 - [TEST_STEP][PASSED] - callTestCase(findTestCase("OCS - MOBILE/CALL- TOGGLING LANGUAGE"), [:], STOP_ON_FAILURE): Call Test Case 'Test Cases/OCS - MOBILE/CALL- TOGGLING LANGUAGE' successfully

2019-06-28 16:56:50 - [TEST_CASE][PASSED] - Test Cases/OCS - MOBILE/CALL- TOGGLING LANGUAGE: Test Cases/OCS - MOBILE/CALL- TOGGLING LANGUAGE

2019-06-28 16:56:50 - [TEST_STEP][PASSED] - delay(2): Delayed 2 second(s)

2019-06-28 16:56:52 - [MESSAGE][PASSED] - Delayed 2 second(s)

2019-06-28 16:56:52 - [TEST_STEP][PASSED] - click(findTestObject("OCS-MOBILE /Age gate and burger menu/Burger menu - English")): Object: 'Object Repository/OCS-MOBILE /Age gate and burger menu/Burger menu - English' is clicked on

2019-06-28 16:56:52 - [MESSAGE][PASSED] - Object: 'Object Repository/OCS-MOBILE /Age gate and burger menu/Burger menu - English' is clicked on

2019-06-28 16:56:52 - [TEST_STEP][PASSED] - delay(2): Delayed 2 second(s)

2019-06-28 16:56:54 - [MESSAGE][PASSED] - Delayed 2 second(s)

2019-06-28 16:56:54 - [TEST_STEP][PASSED] - click(findTestObject("OCS-MOBILE /Cart flyout/English dropdown")): Object: 'Object Repository/OCS-MOBILE /Cart flyout/English dropdown' is clicked on

2019-06-28 16:56:54 - [MESSAGE][PASSED] - Object: 'Object Repository/OCS-MOBILE /Cart flyout/English dropdown' is clicked on

2019-06-28 16:56:54 - [TEST_STEP][PASSED] - delay(2): Delayed 2 second(s)

2019-06-28 16:56:56 - [MESSAGE][PASSED] - Delayed 2 second(s)

2019-06-28 16:56:56 - [TEST_STEP][NOT_RUN] - executeJavaScript("var previewBar = document.getElementById("preview-bar-iframe"); previewBar.style.display = "none";", []): NOT_RUN: executeJavaScript("var previewBar = document.getElementById("preview-bar-iframe"); previewBar.style.display = "none";", [])

2019-06-28 16:56:56 - [MESSAGE][NOT_RUN] - NOT_RUN: executeJavaScript("var previewBar = document.getElementById("preview-bar-iframe"); previewBar.style.display = "none";", [])

2019-06-28 16:56:56 - [TEST_STEP][PASSED] - click(findTestObject("OCS-MOBILE /Cart flyout/Select French")): Object: 'Object Repository/OCS-MOBILE /Cart flyout/Select French' is clicked on

2019-06-28 16:56:56 - [MESSAGE][PASSED] - Object: 'Object Repository/OCS-MOBILE /Cart flyout/Select French' is clicked on

2019-06-28 16:56:56 - [MESSAGE][PASSED] - Call Test Case 'Test Cases/OCS - MOBILE/CALL- TOGGLING LANGUAGE' successfully

2019-06-28 16:56:56 - [TEST_STEP][PASSED] - delay(2): Delayed 2 second(s)

2019-06-28 16:56:58 - [MESSAGE][PASSED] - Delayed 2 second(s)

2019-06-28 16:56:58 - [TEST_STEP][PASSED] - click(findTestObject("OCS-MOBILE /Age gate and burger menu/Burger menu - English")): Object: 'Object Repository/OCS-MOBILE /Age gate and burger menu/Burger menu - English' is clicked on

2019-06-28 16:57:00 - [MESSAGE][PASSED] - Object: 'Object Repository/OCS-MOBILE /Age gate and burger menu/Burger menu - English' is clicked on

2019-06-28 16:57:00 - [TEST_STEP][PASSED] - delay(2): Delayed 2 second(s)

2019-06-28 16:57:02 - [MESSAGE][PASSED] - Delayed 2 second(s)

2019-06-28 16:57:02 - [TEST_STEP][PASSED] - click(findTestObject("OCS-MOBILE /Age gate and burger menu/Chevron_Cannabis")): Object: 'Object Repository/OCS-MOBILE /Age gate and burger menu/Chevron_Cannabis' is clicked on

2019-06-28 16:57:02 - [MESSAGE][PASSED] - Object: 'Object Repository/OCS-MOBILE /Age gate and burger menu/Chevron_Cannabis' is clicked on

2019-06-28 16:57:02 - [TEST_STEP][PASSED] - delay(2): Delayed 2 second(s)

2019-06-28 16:57:04 - [MESSAGE][PASSED] - Delayed 2 second(s)

2019-06-28 16:57:04 - [TEST_STEP][PASSED] - click(findTestObject("OCS-MOBILE /Age gate and burger menu/Dried Flower_Plus icon")): Object: 'Object Repository/OCS-MOBILE /Age gate and burger menu/Dried Flower_Plus icon' is clicked on

2019-06-28 16:57:04 - [MESSAGE][PASSED] - Object: 'Object Repository/OCS-MOBILE /Age gate and burger menu/Dried Flower_Plus icon' is clicked on

2019-06-28 16:57:04 - [TEST_STEP][PASSED] - delay(2): Delayed 2 second(s)

2019-06-28 16:57:06 - [MESSAGE][PASSED] - Delayed 2 second(s)

2019-06-28 16:57:06 - [TEST_STEP][PASSED] - click(findTestObject("OCS- FRENCH/Indica Dominant_Menu item")): Object: 'Object Repository/OCS- FRENCH/Indica Dominant_Menu item' is clicked on

2019-06-28 16:57:09 - [MESSAGE][PASSED] - Object: 'Object Repository/OCS- FRENCH/Indica Dominant_Menu item' is clicked on

2019-06-28 16:57:09 - [TEST_STEP][NOT_RUN] - executeJavaScript("var previewBar = document.getElementById("preview-bar-iframe"); previewBar.style.display = "none";", []): NOT_RUN: executeJavaScript("var previewBar = document.getElementById("preview-bar-iframe"); previewBar.style.display = "none";", [])

2019-06-28 16:57:09 - [MESSAGE][NOT_RUN] - NOT_RUN: executeJavaScript("var previewBar = document.getElementById("preview-bar-iframe"); previewBar.style.display = "none";", [])

2019-06-28 16:57:09 - [TEST_STEP][PASSED] - delay(2): Delayed 2 second(s)

2019-06-28 16:57:11 - [MESSAGE][PASSED] - Delayed 2 second(s)

2019-06-28 16:57:11 - [TEST_STEP][PASSED] - click(findTestObject("OCS- FRENCH/Product image - 1st one")): Object: 'Object Repository/OCS- FRENCH/Product image - 1st one' is clicked on

2019-06-28 16:57:15 - [MESSAGE][PASSED] - Object: 'Object Repository/OCS- FRENCH/Product image - 1st one' is clicked on

2019-06-28 16:57:15 - [TEST_STEP][NOT_RUN] - executeJavaScript("var previewBar = document.getElementById("preview-bar-iframe"); previewBar.style.display = "none";", []): NOT_RUN: executeJavaScript("var previewBar = document.getElementById("preview-bar-iframe"); previewBar.style.display = "none";", [])

2019-06-28 16:57:15 - [MESSAGE][NOT_RUN] - NOT_RUN: executeJavaScript("var previewBar = document.getElementById("preview-bar-iframe"); previewBar.style.display = "none";", [])

2019-06-28 16:57:15 - [TEST_STEP][PASSED] - delay(2): Delayed 2 second(s)

2019-06-28 16:57:17 - [MESSAGE][PASSED] - Delayed 2 second(s)

2019-06-28 16:57:17 - [TEST_STEP][PASSED] - click(findTestObject("OCS-MOBILE /Product page/Swatch_1g")): Object: 'Object Repository/OCS-MOBILE /Product page/Swatch_1g' is clicked on

2019-06-28 16:57:17 - [MESSAGE][PASSED] - Object: 'Object Repository/OCS-MOBILE /Product page/Swatch_1g' is clicked on

2019-06-28 16:57:17 - [TEST_STEP][PASSED] - delay(2): Delayed 2 second(s)

2019-06-28 16:57:19 - [MESSAGE][PASSED] - Delayed 2 second(s)

2019-06-28 16:57:19 - [TEST_STEP][PASSED] - click(findTestObject("OCS-MOBILE /Product page/Quantity Increase - Button")): Object: 'Object Repository/OCS-MOBILE /Product page/Quantity Increase - Button' is clicked on

2019-06-28 16:57:19 - [MESSAGE][PASSED] - Object: 'Object Repository/OCS-MOBILE /Product page/Quantity Increase - Button' is clicked on

2019-06-28 16:57:19 - [TEST_STEP][PASSED] - delay(2): Delayed 2 second(s)

2019-06-28 16:57:21 - [MESSAGE][PASSED] - Delayed 2 second(s)

2019-06-28 16:57:21 - [TEST_STEP][PASSED] - click(findTestObject("OCS-MOBILE /Product page/Add to Bag-button")): Object: 'Object Repository/OCS-MOBILE /Product page/Add to Bag-button' is clicked on

2019-06-28 16:57:21 - [MESSAGE][PASSED] - Object: 'Object Repository/OCS-MOBILE /Product page/Add to Bag-button' is clicked on

2019-06-28 16:57:21 - [TEST_STEP][PASSED] - delay(1): Delayed 1 second(s)

2019-06-28 16:57:22 - [MESSAGE][PASSED] - Delayed 1 second(s)

2019-06-28 16:57:22 - [TEST_STEP][NOT_RUN] - click(findTestObject("OCS-MOBILE /Home - page/Cart icon -bag")): NOT_RUN: click(findTestObject("OCS-MOBILE /Home - page/Cart icon -bag"))

2019-06-28 16:57:22 - [MESSAGE][NOT_RUN] - NOT_RUN: click(findTestObject("OCS-MOBILE /Home - page/Cart icon -bag"))

2019-06-28 16:57:22 - [TEST_STEP][PASSED] - delay(2): Delayed 2 second(s)

2019-06-28 16:57:24 - [MESSAGE][PASSED] - Delayed 2 second(s)

2019-06-28 16:57:24 - [TEST_STEP][PASSED] - delay(1): Delayed 1 second(s)

2019-06-28 16:57:25 - [MESSAGE][PASSED] - Delayed 1 second(s)

2019-06-28 16:57:25 - [TEST_STEP][PASSED] - click(findTestObject("OCS-MOBILE /Cart flyout/Checkbox_I confirm that")): Object: 'Object Repository/OCS-MOBILE /Cart flyout/Checkbox_I confirm that' is clicked on

2019-06-28 16:57:25 - [MESSAGE][PASSED] - Object: 'Object Repository/OCS-MOBILE /Cart flyout/Checkbox_I confirm that' is clicked on

2019-06-28 16:57:25 - [TEST_STEP][PASSED] - delay(2): Delayed 2 second(s)

2019-06-28 16:57:27 - [MESSAGE][PASSED] - Delayed 2 second(s)

2019-06-28 16:57:27 - [TEST_STEP][PASSED] - click(findTestObject("OCS-MOBILE /Cart flyout/Checkbox_Accept the Terms Condition")): Object: 'Object Repository/OCS-MOBILE /Cart flyout/Checkbox_Accept the Terms Condition' is clicked on

2019-06-28 16:57:27 - [MESSAGE][PASSED] - Object: 'Object Repository/OCS-MOBILE /Cart flyout/Checkbox_Accept the Terms Condition' is clicked on

2019-06-28 16:57:27 - [TEST_STEP][PASSED] - delay(2): Delayed 2 second(s)

2019-06-28 16:57:29 - [MESSAGE][PASSED] - Delayed 2 second(s)

2019-06-28 16:57:29 - [TEST_STEP][PASSED] - click(findTestObject("OCS-MOBILE /Cart flyout/Checkout - Button")): Object: 'Object Repository/OCS-MOBILE /Cart flyout/Checkout - Button' is clicked on

2019-06-28 16:57:32 - [MESSAGE][PASSED] - Object: 'Object Repository/OCS-MOBILE /Cart flyout/Checkout - Button' is clicked on

2019-06-28 16:57:32 - [TEST_STEP][NOT_RUN] - executeJavaScript("var previewBar = document.getElementById("preview-bar-iframe"); previewBar.style.display = "none";", []): NOT_RUN: executeJavaScript("var previewBar = document.getElementById("preview-bar-iframe"); previewBar.style.display = "none";", [])

2019-06-28 16:57:32 - [MESSAGE][NOT_RUN] - NOT_RUN: executeJavaScript("var previewBar = document.getElementById("preview-bar-iframe"); previewBar.style.display = "none";", [])

2019-06-28 16:57:32 - [TEST_STEP][PASSED] - delay(1): Delayed 1 second(s)

2019-06-28 16:57:33 - [MESSAGE][PASSED] - Delayed 1 second(s)

2019-06-28 16:57:33 - [TEST_STEP][PASSED] - delay(1): Delayed 1 second(s)

2019-06-28 16:57:34 - [MESSAGE][PASSED] - Delayed 1 second(s)

2019-06-28 16:57:34 - [TEST_STEP][PASSED] - callTestCase(findTestCase("OCS - MOBILE/CALL- SHIPPING TO PAYMENT"), [:], STOP_ON_FAILURE): Call Test Case 'Test Cases/OCS - MOBILE/CALL- SHIPPING TO PAYMENT' successfully

2019-06-28 16:57:34 - [TEST_CASE][PASSED] - Test Cases/OCS - MOBILE/CALL- SHIPPING TO PAYMENT: Test Cases/OCS - MOBILE/CALL- SHIPPING TO PAYMENT

2019-06-28 16:57:34 - [TEST_STEP][NOT_RUN] - executeJavaScript("var previewBar = document.getElementById("preview-bar-iframe"); previewBar.style.display = "none";", []): NOT_RUN: executeJavaScript("var previewBar = document.getElementById("preview-bar-iframe"); previewBar.style.display = "none";", [])

2019-06-28 16:57:34 - [MESSAGE][NOT_RUN] - NOT_RUN: executeJavaScript("var previewBar = document.getElementById("preview-bar-iframe"); previewBar.style.display = "none";", [])

2019-06-28 16:57:34 - [TEST_STEP][PASSED] - delay(2): Delayed 2 second(s)

2019-06-28 16:57:36 - [MESSAGE][PASSED] - Delayed 2 second(s)

2019-06-28 16:57:36 - [TEST_STEP][PASSED] - setText(findTestObject("OCS- FRENCH/Page_Ontario Cannabis Store - Infor/input_Adresse e-mail_checkoute"), "suman@gmail.com"): Text 'suman@gmail.com' is set on object 'Object Repository/OCS- FRENCH/Page_Ontario Cannabis Store - Infor/input_Adresse e-mail_checkoute'

2019-06-28 16:57:36 - [MESSAGE][PASSED] - Text 'suman@gmail.com' is set on object 'Object Repository/OCS- FRENCH/Page_Ontario Cannabis Store - Infor/input_Adresse e-mail_checkoute'

2019-06-28 16:57:36 - [TEST_STEP][PASSED] - delay(2): Delayed 2 second(s)

2019-06-28 16:57:38 - [MESSAGE][PASSED] - Delayed 2 second(s)

2019-06-28 16:57:38 - [TEST_STEP][PASSED] - setText(findTestObject("Object Repository/OCS- FRENCH/Page_Ontario Cannabis Store - Infor/input_Prnom_checkoutshipping_a"), "suman"): Text 'suman' is set on object 'Object Repository/OCS- FRENCH/Page_Ontario Cannabis Store - Infor/input_Prnom_checkoutshipping_a'

2019-06-28 16:57:39 - [MESSAGE][PASSED] - Text 'suman' is set on object 'Object Repository/OCS- FRENCH/Page_Ontario Cannabis Store - Infor/input_Prnom_checkoutshipping_a'

2019-06-28 16:57:39 - [TEST_STEP][PASSED] - delay(2): Delayed 2 second(s)

2019-06-28 16:57:41 - [MESSAGE][PASSED] - Delayed 2 second(s)

2019-06-28 16:57:41 - [TEST_STEP][PASSED] - setText(findTestObject("Object Repository/OCS- FRENCH/Page_Ontario Cannabis Store - Infor/input_Nom_checkoutshipping_add"), "test12"): Text 'test12' is set on object 'Object Repository/OCS- FRENCH/Page_Ontario Cannabis Store - Infor/input_Nom_checkoutshipping_add'

2019-06-28 16:57:41 - [MESSAGE][PASSED] - Text 'test12' is set on object 'Object Repository/OCS- FRENCH/Page_Ontario Cannabis Store - Infor/input_Nom_checkoutshipping_add'

2019-06-28 16:57:41 - [TEST_STEP][PASSED] - delay(2): Delayed 2 second(s)

2019-06-28 16:57:43 - [MESSAGE][PASSED] - Delayed 2 second(s)

2019-06-28 16:57:43 - [TEST_STEP][PASSED] - setText(findTestObject("Object Repository/OCS- FRENCH/Page_Ontario Cannabis Store - Infor/input_Adresse_checkoutshipping"), "test12"): Text 'test12' is set on object 'Object Repository/OCS- FRENCH/Page_Ontario Cannabis Store - Infor/input_Adresse_checkoutshipping'

2019-06-28 16:57:43 - [MESSAGE][PASSED] - Text 'test12' is set on object 'Object Repository/OCS- FRENCH/Page_Ontario Cannabis Store - Infor/input_Adresse_checkoutshipping'

2019-06-28 16:57:43 - [TEST_STEP][PASSED] - delay(2): Delayed 2 second(s)

2019-06-28 16:57:45 - [MESSAGE][PASSED] - Delayed 2 second(s)

2019-06-28 16:57:45 - [TEST_STEP][PASSED] - setText(findTestObject("Object Repository/OCS- FRENCH/Page_Ontario Cannabis Store - Infor/input_Appartement suite etc. ("), "12"): Text '12' is set on object 'Object Repository/OCS- FRENCH/Page_Ontario Cannabis Store - Infor/input_Appartement suite etc. ('

2019-06-28 16:57:45 - [MESSAGE][PASSED] - Text '12' is set on object 'Object Repository/OCS- FRENCH/Page_Ontario Cannabis Store - Infor/input_Appartement suite etc. ('

2019-06-28 16:57:45 - [TEST_STEP][PASSED] - delay(2): Delayed 2 second(s)

2019-06-28 16:57:47 - [MESSAGE][PASSED] - Delayed 2 second(s)

2019-06-28 16:57:47 - [TEST_STEP][PASSED] - setText(findTestObject("Object Repository/OCS- FRENCH/Page_Ontario Cannabis Store - Infor/input_Ville_checkoutshipping_a"), "montreal"): Text 'montreal' is set on object 'Object Repository/OCS- FRENCH/Page_Ontario Cannabis Store - Infor/input_Ville_checkoutshipping_a'

2019-06-28 16:57:47 - [MESSAGE][PASSED] - Text 'montreal' is set on object 'Object Repository/OCS- FRENCH/Page_Ontario Cannabis Store - Infor/input_Ville_checkoutshipping_a'

2019-06-28 16:57:47 - [TEST_STEP][PASSED] - delay(2): Delayed 2 second(s)

2019-06-28 16:57:49 - [MESSAGE][PASSED] - Delayed 2 second(s)

2019-06-28 16:57:49 - [TEST_STEP][PASSED] - setText(findTestObject("Object Repository/OCS- FRENCH/Page_Ontario Cannabis Store - Infor/input_Code postal_checkoutship"), "n0r1k0"): Text 'n0r1k0' is set on object 'Object Repository/OCS- FRENCH/Page_Ontario Cannabis Store - Infor/input_Code postal_checkoutship'

2019-06-28 16:57:49 - [MESSAGE][PASSED] - Text 'n0r1k0' is set on object 'Object Repository/OCS- FRENCH/Page_Ontario Cannabis Store - Infor/input_Code postal_checkoutship'

2019-06-28 16:57:49 - [TEST_STEP][PASSED] - delay(2): Delayed 2 second(s)

2019-06-28 16:57:51 - [MESSAGE][PASSED] - Delayed 2 second(s)

2019-06-28 16:57:51 - [TEST_STEP][PASSED] - setText(findTestObject("Object Repository/OCS- FRENCH/Page_Ontario Cannabis Store - Infor/input_Tlphone_checkoutshipping"), "514-449-3883"): Text '514-449-3883' is set on object 'Object Repository/OCS- FRENCH/Page_Ontario Cannabis Store - Infor/input_Tlphone_checkoutshipping'

2019-06-28 16:57:52 - [MESSAGE][PASSED] - Text '514-449-3883' is set on object 'Object Repository/OCS- FRENCH/Page_Ontario Cannabis Store - Infor/input_Tlphone_checkoutshipping'

2019-06-28 16:57:52 - [TEST_STEP][PASSED] - delay(2): Delayed 2 second(s)

2019-06-28 16:57:54 - [MESSAGE][PASSED] - Delayed 2 second(s)

2019-06-28 16:57:54 - [TEST_STEP][PASSED] - click(findTestObject("Object Repository/OCS- FRENCH/Page_Ontario Cannabis Store - Infor/button_Continuer vers le mode")): Object: 'Object Repository/OCS- FRENCH/Page_Ontario Cannabis Store - Infor/button_Continuer vers le mode' is clicked on

2019-06-28 16:57:54 - [MESSAGE][PASSED] - Object: 'Object Repository/OCS- FRENCH/Page_Ontario Cannabis Store - Infor/button_Continuer vers le mode' is clicked on

2019-06-28 16:57:54 - [TEST_STEP][PASSED] - delay(2): Delayed 2 second(s)

2019-06-28 16:57:56 - [MESSAGE][PASSED] - Delayed 2 second(s)

2019-06-28 16:57:56 - [TEST_STEP][NOT_RUN] - executeJavaScript("var previewBar = document.getElementById("preview-bar-iframe"); previewBar.style.display = "none";", []): NOT_RUN: executeJavaScript("var previewBar = document.getElementById("preview-bar-iframe"); previewBar.style.display = "none";", [])

2019-06-28 16:57:56 - [MESSAGE][NOT_RUN] - NOT_RUN: executeJavaScript("var previewBar = document.getElementById("preview-bar-iframe"); previewBar.style.display = "none";", [])

2019-06-28 16:57:56 - [TEST_STEP][PASSED] - delay(2): Delayed 2 second(s)

2019-06-28 16:57:58 - [MESSAGE][PASSED] - Delayed 2 second(s)

2019-06-28 16:57:58 - [TEST_STEP][PASSED] - click(findTestObject("Object Repository/OCS- FRENCH/Page_Ontario Cannabis Store - Livra/button_Continuer vers le moyen")): Object: 'Object Repository/OCS- FRENCH/Page_Ontario Cannabis Store - Livra/button_Continuer vers le moyen' is clicked on

2019-06-28 16:57:58 - [MESSAGE][PASSED] - Object: 'Object Repository/OCS- FRENCH/Page_Ontario Cannabis Store - Livra/button_Continuer vers le moyen' is clicked on

2019-06-28 16:57:58 - [MESSAGE][PASSED] - Call Test Case 'Test Cases/OCS - MOBILE/CALL- SHIPPING TO PAYMENT' successfully

2019-06-28 16:57:58 - [TEST_STEP][NOT_RUN] - executeJavaScript("var previewBar = document.getElementById("preview-bar-iframe"); previewBar.style.display = "none";", []): NOT_RUN: executeJavaScript("var previewBar = document.getElementById("preview-bar-iframe"); previewBar.style.display = "none";", [])

2019-06-28 16:57:58 - [MESSAGE][NOT_RUN] - NOT_RUN: executeJavaScript("var previewBar = document.getElementById("preview-bar-iframe"); previewBar.style.display = "none";", [])

2019-06-28 16:57:58 - [TEST_STEP][PASSED] - delay(1): Delayed 1 second(s)

2019-06-28 16:57:59 - [MESSAGE][PASSED] - Delayed 1 second(s)

2019-06-28 16:57:59 - [TEST_STEP][PASSED] - click(findTestObject("OCS- FRENCH/Change link span 1")): Object: 'Object Repository/OCS- FRENCH/Change link span 1' is clicked on

2019-06-28 16:58:00 - [MESSAGE][PASSED] - Object: 'Object Repository/OCS- FRENCH/Change link span 1' is clicked on

2019-06-28 16:58:00 - [TEST_STEP][NOT_RUN] - executeJavaScript("var previewBar = document.getElementById("preview-bar-iframe"); previewBar.style.display = "none";", []): NOT_RUN: executeJavaScript("var previewBar = document.getElementById("preview-bar-iframe"); previewBar.style.display = "none";", [])

2019-06-28 16:58:00 - [MESSAGE][NOT_RUN] - NOT_RUN: executeJavaScript("var previewBar = document.getElementById("preview-bar-iframe"); previewBar.style.display = "none";", [])

2019-06-28 16:58:00 - [TEST_STEP][PASSED] - setViewPortSize(360, 1000, CONTINUE_ON_FAILURE): Viewport is set to new size with width = 360 and height = 1000

2019-06-28 16:58:00 - [MESSAGE][PASSED] - Viewport is set to new size with width = 360 and height = 1000

2019-06-28 16:58:00 - [TEST_STEP][PASSED] - click(findTestObject("OCS- FRENCH/Page_Ontario Cannabis Store - Infor/button_Continuer vers le mode")): Object: 'Object Repository/OCS- FRENCH/Page_Ontario Cannabis Store - Infor/button_Continuer vers le mode' is clicked on

2019-06-28 16:58:00 - [MESSAGE][PASSED] - Object: 'Object Repository/OCS- FRENCH/Page_Ontario Cannabis Store - Infor/button_Continuer vers le mode' is clicked on

2019-06-28 16:58:00 - [TEST_STEP][NOT_RUN] - delay(1): NOT_RUN: delay(1)

2019-06-28 16:58:00 - [MESSAGE][NOT_RUN] - NOT_RUN: delay(1)

2019-06-28 16:58:00 - [TEST_STEP][NOT_RUN] - executeJavaScript("var previewBar = document.getElementById("preview-bar-iframe"); previewBar.style.display = "none";", []): NOT_RUN: executeJavaScript("var previewBar = document.getElementById("preview-bar-iframe"); previewBar.style.display = "none";", [])

2019-06-28 16:58:00 - [MESSAGE][NOT_RUN] - NOT_RUN: executeJavaScript("var previewBar = document.getElementById("preview-bar-iframe"); previewBar.style.display = "none";", [])

2019-06-28 16:58:00 - [TEST_STEP][PASSED] - delay(1): Delayed 1 second(s)

2019-06-28 16:58:01 - [MESSAGE][PASSED] - Delayed 1 second(s)

2019-06-28 16:58:01 - [TEST_STEP][PASSED] - click(findTestObject("OCS- FRENCH/Page_Ontario Cannabis Store - Livra/button_Continuer vers le moyen")): Object: 'Object Repository/OCS- FRENCH/Page_Ontario Cannabis Store - Livra/button_Continuer vers le moyen' is clicked on

2019-06-28 16:58:01 - [MESSAGE][PASSED] - Object: 'Object Repository/OCS- FRENCH/Page_Ontario Cannabis Store - Livra/button_Continuer vers le moyen' is clicked on

2019-06-28 16:58:01 - [TEST_STEP][PASSED] - delay(1): Delayed 1 second(s)

2019-06-28 16:58:02 - [MESSAGE][PASSED] - Delayed 1 second(s)

2019-06-28 16:58:02 - [TEST_STEP][PASSED] - click(findTestObject("OCS- FRENCH/Change link span 2")): Object: 'Object Repository/OCS- FRENCH/Change link span 2' is clicked on

2019-06-28 16:58:03 - [MESSAGE][PASSED] - Object: 'Object Repository/OCS- FRENCH/Change link span 2' is clicked on

2019-06-28 16:58:03 - [TEST_STEP][NOT_RUN] - executeJavaScript("var previewBar = document.getElementById("preview-bar-iframe"); previewBar.style.display = "none";", []): NOT_RUN: executeJavaScript("var previewBar = document.getElementById("preview-bar-iframe"); previewBar.style.display = "none";", [])

2019-06-28 16:58:03 - [MESSAGE][NOT_RUN] - NOT_RUN: executeJavaScript("var previewBar = document.getElementById("preview-bar-iframe"); previewBar.style.display = "none";", [])

2019-06-28 16:58:03 - [TEST_STEP][PASSED] - delay(1): Delayed 1 second(s)

2019-06-28 16:58:04 - [MESSAGE][PASSED] - Delayed 1 second(s)

2019-06-28 16:58:04 - [TEST_STEP][PASSED] - click(findTestObject("OCS- FRENCH/Page_Ontario Cannabis Store - Livra/button_Continuer vers le moyen")): Object: 'Object Repository/OCS- FRENCH/Page_Ontario Cannabis Store - Livra/button_Continuer vers le moyen' is clicked on

2019-06-28 16:58:04 - [MESSAGE][PASSED] - Object: 'Object Repository/OCS- FRENCH/Page_Ontario Cannabis Store - Livra/button_Continuer vers le moyen' is clicked on

2019-06-28 16:58:04 - [TEST_STEP][PASSED] - delay(1): Delayed 1 second(s)

2019-06-28 16:58:05 - [MESSAGE][PASSED] - Delayed 1 second(s)

2019-06-28 16:58:05 - [TEST_STEP][PASSED] - click(findTestObject("OCS- FRENCH/REturn to shipping page")): Object: 'Object Repository/OCS- FRENCH/REturn to shipping page' is clicked on

2019-06-28 16:58:06 - [MESSAGE][PASSED] - Object: 'Object Repository/OCS- FRENCH/REturn to shipping page' is clicked on

2019-06-28 16:58:06 - [TEST_STEP][PASSED] - delay(1): Delayed 1 second(s)

2019-06-28 16:58:07 - [MESSAGE][PASSED] - Delayed 1 second(s)

2019-06-28 16:58:07 - [TEST_STEP][FAILED] - click(findTestObject("OCS- FRENCH/Page_Ontario Cannabis Store - Livra/button_Continuer vers le moyen")): click(findTestObject("OCS- FRENCH/Page_Ontario Cannabis Store - Livra/button_Continuer vers le moyen")) FAILED.
Reason:
com.kms.katalon.core.exception.StepFailedException: Unable to click on object 'Object Repository/OCS- FRENCH/Page_Ontario Cannabis Store - Livra/button_Continuer vers le moyen' (Root cause: com.kms.katalon.core.webui.exception.WebElementNotFoundException: Web element with id: 'Object Repository/OCS- FRENCH/Page_Ontario Cannabis Store - Livra/button_Continuer vers le moyen' located by 'By.xpath: //button[@name='button']' not found)
	at com.kms.katalon.core.keyword.internal.KeywordMain.stepFailed(KeywordMain.groovy:36)
	at com.kms.katalon.core.webui.keyword.internal.WebUIKeywordMain.stepFailed(WebUIKeywordMain.groovy:65)
	at com.kms.katalon.core.webui.keyword.internal.WebUIKeywordMain.runKeyword(WebUIKeywordMain.groovy:27)
	at com.kms.katalon.core.webui.keyword.builtin.ClickKeyword.click(ClickKeyword.groovy:86)
	at com.kms.katalon.core.webui.keyword.builtin.ClickKeyword.execute(ClickKeyword.groovy:67)
	at com.kms.katalon.core.keyword.internal.KeywordExecutor.executeKeywordForPlatform(KeywordExecutor.groovy:53)
	at com.kms.katalon.core.webui.keyword.WebUiBuiltInKeywords.click(WebUiBuiltInKeywords.groovy:616)
	at com.kms.katalon.core.webui.keyword.WebUiBuiltInKeywords$click$3.call(Unknown Source)
	at Checkout - Payment - fr.run(Checkout - Payment - fr:125)
	at com.kms.katalon.core.main.ScriptEngine.run(ScriptEngine.java:194)
	at com.kms.katalon.core.main.ScriptEngine.runScriptAsRawText(ScriptEngine.java:119)
	at com.kms.katalon.core.main.TestCaseExecutor.runScript(TestCaseExecutor.java:328)
	at com.kms.katalon.core.main.TestCaseExecutor.doExecute(TestCaseExecutor.java:319)
	at com.kms.katalon.core.main.TestCaseExecutor.processExecutionPhase(TestCaseExecutor.java:298)
	at com.kms.katalon.core.main.TestCaseExecutor.accessMainPhase(TestCaseExecutor.java:290)
	at com.kms.katalon.core.main.TestCaseExecutor.execute(TestCaseExecutor.java:224)
	at com.kms.katalon.core.main.TestSuiteExecutor.accessTestCaseMainPhase(TestSuiteExecutor.java:129)
	at com.kms.katalon.core.main.TestSuiteExecutor.accessTestSuiteMainPhase(TestSuiteExecutor.java:112)
	at com.kms.katalon.core.main.TestSuiteExecutor.execute(TestSuiteExecutor.java:81)
	at com.kms.katalon.core.main.TestCaseMain.startTestSuite(TestCaseMain.java:149)
	at com.kms.katalon.core.main.TestCaseMain$startTestSuite$0.call(Unknown Source)
	at TempTestSuite1561754394056.run(TempTestSuite1561754394056.groovy:36)


2019-06-28 16:58:38 - [MESSAGE][INFO] - Unable to find the element located by 'By.xpath: //button[@name='button']'. Please recheck the objects properties to make sure the desired element is located. 

2019-06-28 16:58:38 - [MESSAGE][FAILED] - Unable to click on object 'Object Repository/OCS- FRENCH/Page_Ontario Cannabis Store - Livra/button_Continuer vers le moyen' (Root cause: com.kms.katalon.core.webui.exception.WebElementNotFoundException: Web element with id: 'Object Repository/OCS- FRENCH/Page_Ontario Cannabis Store - Livra/button_Continuer vers le moyen' located by 'By.xpath: //button[@name='button']' not found)
[[ATTACHMENT|/Users/sumankompelly/Relative xpath-Mobile/Reports/Live site/20190628_163954/1561755518478.png]]

2019-06-28 16:58:38 - [MESSAGE][FAILED] - click(findTestObject("OCS- FRENCH/Page_Ontario Cannabis Store - Livra/button_Continuer vers le moyen")) FAILED.
Reason:
com.kms.katalon.core.exception.StepFailedException: Unable to click on object 'Object Repository/OCS- FRENCH/Page_Ontario Cannabis Store - Livra/button_Continuer vers le moyen' (Root cause: com.kms.katalon.core.webui.exception.WebElementNotFoundException: Web element with id: 'Object Repository/OCS- FRENCH/Page_Ontario Cannabis Store - Livra/button_Continuer vers le moyen' located by 'By.xpath: //button[@name='button']' not found)
	at com.kms.katalon.core.keyword.internal.KeywordMain.stepFailed(KeywordMain.groovy:36)
	at com.kms.katalon.core.webui.keyword.internal.WebUIKeywordMain.stepFailed(WebUIKeywordMain.groovy:65)
	at com.kms.katalon.core.webui.keyword.internal.WebUIKeywordMain.runKeyword(WebUIKeywordMain.groovy:27)
	at com.kms.katalon.core.webui.keyword.builtin.ClickKeyword.click(ClickKeyword.groovy:86)
	at com.kms.katalon.core.webui.keyword.builtin.ClickKeyword.execute(ClickKeyword.groovy:67)
	at com.kms.katalon.core.keyword.internal.KeywordExecutor.executeKeywordForPlatform(KeywordExecutor.groovy:53)
	at com.kms.katalon.core.webui.keyword.WebUiBuiltInKeywords.click(WebUiBuiltInKeywords.groovy:616)
	at com.kms.katalon.core.webui.keyword.WebUiBuiltInKeywords$click$3.call(Unknown Source)
	at Checkout - Payment - fr.run(Checkout - Payment - fr:125)
	at com.kms.katalon.core.main.ScriptEngine.run(ScriptEngine.java:194)
	at com.kms.katalon.core.main.ScriptEngine.runScriptAsRawText(ScriptEngine.java:119)
	at com.kms.katalon.core.main.TestCaseExecutor.runScript(TestCaseExecutor.java:328)
	at com.kms.katalon.core.main.TestCaseExecutor.doExecute(TestCaseExecutor.java:319)
	at com.kms.katalon.core.main.TestCaseExecutor.processExecutionPhase(TestCaseExecutor.java:298)
	at com.kms.katalon.core.main.TestCaseExecutor.accessMainPhase(TestCaseExecutor.java:290)
	at com.kms.katalon.core.main.TestCaseExecutor.execute(TestCaseExecutor.java:224)
	at com.kms.katalon.core.main.TestSuiteExecutor.accessTestCaseMainPhase(TestSuiteExecutor.java:129)
	at com.kms.katalon.core.main.TestSuiteExecutor.accessTestSuiteMainPhase(TestSuiteExecutor.java:112)
	at com.kms.katalon.core.main.TestSuiteExecutor.execute(TestSuiteExecutor.java:81)
	at com.kms.katalon.core.main.TestCaseMain.startTestSuite(TestCaseMain.java:149)
	at com.kms.katalon.core.main.TestCaseMain$startTestSuite$0.call(Unknown Source)
	at TempTestSuite1561754394056.run(TempTestSuite1561754394056.groovy:36)]]></system-out>
         <system-err><![CDATA[2019-06-28 16:56:36 - [TEST_CASE][FAILED] - Test Cases/OCS- FRENCH/CRITICAL PATH/Checkout - Payment - fr: Test Cases/OCS- FRENCH/CRITICAL PATH/Checkout - Payment - fr FAILED.
Reason:
com.kms.katalon.core.exception.StepFailedException: Unable to click on object 'Object Repository/OCS- FRENCH/Page_Ontario Cannabis Store - Livra/button_Continuer vers le moyen' (Root cause: com.kms.katalon.core.webui.exception.WebElementNotFoundException: Web element with id: 'Object Repository/OCS- FRENCH/Page_Ontario Cannabis Store - Livra/button_Continuer vers le moyen' located by 'By.xpath: //button[@name='button']' not found)
	at com.kms.katalon.core.keyword.internal.KeywordMain.stepFailed(KeywordMain.groovy:36)
	at com.kms.katalon.core.webui.keyword.internal.WebUIKeywordMain.stepFailed(WebUIKeywordMain.groovy:65)
	at com.kms.katalon.core.webui.keyword.internal.WebUIKeywordMain.runKeyword(WebUIKeywordMain.groovy:27)
	at com.kms.katalon.core.webui.keyword.builtin.ClickKeyword.click(ClickKeyword.groovy:86)
	at com.kms.katalon.core.webui.keyword.builtin.ClickKeyword.execute(ClickKeyword.groovy:67)
	at com.kms.katalon.core.keyword.internal.KeywordExecutor.executeKeywordForPlatform(KeywordExecutor.groovy:53)
	at com.kms.katalon.core.webui.keyword.WebUiBuiltInKeywords.click(WebUiBuiltInKeywords.groovy:616)
	at com.kms.katalon.core.webui.keyword.WebUiBuiltInKeywords$click$3.call(Unknown Source)
	at Checkout - Payment - fr.run(Checkout - Payment - fr:125)
	at com.kms.katalon.core.main.ScriptEngine.run(ScriptEngine.java:194)
	at com.kms.katalon.core.main.ScriptEngine.runScriptAsRawText(ScriptEngine.java:119)
	at com.kms.katalon.core.main.TestCaseExecutor.runScript(TestCaseExecutor.java:328)
	at com.kms.katalon.core.main.TestCaseExecutor.doExecute(TestCaseExecutor.java:319)
	at com.kms.katalon.core.main.TestCaseExecutor.processExecutionPhase(TestCaseExecutor.java:298)
	at com.kms.katalon.core.main.TestCaseExecutor.accessMainPhase(TestCaseExecutor.java:290)
	at com.kms.katalon.core.main.TestCaseExecutor.execute(TestCaseExecutor.java:224)
	at com.kms.katalon.core.main.TestSuiteExecutor.accessTestCaseMainPhase(TestSuiteExecutor.java:129)
	at com.kms.katalon.core.main.TestSuiteExecutor.accessTestSuiteMainPhase(TestSuiteExecutor.java:112)
	at com.kms.katalon.core.main.TestSuiteExecutor.execute(TestSuiteExecutor.java:81)
	at com.kms.katalon.core.main.TestCaseMain.startTestSuite(TestCaseMain.java:149)
	at com.kms.katalon.core.main.TestCaseMain$startTestSuite$0.call(Unknown Source)
	at TempTestSuite1561754394056.run(TempTestSuite1561754394056.groovy:36)]]></system-err>
      </testcase>
      <testcase name="Test Cases/OCS- FRENCH/CRITICAL PATH/Chcekout - Customer info page - fr" classname="Test Cases/OCS- FRENCH/CRITICAL PATH/Chcekout - Customer info page - fr" status="PASSED">
         <system-out><![CDATA[2019-06-28 16:58:38 - [TEST_CASE][PASSED] - Test Cases/OCS- FRENCH/CRITICAL PATH/Chcekout - Customer info page - fr: Test Cases/OCS- FRENCH/CRITICAL PATH/Chcekout - Customer info page - fr

2019-06-28 16:58:38 - [TEST_STEP][PASSED] - callTestCase(findTestCase("OCS - MOBILE/CALL - AGE GATE"), [:], STOP_ON_FAILURE): Call Test Case 'Test Cases/OCS - MOBILE/CALL - AGE GATE' successfully

2019-06-28 16:58:38 - [TEST_CASE][PASSED] - Test Cases/OCS - MOBILE/CALL - AGE GATE: Test Cases/OCS - MOBILE/CALL - AGE GATE

2019-06-28 16:58:38 - [TEST_STEP][PASSED] - openBrowser(""): Browser is opened with url: ''

2019-06-28 16:58:38 - [MESSAGE][WARNING] - A browser is already opened. Closing browser and opening a new one

2019-06-28 16:58:38 - [MESSAGE][INFO] - Starting 'Safari' driver

2019-06-28 16:58:39 - [MESSAGE][PASSED] - Browser is opened with url: ''

2019-06-28 16:58:39 - [TEST_STEP][PASSED] - navigateToUrl("ocs.ca"): Navigate to 'http://ocs.ca' successfully

2019-06-28 16:58:40 - [MESSAGE][PASSED] - Navigate to 'http://ocs.ca' successfully

2019-06-28 16:58:40 - [TEST_STEP][NOT_RUN] - executeJavaScript("var previewBar = document.getElementById("preview-bar-iframe"); previewBar.style.display = "none";", []): NOT_RUN: executeJavaScript("var previewBar = document.getElementById("preview-bar-iframe"); previewBar.style.display = "none";", [])

2019-06-28 16:58:40 - [MESSAGE][NOT_RUN] - NOT_RUN: executeJavaScript("var previewBar = document.getElementById("preview-bar-iframe"); previewBar.style.display = "none";", [])

2019-06-28 16:58:40 - [TEST_STEP][PASSED] - setViewPortSize(360, 800): Viewport is set to new size with width = 360 and height = 800

2019-06-28 16:58:44 - [MESSAGE][PASSED] - Viewport is set to new size with width = 360 and height = 800

2019-06-28 16:58:44 - [TEST_STEP][PASSED] - delay(4): Delayed 4 second(s)

2019-06-28 16:58:48 - [MESSAGE][PASSED] - Delayed 4 second(s)

2019-06-28 16:58:48 - [TEST_STEP][PASSED] - selectOptionByValue(findTestObject("OCS-MOBILE /Age gate and burger menu/Date"), "12", true): All options with value '12' are selected in object 'Object Repository/OCS-MOBILE /Age gate and burger menu/Date'  using regular expression

2019-06-28 16:58:48 - [MESSAGE][PASSED] - All options with value '12' are selected in object 'Object Repository/OCS-MOBILE /Age gate and burger menu/Date'  using regular expression

2019-06-28 16:58:48 - [TEST_STEP][PASSED] - selectOptionByValue(findTestObject("OCS-MOBILE /Age gate and burger menu/month"), "6", true): All options with value '6' are selected in object 'Object Repository/OCS-MOBILE /Age gate and burger menu/month'  using regular expression

2019-06-28 16:58:48 - [MESSAGE][PASSED] - All options with value '6' are selected in object 'Object Repository/OCS-MOBILE /Age gate and burger menu/month'  using regular expression

2019-06-28 16:58:48 - [TEST_STEP][PASSED] - delay(2): Delayed 2 second(s)

2019-06-28 16:58:50 - [MESSAGE][PASSED] - Delayed 2 second(s)

2019-06-28 16:58:50 - [TEST_STEP][PASSED] - selectOptionByValue(findTestObject("OCS-MOBILE /Age gate and burger menu/Year Dropdown"), "1990", true): All options with value '1990' are selected in object 'Object Repository/OCS-MOBILE /Age gate and burger menu/Year Dropdown'  using regular expression

2019-06-28 16:58:52 - [MESSAGE][PASSED] - All options with value '1990' are selected in object 'Object Repository/OCS-MOBILE /Age gate and burger menu/Year Dropdown'  using regular expression

2019-06-28 16:58:52 - [TEST_STEP][PASSED] - click(findTestObject("OCS-MOBILE /Age gate and Mega menu/button_Verify")): Object: 'Object Repository/OCS-MOBILE /Age gate and Mega menu/button_Verify' is clicked on

2019-06-28 16:58:52 - [MESSAGE][PASSED] - Object: 'Object Repository/OCS-MOBILE /Age gate and Mega menu/button_Verify' is clicked on

2019-06-28 16:58:52 - [TEST_STEP][PASSED] - click(findTestObject("OCS-MOBILE /Age gate and Mega menu/Checkbox_CONFIRM AND ACKNOWLEDGE")): Object: 'Object Repository/OCS-MOBILE /Age gate and Mega menu/Checkbox_CONFIRM AND ACKNOWLEDGE' is clicked on

2019-06-28 16:58:52 - [MESSAGE][PASSED] - Object: 'Object Repository/OCS-MOBILE /Age gate and Mega menu/Checkbox_CONFIRM AND ACKNOWLEDGE' is clicked on

2019-06-28 16:58:52 - [TEST_STEP][PASSED] - click(findTestObject("OCS-MOBILE /Age gate and Mega menu/button_CONFIRM")): Object: 'Object Repository/OCS-MOBILE /Age gate and Mega menu/button_CONFIRM' is clicked on

2019-06-28 16:58:52 - [MESSAGE][PASSED] - Object: 'Object Repository/OCS-MOBILE /Age gate and Mega menu/button_CONFIRM' is clicked on

2019-06-28 16:58:52 - [TEST_STEP][PASSED] - click(findTestObject("OCS-MOBILE /Age gate and Mega menu/button_Start Browsing")): Object: 'Object Repository/OCS-MOBILE /Age gate and Mega menu/button_Start Browsing' is clicked on

2019-06-28 16:58:52 - [MESSAGE][PASSED] - Object: 'Object Repository/OCS-MOBILE /Age gate and Mega menu/button_Start Browsing' is clicked on

2019-06-28 16:58:52 - [TEST_STEP][PASSED] - refresh(): Refresh successfully

2019-06-28 16:58:55 - [MESSAGE][PASSED] - Refresh successfully

2019-06-28 16:58:55 - [TEST_STEP][NOT_RUN] - executeJavaScript("var previewBar = document.getElementById("preview-bar-iframe"); previewBar.style.display = "none";", []): NOT_RUN: executeJavaScript("var previewBar = document.getElementById("preview-bar-iframe"); previewBar.style.display = "none";", [])

2019-06-28 16:58:55 - [MESSAGE][NOT_RUN] - NOT_RUN: executeJavaScript("var previewBar = document.getElementById("preview-bar-iframe"); previewBar.style.display = "none";", [])

2019-06-28 16:58:55 - [MESSAGE][PASSED] - Call Test Case 'Test Cases/OCS - MOBILE/CALL - AGE GATE' successfully

2019-06-28 16:58:55 - [TEST_STEP][PASSED] - callTestCase(findTestCase("OCS - MOBILE/CALL- TOGGLING LANGUAGE"), [:], STOP_ON_FAILURE): Call Test Case 'Test Cases/OCS - MOBILE/CALL- TOGGLING LANGUAGE' successfully

2019-06-28 16:58:55 - [TEST_CASE][PASSED] - Test Cases/OCS - MOBILE/CALL- TOGGLING LANGUAGE: Test Cases/OCS - MOBILE/CALL- TOGGLING LANGUAGE

2019-06-28 16:58:55 - [TEST_STEP][PASSED] - delay(2): Delayed 2 second(s)

2019-06-28 16:58:57 - [MESSAGE][PASSED] - Delayed 2 second(s)

2019-06-28 16:58:57 - [TEST_STEP][PASSED] - click(findTestObject("OCS-MOBILE /Age gate and burger menu/Burger menu - English")): Object: 'Object Repository/OCS-MOBILE /Age gate and burger menu/Burger menu - English' is clicked on

2019-06-28 16:58:57 - [MESSAGE][PASSED] - Object: 'Object Repository/OCS-MOBILE /Age gate and burger menu/Burger menu - English' is clicked on

2019-06-28 16:58:57 - [TEST_STEP][PASSED] - delay(2): Delayed 2 second(s)

2019-06-28 16:58:59 - [MESSAGE][PASSED] - Delayed 2 second(s)

2019-06-28 16:58:59 - [TEST_STEP][PASSED] - click(findTestObject("OCS-MOBILE /Cart flyout/English dropdown")): Object: 'Object Repository/OCS-MOBILE /Cart flyout/English dropdown' is clicked on

2019-06-28 16:58:59 - [MESSAGE][PASSED] - Object: 'Object Repository/OCS-MOBILE /Cart flyout/English dropdown' is clicked on

2019-06-28 16:58:59 - [TEST_STEP][PASSED] - delay(2): Delayed 2 second(s)

2019-06-28 16:59:01 - [MESSAGE][PASSED] - Delayed 2 second(s)

2019-06-28 16:59:01 - [TEST_STEP][NOT_RUN] - executeJavaScript("var previewBar = document.getElementById("preview-bar-iframe"); previewBar.style.display = "none";", []): NOT_RUN: executeJavaScript("var previewBar = document.getElementById("preview-bar-iframe"); previewBar.style.display = "none";", [])

2019-06-28 16:59:01 - [MESSAGE][NOT_RUN] - NOT_RUN: executeJavaScript("var previewBar = document.getElementById("preview-bar-iframe"); previewBar.style.display = "none";", [])

2019-06-28 16:59:01 - [TEST_STEP][PASSED] - click(findTestObject("OCS-MOBILE /Cart flyout/Select French")): Object: 'Object Repository/OCS-MOBILE /Cart flyout/Select French' is clicked on

2019-06-28 16:59:01 - [MESSAGE][PASSED] - Object: 'Object Repository/OCS-MOBILE /Cart flyout/Select French' is clicked on

2019-06-28 16:59:01 - [MESSAGE][PASSED] - Call Test Case 'Test Cases/OCS - MOBILE/CALL- TOGGLING LANGUAGE' successfully

2019-06-28 16:59:01 - [TEST_STEP][PASSED] - delay(2): Delayed 2 second(s)

2019-06-28 16:59:03 - [MESSAGE][PASSED] - Delayed 2 second(s)

2019-06-28 16:59:03 - [TEST_STEP][PASSED] - click(findTestObject("OCS-MOBILE /Age gate and burger menu/Burger menu - English")): Object: 'Object Repository/OCS-MOBILE /Age gate and burger menu/Burger menu - English' is clicked on

2019-06-28 16:59:05 - [MESSAGE][PASSED] - Object: 'Object Repository/OCS-MOBILE /Age gate and burger menu/Burger menu - English' is clicked on

2019-06-28 16:59:05 - [TEST_STEP][PASSED] - delay(2): Delayed 2 second(s)

2019-06-28 16:59:07 - [MESSAGE][PASSED] - Delayed 2 second(s)

2019-06-28 16:59:07 - [TEST_STEP][PASSED] - click(findTestObject("OCS-MOBILE /Age gate and burger menu/Chevron_Cannabis")): Object: 'Object Repository/OCS-MOBILE /Age gate and burger menu/Chevron_Cannabis' is clicked on

2019-06-28 16:59:07 - [MESSAGE][PASSED] - Object: 'Object Repository/OCS-MOBILE /Age gate and burger menu/Chevron_Cannabis' is clicked on

2019-06-28 16:59:07 - [TEST_STEP][PASSED] - delay(2): Delayed 2 second(s)

2019-06-28 16:59:09 - [MESSAGE][PASSED] - Delayed 2 second(s)

2019-06-28 16:59:09 - [TEST_STEP][PASSED] - click(findTestObject("OCS-MOBILE /Age gate and burger menu/Dried Flower_Plus icon")): Object: 'Object Repository/OCS-MOBILE /Age gate and burger menu/Dried Flower_Plus icon' is clicked on

2019-06-28 16:59:09 - [MESSAGE][PASSED] - Object: 'Object Repository/OCS-MOBILE /Age gate and burger menu/Dried Flower_Plus icon' is clicked on

2019-06-28 16:59:09 - [TEST_STEP][PASSED] - delay(2): Delayed 2 second(s)

2019-06-28 16:59:11 - [MESSAGE][PASSED] - Delayed 2 second(s)

2019-06-28 16:59:11 - [TEST_STEP][PASSED] - click(findTestObject("OCS- FRENCH/Indica Dominant_Menu item")): Object: 'Object Repository/OCS- FRENCH/Indica Dominant_Menu item' is clicked on

2019-06-28 16:59:13 - [MESSAGE][PASSED] - Object: 'Object Repository/OCS- FRENCH/Indica Dominant_Menu item' is clicked on

2019-06-28 16:59:13 - [TEST_STEP][NOT_RUN] - executeJavaScript("var previewBar = document.getElementById("preview-bar-iframe"); previewBar.style.display = "none";", []): NOT_RUN: executeJavaScript("var previewBar = document.getElementById("preview-bar-iframe"); previewBar.style.display = "none";", [])

2019-06-28 16:59:13 - [MESSAGE][NOT_RUN] - NOT_RUN: executeJavaScript("var previewBar = document.getElementById("preview-bar-iframe"); previewBar.style.display = "none";", [])

2019-06-28 16:59:13 - [TEST_STEP][PASSED] - delay(2): Delayed 2 second(s)

2019-06-28 16:59:15 - [MESSAGE][PASSED] - Delayed 2 second(s)

2019-06-28 16:59:15 - [TEST_STEP][PASSED] - click(findTestObject("OCS- FRENCH/Product image - 1st one")): Object: 'Object Repository/OCS- FRENCH/Product image - 1st one' is clicked on

2019-06-28 16:59:20 - [MESSAGE][PASSED] - Object: 'Object Repository/OCS- FRENCH/Product image - 1st one' is clicked on

2019-06-28 16:59:20 - [TEST_STEP][NOT_RUN] - executeJavaScript("var previewBar = document.getElementById("preview-bar-iframe"); previewBar.style.display = "none";", []): NOT_RUN: executeJavaScript("var previewBar = document.getElementById("preview-bar-iframe"); previewBar.style.display = "none";", [])

2019-06-28 16:59:20 - [MESSAGE][NOT_RUN] - NOT_RUN: executeJavaScript("var previewBar = document.getElementById("preview-bar-iframe"); previewBar.style.display = "none";", [])

2019-06-28 16:59:20 - [TEST_STEP][PASSED] - delay(2): Delayed 2 second(s)

2019-06-28 16:59:22 - [MESSAGE][PASSED] - Delayed 2 second(s)

2019-06-28 16:59:22 - [TEST_STEP][PASSED] - click(findTestObject("OCS-MOBILE /Product page/Swatch_1g")): Object: 'Object Repository/OCS-MOBILE /Product page/Swatch_1g' is clicked on

2019-06-28 16:59:22 - [MESSAGE][PASSED] - Object: 'Object Repository/OCS-MOBILE /Product page/Swatch_1g' is clicked on

2019-06-28 16:59:22 - [TEST_STEP][PASSED] - delay(2): Delayed 2 second(s)

2019-06-28 16:59:24 - [MESSAGE][PASSED] - Delayed 2 second(s)

2019-06-28 16:59:24 - [TEST_STEP][PASSED] - click(findTestObject("OCS-MOBILE /Product page/Quantity Increase - Button")): Object: 'Object Repository/OCS-MOBILE /Product page/Quantity Increase - Button' is clicked on

2019-06-28 16:59:24 - [MESSAGE][PASSED] - Object: 'Object Repository/OCS-MOBILE /Product page/Quantity Increase - Button' is clicked on

2019-06-28 16:59:24 - [TEST_STEP][PASSED] - delay(2): Delayed 2 second(s)

2019-06-28 16:59:26 - [MESSAGE][PASSED] - Delayed 2 second(s)

2019-06-28 16:59:26 - [TEST_STEP][PASSED] - click(findTestObject("OCS-MOBILE /Product page/Add to Bag-button")): Object: 'Object Repository/OCS-MOBILE /Product page/Add to Bag-button' is clicked on

2019-06-28 16:59:26 - [MESSAGE][PASSED] - Object: 'Object Repository/OCS-MOBILE /Product page/Add to Bag-button' is clicked on

2019-06-28 16:59:26 - [TEST_STEP][PASSED] - delay(1): Delayed 1 second(s)

2019-06-28 16:59:27 - [MESSAGE][PASSED] - Delayed 1 second(s)

2019-06-28 16:59:27 - [TEST_STEP][NOT_RUN] - click(findTestObject("OCS-MOBILE /Home - page/Cart icon -bag")): NOT_RUN: click(findTestObject("OCS-MOBILE /Home - page/Cart icon -bag"))

2019-06-28 16:59:27 - [MESSAGE][NOT_RUN] - NOT_RUN: click(findTestObject("OCS-MOBILE /Home - page/Cart icon -bag"))

2019-06-28 16:59:27 - [TEST_STEP][PASSED] - delay(2): Delayed 2 second(s)

2019-06-28 16:59:29 - [MESSAGE][PASSED] - Delayed 2 second(s)

2019-06-28 16:59:29 - [TEST_STEP][PASSED] - delay(1): Delayed 1 second(s)

2019-06-28 16:59:30 - [MESSAGE][PASSED] - Delayed 1 second(s)

2019-06-28 16:59:30 - [TEST_STEP][PASSED] - click(findTestObject("OCS-MOBILE /Cart flyout/Checkbox_I confirm that")): Object: 'Object Repository/OCS-MOBILE /Cart flyout/Checkbox_I confirm that' is clicked on

2019-06-28 16:59:30 - [MESSAGE][PASSED] - Object: 'Object Repository/OCS-MOBILE /Cart flyout/Checkbox_I confirm that' is clicked on

2019-06-28 16:59:30 - [TEST_STEP][PASSED] - delay(2): Delayed 2 second(s)

2019-06-28 16:59:32 - [MESSAGE][PASSED] - Delayed 2 second(s)

2019-06-28 16:59:32 - [TEST_STEP][PASSED] - click(findTestObject("OCS-MOBILE /Cart flyout/Checkbox_Accept the Terms Condition")): Object: 'Object Repository/OCS-MOBILE /Cart flyout/Checkbox_Accept the Terms Condition' is clicked on

2019-06-28 16:59:32 - [MESSAGE][PASSED] - Object: 'Object Repository/OCS-MOBILE /Cart flyout/Checkbox_Accept the Terms Condition' is clicked on

2019-06-28 16:59:32 - [TEST_STEP][PASSED] - delay(2): Delayed 2 second(s)

2019-06-28 16:59:34 - [MESSAGE][PASSED] - Delayed 2 second(s)

2019-06-28 16:59:34 - [TEST_STEP][PASSED] - click(findTestObject("OCS-MOBILE /Cart flyout/Checkout - Button")): Object: 'Object Repository/OCS-MOBILE /Cart flyout/Checkout - Button' is clicked on

2019-06-28 16:59:38 - [MESSAGE][PASSED] - Object: 'Object Repository/OCS-MOBILE /Cart flyout/Checkout - Button' is clicked on

2019-06-28 16:59:38 - [TEST_STEP][NOT_RUN] - executeJavaScript("var previewBar = document.getElementById("preview-bar-iframe"); previewBar.style.display = "none";", []): NOT_RUN: executeJavaScript("var previewBar = document.getElementById("preview-bar-iframe"); previewBar.style.display = "none";", [])

2019-06-28 16:59:38 - [MESSAGE][NOT_RUN] - NOT_RUN: executeJavaScript("var previewBar = document.getElementById("preview-bar-iframe"); previewBar.style.display = "none";", [])

2019-06-28 16:59:38 - [TEST_STEP][PASSED] - delay(1): Delayed 1 second(s)

2019-06-28 16:59:39 - [MESSAGE][PASSED] - Delayed 1 second(s)

2019-06-28 16:59:39 - [TEST_STEP][PASSED] - click(findTestObject("OCS-MOBILE /Customer info page/Chevron_OrderSummary")): Object: 'Object Repository/OCS-MOBILE /Customer info page/Chevron_OrderSummary' is clicked on

2019-06-28 16:59:39 - [MESSAGE][PASSED] - Object: 'Object Repository/OCS-MOBILE /Customer info page/Chevron_OrderSummary' is clicked on

2019-06-28 16:59:39 - [TEST_STEP][PASSED] - delay(2): Delayed 2 second(s)

2019-06-28 16:59:41 - [MESSAGE][PASSED] - Delayed 2 second(s)

2019-06-28 16:59:41 - [TEST_STEP][PASSED] - delay(2): Delayed 2 second(s)

2019-06-28 16:59:43 - [MESSAGE][PASSED] - Delayed 2 second(s)

2019-06-28 16:59:43 - [TEST_STEP][PASSED] - delay(1): Delayed 1 second(s)

2019-06-28 16:59:44 - [MESSAGE][PASSED] - Delayed 1 second(s)

2019-06-28 16:59:44 - [TEST_STEP][PASSED] - scrollToElement(findTestObject("OCS-MOBILE /Customer info page/Return to Cart - Link"), 1): Scroll to object 'Object Repository/OCS-MOBILE /Customer info page/Return to Cart - Link' successfully

2019-06-28 16:59:44 - [MESSAGE][PASSED] - Scroll to object 'Object Repository/OCS-MOBILE /Customer info page/Return to Cart - Link' successfully

2019-06-28 16:59:44 - [TEST_STEP][PASSED] - delay(1): Delayed 1 second(s)

2019-06-28 16:59:45 - [MESSAGE][PASSED] - Delayed 1 second(s)

2019-06-28 16:59:45 - [TEST_STEP][PASSED] - click(findTestObject("OCS-MOBILE /Customer info page/Return to Cart - Link")): Object: 'Object Repository/OCS-MOBILE /Customer info page/Return to Cart - Link' is clicked on

2019-06-28 16:59:46 - [MESSAGE][PASSED] - Object: 'Object Repository/OCS-MOBILE /Customer info page/Return to Cart - Link' is clicked on

2019-06-28 16:59:46 - [TEST_STEP][NOT_RUN] - executeJavaScript("var previewBar = document.getElementById("preview-bar-iframe"); previewBar.style.display = "none";", []): NOT_RUN: executeJavaScript("var previewBar = document.getElementById("preview-bar-iframe"); previewBar.style.display = "none";", [])

2019-06-28 16:59:46 - [MESSAGE][NOT_RUN] - NOT_RUN: executeJavaScript("var previewBar = document.getElementById("preview-bar-iframe"); previewBar.style.display = "none";", [])

2019-06-28 16:59:46 - [TEST_STEP][PASSED] - delay(1): Delayed 1 second(s)

2019-06-28 16:59:47 - [MESSAGE][PASSED] - Delayed 1 second(s)

2019-06-28 16:59:47 - [TEST_STEP][PASSED] - click(findTestObject("OCS-MOBILE /Cart page/cart page-Checkbox_I confirm that")): Object: 'Object Repository/OCS-MOBILE /Cart page/cart page-Checkbox_I confirm that' is clicked on

2019-06-28 16:59:47 - [MESSAGE][PASSED] - Object: 'Object Repository/OCS-MOBILE /Cart page/cart page-Checkbox_I confirm that' is clicked on

2019-06-28 16:59:47 - [TEST_STEP][PASSED] - delay(1): Delayed 1 second(s)

2019-06-28 16:59:48 - [MESSAGE][PASSED] - Delayed 1 second(s)

2019-06-28 16:59:48 - [TEST_STEP][PASSED] - click(findTestObject("OCS-MOBILE /Cart page/cart page - Checkbox_Accept the Terms Condition")): Object: 'Object Repository/OCS-MOBILE /Cart page/cart page - Checkbox_Accept the Terms Condition' is clicked on

2019-06-28 16:59:48 - [MESSAGE][PASSED] - Object: 'Object Repository/OCS-MOBILE /Cart page/cart page - Checkbox_Accept the Terms Condition' is clicked on

2019-06-28 16:59:48 - [TEST_STEP][NOT_RUN] - executeJavaScript("var previewBar = document.getElementById("preview-bar-iframe"); previewBar.style.display = "none";", []): NOT_RUN: executeJavaScript("var previewBar = document.getElementById("preview-bar-iframe"); previewBar.style.display = "none";", [])

2019-06-28 16:59:48 - [MESSAGE][NOT_RUN] - NOT_RUN: executeJavaScript("var previewBar = document.getElementById("preview-bar-iframe"); previewBar.style.display = "none";", [])

2019-06-28 16:59:48 - [TEST_STEP][PASSED] - delay(1): Delayed 1 second(s)

2019-06-28 16:59:49 - [MESSAGE][PASSED] - Delayed 1 second(s)

2019-06-28 16:59:49 - [TEST_STEP][PASSED] - click(findTestObject("OCS- FRENCH/Cart page -checkout button")): Object: 'Object Repository/OCS- FRENCH/Cart page -checkout button' is clicked on

2019-06-28 16:59:52 - [MESSAGE][PASSED] - Object: 'Object Repository/OCS- FRENCH/Cart page -checkout button' is clicked on

2019-06-28 16:59:52 - [TEST_STEP][PASSED] - delay(1): Delayed 1 second(s)

2019-06-28 16:59:53 - [MESSAGE][PASSED] - Delayed 1 second(s)

2019-06-28 16:59:53 - [TEST_STEP][NOT_RUN] - executeJavaScript("var previewBar = document.getElementById("preview-bar-iframe"); previewBar.style.display = "none";", []): NOT_RUN: executeJavaScript("var previewBar = document.getElementById("preview-bar-iframe"); previewBar.style.display = "none";", [])

2019-06-28 16:59:53 - [MESSAGE][NOT_RUN] - NOT_RUN: executeJavaScript("var previewBar = document.getElementById("preview-bar-iframe"); previewBar.style.display = "none";", [])

2019-06-28 16:59:53 - [TEST_STEP][PASSED] - setText(findTestObject("OCS- FRENCH/Page_Ontario Cannabis Store - Infor/input_Adresse e-mail_checkoute"), "suman@gmail.com"): Text 'suman@gmail.com' is set on object 'Object Repository/OCS- FRENCH/Page_Ontario Cannabis Store - Infor/input_Adresse e-mail_checkoute'

2019-06-28 16:59:54 - [MESSAGE][PASSED] - Text 'suman@gmail.com' is set on object 'Object Repository/OCS- FRENCH/Page_Ontario Cannabis Store - Infor/input_Adresse e-mail_checkoute'

2019-06-28 16:59:54 - [TEST_STEP][PASSED] - delay(2): Delayed 2 second(s)

2019-06-28 16:59:56 - [MESSAGE][PASSED] - Delayed 2 second(s)

2019-06-28 16:59:56 - [TEST_STEP][PASSED] - setText(findTestObject("Object Repository/OCS- FRENCH/Page_Ontario Cannabis Store - Infor/input_Prnom_checkoutshipping_a"), "suman"): Text 'suman' is set on object 'Object Repository/OCS- FRENCH/Page_Ontario Cannabis Store - Infor/input_Prnom_checkoutshipping_a'

2019-06-28 16:59:56 - [MESSAGE][PASSED] - Text 'suman' is set on object 'Object Repository/OCS- FRENCH/Page_Ontario Cannabis Store - Infor/input_Prnom_checkoutshipping_a'

2019-06-28 16:59:56 - [TEST_STEP][PASSED] - delay(2): Delayed 2 second(s)

2019-06-28 16:59:58 - [MESSAGE][PASSED] - Delayed 2 second(s)

2019-06-28 16:59:58 - [TEST_STEP][PASSED] - setText(findTestObject("Object Repository/OCS- FRENCH/Page_Ontario Cannabis Store - Infor/input_Nom_checkoutshipping_add"), "test12"): Text 'test12' is set on object 'Object Repository/OCS- FRENCH/Page_Ontario Cannabis Store - Infor/input_Nom_checkoutshipping_add'

2019-06-28 16:59:58 - [MESSAGE][PASSED] - Text 'test12' is set on object 'Object Repository/OCS- FRENCH/Page_Ontario Cannabis Store - Infor/input_Nom_checkoutshipping_add'

2019-06-28 16:59:58 - [TEST_STEP][PASSED] - delay(2): Delayed 2 second(s)

2019-06-28 17:00:00 - [MESSAGE][PASSED] - Delayed 2 second(s)

2019-06-28 17:00:00 - [TEST_STEP][PASSED] - setText(findTestObject("Object Repository/OCS- FRENCH/Page_Ontario Cannabis Store - Infor/input_Adresse_checkoutshipping"), "test12"): Text 'test12' is set on object 'Object Repository/OCS- FRENCH/Page_Ontario Cannabis Store - Infor/input_Adresse_checkoutshipping'

2019-06-28 17:00:00 - [MESSAGE][PASSED] - Text 'test12' is set on object 'Object Repository/OCS- FRENCH/Page_Ontario Cannabis Store - Infor/input_Adresse_checkoutshipping'

2019-06-28 17:00:00 - [TEST_STEP][PASSED] - delay(2): Delayed 2 second(s)

2019-06-28 17:00:02 - [MESSAGE][PASSED] - Delayed 2 second(s)

2019-06-28 17:00:02 - [TEST_STEP][PASSED] - setText(findTestObject("Object Repository/OCS- FRENCH/Page_Ontario Cannabis Store - Infor/input_Appartement suite etc. ("), "12"): Text '12' is set on object 'Object Repository/OCS- FRENCH/Page_Ontario Cannabis Store - Infor/input_Appartement suite etc. ('

2019-06-28 17:00:02 - [MESSAGE][PASSED] - Text '12' is set on object 'Object Repository/OCS- FRENCH/Page_Ontario Cannabis Store - Infor/input_Appartement suite etc. ('

2019-06-28 17:00:02 - [TEST_STEP][PASSED] - delay(2): Delayed 2 second(s)

2019-06-28 17:00:04 - [MESSAGE][PASSED] - Delayed 2 second(s)

2019-06-28 17:00:04 - [TEST_STEP][PASSED] - setText(findTestObject("Object Repository/OCS- FRENCH/Page_Ontario Cannabis Store - Infor/input_Ville_checkoutshipping_a"), "montreal"): Text 'montreal' is set on object 'Object Repository/OCS- FRENCH/Page_Ontario Cannabis Store - Infor/input_Ville_checkoutshipping_a'

2019-06-28 17:00:04 - [MESSAGE][PASSED] - Text 'montreal' is set on object 'Object Repository/OCS- FRENCH/Page_Ontario Cannabis Store - Infor/input_Ville_checkoutshipping_a'

2019-06-28 17:00:04 - [TEST_STEP][PASSED] - delay(2): Delayed 2 second(s)

2019-06-28 17:00:06 - [MESSAGE][PASSED] - Delayed 2 second(s)

2019-06-28 17:00:06 - [TEST_STEP][PASSED] - setText(findTestObject("Object Repository/OCS- FRENCH/Page_Ontario Cannabis Store - Infor/input_Code postal_checkoutship"), "n0r1k0"): Text 'n0r1k0' is set on object 'Object Repository/OCS- FRENCH/Page_Ontario Cannabis Store - Infor/input_Code postal_checkoutship'

2019-06-28 17:00:06 - [MESSAGE][PASSED] - Text 'n0r1k0' is set on object 'Object Repository/OCS- FRENCH/Page_Ontario Cannabis Store - Infor/input_Code postal_checkoutship'

2019-06-28 17:00:06 - [TEST_STEP][PASSED] - delay(2): Delayed 2 second(s)

2019-06-28 17:00:08 - [MESSAGE][PASSED] - Delayed 2 second(s)

2019-06-28 17:00:08 - [TEST_STEP][PASSED] - setText(findTestObject("Object Repository/OCS- FRENCH/Page_Ontario Cannabis Store - Infor/input_Tlphone_checkoutshipping"), "514-449-3883"): Text '514-449-3883' is set on object 'Object Repository/OCS- FRENCH/Page_Ontario Cannabis Store - Infor/input_Tlphone_checkoutshipping'

2019-06-28 17:00:08 - [MESSAGE][PASSED] - Text '514-449-3883' is set on object 'Object Repository/OCS- FRENCH/Page_Ontario Cannabis Store - Infor/input_Tlphone_checkoutshipping'

2019-06-28 17:00:08 - [TEST_STEP][PASSED] - delay(2): Delayed 2 second(s)

2019-06-28 17:00:10 - [MESSAGE][PASSED] - Delayed 2 second(s)

2019-06-28 17:00:10 - [TEST_STEP][PASSED] - click(findTestObject("Object Repository/OCS- FRENCH/Page_Ontario Cannabis Store - Infor/button_Continuer vers le mode")): Object: 'Object Repository/OCS- FRENCH/Page_Ontario Cannabis Store - Infor/button_Continuer vers le mode' is clicked on

2019-06-28 17:00:13 - [MESSAGE][PASSED] - Object: 'Object Repository/OCS- FRENCH/Page_Ontario Cannabis Store - Infor/button_Continuer vers le mode' is clicked on

2019-06-28 17:00:13 - [TEST_STEP][PASSED] - delay(2): Delayed 2 second(s)

2019-06-28 17:00:15 - [MESSAGE][PASSED] - Delayed 2 second(s)

2019-06-28 17:00:15 - [TEST_STEP][NOT_RUN] - executeJavaScript("var previewBar = document.getElementById("preview-bar-iframe"); previewBar.style.display = "none";", []): NOT_RUN: executeJavaScript("var previewBar = document.getElementById("preview-bar-iframe"); previewBar.style.display = "none";", [])

2019-06-28 17:00:15 - [MESSAGE][NOT_RUN] - NOT_RUN: executeJavaScript("var previewBar = document.getElementById("preview-bar-iframe"); previewBar.style.display = "none";", [])

2019-06-28 17:00:15 - [TEST_STEP][PASSED] - delay(2): Delayed 2 second(s)

2019-06-28 17:00:17 - [MESSAGE][PASSED] - Delayed 2 second(s)

2019-06-28 17:00:17 - [TEST_STEP][PASSED] - click(findTestObject("Object Repository/OCS- FRENCH/Page_Ontario Cannabis Store - Livra/button_Continuer vers le moyen")): Object: 'Object Repository/OCS- FRENCH/Page_Ontario Cannabis Store - Livra/button_Continuer vers le moyen' is clicked on

2019-06-28 17:00:17 - [MESSAGE][PASSED] - Object: 'Object Repository/OCS- FRENCH/Page_Ontario Cannabis Store - Livra/button_Continuer vers le moyen' is clicked on]]></system-out>
         <system-err><![CDATA[]]></system-err>
      </testcase>
      <testcase name="Test Cases/OCS- FRENCH/CRITICAL PATH/Cart flyout - tooltips -fr" classname="Test Cases/OCS- FRENCH/CRITICAL PATH/Cart flyout - tooltips -fr" status="PASSED">
         <system-out><![CDATA[2019-06-28 17:00:17 - [TEST_CASE][PASSED] - Test Cases/OCS- FRENCH/CRITICAL PATH/Cart flyout - tooltips -fr: Test Cases/OCS- FRENCH/CRITICAL PATH/Cart flyout - tooltips -fr

2019-06-28 17:00:17 - [TEST_STEP][PASSED] - callTestCase(findTestCase("OCS - MOBILE/CALL - AGE GATE"), [:], STOP_ON_FAILURE): Call Test Case 'Test Cases/OCS - MOBILE/CALL - AGE GATE' successfully

2019-06-28 17:00:17 - [TEST_CASE][PASSED] - Test Cases/OCS - MOBILE/CALL - AGE GATE: Test Cases/OCS - MOBILE/CALL - AGE GATE

2019-06-28 17:00:17 - [TEST_STEP][PASSED] - openBrowser(""): Browser is opened with url: ''

2019-06-28 17:00:17 - [MESSAGE][WARNING] - A browser is already opened. Closing browser and opening a new one

2019-06-28 17:00:17 - [MESSAGE][INFO] - Starting 'Safari' driver

2019-06-28 17:00:18 - [MESSAGE][PASSED] - Browser is opened with url: ''

2019-06-28 17:00:18 - [TEST_STEP][PASSED] - navigateToUrl("ocs.ca"): Navigate to 'http://ocs.ca' successfully

2019-06-28 17:00:20 - [MESSAGE][PASSED] - Navigate to 'http://ocs.ca' successfully

2019-06-28 17:00:20 - [TEST_STEP][NOT_RUN] - executeJavaScript("var previewBar = document.getElementById("preview-bar-iframe"); previewBar.style.display = "none";", []): NOT_RUN: executeJavaScript("var previewBar = document.getElementById("preview-bar-iframe"); previewBar.style.display = "none";", [])

2019-06-28 17:00:20 - [MESSAGE][NOT_RUN] - NOT_RUN: executeJavaScript("var previewBar = document.getElementById("preview-bar-iframe"); previewBar.style.display = "none";", [])

2019-06-28 17:00:20 - [TEST_STEP][PASSED] - setViewPortSize(360, 800): Viewport is set to new size with width = 360 and height = 800

2019-06-28 17:00:20 - [MESSAGE][PASSED] - Viewport is set to new size with width = 360 and height = 800

2019-06-28 17:00:20 - [TEST_STEP][PASSED] - delay(4): Delayed 4 second(s)

2019-06-28 17:00:24 - [MESSAGE][PASSED] - Delayed 4 second(s)

2019-06-28 17:00:24 - [TEST_STEP][PASSED] - selectOptionByValue(findTestObject("OCS-MOBILE /Age gate and burger menu/Date"), "12", true): All options with value '12' are selected in object 'Object Repository/OCS-MOBILE /Age gate and burger menu/Date'  using regular expression

2019-06-28 17:00:24 - [MESSAGE][PASSED] - All options with value '12' are selected in object 'Object Repository/OCS-MOBILE /Age gate and burger menu/Date'  using regular expression

2019-06-28 17:00:24 - [TEST_STEP][PASSED] - selectOptionByValue(findTestObject("OCS-MOBILE /Age gate and burger menu/month"), "6", true): All options with value '6' are selected in object 'Object Repository/OCS-MOBILE /Age gate and burger menu/month'  using regular expression

2019-06-28 17:00:24 - [MESSAGE][PASSED] - All options with value '6' are selected in object 'Object Repository/OCS-MOBILE /Age gate and burger menu/month'  using regular expression

2019-06-28 17:00:24 - [TEST_STEP][PASSED] - delay(2): Delayed 2 second(s)

2019-06-28 17:00:26 - [MESSAGE][PASSED] - Delayed 2 second(s)

2019-06-28 17:00:26 - [TEST_STEP][PASSED] - selectOptionByValue(findTestObject("OCS-MOBILE /Age gate and burger menu/Year Dropdown"), "1990", true): All options with value '1990' are selected in object 'Object Repository/OCS-MOBILE /Age gate and burger menu/Year Dropdown'  using regular expression

2019-06-28 17:00:28 - [MESSAGE][PASSED] - All options with value '1990' are selected in object 'Object Repository/OCS-MOBILE /Age gate and burger menu/Year Dropdown'  using regular expression

2019-06-28 17:00:28 - [TEST_STEP][PASSED] - click(findTestObject("OCS-MOBILE /Age gate and Mega menu/button_Verify")): Object: 'Object Repository/OCS-MOBILE /Age gate and Mega menu/button_Verify' is clicked on

2019-06-28 17:00:28 - [MESSAGE][PASSED] - Object: 'Object Repository/OCS-MOBILE /Age gate and Mega menu/button_Verify' is clicked on

2019-06-28 17:00:28 - [TEST_STEP][PASSED] - click(findTestObject("OCS-MOBILE /Age gate and Mega menu/Checkbox_CONFIRM AND ACKNOWLEDGE")): Object: 'Object Repository/OCS-MOBILE /Age gate and Mega menu/Checkbox_CONFIRM AND ACKNOWLEDGE' is clicked on

2019-06-28 17:00:28 - [MESSAGE][PASSED] - Object: 'Object Repository/OCS-MOBILE /Age gate and Mega menu/Checkbox_CONFIRM AND ACKNOWLEDGE' is clicked on

2019-06-28 17:00:28 - [TEST_STEP][PASSED] - click(findTestObject("OCS-MOBILE /Age gate and Mega menu/button_CONFIRM")): Object: 'Object Repository/OCS-MOBILE /Age gate and Mega menu/button_CONFIRM' is clicked on

2019-06-28 17:00:28 - [MESSAGE][PASSED] - Object: 'Object Repository/OCS-MOBILE /Age gate and Mega menu/button_CONFIRM' is clicked on

2019-06-28 17:00:28 - [TEST_STEP][PASSED] - click(findTestObject("OCS-MOBILE /Age gate and Mega menu/button_Start Browsing")): Object: 'Object Repository/OCS-MOBILE /Age gate and Mega menu/button_Start Browsing' is clicked on

2019-06-28 17:00:28 - [MESSAGE][PASSED] - Object: 'Object Repository/OCS-MOBILE /Age gate and Mega menu/button_Start Browsing' is clicked on

2019-06-28 17:00:28 - [TEST_STEP][PASSED] - refresh(): Refresh successfully

2019-06-28 17:00:29 - [MESSAGE][PASSED] - Refresh successfully

2019-06-28 17:00:29 - [TEST_STEP][NOT_RUN] - executeJavaScript("var previewBar = document.getElementById("preview-bar-iframe"); previewBar.style.display = "none";", []): NOT_RUN: executeJavaScript("var previewBar = document.getElementById("preview-bar-iframe"); previewBar.style.display = "none";", [])

2019-06-28 17:00:29 - [MESSAGE][NOT_RUN] - NOT_RUN: executeJavaScript("var previewBar = document.getElementById("preview-bar-iframe"); previewBar.style.display = "none";", [])

2019-06-28 17:00:29 - [MESSAGE][PASSED] - Call Test Case 'Test Cases/OCS - MOBILE/CALL - AGE GATE' successfully

2019-06-28 17:00:29 - [TEST_STEP][PASSED] - callTestCase(findTestCase("OCS - MOBILE/CALL- TOGGLING LANGUAGE"), [:], STOP_ON_FAILURE): Call Test Case 'Test Cases/OCS - MOBILE/CALL- TOGGLING LANGUAGE' successfully

2019-06-28 17:00:29 - [TEST_CASE][PASSED] - Test Cases/OCS - MOBILE/CALL- TOGGLING LANGUAGE: Test Cases/OCS - MOBILE/CALL- TOGGLING LANGUAGE

2019-06-28 17:00:29 - [TEST_STEP][PASSED] - delay(2): Delayed 2 second(s)

2019-06-28 17:00:31 - [MESSAGE][PASSED] - Delayed 2 second(s)

2019-06-28 17:00:31 - [TEST_STEP][PASSED] - click(findTestObject("OCS-MOBILE /Age gate and burger menu/Burger menu - English")): Object: 'Object Repository/OCS-MOBILE /Age gate and burger menu/Burger menu - English' is clicked on

2019-06-28 17:00:31 - [MESSAGE][PASSED] - Object: 'Object Repository/OCS-MOBILE /Age gate and burger menu/Burger menu - English' is clicked on

2019-06-28 17:00:31 - [TEST_STEP][PASSED] - delay(2): Delayed 2 second(s)

2019-06-28 17:00:33 - [MESSAGE][PASSED] - Delayed 2 second(s)

2019-06-28 17:00:33 - [TEST_STEP][PASSED] - click(findTestObject("OCS-MOBILE /Cart flyout/English dropdown")): Object: 'Object Repository/OCS-MOBILE /Cart flyout/English dropdown' is clicked on

2019-06-28 17:00:33 - [MESSAGE][PASSED] - Object: 'Object Repository/OCS-MOBILE /Cart flyout/English dropdown' is clicked on

2019-06-28 17:00:33 - [TEST_STEP][PASSED] - delay(2): Delayed 2 second(s)

2019-06-28 17:00:35 - [MESSAGE][PASSED] - Delayed 2 second(s)

2019-06-28 17:00:35 - [TEST_STEP][NOT_RUN] - executeJavaScript("var previewBar = document.getElementById("preview-bar-iframe"); previewBar.style.display = "none";", []): NOT_RUN: executeJavaScript("var previewBar = document.getElementById("preview-bar-iframe"); previewBar.style.display = "none";", [])

2019-06-28 17:00:35 - [MESSAGE][NOT_RUN] - NOT_RUN: executeJavaScript("var previewBar = document.getElementById("preview-bar-iframe"); previewBar.style.display = "none";", [])

2019-06-28 17:00:35 - [TEST_STEP][PASSED] - click(findTestObject("OCS-MOBILE /Cart flyout/Select French")): Object: 'Object Repository/OCS-MOBILE /Cart flyout/Select French' is clicked on

2019-06-28 17:00:35 - [MESSAGE][PASSED] - Object: 'Object Repository/OCS-MOBILE /Cart flyout/Select French' is clicked on

2019-06-28 17:00:35 - [MESSAGE][PASSED] - Call Test Case 'Test Cases/OCS - MOBILE/CALL- TOGGLING LANGUAGE' successfully

2019-06-28 17:00:35 - [TEST_STEP][PASSED] - delay(2): Delayed 2 second(s)

2019-06-28 17:00:37 - [MESSAGE][PASSED] - Delayed 2 second(s)

2019-06-28 17:00:37 - [TEST_STEP][PASSED] - click(findTestObject("OCS-MOBILE /Age gate and burger menu/Burger menu - English")): Object: 'Object Repository/OCS-MOBILE /Age gate and burger menu/Burger menu - English' is clicked on

2019-06-28 17:00:38 - [MESSAGE][PASSED] - Object: 'Object Repository/OCS-MOBILE /Age gate and burger menu/Burger menu - English' is clicked on

2019-06-28 17:00:38 - [TEST_STEP][PASSED] - delay(2): Delayed 2 second(s)

2019-06-28 17:00:40 - [MESSAGE][PASSED] - Delayed 2 second(s)

2019-06-28 17:00:40 - [TEST_STEP][PASSED] - click(findTestObject("OCS-MOBILE /Age gate and burger menu/Chevron_Cannabis")): Object: 'Object Repository/OCS-MOBILE /Age gate and burger menu/Chevron_Cannabis' is clicked on

2019-06-28 17:00:40 - [MESSAGE][PASSED] - Object: 'Object Repository/OCS-MOBILE /Age gate and burger menu/Chevron_Cannabis' is clicked on

2019-06-28 17:00:40 - [TEST_STEP][PASSED] - delay(2): Delayed 2 second(s)

2019-06-28 17:00:42 - [MESSAGE][PASSED] - Delayed 2 second(s)

2019-06-28 17:00:42 - [TEST_STEP][PASSED] - click(findTestObject("OCS-MOBILE /Age gate and burger menu/Dried Flower_Plus icon")): Object: 'Object Repository/OCS-MOBILE /Age gate and burger menu/Dried Flower_Plus icon' is clicked on

2019-06-28 17:00:42 - [MESSAGE][PASSED] - Object: 'Object Repository/OCS-MOBILE /Age gate and burger menu/Dried Flower_Plus icon' is clicked on

2019-06-28 17:00:42 - [TEST_STEP][PASSED] - delay(2): Delayed 2 second(s)

2019-06-28 17:00:44 - [MESSAGE][PASSED] - Delayed 2 second(s)

2019-06-28 17:00:44 - [TEST_STEP][PASSED] - click(findTestObject("OCS- FRENCH/Indica Dominant_Menu item")): Object: 'Object Repository/OCS- FRENCH/Indica Dominant_Menu item' is clicked on

2019-06-28 17:00:45 - [MESSAGE][PASSED] - Object: 'Object Repository/OCS- FRENCH/Indica Dominant_Menu item' is clicked on

2019-06-28 17:00:45 - [TEST_STEP][NOT_RUN] - executeJavaScript("var previewBar = document.getElementById("preview-bar-iframe"); previewBar.style.display = "none";", []): NOT_RUN: executeJavaScript("var previewBar = document.getElementById("preview-bar-iframe"); previewBar.style.display = "none";", [])

2019-06-28 17:00:45 - [MESSAGE][NOT_RUN] - NOT_RUN: executeJavaScript("var previewBar = document.getElementById("preview-bar-iframe"); previewBar.style.display = "none";", [])

2019-06-28 17:00:45 - [TEST_STEP][PASSED] - delay(2): Delayed 2 second(s)

2019-06-28 17:00:47 - [MESSAGE][PASSED] - Delayed 2 second(s)

2019-06-28 17:00:47 - [TEST_STEP][PASSED] - click(findTestObject("OCS- FRENCH/Product image - 1st one")): Object: 'Object Repository/OCS- FRENCH/Product image - 1st one' is clicked on

2019-06-28 17:00:47 - [MESSAGE][PASSED] - Object: 'Object Repository/OCS- FRENCH/Product image - 1st one' is clicked on

2019-06-28 17:00:47 - [TEST_STEP][NOT_RUN] - executeJavaScript("var previewBar = document.getElementById("preview-bar-iframe"); previewBar.style.display = "none";", []): NOT_RUN: executeJavaScript("var previewBar = document.getElementById("preview-bar-iframe"); previewBar.style.display = "none";", [])

2019-06-28 17:00:47 - [MESSAGE][NOT_RUN] - NOT_RUN: executeJavaScript("var previewBar = document.getElementById("preview-bar-iframe"); previewBar.style.display = "none";", [])

2019-06-28 17:00:47 - [TEST_STEP][PASSED] - delay(2): Delayed 2 second(s)

2019-06-28 17:00:49 - [MESSAGE][PASSED] - Delayed 2 second(s)

2019-06-28 17:00:49 - [TEST_STEP][PASSED] - click(findTestObject("OCS-MOBILE /Product page/Swatch_1g")): Object: 'Object Repository/OCS-MOBILE /Product page/Swatch_1g' is clicked on

2019-06-28 17:00:50 - [MESSAGE][PASSED] - Object: 'Object Repository/OCS-MOBILE /Product page/Swatch_1g' is clicked on

2019-06-28 17:00:50 - [TEST_STEP][PASSED] - delay(2): Delayed 2 second(s)

2019-06-28 17:00:52 - [MESSAGE][PASSED] - Delayed 2 second(s)

2019-06-28 17:00:52 - [TEST_STEP][PASSED] - click(findTestObject("OCS-MOBILE /Product page/Add to Bag-button")): Object: 'Object Repository/OCS-MOBILE /Product page/Add to Bag-button' is clicked on

2019-06-28 17:00:52 - [MESSAGE][PASSED] - Object: 'Object Repository/OCS-MOBILE /Product page/Add to Bag-button' is clicked on

2019-06-28 17:00:52 - [TEST_STEP][PASSED] - delay(4): Delayed 4 second(s)

2019-06-28 17:00:56 - [MESSAGE][PASSED] - Delayed 4 second(s)

2019-06-28 17:00:56 - [TEST_STEP][NOT_RUN] - click(findTestObject("OCS-MOBILE /Home - page/Cart icon -bag")): NOT_RUN: click(findTestObject("OCS-MOBILE /Home - page/Cart icon -bag"))

2019-06-28 17:00:56 - [MESSAGE][NOT_RUN] - NOT_RUN: click(findTestObject("OCS-MOBILE /Home - page/Cart icon -bag"))

2019-06-28 17:00:56 - [TEST_STEP][PASSED] - delay(4, OPTIONAL): Delayed 4 second(s)

2019-06-28 17:01:00 - [MESSAGE][PASSED] - Delayed 4 second(s)

2019-06-28 17:01:00 - [TEST_STEP][PASSED] - click(findTestObject("OCS-MOBILE /Cart flyout/tool tip - TOP")): Object: 'Object Repository/OCS-MOBILE /Cart flyout/tool tip - TOP' is clicked on

2019-06-28 17:01:00 - [MESSAGE][PASSED] - Object: 'Object Repository/OCS-MOBILE /Cart flyout/tool tip - TOP' is clicked on

2019-06-28 17:01:00 - [TEST_STEP][PASSED] - takeScreenshot(): Taking screenshot successfully

2019-06-28 17:01:00 - [MESSAGE][PASSED] - Taking screenshot successfully
[[ATTACHMENT|/Users/sumankompelly/Relative xpath-Mobile/Reports/Live site/20190628_163954/1561755660350.png]]

2019-06-28 17:01:00 - [TEST_STEP][PASSED] - delay(3): Delayed 3 second(s)

2019-06-28 17:01:03 - [MESSAGE][PASSED] - Delayed 3 second(s)

2019-06-28 17:01:03 - [TEST_STEP][PASSED] - click(findTestObject("OCS-MOBILE /Cart flyout/tool tip -DOWN")): Object: 'Object Repository/OCS-MOBILE /Cart flyout/tool tip -DOWN' is clicked on

2019-06-28 17:01:03 - [MESSAGE][PASSED] - Object: 'Object Repository/OCS-MOBILE /Cart flyout/tool tip -DOWN' is clicked on

2019-06-28 17:01:03 - [TEST_STEP][PASSED] - takeScreenshot(): Taking screenshot successfully

2019-06-28 17:01:03 - [MESSAGE][PASSED] - Taking screenshot successfully
[[ATTACHMENT|/Users/sumankompelly/Relative xpath-Mobile/Reports/Live site/20190628_163954/1561755663411.png]]]]></system-out>
         <system-err><![CDATA[]]></system-err>
      </testcase>
      <testcase name="Test Cases/OCS- FRENCH/CRITICAL PATH/Cart flyout - Increase qty -fr" classname="Test Cases/OCS- FRENCH/CRITICAL PATH/Cart flyout - Increase qty -fr" status="PASSED">
         <system-out><![CDATA[2019-06-28 17:01:03 - [TEST_CASE][PASSED] - Test Cases/OCS- FRENCH/CRITICAL PATH/Cart flyout - Increase qty -fr: Test Cases/OCS- FRENCH/CRITICAL PATH/Cart flyout - Increase qty -fr

2019-06-28 17:01:03 - [TEST_STEP][PASSED] - callTestCase(findTestCase("OCS - MOBILE/CALL - AGE GATE"), [:], STOP_ON_FAILURE): Call Test Case 'Test Cases/OCS - MOBILE/CALL - AGE GATE' successfully

2019-06-28 17:01:03 - [TEST_CASE][PASSED] - Test Cases/OCS - MOBILE/CALL - AGE GATE: Test Cases/OCS - MOBILE/CALL - AGE GATE

2019-06-28 17:01:03 - [TEST_STEP][PASSED] - openBrowser(""): Browser is opened with url: ''

2019-06-28 17:01:03 - [MESSAGE][WARNING] - A browser is already opened. Closing browser and opening a new one

2019-06-28 17:01:03 - [MESSAGE][INFO] - Starting 'Safari' driver

2019-06-28 17:01:04 - [MESSAGE][PASSED] - Browser is opened with url: ''

2019-06-28 17:01:04 - [TEST_STEP][PASSED] - navigateToUrl("ocs.ca"): Navigate to 'http://ocs.ca' successfully

2019-06-28 17:01:05 - [MESSAGE][PASSED] - Navigate to 'http://ocs.ca' successfully

2019-06-28 17:01:05 - [TEST_STEP][NOT_RUN] - executeJavaScript("var previewBar = document.getElementById("preview-bar-iframe"); previewBar.style.display = "none";", []): NOT_RUN: executeJavaScript("var previewBar = document.getElementById("preview-bar-iframe"); previewBar.style.display = "none";", [])

2019-06-28 17:01:05 - [MESSAGE][NOT_RUN] - NOT_RUN: executeJavaScript("var previewBar = document.getElementById("preview-bar-iframe"); previewBar.style.display = "none";", [])

2019-06-28 17:01:05 - [TEST_STEP][PASSED] - setViewPortSize(360, 800): Viewport is set to new size with width = 360 and height = 800

2019-06-28 17:01:05 - [MESSAGE][PASSED] - Viewport is set to new size with width = 360 and height = 800

2019-06-28 17:01:05 - [TEST_STEP][PASSED] - delay(4): Delayed 4 second(s)

2019-06-28 17:01:09 - [MESSAGE][PASSED] - Delayed 4 second(s)

2019-06-28 17:01:09 - [TEST_STEP][PASSED] - selectOptionByValue(findTestObject("OCS-MOBILE /Age gate and burger menu/Date"), "12", true): All options with value '12' are selected in object 'Object Repository/OCS-MOBILE /Age gate and burger menu/Date'  using regular expression

2019-06-28 17:01:10 - [MESSAGE][PASSED] - All options with value '12' are selected in object 'Object Repository/OCS-MOBILE /Age gate and burger menu/Date'  using regular expression

2019-06-28 17:01:10 - [TEST_STEP][PASSED] - selectOptionByValue(findTestObject("OCS-MOBILE /Age gate and burger menu/month"), "6", true): All options with value '6' are selected in object 'Object Repository/OCS-MOBILE /Age gate and burger menu/month'  using regular expression

2019-06-28 17:01:10 - [MESSAGE][PASSED] - All options with value '6' are selected in object 'Object Repository/OCS-MOBILE /Age gate and burger menu/month'  using regular expression

2019-06-28 17:01:10 - [TEST_STEP][PASSED] - delay(2): Delayed 2 second(s)

2019-06-28 17:01:12 - [MESSAGE][PASSED] - Delayed 2 second(s)

2019-06-28 17:01:12 - [TEST_STEP][PASSED] - selectOptionByValue(findTestObject("OCS-MOBILE /Age gate and burger menu/Year Dropdown"), "1990", true): All options with value '1990' are selected in object 'Object Repository/OCS-MOBILE /Age gate and burger menu/Year Dropdown'  using regular expression

2019-06-28 17:01:14 - [MESSAGE][PASSED] - All options with value '1990' are selected in object 'Object Repository/OCS-MOBILE /Age gate and burger menu/Year Dropdown'  using regular expression

2019-06-28 17:01:14 - [TEST_STEP][PASSED] - click(findTestObject("OCS-MOBILE /Age gate and Mega menu/button_Verify")): Object: 'Object Repository/OCS-MOBILE /Age gate and Mega menu/button_Verify' is clicked on

2019-06-28 17:01:14 - [MESSAGE][PASSED] - Object: 'Object Repository/OCS-MOBILE /Age gate and Mega menu/button_Verify' is clicked on

2019-06-28 17:01:14 - [TEST_STEP][PASSED] - click(findTestObject("OCS-MOBILE /Age gate and Mega menu/Checkbox_CONFIRM AND ACKNOWLEDGE")): Object: 'Object Repository/OCS-MOBILE /Age gate and Mega menu/Checkbox_CONFIRM AND ACKNOWLEDGE' is clicked on

2019-06-28 17:01:14 - [MESSAGE][PASSED] - Object: 'Object Repository/OCS-MOBILE /Age gate and Mega menu/Checkbox_CONFIRM AND ACKNOWLEDGE' is clicked on

2019-06-28 17:01:14 - [TEST_STEP][PASSED] - click(findTestObject("OCS-MOBILE /Age gate and Mega menu/button_CONFIRM")): Object: 'Object Repository/OCS-MOBILE /Age gate and Mega menu/button_CONFIRM' is clicked on

2019-06-28 17:01:14 - [MESSAGE][PASSED] - Object: 'Object Repository/OCS-MOBILE /Age gate and Mega menu/button_CONFIRM' is clicked on

2019-06-28 17:01:14 - [TEST_STEP][PASSED] - click(findTestObject("OCS-MOBILE /Age gate and Mega menu/button_Start Browsing")): Object: 'Object Repository/OCS-MOBILE /Age gate and Mega menu/button_Start Browsing' is clicked on

2019-06-28 17:01:14 - [MESSAGE][PASSED] - Object: 'Object Repository/OCS-MOBILE /Age gate and Mega menu/button_Start Browsing' is clicked on

2019-06-28 17:01:14 - [TEST_STEP][PASSED] - refresh(): Refresh successfully

2019-06-28 17:01:19 - [MESSAGE][PASSED] - Refresh successfully

2019-06-28 17:01:19 - [TEST_STEP][NOT_RUN] - executeJavaScript("var previewBar = document.getElementById("preview-bar-iframe"); previewBar.style.display = "none";", []): NOT_RUN: executeJavaScript("var previewBar = document.getElementById("preview-bar-iframe"); previewBar.style.display = "none";", [])

2019-06-28 17:01:19 - [MESSAGE][NOT_RUN] - NOT_RUN: executeJavaScript("var previewBar = document.getElementById("preview-bar-iframe"); previewBar.style.display = "none";", [])

2019-06-28 17:01:19 - [MESSAGE][PASSED] - Call Test Case 'Test Cases/OCS - MOBILE/CALL - AGE GATE' successfully

2019-06-28 17:01:19 - [TEST_STEP][PASSED] - callTestCase(findTestCase("OCS - MOBILE/CALL- TOGGLING LANGUAGE"), [:], STOP_ON_FAILURE): Call Test Case 'Test Cases/OCS - MOBILE/CALL- TOGGLING LANGUAGE' successfully

2019-06-28 17:01:19 - [TEST_CASE][PASSED] - Test Cases/OCS - MOBILE/CALL- TOGGLING LANGUAGE: Test Cases/OCS - MOBILE/CALL- TOGGLING LANGUAGE

2019-06-28 17:01:19 - [TEST_STEP][PASSED] - delay(2): Delayed 2 second(s)

2019-06-28 17:01:21 - [MESSAGE][PASSED] - Delayed 2 second(s)

2019-06-28 17:01:21 - [TEST_STEP][PASSED] - click(findTestObject("OCS-MOBILE /Age gate and burger menu/Burger menu - English")): Object: 'Object Repository/OCS-MOBILE /Age gate and burger menu/Burger menu - English' is clicked on

2019-06-28 17:01:21 - [MESSAGE][PASSED] - Object: 'Object Repository/OCS-MOBILE /Age gate and burger menu/Burger menu - English' is clicked on

2019-06-28 17:01:21 - [TEST_STEP][PASSED] - delay(2): Delayed 2 second(s)

2019-06-28 17:01:23 - [MESSAGE][PASSED] - Delayed 2 second(s)

2019-06-28 17:01:23 - [TEST_STEP][PASSED] - click(findTestObject("OCS-MOBILE /Cart flyout/English dropdown")): Object: 'Object Repository/OCS-MOBILE /Cart flyout/English dropdown' is clicked on

2019-06-28 17:01:23 - [MESSAGE][PASSED] - Object: 'Object Repository/OCS-MOBILE /Cart flyout/English dropdown' is clicked on

2019-06-28 17:01:23 - [TEST_STEP][PASSED] - delay(2): Delayed 2 second(s)

2019-06-28 17:01:25 - [MESSAGE][PASSED] - Delayed 2 second(s)

2019-06-28 17:01:25 - [TEST_STEP][NOT_RUN] - executeJavaScript("var previewBar = document.getElementById("preview-bar-iframe"); previewBar.style.display = "none";", []): NOT_RUN: executeJavaScript("var previewBar = document.getElementById("preview-bar-iframe"); previewBar.style.display = "none";", [])

2019-06-28 17:01:25 - [MESSAGE][NOT_RUN] - NOT_RUN: executeJavaScript("var previewBar = document.getElementById("preview-bar-iframe"); previewBar.style.display = "none";", [])

2019-06-28 17:01:25 - [TEST_STEP][PASSED] - click(findTestObject("OCS-MOBILE /Cart flyout/Select French")): Object: 'Object Repository/OCS-MOBILE /Cart flyout/Select French' is clicked on

2019-06-28 17:01:26 - [MESSAGE][PASSED] - Object: 'Object Repository/OCS-MOBILE /Cart flyout/Select French' is clicked on

2019-06-28 17:01:26 - [MESSAGE][PASSED] - Call Test Case 'Test Cases/OCS - MOBILE/CALL- TOGGLING LANGUAGE' successfully

2019-06-28 17:01:26 - [TEST_STEP][PASSED] - delay(2): Delayed 2 second(s)

2019-06-28 17:01:28 - [MESSAGE][PASSED] - Delayed 2 second(s)

2019-06-28 17:01:28 - [TEST_STEP][PASSED] - click(findTestObject("OCS-MOBILE /Age gate and burger menu/Burger menu - English")): Object: 'Object Repository/OCS-MOBILE /Age gate and burger menu/Burger menu - English' is clicked on

2019-06-28 17:01:29 - [MESSAGE][PASSED] - Object: 'Object Repository/OCS-MOBILE /Age gate and burger menu/Burger menu - English' is clicked on

2019-06-28 17:01:29 - [TEST_STEP][PASSED] - delay(2): Delayed 2 second(s)

2019-06-28 17:01:31 - [MESSAGE][PASSED] - Delayed 2 second(s)

2019-06-28 17:01:31 - [TEST_STEP][PASSED] - click(findTestObject("OCS-MOBILE /Age gate and burger menu/Chevron_Cannabis")): Object: 'Object Repository/OCS-MOBILE /Age gate and burger menu/Chevron_Cannabis' is clicked on

2019-06-28 17:01:31 - [MESSAGE][PASSED] - Object: 'Object Repository/OCS-MOBILE /Age gate and burger menu/Chevron_Cannabis' is clicked on

2019-06-28 17:01:31 - [TEST_STEP][PASSED] - delay(2): Delayed 2 second(s)

2019-06-28 17:01:33 - [MESSAGE][PASSED] - Delayed 2 second(s)

2019-06-28 17:01:33 - [TEST_STEP][PASSED] - click(findTestObject("OCS-MOBILE /Age gate and burger menu/Dried Flower_Plus icon")): Object: 'Object Repository/OCS-MOBILE /Age gate and burger menu/Dried Flower_Plus icon' is clicked on

2019-06-28 17:01:33 - [MESSAGE][PASSED] - Object: 'Object Repository/OCS-MOBILE /Age gate and burger menu/Dried Flower_Plus icon' is clicked on

2019-06-28 17:01:33 - [TEST_STEP][PASSED] - delay(2): Delayed 2 second(s)

2019-06-28 17:01:35 - [MESSAGE][PASSED] - Delayed 2 second(s)

2019-06-28 17:01:35 - [TEST_STEP][PASSED] - click(findTestObject("OCS- FRENCH/Indica Dominant_Menu item")): Object: 'Object Repository/OCS- FRENCH/Indica Dominant_Menu item' is clicked on

2019-06-28 17:01:35 - [MESSAGE][PASSED] - Object: 'Object Repository/OCS- FRENCH/Indica Dominant_Menu item' is clicked on

2019-06-28 17:01:35 - [TEST_STEP][NOT_RUN] - executeJavaScript("var previewBar = document.getElementById("preview-bar-iframe"); previewBar.style.display = "none";", []): NOT_RUN: executeJavaScript("var previewBar = document.getElementById("preview-bar-iframe"); previewBar.style.display = "none";", [])

2019-06-28 17:01:35 - [MESSAGE][NOT_RUN] - NOT_RUN: executeJavaScript("var previewBar = document.getElementById("preview-bar-iframe"); previewBar.style.display = "none";", [])

2019-06-28 17:01:35 - [TEST_STEP][PASSED] - delay(2): Delayed 2 second(s)

2019-06-28 17:01:37 - [MESSAGE][PASSED] - Delayed 2 second(s)

2019-06-28 17:01:37 - [TEST_STEP][PASSED] - click(findTestObject("OCS- FRENCH/Product image - 1st one")): Object: 'Object Repository/OCS- FRENCH/Product image - 1st one' is clicked on

2019-06-28 17:01:42 - [MESSAGE][PASSED] - Object: 'Object Repository/OCS- FRENCH/Product image - 1st one' is clicked on

2019-06-28 17:01:42 - [TEST_STEP][NOT_RUN] - executeJavaScript("var previewBar = document.getElementById("preview-bar-iframe"); previewBar.style.display = "none";", []): NOT_RUN: executeJavaScript("var previewBar = document.getElementById("preview-bar-iframe"); previewBar.style.display = "none";", [])

2019-06-28 17:01:42 - [MESSAGE][NOT_RUN] - NOT_RUN: executeJavaScript("var previewBar = document.getElementById("preview-bar-iframe"); previewBar.style.display = "none";", [])

2019-06-28 17:01:42 - [TEST_STEP][PASSED] - delay(2): Delayed 2 second(s)

2019-06-28 17:01:44 - [MESSAGE][PASSED] - Delayed 2 second(s)

2019-06-28 17:01:44 - [TEST_STEP][PASSED] - click(findTestObject("OCS-MOBILE /Product page/Swatch_1g")): Object: 'Object Repository/OCS-MOBILE /Product page/Swatch_1g' is clicked on

2019-06-28 17:01:44 - [MESSAGE][PASSED] - Object: 'Object Repository/OCS-MOBILE /Product page/Swatch_1g' is clicked on

2019-06-28 17:01:44 - [TEST_STEP][PASSED] - delay(2): Delayed 2 second(s)

2019-06-28 17:01:46 - [MESSAGE][PASSED] - Delayed 2 second(s)

2019-06-28 17:01:46 - [TEST_STEP][PASSED] - click(findTestObject("OCS-MOBILE /Product page/Quantity Increase - Button")): Object: 'Object Repository/OCS-MOBILE /Product page/Quantity Increase - Button' is clicked on

2019-06-28 17:01:46 - [MESSAGE][PASSED] - Object: 'Object Repository/OCS-MOBILE /Product page/Quantity Increase - Button' is clicked on

2019-06-28 17:01:46 - [TEST_STEP][PASSED] - delay(2): Delayed 2 second(s)

2019-06-28 17:01:48 - [MESSAGE][PASSED] - Delayed 2 second(s)

2019-06-28 17:01:48 - [TEST_STEP][PASSED] - click(findTestObject("OCS-MOBILE /Product page/Add to Bag-button")): Object: 'Object Repository/OCS-MOBILE /Product page/Add to Bag-button' is clicked on

2019-06-28 17:01:48 - [MESSAGE][PASSED] - Object: 'Object Repository/OCS-MOBILE /Product page/Add to Bag-button' is clicked on

2019-06-28 17:01:48 - [TEST_STEP][PASSED] - delay(1): Delayed 1 second(s)

2019-06-28 17:01:49 - [MESSAGE][PASSED] - Delayed 1 second(s)

2019-06-28 17:01:49 - [TEST_STEP][NOT_RUN] - click(findTestObject("OCS-MOBILE /Home - page/Cart icon -bag")): NOT_RUN: click(findTestObject("OCS-MOBILE /Home - page/Cart icon -bag"))

2019-06-28 17:01:49 - [MESSAGE][NOT_RUN] - NOT_RUN: click(findTestObject("OCS-MOBILE /Home - page/Cart icon -bag"))

2019-06-28 17:01:49 - [TEST_STEP][PASSED] - delay(2): Delayed 2 second(s)

2019-06-28 17:01:51 - [MESSAGE][PASSED] - Delayed 2 second(s)

2019-06-28 17:01:51 - [TEST_STEP][PASSED] - click(findTestObject("OCS-MOBILE /Cart flyout/Quantity increase - Product")): Object: 'Object Repository/OCS-MOBILE /Cart flyout/Quantity increase - Product' is clicked on

2019-06-28 17:01:51 - [MESSAGE][PASSED] - Object: 'Object Repository/OCS-MOBILE /Cart flyout/Quantity increase - Product' is clicked on

2019-06-28 17:01:51 - [TEST_STEP][PASSED] - delay(2): Delayed 2 second(s)

2019-06-28 17:01:53 - [MESSAGE][PASSED] - Delayed 2 second(s)

2019-06-28 17:01:53 - [TEST_STEP][PASSED] - click(findTestObject("OCS-MOBILE /Cart flyout/Quantity increase - Product")): Object: 'Object Repository/OCS-MOBILE /Cart flyout/Quantity increase - Product' is clicked on

2019-06-28 17:01:53 - [MESSAGE][PASSED] - Object: 'Object Repository/OCS-MOBILE /Cart flyout/Quantity increase - Product' is clicked on

2019-06-28 17:01:53 - [TEST_STEP][PASSED] - delay(2): Delayed 2 second(s)

2019-06-28 17:01:55 - [MESSAGE][PASSED] - Delayed 2 second(s)

2019-06-28 17:01:55 - [TEST_STEP][PASSED] - a = getText(findTestObject("OCS-MOBILE /Cart flyout/Unit price - Product")): Text of object 'Object Repository/OCS-MOBILE /Cart flyout/Unit price - Product' is: '






42,00 $'

2019-06-28 17:01:55 - [MESSAGE][PASSED] - Text of object 'Object Repository/OCS-MOBILE /Cart flyout/Unit price - Product' is: '






42,00 $'

2019-06-28 17:01:55 - [TEST_STEP][PASSED] - comment(a): 






42,00 $

2019-06-28 17:01:55 - [MESSAGE][INFO] - 






42,00 $

2019-06-28 17:01:55 - [TEST_STEP][PASSED] - a1 = a.substring(0, a.length() - 1): null

2019-06-28 17:01:55 - [TEST_STEP][PASSED] - comment("a1 = " + a1): a1 = 






42,00 

2019-06-28 17:01:55 - [MESSAGE][INFO] - a1 = 






42,00 

2019-06-28 17:01:55 - [TEST_STEP][PASSED] - x1 = a1.substring(0, a1.length() - 1): null

2019-06-28 17:01:55 - [TEST_STEP][PASSED] - comment("x1 = " + x1): x1 = 






42,00

2019-06-28 17:01:55 - [MESSAGE][INFO] - x1 = 






42,00

2019-06-28 17:01:55 - [TEST_STEP][PASSED] - x2 = x1.substring(0, x1.length() - 1): null

2019-06-28 17:01:55 - [TEST_STEP][PASSED] - comment("x2 = " + x2): x2 = 






42,0

2019-06-28 17:01:55 - [MESSAGE][INFO] - x2 = 






42,0

2019-06-28 17:01:55 - [TEST_STEP][PASSED] - x3 = x2.substring(0, x2.length() - 1): null

2019-06-28 17:01:55 - [TEST_STEP][PASSED] - comment("x3 = " + x3): x3 = 






42,

2019-06-28 17:01:55 - [MESSAGE][INFO] - x3 = 






42,

2019-06-28 17:01:55 - [TEST_STEP][PASSED] - x6 = x3.substring(0, x3.length() - 1): null

2019-06-28 17:01:55 - [TEST_STEP][PASSED] - comment("x6 = " + x6): x6 = 






42

2019-06-28 17:01:55 - [MESSAGE][INFO] - x6 = 






42

2019-06-28 17:01:55 - [TEST_STEP][PASSED] - setText(findTestObject("OCS-MOBILE /Cart flyout/input_-_updates"), "3"): Text '3' is set on object 'Object Repository/OCS-MOBILE /Cart flyout/input_-_updates'

2019-06-28 17:01:55 - [MESSAGE][PASSED] - Text '3' is set on object 'Object Repository/OCS-MOBILE /Cart flyout/input_-_updates'

2019-06-28 17:01:55 - [TEST_STEP][PASSED] - delay(2): Delayed 2 second(s)

2019-06-28 17:01:57 - [MESSAGE][PASSED] - Delayed 2 second(s)

2019-06-28 17:01:57 - [TEST_STEP][PASSED] - click(findTestObject("OCS-MOBILE /Cart flyout/i_-_icon--plus")): Object: 'Object Repository/OCS-MOBILE /Cart flyout/i_-_icon--plus' is clicked on

2019-06-28 17:01:57 - [MESSAGE][PASSED] - Object: 'Object Repository/OCS-MOBILE /Cart flyout/i_-_icon--plus' is clicked on

2019-06-28 17:01:57 - [TEST_STEP][PASSED] - delay(2): Delayed 2 second(s)

2019-06-28 17:01:59 - [MESSAGE][PASSED] - Delayed 2 second(s)

2019-06-28 17:01:59 - [TEST_STEP][PASSED] - click(findTestObject("OCS-MOBILE /Cart flyout/i_-_icon--plus")): Object: 'Object Repository/OCS-MOBILE /Cart flyout/i_-_icon--plus' is clicked on

2019-06-28 17:01:59 - [MESSAGE][PASSED] - Object: 'Object Repository/OCS-MOBILE /Cart flyout/i_-_icon--plus' is clicked on

2019-06-28 17:01:59 - [TEST_STEP][PASSED] - delay(2): Delayed 2 second(s)

2019-06-28 17:02:01 - [MESSAGE][PASSED] - Delayed 2 second(s)

2019-06-28 17:02:01 - [TEST_STEP][PASSED] - click(findTestObject("OCS-MOBILE /Cart flyout/i_-_icon--plus")): Object: 'Object Repository/OCS-MOBILE /Cart flyout/i_-_icon--plus' is clicked on

2019-06-28 17:02:01 - [MESSAGE][PASSED] - Object: 'Object Repository/OCS-MOBILE /Cart flyout/i_-_icon--plus' is clicked on

2019-06-28 17:02:01 - [TEST_STEP][PASSED] - delay(2): Delayed 2 second(s)

2019-06-28 17:02:03 - [MESSAGE][PASSED] - Delayed 2 second(s)

2019-06-28 17:02:03 - [TEST_STEP][PASSED] - c = getText(findTestObject("OCS-MOBILE /Cart flyout/Unit price - Product")): Text of object 'Object Repository/OCS-MOBILE /Cart flyout/Unit price - Product' is: '






63,00 $'

2019-06-28 17:02:03 - [MESSAGE][PASSED] - Text of object 'Object Repository/OCS-MOBILE /Cart flyout/Unit price - Product' is: '






63,00 $'

2019-06-28 17:02:03 - [TEST_STEP][PASSED] - comment(c): 






63,00 $

2019-06-28 17:02:03 - [MESSAGE][INFO] - 






63,00 $

2019-06-28 17:02:03 - [TEST_STEP][PASSED] - a2 = c.substring(0, c.length() - 1): null

2019-06-28 17:02:03 - [TEST_STEP][PASSED] - comment("a2 = " + a2): a2 = 






63,00 

2019-06-28 17:02:03 - [MESSAGE][INFO] - a2 = 






63,00 

2019-06-28 17:02:03 - [TEST_STEP][PASSED] - y1 = a2.substring(0, a2.length() - 1): null

2019-06-28 17:02:03 - [TEST_STEP][PASSED] - comment("y1 = " + y1): y1 = 






63,00

2019-06-28 17:02:03 - [MESSAGE][INFO] - y1 = 






63,00

2019-06-28 17:02:03 - [TEST_STEP][PASSED] - y2 = y1.substring(0, y1.length() - 1): null

2019-06-28 17:02:03 - [TEST_STEP][PASSED] - comment("y2 = " + y2): y2 = 






63,0

2019-06-28 17:02:03 - [MESSAGE][INFO] - y2 = 






63,0

2019-06-28 17:02:03 - [TEST_STEP][PASSED] - y3 = y2.substring(0, y2.length() - 1): null

2019-06-28 17:02:03 - [TEST_STEP][PASSED] - comment("y3 = " + y3): y3 = 






63,

2019-06-28 17:02:03 - [MESSAGE][INFO] - y3 = 






63,

2019-06-28 17:02:03 - [TEST_STEP][PASSED] - y4 = y3.substring(0, y3.length() - 1): null

2019-06-28 17:02:03 - [TEST_STEP][PASSED] - comment("y4 = " + y4): y4 = 






63

2019-06-28 17:02:03 - [MESSAGE][INFO] - y4 = 






63

2019-06-28 17:02:03 - [TEST_STEP][PASSED] - verifyNotEqual("x6", "y4"): Actual object 'x6' and expected object 'y4' are not equal

2019-06-28 17:02:03 - [MESSAGE][PASSED] - Actual object 'x6' and expected object 'y4' are not equal

2019-06-28 17:02:03 - [TEST_STEP][PASSED] - comment(" price changed . Quantity selector is working"):  price changed . Quantity selector is working

2019-06-28 17:02:03 - [MESSAGE][INFO] -  price changed . Quantity selector is working

2019-06-28 17:02:03 - [TEST_STEP][PASSED] - delay(1): Delayed 1 second(s)

2019-06-28 17:02:04 - [MESSAGE][PASSED] - Delayed 1 second(s)

2019-06-28 17:02:04 - [TEST_STEP][PASSED] - click(findTestObject("OCS-MOBILE /Cart flyout/Checkbox_I confirm that")): Object: 'Object Repository/OCS-MOBILE /Cart flyout/Checkbox_I confirm that' is clicked on

2019-06-28 17:02:04 - [MESSAGE][PASSED] - Object: 'Object Repository/OCS-MOBILE /Cart flyout/Checkbox_I confirm that' is clicked on

2019-06-28 17:02:04 - [TEST_STEP][PASSED] - delay(2): Delayed 2 second(s)

2019-06-28 17:02:06 - [MESSAGE][PASSED] - Delayed 2 second(s)

2019-06-28 17:02:06 - [TEST_STEP][PASSED] - click(findTestObject("OCS-MOBILE /Cart flyout/Checkbox_Accept the Terms Condition")): Object: 'Object Repository/OCS-MOBILE /Cart flyout/Checkbox_Accept the Terms Condition' is clicked on

2019-06-28 17:02:07 - [MESSAGE][PASSED] - Object: 'Object Repository/OCS-MOBILE /Cart flyout/Checkbox_Accept the Terms Condition' is clicked on

2019-06-28 17:02:07 - [TEST_STEP][PASSED] - delay(2): Delayed 2 second(s)

2019-06-28 17:02:09 - [MESSAGE][PASSED] - Delayed 2 second(s)

2019-06-28 17:02:09 - [TEST_STEP][PASSED] - click(findTestObject("OCS-MOBILE /Cart flyout/Checkout - Button")): Object: 'Object Repository/OCS-MOBILE /Cart flyout/Checkout - Button' is clicked on

2019-06-28 17:02:12 - [MESSAGE][PASSED] - Object: 'Object Repository/OCS-MOBILE /Cart flyout/Checkout - Button' is clicked on

2019-06-28 17:02:12 - [TEST_STEP][NOT_RUN] - executeJavaScript("var previewBar = document.getElementById("preview-bar-iframe"); previewBar.style.display = "none";", []): NOT_RUN: executeJavaScript("var previewBar = document.getElementById("preview-bar-iframe"); previewBar.style.display = "none";", [])

2019-06-28 17:02:12 - [MESSAGE][NOT_RUN] - NOT_RUN: executeJavaScript("var previewBar = document.getElementById("preview-bar-iframe"); previewBar.style.display = "none";", [])

2019-06-28 17:02:12 - [TEST_STEP][PASSED] - delay(1): Delayed 1 second(s)

2019-06-28 17:02:13 - [MESSAGE][PASSED] - Delayed 1 second(s)

2019-06-28 17:02:13 - [TEST_STEP][PASSED] - callTestCase(findTestCase("OCS - MOBILE/CALL- SHIPPING TO PAYMENT"), [:], STOP_ON_FAILURE): Call Test Case 'Test Cases/OCS - MOBILE/CALL- SHIPPING TO PAYMENT' successfully

2019-06-28 17:02:13 - [TEST_CASE][PASSED] - Test Cases/OCS - MOBILE/CALL- SHIPPING TO PAYMENT: Test Cases/OCS - MOBILE/CALL- SHIPPING TO PAYMENT

2019-06-28 17:02:13 - [TEST_STEP][NOT_RUN] - executeJavaScript("var previewBar = document.getElementById("preview-bar-iframe"); previewBar.style.display = "none";", []): NOT_RUN: executeJavaScript("var previewBar = document.getElementById("preview-bar-iframe"); previewBar.style.display = "none";", [])

2019-06-28 17:02:13 - [MESSAGE][NOT_RUN] - NOT_RUN: executeJavaScript("var previewBar = document.getElementById("preview-bar-iframe"); previewBar.style.display = "none";", [])

2019-06-28 17:02:13 - [TEST_STEP][PASSED] - delay(2): Delayed 2 second(s)

2019-06-28 17:02:15 - [MESSAGE][PASSED] - Delayed 2 second(s)

2019-06-28 17:02:15 - [TEST_STEP][PASSED] - setText(findTestObject("OCS- FRENCH/Page_Ontario Cannabis Store - Infor/input_Adresse e-mail_checkoute"), "suman@gmail.com"): Text 'suman@gmail.com' is set on object 'Object Repository/OCS- FRENCH/Page_Ontario Cannabis Store - Infor/input_Adresse e-mail_checkoute'

2019-06-28 17:02:15 - [MESSAGE][PASSED] - Text 'suman@gmail.com' is set on object 'Object Repository/OCS- FRENCH/Page_Ontario Cannabis Store - Infor/input_Adresse e-mail_checkoute'

2019-06-28 17:02:15 - [TEST_STEP][PASSED] - delay(2): Delayed 2 second(s)

2019-06-28 17:02:17 - [MESSAGE][PASSED] - Delayed 2 second(s)

2019-06-28 17:02:17 - [TEST_STEP][PASSED] - setText(findTestObject("Object Repository/OCS- FRENCH/Page_Ontario Cannabis Store - Infor/input_Prnom_checkoutshipping_a"), "suman"): Text 'suman' is set on object 'Object Repository/OCS- FRENCH/Page_Ontario Cannabis Store - Infor/input_Prnom_checkoutshipping_a'

2019-06-28 17:02:17 - [MESSAGE][PASSED] - Text 'suman' is set on object 'Object Repository/OCS- FRENCH/Page_Ontario Cannabis Store - Infor/input_Prnom_checkoutshipping_a'

2019-06-28 17:02:17 - [TEST_STEP][PASSED] - delay(2): Delayed 2 second(s)

2019-06-28 17:02:19 - [MESSAGE][PASSED] - Delayed 2 second(s)

2019-06-28 17:02:19 - [TEST_STEP][PASSED] - setText(findTestObject("Object Repository/OCS- FRENCH/Page_Ontario Cannabis Store - Infor/input_Nom_checkoutshipping_add"), "test12"): Text 'test12' is set on object 'Object Repository/OCS- FRENCH/Page_Ontario Cannabis Store - Infor/input_Nom_checkoutshipping_add'

2019-06-28 17:02:19 - [MESSAGE][PASSED] - Text 'test12' is set on object 'Object Repository/OCS- FRENCH/Page_Ontario Cannabis Store - Infor/input_Nom_checkoutshipping_add'

2019-06-28 17:02:19 - [TEST_STEP][PASSED] - delay(2): Delayed 2 second(s)

2019-06-28 17:02:21 - [MESSAGE][PASSED] - Delayed 2 second(s)

2019-06-28 17:02:21 - [TEST_STEP][PASSED] - setText(findTestObject("Object Repository/OCS- FRENCH/Page_Ontario Cannabis Store - Infor/input_Adresse_checkoutshipping"), "test12"): Text 'test12' is set on object 'Object Repository/OCS- FRENCH/Page_Ontario Cannabis Store - Infor/input_Adresse_checkoutshipping'

2019-06-28 17:02:21 - [MESSAGE][PASSED] - Text 'test12' is set on object 'Object Repository/OCS- FRENCH/Page_Ontario Cannabis Store - Infor/input_Adresse_checkoutshipping'

2019-06-28 17:02:21 - [TEST_STEP][PASSED] - delay(2): Delayed 2 second(s)

2019-06-28 17:02:23 - [MESSAGE][PASSED] - Delayed 2 second(s)

2019-06-28 17:02:23 - [TEST_STEP][PASSED] - setText(findTestObject("Object Repository/OCS- FRENCH/Page_Ontario Cannabis Store - Infor/input_Appartement suite etc. ("), "12"): Text '12' is set on object 'Object Repository/OCS- FRENCH/Page_Ontario Cannabis Store - Infor/input_Appartement suite etc. ('

2019-06-28 17:02:23 - [MESSAGE][PASSED] - Text '12' is set on object 'Object Repository/OCS- FRENCH/Page_Ontario Cannabis Store - Infor/input_Appartement suite etc. ('

2019-06-28 17:02:23 - [TEST_STEP][PASSED] - delay(2): Delayed 2 second(s)

2019-06-28 17:02:25 - [MESSAGE][PASSED] - Delayed 2 second(s)

2019-06-28 17:02:25 - [TEST_STEP][PASSED] - setText(findTestObject("Object Repository/OCS- FRENCH/Page_Ontario Cannabis Store - Infor/input_Ville_checkoutshipping_a"), "montreal"): Text 'montreal' is set on object 'Object Repository/OCS- FRENCH/Page_Ontario Cannabis Store - Infor/input_Ville_checkoutshipping_a'

2019-06-28 17:02:26 - [MESSAGE][PASSED] - Text 'montreal' is set on object 'Object Repository/OCS- FRENCH/Page_Ontario Cannabis Store - Infor/input_Ville_checkoutshipping_a'

2019-06-28 17:02:26 - [TEST_STEP][PASSED] - delay(2): Delayed 2 second(s)

2019-06-28 17:02:28 - [MESSAGE][PASSED] - Delayed 2 second(s)

2019-06-28 17:02:28 - [TEST_STEP][PASSED] - setText(findTestObject("Object Repository/OCS- FRENCH/Page_Ontario Cannabis Store - Infor/input_Code postal_checkoutship"), "n0r1k0"): Text 'n0r1k0' is set on object 'Object Repository/OCS- FRENCH/Page_Ontario Cannabis Store - Infor/input_Code postal_checkoutship'

2019-06-28 17:02:28 - [MESSAGE][PASSED] - Text 'n0r1k0' is set on object 'Object Repository/OCS- FRENCH/Page_Ontario Cannabis Store - Infor/input_Code postal_checkoutship'

2019-06-28 17:02:28 - [TEST_STEP][PASSED] - delay(2): Delayed 2 second(s)

2019-06-28 17:02:30 - [MESSAGE][PASSED] - Delayed 2 second(s)

2019-06-28 17:02:30 - [TEST_STEP][PASSED] - setText(findTestObject("Object Repository/OCS- FRENCH/Page_Ontario Cannabis Store - Infor/input_Tlphone_checkoutshipping"), "514-449-3883"): Text '514-449-3883' is set on object 'Object Repository/OCS- FRENCH/Page_Ontario Cannabis Store - Infor/input_Tlphone_checkoutshipping'

2019-06-28 17:02:30 - [MESSAGE][PASSED] - Text '514-449-3883' is set on object 'Object Repository/OCS- FRENCH/Page_Ontario Cannabis Store - Infor/input_Tlphone_checkoutshipping'

2019-06-28 17:02:30 - [TEST_STEP][PASSED] - delay(2): Delayed 2 second(s)

2019-06-28 17:02:32 - [MESSAGE][PASSED] - Delayed 2 second(s)

2019-06-28 17:02:32 - [TEST_STEP][PASSED] - click(findTestObject("Object Repository/OCS- FRENCH/Page_Ontario Cannabis Store - Infor/button_Continuer vers le mode")): Object: 'Object Repository/OCS- FRENCH/Page_Ontario Cannabis Store - Infor/button_Continuer vers le mode' is clicked on

2019-06-28 17:02:32 - [MESSAGE][PASSED] - Object: 'Object Repository/OCS- FRENCH/Page_Ontario Cannabis Store - Infor/button_Continuer vers le mode' is clicked on

2019-06-28 17:02:32 - [TEST_STEP][PASSED] - delay(2): Delayed 2 second(s)

2019-06-28 17:02:34 - [MESSAGE][PASSED] - Delayed 2 second(s)

2019-06-28 17:02:34 - [TEST_STEP][NOT_RUN] - executeJavaScript("var previewBar = document.getElementById("preview-bar-iframe"); previewBar.style.display = "none";", []): NOT_RUN: executeJavaScript("var previewBar = document.getElementById("preview-bar-iframe"); previewBar.style.display = "none";", [])

2019-06-28 17:02:34 - [MESSAGE][NOT_RUN] - NOT_RUN: executeJavaScript("var previewBar = document.getElementById("preview-bar-iframe"); previewBar.style.display = "none";", [])

2019-06-28 17:02:34 - [TEST_STEP][PASSED] - delay(2): Delayed 2 second(s)

2019-06-28 17:02:36 - [MESSAGE][PASSED] - Delayed 2 second(s)

2019-06-28 17:02:36 - [TEST_STEP][PASSED] - click(findTestObject("Object Repository/OCS- FRENCH/Page_Ontario Cannabis Store - Livra/button_Continuer vers le moyen")): Object: 'Object Repository/OCS- FRENCH/Page_Ontario Cannabis Store - Livra/button_Continuer vers le moyen' is clicked on

2019-06-28 17:02:36 - [MESSAGE][PASSED] - Object: 'Object Repository/OCS- FRENCH/Page_Ontario Cannabis Store - Livra/button_Continuer vers le moyen' is clicked on

2019-06-28 17:02:36 - [MESSAGE][PASSED] - Call Test Case 'Test Cases/OCS - MOBILE/CALL- SHIPPING TO PAYMENT' successfully]]></system-out>
         <system-err><![CDATA[]]></system-err>
      </testcase>
      <testcase name="Test Cases/OCS- FRENCH/CRITICAL PATH/Cart page - increase qty - fr" classname="Test Cases/OCS- FRENCH/CRITICAL PATH/Cart page - increase qty - fr" status="PASSED">
         <system-out><![CDATA[2019-06-28 17:02:36 - [TEST_CASE][PASSED] - Test Cases/OCS- FRENCH/CRITICAL PATH/Cart page - increase qty - fr: Test Cases/OCS- FRENCH/CRITICAL PATH/Cart page - increase qty - fr

2019-06-28 17:02:36 - [TEST_STEP][PASSED] - callTestCase(findTestCase("OCS - MOBILE/CALL - AGE GATE"), [:], STOP_ON_FAILURE): Call Test Case 'Test Cases/OCS - MOBILE/CALL - AGE GATE' successfully

2019-06-28 17:02:36 - [TEST_CASE][PASSED] - Test Cases/OCS - MOBILE/CALL - AGE GATE: Test Cases/OCS - MOBILE/CALL - AGE GATE

2019-06-28 17:02:36 - [TEST_STEP][PASSED] - openBrowser(""): Browser is opened with url: ''

2019-06-28 17:02:36 - [MESSAGE][WARNING] - A browser is already opened. Closing browser and opening a new one

2019-06-28 17:02:36 - [MESSAGE][INFO] - Starting 'Safari' driver

2019-06-28 17:02:37 - [MESSAGE][PASSED] - Browser is opened with url: ''

2019-06-28 17:02:37 - [TEST_STEP][PASSED] - navigateToUrl("ocs.ca"): Navigate to 'http://ocs.ca' successfully

2019-06-28 17:02:39 - [MESSAGE][PASSED] - Navigate to 'http://ocs.ca' successfully

2019-06-28 17:02:39 - [TEST_STEP][NOT_RUN] - executeJavaScript("var previewBar = document.getElementById("preview-bar-iframe"); previewBar.style.display = "none";", []): NOT_RUN: executeJavaScript("var previewBar = document.getElementById("preview-bar-iframe"); previewBar.style.display = "none";", [])

2019-06-28 17:02:39 - [MESSAGE][NOT_RUN] - NOT_RUN: executeJavaScript("var previewBar = document.getElementById("preview-bar-iframe"); previewBar.style.display = "none";", [])

2019-06-28 17:02:39 - [TEST_STEP][PASSED] - setViewPortSize(360, 800): Viewport is set to new size with width = 360 and height = 800

2019-06-28 17:02:39 - [MESSAGE][PASSED] - Viewport is set to new size with width = 360 and height = 800

2019-06-28 17:02:39 - [TEST_STEP][PASSED] - delay(4): Delayed 4 second(s)

2019-06-28 17:02:43 - [MESSAGE][PASSED] - Delayed 4 second(s)

2019-06-28 17:02:43 - [TEST_STEP][PASSED] - selectOptionByValue(findTestObject("OCS-MOBILE /Age gate and burger menu/Date"), "12", true): All options with value '12' are selected in object 'Object Repository/OCS-MOBILE /Age gate and burger menu/Date'  using regular expression

2019-06-28 17:02:43 - [MESSAGE][PASSED] - All options with value '12' are selected in object 'Object Repository/OCS-MOBILE /Age gate and burger menu/Date'  using regular expression

2019-06-28 17:02:43 - [TEST_STEP][PASSED] - selectOptionByValue(findTestObject("OCS-MOBILE /Age gate and burger menu/month"), "6", true): All options with value '6' are selected in object 'Object Repository/OCS-MOBILE /Age gate and burger menu/month'  using regular expression

2019-06-28 17:02:44 - [MESSAGE][PASSED] - All options with value '6' are selected in object 'Object Repository/OCS-MOBILE /Age gate and burger menu/month'  using regular expression

2019-06-28 17:02:44 - [TEST_STEP][PASSED] - delay(2): Delayed 2 second(s)

2019-06-28 17:02:46 - [MESSAGE][PASSED] - Delayed 2 second(s)

2019-06-28 17:02:46 - [TEST_STEP][PASSED] - selectOptionByValue(findTestObject("OCS-MOBILE /Age gate and burger menu/Year Dropdown"), "1990", true): All options with value '1990' are selected in object 'Object Repository/OCS-MOBILE /Age gate and burger menu/Year Dropdown'  using regular expression

2019-06-28 17:02:47 - [MESSAGE][PASSED] - All options with value '1990' are selected in object 'Object Repository/OCS-MOBILE /Age gate and burger menu/Year Dropdown'  using regular expression

2019-06-28 17:02:47 - [TEST_STEP][PASSED] - click(findTestObject("OCS-MOBILE /Age gate and Mega menu/button_Verify")): Object: 'Object Repository/OCS-MOBILE /Age gate and Mega menu/button_Verify' is clicked on

2019-06-28 17:02:47 - [MESSAGE][PASSED] - Object: 'Object Repository/OCS-MOBILE /Age gate and Mega menu/button_Verify' is clicked on

2019-06-28 17:02:47 - [TEST_STEP][PASSED] - click(findTestObject("OCS-MOBILE /Age gate and Mega menu/Checkbox_CONFIRM AND ACKNOWLEDGE")): Object: 'Object Repository/OCS-MOBILE /Age gate and Mega menu/Checkbox_CONFIRM AND ACKNOWLEDGE' is clicked on

2019-06-28 17:02:47 - [MESSAGE][PASSED] - Object: 'Object Repository/OCS-MOBILE /Age gate and Mega menu/Checkbox_CONFIRM AND ACKNOWLEDGE' is clicked on

2019-06-28 17:02:47 - [TEST_STEP][PASSED] - click(findTestObject("OCS-MOBILE /Age gate and Mega menu/button_CONFIRM")): Object: 'Object Repository/OCS-MOBILE /Age gate and Mega menu/button_CONFIRM' is clicked on

2019-06-28 17:02:47 - [MESSAGE][PASSED] - Object: 'Object Repository/OCS-MOBILE /Age gate and Mega menu/button_CONFIRM' is clicked on

2019-06-28 17:02:47 - [TEST_STEP][PASSED] - click(findTestObject("OCS-MOBILE /Age gate and Mega menu/button_Start Browsing")): Object: 'Object Repository/OCS-MOBILE /Age gate and Mega menu/button_Start Browsing' is clicked on

2019-06-28 17:02:47 - [MESSAGE][PASSED] - Object: 'Object Repository/OCS-MOBILE /Age gate and Mega menu/button_Start Browsing' is clicked on

2019-06-28 17:02:47 - [TEST_STEP][PASSED] - refresh(): Refresh successfully

2019-06-28 17:02:50 - [MESSAGE][PASSED] - Refresh successfully

2019-06-28 17:02:50 - [TEST_STEP][NOT_RUN] - executeJavaScript("var previewBar = document.getElementById("preview-bar-iframe"); previewBar.style.display = "none";", []): NOT_RUN: executeJavaScript("var previewBar = document.getElementById("preview-bar-iframe"); previewBar.style.display = "none";", [])

2019-06-28 17:02:50 - [MESSAGE][NOT_RUN] - NOT_RUN: executeJavaScript("var previewBar = document.getElementById("preview-bar-iframe"); previewBar.style.display = "none";", [])

2019-06-28 17:02:50 - [MESSAGE][PASSED] - Call Test Case 'Test Cases/OCS - MOBILE/CALL - AGE GATE' successfully

2019-06-28 17:02:50 - [TEST_STEP][PASSED] - callTestCase(findTestCase("OCS - MOBILE/CALL- TOGGLING LANGUAGE"), [:], STOP_ON_FAILURE): Call Test Case 'Test Cases/OCS - MOBILE/CALL- TOGGLING LANGUAGE' successfully

2019-06-28 17:02:50 - [TEST_CASE][PASSED] - Test Cases/OCS - MOBILE/CALL- TOGGLING LANGUAGE: Test Cases/OCS - MOBILE/CALL- TOGGLING LANGUAGE

2019-06-28 17:02:50 - [TEST_STEP][PASSED] - delay(2): Delayed 2 second(s)

2019-06-28 17:02:52 - [MESSAGE][PASSED] - Delayed 2 second(s)

2019-06-28 17:02:52 - [TEST_STEP][PASSED] - click(findTestObject("OCS-MOBILE /Age gate and burger menu/Burger menu - English")): Object: 'Object Repository/OCS-MOBILE /Age gate and burger menu/Burger menu - English' is clicked on

2019-06-28 17:02:52 - [MESSAGE][PASSED] - Object: 'Object Repository/OCS-MOBILE /Age gate and burger menu/Burger menu - English' is clicked on

2019-06-28 17:02:52 - [TEST_STEP][PASSED] - delay(2): Delayed 2 second(s)

2019-06-28 17:02:54 - [MESSAGE][PASSED] - Delayed 2 second(s)

2019-06-28 17:02:54 - [TEST_STEP][PASSED] - click(findTestObject("OCS-MOBILE /Cart flyout/English dropdown")): Object: 'Object Repository/OCS-MOBILE /Cart flyout/English dropdown' is clicked on

2019-06-28 17:02:54 - [MESSAGE][PASSED] - Object: 'Object Repository/OCS-MOBILE /Cart flyout/English dropdown' is clicked on

2019-06-28 17:02:54 - [TEST_STEP][PASSED] - delay(2): Delayed 2 second(s)

2019-06-28 17:02:56 - [MESSAGE][PASSED] - Delayed 2 second(s)

2019-06-28 17:02:56 - [TEST_STEP][NOT_RUN] - executeJavaScript("var previewBar = document.getElementById("preview-bar-iframe"); previewBar.style.display = "none";", []): NOT_RUN: executeJavaScript("var previewBar = document.getElementById("preview-bar-iframe"); previewBar.style.display = "none";", [])

2019-06-28 17:02:56 - [MESSAGE][NOT_RUN] - NOT_RUN: executeJavaScript("var previewBar = document.getElementById("preview-bar-iframe"); previewBar.style.display = "none";", [])

2019-06-28 17:02:56 - [TEST_STEP][PASSED] - click(findTestObject("OCS-MOBILE /Cart flyout/Select French")): Object: 'Object Repository/OCS-MOBILE /Cart flyout/Select French' is clicked on

2019-06-28 17:02:56 - [MESSAGE][PASSED] - Object: 'Object Repository/OCS-MOBILE /Cart flyout/Select French' is clicked on

2019-06-28 17:02:56 - [MESSAGE][PASSED] - Call Test Case 'Test Cases/OCS - MOBILE/CALL- TOGGLING LANGUAGE' successfully

2019-06-28 17:02:56 - [TEST_STEP][PASSED] - delay(2): Delayed 2 second(s)

2019-06-28 17:02:58 - [MESSAGE][PASSED] - Delayed 2 second(s)

2019-06-28 17:02:58 - [TEST_STEP][PASSED] - click(findTestObject("OCS-MOBILE /Age gate and burger menu/Burger menu - English")): Object: 'Object Repository/OCS-MOBILE /Age gate and burger menu/Burger menu - English' is clicked on

2019-06-28 17:03:01 - [MESSAGE][PASSED] - Object: 'Object Repository/OCS-MOBILE /Age gate and burger menu/Burger menu - English' is clicked on

2019-06-28 17:03:01 - [TEST_STEP][PASSED] - delay(2): Delayed 2 second(s)

2019-06-28 17:03:03 - [MESSAGE][PASSED] - Delayed 2 second(s)

2019-06-28 17:03:03 - [TEST_STEP][PASSED] - click(findTestObject("OCS-MOBILE /Age gate and burger menu/Chevron_Cannabis")): Object: 'Object Repository/OCS-MOBILE /Age gate and burger menu/Chevron_Cannabis' is clicked on

2019-06-28 17:03:03 - [MESSAGE][PASSED] - Object: 'Object Repository/OCS-MOBILE /Age gate and burger menu/Chevron_Cannabis' is clicked on

2019-06-28 17:03:03 - [TEST_STEP][PASSED] - delay(2): Delayed 2 second(s)

2019-06-28 17:03:05 - [MESSAGE][PASSED] - Delayed 2 second(s)

2019-06-28 17:03:05 - [TEST_STEP][PASSED] - click(findTestObject("OCS-MOBILE /Age gate and burger menu/Dried Flower_Plus icon")): Object: 'Object Repository/OCS-MOBILE /Age gate and burger menu/Dried Flower_Plus icon' is clicked on

2019-06-28 17:03:05 - [MESSAGE][PASSED] - Object: 'Object Repository/OCS-MOBILE /Age gate and burger menu/Dried Flower_Plus icon' is clicked on

2019-06-28 17:03:05 - [TEST_STEP][PASSED] - delay(2): Delayed 2 second(s)

2019-06-28 17:03:07 - [MESSAGE][PASSED] - Delayed 2 second(s)

2019-06-28 17:03:07 - [TEST_STEP][PASSED] - click(findTestObject("OCS- FRENCH/Indica Dominant_Menu item")): Object: 'Object Repository/OCS- FRENCH/Indica Dominant_Menu item' is clicked on

2019-06-28 17:03:09 - [MESSAGE][PASSED] - Object: 'Object Repository/OCS- FRENCH/Indica Dominant_Menu item' is clicked on

2019-06-28 17:03:09 - [TEST_STEP][NOT_RUN] - executeJavaScript("var previewBar = document.getElementById("preview-bar-iframe"); previewBar.style.display = "none";", []): NOT_RUN: executeJavaScript("var previewBar = document.getElementById("preview-bar-iframe"); previewBar.style.display = "none";", [])

2019-06-28 17:03:09 - [MESSAGE][NOT_RUN] - NOT_RUN: executeJavaScript("var previewBar = document.getElementById("preview-bar-iframe"); previewBar.style.display = "none";", [])

2019-06-28 17:03:09 - [TEST_STEP][PASSED] - delay(2): Delayed 2 second(s)

2019-06-28 17:03:11 - [MESSAGE][PASSED] - Delayed 2 second(s)

2019-06-28 17:03:11 - [TEST_STEP][PASSED] - click(findTestObject("OCS- FRENCH/Product image - 1st one")): Object: 'Object Repository/OCS- FRENCH/Product image - 1st one' is clicked on

2019-06-28 17:03:14 - [MESSAGE][PASSED] - Object: 'Object Repository/OCS- FRENCH/Product image - 1st one' is clicked on

2019-06-28 17:03:14 - [TEST_STEP][NOT_RUN] - executeJavaScript("var previewBar = document.getElementById("preview-bar-iframe"); previewBar.style.display = "none";", []): NOT_RUN: executeJavaScript("var previewBar = document.getElementById("preview-bar-iframe"); previewBar.style.display = "none";", [])

2019-06-28 17:03:14 - [MESSAGE][NOT_RUN] - NOT_RUN: executeJavaScript("var previewBar = document.getElementById("preview-bar-iframe"); previewBar.style.display = "none";", [])

2019-06-28 17:03:14 - [TEST_STEP][PASSED] - delay(2): Delayed 2 second(s)

2019-06-28 17:03:16 - [MESSAGE][PASSED] - Delayed 2 second(s)

2019-06-28 17:03:16 - [TEST_STEP][PASSED] - click(findTestObject("OCS-MOBILE /Product page/Swatch_1g")): Object: 'Object Repository/OCS-MOBILE /Product page/Swatch_1g' is clicked on

2019-06-28 17:03:16 - [MESSAGE][PASSED] - Object: 'Object Repository/OCS-MOBILE /Product page/Swatch_1g' is clicked on

2019-06-28 17:03:16 - [TEST_STEP][PASSED] - delay(2): Delayed 2 second(s)

2019-06-28 17:03:18 - [MESSAGE][PASSED] - Delayed 2 second(s)

2019-06-28 17:03:18 - [TEST_STEP][PASSED] - click(findTestObject("OCS-MOBILE /Product page/Add to Bag-button")): Object: 'Object Repository/OCS-MOBILE /Product page/Add to Bag-button' is clicked on

2019-06-28 17:03:18 - [MESSAGE][PASSED] - Object: 'Object Repository/OCS-MOBILE /Product page/Add to Bag-button' is clicked on

2019-06-28 17:03:18 - [TEST_STEP][PASSED] - delay(4): Delayed 4 second(s)

2019-06-28 17:03:22 - [MESSAGE][PASSED] - Delayed 4 second(s)

2019-06-28 17:03:22 - [TEST_STEP][NOT_RUN] - click(findTestObject("OCS-MOBILE /Home - page/Cart icon -bag")): NOT_RUN: click(findTestObject("OCS-MOBILE /Home - page/Cart icon -bag"))

2019-06-28 17:03:22 - [MESSAGE][NOT_RUN] - NOT_RUN: click(findTestObject("OCS-MOBILE /Home - page/Cart icon -bag"))

2019-06-28 17:03:22 - [TEST_STEP][PASSED] - delay(2): Delayed 2 second(s)

2019-06-28 17:03:24 - [MESSAGE][PASSED] - Delayed 2 second(s)

2019-06-28 17:03:24 - [TEST_STEP][PASSED] - click(findTestObject("OCS-MOBILE /Cart flyout/Checkbox_I confirm that")): Object: 'Object Repository/OCS-MOBILE /Cart flyout/Checkbox_I confirm that' is clicked on

2019-06-28 17:03:25 - [MESSAGE][PASSED] - Object: 'Object Repository/OCS-MOBILE /Cart flyout/Checkbox_I confirm that' is clicked on

2019-06-28 17:03:25 - [TEST_STEP][PASSED] - delay(2): Delayed 2 second(s)

2019-06-28 17:03:27 - [MESSAGE][PASSED] - Delayed 2 second(s)

2019-06-28 17:03:27 - [TEST_STEP][PASSED] - click(findTestObject("OCS-MOBILE /Cart flyout/Checkbox_Accept the Terms Condition")): Object: 'Object Repository/OCS-MOBILE /Cart flyout/Checkbox_Accept the Terms Condition' is clicked on

2019-06-28 17:03:27 - [MESSAGE][PASSED] - Object: 'Object Repository/OCS-MOBILE /Cart flyout/Checkbox_Accept the Terms Condition' is clicked on

2019-06-28 17:03:27 - [TEST_STEP][PASSED] - delay(1): Delayed 1 second(s)

2019-06-28 17:03:28 - [MESSAGE][PASSED] - Delayed 1 second(s)

2019-06-28 17:03:28 - [TEST_STEP][PASSED] - click(findTestObject("OCS-MOBILE /Cart flyout/Checkout - Button")): Object: 'Object Repository/OCS-MOBILE /Cart flyout/Checkout - Button' is clicked on

2019-06-28 17:03:28 - [MESSAGE][PASSED] - Object: 'Object Repository/OCS-MOBILE /Cart flyout/Checkout - Button' is clicked on

2019-06-28 17:03:28 - [TEST_STEP][PASSED] - delay(2): Delayed 2 second(s)

2019-06-28 17:03:30 - [MESSAGE][PASSED] - Delayed 2 second(s)

2019-06-28 17:03:30 - [TEST_STEP][NOT_RUN] - executeJavaScript("var previewBar = document.getElementById("preview-bar-iframe"); previewBar.style.display = "none";", []): NOT_RUN: executeJavaScript("var previewBar = document.getElementById("preview-bar-iframe"); previewBar.style.display = "none";", [])

2019-06-28 17:03:30 - [MESSAGE][NOT_RUN] - NOT_RUN: executeJavaScript("var previewBar = document.getElementById("preview-bar-iframe"); previewBar.style.display = "none";", [])

2019-06-28 17:03:30 - [TEST_STEP][PASSED] - delay(2): Delayed 2 second(s)

2019-06-28 17:03:32 - [MESSAGE][PASSED] - Delayed 2 second(s)

2019-06-28 17:03:32 - [TEST_STEP][PASSED] - scrollToElement(findTestObject("OCS-MOBILE /Customer info page/Return to Cart - Link"), 1): Scroll to object 'Object Repository/OCS-MOBILE /Customer info page/Return to Cart - Link' successfully

2019-06-28 17:03:32 - [MESSAGE][PASSED] - Scroll to object 'Object Repository/OCS-MOBILE /Customer info page/Return to Cart - Link' successfully

2019-06-28 17:03:32 - [TEST_STEP][PASSED] - click(findTestObject("OCS-MOBILE /Customer info page/Return to Cart - Link")): Object: 'Object Repository/OCS-MOBILE /Customer info page/Return to Cart - Link' is clicked on

2019-06-28 17:03:33 - [MESSAGE][PASSED] - Object: 'Object Repository/OCS-MOBILE /Customer info page/Return to Cart - Link' is clicked on

2019-06-28 17:03:33 - [TEST_STEP][PASSED] - delay(1): Delayed 1 second(s)

2019-06-28 17:03:34 - [MESSAGE][PASSED] - Delayed 1 second(s)

2019-06-28 17:03:34 - [TEST_STEP][PASSED] - a = getText(findTestObject("OCS-MOBILE /Cart page/Unit price - product - price in cart page")): Text of object 'Object Repository/OCS-MOBILE /Cart page/Unit price - product - price in cart page' is: '






10,50 $'

2019-06-28 17:03:34 - [MESSAGE][PASSED] - Text of object 'Object Repository/OCS-MOBILE /Cart page/Unit price - product - price in cart page' is: '






10,50 $'

2019-06-28 17:03:34 - [TEST_STEP][PASSED] - comment(a): 






10,50 $

2019-06-28 17:03:34 - [MESSAGE][INFO] - 






10,50 $

2019-06-28 17:03:34 - [TEST_STEP][PASSED] - a1 = a.substring(0, a.length() - 1): null

2019-06-28 17:03:34 - [TEST_STEP][PASSED] - comment("a1 = " + a1): a1 = 






10,50 

2019-06-28 17:03:34 - [MESSAGE][INFO] - a1 = 






10,50 

2019-06-28 17:03:34 - [TEST_STEP][PASSED] - x1 = a1.substring(0, a1.length() - 1): null

2019-06-28 17:03:34 - [TEST_STEP][PASSED] - comment("x1 = " + x1): x1 = 






10,50

2019-06-28 17:03:34 - [MESSAGE][INFO] - x1 = 






10,50

2019-06-28 17:03:34 - [TEST_STEP][PASSED] - x2 = x1.substring(0, x1.length() - 1): null

2019-06-28 17:03:34 - [TEST_STEP][PASSED] - comment("x2 = " + x2): x2 = 






10,5

2019-06-28 17:03:34 - [MESSAGE][INFO] - x2 = 






10,5

2019-06-28 17:03:34 - [TEST_STEP][PASSED] - x3 = x2.substring(0, x2.length() - 1): null

2019-06-28 17:03:34 - [TEST_STEP][PASSED] - comment("x3 = " + x3): x3 = 






10,

2019-06-28 17:03:34 - [MESSAGE][INFO] - x3 = 






10,

2019-06-28 17:03:34 - [TEST_STEP][PASSED] - x6 = x3.substring(0, x3.length() - 1): null

2019-06-28 17:03:34 - [TEST_STEP][PASSED] - comment("x6 = " + x6): x6 = 






10

2019-06-28 17:03:34 - [MESSAGE][INFO] - x6 = 






10

2019-06-28 17:03:34 - [TEST_STEP][PASSED] - click(findTestObject("OCS-MOBILE /Cart page/Quantity Input field")): Object: 'Object Repository/OCS-MOBILE /Cart page/Quantity Input field' is clicked on

2019-06-28 17:03:34 - [MESSAGE][PASSED] - Object: 'Object Repository/OCS-MOBILE /Cart page/Quantity Input field' is clicked on

2019-06-28 17:03:34 - [TEST_STEP][NOT_RUN] - sendKeys(findTestObject("OCS-MOBILE /Cart page/Quantity Input field"), Keys.chord(CLEAR)): NOT_RUN: sendKeys(findTestObject("OCS-MOBILE /Cart page/Quantity Input field"), Keys.chord(CLEAR))

2019-06-28 17:03:34 - [MESSAGE][NOT_RUN] - NOT_RUN: sendKeys(findTestObject("OCS-MOBILE /Cart page/Quantity Input field"), Keys.chord(CLEAR))

2019-06-28 17:03:34 - [TEST_STEP][PASSED] - setText(findTestObject("OCS-MOBILE /Cart page/Quantity Input field"), "5"): Text '5' is set on object 'Object Repository/OCS-MOBILE /Cart page/Quantity Input field'

2019-06-28 17:03:34 - [MESSAGE][PASSED] - Text '5' is set on object 'Object Repository/OCS-MOBILE /Cart page/Quantity Input field'

2019-06-28 17:03:34 - [TEST_STEP][NOT_RUN] - click(findTestObject("OCS-MOBILE /Cart page/Unit price - product")): NOT_RUN: click(findTestObject("OCS-MOBILE /Cart page/Unit price - product"))

2019-06-28 17:03:34 - [MESSAGE][NOT_RUN] - NOT_RUN: click(findTestObject("OCS-MOBILE /Cart page/Unit price - product"))

2019-06-28 17:03:34 - [TEST_STEP][PASSED] - delay(2): Delayed 2 second(s)

2019-06-28 17:03:36 - [MESSAGE][PASSED] - Delayed 2 second(s)

2019-06-28 17:03:36 - [TEST_STEP][NOT_RUN] - sendKeys(findTestObject("OCS-MOBILE /Cart page/Quantity Input field"), Keys.chord(CLEAR)): NOT_RUN: sendKeys(findTestObject("OCS-MOBILE /Cart page/Quantity Input field"), Keys.chord(CLEAR))

2019-06-28 17:03:36 - [MESSAGE][NOT_RUN] - NOT_RUN: sendKeys(findTestObject("OCS-MOBILE /Cart page/Quantity Input field"), Keys.chord(CLEAR))

2019-06-28 17:03:36 - [TEST_STEP][PASSED] - setText(findTestObject("OCS-MOBILE /Cart page/Quantity Input field"), "7"): Text '7' is set on object 'Object Repository/OCS-MOBILE /Cart page/Quantity Input field'

2019-06-28 17:03:36 - [MESSAGE][PASSED] - Text '7' is set on object 'Object Repository/OCS-MOBILE /Cart page/Quantity Input field'

2019-06-28 17:03:36 - [TEST_STEP][NOT_RUN] - click(findTestObject("OCS-MOBILE /Cart page/Unit price - product")): NOT_RUN: click(findTestObject("OCS-MOBILE /Cart page/Unit price - product"))

2019-06-28 17:03:36 - [MESSAGE][NOT_RUN] - NOT_RUN: click(findTestObject("OCS-MOBILE /Cart page/Unit price - product"))

2019-06-28 17:03:36 - [TEST_STEP][PASSED] - delay(2): Delayed 2 second(s)

2019-06-28 17:03:38 - [MESSAGE][PASSED] - Delayed 2 second(s)

2019-06-28 17:03:38 - [TEST_STEP][PASSED] - click(findTestObject("OCS-MOBILE /Cart page/Qty Increase icon")): Object: 'Object Repository/OCS-MOBILE /Cart page/Qty Increase icon' is clicked on

2019-06-28 17:03:38 - [MESSAGE][PASSED] - Object: 'Object Repository/OCS-MOBILE /Cart page/Qty Increase icon' is clicked on

2019-06-28 17:03:38 - [TEST_STEP][PASSED] - delay(2): Delayed 2 second(s)

2019-06-28 17:03:40 - [MESSAGE][PASSED] - Delayed 2 second(s)

2019-06-28 17:03:40 - [TEST_STEP][PASSED] - click(findTestObject("OCS-MOBILE /Cart page/Qty Increase icon")): Object: 'Object Repository/OCS-MOBILE /Cart page/Qty Increase icon' is clicked on

2019-06-28 17:03:40 - [MESSAGE][PASSED] - Object: 'Object Repository/OCS-MOBILE /Cart page/Qty Increase icon' is clicked on

2019-06-28 17:03:40 - [TEST_STEP][PASSED] - delay(2): Delayed 2 second(s)

2019-06-28 17:03:42 - [MESSAGE][PASSED] - Delayed 2 second(s)

2019-06-28 17:03:42 - [TEST_STEP][PASSED] - click(findTestObject("OCS-MOBILE /Cart page/Qty Increase icon")): Object: 'Object Repository/OCS-MOBILE /Cart page/Qty Increase icon' is clicked on

2019-06-28 17:03:42 - [MESSAGE][PASSED] - Object: 'Object Repository/OCS-MOBILE /Cart page/Qty Increase icon' is clicked on

2019-06-28 17:03:42 - [TEST_STEP][PASSED] - delay(2): Delayed 2 second(s)

2019-06-28 17:03:44 - [MESSAGE][PASSED] - Delayed 2 second(s)

2019-06-28 17:03:44 - [TEST_STEP][PASSED] - b = getText(findTestObject("OCS-MOBILE /Cart page/Unit price - product - price in cart page")): Text of object 'Object Repository/OCS-MOBILE /Cart page/Unit price - product - price in cart page' is: '






94,50 $'

2019-06-28 17:03:44 - [MESSAGE][PASSED] - Text of object 'Object Repository/OCS-MOBILE /Cart page/Unit price - product - price in cart page' is: '






94,50 $'

2019-06-28 17:03:44 - [TEST_STEP][PASSED] - comment(b): 






94,50 $

2019-06-28 17:03:44 - [MESSAGE][INFO] - 






94,50 $

2019-06-28 17:03:44 - [TEST_STEP][PASSED] - a2 = b.substring(0, b.length() - 1): null

2019-06-28 17:03:44 - [TEST_STEP][PASSED] - comment("a2 = " + a2): a2 = 






94,50 

2019-06-28 17:03:44 - [MESSAGE][INFO] - a2 = 






94,50 

2019-06-28 17:03:44 - [TEST_STEP][PASSED] - y1 = a2.substring(0, a2.length() - 1): null

2019-06-28 17:03:44 - [TEST_STEP][PASSED] - comment("y1 = " + y1): y1 = 






94,50

2019-06-28 17:03:44 - [MESSAGE][INFO] - y1 = 






94,50

2019-06-28 17:03:44 - [TEST_STEP][PASSED] - y2 = y1.substring(0, y1.length() - 1): null

2019-06-28 17:03:44 - [TEST_STEP][PASSED] - comment("y2 = " + y2): y2 = 






94,5

2019-06-28 17:03:44 - [MESSAGE][INFO] - y2 = 






94,5

2019-06-28 17:03:44 - [TEST_STEP][PASSED] - y3 = y2.substring(0, y2.length() - 1): null

2019-06-28 17:03:44 - [TEST_STEP][PASSED] - comment("y3 = " + y3): y3 = 






94,

2019-06-28 17:03:44 - [MESSAGE][INFO] - y3 = 






94,

2019-06-28 17:03:44 - [TEST_STEP][PASSED] - y4 = y3.substring(0, y3.length() - 1): null

2019-06-28 17:03:44 - [TEST_STEP][PASSED] - comment("y4 = " + y4): y4 = 






94

2019-06-28 17:03:44 - [MESSAGE][INFO] - y4 = 






94

2019-06-28 17:03:44 - [TEST_STEP][PASSED] - verifyNotEqual("x6", "y4"): Actual object 'x6' and expected object 'y4' are not equal

2019-06-28 17:03:44 - [MESSAGE][PASSED] - Actual object 'x6' and expected object 'y4' are not equal

2019-06-28 17:03:44 - [TEST_STEP][PASSED] - comment(" price changed . Quantity selector is working"):  price changed . Quantity selector is working

2019-06-28 17:03:44 - [MESSAGE][INFO] -  price changed . Quantity selector is working

2019-06-28 17:03:44 - [TEST_STEP][PASSED] - delay(1): Delayed 1 second(s)

2019-06-28 17:03:45 - [MESSAGE][PASSED] - Delayed 1 second(s)

2019-06-28 17:03:45 - [TEST_STEP][PASSED] - click(findTestObject("OCS-MOBILE /Cart page/cart page-Checkbox_I confirm that")): Object: 'Object Repository/OCS-MOBILE /Cart page/cart page-Checkbox_I confirm that' is clicked on

2019-06-28 17:03:45 - [MESSAGE][PASSED] - Object: 'Object Repository/OCS-MOBILE /Cart page/cart page-Checkbox_I confirm that' is clicked on

2019-06-28 17:03:45 - [TEST_STEP][PASSED] - delay(1): Delayed 1 second(s)

2019-06-28 17:03:46 - [MESSAGE][PASSED] - Delayed 1 second(s)

2019-06-28 17:03:46 - [TEST_STEP][PASSED] - click(findTestObject("OCS-MOBILE /Cart page/cart page - Checkbox_Accept the Terms Condition")): Object: 'Object Repository/OCS-MOBILE /Cart page/cart page - Checkbox_Accept the Terms Condition' is clicked on

2019-06-28 17:03:46 - [MESSAGE][PASSED] - Object: 'Object Repository/OCS-MOBILE /Cart page/cart page - Checkbox_Accept the Terms Condition' is clicked on

2019-06-28 17:03:46 - [TEST_STEP][NOT_RUN] - executeJavaScript("var previewBar = document.getElementById("preview-bar-iframe"); previewBar.style.display = "none";", []): NOT_RUN: executeJavaScript("var previewBar = document.getElementById("preview-bar-iframe"); previewBar.style.display = "none";", [])

2019-06-28 17:03:46 - [MESSAGE][NOT_RUN] - NOT_RUN: executeJavaScript("var previewBar = document.getElementById("preview-bar-iframe"); previewBar.style.display = "none";", [])

2019-06-28 17:03:46 - [TEST_STEP][PASSED] - delay(1): Delayed 1 second(s)

2019-06-28 17:03:47 - [MESSAGE][PASSED] - Delayed 1 second(s)

2019-06-28 17:03:47 - [TEST_STEP][PASSED] - click(findTestObject("OCS- FRENCH/Cart page -checkout button")): Object: 'Object Repository/OCS- FRENCH/Cart page -checkout button' is clicked on

2019-06-28 17:03:47 - [MESSAGE][PASSED] - Object: 'Object Repository/OCS- FRENCH/Cart page -checkout button' is clicked on

2019-06-28 17:03:47 - [TEST_STEP][PASSED] - delay(1): Delayed 1 second(s)

2019-06-28 17:03:48 - [MESSAGE][PASSED] - Delayed 1 second(s)

2019-06-28 17:03:48 - [TEST_STEP][PASSED] - callTestCase(findTestCase("OCS - MOBILE/CALL- SHIPPING TO PAYMENT"), [:], STOP_ON_FAILURE): Call Test Case 'Test Cases/OCS - MOBILE/CALL- SHIPPING TO PAYMENT' successfully

2019-06-28 17:03:48 - [TEST_CASE][PASSED] - Test Cases/OCS - MOBILE/CALL- SHIPPING TO PAYMENT: Test Cases/OCS - MOBILE/CALL- SHIPPING TO PAYMENT

2019-06-28 17:03:48 - [TEST_STEP][NOT_RUN] - executeJavaScript("var previewBar = document.getElementById("preview-bar-iframe"); previewBar.style.display = "none";", []): NOT_RUN: executeJavaScript("var previewBar = document.getElementById("preview-bar-iframe"); previewBar.style.display = "none";", [])

2019-06-28 17:03:48 - [MESSAGE][NOT_RUN] - NOT_RUN: executeJavaScript("var previewBar = document.getElementById("preview-bar-iframe"); previewBar.style.display = "none";", [])

2019-06-28 17:03:48 - [TEST_STEP][PASSED] - delay(2): Delayed 2 second(s)

2019-06-28 17:03:50 - [MESSAGE][PASSED] - Delayed 2 second(s)

2019-06-28 17:03:50 - [TEST_STEP][PASSED] - setText(findTestObject("OCS- FRENCH/Page_Ontario Cannabis Store - Infor/input_Adresse e-mail_checkoute"), "suman@gmail.com"): Text 'suman@gmail.com' is set on object 'Object Repository/OCS- FRENCH/Page_Ontario Cannabis Store - Infor/input_Adresse e-mail_checkoute'

2019-06-28 17:03:50 - [MESSAGE][PASSED] - Text 'suman@gmail.com' is set on object 'Object Repository/OCS- FRENCH/Page_Ontario Cannabis Store - Infor/input_Adresse e-mail_checkoute'

2019-06-28 17:03:50 - [TEST_STEP][PASSED] - delay(2): Delayed 2 second(s)

2019-06-28 17:03:52 - [MESSAGE][PASSED] - Delayed 2 second(s)

2019-06-28 17:03:52 - [TEST_STEP][PASSED] - setText(findTestObject("Object Repository/OCS- FRENCH/Page_Ontario Cannabis Store - Infor/input_Prnom_checkoutshipping_a"), "suman"): Text 'suman' is set on object 'Object Repository/OCS- FRENCH/Page_Ontario Cannabis Store - Infor/input_Prnom_checkoutshipping_a'

2019-06-28 17:03:53 - [MESSAGE][PASSED] - Text 'suman' is set on object 'Object Repository/OCS- FRENCH/Page_Ontario Cannabis Store - Infor/input_Prnom_checkoutshipping_a'

2019-06-28 17:03:53 - [TEST_STEP][PASSED] - delay(2): Delayed 2 second(s)

2019-06-28 17:03:55 - [MESSAGE][PASSED] - Delayed 2 second(s)

2019-06-28 17:03:55 - [TEST_STEP][PASSED] - setText(findTestObject("Object Repository/OCS- FRENCH/Page_Ontario Cannabis Store - Infor/input_Nom_checkoutshipping_add"), "test12"): Text 'test12' is set on object 'Object Repository/OCS- FRENCH/Page_Ontario Cannabis Store - Infor/input_Nom_checkoutshipping_add'

2019-06-28 17:03:55 - [MESSAGE][PASSED] - Text 'test12' is set on object 'Object Repository/OCS- FRENCH/Page_Ontario Cannabis Store - Infor/input_Nom_checkoutshipping_add'

2019-06-28 17:03:55 - [TEST_STEP][PASSED] - delay(2): Delayed 2 second(s)

2019-06-28 17:03:57 - [MESSAGE][PASSED] - Delayed 2 second(s)

2019-06-28 17:03:57 - [TEST_STEP][PASSED] - setText(findTestObject("Object Repository/OCS- FRENCH/Page_Ontario Cannabis Store - Infor/input_Adresse_checkoutshipping"), "test12"): Text 'test12' is set on object 'Object Repository/OCS- FRENCH/Page_Ontario Cannabis Store - Infor/input_Adresse_checkoutshipping'

2019-06-28 17:03:57 - [MESSAGE][PASSED] - Text 'test12' is set on object 'Object Repository/OCS- FRENCH/Page_Ontario Cannabis Store - Infor/input_Adresse_checkoutshipping'

2019-06-28 17:03:57 - [TEST_STEP][PASSED] - delay(2): Delayed 2 second(s)

2019-06-28 17:03:59 - [MESSAGE][PASSED] - Delayed 2 second(s)

2019-06-28 17:03:59 - [TEST_STEP][PASSED] - setText(findTestObject("Object Repository/OCS- FRENCH/Page_Ontario Cannabis Store - Infor/input_Appartement suite etc. ("), "12"): Text '12' is set on object 'Object Repository/OCS- FRENCH/Page_Ontario Cannabis Store - Infor/input_Appartement suite etc. ('

2019-06-28 17:03:59 - [MESSAGE][PASSED] - Text '12' is set on object 'Object Repository/OCS- FRENCH/Page_Ontario Cannabis Store - Infor/input_Appartement suite etc. ('

2019-06-28 17:03:59 - [TEST_STEP][PASSED] - delay(2): Delayed 2 second(s)

2019-06-28 17:04:01 - [MESSAGE][PASSED] - Delayed 2 second(s)

2019-06-28 17:04:01 - [TEST_STEP][PASSED] - setText(findTestObject("Object Repository/OCS- FRENCH/Page_Ontario Cannabis Store - Infor/input_Ville_checkoutshipping_a"), "montreal"): Text 'montreal' is set on object 'Object Repository/OCS- FRENCH/Page_Ontario Cannabis Store - Infor/input_Ville_checkoutshipping_a'

2019-06-28 17:04:01 - [MESSAGE][PASSED] - Text 'montreal' is set on object 'Object Repository/OCS- FRENCH/Page_Ontario Cannabis Store - Infor/input_Ville_checkoutshipping_a'

2019-06-28 17:04:01 - [TEST_STEP][PASSED] - delay(2): Delayed 2 second(s)

2019-06-28 17:04:03 - [MESSAGE][PASSED] - Delayed 2 second(s)

2019-06-28 17:04:03 - [TEST_STEP][PASSED] - setText(findTestObject("Object Repository/OCS- FRENCH/Page_Ontario Cannabis Store - Infor/input_Code postal_checkoutship"), "n0r1k0"): Text 'n0r1k0' is set on object 'Object Repository/OCS- FRENCH/Page_Ontario Cannabis Store - Infor/input_Code postal_checkoutship'

2019-06-28 17:04:03 - [MESSAGE][PASSED] - Text 'n0r1k0' is set on object 'Object Repository/OCS- FRENCH/Page_Ontario Cannabis Store - Infor/input_Code postal_checkoutship'

2019-06-28 17:04:03 - [TEST_STEP][PASSED] - delay(2): Delayed 2 second(s)

2019-06-28 17:04:05 - [MESSAGE][PASSED] - Delayed 2 second(s)

2019-06-28 17:04:05 - [TEST_STEP][PASSED] - setText(findTestObject("Object Repository/OCS- FRENCH/Page_Ontario Cannabis Store - Infor/input_Tlphone_checkoutshipping"), "514-449-3883"): Text '514-449-3883' is set on object 'Object Repository/OCS- FRENCH/Page_Ontario Cannabis Store - Infor/input_Tlphone_checkoutshipping'

2019-06-28 17:04:06 - [MESSAGE][PASSED] - Text '514-449-3883' is set on object 'Object Repository/OCS- FRENCH/Page_Ontario Cannabis Store - Infor/input_Tlphone_checkoutshipping'

2019-06-28 17:04:06 - [TEST_STEP][PASSED] - delay(2): Delayed 2 second(s)

2019-06-28 17:04:08 - [MESSAGE][PASSED] - Delayed 2 second(s)

2019-06-28 17:04:08 - [TEST_STEP][PASSED] - click(findTestObject("Object Repository/OCS- FRENCH/Page_Ontario Cannabis Store - Infor/button_Continuer vers le mode")): Object: 'Object Repository/OCS- FRENCH/Page_Ontario Cannabis Store - Infor/button_Continuer vers le mode' is clicked on

2019-06-28 17:04:09 - [MESSAGE][PASSED] - Object: 'Object Repository/OCS- FRENCH/Page_Ontario Cannabis Store - Infor/button_Continuer vers le mode' is clicked on

2019-06-28 17:04:09 - [TEST_STEP][PASSED] - delay(2): Delayed 2 second(s)

2019-06-28 17:04:11 - [MESSAGE][PASSED] - Delayed 2 second(s)

2019-06-28 17:04:11 - [TEST_STEP][NOT_RUN] - executeJavaScript("var previewBar = document.getElementById("preview-bar-iframe"); previewBar.style.display = "none";", []): NOT_RUN: executeJavaScript("var previewBar = document.getElementById("preview-bar-iframe"); previewBar.style.display = "none";", [])

2019-06-28 17:04:11 - [MESSAGE][NOT_RUN] - NOT_RUN: executeJavaScript("var previewBar = document.getElementById("preview-bar-iframe"); previewBar.style.display = "none";", [])

2019-06-28 17:04:11 - [TEST_STEP][PASSED] - delay(2): Delayed 2 second(s)

2019-06-28 17:04:13 - [MESSAGE][PASSED] - Delayed 2 second(s)

2019-06-28 17:04:13 - [TEST_STEP][PASSED] - click(findTestObject("Object Repository/OCS- FRENCH/Page_Ontario Cannabis Store - Livra/button_Continuer vers le moyen")): Object: 'Object Repository/OCS- FRENCH/Page_Ontario Cannabis Store - Livra/button_Continuer vers le moyen' is clicked on

2019-06-28 17:04:13 - [MESSAGE][PASSED] - Object: 'Object Repository/OCS- FRENCH/Page_Ontario Cannabis Store - Livra/button_Continuer vers le moyen' is clicked on

2019-06-28 17:04:13 - [MESSAGE][PASSED] - Call Test Case 'Test Cases/OCS - MOBILE/CALL- SHIPPING TO PAYMENT' successfully]]></system-out>
         <system-err><![CDATA[]]></system-err>
      </testcase>
      <testcase name="Test Cases/OCS- FRENCH/CRITICAL PATH/Cart -fr" classname="Test Cases/OCS- FRENCH/CRITICAL PATH/Cart -fr" status="FAILED">
         <failure type="FAILED" message="Test Cases/OCS- FRENCH/CRITICAL PATH/Cart -fr FAILED.
Reason:
com.kms.katalon.core.exception.StepFailedException: Unable to verify equal between actual object '45' and expected object '






45' (Root cause: com.kms.katalon.core.exception.StepFailedException: Actual object '45' and expected object '






45' are not equal)
	at com.kms.katalon.core.keyword.internal.KeywordMain.stepFailed(KeywordMain.groovy:36)
	at com.kms.katalon.core.keyword.internal.KeywordMain.stepFailed(KeywordMain.groovy)
	at com.kms.katalon.core.keyword.internal.KeywordMain.runKeyword(KeywordMain.groovy:56)
	at com.kms.katalon.core.keyword.builtin.VerifyEqualKeyword.verifyEqual(VerifyEqualKeyword.groovy:63)
	at com.kms.katalon.core.keyword.builtin.VerifyEqualKeyword.execute(VerifyEqualKeyword.groovy:44)
	at com.kms.katalon.core.keyword.internal.KeywordExecutor.executeKeywordForPlatform(KeywordExecutor.groovy:53)
	at com.kms.katalon.core.keyword.BuiltinKeywords.verifyEqual(BuiltinKeywords.groovy:141)
	at Cart -fr.run(Cart -fr:216)
	at com.kms.katalon.core.main.ScriptEngine.run(ScriptEngine.java:194)
	at com.kms.katalon.core.main.ScriptEngine.runScriptAsRawText(ScriptEngine.java:119)
	at com.kms.katalon.core.main.TestCaseExecutor.runScript(TestCaseExecutor.java:328)
	at com.kms.katalon.core.main.TestCaseExecutor.doExecute(TestCaseExecutor.java:319)
	at com.kms.katalon.core.main.TestCaseExecutor.processExecutionPhase(TestCaseExecutor.java:298)
	at com.kms.katalon.core.main.TestCaseExecutor.accessMainPhase(TestCaseExecutor.java:290)
	at com.kms.katalon.core.main.TestCaseExecutor.execute(TestCaseExecutor.java:224)
	at com.kms.katalon.core.main.TestSuiteExecutor.accessTestCaseMainPhase(TestSuiteExecutor.java:129)
	at com.kms.katalon.core.main.TestSuiteExecutor.accessTestSuiteMainPhase(TestSuiteExecutor.java:112)
	at com.kms.katalon.core.main.TestSuiteExecutor.execute(TestSuiteExecutor.java:81)
	at com.kms.katalon.core.main.TestCaseMain.startTestSuite(TestCaseMain.java:149)
	at com.kms.katalon.core.main.TestCaseMain$startTestSuite$0.call(Unknown Source)
	at TempTestSuite1561754394056.run(TempTestSuite1561754394056.groovy:36)
"/>
         <system-out><![CDATA[2019-06-28 17:04:13 - [TEST_CASE][FAILED] - Test Cases/OCS- FRENCH/CRITICAL PATH/Cart -fr: Test Cases/OCS- FRENCH/CRITICAL PATH/Cart -fr FAILED.
Reason:
com.kms.katalon.core.exception.StepFailedException: Unable to verify equal between actual object '45' and expected object '






45' (Root cause: com.kms.katalon.core.exception.StepFailedException: Actual object '45' and expected object '






45' are not equal)
	at com.kms.katalon.core.keyword.internal.KeywordMain.stepFailed(KeywordMain.groovy:36)
	at com.kms.katalon.core.keyword.internal.KeywordMain.stepFailed(KeywordMain.groovy)
	at com.kms.katalon.core.keyword.internal.KeywordMain.runKeyword(KeywordMain.groovy:56)
	at com.kms.katalon.core.keyword.builtin.VerifyEqualKeyword.verifyEqual(VerifyEqualKeyword.groovy:63)
	at com.kms.katalon.core.keyword.builtin.VerifyEqualKeyword.execute(VerifyEqualKeyword.groovy:44)
	at com.kms.katalon.core.keyword.internal.KeywordExecutor.executeKeywordForPlatform(KeywordExecutor.groovy:53)
	at com.kms.katalon.core.keyword.BuiltinKeywords.verifyEqual(BuiltinKeywords.groovy:141)
	at Cart -fr.run(Cart -fr:216)
	at com.kms.katalon.core.main.ScriptEngine.run(ScriptEngine.java:194)
	at com.kms.katalon.core.main.ScriptEngine.runScriptAsRawText(ScriptEngine.java:119)
	at com.kms.katalon.core.main.TestCaseExecutor.runScript(TestCaseExecutor.java:328)
	at com.kms.katalon.core.main.TestCaseExecutor.doExecute(TestCaseExecutor.java:319)
	at com.kms.katalon.core.main.TestCaseExecutor.processExecutionPhase(TestCaseExecutor.java:298)
	at com.kms.katalon.core.main.TestCaseExecutor.accessMainPhase(TestCaseExecutor.java:290)
	at com.kms.katalon.core.main.TestCaseExecutor.execute(TestCaseExecutor.java:224)
	at com.kms.katalon.core.main.TestSuiteExecutor.accessTestCaseMainPhase(TestSuiteExecutor.java:129)
	at com.kms.katalon.core.main.TestSuiteExecutor.accessTestSuiteMainPhase(TestSuiteExecutor.java:112)
	at com.kms.katalon.core.main.TestSuiteExecutor.execute(TestSuiteExecutor.java:81)
	at com.kms.katalon.core.main.TestCaseMain.startTestSuite(TestCaseMain.java:149)
	at com.kms.katalon.core.main.TestCaseMain$startTestSuite$0.call(Unknown Source)
	at TempTestSuite1561754394056.run(TempTestSuite1561754394056.groovy:36)


2019-06-28 17:04:13 - [TEST_STEP][PASSED] - callTestCase(findTestCase("OCS - MOBILE/CALL - AGE GATE"), [:], STOP_ON_FAILURE): Call Test Case 'Test Cases/OCS - MOBILE/CALL - AGE GATE' successfully

2019-06-28 17:04:13 - [TEST_CASE][PASSED] - Test Cases/OCS - MOBILE/CALL - AGE GATE: Test Cases/OCS - MOBILE/CALL - AGE GATE

2019-06-28 17:04:13 - [TEST_STEP][PASSED] - openBrowser(""): Browser is opened with url: ''

2019-06-28 17:04:13 - [MESSAGE][WARNING] - A browser is already opened. Closing browser and opening a new one

2019-06-28 17:04:13 - [MESSAGE][INFO] - Starting 'Safari' driver

2019-06-28 17:04:14 - [MESSAGE][PASSED] - Browser is opened with url: ''

2019-06-28 17:04:14 - [TEST_STEP][PASSED] - navigateToUrl("ocs.ca"): Navigate to 'http://ocs.ca' successfully

2019-06-28 17:04:16 - [MESSAGE][PASSED] - Navigate to 'http://ocs.ca' successfully

2019-06-28 17:04:16 - [TEST_STEP][NOT_RUN] - executeJavaScript("var previewBar = document.getElementById("preview-bar-iframe"); previewBar.style.display = "none";", []): NOT_RUN: executeJavaScript("var previewBar = document.getElementById("preview-bar-iframe"); previewBar.style.display = "none";", [])

2019-06-28 17:04:16 - [MESSAGE][NOT_RUN] - NOT_RUN: executeJavaScript("var previewBar = document.getElementById("preview-bar-iframe"); previewBar.style.display = "none";", [])

2019-06-28 17:04:16 - [TEST_STEP][PASSED] - setViewPortSize(360, 800): Viewport is set to new size with width = 360 and height = 800

2019-06-28 17:04:16 - [MESSAGE][PASSED] - Viewport is set to new size with width = 360 and height = 800

2019-06-28 17:04:16 - [TEST_STEP][PASSED] - delay(4): Delayed 4 second(s)

2019-06-28 17:04:20 - [MESSAGE][PASSED] - Delayed 4 second(s)

2019-06-28 17:04:20 - [TEST_STEP][PASSED] - selectOptionByValue(findTestObject("OCS-MOBILE /Age gate and burger menu/Date"), "12", true): All options with value '12' are selected in object 'Object Repository/OCS-MOBILE /Age gate and burger menu/Date'  using regular expression

2019-06-28 17:04:20 - [MESSAGE][PASSED] - All options with value '12' are selected in object 'Object Repository/OCS-MOBILE /Age gate and burger menu/Date'  using regular expression

2019-06-28 17:04:20 - [TEST_STEP][PASSED] - selectOptionByValue(findTestObject("OCS-MOBILE /Age gate and burger menu/month"), "6", true): All options with value '6' are selected in object 'Object Repository/OCS-MOBILE /Age gate and burger menu/month'  using regular expression

2019-06-28 17:04:20 - [MESSAGE][PASSED] - All options with value '6' are selected in object 'Object Repository/OCS-MOBILE /Age gate and burger menu/month'  using regular expression

2019-06-28 17:04:20 - [TEST_STEP][PASSED] - delay(2): Delayed 2 second(s)

2019-06-28 17:04:22 - [MESSAGE][PASSED] - Delayed 2 second(s)

2019-06-28 17:04:22 - [TEST_STEP][PASSED] - selectOptionByValue(findTestObject("OCS-MOBILE /Age gate and burger menu/Year Dropdown"), "1990", true): All options with value '1990' are selected in object 'Object Repository/OCS-MOBILE /Age gate and burger menu/Year Dropdown'  using regular expression

2019-06-28 17:04:24 - [MESSAGE][PASSED] - All options with value '1990' are selected in object 'Object Repository/OCS-MOBILE /Age gate and burger menu/Year Dropdown'  using regular expression

2019-06-28 17:04:24 - [TEST_STEP][PASSED] - click(findTestObject("OCS-MOBILE /Age gate and Mega menu/button_Verify")): Object: 'Object Repository/OCS-MOBILE /Age gate and Mega menu/button_Verify' is clicked on

2019-06-28 17:04:24 - [MESSAGE][PASSED] - Object: 'Object Repository/OCS-MOBILE /Age gate and Mega menu/button_Verify' is clicked on

2019-06-28 17:04:24 - [TEST_STEP][PASSED] - click(findTestObject("OCS-MOBILE /Age gate and Mega menu/Checkbox_CONFIRM AND ACKNOWLEDGE")): Object: 'Object Repository/OCS-MOBILE /Age gate and Mega menu/Checkbox_CONFIRM AND ACKNOWLEDGE' is clicked on

2019-06-28 17:04:24 - [MESSAGE][PASSED] - Object: 'Object Repository/OCS-MOBILE /Age gate and Mega menu/Checkbox_CONFIRM AND ACKNOWLEDGE' is clicked on

2019-06-28 17:04:24 - [TEST_STEP][PASSED] - click(findTestObject("OCS-MOBILE /Age gate and Mega menu/button_CONFIRM")): Object: 'Object Repository/OCS-MOBILE /Age gate and Mega menu/button_CONFIRM' is clicked on

2019-06-28 17:04:24 - [MESSAGE][PASSED] - Object: 'Object Repository/OCS-MOBILE /Age gate and Mega menu/button_CONFIRM' is clicked on

2019-06-28 17:04:24 - [TEST_STEP][PASSED] - click(findTestObject("OCS-MOBILE /Age gate and Mega menu/button_Start Browsing")): Object: 'Object Repository/OCS-MOBILE /Age gate and Mega menu/button_Start Browsing' is clicked on

2019-06-28 17:04:24 - [MESSAGE][PASSED] - Object: 'Object Repository/OCS-MOBILE /Age gate and Mega menu/button_Start Browsing' is clicked on

2019-06-28 17:04:24 - [TEST_STEP][PASSED] - refresh(): Refresh successfully

2019-06-28 17:04:26 - [MESSAGE][PASSED] - Refresh successfully

2019-06-28 17:04:26 - [TEST_STEP][NOT_RUN] - executeJavaScript("var previewBar = document.getElementById("preview-bar-iframe"); previewBar.style.display = "none";", []): NOT_RUN: executeJavaScript("var previewBar = document.getElementById("preview-bar-iframe"); previewBar.style.display = "none";", [])

2019-06-28 17:04:26 - [MESSAGE][NOT_RUN] - NOT_RUN: executeJavaScript("var previewBar = document.getElementById("preview-bar-iframe"); previewBar.style.display = "none";", [])

2019-06-28 17:04:26 - [MESSAGE][PASSED] - Call Test Case 'Test Cases/OCS - MOBILE/CALL - AGE GATE' successfully

2019-06-28 17:04:26 - [TEST_STEP][PASSED] - callTestCase(findTestCase("OCS - MOBILE/CALL- TOGGLING LANGUAGE"), [:], STOP_ON_FAILURE): Call Test Case 'Test Cases/OCS - MOBILE/CALL- TOGGLING LANGUAGE' successfully

2019-06-28 17:04:26 - [TEST_CASE][PASSED] - Test Cases/OCS - MOBILE/CALL- TOGGLING LANGUAGE: Test Cases/OCS - MOBILE/CALL- TOGGLING LANGUAGE

2019-06-28 17:04:26 - [TEST_STEP][PASSED] - delay(2): Delayed 2 second(s)

2019-06-28 17:04:28 - [MESSAGE][PASSED] - Delayed 2 second(s)

2019-06-28 17:04:28 - [TEST_STEP][PASSED] - click(findTestObject("OCS-MOBILE /Age gate and burger menu/Burger menu - English")): Object: 'Object Repository/OCS-MOBILE /Age gate and burger menu/Burger menu - English' is clicked on

2019-06-28 17:04:28 - [MESSAGE][PASSED] - Object: 'Object Repository/OCS-MOBILE /Age gate and burger menu/Burger menu - English' is clicked on

2019-06-28 17:04:28 - [TEST_STEP][PASSED] - delay(2): Delayed 2 second(s)

2019-06-28 17:04:30 - [MESSAGE][PASSED] - Delayed 2 second(s)

2019-06-28 17:04:30 - [TEST_STEP][PASSED] - click(findTestObject("OCS-MOBILE /Cart flyout/English dropdown")): Object: 'Object Repository/OCS-MOBILE /Cart flyout/English dropdown' is clicked on

2019-06-28 17:04:30 - [MESSAGE][PASSED] - Object: 'Object Repository/OCS-MOBILE /Cart flyout/English dropdown' is clicked on

2019-06-28 17:04:30 - [TEST_STEP][PASSED] - delay(2): Delayed 2 second(s)

2019-06-28 17:04:32 - [MESSAGE][PASSED] - Delayed 2 second(s)

2019-06-28 17:04:32 - [TEST_STEP][NOT_RUN] - executeJavaScript("var previewBar = document.getElementById("preview-bar-iframe"); previewBar.style.display = "none";", []): NOT_RUN: executeJavaScript("var previewBar = document.getElementById("preview-bar-iframe"); previewBar.style.display = "none";", [])

2019-06-28 17:04:32 - [MESSAGE][NOT_RUN] - NOT_RUN: executeJavaScript("var previewBar = document.getElementById("preview-bar-iframe"); previewBar.style.display = "none";", [])

2019-06-28 17:04:32 - [TEST_STEP][PASSED] - click(findTestObject("OCS-MOBILE /Cart flyout/Select French")): Object: 'Object Repository/OCS-MOBILE /Cart flyout/Select French' is clicked on

2019-06-28 17:04:32 - [MESSAGE][PASSED] - Object: 'Object Repository/OCS-MOBILE /Cart flyout/Select French' is clicked on

2019-06-28 17:04:32 - [MESSAGE][PASSED] - Call Test Case 'Test Cases/OCS - MOBILE/CALL- TOGGLING LANGUAGE' successfully

2019-06-28 17:04:32 - [TEST_STEP][PASSED] - delay(2): Delayed 2 second(s)

2019-06-28 17:04:34 - [MESSAGE][PASSED] - Delayed 2 second(s)

2019-06-28 17:04:34 - [TEST_STEP][PASSED] - click(findTestObject("OCS-MOBILE /Age gate and burger menu/Burger menu - English")): Object: 'Object Repository/OCS-MOBILE /Age gate and burger menu/Burger menu - English' is clicked on

2019-06-28 17:04:36 - [MESSAGE][PASSED] - Object: 'Object Repository/OCS-MOBILE /Age gate and burger menu/Burger menu - English' is clicked on

2019-06-28 17:04:36 - [TEST_STEP][PASSED] - delay(2): Delayed 2 second(s)

2019-06-28 17:04:38 - [MESSAGE][PASSED] - Delayed 2 second(s)

2019-06-28 17:04:38 - [TEST_STEP][PASSED] - click(findTestObject("OCS-MOBILE /Age gate and burger menu/Chevron_Cannabis")): Object: 'Object Repository/OCS-MOBILE /Age gate and burger menu/Chevron_Cannabis' is clicked on

2019-06-28 17:04:38 - [MESSAGE][PASSED] - Object: 'Object Repository/OCS-MOBILE /Age gate and burger menu/Chevron_Cannabis' is clicked on

2019-06-28 17:04:38 - [TEST_STEP][PASSED] - delay(2): Delayed 2 second(s)

2019-06-28 17:04:40 - [MESSAGE][PASSED] - Delayed 2 second(s)

2019-06-28 17:04:40 - [TEST_STEP][PASSED] - click(findTestObject("OCS-MOBILE /Age gate and burger menu/Dried Flower_Plus icon")): Object: 'Object Repository/OCS-MOBILE /Age gate and burger menu/Dried Flower_Plus icon' is clicked on

2019-06-28 17:04:40 - [MESSAGE][PASSED] - Object: 'Object Repository/OCS-MOBILE /Age gate and burger menu/Dried Flower_Plus icon' is clicked on

2019-06-28 17:04:40 - [TEST_STEP][PASSED] - delay(2): Delayed 2 second(s)

2019-06-28 17:04:42 - [MESSAGE][PASSED] - Delayed 2 second(s)

2019-06-28 17:04:42 - [TEST_STEP][PASSED] - click(findTestObject("OCS- FRENCH/Indica Dominant_Menu item")): Object: 'Object Repository/OCS- FRENCH/Indica Dominant_Menu item' is clicked on

2019-06-28 17:04:42 - [MESSAGE][PASSED] - Object: 'Object Repository/OCS- FRENCH/Indica Dominant_Menu item' is clicked on

2019-06-28 17:04:42 - [TEST_STEP][NOT_RUN] - executeJavaScript("var previewBar = document.getElementById("preview-bar-iframe"); previewBar.style.display = "none";", []): NOT_RUN: executeJavaScript("var previewBar = document.getElementById("preview-bar-iframe"); previewBar.style.display = "none";", [])

2019-06-28 17:04:42 - [MESSAGE][NOT_RUN] - NOT_RUN: executeJavaScript("var previewBar = document.getElementById("preview-bar-iframe"); previewBar.style.display = "none";", [])

2019-06-28 17:04:42 - [TEST_STEP][PASSED] - delay(2): Delayed 2 second(s)

2019-06-28 17:04:44 - [MESSAGE][PASSED] - Delayed 2 second(s)

2019-06-28 17:04:44 - [TEST_STEP][PASSED] - click(findTestObject("OCS- FRENCH/Product image - 1st one")): Object: 'Object Repository/OCS- FRENCH/Product image - 1st one' is clicked on

2019-06-28 17:04:49 - [MESSAGE][PASSED] - Object: 'Object Repository/OCS- FRENCH/Product image - 1st one' is clicked on

2019-06-28 17:04:49 - [TEST_STEP][NOT_RUN] - executeJavaScript("var previewBar = document.getElementById("preview-bar-iframe"); previewBar.style.display = "none";", []): NOT_RUN: executeJavaScript("var previewBar = document.getElementById("preview-bar-iframe"); previewBar.style.display = "none";", [])

2019-06-28 17:04:49 - [MESSAGE][NOT_RUN] - NOT_RUN: executeJavaScript("var previewBar = document.getElementById("preview-bar-iframe"); previewBar.style.display = "none";", [])

2019-06-28 17:04:49 - [TEST_STEP][PASSED] - delay(2): Delayed 2 second(s)

2019-06-28 17:04:51 - [MESSAGE][PASSED] - Delayed 2 second(s)

2019-06-28 17:04:51 - [TEST_STEP][PASSED] - click(findTestObject("OCS-MOBILE /Product page/Swatch_1g")): Object: 'Object Repository/OCS-MOBILE /Product page/Swatch_1g' is clicked on

2019-06-28 17:04:51 - [MESSAGE][PASSED] - Object: 'Object Repository/OCS-MOBILE /Product page/Swatch_1g' is clicked on

2019-06-28 17:04:51 - [TEST_STEP][PASSED] - delay(2): Delayed 2 second(s)

2019-06-28 17:04:53 - [MESSAGE][PASSED] - Delayed 2 second(s)

2019-06-28 17:04:53 - [TEST_STEP][PASSED] - click(findTestObject("OCS-MOBILE /Product page/Add to Bag-button")): Object: 'Object Repository/OCS-MOBILE /Product page/Add to Bag-button' is clicked on

2019-06-28 17:04:53 - [MESSAGE][PASSED] - Object: 'Object Repository/OCS-MOBILE /Product page/Add to Bag-button' is clicked on

2019-06-28 17:04:53 - [TEST_STEP][PASSED] - delay(4): Delayed 4 second(s)

2019-06-28 17:04:57 - [MESSAGE][PASSED] - Delayed 4 second(s)

2019-06-28 17:04:57 - [TEST_STEP][NOT_RUN] - click(findTestObject("OCS-MOBILE /Home - page/Cart icon -bag")): NOT_RUN: click(findTestObject("OCS-MOBILE /Home - page/Cart icon -bag"))

2019-06-28 17:04:57 - [MESSAGE][NOT_RUN] - NOT_RUN: click(findTestObject("OCS-MOBILE /Home - page/Cart icon -bag"))

2019-06-28 17:04:57 - [TEST_STEP][PASSED] - delay(4, OPTIONAL): Delayed 4 second(s)

2019-06-28 17:05:01 - [MESSAGE][PASSED] - Delayed 4 second(s)

2019-06-28 17:05:01 - [TEST_STEP][PASSED] - click(findTestObject("OCS-MOBILE /Cart flyout/Back icon")): Object: 'Object Repository/OCS-MOBILE /Cart flyout/Back icon' is clicked on

2019-06-28 17:05:01 - [MESSAGE][PASSED] - Object: 'Object Repository/OCS-MOBILE /Cart flyout/Back icon' is clicked on

2019-06-28 17:05:01 - [TEST_STEP][PASSED] - delay(2): Delayed 2 second(s)

2019-06-28 17:05:03 - [MESSAGE][PASSED] - Delayed 2 second(s)

2019-06-28 17:05:03 - [TEST_STEP][PASSED] - click(findTestObject("OCS-MOBILE /Product page/Swatch_3.5g"), CONTINUE_ON_FAILURE): Object: 'Object Repository/OCS-MOBILE /Product page/Swatch_3.5g' is clicked on

2019-06-28 17:05:03 - [MESSAGE][PASSED] - Object: 'Object Repository/OCS-MOBILE /Product page/Swatch_3.5g' is clicked on

2019-06-28 17:05:03 - [TEST_STEP][PASSED] - delay(2): Delayed 2 second(s)

2019-06-28 17:05:05 - [MESSAGE][PASSED] - Delayed 2 second(s)

2019-06-28 17:05:05 - [TEST_STEP][PASSED] - click(findTestObject("OCS-MOBILE /Product page/Add to Bag-button")): Object: 'Object Repository/OCS-MOBILE /Product page/Add to Bag-button' is clicked on

2019-06-28 17:05:05 - [MESSAGE][PASSED] - Object: 'Object Repository/OCS-MOBILE /Product page/Add to Bag-button' is clicked on

2019-06-28 17:05:05 - [TEST_STEP][PASSED] - delay(3): Delayed 3 second(s)

2019-06-28 17:05:08 - [MESSAGE][PASSED] - Delayed 3 second(s)

2019-06-28 17:05:08 - [TEST_STEP][NOT_RUN] - click(findTestObject("OCS-MOBILE /Home - page/Cart icon -bag")): NOT_RUN: click(findTestObject("OCS-MOBILE /Home - page/Cart icon -bag"))

2019-06-28 17:05:08 - [MESSAGE][NOT_RUN] - NOT_RUN: click(findTestObject("OCS-MOBILE /Home - page/Cart icon -bag"))

2019-06-28 17:05:08 - [TEST_STEP][PASSED] - delay(2): Delayed 2 second(s)

2019-06-28 17:05:10 - [MESSAGE][PASSED] - Delayed 2 second(s)

2019-06-28 17:05:10 - [TEST_STEP][PASSED] - click(findTestObject("OCS-MOBILE /Cart flyout/Checkbox_I confirm that")): Object: 'Object Repository/OCS-MOBILE /Cart flyout/Checkbox_I confirm that' is clicked on

2019-06-28 17:05:10 - [MESSAGE][PASSED] - Object: 'Object Repository/OCS-MOBILE /Cart flyout/Checkbox_I confirm that' is clicked on

2019-06-28 17:05:10 - [TEST_STEP][PASSED] - delay(2): Delayed 2 second(s)

2019-06-28 17:05:12 - [MESSAGE][PASSED] - Delayed 2 second(s)

2019-06-28 17:05:12 - [TEST_STEP][PASSED] - click(findTestObject("OCS-MOBILE /Cart flyout/Checkbox_Accept the Terms Condition")): Object: 'Object Repository/OCS-MOBILE /Cart flyout/Checkbox_Accept the Terms Condition' is clicked on

2019-06-28 17:05:12 - [MESSAGE][PASSED] - Object: 'Object Repository/OCS-MOBILE /Cart flyout/Checkbox_Accept the Terms Condition' is clicked on

2019-06-28 17:05:12 - [TEST_STEP][PASSED] - delay(2): Delayed 2 second(s)

2019-06-28 17:05:14 - [MESSAGE][PASSED] - Delayed 2 second(s)

2019-06-28 17:05:14 - [TEST_STEP][PASSED] - click(findTestObject("OCS-MOBILE /Cart flyout/Checkout - Button")): Object: 'Object Repository/OCS-MOBILE /Cart flyout/Checkout - Button' is clicked on

2019-06-28 17:05:14 - [MESSAGE][PASSED] - Object: 'Object Repository/OCS-MOBILE /Cart flyout/Checkout - Button' is clicked on

2019-06-28 17:05:14 - [TEST_STEP][NOT_RUN] - executeJavaScript("var previewBar = document.getElementById("preview-bar-iframe"); previewBar.style.display = "none";", []): NOT_RUN: executeJavaScript("var previewBar = document.getElementById("preview-bar-iframe"); previewBar.style.display = "none";", [])

2019-06-28 17:05:14 - [MESSAGE][NOT_RUN] - NOT_RUN: executeJavaScript("var previewBar = document.getElementById("preview-bar-iframe"); previewBar.style.display = "none";", [])

2019-06-28 17:05:14 - [TEST_STEP][PASSED] - delay(2): Delayed 2 second(s)

2019-06-28 17:05:16 - [MESSAGE][PASSED] - Delayed 2 second(s)

2019-06-28 17:05:16 - [TEST_STEP][PASSED] - scrollToElement(findTestObject("OCS-MOBILE /Customer info page/Return to Cart - Link"), 1): Scroll to object 'Object Repository/OCS-MOBILE /Customer info page/Return to Cart - Link' successfully

2019-06-28 17:05:18 - [MESSAGE][PASSED] - Scroll to object 'Object Repository/OCS-MOBILE /Customer info page/Return to Cart - Link' successfully

2019-06-28 17:05:18 - [TEST_STEP][PASSED] - delay(1): Delayed 1 second(s)

2019-06-28 17:05:19 - [MESSAGE][PASSED] - Delayed 1 second(s)

2019-06-28 17:05:19 - [TEST_STEP][PASSED] - click(findTestObject("OCS-MOBILE /Customer info page/Return to Cart - Link")): Object: 'Object Repository/OCS-MOBILE /Customer info page/Return to Cart - Link' is clicked on

2019-06-28 17:05:20 - [MESSAGE][PASSED] - Object: 'Object Repository/OCS-MOBILE /Customer info page/Return to Cart - Link' is clicked on

2019-06-28 17:05:20 - [TEST_STEP][NOT_RUN] - executeJavaScript("var previewBar = document.getElementById("preview-bar-iframe"); previewBar.style.display = "none";", []): NOT_RUN: executeJavaScript("var previewBar = document.getElementById("preview-bar-iframe"); previewBar.style.display = "none";", [])

2019-06-28 17:05:20 - [MESSAGE][NOT_RUN] - NOT_RUN: executeJavaScript("var previewBar = document.getElementById("preview-bar-iframe"); previewBar.style.display = "none";", [])

2019-06-28 17:05:20 - [TEST_STEP][PASSED] - delay(2): Delayed 2 second(s)

2019-06-28 17:05:22 - [MESSAGE][PASSED] - Delayed 2 second(s)

2019-06-28 17:05:22 - [TEST_STEP][PASSED] - a = getText(findTestObject("OCS-MOBILE /Cart page/Unit price - 1st product")): Text of object 'Object Repository/OCS-MOBILE /Cart page/Unit price - 1st product' is: '






35,00 $'

2019-06-28 17:05:22 - [MESSAGE][PASSED] - Text of object 'Object Repository/OCS-MOBILE /Cart page/Unit price - 1st product' is: '






35,00 $'

2019-06-28 17:05:22 - [TEST_STEP][PASSED] - comment(a): 






35,00 $

2019-06-28 17:05:22 - [MESSAGE][INFO] - 






35,00 $

2019-06-28 17:05:22 - [TEST_STEP][PASSED] - a1 = a.substring(0, a.length() - 1): null

2019-06-28 17:05:22 - [TEST_STEP][PASSED] - comment("a1 = " + a1): a1 = 






35,00 

2019-06-28 17:05:22 - [MESSAGE][INFO] - a1 = 






35,00 

2019-06-28 17:05:22 - [TEST_STEP][PASSED] - x1 = a1.substring(0, a1.length() - 1): null

2019-06-28 17:05:22 - [TEST_STEP][PASSED] - comment("x1 = " + x1): x1 = 






35,00

2019-06-28 17:05:22 - [MESSAGE][INFO] - x1 = 






35,00

2019-06-28 17:05:22 - [TEST_STEP][PASSED] - x2 = x1.substring(0, x1.length() - 1): null

2019-06-28 17:05:22 - [TEST_STEP][PASSED] - comment("x2 = " + x2): x2 = 






35,0

2019-06-28 17:05:22 - [MESSAGE][INFO] - x2 = 






35,0

2019-06-28 17:05:22 - [TEST_STEP][PASSED] - x3 = x2.substring(0, x2.length() - 1): null

2019-06-28 17:05:22 - [TEST_STEP][PASSED] - comment("x3 = " + x3): x3 = 






35,

2019-06-28 17:05:22 - [MESSAGE][INFO] - x3 = 






35,

2019-06-28 17:05:22 - [TEST_STEP][PASSED] - x6 = x3.substring(0, x3.length() - 1): null

2019-06-28 17:05:22 - [TEST_STEP][PASSED] - comment("x6 = " + x6): x6 = 






35

2019-06-28 17:05:22 - [MESSAGE][INFO] - x6 = 






35

2019-06-28 17:05:22 - [TEST_STEP][PASSED] - b = getText(findTestObject("OCS-MOBILE /Cart page/Unit price - 2nd product")): Text of object 'Object Repository/OCS-MOBILE /Cart page/Unit price - 2nd product' is: '






10,50 $'

2019-06-28 17:05:22 - [MESSAGE][PASSED] - Text of object 'Object Repository/OCS-MOBILE /Cart page/Unit price - 2nd product' is: '






10,50 $'

2019-06-28 17:05:22 - [TEST_STEP][PASSED] - comment(b): 






10,50 $

2019-06-28 17:05:22 - [MESSAGE][INFO] - 






10,50 $

2019-06-28 17:05:22 - [TEST_STEP][PASSED] - a2 = b.substring(0, b.length() - 1): null

2019-06-28 17:05:22 - [TEST_STEP][PASSED] - comment("a2 = " + a2): a2 = 






10,50 

2019-06-28 17:05:22 - [MESSAGE][INFO] - a2 = 






10,50 

2019-06-28 17:05:22 - [TEST_STEP][PASSED] - y1 = a2.substring(0, a2.length() - 1): null

2019-06-28 17:05:22 - [TEST_STEP][PASSED] - comment("y1 = " + y1): y1 = 






10,50

2019-06-28 17:05:22 - [MESSAGE][INFO] - y1 = 






10,50

2019-06-28 17:05:22 - [TEST_STEP][PASSED] - y2 = y1.substring(0, y1.length() - 1): null

2019-06-28 17:05:22 - [TEST_STEP][PASSED] - comment("y2 = " + y2): y2 = 






10,5

2019-06-28 17:05:22 - [MESSAGE][INFO] - y2 = 






10,5

2019-06-28 17:05:22 - [TEST_STEP][PASSED] - y3 = y2.substring(0, y2.length() - 1): null

2019-06-28 17:05:22 - [TEST_STEP][PASSED] - comment("y3 = " + y3): y3 = 






10,

2019-06-28 17:05:22 - [MESSAGE][INFO] - y3 = 






10,

2019-06-28 17:05:22 - [TEST_STEP][PASSED] - y4 = y3.substring(0, y3.length() - 1): null

2019-06-28 17:05:22 - [TEST_STEP][PASSED] - comment("y4 = " + y4): y4 = 






10

2019-06-28 17:05:22 - [MESSAGE][INFO] - y4 = 






10

2019-06-28 17:05:22 - [TEST_STEP][PASSED] - c = getText(findTestObject("OCS-MOBILE /Cart page/Sub-total")): Text of object 'Object Repository/OCS-MOBILE /Cart page/Sub-total' is: '






45,50 $'

2019-06-28 17:05:22 - [MESSAGE][PASSED] - Text of object 'Object Repository/OCS-MOBILE /Cart page/Sub-total' is: '






45,50 $'

2019-06-28 17:05:22 - [TEST_STEP][PASSED] - comment(c): 






45,50 $

2019-06-28 17:05:22 - [MESSAGE][INFO] - 






45,50 $

2019-06-28 17:05:22 - [TEST_STEP][PASSED] - a3 = c.substring(0, c.length() - 1): null

2019-06-28 17:05:22 - [TEST_STEP][PASSED] - comment("a3 = " + a3): a3 = 






45,50 

2019-06-28 17:05:22 - [MESSAGE][INFO] - a3 = 






45,50 

2019-06-28 17:05:22 - [TEST_STEP][PASSED] - z1 = a3.substring(0, a3.length() - 1): null

2019-06-28 17:05:22 - [TEST_STEP][PASSED] - comment("z1 = " + z1): z1 = 






45,50

2019-06-28 17:05:22 - [MESSAGE][INFO] - z1 = 






45,50

2019-06-28 17:05:22 - [TEST_STEP][PASSED] - z2 = z1.substring(0, z1.length() - 1): null

2019-06-28 17:05:22 - [TEST_STEP][PASSED] - comment("z2 = " + z2): z2 = 






45,5

2019-06-28 17:05:22 - [MESSAGE][INFO] - z2 = 






45,5

2019-06-28 17:05:22 - [TEST_STEP][PASSED] - z3 = z2.substring(0, z2.length() - 1): null

2019-06-28 17:05:22 - [TEST_STEP][PASSED] - comment("z3 = " + z3): z3 = 






45,

2019-06-28 17:05:22 - [MESSAGE][INFO] - z3 = 






45,

2019-06-28 17:05:22 - [TEST_STEP][PASSED] - z4 = z3.substring(0, z3.length() - 1): null

2019-06-28 17:05:22 - [TEST_STEP][PASSED] - comment("z4 = " + z4): z4 = 






45

2019-06-28 17:05:22 - [MESSAGE][INFO] - z4 = 






45

2019-06-28 17:05:22 - [TEST_STEP][PASSED] - p2 = <not implemented yet for class: org.codehaus.groovy.ast.expr.EmptyExpression>: null

2019-06-28 17:05:22 - [TEST_STEP][PASSED] - p3 = <not implemented yet for class: org.codehaus.groovy.ast.expr.EmptyExpression>: null

2019-06-28 17:05:22 - [TEST_STEP][PASSED] - try: p2=35.0

2019-06-28 17:05:22 - [TEST_STEP][PASSED] - s1 = x6: null

2019-06-28 17:05:22 - [TEST_STEP][PASSED] - comment("s1=" + s1): s1=






35

2019-06-28 17:05:22 - [MESSAGE][INFO] - s1=






35

2019-06-28 17:05:22 - [TEST_STEP][PASSED] - p2 = Double.valueOf(s1): null

2019-06-28 17:05:22 - [TEST_STEP][PASSED] - comment("p2=" + p2): p2=35.0

2019-06-28 17:05:22 - [MESSAGE][INFO] - p2=35.0

2019-06-28 17:05:22 - [TEST_STEP][PASSED] - try: p3=10.0

2019-06-28 17:05:22 - [TEST_STEP][PASSED] - s2 = y4: null

2019-06-28 17:05:22 - [TEST_STEP][PASSED] - comment("s2=" + s2): s2=






10

2019-06-28 17:05:22 - [MESSAGE][INFO] - s2=






10

2019-06-28 17:05:22 - [TEST_STEP][PASSED] - p3 = Double.valueOf(s2): null

2019-06-28 17:05:22 - [TEST_STEP][PASSED] - comment("p3=" + p3): p3=10.0

2019-06-28 17:05:22 - [MESSAGE][INFO] - p3=10.0

2019-06-28 17:05:22 - [TEST_STEP][PASSED] - comment("p2=" + p2): p2=35.0

2019-06-28 17:05:22 - [MESSAGE][INFO] - p2=35.0

2019-06-28 17:05:22 - [TEST_STEP][PASSED] - comment("p3=" + p3): p3=10.0

2019-06-28 17:05:22 - [MESSAGE][INFO] - p3=10.0

2019-06-28 17:05:22 - [TEST_STEP][PASSED] - total = p2 + p3: null

2019-06-28 17:05:22 - [TEST_STEP][PASSED] - comment("total=" + total): total=45.0

2019-06-28 17:05:22 - [MESSAGE][INFO] - total=45.0

2019-06-28 17:05:22 - [TEST_STEP][FAILED] - verifyEqual(total, z4): verifyEqual(total, z4) FAILED.
Reason:
com.kms.katalon.core.exception.StepFailedException: Unable to verify equal between actual object '45' and expected object '






45' (Root cause: com.kms.katalon.core.exception.StepFailedException: Actual object '45' and expected object '






45' are not equal)
	at com.kms.katalon.core.keyword.internal.KeywordMain.stepFailed(KeywordMain.groovy:36)
	at com.kms.katalon.core.keyword.internal.KeywordMain.stepFailed(KeywordMain.groovy)
	at com.kms.katalon.core.keyword.internal.KeywordMain.runKeyword(KeywordMain.groovy:56)
	at com.kms.katalon.core.keyword.builtin.VerifyEqualKeyword.verifyEqual(VerifyEqualKeyword.groovy:63)
	at com.kms.katalon.core.keyword.builtin.VerifyEqualKeyword.execute(VerifyEqualKeyword.groovy:44)
	at com.kms.katalon.core.keyword.internal.KeywordExecutor.executeKeywordForPlatform(KeywordExecutor.groovy:53)
	at com.kms.katalon.core.keyword.BuiltinKeywords.verifyEqual(BuiltinKeywords.groovy:141)
	at Cart -fr.run(Cart -fr:216)
	at com.kms.katalon.core.main.ScriptEngine.run(ScriptEngine.java:194)
	at com.kms.katalon.core.main.ScriptEngine.runScriptAsRawText(ScriptEngine.java:119)
	at com.kms.katalon.core.main.TestCaseExecutor.runScript(TestCaseExecutor.java:328)
	at com.kms.katalon.core.main.TestCaseExecutor.doExecute(TestCaseExecutor.java:319)
	at com.kms.katalon.core.main.TestCaseExecutor.processExecutionPhase(TestCaseExecutor.java:298)
	at com.kms.katalon.core.main.TestCaseExecutor.accessMainPhase(TestCaseExecutor.java:290)
	at com.kms.katalon.core.main.TestCaseExecutor.execute(TestCaseExecutor.java:224)
	at com.kms.katalon.core.main.TestSuiteExecutor.accessTestCaseMainPhase(TestSuiteExecutor.java:129)
	at com.kms.katalon.core.main.TestSuiteExecutor.accessTestSuiteMainPhase(TestSuiteExecutor.java:112)
	at com.kms.katalon.core.main.TestSuiteExecutor.execute(TestSuiteExecutor.java:81)
	at com.kms.katalon.core.main.TestCaseMain.startTestSuite(TestCaseMain.java:149)
	at com.kms.katalon.core.main.TestCaseMain$startTestSuite$0.call(Unknown Source)
	at TempTestSuite1561754394056.run(TempTestSuite1561754394056.groovy:36)


2019-06-28 17:05:22 - [MESSAGE][FAILED] - Unable to verify equal between actual object '45' and expected object '






45' (Root cause: com.kms.katalon.core.exception.StepFailedException: Actual object '45' and expected object '






45' are not equal)

2019-06-28 17:05:22 - [MESSAGE][FAILED] - verifyEqual(total, z4) FAILED.
Reason:
com.kms.katalon.core.exception.StepFailedException: Unable to verify equal between actual object '45' and expected object '






45' (Root cause: com.kms.katalon.core.exception.StepFailedException: Actual object '45' and expected object '






45' are not equal)
	at com.kms.katalon.core.keyword.internal.KeywordMain.stepFailed(KeywordMain.groovy:36)
	at com.kms.katalon.core.keyword.internal.KeywordMain.stepFailed(KeywordMain.groovy)
	at com.kms.katalon.core.keyword.internal.KeywordMain.runKeyword(KeywordMain.groovy:56)
	at com.kms.katalon.core.keyword.builtin.VerifyEqualKeyword.verifyEqual(VerifyEqualKeyword.groovy:63)
	at com.kms.katalon.core.keyword.builtin.VerifyEqualKeyword.execute(VerifyEqualKeyword.groovy:44)
	at com.kms.katalon.core.keyword.internal.KeywordExecutor.executeKeywordForPlatform(KeywordExecutor.groovy:53)
	at com.kms.katalon.core.keyword.BuiltinKeywords.verifyEqual(BuiltinKeywords.groovy:141)
	at Cart -fr.run(Cart -fr:216)
	at com.kms.katalon.core.main.ScriptEngine.run(ScriptEngine.java:194)
	at com.kms.katalon.core.main.ScriptEngine.runScriptAsRawText(ScriptEngine.java:119)
	at com.kms.katalon.core.main.TestCaseExecutor.runScript(TestCaseExecutor.java:328)
	at com.kms.katalon.core.main.TestCaseExecutor.doExecute(TestCaseExecutor.java:319)
	at com.kms.katalon.core.main.TestCaseExecutor.processExecutionPhase(TestCaseExecutor.java:298)
	at com.kms.katalon.core.main.TestCaseExecutor.accessMainPhase(TestCaseExecutor.java:290)
	at com.kms.katalon.core.main.TestCaseExecutor.execute(TestCaseExecutor.java:224)
	at com.kms.katalon.core.main.TestSuiteExecutor.accessTestCaseMainPhase(TestSuiteExecutor.java:129)
	at com.kms.katalon.core.main.TestSuiteExecutor.accessTestSuiteMainPhase(TestSuiteExecutor.java:112)
	at com.kms.katalon.core.main.TestSuiteExecutor.execute(TestSuiteExecutor.java:81)
	at com.kms.katalon.core.main.TestCaseMain.startTestSuite(TestCaseMain.java:149)
	at com.kms.katalon.core.main.TestCaseMain$startTestSuite$0.call(Unknown Source)
	at TempTestSuite1561754394056.run(TempTestSuite1561754394056.groovy:36)]]></system-out>
         <system-err><![CDATA[2019-06-28 17:04:13 - [TEST_CASE][FAILED] - Test Cases/OCS- FRENCH/CRITICAL PATH/Cart -fr: Test Cases/OCS- FRENCH/CRITICAL PATH/Cart -fr FAILED.
Reason:
com.kms.katalon.core.exception.StepFailedException: Unable to verify equal between actual object '45' and expected object '






45' (Root cause: com.kms.katalon.core.exception.StepFailedException: Actual object '45' and expected object '






45' are not equal)
	at com.kms.katalon.core.keyword.internal.KeywordMain.stepFailed(KeywordMain.groovy:36)
	at com.kms.katalon.core.keyword.internal.KeywordMain.stepFailed(KeywordMain.groovy)
	at com.kms.katalon.core.keyword.internal.KeywordMain.runKeyword(KeywordMain.groovy:56)
	at com.kms.katalon.core.keyword.builtin.VerifyEqualKeyword.verifyEqual(VerifyEqualKeyword.groovy:63)
	at com.kms.katalon.core.keyword.builtin.VerifyEqualKeyword.execute(VerifyEqualKeyword.groovy:44)
	at com.kms.katalon.core.keyword.internal.KeywordExecutor.executeKeywordForPlatform(KeywordExecutor.groovy:53)
	at com.kms.katalon.core.keyword.BuiltinKeywords.verifyEqual(BuiltinKeywords.groovy:141)
	at Cart -fr.run(Cart -fr:216)
	at com.kms.katalon.core.main.ScriptEngine.run(ScriptEngine.java:194)
	at com.kms.katalon.core.main.ScriptEngine.runScriptAsRawText(ScriptEngine.java:119)
	at com.kms.katalon.core.main.TestCaseExecutor.runScript(TestCaseExecutor.java:328)
	at com.kms.katalon.core.main.TestCaseExecutor.doExecute(TestCaseExecutor.java:319)
	at com.kms.katalon.core.main.TestCaseExecutor.processExecutionPhase(TestCaseExecutor.java:298)
	at com.kms.katalon.core.main.TestCaseExecutor.accessMainPhase(TestCaseExecutor.java:290)
	at com.kms.katalon.core.main.TestCaseExecutor.execute(TestCaseExecutor.java:224)
	at com.kms.katalon.core.main.TestSuiteExecutor.accessTestCaseMainPhase(TestSuiteExecutor.java:129)
	at com.kms.katalon.core.main.TestSuiteExecutor.accessTestSuiteMainPhase(TestSuiteExecutor.java:112)
	at com.kms.katalon.core.main.TestSuiteExecutor.execute(TestSuiteExecutor.java:81)
	at com.kms.katalon.core.main.TestCaseMain.startTestSuite(TestCaseMain.java:149)
	at com.kms.katalon.core.main.TestCaseMain$startTestSuite$0.call(Unknown Source)
	at TempTestSuite1561754394056.run(TempTestSuite1561754394056.groovy:36)]]></system-err>
      </testcase>
      <testcase name="Test Cases/OCS - MOBILE/OCS- HOME PAGE/Toggling language" classname="Test Cases/OCS - MOBILE/OCS- HOME PAGE/Toggling language" status="PASSED">
         <system-out><![CDATA[2019-06-28 17:05:22 - [TEST_CASE][PASSED] - Test Cases/OCS - MOBILE/OCS- HOME PAGE/Toggling language: Test Cases/OCS - MOBILE/OCS- HOME PAGE/Toggling language

2019-06-28 17:05:22 - [TEST_STEP][PASSED] - callTestCase(findTestCase("OCS - MOBILE/CALL - AGE GATE"), [:], STOP_ON_FAILURE): Call Test Case 'Test Cases/OCS - MOBILE/CALL - AGE GATE' successfully

2019-06-28 17:05:22 - [TEST_CASE][PASSED] - Test Cases/OCS - MOBILE/CALL - AGE GATE: Test Cases/OCS - MOBILE/CALL - AGE GATE

2019-06-28 17:05:22 - [TEST_STEP][PASSED] - openBrowser(""): Browser is opened with url: ''

2019-06-28 17:05:22 - [MESSAGE][WARNING] - A browser is already opened. Closing browser and opening a new one

2019-06-28 17:05:22 - [MESSAGE][INFO] - Starting 'Safari' driver

2019-06-28 17:05:23 - [MESSAGE][PASSED] - Browser is opened with url: ''

2019-06-28 17:05:23 - [TEST_STEP][PASSED] - navigateToUrl("ocs.ca"): Navigate to 'http://ocs.ca' successfully

2019-06-28 17:05:25 - [MESSAGE][PASSED] - Navigate to 'http://ocs.ca' successfully

2019-06-28 17:05:25 - [TEST_STEP][NOT_RUN] - executeJavaScript("var previewBar = document.getElementById("preview-bar-iframe"); previewBar.style.display = "none";", []): NOT_RUN: executeJavaScript("var previewBar = document.getElementById("preview-bar-iframe"); previewBar.style.display = "none";", [])

2019-06-28 17:05:25 - [MESSAGE][NOT_RUN] - NOT_RUN: executeJavaScript("var previewBar = document.getElementById("preview-bar-iframe"); previewBar.style.display = "none";", [])

2019-06-28 17:05:25 - [TEST_STEP][PASSED] - setViewPortSize(360, 800): Viewport is set to new size with width = 360 and height = 800

2019-06-28 17:05:25 - [MESSAGE][PASSED] - Viewport is set to new size with width = 360 and height = 800

2019-06-28 17:05:25 - [TEST_STEP][PASSED] - delay(4): Delayed 4 second(s)

2019-06-28 17:05:29 - [MESSAGE][PASSED] - Delayed 4 second(s)

2019-06-28 17:05:29 - [TEST_STEP][PASSED] - selectOptionByValue(findTestObject("OCS-MOBILE /Age gate and burger menu/Date"), "12", true): All options with value '12' are selected in object 'Object Repository/OCS-MOBILE /Age gate and burger menu/Date'  using regular expression

2019-06-28 17:05:29 - [MESSAGE][PASSED] - All options with value '12' are selected in object 'Object Repository/OCS-MOBILE /Age gate and burger menu/Date'  using regular expression

2019-06-28 17:05:29 - [TEST_STEP][PASSED] - selectOptionByValue(findTestObject("OCS-MOBILE /Age gate and burger menu/month"), "6", true): All options with value '6' are selected in object 'Object Repository/OCS-MOBILE /Age gate and burger menu/month'  using regular expression

2019-06-28 17:05:30 - [MESSAGE][PASSED] - All options with value '6' are selected in object 'Object Repository/OCS-MOBILE /Age gate and burger menu/month'  using regular expression

2019-06-28 17:05:30 - [TEST_STEP][PASSED] - delay(2): Delayed 2 second(s)

2019-06-28 17:05:32 - [MESSAGE][PASSED] - Delayed 2 second(s)

2019-06-28 17:05:32 - [TEST_STEP][PASSED] - selectOptionByValue(findTestObject("OCS-MOBILE /Age gate and burger menu/Year Dropdown"), "1990", true): All options with value '1990' are selected in object 'Object Repository/OCS-MOBILE /Age gate and burger menu/Year Dropdown'  using regular expression

2019-06-28 17:05:33 - [MESSAGE][PASSED] - All options with value '1990' are selected in object 'Object Repository/OCS-MOBILE /Age gate and burger menu/Year Dropdown'  using regular expression

2019-06-28 17:05:33 - [TEST_STEP][PASSED] - click(findTestObject("OCS-MOBILE /Age gate and Mega menu/button_Verify")): Object: 'Object Repository/OCS-MOBILE /Age gate and Mega menu/button_Verify' is clicked on

2019-06-28 17:05:33 - [MESSAGE][PASSED] - Object: 'Object Repository/OCS-MOBILE /Age gate and Mega menu/button_Verify' is clicked on

2019-06-28 17:05:33 - [TEST_STEP][PASSED] - click(findTestObject("OCS-MOBILE /Age gate and Mega menu/Checkbox_CONFIRM AND ACKNOWLEDGE")): Object: 'Object Repository/OCS-MOBILE /Age gate and Mega menu/Checkbox_CONFIRM AND ACKNOWLEDGE' is clicked on

2019-06-28 17:05:33 - [MESSAGE][PASSED] - Object: 'Object Repository/OCS-MOBILE /Age gate and Mega menu/Checkbox_CONFIRM AND ACKNOWLEDGE' is clicked on

2019-06-28 17:05:33 - [TEST_STEP][PASSED] - click(findTestObject("OCS-MOBILE /Age gate and Mega menu/button_CONFIRM")): Object: 'Object Repository/OCS-MOBILE /Age gate and Mega menu/button_CONFIRM' is clicked on

2019-06-28 17:05:33 - [MESSAGE][PASSED] - Object: 'Object Repository/OCS-MOBILE /Age gate and Mega menu/button_CONFIRM' is clicked on

2019-06-28 17:05:33 - [TEST_STEP][PASSED] - click(findTestObject("OCS-MOBILE /Age gate and Mega menu/button_Start Browsing")): Object: 'Object Repository/OCS-MOBILE /Age gate and Mega menu/button_Start Browsing' is clicked on

2019-06-28 17:05:33 - [MESSAGE][PASSED] - Object: 'Object Repository/OCS-MOBILE /Age gate and Mega menu/button_Start Browsing' is clicked on

2019-06-28 17:05:33 - [TEST_STEP][PASSED] - refresh(): Refresh successfully

2019-06-28 17:05:36 - [MESSAGE][PASSED] - Refresh successfully

2019-06-28 17:05:36 - [TEST_STEP][NOT_RUN] - executeJavaScript("var previewBar = document.getElementById("preview-bar-iframe"); previewBar.style.display = "none";", []): NOT_RUN: executeJavaScript("var previewBar = document.getElementById("preview-bar-iframe"); previewBar.style.display = "none";", [])

2019-06-28 17:05:36 - [MESSAGE][NOT_RUN] - NOT_RUN: executeJavaScript("var previewBar = document.getElementById("preview-bar-iframe"); previewBar.style.display = "none";", [])

2019-06-28 17:05:36 - [MESSAGE][PASSED] - Call Test Case 'Test Cases/OCS - MOBILE/CALL - AGE GATE' successfully

2019-06-28 17:05:36 - [TEST_STEP][NOT_RUN] - executeJavaScript("var previewBar = document.getElementById("preview-bar-iframe"); previewBar.style.display = "none";", []): NOT_RUN: executeJavaScript("var previewBar = document.getElementById("preview-bar-iframe"); previewBar.style.display = "none";", [])

2019-06-28 17:05:36 - [MESSAGE][NOT_RUN] - NOT_RUN: executeJavaScript("var previewBar = document.getElementById("preview-bar-iframe"); previewBar.style.display = "none";", [])

2019-06-28 17:05:36 - [TEST_STEP][PASSED] - delay(2): Delayed 2 second(s)

2019-06-28 17:05:38 - [MESSAGE][PASSED] - Delayed 2 second(s)

2019-06-28 17:05:38 - [TEST_STEP][NOT_RUN] - refresh(): NOT_RUN: refresh()

2019-06-28 17:05:38 - [MESSAGE][NOT_RUN] - NOT_RUN: refresh()

2019-06-28 17:05:38 - [TEST_STEP][PASSED] - click(findTestObject("OCS-MOBILE /Age gate and burger menu/Burger menu - English")): Object: 'Object Repository/OCS-MOBILE /Age gate and burger menu/Burger menu - English' is clicked on

2019-06-28 17:05:38 - [MESSAGE][PASSED] - Object: 'Object Repository/OCS-MOBILE /Age gate and burger menu/Burger menu - English' is clicked on

2019-06-28 17:05:38 - [TEST_STEP][PASSED] - delay(2): Delayed 2 second(s)

2019-06-28 17:05:40 - [MESSAGE][PASSED] - Delayed 2 second(s)

2019-06-28 17:05:40 - [TEST_STEP][PASSED] - click(findTestObject("OCS-MOBILE /Cart flyout/English dropdown")): Object: 'Object Repository/OCS-MOBILE /Cart flyout/English dropdown' is clicked on

2019-06-28 17:05:40 - [MESSAGE][PASSED] - Object: 'Object Repository/OCS-MOBILE /Cart flyout/English dropdown' is clicked on

2019-06-28 17:05:40 - [TEST_STEP][PASSED] - delay(2): Delayed 2 second(s)

2019-06-28 17:05:42 - [MESSAGE][PASSED] - Delayed 2 second(s)

2019-06-28 17:05:42 - [TEST_STEP][NOT_RUN] - executeJavaScript("var previewBar = document.getElementById("preview-bar-iframe"); previewBar.style.display = "none";", []): NOT_RUN: executeJavaScript("var previewBar = document.getElementById("preview-bar-iframe"); previewBar.style.display = "none";", [])

2019-06-28 17:05:42 - [MESSAGE][NOT_RUN] - NOT_RUN: executeJavaScript("var previewBar = document.getElementById("preview-bar-iframe"); previewBar.style.display = "none";", [])

2019-06-28 17:05:42 - [TEST_STEP][PASSED] - click(findTestObject("OCS-MOBILE /Cart flyout/Select French")): Object: 'Object Repository/OCS-MOBILE /Cart flyout/Select French' is clicked on

2019-06-28 17:05:42 - [MESSAGE][PASSED] - Object: 'Object Repository/OCS-MOBILE /Cart flyout/Select French' is clicked on

2019-06-28 17:05:42 - [TEST_STEP][PASSED] - delay(5): Delayed 5 second(s)

2019-06-28 17:05:47 - [MESSAGE][PASSED] - Delayed 5 second(s)

2019-06-28 17:05:47 - [TEST_STEP][PASSED] - a = getWindowTitle(): Current window's title is: 'Magasin de Cannabis de l'Ontario | Ontario Cannabis Store'

2019-06-28 17:05:47 - [MESSAGE][PASSED] - Current window's title is: 'Magasin de Cannabis de l'Ontario | Ontario Cannabis Store'

2019-06-28 17:05:47 - [TEST_STEP][PASSED] - comment("a = " + a): a = Magasin de Cannabis de l'Ontario | Ontario Cannabis Store

2019-06-28 17:05:47 - [MESSAGE][INFO] - a = Magasin de Cannabis de l'Ontario | Ontario Cannabis Store

2019-06-28 17:05:47 - [TEST_STEP][PASSED] - b = "Magasin de Cannabis de l'Ontario | Ontario Cannabis Store": null

2019-06-28 17:05:47 - [TEST_STEP][PASSED] - delay(2): Delayed 2 second(s)

2019-06-28 17:05:49 - [MESSAGE][PASSED] - Delayed 2 second(s)

2019-06-28 17:05:49 - [TEST_STEP][PASSED] - flag1 = verifyMatch(a, b, false): Actual text 'Magasin de Cannabis de l'Ontario | Ontario Cannabis Store' and expected text 'Magasin de Cannabis de l'Ontario | Ontario Cannabis Store' are matched 

2019-06-28 17:05:49 - [MESSAGE][PASSED] - Actual text 'Magasin de Cannabis de l'Ontario | Ontario Cannabis Store' and expected text 'Magasin de Cannabis de l'Ontario | Ontario Cannabis Store' are matched 

2019-06-28 17:05:49 - [TEST_STEP][PASSED] - comment("flag = " + flag1): flag = true

2019-06-28 17:05:49 - [MESSAGE][INFO] - flag = true

2019-06-28 17:05:49 - [TEST_STEP][PASSED] - if (flag1 == true): translated  to french

2019-06-28 17:05:49 - [TEST_STEP][PASSED] - comment("translated  to french"): translated  to french

2019-06-28 17:05:49 - [MESSAGE][INFO] - translated  to french

2019-06-28 17:05:49 - [TEST_STEP][PASSED] - delay(2): Delayed 2 second(s)

2019-06-28 17:05:51 - [MESSAGE][PASSED] - Delayed 2 second(s)

2019-06-28 17:05:51 - [TEST_STEP][PASSED] - click(findTestObject("OCS-MOBILE /Age gate and burger menu/Burger menu - French")): Object: 'Object Repository/OCS-MOBILE /Age gate and burger menu/Burger menu - French' is clicked on

2019-06-28 17:05:51 - [MESSAGE][PASSED] - Object: 'Object Repository/OCS-MOBILE /Age gate and burger menu/Burger menu - French' is clicked on

2019-06-28 17:05:51 - [TEST_STEP][PASSED] - delay(2): Delayed 2 second(s)

2019-06-28 17:05:53 - [MESSAGE][PASSED] - Delayed 2 second(s)

2019-06-28 17:05:53 - [TEST_STEP][NOT_RUN] - executeJavaScript("var previewBar = document.getElementById("preview-bar-iframe"); previewBar.style.display = "none";", []): NOT_RUN: executeJavaScript("var previewBar = document.getElementById("preview-bar-iframe"); previewBar.style.display = "none";", [])

2019-06-28 17:05:53 - [MESSAGE][NOT_RUN] - NOT_RUN: executeJavaScript("var previewBar = document.getElementById("preview-bar-iframe"); previewBar.style.display = "none";", [])

2019-06-28 17:05:53 - [TEST_STEP][PASSED] - delay(1, OPTIONAL): Delayed 1 second(s)

2019-06-28 17:05:54 - [MESSAGE][PASSED] - Delayed 1 second(s)

2019-06-28 17:05:54 - [TEST_STEP][PASSED] - click(findTestObject("OCS-MOBILE /Cart flyout/French dropdown")): Object: 'Object Repository/OCS-MOBILE /Cart flyout/French dropdown' is clicked on

2019-06-28 17:05:55 - [MESSAGE][PASSED] - Object: 'Object Repository/OCS-MOBILE /Cart flyout/French dropdown' is clicked on

2019-06-28 17:05:55 - [TEST_STEP][PASSED] - delay(2): Delayed 2 second(s)

2019-06-28 17:05:57 - [MESSAGE][PASSED] - Delayed 2 second(s)

2019-06-28 17:05:57 - [TEST_STEP][PASSED] - click(findTestObject("OCS-MOBILE /Cart flyout/Select English")): Object: 'Object Repository/OCS-MOBILE /Cart flyout/Select English' is clicked on

2019-06-28 17:05:57 - [MESSAGE][PASSED] - Object: 'Object Repository/OCS-MOBILE /Cart flyout/Select English' is clicked on

2019-06-28 17:05:57 - [TEST_STEP][PASSED] - delay(5): Delayed 5 second(s)

2019-06-28 17:06:02 - [MESSAGE][PASSED] - Delayed 5 second(s)

2019-06-28 17:06:02 - [TEST_STEP][PASSED] - c = getWindowTitle(): Current window's title is: 'Ontario Cannabis Store | Ontario Cannabis Store'

2019-06-28 17:06:02 - [MESSAGE][PASSED] - Current window's title is: 'Ontario Cannabis Store | Ontario Cannabis Store'

2019-06-28 17:06:02 - [TEST_STEP][PASSED] - comment("c =" + c): c =Ontario Cannabis Store | Ontario Cannabis Store

2019-06-28 17:06:02 - [MESSAGE][INFO] - c =Ontario Cannabis Store | Ontario Cannabis Store

2019-06-28 17:06:02 - [TEST_STEP][PASSED] - d = "Ontario Cannabis Store | Ontario Cannabis Store": null

2019-06-28 17:06:02 - [TEST_STEP][PASSED] - comment("d =" + d): d =Ontario Cannabis Store | Ontario Cannabis Store

2019-06-28 17:06:02 - [MESSAGE][INFO] - d =Ontario Cannabis Store | Ontario Cannabis Store

2019-06-28 17:06:02 - [TEST_STEP][PASSED] - flag = verifyMatch(c, d, false): Actual text 'Ontario Cannabis Store | Ontario Cannabis Store' and expected text 'Ontario Cannabis Store | Ontario Cannabis Store' are matched 

2019-06-28 17:06:02 - [MESSAGE][PASSED] - Actual text 'Ontario Cannabis Store | Ontario Cannabis Store' and expected text 'Ontario Cannabis Store | Ontario Cannabis Store' are matched 

2019-06-28 17:06:02 - [TEST_STEP][PASSED] - comment(" flag = " + flag):  flag = true

2019-06-28 17:06:02 - [MESSAGE][INFO] -  flag = true

2019-06-28 17:06:02 - [TEST_STEP][PASSED] - if (flag == true):  Language changing is successful

2019-06-28 17:06:02 - [TEST_STEP][PASSED] - comment(" Language changing is successful"):  Language changing is successful

2019-06-28 17:06:02 - [MESSAGE][INFO] -  Language changing is successful]]></system-out>
         <system-err><![CDATA[]]></system-err>
      </testcase>
      <testcase name="Test Cases/OCS - MOBILE/OCS- HOME PAGE/HP-Burger menu-Accessories" classname="Test Cases/OCS - MOBILE/OCS- HOME PAGE/HP-Burger menu-Accessories" status="FAILED">
         <failure type="FAILED" message="Test Cases/OCS - MOBILE/OCS- HOME PAGE/HP-Burger menu-Accessories FAILED.
Reason:
com.kms.katalon.core.exception.StepFailedException: Unable to click on object 'Object Repository/OCS-MOBILE /Age gate and burger menu/Burger menu - English' (Root cause: org.openqa.selenium.WebDriverException: 
Build info: version: '3.7.1', revision: '8a0099a', time: '2017-11-06T21:07:36.161Z'
System info: host: 'sumans-MacBook-Pro.local', ip: 'fe80:0:0:0:14f6:8d5f:4e59:4e6f%en0', os.name: 'Mac OS X', os.arch: 'x86_64', os.version: '10.13.6', java.version: '1.8.0_181'
Driver info: com.kms.katalon.selenium.driver.CSafariDriver
Capabilities {acceptInsecureCerts: false, browserName: Safari, browserVersion: 12.1, javascriptEnabled: true, platform: MAC, platformName: MAC, safari:automaticInspection: false, safari:automaticProfiling: false, safari:diagnose: false, setWindowRect: true, strictFileInteractability: false, webkit:WebRTC: {DisableICECandidateFiltering: false, DisableInsecureMediaCapture: false}}
Session ID: 5C4A564D-9D92-481D-B716-DDE4737BD828)
	at com.kms.katalon.core.keyword.internal.KeywordMain.stepFailed(KeywordMain.groovy:32)
	at com.kms.katalon.core.webui.keyword.internal.WebUIKeywordMain.stepFailed(WebUIKeywordMain.groovy:65)
	at com.kms.katalon.core.webui.keyword.internal.WebUIKeywordMain.runKeyword(WebUIKeywordMain.groovy:27)
	at com.kms.katalon.core.webui.keyword.builtin.ClickKeyword.click(ClickKeyword.groovy:86)
	at com.kms.katalon.core.webui.keyword.builtin.ClickKeyword.execute(ClickKeyword.groovy:67)
	at com.kms.katalon.core.keyword.internal.KeywordExecutor.executeKeywordForPlatform(KeywordExecutor.groovy:53)
	at com.kms.katalon.core.webui.keyword.WebUiBuiltInKeywords.click(WebUiBuiltInKeywords.groovy:604)
	at com.kms.katalon.core.webui.keyword.WebUiBuiltInKeywords$click$6.call(Unknown Source)
	at HP-Burger menu-Accessories.run(HP-Burger menu-Accessories:333)
	at com.kms.katalon.core.main.ScriptEngine.run(ScriptEngine.java:194)
	at com.kms.katalon.core.main.ScriptEngine.runScriptAsRawText(ScriptEngine.java:119)
	at com.kms.katalon.core.main.TestCaseExecutor.runScript(TestCaseExecutor.java:328)
	at com.kms.katalon.core.main.TestCaseExecutor.doExecute(TestCaseExecutor.java:319)
	at com.kms.katalon.core.main.TestCaseExecutor.processExecutionPhase(TestCaseExecutor.java:298)
	at com.kms.katalon.core.main.TestCaseExecutor.accessMainPhase(TestCaseExecutor.java:290)
	at com.kms.katalon.core.main.TestCaseExecutor.execute(TestCaseExecutor.java:224)
	at com.kms.katalon.core.main.TestSuiteExecutor.accessTestCaseMainPhase(TestSuiteExecutor.java:129)
	at com.kms.katalon.core.main.TestSuiteExecutor.accessTestSuiteMainPhase(TestSuiteExecutor.java:112)
	at com.kms.katalon.core.main.TestSuiteExecutor.execute(TestSuiteExecutor.java:81)
	at com.kms.katalon.core.main.TestCaseMain.startTestSuite(TestCaseMain.java:149)
	at com.kms.katalon.core.main.TestCaseMain$startTestSuite$0.call(Unknown Source)
	at TempTestSuite1561754394056.run(TempTestSuite1561754394056.groovy:36)
"/>
         <system-out><![CDATA[2019-06-28 17:06:02 - [TEST_CASE][FAILED] - Test Cases/OCS - MOBILE/OCS- HOME PAGE/HP-Burger menu-Accessories: Test Cases/OCS - MOBILE/OCS- HOME PAGE/HP-Burger menu-Accessories FAILED.
Reason:
com.kms.katalon.core.exception.StepFailedException: Unable to click on object 'Object Repository/OCS-MOBILE /Age gate and burger menu/Burger menu - English' (Root cause: org.openqa.selenium.WebDriverException: 
Build info: version: '3.7.1', revision: '8a0099a', time: '2017-11-06T21:07:36.161Z'
System info: host: 'sumans-MacBook-Pro.local', ip: 'fe80:0:0:0:14f6:8d5f:4e59:4e6f%en0', os.name: 'Mac OS X', os.arch: 'x86_64', os.version: '10.13.6', java.version: '1.8.0_181'
Driver info: com.kms.katalon.selenium.driver.CSafariDriver
Capabilities {acceptInsecureCerts: false, browserName: Safari, browserVersion: 12.1, javascriptEnabled: true, platform: MAC, platformName: MAC, safari:automaticInspection: false, safari:automaticProfiling: false, safari:diagnose: false, setWindowRect: true, strictFileInteractability: false, webkit:WebRTC: {DisableICECandidateFiltering: false, DisableInsecureMediaCapture: false}}
Session ID: 5C4A564D-9D92-481D-B716-DDE4737BD828)
	at com.kms.katalon.core.keyword.internal.KeywordMain.stepFailed(KeywordMain.groovy:32)
	at com.kms.katalon.core.webui.keyword.internal.WebUIKeywordMain.stepFailed(WebUIKeywordMain.groovy:65)
	at com.kms.katalon.core.webui.keyword.internal.WebUIKeywordMain.runKeyword(WebUIKeywordMain.groovy:27)
	at com.kms.katalon.core.webui.keyword.builtin.ClickKeyword.click(ClickKeyword.groovy:86)
	at com.kms.katalon.core.webui.keyword.builtin.ClickKeyword.execute(ClickKeyword.groovy:67)
	at com.kms.katalon.core.keyword.internal.KeywordExecutor.executeKeywordForPlatform(KeywordExecutor.groovy:53)
	at com.kms.katalon.core.webui.keyword.WebUiBuiltInKeywords.click(WebUiBuiltInKeywords.groovy:604)
	at com.kms.katalon.core.webui.keyword.WebUiBuiltInKeywords$click$6.call(Unknown Source)
	at HP-Burger menu-Accessories.run(HP-Burger menu-Accessories:333)
	at com.kms.katalon.core.main.ScriptEngine.run(ScriptEngine.java:194)
	at com.kms.katalon.core.main.ScriptEngine.runScriptAsRawText(ScriptEngine.java:119)
	at com.kms.katalon.core.main.TestCaseExecutor.runScript(TestCaseExecutor.java:328)
	at com.kms.katalon.core.main.TestCaseExecutor.doExecute(TestCaseExecutor.java:319)
	at com.kms.katalon.core.main.TestCaseExecutor.processExecutionPhase(TestCaseExecutor.java:298)
	at com.kms.katalon.core.main.TestCaseExecutor.accessMainPhase(TestCaseExecutor.java:290)
	at com.kms.katalon.core.main.TestCaseExecutor.execute(TestCaseExecutor.java:224)
	at com.kms.katalon.core.main.TestSuiteExecutor.accessTestCaseMainPhase(TestSuiteExecutor.java:129)
	at com.kms.katalon.core.main.TestSuiteExecutor.accessTestSuiteMainPhase(TestSuiteExecutor.java:112)
	at com.kms.katalon.core.main.TestSuiteExecutor.execute(TestSuiteExecutor.java:81)
	at com.kms.katalon.core.main.TestCaseMain.startTestSuite(TestCaseMain.java:149)
	at com.kms.katalon.core.main.TestCaseMain$startTestSuite$0.call(Unknown Source)
	at TempTestSuite1561754394056.run(TempTestSuite1561754394056.groovy:36)


2019-06-28 17:06:02 - [TEST_STEP][PASSED] - callTestCase(findTestCase("OCS - MOBILE/CALL - AGE GATE"), [:], STOP_ON_FAILURE): Call Test Case 'Test Cases/OCS - MOBILE/CALL - AGE GATE' successfully

2019-06-28 17:06:02 - [TEST_CASE][PASSED] - Test Cases/OCS - MOBILE/CALL - AGE GATE: Test Cases/OCS - MOBILE/CALL - AGE GATE

2019-06-28 17:06:02 - [TEST_STEP][PASSED] - openBrowser(""): Browser is opened with url: ''

2019-06-28 17:06:02 - [MESSAGE][WARNING] - A browser is already opened. Closing browser and opening a new one

2019-06-28 17:06:02 - [MESSAGE][INFO] - Starting 'Safari' driver

2019-06-28 17:06:03 - [MESSAGE][PASSED] - Browser is opened with url: ''

2019-06-28 17:06:03 - [TEST_STEP][PASSED] - navigateToUrl("ocs.ca"): Navigate to 'http://ocs.ca' successfully

2019-06-28 17:06:04 - [MESSAGE][PASSED] - Navigate to 'http://ocs.ca' successfully

2019-06-28 17:06:04 - [TEST_STEP][NOT_RUN] - executeJavaScript("var previewBar = document.getElementById("preview-bar-iframe"); previewBar.style.display = "none";", []): NOT_RUN: executeJavaScript("var previewBar = document.getElementById("preview-bar-iframe"); previewBar.style.display = "none";", [])

2019-06-28 17:06:04 - [MESSAGE][NOT_RUN] - NOT_RUN: executeJavaScript("var previewBar = document.getElementById("preview-bar-iframe"); previewBar.style.display = "none";", [])

2019-06-28 17:06:04 - [TEST_STEP][PASSED] - setViewPortSize(360, 800): Viewport is set to new size with width = 360 and height = 800

2019-06-28 17:06:04 - [MESSAGE][PASSED] - Viewport is set to new size with width = 360 and height = 800

2019-06-28 17:06:04 - [TEST_STEP][PASSED] - delay(4): Delayed 4 second(s)

2019-06-28 17:06:08 - [MESSAGE][PASSED] - Delayed 4 second(s)

2019-06-28 17:06:08 - [TEST_STEP][PASSED] - selectOptionByValue(findTestObject("OCS-MOBILE /Age gate and burger menu/Date"), "12", true): All options with value '12' are selected in object 'Object Repository/OCS-MOBILE /Age gate and burger menu/Date'  using regular expression

2019-06-28 17:06:09 - [MESSAGE][PASSED] - All options with value '12' are selected in object 'Object Repository/OCS-MOBILE /Age gate and burger menu/Date'  using regular expression

2019-06-28 17:06:09 - [TEST_STEP][PASSED] - selectOptionByValue(findTestObject("OCS-MOBILE /Age gate and burger menu/month"), "6", true): All options with value '6' are selected in object 'Object Repository/OCS-MOBILE /Age gate and burger menu/month'  using regular expression

2019-06-28 17:06:09 - [MESSAGE][PASSED] - All options with value '6' are selected in object 'Object Repository/OCS-MOBILE /Age gate and burger menu/month'  using regular expression

2019-06-28 17:06:09 - [TEST_STEP][PASSED] - delay(2): Delayed 2 second(s)

2019-06-28 17:06:11 - [MESSAGE][PASSED] - Delayed 2 second(s)

2019-06-28 17:06:11 - [TEST_STEP][PASSED] - selectOptionByValue(findTestObject("OCS-MOBILE /Age gate and burger menu/Year Dropdown"), "1990", true): All options with value '1990' are selected in object 'Object Repository/OCS-MOBILE /Age gate and burger menu/Year Dropdown'  using regular expression

2019-06-28 17:06:13 - [MESSAGE][PASSED] - All options with value '1990' are selected in object 'Object Repository/OCS-MOBILE /Age gate and burger menu/Year Dropdown'  using regular expression

2019-06-28 17:06:13 - [TEST_STEP][PASSED] - click(findTestObject("OCS-MOBILE /Age gate and Mega menu/button_Verify")): Object: 'Object Repository/OCS-MOBILE /Age gate and Mega menu/button_Verify' is clicked on

2019-06-28 17:06:13 - [MESSAGE][PASSED] - Object: 'Object Repository/OCS-MOBILE /Age gate and Mega menu/button_Verify' is clicked on

2019-06-28 17:06:13 - [TEST_STEP][PASSED] - click(findTestObject("OCS-MOBILE /Age gate and Mega menu/Checkbox_CONFIRM AND ACKNOWLEDGE")): Object: 'Object Repository/OCS-MOBILE /Age gate and Mega menu/Checkbox_CONFIRM AND ACKNOWLEDGE' is clicked on

2019-06-28 17:06:13 - [MESSAGE][PASSED] - Object: 'Object Repository/OCS-MOBILE /Age gate and Mega menu/Checkbox_CONFIRM AND ACKNOWLEDGE' is clicked on

2019-06-28 17:06:13 - [TEST_STEP][PASSED] - click(findTestObject("OCS-MOBILE /Age gate and Mega menu/button_CONFIRM")): Object: 'Object Repository/OCS-MOBILE /Age gate and Mega menu/button_CONFIRM' is clicked on

2019-06-28 17:06:13 - [MESSAGE][PASSED] - Object: 'Object Repository/OCS-MOBILE /Age gate and Mega menu/button_CONFIRM' is clicked on

2019-06-28 17:06:13 - [TEST_STEP][PASSED] - click(findTestObject("OCS-MOBILE /Age gate and Mega menu/button_Start Browsing")): Object: 'Object Repository/OCS-MOBILE /Age gate and Mega menu/button_Start Browsing' is clicked on

2019-06-28 17:06:13 - [MESSAGE][PASSED] - Object: 'Object Repository/OCS-MOBILE /Age gate and Mega menu/button_Start Browsing' is clicked on

2019-06-28 17:06:13 - [TEST_STEP][PASSED] - refresh(): Refresh successfully

2019-06-28 17:06:16 - [MESSAGE][PASSED] - Refresh successfully

2019-06-28 17:06:16 - [TEST_STEP][NOT_RUN] - executeJavaScript("var previewBar = document.getElementById("preview-bar-iframe"); previewBar.style.display = "none";", []): NOT_RUN: executeJavaScript("var previewBar = document.getElementById("preview-bar-iframe"); previewBar.style.display = "none";", [])

2019-06-28 17:06:16 - [MESSAGE][NOT_RUN] - NOT_RUN: executeJavaScript("var previewBar = document.getElementById("preview-bar-iframe"); previewBar.style.display = "none";", [])

2019-06-28 17:06:16 - [MESSAGE][PASSED] - Call Test Case 'Test Cases/OCS - MOBILE/CALL - AGE GATE' successfully

2019-06-28 17:06:16 - [TEST_STEP][PASSED] - delay(2, CONTINUE_ON_FAILURE): Delayed 2 second(s)

2019-06-28 17:06:18 - [MESSAGE][PASSED] - Delayed 2 second(s)

2019-06-28 17:06:18 - [TEST_STEP][PASSED] - click(findTestObject("OCS-MOBILE /Age gate and burger menu/Burger menu - English"), CONTINUE_ON_FAILURE): Object: 'Object Repository/OCS-MOBILE /Age gate and burger menu/Burger menu - English' is clicked on

2019-06-28 17:06:18 - [MESSAGE][PASSED] - Object: 'Object Repository/OCS-MOBILE /Age gate and burger menu/Burger menu - English' is clicked on

2019-06-28 17:06:18 - [TEST_STEP][PASSED] - delay(2, CONTINUE_ON_FAILURE): Delayed 2 second(s)

2019-06-28 17:06:20 - [MESSAGE][PASSED] - Delayed 2 second(s)

2019-06-28 17:06:20 - [TEST_STEP][PASSED] - click(findTestObject("OCS-MOBILE /Accessories page/accessories Chevron"), STOP_ON_FAILURE): Object: 'Object Repository/OCS-MOBILE /Accessories page/accessories Chevron' is clicked on

2019-06-28 17:06:20 - [MESSAGE][PASSED] - Object: 'Object Repository/OCS-MOBILE /Accessories page/accessories Chevron' is clicked on

2019-06-28 17:06:20 - [TEST_STEP][PASSED] - delay(1, CONTINUE_ON_FAILURE): Delayed 1 second(s)

2019-06-28 17:06:21 - [MESSAGE][PASSED] - Delayed 1 second(s)

2019-06-28 17:06:21 - [TEST_STEP][PASSED] - click(findTestObject("OCS-MOBILE /Accessories page/Vaporizers"), CONTINUE_ON_FAILURE): Object: 'Object Repository/OCS-MOBILE /Accessories page/Vaporizers' is clicked on

2019-06-28 17:06:24 - [MESSAGE][PASSED] - Object: 'Object Repository/OCS-MOBILE /Accessories page/Vaporizers' is clicked on

2019-06-28 17:06:24 - [TEST_STEP][PASSED] - delay(1, CONTINUE_ON_FAILURE): Delayed 1 second(s)

2019-06-28 17:06:25 - [MESSAGE][PASSED] - Delayed 1 second(s)

2019-06-28 17:06:25 - [TEST_STEP][PASSED] - a = getWindowTitle(CONTINUE_ON_FAILURE): Current window's title is: 'Vaporizers | Ontario Cannabis Store'

2019-06-28 17:06:25 - [MESSAGE][PASSED] - Current window's title is: 'Vaporizers | Ontario Cannabis Store'

2019-06-28 17:06:25 - [TEST_STEP][PASSED] - comment(a): Vaporizers | Ontario Cannabis Store

2019-06-28 17:06:25 - [MESSAGE][INFO] - Vaporizers | Ontario Cannabis Store

2019-06-28 17:06:25 - [TEST_STEP][PASSED] - b = "Vaporizers | Ontario Cannabis Store": null

2019-06-28 17:06:25 - [TEST_STEP][PASSED] - comment(b): Vaporizers | Ontario Cannabis Store

2019-06-28 17:06:25 - [MESSAGE][INFO] - Vaporizers | Ontario Cannabis Store

2019-06-28 17:06:25 - [TEST_STEP][PASSED] - if (a == b): correct window page 

2019-06-28 17:06:25 - [TEST_STEP][PASSED] - comment("correct window page "): correct window page 

2019-06-28 17:06:25 - [MESSAGE][INFO] - correct window page 

2019-06-28 17:06:25 - [TEST_STEP][PASSED] - delay(1, CONTINUE_ON_FAILURE): Delayed 1 second(s)

2019-06-28 17:06:26 - [MESSAGE][PASSED] - Delayed 1 second(s)

2019-06-28 17:06:26 - [TEST_STEP][PASSED] - click(findTestObject("OCS-MOBILE /Age gate and burger menu/Burger menu - English"), CONTINUE_ON_FAILURE): Object: 'Object Repository/OCS-MOBILE /Age gate and burger menu/Burger menu - English' is clicked on

2019-06-28 17:06:26 - [MESSAGE][PASSED] - Object: 'Object Repository/OCS-MOBILE /Age gate and burger menu/Burger menu - English' is clicked on

2019-06-28 17:06:26 - [TEST_STEP][PASSED] - delay(2, CONTINUE_ON_FAILURE): Delayed 2 second(s)

2019-06-28 17:06:28 - [MESSAGE][PASSED] - Delayed 2 second(s)

2019-06-28 17:06:28 - [TEST_STEP][PASSED] - click(findTestObject("OCS-MOBILE /Accessories page/accessories Chevron"), CONTINUE_ON_FAILURE): Object: 'Object Repository/OCS-MOBILE /Accessories page/accessories Chevron' is clicked on

2019-06-28 17:06:29 - [MESSAGE][PASSED] - Object: 'Object Repository/OCS-MOBILE /Accessories page/accessories Chevron' is clicked on

2019-06-28 17:06:29 - [TEST_STEP][PASSED] - delay(1, CONTINUE_ON_FAILURE): Delayed 1 second(s)

2019-06-28 17:06:30 - [MESSAGE][PASSED] - Delayed 1 second(s)

2019-06-28 17:06:30 - [TEST_STEP][PASSED] - click(findTestObject("OCS-MOBILE /Accessories page/Bongs - water pipes"), CONTINUE_ON_FAILURE): Object: 'Object Repository/OCS-MOBILE /Accessories page/Bongs - water pipes' is clicked on

2019-06-28 17:06:31 - [MESSAGE][PASSED] - Object: 'Object Repository/OCS-MOBILE /Accessories page/Bongs - water pipes' is clicked on

2019-06-28 17:06:31 - [TEST_STEP][PASSED] - delay(1, CONTINUE_ON_FAILURE): Delayed 1 second(s)

2019-06-28 17:06:32 - [MESSAGE][PASSED] - Delayed 1 second(s)

2019-06-28 17:06:32 - [TEST_STEP][PASSED] - a1 = getWindowTitle(CONTINUE_ON_FAILURE): Current window's title is: 'Bongs & Water Pipes | Ontario Cannabis Store'

2019-06-28 17:06:32 - [MESSAGE][PASSED] - Current window's title is: 'Bongs & Water Pipes | Ontario Cannabis Store'

2019-06-28 17:06:32 - [TEST_STEP][PASSED] - comment(a1): Bongs & Water Pipes | Ontario Cannabis Store

2019-06-28 17:06:32 - [MESSAGE][INFO] - Bongs & Water Pipes | Ontario Cannabis Store

2019-06-28 17:06:32 - [TEST_STEP][PASSED] - b1 = "Bongs & Water Pipes | Ontario Cannabis Store": null

2019-06-28 17:06:32 - [TEST_STEP][PASSED] - comment(b1): Bongs & Water Pipes | Ontario Cannabis Store

2019-06-28 17:06:32 - [MESSAGE][INFO] - Bongs & Water Pipes | Ontario Cannabis Store

2019-06-28 17:06:32 - [TEST_STEP][PASSED] - if (a1 == b1): correct window page 

2019-06-28 17:06:32 - [TEST_STEP][PASSED] - comment("correct window page "): correct window page 

2019-06-28 17:06:32 - [MESSAGE][INFO] - correct window page 

2019-06-28 17:06:32 - [TEST_STEP][PASSED] - delay(1, CONTINUE_ON_FAILURE): Delayed 1 second(s)

2019-06-28 17:06:33 - [MESSAGE][PASSED] - Delayed 1 second(s)

2019-06-28 17:06:33 - [TEST_STEP][PASSED] - click(findTestObject("OCS-MOBILE /Age gate and burger menu/Burger menu - English"), CONTINUE_ON_FAILURE): Object: 'Object Repository/OCS-MOBILE /Age gate and burger menu/Burger menu - English' is clicked on

2019-06-28 17:06:33 - [MESSAGE][PASSED] - Object: 'Object Repository/OCS-MOBILE /Age gate and burger menu/Burger menu - English' is clicked on

2019-06-28 17:06:33 - [TEST_STEP][PASSED] - delay(2, CONTINUE_ON_FAILURE): Delayed 2 second(s)

2019-06-28 17:06:35 - [MESSAGE][PASSED] - Delayed 2 second(s)

2019-06-28 17:06:35 - [TEST_STEP][PASSED] - click(findTestObject("OCS-MOBILE /Accessories page/accessories Chevron"), CONTINUE_ON_FAILURE): Object: 'Object Repository/OCS-MOBILE /Accessories page/accessories Chevron' is clicked on

2019-06-28 17:06:36 - [MESSAGE][PASSED] - Object: 'Object Repository/OCS-MOBILE /Accessories page/accessories Chevron' is clicked on

2019-06-28 17:06:36 - [TEST_STEP][PASSED] - delay(1, CONTINUE_ON_FAILURE): Delayed 1 second(s)

2019-06-28 17:06:37 - [MESSAGE][PASSED] - Delayed 1 second(s)

2019-06-28 17:06:37 - [TEST_STEP][PASSED] - click(findTestObject("OCS-MOBILE /Accessories page/Handheld pipes"), CONTINUE_ON_FAILURE): Object: 'Object Repository/OCS-MOBILE /Accessories page/Handheld pipes' is clicked on

2019-06-28 17:06:37 - [MESSAGE][PASSED] - Object: 'Object Repository/OCS-MOBILE /Accessories page/Handheld pipes' is clicked on

2019-06-28 17:06:37 - [TEST_STEP][PASSED] - delay(1, CONTINUE_ON_FAILURE): Delayed 1 second(s)

2019-06-28 17:06:38 - [MESSAGE][PASSED] - Delayed 1 second(s)

2019-06-28 17:06:38 - [TEST_STEP][PASSED] - a11 = getWindowTitle(CONTINUE_ON_FAILURE): Current window's title is: 'Bongs & Water Pipes | Ontario Cannabis Store'

2019-06-28 17:06:38 - [MESSAGE][PASSED] - Current window's title is: 'Bongs & Water Pipes | Ontario Cannabis Store'

2019-06-28 17:06:38 - [TEST_STEP][PASSED] - comment(a11): Bongs & Water Pipes | Ontario Cannabis Store

2019-06-28 17:06:38 - [MESSAGE][INFO] - Bongs & Water Pipes | Ontario Cannabis Store

2019-06-28 17:06:38 - [TEST_STEP][PASSED] - b11 = "Handheld Pipes | Ontario Cannabis Store": null

2019-06-28 17:06:38 - [TEST_STEP][PASSED] - comment(b11): Handheld Pipes | Ontario Cannabis Store

2019-06-28 17:06:38 - [MESSAGE][INFO] - Handheld Pipes | Ontario Cannabis Store

2019-06-28 17:06:38 - [TEST_STEP][PASSED] - if (a11 == b11): null

2019-06-28 17:06:38 - [TEST_STEP][PASSED] - else: Some random page 

2019-06-28 17:06:38 - [TEST_STEP][PASSED] - comment("Some random page "): Some random page 

2019-06-28 17:06:38 - [MESSAGE][INFO] - Some random page 

2019-06-28 17:06:38 - [TEST_STEP][PASSED] - delay(1, CONTINUE_ON_FAILURE): Delayed 1 second(s)

2019-06-28 17:06:39 - [MESSAGE][PASSED] - Delayed 1 second(s)

2019-06-28 17:06:39 - [TEST_STEP][PASSED] - click(findTestObject("OCS-MOBILE /Age gate and burger menu/Burger menu - English"), CONTINUE_ON_FAILURE): Object: 'Object Repository/OCS-MOBILE /Age gate and burger menu/Burger menu - English' is clicked on

2019-06-28 17:06:39 - [MESSAGE][PASSED] - Object: 'Object Repository/OCS-MOBILE /Age gate and burger menu/Burger menu - English' is clicked on

2019-06-28 17:06:39 - [TEST_STEP][PASSED] - delay(2, CONTINUE_ON_FAILURE): Delayed 2 second(s)

2019-06-28 17:06:41 - [MESSAGE][PASSED] - Delayed 2 second(s)

2019-06-28 17:06:41 - [TEST_STEP][PASSED] - click(findTestObject("OCS-MOBILE /Accessories page/accessories chevron"), CONTINUE_ON_FAILURE): Object: 'Object Repository/OCS-MOBILE /Accessories page/accessories chevron' is clicked on

2019-06-28 17:06:41 - [MESSAGE][PASSED] - Object: 'Object Repository/OCS-MOBILE /Accessories page/accessories chevron' is clicked on

2019-06-28 17:06:41 - [TEST_STEP][PASSED] - delay(1, CONTINUE_ON_FAILURE): Delayed 1 second(s)

2019-06-28 17:06:42 - [MESSAGE][PASSED] - Delayed 1 second(s)

2019-06-28 17:06:42 - [TEST_STEP][PASSED] - click(findTestObject("OCS-MOBILE /Accessories page/Papers -filters"), CONTINUE_ON_FAILURE): Object: 'Object Repository/OCS-MOBILE /Accessories page/Papers -filters' is clicked on

2019-06-28 17:06:44 - [MESSAGE][PASSED] - Object: 'Object Repository/OCS-MOBILE /Accessories page/Papers -filters' is clicked on

2019-06-28 17:06:44 - [TEST_STEP][PASSED] - delay(1, CONTINUE_ON_FAILURE): Delayed 1 second(s)

2019-06-28 17:06:45 - [MESSAGE][PASSED] - Delayed 1 second(s)

2019-06-28 17:06:45 - [TEST_STEP][PASSED] - a111 = getWindowTitle(CONTINUE_ON_FAILURE): Current window's title is: 'Papers & Filters | Ontario Cannabis Store'

2019-06-28 17:06:45 - [MESSAGE][PASSED] - Current window's title is: 'Papers & Filters | Ontario Cannabis Store'

2019-06-28 17:06:45 - [TEST_STEP][PASSED] - comment(a111): Papers & Filters | Ontario Cannabis Store

2019-06-28 17:06:45 - [MESSAGE][INFO] - Papers & Filters | Ontario Cannabis Store

2019-06-28 17:06:45 - [TEST_STEP][PASSED] - b111 = "Papers & Filters | Ontario Cannabis Store": null

2019-06-28 17:06:45 - [TEST_STEP][PASSED] - comment(b111): Papers & Filters | Ontario Cannabis Store

2019-06-28 17:06:45 - [MESSAGE][INFO] - Papers & Filters | Ontario Cannabis Store

2019-06-28 17:06:45 - [TEST_STEP][PASSED] - if (a111 == b111): correct window page 

2019-06-28 17:06:45 - [TEST_STEP][PASSED] - comment("correct window page "): correct window page 

2019-06-28 17:06:45 - [MESSAGE][INFO] - correct window page 

2019-06-28 17:06:45 - [TEST_STEP][PASSED] - delay(1, CONTINUE_ON_FAILURE): Delayed 1 second(s)

2019-06-28 17:06:46 - [MESSAGE][PASSED] - Delayed 1 second(s)

2019-06-28 17:06:46 - [TEST_STEP][PASSED] - click(findTestObject("OCS-MOBILE /Age gate and burger menu/Burger menu - English"), CONTINUE_ON_FAILURE): Object: 'Object Repository/OCS-MOBILE /Age gate and burger menu/Burger menu - English' is clicked on

2019-06-28 17:06:46 - [MESSAGE][PASSED] - Object: 'Object Repository/OCS-MOBILE /Age gate and burger menu/Burger menu - English' is clicked on

2019-06-28 17:06:46 - [TEST_STEP][PASSED] - delay(2, CONTINUE_ON_FAILURE): Delayed 2 second(s)

2019-06-28 17:06:48 - [MESSAGE][PASSED] - Delayed 2 second(s)

2019-06-28 17:06:48 - [TEST_STEP][PASSED] - click(findTestObject("OCS-MOBILE /Accessories page/accessories Chevron"), CONTINUE_ON_FAILURE): Object: 'Object Repository/OCS-MOBILE /Accessories page/accessories Chevron' is clicked on

2019-06-28 17:06:48 - [MESSAGE][PASSED] - Object: 'Object Repository/OCS-MOBILE /Accessories page/accessories Chevron' is clicked on

2019-06-28 17:06:48 - [TEST_STEP][PASSED] - delay(1, CONTINUE_ON_FAILURE): Delayed 1 second(s)

2019-06-28 17:06:49 - [MESSAGE][PASSED] - Delayed 1 second(s)

2019-06-28 17:06:49 - [TEST_STEP][PASSED] - click(findTestObject("OCS-MOBILE /Accessories page/Grinders"), CONTINUE_ON_FAILURE): Object: 'Object Repository/OCS-MOBILE /Accessories page/Grinders' is clicked on

2019-06-28 17:06:51 - [MESSAGE][PASSED] - Object: 'Object Repository/OCS-MOBILE /Accessories page/Grinders' is clicked on

2019-06-28 17:06:51 - [TEST_STEP][PASSED] - delay(1, CONTINUE_ON_FAILURE): Delayed 1 second(s)

2019-06-28 17:06:52 - [MESSAGE][PASSED] - Delayed 1 second(s)

2019-06-28 17:06:52 - [TEST_STEP][PASSED] - a1111 = getWindowTitle(CONTINUE_ON_FAILURE): Current window's title is: 'Grinders | Ontario Cannabis Store'

2019-06-28 17:06:52 - [MESSAGE][PASSED] - Current window's title is: 'Grinders | Ontario Cannabis Store'

2019-06-28 17:06:52 - [TEST_STEP][PASSED] - comment(a1111): Grinders | Ontario Cannabis Store

2019-06-28 17:06:52 - [MESSAGE][INFO] - Grinders | Ontario Cannabis Store

2019-06-28 17:06:52 - [TEST_STEP][PASSED] - b1111 = "Grinders | Ontario Cannabis Store": null

2019-06-28 17:06:52 - [TEST_STEP][PASSED] - comment(b1111): Grinders | Ontario Cannabis Store

2019-06-28 17:06:52 - [MESSAGE][INFO] - Grinders | Ontario Cannabis Store

2019-06-28 17:06:52 - [TEST_STEP][PASSED] - if (a1111 == b1111): correct window page 

2019-06-28 17:06:52 - [TEST_STEP][PASSED] - comment("correct window page "): correct window page 

2019-06-28 17:06:52 - [MESSAGE][INFO] - correct window page 

2019-06-28 17:06:52 - [TEST_STEP][PASSED] - delay(1, CONTINUE_ON_FAILURE): Delayed 1 second(s)

2019-06-28 17:06:53 - [MESSAGE][PASSED] - Delayed 1 second(s)

2019-06-28 17:06:53 - [TEST_STEP][PASSED] - click(findTestObject("OCS-MOBILE /Age gate and burger menu/Burger menu - English"), CONTINUE_ON_FAILURE): Object: 'Object Repository/OCS-MOBILE /Age gate and burger menu/Burger menu - English' is clicked on

2019-06-28 17:06:53 - [MESSAGE][PASSED] - Object: 'Object Repository/OCS-MOBILE /Age gate and burger menu/Burger menu - English' is clicked on

2019-06-28 17:06:53 - [TEST_STEP][PASSED] - delay(2, CONTINUE_ON_FAILURE): Delayed 2 second(s)

2019-06-28 17:06:55 - [MESSAGE][PASSED] - Delayed 2 second(s)

2019-06-28 17:06:55 - [TEST_STEP][PASSED] - click(findTestObject("OCS-MOBILE /Accessories page/accessories chevron"), CONTINUE_ON_FAILURE): Object: 'Object Repository/OCS-MOBILE /Accessories page/accessories chevron' is clicked on

2019-06-28 17:06:55 - [MESSAGE][PASSED] - Object: 'Object Repository/OCS-MOBILE /Accessories page/accessories chevron' is clicked on

2019-06-28 17:06:55 - [TEST_STEP][PASSED] - delay(1, CONTINUE_ON_FAILURE): Delayed 1 second(s)

2019-06-28 17:06:56 - [MESSAGE][PASSED] - Delayed 1 second(s)

2019-06-28 17:06:56 - [TEST_STEP][PASSED] - click(findTestObject("OCS-MOBILE /Accessories page/Tools -kits"), CONTINUE_ON_FAILURE): Object: 'Object Repository/OCS-MOBILE /Accessories page/Tools -kits' is clicked on

2019-06-28 17:06:56 - [MESSAGE][PASSED] - Object: 'Object Repository/OCS-MOBILE /Accessories page/Tools -kits' is clicked on

2019-06-28 17:06:56 - [TEST_STEP][PASSED] - delay(1, CONTINUE_ON_FAILURE): Delayed 1 second(s)

2019-06-28 17:06:57 - [MESSAGE][PASSED] - Delayed 1 second(s)

2019-06-28 17:06:57 - [TEST_STEP][PASSED] - a11111 = getWindowTitle(CONTINUE_ON_FAILURE): Current window's title is: 'Multi-Tools & Kits | Ontario Cannabis Store'

2019-06-28 17:06:58 - [MESSAGE][PASSED] - Current window's title is: 'Multi-Tools & Kits | Ontario Cannabis Store'

2019-06-28 17:06:58 - [TEST_STEP][PASSED] - comment(a11111): Multi-Tools & Kits | Ontario Cannabis Store

2019-06-28 17:06:58 - [MESSAGE][INFO] - Multi-Tools & Kits | Ontario Cannabis Store

2019-06-28 17:06:58 - [TEST_STEP][PASSED] - b11111 = "Multi-Tools & Kits | Ontario Cannabis Store": null

2019-06-28 17:06:58 - [TEST_STEP][PASSED] - comment(b11111): Multi-Tools & Kits | Ontario Cannabis Store

2019-06-28 17:06:58 - [MESSAGE][INFO] - Multi-Tools & Kits | Ontario Cannabis Store

2019-06-28 17:06:58 - [TEST_STEP][PASSED] - if (a11111 == b11111): correct window page 

2019-06-28 17:06:58 - [TEST_STEP][PASSED] - comment("correct window page "): correct window page 

2019-06-28 17:06:58 - [MESSAGE][INFO] - correct window page 

2019-06-28 17:06:58 - [TEST_STEP][PASSED] - delay(1, CONTINUE_ON_FAILURE): Delayed 1 second(s)

2019-06-28 17:06:59 - [MESSAGE][PASSED] - Delayed 1 second(s)

2019-06-28 17:06:59 - [TEST_STEP][PASSED] - click(findTestObject("OCS-MOBILE /Age gate and burger menu/Burger menu - English"), CONTINUE_ON_FAILURE): Object: 'Object Repository/OCS-MOBILE /Age gate and burger menu/Burger menu - English' is clicked on

2019-06-28 17:06:59 - [MESSAGE][PASSED] - Object: 'Object Repository/OCS-MOBILE /Age gate and burger menu/Burger menu - English' is clicked on

2019-06-28 17:06:59 - [TEST_STEP][PASSED] - delay(2, CONTINUE_ON_FAILURE): Delayed 2 second(s)

2019-06-28 17:07:01 - [MESSAGE][PASSED] - Delayed 2 second(s)

2019-06-28 17:07:01 - [TEST_STEP][PASSED] - click(findTestObject("OCS-MOBILE /Accessories page/accessories chevron"), CONTINUE_ON_FAILURE): Object: 'Object Repository/OCS-MOBILE /Accessories page/accessories chevron' is clicked on

2019-06-28 17:07:01 - [MESSAGE][PASSED] - Object: 'Object Repository/OCS-MOBILE /Accessories page/accessories chevron' is clicked on

2019-06-28 17:07:01 - [TEST_STEP][PASSED] - delay(1, CONTINUE_ON_FAILURE): Delayed 1 second(s)

2019-06-28 17:07:02 - [MESSAGE][PASSED] - Delayed 1 second(s)

2019-06-28 17:07:02 - [TEST_STEP][PASSED] - click(findTestObject("OCS-MOBILE /Accessories page/Cleaning supplies"), CONTINUE_ON_FAILURE): Object: 'Object Repository/OCS-MOBILE /Accessories page/Cleaning supplies' is clicked on

2019-06-28 17:07:04 - [MESSAGE][PASSED] - Object: 'Object Repository/OCS-MOBILE /Accessories page/Cleaning supplies' is clicked on

2019-06-28 17:07:04 - [TEST_STEP][PASSED] - delay(1, CONTINUE_ON_FAILURE): Delayed 1 second(s)

2019-06-28 17:07:05 - [MESSAGE][PASSED] - Delayed 1 second(s)

2019-06-28 17:07:05 - [TEST_STEP][PASSED] - a12 = getWindowTitle(CONTINUE_ON_FAILURE): Current window's title is: 'Cleaning Supplies | Ontario Cannabis Store'

2019-06-28 17:07:05 - [MESSAGE][PASSED] - Current window's title is: 'Cleaning Supplies | Ontario Cannabis Store'

2019-06-28 17:07:05 - [TEST_STEP][PASSED] - comment(a12): Cleaning Supplies | Ontario Cannabis Store

2019-06-28 17:07:05 - [MESSAGE][INFO] - Cleaning Supplies | Ontario Cannabis Store

2019-06-28 17:07:05 - [TEST_STEP][PASSED] - b12 = "Cleaning Supplies | Ontario Cannabis Store": null

2019-06-28 17:07:05 - [TEST_STEP][PASSED] - comment(b12): Cleaning Supplies | Ontario Cannabis Store

2019-06-28 17:07:05 - [MESSAGE][INFO] - Cleaning Supplies | Ontario Cannabis Store

2019-06-28 17:07:05 - [TEST_STEP][PASSED] - if (a12 == b12): correct window page 

2019-06-28 17:07:05 - [TEST_STEP][PASSED] - comment("correct window page "): correct window page 

2019-06-28 17:07:05 - [MESSAGE][INFO] - correct window page 

2019-06-28 17:07:05 - [TEST_STEP][PASSED] - delay(1, CONTINUE_ON_FAILURE): Delayed 1 second(s)

2019-06-28 17:07:06 - [MESSAGE][PASSED] - Delayed 1 second(s)

2019-06-28 17:07:06 - [TEST_STEP][PASSED] - click(findTestObject("OCS-MOBILE /Age gate and burger menu/Burger menu - English"), CONTINUE_ON_FAILURE): Object: 'Object Repository/OCS-MOBILE /Age gate and burger menu/Burger menu - English' is clicked on

2019-06-28 17:07:06 - [MESSAGE][PASSED] - Object: 'Object Repository/OCS-MOBILE /Age gate and burger menu/Burger menu - English' is clicked on

2019-06-28 17:07:06 - [TEST_STEP][PASSED] - delay(2, CONTINUE_ON_FAILURE): Delayed 2 second(s)

2019-06-28 17:07:08 - [MESSAGE][PASSED] - Delayed 2 second(s)

2019-06-28 17:07:08 - [TEST_STEP][PASSED] - click(findTestObject("OCS-MOBILE /Accessories page/accessories chevron"), CONTINUE_ON_FAILURE): Object: 'Object Repository/OCS-MOBILE /Accessories page/accessories chevron' is clicked on

2019-06-28 17:07:08 - [MESSAGE][PASSED] - Object: 'Object Repository/OCS-MOBILE /Accessories page/accessories chevron' is clicked on

2019-06-28 17:07:08 - [TEST_STEP][PASSED] - delay(1, CONTINUE_ON_FAILURE): Delayed 1 second(s)

2019-06-28 17:07:09 - [MESSAGE][PASSED] - Delayed 1 second(s)

2019-06-28 17:07:09 - [TEST_STEP][PASSED] - click(findTestObject("OCS-MOBILE /Accessories page/Storage"), CONTINUE_ON_FAILURE): Object: 'Object Repository/OCS-MOBILE /Accessories page/Storage' is clicked on

2019-06-28 17:07:11 - [MESSAGE][PASSED] - Object: 'Object Repository/OCS-MOBILE /Accessories page/Storage' is clicked on

2019-06-28 17:07:11 - [TEST_STEP][PASSED] - delay(1, CONTINUE_ON_FAILURE): Delayed 1 second(s)

2019-06-28 17:07:12 - [MESSAGE][PASSED] - Delayed 1 second(s)

2019-06-28 17:07:12 - [TEST_STEP][PASSED] - a13 = getWindowTitle(CONTINUE_ON_FAILURE): Current window's title is: 'Storage | Ontario Cannabis Store'

2019-06-28 17:07:12 - [MESSAGE][PASSED] - Current window's title is: 'Storage | Ontario Cannabis Store'

2019-06-28 17:07:12 - [TEST_STEP][PASSED] - comment(a13): Storage | Ontario Cannabis Store

2019-06-28 17:07:12 - [MESSAGE][INFO] - Storage | Ontario Cannabis Store

2019-06-28 17:07:12 - [TEST_STEP][PASSED] - b13 = "Storage | Ontario Cannabis Store": null

2019-06-28 17:07:12 - [TEST_STEP][PASSED] - comment(b): Vaporizers | Ontario Cannabis Store

2019-06-28 17:07:12 - [MESSAGE][INFO] - Vaporizers | Ontario Cannabis Store

2019-06-28 17:07:12 - [TEST_STEP][PASSED] - if (a13 == b13): correct window page 

2019-06-28 17:07:12 - [TEST_STEP][PASSED] - comment("correct window page "): correct window page 

2019-06-28 17:07:12 - [MESSAGE][INFO] - correct window page 

2019-06-28 17:07:12 - [TEST_STEP][PASSED] - delay(1, CONTINUE_ON_FAILURE): Delayed 1 second(s)

2019-06-28 17:07:13 - [MESSAGE][PASSED] - Delayed 1 second(s)

2019-06-28 17:07:13 - [TEST_STEP][PASSED] - click(findTestObject("OCS-MOBILE /Age gate and burger menu/Burger menu - English"), CONTINUE_ON_FAILURE): Object: 'Object Repository/OCS-MOBILE /Age gate and burger menu/Burger menu - English' is clicked on

2019-06-28 17:07:13 - [MESSAGE][PASSED] - Object: 'Object Repository/OCS-MOBILE /Age gate and burger menu/Burger menu - English' is clicked on

2019-06-28 17:07:13 - [TEST_STEP][PASSED] - delay(2, CONTINUE_ON_FAILURE): Delayed 2 second(s)

2019-06-28 17:07:15 - [MESSAGE][PASSED] - Delayed 2 second(s)

2019-06-28 17:07:15 - [TEST_STEP][PASSED] - click(findTestObject("OCS-MOBILE /Accessories page/accessories chevron"), CONTINUE_ON_FAILURE): Object: 'Object Repository/OCS-MOBILE /Accessories page/accessories chevron' is clicked on

2019-06-28 17:07:15 - [MESSAGE][PASSED] - Object: 'Object Repository/OCS-MOBILE /Accessories page/accessories chevron' is clicked on

2019-06-28 17:07:15 - [TEST_STEP][PASSED] - delay(1, CONTINUE_ON_FAILURE): Delayed 1 second(s)

2019-06-28 17:07:16 - [MESSAGE][PASSED] - Delayed 1 second(s)

2019-06-28 17:07:16 - [TEST_STEP][PASSED] - click(findTestObject("OCS-MOBILE /Accessories page/Trays"), CONTINUE_ON_FAILURE): Object: 'Object Repository/OCS-MOBILE /Accessories page/Trays' is clicked on

2019-06-28 17:07:17 - [MESSAGE][PASSED] - Object: 'Object Repository/OCS-MOBILE /Accessories page/Trays' is clicked on

2019-06-28 17:07:17 - [TEST_STEP][PASSED] - delay(1, CONTINUE_ON_FAILURE): Delayed 1 second(s)

2019-06-28 17:07:18 - [MESSAGE][PASSED] - Delayed 1 second(s)

2019-06-28 17:07:18 - [TEST_STEP][PASSED] - a14 = getWindowTitle(CONTINUE_ON_FAILURE): Current window's title is: 'Trays | Ontario Cannabis Store'

2019-06-28 17:07:18 - [MESSAGE][PASSED] - Current window's title is: 'Trays | Ontario Cannabis Store'

2019-06-28 17:07:18 - [TEST_STEP][PASSED] - comment(a14): Trays | Ontario Cannabis Store

2019-06-28 17:07:18 - [MESSAGE][INFO] - Trays | Ontario Cannabis Store

2019-06-28 17:07:18 - [TEST_STEP][PASSED] - b14 = "Trays | Ontario Cannabis Store": null

2019-06-28 17:07:18 - [TEST_STEP][PASSED] - comment(b14): Trays | Ontario Cannabis Store

2019-06-28 17:07:18 - [MESSAGE][INFO] - Trays | Ontario Cannabis Store

2019-06-28 17:07:18 - [TEST_STEP][PASSED] - if (a14 == b14): correct window page 

2019-06-28 17:07:18 - [TEST_STEP][PASSED] - comment("correct window page "): correct window page 

2019-06-28 17:07:18 - [MESSAGE][INFO] - correct window page 

2019-06-28 17:07:18 - [TEST_STEP][PASSED] - delay(1, CONTINUE_ON_FAILURE): Delayed 1 second(s)

2019-06-28 17:07:19 - [MESSAGE][PASSED] - Delayed 1 second(s)

2019-06-28 17:07:19 - [TEST_STEP][PASSED] - click(findTestObject("OCS-MOBILE /Age gate and burger menu/Burger menu - English"), CONTINUE_ON_FAILURE): Object: 'Object Repository/OCS-MOBILE /Age gate and burger menu/Burger menu - English' is clicked on

2019-06-28 17:07:19 - [MESSAGE][PASSED] - Object: 'Object Repository/OCS-MOBILE /Age gate and burger menu/Burger menu - English' is clicked on

2019-06-28 17:07:19 - [TEST_STEP][PASSED] - delay(2, CONTINUE_ON_FAILURE): Delayed 2 second(s)

2019-06-28 17:07:21 - [MESSAGE][PASSED] - Delayed 2 second(s)

2019-06-28 17:07:21 - [TEST_STEP][PASSED] - click(findTestObject("OCS-MOBILE /Accessories page/accessories chevron"), CONTINUE_ON_FAILURE): Object: 'Object Repository/OCS-MOBILE /Accessories page/accessories chevron' is clicked on

2019-06-28 17:07:22 - [MESSAGE][PASSED] - Object: 'Object Repository/OCS-MOBILE /Accessories page/accessories chevron' is clicked on

2019-06-28 17:07:22 - [TEST_STEP][PASSED] - delay(1, CONTINUE_ON_FAILURE): Delayed 1 second(s)

2019-06-28 17:07:23 - [MESSAGE][PASSED] - Delayed 1 second(s)

2019-06-28 17:07:23 - [TEST_STEP][PASSED] - click(findTestObject("OCS-MOBILE /Accessories page/Infusers"), CONTINUE_ON_FAILURE): Object: 'Object Repository/OCS-MOBILE /Accessories page/Infusers' is clicked on

2019-06-28 17:07:24 - [MESSAGE][PASSED] - Object: 'Object Repository/OCS-MOBILE /Accessories page/Infusers' is clicked on

2019-06-28 17:07:24 - [TEST_STEP][PASSED] - delay(1, CONTINUE_ON_FAILURE): Delayed 1 second(s)

2019-06-28 17:07:25 - [MESSAGE][PASSED] - Delayed 1 second(s)

2019-06-28 17:07:25 - [TEST_STEP][PASSED] - a15 = getWindowTitle(CONTINUE_ON_FAILURE): Current window's title is: 'Infusers | Ontario Cannabis Store'

2019-06-28 17:07:25 - [MESSAGE][PASSED] - Current window's title is: 'Infusers | Ontario Cannabis Store'

2019-06-28 17:07:25 - [TEST_STEP][PASSED] - comment(a15): Infusers | Ontario Cannabis Store

2019-06-28 17:07:25 - [MESSAGE][INFO] - Infusers | Ontario Cannabis Store

2019-06-28 17:07:25 - [TEST_STEP][PASSED] - b15 = "Infusers | Ontario Cannabis Store": null

2019-06-28 17:07:25 - [TEST_STEP][PASSED] - comment(b15): Infusers | Ontario Cannabis Store

2019-06-28 17:07:25 - [MESSAGE][INFO] - Infusers | Ontario Cannabis Store

2019-06-28 17:07:25 - [TEST_STEP][PASSED] - if (a15 == b15): correct window page 

2019-06-28 17:07:25 - [TEST_STEP][PASSED] - comment("correct window page "): correct window page 

2019-06-28 17:07:25 - [MESSAGE][INFO] - correct window page 

2019-06-28 17:07:25 - [TEST_STEP][PASSED] - delay(1, CONTINUE_ON_FAILURE): Delayed 1 second(s)

2019-06-28 17:07:26 - [MESSAGE][PASSED] - Delayed 1 second(s)

2019-06-28 17:07:26 - [TEST_STEP][PASSED] - click(findTestObject("OCS-MOBILE /Age gate and burger menu/Burger menu - English"), CONTINUE_ON_FAILURE): Object: 'Object Repository/OCS-MOBILE /Age gate and burger menu/Burger menu - English' is clicked on

2019-06-28 17:07:26 - [MESSAGE][PASSED] - Object: 'Object Repository/OCS-MOBILE /Age gate and burger menu/Burger menu - English' is clicked on

2019-06-28 17:07:26 - [TEST_STEP][PASSED] - delay(2, CONTINUE_ON_FAILURE): Delayed 2 second(s)

2019-06-28 17:07:28 - [MESSAGE][PASSED] - Delayed 2 second(s)

2019-06-28 17:07:28 - [TEST_STEP][PASSED] - click(findTestObject("OCS-MOBILE /Accessories page/accessories chevron"), CONTINUE_ON_FAILURE): Object: 'Object Repository/OCS-MOBILE /Accessories page/accessories chevron' is clicked on

2019-06-28 17:07:28 - [MESSAGE][PASSED] - Object: 'Object Repository/OCS-MOBILE /Accessories page/accessories chevron' is clicked on

2019-06-28 17:07:28 - [TEST_STEP][PASSED] - delay(1, CONTINUE_ON_FAILURE): Delayed 1 second(s)

2019-06-28 17:07:29 - [MESSAGE][PASSED] - Delayed 1 second(s)

2019-06-28 17:07:29 - [TEST_STEP][NOT_RUN] - executeJavaScript("var previewBar = document.getElementById("preview-bar-iframe"); previewBar.style.display = "none";", []): NOT_RUN: executeJavaScript("var previewBar = document.getElementById("preview-bar-iframe"); previewBar.style.display = "none";", [])

2019-06-28 17:07:29 - [MESSAGE][NOT_RUN] - NOT_RUN: executeJavaScript("var previewBar = document.getElementById("preview-bar-iframe"); previewBar.style.display = "none";", [])

2019-06-28 17:07:29 - [TEST_STEP][PASSED] - delay(1, CONTINUE_ON_FAILURE): Delayed 1 second(s)

2019-06-28 17:07:30 - [MESSAGE][PASSED] - Delayed 1 second(s)

2019-06-28 17:07:30 - [TEST_STEP][PASSED] - click(findTestObject("OCS-MOBILE /Accessories page/new accessories")): Object: 'Object Repository/OCS-MOBILE /Accessories page/new accessories' is clicked on

2019-06-28 17:07:32 - [MESSAGE][PASSED] - Object: 'Object Repository/OCS-MOBILE /Accessories page/new accessories' is clicked on

2019-06-28 17:07:32 - [TEST_STEP][PASSED] - delay(1, OPTIONAL): Delayed 1 second(s)

2019-06-28 17:07:33 - [MESSAGE][PASSED] - Delayed 1 second(s)

2019-06-28 17:07:33 - [TEST_STEP][PASSED] - click(findTestObject("OCS-MOBILE /Age gate and burger menu/Burger menu - English"), CONTINUE_ON_FAILURE): Object: 'Object Repository/OCS-MOBILE /Age gate and burger menu/Burger menu - English' is clicked on

2019-06-28 17:07:33 - [MESSAGE][PASSED] - Object: 'Object Repository/OCS-MOBILE /Age gate and burger menu/Burger menu - English' is clicked on

2019-06-28 17:07:33 - [TEST_STEP][PASSED] - delay(2, CONTINUE_ON_FAILURE): Delayed 2 second(s)

2019-06-28 17:07:35 - [MESSAGE][PASSED] - Delayed 2 second(s)

2019-06-28 17:07:35 - [TEST_STEP][PASSED] - click(findTestObject("OCS-MOBILE /Accessories page/accessories chevron"), CONTINUE_ON_FAILURE): Object: 'Object Repository/OCS-MOBILE /Accessories page/accessories chevron' is clicked on

2019-06-28 17:07:35 - [MESSAGE][PASSED] - Object: 'Object Repository/OCS-MOBILE /Accessories page/accessories chevron' is clicked on

2019-06-28 17:07:35 - [TEST_STEP][PASSED] - delay(1, CONTINUE_ON_FAILURE): Delayed 1 second(s)

2019-06-28 17:07:36 - [MESSAGE][PASSED] - Delayed 1 second(s)

2019-06-28 17:07:36 - [TEST_STEP][NOT_RUN] - executeJavaScript("var previewBar = document.getElementById("preview-bar-iframe"); previewBar.style.display = "none";", []): NOT_RUN: executeJavaScript("var previewBar = document.getElementById("preview-bar-iframe"); previewBar.style.display = "none";", [])

2019-06-28 17:07:36 - [MESSAGE][NOT_RUN] - NOT_RUN: executeJavaScript("var previewBar = document.getElementById("preview-bar-iframe"); previewBar.style.display = "none";", [])

2019-06-28 17:07:36 - [TEST_STEP][PASSED] - click(findTestObject("OCS-MOBILE /Accessories page/Travel storage")): Object: 'Object Repository/OCS-MOBILE /Accessories page/Travel storage' is clicked on

2019-06-28 17:07:36 - [MESSAGE][PASSED] - Object: 'Object Repository/OCS-MOBILE /Accessories page/Travel storage' is clicked on

2019-06-28 17:07:36 - [TEST_STEP][PASSED] - delay(1, CONTINUE_ON_FAILURE): Delayed 1 second(s)

2019-06-28 17:07:37 - [MESSAGE][PASSED] - Delayed 1 second(s)

2019-06-28 17:07:37 - [TEST_STEP][FAILED] - click(findTestObject("OCS-MOBILE /Age gate and burger menu/Burger menu - English"), CONTINUE_ON_FAILURE): Unable to click on object 'Object Repository/OCS-MOBILE /Age gate and burger menu/Burger menu - English' (Root cause: org.openqa.selenium.WebDriverException: 
Build info: version: '3.7.1', revision: '8a0099a', time: '2017-11-06T21:07:36.161Z'
System info: host: 'sumans-MacBook-Pro.local', ip: 'fe80:0:0:0:14f6:8d5f:4e59:4e6f%en0', os.name: 'Mac OS X', os.arch: 'x86_64', os.version: '10.13.6', java.version: '1.8.0_181'
Driver info: com.kms.katalon.selenium.driver.CSafariDriver
Capabilities {acceptInsecureCerts: false, browserName: Safari, browserVersion: 12.1, javascriptEnabled: true, platform: MAC, platformName: MAC, safari:automaticInspection: false, safari:automaticProfiling: false, safari:diagnose: false, setWindowRect: true, strictFileInteractability: false, webkit:WebRTC: {DisableICECandidateFiltering: false, DisableInsecureMediaCapture: false}}
Session ID: 5C4A564D-9D92-481D-B716-DDE4737BD828)

2019-06-28 17:07:37 - [MESSAGE][FAILED] - Unable to click on object 'Object Repository/OCS-MOBILE /Age gate and burger menu/Burger menu - English' (Root cause: org.openqa.selenium.WebDriverException: 
Build info: version: '3.7.1', revision: '8a0099a', time: '2017-11-06T21:07:36.161Z'
System info: host: 'sumans-MacBook-Pro.local', ip: 'fe80:0:0:0:14f6:8d5f:4e59:4e6f%en0', os.name: 'Mac OS X', os.arch: 'x86_64', os.version: '10.13.6', java.version: '1.8.0_181'
Driver info: com.kms.katalon.selenium.driver.CSafariDriver
Capabilities {acceptInsecureCerts: false, browserName: Safari, browserVersion: 12.1, javascriptEnabled: true, platform: MAC, platformName: MAC, safari:automaticInspection: false, safari:automaticProfiling: false, safari:diagnose: false, setWindowRect: true, strictFileInteractability: false, webkit:WebRTC: {DisableICECandidateFiltering: false, DisableInsecureMediaCapture: false}}
Session ID: 5C4A564D-9D92-481D-B716-DDE4737BD828)
[[ATTACHMENT|/Users/sumankompelly/Relative xpath-Mobile/Reports/Live site/20190628_163954/1561756057898.png]]

2019-06-28 17:07:37 - [TEST_STEP][PASSED] - delay(2, CONTINUE_ON_FAILURE): Delayed 2 second(s)

2019-06-28 17:07:39 - [MESSAGE][PASSED] - Delayed 2 second(s)

2019-06-28 17:07:39 - [TEST_STEP][FAILED] - click(findTestObject("OCS-MOBILE /Accessories page/accessories chevron"), CONTINUE_ON_FAILURE): Unable to click on object 'Object Repository/OCS-MOBILE /Accessories page/accessories chevron' (Root cause: org.openqa.selenium.WebDriverException: 
Build info: version: '3.7.1', revision: '8a0099a', time: '2017-11-06T21:07:36.161Z'
System info: host: 'sumans-MacBook-Pro.local', ip: 'fe80:0:0:0:14f6:8d5f:4e59:4e6f%en0', os.name: 'Mac OS X', os.arch: 'x86_64', os.version: '10.13.6', java.version: '1.8.0_181'
Driver info: com.kms.katalon.selenium.driver.CSafariDriver
Capabilities {acceptInsecureCerts: false, browserName: Safari, browserVersion: 12.1, javascriptEnabled: true, platform: MAC, platformName: MAC, safari:automaticInspection: false, safari:automaticProfiling: false, safari:diagnose: false, setWindowRect: true, strictFileInteractability: false, webkit:WebRTC: {DisableICECandidateFiltering: false, DisableInsecureMediaCapture: false}}
Session ID: 5C4A564D-9D92-481D-B716-DDE4737BD828)

2019-06-28 17:07:40 - [MESSAGE][FAILED] - Unable to click on object 'Object Repository/OCS-MOBILE /Accessories page/accessories chevron' (Root cause: org.openqa.selenium.WebDriverException: 
Build info: version: '3.7.1', revision: '8a0099a', time: '2017-11-06T21:07:36.161Z'
System info: host: 'sumans-MacBook-Pro.local', ip: 'fe80:0:0:0:14f6:8d5f:4e59:4e6f%en0', os.name: 'Mac OS X', os.arch: 'x86_64', os.version: '10.13.6', java.version: '1.8.0_181'
Driver info: com.kms.katalon.selenium.driver.CSafariDriver
Capabilities {acceptInsecureCerts: false, browserName: Safari, browserVersion: 12.1, javascriptEnabled: true, platform: MAC, platformName: MAC, safari:automaticInspection: false, safari:automaticProfiling: false, safari:diagnose: false, setWindowRect: true, strictFileInteractability: false, webkit:WebRTC: {DisableICECandidateFiltering: false, DisableInsecureMediaCapture: false}}
Session ID: 5C4A564D-9D92-481D-B716-DDE4737BD828)
[[ATTACHMENT|/Users/sumankompelly/Relative xpath-Mobile/Reports/Live site/20190628_163954/1561756060005.png]]

2019-06-28 17:07:40 - [TEST_STEP][PASSED] - delay(1, OPTIONAL): Delayed 1 second(s)

2019-06-28 17:07:41 - [MESSAGE][PASSED] - Delayed 1 second(s)

2019-06-28 17:07:41 - [TEST_STEP][NOT_RUN] - executeJavaScript("var previewBar = document.getElementById("preview-bar-iframe"); previewBar.style.display = "none";", []): NOT_RUN: executeJavaScript("var previewBar = document.getElementById("preview-bar-iframe"); previewBar.style.display = "none";", [])

2019-06-28 17:07:41 - [MESSAGE][NOT_RUN] - NOT_RUN: executeJavaScript("var previewBar = document.getElementById("preview-bar-iframe"); previewBar.style.display = "none";", [])

2019-06-28 17:07:41 - [TEST_STEP][PASSED] - delay(2, CONTINUE_ON_FAILURE): Delayed 2 second(s)

2019-06-28 17:07:43 - [MESSAGE][PASSED] - Delayed 2 second(s)

2019-06-28 17:07:43 - [TEST_STEP][FAILED] - click(findTestObject("OCS-MOBILE /Accessories page/Shop all acessories")): click(findTestObject("OCS-MOBILE /Accessories page/Shop all acessories")) FAILED.
Reason:
com.kms.katalon.core.exception.StepFailedException: Unable to click on object 'Object Repository/OCS-MOBILE /Age gate and burger menu/Burger menu - English' (Root cause: org.openqa.selenium.WebDriverException: 
Build info: version: '3.7.1', revision: '8a0099a', time: '2017-11-06T21:07:36.161Z'
System info: host: 'sumans-MacBook-Pro.local', ip: 'fe80:0:0:0:14f6:8d5f:4e59:4e6f%en0', os.name: 'Mac OS X', os.arch: 'x86_64', os.version: '10.13.6', java.version: '1.8.0_181'
Driver info: com.kms.katalon.selenium.driver.CSafariDriver
Capabilities {acceptInsecureCerts: false, browserName: Safari, browserVersion: 12.1, javascriptEnabled: true, platform: MAC, platformName: MAC, safari:automaticInspection: false, safari:automaticProfiling: false, safari:diagnose: false, setWindowRect: true, strictFileInteractability: false, webkit:WebRTC: {DisableICECandidateFiltering: false, DisableInsecureMediaCapture: false}}
Session ID: 5C4A564D-9D92-481D-B716-DDE4737BD828)
	at com.kms.katalon.core.keyword.internal.KeywordMain.stepFailed(KeywordMain.groovy:32)
	at com.kms.katalon.core.webui.keyword.internal.WebUIKeywordMain.stepFailed(WebUIKeywordMain.groovy:65)
	at com.kms.katalon.core.webui.keyword.internal.WebUIKeywordMain.runKeyword(WebUIKeywordMain.groovy:27)
	at com.kms.katalon.core.webui.keyword.builtin.ClickKeyword.click(ClickKeyword.groovy:86)
	at com.kms.katalon.core.webui.keyword.builtin.ClickKeyword.execute(ClickKeyword.groovy:67)
	at com.kms.katalon.core.keyword.internal.KeywordExecutor.executeKeywordForPlatform(KeywordExecutor.groovy:53)
	at com.kms.katalon.core.webui.keyword.WebUiBuiltInKeywords.click(WebUiBuiltInKeywords.groovy:604)
	at com.kms.katalon.core.webui.keyword.WebUiBuiltInKeywords$click$6.call(Unknown Source)
	at HP-Burger menu-Accessories.run(HP-Burger menu-Accessories:333)
	at com.kms.katalon.core.main.ScriptEngine.run(ScriptEngine.java:194)
	at com.kms.katalon.core.main.ScriptEngine.runScriptAsRawText(ScriptEngine.java:119)
	at com.kms.katalon.core.main.TestCaseExecutor.runScript(TestCaseExecutor.java:328)
	at com.kms.katalon.core.main.TestCaseExecutor.doExecute(TestCaseExecutor.java:319)
	at com.kms.katalon.core.main.TestCaseExecutor.processExecutionPhase(TestCaseExecutor.java:298)
	at com.kms.katalon.core.main.TestCaseExecutor.accessMainPhase(TestCaseExecutor.java:290)
	at com.kms.katalon.core.main.TestCaseExecutor.execute(TestCaseExecutor.java:224)
	at com.kms.katalon.core.main.TestSuiteExecutor.accessTestCaseMainPhase(TestSuiteExecutor.java:129)
	at com.kms.katalon.core.main.TestSuiteExecutor.accessTestSuiteMainPhase(TestSuiteExecutor.java:112)
	at com.kms.katalon.core.main.TestSuiteExecutor.execute(TestSuiteExecutor.java:81)
	at com.kms.katalon.core.main.TestCaseMain.startTestSuite(TestCaseMain.java:149)
	at com.kms.katalon.core.main.TestCaseMain$startTestSuite$0.call(Unknown Source)
	at TempTestSuite1561754394056.run(TempTestSuite1561754394056.groovy:36)


2019-06-28 17:07:43 - [MESSAGE][FAILED] - Unable to click on object 'Object Repository/OCS-MOBILE /Accessories page/Shop all acessories' (Root cause: org.openqa.selenium.ElementNotInteractableException: 
Build info: version: '3.7.1', revision: '8a0099a', time: '2017-11-06T21:07:36.161Z'
System info: host: 'sumans-MacBook-Pro.local', ip: 'fe80:0:0:0:14f6:8d5f:4e59:4e6f%en0', os.name: 'Mac OS X', os.arch: 'x86_64', os.version: '10.13.6', java.version: '1.8.0_181'
Driver info: com.kms.katalon.selenium.driver.CSafariDriver
Capabilities {acceptInsecureCerts: false, browserName: Safari, browserVersion: 12.1, javascriptEnabled: true, platform: MAC, platformName: MAC, safari:automaticInspection: false, safari:automaticProfiling: false, safari:diagnose: false, setWindowRect: true, strictFileInteractability: false, webkit:WebRTC: {DisableICECandidateFiltering: false, DisableInsecureMediaCapture: false}}
Session ID: 5C4A564D-9D92-481D-B716-DDE4737BD828)
[[ATTACHMENT|/Users/sumankompelly/Relative xpath-Mobile/Reports/Live site/20190628_163954/1561756063147.png]]

2019-06-28 17:07:43 - [MESSAGE][FAILED] - click(findTestObject("OCS-MOBILE /Accessories page/Shop all acessories")) FAILED.
Reason:
com.kms.katalon.core.exception.StepFailedException: Unable to click on object 'Object Repository/OCS-MOBILE /Age gate and burger menu/Burger menu - English' (Root cause: org.openqa.selenium.WebDriverException: 
Build info: version: '3.7.1', revision: '8a0099a', time: '2017-11-06T21:07:36.161Z'
System info: host: 'sumans-MacBook-Pro.local', ip: 'fe80:0:0:0:14f6:8d5f:4e59:4e6f%en0', os.name: 'Mac OS X', os.arch: 'x86_64', os.version: '10.13.6', java.version: '1.8.0_181'
Driver info: com.kms.katalon.selenium.driver.CSafariDriver
Capabilities {acceptInsecureCerts: false, browserName: Safari, browserVersion: 12.1, javascriptEnabled: true, platform: MAC, platformName: MAC, safari:automaticInspection: false, safari:automaticProfiling: false, safari:diagnose: false, setWindowRect: true, strictFileInteractability: false, webkit:WebRTC: {DisableICECandidateFiltering: false, DisableInsecureMediaCapture: false}}
Session ID: 5C4A564D-9D92-481D-B716-DDE4737BD828)
	at com.kms.katalon.core.keyword.internal.KeywordMain.stepFailed(KeywordMain.groovy:32)
	at com.kms.katalon.core.webui.keyword.internal.WebUIKeywordMain.stepFailed(WebUIKeywordMain.groovy:65)
	at com.kms.katalon.core.webui.keyword.internal.WebUIKeywordMain.runKeyword(WebUIKeywordMain.groovy:27)
	at com.kms.katalon.core.webui.keyword.builtin.ClickKeyword.click(ClickKeyword.groovy:86)
	at com.kms.katalon.core.webui.keyword.builtin.ClickKeyword.execute(ClickKeyword.groovy:67)
	at com.kms.katalon.core.keyword.internal.KeywordExecutor.executeKeywordForPlatform(KeywordExecutor.groovy:53)
	at com.kms.katalon.core.webui.keyword.WebUiBuiltInKeywords.click(WebUiBuiltInKeywords.groovy:604)
	at com.kms.katalon.core.webui.keyword.WebUiBuiltInKeywords$click$6.call(Unknown Source)
	at HP-Burger menu-Accessories.run(HP-Burger menu-Accessories:333)
	at com.kms.katalon.core.main.ScriptEngine.run(ScriptEngine.java:194)
	at com.kms.katalon.core.main.ScriptEngine.runScriptAsRawText(ScriptEngine.java:119)
	at com.kms.katalon.core.main.TestCaseExecutor.runScript(TestCaseExecutor.java:328)
	at com.kms.katalon.core.main.TestCaseExecutor.doExecute(TestCaseExecutor.java:319)
	at com.kms.katalon.core.main.TestCaseExecutor.processExecutionPhase(TestCaseExecutor.java:298)
	at com.kms.katalon.core.main.TestCaseExecutor.accessMainPhase(TestCaseExecutor.java:290)
	at com.kms.katalon.core.main.TestCaseExecutor.execute(TestCaseExecutor.java:224)
	at com.kms.katalon.core.main.TestSuiteExecutor.accessTestCaseMainPhase(TestSuiteExecutor.java:129)
	at com.kms.katalon.core.main.TestSuiteExecutor.accessTestSuiteMainPhase(TestSuiteExecutor.java:112)
	at com.kms.katalon.core.main.TestSuiteExecutor.execute(TestSuiteExecutor.java:81)
	at com.kms.katalon.core.main.TestCaseMain.startTestSuite(TestCaseMain.java:149)
	at com.kms.katalon.core.main.TestCaseMain$startTestSuite$0.call(Unknown Source)
	at TempTestSuite1561754394056.run(TempTestSuite1561754394056.groovy:36)]]></system-out>
         <system-err><![CDATA[2019-06-28 17:06:02 - [TEST_CASE][FAILED] - Test Cases/OCS - MOBILE/OCS- HOME PAGE/HP-Burger menu-Accessories: Test Cases/OCS - MOBILE/OCS- HOME PAGE/HP-Burger menu-Accessories FAILED.
Reason:
com.kms.katalon.core.exception.StepFailedException: Unable to click on object 'Object Repository/OCS-MOBILE /Age gate and burger menu/Burger menu - English' (Root cause: org.openqa.selenium.WebDriverException: 
Build info: version: '3.7.1', revision: '8a0099a', time: '2017-11-06T21:07:36.161Z'
System info: host: 'sumans-MacBook-Pro.local', ip: 'fe80:0:0:0:14f6:8d5f:4e59:4e6f%en0', os.name: 'Mac OS X', os.arch: 'x86_64', os.version: '10.13.6', java.version: '1.8.0_181'
Driver info: com.kms.katalon.selenium.driver.CSafariDriver
Capabilities {acceptInsecureCerts: false, browserName: Safari, browserVersion: 12.1, javascriptEnabled: true, platform: MAC, platformName: MAC, safari:automaticInspection: false, safari:automaticProfiling: false, safari:diagnose: false, setWindowRect: true, strictFileInteractability: false, webkit:WebRTC: {DisableICECandidateFiltering: false, DisableInsecureMediaCapture: false}}
Session ID: 5C4A564D-9D92-481D-B716-DDE4737BD828)
	at com.kms.katalon.core.keyword.internal.KeywordMain.stepFailed(KeywordMain.groovy:32)
	at com.kms.katalon.core.webui.keyword.internal.WebUIKeywordMain.stepFailed(WebUIKeywordMain.groovy:65)
	at com.kms.katalon.core.webui.keyword.internal.WebUIKeywordMain.runKeyword(WebUIKeywordMain.groovy:27)
	at com.kms.katalon.core.webui.keyword.builtin.ClickKeyword.click(ClickKeyword.groovy:86)
	at com.kms.katalon.core.webui.keyword.builtin.ClickKeyword.execute(ClickKeyword.groovy:67)
	at com.kms.katalon.core.keyword.internal.KeywordExecutor.executeKeywordForPlatform(KeywordExecutor.groovy:53)
	at com.kms.katalon.core.webui.keyword.WebUiBuiltInKeywords.click(WebUiBuiltInKeywords.groovy:604)
	at com.kms.katalon.core.webui.keyword.WebUiBuiltInKeywords$click$6.call(Unknown Source)
	at HP-Burger menu-Accessories.run(HP-Burger menu-Accessories:333)
	at com.kms.katalon.core.main.ScriptEngine.run(ScriptEngine.java:194)
	at com.kms.katalon.core.main.ScriptEngine.runScriptAsRawText(ScriptEngine.java:119)
	at com.kms.katalon.core.main.TestCaseExecutor.runScript(TestCaseExecutor.java:328)
	at com.kms.katalon.core.main.TestCaseExecutor.doExecute(TestCaseExecutor.java:319)
	at com.kms.katalon.core.main.TestCaseExecutor.processExecutionPhase(TestCaseExecutor.java:298)
	at com.kms.katalon.core.main.TestCaseExecutor.accessMainPhase(TestCaseExecutor.java:290)
	at com.kms.katalon.core.main.TestCaseExecutor.execute(TestCaseExecutor.java:224)
	at com.kms.katalon.core.main.TestSuiteExecutor.accessTestCaseMainPhase(TestSuiteExecutor.java:129)
	at com.kms.katalon.core.main.TestSuiteExecutor.accessTestSuiteMainPhase(TestSuiteExecutor.java:112)
	at com.kms.katalon.core.main.TestSuiteExecutor.execute(TestSuiteExecutor.java:81)
	at com.kms.katalon.core.main.TestCaseMain.startTestSuite(TestCaseMain.java:149)
	at com.kms.katalon.core.main.TestCaseMain$startTestSuite$0.call(Unknown Source)
	at TempTestSuite1561754394056.run(TempTestSuite1561754394056.groovy:36)]]></system-err>
      </testcase>
      <testcase name="Test Cases/OCS - MOBILE/OCS- HOME PAGE/Announcement" classname="Test Cases/OCS - MOBILE/OCS- HOME PAGE/Announcement" status="FAILED">
         <failure type="FAILED" message="Test Cases/OCS - MOBILE/OCS- HOME PAGE/Announcement FAILED.
Reason:
com.kms.katalon.core.exception.StepFailedException: Text 'Due to holiday closures within the Canada Post network for Victoria Day, please expect some order delivery delays.' is not present on page 
	at com.kms.katalon.core.keyword.internal.KeywordMain.stepFailed(KeywordMain.groovy:32)
	at com.kms.katalon.core.webui.keyword.internal.WebUIKeywordMain.stepFailed(WebUIKeywordMain.groovy:65)
	at com.kms.katalon.core.webui.keyword.builtin.VerifyTextPresentKeyword$_verifyTextPresent_closure1.doCall(VerifyTextPresentKeyword.groovy:79)
	at com.kms.katalon.core.webui.keyword.builtin.VerifyTextPresentKeyword$_verifyTextPresent_closure1.call(VerifyTextPresentKeyword.groovy)
	at com.kms.katalon.core.webui.keyword.internal.WebUIKeywordMain.runKeyword(WebUIKeywordMain.groovy:21)
	at com.kms.katalon.core.webui.keyword.builtin.VerifyTextPresentKeyword.verifyTextPresent(VerifyTextPresentKeyword.groovy:83)
	at com.kms.katalon.core.webui.keyword.builtin.VerifyTextPresentKeyword.execute(VerifyTextPresentKeyword.groovy:68)
	at com.kms.katalon.core.keyword.internal.KeywordExecutor.executeKeywordForPlatform(KeywordExecutor.groovy:53)
	at com.kms.katalon.core.webui.keyword.WebUiBuiltInKeywords.verifyTextPresent(WebUiBuiltInKeywords.groovy:1677)
	at com.kms.katalon.core.webui.keyword.WebUiBuiltInKeywords$verifyTextPresent$17.call(Unknown Source)
	at Announcement.run(Announcement:18)
	at com.kms.katalon.core.main.ScriptEngine.run(ScriptEngine.java:194)
	at com.kms.katalon.core.main.ScriptEngine.runScriptAsRawText(ScriptEngine.java:119)
	at com.kms.katalon.core.main.TestCaseExecutor.runScript(TestCaseExecutor.java:328)
	at com.kms.katalon.core.main.TestCaseExecutor.doExecute(TestCaseExecutor.java:319)
	at com.kms.katalon.core.main.TestCaseExecutor.processExecutionPhase(TestCaseExecutor.java:298)
	at com.kms.katalon.core.main.TestCaseExecutor.accessMainPhase(TestCaseExecutor.java:290)
	at com.kms.katalon.core.main.TestCaseExecutor.execute(TestCaseExecutor.java:224)
	at com.kms.katalon.core.main.TestSuiteExecutor.accessTestCaseMainPhase(TestSuiteExecutor.java:129)
	at com.kms.katalon.core.main.TestSuiteExecutor.accessTestSuiteMainPhase(TestSuiteExecutor.java:112)
	at com.kms.katalon.core.main.TestSuiteExecutor.execute(TestSuiteExecutor.java:81)
	at com.kms.katalon.core.main.TestCaseMain.startTestSuite(TestCaseMain.java:149)
	at com.kms.katalon.core.main.TestCaseMain$startTestSuite$0.call(Unknown Source)
	at TempTestSuite1561754394056.run(TempTestSuite1561754394056.groovy:36)
"/>
         <system-out><![CDATA[2019-06-28 17:07:43 - [TEST_CASE][FAILED] - Test Cases/OCS - MOBILE/OCS- HOME PAGE/Announcement: Test Cases/OCS - MOBILE/OCS- HOME PAGE/Announcement FAILED.
Reason:
com.kms.katalon.core.exception.StepFailedException: Text 'Due to holiday closures within the Canada Post network for Victoria Day, please expect some order delivery delays.' is not present on page 
	at com.kms.katalon.core.keyword.internal.KeywordMain.stepFailed(KeywordMain.groovy:32)
	at com.kms.katalon.core.webui.keyword.internal.WebUIKeywordMain.stepFailed(WebUIKeywordMain.groovy:65)
	at com.kms.katalon.core.webui.keyword.builtin.VerifyTextPresentKeyword$_verifyTextPresent_closure1.doCall(VerifyTextPresentKeyword.groovy:79)
	at com.kms.katalon.core.webui.keyword.builtin.VerifyTextPresentKeyword$_verifyTextPresent_closure1.call(VerifyTextPresentKeyword.groovy)
	at com.kms.katalon.core.webui.keyword.internal.WebUIKeywordMain.runKeyword(WebUIKeywordMain.groovy:21)
	at com.kms.katalon.core.webui.keyword.builtin.VerifyTextPresentKeyword.verifyTextPresent(VerifyTextPresentKeyword.groovy:83)
	at com.kms.katalon.core.webui.keyword.builtin.VerifyTextPresentKeyword.execute(VerifyTextPresentKeyword.groovy:68)
	at com.kms.katalon.core.keyword.internal.KeywordExecutor.executeKeywordForPlatform(KeywordExecutor.groovy:53)
	at com.kms.katalon.core.webui.keyword.WebUiBuiltInKeywords.verifyTextPresent(WebUiBuiltInKeywords.groovy:1677)
	at com.kms.katalon.core.webui.keyword.WebUiBuiltInKeywords$verifyTextPresent$17.call(Unknown Source)
	at Announcement.run(Announcement:18)
	at com.kms.katalon.core.main.ScriptEngine.run(ScriptEngine.java:194)
	at com.kms.katalon.core.main.ScriptEngine.runScriptAsRawText(ScriptEngine.java:119)
	at com.kms.katalon.core.main.TestCaseExecutor.runScript(TestCaseExecutor.java:328)
	at com.kms.katalon.core.main.TestCaseExecutor.doExecute(TestCaseExecutor.java:319)
	at com.kms.katalon.core.main.TestCaseExecutor.processExecutionPhase(TestCaseExecutor.java:298)
	at com.kms.katalon.core.main.TestCaseExecutor.accessMainPhase(TestCaseExecutor.java:290)
	at com.kms.katalon.core.main.TestCaseExecutor.execute(TestCaseExecutor.java:224)
	at com.kms.katalon.core.main.TestSuiteExecutor.accessTestCaseMainPhase(TestSuiteExecutor.java:129)
	at com.kms.katalon.core.main.TestSuiteExecutor.accessTestSuiteMainPhase(TestSuiteExecutor.java:112)
	at com.kms.katalon.core.main.TestSuiteExecutor.execute(TestSuiteExecutor.java:81)
	at com.kms.katalon.core.main.TestCaseMain.startTestSuite(TestCaseMain.java:149)
	at com.kms.katalon.core.main.TestCaseMain$startTestSuite$0.call(Unknown Source)
	at TempTestSuite1561754394056.run(TempTestSuite1561754394056.groovy:36)


2019-06-28 17:07:43 - [TEST_STEP][PASSED] - callTestCase(findTestCase("OCS - MOBILE/CALL - AGE GATE"), [:], STOP_ON_FAILURE): Call Test Case 'Test Cases/OCS - MOBILE/CALL - AGE GATE' successfully

2019-06-28 17:07:43 - [TEST_CASE][PASSED] - Test Cases/OCS - MOBILE/CALL - AGE GATE: Test Cases/OCS - MOBILE/CALL - AGE GATE

2019-06-28 17:07:43 - [TEST_STEP][PASSED] - openBrowser(""): Browser is opened with url: ''

2019-06-28 17:07:43 - [MESSAGE][WARNING] - A browser is already opened. Closing browser and opening a new one

2019-06-28 17:07:43 - [MESSAGE][INFO] - Starting 'Safari' driver

2019-06-28 17:07:44 - [MESSAGE][PASSED] - Browser is opened with url: ''

2019-06-28 17:07:44 - [TEST_STEP][PASSED] - navigateToUrl("ocs.ca"): Navigate to 'http://ocs.ca' successfully

2019-06-28 17:07:45 - [MESSAGE][PASSED] - Navigate to 'http://ocs.ca' successfully

2019-06-28 17:07:45 - [TEST_STEP][NOT_RUN] - executeJavaScript("var previewBar = document.getElementById("preview-bar-iframe"); previewBar.style.display = "none";", []): NOT_RUN: executeJavaScript("var previewBar = document.getElementById("preview-bar-iframe"); previewBar.style.display = "none";", [])

2019-06-28 17:07:45 - [MESSAGE][NOT_RUN] - NOT_RUN: executeJavaScript("var previewBar = document.getElementById("preview-bar-iframe"); previewBar.style.display = "none";", [])

2019-06-28 17:07:45 - [TEST_STEP][PASSED] - setViewPortSize(360, 800): Viewport is set to new size with width = 360 and height = 800

2019-06-28 17:07:46 - [MESSAGE][PASSED] - Viewport is set to new size with width = 360 and height = 800

2019-06-28 17:07:46 - [TEST_STEP][PASSED] - delay(4): Delayed 4 second(s)

2019-06-28 17:07:50 - [MESSAGE][PASSED] - Delayed 4 second(s)

2019-06-28 17:07:50 - [TEST_STEP][PASSED] - selectOptionByValue(findTestObject("OCS-MOBILE /Age gate and burger menu/Date"), "12", true): All options with value '12' are selected in object 'Object Repository/OCS-MOBILE /Age gate and burger menu/Date'  using regular expression

2019-06-28 17:07:51 - [MESSAGE][PASSED] - All options with value '12' are selected in object 'Object Repository/OCS-MOBILE /Age gate and burger menu/Date'  using regular expression

2019-06-28 17:07:51 - [TEST_STEP][PASSED] - selectOptionByValue(findTestObject("OCS-MOBILE /Age gate and burger menu/month"), "6", true): All options with value '6' are selected in object 'Object Repository/OCS-MOBILE /Age gate and burger menu/month'  using regular expression

2019-06-28 17:07:51 - [MESSAGE][PASSED] - All options with value '6' are selected in object 'Object Repository/OCS-MOBILE /Age gate and burger menu/month'  using regular expression

2019-06-28 17:07:51 - [TEST_STEP][PASSED] - delay(2): Delayed 2 second(s)

2019-06-28 17:07:53 - [MESSAGE][PASSED] - Delayed 2 second(s)

2019-06-28 17:07:53 - [TEST_STEP][PASSED] - selectOptionByValue(findTestObject("OCS-MOBILE /Age gate and burger menu/Year Dropdown"), "1990", true): All options with value '1990' are selected in object 'Object Repository/OCS-MOBILE /Age gate and burger menu/Year Dropdown'  using regular expression

2019-06-28 17:07:56 - [MESSAGE][PASSED] - All options with value '1990' are selected in object 'Object Repository/OCS-MOBILE /Age gate and burger menu/Year Dropdown'  using regular expression

2019-06-28 17:07:56 - [TEST_STEP][PASSED] - click(findTestObject("OCS-MOBILE /Age gate and Mega menu/button_Verify")): Object: 'Object Repository/OCS-MOBILE /Age gate and Mega menu/button_Verify' is clicked on

2019-06-28 17:07:56 - [MESSAGE][PASSED] - Object: 'Object Repository/OCS-MOBILE /Age gate and Mega menu/button_Verify' is clicked on

2019-06-28 17:07:56 - [TEST_STEP][PASSED] - click(findTestObject("OCS-MOBILE /Age gate and Mega menu/Checkbox_CONFIRM AND ACKNOWLEDGE")): Object: 'Object Repository/OCS-MOBILE /Age gate and Mega menu/Checkbox_CONFIRM AND ACKNOWLEDGE' is clicked on

2019-06-28 17:07:56 - [MESSAGE][PASSED] - Object: 'Object Repository/OCS-MOBILE /Age gate and Mega menu/Checkbox_CONFIRM AND ACKNOWLEDGE' is clicked on

2019-06-28 17:07:56 - [TEST_STEP][PASSED] - click(findTestObject("OCS-MOBILE /Age gate and Mega menu/button_CONFIRM")): Object: 'Object Repository/OCS-MOBILE /Age gate and Mega menu/button_CONFIRM' is clicked on

2019-06-28 17:07:56 - [MESSAGE][PASSED] - Object: 'Object Repository/OCS-MOBILE /Age gate and Mega menu/button_CONFIRM' is clicked on

2019-06-28 17:07:56 - [TEST_STEP][PASSED] - click(findTestObject("OCS-MOBILE /Age gate and Mega menu/button_Start Browsing")): Object: 'Object Repository/OCS-MOBILE /Age gate and Mega menu/button_Start Browsing' is clicked on

2019-06-28 17:07:56 - [MESSAGE][PASSED] - Object: 'Object Repository/OCS-MOBILE /Age gate and Mega menu/button_Start Browsing' is clicked on

2019-06-28 17:07:56 - [TEST_STEP][PASSED] - refresh(): Refresh successfully

2019-06-28 17:07:58 - [MESSAGE][PASSED] - Refresh successfully

2019-06-28 17:07:58 - [TEST_STEP][NOT_RUN] - executeJavaScript("var previewBar = document.getElementById("preview-bar-iframe"); previewBar.style.display = "none";", []): NOT_RUN: executeJavaScript("var previewBar = document.getElementById("preview-bar-iframe"); previewBar.style.display = "none";", [])

2019-06-28 17:07:58 - [MESSAGE][NOT_RUN] - NOT_RUN: executeJavaScript("var previewBar = document.getElementById("preview-bar-iframe"); previewBar.style.display = "none";", [])

2019-06-28 17:07:58 - [MESSAGE][PASSED] - Call Test Case 'Test Cases/OCS - MOBILE/CALL - AGE GATE' successfully

2019-06-28 17:07:58 - [TEST_STEP][FAILED] - flag = verifyTextPresent("Due to holiday closures within the Canada Post network for Victoria Day, please expect some order delivery delays.", false, CONTINUE_ON_FAILURE): Text 'Due to holiday closures within the Canada Post network for Victoria Day, please expect some order delivery delays.' is not present on page 

2019-06-28 17:07:58 - [MESSAGE][FAILED] - Text 'Due to holiday closures within the Canada Post network for Victoria Day, please expect some order delivery delays.' is not present on page 

2019-06-28 17:07:58 - [TEST_STEP][PASSED] - delay(2): Delayed 2 second(s)

2019-06-28 17:08:00 - [MESSAGE][PASSED] - Delayed 2 second(s)

2019-06-28 17:08:00 - [TEST_STEP][PASSED] - comment("flag =" + flag): flag =false

2019-06-28 17:08:00 - [MESSAGE][INFO] - flag =false

2019-06-28 17:08:00 - [TEST_STEP][FAILED] - if (flag == false): if (flag == false) FAILED.
Reason:
com.kms.katalon.core.exception.StepFailedException: Text 'Due to holiday closures within the Canada Post network for Victoria Day, please expect some order delivery delays.' is not present on page 
	at com.kms.katalon.core.keyword.internal.KeywordMain.stepFailed(KeywordMain.groovy:32)
	at com.kms.katalon.core.webui.keyword.internal.WebUIKeywordMain.stepFailed(WebUIKeywordMain.groovy:65)
	at com.kms.katalon.core.webui.keyword.builtin.VerifyTextPresentKeyword$_verifyTextPresent_closure1.doCall(VerifyTextPresentKeyword.groovy:79)
	at com.kms.katalon.core.webui.keyword.builtin.VerifyTextPresentKeyword$_verifyTextPresent_closure1.call(VerifyTextPresentKeyword.groovy)
	at com.kms.katalon.core.webui.keyword.internal.WebUIKeywordMain.runKeyword(WebUIKeywordMain.groovy:21)
	at com.kms.katalon.core.webui.keyword.builtin.VerifyTextPresentKeyword.verifyTextPresent(VerifyTextPresentKeyword.groovy:83)
	at com.kms.katalon.core.webui.keyword.builtin.VerifyTextPresentKeyword.execute(VerifyTextPresentKeyword.groovy:68)
	at com.kms.katalon.core.keyword.internal.KeywordExecutor.executeKeywordForPlatform(KeywordExecutor.groovy:53)
	at com.kms.katalon.core.webui.keyword.WebUiBuiltInKeywords.verifyTextPresent(WebUiBuiltInKeywords.groovy:1677)
	at com.kms.katalon.core.webui.keyword.WebUiBuiltInKeywords$verifyTextPresent$17.call(Unknown Source)
	at Announcement.run(Announcement:18)
	at com.kms.katalon.core.main.ScriptEngine.run(ScriptEngine.java:194)
	at com.kms.katalon.core.main.ScriptEngine.runScriptAsRawText(ScriptEngine.java:119)
	at com.kms.katalon.core.main.TestCaseExecutor.runScript(TestCaseExecutor.java:328)
	at com.kms.katalon.core.main.TestCaseExecutor.doExecute(TestCaseExecutor.java:319)
	at com.kms.katalon.core.main.TestCaseExecutor.processExecutionPhase(TestCaseExecutor.java:298)
	at com.kms.katalon.core.main.TestCaseExecutor.accessMainPhase(TestCaseExecutor.java:290)
	at com.kms.katalon.core.main.TestCaseExecutor.execute(TestCaseExecutor.java:224)
	at com.kms.katalon.core.main.TestSuiteExecutor.accessTestCaseMainPhase(TestSuiteExecutor.java:129)
	at com.kms.katalon.core.main.TestSuiteExecutor.accessTestSuiteMainPhase(TestSuiteExecutor.java:112)
	at com.kms.katalon.core.main.TestSuiteExecutor.execute(TestSuiteExecutor.java:81)
	at com.kms.katalon.core.main.TestCaseMain.startTestSuite(TestCaseMain.java:149)
	at com.kms.katalon.core.main.TestCaseMain$startTestSuite$0.call(Unknown Source)
	at TempTestSuite1561754394056.run(TempTestSuite1561754394056.groovy:36)


2019-06-28 17:08:00 - [TEST_STEP][FAILED] - comment(" there is no  announcment "): if (flag == false) FAILED.
Reason:
com.kms.katalon.core.exception.StepFailedException: Text 'Due to holiday closures within the Canada Post network for Victoria Day, please expect some order delivery delays.' is not present on page 
	at com.kms.katalon.core.keyword.internal.KeywordMain.stepFailed(KeywordMain.groovy:32)
	at com.kms.katalon.core.webui.keyword.internal.WebUIKeywordMain.stepFailed(WebUIKeywordMain.groovy:65)
	at com.kms.katalon.core.webui.keyword.builtin.VerifyTextPresentKeyword$_verifyTextPresent_closure1.doCall(VerifyTextPresentKeyword.groovy:79)
	at com.kms.katalon.core.webui.keyword.builtin.VerifyTextPresentKeyword$_verifyTextPresent_closure1.call(VerifyTextPresentKeyword.groovy)
	at com.kms.katalon.core.webui.keyword.internal.WebUIKeywordMain.runKeyword(WebUIKeywordMain.groovy:21)
	at com.kms.katalon.core.webui.keyword.builtin.VerifyTextPresentKeyword.verifyTextPresent(VerifyTextPresentKeyword.groovy:83)
	at com.kms.katalon.core.webui.keyword.builtin.VerifyTextPresentKeyword.execute(VerifyTextPresentKeyword.groovy:68)
	at com.kms.katalon.core.keyword.internal.KeywordExecutor.executeKeywordForPlatform(KeywordExecutor.groovy:53)
	at com.kms.katalon.core.webui.keyword.WebUiBuiltInKeywords.verifyTextPresent(WebUiBuiltInKeywords.groovy:1677)
	at com.kms.katalon.core.webui.keyword.WebUiBuiltInKeywords$verifyTextPresent$17.call(Unknown Source)
	at Announcement.run(Announcement:18)
	at com.kms.katalon.core.main.ScriptEngine.run(ScriptEngine.java:194)
	at com.kms.katalon.core.main.ScriptEngine.runScriptAsRawText(ScriptEngine.java:119)
	at com.kms.katalon.core.main.TestCaseExecutor.runScript(TestCaseExecutor.java:328)
	at com.kms.katalon.core.main.TestCaseExecutor.doExecute(TestCaseExecutor.java:319)
	at com.kms.katalon.core.main.TestCaseExecutor.processExecutionPhase(TestCaseExecutor.java:298)
	at com.kms.katalon.core.main.TestCaseExecutor.accessMainPhase(TestCaseExecutor.java:290)
	at com.kms.katalon.core.main.TestCaseExecutor.execute(TestCaseExecutor.java:224)
	at com.kms.katalon.core.main.TestSuiteExecutor.accessTestCaseMainPhase(TestSuiteExecutor.java:129)
	at com.kms.katalon.core.main.TestSuiteExecutor.accessTestSuiteMainPhase(TestSuiteExecutor.java:112)
	at com.kms.katalon.core.main.TestSuiteExecutor.execute(TestSuiteExecutor.java:81)
	at com.kms.katalon.core.main.TestCaseMain.startTestSuite(TestCaseMain.java:149)
	at com.kms.katalon.core.main.TestCaseMain$startTestSuite$0.call(Unknown Source)
	at TempTestSuite1561754394056.run(TempTestSuite1561754394056.groovy:36)


2019-06-28 17:08:00 - [MESSAGE][INFO] -  there is no  announcment 

2019-06-28 17:08:00 - [MESSAGE][FAILED] - if (flag == false) FAILED.
Reason:
com.kms.katalon.core.exception.StepFailedException: Text 'Due to holiday closures within the Canada Post network for Victoria Day, please expect some order delivery delays.' is not present on page 
	at com.kms.katalon.core.keyword.internal.KeywordMain.stepFailed(KeywordMain.groovy:32)
	at com.kms.katalon.core.webui.keyword.internal.WebUIKeywordMain.stepFailed(WebUIKeywordMain.groovy:65)
	at com.kms.katalon.core.webui.keyword.builtin.VerifyTextPresentKeyword$_verifyTextPresent_closure1.doCall(VerifyTextPresentKeyword.groovy:79)
	at com.kms.katalon.core.webui.keyword.builtin.VerifyTextPresentKeyword$_verifyTextPresent_closure1.call(VerifyTextPresentKeyword.groovy)
	at com.kms.katalon.core.webui.keyword.internal.WebUIKeywordMain.runKeyword(WebUIKeywordMain.groovy:21)
	at com.kms.katalon.core.webui.keyword.builtin.VerifyTextPresentKeyword.verifyTextPresent(VerifyTextPresentKeyword.groovy:83)
	at com.kms.katalon.core.webui.keyword.builtin.VerifyTextPresentKeyword.execute(VerifyTextPresentKeyword.groovy:68)
	at com.kms.katalon.core.keyword.internal.KeywordExecutor.executeKeywordForPlatform(KeywordExecutor.groovy:53)
	at com.kms.katalon.core.webui.keyword.WebUiBuiltInKeywords.verifyTextPresent(WebUiBuiltInKeywords.groovy:1677)
	at com.kms.katalon.core.webui.keyword.WebUiBuiltInKeywords$verifyTextPresent$17.call(Unknown Source)
	at Announcement.run(Announcement:18)
	at com.kms.katalon.core.main.ScriptEngine.run(ScriptEngine.java:194)
	at com.kms.katalon.core.main.ScriptEngine.runScriptAsRawText(ScriptEngine.java:119)
	at com.kms.katalon.core.main.TestCaseExecutor.runScript(TestCaseExecutor.java:328)
	at com.kms.katalon.core.main.TestCaseExecutor.doExecute(TestCaseExecutor.java:319)
	at com.kms.katalon.core.main.TestCaseExecutor.processExecutionPhase(TestCaseExecutor.java:298)
	at com.kms.katalon.core.main.TestCaseExecutor.accessMainPhase(TestCaseExecutor.java:290)
	at com.kms.katalon.core.main.TestCaseExecutor.execute(TestCaseExecutor.java:224)
	at com.kms.katalon.core.main.TestSuiteExecutor.accessTestCaseMainPhase(TestSuiteExecutor.java:129)
	at com.kms.katalon.core.main.TestSuiteExecutor.accessTestSuiteMainPhase(TestSuiteExecutor.java:112)
	at com.kms.katalon.core.main.TestSuiteExecutor.execute(TestSuiteExecutor.java:81)
	at com.kms.katalon.core.main.TestCaseMain.startTestSuite(TestCaseMain.java:149)
	at com.kms.katalon.core.main.TestCaseMain$startTestSuite$0.call(Unknown Source)
	at TempTestSuite1561754394056.run(TempTestSuite1561754394056.groovy:36)]]></system-out>
         <system-err><![CDATA[2019-06-28 17:07:43 - [TEST_CASE][FAILED] - Test Cases/OCS - MOBILE/OCS- HOME PAGE/Announcement: Test Cases/OCS - MOBILE/OCS- HOME PAGE/Announcement FAILED.
Reason:
com.kms.katalon.core.exception.StepFailedException: Text 'Due to holiday closures within the Canada Post network for Victoria Day, please expect some order delivery delays.' is not present on page 
	at com.kms.katalon.core.keyword.internal.KeywordMain.stepFailed(KeywordMain.groovy:32)
	at com.kms.katalon.core.webui.keyword.internal.WebUIKeywordMain.stepFailed(WebUIKeywordMain.groovy:65)
	at com.kms.katalon.core.webui.keyword.builtin.VerifyTextPresentKeyword$_verifyTextPresent_closure1.doCall(VerifyTextPresentKeyword.groovy:79)
	at com.kms.katalon.core.webui.keyword.builtin.VerifyTextPresentKeyword$_verifyTextPresent_closure1.call(VerifyTextPresentKeyword.groovy)
	at com.kms.katalon.core.webui.keyword.internal.WebUIKeywordMain.runKeyword(WebUIKeywordMain.groovy:21)
	at com.kms.katalon.core.webui.keyword.builtin.VerifyTextPresentKeyword.verifyTextPresent(VerifyTextPresentKeyword.groovy:83)
	at com.kms.katalon.core.webui.keyword.builtin.VerifyTextPresentKeyword.execute(VerifyTextPresentKeyword.groovy:68)
	at com.kms.katalon.core.keyword.internal.KeywordExecutor.executeKeywordForPlatform(KeywordExecutor.groovy:53)
	at com.kms.katalon.core.webui.keyword.WebUiBuiltInKeywords.verifyTextPresent(WebUiBuiltInKeywords.groovy:1677)
	at com.kms.katalon.core.webui.keyword.WebUiBuiltInKeywords$verifyTextPresent$17.call(Unknown Source)
	at Announcement.run(Announcement:18)
	at com.kms.katalon.core.main.ScriptEngine.run(ScriptEngine.java:194)
	at com.kms.katalon.core.main.ScriptEngine.runScriptAsRawText(ScriptEngine.java:119)
	at com.kms.katalon.core.main.TestCaseExecutor.runScript(TestCaseExecutor.java:328)
	at com.kms.katalon.core.main.TestCaseExecutor.doExecute(TestCaseExecutor.java:319)
	at com.kms.katalon.core.main.TestCaseExecutor.processExecutionPhase(TestCaseExecutor.java:298)
	at com.kms.katalon.core.main.TestCaseExecutor.accessMainPhase(TestCaseExecutor.java:290)
	at com.kms.katalon.core.main.TestCaseExecutor.execute(TestCaseExecutor.java:224)
	at com.kms.katalon.core.main.TestSuiteExecutor.accessTestCaseMainPhase(TestSuiteExecutor.java:129)
	at com.kms.katalon.core.main.TestSuiteExecutor.accessTestSuiteMainPhase(TestSuiteExecutor.java:112)
	at com.kms.katalon.core.main.TestSuiteExecutor.execute(TestSuiteExecutor.java:81)
	at com.kms.katalon.core.main.TestCaseMain.startTestSuite(TestCaseMain.java:149)
	at com.kms.katalon.core.main.TestCaseMain$startTestSuite$0.call(Unknown Source)
	at TempTestSuite1561754394056.run(TempTestSuite1561754394056.groovy:36)]]></system-err>
      </testcase>
      <testcase name="Test Cases/OCS - MOBILE/OCS- HOME PAGE/cart flyout" classname="Test Cases/OCS - MOBILE/OCS- HOME PAGE/cart flyout" status="PASSED">
         <system-out><![CDATA[2019-06-28 17:08:00 - [TEST_CASE][PASSED] - Test Cases/OCS - MOBILE/OCS- HOME PAGE/cart flyout: Test Cases/OCS - MOBILE/OCS- HOME PAGE/cart flyout

2019-06-28 17:08:00 - [TEST_STEP][PASSED] - callTestCase(findTestCase("OCS - MOBILE/CALL - AGE GATE"), [:], STOP_ON_FAILURE): Call Test Case 'Test Cases/OCS - MOBILE/CALL - AGE GATE' successfully

2019-06-28 17:08:00 - [TEST_CASE][PASSED] - Test Cases/OCS - MOBILE/CALL - AGE GATE: Test Cases/OCS - MOBILE/CALL - AGE GATE

2019-06-28 17:08:00 - [TEST_STEP][PASSED] - openBrowser(""): Browser is opened with url: ''

2019-06-28 17:08:00 - [MESSAGE][WARNING] - A browser is already opened. Closing browser and opening a new one

2019-06-28 17:08:00 - [MESSAGE][INFO] - Starting 'Safari' driver

2019-06-28 17:08:01 - [MESSAGE][PASSED] - Browser is opened with url: ''

2019-06-28 17:08:01 - [TEST_STEP][PASSED] - navigateToUrl("ocs.ca"): Navigate to 'http://ocs.ca' successfully

2019-06-28 17:08:03 - [MESSAGE][PASSED] - Navigate to 'http://ocs.ca' successfully

2019-06-28 17:08:03 - [TEST_STEP][NOT_RUN] - executeJavaScript("var previewBar = document.getElementById("preview-bar-iframe"); previewBar.style.display = "none";", []): NOT_RUN: executeJavaScript("var previewBar = document.getElementById("preview-bar-iframe"); previewBar.style.display = "none";", [])

2019-06-28 17:08:03 - [MESSAGE][NOT_RUN] - NOT_RUN: executeJavaScript("var previewBar = document.getElementById("preview-bar-iframe"); previewBar.style.display = "none";", [])

2019-06-28 17:08:03 - [TEST_STEP][PASSED] - setViewPortSize(360, 800): Viewport is set to new size with width = 360 and height = 800

2019-06-28 17:08:03 - [MESSAGE][PASSED] - Viewport is set to new size with width = 360 and height = 800

2019-06-28 17:08:03 - [TEST_STEP][PASSED] - delay(4): Delayed 4 second(s)

2019-06-28 17:08:07 - [MESSAGE][PASSED] - Delayed 4 second(s)

2019-06-28 17:08:07 - [TEST_STEP][PASSED] - selectOptionByValue(findTestObject("OCS-MOBILE /Age gate and burger menu/Date"), "12", true): All options with value '12' are selected in object 'Object Repository/OCS-MOBILE /Age gate and burger menu/Date'  using regular expression

2019-06-28 17:08:08 - [MESSAGE][PASSED] - All options with value '12' are selected in object 'Object Repository/OCS-MOBILE /Age gate and burger menu/Date'  using regular expression

2019-06-28 17:08:08 - [TEST_STEP][PASSED] - selectOptionByValue(findTestObject("OCS-MOBILE /Age gate and burger menu/month"), "6", true): All options with value '6' are selected in object 'Object Repository/OCS-MOBILE /Age gate and burger menu/month'  using regular expression

2019-06-28 17:08:08 - [MESSAGE][PASSED] - All options with value '6' are selected in object 'Object Repository/OCS-MOBILE /Age gate and burger menu/month'  using regular expression

2019-06-28 17:08:08 - [TEST_STEP][PASSED] - delay(2): Delayed 2 second(s)

2019-06-28 17:08:10 - [MESSAGE][PASSED] - Delayed 2 second(s)

2019-06-28 17:08:10 - [TEST_STEP][PASSED] - selectOptionByValue(findTestObject("OCS-MOBILE /Age gate and burger menu/Year Dropdown"), "1990", true): All options with value '1990' are selected in object 'Object Repository/OCS-MOBILE /Age gate and burger menu/Year Dropdown'  using regular expression

2019-06-28 17:08:12 - [MESSAGE][PASSED] - All options with value '1990' are selected in object 'Object Repository/OCS-MOBILE /Age gate and burger menu/Year Dropdown'  using regular expression

2019-06-28 17:08:12 - [TEST_STEP][PASSED] - click(findTestObject("OCS-MOBILE /Age gate and Mega menu/button_Verify")): Object: 'Object Repository/OCS-MOBILE /Age gate and Mega menu/button_Verify' is clicked on

2019-06-28 17:08:12 - [MESSAGE][PASSED] - Object: 'Object Repository/OCS-MOBILE /Age gate and Mega menu/button_Verify' is clicked on

2019-06-28 17:08:12 - [TEST_STEP][PASSED] - click(findTestObject("OCS-MOBILE /Age gate and Mega menu/Checkbox_CONFIRM AND ACKNOWLEDGE")): Object: 'Object Repository/OCS-MOBILE /Age gate and Mega menu/Checkbox_CONFIRM AND ACKNOWLEDGE' is clicked on

2019-06-28 17:08:13 - [MESSAGE][PASSED] - Object: 'Object Repository/OCS-MOBILE /Age gate and Mega menu/Checkbox_CONFIRM AND ACKNOWLEDGE' is clicked on

2019-06-28 17:08:13 - [TEST_STEP][PASSED] - click(findTestObject("OCS-MOBILE /Age gate and Mega menu/button_CONFIRM")): Object: 'Object Repository/OCS-MOBILE /Age gate and Mega menu/button_CONFIRM' is clicked on

2019-06-28 17:08:13 - [MESSAGE][PASSED] - Object: 'Object Repository/OCS-MOBILE /Age gate and Mega menu/button_CONFIRM' is clicked on

2019-06-28 17:08:13 - [TEST_STEP][PASSED] - click(findTestObject("OCS-MOBILE /Age gate and Mega menu/button_Start Browsing")): Object: 'Object Repository/OCS-MOBILE /Age gate and Mega menu/button_Start Browsing' is clicked on

2019-06-28 17:08:13 - [MESSAGE][PASSED] - Object: 'Object Repository/OCS-MOBILE /Age gate and Mega menu/button_Start Browsing' is clicked on

2019-06-28 17:08:13 - [TEST_STEP][PASSED] - refresh(): Refresh successfully

2019-06-28 17:08:15 - [MESSAGE][PASSED] - Refresh successfully

2019-06-28 17:08:15 - [TEST_STEP][NOT_RUN] - executeJavaScript("var previewBar = document.getElementById("preview-bar-iframe"); previewBar.style.display = "none";", []): NOT_RUN: executeJavaScript("var previewBar = document.getElementById("preview-bar-iframe"); previewBar.style.display = "none";", [])

2019-06-28 17:08:15 - [MESSAGE][NOT_RUN] - NOT_RUN: executeJavaScript("var previewBar = document.getElementById("preview-bar-iframe"); previewBar.style.display = "none";", [])

2019-06-28 17:08:15 - [MESSAGE][PASSED] - Call Test Case 'Test Cases/OCS - MOBILE/CALL - AGE GATE' successfully

2019-06-28 17:08:15 - [TEST_STEP][PASSED] - delay(2): Delayed 2 second(s)

2019-06-28 17:08:17 - [MESSAGE][PASSED] - Delayed 2 second(s)

2019-06-28 17:08:17 - [TEST_STEP][PASSED] - click(findTestObject("OCS-MOBILE /Home - page/Cart icon -bag")): Object: 'Object Repository/OCS-MOBILE /Home - page/Cart icon -bag' is clicked on

2019-06-28 17:08:18 - [MESSAGE][PASSED] - Object: 'Object Repository/OCS-MOBILE /Home - page/Cart icon -bag' is clicked on

2019-06-28 17:08:18 - [TEST_STEP][PASSED] - delay(3): Delayed 3 second(s)

2019-06-28 17:08:21 - [MESSAGE][PASSED] - Delayed 3 second(s)

2019-06-28 17:08:21 - [TEST_STEP][PASSED] - verifyTextPresent("Bag", false, OPTIONAL): Text 'Bag' is present on page 

2019-06-28 17:08:21 - [MESSAGE][PASSED] - Text 'Bag' is present on page 

2019-06-28 17:08:21 - [TEST_STEP][PASSED] - if (true):  cart flyout opened 

2019-06-28 17:08:21 - [TEST_STEP][PASSED] - comment(" cart flyout opened "):  cart flyout opened 

2019-06-28 17:08:21 - [MESSAGE][INFO] -  cart flyout opened 

2019-06-28 17:08:21 - [TEST_STEP][PASSED] - delay(5): Delayed 5 second(s)

2019-06-28 17:08:26 - [MESSAGE][PASSED] - Delayed 5 second(s)

2019-06-28 17:08:26 - [TEST_STEP][PASSED] - click(findTestObject("OCS-MOBILE /Home - page/Collapse cart flyout")): Object: 'Object Repository/OCS-MOBILE /Home - page/Collapse cart flyout' is clicked on

2019-06-28 17:08:26 - [MESSAGE][PASSED] - Object: 'Object Repository/OCS-MOBILE /Home - page/Collapse cart flyout' is clicked on

2019-06-28 17:08:26 - [TEST_STEP][PASSED] - verifyTextPresent("Bag", false, OPTIONAL): Text 'Bag' is present on page 

2019-06-28 17:08:26 - [MESSAGE][PASSED] - Text 'Bag' is present on page 

2019-06-28 17:08:26 - [TEST_STEP][PASSED] - if (true):  cart flyout closed 

2019-06-28 17:08:26 - [TEST_STEP][PASSED] - comment(" cart flyout closed "):  cart flyout closed 

2019-06-28 17:08:26 - [MESSAGE][INFO] -  cart flyout closed]]></system-out>
         <system-err><![CDATA[]]></system-err>
      </testcase>
      <testcase name="Test Cases/OCS - MOBILE/OCS- HOME PAGE/Retail stores link" classname="Test Cases/OCS - MOBILE/OCS- HOME PAGE/Retail stores link" status="FAILED">
         <failure type="FAILED" message="Test Cases/OCS - MOBILE/OCS- HOME PAGE/Retail stores link FAILED.
Reason:
com.kms.katalon.core.exception.StepFailedException: com.kms.katalon.core.webui.exception.WebElementNotFoundException: Web element with id: 'Object Repository/OCS-MOBILE /Home - page/Retail stores link' located by 'By.xpath: //a[contains(text(),'Click here for locations')][count(. | //a[@href = 'https://www.agco.ca/sites/default/files/map/ONT_CN_ST_E.html']) = count(//a[@href = 'https://www.agco.ca/sites/default/files/map/ONT_CN_ST_E.html'])]' not found
	at com.kms.katalon.core.keyword.internal.KeywordMain.stepFailed(KeywordMain.groovy:32)
	at com.kms.katalon.core.webui.keyword.internal.WebUIKeywordMain.stepFailed(WebUIKeywordMain.groovy:65)
	at com.kms.katalon.core.webui.keyword.builtin.VerifyElementPresentKeyword$_verifyElementPresent_closure1.doCall(VerifyElementPresentKeyword.groovy:85)
	at com.kms.katalon.core.webui.keyword.builtin.VerifyElementPresentKeyword$_verifyElementPresent_closure1.call(VerifyElementPresentKeyword.groovy)
	at com.kms.katalon.core.webui.keyword.internal.WebUIKeywordMain.runKeyword(WebUIKeywordMain.groovy:21)
	at com.kms.katalon.core.webui.keyword.builtin.VerifyElementPresentKeyword.verifyElementPresent(VerifyElementPresentKeyword.groovy:92)
	at com.kms.katalon.core.webui.keyword.builtin.VerifyElementPresentKeyword.execute(VerifyElementPresentKeyword.groovy:68)
	at com.kms.katalon.core.keyword.internal.KeywordExecutor.executeKeywordForPlatform(KeywordExecutor.groovy:53)
	at com.kms.katalon.core.webui.keyword.WebUiBuiltInKeywords.verifyElementPresent(WebUiBuiltInKeywords.groovy:1418)
	at com.kms.katalon.core.webui.keyword.WebUiBuiltInKeywords$verifyElementPresent$18.call(Unknown Source)
	at Retail stores link.run(Retail stores link:20)
	at com.kms.katalon.core.main.ScriptEngine.run(ScriptEngine.java:194)
	at com.kms.katalon.core.main.ScriptEngine.runScriptAsRawText(ScriptEngine.java:119)
	at com.kms.katalon.core.main.TestCaseExecutor.runScript(TestCaseExecutor.java:328)
	at com.kms.katalon.core.main.TestCaseExecutor.doExecute(TestCaseExecutor.java:319)
	at com.kms.katalon.core.main.TestCaseExecutor.processExecutionPhase(TestCaseExecutor.java:298)
	at com.kms.katalon.core.main.TestCaseExecutor.accessMainPhase(TestCaseExecutor.java:290)
	at com.kms.katalon.core.main.TestCaseExecutor.execute(TestCaseExecutor.java:224)
	at com.kms.katalon.core.main.TestSuiteExecutor.accessTestCaseMainPhase(TestSuiteExecutor.java:129)
	at com.kms.katalon.core.main.TestSuiteExecutor.accessTestSuiteMainPhase(TestSuiteExecutor.java:112)
	at com.kms.katalon.core.main.TestSuiteExecutor.execute(TestSuiteExecutor.java:81)
	at com.kms.katalon.core.main.TestCaseMain.startTestSuite(TestCaseMain.java:149)
	at com.kms.katalon.core.main.TestCaseMain$startTestSuite$0.call(Unknown Source)
	at TempTestSuite1561754394056.run(TempTestSuite1561754394056.groovy:36)
"/>
         <system-out><![CDATA[2019-06-28 17:08:26 - [TEST_CASE][FAILED] - Test Cases/OCS - MOBILE/OCS- HOME PAGE/Retail stores link: Test Cases/OCS - MOBILE/OCS- HOME PAGE/Retail stores link FAILED.
Reason:
com.kms.katalon.core.exception.StepFailedException: com.kms.katalon.core.webui.exception.WebElementNotFoundException: Web element with id: 'Object Repository/OCS-MOBILE /Home - page/Retail stores link' located by 'By.xpath: //a[contains(text(),'Click here for locations')][count(. | //a[@href = 'https://www.agco.ca/sites/default/files/map/ONT_CN_ST_E.html']) = count(//a[@href = 'https://www.agco.ca/sites/default/files/map/ONT_CN_ST_E.html'])]' not found
	at com.kms.katalon.core.keyword.internal.KeywordMain.stepFailed(KeywordMain.groovy:32)
	at com.kms.katalon.core.webui.keyword.internal.WebUIKeywordMain.stepFailed(WebUIKeywordMain.groovy:65)
	at com.kms.katalon.core.webui.keyword.builtin.VerifyElementPresentKeyword$_verifyElementPresent_closure1.doCall(VerifyElementPresentKeyword.groovy:85)
	at com.kms.katalon.core.webui.keyword.builtin.VerifyElementPresentKeyword$_verifyElementPresent_closure1.call(VerifyElementPresentKeyword.groovy)
	at com.kms.katalon.core.webui.keyword.internal.WebUIKeywordMain.runKeyword(WebUIKeywordMain.groovy:21)
	at com.kms.katalon.core.webui.keyword.builtin.VerifyElementPresentKeyword.verifyElementPresent(VerifyElementPresentKeyword.groovy:92)
	at com.kms.katalon.core.webui.keyword.builtin.VerifyElementPresentKeyword.execute(VerifyElementPresentKeyword.groovy:68)
	at com.kms.katalon.core.keyword.internal.KeywordExecutor.executeKeywordForPlatform(KeywordExecutor.groovy:53)
	at com.kms.katalon.core.webui.keyword.WebUiBuiltInKeywords.verifyElementPresent(WebUiBuiltInKeywords.groovy:1418)
	at com.kms.katalon.core.webui.keyword.WebUiBuiltInKeywords$verifyElementPresent$18.call(Unknown Source)
	at Retail stores link.run(Retail stores link:20)
	at com.kms.katalon.core.main.ScriptEngine.run(ScriptEngine.java:194)
	at com.kms.katalon.core.main.ScriptEngine.runScriptAsRawText(ScriptEngine.java:119)
	at com.kms.katalon.core.main.TestCaseExecutor.runScript(TestCaseExecutor.java:328)
	at com.kms.katalon.core.main.TestCaseExecutor.doExecute(TestCaseExecutor.java:319)
	at com.kms.katalon.core.main.TestCaseExecutor.processExecutionPhase(TestCaseExecutor.java:298)
	at com.kms.katalon.core.main.TestCaseExecutor.accessMainPhase(TestCaseExecutor.java:290)
	at com.kms.katalon.core.main.TestCaseExecutor.execute(TestCaseExecutor.java:224)
	at com.kms.katalon.core.main.TestSuiteExecutor.accessTestCaseMainPhase(TestSuiteExecutor.java:129)
	at com.kms.katalon.core.main.TestSuiteExecutor.accessTestSuiteMainPhase(TestSuiteExecutor.java:112)
	at com.kms.katalon.core.main.TestSuiteExecutor.execute(TestSuiteExecutor.java:81)
	at com.kms.katalon.core.main.TestCaseMain.startTestSuite(TestCaseMain.java:149)
	at com.kms.katalon.core.main.TestCaseMain$startTestSuite$0.call(Unknown Source)
	at TempTestSuite1561754394056.run(TempTestSuite1561754394056.groovy:36)


2019-06-28 17:08:26 - [TEST_STEP][PASSED] - callTestCase(findTestCase("OCS - MOBILE/CALL - AGE GATE"), [:], STOP_ON_FAILURE): Call Test Case 'Test Cases/OCS - MOBILE/CALL - AGE GATE' successfully

2019-06-28 17:08:26 - [TEST_CASE][PASSED] - Test Cases/OCS - MOBILE/CALL - AGE GATE: Test Cases/OCS - MOBILE/CALL - AGE GATE

2019-06-28 17:08:26 - [TEST_STEP][PASSED] - openBrowser(""): Browser is opened with url: ''

2019-06-28 17:08:26 - [MESSAGE][WARNING] - A browser is already opened. Closing browser and opening a new one

2019-06-28 17:08:26 - [MESSAGE][INFO] - Starting 'Safari' driver

2019-06-28 17:08:27 - [MESSAGE][PASSED] - Browser is opened with url: ''

2019-06-28 17:08:27 - [TEST_STEP][PASSED] - navigateToUrl("ocs.ca"): Navigate to 'http://ocs.ca' successfully

2019-06-28 17:08:28 - [MESSAGE][PASSED] - Navigate to 'http://ocs.ca' successfully

2019-06-28 17:08:28 - [TEST_STEP][NOT_RUN] - executeJavaScript("var previewBar = document.getElementById("preview-bar-iframe"); previewBar.style.display = "none";", []): NOT_RUN: executeJavaScript("var previewBar = document.getElementById("preview-bar-iframe"); previewBar.style.display = "none";", [])

2019-06-28 17:08:28 - [MESSAGE][NOT_RUN] - NOT_RUN: executeJavaScript("var previewBar = document.getElementById("preview-bar-iframe"); previewBar.style.display = "none";", [])

2019-06-28 17:08:28 - [TEST_STEP][PASSED] - setViewPortSize(360, 800): Viewport is set to new size with width = 360 and height = 800

2019-06-28 17:08:29 - [MESSAGE][PASSED] - Viewport is set to new size with width = 360 and height = 800

2019-06-28 17:08:29 - [TEST_STEP][PASSED] - delay(4): Delayed 4 second(s)

2019-06-28 17:08:33 - [MESSAGE][PASSED] - Delayed 4 second(s)

2019-06-28 17:08:33 - [TEST_STEP][PASSED] - selectOptionByValue(findTestObject("OCS-MOBILE /Age gate and burger menu/Date"), "12", true): All options with value '12' are selected in object 'Object Repository/OCS-MOBILE /Age gate and burger menu/Date'  using regular expression

2019-06-28 17:08:33 - [MESSAGE][PASSED] - All options with value '12' are selected in object 'Object Repository/OCS-MOBILE /Age gate and burger menu/Date'  using regular expression

2019-06-28 17:08:33 - [TEST_STEP][PASSED] - selectOptionByValue(findTestObject("OCS-MOBILE /Age gate and burger menu/month"), "6", true): All options with value '6' are selected in object 'Object Repository/OCS-MOBILE /Age gate and burger menu/month'  using regular expression

2019-06-28 17:08:34 - [MESSAGE][PASSED] - All options with value '6' are selected in object 'Object Repository/OCS-MOBILE /Age gate and burger menu/month'  using regular expression

2019-06-28 17:08:34 - [TEST_STEP][PASSED] - delay(2): Delayed 2 second(s)

2019-06-28 17:08:36 - [MESSAGE][PASSED] - Delayed 2 second(s)

2019-06-28 17:08:36 - [TEST_STEP][PASSED] - selectOptionByValue(findTestObject("OCS-MOBILE /Age gate and burger menu/Year Dropdown"), "1990", true): All options with value '1990' are selected in object 'Object Repository/OCS-MOBILE /Age gate and burger menu/Year Dropdown'  using regular expression

2019-06-28 17:08:38 - [MESSAGE][PASSED] - All options with value '1990' are selected in object 'Object Repository/OCS-MOBILE /Age gate and burger menu/Year Dropdown'  using regular expression

2019-06-28 17:08:38 - [TEST_STEP][PASSED] - click(findTestObject("OCS-MOBILE /Age gate and Mega menu/button_Verify")): Object: 'Object Repository/OCS-MOBILE /Age gate and Mega menu/button_Verify' is clicked on

2019-06-28 17:08:38 - [MESSAGE][PASSED] - Object: 'Object Repository/OCS-MOBILE /Age gate and Mega menu/button_Verify' is clicked on

2019-06-28 17:08:38 - [TEST_STEP][PASSED] - click(findTestObject("OCS-MOBILE /Age gate and Mega menu/Checkbox_CONFIRM AND ACKNOWLEDGE")): Object: 'Object Repository/OCS-MOBILE /Age gate and Mega menu/Checkbox_CONFIRM AND ACKNOWLEDGE' is clicked on

2019-06-28 17:08:38 - [MESSAGE][PASSED] - Object: 'Object Repository/OCS-MOBILE /Age gate and Mega menu/Checkbox_CONFIRM AND ACKNOWLEDGE' is clicked on

2019-06-28 17:08:38 - [TEST_STEP][PASSED] - click(findTestObject("OCS-MOBILE /Age gate and Mega menu/button_CONFIRM")): Object: 'Object Repository/OCS-MOBILE /Age gate and Mega menu/button_CONFIRM' is clicked on

2019-06-28 17:08:38 - [MESSAGE][PASSED] - Object: 'Object Repository/OCS-MOBILE /Age gate and Mega menu/button_CONFIRM' is clicked on

2019-06-28 17:08:38 - [TEST_STEP][PASSED] - click(findTestObject("OCS-MOBILE /Age gate and Mega menu/button_Start Browsing")): Object: 'Object Repository/OCS-MOBILE /Age gate and Mega menu/button_Start Browsing' is clicked on

2019-06-28 17:08:38 - [MESSAGE][PASSED] - Object: 'Object Repository/OCS-MOBILE /Age gate and Mega menu/button_Start Browsing' is clicked on

2019-06-28 17:08:38 - [TEST_STEP][PASSED] - refresh(): Refresh successfully

2019-06-28 17:08:41 - [MESSAGE][PASSED] - Refresh successfully

2019-06-28 17:08:41 - [TEST_STEP][NOT_RUN] - executeJavaScript("var previewBar = document.getElementById("preview-bar-iframe"); previewBar.style.display = "none";", []): NOT_RUN: executeJavaScript("var previewBar = document.getElementById("preview-bar-iframe"); previewBar.style.display = "none";", [])

2019-06-28 17:08:41 - [MESSAGE][NOT_RUN] - NOT_RUN: executeJavaScript("var previewBar = document.getElementById("preview-bar-iframe"); previewBar.style.display = "none";", [])

2019-06-28 17:08:41 - [MESSAGE][PASSED] - Call Test Case 'Test Cases/OCS - MOBILE/CALL - AGE GATE' successfully

2019-06-28 17:08:41 - [TEST_STEP][PASSED] - delay(2): Delayed 2 second(s)

2019-06-28 17:08:43 - [MESSAGE][PASSED] - Delayed 2 second(s)

2019-06-28 17:08:43 - [TEST_STEP][FAILED] - flag = verifyElementPresent(findTestObject("OCS-MOBILE /Home - page/Retail stores link"), 0, CONTINUE_ON_FAILURE): com.kms.katalon.core.webui.exception.WebElementNotFoundException: Web element with id: 'Object Repository/OCS-MOBILE /Home - page/Retail stores link' located by 'By.xpath: //a[contains(text(),'Click here for locations')][count(. | //a[@href = 'https://www.agco.ca/sites/default/files/map/ONT_CN_ST_E.html']) = count(//a[@href = 'https://www.agco.ca/sites/default/files/map/ONT_CN_ST_E.html'])]' not found

2019-06-28 17:08:43 - [MESSAGE][WARNING] - Timeout '0' is invalid. Using default page load timeout: '30'

2019-06-28 17:09:14 - [MESSAGE][INFO] - Unable to find the element located by 'By.xpath: //a[contains(text(),'Click here for locations')][count(. | //a[@href = 'https://www.agco.ca/sites/default/files/map/ONT_CN_ST_E.html']) = count(//a[@href = 'https://www.agco.ca/sites/default/files/map/ONT_CN_ST_E.html'])]'. Please recheck the objects properties to make sure the desired element is located. 

2019-06-28 17:09:14 - [MESSAGE][FAILED] - com.kms.katalon.core.webui.exception.WebElementNotFoundException: Web element with id: 'Object Repository/OCS-MOBILE /Home - page/Retail stores link' located by 'By.xpath: //a[contains(text(),'Click here for locations')][count(. | //a[@href = 'https://www.agco.ca/sites/default/files/map/ONT_CN_ST_E.html']) = count(//a[@href = 'https://www.agco.ca/sites/default/files/map/ONT_CN_ST_E.html'])]' not found
[[ATTACHMENT|/Users/sumankompelly/Relative xpath-Mobile/Reports/Live site/20190628_163954/1561756154607.png]]

2019-06-28 17:09:14 - [TEST_STEP][PASSED] - comment("flag=" + flag): flag=false

2019-06-28 17:09:14 - [MESSAGE][INFO] - flag=false

2019-06-28 17:09:14 - [TEST_STEP][PASSED] - if (flag == true): null

2019-06-28 17:09:14 - [TEST_STEP][FAILED] - else: else FAILED.
Reason:
com.kms.katalon.core.exception.StepFailedException: com.kms.katalon.core.webui.exception.WebElementNotFoundException: Web element with id: 'Object Repository/OCS-MOBILE /Home - page/Retail stores link' located by 'By.xpath: //a[contains(text(),'Click here for locations')][count(. | //a[@href = 'https://www.agco.ca/sites/default/files/map/ONT_CN_ST_E.html']) = count(//a[@href = 'https://www.agco.ca/sites/default/files/map/ONT_CN_ST_E.html'])]' not found
	at com.kms.katalon.core.keyword.internal.KeywordMain.stepFailed(KeywordMain.groovy:32)
	at com.kms.katalon.core.webui.keyword.internal.WebUIKeywordMain.stepFailed(WebUIKeywordMain.groovy:65)
	at com.kms.katalon.core.webui.keyword.builtin.VerifyElementPresentKeyword$_verifyElementPresent_closure1.doCall(VerifyElementPresentKeyword.groovy:85)
	at com.kms.katalon.core.webui.keyword.builtin.VerifyElementPresentKeyword$_verifyElementPresent_closure1.call(VerifyElementPresentKeyword.groovy)
	at com.kms.katalon.core.webui.keyword.internal.WebUIKeywordMain.runKeyword(WebUIKeywordMain.groovy:21)
	at com.kms.katalon.core.webui.keyword.builtin.VerifyElementPresentKeyword.verifyElementPresent(VerifyElementPresentKeyword.groovy:92)
	at com.kms.katalon.core.webui.keyword.builtin.VerifyElementPresentKeyword.execute(VerifyElementPresentKeyword.groovy:68)
	at com.kms.katalon.core.keyword.internal.KeywordExecutor.executeKeywordForPlatform(KeywordExecutor.groovy:53)
	at com.kms.katalon.core.webui.keyword.WebUiBuiltInKeywords.verifyElementPresent(WebUiBuiltInKeywords.groovy:1418)
	at com.kms.katalon.core.webui.keyword.WebUiBuiltInKeywords$verifyElementPresent$18.call(Unknown Source)
	at Retail stores link.run(Retail stores link:20)
	at com.kms.katalon.core.main.ScriptEngine.run(ScriptEngine.java:194)
	at com.kms.katalon.core.main.ScriptEngine.runScriptAsRawText(ScriptEngine.java:119)
	at com.kms.katalon.core.main.TestCaseExecutor.runScript(TestCaseExecutor.java:328)
	at com.kms.katalon.core.main.TestCaseExecutor.doExecute(TestCaseExecutor.java:319)
	at com.kms.katalon.core.main.TestCaseExecutor.processExecutionPhase(TestCaseExecutor.java:298)
	at com.kms.katalon.core.main.TestCaseExecutor.accessMainPhase(TestCaseExecutor.java:290)
	at com.kms.katalon.core.main.TestCaseExecutor.execute(TestCaseExecutor.java:224)
	at com.kms.katalon.core.main.TestSuiteExecutor.accessTestCaseMainPhase(TestSuiteExecutor.java:129)
	at com.kms.katalon.core.main.TestSuiteExecutor.accessTestSuiteMainPhase(TestSuiteExecutor.java:112)
	at com.kms.katalon.core.main.TestSuiteExecutor.execute(TestSuiteExecutor.java:81)
	at com.kms.katalon.core.main.TestCaseMain.startTestSuite(TestCaseMain.java:149)
	at com.kms.katalon.core.main.TestCaseMain$startTestSuite$0.call(Unknown Source)
	at TempTestSuite1561754394056.run(TempTestSuite1561754394056.groovy:36)


2019-06-28 17:09:14 - [TEST_STEP][FAILED] - comment("There is no retail stores link "): else FAILED.
Reason:
com.kms.katalon.core.exception.StepFailedException: com.kms.katalon.core.webui.exception.WebElementNotFoundException: Web element with id: 'Object Repository/OCS-MOBILE /Home - page/Retail stores link' located by 'By.xpath: //a[contains(text(),'Click here for locations')][count(. | //a[@href = 'https://www.agco.ca/sites/default/files/map/ONT_CN_ST_E.html']) = count(//a[@href = 'https://www.agco.ca/sites/default/files/map/ONT_CN_ST_E.html'])]' not found
	at com.kms.katalon.core.keyword.internal.KeywordMain.stepFailed(KeywordMain.groovy:32)
	at com.kms.katalon.core.webui.keyword.internal.WebUIKeywordMain.stepFailed(WebUIKeywordMain.groovy:65)
	at com.kms.katalon.core.webui.keyword.builtin.VerifyElementPresentKeyword$_verifyElementPresent_closure1.doCall(VerifyElementPresentKeyword.groovy:85)
	at com.kms.katalon.core.webui.keyword.builtin.VerifyElementPresentKeyword$_verifyElementPresent_closure1.call(VerifyElementPresentKeyword.groovy)
	at com.kms.katalon.core.webui.keyword.internal.WebUIKeywordMain.runKeyword(WebUIKeywordMain.groovy:21)
	at com.kms.katalon.core.webui.keyword.builtin.VerifyElementPresentKeyword.verifyElementPresent(VerifyElementPresentKeyword.groovy:92)
	at com.kms.katalon.core.webui.keyword.builtin.VerifyElementPresentKeyword.execute(VerifyElementPresentKeyword.groovy:68)
	at com.kms.katalon.core.keyword.internal.KeywordExecutor.executeKeywordForPlatform(KeywordExecutor.groovy:53)
	at com.kms.katalon.core.webui.keyword.WebUiBuiltInKeywords.verifyElementPresent(WebUiBuiltInKeywords.groovy:1418)
	at com.kms.katalon.core.webui.keyword.WebUiBuiltInKeywords$verifyElementPresent$18.call(Unknown Source)
	at Retail stores link.run(Retail stores link:20)
	at com.kms.katalon.core.main.ScriptEngine.run(ScriptEngine.java:194)
	at com.kms.katalon.core.main.ScriptEngine.runScriptAsRawText(ScriptEngine.java:119)
	at com.kms.katalon.core.main.TestCaseExecutor.runScript(TestCaseExecutor.java:328)
	at com.kms.katalon.core.main.TestCaseExecutor.doExecute(TestCaseExecutor.java:319)
	at com.kms.katalon.core.main.TestCaseExecutor.processExecutionPhase(TestCaseExecutor.java:298)
	at com.kms.katalon.core.main.TestCaseExecutor.accessMainPhase(TestCaseExecutor.java:290)
	at com.kms.katalon.core.main.TestCaseExecutor.execute(TestCaseExecutor.java:224)
	at com.kms.katalon.core.main.TestSuiteExecutor.accessTestCaseMainPhase(TestSuiteExecutor.java:129)
	at com.kms.katalon.core.main.TestSuiteExecutor.accessTestSuiteMainPhase(TestSuiteExecutor.java:112)
	at com.kms.katalon.core.main.TestSuiteExecutor.execute(TestSuiteExecutor.java:81)
	at com.kms.katalon.core.main.TestCaseMain.startTestSuite(TestCaseMain.java:149)
	at com.kms.katalon.core.main.TestCaseMain$startTestSuite$0.call(Unknown Source)
	at TempTestSuite1561754394056.run(TempTestSuite1561754394056.groovy:36)


2019-06-28 17:09:14 - [MESSAGE][INFO] - There is no retail stores link 

2019-06-28 17:09:14 - [MESSAGE][FAILED] - else FAILED.
Reason:
com.kms.katalon.core.exception.StepFailedException: com.kms.katalon.core.webui.exception.WebElementNotFoundException: Web element with id: 'Object Repository/OCS-MOBILE /Home - page/Retail stores link' located by 'By.xpath: //a[contains(text(),'Click here for locations')][count(. | //a[@href = 'https://www.agco.ca/sites/default/files/map/ONT_CN_ST_E.html']) = count(//a[@href = 'https://www.agco.ca/sites/default/files/map/ONT_CN_ST_E.html'])]' not found
	at com.kms.katalon.core.keyword.internal.KeywordMain.stepFailed(KeywordMain.groovy:32)
	at com.kms.katalon.core.webui.keyword.internal.WebUIKeywordMain.stepFailed(WebUIKeywordMain.groovy:65)
	at com.kms.katalon.core.webui.keyword.builtin.VerifyElementPresentKeyword$_verifyElementPresent_closure1.doCall(VerifyElementPresentKeyword.groovy:85)
	at com.kms.katalon.core.webui.keyword.builtin.VerifyElementPresentKeyword$_verifyElementPresent_closure1.call(VerifyElementPresentKeyword.groovy)
	at com.kms.katalon.core.webui.keyword.internal.WebUIKeywordMain.runKeyword(WebUIKeywordMain.groovy:21)
	at com.kms.katalon.core.webui.keyword.builtin.VerifyElementPresentKeyword.verifyElementPresent(VerifyElementPresentKeyword.groovy:92)
	at com.kms.katalon.core.webui.keyword.builtin.VerifyElementPresentKeyword.execute(VerifyElementPresentKeyword.groovy:68)
	at com.kms.katalon.core.keyword.internal.KeywordExecutor.executeKeywordForPlatform(KeywordExecutor.groovy:53)
	at com.kms.katalon.core.webui.keyword.WebUiBuiltInKeywords.verifyElementPresent(WebUiBuiltInKeywords.groovy:1418)
	at com.kms.katalon.core.webui.keyword.WebUiBuiltInKeywords$verifyElementPresent$18.call(Unknown Source)
	at Retail stores link.run(Retail stores link:20)
	at com.kms.katalon.core.main.ScriptEngine.run(ScriptEngine.java:194)
	at com.kms.katalon.core.main.ScriptEngine.runScriptAsRawText(ScriptEngine.java:119)
	at com.kms.katalon.core.main.TestCaseExecutor.runScript(TestCaseExecutor.java:328)
	at com.kms.katalon.core.main.TestCaseExecutor.doExecute(TestCaseExecutor.java:319)
	at com.kms.katalon.core.main.TestCaseExecutor.processExecutionPhase(TestCaseExecutor.java:298)
	at com.kms.katalon.core.main.TestCaseExecutor.accessMainPhase(TestCaseExecutor.java:290)
	at com.kms.katalon.core.main.TestCaseExecutor.execute(TestCaseExecutor.java:224)
	at com.kms.katalon.core.main.TestSuiteExecutor.accessTestCaseMainPhase(TestSuiteExecutor.java:129)
	at com.kms.katalon.core.main.TestSuiteExecutor.accessTestSuiteMainPhase(TestSuiteExecutor.java:112)
	at com.kms.katalon.core.main.TestSuiteExecutor.execute(TestSuiteExecutor.java:81)
	at com.kms.katalon.core.main.TestCaseMain.startTestSuite(TestCaseMain.java:149)
	at com.kms.katalon.core.main.TestCaseMain$startTestSuite$0.call(Unknown Source)
	at TempTestSuite1561754394056.run(TempTestSuite1561754394056.groovy:36)]]></system-out>
         <system-err><![CDATA[2019-06-28 17:08:26 - [TEST_CASE][FAILED] - Test Cases/OCS - MOBILE/OCS- HOME PAGE/Retail stores link: Test Cases/OCS - MOBILE/OCS- HOME PAGE/Retail stores link FAILED.
Reason:
com.kms.katalon.core.exception.StepFailedException: com.kms.katalon.core.webui.exception.WebElementNotFoundException: Web element with id: 'Object Repository/OCS-MOBILE /Home - page/Retail stores link' located by 'By.xpath: //a[contains(text(),'Click here for locations')][count(. | //a[@href = 'https://www.agco.ca/sites/default/files/map/ONT_CN_ST_E.html']) = count(//a[@href = 'https://www.agco.ca/sites/default/files/map/ONT_CN_ST_E.html'])]' not found
	at com.kms.katalon.core.keyword.internal.KeywordMain.stepFailed(KeywordMain.groovy:32)
	at com.kms.katalon.core.webui.keyword.internal.WebUIKeywordMain.stepFailed(WebUIKeywordMain.groovy:65)
	at com.kms.katalon.core.webui.keyword.builtin.VerifyElementPresentKeyword$_verifyElementPresent_closure1.doCall(VerifyElementPresentKeyword.groovy:85)
	at com.kms.katalon.core.webui.keyword.builtin.VerifyElementPresentKeyword$_verifyElementPresent_closure1.call(VerifyElementPresentKeyword.groovy)
	at com.kms.katalon.core.webui.keyword.internal.WebUIKeywordMain.runKeyword(WebUIKeywordMain.groovy:21)
	at com.kms.katalon.core.webui.keyword.builtin.VerifyElementPresentKeyword.verifyElementPresent(VerifyElementPresentKeyword.groovy:92)
	at com.kms.katalon.core.webui.keyword.builtin.VerifyElementPresentKeyword.execute(VerifyElementPresentKeyword.groovy:68)
	at com.kms.katalon.core.keyword.internal.KeywordExecutor.executeKeywordForPlatform(KeywordExecutor.groovy:53)
	at com.kms.katalon.core.webui.keyword.WebUiBuiltInKeywords.verifyElementPresent(WebUiBuiltInKeywords.groovy:1418)
	at com.kms.katalon.core.webui.keyword.WebUiBuiltInKeywords$verifyElementPresent$18.call(Unknown Source)
	at Retail stores link.run(Retail stores link:20)
	at com.kms.katalon.core.main.ScriptEngine.run(ScriptEngine.java:194)
	at com.kms.katalon.core.main.ScriptEngine.runScriptAsRawText(ScriptEngine.java:119)
	at com.kms.katalon.core.main.TestCaseExecutor.runScript(TestCaseExecutor.java:328)
	at com.kms.katalon.core.main.TestCaseExecutor.doExecute(TestCaseExecutor.java:319)
	at com.kms.katalon.core.main.TestCaseExecutor.processExecutionPhase(TestCaseExecutor.java:298)
	at com.kms.katalon.core.main.TestCaseExecutor.accessMainPhase(TestCaseExecutor.java:290)
	at com.kms.katalon.core.main.TestCaseExecutor.execute(TestCaseExecutor.java:224)
	at com.kms.katalon.core.main.TestSuiteExecutor.accessTestCaseMainPhase(TestSuiteExecutor.java:129)
	at com.kms.katalon.core.main.TestSuiteExecutor.accessTestSuiteMainPhase(TestSuiteExecutor.java:112)
	at com.kms.katalon.core.main.TestSuiteExecutor.execute(TestSuiteExecutor.java:81)
	at com.kms.katalon.core.main.TestCaseMain.startTestSuite(TestCaseMain.java:149)
	at com.kms.katalon.core.main.TestCaseMain$startTestSuite$0.call(Unknown Source)
	at TempTestSuite1561754394056.run(TempTestSuite1561754394056.groovy:36)]]></system-err>
      </testcase>
      <testcase name="Test Cases/OCS - MOBILE/OCS- HOME PAGE/Screen reader link" classname="Test Cases/OCS - MOBILE/OCS- HOME PAGE/Screen reader link" status="FAILED">
         <failure type="FAILED" message="Test Cases/OCS - MOBILE/OCS- HOME PAGE/Screen reader link FAILED.
Reason:
com.kms.katalon.core.exception.StepFailedException: Unable to click on object 'Object Repository/OCS-MOBILE /Home - page/Screen readers link' (Root cause: com.kms.katalon.core.webui.exception.WebElementNotFoundException: Web element with id: 'Object Repository/OCS-MOBILE /Home - page/Screen readers link' located by 'By.xpath: //a[contains(text(),'Customers with difficulties using screen readers')]' not found)
	at com.kms.katalon.core.keyword.internal.KeywordMain.stepFailed(KeywordMain.groovy:36)
	at com.kms.katalon.core.webui.keyword.internal.WebUIKeywordMain.stepFailed(WebUIKeywordMain.groovy:65)
	at com.kms.katalon.core.webui.keyword.internal.WebUIKeywordMain.runKeyword(WebUIKeywordMain.groovy:27)
	at com.kms.katalon.core.webui.keyword.builtin.ClickKeyword.click(ClickKeyword.groovy:86)
	at com.kms.katalon.core.webui.keyword.builtin.ClickKeyword.execute(ClickKeyword.groovy:67)
	at com.kms.katalon.core.keyword.internal.KeywordExecutor.executeKeywordForPlatform(KeywordExecutor.groovy:53)
	at com.kms.katalon.core.webui.keyword.WebUiBuiltInKeywords.click(WebUiBuiltInKeywords.groovy:616)
	at com.kms.katalon.core.webui.keyword.WebUiBuiltInKeywords$click$3.call(Unknown Source)
	at Screen reader link.run(Screen reader link:20)
	at com.kms.katalon.core.main.ScriptEngine.run(ScriptEngine.java:194)
	at com.kms.katalon.core.main.ScriptEngine.runScriptAsRawText(ScriptEngine.java:119)
	at com.kms.katalon.core.main.TestCaseExecutor.runScript(TestCaseExecutor.java:328)
	at com.kms.katalon.core.main.TestCaseExecutor.doExecute(TestCaseExecutor.java:319)
	at com.kms.katalon.core.main.TestCaseExecutor.processExecutionPhase(TestCaseExecutor.java:298)
	at com.kms.katalon.core.main.TestCaseExecutor.accessMainPhase(TestCaseExecutor.java:290)
	at com.kms.katalon.core.main.TestCaseExecutor.execute(TestCaseExecutor.java:224)
	at com.kms.katalon.core.main.TestSuiteExecutor.accessTestCaseMainPhase(TestSuiteExecutor.java:129)
	at com.kms.katalon.core.main.TestSuiteExecutor.accessTestSuiteMainPhase(TestSuiteExecutor.java:112)
	at com.kms.katalon.core.main.TestSuiteExecutor.execute(TestSuiteExecutor.java:81)
	at com.kms.katalon.core.main.TestCaseMain.startTestSuite(TestCaseMain.java:149)
	at com.kms.katalon.core.main.TestCaseMain$startTestSuite$0.call(Unknown Source)
	at TempTestSuite1561754394056.run(TempTestSuite1561754394056.groovy:36)
"/>
         <system-out><![CDATA[2019-06-28 17:09:14 - [TEST_CASE][FAILED] - Test Cases/OCS - MOBILE/OCS- HOME PAGE/Screen reader link: Test Cases/OCS - MOBILE/OCS- HOME PAGE/Screen reader link FAILED.
Reason:
com.kms.katalon.core.exception.StepFailedException: Unable to click on object 'Object Repository/OCS-MOBILE /Home - page/Screen readers link' (Root cause: com.kms.katalon.core.webui.exception.WebElementNotFoundException: Web element with id: 'Object Repository/OCS-MOBILE /Home - page/Screen readers link' located by 'By.xpath: //a[contains(text(),'Customers with difficulties using screen readers')]' not found)
	at com.kms.katalon.core.keyword.internal.KeywordMain.stepFailed(KeywordMain.groovy:36)
	at com.kms.katalon.core.webui.keyword.internal.WebUIKeywordMain.stepFailed(WebUIKeywordMain.groovy:65)
	at com.kms.katalon.core.webui.keyword.internal.WebUIKeywordMain.runKeyword(WebUIKeywordMain.groovy:27)
	at com.kms.katalon.core.webui.keyword.builtin.ClickKeyword.click(ClickKeyword.groovy:86)
	at com.kms.katalon.core.webui.keyword.builtin.ClickKeyword.execute(ClickKeyword.groovy:67)
	at com.kms.katalon.core.keyword.internal.KeywordExecutor.executeKeywordForPlatform(KeywordExecutor.groovy:53)
	at com.kms.katalon.core.webui.keyword.WebUiBuiltInKeywords.click(WebUiBuiltInKeywords.groovy:616)
	at com.kms.katalon.core.webui.keyword.WebUiBuiltInKeywords$click$3.call(Unknown Source)
	at Screen reader link.run(Screen reader link:20)
	at com.kms.katalon.core.main.ScriptEngine.run(ScriptEngine.java:194)
	at com.kms.katalon.core.main.ScriptEngine.runScriptAsRawText(ScriptEngine.java:119)
	at com.kms.katalon.core.main.TestCaseExecutor.runScript(TestCaseExecutor.java:328)
	at com.kms.katalon.core.main.TestCaseExecutor.doExecute(TestCaseExecutor.java:319)
	at com.kms.katalon.core.main.TestCaseExecutor.processExecutionPhase(TestCaseExecutor.java:298)
	at com.kms.katalon.core.main.TestCaseExecutor.accessMainPhase(TestCaseExecutor.java:290)
	at com.kms.katalon.core.main.TestCaseExecutor.execute(TestCaseExecutor.java:224)
	at com.kms.katalon.core.main.TestSuiteExecutor.accessTestCaseMainPhase(TestSuiteExecutor.java:129)
	at com.kms.katalon.core.main.TestSuiteExecutor.accessTestSuiteMainPhase(TestSuiteExecutor.java:112)
	at com.kms.katalon.core.main.TestSuiteExecutor.execute(TestSuiteExecutor.java:81)
	at com.kms.katalon.core.main.TestCaseMain.startTestSuite(TestCaseMain.java:149)
	at com.kms.katalon.core.main.TestCaseMain$startTestSuite$0.call(Unknown Source)
	at TempTestSuite1561754394056.run(TempTestSuite1561754394056.groovy:36)


2019-06-28 17:09:14 - [TEST_STEP][PASSED] - callTestCase(findTestCase("OCS - MOBILE/CALL - AGE GATE"), [:], STOP_ON_FAILURE): Call Test Case 'Test Cases/OCS - MOBILE/CALL - AGE GATE' successfully

2019-06-28 17:09:14 - [TEST_CASE][PASSED] - Test Cases/OCS - MOBILE/CALL - AGE GATE: Test Cases/OCS - MOBILE/CALL - AGE GATE

2019-06-28 17:09:14 - [TEST_STEP][PASSED] - openBrowser(""): Browser is opened with url: ''

2019-06-28 17:09:14 - [MESSAGE][WARNING] - A browser is already opened. Closing browser and opening a new one

2019-06-28 17:09:14 - [MESSAGE][INFO] - Starting 'Safari' driver

2019-06-28 17:09:15 - [MESSAGE][PASSED] - Browser is opened with url: ''

2019-06-28 17:09:15 - [TEST_STEP][PASSED] - navigateToUrl("ocs.ca"): Navigate to 'http://ocs.ca' successfully

2019-06-28 17:09:17 - [MESSAGE][PASSED] - Navigate to 'http://ocs.ca' successfully

2019-06-28 17:09:17 - [TEST_STEP][NOT_RUN] - executeJavaScript("var previewBar = document.getElementById("preview-bar-iframe"); previewBar.style.display = "none";", []): NOT_RUN: executeJavaScript("var previewBar = document.getElementById("preview-bar-iframe"); previewBar.style.display = "none";", [])

2019-06-28 17:09:17 - [MESSAGE][NOT_RUN] - NOT_RUN: executeJavaScript("var previewBar = document.getElementById("preview-bar-iframe"); previewBar.style.display = "none";", [])

2019-06-28 17:09:17 - [TEST_STEP][PASSED] - setViewPortSize(360, 800): Viewport is set to new size with width = 360 and height = 800

2019-06-28 17:09:17 - [MESSAGE][PASSED] - Viewport is set to new size with width = 360 and height = 800

2019-06-28 17:09:17 - [TEST_STEP][PASSED] - delay(4): Delayed 4 second(s)

2019-06-28 17:09:21 - [MESSAGE][PASSED] - Delayed 4 second(s)

2019-06-28 17:09:21 - [TEST_STEP][PASSED] - selectOptionByValue(findTestObject("OCS-MOBILE /Age gate and burger menu/Date"), "12", true): All options with value '12' are selected in object 'Object Repository/OCS-MOBILE /Age gate and burger menu/Date'  using regular expression

2019-06-28 17:09:21 - [MESSAGE][PASSED] - All options with value '12' are selected in object 'Object Repository/OCS-MOBILE /Age gate and burger menu/Date'  using regular expression

2019-06-28 17:09:21 - [TEST_STEP][PASSED] - selectOptionByValue(findTestObject("OCS-MOBILE /Age gate and burger menu/month"), "6", true): All options with value '6' are selected in object 'Object Repository/OCS-MOBILE /Age gate and burger menu/month'  using regular expression

2019-06-28 17:09:21 - [MESSAGE][PASSED] - All options with value '6' are selected in object 'Object Repository/OCS-MOBILE /Age gate and burger menu/month'  using regular expression

2019-06-28 17:09:21 - [TEST_STEP][PASSED] - delay(2): Delayed 2 second(s)

2019-06-28 17:09:23 - [MESSAGE][PASSED] - Delayed 2 second(s)

2019-06-28 17:09:23 - [TEST_STEP][PASSED] - selectOptionByValue(findTestObject("OCS-MOBILE /Age gate and burger menu/Year Dropdown"), "1990", true): All options with value '1990' are selected in object 'Object Repository/OCS-MOBILE /Age gate and burger menu/Year Dropdown'  using regular expression

2019-06-28 17:09:25 - [MESSAGE][PASSED] - All options with value '1990' are selected in object 'Object Repository/OCS-MOBILE /Age gate and burger menu/Year Dropdown'  using regular expression

2019-06-28 17:09:25 - [TEST_STEP][PASSED] - click(findTestObject("OCS-MOBILE /Age gate and Mega menu/button_Verify")): Object: 'Object Repository/OCS-MOBILE /Age gate and Mega menu/button_Verify' is clicked on

2019-06-28 17:09:25 - [MESSAGE][PASSED] - Object: 'Object Repository/OCS-MOBILE /Age gate and Mega menu/button_Verify' is clicked on

2019-06-28 17:09:25 - [TEST_STEP][PASSED] - click(findTestObject("OCS-MOBILE /Age gate and Mega menu/Checkbox_CONFIRM AND ACKNOWLEDGE")): Object: 'Object Repository/OCS-MOBILE /Age gate and Mega menu/Checkbox_CONFIRM AND ACKNOWLEDGE' is clicked on

2019-06-28 17:09:25 - [MESSAGE][PASSED] - Object: 'Object Repository/OCS-MOBILE /Age gate and Mega menu/Checkbox_CONFIRM AND ACKNOWLEDGE' is clicked on

2019-06-28 17:09:25 - [TEST_STEP][PASSED] - click(findTestObject("OCS-MOBILE /Age gate and Mega menu/button_CONFIRM")): Object: 'Object Repository/OCS-MOBILE /Age gate and Mega menu/button_CONFIRM' is clicked on

2019-06-28 17:09:25 - [MESSAGE][PASSED] - Object: 'Object Repository/OCS-MOBILE /Age gate and Mega menu/button_CONFIRM' is clicked on

2019-06-28 17:09:25 - [TEST_STEP][PASSED] - click(findTestObject("OCS-MOBILE /Age gate and Mega menu/button_Start Browsing")): Object: 'Object Repository/OCS-MOBILE /Age gate and Mega menu/button_Start Browsing' is clicked on

2019-06-28 17:09:25 - [MESSAGE][PASSED] - Object: 'Object Repository/OCS-MOBILE /Age gate and Mega menu/button_Start Browsing' is clicked on

2019-06-28 17:09:25 - [TEST_STEP][PASSED] - refresh(): Refresh successfully

2019-06-28 17:09:28 - [MESSAGE][PASSED] - Refresh successfully

2019-06-28 17:09:28 - [TEST_STEP][NOT_RUN] - executeJavaScript("var previewBar = document.getElementById("preview-bar-iframe"); previewBar.style.display = "none";", []): NOT_RUN: executeJavaScript("var previewBar = document.getElementById("preview-bar-iframe"); previewBar.style.display = "none";", [])

2019-06-28 17:09:28 - [MESSAGE][NOT_RUN] - NOT_RUN: executeJavaScript("var previewBar = document.getElementById("preview-bar-iframe"); previewBar.style.display = "none";", [])

2019-06-28 17:09:28 - [MESSAGE][PASSED] - Call Test Case 'Test Cases/OCS - MOBILE/CALL - AGE GATE' successfully

2019-06-28 17:09:28 - [TEST_STEP][PASSED] - delay(2): Delayed 2 second(s)

2019-06-28 17:09:30 - [MESSAGE][PASSED] - Delayed 2 second(s)

2019-06-28 17:09:30 - [TEST_STEP][FAILED] - click(findTestObject("OCS-MOBILE /Home - page/Screen readers link")): click(findTestObject("OCS-MOBILE /Home - page/Screen readers link")) FAILED.
Reason:
com.kms.katalon.core.exception.StepFailedException: Unable to click on object 'Object Repository/OCS-MOBILE /Home - page/Screen readers link' (Root cause: com.kms.katalon.core.webui.exception.WebElementNotFoundException: Web element with id: 'Object Repository/OCS-MOBILE /Home - page/Screen readers link' located by 'By.xpath: //a[contains(text(),'Customers with difficulties using screen readers')]' not found)
	at com.kms.katalon.core.keyword.internal.KeywordMain.stepFailed(KeywordMain.groovy:36)
	at com.kms.katalon.core.webui.keyword.internal.WebUIKeywordMain.stepFailed(WebUIKeywordMain.groovy:65)
	at com.kms.katalon.core.webui.keyword.internal.WebUIKeywordMain.runKeyword(WebUIKeywordMain.groovy:27)
	at com.kms.katalon.core.webui.keyword.builtin.ClickKeyword.click(ClickKeyword.groovy:86)
	at com.kms.katalon.core.webui.keyword.builtin.ClickKeyword.execute(ClickKeyword.groovy:67)
	at com.kms.katalon.core.keyword.internal.KeywordExecutor.executeKeywordForPlatform(KeywordExecutor.groovy:53)
	at com.kms.katalon.core.webui.keyword.WebUiBuiltInKeywords.click(WebUiBuiltInKeywords.groovy:616)
	at com.kms.katalon.core.webui.keyword.WebUiBuiltInKeywords$click$3.call(Unknown Source)
	at Screen reader link.run(Screen reader link:20)
	at com.kms.katalon.core.main.ScriptEngine.run(ScriptEngine.java:194)
	at com.kms.katalon.core.main.ScriptEngine.runScriptAsRawText(ScriptEngine.java:119)
	at com.kms.katalon.core.main.TestCaseExecutor.runScript(TestCaseExecutor.java:328)
	at com.kms.katalon.core.main.TestCaseExecutor.doExecute(TestCaseExecutor.java:319)
	at com.kms.katalon.core.main.TestCaseExecutor.processExecutionPhase(TestCaseExecutor.java:298)
	at com.kms.katalon.core.main.TestCaseExecutor.accessMainPhase(TestCaseExecutor.java:290)
	at com.kms.katalon.core.main.TestCaseExecutor.execute(TestCaseExecutor.java:224)
	at com.kms.katalon.core.main.TestSuiteExecutor.accessTestCaseMainPhase(TestSuiteExecutor.java:129)
	at com.kms.katalon.core.main.TestSuiteExecutor.accessTestSuiteMainPhase(TestSuiteExecutor.java:112)
	at com.kms.katalon.core.main.TestSuiteExecutor.execute(TestSuiteExecutor.java:81)
	at com.kms.katalon.core.main.TestCaseMain.startTestSuite(TestCaseMain.java:149)
	at com.kms.katalon.core.main.TestCaseMain$startTestSuite$0.call(Unknown Source)
	at TempTestSuite1561754394056.run(TempTestSuite1561754394056.groovy:36)


2019-06-28 17:10:01 - [MESSAGE][INFO] - Unable to find the element located by 'By.xpath: //a[contains(text(),'Customers with difficulties using screen readers')]'. Please recheck the objects properties to make sure the desired element is located. 

2019-06-28 17:10:01 - [MESSAGE][FAILED] - Unable to click on object 'Object Repository/OCS-MOBILE /Home - page/Screen readers link' (Root cause: com.kms.katalon.core.webui.exception.WebElementNotFoundException: Web element with id: 'Object Repository/OCS-MOBILE /Home - page/Screen readers link' located by 'By.xpath: //a[contains(text(),'Customers with difficulties using screen readers')]' not found)
[[ATTACHMENT|/Users/sumankompelly/Relative xpath-Mobile/Reports/Live site/20190628_163954/1561756201096.png]]

2019-06-28 17:10:01 - [MESSAGE][FAILED] - click(findTestObject("OCS-MOBILE /Home - page/Screen readers link")) FAILED.
Reason:
com.kms.katalon.core.exception.StepFailedException: Unable to click on object 'Object Repository/OCS-MOBILE /Home - page/Screen readers link' (Root cause: com.kms.katalon.core.webui.exception.WebElementNotFoundException: Web element with id: 'Object Repository/OCS-MOBILE /Home - page/Screen readers link' located by 'By.xpath: //a[contains(text(),'Customers with difficulties using screen readers')]' not found)
	at com.kms.katalon.core.keyword.internal.KeywordMain.stepFailed(KeywordMain.groovy:36)
	at com.kms.katalon.core.webui.keyword.internal.WebUIKeywordMain.stepFailed(WebUIKeywordMain.groovy:65)
	at com.kms.katalon.core.webui.keyword.internal.WebUIKeywordMain.runKeyword(WebUIKeywordMain.groovy:27)
	at com.kms.katalon.core.webui.keyword.builtin.ClickKeyword.click(ClickKeyword.groovy:86)
	at com.kms.katalon.core.webui.keyword.builtin.ClickKeyword.execute(ClickKeyword.groovy:67)
	at com.kms.katalon.core.keyword.internal.KeywordExecutor.executeKeywordForPlatform(KeywordExecutor.groovy:53)
	at com.kms.katalon.core.webui.keyword.WebUiBuiltInKeywords.click(WebUiBuiltInKeywords.groovy:616)
	at com.kms.katalon.core.webui.keyword.WebUiBuiltInKeywords$click$3.call(Unknown Source)
	at Screen reader link.run(Screen reader link:20)
	at com.kms.katalon.core.main.ScriptEngine.run(ScriptEngine.java:194)
	at com.kms.katalon.core.main.ScriptEngine.runScriptAsRawText(ScriptEngine.java:119)
	at com.kms.katalon.core.main.TestCaseExecutor.runScript(TestCaseExecutor.java:328)
	at com.kms.katalon.core.main.TestCaseExecutor.doExecute(TestCaseExecutor.java:319)
	at com.kms.katalon.core.main.TestCaseExecutor.processExecutionPhase(TestCaseExecutor.java:298)
	at com.kms.katalon.core.main.TestCaseExecutor.accessMainPhase(TestCaseExecutor.java:290)
	at com.kms.katalon.core.main.TestCaseExecutor.execute(TestCaseExecutor.java:224)
	at com.kms.katalon.core.main.TestSuiteExecutor.accessTestCaseMainPhase(TestSuiteExecutor.java:129)
	at com.kms.katalon.core.main.TestSuiteExecutor.accessTestSuiteMainPhase(TestSuiteExecutor.java:112)
	at com.kms.katalon.core.main.TestSuiteExecutor.execute(TestSuiteExecutor.java:81)
	at com.kms.katalon.core.main.TestCaseMain.startTestSuite(TestCaseMain.java:149)
	at com.kms.katalon.core.main.TestCaseMain$startTestSuite$0.call(Unknown Source)
	at TempTestSuite1561754394056.run(TempTestSuite1561754394056.groovy:36)]]></system-out>
         <system-err><![CDATA[2019-06-28 17:09:14 - [TEST_CASE][FAILED] - Test Cases/OCS - MOBILE/OCS- HOME PAGE/Screen reader link: Test Cases/OCS - MOBILE/OCS- HOME PAGE/Screen reader link FAILED.
Reason:
com.kms.katalon.core.exception.StepFailedException: Unable to click on object 'Object Repository/OCS-MOBILE /Home - page/Screen readers link' (Root cause: com.kms.katalon.core.webui.exception.WebElementNotFoundException: Web element with id: 'Object Repository/OCS-MOBILE /Home - page/Screen readers link' located by 'By.xpath: //a[contains(text(),'Customers with difficulties using screen readers')]' not found)
	at com.kms.katalon.core.keyword.internal.KeywordMain.stepFailed(KeywordMain.groovy:36)
	at com.kms.katalon.core.webui.keyword.internal.WebUIKeywordMain.stepFailed(WebUIKeywordMain.groovy:65)
	at com.kms.katalon.core.webui.keyword.internal.WebUIKeywordMain.runKeyword(WebUIKeywordMain.groovy:27)
	at com.kms.katalon.core.webui.keyword.builtin.ClickKeyword.click(ClickKeyword.groovy:86)
	at com.kms.katalon.core.webui.keyword.builtin.ClickKeyword.execute(ClickKeyword.groovy:67)
	at com.kms.katalon.core.keyword.internal.KeywordExecutor.executeKeywordForPlatform(KeywordExecutor.groovy:53)
	at com.kms.katalon.core.webui.keyword.WebUiBuiltInKeywords.click(WebUiBuiltInKeywords.groovy:616)
	at com.kms.katalon.core.webui.keyword.WebUiBuiltInKeywords$click$3.call(Unknown Source)
	at Screen reader link.run(Screen reader link:20)
	at com.kms.katalon.core.main.ScriptEngine.run(ScriptEngine.java:194)
	at com.kms.katalon.core.main.ScriptEngine.runScriptAsRawText(ScriptEngine.java:119)
	at com.kms.katalon.core.main.TestCaseExecutor.runScript(TestCaseExecutor.java:328)
	at com.kms.katalon.core.main.TestCaseExecutor.doExecute(TestCaseExecutor.java:319)
	at com.kms.katalon.core.main.TestCaseExecutor.processExecutionPhase(TestCaseExecutor.java:298)
	at com.kms.katalon.core.main.TestCaseExecutor.accessMainPhase(TestCaseExecutor.java:290)
	at com.kms.katalon.core.main.TestCaseExecutor.execute(TestCaseExecutor.java:224)
	at com.kms.katalon.core.main.TestSuiteExecutor.accessTestCaseMainPhase(TestSuiteExecutor.java:129)
	at com.kms.katalon.core.main.TestSuiteExecutor.accessTestSuiteMainPhase(TestSuiteExecutor.java:112)
	at com.kms.katalon.core.main.TestSuiteExecutor.execute(TestSuiteExecutor.java:81)
	at com.kms.katalon.core.main.TestCaseMain.startTestSuite(TestCaseMain.java:149)
	at com.kms.katalon.core.main.TestCaseMain$startTestSuite$0.call(Unknown Source)
	at TempTestSuite1561754394056.run(TempTestSuite1561754394056.groovy:36)]]></system-err>
      </testcase>
      <testcase name="Test Cases/OCS - MOBILE/OCS- HOME PAGE/HP-Burger menu -cannabis" classname="Test Cases/OCS - MOBILE/OCS- HOME PAGE/HP-Burger menu -cannabis" status="FAILED">
         <failure type="FAILED" message="Test Cases/OCS - MOBILE/OCS- HOME PAGE/HP-Burger menu -cannabis FAILED.
Reason:
com.kms.katalon.core.exception.StepFailedException: Unable to click on object 'Object Repository/OCS-MOBILE /Age gate and burger menu/Burger menu - English' (Root cause: org.openqa.selenium.WebDriverException: 
Build info: version: '3.7.1', revision: '8a0099a', time: '2017-11-06T21:07:36.161Z'
System info: host: 'sumans-MacBook-Pro.local', ip: 'fe80:0:0:0:14f6:8d5f:4e59:4e6f%en0', os.name: 'Mac OS X', os.arch: 'x86_64', os.version: '10.13.6', java.version: '1.8.0_181'
Driver info: com.kms.katalon.selenium.driver.CSafariDriver
Capabilities {acceptInsecureCerts: false, browserName: Safari, browserVersion: 12.1, javascriptEnabled: true, platform: MAC, platformName: MAC, safari:automaticInspection: false, safari:automaticProfiling: false, safari:diagnose: false, setWindowRect: true, strictFileInteractability: false, webkit:WebRTC: {DisableICECandidateFiltering: false, DisableInsecureMediaCapture: false}}
Session ID: B243998A-260B-463A-8DA3-7E7D0A542965)
	at com.kms.katalon.core.keyword.internal.KeywordMain.stepFailed(KeywordMain.groovy:32)
	at com.kms.katalon.core.webui.keyword.internal.WebUIKeywordMain.stepFailed(WebUIKeywordMain.groovy:65)
	at com.kms.katalon.core.webui.keyword.internal.WebUIKeywordMain.runKeyword(WebUIKeywordMain.groovy:27)
	at com.kms.katalon.core.webui.keyword.builtin.ClickKeyword.click(ClickKeyword.groovy:86)
	at com.kms.katalon.core.webui.keyword.builtin.ClickKeyword.execute(ClickKeyword.groovy:67)
	at com.kms.katalon.core.keyword.internal.KeywordExecutor.executeKeywordForPlatform(KeywordExecutor.groovy:53)
	at com.kms.katalon.core.webui.keyword.WebUiBuiltInKeywords.click(WebUiBuiltInKeywords.groovy:604)
	at com.kms.katalon.core.webui.keyword.WebUiBuiltInKeywords$click$6.call(Unknown Source)
	at HP-Burger menu -cannabis.run(HP-Burger menu -cannabis:134)
	at com.kms.katalon.core.main.ScriptEngine.run(ScriptEngine.java:194)
	at com.kms.katalon.core.main.ScriptEngine.runScriptAsRawText(ScriptEngine.java:119)
	at com.kms.katalon.core.main.TestCaseExecutor.runScript(TestCaseExecutor.java:328)
	at com.kms.katalon.core.main.TestCaseExecutor.doExecute(TestCaseExecutor.java:319)
	at com.kms.katalon.core.main.TestCaseExecutor.processExecutionPhase(TestCaseExecutor.java:298)
	at com.kms.katalon.core.main.TestCaseExecutor.accessMainPhase(TestCaseExecutor.java:290)
	at com.kms.katalon.core.main.TestCaseExecutor.execute(TestCaseExecutor.java:224)
	at com.kms.katalon.core.main.TestSuiteExecutor.accessTestCaseMainPhase(TestSuiteExecutor.java:129)
	at com.kms.katalon.core.main.TestSuiteExecutor.accessTestSuiteMainPhase(TestSuiteExecutor.java:112)
	at com.kms.katalon.core.main.TestSuiteExecutor.execute(TestSuiteExecutor.java:81)
	at com.kms.katalon.core.main.TestCaseMain.startTestSuite(TestCaseMain.java:149)
	at com.kms.katalon.core.main.TestCaseMain$startTestSuite$0.call(Unknown Source)
	at TempTestSuite1561754394056.run(TempTestSuite1561754394056.groovy:36)
"/>
         <system-out><![CDATA[2019-06-28 17:10:01 - [TEST_CASE][FAILED] - Test Cases/OCS - MOBILE/OCS- HOME PAGE/HP-Burger menu -cannabis: Test Cases/OCS - MOBILE/OCS- HOME PAGE/HP-Burger menu -cannabis FAILED.
Reason:
com.kms.katalon.core.exception.StepFailedException: Unable to click on object 'Object Repository/OCS-MOBILE /Age gate and burger menu/Burger menu - English' (Root cause: org.openqa.selenium.WebDriverException: 
Build info: version: '3.7.1', revision: '8a0099a', time: '2017-11-06T21:07:36.161Z'
System info: host: 'sumans-MacBook-Pro.local', ip: 'fe80:0:0:0:14f6:8d5f:4e59:4e6f%en0', os.name: 'Mac OS X', os.arch: 'x86_64', os.version: '10.13.6', java.version: '1.8.0_181'
Driver info: com.kms.katalon.selenium.driver.CSafariDriver
Capabilities {acceptInsecureCerts: false, browserName: Safari, browserVersion: 12.1, javascriptEnabled: true, platform: MAC, platformName: MAC, safari:automaticInspection: false, safari:automaticProfiling: false, safari:diagnose: false, setWindowRect: true, strictFileInteractability: false, webkit:WebRTC: {DisableICECandidateFiltering: false, DisableInsecureMediaCapture: false}}
Session ID: B243998A-260B-463A-8DA3-7E7D0A542965)
	at com.kms.katalon.core.keyword.internal.KeywordMain.stepFailed(KeywordMain.groovy:32)
	at com.kms.katalon.core.webui.keyword.internal.WebUIKeywordMain.stepFailed(WebUIKeywordMain.groovy:65)
	at com.kms.katalon.core.webui.keyword.internal.WebUIKeywordMain.runKeyword(WebUIKeywordMain.groovy:27)
	at com.kms.katalon.core.webui.keyword.builtin.ClickKeyword.click(ClickKeyword.groovy:86)
	at com.kms.katalon.core.webui.keyword.builtin.ClickKeyword.execute(ClickKeyword.groovy:67)
	at com.kms.katalon.core.keyword.internal.KeywordExecutor.executeKeywordForPlatform(KeywordExecutor.groovy:53)
	at com.kms.katalon.core.webui.keyword.WebUiBuiltInKeywords.click(WebUiBuiltInKeywords.groovy:604)
	at com.kms.katalon.core.webui.keyword.WebUiBuiltInKeywords$click$6.call(Unknown Source)
	at HP-Burger menu -cannabis.run(HP-Burger menu -cannabis:134)
	at com.kms.katalon.core.main.ScriptEngine.run(ScriptEngine.java:194)
	at com.kms.katalon.core.main.ScriptEngine.runScriptAsRawText(ScriptEngine.java:119)
	at com.kms.katalon.core.main.TestCaseExecutor.runScript(TestCaseExecutor.java:328)
	at com.kms.katalon.core.main.TestCaseExecutor.doExecute(TestCaseExecutor.java:319)
	at com.kms.katalon.core.main.TestCaseExecutor.processExecutionPhase(TestCaseExecutor.java:298)
	at com.kms.katalon.core.main.TestCaseExecutor.accessMainPhase(TestCaseExecutor.java:290)
	at com.kms.katalon.core.main.TestCaseExecutor.execute(TestCaseExecutor.java:224)
	at com.kms.katalon.core.main.TestSuiteExecutor.accessTestCaseMainPhase(TestSuiteExecutor.java:129)
	at com.kms.katalon.core.main.TestSuiteExecutor.accessTestSuiteMainPhase(TestSuiteExecutor.java:112)
	at com.kms.katalon.core.main.TestSuiteExecutor.execute(TestSuiteExecutor.java:81)
	at com.kms.katalon.core.main.TestCaseMain.startTestSuite(TestCaseMain.java:149)
	at com.kms.katalon.core.main.TestCaseMain$startTestSuite$0.call(Unknown Source)
	at TempTestSuite1561754394056.run(TempTestSuite1561754394056.groovy:36)


2019-06-28 17:10:01 - [TEST_STEP][PASSED] - callTestCase(findTestCase("OCS - MOBILE/CALL - AGE GATE"), [:], STOP_ON_FAILURE): Call Test Case 'Test Cases/OCS - MOBILE/CALL - AGE GATE' successfully

2019-06-28 17:10:01 - [TEST_CASE][PASSED] - Test Cases/OCS - MOBILE/CALL - AGE GATE: Test Cases/OCS - MOBILE/CALL - AGE GATE

2019-06-28 17:10:01 - [TEST_STEP][PASSED] - openBrowser(""): Browser is opened with url: ''

2019-06-28 17:10:01 - [MESSAGE][WARNING] - A browser is already opened. Closing browser and opening a new one

2019-06-28 17:10:01 - [MESSAGE][INFO] - Starting 'Safari' driver

2019-06-28 17:10:02 - [MESSAGE][PASSED] - Browser is opened with url: ''

2019-06-28 17:10:02 - [TEST_STEP][PASSED] - navigateToUrl("ocs.ca"): Navigate to 'http://ocs.ca' successfully

2019-06-28 17:10:04 - [MESSAGE][PASSED] - Navigate to 'http://ocs.ca' successfully

2019-06-28 17:10:04 - [TEST_STEP][NOT_RUN] - executeJavaScript("var previewBar = document.getElementById("preview-bar-iframe"); previewBar.style.display = "none";", []): NOT_RUN: executeJavaScript("var previewBar = document.getElementById("preview-bar-iframe"); previewBar.style.display = "none";", [])

2019-06-28 17:10:04 - [MESSAGE][NOT_RUN] - NOT_RUN: executeJavaScript("var previewBar = document.getElementById("preview-bar-iframe"); previewBar.style.display = "none";", [])

2019-06-28 17:10:04 - [TEST_STEP][PASSED] - setViewPortSize(360, 800): Viewport is set to new size with width = 360 and height = 800

2019-06-28 17:10:04 - [MESSAGE][PASSED] - Viewport is set to new size with width = 360 and height = 800

2019-06-28 17:10:04 - [TEST_STEP][PASSED] - delay(4): Delayed 4 second(s)

2019-06-28 17:10:08 - [MESSAGE][PASSED] - Delayed 4 second(s)

2019-06-28 17:10:08 - [TEST_STEP][PASSED] - selectOptionByValue(findTestObject("OCS-MOBILE /Age gate and burger menu/Date"), "12", true): All options with value '12' are selected in object 'Object Repository/OCS-MOBILE /Age gate and burger menu/Date'  using regular expression

2019-06-28 17:10:09 - [MESSAGE][PASSED] - All options with value '12' are selected in object 'Object Repository/OCS-MOBILE /Age gate and burger menu/Date'  using regular expression

2019-06-28 17:10:09 - [TEST_STEP][PASSED] - selectOptionByValue(findTestObject("OCS-MOBILE /Age gate and burger menu/month"), "6", true): All options with value '6' are selected in object 'Object Repository/OCS-MOBILE /Age gate and burger menu/month'  using regular expression

2019-06-28 17:10:09 - [MESSAGE][PASSED] - All options with value '6' are selected in object 'Object Repository/OCS-MOBILE /Age gate and burger menu/month'  using regular expression

2019-06-28 17:10:09 - [TEST_STEP][PASSED] - delay(2): Delayed 2 second(s)

2019-06-28 17:10:11 - [MESSAGE][PASSED] - Delayed 2 second(s)

2019-06-28 17:10:11 - [TEST_STEP][PASSED] - selectOptionByValue(findTestObject("OCS-MOBILE /Age gate and burger menu/Year Dropdown"), "1990", true): All options with value '1990' are selected in object 'Object Repository/OCS-MOBILE /Age gate and burger menu/Year Dropdown'  using regular expression

2019-06-28 17:10:12 - [MESSAGE][PASSED] - All options with value '1990' are selected in object 'Object Repository/OCS-MOBILE /Age gate and burger menu/Year Dropdown'  using regular expression

2019-06-28 17:10:12 - [TEST_STEP][PASSED] - click(findTestObject("OCS-MOBILE /Age gate and Mega menu/button_Verify")): Object: 'Object Repository/OCS-MOBILE /Age gate and Mega menu/button_Verify' is clicked on

2019-06-28 17:10:12 - [MESSAGE][PASSED] - Object: 'Object Repository/OCS-MOBILE /Age gate and Mega menu/button_Verify' is clicked on

2019-06-28 17:10:12 - [TEST_STEP][PASSED] - click(findTestObject("OCS-MOBILE /Age gate and Mega menu/Checkbox_CONFIRM AND ACKNOWLEDGE")): Object: 'Object Repository/OCS-MOBILE /Age gate and Mega menu/Checkbox_CONFIRM AND ACKNOWLEDGE' is clicked on

2019-06-28 17:10:13 - [MESSAGE][PASSED] - Object: 'Object Repository/OCS-MOBILE /Age gate and Mega menu/Checkbox_CONFIRM AND ACKNOWLEDGE' is clicked on

2019-06-28 17:10:13 - [TEST_STEP][PASSED] - click(findTestObject("OCS-MOBILE /Age gate and Mega menu/button_CONFIRM")): Object: 'Object Repository/OCS-MOBILE /Age gate and Mega menu/button_CONFIRM' is clicked on

2019-06-28 17:10:13 - [MESSAGE][PASSED] - Object: 'Object Repository/OCS-MOBILE /Age gate and Mega menu/button_CONFIRM' is clicked on

2019-06-28 17:10:13 - [TEST_STEP][PASSED] - click(findTestObject("OCS-MOBILE /Age gate and Mega menu/button_Start Browsing")): Object: 'Object Repository/OCS-MOBILE /Age gate and Mega menu/button_Start Browsing' is clicked on

2019-06-28 17:10:13 - [MESSAGE][PASSED] - Object: 'Object Repository/OCS-MOBILE /Age gate and Mega menu/button_Start Browsing' is clicked on

2019-06-28 17:10:13 - [TEST_STEP][PASSED] - refresh(): Refresh successfully

2019-06-28 17:10:15 - [MESSAGE][PASSED] - Refresh successfully

2019-06-28 17:10:15 - [TEST_STEP][NOT_RUN] - executeJavaScript("var previewBar = document.getElementById("preview-bar-iframe"); previewBar.style.display = "none";", []): NOT_RUN: executeJavaScript("var previewBar = document.getElementById("preview-bar-iframe"); previewBar.style.display = "none";", [])

2019-06-28 17:10:15 - [MESSAGE][NOT_RUN] - NOT_RUN: executeJavaScript("var previewBar = document.getElementById("preview-bar-iframe"); previewBar.style.display = "none";", [])

2019-06-28 17:10:15 - [MESSAGE][PASSED] - Call Test Case 'Test Cases/OCS - MOBILE/CALL - AGE GATE' successfully

2019-06-28 17:10:15 - [TEST_STEP][PASSED] - delay(2): Delayed 2 second(s)

2019-06-28 17:10:17 - [MESSAGE][PASSED] - Delayed 2 second(s)

2019-06-28 17:10:17 - [TEST_STEP][PASSED] - click(findTestObject("OCS-MOBILE /Age gate and burger menu/Burger menu - English"), CONTINUE_ON_FAILURE): Object: 'Object Repository/OCS-MOBILE /Age gate and burger menu/Burger menu - English' is clicked on

2019-06-28 17:10:17 - [MESSAGE][PASSED] - Object: 'Object Repository/OCS-MOBILE /Age gate and burger menu/Burger menu - English' is clicked on

2019-06-28 17:10:17 - [TEST_STEP][PASSED] - delay(2, CONTINUE_ON_FAILURE): Delayed 2 second(s)

2019-06-28 17:10:19 - [MESSAGE][PASSED] - Delayed 2 second(s)

2019-06-28 17:10:19 - [TEST_STEP][PASSED] - click(findTestObject("OCS-MOBILE /Age gate and burger menu/Chevron_Cannabis")): Object: 'Object Repository/OCS-MOBILE /Age gate and burger menu/Chevron_Cannabis' is clicked on

2019-06-28 17:10:19 - [MESSAGE][PASSED] - Object: 'Object Repository/OCS-MOBILE /Age gate and burger menu/Chevron_Cannabis' is clicked on

2019-06-28 17:10:19 - [TEST_STEP][PASSED] - delay(1, CONTINUE_ON_FAILURE): Delayed 1 second(s)

2019-06-28 17:10:20 - [MESSAGE][PASSED] - Delayed 1 second(s)

2019-06-28 17:10:20 - [TEST_STEP][PASSED] - click(findTestObject("OCS-MOBILE /Cannabis page/Dried flower")): Object: 'Object Repository/OCS-MOBILE /Cannabis page/Dried flower' is clicked on

2019-06-28 17:10:20 - [MESSAGE][PASSED] - Object: 'Object Repository/OCS-MOBILE /Cannabis page/Dried flower' is clicked on

2019-06-28 17:10:20 - [TEST_STEP][PASSED] - delay(1, CONTINUE_ON_FAILURE): Delayed 1 second(s)

2019-06-28 17:10:21 - [MESSAGE][PASSED] - Delayed 1 second(s)

2019-06-28 17:10:21 - [TEST_STEP][PASSED] - click(findTestObject("OCS-MOBILE /Cannabis page/Dried flower")): Object: 'Object Repository/OCS-MOBILE /Cannabis page/Dried flower' is clicked on

2019-06-28 17:10:21 - [MESSAGE][PASSED] - Object: 'Object Repository/OCS-MOBILE /Cannabis page/Dried flower' is clicked on

2019-06-28 17:10:21 - [TEST_STEP][PASSED] - delay(1, CONTINUE_ON_FAILURE): Delayed 1 second(s)

2019-06-28 17:10:22 - [MESSAGE][PASSED] - Delayed 1 second(s)

2019-06-28 17:10:22 - [TEST_STEP][PASSED] - click(findTestObject("OCS-MOBILE /Cannabis page/Dried flower")): Object: 'Object Repository/OCS-MOBILE /Cannabis page/Dried flower' is clicked on

2019-06-28 17:10:22 - [MESSAGE][PASSED] - Object: 'Object Repository/OCS-MOBILE /Cannabis page/Dried flower' is clicked on

2019-06-28 17:10:22 - [TEST_STEP][PASSED] - delay(1, CONTINUE_ON_FAILURE): Delayed 1 second(s)

2019-06-28 17:10:23 - [MESSAGE][PASSED] - Delayed 1 second(s)

2019-06-28 17:10:23 - [TEST_STEP][PASSED] - click(findTestObject("OCS-MOBILE /Cannabis page/Dried flower - Indica dominant")): Object: 'Object Repository/OCS-MOBILE /Cannabis page/Dried flower - Indica dominant' is clicked on

2019-06-28 17:10:25 - [MESSAGE][PASSED] - Object: 'Object Repository/OCS-MOBILE /Cannabis page/Dried flower - Indica dominant' is clicked on

2019-06-28 17:10:25 - [TEST_STEP][PASSED] - delay(1, CONTINUE_ON_FAILURE): Delayed 1 second(s)

2019-06-28 17:10:26 - [MESSAGE][PASSED] - Delayed 1 second(s)

2019-06-28 17:10:26 - [TEST_STEP][PASSED] - click(findTestObject("OCS-MOBILE /Age gate and burger menu/Burger menu - English"), CONTINUE_ON_FAILURE): Object: 'Object Repository/OCS-MOBILE /Age gate and burger menu/Burger menu - English' is clicked on

2019-06-28 17:10:26 - [MESSAGE][PASSED] - Object: 'Object Repository/OCS-MOBILE /Age gate and burger menu/Burger menu - English' is clicked on

2019-06-28 17:10:26 - [TEST_STEP][PASSED] - delay(2, CONTINUE_ON_FAILURE): Delayed 2 second(s)

2019-06-28 17:10:28 - [MESSAGE][PASSED] - Delayed 2 second(s)

2019-06-28 17:10:28 - [TEST_STEP][PASSED] - click(findTestObject("OCS-MOBILE /Age gate and burger menu/Chevron_Cannabis")): Object: 'Object Repository/OCS-MOBILE /Age gate and burger menu/Chevron_Cannabis' is clicked on

2019-06-28 17:10:28 - [MESSAGE][PASSED] - Object: 'Object Repository/OCS-MOBILE /Age gate and burger menu/Chevron_Cannabis' is clicked on

2019-06-28 17:10:28 - [TEST_STEP][PASSED] - delay(1, CONTINUE_ON_FAILURE): Delayed 1 second(s)

2019-06-28 17:10:29 - [MESSAGE][PASSED] - Delayed 1 second(s)

2019-06-28 17:10:29 - [TEST_STEP][PASSED] - click(findTestObject("OCS-MOBILE /Cannabis page/Dried flower")): Object: 'Object Repository/OCS-MOBILE /Cannabis page/Dried flower' is clicked on

2019-06-28 17:10:29 - [MESSAGE][PASSED] - Object: 'Object Repository/OCS-MOBILE /Cannabis page/Dried flower' is clicked on

2019-06-28 17:10:29 - [TEST_STEP][PASSED] - delay(1, CONTINUE_ON_FAILURE): Delayed 1 second(s)

2019-06-28 17:10:30 - [MESSAGE][PASSED] - Delayed 1 second(s)

2019-06-28 17:10:30 - [TEST_STEP][PASSED] - click(findTestObject("OCS-MOBILE /Cannabis page/Dried flower - sativa dominant")): Object: 'Object Repository/OCS-MOBILE /Cannabis page/Dried flower - sativa dominant' is clicked on

2019-06-28 17:10:32 - [MESSAGE][PASSED] - Object: 'Object Repository/OCS-MOBILE /Cannabis page/Dried flower - sativa dominant' is clicked on

2019-06-28 17:10:32 - [TEST_STEP][PASSED] - delay(1, CONTINUE_ON_FAILURE): Delayed 1 second(s)

2019-06-28 17:10:33 - [MESSAGE][PASSED] - Delayed 1 second(s)

2019-06-28 17:10:33 - [TEST_STEP][PASSED] - delay(1, CONTINUE_ON_FAILURE): Delayed 1 second(s)

2019-06-28 17:10:34 - [MESSAGE][PASSED] - Delayed 1 second(s)

2019-06-28 17:10:34 - [TEST_STEP][PASSED] - click(findTestObject("OCS-MOBILE /Age gate and burger menu/Burger menu - English"), CONTINUE_ON_FAILURE): Object: 'Object Repository/OCS-MOBILE /Age gate and burger menu/Burger menu - English' is clicked on

2019-06-28 17:10:34 - [MESSAGE][PASSED] - Object: 'Object Repository/OCS-MOBILE /Age gate and burger menu/Burger menu - English' is clicked on

2019-06-28 17:10:34 - [TEST_STEP][PASSED] - delay(2, CONTINUE_ON_FAILURE): Delayed 2 second(s)

2019-06-28 17:10:36 - [MESSAGE][PASSED] - Delayed 2 second(s)

2019-06-28 17:10:36 - [TEST_STEP][PASSED] - click(findTestObject("OCS-MOBILE /Age gate and burger menu/Chevron_Cannabis")): Object: 'Object Repository/OCS-MOBILE /Age gate and burger menu/Chevron_Cannabis' is clicked on

2019-06-28 17:10:36 - [MESSAGE][PASSED] - Object: 'Object Repository/OCS-MOBILE /Age gate and burger menu/Chevron_Cannabis' is clicked on

2019-06-28 17:10:36 - [TEST_STEP][PASSED] - delay(1, CONTINUE_ON_FAILURE): Delayed 1 second(s)

2019-06-28 17:10:37 - [MESSAGE][PASSED] - Delayed 1 second(s)

2019-06-28 17:10:37 - [TEST_STEP][PASSED] - click(findTestObject("OCS-MOBILE /Cannabis page/Dried flower")): Object: 'Object Repository/OCS-MOBILE /Cannabis page/Dried flower' is clicked on

2019-06-28 17:10:37 - [MESSAGE][PASSED] - Object: 'Object Repository/OCS-MOBILE /Cannabis page/Dried flower' is clicked on

2019-06-28 17:10:37 - [TEST_STEP][PASSED] - delay(1, CONTINUE_ON_FAILURE): Delayed 1 second(s)

2019-06-28 17:10:38 - [MESSAGE][PASSED] - Delayed 1 second(s)

2019-06-28 17:10:38 - [TEST_STEP][PASSED] - click(findTestObject("OCS-MOBILE /Cannabis page/Dried flower - Hybrid")): Object: 'Object Repository/OCS-MOBILE /Cannabis page/Dried flower - Hybrid' is clicked on

2019-06-28 17:10:40 - [MESSAGE][PASSED] - Object: 'Object Repository/OCS-MOBILE /Cannabis page/Dried flower - Hybrid' is clicked on

2019-06-28 17:10:40 - [TEST_STEP][PASSED] - delay(1, CONTINUE_ON_FAILURE): Delayed 1 second(s)

2019-06-28 17:10:41 - [MESSAGE][PASSED] - Delayed 1 second(s)

2019-06-28 17:10:41 - [TEST_STEP][PASSED] - click(findTestObject("OCS-MOBILE /Age gate and burger menu/Burger menu - English"), CONTINUE_ON_FAILURE): Object: 'Object Repository/OCS-MOBILE /Age gate and burger menu/Burger menu - English' is clicked on

2019-06-28 17:10:41 - [MESSAGE][PASSED] - Object: 'Object Repository/OCS-MOBILE /Age gate and burger menu/Burger menu - English' is clicked on

2019-06-28 17:10:41 - [TEST_STEP][PASSED] - delay(2, CONTINUE_ON_FAILURE): Delayed 2 second(s)

2019-06-28 17:10:43 - [MESSAGE][PASSED] - Delayed 2 second(s)

2019-06-28 17:10:43 - [TEST_STEP][PASSED] - click(findTestObject("OCS-MOBILE /Age gate and burger menu/Chevron_Cannabis")): Object: 'Object Repository/OCS-MOBILE /Age gate and burger menu/Chevron_Cannabis' is clicked on

2019-06-28 17:10:43 - [MESSAGE][PASSED] - Object: 'Object Repository/OCS-MOBILE /Age gate and burger menu/Chevron_Cannabis' is clicked on

2019-06-28 17:10:43 - [TEST_STEP][PASSED] - delay(1, CONTINUE_ON_FAILURE): Delayed 1 second(s)

2019-06-28 17:10:44 - [MESSAGE][PASSED] - Delayed 1 second(s)

2019-06-28 17:10:44 - [TEST_STEP][PASSED] - click(findTestObject("OCS-MOBILE /Cannabis page/Dried flower")): Object: 'Object Repository/OCS-MOBILE /Cannabis page/Dried flower' is clicked on

2019-06-28 17:10:44 - [MESSAGE][PASSED] - Object: 'Object Repository/OCS-MOBILE /Cannabis page/Dried flower' is clicked on

2019-06-28 17:10:44 - [TEST_STEP][PASSED] - delay(1, CONTINUE_ON_FAILURE): Delayed 1 second(s)

2019-06-28 17:10:45 - [MESSAGE][PASSED] - Delayed 1 second(s)

2019-06-28 17:10:45 - [TEST_STEP][PASSED] - click(findTestObject("OCS-MOBILE /Cannabis page/Shop all dried flower")): Object: 'Object Repository/OCS-MOBILE /Cannabis page/Shop all dried flower' is clicked on

2019-06-28 17:10:47 - [MESSAGE][PASSED] - Object: 'Object Repository/OCS-MOBILE /Cannabis page/Shop all dried flower' is clicked on

2019-06-28 17:10:47 - [TEST_STEP][PASSED] - delay(1, CONTINUE_ON_FAILURE): Delayed 1 second(s)

2019-06-28 17:10:48 - [MESSAGE][PASSED] - Delayed 1 second(s)

2019-06-28 17:10:48 - [TEST_STEP][PASSED] - click(findTestObject("OCS-MOBILE /Age gate and burger menu/Burger menu - English"), CONTINUE_ON_FAILURE): Object: 'Object Repository/OCS-MOBILE /Age gate and burger menu/Burger menu - English' is clicked on

2019-06-28 17:10:48 - [MESSAGE][PASSED] - Object: 'Object Repository/OCS-MOBILE /Age gate and burger menu/Burger menu - English' is clicked on

2019-06-28 17:10:48 - [TEST_STEP][PASSED] - delay(2, CONTINUE_ON_FAILURE): Delayed 2 second(s)

2019-06-28 17:10:50 - [MESSAGE][PASSED] - Delayed 2 second(s)

2019-06-28 17:10:50 - [TEST_STEP][PASSED] - click(findTestObject("OCS-MOBILE /Age gate and burger menu/Chevron_Cannabis")): Object: 'Object Repository/OCS-MOBILE /Age gate and burger menu/Chevron_Cannabis' is clicked on

2019-06-28 17:10:50 - [MESSAGE][PASSED] - Object: 'Object Repository/OCS-MOBILE /Age gate and burger menu/Chevron_Cannabis' is clicked on

2019-06-28 17:10:50 - [TEST_STEP][PASSED] - delay(1, CONTINUE_ON_FAILURE): Delayed 1 second(s)

2019-06-28 17:10:51 - [MESSAGE][PASSED] - Delayed 1 second(s)

2019-06-28 17:10:51 - [TEST_STEP][PASSED] - click(findTestObject("OCS-MOBILE /Cannabis page/Prerolled - Plus accordian")): Object: 'Object Repository/OCS-MOBILE /Cannabis page/Prerolled - Plus accordian' is clicked on

2019-06-28 17:10:51 - [MESSAGE][PASSED] - Object: 'Object Repository/OCS-MOBILE /Cannabis page/Prerolled - Plus accordian' is clicked on

2019-06-28 17:10:51 - [TEST_STEP][PASSED] - delay(1, CONTINUE_ON_FAILURE): Delayed 1 second(s)

2019-06-28 17:10:52 - [MESSAGE][PASSED] - Delayed 1 second(s)

2019-06-28 17:10:52 - [TEST_STEP][PASSED] - click(findTestObject("OCS-MOBILE /Cannabis page/Prerolled - Plus accordian")): Object: 'Object Repository/OCS-MOBILE /Cannabis page/Prerolled - Plus accordian' is clicked on

2019-06-28 17:10:52 - [MESSAGE][PASSED] - Object: 'Object Repository/OCS-MOBILE /Cannabis page/Prerolled - Plus accordian' is clicked on

2019-06-28 17:10:52 - [TEST_STEP][PASSED] - delay(1, CONTINUE_ON_FAILURE): Delayed 1 second(s)

2019-06-28 17:10:53 - [MESSAGE][PASSED] - Delayed 1 second(s)

2019-06-28 17:10:53 - [TEST_STEP][PASSED] - click(findTestObject("OCS-MOBILE /Cannabis page/Prerolled - Plus accordian")): Object: 'Object Repository/OCS-MOBILE /Cannabis page/Prerolled - Plus accordian' is clicked on

2019-06-28 17:10:53 - [MESSAGE][PASSED] - Object: 'Object Repository/OCS-MOBILE /Cannabis page/Prerolled - Plus accordian' is clicked on

2019-06-28 17:10:53 - [TEST_STEP][PASSED] - delay(1, CONTINUE_ON_FAILURE): Delayed 1 second(s)

2019-06-28 17:10:54 - [MESSAGE][PASSED] - Delayed 1 second(s)

2019-06-28 17:10:54 - [TEST_STEP][PASSED] - click(findTestObject("OCS-MOBILE /Cannabis page/Prerolled - Indica dominant")): Object: 'Object Repository/OCS-MOBILE /Cannabis page/Prerolled - Indica dominant' is clicked on

2019-06-28 17:10:55 - [MESSAGE][PASSED] - Object: 'Object Repository/OCS-MOBILE /Cannabis page/Prerolled - Indica dominant' is clicked on

2019-06-28 17:10:55 - [TEST_STEP][PASSED] - delay(1, CONTINUE_ON_FAILURE): Delayed 1 second(s)

2019-06-28 17:10:56 - [MESSAGE][PASSED] - Delayed 1 second(s)

2019-06-28 17:10:56 - [TEST_STEP][PASSED] - click(findTestObject("OCS-MOBILE /Age gate and burger menu/Burger menu - English"), CONTINUE_ON_FAILURE): Object: 'Object Repository/OCS-MOBILE /Age gate and burger menu/Burger menu - English' is clicked on

2019-06-28 17:10:56 - [MESSAGE][PASSED] - Object: 'Object Repository/OCS-MOBILE /Age gate and burger menu/Burger menu - English' is clicked on

2019-06-28 17:10:56 - [TEST_STEP][PASSED] - delay(2, CONTINUE_ON_FAILURE): Delayed 2 second(s)

2019-06-28 17:10:58 - [MESSAGE][PASSED] - Delayed 2 second(s)

2019-06-28 17:10:58 - [TEST_STEP][PASSED] - click(findTestObject("OCS-MOBILE /Age gate and burger menu/Chevron_Cannabis")): Object: 'Object Repository/OCS-MOBILE /Age gate and burger menu/Chevron_Cannabis' is clicked on

2019-06-28 17:10:58 - [MESSAGE][PASSED] - Object: 'Object Repository/OCS-MOBILE /Age gate and burger menu/Chevron_Cannabis' is clicked on

2019-06-28 17:10:58 - [TEST_STEP][PASSED] - delay(1, CONTINUE_ON_FAILURE): Delayed 1 second(s)

2019-06-28 17:10:59 - [MESSAGE][PASSED] - Delayed 1 second(s)

2019-06-28 17:10:59 - [TEST_STEP][PASSED] - click(findTestObject("OCS-MOBILE /Cannabis page/Prerolled - Plus accordian")): Object: 'Object Repository/OCS-MOBILE /Cannabis page/Prerolled - Plus accordian' is clicked on

2019-06-28 17:10:59 - [MESSAGE][PASSED] - Object: 'Object Repository/OCS-MOBILE /Cannabis page/Prerolled - Plus accordian' is clicked on

2019-06-28 17:10:59 - [TEST_STEP][PASSED] - delay(1, CONTINUE_ON_FAILURE): Delayed 1 second(s)

2019-06-28 17:11:00 - [MESSAGE][PASSED] - Delayed 1 second(s)

2019-06-28 17:11:00 - [TEST_STEP][PASSED] - click(findTestObject("OCS-MOBILE /Cannabis page/Prerolled - sativa dominant")): Object: 'Object Repository/OCS-MOBILE /Cannabis page/Prerolled - sativa dominant' is clicked on

2019-06-28 17:11:00 - [MESSAGE][PASSED] - Object: 'Object Repository/OCS-MOBILE /Cannabis page/Prerolled - sativa dominant' is clicked on

2019-06-28 17:11:00 - [TEST_STEP][PASSED] - delay(1, CONTINUE_ON_FAILURE): Delayed 1 second(s)

2019-06-28 17:11:01 - [MESSAGE][PASSED] - Delayed 1 second(s)

2019-06-28 17:11:01 - [TEST_STEP][FAILED] - click(findTestObject("OCS-MOBILE /Age gate and burger menu/Burger menu - English"), CONTINUE_ON_FAILURE): Unable to click on object 'Object Repository/OCS-MOBILE /Age gate and burger menu/Burger menu - English' (Root cause: org.openqa.selenium.WebDriverException: 
Build info: version: '3.7.1', revision: '8a0099a', time: '2017-11-06T21:07:36.161Z'
System info: host: 'sumans-MacBook-Pro.local', ip: 'fe80:0:0:0:14f6:8d5f:4e59:4e6f%en0', os.name: 'Mac OS X', os.arch: 'x86_64', os.version: '10.13.6', java.version: '1.8.0_181'
Driver info: com.kms.katalon.selenium.driver.CSafariDriver
Capabilities {acceptInsecureCerts: false, browserName: Safari, browserVersion: 12.1, javascriptEnabled: true, platform: MAC, platformName: MAC, safari:automaticInspection: false, safari:automaticProfiling: false, safari:diagnose: false, setWindowRect: true, strictFileInteractability: false, webkit:WebRTC: {DisableICECandidateFiltering: false, DisableInsecureMediaCapture: false}}
Session ID: B243998A-260B-463A-8DA3-7E7D0A542965)

2019-06-28 17:11:01 - [MESSAGE][FAILED] - Unable to click on object 'Object Repository/OCS-MOBILE /Age gate and burger menu/Burger menu - English' (Root cause: org.openqa.selenium.WebDriverException: 
Build info: version: '3.7.1', revision: '8a0099a', time: '2017-11-06T21:07:36.161Z'
System info: host: 'sumans-MacBook-Pro.local', ip: 'fe80:0:0:0:14f6:8d5f:4e59:4e6f%en0', os.name: 'Mac OS X', os.arch: 'x86_64', os.version: '10.13.6', java.version: '1.8.0_181'
Driver info: com.kms.katalon.selenium.driver.CSafariDriver
Capabilities {acceptInsecureCerts: false, browserName: Safari, browserVersion: 12.1, javascriptEnabled: true, platform: MAC, platformName: MAC, safari:automaticInspection: false, safari:automaticProfiling: false, safari:diagnose: false, setWindowRect: true, strictFileInteractability: false, webkit:WebRTC: {DisableICECandidateFiltering: false, DisableInsecureMediaCapture: false}}
Session ID: B243998A-260B-463A-8DA3-7E7D0A542965)
[[ATTACHMENT|/Users/sumankompelly/Relative xpath-Mobile/Reports/Live site/20190628_163954/1561756261827.png]]

2019-06-28 17:11:01 - [TEST_STEP][PASSED] - delay(2, CONTINUE_ON_FAILURE): Delayed 2 second(s)

2019-06-28 17:11:03 - [MESSAGE][PASSED] - Delayed 2 second(s)

2019-06-28 17:11:03 - [TEST_STEP][FAILED] - click(findTestObject("OCS-MOBILE /Age gate and burger menu/Chevron_Cannabis")): click(findTestObject("OCS-MOBILE /Age gate and burger menu/Chevron_Cannabis")) FAILED.
Reason:
com.kms.katalon.core.exception.StepFailedException: Unable to click on object 'Object Repository/OCS-MOBILE /Age gate and burger menu/Burger menu - English' (Root cause: org.openqa.selenium.WebDriverException: 
Build info: version: '3.7.1', revision: '8a0099a', time: '2017-11-06T21:07:36.161Z'
System info: host: 'sumans-MacBook-Pro.local', ip: 'fe80:0:0:0:14f6:8d5f:4e59:4e6f%en0', os.name: 'Mac OS X', os.arch: 'x86_64', os.version: '10.13.6', java.version: '1.8.0_181'
Driver info: com.kms.katalon.selenium.driver.CSafariDriver
Capabilities {acceptInsecureCerts: false, browserName: Safari, browserVersion: 12.1, javascriptEnabled: true, platform: MAC, platformName: MAC, safari:automaticInspection: false, safari:automaticProfiling: false, safari:diagnose: false, setWindowRect: true, strictFileInteractability: false, webkit:WebRTC: {DisableICECandidateFiltering: false, DisableInsecureMediaCapture: false}}
Session ID: B243998A-260B-463A-8DA3-7E7D0A542965)
	at com.kms.katalon.core.keyword.internal.KeywordMain.stepFailed(KeywordMain.groovy:32)
	at com.kms.katalon.core.webui.keyword.internal.WebUIKeywordMain.stepFailed(WebUIKeywordMain.groovy:65)
	at com.kms.katalon.core.webui.keyword.internal.WebUIKeywordMain.runKeyword(WebUIKeywordMain.groovy:27)
	at com.kms.katalon.core.webui.keyword.builtin.ClickKeyword.click(ClickKeyword.groovy:86)
	at com.kms.katalon.core.webui.keyword.builtin.ClickKeyword.execute(ClickKeyword.groovy:67)
	at com.kms.katalon.core.keyword.internal.KeywordExecutor.executeKeywordForPlatform(KeywordExecutor.groovy:53)
	at com.kms.katalon.core.webui.keyword.WebUiBuiltInKeywords.click(WebUiBuiltInKeywords.groovy:604)
	at com.kms.katalon.core.webui.keyword.WebUiBuiltInKeywords$click$6.call(Unknown Source)
	at HP-Burger menu -cannabis.run(HP-Burger menu -cannabis:134)
	at com.kms.katalon.core.main.ScriptEngine.run(ScriptEngine.java:194)
	at com.kms.katalon.core.main.ScriptEngine.runScriptAsRawText(ScriptEngine.java:119)
	at com.kms.katalon.core.main.TestCaseExecutor.runScript(TestCaseExecutor.java:328)
	at com.kms.katalon.core.main.TestCaseExecutor.doExecute(TestCaseExecutor.java:319)
	at com.kms.katalon.core.main.TestCaseExecutor.processExecutionPhase(TestCaseExecutor.java:298)
	at com.kms.katalon.core.main.TestCaseExecutor.accessMainPhase(TestCaseExecutor.java:290)
	at com.kms.katalon.core.main.TestCaseExecutor.execute(TestCaseExecutor.java:224)
	at com.kms.katalon.core.main.TestSuiteExecutor.accessTestCaseMainPhase(TestSuiteExecutor.java:129)
	at com.kms.katalon.core.main.TestSuiteExecutor.accessTestSuiteMainPhase(TestSuiteExecutor.java:112)
	at com.kms.katalon.core.main.TestSuiteExecutor.execute(TestSuiteExecutor.java:81)
	at com.kms.katalon.core.main.TestCaseMain.startTestSuite(TestCaseMain.java:149)
	at com.kms.katalon.core.main.TestCaseMain$startTestSuite$0.call(Unknown Source)
	at TempTestSuite1561754394056.run(TempTestSuite1561754394056.groovy:36)


2019-06-28 17:11:03 - [MESSAGE][FAILED] - Unable to click on object 'Object Repository/OCS-MOBILE /Age gate and burger menu/Chevron_Cannabis' (Root cause: org.openqa.selenium.WebDriverException: 
Build info: version: '3.7.1', revision: '8a0099a', time: '2017-11-06T21:07:36.161Z'
System info: host: 'sumans-MacBook-Pro.local', ip: 'fe80:0:0:0:14f6:8d5f:4e59:4e6f%en0', os.name: 'Mac OS X', os.arch: 'x86_64', os.version: '10.13.6', java.version: '1.8.0_181'
Driver info: com.kms.katalon.selenium.driver.CSafariDriver
Capabilities {acceptInsecureCerts: false, browserName: Safari, browserVersion: 12.1, javascriptEnabled: true, platform: MAC, platformName: MAC, safari:automaticInspection: false, safari:automaticProfiling: false, safari:diagnose: false, setWindowRect: true, strictFileInteractability: false, webkit:WebRTC: {DisableICECandidateFiltering: false, DisableInsecureMediaCapture: false}}
Session ID: B243998A-260B-463A-8DA3-7E7D0A542965)
[[ATTACHMENT|/Users/sumankompelly/Relative xpath-Mobile/Reports/Live site/20190628_163954/1561756263879.png]]

2019-06-28 17:11:03 - [MESSAGE][FAILED] - click(findTestObject("OCS-MOBILE /Age gate and burger menu/Chevron_Cannabis")) FAILED.
Reason:
com.kms.katalon.core.exception.StepFailedException: Unable to click on object 'Object Repository/OCS-MOBILE /Age gate and burger menu/Burger menu - English' (Root cause: org.openqa.selenium.WebDriverException: 
Build info: version: '3.7.1', revision: '8a0099a', time: '2017-11-06T21:07:36.161Z'
System info: host: 'sumans-MacBook-Pro.local', ip: 'fe80:0:0:0:14f6:8d5f:4e59:4e6f%en0', os.name: 'Mac OS X', os.arch: 'x86_64', os.version: '10.13.6', java.version: '1.8.0_181'
Driver info: com.kms.katalon.selenium.driver.CSafariDriver
Capabilities {acceptInsecureCerts: false, browserName: Safari, browserVersion: 12.1, javascriptEnabled: true, platform: MAC, platformName: MAC, safari:automaticInspection: false, safari:automaticProfiling: false, safari:diagnose: false, setWindowRect: true, strictFileInteractability: false, webkit:WebRTC: {DisableICECandidateFiltering: false, DisableInsecureMediaCapture: false}}
Session ID: B243998A-260B-463A-8DA3-7E7D0A542965)
	at com.kms.katalon.core.keyword.internal.KeywordMain.stepFailed(KeywordMain.groovy:32)
	at com.kms.katalon.core.webui.keyword.internal.WebUIKeywordMain.stepFailed(WebUIKeywordMain.groovy:65)
	at com.kms.katalon.core.webui.keyword.internal.WebUIKeywordMain.runKeyword(WebUIKeywordMain.groovy:27)
	at com.kms.katalon.core.webui.keyword.builtin.ClickKeyword.click(ClickKeyword.groovy:86)
	at com.kms.katalon.core.webui.keyword.builtin.ClickKeyword.execute(ClickKeyword.groovy:67)
	at com.kms.katalon.core.keyword.internal.KeywordExecutor.executeKeywordForPlatform(KeywordExecutor.groovy:53)
	at com.kms.katalon.core.webui.keyword.WebUiBuiltInKeywords.click(WebUiBuiltInKeywords.groovy:604)
	at com.kms.katalon.core.webui.keyword.WebUiBuiltInKeywords$click$6.call(Unknown Source)
	at HP-Burger menu -cannabis.run(HP-Burger menu -cannabis:134)
	at com.kms.katalon.core.main.ScriptEngine.run(ScriptEngine.java:194)
	at com.kms.katalon.core.main.ScriptEngine.runScriptAsRawText(ScriptEngine.java:119)
	at com.kms.katalon.core.main.TestCaseExecutor.runScript(TestCaseExecutor.java:328)
	at com.kms.katalon.core.main.TestCaseExecutor.doExecute(TestCaseExecutor.java:319)
	at com.kms.katalon.core.main.TestCaseExecutor.processExecutionPhase(TestCaseExecutor.java:298)
	at com.kms.katalon.core.main.TestCaseExecutor.accessMainPhase(TestCaseExecutor.java:290)
	at com.kms.katalon.core.main.TestCaseExecutor.execute(TestCaseExecutor.java:224)
	at com.kms.katalon.core.main.TestSuiteExecutor.accessTestCaseMainPhase(TestSuiteExecutor.java:129)
	at com.kms.katalon.core.main.TestSuiteExecutor.accessTestSuiteMainPhase(TestSuiteExecutor.java:112)
	at com.kms.katalon.core.main.TestSuiteExecutor.execute(TestSuiteExecutor.java:81)
	at com.kms.katalon.core.main.TestCaseMain.startTestSuite(TestCaseMain.java:149)
	at com.kms.katalon.core.main.TestCaseMain$startTestSuite$0.call(Unknown Source)
	at TempTestSuite1561754394056.run(TempTestSuite1561754394056.groovy:36)]]></system-out>
         <system-err><![CDATA[2019-06-28 17:10:01 - [TEST_CASE][FAILED] - Test Cases/OCS - MOBILE/OCS- HOME PAGE/HP-Burger menu -cannabis: Test Cases/OCS - MOBILE/OCS- HOME PAGE/HP-Burger menu -cannabis FAILED.
Reason:
com.kms.katalon.core.exception.StepFailedException: Unable to click on object 'Object Repository/OCS-MOBILE /Age gate and burger menu/Burger menu - English' (Root cause: org.openqa.selenium.WebDriverException: 
Build info: version: '3.7.1', revision: '8a0099a', time: '2017-11-06T21:07:36.161Z'
System info: host: 'sumans-MacBook-Pro.local', ip: 'fe80:0:0:0:14f6:8d5f:4e59:4e6f%en0', os.name: 'Mac OS X', os.arch: 'x86_64', os.version: '10.13.6', java.version: '1.8.0_181'
Driver info: com.kms.katalon.selenium.driver.CSafariDriver
Capabilities {acceptInsecureCerts: false, browserName: Safari, browserVersion: 12.1, javascriptEnabled: true, platform: MAC, platformName: MAC, safari:automaticInspection: false, safari:automaticProfiling: false, safari:diagnose: false, setWindowRect: true, strictFileInteractability: false, webkit:WebRTC: {DisableICECandidateFiltering: false, DisableInsecureMediaCapture: false}}
Session ID: B243998A-260B-463A-8DA3-7E7D0A542965)
	at com.kms.katalon.core.keyword.internal.KeywordMain.stepFailed(KeywordMain.groovy:32)
	at com.kms.katalon.core.webui.keyword.internal.WebUIKeywordMain.stepFailed(WebUIKeywordMain.groovy:65)
	at com.kms.katalon.core.webui.keyword.internal.WebUIKeywordMain.runKeyword(WebUIKeywordMain.groovy:27)
	at com.kms.katalon.core.webui.keyword.builtin.ClickKeyword.click(ClickKeyword.groovy:86)
	at com.kms.katalon.core.webui.keyword.builtin.ClickKeyword.execute(ClickKeyword.groovy:67)
	at com.kms.katalon.core.keyword.internal.KeywordExecutor.executeKeywordForPlatform(KeywordExecutor.groovy:53)
	at com.kms.katalon.core.webui.keyword.WebUiBuiltInKeywords.click(WebUiBuiltInKeywords.groovy:604)
	at com.kms.katalon.core.webui.keyword.WebUiBuiltInKeywords$click$6.call(Unknown Source)
	at HP-Burger menu -cannabis.run(HP-Burger menu -cannabis:134)
	at com.kms.katalon.core.main.ScriptEngine.run(ScriptEngine.java:194)
	at com.kms.katalon.core.main.ScriptEngine.runScriptAsRawText(ScriptEngine.java:119)
	at com.kms.katalon.core.main.TestCaseExecutor.runScript(TestCaseExecutor.java:328)
	at com.kms.katalon.core.main.TestCaseExecutor.doExecute(TestCaseExecutor.java:319)
	at com.kms.katalon.core.main.TestCaseExecutor.processExecutionPhase(TestCaseExecutor.java:298)
	at com.kms.katalon.core.main.TestCaseExecutor.accessMainPhase(TestCaseExecutor.java:290)
	at com.kms.katalon.core.main.TestCaseExecutor.execute(TestCaseExecutor.java:224)
	at com.kms.katalon.core.main.TestSuiteExecutor.accessTestCaseMainPhase(TestSuiteExecutor.java:129)
	at com.kms.katalon.core.main.TestSuiteExecutor.accessTestSuiteMainPhase(TestSuiteExecutor.java:112)
	at com.kms.katalon.core.main.TestSuiteExecutor.execute(TestSuiteExecutor.java:81)
	at com.kms.katalon.core.main.TestCaseMain.startTestSuite(TestCaseMain.java:149)
	at com.kms.katalon.core.main.TestCaseMain$startTestSuite$0.call(Unknown Source)
	at TempTestSuite1561754394056.run(TempTestSuite1561754394056.groovy:36)]]></system-err>
      </testcase>
      <testcase name="Test Cases/OCS - MOBILE/OCS- HOME PAGE/footer" classname="Test Cases/OCS - MOBILE/OCS- HOME PAGE/footer" status="PASSED">
         <system-out><![CDATA[2019-06-28 17:11:03 - [TEST_CASE][PASSED] - Test Cases/OCS - MOBILE/OCS- HOME PAGE/footer: Test Cases/OCS - MOBILE/OCS- HOME PAGE/footer

2019-06-28 17:11:03 - [TEST_STEP][PASSED] - callTestCase(findTestCase("OCS - MOBILE/CALL - AGE GATE"), [:], STOP_ON_FAILURE): Call Test Case 'Test Cases/OCS - MOBILE/CALL - AGE GATE' successfully

2019-06-28 17:11:04 - [TEST_CASE][PASSED] - Test Cases/OCS - MOBILE/CALL - AGE GATE: Test Cases/OCS - MOBILE/CALL - AGE GATE

2019-06-28 17:11:04 - [TEST_STEP][PASSED] - openBrowser(""): Browser is opened with url: ''

2019-06-28 17:11:04 - [MESSAGE][WARNING] - A browser is already opened. Closing browser and opening a new one

2019-06-28 17:11:04 - [MESSAGE][INFO] - Starting 'Safari' driver

2019-06-28 17:11:04 - [MESSAGE][PASSED] - Browser is opened with url: ''

2019-06-28 17:11:04 - [TEST_STEP][PASSED] - navigateToUrl("ocs.ca"): Navigate to 'http://ocs.ca' successfully

2019-06-28 17:11:07 - [MESSAGE][PASSED] - Navigate to 'http://ocs.ca' successfully

2019-06-28 17:11:07 - [TEST_STEP][NOT_RUN] - executeJavaScript("var previewBar = document.getElementById("preview-bar-iframe"); previewBar.style.display = "none";", []): NOT_RUN: executeJavaScript("var previewBar = document.getElementById("preview-bar-iframe"); previewBar.style.display = "none";", [])

2019-06-28 17:11:07 - [MESSAGE][NOT_RUN] - NOT_RUN: executeJavaScript("var previewBar = document.getElementById("preview-bar-iframe"); previewBar.style.display = "none";", [])

2019-06-28 17:11:07 - [TEST_STEP][PASSED] - setViewPortSize(360, 800): Viewport is set to new size with width = 360 and height = 800

2019-06-28 17:11:07 - [MESSAGE][PASSED] - Viewport is set to new size with width = 360 and height = 800

2019-06-28 17:11:07 - [TEST_STEP][PASSED] - delay(4): Delayed 4 second(s)

2019-06-28 17:11:11 - [MESSAGE][PASSED] - Delayed 4 second(s)

2019-06-28 17:11:11 - [TEST_STEP][PASSED] - selectOptionByValue(findTestObject("OCS-MOBILE /Age gate and burger menu/Date"), "12", true): All options with value '12' are selected in object 'Object Repository/OCS-MOBILE /Age gate and burger menu/Date'  using regular expression

2019-06-28 17:11:11 - [MESSAGE][PASSED] - All options with value '12' are selected in object 'Object Repository/OCS-MOBILE /Age gate and burger menu/Date'  using regular expression

2019-06-28 17:11:11 - [TEST_STEP][PASSED] - selectOptionByValue(findTestObject("OCS-MOBILE /Age gate and burger menu/month"), "6", true): All options with value '6' are selected in object 'Object Repository/OCS-MOBILE /Age gate and burger menu/month'  using regular expression

2019-06-28 17:11:11 - [MESSAGE][PASSED] - All options with value '6' are selected in object 'Object Repository/OCS-MOBILE /Age gate and burger menu/month'  using regular expression

2019-06-28 17:11:11 - [TEST_STEP][PASSED] - delay(2): Delayed 2 second(s)

2019-06-28 17:11:13 - [MESSAGE][PASSED] - Delayed 2 second(s)

2019-06-28 17:11:14 - [TEST_STEP][PASSED] - selectOptionByValue(findTestObject("OCS-MOBILE /Age gate and burger menu/Year Dropdown"), "1990", true): All options with value '1990' are selected in object 'Object Repository/OCS-MOBILE /Age gate and burger menu/Year Dropdown'  using regular expression

2019-06-28 17:11:15 - [MESSAGE][PASSED] - All options with value '1990' are selected in object 'Object Repository/OCS-MOBILE /Age gate and burger menu/Year Dropdown'  using regular expression

2019-06-28 17:11:15 - [TEST_STEP][PASSED] - click(findTestObject("OCS-MOBILE /Age gate and Mega menu/button_Verify")): Object: 'Object Repository/OCS-MOBILE /Age gate and Mega menu/button_Verify' is clicked on

2019-06-28 17:11:15 - [MESSAGE][PASSED] - Object: 'Object Repository/OCS-MOBILE /Age gate and Mega menu/button_Verify' is clicked on

2019-06-28 17:11:15 - [TEST_STEP][PASSED] - click(findTestObject("OCS-MOBILE /Age gate and Mega menu/Checkbox_CONFIRM AND ACKNOWLEDGE")): Object: 'Object Repository/OCS-MOBILE /Age gate and Mega menu/Checkbox_CONFIRM AND ACKNOWLEDGE' is clicked on

2019-06-28 17:11:15 - [MESSAGE][PASSED] - Object: 'Object Repository/OCS-MOBILE /Age gate and Mega menu/Checkbox_CONFIRM AND ACKNOWLEDGE' is clicked on

2019-06-28 17:11:15 - [TEST_STEP][PASSED] - click(findTestObject("OCS-MOBILE /Age gate and Mega menu/button_CONFIRM")): Object: 'Object Repository/OCS-MOBILE /Age gate and Mega menu/button_CONFIRM' is clicked on

2019-06-28 17:11:15 - [MESSAGE][PASSED] - Object: 'Object Repository/OCS-MOBILE /Age gate and Mega menu/button_CONFIRM' is clicked on

2019-06-28 17:11:15 - [TEST_STEP][PASSED] - click(findTestObject("OCS-MOBILE /Age gate and Mega menu/button_Start Browsing")): Object: 'Object Repository/OCS-MOBILE /Age gate and Mega menu/button_Start Browsing' is clicked on

2019-06-28 17:11:15 - [MESSAGE][PASSED] - Object: 'Object Repository/OCS-MOBILE /Age gate and Mega menu/button_Start Browsing' is clicked on

2019-06-28 17:11:15 - [TEST_STEP][PASSED] - refresh(): Refresh successfully

2019-06-28 17:11:18 - [MESSAGE][PASSED] - Refresh successfully

2019-06-28 17:11:18 - [TEST_STEP][NOT_RUN] - executeJavaScript("var previewBar = document.getElementById("preview-bar-iframe"); previewBar.style.display = "none";", []): NOT_RUN: executeJavaScript("var previewBar = document.getElementById("preview-bar-iframe"); previewBar.style.display = "none";", [])

2019-06-28 17:11:18 - [MESSAGE][NOT_RUN] - NOT_RUN: executeJavaScript("var previewBar = document.getElementById("preview-bar-iframe"); previewBar.style.display = "none";", [])

2019-06-28 17:11:18 - [MESSAGE][PASSED] - Call Test Case 'Test Cases/OCS - MOBILE/CALL - AGE GATE' successfully

2019-06-28 17:11:18 - [TEST_STEP][PASSED] - delay(2): Delayed 2 second(s)

2019-06-28 17:11:20 - [MESSAGE][PASSED] - Delayed 2 second(s)

2019-06-28 17:11:20 - [TEST_STEP][NOT_RUN] - executeJavaScript("var previewBar = document.getElementById("preview-bar-iframe"); previewBar.style.display = "none";", []): NOT_RUN: executeJavaScript("var previewBar = document.getElementById("preview-bar-iframe"); previewBar.style.display = "none";", [])

2019-06-28 17:11:20 - [MESSAGE][NOT_RUN] - NOT_RUN: executeJavaScript("var previewBar = document.getElementById("preview-bar-iframe"); previewBar.style.display = "none";", [])

2019-06-28 17:11:20 - [TEST_STEP][PASSED] - click(findTestObject("OCS-MOBILE /Home - page/Return Policy")): Object: 'Object Repository/OCS-MOBILE /Home - page/Return Policy' is clicked on

2019-06-28 17:11:20 - [MESSAGE][PASSED] - Object: 'Object Repository/OCS-MOBILE /Home - page/Return Policy' is clicked on

2019-06-28 17:11:20 - [TEST_STEP][PASSED] - delay(2): Delayed 2 second(s)

2019-06-28 17:11:22 - [MESSAGE][PASSED] - Delayed 2 second(s)

2019-06-28 17:11:22 - [TEST_STEP][PASSED] - setViewPortSize(1000, 800, OPTIONAL): Viewport is set to new size with width = 1000 and height = 800

2019-06-28 17:11:22 - [MESSAGE][PASSED] - Viewport is set to new size with width = 1000 and height = 800

2019-06-28 17:11:22 - [TEST_STEP][PASSED] - delay(2, OPTIONAL): Delayed 2 second(s)

2019-06-28 17:11:24 - [MESSAGE][PASSED] - Delayed 2 second(s)

2019-06-28 17:11:24 - [TEST_STEP][PASSED] - click(findTestObject("Theme_oR/Page_Ontario Cannabis Store  Ontari/button_Hide bar"), OPTIONAL): Unable to click on object (Root cause: java.lang.IllegalArgumentException: Object is null)

2019-06-28 17:11:24 - [MESSAGE][WARNING] - Test object with id 'Object Repository/Theme_oR/Page_Ontario Cannabis Store  Ontari/button_Hide bar' does not exist

2019-06-28 17:11:24 - [MESSAGE][WARNING] - Test object with id 'Object Repository/' does not exist

2019-06-28 17:11:24 - [MESSAGE][WARNING] - Unable to click on object (Root cause: java.lang.IllegalArgumentException: Object is null)
[[ATTACHMENT|/Users/sumankompelly/Relative xpath-Mobile/Reports/Live site/20190628_163954/1561756284532.png]]

2019-06-28 17:11:24 - [TEST_STEP][PASSED] - setViewPortSize(360, 800, OPTIONAL): Viewport is set to new size with width = 360 and height = 800

2019-06-28 17:11:24 - [MESSAGE][PASSED] - Viewport is set to new size with width = 360 and height = 800

2019-06-28 17:11:24 - [TEST_STEP][PASSED] - delay(2, OPTIONAL): Delayed 2 second(s)

2019-06-28 17:11:26 - [MESSAGE][PASSED] - Delayed 2 second(s)

2019-06-28 17:11:26 - [TEST_STEP][NOT_RUN] - executeJavaScript("var previewBar = document.getElementById("preview-bar-iframe"); previewBar.style.display = "none";", []): NOT_RUN: executeJavaScript("var previewBar = document.getElementById("preview-bar-iframe"); previewBar.style.display = "none";", [])

2019-06-28 17:11:26 - [MESSAGE][NOT_RUN] - NOT_RUN: executeJavaScript("var previewBar = document.getElementById("preview-bar-iframe"); previewBar.style.display = "none";", [])

2019-06-28 17:11:26 - [TEST_STEP][PASSED] - click(findTestObject("OCS-MOBILE /Home - page/Glossary of terms")): Object: 'Object Repository/OCS-MOBILE /Home - page/Glossary of terms' is clicked on

2019-06-28 17:11:26 - [MESSAGE][PASSED] - Object: 'Object Repository/OCS-MOBILE /Home - page/Glossary of terms' is clicked on

2019-06-28 17:11:26 - [TEST_STEP][PASSED] - delay(2): Delayed 2 second(s)

2019-06-28 17:11:28 - [MESSAGE][PASSED] - Delayed 2 second(s)

2019-06-28 17:11:28 - [TEST_STEP][PASSED] - setViewPortSize(1000, 800, OPTIONAL): Viewport is set to new size with width = 1000 and height = 800

2019-06-28 17:11:28 - [MESSAGE][PASSED] - Viewport is set to new size with width = 1000 and height = 800

2019-06-28 17:11:28 - [TEST_STEP][PASSED] - delay(2, OPTIONAL): Delayed 2 second(s)

2019-06-28 17:11:30 - [MESSAGE][PASSED] - Delayed 2 second(s)

2019-06-28 17:11:30 - [TEST_STEP][PASSED] - click(findTestObject("Theme_oR/Page_Ontario Cannabis Store  Ontari/button_Hide bar"), OPTIONAL): Unable to click on object (Root cause: java.lang.IllegalArgumentException: Object is null)

2019-06-28 17:11:30 - [MESSAGE][WARNING] - Test object with id 'Object Repository/Theme_oR/Page_Ontario Cannabis Store  Ontari/button_Hide bar' does not exist

2019-06-28 17:11:30 - [MESSAGE][WARNING] - Test object with id 'Object Repository/' does not exist

2019-06-28 17:11:30 - [MESSAGE][WARNING] - Unable to click on object (Root cause: java.lang.IllegalArgumentException: Object is null)
[[ATTACHMENT|/Users/sumankompelly/Relative xpath-Mobile/Reports/Live site/20190628_163954/1561756290727.png]]

2019-06-28 17:11:30 - [TEST_STEP][PASSED] - setViewPortSize(360, 800, OPTIONAL): Viewport is set to new size with width = 360 and height = 800

2019-06-28 17:11:30 - [MESSAGE][PASSED] - Viewport is set to new size with width = 360 and height = 800

2019-06-28 17:11:30 - [TEST_STEP][PASSED] - delay(2, OPTIONAL): Delayed 2 second(s)

2019-06-28 17:11:32 - [MESSAGE][PASSED] - Delayed 2 second(s)

2019-06-28 17:11:32 - [TEST_STEP][NOT_RUN] - executeJavaScript("var previewBar = document.getElementById("preview-bar-iframe"); previewBar.style.display = "none";", []): NOT_RUN: executeJavaScript("var previewBar = document.getElementById("preview-bar-iframe"); previewBar.style.display = "none";", [])

2019-06-28 17:11:32 - [MESSAGE][NOT_RUN] - NOT_RUN: executeJavaScript("var previewBar = document.getElementById("preview-bar-iframe"); previewBar.style.display = "none";", [])

2019-06-28 17:11:32 - [TEST_STEP][PASSED] - click(findTestObject("OCS-MOBILE /Home - page/Product Recall")): Object: 'Object Repository/OCS-MOBILE /Home - page/Product Recall' is clicked on

2019-06-28 17:11:35 - [MESSAGE][PASSED] - Object: 'Object Repository/OCS-MOBILE /Home - page/Product Recall' is clicked on

2019-06-28 17:11:35 - [TEST_STEP][PASSED] - delay(2): Delayed 2 second(s)

2019-06-28 17:11:37 - [MESSAGE][PASSED] - Delayed 2 second(s)

2019-06-28 17:11:37 - [TEST_STEP][PASSED] - setViewPortSize(1000, 800, OPTIONAL): Viewport is set to new size with width = 1000 and height = 800

2019-06-28 17:11:37 - [MESSAGE][PASSED] - Viewport is set to new size with width = 1000 and height = 800

2019-06-28 17:11:37 - [TEST_STEP][PASSED] - delay(2, OPTIONAL): Delayed 2 second(s)

2019-06-28 17:11:39 - [MESSAGE][PASSED] - Delayed 2 second(s)

2019-06-28 17:11:39 - [TEST_STEP][PASSED] - click(findTestObject("Theme_oR/Page_Ontario Cannabis Store  Ontari/button_Hide bar"), OPTIONAL): Unable to click on object (Root cause: java.lang.IllegalArgumentException: Object is null)

2019-06-28 17:11:39 - [MESSAGE][WARNING] - Test object with id 'Object Repository/Theme_oR/Page_Ontario Cannabis Store  Ontari/button_Hide bar' does not exist

2019-06-28 17:11:39 - [MESSAGE][WARNING] - Test object with id 'Object Repository/' does not exist

2019-06-28 17:11:39 - [MESSAGE][WARNING] - Unable to click on object (Root cause: java.lang.IllegalArgumentException: Object is null)
[[ATTACHMENT|/Users/sumankompelly/Relative xpath-Mobile/Reports/Live site/20190628_163954/1561756299878.png]]

2019-06-28 17:11:39 - [TEST_STEP][PASSED] - setViewPortSize(360, 800, OPTIONAL): Viewport is set to new size with width = 360 and height = 800

2019-06-28 17:11:39 - [MESSAGE][PASSED] - Viewport is set to new size with width = 360 and height = 800

2019-06-28 17:11:39 - [TEST_STEP][PASSED] - delay(2, OPTIONAL): Delayed 2 second(s)

2019-06-28 17:11:41 - [MESSAGE][PASSED] - Delayed 2 second(s)

2019-06-28 17:11:41 - [TEST_STEP][NOT_RUN] - executeJavaScript("var previewBar = document.getElementById("preview-bar-iframe"); previewBar.style.display = "none";", []): NOT_RUN: executeJavaScript("var previewBar = document.getElementById("preview-bar-iframe"); previewBar.style.display = "none";", [])

2019-06-28 17:11:41 - [MESSAGE][NOT_RUN] - NOT_RUN: executeJavaScript("var previewBar = document.getElementById("preview-bar-iframe"); previewBar.style.display = "none";", [])

2019-06-28 17:11:41 - [TEST_STEP][PASSED] - click(findTestObject("OCS-MOBILE /Home - page/Government of Canada - Canna")): Object: 'Object Repository/OCS-MOBILE /Home - page/Government of Canada - Canna' is clicked on

2019-06-28 17:11:42 - [MESSAGE][PASSED] - Object: 'Object Repository/OCS-MOBILE /Home - page/Government of Canada - Canna' is clicked on

2019-06-28 17:11:42 - [TEST_STEP][PASSED] - delay(2): Delayed 2 second(s)

2019-06-28 17:11:44 - [MESSAGE][PASSED] - Delayed 2 second(s)

2019-06-28 17:11:44 - [TEST_STEP][PASSED] - setViewPortSize(1000, 800, OPTIONAL): Viewport is set to new size with width = 1000 and height = 800

2019-06-28 17:11:44 - [MESSAGE][PASSED] - Viewport is set to new size with width = 1000 and height = 800

2019-06-28 17:11:44 - [TEST_STEP][PASSED] - delay(2, OPTIONAL): Delayed 2 second(s)

2019-06-28 17:11:46 - [MESSAGE][PASSED] - Delayed 2 second(s)

2019-06-28 17:11:46 - [TEST_STEP][PASSED] - click(findTestObject("Theme_oR/Page_Ontario Cannabis Store  Ontari/button_Hide bar"), OPTIONAL): Unable to click on object (Root cause: java.lang.IllegalArgumentException: Object is null)

2019-06-28 17:11:46 - [MESSAGE][WARNING] - Test object with id 'Object Repository/Theme_oR/Page_Ontario Cannabis Store  Ontari/button_Hide bar' does not exist

2019-06-28 17:11:46 - [MESSAGE][WARNING] - Test object with id 'Object Repository/' does not exist

2019-06-28 17:11:46 - [MESSAGE][WARNING] - Unable to click on object (Root cause: java.lang.IllegalArgumentException: Object is null)
[[ATTACHMENT|/Users/sumankompelly/Relative xpath-Mobile/Reports/Live site/20190628_163954/1561756306153.png]]

2019-06-28 17:11:46 - [TEST_STEP][PASSED] - setViewPortSize(360, 800, OPTIONAL): Viewport is set to new size with width = 360 and height = 800

2019-06-28 17:11:46 - [MESSAGE][PASSED] - Viewport is set to new size with width = 360 and height = 800

2019-06-28 17:11:46 - [TEST_STEP][PASSED] - delay(2, OPTIONAL): Delayed 2 second(s)

2019-06-28 17:11:48 - [MESSAGE][PASSED] - Delayed 2 second(s)

2019-06-28 17:11:48 - [TEST_STEP][NOT_RUN] - executeJavaScript("var previewBar = document.getElementById("preview-bar-iframe"); previewBar.style.display = "none";", []): NOT_RUN: executeJavaScript("var previewBar = document.getElementById("preview-bar-iframe"); previewBar.style.display = "none";", [])

2019-06-28 17:11:48 - [MESSAGE][NOT_RUN] - NOT_RUN: executeJavaScript("var previewBar = document.getElementById("preview-bar-iframe"); previewBar.style.display = "none";", [])

2019-06-28 17:11:48 - [TEST_STEP][PASSED] - click(findTestObject("OCS-MOBILE /Home - page/Government of Ontario - Cann")): Object: 'Object Repository/OCS-MOBILE /Home - page/Government of Ontario - Cann' is clicked on

2019-06-28 17:11:48 - [MESSAGE][PASSED] - Object: 'Object Repository/OCS-MOBILE /Home - page/Government of Ontario - Cann' is clicked on

2019-06-28 17:11:48 - [TEST_STEP][PASSED] - delay(2): Delayed 2 second(s)

2019-06-28 17:11:50 - [MESSAGE][PASSED] - Delayed 2 second(s)

2019-06-28 17:11:50 - [TEST_STEP][PASSED] - setViewPortSize(1000, 800, OPTIONAL): Viewport is set to new size with width = 1000 and height = 800

2019-06-28 17:11:50 - [MESSAGE][PASSED] - Viewport is set to new size with width = 1000 and height = 800

2019-06-28 17:11:50 - [TEST_STEP][PASSED] - delay(2, OPTIONAL): Delayed 2 second(s)

2019-06-28 17:11:52 - [MESSAGE][PASSED] - Delayed 2 second(s)

2019-06-28 17:11:52 - [TEST_STEP][PASSED] - click(findTestObject("Theme_oR/Page_Ontario Cannabis Store  Ontari/button_Hide bar"), OPTIONAL): Unable to click on object (Root cause: java.lang.IllegalArgumentException: Object is null)

2019-06-28 17:11:52 - [MESSAGE][WARNING] - Test object with id 'Object Repository/Theme_oR/Page_Ontario Cannabis Store  Ontari/button_Hide bar' does not exist

2019-06-28 17:11:52 - [MESSAGE][WARNING] - Test object with id 'Object Repository/' does not exist

2019-06-28 17:11:52 - [MESSAGE][WARNING] - Unable to click on object (Root cause: java.lang.IllegalArgumentException: Object is null)
[[ATTACHMENT|/Users/sumankompelly/Relative xpath-Mobile/Reports/Live site/20190628_163954/1561756312379.png]]

2019-06-28 17:11:52 - [TEST_STEP][PASSED] - setViewPortSize(360, 800, OPTIONAL): Viewport is set to new size with width = 360 and height = 800

2019-06-28 17:11:52 - [MESSAGE][PASSED] - Viewport is set to new size with width = 360 and height = 800

2019-06-28 17:11:52 - [TEST_STEP][PASSED] - delay(2, OPTIONAL): Delayed 2 second(s)

2019-06-28 17:11:54 - [MESSAGE][PASSED] - Delayed 2 second(s)

2019-06-28 17:11:54 - [TEST_STEP][NOT_RUN] - executeJavaScript("var previewBar = document.getElementById("preview-bar-iframe"); previewBar.style.display = "none";", []): NOT_RUN: executeJavaScript("var previewBar = document.getElementById("preview-bar-iframe"); previewBar.style.display = "none";", [])

2019-06-28 17:11:54 - [MESSAGE][NOT_RUN] - NOT_RUN: executeJavaScript("var previewBar = document.getElementById("preview-bar-iframe"); previewBar.style.display = "none";", [])

2019-06-28 17:11:54 - [TEST_STEP][PASSED] - click(findTestObject("OCS-MOBILE /Home - page/About the OCS")): Object: 'Object Repository/OCS-MOBILE /Home - page/About the OCS' is clicked on

2019-06-28 17:11:54 - [MESSAGE][PASSED] - Object: 'Object Repository/OCS-MOBILE /Home - page/About the OCS' is clicked on

2019-06-28 17:11:54 - [TEST_STEP][PASSED] - delay(2): Delayed 2 second(s)

2019-06-28 17:11:56 - [MESSAGE][PASSED] - Delayed 2 second(s)

2019-06-28 17:11:56 - [TEST_STEP][PASSED] - setViewPortSize(1000, 800, OPTIONAL): Viewport is set to new size with width = 1000 and height = 800

2019-06-28 17:11:56 - [MESSAGE][PASSED] - Viewport is set to new size with width = 1000 and height = 800

2019-06-28 17:11:56 - [TEST_STEP][PASSED] - delay(2, OPTIONAL): Delayed 2 second(s)

2019-06-28 17:11:58 - [MESSAGE][PASSED] - Delayed 2 second(s)

2019-06-28 17:11:58 - [TEST_STEP][PASSED] - click(findTestObject("Theme_oR/Page_Ontario Cannabis Store  Ontari/button_Hide bar"), OPTIONAL): Unable to click on object (Root cause: java.lang.IllegalArgumentException: Object is null)

2019-06-28 17:11:58 - [MESSAGE][WARNING] - Test object with id 'Object Repository/Theme_oR/Page_Ontario Cannabis Store  Ontari/button_Hide bar' does not exist

2019-06-28 17:11:58 - [MESSAGE][WARNING] - Test object with id 'Object Repository/' does not exist

2019-06-28 17:11:58 - [MESSAGE][WARNING] - Unable to click on object (Root cause: java.lang.IllegalArgumentException: Object is null)
[[ATTACHMENT|/Users/sumankompelly/Relative xpath-Mobile/Reports/Live site/20190628_163954/1561756318591.png]]

2019-06-28 17:11:58 - [TEST_STEP][PASSED] - setViewPortSize(360, 800, OPTIONAL): Viewport is set to new size with width = 360 and height = 800

2019-06-28 17:11:58 - [MESSAGE][PASSED] - Viewport is set to new size with width = 360 and height = 800

2019-06-28 17:11:58 - [TEST_STEP][PASSED] - delay(2, OPTIONAL): Delayed 2 second(s)

2019-06-28 17:12:00 - [MESSAGE][PASSED] - Delayed 2 second(s)

2019-06-28 17:12:00 - [TEST_STEP][NOT_RUN] - executeJavaScript("var previewBar = document.getElementById("preview-bar-iframe"); previewBar.style.display = "none";", []): NOT_RUN: executeJavaScript("var previewBar = document.getElementById("preview-bar-iframe"); previewBar.style.display = "none";", [])

2019-06-28 17:12:00 - [MESSAGE][NOT_RUN] - NOT_RUN: executeJavaScript("var previewBar = document.getElementById("preview-bar-iframe"); previewBar.style.display = "none";", [])

2019-06-28 17:12:00 - [TEST_STEP][PASSED] - click(findTestObject("OCS-MOBILE /Home - page/Careers")): Object: 'Object Repository/OCS-MOBILE /Home - page/Careers' is clicked on

2019-06-28 17:12:00 - [MESSAGE][PASSED] - Object: 'Object Repository/OCS-MOBILE /Home - page/Careers' is clicked on

2019-06-28 17:12:00 - [TEST_STEP][PASSED] - delay(2): Delayed 2 second(s)

2019-06-28 17:12:02 - [MESSAGE][PASSED] - Delayed 2 second(s)

2019-06-28 17:12:02 - [TEST_STEP][PASSED] - setViewPortSize(1000, 800, OPTIONAL): Viewport is set to new size with width = 1000 and height = 800

2019-06-28 17:12:02 - [MESSAGE][PASSED] - Viewport is set to new size with width = 1000 and height = 800

2019-06-28 17:12:02 - [TEST_STEP][PASSED] - delay(2, OPTIONAL): Delayed 2 second(s)

2019-06-28 17:12:04 - [MESSAGE][PASSED] - Delayed 2 second(s)

2019-06-28 17:12:04 - [TEST_STEP][PASSED] - click(findTestObject("Theme_oR/Page_Ontario Cannabis Store  Ontari/button_Hide bar"), OPTIONAL): Unable to click on object (Root cause: java.lang.IllegalArgumentException: Object is null)

2019-06-28 17:12:04 - [MESSAGE][WARNING] - Test object with id 'Object Repository/Theme_oR/Page_Ontario Cannabis Store  Ontari/button_Hide bar' does not exist

2019-06-28 17:12:04 - [MESSAGE][WARNING] - Test object with id 'Object Repository/' does not exist

2019-06-28 17:12:04 - [MESSAGE][WARNING] - Unable to click on object (Root cause: java.lang.IllegalArgumentException: Object is null)
[[ATTACHMENT|/Users/sumankompelly/Relative xpath-Mobile/Reports/Live site/20190628_163954/1561756324803.png]]

2019-06-28 17:12:04 - [TEST_STEP][PASSED] - setViewPortSize(360, 800, OPTIONAL): Viewport is set to new size with width = 360 and height = 800

2019-06-28 17:12:04 - [MESSAGE][PASSED] - Viewport is set to new size with width = 360 and height = 800

2019-06-28 17:12:04 - [TEST_STEP][PASSED] - delay(2, OPTIONAL): Delayed 2 second(s)

2019-06-28 17:12:06 - [MESSAGE][PASSED] - Delayed 2 second(s)

2019-06-28 17:12:06 - [TEST_STEP][NOT_RUN] - scrollToElement(findTestObject("OCS-MOBILE /Home - page/Contact us -"), 0): NOT_RUN: scrollToElement(findTestObject("OCS-MOBILE /Home - page/Contact us -"), 0)

2019-06-28 17:12:06 - [MESSAGE][NOT_RUN] - NOT_RUN: scrollToElement(findTestObject("OCS-MOBILE /Home - page/Contact us -"), 0)

2019-06-28 17:12:06 - [TEST_STEP][PASSED] - delay(2, OPTIONAL): Delayed 2 second(s)

2019-06-28 17:12:08 - [MESSAGE][PASSED] - Delayed 2 second(s)

2019-06-28 17:12:08 - [TEST_STEP][NOT_RUN] - executeJavaScript("var previewBar = document.getElementById("preview-bar-iframe"); previewBar.style.display = "none";", []): NOT_RUN: executeJavaScript("var previewBar = document.getElementById("preview-bar-iframe"); previewBar.style.display = "none";", [])

2019-06-28 17:12:08 - [MESSAGE][NOT_RUN] - NOT_RUN: executeJavaScript("var previewBar = document.getElementById("preview-bar-iframe"); previewBar.style.display = "none";", [])

2019-06-28 17:12:08 - [TEST_STEP][PASSED] - click(findTestObject("OCS-MOBILE /Home - page/News"), OPTIONAL): Object: 'Object Repository/OCS-MOBILE /Home - page/News' is clicked on

2019-06-28 17:12:08 - [MESSAGE][PASSED] - Object: 'Object Repository/OCS-MOBILE /Home - page/News' is clicked on

2019-06-28 17:12:08 - [TEST_STEP][PASSED] - delay(2): Delayed 2 second(s)

2019-06-28 17:12:10 - [MESSAGE][PASSED] - Delayed 2 second(s)

2019-06-28 17:12:10 - [TEST_STEP][PASSED] - setViewPortSize(1000, 800, OPTIONAL): Viewport is set to new size with width = 1000 and height = 800

2019-06-28 17:12:11 - [MESSAGE][PASSED] - Viewport is set to new size with width = 1000 and height = 800

2019-06-28 17:12:11 - [TEST_STEP][PASSED] - delay(2, OPTIONAL): Delayed 2 second(s)

2019-06-28 17:12:13 - [MESSAGE][PASSED] - Delayed 2 second(s)

2019-06-28 17:12:13 - [TEST_STEP][PASSED] - click(findTestObject("Theme_oR/Page_Ontario Cannabis Store  Ontari/button_Hide bar"), OPTIONAL): Unable to click on object (Root cause: java.lang.IllegalArgumentException: Object is null)

2019-06-28 17:12:13 - [MESSAGE][WARNING] - Test object with id 'Object Repository/Theme_oR/Page_Ontario Cannabis Store  Ontari/button_Hide bar' does not exist

2019-06-28 17:12:13 - [MESSAGE][WARNING] - Test object with id 'Object Repository/' does not exist

2019-06-28 17:12:13 - [MESSAGE][WARNING] - Unable to click on object (Root cause: java.lang.IllegalArgumentException: Object is null)
[[ATTACHMENT|/Users/sumankompelly/Relative xpath-Mobile/Reports/Live site/20190628_163954/1561756333011.png]]

2019-06-28 17:12:13 - [TEST_STEP][PASSED] - setViewPortSize(360, 800, OPTIONAL): Viewport is set to new size with width = 360 and height = 800

2019-06-28 17:12:13 - [MESSAGE][PASSED] - Viewport is set to new size with width = 360 and height = 800

2019-06-28 17:12:13 - [TEST_STEP][PASSED] - delay(2, OPTIONAL): Delayed 2 second(s)

2019-06-28 17:12:15 - [MESSAGE][PASSED] - Delayed 2 second(s)

2019-06-28 17:12:15 - [TEST_STEP][NOT_RUN] - executeJavaScript("var previewBar = document.getElementById("preview-bar-iframe"); previewBar.style.display = "none";", []): NOT_RUN: executeJavaScript("var previewBar = document.getElementById("preview-bar-iframe"); previewBar.style.display = "none";", [])

2019-06-28 17:12:15 - [MESSAGE][NOT_RUN] - NOT_RUN: executeJavaScript("var previewBar = document.getElementById("preview-bar-iframe"); previewBar.style.display = "none";", [])

2019-06-28 17:12:15 - [TEST_STEP][PASSED] - click(findTestObject("OCS-MOBILE /Home - page/Doing Business With OCS")): Object: 'Object Repository/OCS-MOBILE /Home - page/Doing Business With OCS' is clicked on

2019-06-28 17:12:15 - [MESSAGE][PASSED] - Object: 'Object Repository/OCS-MOBILE /Home - page/Doing Business With OCS' is clicked on

2019-06-28 17:12:15 - [TEST_STEP][PASSED] - delay(2): Delayed 2 second(s)

2019-06-28 17:12:17 - [MESSAGE][PASSED] - Delayed 2 second(s)

2019-06-28 17:12:17 - [TEST_STEP][PASSED] - setViewPortSize(1000, 800, OPTIONAL): Viewport is set to new size with width = 1000 and height = 800

2019-06-28 17:12:17 - [MESSAGE][PASSED] - Viewport is set to new size with width = 1000 and height = 800

2019-06-28 17:12:17 - [TEST_STEP][PASSED] - delay(2, OPTIONAL): Delayed 2 second(s)

2019-06-28 17:12:19 - [MESSAGE][PASSED] - Delayed 2 second(s)

2019-06-28 17:12:19 - [TEST_STEP][PASSED] - click(findTestObject("Theme_oR/Page_Ontario Cannabis Store  Ontari/button_Hide bar"), OPTIONAL): Unable to click on object (Root cause: java.lang.IllegalArgumentException: Object is null)

2019-06-28 17:12:19 - [MESSAGE][WARNING] - Test object with id 'Object Repository/Theme_oR/Page_Ontario Cannabis Store  Ontari/button_Hide bar' does not exist

2019-06-28 17:12:19 - [MESSAGE][WARNING] - Test object with id 'Object Repository/' does not exist

2019-06-28 17:12:19 - [MESSAGE][WARNING] - Unable to click on object (Root cause: java.lang.IllegalArgumentException: Object is null)
[[ATTACHMENT|/Users/sumankompelly/Relative xpath-Mobile/Reports/Live site/20190628_163954/1561756339227.png]]

2019-06-28 17:12:19 - [TEST_STEP][PASSED] - setViewPortSize(360, 800, OPTIONAL): Viewport is set to new size with width = 360 and height = 800

2019-06-28 17:12:19 - [MESSAGE][PASSED] - Viewport is set to new size with width = 360 and height = 800

2019-06-28 17:12:19 - [TEST_STEP][PASSED] - delay(2, OPTIONAL): Delayed 2 second(s)

2019-06-28 17:12:21 - [MESSAGE][PASSED] - Delayed 2 second(s)

2019-06-28 17:12:21 - [TEST_STEP][PASSED] - delay(2): Delayed 2 second(s)

2019-06-28 17:12:23 - [MESSAGE][PASSED] - Delayed 2 second(s)

2019-06-28 17:12:23 - [TEST_STEP][NOT_RUN] - executeJavaScript("var previewBar = document.getElementById("preview-bar-iframe"); previewBar.style.display = "none";", []): NOT_RUN: executeJavaScript("var previewBar = document.getElementById("preview-bar-iframe"); previewBar.style.display = "none";", [])

2019-06-28 17:12:23 - [MESSAGE][NOT_RUN] - NOT_RUN: executeJavaScript("var previewBar = document.getElementById("preview-bar-iframe"); previewBar.style.display = "none";", [])

2019-06-28 17:12:23 - [TEST_STEP][PASSED] - click(findTestObject("OCS-MOBILE /Home - page/Help us improve OCS.ca"), CONTINUE_ON_FAILURE): Object: 'Object Repository/OCS-MOBILE /Home - page/Help us improve OCS.ca' is clicked on

2019-06-28 17:12:23 - [MESSAGE][PASSED] - Object: 'Object Repository/OCS-MOBILE /Home - page/Help us improve OCS.ca' is clicked on

2019-06-28 17:12:23 - [TEST_STEP][PASSED] - delay(2): Delayed 2 second(s)

2019-06-28 17:12:25 - [MESSAGE][PASSED] - Delayed 2 second(s)

2019-06-28 17:12:25 - [TEST_STEP][PASSED] - setViewPortSize(1000, 800, OPTIONAL): Viewport is set to new size with width = 1000 and height = 800

2019-06-28 17:12:25 - [MESSAGE][PASSED] - Viewport is set to new size with width = 1000 and height = 800

2019-06-28 17:12:25 - [TEST_STEP][PASSED] - delay(2, OPTIONAL): Delayed 2 second(s)

2019-06-28 17:12:27 - [MESSAGE][PASSED] - Delayed 2 second(s)

2019-06-28 17:12:27 - [TEST_STEP][PASSED] - click(findTestObject("Theme_oR/Page_Ontario Cannabis Store  Ontari/button_Hide bar"), OPTIONAL): Unable to click on object (Root cause: java.lang.IllegalArgumentException: Object is null)

2019-06-28 17:12:27 - [MESSAGE][WARNING] - Test object with id 'Object Repository/Theme_oR/Page_Ontario Cannabis Store  Ontari/button_Hide bar' does not exist

2019-06-28 17:12:27 - [MESSAGE][WARNING] - Test object with id 'Object Repository/' does not exist

2019-06-28 17:12:27 - [MESSAGE][WARNING] - Unable to click on object (Root cause: java.lang.IllegalArgumentException: Object is null)
[[ATTACHMENT|/Users/sumankompelly/Relative xpath-Mobile/Reports/Live site/20190628_163954/1561756347431.png]]

2019-06-28 17:12:27 - [TEST_STEP][PASSED] - setViewPortSize(360, 800, OPTIONAL): Viewport is set to new size with width = 360 and height = 800

2019-06-28 17:12:27 - [MESSAGE][PASSED] - Viewport is set to new size with width = 360 and height = 800

2019-06-28 17:12:27 - [TEST_STEP][PASSED] - delay(2, OPTIONAL): Delayed 2 second(s)

2019-06-28 17:12:29 - [MESSAGE][PASSED] - Delayed 2 second(s)

2019-06-28 17:12:29 - [TEST_STEP][PASSED] - delay(2): Delayed 2 second(s)

2019-06-28 17:12:31 - [MESSAGE][PASSED] - Delayed 2 second(s)

2019-06-28 17:12:31 - [TEST_STEP][NOT_RUN] - executeJavaScript("var previewBar = document.getElementById("preview-bar-iframe"); previewBar.style.display = "none";", []): NOT_RUN: executeJavaScript("var previewBar = document.getElementById("preview-bar-iframe"); previewBar.style.display = "none";", [])

2019-06-28 17:12:31 - [MESSAGE][NOT_RUN] - NOT_RUN: executeJavaScript("var previewBar = document.getElementById("preview-bar-iframe"); previewBar.style.display = "none";", [])

2019-06-28 17:12:31 - [TEST_STEP][PASSED] - click(findTestObject("OCS-MOBILE /Home - page/Terms and Conditions")): Object: 'Object Repository/OCS-MOBILE /Home - page/Terms and Conditions' is clicked on

2019-06-28 17:12:31 - [MESSAGE][PASSED] - Object: 'Object Repository/OCS-MOBILE /Home - page/Terms and Conditions' is clicked on

2019-06-28 17:12:31 - [TEST_STEP][PASSED] - delay(2): Delayed 2 second(s)

2019-06-28 17:12:33 - [MESSAGE][PASSED] - Delayed 2 second(s)

2019-06-28 17:12:33 - [TEST_STEP][PASSED] - setViewPortSize(1000, 800, OPTIONAL): Viewport is set to new size with width = 1000 and height = 800

2019-06-28 17:12:33 - [MESSAGE][PASSED] - Viewport is set to new size with width = 1000 and height = 800

2019-06-28 17:12:33 - [TEST_STEP][PASSED] - delay(2, OPTIONAL): Delayed 2 second(s)

2019-06-28 17:12:35 - [MESSAGE][PASSED] - Delayed 2 second(s)

2019-06-28 17:12:35 - [TEST_STEP][PASSED] - click(findTestObject("Theme_oR/Page_Ontario Cannabis Store  Ontari/button_Hide bar"), OPTIONAL): Unable to click on object (Root cause: java.lang.IllegalArgumentException: Object is null)

2019-06-28 17:12:35 - [MESSAGE][WARNING] - Test object with id 'Object Repository/Theme_oR/Page_Ontario Cannabis Store  Ontari/button_Hide bar' does not exist

2019-06-28 17:12:35 - [MESSAGE][WARNING] - Test object with id 'Object Repository/' does not exist

2019-06-28 17:12:35 - [MESSAGE][WARNING] - Unable to click on object (Root cause: java.lang.IllegalArgumentException: Object is null)
[[ATTACHMENT|/Users/sumankompelly/Relative xpath-Mobile/Reports/Live site/20190628_163954/1561756355641.png]]

2019-06-28 17:12:35 - [TEST_STEP][PASSED] - setViewPortSize(360, 800, OPTIONAL): Viewport is set to new size with width = 360 and height = 800

2019-06-28 17:12:35 - [MESSAGE][PASSED] - Viewport is set to new size with width = 360 and height = 800

2019-06-28 17:12:35 - [TEST_STEP][PASSED] - delay(2, OPTIONAL): Delayed 2 second(s)

2019-06-28 17:12:37 - [MESSAGE][PASSED] - Delayed 2 second(s)

2019-06-28 17:12:37 - [TEST_STEP][PASSED] - delay(2): Delayed 2 second(s)

2019-06-28 17:12:39 - [MESSAGE][PASSED] - Delayed 2 second(s)

2019-06-28 17:12:39 - [TEST_STEP][NOT_RUN] - executeJavaScript("var previewBar = document.getElementById("preview-bar-iframe"); previewBar.style.display = "none";", []): NOT_RUN: executeJavaScript("var previewBar = document.getElementById("preview-bar-iframe"); previewBar.style.display = "none";", [])

2019-06-28 17:12:39 - [MESSAGE][NOT_RUN] - NOT_RUN: executeJavaScript("var previewBar = document.getElementById("preview-bar-iframe"); previewBar.style.display = "none";", [])

2019-06-28 17:12:39 - [TEST_STEP][PASSED] - click(findTestObject("OCS-MOBILE /Home - page/Privacy")): Object: 'Object Repository/OCS-MOBILE /Home - page/Privacy' is clicked on

2019-06-28 17:12:39 - [MESSAGE][PASSED] - Object: 'Object Repository/OCS-MOBILE /Home - page/Privacy' is clicked on

2019-06-28 17:12:39 - [TEST_STEP][PASSED] - delay(2): Delayed 2 second(s)

2019-06-28 17:12:41 - [MESSAGE][PASSED] - Delayed 2 second(s)

2019-06-28 17:12:41 - [TEST_STEP][PASSED] - setViewPortSize(1000, 800, OPTIONAL): Viewport is set to new size with width = 1000 and height = 800

2019-06-28 17:12:41 - [MESSAGE][PASSED] - Viewport is set to new size with width = 1000 and height = 800

2019-06-28 17:12:41 - [TEST_STEP][PASSED] - delay(2, OPTIONAL): Delayed 2 second(s)

2019-06-28 17:12:43 - [MESSAGE][PASSED] - Delayed 2 second(s)

2019-06-28 17:12:43 - [TEST_STEP][PASSED] - click(findTestObject("Theme_oR/Page_Ontario Cannabis Store  Ontari/button_Hide bar"), OPTIONAL): Unable to click on object (Root cause: java.lang.IllegalArgumentException: Object is null)

2019-06-28 17:12:43 - [MESSAGE][WARNING] - Test object with id 'Object Repository/Theme_oR/Page_Ontario Cannabis Store  Ontari/button_Hide bar' does not exist

2019-06-28 17:12:43 - [MESSAGE][WARNING] - Test object with id 'Object Repository/' does not exist

2019-06-28 17:12:43 - [MESSAGE][WARNING] - Unable to click on object (Root cause: java.lang.IllegalArgumentException: Object is null)
[[ATTACHMENT|/Users/sumankompelly/Relative xpath-Mobile/Reports/Live site/20190628_163954/1561756363868.png]]

2019-06-28 17:12:43 - [TEST_STEP][PASSED] - setViewPortSize(360, 800, OPTIONAL): Viewport is set to new size with width = 360 and height = 800

2019-06-28 17:12:43 - [MESSAGE][PASSED] - Viewport is set to new size with width = 360 and height = 800

2019-06-28 17:12:43 - [TEST_STEP][PASSED] - delay(2, OPTIONAL): Delayed 2 second(s)

2019-06-28 17:12:45 - [MESSAGE][PASSED] - Delayed 2 second(s)

2019-06-28 17:12:45 - [TEST_STEP][PASSED] - delay(2): Delayed 2 second(s)

2019-06-28 17:12:47 - [MESSAGE][PASSED] - Delayed 2 second(s)

2019-06-28 17:12:47 - [TEST_STEP][NOT_RUN] - executeJavaScript("var previewBar = document.getElementById("preview-bar-iframe"); previewBar.style.display = "none";", []): NOT_RUN: executeJavaScript("var previewBar = document.getElementById("preview-bar-iframe"); previewBar.style.display = "none";", [])

2019-06-28 17:12:47 - [MESSAGE][NOT_RUN] - NOT_RUN: executeJavaScript("var previewBar = document.getElementById("preview-bar-iframe"); previewBar.style.display = "none";", [])

2019-06-28 17:12:47 - [TEST_STEP][PASSED] - click(findTestObject("OCS-MOBILE /Home - page/Accessibility")): Object: 'Object Repository/OCS-MOBILE /Home - page/Accessibility' is clicked on

2019-06-28 17:12:47 - [MESSAGE][PASSED] - Object: 'Object Repository/OCS-MOBILE /Home - page/Accessibility' is clicked on

2019-06-28 17:12:47 - [TEST_STEP][PASSED] - delay(2): Delayed 2 second(s)

2019-06-28 17:12:49 - [MESSAGE][PASSED] - Delayed 2 second(s)

2019-06-28 17:12:49 - [TEST_STEP][PASSED] - setViewPortSize(1000, 800, OPTIONAL): Viewport is set to new size with width = 1000 and height = 800

2019-06-28 17:12:50 - [MESSAGE][PASSED] - Viewport is set to new size with width = 1000 and height = 800

2019-06-28 17:12:50 - [TEST_STEP][PASSED] - delay(2, OPTIONAL): Delayed 2 second(s)

2019-06-28 17:12:52 - [MESSAGE][PASSED] - Delayed 2 second(s)

2019-06-28 17:12:52 - [TEST_STEP][PASSED] - click(findTestObject("Theme_oR/Page_Ontario Cannabis Store  Ontari/button_Hide bar"), OPTIONAL): Unable to click on object (Root cause: java.lang.IllegalArgumentException: Object is null)

2019-06-28 17:12:52 - [MESSAGE][WARNING] - Test object with id 'Object Repository/Theme_oR/Page_Ontario Cannabis Store  Ontari/button_Hide bar' does not exist

2019-06-28 17:12:52 - [MESSAGE][WARNING] - Test object with id 'Object Repository/' does not exist

2019-06-28 17:12:52 - [MESSAGE][WARNING] - Unable to click on object (Root cause: java.lang.IllegalArgumentException: Object is null)
[[ATTACHMENT|/Users/sumankompelly/Relative xpath-Mobile/Reports/Live site/20190628_163954/1561756372065.png]]

2019-06-28 17:12:52 - [TEST_STEP][PASSED] - setViewPortSize(360, 800, OPTIONAL): Viewport is set to new size with width = 360 and height = 800

2019-06-28 17:12:52 - [MESSAGE][PASSED] - Viewport is set to new size with width = 360 and height = 800

2019-06-28 17:12:52 - [TEST_STEP][PASSED] - delay(2, OPTIONAL): Delayed 2 second(s)

2019-06-28 17:12:54 - [MESSAGE][PASSED] - Delayed 2 second(s)

2019-06-28 17:12:54 - [TEST_STEP][PASSED] - delay(2): Delayed 2 second(s)

2019-06-28 17:12:56 - [MESSAGE][PASSED] - Delayed 2 second(s)

2019-06-28 17:12:56 - [TEST_STEP][NOT_RUN] - executeJavaScript("var previewBar = document.getElementById("preview-bar-iframe"); previewBar.style.display = "none";", []): NOT_RUN: executeJavaScript("var previewBar = document.getElementById("preview-bar-iframe"); previewBar.style.display = "none";", [])

2019-06-28 17:12:56 - [MESSAGE][NOT_RUN] - NOT_RUN: executeJavaScript("var previewBar = document.getElementById("preview-bar-iframe"); previewBar.style.display = "none";", [])

2019-06-28 17:12:56 - [TEST_STEP][PASSED] - click(findTestObject("OCS-MOBILE /Home - page/Delivery to First Nations")): Object: 'Object Repository/OCS-MOBILE /Home - page/Delivery to First Nations' is clicked on

2019-06-28 17:12:56 - [MESSAGE][PASSED] - Object: 'Object Repository/OCS-MOBILE /Home - page/Delivery to First Nations' is clicked on

2019-06-28 17:12:56 - [TEST_STEP][PASSED] - delay(2): Delayed 2 second(s)

2019-06-28 17:12:58 - [MESSAGE][PASSED] - Delayed 2 second(s)

2019-06-28 17:12:58 - [TEST_STEP][PASSED] - setViewPortSize(1000, 800, OPTIONAL): Viewport is set to new size with width = 1000 and height = 800

2019-06-28 17:12:58 - [MESSAGE][PASSED] - Viewport is set to new size with width = 1000 and height = 800

2019-06-28 17:12:58 - [TEST_STEP][PASSED] - delay(2, OPTIONAL): Delayed 2 second(s)

2019-06-28 17:13:00 - [MESSAGE][PASSED] - Delayed 2 second(s)

2019-06-28 17:13:00 - [TEST_STEP][PASSED] - click(findTestObject("Theme_oR/Page_Ontario Cannabis Store  Ontari/button_Hide bar"), OPTIONAL): Unable to click on object (Root cause: java.lang.IllegalArgumentException: Object is null)

2019-06-28 17:13:00 - [MESSAGE][WARNING] - Test object with id 'Object Repository/Theme_oR/Page_Ontario Cannabis Store  Ontari/button_Hide bar' does not exist

2019-06-28 17:13:00 - [MESSAGE][WARNING] - Test object with id 'Object Repository/' does not exist

2019-06-28 17:13:00 - [MESSAGE][WARNING] - Unable to click on object (Root cause: java.lang.IllegalArgumentException: Object is null)
[[ATTACHMENT|/Users/sumankompelly/Relative xpath-Mobile/Reports/Live site/20190628_163954/1561756380275.png]]

2019-06-28 17:13:00 - [TEST_STEP][PASSED] - setViewPortSize(360, 800, OPTIONAL): Viewport is set to new size with width = 360 and height = 800

2019-06-28 17:13:00 - [MESSAGE][PASSED] - Viewport is set to new size with width = 360 and height = 800

2019-06-28 17:13:00 - [TEST_STEP][PASSED] - delay(2, OPTIONAL): Delayed 2 second(s)

2019-06-28 17:13:02 - [MESSAGE][PASSED] - Delayed 2 second(s)

2019-06-28 17:13:02 - [TEST_STEP][PASSED] - delay(2): Delayed 2 second(s)

2019-06-28 17:13:04 - [MESSAGE][PASSED] - Delayed 2 second(s)

2019-06-28 17:13:04 - [TEST_STEP][NOT_RUN] - executeJavaScript("var previewBar = document.getElementById("preview-bar-iframe"); previewBar.style.display = "none";", []): NOT_RUN: executeJavaScript("var previewBar = document.getElementById("preview-bar-iframe"); previewBar.style.display = "none";", [])

2019-06-28 17:13:04 - [MESSAGE][NOT_RUN] - NOT_RUN: executeJavaScript("var previewBar = document.getElementById("preview-bar-iframe"); previewBar.style.display = "none";", [])

2019-06-28 17:13:04 - [TEST_STEP][PASSED] - click(findTestObject("OCS-MOBILE /Home - page/Hello OCS image")): Object: 'Object Repository/OCS-MOBILE /Home - page/Hello OCS image' is clicked on

2019-06-28 17:13:04 - [MESSAGE][PASSED] - Object: 'Object Repository/OCS-MOBILE /Home - page/Hello OCS image' is clicked on

2019-06-28 17:13:04 - [TEST_STEP][PASSED] - delay(2): Delayed 2 second(s)

2019-06-28 17:13:06 - [MESSAGE][PASSED] - Delayed 2 second(s)

2019-06-28 17:13:06 - [TEST_STEP][PASSED] - setViewPortSize(1000, 800, OPTIONAL): Viewport is set to new size with width = 1000 and height = 800

2019-06-28 17:13:06 - [MESSAGE][PASSED] - Viewport is set to new size with width = 1000 and height = 800

2019-06-28 17:13:06 - [TEST_STEP][PASSED] - delay(2, OPTIONAL): Delayed 2 second(s)

2019-06-28 17:13:08 - [MESSAGE][PASSED] - Delayed 2 second(s)

2019-06-28 17:13:08 - [TEST_STEP][PASSED] - click(findTestObject("Theme_oR/Page_Ontario Cannabis Store  Ontari/button_Hide bar"), OPTIONAL): Unable to click on object (Root cause: java.lang.IllegalArgumentException: Object is null)

2019-06-28 17:13:08 - [MESSAGE][WARNING] - Test object with id 'Object Repository/Theme_oR/Page_Ontario Cannabis Store  Ontari/button_Hide bar' does not exist

2019-06-28 17:13:08 - [MESSAGE][WARNING] - Test object with id 'Object Repository/' does not exist

2019-06-28 17:13:08 - [MESSAGE][WARNING] - Unable to click on object (Root cause: java.lang.IllegalArgumentException: Object is null)
[[ATTACHMENT|/Users/sumankompelly/Relative xpath-Mobile/Reports/Live site/20190628_163954/1561756388479.png]]

2019-06-28 17:13:08 - [TEST_STEP][PASSED] - setViewPortSize(360, 800, OPTIONAL): Viewport is set to new size with width = 360 and height = 800

2019-06-28 17:13:08 - [MESSAGE][PASSED] - Viewport is set to new size with width = 360 and height = 800

2019-06-28 17:13:08 - [TEST_STEP][PASSED] - delay(2, OPTIONAL): Delayed 2 second(s)

2019-06-28 17:13:10 - [MESSAGE][PASSED] - Delayed 2 second(s)

2019-06-28 17:13:10 - [TEST_STEP][PASSED] - delay(2): Delayed 2 second(s)

2019-06-28 17:13:12 - [MESSAGE][PASSED] - Delayed 2 second(s)

2019-06-28 17:13:12 - [TEST_STEP][PASSED] - click(findTestObject("OCS-MOBILE /Home - page/twitter")): Object: 'Object Repository/OCS-MOBILE /Home - page/twitter' is clicked on

2019-06-28 17:13:12 - [MESSAGE][PASSED] - Object: 'Object Repository/OCS-MOBILE /Home - page/twitter' is clicked on]]></system-out>
         <system-err><![CDATA[]]></system-err>
      </testcase>
      <testcase name="Test Cases/OCS - MOBILE/OCS- HOME PAGE/why trust OCS" classname="Test Cases/OCS - MOBILE/OCS- HOME PAGE/why trust OCS" status="PASSED">
         <system-out><![CDATA[2019-06-28 17:13:12 - [TEST_CASE][PASSED] - Test Cases/OCS - MOBILE/OCS- HOME PAGE/why trust OCS: Test Cases/OCS - MOBILE/OCS- HOME PAGE/why trust OCS

2019-06-28 17:13:12 - [TEST_STEP][PASSED] - callTestCase(findTestCase("OCS - MOBILE/CALL - AGE GATE"), [:], STOP_ON_FAILURE): Call Test Case 'Test Cases/OCS - MOBILE/CALL - AGE GATE' successfully

2019-06-28 17:13:12 - [TEST_CASE][PASSED] - Test Cases/OCS - MOBILE/CALL - AGE GATE: Test Cases/OCS - MOBILE/CALL - AGE GATE

2019-06-28 17:13:12 - [TEST_STEP][PASSED] - openBrowser(""): Browser is opened with url: ''

2019-06-28 17:13:12 - [MESSAGE][WARNING] - A browser is already opened. Closing browser and opening a new one

2019-06-28 17:13:12 - [MESSAGE][INFO] - Starting 'Safari' driver

2019-06-28 17:13:13 - [MESSAGE][PASSED] - Browser is opened with url: ''

2019-06-28 17:13:13 - [TEST_STEP][PASSED] - navigateToUrl("ocs.ca"): Navigate to 'http://ocs.ca' successfully

2019-06-28 17:13:15 - [MESSAGE][PASSED] - Navigate to 'http://ocs.ca' successfully

2019-06-28 17:13:15 - [TEST_STEP][NOT_RUN] - executeJavaScript("var previewBar = document.getElementById("preview-bar-iframe"); previewBar.style.display = "none";", []): NOT_RUN: executeJavaScript("var previewBar = document.getElementById("preview-bar-iframe"); previewBar.style.display = "none";", [])

2019-06-28 17:13:15 - [MESSAGE][NOT_RUN] - NOT_RUN: executeJavaScript("var previewBar = document.getElementById("preview-bar-iframe"); previewBar.style.display = "none";", [])

2019-06-28 17:13:15 - [TEST_STEP][PASSED] - setViewPortSize(360, 800): Viewport is set to new size with width = 360 and height = 800

2019-06-28 17:13:15 - [MESSAGE][PASSED] - Viewport is set to new size with width = 360 and height = 800

2019-06-28 17:13:15 - [TEST_STEP][PASSED] - delay(4): Delayed 4 second(s)

2019-06-28 17:13:19 - [MESSAGE][PASSED] - Delayed 4 second(s)

2019-06-28 17:13:19 - [TEST_STEP][PASSED] - selectOptionByValue(findTestObject("OCS-MOBILE /Age gate and burger menu/Date"), "12", true): All options with value '12' are selected in object 'Object Repository/OCS-MOBILE /Age gate and burger menu/Date'  using regular expression

2019-06-28 17:13:19 - [MESSAGE][PASSED] - All options with value '12' are selected in object 'Object Repository/OCS-MOBILE /Age gate and burger menu/Date'  using regular expression

2019-06-28 17:13:19 - [TEST_STEP][PASSED] - selectOptionByValue(findTestObject("OCS-MOBILE /Age gate and burger menu/month"), "6", true): All options with value '6' are selected in object 'Object Repository/OCS-MOBILE /Age gate and burger menu/month'  using regular expression

2019-06-28 17:13:19 - [MESSAGE][PASSED] - All options with value '6' are selected in object 'Object Repository/OCS-MOBILE /Age gate and burger menu/month'  using regular expression

2019-06-28 17:13:19 - [TEST_STEP][PASSED] - delay(2): Delayed 2 second(s)

2019-06-28 17:13:21 - [MESSAGE][PASSED] - Delayed 2 second(s)

2019-06-28 17:13:21 - [TEST_STEP][PASSED] - selectOptionByValue(findTestObject("OCS-MOBILE /Age gate and burger menu/Year Dropdown"), "1990", true): All options with value '1990' are selected in object 'Object Repository/OCS-MOBILE /Age gate and burger menu/Year Dropdown'  using regular expression

2019-06-28 17:13:23 - [MESSAGE][PASSED] - All options with value '1990' are selected in object 'Object Repository/OCS-MOBILE /Age gate and burger menu/Year Dropdown'  using regular expression

2019-06-28 17:13:23 - [TEST_STEP][PASSED] - click(findTestObject("OCS-MOBILE /Age gate and Mega menu/button_Verify")): Object: 'Object Repository/OCS-MOBILE /Age gate and Mega menu/button_Verify' is clicked on

2019-06-28 17:13:23 - [MESSAGE][PASSED] - Object: 'Object Repository/OCS-MOBILE /Age gate and Mega menu/button_Verify' is clicked on

2019-06-28 17:13:23 - [TEST_STEP][PASSED] - click(findTestObject("OCS-MOBILE /Age gate and Mega menu/Checkbox_CONFIRM AND ACKNOWLEDGE")): Object: 'Object Repository/OCS-MOBILE /Age gate and Mega menu/Checkbox_CONFIRM AND ACKNOWLEDGE' is clicked on

2019-06-28 17:13:23 - [MESSAGE][PASSED] - Object: 'Object Repository/OCS-MOBILE /Age gate and Mega menu/Checkbox_CONFIRM AND ACKNOWLEDGE' is clicked on

2019-06-28 17:13:23 - [TEST_STEP][PASSED] - click(findTestObject("OCS-MOBILE /Age gate and Mega menu/button_CONFIRM")): Object: 'Object Repository/OCS-MOBILE /Age gate and Mega menu/button_CONFIRM' is clicked on

2019-06-28 17:13:23 - [MESSAGE][PASSED] - Object: 'Object Repository/OCS-MOBILE /Age gate and Mega menu/button_CONFIRM' is clicked on

2019-06-28 17:13:23 - [TEST_STEP][PASSED] - click(findTestObject("OCS-MOBILE /Age gate and Mega menu/button_Start Browsing")): Object: 'Object Repository/OCS-MOBILE /Age gate and Mega menu/button_Start Browsing' is clicked on

2019-06-28 17:13:23 - [MESSAGE][PASSED] - Object: 'Object Repository/OCS-MOBILE /Age gate and Mega menu/button_Start Browsing' is clicked on

2019-06-28 17:13:23 - [TEST_STEP][PASSED] - refresh(): Refresh successfully

2019-06-28 17:13:26 - [MESSAGE][PASSED] - Refresh successfully

2019-06-28 17:13:26 - [TEST_STEP][NOT_RUN] - executeJavaScript("var previewBar = document.getElementById("preview-bar-iframe"); previewBar.style.display = "none";", []): NOT_RUN: executeJavaScript("var previewBar = document.getElementById("preview-bar-iframe"); previewBar.style.display = "none";", [])

2019-06-28 17:13:26 - [MESSAGE][NOT_RUN] - NOT_RUN: executeJavaScript("var previewBar = document.getElementById("preview-bar-iframe"); previewBar.style.display = "none";", [])

2019-06-28 17:13:26 - [MESSAGE][PASSED] - Call Test Case 'Test Cases/OCS - MOBILE/CALL - AGE GATE' successfully

2019-06-28 17:13:26 - [TEST_STEP][PASSED] - delay(2): Delayed 2 second(s)

2019-06-28 17:13:28 - [MESSAGE][PASSED] - Delayed 2 second(s)

2019-06-28 17:13:28 - [TEST_STEP][NOT_RUN] - executeJavaScript("var previewBar = document.getElementById("preview-bar-iframe"); previewBar.style.display = "none";", []): NOT_RUN: executeJavaScript("var previewBar = document.getElementById("preview-bar-iframe"); previewBar.style.display = "none";", [])

2019-06-28 17:13:28 - [MESSAGE][NOT_RUN] - NOT_RUN: executeJavaScript("var previewBar = document.getElementById("preview-bar-iframe"); previewBar.style.display = "none";", [])

2019-06-28 17:13:28 - [TEST_STEP][PASSED] - setViewPortSize(1000, 800, OPTIONAL): Viewport is set to new size with width = 1000 and height = 800

2019-06-28 17:13:28 - [MESSAGE][PASSED] - Viewport is set to new size with width = 1000 and height = 800

2019-06-28 17:13:28 - [TEST_STEP][PASSED] - delay(2, OPTIONAL): Delayed 2 second(s)

2019-06-28 17:13:30 - [MESSAGE][PASSED] - Delayed 2 second(s)

2019-06-28 17:13:30 - [TEST_STEP][PASSED] - click(findTestObject("Theme_oR/Page_Ontario Cannabis Store  Ontari/button_Hide bar"), OPTIONAL): Unable to click on object (Root cause: java.lang.IllegalArgumentException: Object is null)

2019-06-28 17:13:30 - [MESSAGE][WARNING] - Test object with id 'Object Repository/Theme_oR/Page_Ontario Cannabis Store  Ontari/button_Hide bar' does not exist

2019-06-28 17:13:30 - [MESSAGE][WARNING] - Test object with id 'Object Repository/' does not exist

2019-06-28 17:13:30 - [MESSAGE][WARNING] - Unable to click on object (Root cause: java.lang.IllegalArgumentException: Object is null)
[[ATTACHMENT|/Users/sumankompelly/Relative xpath-Mobile/Reports/Live site/20190628_163954/1561756410510.png]]

2019-06-28 17:13:30 - [TEST_STEP][PASSED] - delay(2, OPTIONAL): Delayed 2 second(s)

2019-06-28 17:13:32 - [MESSAGE][PASSED] - Delayed 2 second(s)

2019-06-28 17:13:32 - [TEST_STEP][PASSED] - setViewPortSize(360, 800, OPTIONAL): Viewport is set to new size with width = 360 and height = 800

2019-06-28 17:13:32 - [MESSAGE][PASSED] - Viewport is set to new size with width = 360 and height = 800

2019-06-28 17:13:32 - [TEST_STEP][PASSED] - delay(1, OPTIONAL): Delayed 1 second(s)

2019-06-28 17:13:33 - [MESSAGE][PASSED] - Delayed 1 second(s)

2019-06-28 17:13:33 - [TEST_STEP][PASSED] - click(findTestObject("OCS-MOBILE /Home - page/Why trust OCS -img")): Object: 'Object Repository/OCS-MOBILE /Home - page/Why trust OCS -img' is clicked on

2019-06-28 17:13:33 - [MESSAGE][PASSED] - Object: 'Object Repository/OCS-MOBILE /Home - page/Why trust OCS -img' is clicked on]]></system-out>
         <system-err><![CDATA[]]></system-err>
      </testcase>
      <testcase name="Test Cases/OCS - MOBILE/OCS- HOME PAGE/How to choose cannabis-learn more" classname="Test Cases/OCS - MOBILE/OCS- HOME PAGE/How to choose cannabis-learn more" status="PASSED">
         <system-out><![CDATA[2019-06-28 17:13:33 - [TEST_CASE][PASSED] - Test Cases/OCS - MOBILE/OCS- HOME PAGE/How to choose cannabis-learn more: Test Cases/OCS - MOBILE/OCS- HOME PAGE/How to choose cannabis-learn more

2019-06-28 17:13:33 - [TEST_STEP][PASSED] - callTestCase(findTestCase("OCS - MOBILE/CALL - AGE GATE"), [:], STOP_ON_FAILURE): Call Test Case 'Test Cases/OCS - MOBILE/CALL - AGE GATE' successfully

2019-06-28 17:13:33 - [TEST_CASE][PASSED] - Test Cases/OCS - MOBILE/CALL - AGE GATE: Test Cases/OCS - MOBILE/CALL - AGE GATE

2019-06-28 17:13:33 - [TEST_STEP][PASSED] - openBrowser(""): Browser is opened with url: ''

2019-06-28 17:13:33 - [MESSAGE][WARNING] - A browser is already opened. Closing browser and opening a new one

2019-06-28 17:13:33 - [MESSAGE][INFO] - Starting 'Safari' driver

2019-06-28 17:13:34 - [MESSAGE][PASSED] - Browser is opened with url: ''

2019-06-28 17:13:34 - [TEST_STEP][PASSED] - navigateToUrl("ocs.ca"): Navigate to 'http://ocs.ca' successfully

2019-06-28 17:13:36 - [MESSAGE][PASSED] - Navigate to 'http://ocs.ca' successfully

2019-06-28 17:13:36 - [TEST_STEP][NOT_RUN] - executeJavaScript("var previewBar = document.getElementById("preview-bar-iframe"); previewBar.style.display = "none";", []): NOT_RUN: executeJavaScript("var previewBar = document.getElementById("preview-bar-iframe"); previewBar.style.display = "none";", [])

2019-06-28 17:13:36 - [MESSAGE][NOT_RUN] - NOT_RUN: executeJavaScript("var previewBar = document.getElementById("preview-bar-iframe"); previewBar.style.display = "none";", [])

2019-06-28 17:13:36 - [TEST_STEP][PASSED] - setViewPortSize(360, 800): Viewport is set to new size with width = 360 and height = 800

2019-06-28 17:13:36 - [MESSAGE][PASSED] - Viewport is set to new size with width = 360 and height = 800

2019-06-28 17:13:36 - [TEST_STEP][PASSED] - delay(4): Delayed 4 second(s)

2019-06-28 17:13:40 - [MESSAGE][PASSED] - Delayed 4 second(s)

2019-06-28 17:13:40 - [TEST_STEP][PASSED] - selectOptionByValue(findTestObject("OCS-MOBILE /Age gate and burger menu/Date"), "12", true): All options with value '12' are selected in object 'Object Repository/OCS-MOBILE /Age gate and burger menu/Date'  using regular expression

2019-06-28 17:13:40 - [MESSAGE][PASSED] - All options with value '12' are selected in object 'Object Repository/OCS-MOBILE /Age gate and burger menu/Date'  using regular expression

2019-06-28 17:13:40 - [TEST_STEP][PASSED] - selectOptionByValue(findTestObject("OCS-MOBILE /Age gate and burger menu/month"), "6", true): All options with value '6' are selected in object 'Object Repository/OCS-MOBILE /Age gate and burger menu/month'  using regular expression

2019-06-28 17:13:41 - [MESSAGE][PASSED] - All options with value '6' are selected in object 'Object Repository/OCS-MOBILE /Age gate and burger menu/month'  using regular expression

2019-06-28 17:13:41 - [TEST_STEP][PASSED] - delay(2): Delayed 2 second(s)

2019-06-28 17:13:43 - [MESSAGE][PASSED] - Delayed 2 second(s)

2019-06-28 17:13:43 - [TEST_STEP][PASSED] - selectOptionByValue(findTestObject("OCS-MOBILE /Age gate and burger menu/Year Dropdown"), "1990", true): All options with value '1990' are selected in object 'Object Repository/OCS-MOBILE /Age gate and burger menu/Year Dropdown'  using regular expression

2019-06-28 17:13:44 - [MESSAGE][PASSED] - All options with value '1990' are selected in object 'Object Repository/OCS-MOBILE /Age gate and burger menu/Year Dropdown'  using regular expression

2019-06-28 17:13:44 - [TEST_STEP][PASSED] - click(findTestObject("OCS-MOBILE /Age gate and Mega menu/button_Verify")): Object: 'Object Repository/OCS-MOBILE /Age gate and Mega menu/button_Verify' is clicked on

2019-06-28 17:13:44 - [MESSAGE][PASSED] - Object: 'Object Repository/OCS-MOBILE /Age gate and Mega menu/button_Verify' is clicked on

2019-06-28 17:13:44 - [TEST_STEP][PASSED] - click(findTestObject("OCS-MOBILE /Age gate and Mega menu/Checkbox_CONFIRM AND ACKNOWLEDGE")): Object: 'Object Repository/OCS-MOBILE /Age gate and Mega menu/Checkbox_CONFIRM AND ACKNOWLEDGE' is clicked on

2019-06-28 17:13:44 - [MESSAGE][PASSED] - Object: 'Object Repository/OCS-MOBILE /Age gate and Mega menu/Checkbox_CONFIRM AND ACKNOWLEDGE' is clicked on

2019-06-28 17:13:44 - [TEST_STEP][PASSED] - click(findTestObject("OCS-MOBILE /Age gate and Mega menu/button_CONFIRM")): Object: 'Object Repository/OCS-MOBILE /Age gate and Mega menu/button_CONFIRM' is clicked on

2019-06-28 17:13:44 - [MESSAGE][PASSED] - Object: 'Object Repository/OCS-MOBILE /Age gate and Mega menu/button_CONFIRM' is clicked on

2019-06-28 17:13:44 - [TEST_STEP][PASSED] - click(findTestObject("OCS-MOBILE /Age gate and Mega menu/button_Start Browsing")): Object: 'Object Repository/OCS-MOBILE /Age gate and Mega menu/button_Start Browsing' is clicked on

2019-06-28 17:13:44 - [MESSAGE][PASSED] - Object: 'Object Repository/OCS-MOBILE /Age gate and Mega menu/button_Start Browsing' is clicked on

2019-06-28 17:13:44 - [TEST_STEP][PASSED] - refresh(): Refresh successfully

2019-06-28 17:13:47 - [MESSAGE][PASSED] - Refresh successfully

2019-06-28 17:13:47 - [TEST_STEP][NOT_RUN] - executeJavaScript("var previewBar = document.getElementById("preview-bar-iframe"); previewBar.style.display = "none";", []): NOT_RUN: executeJavaScript("var previewBar = document.getElementById("preview-bar-iframe"); previewBar.style.display = "none";", [])

2019-06-28 17:13:47 - [MESSAGE][NOT_RUN] - NOT_RUN: executeJavaScript("var previewBar = document.getElementById("preview-bar-iframe"); previewBar.style.display = "none";", [])

2019-06-28 17:13:47 - [MESSAGE][PASSED] - Call Test Case 'Test Cases/OCS - MOBILE/CALL - AGE GATE' successfully

2019-06-28 17:13:47 - [TEST_STEP][PASSED] - delay(2): Delayed 2 second(s)

2019-06-28 17:13:49 - [MESSAGE][PASSED] - Delayed 2 second(s)

2019-06-28 17:13:49 - [TEST_STEP][PASSED] - delay(2): Delayed 2 second(s)

2019-06-28 17:13:51 - [MESSAGE][PASSED] - Delayed 2 second(s)

2019-06-28 17:13:51 - [TEST_STEP][PASSED] - setViewPortSize(1000, 800, OPTIONAL): Viewport is set to new size with width = 1000 and height = 800

2019-06-28 17:13:51 - [MESSAGE][PASSED] - Viewport is set to new size with width = 1000 and height = 800

2019-06-28 17:13:51 - [TEST_STEP][PASSED] - delay(2, OPTIONAL): Delayed 2 second(s)

2019-06-28 17:13:53 - [MESSAGE][PASSED] - Delayed 2 second(s)

2019-06-28 17:13:53 - [TEST_STEP][PASSED] - click(findTestObject("Theme_oR/Page_Ontario Cannabis Store  Ontari/button_Hide bar"), OPTIONAL): Unable to click on object (Root cause: java.lang.IllegalArgumentException: Object is null)

2019-06-28 17:13:53 - [MESSAGE][WARNING] - Test object with id 'Object Repository/Theme_oR/Page_Ontario Cannabis Store  Ontari/button_Hide bar' does not exist

2019-06-28 17:13:53 - [MESSAGE][WARNING] - Test object with id 'Object Repository/' does not exist

2019-06-28 17:13:53 - [MESSAGE][WARNING] - Unable to click on object (Root cause: java.lang.IllegalArgumentException: Object is null)
[[ATTACHMENT|/Users/sumankompelly/Relative xpath-Mobile/Reports/Live site/20190628_163954/1561756433352.png]]

2019-06-28 17:13:53 - [TEST_STEP][PASSED] - delay(2, OPTIONAL): Delayed 2 second(s)

2019-06-28 17:13:55 - [MESSAGE][PASSED] - Delayed 2 second(s)

2019-06-28 17:13:55 - [TEST_STEP][PASSED] - setViewPortSize(360, 800, OPTIONAL): Viewport is set to new size with width = 360 and height = 800

2019-06-28 17:13:55 - [MESSAGE][PASSED] - Viewport is set to new size with width = 360 and height = 800

2019-06-28 17:13:55 - [TEST_STEP][PASSED] - delay(1, OPTIONAL): Delayed 1 second(s)

2019-06-28 17:13:56 - [MESSAGE][PASSED] - Delayed 1 second(s)

2019-06-28 17:13:56 - [TEST_STEP][NOT_RUN] - executeJavaScript("var previewBar = document.getElementById("preview-bar-iframe"); previewBar.style.display = "none";", []): NOT_RUN: executeJavaScript("var previewBar = document.getElementById("preview-bar-iframe"); previewBar.style.display = "none";", [])

2019-06-28 17:13:56 - [MESSAGE][NOT_RUN] - NOT_RUN: executeJavaScript("var previewBar = document.getElementById("preview-bar-iframe"); previewBar.style.display = "none";", [])

2019-06-28 17:13:56 - [TEST_STEP][PASSED] - click(findTestObject("OCS-MOBILE /Home - page/a_Learn more- A brief history of cannabis")): Object: 'Object Repository/OCS-MOBILE /Home - page/a_Learn more- A brief history of cannabis' is clicked on

2019-06-28 17:13:56 - [MESSAGE][PASSED] - Object: 'Object Repository/OCS-MOBILE /Home - page/a_Learn more- A brief history of cannabis' is clicked on

2019-06-28 17:13:56 - [TEST_STEP][PASSED] - click(findTestObject("OCS-MOBILE /Home - page/OCS icon"), STOP_ON_FAILURE): Object: 'Object Repository/OCS-MOBILE /Home - page/OCS icon' is clicked on

2019-06-28 17:13:58 - [MESSAGE][PASSED] - Object: 'Object Repository/OCS-MOBILE /Home - page/OCS icon' is clicked on

2019-06-28 17:13:58 - [TEST_STEP][NOT_RUN] - back(): NOT_RUN: back()

2019-06-28 17:13:58 - [MESSAGE][NOT_RUN] - NOT_RUN: back()

2019-06-28 17:13:58 - [TEST_STEP][PASSED] - delay(2): Delayed 2 second(s)

2019-06-28 17:14:00 - [MESSAGE][PASSED] - Delayed 2 second(s)

2019-06-28 17:14:00 - [TEST_STEP][PASSED] - setViewPortSize(1000, 800, OPTIONAL): Viewport is set to new size with width = 1000 and height = 800

2019-06-28 17:14:01 - [MESSAGE][PASSED] - Viewport is set to new size with width = 1000 and height = 800

2019-06-28 17:14:01 - [TEST_STEP][PASSED] - delay(2, OPTIONAL): Delayed 2 second(s)

2019-06-28 17:14:03 - [MESSAGE][PASSED] - Delayed 2 second(s)

2019-06-28 17:14:03 - [TEST_STEP][PASSED] - click(findTestObject("Theme_oR/Page_Ontario Cannabis Store  Ontari/button_Hide bar"), OPTIONAL): Unable to click on object (Root cause: java.lang.IllegalArgumentException: Object is null)

2019-06-28 17:14:03 - [MESSAGE][WARNING] - Test object with id 'Object Repository/Theme_oR/Page_Ontario Cannabis Store  Ontari/button_Hide bar' does not exist

2019-06-28 17:14:03 - [MESSAGE][WARNING] - Test object with id 'Object Repository/' does not exist

2019-06-28 17:14:03 - [MESSAGE][WARNING] - Unable to click on object (Root cause: java.lang.IllegalArgumentException: Object is null)
[[ATTACHMENT|/Users/sumankompelly/Relative xpath-Mobile/Reports/Live site/20190628_163954/1561756443045.png]]

2019-06-28 17:14:03 - [TEST_STEP][PASSED] - delay(2, OPTIONAL): Delayed 2 second(s)

2019-06-28 17:14:05 - [MESSAGE][PASSED] - Delayed 2 second(s)

2019-06-28 17:14:05 - [TEST_STEP][PASSED] - setViewPortSize(360, 800, OPTIONAL): Viewport is set to new size with width = 360 and height = 800

2019-06-28 17:14:05 - [MESSAGE][PASSED] - Viewport is set to new size with width = 360 and height = 800

2019-06-28 17:14:05 - [TEST_STEP][PASSED] - delay(3, OPTIONAL): Delayed 3 second(s)

2019-06-28 17:14:08 - [MESSAGE][PASSED] - Delayed 3 second(s)

2019-06-28 17:14:08 - [TEST_STEP][NOT_RUN] - executeJavaScript("var previewBar = document.getElementById("preview-bar-iframe"); previewBar.style.display = "none";", []): NOT_RUN: executeJavaScript("var previewBar = document.getElementById("preview-bar-iframe"); previewBar.style.display = "none";", [])

2019-06-28 17:14:08 - [MESSAGE][NOT_RUN] - NOT_RUN: executeJavaScript("var previewBar = document.getElementById("preview-bar-iframe"); previewBar.style.display = "none";", [])

2019-06-28 17:14:08 - [TEST_STEP][PASSED] - click(findTestObject("OCS-MOBILE /Home - page/a_Learn more- Tips for responsible use")): Object: 'Object Repository/OCS-MOBILE /Home - page/a_Learn more- Tips for responsible use' is clicked on

2019-06-28 17:14:10 - [MESSAGE][PASSED] - Object: 'Object Repository/OCS-MOBILE /Home - page/a_Learn more- Tips for responsible use' is clicked on]]></system-out>
         <system-err><![CDATA[]]></system-err>
      </testcase>
      <testcase name="Test Cases/OCS - MOBILE/OCS- HOME PAGE/HP -Burger menu-FAQ" classname="Test Cases/OCS - MOBILE/OCS- HOME PAGE/HP -Burger menu-FAQ" status="FAILED">
         <failure type="FAILED" message="Test Cases/OCS - MOBILE/OCS- HOME PAGE/HP -Burger menu-FAQ FAILED.
Reason:
com.kms.katalon.core.exception.StepFailedException: Unable to click on object 'Object Repository/OCS-MOBILE /Age gate and burger menu/Burger menu - English' (Root cause: org.openqa.selenium.StaleElementReferenceException: A node reference could not be resolved: Node with identifier 'node-828F15B6-D58F-465D-964A-D3589E7FB587' was not found
For documentation on this error, please visit: http://seleniumhq.org/exceptions/stale_element_reference.html
Build info: version: '3.7.1', revision: '8a0099a', time: '2017-11-06T21:07:36.161Z'
System info: host: 'sumans-MacBook-Pro.local', ip: 'fe80:0:0:0:14f6:8d5f:4e59:4e6f%en0', os.name: 'Mac OS X', os.arch: 'x86_64', os.version: '10.13.6', java.version: '1.8.0_181'
Driver info: com.kms.katalon.selenium.driver.CSafariDriver
Capabilities {acceptInsecureCerts: false, browserName: Safari, browserVersion: 12.1, javascriptEnabled: true, platform: MAC, platformName: MAC, safari:automaticInspection: false, safari:automaticProfiling: false, safari:diagnose: false, setWindowRect: true, strictFileInteractability: false, webkit:WebRTC: {DisableICECandidateFiltering: false, DisableInsecureMediaCapture: false}}
Session ID: FBD55741-3F2F-4C53-8D33-1D08782A8A61)
	at com.kms.katalon.core.keyword.internal.KeywordMain.stepFailed(KeywordMain.groovy:36)
	at com.kms.katalon.core.webui.keyword.internal.WebUIKeywordMain.stepFailed(WebUIKeywordMain.groovy:65)
	at com.kms.katalon.core.webui.keyword.internal.WebUIKeywordMain.runKeyword(WebUIKeywordMain.groovy:27)
	at com.kms.katalon.core.webui.keyword.builtin.ClickKeyword.click(ClickKeyword.groovy:86)
	at com.kms.katalon.core.webui.keyword.builtin.ClickKeyword.execute(ClickKeyword.groovy:67)
	at com.kms.katalon.core.keyword.internal.KeywordExecutor.executeKeywordForPlatform(KeywordExecutor.groovy:53)
	at com.kms.katalon.core.webui.keyword.WebUiBuiltInKeywords.click(WebUiBuiltInKeywords.groovy:616)
	at com.kms.katalon.core.webui.keyword.WebUiBuiltInKeywords$click$3.call(Unknown Source)
	at HP -Burger menu-FAQ.run(HP -Burger menu-FAQ:295)
	at com.kms.katalon.core.main.ScriptEngine.run(ScriptEngine.java:194)
	at com.kms.katalon.core.main.ScriptEngine.runScriptAsRawText(ScriptEngine.java:119)
	at com.kms.katalon.core.main.TestCaseExecutor.runScript(TestCaseExecutor.java:328)
	at com.kms.katalon.core.main.TestCaseExecutor.doExecute(TestCaseExecutor.java:319)
	at com.kms.katalon.core.main.TestCaseExecutor.processExecutionPhase(TestCaseExecutor.java:298)
	at com.kms.katalon.core.main.TestCaseExecutor.accessMainPhase(TestCaseExecutor.java:290)
	at com.kms.katalon.core.main.TestCaseExecutor.execute(TestCaseExecutor.java:224)
	at com.kms.katalon.core.main.TestSuiteExecutor.accessTestCaseMainPhase(TestSuiteExecutor.java:129)
	at com.kms.katalon.core.main.TestSuiteExecutor.accessTestSuiteMainPhase(TestSuiteExecutor.java:112)
	at com.kms.katalon.core.main.TestSuiteExecutor.execute(TestSuiteExecutor.java:81)
	at com.kms.katalon.core.main.TestCaseMain.startTestSuite(TestCaseMain.java:149)
	at com.kms.katalon.core.main.TestCaseMain$startTestSuite$0.call(Unknown Source)
	at TempTestSuite1561754394056.run(TempTestSuite1561754394056.groovy:36)
"/>
         <system-out><![CDATA[2019-06-28 17:14:10 - [TEST_CASE][FAILED] - Test Cases/OCS - MOBILE/OCS- HOME PAGE/HP -Burger menu-FAQ: Test Cases/OCS - MOBILE/OCS- HOME PAGE/HP -Burger menu-FAQ FAILED.
Reason:
com.kms.katalon.core.exception.StepFailedException: Unable to click on object 'Object Repository/OCS-MOBILE /Age gate and burger menu/Burger menu - English' (Root cause: org.openqa.selenium.StaleElementReferenceException: A node reference could not be resolved: Node with identifier 'node-828F15B6-D58F-465D-964A-D3589E7FB587' was not found
For documentation on this error, please visit: http://seleniumhq.org/exceptions/stale_element_reference.html
Build info: version: '3.7.1', revision: '8a0099a', time: '2017-11-06T21:07:36.161Z'
System info: host: 'sumans-MacBook-Pro.local', ip: 'fe80:0:0:0:14f6:8d5f:4e59:4e6f%en0', os.name: 'Mac OS X', os.arch: 'x86_64', os.version: '10.13.6', java.version: '1.8.0_181'
Driver info: com.kms.katalon.selenium.driver.CSafariDriver
Capabilities {acceptInsecureCerts: false, browserName: Safari, browserVersion: 12.1, javascriptEnabled: true, platform: MAC, platformName: MAC, safari:automaticInspection: false, safari:automaticProfiling: false, safari:diagnose: false, setWindowRect: true, strictFileInteractability: false, webkit:WebRTC: {DisableICECandidateFiltering: false, DisableInsecureMediaCapture: false}}
Session ID: FBD55741-3F2F-4C53-8D33-1D08782A8A61)
	at com.kms.katalon.core.keyword.internal.KeywordMain.stepFailed(KeywordMain.groovy:36)
	at com.kms.katalon.core.webui.keyword.internal.WebUIKeywordMain.stepFailed(WebUIKeywordMain.groovy:65)
	at com.kms.katalon.core.webui.keyword.internal.WebUIKeywordMain.runKeyword(WebUIKeywordMain.groovy:27)
	at com.kms.katalon.core.webui.keyword.builtin.ClickKeyword.click(ClickKeyword.groovy:86)
	at com.kms.katalon.core.webui.keyword.builtin.ClickKeyword.execute(ClickKeyword.groovy:67)
	at com.kms.katalon.core.keyword.internal.KeywordExecutor.executeKeywordForPlatform(KeywordExecutor.groovy:53)
	at com.kms.katalon.core.webui.keyword.WebUiBuiltInKeywords.click(WebUiBuiltInKeywords.groovy:616)
	at com.kms.katalon.core.webui.keyword.WebUiBuiltInKeywords$click$3.call(Unknown Source)
	at HP -Burger menu-FAQ.run(HP -Burger menu-FAQ:295)
	at com.kms.katalon.core.main.ScriptEngine.run(ScriptEngine.java:194)
	at com.kms.katalon.core.main.ScriptEngine.runScriptAsRawText(ScriptEngine.java:119)
	at com.kms.katalon.core.main.TestCaseExecutor.runScript(TestCaseExecutor.java:328)
	at com.kms.katalon.core.main.TestCaseExecutor.doExecute(TestCaseExecutor.java:319)
	at com.kms.katalon.core.main.TestCaseExecutor.processExecutionPhase(TestCaseExecutor.java:298)
	at com.kms.katalon.core.main.TestCaseExecutor.accessMainPhase(TestCaseExecutor.java:290)
	at com.kms.katalon.core.main.TestCaseExecutor.execute(TestCaseExecutor.java:224)
	at com.kms.katalon.core.main.TestSuiteExecutor.accessTestCaseMainPhase(TestSuiteExecutor.java:129)
	at com.kms.katalon.core.main.TestSuiteExecutor.accessTestSuiteMainPhase(TestSuiteExecutor.java:112)
	at com.kms.katalon.core.main.TestSuiteExecutor.execute(TestSuiteExecutor.java:81)
	at com.kms.katalon.core.main.TestCaseMain.startTestSuite(TestCaseMain.java:149)
	at com.kms.katalon.core.main.TestCaseMain$startTestSuite$0.call(Unknown Source)
	at TempTestSuite1561754394056.run(TempTestSuite1561754394056.groovy:36)


2019-06-28 17:14:11 - [TEST_STEP][PASSED] - callTestCase(findTestCase("OCS - MOBILE/CALL - AGE GATE"), [:], STOP_ON_FAILURE): Call Test Case 'Test Cases/OCS - MOBILE/CALL - AGE GATE' successfully

2019-06-28 17:14:11 - [TEST_CASE][PASSED] - Test Cases/OCS - MOBILE/CALL - AGE GATE: Test Cases/OCS - MOBILE/CALL - AGE GATE

2019-06-28 17:14:11 - [TEST_STEP][PASSED] - openBrowser(""): Browser is opened with url: ''

2019-06-28 17:14:11 - [MESSAGE][WARNING] - A browser is already opened. Closing browser and opening a new one

2019-06-28 17:14:11 - [MESSAGE][INFO] - Starting 'Safari' driver

2019-06-28 17:14:12 - [MESSAGE][PASSED] - Browser is opened with url: ''

2019-06-28 17:14:12 - [TEST_STEP][PASSED] - navigateToUrl("ocs.ca"): Navigate to 'http://ocs.ca' successfully

2019-06-28 17:14:14 - [MESSAGE][PASSED] - Navigate to 'http://ocs.ca' successfully

2019-06-28 17:14:14 - [TEST_STEP][NOT_RUN] - executeJavaScript("var previewBar = document.getElementById("preview-bar-iframe"); previewBar.style.display = "none";", []): NOT_RUN: executeJavaScript("var previewBar = document.getElementById("preview-bar-iframe"); previewBar.style.display = "none";", [])

2019-06-28 17:14:14 - [MESSAGE][NOT_RUN] - NOT_RUN: executeJavaScript("var previewBar = document.getElementById("preview-bar-iframe"); previewBar.style.display = "none";", [])

2019-06-28 17:14:14 - [TEST_STEP][PASSED] - setViewPortSize(360, 800): Viewport is set to new size with width = 360 and height = 800

2019-06-28 17:14:14 - [MESSAGE][PASSED] - Viewport is set to new size with width = 360 and height = 800

2019-06-28 17:14:14 - [TEST_STEP][PASSED] - delay(4): Delayed 4 second(s)

2019-06-28 17:14:18 - [MESSAGE][PASSED] - Delayed 4 second(s)

2019-06-28 17:14:18 - [TEST_STEP][PASSED] - selectOptionByValue(findTestObject("OCS-MOBILE /Age gate and burger menu/Date"), "12", true): All options with value '12' are selected in object 'Object Repository/OCS-MOBILE /Age gate and burger menu/Date'  using regular expression

2019-06-28 17:14:18 - [MESSAGE][PASSED] - All options with value '12' are selected in object 'Object Repository/OCS-MOBILE /Age gate and burger menu/Date'  using regular expression

2019-06-28 17:14:18 - [TEST_STEP][PASSED] - selectOptionByValue(findTestObject("OCS-MOBILE /Age gate and burger menu/month"), "6", true): All options with value '6' are selected in object 'Object Repository/OCS-MOBILE /Age gate and burger menu/month'  using regular expression

2019-06-28 17:14:19 - [MESSAGE][PASSED] - All options with value '6' are selected in object 'Object Repository/OCS-MOBILE /Age gate and burger menu/month'  using regular expression

2019-06-28 17:14:19 - [TEST_STEP][PASSED] - delay(2): Delayed 2 second(s)

2019-06-28 17:14:21 - [MESSAGE][PASSED] - Delayed 2 second(s)

2019-06-28 17:14:21 - [TEST_STEP][PASSED] - selectOptionByValue(findTestObject("OCS-MOBILE /Age gate and burger menu/Year Dropdown"), "1990", true): All options with value '1990' are selected in object 'Object Repository/OCS-MOBILE /Age gate and burger menu/Year Dropdown'  using regular expression

2019-06-28 17:14:22 - [MESSAGE][PASSED] - All options with value '1990' are selected in object 'Object Repository/OCS-MOBILE /Age gate and burger menu/Year Dropdown'  using regular expression

2019-06-28 17:14:22 - [TEST_STEP][PASSED] - click(findTestObject("OCS-MOBILE /Age gate and Mega menu/button_Verify")): Object: 'Object Repository/OCS-MOBILE /Age gate and Mega menu/button_Verify' is clicked on

2019-06-28 17:14:22 - [MESSAGE][PASSED] - Object: 'Object Repository/OCS-MOBILE /Age gate and Mega menu/button_Verify' is clicked on

2019-06-28 17:14:22 - [TEST_STEP][PASSED] - click(findTestObject("OCS-MOBILE /Age gate and Mega menu/Checkbox_CONFIRM AND ACKNOWLEDGE")): Object: 'Object Repository/OCS-MOBILE /Age gate and Mega menu/Checkbox_CONFIRM AND ACKNOWLEDGE' is clicked on

2019-06-28 17:14:22 - [MESSAGE][PASSED] - Object: 'Object Repository/OCS-MOBILE /Age gate and Mega menu/Checkbox_CONFIRM AND ACKNOWLEDGE' is clicked on

2019-06-28 17:14:22 - [TEST_STEP][PASSED] - click(findTestObject("OCS-MOBILE /Age gate and Mega menu/button_CONFIRM")): Object: 'Object Repository/OCS-MOBILE /Age gate and Mega menu/button_CONFIRM' is clicked on

2019-06-28 17:14:22 - [MESSAGE][PASSED] - Object: 'Object Repository/OCS-MOBILE /Age gate and Mega menu/button_CONFIRM' is clicked on

2019-06-28 17:14:22 - [TEST_STEP][PASSED] - click(findTestObject("OCS-MOBILE /Age gate and Mega menu/button_Start Browsing")): Object: 'Object Repository/OCS-MOBILE /Age gate and Mega menu/button_Start Browsing' is clicked on

2019-06-28 17:14:22 - [MESSAGE][PASSED] - Object: 'Object Repository/OCS-MOBILE /Age gate and Mega menu/button_Start Browsing' is clicked on

2019-06-28 17:14:22 - [TEST_STEP][PASSED] - refresh(): Refresh successfully

2019-06-28 17:14:25 - [MESSAGE][PASSED] - Refresh successfully

2019-06-28 17:14:25 - [TEST_STEP][NOT_RUN] - executeJavaScript("var previewBar = document.getElementById("preview-bar-iframe"); previewBar.style.display = "none";", []): NOT_RUN: executeJavaScript("var previewBar = document.getElementById("preview-bar-iframe"); previewBar.style.display = "none";", [])

2019-06-28 17:14:25 - [MESSAGE][NOT_RUN] - NOT_RUN: executeJavaScript("var previewBar = document.getElementById("preview-bar-iframe"); previewBar.style.display = "none";", [])

2019-06-28 17:14:25 - [MESSAGE][PASSED] - Call Test Case 'Test Cases/OCS - MOBILE/CALL - AGE GATE' successfully

2019-06-28 17:14:25 - [TEST_STEP][PASSED] - delay(2): Delayed 2 second(s)

2019-06-28 17:14:27 - [MESSAGE][PASSED] - Delayed 2 second(s)

2019-06-28 17:14:27 - [TEST_STEP][NOT_RUN] - executeJavaScript("var previewBar = document.getElementById("preview-bar-iframe"); previewBar.style.display = "none";", []): NOT_RUN: executeJavaScript("var previewBar = document.getElementById("preview-bar-iframe"); previewBar.style.display = "none";", [])

2019-06-28 17:14:27 - [MESSAGE][NOT_RUN] - NOT_RUN: executeJavaScript("var previewBar = document.getElementById("preview-bar-iframe"); previewBar.style.display = "none";", [])

2019-06-28 17:14:27 - [TEST_STEP][PASSED] - delay(2): Delayed 2 second(s)

2019-06-28 17:14:29 - [MESSAGE][PASSED] - Delayed 2 second(s)

2019-06-28 17:14:29 - [TEST_STEP][PASSED] - click(findTestObject("OCS-MOBILE /Age gate and burger menu/Burger menu - English")): Object: 'Object Repository/OCS-MOBILE /Age gate and burger menu/Burger menu - English' is clicked on

2019-06-28 17:14:29 - [MESSAGE][PASSED] - Object: 'Object Repository/OCS-MOBILE /Age gate and burger menu/Burger menu - English' is clicked on

2019-06-28 17:14:29 - [TEST_STEP][PASSED] - delay(2): Delayed 2 second(s)

2019-06-28 17:14:31 - [MESSAGE][PASSED] - Delayed 2 second(s)

2019-06-28 17:14:31 - [TEST_STEP][PASSED] - click(findTestObject("OCS-MOBILE /FAQ page/FAQ")): Object: 'Object Repository/OCS-MOBILE /FAQ page/FAQ' is clicked on

2019-06-28 17:14:31 - [MESSAGE][PASSED] - Object: 'Object Repository/OCS-MOBILE /FAQ page/FAQ' is clicked on

2019-06-28 17:14:31 - [TEST_STEP][PASSED] - delay(1): Delayed 1 second(s)

2019-06-28 17:14:32 - [MESSAGE][PASSED] - Delayed 1 second(s)

2019-06-28 17:14:32 - [TEST_STEP][PASSED] - click(findTestObject("OCS-MOBILE /FAQ page/First chevron link")): Object: 'Object Repository/OCS-MOBILE /FAQ page/First chevron link' is clicked on

2019-06-28 17:14:35 - [MESSAGE][PASSED] - Object: 'Object Repository/OCS-MOBILE /FAQ page/First chevron link' is clicked on

2019-06-28 17:14:35 - [TEST_STEP][PASSED] - delay(1): Delayed 1 second(s)

2019-06-28 17:14:36 - [MESSAGE][PASSED] - Delayed 1 second(s)

2019-06-28 17:14:36 - [TEST_STEP][NOT_RUN] - executeJavaScript("var previewBar = document.getElementById("preview-bar-iframe"); previewBar.style.display = "none";", []): NOT_RUN: executeJavaScript("var previewBar = document.getElementById("preview-bar-iframe"); previewBar.style.display = "none";", [])

2019-06-28 17:14:36 - [MESSAGE][NOT_RUN] - NOT_RUN: executeJavaScript("var previewBar = document.getElementById("preview-bar-iframe"); previewBar.style.display = "none";", [])

2019-06-28 17:14:36 - [TEST_STEP][PASSED] - scrollToElement(findTestObject("OCS-MOBILE /FAQ page/scroll view element"), 0): Scroll to object 'Object Repository/OCS-MOBILE /FAQ page/scroll view element' successfully

2019-06-28 17:14:36 - [MESSAGE][WARNING] - Timeout '0' is invalid. Using default page load timeout: '30'

2019-06-28 17:14:36 - [MESSAGE][PASSED] - Scroll to object 'Object Repository/OCS-MOBILE /FAQ page/scroll view element' successfully

2019-06-28 17:14:36 - [TEST_STEP][PASSED] - delay(1): Delayed 1 second(s)

2019-06-28 17:14:37 - [MESSAGE][PASSED] - Delayed 1 second(s)

2019-06-28 17:14:37 - [TEST_STEP][PASSED] - click(findTestObject("OCS-MOBILE /FAQ page/Dropdown button -First chevron -open- FAQ")): Object: 'Object Repository/OCS-MOBILE /FAQ page/Dropdown button -First chevron -open- FAQ' is clicked on

2019-06-28 17:14:37 - [MESSAGE][PASSED] - Object: 'Object Repository/OCS-MOBILE /FAQ page/Dropdown button -First chevron -open- FAQ' is clicked on

2019-06-28 17:14:37 - [TEST_STEP][PASSED] - delay(1): Delayed 1 second(s)

2019-06-28 17:14:38 - [MESSAGE][PASSED] - Delayed 1 second(s)

2019-06-28 17:14:38 - [TEST_STEP][PASSED] - click(findTestObject("OCS-MOBILE /FAQ page/Dropdown button -First chevron - close -FAQ")): Object: 'Object Repository/OCS-MOBILE /FAQ page/Dropdown button -First chevron - close -FAQ' is clicked on

2019-06-28 17:14:38 - [MESSAGE][PASSED] - Object: 'Object Repository/OCS-MOBILE /FAQ page/Dropdown button -First chevron - close -FAQ' is clicked on

2019-06-28 17:14:38 - [TEST_STEP][PASSED] - delay(1, OPTIONAL): Delayed 1 second(s)

2019-06-28 17:14:39 - [MESSAGE][PASSED] - Delayed 1 second(s)

2019-06-28 17:14:39 - [TEST_STEP][PASSED] - setViewPortSize(1000, 800, OPTIONAL): Viewport is set to new size with width = 1000 and height = 800

2019-06-28 17:14:39 - [MESSAGE][PASSED] - Viewport is set to new size with width = 1000 and height = 800

2019-06-28 17:14:39 - [TEST_STEP][PASSED] - delay(2, OPTIONAL): Delayed 2 second(s)

2019-06-28 17:14:41 - [MESSAGE][PASSED] - Delayed 2 second(s)

2019-06-28 17:14:41 - [TEST_STEP][PASSED] - click(findTestObject("Theme_oR/Page_Ontario Cannabis Store  Ontari/button_Hide bar"), OPTIONAL): Unable to click on object (Root cause: java.lang.IllegalArgumentException: Object is null)

2019-06-28 17:14:41 - [MESSAGE][WARNING] - Test object with id 'Object Repository/Theme_oR/Page_Ontario Cannabis Store  Ontari/button_Hide bar' does not exist

2019-06-28 17:14:41 - [MESSAGE][WARNING] - Test object with id 'Object Repository/' does not exist

2019-06-28 17:14:41 - [MESSAGE][WARNING] - Unable to click on object (Root cause: java.lang.IllegalArgumentException: Object is null)
[[ATTACHMENT|/Users/sumankompelly/Relative xpath-Mobile/Reports/Live site/20190628_163954/1561756481239.png]]

2019-06-28 17:14:41 - [TEST_STEP][PASSED] - delay(2, OPTIONAL): Delayed 2 second(s)

2019-06-28 17:14:43 - [MESSAGE][PASSED] - Delayed 2 second(s)

2019-06-28 17:14:43 - [TEST_STEP][PASSED] - setViewPortSize(360, 800, OPTIONAL): Viewport is set to new size with width = 360 and height = 800

2019-06-28 17:14:43 - [MESSAGE][PASSED] - Viewport is set to new size with width = 360 and height = 800

2019-06-28 17:14:43 - [TEST_STEP][PASSED] - delay(1, OPTIONAL): Delayed 1 second(s)

2019-06-28 17:14:44 - [MESSAGE][PASSED] - Delayed 1 second(s)

2019-06-28 17:14:44 - [TEST_STEP][PASSED] - click(findTestObject("OCS-MOBILE /FAQ page/First accordian - add")): Object: 'Object Repository/OCS-MOBILE /FAQ page/First accordian - add' is clicked on

2019-06-28 17:14:44 - [MESSAGE][PASSED] - Object: 'Object Repository/OCS-MOBILE /FAQ page/First accordian - add' is clicked on

2019-06-28 17:14:44 - [TEST_STEP][PASSED] - delay(1): Delayed 1 second(s)

2019-06-28 17:14:45 - [MESSAGE][PASSED] - Delayed 1 second(s)

2019-06-28 17:14:45 - [TEST_STEP][PASSED] - click(findTestObject("OCS-MOBILE /FAQ page/First accordian - Subtract")): Object: 'Object Repository/OCS-MOBILE /FAQ page/First accordian - Subtract' is clicked on

2019-06-28 17:14:45 - [MESSAGE][PASSED] - Object: 'Object Repository/OCS-MOBILE /FAQ page/First accordian - Subtract' is clicked on

2019-06-28 17:14:45 - [TEST_STEP][PASSED] - delay(1): Delayed 1 second(s)

2019-06-28 17:14:46 - [MESSAGE][PASSED] - Delayed 1 second(s)

2019-06-28 17:14:46 - [TEST_STEP][PASSED] - click(findTestObject("OCS-MOBILE /FAQ page/Second accordian- add")): Object: 'Object Repository/OCS-MOBILE /FAQ page/Second accordian- add' is clicked on

2019-06-28 17:14:46 - [MESSAGE][PASSED] - Object: 'Object Repository/OCS-MOBILE /FAQ page/Second accordian- add' is clicked on

2019-06-28 17:14:46 - [TEST_STEP][PASSED] - delay(1): Delayed 1 second(s)

2019-06-28 17:14:47 - [MESSAGE][PASSED] - Delayed 1 second(s)

2019-06-28 17:14:47 - [TEST_STEP][PASSED] - click(findTestObject("OCS-MOBILE /FAQ page/Second accordian - subtract")): Object: 'Object Repository/OCS-MOBILE /FAQ page/Second accordian - subtract' is clicked on

2019-06-28 17:14:47 - [MESSAGE][PASSED] - Object: 'Object Repository/OCS-MOBILE /FAQ page/Second accordian - subtract' is clicked on

2019-06-28 17:14:47 - [TEST_STEP][PASSED] - delay(1): Delayed 1 second(s)

2019-06-28 17:14:48 - [MESSAGE][PASSED] - Delayed 1 second(s)

2019-06-28 17:14:48 - [TEST_STEP][PASSED] - click(findTestObject("OCS-MOBILE /FAQ page/Load more1")): Object: 'Object Repository/OCS-MOBILE /FAQ page/Load more1' is clicked on

2019-06-28 17:14:48 - [MESSAGE][PASSED] - Object: 'Object Repository/OCS-MOBILE /FAQ page/Load more1' is clicked on

2019-06-28 17:14:48 - [TEST_STEP][PASSED] - delay(1): Delayed 1 second(s)

2019-06-28 17:14:49 - [MESSAGE][PASSED] - Delayed 1 second(s)

2019-06-28 17:14:49 - [TEST_STEP][PASSED] - click(findTestObject("OCS-MOBILE /FAQ page/Loadmore2")): Object: 'Object Repository/OCS-MOBILE /FAQ page/Loadmore2' is clicked on

2019-06-28 17:14:49 - [MESSAGE][PASSED] - Object: 'Object Repository/OCS-MOBILE /FAQ page/Loadmore2' is clicked on

2019-06-28 17:14:49 - [TEST_STEP][PASSED] - delay(1): Delayed 1 second(s)

2019-06-28 17:14:50 - [MESSAGE][PASSED] - Delayed 1 second(s)

2019-06-28 17:14:50 - [TEST_STEP][PASSED] - click(findTestObject("OCS-MOBILE /FAQ page/Loadmore3")): Object: 'Object Repository/OCS-MOBILE /FAQ page/Loadmore3' is clicked on

2019-06-28 17:14:50 - [MESSAGE][PASSED] - Object: 'Object Repository/OCS-MOBILE /FAQ page/Loadmore3' is clicked on

2019-06-28 17:14:50 - [TEST_STEP][PASSED] - delay(1): Delayed 1 second(s)

2019-06-28 17:14:51 - [MESSAGE][PASSED] - Delayed 1 second(s)

2019-06-28 17:14:51 - [TEST_STEP][PASSED] - click(findTestObject("OCS-MOBILE /FAQ page/Learn about cannabis")): Object: 'Object Repository/OCS-MOBILE /FAQ page/Learn about cannabis' is clicked on

2019-06-28 17:14:51 - [MESSAGE][PASSED] - Object: 'Object Repository/OCS-MOBILE /FAQ page/Learn about cannabis' is clicked on

2019-06-28 17:14:51 - [TEST_STEP][PASSED] - delay(1): Delayed 1 second(s)

2019-06-28 17:14:52 - [MESSAGE][PASSED] - Delayed 1 second(s)

2019-06-28 17:14:52 - [TEST_STEP][PASSED] - back(): Navigate back successfully

2019-06-28 17:14:52 - [MESSAGE][PASSED] - Navigate back successfully

2019-06-28 17:14:52 - [TEST_STEP][PASSED] - delay(1): Delayed 1 second(s)

2019-06-28 17:14:53 - [MESSAGE][PASSED] - Delayed 1 second(s)

2019-06-28 17:14:53 - [TEST_STEP][PASSED] - setViewPortSize(1000, 800, OPTIONAL): Viewport is set to new size with width = 1000 and height = 800

2019-06-28 17:14:53 - [MESSAGE][PASSED] - Viewport is set to new size with width = 1000 and height = 800

2019-06-28 17:14:53 - [TEST_STEP][PASSED] - delay(2, OPTIONAL): Delayed 2 second(s)

2019-06-28 17:14:55 - [MESSAGE][PASSED] - Delayed 2 second(s)

2019-06-28 17:14:55 - [TEST_STEP][PASSED] - click(findTestObject("Theme_oR/Page_Ontario Cannabis Store  Ontari/button_Hide bar"), OPTIONAL): Unable to click on object (Root cause: java.lang.IllegalArgumentException: Object is null)

2019-06-28 17:14:55 - [MESSAGE][WARNING] - Test object with id 'Object Repository/Theme_oR/Page_Ontario Cannabis Store  Ontari/button_Hide bar' does not exist

2019-06-28 17:14:55 - [MESSAGE][WARNING] - Test object with id 'Object Repository/' does not exist

2019-06-28 17:14:55 - [MESSAGE][WARNING] - Unable to click on object (Root cause: java.lang.IllegalArgumentException: Object is null)
[[ATTACHMENT|/Users/sumankompelly/Relative xpath-Mobile/Reports/Live site/20190628_163954/1561756495798.png]]

2019-06-28 17:14:55 - [TEST_STEP][PASSED] - delay(2, OPTIONAL): Delayed 2 second(s)

2019-06-28 17:14:57 - [MESSAGE][PASSED] - Delayed 2 second(s)

2019-06-28 17:14:57 - [TEST_STEP][PASSED] - setViewPortSize(360, 800, OPTIONAL): Viewport is set to new size with width = 360 and height = 800

2019-06-28 17:14:57 - [MESSAGE][PASSED] - Viewport is set to new size with width = 360 and height = 800

2019-06-28 17:14:57 - [TEST_STEP][PASSED] - delay(1, OPTIONAL): Delayed 1 second(s)

2019-06-28 17:14:58 - [MESSAGE][PASSED] - Delayed 1 second(s)

2019-06-28 17:14:58 - [TEST_STEP][NOT_RUN] - executeJavaScript("var previewBar = document.getElementById("preview-bar-iframe"); previewBar.style.display = "none";", []): NOT_RUN: executeJavaScript("var previewBar = document.getElementById("preview-bar-iframe"); previewBar.style.display = "none";", [])

2019-06-28 17:14:58 - [MESSAGE][NOT_RUN] - NOT_RUN: executeJavaScript("var previewBar = document.getElementById("preview-bar-iframe"); previewBar.style.display = "none";", [])

2019-06-28 17:14:58 - [TEST_STEP][PASSED] - click(findTestObject("OCS-MOBILE /FAQ page/Loadmore4")): Object: 'Object Repository/OCS-MOBILE /FAQ page/Loadmore4' is clicked on

2019-06-28 17:14:58 - [MESSAGE][PASSED] - Object: 'Object Repository/OCS-MOBILE /FAQ page/Loadmore4' is clicked on

2019-06-28 17:14:58 - [TEST_STEP][PASSED] - delay(2, OPTIONAL): Delayed 2 second(s)

2019-06-28 17:15:00 - [MESSAGE][PASSED] - Delayed 2 second(s)

2019-06-28 17:15:00 - [TEST_STEP][PASSED] - setViewPortSize(1000, 800, OPTIONAL): Viewport is set to new size with width = 1000 and height = 800

2019-06-28 17:15:01 - [MESSAGE][PASSED] - Viewport is set to new size with width = 1000 and height = 800

2019-06-28 17:15:01 - [TEST_STEP][PASSED] - delay(2, OPTIONAL): Delayed 2 second(s)

2019-06-28 17:15:03 - [MESSAGE][PASSED] - Delayed 2 second(s)

2019-06-28 17:15:03 - [TEST_STEP][PASSED] - click(findTestObject("Theme_oR/Page_Ontario Cannabis Store  Ontari/button_Hide bar"), OPTIONAL): Unable to click on object (Root cause: java.lang.IllegalArgumentException: Object is null)

2019-06-28 17:15:03 - [MESSAGE][WARNING] - Test object with id 'Object Repository/Theme_oR/Page_Ontario Cannabis Store  Ontari/button_Hide bar' does not exist

2019-06-28 17:15:03 - [MESSAGE][WARNING] - Test object with id 'Object Repository/' does not exist

2019-06-28 17:15:03 - [MESSAGE][WARNING] - Unable to click on object (Root cause: java.lang.IllegalArgumentException: Object is null)
[[ATTACHMENT|/Users/sumankompelly/Relative xpath-Mobile/Reports/Live site/20190628_163954/1561756503017.png]]

2019-06-28 17:15:03 - [TEST_STEP][PASSED] - delay(2, OPTIONAL): Delayed 2 second(s)

2019-06-28 17:15:05 - [MESSAGE][PASSED] - Delayed 2 second(s)

2019-06-28 17:15:05 - [TEST_STEP][PASSED] - setViewPortSize(360, 800, OPTIONAL): Viewport is set to new size with width = 360 and height = 800

2019-06-28 17:15:05 - [MESSAGE][PASSED] - Viewport is set to new size with width = 360 and height = 800

2019-06-28 17:15:05 - [TEST_STEP][PASSED] - delay(1, OPTIONAL): Delayed 1 second(s)

2019-06-28 17:15:06 - [MESSAGE][PASSED] - Delayed 1 second(s)

2019-06-28 17:15:06 - [TEST_STEP][PASSED] - click(findTestObject("OCS-MOBILE /FAQ page/Learn about OCS")): Object: 'Object Repository/OCS-MOBILE /FAQ page/Learn about OCS' is clicked on

2019-06-28 17:15:08 - [MESSAGE][PASSED] - Object: 'Object Repository/OCS-MOBILE /FAQ page/Learn about OCS' is clicked on

2019-06-28 17:15:08 - [TEST_STEP][PASSED] - back(): Navigate back successfully

2019-06-28 17:15:09 - [MESSAGE][PASSED] - Navigate back successfully

2019-06-28 17:15:09 - [TEST_STEP][PASSED] - delay(2, OPTIONAL): Delayed 2 second(s)

2019-06-28 17:15:11 - [MESSAGE][PASSED] - Delayed 2 second(s)

2019-06-28 17:15:11 - [TEST_STEP][PASSED] - setViewPortSize(1000, 800, OPTIONAL): Viewport is set to new size with width = 1000 and height = 800

2019-06-28 17:15:11 - [MESSAGE][PASSED] - Viewport is set to new size with width = 1000 and height = 800

2019-06-28 17:15:11 - [TEST_STEP][PASSED] - delay(2, OPTIONAL): Delayed 2 second(s)

2019-06-28 17:15:13 - [MESSAGE][PASSED] - Delayed 2 second(s)

2019-06-28 17:15:13 - [TEST_STEP][PASSED] - click(findTestObject("Theme_oR/Page_Ontario Cannabis Store  Ontari/button_Hide bar"), OPTIONAL): Unable to click on object (Root cause: java.lang.IllegalArgumentException: Object is null)

2019-06-28 17:15:13 - [MESSAGE][WARNING] - Test object with id 'Object Repository/Theme_oR/Page_Ontario Cannabis Store  Ontari/button_Hide bar' does not exist

2019-06-28 17:15:13 - [MESSAGE][WARNING] - Test object with id 'Object Repository/' does not exist

2019-06-28 17:15:13 - [MESSAGE][WARNING] - Unable to click on object (Root cause: java.lang.IllegalArgumentException: Object is null)
[[ATTACHMENT|/Users/sumankompelly/Relative xpath-Mobile/Reports/Live site/20190628_163954/1561756513181.png]]

2019-06-28 17:15:13 - [TEST_STEP][PASSED] - delay(2, OPTIONAL): Delayed 2 second(s)

2019-06-28 17:15:15 - [MESSAGE][PASSED] - Delayed 2 second(s)

2019-06-28 17:15:15 - [TEST_STEP][PASSED] - setViewPortSize(360, 800, OPTIONAL): Viewport is set to new size with width = 360 and height = 800

2019-06-28 17:15:15 - [MESSAGE][PASSED] - Viewport is set to new size with width = 360 and height = 800

2019-06-28 17:15:15 - [TEST_STEP][PASSED] - delay(1, OPTIONAL): Delayed 1 second(s)

2019-06-28 17:15:16 - [MESSAGE][PASSED] - Delayed 1 second(s)

2019-06-28 17:15:16 - [TEST_STEP][NOT_RUN] - executeJavaScript("var previewBar = document.getElementById("preview-bar-iframe"); previewBar.style.display = "none";", []): NOT_RUN: executeJavaScript("var previewBar = document.getElementById("preview-bar-iframe"); previewBar.style.display = "none";", [])

2019-06-28 17:15:16 - [MESSAGE][NOT_RUN] - NOT_RUN: executeJavaScript("var previewBar = document.getElementById("preview-bar-iframe"); previewBar.style.display = "none";", [])

2019-06-28 17:15:16 - [TEST_STEP][PASSED] - click(findTestObject("OCS-MOBILE /FAQ page/Choose cannabis products")): Object: 'Object Repository/OCS-MOBILE /FAQ page/Choose cannabis products' is clicked on

2019-06-28 17:15:18 - [MESSAGE][PASSED] - Object: 'Object Repository/OCS-MOBILE /FAQ page/Choose cannabis products' is clicked on

2019-06-28 17:15:18 - [TEST_STEP][PASSED] - back(): Navigate back successfully

2019-06-28 17:15:18 - [MESSAGE][PASSED] - Navigate back successfully

2019-06-28 17:15:18 - [TEST_STEP][NOT_RUN] - executeJavaScript("var previewBar = document.getElementById("preview-bar-iframe"); previewBar.style.display = "none";", []): NOT_RUN: executeJavaScript("var previewBar = document.getElementById("preview-bar-iframe"); previewBar.style.display = "none";", [])

2019-06-28 17:15:18 - [MESSAGE][NOT_RUN] - NOT_RUN: executeJavaScript("var previewBar = document.getElementById("preview-bar-iframe"); previewBar.style.display = "none";", [])

2019-06-28 17:15:18 - [TEST_STEP][PASSED] - delay(2, OPTIONAL): Delayed 2 second(s)

2019-06-28 17:15:20 - [MESSAGE][PASSED] - Delayed 2 second(s)

2019-06-28 17:15:20 - [TEST_STEP][PASSED] - click(findTestObject("OCS-MOBILE /Age gate and burger menu/Burger menu - English")): Object: 'Object Repository/OCS-MOBILE /Age gate and burger menu/Burger menu - English' is clicked on

2019-06-28 17:15:20 - [MESSAGE][PASSED] - Object: 'Object Repository/OCS-MOBILE /Age gate and burger menu/Burger menu - English' is clicked on

2019-06-28 17:15:20 - [TEST_STEP][PASSED] - delay(1, OPTIONAL): Delayed 1 second(s)

2019-06-28 17:15:21 - [MESSAGE][PASSED] - Delayed 1 second(s)

2019-06-28 17:15:21 - [TEST_STEP][PASSED] - click(findTestObject("OCS-MOBILE /FAQ page/FAQ")): Object: 'Object Repository/OCS-MOBILE /FAQ page/FAQ' is clicked on

2019-06-28 17:15:21 - [MESSAGE][PASSED] - Object: 'Object Repository/OCS-MOBILE /FAQ page/FAQ' is clicked on

2019-06-28 17:15:21 - [TEST_STEP][PASSED] - delay(1, OPTIONAL): Delayed 1 second(s)

2019-06-28 17:15:22 - [MESSAGE][PASSED] - Delayed 1 second(s)

2019-06-28 17:15:22 - [TEST_STEP][PASSED] - click(findTestObject("OCS-MOBILE /FAQ page/Second chveron link")): Object: 'Object Repository/OCS-MOBILE /FAQ page/Second chveron link' is clicked on

2019-06-28 17:15:26 - [MESSAGE][PASSED] - Object: 'Object Repository/OCS-MOBILE /FAQ page/Second chveron link' is clicked on

2019-06-28 17:15:26 - [TEST_STEP][NOT_RUN] - executeJavaScript("var previewBar = document.getElementById("preview-bar-iframe"); previewBar.style.display = "none";", []): NOT_RUN: executeJavaScript("var previewBar = document.getElementById("preview-bar-iframe"); previewBar.style.display = "none";", [])

2019-06-28 17:15:26 - [MESSAGE][NOT_RUN] - NOT_RUN: executeJavaScript("var previewBar = document.getElementById("preview-bar-iframe"); previewBar.style.display = "none";", [])

2019-06-28 17:15:26 - [TEST_STEP][PASSED] - delay(1, OPTIONAL): Delayed 1 second(s)

2019-06-28 17:15:27 - [MESSAGE][PASSED] - Delayed 1 second(s)

2019-06-28 17:15:27 - [TEST_STEP][PASSED] - scrollToElement(findTestObject("OCS-MOBILE /FAQ page/scroll view element"), 0): Scroll to object 'Object Repository/OCS-MOBILE /FAQ page/scroll view element' successfully

2019-06-28 17:15:27 - [MESSAGE][WARNING] - Timeout '0' is invalid. Using default page load timeout: '30'

2019-06-28 17:15:27 - [MESSAGE][PASSED] - Scroll to object 'Object Repository/OCS-MOBILE /FAQ page/scroll view element' successfully

2019-06-28 17:15:27 - [TEST_STEP][PASSED] - delay(1, OPTIONAL): Delayed 1 second(s)

2019-06-28 17:15:28 - [MESSAGE][PASSED] - Delayed 1 second(s)

2019-06-28 17:15:28 - [TEST_STEP][PASSED] - click(findTestObject("OCS-MOBILE /FAQ page/Dropdown button -second chevron -open- FAQ")): Object: 'Object Repository/OCS-MOBILE /FAQ page/Dropdown button -second chevron -open- FAQ' is clicked on

2019-06-28 17:15:28 - [MESSAGE][PASSED] - Object: 'Object Repository/OCS-MOBILE /FAQ page/Dropdown button -second chevron -open- FAQ' is clicked on

2019-06-28 17:15:28 - [TEST_STEP][PASSED] - delay(1, OPTIONAL): Delayed 1 second(s)

2019-06-28 17:15:29 - [MESSAGE][PASSED] - Delayed 1 second(s)

2019-06-28 17:15:29 - [TEST_STEP][PASSED] - click(findTestObject("OCS-MOBILE /FAQ page/Dropdown button -second chevron -close - FAQ")): Object: 'Object Repository/OCS-MOBILE /FAQ page/Dropdown button -second chevron -close - FAQ' is clicked on

2019-06-28 17:15:29 - [MESSAGE][PASSED] - Object: 'Object Repository/OCS-MOBILE /FAQ page/Dropdown button -second chevron -close - FAQ' is clicked on

2019-06-28 17:15:29 - [TEST_STEP][PASSED] - delay(2, OPTIONAL): Delayed 2 second(s)

2019-06-28 17:15:31 - [MESSAGE][PASSED] - Delayed 2 second(s)

2019-06-28 17:15:31 - [TEST_STEP][PASSED] - setViewPortSize(1000, 800, OPTIONAL): Viewport is set to new size with width = 1000 and height = 800

2019-06-28 17:15:31 - [MESSAGE][PASSED] - Viewport is set to new size with width = 1000 and height = 800

2019-06-28 17:15:31 - [TEST_STEP][PASSED] - delay(2, OPTIONAL): Delayed 2 second(s)

2019-06-28 17:15:33 - [MESSAGE][PASSED] - Delayed 2 second(s)

2019-06-28 17:15:33 - [TEST_STEP][PASSED] - click(findTestObject("Theme_oR/Page_Ontario Cannabis Store  Ontari/button_Hide bar"), OPTIONAL): Unable to click on object (Root cause: java.lang.IllegalArgumentException: Object is null)

2019-06-28 17:15:33 - [MESSAGE][WARNING] - Test object with id 'Object Repository/Theme_oR/Page_Ontario Cannabis Store  Ontari/button_Hide bar' does not exist

2019-06-28 17:15:33 - [MESSAGE][WARNING] - Test object with id 'Object Repository/' does not exist

2019-06-28 17:15:33 - [MESSAGE][WARNING] - Unable to click on object (Root cause: java.lang.IllegalArgumentException: Object is null)
[[ATTACHMENT|/Users/sumankompelly/Relative xpath-Mobile/Reports/Live site/20190628_163954/1561756533228.png]]

2019-06-28 17:15:33 - [TEST_STEP][PASSED] - delay(2, OPTIONAL): Delayed 2 second(s)

2019-06-28 17:15:35 - [MESSAGE][PASSED] - Delayed 2 second(s)

2019-06-28 17:15:35 - [TEST_STEP][PASSED] - setViewPortSize(360, 800, OPTIONAL): Viewport is set to new size with width = 360 and height = 800

2019-06-28 17:15:35 - [MESSAGE][PASSED] - Viewport is set to new size with width = 360 and height = 800

2019-06-28 17:15:35 - [TEST_STEP][PASSED] - delay(1, OPTIONAL): Delayed 1 second(s)

2019-06-28 17:15:36 - [MESSAGE][PASSED] - Delayed 1 second(s)

2019-06-28 17:15:36 - [TEST_STEP][PASSED] - click(findTestObject("OCS-MOBILE /FAQ page/First accordian - add")): Object: 'Object Repository/OCS-MOBILE /FAQ page/First accordian - add' is clicked on

2019-06-28 17:15:36 - [MESSAGE][PASSED] - Object: 'Object Repository/OCS-MOBILE /FAQ page/First accordian - add' is clicked on

2019-06-28 17:15:36 - [TEST_STEP][PASSED] - delay(1): Delayed 1 second(s)

2019-06-28 17:15:37 - [MESSAGE][PASSED] - Delayed 1 second(s)

2019-06-28 17:15:37 - [TEST_STEP][PASSED] - click(findTestObject("OCS-MOBILE /FAQ page/First accordian - Subtract")): Object: 'Object Repository/OCS-MOBILE /FAQ page/First accordian - Subtract' is clicked on

2019-06-28 17:15:37 - [MESSAGE][PASSED] - Object: 'Object Repository/OCS-MOBILE /FAQ page/First accordian - Subtract' is clicked on

2019-06-28 17:15:37 - [TEST_STEP][PASSED] - delay(1): Delayed 1 second(s)

2019-06-28 17:15:38 - [MESSAGE][PASSED] - Delayed 1 second(s)

2019-06-28 17:15:38 - [TEST_STEP][PASSED] - click(findTestObject("OCS-MOBILE /FAQ page/Second accordian- add")): Object: 'Object Repository/OCS-MOBILE /FAQ page/Second accordian- add' is clicked on

2019-06-28 17:15:38 - [MESSAGE][PASSED] - Object: 'Object Repository/OCS-MOBILE /FAQ page/Second accordian- add' is clicked on

2019-06-28 17:15:38 - [TEST_STEP][PASSED] - delay(1): Delayed 1 second(s)

2019-06-28 17:15:39 - [MESSAGE][PASSED] - Delayed 1 second(s)

2019-06-28 17:15:39 - [TEST_STEP][PASSED] - click(findTestObject("OCS-MOBILE /FAQ page/Second accordian - subtract")): Object: 'Object Repository/OCS-MOBILE /FAQ page/Second accordian - subtract' is clicked on

2019-06-28 17:15:39 - [MESSAGE][PASSED] - Object: 'Object Repository/OCS-MOBILE /FAQ page/Second accordian - subtract' is clicked on

2019-06-28 17:15:39 - [TEST_STEP][PASSED] - delay(1): Delayed 1 second(s)

2019-06-28 17:15:40 - [MESSAGE][PASSED] - Delayed 1 second(s)

2019-06-28 17:15:40 - [TEST_STEP][PASSED] - click(findTestObject("OCS-MOBILE /FAQ page/Load more1")): Object: 'Object Repository/OCS-MOBILE /FAQ page/Load more1' is clicked on

2019-06-28 17:15:40 - [MESSAGE][PASSED] - Object: 'Object Repository/OCS-MOBILE /FAQ page/Load more1' is clicked on

2019-06-28 17:15:40 - [TEST_STEP][PASSED] - delay(1): Delayed 1 second(s)

2019-06-28 17:15:41 - [MESSAGE][PASSED] - Delayed 1 second(s)

2019-06-28 17:15:41 - [TEST_STEP][PASSED] - click(findTestObject("OCS-MOBILE /FAQ page/Loadmore2")): Object: 'Object Repository/OCS-MOBILE /FAQ page/Loadmore2' is clicked on

2019-06-28 17:15:41 - [MESSAGE][PASSED] - Object: 'Object Repository/OCS-MOBILE /FAQ page/Loadmore2' is clicked on

2019-06-28 17:15:41 - [TEST_STEP][PASSED] - delay(1): Delayed 1 second(s)

2019-06-28 17:15:42 - [MESSAGE][PASSED] - Delayed 1 second(s)

2019-06-28 17:15:42 - [TEST_STEP][PASSED] - click(findTestObject("OCS-MOBILE /FAQ page/Loadmore3")): Object: 'Object Repository/OCS-MOBILE /FAQ page/Loadmore3' is clicked on

2019-06-28 17:15:42 - [MESSAGE][PASSED] - Object: 'Object Repository/OCS-MOBILE /FAQ page/Loadmore3' is clicked on

2019-06-28 17:15:42 - [TEST_STEP][PASSED] - delay(1): Delayed 1 second(s)

2019-06-28 17:15:43 - [MESSAGE][PASSED] - Delayed 1 second(s)

2019-06-28 17:15:43 - [TEST_STEP][PASSED] - click(findTestObject("OCS-MOBILE /FAQ page/Learn about cannabis")): Object: 'Object Repository/OCS-MOBILE /FAQ page/Learn about cannabis' is clicked on

2019-06-28 17:15:46 - [MESSAGE][PASSED] - Object: 'Object Repository/OCS-MOBILE /FAQ page/Learn about cannabis' is clicked on

2019-06-28 17:15:46 - [TEST_STEP][PASSED] - delay(1): Delayed 1 second(s)

2019-06-28 17:15:47 - [MESSAGE][PASSED] - Delayed 1 second(s)

2019-06-28 17:15:47 - [TEST_STEP][PASSED] - back(): Navigate back successfully

2019-06-28 17:15:47 - [MESSAGE][PASSED] - Navigate back successfully

2019-06-28 17:15:47 - [TEST_STEP][PASSED] - delay(1): Delayed 1 second(s)

2019-06-28 17:15:48 - [MESSAGE][PASSED] - Delayed 1 second(s)

2019-06-28 17:15:48 - [TEST_STEP][PASSED] - setViewPortSize(1000, 800, OPTIONAL): Viewport is set to new size with width = 1000 and height = 800

2019-06-28 17:15:48 - [MESSAGE][PASSED] - Viewport is set to new size with width = 1000 and height = 800

2019-06-28 17:15:48 - [TEST_STEP][PASSED] - delay(2, OPTIONAL): Delayed 2 second(s)

2019-06-28 17:15:50 - [MESSAGE][PASSED] - Delayed 2 second(s)

2019-06-28 17:15:50 - [TEST_STEP][PASSED] - click(findTestObject("Theme_oR/Page_Ontario Cannabis Store  Ontari/button_Hide bar"), OPTIONAL): Unable to click on object (Root cause: java.lang.IllegalArgumentException: Object is null)

2019-06-28 17:15:50 - [MESSAGE][WARNING] - Test object with id 'Object Repository/Theme_oR/Page_Ontario Cannabis Store  Ontari/button_Hide bar' does not exist

2019-06-28 17:15:50 - [MESSAGE][WARNING] - Test object with id 'Object Repository/' does not exist

2019-06-28 17:15:50 - [MESSAGE][WARNING] - Unable to click on object (Root cause: java.lang.IllegalArgumentException: Object is null)
[[ATTACHMENT|/Users/sumankompelly/Relative xpath-Mobile/Reports/Live site/20190628_163954/1561756550563.png]]

2019-06-28 17:15:50 - [TEST_STEP][PASSED] - delay(2, OPTIONAL): Delayed 2 second(s)

2019-06-28 17:15:52 - [MESSAGE][PASSED] - Delayed 2 second(s)

2019-06-28 17:15:52 - [TEST_STEP][PASSED] - setViewPortSize(360, 800, OPTIONAL): Viewport is set to new size with width = 360 and height = 800

2019-06-28 17:15:52 - [MESSAGE][PASSED] - Viewport is set to new size with width = 360 and height = 800

2019-06-28 17:15:52 - [TEST_STEP][PASSED] - delay(1, OPTIONAL): Delayed 1 second(s)

2019-06-28 17:15:53 - [MESSAGE][PASSED] - Delayed 1 second(s)

2019-06-28 17:15:53 - [TEST_STEP][NOT_RUN] - executeJavaScript("var previewBar = document.getElementById("preview-bar-iframe"); previewBar.style.display = "none";", []): NOT_RUN: executeJavaScript("var previewBar = document.getElementById("preview-bar-iframe"); previewBar.style.display = "none";", [])

2019-06-28 17:15:53 - [MESSAGE][NOT_RUN] - NOT_RUN: executeJavaScript("var previewBar = document.getElementById("preview-bar-iframe"); previewBar.style.display = "none";", [])

2019-06-28 17:15:53 - [TEST_STEP][PASSED] - click(findTestObject("OCS-MOBILE /FAQ page/Loadmore4")): Object: 'Object Repository/OCS-MOBILE /FAQ page/Loadmore4' is clicked on

2019-06-28 17:15:53 - [MESSAGE][PASSED] - Object: 'Object Repository/OCS-MOBILE /FAQ page/Loadmore4' is clicked on

2019-06-28 17:15:53 - [TEST_STEP][PASSED] - delay(2, OPTIONAL): Delayed 2 second(s)

2019-06-28 17:15:55 - [MESSAGE][PASSED] - Delayed 2 second(s)

2019-06-28 17:15:55 - [TEST_STEP][PASSED] - setViewPortSize(1000, 800, OPTIONAL): Viewport is set to new size with width = 1000 and height = 800

2019-06-28 17:15:55 - [MESSAGE][PASSED] - Viewport is set to new size with width = 1000 and height = 800

2019-06-28 17:15:55 - [TEST_STEP][PASSED] - delay(2, OPTIONAL): Delayed 2 second(s)

2019-06-28 17:15:57 - [MESSAGE][PASSED] - Delayed 2 second(s)

2019-06-28 17:15:57 - [TEST_STEP][PASSED] - click(findTestObject("Theme_oR/Page_Ontario Cannabis Store  Ontari/button_Hide bar"), OPTIONAL): Unable to click on object (Root cause: java.lang.IllegalArgumentException: Object is null)

2019-06-28 17:15:57 - [MESSAGE][WARNING] - Test object with id 'Object Repository/Theme_oR/Page_Ontario Cannabis Store  Ontari/button_Hide bar' does not exist

2019-06-28 17:15:57 - [MESSAGE][WARNING] - Test object with id 'Object Repository/' does not exist

2019-06-28 17:15:57 - [MESSAGE][WARNING] - Unable to click on object (Root cause: java.lang.IllegalArgumentException: Object is null)
[[ATTACHMENT|/Users/sumankompelly/Relative xpath-Mobile/Reports/Live site/20190628_163954/1561756557813.png]]

2019-06-28 17:15:57 - [TEST_STEP][PASSED] - delay(2, OPTIONAL): Delayed 2 second(s)

2019-06-28 17:15:59 - [MESSAGE][PASSED] - Delayed 2 second(s)

2019-06-28 17:15:59 - [TEST_STEP][PASSED] - setViewPortSize(360, 800, OPTIONAL): Viewport is set to new size with width = 360 and height = 800

2019-06-28 17:15:59 - [MESSAGE][PASSED] - Viewport is set to new size with width = 360 and height = 800

2019-06-28 17:15:59 - [TEST_STEP][PASSED] - delay(1, OPTIONAL): Delayed 1 second(s)

2019-06-28 17:16:00 - [MESSAGE][PASSED] - Delayed 1 second(s)

2019-06-28 17:16:00 - [TEST_STEP][NOT_RUN] - executeJavaScript("var previewBar = document.getElementById("preview-bar-iframe"); previewBar.style.display = "none";", []): NOT_RUN: executeJavaScript("var previewBar = document.getElementById("preview-bar-iframe"); previewBar.style.display = "none";", [])

2019-06-28 17:16:00 - [MESSAGE][NOT_RUN] - NOT_RUN: executeJavaScript("var previewBar = document.getElementById("preview-bar-iframe"); previewBar.style.display = "none";", [])

2019-06-28 17:16:00 - [TEST_STEP][PASSED] - click(findTestObject("OCS-MOBILE /FAQ page/Learn about OCS")): Object: 'Object Repository/OCS-MOBILE /FAQ page/Learn about OCS' is clicked on

2019-06-28 17:16:03 - [MESSAGE][PASSED] - Object: 'Object Repository/OCS-MOBILE /FAQ page/Learn about OCS' is clicked on

2019-06-28 17:16:03 - [TEST_STEP][PASSED] - back(): Navigate back successfully

2019-06-28 17:16:03 - [MESSAGE][PASSED] - Navigate back successfully

2019-06-28 17:16:03 - [TEST_STEP][PASSED] - delay(2, OPTIONAL): Delayed 2 second(s)

2019-06-28 17:16:05 - [MESSAGE][PASSED] - Delayed 2 second(s)

2019-06-28 17:16:05 - [TEST_STEP][PASSED] - setViewPortSize(1000, 800, OPTIONAL): Viewport is set to new size with width = 1000 and height = 800

2019-06-28 17:16:05 - [MESSAGE][PASSED] - Viewport is set to new size with width = 1000 and height = 800

2019-06-28 17:16:05 - [TEST_STEP][PASSED] - delay(2, OPTIONAL): Delayed 2 second(s)

2019-06-28 17:16:07 - [MESSAGE][PASSED] - Delayed 2 second(s)

2019-06-28 17:16:07 - [TEST_STEP][PASSED] - click(findTestObject("Theme_oR/Page_Ontario Cannabis Store  Ontari/button_Hide bar"), OPTIONAL): Unable to click on object (Root cause: java.lang.IllegalArgumentException: Object is null)

2019-06-28 17:16:07 - [MESSAGE][WARNING] - Test object with id 'Object Repository/Theme_oR/Page_Ontario Cannabis Store  Ontari/button_Hide bar' does not exist

2019-06-28 17:16:07 - [MESSAGE][WARNING] - Test object with id 'Object Repository/' does not exist

2019-06-28 17:16:07 - [MESSAGE][WARNING] - Unable to click on object (Root cause: java.lang.IllegalArgumentException: Object is null)
[[ATTACHMENT|/Users/sumankompelly/Relative xpath-Mobile/Reports/Live site/20190628_163954/1561756567412.png]]

2019-06-28 17:16:07 - [TEST_STEP][PASSED] - delay(2, OPTIONAL): Delayed 2 second(s)

2019-06-28 17:16:09 - [MESSAGE][PASSED] - Delayed 2 second(s)

2019-06-28 17:16:09 - [TEST_STEP][PASSED] - setViewPortSize(360, 800, OPTIONAL): Viewport is set to new size with width = 360 and height = 800

2019-06-28 17:16:09 - [MESSAGE][PASSED] - Viewport is set to new size with width = 360 and height = 800

2019-06-28 17:16:09 - [TEST_STEP][PASSED] - delay(1, OPTIONAL): Delayed 1 second(s)

2019-06-28 17:16:10 - [MESSAGE][PASSED] - Delayed 1 second(s)

2019-06-28 17:16:10 - [TEST_STEP][NOT_RUN] - executeJavaScript("var previewBar = document.getElementById("preview-bar-iframe"); previewBar.style.display = "none";", []): NOT_RUN: executeJavaScript("var previewBar = document.getElementById("preview-bar-iframe"); previewBar.style.display = "none";", [])

2019-06-28 17:16:10 - [MESSAGE][NOT_RUN] - NOT_RUN: executeJavaScript("var previewBar = document.getElementById("preview-bar-iframe"); previewBar.style.display = "none";", [])

2019-06-28 17:16:10 - [TEST_STEP][PASSED] - click(findTestObject("OCS-MOBILE /FAQ page/Choose cannabis products")): Object: 'Object Repository/OCS-MOBILE /FAQ page/Choose cannabis products' is clicked on

2019-06-28 17:16:10 - [MESSAGE][PASSED] - Object: 'Object Repository/OCS-MOBILE /FAQ page/Choose cannabis products' is clicked on

2019-06-28 17:16:10 - [TEST_STEP][PASSED] - back(): Navigate back successfully

2019-06-28 17:16:10 - [MESSAGE][PASSED] - Navigate back successfully

2019-06-28 17:16:10 - [TEST_STEP][FAILED] - click(findTestObject("OCS-MOBILE /Age gate and burger menu/Burger menu - English")): click(findTestObject("OCS-MOBILE /Age gate and burger menu/Burger menu - English")) FAILED.
Reason:
com.kms.katalon.core.exception.StepFailedException: Unable to click on object 'Object Repository/OCS-MOBILE /Age gate and burger menu/Burger menu - English' (Root cause: org.openqa.selenium.StaleElementReferenceException: A node reference could not be resolved: Node with identifier 'node-828F15B6-D58F-465D-964A-D3589E7FB587' was not found
For documentation on this error, please visit: http://seleniumhq.org/exceptions/stale_element_reference.html
Build info: version: '3.7.1', revision: '8a0099a', time: '2017-11-06T21:07:36.161Z'
System info: host: 'sumans-MacBook-Pro.local', ip: 'fe80:0:0:0:14f6:8d5f:4e59:4e6f%en0', os.name: 'Mac OS X', os.arch: 'x86_64', os.version: '10.13.6', java.version: '1.8.0_181'
Driver info: com.kms.katalon.selenium.driver.CSafariDriver
Capabilities {acceptInsecureCerts: false, browserName: Safari, browserVersion: 12.1, javascriptEnabled: true, platform: MAC, platformName: MAC, safari:automaticInspection: false, safari:automaticProfiling: false, safari:diagnose: false, setWindowRect: true, strictFileInteractability: false, webkit:WebRTC: {DisableICECandidateFiltering: false, DisableInsecureMediaCapture: false}}
Session ID: FBD55741-3F2F-4C53-8D33-1D08782A8A61)
	at com.kms.katalon.core.keyword.internal.KeywordMain.stepFailed(KeywordMain.groovy:36)
	at com.kms.katalon.core.webui.keyword.internal.WebUIKeywordMain.stepFailed(WebUIKeywordMain.groovy:65)
	at com.kms.katalon.core.webui.keyword.internal.WebUIKeywordMain.runKeyword(WebUIKeywordMain.groovy:27)
	at com.kms.katalon.core.webui.keyword.builtin.ClickKeyword.click(ClickKeyword.groovy:86)
	at com.kms.katalon.core.webui.keyword.builtin.ClickKeyword.execute(ClickKeyword.groovy:67)
	at com.kms.katalon.core.keyword.internal.KeywordExecutor.executeKeywordForPlatform(KeywordExecutor.groovy:53)
	at com.kms.katalon.core.webui.keyword.WebUiBuiltInKeywords.click(WebUiBuiltInKeywords.groovy:616)
	at com.kms.katalon.core.webui.keyword.WebUiBuiltInKeywords$click$3.call(Unknown Source)
	at HP -Burger menu-FAQ.run(HP -Burger menu-FAQ:295)
	at com.kms.katalon.core.main.ScriptEngine.run(ScriptEngine.java:194)
	at com.kms.katalon.core.main.ScriptEngine.runScriptAsRawText(ScriptEngine.java:119)
	at com.kms.katalon.core.main.TestCaseExecutor.runScript(TestCaseExecutor.java:328)
	at com.kms.katalon.core.main.TestCaseExecutor.doExecute(TestCaseExecutor.java:319)
	at com.kms.katalon.core.main.TestCaseExecutor.processExecutionPhase(TestCaseExecutor.java:298)
	at com.kms.katalon.core.main.TestCaseExecutor.accessMainPhase(TestCaseExecutor.java:290)
	at com.kms.katalon.core.main.TestCaseExecutor.execute(TestCaseExecutor.java:224)
	at com.kms.katalon.core.main.TestSuiteExecutor.accessTestCaseMainPhase(TestSuiteExecutor.java:129)
	at com.kms.katalon.core.main.TestSuiteExecutor.accessTestSuiteMainPhase(TestSuiteExecutor.java:112)
	at com.kms.katalon.core.main.TestSuiteExecutor.execute(TestSuiteExecutor.java:81)
	at com.kms.katalon.core.main.TestCaseMain.startTestSuite(TestCaseMain.java:149)
	at com.kms.katalon.core.main.TestCaseMain$startTestSuite$0.call(Unknown Source)
	at TempTestSuite1561754394056.run(TempTestSuite1561754394056.groovy:36)


2019-06-28 17:16:10 - [MESSAGE][FAILED] - Unable to click on object 'Object Repository/OCS-MOBILE /Age gate and burger menu/Burger menu - English' (Root cause: org.openqa.selenium.StaleElementReferenceException: A node reference could not be resolved: Node with identifier 'node-828F15B6-D58F-465D-964A-D3589E7FB587' was not found
For documentation on this error, please visit: http://seleniumhq.org/exceptions/stale_element_reference.html
Build info: version: '3.7.1', revision: '8a0099a', time: '2017-11-06T21:07:36.161Z'
System info: host: 'sumans-MacBook-Pro.local', ip: 'fe80:0:0:0:14f6:8d5f:4e59:4e6f%en0', os.name: 'Mac OS X', os.arch: 'x86_64', os.version: '10.13.6', java.version: '1.8.0_181'
Driver info: com.kms.katalon.selenium.driver.CSafariDriver
Capabilities {acceptInsecureCerts: false, browserName: Safari, browserVersion: 12.1, javascriptEnabled: true, platform: MAC, platformName: MAC, safari:automaticInspection: false, safari:automaticProfiling: false, safari:diagnose: false, setWindowRect: true, strictFileInteractability: false, webkit:WebRTC: {DisableICECandidateFiltering: false, DisableInsecureMediaCapture: false}}
Session ID: FBD55741-3F2F-4C53-8D33-1D08782A8A61)
[[ATTACHMENT|/Users/sumankompelly/Relative xpath-Mobile/Reports/Live site/20190628_163954/1561756570776.png]]

2019-06-28 17:16:10 - [MESSAGE][FAILED] - click(findTestObject("OCS-MOBILE /Age gate and burger menu/Burger menu - English")) FAILED.
Reason:
com.kms.katalon.core.exception.StepFailedException: Unable to click on object 'Object Repository/OCS-MOBILE /Age gate and burger menu/Burger menu - English' (Root cause: org.openqa.selenium.StaleElementReferenceException: A node reference could not be resolved: Node with identifier 'node-828F15B6-D58F-465D-964A-D3589E7FB587' was not found
For documentation on this error, please visit: http://seleniumhq.org/exceptions/stale_element_reference.html
Build info: version: '3.7.1', revision: '8a0099a', time: '2017-11-06T21:07:36.161Z'
System info: host: 'sumans-MacBook-Pro.local', ip: 'fe80:0:0:0:14f6:8d5f:4e59:4e6f%en0', os.name: 'Mac OS X', os.arch: 'x86_64', os.version: '10.13.6', java.version: '1.8.0_181'
Driver info: com.kms.katalon.selenium.driver.CSafariDriver
Capabilities {acceptInsecureCerts: false, browserName: Safari, browserVersion: 12.1, javascriptEnabled: true, platform: MAC, platformName: MAC, safari:automaticInspection: false, safari:automaticProfiling: false, safari:diagnose: false, setWindowRect: true, strictFileInteractability: false, webkit:WebRTC: {DisableICECandidateFiltering: false, DisableInsecureMediaCapture: false}}
Session ID: FBD55741-3F2F-4C53-8D33-1D08782A8A61)
	at com.kms.katalon.core.keyword.internal.KeywordMain.stepFailed(KeywordMain.groovy:36)
	at com.kms.katalon.core.webui.keyword.internal.WebUIKeywordMain.stepFailed(WebUIKeywordMain.groovy:65)
	at com.kms.katalon.core.webui.keyword.internal.WebUIKeywordMain.runKeyword(WebUIKeywordMain.groovy:27)
	at com.kms.katalon.core.webui.keyword.builtin.ClickKeyword.click(ClickKeyword.groovy:86)
	at com.kms.katalon.core.webui.keyword.builtin.ClickKeyword.execute(ClickKeyword.groovy:67)
	at com.kms.katalon.core.keyword.internal.KeywordExecutor.executeKeywordForPlatform(KeywordExecutor.groovy:53)
	at com.kms.katalon.core.webui.keyword.WebUiBuiltInKeywords.click(WebUiBuiltInKeywords.groovy:616)
	at com.kms.katalon.core.webui.keyword.WebUiBuiltInKeywords$click$3.call(Unknown Source)
	at HP -Burger menu-FAQ.run(HP -Burger menu-FAQ:295)
	at com.kms.katalon.core.main.ScriptEngine.run(ScriptEngine.java:194)
	at com.kms.katalon.core.main.ScriptEngine.runScriptAsRawText(ScriptEngine.java:119)
	at com.kms.katalon.core.main.TestCaseExecutor.runScript(TestCaseExecutor.java:328)
	at com.kms.katalon.core.main.TestCaseExecutor.doExecute(TestCaseExecutor.java:319)
	at com.kms.katalon.core.main.TestCaseExecutor.processExecutionPhase(TestCaseExecutor.java:298)
	at com.kms.katalon.core.main.TestCaseExecutor.accessMainPhase(TestCaseExecutor.java:290)
	at com.kms.katalon.core.main.TestCaseExecutor.execute(TestCaseExecutor.java:224)
	at com.kms.katalon.core.main.TestSuiteExecutor.accessTestCaseMainPhase(TestSuiteExecutor.java:129)
	at com.kms.katalon.core.main.TestSuiteExecutor.accessTestSuiteMainPhase(TestSuiteExecutor.java:112)
	at com.kms.katalon.core.main.TestSuiteExecutor.execute(TestSuiteExecutor.java:81)
	at com.kms.katalon.core.main.TestCaseMain.startTestSuite(TestCaseMain.java:149)
	at com.kms.katalon.core.main.TestCaseMain$startTestSuite$0.call(Unknown Source)
	at TempTestSuite1561754394056.run(TempTestSuite1561754394056.groovy:36)]]></system-out>
         <system-err><![CDATA[2019-06-28 17:14:10 - [TEST_CASE][FAILED] - Test Cases/OCS - MOBILE/OCS- HOME PAGE/HP -Burger menu-FAQ: Test Cases/OCS - MOBILE/OCS- HOME PAGE/HP -Burger menu-FAQ FAILED.
Reason:
com.kms.katalon.core.exception.StepFailedException: Unable to click on object 'Object Repository/OCS-MOBILE /Age gate and burger menu/Burger menu - English' (Root cause: org.openqa.selenium.StaleElementReferenceException: A node reference could not be resolved: Node with identifier 'node-828F15B6-D58F-465D-964A-D3589E7FB587' was not found
For documentation on this error, please visit: http://seleniumhq.org/exceptions/stale_element_reference.html
Build info: version: '3.7.1', revision: '8a0099a', time: '2017-11-06T21:07:36.161Z'
System info: host: 'sumans-MacBook-Pro.local', ip: 'fe80:0:0:0:14f6:8d5f:4e59:4e6f%en0', os.name: 'Mac OS X', os.arch: 'x86_64', os.version: '10.13.6', java.version: '1.8.0_181'
Driver info: com.kms.katalon.selenium.driver.CSafariDriver
Capabilities {acceptInsecureCerts: false, browserName: Safari, browserVersion: 12.1, javascriptEnabled: true, platform: MAC, platformName: MAC, safari:automaticInspection: false, safari:automaticProfiling: false, safari:diagnose: false, setWindowRect: true, strictFileInteractability: false, webkit:WebRTC: {DisableICECandidateFiltering: false, DisableInsecureMediaCapture: false}}
Session ID: FBD55741-3F2F-4C53-8D33-1D08782A8A61)
	at com.kms.katalon.core.keyword.internal.KeywordMain.stepFailed(KeywordMain.groovy:36)
	at com.kms.katalon.core.webui.keyword.internal.WebUIKeywordMain.stepFailed(WebUIKeywordMain.groovy:65)
	at com.kms.katalon.core.webui.keyword.internal.WebUIKeywordMain.runKeyword(WebUIKeywordMain.groovy:27)
	at com.kms.katalon.core.webui.keyword.builtin.ClickKeyword.click(ClickKeyword.groovy:86)
	at com.kms.katalon.core.webui.keyword.builtin.ClickKeyword.execute(ClickKeyword.groovy:67)
	at com.kms.katalon.core.keyword.internal.KeywordExecutor.executeKeywordForPlatform(KeywordExecutor.groovy:53)
	at com.kms.katalon.core.webui.keyword.WebUiBuiltInKeywords.click(WebUiBuiltInKeywords.groovy:616)
	at com.kms.katalon.core.webui.keyword.WebUiBuiltInKeywords$click$3.call(Unknown Source)
	at HP -Burger menu-FAQ.run(HP -Burger menu-FAQ:295)
	at com.kms.katalon.core.main.ScriptEngine.run(ScriptEngine.java:194)
	at com.kms.katalon.core.main.ScriptEngine.runScriptAsRawText(ScriptEngine.java:119)
	at com.kms.katalon.core.main.TestCaseExecutor.runScript(TestCaseExecutor.java:328)
	at com.kms.katalon.core.main.TestCaseExecutor.doExecute(TestCaseExecutor.java:319)
	at com.kms.katalon.core.main.TestCaseExecutor.processExecutionPhase(TestCaseExecutor.java:298)
	at com.kms.katalon.core.main.TestCaseExecutor.accessMainPhase(TestCaseExecutor.java:290)
	at com.kms.katalon.core.main.TestCaseExecutor.execute(TestCaseExecutor.java:224)
	at com.kms.katalon.core.main.TestSuiteExecutor.accessTestCaseMainPhase(TestSuiteExecutor.java:129)
	at com.kms.katalon.core.main.TestSuiteExecutor.accessTestSuiteMainPhase(TestSuiteExecutor.java:112)
	at com.kms.katalon.core.main.TestSuiteExecutor.execute(TestSuiteExecutor.java:81)
	at com.kms.katalon.core.main.TestCaseMain.startTestSuite(TestCaseMain.java:149)
	at com.kms.katalon.core.main.TestCaseMain$startTestSuite$0.call(Unknown Source)
	at TempTestSuite1561754394056.run(TempTestSuite1561754394056.groovy:36)]]></system-err>
      </testcase>
      <testcase name="Test Cases/OCS - MOBILE/OCS- HOME PAGE/HP- Burger menu- Learn" classname="Test Cases/OCS - MOBILE/OCS- HOME PAGE/HP- Burger menu- Learn" status="FAILED">
         <failure type="FAILED" message="Test Cases/OCS - MOBILE/OCS- HOME PAGE/HP- Burger menu- Learn FAILED.
Reason:
com.kms.katalon.core.exception.StepFailedException: Text 'CANNABIS ANATOMY' is not present on page 
	at com.kms.katalon.core.keyword.internal.KeywordMain.stepFailed(KeywordMain.groovy:32)
	at com.kms.katalon.core.webui.keyword.internal.WebUIKeywordMain.stepFailed(WebUIKeywordMain.groovy:65)
	at com.kms.katalon.core.webui.keyword.builtin.VerifyTextPresentKeyword$_verifyTextPresent_closure1.doCall(VerifyTextPresentKeyword.groovy:79)
	at com.kms.katalon.core.webui.keyword.builtin.VerifyTextPresentKeyword$_verifyTextPresent_closure1.call(VerifyTextPresentKeyword.groovy)
	at com.kms.katalon.core.webui.keyword.internal.WebUIKeywordMain.runKeyword(WebUIKeywordMain.groovy:21)
	at com.kms.katalon.core.webui.keyword.builtin.VerifyTextPresentKeyword.verifyTextPresent(VerifyTextPresentKeyword.groovy:83)
	at com.kms.katalon.core.webui.keyword.builtin.VerifyTextPresentKeyword.execute(VerifyTextPresentKeyword.groovy:68)
	at com.kms.katalon.core.keyword.internal.KeywordExecutor.executeKeywordForPlatform(KeywordExecutor.groovy:53)
	at com.kms.katalon.core.webui.keyword.WebUiBuiltInKeywords.verifyTextPresent(WebUiBuiltInKeywords.groovy:1677)
	at com.kms.katalon.core.webui.keyword.WebUiBuiltInKeywords$verifyTextPresent$17.call(Unknown Source)
	at HP- Burger menu- Learn.run(HP- Burger menu- Learn:108)
	at com.kms.katalon.core.main.ScriptEngine.run(ScriptEngine.java:194)
	at com.kms.katalon.core.main.ScriptEngine.runScriptAsRawText(ScriptEngine.java:119)
	at com.kms.katalon.core.main.TestCaseExecutor.runScript(TestCaseExecutor.java:328)
	at com.kms.katalon.core.main.TestCaseExecutor.doExecute(TestCaseExecutor.java:319)
	at com.kms.katalon.core.main.TestCaseExecutor.processExecutionPhase(TestCaseExecutor.java:298)
	at com.kms.katalon.core.main.TestCaseExecutor.accessMainPhase(TestCaseExecutor.java:290)
	at com.kms.katalon.core.main.TestCaseExecutor.execute(TestCaseExecutor.java:224)
	at com.kms.katalon.core.main.TestSuiteExecutor.accessTestCaseMainPhase(TestSuiteExecutor.java:129)
	at com.kms.katalon.core.main.TestSuiteExecutor.accessTestSuiteMainPhase(TestSuiteExecutor.java:112)
	at com.kms.katalon.core.main.TestSuiteExecutor.execute(TestSuiteExecutor.java:81)
	at com.kms.katalon.core.main.TestCaseMain.startTestSuite(TestCaseMain.java:149)
	at com.kms.katalon.core.main.TestCaseMain$startTestSuite$0.call(Unknown Source)
	at TempTestSuite1561754394056.run(TempTestSuite1561754394056.groovy:36)
"/>
         <system-out><![CDATA[2019-06-28 17:16:10 - [TEST_CASE][FAILED] - Test Cases/OCS - MOBILE/OCS- HOME PAGE/HP- Burger menu- Learn: Test Cases/OCS - MOBILE/OCS- HOME PAGE/HP- Burger menu- Learn FAILED.
Reason:
com.kms.katalon.core.exception.StepFailedException: Text 'CANNABIS ANATOMY' is not present on page 
	at com.kms.katalon.core.keyword.internal.KeywordMain.stepFailed(KeywordMain.groovy:32)
	at com.kms.katalon.core.webui.keyword.internal.WebUIKeywordMain.stepFailed(WebUIKeywordMain.groovy:65)
	at com.kms.katalon.core.webui.keyword.builtin.VerifyTextPresentKeyword$_verifyTextPresent_closure1.doCall(VerifyTextPresentKeyword.groovy:79)
	at com.kms.katalon.core.webui.keyword.builtin.VerifyTextPresentKeyword$_verifyTextPresent_closure1.call(VerifyTextPresentKeyword.groovy)
	at com.kms.katalon.core.webui.keyword.internal.WebUIKeywordMain.runKeyword(WebUIKeywordMain.groovy:21)
	at com.kms.katalon.core.webui.keyword.builtin.VerifyTextPresentKeyword.verifyTextPresent(VerifyTextPresentKeyword.groovy:83)
	at com.kms.katalon.core.webui.keyword.builtin.VerifyTextPresentKeyword.execute(VerifyTextPresentKeyword.groovy:68)
	at com.kms.katalon.core.keyword.internal.KeywordExecutor.executeKeywordForPlatform(KeywordExecutor.groovy:53)
	at com.kms.katalon.core.webui.keyword.WebUiBuiltInKeywords.verifyTextPresent(WebUiBuiltInKeywords.groovy:1677)
	at com.kms.katalon.core.webui.keyword.WebUiBuiltInKeywords$verifyTextPresent$17.call(Unknown Source)
	at HP- Burger menu- Learn.run(HP- Burger menu- Learn:108)
	at com.kms.katalon.core.main.ScriptEngine.run(ScriptEngine.java:194)
	at com.kms.katalon.core.main.ScriptEngine.runScriptAsRawText(ScriptEngine.java:119)
	at com.kms.katalon.core.main.TestCaseExecutor.runScript(TestCaseExecutor.java:328)
	at com.kms.katalon.core.main.TestCaseExecutor.doExecute(TestCaseExecutor.java:319)
	at com.kms.katalon.core.main.TestCaseExecutor.processExecutionPhase(TestCaseExecutor.java:298)
	at com.kms.katalon.core.main.TestCaseExecutor.accessMainPhase(TestCaseExecutor.java:290)
	at com.kms.katalon.core.main.TestCaseExecutor.execute(TestCaseExecutor.java:224)
	at com.kms.katalon.core.main.TestSuiteExecutor.accessTestCaseMainPhase(TestSuiteExecutor.java:129)
	at com.kms.katalon.core.main.TestSuiteExecutor.accessTestSuiteMainPhase(TestSuiteExecutor.java:112)
	at com.kms.katalon.core.main.TestSuiteExecutor.execute(TestSuiteExecutor.java:81)
	at com.kms.katalon.core.main.TestCaseMain.startTestSuite(TestCaseMain.java:149)
	at com.kms.katalon.core.main.TestCaseMain$startTestSuite$0.call(Unknown Source)
	at TempTestSuite1561754394056.run(TempTestSuite1561754394056.groovy:36)


2019-06-28 17:16:11 - [TEST_STEP][PASSED] - callTestCase(findTestCase("OCS - MOBILE/CALL - AGE GATE"), [:], STOP_ON_FAILURE): Call Test Case 'Test Cases/OCS - MOBILE/CALL - AGE GATE' successfully

2019-06-28 17:16:11 - [TEST_CASE][PASSED] - Test Cases/OCS - MOBILE/CALL - AGE GATE: Test Cases/OCS - MOBILE/CALL - AGE GATE

2019-06-28 17:16:11 - [TEST_STEP][PASSED] - openBrowser(""): Browser is opened with url: ''

2019-06-28 17:16:11 - [MESSAGE][WARNING] - A browser is already opened. Closing browser and opening a new one

2019-06-28 17:16:11 - [MESSAGE][INFO] - Starting 'Safari' driver

2019-06-28 17:16:12 - [MESSAGE][PASSED] - Browser is opened with url: ''

2019-06-28 17:16:12 - [TEST_STEP][PASSED] - navigateToUrl("ocs.ca"): Navigate to 'http://ocs.ca' successfully

2019-06-28 17:16:13 - [MESSAGE][PASSED] - Navigate to 'http://ocs.ca' successfully

2019-06-28 17:16:13 - [TEST_STEP][NOT_RUN] - executeJavaScript("var previewBar = document.getElementById("preview-bar-iframe"); previewBar.style.display = "none";", []): NOT_RUN: executeJavaScript("var previewBar = document.getElementById("preview-bar-iframe"); previewBar.style.display = "none";", [])

2019-06-28 17:16:13 - [MESSAGE][NOT_RUN] - NOT_RUN: executeJavaScript("var previewBar = document.getElementById("preview-bar-iframe"); previewBar.style.display = "none";", [])

2019-06-28 17:16:13 - [TEST_STEP][PASSED] - setViewPortSize(360, 800): Viewport is set to new size with width = 360 and height = 800

2019-06-28 17:16:13 - [MESSAGE][PASSED] - Viewport is set to new size with width = 360 and height = 800

2019-06-28 17:16:13 - [TEST_STEP][PASSED] - delay(4): Delayed 4 second(s)

2019-06-28 17:16:17 - [MESSAGE][PASSED] - Delayed 4 second(s)

2019-06-28 17:16:17 - [TEST_STEP][PASSED] - selectOptionByValue(findTestObject("OCS-MOBILE /Age gate and burger menu/Date"), "12", true): All options with value '12' are selected in object 'Object Repository/OCS-MOBILE /Age gate and burger menu/Date'  using regular expression

2019-06-28 17:16:18 - [MESSAGE][PASSED] - All options with value '12' are selected in object 'Object Repository/OCS-MOBILE /Age gate and burger menu/Date'  using regular expression

2019-06-28 17:16:18 - [TEST_STEP][PASSED] - selectOptionByValue(findTestObject("OCS-MOBILE /Age gate and burger menu/month"), "6", true): All options with value '6' are selected in object 'Object Repository/OCS-MOBILE /Age gate and burger menu/month'  using regular expression

2019-06-28 17:16:18 - [MESSAGE][PASSED] - All options with value '6' are selected in object 'Object Repository/OCS-MOBILE /Age gate and burger menu/month'  using regular expression

2019-06-28 17:16:18 - [TEST_STEP][PASSED] - delay(2): Delayed 2 second(s)

2019-06-28 17:16:20 - [MESSAGE][PASSED] - Delayed 2 second(s)

2019-06-28 17:16:20 - [TEST_STEP][PASSED] - selectOptionByValue(findTestObject("OCS-MOBILE /Age gate and burger menu/Year Dropdown"), "1990", true): All options with value '1990' are selected in object 'Object Repository/OCS-MOBILE /Age gate and burger menu/Year Dropdown'  using regular expression

2019-06-28 17:16:21 - [MESSAGE][PASSED] - All options with value '1990' are selected in object 'Object Repository/OCS-MOBILE /Age gate and burger menu/Year Dropdown'  using regular expression

2019-06-28 17:16:21 - [TEST_STEP][PASSED] - click(findTestObject("OCS-MOBILE /Age gate and Mega menu/button_Verify")): Object: 'Object Repository/OCS-MOBILE /Age gate and Mega menu/button_Verify' is clicked on

2019-06-28 17:16:21 - [MESSAGE][PASSED] - Object: 'Object Repository/OCS-MOBILE /Age gate and Mega menu/button_Verify' is clicked on

2019-06-28 17:16:21 - [TEST_STEP][PASSED] - click(findTestObject("OCS-MOBILE /Age gate and Mega menu/Checkbox_CONFIRM AND ACKNOWLEDGE")): Object: 'Object Repository/OCS-MOBILE /Age gate and Mega menu/Checkbox_CONFIRM AND ACKNOWLEDGE' is clicked on

2019-06-28 17:16:21 - [MESSAGE][PASSED] - Object: 'Object Repository/OCS-MOBILE /Age gate and Mega menu/Checkbox_CONFIRM AND ACKNOWLEDGE' is clicked on

2019-06-28 17:16:21 - [TEST_STEP][PASSED] - click(findTestObject("OCS-MOBILE /Age gate and Mega menu/button_CONFIRM")): Object: 'Object Repository/OCS-MOBILE /Age gate and Mega menu/button_CONFIRM' is clicked on

2019-06-28 17:16:21 - [MESSAGE][PASSED] - Object: 'Object Repository/OCS-MOBILE /Age gate and Mega menu/button_CONFIRM' is clicked on

2019-06-28 17:16:21 - [TEST_STEP][PASSED] - click(findTestObject("OCS-MOBILE /Age gate and Mega menu/button_Start Browsing")): Object: 'Object Repository/OCS-MOBILE /Age gate and Mega menu/button_Start Browsing' is clicked on

2019-06-28 17:16:22 - [MESSAGE][PASSED] - Object: 'Object Repository/OCS-MOBILE /Age gate and Mega menu/button_Start Browsing' is clicked on

2019-06-28 17:16:22 - [TEST_STEP][PASSED] - refresh(): Refresh successfully

2019-06-28 17:16:25 - [MESSAGE][PASSED] - Refresh successfully

2019-06-28 17:16:25 - [TEST_STEP][NOT_RUN] - executeJavaScript("var previewBar = document.getElementById("preview-bar-iframe"); previewBar.style.display = "none";", []): NOT_RUN: executeJavaScript("var previewBar = document.getElementById("preview-bar-iframe"); previewBar.style.display = "none";", [])

2019-06-28 17:16:25 - [MESSAGE][NOT_RUN] - NOT_RUN: executeJavaScript("var previewBar = document.getElementById("preview-bar-iframe"); previewBar.style.display = "none";", [])

2019-06-28 17:16:25 - [MESSAGE][PASSED] - Call Test Case 'Test Cases/OCS - MOBILE/CALL - AGE GATE' successfully

2019-06-28 17:16:25 - [TEST_STEP][PASSED] - delay(2): Delayed 2 second(s)

2019-06-28 17:16:27 - [MESSAGE][PASSED] - Delayed 2 second(s)

2019-06-28 17:16:27 - [TEST_STEP][PASSED] - click(findTestObject("OCS-MOBILE /Age gate and burger menu/Burger menu - English"), CONTINUE_ON_FAILURE): Object: 'Object Repository/OCS-MOBILE /Age gate and burger menu/Burger menu - English' is clicked on

2019-06-28 17:16:27 - [MESSAGE][PASSED] - Object: 'Object Repository/OCS-MOBILE /Age gate and burger menu/Burger menu - English' is clicked on

2019-06-28 17:16:27 - [TEST_STEP][PASSED] - delay(2, CONTINUE_ON_FAILURE): Delayed 2 second(s)

2019-06-28 17:16:29 - [MESSAGE][PASSED] - Delayed 2 second(s)

2019-06-28 17:16:29 - [TEST_STEP][PASSED] - click(findTestObject("OCS-MOBILE /LEARN page/Learn chevron")): Object: 'Object Repository/OCS-MOBILE /LEARN page/Learn chevron' is clicked on

2019-06-28 17:16:29 - [MESSAGE][PASSED] - Object: 'Object Repository/OCS-MOBILE /LEARN page/Learn chevron' is clicked on

2019-06-28 17:16:29 - [TEST_STEP][PASSED] - delay(2): Delayed 2 second(s)

2019-06-28 17:16:31 - [MESSAGE][PASSED] - Delayed 2 second(s)

2019-06-28 17:16:31 - [TEST_STEP][PASSED] - click(findTestObject("OCS-MOBILE /LEARN page/How Cannabis Works plus accordian")): Object: 'Object Repository/OCS-MOBILE /LEARN page/How Cannabis Works plus accordian' is clicked on

2019-06-28 17:16:31 - [MESSAGE][PASSED] - Object: 'Object Repository/OCS-MOBILE /LEARN page/How Cannabis Works plus accordian' is clicked on

2019-06-28 17:16:31 - [TEST_STEP][PASSED] - delay(2): Delayed 2 second(s)

2019-06-28 17:16:33 - [MESSAGE][PASSED] - Delayed 2 second(s)

2019-06-28 17:16:33 - [TEST_STEP][PASSED] - click(findTestObject("OCS-MOBILE /LEARN page/How Cannabis Works Subtract accordian")): Object: 'Object Repository/OCS-MOBILE /LEARN page/How Cannabis Works Subtract accordian' is clicked on

2019-06-28 17:16:33 - [MESSAGE][PASSED] - Object: 'Object Repository/OCS-MOBILE /LEARN page/How Cannabis Works Subtract accordian' is clicked on

2019-06-28 17:16:33 - [TEST_STEP][PASSED] - delay(2): Delayed 2 second(s)

2019-06-28 17:16:35 - [MESSAGE][PASSED] - Delayed 2 second(s)

2019-06-28 17:16:35 - [TEST_STEP][PASSED] - click(findTestObject("OCS-MOBILE /LEARN page/How Cannabis Works plus accordian")): Object: 'Object Repository/OCS-MOBILE /LEARN page/How Cannabis Works plus accordian' is clicked on

2019-06-28 17:16:35 - [MESSAGE][PASSED] - Object: 'Object Repository/OCS-MOBILE /LEARN page/How Cannabis Works plus accordian' is clicked on

2019-06-28 17:16:35 - [TEST_STEP][PASSED] - delay(2): Delayed 2 second(s)

2019-06-28 17:16:37 - [MESSAGE][PASSED] - Delayed 2 second(s)

2019-06-28 17:16:37 - [TEST_STEP][PASSED] - click(findTestObject("OCS-MOBILE /LEARN page/The Effects of Cannabis")): Object: 'Object Repository/OCS-MOBILE /LEARN page/The Effects of Cannabis' is clicked on

2019-06-28 17:16:40 - [MESSAGE][PASSED] - Object: 'Object Repository/OCS-MOBILE /LEARN page/The Effects of Cannabis' is clicked on

2019-06-28 17:16:40 - [TEST_STEP][PASSED] - verifyTextPresent("The Effects of Cannabis", true): Text 'The Effects of Cannabis' is present on page  using regular expression

2019-06-28 17:16:40 - [MESSAGE][PASSED] - Text 'The Effects of Cannabis' is present on page  using regular expression

2019-06-28 17:16:40 - [TEST_STEP][PASSED] - delay(2): Delayed 2 second(s)

2019-06-28 17:16:42 - [MESSAGE][PASSED] - Delayed 2 second(s)

2019-06-28 17:16:42 - [TEST_STEP][PASSED] - click(findTestObject("OCS-MOBILE /Age gate and burger menu/Burger menu - English"), CONTINUE_ON_FAILURE): Object: 'Object Repository/OCS-MOBILE /Age gate and burger menu/Burger menu - English' is clicked on

2019-06-28 17:16:43 - [MESSAGE][PASSED] - Object: 'Object Repository/OCS-MOBILE /Age gate and burger menu/Burger menu - English' is clicked on

2019-06-28 17:16:43 - [TEST_STEP][PASSED] - delay(2, CONTINUE_ON_FAILURE): Delayed 2 second(s)

2019-06-28 17:16:45 - [MESSAGE][PASSED] - Delayed 2 second(s)

2019-06-28 17:16:45 - [TEST_STEP][PASSED] - click(findTestObject("OCS-MOBILE /LEARN page/Learn chevron")): Object: 'Object Repository/OCS-MOBILE /LEARN page/Learn chevron' is clicked on

2019-06-28 17:16:45 - [MESSAGE][PASSED] - Object: 'Object Repository/OCS-MOBILE /LEARN page/Learn chevron' is clicked on

2019-06-28 17:16:45 - [TEST_STEP][PASSED] - delay(2): Delayed 2 second(s)

2019-06-28 17:16:47 - [MESSAGE][PASSED] - Delayed 2 second(s)

2019-06-28 17:16:47 - [TEST_STEP][PASSED] - click(findTestObject("OCS-MOBILE /LEARN page/How Cannabis Works plus accordian")): Object: 'Object Repository/OCS-MOBILE /LEARN page/How Cannabis Works plus accordian' is clicked on

2019-06-28 17:16:47 - [MESSAGE][PASSED] - Object: 'Object Repository/OCS-MOBILE /LEARN page/How Cannabis Works plus accordian' is clicked on

2019-06-28 17:16:47 - [TEST_STEP][PASSED] - delay(1): Delayed 1 second(s)

2019-06-28 17:16:48 - [MESSAGE][PASSED] - Delayed 1 second(s)

2019-06-28 17:16:48 - [TEST_STEP][PASSED] - click(findTestObject("OCS-MOBILE /LEARN page/Endocannabinoids chevron")): Object: 'Object Repository/OCS-MOBILE /LEARN page/Endocannabinoids chevron' is clicked on

2019-06-28 17:16:48 - [MESSAGE][PASSED] - Object: 'Object Repository/OCS-MOBILE /LEARN page/Endocannabinoids chevron' is clicked on

2019-06-28 17:16:48 - [TEST_STEP][PASSED] - verifyTextPresent("The Endocannabinoid System", true): Text 'The Endocannabinoid System' is present on page  using regular expression

2019-06-28 17:16:48 - [MESSAGE][PASSED] - Text 'The Endocannabinoid System' is present on page  using regular expression

2019-06-28 17:16:48 - [TEST_STEP][PASSED] - delay(2): Delayed 2 second(s)

2019-06-28 17:16:50 - [MESSAGE][PASSED] - Delayed 2 second(s)

2019-06-28 17:16:50 - [TEST_STEP][PASSED] - click(findTestObject("OCS-MOBILE /Age gate and burger menu/Burger menu - English"), CONTINUE_ON_FAILURE): Object: 'Object Repository/OCS-MOBILE /Age gate and burger menu/Burger menu - English' is clicked on

2019-06-28 17:16:51 - [MESSAGE][PASSED] - Object: 'Object Repository/OCS-MOBILE /Age gate and burger menu/Burger menu - English' is clicked on

2019-06-28 17:16:51 - [TEST_STEP][PASSED] - delay(2, CONTINUE_ON_FAILURE): Delayed 2 second(s)

2019-06-28 17:16:53 - [MESSAGE][PASSED] - Delayed 2 second(s)

2019-06-28 17:16:53 - [TEST_STEP][PASSED] - click(findTestObject("OCS-MOBILE /LEARN page/Learn chevron")): Object: 'Object Repository/OCS-MOBILE /LEARN page/Learn chevron' is clicked on

2019-06-28 17:16:53 - [MESSAGE][PASSED] - Object: 'Object Repository/OCS-MOBILE /LEARN page/Learn chevron' is clicked on

2019-06-28 17:16:53 - [TEST_STEP][PASSED] - delay(2): Delayed 2 second(s)

2019-06-28 17:16:55 - [MESSAGE][PASSED] - Delayed 2 second(s)

2019-06-28 17:16:55 - [TEST_STEP][PASSED] - click(findTestObject("OCS-MOBILE /LEARN page/How Cannabis Works plus accordian")): Object: 'Object Repository/OCS-MOBILE /LEARN page/How Cannabis Works plus accordian' is clicked on

2019-06-28 17:16:55 - [MESSAGE][PASSED] - Object: 'Object Repository/OCS-MOBILE /LEARN page/How Cannabis Works plus accordian' is clicked on

2019-06-28 17:16:55 - [TEST_STEP][PASSED] - delay(1): Delayed 1 second(s)

2019-06-28 17:16:56 - [MESSAGE][PASSED] - Delayed 1 second(s)

2019-06-28 17:16:56 - [TEST_STEP][PASSED] - click(findTestObject("OCS-MOBILE /LEARN page/Read More -1")): Object: 'Object Repository/OCS-MOBILE /LEARN page/Read More -1' is clicked on

2019-06-28 17:16:56 - [MESSAGE][PASSED] - Object: 'Object Repository/OCS-MOBILE /LEARN page/Read More -1' is clicked on

2019-06-28 17:16:56 - [TEST_STEP][PASSED] - delay(2): Delayed 2 second(s)

2019-06-28 17:16:58 - [MESSAGE][PASSED] - Delayed 2 second(s)

2019-06-28 17:16:58 - [TEST_STEP][PASSED] - verifyTextPresent("The human reaction to cannabis.", false): Text 'The human reaction to cannabis.' is present on page 

2019-06-28 17:16:58 - [MESSAGE][PASSED] - Text 'The human reaction to cannabis.' is present on page 

2019-06-28 17:16:58 - [TEST_STEP][PASSED] - delay(2): Delayed 2 second(s)

2019-06-28 17:17:00 - [MESSAGE][PASSED] - Delayed 2 second(s)

2019-06-28 17:17:00 - [TEST_STEP][PASSED] - click(findTestObject("OCS-MOBILE /Age gate and burger menu/Burger menu - English"), CONTINUE_ON_FAILURE): Object: 'Object Repository/OCS-MOBILE /Age gate and burger menu/Burger menu - English' is clicked on

2019-06-28 17:17:00 - [MESSAGE][PASSED] - Object: 'Object Repository/OCS-MOBILE /Age gate and burger menu/Burger menu - English' is clicked on

2019-06-28 17:17:00 - [TEST_STEP][PASSED] - delay(2, CONTINUE_ON_FAILURE): Delayed 2 second(s)

2019-06-28 17:17:02 - [MESSAGE][PASSED] - Delayed 2 second(s)

2019-06-28 17:17:02 - [TEST_STEP][PASSED] - click(findTestObject("OCS-MOBILE /LEARN page/Learn chevron")): Object: 'Object Repository/OCS-MOBILE /LEARN page/Learn chevron' is clicked on

2019-06-28 17:17:02 - [MESSAGE][PASSED] - Object: 'Object Repository/OCS-MOBILE /LEARN page/Learn chevron' is clicked on

2019-06-28 17:17:02 - [TEST_STEP][PASSED] - delay(2): Delayed 2 second(s)

2019-06-28 17:17:04 - [MESSAGE][PASSED] - Delayed 2 second(s)

2019-06-28 17:17:04 - [TEST_STEP][PASSED] - click(findTestObject("OCS-MOBILE /LEARN page/Cannabis Anatomy plus accordian")): Object: 'Object Repository/OCS-MOBILE /LEARN page/Cannabis Anatomy plus accordian' is clicked on

2019-06-28 17:17:04 - [MESSAGE][PASSED] - Object: 'Object Repository/OCS-MOBILE /LEARN page/Cannabis Anatomy plus accordian' is clicked on

2019-06-28 17:17:04 - [TEST_STEP][PASSED] - delay(2): Delayed 2 second(s)

2019-06-28 17:17:06 - [MESSAGE][PASSED] - Delayed 2 second(s)

2019-06-28 17:17:06 - [TEST_STEP][PASSED] - click(findTestObject("OCS-MOBILE /LEARN page/Cannabis Anatomy subtract accordian")): Object: 'Object Repository/OCS-MOBILE /LEARN page/Cannabis Anatomy subtract accordian' is clicked on

2019-06-28 17:17:06 - [MESSAGE][PASSED] - Object: 'Object Repository/OCS-MOBILE /LEARN page/Cannabis Anatomy subtract accordian' is clicked on

2019-06-28 17:17:06 - [TEST_STEP][PASSED] - delay(2): Delayed 2 second(s)

2019-06-28 17:17:08 - [MESSAGE][PASSED] - Delayed 2 second(s)

2019-06-28 17:17:08 - [TEST_STEP][PASSED] - click(findTestObject("OCS-MOBILE /LEARN page/Cannabis Anatomy plus accordian")): Object: 'Object Repository/OCS-MOBILE /LEARN page/Cannabis Anatomy plus accordian' is clicked on

2019-06-28 17:17:08 - [MESSAGE][PASSED] - Object: 'Object Repository/OCS-MOBILE /LEARN page/Cannabis Anatomy plus accordian' is clicked on

2019-06-28 17:17:08 - [TEST_STEP][PASSED] - delay(2): Delayed 2 second(s)

2019-06-28 17:17:10 - [MESSAGE][PASSED] - Delayed 2 second(s)

2019-06-28 17:17:10 - [TEST_STEP][PASSED] - click(findTestObject("OCS-MOBILE /LEARN page/CBD")): Object: 'Object Repository/OCS-MOBILE /LEARN page/CBD' is clicked on

2019-06-28 17:17:13 - [MESSAGE][PASSED] - Object: 'Object Repository/OCS-MOBILE /LEARN page/CBD' is clicked on

2019-06-28 17:17:13 - [TEST_STEP][PASSED] - delay(2): Delayed 2 second(s)

2019-06-28 17:17:15 - [MESSAGE][PASSED] - Delayed 2 second(s)

2019-06-28 17:17:15 - [TEST_STEP][FAILED] - verifyTextPresent("CANNABIS ANATOMY", false, CONTINUE_ON_FAILURE): Text 'CANNABIS ANATOMY' is not present on page 

2019-06-28 17:17:15 - [MESSAGE][FAILED] - Text 'CANNABIS ANATOMY' is not present on page 

2019-06-28 17:17:15 - [TEST_STEP][PASSED] - delay(2): Delayed 2 second(s)

2019-06-28 17:17:17 - [MESSAGE][PASSED] - Delayed 2 second(s)

2019-06-28 17:17:17 - [TEST_STEP][PASSED] - click(findTestObject("OCS-MOBILE /Age gate and burger menu/Burger menu - English"), CONTINUE_ON_FAILURE): Object: 'Object Repository/OCS-MOBILE /Age gate and burger menu/Burger menu - English' is clicked on

2019-06-28 17:17:17 - [MESSAGE][PASSED] - Object: 'Object Repository/OCS-MOBILE /Age gate and burger menu/Burger menu - English' is clicked on

2019-06-28 17:17:17 - [TEST_STEP][PASSED] - delay(2, CONTINUE_ON_FAILURE): Delayed 2 second(s)

2019-06-28 17:17:19 - [MESSAGE][PASSED] - Delayed 2 second(s)

2019-06-28 17:17:19 - [TEST_STEP][PASSED] - click(findTestObject("OCS-MOBILE /LEARN page/Learn chevron")): Object: 'Object Repository/OCS-MOBILE /LEARN page/Learn chevron' is clicked on

2019-06-28 17:17:19 - [MESSAGE][PASSED] - Object: 'Object Repository/OCS-MOBILE /LEARN page/Learn chevron' is clicked on

2019-06-28 17:17:19 - [TEST_STEP][PASSED] - delay(2): Delayed 2 second(s)

2019-06-28 17:17:21 - [MESSAGE][PASSED] - Delayed 2 second(s)

2019-06-28 17:17:21 - [TEST_STEP][PASSED] - click(findTestObject("OCS-MOBILE /LEARN page/Cannabis Anatomy plus accordian")): Object: 'Object Repository/OCS-MOBILE /LEARN page/Cannabis Anatomy plus accordian' is clicked on

2019-06-28 17:17:21 - [MESSAGE][PASSED] - Object: 'Object Repository/OCS-MOBILE /LEARN page/Cannabis Anatomy plus accordian' is clicked on

2019-06-28 17:17:21 - [TEST_STEP][PASSED] - delay(1): Delayed 1 second(s)

2019-06-28 17:17:22 - [MESSAGE][PASSED] - Delayed 1 second(s)

2019-06-28 17:17:22 - [TEST_STEP][PASSED] - click(findTestObject("OCS-MOBILE /LEARN page/Terpenes")): Object: 'Object Repository/OCS-MOBILE /LEARN page/Terpenes' is clicked on

2019-06-28 17:17:25 - [MESSAGE][PASSED] - Object: 'Object Repository/OCS-MOBILE /LEARN page/Terpenes' is clicked on

2019-06-28 17:17:25 - [TEST_STEP][NOT_RUN] - click(findTestObject("Learn_spy/Page_Ontario Cannabis Store  Ontari/h3_Learn")): NOT_RUN: click(findTestObject("Learn_spy/Page_Ontario Cannabis Store  Ontari/h3_Learn"))

2019-06-28 17:17:25 - [MESSAGE][NOT_RUN] - NOT_RUN: click(findTestObject("Learn_spy/Page_Ontario Cannabis Store  Ontari/h3_Learn"))

2019-06-28 17:17:25 - [TEST_STEP][NOT_RUN] - click(findTestObject("Object Repository/Learn_OR/Page_The Effects of Cannabis  Ontar/a_Read More")): NOT_RUN: click(findTestObject("Object Repository/Learn_OR/Page_The Effects of Cannabis  Ontar/a_Read More"))

2019-06-28 17:17:25 - [MESSAGE][NOT_RUN] - NOT_RUN: click(findTestObject("Object Repository/Learn_OR/Page_The Effects of Cannabis  Ontar/a_Read More"))

2019-06-28 17:17:25 - [TEST_STEP][FAILED] - verifyTextPresent("Terpenes give cannabis strains their unique aromas.", true): verifyTextPresent("Terpenes give cannabis strains their unique aromas.", true) FAILED.
Reason:
com.kms.katalon.core.exception.StepFailedException: Text 'CANNABIS ANATOMY' is not present on page 
	at com.kms.katalon.core.keyword.internal.KeywordMain.stepFailed(KeywordMain.groovy:32)
	at com.kms.katalon.core.webui.keyword.internal.WebUIKeywordMain.stepFailed(WebUIKeywordMain.groovy:65)
	at com.kms.katalon.core.webui.keyword.builtin.VerifyTextPresentKeyword$_verifyTextPresent_closure1.doCall(VerifyTextPresentKeyword.groovy:79)
	at com.kms.katalon.core.webui.keyword.builtin.VerifyTextPresentKeyword$_verifyTextPresent_closure1.call(VerifyTextPresentKeyword.groovy)
	at com.kms.katalon.core.webui.keyword.internal.WebUIKeywordMain.runKeyword(WebUIKeywordMain.groovy:21)
	at com.kms.katalon.core.webui.keyword.builtin.VerifyTextPresentKeyword.verifyTextPresent(VerifyTextPresentKeyword.groovy:83)
	at com.kms.katalon.core.webui.keyword.builtin.VerifyTextPresentKeyword.execute(VerifyTextPresentKeyword.groovy:68)
	at com.kms.katalon.core.keyword.internal.KeywordExecutor.executeKeywordForPlatform(KeywordExecutor.groovy:53)
	at com.kms.katalon.core.webui.keyword.WebUiBuiltInKeywords.verifyTextPresent(WebUiBuiltInKeywords.groovy:1677)
	at com.kms.katalon.core.webui.keyword.WebUiBuiltInKeywords$verifyTextPresent$17.call(Unknown Source)
	at HP- Burger menu- Learn.run(HP- Burger menu- Learn:108)
	at com.kms.katalon.core.main.ScriptEngine.run(ScriptEngine.java:194)
	at com.kms.katalon.core.main.ScriptEngine.runScriptAsRawText(ScriptEngine.java:119)
	at com.kms.katalon.core.main.TestCaseExecutor.runScript(TestCaseExecutor.java:328)
	at com.kms.katalon.core.main.TestCaseExecutor.doExecute(TestCaseExecutor.java:319)
	at com.kms.katalon.core.main.TestCaseExecutor.processExecutionPhase(TestCaseExecutor.java:298)
	at com.kms.katalon.core.main.TestCaseExecutor.accessMainPhase(TestCaseExecutor.java:290)
	at com.kms.katalon.core.main.TestCaseExecutor.execute(TestCaseExecutor.java:224)
	at com.kms.katalon.core.main.TestSuiteExecutor.accessTestCaseMainPhase(TestSuiteExecutor.java:129)
	at com.kms.katalon.core.main.TestSuiteExecutor.accessTestSuiteMainPhase(TestSuiteExecutor.java:112)
	at com.kms.katalon.core.main.TestSuiteExecutor.execute(TestSuiteExecutor.java:81)
	at com.kms.katalon.core.main.TestCaseMain.startTestSuite(TestCaseMain.java:149)
	at com.kms.katalon.core.main.TestCaseMain$startTestSuite$0.call(Unknown Source)
	at TempTestSuite1561754394056.run(TempTestSuite1561754394056.groovy:36)


2019-06-28 17:17:25 - [MESSAGE][FAILED] - Text 'Terpenes give cannabis strains their unique aromas.' is not present on page  using regular expression

2019-06-28 17:17:25 - [MESSAGE][FAILED] - Unable to verify text 'Terpenes give cannabis strains their unique aromas.' is present  using regular expression (Root cause: com.kms.katalon.core.exception.StepFailedException: Text 'Terpenes give cannabis strains their unique aromas.' is not present on page  using regular expression)
[[ATTACHMENT|/Users/sumankompelly/Relative xpath-Mobile/Reports/Live site/20190628_163954/1561756645208.png]]

2019-06-28 17:17:25 - [MESSAGE][FAILED] - verifyTextPresent("Terpenes give cannabis strains their unique aromas.", true) FAILED.
Reason:
com.kms.katalon.core.exception.StepFailedException: Text 'CANNABIS ANATOMY' is not present on page 
	at com.kms.katalon.core.keyword.internal.KeywordMain.stepFailed(KeywordMain.groovy:32)
	at com.kms.katalon.core.webui.keyword.internal.WebUIKeywordMain.stepFailed(WebUIKeywordMain.groovy:65)
	at com.kms.katalon.core.webui.keyword.builtin.VerifyTextPresentKeyword$_verifyTextPresent_closure1.doCall(VerifyTextPresentKeyword.groovy:79)
	at com.kms.katalon.core.webui.keyword.builtin.VerifyTextPresentKeyword$_verifyTextPresent_closure1.call(VerifyTextPresentKeyword.groovy)
	at com.kms.katalon.core.webui.keyword.internal.WebUIKeywordMain.runKeyword(WebUIKeywordMain.groovy:21)
	at com.kms.katalon.core.webui.keyword.builtin.VerifyTextPresentKeyword.verifyTextPresent(VerifyTextPresentKeyword.groovy:83)
	at com.kms.katalon.core.webui.keyword.builtin.VerifyTextPresentKeyword.execute(VerifyTextPresentKeyword.groovy:68)
	at com.kms.katalon.core.keyword.internal.KeywordExecutor.executeKeywordForPlatform(KeywordExecutor.groovy:53)
	at com.kms.katalon.core.webui.keyword.WebUiBuiltInKeywords.verifyTextPresent(WebUiBuiltInKeywords.groovy:1677)
	at com.kms.katalon.core.webui.keyword.WebUiBuiltInKeywords$verifyTextPresent$17.call(Unknown Source)
	at HP- Burger menu- Learn.run(HP- Burger menu- Learn:108)
	at com.kms.katalon.core.main.ScriptEngine.run(ScriptEngine.java:194)
	at com.kms.katalon.core.main.ScriptEngine.runScriptAsRawText(ScriptEngine.java:119)
	at com.kms.katalon.core.main.TestCaseExecutor.runScript(TestCaseExecutor.java:328)
	at com.kms.katalon.core.main.TestCaseExecutor.doExecute(TestCaseExecutor.java:319)
	at com.kms.katalon.core.main.TestCaseExecutor.processExecutionPhase(TestCaseExecutor.java:298)
	at com.kms.katalon.core.main.TestCaseExecutor.accessMainPhase(TestCaseExecutor.java:290)
	at com.kms.katalon.core.main.TestCaseExecutor.execute(TestCaseExecutor.java:224)
	at com.kms.katalon.core.main.TestSuiteExecutor.accessTestCaseMainPhase(TestSuiteExecutor.java:129)
	at com.kms.katalon.core.main.TestSuiteExecutor.accessTestSuiteMainPhase(TestSuiteExecutor.java:112)
	at com.kms.katalon.core.main.TestSuiteExecutor.execute(TestSuiteExecutor.java:81)
	at com.kms.katalon.core.main.TestCaseMain.startTestSuite(TestCaseMain.java:149)
	at com.kms.katalon.core.main.TestCaseMain$startTestSuite$0.call(Unknown Source)
	at TempTestSuite1561754394056.run(TempTestSuite1561754394056.groovy:36)]]></system-out>
         <system-err><![CDATA[2019-06-28 17:16:10 - [TEST_CASE][FAILED] - Test Cases/OCS - MOBILE/OCS- HOME PAGE/HP- Burger menu- Learn: Test Cases/OCS - MOBILE/OCS- HOME PAGE/HP- Burger menu- Learn FAILED.
Reason:
com.kms.katalon.core.exception.StepFailedException: Text 'CANNABIS ANATOMY' is not present on page 
	at com.kms.katalon.core.keyword.internal.KeywordMain.stepFailed(KeywordMain.groovy:32)
	at com.kms.katalon.core.webui.keyword.internal.WebUIKeywordMain.stepFailed(WebUIKeywordMain.groovy:65)
	at com.kms.katalon.core.webui.keyword.builtin.VerifyTextPresentKeyword$_verifyTextPresent_closure1.doCall(VerifyTextPresentKeyword.groovy:79)
	at com.kms.katalon.core.webui.keyword.builtin.VerifyTextPresentKeyword$_verifyTextPresent_closure1.call(VerifyTextPresentKeyword.groovy)
	at com.kms.katalon.core.webui.keyword.internal.WebUIKeywordMain.runKeyword(WebUIKeywordMain.groovy:21)
	at com.kms.katalon.core.webui.keyword.builtin.VerifyTextPresentKeyword.verifyTextPresent(VerifyTextPresentKeyword.groovy:83)
	at com.kms.katalon.core.webui.keyword.builtin.VerifyTextPresentKeyword.execute(VerifyTextPresentKeyword.groovy:68)
	at com.kms.katalon.core.keyword.internal.KeywordExecutor.executeKeywordForPlatform(KeywordExecutor.groovy:53)
	at com.kms.katalon.core.webui.keyword.WebUiBuiltInKeywords.verifyTextPresent(WebUiBuiltInKeywords.groovy:1677)
	at com.kms.katalon.core.webui.keyword.WebUiBuiltInKeywords$verifyTextPresent$17.call(Unknown Source)
	at HP- Burger menu- Learn.run(HP- Burger menu- Learn:108)
	at com.kms.katalon.core.main.ScriptEngine.run(ScriptEngine.java:194)
	at com.kms.katalon.core.main.ScriptEngine.runScriptAsRawText(ScriptEngine.java:119)
	at com.kms.katalon.core.main.TestCaseExecutor.runScript(TestCaseExecutor.java:328)
	at com.kms.katalon.core.main.TestCaseExecutor.doExecute(TestCaseExecutor.java:319)
	at com.kms.katalon.core.main.TestCaseExecutor.processExecutionPhase(TestCaseExecutor.java:298)
	at com.kms.katalon.core.main.TestCaseExecutor.accessMainPhase(TestCaseExecutor.java:290)
	at com.kms.katalon.core.main.TestCaseExecutor.execute(TestCaseExecutor.java:224)
	at com.kms.katalon.core.main.TestSuiteExecutor.accessTestCaseMainPhase(TestSuiteExecutor.java:129)
	at com.kms.katalon.core.main.TestSuiteExecutor.accessTestSuiteMainPhase(TestSuiteExecutor.java:112)
	at com.kms.katalon.core.main.TestSuiteExecutor.execute(TestSuiteExecutor.java:81)
	at com.kms.katalon.core.main.TestCaseMain.startTestSuite(TestCaseMain.java:149)
	at com.kms.katalon.core.main.TestCaseMain$startTestSuite$0.call(Unknown Source)
	at TempTestSuite1561754394056.run(TempTestSuite1561754394056.groovy:36)]]></system-err>
      </testcase>
      <testcase name="Test Cases/OCS - MOBILE/OCS- PRODUCT PAGE/Add to bag CTA" classname="Test Cases/OCS - MOBILE/OCS- PRODUCT PAGE/Add to bag CTA" status="PASSED">
         <system-out><![CDATA[2019-06-28 17:17:25 - [TEST_CASE][PASSED] - Test Cases/OCS - MOBILE/OCS- PRODUCT PAGE/Add to bag CTA: Test Cases/OCS - MOBILE/OCS- PRODUCT PAGE/Add to bag CTA

2019-06-28 17:17:25 - [TEST_STEP][PASSED] - callTestCase(findTestCase("OCS - MOBILE/CALL - PDP"), [:], STOP_ON_FAILURE): Call Test Case 'Test Cases/OCS - MOBILE/CALL - PDP' successfully

2019-06-28 17:17:25 - [TEST_CASE][PASSED] - Test Cases/OCS - MOBILE/CALL - PDP: Test Cases/OCS - MOBILE/CALL - PDP

2019-06-28 17:17:25 - [TEST_STEP][PASSED] - openBrowser(""): Browser is opened with url: ''

2019-06-28 17:17:25 - [MESSAGE][WARNING] - A browser is already opened. Closing browser and opening a new one

2019-06-28 17:17:25 - [MESSAGE][INFO] - Starting 'Safari' driver

2019-06-28 17:17:26 - [MESSAGE][PASSED] - Browser is opened with url: ''

2019-06-28 17:17:26 - [TEST_STEP][PASSED] - navigateToUrl("ocs.ca"): Navigate to 'http://ocs.ca' successfully

2019-06-28 17:17:27 - [MESSAGE][PASSED] - Navigate to 'http://ocs.ca' successfully

2019-06-28 17:17:27 - [TEST_STEP][NOT_RUN] - executeJavaScript("var previewBar = document.getElementById("preview-bar-iframe"); previewBar.style.display = "none";", []): NOT_RUN: executeJavaScript("var previewBar = document.getElementById("preview-bar-iframe"); previewBar.style.display = "none";", [])

2019-06-28 17:17:27 - [MESSAGE][NOT_RUN] - NOT_RUN: executeJavaScript("var previewBar = document.getElementById("preview-bar-iframe"); previewBar.style.display = "none";", [])

2019-06-28 17:17:27 - [TEST_STEP][PASSED] - setViewPortSize(360, 800): Viewport is set to new size with width = 360 and height = 800

2019-06-28 17:17:30 - [MESSAGE][PASSED] - Viewport is set to new size with width = 360 and height = 800

2019-06-28 17:17:30 - [TEST_STEP][PASSED] - delay(4): Delayed 4 second(s)

2019-06-28 17:17:34 - [MESSAGE][PASSED] - Delayed 4 second(s)

2019-06-28 17:17:34 - [TEST_STEP][PASSED] - selectOptionByValue(findTestObject("OCS-MOBILE /Age gate and burger menu/Date"), "12", true): All options with value '12' are selected in object 'Object Repository/OCS-MOBILE /Age gate and burger menu/Date'  using regular expression

2019-06-28 17:17:34 - [MESSAGE][PASSED] - All options with value '12' are selected in object 'Object Repository/OCS-MOBILE /Age gate and burger menu/Date'  using regular expression

2019-06-28 17:17:34 - [TEST_STEP][PASSED] - selectOptionByValue(findTestObject("OCS-MOBILE /Age gate and burger menu/month"), "6", true): All options with value '6' are selected in object 'Object Repository/OCS-MOBILE /Age gate and burger menu/month'  using regular expression

2019-06-28 17:17:34 - [MESSAGE][PASSED] - All options with value '6' are selected in object 'Object Repository/OCS-MOBILE /Age gate and burger menu/month'  using regular expression

2019-06-28 17:17:34 - [TEST_STEP][PASSED] - delay(2): Delayed 2 second(s)

2019-06-28 17:17:36 - [MESSAGE][PASSED] - Delayed 2 second(s)

2019-06-28 17:17:36 - [TEST_STEP][PASSED] - selectOptionByValue(findTestObject("OCS-MOBILE /Age gate and burger menu/Year Dropdown"), "1990", true): All options with value '1990' are selected in object 'Object Repository/OCS-MOBILE /Age gate and burger menu/Year Dropdown'  using regular expression

2019-06-28 17:17:38 - [MESSAGE][PASSED] - All options with value '1990' are selected in object 'Object Repository/OCS-MOBILE /Age gate and burger menu/Year Dropdown'  using regular expression

2019-06-28 17:17:38 - [TEST_STEP][PASSED] - click(findTestObject("OCS-MOBILE /Age gate and Mega menu/button_Verify")): Object: 'Object Repository/OCS-MOBILE /Age gate and Mega menu/button_Verify' is clicked on

2019-06-28 17:17:38 - [MESSAGE][PASSED] - Object: 'Object Repository/OCS-MOBILE /Age gate and Mega menu/button_Verify' is clicked on

2019-06-28 17:17:38 - [TEST_STEP][PASSED] - click(findTestObject("OCS-MOBILE /Age gate and Mega menu/Checkbox_CONFIRM AND ACKNOWLEDGE")): Object: 'Object Repository/OCS-MOBILE /Age gate and Mega menu/Checkbox_CONFIRM AND ACKNOWLEDGE' is clicked on

2019-06-28 17:17:38 - [MESSAGE][PASSED] - Object: 'Object Repository/OCS-MOBILE /Age gate and Mega menu/Checkbox_CONFIRM AND ACKNOWLEDGE' is clicked on

2019-06-28 17:17:38 - [TEST_STEP][PASSED] - click(findTestObject("OCS-MOBILE /Age gate and Mega menu/button_CONFIRM")): Object: 'Object Repository/OCS-MOBILE /Age gate and Mega menu/button_CONFIRM' is clicked on

2019-06-28 17:17:38 - [MESSAGE][PASSED] - Object: 'Object Repository/OCS-MOBILE /Age gate and Mega menu/button_CONFIRM' is clicked on

2019-06-28 17:17:38 - [TEST_STEP][PASSED] - click(findTestObject("OCS-MOBILE /Age gate and Mega menu/button_Start Browsing")): Object: 'Object Repository/OCS-MOBILE /Age gate and Mega menu/button_Start Browsing' is clicked on

2019-06-28 17:17:38 - [MESSAGE][PASSED] - Object: 'Object Repository/OCS-MOBILE /Age gate and Mega menu/button_Start Browsing' is clicked on

2019-06-28 17:17:38 - [TEST_STEP][PASSED] - refresh(): Refresh successfully

2019-06-28 17:17:41 - [MESSAGE][PASSED] - Refresh successfully

2019-06-28 17:17:41 - [TEST_STEP][PASSED] - delay(2): Delayed 2 second(s)

2019-06-28 17:17:43 - [MESSAGE][PASSED] - Delayed 2 second(s)

2019-06-28 17:17:43 - [TEST_STEP][PASSED] - click(findTestObject("OCS-MOBILE /Age gate and burger menu/Burger menu - English")): Object: 'Object Repository/OCS-MOBILE /Age gate and burger menu/Burger menu - English' is clicked on

2019-06-28 17:17:43 - [MESSAGE][PASSED] - Object: 'Object Repository/OCS-MOBILE /Age gate and burger menu/Burger menu - English' is clicked on

2019-06-28 17:17:43 - [TEST_STEP][PASSED] - delay(2): Delayed 2 second(s)

2019-06-28 17:17:45 - [MESSAGE][PASSED] - Delayed 2 second(s)

2019-06-28 17:17:45 - [TEST_STEP][PASSED] - click(findTestObject("OCS-MOBILE /Age gate and burger menu/Chevron_Cannabis")): Object: 'Object Repository/OCS-MOBILE /Age gate and burger menu/Chevron_Cannabis' is clicked on

2019-06-28 17:17:45 - [MESSAGE][PASSED] - Object: 'Object Repository/OCS-MOBILE /Age gate and burger menu/Chevron_Cannabis' is clicked on

2019-06-28 17:17:45 - [TEST_STEP][PASSED] - delay(2): Delayed 2 second(s)

2019-06-28 17:17:47 - [MESSAGE][PASSED] - Delayed 2 second(s)

2019-06-28 17:17:47 - [TEST_STEP][PASSED] - click(findTestObject("OCS-MOBILE /Age gate and burger menu/Dried Flower_Plus icon")): Object: 'Object Repository/OCS-MOBILE /Age gate and burger menu/Dried Flower_Plus icon' is clicked on

2019-06-28 17:17:47 - [MESSAGE][PASSED] - Object: 'Object Repository/OCS-MOBILE /Age gate and burger menu/Dried Flower_Plus icon' is clicked on

2019-06-28 17:17:47 - [TEST_STEP][PASSED] - delay(2): Delayed 2 second(s)

2019-06-28 17:17:49 - [MESSAGE][PASSED] - Delayed 2 second(s)

2019-06-28 17:17:49 - [TEST_STEP][PASSED] - click(findTestObject("OCS-MOBILE /Age gate and burger menu/Indica Dominant_Menu item")): Object: 'Object Repository/OCS-MOBILE /Age gate and burger menu/Indica Dominant_Menu item' is clicked on

2019-06-28 17:17:49 - [MESSAGE][PASSED] - Object: 'Object Repository/OCS-MOBILE /Age gate and burger menu/Indica Dominant_Menu item' is clicked on

2019-06-28 17:17:49 - [TEST_STEP][NOT_RUN] - executeJavaScript("var previewBar = document.getElementById("preview-bar-iframe"); previewBar.style.display = "none";", []): NOT_RUN: executeJavaScript("var previewBar = document.getElementById("preview-bar-iframe"); previewBar.style.display = "none";", [])

2019-06-28 17:17:49 - [MESSAGE][NOT_RUN] - NOT_RUN: executeJavaScript("var previewBar = document.getElementById("preview-bar-iframe"); previewBar.style.display = "none";", [])

2019-06-28 17:17:49 - [TEST_STEP][PASSED] - delay(2): Delayed 2 second(s)

2019-06-28 17:17:51 - [MESSAGE][PASSED] - Delayed 2 second(s)

2019-06-28 17:17:51 - [TEST_STEP][PASSED] - click(findTestObject("OCS-MOBILE /Collection page/Product image - 1st one")): Object: 'Object Repository/OCS-MOBILE /Collection page/Product image - 1st one' is clicked on

2019-06-28 17:17:54 - [MESSAGE][PASSED] - Object: 'Object Repository/OCS-MOBILE /Collection page/Product image - 1st one' is clicked on

2019-06-28 17:17:54 - [TEST_STEP][PASSED] - delay(2): Delayed 2 second(s)

2019-06-28 17:17:56 - [MESSAGE][PASSED] - Delayed 2 second(s)

2019-06-28 17:17:56 - [TEST_STEP][NOT_RUN] - executeJavaScript("var previewBar = document.getElementById("preview-bar-iframe"); previewBar.style.display = "none";", []): NOT_RUN: executeJavaScript("var previewBar = document.getElementById("preview-bar-iframe"); previewBar.style.display = "none";", [])

2019-06-28 17:17:56 - [MESSAGE][NOT_RUN] - NOT_RUN: executeJavaScript("var previewBar = document.getElementById("preview-bar-iframe"); previewBar.style.display = "none";", [])

2019-06-28 17:17:56 - [MESSAGE][PASSED] - Call Test Case 'Test Cases/OCS - MOBILE/CALL - PDP' successfully

2019-06-28 17:17:56 - [TEST_STEP][NOT_RUN] - executeJavaScript("var previewBar = document.getElementById("preview-bar-iframe"); previewBar.style.display = "none";", []): NOT_RUN: executeJavaScript("var previewBar = document.getElementById("preview-bar-iframe"); previewBar.style.display = "none";", [])

2019-06-28 17:17:56 - [MESSAGE][NOT_RUN] - NOT_RUN: executeJavaScript("var previewBar = document.getElementById("preview-bar-iframe"); previewBar.style.display = "none";", [])

2019-06-28 17:17:56 - [TEST_STEP][NOT_RUN] - scrollToElement(findTestObject("OCS-MOBILE /Product page/Product image"), 1): NOT_RUN: scrollToElement(findTestObject("OCS-MOBILE /Product page/Product image"), 1)

2019-06-28 17:17:56 - [MESSAGE][NOT_RUN] - NOT_RUN: scrollToElement(findTestObject("OCS-MOBILE /Product page/Product image"), 1)

2019-06-28 17:17:56 - [TEST_STEP][PASSED] - delay(2): Delayed 2 second(s)

2019-06-28 17:17:58 - [MESSAGE][PASSED] - Delayed 2 second(s)

2019-06-28 17:17:58 - [TEST_STEP][PASSED] - click(findTestObject("OCS-MOBILE /Product page/Swatch_1g")): Object: 'Object Repository/OCS-MOBILE /Product page/Swatch_1g' is clicked on

2019-06-28 17:17:58 - [MESSAGE][PASSED] - Object: 'Object Repository/OCS-MOBILE /Product page/Swatch_1g' is clicked on

2019-06-28 17:17:58 - [TEST_STEP][PASSED] - scrollToElement(findTestObject("OCS-MOBILE /Product page/Swatch_3.5g"), 1): Scroll to object 'Object Repository/OCS-MOBILE /Product page/Swatch_3.5g' successfully

2019-06-28 17:17:58 - [MESSAGE][PASSED] - Scroll to object 'Object Repository/OCS-MOBILE /Product page/Swatch_3.5g' successfully

2019-06-28 17:17:58 - [TEST_STEP][PASSED] - delay(2): Delayed 2 second(s)

2019-06-28 17:18:00 - [MESSAGE][PASSED] - Delayed 2 second(s)

2019-06-28 17:18:00 - [TEST_STEP][PASSED] - click(findTestObject("OCS-MOBILE /Product page/Add to Bag-button")): Object: 'Object Repository/OCS-MOBILE /Product page/Add to Bag-button' is clicked on

2019-06-28 17:18:00 - [MESSAGE][PASSED] - Object: 'Object Repository/OCS-MOBILE /Product page/Add to Bag-button' is clicked on

2019-06-28 17:18:00 - [TEST_STEP][PASSED] - delay(1): Delayed 1 second(s)

2019-06-28 17:18:01 - [MESSAGE][PASSED] - Delayed 1 second(s)

2019-06-28 17:18:01 - [TEST_STEP][NOT_RUN] - click(findTestObject("OCS-MOBILE /Home - page/Cart icon -bag")): NOT_RUN: click(findTestObject("OCS-MOBILE /Home - page/Cart icon -bag"))

2019-06-28 17:18:01 - [MESSAGE][NOT_RUN] - NOT_RUN: click(findTestObject("OCS-MOBILE /Home - page/Cart icon -bag"))

2019-06-28 17:18:01 - [TEST_STEP][PASSED] - delay(1): Delayed 1 second(s)

2019-06-28 17:18:02 - [MESSAGE][PASSED] - Delayed 1 second(s)

2019-06-28 17:18:02 - [TEST_STEP][PASSED] - verifyElementPresent(findTestObject("OCS-MOBILE /Cart flyout/Cart - 1st item"), 2): Object 'Object Repository/OCS-MOBILE /Cart flyout/Cart - 1st item' is present

2019-06-28 17:18:02 - [MESSAGE][PASSED] - Object 'Object Repository/OCS-MOBILE /Cart flyout/Cart - 1st item' is present

2019-06-28 17:18:02 - [TEST_STEP][PASSED] - delay(1): Delayed 1 second(s)

2019-06-28 17:18:03 - [MESSAGE][PASSED] - Delayed 1 second(s)

2019-06-28 17:18:03 - [TEST_STEP][PASSED] - click(findTestObject("OCS-MOBILE /Cart flyout/Back icon")): Object: 'Object Repository/OCS-MOBILE /Cart flyout/Back icon' is clicked on

2019-06-28 17:18:03 - [MESSAGE][PASSED] - Object: 'Object Repository/OCS-MOBILE /Cart flyout/Back icon' is clicked on

2019-06-28 17:18:03 - [TEST_STEP][PASSED] - closeBrowser(): Browser is closed

2019-06-28 17:18:03 - [MESSAGE][PASSED] - Browser is closed]]></system-out>
         <system-err><![CDATA[]]></system-err>
      </testcase>
      <testcase name="Test Cases/OCS - MOBILE/OCS- PRODUCT PAGE/Shop all of our products" classname="Test Cases/OCS - MOBILE/OCS- PRODUCT PAGE/Shop all of our products" status="PASSED">
         <system-out><![CDATA[2019-06-28 17:18:03 - [TEST_CASE][PASSED] - Test Cases/OCS - MOBILE/OCS- PRODUCT PAGE/Shop all of our products: Test Cases/OCS - MOBILE/OCS- PRODUCT PAGE/Shop all of our products

2019-06-28 17:18:03 - [TEST_STEP][PASSED] - callTestCase(findTestCase("OCS - MOBILE/CALL - PDP"), [:], STOP_ON_FAILURE): Call Test Case 'Test Cases/OCS - MOBILE/CALL - PDP' successfully

2019-06-28 17:18:03 - [TEST_CASE][PASSED] - Test Cases/OCS - MOBILE/CALL - PDP: Test Cases/OCS - MOBILE/CALL - PDP

2019-06-28 17:18:03 - [TEST_STEP][PASSED] - openBrowser(""): Browser is opened with url: ''

2019-06-28 17:18:03 - [MESSAGE][INFO] - Starting 'Safari' driver

2019-06-28 17:18:04 - [MESSAGE][PASSED] - Browser is opened with url: ''

2019-06-28 17:18:04 - [TEST_STEP][PASSED] - navigateToUrl("ocs.ca"): Navigate to 'http://ocs.ca' successfully

2019-06-28 17:18:06 - [MESSAGE][PASSED] - Navigate to 'http://ocs.ca' successfully

2019-06-28 17:18:06 - [TEST_STEP][NOT_RUN] - executeJavaScript("var previewBar = document.getElementById("preview-bar-iframe"); previewBar.style.display = "none";", []): NOT_RUN: executeJavaScript("var previewBar = document.getElementById("preview-bar-iframe"); previewBar.style.display = "none";", [])

2019-06-28 17:18:06 - [MESSAGE][NOT_RUN] - NOT_RUN: executeJavaScript("var previewBar = document.getElementById("preview-bar-iframe"); previewBar.style.display = "none";", [])

2019-06-28 17:18:06 - [TEST_STEP][PASSED] - setViewPortSize(360, 800): Viewport is set to new size with width = 360 and height = 800

2019-06-28 17:18:07 - [MESSAGE][PASSED] - Viewport is set to new size with width = 360 and height = 800

2019-06-28 17:18:07 - [TEST_STEP][PASSED] - delay(4): Delayed 4 second(s)

2019-06-28 17:18:11 - [MESSAGE][PASSED] - Delayed 4 second(s)

2019-06-28 17:18:11 - [TEST_STEP][PASSED] - selectOptionByValue(findTestObject("OCS-MOBILE /Age gate and burger menu/Date"), "12", true): All options with value '12' are selected in object 'Object Repository/OCS-MOBILE /Age gate and burger menu/Date'  using regular expression

2019-06-28 17:18:11 - [MESSAGE][PASSED] - All options with value '12' are selected in object 'Object Repository/OCS-MOBILE /Age gate and burger menu/Date'  using regular expression

2019-06-28 17:18:11 - [TEST_STEP][PASSED] - selectOptionByValue(findTestObject("OCS-MOBILE /Age gate and burger menu/month"), "6", true): All options with value '6' are selected in object 'Object Repository/OCS-MOBILE /Age gate and burger menu/month'  using regular expression

2019-06-28 17:18:12 - [MESSAGE][PASSED] - All options with value '6' are selected in object 'Object Repository/OCS-MOBILE /Age gate and burger menu/month'  using regular expression

2019-06-28 17:18:12 - [TEST_STEP][PASSED] - delay(2): Delayed 2 second(s)

2019-06-28 17:18:14 - [MESSAGE][PASSED] - Delayed 2 second(s)

2019-06-28 17:18:14 - [TEST_STEP][PASSED] - selectOptionByValue(findTestObject("OCS-MOBILE /Age gate and burger menu/Year Dropdown"), "1990", true): All options with value '1990' are selected in object 'Object Repository/OCS-MOBILE /Age gate and burger menu/Year Dropdown'  using regular expression

2019-06-28 17:18:15 - [MESSAGE][PASSED] - All options with value '1990' are selected in object 'Object Repository/OCS-MOBILE /Age gate and burger menu/Year Dropdown'  using regular expression

2019-06-28 17:18:15 - [TEST_STEP][PASSED] - click(findTestObject("OCS-MOBILE /Age gate and Mega menu/button_Verify")): Object: 'Object Repository/OCS-MOBILE /Age gate and Mega menu/button_Verify' is clicked on

2019-06-28 17:18:15 - [MESSAGE][PASSED] - Object: 'Object Repository/OCS-MOBILE /Age gate and Mega menu/button_Verify' is clicked on

2019-06-28 17:18:15 - [TEST_STEP][PASSED] - click(findTestObject("OCS-MOBILE /Age gate and Mega menu/Checkbox_CONFIRM AND ACKNOWLEDGE")): Object: 'Object Repository/OCS-MOBILE /Age gate and Mega menu/Checkbox_CONFIRM AND ACKNOWLEDGE' is clicked on

2019-06-28 17:18:15 - [MESSAGE][PASSED] - Object: 'Object Repository/OCS-MOBILE /Age gate and Mega menu/Checkbox_CONFIRM AND ACKNOWLEDGE' is clicked on

2019-06-28 17:18:15 - [TEST_STEP][PASSED] - click(findTestObject("OCS-MOBILE /Age gate and Mega menu/button_CONFIRM")): Object: 'Object Repository/OCS-MOBILE /Age gate and Mega menu/button_CONFIRM' is clicked on

2019-06-28 17:18:15 - [MESSAGE][PASSED] - Object: 'Object Repository/OCS-MOBILE /Age gate and Mega menu/button_CONFIRM' is clicked on

2019-06-28 17:18:15 - [TEST_STEP][PASSED] - click(findTestObject("OCS-MOBILE /Age gate and Mega menu/button_Start Browsing")): Object: 'Object Repository/OCS-MOBILE /Age gate and Mega menu/button_Start Browsing' is clicked on

2019-06-28 17:18:15 - [MESSAGE][PASSED] - Object: 'Object Repository/OCS-MOBILE /Age gate and Mega menu/button_Start Browsing' is clicked on

2019-06-28 17:18:15 - [TEST_STEP][PASSED] - refresh(): Refresh successfully

2019-06-28 17:18:18 - [MESSAGE][PASSED] - Refresh successfully

2019-06-28 17:18:18 - [TEST_STEP][PASSED] - delay(2): Delayed 2 second(s)

2019-06-28 17:18:20 - [MESSAGE][PASSED] - Delayed 2 second(s)

2019-06-28 17:18:20 - [TEST_STEP][PASSED] - click(findTestObject("OCS-MOBILE /Age gate and burger menu/Burger menu - English")): Object: 'Object Repository/OCS-MOBILE /Age gate and burger menu/Burger menu - English' is clicked on

2019-06-28 17:18:20 - [MESSAGE][PASSED] - Object: 'Object Repository/OCS-MOBILE /Age gate and burger menu/Burger menu - English' is clicked on

2019-06-28 17:18:20 - [TEST_STEP][PASSED] - delay(2): Delayed 2 second(s)

2019-06-28 17:18:22 - [MESSAGE][PASSED] - Delayed 2 second(s)

2019-06-28 17:18:22 - [TEST_STEP][PASSED] - click(findTestObject("OCS-MOBILE /Age gate and burger menu/Chevron_Cannabis")): Object: 'Object Repository/OCS-MOBILE /Age gate and burger menu/Chevron_Cannabis' is clicked on

2019-06-28 17:18:22 - [MESSAGE][PASSED] - Object: 'Object Repository/OCS-MOBILE /Age gate and burger menu/Chevron_Cannabis' is clicked on

2019-06-28 17:18:22 - [TEST_STEP][PASSED] - delay(2): Delayed 2 second(s)

2019-06-28 17:18:24 - [MESSAGE][PASSED] - Delayed 2 second(s)

2019-06-28 17:18:24 - [TEST_STEP][PASSED] - click(findTestObject("OCS-MOBILE /Age gate and burger menu/Dried Flower_Plus icon")): Object: 'Object Repository/OCS-MOBILE /Age gate and burger menu/Dried Flower_Plus icon' is clicked on

2019-06-28 17:18:24 - [MESSAGE][PASSED] - Object: 'Object Repository/OCS-MOBILE /Age gate and burger menu/Dried Flower_Plus icon' is clicked on

2019-06-28 17:18:24 - [TEST_STEP][PASSED] - delay(2): Delayed 2 second(s)

2019-06-28 17:18:26 - [MESSAGE][PASSED] - Delayed 2 second(s)

2019-06-28 17:18:26 - [TEST_STEP][PASSED] - click(findTestObject("OCS-MOBILE /Age gate and burger menu/Indica Dominant_Menu item")): Object: 'Object Repository/OCS-MOBILE /Age gate and burger menu/Indica Dominant_Menu item' is clicked on

2019-06-28 17:18:27 - [MESSAGE][PASSED] - Object: 'Object Repository/OCS-MOBILE /Age gate and burger menu/Indica Dominant_Menu item' is clicked on

2019-06-28 17:18:27 - [TEST_STEP][NOT_RUN] - executeJavaScript("var previewBar = document.getElementById("preview-bar-iframe"); previewBar.style.display = "none";", []): NOT_RUN: executeJavaScript("var previewBar = document.getElementById("preview-bar-iframe"); previewBar.style.display = "none";", [])

2019-06-28 17:18:27 - [MESSAGE][NOT_RUN] - NOT_RUN: executeJavaScript("var previewBar = document.getElementById("preview-bar-iframe"); previewBar.style.display = "none";", [])

2019-06-28 17:18:27 - [TEST_STEP][PASSED] - delay(2): Delayed 2 second(s)

2019-06-28 17:18:29 - [MESSAGE][PASSED] - Delayed 2 second(s)

2019-06-28 17:18:29 - [TEST_STEP][PASSED] - click(findTestObject("OCS-MOBILE /Collection page/Product image - 1st one")): Object: 'Object Repository/OCS-MOBILE /Collection page/Product image - 1st one' is clicked on

2019-06-28 17:18:31 - [MESSAGE][PASSED] - Object: 'Object Repository/OCS-MOBILE /Collection page/Product image - 1st one' is clicked on

2019-06-28 17:18:31 - [TEST_STEP][PASSED] - delay(2): Delayed 2 second(s)

2019-06-28 17:18:33 - [MESSAGE][PASSED] - Delayed 2 second(s)

2019-06-28 17:18:33 - [TEST_STEP][NOT_RUN] - executeJavaScript("var previewBar = document.getElementById("preview-bar-iframe"); previewBar.style.display = "none";", []): NOT_RUN: executeJavaScript("var previewBar = document.getElementById("preview-bar-iframe"); previewBar.style.display = "none";", [])

2019-06-28 17:18:33 - [MESSAGE][NOT_RUN] - NOT_RUN: executeJavaScript("var previewBar = document.getElementById("preview-bar-iframe"); previewBar.style.display = "none";", [])

2019-06-28 17:18:33 - [MESSAGE][PASSED] - Call Test Case 'Test Cases/OCS - MOBILE/CALL - PDP' successfully

2019-06-28 17:18:33 - [TEST_STEP][NOT_RUN] - scrollToElement(findTestObject("OCS-MOBILE /Product page/Recently Viewed/1st Product - Image"), 2): NOT_RUN: scrollToElement(findTestObject("OCS-MOBILE /Product page/Recently Viewed/1st Product - Image"), 2)

2019-06-28 17:18:33 - [MESSAGE][NOT_RUN] - NOT_RUN: scrollToElement(findTestObject("OCS-MOBILE /Product page/Recently Viewed/1st Product - Image"), 2)

2019-06-28 17:18:33 - [TEST_STEP][PASSED] - delay(1, OPTIONAL): Delayed 1 second(s)

2019-06-28 17:18:34 - [MESSAGE][PASSED] - Delayed 1 second(s)

2019-06-28 17:18:34 - [TEST_STEP][PASSED] - click(findTestObject("OCS-MOBILE /Product page/Shop all of our products - Button")): Object: 'Object Repository/OCS-MOBILE /Product page/Shop all of our products - Button' is clicked on

2019-06-28 17:18:36 - [MESSAGE][PASSED] - Object: 'Object Repository/OCS-MOBILE /Product page/Shop all of our products - Button' is clicked on

2019-06-28 17:18:36 - [TEST_STEP][PASSED] - a = getWindowTitle(): Current window's title is: 'All Products | Ontario Cannabis Store'

2019-06-28 17:18:36 - [MESSAGE][PASSED] - Current window's title is: 'All Products | Ontario Cannabis Store'

2019-06-28 17:18:36 - [TEST_STEP][PASSED] - b = "All Products | Ontario Cannabis Store": null

2019-06-28 17:18:36 - [TEST_STEP][PASSED] - comment("WINDOW TITLE: " + a): WINDOW TITLE: All Products | Ontario Cannabis Store

2019-06-28 17:18:36 - [MESSAGE][INFO] - WINDOW TITLE: All Products | Ontario Cannabis Store

2019-06-28 17:18:36 - [TEST_STEP][PASSED] - verifyEqual(a, b): Actual object 'All Products | Ontario Cannabis Store' and expected object 'All Products | Ontario Cannabis Store' are equal

2019-06-28 17:18:36 - [MESSAGE][PASSED] - Actual object 'All Products | Ontario Cannabis Store' and expected object 'All Products | Ontario Cannabis Store' are equal]]></system-out>
         <system-err><![CDATA[]]></system-err>
      </testcase>
      <testcase name="Test Cases/OCS - MOBILE/OCS- PRODUCT PAGE/Tooltip" classname="Test Cases/OCS - MOBILE/OCS- PRODUCT PAGE/Tooltip" status="PASSED">
         <system-out><![CDATA[2019-06-28 17:18:36 - [TEST_CASE][PASSED] - Test Cases/OCS - MOBILE/OCS- PRODUCT PAGE/Tooltip: Test Cases/OCS - MOBILE/OCS- PRODUCT PAGE/Tooltip

2019-06-28 17:18:36 - [TEST_STEP][PASSED] - callTestCase(findTestCase("OCS - MOBILE/CALL - PDP"), [:], STOP_ON_FAILURE): Call Test Case 'Test Cases/OCS - MOBILE/CALL - PDP' successfully

2019-06-28 17:18:36 - [TEST_CASE][PASSED] - Test Cases/OCS - MOBILE/CALL - PDP: Test Cases/OCS - MOBILE/CALL - PDP

2019-06-28 17:18:36 - [TEST_STEP][PASSED] - openBrowser(""): Browser is opened with url: ''

2019-06-28 17:18:36 - [MESSAGE][WARNING] - A browser is already opened. Closing browser and opening a new one

2019-06-28 17:18:36 - [MESSAGE][INFO] - Starting 'Safari' driver

2019-06-28 17:18:37 - [MESSAGE][PASSED] - Browser is opened with url: ''

2019-06-28 17:18:37 - [TEST_STEP][PASSED] - navigateToUrl("ocs.ca"): Navigate to 'http://ocs.ca' successfully

2019-06-28 17:18:39 - [MESSAGE][PASSED] - Navigate to 'http://ocs.ca' successfully

2019-06-28 17:18:39 - [TEST_STEP][NOT_RUN] - executeJavaScript("var previewBar = document.getElementById("preview-bar-iframe"); previewBar.style.display = "none";", []): NOT_RUN: executeJavaScript("var previewBar = document.getElementById("preview-bar-iframe"); previewBar.style.display = "none";", [])

2019-06-28 17:18:39 - [MESSAGE][NOT_RUN] - NOT_RUN: executeJavaScript("var previewBar = document.getElementById("preview-bar-iframe"); previewBar.style.display = "none";", [])

2019-06-28 17:18:39 - [TEST_STEP][PASSED] - setViewPortSize(360, 800): Viewport is set to new size with width = 360 and height = 800

2019-06-28 17:18:39 - [MESSAGE][PASSED] - Viewport is set to new size with width = 360 and height = 800

2019-06-28 17:18:39 - [TEST_STEP][PASSED] - delay(4): Delayed 4 second(s)

2019-06-28 17:18:43 - [MESSAGE][PASSED] - Delayed 4 second(s)

2019-06-28 17:18:43 - [TEST_STEP][PASSED] - selectOptionByValue(findTestObject("OCS-MOBILE /Age gate and burger menu/Date"), "12", true): All options with value '12' are selected in object 'Object Repository/OCS-MOBILE /Age gate and burger menu/Date'  using regular expression

2019-06-28 17:18:43 - [MESSAGE][PASSED] - All options with value '12' are selected in object 'Object Repository/OCS-MOBILE /Age gate and burger menu/Date'  using regular expression

2019-06-28 17:18:43 - [TEST_STEP][PASSED] - selectOptionByValue(findTestObject("OCS-MOBILE /Age gate and burger menu/month"), "6", true): All options with value '6' are selected in object 'Object Repository/OCS-MOBILE /Age gate and burger menu/month'  using regular expression

2019-06-28 17:18:43 - [MESSAGE][PASSED] - All options with value '6' are selected in object 'Object Repository/OCS-MOBILE /Age gate and burger menu/month'  using regular expression

2019-06-28 17:18:43 - [TEST_STEP][PASSED] - delay(2): Delayed 2 second(s)

2019-06-28 17:18:45 - [MESSAGE][PASSED] - Delayed 2 second(s)

2019-06-28 17:18:45 - [TEST_STEP][PASSED] - selectOptionByValue(findTestObject("OCS-MOBILE /Age gate and burger menu/Year Dropdown"), "1990", true): All options with value '1990' are selected in object 'Object Repository/OCS-MOBILE /Age gate and burger menu/Year Dropdown'  using regular expression

2019-06-28 17:18:47 - [MESSAGE][PASSED] - All options with value '1990' are selected in object 'Object Repository/OCS-MOBILE /Age gate and burger menu/Year Dropdown'  using regular expression

2019-06-28 17:18:47 - [TEST_STEP][PASSED] - click(findTestObject("OCS-MOBILE /Age gate and Mega menu/button_Verify")): Object: 'Object Repository/OCS-MOBILE /Age gate and Mega menu/button_Verify' is clicked on

2019-06-28 17:18:47 - [MESSAGE][PASSED] - Object: 'Object Repository/OCS-MOBILE /Age gate and Mega menu/button_Verify' is clicked on

2019-06-28 17:18:47 - [TEST_STEP][PASSED] - click(findTestObject("OCS-MOBILE /Age gate and Mega menu/Checkbox_CONFIRM AND ACKNOWLEDGE")): Object: 'Object Repository/OCS-MOBILE /Age gate and Mega menu/Checkbox_CONFIRM AND ACKNOWLEDGE' is clicked on

2019-06-28 17:18:47 - [MESSAGE][PASSED] - Object: 'Object Repository/OCS-MOBILE /Age gate and Mega menu/Checkbox_CONFIRM AND ACKNOWLEDGE' is clicked on

2019-06-28 17:18:47 - [TEST_STEP][PASSED] - click(findTestObject("OCS-MOBILE /Age gate and Mega menu/button_CONFIRM")): Object: 'Object Repository/OCS-MOBILE /Age gate and Mega menu/button_CONFIRM' is clicked on

2019-06-28 17:18:47 - [MESSAGE][PASSED] - Object: 'Object Repository/OCS-MOBILE /Age gate and Mega menu/button_CONFIRM' is clicked on

2019-06-28 17:18:47 - [TEST_STEP][PASSED] - click(findTestObject("OCS-MOBILE /Age gate and Mega menu/button_Start Browsing")): Object: 'Object Repository/OCS-MOBILE /Age gate and Mega menu/button_Start Browsing' is clicked on

2019-06-28 17:18:47 - [MESSAGE][PASSED] - Object: 'Object Repository/OCS-MOBILE /Age gate and Mega menu/button_Start Browsing' is clicked on

2019-06-28 17:18:47 - [TEST_STEP][PASSED] - refresh(): Refresh successfully

2019-06-28 17:18:49 - [MESSAGE][PASSED] - Refresh successfully

2019-06-28 17:18:49 - [TEST_STEP][PASSED] - delay(2): Delayed 2 second(s)

2019-06-28 17:18:51 - [MESSAGE][PASSED] - Delayed 2 second(s)

2019-06-28 17:18:51 - [TEST_STEP][PASSED] - click(findTestObject("OCS-MOBILE /Age gate and burger menu/Burger menu - English")): Object: 'Object Repository/OCS-MOBILE /Age gate and burger menu/Burger menu - English' is clicked on

2019-06-28 17:18:51 - [MESSAGE][PASSED] - Object: 'Object Repository/OCS-MOBILE /Age gate and burger menu/Burger menu - English' is clicked on

2019-06-28 17:18:51 - [TEST_STEP][PASSED] - delay(2): Delayed 2 second(s)

2019-06-28 17:18:53 - [MESSAGE][PASSED] - Delayed 2 second(s)

2019-06-28 17:18:53 - [TEST_STEP][PASSED] - click(findTestObject("OCS-MOBILE /Age gate and burger menu/Chevron_Cannabis")): Object: 'Object Repository/OCS-MOBILE /Age gate and burger menu/Chevron_Cannabis' is clicked on

2019-06-28 17:18:54 - [MESSAGE][PASSED] - Object: 'Object Repository/OCS-MOBILE /Age gate and burger menu/Chevron_Cannabis' is clicked on

2019-06-28 17:18:54 - [TEST_STEP][PASSED] - delay(2): Delayed 2 second(s)

2019-06-28 17:18:56 - [MESSAGE][PASSED] - Delayed 2 second(s)

2019-06-28 17:18:56 - [TEST_STEP][PASSED] - click(findTestObject("OCS-MOBILE /Age gate and burger menu/Dried Flower_Plus icon")): Object: 'Object Repository/OCS-MOBILE /Age gate and burger menu/Dried Flower_Plus icon' is clicked on

2019-06-28 17:18:56 - [MESSAGE][PASSED] - Object: 'Object Repository/OCS-MOBILE /Age gate and burger menu/Dried Flower_Plus icon' is clicked on

2019-06-28 17:18:56 - [TEST_STEP][PASSED] - delay(2): Delayed 2 second(s)

2019-06-28 17:18:58 - [MESSAGE][PASSED] - Delayed 2 second(s)

2019-06-28 17:18:58 - [TEST_STEP][PASSED] - click(findTestObject("OCS-MOBILE /Age gate and burger menu/Indica Dominant_Menu item")): Object: 'Object Repository/OCS-MOBILE /Age gate and burger menu/Indica Dominant_Menu item' is clicked on

2019-06-28 17:18:58 - [MESSAGE][PASSED] - Object: 'Object Repository/OCS-MOBILE /Age gate and burger menu/Indica Dominant_Menu item' is clicked on

2019-06-28 17:18:58 - [TEST_STEP][NOT_RUN] - executeJavaScript("var previewBar = document.getElementById("preview-bar-iframe"); previewBar.style.display = "none";", []): NOT_RUN: executeJavaScript("var previewBar = document.getElementById("preview-bar-iframe"); previewBar.style.display = "none";", [])

2019-06-28 17:18:58 - [MESSAGE][NOT_RUN] - NOT_RUN: executeJavaScript("var previewBar = document.getElementById("preview-bar-iframe"); previewBar.style.display = "none";", [])

2019-06-28 17:18:58 - [TEST_STEP][PASSED] - delay(2): Delayed 2 second(s)

2019-06-28 17:19:00 - [MESSAGE][PASSED] - Delayed 2 second(s)

2019-06-28 17:19:00 - [TEST_STEP][PASSED] - click(findTestObject("OCS-MOBILE /Collection page/Product image - 1st one")): Object: 'Object Repository/OCS-MOBILE /Collection page/Product image - 1st one' is clicked on

2019-06-28 17:19:04 - [MESSAGE][PASSED] - Object: 'Object Repository/OCS-MOBILE /Collection page/Product image - 1st one' is clicked on

2019-06-28 17:19:04 - [TEST_STEP][PASSED] - delay(2): Delayed 2 second(s)

2019-06-28 17:19:06 - [MESSAGE][PASSED] - Delayed 2 second(s)

2019-06-28 17:19:06 - [TEST_STEP][NOT_RUN] - executeJavaScript("var previewBar = document.getElementById("preview-bar-iframe"); previewBar.style.display = "none";", []): NOT_RUN: executeJavaScript("var previewBar = document.getElementById("preview-bar-iframe"); previewBar.style.display = "none";", [])

2019-06-28 17:19:06 - [MESSAGE][NOT_RUN] - NOT_RUN: executeJavaScript("var previewBar = document.getElementById("preview-bar-iframe"); previewBar.style.display = "none";", [])

2019-06-28 17:19:06 - [MESSAGE][PASSED] - Call Test Case 'Test Cases/OCS - MOBILE/CALL - PDP' successfully

2019-06-28 17:19:06 - [TEST_STEP][PASSED] - click(findTestObject("OCS-MOBILE /Product page/Tooltips/THC - Tooltip")): Object: 'Object Repository/OCS-MOBILE /Product page/Tooltips/THC - Tooltip' is clicked on

2019-06-28 17:19:06 - [MESSAGE][PASSED] - Object: 'Object Repository/OCS-MOBILE /Product page/Tooltips/THC - Tooltip' is clicked on

2019-06-28 17:19:06 - [TEST_STEP][PASSED] - takeScreenshot(): Taking screenshot successfully

2019-06-28 17:19:06 - [MESSAGE][PASSED] - Taking screenshot successfully
[[ATTACHMENT|/Users/sumankompelly/Relative xpath-Mobile/Reports/Live site/20190628_163954/1561756746561.png]]

2019-06-28 17:19:06 - [TEST_STEP][PASSED] - delay(2): Delayed 2 second(s)

2019-06-28 17:19:08 - [MESSAGE][PASSED] - Delayed 2 second(s)

2019-06-28 17:19:08 - [TEST_STEP][PASSED] - click(findTestObject("OCS-MOBILE /Product page/Tooltips/CBD - Tooltip")): Object: 'Object Repository/OCS-MOBILE /Product page/Tooltips/CBD - Tooltip' is clicked on

2019-06-28 17:19:08 - [MESSAGE][PASSED] - Object: 'Object Repository/OCS-MOBILE /Product page/Tooltips/CBD - Tooltip' is clicked on

2019-06-28 17:19:08 - [TEST_STEP][PASSED] - takeScreenshot(): Taking screenshot successfully

2019-06-28 17:19:08 - [MESSAGE][PASSED] - Taking screenshot successfully
[[ATTACHMENT|/Users/sumankompelly/Relative xpath-Mobile/Reports/Live site/20190628_163954/1561756748684.png]]

2019-06-28 17:19:08 - [TEST_STEP][PASSED] - delay(2): Delayed 2 second(s)

2019-06-28 17:19:10 - [MESSAGE][PASSED] - Delayed 2 second(s)

2019-06-28 17:19:10 - [TEST_STEP][PASSED] - click(findTestObject("OCS-MOBILE /Product page/Tooltips/Plant type - Tooltip")): Object: 'Object Repository/OCS-MOBILE /Product page/Tooltips/Plant type - Tooltip' is clicked on

2019-06-28 17:19:10 - [MESSAGE][PASSED] - Object: 'Object Repository/OCS-MOBILE /Product page/Tooltips/Plant type - Tooltip' is clicked on

2019-06-28 17:19:10 - [TEST_STEP][PASSED] - takeScreenshot(): Taking screenshot successfully

2019-06-28 17:19:10 - [MESSAGE][PASSED] - Taking screenshot successfully
[[ATTACHMENT|/Users/sumankompelly/Relative xpath-Mobile/Reports/Live site/20190628_163954/1561756750802.png]]

2019-06-28 17:19:10 - [TEST_STEP][PASSED] - delay(2): Delayed 2 second(s)

2019-06-28 17:19:12 - [MESSAGE][PASSED] - Delayed 2 second(s)

2019-06-28 17:19:12 - [TEST_STEP][PASSED] - click(findTestObject("OCS-MOBILE /Product page/Tooltips/Terpenes - Tooltip")): Object: 'Object Repository/OCS-MOBILE /Product page/Tooltips/Terpenes - Tooltip' is clicked on

2019-06-28 17:19:12 - [MESSAGE][PASSED] - Object: 'Object Repository/OCS-MOBILE /Product page/Tooltips/Terpenes - Tooltip' is clicked on

2019-06-28 17:19:12 - [TEST_STEP][PASSED] - takeScreenshot(): Taking screenshot successfully

2019-06-28 17:19:12 - [MESSAGE][PASSED] - Taking screenshot successfully
[[ATTACHMENT|/Users/sumankompelly/Relative xpath-Mobile/Reports/Live site/20190628_163954/1561756752909.png]]

2019-06-28 17:19:12 - [TEST_STEP][PASSED] - delay(2): Delayed 2 second(s)

2019-06-28 17:19:14 - [MESSAGE][PASSED] - Delayed 2 second(s)

2019-06-28 17:19:14 - [TEST_STEP][PASSED] - scrollToElement(findTestObject("OCS-MOBILE /Product page/About Product - Section"), 0): Scroll to object 'Object Repository/OCS-MOBILE /Product page/About Product - Section' successfully

2019-06-28 17:19:14 - [MESSAGE][WARNING] - Timeout '0' is invalid. Using default page load timeout: '30'

2019-06-28 17:19:15 - [MESSAGE][PASSED] - Scroll to object 'Object Repository/OCS-MOBILE /Product page/About Product - Section' successfully

2019-06-28 17:19:15 - [TEST_STEP][PASSED] - click(findTestObject("OCS-MOBILE /Product page/Tooltips/THC - Tooltip - About this product")): Object: 'Object Repository/OCS-MOBILE /Product page/Tooltips/THC - Tooltip - About this product' is clicked on

2019-06-28 17:19:15 - [MESSAGE][PASSED] - Object: 'Object Repository/OCS-MOBILE /Product page/Tooltips/THC - Tooltip - About this product' is clicked on

2019-06-28 17:19:15 - [TEST_STEP][PASSED] - delay(1): Delayed 1 second(s)

2019-06-28 17:19:16 - [MESSAGE][PASSED] - Delayed 1 second(s)

2019-06-28 17:19:16 - [TEST_STEP][PASSED] - takeScreenshot(): Taking screenshot successfully

2019-06-28 17:19:16 - [MESSAGE][PASSED] - Taking screenshot successfully
[[ATTACHMENT|/Users/sumankompelly/Relative xpath-Mobile/Reports/Live site/20190628_163954/1561756756093.png]]

2019-06-28 17:19:16 - [TEST_STEP][PASSED] - delay(1): Delayed 1 second(s)

2019-06-28 17:19:17 - [MESSAGE][PASSED] - Delayed 1 second(s)

2019-06-28 17:19:17 - [TEST_STEP][PASSED] - click(findTestObject("OCS-MOBILE /Product page/Tooltips/Close - Tooltip - THC")): Object: 'Object Repository/OCS-MOBILE /Product page/Tooltips/Close - Tooltip - THC' is clicked on

2019-06-28 17:19:17 - [MESSAGE][PASSED] - Object: 'Object Repository/OCS-MOBILE /Product page/Tooltips/Close - Tooltip - THC' is clicked on

2019-06-28 17:19:17 - [TEST_STEP][PASSED] - delay(1): Delayed 1 second(s)

2019-06-28 17:19:18 - [MESSAGE][PASSED] - Delayed 1 second(s)

2019-06-28 17:19:18 - [TEST_STEP][PASSED] - click(findTestObject("OCS-MOBILE /Product page/Tooltips/CBD - Tooltip - About this product")): Object: 'Object Repository/OCS-MOBILE /Product page/Tooltips/CBD - Tooltip - About this product' is clicked on

2019-06-28 17:19:18 - [MESSAGE][PASSED] - Object: 'Object Repository/OCS-MOBILE /Product page/Tooltips/CBD - Tooltip - About this product' is clicked on

2019-06-28 17:19:18 - [TEST_STEP][PASSED] - delay(1): Delayed 1 second(s)

2019-06-28 17:19:19 - [MESSAGE][PASSED] - Delayed 1 second(s)

2019-06-28 17:19:19 - [TEST_STEP][PASSED] - takeScreenshot(): Taking screenshot successfully

2019-06-28 17:19:19 - [MESSAGE][PASSED] - Taking screenshot successfully
[[ATTACHMENT|/Users/sumankompelly/Relative xpath-Mobile/Reports/Live site/20190628_163954/1561756759283.png]]

2019-06-28 17:19:19 - [TEST_STEP][PASSED] - delay(1): Delayed 1 second(s)

2019-06-28 17:19:20 - [MESSAGE][PASSED] - Delayed 1 second(s)

2019-06-28 17:19:20 - [TEST_STEP][PASSED] - click(findTestObject("OCS-MOBILE /Product page/Tooltips/Close - Tooltip - CBD")): Object: 'Object Repository/OCS-MOBILE /Product page/Tooltips/Close - Tooltip - CBD' is clicked on

2019-06-28 17:19:20 - [MESSAGE][PASSED] - Object: 'Object Repository/OCS-MOBILE /Product page/Tooltips/Close - Tooltip - CBD' is clicked on

2019-06-28 17:19:20 - [TEST_STEP][PASSED] - delay(1): Delayed 1 second(s)

2019-06-28 17:19:21 - [MESSAGE][PASSED] - Delayed 1 second(s)

2019-06-28 17:19:21 - [TEST_STEP][PASSED] - click(findTestObject("OCS-MOBILE /Product page/Tooltips/Plant type - Tooltip - About this product")): Object: 'Object Repository/OCS-MOBILE /Product page/Tooltips/Plant type - Tooltip - About this product' is clicked on

2019-06-28 17:19:21 - [MESSAGE][PASSED] - Object: 'Object Repository/OCS-MOBILE /Product page/Tooltips/Plant type - Tooltip - About this product' is clicked on

2019-06-28 17:19:21 - [TEST_STEP][PASSED] - delay(1): Delayed 1 second(s)

2019-06-28 17:19:22 - [MESSAGE][PASSED] - Delayed 1 second(s)

2019-06-28 17:19:22 - [TEST_STEP][PASSED] - takeScreenshot(): Taking screenshot successfully

2019-06-28 17:19:22 - [MESSAGE][PASSED] - Taking screenshot successfully
[[ATTACHMENT|/Users/sumankompelly/Relative xpath-Mobile/Reports/Live site/20190628_163954/1561756762432.png]]

2019-06-28 17:19:22 - [TEST_STEP][PASSED] - delay(1): Delayed 1 second(s)

2019-06-28 17:19:23 - [MESSAGE][PASSED] - Delayed 1 second(s)

2019-06-28 17:19:23 - [TEST_STEP][PASSED] - click(findTestObject("OCS-MOBILE /Product page/Tooltips/Close - Tooltip - Plant")): Object: 'Object Repository/OCS-MOBILE /Product page/Tooltips/Close - Tooltip - Plant' is clicked on

2019-06-28 17:19:23 - [MESSAGE][PASSED] - Object: 'Object Repository/OCS-MOBILE /Product page/Tooltips/Close - Tooltip - Plant' is clicked on

2019-06-28 17:19:23 - [TEST_STEP][PASSED] - delay(1): Delayed 1 second(s)

2019-06-28 17:19:24 - [MESSAGE][PASSED] - Delayed 1 second(s)

2019-06-28 17:19:24 - [TEST_STEP][PASSED] - click(findTestObject("OCS-MOBILE /Product page/Tooltips/Terpenes - Tooltip - About this product")): Object: 'Object Repository/OCS-MOBILE /Product page/Tooltips/Terpenes - Tooltip - About this product' is clicked on

2019-06-28 17:19:24 - [MESSAGE][PASSED] - Object: 'Object Repository/OCS-MOBILE /Product page/Tooltips/Terpenes - Tooltip - About this product' is clicked on

2019-06-28 17:19:24 - [TEST_STEP][PASSED] - delay(1): Delayed 1 second(s)

2019-06-28 17:19:25 - [MESSAGE][PASSED] - Delayed 1 second(s)

2019-06-28 17:19:25 - [TEST_STEP][PASSED] - takeScreenshot(): Taking screenshot successfully

2019-06-28 17:19:25 - [MESSAGE][PASSED] - Taking screenshot successfully
[[ATTACHMENT|/Users/sumankompelly/Relative xpath-Mobile/Reports/Live site/20190628_163954/1561756765855.png]]

2019-06-28 17:19:25 - [TEST_STEP][PASSED] - delay(1): Delayed 1 second(s)

2019-06-28 17:19:26 - [MESSAGE][PASSED] - Delayed 1 second(s)

2019-06-28 17:19:26 - [TEST_STEP][PASSED] - click(findTestObject("OCS-MOBILE /Product page/Tooltips/Close - Tooltip - Terepenes")): Object: 'Object Repository/OCS-MOBILE /Product page/Tooltips/Close - Tooltip - Terepenes' is clicked on

2019-06-28 17:19:27 - [MESSAGE][PASSED] - Object: 'Object Repository/OCS-MOBILE /Product page/Tooltips/Close - Tooltip - Terepenes' is clicked on

2019-06-28 17:19:27 - [TEST_STEP][PASSED] - delay(1): Delayed 1 second(s)

2019-06-28 17:19:28 - [MESSAGE][PASSED] - Delayed 1 second(s)

2019-06-28 17:19:28 - [TEST_STEP][PASSED] - click(findTestObject("OCS-MOBILE /Product page/Tooltips/GTIN - Tooltip - About this product")): Object: 'Object Repository/OCS-MOBILE /Product page/Tooltips/GTIN - Tooltip - About this product' is clicked on

2019-06-28 17:19:28 - [MESSAGE][PASSED] - Object: 'Object Repository/OCS-MOBILE /Product page/Tooltips/GTIN - Tooltip - About this product' is clicked on

2019-06-28 17:19:28 - [TEST_STEP][PASSED] - delay(1): Delayed 1 second(s)

2019-06-28 17:19:29 - [MESSAGE][PASSED] - Delayed 1 second(s)

2019-06-28 17:19:29 - [TEST_STEP][PASSED] - takeScreenshot(): Taking screenshot successfully

2019-06-28 17:19:29 - [MESSAGE][PASSED] - Taking screenshot successfully
[[ATTACHMENT|/Users/sumankompelly/Relative xpath-Mobile/Reports/Live site/20190628_163954/1561756769102.png]]

2019-06-28 17:19:29 - [TEST_STEP][PASSED] - delay(1): Delayed 1 second(s)

2019-06-28 17:19:30 - [MESSAGE][PASSED] - Delayed 1 second(s)

2019-06-28 17:19:30 - [TEST_STEP][PASSED] - click(findTestObject("OCS-MOBILE /Product page/Tooltips/Close - Tooltip - GTIN")): Object: 'Object Repository/OCS-MOBILE /Product page/Tooltips/Close - Tooltip - GTIN' is clicked on

2019-06-28 17:19:30 - [MESSAGE][PASSED] - Object: 'Object Repository/OCS-MOBILE /Product page/Tooltips/Close - Tooltip - GTIN' is clicked on

2019-06-28 17:19:30 - [TEST_STEP][PASSED] - delay(1): Delayed 1 second(s)

2019-06-28 17:19:31 - [MESSAGE][PASSED] - Delayed 1 second(s)]]></system-out>
         <system-err><![CDATA[]]></system-err>
      </testcase>
      <testcase name="Test Cases/OCS - MOBILE/OCS- PRODUCT PAGE/Show all accessories" classname="Test Cases/OCS - MOBILE/OCS- PRODUCT PAGE/Show all accessories" status="FAILED">
         <failure type="FAILED" message="Test Cases/OCS - MOBILE/OCS- PRODUCT PAGE/Show all accessories FAILED.
Reason:
com.kms.katalon.core.exception.StepFailedException: Unable to verify equal between actual object 'Dreamweaver | Ontario Cannabis Store' and expected object 'All Products | Ontario Cannabis Store' (Root cause: com.kms.katalon.core.exception.StepFailedException: Actual object 'Dreamweaver | Ontario Cannabis Store' and expected object 'All Products | Ontario Cannabis Store' are not equal)
	at com.kms.katalon.core.keyword.internal.KeywordMain.stepFailed(KeywordMain.groovy:36)
	at com.kms.katalon.core.keyword.internal.KeywordMain.stepFailed(KeywordMain.groovy)
	at com.kms.katalon.core.keyword.internal.KeywordMain.runKeyword(KeywordMain.groovy:56)
	at com.kms.katalon.core.keyword.builtin.VerifyEqualKeyword.verifyEqual(VerifyEqualKeyword.groovy:63)
	at com.kms.katalon.core.keyword.builtin.VerifyEqualKeyword.execute(VerifyEqualKeyword.groovy:44)
	at com.kms.katalon.core.keyword.internal.KeywordExecutor.executeKeywordForPlatform(KeywordExecutor.groovy:53)
	at com.kms.katalon.core.keyword.BuiltinKeywords.verifyEqual(BuiltinKeywords.groovy:141)
	at Show all accessories.run(Show all accessories:30)
	at com.kms.katalon.core.main.ScriptEngine.run(ScriptEngine.java:194)
	at com.kms.katalon.core.main.ScriptEngine.runScriptAsRawText(ScriptEngine.java:119)
	at com.kms.katalon.core.main.TestCaseExecutor.runScript(TestCaseExecutor.java:328)
	at com.kms.katalon.core.main.TestCaseExecutor.doExecute(TestCaseExecutor.java:319)
	at com.kms.katalon.core.main.TestCaseExecutor.processExecutionPhase(TestCaseExecutor.java:298)
	at com.kms.katalon.core.main.TestCaseExecutor.accessMainPhase(TestCaseExecutor.java:290)
	at com.kms.katalon.core.main.TestCaseExecutor.execute(TestCaseExecutor.java:224)
	at com.kms.katalon.core.main.TestSuiteExecutor.accessTestCaseMainPhase(TestSuiteExecutor.java:129)
	at com.kms.katalon.core.main.TestSuiteExecutor.accessTestSuiteMainPhase(TestSuiteExecutor.java:112)
	at com.kms.katalon.core.main.TestSuiteExecutor.execute(TestSuiteExecutor.java:81)
	at com.kms.katalon.core.main.TestCaseMain.startTestSuite(TestCaseMain.java:149)
	at com.kms.katalon.core.main.TestCaseMain$startTestSuite$0.call(Unknown Source)
	at TempTestSuite1561754394056.run(TempTestSuite1561754394056.groovy:36)
"/>
         <system-out><![CDATA[2019-06-28 17:19:31 - [TEST_CASE][FAILED] - Test Cases/OCS - MOBILE/OCS- PRODUCT PAGE/Show all accessories: Test Cases/OCS - MOBILE/OCS- PRODUCT PAGE/Show all accessories FAILED.
Reason:
com.kms.katalon.core.exception.StepFailedException: Unable to verify equal between actual object 'Dreamweaver | Ontario Cannabis Store' and expected object 'All Products | Ontario Cannabis Store' (Root cause: com.kms.katalon.core.exception.StepFailedException: Actual object 'Dreamweaver | Ontario Cannabis Store' and expected object 'All Products | Ontario Cannabis Store' are not equal)
	at com.kms.katalon.core.keyword.internal.KeywordMain.stepFailed(KeywordMain.groovy:36)
	at com.kms.katalon.core.keyword.internal.KeywordMain.stepFailed(KeywordMain.groovy)
	at com.kms.katalon.core.keyword.internal.KeywordMain.runKeyword(KeywordMain.groovy:56)
	at com.kms.katalon.core.keyword.builtin.VerifyEqualKeyword.verifyEqual(VerifyEqualKeyword.groovy:63)
	at com.kms.katalon.core.keyword.builtin.VerifyEqualKeyword.execute(VerifyEqualKeyword.groovy:44)
	at com.kms.katalon.core.keyword.internal.KeywordExecutor.executeKeywordForPlatform(KeywordExecutor.groovy:53)
	at com.kms.katalon.core.keyword.BuiltinKeywords.verifyEqual(BuiltinKeywords.groovy:141)
	at Show all accessories.run(Show all accessories:30)
	at com.kms.katalon.core.main.ScriptEngine.run(ScriptEngine.java:194)
	at com.kms.katalon.core.main.ScriptEngine.runScriptAsRawText(ScriptEngine.java:119)
	at com.kms.katalon.core.main.TestCaseExecutor.runScript(TestCaseExecutor.java:328)
	at com.kms.katalon.core.main.TestCaseExecutor.doExecute(TestCaseExecutor.java:319)
	at com.kms.katalon.core.main.TestCaseExecutor.processExecutionPhase(TestCaseExecutor.java:298)
	at com.kms.katalon.core.main.TestCaseExecutor.accessMainPhase(TestCaseExecutor.java:290)
	at com.kms.katalon.core.main.TestCaseExecutor.execute(TestCaseExecutor.java:224)
	at com.kms.katalon.core.main.TestSuiteExecutor.accessTestCaseMainPhase(TestSuiteExecutor.java:129)
	at com.kms.katalon.core.main.TestSuiteExecutor.accessTestSuiteMainPhase(TestSuiteExecutor.java:112)
	at com.kms.katalon.core.main.TestSuiteExecutor.execute(TestSuiteExecutor.java:81)
	at com.kms.katalon.core.main.TestCaseMain.startTestSuite(TestCaseMain.java:149)
	at com.kms.katalon.core.main.TestCaseMain$startTestSuite$0.call(Unknown Source)
	at TempTestSuite1561754394056.run(TempTestSuite1561754394056.groovy:36)


2019-06-28 17:19:31 - [TEST_STEP][PASSED] - callTestCase(findTestCase("OCS - MOBILE/CALL - PDP"), [:], STOP_ON_FAILURE): Call Test Case 'Test Cases/OCS - MOBILE/CALL - PDP' successfully

2019-06-28 17:19:31 - [TEST_CASE][PASSED] - Test Cases/OCS - MOBILE/CALL - PDP: Test Cases/OCS - MOBILE/CALL - PDP

2019-06-28 17:19:31 - [TEST_STEP][PASSED] - openBrowser(""): Browser is opened with url: ''

2019-06-28 17:19:31 - [MESSAGE][WARNING] - A browser is already opened. Closing browser and opening a new one

2019-06-28 17:19:31 - [MESSAGE][INFO] - Starting 'Safari' driver

2019-06-28 17:19:32 - [MESSAGE][PASSED] - Browser is opened with url: ''

2019-06-28 17:19:32 - [TEST_STEP][PASSED] - navigateToUrl("ocs.ca"): Navigate to 'http://ocs.ca' successfully

2019-06-28 17:19:33 - [MESSAGE][PASSED] - Navigate to 'http://ocs.ca' successfully

2019-06-28 17:19:33 - [TEST_STEP][NOT_RUN] - executeJavaScript("var previewBar = document.getElementById("preview-bar-iframe"); previewBar.style.display = "none";", []): NOT_RUN: executeJavaScript("var previewBar = document.getElementById("preview-bar-iframe"); previewBar.style.display = "none";", [])

2019-06-28 17:19:33 - [MESSAGE][NOT_RUN] - NOT_RUN: executeJavaScript("var previewBar = document.getElementById("preview-bar-iframe"); previewBar.style.display = "none";", [])

2019-06-28 17:19:33 - [TEST_STEP][PASSED] - setViewPortSize(360, 800): Viewport is set to new size with width = 360 and height = 800

2019-06-28 17:19:33 - [MESSAGE][PASSED] - Viewport is set to new size with width = 360 and height = 800

2019-06-28 17:19:33 - [TEST_STEP][PASSED] - delay(4): Delayed 4 second(s)

2019-06-28 17:19:37 - [MESSAGE][PASSED] - Delayed 4 second(s)

2019-06-28 17:19:37 - [TEST_STEP][PASSED] - selectOptionByValue(findTestObject("OCS-MOBILE /Age gate and burger menu/Date"), "12", true): All options with value '12' are selected in object 'Object Repository/OCS-MOBILE /Age gate and burger menu/Date'  using regular expression

2019-06-28 17:19:38 - [MESSAGE][PASSED] - All options with value '12' are selected in object 'Object Repository/OCS-MOBILE /Age gate and burger menu/Date'  using regular expression

2019-06-28 17:19:38 - [TEST_STEP][PASSED] - selectOptionByValue(findTestObject("OCS-MOBILE /Age gate and burger menu/month"), "6", true): All options with value '6' are selected in object 'Object Repository/OCS-MOBILE /Age gate and burger menu/month'  using regular expression

2019-06-28 17:19:38 - [MESSAGE][PASSED] - All options with value '6' are selected in object 'Object Repository/OCS-MOBILE /Age gate and burger menu/month'  using regular expression

2019-06-28 17:19:38 - [TEST_STEP][PASSED] - delay(2): Delayed 2 second(s)

2019-06-28 17:19:40 - [MESSAGE][PASSED] - Delayed 2 second(s)

2019-06-28 17:19:40 - [TEST_STEP][PASSED] - selectOptionByValue(findTestObject("OCS-MOBILE /Age gate and burger menu/Year Dropdown"), "1990", true): All options with value '1990' are selected in object 'Object Repository/OCS-MOBILE /Age gate and burger menu/Year Dropdown'  using regular expression

2019-06-28 17:19:42 - [MESSAGE][PASSED] - All options with value '1990' are selected in object 'Object Repository/OCS-MOBILE /Age gate and burger menu/Year Dropdown'  using regular expression

2019-06-28 17:19:42 - [TEST_STEP][PASSED] - click(findTestObject("OCS-MOBILE /Age gate and Mega menu/button_Verify")): Object: 'Object Repository/OCS-MOBILE /Age gate and Mega menu/button_Verify' is clicked on

2019-06-28 17:19:42 - [MESSAGE][PASSED] - Object: 'Object Repository/OCS-MOBILE /Age gate and Mega menu/button_Verify' is clicked on

2019-06-28 17:19:42 - [TEST_STEP][PASSED] - click(findTestObject("OCS-MOBILE /Age gate and Mega menu/Checkbox_CONFIRM AND ACKNOWLEDGE")): Object: 'Object Repository/OCS-MOBILE /Age gate and Mega menu/Checkbox_CONFIRM AND ACKNOWLEDGE' is clicked on

2019-06-28 17:19:42 - [MESSAGE][PASSED] - Object: 'Object Repository/OCS-MOBILE /Age gate and Mega menu/Checkbox_CONFIRM AND ACKNOWLEDGE' is clicked on

2019-06-28 17:19:42 - [TEST_STEP][PASSED] - click(findTestObject("OCS-MOBILE /Age gate and Mega menu/button_CONFIRM")): Object: 'Object Repository/OCS-MOBILE /Age gate and Mega menu/button_CONFIRM' is clicked on

2019-06-28 17:19:42 - [MESSAGE][PASSED] - Object: 'Object Repository/OCS-MOBILE /Age gate and Mega menu/button_CONFIRM' is clicked on

2019-06-28 17:19:42 - [TEST_STEP][PASSED] - click(findTestObject("OCS-MOBILE /Age gate and Mega menu/button_Start Browsing")): Object: 'Object Repository/OCS-MOBILE /Age gate and Mega menu/button_Start Browsing' is clicked on

2019-06-28 17:19:42 - [MESSAGE][PASSED] - Object: 'Object Repository/OCS-MOBILE /Age gate and Mega menu/button_Start Browsing' is clicked on

2019-06-28 17:19:42 - [TEST_STEP][PASSED] - refresh(): Refresh successfully

2019-06-28 17:19:45 - [MESSAGE][PASSED] - Refresh successfully

2019-06-28 17:19:45 - [TEST_STEP][PASSED] - delay(2): Delayed 2 second(s)

2019-06-28 17:19:47 - [MESSAGE][PASSED] - Delayed 2 second(s)

2019-06-28 17:19:47 - [TEST_STEP][PASSED] - click(findTestObject("OCS-MOBILE /Age gate and burger menu/Burger menu - English")): Object: 'Object Repository/OCS-MOBILE /Age gate and burger menu/Burger menu - English' is clicked on

2019-06-28 17:19:47 - [MESSAGE][PASSED] - Object: 'Object Repository/OCS-MOBILE /Age gate and burger menu/Burger menu - English' is clicked on

2019-06-28 17:19:47 - [TEST_STEP][PASSED] - delay(2): Delayed 2 second(s)

2019-06-28 17:19:49 - [MESSAGE][PASSED] - Delayed 2 second(s)

2019-06-28 17:19:49 - [TEST_STEP][PASSED] - click(findTestObject("OCS-MOBILE /Age gate and burger menu/Chevron_Cannabis")): Object: 'Object Repository/OCS-MOBILE /Age gate and burger menu/Chevron_Cannabis' is clicked on

2019-06-28 17:19:49 - [MESSAGE][PASSED] - Object: 'Object Repository/OCS-MOBILE /Age gate and burger menu/Chevron_Cannabis' is clicked on

2019-06-28 17:19:49 - [TEST_STEP][PASSED] - delay(2): Delayed 2 second(s)

2019-06-28 17:19:51 - [MESSAGE][PASSED] - Delayed 2 second(s)

2019-06-28 17:19:51 - [TEST_STEP][PASSED] - click(findTestObject("OCS-MOBILE /Age gate and burger menu/Dried Flower_Plus icon")): Object: 'Object Repository/OCS-MOBILE /Age gate and burger menu/Dried Flower_Plus icon' is clicked on

2019-06-28 17:19:52 - [MESSAGE][PASSED] - Object: 'Object Repository/OCS-MOBILE /Age gate and burger menu/Dried Flower_Plus icon' is clicked on

2019-06-28 17:19:52 - [TEST_STEP][PASSED] - delay(2): Delayed 2 second(s)

2019-06-28 17:19:54 - [MESSAGE][PASSED] - Delayed 2 second(s)

2019-06-28 17:19:54 - [TEST_STEP][PASSED] - click(findTestObject("OCS-MOBILE /Age gate and burger menu/Indica Dominant_Menu item")): Object: 'Object Repository/OCS-MOBILE /Age gate and burger menu/Indica Dominant_Menu item' is clicked on

2019-06-28 17:19:54 - [MESSAGE][PASSED] - Object: 'Object Repository/OCS-MOBILE /Age gate and burger menu/Indica Dominant_Menu item' is clicked on

2019-06-28 17:19:54 - [TEST_STEP][NOT_RUN] - executeJavaScript("var previewBar = document.getElementById("preview-bar-iframe"); previewBar.style.display = "none";", []): NOT_RUN: executeJavaScript("var previewBar = document.getElementById("preview-bar-iframe"); previewBar.style.display = "none";", [])

2019-06-28 17:19:54 - [MESSAGE][NOT_RUN] - NOT_RUN: executeJavaScript("var previewBar = document.getElementById("preview-bar-iframe"); previewBar.style.display = "none";", [])

2019-06-28 17:19:54 - [TEST_STEP][PASSED] - delay(2): Delayed 2 second(s)

2019-06-28 17:19:56 - [MESSAGE][PASSED] - Delayed 2 second(s)

2019-06-28 17:19:56 - [TEST_STEP][PASSED] - click(findTestObject("OCS-MOBILE /Collection page/Product image - 1st one")): Object: 'Object Repository/OCS-MOBILE /Collection page/Product image - 1st one' is clicked on

2019-06-28 17:19:59 - [MESSAGE][PASSED] - Object: 'Object Repository/OCS-MOBILE /Collection page/Product image - 1st one' is clicked on

2019-06-28 17:19:59 - [TEST_STEP][PASSED] - delay(2): Delayed 2 second(s)

2019-06-28 17:20:01 - [MESSAGE][PASSED] - Delayed 2 second(s)

2019-06-28 17:20:01 - [TEST_STEP][NOT_RUN] - executeJavaScript("var previewBar = document.getElementById("preview-bar-iframe"); previewBar.style.display = "none";", []): NOT_RUN: executeJavaScript("var previewBar = document.getElementById("preview-bar-iframe"); previewBar.style.display = "none";", [])

2019-06-28 17:20:01 - [MESSAGE][NOT_RUN] - NOT_RUN: executeJavaScript("var previewBar = document.getElementById("preview-bar-iframe"); previewBar.style.display = "none";", [])

2019-06-28 17:20:01 - [MESSAGE][PASSED] - Call Test Case 'Test Cases/OCS - MOBILE/CALL - PDP' successfully

2019-06-28 17:20:01 - [TEST_STEP][PASSED] - scrollToElement(findTestObject("OCS-MOBILE /Product page/More items to consider section/Grinders - Tab"), 2): Scroll to object 'Object Repository/OCS-MOBILE /Product page/More items to consider section/Grinders - Tab' successfully

2019-06-28 17:20:01 - [MESSAGE][PASSED] - Scroll to object 'Object Repository/OCS-MOBILE /Product page/More items to consider section/Grinders - Tab' successfully

2019-06-28 17:20:01 - [TEST_STEP][PASSED] - delay(5): Delayed 5 second(s)

2019-06-28 17:20:06 - [MESSAGE][PASSED] - Delayed 5 second(s)

2019-06-28 17:20:06 - [TEST_STEP][PASSED] - click(findTestObject("OCS-MOBILE /Product page/More items to consider section/Show all accessories - Link")): Object: 'Object Repository/OCS-MOBILE /Product page/More items to consider section/Show all accessories - Link' is clicked on

2019-06-28 17:20:06 - [MESSAGE][PASSED] - Object: 'Object Repository/OCS-MOBILE /Product page/More items to consider section/Show all accessories - Link' is clicked on

2019-06-28 17:20:06 - [TEST_STEP][PASSED] - a = getWindowTitle(): Current window's title is: 'Dreamweaver | Ontario Cannabis Store'

2019-06-28 17:20:06 - [MESSAGE][PASSED] - Current window's title is: 'Dreamweaver | Ontario Cannabis Store'

2019-06-28 17:20:06 - [TEST_STEP][PASSED] - b = "All Products | Ontario Cannabis Store": null

2019-06-28 17:20:06 - [TEST_STEP][PASSED] - comment("WINDOW TITLE: " + a): WINDOW TITLE: Dreamweaver | Ontario Cannabis Store

2019-06-28 17:20:06 - [MESSAGE][INFO] - WINDOW TITLE: Dreamweaver | Ontario Cannabis Store

2019-06-28 17:20:06 - [TEST_STEP][FAILED] - verifyEqual(a, b): verifyEqual(a, b) FAILED.
Reason:
com.kms.katalon.core.exception.StepFailedException: Unable to verify equal between actual object 'Dreamweaver | Ontario Cannabis Store' and expected object 'All Products | Ontario Cannabis Store' (Root cause: com.kms.katalon.core.exception.StepFailedException: Actual object 'Dreamweaver | Ontario Cannabis Store' and expected object 'All Products | Ontario Cannabis Store' are not equal)
	at com.kms.katalon.core.keyword.internal.KeywordMain.stepFailed(KeywordMain.groovy:36)
	at com.kms.katalon.core.keyword.internal.KeywordMain.stepFailed(KeywordMain.groovy)
	at com.kms.katalon.core.keyword.internal.KeywordMain.runKeyword(KeywordMain.groovy:56)
	at com.kms.katalon.core.keyword.builtin.VerifyEqualKeyword.verifyEqual(VerifyEqualKeyword.groovy:63)
	at com.kms.katalon.core.keyword.builtin.VerifyEqualKeyword.execute(VerifyEqualKeyword.groovy:44)
	at com.kms.katalon.core.keyword.internal.KeywordExecutor.executeKeywordForPlatform(KeywordExecutor.groovy:53)
	at com.kms.katalon.core.keyword.BuiltinKeywords.verifyEqual(BuiltinKeywords.groovy:141)
	at Show all accessories.run(Show all accessories:30)
	at com.kms.katalon.core.main.ScriptEngine.run(ScriptEngine.java:194)
	at com.kms.katalon.core.main.ScriptEngine.runScriptAsRawText(ScriptEngine.java:119)
	at com.kms.katalon.core.main.TestCaseExecutor.runScript(TestCaseExecutor.java:328)
	at com.kms.katalon.core.main.TestCaseExecutor.doExecute(TestCaseExecutor.java:319)
	at com.kms.katalon.core.main.TestCaseExecutor.processExecutionPhase(TestCaseExecutor.java:298)
	at com.kms.katalon.core.main.TestCaseExecutor.accessMainPhase(TestCaseExecutor.java:290)
	at com.kms.katalon.core.main.TestCaseExecutor.execute(TestCaseExecutor.java:224)
	at com.kms.katalon.core.main.TestSuiteExecutor.accessTestCaseMainPhase(TestSuiteExecutor.java:129)
	at com.kms.katalon.core.main.TestSuiteExecutor.accessTestSuiteMainPhase(TestSuiteExecutor.java:112)
	at com.kms.katalon.core.main.TestSuiteExecutor.execute(TestSuiteExecutor.java:81)
	at com.kms.katalon.core.main.TestCaseMain.startTestSuite(TestCaseMain.java:149)
	at com.kms.katalon.core.main.TestCaseMain$startTestSuite$0.call(Unknown Source)
	at TempTestSuite1561754394056.run(TempTestSuite1561754394056.groovy:36)


2019-06-28 17:20:06 - [MESSAGE][FAILED] - Unable to verify equal between actual object 'Dreamweaver | Ontario Cannabis Store' and expected object 'All Products | Ontario Cannabis Store' (Root cause: com.kms.katalon.core.exception.StepFailedException: Actual object 'Dreamweaver | Ontario Cannabis Store' and expected object 'All Products | Ontario Cannabis Store' are not equal)

2019-06-28 17:20:06 - [MESSAGE][FAILED] - verifyEqual(a, b) FAILED.
Reason:
com.kms.katalon.core.exception.StepFailedException: Unable to verify equal between actual object 'Dreamweaver | Ontario Cannabis Store' and expected object 'All Products | Ontario Cannabis Store' (Root cause: com.kms.katalon.core.exception.StepFailedException: Actual object 'Dreamweaver | Ontario Cannabis Store' and expected object 'All Products | Ontario Cannabis Store' are not equal)
	at com.kms.katalon.core.keyword.internal.KeywordMain.stepFailed(KeywordMain.groovy:36)
	at com.kms.katalon.core.keyword.internal.KeywordMain.stepFailed(KeywordMain.groovy)
	at com.kms.katalon.core.keyword.internal.KeywordMain.runKeyword(KeywordMain.groovy:56)
	at com.kms.katalon.core.keyword.builtin.VerifyEqualKeyword.verifyEqual(VerifyEqualKeyword.groovy:63)
	at com.kms.katalon.core.keyword.builtin.VerifyEqualKeyword.execute(VerifyEqualKeyword.groovy:44)
	at com.kms.katalon.core.keyword.internal.KeywordExecutor.executeKeywordForPlatform(KeywordExecutor.groovy:53)
	at com.kms.katalon.core.keyword.BuiltinKeywords.verifyEqual(BuiltinKeywords.groovy:141)
	at Show all accessories.run(Show all accessories:30)
	at com.kms.katalon.core.main.ScriptEngine.run(ScriptEngine.java:194)
	at com.kms.katalon.core.main.ScriptEngine.runScriptAsRawText(ScriptEngine.java:119)
	at com.kms.katalon.core.main.TestCaseExecutor.runScript(TestCaseExecutor.java:328)
	at com.kms.katalon.core.main.TestCaseExecutor.doExecute(TestCaseExecutor.java:319)
	at com.kms.katalon.core.main.TestCaseExecutor.processExecutionPhase(TestCaseExecutor.java:298)
	at com.kms.katalon.core.main.TestCaseExecutor.accessMainPhase(TestCaseExecutor.java:290)
	at com.kms.katalon.core.main.TestCaseExecutor.execute(TestCaseExecutor.java:224)
	at com.kms.katalon.core.main.TestSuiteExecutor.accessTestCaseMainPhase(TestSuiteExecutor.java:129)
	at com.kms.katalon.core.main.TestSuiteExecutor.accessTestSuiteMainPhase(TestSuiteExecutor.java:112)
	at com.kms.katalon.core.main.TestSuiteExecutor.execute(TestSuiteExecutor.java:81)
	at com.kms.katalon.core.main.TestCaseMain.startTestSuite(TestCaseMain.java:149)
	at com.kms.katalon.core.main.TestCaseMain$startTestSuite$0.call(Unknown Source)
	at TempTestSuite1561754394056.run(TempTestSuite1561754394056.groovy:36)]]></system-out>
         <system-err><![CDATA[2019-06-28 17:19:31 - [TEST_CASE][FAILED] - Test Cases/OCS - MOBILE/OCS- PRODUCT PAGE/Show all accessories: Test Cases/OCS - MOBILE/OCS- PRODUCT PAGE/Show all accessories FAILED.
Reason:
com.kms.katalon.core.exception.StepFailedException: Unable to verify equal between actual object 'Dreamweaver | Ontario Cannabis Store' and expected object 'All Products | Ontario Cannabis Store' (Root cause: com.kms.katalon.core.exception.StepFailedException: Actual object 'Dreamweaver | Ontario Cannabis Store' and expected object 'All Products | Ontario Cannabis Store' are not equal)
	at com.kms.katalon.core.keyword.internal.KeywordMain.stepFailed(KeywordMain.groovy:36)
	at com.kms.katalon.core.keyword.internal.KeywordMain.stepFailed(KeywordMain.groovy)
	at com.kms.katalon.core.keyword.internal.KeywordMain.runKeyword(KeywordMain.groovy:56)
	at com.kms.katalon.core.keyword.builtin.VerifyEqualKeyword.verifyEqual(VerifyEqualKeyword.groovy:63)
	at com.kms.katalon.core.keyword.builtin.VerifyEqualKeyword.execute(VerifyEqualKeyword.groovy:44)
	at com.kms.katalon.core.keyword.internal.KeywordExecutor.executeKeywordForPlatform(KeywordExecutor.groovy:53)
	at com.kms.katalon.core.keyword.BuiltinKeywords.verifyEqual(BuiltinKeywords.groovy:141)
	at Show all accessories.run(Show all accessories:30)
	at com.kms.katalon.core.main.ScriptEngine.run(ScriptEngine.java:194)
	at com.kms.katalon.core.main.ScriptEngine.runScriptAsRawText(ScriptEngine.java:119)
	at com.kms.katalon.core.main.TestCaseExecutor.runScript(TestCaseExecutor.java:328)
	at com.kms.katalon.core.main.TestCaseExecutor.doExecute(TestCaseExecutor.java:319)
	at com.kms.katalon.core.main.TestCaseExecutor.processExecutionPhase(TestCaseExecutor.java:298)
	at com.kms.katalon.core.main.TestCaseExecutor.accessMainPhase(TestCaseExecutor.java:290)
	at com.kms.katalon.core.main.TestCaseExecutor.execute(TestCaseExecutor.java:224)
	at com.kms.katalon.core.main.TestSuiteExecutor.accessTestCaseMainPhase(TestSuiteExecutor.java:129)
	at com.kms.katalon.core.main.TestSuiteExecutor.accessTestSuiteMainPhase(TestSuiteExecutor.java:112)
	at com.kms.katalon.core.main.TestSuiteExecutor.execute(TestSuiteExecutor.java:81)
	at com.kms.katalon.core.main.TestCaseMain.startTestSuite(TestCaseMain.java:149)
	at com.kms.katalon.core.main.TestCaseMain$startTestSuite$0.call(Unknown Source)
	at TempTestSuite1561754394056.run(TempTestSuite1561754394056.groovy:36)]]></system-err>
      </testcase>
      <testcase name="Test Cases/OCS - MOBILE/OCS- PRODUCT PAGE/More items to consider" classname="Test Cases/OCS - MOBILE/OCS- PRODUCT PAGE/More items to consider" status="PASSED">
         <system-out><![CDATA[2019-06-28 17:20:06 - [TEST_CASE][PASSED] - Test Cases/OCS - MOBILE/OCS- PRODUCT PAGE/More items to consider: Test Cases/OCS - MOBILE/OCS- PRODUCT PAGE/More items to consider

2019-06-28 17:20:07 - [TEST_STEP][PASSED] - callTestCase(findTestCase("OCS - MOBILE/CALL - PDP"), [:], STOP_ON_FAILURE): Call Test Case 'Test Cases/OCS - MOBILE/CALL - PDP' successfully

2019-06-28 17:20:07 - [TEST_CASE][PASSED] - Test Cases/OCS - MOBILE/CALL - PDP: Test Cases/OCS - MOBILE/CALL - PDP

2019-06-28 17:20:07 - [TEST_STEP][PASSED] - openBrowser(""): Browser is opened with url: ''

2019-06-28 17:20:07 - [MESSAGE][WARNING] - A browser is already opened. Closing browser and opening a new one

2019-06-28 17:20:07 - [MESSAGE][INFO] - Starting 'Safari' driver

2019-06-28 17:20:08 - [MESSAGE][PASSED] - Browser is opened with url: ''

2019-06-28 17:20:08 - [TEST_STEP][PASSED] - navigateToUrl("ocs.ca"): Navigate to 'http://ocs.ca' successfully

2019-06-28 17:20:09 - [MESSAGE][PASSED] - Navigate to 'http://ocs.ca' successfully

2019-06-28 17:20:09 - [TEST_STEP][NOT_RUN] - executeJavaScript("var previewBar = document.getElementById("preview-bar-iframe"); previewBar.style.display = "none";", []): NOT_RUN: executeJavaScript("var previewBar = document.getElementById("preview-bar-iframe"); previewBar.style.display = "none";", [])

2019-06-28 17:20:09 - [MESSAGE][NOT_RUN] - NOT_RUN: executeJavaScript("var previewBar = document.getElementById("preview-bar-iframe"); previewBar.style.display = "none";", [])

2019-06-28 17:20:09 - [TEST_STEP][PASSED] - setViewPortSize(360, 800): Viewport is set to new size with width = 360 and height = 800

2019-06-28 17:20:09 - [MESSAGE][PASSED] - Viewport is set to new size with width = 360 and height = 800

2019-06-28 17:20:09 - [TEST_STEP][PASSED] - delay(4): Delayed 4 second(s)

2019-06-28 17:20:13 - [MESSAGE][PASSED] - Delayed 4 second(s)

2019-06-28 17:20:13 - [TEST_STEP][PASSED] - selectOptionByValue(findTestObject("OCS-MOBILE /Age gate and burger menu/Date"), "12", true): All options with value '12' are selected in object 'Object Repository/OCS-MOBILE /Age gate and burger menu/Date'  using regular expression

2019-06-28 17:20:14 - [MESSAGE][PASSED] - All options with value '12' are selected in object 'Object Repository/OCS-MOBILE /Age gate and burger menu/Date'  using regular expression

2019-06-28 17:20:14 - [TEST_STEP][PASSED] - selectOptionByValue(findTestObject("OCS-MOBILE /Age gate and burger menu/month"), "6", true): All options with value '6' are selected in object 'Object Repository/OCS-MOBILE /Age gate and burger menu/month'  using regular expression

2019-06-28 17:20:14 - [MESSAGE][PASSED] - All options with value '6' are selected in object 'Object Repository/OCS-MOBILE /Age gate and burger menu/month'  using regular expression

2019-06-28 17:20:14 - [TEST_STEP][PASSED] - delay(2): Delayed 2 second(s)

2019-06-28 17:20:16 - [MESSAGE][PASSED] - Delayed 2 second(s)

2019-06-28 17:20:16 - [TEST_STEP][PASSED] - selectOptionByValue(findTestObject("OCS-MOBILE /Age gate and burger menu/Year Dropdown"), "1990", true): All options with value '1990' are selected in object 'Object Repository/OCS-MOBILE /Age gate and burger menu/Year Dropdown'  using regular expression

2019-06-28 17:20:18 - [MESSAGE][PASSED] - All options with value '1990' are selected in object 'Object Repository/OCS-MOBILE /Age gate and burger menu/Year Dropdown'  using regular expression

2019-06-28 17:20:18 - [TEST_STEP][PASSED] - click(findTestObject("OCS-MOBILE /Age gate and Mega menu/button_Verify")): Object: 'Object Repository/OCS-MOBILE /Age gate and Mega menu/button_Verify' is clicked on

2019-06-28 17:20:18 - [MESSAGE][PASSED] - Object: 'Object Repository/OCS-MOBILE /Age gate and Mega menu/button_Verify' is clicked on

2019-06-28 17:20:18 - [TEST_STEP][PASSED] - click(findTestObject("OCS-MOBILE /Age gate and Mega menu/Checkbox_CONFIRM AND ACKNOWLEDGE")): Object: 'Object Repository/OCS-MOBILE /Age gate and Mega menu/Checkbox_CONFIRM AND ACKNOWLEDGE' is clicked on

2019-06-28 17:20:18 - [MESSAGE][PASSED] - Object: 'Object Repository/OCS-MOBILE /Age gate and Mega menu/Checkbox_CONFIRM AND ACKNOWLEDGE' is clicked on

2019-06-28 17:20:18 - [TEST_STEP][PASSED] - click(findTestObject("OCS-MOBILE /Age gate and Mega menu/button_CONFIRM")): Object: 'Object Repository/OCS-MOBILE /Age gate and Mega menu/button_CONFIRM' is clicked on

2019-06-28 17:20:18 - [MESSAGE][PASSED] - Object: 'Object Repository/OCS-MOBILE /Age gate and Mega menu/button_CONFIRM' is clicked on

2019-06-28 17:20:18 - [TEST_STEP][PASSED] - click(findTestObject("OCS-MOBILE /Age gate and Mega menu/button_Start Browsing")): Object: 'Object Repository/OCS-MOBILE /Age gate and Mega menu/button_Start Browsing' is clicked on

2019-06-28 17:20:18 - [MESSAGE][PASSED] - Object: 'Object Repository/OCS-MOBILE /Age gate and Mega menu/button_Start Browsing' is clicked on

2019-06-28 17:20:18 - [TEST_STEP][PASSED] - refresh(): Refresh successfully

2019-06-28 17:20:21 - [MESSAGE][PASSED] - Refresh successfully

2019-06-28 17:20:21 - [TEST_STEP][PASSED] - delay(2): Delayed 2 second(s)

2019-06-28 17:20:23 - [MESSAGE][PASSED] - Delayed 2 second(s)

2019-06-28 17:20:23 - [TEST_STEP][PASSED] - click(findTestObject("OCS-MOBILE /Age gate and burger menu/Burger menu - English")): Object: 'Object Repository/OCS-MOBILE /Age gate and burger menu/Burger menu - English' is clicked on

2019-06-28 17:20:23 - [MESSAGE][PASSED] - Object: 'Object Repository/OCS-MOBILE /Age gate and burger menu/Burger menu - English' is clicked on

2019-06-28 17:20:23 - [TEST_STEP][PASSED] - delay(2): Delayed 2 second(s)

2019-06-28 17:20:25 - [MESSAGE][PASSED] - Delayed 2 second(s)

2019-06-28 17:20:25 - [TEST_STEP][PASSED] - click(findTestObject("OCS-MOBILE /Age gate and burger menu/Chevron_Cannabis")): Object: 'Object Repository/OCS-MOBILE /Age gate and burger menu/Chevron_Cannabis' is clicked on

2019-06-28 17:20:25 - [MESSAGE][PASSED] - Object: 'Object Repository/OCS-MOBILE /Age gate and burger menu/Chevron_Cannabis' is clicked on

2019-06-28 17:20:25 - [TEST_STEP][PASSED] - delay(2): Delayed 2 second(s)

2019-06-28 17:20:27 - [MESSAGE][PASSED] - Delayed 2 second(s)

2019-06-28 17:20:27 - [TEST_STEP][PASSED] - click(findTestObject("OCS-MOBILE /Age gate and burger menu/Dried Flower_Plus icon")): Object: 'Object Repository/OCS-MOBILE /Age gate and burger menu/Dried Flower_Plus icon' is clicked on

2019-06-28 17:20:27 - [MESSAGE][PASSED] - Object: 'Object Repository/OCS-MOBILE /Age gate and burger menu/Dried Flower_Plus icon' is clicked on

2019-06-28 17:20:27 - [TEST_STEP][PASSED] - delay(2): Delayed 2 second(s)

2019-06-28 17:20:29 - [MESSAGE][PASSED] - Delayed 2 second(s)

2019-06-28 17:20:29 - [TEST_STEP][PASSED] - click(findTestObject("OCS-MOBILE /Age gate and burger menu/Indica Dominant_Menu item")): Object: 'Object Repository/OCS-MOBILE /Age gate and burger menu/Indica Dominant_Menu item' is clicked on

2019-06-28 17:20:29 - [MESSAGE][PASSED] - Object: 'Object Repository/OCS-MOBILE /Age gate and burger menu/Indica Dominant_Menu item' is clicked on

2019-06-28 17:20:29 - [TEST_STEP][NOT_RUN] - executeJavaScript("var previewBar = document.getElementById("preview-bar-iframe"); previewBar.style.display = "none";", []): NOT_RUN: executeJavaScript("var previewBar = document.getElementById("preview-bar-iframe"); previewBar.style.display = "none";", [])

2019-06-28 17:20:29 - [MESSAGE][NOT_RUN] - NOT_RUN: executeJavaScript("var previewBar = document.getElementById("preview-bar-iframe"); previewBar.style.display = "none";", [])

2019-06-28 17:20:29 - [TEST_STEP][PASSED] - delay(2): Delayed 2 second(s)

2019-06-28 17:20:31 - [MESSAGE][PASSED] - Delayed 2 second(s)

2019-06-28 17:20:31 - [TEST_STEP][PASSED] - click(findTestObject("OCS-MOBILE /Collection page/Product image - 1st one")): Object: 'Object Repository/OCS-MOBILE /Collection page/Product image - 1st one' is clicked on

2019-06-28 17:20:35 - [MESSAGE][PASSED] - Object: 'Object Repository/OCS-MOBILE /Collection page/Product image - 1st one' is clicked on

2019-06-28 17:20:35 - [TEST_STEP][PASSED] - delay(2): Delayed 2 second(s)

2019-06-28 17:20:37 - [MESSAGE][PASSED] - Delayed 2 second(s)

2019-06-28 17:20:37 - [TEST_STEP][NOT_RUN] - executeJavaScript("var previewBar = document.getElementById("preview-bar-iframe"); previewBar.style.display = "none";", []): NOT_RUN: executeJavaScript("var previewBar = document.getElementById("preview-bar-iframe"); previewBar.style.display = "none";", [])

2019-06-28 17:20:37 - [MESSAGE][NOT_RUN] - NOT_RUN: executeJavaScript("var previewBar = document.getElementById("preview-bar-iframe"); previewBar.style.display = "none";", [])

2019-06-28 17:20:37 - [MESSAGE][PASSED] - Call Test Case 'Test Cases/OCS - MOBILE/CALL - PDP' successfully

2019-06-28 17:20:37 - [TEST_STEP][NOT_RUN] - scrollToElement(findTestObject("OCS-MOBILE /Product page/Product image"), 1): NOT_RUN: scrollToElement(findTestObject("OCS-MOBILE /Product page/Product image"), 1)

2019-06-28 17:20:37 - [MESSAGE][NOT_RUN] - NOT_RUN: scrollToElement(findTestObject("OCS-MOBILE /Product page/Product image"), 1)

2019-06-28 17:20:37 - [TEST_STEP][PASSED] - delay(2): Delayed 2 second(s)

2019-06-28 17:20:39 - [MESSAGE][PASSED] - Delayed 2 second(s)

2019-06-28 17:20:39 - [TEST_STEP][PASSED] - click(findTestObject("OCS-MOBILE /Product page/Learn More - Link")): Object: 'Object Repository/OCS-MOBILE /Product page/Learn More - Link' is clicked on

2019-06-28 17:20:40 - [MESSAGE][PASSED] - Object: 'Object Repository/OCS-MOBILE /Product page/Learn More - Link' is clicked on

2019-06-28 17:20:40 - [TEST_STEP][PASSED] - delay(1): Delayed 1 second(s)

2019-06-28 17:20:41 - [MESSAGE][PASSED] - Delayed 1 second(s)

2019-06-28 17:20:41 - [TEST_STEP][NOT_RUN] - scrollToElement(findTestObject("OCS-MOBILE /Product page/Last raw of the table"), 0): NOT_RUN: scrollToElement(findTestObject("OCS-MOBILE /Product page/Last raw of the table"), 0)

2019-06-28 17:20:41 - [MESSAGE][NOT_RUN] - NOT_RUN: scrollToElement(findTestObject("OCS-MOBILE /Product page/Last raw of the table"), 0)

2019-06-28 17:20:41 - [TEST_STEP][PASSED] - takeScreenshot(): Taking screenshot successfully

2019-06-28 17:20:41 - [MESSAGE][PASSED] - Taking screenshot successfully
[[ATTACHMENT|/Users/sumankompelly/Relative xpath-Mobile/Reports/Live site/20190628_163954/1561756841036.png]]

2019-06-28 17:20:41 - [TEST_STEP][PASSED] - delay(1): Delayed 1 second(s)

2019-06-28 17:20:42 - [MESSAGE][PASSED] - Delayed 1 second(s)

2019-06-28 17:20:42 - [TEST_STEP][PASSED] - click(findTestObject("OCS-MOBILE /Product page/More items to consider section/1st Product - image - Grinder")): Object: 'Object Repository/OCS-MOBILE /Product page/More items to consider section/1st Product - image - Grinder' is clicked on

2019-06-28 17:20:42 - [MESSAGE][PASSED] - Object: 'Object Repository/OCS-MOBILE /Product page/More items to consider section/1st Product - image - Grinder' is clicked on

2019-06-28 17:20:42 - [TEST_STEP][PASSED] - delay(2, STOP_ON_FAILURE): Delayed 2 second(s)

2019-06-28 17:20:44 - [MESSAGE][PASSED] - Delayed 2 second(s)

2019-06-28 17:20:44 - [TEST_STEP][PASSED] - takeScreenshot(): Taking screenshot successfully

2019-06-28 17:20:44 - [MESSAGE][PASSED] - Taking screenshot successfully
[[ATTACHMENT|/Users/sumankompelly/Relative xpath-Mobile/Reports/Live site/20190628_163954/1561756844159.png]]

2019-06-28 17:20:44 - [TEST_STEP][PASSED] - delay(1): Delayed 1 second(s)

2019-06-28 17:20:45 - [MESSAGE][PASSED] - Delayed 1 second(s)

2019-06-28 17:20:45 - [TEST_STEP][PASSED] - back(): Navigate back successfully

2019-06-28 17:20:45 - [MESSAGE][PASSED] - Navigate back successfully

2019-06-28 17:20:45 - [TEST_STEP][PASSED] - click(findTestObject("OCS-MOBILE /Product page/More items to consider section/Vaporizers - Tab")): Object: 'Object Repository/OCS-MOBILE /Product page/More items to consider section/Vaporizers - Tab' is clicked on

2019-06-28 17:20:45 - [MESSAGE][PASSED] - Object: 'Object Repository/OCS-MOBILE /Product page/More items to consider section/Vaporizers - Tab' is clicked on

2019-06-28 17:20:45 - [TEST_STEP][PASSED] - delay(2): Delayed 2 second(s)

2019-06-28 17:20:47 - [MESSAGE][PASSED] - Delayed 2 second(s)

2019-06-28 17:20:47 - [TEST_STEP][PASSED] - takeScreenshot(): Taking screenshot successfully

2019-06-28 17:20:47 - [MESSAGE][PASSED] - Taking screenshot successfully
[[ATTACHMENT|/Users/sumankompelly/Relative xpath-Mobile/Reports/Live site/20190628_163954/1561756847767.png]]

2019-06-28 17:20:47 - [TEST_STEP][NOT_RUN] - executeJavaScript("var previewBar = document.getElementById("preview-bar-iframe"); previewBar.style.display = "none";", []): NOT_RUN: executeJavaScript("var previewBar = document.getElementById("preview-bar-iframe"); previewBar.style.display = "none";", [])

2019-06-28 17:20:47 - [MESSAGE][NOT_RUN] - NOT_RUN: executeJavaScript("var previewBar = document.getElementById("preview-bar-iframe"); previewBar.style.display = "none";", [])

2019-06-28 17:20:47 - [TEST_STEP][PASSED] - delay(1): Delayed 1 second(s)

2019-06-28 17:20:48 - [MESSAGE][PASSED] - Delayed 1 second(s)

2019-06-28 17:20:48 - [TEST_STEP][PASSED] - click(findTestObject("OCS-MOBILE /Product page/More items to consider section/1st Product - image - Vaporizer")): Object: 'Object Repository/OCS-MOBILE /Product page/More items to consider section/1st Product - image - Vaporizer' is clicked on

2019-06-28 17:20:48 - [MESSAGE][PASSED] - Object: 'Object Repository/OCS-MOBILE /Product page/More items to consider section/1st Product - image - Vaporizer' is clicked on

2019-06-28 17:20:48 - [TEST_STEP][PASSED] - delay(2, STOP_ON_FAILURE): Delayed 2 second(s)

2019-06-28 17:20:50 - [MESSAGE][PASSED] - Delayed 2 second(s)

2019-06-28 17:20:50 - [TEST_STEP][PASSED] - takeScreenshot(): Taking screenshot successfully

2019-06-28 17:20:50 - [MESSAGE][PASSED] - Taking screenshot successfully
[[ATTACHMENT|/Users/sumankompelly/Relative xpath-Mobile/Reports/Live site/20190628_163954/1561756850914.png]]

2019-06-28 17:20:50 - [TEST_STEP][PASSED] - delay(1): Delayed 1 second(s)

2019-06-28 17:20:51 - [MESSAGE][PASSED] - Delayed 1 second(s)

2019-06-28 17:20:51 - [TEST_STEP][PASSED] - back(): Navigate back successfully

2019-06-28 17:20:52 - [MESSAGE][PASSED] - Navigate back successfully

2019-06-28 17:20:52 - [TEST_STEP][PASSED] - delay(2, STOP_ON_FAILURE): Delayed 2 second(s)

2019-06-28 17:20:54 - [MESSAGE][PASSED] - Delayed 2 second(s)

2019-06-28 17:20:54 - [TEST_STEP][PASSED] - click(findTestObject("OCS-MOBILE /Product page/More items to consider section/Papers Filters - Tab")): Object: 'Object Repository/OCS-MOBILE /Product page/More items to consider section/Papers Filters - Tab' is clicked on

2019-06-28 17:20:54 - [MESSAGE][PASSED] - Object: 'Object Repository/OCS-MOBILE /Product page/More items to consider section/Papers Filters - Tab' is clicked on

2019-06-28 17:20:54 - [TEST_STEP][NOT_RUN] - executeJavaScript("var previewBar = document.getElementById("preview-bar-iframe"); previewBar.style.display = "none";", []): NOT_RUN: executeJavaScript("var previewBar = document.getElementById("preview-bar-iframe"); previewBar.style.display = "none";", [])

2019-06-28 17:20:54 - [MESSAGE][NOT_RUN] - NOT_RUN: executeJavaScript("var previewBar = document.getElementById("preview-bar-iframe"); previewBar.style.display = "none";", [])

2019-06-28 17:20:54 - [TEST_STEP][PASSED] - takeScreenshot(): Taking screenshot successfully

2019-06-28 17:20:54 - [MESSAGE][PASSED] - Taking screenshot successfully
[[ATTACHMENT|/Users/sumankompelly/Relative xpath-Mobile/Reports/Live site/20190628_163954/1561756854225.png]]

2019-06-28 17:20:54 - [TEST_STEP][PASSED] - delay(1): Delayed 1 second(s)

2019-06-28 17:20:55 - [MESSAGE][PASSED] - Delayed 1 second(s)

2019-06-28 17:20:55 - [TEST_STEP][PASSED] - click(findTestObject("OCS-MOBILE /Product page/More items to consider section/1st Product - image - Paper Filter")): Object: 'Object Repository/OCS-MOBILE /Product page/More items to consider section/1st Product - image - Paper Filter' is clicked on

2019-06-28 17:20:58 - [MESSAGE][PASSED] - Object: 'Object Repository/OCS-MOBILE /Product page/More items to consider section/1st Product - image - Paper Filter' is clicked on

2019-06-28 17:20:58 - [TEST_STEP][PASSED] - delay(2, STOP_ON_FAILURE): Delayed 2 second(s)

2019-06-28 17:21:00 - [MESSAGE][PASSED] - Delayed 2 second(s)

2019-06-28 17:21:00 - [TEST_STEP][PASSED] - takeScreenshot(): Taking screenshot successfully

2019-06-28 17:21:00 - [MESSAGE][PASSED] - Taking screenshot successfully
[[ATTACHMENT|/Users/sumankompelly/Relative xpath-Mobile/Reports/Live site/20190628_163954/1561756860338.png]]

2019-06-28 17:21:00 - [TEST_STEP][PASSED] - delay(1): Delayed 1 second(s)

2019-06-28 17:21:01 - [MESSAGE][PASSED] - Delayed 1 second(s)

2019-06-28 17:21:01 - [TEST_STEP][PASSED] - back(): Navigate back successfully

2019-06-28 17:21:01 - [MESSAGE][PASSED] - Navigate back successfully

2019-06-28 17:21:01 - [TEST_STEP][PASSED] - delay(2): Delayed 2 second(s)

2019-06-28 17:21:03 - [MESSAGE][PASSED] - Delayed 2 second(s)

2019-06-28 17:21:03 - [TEST_STEP][NOT_RUN] - executeJavaScript("var previewBar = document.getElementById("preview-bar-iframe"); previewBar.style.display = "none";", []): NOT_RUN: executeJavaScript("var previewBar = document.getElementById("preview-bar-iframe"); previewBar.style.display = "none";", [])

2019-06-28 17:21:03 - [MESSAGE][NOT_RUN] - NOT_RUN: executeJavaScript("var previewBar = document.getElementById("preview-bar-iframe"); previewBar.style.display = "none";", [])

2019-06-28 17:21:03 - [TEST_STEP][PASSED] - click(findTestObject("OCS-MOBILE /Product page/More items to consider section/Bongs Pipes - Tab")): Object: 'Object Repository/OCS-MOBILE /Product page/More items to consider section/Bongs Pipes - Tab' is clicked on

2019-06-28 17:21:03 - [MESSAGE][PASSED] - Object: 'Object Repository/OCS-MOBILE /Product page/More items to consider section/Bongs Pipes - Tab' is clicked on

2019-06-28 17:21:03 - [TEST_STEP][PASSED] - delay(2): Delayed 2 second(s)

2019-06-28 17:21:05 - [MESSAGE][PASSED] - Delayed 2 second(s)

2019-06-28 17:21:05 - [TEST_STEP][PASSED] - takeScreenshot(): Taking screenshot successfully

2019-06-28 17:21:05 - [MESSAGE][PASSED] - Taking screenshot successfully
[[ATTACHMENT|/Users/sumankompelly/Relative xpath-Mobile/Reports/Live site/20190628_163954/1561756865654.png]]

2019-06-28 17:21:05 - [TEST_STEP][PASSED] - delay(1): Delayed 1 second(s)

2019-06-28 17:21:06 - [MESSAGE][PASSED] - Delayed 1 second(s)

2019-06-28 17:21:06 - [TEST_STEP][PASSED] - click(findTestObject("OCS-MOBILE /Product page/More items to consider section/1st Product - image - Bongs Pipes")): Object: 'Object Repository/OCS-MOBILE /Product page/More items to consider section/1st Product - image - Bongs Pipes' is clicked on

2019-06-28 17:21:09 - [MESSAGE][PASSED] - Object: 'Object Repository/OCS-MOBILE /Product page/More items to consider section/1st Product - image - Bongs Pipes' is clicked on

2019-06-28 17:21:09 - [TEST_STEP][PASSED] - delay(2, STOP_ON_FAILURE): Delayed 2 second(s)

2019-06-28 17:21:11 - [MESSAGE][PASSED] - Delayed 2 second(s)

2019-06-28 17:21:11 - [TEST_STEP][PASSED] - takeScreenshot(): Taking screenshot successfully

2019-06-28 17:21:11 - [MESSAGE][PASSED] - Taking screenshot successfully
[[ATTACHMENT|/Users/sumankompelly/Relative xpath-Mobile/Reports/Live site/20190628_163954/1561756871593.png]]

2019-06-28 17:21:11 - [TEST_STEP][PASSED] - delay(1): Delayed 1 second(s)

2019-06-28 17:21:12 - [MESSAGE][PASSED] - Delayed 1 second(s)

2019-06-28 17:21:12 - [TEST_STEP][PASSED] - back(): Navigate back successfully

2019-06-28 17:21:12 - [MESSAGE][PASSED] - Navigate back successfully]]></system-out>
         <system-err><![CDATA[]]></system-err>
      </testcase>
      <testcase name="Test Cases/OCS - MOBILE/OCS- PRODUCT PAGE/Price" classname="Test Cases/OCS - MOBILE/OCS- PRODUCT PAGE/Price" status="PASSED">
         <system-out><![CDATA[2019-06-28 17:21:12 - [TEST_CASE][PASSED] - Test Cases/OCS - MOBILE/OCS- PRODUCT PAGE/Price: Test Cases/OCS - MOBILE/OCS- PRODUCT PAGE/Price

2019-06-28 17:21:12 - [TEST_STEP][PASSED] - callTestCase(findTestCase("OCS - MOBILE/CALL - PDP"), [:], STOP_ON_FAILURE): Call Test Case 'Test Cases/OCS - MOBILE/CALL - PDP' successfully

2019-06-28 17:21:13 - [TEST_CASE][PASSED] - Test Cases/OCS - MOBILE/CALL - PDP: Test Cases/OCS - MOBILE/CALL - PDP

2019-06-28 17:21:13 - [TEST_STEP][PASSED] - openBrowser(""): Browser is opened with url: ''

2019-06-28 17:21:13 - [MESSAGE][WARNING] - A browser is already opened. Closing browser and opening a new one

2019-06-28 17:21:13 - [MESSAGE][INFO] - Starting 'Safari' driver

2019-06-28 17:21:13 - [MESSAGE][PASSED] - Browser is opened with url: ''

2019-06-28 17:21:13 - [TEST_STEP][PASSED] - navigateToUrl("ocs.ca"): Navigate to 'http://ocs.ca' successfully

2019-06-28 17:21:15 - [MESSAGE][PASSED] - Navigate to 'http://ocs.ca' successfully

2019-06-28 17:21:15 - [TEST_STEP][NOT_RUN] - executeJavaScript("var previewBar = document.getElementById("preview-bar-iframe"); previewBar.style.display = "none";", []): NOT_RUN: executeJavaScript("var previewBar = document.getElementById("preview-bar-iframe"); previewBar.style.display = "none";", [])

2019-06-28 17:21:15 - [MESSAGE][NOT_RUN] - NOT_RUN: executeJavaScript("var previewBar = document.getElementById("preview-bar-iframe"); previewBar.style.display = "none";", [])

2019-06-28 17:21:15 - [TEST_STEP][PASSED] - setViewPortSize(360, 800): Viewport is set to new size with width = 360 and height = 800

2019-06-28 17:21:15 - [MESSAGE][PASSED] - Viewport is set to new size with width = 360 and height = 800

2019-06-28 17:21:15 - [TEST_STEP][PASSED] - delay(4): Delayed 4 second(s)

2019-06-28 17:21:19 - [MESSAGE][PASSED] - Delayed 4 second(s)

2019-06-28 17:21:19 - [TEST_STEP][PASSED] - selectOptionByValue(findTestObject("OCS-MOBILE /Age gate and burger menu/Date"), "12", true): All options with value '12' are selected in object 'Object Repository/OCS-MOBILE /Age gate and burger menu/Date'  using regular expression

2019-06-28 17:21:20 - [MESSAGE][PASSED] - All options with value '12' are selected in object 'Object Repository/OCS-MOBILE /Age gate and burger menu/Date'  using regular expression

2019-06-28 17:21:20 - [TEST_STEP][PASSED] - selectOptionByValue(findTestObject("OCS-MOBILE /Age gate and burger menu/month"), "6", true): All options with value '6' are selected in object 'Object Repository/OCS-MOBILE /Age gate and burger menu/month'  using regular expression

2019-06-28 17:21:20 - [MESSAGE][PASSED] - All options with value '6' are selected in object 'Object Repository/OCS-MOBILE /Age gate and burger menu/month'  using regular expression

2019-06-28 17:21:20 - [TEST_STEP][PASSED] - delay(2): Delayed 2 second(s)

2019-06-28 17:21:22 - [MESSAGE][PASSED] - Delayed 2 second(s)

2019-06-28 17:21:22 - [TEST_STEP][PASSED] - selectOptionByValue(findTestObject("OCS-MOBILE /Age gate and burger menu/Year Dropdown"), "1990", true): All options with value '1990' are selected in object 'Object Repository/OCS-MOBILE /Age gate and burger menu/Year Dropdown'  using regular expression

2019-06-28 17:21:24 - [MESSAGE][PASSED] - All options with value '1990' are selected in object 'Object Repository/OCS-MOBILE /Age gate and burger menu/Year Dropdown'  using regular expression

2019-06-28 17:21:24 - [TEST_STEP][PASSED] - click(findTestObject("OCS-MOBILE /Age gate and Mega menu/button_Verify")): Object: 'Object Repository/OCS-MOBILE /Age gate and Mega menu/button_Verify' is clicked on

2019-06-28 17:21:24 - [MESSAGE][PASSED] - Object: 'Object Repository/OCS-MOBILE /Age gate and Mega menu/button_Verify' is clicked on

2019-06-28 17:21:24 - [TEST_STEP][PASSED] - click(findTestObject("OCS-MOBILE /Age gate and Mega menu/Checkbox_CONFIRM AND ACKNOWLEDGE")): Object: 'Object Repository/OCS-MOBILE /Age gate and Mega menu/Checkbox_CONFIRM AND ACKNOWLEDGE' is clicked on

2019-06-28 17:21:24 - [MESSAGE][PASSED] - Object: 'Object Repository/OCS-MOBILE /Age gate and Mega menu/Checkbox_CONFIRM AND ACKNOWLEDGE' is clicked on

2019-06-28 17:21:24 - [TEST_STEP][PASSED] - click(findTestObject("OCS-MOBILE /Age gate and Mega menu/button_CONFIRM")): Object: 'Object Repository/OCS-MOBILE /Age gate and Mega menu/button_CONFIRM' is clicked on

2019-06-28 17:21:24 - [MESSAGE][PASSED] - Object: 'Object Repository/OCS-MOBILE /Age gate and Mega menu/button_CONFIRM' is clicked on

2019-06-28 17:21:24 - [TEST_STEP][PASSED] - click(findTestObject("OCS-MOBILE /Age gate and Mega menu/button_Start Browsing")): Object: 'Object Repository/OCS-MOBILE /Age gate and Mega menu/button_Start Browsing' is clicked on

2019-06-28 17:21:24 - [MESSAGE][PASSED] - Object: 'Object Repository/OCS-MOBILE /Age gate and Mega menu/button_Start Browsing' is clicked on

2019-06-28 17:21:24 - [TEST_STEP][PASSED] - refresh(): Refresh successfully

2019-06-28 17:21:27 - [MESSAGE][PASSED] - Refresh successfully

2019-06-28 17:21:27 - [TEST_STEP][PASSED] - delay(2): Delayed 2 second(s)

2019-06-28 17:21:29 - [MESSAGE][PASSED] - Delayed 2 second(s)

2019-06-28 17:21:29 - [TEST_STEP][PASSED] - click(findTestObject("OCS-MOBILE /Age gate and burger menu/Burger menu - English")): Object: 'Object Repository/OCS-MOBILE /Age gate and burger menu/Burger menu - English' is clicked on

2019-06-28 17:21:29 - [MESSAGE][PASSED] - Object: 'Object Repository/OCS-MOBILE /Age gate and burger menu/Burger menu - English' is clicked on

2019-06-28 17:21:29 - [TEST_STEP][PASSED] - delay(2): Delayed 2 second(s)

2019-06-28 17:21:31 - [MESSAGE][PASSED] - Delayed 2 second(s)

2019-06-28 17:21:31 - [TEST_STEP][PASSED] - click(findTestObject("OCS-MOBILE /Age gate and burger menu/Chevron_Cannabis")): Object: 'Object Repository/OCS-MOBILE /Age gate and burger menu/Chevron_Cannabis' is clicked on

2019-06-28 17:21:31 - [MESSAGE][PASSED] - Object: 'Object Repository/OCS-MOBILE /Age gate and burger menu/Chevron_Cannabis' is clicked on

2019-06-28 17:21:31 - [TEST_STEP][PASSED] - delay(2): Delayed 2 second(s)

2019-06-28 17:21:33 - [MESSAGE][PASSED] - Delayed 2 second(s)

2019-06-28 17:21:33 - [TEST_STEP][PASSED] - click(findTestObject("OCS-MOBILE /Age gate and burger menu/Dried Flower_Plus icon")): Object: 'Object Repository/OCS-MOBILE /Age gate and burger menu/Dried Flower_Plus icon' is clicked on

2019-06-28 17:21:33 - [MESSAGE][PASSED] - Object: 'Object Repository/OCS-MOBILE /Age gate and burger menu/Dried Flower_Plus icon' is clicked on

2019-06-28 17:21:33 - [TEST_STEP][PASSED] - delay(2): Delayed 2 second(s)

2019-06-28 17:21:35 - [MESSAGE][PASSED] - Delayed 2 second(s)

2019-06-28 17:21:35 - [TEST_STEP][PASSED] - click(findTestObject("OCS-MOBILE /Age gate and burger menu/Indica Dominant_Menu item")): Object: 'Object Repository/OCS-MOBILE /Age gate and burger menu/Indica Dominant_Menu item' is clicked on

2019-06-28 17:21:37 - [MESSAGE][PASSED] - Object: 'Object Repository/OCS-MOBILE /Age gate and burger menu/Indica Dominant_Menu item' is clicked on

2019-06-28 17:21:37 - [TEST_STEP][NOT_RUN] - executeJavaScript("var previewBar = document.getElementById("preview-bar-iframe"); previewBar.style.display = "none";", []): NOT_RUN: executeJavaScript("var previewBar = document.getElementById("preview-bar-iframe"); previewBar.style.display = "none";", [])

2019-06-28 17:21:37 - [MESSAGE][NOT_RUN] - NOT_RUN: executeJavaScript("var previewBar = document.getElementById("preview-bar-iframe"); previewBar.style.display = "none";", [])

2019-06-28 17:21:37 - [TEST_STEP][PASSED] - delay(2): Delayed 2 second(s)

2019-06-28 17:21:39 - [MESSAGE][PASSED] - Delayed 2 second(s)

2019-06-28 17:21:39 - [TEST_STEP][PASSED] - click(findTestObject("OCS-MOBILE /Collection page/Product image - 1st one")): Object: 'Object Repository/OCS-MOBILE /Collection page/Product image - 1st one' is clicked on

2019-06-28 17:21:39 - [MESSAGE][PASSED] - Object: 'Object Repository/OCS-MOBILE /Collection page/Product image - 1st one' is clicked on

2019-06-28 17:21:39 - [TEST_STEP][PASSED] - delay(2): Delayed 2 second(s)

2019-06-28 17:21:41 - [MESSAGE][PASSED] - Delayed 2 second(s)

2019-06-28 17:21:41 - [TEST_STEP][NOT_RUN] - executeJavaScript("var previewBar = document.getElementById("preview-bar-iframe"); previewBar.style.display = "none";", []): NOT_RUN: executeJavaScript("var previewBar = document.getElementById("preview-bar-iframe"); previewBar.style.display = "none";", [])

2019-06-28 17:21:41 - [MESSAGE][NOT_RUN] - NOT_RUN: executeJavaScript("var previewBar = document.getElementById("preview-bar-iframe"); previewBar.style.display = "none";", [])

2019-06-28 17:21:41 - [MESSAGE][PASSED] - Call Test Case 'Test Cases/OCS - MOBILE/CALL - PDP' successfully

2019-06-28 17:21:41 - [TEST_STEP][NOT_RUN] - navigateToUrl("https://ocs.ca/?fts=0&preview_theme_id=53373863756"): NOT_RUN: navigateToUrl("https://ocs.ca/?fts=0&preview_theme_id=53373863756")

2019-06-28 17:21:41 - [MESSAGE][NOT_RUN] - NOT_RUN: navigateToUrl("https://ocs.ca/?fts=0&preview_theme_id=53373863756")

2019-06-28 17:21:41 - [TEST_STEP][PASSED] - delay(2): Delayed 2 second(s)

2019-06-28 17:21:43 - [MESSAGE][PASSED] - Delayed 2 second(s)

2019-06-28 17:21:43 - [TEST_STEP][NOT_RUN] - scrollToElement(findTestObject("OCS-MOBILE /Product page/Product image"), 1): NOT_RUN: scrollToElement(findTestObject("OCS-MOBILE /Product page/Product image"), 1)

2019-06-28 17:21:43 - [MESSAGE][NOT_RUN] - NOT_RUN: scrollToElement(findTestObject("OCS-MOBILE /Product page/Product image"), 1)

2019-06-28 17:21:43 - [TEST_STEP][PASSED] - delay(2): Delayed 2 second(s)

2019-06-28 17:21:45 - [MESSAGE][PASSED] - Delayed 2 second(s)

2019-06-28 17:21:45 - [TEST_STEP][PASSED] - click(findTestObject("OCS-MOBILE /Product page/Swatch_1g")): Object: 'Object Repository/OCS-MOBILE /Product page/Swatch_1g' is clicked on

2019-06-28 17:21:45 - [MESSAGE][PASSED] - Object: 'Object Repository/OCS-MOBILE /Product page/Swatch_1g' is clicked on

2019-06-28 17:21:45 - [TEST_STEP][PASSED] - delay(2): Delayed 2 second(s)

2019-06-28 17:21:47 - [MESSAGE][PASSED] - Delayed 2 second(s)

2019-06-28 17:21:47 - [TEST_STEP][PASSED] - a = getText(findTestObject("OCS-MOBILE /Product page/Price/1g Price - Swatch")): Text of object 'Object Repository/OCS-MOBILE /Product page/Price/1g Price - Swatch' is: '$10.25'

2019-06-28 17:21:47 - [MESSAGE][PASSED] - Text of object 'Object Repository/OCS-MOBILE /Product page/Price/1g Price - Swatch' is: '$10.25'

2019-06-28 17:21:47 - [TEST_STEP][PASSED] - comment("a =" + a): a =$10.25

2019-06-28 17:21:47 - [MESSAGE][INFO] - a =$10.25

2019-06-28 17:21:47 - [TEST_STEP][PASSED] - delay(1, OPTIONAL): Delayed 1 second(s)

2019-06-28 17:21:48 - [MESSAGE][PASSED] - Delayed 1 second(s)

2019-06-28 17:21:48 - [TEST_STEP][PASSED] - flag = verifyElementPresent(findTestObject("OCS-MOBILE /Product page/Price/Price - Add to cart button"), 0, CONTINUE_ON_FAILURE): Object 'Object Repository/OCS-MOBILE /Product page/Price/Price - Add to cart button' is present

2019-06-28 17:21:48 - [MESSAGE][WARNING] - Timeout '0' is invalid. Using default page load timeout: '30'

2019-06-28 17:21:48 - [MESSAGE][PASSED] - Object 'Object Repository/OCS-MOBILE /Product page/Price/Price - Add to cart button' is present

2019-06-28 17:21:48 - [TEST_STEP][PASSED] - comment("flag =" + flag): flag =true

2019-06-28 17:21:48 - [MESSAGE][INFO] - flag =true

2019-06-28 17:21:48 - [TEST_STEP][PASSED] - if (flag == true): Actual object '34.10' and expected object '34.10' are equal

2019-06-28 17:21:48 - [TEST_STEP][PASSED] - b = getText(findTestObject("OCS-MOBILE /Product page/Price/Price - Add to cart button")): Text of object 'Object Repository/OCS-MOBILE /Product page/Price/Price - Add to cart button' is: '$10.25'

2019-06-28 17:21:48 - [MESSAGE][PASSED] - Text of object 'Object Repository/OCS-MOBILE /Product page/Price/Price - Add to cart button' is: '$10.25'

2019-06-28 17:21:48 - [TEST_STEP][PASSED] - comment("a =" + a): a =$10.25

2019-06-28 17:21:48 - [MESSAGE][INFO] - a =$10.25

2019-06-28 17:21:48 - [TEST_STEP][PASSED] - a1 = a.substring(1): null

2019-06-28 17:21:48 - [TEST_STEP][PASSED] - comment("a1=" + a1): a1=10.25

2019-06-28 17:21:48 - [MESSAGE][INFO] - a1=10.25

2019-06-28 17:21:48 - [TEST_STEP][PASSED] - comment("b =" + b): b =$10.25

2019-06-28 17:21:48 - [MESSAGE][INFO] - b =$10.25

2019-06-28 17:21:48 - [TEST_STEP][PASSED] - b1 = a.substring(1): null

2019-06-28 17:21:48 - [TEST_STEP][PASSED] - comment("b1 =" + b1): b1 =10.25

2019-06-28 17:21:48 - [MESSAGE][INFO] - b1 =10.25

2019-06-28 17:21:48 - [TEST_STEP][PASSED] - verifyEqual(a1, b1): Actual object '10.25' and expected object '10.25' are equal

2019-06-28 17:21:48 - [MESSAGE][PASSED] - Actual object '10.25' and expected object '10.25' are equal

2019-06-28 17:21:48 - [TEST_STEP][PASSED] - click(findTestObject("OCS-MOBILE /Product page/Swatch_3.5g")): Object: 'Object Repository/OCS-MOBILE /Product page/Swatch_3.5g' is clicked on

2019-06-28 17:21:48 - [MESSAGE][PASSED] - Object: 'Object Repository/OCS-MOBILE /Product page/Swatch_3.5g' is clicked on

2019-06-28 17:21:48 - [TEST_STEP][PASSED] - c = getText(findTestObject("OCS-MOBILE /Product page/Price/3.5g Price - Swatch"), STOP_ON_FAILURE): Text of object 'Object Repository/OCS-MOBILE /Product page/Price/3.5g Price - Swatch' is: '$34.10'

2019-06-28 17:21:48 - [MESSAGE][PASSED] - Text of object 'Object Repository/OCS-MOBILE /Product page/Price/3.5g Price - Swatch' is: '$34.10'

2019-06-28 17:21:48 - [TEST_STEP][PASSED] - comment("c =" + c): c =$34.10

2019-06-28 17:21:48 - [MESSAGE][INFO] - c =$34.10

2019-06-28 17:21:48 - [TEST_STEP][PASSED] - c1 = c.substring(1): null

2019-06-28 17:21:48 - [TEST_STEP][PASSED] - comment("c1 =" + c1): c1 =34.10

2019-06-28 17:21:48 - [MESSAGE][INFO] - c1 =34.10

2019-06-28 17:21:48 - [TEST_STEP][PASSED] - d = getText(findTestObject("OCS-MOBILE /Product page/Price/Price - Add to cart button")): Text of object 'Object Repository/OCS-MOBILE /Product page/Price/Price - Add to cart button' is: '$34.10'

2019-06-28 17:21:48 - [MESSAGE][PASSED] - Text of object 'Object Repository/OCS-MOBILE /Product page/Price/Price - Add to cart button' is: '$34.10'

2019-06-28 17:21:48 - [TEST_STEP][PASSED] - comment("d =" + d): d =$34.10

2019-06-28 17:21:48 - [MESSAGE][INFO] - d =$34.10

2019-06-28 17:21:48 - [TEST_STEP][PASSED] - d1 = d.substring(1): null

2019-06-28 17:21:48 - [TEST_STEP][PASSED] - comment("d1 =" + d1): d1 =34.10

2019-06-28 17:21:48 - [MESSAGE][INFO] - d1 =34.10

2019-06-28 17:21:48 - [TEST_STEP][PASSED] - verifyEqual(c1, d1): Actual object '34.10' and expected object '34.10' are equal

2019-06-28 17:21:48 - [MESSAGE][PASSED] - Actual object '34.10' and expected object '34.10' are equal]]></system-out>
         <system-err><![CDATA[]]></system-err>
      </testcase>
      <testcase name="Test Cases/OCS - MOBILE/OCS- PRODUCT PAGE/Learn More" classname="Test Cases/OCS - MOBILE/OCS- PRODUCT PAGE/Learn More" status="PASSED">
         <system-out><![CDATA[2019-06-28 17:21:48 - [TEST_CASE][PASSED] - Test Cases/OCS - MOBILE/OCS- PRODUCT PAGE/Learn More: Test Cases/OCS - MOBILE/OCS- PRODUCT PAGE/Learn More

2019-06-28 17:21:48 - [TEST_STEP][PASSED] - callTestCase(findTestCase("OCS - MOBILE/CALL - PDP"), [:], STOP_ON_FAILURE): Call Test Case 'Test Cases/OCS - MOBILE/CALL - PDP' successfully

2019-06-28 17:21:48 - [TEST_CASE][PASSED] - Test Cases/OCS - MOBILE/CALL - PDP: Test Cases/OCS - MOBILE/CALL - PDP

2019-06-28 17:21:48 - [TEST_STEP][PASSED] - openBrowser(""): Browser is opened with url: ''

2019-06-28 17:21:48 - [MESSAGE][WARNING] - A browser is already opened. Closing browser and opening a new one

2019-06-28 17:21:48 - [MESSAGE][INFO] - Starting 'Safari' driver

2019-06-28 17:21:49 - [MESSAGE][PASSED] - Browser is opened with url: ''

2019-06-28 17:21:49 - [TEST_STEP][PASSED] - navigateToUrl("ocs.ca"): Navigate to 'http://ocs.ca' successfully

2019-06-28 17:21:52 - [MESSAGE][PASSED] - Navigate to 'http://ocs.ca' successfully

2019-06-28 17:21:52 - [TEST_STEP][NOT_RUN] - executeJavaScript("var previewBar = document.getElementById("preview-bar-iframe"); previewBar.style.display = "none";", []): NOT_RUN: executeJavaScript("var previewBar = document.getElementById("preview-bar-iframe"); previewBar.style.display = "none";", [])

2019-06-28 17:21:52 - [MESSAGE][NOT_RUN] - NOT_RUN: executeJavaScript("var previewBar = document.getElementById("preview-bar-iframe"); previewBar.style.display = "none";", [])

2019-06-28 17:21:52 - [TEST_STEP][PASSED] - setViewPortSize(360, 800): Viewport is set to new size with width = 360 and height = 800

2019-06-28 17:21:52 - [MESSAGE][PASSED] - Viewport is set to new size with width = 360 and height = 800

2019-06-28 17:21:52 - [TEST_STEP][PASSED] - delay(4): Delayed 4 second(s)

2019-06-28 17:21:56 - [MESSAGE][PASSED] - Delayed 4 second(s)

2019-06-28 17:21:56 - [TEST_STEP][PASSED] - selectOptionByValue(findTestObject("OCS-MOBILE /Age gate and burger menu/Date"), "12", true): All options with value '12' are selected in object 'Object Repository/OCS-MOBILE /Age gate and burger menu/Date'  using regular expression

2019-06-28 17:21:56 - [MESSAGE][PASSED] - All options with value '12' are selected in object 'Object Repository/OCS-MOBILE /Age gate and burger menu/Date'  using regular expression

2019-06-28 17:21:56 - [TEST_STEP][PASSED] - selectOptionByValue(findTestObject("OCS-MOBILE /Age gate and burger menu/month"), "6", true): All options with value '6' are selected in object 'Object Repository/OCS-MOBILE /Age gate and burger menu/month'  using regular expression

2019-06-28 17:21:57 - [MESSAGE][PASSED] - All options with value '6' are selected in object 'Object Repository/OCS-MOBILE /Age gate and burger menu/month'  using regular expression

2019-06-28 17:21:57 - [TEST_STEP][PASSED] - delay(2): Delayed 2 second(s)

2019-06-28 17:21:59 - [MESSAGE][PASSED] - Delayed 2 second(s)

2019-06-28 17:21:59 - [TEST_STEP][PASSED] - selectOptionByValue(findTestObject("OCS-MOBILE /Age gate and burger menu/Year Dropdown"), "1990", true): All options with value '1990' are selected in object 'Object Repository/OCS-MOBILE /Age gate and burger menu/Year Dropdown'  using regular expression

2019-06-28 17:22:00 - [MESSAGE][PASSED] - All options with value '1990' are selected in object 'Object Repository/OCS-MOBILE /Age gate and burger menu/Year Dropdown'  using regular expression

2019-06-28 17:22:00 - [TEST_STEP][PASSED] - click(findTestObject("OCS-MOBILE /Age gate and Mega menu/button_Verify")): Object: 'Object Repository/OCS-MOBILE /Age gate and Mega menu/button_Verify' is clicked on

2019-06-28 17:22:00 - [MESSAGE][PASSED] - Object: 'Object Repository/OCS-MOBILE /Age gate and Mega menu/button_Verify' is clicked on

2019-06-28 17:22:00 - [TEST_STEP][PASSED] - click(findTestObject("OCS-MOBILE /Age gate and Mega menu/Checkbox_CONFIRM AND ACKNOWLEDGE")): Object: 'Object Repository/OCS-MOBILE /Age gate and Mega menu/Checkbox_CONFIRM AND ACKNOWLEDGE' is clicked on

2019-06-28 17:22:00 - [MESSAGE][PASSED] - Object: 'Object Repository/OCS-MOBILE /Age gate and Mega menu/Checkbox_CONFIRM AND ACKNOWLEDGE' is clicked on

2019-06-28 17:22:00 - [TEST_STEP][PASSED] - click(findTestObject("OCS-MOBILE /Age gate and Mega menu/button_CONFIRM")): Object: 'Object Repository/OCS-MOBILE /Age gate and Mega menu/button_CONFIRM' is clicked on

2019-06-28 17:22:00 - [MESSAGE][PASSED] - Object: 'Object Repository/OCS-MOBILE /Age gate and Mega menu/button_CONFIRM' is clicked on

2019-06-28 17:22:00 - [TEST_STEP][PASSED] - click(findTestObject("OCS-MOBILE /Age gate and Mega menu/button_Start Browsing")): Object: 'Object Repository/OCS-MOBILE /Age gate and Mega menu/button_Start Browsing' is clicked on

2019-06-28 17:22:00 - [MESSAGE][PASSED] - Object: 'Object Repository/OCS-MOBILE /Age gate and Mega menu/button_Start Browsing' is clicked on

2019-06-28 17:22:00 - [TEST_STEP][PASSED] - refresh(): Refresh successfully

2019-06-28 17:22:03 - [MESSAGE][PASSED] - Refresh successfully

2019-06-28 17:22:03 - [TEST_STEP][PASSED] - delay(2): Delayed 2 second(s)

2019-06-28 17:22:05 - [MESSAGE][PASSED] - Delayed 2 second(s)

2019-06-28 17:22:05 - [TEST_STEP][PASSED] - click(findTestObject("OCS-MOBILE /Age gate and burger menu/Burger menu - English")): Object: 'Object Repository/OCS-MOBILE /Age gate and burger menu/Burger menu - English' is clicked on

2019-06-28 17:22:05 - [MESSAGE][PASSED] - Object: 'Object Repository/OCS-MOBILE /Age gate and burger menu/Burger menu - English' is clicked on

2019-06-28 17:22:05 - [TEST_STEP][PASSED] - delay(2): Delayed 2 second(s)

2019-06-28 17:22:07 - [MESSAGE][PASSED] - Delayed 2 second(s)

2019-06-28 17:22:07 - [TEST_STEP][PASSED] - click(findTestObject("OCS-MOBILE /Age gate and burger menu/Chevron_Cannabis")): Object: 'Object Repository/OCS-MOBILE /Age gate and burger menu/Chevron_Cannabis' is clicked on

2019-06-28 17:22:07 - [MESSAGE][PASSED] - Object: 'Object Repository/OCS-MOBILE /Age gate and burger menu/Chevron_Cannabis' is clicked on

2019-06-28 17:22:07 - [TEST_STEP][PASSED] - delay(2): Delayed 2 second(s)

2019-06-28 17:22:09 - [MESSAGE][PASSED] - Delayed 2 second(s)

2019-06-28 17:22:09 - [TEST_STEP][PASSED] - click(findTestObject("OCS-MOBILE /Age gate and burger menu/Dried Flower_Plus icon")): Object: 'Object Repository/OCS-MOBILE /Age gate and burger menu/Dried Flower_Plus icon' is clicked on

2019-06-28 17:22:09 - [MESSAGE][PASSED] - Object: 'Object Repository/OCS-MOBILE /Age gate and burger menu/Dried Flower_Plus icon' is clicked on

2019-06-28 17:22:09 - [TEST_STEP][PASSED] - delay(2): Delayed 2 second(s)

2019-06-28 17:22:11 - [MESSAGE][PASSED] - Delayed 2 second(s)

2019-06-28 17:22:11 - [TEST_STEP][PASSED] - click(findTestObject("OCS-MOBILE /Age gate and burger menu/Indica Dominant_Menu item")): Object: 'Object Repository/OCS-MOBILE /Age gate and burger menu/Indica Dominant_Menu item' is clicked on

2019-06-28 17:22:12 - [MESSAGE][PASSED] - Object: 'Object Repository/OCS-MOBILE /Age gate and burger menu/Indica Dominant_Menu item' is clicked on

2019-06-28 17:22:12 - [TEST_STEP][NOT_RUN] - executeJavaScript("var previewBar = document.getElementById("preview-bar-iframe"); previewBar.style.display = "none";", []): NOT_RUN: executeJavaScript("var previewBar = document.getElementById("preview-bar-iframe"); previewBar.style.display = "none";", [])

2019-06-28 17:22:12 - [MESSAGE][NOT_RUN] - NOT_RUN: executeJavaScript("var previewBar = document.getElementById("preview-bar-iframe"); previewBar.style.display = "none";", [])

2019-06-28 17:22:12 - [TEST_STEP][PASSED] - delay(2): Delayed 2 second(s)

2019-06-28 17:22:14 - [MESSAGE][PASSED] - Delayed 2 second(s)

2019-06-28 17:22:14 - [TEST_STEP][PASSED] - click(findTestObject("OCS-MOBILE /Collection page/Product image - 1st one")): Object: 'Object Repository/OCS-MOBILE /Collection page/Product image - 1st one' is clicked on

2019-06-28 17:22:19 - [MESSAGE][PASSED] - Object: 'Object Repository/OCS-MOBILE /Collection page/Product image - 1st one' is clicked on

2019-06-28 17:22:19 - [TEST_STEP][PASSED] - delay(2): Delayed 2 second(s)

2019-06-28 17:22:21 - [MESSAGE][PASSED] - Delayed 2 second(s)

2019-06-28 17:22:21 - [TEST_STEP][NOT_RUN] - executeJavaScript("var previewBar = document.getElementById("preview-bar-iframe"); previewBar.style.display = "none";", []): NOT_RUN: executeJavaScript("var previewBar = document.getElementById("preview-bar-iframe"); previewBar.style.display = "none";", [])

2019-06-28 17:22:21 - [MESSAGE][NOT_RUN] - NOT_RUN: executeJavaScript("var previewBar = document.getElementById("preview-bar-iframe"); previewBar.style.display = "none";", [])

2019-06-28 17:22:21 - [MESSAGE][PASSED] - Call Test Case 'Test Cases/OCS - MOBILE/CALL - PDP' successfully

2019-06-28 17:22:21 - [TEST_STEP][PASSED] - delay(2): Delayed 2 second(s)

2019-06-28 17:22:23 - [MESSAGE][PASSED] - Delayed 2 second(s)

2019-06-28 17:22:23 - [TEST_STEP][NOT_RUN] - scrollToElement(findTestObject("OCS-MOBILE /Product page/Product image"), 1): NOT_RUN: scrollToElement(findTestObject("OCS-MOBILE /Product page/Product image"), 1)

2019-06-28 17:22:23 - [MESSAGE][NOT_RUN] - NOT_RUN: scrollToElement(findTestObject("OCS-MOBILE /Product page/Product image"), 1)

2019-06-28 17:22:23 - [TEST_STEP][PASSED] - click(findTestObject("OCS-MOBILE /Product page/Learn More - Link")): Object: 'Object Repository/OCS-MOBILE /Product page/Learn More - Link' is clicked on

2019-06-28 17:22:23 - [MESSAGE][PASSED] - Object: 'Object Repository/OCS-MOBILE /Product page/Learn More - Link' is clicked on

2019-06-28 17:22:23 - [TEST_STEP][PASSED] - verifyElementPresent(findTestObject("OCS-MOBILE /Product page/About Product - Table"), 1): Object 'Object Repository/OCS-MOBILE /Product page/About Product - Table' is present

2019-06-28 17:22:23 - [MESSAGE][PASSED] - Object 'Object Repository/OCS-MOBILE /Product page/About Product - Table' is present

2019-06-28 17:22:23 - [TEST_STEP][PASSED] - takeScreenshot(): Taking screenshot successfully

2019-06-28 17:22:24 - [MESSAGE][PASSED] - Taking screenshot successfully
[[ATTACHMENT|/Users/sumankompelly/Relative xpath-Mobile/Reports/Live site/20190628_163954/1561756943939.png]]]]></system-out>
         <system-err><![CDATA[]]></system-err>
      </testcase>
      <testcase name="Test Cases/OCS - MOBILE/OCS- PRODUCT PAGE/Recently viewed" classname="Test Cases/OCS - MOBILE/OCS- PRODUCT PAGE/Recently viewed" status="PASSED">
         <system-out><![CDATA[2019-06-28 17:22:24 - [TEST_CASE][PASSED] - Test Cases/OCS - MOBILE/OCS- PRODUCT PAGE/Recently viewed: Test Cases/OCS - MOBILE/OCS- PRODUCT PAGE/Recently viewed

2019-06-28 17:22:24 - [TEST_STEP][PASSED] - callTestCase(findTestCase("OCS - MOBILE/CALL - PDP"), [:], STOP_ON_FAILURE): Call Test Case 'Test Cases/OCS - MOBILE/CALL - PDP' successfully

2019-06-28 17:22:24 - [TEST_CASE][PASSED] - Test Cases/OCS - MOBILE/CALL - PDP: Test Cases/OCS - MOBILE/CALL - PDP

2019-06-28 17:22:24 - [TEST_STEP][PASSED] - openBrowser(""): Browser is opened with url: ''

2019-06-28 17:22:24 - [MESSAGE][WARNING] - A browser is already opened. Closing browser and opening a new one

2019-06-28 17:22:24 - [MESSAGE][INFO] - Starting 'Safari' driver

2019-06-28 17:22:25 - [MESSAGE][PASSED] - Browser is opened with url: ''

2019-06-28 17:22:25 - [TEST_STEP][PASSED] - navigateToUrl("ocs.ca"): Navigate to 'http://ocs.ca' successfully

2019-06-28 17:22:26 - [MESSAGE][PASSED] - Navigate to 'http://ocs.ca' successfully

2019-06-28 17:22:26 - [TEST_STEP][NOT_RUN] - executeJavaScript("var previewBar = document.getElementById("preview-bar-iframe"); previewBar.style.display = "none";", []): NOT_RUN: executeJavaScript("var previewBar = document.getElementById("preview-bar-iframe"); previewBar.style.display = "none";", [])

2019-06-28 17:22:26 - [MESSAGE][NOT_RUN] - NOT_RUN: executeJavaScript("var previewBar = document.getElementById("preview-bar-iframe"); previewBar.style.display = "none";", [])

2019-06-28 17:22:26 - [TEST_STEP][PASSED] - setViewPortSize(360, 800): Viewport is set to new size with width = 360 and height = 800

2019-06-28 17:22:26 - [MESSAGE][PASSED] - Viewport is set to new size with width = 360 and height = 800

2019-06-28 17:22:26 - [TEST_STEP][PASSED] - delay(4): Delayed 4 second(s)

2019-06-28 17:22:30 - [MESSAGE][PASSED] - Delayed 4 second(s)

2019-06-28 17:22:30 - [TEST_STEP][PASSED] - selectOptionByValue(findTestObject("OCS-MOBILE /Age gate and burger menu/Date"), "12", true): All options with value '12' are selected in object 'Object Repository/OCS-MOBILE /Age gate and burger menu/Date'  using regular expression

2019-06-28 17:22:31 - [MESSAGE][PASSED] - All options with value '12' are selected in object 'Object Repository/OCS-MOBILE /Age gate and burger menu/Date'  using regular expression

2019-06-28 17:22:31 - [TEST_STEP][PASSED] - selectOptionByValue(findTestObject("OCS-MOBILE /Age gate and burger menu/month"), "6", true): All options with value '6' are selected in object 'Object Repository/OCS-MOBILE /Age gate and burger menu/month'  using regular expression

2019-06-28 17:22:31 - [MESSAGE][PASSED] - All options with value '6' are selected in object 'Object Repository/OCS-MOBILE /Age gate and burger menu/month'  using regular expression

2019-06-28 17:22:31 - [TEST_STEP][PASSED] - delay(2): Delayed 2 second(s)

2019-06-28 17:22:33 - [MESSAGE][PASSED] - Delayed 2 second(s)

2019-06-28 17:22:33 - [TEST_STEP][PASSED] - selectOptionByValue(findTestObject("OCS-MOBILE /Age gate and burger menu/Year Dropdown"), "1990", true): All options with value '1990' are selected in object 'Object Repository/OCS-MOBILE /Age gate and burger menu/Year Dropdown'  using regular expression

2019-06-28 17:22:35 - [MESSAGE][PASSED] - All options with value '1990' are selected in object 'Object Repository/OCS-MOBILE /Age gate and burger menu/Year Dropdown'  using regular expression

2019-06-28 17:22:35 - [TEST_STEP][PASSED] - click(findTestObject("OCS-MOBILE /Age gate and Mega menu/button_Verify")): Object: 'Object Repository/OCS-MOBILE /Age gate and Mega menu/button_Verify' is clicked on

2019-06-28 17:22:35 - [MESSAGE][PASSED] - Object: 'Object Repository/OCS-MOBILE /Age gate and Mega menu/button_Verify' is clicked on

2019-06-28 17:22:35 - [TEST_STEP][PASSED] - click(findTestObject("OCS-MOBILE /Age gate and Mega menu/Checkbox_CONFIRM AND ACKNOWLEDGE")): Object: 'Object Repository/OCS-MOBILE /Age gate and Mega menu/Checkbox_CONFIRM AND ACKNOWLEDGE' is clicked on

2019-06-28 17:22:35 - [MESSAGE][PASSED] - Object: 'Object Repository/OCS-MOBILE /Age gate and Mega menu/Checkbox_CONFIRM AND ACKNOWLEDGE' is clicked on

2019-06-28 17:22:35 - [TEST_STEP][PASSED] - click(findTestObject("OCS-MOBILE /Age gate and Mega menu/button_CONFIRM")): Object: 'Object Repository/OCS-MOBILE /Age gate and Mega menu/button_CONFIRM' is clicked on

2019-06-28 17:22:35 - [MESSAGE][PASSED] - Object: 'Object Repository/OCS-MOBILE /Age gate and Mega menu/button_CONFIRM' is clicked on

2019-06-28 17:22:35 - [TEST_STEP][PASSED] - click(findTestObject("OCS-MOBILE /Age gate and Mega menu/button_Start Browsing")): Object: 'Object Repository/OCS-MOBILE /Age gate and Mega menu/button_Start Browsing' is clicked on

2019-06-28 17:22:35 - [MESSAGE][PASSED] - Object: 'Object Repository/OCS-MOBILE /Age gate and Mega menu/button_Start Browsing' is clicked on

2019-06-28 17:22:35 - [TEST_STEP][PASSED] - refresh(): Refresh successfully

2019-06-28 17:22:38 - [MESSAGE][PASSED] - Refresh successfully

2019-06-28 17:22:38 - [TEST_STEP][PASSED] - delay(2): Delayed 2 second(s)

2019-06-28 17:22:40 - [MESSAGE][PASSED] - Delayed 2 second(s)

2019-06-28 17:22:40 - [TEST_STEP][PASSED] - click(findTestObject("OCS-MOBILE /Age gate and burger menu/Burger menu - English")): Object: 'Object Repository/OCS-MOBILE /Age gate and burger menu/Burger menu - English' is clicked on

2019-06-28 17:22:40 - [MESSAGE][PASSED] - Object: 'Object Repository/OCS-MOBILE /Age gate and burger menu/Burger menu - English' is clicked on

2019-06-28 17:22:40 - [TEST_STEP][PASSED] - delay(2): Delayed 2 second(s)

2019-06-28 17:22:42 - [MESSAGE][PASSED] - Delayed 2 second(s)

2019-06-28 17:22:42 - [TEST_STEP][PASSED] - click(findTestObject("OCS-MOBILE /Age gate and burger menu/Chevron_Cannabis")): Object: 'Object Repository/OCS-MOBILE /Age gate and burger menu/Chevron_Cannabis' is clicked on

2019-06-28 17:22:42 - [MESSAGE][PASSED] - Object: 'Object Repository/OCS-MOBILE /Age gate and burger menu/Chevron_Cannabis' is clicked on

2019-06-28 17:22:42 - [TEST_STEP][PASSED] - delay(2): Delayed 2 second(s)

2019-06-28 17:22:44 - [MESSAGE][PASSED] - Delayed 2 second(s)

2019-06-28 17:22:44 - [TEST_STEP][PASSED] - click(findTestObject("OCS-MOBILE /Age gate and burger menu/Dried Flower_Plus icon")): Object: 'Object Repository/OCS-MOBILE /Age gate and burger menu/Dried Flower_Plus icon' is clicked on

2019-06-28 17:22:44 - [MESSAGE][PASSED] - Object: 'Object Repository/OCS-MOBILE /Age gate and burger menu/Dried Flower_Plus icon' is clicked on

2019-06-28 17:22:44 - [TEST_STEP][PASSED] - delay(2): Delayed 2 second(s)

2019-06-28 17:22:46 - [MESSAGE][PASSED] - Delayed 2 second(s)

2019-06-28 17:22:46 - [TEST_STEP][PASSED] - click(findTestObject("OCS-MOBILE /Age gate and burger menu/Indica Dominant_Menu item")): Object: 'Object Repository/OCS-MOBILE /Age gate and burger menu/Indica Dominant_Menu item' is clicked on

2019-06-28 17:22:46 - [MESSAGE][PASSED] - Object: 'Object Repository/OCS-MOBILE /Age gate and burger menu/Indica Dominant_Menu item' is clicked on

2019-06-28 17:22:46 - [TEST_STEP][NOT_RUN] - executeJavaScript("var previewBar = document.getElementById("preview-bar-iframe"); previewBar.style.display = "none";", []): NOT_RUN: executeJavaScript("var previewBar = document.getElementById("preview-bar-iframe"); previewBar.style.display = "none";", [])

2019-06-28 17:22:46 - [MESSAGE][NOT_RUN] - NOT_RUN: executeJavaScript("var previewBar = document.getElementById("preview-bar-iframe"); previewBar.style.display = "none";", [])

2019-06-28 17:22:46 - [TEST_STEP][PASSED] - delay(2): Delayed 2 second(s)

2019-06-28 17:22:48 - [MESSAGE][PASSED] - Delayed 2 second(s)

2019-06-28 17:22:48 - [TEST_STEP][PASSED] - click(findTestObject("OCS-MOBILE /Collection page/Product image - 1st one")): Object: 'Object Repository/OCS-MOBILE /Collection page/Product image - 1st one' is clicked on

2019-06-28 17:22:51 - [MESSAGE][PASSED] - Object: 'Object Repository/OCS-MOBILE /Collection page/Product image - 1st one' is clicked on

2019-06-28 17:22:51 - [TEST_STEP][PASSED] - delay(2): Delayed 2 second(s)

2019-06-28 17:22:53 - [MESSAGE][PASSED] - Delayed 2 second(s)

2019-06-28 17:22:53 - [TEST_STEP][NOT_RUN] - executeJavaScript("var previewBar = document.getElementById("preview-bar-iframe"); previewBar.style.display = "none";", []): NOT_RUN: executeJavaScript("var previewBar = document.getElementById("preview-bar-iframe"); previewBar.style.display = "none";", [])

2019-06-28 17:22:53 - [MESSAGE][NOT_RUN] - NOT_RUN: executeJavaScript("var previewBar = document.getElementById("preview-bar-iframe"); previewBar.style.display = "none";", [])

2019-06-28 17:22:53 - [MESSAGE][PASSED] - Call Test Case 'Test Cases/OCS - MOBILE/CALL - PDP' successfully

2019-06-28 17:22:53 - [TEST_STEP][PASSED] - a = getWindowTitle(): Current window's title is: 'Dreamweaver | Ontario Cannabis Store'

2019-06-28 17:22:53 - [MESSAGE][PASSED] - Current window's title is: 'Dreamweaver | Ontario Cannabis Store'

2019-06-28 17:22:53 - [TEST_STEP][PASSED] - comment("WINDOW TITLE: " + a): WINDOW TITLE: Dreamweaver | Ontario Cannabis Store

2019-06-28 17:22:53 - [MESSAGE][INFO] - WINDOW TITLE: Dreamweaver | Ontario Cannabis Store

2019-06-28 17:22:53 - [TEST_STEP][PASSED] - scrollToElement(findTestObject("OCS-MOBILE /Product page/How to choose cannabis product - Button"), 2): Scroll to object 'Object Repository/OCS-MOBILE /Product page/How to choose cannabis product - Button' successfully

2019-06-28 17:22:53 - [MESSAGE][PASSED] - Scroll to object 'Object Repository/OCS-MOBILE /Product page/How to choose cannabis product - Button' successfully

2019-06-28 17:22:53 - [TEST_STEP][PASSED] - click(findTestObject("OCS-MOBILE /Product page/Recently Viewed/1st Product - Image")): Object: 'Object Repository/OCS-MOBILE /Product page/Recently Viewed/1st Product - Image' is clicked on

2019-06-28 17:22:55 - [MESSAGE][PASSED] - Object: 'Object Repository/OCS-MOBILE /Product page/Recently Viewed/1st Product - Image' is clicked on

2019-06-28 17:22:55 - [TEST_STEP][PASSED] - delay(2): Delayed 2 second(s)

2019-06-28 17:22:57 - [MESSAGE][PASSED] - Delayed 2 second(s)

2019-06-28 17:22:57 - [TEST_STEP][PASSED] - b = getWindowTitle(): Current window's title is: 'Dreamweaver | Ontario Cannabis Store'

2019-06-28 17:22:57 - [MESSAGE][PASSED] - Current window's title is: 'Dreamweaver | Ontario Cannabis Store'

2019-06-28 17:22:57 - [TEST_STEP][PASSED] - comment("WINDOW TITLE:" + b): WINDOW TITLE:Dreamweaver | Ontario Cannabis Store

2019-06-28 17:22:57 - [MESSAGE][INFO] - WINDOW TITLE:Dreamweaver | Ontario Cannabis Store

2019-06-28 17:22:57 - [TEST_STEP][PASSED] - if (a == b): WINDOW TITLES ARE SAME

2019-06-28 17:22:57 - [TEST_STEP][PASSED] - comment("WINDOW TITLES ARE SAME"): WINDOW TITLES ARE SAME

2019-06-28 17:22:57 - [MESSAGE][INFO] - WINDOW TITLES ARE SAME]]></system-out>
         <system-err><![CDATA[]]></system-err>
      </testcase>
      <testcase name="Test Cases/OCS - MOBILE/OCS- PRODUCT PAGE/variants selector" classname="Test Cases/OCS - MOBILE/OCS- PRODUCT PAGE/variants selector" status="FAILED">
         <failure type="FAILED" message="Test Cases/OCS - MOBILE/OCS- PRODUCT PAGE/variants selector FAILED.
Reason:
com.kms.katalon.core.exception.StepFailedException: Unable to click on object 'Object Repository/OCS-MOBILE /Product page/Swatch_7g' (Root cause: org.openqa.selenium.ElementNotInteractableException: 
Build info: version: '3.7.1', revision: '8a0099a', time: '2017-11-06T21:07:36.161Z'
System info: host: 'sumans-MacBook-Pro.local', ip: 'fe80:0:0:0:14f6:8d5f:4e59:4e6f%en0', os.name: 'Mac OS X', os.arch: 'x86_64', os.version: '10.13.6', java.version: '1.8.0_181'
Driver info: com.kms.katalon.selenium.driver.CSafariDriver
Capabilities {acceptInsecureCerts: false, browserName: Safari, browserVersion: 12.1, javascriptEnabled: true, platform: MAC, platformName: MAC, safari:automaticInspection: false, safari:automaticProfiling: false, safari:diagnose: false, setWindowRect: true, strictFileInteractability: false, webkit:WebRTC: {DisableICECandidateFiltering: false, DisableInsecureMediaCapture: false}}
Session ID: 2EFEAFA8-BEB3-458C-AE97-CED7086AAF81)
	at com.kms.katalon.core.keyword.internal.KeywordMain.stepFailed(KeywordMain.groovy:32)
	at com.kms.katalon.core.webui.keyword.internal.WebUIKeywordMain.stepFailed(WebUIKeywordMain.groovy:65)
	at com.kms.katalon.core.webui.keyword.internal.WebUIKeywordMain.runKeyword(WebUIKeywordMain.groovy:27)
	at com.kms.katalon.core.webui.keyword.builtin.ClickKeyword.click(ClickKeyword.groovy:86)
	at com.kms.katalon.core.webui.keyword.builtin.ClickKeyword.execute(ClickKeyword.groovy:67)
	at com.kms.katalon.core.keyword.internal.KeywordExecutor.executeKeywordForPlatform(KeywordExecutor.groovy:53)
	at com.kms.katalon.core.webui.keyword.WebUiBuiltInKeywords.click(WebUiBuiltInKeywords.groovy:604)
	at com.kms.katalon.core.webui.keyword.WebUiBuiltInKeywords$click$6.call(Unknown Source)
	at variants selector.run(variants selector:70)
	at com.kms.katalon.core.main.ScriptEngine.run(ScriptEngine.java:194)
	at com.kms.katalon.core.main.ScriptEngine.runScriptAsRawText(ScriptEngine.java:119)
	at com.kms.katalon.core.main.TestCaseExecutor.runScript(TestCaseExecutor.java:328)
	at com.kms.katalon.core.main.TestCaseExecutor.doExecute(TestCaseExecutor.java:319)
	at com.kms.katalon.core.main.TestCaseExecutor.processExecutionPhase(TestCaseExecutor.java:298)
	at com.kms.katalon.core.main.TestCaseExecutor.accessMainPhase(TestCaseExecutor.java:290)
	at com.kms.katalon.core.main.TestCaseExecutor.execute(TestCaseExecutor.java:224)
	at com.kms.katalon.core.main.TestSuiteExecutor.accessTestCaseMainPhase(TestSuiteExecutor.java:129)
	at com.kms.katalon.core.main.TestSuiteExecutor.accessTestSuiteMainPhase(TestSuiteExecutor.java:112)
	at com.kms.katalon.core.main.TestSuiteExecutor.execute(TestSuiteExecutor.java:81)
	at com.kms.katalon.core.main.TestCaseMain.startTestSuite(TestCaseMain.java:149)
	at com.kms.katalon.core.main.TestCaseMain$startTestSuite$0.call(Unknown Source)
	at TempTestSuite1561754394056.run(TempTestSuite1561754394056.groovy:36)
"/>
         <system-out><![CDATA[2019-06-28 17:22:57 - [TEST_CASE][FAILED] - Test Cases/OCS - MOBILE/OCS- PRODUCT PAGE/variants selector: Test Cases/OCS - MOBILE/OCS- PRODUCT PAGE/variants selector FAILED.
Reason:
com.kms.katalon.core.exception.StepFailedException: Unable to click on object 'Object Repository/OCS-MOBILE /Product page/Swatch_7g' (Root cause: org.openqa.selenium.ElementNotInteractableException: 
Build info: version: '3.7.1', revision: '8a0099a', time: '2017-11-06T21:07:36.161Z'
System info: host: 'sumans-MacBook-Pro.local', ip: 'fe80:0:0:0:14f6:8d5f:4e59:4e6f%en0', os.name: 'Mac OS X', os.arch: 'x86_64', os.version: '10.13.6', java.version: '1.8.0_181'
Driver info: com.kms.katalon.selenium.driver.CSafariDriver
Capabilities {acceptInsecureCerts: false, browserName: Safari, browserVersion: 12.1, javascriptEnabled: true, platform: MAC, platformName: MAC, safari:automaticInspection: false, safari:automaticProfiling: false, safari:diagnose: false, setWindowRect: true, strictFileInteractability: false, webkit:WebRTC: {DisableICECandidateFiltering: false, DisableInsecureMediaCapture: false}}
Session ID: 2EFEAFA8-BEB3-458C-AE97-CED7086AAF81)
	at com.kms.katalon.core.keyword.internal.KeywordMain.stepFailed(KeywordMain.groovy:32)
	at com.kms.katalon.core.webui.keyword.internal.WebUIKeywordMain.stepFailed(WebUIKeywordMain.groovy:65)
	at com.kms.katalon.core.webui.keyword.internal.WebUIKeywordMain.runKeyword(WebUIKeywordMain.groovy:27)
	at com.kms.katalon.core.webui.keyword.builtin.ClickKeyword.click(ClickKeyword.groovy:86)
	at com.kms.katalon.core.webui.keyword.builtin.ClickKeyword.execute(ClickKeyword.groovy:67)
	at com.kms.katalon.core.keyword.internal.KeywordExecutor.executeKeywordForPlatform(KeywordExecutor.groovy:53)
	at com.kms.katalon.core.webui.keyword.WebUiBuiltInKeywords.click(WebUiBuiltInKeywords.groovy:604)
	at com.kms.katalon.core.webui.keyword.WebUiBuiltInKeywords$click$6.call(Unknown Source)
	at variants selector.run(variants selector:70)
	at com.kms.katalon.core.main.ScriptEngine.run(ScriptEngine.java:194)
	at com.kms.katalon.core.main.ScriptEngine.runScriptAsRawText(ScriptEngine.java:119)
	at com.kms.katalon.core.main.TestCaseExecutor.runScript(TestCaseExecutor.java:328)
	at com.kms.katalon.core.main.TestCaseExecutor.doExecute(TestCaseExecutor.java:319)
	at com.kms.katalon.core.main.TestCaseExecutor.processExecutionPhase(TestCaseExecutor.java:298)
	at com.kms.katalon.core.main.TestCaseExecutor.accessMainPhase(TestCaseExecutor.java:290)
	at com.kms.katalon.core.main.TestCaseExecutor.execute(TestCaseExecutor.java:224)
	at com.kms.katalon.core.main.TestSuiteExecutor.accessTestCaseMainPhase(TestSuiteExecutor.java:129)
	at com.kms.katalon.core.main.TestSuiteExecutor.accessTestSuiteMainPhase(TestSuiteExecutor.java:112)
	at com.kms.katalon.core.main.TestSuiteExecutor.execute(TestSuiteExecutor.java:81)
	at com.kms.katalon.core.main.TestCaseMain.startTestSuite(TestCaseMain.java:149)
	at com.kms.katalon.core.main.TestCaseMain$startTestSuite$0.call(Unknown Source)
	at TempTestSuite1561754394056.run(TempTestSuite1561754394056.groovy:36)


2019-06-28 17:22:57 - [TEST_STEP][PASSED] - callTestCase(findTestCase("OCS - MOBILE/CALL - PDP"), [:], STOP_ON_FAILURE): Call Test Case 'Test Cases/OCS - MOBILE/CALL - PDP' successfully

2019-06-28 17:22:58 - [TEST_CASE][PASSED] - Test Cases/OCS - MOBILE/CALL - PDP: Test Cases/OCS - MOBILE/CALL - PDP

2019-06-28 17:22:58 - [TEST_STEP][PASSED] - openBrowser(""): Browser is opened with url: ''

2019-06-28 17:22:58 - [MESSAGE][WARNING] - A browser is already opened. Closing browser and opening a new one

2019-06-28 17:22:58 - [MESSAGE][INFO] - Starting 'Safari' driver

2019-06-28 17:22:58 - [MESSAGE][PASSED] - Browser is opened with url: ''

2019-06-28 17:22:58 - [TEST_STEP][PASSED] - navigateToUrl("ocs.ca"): Navigate to 'http://ocs.ca' successfully

2019-06-28 17:23:00 - [MESSAGE][PASSED] - Navigate to 'http://ocs.ca' successfully

2019-06-28 17:23:00 - [TEST_STEP][NOT_RUN] - executeJavaScript("var previewBar = document.getElementById("preview-bar-iframe"); previewBar.style.display = "none";", []): NOT_RUN: executeJavaScript("var previewBar = document.getElementById("preview-bar-iframe"); previewBar.style.display = "none";", [])

2019-06-28 17:23:00 - [MESSAGE][NOT_RUN] - NOT_RUN: executeJavaScript("var previewBar = document.getElementById("preview-bar-iframe"); previewBar.style.display = "none";", [])

2019-06-28 17:23:00 - [TEST_STEP][PASSED] - setViewPortSize(360, 800): Viewport is set to new size with width = 360 and height = 800

2019-06-28 17:23:00 - [MESSAGE][PASSED] - Viewport is set to new size with width = 360 and height = 800

2019-06-28 17:23:00 - [TEST_STEP][PASSED] - delay(4): Delayed 4 second(s)

2019-06-28 17:23:04 - [MESSAGE][PASSED] - Delayed 4 second(s)

2019-06-28 17:23:04 - [TEST_STEP][PASSED] - selectOptionByValue(findTestObject("OCS-MOBILE /Age gate and burger menu/Date"), "12", true): All options with value '12' are selected in object 'Object Repository/OCS-MOBILE /Age gate and burger menu/Date'  using regular expression

2019-06-28 17:23:04 - [MESSAGE][PASSED] - All options with value '12' are selected in object 'Object Repository/OCS-MOBILE /Age gate and burger menu/Date'  using regular expression

2019-06-28 17:23:04 - [TEST_STEP][PASSED] - selectOptionByValue(findTestObject("OCS-MOBILE /Age gate and burger menu/month"), "6", true): All options with value '6' are selected in object 'Object Repository/OCS-MOBILE /Age gate and burger menu/month'  using regular expression

2019-06-28 17:23:05 - [MESSAGE][PASSED] - All options with value '6' are selected in object 'Object Repository/OCS-MOBILE /Age gate and burger menu/month'  using regular expression

2019-06-28 17:23:05 - [TEST_STEP][PASSED] - delay(2): Delayed 2 second(s)

2019-06-28 17:23:07 - [MESSAGE][PASSED] - Delayed 2 second(s)

2019-06-28 17:23:07 - [TEST_STEP][PASSED] - selectOptionByValue(findTestObject("OCS-MOBILE /Age gate and burger menu/Year Dropdown"), "1990", true): All options with value '1990' are selected in object 'Object Repository/OCS-MOBILE /Age gate and burger menu/Year Dropdown'  using regular expression

2019-06-28 17:23:08 - [MESSAGE][PASSED] - All options with value '1990' are selected in object 'Object Repository/OCS-MOBILE /Age gate and burger menu/Year Dropdown'  using regular expression

2019-06-28 17:23:08 - [TEST_STEP][PASSED] - click(findTestObject("OCS-MOBILE /Age gate and Mega menu/button_Verify")): Object: 'Object Repository/OCS-MOBILE /Age gate and Mega menu/button_Verify' is clicked on

2019-06-28 17:23:08 - [MESSAGE][PASSED] - Object: 'Object Repository/OCS-MOBILE /Age gate and Mega menu/button_Verify' is clicked on

2019-06-28 17:23:08 - [TEST_STEP][PASSED] - click(findTestObject("OCS-MOBILE /Age gate and Mega menu/Checkbox_CONFIRM AND ACKNOWLEDGE")): Object: 'Object Repository/OCS-MOBILE /Age gate and Mega menu/Checkbox_CONFIRM AND ACKNOWLEDGE' is clicked on

2019-06-28 17:23:08 - [MESSAGE][PASSED] - Object: 'Object Repository/OCS-MOBILE /Age gate and Mega menu/Checkbox_CONFIRM AND ACKNOWLEDGE' is clicked on

2019-06-28 17:23:08 - [TEST_STEP][PASSED] - click(findTestObject("OCS-MOBILE /Age gate and Mega menu/button_CONFIRM")): Object: 'Object Repository/OCS-MOBILE /Age gate and Mega menu/button_CONFIRM' is clicked on

2019-06-28 17:23:08 - [MESSAGE][PASSED] - Object: 'Object Repository/OCS-MOBILE /Age gate and Mega menu/button_CONFIRM' is clicked on

2019-06-28 17:23:08 - [TEST_STEP][PASSED] - click(findTestObject("OCS-MOBILE /Age gate and Mega menu/button_Start Browsing")): Object: 'Object Repository/OCS-MOBILE /Age gate and Mega menu/button_Start Browsing' is clicked on

2019-06-28 17:23:08 - [MESSAGE][PASSED] - Object: 'Object Repository/OCS-MOBILE /Age gate and Mega menu/button_Start Browsing' is clicked on

2019-06-28 17:23:08 - [TEST_STEP][PASSED] - refresh(): Refresh successfully

2019-06-28 17:23:10 - [MESSAGE][PASSED] - Refresh successfully

2019-06-28 17:23:10 - [TEST_STEP][PASSED] - delay(2): Delayed 2 second(s)

2019-06-28 17:23:12 - [MESSAGE][PASSED] - Delayed 2 second(s)

2019-06-28 17:23:12 - [TEST_STEP][PASSED] - click(findTestObject("OCS-MOBILE /Age gate and burger menu/Burger menu - English")): Object: 'Object Repository/OCS-MOBILE /Age gate and burger menu/Burger menu - English' is clicked on

2019-06-28 17:23:13 - [MESSAGE][PASSED] - Object: 'Object Repository/OCS-MOBILE /Age gate and burger menu/Burger menu - English' is clicked on

2019-06-28 17:23:13 - [TEST_STEP][PASSED] - delay(2): Delayed 2 second(s)

2019-06-28 17:23:15 - [MESSAGE][PASSED] - Delayed 2 second(s)

2019-06-28 17:23:15 - [TEST_STEP][PASSED] - click(findTestObject("OCS-MOBILE /Age gate and burger menu/Chevron_Cannabis")): Object: 'Object Repository/OCS-MOBILE /Age gate and burger menu/Chevron_Cannabis' is clicked on

2019-06-28 17:23:15 - [MESSAGE][PASSED] - Object: 'Object Repository/OCS-MOBILE /Age gate and burger menu/Chevron_Cannabis' is clicked on

2019-06-28 17:23:15 - [TEST_STEP][PASSED] - delay(2): Delayed 2 second(s)

2019-06-28 17:23:17 - [MESSAGE][PASSED] - Delayed 2 second(s)

2019-06-28 17:23:17 - [TEST_STEP][PASSED] - click(findTestObject("OCS-MOBILE /Age gate and burger menu/Dried Flower_Plus icon")): Object: 'Object Repository/OCS-MOBILE /Age gate and burger menu/Dried Flower_Plus icon' is clicked on

2019-06-28 17:23:17 - [MESSAGE][PASSED] - Object: 'Object Repository/OCS-MOBILE /Age gate and burger menu/Dried Flower_Plus icon' is clicked on

2019-06-28 17:23:17 - [TEST_STEP][PASSED] - delay(2): Delayed 2 second(s)

2019-06-28 17:23:19 - [MESSAGE][PASSED] - Delayed 2 second(s)

2019-06-28 17:23:19 - [TEST_STEP][PASSED] - click(findTestObject("OCS-MOBILE /Age gate and burger menu/Indica Dominant_Menu item")): Object: 'Object Repository/OCS-MOBILE /Age gate and burger menu/Indica Dominant_Menu item' is clicked on

2019-06-28 17:23:19 - [MESSAGE][PASSED] - Object: 'Object Repository/OCS-MOBILE /Age gate and burger menu/Indica Dominant_Menu item' is clicked on

2019-06-28 17:23:19 - [TEST_STEP][NOT_RUN] - executeJavaScript("var previewBar = document.getElementById("preview-bar-iframe"); previewBar.style.display = "none";", []): NOT_RUN: executeJavaScript("var previewBar = document.getElementById("preview-bar-iframe"); previewBar.style.display = "none";", [])

2019-06-28 17:23:19 - [MESSAGE][NOT_RUN] - NOT_RUN: executeJavaScript("var previewBar = document.getElementById("preview-bar-iframe"); previewBar.style.display = "none";", [])

2019-06-28 17:23:19 - [TEST_STEP][PASSED] - delay(2): Delayed 2 second(s)

2019-06-28 17:23:21 - [MESSAGE][PASSED] - Delayed 2 second(s)

2019-06-28 17:23:21 - [TEST_STEP][PASSED] - click(findTestObject("OCS-MOBILE /Collection page/Product image - 1st one")): Object: 'Object Repository/OCS-MOBILE /Collection page/Product image - 1st one' is clicked on

2019-06-28 17:23:23 - [MESSAGE][PASSED] - Object: 'Object Repository/OCS-MOBILE /Collection page/Product image - 1st one' is clicked on

2019-06-28 17:23:23 - [TEST_STEP][PASSED] - delay(2): Delayed 2 second(s)

2019-06-28 17:23:25 - [MESSAGE][PASSED] - Delayed 2 second(s)

2019-06-28 17:23:25 - [TEST_STEP][NOT_RUN] - executeJavaScript("var previewBar = document.getElementById("preview-bar-iframe"); previewBar.style.display = "none";", []): NOT_RUN: executeJavaScript("var previewBar = document.getElementById("preview-bar-iframe"); previewBar.style.display = "none";", [])

2019-06-28 17:23:25 - [MESSAGE][NOT_RUN] - NOT_RUN: executeJavaScript("var previewBar = document.getElementById("preview-bar-iframe"); previewBar.style.display = "none";", [])

2019-06-28 17:23:25 - [MESSAGE][PASSED] - Call Test Case 'Test Cases/OCS - MOBILE/CALL - PDP' successfully

2019-06-28 17:23:25 - [TEST_STEP][PASSED] - navigateToUrl("https://ocs.ca/products/lola-montes-edison"): Navigate to 'https://ocs.ca/products/lola-montes-edison' successfully

2019-06-28 17:23:29 - [MESSAGE][PASSED] - Navigate to 'https://ocs.ca/products/lola-montes-edison' successfully

2019-06-28 17:23:29 - [TEST_STEP][NOT_RUN] - executeJavaScript("var previewBar = document.getElementById("preview-bar-iframe"); previewBar.style.display = "none";", []): NOT_RUN: executeJavaScript("var previewBar = document.getElementById("preview-bar-iframe"); previewBar.style.display = "none";", [])

2019-06-28 17:23:29 - [MESSAGE][NOT_RUN] - NOT_RUN: executeJavaScript("var previewBar = document.getElementById("preview-bar-iframe"); previewBar.style.display = "none";", [])

2019-06-28 17:23:29 - [TEST_STEP][PASSED] - delay(2): Delayed 2 second(s)

2019-06-28 17:23:31 - [MESSAGE][PASSED] - Delayed 2 second(s)

2019-06-28 17:23:31 - [TEST_STEP][NOT_RUN] - scrollToElement(findTestObject("OCS-MOBILE /Product page/Product image"), 1): NOT_RUN: scrollToElement(findTestObject("OCS-MOBILE /Product page/Product image"), 1)

2019-06-28 17:23:31 - [MESSAGE][NOT_RUN] - NOT_RUN: scrollToElement(findTestObject("OCS-MOBILE /Product page/Product image"), 1)

2019-06-28 17:23:31 - [TEST_STEP][PASSED] - delay(2): Delayed 2 second(s)

2019-06-28 17:23:33 - [MESSAGE][PASSED] - Delayed 2 second(s)

2019-06-28 17:23:33 - [TEST_STEP][PASSED] - flag1 = verifyElementClickable(findTestObject("OCS-MOBILE /Product page/Swatch_1g")): Object 'Object Repository/OCS-MOBILE /Product page/Swatch_1g' is clickable

2019-06-28 17:23:33 - [MESSAGE][PASSED] - Object 'Object Repository/OCS-MOBILE /Product page/Swatch_1g' is clickable

2019-06-28 17:23:33 - [TEST_STEP][PASSED] - comment("flag1=" + flag1): flag1=true

2019-06-28 17:23:33 - [MESSAGE][INFO] - flag1=true

2019-06-28 17:23:33 - [TEST_STEP][PASSED] - if (flag1 == true): Delayed 1 second(s)

2019-06-28 17:23:33 - [TEST_STEP][PASSED] - delay(2): Delayed 2 second(s)

2019-06-28 17:23:35 - [MESSAGE][PASSED] - Delayed 2 second(s)

2019-06-28 17:23:35 - [TEST_STEP][PASSED] - click(findTestObject("OCS-MOBILE /Product page/Swatch_1g"), CONTINUE_ON_FAILURE): Object: 'Object Repository/OCS-MOBILE /Product page/Swatch_1g' is clicked on

2019-06-28 17:23:35 - [MESSAGE][PASSED] - Object: 'Object Repository/OCS-MOBILE /Product page/Swatch_1g' is clicked on

2019-06-28 17:23:35 - [TEST_STEP][PASSED] - delay(3): Delayed 3 second(s)

2019-06-28 17:23:38 - [MESSAGE][PASSED] - Delayed 3 second(s)

2019-06-28 17:23:38 - [TEST_STEP][PASSED] - delay(1): Delayed 1 second(s)

2019-06-28 17:23:39 - [MESSAGE][PASSED] - Delayed 1 second(s)

2019-06-28 17:23:39 - [TEST_STEP][PASSED] - takeScreenshot(): Taking screenshot successfully

2019-06-28 17:23:39 - [MESSAGE][PASSED] - Taking screenshot successfully
[[ATTACHMENT|/Users/sumankompelly/Relative xpath-Mobile/Reports/Live site/20190628_163954/1561757019248.png]]

2019-06-28 17:23:39 - [TEST_STEP][PASSED] - delay(1): Delayed 1 second(s)

2019-06-28 17:23:40 - [MESSAGE][PASSED] - Delayed 1 second(s)

2019-06-28 17:23:40 - [TEST_STEP][PASSED] - flag2 = verifyElementClickable(findTestObject("OCS-MOBILE /Product page/Swatch_3.5g")): Object 'Object Repository/OCS-MOBILE /Product page/Swatch_3.5g' is clickable

2019-06-28 17:23:40 - [MESSAGE][PASSED] - Object 'Object Repository/OCS-MOBILE /Product page/Swatch_3.5g' is clickable

2019-06-28 17:23:40 - [TEST_STEP][PASSED] - comment("flag2=" + flag2): flag2=true

2019-06-28 17:23:40 - [MESSAGE][INFO] - flag2=true

2019-06-28 17:23:40 - [TEST_STEP][PASSED] - if (flag2 == true): Delayed 1 second(s)

2019-06-28 17:23:40 - [TEST_STEP][PASSED] - click(findTestObject("OCS-MOBILE /Product page/Swatch_3.5g"), CONTINUE_ON_FAILURE): Object: 'Object Repository/OCS-MOBILE /Product page/Swatch_3.5g' is clicked on

2019-06-28 17:23:40 - [MESSAGE][PASSED] - Object: 'Object Repository/OCS-MOBILE /Product page/Swatch_3.5g' is clicked on

2019-06-28 17:23:40 - [TEST_STEP][PASSED] - delay(1): Delayed 1 second(s)

2019-06-28 17:23:41 - [MESSAGE][PASSED] - Delayed 1 second(s)

2019-06-28 17:23:41 - [TEST_STEP][PASSED] - takeScreenshot(): Taking screenshot successfully

2019-06-28 17:23:41 - [MESSAGE][PASSED] - Taking screenshot successfully
[[ATTACHMENT|/Users/sumankompelly/Relative xpath-Mobile/Reports/Live site/20190628_163954/1561757021375.png]]

2019-06-28 17:23:41 - [TEST_STEP][PASSED] - delay(1): Delayed 1 second(s)

2019-06-28 17:23:42 - [MESSAGE][PASSED] - Delayed 1 second(s)

2019-06-28 17:23:42 - [TEST_STEP][PASSED] - flag3 = verifyElementClickable(findTestObject("OCS-MOBILE /Product page/Swatch_7g")): Object 'Object Repository/OCS-MOBILE /Product page/Swatch_7g' is clickable

2019-06-28 17:23:42 - [MESSAGE][PASSED] - Object 'Object Repository/OCS-MOBILE /Product page/Swatch_7g' is clickable

2019-06-28 17:23:42 - [TEST_STEP][PASSED] - comment("flag3=" + flag3): flag3=true

2019-06-28 17:23:42 - [MESSAGE][INFO] - flag3=true

2019-06-28 17:23:42 - [TEST_STEP][FAILED] - if (flag3 == true): if (flag3 == true) FAILED.
Reason:
com.kms.katalon.core.exception.StepFailedException: Unable to click on object 'Object Repository/OCS-MOBILE /Product page/Swatch_7g' (Root cause: org.openqa.selenium.ElementNotInteractableException: 
Build info: version: '3.7.1', revision: '8a0099a', time: '2017-11-06T21:07:36.161Z'
System info: host: 'sumans-MacBook-Pro.local', ip: 'fe80:0:0:0:14f6:8d5f:4e59:4e6f%en0', os.name: 'Mac OS X', os.arch: 'x86_64', os.version: '10.13.6', java.version: '1.8.0_181'
Driver info: com.kms.katalon.selenium.driver.CSafariDriver
Capabilities {acceptInsecureCerts: false, browserName: Safari, browserVersion: 12.1, javascriptEnabled: true, platform: MAC, platformName: MAC, safari:automaticInspection: false, safari:automaticProfiling: false, safari:diagnose: false, setWindowRect: true, strictFileInteractability: false, webkit:WebRTC: {DisableICECandidateFiltering: false, DisableInsecureMediaCapture: false}}
Session ID: 2EFEAFA8-BEB3-458C-AE97-CED7086AAF81)
	at com.kms.katalon.core.keyword.internal.KeywordMain.stepFailed(KeywordMain.groovy:32)
	at com.kms.katalon.core.webui.keyword.internal.WebUIKeywordMain.stepFailed(WebUIKeywordMain.groovy:65)
	at com.kms.katalon.core.webui.keyword.internal.WebUIKeywordMain.runKeyword(WebUIKeywordMain.groovy:27)
	at com.kms.katalon.core.webui.keyword.builtin.ClickKeyword.click(ClickKeyword.groovy:86)
	at com.kms.katalon.core.webui.keyword.builtin.ClickKeyword.execute(ClickKeyword.groovy:67)
	at com.kms.katalon.core.keyword.internal.KeywordExecutor.executeKeywordForPlatform(KeywordExecutor.groovy:53)
	at com.kms.katalon.core.webui.keyword.WebUiBuiltInKeywords.click(WebUiBuiltInKeywords.groovy:604)
	at com.kms.katalon.core.webui.keyword.WebUiBuiltInKeywords$click$6.call(Unknown Source)
	at variants selector.run(variants selector:70)
	at com.kms.katalon.core.main.ScriptEngine.run(ScriptEngine.java:194)
	at com.kms.katalon.core.main.ScriptEngine.runScriptAsRawText(ScriptEngine.java:119)
	at com.kms.katalon.core.main.TestCaseExecutor.runScript(TestCaseExecutor.java:328)
	at com.kms.katalon.core.main.TestCaseExecutor.doExecute(TestCaseExecutor.java:319)
	at com.kms.katalon.core.main.TestCaseExecutor.processExecutionPhase(TestCaseExecutor.java:298)
	at com.kms.katalon.core.main.TestCaseExecutor.accessMainPhase(TestCaseExecutor.java:290)
	at com.kms.katalon.core.main.TestCaseExecutor.execute(TestCaseExecutor.java:224)
	at com.kms.katalon.core.main.TestSuiteExecutor.accessTestCaseMainPhase(TestSuiteExecutor.java:129)
	at com.kms.katalon.core.main.TestSuiteExecutor.accessTestSuiteMainPhase(TestSuiteExecutor.java:112)
	at com.kms.katalon.core.main.TestSuiteExecutor.execute(TestSuiteExecutor.java:81)
	at com.kms.katalon.core.main.TestCaseMain.startTestSuite(TestCaseMain.java:149)
	at com.kms.katalon.core.main.TestCaseMain$startTestSuite$0.call(Unknown Source)
	at TempTestSuite1561754394056.run(TempTestSuite1561754394056.groovy:36)


2019-06-28 17:23:42 - [TEST_STEP][FAILED] - click(findTestObject("OCS-MOBILE /Product page/Swatch_7g"), CONTINUE_ON_FAILURE): Unable to click on object 'Object Repository/OCS-MOBILE /Product page/Swatch_7g' (Root cause: org.openqa.selenium.ElementNotInteractableException: 
Build info: version: '3.7.1', revision: '8a0099a', time: '2017-11-06T21:07:36.161Z'
System info: host: 'sumans-MacBook-Pro.local', ip: 'fe80:0:0:0:14f6:8d5f:4e59:4e6f%en0', os.name: 'Mac OS X', os.arch: 'x86_64', os.version: '10.13.6', java.version: '1.8.0_181'
Driver info: com.kms.katalon.selenium.driver.CSafariDriver
Capabilities {acceptInsecureCerts: false, browserName: Safari, browserVersion: 12.1, javascriptEnabled: true, platform: MAC, platformName: MAC, safari:automaticInspection: false, safari:automaticProfiling: false, safari:diagnose: false, setWindowRect: true, strictFileInteractability: false, webkit:WebRTC: {DisableICECandidateFiltering: false, DisableInsecureMediaCapture: false}}
Session ID: 2EFEAFA8-BEB3-458C-AE97-CED7086AAF81)

2019-06-28 17:23:42 - [MESSAGE][FAILED] - Unable to click on object 'Object Repository/OCS-MOBILE /Product page/Swatch_7g' (Root cause: org.openqa.selenium.ElementNotInteractableException: 
Build info: version: '3.7.1', revision: '8a0099a', time: '2017-11-06T21:07:36.161Z'
System info: host: 'sumans-MacBook-Pro.local', ip: 'fe80:0:0:0:14f6:8d5f:4e59:4e6f%en0', os.name: 'Mac OS X', os.arch: 'x86_64', os.version: '10.13.6', java.version: '1.8.0_181'
Driver info: com.kms.katalon.selenium.driver.CSafariDriver
Capabilities {acceptInsecureCerts: false, browserName: Safari, browserVersion: 12.1, javascriptEnabled: true, platform: MAC, platformName: MAC, safari:automaticInspection: false, safari:automaticProfiling: false, safari:diagnose: false, setWindowRect: true, strictFileInteractability: false, webkit:WebRTC: {DisableICECandidateFiltering: false, DisableInsecureMediaCapture: false}}
Session ID: 2EFEAFA8-BEB3-458C-AE97-CED7086AAF81)
[[ATTACHMENT|/Users/sumankompelly/Relative xpath-Mobile/Reports/Live site/20190628_163954/1561757022455.png]]

2019-06-28 17:23:42 - [TEST_STEP][PASSED] - delay(1): Delayed 1 second(s)

2019-06-28 17:23:43 - [MESSAGE][PASSED] - Delayed 1 second(s)

2019-06-28 17:23:43 - [TEST_STEP][PASSED] - takeScreenshot(): Taking screenshot successfully

2019-06-28 17:23:43 - [MESSAGE][PASSED] - Taking screenshot successfully
[[ATTACHMENT|/Users/sumankompelly/Relative xpath-Mobile/Reports/Live site/20190628_163954/1561757023503.png]]

2019-06-28 17:23:43 - [TEST_STEP][PASSED] - delay(1): Delayed 1 second(s)

2019-06-28 17:23:44 - [MESSAGE][PASSED] - Delayed 1 second(s)

2019-06-28 17:23:44 - [TEST_STEP][FAILED] - closeBrowser(): if (flag3 == true) FAILED.
Reason:
com.kms.katalon.core.exception.StepFailedException: Unable to click on object 'Object Repository/OCS-MOBILE /Product page/Swatch_7g' (Root cause: org.openqa.selenium.ElementNotInteractableException: 
Build info: version: '3.7.1', revision: '8a0099a', time: '2017-11-06T21:07:36.161Z'
System info: host: 'sumans-MacBook-Pro.local', ip: 'fe80:0:0:0:14f6:8d5f:4e59:4e6f%en0', os.name: 'Mac OS X', os.arch: 'x86_64', os.version: '10.13.6', java.version: '1.8.0_181'
Driver info: com.kms.katalon.selenium.driver.CSafariDriver
Capabilities {acceptInsecureCerts: false, browserName: Safari, browserVersion: 12.1, javascriptEnabled: true, platform: MAC, platformName: MAC, safari:automaticInspection: false, safari:automaticProfiling: false, safari:diagnose: false, setWindowRect: true, strictFileInteractability: false, webkit:WebRTC: {DisableICECandidateFiltering: false, DisableInsecureMediaCapture: false}}
Session ID: 2EFEAFA8-BEB3-458C-AE97-CED7086AAF81)
	at com.kms.katalon.core.keyword.internal.KeywordMain.stepFailed(KeywordMain.groovy:32)
	at com.kms.katalon.core.webui.keyword.internal.WebUIKeywordMain.stepFailed(WebUIKeywordMain.groovy:65)
	at com.kms.katalon.core.webui.keyword.internal.WebUIKeywordMain.runKeyword(WebUIKeywordMain.groovy:27)
	at com.kms.katalon.core.webui.keyword.builtin.ClickKeyword.click(ClickKeyword.groovy:86)
	at com.kms.katalon.core.webui.keyword.builtin.ClickKeyword.execute(ClickKeyword.groovy:67)
	at com.kms.katalon.core.keyword.internal.KeywordExecutor.executeKeywordForPlatform(KeywordExecutor.groovy:53)
	at com.kms.katalon.core.webui.keyword.WebUiBuiltInKeywords.click(WebUiBuiltInKeywords.groovy:604)
	at com.kms.katalon.core.webui.keyword.WebUiBuiltInKeywords$click$6.call(Unknown Source)
	at variants selector.run(variants selector:70)
	at com.kms.katalon.core.main.ScriptEngine.run(ScriptEngine.java:194)
	at com.kms.katalon.core.main.ScriptEngine.runScriptAsRawText(ScriptEngine.java:119)
	at com.kms.katalon.core.main.TestCaseExecutor.runScript(TestCaseExecutor.java:328)
	at com.kms.katalon.core.main.TestCaseExecutor.doExecute(TestCaseExecutor.java:319)
	at com.kms.katalon.core.main.TestCaseExecutor.processExecutionPhase(TestCaseExecutor.java:298)
	at com.kms.katalon.core.main.TestCaseExecutor.accessMainPhase(TestCaseExecutor.java:290)
	at com.kms.katalon.core.main.TestCaseExecutor.execute(TestCaseExecutor.java:224)
	at com.kms.katalon.core.main.TestSuiteExecutor.accessTestCaseMainPhase(TestSuiteExecutor.java:129)
	at com.kms.katalon.core.main.TestSuiteExecutor.accessTestSuiteMainPhase(TestSuiteExecutor.java:112)
	at com.kms.katalon.core.main.TestSuiteExecutor.execute(TestSuiteExecutor.java:81)
	at com.kms.katalon.core.main.TestCaseMain.startTestSuite(TestCaseMain.java:149)
	at com.kms.katalon.core.main.TestCaseMain$startTestSuite$0.call(Unknown Source)
	at TempTestSuite1561754394056.run(TempTestSuite1561754394056.groovy:36)


2019-06-28 17:23:44 - [MESSAGE][NOT_RUN] - NOT_RUN: closeBrowser()

2019-06-28 17:23:44 - [MESSAGE][FAILED] - if (flag3 == true) FAILED.
Reason:
com.kms.katalon.core.exception.StepFailedException: Unable to click on object 'Object Repository/OCS-MOBILE /Product page/Swatch_7g' (Root cause: org.openqa.selenium.ElementNotInteractableException: 
Build info: version: '3.7.1', revision: '8a0099a', time: '2017-11-06T21:07:36.161Z'
System info: host: 'sumans-MacBook-Pro.local', ip: 'fe80:0:0:0:14f6:8d5f:4e59:4e6f%en0', os.name: 'Mac OS X', os.arch: 'x86_64', os.version: '10.13.6', java.version: '1.8.0_181'
Driver info: com.kms.katalon.selenium.driver.CSafariDriver
Capabilities {acceptInsecureCerts: false, browserName: Safari, browserVersion: 12.1, javascriptEnabled: true, platform: MAC, platformName: MAC, safari:automaticInspection: false, safari:automaticProfiling: false, safari:diagnose: false, setWindowRect: true, strictFileInteractability: false, webkit:WebRTC: {DisableICECandidateFiltering: false, DisableInsecureMediaCapture: false}}
Session ID: 2EFEAFA8-BEB3-458C-AE97-CED7086AAF81)
	at com.kms.katalon.core.keyword.internal.KeywordMain.stepFailed(KeywordMain.groovy:32)
	at com.kms.katalon.core.webui.keyword.internal.WebUIKeywordMain.stepFailed(WebUIKeywordMain.groovy:65)
	at com.kms.katalon.core.webui.keyword.internal.WebUIKeywordMain.runKeyword(WebUIKeywordMain.groovy:27)
	at com.kms.katalon.core.webui.keyword.builtin.ClickKeyword.click(ClickKeyword.groovy:86)
	at com.kms.katalon.core.webui.keyword.builtin.ClickKeyword.execute(ClickKeyword.groovy:67)
	at com.kms.katalon.core.keyword.internal.KeywordExecutor.executeKeywordForPlatform(KeywordExecutor.groovy:53)
	at com.kms.katalon.core.webui.keyword.WebUiBuiltInKeywords.click(WebUiBuiltInKeywords.groovy:604)
	at com.kms.katalon.core.webui.keyword.WebUiBuiltInKeywords$click$6.call(Unknown Source)
	at variants selector.run(variants selector:70)
	at com.kms.katalon.core.main.ScriptEngine.run(ScriptEngine.java:194)
	at com.kms.katalon.core.main.ScriptEngine.runScriptAsRawText(ScriptEngine.java:119)
	at com.kms.katalon.core.main.TestCaseExecutor.runScript(TestCaseExecutor.java:328)
	at com.kms.katalon.core.main.TestCaseExecutor.doExecute(TestCaseExecutor.java:319)
	at com.kms.katalon.core.main.TestCaseExecutor.processExecutionPhase(TestCaseExecutor.java:298)
	at com.kms.katalon.core.main.TestCaseExecutor.accessMainPhase(TestCaseExecutor.java:290)
	at com.kms.katalon.core.main.TestCaseExecutor.execute(TestCaseExecutor.java:224)
	at com.kms.katalon.core.main.TestSuiteExecutor.accessTestCaseMainPhase(TestSuiteExecutor.java:129)
	at com.kms.katalon.core.main.TestSuiteExecutor.accessTestSuiteMainPhase(TestSuiteExecutor.java:112)
	at com.kms.katalon.core.main.TestSuiteExecutor.execute(TestSuiteExecutor.java:81)
	at com.kms.katalon.core.main.TestCaseMain.startTestSuite(TestCaseMain.java:149)
	at com.kms.katalon.core.main.TestCaseMain$startTestSuite$0.call(Unknown Source)
	at TempTestSuite1561754394056.run(TempTestSuite1561754394056.groovy:36)]]></system-out>
         <system-err><![CDATA[2019-06-28 17:22:57 - [TEST_CASE][FAILED] - Test Cases/OCS - MOBILE/OCS- PRODUCT PAGE/variants selector: Test Cases/OCS - MOBILE/OCS- PRODUCT PAGE/variants selector FAILED.
Reason:
com.kms.katalon.core.exception.StepFailedException: Unable to click on object 'Object Repository/OCS-MOBILE /Product page/Swatch_7g' (Root cause: org.openqa.selenium.ElementNotInteractableException: 
Build info: version: '3.7.1', revision: '8a0099a', time: '2017-11-06T21:07:36.161Z'
System info: host: 'sumans-MacBook-Pro.local', ip: 'fe80:0:0:0:14f6:8d5f:4e59:4e6f%en0', os.name: 'Mac OS X', os.arch: 'x86_64', os.version: '10.13.6', java.version: '1.8.0_181'
Driver info: com.kms.katalon.selenium.driver.CSafariDriver
Capabilities {acceptInsecureCerts: false, browserName: Safari, browserVersion: 12.1, javascriptEnabled: true, platform: MAC, platformName: MAC, safari:automaticInspection: false, safari:automaticProfiling: false, safari:diagnose: false, setWindowRect: true, strictFileInteractability: false, webkit:WebRTC: {DisableICECandidateFiltering: false, DisableInsecureMediaCapture: false}}
Session ID: 2EFEAFA8-BEB3-458C-AE97-CED7086AAF81)
	at com.kms.katalon.core.keyword.internal.KeywordMain.stepFailed(KeywordMain.groovy:32)
	at com.kms.katalon.core.webui.keyword.internal.WebUIKeywordMain.stepFailed(WebUIKeywordMain.groovy:65)
	at com.kms.katalon.core.webui.keyword.internal.WebUIKeywordMain.runKeyword(WebUIKeywordMain.groovy:27)
	at com.kms.katalon.core.webui.keyword.builtin.ClickKeyword.click(ClickKeyword.groovy:86)
	at com.kms.katalon.core.webui.keyword.builtin.ClickKeyword.execute(ClickKeyword.groovy:67)
	at com.kms.katalon.core.keyword.internal.KeywordExecutor.executeKeywordForPlatform(KeywordExecutor.groovy:53)
	at com.kms.katalon.core.webui.keyword.WebUiBuiltInKeywords.click(WebUiBuiltInKeywords.groovy:604)
	at com.kms.katalon.core.webui.keyword.WebUiBuiltInKeywords$click$6.call(Unknown Source)
	at variants selector.run(variants selector:70)
	at com.kms.katalon.core.main.ScriptEngine.run(ScriptEngine.java:194)
	at com.kms.katalon.core.main.ScriptEngine.runScriptAsRawText(ScriptEngine.java:119)
	at com.kms.katalon.core.main.TestCaseExecutor.runScript(TestCaseExecutor.java:328)
	at com.kms.katalon.core.main.TestCaseExecutor.doExecute(TestCaseExecutor.java:319)
	at com.kms.katalon.core.main.TestCaseExecutor.processExecutionPhase(TestCaseExecutor.java:298)
	at com.kms.katalon.core.main.TestCaseExecutor.accessMainPhase(TestCaseExecutor.java:290)
	at com.kms.katalon.core.main.TestCaseExecutor.execute(TestCaseExecutor.java:224)
	at com.kms.katalon.core.main.TestSuiteExecutor.accessTestCaseMainPhase(TestSuiteExecutor.java:129)
	at com.kms.katalon.core.main.TestSuiteExecutor.accessTestSuiteMainPhase(TestSuiteExecutor.java:112)
	at com.kms.katalon.core.main.TestSuiteExecutor.execute(TestSuiteExecutor.java:81)
	at com.kms.katalon.core.main.TestCaseMain.startTestSuite(TestCaseMain.java:149)
	at com.kms.katalon.core.main.TestCaseMain$startTestSuite$0.call(Unknown Source)
	at TempTestSuite1561754394056.run(TempTestSuite1561754394056.groovy:36)]]></system-err>
      </testcase>
      <testcase name="Test Cases/OCS - MOBILE/OCS- PRODUCT PAGE/How to choose cannbis products" classname="Test Cases/OCS - MOBILE/OCS- PRODUCT PAGE/How to choose cannbis products" status="PASSED">
         <system-out><![CDATA[2019-06-28 17:23:44 - [TEST_CASE][PASSED] - Test Cases/OCS - MOBILE/OCS- PRODUCT PAGE/How to choose cannbis products: Test Cases/OCS - MOBILE/OCS- PRODUCT PAGE/How to choose cannbis products

2019-06-28 17:23:44 - [TEST_STEP][PASSED] - callTestCase(findTestCase("OCS - MOBILE/CALL - PDP"), [:], STOP_ON_FAILURE): Call Test Case 'Test Cases/OCS - MOBILE/CALL - PDP' successfully

2019-06-28 17:23:44 - [TEST_CASE][PASSED] - Test Cases/OCS - MOBILE/CALL - PDP: Test Cases/OCS - MOBILE/CALL - PDP

2019-06-28 17:23:44 - [TEST_STEP][PASSED] - openBrowser(""): Browser is opened with url: ''

2019-06-28 17:23:44 - [MESSAGE][WARNING] - A browser is already opened. Closing browser and opening a new one

2019-06-28 17:23:44 - [MESSAGE][INFO] - Starting 'Safari' driver

2019-06-28 17:23:45 - [MESSAGE][PASSED] - Browser is opened with url: ''

2019-06-28 17:23:45 - [TEST_STEP][PASSED] - navigateToUrl("ocs.ca"): Navigate to 'http://ocs.ca' successfully

2019-06-28 17:23:46 - [MESSAGE][PASSED] - Navigate to 'http://ocs.ca' successfully

2019-06-28 17:23:46 - [TEST_STEP][NOT_RUN] - executeJavaScript("var previewBar = document.getElementById("preview-bar-iframe"); previewBar.style.display = "none";", []): NOT_RUN: executeJavaScript("var previewBar = document.getElementById("preview-bar-iframe"); previewBar.style.display = "none";", [])

2019-06-28 17:23:46 - [MESSAGE][NOT_RUN] - NOT_RUN: executeJavaScript("var previewBar = document.getElementById("preview-bar-iframe"); previewBar.style.display = "none";", [])

2019-06-28 17:23:46 - [TEST_STEP][PASSED] - setViewPortSize(360, 800): Viewport is set to new size with width = 360 and height = 800

2019-06-28 17:23:47 - [MESSAGE][PASSED] - Viewport is set to new size with width = 360 and height = 800

2019-06-28 17:23:47 - [TEST_STEP][PASSED] - delay(4): Delayed 4 second(s)

2019-06-28 17:23:51 - [MESSAGE][PASSED] - Delayed 4 second(s)

2019-06-28 17:23:51 - [TEST_STEP][PASSED] - selectOptionByValue(findTestObject("OCS-MOBILE /Age gate and burger menu/Date"), "12", true): All options with value '12' are selected in object 'Object Repository/OCS-MOBILE /Age gate and burger menu/Date'  using regular expression

2019-06-28 17:23:51 - [MESSAGE][PASSED] - All options with value '12' are selected in object 'Object Repository/OCS-MOBILE /Age gate and burger menu/Date'  using regular expression

2019-06-28 17:23:51 - [TEST_STEP][PASSED] - selectOptionByValue(findTestObject("OCS-MOBILE /Age gate and burger menu/month"), "6", true): All options with value '6' are selected in object 'Object Repository/OCS-MOBILE /Age gate and burger menu/month'  using regular expression

2019-06-28 17:23:51 - [MESSAGE][PASSED] - All options with value '6' are selected in object 'Object Repository/OCS-MOBILE /Age gate and burger menu/month'  using regular expression

2019-06-28 17:23:51 - [TEST_STEP][PASSED] - delay(2): Delayed 2 second(s)

2019-06-28 17:23:53 - [MESSAGE][PASSED] - Delayed 2 second(s)

2019-06-28 17:23:53 - [TEST_STEP][PASSED] - selectOptionByValue(findTestObject("OCS-MOBILE /Age gate and burger menu/Year Dropdown"), "1990", true): All options with value '1990' are selected in object 'Object Repository/OCS-MOBILE /Age gate and burger menu/Year Dropdown'  using regular expression

2019-06-28 17:23:55 - [MESSAGE][PASSED] - All options with value '1990' are selected in object 'Object Repository/OCS-MOBILE /Age gate and burger menu/Year Dropdown'  using regular expression

2019-06-28 17:23:55 - [TEST_STEP][PASSED] - click(findTestObject("OCS-MOBILE /Age gate and Mega menu/button_Verify")): Object: 'Object Repository/OCS-MOBILE /Age gate and Mega menu/button_Verify' is clicked on

2019-06-28 17:23:55 - [MESSAGE][PASSED] - Object: 'Object Repository/OCS-MOBILE /Age gate and Mega menu/button_Verify' is clicked on

2019-06-28 17:23:55 - [TEST_STEP][PASSED] - click(findTestObject("OCS-MOBILE /Age gate and Mega menu/Checkbox_CONFIRM AND ACKNOWLEDGE")): Object: 'Object Repository/OCS-MOBILE /Age gate and Mega menu/Checkbox_CONFIRM AND ACKNOWLEDGE' is clicked on

2019-06-28 17:23:55 - [MESSAGE][PASSED] - Object: 'Object Repository/OCS-MOBILE /Age gate and Mega menu/Checkbox_CONFIRM AND ACKNOWLEDGE' is clicked on

2019-06-28 17:23:55 - [TEST_STEP][PASSED] - click(findTestObject("OCS-MOBILE /Age gate and Mega menu/button_CONFIRM")): Object: 'Object Repository/OCS-MOBILE /Age gate and Mega menu/button_CONFIRM' is clicked on

2019-06-28 17:23:55 - [MESSAGE][PASSED] - Object: 'Object Repository/OCS-MOBILE /Age gate and Mega menu/button_CONFIRM' is clicked on

2019-06-28 17:23:55 - [TEST_STEP][PASSED] - click(findTestObject("OCS-MOBILE /Age gate and Mega menu/button_Start Browsing")): Object: 'Object Repository/OCS-MOBILE /Age gate and Mega menu/button_Start Browsing' is clicked on

2019-06-28 17:23:55 - [MESSAGE][PASSED] - Object: 'Object Repository/OCS-MOBILE /Age gate and Mega menu/button_Start Browsing' is clicked on

2019-06-28 17:23:55 - [TEST_STEP][PASSED] - refresh(): Refresh successfully

2019-06-28 17:23:57 - [MESSAGE][PASSED] - Refresh successfully

2019-06-28 17:23:57 - [TEST_STEP][PASSED] - delay(2): Delayed 2 second(s)

2019-06-28 17:23:59 - [MESSAGE][PASSED] - Delayed 2 second(s)

2019-06-28 17:23:59 - [TEST_STEP][PASSED] - click(findTestObject("OCS-MOBILE /Age gate and burger menu/Burger menu - English")): Object: 'Object Repository/OCS-MOBILE /Age gate and burger menu/Burger menu - English' is clicked on

2019-06-28 17:23:59 - [MESSAGE][PASSED] - Object: 'Object Repository/OCS-MOBILE /Age gate and burger menu/Burger menu - English' is clicked on

2019-06-28 17:23:59 - [TEST_STEP][PASSED] - delay(2): Delayed 2 second(s)

2019-06-28 17:24:01 - [MESSAGE][PASSED] - Delayed 2 second(s)

2019-06-28 17:24:01 - [TEST_STEP][PASSED] - click(findTestObject("OCS-MOBILE /Age gate and burger menu/Chevron_Cannabis")): Object: 'Object Repository/OCS-MOBILE /Age gate and burger menu/Chevron_Cannabis' is clicked on

2019-06-28 17:24:01 - [MESSAGE][PASSED] - Object: 'Object Repository/OCS-MOBILE /Age gate and burger menu/Chevron_Cannabis' is clicked on

2019-06-28 17:24:01 - [TEST_STEP][PASSED] - delay(2): Delayed 2 second(s)

2019-06-28 17:24:03 - [MESSAGE][PASSED] - Delayed 2 second(s)

2019-06-28 17:24:03 - [TEST_STEP][PASSED] - click(findTestObject("OCS-MOBILE /Age gate and burger menu/Dried Flower_Plus icon")): Object: 'Object Repository/OCS-MOBILE /Age gate and burger menu/Dried Flower_Plus icon' is clicked on

2019-06-28 17:24:03 - [MESSAGE][PASSED] - Object: 'Object Repository/OCS-MOBILE /Age gate and burger menu/Dried Flower_Plus icon' is clicked on

2019-06-28 17:24:03 - [TEST_STEP][PASSED] - delay(2): Delayed 2 second(s)

2019-06-28 17:24:05 - [MESSAGE][PASSED] - Delayed 2 second(s)

2019-06-28 17:24:05 - [TEST_STEP][PASSED] - click(findTestObject("OCS-MOBILE /Age gate and burger menu/Indica Dominant_Menu item")): Object: 'Object Repository/OCS-MOBILE /Age gate and burger menu/Indica Dominant_Menu item' is clicked on

2019-06-28 17:24:07 - [MESSAGE][PASSED] - Object: 'Object Repository/OCS-MOBILE /Age gate and burger menu/Indica Dominant_Menu item' is clicked on

2019-06-28 17:24:07 - [TEST_STEP][NOT_RUN] - executeJavaScript("var previewBar = document.getElementById("preview-bar-iframe"); previewBar.style.display = "none";", []): NOT_RUN: executeJavaScript("var previewBar = document.getElementById("preview-bar-iframe"); previewBar.style.display = "none";", [])

2019-06-28 17:24:07 - [MESSAGE][NOT_RUN] - NOT_RUN: executeJavaScript("var previewBar = document.getElementById("preview-bar-iframe"); previewBar.style.display = "none";", [])

2019-06-28 17:24:07 - [TEST_STEP][PASSED] - delay(2): Delayed 2 second(s)

2019-06-28 17:24:09 - [MESSAGE][PASSED] - Delayed 2 second(s)

2019-06-28 17:24:09 - [TEST_STEP][PASSED] - click(findTestObject("OCS-MOBILE /Collection page/Product image - 1st one")): Object: 'Object Repository/OCS-MOBILE /Collection page/Product image - 1st one' is clicked on

2019-06-28 17:24:13 - [MESSAGE][PASSED] - Object: 'Object Repository/OCS-MOBILE /Collection page/Product image - 1st one' is clicked on

2019-06-28 17:24:13 - [TEST_STEP][PASSED] - delay(2): Delayed 2 second(s)

2019-06-28 17:24:15 - [MESSAGE][PASSED] - Delayed 2 second(s)

2019-06-28 17:24:15 - [TEST_STEP][NOT_RUN] - executeJavaScript("var previewBar = document.getElementById("preview-bar-iframe"); previewBar.style.display = "none";", []): NOT_RUN: executeJavaScript("var previewBar = document.getElementById("preview-bar-iframe"); previewBar.style.display = "none";", [])

2019-06-28 17:24:15 - [MESSAGE][NOT_RUN] - NOT_RUN: executeJavaScript("var previewBar = document.getElementById("preview-bar-iframe"); previewBar.style.display = "none";", [])

2019-06-28 17:24:15 - [MESSAGE][PASSED] - Call Test Case 'Test Cases/OCS - MOBILE/CALL - PDP' successfully

2019-06-28 17:24:15 - [TEST_STEP][PASSED] - scrollToElement(findTestObject("OCS-MOBILE /Product page/How to choose cannabis product - Section"), 2): Scroll to object 'Object Repository/OCS-MOBILE /Product page/How to choose cannabis product - Section' successfully

2019-06-28 17:24:15 - [MESSAGE][PASSED] - Scroll to object 'Object Repository/OCS-MOBILE /Product page/How to choose cannabis product - Section' successfully

2019-06-28 17:24:15 - [TEST_STEP][PASSED] - click(findTestObject("OCS-MOBILE /Product page/How to choose cannabis product - Button")): Object: 'Object Repository/OCS-MOBILE /Product page/How to choose cannabis product - Button' is clicked on

2019-06-28 17:24:18 - [MESSAGE][PASSED] - Object: 'Object Repository/OCS-MOBILE /Product page/How to choose cannabis product - Button' is clicked on

2019-06-28 17:24:18 - [TEST_STEP][PASSED] - a = getWindowTitle(): Current window's title is: 'Factors in Choosing Cannabis Products | Ontario Cannabis Store'

2019-06-28 17:24:18 - [MESSAGE][PASSED] - Current window's title is: 'Factors in Choosing Cannabis Products | Ontario Cannabis Store'

2019-06-28 17:24:18 - [TEST_STEP][PASSED] - b = "Factors in Choosing Cannabis Products | Ontario Cannabis Store": null

2019-06-28 17:24:18 - [TEST_STEP][PASSED] - comment("WINDOW TITLE IS: " + a): WINDOW TITLE IS: Factors in Choosing Cannabis Products | Ontario Cannabis Store

2019-06-28 17:24:18 - [MESSAGE][INFO] - WINDOW TITLE IS: Factors in Choosing Cannabis Products | Ontario Cannabis Store

2019-06-28 17:24:18 - [TEST_STEP][PASSED] - if (a == b): TITLE IS SAME

2019-06-28 17:24:18 - [TEST_STEP][PASSED] - comment("TITLE IS SAME"): TITLE IS SAME

2019-06-28 17:24:18 - [MESSAGE][INFO] - TITLE IS SAME

2019-06-28 17:24:18 - [TEST_STEP][PASSED] - back(): Navigate back successfully

2019-06-28 17:24:18 - [MESSAGE][PASSED] - Navigate back successfully]]></system-out>
         <system-err><![CDATA[]]></system-err>
      </testcase>
      <testcase name="Test Cases/OCS - MOBILE/OCS-AGE GATE/AG- Under Age" classname="Test Cases/OCS - MOBILE/OCS-AGE GATE/AG- Under Age" status="PASSED">
         <system-out><![CDATA[2019-06-28 17:24:18 - [TEST_CASE][PASSED] - Test Cases/OCS - MOBILE/OCS-AGE GATE/AG- Under Age: Test Cases/OCS - MOBILE/OCS-AGE GATE/AG- Under Age

2019-06-28 17:24:18 - [TEST_STEP][PASSED] - openBrowser(""): Browser is opened with url: ''

2019-06-28 17:24:18 - [MESSAGE][WARNING] - A browser is already opened. Closing browser and opening a new one

2019-06-28 17:24:19 - [MESSAGE][INFO] - Starting 'Safari' driver

2019-06-28 17:24:19 - [MESSAGE][PASSED] - Browser is opened with url: ''

2019-06-28 17:24:19 - [TEST_STEP][PASSED] - navigateToUrl("ocs.ca"): Navigate to 'http://ocs.ca' successfully

2019-06-28 17:24:21 - [MESSAGE][PASSED] - Navigate to 'http://ocs.ca' successfully

2019-06-28 17:24:21 - [TEST_STEP][NOT_RUN] - executeJavaScript("var previewBar = document.getElementById("preview-bar-iframe"); previewBar.style.display = "none";", []): NOT_RUN: executeJavaScript("var previewBar = document.getElementById("preview-bar-iframe"); previewBar.style.display = "none";", [])

2019-06-28 17:24:21 - [MESSAGE][NOT_RUN] - NOT_RUN: executeJavaScript("var previewBar = document.getElementById("preview-bar-iframe"); previewBar.style.display = "none";", [])

2019-06-28 17:24:21 - [TEST_STEP][PASSED] - setViewPortSize(360, 800): Viewport is set to new size with width = 360 and height = 800

2019-06-28 17:24:21 - [MESSAGE][PASSED] - Viewport is set to new size with width = 360 and height = 800

2019-06-28 17:24:21 - [TEST_STEP][PASSED] - delay(4): Delayed 4 second(s)

2019-06-28 17:24:25 - [MESSAGE][PASSED] - Delayed 4 second(s)

2019-06-28 17:24:25 - [TEST_STEP][PASSED] - selectOptionByValue(findTestObject("OCS-MOBILE /Age gate and Mega menu/Date"), "12", true): All options with value '12' are selected in object 'Object Repository/OCS-MOBILE /Age gate and Mega menu/Date'  using regular expression

2019-06-28 17:24:25 - [MESSAGE][PASSED] - All options with value '12' are selected in object 'Object Repository/OCS-MOBILE /Age gate and Mega menu/Date'  using regular expression

2019-06-28 17:24:25 - [TEST_STEP][PASSED] - selectOptionByValue(findTestObject("OCS-MOBILE /Age gate and Mega menu/month"), "6", true): All options with value '6' are selected in object 'Object Repository/OCS-MOBILE /Age gate and Mega menu/month'  using regular expression

2019-06-28 17:24:25 - [MESSAGE][PASSED] - All options with value '6' are selected in object 'Object Repository/OCS-MOBILE /Age gate and Mega menu/month'  using regular expression

2019-06-28 17:24:25 - [TEST_STEP][PASSED] - delay(2): Delayed 2 second(s)

2019-06-28 17:24:27 - [MESSAGE][PASSED] - Delayed 2 second(s)

2019-06-28 17:24:27 - [TEST_STEP][PASSED] - selectOptionByValue(findTestObject("OCS-MOBILE /Age gate and Mega menu/Year Dropdown"), "2017", true): All options with value '2017' are selected in object 'Object Repository/OCS-MOBILE /Age gate and Mega menu/Year Dropdown'  using regular expression

2019-06-28 17:24:29 - [MESSAGE][PASSED] - All options with value '2017' are selected in object 'Object Repository/OCS-MOBILE /Age gate and Mega menu/Year Dropdown'  using regular expression

2019-06-28 17:24:29 - [TEST_STEP][PASSED] - click(findTestObject("OCS-MOBILE /Age gate and Mega menu/button_Verify")): Object: 'Object Repository/OCS-MOBILE /Age gate and Mega menu/button_Verify' is clicked on

2019-06-28 17:24:29 - [MESSAGE][PASSED] - Object: 'Object Repository/OCS-MOBILE /Age gate and Mega menu/button_Verify' is clicked on

2019-06-28 17:24:29 - [TEST_STEP][PASSED] - click(findTestObject("OCS-MOBILE /Age gate and Mega menu/Checkbox_CONFIRM AND ACKNOWLEDGE")): Object: 'Object Repository/OCS-MOBILE /Age gate and Mega menu/Checkbox_CONFIRM AND ACKNOWLEDGE' is clicked on

2019-06-28 17:24:29 - [MESSAGE][PASSED] - Object: 'Object Repository/OCS-MOBILE /Age gate and Mega menu/Checkbox_CONFIRM AND ACKNOWLEDGE' is clicked on

2019-06-28 17:24:29 - [TEST_STEP][PASSED] - click(findTestObject("OCS-MOBILE /Age gate and Mega menu/button_CONFIRM")): Object: 'Object Repository/OCS-MOBILE /Age gate and Mega menu/button_CONFIRM' is clicked on

2019-06-28 17:24:29 - [MESSAGE][PASSED] - Object: 'Object Repository/OCS-MOBILE /Age gate and Mega menu/button_CONFIRM' is clicked on

2019-06-28 17:24:29 - [TEST_STEP][PASSED] - delay(3): Delayed 3 second(s)

2019-06-28 17:24:32 - [MESSAGE][PASSED] - Delayed 3 second(s)

2019-06-28 17:24:32 - [TEST_STEP][PASSED] - click(findTestObject("OCS-MOBILE /Age gate and Mega menu/Oops Im actually 19 or older - Link")): Object: 'Object Repository/OCS-MOBILE /Age gate and Mega menu/Oops Im actually 19 or older - Link' is clicked on

2019-06-28 17:24:32 - [MESSAGE][PASSED] - Object: 'Object Repository/OCS-MOBILE /Age gate and Mega menu/Oops Im actually 19 or older - Link' is clicked on

2019-06-28 17:24:32 - [TEST_STEP][PASSED] - selectOptionByValue(findTestObject("OCS-MOBILE /Age gate and burger menu/Date"), "5", true): All options with value '5' are selected in object 'Object Repository/OCS-MOBILE /Age gate and burger menu/Date'  using regular expression

2019-06-28 17:24:32 - [MESSAGE][PASSED] - All options with value '5' are selected in object 'Object Repository/OCS-MOBILE /Age gate and burger menu/Date'  using regular expression

2019-06-28 17:24:32 - [TEST_STEP][PASSED] - selectOptionByValue(findTestObject("OCS-MOBILE /Age gate and burger menu/month"), "6", true): All options with value '6' are selected in object 'Object Repository/OCS-MOBILE /Age gate and burger menu/month'  using regular expression

2019-06-28 17:24:32 - [MESSAGE][PASSED] - All options with value '6' are selected in object 'Object Repository/OCS-MOBILE /Age gate and burger menu/month'  using regular expression

2019-06-28 17:24:32 - [TEST_STEP][PASSED] - selectOptionByValue(findTestObject("OCS-MOBILE /Age gate and Mega menu/Year Dropdown"), "1970", true): All options with value '1970' are selected in object 'Object Repository/OCS-MOBILE /Age gate and Mega menu/Year Dropdown'  using regular expression

2019-06-28 17:24:34 - [MESSAGE][PASSED] - All options with value '1970' are selected in object 'Object Repository/OCS-MOBILE /Age gate and Mega menu/Year Dropdown'  using regular expression

2019-06-28 17:24:34 - [TEST_STEP][PASSED] - click(findTestObject("OCS-MOBILE /Age gate and Mega menu/button_Verify")): Object: 'Object Repository/OCS-MOBILE /Age gate and Mega menu/button_Verify' is clicked on

2019-06-28 17:24:34 - [MESSAGE][PASSED] - Object: 'Object Repository/OCS-MOBILE /Age gate and Mega menu/button_Verify' is clicked on

2019-06-28 17:24:34 - [TEST_STEP][PASSED] - click(findTestObject("OCS-MOBILE /Age gate and Mega menu/Checkbox_CONFIRM AND ACKNOWLEDGE")): Object: 'Object Repository/OCS-MOBILE /Age gate and Mega menu/Checkbox_CONFIRM AND ACKNOWLEDGE' is clicked on

2019-06-28 17:24:34 - [MESSAGE][PASSED] - Object: 'Object Repository/OCS-MOBILE /Age gate and Mega menu/Checkbox_CONFIRM AND ACKNOWLEDGE' is clicked on

2019-06-28 17:24:34 - [TEST_STEP][PASSED] - click(findTestObject("OCS-MOBILE /Age gate and Mega menu/button_CONFIRM")): Object: 'Object Repository/OCS-MOBILE /Age gate and Mega menu/button_CONFIRM' is clicked on

2019-06-28 17:24:34 - [MESSAGE][PASSED] - Object: 'Object Repository/OCS-MOBILE /Age gate and Mega menu/button_CONFIRM' is clicked on

2019-06-28 17:24:34 - [TEST_STEP][PASSED] - click(findTestObject("OCS-MOBILE /Age gate and Mega menu/button_Start Browsing")): Object: 'Object Repository/OCS-MOBILE /Age gate and Mega menu/button_Start Browsing' is clicked on

2019-06-28 17:24:34 - [MESSAGE][PASSED] - Object: 'Object Repository/OCS-MOBILE /Age gate and Mega menu/button_Start Browsing' is clicked on

2019-06-28 17:24:34 - [TEST_STEP][PASSED] - delay(3): Delayed 3 second(s)

2019-06-28 17:24:37 - [MESSAGE][PASSED] - Delayed 3 second(s)

2019-06-28 17:24:37 - [TEST_STEP][PASSED] - closeBrowser(): Browser is closed

2019-06-28 17:24:37 - [MESSAGE][PASSED] - Browser is closed]]></system-out>
         <system-err><![CDATA[]]></system-err>
      </testcase>
      <testcase name="Test Cases/OCS - MOBILE/OCS-AGE GATE/AG - Date correction" classname="Test Cases/OCS - MOBILE/OCS-AGE GATE/AG - Date correction" status="PASSED">
         <system-out><![CDATA[2019-06-28 17:24:37 - [TEST_CASE][PASSED] - Test Cases/OCS - MOBILE/OCS-AGE GATE/AG - Date correction: Test Cases/OCS - MOBILE/OCS-AGE GATE/AG - Date correction

2019-06-28 17:24:37 - [TEST_STEP][PASSED] - openBrowser(""): Browser is opened with url: ''

2019-06-28 17:24:37 - [MESSAGE][INFO] - Starting 'Safari' driver

2019-06-28 17:24:38 - [MESSAGE][PASSED] - Browser is opened with url: ''

2019-06-28 17:24:38 - [TEST_STEP][PASSED] - navigateToUrl("ocs.ca"): Navigate to 'http://ocs.ca' successfully

2019-06-28 17:24:39 - [MESSAGE][PASSED] - Navigate to 'http://ocs.ca' successfully

2019-06-28 17:24:39 - [TEST_STEP][NOT_RUN] - executeJavaScript("var previewBar = document.getElementById("preview-bar-iframe"); previewBar.style.display = "none";", []): NOT_RUN: executeJavaScript("var previewBar = document.getElementById("preview-bar-iframe"); previewBar.style.display = "none";", [])

2019-06-28 17:24:39 - [MESSAGE][NOT_RUN] - NOT_RUN: executeJavaScript("var previewBar = document.getElementById("preview-bar-iframe"); previewBar.style.display = "none";", [])

2019-06-28 17:24:39 - [TEST_STEP][PASSED] - setViewPortSize(360, 800): Viewport is set to new size with width = 360 and height = 800

2019-06-28 17:24:40 - [MESSAGE][PASSED] - Viewport is set to new size with width = 360 and height = 800

2019-06-28 17:24:40 - [TEST_STEP][PASSED] - delay(4): Delayed 4 second(s)

2019-06-28 17:24:44 - [MESSAGE][PASSED] - Delayed 4 second(s)

2019-06-28 17:24:44 - [TEST_STEP][PASSED] - selectOptionByValue(findTestObject("OCS-MOBILE /Age gate and Mega menu/Date"), "12", true): All options with value '12' are selected in object 'Object Repository/OCS-MOBILE /Age gate and Mega menu/Date'  using regular expression

2019-06-28 17:24:44 - [MESSAGE][PASSED] - All options with value '12' are selected in object 'Object Repository/OCS-MOBILE /Age gate and Mega menu/Date'  using regular expression

2019-06-28 17:24:44 - [TEST_STEP][PASSED] - selectOptionByValue(findTestObject("OCS-MOBILE /Age gate and Mega menu/month"), "6", true): All options with value '6' are selected in object 'Object Repository/OCS-MOBILE /Age gate and Mega menu/month'  using regular expression

2019-06-28 17:24:44 - [MESSAGE][PASSED] - All options with value '6' are selected in object 'Object Repository/OCS-MOBILE /Age gate and Mega menu/month'  using regular expression

2019-06-28 17:24:44 - [TEST_STEP][PASSED] - delay(2): Delayed 2 second(s)

2019-06-28 17:24:46 - [MESSAGE][PASSED] - Delayed 2 second(s)

2019-06-28 17:24:46 - [TEST_STEP][PASSED] - selectOptionByValue(findTestObject("OCS-MOBILE /Age gate and Mega menu/Year Dropdown"), "1990", true): All options with value '1990' are selected in object 'Object Repository/OCS-MOBILE /Age gate and Mega menu/Year Dropdown'  using regular expression

2019-06-28 17:24:48 - [MESSAGE][PASSED] - All options with value '1990' are selected in object 'Object Repository/OCS-MOBILE /Age gate and Mega menu/Year Dropdown'  using regular expression

2019-06-28 17:24:48 - [TEST_STEP][PASSED] - delay(3): Delayed 3 second(s)

2019-06-28 17:24:51 - [MESSAGE][PASSED] - Delayed 3 second(s)

2019-06-28 17:24:51 - [TEST_STEP][PASSED] - click(findTestObject("OCS-MOBILE /Age gate and Mega menu/button_Verify")): Object: 'Object Repository/OCS-MOBILE /Age gate and Mega menu/button_Verify' is clicked on

2019-06-28 17:24:51 - [MESSAGE][PASSED] - Object: 'Object Repository/OCS-MOBILE /Age gate and Mega menu/button_Verify' is clicked on

2019-06-28 17:24:51 - [TEST_STEP][PASSED] - delay(1): Delayed 1 second(s)

2019-06-28 17:24:52 - [MESSAGE][PASSED] - Delayed 1 second(s)

2019-06-28 17:24:52 - [TEST_STEP][PASSED] - click(findTestObject("OCS-MOBILE /Age gate and Mega menu/a_Correct your date of birth")): Object: 'Object Repository/OCS-MOBILE /Age gate and Mega menu/a_Correct your date of birth' is clicked on

2019-06-28 17:24:52 - [MESSAGE][PASSED] - Object: 'Object Repository/OCS-MOBILE /Age gate and Mega menu/a_Correct your date of birth' is clicked on

2019-06-28 17:24:52 - [TEST_STEP][PASSED] - selectOptionByValue(findTestObject("OCS-MOBILE /Age gate and Mega menu/Date"), "1", true): All options with value '1' are selected in object 'Object Repository/OCS-MOBILE /Age gate and Mega menu/Date'  using regular expression

2019-06-28 17:24:52 - [MESSAGE][PASSED] - All options with value '1' are selected in object 'Object Repository/OCS-MOBILE /Age gate and Mega menu/Date'  using regular expression

2019-06-28 17:24:52 - [TEST_STEP][PASSED] - selectOptionByValue(findTestObject("OCS-MOBILE /Age gate and Mega menu/month"), "5", true): All options with value '5' are selected in object 'Object Repository/OCS-MOBILE /Age gate and Mega menu/month'  using regular expression

2019-06-28 17:24:53 - [MESSAGE][PASSED] - All options with value '5' are selected in object 'Object Repository/OCS-MOBILE /Age gate and Mega menu/month'  using regular expression

2019-06-28 17:24:53 - [TEST_STEP][PASSED] - selectOptionByValue(findTestObject("OCS-MOBILE /Age gate and Mega menu/Year Dropdown"), "1980", true): All options with value '1980' are selected in object 'Object Repository/OCS-MOBILE /Age gate and Mega menu/Year Dropdown'  using regular expression

2019-06-28 17:24:54 - [MESSAGE][PASSED] - All options with value '1980' are selected in object 'Object Repository/OCS-MOBILE /Age gate and Mega menu/Year Dropdown'  using regular expression

2019-06-28 17:24:54 - [TEST_STEP][PASSED] - click(findTestObject("OCS-MOBILE /Age gate and Mega menu/button_Verify")): Object: 'Object Repository/OCS-MOBILE /Age gate and Mega menu/button_Verify' is clicked on

2019-06-28 17:24:54 - [MESSAGE][PASSED] - Object: 'Object Repository/OCS-MOBILE /Age gate and Mega menu/button_Verify' is clicked on

2019-06-28 17:24:54 - [TEST_STEP][PASSED] - closeBrowser(): Browser is closed

2019-06-28 17:24:54 - [MESSAGE][PASSED] - Browser is closed]]></system-out>
         <system-err><![CDATA[]]></system-err>
      </testcase>
      <testcase name="Test Cases/OCS - MOBILE/OCS-COLLECTION PAGE/Sort" classname="Test Cases/OCS - MOBILE/OCS-COLLECTION PAGE/Sort" status="PASSED">
         <system-out><![CDATA[2019-06-28 17:24:54 - [TEST_CASE][PASSED] - Test Cases/OCS - MOBILE/OCS-COLLECTION PAGE/Sort: Test Cases/OCS - MOBILE/OCS-COLLECTION PAGE/Sort

2019-06-28 17:24:54 - [TEST_STEP][PASSED] - callTestCase(findTestCase("OCS - MOBILE/CALL - AGE GATE"), [:], STOP_ON_FAILURE): Call Test Case 'Test Cases/OCS - MOBILE/CALL - AGE GATE' successfully

2019-06-28 17:24:54 - [TEST_CASE][PASSED] - Test Cases/OCS - MOBILE/CALL - AGE GATE: Test Cases/OCS - MOBILE/CALL - AGE GATE

2019-06-28 17:24:54 - [TEST_STEP][PASSED] - openBrowser(""): Browser is opened with url: ''

2019-06-28 17:24:54 - [MESSAGE][INFO] - Starting 'Safari' driver

2019-06-28 17:24:55 - [MESSAGE][PASSED] - Browser is opened with url: ''

2019-06-28 17:24:55 - [TEST_STEP][PASSED] - navigateToUrl("ocs.ca"): Navigate to 'http://ocs.ca' successfully

2019-06-28 17:24:58 - [MESSAGE][PASSED] - Navigate to 'http://ocs.ca' successfully

2019-06-28 17:24:58 - [TEST_STEP][NOT_RUN] - executeJavaScript("var previewBar = document.getElementById("preview-bar-iframe"); previewBar.style.display = "none";", []): NOT_RUN: executeJavaScript("var previewBar = document.getElementById("preview-bar-iframe"); previewBar.style.display = "none";", [])

2019-06-28 17:24:58 - [MESSAGE][NOT_RUN] - NOT_RUN: executeJavaScript("var previewBar = document.getElementById("preview-bar-iframe"); previewBar.style.display = "none";", [])

2019-06-28 17:24:58 - [TEST_STEP][PASSED] - setViewPortSize(360, 800): Viewport is set to new size with width = 360 and height = 800

2019-06-28 17:24:58 - [MESSAGE][PASSED] - Viewport is set to new size with width = 360 and height = 800

2019-06-28 17:24:58 - [TEST_STEP][PASSED] - delay(4): Delayed 4 second(s)

2019-06-28 17:25:02 - [MESSAGE][PASSED] - Delayed 4 second(s)

2019-06-28 17:25:02 - [TEST_STEP][PASSED] - selectOptionByValue(findTestObject("OCS-MOBILE /Age gate and burger menu/Date"), "12", true): All options with value '12' are selected in object 'Object Repository/OCS-MOBILE /Age gate and burger menu/Date'  using regular expression

2019-06-28 17:25:03 - [MESSAGE][PASSED] - All options with value '12' are selected in object 'Object Repository/OCS-MOBILE /Age gate and burger menu/Date'  using regular expression

2019-06-28 17:25:03 - [TEST_STEP][PASSED] - selectOptionByValue(findTestObject("OCS-MOBILE /Age gate and burger menu/month"), "6", true): All options with value '6' are selected in object 'Object Repository/OCS-MOBILE /Age gate and burger menu/month'  using regular expression

2019-06-28 17:25:03 - [MESSAGE][PASSED] - All options with value '6' are selected in object 'Object Repository/OCS-MOBILE /Age gate and burger menu/month'  using regular expression

2019-06-28 17:25:03 - [TEST_STEP][PASSED] - delay(2): Delayed 2 second(s)

2019-06-28 17:25:05 - [MESSAGE][PASSED] - Delayed 2 second(s)

2019-06-28 17:25:05 - [TEST_STEP][PASSED] - selectOptionByValue(findTestObject("OCS-MOBILE /Age gate and burger menu/Year Dropdown"), "1990", true): All options with value '1990' are selected in object 'Object Repository/OCS-MOBILE /Age gate and burger menu/Year Dropdown'  using regular expression

2019-06-28 17:25:06 - [MESSAGE][PASSED] - All options with value '1990' are selected in object 'Object Repository/OCS-MOBILE /Age gate and burger menu/Year Dropdown'  using regular expression

2019-06-28 17:25:06 - [TEST_STEP][PASSED] - click(findTestObject("OCS-MOBILE /Age gate and Mega menu/button_Verify")): Object: 'Object Repository/OCS-MOBILE /Age gate and Mega menu/button_Verify' is clicked on

2019-06-28 17:25:07 - [MESSAGE][PASSED] - Object: 'Object Repository/OCS-MOBILE /Age gate and Mega menu/button_Verify' is clicked on

2019-06-28 17:25:07 - [TEST_STEP][PASSED] - click(findTestObject("OCS-MOBILE /Age gate and Mega menu/Checkbox_CONFIRM AND ACKNOWLEDGE")): Object: 'Object Repository/OCS-MOBILE /Age gate and Mega menu/Checkbox_CONFIRM AND ACKNOWLEDGE' is clicked on

2019-06-28 17:25:07 - [MESSAGE][PASSED] - Object: 'Object Repository/OCS-MOBILE /Age gate and Mega menu/Checkbox_CONFIRM AND ACKNOWLEDGE' is clicked on

2019-06-28 17:25:07 - [TEST_STEP][PASSED] - click(findTestObject("OCS-MOBILE /Age gate and Mega menu/button_CONFIRM")): Object: 'Object Repository/OCS-MOBILE /Age gate and Mega menu/button_CONFIRM' is clicked on

2019-06-28 17:25:07 - [MESSAGE][PASSED] - Object: 'Object Repository/OCS-MOBILE /Age gate and Mega menu/button_CONFIRM' is clicked on

2019-06-28 17:25:07 - [TEST_STEP][PASSED] - click(findTestObject("OCS-MOBILE /Age gate and Mega menu/button_Start Browsing")): Object: 'Object Repository/OCS-MOBILE /Age gate and Mega menu/button_Start Browsing' is clicked on

2019-06-28 17:25:07 - [MESSAGE][PASSED] - Object: 'Object Repository/OCS-MOBILE /Age gate and Mega menu/button_Start Browsing' is clicked on

2019-06-28 17:25:07 - [TEST_STEP][PASSED] - refresh(): Refresh successfully

2019-06-28 17:25:09 - [MESSAGE][PASSED] - Refresh successfully

2019-06-28 17:25:09 - [TEST_STEP][NOT_RUN] - executeJavaScript("var previewBar = document.getElementById("preview-bar-iframe"); previewBar.style.display = "none";", []): NOT_RUN: executeJavaScript("var previewBar = document.getElementById("preview-bar-iframe"); previewBar.style.display = "none";", [])

2019-06-28 17:25:09 - [MESSAGE][NOT_RUN] - NOT_RUN: executeJavaScript("var previewBar = document.getElementById("preview-bar-iframe"); previewBar.style.display = "none";", [])

2019-06-28 17:25:09 - [MESSAGE][PASSED] - Call Test Case 'Test Cases/OCS - MOBILE/CALL - AGE GATE' successfully

2019-06-28 17:25:09 - [TEST_STEP][PASSED] - delay(2): Delayed 2 second(s)

2019-06-28 17:25:11 - [MESSAGE][PASSED] - Delayed 2 second(s)

2019-06-28 17:25:11 - [TEST_STEP][PASSED] - click(findTestObject("OCS-MOBILE /Age gate and burger menu/Burger menu - English")): Object: 'Object Repository/OCS-MOBILE /Age gate and burger menu/Burger menu - English' is clicked on

2019-06-28 17:25:11 - [MESSAGE][PASSED] - Object: 'Object Repository/OCS-MOBILE /Age gate and burger menu/Burger menu - English' is clicked on

2019-06-28 17:25:11 - [TEST_STEP][PASSED] - delay(2): Delayed 2 second(s)

2019-06-28 17:25:13 - [MESSAGE][PASSED] - Delayed 2 second(s)

2019-06-28 17:25:13 - [TEST_STEP][PASSED] - click(findTestObject("OCS-MOBILE /Age gate and Mega menu/Chevron_Cannabis")): Object: 'Object Repository/OCS-MOBILE /Age gate and Mega menu/Chevron_Cannabis' is clicked on

2019-06-28 17:25:13 - [MESSAGE][PASSED] - Object: 'Object Repository/OCS-MOBILE /Age gate and Mega menu/Chevron_Cannabis' is clicked on

2019-06-28 17:25:13 - [TEST_STEP][PASSED] - delay(2): Delayed 2 second(s)

2019-06-28 17:25:15 - [MESSAGE][PASSED] - Delayed 2 second(s)

2019-06-28 17:25:15 - [TEST_STEP][PASSED] - click(findTestObject("OCS-MOBILE /Cannabis page/Dried flower")): Object: 'Object Repository/OCS-MOBILE /Cannabis page/Dried flower' is clicked on

2019-06-28 17:25:15 - [MESSAGE][PASSED] - Object: 'Object Repository/OCS-MOBILE /Cannabis page/Dried flower' is clicked on

2019-06-28 17:25:15 - [TEST_STEP][PASSED] - delay(2): Delayed 2 second(s)

2019-06-28 17:25:17 - [MESSAGE][PASSED] - Delayed 2 second(s)

2019-06-28 17:25:17 - [TEST_STEP][PASSED] - click(findTestObject("OCS-MOBILE /Cannabis page/Dried flower - Indica dominant")): Object: 'Object Repository/OCS-MOBILE /Cannabis page/Dried flower - Indica dominant' is clicked on

2019-06-28 17:25:18 - [MESSAGE][PASSED] - Object: 'Object Repository/OCS-MOBILE /Cannabis page/Dried flower - Indica dominant' is clicked on

2019-06-28 17:25:18 - [TEST_STEP][PASSED] - delay(2): Delayed 2 second(s)

2019-06-28 17:25:20 - [MESSAGE][PASSED] - Delayed 2 second(s)

2019-06-28 17:25:20 - [TEST_STEP][PASSED] - click(findTestObject("OCS-MOBILE /Collection page/sort option")): Object: 'Object Repository/OCS-MOBILE /Collection page/sort option' is clicked on

2019-06-28 17:25:20 - [MESSAGE][PASSED] - Object: 'Object Repository/OCS-MOBILE /Collection page/sort option' is clicked on

2019-06-28 17:25:20 - [TEST_STEP][PASSED] - delay(1): Delayed 1 second(s)

2019-06-28 17:25:21 - [MESSAGE][PASSED] - Delayed 1 second(s)

2019-06-28 17:25:21 - [TEST_STEP][PASSED] - click(findTestObject("OCS-MOBILE /Collection page/Price Low to High")): Object: 'Object Repository/OCS-MOBILE /Collection page/Price Low to High' is clicked on

2019-06-28 17:25:21 - [MESSAGE][PASSED] - Object: 'Object Repository/OCS-MOBILE /Collection page/Price Low to High' is clicked on

2019-06-28 17:25:21 - [TEST_STEP][PASSED] - delay(1): Delayed 1 second(s)

2019-06-28 17:25:22 - [MESSAGE][PASSED] - Delayed 1 second(s)

2019-06-28 17:25:22 - [TEST_STEP][PASSED] - refresh(): Refresh successfully

2019-06-28 17:25:24 - [MESSAGE][PASSED] - Refresh successfully

2019-06-28 17:25:24 - [TEST_STEP][PASSED] - delay(1): Delayed 1 second(s)

2019-06-28 17:25:25 - [MESSAGE][PASSED] - Delayed 1 second(s)

2019-06-28 17:25:25 - [TEST_STEP][PASSED] - callTestCase(findTestCase("OCS - MOBILE/OCS-COLLECTION PAGE/calling test case"), [:], STOP_ON_FAILURE): Call Test Case 'Test Cases/OCS - MOBILE/OCS-COLLECTION PAGE/calling test case' successfully

2019-06-28 17:25:25 - [TEST_CASE][PASSED] - Test Cases/OCS - MOBILE/OCS-COLLECTION PAGE/calling test case: Test Cases/OCS - MOBILE/OCS-COLLECTION PAGE/calling test case

2019-06-28 17:25:25 - [TEST_STEP][PASSED] - delay(2): Delayed 2 second(s)

2019-06-28 17:25:27 - [MESSAGE][PASSED] - Delayed 2 second(s)

2019-06-28 17:25:27 - [TEST_STEP][PASSED] - click(findTestObject("OCS-MOBILE /Age gate and burger menu/Burger menu - English")): Object: 'Object Repository/OCS-MOBILE /Age gate and burger menu/Burger menu - English' is clicked on

2019-06-28 17:25:27 - [MESSAGE][PASSED] - Object: 'Object Repository/OCS-MOBILE /Age gate and burger menu/Burger menu - English' is clicked on

2019-06-28 17:25:27 - [TEST_STEP][PASSED] - delay(2): Delayed 2 second(s)

2019-06-28 17:25:29 - [MESSAGE][PASSED] - Delayed 2 second(s)

2019-06-28 17:25:29 - [TEST_STEP][PASSED] - click(findTestObject("OCS-MOBILE /Age gate and Mega menu/Chevron_Cannabis")): Object: 'Object Repository/OCS-MOBILE /Age gate and Mega menu/Chevron_Cannabis' is clicked on

2019-06-28 17:25:29 - [MESSAGE][PASSED] - Object: 'Object Repository/OCS-MOBILE /Age gate and Mega menu/Chevron_Cannabis' is clicked on

2019-06-28 17:25:29 - [TEST_STEP][PASSED] - delay(2): Delayed 2 second(s)

2019-06-28 17:25:31 - [MESSAGE][PASSED] - Delayed 2 second(s)

2019-06-28 17:25:31 - [TEST_STEP][PASSED] - click(findTestObject("OCS-MOBILE /Cannabis page/Dried flower")): Object: 'Object Repository/OCS-MOBILE /Cannabis page/Dried flower' is clicked on

2019-06-28 17:25:31 - [MESSAGE][PASSED] - Object: 'Object Repository/OCS-MOBILE /Cannabis page/Dried flower' is clicked on

2019-06-28 17:25:31 - [TEST_STEP][PASSED] - delay(2): Delayed 2 second(s)

2019-06-28 17:25:33 - [MESSAGE][PASSED] - Delayed 2 second(s)

2019-06-28 17:25:33 - [TEST_STEP][PASSED] - click(findTestObject("OCS-MOBILE /Cannabis page/Dried flower - Indica dominant")): Object: 'Object Repository/OCS-MOBILE /Cannabis page/Dried flower - Indica dominant' is clicked on

2019-06-28 17:25:34 - [MESSAGE][PASSED] - Object: 'Object Repository/OCS-MOBILE /Cannabis page/Dried flower - Indica dominant' is clicked on

2019-06-28 17:25:34 - [TEST_STEP][PASSED] - delay(2): Delayed 2 second(s)

2019-06-28 17:25:36 - [MESSAGE][PASSED] - Delayed 2 second(s)

2019-06-28 17:25:36 - [MESSAGE][PASSED] - Call Test Case 'Test Cases/OCS - MOBILE/OCS-COLLECTION PAGE/calling test case' successfully

2019-06-28 17:25:36 - [TEST_STEP][NOT_RUN] - scrollToElement(findTestObject("OCS-MOBILE /Collection page/scroll element"), 0): NOT_RUN: scrollToElement(findTestObject("OCS-MOBILE /Collection page/scroll element"), 0)

2019-06-28 17:25:36 - [MESSAGE][NOT_RUN] - NOT_RUN: scrollToElement(findTestObject("OCS-MOBILE /Collection page/scroll element"), 0)

2019-06-28 17:25:36 - [TEST_STEP][PASSED] - delay(1): Delayed 1 second(s)

2019-06-28 17:25:37 - [MESSAGE][PASSED] - Delayed 1 second(s)

2019-06-28 17:25:37 - [TEST_STEP][PASSED] - click(findTestObject("OCS-MOBILE /Collection page/sort option")): Object: 'Object Repository/OCS-MOBILE /Collection page/sort option' is clicked on

2019-06-28 17:25:37 - [MESSAGE][PASSED] - Object: 'Object Repository/OCS-MOBILE /Collection page/sort option' is clicked on

2019-06-28 17:25:37 - [TEST_STEP][PASSED] - delay(1): Delayed 1 second(s)

2019-06-28 17:25:38 - [MESSAGE][PASSED] - Delayed 1 second(s)

2019-06-28 17:25:38 - [TEST_STEP][PASSED] - click(findTestObject("OCS-MOBILE /Collection page/Price High to Low")): Object: 'Object Repository/OCS-MOBILE /Collection page/Price High to Low' is clicked on

2019-06-28 17:25:38 - [MESSAGE][PASSED] - Object: 'Object Repository/OCS-MOBILE /Collection page/Price High to Low' is clicked on

2019-06-28 17:25:38 - [TEST_STEP][PASSED] - delay(1): Delayed 1 second(s)

2019-06-28 17:25:39 - [MESSAGE][PASSED] - Delayed 1 second(s)

2019-06-28 17:25:39 - [TEST_STEP][PASSED] - refresh(): Refresh successfully

2019-06-28 17:25:40 - [MESSAGE][PASSED] - Refresh successfully

2019-06-28 17:25:40 - [TEST_STEP][PASSED] - callTestCase(findTestCase("OCS - MOBILE/OCS-COLLECTION PAGE/calling test case"), [:], STOP_ON_FAILURE): Call Test Case 'Test Cases/OCS - MOBILE/OCS-COLLECTION PAGE/calling test case' successfully

2019-06-28 17:25:40 - [TEST_CASE][PASSED] - Test Cases/OCS - MOBILE/OCS-COLLECTION PAGE/calling test case: Test Cases/OCS - MOBILE/OCS-COLLECTION PAGE/calling test case

2019-06-28 17:25:40 - [TEST_STEP][PASSED] - delay(2): Delayed 2 second(s)

2019-06-28 17:25:42 - [MESSAGE][PASSED] - Delayed 2 second(s)

2019-06-28 17:25:42 - [TEST_STEP][PASSED] - click(findTestObject("OCS-MOBILE /Age gate and burger menu/Burger menu - English")): Object: 'Object Repository/OCS-MOBILE /Age gate and burger menu/Burger menu - English' is clicked on

2019-06-28 17:25:42 - [MESSAGE][PASSED] - Object: 'Object Repository/OCS-MOBILE /Age gate and burger menu/Burger menu - English' is clicked on

2019-06-28 17:25:42 - [TEST_STEP][PASSED] - delay(2): Delayed 2 second(s)

2019-06-28 17:25:44 - [MESSAGE][PASSED] - Delayed 2 second(s)

2019-06-28 17:25:44 - [TEST_STEP][PASSED] - click(findTestObject("OCS-MOBILE /Age gate and Mega menu/Chevron_Cannabis")): Object: 'Object Repository/OCS-MOBILE /Age gate and Mega menu/Chevron_Cannabis' is clicked on

2019-06-28 17:25:44 - [MESSAGE][PASSED] - Object: 'Object Repository/OCS-MOBILE /Age gate and Mega menu/Chevron_Cannabis' is clicked on

2019-06-28 17:25:44 - [TEST_STEP][PASSED] - delay(2): Delayed 2 second(s)

2019-06-28 17:25:46 - [MESSAGE][PASSED] - Delayed 2 second(s)

2019-06-28 17:25:46 - [TEST_STEP][PASSED] - click(findTestObject("OCS-MOBILE /Cannabis page/Dried flower")): Object: 'Object Repository/OCS-MOBILE /Cannabis page/Dried flower' is clicked on

2019-06-28 17:25:46 - [MESSAGE][PASSED] - Object: 'Object Repository/OCS-MOBILE /Cannabis page/Dried flower' is clicked on

2019-06-28 17:25:46 - [TEST_STEP][PASSED] - delay(2): Delayed 2 second(s)

2019-06-28 17:25:48 - [MESSAGE][PASSED] - Delayed 2 second(s)

2019-06-28 17:25:48 - [TEST_STEP][PASSED] - click(findTestObject("OCS-MOBILE /Cannabis page/Dried flower - Indica dominant")): Object: 'Object Repository/OCS-MOBILE /Cannabis page/Dried flower - Indica dominant' is clicked on

2019-06-28 17:25:48 - [MESSAGE][PASSED] - Object: 'Object Repository/OCS-MOBILE /Cannabis page/Dried flower - Indica dominant' is clicked on

2019-06-28 17:25:48 - [TEST_STEP][PASSED] - delay(2): Delayed 2 second(s)

2019-06-28 17:25:50 - [MESSAGE][PASSED] - Delayed 2 second(s)

2019-06-28 17:25:50 - [MESSAGE][PASSED] - Call Test Case 'Test Cases/OCS - MOBILE/OCS-COLLECTION PAGE/calling test case' successfully

2019-06-28 17:25:50 - [TEST_STEP][PASSED] - click(findTestObject("OCS-MOBILE /Collection page/sort option")): Object: 'Object Repository/OCS-MOBILE /Collection page/sort option' is clicked on

2019-06-28 17:25:50 - [MESSAGE][PASSED] - Object: 'Object Repository/OCS-MOBILE /Collection page/sort option' is clicked on

2019-06-28 17:25:50 - [TEST_STEP][PASSED] - delay(1): Delayed 1 second(s)

2019-06-28 17:25:51 - [MESSAGE][PASSED] - Delayed 1 second(s)

2019-06-28 17:25:51 - [TEST_STEP][PASSED] - click(findTestObject("OCS-MOBILE /Collection page/Alphabetically A - Z")): Object: 'Object Repository/OCS-MOBILE /Collection page/Alphabetically A - Z' is clicked on

2019-06-28 17:25:51 - [MESSAGE][PASSED] - Object: 'Object Repository/OCS-MOBILE /Collection page/Alphabetically A - Z' is clicked on

2019-06-28 17:25:51 - [TEST_STEP][PASSED] - delay(1): Delayed 1 second(s)

2019-06-28 17:25:52 - [MESSAGE][PASSED] - Delayed 1 second(s)

2019-06-28 17:25:52 - [TEST_STEP][PASSED] - refresh(): Refresh successfully

2019-06-28 17:25:53 - [MESSAGE][PASSED] - Refresh successfully

2019-06-28 17:25:53 - [TEST_STEP][PASSED] - callTestCase(findTestCase("OCS - MOBILE/OCS-COLLECTION PAGE/calling test case"), [:], STOP_ON_FAILURE): Call Test Case 'Test Cases/OCS - MOBILE/OCS-COLLECTION PAGE/calling test case' successfully

2019-06-28 17:25:53 - [TEST_CASE][PASSED] - Test Cases/OCS - MOBILE/OCS-COLLECTION PAGE/calling test case: Test Cases/OCS - MOBILE/OCS-COLLECTION PAGE/calling test case

2019-06-28 17:25:53 - [TEST_STEP][PASSED] - delay(2): Delayed 2 second(s)

2019-06-28 17:25:55 - [MESSAGE][PASSED] - Delayed 2 second(s)

2019-06-28 17:25:55 - [TEST_STEP][PASSED] - click(findTestObject("OCS-MOBILE /Age gate and burger menu/Burger menu - English")): Object: 'Object Repository/OCS-MOBILE /Age gate and burger menu/Burger menu - English' is clicked on

2019-06-28 17:25:55 - [MESSAGE][PASSED] - Object: 'Object Repository/OCS-MOBILE /Age gate and burger menu/Burger menu - English' is clicked on

2019-06-28 17:25:55 - [TEST_STEP][PASSED] - delay(2): Delayed 2 second(s)

2019-06-28 17:25:57 - [MESSAGE][PASSED] - Delayed 2 second(s)

2019-06-28 17:25:57 - [TEST_STEP][PASSED] - click(findTestObject("OCS-MOBILE /Age gate and Mega menu/Chevron_Cannabis")): Object: 'Object Repository/OCS-MOBILE /Age gate and Mega menu/Chevron_Cannabis' is clicked on

2019-06-28 17:25:57 - [MESSAGE][PASSED] - Object: 'Object Repository/OCS-MOBILE /Age gate and Mega menu/Chevron_Cannabis' is clicked on

2019-06-28 17:25:57 - [TEST_STEP][PASSED] - delay(2): Delayed 2 second(s)

2019-06-28 17:25:59 - [MESSAGE][PASSED] - Delayed 2 second(s)

2019-06-28 17:25:59 - [TEST_STEP][PASSED] - click(findTestObject("OCS-MOBILE /Cannabis page/Dried flower")): Object: 'Object Repository/OCS-MOBILE /Cannabis page/Dried flower' is clicked on

2019-06-28 17:25:59 - [MESSAGE][PASSED] - Object: 'Object Repository/OCS-MOBILE /Cannabis page/Dried flower' is clicked on

2019-06-28 17:25:59 - [TEST_STEP][PASSED] - delay(2): Delayed 2 second(s)

2019-06-28 17:26:01 - [MESSAGE][PASSED] - Delayed 2 second(s)

2019-06-28 17:26:01 - [TEST_STEP][PASSED] - click(findTestObject("OCS-MOBILE /Cannabis page/Dried flower - Indica dominant")): Object: 'Object Repository/OCS-MOBILE /Cannabis page/Dried flower - Indica dominant' is clicked on

2019-06-28 17:26:02 - [MESSAGE][PASSED] - Object: 'Object Repository/OCS-MOBILE /Cannabis page/Dried flower - Indica dominant' is clicked on

2019-06-28 17:26:02 - [TEST_STEP][PASSED] - delay(2): Delayed 2 second(s)

2019-06-28 17:26:04 - [MESSAGE][PASSED] - Delayed 2 second(s)

2019-06-28 17:26:04 - [MESSAGE][PASSED] - Call Test Case 'Test Cases/OCS - MOBILE/OCS-COLLECTION PAGE/calling test case' successfully

2019-06-28 17:26:04 - [TEST_STEP][PASSED] - click(findTestObject("OCS-MOBILE /Collection page/sort option")): Object: 'Object Repository/OCS-MOBILE /Collection page/sort option' is clicked on

2019-06-28 17:26:04 - [MESSAGE][PASSED] - Object: 'Object Repository/OCS-MOBILE /Collection page/sort option' is clicked on

2019-06-28 17:26:04 - [TEST_STEP][NOT_RUN] - executeJavaScript("var previewBar = document.getElementById("preview-bar-iframe"); previewBar.style.display = "none";", []): NOT_RUN: executeJavaScript("var previewBar = document.getElementById("preview-bar-iframe"); previewBar.style.display = "none";", [])

2019-06-28 17:26:04 - [MESSAGE][NOT_RUN] - NOT_RUN: executeJavaScript("var previewBar = document.getElementById("preview-bar-iframe"); previewBar.style.display = "none";", [])

2019-06-28 17:26:04 - [TEST_STEP][PASSED] - delay(1): Delayed 1 second(s)

2019-06-28 17:26:05 - [MESSAGE][PASSED] - Delayed 1 second(s)

2019-06-28 17:26:05 - [TEST_STEP][PASSED] - click(findTestObject("OCS-MOBILE /Collection page/Alphabetically Z - A")): Object: 'Object Repository/OCS-MOBILE /Collection page/Alphabetically Z - A' is clicked on

2019-06-28 17:26:05 - [MESSAGE][PASSED] - Object: 'Object Repository/OCS-MOBILE /Collection page/Alphabetically Z - A' is clicked on

2019-06-28 17:26:05 - [TEST_STEP][PASSED] - delay(1): Delayed 1 second(s)

2019-06-28 17:26:06 - [MESSAGE][PASSED] - Delayed 1 second(s)

2019-06-28 17:26:06 - [TEST_STEP][PASSED] - refresh(): Refresh successfully

2019-06-28 17:26:08 - [MESSAGE][PASSED] - Refresh successfully

2019-06-28 17:26:08 - [TEST_STEP][PASSED] - callTestCase(findTestCase("OCS - MOBILE/OCS-COLLECTION PAGE/calling test case"), [:], STOP_ON_FAILURE): Call Test Case 'Test Cases/OCS - MOBILE/OCS-COLLECTION PAGE/calling test case' successfully

2019-06-28 17:26:09 - [TEST_CASE][PASSED] - Test Cases/OCS - MOBILE/OCS-COLLECTION PAGE/calling test case: Test Cases/OCS - MOBILE/OCS-COLLECTION PAGE/calling test case

2019-06-28 17:26:09 - [TEST_STEP][PASSED] - delay(2): Delayed 2 second(s)

2019-06-28 17:26:11 - [MESSAGE][PASSED] - Delayed 2 second(s)

2019-06-28 17:26:11 - [TEST_STEP][PASSED] - click(findTestObject("OCS-MOBILE /Age gate and burger menu/Burger menu - English")): Object: 'Object Repository/OCS-MOBILE /Age gate and burger menu/Burger menu - English' is clicked on

2019-06-28 17:26:11 - [MESSAGE][PASSED] - Object: 'Object Repository/OCS-MOBILE /Age gate and burger menu/Burger menu - English' is clicked on

2019-06-28 17:26:11 - [TEST_STEP][PASSED] - delay(2): Delayed 2 second(s)

2019-06-28 17:26:13 - [MESSAGE][PASSED] - Delayed 2 second(s)

2019-06-28 17:26:13 - [TEST_STEP][PASSED] - click(findTestObject("OCS-MOBILE /Age gate and Mega menu/Chevron_Cannabis")): Object: 'Object Repository/OCS-MOBILE /Age gate and Mega menu/Chevron_Cannabis' is clicked on

2019-06-28 17:26:13 - [MESSAGE][PASSED] - Object: 'Object Repository/OCS-MOBILE /Age gate and Mega menu/Chevron_Cannabis' is clicked on

2019-06-28 17:26:13 - [TEST_STEP][PASSED] - delay(2): Delayed 2 second(s)

2019-06-28 17:26:15 - [MESSAGE][PASSED] - Delayed 2 second(s)

2019-06-28 17:26:15 - [TEST_STEP][PASSED] - click(findTestObject("OCS-MOBILE /Cannabis page/Dried flower")): Object: 'Object Repository/OCS-MOBILE /Cannabis page/Dried flower' is clicked on

2019-06-28 17:26:15 - [MESSAGE][PASSED] - Object: 'Object Repository/OCS-MOBILE /Cannabis page/Dried flower' is clicked on

2019-06-28 17:26:15 - [TEST_STEP][PASSED] - delay(2): Delayed 2 second(s)

2019-06-28 17:26:17 - [MESSAGE][PASSED] - Delayed 2 second(s)

2019-06-28 17:26:17 - [TEST_STEP][PASSED] - click(findTestObject("OCS-MOBILE /Cannabis page/Dried flower - Indica dominant")): Object: 'Object Repository/OCS-MOBILE /Cannabis page/Dried flower - Indica dominant' is clicked on

2019-06-28 17:26:17 - [MESSAGE][PASSED] - Object: 'Object Repository/OCS-MOBILE /Cannabis page/Dried flower - Indica dominant' is clicked on

2019-06-28 17:26:17 - [TEST_STEP][PASSED] - delay(2): Delayed 2 second(s)

2019-06-28 17:26:19 - [MESSAGE][PASSED] - Delayed 2 second(s)

2019-06-28 17:26:19 - [MESSAGE][PASSED] - Call Test Case 'Test Cases/OCS - MOBILE/OCS-COLLECTION PAGE/calling test case' successfully

2019-06-28 17:26:19 - [TEST_STEP][PASSED] - click(findTestObject("OCS-MOBILE /Collection page/sort option")): Object: 'Object Repository/OCS-MOBILE /Collection page/sort option' is clicked on

2019-06-28 17:26:19 - [MESSAGE][PASSED] - Object: 'Object Repository/OCS-MOBILE /Collection page/sort option' is clicked on

2019-06-28 17:26:19 - [TEST_STEP][PASSED] - delay(1): Delayed 1 second(s)

2019-06-28 17:26:20 - [MESSAGE][PASSED] - Delayed 1 second(s)

2019-06-28 17:26:20 - [TEST_STEP][PASSED] - setViewPortSize(1000, 800, OPTIONAL): Viewport is set to new size with width = 1000 and height = 800

2019-06-28 17:26:20 - [MESSAGE][PASSED] - Viewport is set to new size with width = 1000 and height = 800

2019-06-28 17:26:20 - [TEST_STEP][PASSED] - delay(2, OPTIONAL): Delayed 2 second(s)

2019-06-28 17:26:22 - [MESSAGE][PASSED] - Delayed 2 second(s)

2019-06-28 17:26:22 - [TEST_STEP][PASSED] - click(findTestObject("Theme_oR/Page_Ontario Cannabis Store  Ontari/button_Hide bar"), OPTIONAL): Unable to click on object (Root cause: java.lang.IllegalArgumentException: Object is null)

2019-06-28 17:26:22 - [MESSAGE][WARNING] - Test object with id 'Object Repository/Theme_oR/Page_Ontario Cannabis Store  Ontari/button_Hide bar' does not exist

2019-06-28 17:26:22 - [MESSAGE][WARNING] - Test object with id 'Object Repository/' does not exist

2019-06-28 17:26:22 - [MESSAGE][WARNING] - Unable to click on object (Root cause: java.lang.IllegalArgumentException: Object is null)
[[ATTACHMENT|/Users/sumankompelly/Relative xpath-Mobile/Reports/Live site/20190628_163954/1561757182916.png]]

2019-06-28 17:26:22 - [TEST_STEP][PASSED] - delay(2, OPTIONAL): Delayed 2 second(s)

2019-06-28 17:26:24 - [MESSAGE][PASSED] - Delayed 2 second(s)

2019-06-28 17:26:24 - [TEST_STEP][PASSED] - setViewPortSize(360, 800, OPTIONAL): Viewport is set to new size with width = 360 and height = 800

2019-06-28 17:26:25 - [MESSAGE][PASSED] - Viewport is set to new size with width = 360 and height = 800

2019-06-28 17:26:25 - [TEST_STEP][PASSED] - delay(1, OPTIONAL): Delayed 1 second(s)

2019-06-28 17:26:26 - [MESSAGE][PASSED] - Delayed 1 second(s)

2019-06-28 17:26:26 - [TEST_STEP][NOT_RUN] - executeJavaScript("var previewBar = document.getElementById("preview-bar-iframe"); previewBar.style.display = "none";", []): NOT_RUN: executeJavaScript("var previewBar = document.getElementById("preview-bar-iframe"); previewBar.style.display = "none";", [])

2019-06-28 17:26:26 - [MESSAGE][NOT_RUN] - NOT_RUN: executeJavaScript("var previewBar = document.getElementById("preview-bar-iframe"); previewBar.style.display = "none";", [])

2019-06-28 17:26:26 - [TEST_STEP][PASSED] - click(findTestObject("OCS-MOBILE /Collection page/CBD Low to High")): Object: 'Object Repository/OCS-MOBILE /Collection page/CBD Low to High' is clicked on

2019-06-28 17:26:26 - [MESSAGE][PASSED] - Object: 'Object Repository/OCS-MOBILE /Collection page/CBD Low to High' is clicked on

2019-06-28 17:26:26 - [TEST_STEP][PASSED] - delay(1): Delayed 1 second(s)

2019-06-28 17:26:27 - [MESSAGE][PASSED] - Delayed 1 second(s)

2019-06-28 17:26:27 - [TEST_STEP][PASSED] - refresh(): Refresh successfully

2019-06-28 17:26:27 - [MESSAGE][PASSED] - Refresh successfully

2019-06-28 17:26:27 - [TEST_STEP][PASSED] - callTestCase(findTestCase("OCS - MOBILE/OCS-COLLECTION PAGE/calling test case"), [:], STOP_ON_FAILURE): Call Test Case 'Test Cases/OCS - MOBILE/OCS-COLLECTION PAGE/calling test case' successfully

2019-06-28 17:26:27 - [TEST_CASE][PASSED] - Test Cases/OCS - MOBILE/OCS-COLLECTION PAGE/calling test case: Test Cases/OCS - MOBILE/OCS-COLLECTION PAGE/calling test case

2019-06-28 17:26:27 - [TEST_STEP][PASSED] - delay(2): Delayed 2 second(s)

2019-06-28 17:26:29 - [MESSAGE][PASSED] - Delayed 2 second(s)

2019-06-28 17:26:29 - [TEST_STEP][PASSED] - click(findTestObject("OCS-MOBILE /Age gate and burger menu/Burger menu - English")): Object: 'Object Repository/OCS-MOBILE /Age gate and burger menu/Burger menu - English' is clicked on

2019-06-28 17:26:29 - [MESSAGE][PASSED] - Object: 'Object Repository/OCS-MOBILE /Age gate and burger menu/Burger menu - English' is clicked on

2019-06-28 17:26:29 - [TEST_STEP][PASSED] - delay(2): Delayed 2 second(s)

2019-06-28 17:26:31 - [MESSAGE][PASSED] - Delayed 2 second(s)

2019-06-28 17:26:31 - [TEST_STEP][PASSED] - click(findTestObject("OCS-MOBILE /Age gate and Mega menu/Chevron_Cannabis")): Object: 'Object Repository/OCS-MOBILE /Age gate and Mega menu/Chevron_Cannabis' is clicked on

2019-06-28 17:26:32 - [MESSAGE][PASSED] - Object: 'Object Repository/OCS-MOBILE /Age gate and Mega menu/Chevron_Cannabis' is clicked on

2019-06-28 17:26:32 - [TEST_STEP][PASSED] - delay(2): Delayed 2 second(s)

2019-06-28 17:26:34 - [MESSAGE][PASSED] - Delayed 2 second(s)

2019-06-28 17:26:34 - [TEST_STEP][PASSED] - click(findTestObject("OCS-MOBILE /Cannabis page/Dried flower")): Object: 'Object Repository/OCS-MOBILE /Cannabis page/Dried flower' is clicked on

2019-06-28 17:26:34 - [MESSAGE][PASSED] - Object: 'Object Repository/OCS-MOBILE /Cannabis page/Dried flower' is clicked on

2019-06-28 17:26:34 - [TEST_STEP][PASSED] - delay(2): Delayed 2 second(s)

2019-06-28 17:26:36 - [MESSAGE][PASSED] - Delayed 2 second(s)

2019-06-28 17:26:36 - [TEST_STEP][PASSED] - click(findTestObject("OCS-MOBILE /Cannabis page/Dried flower - Indica dominant")): Object: 'Object Repository/OCS-MOBILE /Cannabis page/Dried flower - Indica dominant' is clicked on

2019-06-28 17:26:36 - [MESSAGE][PASSED] - Object: 'Object Repository/OCS-MOBILE /Cannabis page/Dried flower - Indica dominant' is clicked on

2019-06-28 17:26:36 - [TEST_STEP][PASSED] - delay(2): Delayed 2 second(s)

2019-06-28 17:26:38 - [MESSAGE][PASSED] - Delayed 2 second(s)

2019-06-28 17:26:38 - [MESSAGE][PASSED] - Call Test Case 'Test Cases/OCS - MOBILE/OCS-COLLECTION PAGE/calling test case' successfully

2019-06-28 17:26:38 - [TEST_STEP][PASSED] - click(findTestObject("OCS-MOBILE /Collection page/sort option")): Object: 'Object Repository/OCS-MOBILE /Collection page/sort option' is clicked on

2019-06-28 17:26:38 - [MESSAGE][PASSED] - Object: 'Object Repository/OCS-MOBILE /Collection page/sort option' is clicked on

2019-06-28 17:26:38 - [TEST_STEP][PASSED] - delay(1): Delayed 1 second(s)

2019-06-28 17:26:39 - [MESSAGE][PASSED] - Delayed 1 second(s)

2019-06-28 17:26:39 - [TEST_STEP][PASSED] - setViewPortSize(1000, 800, OPTIONAL): Viewport is set to new size with width = 1000 and height = 800

2019-06-28 17:26:39 - [MESSAGE][PASSED] - Viewport is set to new size with width = 1000 and height = 800

2019-06-28 17:26:39 - [TEST_STEP][PASSED] - delay(2, OPTIONAL): Delayed 2 second(s)

2019-06-28 17:26:41 - [MESSAGE][PASSED] - Delayed 2 second(s)

2019-06-28 17:26:41 - [TEST_STEP][PASSED] - click(findTestObject("Theme_oR/Page_Ontario Cannabis Store  Ontari/button_Hide bar"), OPTIONAL): Unable to click on object (Root cause: java.lang.IllegalArgumentException: Object is null)

2019-06-28 17:26:41 - [MESSAGE][WARNING] - Test object with id 'Object Repository/Theme_oR/Page_Ontario Cannabis Store  Ontari/button_Hide bar' does not exist

2019-06-28 17:26:41 - [MESSAGE][WARNING] - Test object with id 'Object Repository/' does not exist

2019-06-28 17:26:41 - [MESSAGE][WARNING] - Unable to click on object (Root cause: java.lang.IllegalArgumentException: Object is null)
[[ATTACHMENT|/Users/sumankompelly/Relative xpath-Mobile/Reports/Live site/20190628_163954/1561757201901.png]]

2019-06-28 17:26:41 - [TEST_STEP][PASSED] - delay(2, OPTIONAL): Delayed 2 second(s)

2019-06-28 17:26:43 - [MESSAGE][PASSED] - Delayed 2 second(s)

2019-06-28 17:26:43 - [TEST_STEP][PASSED] - setViewPortSize(360, 800, OPTIONAL): Viewport is set to new size with width = 360 and height = 800

2019-06-28 17:26:44 - [MESSAGE][PASSED] - Viewport is set to new size with width = 360 and height = 800

2019-06-28 17:26:44 - [TEST_STEP][PASSED] - delay(1, OPTIONAL): Delayed 1 second(s)

2019-06-28 17:26:45 - [MESSAGE][PASSED] - Delayed 1 second(s)

2019-06-28 17:26:45 - [TEST_STEP][NOT_RUN] - executeJavaScript("var previewBar = document.getElementById("preview-bar-iframe"); previewBar.style.display = "none";", []): NOT_RUN: executeJavaScript("var previewBar = document.getElementById("preview-bar-iframe"); previewBar.style.display = "none";", [])

2019-06-28 17:26:45 - [MESSAGE][NOT_RUN] - NOT_RUN: executeJavaScript("var previewBar = document.getElementById("preview-bar-iframe"); previewBar.style.display = "none";", [])

2019-06-28 17:26:45 - [TEST_STEP][PASSED] - click(findTestObject("OCS-MOBILE /Collection page/CBD High to Low")): Object: 'Object Repository/OCS-MOBILE /Collection page/CBD High to Low' is clicked on

2019-06-28 17:26:45 - [MESSAGE][PASSED] - Object: 'Object Repository/OCS-MOBILE /Collection page/CBD High to Low' is clicked on

2019-06-28 17:26:45 - [TEST_STEP][PASSED] - delay(1): Delayed 1 second(s)

2019-06-28 17:26:46 - [MESSAGE][PASSED] - Delayed 1 second(s)

2019-06-28 17:26:46 - [TEST_STEP][PASSED] - refresh(): Refresh successfully

2019-06-28 17:26:46 - [MESSAGE][PASSED] - Refresh successfully

2019-06-28 17:26:46 - [TEST_STEP][NOT_RUN] - callTestCase(findTestCase("OCS - MOBILE/OCS-COLLECTION PAGE/calling test case"), [:], STOP_ON_FAILURE): NOT_RUN: callTestCase(findTestCase("OCS - MOBILE/OCS-COLLECTION PAGE/calling test case"), [:], STOP_ON_FAILURE)

2019-06-28 17:26:46 - [MESSAGE][NOT_RUN] - NOT_RUN: callTestCase(findTestCase("OCS - MOBILE/OCS-COLLECTION PAGE/calling test case"), [:], STOP_ON_FAILURE)

2019-06-28 17:26:46 - [TEST_STEP][NOT_RUN] - click(findTestObject("OCS-MOBILE /Collection page/sort option")): NOT_RUN: click(findTestObject("OCS-MOBILE /Collection page/sort option"))

2019-06-28 17:26:46 - [MESSAGE][NOT_RUN] - NOT_RUN: click(findTestObject("OCS-MOBILE /Collection page/sort option"))

2019-06-28 17:26:46 - [TEST_STEP][NOT_RUN] - delay(1): NOT_RUN: delay(1)

2019-06-28 17:26:46 - [MESSAGE][NOT_RUN] - NOT_RUN: delay(1)

2019-06-28 17:26:46 - [TEST_STEP][NOT_RUN] - setViewPortSize(1000, 800, OPTIONAL): NOT_RUN: setViewPortSize(1000, 800, OPTIONAL)

2019-06-28 17:26:46 - [MESSAGE][NOT_RUN] - NOT_RUN: setViewPortSize(1000, 800, OPTIONAL)

2019-06-28 17:26:46 - [TEST_STEP][NOT_RUN] - delay(2, OPTIONAL): NOT_RUN: delay(2, OPTIONAL)

2019-06-28 17:26:46 - [MESSAGE][NOT_RUN] - NOT_RUN: delay(2, OPTIONAL)

2019-06-28 17:26:46 - [TEST_STEP][NOT_RUN] - click(findTestObject("Theme_oR/Page_Ontario Cannabis Store  Ontari/button_Hide bar"), OPTIONAL): NOT_RUN: click(findTestObject("Theme_oR/Page_Ontario Cannabis Store  Ontari/button_Hide bar"), OPTIONAL)

2019-06-28 17:26:46 - [MESSAGE][NOT_RUN] - NOT_RUN: click(findTestObject("Theme_oR/Page_Ontario Cannabis Store  Ontari/button_Hide bar"), OPTIONAL)

2019-06-28 17:26:46 - [TEST_STEP][NOT_RUN] - delay(2, OPTIONAL): NOT_RUN: delay(2, OPTIONAL)

2019-06-28 17:26:46 - [MESSAGE][NOT_RUN] - NOT_RUN: delay(2, OPTIONAL)

2019-06-28 17:26:46 - [TEST_STEP][NOT_RUN] - setViewPortSize(360, 800, OPTIONAL): NOT_RUN: setViewPortSize(360, 800, OPTIONAL)

2019-06-28 17:26:46 - [MESSAGE][NOT_RUN] - NOT_RUN: setViewPortSize(360, 800, OPTIONAL)

2019-06-28 17:26:46 - [TEST_STEP][NOT_RUN] - delay(1, OPTIONAL): NOT_RUN: delay(1, OPTIONAL)

2019-06-28 17:26:46 - [MESSAGE][NOT_RUN] - NOT_RUN: delay(1, OPTIONAL)

2019-06-28 17:26:46 - [TEST_STEP][NOT_RUN] - click(findTestObject("OCS-MOBILE /Collection page/label_THC  High to Low")): NOT_RUN: click(findTestObject("OCS-MOBILE /Collection page/label_THC  High to Low"))

2019-06-28 17:26:46 - [MESSAGE][NOT_RUN] - NOT_RUN: click(findTestObject("OCS-MOBILE /Collection page/label_THC  High to Low"))

2019-06-28 17:26:46 - [TEST_STEP][NOT_RUN] - delay(1): NOT_RUN: delay(1)

2019-06-28 17:26:46 - [MESSAGE][NOT_RUN] - NOT_RUN: delay(1)

2019-06-28 17:26:46 - [TEST_STEP][PASSED] - refresh(): Refresh successfully

2019-06-28 17:26:47 - [MESSAGE][PASSED] - Refresh successfully]]></system-out>
         <system-err><![CDATA[]]></system-err>
      </testcase>
      <testcase name="Test Cases/OCS - MOBILE/OCS-COLLECTION PAGE/Chevron dropdown" classname="Test Cases/OCS - MOBILE/OCS-COLLECTION PAGE/Chevron dropdown" status="PASSED">
         <system-out><![CDATA[2019-06-28 17:26:47 - [TEST_CASE][PASSED] - Test Cases/OCS - MOBILE/OCS-COLLECTION PAGE/Chevron dropdown: Test Cases/OCS - MOBILE/OCS-COLLECTION PAGE/Chevron dropdown

2019-06-28 17:26:47 - [TEST_STEP][PASSED] - callTestCase(findTestCase("OCS - MOBILE/CALL - AGE GATE"), [:], STOP_ON_FAILURE): Call Test Case 'Test Cases/OCS - MOBILE/CALL - AGE GATE' successfully

2019-06-28 17:26:47 - [TEST_CASE][PASSED] - Test Cases/OCS - MOBILE/CALL - AGE GATE: Test Cases/OCS - MOBILE/CALL - AGE GATE

2019-06-28 17:26:47 - [TEST_STEP][PASSED] - openBrowser(""): Browser is opened with url: ''

2019-06-28 17:26:47 - [MESSAGE][WARNING] - A browser is already opened. Closing browser and opening a new one

2019-06-28 17:26:47 - [MESSAGE][INFO] - Starting 'Safari' driver

2019-06-28 17:26:48 - [MESSAGE][PASSED] - Browser is opened with url: ''

2019-06-28 17:26:48 - [TEST_STEP][PASSED] - navigateToUrl("ocs.ca"): Navigate to 'http://ocs.ca' successfully

2019-06-28 17:26:51 - [MESSAGE][PASSED] - Navigate to 'http://ocs.ca' successfully

2019-06-28 17:26:51 - [TEST_STEP][NOT_RUN] - executeJavaScript("var previewBar = document.getElementById("preview-bar-iframe"); previewBar.style.display = "none";", []): NOT_RUN: executeJavaScript("var previewBar = document.getElementById("preview-bar-iframe"); previewBar.style.display = "none";", [])

2019-06-28 17:26:51 - [MESSAGE][NOT_RUN] - NOT_RUN: executeJavaScript("var previewBar = document.getElementById("preview-bar-iframe"); previewBar.style.display = "none";", [])

2019-06-28 17:26:51 - [TEST_STEP][PASSED] - setViewPortSize(360, 800): Viewport is set to new size with width = 360 and height = 800

2019-06-28 17:26:51 - [MESSAGE][PASSED] - Viewport is set to new size with width = 360 and height = 800

2019-06-28 17:26:51 - [TEST_STEP][PASSED] - delay(4): Delayed 4 second(s)

2019-06-28 17:26:55 - [MESSAGE][PASSED] - Delayed 4 second(s)

2019-06-28 17:26:55 - [TEST_STEP][PASSED] - selectOptionByValue(findTestObject("OCS-MOBILE /Age gate and burger menu/Date"), "12", true): All options with value '12' are selected in object 'Object Repository/OCS-MOBILE /Age gate and burger menu/Date'  using regular expression

2019-06-28 17:26:56 - [MESSAGE][PASSED] - All options with value '12' are selected in object 'Object Repository/OCS-MOBILE /Age gate and burger menu/Date'  using regular expression

2019-06-28 17:26:56 - [TEST_STEP][PASSED] - selectOptionByValue(findTestObject("OCS-MOBILE /Age gate and burger menu/month"), "6", true): All options with value '6' are selected in object 'Object Repository/OCS-MOBILE /Age gate and burger menu/month'  using regular expression

2019-06-28 17:26:57 - [MESSAGE][PASSED] - All options with value '6' are selected in object 'Object Repository/OCS-MOBILE /Age gate and burger menu/month'  using regular expression

2019-06-28 17:26:57 - [TEST_STEP][PASSED] - delay(2): Delayed 2 second(s)

2019-06-28 17:26:59 - [MESSAGE][PASSED] - Delayed 2 second(s)

2019-06-28 17:26:59 - [TEST_STEP][PASSED] - selectOptionByValue(findTestObject("OCS-MOBILE /Age gate and burger menu/Year Dropdown"), "1990", true): All options with value '1990' are selected in object 'Object Repository/OCS-MOBILE /Age gate and burger menu/Year Dropdown'  using regular expression

2019-06-28 17:27:01 - [MESSAGE][PASSED] - All options with value '1990' are selected in object 'Object Repository/OCS-MOBILE /Age gate and burger menu/Year Dropdown'  using regular expression

2019-06-28 17:27:01 - [TEST_STEP][PASSED] - click(findTestObject("OCS-MOBILE /Age gate and Mega menu/button_Verify")): Object: 'Object Repository/OCS-MOBILE /Age gate and Mega menu/button_Verify' is clicked on

2019-06-28 17:27:01 - [MESSAGE][PASSED] - Object: 'Object Repository/OCS-MOBILE /Age gate and Mega menu/button_Verify' is clicked on

2019-06-28 17:27:01 - [TEST_STEP][PASSED] - click(findTestObject("OCS-MOBILE /Age gate and Mega menu/Checkbox_CONFIRM AND ACKNOWLEDGE")): Object: 'Object Repository/OCS-MOBILE /Age gate and Mega menu/Checkbox_CONFIRM AND ACKNOWLEDGE' is clicked on

2019-06-28 17:27:01 - [MESSAGE][PASSED] - Object: 'Object Repository/OCS-MOBILE /Age gate and Mega menu/Checkbox_CONFIRM AND ACKNOWLEDGE' is clicked on

2019-06-28 17:27:01 - [TEST_STEP][PASSED] - click(findTestObject("OCS-MOBILE /Age gate and Mega menu/button_CONFIRM")): Object: 'Object Repository/OCS-MOBILE /Age gate and Mega menu/button_CONFIRM' is clicked on

2019-06-28 17:27:01 - [MESSAGE][PASSED] - Object: 'Object Repository/OCS-MOBILE /Age gate and Mega menu/button_CONFIRM' is clicked on

2019-06-28 17:27:01 - [TEST_STEP][PASSED] - click(findTestObject("OCS-MOBILE /Age gate and Mega menu/button_Start Browsing")): Object: 'Object Repository/OCS-MOBILE /Age gate and Mega menu/button_Start Browsing' is clicked on

2019-06-28 17:27:01 - [MESSAGE][PASSED] - Object: 'Object Repository/OCS-MOBILE /Age gate and Mega menu/button_Start Browsing' is clicked on

2019-06-28 17:27:01 - [TEST_STEP][PASSED] - refresh(): Refresh successfully

2019-06-28 17:27:04 - [MESSAGE][PASSED] - Refresh successfully

2019-06-28 17:27:04 - [TEST_STEP][NOT_RUN] - executeJavaScript("var previewBar = document.getElementById("preview-bar-iframe"); previewBar.style.display = "none";", []): NOT_RUN: executeJavaScript("var previewBar = document.getElementById("preview-bar-iframe"); previewBar.style.display = "none";", [])

2019-06-28 17:27:04 - [MESSAGE][NOT_RUN] - NOT_RUN: executeJavaScript("var previewBar = document.getElementById("preview-bar-iframe"); previewBar.style.display = "none";", [])

2019-06-28 17:27:04 - [MESSAGE][PASSED] - Call Test Case 'Test Cases/OCS - MOBILE/CALL - AGE GATE' successfully

2019-06-28 17:27:04 - [TEST_STEP][PASSED] - delay(2): Delayed 2 second(s)

2019-06-28 17:27:06 - [MESSAGE][PASSED] - Delayed 2 second(s)

2019-06-28 17:27:06 - [TEST_STEP][PASSED] - click(findTestObject("OCS-MOBILE /Age gate and burger menu/Burger menu - English")): Object: 'Object Repository/OCS-MOBILE /Age gate and burger menu/Burger menu - English' is clicked on

2019-06-28 17:27:06 - [MESSAGE][PASSED] - Object: 'Object Repository/OCS-MOBILE /Age gate and burger menu/Burger menu - English' is clicked on

2019-06-28 17:27:06 - [TEST_STEP][PASSED] - delay(2): Delayed 2 second(s)

2019-06-28 17:27:08 - [MESSAGE][PASSED] - Delayed 2 second(s)

2019-06-28 17:27:08 - [TEST_STEP][PASSED] - click(findTestObject("OCS-MOBILE /Age gate and Mega menu/Chevron_Cannabis")): Object: 'Object Repository/OCS-MOBILE /Age gate and Mega menu/Chevron_Cannabis' is clicked on

2019-06-28 17:27:08 - [MESSAGE][PASSED] - Object: 'Object Repository/OCS-MOBILE /Age gate and Mega menu/Chevron_Cannabis' is clicked on

2019-06-28 17:27:08 - [TEST_STEP][PASSED] - delay(2): Delayed 2 second(s)

2019-06-28 17:27:10 - [MESSAGE][PASSED] - Delayed 2 second(s)

2019-06-28 17:27:10 - [TEST_STEP][PASSED] - click(findTestObject("OCS-MOBILE /Cannabis page/Dried flower")): Object: 'Object Repository/OCS-MOBILE /Cannabis page/Dried flower' is clicked on

2019-06-28 17:27:10 - [MESSAGE][PASSED] - Object: 'Object Repository/OCS-MOBILE /Cannabis page/Dried flower' is clicked on

2019-06-28 17:27:10 - [TEST_STEP][PASSED] - delay(2): Delayed 2 second(s)

2019-06-28 17:27:12 - [MESSAGE][PASSED] - Delayed 2 second(s)

2019-06-28 17:27:12 - [TEST_STEP][PASSED] - click(findTestObject("OCS-MOBILE /Cannabis page/Dried flower - Indica dominant")): Object: 'Object Repository/OCS-MOBILE /Cannabis page/Dried flower - Indica dominant' is clicked on

2019-06-28 17:27:13 - [MESSAGE][PASSED] - Object: 'Object Repository/OCS-MOBILE /Cannabis page/Dried flower - Indica dominant' is clicked on

2019-06-28 17:27:13 - [TEST_STEP][PASSED] - delay(2): Delayed 2 second(s)

2019-06-28 17:27:15 - [MESSAGE][PASSED] - Delayed 2 second(s)

2019-06-28 17:27:15 - [TEST_STEP][PASSED] - click(findTestObject("OCS-MOBILE /Collection page/dropdown")): Object: 'Object Repository/OCS-MOBILE /Collection page/dropdown' is clicked on

2019-06-28 17:27:15 - [MESSAGE][PASSED] - Object: 'Object Repository/OCS-MOBILE /Collection page/dropdown' is clicked on

2019-06-28 17:27:15 - [TEST_STEP][PASSED] - delay(2): Delayed 2 second(s)

2019-06-28 17:27:17 - [MESSAGE][PASSED] - Delayed 2 second(s)

2019-06-28 17:27:17 - [TEST_STEP][PASSED] - flag = verifyElementPresent(findTestObject("OCS-MOBILE /Collection page/element inside"), 0): Object 'Object Repository/OCS-MOBILE /Collection page/element inside' is present

2019-06-28 17:27:17 - [MESSAGE][WARNING] - Timeout '0' is invalid. Using default page load timeout: '30'

2019-06-28 17:27:17 - [MESSAGE][PASSED] - Object 'Object Repository/OCS-MOBILE /Collection page/element inside' is present

2019-06-28 17:27:17 - [TEST_STEP][PASSED] - comment("flag=" + flag): flag=true

2019-06-28 17:27:17 - [MESSAGE][INFO] - flag=true

2019-06-28 17:27:17 - [TEST_STEP][PASSED] - if (flag == true): a=Dried Flower

2019-06-28 17:27:17 - [TEST_STEP][PASSED] - a = getText(findTestObject("OCS-MOBILE /Collection page/print element inside")): Text of object 'Object Repository/OCS-MOBILE /Collection page/print element inside' is: 'Dried Flower'

2019-06-28 17:27:17 - [MESSAGE][PASSED] - Text of object 'Object Repository/OCS-MOBILE /Collection page/print element inside' is: 'Dried Flower'

2019-06-28 17:27:17 - [TEST_STEP][PASSED] - comment("a=" + a): a=Dried Flower

2019-06-28 17:27:17 - [MESSAGE][INFO] - a=Dried Flower

2019-06-28 17:27:17 - [TEST_STEP][PASSED] - delay(2): Delayed 2 second(s)

2019-06-28 17:27:19 - [MESSAGE][PASSED] - Delayed 2 second(s)

2019-06-28 17:27:19 - [TEST_STEP][PASSED] - click(findTestObject("OCS-MOBILE /Collection page/dropdown")): Object: 'Object Repository/OCS-MOBILE /Collection page/dropdown' is clicked on

2019-06-28 17:27:20 - [MESSAGE][PASSED] - Object: 'Object Repository/OCS-MOBILE /Collection page/dropdown' is clicked on]]></system-out>
         <system-err><![CDATA[]]></system-err>
      </testcase>
      <testcase name="Test Cases/OCS - MOBILE/OCS-COLLECTION PAGE/What to consider" classname="Test Cases/OCS - MOBILE/OCS-COLLECTION PAGE/What to consider" status="FAILED">
         <failure type="FAILED" message="Test Cases/OCS - MOBILE/OCS-COLLECTION PAGE/What to consider FAILED.
Reason:
com.kms.katalon.core.exception.StepFailedException: Unable to verify text 'Six things to know before deciding to consume cannabis.' is present  (Root cause: org.openqa.selenium.StaleElementReferenceException: A node reference could not be resolved: Node with identifier 'node-A1321FF1-CA89-41BF-AE1C-F6118D219578' was not found
For documentation on this error, please visit: http://seleniumhq.org/exceptions/stale_element_reference.html
Build info: version: '3.7.1', revision: '8a0099a', time: '2017-11-06T21:07:36.161Z'
System info: host: 'sumans-MacBook-Pro.local', ip: 'fe80:0:0:0:14f6:8d5f:4e59:4e6f%en0', os.name: 'Mac OS X', os.arch: 'x86_64', os.version: '10.13.6', java.version: '1.8.0_181'
Driver info: com.kms.katalon.selenium.driver.CSafariDriver
Capabilities {acceptInsecureCerts: false, browserName: Safari, browserVersion: 12.1, javascriptEnabled: true, platform: MAC, platformName: MAC, safari:automaticInspection: false, safari:automaticProfiling: false, safari:diagnose: false, setWindowRect: true, strictFileInteractability: false, webkit:WebRTC: {DisableICECandidateFiltering: false, DisableInsecureMediaCapture: false}}
Session ID: 66F096A8-6637-4BCE-9E19-622D1DC5AF56)
	at com.kms.katalon.core.keyword.internal.KeywordMain.stepFailed(KeywordMain.groovy:36)
	at com.kms.katalon.core.webui.keyword.internal.WebUIKeywordMain.stepFailed(WebUIKeywordMain.groovy:65)
	at com.kms.katalon.core.webui.keyword.internal.WebUIKeywordMain.runKeyword(WebUIKeywordMain.groovy:27)
	at com.kms.katalon.core.webui.keyword.builtin.VerifyTextPresentKeyword.verifyTextPresent(VerifyTextPresentKeyword.groovy:83)
	at com.kms.katalon.core.webui.keyword.builtin.VerifyTextPresentKeyword.execute(VerifyTextPresentKeyword.groovy:68)
	at com.kms.katalon.core.keyword.internal.KeywordExecutor.executeKeywordForPlatform(KeywordExecutor.groovy:53)
	at com.kms.katalon.core.webui.keyword.WebUiBuiltInKeywords.verifyTextPresent(WebUiBuiltInKeywords.groovy:1693)
	at com.kms.katalon.core.webui.keyword.WebUiBuiltInKeywords$verifyTextPresent$20.call(Unknown Source)
	at What to consider.run(What to consider:45)
	at com.kms.katalon.core.main.ScriptEngine.run(ScriptEngine.java:194)
	at com.kms.katalon.core.main.ScriptEngine.runScriptAsRawText(ScriptEngine.java:119)
	at com.kms.katalon.core.main.TestCaseExecutor.runScript(TestCaseExecutor.java:328)
	at com.kms.katalon.core.main.TestCaseExecutor.doExecute(TestCaseExecutor.java:319)
	at com.kms.katalon.core.main.TestCaseExecutor.processExecutionPhase(TestCaseExecutor.java:298)
	at com.kms.katalon.core.main.TestCaseExecutor.accessMainPhase(TestCaseExecutor.java:290)
	at com.kms.katalon.core.main.TestCaseExecutor.execute(TestCaseExecutor.java:224)
	at com.kms.katalon.core.main.TestSuiteExecutor.accessTestCaseMainPhase(TestSuiteExecutor.java:129)
	at com.kms.katalon.core.main.TestSuiteExecutor.accessTestSuiteMainPhase(TestSuiteExecutor.java:112)
	at com.kms.katalon.core.main.TestSuiteExecutor.execute(TestSuiteExecutor.java:81)
	at com.kms.katalon.core.main.TestCaseMain.startTestSuite(TestCaseMain.java:149)
	at com.kms.katalon.core.main.TestCaseMain$startTestSuite$0.call(Unknown Source)
	at TempTestSuite1561754394056.run(TempTestSuite1561754394056.groovy:36)
"/>
         <system-out><![CDATA[2019-06-28 17:27:20 - [TEST_CASE][FAILED] - Test Cases/OCS - MOBILE/OCS-COLLECTION PAGE/What to consider: Test Cases/OCS - MOBILE/OCS-COLLECTION PAGE/What to consider FAILED.
Reason:
com.kms.katalon.core.exception.StepFailedException: Unable to verify text 'Six things to know before deciding to consume cannabis.' is present  (Root cause: org.openqa.selenium.StaleElementReferenceException: A node reference could not be resolved: Node with identifier 'node-A1321FF1-CA89-41BF-AE1C-F6118D219578' was not found
For documentation on this error, please visit: http://seleniumhq.org/exceptions/stale_element_reference.html
Build info: version: '3.7.1', revision: '8a0099a', time: '2017-11-06T21:07:36.161Z'
System info: host: 'sumans-MacBook-Pro.local', ip: 'fe80:0:0:0:14f6:8d5f:4e59:4e6f%en0', os.name: 'Mac OS X', os.arch: 'x86_64', os.version: '10.13.6', java.version: '1.8.0_181'
Driver info: com.kms.katalon.selenium.driver.CSafariDriver
Capabilities {acceptInsecureCerts: false, browserName: Safari, browserVersion: 12.1, javascriptEnabled: true, platform: MAC, platformName: MAC, safari:automaticInspection: false, safari:automaticProfiling: false, safari:diagnose: false, setWindowRect: true, strictFileInteractability: false, webkit:WebRTC: {DisableICECandidateFiltering: false, DisableInsecureMediaCapture: false}}
Session ID: 66F096A8-6637-4BCE-9E19-622D1DC5AF56)
	at com.kms.katalon.core.keyword.internal.KeywordMain.stepFailed(KeywordMain.groovy:36)
	at com.kms.katalon.core.webui.keyword.internal.WebUIKeywordMain.stepFailed(WebUIKeywordMain.groovy:65)
	at com.kms.katalon.core.webui.keyword.internal.WebUIKeywordMain.runKeyword(WebUIKeywordMain.groovy:27)
	at com.kms.katalon.core.webui.keyword.builtin.VerifyTextPresentKeyword.verifyTextPresent(VerifyTextPresentKeyword.groovy:83)
	at com.kms.katalon.core.webui.keyword.builtin.VerifyTextPresentKeyword.execute(VerifyTextPresentKeyword.groovy:68)
	at com.kms.katalon.core.keyword.internal.KeywordExecutor.executeKeywordForPlatform(KeywordExecutor.groovy:53)
	at com.kms.katalon.core.webui.keyword.WebUiBuiltInKeywords.verifyTextPresent(WebUiBuiltInKeywords.groovy:1693)
	at com.kms.katalon.core.webui.keyword.WebUiBuiltInKeywords$verifyTextPresent$20.call(Unknown Source)
	at What to consider.run(What to consider:45)
	at com.kms.katalon.core.main.ScriptEngine.run(ScriptEngine.java:194)
	at com.kms.katalon.core.main.ScriptEngine.runScriptAsRawText(ScriptEngine.java:119)
	at com.kms.katalon.core.main.TestCaseExecutor.runScript(TestCaseExecutor.java:328)
	at com.kms.katalon.core.main.TestCaseExecutor.doExecute(TestCaseExecutor.java:319)
	at com.kms.katalon.core.main.TestCaseExecutor.processExecutionPhase(TestCaseExecutor.java:298)
	at com.kms.katalon.core.main.TestCaseExecutor.accessMainPhase(TestCaseExecutor.java:290)
	at com.kms.katalon.core.main.TestCaseExecutor.execute(TestCaseExecutor.java:224)
	at com.kms.katalon.core.main.TestSuiteExecutor.accessTestCaseMainPhase(TestSuiteExecutor.java:129)
	at com.kms.katalon.core.main.TestSuiteExecutor.accessTestSuiteMainPhase(TestSuiteExecutor.java:112)
	at com.kms.katalon.core.main.TestSuiteExecutor.execute(TestSuiteExecutor.java:81)
	at com.kms.katalon.core.main.TestCaseMain.startTestSuite(TestCaseMain.java:149)
	at com.kms.katalon.core.main.TestCaseMain$startTestSuite$0.call(Unknown Source)
	at TempTestSuite1561754394056.run(TempTestSuite1561754394056.groovy:36)


2019-06-28 17:27:20 - [TEST_STEP][PASSED] - callTestCase(findTestCase("OCS - MOBILE/CALL - AGE GATE"), [:], STOP_ON_FAILURE): Call Test Case 'Test Cases/OCS - MOBILE/CALL - AGE GATE' successfully

2019-06-28 17:27:20 - [TEST_CASE][PASSED] - Test Cases/OCS - MOBILE/CALL - AGE GATE: Test Cases/OCS - MOBILE/CALL - AGE GATE

2019-06-28 17:27:20 - [TEST_STEP][PASSED] - openBrowser(""): Browser is opened with url: ''

2019-06-28 17:27:20 - [MESSAGE][WARNING] - A browser is already opened. Closing browser and opening a new one

2019-06-28 17:27:20 - [MESSAGE][INFO] - Starting 'Safari' driver

2019-06-28 17:27:21 - [MESSAGE][PASSED] - Browser is opened with url: ''

2019-06-28 17:27:21 - [TEST_STEP][PASSED] - navigateToUrl("ocs.ca"): Navigate to 'http://ocs.ca' successfully

2019-06-28 17:27:22 - [MESSAGE][PASSED] - Navigate to 'http://ocs.ca' successfully

2019-06-28 17:27:22 - [TEST_STEP][NOT_RUN] - executeJavaScript("var previewBar = document.getElementById("preview-bar-iframe"); previewBar.style.display = "none";", []): NOT_RUN: executeJavaScript("var previewBar = document.getElementById("preview-bar-iframe"); previewBar.style.display = "none";", [])

2019-06-28 17:27:22 - [MESSAGE][NOT_RUN] - NOT_RUN: executeJavaScript("var previewBar = document.getElementById("preview-bar-iframe"); previewBar.style.display = "none";", [])

2019-06-28 17:27:22 - [TEST_STEP][PASSED] - setViewPortSize(360, 800): Viewport is set to new size with width = 360 and height = 800

2019-06-28 17:27:22 - [MESSAGE][PASSED] - Viewport is set to new size with width = 360 and height = 800

2019-06-28 17:27:22 - [TEST_STEP][PASSED] - delay(4): Delayed 4 second(s)

2019-06-28 17:27:26 - [MESSAGE][PASSED] - Delayed 4 second(s)

2019-06-28 17:27:26 - [TEST_STEP][PASSED] - selectOptionByValue(findTestObject("OCS-MOBILE /Age gate and burger menu/Date"), "12", true): All options with value '12' are selected in object 'Object Repository/OCS-MOBILE /Age gate and burger menu/Date'  using regular expression

2019-06-28 17:27:28 - [MESSAGE][PASSED] - All options with value '12' are selected in object 'Object Repository/OCS-MOBILE /Age gate and burger menu/Date'  using regular expression

2019-06-28 17:27:28 - [TEST_STEP][PASSED] - selectOptionByValue(findTestObject("OCS-MOBILE /Age gate and burger menu/month"), "6", true): All options with value '6' are selected in object 'Object Repository/OCS-MOBILE /Age gate and burger menu/month'  using regular expression

2019-06-28 17:27:28 - [MESSAGE][PASSED] - All options with value '6' are selected in object 'Object Repository/OCS-MOBILE /Age gate and burger menu/month'  using regular expression

2019-06-28 17:27:28 - [TEST_STEP][PASSED] - delay(2): Delayed 2 second(s)

2019-06-28 17:27:30 - [MESSAGE][PASSED] - Delayed 2 second(s)

2019-06-28 17:27:30 - [TEST_STEP][PASSED] - selectOptionByValue(findTestObject("OCS-MOBILE /Age gate and burger menu/Year Dropdown"), "1990", true): All options with value '1990' are selected in object 'Object Repository/OCS-MOBILE /Age gate and burger menu/Year Dropdown'  using regular expression

2019-06-28 17:27:33 - [MESSAGE][PASSED] - All options with value '1990' are selected in object 'Object Repository/OCS-MOBILE /Age gate and burger menu/Year Dropdown'  using regular expression

2019-06-28 17:27:33 - [TEST_STEP][PASSED] - click(findTestObject("OCS-MOBILE /Age gate and Mega menu/button_Verify")): Object: 'Object Repository/OCS-MOBILE /Age gate and Mega menu/button_Verify' is clicked on

2019-06-28 17:27:34 - [MESSAGE][PASSED] - Object: 'Object Repository/OCS-MOBILE /Age gate and Mega menu/button_Verify' is clicked on

2019-06-28 17:27:34 - [TEST_STEP][PASSED] - click(findTestObject("OCS-MOBILE /Age gate and Mega menu/Checkbox_CONFIRM AND ACKNOWLEDGE")): Object: 'Object Repository/OCS-MOBILE /Age gate and Mega menu/Checkbox_CONFIRM AND ACKNOWLEDGE' is clicked on

2019-06-28 17:27:34 - [MESSAGE][PASSED] - Object: 'Object Repository/OCS-MOBILE /Age gate and Mega menu/Checkbox_CONFIRM AND ACKNOWLEDGE' is clicked on

2019-06-28 17:27:34 - [TEST_STEP][PASSED] - click(findTestObject("OCS-MOBILE /Age gate and Mega menu/button_CONFIRM")): Object: 'Object Repository/OCS-MOBILE /Age gate and Mega menu/button_CONFIRM' is clicked on

2019-06-28 17:27:34 - [MESSAGE][PASSED] - Object: 'Object Repository/OCS-MOBILE /Age gate and Mega menu/button_CONFIRM' is clicked on

2019-06-28 17:27:34 - [TEST_STEP][PASSED] - click(findTestObject("OCS-MOBILE /Age gate and Mega menu/button_Start Browsing")): Object: 'Object Repository/OCS-MOBILE /Age gate and Mega menu/button_Start Browsing' is clicked on

2019-06-28 17:27:34 - [MESSAGE][PASSED] - Object: 'Object Repository/OCS-MOBILE /Age gate and Mega menu/button_Start Browsing' is clicked on

2019-06-28 17:27:34 - [TEST_STEP][PASSED] - refresh(): Refresh successfully

2019-06-28 17:27:37 - [MESSAGE][PASSED] - Refresh successfully

2019-06-28 17:27:37 - [TEST_STEP][NOT_RUN] - executeJavaScript("var previewBar = document.getElementById("preview-bar-iframe"); previewBar.style.display = "none";", []): NOT_RUN: executeJavaScript("var previewBar = document.getElementById("preview-bar-iframe"); previewBar.style.display = "none";", [])

2019-06-28 17:27:37 - [MESSAGE][NOT_RUN] - NOT_RUN: executeJavaScript("var previewBar = document.getElementById("preview-bar-iframe"); previewBar.style.display = "none";", [])

2019-06-28 17:27:37 - [MESSAGE][PASSED] - Call Test Case 'Test Cases/OCS - MOBILE/CALL - AGE GATE' successfully

2019-06-28 17:27:37 - [TEST_STEP][PASSED] - delay(2): Delayed 2 second(s)

2019-06-28 17:27:39 - [MESSAGE][PASSED] - Delayed 2 second(s)

2019-06-28 17:27:39 - [TEST_STEP][PASSED] - click(findTestObject("OCS-MOBILE /Age gate and burger menu/Burger menu - English")): Object: 'Object Repository/OCS-MOBILE /Age gate and burger menu/Burger menu - English' is clicked on

2019-06-28 17:27:39 - [MESSAGE][PASSED] - Object: 'Object Repository/OCS-MOBILE /Age gate and burger menu/Burger menu - English' is clicked on

2019-06-28 17:27:39 - [TEST_STEP][PASSED] - delay(2): Delayed 2 second(s)

2019-06-28 17:27:41 - [MESSAGE][PASSED] - Delayed 2 second(s)

2019-06-28 17:27:41 - [TEST_STEP][PASSED] - click(findTestObject("OCS-MOBILE /Age gate and Mega menu/Chevron_Cannabis")): Object: 'Object Repository/OCS-MOBILE /Age gate and Mega menu/Chevron_Cannabis' is clicked on

2019-06-28 17:27:41 - [MESSAGE][PASSED] - Object: 'Object Repository/OCS-MOBILE /Age gate and Mega menu/Chevron_Cannabis' is clicked on

2019-06-28 17:27:41 - [TEST_STEP][PASSED] - delay(2): Delayed 2 second(s)

2019-06-28 17:27:43 - [MESSAGE][PASSED] - Delayed 2 second(s)

2019-06-28 17:27:43 - [TEST_STEP][PASSED] - click(findTestObject("OCS-MOBILE /Cannabis page/Dried flower")): Object: 'Object Repository/OCS-MOBILE /Cannabis page/Dried flower' is clicked on

2019-06-28 17:27:43 - [MESSAGE][PASSED] - Object: 'Object Repository/OCS-MOBILE /Cannabis page/Dried flower' is clicked on

2019-06-28 17:27:43 - [TEST_STEP][PASSED] - delay(2): Delayed 2 second(s)

2019-06-28 17:27:45 - [MESSAGE][PASSED] - Delayed 2 second(s)

2019-06-28 17:27:45 - [TEST_STEP][PASSED] - click(findTestObject("OCS-MOBILE /Cannabis page/Dried flower - Indica dominant")): Object: 'Object Repository/OCS-MOBILE /Cannabis page/Dried flower - Indica dominant' is clicked on

2019-06-28 17:27:46 - [MESSAGE][PASSED] - Object: 'Object Repository/OCS-MOBILE /Cannabis page/Dried flower - Indica dominant' is clicked on

2019-06-28 17:27:46 - [TEST_STEP][NOT_RUN] - executeJavaScript("var previewBar = document.getElementById("preview-bar-iframe"); previewBar.style.display = "none";", []): NOT_RUN: executeJavaScript("var previewBar = document.getElementById("preview-bar-iframe"); previewBar.style.display = "none";", [])

2019-06-28 17:27:46 - [MESSAGE][NOT_RUN] - NOT_RUN: executeJavaScript("var previewBar = document.getElementById("preview-bar-iframe"); previewBar.style.display = "none";", [])

2019-06-28 17:27:46 - [TEST_STEP][PASSED] - delay(2): Delayed 2 second(s)

2019-06-28 17:27:48 - [MESSAGE][PASSED] - Delayed 2 second(s)

2019-06-28 17:27:48 - [TEST_STEP][PASSED] - click(findTestObject("OCS-MOBILE /Collection page/loadmore")): Object: 'Object Repository/OCS-MOBILE /Collection page/loadmore' is clicked on

2019-06-28 17:27:48 - [MESSAGE][PASSED] - Object: 'Object Repository/OCS-MOBILE /Collection page/loadmore' is clicked on

2019-06-28 17:27:48 - [TEST_STEP][PASSED] - delay(2): Delayed 2 second(s)

2019-06-28 17:27:50 - [MESSAGE][PASSED] - Delayed 2 second(s)

2019-06-28 17:27:50 - [TEST_STEP][PASSED] - click(findTestObject("OCS-MOBILE /Collection page/What to consider")): Object: 'Object Repository/OCS-MOBILE /Collection page/What to consider' is clicked on

2019-06-28 17:27:50 - [MESSAGE][PASSED] - Object: 'Object Repository/OCS-MOBILE /Collection page/What to consider' is clicked on

2019-06-28 17:27:50 - [TEST_STEP][FAILED] - verifyTextPresent("Six things to know before deciding to consume cannabis.", false): verifyTextPresent("Six things to know before deciding to consume cannabis.", false) FAILED.
Reason:
com.kms.katalon.core.exception.StepFailedException: Unable to verify text 'Six things to know before deciding to consume cannabis.' is present  (Root cause: org.openqa.selenium.StaleElementReferenceException: A node reference could not be resolved: Node with identifier 'node-A1321FF1-CA89-41BF-AE1C-F6118D219578' was not found
For documentation on this error, please visit: http://seleniumhq.org/exceptions/stale_element_reference.html
Build info: version: '3.7.1', revision: '8a0099a', time: '2017-11-06T21:07:36.161Z'
System info: host: 'sumans-MacBook-Pro.local', ip: 'fe80:0:0:0:14f6:8d5f:4e59:4e6f%en0', os.name: 'Mac OS X', os.arch: 'x86_64', os.version: '10.13.6', java.version: '1.8.0_181'
Driver info: com.kms.katalon.selenium.driver.CSafariDriver
Capabilities {acceptInsecureCerts: false, browserName: Safari, browserVersion: 12.1, javascriptEnabled: true, platform: MAC, platformName: MAC, safari:automaticInspection: false, safari:automaticProfiling: false, safari:diagnose: false, setWindowRect: true, strictFileInteractability: false, webkit:WebRTC: {DisableICECandidateFiltering: false, DisableInsecureMediaCapture: false}}
Session ID: 66F096A8-6637-4BCE-9E19-622D1DC5AF56)
	at com.kms.katalon.core.keyword.internal.KeywordMain.stepFailed(KeywordMain.groovy:36)
	at com.kms.katalon.core.webui.keyword.internal.WebUIKeywordMain.stepFailed(WebUIKeywordMain.groovy:65)
	at com.kms.katalon.core.webui.keyword.internal.WebUIKeywordMain.runKeyword(WebUIKeywordMain.groovy:27)
	at com.kms.katalon.core.webui.keyword.builtin.VerifyTextPresentKeyword.verifyTextPresent(VerifyTextPresentKeyword.groovy:83)
	at com.kms.katalon.core.webui.keyword.builtin.VerifyTextPresentKeyword.execute(VerifyTextPresentKeyword.groovy:68)
	at com.kms.katalon.core.keyword.internal.KeywordExecutor.executeKeywordForPlatform(KeywordExecutor.groovy:53)
	at com.kms.katalon.core.webui.keyword.WebUiBuiltInKeywords.verifyTextPresent(WebUiBuiltInKeywords.groovy:1693)
	at com.kms.katalon.core.webui.keyword.WebUiBuiltInKeywords$verifyTextPresent$20.call(Unknown Source)
	at What to consider.run(What to consider:45)
	at com.kms.katalon.core.main.ScriptEngine.run(ScriptEngine.java:194)
	at com.kms.katalon.core.main.ScriptEngine.runScriptAsRawText(ScriptEngine.java:119)
	at com.kms.katalon.core.main.TestCaseExecutor.runScript(TestCaseExecutor.java:328)
	at com.kms.katalon.core.main.TestCaseExecutor.doExecute(TestCaseExecutor.java:319)
	at com.kms.katalon.core.main.TestCaseExecutor.processExecutionPhase(TestCaseExecutor.java:298)
	at com.kms.katalon.core.main.TestCaseExecutor.accessMainPhase(TestCaseExecutor.java:290)
	at com.kms.katalon.core.main.TestCaseExecutor.execute(TestCaseExecutor.java:224)
	at com.kms.katalon.core.main.TestSuiteExecutor.accessTestCaseMainPhase(TestSuiteExecutor.java:129)
	at com.kms.katalon.core.main.TestSuiteExecutor.accessTestSuiteMainPhase(TestSuiteExecutor.java:112)
	at com.kms.katalon.core.main.TestSuiteExecutor.execute(TestSuiteExecutor.java:81)
	at com.kms.katalon.core.main.TestCaseMain.startTestSuite(TestCaseMain.java:149)
	at com.kms.katalon.core.main.TestCaseMain$startTestSuite$0.call(Unknown Source)
	at TempTestSuite1561754394056.run(TempTestSuite1561754394056.groovy:36)


2019-06-28 17:27:50 - [MESSAGE][FAILED] - Unable to verify text 'Six things to know before deciding to consume cannabis.' is present  (Root cause: org.openqa.selenium.StaleElementReferenceException: A node reference could not be resolved: Node with identifier 'node-A1321FF1-CA89-41BF-AE1C-F6118D219578' was not found
For documentation on this error, please visit: http://seleniumhq.org/exceptions/stale_element_reference.html
Build info: version: '3.7.1', revision: '8a0099a', time: '2017-11-06T21:07:36.161Z'
System info: host: 'sumans-MacBook-Pro.local', ip: 'fe80:0:0:0:14f6:8d5f:4e59:4e6f%en0', os.name: 'Mac OS X', os.arch: 'x86_64', os.version: '10.13.6', java.version: '1.8.0_181'
Driver info: com.kms.katalon.selenium.driver.CSafariDriver
Capabilities {acceptInsecureCerts: false, browserName: Safari, browserVersion: 12.1, javascriptEnabled: true, platform: MAC, platformName: MAC, safari:automaticInspection: false, safari:automaticProfiling: false, safari:diagnose: false, setWindowRect: true, strictFileInteractability: false, webkit:WebRTC: {DisableICECandidateFiltering: false, DisableInsecureMediaCapture: false}}
Session ID: 66F096A8-6637-4BCE-9E19-622D1DC5AF56)
[[ATTACHMENT|/Users/sumankompelly/Relative xpath-Mobile/Reports/Live site/20190628_163954/1561757270498.png]]

2019-06-28 17:27:50 - [MESSAGE][FAILED] - verifyTextPresent("Six things to know before deciding to consume cannabis.", false) FAILED.
Reason:
com.kms.katalon.core.exception.StepFailedException: Unable to verify text 'Six things to know before deciding to consume cannabis.' is present  (Root cause: org.openqa.selenium.StaleElementReferenceException: A node reference could not be resolved: Node with identifier 'node-A1321FF1-CA89-41BF-AE1C-F6118D219578' was not found
For documentation on this error, please visit: http://seleniumhq.org/exceptions/stale_element_reference.html
Build info: version: '3.7.1', revision: '8a0099a', time: '2017-11-06T21:07:36.161Z'
System info: host: 'sumans-MacBook-Pro.local', ip: 'fe80:0:0:0:14f6:8d5f:4e59:4e6f%en0', os.name: 'Mac OS X', os.arch: 'x86_64', os.version: '10.13.6', java.version: '1.8.0_181'
Driver info: com.kms.katalon.selenium.driver.CSafariDriver
Capabilities {acceptInsecureCerts: false, browserName: Safari, browserVersion: 12.1, javascriptEnabled: true, platform: MAC, platformName: MAC, safari:automaticInspection: false, safari:automaticProfiling: false, safari:diagnose: false, setWindowRect: true, strictFileInteractability: false, webkit:WebRTC: {DisableICECandidateFiltering: false, DisableInsecureMediaCapture: false}}
Session ID: 66F096A8-6637-4BCE-9E19-622D1DC5AF56)
	at com.kms.katalon.core.keyword.internal.KeywordMain.stepFailed(KeywordMain.groovy:36)
	at com.kms.katalon.core.webui.keyword.internal.WebUIKeywordMain.stepFailed(WebUIKeywordMain.groovy:65)
	at com.kms.katalon.core.webui.keyword.internal.WebUIKeywordMain.runKeyword(WebUIKeywordMain.groovy:27)
	at com.kms.katalon.core.webui.keyword.builtin.VerifyTextPresentKeyword.verifyTextPresent(VerifyTextPresentKeyword.groovy:83)
	at com.kms.katalon.core.webui.keyword.builtin.VerifyTextPresentKeyword.execute(VerifyTextPresentKeyword.groovy:68)
	at com.kms.katalon.core.keyword.internal.KeywordExecutor.executeKeywordForPlatform(KeywordExecutor.groovy:53)
	at com.kms.katalon.core.webui.keyword.WebUiBuiltInKeywords.verifyTextPresent(WebUiBuiltInKeywords.groovy:1693)
	at com.kms.katalon.core.webui.keyword.WebUiBuiltInKeywords$verifyTextPresent$20.call(Unknown Source)
	at What to consider.run(What to consider:45)
	at com.kms.katalon.core.main.ScriptEngine.run(ScriptEngine.java:194)
	at com.kms.katalon.core.main.ScriptEngine.runScriptAsRawText(ScriptEngine.java:119)
	at com.kms.katalon.core.main.TestCaseExecutor.runScript(TestCaseExecutor.java:328)
	at com.kms.katalon.core.main.TestCaseExecutor.doExecute(TestCaseExecutor.java:319)
	at com.kms.katalon.core.main.TestCaseExecutor.processExecutionPhase(TestCaseExecutor.java:298)
	at com.kms.katalon.core.main.TestCaseExecutor.accessMainPhase(TestCaseExecutor.java:290)
	at com.kms.katalon.core.main.TestCaseExecutor.execute(TestCaseExecutor.java:224)
	at com.kms.katalon.core.main.TestSuiteExecutor.accessTestCaseMainPhase(TestSuiteExecutor.java:129)
	at com.kms.katalon.core.main.TestSuiteExecutor.accessTestSuiteMainPhase(TestSuiteExecutor.java:112)
	at com.kms.katalon.core.main.TestSuiteExecutor.execute(TestSuiteExecutor.java:81)
	at com.kms.katalon.core.main.TestCaseMain.startTestSuite(TestCaseMain.java:149)
	at com.kms.katalon.core.main.TestCaseMain$startTestSuite$0.call(Unknown Source)
	at TempTestSuite1561754394056.run(TempTestSuite1561754394056.groovy:36)]]></system-out>
         <system-err><![CDATA[2019-06-28 17:27:20 - [TEST_CASE][FAILED] - Test Cases/OCS - MOBILE/OCS-COLLECTION PAGE/What to consider: Test Cases/OCS - MOBILE/OCS-COLLECTION PAGE/What to consider FAILED.
Reason:
com.kms.katalon.core.exception.StepFailedException: Unable to verify text 'Six things to know before deciding to consume cannabis.' is present  (Root cause: org.openqa.selenium.StaleElementReferenceException: A node reference could not be resolved: Node with identifier 'node-A1321FF1-CA89-41BF-AE1C-F6118D219578' was not found
For documentation on this error, please visit: http://seleniumhq.org/exceptions/stale_element_reference.html
Build info: version: '3.7.1', revision: '8a0099a', time: '2017-11-06T21:07:36.161Z'
System info: host: 'sumans-MacBook-Pro.local', ip: 'fe80:0:0:0:14f6:8d5f:4e59:4e6f%en0', os.name: 'Mac OS X', os.arch: 'x86_64', os.version: '10.13.6', java.version: '1.8.0_181'
Driver info: com.kms.katalon.selenium.driver.CSafariDriver
Capabilities {acceptInsecureCerts: false, browserName: Safari, browserVersion: 12.1, javascriptEnabled: true, platform: MAC, platformName: MAC, safari:automaticInspection: false, safari:automaticProfiling: false, safari:diagnose: false, setWindowRect: true, strictFileInteractability: false, webkit:WebRTC: {DisableICECandidateFiltering: false, DisableInsecureMediaCapture: false}}
Session ID: 66F096A8-6637-4BCE-9E19-622D1DC5AF56)
	at com.kms.katalon.core.keyword.internal.KeywordMain.stepFailed(KeywordMain.groovy:36)
	at com.kms.katalon.core.webui.keyword.internal.WebUIKeywordMain.stepFailed(WebUIKeywordMain.groovy:65)
	at com.kms.katalon.core.webui.keyword.internal.WebUIKeywordMain.runKeyword(WebUIKeywordMain.groovy:27)
	at com.kms.katalon.core.webui.keyword.builtin.VerifyTextPresentKeyword.verifyTextPresent(VerifyTextPresentKeyword.groovy:83)
	at com.kms.katalon.core.webui.keyword.builtin.VerifyTextPresentKeyword.execute(VerifyTextPresentKeyword.groovy:68)
	at com.kms.katalon.core.keyword.internal.KeywordExecutor.executeKeywordForPlatform(KeywordExecutor.groovy:53)
	at com.kms.katalon.core.webui.keyword.WebUiBuiltInKeywords.verifyTextPresent(WebUiBuiltInKeywords.groovy:1693)
	at com.kms.katalon.core.webui.keyword.WebUiBuiltInKeywords$verifyTextPresent$20.call(Unknown Source)
	at What to consider.run(What to consider:45)
	at com.kms.katalon.core.main.ScriptEngine.run(ScriptEngine.java:194)
	at com.kms.katalon.core.main.ScriptEngine.runScriptAsRawText(ScriptEngine.java:119)
	at com.kms.katalon.core.main.TestCaseExecutor.runScript(TestCaseExecutor.java:328)
	at com.kms.katalon.core.main.TestCaseExecutor.doExecute(TestCaseExecutor.java:319)
	at com.kms.katalon.core.main.TestCaseExecutor.processExecutionPhase(TestCaseExecutor.java:298)
	at com.kms.katalon.core.main.TestCaseExecutor.accessMainPhase(TestCaseExecutor.java:290)
	at com.kms.katalon.core.main.TestCaseExecutor.execute(TestCaseExecutor.java:224)
	at com.kms.katalon.core.main.TestSuiteExecutor.accessTestCaseMainPhase(TestSuiteExecutor.java:129)
	at com.kms.katalon.core.main.TestSuiteExecutor.accessTestSuiteMainPhase(TestSuiteExecutor.java:112)
	at com.kms.katalon.core.main.TestSuiteExecutor.execute(TestSuiteExecutor.java:81)
	at com.kms.katalon.core.main.TestCaseMain.startTestSuite(TestCaseMain.java:149)
	at com.kms.katalon.core.main.TestCaseMain$startTestSuite$0.call(Unknown Source)
	at TempTestSuite1561754394056.run(TempTestSuite1561754394056.groovy:36)]]></system-err>
      </testcase>
      <testcase name="Test Cases/OCS - MOBILE/OCS-COLLECTION PAGE/Filter" classname="Test Cases/OCS - MOBILE/OCS-COLLECTION PAGE/Filter" status="FAILED">
         <failure type="FAILED" message="Test Cases/OCS - MOBILE/OCS-COLLECTION PAGE/Filter FAILED.
Reason:
com.kms.katalon.core.exception.StepFailedException: Unable to click on object 'Object Repository/OCS-MOBILE /Filter flyout/Brand plus accordian' (Root cause: com.kms.katalon.core.webui.exception.WebElementNotFoundException: Web element with id: 'Object Repository/OCS-MOBILE /Filter flyout/Brand plus accordian' located by 'By.xpath: //div[@class='filter__group accordionize product-vendor']//i[@class='icon icon--plus']' not found)
	at com.kms.katalon.core.keyword.internal.KeywordMain.stepFailed(KeywordMain.groovy:36)
	at com.kms.katalon.core.webui.keyword.internal.WebUIKeywordMain.stepFailed(WebUIKeywordMain.groovy:65)
	at com.kms.katalon.core.webui.keyword.internal.WebUIKeywordMain.runKeyword(WebUIKeywordMain.groovy:27)
	at com.kms.katalon.core.webui.keyword.builtin.ClickKeyword.click(ClickKeyword.groovy:86)
	at com.kms.katalon.core.webui.keyword.builtin.ClickKeyword.execute(ClickKeyword.groovy:67)
	at com.kms.katalon.core.keyword.internal.KeywordExecutor.executeKeywordForPlatform(KeywordExecutor.groovy:53)
	at com.kms.katalon.core.webui.keyword.WebUiBuiltInKeywords.click(WebUiBuiltInKeywords.groovy:616)
	at com.kms.katalon.core.webui.keyword.WebUiBuiltInKeywords$click$3.call(Unknown Source)
	at Filter.run(Filter:137)
	at com.kms.katalon.core.main.ScriptEngine.run(ScriptEngine.java:194)
	at com.kms.katalon.core.main.ScriptEngine.runScriptAsRawText(ScriptEngine.java:119)
	at com.kms.katalon.core.main.TestCaseExecutor.runScript(TestCaseExecutor.java:328)
	at com.kms.katalon.core.main.TestCaseExecutor.doExecute(TestCaseExecutor.java:319)
	at com.kms.katalon.core.main.TestCaseExecutor.processExecutionPhase(TestCaseExecutor.java:298)
	at com.kms.katalon.core.main.TestCaseExecutor.accessMainPhase(TestCaseExecutor.java:290)
	at com.kms.katalon.core.main.TestCaseExecutor.execute(TestCaseExecutor.java:224)
	at com.kms.katalon.core.main.TestSuiteExecutor.accessTestCaseMainPhase(TestSuiteExecutor.java:129)
	at com.kms.katalon.core.main.TestSuiteExecutor.accessTestSuiteMainPhase(TestSuiteExecutor.java:112)
	at com.kms.katalon.core.main.TestSuiteExecutor.execute(TestSuiteExecutor.java:81)
	at com.kms.katalon.core.main.TestCaseMain.startTestSuite(TestCaseMain.java:149)
	at com.kms.katalon.core.main.TestCaseMain$startTestSuite$0.call(Unknown Source)
	at TempTestSuite1561754394056.run(TempTestSuite1561754394056.groovy:36)
"/>
         <system-out><![CDATA[2019-06-28 17:27:50 - [TEST_CASE][FAILED] - Test Cases/OCS - MOBILE/OCS-COLLECTION PAGE/Filter: Test Cases/OCS - MOBILE/OCS-COLLECTION PAGE/Filter FAILED.
Reason:
com.kms.katalon.core.exception.StepFailedException: Unable to click on object 'Object Repository/OCS-MOBILE /Filter flyout/Brand plus accordian' (Root cause: com.kms.katalon.core.webui.exception.WebElementNotFoundException: Web element with id: 'Object Repository/OCS-MOBILE /Filter flyout/Brand plus accordian' located by 'By.xpath: //div[@class='filter__group accordionize product-vendor']//i[@class='icon icon--plus']' not found)
	at com.kms.katalon.core.keyword.internal.KeywordMain.stepFailed(KeywordMain.groovy:36)
	at com.kms.katalon.core.webui.keyword.internal.WebUIKeywordMain.stepFailed(WebUIKeywordMain.groovy:65)
	at com.kms.katalon.core.webui.keyword.internal.WebUIKeywordMain.runKeyword(WebUIKeywordMain.groovy:27)
	at com.kms.katalon.core.webui.keyword.builtin.ClickKeyword.click(ClickKeyword.groovy:86)
	at com.kms.katalon.core.webui.keyword.builtin.ClickKeyword.execute(ClickKeyword.groovy:67)
	at com.kms.katalon.core.keyword.internal.KeywordExecutor.executeKeywordForPlatform(KeywordExecutor.groovy:53)
	at com.kms.katalon.core.webui.keyword.WebUiBuiltInKeywords.click(WebUiBuiltInKeywords.groovy:616)
	at com.kms.katalon.core.webui.keyword.WebUiBuiltInKeywords$click$3.call(Unknown Source)
	at Filter.run(Filter:137)
	at com.kms.katalon.core.main.ScriptEngine.run(ScriptEngine.java:194)
	at com.kms.katalon.core.main.ScriptEngine.runScriptAsRawText(ScriptEngine.java:119)
	at com.kms.katalon.core.main.TestCaseExecutor.runScript(TestCaseExecutor.java:328)
	at com.kms.katalon.core.main.TestCaseExecutor.doExecute(TestCaseExecutor.java:319)
	at com.kms.katalon.core.main.TestCaseExecutor.processExecutionPhase(TestCaseExecutor.java:298)
	at com.kms.katalon.core.main.TestCaseExecutor.accessMainPhase(TestCaseExecutor.java:290)
	at com.kms.katalon.core.main.TestCaseExecutor.execute(TestCaseExecutor.java:224)
	at com.kms.katalon.core.main.TestSuiteExecutor.accessTestCaseMainPhase(TestSuiteExecutor.java:129)
	at com.kms.katalon.core.main.TestSuiteExecutor.accessTestSuiteMainPhase(TestSuiteExecutor.java:112)
	at com.kms.katalon.core.main.TestSuiteExecutor.execute(TestSuiteExecutor.java:81)
	at com.kms.katalon.core.main.TestCaseMain.startTestSuite(TestCaseMain.java:149)
	at com.kms.katalon.core.main.TestCaseMain$startTestSuite$0.call(Unknown Source)
	at TempTestSuite1561754394056.run(TempTestSuite1561754394056.groovy:36)


2019-06-28 17:27:50 - [TEST_STEP][PASSED] - callTestCase(findTestCase("OCS - MOBILE/CALL - AGE GATE"), [:], STOP_ON_FAILURE): Call Test Case 'Test Cases/OCS - MOBILE/CALL - AGE GATE' successfully

2019-06-28 17:27:50 - [TEST_CASE][PASSED] - Test Cases/OCS - MOBILE/CALL - AGE GATE: Test Cases/OCS - MOBILE/CALL - AGE GATE

2019-06-28 17:27:50 - [TEST_STEP][PASSED] - openBrowser(""): Browser is opened with url: ''

2019-06-28 17:27:50 - [MESSAGE][WARNING] - A browser is already opened. Closing browser and opening a new one

2019-06-28 17:27:50 - [MESSAGE][INFO] - Starting 'Safari' driver

2019-06-28 17:27:51 - [MESSAGE][PASSED] - Browser is opened with url: ''

2019-06-28 17:27:51 - [TEST_STEP][PASSED] - navigateToUrl("ocs.ca"): Navigate to 'http://ocs.ca' successfully

2019-06-28 17:27:53 - [MESSAGE][PASSED] - Navigate to 'http://ocs.ca' successfully

2019-06-28 17:27:53 - [TEST_STEP][NOT_RUN] - executeJavaScript("var previewBar = document.getElementById("preview-bar-iframe"); previewBar.style.display = "none";", []): NOT_RUN: executeJavaScript("var previewBar = document.getElementById("preview-bar-iframe"); previewBar.style.display = "none";", [])

2019-06-28 17:27:53 - [MESSAGE][NOT_RUN] - NOT_RUN: executeJavaScript("var previewBar = document.getElementById("preview-bar-iframe"); previewBar.style.display = "none";", [])

2019-06-28 17:27:53 - [TEST_STEP][PASSED] - setViewPortSize(360, 800): Viewport is set to new size with width = 360 and height = 800

2019-06-28 17:27:53 - [MESSAGE][PASSED] - Viewport is set to new size with width = 360 and height = 800

2019-06-28 17:27:53 - [TEST_STEP][PASSED] - delay(4): Delayed 4 second(s)

2019-06-28 17:27:57 - [MESSAGE][PASSED] - Delayed 4 second(s)

2019-06-28 17:27:57 - [TEST_STEP][PASSED] - selectOptionByValue(findTestObject("OCS-MOBILE /Age gate and burger menu/Date"), "12", true): All options with value '12' are selected in object 'Object Repository/OCS-MOBILE /Age gate and burger menu/Date'  using regular expression

2019-06-28 17:27:58 - [MESSAGE][PASSED] - All options with value '12' are selected in object 'Object Repository/OCS-MOBILE /Age gate and burger menu/Date'  using regular expression

2019-06-28 17:27:58 - [TEST_STEP][PASSED] - selectOptionByValue(findTestObject("OCS-MOBILE /Age gate and burger menu/month"), "6", true): All options with value '6' are selected in object 'Object Repository/OCS-MOBILE /Age gate and burger menu/month'  using regular expression

2019-06-28 17:27:59 - [MESSAGE][PASSED] - All options with value '6' are selected in object 'Object Repository/OCS-MOBILE /Age gate and burger menu/month'  using regular expression

2019-06-28 17:27:59 - [TEST_STEP][PASSED] - delay(2): Delayed 2 second(s)

2019-06-28 17:28:01 - [MESSAGE][PASSED] - Delayed 2 second(s)

2019-06-28 17:28:01 - [TEST_STEP][PASSED] - selectOptionByValue(findTestObject("OCS-MOBILE /Age gate and burger menu/Year Dropdown"), "1990", true): All options with value '1990' are selected in object 'Object Repository/OCS-MOBILE /Age gate and burger menu/Year Dropdown'  using regular expression

2019-06-28 17:28:04 - [MESSAGE][PASSED] - All options with value '1990' are selected in object 'Object Repository/OCS-MOBILE /Age gate and burger menu/Year Dropdown'  using regular expression

2019-06-28 17:28:04 - [TEST_STEP][PASSED] - click(findTestObject("OCS-MOBILE /Age gate and Mega menu/button_Verify")): Object: 'Object Repository/OCS-MOBILE /Age gate and Mega menu/button_Verify' is clicked on

2019-06-28 17:28:04 - [MESSAGE][PASSED] - Object: 'Object Repository/OCS-MOBILE /Age gate and Mega menu/button_Verify' is clicked on

2019-06-28 17:28:04 - [TEST_STEP][PASSED] - click(findTestObject("OCS-MOBILE /Age gate and Mega menu/Checkbox_CONFIRM AND ACKNOWLEDGE")): Object: 'Object Repository/OCS-MOBILE /Age gate and Mega menu/Checkbox_CONFIRM AND ACKNOWLEDGE' is clicked on

2019-06-28 17:28:04 - [MESSAGE][PASSED] - Object: 'Object Repository/OCS-MOBILE /Age gate and Mega menu/Checkbox_CONFIRM AND ACKNOWLEDGE' is clicked on

2019-06-28 17:28:04 - [TEST_STEP][PASSED] - click(findTestObject("OCS-MOBILE /Age gate and Mega menu/button_CONFIRM")): Object: 'Object Repository/OCS-MOBILE /Age gate and Mega menu/button_CONFIRM' is clicked on

2019-06-28 17:28:04 - [MESSAGE][PASSED] - Object: 'Object Repository/OCS-MOBILE /Age gate and Mega menu/button_CONFIRM' is clicked on

2019-06-28 17:28:04 - [TEST_STEP][PASSED] - click(findTestObject("OCS-MOBILE /Age gate and Mega menu/button_Start Browsing")): Object: 'Object Repository/OCS-MOBILE /Age gate and Mega menu/button_Start Browsing' is clicked on

2019-06-28 17:28:04 - [MESSAGE][PASSED] - Object: 'Object Repository/OCS-MOBILE /Age gate and Mega menu/button_Start Browsing' is clicked on

2019-06-28 17:28:04 - [TEST_STEP][PASSED] - refresh(): Refresh successfully

2019-06-28 17:28:07 - [MESSAGE][PASSED] - Refresh successfully

2019-06-28 17:28:07 - [TEST_STEP][NOT_RUN] - executeJavaScript("var previewBar = document.getElementById("preview-bar-iframe"); previewBar.style.display = "none";", []): NOT_RUN: executeJavaScript("var previewBar = document.getElementById("preview-bar-iframe"); previewBar.style.display = "none";", [])

2019-06-28 17:28:07 - [MESSAGE][NOT_RUN] - NOT_RUN: executeJavaScript("var previewBar = document.getElementById("preview-bar-iframe"); previewBar.style.display = "none";", [])

2019-06-28 17:28:07 - [MESSAGE][PASSED] - Call Test Case 'Test Cases/OCS - MOBILE/CALL - AGE GATE' successfully

2019-06-28 17:28:07 - [TEST_STEP][PASSED] - click(findTestObject("OCS-MOBILE /Age gate and burger menu/Burger menu - English")): Object: 'Object Repository/OCS-MOBILE /Age gate and burger menu/Burger menu - English' is clicked on

2019-06-28 17:28:07 - [MESSAGE][PASSED] - Object: 'Object Repository/OCS-MOBILE /Age gate and burger menu/Burger menu - English' is clicked on

2019-06-28 17:28:07 - [TEST_STEP][PASSED] - delay(2): Delayed 2 second(s)

2019-06-28 17:28:09 - [MESSAGE][PASSED] - Delayed 2 second(s)

2019-06-28 17:28:09 - [TEST_STEP][PASSED] - click(findTestObject("OCS-MOBILE /Age gate and Mega menu/Chevron_Cannabis")): Object: 'Object Repository/OCS-MOBILE /Age gate and Mega menu/Chevron_Cannabis' is clicked on

2019-06-28 17:28:09 - [MESSAGE][PASSED] - Object: 'Object Repository/OCS-MOBILE /Age gate and Mega menu/Chevron_Cannabis' is clicked on

2019-06-28 17:28:09 - [TEST_STEP][PASSED] - delay(1): Delayed 1 second(s)

2019-06-28 17:28:10 - [MESSAGE][PASSED] - Delayed 1 second(s)

2019-06-28 17:28:10 - [TEST_STEP][PASSED] - click(findTestObject("OCS-MOBILE /Cannabis page/Dried flower")): Object: 'Object Repository/OCS-MOBILE /Cannabis page/Dried flower' is clicked on

2019-06-28 17:28:10 - [MESSAGE][PASSED] - Object: 'Object Repository/OCS-MOBILE /Cannabis page/Dried flower' is clicked on

2019-06-28 17:28:10 - [TEST_STEP][PASSED] - delay(1): Delayed 1 second(s)

2019-06-28 17:28:11 - [MESSAGE][PASSED] - Delayed 1 second(s)

2019-06-28 17:28:11 - [TEST_STEP][PASSED] - click(findTestObject("OCS-MOBILE /Cannabis page/Dried flower - Indica dominant")): Object: 'Object Repository/OCS-MOBILE /Cannabis page/Dried flower - Indica dominant' is clicked on

2019-06-28 17:28:12 - [MESSAGE][PASSED] - Object: 'Object Repository/OCS-MOBILE /Cannabis page/Dried flower - Indica dominant' is clicked on

2019-06-28 17:28:12 - [TEST_STEP][PASSED] - delay(1): Delayed 1 second(s)

2019-06-28 17:28:13 - [MESSAGE][PASSED] - Delayed 1 second(s)

2019-06-28 17:28:13 - [TEST_STEP][PASSED] - click(findTestObject("OCS-MOBILE /Filter flyout/Filter option")): Object: 'Object Repository/OCS-MOBILE /Filter flyout/Filter option' is clicked on

2019-06-28 17:28:13 - [MESSAGE][PASSED] - Object: 'Object Repository/OCS-MOBILE /Filter flyout/Filter option' is clicked on

2019-06-28 17:28:13 - [TEST_STEP][PASSED] - delay(2): Delayed 2 second(s)

2019-06-28 17:28:15 - [MESSAGE][PASSED] - Delayed 2 second(s)

2019-06-28 17:28:15 - [TEST_STEP][PASSED] - click(findTestObject("OCS-MOBILE /Filter flyout/THC - CBD Tool tip")): Object: 'Object Repository/OCS-MOBILE /Filter flyout/THC - CBD Tool tip' is clicked on

2019-06-28 17:28:15 - [MESSAGE][PASSED] - Object: 'Object Repository/OCS-MOBILE /Filter flyout/THC - CBD Tool tip' is clicked on

2019-06-28 17:28:15 - [TEST_STEP][PASSED] - delay(2): Delayed 2 second(s)

2019-06-28 17:28:17 - [MESSAGE][PASSED] - Delayed 2 second(s)

2019-06-28 17:28:17 - [TEST_STEP][PASSED] - click(findTestObject("OCS-MOBILE /Filter flyout/THC CBD plus accordian")): Object: 'Object Repository/OCS-MOBILE /Filter flyout/THC CBD plus accordian' is clicked on

2019-06-28 17:28:17 - [MESSAGE][PASSED] - Object: 'Object Repository/OCS-MOBILE /Filter flyout/THC CBD plus accordian' is clicked on

2019-06-28 17:28:17 - [TEST_STEP][PASSED] - delay(2): Delayed 2 second(s)

2019-06-28 17:28:19 - [MESSAGE][PASSED] - Delayed 2 second(s)

2019-06-28 17:28:19 - [TEST_STEP][PASSED] - click(findTestObject("OCS-MOBILE /Filter flyout/THC - CBD Subtract accordian")): Object: 'Object Repository/OCS-MOBILE /Filter flyout/THC - CBD Subtract accordian' is clicked on

2019-06-28 17:28:19 - [MESSAGE][PASSED] - Object: 'Object Repository/OCS-MOBILE /Filter flyout/THC - CBD Subtract accordian' is clicked on

2019-06-28 17:28:19 - [TEST_STEP][PASSED] - delay(2): Delayed 2 second(s)

2019-06-28 17:28:21 - [MESSAGE][PASSED] - Delayed 2 second(s)

2019-06-28 17:28:21 - [TEST_STEP][PASSED] - click(findTestObject("OCS-MOBILE /Filter flyout/THC CBD plus accordian")): Object: 'Object Repository/OCS-MOBILE /Filter flyout/THC CBD plus accordian' is clicked on

2019-06-28 17:28:21 - [MESSAGE][PASSED] - Object: 'Object Repository/OCS-MOBILE /Filter flyout/THC CBD plus accordian' is clicked on

2019-06-28 17:28:21 - [TEST_STEP][NOT_RUN] - click(findTestObject("OCS-MOBILE /Filter flyout/div_18.00")): NOT_RUN: click(findTestObject("OCS-MOBILE /Filter flyout/div_18.00"))

2019-06-28 17:28:21 - [MESSAGE][NOT_RUN] - NOT_RUN: click(findTestObject("OCS-MOBILE /Filter flyout/div_18.00"))

2019-06-28 17:28:21 - [TEST_STEP][NOT_RUN] - delay(2): NOT_RUN: delay(2)

2019-06-28 17:28:21 - [MESSAGE][NOT_RUN] - NOT_RUN: delay(2)

2019-06-28 17:28:21 - [TEST_STEP][NOT_RUN] - click(findTestObject("OCS-MOBILE /Filter flyout/div_25.00")): NOT_RUN: click(findTestObject("OCS-MOBILE /Filter flyout/div_25.00"))

2019-06-28 17:28:21 - [MESSAGE][NOT_RUN] - NOT_RUN: click(findTestObject("OCS-MOBILE /Filter flyout/div_25.00"))

2019-06-28 17:28:21 - [TEST_STEP][NOT_RUN] - delay(2): NOT_RUN: delay(2)

2019-06-28 17:28:21 - [MESSAGE][NOT_RUN] - NOT_RUN: delay(2)

2019-06-28 17:28:21 - [TEST_STEP][NOT_RUN] - click(findTestObject("OCS-MOBILE /Filter flyout/div_14.00")): NOT_RUN: click(findTestObject("OCS-MOBILE /Filter flyout/div_14.00"))

2019-06-28 17:28:21 - [MESSAGE][NOT_RUN] - NOT_RUN: click(findTestObject("OCS-MOBILE /Filter flyout/div_14.00"))

2019-06-28 17:28:21 - [TEST_STEP][NOT_RUN] - delay(2): NOT_RUN: delay(2)

2019-06-28 17:28:21 - [MESSAGE][NOT_RUN] - NOT_RUN: delay(2)

2019-06-28 17:28:21 - [TEST_STEP][NOT_RUN] - click(findTestObject("OCS-MOBILE /Filter flyout/div_19.00")): NOT_RUN: click(findTestObject("OCS-MOBILE /Filter flyout/div_19.00"))

2019-06-28 17:28:21 - [MESSAGE][NOT_RUN] - NOT_RUN: click(findTestObject("OCS-MOBILE /Filter flyout/div_19.00"))

2019-06-28 17:28:21 - [TEST_STEP][PASSED] - delay(2): Delayed 2 second(s)

2019-06-28 17:28:23 - [MESSAGE][PASSED] - Delayed 2 second(s)

2019-06-28 17:28:23 - [TEST_STEP][NOT_RUN] - click(findTestObject("OCS-MOBILE /Filter flyout/Learn More About THC CBD")): NOT_RUN: click(findTestObject("OCS-MOBILE /Filter flyout/Learn More About THC CBD"))

2019-06-28 17:28:23 - [MESSAGE][NOT_RUN] - NOT_RUN: click(findTestObject("OCS-MOBILE /Filter flyout/Learn More About THC CBD"))

2019-06-28 17:28:23 - [TEST_STEP][PASSED] - delay(4): Delayed 4 second(s)

2019-06-28 17:28:27 - [MESSAGE][PASSED] - Delayed 4 second(s)

2019-06-28 17:28:27 - [TEST_STEP][NOT_RUN] - callTestCase(findTestCase("OCS - MOBILE/OCS-COLLECTION PAGE/calling test case"), [:], STOP_ON_FAILURE): NOT_RUN: callTestCase(findTestCase("OCS - MOBILE/OCS-COLLECTION PAGE/calling test case"), [:], STOP_ON_FAILURE)

2019-06-28 17:28:27 - [MESSAGE][NOT_RUN] - NOT_RUN: callTestCase(findTestCase("OCS - MOBILE/OCS-COLLECTION PAGE/calling test case"), [:], STOP_ON_FAILURE)

2019-06-28 17:28:27 - [TEST_STEP][NOT_RUN] - click(findTestObject("OCS-MOBILE /Filter flyout/Filter option")): NOT_RUN: click(findTestObject("OCS-MOBILE /Filter flyout/Filter option"))

2019-06-28 17:28:27 - [MESSAGE][NOT_RUN] - NOT_RUN: click(findTestObject("OCS-MOBILE /Filter flyout/Filter option"))

2019-06-28 17:28:27 - [TEST_STEP][PASSED] - click(findTestObject("OCS-MOBILE /Filter flyout/Plant type tooltip")): Object: 'Object Repository/OCS-MOBILE /Filter flyout/Plant type tooltip' is clicked on

2019-06-28 17:28:27 - [MESSAGE][PASSED] - Object: 'Object Repository/OCS-MOBILE /Filter flyout/Plant type tooltip' is clicked on

2019-06-28 17:28:27 - [TEST_STEP][PASSED] - delay(2): Delayed 2 second(s)

2019-06-28 17:28:29 - [MESSAGE][PASSED] - Delayed 2 second(s)

2019-06-28 17:28:29 - [TEST_STEP][PASSED] - click(findTestObject("OCS-MOBILE /Filter flyout/Plant type plus accordian")): Object: 'Object Repository/OCS-MOBILE /Filter flyout/Plant type plus accordian' is clicked on

2019-06-28 17:28:30 - [MESSAGE][PASSED] - Object: 'Object Repository/OCS-MOBILE /Filter flyout/Plant type plus accordian' is clicked on

2019-06-28 17:28:30 - [TEST_STEP][PASSED] - delay(1): Delayed 1 second(s)

2019-06-28 17:28:31 - [MESSAGE][PASSED] - Delayed 1 second(s)

2019-06-28 17:28:31 - [TEST_STEP][PASSED] - click(findTestObject("OCS-MOBILE /Filter flyout/Plant type subtract accordian")): Object: 'Object Repository/OCS-MOBILE /Filter flyout/Plant type subtract accordian' is clicked on

2019-06-28 17:28:31 - [MESSAGE][PASSED] - Object: 'Object Repository/OCS-MOBILE /Filter flyout/Plant type subtract accordian' is clicked on

2019-06-28 17:28:31 - [TEST_STEP][PASSED] - delay(1): Delayed 1 second(s)

2019-06-28 17:28:32 - [MESSAGE][PASSED] - Delayed 1 second(s)

2019-06-28 17:28:32 - [TEST_STEP][PASSED] - click(findTestObject("OCS-MOBILE /Filter flyout/Plant type plus accordian")): Object: 'Object Repository/OCS-MOBILE /Filter flyout/Plant type plus accordian' is clicked on

2019-06-28 17:28:32 - [MESSAGE][PASSED] - Object: 'Object Repository/OCS-MOBILE /Filter flyout/Plant type plus accordian' is clicked on

2019-06-28 17:28:32 - [TEST_STEP][PASSED] - delay(2): Delayed 2 second(s)

2019-06-28 17:28:34 - [MESSAGE][PASSED] - Delayed 2 second(s)

2019-06-28 17:28:34 - [TEST_STEP][PASSED] - click(findTestObject("OCS-MOBILE /Filter flyout/Indica Dominant")): Object: 'Object Repository/OCS-MOBILE /Filter flyout/Indica Dominant' is clicked on

2019-06-28 17:28:34 - [MESSAGE][PASSED] - Object: 'Object Repository/OCS-MOBILE /Filter flyout/Indica Dominant' is clicked on

2019-06-28 17:28:34 - [TEST_STEP][PASSED] - delay(2): Delayed 2 second(s)

2019-06-28 17:28:36 - [MESSAGE][PASSED] - Delayed 2 second(s)

2019-06-28 17:28:36 - [TEST_STEP][PASSED] - click(findTestObject("OCS-MOBILE /Filter flyout/Sativa Dominant")): Object: 'Object Repository/OCS-MOBILE /Filter flyout/Sativa Dominant' is clicked on

2019-06-28 17:28:36 - [MESSAGE][PASSED] - Object: 'Object Repository/OCS-MOBILE /Filter flyout/Sativa Dominant' is clicked on

2019-06-28 17:28:36 - [TEST_STEP][PASSED] - delay(2): Delayed 2 second(s)

2019-06-28 17:28:38 - [MESSAGE][PASSED] - Delayed 2 second(s)

2019-06-28 17:28:38 - [TEST_STEP][PASSED] - click(findTestObject("OCS-MOBILE /Filter flyout/Hybrid")): Object: 'Object Repository/OCS-MOBILE /Filter flyout/Hybrid' is clicked on

2019-06-28 17:28:38 - [MESSAGE][PASSED] - Object: 'Object Repository/OCS-MOBILE /Filter flyout/Hybrid' is clicked on

2019-06-28 17:28:38 - [TEST_STEP][PASSED] - delay(2): Delayed 2 second(s)

2019-06-28 17:28:40 - [MESSAGE][PASSED] - Delayed 2 second(s)

2019-06-28 17:28:40 - [TEST_STEP][PASSED] - click(findTestObject("OCS-MOBILE /Filter flyout/Blend")): Object: 'Object Repository/OCS-MOBILE /Filter flyout/Blend' is clicked on

2019-06-28 17:28:40 - [MESSAGE][PASSED] - Object: 'Object Repository/OCS-MOBILE /Filter flyout/Blend' is clicked on

2019-06-28 17:28:40 - [TEST_STEP][PASSED] - delay(2): Delayed 2 second(s)

2019-06-28 17:28:42 - [MESSAGE][PASSED] - Delayed 2 second(s)

2019-06-28 17:28:42 - [TEST_STEP][NOT_RUN] - click(findTestObject("Object Repository/COLLECTION PAGE _OR/Filter_OR/Page_Pre-Rolled  Ontario Cannabis S/label_Sativa Dominant")): NOT_RUN: click(findTestObject("Object Repository/COLLECTION PAGE _OR/Filter_OR/Page_Pre-Rolled  Ontario Cannabis S/label_Sativa Dominant"))

2019-06-28 17:28:42 - [MESSAGE][NOT_RUN] - NOT_RUN: click(findTestObject("Object Repository/COLLECTION PAGE _OR/Filter_OR/Page_Pre-Rolled  Ontario Cannabis S/label_Sativa Dominant"))

2019-06-28 17:28:42 - [TEST_STEP][NOT_RUN] - delay(2): NOT_RUN: delay(2)

2019-06-28 17:28:42 - [MESSAGE][NOT_RUN] - NOT_RUN: delay(2)

2019-06-28 17:28:42 - [TEST_STEP][NOT_RUN] - click(findTestObject("Object Repository/COLLECTION PAGE _OR/Filter_OR/Page_Pre-Rolled  Ontario Cannabis S/label_Hybrid")): NOT_RUN: click(findTestObject("Object Repository/COLLECTION PAGE _OR/Filter_OR/Page_Pre-Rolled  Ontario Cannabis S/label_Hybrid"))

2019-06-28 17:28:42 - [MESSAGE][NOT_RUN] - NOT_RUN: click(findTestObject("Object Repository/COLLECTION PAGE _OR/Filter_OR/Page_Pre-Rolled  Ontario Cannabis S/label_Hybrid"))

2019-06-28 17:28:42 - [TEST_STEP][NOT_RUN] - delay(2): NOT_RUN: delay(2)

2019-06-28 17:28:42 - [MESSAGE][NOT_RUN] - NOT_RUN: delay(2)

2019-06-28 17:28:42 - [TEST_STEP][NOT_RUN] - click(findTestObject("Object Repository/COLLECTION PAGE _OR/Filter_OR/Page_Pre-Rolled  Ontario Cannabis S/label_Blend")): NOT_RUN: click(findTestObject("Object Repository/COLLECTION PAGE _OR/Filter_OR/Page_Pre-Rolled  Ontario Cannabis S/label_Blend"))

2019-06-28 17:28:42 - [MESSAGE][NOT_RUN] - NOT_RUN: click(findTestObject("Object Repository/COLLECTION PAGE _OR/Filter_OR/Page_Pre-Rolled  Ontario Cannabis S/label_Blend"))

2019-06-28 17:28:42 - [TEST_STEP][NOT_RUN] - delay(2): NOT_RUN: delay(2)

2019-06-28 17:28:42 - [MESSAGE][NOT_RUN] - NOT_RUN: delay(2)

2019-06-28 17:28:42 - [TEST_STEP][NOT_RUN] - click(findTestObject("OCS-MOBILE /Filter flyout/Learn More About Plant Type")): NOT_RUN: click(findTestObject("OCS-MOBILE /Filter flyout/Learn More About Plant Type"))

2019-06-28 17:28:42 - [MESSAGE][NOT_RUN] - NOT_RUN: click(findTestObject("OCS-MOBILE /Filter flyout/Learn More About Plant Type"))

2019-06-28 17:28:42 - [TEST_STEP][NOT_RUN] - delay(2): NOT_RUN: delay(2)

2019-06-28 17:28:42 - [MESSAGE][NOT_RUN] - NOT_RUN: delay(2)

2019-06-28 17:28:42 - [TEST_STEP][NOT_RUN] - callTestCase(findTestCase("OCS - MOBILE/OCS-COLLECTION PAGE/calling test case"), [:], STOP_ON_FAILURE): NOT_RUN: callTestCase(findTestCase("OCS - MOBILE/OCS-COLLECTION PAGE/calling test case"), [:], STOP_ON_FAILURE)

2019-06-28 17:28:42 - [MESSAGE][NOT_RUN] - NOT_RUN: callTestCase(findTestCase("OCS - MOBILE/OCS-COLLECTION PAGE/calling test case"), [:], STOP_ON_FAILURE)

2019-06-28 17:28:42 - [TEST_STEP][PASSED] - click(findTestObject("OCS-MOBILE /Filter flyout/Plant type subtract accordian")): Object: 'Object Repository/OCS-MOBILE /Filter flyout/Plant type subtract accordian' is clicked on

2019-06-28 17:28:42 - [MESSAGE][PASSED] - Object: 'Object Repository/OCS-MOBILE /Filter flyout/Plant type subtract accordian' is clicked on

2019-06-28 17:28:42 - [TEST_STEP][PASSED] - click(findTestObject("OCS-MOBILE /Filter flyout/Filter option"), OPTIONAL): Unable to click on object 'Object Repository/OCS-MOBILE /Filter flyout/Filter option' (Root cause: org.openqa.selenium.WebDriverException: 
Build info: version: '3.7.1', revision: '8a0099a', time: '2017-11-06T21:07:36.161Z'
System info: host: 'sumans-MacBook-Pro.local', ip: 'fe80:0:0:0:14f6:8d5f:4e59:4e6f%en0', os.name: 'Mac OS X', os.arch: 'x86_64', os.version: '10.13.6', java.version: '1.8.0_181'
Driver info: com.kms.katalon.selenium.driver.CSafariDriver
Capabilities {acceptInsecureCerts: false, browserName: Safari, browserVersion: 12.1, javascriptEnabled: true, platform: MAC, platformName: MAC, safari:automaticInspection: false, safari:automaticProfiling: false, safari:diagnose: false, setWindowRect: true, strictFileInteractability: false, webkit:WebRTC: {DisableICECandidateFiltering: false, DisableInsecureMediaCapture: false}}
Session ID: 840F4655-F174-4F0D-9E52-81A206428F7F)

2019-06-28 17:28:42 - [MESSAGE][WARNING] - Unable to click on object 'Object Repository/OCS-MOBILE /Filter flyout/Filter option' (Root cause: org.openqa.selenium.WebDriverException: 
Build info: version: '3.7.1', revision: '8a0099a', time: '2017-11-06T21:07:36.161Z'
System info: host: 'sumans-MacBook-Pro.local', ip: 'fe80:0:0:0:14f6:8d5f:4e59:4e6f%en0', os.name: 'Mac OS X', os.arch: 'x86_64', os.version: '10.13.6', java.version: '1.8.0_181'
Driver info: com.kms.katalon.selenium.driver.CSafariDriver
Capabilities {acceptInsecureCerts: false, browserName: Safari, browserVersion: 12.1, javascriptEnabled: true, platform: MAC, platformName: MAC, safari:automaticInspection: false, safari:automaticProfiling: false, safari:diagnose: false, setWindowRect: true, strictFileInteractability: false, webkit:WebRTC: {DisableICECandidateFiltering: false, DisableInsecureMediaCapture: false}}
Session ID: 840F4655-F174-4F0D-9E52-81A206428F7F)
[[ATTACHMENT|/Users/sumankompelly/Relative xpath-Mobile/Reports/Live site/20190628_163954/1561757322803.png]]

2019-06-28 17:28:42 - [TEST_STEP][NOT_RUN] - executeJavaScript("var previewBar = document.getElementById("preview-bar-iframe"); previewBar.style.display = "none";", []): NOT_RUN: executeJavaScript("var previewBar = document.getElementById("preview-bar-iframe"); previewBar.style.display = "none";", [])

2019-06-28 17:28:42 - [MESSAGE][NOT_RUN] - NOT_RUN: executeJavaScript("var previewBar = document.getElementById("preview-bar-iframe"); previewBar.style.display = "none";", [])

2019-06-28 17:28:42 - [TEST_STEP][PASSED] - click(findTestObject("OCS-MOBILE /Filter flyout/Brand tool tip")): Object: 'Object Repository/OCS-MOBILE /Filter flyout/Brand tool tip' is clicked on

2019-06-28 17:28:42 - [MESSAGE][PASSED] - Object: 'Object Repository/OCS-MOBILE /Filter flyout/Brand tool tip' is clicked on

2019-06-28 17:28:42 - [TEST_STEP][PASSED] - delay(1): Delayed 1 second(s)

2019-06-28 17:28:43 - [MESSAGE][PASSED] - Delayed 1 second(s)

2019-06-28 17:28:43 - [TEST_STEP][FAILED] - click(findTestObject("OCS-MOBILE /Filter flyout/Brand plus accordian")): click(findTestObject("OCS-MOBILE /Filter flyout/Brand plus accordian")) FAILED.
Reason:
com.kms.katalon.core.exception.StepFailedException: Unable to click on object 'Object Repository/OCS-MOBILE /Filter flyout/Brand plus accordian' (Root cause: com.kms.katalon.core.webui.exception.WebElementNotFoundException: Web element with id: 'Object Repository/OCS-MOBILE /Filter flyout/Brand plus accordian' located by 'By.xpath: //div[@class='filter__group accordionize product-vendor']//i[@class='icon icon--plus']' not found)
	at com.kms.katalon.core.keyword.internal.KeywordMain.stepFailed(KeywordMain.groovy:36)
	at com.kms.katalon.core.webui.keyword.internal.WebUIKeywordMain.stepFailed(WebUIKeywordMain.groovy:65)
	at com.kms.katalon.core.webui.keyword.internal.WebUIKeywordMain.runKeyword(WebUIKeywordMain.groovy:27)
	at com.kms.katalon.core.webui.keyword.builtin.ClickKeyword.click(ClickKeyword.groovy:86)
	at com.kms.katalon.core.webui.keyword.builtin.ClickKeyword.execute(ClickKeyword.groovy:67)
	at com.kms.katalon.core.keyword.internal.KeywordExecutor.executeKeywordForPlatform(KeywordExecutor.groovy:53)
	at com.kms.katalon.core.webui.keyword.WebUiBuiltInKeywords.click(WebUiBuiltInKeywords.groovy:616)
	at com.kms.katalon.core.webui.keyword.WebUiBuiltInKeywords$click$3.call(Unknown Source)
	at Filter.run(Filter:137)
	at com.kms.katalon.core.main.ScriptEngine.run(ScriptEngine.java:194)
	at com.kms.katalon.core.main.ScriptEngine.runScriptAsRawText(ScriptEngine.java:119)
	at com.kms.katalon.core.main.TestCaseExecutor.runScript(TestCaseExecutor.java:328)
	at com.kms.katalon.core.main.TestCaseExecutor.doExecute(TestCaseExecutor.java:319)
	at com.kms.katalon.core.main.TestCaseExecutor.processExecutionPhase(TestCaseExecutor.java:298)
	at com.kms.katalon.core.main.TestCaseExecutor.accessMainPhase(TestCaseExecutor.java:290)
	at com.kms.katalon.core.main.TestCaseExecutor.execute(TestCaseExecutor.java:224)
	at com.kms.katalon.core.main.TestSuiteExecutor.accessTestCaseMainPhase(TestSuiteExecutor.java:129)
	at com.kms.katalon.core.main.TestSuiteExecutor.accessTestSuiteMainPhase(TestSuiteExecutor.java:112)
	at com.kms.katalon.core.main.TestSuiteExecutor.execute(TestSuiteExecutor.java:81)
	at com.kms.katalon.core.main.TestCaseMain.startTestSuite(TestCaseMain.java:149)
	at com.kms.katalon.core.main.TestCaseMain$startTestSuite$0.call(Unknown Source)
	at TempTestSuite1561754394056.run(TempTestSuite1561754394056.groovy:36)


2019-06-28 17:29:15 - [MESSAGE][INFO] - Unable to find the element located by 'By.xpath: //div[@class='filter__group accordionize product-vendor']//i[@class='icon icon--plus']'. Please recheck the objects properties to make sure the desired element is located. 

2019-06-28 17:29:15 - [MESSAGE][FAILED] - Unable to click on object 'Object Repository/OCS-MOBILE /Filter flyout/Brand plus accordian' (Root cause: com.kms.katalon.core.webui.exception.WebElementNotFoundException: Web element with id: 'Object Repository/OCS-MOBILE /Filter flyout/Brand plus accordian' located by 'By.xpath: //div[@class='filter__group accordionize product-vendor']//i[@class='icon icon--plus']' not found)
[[ATTACHMENT|/Users/sumankompelly/Relative xpath-Mobile/Reports/Live site/20190628_163954/1561757355216.png]]

2019-06-28 17:29:15 - [MESSAGE][FAILED] - click(findTestObject("OCS-MOBILE /Filter flyout/Brand plus accordian")) FAILED.
Reason:
com.kms.katalon.core.exception.StepFailedException: Unable to click on object 'Object Repository/OCS-MOBILE /Filter flyout/Brand plus accordian' (Root cause: com.kms.katalon.core.webui.exception.WebElementNotFoundException: Web element with id: 'Object Repository/OCS-MOBILE /Filter flyout/Brand plus accordian' located by 'By.xpath: //div[@class='filter__group accordionize product-vendor']//i[@class='icon icon--plus']' not found)
	at com.kms.katalon.core.keyword.internal.KeywordMain.stepFailed(KeywordMain.groovy:36)
	at com.kms.katalon.core.webui.keyword.internal.WebUIKeywordMain.stepFailed(WebUIKeywordMain.groovy:65)
	at com.kms.katalon.core.webui.keyword.internal.WebUIKeywordMain.runKeyword(WebUIKeywordMain.groovy:27)
	at com.kms.katalon.core.webui.keyword.builtin.ClickKeyword.click(ClickKeyword.groovy:86)
	at com.kms.katalon.core.webui.keyword.builtin.ClickKeyword.execute(ClickKeyword.groovy:67)
	at com.kms.katalon.core.keyword.internal.KeywordExecutor.executeKeywordForPlatform(KeywordExecutor.groovy:53)
	at com.kms.katalon.core.webui.keyword.WebUiBuiltInKeywords.click(WebUiBuiltInKeywords.groovy:616)
	at com.kms.katalon.core.webui.keyword.WebUiBuiltInKeywords$click$3.call(Unknown Source)
	at Filter.run(Filter:137)
	at com.kms.katalon.core.main.ScriptEngine.run(ScriptEngine.java:194)
	at com.kms.katalon.core.main.ScriptEngine.runScriptAsRawText(ScriptEngine.java:119)
	at com.kms.katalon.core.main.TestCaseExecutor.runScript(TestCaseExecutor.java:328)
	at com.kms.katalon.core.main.TestCaseExecutor.doExecute(TestCaseExecutor.java:319)
	at com.kms.katalon.core.main.TestCaseExecutor.processExecutionPhase(TestCaseExecutor.java:298)
	at com.kms.katalon.core.main.TestCaseExecutor.accessMainPhase(TestCaseExecutor.java:290)
	at com.kms.katalon.core.main.TestCaseExecutor.execute(TestCaseExecutor.java:224)
	at com.kms.katalon.core.main.TestSuiteExecutor.accessTestCaseMainPhase(TestSuiteExecutor.java:129)
	at com.kms.katalon.core.main.TestSuiteExecutor.accessTestSuiteMainPhase(TestSuiteExecutor.java:112)
	at com.kms.katalon.core.main.TestSuiteExecutor.execute(TestSuiteExecutor.java:81)
	at com.kms.katalon.core.main.TestCaseMain.startTestSuite(TestCaseMain.java:149)
	at com.kms.katalon.core.main.TestCaseMain$startTestSuite$0.call(Unknown Source)
	at TempTestSuite1561754394056.run(TempTestSuite1561754394056.groovy:36)]]></system-out>
         <system-err><![CDATA[2019-06-28 17:27:50 - [TEST_CASE][FAILED] - Test Cases/OCS - MOBILE/OCS-COLLECTION PAGE/Filter: Test Cases/OCS - MOBILE/OCS-COLLECTION PAGE/Filter FAILED.
Reason:
com.kms.katalon.core.exception.StepFailedException: Unable to click on object 'Object Repository/OCS-MOBILE /Filter flyout/Brand plus accordian' (Root cause: com.kms.katalon.core.webui.exception.WebElementNotFoundException: Web element with id: 'Object Repository/OCS-MOBILE /Filter flyout/Brand plus accordian' located by 'By.xpath: //div[@class='filter__group accordionize product-vendor']//i[@class='icon icon--plus']' not found)
	at com.kms.katalon.core.keyword.internal.KeywordMain.stepFailed(KeywordMain.groovy:36)
	at com.kms.katalon.core.webui.keyword.internal.WebUIKeywordMain.stepFailed(WebUIKeywordMain.groovy:65)
	at com.kms.katalon.core.webui.keyword.internal.WebUIKeywordMain.runKeyword(WebUIKeywordMain.groovy:27)
	at com.kms.katalon.core.webui.keyword.builtin.ClickKeyword.click(ClickKeyword.groovy:86)
	at com.kms.katalon.core.webui.keyword.builtin.ClickKeyword.execute(ClickKeyword.groovy:67)
	at com.kms.katalon.core.keyword.internal.KeywordExecutor.executeKeywordForPlatform(KeywordExecutor.groovy:53)
	at com.kms.katalon.core.webui.keyword.WebUiBuiltInKeywords.click(WebUiBuiltInKeywords.groovy:616)
	at com.kms.katalon.core.webui.keyword.WebUiBuiltInKeywords$click$3.call(Unknown Source)
	at Filter.run(Filter:137)
	at com.kms.katalon.core.main.ScriptEngine.run(ScriptEngine.java:194)
	at com.kms.katalon.core.main.ScriptEngine.runScriptAsRawText(ScriptEngine.java:119)
	at com.kms.katalon.core.main.TestCaseExecutor.runScript(TestCaseExecutor.java:328)
	at com.kms.katalon.core.main.TestCaseExecutor.doExecute(TestCaseExecutor.java:319)
	at com.kms.katalon.core.main.TestCaseExecutor.processExecutionPhase(TestCaseExecutor.java:298)
	at com.kms.katalon.core.main.TestCaseExecutor.accessMainPhase(TestCaseExecutor.java:290)
	at com.kms.katalon.core.main.TestCaseExecutor.execute(TestCaseExecutor.java:224)
	at com.kms.katalon.core.main.TestSuiteExecutor.accessTestCaseMainPhase(TestSuiteExecutor.java:129)
	at com.kms.katalon.core.main.TestSuiteExecutor.accessTestSuiteMainPhase(TestSuiteExecutor.java:112)
	at com.kms.katalon.core.main.TestSuiteExecutor.execute(TestSuiteExecutor.java:81)
	at com.kms.katalon.core.main.TestCaseMain.startTestSuite(TestCaseMain.java:149)
	at com.kms.katalon.core.main.TestCaseMain$startTestSuite$0.call(Unknown Source)
	at TempTestSuite1561754394056.run(TempTestSuite1561754394056.groovy:36)]]></system-err>
      </testcase>
      <system-out><![CDATA[2019-06-28 16:39:56 - [TEST_SUITE][FAILED] - Live site: Test Cases/OCS - MOBILE/OCS- CRITICAL PATH/Cart FAILED.
Reason:
com.kms.katalon.core.exception.StepFailedException: Unable to verify equal between actual object '0' and expected object '





$44.35' (Root cause: com.kms.katalon.core.exception.StepFailedException: Actual object '0' and expected object '





$44.35' are not equal)
	at com.kms.katalon.core.keyword.internal.KeywordMain.stepFailed(KeywordMain.groovy:36)
	at com.kms.katalon.core.keyword.internal.KeywordMain.stepFailed(KeywordMain.groovy)
	at com.kms.katalon.core.keyword.internal.KeywordMain.runKeyword(KeywordMain.groovy:56)
	at com.kms.katalon.core.keyword.builtin.VerifyEqualKeyword.verifyEqual(VerifyEqualKeyword.groovy:63)
	at com.kms.katalon.core.keyword.builtin.VerifyEqualKeyword.execute(VerifyEqualKeyword.groovy:44)
	at com.kms.katalon.core.keyword.internal.KeywordExecutor.executeKeywordForPlatform(KeywordExecutor.groovy:53)
	at com.kms.katalon.core.keyword.BuiltinKeywords.verifyEqual(BuiltinKeywords.groovy:141)
	at Cart.run(Cart:207)
	at com.kms.katalon.core.main.ScriptEngine.run(ScriptEngine.java:194)
	at com.kms.katalon.core.main.ScriptEngine.runScriptAsRawText(ScriptEngine.java:119)
	at com.kms.katalon.core.main.TestCaseExecutor.runScript(TestCaseExecutor.java:328)
	at com.kms.katalon.core.main.TestCaseExecutor.doExecute(TestCaseExecutor.java:319)
	at com.kms.katalon.core.main.TestCaseExecutor.processExecutionPhase(TestCaseExecutor.java:298)
	at com.kms.katalon.core.main.TestCaseExecutor.accessMainPhase(TestCaseExecutor.java:290)
	at com.kms.katalon.core.main.TestCaseExecutor.execute(TestCaseExecutor.java:224)
	at com.kms.katalon.core.main.TestSuiteExecutor.accessTestCaseMainPhase(TestSuiteExecutor.java:129)
	at com.kms.katalon.core.main.TestSuiteExecutor.accessTestSuiteMainPhase(TestSuiteExecutor.java:112)
	at com.kms.katalon.core.main.TestSuiteExecutor.execute(TestSuiteExecutor.java:81)
	at com.kms.katalon.core.main.TestCaseMain.startTestSuite(TestCaseMain.java:149)
	at com.kms.katalon.core.main.TestCaseMain$startTestSuite$0.call(Unknown Source)
	at TempTestSuite1561754394056.run(TempTestSuite1561754394056.groovy:36)]]></system-out>
      <system-err><![CDATA[2019-06-28 16:39:56 - [TEST_SUITE][FAILED] - Live site: Test Cases/OCS - MOBILE/OCS- CRITICAL PATH/Cart FAILED.
Reason:
com.kms.katalon.core.exception.StepFailedException: Unable to verify equal between actual object '0' and expected object '





$44.35' (Root cause: com.kms.katalon.core.exception.StepFailedException: Actual object '0' and expected object '





$44.35' are not equal)
	at com.kms.katalon.core.keyword.internal.KeywordMain.stepFailed(KeywordMain.groovy:36)
	at com.kms.katalon.core.keyword.internal.KeywordMain.stepFailed(KeywordMain.groovy)
	at com.kms.katalon.core.keyword.internal.KeywordMain.runKeyword(KeywordMain.groovy:56)
	at com.kms.katalon.core.keyword.builtin.VerifyEqualKeyword.verifyEqual(VerifyEqualKeyword.groovy:63)
	at com.kms.katalon.core.keyword.builtin.VerifyEqualKeyword.execute(VerifyEqualKeyword.groovy:44)
	at com.kms.katalon.core.keyword.internal.KeywordExecutor.executeKeywordForPlatform(KeywordExecutor.groovy:53)
	at com.kms.katalon.core.keyword.BuiltinKeywords.verifyEqual(BuiltinKeywords.groovy:141)
	at Cart.run(Cart:207)
	at com.kms.katalon.core.main.ScriptEngine.run(ScriptEngine.java:194)
	at com.kms.katalon.core.main.ScriptEngine.runScriptAsRawText(ScriptEngine.java:119)
	at com.kms.katalon.core.main.TestCaseExecutor.runScript(TestCaseExecutor.java:328)
	at com.kms.katalon.core.main.TestCaseExecutor.doExecute(TestCaseExecutor.java:319)
	at com.kms.katalon.core.main.TestCaseExecutor.processExecutionPhase(TestCaseExecutor.java:298)
	at com.kms.katalon.core.main.TestCaseExecutor.accessMainPhase(TestCaseExecutor.java:290)
	at com.kms.katalon.core.main.TestCaseExecutor.execute(TestCaseExecutor.java:224)
	at com.kms.katalon.core.main.TestSuiteExecutor.accessTestCaseMainPhase(TestSuiteExecutor.java:129)
	at com.kms.katalon.core.main.TestSuiteExecutor.accessTestSuiteMainPhase(TestSuiteExecutor.java:112)
	at com.kms.katalon.core.main.TestSuiteExecutor.execute(TestSuiteExecutor.java:81)
	at com.kms.katalon.core.main.TestCaseMain.startTestSuite(TestCaseMain.java:149)
	at com.kms.katalon.core.main.TestCaseMain$startTestSuite$0.call(Unknown Source)
	at TempTestSuite1561754394056.run(TempTestSuite1561754394056.groovy:36)]]></system-err>
   </testsuite>
</testsuites>
