<?xml version="1.0" encoding="UTF-8"?>
<testsuites name="COLLECTION PAGE-09-05-2019" time="726" tests="6" failures="0" errors="0">
   <testsuite name="COLLECTION PAGE-09-05-2019" tests="6" failures="0" errors="0" time="726" timestamp="2019-05-09 14:36:44" hostname="sumankompelly - 10.0.126.233" id="Test Suites/OCS-09-05-2019 - Theme2/COLLECTION PAGE-09-05-2019">
      <properties>
         <property name="deviceName" value=""/>
         <property name="devicePlatform" value=""/>
         <property name="logFolder" value="/Users/sumankompelly/git/Sample-OCS/Reports/OCS-09-05-2019 - Theme2/COLLECTION PAGE-09-05-2019/20190509_143642"/>
         <property name="logFiles" value="/Users/sumankompelly/git/Sample-OCS/Reports/OCS-09-05-2019 - Theme2/COLLECTION PAGE-09-05-2019/20190509_143642/execution0.log"/>
         <property name="attachments" value=""/>
         <property name="hostName" value="sumankompelly - 10.0.126.233"/>
         <property name="os" value="Mac OS X 64bit"/>
         <property name="katalonVersion" value="5.10.1.1"/>
         <property name="browser" value="Firefox 65.0"/>
         <property name="hostAddress" value="10.0.126.233"/>
         <property name="sessionId" value="0ca1b6e66159bb99dbdee110e7b304ffa08c4400"/>
         <property name="seleniumVersion" value="3.7.1"/>
         <property name="proxyInformation" value="ProxyInformation{proxyOption=NO_PROXY, proxyServerType=HTTP, password=, proxyServerAddress=, proxyServerPort=0}"/>
         <property name="platform" value="Mac OS X"/>
      </properties>
      <testcase name="Test Cases/OCS-COLLECTION PAGE/breadcrumbs" classname="Test Cases/OCS-COLLECTION PAGE/breadcrumbs" status="PASSED">
         <system-out><![CDATA[2019-05-09 14:36:44 - [TEST_CASE][PASSED] - Test Cases/OCS-COLLECTION PAGE/breadcrumbs: Test Cases/OCS-COLLECTION PAGE/breadcrumbs

2019-05-09 14:36:45 - [TEST_STEP][PASSED] - openBrowser(""): Browser is opened with url: ''

2019-05-09 14:36:45 - [MESSAGE][INFO] - Starting 'Remote' driver

2019-05-09 14:36:45 - [MESSAGE][INFO] - User set preference: ['os', 'windows']

2019-05-09 14:36:45 - [MESSAGE][INFO] - User set preference: ['os_version', '10']

2019-05-09 14:36:45 - [MESSAGE][INFO] - User set preference: ['browser', 'Firefox']

2019-05-09 14:36:45 - [MESSAGE][INFO] - User set preference: ['browser_version', '65']

2019-05-09 14:36:45 - [MESSAGE][INFO] - User set preference: ['resolution', '1280x800']

2019-05-09 14:36:45 - [MESSAGE][INFO] - Connecting to remote web server 'https://dianatest3:Z3oqw9ysqTeRQJq5wFCp@hub-cloud.browserstack.com/wd/hub' with type 'Selenium'

2019-05-09 14:36:45 - [MESSAGE][INFO] - Action delay is set to 0 seconds

2019-05-09 14:36:53 - [MESSAGE][PASSED] - Browser is opened with url: ''

2019-05-09 14:36:53 - [TEST_STEP][PASSED] - navigateToUrl("https://ocs.ca/?fts=0&preview_theme_id=53373863756"): Navigate to 'https://ocs.ca/?fts=0&preview_theme_id=53373863756' successfully

2019-05-09 14:37:00 - [MESSAGE][PASSED] - Navigate to 'https://ocs.ca/?fts=0&preview_theme_id=53373863756' successfully

2019-05-09 14:37:00 - [TEST_STEP][PASSED] - click(findTestObject("Object Repository/Theme_oR/Page_Ontario Cannabis Store  Ontari/button_Close preview")): Object: 'Object Repository/Theme_oR/Page_Ontario Cannabis Store  Ontari/button_Close preview' is clicked on

2019-05-09 14:37:03 - [MESSAGE][PASSED] - Object: 'Object Repository/Theme_oR/Page_Ontario Cannabis Store  Ontari/button_Close preview' is clicked on

2019-05-09 14:37:03 - [TEST_STEP][PASSED] - selectOptionByValue(findTestObject("COLLECTION PAGE _OR/breadcrumbs_OR/Page_Ontario Cannabis Store  Ontari/select_Select01020304050607080"), "19", true): All options with value '19' are selected in object 'Object Repository/COLLECTION PAGE _OR/breadcrumbs_OR/Page_Ontario Cannabis Store  Ontari/select_Select01020304050607080'  using regular expression

2019-05-09 14:37:11 - [MESSAGE][PASSED] - All options with value '19' are selected in object 'Object Repository/COLLECTION PAGE _OR/breadcrumbs_OR/Page_Ontario Cannabis Store  Ontari/select_Select01020304050607080'  using regular expression

2019-05-09 14:37:11 - [TEST_STEP][PASSED] - selectOptionByValue(findTestObject("COLLECTION PAGE _OR/breadcrumbs_OR/Page_Ontario Cannabis Store  Ontari/select_SelectJanuary - 01Febru"), "9", true): All options with value '9' are selected in object 'Object Repository/COLLECTION PAGE _OR/breadcrumbs_OR/Page_Ontario Cannabis Store  Ontari/select_SelectJanuary - 01Febru'  using regular expression

2019-05-09 14:37:16 - [MESSAGE][PASSED] - All options with value '9' are selected in object 'Object Repository/COLLECTION PAGE _OR/breadcrumbs_OR/Page_Ontario Cannabis Store  Ontari/select_SelectJanuary - 01Febru'  using regular expression

2019-05-09 14:37:16 - [TEST_STEP][PASSED] - selectOptionByValue(findTestObject("COLLECTION PAGE _OR/breadcrumbs_OR/Page_Ontario Cannabis Store  Ontari/select_Select20182017201620152"), "1949", true): All options with value '1949' are selected in object 'Object Repository/COLLECTION PAGE _OR/breadcrumbs_OR/Page_Ontario Cannabis Store  Ontari/select_Select20182017201620152'  using regular expression

2019-05-09 14:37:35 - [MESSAGE][PASSED] - All options with value '1949' are selected in object 'Object Repository/COLLECTION PAGE _OR/breadcrumbs_OR/Page_Ontario Cannabis Store  Ontari/select_Select20182017201620152'  using regular expression

2019-05-09 14:37:35 - [TEST_STEP][PASSED] - click(findTestObject("COLLECTION PAGE _OR/breadcrumbs_OR/Page_Ontario Cannabis Store  Ontari/button_Verify")): Object: 'Object Repository/COLLECTION PAGE _OR/breadcrumbs_OR/Page_Ontario Cannabis Store  Ontari/button_Verify' is clicked on

2019-05-09 14:37:35 - [MESSAGE][PASSED] - Object: 'Object Repository/COLLECTION PAGE _OR/breadcrumbs_OR/Page_Ontario Cannabis Store  Ontari/button_Verify' is clicked on

2019-05-09 14:37:35 - [TEST_STEP][PASSED] - click(findTestObject("COLLECTION PAGE _OR/breadcrumbs_OR/Page_Ontario Cannabis Store  Ontari/span_CONFIRM AND ACKNOWLEDGE_c")): Object: 'Object Repository/COLLECTION PAGE _OR/breadcrumbs_OR/Page_Ontario Cannabis Store  Ontari/span_CONFIRM AND ACKNOWLEDGE_c' is clicked on

2019-05-09 14:37:36 - [MESSAGE][PASSED] - Object: 'Object Repository/COLLECTION PAGE _OR/breadcrumbs_OR/Page_Ontario Cannabis Store  Ontari/span_CONFIRM AND ACKNOWLEDGE_c' is clicked on

2019-05-09 14:37:36 - [TEST_STEP][PASSED] - click(findTestObject("COLLECTION PAGE _OR/breadcrumbs_OR/Page_Ontario Cannabis Store  Ontari/button_CONFIRM")): Object: 'Object Repository/COLLECTION PAGE _OR/breadcrumbs_OR/Page_Ontario Cannabis Store  Ontari/button_CONFIRM' is clicked on

2019-05-09 14:37:37 - [MESSAGE][PASSED] - Object: 'Object Repository/COLLECTION PAGE _OR/breadcrumbs_OR/Page_Ontario Cannabis Store  Ontari/button_CONFIRM' is clicked on

2019-05-09 14:37:37 - [TEST_STEP][PASSED] - click(findTestObject("COLLECTION PAGE _OR/breadcrumbs_OR/Page_Ontario Cannabis Store  Ontari/button_Start Browsing")): Object: 'Object Repository/COLLECTION PAGE _OR/breadcrumbs_OR/Page_Ontario Cannabis Store  Ontari/button_Start Browsing' is clicked on

2019-05-09 14:37:37 - [MESSAGE][PASSED] - Object: 'Object Repository/COLLECTION PAGE _OR/breadcrumbs_OR/Page_Ontario Cannabis Store  Ontari/button_Start Browsing' is clicked on

2019-05-09 14:37:37 - [TEST_STEP][NOT_RUN] - click(findTestObject("COLLECTION PAGE _OR/breadcrumbs_OR/Page_Ontario Cannabis Store  Ontari/h3_Cannabis")): NOT_RUN: click(findTestObject("COLLECTION PAGE _OR/breadcrumbs_OR/Page_Ontario Cannabis Store  Ontari/h3_Cannabis"))

2019-05-09 14:37:37 - [MESSAGE][NOT_RUN] - NOT_RUN: click(findTestObject("COLLECTION PAGE _OR/breadcrumbs_OR/Page_Ontario Cannabis Store  Ontari/h3_Cannabis"))

2019-05-09 14:37:37 - [TEST_STEP][PASSED] - mouseOver(findTestObject("OCS_CRITICAL PATH/cart flyout- price/Page_Ontario Cannabis Store  Ontari/h3_Cannabis")): Object: 'Object Repository/OCS_CRITICAL PATH/cart flyout- price/Page_Ontario Cannabis Store  Ontari/h3_Cannabis' is hovered

2019-05-09 14:37:38 - [MESSAGE][PASSED] - Object: 'Object Repository/OCS_CRITICAL PATH/cart flyout- price/Page_Ontario Cannabis Store  Ontari/h3_Cannabis' is hovered

2019-05-09 14:37:38 - [TEST_STEP][PASSED] - click(findTestObject("COLLECTION PAGE _OR/breadcrumbs_OR/Page_Ontario Cannabis Store  Ontari/span_Dried Flower")): Object: 'Object Repository/COLLECTION PAGE _OR/breadcrumbs_OR/Page_Ontario Cannabis Store  Ontari/span_Dried Flower' is clicked on

2019-05-09 14:37:44 - [MESSAGE][PASSED] - Object: 'Object Repository/COLLECTION PAGE _OR/breadcrumbs_OR/Page_Ontario Cannabis Store  Ontari/span_Dried Flower' is clicked on

2019-05-09 14:37:44 - [TEST_STEP][PASSED] - click(findTestObject("COLLECTION PAGE _OR/breadcrumbs_OR/Page_Dried Flower  Ontario Cannabis/a_Cannabis")): Object: 'Object Repository/COLLECTION PAGE _OR/breadcrumbs_OR/Page_Dried Flower  Ontario Cannabis/a_Cannabis' is clicked on

2019-05-09 14:37:49 - [MESSAGE][PASSED] - Object: 'Object Repository/COLLECTION PAGE _OR/breadcrumbs_OR/Page_Dried Flower  Ontario Cannabis/a_Cannabis' is clicked on

2019-05-09 14:37:49 - [TEST_STEP][PASSED] - a = getWindowTitle(): Current window's title is: 'All Cannabis Products | Ontario Cannabis Store'

2019-05-09 14:37:49 - [MESSAGE][PASSED] - Current window's title is: 'All Cannabis Products | Ontario Cannabis Store'

2019-05-09 14:37:49 - [TEST_STEP][PASSED] - comment(a): All Cannabis Products | Ontario Cannabis Store

2019-05-09 14:37:49 - [MESSAGE][INFO] - All Cannabis Products | Ontario Cannabis Store

2019-05-09 14:37:49 - [TEST_STEP][PASSED] - assert getWindowTitle() == a: Current window's title is: 'All Cannabis Products | Ontario Cannabis Store'

2019-05-09 14:37:49 - [MESSAGE][PASSED] - Current window's title is: 'All Cannabis Products | Ontario Cannabis Store'

2019-05-09 14:37:49 - [TEST_STEP][PASSED] - click(findTestObject("COLLECTION PAGE _OR/breadcrumbs_OR/Page_All Cannabis Products  Ontario/a_Home")): Object: 'Object Repository/COLLECTION PAGE _OR/breadcrumbs_OR/Page_All Cannabis Products  Ontario/a_Home' is clicked on

2019-05-09 14:37:54 - [MESSAGE][PASSED] - Object: 'Object Repository/COLLECTION PAGE _OR/breadcrumbs_OR/Page_All Cannabis Products  Ontario/a_Home' is clicked on

2019-05-09 14:37:54 - [TEST_STEP][PASSED] - b = getWindowTitle(): Current window's title is: 'Ontario Cannabis Store | Ontario Cannabis Store'

2019-05-09 14:37:54 - [MESSAGE][PASSED] - Current window's title is: 'Ontario Cannabis Store | Ontario Cannabis Store'

2019-05-09 14:37:54 - [TEST_STEP][PASSED] - comment(b): Ontario Cannabis Store | Ontario Cannabis Store

2019-05-09 14:37:54 - [MESSAGE][INFO] - Ontario Cannabis Store | Ontario Cannabis Store

2019-05-09 14:37:54 - [TEST_STEP][PASSED] - assert getWindowTitle() == b: Current window's title is: 'Ontario Cannabis Store | Ontario Cannabis Store'

2019-05-09 14:37:54 - [MESSAGE][PASSED] - Current window's title is: 'Ontario Cannabis Store | Ontario Cannabis Store']]></system-out>
         <system-err><![CDATA[]]></system-err>
      </testcase>
      <testcase name="Test Cases/OCS-COLLECTION PAGE/Chevron dropdown" classname="Test Cases/OCS-COLLECTION PAGE/Chevron dropdown" status="PASSED">
         <system-out><![CDATA[2019-05-09 14:37:54 - [TEST_CASE][PASSED] - Test Cases/OCS-COLLECTION PAGE/Chevron dropdown: Test Cases/OCS-COLLECTION PAGE/Chevron dropdown

2019-05-09 14:37:54 - [TEST_STEP][PASSED] - openBrowser(""): Browser is opened with url: ''

2019-05-09 14:37:54 - [MESSAGE][WARNING] - A browser is already opened. Closing browser and opening a new one

2019-05-09 14:37:56 - [MESSAGE][INFO] - Starting 'Remote' driver

2019-05-09 14:37:56 - [MESSAGE][INFO] - User set preference: ['os', 'windows']

2019-05-09 14:37:56 - [MESSAGE][INFO] - User set preference: ['os_version', '10']

2019-05-09 14:37:56 - [MESSAGE][INFO] - User set preference: ['browser', 'Firefox']

2019-05-09 14:37:56 - [MESSAGE][INFO] - User set preference: ['browser_version', '65']

2019-05-09 14:37:56 - [MESSAGE][INFO] - User set preference: ['resolution', '1280x800']

2019-05-09 14:37:56 - [MESSAGE][INFO] - Connecting to remote web server 'https://dianatest3:Z3oqw9ysqTeRQJq5wFCp@hub-cloud.browserstack.com/wd/hub' with type 'Selenium'

2019-05-09 14:38:05 - [MESSAGE][PASSED] - Browser is opened with url: ''

2019-05-09 14:38:05 - [TEST_STEP][PASSED] - navigateToUrl("https://ocs.ca/?fts=0&preview_theme_id=53373863756"): Navigate to 'https://ocs.ca/?fts=0&preview_theme_id=53373863756' successfully

2019-05-09 14:38:12 - [MESSAGE][PASSED] - Navigate to 'https://ocs.ca/?fts=0&preview_theme_id=53373863756' successfully

2019-05-09 14:38:12 - [TEST_STEP][PASSED] - click(findTestObject("Object Repository/Theme_oR/Page_Ontario Cannabis Store  Ontari/button_Close preview")): Object: 'Object Repository/Theme_oR/Page_Ontario Cannabis Store  Ontari/button_Close preview' is clicked on

2019-05-09 14:38:14 - [MESSAGE][PASSED] - Object: 'Object Repository/Theme_oR/Page_Ontario Cannabis Store  Ontari/button_Close preview' is clicked on

2019-05-09 14:38:16 - [TEST_STEP][PASSED] - selectOptionByValue(findTestObject("COLLECTION PAGE _OR/Chevron_OR/Page_Ontario Cannabis Store  Ontari/select_Select01020304050607080"), "18", true): All options with value '18' are selected in object 'Object Repository/COLLECTION PAGE _OR/Chevron_OR/Page_Ontario Cannabis Store  Ontari/select_Select01020304050607080'  using regular expression

2019-05-09 14:38:24 - [MESSAGE][PASSED] - All options with value '18' are selected in object 'Object Repository/COLLECTION PAGE _OR/Chevron_OR/Page_Ontario Cannabis Store  Ontari/select_Select01020304050607080'  using regular expression

2019-05-09 14:38:24 - [TEST_STEP][PASSED] - selectOptionByValue(findTestObject("COLLECTION PAGE _OR/Chevron_OR/Page_Ontario Cannabis Store  Ontari/select_SelectJanuary - 01Febru"), "9", true): All options with value '9' are selected in object 'Object Repository/COLLECTION PAGE _OR/Chevron_OR/Page_Ontario Cannabis Store  Ontari/select_SelectJanuary - 01Febru'  using regular expression

2019-05-09 14:38:28 - [MESSAGE][PASSED] - All options with value '9' are selected in object 'Object Repository/COLLECTION PAGE _OR/Chevron_OR/Page_Ontario Cannabis Store  Ontari/select_SelectJanuary - 01Febru'  using regular expression

2019-05-09 14:38:28 - [TEST_STEP][PASSED] - selectOptionByValue(findTestObject("COLLECTION PAGE _OR/Chevron_OR/Page_Ontario Cannabis Store  Ontari/select_Select20182017201620152"), "1949", true): All options with value '1949' are selected in object 'Object Repository/COLLECTION PAGE _OR/Chevron_OR/Page_Ontario Cannabis Store  Ontari/select_Select20182017201620152'  using regular expression

2019-05-09 14:38:53 - [MESSAGE][PASSED] - All options with value '1949' are selected in object 'Object Repository/COLLECTION PAGE _OR/Chevron_OR/Page_Ontario Cannabis Store  Ontari/select_Select20182017201620152'  using regular expression

2019-05-09 14:38:53 - [TEST_STEP][PASSED] - click(findTestObject("COLLECTION PAGE _OR/Chevron_OR/Page_Ontario Cannabis Store  Ontari/button_Verify")): Object: 'Object Repository/COLLECTION PAGE _OR/Chevron_OR/Page_Ontario Cannabis Store  Ontari/button_Verify' is clicked on

2019-05-09 14:38:53 - [MESSAGE][PASSED] - Object: 'Object Repository/COLLECTION PAGE _OR/Chevron_OR/Page_Ontario Cannabis Store  Ontari/button_Verify' is clicked on

2019-05-09 14:38:53 - [TEST_STEP][PASSED] - click(findTestObject("COLLECTION PAGE _OR/Chevron_OR/Page_Ontario Cannabis Store  Ontari/span_CONFIRM AND ACKNOWLEDGE_c")): Object: 'Object Repository/COLLECTION PAGE _OR/Chevron_OR/Page_Ontario Cannabis Store  Ontari/span_CONFIRM AND ACKNOWLEDGE_c' is clicked on

2019-05-09 14:38:54 - [MESSAGE][PASSED] - Object: 'Object Repository/COLLECTION PAGE _OR/Chevron_OR/Page_Ontario Cannabis Store  Ontari/span_CONFIRM AND ACKNOWLEDGE_c' is clicked on

2019-05-09 14:38:54 - [TEST_STEP][PASSED] - click(findTestObject("COLLECTION PAGE _OR/Chevron_OR/Page_Ontario Cannabis Store  Ontari/button_CONFIRM")): Object: 'Object Repository/COLLECTION PAGE _OR/Chevron_OR/Page_Ontario Cannabis Store  Ontari/button_CONFIRM' is clicked on

2019-05-09 14:38:54 - [MESSAGE][PASSED] - Object: 'Object Repository/COLLECTION PAGE _OR/Chevron_OR/Page_Ontario Cannabis Store  Ontari/button_CONFIRM' is clicked on

2019-05-09 14:38:54 - [TEST_STEP][PASSED] - click(findTestObject("COLLECTION PAGE _OR/Chevron_OR/Page_Ontario Cannabis Store  Ontari/button_Start Browsing")): Object: 'Object Repository/COLLECTION PAGE _OR/Chevron_OR/Page_Ontario Cannabis Store  Ontari/button_Start Browsing' is clicked on

2019-05-09 14:38:55 - [MESSAGE][PASSED] - Object: 'Object Repository/COLLECTION PAGE _OR/Chevron_OR/Page_Ontario Cannabis Store  Ontari/button_Start Browsing' is clicked on

2019-05-09 14:38:55 - [TEST_STEP][PASSED] - delay(2): Delayed 2 second(s)

2019-05-09 14:38:57 - [MESSAGE][PASSED] - Delayed 2 second(s)

2019-05-09 14:38:57 - [TEST_STEP][NOT_RUN] - click(findTestObject("COLLECTION PAGE _OR/Chevron_OR/Page_Ontario Cannabis Store  Ontari/h3_Cannabis")): NOT_RUN: click(findTestObject("COLLECTION PAGE _OR/Chevron_OR/Page_Ontario Cannabis Store  Ontari/h3_Cannabis"))

2019-05-09 14:38:57 - [MESSAGE][NOT_RUN] - NOT_RUN: click(findTestObject("COLLECTION PAGE _OR/Chevron_OR/Page_Ontario Cannabis Store  Ontari/h3_Cannabis"))

2019-05-09 14:38:57 - [TEST_STEP][PASSED] - mouseOver(findTestObject("OCS_CRITICAL PATH/cart flyout- price/Page_Ontario Cannabis Store  Ontari/h3_Cannabis")): Object: 'Object Repository/OCS_CRITICAL PATH/cart flyout- price/Page_Ontario Cannabis Store  Ontari/h3_Cannabis' is hovered

2019-05-09 14:38:57 - [MESSAGE][PASSED] - Object: 'Object Repository/OCS_CRITICAL PATH/cart flyout- price/Page_Ontario Cannabis Store  Ontari/h3_Cannabis' is hovered

2019-05-09 14:38:57 - [TEST_STEP][PASSED] - delay(2): Delayed 2 second(s)

2019-05-09 14:38:59 - [MESSAGE][PASSED] - Delayed 2 second(s)

2019-05-09 14:38:59 - [TEST_STEP][PASSED] - click(findTestObject("COLLECTION PAGE _OR/Chevron_OR/Page_Ontario Cannabis Store  Ontari/span_Pre-Rolled")): Object: 'Object Repository/COLLECTION PAGE _OR/Chevron_OR/Page_Ontario Cannabis Store  Ontari/span_Pre-Rolled' is clicked on

2019-05-09 14:39:04 - [MESSAGE][PASSED] - Object: 'Object Repository/COLLECTION PAGE _OR/Chevron_OR/Page_Ontario Cannabis Store  Ontari/span_Pre-Rolled' is clicked on

2019-05-09 14:39:04 - [TEST_STEP][PASSED] - delay(2): Delayed 2 second(s)

2019-05-09 14:39:06 - [MESSAGE][PASSED] - Delayed 2 second(s)

2019-05-09 14:39:06 - [TEST_STEP][PASSED] - click(findTestObject("COLLECTION PAGE _OR/Chevron_OR/Page_Pre-Rolled  Ontario Cannabis S/i_Pre-Rolled_icon--forward")): Object: 'Object Repository/COLLECTION PAGE _OR/Chevron_OR/Page_Pre-Rolled  Ontario Cannabis S/i_Pre-Rolled_icon--forward' is clicked on

2019-05-09 14:39:06 - [MESSAGE][PASSED] - Object: 'Object Repository/COLLECTION PAGE _OR/Chevron_OR/Page_Pre-Rolled  Ontario Cannabis S/i_Pre-Rolled_icon--forward' is clicked on

2019-05-09 14:39:06 - [TEST_STEP][PASSED] - click(findTestObject("COLLECTION PAGE _OR/Chevron_OR/Page_Pre-Rolled  Ontario Cannabis S/a_Pre-Rolled")): Object: 'Object Repository/COLLECTION PAGE _OR/Chevron_OR/Page_Pre-Rolled  Ontario Cannabis S/a_Pre-Rolled' is clicked on

2019-05-09 14:39:11 - [MESSAGE][PASSED] - Object: 'Object Repository/COLLECTION PAGE _OR/Chevron_OR/Page_Pre-Rolled  Ontario Cannabis S/a_Pre-Rolled' is clicked on

2019-05-09 14:39:11 - [TEST_STEP][PASSED] - q = getWindowTitle(): Current window's title is: 'Pre-Rolled | Ontario Cannabis Store'

2019-05-09 14:39:11 - [MESSAGE][PASSED] - Current window's title is: 'Pre-Rolled | Ontario Cannabis Store'

2019-05-09 14:39:11 - [TEST_STEP][PASSED] - verifyMatch("", "", false): Actual text '' and expected text '' are matched 

2019-05-09 14:39:11 - [MESSAGE][PASSED] - Actual text '' and expected text '' are matched]]></system-out>
         <system-err><![CDATA[]]></system-err>
      </testcase>
      <testcase name="Test Cases/OCS-COLLECTION PAGE/Filter" classname="Test Cases/OCS-COLLECTION PAGE/Filter" status="PASSED">
         <system-out><![CDATA[2019-05-09 14:39:11 - [TEST_CASE][PASSED] - Test Cases/OCS-COLLECTION PAGE/Filter: Test Cases/OCS-COLLECTION PAGE/Filter

2019-05-09 14:39:11 - [TEST_STEP][PASSED] - openBrowser(""): Browser is opened with url: ''

2019-05-09 14:39:11 - [MESSAGE][WARNING] - A browser is already opened. Closing browser and opening a new one

2019-05-09 14:39:12 - [MESSAGE][INFO] - Starting 'Remote' driver

2019-05-09 14:39:12 - [MESSAGE][INFO] - User set preference: ['os', 'windows']

2019-05-09 14:39:12 - [MESSAGE][INFO] - User set preference: ['os_version', '10']

2019-05-09 14:39:12 - [MESSAGE][INFO] - User set preference: ['browser', 'Firefox']

2019-05-09 14:39:12 - [MESSAGE][INFO] - User set preference: ['browser_version', '65']

2019-05-09 14:39:12 - [MESSAGE][INFO] - User set preference: ['resolution', '1280x800']

2019-05-09 14:39:12 - [MESSAGE][INFO] - Connecting to remote web server 'https://dianatest3:Z3oqw9ysqTeRQJq5wFCp@hub-cloud.browserstack.com/wd/hub' with type 'Selenium'

2019-05-09 14:39:20 - [MESSAGE][PASSED] - Browser is opened with url: ''

2019-05-09 14:39:20 - [TEST_STEP][PASSED] - navigateToUrl("https://ocs.ca/?fts=0&preview_theme_id=53373863756"): Navigate to 'https://ocs.ca/?fts=0&preview_theme_id=53373863756' successfully

2019-05-09 14:39:26 - [MESSAGE][PASSED] - Navigate to 'https://ocs.ca/?fts=0&preview_theme_id=53373863756' successfully

2019-05-09 14:39:26 - [TEST_STEP][PASSED] - click(findTestObject("Object Repository/Theme_oR/Page_Ontario Cannabis Store  Ontari/button_Close preview")): Object: 'Object Repository/Theme_oR/Page_Ontario Cannabis Store  Ontari/button_Close preview' is clicked on

2019-05-09 14:39:28 - [MESSAGE][PASSED] - Object: 'Object Repository/Theme_oR/Page_Ontario Cannabis Store  Ontari/button_Close preview' is clicked on

2019-05-09 14:39:28 - [TEST_STEP][PASSED] - selectOptionByValue(findTestObject("Object Repository/COLLECTION PAGE _OR/Filter_OR/Page_Ontario Cannabis Store  Ontari/select_Select01020304050607080"), "17", true): All options with value '17' are selected in object 'Object Repository/COLLECTION PAGE _OR/Filter_OR/Page_Ontario Cannabis Store  Ontari/select_Select01020304050607080'  using regular expression

2019-05-09 14:39:36 - [MESSAGE][PASSED] - All options with value '17' are selected in object 'Object Repository/COLLECTION PAGE _OR/Filter_OR/Page_Ontario Cannabis Store  Ontari/select_Select01020304050607080'  using regular expression

2019-05-09 14:39:36 - [TEST_STEP][PASSED] - selectOptionByValue(findTestObject("Object Repository/COLLECTION PAGE _OR/Filter_OR/Page_Ontario Cannabis Store  Ontari/select_SelectJanuary - 01Febru"), "9", true): All options with value '9' are selected in object 'Object Repository/COLLECTION PAGE _OR/Filter_OR/Page_Ontario Cannabis Store  Ontari/select_SelectJanuary - 01Febru'  using regular expression

2019-05-09 14:39:41 - [MESSAGE][PASSED] - All options with value '9' are selected in object 'Object Repository/COLLECTION PAGE _OR/Filter_OR/Page_Ontario Cannabis Store  Ontari/select_SelectJanuary - 01Febru'  using regular expression

2019-05-09 14:39:41 - [TEST_STEP][PASSED] - selectOptionByValue(findTestObject("Object Repository/COLLECTION PAGE _OR/Filter_OR/Page_Ontario Cannabis Store  Ontari/select_Select20182017201620152"), "1949", true): All options with value '1949' are selected in object 'Object Repository/COLLECTION PAGE _OR/Filter_OR/Page_Ontario Cannabis Store  Ontari/select_Select20182017201620152'  using regular expression

2019-05-09 14:40:07 - [MESSAGE][PASSED] - All options with value '1949' are selected in object 'Object Repository/COLLECTION PAGE _OR/Filter_OR/Page_Ontario Cannabis Store  Ontari/select_Select20182017201620152'  using regular expression

2019-05-09 14:40:07 - [TEST_STEP][PASSED] - click(findTestObject("Object Repository/COLLECTION PAGE _OR/Filter_OR/Page_Ontario Cannabis Store  Ontari/button_Verify")): Object: 'Object Repository/COLLECTION PAGE _OR/Filter_OR/Page_Ontario Cannabis Store  Ontari/button_Verify' is clicked on

2019-05-09 14:40:07 - [MESSAGE][PASSED] - Object: 'Object Repository/COLLECTION PAGE _OR/Filter_OR/Page_Ontario Cannabis Store  Ontari/button_Verify' is clicked on

2019-05-09 14:40:07 - [TEST_STEP][PASSED] - click(findTestObject("Object Repository/COLLECTION PAGE _OR/Filter_OR/Page_Ontario Cannabis Store  Ontari/span_CONFIRM AND ACKNOWLEDGE_c")): Object: 'Object Repository/COLLECTION PAGE _OR/Filter_OR/Page_Ontario Cannabis Store  Ontari/span_CONFIRM AND ACKNOWLEDGE_c' is clicked on

2019-05-09 14:40:08 - [MESSAGE][PASSED] - Object: 'Object Repository/COLLECTION PAGE _OR/Filter_OR/Page_Ontario Cannabis Store  Ontari/span_CONFIRM AND ACKNOWLEDGE_c' is clicked on

2019-05-09 14:40:08 - [TEST_STEP][PASSED] - click(findTestObject("Object Repository/COLLECTION PAGE _OR/Filter_OR/Page_Ontario Cannabis Store  Ontari/button_CONFIRM")): Object: 'Object Repository/COLLECTION PAGE _OR/Filter_OR/Page_Ontario Cannabis Store  Ontari/button_CONFIRM' is clicked on

2019-05-09 14:40:09 - [MESSAGE][PASSED] - Object: 'Object Repository/COLLECTION PAGE _OR/Filter_OR/Page_Ontario Cannabis Store  Ontari/button_CONFIRM' is clicked on

2019-05-09 14:40:09 - [TEST_STEP][PASSED] - click(findTestObject("Object Repository/COLLECTION PAGE _OR/Filter_OR/Page_Ontario Cannabis Store  Ontari/button_Start Browsing")): Object: 'Object Repository/COLLECTION PAGE _OR/Filter_OR/Page_Ontario Cannabis Store  Ontari/button_Start Browsing' is clicked on

2019-05-09 14:40:10 - [MESSAGE][PASSED] - Object: 'Object Repository/COLLECTION PAGE _OR/Filter_OR/Page_Ontario Cannabis Store  Ontari/button_Start Browsing' is clicked on

2019-05-09 14:40:10 - [TEST_STEP][NOT_RUN] - click(findTestObject("COLLECTION PAGE _OR/Filter_OR/Page_Ontario Cannabis Store  Ontari/h3_Cannabis")): NOT_RUN: click(findTestObject("COLLECTION PAGE _OR/Filter_OR/Page_Ontario Cannabis Store  Ontari/h3_Cannabis"))

2019-05-09 14:40:10 - [MESSAGE][NOT_RUN] - NOT_RUN: click(findTestObject("COLLECTION PAGE _OR/Filter_OR/Page_Ontario Cannabis Store  Ontari/h3_Cannabis"))

2019-05-09 14:40:10 - [TEST_STEP][PASSED] - mouseOver(findTestObject("OCS_CRITICAL PATH/cart flyout- price/Page_Ontario Cannabis Store  Ontari/h3_Cannabis")): Object: 'Object Repository/OCS_CRITICAL PATH/cart flyout- price/Page_Ontario Cannabis Store  Ontari/h3_Cannabis' is hovered

2019-05-09 14:40:10 - [MESSAGE][PASSED] - Object: 'Object Repository/OCS_CRITICAL PATH/cart flyout- price/Page_Ontario Cannabis Store  Ontari/h3_Cannabis' is hovered

2019-05-09 14:40:10 - [TEST_STEP][PASSED] - delay(2): Delayed 2 second(s)

2019-05-09 14:40:12 - [MESSAGE][PASSED] - Delayed 2 second(s)

2019-05-09 14:40:12 - [TEST_STEP][PASSED] - click(findTestObject("Object Repository/COLLECTION PAGE _OR/Filter_OR/Page_Ontario Cannabis Store  Ontari/span_Pre-Rolled")): Object: 'Object Repository/COLLECTION PAGE _OR/Filter_OR/Page_Ontario Cannabis Store  Ontari/span_Pre-Rolled' is clicked on

2019-05-09 14:40:17 - [MESSAGE][PASSED] - Object: 'Object Repository/COLLECTION PAGE _OR/Filter_OR/Page_Ontario Cannabis Store  Ontari/span_Pre-Rolled' is clicked on

2019-05-09 14:40:17 - [TEST_STEP][PASSED] - delay(2): Delayed 2 second(s)

2019-05-09 14:40:19 - [MESSAGE][PASSED] - Delayed 2 second(s)

2019-05-09 14:40:19 - [TEST_STEP][PASSED] - click(findTestObject("Object Repository/COLLECTION PAGE _OR/Filter_OR/Page_Pre-Rolled  Ontario Cannabis S/i_CBD  High to Low_icon--filte")): Object: 'Object Repository/COLLECTION PAGE _OR/Filter_OR/Page_Pre-Rolled  Ontario Cannabis S/i_CBD  High to Low_icon--filte' is clicked on

2019-05-09 14:40:20 - [MESSAGE][PASSED] - Object: 'Object Repository/COLLECTION PAGE _OR/Filter_OR/Page_Pre-Rolled  Ontario Cannabis S/i_CBD  High to Low_icon--filte' is clicked on

2019-05-09 14:40:20 - [TEST_STEP][PASSED] - delay(2): Delayed 2 second(s)

2019-05-09 14:40:22 - [MESSAGE][PASSED] - Delayed 2 second(s)

2019-05-09 14:40:22 - [TEST_STEP][PASSED] - click(findTestObject("Object Repository/COLLECTION PAGE _OR/Filter_OR/Page_Pre-Rolled  Ontario Cannabis S/i_THC  CBD_collection-thc-tool")): Object: 'Object Repository/COLLECTION PAGE _OR/Filter_OR/Page_Pre-Rolled  Ontario Cannabis S/i_THC  CBD_collection-thc-tool' is clicked on

2019-05-09 14:40:23 - [MESSAGE][PASSED] - Object: 'Object Repository/COLLECTION PAGE _OR/Filter_OR/Page_Pre-Rolled  Ontario Cannabis S/i_THC  CBD_collection-thc-tool' is clicked on

2019-05-09 14:40:23 - [TEST_STEP][PASSED] - delay(4): Delayed 4 second(s)

2019-05-09 14:40:27 - [MESSAGE][PASSED] - Delayed 4 second(s)

2019-05-09 14:40:27 - [TEST_STEP][PASSED] - click(findTestObject("COLLECTION PAGE _OR/Filter_OR/Page_Pre-Rolled  Ontario Cannabis S/i_Plant Type_collection-plant-")): Object: 'Object Repository/COLLECTION PAGE _OR/Filter_OR/Page_Pre-Rolled  Ontario Cannabis S/i_Plant Type_collection-plant-' is clicked on

2019-05-09 14:40:27 - [MESSAGE][PASSED] - Object: 'Object Repository/COLLECTION PAGE _OR/Filter_OR/Page_Pre-Rolled  Ontario Cannabis S/i_Plant Type_collection-plant-' is clicked on

2019-05-09 14:40:27 - [TEST_STEP][PASSED] - delay(2): Delayed 2 second(s)

2019-05-09 14:40:29 - [MESSAGE][PASSED] - Delayed 2 second(s)

2019-05-09 14:40:29 - [TEST_STEP][PASSED] - click(findTestObject("Object Repository/COLLECTION PAGE _OR/Filter_OR/Page_Pre-Rolled  Ontario Cannabis S/i_Brand_collection-vendor-tool")): Object: 'Object Repository/COLLECTION PAGE _OR/Filter_OR/Page_Pre-Rolled  Ontario Cannabis S/i_Brand_collection-vendor-tool' is clicked on

2019-05-09 14:40:30 - [MESSAGE][PASSED] - Object: 'Object Repository/COLLECTION PAGE _OR/Filter_OR/Page_Pre-Rolled  Ontario Cannabis S/i_Brand_collection-vendor-tool' is clicked on

2019-05-09 14:40:30 - [TEST_STEP][PASSED] - delay(4): Delayed 4 second(s)

2019-05-09 14:40:34 - [MESSAGE][PASSED] - Delayed 4 second(s)

2019-05-09 14:40:34 - [TEST_STEP][PASSED] - click(findTestObject("COLLECTION PAGE _OR/Filter_OR/Page_Pre-Rolled  Ontario Cannabis S/i_Terpenes_collection-terpenes")): Object: 'Object Repository/COLLECTION PAGE _OR/Filter_OR/Page_Pre-Rolled  Ontario Cannabis S/i_Terpenes_collection-terpenes' is clicked on

2019-05-09 14:40:35 - [MESSAGE][PASSED] - Object: 'Object Repository/COLLECTION PAGE _OR/Filter_OR/Page_Pre-Rolled  Ontario Cannabis S/i_Terpenes_collection-terpenes' is clicked on

2019-05-09 14:40:35 - [TEST_STEP][PASSED] - delay(2): Delayed 2 second(s)

2019-05-09 14:40:37 - [MESSAGE][PASSED] - Delayed 2 second(s)

2019-05-09 14:40:37 - [TEST_STEP][PASSED] - click(findTestObject("Object Repository/COLLECTION PAGE _OR/Filter_OR/Page_Pre-Rolled  Ontario Cannabis S/i_THC  CBD_icon icon--plus")): Object: 'Object Repository/COLLECTION PAGE _OR/Filter_OR/Page_Pre-Rolled  Ontario Cannabis S/i_THC  CBD_icon icon--plus' is clicked on

2019-05-09 14:40:37 - [MESSAGE][PASSED] - Object: 'Object Repository/COLLECTION PAGE _OR/Filter_OR/Page_Pre-Rolled  Ontario Cannabis S/i_THC  CBD_icon icon--plus' is clicked on

2019-05-09 14:40:37 - [TEST_STEP][PASSED] - delay(2): Delayed 2 second(s)

2019-05-09 14:40:39 - [MESSAGE][PASSED] - Delayed 2 second(s)

2019-05-09 14:40:39 - [TEST_STEP][PASSED] - click(findTestObject("Object Repository/COLLECTION PAGE _OR/Filter_OR/Page_Pre-Rolled  Ontario Cannabis S/div_18.00")): Object: 'Object Repository/COLLECTION PAGE _OR/Filter_OR/Page_Pre-Rolled  Ontario Cannabis S/div_18.00' is clicked on

2019-05-09 14:40:40 - [MESSAGE][PASSED] - Object: 'Object Repository/COLLECTION PAGE _OR/Filter_OR/Page_Pre-Rolled  Ontario Cannabis S/div_18.00' is clicked on

2019-05-09 14:40:40 - [TEST_STEP][PASSED] - delay(2): Delayed 2 second(s)

2019-05-09 14:40:42 - [MESSAGE][PASSED] - Delayed 2 second(s)

2019-05-09 14:40:42 - [TEST_STEP][PASSED] - click(findTestObject("Object Repository/COLLECTION PAGE _OR/Filter_OR/Page_Pre-Rolled  Ontario Cannabis S/div_25.00")): Object: 'Object Repository/COLLECTION PAGE _OR/Filter_OR/Page_Pre-Rolled  Ontario Cannabis S/div_25.00' is clicked on

2019-05-09 14:40:43 - [MESSAGE][PASSED] - Object: 'Object Repository/COLLECTION PAGE _OR/Filter_OR/Page_Pre-Rolled  Ontario Cannabis S/div_25.00' is clicked on

2019-05-09 14:40:43 - [TEST_STEP][PASSED] - delay(2): Delayed 2 second(s)

2019-05-09 14:40:45 - [MESSAGE][PASSED] - Delayed 2 second(s)

2019-05-09 14:40:45 - [TEST_STEP][PASSED] - click(findTestObject("Object Repository/COLLECTION PAGE _OR/Filter_OR/Page_Pre-Rolled  Ontario Cannabis S/div_14.00")): Object: 'Object Repository/COLLECTION PAGE _OR/Filter_OR/Page_Pre-Rolled  Ontario Cannabis S/div_14.00' is clicked on

2019-05-09 14:40:45 - [MESSAGE][PASSED] - Object: 'Object Repository/COLLECTION PAGE _OR/Filter_OR/Page_Pre-Rolled  Ontario Cannabis S/div_14.00' is clicked on

2019-05-09 14:40:45 - [TEST_STEP][PASSED] - delay(2): Delayed 2 second(s)

2019-05-09 14:40:47 - [MESSAGE][PASSED] - Delayed 2 second(s)

2019-05-09 14:40:47 - [TEST_STEP][PASSED] - click(findTestObject("Object Repository/COLLECTION PAGE _OR/Filter_OR/Page_Pre-Rolled  Ontario Cannabis S/div_19.00")): Object: 'Object Repository/COLLECTION PAGE _OR/Filter_OR/Page_Pre-Rolled  Ontario Cannabis S/div_19.00' is clicked on

2019-05-09 14:40:50 - [MESSAGE][PASSED] - Object: 'Object Repository/COLLECTION PAGE _OR/Filter_OR/Page_Pre-Rolled  Ontario Cannabis S/div_19.00' is clicked on

2019-05-09 14:40:50 - [TEST_STEP][PASSED] - delay(2): Delayed 2 second(s)

2019-05-09 14:40:52 - [MESSAGE][PASSED] - Delayed 2 second(s)

2019-05-09 14:40:52 - [TEST_STEP][PASSED] - click(findTestObject("Object Repository/COLLECTION PAGE _OR/Filter_OR/Page_Pre-Rolled  Ontario Cannabis S/a_Learn More About THC  CBD")): Object: 'Object Repository/COLLECTION PAGE _OR/Filter_OR/Page_Pre-Rolled  Ontario Cannabis S/a_Learn More About THC  CBD' is clicked on

2019-05-09 14:40:57 - [MESSAGE][PASSED] - Object: 'Object Repository/COLLECTION PAGE _OR/Filter_OR/Page_Pre-Rolled  Ontario Cannabis S/a_Learn More About THC  CBD' is clicked on

2019-05-09 14:40:57 - [TEST_STEP][PASSED] - delay(2): Delayed 2 second(s)

2019-05-09 14:40:59 - [MESSAGE][PASSED] - Delayed 2 second(s)

2019-05-09 14:40:59 - [TEST_STEP][PASSED] - back(): Navigate back successfully

2019-05-09 14:41:02 - [MESSAGE][PASSED] - Navigate back successfully

2019-05-09 14:41:02 - [TEST_STEP][PASSED] - click(findTestObject("Object Repository/COLLECTION PAGE _OR/Filter_OR/Page_Pre-Rolled  Ontario Cannabis S/i_CBD  High to Low_icon--filte")): Object: 'Object Repository/COLLECTION PAGE _OR/Filter_OR/Page_Pre-Rolled  Ontario Cannabis S/i_CBD  High to Low_icon--filte' is clicked on

2019-05-09 14:41:03 - [MESSAGE][PASSED] - Object: 'Object Repository/COLLECTION PAGE _OR/Filter_OR/Page_Pre-Rolled  Ontario Cannabis S/i_CBD  High to Low_icon--filte' is clicked on

2019-05-09 14:41:03 - [TEST_STEP][PASSED] - delay(2): Delayed 2 second(s)

2019-05-09 14:41:05 - [MESSAGE][PASSED] - Delayed 2 second(s)

2019-05-09 14:41:05 - [TEST_STEP][NOT_RUN] - click(findTestObject("Object Repository/COLLECTION PAGE _OR/Filter_OR/Page_Pre-Rolled  Ontario Cannabis S/i_CBD  High to Low_icon--filte")): NOT_RUN: click(findTestObject("Object Repository/COLLECTION PAGE _OR/Filter_OR/Page_Pre-Rolled  Ontario Cannabis S/i_CBD  High to Low_icon--filte"))

2019-05-09 14:41:05 - [MESSAGE][NOT_RUN] - NOT_RUN: click(findTestObject("Object Repository/COLLECTION PAGE _OR/Filter_OR/Page_Pre-Rolled  Ontario Cannabis S/i_CBD  High to Low_icon--filte"))

2019-05-09 14:41:05 - [TEST_STEP][NOT_RUN] - delay(2): NOT_RUN: delay(2)

2019-05-09 14:41:05 - [MESSAGE][NOT_RUN] - NOT_RUN: delay(2)

2019-05-09 14:41:05 - [TEST_STEP][PASSED] - click(findTestObject("Object Repository/COLLECTION PAGE _OR/Filter_OR/Page_Pre-Rolled  Ontario Cannabis S/i_Plant Type_icon icon--plus")): Object: 'Object Repository/COLLECTION PAGE _OR/Filter_OR/Page_Pre-Rolled  Ontario Cannabis S/i_Plant Type_icon icon--plus' is clicked on

2019-05-09 14:41:07 - [MESSAGE][PASSED] - Object: 'Object Repository/COLLECTION PAGE _OR/Filter_OR/Page_Pre-Rolled  Ontario Cannabis S/i_Plant Type_icon icon--plus' is clicked on

2019-05-09 14:41:07 - [TEST_STEP][PASSED] - delay(2): Delayed 2 second(s)

2019-05-09 14:41:09 - [MESSAGE][PASSED] - Delayed 2 second(s)

2019-05-09 14:41:09 - [TEST_STEP][PASSED] - click(findTestObject("Object Repository/COLLECTION PAGE _OR/Filter_OR/Page_Pre-Rolled  Ontario Cannabis S/label_Indica Dominant")): Object: 'Object Repository/COLLECTION PAGE _OR/Filter_OR/Page_Pre-Rolled  Ontario Cannabis S/label_Indica Dominant' is clicked on

2019-05-09 14:41:09 - [MESSAGE][PASSED] - Object: 'Object Repository/COLLECTION PAGE _OR/Filter_OR/Page_Pre-Rolled  Ontario Cannabis S/label_Indica Dominant' is clicked on

2019-05-09 14:41:09 - [TEST_STEP][PASSED] - delay(2): Delayed 2 second(s)

2019-05-09 14:41:11 - [MESSAGE][PASSED] - Delayed 2 second(s)

2019-05-09 14:41:11 - [TEST_STEP][PASSED] - click(findTestObject("Object Repository/COLLECTION PAGE _OR/Filter_OR/Page_Pre-Rolled  Ontario Cannabis S/label_Sativa Dominant")): Object: 'Object Repository/COLLECTION PAGE _OR/Filter_OR/Page_Pre-Rolled  Ontario Cannabis S/label_Sativa Dominant' is clicked on

2019-05-09 14:41:12 - [MESSAGE][PASSED] - Object: 'Object Repository/COLLECTION PAGE _OR/Filter_OR/Page_Pre-Rolled  Ontario Cannabis S/label_Sativa Dominant' is clicked on

2019-05-09 14:41:12 - [TEST_STEP][PASSED] - delay(2): Delayed 2 second(s)

2019-05-09 14:41:14 - [MESSAGE][PASSED] - Delayed 2 second(s)

2019-05-09 14:41:14 - [TEST_STEP][PASSED] - click(findTestObject("Object Repository/COLLECTION PAGE _OR/Filter_OR/Page_Pre-Rolled  Ontario Cannabis S/label_Hybrid")): Object: 'Object Repository/COLLECTION PAGE _OR/Filter_OR/Page_Pre-Rolled  Ontario Cannabis S/label_Hybrid' is clicked on

2019-05-09 14:41:14 - [MESSAGE][PASSED] - Object: 'Object Repository/COLLECTION PAGE _OR/Filter_OR/Page_Pre-Rolled  Ontario Cannabis S/label_Hybrid' is clicked on

2019-05-09 14:41:14 - [TEST_STEP][PASSED] - delay(2): Delayed 2 second(s)

2019-05-09 14:41:16 - [MESSAGE][PASSED] - Delayed 2 second(s)

2019-05-09 14:41:16 - [TEST_STEP][PASSED] - click(findTestObject("Object Repository/COLLECTION PAGE _OR/Filter_OR/Page_Pre-Rolled  Ontario Cannabis S/label_Blend")): Object: 'Object Repository/COLLECTION PAGE _OR/Filter_OR/Page_Pre-Rolled  Ontario Cannabis S/label_Blend' is clicked on

2019-05-09 14:41:18 - [MESSAGE][PASSED] - Object: 'Object Repository/COLLECTION PAGE _OR/Filter_OR/Page_Pre-Rolled  Ontario Cannabis S/label_Blend' is clicked on

2019-05-09 14:41:18 - [TEST_STEP][PASSED] - delay(2): Delayed 2 second(s)

2019-05-09 14:41:20 - [MESSAGE][PASSED] - Delayed 2 second(s)

2019-05-09 14:41:20 - [TEST_STEP][PASSED] - click(findTestObject("Object Repository/COLLECTION PAGE _OR/Filter_OR/Page_Pre-Rolled  Ontario Cannabis S/a_Learn More About Plant Type")): Object: 'Object Repository/COLLECTION PAGE _OR/Filter_OR/Page_Pre-Rolled  Ontario Cannabis S/a_Learn More About Plant Type' is clicked on

2019-05-09 14:41:25 - [MESSAGE][PASSED] - Object: 'Object Repository/COLLECTION PAGE _OR/Filter_OR/Page_Pre-Rolled  Ontario Cannabis S/a_Learn More About Plant Type' is clicked on

2019-05-09 14:41:25 - [TEST_STEP][PASSED] - delay(2): Delayed 2 second(s)

2019-05-09 14:41:27 - [MESSAGE][PASSED] - Delayed 2 second(s)

2019-05-09 14:41:27 - [TEST_STEP][PASSED] - back(): Navigate back successfully

2019-05-09 14:41:31 - [MESSAGE][PASSED] - Navigate back successfully

2019-05-09 14:41:31 - [TEST_STEP][PASSED] - click(findTestObject("Object Repository/COLLECTION PAGE _OR/Filter_OR/Page_Pre-Rolled  Ontario Cannabis S/i_CBD  High to Low_icon--filte")): Object: 'Object Repository/COLLECTION PAGE _OR/Filter_OR/Page_Pre-Rolled  Ontario Cannabis S/i_CBD  High to Low_icon--filte' is clicked on

2019-05-09 14:41:32 - [MESSAGE][PASSED] - Object: 'Object Repository/COLLECTION PAGE _OR/Filter_OR/Page_Pre-Rolled  Ontario Cannabis S/i_CBD  High to Low_icon--filte' is clicked on

2019-05-09 14:41:32 - [TEST_STEP][PASSED] - delay(2): Delayed 2 second(s)

2019-05-09 14:41:34 - [MESSAGE][PASSED] - Delayed 2 second(s)

2019-05-09 14:41:34 - [TEST_STEP][PASSED] - click(findTestObject("Object Repository/COLLECTION PAGE _OR/Filter_OR/Page_Pre-Rolled  Ontario Cannabis S/i_Brand_icon icon--plus")): Object: 'Object Repository/COLLECTION PAGE _OR/Filter_OR/Page_Pre-Rolled  Ontario Cannabis S/i_Brand_icon icon--plus' is clicked on

2019-05-09 14:41:35 - [MESSAGE][PASSED] - Object: 'Object Repository/COLLECTION PAGE _OR/Filter_OR/Page_Pre-Rolled  Ontario Cannabis S/i_Brand_icon icon--plus' is clicked on

2019-05-09 14:41:35 - [TEST_STEP][PASSED] - delay(2): Delayed 2 second(s)

2019-05-09 14:41:37 - [MESSAGE][PASSED] - Delayed 2 second(s)

2019-05-09 14:41:37 - [TEST_STEP][PASSED] - click(findTestObject("Object Repository/COLLECTION PAGE _OR/Filter_OR/Page_Pre-Rolled  Ontario Cannabis S/span_Ace Valley")): Object: 'Object Repository/COLLECTION PAGE _OR/Filter_OR/Page_Pre-Rolled  Ontario Cannabis S/span_Ace Valley' is clicked on

2019-05-09 14:41:38 - [MESSAGE][PASSED] - Object: 'Object Repository/COLLECTION PAGE _OR/Filter_OR/Page_Pre-Rolled  Ontario Cannabis S/span_Ace Valley' is clicked on

2019-05-09 14:41:38 - [TEST_STEP][PASSED] - delay(2): Delayed 2 second(s)

2019-05-09 14:41:40 - [MESSAGE][PASSED] - Delayed 2 second(s)

2019-05-09 14:41:40 - [TEST_STEP][PASSED] - click(findTestObject("Object Repository/COLLECTION PAGE _OR/Filter_OR/Page_Pre-Rolled  Ontario Cannabis S/span_Canaca")): Object: 'Object Repository/COLLECTION PAGE _OR/Filter_OR/Page_Pre-Rolled  Ontario Cannabis S/span_Canaca' is clicked on

2019-05-09 14:41:40 - [MESSAGE][PASSED] - Object: 'Object Repository/COLLECTION PAGE _OR/Filter_OR/Page_Pre-Rolled  Ontario Cannabis S/span_Canaca' is clicked on

2019-05-09 14:41:40 - [TEST_STEP][PASSED] - delay(2): Delayed 2 second(s)

2019-05-09 14:41:42 - [MESSAGE][PASSED] - Delayed 2 second(s)

2019-05-09 14:41:42 - [TEST_STEP][PASSED] - click(findTestObject("Object Repository/COLLECTION PAGE _OR/Filter_OR/Page_Pre-Rolled  Ontario Cannabis S/span_Cove")): Object: 'Object Repository/COLLECTION PAGE _OR/Filter_OR/Page_Pre-Rolled  Ontario Cannabis S/span_Cove' is clicked on

2019-05-09 14:41:43 - [MESSAGE][PASSED] - Object: 'Object Repository/COLLECTION PAGE _OR/Filter_OR/Page_Pre-Rolled  Ontario Cannabis S/span_Cove' is clicked on

2019-05-09 14:41:43 - [TEST_STEP][PASSED] - delay(2): Delayed 2 second(s)

2019-05-09 14:41:45 - [MESSAGE][PASSED] - Delayed 2 second(s)

2019-05-09 14:41:45 - [TEST_STEP][PASSED] - click(findTestObject("Object Repository/COLLECTION PAGE _OR/Filter_OR/Page_Pre-Rolled  Ontario Cannabis S/span_Emerald")): Object: 'Object Repository/COLLECTION PAGE _OR/Filter_OR/Page_Pre-Rolled  Ontario Cannabis S/span_Emerald' is clicked on

2019-05-09 14:41:46 - [MESSAGE][PASSED] - Object: 'Object Repository/COLLECTION PAGE _OR/Filter_OR/Page_Pre-Rolled  Ontario Cannabis S/span_Emerald' is clicked on

2019-05-09 14:41:46 - [TEST_STEP][PASSED] - delay(2): Delayed 2 second(s)

2019-05-09 14:41:48 - [MESSAGE][PASSED] - Delayed 2 second(s)

2019-05-09 14:41:48 - [TEST_STEP][PASSED] - click(findTestObject("Object Repository/COLLECTION PAGE _OR/Filter_OR/Page_Pre-Rolled  Ontario Cannabis S/span_Gage Cannabis Co.")): Object: 'Object Repository/COLLECTION PAGE _OR/Filter_OR/Page_Pre-Rolled  Ontario Cannabis S/span_Gage Cannabis Co.' is clicked on

2019-05-09 14:41:48 - [MESSAGE][PASSED] - Object: 'Object Repository/COLLECTION PAGE _OR/Filter_OR/Page_Pre-Rolled  Ontario Cannabis S/span_Gage Cannabis Co.' is clicked on

2019-05-09 14:41:48 - [TEST_STEP][PASSED] - delay(2): Delayed 2 second(s)

2019-05-09 14:41:50 - [MESSAGE][PASSED] - Delayed 2 second(s)

2019-05-09 14:41:50 - [TEST_STEP][PASSED] - click(findTestObject("Object Repository/COLLECTION PAGE _OR/Filter_OR/Page_Pre-Rolled  Ontario Cannabis S/span_INDIVA")): Object: 'Object Repository/COLLECTION PAGE _OR/Filter_OR/Page_Pre-Rolled  Ontario Cannabis S/span_INDIVA' is clicked on

2019-05-09 14:41:53 - [MESSAGE][PASSED] - Object: 'Object Repository/COLLECTION PAGE _OR/Filter_OR/Page_Pre-Rolled  Ontario Cannabis S/span_INDIVA' is clicked on

2019-05-09 14:41:53 - [TEST_STEP][PASSED] - delay(2): Delayed 2 second(s)

2019-05-09 14:41:55 - [MESSAGE][PASSED] - Delayed 2 second(s)

2019-05-09 14:41:55 - [TEST_STEP][PASSED] - click(findTestObject("Object Repository/COLLECTION PAGE _OR/Filter_OR/Page_Pre-Rolled  Ontario Cannabis S/span_RIFF")): Object: 'Object Repository/COLLECTION PAGE _OR/Filter_OR/Page_Pre-Rolled  Ontario Cannabis S/span_RIFF' is clicked on

2019-05-09 14:41:56 - [MESSAGE][PASSED] - Object: 'Object Repository/COLLECTION PAGE _OR/Filter_OR/Page_Pre-Rolled  Ontario Cannabis S/span_RIFF' is clicked on

2019-05-09 14:41:56 - [TEST_STEP][PASSED] - delay(2): Delayed 2 second(s)

2019-05-09 14:41:58 - [MESSAGE][PASSED] - Delayed 2 second(s)

2019-05-09 14:41:58 - [TEST_STEP][PASSED] - click(findTestObject("Object Repository/COLLECTION PAGE _OR/Filter_OR/Page_Pre-Rolled  Ontario Cannabis S/span_Seven Oaks")): Object: 'Object Repository/COLLECTION PAGE _OR/Filter_OR/Page_Pre-Rolled  Ontario Cannabis S/span_Seven Oaks' is clicked on

2019-05-09 14:41:59 - [MESSAGE][PASSED] - Object: 'Object Repository/COLLECTION PAGE _OR/Filter_OR/Page_Pre-Rolled  Ontario Cannabis S/span_Seven Oaks' is clicked on

2019-05-09 14:41:59 - [TEST_STEP][PASSED] - delay(2): Delayed 2 second(s)

2019-05-09 14:42:01 - [MESSAGE][PASSED] - Delayed 2 second(s)

2019-05-09 14:42:01 - [TEST_STEP][PASSED] - click(findTestObject("Object Repository/COLLECTION PAGE _OR/Filter_OR/Page_Pre-Rolled  Ontario Cannabis S/label_Synr.g")): Object: 'Object Repository/COLLECTION PAGE _OR/Filter_OR/Page_Pre-Rolled  Ontario Cannabis S/label_Synr.g' is clicked on

2019-05-09 14:42:02 - [MESSAGE][PASSED] - Object: 'Object Repository/COLLECTION PAGE _OR/Filter_OR/Page_Pre-Rolled  Ontario Cannabis S/label_Synr.g' is clicked on

2019-05-09 14:42:02 - [TEST_STEP][PASSED] - delay(2): Delayed 2 second(s)

2019-05-09 14:42:04 - [MESSAGE][PASSED] - Delayed 2 second(s)

2019-05-09 14:42:04 - [TEST_STEP][PASSED] - click(findTestObject("Object Repository/COLLECTION PAGE _OR/Filter_OR/Page_Pre-Rolled  Ontario Cannabis S/span_Trailblazer")): Object: 'Object Repository/COLLECTION PAGE _OR/Filter_OR/Page_Pre-Rolled  Ontario Cannabis S/span_Trailblazer' is clicked on

2019-05-09 14:42:05 - [MESSAGE][PASSED] - Object: 'Object Repository/COLLECTION PAGE _OR/Filter_OR/Page_Pre-Rolled  Ontario Cannabis S/span_Trailblazer' is clicked on

2019-05-09 14:42:05 - [TEST_STEP][PASSED] - delay(2): Delayed 2 second(s)

2019-05-09 14:42:07 - [MESSAGE][PASSED] - Delayed 2 second(s)

2019-05-09 14:42:07 - [TEST_STEP][PASSED] - click(findTestObject("Object Repository/COLLECTION PAGE _OR/Filter_OR/Page_Pre-Rolled  Ontario Cannabis S/span_Xscape")): Object: 'Object Repository/COLLECTION PAGE _OR/Filter_OR/Page_Pre-Rolled  Ontario Cannabis S/span_Xscape' is clicked on

2019-05-09 14:42:07 - [MESSAGE][PASSED] - Object: 'Object Repository/COLLECTION PAGE _OR/Filter_OR/Page_Pre-Rolled  Ontario Cannabis S/span_Xscape' is clicked on

2019-05-09 14:42:07 - [TEST_STEP][PASSED] - delay(2): Delayed 2 second(s)

2019-05-09 14:42:09 - [MESSAGE][PASSED] - Delayed 2 second(s)

2019-05-09 14:42:09 - [TEST_STEP][PASSED] - click(findTestObject("Object Repository/COLLECTION PAGE _OR/Filter_OR/Page_Pre-Rolled  Ontario Cannabis S/span_Aurora")): Object: 'Object Repository/COLLECTION PAGE _OR/Filter_OR/Page_Pre-Rolled  Ontario Cannabis S/span_Aurora' is clicked on

2019-05-09 14:42:10 - [MESSAGE][PASSED] - Object: 'Object Repository/COLLECTION PAGE _OR/Filter_OR/Page_Pre-Rolled  Ontario Cannabis S/span_Aurora' is clicked on

2019-05-09 14:42:10 - [TEST_STEP][PASSED] - click(findTestObject("Object Repository/COLLECTION PAGE _OR/Filter_OR/Page_Pre-Rolled  Ontario Cannabis S/span_Canna Farms")): Object: 'Object Repository/COLLECTION PAGE _OR/Filter_OR/Page_Pre-Rolled  Ontario Cannabis S/span_Canna Farms' is clicked on

2019-05-09 14:42:13 - [MESSAGE][PASSED] - Object: 'Object Repository/COLLECTION PAGE _OR/Filter_OR/Page_Pre-Rolled  Ontario Cannabis S/span_Canna Farms' is clicked on

2019-05-09 14:42:13 - [TEST_STEP][PASSED] - click(findTestObject("Object Repository/COLLECTION PAGE _OR/Filter_OR/Page_Pre-Rolled  Ontario Cannabis S/span_Edison")): Object: 'Object Repository/COLLECTION PAGE _OR/Filter_OR/Page_Pre-Rolled  Ontario Cannabis S/span_Edison' is clicked on

2019-05-09 14:42:14 - [MESSAGE][PASSED] - Object: 'Object Repository/COLLECTION PAGE _OR/Filter_OR/Page_Pre-Rolled  Ontario Cannabis S/span_Edison' is clicked on

2019-05-09 14:42:14 - [TEST_STEP][PASSED] - click(findTestObject("Object Repository/COLLECTION PAGE _OR/Filter_OR/Page_Pre-Rolled  Ontario Cannabis S/label_Flowr")): Object: 'Object Repository/COLLECTION PAGE _OR/Filter_OR/Page_Pre-Rolled  Ontario Cannabis S/label_Flowr' is clicked on

2019-05-09 14:42:15 - [MESSAGE][PASSED] - Object: 'Object Repository/COLLECTION PAGE _OR/Filter_OR/Page_Pre-Rolled  Ontario Cannabis S/label_Flowr' is clicked on

2019-05-09 14:42:15 - [TEST_STEP][PASSED] - click(findTestObject("Object Repository/COLLECTION PAGE _OR/Filter_OR/Page_Pre-Rolled  Ontario Cannabis S/label_Haven St.")): Object: 'Object Repository/COLLECTION PAGE _OR/Filter_OR/Page_Pre-Rolled  Ontario Cannabis S/label_Haven St.' is clicked on

2019-05-09 14:42:16 - [MESSAGE][PASSED] - Object: 'Object Repository/COLLECTION PAGE _OR/Filter_OR/Page_Pre-Rolled  Ontario Cannabis S/label_Haven St.' is clicked on

2019-05-09 14:42:16 - [TEST_STEP][PASSED] - click(findTestObject("Object Repository/COLLECTION PAGE _OR/Filter_OR/Page_Pre-Rolled  Ontario Cannabis S/span_liiv")): Object: 'Object Repository/COLLECTION PAGE _OR/Filter_OR/Page_Pre-Rolled  Ontario Cannabis S/span_liiv' is clicked on

2019-05-09 14:42:17 - [MESSAGE][PASSED] - Object: 'Object Repository/COLLECTION PAGE _OR/Filter_OR/Page_Pre-Rolled  Ontario Cannabis S/span_liiv' is clicked on

2019-05-09 14:42:17 - [TEST_STEP][PASSED] - click(findTestObject("Object Repository/COLLECTION PAGE _OR/Filter_OR/Page_Pre-Rolled  Ontario Cannabis S/span_Saturday")): Object: 'Object Repository/COLLECTION PAGE _OR/Filter_OR/Page_Pre-Rolled  Ontario Cannabis S/span_Saturday' is clicked on

2019-05-09 14:42:17 - [MESSAGE][PASSED] - Object: 'Object Repository/COLLECTION PAGE _OR/Filter_OR/Page_Pre-Rolled  Ontario Cannabis S/span_Saturday' is clicked on

2019-05-09 14:42:17 - [TEST_STEP][PASSED] - click(findTestObject("Object Repository/COLLECTION PAGE _OR/Filter_OR/Page_Pre-Rolled  Ontario Cannabis S/span_Spinach")): Object: 'Object Repository/COLLECTION PAGE _OR/Filter_OR/Page_Pre-Rolled  Ontario Cannabis S/span_Spinach' is clicked on

2019-05-09 14:42:18 - [MESSAGE][PASSED] - Object: 'Object Repository/COLLECTION PAGE _OR/Filter_OR/Page_Pre-Rolled  Ontario Cannabis S/span_Spinach' is clicked on

2019-05-09 14:42:18 - [TEST_STEP][PASSED] - click(findTestObject("Object Repository/COLLECTION PAGE _OR/Filter_OR/Page_Pre-Rolled  Ontario Cannabis S/label_Spinach")): Object: 'Object Repository/COLLECTION PAGE _OR/Filter_OR/Page_Pre-Rolled  Ontario Cannabis S/label_Spinach' is clicked on

2019-05-09 14:42:19 - [MESSAGE][PASSED] - Object: 'Object Repository/COLLECTION PAGE _OR/Filter_OR/Page_Pre-Rolled  Ontario Cannabis S/label_Spinach' is clicked on

2019-05-09 14:42:19 - [TEST_STEP][PASSED] - click(findTestObject("Object Repository/COLLECTION PAGE _OR/Filter_OR/Page_Pre-Rolled  Ontario Cannabis S/label_THC BioMed")): Object: 'Object Repository/COLLECTION PAGE _OR/Filter_OR/Page_Pre-Rolled  Ontario Cannabis S/label_THC BioMed' is clicked on

2019-05-09 14:42:20 - [MESSAGE][PASSED] - Object: 'Object Repository/COLLECTION PAGE _OR/Filter_OR/Page_Pre-Rolled  Ontario Cannabis S/label_THC BioMed' is clicked on

2019-05-09 14:42:20 - [TEST_STEP][PASSED] - click(findTestObject("Object Repository/COLLECTION PAGE _OR/Filter_OR/Page_Pre-Rolled  Ontario Cannabis S/span_Whistler Cannabis Co.")): Object: 'Object Repository/COLLECTION PAGE _OR/Filter_OR/Page_Pre-Rolled  Ontario Cannabis S/span_Whistler Cannabis Co.' is clicked on

2019-05-09 14:42:23 - [MESSAGE][PASSED] - Object: 'Object Repository/COLLECTION PAGE _OR/Filter_OR/Page_Pre-Rolled  Ontario Cannabis S/span_Whistler Cannabis Co.' is clicked on

2019-05-09 14:42:23 - [TEST_STEP][PASSED] - click(findTestObject("Object Repository/COLLECTION PAGE _OR/Filter_OR/Page_Pre-Rolled  Ontario Cannabis S/span_Spinach")): Object: 'Object Repository/COLLECTION PAGE _OR/Filter_OR/Page_Pre-Rolled  Ontario Cannabis S/span_Spinach' is clicked on

2019-05-09 14:42:23 - [MESSAGE][PASSED] - Object: 'Object Repository/COLLECTION PAGE _OR/Filter_OR/Page_Pre-Rolled  Ontario Cannabis S/span_Spinach' is clicked on

2019-05-09 14:42:23 - [TEST_STEP][PASSED] - click(findTestObject("Object Repository/COLLECTION PAGE _OR/Filter_OR/Page_Pre-Rolled  Ontario Cannabis S/a_Shop All Brands")): Object: 'Object Repository/COLLECTION PAGE _OR/Filter_OR/Page_Pre-Rolled  Ontario Cannabis S/a_Shop All Brands' is clicked on

2019-05-09 14:42:28 - [MESSAGE][PASSED] - Object: 'Object Repository/COLLECTION PAGE _OR/Filter_OR/Page_Pre-Rolled  Ontario Cannabis S/a_Shop All Brands' is clicked on

2019-05-09 14:42:28 - [TEST_STEP][PASSED] - setText(findTestObject("Object Repository/COLLECTION PAGE _OR/Filter_OR/Page_Shop by Brands  Ontario Cannab/input_Shop by Brands_q"), "boveda"): Text 'boveda' is set on object 'Object Repository/COLLECTION PAGE _OR/Filter_OR/Page_Shop by Brands  Ontario Cannab/input_Shop by Brands_q'

2019-05-09 14:42:28 - [MESSAGE][PASSED] - Text 'boveda' is set on object 'Object Repository/COLLECTION PAGE _OR/Filter_OR/Page_Shop by Brands  Ontario Cannab/input_Shop by Brands_q'

2019-05-09 14:42:28 - [TEST_STEP][NOT_RUN] - verifyTextPresent("", Keys.chord(ENTER)): NOT_RUN: verifyTextPresent("", Keys.chord(ENTER))

2019-05-09 14:42:28 - [MESSAGE][NOT_RUN] - NOT_RUN: verifyTextPresent("", Keys.chord(ENTER))

2019-05-09 14:42:28 - [TEST_STEP][PASSED] - verifyTextPresent("Boveda", false): Text 'Boveda' is present on page 

2019-05-09 14:42:29 - [MESSAGE][PASSED] - Text 'Boveda' is present on page 

2019-05-09 14:42:29 - [TEST_STEP][PASSED] - setText(findTestObject("Object Repository/COLLECTION PAGE _OR/Filter_OR/Page_Shop by Brands  Ontario Cannab/input_Shop by Brands_q"), "ace valley"): Text 'ace valley' is set on object 'Object Repository/COLLECTION PAGE _OR/Filter_OR/Page_Shop by Brands  Ontario Cannab/input_Shop by Brands_q'

2019-05-09 14:42:30 - [MESSAGE][PASSED] - Text 'ace valley' is set on object 'Object Repository/COLLECTION PAGE _OR/Filter_OR/Page_Shop by Brands  Ontario Cannab/input_Shop by Brands_q'

2019-05-09 14:42:30 - [TEST_STEP][NOT_RUN] - sendKeys(findTestObject("Object Repository/COLLECTION PAGE _OR/Filter_OR/Page_Shop by Brands  Ontario Cannab/input_Shop by Brands_q"), Keys.chord(ENTER)): NOT_RUN: sendKeys(findTestObject("Object Repository/COLLECTION PAGE _OR/Filter_OR/Page_Shop by Brands  Ontario Cannab/input_Shop by Brands_q"), Keys.chord(ENTER))

2019-05-09 14:42:30 - [MESSAGE][NOT_RUN] - NOT_RUN: sendKeys(findTestObject("Object Repository/COLLECTION PAGE _OR/Filter_OR/Page_Shop by Brands  Ontario Cannab/input_Shop by Brands_q"), Keys.chord(ENTER))

2019-05-09 14:42:30 - [TEST_STEP][PASSED] - verifyTextPresent("Ace Valley", false): Text 'Ace Valley' is present on page 

2019-05-09 14:42:31 - [MESSAGE][PASSED] - Text 'Ace Valley' is present on page 

2019-05-09 14:42:31 - [TEST_STEP][NOT_RUN] - back(): NOT_RUN: back()

2019-05-09 14:42:31 - [MESSAGE][NOT_RUN] - NOT_RUN: back()

2019-05-09 14:42:31 - [TEST_STEP][PASSED] - back(): Navigate back successfully

2019-05-09 14:42:34 - [MESSAGE][PASSED] - Navigate back successfully

2019-05-09 14:42:34 - [TEST_STEP][PASSED] - click(findTestObject("Object Repository/COLLECTION PAGE _OR/Filter_OR/Page_Pre-Rolled  Ontario Cannabis S/i_CBD  High to Low_icon--filte")): Object: 'Object Repository/COLLECTION PAGE _OR/Filter_OR/Page_Pre-Rolled  Ontario Cannabis S/i_CBD  High to Low_icon--filte' is clicked on

2019-05-09 14:42:35 - [MESSAGE][PASSED] - Object: 'Object Repository/COLLECTION PAGE _OR/Filter_OR/Page_Pre-Rolled  Ontario Cannabis S/i_CBD  High to Low_icon--filte' is clicked on

2019-05-09 14:42:35 - [TEST_STEP][PASSED] - click(findTestObject("Object Repository/COLLECTION PAGE _OR/Filter_OR/Page_Pre-Rolled  Ontario Cannabis S/i_Terpenes_icon icon--plus")): Object: 'Object Repository/COLLECTION PAGE _OR/Filter_OR/Page_Pre-Rolled  Ontario Cannabis S/i_Terpenes_icon icon--plus' is clicked on

2019-05-09 14:42:35 - [MESSAGE][PASSED] - Object: 'Object Repository/COLLECTION PAGE _OR/Filter_OR/Page_Pre-Rolled  Ontario Cannabis S/i_Terpenes_icon icon--plus' is clicked on

2019-05-09 14:42:35 - [TEST_STEP][PASSED] - click(findTestObject("Object Repository/COLLECTION PAGE _OR/Filter_OR/Page_Pre-Rolled  Ontario Cannabis S/span_Alpha-bisabolol")): Object: 'Object Repository/COLLECTION PAGE _OR/Filter_OR/Page_Pre-Rolled  Ontario Cannabis S/span_Alpha-bisabolol' is clicked on

2019-05-09 14:42:37 - [MESSAGE][PASSED] - Object: 'Object Repository/COLLECTION PAGE _OR/Filter_OR/Page_Pre-Rolled  Ontario Cannabis S/span_Alpha-bisabolol' is clicked on

2019-05-09 14:42:37 - [TEST_STEP][PASSED] - click(findTestObject("Object Repository/COLLECTION PAGE _OR/Filter_OR/Page_Pre-Rolled  Ontario Cannabis S/span_Alpha-pinene")): Object: 'Object Repository/COLLECTION PAGE _OR/Filter_OR/Page_Pre-Rolled  Ontario Cannabis S/span_Alpha-pinene' is clicked on

2019-05-09 14:42:37 - [MESSAGE][PASSED] - Object: 'Object Repository/COLLECTION PAGE _OR/Filter_OR/Page_Pre-Rolled  Ontario Cannabis S/span_Alpha-pinene' is clicked on

2019-05-09 14:42:37 - [TEST_STEP][PASSED] - click(findTestObject("Object Repository/COLLECTION PAGE _OR/Filter_OR/Page_Pre-Rolled  Ontario Cannabis S/label_Alpha-pinene")): Object: 'Object Repository/COLLECTION PAGE _OR/Filter_OR/Page_Pre-Rolled  Ontario Cannabis S/label_Alpha-pinene' is clicked on

2019-05-09 14:42:38 - [MESSAGE][PASSED] - Object: 'Object Repository/COLLECTION PAGE _OR/Filter_OR/Page_Pre-Rolled  Ontario Cannabis S/label_Alpha-pinene' is clicked on

2019-05-09 14:42:38 - [TEST_STEP][PASSED] - click(findTestObject("Object Repository/COLLECTION PAGE _OR/Filter_OR/Page_Pre-Rolled  Ontario Cannabis S/span_Beta-pinene")): Object: 'Object Repository/COLLECTION PAGE _OR/Filter_OR/Page_Pre-Rolled  Ontario Cannabis S/span_Beta-pinene' is clicked on

2019-05-09 14:42:39 - [MESSAGE][PASSED] - Object: 'Object Repository/COLLECTION PAGE _OR/Filter_OR/Page_Pre-Rolled  Ontario Cannabis S/span_Beta-pinene' is clicked on

2019-05-09 14:42:39 - [TEST_STEP][PASSED] - click(findTestObject("Object Repository/COLLECTION PAGE _OR/Filter_OR/Page_Pre-Rolled  Ontario Cannabis S/span_Guaiol")): Object: 'Object Repository/COLLECTION PAGE _OR/Filter_OR/Page_Pre-Rolled  Ontario Cannabis S/span_Guaiol' is clicked on

2019-05-09 14:42:39 - [MESSAGE][PASSED] - Object: 'Object Repository/COLLECTION PAGE _OR/Filter_OR/Page_Pre-Rolled  Ontario Cannabis S/span_Guaiol' is clicked on

2019-05-09 14:42:39 - [TEST_STEP][PASSED] - click(findTestObject("Object Repository/COLLECTION PAGE _OR/Filter_OR/Page_Pre-Rolled  Ontario Cannabis S/span_Limonene")): Object: 'Object Repository/COLLECTION PAGE _OR/Filter_OR/Page_Pre-Rolled  Ontario Cannabis S/span_Limonene' is clicked on

2019-05-09 14:42:40 - [MESSAGE][PASSED] - Object: 'Object Repository/COLLECTION PAGE _OR/Filter_OR/Page_Pre-Rolled  Ontario Cannabis S/span_Limonene' is clicked on

2019-05-09 14:42:40 - [TEST_STEP][PASSED] - click(findTestObject("Object Repository/COLLECTION PAGE _OR/Filter_OR/Page_Pre-Rolled  Ontario Cannabis S/span_Myrcene")): Object: 'Object Repository/COLLECTION PAGE _OR/Filter_OR/Page_Pre-Rolled  Ontario Cannabis S/span_Myrcene' is clicked on

2019-05-09 14:42:43 - [MESSAGE][PASSED] - Object: 'Object Repository/COLLECTION PAGE _OR/Filter_OR/Page_Pre-Rolled  Ontario Cannabis S/span_Myrcene' is clicked on

2019-05-09 14:42:43 - [TEST_STEP][PASSED] - click(findTestObject("Object Repository/COLLECTION PAGE _OR/Filter_OR/Page_Pre-Rolled  Ontario Cannabis S/span_Ocimene")): Object: 'Object Repository/COLLECTION PAGE _OR/Filter_OR/Page_Pre-Rolled  Ontario Cannabis S/span_Ocimene' is clicked on

2019-05-09 14:42:43 - [MESSAGE][PASSED] - Object: 'Object Repository/COLLECTION PAGE _OR/Filter_OR/Page_Pre-Rolled  Ontario Cannabis S/span_Ocimene' is clicked on

2019-05-09 14:42:43 - [TEST_STEP][PASSED] - click(findTestObject("Object Repository/COLLECTION PAGE _OR/Filter_OR/Page_Pre-Rolled  Ontario Cannabis S/span_Terpinene")): Object: 'Object Repository/COLLECTION PAGE _OR/Filter_OR/Page_Pre-Rolled  Ontario Cannabis S/span_Terpinene' is clicked on

2019-05-09 14:42:44 - [MESSAGE][PASSED] - Object: 'Object Repository/COLLECTION PAGE _OR/Filter_OR/Page_Pre-Rolled  Ontario Cannabis S/span_Terpinene' is clicked on

2019-05-09 14:42:44 - [TEST_STEP][PASSED] - click(findTestObject("Object Repository/COLLECTION PAGE _OR/Filter_OR/Page_Pre-Rolled  Ontario Cannabis S/span_Terpinolene")): Object: 'Object Repository/COLLECTION PAGE _OR/Filter_OR/Page_Pre-Rolled  Ontario Cannabis S/span_Terpinolene' is clicked on

2019-05-09 14:42:44 - [MESSAGE][PASSED] - Object: 'Object Repository/COLLECTION PAGE _OR/Filter_OR/Page_Pre-Rolled  Ontario Cannabis S/span_Terpinolene' is clicked on

2019-05-09 14:42:44 - [TEST_STEP][NOT_RUN] - click(findTestObject("Object Repository/COLLECTION PAGE _OR/Filter_OR/Page_Pre-Rolled  Ontario Cannabis S/span_Trans-caryophyllene")): NOT_RUN: click(findTestObject("Object Repository/COLLECTION PAGE _OR/Filter_OR/Page_Pre-Rolled  Ontario Cannabis S/span_Trans-caryophyllene"))

2019-05-09 14:42:44 - [MESSAGE][NOT_RUN] - NOT_RUN: click(findTestObject("Object Repository/COLLECTION PAGE _OR/Filter_OR/Page_Pre-Rolled  Ontario Cannabis S/span_Trans-caryophyllene"))

2019-05-09 14:42:44 - [TEST_STEP][PASSED] - click(findTestObject("Object Repository/COLLECTION PAGE _OR/Filter_OR/Page_Pre-Rolled  Ontario Cannabis S/span_Terpineol")): Object: 'Object Repository/COLLECTION PAGE _OR/Filter_OR/Page_Pre-Rolled  Ontario Cannabis S/span_Terpineol' is clicked on

2019-05-09 14:42:45 - [MESSAGE][PASSED] - Object: 'Object Repository/COLLECTION PAGE _OR/Filter_OR/Page_Pre-Rolled  Ontario Cannabis S/span_Terpineol' is clicked on

2019-05-09 14:42:45 - [TEST_STEP][PASSED] - click(findTestObject("Object Repository/COLLECTION PAGE _OR/Filter_OR/Page_Pre-Rolled  Ontario Cannabis S/span_Para-cymenene")): Object: 'Object Repository/COLLECTION PAGE _OR/Filter_OR/Page_Pre-Rolled  Ontario Cannabis S/span_Para-cymenene' is clicked on

2019-05-09 14:42:45 - [MESSAGE][PASSED] - Object: 'Object Repository/COLLECTION PAGE _OR/Filter_OR/Page_Pre-Rolled  Ontario Cannabis S/span_Para-cymenene' is clicked on

2019-05-09 14:42:45 - [TEST_STEP][PASSED] - click(findTestObject("Object Repository/COLLECTION PAGE _OR/Filter_OR/Page_Pre-Rolled  Ontario Cannabis S/span_Nerolidol")): Object: 'Object Repository/COLLECTION PAGE _OR/Filter_OR/Page_Pre-Rolled  Ontario Cannabis S/span_Nerolidol' is clicked on

2019-05-09 14:42:46 - [MESSAGE][PASSED] - Object: 'Object Repository/COLLECTION PAGE _OR/Filter_OR/Page_Pre-Rolled  Ontario Cannabis S/span_Nerolidol' is clicked on

2019-05-09 14:42:46 - [TEST_STEP][PASSED] - click(findTestObject("Object Repository/COLLECTION PAGE _OR/Filter_OR/Page_Pre-Rolled  Ontario Cannabis S/span_Linalool")): Object: 'Object Repository/COLLECTION PAGE _OR/Filter_OR/Page_Pre-Rolled  Ontario Cannabis S/span_Linalool' is clicked on

2019-05-09 14:42:47 - [MESSAGE][PASSED] - Object: 'Object Repository/COLLECTION PAGE _OR/Filter_OR/Page_Pre-Rolled  Ontario Cannabis S/span_Linalool' is clicked on

2019-05-09 14:42:47 - [TEST_STEP][PASSED] - click(findTestObject("Object Repository/COLLECTION PAGE _OR/Filter_OR/Page_Pre-Rolled  Ontario Cannabis S/span_Humulene")): Object: 'Object Repository/COLLECTION PAGE _OR/Filter_OR/Page_Pre-Rolled  Ontario Cannabis S/span_Humulene' is clicked on

2019-05-09 14:42:48 - [MESSAGE][PASSED] - Object: 'Object Repository/COLLECTION PAGE _OR/Filter_OR/Page_Pre-Rolled  Ontario Cannabis S/span_Humulene' is clicked on

2019-05-09 14:42:48 - [TEST_STEP][PASSED] - click(findTestObject("Object Repository/COLLECTION PAGE _OR/Filter_OR/Page_Pre-Rolled  Ontario Cannabis S/span_Bisabolol")): Object: 'Object Repository/COLLECTION PAGE _OR/Filter_OR/Page_Pre-Rolled  Ontario Cannabis S/span_Bisabolol' is clicked on

2019-05-09 14:42:49 - [MESSAGE][PASSED] - Object: 'Object Repository/COLLECTION PAGE _OR/Filter_OR/Page_Pre-Rolled  Ontario Cannabis S/span_Bisabolol' is clicked on

2019-05-09 14:42:49 - [TEST_STEP][PASSED] - click(findTestObject("Object Repository/COLLECTION PAGE _OR/Filter_OR/Page_Pre-Rolled  Ontario Cannabis S/span_Beta-caryophyllene")): Object: 'Object Repository/COLLECTION PAGE _OR/Filter_OR/Page_Pre-Rolled  Ontario Cannabis S/span_Beta-caryophyllene' is clicked on

2019-05-09 14:42:50 - [MESSAGE][PASSED] - Object: 'Object Repository/COLLECTION PAGE _OR/Filter_OR/Page_Pre-Rolled  Ontario Cannabis S/span_Beta-caryophyllene' is clicked on

2019-05-09 14:42:50 - [TEST_STEP][PASSED] - click(findTestObject("Object Repository/COLLECTION PAGE _OR/Filter_OR/Page_Pre-Rolled  Ontario Cannabis S/span_Alpha-caryophyllene")): Object: 'Object Repository/COLLECTION PAGE _OR/Filter_OR/Page_Pre-Rolled  Ontario Cannabis S/span_Alpha-caryophyllene' is clicked on

2019-05-09 14:42:51 - [MESSAGE][PASSED] - Object: 'Object Repository/COLLECTION PAGE _OR/Filter_OR/Page_Pre-Rolled  Ontario Cannabis S/span_Alpha-caryophyllene' is clicked on

2019-05-09 14:42:51 - [TEST_STEP][PASSED] - click(findTestObject("Object Repository/COLLECTION PAGE _OR/Filter_OR/Page_Pre-Rolled  Ontario Cannabis S/span_Trans-caryophyllene")): Object: 'Object Repository/COLLECTION PAGE _OR/Filter_OR/Page_Pre-Rolled  Ontario Cannabis S/span_Trans-caryophyllene' is clicked on

2019-05-09 14:42:52 - [MESSAGE][PASSED] - Object: 'Object Repository/COLLECTION PAGE _OR/Filter_OR/Page_Pre-Rolled  Ontario Cannabis S/span_Trans-caryophyllene' is clicked on

2019-05-09 14:42:52 - [TEST_STEP][PASSED] - click(findTestObject("Object Repository/COLLECTION PAGE _OR/Filter_OR/Page_Pre-Rolled  Ontario Cannabis S/a_Learn More About Terpenes")): Object: 'Object Repository/COLLECTION PAGE _OR/Filter_OR/Page_Pre-Rolled  Ontario Cannabis S/a_Learn More About Terpenes' is clicked on

2019-05-09 14:42:58 - [MESSAGE][PASSED] - Object: 'Object Repository/COLLECTION PAGE _OR/Filter_OR/Page_Pre-Rolled  Ontario Cannabis S/a_Learn More About Terpenes' is clicked on

2019-05-09 14:42:58 - [TEST_STEP][PASSED] - back(): Navigate back successfully

2019-05-09 14:43:02 - [MESSAGE][PASSED] - Navigate back successfully

2019-05-09 14:43:02 - [TEST_STEP][PASSED] - click(findTestObject("Object Repository/COLLECTION PAGE _OR/Filter_OR/Page_Pre-Rolled  Ontario Cannabis S/i_CBD  High to Low_icon--filte")): Object: 'Object Repository/COLLECTION PAGE _OR/Filter_OR/Page_Pre-Rolled  Ontario Cannabis S/i_CBD  High to Low_icon--filte' is clicked on

2019-05-09 14:43:03 - [MESSAGE][PASSED] - Object: 'Object Repository/COLLECTION PAGE _OR/Filter_OR/Page_Pre-Rolled  Ontario Cannabis S/i_CBD  High to Low_icon--filte' is clicked on

2019-05-09 14:43:03 - [TEST_STEP][PASSED] - click(findTestObject("Object Repository/COLLECTION PAGE _OR/Filter_OR/Page_Pre-Rolled  Ontario Cannabis S/a_Done (43)")): Object: 'Object Repository/COLLECTION PAGE _OR/Filter_OR/Page_Pre-Rolled  Ontario Cannabis S/a_Done (43)' is clicked on

2019-05-09 14:43:04 - [MESSAGE][PASSED] - Object: 'Object Repository/COLLECTION PAGE _OR/Filter_OR/Page_Pre-Rolled  Ontario Cannabis S/a_Done (43)' is clicked on

2019-05-09 14:43:04 - [TEST_STEP][PASSED] - a = getText(findTestObject("COLLECTION PAGE _OR/Filter_OR/Page_Pre-Rolled  Ontario Cannabis S/li_Pre-Rolled")): Text of object 'Object Repository/COLLECTION PAGE _OR/Filter_OR/Page_Pre-Rolled  Ontario Cannabis S/li_Pre-Rolled' is: 'PRE-ROLLED 48 Products'

2019-05-09 14:43:04 - [MESSAGE][PASSED] - Text of object 'Object Repository/COLLECTION PAGE _OR/Filter_OR/Page_Pre-Rolled  Ontario Cannabis S/li_Pre-Rolled' is: 'PRE-ROLLED 48 Products'

2019-05-09 14:43:04 - [TEST_STEP][PASSED] - comment(a): PRE-ROLLED 48 Products

2019-05-09 14:43:04 - [MESSAGE][INFO] - PRE-ROLLED 48 Products

2019-05-09 14:43:04 - [TEST_STEP][PASSED] - if (a == "PRE-ROLLED 43 Products"): null

2019-05-09 14:43:04 - [TEST_STEP][PASSED] - else: products filtered

2019-05-09 14:43:04 - [TEST_STEP][PASSED] - comment("products filtered"): products filtered

2019-05-09 14:43:04 - [MESSAGE][INFO] - products filtered]]></system-out>
         <system-err><![CDATA[]]></system-err>
      </testcase>
      <testcase name="Test Cases/OCS-COLLECTION PAGE/Pagination" classname="Test Cases/OCS-COLLECTION PAGE/Pagination" status="PASSED">
         <system-out><![CDATA[2019-05-09 14:43:04 - [TEST_CASE][PASSED] - Test Cases/OCS-COLLECTION PAGE/Pagination: Test Cases/OCS-COLLECTION PAGE/Pagination

2019-05-09 14:43:04 - [TEST_STEP][PASSED] - openBrowser(""): Browser is opened with url: ''

2019-05-09 14:43:04 - [MESSAGE][WARNING] - A browser is already opened. Closing browser and opening a new one

2019-05-09 14:43:05 - [MESSAGE][INFO] - Starting 'Remote' driver

2019-05-09 14:43:05 - [MESSAGE][INFO] - User set preference: ['os', 'windows']

2019-05-09 14:43:05 - [MESSAGE][INFO] - User set preference: ['os_version', '10']

2019-05-09 14:43:05 - [MESSAGE][INFO] - User set preference: ['browser', 'Firefox']

2019-05-09 14:43:05 - [MESSAGE][INFO] - User set preference: ['browser_version', '65']

2019-05-09 14:43:05 - [MESSAGE][INFO] - User set preference: ['resolution', '1280x800']

2019-05-09 14:43:05 - [MESSAGE][INFO] - Connecting to remote web server 'https://dianatest3:Z3oqw9ysqTeRQJq5wFCp@hub-cloud.browserstack.com/wd/hub' with type 'Selenium'

2019-05-09 14:43:14 - [MESSAGE][PASSED] - Browser is opened with url: ''

2019-05-09 14:43:14 - [TEST_STEP][PASSED] - maximizeWindow(): Current window maximized

2019-05-09 14:43:14 - [MESSAGE][PASSED] - Current window maximized

2019-05-09 14:43:14 - [TEST_STEP][PASSED] - navigateToUrl("https://ocs.ca/?fts=0&preview_theme_id=53373863756"): Navigate to 'https://ocs.ca/?fts=0&preview_theme_id=53373863756' successfully

2019-05-09 14:43:21 - [MESSAGE][PASSED] - Navigate to 'https://ocs.ca/?fts=0&preview_theme_id=53373863756' successfully

2019-05-09 14:43:21 - [TEST_STEP][PASSED] - click(findTestObject("Object Repository/Theme_oR/Page_Ontario Cannabis Store  Ontari/button_Close preview")): Object: 'Object Repository/Theme_oR/Page_Ontario Cannabis Store  Ontari/button_Close preview' is clicked on

2019-05-09 14:43:23 - [MESSAGE][PASSED] - Object: 'Object Repository/Theme_oR/Page_Ontario Cannabis Store  Ontari/button_Close preview' is clicked on

2019-05-09 14:43:24 - [TEST_STEP][PASSED] - selectOptionByValue(findTestObject("COLLECTION PAGE _OR/Pagination_OR/Page_Ontario Cannabis Store  Ontari/select_Select01020304050607080"), "18", true): All options with value '18' are selected in object 'Object Repository/COLLECTION PAGE _OR/Pagination_OR/Page_Ontario Cannabis Store  Ontari/select_Select01020304050607080'  using regular expression

2019-05-09 14:43:34 - [MESSAGE][PASSED] - All options with value '18' are selected in object 'Object Repository/COLLECTION PAGE _OR/Pagination_OR/Page_Ontario Cannabis Store  Ontari/select_Select01020304050607080'  using regular expression

2019-05-09 14:43:34 - [TEST_STEP][PASSED] - selectOptionByValue(findTestObject("COLLECTION PAGE _OR/Pagination_OR/Page_Ontario Cannabis Store  Ontari/select_SelectJanuary - 01Febru"), "9", true): All options with value '9' are selected in object 'Object Repository/COLLECTION PAGE _OR/Pagination_OR/Page_Ontario Cannabis Store  Ontari/select_SelectJanuary - 01Febru'  using regular expression

2019-05-09 14:43:39 - [MESSAGE][PASSED] - All options with value '9' are selected in object 'Object Repository/COLLECTION PAGE _OR/Pagination_OR/Page_Ontario Cannabis Store  Ontari/select_SelectJanuary - 01Febru'  using regular expression

2019-05-09 14:43:39 - [TEST_STEP][PASSED] - selectOptionByValue(findTestObject("COLLECTION PAGE _OR/Pagination_OR/Page_Ontario Cannabis Store  Ontari/select_Select20182017201620152"), "1956", true): All options with value '1956' are selected in object 'Object Repository/COLLECTION PAGE _OR/Pagination_OR/Page_Ontario Cannabis Store  Ontari/select_Select20182017201620152'  using regular expression

2019-05-09 14:44:08 - [MESSAGE][PASSED] - All options with value '1956' are selected in object 'Object Repository/COLLECTION PAGE _OR/Pagination_OR/Page_Ontario Cannabis Store  Ontari/select_Select20182017201620152'  using regular expression

2019-05-09 14:44:08 - [TEST_STEP][PASSED] - click(findTestObject("COLLECTION PAGE _OR/Pagination_OR/Page_Ontario Cannabis Store  Ontari/button_Verify")): Object: 'Object Repository/COLLECTION PAGE _OR/Pagination_OR/Page_Ontario Cannabis Store  Ontari/button_Verify' is clicked on

2019-05-09 14:44:08 - [MESSAGE][PASSED] - Object: 'Object Repository/COLLECTION PAGE _OR/Pagination_OR/Page_Ontario Cannabis Store  Ontari/button_Verify' is clicked on

2019-05-09 14:44:08 - [TEST_STEP][PASSED] - click(findTestObject("COLLECTION PAGE _OR/Pagination_OR/Page_Ontario Cannabis Store  Ontari/span_CONFIRM AND ACKNOWLEDGE_c")): Object: 'Object Repository/COLLECTION PAGE _OR/Pagination_OR/Page_Ontario Cannabis Store  Ontari/span_CONFIRM AND ACKNOWLEDGE_c' is clicked on

2019-05-09 14:44:09 - [MESSAGE][PASSED] - Object: 'Object Repository/COLLECTION PAGE _OR/Pagination_OR/Page_Ontario Cannabis Store  Ontari/span_CONFIRM AND ACKNOWLEDGE_c' is clicked on

2019-05-09 14:44:09 - [TEST_STEP][PASSED] - click(findTestObject("COLLECTION PAGE _OR/Pagination_OR/Page_Ontario Cannabis Store  Ontari/button_CONFIRM")): Object: 'Object Repository/COLLECTION PAGE _OR/Pagination_OR/Page_Ontario Cannabis Store  Ontari/button_CONFIRM' is clicked on

2019-05-09 14:44:10 - [MESSAGE][PASSED] - Object: 'Object Repository/COLLECTION PAGE _OR/Pagination_OR/Page_Ontario Cannabis Store  Ontari/button_CONFIRM' is clicked on

2019-05-09 14:44:10 - [TEST_STEP][PASSED] - click(findTestObject("COLLECTION PAGE _OR/Pagination_OR/Page_Ontario Cannabis Store  Ontari/button_Start Browsing")): Object: 'Object Repository/COLLECTION PAGE _OR/Pagination_OR/Page_Ontario Cannabis Store  Ontari/button_Start Browsing' is clicked on

2019-05-09 14:44:11 - [MESSAGE][PASSED] - Object: 'Object Repository/COLLECTION PAGE _OR/Pagination_OR/Page_Ontario Cannabis Store  Ontari/button_Start Browsing' is clicked on

2019-05-09 14:44:11 - [TEST_STEP][NOT_RUN] - click(findTestObject("COLLECTION PAGE _OR/Pagination_OR/Page_Ontario Cannabis Store  Ontari/h3_Cannabis")): NOT_RUN: click(findTestObject("COLLECTION PAGE _OR/Pagination_OR/Page_Ontario Cannabis Store  Ontari/h3_Cannabis"))

2019-05-09 14:44:11 - [MESSAGE][NOT_RUN] - NOT_RUN: click(findTestObject("COLLECTION PAGE _OR/Pagination_OR/Page_Ontario Cannabis Store  Ontari/h3_Cannabis"))

2019-05-09 14:44:11 - [TEST_STEP][PASSED] - mouseOver(findTestObject("OCS_CRITICAL PATH/cart flyout- price/Page_Ontario Cannabis Store  Ontari/h3_Cannabis")): Object: 'Object Repository/OCS_CRITICAL PATH/cart flyout- price/Page_Ontario Cannabis Store  Ontari/h3_Cannabis' is hovered

2019-05-09 14:44:11 - [MESSAGE][PASSED] - Object: 'Object Repository/OCS_CRITICAL PATH/cart flyout- price/Page_Ontario Cannabis Store  Ontari/h3_Cannabis' is hovered

2019-05-09 14:44:11 - [TEST_STEP][PASSED] - delay(2): Delayed 2 second(s)

2019-05-09 14:44:13 - [MESSAGE][PASSED] - Delayed 2 second(s)

2019-05-09 14:44:13 - [TEST_STEP][PASSED] - click(findTestObject("COLLECTION PAGE _OR/Pagination_OR/Page_Ontario Cannabis Store  Ontari/span_Pre-Rolled")): Object: 'Object Repository/COLLECTION PAGE _OR/Pagination_OR/Page_Ontario Cannabis Store  Ontari/span_Pre-Rolled' is clicked on

2019-05-09 14:44:17 - [MESSAGE][PASSED] - Object: 'Object Repository/COLLECTION PAGE _OR/Pagination_OR/Page_Ontario Cannabis Store  Ontari/span_Pre-Rolled' is clicked on

2019-05-09 14:44:17 - [TEST_STEP][PASSED] - delay(2): Delayed 2 second(s)

2019-05-09 14:44:19 - [MESSAGE][PASSED] - Delayed 2 second(s)

2019-05-09 14:44:19 - [TEST_STEP][PASSED] - click(findTestObject("COLLECTION PAGE _OR/Pagination_OR/Page_Pre-Rolled  Ontario Cannabis S/a_2")): Object: 'Object Repository/COLLECTION PAGE _OR/Pagination_OR/Page_Pre-Rolled  Ontario Cannabis S/a_2' is clicked on

2019-05-09 14:44:21 - [MESSAGE][PASSED] - Object: 'Object Repository/COLLECTION PAGE _OR/Pagination_OR/Page_Pre-Rolled  Ontario Cannabis S/a_2' is clicked on

2019-05-09 14:44:21 - [TEST_STEP][PASSED] - delay(2): Delayed 2 second(s)

2019-05-09 14:44:23 - [MESSAGE][PASSED] - Delayed 2 second(s)

2019-05-09 14:44:23 - [TEST_STEP][PASSED] - scrollToPosition(570, 49): Browser is scrolled to position x = 570, y = 49

2019-05-09 14:44:23 - [MESSAGE][PASSED] - Browser is scrolled to position x = 570, y = 49

2019-05-09 14:44:23 - [TEST_STEP][PASSED] - click(findTestObject("COLLECTION PAGE _OR/Pagination_OR/Page_Pre-Rolled  Ontario Cannabis S/a_3"), STOP_ON_FAILURE): Object: 'Object Repository/COLLECTION PAGE _OR/Pagination_OR/Page_Pre-Rolled  Ontario Cannabis S/a_3' is clicked on

2019-05-09 14:44:24 - [MESSAGE][PASSED] - Object: 'Object Repository/COLLECTION PAGE _OR/Pagination_OR/Page_Pre-Rolled  Ontario Cannabis S/a_3' is clicked on

2019-05-09 14:44:24 - [TEST_STEP][PASSED] - delay(2): Delayed 2 second(s)

2019-05-09 14:44:26 - [MESSAGE][PASSED] - Delayed 2 second(s)

2019-05-09 14:44:26 - [TEST_STEP][PASSED] - scrollToPosition(570, 49): Browser is scrolled to position x = 570, y = 49

2019-05-09 14:44:26 - [MESSAGE][PASSED] - Browser is scrolled to position x = 570, y = 49

2019-05-09 14:44:26 - [TEST_STEP][PASSED] - delay(2): Delayed 2 second(s)

2019-05-09 14:44:28 - [MESSAGE][PASSED] - Delayed 2 second(s)

2019-05-09 14:44:28 - [TEST_STEP][PASSED] - click(findTestObject("COLLECTION PAGE _OR/Pagination_OR/Page_Pre-Rolled  Ontario Cannabis S/a_Previous")): Object: 'Object Repository/COLLECTION PAGE _OR/Pagination_OR/Page_Pre-Rolled  Ontario Cannabis S/a_Previous' is clicked on

2019-05-09 14:44:29 - [MESSAGE][PASSED] - Object: 'Object Repository/COLLECTION PAGE _OR/Pagination_OR/Page_Pre-Rolled  Ontario Cannabis S/a_Previous' is clicked on

2019-05-09 14:44:29 - [TEST_STEP][PASSED] - delay(2): Delayed 2 second(s)

2019-05-09 14:44:31 - [MESSAGE][PASSED] - Delayed 2 second(s)

2019-05-09 14:44:31 - [TEST_STEP][PASSED] - scrollToPosition(570, 49): Browser is scrolled to position x = 570, y = 49

2019-05-09 14:44:31 - [MESSAGE][PASSED] - Browser is scrolled to position x = 570, y = 49

2019-05-09 14:44:31 - [TEST_STEP][PASSED] - click(findTestObject("COLLECTION PAGE _OR/Pagination_OR/Page_Pre-Rolled  Ontario Cannabis S/a_Next")): Object: 'Object Repository/COLLECTION PAGE _OR/Pagination_OR/Page_Pre-Rolled  Ontario Cannabis S/a_Next' is clicked on

2019-05-09 14:44:32 - [MESSAGE][PASSED] - Object: 'Object Repository/COLLECTION PAGE _OR/Pagination_OR/Page_Pre-Rolled  Ontario Cannabis S/a_Next' is clicked on

2019-05-09 14:44:32 - [TEST_STEP][PASSED] - delay(2): Delayed 2 second(s)

2019-05-09 14:44:34 - [MESSAGE][PASSED] - Delayed 2 second(s)

2019-05-09 14:44:34 - [TEST_STEP][PASSED] - click(findTestObject("COLLECTION PAGE _OR/Pagination_OR/Page_Pre-Rolled  Ontario Cannabis S/a_What to consider")): Object: 'Object Repository/COLLECTION PAGE _OR/Pagination_OR/Page_Pre-Rolled  Ontario Cannabis S/a_What to consider' is clicked on

2019-05-09 14:44:39 - [MESSAGE][PASSED] - Object: 'Object Repository/COLLECTION PAGE _OR/Pagination_OR/Page_Pre-Rolled  Ontario Cannabis S/a_What to consider' is clicked on

2019-05-09 14:44:39 - [TEST_STEP][PASSED] - back(): Navigate back successfully

2019-05-09 14:44:43 - [MESSAGE][PASSED] - Navigate back successfully

2019-05-09 14:44:43 - [TEST_STEP][PASSED] - delay(4): Delayed 4 second(s)

2019-05-09 14:44:47 - [MESSAGE][PASSED] - Delayed 4 second(s)

2019-05-09 14:44:47 - [TEST_STEP][PASSED] - click(findTestObject("COLLECTION PAGE _OR/Pagination_OR/pagination_OR/Page_Pre-Rolled  Ontario Cannabis S/a_Previous")): Object: 'Object Repository/COLLECTION PAGE _OR/Pagination_OR/pagination_OR/Page_Pre-Rolled  Ontario Cannabis S/a_Previous' is clicked on

2019-05-09 14:44:48 - [MESSAGE][PASSED] - Object: 'Object Repository/COLLECTION PAGE _OR/Pagination_OR/pagination_OR/Page_Pre-Rolled  Ontario Cannabis S/a_Previous' is clicked on

2019-05-09 14:44:48 - [TEST_STEP][PASSED] - delay(2): Delayed 2 second(s)

2019-05-09 14:44:50 - [MESSAGE][PASSED] - Delayed 2 second(s)

2019-05-09 14:44:50 - [TEST_STEP][PASSED] - delay(2): Delayed 2 second(s)

2019-05-09 14:44:52 - [MESSAGE][PASSED] - Delayed 2 second(s)

2019-05-09 14:44:52 - [TEST_STEP][PASSED] - click(findTestObject("COLLECTION PAGE _OR/Pagination_OR/pagination_OR/Page_Pre-Rolled  Ontario Cannabis S/span_1")): Object: 'Object Repository/COLLECTION PAGE _OR/Pagination_OR/pagination_OR/Page_Pre-Rolled  Ontario Cannabis S/span_1' is clicked on

2019-05-09 14:44:53 - [MESSAGE][PASSED] - Object: 'Object Repository/COLLECTION PAGE _OR/Pagination_OR/pagination_OR/Page_Pre-Rolled  Ontario Cannabis S/span_1' is clicked on

2019-05-09 14:44:53 - [TEST_STEP][PASSED] - delay(2): Delayed 2 second(s)

2019-05-09 14:44:55 - [MESSAGE][PASSED] - Delayed 2 second(s)

2019-05-09 14:44:55 - [TEST_STEP][PASSED] - click(findTestObject("COLLECTION PAGE _OR/Pagination_OR/pagination_OR/Page_Pre-Rolled  Ontario Cannabis S/span_3")): Object: 'Object Repository/COLLECTION PAGE _OR/Pagination_OR/pagination_OR/Page_Pre-Rolled  Ontario Cannabis S/span_3' is clicked on

2019-05-09 14:44:55 - [MESSAGE][PASSED] - Object: 'Object Repository/COLLECTION PAGE _OR/Pagination_OR/pagination_OR/Page_Pre-Rolled  Ontario Cannabis S/span_3' is clicked on

2019-05-09 14:44:55 - [TEST_STEP][PASSED] - scrollToPosition(570, 40): Browser is scrolled to position x = 570, y = 40

2019-05-09 14:44:55 - [MESSAGE][PASSED] - Browser is scrolled to position x = 570, y = 40

2019-05-09 14:44:55 - [TEST_STEP][PASSED] - delay(2): Delayed 2 second(s)

2019-05-09 14:44:57 - [MESSAGE][PASSED] - Delayed 2 second(s)

2019-05-09 14:44:57 - [TEST_STEP][PASSED] - click(findTestObject("COLLECTION PAGE _OR/Pagination_OR/pagination_OR/Page_Pre-Rolled  Ontario Cannabis S/a_4")): Object: 'Object Repository/COLLECTION PAGE _OR/Pagination_OR/pagination_OR/Page_Pre-Rolled  Ontario Cannabis S/a_4' is clicked on

2019-05-09 14:44:58 - [MESSAGE][PASSED] - Object: 'Object Repository/COLLECTION PAGE _OR/Pagination_OR/pagination_OR/Page_Pre-Rolled  Ontario Cannabis S/a_4' is clicked on

2019-05-09 14:44:58 - [TEST_STEP][PASSED] - scrollToPosition(570, 40): Browser is scrolled to position x = 570, y = 40

2019-05-09 14:44:58 - [MESSAGE][PASSED] - Browser is scrolled to position x = 570, y = 40

2019-05-09 14:44:58 - [TEST_STEP][PASSED] - delay(2): Delayed 2 second(s)

2019-05-09 14:45:00 - [MESSAGE][PASSED] - Delayed 2 second(s)

2019-05-09 14:45:00 - [TEST_STEP][NOT_RUN] - click(findTestObject("COLLECTION PAGE _OR/Pagination_OR/pagination_OR/Page_Pre-Rolled  Ontario Cannabis S/a_Previous")): NOT_RUN: click(findTestObject("COLLECTION PAGE _OR/Pagination_OR/pagination_OR/Page_Pre-Rolled  Ontario Cannabis S/a_Previous"))

2019-05-09 14:45:00 - [MESSAGE][NOT_RUN] - NOT_RUN: click(findTestObject("COLLECTION PAGE _OR/Pagination_OR/pagination_OR/Page_Pre-Rolled  Ontario Cannabis S/a_Previous"))

2019-05-09 14:45:00 - [TEST_STEP][NOT_RUN] - scrollToPosition(570, 40): NOT_RUN: scrollToPosition(570, 40)

2019-05-09 14:45:00 - [MESSAGE][NOT_RUN] - NOT_RUN: scrollToPosition(570, 40)

2019-05-09 14:45:00 - [TEST_STEP][NOT_RUN] - delay(2): NOT_RUN: delay(2)

2019-05-09 14:45:00 - [MESSAGE][NOT_RUN] - NOT_RUN: delay(2)

2019-05-09 14:45:00 - [TEST_STEP][NOT_RUN] - scrollToPosition(570, 40): NOT_RUN: scrollToPosition(570, 40)

2019-05-09 14:45:00 - [MESSAGE][NOT_RUN] - NOT_RUN: scrollToPosition(570, 40)

2019-05-09 14:45:00 - [TEST_STEP][NOT_RUN] - delay(2): NOT_RUN: delay(2)

2019-05-09 14:45:00 - [MESSAGE][NOT_RUN] - NOT_RUN: delay(2)

2019-05-09 14:45:00 - [TEST_STEP][NOT_RUN] - click(findTestObject("COLLECTION PAGE _OR/Pagination_OR/pagination_OR/Page_Pre-Rolled  Ontario Cannabis S/a_Next")): NOT_RUN: click(findTestObject("COLLECTION PAGE _OR/Pagination_OR/pagination_OR/Page_Pre-Rolled  Ontario Cannabis S/a_Next"))

2019-05-09 14:45:00 - [MESSAGE][NOT_RUN] - NOT_RUN: click(findTestObject("COLLECTION PAGE _OR/Pagination_OR/pagination_OR/Page_Pre-Rolled  Ontario Cannabis S/a_Next"))]]></system-out>
         <system-err><![CDATA[]]></system-err>
      </testcase>
      <testcase name="Test Cases/OCS-COLLECTION PAGE/Sort1" classname="Test Cases/OCS-COLLECTION PAGE/Sort1" status="PASSED">
         <system-out><![CDATA[2019-05-09 14:45:00 - [TEST_CASE][PASSED] - Test Cases/OCS-COLLECTION PAGE/Sort1: Test Cases/OCS-COLLECTION PAGE/Sort1

2019-05-09 14:45:01 - [TEST_STEP][PASSED] - openBrowser(""): Browser is opened with url: ''

2019-05-09 14:45:01 - [MESSAGE][WARNING] - A browser is already opened. Closing browser and opening a new one

2019-05-09 14:45:02 - [MESSAGE][INFO] - Starting 'Remote' driver

2019-05-09 14:45:02 - [MESSAGE][INFO] - User set preference: ['os', 'windows']

2019-05-09 14:45:02 - [MESSAGE][INFO] - User set preference: ['os_version', '10']

2019-05-09 14:45:02 - [MESSAGE][INFO] - User set preference: ['browser', 'Firefox']

2019-05-09 14:45:02 - [MESSAGE][INFO] - User set preference: ['browser_version', '65']

2019-05-09 14:45:02 - [MESSAGE][INFO] - User set preference: ['resolution', '1280x800']

2019-05-09 14:45:02 - [MESSAGE][INFO] - Connecting to remote web server 'https://dianatest3:Z3oqw9ysqTeRQJq5wFCp@hub-cloud.browserstack.com/wd/hub' with type 'Selenium'

2019-05-09 14:45:10 - [MESSAGE][PASSED] - Browser is opened with url: ''

2019-05-09 14:45:10 - [TEST_STEP][PASSED] - maximizeWindow(): Current window maximized

2019-05-09 14:45:10 - [MESSAGE][PASSED] - Current window maximized

2019-05-09 14:45:10 - [TEST_STEP][PASSED] - navigateToUrl("https://ocs.ca/?fts=0&preview_theme_id=53373863756"): Navigate to 'https://ocs.ca/?fts=0&preview_theme_id=53373863756' successfully

2019-05-09 14:45:16 - [MESSAGE][PASSED] - Navigate to 'https://ocs.ca/?fts=0&preview_theme_id=53373863756' successfully

2019-05-09 14:45:16 - [TEST_STEP][PASSED] - click(findTestObject("Object Repository/Theme_oR/Page_Ontario Cannabis Store  Ontari/button_Close preview")): Object: 'Object Repository/Theme_oR/Page_Ontario Cannabis Store  Ontari/button_Close preview' is clicked on

2019-05-09 14:45:20 - [MESSAGE][PASSED] - Object: 'Object Repository/Theme_oR/Page_Ontario Cannabis Store  Ontari/button_Close preview' is clicked on

2019-05-09 14:45:20 - [TEST_STEP][PASSED] - selectOptionByValue(findTestObject("Object Repository/SORT_OR/Page_Ontario Cannabis Store  Ontari/select_Select01020304050607080"), "2", true): All options with value '2' are selected in object 'Object Repository/SORT_OR/Page_Ontario Cannabis Store  Ontari/select_Select01020304050607080'  using regular expression

2019-05-09 14:45:27 - [MESSAGE][PASSED] - All options with value '2' are selected in object 'Object Repository/SORT_OR/Page_Ontario Cannabis Store  Ontari/select_Select01020304050607080'  using regular expression

2019-05-09 14:45:27 - [TEST_STEP][PASSED] - selectOptionByValue(findTestObject("Object Repository/SORT_OR/Page_Ontario Cannabis Store  Ontari/select_SelectJanuary - 01Febru"), "2", true): All options with value '2' are selected in object 'Object Repository/SORT_OR/Page_Ontario Cannabis Store  Ontari/select_SelectJanuary - 01Febru'  using regular expression

2019-05-09 14:45:31 - [MESSAGE][PASSED] - All options with value '2' are selected in object 'Object Repository/SORT_OR/Page_Ontario Cannabis Store  Ontari/select_SelectJanuary - 01Febru'  using regular expression

2019-05-09 14:45:31 - [TEST_STEP][PASSED] - selectOptionByValue(findTestObject("Object Repository/SORT_OR/Page_Ontario Cannabis Store  Ontari/select_Select20182017201620152"), "2013", true): All options with value '2013' are selected in object 'Object Repository/SORT_OR/Page_Ontario Cannabis Store  Ontari/select_Select20182017201620152'  using regular expression

2019-05-09 14:45:54 - [MESSAGE][PASSED] - All options with value '2013' are selected in object 'Object Repository/SORT_OR/Page_Ontario Cannabis Store  Ontari/select_Select20182017201620152'  using regular expression

2019-05-09 14:45:54 - [TEST_STEP][PASSED] - click(findTestObject("Object Repository/SORT_OR/Page_Ontario Cannabis Store  Ontari/button_Verify")): Object: 'Object Repository/SORT_OR/Page_Ontario Cannabis Store  Ontari/button_Verify' is clicked on

2019-05-09 14:45:55 - [MESSAGE][PASSED] - Object: 'Object Repository/SORT_OR/Page_Ontario Cannabis Store  Ontari/button_Verify' is clicked on

2019-05-09 14:45:55 - [TEST_STEP][PASSED] - click(findTestObject("Object Repository/SORT_OR/Page_Ontario Cannabis Store  Ontari/span_CONFIRM AND ACKNOWLEDGE_c")): Object: 'Object Repository/SORT_OR/Page_Ontario Cannabis Store  Ontari/span_CONFIRM AND ACKNOWLEDGE_c' is clicked on

2019-05-09 14:45:55 - [MESSAGE][PASSED] - Object: 'Object Repository/SORT_OR/Page_Ontario Cannabis Store  Ontari/span_CONFIRM AND ACKNOWLEDGE_c' is clicked on

2019-05-09 14:45:55 - [TEST_STEP][PASSED] - click(findTestObject("Object Repository/SORT_OR/Page_Ontario Cannabis Store  Ontari/button_CONFIRM")): Object: 'Object Repository/SORT_OR/Page_Ontario Cannabis Store  Ontari/button_CONFIRM' is clicked on

2019-05-09 14:45:57 - [MESSAGE][PASSED] - Object: 'Object Repository/SORT_OR/Page_Ontario Cannabis Store  Ontari/button_CONFIRM' is clicked on

2019-05-09 14:45:57 - [TEST_STEP][PASSED] - click(findTestObject("Object Repository/SORT_OR/Page_Ontario Cannabis Store  Ontari/a_Oops Im actually 19 or older")): Object: 'Object Repository/SORT_OR/Page_Ontario Cannabis Store  Ontari/a_Oops Im actually 19 or older' is clicked on

2019-05-09 14:45:57 - [MESSAGE][PASSED] - Object: 'Object Repository/SORT_OR/Page_Ontario Cannabis Store  Ontari/a_Oops Im actually 19 or older' is clicked on

2019-05-09 14:45:57 - [TEST_STEP][PASSED] - selectOptionByValue(findTestObject("Object Repository/SORT_OR/Page_Ontario Cannabis Store  Ontari/select_Select01020304050607080"), "4", true): All options with value '4' are selected in object 'Object Repository/SORT_OR/Page_Ontario Cannabis Store  Ontari/select_Select01020304050607080'  using regular expression

2019-05-09 14:46:02 - [MESSAGE][PASSED] - All options with value '4' are selected in object 'Object Repository/SORT_OR/Page_Ontario Cannabis Store  Ontari/select_Select01020304050607080'  using regular expression

2019-05-09 14:46:02 - [TEST_STEP][PASSED] - selectOptionByValue(findTestObject("Object Repository/SORT_OR/Page_Ontario Cannabis Store  Ontari/select_SelectJanuary - 01Febru"), "9", true): All options with value '9' are selected in object 'Object Repository/SORT_OR/Page_Ontario Cannabis Store  Ontari/select_SelectJanuary - 01Febru'  using regular expression

2019-05-09 14:46:08 - [MESSAGE][PASSED] - All options with value '9' are selected in object 'Object Repository/SORT_OR/Page_Ontario Cannabis Store  Ontari/select_SelectJanuary - 01Febru'  using regular expression

2019-05-09 14:46:08 - [TEST_STEP][PASSED] - selectOptionByValue(findTestObject("Object Repository/SORT_OR/Page_Ontario Cannabis Store  Ontari/select_Select20182017201620152"), "1987", true): All options with value '1987' are selected in object 'Object Repository/SORT_OR/Page_Ontario Cannabis Store  Ontari/select_Select20182017201620152'  using regular expression

2019-05-09 14:46:34 - [MESSAGE][PASSED] - All options with value '1987' are selected in object 'Object Repository/SORT_OR/Page_Ontario Cannabis Store  Ontari/select_Select20182017201620152'  using regular expression

2019-05-09 14:46:34 - [TEST_STEP][PASSED] - click(findTestObject("Object Repository/SORT_OR/Page_Ontario Cannabis Store  Ontari/button_Verify")): Object: 'Object Repository/SORT_OR/Page_Ontario Cannabis Store  Ontari/button_Verify' is clicked on

2019-05-09 14:46:35 - [MESSAGE][PASSED] - Object: 'Object Repository/SORT_OR/Page_Ontario Cannabis Store  Ontari/button_Verify' is clicked on

2019-05-09 14:46:35 - [TEST_STEP][PASSED] - click(findTestObject("Object Repository/SORT_OR/Page_Ontario Cannabis Store  Ontari/span_CONFIRM AND ACKNOWLEDGE_c")): Object: 'Object Repository/SORT_OR/Page_Ontario Cannabis Store  Ontari/span_CONFIRM AND ACKNOWLEDGE_c' is clicked on

2019-05-09 14:46:36 - [MESSAGE][PASSED] - Object: 'Object Repository/SORT_OR/Page_Ontario Cannabis Store  Ontari/span_CONFIRM AND ACKNOWLEDGE_c' is clicked on

2019-05-09 14:46:36 - [TEST_STEP][PASSED] - click(findTestObject("Object Repository/SORT_OR/Page_Ontario Cannabis Store  Ontari/button_CONFIRM")): Object: 'Object Repository/SORT_OR/Page_Ontario Cannabis Store  Ontari/button_CONFIRM' is clicked on

2019-05-09 14:46:37 - [MESSAGE][PASSED] - Object: 'Object Repository/SORT_OR/Page_Ontario Cannabis Store  Ontari/button_CONFIRM' is clicked on

2019-05-09 14:46:37 - [TEST_STEP][PASSED] - click(findTestObject("Object Repository/SORT_OR/Page_Ontario Cannabis Store  Ontari/button_Start Browsing")): Object: 'Object Repository/SORT_OR/Page_Ontario Cannabis Store  Ontari/button_Start Browsing' is clicked on

2019-05-09 14:46:38 - [MESSAGE][PASSED] - Object: 'Object Repository/SORT_OR/Page_Ontario Cannabis Store  Ontari/button_Start Browsing' is clicked on

2019-05-09 14:46:38 - [TEST_STEP][PASSED] - delay(2): Delayed 2 second(s)

2019-05-09 14:46:40 - [MESSAGE][PASSED] - Delayed 2 second(s)

2019-05-09 14:46:40 - [TEST_STEP][NOT_RUN] - mouseOver(findTestObject("Object Repository/SORT_OR/Page_Ontario Cannabis Store  Ontari/h3_Cannabis")): NOT_RUN: mouseOver(findTestObject("Object Repository/SORT_OR/Page_Ontario Cannabis Store  Ontari/h3_Cannabis"))

2019-05-09 14:46:40 - [MESSAGE][NOT_RUN] - NOT_RUN: mouseOver(findTestObject("Object Repository/SORT_OR/Page_Ontario Cannabis Store  Ontari/h3_Cannabis"))

2019-05-09 14:46:40 - [TEST_STEP][PASSED] - mouseOver(findTestObject("OCS_CRITICAL PATH/cart flyout- price/Page_Ontario Cannabis Store  Ontari/h3_Cannabis")): Object: 'Object Repository/OCS_CRITICAL PATH/cart flyout- price/Page_Ontario Cannabis Store  Ontari/h3_Cannabis' is hovered

2019-05-09 14:46:40 - [MESSAGE][PASSED] - Object: 'Object Repository/OCS_CRITICAL PATH/cart flyout- price/Page_Ontario Cannabis Store  Ontari/h3_Cannabis' is hovered

2019-05-09 14:46:40 - [TEST_STEP][PASSED] - click(findTestObject("Object Repository/SORT_OR/Page_Ontario Cannabis Store  Ontari/span_Pre-Rolled")): Object: 'Object Repository/SORT_OR/Page_Ontario Cannabis Store  Ontari/span_Pre-Rolled' is clicked on

2019-05-09 14:46:44 - [MESSAGE][PASSED] - Object: 'Object Repository/SORT_OR/Page_Ontario Cannabis Store  Ontari/span_Pre-Rolled' is clicked on

2019-05-09 14:46:44 - [TEST_STEP][PASSED] - click(findTestObject("Object Repository/SORT_OR/Page_Pre-Rolled  Ontario Cannabis S/i_Pre-Rolled_icon--sort")): Object: 'Object Repository/SORT_OR/Page_Pre-Rolled  Ontario Cannabis S/i_Pre-Rolled_icon--sort' is clicked on

2019-05-09 14:46:45 - [MESSAGE][PASSED] - Object: 'Object Repository/SORT_OR/Page_Pre-Rolled  Ontario Cannabis S/i_Pre-Rolled_icon--sort' is clicked on

2019-05-09 14:46:45 - [TEST_STEP][PASSED] - click(findTestObject("Object Repository/SORT_OR/Page_Pre-Rolled  Ontario Cannabis S/label_Price Low to High")): Object: 'Object Repository/SORT_OR/Page_Pre-Rolled  Ontario Cannabis S/label_Price Low to High' is clicked on

2019-05-09 14:46:45 - [MESSAGE][PASSED] - Object: 'Object Repository/SORT_OR/Page_Pre-Rolled  Ontario Cannabis S/label_Price Low to High' is clicked on

2019-05-09 14:46:45 - [TEST_STEP][PASSED] - scrollToPosition(1200, 93): Browser is scrolled to position x = 1200, y = 93

2019-05-09 14:46:46 - [MESSAGE][PASSED] - Browser is scrolled to position x = 1200, y = 93

2019-05-09 14:46:46 - [TEST_STEP][PASSED] - delay(2): Delayed 2 second(s)

2019-05-09 14:46:48 - [MESSAGE][PASSED] - Delayed 2 second(s)

2019-05-09 14:46:48 - [TEST_STEP][PASSED] - click(findTestObject("SORT_OR/Page_Pre-Rolled  Ontario Cannabis S/i_Pre-Rolled_icon--sort_1")): Object: 'Object Repository/SORT_OR/Page_Pre-Rolled  Ontario Cannabis S/i_Pre-Rolled_icon--sort_1' is clicked on

2019-05-09 14:46:48 - [MESSAGE][PASSED] - Object: 'Object Repository/SORT_OR/Page_Pre-Rolled  Ontario Cannabis S/i_Pre-Rolled_icon--sort_1' is clicked on

2019-05-09 14:46:48 - [TEST_STEP][PASSED] - delay(2): Delayed 2 second(s)

2019-05-09 14:46:50 - [MESSAGE][PASSED] - Delayed 2 second(s)

2019-05-09 14:46:50 - [TEST_STEP][PASSED] - click(findTestObject("Object Repository/SORT_OR/Page_Pre-Rolled  Ontario Cannabis S/label_Price High to Low")): Object: 'Object Repository/SORT_OR/Page_Pre-Rolled  Ontario Cannabis S/label_Price High to Low' is clicked on

2019-05-09 14:46:53 - [MESSAGE][PASSED] - Object: 'Object Repository/SORT_OR/Page_Pre-Rolled  Ontario Cannabis S/label_Price High to Low' is clicked on

2019-05-09 14:46:53 - [TEST_STEP][PASSED] - delay(2): Delayed 2 second(s)

2019-05-09 14:46:55 - [MESSAGE][PASSED] - Delayed 2 second(s)

2019-05-09 14:46:55 - [TEST_STEP][PASSED] - scrollToPosition(570, 49): Browser is scrolled to position x = 570, y = 49

2019-05-09 14:46:55 - [MESSAGE][PASSED] - Browser is scrolled to position x = 570, y = 49

2019-05-09 14:46:55 - [TEST_STEP][PASSED] - click(findTestObject("Object Repository/SORT_OR/Page_Pre-Rolled  Ontario Cannabis S/i_Pre-Rolled_icon--sort")): Object: 'Object Repository/SORT_OR/Page_Pre-Rolled  Ontario Cannabis S/i_Pre-Rolled_icon--sort' is clicked on

2019-05-09 14:46:57 - [MESSAGE][PASSED] - Object: 'Object Repository/SORT_OR/Page_Pre-Rolled  Ontario Cannabis S/i_Pre-Rolled_icon--sort' is clicked on

2019-05-09 14:46:57 - [TEST_STEP][PASSED] - delay(2): Delayed 2 second(s)

2019-05-09 14:46:59 - [MESSAGE][PASSED] - Delayed 2 second(s)

2019-05-09 14:46:59 - [TEST_STEP][PASSED] - click(findTestObject("Object Repository/SORT_OR/Page_Pre-Rolled  Ontario Cannabis S/label_Alphabetically A - Z")): Object: 'Object Repository/SORT_OR/Page_Pre-Rolled  Ontario Cannabis S/label_Alphabetically A - Z' is clicked on

2019-05-09 14:47:01 - [MESSAGE][PASSED] - Object: 'Object Repository/SORT_OR/Page_Pre-Rolled  Ontario Cannabis S/label_Alphabetically A - Z' is clicked on

2019-05-09 14:47:01 - [TEST_STEP][PASSED] - delay(2): Delayed 2 second(s)

2019-05-09 14:47:03 - [MESSAGE][PASSED] - Delayed 2 second(s)

2019-05-09 14:47:03 - [TEST_STEP][PASSED] - scrollToPosition(570, 49): Browser is scrolled to position x = 570, y = 49

2019-05-09 14:47:03 - [MESSAGE][PASSED] - Browser is scrolled to position x = 570, y = 49

2019-05-09 14:47:03 - [TEST_STEP][PASSED] - click(findTestObject("Object Repository/SORT_OR/Page_Pre-Rolled  Ontario Cannabis S/i_Pre-Rolled_icon--sort")): Object: 'Object Repository/SORT_OR/Page_Pre-Rolled  Ontario Cannabis S/i_Pre-Rolled_icon--sort' is clicked on

2019-05-09 14:47:04 - [MESSAGE][PASSED] - Object: 'Object Repository/SORT_OR/Page_Pre-Rolled  Ontario Cannabis S/i_Pre-Rolled_icon--sort' is clicked on

2019-05-09 14:47:04 - [TEST_STEP][PASSED] - delay(2): Delayed 2 second(s)

2019-05-09 14:47:06 - [MESSAGE][PASSED] - Delayed 2 second(s)

2019-05-09 14:47:06 - [TEST_STEP][PASSED] - click(findTestObject("Object Repository/SORT_OR/Page_Pre-Rolled  Ontario Cannabis S/label_Alphabetically Z - A")): Object: 'Object Repository/SORT_OR/Page_Pre-Rolled  Ontario Cannabis S/label_Alphabetically Z - A' is clicked on

2019-05-09 14:47:07 - [MESSAGE][PASSED] - Object: 'Object Repository/SORT_OR/Page_Pre-Rolled  Ontario Cannabis S/label_Alphabetically Z - A' is clicked on

2019-05-09 14:47:07 - [TEST_STEP][PASSED] - delay(2): Delayed 2 second(s)

2019-05-09 14:47:09 - [MESSAGE][PASSED] - Delayed 2 second(s)

2019-05-09 14:47:09 - [TEST_STEP][PASSED] - scrollToPosition(570, 49): Browser is scrolled to position x = 570, y = 49

2019-05-09 14:47:10 - [MESSAGE][PASSED] - Browser is scrolled to position x = 570, y = 49

2019-05-09 14:47:10 - [TEST_STEP][PASSED] - click(findTestObject("Object Repository/SORT_OR/Page_Pre-Rolled  Ontario Cannabis S/i_Pre-Rolled_icon--sort")): Object: 'Object Repository/SORT_OR/Page_Pre-Rolled  Ontario Cannabis S/i_Pre-Rolled_icon--sort' is clicked on

2019-05-09 14:47:10 - [MESSAGE][PASSED] - Object: 'Object Repository/SORT_OR/Page_Pre-Rolled  Ontario Cannabis S/i_Pre-Rolled_icon--sort' is clicked on

2019-05-09 14:47:10 - [TEST_STEP][PASSED] - click(findTestObject("Object Repository/SORT_OR/Page_Pre-Rolled  Ontario Cannabis S/label_THC  Low to High")): Object: 'Object Repository/SORT_OR/Page_Pre-Rolled  Ontario Cannabis S/label_THC  Low to High' is clicked on

2019-05-09 14:47:11 - [MESSAGE][PASSED] - Object: 'Object Repository/SORT_OR/Page_Pre-Rolled  Ontario Cannabis S/label_THC  Low to High' is clicked on

2019-05-09 14:47:11 - [TEST_STEP][PASSED] - delay(2): Delayed 2 second(s)

2019-05-09 14:47:13 - [MESSAGE][PASSED] - Delayed 2 second(s)

2019-05-09 14:47:13 - [TEST_STEP][PASSED] - scrollToPosition(570, 49): Browser is scrolled to position x = 570, y = 49

2019-05-09 14:47:13 - [MESSAGE][PASSED] - Browser is scrolled to position x = 570, y = 49

2019-05-09 14:47:13 - [TEST_STEP][PASSED] - click(findTestObject("Object Repository/SORT_OR/Page_Pre-Rolled  Ontario Cannabis S/i_Pre-Rolled_icon--sort")): Object: 'Object Repository/SORT_OR/Page_Pre-Rolled  Ontario Cannabis S/i_Pre-Rolled_icon--sort' is clicked on

2019-05-09 14:47:14 - [MESSAGE][PASSED] - Object: 'Object Repository/SORT_OR/Page_Pre-Rolled  Ontario Cannabis S/i_Pre-Rolled_icon--sort' is clicked on

2019-05-09 14:47:14 - [TEST_STEP][PASSED] - click(findTestObject("Object Repository/SORT_OR/Page_Pre-Rolled  Ontario Cannabis S/label_THC  High to Low")): Object: 'Object Repository/SORT_OR/Page_Pre-Rolled  Ontario Cannabis S/label_THC  High to Low' is clicked on

2019-05-09 14:47:15 - [MESSAGE][PASSED] - Object: 'Object Repository/SORT_OR/Page_Pre-Rolled  Ontario Cannabis S/label_THC  High to Low' is clicked on

2019-05-09 14:47:15 - [TEST_STEP][PASSED] - delay(2): Delayed 2 second(s)

2019-05-09 14:47:17 - [MESSAGE][PASSED] - Delayed 2 second(s)

2019-05-09 14:47:17 - [TEST_STEP][PASSED] - scrollToPosition(570, 49): Browser is scrolled to position x = 570, y = 49

2019-05-09 14:47:17 - [MESSAGE][PASSED] - Browser is scrolled to position x = 570, y = 49

2019-05-09 14:47:17 - [TEST_STEP][PASSED] - click(findTestObject("Object Repository/SORT_OR/Page_Pre-Rolled  Ontario Cannabis S/i_Pre-Rolled_icon--sort")): Object: 'Object Repository/SORT_OR/Page_Pre-Rolled  Ontario Cannabis S/i_Pre-Rolled_icon--sort' is clicked on

2019-05-09 14:47:17 - [MESSAGE][PASSED] - Object: 'Object Repository/SORT_OR/Page_Pre-Rolled  Ontario Cannabis S/i_Pre-Rolled_icon--sort' is clicked on

2019-05-09 14:47:17 - [TEST_STEP][PASSED] - click(findTestObject("Object Repository/SORT_OR/Page_Pre-Rolled  Ontario Cannabis S/label_CBD  Low to High")): Object: 'Object Repository/SORT_OR/Page_Pre-Rolled  Ontario Cannabis S/label_CBD  Low to High' is clicked on

2019-05-09 14:47:18 - [MESSAGE][PASSED] - Object: 'Object Repository/SORT_OR/Page_Pre-Rolled  Ontario Cannabis S/label_CBD  Low to High' is clicked on

2019-05-09 14:47:18 - [TEST_STEP][PASSED] - delay(2): Delayed 2 second(s)

2019-05-09 14:47:20 - [MESSAGE][PASSED] - Delayed 2 second(s)

2019-05-09 14:47:20 - [TEST_STEP][PASSED] - scrollToPosition(570, 49): Browser is scrolled to position x = 570, y = 49

2019-05-09 14:47:20 - [MESSAGE][PASSED] - Browser is scrolled to position x = 570, y = 49

2019-05-09 14:47:20 - [TEST_STEP][PASSED] - click(findTestObject("Object Repository/SORT_OR/Page_Pre-Rolled  Ontario Cannabis S/i_Pre-Rolled_icon--sort")): Object: 'Object Repository/SORT_OR/Page_Pre-Rolled  Ontario Cannabis S/i_Pre-Rolled_icon--sort' is clicked on

2019-05-09 14:47:21 - [MESSAGE][PASSED] - Object: 'Object Repository/SORT_OR/Page_Pre-Rolled  Ontario Cannabis S/i_Pre-Rolled_icon--sort' is clicked on

2019-05-09 14:47:21 - [TEST_STEP][PASSED] - click(findTestObject("Object Repository/SORT_OR/Page_Pre-Rolled  Ontario Cannabis S/label_CBD  High to Low")): Object: 'Object Repository/SORT_OR/Page_Pre-Rolled  Ontario Cannabis S/label_CBD  High to Low' is clicked on

2019-05-09 14:47:23 - [MESSAGE][PASSED] - Object: 'Object Repository/SORT_OR/Page_Pre-Rolled  Ontario Cannabis S/label_CBD  High to Low' is clicked on]]></system-out>
         <system-err><![CDATA[]]></system-err>
      </testcase>
      <testcase name="Test Cases/OCS-COLLECTION PAGE/What to consider" classname="Test Cases/OCS-COLLECTION PAGE/What to consider" status="PASSED">
         <system-out><![CDATA[2019-05-09 14:47:23 - [TEST_CASE][PASSED] - Test Cases/OCS-COLLECTION PAGE/What to consider: Test Cases/OCS-COLLECTION PAGE/What to consider

2019-05-09 14:47:23 - [TEST_STEP][PASSED] - openBrowser(""): Browser is opened with url: ''

2019-05-09 14:47:23 - [MESSAGE][WARNING] - A browser is already opened. Closing browser and opening a new one

2019-05-09 14:47:24 - [MESSAGE][INFO] - Starting 'Remote' driver

2019-05-09 14:47:24 - [MESSAGE][INFO] - User set preference: ['os', 'windows']

2019-05-09 14:47:24 - [MESSAGE][INFO] - User set preference: ['os_version', '10']

2019-05-09 14:47:24 - [MESSAGE][INFO] - User set preference: ['browser', 'Firefox']

2019-05-09 14:47:24 - [MESSAGE][INFO] - User set preference: ['browser_version', '65']

2019-05-09 14:47:24 - [MESSAGE][INFO] - User set preference: ['resolution', '1280x800']

2019-05-09 14:47:24 - [MESSAGE][INFO] - Connecting to remote web server 'https://dianatest3:Z3oqw9ysqTeRQJq5wFCp@hub-cloud.browserstack.com/wd/hub' with type 'Selenium'

2019-05-09 14:47:33 - [MESSAGE][PASSED] - Browser is opened with url: ''

2019-05-09 14:47:33 - [TEST_STEP][PASSED] - navigateToUrl("https://ocs.ca/?fts=0&preview_theme_id=53373863756"): Navigate to 'https://ocs.ca/?fts=0&preview_theme_id=53373863756' successfully

2019-05-09 14:47:40 - [MESSAGE][PASSED] - Navigate to 'https://ocs.ca/?fts=0&preview_theme_id=53373863756' successfully

2019-05-09 14:47:40 - [TEST_STEP][PASSED] - click(findTestObject("Object Repository/Theme_oR/Page_Ontario Cannabis Store  Ontari/button_Close preview")): Object: 'Object Repository/Theme_oR/Page_Ontario Cannabis Store  Ontari/button_Close preview' is clicked on

2019-05-09 14:47:43 - [MESSAGE][PASSED] - Object: 'Object Repository/Theme_oR/Page_Ontario Cannabis Store  Ontari/button_Close preview' is clicked on

2019-05-09 14:47:43 - [TEST_STEP][PASSED] - selectOptionByValue(findTestObject("Object Repository/What to consider_OR/Page_Ontario Cannabis Store  Ontari/select_Select01020304050607080"), "18", true): All options with value '18' are selected in object 'Object Repository/What to consider_OR/Page_Ontario Cannabis Store  Ontari/select_Select01020304050607080'  using regular expression

2019-05-09 14:47:52 - [MESSAGE][PASSED] - All options with value '18' are selected in object 'Object Repository/What to consider_OR/Page_Ontario Cannabis Store  Ontari/select_Select01020304050607080'  using regular expression

2019-05-09 14:47:52 - [TEST_STEP][PASSED] - selectOptionByValue(findTestObject("Object Repository/What to consider_OR/Page_Ontario Cannabis Store  Ontari/select_SelectJanuary - 01Febru"), "9", true): All options with value '9' are selected in object 'Object Repository/What to consider_OR/Page_Ontario Cannabis Store  Ontari/select_SelectJanuary - 01Febru'  using regular expression

2019-05-09 14:47:58 - [MESSAGE][PASSED] - All options with value '9' are selected in object 'Object Repository/What to consider_OR/Page_Ontario Cannabis Store  Ontari/select_SelectJanuary - 01Febru'  using regular expression

2019-05-09 14:47:58 - [TEST_STEP][PASSED] - selectOptionByValue(findTestObject("Object Repository/What to consider_OR/Page_Ontario Cannabis Store  Ontari/select_Select20182017201620152"), "1955", true): All options with value '1955' are selected in object 'Object Repository/What to consider_OR/Page_Ontario Cannabis Store  Ontari/select_Select20182017201620152'  using regular expression

2019-05-09 14:48:32 - [MESSAGE][PASSED] - All options with value '1955' are selected in object 'Object Repository/What to consider_OR/Page_Ontario Cannabis Store  Ontari/select_Select20182017201620152'  using regular expression

2019-05-09 14:48:32 - [TEST_STEP][PASSED] - click(findTestObject("Object Repository/What to consider_OR/Page_Ontario Cannabis Store  Ontari/button_Verify")): Object: 'Object Repository/What to consider_OR/Page_Ontario Cannabis Store  Ontari/button_Verify' is clicked on

2019-05-09 14:48:33 - [MESSAGE][PASSED] - Object: 'Object Repository/What to consider_OR/Page_Ontario Cannabis Store  Ontari/button_Verify' is clicked on

2019-05-09 14:48:33 - [TEST_STEP][PASSED] - click(findTestObject("Object Repository/What to consider_OR/Page_Ontario Cannabis Store  Ontari/span_CONFIRM AND ACKNOWLEDGE_c")): Object: 'Object Repository/What to consider_OR/Page_Ontario Cannabis Store  Ontari/span_CONFIRM AND ACKNOWLEDGE_c' is clicked on

2019-05-09 14:48:34 - [MESSAGE][PASSED] - Object: 'Object Repository/What to consider_OR/Page_Ontario Cannabis Store  Ontari/span_CONFIRM AND ACKNOWLEDGE_c' is clicked on

2019-05-09 14:48:34 - [TEST_STEP][PASSED] - click(findTestObject("Object Repository/What to consider_OR/Page_Ontario Cannabis Store  Ontari/button_CONFIRM")): Object: 'Object Repository/What to consider_OR/Page_Ontario Cannabis Store  Ontari/button_CONFIRM' is clicked on

2019-05-09 14:48:35 - [MESSAGE][PASSED] - Object: 'Object Repository/What to consider_OR/Page_Ontario Cannabis Store  Ontari/button_CONFIRM' is clicked on

2019-05-09 14:48:35 - [TEST_STEP][PASSED] - click(findTestObject("Object Repository/What to consider_OR/Page_Ontario Cannabis Store  Ontari/button_Start Browsing")): Object: 'Object Repository/What to consider_OR/Page_Ontario Cannabis Store  Ontari/button_Start Browsing' is clicked on

2019-05-09 14:48:35 - [MESSAGE][PASSED] - Object: 'Object Repository/What to consider_OR/Page_Ontario Cannabis Store  Ontari/button_Start Browsing' is clicked on

2019-05-09 14:48:35 - [TEST_STEP][PASSED] - delay(2): Delayed 2 second(s)

2019-05-09 14:48:37 - [MESSAGE][PASSED] - Delayed 2 second(s)

2019-05-09 14:48:37 - [TEST_STEP][NOT_RUN] - mouseOver(findTestObject("What to consider_OR/Page_Ontario Cannabis Store  Ontari/h3_Cannabis")): NOT_RUN: mouseOver(findTestObject("What to consider_OR/Page_Ontario Cannabis Store  Ontari/h3_Cannabis"))

2019-05-09 14:48:37 - [MESSAGE][NOT_RUN] - NOT_RUN: mouseOver(findTestObject("What to consider_OR/Page_Ontario Cannabis Store  Ontari/h3_Cannabis"))

2019-05-09 14:48:37 - [TEST_STEP][PASSED] - mouseOver(findTestObject("OCS_CRITICAL PATH/cart flyout- price/Page_Ontario Cannabis Store  Ontari/h3_Cannabis")): Object: 'Object Repository/OCS_CRITICAL PATH/cart flyout- price/Page_Ontario Cannabis Store  Ontari/h3_Cannabis' is hovered

2019-05-09 14:48:38 - [MESSAGE][PASSED] - Object: 'Object Repository/OCS_CRITICAL PATH/cart flyout- price/Page_Ontario Cannabis Store  Ontari/h3_Cannabis' is hovered

2019-05-09 14:48:38 - [TEST_STEP][PASSED] - click(findTestObject("Object Repository/What to consider_OR/Page_Ontario Cannabis Store  Ontari/span_Pre-Rolled")): Object: 'Object Repository/What to consider_OR/Page_Ontario Cannabis Store  Ontari/span_Pre-Rolled' is clicked on

2019-05-09 14:48:41 - [MESSAGE][PASSED] - Object: 'Object Repository/What to consider_OR/Page_Ontario Cannabis Store  Ontari/span_Pre-Rolled' is clicked on

2019-05-09 14:48:41 - [TEST_STEP][PASSED] - click(findTestObject("Object Repository/What to consider_OR/Page_Pre-Rolled  Ontario Cannabis S/a_What to consider")): Object: 'Object Repository/What to consider_OR/Page_Pre-Rolled  Ontario Cannabis S/a_What to consider' is clicked on

2019-05-09 14:48:46 - [MESSAGE][PASSED] - Object: 'Object Repository/What to consider_OR/Page_Pre-Rolled  Ontario Cannabis S/a_What to consider' is clicked on

2019-05-09 14:48:46 - [TEST_STEP][PASSED] - back(): Navigate back successfully

2019-05-09 14:48:50 - [MESSAGE][PASSED] - Navigate back successfully]]></system-out>
         <system-err><![CDATA[]]></system-err>
      </testcase>
      <system-out><![CDATA[2019-05-09 14:36:44 - [TEST_SUITE][PASSED] - COLLECTION PAGE-09-05-2019: Test Cases/OCS-COLLECTION PAGE/What to consider]]></system-out>
      <system-err><![CDATA[]]></system-err>
   </testsuite>
</testsuites>
