<?xml version="1.0" encoding="UTF-8"?>
<testsuites name="CRITICAL PATH - 21- 05-19" time="817" tests="10" failures="1" errors="0">
   <testsuite name="CRITICAL PATH - 21- 05-19" tests="10" failures="1" errors="0" time="817" timestamp="2019-05-21 17:19:02" hostname="sumankompelly - 10.0.126.233" id="Test Suites/OCS- MOBILE/CRITICAL PATH - 21- 05-19">
      <properties>
         <property name="deviceName" value=""/>
         <property name="devicePlatform" value=""/>
         <property name="logFolder" value="/Users/sumankompelly/git/Ontario-cannbis-store/Reports/OCS- MOBILE/CRITICAL PATH - 21- 05-19/20190521_171900"/>
         <property name="logFiles" value="/Users/sumankompelly/git/Ontario-cannbis-store/Reports/OCS- MOBILE/CRITICAL PATH - 21- 05-19/20190521_171900/execution0.log"/>
         <property name="attachments" value="/Users/sumankompelly/git/Ontario-cannbis-store/Reports/OCS- MOBILE/CRITICAL PATH - 21- 05-19/20190521_171900/1558473595762.png, /Users/sumankompelly/git/Ontario-cannbis-store/Reports/OCS- MOBILE/CRITICAL PATH - 21- 05-19/20190521_171900/1558473723290.png, /Users/sumankompelly/git/Ontario-cannbis-store/Reports/OCS- MOBILE/CRITICAL PATH - 21- 05-19/20190521_171900/1558473880843.png, /Users/sumankompelly/git/Ontario-cannbis-store/Reports/OCS- MOBILE/CRITICAL PATH - 21- 05-19/20190521_171900/1558474277938.png"/>
         <property name="hostName" value="sumankompelly - 10.0.126.233"/>
         <property name="os" value="Mac OS X 64bit"/>
         <property name="katalonVersion" value="5.10.1.1"/>
         <property name="browser" value="Firefox 66.0"/>
         <property name="hostAddress" value="10.0.126.233"/>
         <property name="sessionId" value="84ca9630-ab14-e342-ae19-6f410e20c7ab"/>
         <property name="seleniumVersion" value="3.7.1"/>
         <property name="proxyInformation" value="ProxyInformation{proxyOption=NO_PROXY, proxyServerType=HTTP, password=, proxyServerAddress=, proxyServerPort=0}"/>
         <property name="platform" value="Mac OS X"/>
      </properties>
      <testcase name="Test Cases/OCS - MOBILE/OCS- CRITICAL PATH/Cart" classname="Test Cases/OCS - MOBILE/OCS- CRITICAL PATH/Cart" status="PASSED">
         <system-out><![CDATA[2019-05-21 17:19:03 - [TEST_CASE][PASSED] - Test Cases/OCS - MOBILE/OCS- CRITICAL PATH/Cart: Test Cases/OCS - MOBILE/OCS- CRITICAL PATH/Cart

2019-05-21 17:19:03 - [TEST_STEP][PASSED] - openBrowser(""): Browser is opened with url: ''

2019-05-21 17:19:04 - [MESSAGE][INFO] - Starting 'Firefox' driver

2019-05-21 17:19:04 - [MESSAGE][INFO] - Action delay is set to 0 seconds

2019-05-21 17:19:06 - [MESSAGE][PASSED] - Browser is opened with url: ''

2019-05-21 17:19:06 - [TEST_STEP][PASSED] - navigateToUrl("https://ocs.ca/?fts=0&preview_theme_id=53373863756"): Navigate to 'https://ocs.ca/?fts=0&preview_theme_id=53373863756' successfully

2019-05-21 17:19:12 - [MESSAGE][PASSED] - Navigate to 'https://ocs.ca/?fts=0&preview_theme_id=53373863756' successfully

2019-05-21 17:19:12 - [TEST_STEP][PASSED] - setViewPortSize(360, 800): Viewport is set to new size with width = 360 and height = 800

2019-05-21 17:19:12 - [MESSAGE][PASSED] - Viewport is set to new size with width = 360 and height = 800

2019-05-21 17:19:12 - [TEST_STEP][PASSED] - delay(4): Delayed 4 second(s)

2019-05-21 17:19:16 - [MESSAGE][PASSED] - Delayed 4 second(s)

2019-05-21 17:19:16 - [TEST_STEP][PASSED] - selectOptionByValue(findTestObject("OCS-MOBILE /Age gate and burger menu/Date"), "12", true): All options with value '12' are selected in object 'Object Repository/OCS-MOBILE /Age gate and burger menu/Date'  using regular expression

2019-05-21 17:19:17 - [MESSAGE][PASSED] - All options with value '12' are selected in object 'Object Repository/OCS-MOBILE /Age gate and burger menu/Date'  using regular expression

2019-05-21 17:19:17 - [TEST_STEP][PASSED] - selectOptionByValue(findTestObject("OCS-MOBILE /Age gate and burger menu/month"), "6", true): All options with value '6' are selected in object 'Object Repository/OCS-MOBILE /Age gate and burger menu/month'  using regular expression

2019-05-21 17:19:17 - [MESSAGE][PASSED] - All options with value '6' are selected in object 'Object Repository/OCS-MOBILE /Age gate and burger menu/month'  using regular expression

2019-05-21 17:19:17 - [TEST_STEP][PASSED] - delay(2): Delayed 2 second(s)

2019-05-21 17:19:19 - [MESSAGE][PASSED] - Delayed 2 second(s)

2019-05-21 17:19:19 - [TEST_STEP][PASSED] - selectOptionByValue(findTestObject("OCS-MOBILE /Age gate and burger menu/Year Dropdown"), "1990", true): All options with value '1990' are selected in object 'Object Repository/OCS-MOBILE /Age gate and burger menu/Year Dropdown'  using regular expression

2019-05-21 17:19:21 - [MESSAGE][PASSED] - All options with value '1990' are selected in object 'Object Repository/OCS-MOBILE /Age gate and burger menu/Year Dropdown'  using regular expression

2019-05-21 17:19:21 - [TEST_STEP][PASSED] - click(findTestObject("OCS-MOBILE /Age gate and burger menu/button_Verify")): Object: 'Object Repository/OCS-MOBILE /Age gate and burger menu/button_Verify' is clicked on

2019-05-21 17:19:21 - [MESSAGE][PASSED] - Object: 'Object Repository/OCS-MOBILE /Age gate and burger menu/button_Verify' is clicked on

2019-05-21 17:19:21 - [TEST_STEP][PASSED] - click(findTestObject("OCS-MOBILE /Age gate and burger menu/Checkbox_CONFIRM AND ACKNOWLEDGE")): Object: 'Object Repository/OCS-MOBILE /Age gate and burger menu/Checkbox_CONFIRM AND ACKNOWLEDGE' is clicked on

2019-05-21 17:19:21 - [MESSAGE][PASSED] - Object: 'Object Repository/OCS-MOBILE /Age gate and burger menu/Checkbox_CONFIRM AND ACKNOWLEDGE' is clicked on

2019-05-21 17:19:21 - [TEST_STEP][PASSED] - click(findTestObject("OCS-MOBILE /Age gate and burger menu/button_CONFIRM")): Object: 'Object Repository/OCS-MOBILE /Age gate and burger menu/button_CONFIRM' is clicked on

2019-05-21 17:19:22 - [MESSAGE][PASSED] - Object: 'Object Repository/OCS-MOBILE /Age gate and burger menu/button_CONFIRM' is clicked on

2019-05-21 17:19:22 - [TEST_STEP][PASSED] - click(findTestObject("OCS-MOBILE /Age gate and burger menu/button_Start Browsing")): Object: 'Object Repository/OCS-MOBILE /Age gate and burger menu/button_Start Browsing' is clicked on

2019-05-21 17:19:22 - [MESSAGE][PASSED] - Object: 'Object Repository/OCS-MOBILE /Age gate and burger menu/button_Start Browsing' is clicked on

2019-05-21 17:19:22 - [TEST_STEP][PASSED] - delay(2): Delayed 2 second(s)

2019-05-21 17:19:24 - [MESSAGE][PASSED] - Delayed 2 second(s)

2019-05-21 17:19:24 - [TEST_STEP][PASSED] - click(findTestObject("OCS-MOBILE /Age gate and burger menu/Burger menu - English")): Object: 'Object Repository/OCS-MOBILE /Age gate and burger menu/Burger menu - English' is clicked on

2019-05-21 17:19:24 - [MESSAGE][PASSED] - Object: 'Object Repository/OCS-MOBILE /Age gate and burger menu/Burger menu - English' is clicked on

2019-05-21 17:19:24 - [TEST_STEP][PASSED] - delay(2): Delayed 2 second(s)

2019-05-21 17:19:26 - [MESSAGE][PASSED] - Delayed 2 second(s)

2019-05-21 17:19:26 - [TEST_STEP][PASSED] - click(findTestObject("OCS-MOBILE /Age gate and burger menu/Chevron_Cannabis")): Object: 'Object Repository/OCS-MOBILE /Age gate and burger menu/Chevron_Cannabis' is clicked on

2019-05-21 17:19:26 - [MESSAGE][PASSED] - Object: 'Object Repository/OCS-MOBILE /Age gate and burger menu/Chevron_Cannabis' is clicked on

2019-05-21 17:19:26 - [TEST_STEP][PASSED] - delay(2): Delayed 2 second(s)

2019-05-21 17:19:28 - [MESSAGE][PASSED] - Delayed 2 second(s)

2019-05-21 17:19:28 - [TEST_STEP][PASSED] - click(findTestObject("OCS-MOBILE /Age gate and burger menu/Dried Flower_Plus icon")): Object: 'Object Repository/OCS-MOBILE /Age gate and burger menu/Dried Flower_Plus icon' is clicked on

2019-05-21 17:19:29 - [MESSAGE][PASSED] - Object: 'Object Repository/OCS-MOBILE /Age gate and burger menu/Dried Flower_Plus icon' is clicked on

2019-05-21 17:19:29 - [TEST_STEP][PASSED] - delay(2): Delayed 2 second(s)

2019-05-21 17:19:31 - [MESSAGE][PASSED] - Delayed 2 second(s)

2019-05-21 17:19:31 - [TEST_STEP][PASSED] - click(findTestObject("OCS-MOBILE /Age gate and burger menu/Indica Dominant_Menu item")): Object: 'Object Repository/OCS-MOBILE /Age gate and burger menu/Indica Dominant_Menu item' is clicked on

2019-05-21 17:19:33 - [MESSAGE][PASSED] - Object: 'Object Repository/OCS-MOBILE /Age gate and burger menu/Indica Dominant_Menu item' is clicked on

2019-05-21 17:19:33 - [TEST_STEP][PASSED] - delay(2): Delayed 2 second(s)

2019-05-21 17:19:35 - [MESSAGE][PASSED] - Delayed 2 second(s)

2019-05-21 17:19:35 - [TEST_STEP][PASSED] - click(findTestObject("OCS-MOBILE /Collection page/Product image - 1st one")): Object: 'Object Repository/OCS-MOBILE /Collection page/Product image - 1st one' is clicked on

2019-05-21 17:19:38 - [MESSAGE][PASSED] - Object: 'Object Repository/OCS-MOBILE /Collection page/Product image - 1st one' is clicked on

2019-05-21 17:19:38 - [TEST_STEP][PASSED] - scrollToElement(findTestObject("OCS-MOBILE /Product page/Product image"), 1): Scroll to object 'Object Repository/OCS-MOBILE /Product page/Product image' successfully

2019-05-21 17:19:38 - [MESSAGE][PASSED] - Scroll to object 'Object Repository/OCS-MOBILE /Product page/Product image' successfully

2019-05-21 17:19:38 - [TEST_STEP][PASSED] - delay(2): Delayed 2 second(s)

2019-05-21 17:19:40 - [MESSAGE][PASSED] - Delayed 2 second(s)

2019-05-21 17:19:40 - [TEST_STEP][PASSED] - click(findTestObject("OCS-MOBILE /Product page/Swatch_1g")): Object: 'Object Repository/OCS-MOBILE /Product page/Swatch_1g' is clicked on

2019-05-21 17:19:40 - [MESSAGE][PASSED] - Object: 'Object Repository/OCS-MOBILE /Product page/Swatch_1g' is clicked on

2019-05-21 17:19:40 - [TEST_STEP][PASSED] - scrollToElement(findTestObject("OCS-MOBILE /Product page/Swatch_3.5g"), 1): Scroll to object 'Object Repository/OCS-MOBILE /Product page/Swatch_3.5g' successfully

2019-05-21 17:19:40 - [MESSAGE][PASSED] - Scroll to object 'Object Repository/OCS-MOBILE /Product page/Swatch_3.5g' successfully

2019-05-21 17:19:40 - [TEST_STEP][PASSED] - delay(2): Delayed 2 second(s)

2019-05-21 17:19:42 - [MESSAGE][PASSED] - Delayed 2 second(s)

2019-05-21 17:19:42 - [TEST_STEP][PASSED] - click(findTestObject("OCS-MOBILE /Product page/Add to Bag-button")): Object: 'Object Repository/OCS-MOBILE /Product page/Add to Bag-button' is clicked on

2019-05-21 17:19:42 - [MESSAGE][PASSED] - Object: 'Object Repository/OCS-MOBILE /Product page/Add to Bag-button' is clicked on

2019-05-21 17:19:42 - [TEST_STEP][PASSED] - delay(2): Delayed 2 second(s)

2019-05-21 17:19:45 - [MESSAGE][PASSED] - Delayed 2 second(s)

2019-05-21 17:19:45 - [TEST_STEP][PASSED] - setViewPortSize(1000, 800, OPTIONAL): Viewport is set to new size with width = 1000 and height = 800

2019-05-21 17:19:45 - [MESSAGE][PASSED] - Viewport is set to new size with width = 1000 and height = 800

2019-05-21 17:19:45 - [TEST_STEP][PASSED] - delay(2, OPTIONAL): Delayed 2 second(s)

2019-05-21 17:19:47 - [MESSAGE][PASSED] - Delayed 2 second(s)

2019-05-21 17:19:47 - [TEST_STEP][PASSED] - click(findTestObject("Theme_oR/Page_Ontario Cannabis Store  Ontari/button_Hide bar"), OPTIONAL): Object: 'Object Repository/Theme_oR/Page_Ontario Cannabis Store  Ontari/button_Hide bar' is clicked on

2019-05-21 17:19:47 - [MESSAGE][PASSED] - Object: 'Object Repository/Theme_oR/Page_Ontario Cannabis Store  Ontari/button_Hide bar' is clicked on

2019-05-21 17:19:47 - [TEST_STEP][PASSED] - delay(2, OPTIONAL): Delayed 2 second(s)

2019-05-21 17:19:49 - [MESSAGE][PASSED] - Delayed 2 second(s)

2019-05-21 17:19:49 - [TEST_STEP][PASSED] - setViewPortSize(360, 800, OPTIONAL): Viewport is set to new size with width = 360 and height = 800

2019-05-21 17:19:49 - [MESSAGE][PASSED] - Viewport is set to new size with width = 360 and height = 800

2019-05-21 17:19:49 - [TEST_STEP][PASSED] - delay(2): Delayed 2 second(s)

2019-05-21 17:19:51 - [MESSAGE][PASSED] - Delayed 2 second(s)

2019-05-21 17:19:51 - [TEST_STEP][PASSED] - click(findTestObject("OCS-MOBILE /Cart flyout/Back icon")): Object: 'Object Repository/OCS-MOBILE /Cart flyout/Back icon' is clicked on

2019-05-21 17:19:51 - [MESSAGE][PASSED] - Object: 'Object Repository/OCS-MOBILE /Cart flyout/Back icon' is clicked on

2019-05-21 17:19:51 - [TEST_STEP][PASSED] - delay(2): Delayed 2 second(s)

2019-05-21 17:19:53 - [MESSAGE][PASSED] - Delayed 2 second(s)

2019-05-21 17:19:53 - [TEST_STEP][PASSED] - scrollToElement(findTestObject("OCS-MOBILE /Product page/Product image"), 1): Scroll to object 'Object Repository/OCS-MOBILE /Product page/Product image' successfully

2019-05-21 17:19:53 - [MESSAGE][PASSED] - Scroll to object 'Object Repository/OCS-MOBILE /Product page/Product image' successfully

2019-05-21 17:19:53 - [TEST_STEP][PASSED] - delay(2): Delayed 2 second(s)

2019-05-21 17:19:55 - [MESSAGE][PASSED] - Delayed 2 second(s)

2019-05-21 17:19:55 - [TEST_STEP][PASSED] - flag = verifyElementPresent(findTestObject("OCS-MOBILE /Product page/Swatch_3.5g"), 0): Object 'Object Repository/OCS-MOBILE /Product page/Swatch_3.5g' is present

2019-05-21 17:19:55 - [MESSAGE][WARNING] - Timeout '0' is invalid. Using default page load timeout: '30'

2019-05-21 17:19:55 - [MESSAGE][PASSED] - Object 'Object Repository/OCS-MOBILE /Product page/Swatch_3.5g' is present

2019-05-21 17:19:55 - [TEST_STEP][PASSED] - comment(" flag=" + flag):  flag=true

2019-05-21 17:19:55 - [MESSAGE][INFO] -  flag=true

2019-05-21 17:19:55 - [TEST_STEP][PASSED] - takeScreenshot(): Taking screenshot successfully

2019-05-21 17:19:55 - [MESSAGE][PASSED] - Taking screenshot successfully
[[ATTACHMENT|/Users/sumankompelly/git/Ontario-cannbis-store/Reports/OCS- MOBILE/CRITICAL PATH - 21- 05-19/20190521_171900/1558473595762.png]]

2019-05-21 17:19:55 - [TEST_STEP][PASSED] - if (flag == true): Actual object '9.75' and expected object '9.75' are equal

2019-05-21 17:19:55 - [TEST_STEP][PASSED] - delay(2): Delayed 2 second(s)

2019-05-21 17:19:57 - [MESSAGE][PASSED] - Delayed 2 second(s)

2019-05-21 17:19:57 - [TEST_STEP][PASSED] - click(findTestObject("OCS-MOBILE /Product page/Swatch_3.5g"), CONTINUE_ON_FAILURE): Object: 'Object Repository/OCS-MOBILE /Product page/Swatch_3.5g' is clicked on

2019-05-21 17:19:58 - [MESSAGE][PASSED] - Object: 'Object Repository/OCS-MOBILE /Product page/Swatch_3.5g' is clicked on

2019-05-21 17:19:58 - [TEST_STEP][PASSED] - click(findTestObject("OCS-MOBILE /Product page/Add to Bag-button")): Object: 'Object Repository/OCS-MOBILE /Product page/Add to Bag-button' is clicked on

2019-05-21 17:19:58 - [MESSAGE][PASSED] - Object: 'Object Repository/OCS-MOBILE /Product page/Add to Bag-button' is clicked on

2019-05-21 17:19:58 - [TEST_STEP][PASSED] - delay(2): Delayed 2 second(s)

2019-05-21 17:20:00 - [MESSAGE][PASSED] - Delayed 2 second(s)

2019-05-21 17:20:00 - [TEST_STEP][PASSED] - click(findTestObject("OCS-MOBILE /Cart flyout/Checkbox_I confirm that")): Object: 'Object Repository/OCS-MOBILE /Cart flyout/Checkbox_I confirm that' is clicked on

2019-05-21 17:20:00 - [MESSAGE][PASSED] - Object: 'Object Repository/OCS-MOBILE /Cart flyout/Checkbox_I confirm that' is clicked on

2019-05-21 17:20:00 - [TEST_STEP][PASSED] - click(findTestObject("OCS-MOBILE /Cart flyout/Checkbox_Accept the Terms Condition")): Object: 'Object Repository/OCS-MOBILE /Cart flyout/Checkbox_Accept the Terms Condition' is clicked on

2019-05-21 17:20:00 - [MESSAGE][PASSED] - Object: 'Object Repository/OCS-MOBILE /Cart flyout/Checkbox_Accept the Terms Condition' is clicked on

2019-05-21 17:20:00 - [TEST_STEP][PASSED] - delay(2): Delayed 2 second(s)

2019-05-21 17:20:02 - [MESSAGE][PASSED] - Delayed 2 second(s)

2019-05-21 17:20:02 - [TEST_STEP][PASSED] - click(findTestObject("OCS-MOBILE /Cart flyout/Checkout - Button")): Object: 'Object Repository/OCS-MOBILE /Cart flyout/Checkout - Button' is clicked on

2019-05-21 17:20:05 - [MESSAGE][PASSED] - Object: 'Object Repository/OCS-MOBILE /Cart flyout/Checkout - Button' is clicked on

2019-05-21 17:20:05 - [TEST_STEP][PASSED] - delay(2): Delayed 2 second(s)

2019-05-21 17:20:07 - [MESSAGE][PASSED] - Delayed 2 second(s)

2019-05-21 17:20:07 - [TEST_STEP][PASSED] - scrollToElement(findTestObject("OCS-MOBILE /Customer info page/Return to Cart - Link"), 1): Scroll to object 'Object Repository/OCS-MOBILE /Customer info page/Return to Cart - Link' successfully

2019-05-21 17:20:07 - [MESSAGE][PASSED] - Scroll to object 'Object Repository/OCS-MOBILE /Customer info page/Return to Cart - Link' successfully

2019-05-21 17:20:07 - [TEST_STEP][PASSED] - delay(2): Delayed 2 second(s)

2019-05-21 17:20:09 - [MESSAGE][PASSED] - Delayed 2 second(s)

2019-05-21 17:20:09 - [TEST_STEP][PASSED] - setViewPortSize(1000, 800, OPTIONAL): Viewport is set to new size with width = 1000 and height = 800

2019-05-21 17:20:09 - [MESSAGE][PASSED] - Viewport is set to new size with width = 1000 and height = 800

2019-05-21 17:20:09 - [TEST_STEP][PASSED] - delay(2, OPTIONAL): Delayed 2 second(s)

2019-05-21 17:20:11 - [MESSAGE][PASSED] - Delayed 2 second(s)

2019-05-21 17:20:11 - [TEST_STEP][PASSED] - click(findTestObject("Theme_oR/Page_Ontario Cannabis Store  Ontari/button_Hide bar"), OPTIONAL): Object: 'Object Repository/Theme_oR/Page_Ontario Cannabis Store  Ontari/button_Hide bar' is clicked on

2019-05-21 17:20:11 - [MESSAGE][PASSED] - Object: 'Object Repository/Theme_oR/Page_Ontario Cannabis Store  Ontari/button_Hide bar' is clicked on

2019-05-21 17:20:11 - [TEST_STEP][PASSED] - delay(2, OPTIONAL): Delayed 2 second(s)

2019-05-21 17:20:13 - [MESSAGE][PASSED] - Delayed 2 second(s)

2019-05-21 17:20:13 - [TEST_STEP][PASSED] - setViewPortSize(360, 800, OPTIONAL): Viewport is set to new size with width = 360 and height = 800

2019-05-21 17:20:13 - [MESSAGE][PASSED] - Viewport is set to new size with width = 360 and height = 800

2019-05-21 17:20:13 - [TEST_STEP][PASSED] - delay(1): Delayed 1 second(s)

2019-05-21 17:20:14 - [MESSAGE][PASSED] - Delayed 1 second(s)

2019-05-21 17:20:14 - [TEST_STEP][PASSED] - click(findTestObject("OCS-MOBILE /Customer info page/Return to Cart - Link")): Object: 'Object Repository/OCS-MOBILE /Customer info page/Return to Cart - Link' is clicked on

2019-05-21 17:20:16 - [MESSAGE][PASSED] - Object: 'Object Repository/OCS-MOBILE /Customer info page/Return to Cart - Link' is clicked on

2019-05-21 17:20:16 - [TEST_STEP][PASSED] - delay(2): Delayed 2 second(s)

2019-05-21 17:20:18 - [MESSAGE][PASSED] - Delayed 2 second(s)

2019-05-21 17:20:18 - [TEST_STEP][PASSED] - setViewPortSize(1000, 800, OPTIONAL): Viewport is set to new size with width = 1000 and height = 800

2019-05-21 17:20:18 - [MESSAGE][PASSED] - Viewport is set to new size with width = 1000 and height = 800

2019-05-21 17:20:18 - [TEST_STEP][PASSED] - delay(2, OPTIONAL): Delayed 2 second(s)

2019-05-21 17:20:20 - [MESSAGE][PASSED] - Delayed 2 second(s)

2019-05-21 17:20:20 - [TEST_STEP][PASSED] - click(findTestObject("Theme_oR/Page_Ontario Cannabis Store  Ontari/button_Hide bar"), OPTIONAL): Object: 'Object Repository/Theme_oR/Page_Ontario Cannabis Store  Ontari/button_Hide bar' is clicked on

2019-05-21 17:20:20 - [MESSAGE][PASSED] - Object: 'Object Repository/Theme_oR/Page_Ontario Cannabis Store  Ontari/button_Hide bar' is clicked on

2019-05-21 17:20:20 - [TEST_STEP][PASSED] - delay(2, OPTIONAL): Delayed 2 second(s)

2019-05-21 17:20:22 - [MESSAGE][PASSED] - Delayed 2 second(s)

2019-05-21 17:20:22 - [TEST_STEP][PASSED] - setViewPortSize(360, 800, OPTIONAL): Viewport is set to new size with width = 360 and height = 800

2019-05-21 17:20:22 - [MESSAGE][PASSED] - Viewport is set to new size with width = 360 and height = 800

2019-05-21 17:20:22 - [TEST_STEP][PASSED] - delay(1, OPTIONAL): Delayed 1 second(s)

2019-05-21 17:20:23 - [MESSAGE][PASSED] - Delayed 1 second(s)

2019-05-21 17:20:23 - [TEST_STEP][PASSED] - a = getText(findTestObject("OCS-MOBILE /Cart page/Unit price - 1st product")): Text of object 'Object Repository/OCS-MOBILE /Cart page/Unit price - 1st product' is: '$32.40'

2019-05-21 17:20:24 - [MESSAGE][PASSED] - Text of object 'Object Repository/OCS-MOBILE /Cart page/Unit price - 1st product' is: '$32.40'

2019-05-21 17:20:24 - [TEST_STEP][PASSED] - comment(a): $32.40

2019-05-21 17:20:24 - [MESSAGE][INFO] - $32.40

2019-05-21 17:20:24 - [TEST_STEP][PASSED] - a1 = a.substring(1): null

2019-05-21 17:20:24 - [TEST_STEP][PASSED] - comment("a1 = " + a1): a1 = 32.40

2019-05-21 17:20:24 - [MESSAGE][INFO] - a1 = 32.40

2019-05-21 17:20:24 - [TEST_STEP][PASSED] - delay(2): Delayed 2 second(s)

2019-05-21 17:20:26 - [MESSAGE][PASSED] - Delayed 2 second(s)

2019-05-21 17:20:26 - [TEST_STEP][PASSED] - b = getText(findTestObject("OCS-MOBILE /Cart page/Unit price - 2nd product")): Text of object 'Object Repository/OCS-MOBILE /Cart page/Unit price - 2nd product' is: '$9.75'

2019-05-21 17:20:26 - [MESSAGE][PASSED] - Text of object 'Object Repository/OCS-MOBILE /Cart page/Unit price - 2nd product' is: '$9.75'

2019-05-21 17:20:26 - [TEST_STEP][PASSED] - comment(b): $9.75

2019-05-21 17:20:26 - [MESSAGE][INFO] - $9.75

2019-05-21 17:20:26 - [TEST_STEP][PASSED] - a2 = b.substring(1): null

2019-05-21 17:20:26 - [TEST_STEP][PASSED] - comment("a2 = " + a2): a2 = 9.75

2019-05-21 17:20:26 - [MESSAGE][INFO] - a2 = 9.75

2019-05-21 17:20:26 - [TEST_STEP][PASSED] - c = getText(findTestObject("OCS-MOBILE /Cart page/Sub-total")): Text of object 'Object Repository/OCS-MOBILE /Cart page/Sub-total' is: '$42.15'

2019-05-21 17:20:26 - [MESSAGE][PASSED] - Text of object 'Object Repository/OCS-MOBILE /Cart page/Sub-total' is: '$42.15'

2019-05-21 17:20:26 - [TEST_STEP][PASSED] - comment(c): $42.15

2019-05-21 17:20:26 - [MESSAGE][INFO] - $42.15

2019-05-21 17:20:26 - [TEST_STEP][PASSED] - a3 = c.substring(1): null

2019-05-21 17:20:26 - [TEST_STEP][PASSED] - comment("a3 = " + a3): a3 = 42.15

2019-05-21 17:20:26 - [MESSAGE][INFO] - a3 = 42.15

2019-05-21 17:20:26 - [TEST_STEP][PASSED] - p2 = <not implemented yet for class: org.codehaus.groovy.ast.expr.EmptyExpression>: null

2019-05-21 17:20:26 - [TEST_STEP][PASSED] - p3 = <not implemented yet for class: org.codehaus.groovy.ast.expr.EmptyExpression>: null

2019-05-21 17:20:26 - [TEST_STEP][PASSED] - try: p2=32.4

2019-05-21 17:20:26 - [TEST_STEP][PASSED] - x1 = a1: null

2019-05-21 17:20:26 - [TEST_STEP][PASSED] - comment("x1=" + x1): x1=32.40

2019-05-21 17:20:26 - [MESSAGE][INFO] - x1=32.40

2019-05-21 17:20:26 - [TEST_STEP][PASSED] - p2 = Double.valueOf(x1): null

2019-05-21 17:20:26 - [TEST_STEP][PASSED] - comment("p2=" + p2): p2=32.4

2019-05-21 17:20:26 - [MESSAGE][INFO] - p2=32.4

2019-05-21 17:20:26 - [TEST_STEP][PASSED] - try: p3=9.75

2019-05-21 17:20:26 - [TEST_STEP][PASSED] - x2 = a2: null

2019-05-21 17:20:26 - [TEST_STEP][PASSED] - comment("x2=" + x2): x2=9.75

2019-05-21 17:20:26 - [MESSAGE][INFO] - x2=9.75

2019-05-21 17:20:26 - [TEST_STEP][PASSED] - p3 = Double.valueOf(x2): null

2019-05-21 17:20:26 - [TEST_STEP][PASSED] - comment("p3=" + p3): p3=9.75

2019-05-21 17:20:26 - [MESSAGE][INFO] - p3=9.75

2019-05-21 17:20:26 - [TEST_STEP][PASSED] - comment("p2=" + p2): p2=32.4

2019-05-21 17:20:26 - [MESSAGE][INFO] - p2=32.4

2019-05-21 17:20:26 - [TEST_STEP][PASSED] - comment("p3=" + p3): p3=9.75

2019-05-21 17:20:26 - [MESSAGE][INFO] - p3=9.75

2019-05-21 17:20:26 - [TEST_STEP][PASSED] - total = p2 + p3: null

2019-05-21 17:20:26 - [TEST_STEP][PASSED] - comment("total=" + total): total=42.15

2019-05-21 17:20:26 - [MESSAGE][INFO] - total=42.15

2019-05-21 17:20:26 - [TEST_STEP][PASSED] - verifyEqual(total, a3): Actual object '42.15' and expected object '42.15' are equal

2019-05-21 17:20:26 - [MESSAGE][PASSED] - Actual object '42.15' and expected object '42.15' are equal

2019-05-21 17:20:26 - [TEST_STEP][PASSED] - click(findTestObject("OCS-MOBILE /Cart page/Remove icon - 1st Product")): Object: 'Object Repository/OCS-MOBILE /Cart page/Remove icon - 1st Product' is clicked on

2019-05-21 17:20:27 - [MESSAGE][PASSED] - Object: 'Object Repository/OCS-MOBILE /Cart page/Remove icon - 1st Product' is clicked on

2019-05-21 17:20:27 - [TEST_STEP][PASSED] - delay(2): Delayed 2 second(s)

2019-05-21 17:20:29 - [MESSAGE][PASSED] - Delayed 2 second(s)

2019-05-21 17:20:29 - [TEST_STEP][PASSED] - c23 = getText(findTestObject("OCS-MOBILE /Cart page/Sub-total")): Text of object 'Object Repository/OCS-MOBILE /Cart page/Sub-total' is: '$9.75'

2019-05-21 17:20:29 - [MESSAGE][PASSED] - Text of object 'Object Repository/OCS-MOBILE /Cart page/Sub-total' is: '$9.75'

2019-05-21 17:20:29 - [TEST_STEP][PASSED] - comment(c23): $9.75

2019-05-21 17:20:29 - [MESSAGE][INFO] - $9.75

2019-05-21 17:20:29 - [TEST_STEP][PASSED] - a4 = c23.substring(1): null

2019-05-21 17:20:29 - [TEST_STEP][PASSED] - comment("a4= " + a4): a4= 9.75

2019-05-21 17:20:29 - [MESSAGE][INFO] - a4= 9.75

2019-05-21 17:20:29 - [TEST_STEP][PASSED] - b25 = getText(findTestObject("OCS-MOBILE /Cart page/Unit price - 1st product")): Text of object 'Object Repository/OCS-MOBILE /Cart page/Unit price - 1st product' is: '$9.75'

2019-05-21 17:20:29 - [MESSAGE][PASSED] - Text of object 'Object Repository/OCS-MOBILE /Cart page/Unit price - 1st product' is: '$9.75'

2019-05-21 17:20:29 - [TEST_STEP][PASSED] - comment(b25): $9.75

2019-05-21 17:20:29 - [MESSAGE][INFO] - $9.75

2019-05-21 17:20:29 - [TEST_STEP][PASSED] - a25 = b25.substring(1): null

2019-05-21 17:20:29 - [TEST_STEP][PASSED] - comment("a25 = " + a25): a25 = 9.75

2019-05-21 17:20:29 - [MESSAGE][INFO] - a25 = 9.75

2019-05-21 17:20:29 - [TEST_STEP][PASSED] - verifyEqual(a4, a25): Actual object '9.75' and expected object '9.75' are equal

2019-05-21 17:20:29 - [MESSAGE][PASSED] - Actual object '9.75' and expected object '9.75' are equal]]></system-out>
         <system-err><![CDATA[]]></system-err>
      </testcase>
      <testcase name="Test Cases/OCS - MOBILE/OCS- CRITICAL PATH/cart flyout- accessories" classname="Test Cases/OCS - MOBILE/OCS- CRITICAL PATH/cart flyout- accessories" status="PASSED">
         <system-out><![CDATA[2019-05-21 17:20:29 - [TEST_CASE][PASSED] - Test Cases/OCS - MOBILE/OCS- CRITICAL PATH/cart flyout- accessories: Test Cases/OCS - MOBILE/OCS- CRITICAL PATH/cart flyout- accessories

2019-05-21 17:20:30 - [TEST_STEP][PASSED] - openBrowser(""): Browser is opened with url: ''

2019-05-21 17:20:30 - [MESSAGE][WARNING] - A browser is already opened. Closing browser and opening a new one

2019-05-21 17:20:30 - [MESSAGE][INFO] - Starting 'Firefox' driver

2019-05-21 17:20:32 - [MESSAGE][PASSED] - Browser is opened with url: ''

2019-05-21 17:20:32 - [TEST_STEP][PASSED] - navigateToUrl("https://ocs.ca/?fts=0&preview_theme_id=53373863756"): Navigate to 'https://ocs.ca/?fts=0&preview_theme_id=53373863756' successfully

2019-05-21 17:20:40 - [MESSAGE][PASSED] - Navigate to 'https://ocs.ca/?fts=0&preview_theme_id=53373863756' successfully

2019-05-21 17:20:40 - [TEST_STEP][PASSED] - setViewPortSize(360, 800): Viewport is set to new size with width = 360 and height = 800

2019-05-21 17:20:40 - [MESSAGE][PASSED] - Viewport is set to new size with width = 360 and height = 800

2019-05-21 17:20:40 - [TEST_STEP][PASSED] - delay(4): Delayed 4 second(s)

2019-05-21 17:20:44 - [MESSAGE][PASSED] - Delayed 4 second(s)

2019-05-21 17:20:44 - [TEST_STEP][PASSED] - selectOptionByValue(findTestObject("OCS-MOBILE /Age gate and burger menu/Date"), "12", true): All options with value '12' are selected in object 'Object Repository/OCS-MOBILE /Age gate and burger menu/Date'  using regular expression

2019-05-21 17:20:45 - [MESSAGE][PASSED] - All options with value '12' are selected in object 'Object Repository/OCS-MOBILE /Age gate and burger menu/Date'  using regular expression

2019-05-21 17:20:45 - [TEST_STEP][PASSED] - selectOptionByValue(findTestObject("OCS-MOBILE /Age gate and burger menu/month"), "6", true): All options with value '6' are selected in object 'Object Repository/OCS-MOBILE /Age gate and burger menu/month'  using regular expression

2019-05-21 17:20:45 - [MESSAGE][PASSED] - All options with value '6' are selected in object 'Object Repository/OCS-MOBILE /Age gate and burger menu/month'  using regular expression

2019-05-21 17:20:45 - [TEST_STEP][PASSED] - delay(2): Delayed 2 second(s)

2019-05-21 17:20:47 - [MESSAGE][PASSED] - Delayed 2 second(s)

2019-05-21 17:20:47 - [TEST_STEP][PASSED] - selectOptionByValue(findTestObject("OCS-MOBILE /Age gate and burger menu/Year Dropdown"), "1990", true): All options with value '1990' are selected in object 'Object Repository/OCS-MOBILE /Age gate and burger menu/Year Dropdown'  using regular expression

2019-05-21 17:20:48 - [MESSAGE][PASSED] - All options with value '1990' are selected in object 'Object Repository/OCS-MOBILE /Age gate and burger menu/Year Dropdown'  using regular expression

2019-05-21 17:20:48 - [TEST_STEP][PASSED] - click(findTestObject("OCS-MOBILE /Age gate and burger menu/button_Verify")): Object: 'Object Repository/OCS-MOBILE /Age gate and burger menu/button_Verify' is clicked on

2019-05-21 17:20:49 - [MESSAGE][PASSED] - Object: 'Object Repository/OCS-MOBILE /Age gate and burger menu/button_Verify' is clicked on

2019-05-21 17:20:49 - [TEST_STEP][PASSED] - click(findTestObject("OCS-MOBILE /Age gate and burger menu/Checkbox_CONFIRM AND ACKNOWLEDGE")): Object: 'Object Repository/OCS-MOBILE /Age gate and burger menu/Checkbox_CONFIRM AND ACKNOWLEDGE' is clicked on

2019-05-21 17:20:49 - [MESSAGE][PASSED] - Object: 'Object Repository/OCS-MOBILE /Age gate and burger menu/Checkbox_CONFIRM AND ACKNOWLEDGE' is clicked on

2019-05-21 17:20:49 - [TEST_STEP][PASSED] - click(findTestObject("OCS-MOBILE /Age gate and burger menu/button_CONFIRM")): Object: 'Object Repository/OCS-MOBILE /Age gate and burger menu/button_CONFIRM' is clicked on

2019-05-21 17:20:49 - [MESSAGE][PASSED] - Object: 'Object Repository/OCS-MOBILE /Age gate and burger menu/button_CONFIRM' is clicked on

2019-05-21 17:20:49 - [TEST_STEP][PASSED] - click(findTestObject("OCS-MOBILE /Age gate and burger menu/button_Start Browsing")): Object: 'Object Repository/OCS-MOBILE /Age gate and burger menu/button_Start Browsing' is clicked on

2019-05-21 17:20:49 - [MESSAGE][PASSED] - Object: 'Object Repository/OCS-MOBILE /Age gate and burger menu/button_Start Browsing' is clicked on

2019-05-21 17:20:49 - [TEST_STEP][PASSED] - delay(2): Delayed 2 second(s)

2019-05-21 17:20:51 - [MESSAGE][PASSED] - Delayed 2 second(s)

2019-05-21 17:20:51 - [TEST_STEP][PASSED] - click(findTestObject("OCS-MOBILE /Age gate and burger menu/Burger menu - English")): Object: 'Object Repository/OCS-MOBILE /Age gate and burger menu/Burger menu - English' is clicked on

2019-05-21 17:20:52 - [MESSAGE][PASSED] - Object: 'Object Repository/OCS-MOBILE /Age gate and burger menu/Burger menu - English' is clicked on

2019-05-21 17:20:52 - [TEST_STEP][PASSED] - delay(2): Delayed 2 second(s)

2019-05-21 17:20:54 - [MESSAGE][PASSED] - Delayed 2 second(s)

2019-05-21 17:20:54 - [TEST_STEP][PASSED] - click(findTestObject("OCS-MOBILE /Age gate and burger menu/Chevron_Cannabis")): Object: 'Object Repository/OCS-MOBILE /Age gate and burger menu/Chevron_Cannabis' is clicked on

2019-05-21 17:20:54 - [MESSAGE][PASSED] - Object: 'Object Repository/OCS-MOBILE /Age gate and burger menu/Chevron_Cannabis' is clicked on

2019-05-21 17:20:54 - [TEST_STEP][PASSED] - delay(2): Delayed 2 second(s)

2019-05-21 17:20:56 - [MESSAGE][PASSED] - Delayed 2 second(s)

2019-05-21 17:20:56 - [TEST_STEP][PASSED] - click(findTestObject("OCS-MOBILE /Age gate and burger menu/Dried Flower_Plus icon")): Object: 'Object Repository/OCS-MOBILE /Age gate and burger menu/Dried Flower_Plus icon' is clicked on

2019-05-21 17:20:56 - [MESSAGE][PASSED] - Object: 'Object Repository/OCS-MOBILE /Age gate and burger menu/Dried Flower_Plus icon' is clicked on

2019-05-21 17:20:56 - [TEST_STEP][PASSED] - delay(2): Delayed 2 second(s)

2019-05-21 17:20:58 - [MESSAGE][PASSED] - Delayed 2 second(s)

2019-05-21 17:20:58 - [TEST_STEP][PASSED] - click(findTestObject("OCS-MOBILE /Age gate and burger menu/Indica Dominant_Menu item")): Object: 'Object Repository/OCS-MOBILE /Age gate and burger menu/Indica Dominant_Menu item' is clicked on

2019-05-21 17:21:02 - [MESSAGE][PASSED] - Object: 'Object Repository/OCS-MOBILE /Age gate and burger menu/Indica Dominant_Menu item' is clicked on

2019-05-21 17:21:02 - [TEST_STEP][PASSED] - delay(2): Delayed 2 second(s)

2019-05-21 17:21:04 - [MESSAGE][PASSED] - Delayed 2 second(s)

2019-05-21 17:21:04 - [TEST_STEP][PASSED] - click(findTestObject("OCS-MOBILE /Collection page/Product image - 1st one")): Object: 'Object Repository/OCS-MOBILE /Collection page/Product image - 1st one' is clicked on

2019-05-21 17:21:09 - [MESSAGE][PASSED] - Object: 'Object Repository/OCS-MOBILE /Collection page/Product image - 1st one' is clicked on

2019-05-21 17:21:09 - [TEST_STEP][PASSED] - scrollToElement(findTestObject("OCS-MOBILE /Product page/Product image"), 1): Scroll to object 'Object Repository/OCS-MOBILE /Product page/Product image' successfully

2019-05-21 17:21:09 - [MESSAGE][PASSED] - Scroll to object 'Object Repository/OCS-MOBILE /Product page/Product image' successfully

2019-05-21 17:21:09 - [TEST_STEP][PASSED] - delay(2): Delayed 2 second(s)

2019-05-21 17:21:11 - [MESSAGE][PASSED] - Delayed 2 second(s)

2019-05-21 17:21:11 - [TEST_STEP][PASSED] - click(findTestObject("OCS-MOBILE /Product page/Swatch_1g")): Object: 'Object Repository/OCS-MOBILE /Product page/Swatch_1g' is clicked on

2019-05-21 17:21:12 - [MESSAGE][PASSED] - Object: 'Object Repository/OCS-MOBILE /Product page/Swatch_1g' is clicked on

2019-05-21 17:21:12 - [TEST_STEP][PASSED] - scrollToElement(findTestObject("OCS-MOBILE /Product page/Swatch_3.5g"), 1): Scroll to object 'Object Repository/OCS-MOBILE /Product page/Swatch_3.5g' successfully

2019-05-21 17:21:12 - [MESSAGE][PASSED] - Scroll to object 'Object Repository/OCS-MOBILE /Product page/Swatch_3.5g' successfully

2019-05-21 17:21:12 - [TEST_STEP][PASSED] - delay(2): Delayed 2 second(s)

2019-05-21 17:21:14 - [MESSAGE][PASSED] - Delayed 2 second(s)

2019-05-21 17:21:14 - [TEST_STEP][PASSED] - click(findTestObject("OCS-MOBILE /Product page/Add to Bag-button")): Object: 'Object Repository/OCS-MOBILE /Product page/Add to Bag-button' is clicked on

2019-05-21 17:21:14 - [MESSAGE][PASSED] - Object: 'Object Repository/OCS-MOBILE /Product page/Add to Bag-button' is clicked on

2019-05-21 17:21:14 - [TEST_STEP][PASSED] - delay(1): Delayed 1 second(s)

2019-05-21 17:21:15 - [MESSAGE][PASSED] - Delayed 1 second(s)

2019-05-21 17:21:15 - [TEST_STEP][PASSED] - maximizeWindow(): Current window maximized

2019-05-21 17:21:16 - [MESSAGE][PASSED] - Current window maximized

2019-05-21 17:21:16 - [TEST_STEP][PASSED] - delay(2): Delayed 2 second(s)

2019-05-21 17:21:18 - [MESSAGE][PASSED] - Delayed 2 second(s)

2019-05-21 17:21:18 - [TEST_STEP][PASSED] - click(findTestObject("Theme_oR/Page_Ontario Cannabis Store  Ontari/button_Hide bar")): Object: 'Object Repository/Theme_oR/Page_Ontario Cannabis Store  Ontari/button_Hide bar' is clicked on

2019-05-21 17:21:18 - [MESSAGE][PASSED] - Object: 'Object Repository/Theme_oR/Page_Ontario Cannabis Store  Ontari/button_Hide bar' is clicked on

2019-05-21 17:21:18 - [TEST_STEP][PASSED] - delay(2): Delayed 2 second(s)

2019-05-21 17:21:20 - [MESSAGE][PASSED] - Delayed 2 second(s)

2019-05-21 17:21:20 - [TEST_STEP][PASSED] - setViewPortSize(360, 800): Viewport is set to new size with width = 360 and height = 800

2019-05-21 17:21:20 - [MESSAGE][PASSED] - Viewport is set to new size with width = 360 and height = 800

2019-05-21 17:21:20 - [TEST_STEP][PASSED] - delay(2): Delayed 2 second(s)

2019-05-21 17:21:22 - [MESSAGE][PASSED] - Delayed 2 second(s)

2019-05-21 17:21:22 - [TEST_STEP][PASSED] - click(findTestObject("OCS-MOBILE /Cart flyout/Up Chevron - Accessories you might need")): Object: 'Object Repository/OCS-MOBILE /Cart flyout/Up Chevron - Accessories you might need' is clicked on

2019-05-21 17:21:23 - [MESSAGE][PASSED] - Object: 'Object Repository/OCS-MOBILE /Cart flyout/Up Chevron - Accessories you might need' is clicked on

2019-05-21 17:21:23 - [TEST_STEP][PASSED] - delay(4): Delayed 4 second(s)

2019-05-21 17:21:27 - [MESSAGE][PASSED] - Delayed 4 second(s)

2019-05-21 17:21:27 - [TEST_STEP][PASSED] - click(findTestObject("OCS-MOBILE /Cart flyout/Down Chevron - Accessories you might need")): Object: 'Object Repository/OCS-MOBILE /Cart flyout/Down Chevron - Accessories you might need' is clicked on

2019-05-21 17:21:27 - [MESSAGE][PASSED] - Object: 'Object Repository/OCS-MOBILE /Cart flyout/Down Chevron - Accessories you might need' is clicked on]]></system-out>
         <system-err><![CDATA[]]></system-err>
      </testcase>
      <testcase name="Test Cases/OCS - MOBILE/OCS- CRITICAL PATH/Cart flyout- decrease qty" classname="Test Cases/OCS - MOBILE/OCS- CRITICAL PATH/Cart flyout- decrease qty" status="PASSED">
         <system-out><![CDATA[2019-05-21 17:21:27 - [TEST_CASE][PASSED] - Test Cases/OCS - MOBILE/OCS- CRITICAL PATH/Cart flyout- decrease qty: Test Cases/OCS - MOBILE/OCS- CRITICAL PATH/Cart flyout- decrease qty

2019-05-21 17:21:27 - [TEST_STEP][PASSED] - openBrowser(""): Browser is opened with url: ''

2019-05-21 17:21:27 - [MESSAGE][WARNING] - A browser is already opened. Closing browser and opening a new one

2019-05-21 17:21:28 - [MESSAGE][INFO] - Starting 'Firefox' driver

2019-05-21 17:21:30 - [MESSAGE][PASSED] - Browser is opened with url: ''

2019-05-21 17:21:30 - [TEST_STEP][PASSED] - navigateToUrl("https://ocs.ca/?fts=0&preview_theme_id=53373863756"): Navigate to 'https://ocs.ca/?fts=0&preview_theme_id=53373863756' successfully

2019-05-21 17:21:34 - [MESSAGE][PASSED] - Navigate to 'https://ocs.ca/?fts=0&preview_theme_id=53373863756' successfully

2019-05-21 17:21:34 - [TEST_STEP][PASSED] - setViewPortSize(360, 800): Viewport is set to new size with width = 360 and height = 800

2019-05-21 17:21:34 - [MESSAGE][PASSED] - Viewport is set to new size with width = 360 and height = 800

2019-05-21 17:21:34 - [TEST_STEP][PASSED] - delay(4): Delayed 4 second(s)

2019-05-21 17:21:38 - [MESSAGE][PASSED] - Delayed 4 second(s)

2019-05-21 17:21:38 - [TEST_STEP][PASSED] - selectOptionByValue(findTestObject("OCS-MOBILE /Age gate and burger menu/Date"), "12", true): All options with value '12' are selected in object 'Object Repository/OCS-MOBILE /Age gate and burger menu/Date'  using regular expression

2019-05-21 17:21:39 - [MESSAGE][PASSED] - All options with value '12' are selected in object 'Object Repository/OCS-MOBILE /Age gate and burger menu/Date'  using regular expression

2019-05-21 17:21:39 - [TEST_STEP][PASSED] - selectOptionByValue(findTestObject("OCS-MOBILE /Age gate and burger menu/month"), "6", true): All options with value '6' are selected in object 'Object Repository/OCS-MOBILE /Age gate and burger menu/month'  using regular expression

2019-05-21 17:21:39 - [MESSAGE][PASSED] - All options with value '6' are selected in object 'Object Repository/OCS-MOBILE /Age gate and burger menu/month'  using regular expression

2019-05-21 17:21:39 - [TEST_STEP][PASSED] - delay(2): Delayed 2 second(s)

2019-05-21 17:21:41 - [MESSAGE][PASSED] - Delayed 2 second(s)

2019-05-21 17:21:41 - [TEST_STEP][PASSED] - selectOptionByValue(findTestObject("OCS-MOBILE /Age gate and burger menu/Year Dropdown"), "1990", true): All options with value '1990' are selected in object 'Object Repository/OCS-MOBILE /Age gate and burger menu/Year Dropdown'  using regular expression

2019-05-21 17:21:43 - [MESSAGE][PASSED] - All options with value '1990' are selected in object 'Object Repository/OCS-MOBILE /Age gate and burger menu/Year Dropdown'  using regular expression

2019-05-21 17:21:43 - [TEST_STEP][PASSED] - click(findTestObject("OCS-MOBILE /Age gate and burger menu/button_Verify")): Object: 'Object Repository/OCS-MOBILE /Age gate and burger menu/button_Verify' is clicked on

2019-05-21 17:21:43 - [MESSAGE][PASSED] - Object: 'Object Repository/OCS-MOBILE /Age gate and burger menu/button_Verify' is clicked on

2019-05-21 17:21:43 - [TEST_STEP][PASSED] - click(findTestObject("OCS-MOBILE /Age gate and burger menu/Checkbox_CONFIRM AND ACKNOWLEDGE")): Object: 'Object Repository/OCS-MOBILE /Age gate and burger menu/Checkbox_CONFIRM AND ACKNOWLEDGE' is clicked on

2019-05-21 17:21:43 - [MESSAGE][PASSED] - Object: 'Object Repository/OCS-MOBILE /Age gate and burger menu/Checkbox_CONFIRM AND ACKNOWLEDGE' is clicked on

2019-05-21 17:21:43 - [TEST_STEP][PASSED] - click(findTestObject("OCS-MOBILE /Age gate and burger menu/button_CONFIRM")): Object: 'Object Repository/OCS-MOBILE /Age gate and burger menu/button_CONFIRM' is clicked on

2019-05-21 17:21:43 - [MESSAGE][PASSED] - Object: 'Object Repository/OCS-MOBILE /Age gate and burger menu/button_CONFIRM' is clicked on

2019-05-21 17:21:43 - [TEST_STEP][PASSED] - click(findTestObject("OCS-MOBILE /Age gate and burger menu/button_Start Browsing")): Object: 'Object Repository/OCS-MOBILE /Age gate and burger menu/button_Start Browsing' is clicked on

2019-05-21 17:21:44 - [MESSAGE][PASSED] - Object: 'Object Repository/OCS-MOBILE /Age gate and burger menu/button_Start Browsing' is clicked on

2019-05-21 17:21:44 - [TEST_STEP][PASSED] - delay(2): Delayed 2 second(s)

2019-05-21 17:21:46 - [MESSAGE][PASSED] - Delayed 2 second(s)

2019-05-21 17:21:46 - [TEST_STEP][PASSED] - click(findTestObject("OCS-MOBILE /Age gate and burger menu/Burger menu - English")): Object: 'Object Repository/OCS-MOBILE /Age gate and burger menu/Burger menu - English' is clicked on

2019-05-21 17:21:46 - [MESSAGE][PASSED] - Object: 'Object Repository/OCS-MOBILE /Age gate and burger menu/Burger menu - English' is clicked on

2019-05-21 17:21:46 - [TEST_STEP][PASSED] - delay(2): Delayed 2 second(s)

2019-05-21 17:21:48 - [MESSAGE][PASSED] - Delayed 2 second(s)

2019-05-21 17:21:48 - [TEST_STEP][PASSED] - click(findTestObject("OCS-MOBILE /Age gate and burger menu/Chevron_Cannabis")): Object: 'Object Repository/OCS-MOBILE /Age gate and burger menu/Chevron_Cannabis' is clicked on

2019-05-21 17:21:48 - [MESSAGE][PASSED] - Object: 'Object Repository/OCS-MOBILE /Age gate and burger menu/Chevron_Cannabis' is clicked on

2019-05-21 17:21:48 - [TEST_STEP][PASSED] - delay(2): Delayed 2 second(s)

2019-05-21 17:21:50 - [MESSAGE][PASSED] - Delayed 2 second(s)

2019-05-21 17:21:50 - [TEST_STEP][PASSED] - click(findTestObject("OCS-MOBILE /Age gate and burger menu/Dried Flower_Plus icon")): Object: 'Object Repository/OCS-MOBILE /Age gate and burger menu/Dried Flower_Plus icon' is clicked on

2019-05-21 17:21:50 - [MESSAGE][PASSED] - Object: 'Object Repository/OCS-MOBILE /Age gate and burger menu/Dried Flower_Plus icon' is clicked on

2019-05-21 17:21:50 - [TEST_STEP][PASSED] - delay(2): Delayed 2 second(s)

2019-05-21 17:21:52 - [MESSAGE][PASSED] - Delayed 2 second(s)

2019-05-21 17:21:52 - [TEST_STEP][PASSED] - click(findTestObject("OCS-MOBILE /Age gate and burger menu/Indica Dominant_Menu item")): Object: 'Object Repository/OCS-MOBILE /Age gate and burger menu/Indica Dominant_Menu item' is clicked on

2019-05-21 17:21:55 - [MESSAGE][PASSED] - Object: 'Object Repository/OCS-MOBILE /Age gate and burger menu/Indica Dominant_Menu item' is clicked on

2019-05-21 17:21:55 - [TEST_STEP][PASSED] - delay(2): Delayed 2 second(s)

2019-05-21 17:21:57 - [MESSAGE][PASSED] - Delayed 2 second(s)

2019-05-21 17:21:57 - [TEST_STEP][PASSED] - click(findTestObject("OCS-MOBILE /Collection page/Product image - 1st one")): Object: 'Object Repository/OCS-MOBILE /Collection page/Product image - 1st one' is clicked on

2019-05-21 17:22:00 - [MESSAGE][PASSED] - Object: 'Object Repository/OCS-MOBILE /Collection page/Product image - 1st one' is clicked on

2019-05-21 17:22:00 - [TEST_STEP][PASSED] - scrollToElement(findTestObject("OCS-MOBILE /Product page/Product image"), 1): Scroll to object 'Object Repository/OCS-MOBILE /Product page/Product image' successfully

2019-05-21 17:22:00 - [MESSAGE][PASSED] - Scroll to object 'Object Repository/OCS-MOBILE /Product page/Product image' successfully

2019-05-21 17:22:00 - [TEST_STEP][PASSED] - delay(2): Delayed 2 second(s)

2019-05-21 17:22:02 - [MESSAGE][PASSED] - Delayed 2 second(s)

2019-05-21 17:22:02 - [TEST_STEP][PASSED] - flag = click(findTestObject("OCS-MOBILE /Product page/Swatch_3.5g"), CONTINUE_ON_FAILURE): Object: 'Object Repository/OCS-MOBILE /Product page/Swatch_3.5g' is clicked on

2019-05-21 17:22:03 - [MESSAGE][PASSED] - Object: 'Object Repository/OCS-MOBILE /Product page/Swatch_3.5g' is clicked on

2019-05-21 17:22:03 - [TEST_STEP][PASSED] - takeScreenshot(): Taking screenshot successfully

2019-05-21 17:22:03 - [MESSAGE][PASSED] - Taking screenshot successfully
[[ATTACHMENT|/Users/sumankompelly/git/Ontario-cannbis-store/Reports/OCS- MOBILE/CRITICAL PATH - 21- 05-19/20190521_171900/1558473723290.png]]

2019-05-21 17:22:03 - [TEST_STEP][PASSED] - comment(" flag =" + flag):  flag =false

2019-05-21 17:22:03 - [MESSAGE][INFO] -  flag =false

2019-05-21 17:22:03 - [TEST_STEP][PASSED] - if (flag == true): null

2019-05-21 17:22:03 - [TEST_STEP][PASSED] - else:  price changed . Quantity selector is working

2019-05-21 17:22:03 - [TEST_STEP][PASSED] - back(): Navigate back successfully

2019-05-21 17:22:05 - [MESSAGE][PASSED] - Navigate back successfully

2019-05-21 17:22:05 - [TEST_STEP][PASSED] - delay(2): Delayed 2 second(s)

2019-05-21 17:22:07 - [MESSAGE][PASSED] - Delayed 2 second(s)

2019-05-21 17:22:07 - [TEST_STEP][PASSED] - setViewPortSize(1000, 800, OPTIONAL): Viewport is set to new size with width = 1000 and height = 800

2019-05-21 17:22:07 - [MESSAGE][PASSED] - Viewport is set to new size with width = 1000 and height = 800

2019-05-21 17:22:07 - [TEST_STEP][PASSED] - delay(2, OPTIONAL): Delayed 2 second(s)

2019-05-21 17:22:09 - [MESSAGE][PASSED] - Delayed 2 second(s)

2019-05-21 17:22:09 - [TEST_STEP][PASSED] - click(findTestObject("Theme_oR/Page_Ontario Cannabis Store  Ontari/button_Hide bar"), OPTIONAL): Object: 'Object Repository/Theme_oR/Page_Ontario Cannabis Store  Ontari/button_Hide bar' is clicked on

2019-05-21 17:22:09 - [MESSAGE][PASSED] - Object: 'Object Repository/Theme_oR/Page_Ontario Cannabis Store  Ontari/button_Hide bar' is clicked on

2019-05-21 17:22:09 - [TEST_STEP][PASSED] - delay(2, OPTIONAL): Delayed 2 second(s)

2019-05-21 17:22:11 - [MESSAGE][PASSED] - Delayed 2 second(s)

2019-05-21 17:22:11 - [TEST_STEP][PASSED] - setViewPortSize(360, 800, OPTIONAL): Viewport is set to new size with width = 360 and height = 800

2019-05-21 17:22:11 - [MESSAGE][PASSED] - Viewport is set to new size with width = 360 and height = 800

2019-05-21 17:22:11 - [TEST_STEP][PASSED] - delay(2): Delayed 2 second(s)

2019-05-21 17:22:13 - [MESSAGE][PASSED] - Delayed 2 second(s)

2019-05-21 17:22:13 - [TEST_STEP][PASSED] - click(findTestObject("OCS-MOBILE /Collection page/Shishkaberry")): Object: 'Object Repository/OCS-MOBILE /Collection page/Shishkaberry' is clicked on

2019-05-21 17:22:16 - [MESSAGE][PASSED] - Object: 'Object Repository/OCS-MOBILE /Collection page/Shishkaberry' is clicked on

2019-05-21 17:22:16 - [TEST_STEP][PASSED] - delay(2): Delayed 2 second(s)

2019-05-21 17:22:18 - [MESSAGE][PASSED] - Delayed 2 second(s)

2019-05-21 17:22:18 - [TEST_STEP][PASSED] - setViewPortSize(1000, 800, OPTIONAL): Viewport is set to new size with width = 1000 and height = 800

2019-05-21 17:22:18 - [MESSAGE][PASSED] - Viewport is set to new size with width = 1000 and height = 800

2019-05-21 17:22:18 - [TEST_STEP][PASSED] - delay(2, OPTIONAL): Delayed 2 second(s)

2019-05-21 17:22:20 - [MESSAGE][PASSED] - Delayed 2 second(s)

2019-05-21 17:22:20 - [TEST_STEP][PASSED] - click(findTestObject("Theme_oR/Page_Ontario Cannabis Store  Ontari/button_Hide bar"), OPTIONAL): Object: 'Object Repository/Theme_oR/Page_Ontario Cannabis Store  Ontari/button_Hide bar' is clicked on

2019-05-21 17:22:20 - [MESSAGE][PASSED] - Object: 'Object Repository/Theme_oR/Page_Ontario Cannabis Store  Ontari/button_Hide bar' is clicked on

2019-05-21 17:22:20 - [TEST_STEP][PASSED] - delay(2, OPTIONAL): Delayed 2 second(s)

2019-05-21 17:22:22 - [MESSAGE][PASSED] - Delayed 2 second(s)

2019-05-21 17:22:22 - [TEST_STEP][PASSED] - setViewPortSize(360, 800, OPTIONAL): Viewport is set to new size with width = 360 and height = 800

2019-05-21 17:22:22 - [MESSAGE][PASSED] - Viewport is set to new size with width = 360 and height = 800

2019-05-21 17:22:22 - [TEST_STEP][PASSED] - delay(2): Delayed 2 second(s)

2019-05-21 17:22:24 - [MESSAGE][PASSED] - Delayed 2 second(s)

2019-05-21 17:22:24 - [TEST_STEP][PASSED] - click(findTestObject("OCS-MOBILE /Product page/Swatch_3.5g")): Object: 'Object Repository/OCS-MOBILE /Product page/Swatch_3.5g' is clicked on

2019-05-21 17:22:24 - [MESSAGE][PASSED] - Object: 'Object Repository/OCS-MOBILE /Product page/Swatch_3.5g' is clicked on

2019-05-21 17:22:24 - [TEST_STEP][PASSED] - scrollToElement(findTestObject("OCS-MOBILE /Product page/Swatch_3.5g"), 1): Scroll to object 'Object Repository/OCS-MOBILE /Product page/Swatch_3.5g' successfully

2019-05-21 17:22:24 - [MESSAGE][PASSED] - Scroll to object 'Object Repository/OCS-MOBILE /Product page/Swatch_3.5g' successfully

2019-05-21 17:22:24 - [TEST_STEP][PASSED] - delay(2): Delayed 2 second(s)

2019-05-21 17:22:26 - [MESSAGE][PASSED] - Delayed 2 second(s)

2019-05-21 17:22:26 - [TEST_STEP][PASSED] - click(findTestObject("OCS-MOBILE /Product page/Quantity Increase - Button")): Object: 'Object Repository/OCS-MOBILE /Product page/Quantity Increase - Button' is clicked on

2019-05-21 17:22:26 - [MESSAGE][PASSED] - Object: 'Object Repository/OCS-MOBILE /Product page/Quantity Increase - Button' is clicked on

2019-05-21 17:22:27 - [TEST_STEP][PASSED] - delay(1): Delayed 1 second(s)

2019-05-21 17:22:28 - [MESSAGE][PASSED] - Delayed 1 second(s)

2019-05-21 17:22:28 - [TEST_STEP][PASSED] - click(findTestObject("OCS-MOBILE /Product page/Quantity Increase - Button")): Object: 'Object Repository/OCS-MOBILE /Product page/Quantity Increase - Button' is clicked on

2019-05-21 17:22:28 - [MESSAGE][PASSED] - Object: 'Object Repository/OCS-MOBILE /Product page/Quantity Increase - Button' is clicked on

2019-05-21 17:22:28 - [TEST_STEP][PASSED] - delay(1): Delayed 1 second(s)

2019-05-21 17:22:29 - [MESSAGE][PASSED] - Delayed 1 second(s)

2019-05-21 17:22:29 - [TEST_STEP][PASSED] - click(findTestObject("OCS-MOBILE /Product page/Quantity Increase - Button")): Object: 'Object Repository/OCS-MOBILE /Product page/Quantity Increase - Button' is clicked on

2019-05-21 17:22:29 - [MESSAGE][PASSED] - Object: 'Object Repository/OCS-MOBILE /Product page/Quantity Increase - Button' is clicked on

2019-05-21 17:22:29 - [TEST_STEP][PASSED] - delay(1): Delayed 1 second(s)

2019-05-21 17:22:30 - [MESSAGE][PASSED] - Delayed 1 second(s)

2019-05-21 17:22:30 - [TEST_STEP][PASSED] - click(findTestObject("OCS-MOBILE /Product page/Quantity Increase - Button")): Object: 'Object Repository/OCS-MOBILE /Product page/Quantity Increase - Button' is clicked on

2019-05-21 17:22:30 - [MESSAGE][PASSED] - Object: 'Object Repository/OCS-MOBILE /Product page/Quantity Increase - Button' is clicked on

2019-05-21 17:22:30 - [TEST_STEP][PASSED] - delay(1): Delayed 1 second(s)

2019-05-21 17:22:31 - [MESSAGE][PASSED] - Delayed 1 second(s)

2019-05-21 17:22:31 - [TEST_STEP][PASSED] - click(findTestObject("OCS-MOBILE /Product page/Quantity Increase - Button")): Object: 'Object Repository/OCS-MOBILE /Product page/Quantity Increase - Button' is clicked on

2019-05-21 17:22:31 - [MESSAGE][PASSED] - Object: 'Object Repository/OCS-MOBILE /Product page/Quantity Increase - Button' is clicked on

2019-05-21 17:22:31 - [TEST_STEP][PASSED] - delay(2): Delayed 2 second(s)

2019-05-21 17:22:33 - [MESSAGE][PASSED] - Delayed 2 second(s)

2019-05-21 17:22:33 - [TEST_STEP][PASSED] - click(findTestObject("OCS-MOBILE /Product page/Add to Bag-button")): Object: 'Object Repository/OCS-MOBILE /Product page/Add to Bag-button' is clicked on

2019-05-21 17:22:34 - [MESSAGE][PASSED] - Object: 'Object Repository/OCS-MOBILE /Product page/Add to Bag-button' is clicked on

2019-05-21 17:22:34 - [TEST_STEP][PASSED] - delay(1): Delayed 1 second(s)

2019-05-21 17:22:35 - [MESSAGE][PASSED] - Delayed 1 second(s)

2019-05-21 17:22:35 - [TEST_STEP][PASSED] - click(findTestObject("OCS-MOBILE /Cart flyout/Quantity decrease - Product")): Object: 'Object Repository/OCS-MOBILE /Cart flyout/Quantity decrease - Product' is clicked on

2019-05-21 17:22:35 - [MESSAGE][PASSED] - Object: 'Object Repository/OCS-MOBILE /Cart flyout/Quantity decrease - Product' is clicked on

2019-05-21 17:22:35 - [TEST_STEP][PASSED] - delay(2): Delayed 2 second(s)

2019-05-21 17:22:38 - [MESSAGE][PASSED] - Delayed 2 second(s)

2019-05-21 17:22:38 - [TEST_STEP][PASSED] - a = getText(findTestObject("OCS-MOBILE /Cart page/Unit price - product")): Text of object 'Object Repository/OCS-MOBILE /Cart page/Unit price - product' is: '$162.00'

2019-05-21 17:22:38 - [MESSAGE][PASSED] - Text of object 'Object Repository/OCS-MOBILE /Cart page/Unit price - product' is: '$162.00'

2019-05-21 17:22:38 - [TEST_STEP][PASSED] - comment(a): $162.00

2019-05-21 17:22:38 - [MESSAGE][INFO] - $162.00

2019-05-21 17:22:38 - [TEST_STEP][PASSED] - b = a.substring(1): null

2019-05-21 17:22:38 - [TEST_STEP][PASSED] - comment(b): 162.00

2019-05-21 17:22:38 - [MESSAGE][INFO] - 162.00

2019-05-21 17:22:38 - [TEST_STEP][PASSED] - setText(findTestObject("OCS_CRITICAL PATH/Cartflyout-decrease qty _OR/Page_Shishkaberry  Ontario Cannabis/input_-_updates"), "5"): Text '5' is set on object 'Object Repository/OCS_CRITICAL PATH/Cartflyout-decrease qty _OR/Page_Shishkaberry  Ontario Cannabis/input_-_updates'

2019-05-21 17:22:38 - [MESSAGE][PASSED] - Text '5' is set on object 'Object Repository/OCS_CRITICAL PATH/Cartflyout-decrease qty _OR/Page_Shishkaberry  Ontario Cannabis/input_-_updates'

2019-05-21 17:22:38 - [TEST_STEP][PASSED] - setText(findTestObject("OCS_CRITICAL PATH/Cartflyout-decrease qty _OR/Page_Shishkaberry  Ontario Cannabis/input_-_updates"), "4"): Text '4' is set on object 'Object Repository/OCS_CRITICAL PATH/Cartflyout-decrease qty _OR/Page_Shishkaberry  Ontario Cannabis/input_-_updates'

2019-05-21 17:22:38 - [MESSAGE][PASSED] - Text '4' is set on object 'Object Repository/OCS_CRITICAL PATH/Cartflyout-decrease qty _OR/Page_Shishkaberry  Ontario Cannabis/input_-_updates'

2019-05-21 17:22:38 - [TEST_STEP][PASSED] - click(findTestObject("OCS_CRITICAL PATH/Cartflyout-decrease qty _OR/Page_Shishkaberry  Ontario Cannabis/i_-_icon--subtract")): Object: 'Object Repository/OCS_CRITICAL PATH/Cartflyout-decrease qty _OR/Page_Shishkaberry  Ontario Cannabis/i_-_icon--subtract' is clicked on

2019-05-21 17:22:38 - [MESSAGE][PASSED] - Object: 'Object Repository/OCS_CRITICAL PATH/Cartflyout-decrease qty _OR/Page_Shishkaberry  Ontario Cannabis/i_-_icon--subtract' is clicked on

2019-05-21 17:22:38 - [TEST_STEP][PASSED] - click(findTestObject("OCS_CRITICAL PATH/Cartflyout-decrease qty _OR/Page_Shishkaberry  Ontario Cannabis/i_-_icon--subtract")): Object: 'Object Repository/OCS_CRITICAL PATH/Cartflyout-decrease qty _OR/Page_Shishkaberry  Ontario Cannabis/i_-_icon--subtract' is clicked on

2019-05-21 17:22:38 - [MESSAGE][PASSED] - Object: 'Object Repository/OCS_CRITICAL PATH/Cartflyout-decrease qty _OR/Page_Shishkaberry  Ontario Cannabis/i_-_icon--subtract' is clicked on

2019-05-21 17:22:38 - [TEST_STEP][PASSED] - click(findTestObject("OCS_CRITICAL PATH/Cartflyout-decrease qty _OR/Page_Shishkaberry  Ontario Cannabis/i_-_icon--subtract")): Object: 'Object Repository/OCS_CRITICAL PATH/Cartflyout-decrease qty _OR/Page_Shishkaberry  Ontario Cannabis/i_-_icon--subtract' is clicked on

2019-05-21 17:22:38 - [MESSAGE][PASSED] - Object: 'Object Repository/OCS_CRITICAL PATH/Cartflyout-decrease qty _OR/Page_Shishkaberry  Ontario Cannabis/i_-_icon--subtract' is clicked on

2019-05-21 17:22:38 - [TEST_STEP][PASSED] - delay(5): Delayed 5 second(s)

2019-05-21 17:22:43 - [MESSAGE][PASSED] - Delayed 5 second(s)

2019-05-21 17:22:43 - [TEST_STEP][PASSED] - c = getText(findTestObject("OCS_CRITICAL PATH/Cartflyout-decrease qty _OR/Page_Shishkaberry  Ontario Cannabis/Page_Shishkaberry  Ontario Cannabis/div_129.60")): Text of object 'Object Repository/OCS_CRITICAL PATH/Cartflyout-decrease qty _OR/Page_Shishkaberry  Ontario Cannabis/Page_Shishkaberry  Ontario Cannabis/div_129.60' is: '$32.40'

2019-05-21 17:22:43 - [MESSAGE][PASSED] - Text of object 'Object Repository/OCS_CRITICAL PATH/Cartflyout-decrease qty _OR/Page_Shishkaberry  Ontario Cannabis/Page_Shishkaberry  Ontario Cannabis/div_129.60' is: '$32.40'

2019-05-21 17:22:43 - [TEST_STEP][PASSED] - comment(c): $32.40

2019-05-21 17:22:43 - [MESSAGE][INFO] - $32.40

2019-05-21 17:22:43 - [TEST_STEP][PASSED] - d = c.substring(1): null

2019-05-21 17:22:43 - [TEST_STEP][PASSED] - comment(d): 32.40

2019-05-21 17:22:43 - [MESSAGE][INFO] - 32.40

2019-05-21 17:22:43 - [TEST_STEP][PASSED] - verifyNotEqual("c", "d"): Actual object 'c' and expected object 'd' are not equal

2019-05-21 17:22:43 - [MESSAGE][PASSED] - Actual object 'c' and expected object 'd' are not equal

2019-05-21 17:22:43 - [TEST_STEP][PASSED] - comment(" price changed . Quantity selector is working"):  price changed . Quantity selector is working

2019-05-21 17:22:43 - [MESSAGE][INFO] -  price changed . Quantity selector is working]]></system-out>
         <system-err><![CDATA[]]></system-err>
      </testcase>
      <testcase name="Test Cases/OCS - MOBILE/OCS- CRITICAL PATH/Cart flyout- increase qty" classname="Test Cases/OCS - MOBILE/OCS- CRITICAL PATH/Cart flyout- increase qty" status="PASSED">
         <system-out><![CDATA[2019-05-21 17:22:43 - [TEST_CASE][PASSED] - Test Cases/OCS - MOBILE/OCS- CRITICAL PATH/Cart flyout- increase qty: Test Cases/OCS - MOBILE/OCS- CRITICAL PATH/Cart flyout- increase qty

2019-05-21 17:22:44 - [TEST_STEP][PASSED] - openBrowser(""): Browser is opened with url: ''

2019-05-21 17:22:44 - [MESSAGE][WARNING] - A browser is already opened. Closing browser and opening a new one

2019-05-21 17:22:44 - [MESSAGE][INFO] - Starting 'Firefox' driver

2019-05-21 17:22:46 - [MESSAGE][PASSED] - Browser is opened with url: ''

2019-05-21 17:22:46 - [TEST_STEP][PASSED] - navigateToUrl("https://ocs.ca/?fts=0&preview_theme_id=53373863756"): Navigate to 'https://ocs.ca/?fts=0&preview_theme_id=53373863756' successfully

2019-05-21 17:22:51 - [MESSAGE][PASSED] - Navigate to 'https://ocs.ca/?fts=0&preview_theme_id=53373863756' successfully

2019-05-21 17:22:51 - [TEST_STEP][PASSED] - setViewPortSize(360, 800): Viewport is set to new size with width = 360 and height = 800

2019-05-21 17:22:52 - [MESSAGE][PASSED] - Viewport is set to new size with width = 360 and height = 800

2019-05-21 17:22:52 - [TEST_STEP][PASSED] - delay(4): Delayed 4 second(s)

2019-05-21 17:22:56 - [MESSAGE][PASSED] - Delayed 4 second(s)

2019-05-21 17:22:56 - [TEST_STEP][PASSED] - selectOptionByValue(findTestObject("OCS-MOBILE /Age gate and burger menu/Date"), "12", true): All options with value '12' are selected in object 'Object Repository/OCS-MOBILE /Age gate and burger menu/Date'  using regular expression

2019-05-21 17:22:56 - [MESSAGE][PASSED] - All options with value '12' are selected in object 'Object Repository/OCS-MOBILE /Age gate and burger menu/Date'  using regular expression

2019-05-21 17:22:56 - [TEST_STEP][PASSED] - selectOptionByValue(findTestObject("OCS-MOBILE /Age gate and burger menu/month"), "6", true): All options with value '6' are selected in object 'Object Repository/OCS-MOBILE /Age gate and burger menu/month'  using regular expression

2019-05-21 17:22:57 - [MESSAGE][PASSED] - All options with value '6' are selected in object 'Object Repository/OCS-MOBILE /Age gate and burger menu/month'  using regular expression

2019-05-21 17:22:57 - [TEST_STEP][PASSED] - delay(2): Delayed 2 second(s)

2019-05-21 17:22:59 - [MESSAGE][PASSED] - Delayed 2 second(s)

2019-05-21 17:22:59 - [TEST_STEP][PASSED] - selectOptionByValue(findTestObject("OCS-MOBILE /Age gate and burger menu/Year Dropdown"), "1990", true): All options with value '1990' are selected in object 'Object Repository/OCS-MOBILE /Age gate and burger menu/Year Dropdown'  using regular expression

2019-05-21 17:23:00 - [MESSAGE][PASSED] - All options with value '1990' are selected in object 'Object Repository/OCS-MOBILE /Age gate and burger menu/Year Dropdown'  using regular expression

2019-05-21 17:23:00 - [TEST_STEP][PASSED] - click(findTestObject("OCS-MOBILE /Age gate and burger menu/button_Verify")): Object: 'Object Repository/OCS-MOBILE /Age gate and burger menu/button_Verify' is clicked on

2019-05-21 17:23:00 - [MESSAGE][PASSED] - Object: 'Object Repository/OCS-MOBILE /Age gate and burger menu/button_Verify' is clicked on

2019-05-21 17:23:00 - [TEST_STEP][PASSED] - click(findTestObject("OCS-MOBILE /Age gate and burger menu/Checkbox_CONFIRM AND ACKNOWLEDGE")): Object: 'Object Repository/OCS-MOBILE /Age gate and burger menu/Checkbox_CONFIRM AND ACKNOWLEDGE' is clicked on

2019-05-21 17:23:01 - [MESSAGE][PASSED] - Object: 'Object Repository/OCS-MOBILE /Age gate and burger menu/Checkbox_CONFIRM AND ACKNOWLEDGE' is clicked on

2019-05-21 17:23:01 - [TEST_STEP][PASSED] - click(findTestObject("OCS-MOBILE /Age gate and burger menu/button_CONFIRM")): Object: 'Object Repository/OCS-MOBILE /Age gate and burger menu/button_CONFIRM' is clicked on

2019-05-21 17:23:01 - [MESSAGE][PASSED] - Object: 'Object Repository/OCS-MOBILE /Age gate and burger menu/button_CONFIRM' is clicked on

2019-05-21 17:23:01 - [TEST_STEP][PASSED] - click(findTestObject("OCS-MOBILE /Age gate and burger menu/button_Start Browsing")): Object: 'Object Repository/OCS-MOBILE /Age gate and burger menu/button_Start Browsing' is clicked on

2019-05-21 17:23:01 - [MESSAGE][PASSED] - Object: 'Object Repository/OCS-MOBILE /Age gate and burger menu/button_Start Browsing' is clicked on

2019-05-21 17:23:01 - [TEST_STEP][PASSED] - delay(2): Delayed 2 second(s)

2019-05-21 17:23:03 - [MESSAGE][PASSED] - Delayed 2 second(s)

2019-05-21 17:23:03 - [TEST_STEP][PASSED] - click(findTestObject("OCS-MOBILE /Age gate and burger menu/Burger menu - English")): Object: 'Object Repository/OCS-MOBILE /Age gate and burger menu/Burger menu - English' is clicked on

2019-05-21 17:23:03 - [MESSAGE][PASSED] - Object: 'Object Repository/OCS-MOBILE /Age gate and burger menu/Burger menu - English' is clicked on

2019-05-21 17:23:03 - [TEST_STEP][PASSED] - delay(2): Delayed 2 second(s)

2019-05-21 17:23:05 - [MESSAGE][PASSED] - Delayed 2 second(s)

2019-05-21 17:23:05 - [TEST_STEP][PASSED] - click(findTestObject("OCS-MOBILE /Age gate and burger menu/Chevron_Cannabis")): Object: 'Object Repository/OCS-MOBILE /Age gate and burger menu/Chevron_Cannabis' is clicked on

2019-05-21 17:23:05 - [MESSAGE][PASSED] - Object: 'Object Repository/OCS-MOBILE /Age gate and burger menu/Chevron_Cannabis' is clicked on

2019-05-21 17:23:05 - [TEST_STEP][PASSED] - delay(2): Delayed 2 second(s)

2019-05-21 17:23:07 - [MESSAGE][PASSED] - Delayed 2 second(s)

2019-05-21 17:23:07 - [TEST_STEP][PASSED] - click(findTestObject("OCS-MOBILE /Age gate and burger menu/Dried Flower_Plus icon")): Object: 'Object Repository/OCS-MOBILE /Age gate and burger menu/Dried Flower_Plus icon' is clicked on

2019-05-21 17:23:08 - [MESSAGE][PASSED] - Object: 'Object Repository/OCS-MOBILE /Age gate and burger menu/Dried Flower_Plus icon' is clicked on

2019-05-21 17:23:08 - [TEST_STEP][PASSED] - delay(2): Delayed 2 second(s)

2019-05-21 17:23:10 - [MESSAGE][PASSED] - Delayed 2 second(s)

2019-05-21 17:23:10 - [TEST_STEP][PASSED] - click(findTestObject("OCS-MOBILE /Age gate and burger menu/Indica Dominant_Menu item")): Object: 'Object Repository/OCS-MOBILE /Age gate and burger menu/Indica Dominant_Menu item' is clicked on

2019-05-21 17:23:12 - [MESSAGE][PASSED] - Object: 'Object Repository/OCS-MOBILE /Age gate and burger menu/Indica Dominant_Menu item' is clicked on

2019-05-21 17:23:12 - [TEST_STEP][PASSED] - delay(2): Delayed 2 second(s)

2019-05-21 17:23:14 - [MESSAGE][PASSED] - Delayed 2 second(s)

2019-05-21 17:23:14 - [TEST_STEP][PASSED] - click(findTestObject("OCS-MOBILE /Collection page/Product image - 1st one")): Object: 'Object Repository/OCS-MOBILE /Collection page/Product image - 1st one' is clicked on

2019-05-21 17:23:19 - [MESSAGE][PASSED] - Object: 'Object Repository/OCS-MOBILE /Collection page/Product image - 1st one' is clicked on

2019-05-21 17:23:19 - [TEST_STEP][PASSED] - scrollToElement(findTestObject("OCS-MOBILE /Product page/Product image"), 1): Scroll to object 'Object Repository/OCS-MOBILE /Product page/Product image' successfully

2019-05-21 17:23:19 - [MESSAGE][PASSED] - Scroll to object 'Object Repository/OCS-MOBILE /Product page/Product image' successfully

2019-05-21 17:23:19 - [TEST_STEP][PASSED] - delay(2): Delayed 2 second(s)

2019-05-21 17:23:21 - [MESSAGE][PASSED] - Delayed 2 second(s)

2019-05-21 17:23:21 - [TEST_STEP][PASSED] - flag = click(findTestObject("OCS-MOBILE /Product page/Swatch_3.5g"), CONTINUE_ON_FAILURE): Object: 'Object Repository/OCS-MOBILE /Product page/Swatch_3.5g' is clicked on

2019-05-21 17:23:21 - [MESSAGE][PASSED] - Object: 'Object Repository/OCS-MOBILE /Product page/Swatch_3.5g' is clicked on

2019-05-21 17:23:21 - [TEST_STEP][PASSED] - comment(" flag =" + flag):  flag =false

2019-05-21 17:23:21 - [MESSAGE][INFO] -  flag =false

2019-05-21 17:23:21 - [TEST_STEP][PASSED] - if (flag == true): null

2019-05-21 17:23:21 - [TEST_STEP][PASSED] - else:  price changed . Quantity selector is working

2019-05-21 17:23:21 - [TEST_STEP][PASSED] - back(): Navigate back successfully

2019-05-21 17:23:23 - [MESSAGE][PASSED] - Navigate back successfully

2019-05-21 17:23:23 - [TEST_STEP][PASSED] - delay(2): Delayed 2 second(s)

2019-05-21 17:23:25 - [MESSAGE][PASSED] - Delayed 2 second(s)

2019-05-21 17:23:25 - [TEST_STEP][PASSED] - setViewPortSize(1000, 800, OPTIONAL): Viewport is set to new size with width = 1000 and height = 800

2019-05-21 17:23:25 - [MESSAGE][PASSED] - Viewport is set to new size with width = 1000 and height = 800

2019-05-21 17:23:25 - [TEST_STEP][PASSED] - delay(2, OPTIONAL): Delayed 2 second(s)

2019-05-21 17:23:27 - [MESSAGE][PASSED] - Delayed 2 second(s)

2019-05-21 17:23:27 - [TEST_STEP][PASSED] - click(findTestObject("Theme_oR/Page_Ontario Cannabis Store  Ontari/button_Hide bar"), OPTIONAL): Object: 'Object Repository/Theme_oR/Page_Ontario Cannabis Store  Ontari/button_Hide bar' is clicked on

2019-05-21 17:23:28 - [MESSAGE][PASSED] - Object: 'Object Repository/Theme_oR/Page_Ontario Cannabis Store  Ontari/button_Hide bar' is clicked on

2019-05-21 17:23:28 - [TEST_STEP][PASSED] - delay(2, OPTIONAL): Delayed 2 second(s)

2019-05-21 17:23:30 - [MESSAGE][PASSED] - Delayed 2 second(s)

2019-05-21 17:23:30 - [TEST_STEP][PASSED] - setViewPortSize(360, 800, OPTIONAL): Viewport is set to new size with width = 360 and height = 800

2019-05-21 17:23:30 - [MESSAGE][PASSED] - Viewport is set to new size with width = 360 and height = 800

2019-05-21 17:23:30 - [TEST_STEP][PASSED] - delay(2): Delayed 2 second(s)

2019-05-21 17:23:32 - [MESSAGE][PASSED] - Delayed 2 second(s)

2019-05-21 17:23:32 - [TEST_STEP][PASSED] - click(findTestObject("OCS-MOBILE /Collection page/Shishkaberry")): Object: 'Object Repository/OCS-MOBILE /Collection page/Shishkaberry' is clicked on

2019-05-21 17:23:36 - [MESSAGE][PASSED] - Object: 'Object Repository/OCS-MOBILE /Collection page/Shishkaberry' is clicked on

2019-05-21 17:23:36 - [TEST_STEP][PASSED] - delay(2): Delayed 2 second(s)

2019-05-21 17:23:38 - [MESSAGE][PASSED] - Delayed 2 second(s)

2019-05-21 17:23:38 - [TEST_STEP][PASSED] - setViewPortSize(1000, 800, OPTIONAL): Viewport is set to new size with width = 1000 and height = 800

2019-05-21 17:23:38 - [MESSAGE][PASSED] - Viewport is set to new size with width = 1000 and height = 800

2019-05-21 17:23:38 - [TEST_STEP][PASSED] - delay(2, OPTIONAL): Delayed 2 second(s)

2019-05-21 17:23:40 - [MESSAGE][PASSED] - Delayed 2 second(s)

2019-05-21 17:23:40 - [TEST_STEP][PASSED] - click(findTestObject("Theme_oR/Page_Ontario Cannabis Store  Ontari/button_Hide bar"), OPTIONAL): Object: 'Object Repository/Theme_oR/Page_Ontario Cannabis Store  Ontari/button_Hide bar' is clicked on

2019-05-21 17:23:40 - [MESSAGE][PASSED] - Object: 'Object Repository/Theme_oR/Page_Ontario Cannabis Store  Ontari/button_Hide bar' is clicked on

2019-05-21 17:23:40 - [TEST_STEP][PASSED] - delay(2, OPTIONAL): Delayed 2 second(s)

2019-05-21 17:23:42 - [MESSAGE][PASSED] - Delayed 2 second(s)

2019-05-21 17:23:42 - [TEST_STEP][PASSED] - setViewPortSize(360, 800, OPTIONAL): Viewport is set to new size with width = 360 and height = 800

2019-05-21 17:23:42 - [MESSAGE][PASSED] - Viewport is set to new size with width = 360 and height = 800

2019-05-21 17:23:42 - [TEST_STEP][PASSED] - delay(2): Delayed 2 second(s)

2019-05-21 17:23:44 - [MESSAGE][PASSED] - Delayed 2 second(s)

2019-05-21 17:23:44 - [TEST_STEP][PASSED] - click(findTestObject("OCS-MOBILE /Product page/Swatch_3.5g")): Object: 'Object Repository/OCS-MOBILE /Product page/Swatch_3.5g' is clicked on

2019-05-21 17:23:44 - [MESSAGE][PASSED] - Object: 'Object Repository/OCS-MOBILE /Product page/Swatch_3.5g' is clicked on

2019-05-21 17:23:44 - [TEST_STEP][PASSED] - scrollToElement(findTestObject("OCS-MOBILE /Product page/Swatch_3.5g"), 1): Scroll to object 'Object Repository/OCS-MOBILE /Product page/Swatch_3.5g' successfully

2019-05-21 17:23:44 - [MESSAGE][PASSED] - Scroll to object 'Object Repository/OCS-MOBILE /Product page/Swatch_3.5g' successfully

2019-05-21 17:23:44 - [TEST_STEP][PASSED] - delay(2): Delayed 2 second(s)

2019-05-21 17:23:46 - [MESSAGE][PASSED] - Delayed 2 second(s)

2019-05-21 17:23:46 - [TEST_STEP][PASSED] - click(findTestObject("OCS-MOBILE /Product page/Quantity Increase - Button")): Object: 'Object Repository/OCS-MOBILE /Product page/Quantity Increase - Button' is clicked on

2019-05-21 17:23:47 - [MESSAGE][PASSED] - Object: 'Object Repository/OCS-MOBILE /Product page/Quantity Increase - Button' is clicked on

2019-05-21 17:23:47 - [TEST_STEP][PASSED] - delay(2): Delayed 2 second(s)

2019-05-21 17:23:49 - [MESSAGE][PASSED] - Delayed 2 second(s)

2019-05-21 17:23:49 - [TEST_STEP][PASSED] - click(findTestObject("OCS-MOBILE /Product page/Add to Bag-button")): Object: 'Object Repository/OCS-MOBILE /Product page/Add to Bag-button' is clicked on

2019-05-21 17:23:49 - [MESSAGE][PASSED] - Object: 'Object Repository/OCS-MOBILE /Product page/Add to Bag-button' is clicked on

2019-05-21 17:23:49 - [TEST_STEP][PASSED] - delay(1): Delayed 1 second(s)

2019-05-21 17:23:50 - [MESSAGE][PASSED] - Delayed 1 second(s)

2019-05-21 17:23:50 - [TEST_STEP][PASSED] - click(findTestObject("OCS-MOBILE /Cart flyout/Quantity increase - Product")): Object: 'Object Repository/OCS-MOBILE /Cart flyout/Quantity increase - Product' is clicked on

2019-05-21 17:23:50 - [MESSAGE][PASSED] - Object: 'Object Repository/OCS-MOBILE /Cart flyout/Quantity increase - Product' is clicked on

2019-05-21 17:23:50 - [TEST_STEP][PASSED] - click(findTestObject("OCS-MOBILE /Cart flyout/Quantity increase - Product")): Object: 'Object Repository/OCS-MOBILE /Cart flyout/Quantity increase - Product' is clicked on

2019-05-21 17:23:50 - [MESSAGE][PASSED] - Object: 'Object Repository/OCS-MOBILE /Cart flyout/Quantity increase - Product' is clicked on

2019-05-21 17:23:50 - [TEST_STEP][PASSED] - delay(2): Delayed 2 second(s)

2019-05-21 17:23:52 - [MESSAGE][PASSED] - Delayed 2 second(s)

2019-05-21 17:23:52 - [TEST_STEP][PASSED] - a = getText(findTestObject("OCS-MOBILE /Cart flyout/Unit price - Product")): Text of object 'Object Repository/OCS-MOBILE /Cart flyout/Unit price - Product' is: '$129.60'

2019-05-21 17:23:52 - [MESSAGE][PASSED] - Text of object 'Object Repository/OCS-MOBILE /Cart flyout/Unit price - Product' is: '$129.60'

2019-05-21 17:23:52 - [TEST_STEP][PASSED] - comment(a): $129.60

2019-05-21 17:23:52 - [MESSAGE][INFO] - $129.60

2019-05-21 17:23:52 - [TEST_STEP][PASSED] - b = a.substring(1): null

2019-05-21 17:23:52 - [TEST_STEP][PASSED] - comment(b): 129.60

2019-05-21 17:23:52 - [MESSAGE][INFO] - 129.60

2019-05-21 17:23:52 - [TEST_STEP][PASSED] - setText(findTestObject("cart flyout_OR/Page_Shishkaberry  Ontario Cannabis/input_-_updates"), "3"): Text '3' is set on object 'Object Repository/cart flyout_OR/Page_Shishkaberry  Ontario Cannabis/input_-_updates'

2019-05-21 17:23:52 - [MESSAGE][PASSED] - Text '3' is set on object 'Object Repository/cart flyout_OR/Page_Shishkaberry  Ontario Cannabis/input_-_updates'

2019-05-21 17:23:52 - [TEST_STEP][PASSED] - delay(2): Delayed 2 second(s)

2019-05-21 17:23:54 - [MESSAGE][PASSED] - Delayed 2 second(s)

2019-05-21 17:23:54 - [TEST_STEP][PASSED] - click(findTestObject("cart flyout_OR/Page_Shishkaberry  Ontario Cannabis/i__icon--plus")): Object: 'Object Repository/cart flyout_OR/Page_Shishkaberry  Ontario Cannabis/i__icon--plus' is clicked on

2019-05-21 17:23:55 - [MESSAGE][PASSED] - Object: 'Object Repository/cart flyout_OR/Page_Shishkaberry  Ontario Cannabis/i__icon--plus' is clicked on

2019-05-21 17:23:55 - [TEST_STEP][PASSED] - delay(2): Delayed 2 second(s)

2019-05-21 17:23:57 - [MESSAGE][PASSED] - Delayed 2 second(s)

2019-05-21 17:23:57 - [TEST_STEP][PASSED] - click(findTestObject("cart flyout_OR/Page_Shishkaberry  Ontario Cannabis/i__icon--plus")): Object: 'Object Repository/cart flyout_OR/Page_Shishkaberry  Ontario Cannabis/i__icon--plus' is clicked on

2019-05-21 17:23:57 - [MESSAGE][PASSED] - Object: 'Object Repository/cart flyout_OR/Page_Shishkaberry  Ontario Cannabis/i__icon--plus' is clicked on

2019-05-21 17:23:57 - [TEST_STEP][PASSED] - delay(2): Delayed 2 second(s)

2019-05-21 17:23:59 - [MESSAGE][PASSED] - Delayed 2 second(s)

2019-05-21 17:23:59 - [TEST_STEP][PASSED] - click(findTestObject("cart flyout_OR/Page_Shishkaberry  Ontario Cannabis/i__icon--plus")): Object: 'Object Repository/cart flyout_OR/Page_Shishkaberry  Ontario Cannabis/i__icon--plus' is clicked on

2019-05-21 17:23:59 - [MESSAGE][PASSED] - Object: 'Object Repository/cart flyout_OR/Page_Shishkaberry  Ontario Cannabis/i__icon--plus' is clicked on

2019-05-21 17:23:59 - [TEST_STEP][PASSED] - delay(2): Delayed 2 second(s)

2019-05-21 17:24:01 - [MESSAGE][PASSED] - Delayed 2 second(s)

2019-05-21 17:24:01 - [TEST_STEP][PASSED] - c = getText(findTestObject("cart flyout_OR/Page_Shishkaberry  Ontario Cannabis/div_129.60 (1)")): Text of object 'Object Repository/cart flyout_OR/Page_Shishkaberry  Ontario Cannabis/div_129.60 (1)' is: '$129.60'

2019-05-21 17:24:01 - [MESSAGE][PASSED] - Text of object 'Object Repository/cart flyout_OR/Page_Shishkaberry  Ontario Cannabis/div_129.60 (1)' is: '$129.60'

2019-05-21 17:24:01 - [TEST_STEP][PASSED] - comment(c): $129.60

2019-05-21 17:24:01 - [MESSAGE][INFO] - $129.60

2019-05-21 17:24:01 - [TEST_STEP][PASSED] - d = c.substring(1): null

2019-05-21 17:24:01 - [TEST_STEP][PASSED] - comment(d): 129.60

2019-05-21 17:24:01 - [MESSAGE][INFO] - 129.60

2019-05-21 17:24:01 - [TEST_STEP][PASSED] - verifyNotEqual("c", "d"): Actual object 'c' and expected object 'd' are not equal

2019-05-21 17:24:01 - [MESSAGE][PASSED] - Actual object 'c' and expected object 'd' are not equal

2019-05-21 17:24:01 - [TEST_STEP][PASSED] - comment(" price changed . Quantity selector is working"):  price changed . Quantity selector is working

2019-05-21 17:24:01 - [MESSAGE][INFO] -  price changed . Quantity selector is working]]></system-out>
         <system-err><![CDATA[]]></system-err>
      </testcase>
      <testcase name="Test Cases/OCS - MOBILE/OCS- CRITICAL PATH/Cart flyout-price comparison" classname="Test Cases/OCS - MOBILE/OCS- CRITICAL PATH/Cart flyout-price comparison" status="PASSED">
         <system-out><![CDATA[2019-05-21 17:24:01 - [TEST_CASE][PASSED] - Test Cases/OCS - MOBILE/OCS- CRITICAL PATH/Cart flyout-price comparison: Test Cases/OCS - MOBILE/OCS- CRITICAL PATH/Cart flyout-price comparison

2019-05-21 17:24:01 - [TEST_STEP][PASSED] - openBrowser(""): Browser is opened with url: ''

2019-05-21 17:24:01 - [MESSAGE][WARNING] - A browser is already opened. Closing browser and opening a new one

2019-05-21 17:24:02 - [MESSAGE][INFO] - Starting 'Firefox' driver

2019-05-21 17:24:04 - [MESSAGE][PASSED] - Browser is opened with url: ''

2019-05-21 17:24:04 - [TEST_STEP][PASSED] - navigateToUrl("https://ocs.ca/?fts=0&preview_theme_id=53373863756"): Navigate to 'https://ocs.ca/?fts=0&preview_theme_id=53373863756' successfully

2019-05-21 17:24:10 - [MESSAGE][PASSED] - Navigate to 'https://ocs.ca/?fts=0&preview_theme_id=53373863756' successfully

2019-05-21 17:24:10 - [TEST_STEP][PASSED] - setViewPortSize(360, 800): Viewport is set to new size with width = 360 and height = 800

2019-05-21 17:24:11 - [MESSAGE][PASSED] - Viewport is set to new size with width = 360 and height = 800

2019-05-21 17:24:11 - [TEST_STEP][PASSED] - delay(4): Delayed 4 second(s)

2019-05-21 17:24:15 - [MESSAGE][PASSED] - Delayed 4 second(s)

2019-05-21 17:24:15 - [TEST_STEP][PASSED] - selectOptionByValue(findTestObject("OCS-MOBILE /Age gate and burger menu/Date"), "12", true): All options with value '12' are selected in object 'Object Repository/OCS-MOBILE /Age gate and burger menu/Date'  using regular expression

2019-05-21 17:24:15 - [MESSAGE][PASSED] - All options with value '12' are selected in object 'Object Repository/OCS-MOBILE /Age gate and burger menu/Date'  using regular expression

2019-05-21 17:24:15 - [TEST_STEP][PASSED] - selectOptionByValue(findTestObject("OCS-MOBILE /Age gate and burger menu/month"), "6", true): All options with value '6' are selected in object 'Object Repository/OCS-MOBILE /Age gate and burger menu/month'  using regular expression

2019-05-21 17:24:16 - [MESSAGE][PASSED] - All options with value '6' are selected in object 'Object Repository/OCS-MOBILE /Age gate and burger menu/month'  using regular expression

2019-05-21 17:24:16 - [TEST_STEP][PASSED] - delay(2): Delayed 2 second(s)

2019-05-21 17:24:18 - [MESSAGE][PASSED] - Delayed 2 second(s)

2019-05-21 17:24:18 - [TEST_STEP][PASSED] - selectOptionByValue(findTestObject("OCS-MOBILE /Age gate and burger menu/Year Dropdown"), "1990", true): All options with value '1990' are selected in object 'Object Repository/OCS-MOBILE /Age gate and burger menu/Year Dropdown'  using regular expression

2019-05-21 17:24:19 - [MESSAGE][PASSED] - All options with value '1990' are selected in object 'Object Repository/OCS-MOBILE /Age gate and burger menu/Year Dropdown'  using regular expression

2019-05-21 17:24:19 - [TEST_STEP][PASSED] - click(findTestObject("OCS-MOBILE /Age gate and burger menu/button_Verify")): Object: 'Object Repository/OCS-MOBILE /Age gate and burger menu/button_Verify' is clicked on

2019-05-21 17:24:19 - [MESSAGE][PASSED] - Object: 'Object Repository/OCS-MOBILE /Age gate and burger menu/button_Verify' is clicked on

2019-05-21 17:24:19 - [TEST_STEP][PASSED] - click(findTestObject("OCS-MOBILE /Age gate and burger menu/Checkbox_CONFIRM AND ACKNOWLEDGE")): Object: 'Object Repository/OCS-MOBILE /Age gate and burger menu/Checkbox_CONFIRM AND ACKNOWLEDGE' is clicked on

2019-05-21 17:24:20 - [MESSAGE][PASSED] - Object: 'Object Repository/OCS-MOBILE /Age gate and burger menu/Checkbox_CONFIRM AND ACKNOWLEDGE' is clicked on

2019-05-21 17:24:20 - [TEST_STEP][PASSED] - click(findTestObject("OCS-MOBILE /Age gate and burger menu/button_CONFIRM")): Object: 'Object Repository/OCS-MOBILE /Age gate and burger menu/button_CONFIRM' is clicked on

2019-05-21 17:24:20 - [MESSAGE][PASSED] - Object: 'Object Repository/OCS-MOBILE /Age gate and burger menu/button_CONFIRM' is clicked on

2019-05-21 17:24:20 - [TEST_STEP][PASSED] - click(findTestObject("OCS-MOBILE /Age gate and burger menu/button_Start Browsing")): Object: 'Object Repository/OCS-MOBILE /Age gate and burger menu/button_Start Browsing' is clicked on

2019-05-21 17:24:20 - [MESSAGE][PASSED] - Object: 'Object Repository/OCS-MOBILE /Age gate and burger menu/button_Start Browsing' is clicked on

2019-05-21 17:24:20 - [TEST_STEP][PASSED] - delay(2): Delayed 2 second(s)

2019-05-21 17:24:22 - [MESSAGE][PASSED] - Delayed 2 second(s)

2019-05-21 17:24:22 - [TEST_STEP][PASSED] - click(findTestObject("OCS-MOBILE /Age gate and burger menu/Burger menu - English")): Object: 'Object Repository/OCS-MOBILE /Age gate and burger menu/Burger menu - English' is clicked on

2019-05-21 17:24:22 - [MESSAGE][PASSED] - Object: 'Object Repository/OCS-MOBILE /Age gate and burger menu/Burger menu - English' is clicked on

2019-05-21 17:24:22 - [TEST_STEP][PASSED] - delay(2): Delayed 2 second(s)

2019-05-21 17:24:24 - [MESSAGE][PASSED] - Delayed 2 second(s)

2019-05-21 17:24:24 - [TEST_STEP][PASSED] - click(findTestObject("OCS-MOBILE /Age gate and burger menu/Chevron_Cannabis")): Object: 'Object Repository/OCS-MOBILE /Age gate and burger menu/Chevron_Cannabis' is clicked on

2019-05-21 17:24:25 - [MESSAGE][PASSED] - Object: 'Object Repository/OCS-MOBILE /Age gate and burger menu/Chevron_Cannabis' is clicked on

2019-05-21 17:24:25 - [TEST_STEP][PASSED] - delay(2): Delayed 2 second(s)

2019-05-21 17:24:27 - [MESSAGE][PASSED] - Delayed 2 second(s)

2019-05-21 17:24:27 - [TEST_STEP][PASSED] - click(findTestObject("OCS-MOBILE /Age gate and burger menu/Dried Flower_Plus icon")): Object: 'Object Repository/OCS-MOBILE /Age gate and burger menu/Dried Flower_Plus icon' is clicked on

2019-05-21 17:24:27 - [MESSAGE][PASSED] - Object: 'Object Repository/OCS-MOBILE /Age gate and burger menu/Dried Flower_Plus icon' is clicked on

2019-05-21 17:24:27 - [TEST_STEP][PASSED] - delay(2): Delayed 2 second(s)

2019-05-21 17:24:29 - [MESSAGE][PASSED] - Delayed 2 second(s)

2019-05-21 17:24:29 - [TEST_STEP][PASSED] - click(findTestObject("OCS-MOBILE /Age gate and burger menu/Indica Dominant_Menu item")): Object: 'Object Repository/OCS-MOBILE /Age gate and burger menu/Indica Dominant_Menu item' is clicked on

2019-05-21 17:24:32 - [MESSAGE][PASSED] - Object: 'Object Repository/OCS-MOBILE /Age gate and burger menu/Indica Dominant_Menu item' is clicked on

2019-05-21 17:24:32 - [TEST_STEP][PASSED] - delay(2): Delayed 2 second(s)

2019-05-21 17:24:34 - [MESSAGE][PASSED] - Delayed 2 second(s)

2019-05-21 17:24:34 - [TEST_STEP][PASSED] - click(findTestObject("OCS-MOBILE /Collection page/Product image - 1st one")): Object: 'Object Repository/OCS-MOBILE /Collection page/Product image - 1st one' is clicked on

2019-05-21 17:24:38 - [MESSAGE][PASSED] - Object: 'Object Repository/OCS-MOBILE /Collection page/Product image - 1st one' is clicked on

2019-05-21 17:24:38 - [TEST_STEP][PASSED] - scrollToElement(findTestObject("OCS-MOBILE /Product page/Product image"), 1): Scroll to object 'Object Repository/OCS-MOBILE /Product page/Product image' successfully

2019-05-21 17:24:38 - [MESSAGE][PASSED] - Scroll to object 'Object Repository/OCS-MOBILE /Product page/Product image' successfully

2019-05-21 17:24:38 - [TEST_STEP][PASSED] - delay(2): Delayed 2 second(s)

2019-05-21 17:24:40 - [MESSAGE][PASSED] - Delayed 2 second(s)

2019-05-21 17:24:40 - [TEST_STEP][PASSED] - flag = verifyElementPresent(findTestObject("OCS-MOBILE /Product page/Swatch_3.5g"), 0): Object 'Object Repository/OCS-MOBILE /Product page/Swatch_3.5g' is present

2019-05-21 17:24:40 - [MESSAGE][WARNING] - Timeout '0' is invalid. Using default page load timeout: '30'

2019-05-21 17:24:40 - [MESSAGE][PASSED] - Object 'Object Repository/OCS-MOBILE /Product page/Swatch_3.5g' is present

2019-05-21 17:24:40 - [TEST_STEP][PASSED] - comment(" flag=" + flag):  flag=true

2019-05-21 17:24:40 - [MESSAGE][INFO] -  flag=true

2019-05-21 17:24:40 - [TEST_STEP][PASSED] - takeScreenshot(): Taking screenshot successfully

2019-05-21 17:24:40 - [MESSAGE][PASSED] - Taking screenshot successfully
[[ATTACHMENT|/Users/sumankompelly/git/Ontario-cannbis-store/Reports/OCS- MOBILE/CRITICAL PATH - 21- 05-19/20190521_171900/1558473880843.png]]

2019-05-21 17:24:40 - [TEST_STEP][PASSED] - if (flag == true): Text 'Payment' is present on page 

2019-05-21 17:24:40 - [TEST_STEP][NOT_RUN] - scrollToElement(findTestObject("OCS-MOBILE /Product page/Swatch_3.5g"), 1): NOT_RUN: scrollToElement(findTestObject("OCS-MOBILE /Product page/Swatch_3.5g"), 1)

2019-05-21 17:24:40 - [MESSAGE][NOT_RUN] - NOT_RUN: scrollToElement(findTestObject("OCS-MOBILE /Product page/Swatch_3.5g"), 1)

2019-05-21 17:24:40 - [TEST_STEP][PASSED] - click(findTestObject("OCS-MOBILE /Product page/Swatch_3.5g"), CONTINUE_ON_FAILURE): Object: 'Object Repository/OCS-MOBILE /Product page/Swatch_3.5g' is clicked on

2019-05-21 17:24:41 - [MESSAGE][PASSED] - Object: 'Object Repository/OCS-MOBILE /Product page/Swatch_3.5g' is clicked on

2019-05-21 17:24:41 - [TEST_STEP][PASSED] - delay(2): Delayed 2 second(s)

2019-05-21 17:24:43 - [MESSAGE][PASSED] - Delayed 2 second(s)

2019-05-21 17:24:43 - [TEST_STEP][PASSED] - setViewPortSize(1000, 800, OPTIONAL): Viewport is set to new size with width = 1000 and height = 800

2019-05-21 17:24:43 - [MESSAGE][PASSED] - Viewport is set to new size with width = 1000 and height = 800

2019-05-21 17:24:43 - [TEST_STEP][PASSED] - delay(2, OPTIONAL): Delayed 2 second(s)

2019-05-21 17:24:45 - [MESSAGE][PASSED] - Delayed 2 second(s)

2019-05-21 17:24:45 - [TEST_STEP][PASSED] - click(findTestObject("Theme_oR/Page_Ontario Cannabis Store  Ontari/button_Hide bar"), OPTIONAL): Object: 'Object Repository/Theme_oR/Page_Ontario Cannabis Store  Ontari/button_Hide bar' is clicked on

2019-05-21 17:24:45 - [MESSAGE][PASSED] - Object: 'Object Repository/Theme_oR/Page_Ontario Cannabis Store  Ontari/button_Hide bar' is clicked on

2019-05-21 17:24:45 - [TEST_STEP][PASSED] - delay(2, OPTIONAL): Delayed 2 second(s)

2019-05-21 17:24:47 - [MESSAGE][PASSED] - Delayed 2 second(s)

2019-05-21 17:24:47 - [TEST_STEP][PASSED] - setViewPortSize(360, 800, OPTIONAL): Viewport is set to new size with width = 360 and height = 800

2019-05-21 17:24:47 - [MESSAGE][PASSED] - Viewport is set to new size with width = 360 and height = 800

2019-05-21 17:24:47 - [TEST_STEP][PASSED] - delay(1, OPTIONAL): Delayed 1 second(s)

2019-05-21 17:24:48 - [MESSAGE][PASSED] - Delayed 1 second(s)

2019-05-21 17:24:48 - [TEST_STEP][PASSED] - click(findTestObject("OCS-MOBILE /Product page/Add to Bag-button")): Object: 'Object Repository/OCS-MOBILE /Product page/Add to Bag-button' is clicked on

2019-05-21 17:24:48 - [MESSAGE][PASSED] - Object: 'Object Repository/OCS-MOBILE /Product page/Add to Bag-button' is clicked on

2019-05-21 17:24:48 - [TEST_STEP][PASSED] - delay(1): Delayed 1 second(s)

2019-05-21 17:24:49 - [MESSAGE][PASSED] - Delayed 1 second(s)

2019-05-21 17:24:49 - [TEST_STEP][PASSED] - click(findTestObject("OCS-MOBILE /Cart flyout/Back icon")): Object: 'Object Repository/OCS-MOBILE /Cart flyout/Back icon' is clicked on

2019-05-21 17:24:50 - [MESSAGE][PASSED] - Object: 'Object Repository/OCS-MOBILE /Cart flyout/Back icon' is clicked on

2019-05-21 17:24:50 - [TEST_STEP][PASSED] - delay(2): Delayed 2 second(s)

2019-05-21 17:24:52 - [MESSAGE][PASSED] - Delayed 2 second(s)

2019-05-21 17:24:52 - [TEST_STEP][PASSED] - click(findTestObject("OCS-MOBILE /Age gate and burger menu/Burger menu - English")): Object: 'Object Repository/OCS-MOBILE /Age gate and burger menu/Burger menu - English' is clicked on

2019-05-21 17:24:52 - [MESSAGE][PASSED] - Object: 'Object Repository/OCS-MOBILE /Age gate and burger menu/Burger menu - English' is clicked on

2019-05-21 17:24:52 - [TEST_STEP][PASSED] - delay(2): Delayed 2 second(s)

2019-05-21 17:24:54 - [MESSAGE][PASSED] - Delayed 2 second(s)

2019-05-21 17:24:54 - [TEST_STEP][PASSED] - click(findTestObject("OCS-MOBILE /Age gate and burger menu/Chevron_Cannabis")): Object: 'Object Repository/OCS-MOBILE /Age gate and burger menu/Chevron_Cannabis' is clicked on

2019-05-21 17:24:54 - [MESSAGE][PASSED] - Object: 'Object Repository/OCS-MOBILE /Age gate and burger menu/Chevron_Cannabis' is clicked on

2019-05-21 17:24:54 - [TEST_STEP][PASSED] - delay(2): Delayed 2 second(s)

2019-05-21 17:24:56 - [MESSAGE][PASSED] - Delayed 2 second(s)

2019-05-21 17:24:56 - [TEST_STEP][PASSED] - click(findTestObject("OCS-MOBILE /Age gate and burger menu/Dried Flower_Plus icon")): Object: 'Object Repository/OCS-MOBILE /Age gate and burger menu/Dried Flower_Plus icon' is clicked on

2019-05-21 17:24:56 - [MESSAGE][PASSED] - Object: 'Object Repository/OCS-MOBILE /Age gate and burger menu/Dried Flower_Plus icon' is clicked on

2019-05-21 17:24:56 - [TEST_STEP][PASSED] - delay(2): Delayed 2 second(s)

2019-05-21 17:24:58 - [MESSAGE][PASSED] - Delayed 2 second(s)

2019-05-21 17:24:58 - [TEST_STEP][PASSED] - click(findTestObject("OCS-MOBILE /Age gate and burger menu/Indica Dominant_Menu item")): Object: 'Object Repository/OCS-MOBILE /Age gate and burger menu/Indica Dominant_Menu item' is clicked on

2019-05-21 17:25:01 - [MESSAGE][PASSED] - Object: 'Object Repository/OCS-MOBILE /Age gate and burger menu/Indica Dominant_Menu item' is clicked on

2019-05-21 17:25:01 - [TEST_STEP][PASSED] - delay(2): Delayed 2 second(s)

2019-05-21 17:25:03 - [MESSAGE][PASSED] - Delayed 2 second(s)

2019-05-21 17:25:03 - [TEST_STEP][PASSED] - scrollToElement(findTestObject("OCS-MOBILE /Collection page/Product image - 1st one"), 1): Scroll to object 'Object Repository/OCS-MOBILE /Collection page/Product image - 1st one' successfully

2019-05-21 17:25:03 - [MESSAGE][PASSED] - Scroll to object 'Object Repository/OCS-MOBILE /Collection page/Product image - 1st one' successfully

2019-05-21 17:25:03 - [TEST_STEP][PASSED] - delay(1): Delayed 1 second(s)

2019-05-21 17:25:04 - [MESSAGE][PASSED] - Delayed 1 second(s)

2019-05-21 17:25:04 - [TEST_STEP][PASSED] - click(findTestObject("OCS-MOBILE /Collection page/Product image - 2nd one")): Object: 'Object Repository/OCS-MOBILE /Collection page/Product image - 2nd one' is clicked on

2019-05-21 17:25:06 - [MESSAGE][PASSED] - Object: 'Object Repository/OCS-MOBILE /Collection page/Product image - 2nd one' is clicked on

2019-05-21 17:25:06 - [TEST_STEP][PASSED] - delay(2): Delayed 2 second(s)

2019-05-21 17:25:08 - [MESSAGE][PASSED] - Delayed 2 second(s)

2019-05-21 17:25:08 - [TEST_STEP][PASSED] - scrollToElement(findTestObject("OCS-MOBILE /Product page/Product image"), 1): Scroll to object 'Object Repository/OCS-MOBILE /Product page/Product image' successfully

2019-05-21 17:25:08 - [MESSAGE][PASSED] - Scroll to object 'Object Repository/OCS-MOBILE /Product page/Product image' successfully

2019-05-21 17:25:08 - [TEST_STEP][PASSED] - delay(2): Delayed 2 second(s)

2019-05-21 17:25:10 - [MESSAGE][PASSED] - Delayed 2 second(s)

2019-05-21 17:25:10 - [TEST_STEP][PASSED] - click(findTestObject("OCS-MOBILE /Product page/Swatch_3.5g")): Object: 'Object Repository/OCS-MOBILE /Product page/Swatch_3.5g' is clicked on

2019-05-21 17:25:10 - [MESSAGE][PASSED] - Object: 'Object Repository/OCS-MOBILE /Product page/Swatch_3.5g' is clicked on

2019-05-21 17:25:10 - [TEST_STEP][PASSED] - scrollToElement(findTestObject("OCS-MOBILE /Product page/Swatch_3.5g"), 1): Scroll to object 'Object Repository/OCS-MOBILE /Product page/Swatch_3.5g' successfully

2019-05-21 17:25:10 - [MESSAGE][PASSED] - Scroll to object 'Object Repository/OCS-MOBILE /Product page/Swatch_3.5g' successfully

2019-05-21 17:25:10 - [TEST_STEP][PASSED] - delay(2): Delayed 2 second(s)

2019-05-21 17:25:12 - [MESSAGE][PASSED] - Delayed 2 second(s)

2019-05-21 17:25:12 - [TEST_STEP][PASSED] - click(findTestObject("OCS-MOBILE /Product page/Add to Bag-button")): Object: 'Object Repository/OCS-MOBILE /Product page/Add to Bag-button' is clicked on

2019-05-21 17:25:12 - [MESSAGE][PASSED] - Object: 'Object Repository/OCS-MOBILE /Product page/Add to Bag-button' is clicked on

2019-05-21 17:25:12 - [TEST_STEP][PASSED] - delay(1): Delayed 1 second(s)

2019-05-21 17:25:13 - [MESSAGE][PASSED] - Delayed 1 second(s)

2019-05-21 17:25:13 - [TEST_STEP][PASSED] - maximizeWindow(): Current window maximized

2019-05-21 17:25:14 - [MESSAGE][PASSED] - Current window maximized

2019-05-21 17:25:14 - [TEST_STEP][PASSED] - delay(2): Delayed 2 second(s)

2019-05-21 17:25:16 - [MESSAGE][PASSED] - Delayed 2 second(s)

2019-05-21 17:25:16 - [TEST_STEP][PASSED] - click(findTestObject("Theme_oR/Page_Ontario Cannabis Store  Ontari/button_Hide bar")): Object: 'Object Repository/Theme_oR/Page_Ontario Cannabis Store  Ontari/button_Hide bar' is clicked on

2019-05-21 17:25:16 - [MESSAGE][PASSED] - Object: 'Object Repository/Theme_oR/Page_Ontario Cannabis Store  Ontari/button_Hide bar' is clicked on

2019-05-21 17:25:16 - [TEST_STEP][PASSED] - delay(2): Delayed 2 second(s)

2019-05-21 17:25:18 - [MESSAGE][PASSED] - Delayed 2 second(s)

2019-05-21 17:25:18 - [TEST_STEP][PASSED] - setViewPortSize(360, 800): Viewport is set to new size with width = 360 and height = 800

2019-05-21 17:25:19 - [MESSAGE][PASSED] - Viewport is set to new size with width = 360 and height = 800

2019-05-21 17:25:19 - [TEST_STEP][PASSED] - delay(2): Delayed 2 second(s)

2019-05-21 17:25:21 - [MESSAGE][PASSED] - Delayed 2 second(s)

2019-05-21 17:25:21 - [TEST_STEP][PASSED] - k = getText(findTestObject("OCS-MOBILE /Cart flyout/Unit price - 1st Product")): Text of object 'Object Repository/OCS-MOBILE /Cart flyout/Unit price - 1st Product' is: '$35.00'

2019-05-21 17:25:21 - [MESSAGE][PASSED] - Text of object 'Object Repository/OCS-MOBILE /Cart flyout/Unit price - 1st Product' is: '$35.00'

2019-05-21 17:25:21 - [TEST_STEP][PASSED] - delay(2): Delayed 2 second(s)

2019-05-21 17:25:23 - [MESSAGE][PASSED] - Delayed 2 second(s)

2019-05-21 17:25:23 - [TEST_STEP][PASSED] - a = getText(findTestObject("OCS-MOBILE /Cart flyout/Unit price - 2nd Product")): Text of object 'Object Repository/OCS-MOBILE /Cart flyout/Unit price - 2nd Product' is: '$32.40'

2019-05-21 17:25:23 - [MESSAGE][PASSED] - Text of object 'Object Repository/OCS-MOBILE /Cart flyout/Unit price - 2nd Product' is: '$32.40'

2019-05-21 17:25:23 - [TEST_STEP][PASSED] - delay(2): Delayed 2 second(s)

2019-05-21 17:25:25 - [MESSAGE][PASSED] - Delayed 2 second(s)

2019-05-21 17:25:25 - [TEST_STEP][PASSED] - comment("a=" + a): a=$32.40

2019-05-21 17:25:25 - [MESSAGE][INFO] - a=$32.40

2019-05-21 17:25:25 - [TEST_STEP][PASSED] - without = a.substring(1): null

2019-05-21 17:25:25 - [TEST_STEP][PASSED] - comment("without = " + without): without = 32.40

2019-05-21 17:25:25 - [MESSAGE][INFO] - without = 32.40

2019-05-21 17:25:25 - [TEST_STEP][PASSED] - last = without.substring(0, without.length() - 1): null

2019-05-21 17:25:25 - [TEST_STEP][PASSED] - comment("last=" + last): last=32.4

2019-05-21 17:25:25 - [MESSAGE][INFO] - last=32.4

2019-05-21 17:25:25 - [TEST_STEP][PASSED] - comment("k=" + k): k=$35.00

2019-05-21 17:25:25 - [MESSAGE][INFO] - k=$35.00

2019-05-21 17:25:25 - [TEST_STEP][PASSED] - without1 = k.substring(1): null

2019-05-21 17:25:25 - [TEST_STEP][PASSED] - comment("without1 = " + without1): without1 = 35.00

2019-05-21 17:25:25 - [MESSAGE][INFO] - without1 = 35.00

2019-05-21 17:25:25 - [TEST_STEP][PASSED] - p1 = <not implemented yet for class: org.codehaus.groovy.ast.expr.EmptyExpression>: null

2019-05-21 17:25:25 - [TEST_STEP][PASSED] - p2 = <not implemented yet for class: org.codehaus.groovy.ast.expr.EmptyExpression>: null

2019-05-21 17:25:25 - [TEST_STEP][PASSED] - try: p1=32.4

2019-05-21 17:25:25 - [TEST_STEP][PASSED] - str = last: null

2019-05-21 17:25:25 - [TEST_STEP][PASSED] - comment("str=" + str): str=32.4

2019-05-21 17:25:25 - [MESSAGE][INFO] - str=32.4

2019-05-21 17:25:25 - [TEST_STEP][PASSED] - p1 = Double.valueOf(str): null

2019-05-21 17:25:25 - [TEST_STEP][PASSED] - comment("p1=" + p1): p1=32.4

2019-05-21 17:25:25 - [MESSAGE][INFO] - p1=32.4

2019-05-21 17:25:25 - [TEST_STEP][PASSED] - try: p2=35.0

2019-05-21 17:25:25 - [TEST_STEP][PASSED] - str5 = without1: null

2019-05-21 17:25:25 - [TEST_STEP][PASSED] - comment("str5=" + str5): str5=35.00

2019-05-21 17:25:25 - [MESSAGE][INFO] - str5=35.00

2019-05-21 17:25:25 - [TEST_STEP][PASSED] - p2 = Double.valueOf(str5): null

2019-05-21 17:25:25 - [TEST_STEP][PASSED] - comment("p2=" + p2): p2=35.0

2019-05-21 17:25:25 - [MESSAGE][INFO] - p2=35.0

2019-05-21 17:25:25 - [TEST_STEP][PASSED] - total = p1 + p2: null

2019-05-21 17:25:25 - [TEST_STEP][PASSED] - comment("total =" + total): total =67.4

2019-05-21 17:25:25 - [MESSAGE][INFO] - total =67.4

2019-05-21 17:25:25 - [TEST_STEP][PASSED] - amount = getText(findTestObject("OCS-MOBILE /Cart flyout/Sub-total Price")): Text of object 'Object Repository/OCS-MOBILE /Cart flyout/Sub-total Price' is: '$67.40'

2019-05-21 17:25:25 - [MESSAGE][PASSED] - Text of object 'Object Repository/OCS-MOBILE /Cart flyout/Sub-total Price' is: '$67.40'

2019-05-21 17:25:25 - [TEST_STEP][PASSED] - delay(2): Delayed 2 second(s)

2019-05-21 17:25:27 - [MESSAGE][PASSED] - Delayed 2 second(s)

2019-05-21 17:25:27 - [TEST_STEP][PASSED] - comment("amount =" + amount): amount =$67.40

2019-05-21 17:25:27 - [MESSAGE][INFO] - amount =$67.40

2019-05-21 17:25:27 - [TEST_STEP][PASSED] - soustotal = amount.substring(1): null

2019-05-21 17:25:27 - [TEST_STEP][PASSED] - comment("soustotal= " + soustotal): soustotal= 67.40

2019-05-21 17:25:27 - [MESSAGE][INFO] - soustotal= 67.40

2019-05-21 17:25:27 - [TEST_STEP][PASSED] - p = <not implemented yet for class: org.codehaus.groovy.ast.expr.EmptyExpression>: null

2019-05-21 17:25:27 - [TEST_STEP][PASSED] - try: p=67.4

2019-05-21 17:25:27 - [TEST_STEP][PASSED] - finalprice = soustotal: null

2019-05-21 17:25:27 - [TEST_STEP][PASSED] - comment("finalprice=" + finalprice): finalprice=67.40

2019-05-21 17:25:27 - [MESSAGE][INFO] - finalprice=67.40

2019-05-21 17:25:27 - [TEST_STEP][PASSED] - p = Double.valueOf(finalprice): null

2019-05-21 17:25:27 - [TEST_STEP][PASSED] - comment("p=" + p): p=67.4

2019-05-21 17:25:27 - [MESSAGE][INFO] - p=67.4

2019-05-21 17:25:27 - [TEST_STEP][PASSED] - finalprice = soustotal: null

2019-05-21 17:25:27 - [TEST_STEP][PASSED] - comment("finalprice=" + finalprice): finalprice=67.40

2019-05-21 17:25:27 - [MESSAGE][INFO] - finalprice=67.40

2019-05-21 17:25:27 - [TEST_STEP][PASSED] - p = Double.valueOf(finalprice): null

2019-05-21 17:25:27 - [TEST_STEP][PASSED] - comment("p=" + p): p=67.4

2019-05-21 17:25:27 - [MESSAGE][INFO] - p=67.4

2019-05-21 17:25:27 - [TEST_STEP][PASSED] - verifyEqual(total, p): Actual object '67.4' and expected object '67.4' are equal

2019-05-21 17:25:27 - [MESSAGE][PASSED] - Actual object '67.4' and expected object '67.4' are equal

2019-05-21 17:25:27 - [TEST_STEP][PASSED] - comment("cart items price equal"): cart items price equal

2019-05-21 17:25:27 - [MESSAGE][INFO] - cart items price equal

2019-05-21 17:25:27 - [TEST_STEP][PASSED] - click(findTestObject("OCS-MOBILE /Cart flyout/Checkbox_I confirm that")): Object: 'Object Repository/OCS-MOBILE /Cart flyout/Checkbox_I confirm that' is clicked on

2019-05-21 17:25:27 - [MESSAGE][PASSED] - Object: 'Object Repository/OCS-MOBILE /Cart flyout/Checkbox_I confirm that' is clicked on

2019-05-21 17:25:27 - [TEST_STEP][PASSED] - click(findTestObject("OCS-MOBILE /Cart flyout/Checkbox_Accept the Terms Condition")): Object: 'Object Repository/OCS-MOBILE /Cart flyout/Checkbox_Accept the Terms Condition' is clicked on

2019-05-21 17:25:27 - [MESSAGE][PASSED] - Object: 'Object Repository/OCS-MOBILE /Cart flyout/Checkbox_Accept the Terms Condition' is clicked on

2019-05-21 17:25:27 - [TEST_STEP][PASSED] - delay(2): Delayed 2 second(s)

2019-05-21 17:25:29 - [MESSAGE][PASSED] - Delayed 2 second(s)

2019-05-21 17:25:29 - [TEST_STEP][PASSED] - click(findTestObject("OCS-MOBILE /Cart flyout/Checkout - Button")): Object: 'Object Repository/OCS-MOBILE /Cart flyout/Checkout - Button' is clicked on

2019-05-21 17:25:37 - [MESSAGE][PASSED] - Object: 'Object Repository/OCS-MOBILE /Cart flyout/Checkout - Button' is clicked on

2019-05-21 17:25:37 - [TEST_STEP][PASSED] - scrollToElement(findTestObject("OCS-MOBILE /Customer info page/input_Email"), 0): Scroll to object 'Object Repository/OCS-MOBILE /Customer info page/input_Email' successfully

2019-05-21 17:25:37 - [MESSAGE][WARNING] - Timeout '0' is invalid. Using default page load timeout: '30'

2019-05-21 17:25:37 - [MESSAGE][PASSED] - Scroll to object 'Object Repository/OCS-MOBILE /Customer info page/input_Email' successfully

2019-05-21 17:25:37 - [TEST_STEP][PASSED] - setText(findTestObject("OCS-MOBILE /Customer info page/input_Email"), "suman.kompelly@diffagency.com"): Text 'suman.kompelly@diffagency.com' is set on object 'Object Repository/OCS-MOBILE /Customer info page/input_Email'

2019-05-21 17:25:38 - [MESSAGE][PASSED] - Text 'suman.kompelly@diffagency.com' is set on object 'Object Repository/OCS-MOBILE /Customer info page/input_Email'

2019-05-21 17:25:38 - [TEST_STEP][PASSED] - setText(findTestObject("OCS-MOBILE /Customer info page/input_First name"), "suman"): Text 'suman' is set on object 'Object Repository/OCS-MOBILE /Customer info page/input_First name'

2019-05-21 17:25:38 - [MESSAGE][PASSED] - Text 'suman' is set on object 'Object Repository/OCS-MOBILE /Customer info page/input_First name'

2019-05-21 17:25:38 - [TEST_STEP][PASSED] - setText(findTestObject("OCS-MOBILE /Customer info page/input_Last name"), "kompelly"): Text 'kompelly' is set on object 'Object Repository/OCS-MOBILE /Customer info page/input_Last name'

2019-05-21 17:25:38 - [MESSAGE][PASSED] - Text 'kompelly' is set on object 'Object Repository/OCS-MOBILE /Customer info page/input_Last name'

2019-05-21 17:25:38 - [TEST_STEP][PASSED] - setText(findTestObject("OCS-MOBILE /Customer info page/input_Address"), "300 saint alxendre"): Text '300 saint alxendre' is set on object 'Object Repository/OCS-MOBILE /Customer info page/input_Address'

2019-05-21 17:25:38 - [MESSAGE][PASSED] - Text '300 saint alxendre' is set on object 'Object Repository/OCS-MOBILE /Customer info page/input_Address'

2019-05-21 17:25:38 - [TEST_STEP][PASSED] - setText(findTestObject("OCS-MOBILE /Customer info page/input_Apartment suite etc. (op"), "199"): Text '199' is set on object 'Object Repository/OCS-MOBILE /Customer info page/input_Apartment suite etc. (op'

2019-05-21 17:25:38 - [MESSAGE][PASSED] - Text '199' is set on object 'Object Repository/OCS-MOBILE /Customer info page/input_Apartment suite etc. (op'

2019-05-21 17:25:38 - [TEST_STEP][PASSED] - setText(findTestObject("OCS-MOBILE /Customer info page/input_City"), "montreal"): Text 'montreal' is set on object 'Object Repository/OCS-MOBILE /Customer info page/input_City'

2019-05-21 17:25:38 - [MESSAGE][PASSED] - Text 'montreal' is set on object 'Object Repository/OCS-MOBILE /Customer info page/input_City'

2019-05-21 17:25:38 - [TEST_STEP][PASSED] - setText(findTestObject("OCS-MOBILE /Customer info page/input_Postal code"), "n0R1K0"): Text 'n0R1K0' is set on object 'Object Repository/OCS-MOBILE /Customer info page/input_Postal code'

2019-05-21 17:25:38 - [MESSAGE][PASSED] - Text 'n0R1K0' is set on object 'Object Repository/OCS-MOBILE /Customer info page/input_Postal code'

2019-05-21 17:25:38 - [TEST_STEP][PASSED] - setText(findTestObject("OCS-MOBILE /Customer info page/input_Phone"), "(514) 449-3882"): Text '(514) 449-3882' is set on object 'Object Repository/OCS-MOBILE /Customer info page/input_Phone'

2019-05-21 17:25:38 - [MESSAGE][PASSED] - Text '(514) 449-3882' is set on object 'Object Repository/OCS-MOBILE /Customer info page/input_Phone'

2019-05-21 17:25:38 - [TEST_STEP][PASSED] - delay(1): Delayed 1 second(s)

2019-05-21 17:25:39 - [MESSAGE][PASSED] - Delayed 1 second(s)

2019-05-21 17:25:39 - [TEST_STEP][PASSED] - maximizeWindow(): Current window maximized

2019-05-21 17:25:40 - [MESSAGE][PASSED] - Current window maximized

2019-05-21 17:25:40 - [TEST_STEP][PASSED] - delay(2): Delayed 2 second(s)

2019-05-21 17:25:42 - [MESSAGE][PASSED] - Delayed 2 second(s)

2019-05-21 17:25:42 - [TEST_STEP][PASSED] - click(findTestObject("Theme_oR/Page_Ontario Cannabis Store  Ontari/button_Hide bar")): Object: 'Object Repository/Theme_oR/Page_Ontario Cannabis Store  Ontari/button_Hide bar' is clicked on

2019-05-21 17:25:42 - [MESSAGE][PASSED] - Object: 'Object Repository/Theme_oR/Page_Ontario Cannabis Store  Ontari/button_Hide bar' is clicked on

2019-05-21 17:25:42 - [TEST_STEP][PASSED] - delay(2): Delayed 2 second(s)

2019-05-21 17:25:44 - [MESSAGE][PASSED] - Delayed 2 second(s)

2019-05-21 17:25:44 - [TEST_STEP][PASSED] - setViewPortSize(360, 800): Viewport is set to new size with width = 360 and height = 800

2019-05-21 17:25:44 - [MESSAGE][PASSED] - Viewport is set to new size with width = 360 and height = 800

2019-05-21 17:25:44 - [TEST_STEP][PASSED] - click(findTestObject("OCS-MOBILE /Customer info page/Continue to shipping method - Button")): Object: 'Object Repository/OCS-MOBILE /Customer info page/Continue to shipping method - Button' is clicked on

2019-05-21 17:25:46 - [MESSAGE][PASSED] - Object: 'Object Repository/OCS-MOBILE /Customer info page/Continue to shipping method - Button' is clicked on

2019-05-21 17:25:46 - [TEST_STEP][PASSED] - delay(2): Delayed 2 second(s)

2019-05-21 17:25:48 - [MESSAGE][PASSED] - Delayed 2 second(s)

2019-05-21 17:25:48 - [TEST_STEP][PASSED] - refresh(): Refresh successfully

2019-05-21 17:25:50 - [MESSAGE][PASSED] - Refresh successfully

2019-05-21 17:25:50 - [TEST_STEP][PASSED] - delay(2): Delayed 2 second(s)

2019-05-21 17:25:52 - [MESSAGE][PASSED] - Delayed 2 second(s)

2019-05-21 17:25:52 - [TEST_STEP][PASSED] - click(findTestObject("OCS-MOBILE /Shipping page/Continue to payment method - Button")): Object: 'Object Repository/OCS-MOBILE /Shipping page/Continue to payment method - Button' is clicked on

2019-05-21 17:25:55 - [MESSAGE][PASSED] - Object: 'Object Repository/OCS-MOBILE /Shipping page/Continue to payment method - Button' is clicked on

2019-05-21 17:25:55 - [TEST_STEP][PASSED] - verifyTextPresent("Payment", false): Text 'Payment' is present on page 

2019-05-21 17:25:55 - [MESSAGE][PASSED] - Text 'Payment' is present on page]]></system-out>
         <system-err><![CDATA[]]></system-err>
      </testcase>
      <testcase name="Test Cases/OCS - MOBILE/OCS- CRITICAL PATH/Cart flyout-tooltips" classname="Test Cases/OCS - MOBILE/OCS- CRITICAL PATH/Cart flyout-tooltips" status="PASSED">
         <system-out><![CDATA[2019-05-21 17:25:55 - [TEST_CASE][PASSED] - Test Cases/OCS - MOBILE/OCS- CRITICAL PATH/Cart flyout-tooltips: Test Cases/OCS - MOBILE/OCS- CRITICAL PATH/Cart flyout-tooltips

2019-05-21 17:25:55 - [TEST_STEP][PASSED] - openBrowser(""): Browser is opened with url: ''

2019-05-21 17:25:55 - [MESSAGE][WARNING] - A browser is already opened. Closing browser and opening a new one

2019-05-21 17:25:56 - [MESSAGE][INFO] - Starting 'Firefox' driver

2019-05-21 17:25:58 - [MESSAGE][PASSED] - Browser is opened with url: ''

2019-05-21 17:25:58 - [TEST_STEP][PASSED] - navigateToUrl("https://ocs.ca/?fts=0&preview_theme_id=53373863756"): Navigate to 'https://ocs.ca/?fts=0&preview_theme_id=53373863756' successfully

2019-05-21 17:26:00 - [MESSAGE][PASSED] - Navigate to 'https://ocs.ca/?fts=0&preview_theme_id=53373863756' successfully

2019-05-21 17:26:00 - [TEST_STEP][PASSED] - delay(4): Delayed 4 second(s)

2019-05-21 17:26:04 - [MESSAGE][PASSED] - Delayed 4 second(s)

2019-05-21 17:26:04 - [TEST_STEP][PASSED] - setViewPortSize(360, 1000): Viewport is set to new size with width = 360 and height = 1000

2019-05-21 17:26:04 - [MESSAGE][PASSED] - Viewport is set to new size with width = 360 and height = 1000

2019-05-21 17:26:04 - [TEST_STEP][NOT_RUN] - click(findTestObject("Theme_oR/Page_Ontario Cannabis Store  Ontari/button_Hide bar")): NOT_RUN: click(findTestObject("Theme_oR/Page_Ontario Cannabis Store  Ontari/button_Hide bar"))

2019-05-21 17:26:04 - [MESSAGE][NOT_RUN] - NOT_RUN: click(findTestObject("Theme_oR/Page_Ontario Cannabis Store  Ontari/button_Hide bar"))

2019-05-21 17:26:04 - [TEST_STEP][PASSED] - selectOptionByValue(findTestObject("OCS-MOBILE /Age gate and burger menu/Date"), "17", true): All options with value '17' are selected in object 'Object Repository/OCS-MOBILE /Age gate and burger menu/Date'  using regular expression

2019-05-21 17:26:05 - [MESSAGE][PASSED] - All options with value '17' are selected in object 'Object Repository/OCS-MOBILE /Age gate and burger menu/Date'  using regular expression

2019-05-21 17:26:05 - [TEST_STEP][PASSED] - selectOptionByValue(findTestObject("OCS-MOBILE /Age gate and burger menu/month"), "7", true): All options with value '7' are selected in object 'Object Repository/OCS-MOBILE /Age gate and burger menu/month'  using regular expression

2019-05-21 17:26:06 - [MESSAGE][PASSED] - All options with value '7' are selected in object 'Object Repository/OCS-MOBILE /Age gate and burger menu/month'  using regular expression

2019-05-21 17:26:06 - [TEST_STEP][PASSED] - selectOptionByValue(findTestObject("OCS-MOBILE /Age gate and burger menu/Year Dropdown"), "1949", true): All options with value '1949' are selected in object 'Object Repository/OCS-MOBILE /Age gate and burger menu/Year Dropdown'  using regular expression

2019-05-21 17:26:07 - [MESSAGE][PASSED] - All options with value '1949' are selected in object 'Object Repository/OCS-MOBILE /Age gate and burger menu/Year Dropdown'  using regular expression

2019-05-21 17:26:07 - [TEST_STEP][PASSED] - click(findTestObject("OCS-MOBILE /Age gate and burger menu/button_Verify")): Object: 'Object Repository/OCS-MOBILE /Age gate and burger menu/button_Verify' is clicked on

2019-05-21 17:26:08 - [MESSAGE][PASSED] - Object: 'Object Repository/OCS-MOBILE /Age gate and burger menu/button_Verify' is clicked on

2019-05-21 17:26:08 - [TEST_STEP][PASSED] - click(findTestObject("OCS-MOBILE /Age gate and burger menu/Checkbox_CONFIRM AND ACKNOWLEDGE")): Object: 'Object Repository/OCS-MOBILE /Age gate and burger menu/Checkbox_CONFIRM AND ACKNOWLEDGE' is clicked on

2019-05-21 17:26:08 - [MESSAGE][PASSED] - Object: 'Object Repository/OCS-MOBILE /Age gate and burger menu/Checkbox_CONFIRM AND ACKNOWLEDGE' is clicked on

2019-05-21 17:26:08 - [TEST_STEP][PASSED] - click(findTestObject("OCS-MOBILE /Age gate and burger menu/button_CONFIRM")): Object: 'Object Repository/OCS-MOBILE /Age gate and burger menu/button_CONFIRM' is clicked on

2019-05-21 17:26:08 - [MESSAGE][PASSED] - Object: 'Object Repository/OCS-MOBILE /Age gate and burger menu/button_CONFIRM' is clicked on

2019-05-21 17:26:08 - [TEST_STEP][PASSED] - click(findTestObject("OCS-MOBILE /Age gate and burger menu/button_Start Browsing")): Object: 'Object Repository/OCS-MOBILE /Age gate and burger menu/button_Start Browsing' is clicked on

2019-05-21 17:26:08 - [MESSAGE][PASSED] - Object: 'Object Repository/OCS-MOBILE /Age gate and burger menu/button_Start Browsing' is clicked on

2019-05-21 17:26:08 - [TEST_STEP][PASSED] - delay(2): Delayed 2 second(s)

2019-05-21 17:26:10 - [MESSAGE][PASSED] - Delayed 2 second(s)

2019-05-21 17:26:10 - [TEST_STEP][PASSED] - click(findTestObject("OCS-MOBILE /Age gate and burger menu/Burger menu - English")): Object: 'Object Repository/OCS-MOBILE /Age gate and burger menu/Burger menu - English' is clicked on

2019-05-21 17:26:11 - [MESSAGE][PASSED] - Object: 'Object Repository/OCS-MOBILE /Age gate and burger menu/Burger menu - English' is clicked on

2019-05-21 17:26:11 - [TEST_STEP][PASSED] - delay(2): Delayed 2 second(s)

2019-05-21 17:26:13 - [MESSAGE][PASSED] - Delayed 2 second(s)

2019-05-21 17:26:13 - [TEST_STEP][PASSED] - click(findTestObject("OCS-MOBILE /Age gate and burger menu/Chevron_Cannabis")): Object: 'Object Repository/OCS-MOBILE /Age gate and burger menu/Chevron_Cannabis' is clicked on

2019-05-21 17:26:13 - [MESSAGE][PASSED] - Object: 'Object Repository/OCS-MOBILE /Age gate and burger menu/Chevron_Cannabis' is clicked on

2019-05-21 17:26:13 - [TEST_STEP][PASSED] - delay(2): Delayed 2 second(s)

2019-05-21 17:26:15 - [MESSAGE][PASSED] - Delayed 2 second(s)

2019-05-21 17:26:15 - [TEST_STEP][PASSED] - click(findTestObject("OCS-MOBILE /Age gate and burger menu/Dried Flower_Plus icon")): Object: 'Object Repository/OCS-MOBILE /Age gate and burger menu/Dried Flower_Plus icon' is clicked on

2019-05-21 17:26:15 - [MESSAGE][PASSED] - Object: 'Object Repository/OCS-MOBILE /Age gate and burger menu/Dried Flower_Plus icon' is clicked on

2019-05-21 17:26:15 - [TEST_STEP][PASSED] - delay(2): Delayed 2 second(s)

2019-05-21 17:26:17 - [MESSAGE][PASSED] - Delayed 2 second(s)

2019-05-21 17:26:17 - [TEST_STEP][PASSED] - click(findTestObject("OCS-MOBILE /Age gate and burger menu/Indica Dominant_Menu item")): Object: 'Object Repository/OCS-MOBILE /Age gate and burger menu/Indica Dominant_Menu item' is clicked on

2019-05-21 17:26:23 - [MESSAGE][PASSED] - Object: 'Object Repository/OCS-MOBILE /Age gate and burger menu/Indica Dominant_Menu item' is clicked on

2019-05-21 17:26:23 - [TEST_STEP][PASSED] - delay(2): Delayed 2 second(s)

2019-05-21 17:26:25 - [MESSAGE][PASSED] - Delayed 2 second(s)

2019-05-21 17:26:25 - [TEST_STEP][PASSED] - click(findTestObject("OCS-MOBILE /Collection page/Product image - 1st one")): Object: 'Object Repository/OCS-MOBILE /Collection page/Product image - 1st one' is clicked on

2019-05-21 17:26:27 - [MESSAGE][PASSED] - Object: 'Object Repository/OCS-MOBILE /Collection page/Product image - 1st one' is clicked on

2019-05-21 17:26:27 - [TEST_STEP][NOT_RUN] - click(findTestObject("Object Repository/Cart flyout-tooltips_OR/Page_Ontario Cannabis Store  Ontari/h3_Cannabis")): NOT_RUN: click(findTestObject("Object Repository/Cart flyout-tooltips_OR/Page_Ontario Cannabis Store  Ontari/h3_Cannabis"))

2019-05-21 17:26:27 - [MESSAGE][NOT_RUN] - NOT_RUN: click(findTestObject("Object Repository/Cart flyout-tooltips_OR/Page_Ontario Cannabis Store  Ontari/h3_Cannabis"))

2019-05-21 17:26:27 - [TEST_STEP][NOT_RUN] - click(findTestObject("Object Repository/Cart flyout-tooltips_OR/Page_Ontario Cannabis Store  Ontari/span_Indica Dominant")): NOT_RUN: click(findTestObject("Object Repository/Cart flyout-tooltips_OR/Page_Ontario Cannabis Store  Ontari/span_Indica Dominant"))

2019-05-21 17:26:27 - [MESSAGE][NOT_RUN] - NOT_RUN: click(findTestObject("Object Repository/Cart flyout-tooltips_OR/Page_Ontario Cannabis Store  Ontari/span_Indica Dominant"))

2019-05-21 17:26:27 - [TEST_STEP][NOT_RUN] - click(findTestObject("Object Repository/Cart flyout-tooltips_OR/Page_Indica Dominant Dried Flower/h3_Shishkaberry")): NOT_RUN: click(findTestObject("Object Repository/Cart flyout-tooltips_OR/Page_Indica Dominant Dried Flower/h3_Shishkaberry"))

2019-05-21 17:26:27 - [MESSAGE][NOT_RUN] - NOT_RUN: click(findTestObject("Object Repository/Cart flyout-tooltips_OR/Page_Indica Dominant Dried Flower/h3_Shishkaberry"))

2019-05-21 17:26:27 - [TEST_STEP][NOT_RUN] - click(findTestObject("Object Repository/Cart flyout-tooltips_OR/Page_Shishkaberry  Ontario Cannabis/label_1g")): NOT_RUN: click(findTestObject("Object Repository/Cart flyout-tooltips_OR/Page_Shishkaberry  Ontario Cannabis/label_1g"))

2019-05-21 17:26:27 - [MESSAGE][NOT_RUN] - NOT_RUN: click(findTestObject("Object Repository/Cart flyout-tooltips_OR/Page_Shishkaberry  Ontario Cannabis/label_1g"))

2019-05-21 17:26:27 - [TEST_STEP][NOT_RUN] - click(findTestObject("Object Repository/Cart flyout-tooltips_OR/Page_Shishkaberry  Ontario Cannabis/button_Add to Bag9.75")): NOT_RUN: click(findTestObject("Object Repository/Cart flyout-tooltips_OR/Page_Shishkaberry  Ontario Cannabis/button_Add to Bag9.75"))

2019-05-21 17:26:27 - [MESSAGE][NOT_RUN] - NOT_RUN: click(findTestObject("Object Repository/Cart flyout-tooltips_OR/Page_Shishkaberry  Ontario Cannabis/button_Add to Bag9.75"))

2019-05-21 17:26:27 - [TEST_STEP][PASSED] - delay(3): Delayed 3 second(s)

2019-05-21 17:26:30 - [MESSAGE][PASSED] - Delayed 3 second(s)

2019-05-21 17:26:30 - [TEST_STEP][PASSED] - scrollToElement(findTestObject("OCS-MOBILE /Product page/Product image"), 1): Scroll to object 'Object Repository/OCS-MOBILE /Product page/Product image' successfully

2019-05-21 17:26:30 - [MESSAGE][PASSED] - Scroll to object 'Object Repository/OCS-MOBILE /Product page/Product image' successfully

2019-05-21 17:26:30 - [TEST_STEP][PASSED] - click(findTestObject("OCS-MOBILE /Product page/Swatch_3.5g")): Object: 'Object Repository/OCS-MOBILE /Product page/Swatch_3.5g' is clicked on

2019-05-21 17:26:31 - [MESSAGE][PASSED] - Object: 'Object Repository/OCS-MOBILE /Product page/Swatch_3.5g' is clicked on

2019-05-21 17:26:31 - [TEST_STEP][PASSED] - delay(2): Delayed 2 second(s)

2019-05-21 17:26:33 - [MESSAGE][PASSED] - Delayed 2 second(s)

2019-05-21 17:26:33 - [TEST_STEP][PASSED] - click(findTestObject("OCS-MOBILE /Product page/Add to Bag-button")): Object: 'Object Repository/OCS-MOBILE /Product page/Add to Bag-button' is clicked on

2019-05-21 17:26:33 - [MESSAGE][PASSED] - Object: 'Object Repository/OCS-MOBILE /Product page/Add to Bag-button' is clicked on

2019-05-21 17:26:33 - [TEST_STEP][PASSED] - delay(1): Delayed 1 second(s)

2019-05-21 17:26:34 - [MESSAGE][PASSED] - Delayed 1 second(s)

2019-05-21 17:26:34 - [TEST_STEP][PASSED] - click(findTestObject("OCS-MOBILE /Cart flyout/tool tip - TOP")): Object: 'Object Repository/OCS-MOBILE /Cart flyout/tool tip - TOP' is clicked on

2019-05-21 17:26:34 - [MESSAGE][PASSED] - Object: 'Object Repository/OCS-MOBILE /Cart flyout/tool tip - TOP' is clicked on

2019-05-21 17:26:34 - [TEST_STEP][PASSED] - delay(3): Delayed 3 second(s)

2019-05-21 17:26:37 - [MESSAGE][PASSED] - Delayed 3 second(s)

2019-05-21 17:26:37 - [TEST_STEP][PASSED] - click(findTestObject("OCS-MOBILE /Cart flyout/tool tip -DOWN")): Object: 'Object Repository/OCS-MOBILE /Cart flyout/tool tip -DOWN' is clicked on

2019-05-21 17:26:37 - [MESSAGE][PASSED] - Object: 'Object Repository/OCS-MOBILE /Cart flyout/tool tip -DOWN' is clicked on

2019-05-21 17:26:37 - [TEST_STEP][PASSED] - closeBrowser(): Browser is closed

2019-05-21 17:26:38 - [MESSAGE][PASSED] - Browser is closed]]></system-out>
         <system-err><![CDATA[]]></system-err>
      </testcase>
      <testcase name="Test Cases/OCS - MOBILE/OCS- CRITICAL PATH/Cart page- decrease qty" classname="Test Cases/OCS - MOBILE/OCS- CRITICAL PATH/Cart page- decrease qty" status="PASSED">
         <system-out><![CDATA[2019-05-21 17:26:38 - [TEST_CASE][PASSED] - Test Cases/OCS - MOBILE/OCS- CRITICAL PATH/Cart page- decrease qty: Test Cases/OCS - MOBILE/OCS- CRITICAL PATH/Cart page- decrease qty

2019-05-21 17:26:38 - [TEST_STEP][PASSED] - openBrowser(""): Browser is opened with url: ''

2019-05-21 17:26:38 - [MESSAGE][INFO] - Starting 'Firefox' driver

2019-05-21 17:26:40 - [MESSAGE][PASSED] - Browser is opened with url: ''

2019-05-21 17:26:40 - [TEST_STEP][PASSED] - navigateToUrl("https://ocs.ca/?fts=0&preview_theme_id=53373863756"): Navigate to 'https://ocs.ca/?fts=0&preview_theme_id=53373863756' successfully

2019-05-21 17:26:50 - [MESSAGE][PASSED] - Navigate to 'https://ocs.ca/?fts=0&preview_theme_id=53373863756' successfully

2019-05-21 17:26:50 - [TEST_STEP][PASSED] - setViewPortSize(360, 800): Viewport is set to new size with width = 360 and height = 800

2019-05-21 17:26:50 - [MESSAGE][PASSED] - Viewport is set to new size with width = 360 and height = 800

2019-05-21 17:26:50 - [TEST_STEP][PASSED] - delay(4): Delayed 4 second(s)

2019-05-21 17:26:54 - [MESSAGE][PASSED] - Delayed 4 second(s)

2019-05-21 17:26:54 - [TEST_STEP][PASSED] - selectOptionByValue(findTestObject("OCS-MOBILE /Age gate and burger menu/Date"), "12", true): All options with value '12' are selected in object 'Object Repository/OCS-MOBILE /Age gate and burger menu/Date'  using regular expression

2019-05-21 17:26:55 - [MESSAGE][PASSED] - All options with value '12' are selected in object 'Object Repository/OCS-MOBILE /Age gate and burger menu/Date'  using regular expression

2019-05-21 17:26:55 - [TEST_STEP][PASSED] - selectOptionByValue(findTestObject("OCS-MOBILE /Age gate and burger menu/month"), "6", true): All options with value '6' are selected in object 'Object Repository/OCS-MOBILE /Age gate and burger menu/month'  using regular expression

2019-05-21 17:26:55 - [MESSAGE][PASSED] - All options with value '6' are selected in object 'Object Repository/OCS-MOBILE /Age gate and burger menu/month'  using regular expression

2019-05-21 17:26:55 - [TEST_STEP][PASSED] - delay(2): Delayed 2 second(s)

2019-05-21 17:26:57 - [MESSAGE][PASSED] - Delayed 2 second(s)

2019-05-21 17:26:57 - [TEST_STEP][PASSED] - selectOptionByValue(findTestObject("OCS-MOBILE /Age gate and burger menu/Year Dropdown"), "1990", true): All options with value '1990' are selected in object 'Object Repository/OCS-MOBILE /Age gate and burger menu/Year Dropdown'  using regular expression

2019-05-21 17:26:58 - [MESSAGE][PASSED] - All options with value '1990' are selected in object 'Object Repository/OCS-MOBILE /Age gate and burger menu/Year Dropdown'  using regular expression

2019-05-21 17:26:58 - [TEST_STEP][PASSED] - click(findTestObject("OCS-MOBILE /Age gate and burger menu/button_Verify")): Object: 'Object Repository/OCS-MOBILE /Age gate and burger menu/button_Verify' is clicked on

2019-05-21 17:26:59 - [MESSAGE][PASSED] - Object: 'Object Repository/OCS-MOBILE /Age gate and burger menu/button_Verify' is clicked on

2019-05-21 17:26:59 - [TEST_STEP][PASSED] - click(findTestObject("OCS-MOBILE /Age gate and burger menu/Checkbox_CONFIRM AND ACKNOWLEDGE")): Object: 'Object Repository/OCS-MOBILE /Age gate and burger menu/Checkbox_CONFIRM AND ACKNOWLEDGE' is clicked on

2019-05-21 17:26:59 - [MESSAGE][PASSED] - Object: 'Object Repository/OCS-MOBILE /Age gate and burger menu/Checkbox_CONFIRM AND ACKNOWLEDGE' is clicked on

2019-05-21 17:26:59 - [TEST_STEP][PASSED] - click(findTestObject("OCS-MOBILE /Age gate and burger menu/button_CONFIRM")): Object: 'Object Repository/OCS-MOBILE /Age gate and burger menu/button_CONFIRM' is clicked on

2019-05-21 17:26:59 - [MESSAGE][PASSED] - Object: 'Object Repository/OCS-MOBILE /Age gate and burger menu/button_CONFIRM' is clicked on

2019-05-21 17:26:59 - [TEST_STEP][PASSED] - click(findTestObject("OCS-MOBILE /Age gate and burger menu/button_Start Browsing")): Object: 'Object Repository/OCS-MOBILE /Age gate and burger menu/button_Start Browsing' is clicked on

2019-05-21 17:26:59 - [MESSAGE][PASSED] - Object: 'Object Repository/OCS-MOBILE /Age gate and burger menu/button_Start Browsing' is clicked on

2019-05-21 17:26:59 - [TEST_STEP][PASSED] - delay(2): Delayed 2 second(s)

2019-05-21 17:27:01 - [MESSAGE][PASSED] - Delayed 2 second(s)

2019-05-21 17:27:01 - [TEST_STEP][PASSED] - click(findTestObject("OCS-MOBILE /Age gate and burger menu/Burger menu - English")): Object: 'Object Repository/OCS-MOBILE /Age gate and burger menu/Burger menu - English' is clicked on

2019-05-21 17:27:02 - [MESSAGE][PASSED] - Object: 'Object Repository/OCS-MOBILE /Age gate and burger menu/Burger menu - English' is clicked on

2019-05-21 17:27:02 - [TEST_STEP][PASSED] - delay(2): Delayed 2 second(s)

2019-05-21 17:27:04 - [MESSAGE][PASSED] - Delayed 2 second(s)

2019-05-21 17:27:04 - [TEST_STEP][PASSED] - click(findTestObject("OCS-MOBILE /Age gate and burger menu/Chevron_Cannabis")): Object: 'Object Repository/OCS-MOBILE /Age gate and burger menu/Chevron_Cannabis' is clicked on

2019-05-21 17:27:04 - [MESSAGE][PASSED] - Object: 'Object Repository/OCS-MOBILE /Age gate and burger menu/Chevron_Cannabis' is clicked on

2019-05-21 17:27:04 - [TEST_STEP][PASSED] - delay(2): Delayed 2 second(s)

2019-05-21 17:27:06 - [MESSAGE][PASSED] - Delayed 2 second(s)

2019-05-21 17:27:06 - [TEST_STEP][PASSED] - click(findTestObject("OCS-MOBILE /Age gate and burger menu/Dried Flower_Plus icon")): Object: 'Object Repository/OCS-MOBILE /Age gate and burger menu/Dried Flower_Plus icon' is clicked on

2019-05-21 17:27:06 - [MESSAGE][PASSED] - Object: 'Object Repository/OCS-MOBILE /Age gate and burger menu/Dried Flower_Plus icon' is clicked on

2019-05-21 17:27:06 - [TEST_STEP][PASSED] - delay(2): Delayed 2 second(s)

2019-05-21 17:27:08 - [MESSAGE][PASSED] - Delayed 2 second(s)

2019-05-21 17:27:08 - [TEST_STEP][PASSED] - click(findTestObject("OCS-MOBILE /Age gate and burger menu/Indica Dominant_Menu item")): Object: 'Object Repository/OCS-MOBILE /Age gate and burger menu/Indica Dominant_Menu item' is clicked on

2019-05-21 17:27:12 - [MESSAGE][PASSED] - Object: 'Object Repository/OCS-MOBILE /Age gate and burger menu/Indica Dominant_Menu item' is clicked on

2019-05-21 17:27:12 - [TEST_STEP][PASSED] - delay(2): Delayed 2 second(s)

2019-05-21 17:27:14 - [MESSAGE][PASSED] - Delayed 2 second(s)

2019-05-21 17:27:14 - [TEST_STEP][PASSED] - click(findTestObject("OCS-MOBILE /Collection page/Product image - 1st one")): Object: 'Object Repository/OCS-MOBILE /Collection page/Product image - 1st one' is clicked on

2019-05-21 17:27:16 - [MESSAGE][PASSED] - Object: 'Object Repository/OCS-MOBILE /Collection page/Product image - 1st one' is clicked on

2019-05-21 17:27:16 - [TEST_STEP][PASSED] - scrollToElement(findTestObject("OCS-MOBILE /Product page/Product image"), 1): Scroll to object 'Object Repository/OCS-MOBILE /Product page/Product image' successfully

2019-05-21 17:27:16 - [MESSAGE][PASSED] - Scroll to object 'Object Repository/OCS-MOBILE /Product page/Product image' successfully

2019-05-21 17:27:16 - [TEST_STEP][PASSED] - delay(2): Delayed 2 second(s)

2019-05-21 17:27:18 - [MESSAGE][PASSED] - Delayed 2 second(s)

2019-05-21 17:27:18 - [TEST_STEP][PASSED] - click(findTestObject("OCS-MOBILE /Product page/Swatch_3.5g")): Object: 'Object Repository/OCS-MOBILE /Product page/Swatch_3.5g' is clicked on

2019-05-21 17:27:19 - [MESSAGE][PASSED] - Object: 'Object Repository/OCS-MOBILE /Product page/Swatch_3.5g' is clicked on

2019-05-21 17:27:19 - [TEST_STEP][PASSED] - scrollToElement(findTestObject("OCS-MOBILE /Product page/Swatch_3.5g"), 1): Scroll to object 'Object Repository/OCS-MOBILE /Product page/Swatch_3.5g' successfully

2019-05-21 17:27:19 - [MESSAGE][PASSED] - Scroll to object 'Object Repository/OCS-MOBILE /Product page/Swatch_3.5g' successfully

2019-05-21 17:27:19 - [TEST_STEP][PASSED] - delay(2): Delayed 2 second(s)

2019-05-21 17:27:21 - [MESSAGE][PASSED] - Delayed 2 second(s)

2019-05-21 17:27:21 - [TEST_STEP][PASSED] - click(findTestObject("OCS-MOBILE /Product page/Quantity Increase - Button")): Object: 'Object Repository/OCS-MOBILE /Product page/Quantity Increase - Button' is clicked on

2019-05-21 17:27:21 - [MESSAGE][PASSED] - Object: 'Object Repository/OCS-MOBILE /Product page/Quantity Increase - Button' is clicked on

2019-05-21 17:27:21 - [TEST_STEP][PASSED] - delay(1): Delayed 1 second(s)

2019-05-21 17:27:22 - [MESSAGE][PASSED] - Delayed 1 second(s)

2019-05-21 17:27:22 - [TEST_STEP][PASSED] - click(findTestObject("OCS-MOBILE /Product page/Quantity Increase - Button")): Object: 'Object Repository/OCS-MOBILE /Product page/Quantity Increase - Button' is clicked on

2019-05-21 17:27:22 - [MESSAGE][PASSED] - Object: 'Object Repository/OCS-MOBILE /Product page/Quantity Increase - Button' is clicked on

2019-05-21 17:27:22 - [TEST_STEP][PASSED] - delay(1): Delayed 1 second(s)

2019-05-21 17:27:23 - [MESSAGE][PASSED] - Delayed 1 second(s)

2019-05-21 17:27:23 - [TEST_STEP][PASSED] - click(findTestObject("OCS-MOBILE /Product page/Quantity Increase - Button")): Object: 'Object Repository/OCS-MOBILE /Product page/Quantity Increase - Button' is clicked on

2019-05-21 17:27:23 - [MESSAGE][PASSED] - Object: 'Object Repository/OCS-MOBILE /Product page/Quantity Increase - Button' is clicked on

2019-05-21 17:27:23 - [TEST_STEP][PASSED] - delay(1): Delayed 1 second(s)

2019-05-21 17:27:24 - [MESSAGE][PASSED] - Delayed 1 second(s)

2019-05-21 17:27:24 - [TEST_STEP][PASSED] - click(findTestObject("OCS-MOBILE /Product page/Quantity Increase - Button")): Object: 'Object Repository/OCS-MOBILE /Product page/Quantity Increase - Button' is clicked on

2019-05-21 17:27:25 - [MESSAGE][PASSED] - Object: 'Object Repository/OCS-MOBILE /Product page/Quantity Increase - Button' is clicked on

2019-05-21 17:27:25 - [TEST_STEP][PASSED] - delay(1): Delayed 1 second(s)

2019-05-21 17:27:26 - [MESSAGE][PASSED] - Delayed 1 second(s)

2019-05-21 17:27:26 - [TEST_STEP][PASSED] - click(findTestObject("OCS-MOBILE /Product page/Quantity Increase - Button")): Object: 'Object Repository/OCS-MOBILE /Product page/Quantity Increase - Button' is clicked on

2019-05-21 17:27:26 - [MESSAGE][PASSED] - Object: 'Object Repository/OCS-MOBILE /Product page/Quantity Increase - Button' is clicked on

2019-05-21 17:27:26 - [TEST_STEP][PASSED] - delay(2): Delayed 2 second(s)

2019-05-21 17:27:28 - [MESSAGE][PASSED] - Delayed 2 second(s)

2019-05-21 17:27:28 - [TEST_STEP][PASSED] - click(findTestObject("OCS-MOBILE /Product page/Add to Bag-button")): Object: 'Object Repository/OCS-MOBILE /Product page/Add to Bag-button' is clicked on

2019-05-21 17:27:28 - [MESSAGE][PASSED] - Object: 'Object Repository/OCS-MOBILE /Product page/Add to Bag-button' is clicked on

2019-05-21 17:27:28 - [TEST_STEP][PASSED] - delay(1): Delayed 1 second(s)

2019-05-21 17:27:29 - [MESSAGE][PASSED] - Delayed 1 second(s)

2019-05-21 17:27:29 - [TEST_STEP][PASSED] - maximizeWindow(): Current window maximized

2019-05-21 17:27:30 - [MESSAGE][PASSED] - Current window maximized

2019-05-21 17:27:30 - [TEST_STEP][PASSED] - delay(2): Delayed 2 second(s)

2019-05-21 17:27:32 - [MESSAGE][PASSED] - Delayed 2 second(s)

2019-05-21 17:27:32 - [TEST_STEP][PASSED] - click(findTestObject("Theme_oR/Page_Ontario Cannabis Store  Ontari/button_Hide bar")): Object: 'Object Repository/Theme_oR/Page_Ontario Cannabis Store  Ontari/button_Hide bar' is clicked on

2019-05-21 17:27:32 - [MESSAGE][PASSED] - Object: 'Object Repository/Theme_oR/Page_Ontario Cannabis Store  Ontari/button_Hide bar' is clicked on

2019-05-21 17:27:32 - [TEST_STEP][PASSED] - delay(2): Delayed 2 second(s)

2019-05-21 17:27:34 - [MESSAGE][PASSED] - Delayed 2 second(s)

2019-05-21 17:27:34 - [TEST_STEP][PASSED] - setViewPortSize(360, 800): Viewport is set to new size with width = 360 and height = 800

2019-05-21 17:27:35 - [MESSAGE][PASSED] - Viewport is set to new size with width = 360 and height = 800

2019-05-21 17:27:35 - [TEST_STEP][PASSED] - delay(1): Delayed 1 second(s)

2019-05-21 17:27:36 - [MESSAGE][PASSED] - Delayed 1 second(s)

2019-05-21 17:27:36 - [TEST_STEP][PASSED] - click(findTestObject("OCS-MOBILE /Cart flyout/Checkbox_I confirm that")): Object: 'Object Repository/OCS-MOBILE /Cart flyout/Checkbox_I confirm that' is clicked on

2019-05-21 17:27:36 - [MESSAGE][PASSED] - Object: 'Object Repository/OCS-MOBILE /Cart flyout/Checkbox_I confirm that' is clicked on

2019-05-21 17:27:36 - [TEST_STEP][PASSED] - click(findTestObject("OCS-MOBILE /Cart flyout/Checkbox_Accept the Terms Condition")): Object: 'Object Repository/OCS-MOBILE /Cart flyout/Checkbox_Accept the Terms Condition' is clicked on

2019-05-21 17:27:36 - [MESSAGE][PASSED] - Object: 'Object Repository/OCS-MOBILE /Cart flyout/Checkbox_Accept the Terms Condition' is clicked on

2019-05-21 17:27:36 - [TEST_STEP][PASSED] - delay(1): Delayed 1 second(s)

2019-05-21 17:27:37 - [MESSAGE][PASSED] - Delayed 1 second(s)

2019-05-21 17:27:37 - [TEST_STEP][PASSED] - click(findTestObject("OCS-MOBILE /Cart flyout/Checkout - Button")): Object: 'Object Repository/OCS-MOBILE /Cart flyout/Checkout - Button' is clicked on

2019-05-21 17:27:45 - [MESSAGE][PASSED] - Object: 'Object Repository/OCS-MOBILE /Cart flyout/Checkout - Button' is clicked on

2019-05-21 17:27:45 - [TEST_STEP][PASSED] - delay(2): Delayed 2 second(s)

2019-05-21 17:27:47 - [MESSAGE][PASSED] - Delayed 2 second(s)

2019-05-21 17:27:47 - [TEST_STEP][PASSED] - scrollToElement(findTestObject("OCS-MOBILE /Customer info page/Return to Cart - Link"), 1): Scroll to object 'Object Repository/OCS-MOBILE /Customer info page/Return to Cart - Link' successfully

2019-05-21 17:27:47 - [MESSAGE][PASSED] - Scroll to object 'Object Repository/OCS-MOBILE /Customer info page/Return to Cart - Link' successfully

2019-05-21 17:27:47 - [TEST_STEP][PASSED] - delay(1): Delayed 1 second(s)

2019-05-21 17:27:48 - [MESSAGE][PASSED] - Delayed 1 second(s)

2019-05-21 17:27:48 - [TEST_STEP][PASSED] - maximizeWindow(): Current window maximized

2019-05-21 17:27:48 - [MESSAGE][PASSED] - Current window maximized

2019-05-21 17:27:48 - [TEST_STEP][PASSED] - delay(2): Delayed 2 second(s)

2019-05-21 17:27:50 - [MESSAGE][PASSED] - Delayed 2 second(s)

2019-05-21 17:27:50 - [TEST_STEP][PASSED] - click(findTestObject("Theme_oR/Page_Ontario Cannabis Store  Ontari/button_Hide bar")): Object: 'Object Repository/Theme_oR/Page_Ontario Cannabis Store  Ontari/button_Hide bar' is clicked on

2019-05-21 17:27:51 - [MESSAGE][PASSED] - Object: 'Object Repository/Theme_oR/Page_Ontario Cannabis Store  Ontari/button_Hide bar' is clicked on

2019-05-21 17:27:51 - [TEST_STEP][PASSED] - delay(2): Delayed 2 second(s)

2019-05-21 17:27:53 - [MESSAGE][PASSED] - Delayed 2 second(s)

2019-05-21 17:27:53 - [TEST_STEP][PASSED] - setViewPortSize(360, 800): Viewport is set to new size with width = 360 and height = 800

2019-05-21 17:27:53 - [MESSAGE][PASSED] - Viewport is set to new size with width = 360 and height = 800

2019-05-21 17:27:53 - [TEST_STEP][PASSED] - delay(1): Delayed 1 second(s)

2019-05-21 17:27:54 - [MESSAGE][PASSED] - Delayed 1 second(s)

2019-05-21 17:27:54 - [TEST_STEP][PASSED] - click(findTestObject("OCS-MOBILE /Customer info page/Return to Cart - Link")): Object: 'Object Repository/OCS-MOBILE /Customer info page/Return to Cart - Link' is clicked on

2019-05-21 17:27:56 - [MESSAGE][PASSED] - Object: 'Object Repository/OCS-MOBILE /Customer info page/Return to Cart - Link' is clicked on

2019-05-21 17:27:56 - [TEST_STEP][PASSED] - delay(1): Delayed 1 second(s)

2019-05-21 17:27:57 - [MESSAGE][PASSED] - Delayed 1 second(s)

2019-05-21 17:27:57 - [TEST_STEP][PASSED] - maximizeWindow(): Current window maximized

2019-05-21 17:27:57 - [MESSAGE][PASSED] - Current window maximized

2019-05-21 17:27:57 - [TEST_STEP][PASSED] - delay(2): Delayed 2 second(s)

2019-05-21 17:27:59 - [MESSAGE][PASSED] - Delayed 2 second(s)

2019-05-21 17:27:59 - [TEST_STEP][PASSED] - click(findTestObject("Theme_oR/Page_Ontario Cannabis Store  Ontari/button_Hide bar")): Object: 'Object Repository/Theme_oR/Page_Ontario Cannabis Store  Ontari/button_Hide bar' is clicked on

2019-05-21 17:28:00 - [MESSAGE][PASSED] - Object: 'Object Repository/Theme_oR/Page_Ontario Cannabis Store  Ontari/button_Hide bar' is clicked on

2019-05-21 17:28:00 - [TEST_STEP][PASSED] - delay(2): Delayed 2 second(s)

2019-05-21 17:28:02 - [MESSAGE][PASSED] - Delayed 2 second(s)

2019-05-21 17:28:02 - [TEST_STEP][PASSED] - setViewPortSize(360, 800): Viewport is set to new size with width = 360 and height = 800

2019-05-21 17:28:02 - [MESSAGE][PASSED] - Viewport is set to new size with width = 360 and height = 800

2019-05-21 17:28:02 - [TEST_STEP][PASSED] - delay(1): Delayed 1 second(s)

2019-05-21 17:28:03 - [MESSAGE][PASSED] - Delayed 1 second(s)

2019-05-21 17:28:03 - [TEST_STEP][PASSED] - a = getText(findTestObject("OCS-MOBILE /Cart page/Unit price - product - price in cart page")): Text of object 'Object Repository/OCS-MOBILE /Cart page/Unit price - product - price in cart page' is: '$194.40'

2019-05-21 17:28:03 - [MESSAGE][PASSED] - Text of object 'Object Repository/OCS-MOBILE /Cart page/Unit price - product - price in cart page' is: '$194.40'

2019-05-21 17:28:03 - [TEST_STEP][PASSED] - comment(a): $194.40

2019-05-21 17:28:03 - [MESSAGE][INFO] - $194.40

2019-05-21 17:28:03 - [TEST_STEP][PASSED] - click(findTestObject("OCS-MOBILE /Cart page/Quantity Input field")): Object: 'Object Repository/OCS-MOBILE /Cart page/Quantity Input field' is clicked on

2019-05-21 17:28:03 - [MESSAGE][PASSED] - Object: 'Object Repository/OCS-MOBILE /Cart page/Quantity Input field' is clicked on

2019-05-21 17:28:03 - [TEST_STEP][PASSED] - sendKeys(findTestObject("OCS-MOBILE /Cart page/Quantity Input field"), Keys.chord(CLEAR)): Keys 'CLEAR + ' sent to object: 'Object Repository/OCS-MOBILE /Cart page/Quantity Input field'

2019-05-21 17:28:03 - [MESSAGE][PASSED] - Keys 'CLEAR + ' sent to object: 'Object Repository/OCS-MOBILE /Cart page/Quantity Input field'

2019-05-21 17:28:03 - [TEST_STEP][PASSED] - setText(findTestObject("OCS-MOBILE /Cart page/Quantity Input field"), "10"): Text '10' is set on object 'Object Repository/OCS-MOBILE /Cart page/Quantity Input field'

2019-05-21 17:28:03 - [MESSAGE][PASSED] - Text '10' is set on object 'Object Repository/OCS-MOBILE /Cart page/Quantity Input field'

2019-05-21 17:28:03 - [TEST_STEP][PASSED] - delay(2): Delayed 2 second(s)

2019-05-21 17:28:05 - [MESSAGE][PASSED] - Delayed 2 second(s)

2019-05-21 17:28:05 - [TEST_STEP][PASSED] - sendKeys(findTestObject("OCS-MOBILE /Cart page/Quantity Input field"), Keys.chord(CLEAR)): Keys 'CLEAR + ' sent to object: 'Object Repository/OCS-MOBILE /Cart page/Quantity Input field'

2019-05-21 17:28:05 - [MESSAGE][PASSED] - Keys 'CLEAR + ' sent to object: 'Object Repository/OCS-MOBILE /Cart page/Quantity Input field'

2019-05-21 17:28:05 - [TEST_STEP][NOT_RUN] - click(findTestObject("OCS-MOBILE /Cart page/enter quantity")): NOT_RUN: click(findTestObject("OCS-MOBILE /Cart page/enter quantity"))

2019-05-21 17:28:05 - [MESSAGE][NOT_RUN] - NOT_RUN: click(findTestObject("OCS-MOBILE /Cart page/enter quantity"))

2019-05-21 17:28:05 - [TEST_STEP][PASSED] - delay(2): Delayed 2 second(s)

2019-05-21 17:28:07 - [MESSAGE][PASSED] - Delayed 2 second(s)

2019-05-21 17:28:07 - [TEST_STEP][PASSED] - setText(findTestObject("OCS-MOBILE /Cart page/Quantity Input field"), "7"): Text '7' is set on object 'Object Repository/OCS-MOBILE /Cart page/Quantity Input field'

2019-05-21 17:28:07 - [MESSAGE][PASSED] - Text '7' is set on object 'Object Repository/OCS-MOBILE /Cart page/Quantity Input field'

2019-05-21 17:28:07 - [TEST_STEP][PASSED] - delay(2): Delayed 2 second(s)

2019-05-21 17:28:09 - [MESSAGE][PASSED] - Delayed 2 second(s)

2019-05-21 17:28:09 - [TEST_STEP][NOT_RUN] - click(findTestObject("OCS-MOBILE /Cart page/Unit price - product")): NOT_RUN: click(findTestObject("OCS-MOBILE /Cart page/Unit price - product"))

2019-05-21 17:28:09 - [MESSAGE][NOT_RUN] - NOT_RUN: click(findTestObject("OCS-MOBILE /Cart page/Unit price - product"))

2019-05-21 17:28:09 - [TEST_STEP][PASSED] - delay(2): Delayed 2 second(s)

2019-05-21 17:28:11 - [MESSAGE][PASSED] - Delayed 2 second(s)

2019-05-21 17:28:11 - [TEST_STEP][PASSED] - click(findTestObject("OCS-MOBILE /Cart page/Qty Decrease icon")): Object: 'Object Repository/OCS-MOBILE /Cart page/Qty Decrease icon' is clicked on

2019-05-21 17:28:12 - [MESSAGE][PASSED] - Object: 'Object Repository/OCS-MOBILE /Cart page/Qty Decrease icon' is clicked on

2019-05-21 17:28:12 - [TEST_STEP][PASSED] - delay(2): Delayed 2 second(s)

2019-05-21 17:28:14 - [MESSAGE][PASSED] - Delayed 2 second(s)

2019-05-21 17:28:14 - [TEST_STEP][PASSED] - click(findTestObject("OCS-MOBILE /Cart page/Qty Decrease icon")): Object: 'Object Repository/OCS-MOBILE /Cart page/Qty Decrease icon' is clicked on

2019-05-21 17:28:14 - [MESSAGE][PASSED] - Object: 'Object Repository/OCS-MOBILE /Cart page/Qty Decrease icon' is clicked on

2019-05-21 17:28:14 - [TEST_STEP][PASSED] - delay(2): Delayed 2 second(s)

2019-05-21 17:28:16 - [MESSAGE][PASSED] - Delayed 2 second(s)

2019-05-21 17:28:16 - [TEST_STEP][PASSED] - click(findTestObject("OCS-MOBILE /Cart page/Qty Decrease icon")): Object: 'Object Repository/OCS-MOBILE /Cart page/Qty Decrease icon' is clicked on

2019-05-21 17:28:16 - [MESSAGE][PASSED] - Object: 'Object Repository/OCS-MOBILE /Cart page/Qty Decrease icon' is clicked on

2019-05-21 17:28:16 - [TEST_STEP][PASSED] - delay(2): Delayed 2 second(s)

2019-05-21 17:28:18 - [MESSAGE][PASSED] - Delayed 2 second(s)

2019-05-21 17:28:18 - [TEST_STEP][PASSED] - b = getText(findTestObject("OCS_CRITICAL PATH/cartpage- decrease qty _OR/Page_Your Shopping Cart  Ontario Ca/p_194.40")): Text of object 'Object Repository/OCS_CRITICAL PATH/cartpage- decrease qty _OR/Page_Your Shopping Cart  Ontario Ca/p_194.40' is: '$32.40'

2019-05-21 17:28:18 - [MESSAGE][PASSED] - Text of object 'Object Repository/OCS_CRITICAL PATH/cartpage- decrease qty _OR/Page_Your Shopping Cart  Ontario Ca/p_194.40' is: '$32.40'

2019-05-21 17:28:18 - [TEST_STEP][PASSED] - comment(b): $32.40

2019-05-21 17:28:18 - [MESSAGE][INFO] - $32.40

2019-05-21 17:28:18 - [TEST_STEP][PASSED] - verifyNotEqual("a", "b"): Actual object 'a' and expected object 'b' are not equal

2019-05-21 17:28:18 - [MESSAGE][PASSED] - Actual object 'a' and expected object 'b' are not equal

2019-05-21 17:28:18 - [TEST_STEP][PASSED] - comment(" price changed . Quantity selector is working"):  price changed . Quantity selector is working

2019-05-21 17:28:18 - [MESSAGE][INFO] -  price changed . Quantity selector is working]]></system-out>
         <system-err><![CDATA[]]></system-err>
      </testcase>
      <testcase name="Test Cases/OCS - MOBILE/OCS- CRITICAL PATH/cart page-increase qty" classname="Test Cases/OCS - MOBILE/OCS- CRITICAL PATH/cart page-increase qty" status="PASSED">
         <system-out><![CDATA[2019-05-21 17:28:18 - [TEST_CASE][PASSED] - Test Cases/OCS - MOBILE/OCS- CRITICAL PATH/cart page-increase qty: Test Cases/OCS - MOBILE/OCS- CRITICAL PATH/cart page-increase qty

2019-05-21 17:28:18 - [TEST_STEP][PASSED] - delay(2): Delayed 2 second(s)

2019-05-21 17:28:20 - [MESSAGE][PASSED] - Delayed 2 second(s)

2019-05-21 17:28:20 - [TEST_STEP][PASSED] - openBrowser(""): Browser is opened with url: ''

2019-05-21 17:28:20 - [MESSAGE][WARNING] - A browser is already opened. Closing browser and opening a new one

2019-05-21 17:28:21 - [MESSAGE][INFO] - Starting 'Firefox' driver

2019-05-21 17:28:23 - [MESSAGE][PASSED] - Browser is opened with url: ''

2019-05-21 17:28:23 - [TEST_STEP][PASSED] - navigateToUrl("https://ocs.ca/?fts=0&preview_theme_id=53373863756"): Navigate to 'https://ocs.ca/?fts=0&preview_theme_id=53373863756' successfully

2019-05-21 17:28:27 - [MESSAGE][PASSED] - Navigate to 'https://ocs.ca/?fts=0&preview_theme_id=53373863756' successfully

2019-05-21 17:28:27 - [TEST_STEP][PASSED] - setViewPortSize(360, 800): Viewport is set to new size with width = 360 and height = 800

2019-05-21 17:28:27 - [MESSAGE][PASSED] - Viewport is set to new size with width = 360 and height = 800

2019-05-21 17:28:27 - [TEST_STEP][PASSED] - delay(4): Delayed 4 second(s)

2019-05-21 17:28:31 - [MESSAGE][PASSED] - Delayed 4 second(s)

2019-05-21 17:28:31 - [TEST_STEP][PASSED] - selectOptionByValue(findTestObject("OCS-MOBILE /Age gate and burger menu/Date"), "12", true): All options with value '12' are selected in object 'Object Repository/OCS-MOBILE /Age gate and burger menu/Date'  using regular expression

2019-05-21 17:28:32 - [MESSAGE][PASSED] - All options with value '12' are selected in object 'Object Repository/OCS-MOBILE /Age gate and burger menu/Date'  using regular expression

2019-05-21 17:28:32 - [TEST_STEP][PASSED] - selectOptionByValue(findTestObject("OCS-MOBILE /Age gate and burger menu/month"), "6", true): All options with value '6' are selected in object 'Object Repository/OCS-MOBILE /Age gate and burger menu/month'  using regular expression

2019-05-21 17:28:32 - [MESSAGE][PASSED] - All options with value '6' are selected in object 'Object Repository/OCS-MOBILE /Age gate and burger menu/month'  using regular expression

2019-05-21 17:28:32 - [TEST_STEP][PASSED] - delay(2): Delayed 2 second(s)

2019-05-21 17:28:34 - [MESSAGE][PASSED] - Delayed 2 second(s)

2019-05-21 17:28:34 - [TEST_STEP][PASSED] - selectOptionByValue(findTestObject("OCS-MOBILE /Age gate and burger menu/Year Dropdown"), "1990", true): All options with value '1990' are selected in object 'Object Repository/OCS-MOBILE /Age gate and burger menu/Year Dropdown'  using regular expression

2019-05-21 17:28:36 - [MESSAGE][PASSED] - All options with value '1990' are selected in object 'Object Repository/OCS-MOBILE /Age gate and burger menu/Year Dropdown'  using regular expression

2019-05-21 17:28:36 - [TEST_STEP][PASSED] - click(findTestObject("OCS-MOBILE /Age gate and burger menu/button_Verify")): Object: 'Object Repository/OCS-MOBILE /Age gate and burger menu/button_Verify' is clicked on

2019-05-21 17:28:36 - [MESSAGE][PASSED] - Object: 'Object Repository/OCS-MOBILE /Age gate and burger menu/button_Verify' is clicked on

2019-05-21 17:28:36 - [TEST_STEP][PASSED] - click(findTestObject("OCS-MOBILE /Age gate and burger menu/Checkbox_CONFIRM AND ACKNOWLEDGE")): Object: 'Object Repository/OCS-MOBILE /Age gate and burger menu/Checkbox_CONFIRM AND ACKNOWLEDGE' is clicked on

2019-05-21 17:28:36 - [MESSAGE][PASSED] - Object: 'Object Repository/OCS-MOBILE /Age gate and burger menu/Checkbox_CONFIRM AND ACKNOWLEDGE' is clicked on

2019-05-21 17:28:36 - [TEST_STEP][PASSED] - click(findTestObject("OCS-MOBILE /Age gate and burger menu/button_CONFIRM")): Object: 'Object Repository/OCS-MOBILE /Age gate and burger menu/button_CONFIRM' is clicked on

2019-05-21 17:28:36 - [MESSAGE][PASSED] - Object: 'Object Repository/OCS-MOBILE /Age gate and burger menu/button_CONFIRM' is clicked on

2019-05-21 17:28:36 - [TEST_STEP][PASSED] - click(findTestObject("OCS-MOBILE /Age gate and burger menu/button_Start Browsing")): Object: 'Object Repository/OCS-MOBILE /Age gate and burger menu/button_Start Browsing' is clicked on

2019-05-21 17:28:37 - [MESSAGE][PASSED] - Object: 'Object Repository/OCS-MOBILE /Age gate and burger menu/button_Start Browsing' is clicked on

2019-05-21 17:28:37 - [TEST_STEP][PASSED] - delay(2): Delayed 2 second(s)

2019-05-21 17:28:39 - [MESSAGE][PASSED] - Delayed 2 second(s)

2019-05-21 17:28:39 - [TEST_STEP][PASSED] - click(findTestObject("OCS-MOBILE /Age gate and burger menu/Burger menu - English")): Object: 'Object Repository/OCS-MOBILE /Age gate and burger menu/Burger menu - English' is clicked on

2019-05-21 17:28:39 - [MESSAGE][PASSED] - Object: 'Object Repository/OCS-MOBILE /Age gate and burger menu/Burger menu - English' is clicked on

2019-05-21 17:28:39 - [TEST_STEP][PASSED] - delay(2): Delayed 2 second(s)

2019-05-21 17:28:41 - [MESSAGE][PASSED] - Delayed 2 second(s)

2019-05-21 17:28:41 - [TEST_STEP][PASSED] - click(findTestObject("OCS-MOBILE /Age gate and burger menu/Chevron_Cannabis")): Object: 'Object Repository/OCS-MOBILE /Age gate and burger menu/Chevron_Cannabis' is clicked on

2019-05-21 17:28:41 - [MESSAGE][PASSED] - Object: 'Object Repository/OCS-MOBILE /Age gate and burger menu/Chevron_Cannabis' is clicked on

2019-05-21 17:28:41 - [TEST_STEP][PASSED] - delay(2): Delayed 2 second(s)

2019-05-21 17:28:43 - [MESSAGE][PASSED] - Delayed 2 second(s)

2019-05-21 17:28:43 - [TEST_STEP][PASSED] - click(findTestObject("OCS-MOBILE /Age gate and burger menu/Dried Flower_Plus icon")): Object: 'Object Repository/OCS-MOBILE /Age gate and burger menu/Dried Flower_Plus icon' is clicked on

2019-05-21 17:28:43 - [MESSAGE][PASSED] - Object: 'Object Repository/OCS-MOBILE /Age gate and burger menu/Dried Flower_Plus icon' is clicked on

2019-05-21 17:28:43 - [TEST_STEP][PASSED] - delay(2): Delayed 2 second(s)

2019-05-21 17:28:45 - [MESSAGE][PASSED] - Delayed 2 second(s)

2019-05-21 17:28:45 - [TEST_STEP][PASSED] - click(findTestObject("OCS-MOBILE /Age gate and burger menu/Indica Dominant_Menu item")): Object: 'Object Repository/OCS-MOBILE /Age gate and burger menu/Indica Dominant_Menu item' is clicked on

2019-05-21 17:28:48 - [MESSAGE][PASSED] - Object: 'Object Repository/OCS-MOBILE /Age gate and burger menu/Indica Dominant_Menu item' is clicked on

2019-05-21 17:28:48 - [TEST_STEP][PASSED] - delay(2): Delayed 2 second(s)

2019-05-21 17:28:50 - [MESSAGE][PASSED] - Delayed 2 second(s)

2019-05-21 17:28:50 - [TEST_STEP][PASSED] - click(findTestObject("OCS-MOBILE /Collection page/Product image - 1st one")): Object: 'Object Repository/OCS-MOBILE /Collection page/Product image - 1st one' is clicked on

2019-05-21 17:28:53 - [MESSAGE][PASSED] - Object: 'Object Repository/OCS-MOBILE /Collection page/Product image - 1st one' is clicked on

2019-05-21 17:28:53 - [TEST_STEP][PASSED] - scrollToElement(findTestObject("OCS-MOBILE /Product page/Product image"), 1): Scroll to object 'Object Repository/OCS-MOBILE /Product page/Product image' successfully

2019-05-21 17:28:53 - [MESSAGE][PASSED] - Scroll to object 'Object Repository/OCS-MOBILE /Product page/Product image' successfully

2019-05-21 17:28:53 - [TEST_STEP][PASSED] - delay(2): Delayed 2 second(s)

2019-05-21 17:28:55 - [MESSAGE][PASSED] - Delayed 2 second(s)

2019-05-21 17:28:55 - [TEST_STEP][PASSED] - click(findTestObject("OCS-MOBILE /Product page/Swatch_3.5g")): Object: 'Object Repository/OCS-MOBILE /Product page/Swatch_3.5g' is clicked on

2019-05-21 17:28:56 - [MESSAGE][PASSED] - Object: 'Object Repository/OCS-MOBILE /Product page/Swatch_3.5g' is clicked on

2019-05-21 17:28:56 - [TEST_STEP][PASSED] - scrollToElement(findTestObject("OCS-MOBILE /Product page/Swatch_3.5g"), 1): Scroll to object 'Object Repository/OCS-MOBILE /Product page/Swatch_3.5g' successfully

2019-05-21 17:28:56 - [MESSAGE][PASSED] - Scroll to object 'Object Repository/OCS-MOBILE /Product page/Swatch_3.5g' successfully

2019-05-21 17:28:56 - [TEST_STEP][PASSED] - delay(2): Delayed 2 second(s)

2019-05-21 17:28:58 - [MESSAGE][PASSED] - Delayed 2 second(s)

2019-05-21 17:28:58 - [TEST_STEP][PASSED] - click(findTestObject("OCS-MOBILE /Product page/Add to Bag-button")): Object: 'Object Repository/OCS-MOBILE /Product page/Add to Bag-button' is clicked on

2019-05-21 17:28:58 - [MESSAGE][PASSED] - Object: 'Object Repository/OCS-MOBILE /Product page/Add to Bag-button' is clicked on

2019-05-21 17:28:58 - [TEST_STEP][PASSED] - delay(1): Delayed 1 second(s)

2019-05-21 17:28:59 - [MESSAGE][PASSED] - Delayed 1 second(s)

2019-05-21 17:28:59 - [TEST_STEP][PASSED] - maximizeWindow(): Current window maximized

2019-05-21 17:29:00 - [MESSAGE][PASSED] - Current window maximized

2019-05-21 17:29:00 - [TEST_STEP][PASSED] - delay(2): Delayed 2 second(s)

2019-05-21 17:29:02 - [MESSAGE][PASSED] - Delayed 2 second(s)

2019-05-21 17:29:02 - [TEST_STEP][PASSED] - click(findTestObject("Theme_oR/Page_Ontario Cannabis Store  Ontari/button_Hide bar")): Object: 'Object Repository/Theme_oR/Page_Ontario Cannabis Store  Ontari/button_Hide bar' is clicked on

2019-05-21 17:29:02 - [MESSAGE][PASSED] - Object: 'Object Repository/Theme_oR/Page_Ontario Cannabis Store  Ontari/button_Hide bar' is clicked on

2019-05-21 17:29:02 - [TEST_STEP][PASSED] - delay(2): Delayed 2 second(s)

2019-05-21 17:29:04 - [MESSAGE][PASSED] - Delayed 2 second(s)

2019-05-21 17:29:04 - [TEST_STEP][PASSED] - setViewPortSize(360, 800): Viewport is set to new size with width = 360 and height = 800

2019-05-21 17:29:04 - [MESSAGE][PASSED] - Viewport is set to new size with width = 360 and height = 800

2019-05-21 17:29:04 - [TEST_STEP][PASSED] - delay(1): Delayed 1 second(s)

2019-05-21 17:29:05 - [MESSAGE][PASSED] - Delayed 1 second(s)

2019-05-21 17:29:05 - [TEST_STEP][PASSED] - click(findTestObject("OCS-MOBILE /Cart flyout/Checkbox_I confirm that")): Object: 'Object Repository/OCS-MOBILE /Cart flyout/Checkbox_I confirm that' is clicked on

2019-05-21 17:29:06 - [MESSAGE][PASSED] - Object: 'Object Repository/OCS-MOBILE /Cart flyout/Checkbox_I confirm that' is clicked on

2019-05-21 17:29:06 - [TEST_STEP][PASSED] - click(findTestObject("OCS-MOBILE /Cart flyout/Checkbox_Accept the Terms Condition")): Object: 'Object Repository/OCS-MOBILE /Cart flyout/Checkbox_Accept the Terms Condition' is clicked on

2019-05-21 17:29:06 - [MESSAGE][PASSED] - Object: 'Object Repository/OCS-MOBILE /Cart flyout/Checkbox_Accept the Terms Condition' is clicked on

2019-05-21 17:29:06 - [TEST_STEP][PASSED] - delay(1): Delayed 1 second(s)

2019-05-21 17:29:07 - [MESSAGE][PASSED] - Delayed 1 second(s)

2019-05-21 17:29:07 - [TEST_STEP][PASSED] - click(findTestObject("OCS-MOBILE /Cart flyout/Checkout - Button")): Object: 'Object Repository/OCS-MOBILE /Cart flyout/Checkout - Button' is clicked on

2019-05-21 17:29:14 - [MESSAGE][PASSED] - Object: 'Object Repository/OCS-MOBILE /Cart flyout/Checkout - Button' is clicked on

2019-05-21 17:29:14 - [TEST_STEP][PASSED] - delay(2): Delayed 2 second(s)

2019-05-21 17:29:16 - [MESSAGE][PASSED] - Delayed 2 second(s)

2019-05-21 17:29:16 - [TEST_STEP][PASSED] - scrollToElement(findTestObject("OCS-MOBILE /Customer info page/Return to Cart - Link"), 1): Scroll to object 'Object Repository/OCS-MOBILE /Customer info page/Return to Cart - Link' successfully

2019-05-21 17:29:16 - [MESSAGE][PASSED] - Scroll to object 'Object Repository/OCS-MOBILE /Customer info page/Return to Cart - Link' successfully

2019-05-21 17:29:16 - [TEST_STEP][PASSED] - delay(1): Delayed 1 second(s)

2019-05-21 17:29:17 - [MESSAGE][PASSED] - Delayed 1 second(s)

2019-05-21 17:29:17 - [TEST_STEP][PASSED] - maximizeWindow(): Current window maximized

2019-05-21 17:29:18 - [MESSAGE][PASSED] - Current window maximized

2019-05-21 17:29:18 - [TEST_STEP][PASSED] - delay(2): Delayed 2 second(s)

2019-05-21 17:29:20 - [MESSAGE][PASSED] - Delayed 2 second(s)

2019-05-21 17:29:20 - [TEST_STEP][PASSED] - click(findTestObject("Theme_oR/Page_Ontario Cannabis Store  Ontari/button_Hide bar")): Object: 'Object Repository/Theme_oR/Page_Ontario Cannabis Store  Ontari/button_Hide bar' is clicked on

2019-05-21 17:29:20 - [MESSAGE][PASSED] - Object: 'Object Repository/Theme_oR/Page_Ontario Cannabis Store  Ontari/button_Hide bar' is clicked on

2019-05-21 17:29:20 - [TEST_STEP][PASSED] - delay(2): Delayed 2 second(s)

2019-05-21 17:29:22 - [MESSAGE][PASSED] - Delayed 2 second(s)

2019-05-21 17:29:22 - [TEST_STEP][PASSED] - setViewPortSize(360, 800): Viewport is set to new size with width = 360 and height = 800

2019-05-21 17:29:23 - [MESSAGE][PASSED] - Viewport is set to new size with width = 360 and height = 800

2019-05-21 17:29:23 - [TEST_STEP][PASSED] - delay(1): Delayed 1 second(s)

2019-05-21 17:29:24 - [MESSAGE][PASSED] - Delayed 1 second(s)

2019-05-21 17:29:24 - [TEST_STEP][PASSED] - click(findTestObject("OCS-MOBILE /Customer info page/Return to Cart - Link")): Object: 'Object Repository/OCS-MOBILE /Customer info page/Return to Cart - Link' is clicked on

2019-05-21 17:29:25 - [MESSAGE][PASSED] - Object: 'Object Repository/OCS-MOBILE /Customer info page/Return to Cart - Link' is clicked on

2019-05-21 17:29:25 - [TEST_STEP][PASSED] - delay(1): Delayed 1 second(s)

2019-05-21 17:29:26 - [MESSAGE][PASSED] - Delayed 1 second(s)

2019-05-21 17:29:26 - [TEST_STEP][PASSED] - maximizeWindow(): Current window maximized

2019-05-21 17:29:27 - [MESSAGE][PASSED] - Current window maximized

2019-05-21 17:29:27 - [TEST_STEP][PASSED] - delay(2): Delayed 2 second(s)

2019-05-21 17:29:29 - [MESSAGE][PASSED] - Delayed 2 second(s)

2019-05-21 17:29:29 - [TEST_STEP][PASSED] - click(findTestObject("Theme_oR/Page_Ontario Cannabis Store  Ontari/button_Hide bar")): Object: 'Object Repository/Theme_oR/Page_Ontario Cannabis Store  Ontari/button_Hide bar' is clicked on

2019-05-21 17:29:29 - [MESSAGE][PASSED] - Object: 'Object Repository/Theme_oR/Page_Ontario Cannabis Store  Ontari/button_Hide bar' is clicked on

2019-05-21 17:29:29 - [TEST_STEP][PASSED] - delay(2): Delayed 2 second(s)

2019-05-21 17:29:31 - [MESSAGE][PASSED] - Delayed 2 second(s)

2019-05-21 17:29:31 - [TEST_STEP][PASSED] - setViewPortSize(360, 800): Viewport is set to new size with width = 360 and height = 800

2019-05-21 17:29:32 - [MESSAGE][PASSED] - Viewport is set to new size with width = 360 and height = 800

2019-05-21 17:29:32 - [TEST_STEP][PASSED] - delay(1): Delayed 1 second(s)

2019-05-21 17:29:33 - [MESSAGE][PASSED] - Delayed 1 second(s)

2019-05-21 17:29:33 - [TEST_STEP][PASSED] - a = getText(findTestObject("OCS_CRITICAL PATH/cartpage- decrease qty _OR/Page_Your Shopping Cart  Ontario Ca/p_194.40 (1)")): Text of object 'Object Repository/OCS_CRITICAL PATH/cartpage- decrease qty _OR/Page_Your Shopping Cart  Ontario Ca/p_194.40 (1)' is: '$32.40'

2019-05-21 17:29:33 - [MESSAGE][PASSED] - Text of object 'Object Repository/OCS_CRITICAL PATH/cartpage- decrease qty _OR/Page_Your Shopping Cart  Ontario Ca/p_194.40 (1)' is: '$32.40'

2019-05-21 17:29:33 - [TEST_STEP][PASSED] - comment(a): $32.40

2019-05-21 17:29:33 - [MESSAGE][INFO] - $32.40

2019-05-21 17:29:33 - [TEST_STEP][PASSED] - click(findTestObject("OCS-MOBILE /Cart page/Quantity Input field")): Object: 'Object Repository/OCS-MOBILE /Cart page/Quantity Input field' is clicked on

2019-05-21 17:29:33 - [MESSAGE][PASSED] - Object: 'Object Repository/OCS-MOBILE /Cart page/Quantity Input field' is clicked on

2019-05-21 17:29:33 - [TEST_STEP][PASSED] - sendKeys(findTestObject("OCS-MOBILE /Cart page/Quantity Input field"), Keys.chord(CLEAR)): Keys 'CLEAR + ' sent to object: 'Object Repository/OCS-MOBILE /Cart page/Quantity Input field'

2019-05-21 17:29:33 - [MESSAGE][PASSED] - Keys 'CLEAR + ' sent to object: 'Object Repository/OCS-MOBILE /Cart page/Quantity Input field'

2019-05-21 17:29:33 - [TEST_STEP][PASSED] - setText(findTestObject("OCS-MOBILE /Cart page/Quantity Input field"), "5"): Text '5' is set on object 'Object Repository/OCS-MOBILE /Cart page/Quantity Input field'

2019-05-21 17:29:33 - [MESSAGE][PASSED] - Text '5' is set on object 'Object Repository/OCS-MOBILE /Cart page/Quantity Input field'

2019-05-21 17:29:33 - [TEST_STEP][NOT_RUN] - click(findTestObject("OCS-MOBILE /Cart page/Unit price - product")): NOT_RUN: click(findTestObject("OCS-MOBILE /Cart page/Unit price - product"))

2019-05-21 17:29:33 - [MESSAGE][NOT_RUN] - NOT_RUN: click(findTestObject("OCS-MOBILE /Cart page/Unit price - product"))

2019-05-21 17:29:33 - [TEST_STEP][PASSED] - delay(2): Delayed 2 second(s)

2019-05-21 17:29:35 - [MESSAGE][PASSED] - Delayed 2 second(s)

2019-05-21 17:29:35 - [TEST_STEP][PASSED] - sendKeys(findTestObject("OCS-MOBILE /Cart page/Quantity Input field"), Keys.chord(CLEAR)): Keys 'CLEAR + ' sent to object: 'Object Repository/OCS-MOBILE /Cart page/Quantity Input field'

2019-05-21 17:29:35 - [MESSAGE][PASSED] - Keys 'CLEAR + ' sent to object: 'Object Repository/OCS-MOBILE /Cart page/Quantity Input field'

2019-05-21 17:29:35 - [TEST_STEP][PASSED] - setText(findTestObject("OCS-MOBILE /Cart page/Quantity Input field"), "7"): Text '7' is set on object 'Object Repository/OCS-MOBILE /Cart page/Quantity Input field'

2019-05-21 17:29:35 - [MESSAGE][PASSED] - Text '7' is set on object 'Object Repository/OCS-MOBILE /Cart page/Quantity Input field'

2019-05-21 17:29:35 - [TEST_STEP][NOT_RUN] - click(findTestObject("OCS-MOBILE /Cart page/Unit price - product")): NOT_RUN: click(findTestObject("OCS-MOBILE /Cart page/Unit price - product"))

2019-05-21 17:29:35 - [MESSAGE][NOT_RUN] - NOT_RUN: click(findTestObject("OCS-MOBILE /Cart page/Unit price - product"))

2019-05-21 17:29:35 - [TEST_STEP][PASSED] - delay(2): Delayed 2 second(s)

2019-05-21 17:29:37 - [MESSAGE][PASSED] - Delayed 2 second(s)

2019-05-21 17:29:37 - [TEST_STEP][PASSED] - click(findTestObject("OCS-MOBILE /Cart page/Qty Increase icon")): Object: 'Object Repository/OCS-MOBILE /Cart page/Qty Increase icon' is clicked on

2019-05-21 17:29:37 - [MESSAGE][PASSED] - Object: 'Object Repository/OCS-MOBILE /Cart page/Qty Increase icon' is clicked on

2019-05-21 17:29:37 - [TEST_STEP][PASSED] - delay(2): Delayed 2 second(s)

2019-05-21 17:29:39 - [MESSAGE][PASSED] - Delayed 2 second(s)

2019-05-21 17:29:39 - [TEST_STEP][PASSED] - click(findTestObject("OCS-MOBILE /Cart page/Qty Increase icon")): Object: 'Object Repository/OCS-MOBILE /Cart page/Qty Increase icon' is clicked on

2019-05-21 17:29:40 - [MESSAGE][PASSED] - Object: 'Object Repository/OCS-MOBILE /Cart page/Qty Increase icon' is clicked on

2019-05-21 17:29:40 - [TEST_STEP][PASSED] - delay(2): Delayed 2 second(s)

2019-05-21 17:29:42 - [MESSAGE][PASSED] - Delayed 2 second(s)

2019-05-21 17:29:42 - [TEST_STEP][PASSED] - click(findTestObject("OCS-MOBILE /Cart page/Qty Increase icon")): Object: 'Object Repository/OCS-MOBILE /Cart page/Qty Increase icon' is clicked on

2019-05-21 17:29:42 - [MESSAGE][PASSED] - Object: 'Object Repository/OCS-MOBILE /Cart page/Qty Increase icon' is clicked on

2019-05-21 17:29:42 - [TEST_STEP][PASSED] - delay(2): Delayed 2 second(s)

2019-05-21 17:29:44 - [MESSAGE][PASSED] - Delayed 2 second(s)

2019-05-21 17:29:44 - [TEST_STEP][PASSED] - b = getText(findTestObject("OCS_CRITICAL PATH/cartpage- decrease qty _OR/Page_Your Shopping Cart  Ontario Ca/p_194.40 (1)")): Text of object 'Object Repository/OCS_CRITICAL PATH/cartpage- decrease qty _OR/Page_Your Shopping Cart  Ontario Ca/p_194.40 (1)' is: '$129.60'

2019-05-21 17:29:44 - [MESSAGE][PASSED] - Text of object 'Object Repository/OCS_CRITICAL PATH/cartpage- decrease qty _OR/Page_Your Shopping Cart  Ontario Ca/p_194.40 (1)' is: '$129.60'

2019-05-21 17:29:44 - [TEST_STEP][PASSED] - comment(b): $129.60

2019-05-21 17:29:44 - [MESSAGE][INFO] - $129.60

2019-05-21 17:29:44 - [TEST_STEP][PASSED] - verifyNotEqual("a", "b"): Actual object 'a' and expected object 'b' are not equal

2019-05-21 17:29:44 - [MESSAGE][PASSED] - Actual object 'a' and expected object 'b' are not equal

2019-05-21 17:29:44 - [TEST_STEP][PASSED] - comment(" price changed . Quantity selector is working"):  price changed . Quantity selector is working

2019-05-21 17:29:44 - [MESSAGE][INFO] -  price changed . Quantity selector is working]]></system-out>
         <system-err><![CDATA[]]></system-err>
      </testcase>
      <testcase name="Test Cases/OCS - MOBILE/OCS- CRITICAL PATH/Checkout - customer information page" classname="Test Cases/OCS - MOBILE/OCS- CRITICAL PATH/Checkout - customer information page" status="PASSED">
         <system-out><![CDATA[2019-05-21 17:29:44 - [TEST_CASE][PASSED] - Test Cases/OCS - MOBILE/OCS- CRITICAL PATH/Checkout - customer information page: Test Cases/OCS - MOBILE/OCS- CRITICAL PATH/Checkout - customer information page

2019-05-21 17:29:44 - [TEST_STEP][PASSED] - openBrowser(""): Browser is opened with url: ''

2019-05-21 17:29:44 - [MESSAGE][WARNING] - A browser is already opened. Closing browser and opening a new one

2019-05-21 17:29:45 - [MESSAGE][INFO] - Starting 'Firefox' driver

2019-05-21 17:29:47 - [MESSAGE][PASSED] - Browser is opened with url: ''

2019-05-21 17:29:47 - [TEST_STEP][PASSED] - navigateToUrl("https://ocs.ca/?fts=0&preview_theme_id=53373863756"): Navigate to 'https://ocs.ca/?fts=0&preview_theme_id=53373863756' successfully

2019-05-21 17:29:53 - [MESSAGE][PASSED] - Navigate to 'https://ocs.ca/?fts=0&preview_theme_id=53373863756' successfully

2019-05-21 17:29:53 - [TEST_STEP][PASSED] - delay(4): Delayed 4 second(s)

2019-05-21 17:29:57 - [MESSAGE][PASSED] - Delayed 4 second(s)

2019-05-21 17:29:57 - [TEST_STEP][PASSED] - setViewPortSize(360, 1000): Viewport is set to new size with width = 360 and height = 1000

2019-05-21 17:29:57 - [MESSAGE][PASSED] - Viewport is set to new size with width = 360 and height = 1000

2019-05-21 17:29:57 - [TEST_STEP][PASSED] - selectOptionByValue(findTestObject("OCS-MOBILE /Age gate and burger menu/Date"), "17", true): All options with value '17' are selected in object 'Object Repository/OCS-MOBILE /Age gate and burger menu/Date'  using regular expression

2019-05-21 17:29:58 - [MESSAGE][PASSED] - All options with value '17' are selected in object 'Object Repository/OCS-MOBILE /Age gate and burger menu/Date'  using regular expression

2019-05-21 17:29:58 - [TEST_STEP][PASSED] - selectOptionByValue(findTestObject("OCS-MOBILE /Age gate and burger menu/month"), "7", true): All options with value '7' are selected in object 'Object Repository/OCS-MOBILE /Age gate and burger menu/month'  using regular expression

2019-05-21 17:29:58 - [MESSAGE][PASSED] - All options with value '7' are selected in object 'Object Repository/OCS-MOBILE /Age gate and burger menu/month'  using regular expression

2019-05-21 17:29:58 - [TEST_STEP][PASSED] - selectOptionByValue(findTestObject("OCS-MOBILE /Age gate and burger menu/Year Dropdown"), "1949", true): All options with value '1949' are selected in object 'Object Repository/OCS-MOBILE /Age gate and burger menu/Year Dropdown'  using regular expression

2019-05-21 17:30:00 - [MESSAGE][PASSED] - All options with value '1949' are selected in object 'Object Repository/OCS-MOBILE /Age gate and burger menu/Year Dropdown'  using regular expression

2019-05-21 17:30:00 - [TEST_STEP][PASSED] - click(findTestObject("OCS-MOBILE /Age gate and burger menu/button_Verify")): Object: 'Object Repository/OCS-MOBILE /Age gate and burger menu/button_Verify' is clicked on

2019-05-21 17:30:00 - [MESSAGE][PASSED] - Object: 'Object Repository/OCS-MOBILE /Age gate and burger menu/button_Verify' is clicked on

2019-05-21 17:30:00 - [TEST_STEP][PASSED] - click(findTestObject("OCS-MOBILE /Age gate and burger menu/Checkbox_CONFIRM AND ACKNOWLEDGE")): Object: 'Object Repository/OCS-MOBILE /Age gate and burger menu/Checkbox_CONFIRM AND ACKNOWLEDGE' is clicked on

2019-05-21 17:30:00 - [MESSAGE][PASSED] - Object: 'Object Repository/OCS-MOBILE /Age gate and burger menu/Checkbox_CONFIRM AND ACKNOWLEDGE' is clicked on

2019-05-21 17:30:00 - [TEST_STEP][PASSED] - click(findTestObject("OCS-MOBILE /Age gate and burger menu/button_CONFIRM")): Object: 'Object Repository/OCS-MOBILE /Age gate and burger menu/button_CONFIRM' is clicked on

2019-05-21 17:30:01 - [MESSAGE][PASSED] - Object: 'Object Repository/OCS-MOBILE /Age gate and burger menu/button_CONFIRM' is clicked on

2019-05-21 17:30:01 - [TEST_STEP][PASSED] - click(findTestObject("OCS-MOBILE /Age gate and burger menu/button_Start Browsing")): Object: 'Object Repository/OCS-MOBILE /Age gate and burger menu/button_Start Browsing' is clicked on

2019-05-21 17:30:01 - [MESSAGE][PASSED] - Object: 'Object Repository/OCS-MOBILE /Age gate and burger menu/button_Start Browsing' is clicked on

2019-05-21 17:30:01 - [TEST_STEP][PASSED] - delay(2): Delayed 2 second(s)

2019-05-21 17:30:03 - [MESSAGE][PASSED] - Delayed 2 second(s)

2019-05-21 17:30:03 - [TEST_STEP][PASSED] - refresh(): Refresh successfully

2019-05-21 17:30:08 - [MESSAGE][PASSED] - Refresh successfully

2019-05-21 17:30:08 - [TEST_STEP][PASSED] - click(findTestObject("OCS-MOBILE /Age gate and burger menu/Burger menu - English")): Object: 'Object Repository/OCS-MOBILE /Age gate and burger menu/Burger menu - English' is clicked on

2019-05-21 17:30:08 - [MESSAGE][PASSED] - Object: 'Object Repository/OCS-MOBILE /Age gate and burger menu/Burger menu - English' is clicked on

2019-05-21 17:30:08 - [TEST_STEP][PASSED] - delay(2): Delayed 2 second(s)

2019-05-21 17:30:10 - [MESSAGE][PASSED] - Delayed 2 second(s)

2019-05-21 17:30:10 - [TEST_STEP][PASSED] - click(findTestObject("OCS-MOBILE /Age gate and burger menu/Chevron_Cannabis")): Object: 'Object Repository/OCS-MOBILE /Age gate and burger menu/Chevron_Cannabis' is clicked on

2019-05-21 17:30:11 - [MESSAGE][PASSED] - Object: 'Object Repository/OCS-MOBILE /Age gate and burger menu/Chevron_Cannabis' is clicked on

2019-05-21 17:30:11 - [TEST_STEP][PASSED] - delay(2): Delayed 2 second(s)

2019-05-21 17:30:13 - [MESSAGE][PASSED] - Delayed 2 second(s)

2019-05-21 17:30:13 - [TEST_STEP][PASSED] - click(findTestObject("OCS-MOBILE /Age gate and burger menu/Dried Flower_Plus icon")): Object: 'Object Repository/OCS-MOBILE /Age gate and burger menu/Dried Flower_Plus icon' is clicked on

2019-05-21 17:30:13 - [MESSAGE][PASSED] - Object: 'Object Repository/OCS-MOBILE /Age gate and burger menu/Dried Flower_Plus icon' is clicked on

2019-05-21 17:30:13 - [TEST_STEP][PASSED] - delay(2): Delayed 2 second(s)

2019-05-21 17:30:15 - [MESSAGE][PASSED] - Delayed 2 second(s)

2019-05-21 17:30:15 - [TEST_STEP][PASSED] - click(findTestObject("OCS-MOBILE /Age gate and burger menu/Indica Dominant_Menu item")): Object: 'Object Repository/OCS-MOBILE /Age gate and burger menu/Indica Dominant_Menu item' is clicked on

2019-05-21 17:30:19 - [MESSAGE][PASSED] - Object: 'Object Repository/OCS-MOBILE /Age gate and burger menu/Indica Dominant_Menu item' is clicked on

2019-05-21 17:30:19 - [TEST_STEP][PASSED] - delay(2): Delayed 2 second(s)

2019-05-21 17:30:21 - [MESSAGE][PASSED] - Delayed 2 second(s)

2019-05-21 17:30:21 - [TEST_STEP][PASSED] - click(findTestObject("OCS-MOBILE /Collection page/Product image - 1st one")): Object: 'Object Repository/OCS-MOBILE /Collection page/Product image - 1st one' is clicked on

2019-05-21 17:30:23 - [MESSAGE][PASSED] - Object: 'Object Repository/OCS-MOBILE /Collection page/Product image - 1st one' is clicked on

2019-05-21 17:30:23 - [TEST_STEP][PASSED] - delay(1): Delayed 1 second(s)

2019-05-21 17:30:24 - [MESSAGE][PASSED] - Delayed 1 second(s)

2019-05-21 17:30:24 - [TEST_STEP][PASSED] - delay(3): Delayed 3 second(s)

2019-05-21 17:30:27 - [MESSAGE][PASSED] - Delayed 3 second(s)

2019-05-21 17:30:27 - [TEST_STEP][PASSED] - scrollToElement(findTestObject("OCS-MOBILE /Product page/Product image"), 1): Scroll to object 'Object Repository/OCS-MOBILE /Product page/Product image' successfully

2019-05-21 17:30:27 - [MESSAGE][PASSED] - Scroll to object 'Object Repository/OCS-MOBILE /Product page/Product image' successfully

2019-05-21 17:30:27 - [TEST_STEP][PASSED] - click(findTestObject("OCS-MOBILE /Product page/Swatch_3.5g")): Object: 'Object Repository/OCS-MOBILE /Product page/Swatch_3.5g' is clicked on

2019-05-21 17:30:28 - [MESSAGE][PASSED] - Object: 'Object Repository/OCS-MOBILE /Product page/Swatch_3.5g' is clicked on

2019-05-21 17:30:28 - [TEST_STEP][PASSED] - delay(2): Delayed 2 second(s)

2019-05-21 17:30:30 - [MESSAGE][PASSED] - Delayed 2 second(s)

2019-05-21 17:30:30 - [TEST_STEP][PASSED] - click(findTestObject("OCS-MOBILE /Product page/Add to Bag-button")): Object: 'Object Repository/OCS-MOBILE /Product page/Add to Bag-button' is clicked on

2019-05-21 17:30:30 - [MESSAGE][PASSED] - Object: 'Object Repository/OCS-MOBILE /Product page/Add to Bag-button' is clicked on

2019-05-21 17:30:30 - [TEST_STEP][PASSED] - setViewPortSize(1000, 1000): Viewport is set to new size with width = 1000 and height = 1000

2019-05-21 17:30:30 - [MESSAGE][PASSED] - Viewport is set to new size with width = 1000 and height = 1000

2019-05-21 17:30:30 - [TEST_STEP][PASSED] - delay(2): Delayed 2 second(s)

2019-05-21 17:30:32 - [MESSAGE][PASSED] - Delayed 2 second(s)

2019-05-21 17:30:32 - [TEST_STEP][PASSED] - click(findTestObject("Theme_oR/Page_Ontario Cannabis Store  Ontari/button_Hide bar")): Object: 'Object Repository/Theme_oR/Page_Ontario Cannabis Store  Ontari/button_Hide bar' is clicked on

2019-05-21 17:30:32 - [MESSAGE][PASSED] - Object: 'Object Repository/Theme_oR/Page_Ontario Cannabis Store  Ontari/button_Hide bar' is clicked on

2019-05-21 17:30:32 - [TEST_STEP][PASSED] - setViewPortSize(360, 1000): Viewport is set to new size with width = 360 and height = 1000

2019-05-21 17:30:32 - [MESSAGE][PASSED] - Viewport is set to new size with width = 360 and height = 1000

2019-05-21 17:30:32 - [TEST_STEP][PASSED] - click(findTestObject("OCS-MOBILE /Cart flyout/Checkbox_I confirm that")): Object: 'Object Repository/OCS-MOBILE /Cart flyout/Checkbox_I confirm that' is clicked on

2019-05-21 17:30:33 - [MESSAGE][PASSED] - Object: 'Object Repository/OCS-MOBILE /Cart flyout/Checkbox_I confirm that' is clicked on

2019-05-21 17:30:33 - [TEST_STEP][PASSED] - click(findTestObject("OCS-MOBILE /Cart flyout/Checkbox_Accept the Terms Condition")): Object: 'Object Repository/OCS-MOBILE /Cart flyout/Checkbox_Accept the Terms Condition' is clicked on

2019-05-21 17:30:33 - [MESSAGE][PASSED] - Object: 'Object Repository/OCS-MOBILE /Cart flyout/Checkbox_Accept the Terms Condition' is clicked on

2019-05-21 17:30:33 - [TEST_STEP][PASSED] - delay(1): Delayed 1 second(s)

2019-05-21 17:30:34 - [MESSAGE][PASSED] - Delayed 1 second(s)

2019-05-21 17:30:34 - [TEST_STEP][PASSED] - click(findTestObject("OCS-MOBILE /Cart flyout/Checkout - Button")): Object: 'Object Repository/OCS-MOBILE /Cart flyout/Checkout - Button' is clicked on

2019-05-21 17:30:41 - [MESSAGE][PASSED] - Object: 'Object Repository/OCS-MOBILE /Cart flyout/Checkout - Button' is clicked on

2019-05-21 17:30:41 - [TEST_STEP][PASSED] - delay(1): Delayed 1 second(s)

2019-05-21 17:30:42 - [MESSAGE][PASSED] - Delayed 1 second(s)

2019-05-21 17:30:42 - [TEST_STEP][PASSED] - click(findTestObject("OCS-MOBILE /Customer info page/Chevron_OrderSummary")): Object: 'Object Repository/OCS-MOBILE /Customer info page/Chevron_OrderSummary' is clicked on

2019-05-21 17:30:42 - [MESSAGE][PASSED] - Object: 'Object Repository/OCS-MOBILE /Customer info page/Chevron_OrderSummary' is clicked on

2019-05-21 17:30:42 - [TEST_STEP][PASSED] - delay(2): Delayed 2 second(s)

2019-05-21 17:30:44 - [MESSAGE][PASSED] - Delayed 2 second(s)

2019-05-21 17:30:44 - [TEST_STEP][PASSED] - scrollToElement(findTestObject("OCS-MOBILE /Customer info page/input_Email"), 0): Scroll to object 'Object Repository/OCS-MOBILE /Customer info page/input_Email' successfully

2019-05-21 17:30:44 - [MESSAGE][WARNING] - Timeout '0' is invalid. Using default page load timeout: '30'

2019-05-21 17:30:44 - [MESSAGE][PASSED] - Scroll to object 'Object Repository/OCS-MOBILE /Customer info page/input_Email' successfully

2019-05-21 17:30:44 - [TEST_STEP][PASSED] - setText(findTestObject("OCS-MOBILE /Customer info page/input_Email"), "suman.kompelly@diffagency.com"): Text 'suman.kompelly@diffagency.com' is set on object 'Object Repository/OCS-MOBILE /Customer info page/input_Email'

2019-05-21 17:30:44 - [MESSAGE][PASSED] - Text 'suman.kompelly@diffagency.com' is set on object 'Object Repository/OCS-MOBILE /Customer info page/input_Email'

2019-05-21 17:30:44 - [TEST_STEP][PASSED] - setText(findTestObject("OCS-MOBILE /Customer info page/input_First name"), "suman"): Text 'suman' is set on object 'Object Repository/OCS-MOBILE /Customer info page/input_First name'

2019-05-21 17:30:44 - [MESSAGE][PASSED] - Text 'suman' is set on object 'Object Repository/OCS-MOBILE /Customer info page/input_First name'

2019-05-21 17:30:44 - [TEST_STEP][PASSED] - setText(findTestObject("OCS-MOBILE /Customer info page/input_Last name"), "kompelly"): Text 'kompelly' is set on object 'Object Repository/OCS-MOBILE /Customer info page/input_Last name'

2019-05-21 17:30:44 - [MESSAGE][PASSED] - Text 'kompelly' is set on object 'Object Repository/OCS-MOBILE /Customer info page/input_Last name'

2019-05-21 17:30:44 - [TEST_STEP][PASSED] - setText(findTestObject("OCS-MOBILE /Customer info page/input_Address"), "300 saint alxendre"): Text '300 saint alxendre' is set on object 'Object Repository/OCS-MOBILE /Customer info page/input_Address'

2019-05-21 17:30:45 - [MESSAGE][PASSED] - Text '300 saint alxendre' is set on object 'Object Repository/OCS-MOBILE /Customer info page/input_Address'

2019-05-21 17:30:45 - [TEST_STEP][PASSED] - setText(findTestObject("OCS-MOBILE /Customer info page/input_Apartment suite etc. (op"), "199"): Text '199' is set on object 'Object Repository/OCS-MOBILE /Customer info page/input_Apartment suite etc. (op'

2019-05-21 17:30:45 - [MESSAGE][PASSED] - Text '199' is set on object 'Object Repository/OCS-MOBILE /Customer info page/input_Apartment suite etc. (op'

2019-05-21 17:30:45 - [TEST_STEP][PASSED] - setText(findTestObject("OCS-MOBILE /Customer info page/input_City"), "montreal"): Text 'montreal' is set on object 'Object Repository/OCS-MOBILE /Customer info page/input_City'

2019-05-21 17:30:45 - [MESSAGE][PASSED] - Text 'montreal' is set on object 'Object Repository/OCS-MOBILE /Customer info page/input_City'

2019-05-21 17:30:45 - [TEST_STEP][PASSED] - setText(findTestObject("OCS-MOBILE /Customer info page/input_Postal code"), "n0R1K0"): Text 'n0R1K0' is set on object 'Object Repository/OCS-MOBILE /Customer info page/input_Postal code'

2019-05-21 17:30:45 - [MESSAGE][PASSED] - Text 'n0R1K0' is set on object 'Object Repository/OCS-MOBILE /Customer info page/input_Postal code'

2019-05-21 17:30:45 - [TEST_STEP][PASSED] - setText(findTestObject("OCS-MOBILE /Customer info page/input_Phone"), "(514) 449-3882"): Text '(514) 449-3882' is set on object 'Object Repository/OCS-MOBILE /Customer info page/input_Phone'

2019-05-21 17:30:45 - [MESSAGE][PASSED] - Text '(514) 449-3882' is set on object 'Object Repository/OCS-MOBILE /Customer info page/input_Phone'

2019-05-21 17:30:45 - [TEST_STEP][PASSED] - delay(1): Delayed 1 second(s)

2019-05-21 17:30:46 - [MESSAGE][PASSED] - Delayed 1 second(s)

2019-05-21 17:30:46 - [TEST_STEP][PASSED] - setViewPortSize(1000, 1000): Viewport is set to new size with width = 1000 and height = 1000

2019-05-21 17:30:46 - [MESSAGE][PASSED] - Viewport is set to new size with width = 1000 and height = 1000

2019-05-21 17:30:46 - [TEST_STEP][PASSED] - click(findTestObject("Theme_oR/Page_Ontario Cannabis Store  Ontari/button_Hide bar")): Object: 'Object Repository/Theme_oR/Page_Ontario Cannabis Store  Ontari/button_Hide bar' is clicked on

2019-05-21 17:30:46 - [MESSAGE][PASSED] - Object: 'Object Repository/Theme_oR/Page_Ontario Cannabis Store  Ontari/button_Hide bar' is clicked on

2019-05-21 17:30:46 - [TEST_STEP][PASSED] - setViewPortSize(360, 1000): Viewport is set to new size with width = 360 and height = 1000

2019-05-21 17:30:46 - [MESSAGE][PASSED] - Viewport is set to new size with width = 360 and height = 1000

2019-05-21 17:30:46 - [TEST_STEP][PASSED] - click(findTestObject("OCS-MOBILE /Customer info page/Return to Cart - Link")): Object: 'Object Repository/OCS-MOBILE /Customer info page/Return to Cart - Link' is clicked on

2019-05-21 17:30:49 - [MESSAGE][PASSED] - Object: 'Object Repository/OCS-MOBILE /Customer info page/Return to Cart - Link' is clicked on

2019-05-21 17:30:49 - [TEST_STEP][PASSED] - delay(2): Delayed 2 second(s)

2019-05-21 17:30:51 - [MESSAGE][PASSED] - Delayed 2 second(s)

2019-05-21 17:30:51 - [TEST_STEP][PASSED] - click(findTestObject("OCS-MOBILE /Cart page/cart page-Checkbox_I confirm that")): Object: 'Object Repository/OCS-MOBILE /Cart page/cart page-Checkbox_I confirm that' is clicked on

2019-05-21 17:30:52 - [MESSAGE][PASSED] - Object: 'Object Repository/OCS-MOBILE /Cart page/cart page-Checkbox_I confirm that' is clicked on

2019-05-21 17:30:52 - [TEST_STEP][PASSED] - click(findTestObject("OCS-MOBILE /Cart page/cart page - Checkbox_Accept the Terms Condition")): Object: 'Object Repository/OCS-MOBILE /Cart page/cart page - Checkbox_Accept the Terms Condition' is clicked on

2019-05-21 17:30:52 - [MESSAGE][PASSED] - Object: 'Object Repository/OCS-MOBILE /Cart page/cart page - Checkbox_Accept the Terms Condition' is clicked on

2019-05-21 17:30:52 - [TEST_STEP][PASSED] - delay(1): Delayed 1 second(s)

2019-05-21 17:30:53 - [MESSAGE][PASSED] - Delayed 1 second(s)

2019-05-21 17:30:53 - [TEST_STEP][PASSED] - setViewPortSize(1000, 1000, CONTINUE_ON_FAILURE): Viewport is set to new size with width = 1000 and height = 1000

2019-05-21 17:30:53 - [MESSAGE][PASSED] - Viewport is set to new size with width = 1000 and height = 1000

2019-05-21 17:30:53 - [TEST_STEP][PASSED] - click(findTestObject("Theme_oR/Page_Ontario Cannabis Store  Ontari/button_Hide bar"), CONTINUE_ON_FAILURE): Object: 'Object Repository/Theme_oR/Page_Ontario Cannabis Store  Ontari/button_Hide bar' is clicked on

2019-05-21 17:30:53 - [MESSAGE][PASSED] - Object: 'Object Repository/Theme_oR/Page_Ontario Cannabis Store  Ontari/button_Hide bar' is clicked on

2019-05-21 17:30:53 - [TEST_STEP][PASSED] - setViewPortSize(360, 1000, CONTINUE_ON_FAILURE): Viewport is set to new size with width = 360 and height = 1000

2019-05-21 17:30:53 - [MESSAGE][PASSED] - Viewport is set to new size with width = 360 and height = 1000

2019-05-21 17:30:53 - [TEST_STEP][PASSED] - delay(1): Delayed 1 second(s)

2019-05-21 17:30:54 - [MESSAGE][PASSED] - Delayed 1 second(s)

2019-05-21 17:30:54 - [TEST_STEP][PASSED] - click(findTestObject("OCS-MOBILE /Cart page/Cart page -checkout button")): Object: 'Object Repository/OCS-MOBILE /Cart page/Cart page -checkout button' is clicked on

2019-05-21 17:31:01 - [MESSAGE][PASSED] - Object: 'Object Repository/OCS-MOBILE /Cart page/Cart page -checkout button' is clicked on

2019-05-21 17:31:01 - [TEST_STEP][PASSED] - setText(findTestObject("OCS-MOBILE /Customer info page/input_Email"), "suman.kompelly@diffagency.com"): Text 'suman.kompelly@diffagency.com' is set on object 'Object Repository/OCS-MOBILE /Customer info page/input_Email'

2019-05-21 17:31:02 - [MESSAGE][PASSED] - Text 'suman.kompelly@diffagency.com' is set on object 'Object Repository/OCS-MOBILE /Customer info page/input_Email'

2019-05-21 17:31:02 - [TEST_STEP][PASSED] - setText(findTestObject("OCS-MOBILE /Customer info page/input_First name"), "suman"): Text 'suman' is set on object 'Object Repository/OCS-MOBILE /Customer info page/input_First name'

2019-05-21 17:31:02 - [MESSAGE][PASSED] - Text 'suman' is set on object 'Object Repository/OCS-MOBILE /Customer info page/input_First name'

2019-05-21 17:31:02 - [TEST_STEP][PASSED] - setText(findTestObject("OCS-MOBILE /Customer info page/input_Last name"), "kompelly"): Text 'kompelly' is set on object 'Object Repository/OCS-MOBILE /Customer info page/input_Last name'

2019-05-21 17:31:02 - [MESSAGE][PASSED] - Text 'kompelly' is set on object 'Object Repository/OCS-MOBILE /Customer info page/input_Last name'

2019-05-21 17:31:02 - [TEST_STEP][PASSED] - setText(findTestObject("OCS-MOBILE /Customer info page/input_Address"), "300 saint alxendre"): Text '300 saint alxendre' is set on object 'Object Repository/OCS-MOBILE /Customer info page/input_Address'

2019-05-21 17:31:02 - [MESSAGE][PASSED] - Text '300 saint alxendre' is set on object 'Object Repository/OCS-MOBILE /Customer info page/input_Address'

2019-05-21 17:31:02 - [TEST_STEP][PASSED] - setText(findTestObject("OCS-MOBILE /Customer info page/input_Apartment suite etc. (op"), "199"): Text '199' is set on object 'Object Repository/OCS-MOBILE /Customer info page/input_Apartment suite etc. (op'

2019-05-21 17:31:02 - [MESSAGE][PASSED] - Text '199' is set on object 'Object Repository/OCS-MOBILE /Customer info page/input_Apartment suite etc. (op'

2019-05-21 17:31:02 - [TEST_STEP][PASSED] - setText(findTestObject("OCS-MOBILE /Customer info page/input_City"), "montreal"): Text 'montreal' is set on object 'Object Repository/OCS-MOBILE /Customer info page/input_City'

2019-05-21 17:31:02 - [MESSAGE][PASSED] - Text 'montreal' is set on object 'Object Repository/OCS-MOBILE /Customer info page/input_City'

2019-05-21 17:31:02 - [TEST_STEP][PASSED] - setText(findTestObject("OCS-MOBILE /Customer info page/input_Postal code"), "n0R1K0"): Text 'n0R1K0' is set on object 'Object Repository/OCS-MOBILE /Customer info page/input_Postal code'

2019-05-21 17:31:02 - [MESSAGE][PASSED] - Text 'n0R1K0' is set on object 'Object Repository/OCS-MOBILE /Customer info page/input_Postal code'

2019-05-21 17:31:02 - [TEST_STEP][PASSED] - setText(findTestObject("OCS-MOBILE /Customer info page/input_Phone"), "(514) 449-3882"): Text '(514) 449-3882' is set on object 'Object Repository/OCS-MOBILE /Customer info page/input_Phone'

2019-05-21 17:31:02 - [MESSAGE][PASSED] - Text '(514) 449-3882' is set on object 'Object Repository/OCS-MOBILE /Customer info page/input_Phone'

2019-05-21 17:31:02 - [TEST_STEP][PASSED] - delay(1): Delayed 1 second(s)

2019-05-21 17:31:03 - [MESSAGE][PASSED] - Delayed 1 second(s)

2019-05-21 17:31:03 - [TEST_STEP][PASSED] - setViewPortSize(1000, 1000): Viewport is set to new size with width = 1000 and height = 1000

2019-05-21 17:31:03 - [MESSAGE][PASSED] - Viewport is set to new size with width = 1000 and height = 1000

2019-05-21 17:31:03 - [TEST_STEP][PASSED] - delay(1): Delayed 1 second(s)

2019-05-21 17:31:04 - [MESSAGE][PASSED] - Delayed 1 second(s)

2019-05-21 17:31:04 - [TEST_STEP][PASSED] - click(findTestObject("Theme_oR/Page_Ontario Cannabis Store  Ontari/button_Hide bar")): Object: 'Object Repository/Theme_oR/Page_Ontario Cannabis Store  Ontari/button_Hide bar' is clicked on

2019-05-21 17:31:05 - [MESSAGE][PASSED] - Object: 'Object Repository/Theme_oR/Page_Ontario Cannabis Store  Ontari/button_Hide bar' is clicked on

2019-05-21 17:31:05 - [TEST_STEP][PASSED] - setViewPortSize(360, 1000): Viewport is set to new size with width = 360 and height = 1000

2019-05-21 17:31:05 - [MESSAGE][PASSED] - Viewport is set to new size with width = 360 and height = 1000

2019-05-21 17:31:05 - [TEST_STEP][PASSED] - click(findTestObject("OCS-MOBILE /Customer info page/Continue to shipping method - Button")): Object: 'Object Repository/OCS-MOBILE /Customer info page/Continue to shipping method - Button' is clicked on

2019-05-21 17:31:07 - [MESSAGE][PASSED] - Object: 'Object Repository/OCS-MOBILE /Customer info page/Continue to shipping method - Button' is clicked on

2019-05-21 17:31:07 - [TEST_STEP][PASSED] - closeBrowser(): Browser is closed

2019-05-21 17:31:08 - [MESSAGE][PASSED] - Browser is closed]]></system-out>
         <system-err><![CDATA[]]></system-err>
      </testcase>
      <testcase name="Test Cases/OCS - MOBILE/OCS- CRITICAL PATH/Checkout - Shipping" classname="Test Cases/OCS - MOBILE/OCS- CRITICAL PATH/Checkout - Shipping" status="FAILED">
         <failure type="FAILED" message="Test Cases/OCS - MOBILE/OCS- CRITICAL PATH/Checkout - Shipping FAILED.
Reason:
com.kms.katalon.core.exception.StepFailedException: Unable to select option by value  using regular expression (Root cause: java.lang.IllegalArgumentException: Object is null)
	at com.kms.katalon.core.keyword.internal.KeywordMain.stepFailed(KeywordMain.groovy:36)
	at com.kms.katalon.core.webui.keyword.internal.WebUIKeywordMain.stepFailed(WebUIKeywordMain.groovy:65)
	at com.kms.katalon.core.webui.keyword.internal.WebUIKeywordMain.runKeyword(WebUIKeywordMain.groovy:27)
	at com.kms.katalon.core.webui.keyword.builtin.SelectOptionByValueKeyword.selectOptionByValue(SelectOptionByValueKeyword.groovy:99)
	at com.kms.katalon.core.webui.keyword.builtin.SelectOptionByValueKeyword.execute(SelectOptionByValueKeyword.groovy:71)
	at com.kms.katalon.core.keyword.internal.KeywordExecutor.executeKeywordForPlatform(KeywordExecutor.groovy:53)
	at com.kms.katalon.core.webui.keyword.WebUiBuiltInKeywords.selectOptionByValue(WebUiBuiltInKeywords.groovy:1138)
	at com.kms.katalon.core.webui.keyword.WebUiBuiltInKeywords$selectOptionByValue$2.call(Unknown Source)
	at Checkout - Shipping.run(Checkout - Shipping:26)
	at com.kms.katalon.core.main.ScriptEngine.run(ScriptEngine.java:194)
	at com.kms.katalon.core.main.ScriptEngine.runScriptAsRawText(ScriptEngine.java:119)
	at com.kms.katalon.core.main.TestCaseExecutor.runScript(TestCaseExecutor.java:328)
	at com.kms.katalon.core.main.TestCaseExecutor.doExecute(TestCaseExecutor.java:319)
	at com.kms.katalon.core.main.TestCaseExecutor.processExecutionPhase(TestCaseExecutor.java:298)
	at com.kms.katalon.core.main.TestCaseExecutor.accessMainPhase(TestCaseExecutor.java:290)
	at com.kms.katalon.core.main.TestCaseExecutor.execute(TestCaseExecutor.java:224)
	at com.kms.katalon.core.main.TestSuiteExecutor.accessTestCaseMainPhase(TestSuiteExecutor.java:129)
	at com.kms.katalon.core.main.TestSuiteExecutor.accessTestSuiteMainPhase(TestSuiteExecutor.java:112)
	at com.kms.katalon.core.main.TestSuiteExecutor.execute(TestSuiteExecutor.java:81)
	at com.kms.katalon.core.main.TestCaseMain.startTestSuite(TestCaseMain.java:149)
	at com.kms.katalon.core.main.TestCaseMain$startTestSuite$0.call(Unknown Source)
	at TempTestSuite1558473540866.run(TempTestSuite1558473540866.groovy:36)
"/>
         <system-out><![CDATA[2019-05-21 17:31:08 - [TEST_CASE][FAILED] - Test Cases/OCS - MOBILE/OCS- CRITICAL PATH/Checkout - Shipping: Test Cases/OCS - MOBILE/OCS- CRITICAL PATH/Checkout - Shipping FAILED.
Reason:
com.kms.katalon.core.exception.StepFailedException: Unable to select option by value  using regular expression (Root cause: java.lang.IllegalArgumentException: Object is null)
	at com.kms.katalon.core.keyword.internal.KeywordMain.stepFailed(KeywordMain.groovy:36)
	at com.kms.katalon.core.webui.keyword.internal.WebUIKeywordMain.stepFailed(WebUIKeywordMain.groovy:65)
	at com.kms.katalon.core.webui.keyword.internal.WebUIKeywordMain.runKeyword(WebUIKeywordMain.groovy:27)
	at com.kms.katalon.core.webui.keyword.builtin.SelectOptionByValueKeyword.selectOptionByValue(SelectOptionByValueKeyword.groovy:99)
	at com.kms.katalon.core.webui.keyword.builtin.SelectOptionByValueKeyword.execute(SelectOptionByValueKeyword.groovy:71)
	at com.kms.katalon.core.keyword.internal.KeywordExecutor.executeKeywordForPlatform(KeywordExecutor.groovy:53)
	at com.kms.katalon.core.webui.keyword.WebUiBuiltInKeywords.selectOptionByValue(WebUiBuiltInKeywords.groovy:1138)
	at com.kms.katalon.core.webui.keyword.WebUiBuiltInKeywords$selectOptionByValue$2.call(Unknown Source)
	at Checkout - Shipping.run(Checkout - Shipping:26)
	at com.kms.katalon.core.main.ScriptEngine.run(ScriptEngine.java:194)
	at com.kms.katalon.core.main.ScriptEngine.runScriptAsRawText(ScriptEngine.java:119)
	at com.kms.katalon.core.main.TestCaseExecutor.runScript(TestCaseExecutor.java:328)
	at com.kms.katalon.core.main.TestCaseExecutor.doExecute(TestCaseExecutor.java:319)
	at com.kms.katalon.core.main.TestCaseExecutor.processExecutionPhase(TestCaseExecutor.java:298)
	at com.kms.katalon.core.main.TestCaseExecutor.accessMainPhase(TestCaseExecutor.java:290)
	at com.kms.katalon.core.main.TestCaseExecutor.execute(TestCaseExecutor.java:224)
	at com.kms.katalon.core.main.TestSuiteExecutor.accessTestCaseMainPhase(TestSuiteExecutor.java:129)
	at com.kms.katalon.core.main.TestSuiteExecutor.accessTestSuiteMainPhase(TestSuiteExecutor.java:112)
	at com.kms.katalon.core.main.TestSuiteExecutor.execute(TestSuiteExecutor.java:81)
	at com.kms.katalon.core.main.TestCaseMain.startTestSuite(TestCaseMain.java:149)
	at com.kms.katalon.core.main.TestCaseMain$startTestSuite$0.call(Unknown Source)
	at TempTestSuite1558473540866.run(TempTestSuite1558473540866.groovy:36)


2019-05-21 17:31:08 - [TEST_STEP][PASSED] - openBrowser(""): Browser is opened with url: ''

2019-05-21 17:31:08 - [MESSAGE][INFO] - Starting 'Firefox' driver

2019-05-21 17:31:10 - [MESSAGE][PASSED] - Browser is opened with url: ''

2019-05-21 17:31:10 - [TEST_STEP][PASSED] - navigateToUrl("https://ocs.ca/?fts=0&preview_theme_id=53373863756"): Navigate to 'https://ocs.ca/?fts=0&preview_theme_id=53373863756' successfully

2019-05-21 17:31:13 - [MESSAGE][PASSED] - Navigate to 'https://ocs.ca/?fts=0&preview_theme_id=53373863756' successfully

2019-05-21 17:31:13 - [TEST_STEP][PASSED] - delay(4): Delayed 4 second(s)

2019-05-21 17:31:17 - [MESSAGE][PASSED] - Delayed 4 second(s)

2019-05-21 17:31:17 - [TEST_STEP][PASSED] - setViewPortSize(360, 1000): Viewport is set to new size with width = 360 and height = 1000

2019-05-21 17:31:17 - [MESSAGE][PASSED] - Viewport is set to new size with width = 360 and height = 1000

2019-05-21 17:31:17 - [TEST_STEP][PASSED] - selectOptionByValue(findTestObject("OCS-MOBILE /Age gate and burger menu/Date"), "17", true): All options with value '17' are selected in object 'Object Repository/OCS-MOBILE /Age gate and burger menu/Date'  using regular expression

2019-05-21 17:31:17 - [MESSAGE][PASSED] - All options with value '17' are selected in object 'Object Repository/OCS-MOBILE /Age gate and burger menu/Date'  using regular expression

2019-05-21 17:31:17 - [TEST_STEP][FAILED] - selectOptionByValue(findTestObject("OCS-MOBILE/Age gate and burger menu/month"), "7", true): selectOptionByValue(findTestObject("OCS-MOBILE/Age gate and burger menu/month"), "7", true) FAILED.
Reason:
com.kms.katalon.core.exception.StepFailedException: Unable to select option by value  using regular expression (Root cause: java.lang.IllegalArgumentException: Object is null)
	at com.kms.katalon.core.keyword.internal.KeywordMain.stepFailed(KeywordMain.groovy:36)
	at com.kms.katalon.core.webui.keyword.internal.WebUIKeywordMain.stepFailed(WebUIKeywordMain.groovy:65)
	at com.kms.katalon.core.webui.keyword.internal.WebUIKeywordMain.runKeyword(WebUIKeywordMain.groovy:27)
	at com.kms.katalon.core.webui.keyword.builtin.SelectOptionByValueKeyword.selectOptionByValue(SelectOptionByValueKeyword.groovy:99)
	at com.kms.katalon.core.webui.keyword.builtin.SelectOptionByValueKeyword.execute(SelectOptionByValueKeyword.groovy:71)
	at com.kms.katalon.core.keyword.internal.KeywordExecutor.executeKeywordForPlatform(KeywordExecutor.groovy:53)
	at com.kms.katalon.core.webui.keyword.WebUiBuiltInKeywords.selectOptionByValue(WebUiBuiltInKeywords.groovy:1138)
	at com.kms.katalon.core.webui.keyword.WebUiBuiltInKeywords$selectOptionByValue$2.call(Unknown Source)
	at Checkout - Shipping.run(Checkout - Shipping:26)
	at com.kms.katalon.core.main.ScriptEngine.run(ScriptEngine.java:194)
	at com.kms.katalon.core.main.ScriptEngine.runScriptAsRawText(ScriptEngine.java:119)
	at com.kms.katalon.core.main.TestCaseExecutor.runScript(TestCaseExecutor.java:328)
	at com.kms.katalon.core.main.TestCaseExecutor.doExecute(TestCaseExecutor.java:319)
	at com.kms.katalon.core.main.TestCaseExecutor.processExecutionPhase(TestCaseExecutor.java:298)
	at com.kms.katalon.core.main.TestCaseExecutor.accessMainPhase(TestCaseExecutor.java:290)
	at com.kms.katalon.core.main.TestCaseExecutor.execute(TestCaseExecutor.java:224)
	at com.kms.katalon.core.main.TestSuiteExecutor.accessTestCaseMainPhase(TestSuiteExecutor.java:129)
	at com.kms.katalon.core.main.TestSuiteExecutor.accessTestSuiteMainPhase(TestSuiteExecutor.java:112)
	at com.kms.katalon.core.main.TestSuiteExecutor.execute(TestSuiteExecutor.java:81)
	at com.kms.katalon.core.main.TestCaseMain.startTestSuite(TestCaseMain.java:149)
	at com.kms.katalon.core.main.TestCaseMain$startTestSuite$0.call(Unknown Source)
	at TempTestSuite1558473540866.run(TempTestSuite1558473540866.groovy:36)


2019-05-21 17:31:17 - [MESSAGE][WARNING] - Test object with id 'Object Repository/OCS-MOBILE/Age gate and burger menu/month' does not exist

2019-05-21 17:31:17 - [MESSAGE][WARNING] - Test object with id 'Object Repository/' does not exist

2019-05-21 17:31:18 - [MESSAGE][FAILED] - Unable to select option by value  using regular expression (Root cause: java.lang.IllegalArgumentException: Object is null)
[[ATTACHMENT|/Users/sumankompelly/git/Ontario-cannbis-store/Reports/OCS- MOBILE/CRITICAL PATH - 21- 05-19/20190521_171900/1558474277938.png]]

2019-05-21 17:31:18 - [MESSAGE][FAILED] - selectOptionByValue(findTestObject("OCS-MOBILE/Age gate and burger menu/month"), "7", true) FAILED.
Reason:
com.kms.katalon.core.exception.StepFailedException: Unable to select option by value  using regular expression (Root cause: java.lang.IllegalArgumentException: Object is null)
	at com.kms.katalon.core.keyword.internal.KeywordMain.stepFailed(KeywordMain.groovy:36)
	at com.kms.katalon.core.webui.keyword.internal.WebUIKeywordMain.stepFailed(WebUIKeywordMain.groovy:65)
	at com.kms.katalon.core.webui.keyword.internal.WebUIKeywordMain.runKeyword(WebUIKeywordMain.groovy:27)
	at com.kms.katalon.core.webui.keyword.builtin.SelectOptionByValueKeyword.selectOptionByValue(SelectOptionByValueKeyword.groovy:99)
	at com.kms.katalon.core.webui.keyword.builtin.SelectOptionByValueKeyword.execute(SelectOptionByValueKeyword.groovy:71)
	at com.kms.katalon.core.keyword.internal.KeywordExecutor.executeKeywordForPlatform(KeywordExecutor.groovy:53)
	at com.kms.katalon.core.webui.keyword.WebUiBuiltInKeywords.selectOptionByValue(WebUiBuiltInKeywords.groovy:1138)
	at com.kms.katalon.core.webui.keyword.WebUiBuiltInKeywords$selectOptionByValue$2.call(Unknown Source)
	at Checkout - Shipping.run(Checkout - Shipping:26)
	at com.kms.katalon.core.main.ScriptEngine.run(ScriptEngine.java:194)
	at com.kms.katalon.core.main.ScriptEngine.runScriptAsRawText(ScriptEngine.java:119)
	at com.kms.katalon.core.main.TestCaseExecutor.runScript(TestCaseExecutor.java:328)
	at com.kms.katalon.core.main.TestCaseExecutor.doExecute(TestCaseExecutor.java:319)
	at com.kms.katalon.core.main.TestCaseExecutor.processExecutionPhase(TestCaseExecutor.java:298)
	at com.kms.katalon.core.main.TestCaseExecutor.accessMainPhase(TestCaseExecutor.java:290)
	at com.kms.katalon.core.main.TestCaseExecutor.execute(TestCaseExecutor.java:224)
	at com.kms.katalon.core.main.TestSuiteExecutor.accessTestCaseMainPhase(TestSuiteExecutor.java:129)
	at com.kms.katalon.core.main.TestSuiteExecutor.accessTestSuiteMainPhase(TestSuiteExecutor.java:112)
	at com.kms.katalon.core.main.TestSuiteExecutor.execute(TestSuiteExecutor.java:81)
	at com.kms.katalon.core.main.TestCaseMain.startTestSuite(TestCaseMain.java:149)
	at com.kms.katalon.core.main.TestCaseMain$startTestSuite$0.call(Unknown Source)
	at TempTestSuite1558473540866.run(TempTestSuite1558473540866.groovy:36)]]></system-out>
         <system-err><![CDATA[2019-05-21 17:31:08 - [TEST_CASE][FAILED] - Test Cases/OCS - MOBILE/OCS- CRITICAL PATH/Checkout - Shipping: Test Cases/OCS - MOBILE/OCS- CRITICAL PATH/Checkout - Shipping FAILED.
Reason:
com.kms.katalon.core.exception.StepFailedException: Unable to select option by value  using regular expression (Root cause: java.lang.IllegalArgumentException: Object is null)
	at com.kms.katalon.core.keyword.internal.KeywordMain.stepFailed(KeywordMain.groovy:36)
	at com.kms.katalon.core.webui.keyword.internal.WebUIKeywordMain.stepFailed(WebUIKeywordMain.groovy:65)
	at com.kms.katalon.core.webui.keyword.internal.WebUIKeywordMain.runKeyword(WebUIKeywordMain.groovy:27)
	at com.kms.katalon.core.webui.keyword.builtin.SelectOptionByValueKeyword.selectOptionByValue(SelectOptionByValueKeyword.groovy:99)
	at com.kms.katalon.core.webui.keyword.builtin.SelectOptionByValueKeyword.execute(SelectOptionByValueKeyword.groovy:71)
	at com.kms.katalon.core.keyword.internal.KeywordExecutor.executeKeywordForPlatform(KeywordExecutor.groovy:53)
	at com.kms.katalon.core.webui.keyword.WebUiBuiltInKeywords.selectOptionByValue(WebUiBuiltInKeywords.groovy:1138)
	at com.kms.katalon.core.webui.keyword.WebUiBuiltInKeywords$selectOptionByValue$2.call(Unknown Source)
	at Checkout - Shipping.run(Checkout - Shipping:26)
	at com.kms.katalon.core.main.ScriptEngine.run(ScriptEngine.java:194)
	at com.kms.katalon.core.main.ScriptEngine.runScriptAsRawText(ScriptEngine.java:119)
	at com.kms.katalon.core.main.TestCaseExecutor.runScript(TestCaseExecutor.java:328)
	at com.kms.katalon.core.main.TestCaseExecutor.doExecute(TestCaseExecutor.java:319)
	at com.kms.katalon.core.main.TestCaseExecutor.processExecutionPhase(TestCaseExecutor.java:298)
	at com.kms.katalon.core.main.TestCaseExecutor.accessMainPhase(TestCaseExecutor.java:290)
	at com.kms.katalon.core.main.TestCaseExecutor.execute(TestCaseExecutor.java:224)
	at com.kms.katalon.core.main.TestSuiteExecutor.accessTestCaseMainPhase(TestSuiteExecutor.java:129)
	at com.kms.katalon.core.main.TestSuiteExecutor.accessTestSuiteMainPhase(TestSuiteExecutor.java:112)
	at com.kms.katalon.core.main.TestSuiteExecutor.execute(TestSuiteExecutor.java:81)
	at com.kms.katalon.core.main.TestCaseMain.startTestSuite(TestCaseMain.java:149)
	at com.kms.katalon.core.main.TestCaseMain$startTestSuite$0.call(Unknown Source)
	at TempTestSuite1558473540866.run(TempTestSuite1558473540866.groovy:36)]]></system-err>
      </testcase>
      <testcase name="Test Cases/OCS - MOBILE/OCS- CRITICAL PATH/Checkout- Payment" classname="Test Cases/OCS - MOBILE/OCS- CRITICAL PATH/Checkout- Payment" status="PASSED">
         <system-out><![CDATA[2019-05-21 17:31:18 - [TEST_CASE][PASSED] - Test Cases/OCS - MOBILE/OCS- CRITICAL PATH/Checkout- Payment: Test Cases/OCS - MOBILE/OCS- CRITICAL PATH/Checkout- Payment

2019-05-21 17:31:18 - [TEST_STEP][PASSED] - openBrowser(""): Browser is opened with url: ''

2019-05-21 17:31:18 - [MESSAGE][WARNING] - A browser is already opened. Closing browser and opening a new one

2019-05-21 17:31:18 - [MESSAGE][INFO] - Starting 'Firefox' driver

2019-05-21 17:31:20 - [MESSAGE][PASSED] - Browser is opened with url: ''

2019-05-21 17:31:20 - [TEST_STEP][PASSED] - navigateToUrl("https://ocs.ca/?fts=0&preview_theme_id=53373863756"): Navigate to 'https://ocs.ca/?fts=0&preview_theme_id=53373863756' successfully

2019-05-21 17:31:26 - [MESSAGE][PASSED] - Navigate to 'https://ocs.ca/?fts=0&preview_theme_id=53373863756' successfully

2019-05-21 17:31:26 - [TEST_STEP][PASSED] - delay(4): Delayed 4 second(s)

2019-05-21 17:31:30 - [MESSAGE][PASSED] - Delayed 4 second(s)

2019-05-21 17:31:30 - [TEST_STEP][PASSED] - setViewPortSize(360, 1000): Viewport is set to new size with width = 360 and height = 1000

2019-05-21 17:31:30 - [MESSAGE][PASSED] - Viewport is set to new size with width = 360 and height = 1000

2019-05-21 17:31:30 - [TEST_STEP][PASSED] - selectOptionByValue(findTestObject("OCS-MOBILE /Age gate and burger menu/Date"), "17", true): All options with value '17' are selected in object 'Object Repository/OCS-MOBILE /Age gate and burger menu/Date'  using regular expression

2019-05-21 17:31:30 - [MESSAGE][PASSED] - All options with value '17' are selected in object 'Object Repository/OCS-MOBILE /Age gate and burger menu/Date'  using regular expression

2019-05-21 17:31:30 - [TEST_STEP][PASSED] - selectOptionByValue(findTestObject("OCS-MOBILE /Age gate and burger menu/month"), "7", true): All options with value '7' are selected in object 'Object Repository/OCS-MOBILE /Age gate and burger menu/month'  using regular expression

2019-05-21 17:31:31 - [MESSAGE][PASSED] - All options with value '7' are selected in object 'Object Repository/OCS-MOBILE /Age gate and burger menu/month'  using regular expression

2019-05-21 17:31:31 - [TEST_STEP][PASSED] - selectOptionByValue(findTestObject("OCS-MOBILE /Age gate and burger menu/Year Dropdown"), "1949", true): All options with value '1949' are selected in object 'Object Repository/OCS-MOBILE /Age gate and burger menu/Year Dropdown'  using regular expression

2019-05-21 17:31:33 - [MESSAGE][PASSED] - All options with value '1949' are selected in object 'Object Repository/OCS-MOBILE /Age gate and burger menu/Year Dropdown'  using regular expression

2019-05-21 17:31:33 - [TEST_STEP][PASSED] - click(findTestObject("OCS-MOBILE /Age gate and burger menu/button_Verify")): Object: 'Object Repository/OCS-MOBILE /Age gate and burger menu/button_Verify' is clicked on

2019-05-21 17:31:33 - [MESSAGE][PASSED] - Object: 'Object Repository/OCS-MOBILE /Age gate and burger menu/button_Verify' is clicked on

2019-05-21 17:31:33 - [TEST_STEP][PASSED] - click(findTestObject("OCS-MOBILE /Age gate and burger menu/Checkbox_CONFIRM AND ACKNOWLEDGE")): Object: 'Object Repository/OCS-MOBILE /Age gate and burger menu/Checkbox_CONFIRM AND ACKNOWLEDGE' is clicked on

2019-05-21 17:31:33 - [MESSAGE][PASSED] - Object: 'Object Repository/OCS-MOBILE /Age gate and burger menu/Checkbox_CONFIRM AND ACKNOWLEDGE' is clicked on

2019-05-21 17:31:33 - [TEST_STEP][PASSED] - click(findTestObject("OCS-MOBILE /Age gate and burger menu/button_CONFIRM")): Object: 'Object Repository/OCS-MOBILE /Age gate and burger menu/button_CONFIRM' is clicked on

2019-05-21 17:31:33 - [MESSAGE][PASSED] - Object: 'Object Repository/OCS-MOBILE /Age gate and burger menu/button_CONFIRM' is clicked on

2019-05-21 17:31:33 - [TEST_STEP][PASSED] - click(findTestObject("OCS-MOBILE /Age gate and burger menu/button_Start Browsing")): Object: 'Object Repository/OCS-MOBILE /Age gate and burger menu/button_Start Browsing' is clicked on

2019-05-21 17:31:33 - [MESSAGE][PASSED] - Object: 'Object Repository/OCS-MOBILE /Age gate and burger menu/button_Start Browsing' is clicked on

2019-05-21 17:31:33 - [TEST_STEP][PASSED] - delay(2): Delayed 2 second(s)

2019-05-21 17:31:35 - [MESSAGE][PASSED] - Delayed 2 second(s)

2019-05-21 17:31:35 - [TEST_STEP][PASSED] - refresh(): Refresh successfully

2019-05-21 17:31:39 - [MESSAGE][PASSED] - Refresh successfully

2019-05-21 17:31:39 - [TEST_STEP][PASSED] - click(findTestObject("OCS-MOBILE /Age gate and burger menu/Burger menu - English")): Object: 'Object Repository/OCS-MOBILE /Age gate and burger menu/Burger menu - English' is clicked on

2019-05-21 17:31:39 - [MESSAGE][PASSED] - Object: 'Object Repository/OCS-MOBILE /Age gate and burger menu/Burger menu - English' is clicked on

2019-05-21 17:31:39 - [TEST_STEP][PASSED] - delay(2): Delayed 2 second(s)

2019-05-21 17:31:41 - [MESSAGE][PASSED] - Delayed 2 second(s)

2019-05-21 17:31:41 - [TEST_STEP][PASSED] - click(findTestObject("OCS-MOBILE /Age gate and burger menu/Chevron_Cannabis")): Object: 'Object Repository/OCS-MOBILE /Age gate and burger menu/Chevron_Cannabis' is clicked on

2019-05-21 17:31:41 - [MESSAGE][PASSED] - Object: 'Object Repository/OCS-MOBILE /Age gate and burger menu/Chevron_Cannabis' is clicked on

2019-05-21 17:31:41 - [TEST_STEP][PASSED] - delay(2): Delayed 2 second(s)

2019-05-21 17:31:43 - [MESSAGE][PASSED] - Delayed 2 second(s)

2019-05-21 17:31:43 - [TEST_STEP][PASSED] - click(findTestObject("OCS-MOBILE /Age gate and burger menu/Dried Flower_Plus icon")): Object: 'Object Repository/OCS-MOBILE /Age gate and burger menu/Dried Flower_Plus icon' is clicked on

2019-05-21 17:31:44 - [MESSAGE][PASSED] - Object: 'Object Repository/OCS-MOBILE /Age gate and burger menu/Dried Flower_Plus icon' is clicked on

2019-05-21 17:31:44 - [TEST_STEP][PASSED] - delay(2): Delayed 2 second(s)

2019-05-21 17:31:46 - [MESSAGE][PASSED] - Delayed 2 second(s)

2019-05-21 17:31:46 - [TEST_STEP][PASSED] - click(findTestObject("OCS-MOBILE /Age gate and burger menu/Indica Dominant_Menu item")): Object: 'Object Repository/OCS-MOBILE /Age gate and burger menu/Indica Dominant_Menu item' is clicked on

2019-05-21 17:31:48 - [MESSAGE][PASSED] - Object: 'Object Repository/OCS-MOBILE /Age gate and burger menu/Indica Dominant_Menu item' is clicked on

2019-05-21 17:31:48 - [TEST_STEP][PASSED] - delay(2): Delayed 2 second(s)

2019-05-21 17:31:50 - [MESSAGE][PASSED] - Delayed 2 second(s)

2019-05-21 17:31:50 - [TEST_STEP][PASSED] - click(findTestObject("OCS-MOBILE /Collection page/Product image - 1st one")): Object: 'Object Repository/OCS-MOBILE /Collection page/Product image - 1st one' is clicked on

2019-05-21 17:31:55 - [MESSAGE][PASSED] - Object: 'Object Repository/OCS-MOBILE /Collection page/Product image - 1st one' is clicked on

2019-05-21 17:31:55 - [TEST_STEP][PASSED] - delay(1): Delayed 1 second(s)

2019-05-21 17:31:56 - [MESSAGE][PASSED] - Delayed 1 second(s)

2019-05-21 17:31:56 - [TEST_STEP][PASSED] - delay(3): Delayed 3 second(s)

2019-05-21 17:31:59 - [MESSAGE][PASSED] - Delayed 3 second(s)

2019-05-21 17:31:59 - [TEST_STEP][PASSED] - scrollToElement(findTestObject("OCS-MOBILE /Product page/Product image"), 1): Scroll to object 'Object Repository/OCS-MOBILE /Product page/Product image' successfully

2019-05-21 17:31:59 - [MESSAGE][PASSED] - Scroll to object 'Object Repository/OCS-MOBILE /Product page/Product image' successfully

2019-05-21 17:31:59 - [TEST_STEP][PASSED] - click(findTestObject("OCS-MOBILE /Product page/Swatch_3.5g")): Object: 'Object Repository/OCS-MOBILE /Product page/Swatch_3.5g' is clicked on

2019-05-21 17:31:59 - [MESSAGE][PASSED] - Object: 'Object Repository/OCS-MOBILE /Product page/Swatch_3.5g' is clicked on

2019-05-21 17:31:59 - [TEST_STEP][PASSED] - delay(2): Delayed 2 second(s)

2019-05-21 17:32:01 - [MESSAGE][PASSED] - Delayed 2 second(s)

2019-05-21 17:32:01 - [TEST_STEP][PASSED] - click(findTestObject("OCS-MOBILE /Product page/Add to Bag-button")): Object: 'Object Repository/OCS-MOBILE /Product page/Add to Bag-button' is clicked on

2019-05-21 17:32:01 - [MESSAGE][PASSED] - Object: 'Object Repository/OCS-MOBILE /Product page/Add to Bag-button' is clicked on

2019-05-21 17:32:01 - [TEST_STEP][PASSED] - setViewPortSize(1000, 1000, CONTINUE_ON_FAILURE): Viewport is set to new size with width = 1000 and height = 1000

2019-05-21 17:32:01 - [MESSAGE][PASSED] - Viewport is set to new size with width = 1000 and height = 1000

2019-05-21 17:32:01 - [TEST_STEP][PASSED] - delay(2): Delayed 2 second(s)

2019-05-21 17:32:03 - [MESSAGE][PASSED] - Delayed 2 second(s)

2019-05-21 17:32:03 - [TEST_STEP][PASSED] - click(findTestObject("Theme_oR/Page_Ontario Cannabis Store  Ontari/button_Hide bar"), CONTINUE_ON_FAILURE): Object: 'Object Repository/Theme_oR/Page_Ontario Cannabis Store  Ontari/button_Hide bar' is clicked on

2019-05-21 17:32:03 - [MESSAGE][PASSED] - Object: 'Object Repository/Theme_oR/Page_Ontario Cannabis Store  Ontari/button_Hide bar' is clicked on

2019-05-21 17:32:03 - [TEST_STEP][PASSED] - setViewPortSize(360, 1000, CONTINUE_ON_FAILURE): Viewport is set to new size with width = 360 and height = 1000

2019-05-21 17:32:04 - [MESSAGE][PASSED] - Viewport is set to new size with width = 360 and height = 1000

2019-05-21 17:32:04 - [TEST_STEP][PASSED] - click(findTestObject("OCS-MOBILE /Cart flyout/Checkbox_I confirm that")): Object: 'Object Repository/OCS-MOBILE /Cart flyout/Checkbox_I confirm that' is clicked on

2019-05-21 17:32:04 - [MESSAGE][PASSED] - Object: 'Object Repository/OCS-MOBILE /Cart flyout/Checkbox_I confirm that' is clicked on

2019-05-21 17:32:04 - [TEST_STEP][PASSED] - click(findTestObject("OCS-MOBILE /Cart flyout/Checkbox_Accept the Terms Condition")): Object: 'Object Repository/OCS-MOBILE /Cart flyout/Checkbox_Accept the Terms Condition' is clicked on

2019-05-21 17:32:04 - [MESSAGE][PASSED] - Object: 'Object Repository/OCS-MOBILE /Cart flyout/Checkbox_Accept the Terms Condition' is clicked on

2019-05-21 17:32:04 - [TEST_STEP][PASSED] - delay(1): Delayed 1 second(s)

2019-05-21 17:32:05 - [MESSAGE][PASSED] - Delayed 1 second(s)

2019-05-21 17:32:05 - [TEST_STEP][PASSED] - click(findTestObject("OCS-MOBILE /Cart flyout/Checkout - Button")): Object: 'Object Repository/OCS-MOBILE /Cart flyout/Checkout - Button' is clicked on

2019-05-21 17:32:07 - [MESSAGE][PASSED] - Object: 'Object Repository/OCS-MOBILE /Cart flyout/Checkout - Button' is clicked on

2019-05-21 17:32:07 - [TEST_STEP][PASSED] - delay(1): Delayed 1 second(s)

2019-05-21 17:32:08 - [MESSAGE][PASSED] - Delayed 1 second(s)

2019-05-21 17:32:08 - [TEST_STEP][NOT_RUN] - click(findTestObject("OCS-MOBILE/Customer info page/Chevron_OrderSummary")): NOT_RUN: click(findTestObject("OCS-MOBILE/Customer info page/Chevron_OrderSummary"))

2019-05-21 17:32:08 - [MESSAGE][NOT_RUN] - NOT_RUN: click(findTestObject("OCS-MOBILE/Customer info page/Chevron_OrderSummary"))

2019-05-21 17:32:08 - [TEST_STEP][PASSED] - delay(2): Delayed 2 second(s)

2019-05-21 17:32:10 - [MESSAGE][PASSED] - Delayed 2 second(s)

2019-05-21 17:32:10 - [TEST_STEP][PASSED] - scrollToElement(findTestObject("OCS-MOBILE /Customer info page/input_Email"), 0): Scroll to object 'Object Repository/OCS-MOBILE /Customer info page/input_Email' successfully

2019-05-21 17:32:10 - [MESSAGE][WARNING] - Timeout '0' is invalid. Using default page load timeout: '30'

2019-05-21 17:32:10 - [MESSAGE][PASSED] - Scroll to object 'Object Repository/OCS-MOBILE /Customer info page/input_Email' successfully

2019-05-21 17:32:10 - [TEST_STEP][PASSED] - setText(findTestObject("OCS-MOBILE /Customer info page/input_Email"), "suman.kompelly@diffagency.com"): Text 'suman.kompelly@diffagency.com' is set on object 'Object Repository/OCS-MOBILE /Customer info page/input_Email'

2019-05-21 17:32:10 - [MESSAGE][PASSED] - Text 'suman.kompelly@diffagency.com' is set on object 'Object Repository/OCS-MOBILE /Customer info page/input_Email'

2019-05-21 17:32:10 - [TEST_STEP][PASSED] - setText(findTestObject("OCS-MOBILE /Customer info page/input_First name"), "suman"): Text 'suman' is set on object 'Object Repository/OCS-MOBILE /Customer info page/input_First name'

2019-05-21 17:32:11 - [MESSAGE][PASSED] - Text 'suman' is set on object 'Object Repository/OCS-MOBILE /Customer info page/input_First name'

2019-05-21 17:32:11 - [TEST_STEP][PASSED] - setText(findTestObject("OCS-MOBILE /Customer info page/input_Last name"), "kompelly"): Text 'kompelly' is set on object 'Object Repository/OCS-MOBILE /Customer info page/input_Last name'

2019-05-21 17:32:11 - [MESSAGE][PASSED] - Text 'kompelly' is set on object 'Object Repository/OCS-MOBILE /Customer info page/input_Last name'

2019-05-21 17:32:11 - [TEST_STEP][PASSED] - setText(findTestObject("OCS-MOBILE /Customer info page/input_Address"), "300 saint alxendre"): Text '300 saint alxendre' is set on object 'Object Repository/OCS-MOBILE /Customer info page/input_Address'

2019-05-21 17:32:11 - [MESSAGE][PASSED] - Text '300 saint alxendre' is set on object 'Object Repository/OCS-MOBILE /Customer info page/input_Address'

2019-05-21 17:32:11 - [TEST_STEP][PASSED] - setText(findTestObject("OCS-MOBILE /Customer info page/input_Apartment suite etc. (op"), "199"): Text '199' is set on object 'Object Repository/OCS-MOBILE /Customer info page/input_Apartment suite etc. (op'

2019-05-21 17:32:11 - [MESSAGE][PASSED] - Text '199' is set on object 'Object Repository/OCS-MOBILE /Customer info page/input_Apartment suite etc. (op'

2019-05-21 17:32:11 - [TEST_STEP][PASSED] - setText(findTestObject("OCS-MOBILE /Customer info page/input_City"), "montreal"): Text 'montreal' is set on object 'Object Repository/OCS-MOBILE /Customer info page/input_City'

2019-05-21 17:32:11 - [MESSAGE][PASSED] - Text 'montreal' is set on object 'Object Repository/OCS-MOBILE /Customer info page/input_City'

2019-05-21 17:32:11 - [TEST_STEP][PASSED] - setText(findTestObject("OCS-MOBILE /Customer info page/input_Postal code"), "n0R1K0"): Text 'n0R1K0' is set on object 'Object Repository/OCS-MOBILE /Customer info page/input_Postal code'

2019-05-21 17:32:11 - [MESSAGE][PASSED] - Text 'n0R1K0' is set on object 'Object Repository/OCS-MOBILE /Customer info page/input_Postal code'

2019-05-21 17:32:11 - [TEST_STEP][PASSED] - setText(findTestObject("OCS-MOBILE /Customer info page/input_Phone"), "(514) 449-3882"): Text '(514) 449-3882' is set on object 'Object Repository/OCS-MOBILE /Customer info page/input_Phone'

2019-05-21 17:32:11 - [MESSAGE][PASSED] - Text '(514) 449-3882' is set on object 'Object Repository/OCS-MOBILE /Customer info page/input_Phone'

2019-05-21 17:32:11 - [TEST_STEP][PASSED] - delay(1): Delayed 1 second(s)

2019-05-21 17:32:12 - [MESSAGE][PASSED] - Delayed 1 second(s)

2019-05-21 17:32:12 - [TEST_STEP][NOT_RUN] - setViewPortSize(1000, 1000): NOT_RUN: setViewPortSize(1000, 1000)

2019-05-21 17:32:12 - [MESSAGE][NOT_RUN] - NOT_RUN: setViewPortSize(1000, 1000)

2019-05-21 17:32:12 - [TEST_STEP][NOT_RUN] - click(findTestObject("Theme_oR/Page_Ontario Cannabis Store  Ontari/button_Hide bar")): NOT_RUN: click(findTestObject("Theme_oR/Page_Ontario Cannabis Store  Ontari/button_Hide bar"))

2019-05-21 17:32:12 - [MESSAGE][NOT_RUN] - NOT_RUN: click(findTestObject("Theme_oR/Page_Ontario Cannabis Store  Ontari/button_Hide bar"))

2019-05-21 17:32:12 - [TEST_STEP][NOT_RUN] - setViewPortSize(360, 1000): NOT_RUN: setViewPortSize(360, 1000)

2019-05-21 17:32:12 - [MESSAGE][NOT_RUN] - NOT_RUN: setViewPortSize(360, 1000)

2019-05-21 17:32:12 - [TEST_STEP][NOT_RUN] - click(findTestObject("OCS-MOBILE/Customer info page/Return to Cart - Link")): NOT_RUN: click(findTestObject("OCS-MOBILE/Customer info page/Return to Cart - Link"))

2019-05-21 17:32:12 - [MESSAGE][NOT_RUN] - NOT_RUN: click(findTestObject("OCS-MOBILE/Customer info page/Return to Cart - Link"))

2019-05-21 17:32:12 - [TEST_STEP][NOT_RUN] - delay(2): NOT_RUN: delay(2)

2019-05-21 17:32:12 - [MESSAGE][NOT_RUN] - NOT_RUN: delay(2)

2019-05-21 17:32:12 - [TEST_STEP][NOT_RUN] - click(findTestObject("OCS-MOBILE/Cart page/Cart page - Checkbox_I confirm that")): NOT_RUN: click(findTestObject("OCS-MOBILE/Cart page/Cart page - Checkbox_I confirm that"))

2019-05-21 17:32:12 - [MESSAGE][NOT_RUN] - NOT_RUN: click(findTestObject("OCS-MOBILE/Cart page/Cart page - Checkbox_I confirm that"))

2019-05-21 17:32:12 - [TEST_STEP][NOT_RUN] - click(findTestObject("OCS-MOBILE/Cart page/Cart page- Checkbox_Accept the Terms Condition")): NOT_RUN: click(findTestObject("OCS-MOBILE/Cart page/Cart page- Checkbox_Accept the Terms Condition"))

2019-05-21 17:32:12 - [MESSAGE][NOT_RUN] - NOT_RUN: click(findTestObject("OCS-MOBILE/Cart page/Cart page- Checkbox_Accept the Terms Condition"))

2019-05-21 17:32:12 - [TEST_STEP][NOT_RUN] - delay(1): NOT_RUN: delay(1)

2019-05-21 17:32:12 - [MESSAGE][NOT_RUN] - NOT_RUN: delay(1)

2019-05-21 17:32:12 - [TEST_STEP][NOT_RUN] - setViewPortSize(1000, 1000, CONTINUE_ON_FAILURE): NOT_RUN: setViewPortSize(1000, 1000, CONTINUE_ON_FAILURE)

2019-05-21 17:32:12 - [MESSAGE][NOT_RUN] - NOT_RUN: setViewPortSize(1000, 1000, CONTINUE_ON_FAILURE)

2019-05-21 17:32:12 - [TEST_STEP][NOT_RUN] - click(findTestObject("Theme_oR/Page_Ontario Cannabis Store  Ontari/button_Hide bar"), CONTINUE_ON_FAILURE): NOT_RUN: click(findTestObject("Theme_oR/Page_Ontario Cannabis Store  Ontari/button_Hide bar"), CONTINUE_ON_FAILURE)

2019-05-21 17:32:12 - [MESSAGE][NOT_RUN] - NOT_RUN: click(findTestObject("Theme_oR/Page_Ontario Cannabis Store  Ontari/button_Hide bar"), CONTINUE_ON_FAILURE)

2019-05-21 17:32:12 - [TEST_STEP][NOT_RUN] - setViewPortSize(360, 1000, CONTINUE_ON_FAILURE): NOT_RUN: setViewPortSize(360, 1000, CONTINUE_ON_FAILURE)

2019-05-21 17:32:12 - [MESSAGE][NOT_RUN] - NOT_RUN: setViewPortSize(360, 1000, CONTINUE_ON_FAILURE)

2019-05-21 17:32:12 - [TEST_STEP][NOT_RUN] - delay(1): NOT_RUN: delay(1)

2019-05-21 17:32:12 - [MESSAGE][NOT_RUN] - NOT_RUN: delay(1)

2019-05-21 17:32:12 - [TEST_STEP][NOT_RUN] - click(findTestObject("OCS-MOBILE/Cart page/cart page- Checkout - Button")): NOT_RUN: click(findTestObject("OCS-MOBILE/Cart page/cart page- Checkout - Button"))

2019-05-21 17:32:12 - [MESSAGE][NOT_RUN] - NOT_RUN: click(findTestObject("OCS-MOBILE/Cart page/cart page- Checkout - Button"))

2019-05-21 17:32:12 - [TEST_STEP][NOT_RUN] - setText(findTestObject("OCS-MOBILE/Customer info page/input_Email"), "suman.kompelly@diffagency.com"): NOT_RUN: setText(findTestObject("OCS-MOBILE/Customer info page/input_Email"), "suman.kompelly@diffagency.com")

2019-05-21 17:32:12 - [MESSAGE][NOT_RUN] - NOT_RUN: setText(findTestObject("OCS-MOBILE/Customer info page/input_Email"), "suman.kompelly@diffagency.com")

2019-05-21 17:32:12 - [TEST_STEP][NOT_RUN] - setText(findTestObject("OCS-MOBILE/Customer info page/input_First name"), "suman"): NOT_RUN: setText(findTestObject("OCS-MOBILE/Customer info page/input_First name"), "suman")

2019-05-21 17:32:12 - [MESSAGE][NOT_RUN] - NOT_RUN: setText(findTestObject("OCS-MOBILE/Customer info page/input_First name"), "suman")

2019-05-21 17:32:12 - [TEST_STEP][NOT_RUN] - setText(findTestObject("OCS-MOBILE/Customer info page/input_Last name"), "kompelly"): NOT_RUN: setText(findTestObject("OCS-MOBILE/Customer info page/input_Last name"), "kompelly")

2019-05-21 17:32:12 - [MESSAGE][NOT_RUN] - NOT_RUN: setText(findTestObject("OCS-MOBILE/Customer info page/input_Last name"), "kompelly")

2019-05-21 17:32:12 - [TEST_STEP][NOT_RUN] - setText(findTestObject("OCS-MOBILE/Customer info page/input_Address"), "300 saint alxendre"): NOT_RUN: setText(findTestObject("OCS-MOBILE/Customer info page/input_Address"), "300 saint alxendre")

2019-05-21 17:32:12 - [MESSAGE][NOT_RUN] - NOT_RUN: setText(findTestObject("OCS-MOBILE/Customer info page/input_Address"), "300 saint alxendre")

2019-05-21 17:32:12 - [TEST_STEP][NOT_RUN] - setText(findTestObject("OCS-MOBILE/Customer info page/input_Apartment suite etc. (op"), "199"): NOT_RUN: setText(findTestObject("OCS-MOBILE/Customer info page/input_Apartment suite etc. (op"), "199")

2019-05-21 17:32:12 - [MESSAGE][NOT_RUN] - NOT_RUN: setText(findTestObject("OCS-MOBILE/Customer info page/input_Apartment suite etc. (op"), "199")

2019-05-21 17:32:12 - [TEST_STEP][NOT_RUN] - setText(findTestObject("OCS-MOBILE/Customer info page/input_City"), "montreal"): NOT_RUN: setText(findTestObject("OCS-MOBILE/Customer info page/input_City"), "montreal")

2019-05-21 17:32:12 - [MESSAGE][NOT_RUN] - NOT_RUN: setText(findTestObject("OCS-MOBILE/Customer info page/input_City"), "montreal")

2019-05-21 17:32:12 - [TEST_STEP][NOT_RUN] - setText(findTestObject("OCS-MOBILE/Customer info page/input_Postal code"), "n0R1K0"): NOT_RUN: setText(findTestObject("OCS-MOBILE/Customer info page/input_Postal code"), "n0R1K0")

2019-05-21 17:32:12 - [MESSAGE][NOT_RUN] - NOT_RUN: setText(findTestObject("OCS-MOBILE/Customer info page/input_Postal code"), "n0R1K0")

2019-05-21 17:32:12 - [TEST_STEP][NOT_RUN] - setText(findTestObject("OCS-MOBILE/Customer info page/input_Phone"), "(514) 449-3882"): NOT_RUN: setText(findTestObject("OCS-MOBILE/Customer info page/input_Phone"), "(514) 449-3882")

2019-05-21 17:32:12 - [MESSAGE][NOT_RUN] - NOT_RUN: setText(findTestObject("OCS-MOBILE/Customer info page/input_Phone"), "(514) 449-3882")

2019-05-21 17:32:12 - [TEST_STEP][NOT_RUN] - delay(1): NOT_RUN: delay(1)

2019-05-21 17:32:12 - [MESSAGE][NOT_RUN] - NOT_RUN: delay(1)

2019-05-21 17:32:12 - [TEST_STEP][PASSED] - setViewPortSize(1000, 1000): Viewport is set to new size with width = 1000 and height = 1000

2019-05-21 17:32:12 - [MESSAGE][PASSED] - Viewport is set to new size with width = 1000 and height = 1000

2019-05-21 17:32:12 - [TEST_STEP][PASSED] - delay(1): Delayed 1 second(s)

2019-05-21 17:32:13 - [MESSAGE][PASSED] - Delayed 1 second(s)

2019-05-21 17:32:13 - [TEST_STEP][PASSED] - click(findTestObject("Theme_oR/Page_Ontario Cannabis Store  Ontari/button_Hide bar"), CONTINUE_ON_FAILURE): Object: 'Object Repository/Theme_oR/Page_Ontario Cannabis Store  Ontari/button_Hide bar' is clicked on

2019-05-21 17:32:13 - [MESSAGE][PASSED] - Object: 'Object Repository/Theme_oR/Page_Ontario Cannabis Store  Ontari/button_Hide bar' is clicked on

2019-05-21 17:32:13 - [TEST_STEP][PASSED] - setViewPortSize(360, 1000): Viewport is set to new size with width = 360 and height = 1000

2019-05-21 17:32:13 - [MESSAGE][PASSED] - Viewport is set to new size with width = 360 and height = 1000

2019-05-21 17:32:13 - [TEST_STEP][PASSED] - click(findTestObject("OCS-MOBILE /Customer info page/Continue to shipping method - Button")): Object: 'Object Repository/OCS-MOBILE /Customer info page/Continue to shipping method - Button' is clicked on

2019-05-21 17:32:15 - [MESSAGE][PASSED] - Object: 'Object Repository/OCS-MOBILE /Customer info page/Continue to shipping method - Button' is clicked on

2019-05-21 17:32:15 - [TEST_STEP][PASSED] - delay(1): Delayed 1 second(s)

2019-05-21 17:32:16 - [MESSAGE][PASSED] - Delayed 1 second(s)

2019-05-21 17:32:16 - [TEST_STEP][NOT_RUN] - click(findTestObject("OCS-MOBILE/Customer info page/Chevron_OrderSummary")): NOT_RUN: click(findTestObject("OCS-MOBILE/Customer info page/Chevron_OrderSummary"))

2019-05-21 17:32:16 - [MESSAGE][NOT_RUN] - NOT_RUN: click(findTestObject("OCS-MOBILE/Customer info page/Chevron_OrderSummary"))

2019-05-21 17:32:16 - [TEST_STEP][NOT_RUN] - delay(1): NOT_RUN: delay(1)

2019-05-21 17:32:16 - [MESSAGE][NOT_RUN] - NOT_RUN: delay(1)

2019-05-21 17:32:16 - [TEST_STEP][NOT_RUN] - click(findTestObject("OCS-MOBILE/Payment -page/Change link span 1")): NOT_RUN: click(findTestObject("OCS-MOBILE/Payment -page/Change link span 1"))

2019-05-21 17:32:16 - [MESSAGE][NOT_RUN] - NOT_RUN: click(findTestObject("OCS-MOBILE/Payment -page/Change link span 1"))

2019-05-21 17:32:16 - [TEST_STEP][NOT_RUN] - delay(1): NOT_RUN: delay(1)

2019-05-21 17:32:16 - [MESSAGE][NOT_RUN] - NOT_RUN: delay(1)

2019-05-21 17:32:16 - [TEST_STEP][NOT_RUN] - delay(1): NOT_RUN: delay(1)

2019-05-21 17:32:16 - [MESSAGE][NOT_RUN] - NOT_RUN: delay(1)

2019-05-21 17:32:16 - [TEST_STEP][NOT_RUN] - setViewPortSize(1000, 1000, CONTINUE_ON_FAILURE): NOT_RUN: setViewPortSize(1000, 1000, CONTINUE_ON_FAILURE)

2019-05-21 17:32:16 - [MESSAGE][NOT_RUN] - NOT_RUN: setViewPortSize(1000, 1000, CONTINUE_ON_FAILURE)

2019-05-21 17:32:16 - [TEST_STEP][NOT_RUN] - delay(1): NOT_RUN: delay(1)

2019-05-21 17:32:16 - [MESSAGE][NOT_RUN] - NOT_RUN: delay(1)

2019-05-21 17:32:16 - [TEST_STEP][NOT_RUN] - click(findTestObject("Theme_oR/Page_Ontario Cannabis Store  Ontari/button_Hide bar"), CONTINUE_ON_FAILURE): NOT_RUN: click(findTestObject("Theme_oR/Page_Ontario Cannabis Store  Ontari/button_Hide bar"), CONTINUE_ON_FAILURE)

2019-05-21 17:32:16 - [MESSAGE][NOT_RUN] - NOT_RUN: click(findTestObject("Theme_oR/Page_Ontario Cannabis Store  Ontari/button_Hide bar"), CONTINUE_ON_FAILURE)

2019-05-21 17:32:16 - [TEST_STEP][NOT_RUN] - setViewPortSize(360, 1000, CONTINUE_ON_FAILURE): NOT_RUN: setViewPortSize(360, 1000, CONTINUE_ON_FAILURE)

2019-05-21 17:32:16 - [MESSAGE][NOT_RUN] - NOT_RUN: setViewPortSize(360, 1000, CONTINUE_ON_FAILURE)

2019-05-21 17:32:16 - [TEST_STEP][NOT_RUN] - click(findTestObject("OCS-MOBILE/Customer info page/Continue to shipping method - Button")): NOT_RUN: click(findTestObject("OCS-MOBILE/Customer info page/Continue to shipping method - Button"))

2019-05-21 17:32:16 - [MESSAGE][NOT_RUN] - NOT_RUN: click(findTestObject("OCS-MOBILE/Customer info page/Continue to shipping method - Button"))

2019-05-21 17:32:16 - [TEST_STEP][NOT_RUN] - delay(1): NOT_RUN: delay(1)

2019-05-21 17:32:16 - [MESSAGE][NOT_RUN] - NOT_RUN: delay(1)

2019-05-21 17:32:16 - [TEST_STEP][NOT_RUN] - click(findTestObject("OCS-MOBILE/Payment -page/Change link 2")): NOT_RUN: click(findTestObject("OCS-MOBILE/Payment -page/Change link 2"))

2019-05-21 17:32:16 - [MESSAGE][NOT_RUN] - NOT_RUN: click(findTestObject("OCS-MOBILE/Payment -page/Change link 2"))

2019-05-21 17:32:16 - [TEST_STEP][NOT_RUN] - delay(1): NOT_RUN: delay(1)

2019-05-21 17:32:16 - [MESSAGE][NOT_RUN] - NOT_RUN: delay(1)

2019-05-21 17:32:16 - [TEST_STEP][NOT_RUN] - delay(1): NOT_RUN: delay(1)

2019-05-21 17:32:16 - [MESSAGE][NOT_RUN] - NOT_RUN: delay(1)

2019-05-21 17:32:16 - [TEST_STEP][NOT_RUN] - setViewPortSize(1000, 1000, CONTINUE_ON_FAILURE): NOT_RUN: setViewPortSize(1000, 1000, CONTINUE_ON_FAILURE)

2019-05-21 17:32:16 - [MESSAGE][NOT_RUN] - NOT_RUN: setViewPortSize(1000, 1000, CONTINUE_ON_FAILURE)

2019-05-21 17:32:16 - [TEST_STEP][NOT_RUN] - delay(1): NOT_RUN: delay(1)

2019-05-21 17:32:16 - [MESSAGE][NOT_RUN] - NOT_RUN: delay(1)

2019-05-21 17:32:16 - [TEST_STEP][NOT_RUN] - click(findTestObject("Theme_oR/Page_Ontario Cannabis Store  Ontari/button_Hide bar"), CONTINUE_ON_FAILURE): NOT_RUN: click(findTestObject("Theme_oR/Page_Ontario Cannabis Store  Ontari/button_Hide bar"), CONTINUE_ON_FAILURE)

2019-05-21 17:32:16 - [MESSAGE][NOT_RUN] - NOT_RUN: click(findTestObject("Theme_oR/Page_Ontario Cannabis Store  Ontari/button_Hide bar"), CONTINUE_ON_FAILURE)

2019-05-21 17:32:16 - [TEST_STEP][NOT_RUN] - setViewPortSize(360, 1000, CONTINUE_ON_FAILURE): NOT_RUN: setViewPortSize(360, 1000, CONTINUE_ON_FAILURE)

2019-05-21 17:32:16 - [MESSAGE][NOT_RUN] - NOT_RUN: setViewPortSize(360, 1000, CONTINUE_ON_FAILURE)

2019-05-21 17:32:16 - [TEST_STEP][NOT_RUN] - click(findTestObject("OCS-MOBILE/Customer info page/Continue to shipping method - Button"), CONTINUE_ON_FAILURE): NOT_RUN: click(findTestObject("OCS-MOBILE/Customer info page/Continue to shipping method - Button"), CONTINUE_ON_FAILURE)

2019-05-21 17:32:16 - [MESSAGE][NOT_RUN] - NOT_RUN: click(findTestObject("OCS-MOBILE/Customer info page/Continue to shipping method - Button"), CONTINUE_ON_FAILURE)

2019-05-21 17:32:16 - [TEST_STEP][NOT_RUN] - delay(1): NOT_RUN: delay(1)

2019-05-21 17:32:16 - [MESSAGE][NOT_RUN] - NOT_RUN: delay(1)

2019-05-21 17:32:16 - [TEST_STEP][NOT_RUN] - click(findTestObject("OCS-MOBILE/Payment -page/Return to customer info")): NOT_RUN: click(findTestObject("OCS-MOBILE/Payment -page/Return to customer info"))

2019-05-21 17:32:16 - [MESSAGE][NOT_RUN] - NOT_RUN: click(findTestObject("OCS-MOBILE/Payment -page/Return to customer info"))

2019-05-21 17:32:16 - [TEST_STEP][NOT_RUN] - delay(1): NOT_RUN: delay(1)

2019-05-21 17:32:16 - [MESSAGE][NOT_RUN] - NOT_RUN: delay(1)

2019-05-21 17:32:16 - [TEST_STEP][NOT_RUN] - delay(1): NOT_RUN: delay(1)

2019-05-21 17:32:16 - [MESSAGE][NOT_RUN] - NOT_RUN: delay(1)

2019-05-21 17:32:16 - [TEST_STEP][NOT_RUN] - setViewPortSize(1000, 1000, CONTINUE_ON_FAILURE): NOT_RUN: setViewPortSize(1000, 1000, CONTINUE_ON_FAILURE)

2019-05-21 17:32:16 - [MESSAGE][NOT_RUN] - NOT_RUN: setViewPortSize(1000, 1000, CONTINUE_ON_FAILURE)

2019-05-21 17:32:16 - [TEST_STEP][NOT_RUN] - delay(1, CONTINUE_ON_FAILURE): NOT_RUN: delay(1, CONTINUE_ON_FAILURE)

2019-05-21 17:32:16 - [MESSAGE][NOT_RUN] - NOT_RUN: delay(1, CONTINUE_ON_FAILURE)

2019-05-21 17:32:16 - [TEST_STEP][NOT_RUN] - click(findTestObject("Theme_oR/Page_Ontario Cannabis Store  Ontari/button_Hide bar"), CONTINUE_ON_FAILURE): NOT_RUN: click(findTestObject("Theme_oR/Page_Ontario Cannabis Store  Ontari/button_Hide bar"), CONTINUE_ON_FAILURE)

2019-05-21 17:32:16 - [MESSAGE][NOT_RUN] - NOT_RUN: click(findTestObject("Theme_oR/Page_Ontario Cannabis Store  Ontari/button_Hide bar"), CONTINUE_ON_FAILURE)

2019-05-21 17:32:16 - [TEST_STEP][NOT_RUN] - setViewPortSize(360, 1000, CONTINUE_ON_FAILURE): NOT_RUN: setViewPortSize(360, 1000, CONTINUE_ON_FAILURE)

2019-05-21 17:32:16 - [MESSAGE][NOT_RUN] - NOT_RUN: setViewPortSize(360, 1000, CONTINUE_ON_FAILURE)

2019-05-21 17:32:16 - [TEST_STEP][NOT_RUN] - click(findTestObject("OCS-MOBILE/Customer info page/Continue to shipping method - Button")): NOT_RUN: click(findTestObject("OCS-MOBILE/Customer info page/Continue to shipping method - Button"))

2019-05-21 17:32:16 - [MESSAGE][NOT_RUN] - NOT_RUN: click(findTestObject("OCS-MOBILE/Customer info page/Continue to shipping method - Button"))

2019-05-21 17:32:16 - [TEST_STEP][PASSED] - delay(1): Delayed 1 second(s)

2019-05-21 17:32:17 - [MESSAGE][PASSED] - Delayed 1 second(s)

2019-05-21 17:32:17 - [TEST_STEP][PASSED] - click(findTestObject("OCS-MOBILE /Shipping page/Continue to payment method - Button")): Object: 'Object Repository/OCS-MOBILE /Shipping page/Continue to payment method - Button' is clicked on

2019-05-21 17:32:20 - [MESSAGE][PASSED] - Object: 'Object Repository/OCS-MOBILE /Shipping page/Continue to payment method - Button' is clicked on

2019-05-21 17:32:20 - [TEST_STEP][PASSED] - delay(1): Delayed 1 second(s)

2019-05-21 17:32:21 - [MESSAGE][PASSED] - Delayed 1 second(s)

2019-05-21 17:32:21 - [TEST_STEP][PASSED] - click(findTestObject("OCS-MOBILE /Payment -page/Change link span 1")): Object: 'Object Repository/OCS-MOBILE /Payment -page/Change link span 1' is clicked on

2019-05-21 17:32:22 - [MESSAGE][PASSED] - Object: 'Object Repository/OCS-MOBILE /Payment -page/Change link span 1' is clicked on

2019-05-21 17:32:22 - [TEST_STEP][PASSED] - delay(1): Delayed 1 second(s)

2019-05-21 17:32:23 - [MESSAGE][PASSED] - Delayed 1 second(s)

2019-05-21 17:32:23 - [TEST_STEP][PASSED] - delay(1): Delayed 1 second(s)

2019-05-21 17:32:24 - [MESSAGE][PASSED] - Delayed 1 second(s)

2019-05-21 17:32:24 - [TEST_STEP][PASSED] - setViewPortSize(1000, 1000, CONTINUE_ON_FAILURE): Viewport is set to new size with width = 1000 and height = 1000

2019-05-21 17:32:24 - [MESSAGE][PASSED] - Viewport is set to new size with width = 1000 and height = 1000

2019-05-21 17:32:24 - [TEST_STEP][PASSED] - delay(1): Delayed 1 second(s)

2019-05-21 17:32:25 - [MESSAGE][PASSED] - Delayed 1 second(s)

2019-05-21 17:32:25 - [TEST_STEP][PASSED] - click(findTestObject("Theme_oR/Page_Ontario Cannabis Store  Ontari/button_Hide bar"), CONTINUE_ON_FAILURE): Object: 'Object Repository/Theme_oR/Page_Ontario Cannabis Store  Ontari/button_Hide bar' is clicked on

2019-05-21 17:32:26 - [MESSAGE][PASSED] - Object: 'Object Repository/Theme_oR/Page_Ontario Cannabis Store  Ontari/button_Hide bar' is clicked on

2019-05-21 17:32:26 - [TEST_STEP][PASSED] - setViewPortSize(360, 1000, CONTINUE_ON_FAILURE): Viewport is set to new size with width = 360 and height = 1000

2019-05-21 17:32:26 - [MESSAGE][PASSED] - Viewport is set to new size with width = 360 and height = 1000

2019-05-21 17:32:26 - [TEST_STEP][PASSED] - click(findTestObject("OCS-MOBILE /Shipping page/Continue to payment method - Button")): Object: 'Object Repository/OCS-MOBILE /Shipping page/Continue to payment method - Button' is clicked on

2019-05-21 17:32:28 - [MESSAGE][PASSED] - Object: 'Object Repository/OCS-MOBILE /Shipping page/Continue to payment method - Button' is clicked on

2019-05-21 17:32:28 - [TEST_STEP][NOT_RUN] - delay(1): NOT_RUN: delay(1)

2019-05-21 17:32:28 - [MESSAGE][NOT_RUN] - NOT_RUN: delay(1)

2019-05-21 17:32:28 - [TEST_STEP][PASSED] - setViewPortSize(1000, 1000, CONTINUE_ON_FAILURE): Viewport is set to new size with width = 1000 and height = 1000

2019-05-21 17:32:28 - [MESSAGE][PASSED] - Viewport is set to new size with width = 1000 and height = 1000

2019-05-21 17:32:28 - [TEST_STEP][PASSED] - delay(1): Delayed 1 second(s)

2019-05-21 17:32:29 - [MESSAGE][PASSED] - Delayed 1 second(s)

2019-05-21 17:32:29 - [TEST_STEP][PASSED] - click(findTestObject("Theme_oR/Page_Ontario Cannabis Store  Ontari/button_Hide bar"), CONTINUE_ON_FAILURE): Object: 'Object Repository/Theme_oR/Page_Ontario Cannabis Store  Ontari/button_Hide bar' is clicked on

2019-05-21 17:32:29 - [MESSAGE][PASSED] - Object: 'Object Repository/Theme_oR/Page_Ontario Cannabis Store  Ontari/button_Hide bar' is clicked on

2019-05-21 17:32:29 - [TEST_STEP][PASSED] - setViewPortSize(360, 1000, CONTINUE_ON_FAILURE): Viewport is set to new size with width = 360 and height = 1000

2019-05-21 17:32:29 - [MESSAGE][PASSED] - Viewport is set to new size with width = 360 and height = 1000

2019-05-21 17:32:29 - [TEST_STEP][PASSED] - click(findTestObject("OCS-MOBILE /Shipping page/Continue to payment method - Button")): Object: 'Object Repository/OCS-MOBILE /Shipping page/Continue to payment method - Button' is clicked on

2019-05-21 17:32:31 - [MESSAGE][PASSED] - Object: 'Object Repository/OCS-MOBILE /Shipping page/Continue to payment method - Button' is clicked on

2019-05-21 17:32:31 - [TEST_STEP][PASSED] - click(findTestObject("OCS-MOBILE /Payment -page/Change link span 2")): Object: 'Object Repository/OCS-MOBILE /Payment -page/Change link span 2' is clicked on

2019-05-21 17:32:33 - [MESSAGE][PASSED] - Object: 'Object Repository/OCS-MOBILE /Payment -page/Change link span 2' is clicked on

2019-05-21 17:32:33 - [TEST_STEP][PASSED] - delay(1): Delayed 1 second(s)

2019-05-21 17:32:34 - [MESSAGE][PASSED] - Delayed 1 second(s)

2019-05-21 17:32:34 - [TEST_STEP][PASSED] - delay(1): Delayed 1 second(s)

2019-05-21 17:32:35 - [MESSAGE][PASSED] - Delayed 1 second(s)

2019-05-21 17:32:35 - [TEST_STEP][PASSED] - setViewPortSize(1000, 1000, CONTINUE_ON_FAILURE): Viewport is set to new size with width = 1000 and height = 1000

2019-05-21 17:32:35 - [MESSAGE][PASSED] - Viewport is set to new size with width = 1000 and height = 1000

2019-05-21 17:32:35 - [TEST_STEP][PASSED] - delay(1): Delayed 1 second(s)

2019-05-21 17:32:36 - [MESSAGE][PASSED] - Delayed 1 second(s)

2019-05-21 17:32:36 - [TEST_STEP][PASSED] - click(findTestObject("Theme_oR/Page_Ontario Cannabis Store  Ontari/button_Hide bar"), CONTINUE_ON_FAILURE): Object: 'Object Repository/Theme_oR/Page_Ontario Cannabis Store  Ontari/button_Hide bar' is clicked on

2019-05-21 17:32:36 - [MESSAGE][PASSED] - Object: 'Object Repository/Theme_oR/Page_Ontario Cannabis Store  Ontari/button_Hide bar' is clicked on

2019-05-21 17:32:36 - [TEST_STEP][PASSED] - setViewPortSize(360, 1000, CONTINUE_ON_FAILURE): Viewport is set to new size with width = 360 and height = 1000

2019-05-21 17:32:36 - [MESSAGE][PASSED] - Viewport is set to new size with width = 360 and height = 1000

2019-05-21 17:32:36 - [TEST_STEP][PASSED] - delay(1): Delayed 1 second(s)

2019-05-21 17:32:37 - [MESSAGE][PASSED] - Delayed 1 second(s)

2019-05-21 17:32:37 - [TEST_STEP][PASSED] - click(findTestObject("OCS-MOBILE /Shipping page/Continue to payment method - Button")): Object: 'Object Repository/OCS-MOBILE /Shipping page/Continue to payment method - Button' is clicked on

2019-05-21 17:32:39 - [MESSAGE][PASSED] - Object: 'Object Repository/OCS-MOBILE /Shipping page/Continue to payment method - Button' is clicked on]]></system-out>
         <system-err><![CDATA[]]></system-err>
      </testcase>
      <system-out><![CDATA[2019-05-21 17:19:02 - [TEST_SUITE][FAILED] - CRITICAL PATH - 21- 05-19: Test Cases/OCS - MOBILE/OCS- CRITICAL PATH/Checkout - Shipping FAILED.
Reason:
com.kms.katalon.core.exception.StepFailedException: Unable to select option by value  using regular expression (Root cause: java.lang.IllegalArgumentException: Object is null)
	at com.kms.katalon.core.keyword.internal.KeywordMain.stepFailed(KeywordMain.groovy:36)
	at com.kms.katalon.core.webui.keyword.internal.WebUIKeywordMain.stepFailed(WebUIKeywordMain.groovy:65)
	at com.kms.katalon.core.webui.keyword.internal.WebUIKeywordMain.runKeyword(WebUIKeywordMain.groovy:27)
	at com.kms.katalon.core.webui.keyword.builtin.SelectOptionByValueKeyword.selectOptionByValue(SelectOptionByValueKeyword.groovy:99)
	at com.kms.katalon.core.webui.keyword.builtin.SelectOptionByValueKeyword.execute(SelectOptionByValueKeyword.groovy:71)
	at com.kms.katalon.core.keyword.internal.KeywordExecutor.executeKeywordForPlatform(KeywordExecutor.groovy:53)
	at com.kms.katalon.core.webui.keyword.WebUiBuiltInKeywords.selectOptionByValue(WebUiBuiltInKeywords.groovy:1138)
	at com.kms.katalon.core.webui.keyword.WebUiBuiltInKeywords$selectOptionByValue$2.call(Unknown Source)
	at Checkout - Shipping.run(Checkout - Shipping:26)
	at com.kms.katalon.core.main.ScriptEngine.run(ScriptEngine.java:194)
	at com.kms.katalon.core.main.ScriptEngine.runScriptAsRawText(ScriptEngine.java:119)
	at com.kms.katalon.core.main.TestCaseExecutor.runScript(TestCaseExecutor.java:328)
	at com.kms.katalon.core.main.TestCaseExecutor.doExecute(TestCaseExecutor.java:319)
	at com.kms.katalon.core.main.TestCaseExecutor.processExecutionPhase(TestCaseExecutor.java:298)
	at com.kms.katalon.core.main.TestCaseExecutor.accessMainPhase(TestCaseExecutor.java:290)
	at com.kms.katalon.core.main.TestCaseExecutor.execute(TestCaseExecutor.java:224)
	at com.kms.katalon.core.main.TestSuiteExecutor.accessTestCaseMainPhase(TestSuiteExecutor.java:129)
	at com.kms.katalon.core.main.TestSuiteExecutor.accessTestSuiteMainPhase(TestSuiteExecutor.java:112)
	at com.kms.katalon.core.main.TestSuiteExecutor.execute(TestSuiteExecutor.java:81)
	at com.kms.katalon.core.main.TestCaseMain.startTestSuite(TestCaseMain.java:149)
	at com.kms.katalon.core.main.TestCaseMain$startTestSuite$0.call(Unknown Source)
	at TempTestSuite1558473540866.run(TempTestSuite1558473540866.groovy:36)]]></system-out>
      <system-err><![CDATA[2019-05-21 17:19:02 - [TEST_SUITE][FAILED] - CRITICAL PATH - 21- 05-19: Test Cases/OCS - MOBILE/OCS- CRITICAL PATH/Checkout - Shipping FAILED.
Reason:
com.kms.katalon.core.exception.StepFailedException: Unable to select option by value  using regular expression (Root cause: java.lang.IllegalArgumentException: Object is null)
	at com.kms.katalon.core.keyword.internal.KeywordMain.stepFailed(KeywordMain.groovy:36)
	at com.kms.katalon.core.webui.keyword.internal.WebUIKeywordMain.stepFailed(WebUIKeywordMain.groovy:65)
	at com.kms.katalon.core.webui.keyword.internal.WebUIKeywordMain.runKeyword(WebUIKeywordMain.groovy:27)
	at com.kms.katalon.core.webui.keyword.builtin.SelectOptionByValueKeyword.selectOptionByValue(SelectOptionByValueKeyword.groovy:99)
	at com.kms.katalon.core.webui.keyword.builtin.SelectOptionByValueKeyword.execute(SelectOptionByValueKeyword.groovy:71)
	at com.kms.katalon.core.keyword.internal.KeywordExecutor.executeKeywordForPlatform(KeywordExecutor.groovy:53)
	at com.kms.katalon.core.webui.keyword.WebUiBuiltInKeywords.selectOptionByValue(WebUiBuiltInKeywords.groovy:1138)
	at com.kms.katalon.core.webui.keyword.WebUiBuiltInKeywords$selectOptionByValue$2.call(Unknown Source)
	at Checkout - Shipping.run(Checkout - Shipping:26)
	at com.kms.katalon.core.main.ScriptEngine.run(ScriptEngine.java:194)
	at com.kms.katalon.core.main.ScriptEngine.runScriptAsRawText(ScriptEngine.java:119)
	at com.kms.katalon.core.main.TestCaseExecutor.runScript(TestCaseExecutor.java:328)
	at com.kms.katalon.core.main.TestCaseExecutor.doExecute(TestCaseExecutor.java:319)
	at com.kms.katalon.core.main.TestCaseExecutor.processExecutionPhase(TestCaseExecutor.java:298)
	at com.kms.katalon.core.main.TestCaseExecutor.accessMainPhase(TestCaseExecutor.java:290)
	at com.kms.katalon.core.main.TestCaseExecutor.execute(TestCaseExecutor.java:224)
	at com.kms.katalon.core.main.TestSuiteExecutor.accessTestCaseMainPhase(TestSuiteExecutor.java:129)
	at com.kms.katalon.core.main.TestSuiteExecutor.accessTestSuiteMainPhase(TestSuiteExecutor.java:112)
	at com.kms.katalon.core.main.TestSuiteExecutor.execute(TestSuiteExecutor.java:81)
	at com.kms.katalon.core.main.TestCaseMain.startTestSuite(TestCaseMain.java:149)
	at com.kms.katalon.core.main.TestCaseMain$startTestSuite$0.call(Unknown Source)
	at TempTestSuite1558473540866.run(TempTestSuite1558473540866.groovy:36)]]></system-err>
   </testsuite>
</testsuites>
